Hash Join  (cost=190265.63..232514.92 rows=265581 width=0) (actual time=4123.045..5671.544 rows=1314659 loops=1)
  Hash Cond: (mi_idx.movie_id = t.id)
  ->  Seq Scan on movie_info_idx mi_idx  (cost=0.00..21735.35 rows=1380035 width=4) (actual time=0.016..483.064 rows=1380035 loops=1)
  ->  Hash  (cost=182282.09..182282.09 rows=486603 width=8) (actual time=4122.059..4122.059 rows=695607 loops=1)
        Buckets: 131072 (originally 131072)  Batches: 16 (originally 8)  Memory Usage: 3073kB
        ->  Hash Join  (cost=102767.86..182282.09 rows=486603 width=8) (actual time=2142.552..3911.284 rows=695607 loops=1)
              Hash Cond: (mc.movie_id = t.id)
              ->  Seq Scan on movie_companies mc  (cost=0.00..57926.93 rows=486603 width=4) (actual time=262.034..1037.894 rows=695607 loops=1)
                    Filter: ((company_id < 4625) AND (company_type_id = 1))
                    Rows Removed by Filter: 1913522
              ->  Hash  (cost=61283.27..61283.27 rows=2528527 width=4) (actual time=1879.087..1879.087 rows=2528312 loops=1)
                    Buckets: 131072  Batches: 64  Memory Usage: 2415kB
                    ->  Seq Scan on title t  (cost=0.00..61283.27 rows=2528527 width=4) (actual time=0.023..1026.587 rows=2528312 loops=1)
Planning time: 1.127 ms
Execution time: 5814.971 ms
