Hash Join  (cost=130062.66..217481.15 rows=76046 width=0) (actual time=2555.616..4392.057 rows=38848 loops=1)
  Hash Cond: (mk.movie_id = t.id)
  ->  Seq Scan on movie_keyword mk  (cost=0.00..69693.30 rows=4523930 width=4) (actual time=0.017..1023.863 rows=4523930 loops=1)
  ->  Hash  (cost=129531.36..129531.36 rows=42504 width=8) (actual time=2553.849..2553.849 rows=14427 loops=1)
        Buckets: 65536  Batches: 1  Memory Usage: 1076kB
        ->  Hash Join  (cost=74440.79..129531.36 rows=42504 width=8) (actual time=1573.677..2547.798 rows=14427 loops=1)
              Hash Cond: (mc.movie_id = t.id)
              ->  Seq Scan on movie_companies mc  (cost=0.00..44881.29 rows=2609129 width=4) (actual time=0.012..670.375 rows=2609129 loops=1)
              ->  Hash  (cost=73925.90..73925.90 rows=41191 width=4) (actual time=1205.037..1205.037 rows=43851 loops=1)
                    Buckets: 65536  Batches: 1  Memory Usage: 2054kB
                    ->  Seq Scan on title t  (cost=0.00..73925.90 rows=41191 width=4) (actual time=0.029..1185.022 rows=43851 loops=1)
                          Filter: ((kind_id = 7) AND (production_year = 2003))
                          Rows Removed by Filter: 2484461
Planning time: 1.122 ms
Execution time: 4396.954 ms
