Hash Join  (cost=76600.09..158496.33 rows=1351 width=0) (actual time=1617.127..2855.965 rows=5554 loops=1)
  Hash Cond: (mk.movie_id = t.id)
  ->  Seq Scan on movie_keyword mk  (cost=0.00..81003.12 rows=20961 width=4) (actual time=0.127..1185.212 rows=19528 loops=1)
        Filter: (keyword_id = 137)
        Rows Removed by Filter: 4504402
  ->  Hash  (cost=73925.90..73925.90 rows=162975 width=4) (actual time=1615.333..1615.333 rows=264037 loops=1)
        Buckets: 131072  Batches: 4  Memory Usage: 3354kB
        ->  Seq Scan on title t  (cost=0.00..73925.90 rows=162975 width=4) (actual time=0.129..1244.354 rows=264037 loops=1)
              Filter: ((kind_id < 7) AND (production_year < 1973))
              Rows Removed by Filter: 2264275
Planning time: 0.715 ms
Execution time: 2857.196 ms
