Hash Join  (cost=156487.41..1229243.69 rows=3743895 width=0) (actual time=5820.397..63353.081 rows=6829005 loops=1)
  Hash Cond: (ci.movie_id = t.id)
  ->  Seq Scan on cast_info ci  (cost=0.00..796071.18 rows=20535773 width=4) (actual time=0.014..43481.958 rows=19715396 loops=1)
        Filter: ((person_id > 994097) AND (role_id < 8))
        Rows Removed by Filter: 16528948
  ->  Hash  (cost=148924.19..148924.19 rows=460978 width=8) (actual time=5819.572..5819.572 rows=459925 loops=1)
        Buckets: 131072  Batches: 8  Memory Usage: 3275kB
        ->  Hash Join  (cost=102767.86..148924.19 rows=460978 width=8) (actual time=3735.805..5688.612 rows=459925 loops=1)
              Hash Cond: (mi_idx.movie_id = t.id)
              ->  Seq Scan on movie_info_idx mi_idx  (cost=0.00..25185.44 rows=460978 width=4) (actual time=0.017..1149.781 rows=459925 loops=1)
                    Filter: (info_type_id < 100)
                    Rows Removed by Filter: 920110
              ->  Hash  (cost=61283.27..61283.27 rows=2528527 width=4) (actual time=3734.858..3734.858 rows=2528312 loops=1)
                    Buckets: 131072  Batches: 64  Memory Usage: 2415kB
                    ->  Seq Scan on title t  (cost=0.00..61283.27 rows=2528527 width=4) (actual time=0.016..2809.058 rows=2528312 loops=1)
Planning time: 1.202 ms
Execution time: 64300.180 ms
