Seq Scan on movie_companies mc  (cost=0.00..57926.93 rows=907245 width=0) (actual time=123.569..1106.122 rows=1095928 loops=1)
  Filter: ((company_id > 1972) AND (company_type_id > 1))
  Rows Removed by Filter: 1513201
Planning time: 0.261 ms
Execution time: 1238.236 ms
