Hash Join  (cost=83074.74..833899.15 rows=3524 width=0) (actual time=3408.798..36416.661 rows=5865 loops=1)
  Hash Cond: (ci.movie_id = t.id)
  ->  Seq Scan on cast_info ci  (cost=0.00..614943.12 rows=36225612 width=4) (actual time=0.022..25227.585 rows=36244344 loops=1)
  ->  Hash  (cost=83071.67..83071.67 rows=246 width=8) (actual time=3348.434..3348.434 rows=116 loops=1)
        Buckets: 1024  Batches: 1  Memory Usage: 13kB
        ->  Nested Loop  (cost=0.43..83071.67 rows=246 width=8) (actual time=52.587..3348.219 rows=116 loops=1)
              ->  Seq Scan on movie_keyword mk  (cost=0.00..81003.12 rows=246 width=4) (actual time=52.498..3330.372 rows=116 loops=1)
                    Filter: (keyword_id = 14167)
                    Rows Removed by Filter: 4523814
              ->  Index Only Scan using title_pkey on title t  (cost=0.43..8.40 rows=1 width=4) (actual time=0.147..0.148 rows=1 loops=116)
                    Index Cond: (id = mk.movie_id)
                    Heap Fetches: 116
Planning time: 17.576 ms
Execution time: 36419.729 ms
