Hash Join  (cost=165706.71..924723.88 rows=822798 width=0) (actual time=7898.036..50796.449 rows=3011971 loops=1)
  Hash Cond: (ci.movie_id = t.id)
  ->  Seq Scan on cast_info ci  (cost=0.00..614943.12 rows=36225612 width=4) (actual time=0.013..29960.078 rows=36244344 loops=1)
  ->  Hash  (cost=164988.83..164988.83 rows=57431 width=8) (actual time=7897.607..7897.607 rows=52694 loops=1)
        Buckets: 65536  Batches: 1  Memory Usage: 2571kB
        ->  Hash Join  (cost=69687.24..164988.83 rows=57431 width=8) (actual time=3390.657..7878.906 rows=52694 loops=1)
              Hash Cond: (mk.movie_id = t.id)
              ->  Seq Scan on movie_keyword mk  (cost=0.00..81003.12 rows=1144041 width=4) (actual time=0.024..3962.065 rows=1154246 loops=1)
                    Filter: (keyword_id > 16151)
                    Rows Removed by Filter: 3369684
              ->  Hash  (cost=67604.59..67604.59 rows=126932 width=4) (actual time=3388.863..3388.863 rows=122861 loops=1)
                    Buckets: 131072  Batches: 2  Memory Usage: 3197kB
                    ->  Seq Scan on title t  (cost=0.00..67604.59 rows=126932 width=4) (actual time=0.022..3335.770 rows=122861 loops=1)
                          Filter: (production_year = 2008)
                          Rows Removed by Filter: 2405451
Planning time: 1.088 ms
Execution time: 51250.928 ms
