Hash Join  (cost=216694.07..587827.22 rows=573533 width=0) (actual time=5509.124..11557.751 rows=1312794 loops=1)
  Hash Cond: (mi.movie_id = t.id)
  ->  Seq Scan on movie_info mi  (cost=0.00..346232.03 rows=1272478 width=4) (actual time=702.724..5452.289 rows=1325361 loops=1)
        Filter: (info_type_id = 8)
        Rows Removed by Filter: 13510359
  ->  Hash  (cost=197996.30..197996.30 rows=1139662 width=8) (actual time=4805.495..4805.495 rows=1274246 loops=1)
        Buckets: 131072 (originally 131072)  Batches: 32 (originally 16)  Memory Usage: 3073kB
        ->  Hash Join  (cost=102767.86..197996.30 rows=1139662 width=8) (actual time=1909.335..4445.694 rows=1274246 loops=1)
              Hash Cond: (mc.movie_id = t.id)
              ->  Seq Scan on movie_companies mc  (cost=0.00..57926.93 rows=1139662 width=4) (actual time=0.025..1142.188 rows=1274246 loops=1)
                    Filter: ((company_id < 95132) AND (company_type_id = 1))
                    Rows Removed by Filter: 1334883
              ->  Hash  (cost=61283.27..61283.27 rows=2528527 width=4) (actual time=1908.091..1908.091 rows=2528312 loops=1)
                    Buckets: 131072  Batches: 64  Memory Usage: 2415kB
                    ->  Seq Scan on title t  (cost=0.00..61283.27 rows=2528527 width=4) (actual time=0.015..1051.881 rows=2528312 loops=1)
Planning time: 1.110 ms
Execution time: 11711.633 ms
