Hash Join  (cost=255376.18..367682.60 rows=664284 width=184) (actual time=5349.572..8914.338 rows=1988901 loops=1)
  Hash Cond: (mc.movie_id = t.id)
  ->  Seq Scan on movie_companies mc  (cost=0.00..51404.11 rows=1827590 width=40) (actual time=0.012..992.100 rows=1821343 loops=1)
        Filter: (company_id < 31775)
        Rows Removed by Filter: 787786
  ->  Hash  (cost=225039.97..225039.97 rows=919057 width=144) (actual time=5347.981..5347.981 rows=920110 loops=1)
        Buckets: 32768  Batches: 64  Memory Usage: 2113kB
        ->  Hash Join  (cost=129928.86..225039.97 rows=919057 width=144) (actual time=2355.455..4755.729 rows=920110 loops=1)
              Hash Cond: (mi_idx.movie_id = t.id)
              ->  Seq Scan on movie_info_idx mi_idx  (cost=0.00..25185.44 rows=919057 width=50) (actual time=0.022..533.026 rows=920110 loops=1)
                    Filter: (info_type_id > 99)
                    Rows Removed by Filter: 459925
              ->  Hash  (cost=61283.27..61283.27 rows=2528527 width=94) (actual time=2355.033..2355.033 rows=2528312 loops=1)
                    Buckets: 32768  Batches: 128  Memory Usage: 2453kB
                    ->  Seq Scan on title t  (cost=0.00..61283.27 rows=2528527 width=94) (actual time=0.010..1099.202 rows=2528312 loops=1)
Planning time: 1.476 ms
Execution time: 9022.275 ms
