Hash Join  (cost=102767.86..200953.90 rows=303564 width=0) (actual time=2209.099..4055.889 rows=299815 loops=1)
  Hash Cond: (mk.movie_id = t.id)
  ->  Seq Scan on movie_keyword mk  (cost=0.00..81003.12 rows=303564 width=4) (actual time=0.022..1219.846 rows=299815 loops=1)
        Filter: (keyword_id > 53924)
        Rows Removed by Filter: 4224115
  ->  Hash  (cost=61283.27..61283.27 rows=2528527 width=4) (actual time=2207.979..2207.979 rows=2528312 loops=1)
        Buckets: 131072  Batches: 64  Memory Usage: 2425kB
        ->  Seq Scan on title t  (cost=0.00..61283.27 rows=2528527 width=4) (actual time=0.020..1066.524 rows=2528312 loops=1)
Planning time: 1.461 ms
Execution time: 4090.212 ms
