Seq Scan on cast_info ci  (cost=0.00..705507.15 rows=13122082 width=0) (actual time=4.663..12468.583 rows=13076192 loops=1)
  Filter: (person_id < 1291424)
  Rows Removed by Filter: 23168152
Planning time: 0.331 ms
Execution time: 14078.168 ms
