Seq Scan on cast_info ci  (cost=0.00..796071.18 rows=435 width=0) (actual time=321.955..14762.907 rows=3 loops=1)
  Filter: ((role_id < 10) AND (person_id = 135516))
  Rows Removed by Filter: 36244341
Planning time: 0.274 ms
Execution time: 14763.043 ms
