Seq Scan on movie_keyword mk  (cost=0.00..81003.12 rows=8143 width=0) (actual time=0.262..1353.367 rows=8397 loops=1)
  Filter: (keyword_id = 348)
  Rows Removed by Filter: 4515533
Planning time: 0.482 ms
Execution time: 1355.280 ms
