Seq Scan on movie_companies mc  (cost=0.00..51404.11 rows=2310598 width=0) (actual time=0.025..1019.131 rows=2316252 loops=1)
  Filter: (company_id > 159)
  Rows Removed by Filter: 292877
Planning time: 0.313 ms
Execution time: 1303.447 ms
