Hash Join  (cost=799707.63..892595.21 rows=545 width=0) (actual time=14894.752..16890.801 rows=113 loops=1)
  Hash Cond: (mk.movie_id = t.id)
  ->  Seq Scan on movie_keyword mk  (cost=0.00..81003.12 rows=3167734 width=4) (actual time=0.027..1555.894 rows=3156837 loops=1)
        Filter: (keyword_id < 12218)
        Rows Removed by Filter: 1367093
  ->  Hash  (cost=799702.19..799702.19 rows=435 width=8) (actual time=14893.676..14893.676 rows=23 loops=1)
        Buckets: 1024  Batches: 1  Memory Usage: 9kB
        ->  Nested Loop  (cost=0.43..799702.19 rows=435 width=8) (actual time=8053.190..14893.618 rows=23 loops=1)
              ->  Seq Scan on cast_info ci  (cost=0.00..796071.18 rows=435 width=4) (actual time=8053.020..14892.823 rows=23 loops=1)
                    Filter: ((role_id < 10) AND (person_id = 181035))
                    Rows Removed by Filter: 36244321
              ->  Index Only Scan using title_pkey on title t  (cost=0.43..8.34 rows=1 width=4) (actual time=0.028..0.029 rows=1 loops=23)
                    Index Cond: (id = ci.movie_id)
                    Heap Fetches: 23
Planning time: 4.208 ms
Execution time: 16890.921 ms
