Hash Join  (cost=798789.81..893489.23 rows=183 width=0) (actual time=14003.254..15271.290 rows=9 loops=1)
  Hash Cond: (mk.movie_id = t.id)
  ->  Seq Scan on movie_keyword mk  (cost=0.00..81003.12 rows=3651857 width=4) (actual time=0.023..1543.526 rows=3645663 loops=1)
        Filter: (keyword_id > 831)
        Rows Removed by Filter: 878267
  ->  Hash  (cost=798788.22..798788.22 rows=127 width=8) (actual time=13220.648..13220.648 rows=3 loops=1)
        Buckets: 1024  Batches: 1  Memory Usage: 9kB
        ->  Nested Loop  (cost=0.43..798788.22 rows=127 width=8) (actual time=1251.458..13220.630 rows=3 loops=1)
              ->  Seq Scan on cast_info ci  (cost=0.00..796071.18 rows=324 width=4) (actual time=1251.391..13220.451 rows=3 loops=1)
                    Filter: ((role_id > 1) AND (person_id = 3031))
                    Rows Removed by Filter: 36244341
              ->  Index Scan using title_pkey on title t  (cost=0.43..8.38 rows=1 width=4) (actual time=0.041..0.042 rows=1 loops=3)
                    Index Cond: (id = ci.movie_id)
                    Filter: (kind_id < 7)
Planning time: 1.159 ms
Execution time: 15271.411 ms
