Seq Scan on movie_companies mc  (cost=0.00..57926.93 rows=53 width=0) (actual time=3.920..948.111 rows=234 loops=1)
  Filter: ((company_type_id > 1) AND (company_id = 3075))
  Rows Removed by Filter: 2608895
Planning time: 0.380 ms
Execution time: 948.284 ms
