Hash Join  (cost=172794.23..1579605.62 rows=1693323 width=176) (actual time=3308.270..34400.252 rows=2638903 loops=1)
  Hash Cond: (ci.movie_id = t.id)
  ->  Seq Scan on cast_info ci  (cost=0.00..614943.12 rows=36225612 width=42) (actual time=0.020..8907.690 rows=36244344 loops=1)
  ->  Hash  (cost=169007.82..169007.82 rows=118193 width=134) (actual time=3307.847..3307.847 rows=159504 loops=1)
        Buckets: 32768  Batches: 8  Memory Usage: 3083kB
        ->  Hash Join  (cost=70714.36..169007.82 rows=118193 width=134) (actual time=1041.981..3190.994 rows=159504 loops=1)
              Hash Cond: (mc.movie_id = t.id)
              ->  Seq Scan on movie_companies mc  (cost=0.00..44881.29 rows=2609129 width=40) (actual time=0.013..672.092 rows=2609129 loops=1)
              ->  Hash  (cost=67604.59..67604.59 rows=114542 width=94) (actual time=1040.932..1040.932 rows=118234 loops=1)
                    Buckets: 32768  Batches: 4  Memory Usage: 3561kB
                    ->  Seq Scan on title t  (cost=0.00..67604.59 rows=114542 width=94) (actual time=199.122..997.137 rows=118234 loops=1)
                          Filter: (kind_id = 4)
                          Rows Removed by Filter: 2410078
Planning time: 1.437 ms
Execution time: 34557.003 ms
