Hash Join  (cost=456106.20..534130.84 rows=215812 width=0) (actual time=7823.565..9239.777 rows=11221 loops=1)
  Hash Cond: (mc.movie_id = t.id)
  ->  Seq Scan on movie_companies mc  (cost=0.00..44881.29 rows=2609129 width=4) (actual time=0.012..891.735 rows=2609129 loops=1)
  ->  Hash  (cost=452674.89..452674.89 rows=209145 width=8) (actual time=7359.572..7359.572 rows=4168 loops=1)
        Buckets: 131072  Batches: 4  Memory Usage: 1062kB
        ->  Hash Join  (cost=94574.69..452674.89 rows=209145 width=8) (actual time=6414.865..7357.318 rows=4168 loops=1)
              Hash Cond: (mi.movie_id = t.id)
              ->  Seq Scan on movie_info mi  (cost=0.00..346232.03 rows=420192 width=4) (actual time=4551.426..5220.373 rows=465636 loops=1)
                    Filter: (info_type_id > 103)
                    Rows Removed by Filter: 14370084
              ->  Hash  (cost=73925.90..73925.90 rows=1258543 width=4) (actual time=1719.439..1719.439 rows=1221534 loops=1)
                    Buckets: 131072  Batches: 32  Memory Usage: 2369kB
                    ->  Seq Scan on title t  (cost=0.00..73925.90 rows=1258543 width=4) (actual time=250.020..1308.577 rows=1221534 loops=1)
                          Filter: ((production_year < 2011) AND (kind_id = 7))
                          Rows Removed by Filter: 1306778
Planning time: 5.334 ms
Execution time: 9241.470 ms
