Seq Scan on title t  (cost=0.00..73925.90 rows=19147 width=0) (actual time=0.043..1165.646 rows=17623 loops=1)
  Filter: ((production_year > 2009) AND (kind_id = 2))
  Rows Removed by Filter: 2510689
Planning time: 0.353 ms
Execution time: 1169.085 ms
