Hash Join  (cost=652212.36..2397311.50 rows=47201591 width=0) (actual time=20319.140..116221.725 rows=247088670 loops=1)
  Hash Cond: (ci.movie_id = t.id)
  ->  Seq Scan on cast_info ci  (cost=0.00..614943.12 rows=36225612 width=4) (actual time=0.008..13644.343 rows=36244344 loops=1)
  ->  Hash  (cost=598159.31..598159.31 rows=3294644 width=8) (actual time=20315.462..20315.462 rows=7328305 loops=1)
        Buckets: 131072 (originally 131072)  Batches: 128 (originally 64)  Memory Usage: 3258kB
        ->  Hash Join  (cost=83198.94..598159.31 rows=3294644 width=8) (actual time=1851.735..17700.076 rows=7328305 loops=1)
              Hash Cond: (mi.movie_id = t.id)
              ->  Seq Scan on movie_info mi  (cost=0.00..309384.22 rows=14739122 width=4) (actual time=0.026..5679.330 rows=14835720 loops=1)
              ->  Hash  (cost=73925.90..73925.90 rows=565203 width=4) (actual time=1850.794..1850.794 rows=641785 loops=1)
                    Buckets: 131072  Batches: 8  Memory Usage: 3871kB
                    ->  Seq Scan on title t  (cost=0.00..73925.90 rows=565203 width=4) (actual time=0.023..1203.756 rows=641785 loops=1)
                          Filter: ((kind_id < 7) AND (production_year < 2006))
                          Rows Removed by Filter: 1886527
Planning time: 2.698 ms
Execution time: 143195.370 ms
