Seq Scan on cast_info ci  (cost=0.00..796071.18 rows=371683 width=0) (actual time=3345.800..11110.530 rows=228 loops=1)
  Filter: ((person_id < 176320) AND (role_id = 2))
  Rows Removed by Filter: 36244116
Planning time: 0.377 ms
Execution time: 11110.689 ms
