Hash Join  (cost=77134.53..154966.09 rows=201804 width=0) (actual time=1643.875..3928.191 rows=620708 loops=1)
  Hash Cond: (mc.movie_id = t.id)
  ->  Seq Scan on movie_companies mc  (cost=0.00..44881.29 rows=2609129 width=4) (actual time=0.019..940.178 rows=2609129 loops=1)
  ->  Hash  (cost=73925.90..73925.90 rows=195570 width=4) (actual time=1643.185..1643.185 rows=300646 loops=1)
        Buckets: 131072  Batches: 4  Memory Usage: 3670kB
        ->  Seq Scan on title t  (cost=0.00..73925.90 rows=195570 width=4) (actual time=0.035..1254.965 rows=300646 loops=1)
              Filter: ((kind_id < 7) AND (production_year < 1979))
              Rows Removed by Filter: 2227666
Planning time: 0.689 ms
Execution time: 4004.379 ms
