Hash Join  (cost=92883.59..1187219.41 rows=9419356 width=0) (actual time=1739.649..30003.023 rows=9317376 loops=1)
  Hash Cond: (ci.movie_id = t.id)
  ->  Seq Scan on cast_info ci  (cost=0.00..796071.18 rows=15457617 width=4) (actual time=0.023..17850.423 rows=15670498 loops=1)
        Filter: ((person_id > 158443) AND (role_id > 2))
        Rows Removed by Filter: 20573846
  ->  Hash  (cost=67604.59..67604.59 rows=1540800 width=4) (actual time=1738.599..1738.599 rows=1543264 loops=1)
        Buckets: 131072  Batches: 32  Memory Usage: 2722kB
        ->  Seq Scan on title t  (cost=0.00..67604.59 rows=1540800 width=4) (actual time=0.022..1231.234 rows=1543264 loops=1)
              Filter: (kind_id = 7)
              Rows Removed by Filter: 985048
Planning time: 0.793 ms
Execution time: 30994.661 ms
