Hash Join  (cost=165540.60..514911.39 rows=10213 width=0) (actual time=3249.183..8440.905 rows=3506 loops=1)
  Hash Cond: (mi.movie_id = t.id)
  ->  Seq Scan on movie_info mi  (cost=0.00..346232.03 rows=809768 width=4) (actual time=373.517..5421.278 rows=802140 loops=1)
        Filter: (info_type_id < 2)
        Rows Removed by Filter: 14033580
  ->  Hash  (cost=165141.98..165141.98 rows=31890 width=8) (actual time=2873.693..2873.693 rows=8076 loops=1)
        Buckets: 32768  Batches: 1  Memory Usage: 572kB
        ->  Hash Join  (cost=74323.94..165141.98 rows=31890 width=8) (actual time=2026.952..2871.500 rows=8076 loops=1)
              Hash Cond: (mk.movie_id = t.id)
              ->  Seq Scan on movie_keyword mk  (cost=0.00..81003.12 rows=2532270 width=4) (actual time=0.056..1252.097 rows=2524643 loops=1)
                    Filter: (keyword_id > 3534)
                    Rows Removed by Filter: 1999287
              ->  Hash  (cost=73925.90..73925.90 rows=31843 width=4) (actual time=1260.181..1260.181 rows=35656 loops=1)
                    Buckets: 65536 (originally 32768)  Batches: 1 (originally 1)  Memory Usage: 1766kB
                    ->  Seq Scan on title t  (cost=0.00..73925.90 rows=31843 width=4) (actual time=0.038..1243.620 rows=35656 loops=1)
                          Filter: ((kind_id = 7) AND (production_year = 2000))
                          Rows Removed by Filter: 2492656
Planning time: 5.755 ms
Execution time: 8441.658 ms
