Hash Join  (cost=58375.85..85286.62 rows=29 width=0) (actual time=807.951..1341.999 rows=126 loops=1)
  Hash Cond: (mi_idx.movie_id = t.id)
  ->  Seq Scan on movie_info_idx mi_idx  (cost=0.00..21735.35 rows=1380035 width=4) (actual time=0.017..308.861 rows=1380035 loops=1)
  ->  Hash  (cost=58375.18..58375.18 rows=53 width=8) (actual time=784.747..784.747 rows=98 loops=1)
        Buckets: 1024  Batches: 1  Memory Usage: 12kB
        ->  Nested Loop  (cost=0.43..58375.18 rows=53 width=8) (actual time=1.910..784.668 rows=98 loops=1)
              ->  Seq Scan on movie_companies mc  (cost=0.00..57926.93 rows=53 width=4) (actual time=1.833..779.677 rows=98 loops=1)
                    Filter: ((company_id = 47000) AND (company_type_id = 2))
                    Rows Removed by Filter: 2609031
              ->  Index Only Scan using title_pkey on title t  (cost=0.43..8.45 rows=1 width=4) (actual time=0.048..0.049 rows=1 loops=98)
                    Index Cond: (id = mc.movie_id)
                    Heap Fetches: 98
Planning time: 1.306 ms
Execution time: 1342.123 ms
