Hash Join  (cost=129338.25..511213.70 rows=10726 width=0) (actual time=3032.039..10011.773 rows=31623 loops=1)
  Hash Cond: (mi.movie_id = t.id)
  ->  Seq Scan on movie_info mi  (cost=0.00..346232.03 rows=9476311 width=4) (actual time=593.718..6169.847 rows=9565151 loops=1)
        Filter: (info_type_id < 16)
        Rows Removed by Filter: 5270569
  ->  Hash  (cost=129302.48..129302.48 rows=2862 width=8) (actual time=2343.406..2343.406 rows=3001 loops=1)
        Buckets: 4096  Batches: 1  Memory Usage: 150kB
        ->  Hash Join  (cost=67697.55..129302.48 rows=2862 width=8) (actual time=1719.539..2342.040 rows=3001 loops=1)
              Hash Cond: (mc.movie_id = t.id)
              ->  Seq Scan on movie_companies mc  (cost=0.00..57926.93 rows=973166 width=4) (actual time=413.347..1106.086 rows=1261762 loops=1)
                    Filter: ((company_id < 60047) AND (company_type_id < 2))
                    Rows Removed by Filter: 1347367
              ->  Hash  (cost=67604.59..67604.59 rows=7437 width=4) (actual time=1037.210..1037.210 rows=3417 loops=1)
                    Buckets: 8192  Batches: 1  Memory Usage: 185kB
                    ->  Seq Scan on title t  (cost=0.00..67604.59 rows=7437 width=4) (actual time=0.073..1035.552 rows=3417 loops=1)
                          Filter: (production_year = 1909)
                          Rows Removed by Filter: 2524895
Planning time: 1.146 ms
Execution time: 10017.031 ms
