Hash Join  (cost=74118.09..172046.09 rows=27006 width=0) (actual time=1128.456..3418.460 rows=60500 loops=1)
  Hash Cond: (mk.movie_id = t.id)
  ->  Seq Scan on movie_keyword mk  (cost=0.00..81003.12 rows=4441283 width=4) (actual time=0.024..1596.095 rows=4442911 loops=1)
        Filter: (keyword_id < 87495)
        Rows Removed by Filter: 81019
  ->  Hash  (cost=73925.90..73925.90 rows=15375 width=4) (actual time=1127.751..1127.751 rows=8740 loops=1)
        Buckets: 16384  Batches: 1  Memory Usage: 436kB
        ->  Seq Scan on title t  (cost=0.00..73925.90 rows=15375 width=4) (actual time=245.042..1123.665 rows=8740 loops=1)
              Filter: ((kind_id = 1) AND (production_year = 2001))
              Rows Removed by Filter: 2519572
Planning time: 0.690 ms
Execution time: 3426.359 ms
