Seq Scan on movie_keyword mk  (cost=0.00..81003.12 rows=296270 width=0) (actual time=0.021..1406.027 rows=293284 loops=1)
  Filter: (keyword_id > 54976)
  Rows Removed by Filter: 4230646
Planning time: 0.327 ms
Execution time: 1444.172 ms
