Seq Scan on title t  (cost=0.00..73925.90 rows=5474 width=0) (actual time=0.068..1234.723 rows=13598 loops=1)
  Filter: ((kind_id > 1) AND (production_year = 1985))
  Rows Removed by Filter: 2514714
Planning time: 0.389 ms
Execution time: 1237.846 ms
