Hash Join  (cost=92883.59..203243.53 rows=752191 width=0) (actual time=2471.252..4219.666 rows=195744 loops=1)
  Hash Cond: (mk.movie_id = t.id)
  ->  Seq Scan on movie_keyword mk  (cost=0.00..81003.12 rows=1234381 width=4) (actual time=0.030..1475.924 rows=1246709 loops=1)
        Filter: (keyword_id > 14489)
        Rows Removed by Filter: 3277221
  ->  Hash  (cost=67604.59..67604.59 rows=1540800 width=4) (actual time=1870.711..1870.711 rows=1543264 loops=1)
        Buckets: 131072  Batches: 32  Memory Usage: 2728kB
        ->  Seq Scan on title t  (cost=0.00..67604.59 rows=1540800 width=4) (actual time=195.833..1380.368 rows=1543264 loops=1)
              Filter: (kind_id = 7)
              Rows Removed by Filter: 985048
Planning time: 0.644 ms
Execution time: 4243.827 ms
