Hash Join  (cost=678317.19..2583070.50 rows=62743204 width=0) (actual time=18675.646..88005.872 rows=141261274 loops=1)
  Hash Cond: (ci.movie_id = t.id)
  ->  Seq Scan on cast_info ci  (cost=0.00..614943.12 rows=36225612 width=4) (actual time=0.012..13987.859 rows=36244344 loops=1)
  ->  Hash  (cost=606466.19..606466.19 rows=4379440 width=8) (actual time=18673.956..18673.956 rows=5982172 loops=1)
        Buckets: 131072 (originally 131072)  Batches: 128 (originally 64)  Memory Usage: 3073kB
        ->  Hash Join  (cost=79930.86..606466.19 rows=4379440 width=8) (actual time=1443.547..16914.629 rows=5982172 loops=1)
              Hash Cond: (mi.movie_id = t.id)
              ->  Seq Scan on movie_info mi  (cost=0.00..309384.22 rows=14739122 width=4) (actual time=0.013..6231.555 rows=14835720 loops=1)
              ->  Hash  (cost=67604.59..67604.59 rows=751302 width=4) (actual time=1442.410..1442.410 rows=755902 loops=1)
                    Buckets: 131072  Batches: 16  Memory Usage: 2692kB
                    ->  Seq Scan on title t  (cost=0.00..67604.59 rows=751302 width=4) (actual time=0.025..1191.972 rows=755902 loops=1)
                          Filter: (production_year < 1993)
                          Rows Removed by Filter: 1772410
Planning time: 1.159 ms
Execution time: 102676.695 ms
