Seq Scan on movie_companies mc  (cost=0.00..57926.93 rows=895891 width=40) (actual time=0.018..928.125 rows=1086413 loops=1)
  Filter: ((company_id > 2293) AND (company_type_id = 2))
  Rows Removed by Filter: 1522716
Planning time: 0.437 ms
Execution time: 995.061 ms
