Seq Scan on movie_keyword mk  (cost=0.00..81003.12 rows=246 width=0) (actual time=72.437..1304.389 rows=23 loops=1)
  Filter: (keyword_id = 25995)
  Rows Removed by Filter: 4523907
Planning time: 0.352 ms
Execution time: 1304.502 ms
