Nested Loop  (cost=0.43..709671.90 rows=500 width=0) (actual time=28.399..10377.305 rows=83 loops=1)
  ->  Seq Scan on cast_info ci  (cost=0.00..705507.15 rows=500 width=4) (actual time=28.306..10375.590 rows=83 loops=1)
        Filter: (person_id = 2730419)
        Rows Removed by Filter: 36244261
  ->  Index Only Scan using title_pkey on title t  (cost=0.43..8.32 rows=1 width=4) (actual time=0.019..0.019 rows=1 loops=83)
        Index Cond: (id = ci.movie_id)
        Heap Fetches: 83
Planning time: 0.735 ms
Execution time: 10377.393 ms
