Hash Join  (cost=96144.17..152528.04 rows=18157 width=0) (actual time=1794.369..2968.888 rows=15177 loops=1)
  Hash Cond: (mc.movie_id = t.id)
  ->  Seq Scan on movie_companies mc  (cost=0.00..51404.11 rows=1279517 width=4) (actual time=0.013..935.852 rows=1274246 loops=1)
        Filter: (company_type_id < 2)
        Rows Removed by Filter: 1334883
  ->  Hash  (cost=95695.65..95695.65 rows=35881 width=8) (actual time=1792.224..1792.224 rows=14808 loops=1)
        Buckets: 65536  Batches: 1  Memory Usage: 1091kB
        ->  Hash Join  (cost=68426.36..95695.65 rows=35881 width=8) (actual time=1171.603..1787.251 rows=14808 loops=1)
              Hash Cond: (mi_idx.movie_id = t.id)
              ->  Seq Scan on movie_info_idx mi_idx  (cost=0.00..21735.35 rows=1380035 width=4) (actual time=0.028..293.309 rows=1380035 loops=1)
              ->  Hash  (cost=67604.59..67604.59 rows=65742 width=4) (actual time=1170.883..1170.883 rows=63827 loops=1)
                    Buckets: 131072  Batches: 1  Memory Usage: 3268kB
                    ->  Seq Scan on title t  (cost=0.00..67604.59 rows=65742 width=4) (actual time=0.034..1144.847 rows=63827 loops=1)
                          Filter: (production_year = 2013)
                          Rows Removed by Filter: 2464485
Planning time: 1.078 ms
Execution time: 2971.393 ms
