Hash Join  (cost=69845.34..108817.04 rows=74522 width=0) (actual time=1059.933..1954.142 rows=51871 loops=1)
  Hash Cond: (mi_idx.movie_id = t.id)
  ->  Seq Scan on movie_info_idx mi_idx  (cost=0.00..21735.35 rows=1380035 width=4) (actual time=0.019..426.253 rows=1380035 loops=1)
  ->  Hash  (cost=67604.59..67604.59 rows=136540 width=4) (actual time=1059.168..1059.168 rows=138648 loops=1)
        Buckets: 131072  Batches: 2  Memory Usage: 3458kB
        ->  Seq Scan on title t  (cost=0.00..67604.59 rows=136540 width=4) (actual time=22.912..1011.036 rows=138648 loops=1)
              Filter: (production_year < 1939)
              Rows Removed by Filter: 2389664
Planning time: 0.434 ms
Execution time: 1961.073 ms
