Hash Join  (cost=289723.31..935610.42 rows=13838328 width=0) (actual time=6810.982..49010.635 rows=130524078 loops=1)
  Hash Cond: (mi.movie_id = t.id)
  ->  Seq Scan on movie_info mi  (cost=0.00..309384.22 rows=14739122 width=4) (actual time=0.020..6578.832 rows=14835720 loops=1)
  ->  Hash  (cost=250774.39..250774.39 rows=2373994 width=8) (actual time=6808.581..6808.581 rows=2367384 loops=1)
        Buckets: 131072  Batches: 32  Memory Usage: 3973kB
        ->  Hash Join  (cost=102767.86..250774.39 rows=2373994 width=8) (actual time=2288.034..6119.083 rows=2367384 loops=1)
              Hash Cond: (mk.movie_id = t.id)
              ->  Seq Scan on movie_keyword mk  (cost=0.00..81003.12 rows=2373994 width=4) (actual time=0.016..1638.549 rows=2367384 loops=1)
                    Filter: (keyword_id > 4089)
                    Rows Removed by Filter: 2156546
              ->  Hash  (cost=61283.27..61283.27 rows=2528527 width=4) (actual time=2285.730..2285.730 rows=2528312 loops=1)
                    Buckets: 131072  Batches: 64  Memory Usage: 2425kB
                    ->  Seq Scan on title t  (cost=0.00..61283.27 rows=2528527 width=4) (actual time=0.012..1084.995 rows=2528312 loops=1)
Planning time: 1.094 ms
Execution time: 63009.825 ms
