Hash Join  (cost=88008.85..196393.89 rows=535251 width=134) (actual time=1137.096..4121.339 rows=738146 loops=1)
  Hash Cond: (mc.movie_id = t.id)
  ->  Seq Scan on movie_companies mc  (cost=0.00..44881.29 rows=2609129 width=40) (actual time=0.022..540.586 rows=2609129 loops=1)
  ->  Hash  (cost=73925.90..73925.90 rows=518716 width=94) (actual time=1136.339..1136.339 rows=390957 loops=1)
        Buckets: 32768  Batches: 32  Memory Usage: 1564kB
        ->  Seq Scan on title t  (cost=0.00..73925.90 rows=518716 width=94) (actual time=0.019..986.383 rows=390957 loops=1)
              Filter: ((production_year > 1978) AND (kind_id = 1))
              Rows Removed by Filter: 2137355
Planning time: 0.905 ms
Execution time: 4159.371 ms
