Nested Loop  (cost=0.43..83072.29 rows=134 width=0) (actual time=1.143..1309.416 rows=1500 loops=1)
  ->  Seq Scan on movie_keyword mk  (cost=0.00..81003.12 rows=246 width=4) (actual time=0.997..1172.677 rows=4059 loops=1)
        Filter: (keyword_id = 648)
        Rows Removed by Filter: 4519871
  ->  Index Scan using title_pkey on title t  (cost=0.43..8.40 rows=1 width=4) (actual time=0.033..0.033 rows=0 loops=4059)
        Index Cond: (id = mk.movie_id)
        Filter: (production_year > 2000)
        Rows Removed by Filter: 1
Planning time: 1.505 ms
Execution time: 1310.066 ms
