Seq Scan on movie_companies mc  (cost=0.00..57926.93 rows=53 width=0) (actual time=13.161..760.181 rows=94 loops=1)
  Filter: ((company_id = 680) AND (company_type_id = 2))
  Rows Removed by Filter: 2609035
Planning time: 0.230 ms
Execution time: 760.292 ms
