Hash Join  (cost=68113.45..95246.11 rows=22218 width=0) (actual time=1063.868..1749.140 rows=26998 loops=1)
  Hash Cond: (mi_idx.movie_id = t.id)
  ->  Seq Scan on movie_info_idx mi_idx  (cost=0.00..21735.35 rows=1380035 width=4) (actual time=0.024..358.395 rows=1380035 loops=1)
  ->  Hash  (cost=67604.59..67604.59 rows=40709 width=4) (actual time=1063.168..1063.168 rows=38955 loops=1)
        Buckets: 65536  Batches: 1  Memory Usage: 1882kB
        ->  Seq Scan on title t  (cost=0.00..67604.59 rows=40709 width=4) (actual time=0.076..1046.991 rows=38955 loops=1)
              Filter: (production_year = 1997)
              Rows Removed by Filter: 2489357
Planning time: 9.151 ms
Execution time: 1753.272 ms
