Seq Scan on cast_info ci  (cost=0.00..705507.15 rows=500 width=0) (actual time=4363.717..11354.098 rows=613 loops=1)
  Filter: (person_id = 875605)
  Rows Removed by Filter: 36243731
Planning time: 0.368 ms
Execution time: 11354.275 ms
