Seq Scan on movie_keyword mk  (cost=0.00..81003.12 rows=246 width=0) (actual time=15.054..1192.221 rows=55 loops=1)
  Filter: (keyword_id = 24184)
  Rows Removed by Filter: 4523875
Planning time: 2.123 ms
Execution time: 1192.357 ms
