Seq Scan on title t  (cost=0.00..73925.90 rows=22136 width=94) (actual time=0.022..1556.418 rows=24301 loops=1)
  Filter: ((kind_id = 7) AND (production_year = 1996))
  Rows Removed by Filter: 2504011
Planning time: 4.540 ms
Execution time: 1558.149 ms
