Seq Scan on cast_info ci  (cost=0.00..796071.18 rows=12679898 width=0) (actual time=1480.855..16189.293 rows=18973571 loops=1)
  Filter: ((person_id > 1637005) AND (role_id > 1))
  Rows Removed by Filter: 17270773
Planning time: 0.336 ms
Execution time: 18550.001 ms
