Seq Scan on movie_companies mc  (cost=0.00..51404.11 rows=35764 width=0) (actual time=227.306..892.603 rows=34680 loops=1)
  Filter: (company_id > 203795)
  Rows Removed by Filter: 2574449
Planning time: 0.332 ms
Execution time: 897.226 ms
