Hash Join  (cost=67697.55..432786.99 rows=43351 width=0) (actual time=1020.281..7819.529 rows=30262 loops=1)
  Hash Cond: (mi.movie_id = t.id)
  ->  Seq Scan on movie_info mi  (cost=0.00..309384.22 rows=14739122 width=4) (actual time=0.015..4122.113 rows=14835720 loops=1)
  ->  Hash  (cost=67604.59..67604.59 rows=7437 width=4) (actual time=1020.059..1020.059 rows=2291 loops=1)
        Buckets: 8192  Batches: 1  Memory Usage: 145kB
        ->  Seq Scan on title t  (cost=0.00..67604.59 rows=7437 width=4) (actual time=0.770..1018.758 rows=2291 loops=1)
              Filter: (production_year = 1947)
              Rows Removed by Filter: 2526021
Planning time: 0.715 ms
Execution time: 7825.262 ms
