Hash Join  (cost=201573.46..279408.49 rows=202050 width=0) (actual time=4128.477..6308.956 rows=1776116 loops=1)
  Hash Cond: (mc.movie_id = t.id)
  ->  Seq Scan on movie_companies mc  (cost=0.00..44881.29 rows=2609129 width=4) (actual time=0.023..940.263 rows=2609129 loops=1)
  ->  Hash  (cost=198360.86..198360.86 rows=195808 width=8) (actual time=3882.223..3882.223 rows=198641 loops=1)
        Buckets: 131072  Batches: 4  Memory Usage: 2973kB
        ->  Hash Join  (cost=102767.86..198360.86 rows=195808 width=8) (actual time=1936.849..3821.529 rows=198641 loops=1)
              Hash Cond: (mk.movie_id = t.id)
              ->  Seq Scan on movie_keyword mk  (cost=0.00..81003.12 rows=195808 width=4) (actual time=0.026..1273.677 rows=198641 loops=1)
                    Filter: (keyword_id > 69036)
                    Rows Removed by Filter: 4325289
              ->  Hash  (cost=61283.27..61283.27 rows=2528527 width=4) (actual time=1935.863..1935.863 rows=2528312 loops=1)
                    Buckets: 131072  Batches: 64  Memory Usage: 2425kB
                    ->  Seq Scan on title t  (cost=0.00..61283.27 rows=2528527 width=4) (actual time=0.022..1089.618 rows=2528312 loops=1)
Planning time: 1.076 ms
Execution time: 6508.569 ms
