Seq Scan on movie_keyword mk  (cost=0.00..81003.12 rows=246 width=0) (actual time=1.486..1263.492 rows=530 loops=1)
  Filter: (keyword_id = 2210)
  Rows Removed by Filter: 4523400
Planning time: 0.243 ms
Execution time: 1263.797 ms
