Nested Loop  (cost=0.43..83071.67 rows=246 width=0) (actual time=7.418..1274.414 rows=411 loops=1)
  ->  Seq Scan on movie_keyword mk  (cost=0.00..81003.12 rows=246 width=4) (actual time=7.340..1255.522 rows=411 loops=1)
        Filter: (keyword_id = 7580)
        Rows Removed by Filter: 4523519
  ->  Index Only Scan using title_pkey on title t  (cost=0.43..8.40 rows=1 width=4) (actual time=0.043..0.044 rows=1 loops=411)
        Index Cond: (id = mk.movie_id)
        Heap Fetches: 411
Planning time: 0.715 ms
Execution time: 1274.671 ms
