Seq Scan on title t  (cost=0.00..73925.90 rows=492837 width=0) (actual time=0.021..1062.990 rows=379345 loops=1)
  Filter: ((production_year < 1995) AND (kind_id = 7))
  Rows Removed by Filter: 2148967
Planning time: 0.355 ms
Execution time: 1111.404 ms
