Seq Scan on movie_info mi  (cost=0.00..346232.03 rows=471955 width=75) (actual time=5610.114..6074.519 rows=543367 loops=1)
  Filter: (info_type_id > 98)
  Rows Removed by Filter: 14292353
Planning time: 0.428 ms
Execution time: 6107.627 ms
