Hash Join  (cost=74283.51..440848.94 rows=59551 width=0) (actual time=1262.899..8603.838 rows=39744 loops=1)
  Hash Cond: (mi.movie_id = t.id)
  ->  Seq Scan on movie_info mi  (cost=0.00..346232.03 rows=5263441 width=4) (actual time=126.133..6217.807 rows=5270569 loops=1)
        Filter: (info_type_id > 15)
        Rows Removed by Filter: 9565151
  ->  Hash  (cost=73925.90..73925.90 rows=28608 width=4) (actual time=1135.974..1135.974 rows=32134 loops=1)
        Buckets: 32768  Batches: 1  Memory Usage: 1386kB
        ->  Seq Scan on title t  (cost=0.00..73925.90 rows=28608 width=4) (actual time=294.838..1121.601 rows=32134 loops=1)
              Filter: ((kind_id = 7) AND (production_year = 1998))
              Rows Removed by Filter: 2496178
Planning time: 0.719 ms
Execution time: 8609.387 ms
