Hash Join  (cost=188874.51..230802.03 rows=246804 width=0) (actual time=3413.773..4565.272 rows=225064 loops=1)
  Hash Cond: (mi_idx.movie_id = t.id)
  ->  Seq Scan on movie_info_idx mi_idx  (cost=0.00..21735.35 rows=1380035 width=4) (actual time=0.009..473.096 rows=1380035 loops=1)
  ->  Hash  (cost=181455.03..181455.03 rows=452199 width=8) (actual time=3412.996..3412.996 rows=138337 loops=1)
        Buckets: 131072  Batches: 8  Memory Usage: 1712kB
        ->  Hash Join  (cost=102767.86..181455.03 rows=452199 width=8) (actual time=1951.765..3368.971 rows=138337 loops=1)
              Hash Cond: (mc.movie_id = t.id)
              ->  Seq Scan on movie_companies mc  (cost=0.00..57926.93 rows=452199 width=4) (actual time=0.020..887.614 rows=138337 loops=1)
                    Filter: ((company_id > 19491) AND (company_type_id < 2))
                    Rows Removed by Filter: 2470792
              ->  Hash  (cost=61283.27..61283.27 rows=2528527 width=4) (actual time=1947.654..1947.654 rows=2528312 loops=1)
                    Buckets: 131072  Batches: 64  Memory Usage: 2415kB
                    ->  Seq Scan on title t  (cost=0.00..61283.27 rows=2528527 width=4) (actual time=0.013..1107.163 rows=2528312 loops=1)
Planning time: 1.096 ms
Execution time: 4592.394 ms
