Hash Join  (cost=127859.00..501375.83 rows=15155 width=0) (actual time=2484.808..9463.727 rows=72739 loops=1)
  Hash Cond: (mi.movie_id = t.id)
  ->  Seq Scan on movie_info mi  (cost=0.00..346232.03 rows=7235534 width=4) (actual time=292.548..6065.841 rows=7286865 loops=1)
        Filter: (info_type_id < 8)
        Rows Removed by Filter: 7548855
  ->  Hash  (cost=127792.80..127792.80 rows=5296 width=8) (actual time=2192.116..2192.116 rows=6888 loops=1)
        Buckets: 8192  Batches: 1  Memory Usage: 334kB
        ->  Hash Join  (cost=74223.04..127792.80 rows=5296 width=8) (actual time=1160.561..2188.899 rows=6888 loops=1)
              Hash Cond: (mc.movie_id = t.id)
              ->  Seq Scan on movie_companies mc  (cost=0.00..51404.11 rows=563383 width=4) (actual time=0.033..888.093 rows=561678 loops=1)
                    Filter: (company_id < 596)
                    Rows Removed by Filter: 2047451
              ->  Hash  (cost=73925.90..73925.90 rows=23771 width=4) (actual time=1160.165..1160.165 rows=20633 loops=1)
                    Buckets: 32768  Batches: 1  Memory Usage: 982kB
                    ->  Seq Scan on title t  (cost=0.00..73925.90 rows=23771 width=4) (actual time=1.502..1150.414 rows=20633 loops=1)
                          Filter: ((kind_id < 7) AND (production_year = 2002))
                          Rows Removed by Filter: 2507679
Planning time: 1.253 ms
Execution time: 9474.560 ms
