Hash Join  (cost=83074.74..137742.81 rows=254 width=0) (actual time=1308.643..2376.907 rows=103 loops=1)
  Hash Cond: (mc.movie_id = t.id)
  ->  Seq Scan on movie_companies mc  (cost=0.00..44881.29 rows=2609129 width=4) (actual time=0.020..613.647 rows=2609129 loops=1)
  ->  Hash  (cost=83071.67..83071.67 rows=246 width=8) (actual time=1299.456..1299.456 rows=24 loops=1)
        Buckets: 1024  Batches: 1  Memory Usage: 9kB
        ->  Nested Loop  (cost=0.43..83071.67 rows=246 width=8) (actual time=40.254..1299.408 rows=24 loops=1)
              ->  Seq Scan on movie_keyword mk  (cost=0.00..81003.12 rows=246 width=4) (actual time=40.127..1297.873 rows=24 loops=1)
                    Filter: (keyword_id = 57404)
                    Rows Removed by Filter: 4523906
              ->  Index Only Scan using title_pkey on title t  (cost=0.43..8.40 rows=1 width=4) (actual time=0.056..0.057 rows=1 loops=24)
                    Index Cond: (id = mk.movie_id)
                    Heap Fetches: 24
Planning time: 1.109 ms
Execution time: 2377.058 ms
