Hash Join  (cost=76428.64..565722.27 rows=889170 width=0) (actual time=1349.123..11947.691 rows=306940 loops=1)
  Hash Cond: (mi.movie_id = t.id)
  ->  Seq Scan on movie_info mi  (cost=0.00..309384.22 rows=14739122 width=4) (actual time=0.015..5551.232 rows=14835720 loops=1)
  ->  Hash  (cost=73925.90..73925.90 rows=152539 width=4) (actual time=1106.543..1106.543 rows=53426 loops=1)
        Buckets: 131072  Batches: 2  Memory Usage: 1969kB
        ->  Seq Scan on title t  (cost=0.00..73925.90 rows=152539 width=4) (actual time=0.019..1084.780 rows=53426 loops=1)
              Filter: ((production_year < 1961) AND (kind_id = 7))
              Rows Removed by Filter: 2474886
Planning time: 0.988 ms
Execution time: 11989.452 ms
