Nested Loop  (cost=0.43..58375.45 rows=7 width=0) (actual time=4.290..826.672 rows=92 loops=1)
  ->  Seq Scan on movie_companies mc  (cost=0.00..57926.93 rows=53 width=4) (actual time=0.461..800.264 rows=992 loops=1)
        Filter: ((company_id = 400) AND (company_type_id = 2))
        Rows Removed by Filter: 2608137
  ->  Index Scan using title_pkey on title t  (cost=0.43..8.45 rows=1 width=4) (actual time=0.026..0.026 rows=0 loops=992)
        Index Cond: (id = mc.movie_id)
        Filter: ((kind_id < 4) AND (production_year > 2005))
        Rows Removed by Filter: 1
Planning time: 1.215 ms
Execution time: 826.845 ms
