Hash Join  (cost=58375.85..85286.62 rows=29 width=0) (actual time=895.296..1416.830 rows=219 loops=1)
  Hash Cond: (mi_idx.movie_id = t.id)
  ->  Seq Scan on movie_info_idx mi_idx  (cost=0.00..21735.35 rows=1380035 width=4) (actual time=0.022..280.159 rows=1380035 loops=1)
  ->  Hash  (cost=58375.18..58375.18 rows=53 width=8) (actual time=894.464..894.464 rows=352 loops=1)
        Buckets: 1024  Batches: 1  Memory Usage: 22kB
        ->  Nested Loop  (cost=0.43..58375.18 rows=53 width=8) (actual time=0.123..894.227 rows=352 loops=1)
              ->  Seq Scan on movie_companies mc  (cost=0.00..57926.93 rows=53 width=4) (actual time=0.048..881.854 rows=352 loops=1)
                    Filter: ((company_type_id > 1) AND (company_id = 276))
                    Rows Removed by Filter: 2608777
              ->  Index Only Scan using title_pkey on title t  (cost=0.43..8.45 rows=1 width=4) (actual time=0.033..0.034 rows=1 loops=352)
                    Index Cond: (id = mc.movie_id)
                    Heap Fetches: 352
Planning time: 1.103 ms
Execution time: 1417.015 ms
