Hash Join  (cost=74809.10..835720.99 rows=1012272 width=0) (actual time=1197.997..21800.599 rows=1088689 loops=1)
  Hash Cond: (ci.movie_id = t.id)
  ->  Seq Scan on cast_info ci  (cost=0.00..614943.12 rows=36225612 width=4) (actual time=0.024..8594.106 rows=36244344 loops=1)
  ->  Hash  (cost=73925.90..73925.90 rows=70656 width=4) (actual time=1197.287..1197.287 rows=79548 loops=1)
        Buckets: 131072  Batches: 1  Memory Usage: 3821kB
        ->  Seq Scan on title t  (cost=0.00..73925.90 rows=70656 width=4) (actual time=0.027..1165.762 rows=79548 loops=1)
              Filter: ((kind_id > 1) AND (production_year = 2005))
              Rows Removed by Filter: 2448764
Planning time: 2.379 ms
Execution time: 21956.700 ms
