Hash Join  (cost=187316.20..745615.56 rows=7356345 width=0) (actual time=4491.094..22996.464 rows=19627082 loops=1)
  Hash Cond: (mi.movie_id = t.id)
  ->  Seq Scan on movie_info mi  (cost=0.00..309384.22 rows=14739122 width=4) (actual time=0.028..5969.022 rows=14835720 loops=1)
  ->  Hash  (cost=166611.25..166611.25 rows=1261996 width=8) (actual time=4489.855..4489.855 rows=1313062 loops=1)
        Buckets: 131072  Batches: 32  Memory Usage: 2645kB
        ->  Hash Join  (cost=105540.76..166611.25 rows=1261996 width=8) (actual time=2134.677..4081.919 rows=1313062 loops=1)
              Hash Cond: (mi_idx.movie_id = t.id)
              ->  Seq Scan on movie_info_idx mi_idx  (cost=0.00..21735.35 rows=1380035 width=4) (actual time=0.014..422.062 rows=1380035 loops=1)
              ->  Hash  (cost=67604.59..67604.59 rows=2312254 width=4) (actual time=2133.488..2133.488 rows=2306538 loops=1)
                    Buckets: 131072  Batches: 32  Memory Usage: 3561kB
                    ->  Seq Scan on title t  (cost=0.00..67604.59 rows=2312254 width=4) (actual time=0.033..1393.158 rows=2306538 loops=1)
                          Filter: (production_year > 1943)
                          Rows Removed by Filter: 221774
Planning time: 1.637 ms
Execution time: 25232.681 ms
