Hash Join  (cost=197023.64..1350740.13 rows=11673033 width=0) (actual time=4208.274..41716.603 rows=21048839 loops=1)
  Hash Cond: (ci.movie_id = t.id)
  ->  Seq Scan on cast_info ci  (cost=0.00..614943.12 rows=36225612 width=4) (actual time=0.023..13183.223 rows=36244344 loops=1)
  ->  Hash  (cost=183656.00..183656.00 rows=814771 width=8) (actual time=4207.487..4207.487 rows=823352 loops=1)
        Buckets: 131072  Batches: 16  Memory Usage: 3044kB
        ->  Hash Join  (cost=102767.86..183656.00 rows=814771 width=8) (actual time=2073.507..3981.214 rows=823352 loops=1)
              Hash Cond: (mc.movie_id = t.id)
              ->  Seq Scan on movie_companies mc  (cost=0.00..51404.11 rows=814771 width=4) (actual time=144.429..947.188 rows=823352 loops=1)
                    Filter: (company_id > 28146)
                    Rows Removed by Filter: 1785777
              ->  Hash  (cost=61283.27..61283.27 rows=2528527 width=4) (actual time=1927.766..1927.766 rows=2528312 loops=1)
                    Buckets: 131072  Batches: 64  Memory Usage: 2415kB
                    ->  Seq Scan on title t  (cost=0.00..61283.27 rows=2528527 width=4) (actual time=0.017..1060.358 rows=2528312 loops=1)
Planning time: 1.107 ms
Execution time: 44179.518 ms
