Seq Scan on movie_companies mc  (cost=0.00..51404.11 rows=1522201 width=0) (actual time=0.029..952.194 rows=1506402 loops=1)
  Filter: (company_id < 14059)
  Rows Removed by Filter: 1102727
Planning time: 0.778 ms
Execution time: 1145.556 ms
