Hash Join  (cost=73962.22..100896.50 rows=534 width=0) (actual time=803.078..1106.892 rows=371 loops=1)
  Hash Cond: (mi_idx.movie_id = t.id)
  ->  Seq Scan on movie_info_idx mi_idx  (cost=0.00..25185.44 rows=464934 width=4) (actual time=0.018..253.085 rows=460185 loops=1)
        Filter: (info_type_id > 100)
        Rows Removed by Filter: 919850
  ->  Hash  (cost=73925.90..73925.90 rows=2905 width=4) (actual time=802.864..802.864 rows=3417 loops=1)
        Buckets: 4096  Batches: 1  Memory Usage: 153kB
        ->  Seq Scan on title t  (cost=0.00..73925.90 rows=2905 width=4) (actual time=0.034..801.466 rows=3417 loops=1)
              Filter: ((kind_id < 7) AND (production_year = 1909))
              Rows Removed by Filter: 2524895
Planning time: 0.684 ms
Execution time: 1107.066 ms
