Nested Loop  (cost=0.43..797488.46 rows=111 width=136) (actual time=9229.552..12446.649 rows=141 loops=1)
  ->  Seq Scan on cast_info ci  (cost=0.00..796071.18 rows=168 width=42) (actual time=9229.326..12441.732 rows=152 loops=1)
        Filter: ((role_id > 3) AND (person_id = 788173))
        Rows Removed by Filter: 36244192
  ->  Index Scan using title_pkey on title t  (cost=0.43..8.43 rows=1 width=94) (actual time=0.031..0.031 rows=1 loops=152)
        Index Cond: (id = ci.movie_id)
        Filter: (kind_id > 3)
        Rows Removed by Filter: 0
Planning time: 1.009 ms
Execution time: 12446.742 ms
