Hash Join  (cost=68365.25..161643.02 rows=74025 width=0) (actual time=1074.880..2983.824 rows=85452 loops=1)
  Hash Cond: (mk.movie_id = t.id)
  ->  Seq Scan on movie_keyword mk  (cost=0.00..81003.12 rows=3075838 width=4) (actual time=0.024..1389.102 rows=3059380 loops=1)
        Filter: (keyword_id > 2083)
        Rows Removed by Filter: 1464550
  ->  Hash  (cost=67604.59..67604.59 rows=60853 width=4) (actual time=1074.355..1074.355 rows=62568 loops=1)
        Buckets: 65536  Batches: 1  Memory Usage: 2712kB
        ->  Seq Scan on title t  (cost=0.00..67604.59 rows=60853 width=4) (actual time=0.028..1045.655 rows=62568 loops=1)
              Filter: (production_year = 2002)
              Rows Removed by Filter: 2465744
Planning time: 0.763 ms
Execution time: 2994.677 ms
