Hash Join  (cost=73983.02..100879.63 rows=821 width=0) (actual time=1158.254..1716.250 rows=1396 loops=1)
  Hash Cond: (mi_idx.movie_id = t.id)
  ->  Seq Scan on movie_info_idx mi_idx  (cost=0.00..25185.44 rows=454124 width=4) (actual time=0.021..462.283 rows=459925 loops=1)
        Filter: (info_type_id = 100)
        Rows Removed by Filter: 920110
  ->  Hash  (cost=73925.90..73925.90 rows=4569 width=4) (actual time=1158.132..1158.132 rows=8420 loops=1)
        Buckets: 16384 (originally 8192)  Batches: 1 (originally 1)  Memory Usage: 425kB
        ->  Seq Scan on title t  (cost=0.00..73925.90 rows=4569 width=4) (actual time=0.158..1154.014 rows=8420 loops=1)
              Filter: ((kind_id > 4) AND (production_year = 1966))
              Rows Removed by Filter: 2519892
Planning time: 0.736 ms
Execution time: 1716.647 ms
