Seq Scan on movie_keyword mk  (cost=0.00..81003.12 rows=1994907 width=0) (actual time=0.026..1418.247 rows=2001383 loops=1)
  Filter: (keyword_id < 3545)
  Rows Removed by Filter: 2522547
Planning time: 0.333 ms
Execution time: 1673.806 ms
