Seq Scan on movie_companies mc  (cost=0.00..51404.11 rows=2151032 width=0) (actual time=0.034..1080.480 rows=2147595 loops=1)
  Filter: (company_id < 76508)
  Rows Removed by Filter: 461534
Planning time: 0.305 ms
Execution time: 1348.992 ms
