Hash Join  (cost=120329.55..320018.29 rows=3474679 width=106) (actual time=2669.291..8801.669 rows=3193535 loops=1)
  Hash Cond: (mk.movie_id = t.id)
  ->  Seq Scan on movie_keyword mk  (cost=0.00..69693.30 rows=4523930 width=12) (actual time=0.023..1148.548 rows=4523930 loops=1)
  ->  Hash  (cost=67604.59..67604.59 rows=1942077 width=94) (actual time=2669.004..2669.004 rows=1932484 loops=1)
        Buckets: 32768  Batches: 128  Memory Usage: 1960kB
        ->  Seq Scan on title t  (cost=0.00..67604.59 rows=1942077 width=94) (actual time=0.023..1663.246 rows=1932484 loops=1)
              Filter: (production_year > 1980)
              Rows Removed by Filter: 595828
Planning time: 0.878 ms
Execution time: 8989.105 ms
