Hash Join  (cost=79094.49..578493.60 rows=1836218 width=0) (actual time=1304.631..14151.090 rows=3033371 loops=1)
  Hash Cond: (mi.movie_id = t.id)
  ->  Seq Scan on movie_info mi  (cost=0.00..309384.22 rows=14739122 width=4) (actual time=0.012..5776.123 rows=14835720 loops=1)
  ->  Hash  (cost=73925.90..73925.90 rows=315007 width=4) (actual time=1237.665..1237.665 rows=244789 loops=1)
        Buckets: 131072  Batches: 8  Memory Usage: 2105kB
        ->  Seq Scan on title t  (cost=0.00..73925.90 rows=315007 width=4) (actual time=0.022..1147.550 rows=244789 loops=1)
              Filter: ((production_year > 2003) AND (kind_id = 1))
              Rows Removed by Filter: 2283523
Planning time: 0.846 ms
Execution time: 14499.113 ms
