Seq Scan on cast_info ci  (cost=0.00..796071.18 rows=3227301 width=0) (actual time=0.035..13923.866 rows=1162212 loops=1)
  Filter: ((person_id < 2782682) AND (role_id = 10))
  Rows Removed by Filter: 35082132
Planning time: 0.394 ms
Execution time: 14067.956 ms
