Hash Join  (cost=92735.26..686235.91 rows=8928682 width=0) (actual time=1812.642..17320.501 rows=7817192 loops=1)
  Hash Cond: (mi.movie_id = t.id)
  ->  Seq Scan on movie_info mi  (cost=0.00..309384.22 rows=14739122 width=4) (actual time=0.021..5907.842 rows=14835720 loops=1)
  ->  Hash  (cost=67604.59..67604.59 rows=1531734 width=4) (actual time=1811.485..1811.485 rows=1531613 loops=1)
        Buckets: 131072  Batches: 32  Memory Usage: 2716kB
        ->  Seq Scan on title t  (cost=0.00..67604.59 rows=1531734 width=4) (actual time=0.024..1308.128 rows=1531613 loops=1)
              Filter: (production_year > 1997)
              Rows Removed by Filter: 996699
Planning time: 0.752 ms
Execution time: 18153.474 ms
