Seq Scan on movie_companies mc  (cost=0.00..57926.93 rows=261094 width=0) (actual time=0.018..893.999 rows=136954 loops=1)
  Filter: ((company_id < 474) AND (company_type_id > 1))
  Rows Removed by Filter: 2472175
Planning time: 0.353 ms
Execution time: 913.509 ms
