Seq Scan on cast_info ci  (cost=0.00..705507.15 rows=500 width=0) (actual time=6252.224..9778.005 rows=114 loops=1)
  Filter: (person_id = 2104546)
  Rows Removed by Filter: 36244230
Planning time: 0.371 ms
Execution time: 9778.111 ms
