Hash Join  (cost=94403.79..139564.05 rows=451719 width=0) (actual time=1830.299..3035.030 rows=250298 loops=1)
  Hash Cond: (mi_idx.movie_id = t.id)
  ->  Seq Scan on movie_info_idx mi_idx  (cost=0.00..25185.44 rows=915101 width=4) (actual time=0.022..507.250 rows=919850 loops=1)
        Filter: (info_type_id < 101)
        Rows Removed by Filter: 460185
  ->  Hash  (cost=73925.90..73925.90 rows=1248151 width=4) (actual time=1828.753..1828.753 rows=1332982 loops=1)
        Buckets: 131072  Batches: 32  Memory Usage: 2493kB
        ->  Seq Scan on title t  (cost=0.00..73925.90 rows=1248151 width=4) (actual time=0.008..1408.691 rows=1332982 loops=1)
              Filter: ((production_year > 1972) AND (kind_id = 7))
              Rows Removed by Filter: 1195330
Planning time: 0.748 ms
Execution time: 3064.058 ms
