Seq Scan on cast_info ci  (cost=0.00..796071.18 rows=1106459 width=0) (actual time=6721.866..12474.908 rows=3175376 loops=1)
  Filter: ((person_id > 2774117) AND (role_id = 10))
  Rows Removed by Filter: 33068968
Planning time: 0.446 ms
Execution time: 12878.608 ms
