Hash Join  (cost=69179.59..145594.71 rows=99060 width=0) (actual time=1206.978..2991.557 rows=87493 loops=1)
  Hash Cond: (mc.movie_id = t.id)
  ->  Seq Scan on movie_companies mc  (cost=0.00..44881.29 rows=2609129 width=4) (actual time=0.012..827.115 rows=2609129 loops=1)
  ->  Hash  (cost=67604.59..67604.59 rows=96000 width=4) (actual time=1205.744..1205.744 rows=95005 loops=1)
        Buckets: 131072  Batches: 2  Memory Usage: 2716kB
        ->  Seq Scan on title t  (cost=0.00..67604.59 rows=96000 width=4) (actual time=0.025..1168.790 rows=95005 loops=1)
              Filter: (production_year = 2005)
              Rows Removed by Filter: 2433307
Planning time: 0.752 ms
Execution time: 3003.982 ms
