Nested Loop  (cost=0.43..74295.73 rows=6 width=0) (actual time=806.479..960.273 rows=1 loops=1)
  ->  Seq Scan on movie_companies mc  (cost=0.00..51404.11 rows=2957 width=4) (actual time=1.159..848.830 rows=3172 loops=1)
        Filter: (company_id = 137)
        Rows Removed by Filter: 2605957
  ->  Index Scan using title_pkey on title t  (cost=0.43..7.73 rows=1 width=4) (actual time=0.035..0.035 rows=0 loops=3172)
        Index Cond: (id = mc.movie_id)
        Filter: ((kind_id > 2) AND (production_year = 1991))
        Rows Removed by Filter: 1
Planning time: 0.836 ms
Execution time: 960.370 ms
