Seq Scan on cast_info ci  (cost=0.00..705507.15 rows=2230467 width=0) (actual time=39.220..11406.507 rows=2269352 loops=1)
  Filter: (person_id > 3618398)
  Rows Removed by Filter: 33974992
Planning time: 0.343 ms
Execution time: 11691.083 ms
