Seq Scan on movie_companies mc  (cost=0.00..57926.93 rows=959869 width=40) (actual time=0.024..629.034 rows=1252520 loops=1)
  Filter: ((company_id < 53264) AND (company_type_id < 2))
  Rows Removed by Filter: 1356609
Planning time: 0.425 ms
Execution time: 680.972 ms
