Hash Join  (cost=68058.67..155366.66 rows=64995 width=0) (actual time=1027.456..3011.105 rows=76522 loops=1)
  Hash Cond: (mk.movie_id = t.id)
  ->  Seq Scan on movie_keyword mk  (cost=0.00..69693.30 rows=4523930 width=4) (actual time=0.022..1082.141 rows=4523930 loops=1)
  ->  Hash  (cost=67604.59..67604.59 rows=36327 width=4) (actual time=1027.056..1027.056 rows=36509 loops=1)
        Buckets: 65536  Batches: 1  Memory Usage: 1796kB
        ->  Seq Scan on title t  (cost=0.00..67604.59 rows=36327 width=4) (actual time=0.033..1011.883 rows=36509 loops=1)
              Filter: (production_year = 1996)
              Rows Removed by Filter: 2491803
Planning time: 0.741 ms
Execution time: 3021.792 ms
