Hash Join  (cost=67865.34..154896.60 rows=37322 width=0) (actual time=1033.989..2977.540 rows=6090 loops=1)
  Hash Cond: (mk.movie_id = t.id)
  ->  Seq Scan on movie_keyword mk  (cost=0.00..69693.30 rows=4523930 width=4) (actual time=0.011..1112.765 rows=4523930 loops=1)
  ->  Hash  (cost=67604.59..67604.59 rows=20860 width=4) (actual time=1033.593..1033.593 rows=18379 loops=1)
        Buckets: 32768  Batches: 1  Memory Usage: 903kB
        ->  Seq Scan on title t  (cost=0.00..67604.59 rows=20860 width=4) (actual time=0.021..1026.252 rows=18379 loops=1)
              Filter: (production_year < 1908)
              Rows Removed by Filter: 2509933
Planning time: 0.546 ms
Execution time: 2978.669 ms
