Hash Join  (cost=75353.43..199252.07 rows=155660 width=0) (actual time=1247.527..3810.715 rows=50964 loops=1)
  Hash Cond: (mk.movie_id = t.id)
  ->  Seq Scan on movie_keyword mk  (cost=0.00..69693.30 rows=4523930 width=4) (actual time=0.025..1343.983 rows=4523930 loops=1)
  ->  Hash  (cost=73925.90..73925.90 rows=87002 width=4) (actual time=1238.073..1238.073 rows=93068 loops=1)
        Buckets: 131072  Batches: 2  Memory Usage: 2666kB
        ->  Seq Scan on title t  (cost=0.00..73925.90 rows=87002 width=4) (actual time=0.057..1201.704 rows=93068 loops=1)
              Filter: ((kind_id > 4) AND (production_year = 2010))
              Rows Removed by Filter: 2435244
Planning time: 0.740 ms
Execution time: 3817.284 ms
