Hash Join  (cost=1218133.50..3331468.01 rows=56676856 width=211) (actual time=10478.173..33893.831 rows=42502059 loops=1)
  Hash Cond: (ci.movie_id = t.id)
  ->  Seq Scan on cast_info ci  (cost=0.00..796071.18 rows=18746462 width=42) (actual time=3.337..7159.240 rows=20470796 loops=1)
        Filter: ((person_id < 2164700) AND (role_id < 10))
        Rows Removed by Filter: 15773548
  ->  Hash  (cost=935940.16..935940.16 rows=7644587 width=169) (actual time=10258.677..10258.677 rows=3592644 loops=1)
        Buckets: 32768  Batches: 512  Memory Usage: 1325kB
        ->  Hash Join  (cost=109435.59..935940.16 rows=7644587 width=169) (actual time=832.368..8827.003 rows=3592644 loops=1)
              Hash Cond: (mi.movie_id = t.id)
              ->  Seq Scan on movie_info mi  (cost=0.00..346232.03 rows=12545135 width=75) (actual time=0.005..2623.285 rows=12601870 loops=1)
                    Filter: (info_type_id < 17)
                    Rows Removed by Filter: 2233850
              ->  Hash  (cost=67604.59..67604.59 rows=1540800 width=94) (actual time=819.160..819.160 rows=1543264 loops=1)
                    Buckets: 32768  Batches: 64  Memory Usage: 3017kB
                    ->  Seq Scan on title t  (cost=0.00..67604.59 rows=1540800 width=94) (actual time=0.012..464.558 rows=1543264 loops=1)
                          Filter: (kind_id = 7)
                          Rows Removed by Filter: 985048
Planning time: 0.827 ms
Execution time: 35099.333 ms
