Hash Join  (cost=221113.37..341637.74 rows=1036805 width=0) (actual time=4936.357..8472.230 rows=3862052 loops=1)
  Hash Cond: (mk.movie_id = t.id)
  ->  Seq Scan on movie_keyword mk  (cost=0.00..81003.12 rows=2099253 width=4) (actual time=0.010..1553.680 rows=2097861 loops=1)
        Filter: (keyword_id > 5740)
        Rows Removed by Filter: 2426069
  ->  Hash  (cost=200624.12..200624.12 rows=1248820 width=8) (actual time=4934.358..4934.358 rows=1296872 loops=1)
        Buckets: 131072  Batches: 32  Memory Usage: 2617kB
        ->  Hash Join  (cost=102767.86..200624.12 rows=1248820 width=8) (actual time=2399.529..4587.810 rows=1296872 loops=1)
              Hash Cond: (mc.movie_id = t.id)
              ->  Seq Scan on movie_companies mc  (cost=0.00..57926.93 rows=1248820 width=4) (actual time=490.186..1291.853 rows=1296872 loops=1)
                    Filter: ((company_id > 27) AND (company_type_id = 2))
                    Rows Removed by Filter: 1312257
              ->  Hash  (cost=61283.27..61283.27 rows=2528527 width=4) (actual time=1908.043..1908.043 rows=2528312 loops=1)
                    Buckets: 131072  Batches: 64  Memory Usage: 2415kB
                    ->  Seq Scan on title t  (cost=0.00..61283.27 rows=2528527 width=4) (actual time=0.016..1076.428 rows=2528312 loops=1)
Planning time: 0.766 ms
Execution time: 8880.872 ms
