Hash Join  (cost=133019.79..1216325.60 rows=4818870 width=0) (actual time=3356.856..35147.082 rows=6561939 loops=1)
  Hash Cond: (ci.movie_id = t.id)
  ->  Seq Scan on cast_info ci  (cost=0.00..614943.12 rows=36225612 width=4) (actual time=0.011..13527.759 rows=36244344 loops=1)
  ->  Hash  (cost=127501.36..127501.36 rows=336354 width=8) (actual time=3355.880..3355.880 rows=155637 loops=1)
        Buckets: 131072  Batches: 8  Memory Usage: 1778kB
        ->  Hash Join  (cost=84037.34..127501.36 rows=336354 width=8) (actual time=1514.771..3309.518 rows=155637 loops=1)
              Hash Cond: (mi_idx.movie_id = t.id)
              ->  Seq Scan on movie_info_idx mi_idx  (cost=0.00..21735.35 rows=1380035 width=4) (actual time=0.013..466.855 rows=1380035 loops=1)
              ->  Hash  (cost=73925.90..73925.90 rows=616275 width=4) (actual time=1513.445..1513.445 rows=676927 loops=1)
                    Buckets: 131072  Batches: 16  Memory Usage: 2516kB
                    ->  Seq Scan on title t  (cost=0.00..73925.90 rows=616275 width=4) (actual time=0.022..1297.303 rows=676927 loops=1)
                          Filter: ((production_year > 2005) AND (kind_id = 7))
                          Rows Removed by Filter: 1851385
Planning time: 1.186 ms
Execution time: 35927.444 ms
