Hash Join  (cost=96451.85..903471.45 rows=178420 width=0) (actual time=3234.307..18198.350 rows=168032 loops=1)
  Hash Cond: (ci.movie_id = t.id)
  ->  Seq Scan on cast_info ci  (cost=0.00..796071.18 rows=328591 width=4) (actual time=1320.546..15829.072 rows=308383 loops=1)
        Filter: ((person_id > 212454) AND (role_id > 10))
        Rows Removed by Filter: 35935961
  ->  Hash  (cost=73925.90..73925.90 rows=1372956 width=4) (actual time=1912.436..1912.436 rows=1450632 loops=1)
        Buckets: 131072  Batches: 32  Memory Usage: 2620kB
        ->  Seq Scan on title t  (cost=0.00..73925.90 rows=1372956 width=4) (actual time=0.034..1470.968 rows=1450632 loops=1)
              Filter: ((production_year > 1956) AND (kind_id = 7))
              Rows Removed by Filter: 1077680
Planning time: 1.142 ms
Execution time: 18217.745 ms
