Hash Join  (cost=67936.46..152298.00 rows=9148 width=0) (actual time=1197.966..2761.624 rows=1885 loops=1)
  Hash Cond: (mk.movie_id = t.id)
  ->  Seq Scan on movie_keyword mk  (cost=0.00..81003.12 rows=871181 width=4) (actual time=0.019..1380.392 rows=873331 loops=1)
        Filter: (keyword_id < 830)
        Rows Removed by Filter: 3650599
  ->  Hash  (cost=67604.59..67604.59 rows=26550 width=4) (actual time=1195.167..1195.167 rows=24508 loops=1)
        Buckets: 32768  Batches: 1  Memory Usage: 1118kB
        ->  Seq Scan on title t  (cost=0.00..67604.59 rows=26550 width=4) (actual time=282.127..1185.252 rows=24508 loops=1)
              Filter: (production_year < 1910)
              Rows Removed by Filter: 2503804
Planning time: 0.796 ms
Execution time: 2762.208 ms
