Seq Scan on movie_keyword mk  (cost=0.00..81003.12 rows=246 width=0) (actual time=457.042..1281.705 rows=1 loops=1)
  Filter: (keyword_id = 108794)
  Rows Removed by Filter: 4523929
Planning time: 0.349 ms
Execution time: 1281.784 ms
