Seq Scan on title t  (cost=0.00..67604.59 rows=591675 width=0) (actual time=0.018..655.554 rows=585020 loops=1)
  Filter: (production_year < 1985)
  Rows Removed by Filter: 1943292
Planning time: 0.328 ms
Execution time: 701.247 ms
