Hash Join  (cost=709678.15..796345.14 rows=895 width=0) (actual time=11311.797..13014.376 rows=1508 loops=1)
  Hash Cond: (mk.movie_id = t.id)
  ->  Seq Scan on movie_keyword mk  (cost=0.00..69693.30 rows=4523930 width=4) (actual time=0.022..966.906 rows=4523930 loops=1)
  ->  Hash  (cost=709671.90..709671.90 rows=500 width=8) (actual time=11307.697..11307.697 rows=398 loops=1)
        Buckets: 1024  Batches: 1  Memory Usage: 24kB
        ->  Nested Loop  (cost=0.43..709671.90 rows=500 width=8) (actual time=5836.525..11307.493 rows=398 loops=1)
              ->  Seq Scan on cast_info ci  (cost=0.00..705507.15 rows=500 width=4) (actual time=5836.417..11289.572 rows=398 loops=1)
                    Filter: (person_id = 2006664)
                    Rows Removed by Filter: 36243946
              ->  Index Only Scan using title_pkey on title t  (cost=0.43..8.32 rows=1 width=4) (actual time=0.044..0.044 rows=1 loops=398)
                    Index Cond: (id = ci.movie_id)
                    Heap Fetches: 398
Planning time: 1.245 ms
Execution time: 13014.701 ms
