Hash Join  (cost=83073.47..825244.86 rows=366 width=148) (actual time=1032.911..12528.060 rows=2125 loops=1)
  Hash Cond: (ci.movie_id = t.id)
  ->  Seq Scan on cast_info ci  (cost=0.00..705507.15 rows=9776150 width=42) (actual time=0.234..10013.129 rows=9749796 loops=1)
        Filter: (person_id > 2735076)
        Rows Removed by Filter: 26494548
  ->  Hash  (cost=83072.29..83072.29 rows=95 width=106) (actual time=1028.384..1028.384 rows=219 loops=1)
        Buckets: 1024  Batches: 1  Memory Usage: 35kB
        ->  Nested Loop  (cost=0.43..83072.29 rows=95 width=106) (actual time=6.762..1027.968 rows=219 loops=1)
              ->  Seq Scan on movie_keyword mk  (cost=0.00..81003.12 rows=246 width=12) (actual time=6.703..1013.757 rows=433 loops=1)
                    Filter: (keyword_id = 21538)
                    Rows Removed by Filter: 4523497
              ->  Index Scan using title_pkey on title t  (cost=0.43..8.40 rows=1 width=94) (actual time=0.031..0.031 rows=1 loops=433)
                    Index Cond: (id = mk.movie_id)
                    Filter: (production_year < 1999)
                    Rows Removed by Filter: 0
Planning time: 1.557 ms
Execution time: 12528.465 ms
