Hash Join  (cost=83073.53..137739.57 rows=52 width=0) (actual time=1289.865..2436.221 rows=232 loops=1)
  Hash Cond: (mc.movie_id = t.id)
  ->  Seq Scan on movie_companies mc  (cost=0.00..44881.29 rows=2609129 width=4) (actual time=0.029..689.426 rows=2609129 loops=1)
  ->  Hash  (cost=83072.90..83072.90 rows=50 width=8) (actual time=1289.631..1289.631 rows=41 loops=1)
        Buckets: 1024  Batches: 1  Memory Usage: 10kB
        ->  Nested Loop  (cost=0.43..83072.90 rows=50 width=8) (actual time=93.398..1289.571 rows=41 loops=1)
              ->  Seq Scan on movie_keyword mk  (cost=0.00..81003.12 rows=246 width=4) (actual time=14.154..1250.194 rows=713 loops=1)
                    Filter: (keyword_id = 3404)
                    Rows Removed by Filter: 4523217
              ->  Index Scan using title_pkey on title t  (cost=0.43..8.40 rows=1 width=4) (actual time=0.054..0.054 rows=0 loops=713)
                    Index Cond: (id = mk.movie_id)
                    Filter: ((production_year > 1979) AND (kind_id = 1))
                    Rows Removed by Filter: 1
Planning time: 1.104 ms
Execution time: 2436.402 ms
