Seq Scan on movie_keyword mk  (cost=0.00..81003.12 rows=3577239 width=0) (actual time=0.011..1631.767 rows=3562835 loops=1)
  Filter: (keyword_id < 19778)
  Rows Removed by Filter: 961095
Planning time: 0.333 ms
Execution time: 2077.574 ms
