Seq Scan on movie_keyword mk  (cost=0.00..81003.12 rows=246 width=0) (actual time=2.640..1200.707 rows=249 loops=1)
  Filter: (keyword_id = 796)
  Rows Removed by Filter: 4523681
Planning time: 0.373 ms
Execution time: 1200.965 ms
