Seq Scan on cast_info ci  (cost=0.00..705507.15 rows=30093239 width=0) (actual time=0.019..13632.410 rows=30039492 loops=1)
  Filter: (person_id < 3030609)
  Rows Removed by Filter: 6204852
Planning time: 0.305 ms
Execution time: 17352.133 ms
