Hash Join  (cost=94978.31..561880.97 rows=3880465 width=0) (actual time=2609.935..13307.282 rows=4242038 loops=1)
  Hash Cond: (mi.movie_id = t.id)
  ->  Seq Scan on movie_info mi  (cost=0.00..346232.03 rows=5880796 width=4) (actual time=716.921..6485.274 rows=5869026 loops=1)
        Filter: (info_type_id > 13)
        Rows Removed by Filter: 8966694
  ->  Hash  (cost=67604.59..67604.59 rows=1668458 width=4) (actual time=1891.471..1891.471 rows=1671292 loops=1)
        Buckets: 131072  Batches: 32  Memory Usage: 2867kB
        ->  Seq Scan on title t  (cost=0.00..67604.59 rows=1668458 width=4) (actual time=0.032..1333.464 rows=1671292 loops=1)
              Filter: (production_year < 2008)
              Rows Removed by Filter: 857020
Planning time: 2.418 ms
Execution time: 13794.144 ms
