Hash Join  (cost=102767.86..1295269.08 rows=16064495 width=0) (actual time=6232.219..33078.077 rows=15786432 loops=1)
  Hash Cond: (ci.movie_id = t.id)
  ->  Seq Scan on cast_info ci  (cost=0.00..796071.18 rows=16064495 width=4) (actual time=4291.805..17857.260 rows=15786432 loops=1)
        Filter: ((person_id < 4000753) AND (role_id > 2))
        Rows Removed by Filter: 20457912
  ->  Hash  (cost=61283.27..61283.27 rows=2528527 width=4) (actual time=1939.240..1939.240 rows=2528312 loops=1)
        Buckets: 131072  Batches: 64  Memory Usage: 2415kB
        ->  Seq Scan on title t  (cost=0.00..61283.27 rows=2528527 width=4) (actual time=0.030..1101.807 rows=2528312 loops=1)
Planning time: 0.812 ms
Execution time: 34866.283 ms
