Hash Join  (cost=94666.80..1460732.74 rows=22067979 width=0) (actual time=1918.088..43439.123 rows=23626067 loops=1)
  Hash Cond: (ci.movie_id = t.id)
  ->  Seq Scan on cast_info ci  (cost=0.00..705507.15 rows=33829000 width=4) (actual time=0.022..16519.429 rows=33905855 loops=1)
        Filter: (person_id > 227487)
        Rows Removed by Filter: 2338489
  ->  Hash  (cost=67604.59..67604.59 rows=1649457 width=4) (actual time=1917.274..1917.274 rows=1643514 loops=1)
        Buckets: 131072  Batches: 32  Memory Usage: 2831kB
        ->  Seq Scan on title t  (cost=0.00..67604.59 rows=1649457 width=4) (actual time=0.011..1375.261 rows=1643514 loops=1)
              Filter: (production_year > 1994)
              Rows Removed by Filter: 884798
Planning time: 0.805 ms
Execution time: 46184.371 ms
