Hash Join  (cost=438816.71..564364.79 rows=291004 width=0) (actual time=7265.297..15777.882 rows=24367343 loops=1)
  Hash Cond: (mk.movie_id = t.id)
  ->  Seq Scan on movie_keyword mk  (cost=0.00..69693.30 rows=4523930 width=4) (actual time=0.024..1505.319 rows=4523930 loops=1)
  ->  Hash  (cost=436147.60..436147.60 rows=162649 width=8) (actual time=7253.439..7253.439 rows=269909 loops=1)
        Buckets: 131072  Batches: 4  Memory Usage: 3654kB
        ->  Hash Join  (cost=78556.72..436147.60 rows=162649 width=8) (actual time=2420.442..7184.631 rows=269909 loops=1)
              Hash Cond: (mi.movie_id = t.id)
              ->  Seq Scan on movie_info mi  (cost=0.00..346232.03 rows=616095 width=4) (actual time=857.477..5395.785 rows=598457 loops=1)
                    Filter: (info_type_id = 15)
                    Rows Removed by Filter: 14237263
              ->  Hash  (cost=67604.59..67604.59 rows=667531 width=4) (actual time=1375.134..1375.134 rows=662825 loops=1)
                    Buckets: 131072  Batches: 16  Memory Usage: 2485kB
                    ->  Seq Scan on title t  (cost=0.00..67604.59 rows=667531 width=4) (actual time=0.015..1164.478 rows=662825 loops=1)
                          Filter: (kind_id = 1)
                          Rows Removed by Filter: 1865487
Planning time: 1.141 ms
Execution time: 18423.523 ms
