Hash Join  (cost=263223.43..410822.27 rows=2455747 width=0) (actual time=6656.804..14283.640 rows=18629606 loops=1)
  Hash Cond: (mk.movie_id = t.id)
  ->  Seq Scan on movie_keyword mk  (cost=0.00..81003.12 rows=2533848 width=4) (actual time=0.024..1753.041 rows=2527471 loops=1)
        Filter: (keyword_id < 6271)
        Rows Removed by Filter: 1996459
  ->  Hash  (cost=223018.06..223018.06 rows=2450590 width=8) (actual time=6655.733..6655.733 rows=2447019 loops=1)
        Buckets: 131072  Batches: 64  Memory Usage: 2595kB
        ->  Hash Join  (cost=102767.86..223018.06 rows=2450590 width=8) (actual time=1915.998..5917.408 rows=2447019 loops=1)
              Hash Cond: (mc.movie_id = t.id)
              ->  Seq Scan on movie_companies mc  (cost=0.00..51404.11 rows=2450590 width=4) (actual time=0.011..1270.805 rows=2447019 loops=1)
                    Filter: (company_id > 27)
                    Rows Removed by Filter: 162110
              ->  Hash  (cost=61283.27..61283.27 rows=2528527 width=4) (actual time=1914.547..1914.547 rows=2528312 loops=1)
                    Buckets: 131072  Batches: 64  Memory Usage: 2415kB
                    ->  Seq Scan on title t  (cost=0.00..61283.27 rows=2528527 width=4) (actual time=0.012..1047.148 rows=2528312 loops=1)
Planning time: 1.104 ms
Execution time: 16364.209 ms
