Hash Join  (cost=136030.62..1282951.18 rows=4331363 width=0) (actual time=2974.915..36425.395 rows=5419334 loops=1)
  Hash Cond: (ci.movie_id = t.id)
  ->  Seq Scan on cast_info ci  (cost=0.00..705507.15 rows=34322330 width=4) (actual time=0.025..16510.875 rows=34399992 loops=1)
        Filter: (person_id > 181931)
        Rows Removed by Filter: 1844352
  ->  Hash  (cost=130794.97..130794.97 rows=319092 width=8) (actual time=2973.869..2973.869 rows=179954 loops=1)
        Buckets: 131072  Batches: 8  Memory Usage: 1906kB
        ->  Hash Join  (cost=88391.98..130794.97 rows=319092 width=8) (actual time=1656.387..2927.456 rows=179954 loops=1)
              Hash Cond: (mi_idx.movie_id = t.id)
              ->  Seq Scan on movie_info_idx mi_idx  (cost=0.00..25185.44 rows=915101 width=4) (actual time=0.021..514.141 rows=919850 loops=1)
                    Filter: (info_type_id < 101)
                    Rows Removed by Filter: 460185
              ->  Hash  (cost=73925.90..73925.90 rows=881686 width=4) (actual time=1460.769..1460.769 rows=801513 loops=1)
                    Buckets: 131072  Batches: 16  Memory Usage: 2786kB
                    ->  Seq Scan on title t  (cost=0.00..73925.90 rows=881686 width=4) (actual time=0.022..1204.947 rows=801513 loops=1)
                          Filter: ((production_year < 2006) AND (kind_id = 7))
                          Rows Removed by Filter: 1726799
Planning time: 1.153 ms
Execution time: 37034.270 ms
