Hash Join  (cost=156632.57..900604.17 rows=502508 width=0) (actual time=4717.848..18509.186 rows=875382 loops=1)
  Hash Cond: (ci.movie_id = t.id)
  ->  Seq Scan on cast_info ci  (cost=0.00..705507.15 rows=2735034 width=4) (actual time=1464.169..13645.394 rows=2728943 loops=1)
        Filter: (role_id = 4)
        Rows Removed by Filter: 33515401
  ->  Hash  (cost=149010.49..149010.49 rows=464566 width=8) (actual time=3252.781..3252.781 rows=459925 loops=1)
        Buckets: 131072  Batches: 8  Memory Usage: 3275kB
        ->  Hash Join  (cost=102767.86..149010.49 rows=464566 width=8) (actual time=1873.732..3114.378 rows=459925 loops=1)
              Hash Cond: (mi_idx.movie_id = t.id)
              ->  Seq Scan on movie_info_idx mi_idx  (cost=0.00..25185.44 rows=464566 width=4) (actual time=0.017..446.252 rows=459925 loops=1)
                    Filter: (info_type_id = 101)
                    Rows Removed by Filter: 920110
              ->  Hash  (cost=61283.27..61283.27 rows=2528527 width=4) (actual time=1872.861..1872.861 rows=2528312 loops=1)
                    Buckets: 131072  Batches: 64  Memory Usage: 2415kB
                    ->  Seq Scan on title t  (cost=0.00..61283.27 rows=2528527 width=4) (actual time=0.023..1077.020 rows=2528312 loops=1)
Planning time: 1.246 ms
Execution time: 18615.643 ms
