Hash Join  (cost=74126.72..102801.92 rows=5814 width=0) (actual time=1052.764..1454.387 rows=10018 loops=1)
  Hash Cond: (mi_idx.movie_id = t.id)
  ->  Seq Scan on movie_info_idx mi_idx  (cost=0.00..25185.44 rows=915101 width=4) (actual time=0.006..412.930 rows=919850 loops=1)
        Filter: (info_type_id < 101)
        Rows Removed by Filter: 460185
  ->  Hash  (cost=73925.90..73925.90 rows=16065 width=4) (actual time=891.889..891.889 rows=9704 loops=1)
        Buckets: 16384  Batches: 1  Memory Usage: 470kB
        ->  Seq Scan on title t  (cost=0.00..73925.90 rows=16065 width=4) (actual time=171.883..887.669 rows=9704 loops=1)
              Filter: ((kind_id = 1) AND (production_year = 2002))
              Rows Removed by Filter: 2518608
Planning time: 10.612 ms
Execution time: 1455.928 ms
