Hash Join  (cost=191581.36..723891.34 rows=4920605 width=0) (actual time=4032.797..17649.579 rows=4302522 loops=1)
  Hash Cond: (mi.movie_id = t.id)
  ->  Seq Scan on movie_info mi  (cost=0.00..309384.22 rows=14739122 width=4) (actual time=0.020..5896.052 rows=14835720 loops=1)
  ->  Hash  (cost=177731.61..177731.61 rows=844140 width=8) (actual time=4031.541..4031.541 rows=423110 loops=1)
        Buckets: 131072  Batches: 16  Memory Usage: 2053kB
        ->  Hash Join  (cost=94973.51..177731.61 rows=844140 width=8) (actual time=1689.957..3899.563 rows=423110 loops=1)
              Hash Cond: (mc.movie_id = t.id)
              ->  Seq Scan on movie_companies mc  (cost=0.00..51404.11 rows=1279517 width=4) (actual time=0.024..1137.582 rows=1274246 loops=1)
                    Filter: (company_type_id = 1)
                    Rows Removed by Filter: 1334883
              ->  Hash  (cost=67604.59..67604.59 rows=1668154 width=4) (actual time=1688.439..1688.439 rows=1674098 loops=1)
                    Buckets: 131072  Batches: 32  Memory Usage: 2869kB
                    ->  Seq Scan on title t  (cost=0.00..67604.59 rows=1668154 width=4) (actual time=0.013..1157.197 rows=1674098 loops=1)
                          Filter: (kind_id > 3)
                          Rows Removed by Filter: 854214
Planning time: 1.353 ms
Execution time: 18147.015 ms
