Seq Scan on cast_info ci  (cost=0.00..796071.18 rows=5653259 width=42) (actual time=0.100..11783.430 rows=2395913 loops=1)
  Filter: ((person_id < 845392) AND (role_id > 1))
  Rows Removed by Filter: 33848431
Planning time: 0.502 ms
Execution time: 11932.618 ms
