Hash Join  (cost=82033.88..592575.94 rows=2880513 width=0) (actual time=1525.501..17474.823 rows=6611605 loops=1)
  Hash Cond: (mi.movie_id = t.id)
  ->  Seq Scan on movie_info mi  (cost=0.00..309384.22 rows=14739122 width=4) (actual time=0.028..6228.312 rows=14835720 loops=1)
  ->  Hash  (cost=73925.90..73925.90 rows=494158 width=4) (actual time=1524.605..1524.605 rows=581419 loops=1)
        Buckets: 131072  Batches: 8  Memory Usage: 3601kB
        ->  Seq Scan on title t  (cost=0.00..73925.90 rows=494158 width=4) (actual time=0.019..1329.603 rows=581419 loops=1)
              Filter: ((kind_id < 7) AND (production_year < 2004))
              Rows Removed by Filter: 1946893
Planning time: 0.975 ms
Execution time: 18204.273 ms
