Hash Join  (cost=102767.86..184984.61 rows=869947 width=0) (actual time=2202.191..4205.039 rows=864467 loops=1)
  Hash Cond: (mc.movie_id = t.id)
  ->  Seq Scan on movie_companies mc  (cost=0.00..51404.11 rows=869947 width=4) (actual time=0.019..953.464 rows=864467 loops=1)
        Filter: (company_id < 2561)
        Rows Removed by Filter: 1744662
  ->  Hash  (cost=61283.27..61283.27 rows=2528527 width=4) (actual time=2200.030..2200.030 rows=2528312 loops=1)
        Buckets: 131072  Batches: 64  Memory Usage: 2415kB
        ->  Seq Scan on title t  (cost=0.00..61283.27 rows=2528527 width=4) (actual time=0.014..1134.018 rows=2528312 loops=1)
Planning time: 0.717 ms
Execution time: 4296.619 ms
