Hash Join  (cost=86534.07..614138.47 rows=4479648 width=0) (actual time=2068.064..16197.124 rows=1784690 loops=1)
  Hash Cond: (mi.movie_id = t.id)
  ->  Seq Scan on movie_info mi  (cost=0.00..309384.22 rows=14739122 width=4) (actual time=0.021..6341.943 rows=14835720 loops=1)
  ->  Hash  (cost=73925.90..73925.90 rows=768493 width=4) (actual time=1917.594..1917.594 rows=840010 loops=1)
        Buckets: 131072  Batches: 16  Memory Usage: 2883kB
        ->  Seq Scan on title t  (cost=0.00..73925.90 rows=768493 width=4) (actual time=326.305..1369.138 rows=840010 loops=1)
              Filter: ((kind_id > 6) AND (production_year > 2002))
              Rows Removed by Filter: 1688302
Planning time: 0.755 ms
Execution time: 16431.457 ms
