Seq Scan on cast_info ci  (cost=0.00..705507.15 rows=31379647 width=0) (actual time=0.025..13601.111 rows=31360217 loops=1)
  Filter: (person_id < 3185858)
  Rows Removed by Filter: 4884127
Planning time: 0.330 ms
Execution time: 17418.673 ms
