Seq Scan on movie_companies mc  (cost=0.00..57926.93 rows=51 width=40) (actual time=20.597..1028.050 rows=255 loops=1)
  Filter: ((company_id = 3571) AND (company_type_id = 1))
  Rows Removed by Filter: 2608874
Planning time: 0.455 ms
Execution time: 1028.126 ms
