Hash Join  (cost=83580.70..584163.17 rows=3761410 width=0) (actual time=1616.586..15025.024 rows=4955209 loops=1)
  Hash Cond: (mi.movie_id = t.id)
  ->  Seq Scan on movie_info mi  (cost=0.00..346232.03 rows=9767026 width=4) (actual time=0.016..6691.828 rows=9911754 loops=1)
        Filter: (info_type_id > 4)
        Rows Removed by Filter: 4923966
  ->  Hash  (cost=67604.59..67604.59 rows=973769 width=4) (actual time=1615.444..1615.444 rows=971188 loops=1)
        Buckets: 131072  Batches: 16  Memory Usage: 3169kB
        ->  Seq Scan on title t  (cost=0.00..67604.59 rows=973769 width=4) (actual time=0.014..1294.047 rows=971188 loops=1)
              Filter: (production_year < 1999)
              Rows Removed by Filter: 1557124
Planning time: 0.713 ms
Execution time: 15637.384 ms
