Seq Scan on cast_info ci  (cost=0.00..705507.15 rows=27493493 width=0) (actual time=0.012..12824.917 rows=27505596 loops=1)
  Filter: (person_id < 2816973)
  Rows Removed by Filter: 8738748
Planning time: 0.369 ms
Execution time: 16300.135 ms
