Hash Join  (cost=289613.63..693809.50 rows=2058176 width=0) (actual time=7739.391..23824.973 rows=47837759 loops=1)
  Hash Cond: (mi.movie_id = t.id)
  ->  Seq Scan on movie_info mi  (cost=0.00..346232.03 rows=2194617 width=4) (actual time=1063.075..5562.276 rows=2233850 loops=1)
        Filter: (info_type_id > 16)
        Rows Removed by Filter: 12601870
  ->  Hash  (cost=250709.05..250709.05 rows=2371327 width=8) (actual time=6672.548..6672.548 rows=2364076 loops=1)
        Buckets: 131072  Batches: 32  Memory Usage: 3970kB
        ->  Hash Join  (cost=102767.86..250709.05 rows=2371327 width=8) (actual time=2034.472..6035.464 rows=2364076 loops=1)
              Hash Cond: (mk.movie_id = t.id)
              ->  Seq Scan on movie_keyword mk  (cost=0.00..81003.12 rows=2371327 width=4) (actual time=0.027..1631.508 rows=2364076 loops=1)
                    Filter: (keyword_id > 4107)
                    Rows Removed by Filter: 2159854
              ->  Hash  (cost=61283.27..61283.27 rows=2528527 width=4) (actual time=2032.140..2032.140 rows=2528312 loops=1)
                    Buckets: 131072  Batches: 64  Memory Usage: 2425kB
                    ->  Seq Scan on title t  (cost=0.00..61283.27 rows=2528527 width=4) (actual time=0.022..1171.736 rows=2528312 loops=1)
Planning time: 0.765 ms
Execution time: 29058.845 ms
