Seq Scan on cast_info ci  (cost=0.00..705507.15 rows=28106113 width=0) (actual time=0.013..13328.785 rows=28252647 loops=1)
  Filter: (person_id > 781480)
  Rows Removed by Filter: 7991697
Planning time: 0.326 ms
Execution time: 16840.216 ms
