Seq Scan on cast_info ci  (cost=0.00..796071.18 rows=420 width=0) (actual time=4053.907..14232.851 rows=383 loops=1)
  Filter: ((role_id < 9) AND (person_id = 1747132))
  Rows Removed by Filter: 36243961
Planning time: 0.427 ms
Execution time: 14233.034 ms
