Hash Join  (cost=82955.72..116680.68 rows=101202 width=0) (actual time=1569.280..2435.460 rows=45141 loops=1)
  Hash Cond: (mi_idx.movie_id = t.id)
  ->  Seq Scan on movie_info_idx mi_idx  (cost=0.00..25185.44 rows=464934 width=4) (actual time=0.015..500.484 rows=460185 loops=1)
        Filter: (info_type_id > 100)
        Rows Removed by Filter: 919850
  ->  Hash  (cost=73925.90..73925.90 rows=550385 width=4) (actual time=1568.419..1568.419 rows=602403 loops=1)
        Buckets: 131072  Batches: 8  Memory Usage: 3672kB
        ->  Seq Scan on title t  (cost=0.00..73925.90 rows=550385 width=4) (actual time=0.023..1372.953 rows=602403 loops=1)
              Filter: ((production_year > 2006) AND (kind_id = 7))
              Rows Removed by Filter: 1925909
Planning time: 0.790 ms
Execution time: 2442.044 ms
