Hash Join  (cost=185775.93..315966.42 rows=672046 width=0) (actual time=4271.785..8846.777 rows=4617372 loops=1)
  Hash Cond: (mk.movie_id = t.id)
  ->  Seq Scan on movie_keyword mk  (cost=0.00..69693.30 rows=4523930 width=4) (actual time=0.014..1426.100 rows=4523930 loops=1)
  ->  Hash  (cost=179612.65..179612.65 rows=375622 width=8) (actual time=4270.703..4270.703 rows=693012 loops=1)
        Buckets: 131072 (originally 131072)  Batches: 16 (originally 8)  Memory Usage: 3073kB
        ->  Hash Join  (cost=102767.86..179612.65 rows=375622 width=8) (actual time=1948.645..4065.480 rows=693012 loops=1)
              Hash Cond: (mc.movie_id = t.id)
              ->  Seq Scan on movie_companies mc  (cost=0.00..57926.93 rows=375622 width=4) (actual time=0.022..1057.996 rows=693012 loops=1)
                    Filter: ((company_id > 38484) AND (company_type_id > 1))
                    Rows Removed by Filter: 1916117
              ->  Hash  (cost=61283.27..61283.27 rows=2528527 width=4) (actual time=1947.496..1947.496 rows=2528312 loops=1)
                    Buckets: 131072  Batches: 64  Memory Usage: 2415kB
                    ->  Seq Scan on title t  (cost=0.00..61283.27 rows=2528527 width=4) (actual time=0.035..1102.624 rows=2528312 loops=1)
Planning time: 1.191 ms
Execution time: 9385.427 ms
