Seq Scan on movie_info mi  (cost=0.00..346232.03 rows=1089512 width=0) (actual time=486.568..4943.123 rows=1147717 loops=1)
  Filter: (info_type_id > 51)
  Rows Removed by Filter: 13688003
Planning time: 0.357 ms
Execution time: 5092.628 ms
