Hash Join  (cost=313700.38..1874661.63 rows=42500606 width=0) (actual time=7868.084..76771.080 rows=143216752 loops=1)
  Hash Cond: (ci.movie_id = t.id)
  ->  Seq Scan on cast_info ci  (cost=0.00..614943.12 rows=36225612 width=4) (actual time=0.023..14047.921 rows=36244344 loops=1)
  ->  Hash  (cost=265030.90..265030.90 rows=2966518 width=8) (actual time=7866.621..7866.621 rows=2960017 loops=1)
        Buckets: 131072  Batches: 64  Memory Usage: 2859kB
        ->  Hash Join  (cost=102767.86..265030.90 rows=2966518 width=8) (actual time=1942.947..6417.158 rows=2960017 loops=1)
              Hash Cond: (mk.movie_id = t.id)
              ->  Seq Scan on movie_keyword mk  (cost=0.00..81003.12 rows=2966518 width=4) (actual time=0.026..1771.766 rows=2960017 loops=1)
                    Filter: (keyword_id > 2346)
                    Rows Removed by Filter: 1563913
              ->  Hash  (cost=61283.27..61283.27 rows=2528527 width=4) (actual time=1940.235..1940.235 rows=2528312 loops=1)
                    Buckets: 131072  Batches: 64  Memory Usage: 2425kB
                    ->  Seq Scan on title t  (cost=0.00..61283.27 rows=2528527 width=4) (actual time=0.020..1073.772 rows=2528312 loops=1)
Planning time: 8.496 ms
Execution time: 93014.741 ms
