Nested Loop  (cost=0.43..58358.27 rows=51 width=0) (actual time=94.508..875.485 rows=5 loops=1)
  ->  Seq Scan on movie_companies mc  (cost=0.00..57926.93 rows=51 width=4) (actual time=94.416..875.116 rows=5 loops=1)
        Filter: ((company_id = 6150) AND (company_type_id = 1))
        Rows Removed by Filter: 2609124
  ->  Index Only Scan using title_pkey on title t  (cost=0.43..8.45 rows=1 width=4) (actual time=0.064..0.065 rows=1 loops=5)
        Index Cond: (id = mc.movie_id)
        Heap Fetches: 5
Planning time: 0.806 ms
Execution time: 875.563 ms
