Seq Scan on cast_info ci  (cost=0.00..705507.15 rows=34530422 width=0) (actual time=0.019..14154.627 rows=34524879 loops=1)
  Filter: (person_id < 3721209)
  Rows Removed by Filter: 1719465
Planning time: 0.326 ms
Execution time: 18503.247 ms
