Hash Join  (cost=73929.67..100841.79 rows=164 width=0) (actual time=1091.437..1674.183 rows=606 loops=1)
  Hash Cond: (mi_idx.movie_id = t.id)
  ->  Seq Scan on movie_info_idx mi_idx  (cost=0.00..21735.35 rows=1380035 width=4) (actual time=0.011..328.499 rows=1380035 loops=1)
  ->  Hash  (cost=73925.90..73925.90 rows=301 width=4) (actual time=1080.141..1080.141 rows=814 loops=1)
        Buckets: 1024  Batches: 1  Memory Usage: 37kB
        ->  Seq Scan on title t  (cost=0.00..73925.90 rows=301 width=4) (actual time=635.754..1079.642 rows=814 loops=1)
              Filter: ((kind_id = 3) AND (production_year = 1964))
              Rows Removed by Filter: 2527498
Planning time: 3.938 ms
Execution time: 1674.370 ms
