Hash Join  (cost=268390.32..881489.28 rows=10765413 width=0) (actual time=5926.630..43673.554 rows=101333645 loops=1)
  Hash Cond: (mi.movie_id = t.id)
  ->  Seq Scan on movie_info mi  (cost=0.00..309384.22 rows=14739122 width=4) (actual time=0.022..6219.175 rows=14835720 loops=1)
  ->  Hash  (cost=238089.95..238089.95 rows=1846829 width=8) (actual time=5925.869..5925.869 rows=1849477 loops=1)
        Buckets: 131072  Batches: 32  Memory Usage: 3352kB
        ->  Hash Join  (cost=102767.86..238089.95 rows=1846829 width=8) (actual time=1996.416..5369.305 rows=1849477 loops=1)
              Hash Cond: (mk.movie_id = t.id)
              ->  Seq Scan on movie_keyword mk  (cost=0.00..81003.12 rows=1846829 width=4) (actual time=0.025..1510.052 rows=1849477 loops=1)
                    Filter: (keyword_id > 7477)
                    Rows Removed by Filter: 2674453
              ->  Hash  (cost=61283.27..61283.27 rows=2528527 width=4) (actual time=1993.780..1993.780 rows=2528312 loops=1)
                    Buckets: 131072  Batches: 64  Memory Usage: 2425kB
                    ->  Seq Scan on title t  (cost=0.00..61283.27 rows=2528527 width=4) (actual time=0.015..1135.824 rows=2528312 loops=1)
Planning time: 1.138 ms
Execution time: 55066.973 ms
