Seq Scan on movie_keyword mk  (cost=0.00..81003.12 rows=246 width=0) (actual time=3.979..1206.583 rows=744 loops=1)
  Filter: (keyword_id = 1834)
  Rows Removed by Filter: 4523186
Planning time: 0.391 ms
Execution time: 1206.974 ms
