Hash Join  (cost=182313.34..555069.74 rows=79156 width=0) (actual time=3575.264..10669.844 rows=1174656 loops=1)
  Hash Cond: (mi.movie_id = t.id)
  ->  Seq Scan on movie_info mi  (cost=0.00..346232.03 rows=2194617 width=4) (actual time=0.011..6011.821 rows=2233850 loops=1)
        Filter: (info_type_id > 16)
        Rows Removed by Filter: 12601870
  ->  Hash  (cost=180816.34..180816.34 rows=91200 width=8) (actual time=3574.485..3574.485 rows=125700 loops=1)
        Buckets: 131072  Batches: 2  Memory Usage: 3478kB
        ->  Hash Join  (cost=69090.10..180816.34 rows=91200 width=8) (actual time=2873.006..3535.617 rows=125700 loops=1)
              Hash Cond: (mk.movie_id = t.id)
              ->  Seq Scan on movie_keyword mk  (cost=0.00..81003.12 rows=2547497 width=4) (actual time=0.015..1618.307 rows=2538386 loops=1)
                    Filter: (keyword_id < 6353)
                    Rows Removed by Filter: 1985544
              ->  Hash  (cost=67604.59..67604.59 rows=90521 width=4) (actual time=1125.686..1125.686 rows=90852 loops=1)
                    Buckets: 131072  Batches: 2  Memory Usage: 2632kB
                    ->  Seq Scan on title t  (cost=0.00..67604.59 rows=90521 width=4) (actual time=11.175..1089.165 rows=90852 loops=1)
                          Filter: (kind_id = 2)
                          Rows Removed by Filter: 2437460
Planning time: 1.200 ms
Execution time: 10817.195 ms
