Seq Scan on movie_companies mc  (cost=0.00..51404.11 rows=12263 width=40) (actual time=0.031..970.497 rows=10163 loops=1)
  Filter: (company_id = 846)
  Rows Removed by Filter: 2598966
Planning time: 0.421 ms
Execution time: 971.232 ms
