Seq Scan on cast_info ci  (cost=0.00..796071.18 rows=11573439 width=0) (actual time=3058.633..16548.099 rows=12670688 loops=1)
  Filter: ((person_id < 3453563) AND (role_id < 2))
  Rows Removed by Filter: 23573656
Planning time: 0.345 ms
Execution time: 18147.943 ms
