Hash Join  (cost=175027.18..254774.97 rows=435981 width=0) (actual time=3963.142..6072.763 rows=1549014 loops=1)
  Hash Cond: (mc.movie_id = t.id)
  ->  Seq Scan on movie_companies mc  (cost=0.00..57926.93 rows=1199478 width=4) (actual time=85.466..1227.478 rows=1274246 loops=1)
        Filter: ((company_id < 127091) AND (company_type_id < 2))
        Rows Removed by Filter: 1334883
  ->  Hash  (cost=159947.97..159947.97 rows=919057 width=8) (actual time=3876.973..3876.973 rows=920110 loops=1)
        Buckets: 131072  Batches: 16  Memory Usage: 3269kB
        ->  Hash Join  (cost=102767.86..159947.97 rows=919057 width=8) (actual time=2041.932..3645.370 rows=920110 loops=1)
              Hash Cond: (mi_idx.movie_id = t.id)
              ->  Seq Scan on movie_info_idx mi_idx  (cost=0.00..25185.44 rows=919057 width=4) (actual time=0.016..561.330 rows=920110 loops=1)
                    Filter: (info_type_id > 99)
                    Rows Removed by Filter: 459925
              ->  Hash  (cost=61283.27..61283.27 rows=2528527 width=4) (actual time=2040.050..2040.050 rows=2528312 loops=1)
                    Buckets: 131072  Batches: 64  Memory Usage: 2415kB
                    ->  Seq Scan on title t  (cost=0.00..61283.27 rows=2528527 width=4) (actual time=0.011..1192.428 rows=2528312 loops=1)
Planning time: 2.142 ms
Execution time: 6212.308 ms
