Seq Scan on movie_companies mc  (cost=0.00..57926.93 rows=51 width=0) (actual time=2.368..963.976 rows=118 loops=1)
  Filter: ((company_type_id < 2) AND (company_id = 8751))
  Rows Removed by Filter: 2609011
Planning time: 0.412 ms
Execution time: 964.120 ms
