Hash Join  (cost=252335.34..1504806.37 rows=14944283 width=0) (actual time=5957.198..50113.767 rows=38841426 loops=1)
  Hash Cond: (ci.movie_id = t.id)
  ->  Seq Scan on cast_info ci  (cost=0.00..796071.18 rows=26057607 width=4) (actual time=4.247..18998.473 rows=25660056 loops=1)
        Filter: ((person_id > 598374) AND (role_id < 10))
        Rows Removed by Filter: 10584288
  ->  Hash  (cost=228543.66..228543.66 rows=1450134 width=8) (actual time=5951.637..5951.637 rows=1461243 loops=1)
        Buckets: 131072  Batches: 32  Memory Usage: 2795kB
        ->  Hash Join  (cost=102767.86..228543.66 rows=1450134 width=8) (actual time=2479.518..5543.279 rows=1461243 loops=1)
              Hash Cond: (mk.movie_id = t.id)
              ->  Seq Scan on movie_keyword mk  (cost=0.00..81003.12 rows=1450134 width=4) (actual time=0.025..1562.621 rows=1461243 loops=1)
                    Filter: (keyword_id > 11360)
                    Rows Removed by Filter: 3062687
              ->  Hash  (cost=61283.27..61283.27 rows=2528527 width=4) (actual time=2477.904..2477.904 rows=2528312 loops=1)
                    Buckets: 131072  Batches: 64  Memory Usage: 2425kB
                    ->  Seq Scan on title t  (cost=0.00..61283.27 rows=2528527 width=4) (actual time=0.018..1197.021 rows=2528312 loops=1)
Planning time: 1.116 ms
Execution time: 54232.685 ms
