Hash Join  (cost=88359.31..646846.83 rows=7373959 width=0) (actual time=1629.931..17252.110 rows=8867937 loops=1)
  Hash Cond: (mi.movie_id = t.id)
  ->  Seq Scan on movie_info mi  (cost=0.00..309384.22 rows=14739122 width=4) (actual time=0.019..6131.559 rows=14835720 loops=1)
  ->  Hash  (cost=67604.59..67604.59 rows=1265018 width=4) (actual time=1628.540..1628.540 rows=1263700 loops=1)
        Buckets: 131072  Batches: 32  Memory Usage: 2419kB
        ->  Seq Scan on title t  (cost=0.00..67604.59 rows=1265018 width=4) (actual time=0.014..1212.773 rows=1263700 loops=1)
              Filter: (production_year < 2004)
              Rows Removed by Filter: 1264612
Planning time: 0.736 ms
Execution time: 18182.582 ms
