Seq Scan on movie_keyword mk  (cost=0.00..81003.12 rows=2285106 width=0) (actual time=0.024..1432.989 rows=2290978 loops=1)
  Filter: (keyword_id > 4594)
  Rows Removed by Filter: 2232952
Planning time: 0.243 ms
Execution time: 1698.284 ms
