Seq Scan on movie_keyword mk  (cost=0.00..81003.12 rows=1722654 width=12) (actual time=0.018..1584.526 rows=1733508 loops=1)
  Filter: (keyword_id > 8149)
  Rows Removed by Filter: 2790422
Planning time: 0.214 ms
Execution time: 1688.557 ms
