Seq Scan on cast_info ci  (cost=0.00..796071.18 rows=176 width=0) (actual time=6124.111..11466.882 rows=6 loops=1)
  Filter: ((person_id = 1001216) AND (role_id = 1))
  Rows Removed by Filter: 36244338
Planning time: 0.405 ms
Execution time: 11466.983 ms
