Hash Join  (cost=102851.24..189601.55 rows=9228 width=0) (actual time=1515.708..3294.538 rows=113563 loops=1)
  Hash Cond: (mk.movie_id = t.id)
  ->  Seq Scan on movie_keyword mk  (cost=0.00..69693.30 rows=4523930 width=4) (actual time=0.017..987.291 rows=4523930 loops=1)
  ->  Hash  (cost=102786.76..102786.76 rows=5158 width=8) (actual time=1513.305..1513.305 rows=10764 loops=1)
        Buckets: 16384 (originally 8192)  Batches: 1 (originally 1)  Memory Usage: 549kB
        ->  Hash Join  (cost=74103.28..102786.76 rows=5158 width=8) (actual time=1134.420..1510.462 rows=10764 loops=1)
              Hash Cond: (mi_idx.movie_id = t.id)
              ->  Seq Scan on movie_info_idx mi_idx  (cost=0.00..25185.44 rows=919057 width=4) (actual time=0.021..269.725 rows=920110 loops=1)
                    Filter: (info_type_id > 99)
                    Rows Removed by Filter: 459925
              ->  Hash  (cost=73925.90..73925.90 rows=14190 width=4) (actual time=1133.100..1133.100 rows=12208 loops=1)
                    Buckets: 16384  Batches: 1  Memory Usage: 558kB
                    ->  Seq Scan on title t  (cost=0.00..73925.90 rows=14190 width=4) (actual time=0.114..1127.881 rows=12208 loops=1)
                          Filter: ((kind_id < 7) AND (production_year = 1996))
                          Rows Removed by Filter: 2516104
Planning time: 3.317 ms
Execution time: 3308.692 ms
