Seq Scan on cast_info ci  (cost=0.00..796071.18 rows=168 width=0) (actual time=10726.718..13612.305 rows=1 loops=1)
  Filter: ((role_id > 3) AND (person_id = 3545721))
  Rows Removed by Filter: 36244343
Planning time: 0.413 ms
Execution time: 13612.453 ms
