Hash Join  (cost=156115.35..1088247.96 rows=1386229 width=0) (actual time=3015.954..23088.960 rows=1878715 loops=1)
  Hash Cond: (ci.movie_id = t.id)
  ->  Seq Scan on cast_info ci  (cost=0.00..796071.18 rows=10455238 width=4) (actual time=0.018..16183.024 rows=8082335 loops=1)
        Filter: ((person_id > 614869) AND (role_id < 2))
        Rows Removed by Filter: 28162009
  ->  Hash  (cost=150614.73..150614.73 rows=335250 width=8) (actual time=3013.711..3013.711 rows=225472 loops=1)
        Buckets: 131072  Batches: 8  Memory Usage: 2107kB
        ->  Hash Join  (cost=78473.92..150614.73 rows=335250 width=8) (actual time=1480.253..2946.992 rows=225472 loops=1)
              Hash Cond: (mc.movie_id = t.id)
              ->  Seq Scan on movie_companies mc  (cost=0.00..51404.11 rows=1279517 width=4) (actual time=182.403..899.928 rows=1274246 loops=1)
                    Filter: (company_type_id = 1)
                    Rows Removed by Filter: 1334883
              ->  Hash  (cost=67604.59..67604.59 rows=662507 width=4) (actual time=1297.157..1297.157 rows=662065 loops=1)
                    Buckets: 131072  Batches: 16  Memory Usage: 2481kB
                    ->  Seq Scan on title t  (cost=0.00..67604.59 rows=662507 width=4) (actual time=0.028..1081.654 rows=662065 loops=1)
                          Filter: (production_year > 2008)
                          Rows Removed by Filter: 1866247
Planning time: 4.188 ms
Execution time: 23298.909 ms
