Hash Join  (cost=465685.55..1643874.82 rows=5726439 width=0) (actual time=8376.102..54388.471 rows=42922671 loops=1)
  Hash Cond: (ci.movie_id = t.id)
  ->  Seq Scan on cast_info ci  (cost=0.00..705507.15 rows=35791136 width=4) (actual time=0.019..17187.353 rows=35788614 loops=1)
        Filter: (person_id < 3974746)
        Rows Removed by Filter: 455730
  ->  Hash  (cost=459047.62..459047.62 rows=404554 width=8) (actual time=8375.056..8375.056 rows=762443 loops=1)
        Buckets: 131072 (originally 131072)  Batches: 16 (originally 8)  Memory Usage: 3073kB
        ->  Hash Join  (cost=81573.24..459047.62 rows=404554 width=8) (actual time=1989.498..8136.612 rows=762443 loops=1)
              Hash Cond: (mi.movie_id = t.id)
              ->  Seq Scan on movie_info mi  (cost=0.00..346232.03 rows=2194617 width=4) (actual time=739.577..5172.046 rows=2233850 loops=1)
                    Filter: (info_type_id > 16)
                    Rows Removed by Filter: 12601870
              ->  Hash  (cost=73925.90..73925.90 rows=466107 width=4) (actual time=1203.886..1203.886 rows=396359 loops=1)
                    Buckets: 131072  Batches: 8  Memory Usage: 2769kB
                    ->  Seq Scan on title t  (cost=0.00..73925.90 rows=466107 width=4) (actual time=0.032..1073.595 rows=396359 loops=1)
                          Filter: ((kind_id < 7) AND (production_year > 2003))
                          Rows Removed by Filter: 2131953
Planning time: 1.168 ms
Execution time: 59344.143 ms
