Seq Scan on cast_info ci  (cost=0.00..705507.15 rows=29387639 width=0) (actual time=0.025..14037.341 rows=29471978 loops=1)
  Filter: (person_id > 654327)
  Rows Removed by Filter: 6772366
Planning time: 0.350 ms
Execution time: 17718.261 ms
