Hash Join  (cost=70308.29..166804.45 rows=79222 width=0) (actual time=1187.001..3145.430 rows=32915 loops=1)
  Hash Cond: (mk.movie_id = t.id)
  ->  Seq Scan on movie_keyword mk  (cost=0.00..81003.12 rows=1215686 width=4) (actual time=0.016..1449.038 rows=1224495 loops=1)
        Filter: (keyword_id > 14843)
        Rows Removed by Filter: 3299435
  ->  Hash  (cost=67604.59..67604.59 rows=164776 width=4) (actual time=1183.432..1183.432 rows=164307 loops=1)
        Buckets: 131072  Batches: 4  Memory Usage: 2488kB
        ->  Seq Scan on title t  (cost=0.00..67604.59 rows=164776 width=4) (actual time=0.018..1123.081 rows=164307 loops=1)
              Filter: (production_year = 2012)
              Rows Removed by Filter: 2364005
Planning time: 0.659 ms
Execution time: 3150.100 ms
