Seq Scan on movie_keyword mk  (cost=0.00..81003.12 rows=1470676 width=0) (actual time=0.050..1536.373 rows=1482441 loops=1)
  Filter: (keyword_id > 11044)
  Rows Removed by Filter: 3041489
Planning time: 0.305 ms
Execution time: 1722.070 ms
