Hash Join  (cost=83073.39..111690.77 rows=32 width=0) (actual time=1293.958..1898.410 rows=140 loops=1)
  Hash Cond: (mi_idx.movie_id = t.id)
  ->  Seq Scan on movie_info_idx mi_idx  (cost=0.00..25185.44 rows=915101 width=4) (actual time=0.014..466.884 rows=919850 loops=1)
        Filter: (info_type_id < 101)
        Rows Removed by Filter: 460185
  ->  Hash  (cost=83072.29..83072.29 rows=88 width=8) (actual time=1292.155..1292.155 rows=82 loops=1)
        Buckets: 1024  Batches: 1  Memory Usage: 12kB
        ->  Nested Loop  (cost=0.43..83072.29 rows=88 width=8) (actual time=28.328..1292.041 rows=82 loops=1)
              ->  Seq Scan on movie_keyword mk  (cost=0.00..81003.12 rows=246 width=4) (actual time=13.534..1277.607 rows=175 loops=1)
                    Filter: (keyword_id = 11109)
                    Rows Removed by Filter: 4523755
              ->  Index Scan using title_pkey on title t  (cost=0.43..8.40 rows=1 width=4) (actual time=0.079..0.079 rows=0 loops=175)
                    Index Cond: (id = mk.movie_id)
                    Filter: (production_year > 2006)
                    Rows Removed by Filter: 1
Planning time: 1.244 ms
Execution time: 1898.599 ms
