Seq Scan on movie_keyword mk  (cost=0.00..81003.12 rows=3715586 width=0) (actual time=0.019..1396.102 rows=3711772 loops=1)
  Filter: (keyword_id < 22624)
  Rows Removed by Filter: 812158
Planning time: 0.226 ms
Execution time: 1823.788 ms
