Nested Loop  (cost=0.43..83071.67 rows=246 width=0) (actual time=192.442..1294.446 rows=6 loops=1)
  ->  Seq Scan on movie_keyword mk  (cost=0.00..81003.12 rows=246 width=4) (actual time=192.353..1294.121 rows=6 loops=1)
        Filter: (keyword_id = 61174)
        Rows Removed by Filter: 4523924
  ->  Index Only Scan using title_pkey on title t  (cost=0.43..8.40 rows=1 width=4) (actual time=0.046..0.047 rows=1 loops=6)
        Index Cond: (id = mk.movie_id)
        Heap Fetches: 6
Planning time: 0.739 ms
Execution time: 1294.514 ms
