Hash Join  (cost=268512.48..446011.15 rows=2174063 width=156) (actual time=6966.185..17506.988 rows=10187391 loops=1)
  Hash Cond: (mk.movie_id = t.id)
  ->  Seq Scan on movie_keyword mk  (cost=0.00..69693.30 rows=4523930 width=12) (actual time=0.023..1669.690 rows=4523930 loops=1)
  ->  Hash  (cost=228403.32..228403.32 rows=1215133 width=144) (actual time=6965.083..6965.083 rows=1310384 loops=1)
        Buckets: 32768  Batches: 64  Memory Usage: 2989kB
        ->  Hash Join  (cost=128048.46..228403.32 rows=1215133 width=144) (actual time=3019.778..6060.412 rows=1310384 loops=1)
              Hash Cond: (mi_idx.movie_id = t.id)
              ->  Seq Scan on movie_info_idx mi_idx  (cost=0.00..21735.35 rows=1380035 width=50) (actual time=0.013..459.855 rows=1380035 loops=1)
              ->  Hash  (cost=67604.59..67604.59 rows=2226390 width=94) (actual time=3019.242..3019.242 rows=2224569 loops=1)
                    Buckets: 32768  Batches: 128  Memory Usage: 2190kB
                    ->  Seq Scan on title t  (cost=0.00..67604.59 rows=2226390 width=94) (actual time=0.011..1668.795 rows=2224569 loops=1)
                          Filter: (production_year < 2012)
                          Rows Removed by Filter: 303743
Planning time: 1.236 ms
Execution time: 18097.302 ms
