Hash Join  (cost=258502.68..1566817.96 rows=22314506 width=0) (actual time=5812.118..51409.894 rows=61114119 loops=1)
  Hash Cond: (ci.movie_id = t.id)
  ->  Seq Scan on cast_info ci  (cost=0.00..614943.12 rows=36225612 width=4) (actual time=0.024..13390.115 rows=36244344 loops=1)
  ->  Hash  (cost=232948.43..232948.43 rows=1557540 width=8) (actual time=5810.360..5810.360 rows=1041080 loops=1)
        Buckets: 131072  Batches: 32  Memory Usage: 2357kB
        ->  Hash Join  (cost=82423.69..232948.43 rows=1557540 width=8) (actual time=1522.050..5501.301 rows=1041080 loops=1)
              Hash Cond: (mk.movie_id = t.id)
              ->  Seq Scan on movie_keyword mk  (cost=0.00..81003.12 rows=4360326 width=4) (actual time=0.024..1745.112 rows=4346368 loops=1)
                    Filter: (keyword_id > 121)
                    Rows Removed by Filter: 177562
              ->  Hash  (cost=67604.59..67604.59 rows=903208 width=4) (actual time=1520.759..1520.759 rows=904491 loops=1)
                    Buckets: 131072  Batches: 16  Memory Usage: 3017kB
                    ->  Seq Scan on title t  (cost=0.00..67604.59 rows=903208 width=4) (actual time=0.050..1210.698 rows=904491 loops=1)
                          Filter: (production_year > 2006)
                          Rows Removed by Filter: 1623821
Planning time: 1.200 ms
Execution time: 58416.489 ms
