Hash Join  (cost=484261.85..610723.76 rows=822022 width=0) (actual time=8328.584..11664.998 rows=1386974 loops=1)
  Hash Cond: (mk.movie_id = t.id)
  ->  Seq Scan on movie_keyword mk  (cost=0.00..81003.12 rows=2985218 width=4) (actual time=0.012..1713.222 rows=2973501 loops=1)
        Filter: (keyword_id > 2276)
        Rows Removed by Filter: 1550429
  ->  Hash  (cost=472838.52..472838.52 rows=696266 width=8) (actual time=8327.361..8327.361 rows=230015 loops=1)
        Buckets: 131072  Batches: 16  Memory Usage: 1548kB
        ->  Hash Join  (cost=98864.94..472838.52 rows=696266 width=8) (actual time=2644.715..8247.285 rows=230015 loops=1)
              Hash Cond: (mi.movie_id = t.id)
              ->  Seq Scan on movie_info mi  (cost=0.00..346232.03 rows=1158179 width=4) (actual time=494.456..5313.608 rows=1204709 loops=1)
                    Filter: (info_type_id > 18)
                    Rows Removed by Filter: 13631011
              ->  Hash  (cost=73925.90..73925.90 rows=1520083 width=4) (actual time=2021.814..2021.814 rows=1507233 loops=1)
                    Buckets: 131072  Batches: 32  Memory Usage: 2686kB
                    ->  Seq Scan on title t  (cost=0.00..73925.90 rows=1520083 width=4) (actual time=0.029..1518.929 rows=1507233 loops=1)
                          Filter: ((kind_id > 1) AND (production_year < 2011))
                          Rows Removed by Filter: 1021079
Planning time: 0.962 ms
Execution time: 11835.825 ms
