Hash Join  (cost=102767.86..200594.29 rows=1247600 width=0) (actual time=2170.288..4515.860 rows=1214780 loops=1)
  Hash Cond: (mc.movie_id = t.id)
  ->  Seq Scan on movie_companies mc  (cost=0.00..57926.93 rows=1247600 width=4) (actual time=202.937..1243.813 rows=1214780 loops=1)
        Filter: ((company_id > 6) AND (company_type_id < 2))
        Rows Removed by Filter: 1394349
  ->  Hash  (cost=61283.27..61283.27 rows=2528527 width=4) (actual time=1966.083..1966.083 rows=2528312 loops=1)
        Buckets: 131072  Batches: 64  Memory Usage: 2415kB
        ->  Seq Scan on title t  (cost=0.00..61283.27 rows=2528527 width=4) (actual time=0.023..1127.454 rows=2528312 loops=1)
Planning time: 0.668 ms
Execution time: 4658.510 ms
