Hash Join  (cost=195181.58..984370.16 rows=354124 width=0) (actual time=3593.085..22487.594 rows=1388136 loops=1)
  Hash Cond: (ci.movie_id = t.id)
  ->  Seq Scan on cast_info ci  (cost=0.00..705507.15 rows=21370717 width=4) (actual time=0.016..12862.403 rows=21223091 loops=1)
        Filter: (person_id < 2145581)
        Rows Removed by Filter: 15021253
  ->  Hash  (cost=194657.84..194657.84 rows=41899 width=8) (actual time=3592.654..3592.654 rows=38754 loops=1)
        Buckets: 65536  Batches: 1  Memory Usage: 2026kB
        ->  Hash Join  (cost=102767.86..194657.84 rows=41899 width=8) (actual time=1801.726..3579.210 rows=38754 loops=1)
              Hash Cond: (mk.movie_id = t.id)
              ->  Seq Scan on movie_keyword mk  (cost=0.00..81003.12 rows=41899 width=4) (actual time=0.083..1352.421 rows=38754 loops=1)
                    Filter: (keyword_id > 105305)
                    Rows Removed by Filter: 4485176
              ->  Hash  (cost=61283.27..61283.27 rows=2528527 width=4) (actual time=1799.740..1799.740 rows=2528312 loops=1)
                    Buckets: 131072  Batches: 64  Memory Usage: 2425kB
                    ->  Seq Scan on title t  (cost=0.00..61283.27 rows=2528527 width=4) (actual time=0.019..959.681 rows=2528312 loops=1)
Planning time: 2.388 ms
Execution time: 22673.117 ms
