Hash Join  (cost=122033.46..612019.93 rows=954057 width=0) (actual time=2713.269..17472.552 rows=8261829 loops=1)
  Hash Cond: (mi.movie_id = t.id)
  ->  Seq Scan on movie_info mi  (cost=0.00..309384.22 rows=14739122 width=4) (actual time=0.019..5935.317 rows=14835720 loops=1)
  ->  Hash  (cost=119347.59..119347.59 rows=163670 width=8) (actual time=2712.412..2712.412 rows=383469 loops=1)
        Buckets: 131072 (originally 131072)  Batches: 8 (originally 4)  Memory Usage: 3073kB
        ->  Hash Join  (cost=78846.40..119347.59 rows=163670 width=8) (actual time=1348.101..2597.058 rows=383469 loops=1)
              Hash Cond: (mi_idx.movie_id = t.id)
              ->  Seq Scan on movie_info_idx mi_idx  (cost=0.00..21735.35 rows=1380035 width=4) (actual time=0.012..457.403 rows=1380035 loops=1)
              ->  Hash  (cost=73925.90..73925.90 rows=299880 width=4) (actual time=1347.339..1347.339 rows=391036 loops=1)
                    Buckets: 131072 (originally 131072)  Batches: 8 (originally 4)  Memory Usage: 3073kB
                    ->  Seq Scan on title t  (cost=0.00..73925.90 rows=299880 width=4) (actual time=581.055..1221.761 rows=391036 loops=1)
                          Filter: ((production_year < 2002) AND (kind_id = 1))
                          Rows Removed by Filter: 2137276
Planning time: 1.335 ms
Execution time: 18420.186 ms
