Seq Scan on title t  (cost=0.00..73925.90 rows=539566 width=0) (actual time=0.017..1182.773 rows=428248 loops=1)
  Filter: ((production_year < 1997) AND (kind_id = 7))
  Rows Removed by Filter: 2100064
Planning time: 0.401 ms
Execution time: 1238.382 ms
