Seq Scan on cast_info ci  (cost=0.00..796071.18 rows=224 width=42) (actual time=7317.366..10851.297 rows=547 loops=1)
  Filter: ((role_id > 2) AND (person_id = 3725337))
  Rows Removed by Filter: 36243797
Planning time: 0.540 ms
Execution time: 10851.357 ms
