Hash Join  (cost=270119.04..1447374.58 rows=17184476 width=0) (actual time=6320.536..49067.791 rows=68757192 loops=1)
  Hash Cond: (ci.movie_id = t.id)
  ->  Seq Scan on cast_info ci  (cost=0.00..705507.15 rows=22826729 width=4) (actual time=0.018..14998.202 rows=22704881 loops=1)
        Filter: (person_id < 2317477)
        Rows Removed by Filter: 13539463
  ->  Hash  (cost=238888.89..238888.89 rows=1903532 width=8) (actual time=6319.759..6319.759 rows=2320410 loops=1)
        Buckets: 131072  Batches: 32  Memory Usage: 3791kB
        ->  Hash Join  (cost=93117.31..238888.89 rows=1903532 width=8) (actual time=1798.582..5644.868 rows=2320410 loops=1)
              Hash Cond: (mk.movie_id = t.id)
              ->  Seq Scan on movie_keyword mk  (cost=0.00..81003.12 rows=3095226 width=4) (actual time=0.025..1560.590 rows=3079024 loops=1)
                    Filter: (keyword_id > 2021)
                    Rows Removed by Filter: 1444906
              ->  Hash  (cost=67604.59..67604.59 rows=1555018 width=4) (actual time=1797.877..1797.877 rows=1551727 loops=1)
                    Buckets: 131072  Batches: 32  Memory Usage: 2736kB
                    ->  Seq Scan on title t  (cost=0.00..67604.59 rows=1555018 width=4) (actual time=0.013..1283.634 rows=1551727 loops=1)
                          Filter: (production_year < 2007)
                          Rows Removed by Filter: 976585
Planning time: 1.404 ms
Execution time: 56293.025 ms
