Hash Join  (cost=74006.08..155925.07 rows=615 width=0) (actual time=1143.766..2367.683 rows=604 loops=1)
  Hash Cond: (mk.movie_id = t.id)
  ->  Seq Scan on movie_keyword mk  (cost=0.00..81003.12 rows=242590 width=4) (actual time=0.037..1242.416 rows=260933 loops=1)
        Filter: (keyword_id < 229)
        Rows Removed by Filter: 4262997
  ->  Hash  (cost=73925.90..73925.90 rows=6414 width=4) (actual time=1059.377..1059.377 rows=7736 loops=1)
        Buckets: 8192  Batches: 1  Memory Usage: 336kB
        ->  Seq Scan on title t  (cost=0.00..73925.90 rows=6414 width=4) (actual time=605.632..1055.931 rows=7736 loops=1)
              Filter: ((kind_id = 4) AND (production_year = 2010))
              Rows Removed by Filter: 2520576
Planning time: 0.832 ms
Execution time: 2367.953 ms
