Hash Join  (cost=102767.86..1171333.13 rows=10913852 width=0) (actual time=5649.949..23268.770 rows=5753800 loops=1)
  Hash Cond: (ci.movie_id = t.id)
  ->  Seq Scan on cast_info ci  (cost=0.00..796071.18 rows=10913852 width=4) (actual time=3467.961..15654.564 rows=5753800 loops=1)
        Filter: ((person_id < 2500247) AND (role_id > 2))
        Rows Removed by Filter: 30490544
  ->  Hash  (cost=61283.27..61283.27 rows=2528527 width=4) (actual time=2180.660..2180.660 rows=2528312 loops=1)
        Buckets: 131072  Batches: 64  Memory Usage: 2415kB
        ->  Seq Scan on title t  (cost=0.00..61283.27 rows=2528527 width=4) (actual time=0.035..1158.115 rows=2528312 loops=1)
Planning time: 0.791 ms
Execution time: 23955.208 ms
