Nested Loop  (cost=0.43..83071.67 rows=246 width=0) (actual time=5.622..1122.483 rows=835 loops=1)
  ->  Seq Scan on movie_keyword mk  (cost=0.00..81003.12 rows=246 width=4) (actual time=5.558..1087.002 rows=835 loops=1)
        Filter: (keyword_id = 3600)
        Rows Removed by Filter: 4523095
  ->  Index Only Scan using title_pkey on title t  (cost=0.43..8.40 rows=1 width=4) (actual time=0.041..0.041 rows=1 loops=835)
        Index Cond: (id = mk.movie_id)
        Heap Fetches: 835
Planning time: 0.774 ms
Execution time: 1122.882 ms
