Seq Scan on movie_keyword mk  (cost=0.00..81003.12 rows=1320708 width=0) (actual time=0.021..1334.715 rows=1330935 loops=1)
  Filter: (keyword_id < 1740)
  Rows Removed by Filter: 3192995
Planning time: 0.333 ms
Execution time: 1501.475 ms
