Hash Join  (cost=65694.33..92608.62 rows=380 width=0) (actual time=780.731..1344.476 rows=1116 loops=1)
  Hash Cond: (mi_idx.movie_id = t.id)
  ->  Seq Scan on movie_info_idx mi_idx  (cost=0.00..21735.35 rows=1380035 width=4) (actual time=0.011..302.479 rows=1380035 loops=1)
  ->  Hash  (cost=65685.63..65685.63 rows=696 width=8) (actual time=779.307..779.307 rows=724 loops=1)
        Buckets: 1024  Batches: 1  Memory Usage: 37kB
        ->  Nested Loop  (cost=0.43..65685.63 rows=696 width=8) (actual time=87.659..778.859 rows=724 loops=1)
              ->  Seq Scan on movie_companies mc  (cost=0.00..57926.93 rows=945 width=4) (actual time=87.598..764.401 rows=743 loops=1)
                    Filter: ((company_id < 6) AND (company_type_id > 1))
                    Rows Removed by Filter: 2608386
              ->  Index Scan using title_pkey on title t  (cost=0.43..8.20 rows=1 width=4) (actual time=0.018..0.019 rows=1 loops=743)
                    Index Cond: (id = mc.movie_id)
                    Filter: (kind_id > 1)
                    Rows Removed by Filter: 0
Planning time: 1.835 ms
Execution time: 1344.793 ms
