Seq Scan on title t  (cost=0.00..67604.59 rows=386865 width=0) (actual time=0.025..1084.854 rows=381430 loops=1)
  Filter: (production_year < 1971)
  Rows Removed by Filter: 2146882
Planning time: 0.330 ms
Execution time: 1135.209 ms
