Hash Join  (cost=102767.86..1391408.15 rows=23823578 width=0) (actual time=1977.248..37696.920 rows=23744049 loops=1)
  Hash Cond: (ci.movie_id = t.id)
  ->  Seq Scan on cast_info ci  (cost=0.00..705507.15 rows=23823578 width=4) (actual time=0.030..15633.425 rows=23744049 loops=1)
        Filter: (person_id < 2433072)
        Rows Removed by Filter: 12500295
  ->  Hash  (cost=61283.27..61283.27 rows=2528527 width=4) (actual time=1974.878..1974.878 rows=2528312 loops=1)
        Buckets: 131072  Batches: 64  Memory Usage: 2415kB
        ->  Seq Scan on title t  (cost=0.00..61283.27 rows=2528527 width=4) (actual time=0.014..1152.627 rows=2528312 loops=1)
Planning time: 1.313 ms
Execution time: 40473.837 ms
