Hash Join  (cost=85000.09..536845.19 rows=1931482 width=0) (actual time=2728.709..12046.770 rows=352333 loops=1)
  Hash Cond: (mi.movie_id = t.id)
  ->  Seq Scan on movie_info mi  (cost=0.00..346232.03 rows=7235534 width=4) (actual time=1246.695..6302.842 rows=7286865 loops=1)
        Filter: (info_type_id < 8)
        Rows Removed by Filter: 7548855
  ->  Hash  (cost=73925.90..73925.90 rows=674975 width=4) (actual time=1480.048..1480.048 rows=739679 loops=1)
        Buckets: 131072  Batches: 16  Memory Usage: 2660kB
        ->  Seq Scan on title t  (cost=0.00..73925.90 rows=674975 width=4) (actual time=0.031..1235.239 rows=739679 loops=1)
              Filter: ((production_year > 2004) AND (kind_id = 7))
              Rows Removed by Filter: 1788633
Planning time: 1.544 ms
Execution time: 12084.973 ms
