Hash Join  (cost=118128.04..282415.38 rows=1863534 width=106) (actual time=2640.400..6175.579 rows=914498 loops=1)
  Hash Cond: (mk.movie_id = t.id)
  ->  Seq Scan on movie_keyword mk  (cost=0.00..81003.12 rows=2531975 width=12) (actual time=0.028..1504.954 rows=2524628 loops=1)
        Filter: (keyword_id > 3535)
        Rows Removed by Filter: 1999302
  ->  Hash  (cost=67604.59..67604.59 rows=1860996 width=94) (actual time=2638.628..2638.628 rows=1865487 loops=1)
        Buckets: 32768  Batches: 64  Memory Usage: 3605kB
        ->  Seq Scan on title t  (cost=0.00..67604.59 rows=1860996 width=94) (actual time=0.016..1172.556 rows=1865487 loops=1)
              Filter: (kind_id > 1)
              Rows Removed by Filter: 662825
Planning time: 2.203 ms
Execution time: 6230.408 ms
