Hash Join  (cost=443343.53..1289091.04 rows=498373 width=0) (actual time=9028.686..25964.904 rows=412243 loops=1)
  Hash Cond: (ci.movie_id = t.id)
  ->  Seq Scan on cast_info ci  (cost=0.00..705507.15 rows=7556663 width=4) (actual time=0.025..13934.491 rows=7436237 loops=1)
        Filter: (role_id > 7)
        Rows Removed by Filter: 28808107
  ->  Hash  (cost=440607.03..440607.03 rows=166760 width=8) (actual time=9027.272..9027.272 rows=81730 loops=1)
        Buckets: 131072  Batches: 4  Memory Usage: 1818kB
        ->  Hash Join  (cost=74283.51..440607.03 rows=166760 width=8) (actual time=1440.215..8972.944 rows=81730 loops=1)
              Hash Cond: (mi.movie_id = t.id)
              ->  Seq Scan on movie_info mi  (cost=0.00..309384.22 rows=14739122 width=4) (actual time=0.018..3955.377 rows=14835720 loops=1)
              ->  Hash  (cost=73925.90..73925.90 rows=28608 width=4) (actual time=1185.395..1185.395 rows=32134 loops=1)
                    Buckets: 32768  Batches: 1  Memory Usage: 1386kB
                    ->  Seq Scan on title t  (cost=0.00..73925.90 rows=28608 width=4) (actual time=267.769..1171.676 rows=32134 loops=1)
                          Filter: ((kind_id = 7) AND (production_year = 1998))
                          Rows Removed by Filter: 2496178
Planning time: 1.182 ms
Execution time: 26013.517 ms
