Hash Join  (cost=491644.87..1342385.43 rows=1117059 width=0) (actual time=12846.339..25312.455 rows=727535 loops=1)
  Hash Cond: (ci.movie_id = t.id)
  ->  Seq Scan on cast_info ci  (cost=0.00..796071.18 rows=3488479 width=4) (actual time=3889.370..14991.108 rows=1509818 loops=1)
        Filter: ((person_id < 2961034) AND (role_id = 10))
        Rows Removed by Filter: 34734526
  ->  Hash  (cost=478361.00..478361.00 rows=809669 width=8) (actual time=8955.609..8955.609 rows=802140 loops=1)
        Buckets: 131072  Batches: 16  Memory Usage: 2973kB
        ->  Hash Join  (cost=102767.86..478361.00 rows=809669 width=8) (actual time=4241.729..8719.466 rows=802140 loops=1)
              Hash Cond: (mi.movie_id = t.id)
              ->  Seq Scan on movie_info mi  (cost=0.00..346232.03 rows=809669 width=4) (actual time=2249.417..5649.997 rows=802140 loops=1)
                    Filter: (info_type_id = 1)
                    Rows Removed by Filter: 14033580
              ->  Hash  (cost=61283.27..61283.27 rows=2528527 width=4) (actual time=1991.289..1991.289 rows=2528312 loops=1)
                    Buckets: 131072  Batches: 64  Memory Usage: 2425kB
                    ->  Seq Scan on title t  (cost=0.00..61283.27 rows=2528527 width=4) (actual time=0.026..1131.611 rows=2528312 loops=1)
Planning time: 1.161 ms
Execution time: 25394.317 ms
