Hash Join  (cost=203283.64..985614.91 rows=2074463 width=0) (actual time=6763.428..18457.398 rows=1767803 loops=1)
  Hash Cond: (ci.movie_id = t.id)
  ->  Seq Scan on cast_info ci  (cost=0.00..705507.15 rows=4451863 width=4) (actual time=2380.141..11076.153 rows=4325335 loops=1)
        Filter: (person_id < 417070)
        Rows Removed by Filter: 31919009
  ->  Hash  (cost=183952.72..183952.72 rows=1178234 width=8) (actual time=4379.841..4379.841 rows=467400 loops=1)
        Buckets: 131072  Batches: 16  Memory Usage: 2149kB
        ->  Hash Join  (cost=92659.85..183952.72 rows=1178234 width=8) (actual time=1707.271..4239.605 rows=467400 loops=1)
              Hash Cond: (mc.movie_id = t.id)
              ->  Seq Scan on movie_companies mc  (cost=0.00..44881.29 rows=2609129 width=4) (actual time=0.021..914.335 rows=2609129 loops=1)
              ->  Hash  (cost=73925.90..73925.90 rows=1141836 width=4) (actual time=1706.589..1706.589 rows=1235288 loops=1)
                    Buckets: 131072  Batches: 16  Memory Usage: 3750kB
                    ->  Seq Scan on title t  (cost=0.00..73925.90 rows=1141836 width=4) (actual time=0.015..1314.809 rows=1235288 loops=1)
                          Filter: ((production_year > 1984) AND (kind_id = 7))
                          Rows Removed by Filter: 1293024
Planning time: 1.166 ms
Execution time: 18644.221 ms
