Seq Scan on cast_info ci  (cost=0.00..705507.15 rows=500 width=0) (actual time=3696.456..10893.155 rows=117 loops=1)
  Filter: (person_id = 3806103)
  Rows Removed by Filter: 36244227
Planning time: 0.383 ms
Execution time: 10893.249 ms
