Hash Join  (cost=125495.56..617209.48 rows=1116001 width=0) (actual time=2638.822..17306.945 rows=6478313 loops=1)
  Hash Cond: (mi.movie_id = t.id)
  ->  Seq Scan on movie_info mi  (cost=0.00..309384.22 rows=14739122 width=4) (actual time=0.019..6159.202 rows=14835720 loops=1)
  ->  Hash  (cost=122354.41..122354.41 rows=191452 width=8) (actual time=2630.843..2630.843 rows=287761 loops=1)
        Buckets: 131072  Batches: 4  Memory Usage: 3843kB
        ->  Hash Join  (cost=82567.99..122354.41 rows=191452 width=8) (actual time=1506.552..2534.328 rows=287761 loops=1)
              Hash Cond: (mi_idx.movie_id = t.id)
              ->  Seq Scan on movie_info_idx mi_idx  (cost=0.00..25185.44 rows=919057 width=4) (actual time=0.025..519.462 rows=920110 loops=1)
                    Filter: (info_type_id > 99)
                    Rows Removed by Filter: 459925
              ->  Hash  (cost=73925.90..73925.90 rows=526727 width=4) (actual time=1410.690..1410.690 rows=399363 loops=1)
                    Buckets: 131072  Batches: 8  Memory Usage: 2788kB
                    ->  Seq Scan on title t  (cost=0.00..73925.90 rows=526727 width=4) (actual time=501.383..1287.215 rows=399363 loops=1)
                          Filter: ((kind_id < 2) AND (production_year > 1976))
                          Rows Removed by Filter: 2128949
Planning time: 1.379 ms
Execution time: 18060.108 ms
