Hash Join  (cost=102767.86..176003.20 rows=225625 width=0) (actual time=1960.825..3337.372 rows=107188 loops=1)
  Hash Cond: (mc.movie_id = t.id)
  ->  Seq Scan on movie_companies mc  (cost=0.00..57926.93 rows=225625 width=4) (actual time=0.028..870.079 rows=107188 loops=1)
        Filter: ((company_id < 330) AND (company_type_id > 1))
        Rows Removed by Filter: 2501941
  ->  Hash  (cost=61283.27..61283.27 rows=2528527 width=4) (actual time=1957.777..1957.777 rows=2528312 loops=1)
        Buckets: 131072  Batches: 64  Memory Usage: 2415kB
        ->  Seq Scan on title t  (cost=0.00..61283.27 rows=2528527 width=4) (actual time=0.014..1133.356 rows=2528312 loops=1)
Planning time: 0.724 ms
Execution time: 3351.167 ms
