Seq Scan on cast_info ci  (cost=0.00..796071.18 rows=435 width=0) (actual time=1851.038..15140.674 rows=517 loops=1)
  Filter: ((role_id < 10) AND (person_id = 2633667))
  Rows Removed by Filter: 36243827
Planning time: 0.390 ms
Execution time: 15140.854 ms
