Nested Loop  (cost=0.43..191500.78 rows=20961 width=0) (actual time=0.096..1675.411 rows=19528 loops=1)
  ->  Seq Scan on movie_keyword mk  (cost=0.00..81003.12 rows=20961 width=4) (actual time=0.027..1207.972 rows=19528 loops=1)
        Filter: (keyword_id = 137)
        Rows Removed by Filter: 4504402
  ->  Index Only Scan using title_pkey on title t  (cost=0.43..5.26 rows=1 width=4) (actual time=0.023..0.023 rows=1 loops=19528)
        Index Cond: (id = mk.movie_id)
        Heap Fetches: 19528
Planning time: 0.776 ms
Execution time: 1680.274 ms
