Hash Join  (cost=102767.86..891361.93 rows=3042395 width=0) (actual time=5667.130..16840.980 rows=3110770 loops=1)
  Hash Cond: (ci.movie_id = t.id)
  ->  Seq Scan on cast_info ci  (cost=0.00..705507.15 rows=3042395 width=4) (actual time=3741.417..12011.338 rows=3110770 loops=1)
        Filter: (person_id > 3488687)
        Rows Removed by Filter: 33133574
  ->  Hash  (cost=61283.27..61283.27 rows=2528527 width=4) (actual time=1923.841..1923.841 rows=2528312 loops=1)
        Buckets: 131072  Batches: 64  Memory Usage: 2415kB
        ->  Seq Scan on title t  (cost=0.00..61283.27 rows=2528527 width=4) (actual time=0.016..1089.718 rows=2528312 loops=1)
Planning time: 0.777 ms
Execution time: 17217.502 ms
