Seq Scan on movie_info mi  (cost=0.00..346232.03 rows=2073893 width=75) (actual time=451.987..1753.401 rows=2091068 loops=1)
  Filter: (info_type_id < 3)
  Rows Removed by Filter: 12744652
Planning time: 0.328 ms
Execution time: 1814.103 ms
