Hash Join  (cost=78641.77..157780.20 rows=296591 width=0) (actual time=1411.051..3931.706 rows=819499 loops=1)
  Hash Cond: (mc.movie_id = t.id)
  ->  Seq Scan on movie_companies mc  (cost=0.00..44881.29 rows=2609129 width=4) (actual time=0.025..962.674 rows=2609129 loops=1)
  ->  Hash  (cost=73925.90..73925.90 rows=287429 width=4) (actual time=1410.217..1410.217 rows=401493 loops=1)
        Buckets: 131072 (originally 131072)  Batches: 8 (originally 4)  Memory Usage: 3073kB
        ->  Seq Scan on title t  (cost=0.00..73925.90 rows=287429 width=4) (actual time=0.022..1266.559 rows=401493 loops=1)
              Filter: ((kind_id < 7) AND (production_year < 1992))
              Rows Removed by Filter: 2126819
Planning time: 0.753 ms
Execution time: 4040.580 ms
