Seq Scan on cast_info ci  (cost=0.00..705507.15 rows=500 width=0) (actual time=5453.567..11124.123 rows=52 loops=1)
  Filter: (person_id = 919989)
  Rows Removed by Filter: 36244292
Planning time: 0.388 ms
Execution time: 11124.213 ms
