Hash Join  (cost=172420.35..682014.17 rows=2791689 width=0) (actual time=3877.520..20600.519 rows=12842033 loops=1)
  Hash Cond: (mi.movie_id = t.id)
  ->  Seq Scan on movie_info mi  (cost=0.00..309384.22 rows=14739122 width=4) (actual time=0.020..6155.379 rows=14835720 loops=1)
  ->  Hash  (cost=164562.85..164562.85 rows=478920 width=8) (actual time=3876.558..3876.558 rows=729609 loops=1)
        Buckets: 131072 (originally 131072)  Batches: 16 (originally 8)  Memory Usage: 3073kB
        ->  Hash Join  (cost=83810.17..164562.85 rows=478920 width=8) (actual time=1450.983..3638.552 rows=729609 loops=1)
              Hash Cond: (mc.movie_id = t.id)
              ->  Seq Scan on movie_companies mc  (cost=0.00..57926.93 rows=1226010 width=4) (actual time=0.015..1191.841 rows=1130078 loops=1)
                    Filter: ((company_id < 112043) AND (company_type_id = 2))
                    Rows Removed by Filter: 1479051
              ->  Hash  (cost=67604.59..67604.59 rows=987727 width=4) (actual time=1449.997..1449.997 rows=985048 loops=1)
                    Buckets: 131072  Batches: 16  Memory Usage: 3188kB
                    ->  Seq Scan on title t  (cost=0.00..67604.59 rows=987727 width=4) (actual time=0.021..1140.788 rows=985048 loops=1)
                          Filter: (kind_id < 7)
                          Rows Removed by Filter: 1543264
Planning time: 1.181 ms
Execution time: 22070.846 ms
