Seq Scan on title t  (cost=0.00..73925.90 rows=994012 width=0) (actual time=0.018..1289.180 rows=923721 loops=1)
  Filter: ((kind_id > 1) AND (production_year < 2005))
  Rows Removed by Filter: 1604591
Planning time: 0.365 ms
Execution time: 1407.161 ms
