Seq Scan on movie_companies mc  (cost=0.00..57926.93 rows=290125 width=0) (actual time=1.501..971.067 rows=572724 loops=1)
  Filter: ((company_id > 71258) AND (company_type_id = 2))
  Rows Removed by Filter: 2036405
Planning time: 0.384 ms
Execution time: 1043.376 ms
