Seq Scan on movie_keyword mk  (cost=0.00..81003.12 rows=246 width=0) (actual time=0.493..1157.973 rows=2409 loops=1)
  Filter: (keyword_id = 4928)
  Rows Removed by Filter: 4521521
Planning time: 0.388 ms
Execution time: 1158.679 ms
