Seq Scan on title t  (cost=0.00..73925.90 rows=2905 width=0) (actual time=0.045..1019.241 rows=4339 loops=1)
  Filter: ((kind_id < 7) AND (production_year = 1961))
  Rows Removed by Filter: 2523973
Planning time: 0.366 ms
Execution time: 1020.402 ms
