Seq Scan on movie_keyword mk  (cost=0.00..81003.12 rows=1890768 width=0) (actual time=0.029..1548.128 rows=1901968 loops=1)
  Filter: (keyword_id < 3262)
  Rows Removed by Filter: 2621962
Planning time: 0.320 ms
Execution time: 1786.141 ms
