Hash Join  (cost=73962.22..100888.56 rows=1586 width=144) (actual time=870.057..1157.905 rows=11458 loops=1)
  Hash Cond: (mi_idx.movie_id = t.id)
  ->  Seq Scan on movie_info_idx mi_idx  (cost=0.00..21735.35 rows=1380035 width=50) (actual time=0.017..120.946 rows=1380035 loops=1)
  ->  Hash  (cost=73925.90..73925.90 rows=2905 width=94) (actual time=869.902..869.902 rows=9408 loops=1)
        Buckets: 16384 (originally 4096)  Batches: 1 (originally 1)  Memory Usage: 1167kB
        ->  Seq Scan on title t  (cost=0.00..73925.90 rows=2905 width=94) (actual time=0.682..865.272 rows=9408 loops=1)
              Filter: ((kind_id < 7) AND (production_year = 1990))
              Rows Removed by Filter: 2518904
Planning time: 0.977 ms
Execution time: 1158.663 ms
