Hash Join  (cost=83113.43..116838.40 rows=102087 width=0) (actual time=1326.724..2191.691 rows=153521 loops=1)
  Hash Cond: (mi_idx.movie_id = t.id)
  ->  Seq Scan on movie_info_idx mi_idx  (cost=0.00..25185.44 rows=460978 width=4) (actual time=0.027..494.858 rows=459925 loops=1)
        Filter: (info_type_id = 99)
        Rows Removed by Filter: 920110
  ->  Hash  (cost=73925.90..73925.90 rows=559962 width=4) (actual time=1325.585..1325.585 rows=477167 loops=1)
        Buckets: 131072  Batches: 8  Memory Usage: 3118kB
        ->  Seq Scan on title t  (cost=0.00..73925.90 rows=559962 width=4) (actual time=0.027..1169.835 rows=477167 loops=1)
              Filter: ((kind_id < 7) AND (production_year > 1999))
              Rows Removed by Filter: 2051145
Planning time: 0.796 ms
Execution time: 2214.342 ms
