Nested Loop  (cost=0.43..83072.90 rows=78 width=0) (actual time=2.395..1326.398 rows=981 loops=1)
  ->  Seq Scan on movie_keyword mk  (cost=0.00..81003.12 rows=246 width=4) (actual time=2.343..1268.372 rows=1113 loops=1)
        Filter: (keyword_id = 834)
        Rows Removed by Filter: 4522817
  ->  Index Scan using title_pkey on title t  (cost=0.43..8.40 rows=1 width=4) (actual time=0.050..0.051 rows=1 loops=1113)
        Index Cond: (id = mk.movie_id)
        Filter: ((kind_id < 7) AND (production_year < 2011))
        Rows Removed by Filter: 0
Planning time: 0.754 ms
Execution time: 1326.881 ms
