Hash Join  (cost=797180.75..851847.62 rows=135 width=0) (actual time=13242.502..14384.422 rows=11 loops=1)
  Hash Cond: (mc.movie_id = t.id)
  ->  Seq Scan on movie_companies mc  (cost=0.00..44881.29 rows=2609129 width=4) (actual time=0.013..669.324 rows=2609129 loops=1)
  ->  Hash  (cost=797179.11..797179.11 rows=131 width=8) (actual time=13239.246..13239.246 rows=2 loops=1)
        Buckets: 1024  Batches: 1  Memory Usage: 9kB
        ->  Nested Loop  (cost=0.43..797179.11 rows=131 width=8) (actual time=9462.909..13239.233 rows=2 loops=1)
              ->  Seq Scan on cast_info ci  (cost=0.00..796071.18 rows=131 width=4) (actual time=9462.799..13239.083 rows=2 loops=1)
                    Filter: ((role_id > 4) AND (person_id = 1128035))
                    Rows Removed by Filter: 36244342
              ->  Index Only Scan using title_pkey on title t  (cost=0.43..8.45 rows=1 width=4) (actual time=0.058..0.058 rows=1 loops=2)
                    Index Cond: (id = ci.movie_id)
                    Heap Fetches: 2
Planning time: 1.162 ms
Execution time: 14384.522 ms
