Hash Join  (cost=114149.46..871006.86 rows=606821 width=0) (actual time=2108.934..19892.885 rows=907464 loops=1)
  Hash Cond: (ci.movie_id = t.id)
  ->  Seq Scan on cast_info ci  (cost=0.00..614943.12 rows=36225612 width=4) (actual time=0.019..8575.829 rows=36244344 loops=1)
  ->  Hash  (cost=113620.01..113620.01 rows=42356 width=8) (actual time=2108.516..2108.516 rows=20619 loops=1)
        Buckets: 65536  Batches: 1  Memory Usage: 1318kB
        ->  Hash Join  (cost=75199.97..113620.01 rows=42356 width=8) (actual time=1629.375..2102.161 rows=20619 loops=1)
              Hash Cond: (mi_idx.movie_id = t.id)
              ->  Seq Scan on movie_info_idx mi_idx  (cost=0.00..21735.35 rows=1380035 width=4) (actual time=0.018..452.338 rows=1380035 loops=1)
              ->  Hash  (cost=73925.90..73925.90 rows=77605 width=4) (actual time=1189.748..1189.748 rows=84684 loops=1)
                    Buckets: 131072  Batches: 2  Memory Usage: 2512kB
                    ->  Seq Scan on title t  (cost=0.00..73925.90 rows=77605 width=4) (actual time=0.006..1157.822 rows=84684 loops=1)
                          Filter: ((kind_id = 7) AND (production_year = 2009))
                          Rows Removed by Filter: 2443628
Planning time: 1.050 ms
Execution time: 20013.299 ms
