Hash Join  (cost=83074.74..111692.70 rows=89 width=0) (actual time=1321.695..1975.792 rows=1742 loops=1)
  Hash Cond: (mi_idx.movie_id = t.id)
  ->  Seq Scan on movie_info_idx mi_idx  (cost=0.00..25185.44 rows=915101 width=4) (actual time=0.029..511.805 rows=919850 loops=1)
        Filter: (info_type_id < 101)
        Rows Removed by Filter: 460185
  ->  Hash  (cost=83071.67..83071.67 rows=246 width=8) (actual time=1321.036..1321.036 rows=1267 loops=1)
        Buckets: 2048 (originally 1024)  Batches: 1 (originally 1)  Memory Usage: 66kB
        ->  Nested Loop  (cost=0.43..83071.67 rows=246 width=8) (actual time=0.158..1320.072 rows=1267 loops=1)
              ->  Seq Scan on movie_keyword mk  (cost=0.00..81003.12 rows=246 width=4) (actual time=0.087..1268.971 rows=1267 loops=1)
                    Filter: (keyword_id = 599)
                    Rows Removed by Filter: 4522663
              ->  Index Only Scan using title_pkey on title t  (cost=0.43..8.40 rows=1 width=4) (actual time=0.039..0.039 rows=1 loops=1267)
                    Index Cond: (id = mk.movie_id)
                    Heap Fetches: 1267
Planning time: 1.147 ms
Execution time: 1976.260 ms
