Hash Join  (cost=567119.23..1535070.84 rows=3318392 width=0) (actual time=17348.783..34744.087 rows=6467083 loops=1)
  Hash Cond: (ci.movie_id = t.id)
  ->  Seq Scan on cast_info ci  (cost=0.00..705507.15 rows=12726058 width=4) (actual time=4516.904..14372.028 rows=12670688 loops=1)
        Filter: (role_id < 2)
        Rows Removed by Filter: 23573656
  ->  Hash  (cost=556301.65..556301.65 rows=659327 width=8) (actual time=12830.439..12830.439 rows=597410 loops=1)
        Buckets: 131072  Batches: 16  Memory Usage: 2482kB
        ->  Hash Join  (cost=69460.45..556301.65 rows=659327 width=8) (actual time=1162.035..12627.216 rows=597410 loops=1)
              Hash Cond: (mi.movie_id = t.id)
              ->  Seq Scan on movie_info mi  (cost=0.00..309384.22 rows=14739122 width=4) (actual time=0.015..5989.553 rows=14835720 loops=1)
              ->  Hash  (cost=67604.59..67604.59 rows=113109 width=4) (actual time=1161.291..1161.291 rows=119565 loops=1)
                    Buckets: 131072  Batches: 2  Memory Usage: 3121kB
                    ->  Seq Scan on title t  (cost=0.00..67604.59 rows=113109 width=4) (actual time=0.019..1114.860 rows=119565 loops=1)
                          Filter: (production_year = 2007)
                          Rows Removed by Filter: 2408747
Planning time: 2.685 ms
Execution time: 35440.883 ms
