Hash Join  (cost=78556.72..194842.23 rows=607340 width=0) (actual time=1316.761..4265.518 rows=865214 loops=1)
  Hash Cond: (mk.movie_id = t.id)
  ->  Seq Scan on movie_keyword mk  (cost=0.00..81003.12 rows=2300529 width=4) (actual time=0.014..1583.976 rows=2303617 loops=1)
        Filter: (keyword_id > 4527)
        Rows Removed by Filter: 2220313
  ->  Hash  (cost=67604.59..67604.59 rows=667531 width=4) (actual time=1315.961..1315.961 rows=662834 loops=1)
        Buckets: 131072  Batches: 16  Memory Usage: 2485kB
        ->  Seq Scan on title t  (cost=0.00..67604.59 rows=667531 width=4) (actual time=0.015..1098.000 rows=662834 loops=1)
              Filter: (production_year < 1989)
              Rows Removed by Filter: 1865478
Planning time: 0.753 ms
Execution time: 4373.032 ms
