Hash Join  (cost=478047.37..1193498.22 rows=112813 width=0) (actual time=12012.075..19423.051 rows=1056780 loops=1)
  Hash Cond: (ci.movie_id = t.id)
  ->  Seq Scan on cast_info ci  (cost=0.00..705507.15 rows=602284 width=4) (actual time=3724.981..10461.573 rows=622620 loops=1)
        Filter: (person_id > 3940460)
        Rows Removed by Filter: 35621724
  ->  Hash  (cost=470276.16..470276.16 rows=473617 width=8) (actual time=8286.124..8286.124 rows=486554 loops=1)
        Buckets: 131072  Batches: 8  Memory Usage: 3382kB
        ->  Hash Join  (cost=102767.86..470276.16 rows=473617 width=8) (actual time=3093.033..8137.930 rows=486554 loops=1)
              Hash Cond: (mi.movie_id = t.id)
              ->  Seq Scan on movie_info mi  (cost=0.00..346232.03 rows=473617 width=4) (actual time=1033.055..5258.030 rows=486554 loops=1)
                    Filter: (info_type_id = 5)
                    Rows Removed by Filter: 14349166
              ->  Hash  (cost=61283.27..61283.27 rows=2528527 width=4) (actual time=2059.106..2059.106 rows=2528312 loops=1)
                    Buckets: 131072  Batches: 64  Memory Usage: 2425kB
                    ->  Seq Scan on title t  (cost=0.00..61283.27 rows=2528527 width=4) (actual time=0.013..1184.945 rows=2528312 loops=1)
Planning time: 5.961 ms
Execution time: 19556.027 ms
