Seq Scan on movie_keyword mk  (cost=0.00..81003.12 rows=246 width=0) (actual time=15.123..1335.620 rows=14 loops=1)
  Filter: (keyword_id = 97017)
  Rows Removed by Filter: 4523916
Planning time: 1.333 ms
Execution time: 1335.721 ms
