Hash Join  (cost=91879.05..156436.96 rows=241775 width=0) (actual time=1673.756..3546.243 rows=243074 loops=1)
  Hash Cond: (mc.movie_id = t.id)
  ->  Seq Scan on movie_companies mc  (cost=0.00..51404.11 rows=558679 width=4) (actual time=0.023..899.518 rows=555511 loops=1)
        Filter: (company_id < 578)
        Rows Removed by Filter: 2053618
  ->  Hash  (cost=73925.90..73925.90 rows=1094252 width=4) (actual time=1672.759..1672.759 rows=1044222 loops=1)
        Buckets: 131072  Batches: 16  Memory Usage: 3319kB
        ->  Seq Scan on title t  (cost=0.00..73925.90 rows=1094252 width=4) (actual time=173.812..1351.841 rows=1044222 loops=1)
              Filter: ((production_year < 2009) AND (kind_id = 7))
              Rows Removed by Filter: 1484090
Planning time: 5.029 ms
Execution time: 3572.388 ms
