Seq Scan on movie_companies mc  (cost=0.00..51404.11 rows=104 width=0) (actual time=6.521..766.960 rows=162 loops=1)
  Filter: (company_id = 14670)
  Rows Removed by Filter: 2608967
Planning time: 0.369 ms
Execution time: 767.093 ms
