Hash Join  (cost=94706.90..176167.73 rows=561817 width=0) (actual time=2078.460..3943.381 rows=269439 loops=1)
  Hash Cond: (mc.movie_id = t.id)
  ->  Seq Scan on movie_companies mc  (cost=0.00..57926.93 rows=1121526 width=4) (actual time=195.163..1177.678 rows=1240074 loops=1)
        Filter: ((company_id > 258) AND (company_type_id = 2))
        Rows Removed by Filter: 1369055
  ->  Hash  (cost=73925.90..73925.90 rows=1266640 width=4) (actual time=1881.041..1881.041 rows=1348885 loops=1)
        Buckets: 131072  Batches: 32  Memory Usage: 2511kB
        ->  Seq Scan on title t  (cost=0.00..73925.90 rows=1266640 width=4) (actual time=0.027..1454.524 rows=1348885 loops=1)
              Filter: ((production_year > 1970) AND (kind_id = 7))
              Rows Removed by Filter: 1179427
Planning time: 0.796 ms
Execution time: 3975.426 ms
