Seq Scan on title t  (cost=0.00..67604.59 rows=219982 width=0) (actual time=0.016..1012.172 rows=221115 loops=1)
  Filter: (production_year < 1958)
  Rows Removed by Filter: 2307197
Planning time: 0.402 ms
Execution time: 1042.238 ms
