Hash Join  (cost=81815.15..1552039.31 rows=7498700 width=136) (actual time=2148.133..39497.020 rows=6168565 loops=1)
  Hash Cond: (ci.movie_id = t.id)
  ->  Seq Scan on cast_info ci  (cost=0.00..614943.12 rows=36225612 width=42) (actual time=0.015..10459.130 rows=36244344 loops=1)
  ->  Hash  (cost=67604.59..67604.59 rows=523405 width=94) (actual time=2147.166..2147.166 rows=523734 loops=1)
        Buckets: 32768  Batches: 32  Memory Usage: 2075kB
        ->  Seq Scan on title t  (cost=0.00..67604.59 rows=523405 width=94) (actual time=0.015..1388.260 rows=523734 loops=1)
              Filter: (production_year < 1981)
              Rows Removed by Filter: 2004578
Planning time: 6.453 ms
Execution time: 39827.943 ms
