Seq Scan on movie_keyword mk  (cost=0.00..81003.12 rows=246 width=0) (actual time=11.535..1303.499 rows=101 loops=1)
  Filter: (keyword_id = 14179)
  Rows Removed by Filter: 4523829
Planning time: 0.338 ms
Execution time: 1303.657 ms
