Hash Join  (cost=67697.55..124978.06 rows=4573 width=0) (actual time=1005.771..1568.069 rows=2729 loops=1)
  Hash Cond: (mc.movie_id = t.id)
  ->  Seq Scan on movie_companies mc  (cost=0.00..51404.11 rows=1554845 width=4) (actual time=0.025..424.107 rows=1545004 loops=1)
        Filter: (company_id < 14635)
        Rows Removed by Filter: 1064125
  ->  Hash  (cost=67604.59..67604.59 rows=7437 width=4) (actual time=1005.424..1005.424 rows=2773 loops=1)
        Buckets: 8192  Batches: 1  Memory Usage: 162kB
        ->  Seq Scan on title t  (cost=0.00..67604.59 rows=7437 width=4) (actual time=169.865..1004.000 rows=2773 loops=1)
              Filter: (production_year = 1928)
              Rows Removed by Filter: 2525539
Planning time: 0.758 ms
Execution time: 1568.557 ms
