Seq Scan on cast_info ci  (cost=0.00..705507.15 rows=27334458 width=0) (actual time=0.029..12986.531 rows=27477925 loops=1)
  Filter: (person_id > 863366)
  Rows Removed by Filter: 8766419
Planning time: 0.262 ms
Execution time: 16364.179 ms
