Hash Join  (cost=91342.70..244883.85 rows=2588711 width=0) (actual time=1778.630..6270.959 rows=3246881 loops=1)
  Hash Cond: (mk.movie_id = t.id)
  ->  Seq Scan on movie_keyword mk  (cost=0.00..69693.30 rows=4523930 width=4) (actual time=0.013..1292.484 rows=4523930 loops=1)
  ->  Hash  (cost=67604.59..67604.59 rows=1446889 width=4) (actual time=1777.256..1777.256 rows=1443298 loops=1)
        Buckets: 131072  Batches: 32  Memory Usage: 2616kB
        ->  Seq Scan on title t  (cost=0.00..67604.59 rows=1446889 width=4) (actual time=0.024..1279.500 rows=1443298 loops=1)
              Filter: (production_year < 2006)
              Rows Removed by Filter: 1085014
Planning time: 0.784 ms
Execution time: 6677.312 ms
