Hash Join  (cost=825241.67..1339704.23 rows=3247964 width=0) (actual time=13718.307..29155.949 rows=7810996 loops=1)
  Hash Cond: (mi.movie_id = t.id)
  ->  Seq Scan on movie_info mi  (cost=0.00..309384.22 rows=14739122 width=4) (actual time=0.014..6289.687 rows=14835720 loops=1)
  ->  Hash  (cost=816099.73..816099.73 rows=557195 width=8) (actual time=13717.329..13717.329 rows=533578 loops=1)
        Buckets: 131072  Batches: 8  Memory Usage: 3610kB
        ->  Hash Join  (cost=86241.46..816099.73 rows=557195 width=8) (actual time=4047.831..13549.989 rows=533578 loops=1)
              Hash Cond: (ci.movie_id = t.id)
              ->  Seq Scan on cast_info ci  (cost=0.00..705507.15 rows=1240311 width=4) (actual time=125.420..10930.368 rows=1147895 loops=1)
                    Filter: (person_id < 116862)
                    Rows Removed by Filter: 35096449
              ->  Hash  (cost=67604.59..67604.59 rows=1135910 width=4) (actual time=1683.429..1683.429 rows=1133355 loops=1)
                    Buckets: 131072  Batches: 16  Memory Usage: 3516kB
                    ->  Seq Scan on title t  (cost=0.00..67604.59 rows=1135910 width=4) (actual time=0.018..1313.287 rows=1133355 loops=1)
                          Filter: (production_year < 2002)
                          Rows Removed by Filter: 1394957
Planning time: 1.193 ms
Execution time: 30109.293 ms
