Hash Join  (cost=100836.57..725049.61 rows=11807021 width=0) (actual time=2243.798..19751.337 rows=10852240 loops=1)
  Hash Cond: (mi.movie_id = t.id)
  ->  Seq Scan on movie_info mi  (cost=0.00..309384.22 rows=14739122 width=4) (actual time=0.015..6066.686 rows=14835720 loops=1)
  ->  Hash  (cost=67604.59..67604.59 rows=2025519 width=4) (actual time=2242.801..2242.801 rows=2018703 loops=1)
        Buckets: 131072  Batches: 32  Memory Usage: 3256kB
        ->  Seq Scan on title t  (cost=0.00..67604.59 rows=2025519 width=4) (actual time=0.023..1277.819 rows=2018703 loops=1)
              Filter: (production_year > 1974)
              Rows Removed by Filter: 509609
Planning time: 2.334 ms
Execution time: 21021.974 ms
