Hash Join  (cost=799270.80..1163944.92 rows=1819 width=0) (actual time=15508.938..21860.225 rows=30 loops=1)
  Hash Cond: (mi.movie_id = t.id)
  ->  Seq Scan on movie_info mi  (cost=0.00..309384.22 rows=14739122 width=4) (actual time=0.011..4636.267 rows=14835720 loops=1)
  ->  Hash  (cost=799266.90..799266.90 rows=312 width=8) (actual time=14524.444..14524.444 rows=1 loops=1)
        Buckets: 1024  Batches: 1  Memory Usage: 9kB
        ->  Nested Loop  (cost=0.43..799266.90 rows=312 width=8) (actual time=7383.110..14524.425 rows=1 loops=1)
              ->  Seq Scan on cast_info ci  (cost=0.00..796071.18 rows=382 width=4) (actual time=7382.970..14524.256 rows=4 loops=1)
                    Filter: ((role_id < 6) AND (person_id = 2878237))
                    Rows Removed by Filter: 36244340
              ->  Index Scan using title_pkey on title t  (cost=0.43..8.36 rows=1 width=4) (actual time=0.035..0.035 rows=0 loops=4)
                    Index Cond: (id = ci.movie_id)
                    Filter: (production_year < 2011)
                    Rows Removed by Filter: 1
Planning time: 1.236 ms
Execution time: 21860.386 ms
