Hash Join  (cost=85282.22..1220957.10 rows=9916772 width=0) (actual time=2111.932..33154.375 rows=7730465 loops=1)
  Hash Cond: (ci.movie_id = t.id)
  ->  Seq Scan on cast_info ci  (cost=0.00..614943.12 rows=36225612 width=4) (actual time=0.022..12805.775 rows=36244344 loops=1)
  ->  Hash  (cost=73925.90..73925.90 rows=692185 width=4) (actual time=2110.810..2110.810 rows=596495 loops=1)
        Buckets: 131072  Batches: 16  Memory Usage: 2332kB
        ->  Seq Scan on title t  (cost=0.00..73925.90 rows=692185 width=4) (actual time=0.014..1271.859 rows=596495 loops=1)
              Filter: ((production_year < 2002) AND (kind_id = 7))
              Rows Removed by Filter: 1931817
Planning time: 0.764 ms
Execution time: 34048.743 ms
