Hash Join  (cost=199174.77..1315545.52 rows=3629556 width=0) (actual time=4131.178..34623.248 rows=9665504 loops=1)
  Hash Cond: (ci.movie_id = t.id)
  ->  Seq Scan on cast_info ci  (cost=0.00..614943.12 rows=36225612 width=4) (actual time=0.011..13270.088 rows=36244344 loops=1)
  ->  Hash  (cost=195018.01..195018.01 rows=253341 width=8) (actual time=4129.512..4129.512 rows=335801 loops=1)
        Buckets: 131072 (originally 131072)  Batches: 8 (originally 4)  Memory Usage: 3073kB
        ->  Hash Join  (cost=69928.56..195018.01 rows=253341 width=8) (actual time=1094.007..4020.476 rows=335801 loops=1)
              Hash Cond: (mk.movie_id = t.id)
              ->  Seq Scan on movie_keyword mk  (cost=0.00..69693.30 rows=4523930 width=4) (actual time=0.018..1447.089 rows=4523930 loops=1)
              ->  Hash  (cost=67604.59..67604.59 rows=141598 width=4) (actual time=1093.089..1093.089 rows=143333 loops=1)
                    Buckets: 131072  Batches: 2  Memory Usage: 3547kB
                    ->  Seq Scan on title t  (cost=0.00..67604.59 rows=141598 width=4) (actual time=12.255..1042.634 rows=143333 loops=1)
                          Filter: (production_year < 1941)
                          Rows Removed by Filter: 2384979
Planning time: 1.152 ms
Execution time: 35557.769 ms
