Hash Join  (cost=85894.26..617957.47 rows=3653858 width=0) (actual time=1664.048..16195.054 rows=1828498 loops=1)
  Hash Cond: (mi.movie_id = t.id)
  ->  Seq Scan on movie_info mi  (cost=0.00..346232.03 rows=12665229 width=4) (actual time=0.019..7679.986 rows=12744652 loops=1)
        Filter: (info_type_id > 2)
        Rows Removed by Filter: 2091068
  ->  Hash  (cost=73925.90..73925.90 rows=729468 width=4) (actual time=1554.386..1554.386 rows=638430 loops=1)
        Buckets: 131072  Batches: 16  Memory Usage: 2431kB
        ->  Seq Scan on title t  (cost=0.00..73925.90 rows=729468 width=4) (actual time=0.022..1345.225 rows=638430 loops=1)
              Filter: ((production_year < 2003) AND (kind_id = 7))
              Rows Removed by Filter: 1889882
Planning time: 0.785 ms
Execution time: 16419.022 ms
