Seq Scan on movie_keyword mk  (cost=0.00..81003.12 rows=824630 width=0) (actual time=0.025..1432.008 rows=826251 loops=1)
  Filter: (keyword_id < 790)
  Rows Removed by Filter: 3697679
Planning time: 0.400 ms
Execution time: 1534.955 ms
