Hash Join  (cost=79388.64..167655.91 rows=60945 width=0) (actual time=1237.786..2761.955 rows=78607 loops=1)
  Hash Cond: (mk.movie_id = t.id)
  ->  Seq Scan on movie_keyword mk  (cost=0.00..81003.12 rows=462851 width=4) (actual time=0.022..1299.494 rows=472545 loops=1)
        Filter: (keyword_id < 359)
        Rows Removed by Filter: 4051385
  ->  Hash  (cost=73925.90..73925.90 rows=332939 width=4) (actual time=1236.847..1236.847 rows=255571 loops=1)
        Buckets: 131072  Batches: 8  Memory Usage: 2154kB
        ->  Seq Scan on title t  (cost=0.00..73925.90 rows=332939 width=4) (actual time=97.388..1147.945 rows=255571 loops=1)
              Filter: ((production_year > 2002) AND (kind_id = 1))
              Rows Removed by Filter: 2272741
Planning time: 0.803 ms
Execution time: 2768.772 ms
