Hash Join  (cost=70840.90..177136.17 rows=154952 width=0) (actual time=1103.116..3496.712 rows=263864 loops=1)
  Hash Cond: (mk.movie_id = t.id)
  ->  Seq Scan on movie_keyword mk  (cost=0.00..81003.12 rows=1986568 width=4) (actual time=0.016..1556.282 rows=1988987 loops=1)
        Filter: (keyword_id < 3518)
        Rows Removed by Filter: 2534943
  ->  Hash  (cost=67604.59..67604.59 rows=197225 width=4) (actual time=1102.175..1102.175 rows=194989 loops=1)
        Buckets: 131072  Batches: 4  Memory Usage: 2744kB
        ->  Seq Scan on title t  (cost=0.00..67604.59 rows=197225 width=4) (actual time=0.077..1038.539 rows=194989 loops=1)
              Filter: (production_year < 1955)
              Rows Removed by Filter: 2333323
Planning time: 0.776 ms
Execution time: 3529.260 ms
