Hash Join  (cost=102767.86..931532.85 rows=4711867 width=0) (actual time=2159.162..18160.871 rows=4749952 loops=1)
  Hash Cond: (ci.movie_id = t.id)
  ->  Seq Scan on cast_info ci  (cost=0.00..705507.15 rows=4711867 width=4) (actual time=0.013..11841.746 rows=4749952 loops=1)
        Filter: (person_id > 3204008)
        Rows Removed by Filter: 31494392
  ->  Hash  (cost=61283.27..61283.27 rows=2528527 width=4) (actual time=2158.182..2158.182 rows=2528312 loops=1)
        Buckets: 131072  Batches: 64  Memory Usage: 2415kB
        ->  Seq Scan on title t  (cost=0.00..61283.27 rows=2528527 width=4) (actual time=0.010..1029.260 rows=2528312 loops=1)
Planning time: 0.731 ms
Execution time: 18719.487 ms
