Seq Scan on cast_info ci  (cost=0.00..796071.18 rows=101 width=0) (actual time=8996.239..11534.835 rows=394 loops=1)
  Filter: ((person_id = 2156962) AND (role_id = 2))
  Rows Removed by Filter: 36243950
Planning time: 0.396 ms
Execution time: 11535.004 ms
