Hash Join  (cost=98137.04..214441.02 rows=1022710 width=0) (actual time=1930.559..4832.797 rows=533245 loops=1)
  Hash Cond: (mk.movie_id = t.id)
  ->  Seq Scan on movie_keyword mk  (cost=0.00..81003.12 rows=1389552 width=4) (actual time=0.025..1692.515 rows=1404679 loops=1)
        Filter: (keyword_id > 11914)
        Rows Removed by Filter: 3119251
  ->  Hash  (cost=67604.59..67604.59 rows=1860996 width=4) (actual time=1926.794..1926.794 rows=1865487 loops=1)
        Buckets: 131072  Batches: 32  Memory Usage: 3085kB
        ->  Seq Scan on title t  (cost=0.00..67604.59 rows=1860996 width=4) (actual time=0.015..1313.559 rows=1865487 loops=1)
              Filter: (kind_id > 1)
              Rows Removed by Filter: 662825
Planning time: 0.769 ms
Execution time: 4903.092 ms
