Seq Scan on cast_info ci  (cost=0.00..796071.18 rows=21247025 width=0) (actual time=0.010..17334.710 rows=20102188 loops=1)
  Filter: ((person_id < 3428439) AND (role_id > 1))
  Rows Removed by Filter: 16142156
Planning time: 0.343 ms
Execution time: 19823.795 ms
