Nested Loop  (cost=0.43..798385.45 rows=276 width=0) (actual time=6118.308..14029.339 rows=1 loops=1)
  ->  Seq Scan on cast_info ci  (cost=0.00..796071.18 rows=276 width=4) (actual time=6118.205..14029.231 rows=1 loops=1)
        Filter: ((role_id < 3) AND (person_id = 903942))
        Rows Removed by Filter: 36244343
  ->  Index Only Scan using title_pkey on title t  (cost=0.43..8.38 rows=1 width=4) (actual time=0.077..0.079 rows=1 loops=1)
        Index Cond: (id = ci.movie_id)
        Heap Fetches: 1
Planning time: 0.777 ms
Execution time: 14029.416 ms
