Hash Join  (cost=98347.17..155311.68 rows=1022698 width=0) (actual time=1976.491..3679.198 rows=1004185 loops=1)
  Hash Cond: (mi_idx.movie_id = t.id)
  ->  Seq Scan on movie_info_idx mi_idx  (cost=0.00..21735.35 rows=1380035 width=4) (actual time=0.024..510.759 rows=1380035 loops=1)
  ->  Hash  (cost=67604.59..67604.59 rows=1873807 width=4) (actual time=1975.275..1975.275 rows=1871198 loops=1)
        Buckets: 131072  Batches: 32  Memory Usage: 3088kB
        ->  Seq Scan on title t  (cost=0.00..67604.59 rows=1873807 width=4) (actual time=0.017..1376.756 rows=1871198 loops=1)
              Filter: (production_year > 1984)
              Rows Removed by Filter: 657114
Planning time: 0.780 ms
Execution time: 3789.877 ms
