Hash Join  (cost=179171.13..1067356.39 rows=3297139 width=0) (actual time=7807.031..30669.857 rows=17360459 loops=1)
  Hash Cond: (ci.movie_id = t.id)
  ->  Seq Scan on cast_info ci  (cost=0.00..705507.15 rows=12726058 width=4) (actual time=2953.858..14884.893 rows=12670688 loops=1)
        Filter: (role_id = 1)
        Rows Removed by Filter: 23573656
  ->  Hash  (cost=168422.32..168422.32 rows=655105 width=8) (actual time=4852.255..4852.255 rows=1180946 loops=1)
        Buckets: 131072  Batches: 16  Memory Usage: 3899kB
        ->  Hash Join  (cost=84341.74..168422.32 rows=655105 width=8) (actual time=1366.213..4468.388 rows=1180946 loops=1)
              Hash Cond: (mc.movie_id = t.id)
              ->  Seq Scan on movie_companies mc  (cost=0.00..44881.29 rows=2609129 width=4) (actual time=0.030..885.156 rows=2609129 loops=1)
              ->  Hash  (cost=73925.90..73925.90 rows=634867 width=4) (actual time=1365.285..1365.285 rows=596465 loops=1)
                    Buckets: 131072  Batches: 16  Memory Usage: 2331kB
                    ->  Seq Scan on title t  (cost=0.00..73925.90 rows=634867 width=4) (actual time=582.902..1191.677 rows=596465 loops=1)
                          Filter: ((production_year > 1914) AND (kind_id = 1))
                          Rows Removed by Filter: 1931847
Planning time: 1.271 ms
Execution time: 32481.966 ms
