Seq Scan on cast_info ci  (cost=0.00..705507.15 rows=12842601 width=42) (actual time=2137.389..8444.328 rows=12961722 loops=1)
  Filter: (person_id > 2381319)
  Rows Removed by Filter: 23282622
Planning time: 0.299 ms
Execution time: 9090.977 ms
