Hash Join  (cost=100918.31..466206.32 rows=41063 width=0) (actual time=3380.616..9222.049 rows=121780 loops=1)
  Hash Cond: (mi.movie_id = t.id)
  ->  Seq Scan on movie_info mi  (cost=0.00..346232.03 rows=4972096 width=4) (actual time=674.834..5612.107 rows=4923966 loops=1)
        Filter: (info_type_id < 5)
        Rows Removed by Filter: 9911754
  ->  Hash  (cost=100657.29..100657.29 rows=20882 width=8) (actual time=2399.227..2399.227 rows=27850 loops=1)
        Buckets: 32768  Batches: 1  Memory Usage: 1344kB
        ->  Hash Join  (cost=69484.36..100657.29 rows=20882 width=8) (actual time=1688.259..2388.339 rows=27850 loops=1)
              Hash Cond: (mi_idx.movie_id = t.id)
              ->  Seq Scan on movie_info_idx mi_idx  (cost=0.00..25185.44 rows=460978 width=4) (actual time=0.016..558.444 rows=459925 loops=1)
                    Filter: (info_type_id < 100)
                    Rows Removed by Filter: 920110
              ->  Hash  (cost=67604.59..67604.59 rows=114542 width=4) (actual time=1622.370..1622.370 rows=118234 loops=1)
                    Buckets: 131072  Batches: 2  Memory Usage: 3101kB
                    ->  Seq Scan on title t  (cost=0.00..67604.59 rows=114542 width=4) (actual time=0.019..969.322 rows=118234 loops=1)
                          Filter: (kind_id = 4)
                          Rows Removed by Filter: 2410078
Planning time: 1.193 ms
Execution time: 9239.518 ms
