Hash Join  (cost=320813.93..1647734.76 rows=24328025 width=0) (actual time=7339.643..61212.035 rows=90254678 loops=1)
  Hash Cond: (ci.movie_id = t.id)
  ->  Seq Scan on cast_info ci  (cost=0.00..796071.18 rows=19576384 width=4) (actual time=41.644..18608.148 rows=23598230 loops=1)
        Filter: ((person_id < 2983195) AND (role_id < 4))
        Rows Removed by Filter: 12646114
  ->  Hash  (cost=269260.69..269260.69 rows=3142259 width=8) (actual time=7295.798..7295.798 rows=3127449 loops=1)
        Buckets: 131072  Batches: 64  Memory Usage: 2956kB
        ->  Hash Join  (cost=102767.86..269260.69 rows=3142259 width=8) (actual time=2001.749..6446.141 rows=3127449 loops=1)
              Hash Cond: (mk.movie_id = t.id)
              ->  Seq Scan on movie_keyword mk  (cost=0.00..81003.12 rows=3142259 width=4) (actual time=0.026..1792.608 rows=3127449 loops=1)
                    Filter: (keyword_id > 1884)
                    Rows Removed by Filter: 1396481
              ->  Hash  (cost=61283.27..61283.27 rows=2528527 width=4) (actual time=2000.414..2000.414 rows=2528312 loops=1)
                    Buckets: 131072  Batches: 64  Memory Usage: 2425kB
                    ->  Seq Scan on title t  (cost=0.00..61283.27 rows=2528527 width=4) (actual time=0.017..1122.621 rows=2528312 loops=1)
Planning time: 1.217 ms
Execution time: 71518.032 ms
