Nested Loop  (cost=0.43..709674.40 rows=133 width=0) (actual time=7182.423..11382.399 rows=20 loops=1)
  ->  Seq Scan on cast_info ci  (cost=0.00..705507.15 rows=500 width=4) (actual time=7180.452..11376.666 rows=166 loops=1)
        Filter: (person_id = 2501413)
        Rows Removed by Filter: 36244178
  ->  Index Scan using title_pkey on title t  (cost=0.43..8.32 rows=1 width=4) (actual time=0.034..0.034 rows=0 loops=166)
        Index Cond: (id = ci.movie_id)
        Filter: ((production_year > 2004) AND (kind_id = 7))
        Rows Removed by Filter: 1
Planning time: 0.794 ms
Execution time: 11382.506 ms
