Seq Scan on movie_keyword mk  (cost=0.00..81003.12 rows=696671 width=12) (actual time=0.017..956.107 rows=692553 loops=1)
  Filter: (keyword_id < 574)
  Rows Removed by Filter: 3831377
Planning time: 0.301 ms
Execution time: 994.731 ms
