Hash Join  (cost=166478.34..540024.00 rows=133582 width=0) (actual time=4248.246..10154.764 rows=1340164 loops=1)
  Hash Cond: (mi.movie_id = t.id)
  ->  Seq Scan on movie_info mi  (cost=0.00..346232.03 rows=2194617 width=4) (actual time=775.426..5358.481 rows=2233850 loops=1)
        Filter: (info_type_id > 16)
        Rows Removed by Filter: 12601870
  ->  Hash  (cost=163952.52..163952.52 rows=153906 width=8) (actual time=3422.755..3422.755 rows=318976 loops=1)
        Buckets: 131072 (originally 131072)  Batches: 8 (originally 4)  Memory Usage: 3073kB
        ->  Hash Join  (cost=94978.31..163952.52 rows=153906 width=8) (actual time=2117.136..3317.691 rows=318976 loops=1)
              Hash Cond: (mc.movie_id = t.id)
              ->  Seq Scan on movie_companies mc  (cost=0.00..57926.93 rows=233242 width=4) (actual time=374.321..954.896 rows=461139 loops=1)
                    Filter: ((company_id > 76534) AND (company_type_id > 1))
                    Rows Removed by Filter: 2147990
              ->  Hash  (cost=67604.59..67604.59 rows=1668458 width=4) (actual time=1741.367..1741.367 rows=1671292 loops=1)
                    Buckets: 131072  Batches: 32  Memory Usage: 2858kB
                    ->  Seq Scan on title t  (cost=0.00..67604.59 rows=1668458 width=4) (actual time=0.027..1218.183 rows=1671292 loops=1)
                          Filter: (production_year < 2008)
                          Rows Removed by Filter: 857020
Planning time: 1.180 ms
Execution time: 10320.427 ms
