Seq Scan on movie_companies mc  (cost=0.00..57926.93 rows=479918 width=0) (actual time=3.798..914.419 rows=176053 loops=1)
  Filter: ((company_id > 17059) AND (company_type_id < 2))
  Rows Removed by Filter: 2433076
Planning time: 0.392 ms
Execution time: 937.245 ms
