Hash Join  (cost=77961.21..205324.56 rows=440032 width=0) (actual time=1288.049..5219.940 rows=1418411 loops=1)
  Hash Cond: (mk.movie_id = t.id)
  ->  Seq Scan on movie_keyword mk  (cost=0.00..69693.30 rows=4523930 width=4) (actual time=0.024..1403.172 rows=4523930 loops=1)
  ->  Hash  (cost=73925.90..73925.90 rows=245944 width=4) (actual time=1287.346..1287.346 rows=357497 loops=1)
        Buckets: 131072 (originally 131072)  Batches: 8 (originally 4)  Memory Usage: 3073kB
        ->  Seq Scan on title t  (cost=0.00..73925.90 rows=245944 width=4) (actual time=0.035..1161.140 rows=357497 loops=1)
              Filter: ((kind_id < 7) AND (production_year < 1987))
              Rows Removed by Filter: 2170815
Planning time: 5.683 ms
Execution time: 5390.438 ms
