Hash Join  (cost=98595.81..714315.69 rows=11011105 width=0) (actual time=1916.162..19321.051 rows=9986871 loops=1)
  Hash Cond: (mi.movie_id = t.id)
  ->  Seq Scan on movie_info mi  (cost=0.00..309384.22 rows=14739122 width=4) (actual time=0.020..6256.261 rows=14835720 loops=1)
  ->  Hash  (cost=67604.59..67604.59 rows=1888978 width=4) (actual time=1914.802..1914.802 rows=1887769 loops=1)
        Buckets: 131072  Batches: 32  Memory Usage: 3114kB
        ->  Seq Scan on title t  (cost=0.00..67604.59 rows=1888978 width=4) (actual time=0.023..1301.247 rows=1887769 loops=1)
              Filter: (production_year > 1983)
              Rows Removed by Filter: 640543
Planning time: 0.768 ms
Execution time: 20511.148 ms
