Seq Scan on movie_keyword mk  (cost=0.00..81003.12 rows=246 width=0) (actual time=92.805..910.056 rows=23 loops=1)
  Filter: (keyword_id = 20284)
  Rows Removed by Filter: 4523907
Planning time: 0.262 ms
Execution time: 910.151 ms
