Seq Scan on cast_info ci  (cost=0.00..796071.18 rows=308413 width=0) (actual time=10502.234..12463.515 rows=165572 loops=1)
  Filter: ((person_id < 1221966) AND (role_id = 5))
  Rows Removed by Filter: 36078772
Planning time: 0.431 ms
Execution time: 12485.149 ms
