Nested Loop  (cost=88528.17..159033.67 rows=836 width=0) (actual time=1774.921..2795.247 rows=9237 loops=1)
  Join Filter: (mc.movie_id = t.id)
  ->  Hash Join  (cost=88527.74..155288.20 rows=4394 width=8) (actual time=1774.850..2673.568 rows=9237 loops=1)
        Hash Cond: (mc.movie_id = mk.movie_id)
        ->  Seq Scan on movie_companies mc  (cost=0.00..57926.93 rows=4609 width=4) (actual time=0.506..828.090 rows=3656 loops=1)
              Filter: ((company_type_id > 1) AND (company_id = 1451))
              Rows Removed by Filter: 2605473
        ->  Hash  (cost=81003.12..81003.12 rows=458609 width=4) (actual time=1770.412..1770.412 rows=455012 loops=1)
              Buckets: 131072  Batches: 8  Memory Usage: 3050kB
              ->  Seq Scan on movie_keyword mk  (cost=0.00..81003.12 rows=458609 width=4) (actual time=0.025..1357.319 rows=455012 loops=1)
                    Filter: (keyword_id > 38936)
                    Rows Removed by Filter: 4068918
  ->  Index Only Scan using title_pkey on title t  (cost=0.43..0.84 rows=1 width=4) (actual time=0.012..0.012 rows=1 loops=9237)
        Index Cond: (id = mk.movie_id)
        Heap Fetches: 9237
Planning time: 1.923 ms
Execution time: 2797.082 ms
