Hash Join  (cost=83074.74..109986.57 rows=134 width=0) (actual time=1365.637..1966.586 rows=308 loops=1)
  Hash Cond: (mi_idx.movie_id = t.id)
  ->  Seq Scan on movie_info_idx mi_idx  (cost=0.00..21735.35 rows=1380035 width=4) (actual time=0.013..357.194 rows=1380035 loops=1)
  ->  Hash  (cost=83071.67..83071.67 rows=246 width=8) (actual time=1364.546..1364.546 rows=110 loops=1)
        Buckets: 1024  Batches: 1  Memory Usage: 13kB
        ->  Nested Loop  (cost=0.43..83071.67 rows=246 width=8) (actual time=12.954..1364.387 rows=110 loops=1)
              ->  Seq Scan on movie_keyword mk  (cost=0.00..81003.12 rows=246 width=4) (actual time=12.871..1354.629 rows=110 loops=1)
                    Filter: (keyword_id = 9143)
                    Rows Removed by Filter: 4523820
              ->  Index Only Scan using title_pkey on title t  (cost=0.43..8.40 rows=1 width=4) (actual time=0.083..0.084 rows=1 loops=110)
                    Index Cond: (id = mk.movie_id)
                    Heap Fetches: 110
Planning time: 1.145 ms
Execution time: 1966.780 ms
