Seq Scan on movie_keyword mk  (cost=0.00..81003.12 rows=877899 width=0) (actual time=0.021..1409.283 rows=885176 loops=1)
  Filter: (keyword_id > 20833)
  Rows Removed by Filter: 3638754
Planning time: 0.343 ms
Execution time: 1523.098 ms
