Seq Scan on movie_keyword mk  (cost=0.00..81003.12 rows=554264 width=0) (actual time=0.022..1242.670 rows=555726 loops=1)
  Filter: (keyword_id < 398)
  Rows Removed by Filter: 3968204
Planning time: 0.357 ms
Execution time: 1313.677 ms
