Hash Join  (cost=87949.67..196280.26 rows=533007 width=134) (actual time=1058.794..3575.296 rows=785602 loops=1)
  Hash Cond: (mc.movie_id = t.id)
  ->  Seq Scan on movie_companies mc  (cost=0.00..44881.29 rows=2609129 width=40) (actual time=0.026..370.983 rows=2609129 loops=1)
  ->  Hash  (cost=73925.90..73925.90 rows=516541 width=94) (actual time=1058.248..1058.248 rows=440918 loops=1)
        Buckets: 32768  Batches: 32  Memory Usage: 1784kB
        ->  Seq Scan on title t  (cost=0.00..73925.90 rows=516541 width=94) (actual time=0.024..877.345 rows=440918 loops=1)
              Filter: ((kind_id < 7) AND (production_year > 2001))
              Rows Removed by Filter: 2087394
Planning time: 0.978 ms
Execution time: 3613.290 ms
