Hash Join  (cost=83580.70..226808.99 rows=1742225 width=0) (actual time=1554.005..5320.309 rows=2320352 loops=1)
  Hash Cond: (mk.movie_id = t.id)
  ->  Seq Scan on movie_keyword mk  (cost=0.00..69693.30 rows=4523930 width=4) (actual time=0.012..1374.821 rows=4523930 loops=1)
  ->  Hash  (cost=67604.59..67604.59 rows=973769 width=4) (actual time=1552.401..1552.401 rows=971188 loops=1)
        Buckets: 131072  Batches: 16  Memory Usage: 3168kB
        ->  Seq Scan on title t  (cost=0.00..67604.59 rows=973769 width=4) (actual time=0.013..1228.849 rows=971188 loops=1)
              Filter: (production_year < 1999)
              Rows Removed by Filter: 1557124
Planning time: 0.735 ms
Execution time: 5530.556 ms
