Seq Scan on cast_info ci  (cost=0.00..796071.18 rows=12578794 width=0) (actual time=5763.071..15528.179 rows=8061322 loops=1)
  Filter: ((person_id < 2874433) AND (role_id > 2))
  Rows Removed by Filter: 28183022
Planning time: 0.368 ms
Execution time: 16560.573 ms
