Seq Scan on movie_companies mc  (cost=0.00..51404.11 rows=1678879 width=0) (actual time=0.016..985.366 rows=1678332 loops=1)
  Filter: (company_id > 3312)
  Rows Removed by Filter: 930797
Planning time: 0.338 ms
Execution time: 1194.336 ms
