Seq Scan on movie_companies mc  (cost=0.00..57926.93 rows=481496 width=0) (actual time=253.645..966.712 rows=689796 loops=1)
  Filter: ((company_id < 4441) AND (company_type_id < 2))
  Rows Removed by Filter: 1919333
Planning time: 0.268 ms
Execution time: 1048.504 ms
