Hash Join  (cost=105607.32..194177.25 rows=1172123 width=0) (actual time=2560.486..4803.155 rows=1109371 loops=1)
  Hash Cond: (mc.movie_id = t.id)
  ->  Seq Scan on movie_companies mc  (cost=0.00..51404.11 rows=1279517 width=4) (actual time=126.805..991.665 rows=1274246 loops=1)
        Filter: (company_type_id < 2)
        Rows Removed by Filter: 1334883
  ->  Hash  (cost=67604.59..67604.59 rows=2316299 width=4) (actual time=2432.786..2432.786 rows=2310679 loops=1)
        Buckets: 131072  Batches: 32  Memory Usage: 3566kB
        ->  Seq Scan on title t  (cost=0.00..67604.59 rows=2316299 width=4) (actual time=0.030..1438.034 rows=2310679 loops=1)
              Filter: (production_year > 1941)
              Rows Removed by Filter: 217633
Planning time: 0.769 ms
Execution time: 4937.522 ms
