Hash Join  (cost=96853.32..219185.66 rows=1111681 width=134) (actual time=1150.915..4718.656 rows=1414367 loops=1)
  Hash Cond: (mc.movie_id = t.id)
  ->  Seq Scan on movie_companies mc  (cost=0.00..44881.29 rows=2609129 width=40) (actual time=0.019..427.139 rows=2609129 loops=1)
  ->  Hash  (cost=67604.59..67604.59 rows=1077339 width=94) (actual time=1149.683..1149.683 rows=1074765 loops=1)
        Buckets: 32768  Batches: 64  Memory Usage: 2122kB
        ->  Seq Scan on title t  (cost=0.00..67604.59 rows=1077339 width=94) (actual time=0.016..767.737 rows=1074765 loops=1)
              Filter: (production_year < 2001)
              Rows Removed by Filter: 1453547
Planning time: 0.870 ms
Execution time: 4805.139 ms
