Hash Join  (cost=97041.14..151932.19 rows=5205 width=0) (actual time=1691.332..2750.277 rows=12958 loops=1)
  Hash Cond: (mc.movie_id = t.id)
  ->  Seq Scan on movie_companies mc  (cost=0.00..51404.11 rows=915971 width=4) (actual time=0.017..857.810 rows=923860 loops=1)
        Filter: (company_id > 19869)
        Rows Removed by Filter: 1685269
  ->  Hash  (cost=96861.55..96861.55 rows=14367 width=8) (actual time=1690.777..1690.777 rows=15632 loops=1)
        Buckets: 16384  Batches: 1  Memory Usage: 739kB
        ->  Hash Join  (cost=68100.81..96861.55 rows=14367 width=8) (actual time=1016.131..1684.841 rows=15632 loops=1)
              Hash Cond: (mi_idx.movie_id = t.id)
              ->  Seq Scan on movie_info_idx mi_idx  (cost=0.00..25185.44 rows=915101 width=4) (actual time=0.021..470.980 rows=919850 loops=1)
                    Filter: (info_type_id < 101)
                    Rows Removed by Filter: 460185
              ->  Hash  (cost=67604.59..67604.59 rows=39698 width=4) (actual time=1015.297..1015.297 rows=36437 loops=1)
                    Buckets: 65536  Batches: 1  Memory Usage: 1793kB
                    ->  Seq Scan on title t  (cost=0.00..67604.59 rows=39698 width=4) (actual time=0.035..999.501 rows=36437 loops=1)
                          Filter: (production_year = 1995)
                          Rows Removed by Filter: 2491875
Planning time: 1.210 ms
Execution time: 2752.414 ms
