Hash Join  (cost=80384.28..150770.32 rows=206988 width=0) (actual time=1686.891..3281.694 rows=133711 loops=1)
  Hash Cond: (mc.movie_id = t.id)
  ->  Seq Scan on movie_companies mc  (cost=0.00..51404.11 rows=1329612 width=4) (actual time=3.664..931.726 rows=1334883 loops=1)
        Filter: (company_type_id = 2)
        Rows Removed by Filter: 1274246
  ->  Hash  (cost=73925.90..73925.90 rows=393630 width=4) (actual time=1682.341..1682.341 rows=401187 loops=1)
        Buckets: 131072  Batches: 8  Memory Usage: 2794kB
        ->  Seq Scan on title t  (cost=0.00..73925.90 rows=393630 width=4) (actual time=0.017..1269.379 rows=401187 loops=1)
              Filter: ((kind_id > 1) AND (production_year > 2009))
              Rows Removed by Filter: 2127125
Planning time: 0.573 ms
Execution time: 3297.248 ms
