Seq Scan on title t  (cost=0.00..73925.90 rows=83577 width=0) (actual time=423.318..1116.141 rows=92182 loops=1)
  Filter: ((production_year < 2011) AND (kind_id = 3))
  Rows Removed by Filter: 2436130
Planning time: 0.370 ms
Execution time: 1128.000 ms
