Seq Scan on movie_keyword mk  (cost=0.00..81003.12 rows=1595846 width=0) (actual time=0.030..1357.124 rows=1601147 loops=1)
  Filter: (keyword_id < 2484)
  Rows Removed by Filter: 2922783
Planning time: 0.354 ms
Execution time: 1547.744 ms
