Seq Scan on title t  (cost=0.00..67604.59 rows=12137 width=0) (actual time=42.036..1000.494 rows=11234 loops=1)
  Filter: (production_year < 1903)
  Rows Removed by Filter: 2517078
Planning time: 0.333 ms
Execution time: 1002.612 ms
