Hash Join  (cost=100836.57..639466.73 rows=7097120 width=0) (actual time=3312.547..15788.023 rows=6064413 loops=1)
  Hash Cond: (mi.movie_id = t.id)
  ->  Seq Scan on movie_info mi  (cost=0.00..346232.03 rows=8859586 width=4) (actual time=1281.308..6790.999 rows=8966694 loops=1)
        Filter: (info_type_id < 15)
        Rows Removed by Filter: 5869026
  ->  Hash  (cost=67604.59..67604.59 rows=2025519 width=4) (actual time=2030.413..2030.413 rows=2018703 loops=1)
        Buckets: 131072  Batches: 32  Memory Usage: 3256kB
        ->  Seq Scan on title t  (cost=0.00..67604.59 rows=2025519 width=4) (actual time=0.027..1371.521 rows=2018703 loops=1)
              Filter: (production_year > 1974)
              Rows Removed by Filter: 509609
Planning time: 0.796 ms
Execution time: 16512.589 ms
