Seq Scan on cast_info ci  (cost=0.00..705507.15 rows=27972501 width=0) (actual time=0.009..12809.776 rows=28107349 loops=1)
  Filter: (person_id > 795771)
  Rows Removed by Filter: 8136995
Planning time: 0.285 ms
Execution time: 16264.559 ms
