Hash Join  (cost=58375.49..85286.05 rows=8 width=0) (actual time=1210.845..1552.468 rows=6 loops=1)
  Hash Cond: (mi_idx.movie_id = t.id)
  ->  Seq Scan on movie_info_idx mi_idx  (cost=0.00..21735.35 rows=1380035 width=4) (actual time=0.023..293.441 rows=1380035 loops=1)
  ->  Hash  (cost=58375.31..58375.31 rows=14 width=8) (actual time=1025.861..1025.861 rows=7 loops=1)
        Buckets: 1024  Batches: 1  Memory Usage: 9kB
        ->  Nested Loop  (cost=0.43..58375.31 rows=14 width=8) (actual time=55.455..1025.844 rows=7 loops=1)
              ->  Seq Scan on movie_companies mc  (cost=0.00..57926.93 rows=53 width=4) (actual time=48.012..1019.976 rows=244 loops=1)
                    Filter: ((company_type_id > 1) AND (company_id = 29678))
                    Rows Removed by Filter: 2608885
              ->  Index Scan using title_pkey on title t  (cost=0.43..8.45 rows=1 width=4) (actual time=0.023..0.023 rows=0 loops=244)
                    Index Cond: (id = mc.movie_id)
                    Filter: (production_year > 2008)
                    Rows Removed by Filter: 1
Planning time: 1.270 ms
Execution time: 1552.626 ms
