Hash Join  (cost=70177.20..532467.72 rows=587533 width=0) (actual time=1098.088..12111.419 rows=1513751 loops=1)
  Hash Cond: (mi.movie_id = t.id)
  ->  Seq Scan on movie_info mi  (cost=0.00..346232.03 rows=9476311 width=4) (actual time=0.013..6616.647 rows=9565151 loops=1)
        Filter: (info_type_id < 16)
        Rows Removed by Filter: 5270569
  ->  Hash  (cost=67604.59..67604.59 rows=156769 width=4) (actual time=955.421..955.421 rows=160337 loops=1)
        Buckets: 131072  Batches: 4  Memory Usage: 2437kB
        ->  Seq Scan on title t  (cost=0.00..67604.59 rows=156769 width=4) (actual time=13.882..866.470 rows=160337 loops=1)
              Filter: (production_year < 1949)
              Rows Removed by Filter: 2367975
Planning time: 5.014 ms
Execution time: 12306.112 ms
