Seq Scan on movie_keyword mk  (cost=0.00..81003.12 rows=1163146 width=0) (actual time=0.015..1336.989 rows=1179073 loops=1)
  Filter: (keyword_id > 15831)
  Rows Removed by Filter: 3344857
Planning time: 0.288 ms
Execution time: 1485.005 ms
