Hash Join  (cost=102767.86..1287947.21 rows=15760134 width=0) (actual time=1813.853..36368.857 rows=20122661 loops=1)
  Hash Cond: (ci.movie_id = t.id)
  ->  Seq Scan on cast_info ci  (cost=0.00..796071.18 rows=15760134 width=4) (actual time=0.016..17382.038 rows=20122661 loops=1)
        Filter: ((person_id < 2903665) AND (role_id < 3))
        Rows Removed by Filter: 16121683
  ->  Hash  (cost=61283.27..61283.27 rows=2528527 width=4) (actual time=1812.332..1812.332 rows=2528312 loops=1)
        Buckets: 131072  Batches: 64  Memory Usage: 2415kB
        ->  Seq Scan on title t  (cost=0.00..61283.27 rows=2528527 width=4) (actual time=0.019..984.355 rows=2528312 loops=1)
Planning time: 0.767 ms
Execution time: 38686.145 ms
