Seq Scan on cast_info ci  (cost=0.00..796071.18 rows=38 width=0) (actual time=3409.323..10632.268 rows=1 loops=1)
  Filter: ((person_id = 2773252) AND (role_id = 4))
  Rows Removed by Filter: 36244343
Planning time: 0.441 ms
Execution time: 10632.385 ms
