Seq Scan on cast_info ci  (cost=0.00..796071.18 rows=176 width=0) (actual time=1260.637..10694.910 rows=4 loops=1)
  Filter: ((person_id = 1454771) AND (role_id = 1))
  Rows Removed by Filter: 36244340
Planning time: 0.955 ms
Execution time: 10695.007 ms
