Hash Join  (cost=75587.65..208417.30 rows=109461 width=106) (actual time=859.978..3010.908 rows=256744 loops=1)
  Hash Cond: (mk.movie_id = t.id)
  ->  Seq Scan on movie_keyword mk  (cost=0.00..69693.30 rows=4523930 width=12) (actual time=0.007..649.573 rows=4523930 loops=1)
  ->  Hash  (cost=73925.90..73925.90 rows=61180 width=94) (actual time=859.133..859.133 rows=53378 loops=1)
        Buckets: 32768  Batches: 4  Memory Usage: 1751kB
        ->  Seq Scan on title t  (cost=0.00..73925.90 rows=61180 width=94) (actual time=190.787..837.922 rows=53378 loops=1)
              Filter: ((production_year < 2005) AND (kind_id = 4))
              Rows Removed by Filter: 2474934
Planning time: 0.912 ms
Execution time: 3023.154 ms
