Hash Join  (cost=92883.59..818130.64 rows=442230 width=0) (actual time=6765.171..15466.042 rows=363067 loops=1)
  Hash Cond: (ci.movie_id = t.id)
  ->  Seq Scan on cast_info ci  (cost=0.00..705507.15 rows=725720 width=4) (actual time=4934.801..12309.757 rows=773674 loops=1)
        Filter: (role_id = 6)
        Rows Removed by Filter: 35470670
  ->  Hash  (cost=67604.59..67604.59 rows=1540800 width=4) (actual time=1828.886..1828.886 rows=1543264 loops=1)
        Buckets: 131072  Batches: 32  Memory Usage: 2722kB
        ->  Seq Scan on title t  (cost=0.00..67604.59 rows=1540800 width=4) (actual time=0.029..1326.229 rows=1543264 loops=1)
              Filter: (kind_id = 7)
              Rows Removed by Filter: 985048
Planning time: 0.751 ms
Execution time: 15511.090 ms
