Hash Join  (cost=228140.75..1384405.18 rows=11529770 width=0) (actual time=4826.344..36038.099 rows=6218026 loops=1)
  Hash Cond: (ci.movie_id = t.id)
  ->  Seq Scan on cast_info ci  (cost=0.00..705507.15 rows=28668949 width=4) (actual time=0.019..16983.609 rows=28808107 loops=1)
        Filter: (role_id < 8)
        Rows Removed by Filter: 7436237
  ->  Hash  (cost=211456.55..211456.55 rows=1016896 width=8) (actual time=4825.088..4825.088 rows=263855 loops=1)
        Buckets: 131072  Batches: 16  Memory Usage: 1682kB
        ->  Hash Join  (cost=92883.59..211456.55 rows=1016896 width=8) (actual time=3387.197..4752.440 rows=263855 loops=1)
              Hash Cond: (mk.movie_id = t.id)
              ->  Seq Scan on movie_keyword mk  (cost=0.00..81003.12 rows=1668775 width=4) (actual time=0.016..1525.088 rows=1679501 loops=1)
                    Filter: (keyword_id > 8654)
                    Rows Removed by Filter: 2844429
              ->  Hash  (cost=67604.59..67604.59 rows=1540800 width=4) (actual time=1769.817..1769.817 rows=1543264 loops=1)
                    Buckets: 131072  Batches: 32  Memory Usage: 2728kB
                    ->  Seq Scan on title t  (cost=0.00..67604.59 rows=1540800 width=4) (actual time=0.005..1270.609 rows=1543264 loops=1)
                          Filter: (kind_id = 7)
                          Rows Removed by Filter: 985048
Planning time: 1.195 ms
Execution time: 36736.665 ms
