Hash Join  (cost=248783.08..817555.53 rows=8337853 width=0) (actual time=6811.384..64055.710 rows=181924502 loops=1)
  Hash Cond: (mi.movie_id = t.id)
  ->  Seq Scan on movie_info mi  (cost=0.00..309384.22 rows=14739122 width=4) (actual time=0.016..6343.880 rows=14835720 loops=1)
  ->  Hash  (cost=225315.38..225315.38 rows=1430376 width=8) (actual time=6809.274..6809.274 rows=3150143 loops=1)
        Buckets: 131072 (originally 131072)  Batches: 64 (originally 32)  Memory Usage: 3073kB
        ->  Hash Join  (cost=83810.17..225315.38 rows=1430376 width=8) (actual time=1430.247..5921.178 rows=3150143 loops=1)
              Hash Cond: (mk.movie_id = t.id)
              ->  Seq Scan on movie_keyword mk  (cost=0.00..81003.12 rows=3661684 width=4) (actual time=0.016..1925.868 rows=3651849 loops=1)
                    Filter: (keyword_id < 21179)
                    Rows Removed by Filter: 872081
              ->  Hash  (cost=67604.59..67604.59 rows=987727 width=4) (actual time=1429.424..1429.424 rows=985048 loops=1)
                    Buckets: 131072  Batches: 16  Memory Usage: 3197kB
                    ->  Seq Scan on title t  (cost=0.00..67604.59 rows=987727 width=4) (actual time=0.024..1085.125 rows=985048 loops=1)
                          Filter: (kind_id < 7)
                          Rows Removed by Filter: 1543264
Planning time: 1.216 ms
Execution time: 84279.390 ms
