Nested Loop  (cost=0.43..798787.41 rows=324 width=0) (actual time=4758.171..14406.426 rows=222 loops=1)
  ->  Seq Scan on cast_info ci  (cost=0.00..796071.18 rows=324 width=4) (actual time=4758.051..14394.685 rows=222 loops=1)
        Filter: ((role_id > 1) AND (person_id = 3545356))
        Rows Removed by Filter: 36244122
  ->  Index Only Scan using title_pkey on title t  (cost=0.43..8.37 rows=1 width=4) (actual time=0.052..0.052 rows=1 loops=222)
        Index Cond: (id = ci.movie_id)
        Heap Fetches: 222
Planning time: 0.729 ms
Execution time: 14406.552 ms
