Hash Join  (cost=471200.78..1568687.00 rows=23608458 width=181) (actual time=13526.645..113729.185 rows=208996841 loops=1)
  Hash Cond: (mi.movie_id = t.id)
  ->  Seq Scan on movie_info mi  (cost=0.00..309384.22 rows=14739122 width=75) (actual time=0.010..4758.225 rows=14835720 loops=1)
  ->  Hash  (cost=353336.78..353336.78 rows=4050080 width=106) (actual time=13522.972..13522.972 rows=4054027 loops=1)
        Buckets: 32768  Batches: 256  Memory Usage: 2378kB
        ->  Hash Join  (cost=129928.86..353336.78 rows=4050080 width=106) (actual time=2714.631..11094.444 rows=4054027 loops=1)
              Hash Cond: (mk.movie_id = t.id)
              ->  Seq Scan on movie_keyword mk  (cost=0.00..81003.12 rows=4050080 width=12) (actual time=0.012..2169.604 rows=4054027 loops=1)
                    Filter: (keyword_id < 37847)
                    Rows Removed by Filter: 469903
              ->  Hash  (cost=61283.27..61283.27 rows=2528527 width=94) (actual time=2712.779..2712.779 rows=2528312 loops=1)
                    Buckets: 32768  Batches: 128  Memory Usage: 2470kB
                    ->  Seq Scan on title t  (cost=0.00..61283.27 rows=2528527 width=94) (actual time=0.008..1320.404 rows=2528312 loops=1)
Planning time: 12.834 ms
Execution time: 123894.913 ms
