Seq Scan on movie_keyword mk  (cost=0.00..81003.12 rows=246 width=0) (actual time=3.346..1211.481 rows=1232 loops=1)
  Filter: (keyword_id = 214)
  Rows Removed by Filter: 4522698
Planning time: 0.555 ms
Execution time: 1211.954 ms
