Seq Scan on movie_companies mc  (cost=0.00..57926.93 rows=844678 width=0) (actual time=0.023..1094.084 rows=1054838 loops=1)
  Filter: ((company_id > 3729) AND (company_type_id > 1))
  Rows Removed by Filter: 1554291
Planning time: 0.377 ms
Execution time: 1228.599 ms
