Seq Scan on cast_info ci  (cost=0.00..705507.15 rows=500 width=0) (actual time=4857.654..11005.004 rows=382 loops=1)
  Filter: (person_id = 2284651)
  Rows Removed by Filter: 36243962
Planning time: 0.446 ms
Execution time: 11005.152 ms
