Hash Join  (cost=135509.91..162580.40 rows=16001 width=0) (actual time=2185.660..2863.397 rows=21934 loops=1)
  Hash Cond: (mi_idx.movie_id = t.id)
  ->  Seq Scan on movie_info_idx mi_idx  (cost=0.00..21735.35 rows=1380035 width=4) (actual time=0.011..376.361 rows=1380035 loops=1)
  ->  Hash  (cost=135143.43..135143.43 rows=29318 width=8) (actual time=2185.293..2185.293 rows=13286 loops=1)
        Buckets: 32768  Batches: 1  Memory Usage: 775kB
        ->  Hash Join  (cost=69694.50..135143.43 rows=29318 width=8) (actual time=1268.108..2180.274 rows=13286 loops=1)
              Hash Cond: (mc.movie_id = t.id)
              ->  Seq Scan on movie_companies mc  (cost=0.00..57926.93 rows=582085 width=4) (actual time=238.514..1014.605 rows=314768 loops=1)
                    Filter: ((company_id > 12381) AND (company_type_id < 2))
                    Rows Removed by Filter: 2294361
              ->  Hash  (cost=67604.59..67604.59 rows=127353 width=4) (actual time=1028.801..1028.801 rows=128696 loops=1)
                    Buckets: 131072  Batches: 2  Memory Usage: 3284kB
                    ->  Seq Scan on title t  (cost=0.00..67604.59 rows=127353 width=4) (actual time=0.030..982.053 rows=128696 loops=1)
                          Filter: (production_year = 2009)
                          Rows Removed by Filter: 2399616
Planning time: 1.239 ms
Execution time: 2866.691 ms
