Seq Scan on cast_info ci  (cost=0.00..796071.18 rows=9447895 width=0) (actual time=0.023..14712.199 rows=6063551 loops=1)
  Filter: ((person_id > 903374) AND (role_id < 2))
  Rows Removed by Filter: 30180793
Planning time: 0.387 ms
Execution time: 15441.653 ms
