Seq Scan on movie_info mi  (cost=0.00..346232.03 rows=13929354 width=75) (actual time=0.018..8697.545 rows=14033580 loops=1)
  Filter: (info_type_id > 1)
  Rows Removed by Filter: 802140
Planning time: 0.307 ms
Execution time: 9494.256 ms
