Hash Join  (cost=102767.86..921633.05 rows=536739 width=0) (actual time=4311.351..14118.180 rows=294 loops=1)
  Hash Cond: (ci.movie_id = t.id)
  ->  Seq Scan on cast_info ci  (cost=0.00..796071.18 rows=536739 width=4) (actual time=2040.766..11488.895 rows=294 loops=1)
        Filter: ((person_id < 251920) AND (role_id = 2))
        Rows Removed by Filter: 36244050
  ->  Hash  (cost=61283.27..61283.27 rows=2528527 width=4) (actual time=2243.735..2243.735 rows=2528312 loops=1)
        Buckets: 131072  Batches: 64  Memory Usage: 2415kB
        ->  Seq Scan on title t  (cost=0.00..61283.27 rows=2528527 width=4) (actual time=0.030..1153.371 rows=2528312 loops=1)
Planning time: 0.800 ms
Execution time: 14118.322 ms
