Hash Join  (cost=102767.86..934489.53 rows=1071046 width=0) (actual time=3652.353..15370.092 rows=665713 loops=1)
  Hash Cond: (ci.movie_id = t.id)
  ->  Seq Scan on cast_info ci  (cost=0.00..796071.18 rows=1071046 width=4) (actual time=1638.758..12144.817 rows=665713 loops=1)
        Filter: ((person_id < 227316) AND (role_id > 2))
        Rows Removed by Filter: 35578631
  ->  Hash  (cost=61283.27..61283.27 rows=2528527 width=4) (actual time=2012.403..2012.403 rows=2528312 loops=1)
        Buckets: 131072  Batches: 64  Memory Usage: 2415kB
        ->  Seq Scan on title t  (cost=0.00..61283.27 rows=2528527 width=4) (actual time=0.015..1178.686 rows=2528312 loops=1)
Planning time: 0.779 ms
Execution time: 15459.367 ms
