Seq Scan on cast_info ci  (cost=0.00..705507.15 rows=10055801 width=0) (actual time=0.013..12478.135 rows=9853968 loops=1)
  Filter: (person_id < 969267)
  Rows Removed by Filter: 26390376
Planning time: 0.340 ms
Execution time: 13761.210 ms
