Seq Scan on movie_keyword mk  (cost=0.00..81003.12 rows=246 width=0) (actual time=7.170..1271.552 rows=153 loops=1)
  Filter: (keyword_id = 25784)
  Rows Removed by Filter: 4523777
Planning time: 0.407 ms
Execution time: 1271.729 ms
