Seq Scan on movie_keyword mk  (cost=0.00..81003.12 rows=246 width=0) (actual time=0.169..1274.219 rows=3128 loops=1)
  Filter: (keyword_id = 4629)
  Rows Removed by Filter: 4520802
Planning time: 0.417 ms
Execution time: 1275.112 ms
