Hash Join  (cost=156487.41..234617.89 rows=339471 width=0) (actual time=3868.371..6065.296 rows=1008008 loops=1)
  Hash Cond: (mc.movie_id = t.id)
  ->  Seq Scan on movie_companies mc  (cost=0.00..51404.11 rows=1862042 width=4) (actual time=0.014..1025.534 rows=1857390 loops=1)
        Filter: (company_id < 36750)
        Rows Removed by Filter: 751739
  ->  Hash  (cost=148924.19..148924.19 rows=460978 width=8) (actual time=3867.591..3867.591 rows=459925 loops=1)
        Buckets: 131072  Batches: 8  Memory Usage: 3275kB
        ->  Hash Join  (cost=102767.86..148924.19 rows=460978 width=8) (actual time=2428.636..3738.053 rows=459925 loops=1)
              Hash Cond: (mi_idx.movie_id = t.id)
              ->  Seq Scan on movie_info_idx mi_idx  (cost=0.00..25185.44 rows=460978 width=4) (actual time=0.025..501.370 rows=459925 loops=1)
                    Filter: (info_type_id = 99)
                    Rows Removed by Filter: 920110
              ->  Hash  (cost=61283.27..61283.27 rows=2528527 width=4) (actual time=2427.105..2427.105 rows=2528312 loops=1)
                    Buckets: 131072  Batches: 64  Memory Usage: 2415kB
                    ->  Seq Scan on title t  (cost=0.00..61283.27 rows=2528527 width=4) (actual time=0.016..1305.424 rows=2528312 loops=1)
Planning time: 1.160 ms
Execution time: 6186.465 ms
