Hash Join  (cost=93873.33..164615.94 rows=236849 width=0) (actual time=2276.261..3812.215 rows=141697 loops=1)
  Hash Cond: (mc.movie_id = t.id)
  ->  Seq Scan on movie_companies mc  (cost=0.00..57926.93 rows=492582 width=4) (actual time=440.375..1054.296 rows=808194 loops=1)
        Filter: ((company_id > 17461) AND (company_type_id = 2))
        Rows Removed by Filter: 1800935
  ->  Hash  (cost=73925.90..73925.90 rows=1215794 width=4) (actual time=1834.735..1834.735 rows=1301100 loops=1)
        Buckets: 131072  Batches: 16  Memory Usage: 3892kB
        ->  Seq Scan on title t  (cost=0.00..73925.90 rows=1215794 width=4) (actual time=0.027..1434.797 rows=1301100 loops=1)
              Filter: ((production_year > 1976) AND (kind_id = 7))
              Rows Removed by Filter: 1227212
Planning time: 2.946 ms
Execution time: 3830.686 ms
