Nested Loop  (cost=0.43..52283.69 rows=104 width=0) (actual time=25.071..813.278 rows=21 loops=1)
  ->  Seq Scan on movie_companies mc  (cost=0.00..51404.11 rows=104 width=4) (actual time=24.994..811.082 rows=21 loops=1)
        Filter: (company_id = 47464)
        Rows Removed by Filter: 2609108
  ->  Index Only Scan using title_pkey on title t  (cost=0.43..8.45 rows=1 width=4) (actual time=0.099..0.100 rows=1 loops=21)
        Index Cond: (id = mc.movie_id)
        Heap Fetches: 21
Planning time: 0.805 ms
Execution time: 813.352 ms
