Hash Join  (cost=797070.55..891120.36 rows=120 width=148) (actual time=5713.315..6098.238 rows=9 loops=1)
  Hash Cond: (mk.movie_id = t.id)
  ->  Seq Scan on movie_keyword mk  (cost=0.00..81003.12 rows=3478796 width=12) (actual time=0.021..602.417 rows=3468579 loops=1)
        Filter: (keyword_id < 16742)
        Rows Removed by Filter: 1055351
  ->  Hash  (cost=797069.46..797069.46 rows=87 width=136) (actual time=5266.561..5266.561 rows=27 loops=1)
        Buckets: 1024  Batches: 1  Memory Usage: 13kB
        ->  Nested Loop  (cost=0.43..797069.46 rows=87 width=136) (actual time=2639.126..5266.527 rows=27 loops=1)
              ->  Seq Scan on cast_info ci  (cost=0.00..796071.18 rows=118 width=42) (actual time=2639.063..5266.250 rows=27 loops=1)
                    Filter: ((role_id > 5) AND (person_id = 3006302))
                    Rows Removed by Filter: 36244317
              ->  Index Scan using title_pkey on title t  (cost=0.43..8.45 rows=1 width=94) (actual time=0.009..0.009 rows=1 loops=27)
                    Index Cond: (id = ci.movie_id)
                    Filter: (kind_id > 1)
Planning time: 1.407 ms
Execution time: 6098.366 ms
