Seq Scan on title t  (cost=0.00..73925.90 rows=980733 width=94) (actual time=0.012..469.469 rows=1074493 loops=1)
  Filter: ((production_year > 1995) AND (kind_id = 7))
  Rows Removed by Filter: 1453819
Planning time: 0.360 ms
Execution time: 503.740 ms
