Seq Scan on movie_keyword mk  (cost=0.00..81003.12 rows=2065655 width=0) (actual time=0.020..1399.230 rows=2068861 loops=1)
  Filter: (keyword_id > 5882)
  Rows Removed by Filter: 2455069
Planning time: 0.249 ms
Execution time: 1655.094 ms
