Seq Scan on cast_info ci  (cost=0.00..705507.15 rows=22391260 width=0) (actual time=0.012..12874.511 rows=22423781 loops=1)
  Filter: (person_id > 1360821)
  Rows Removed by Filter: 13820563
Planning time: 0.337 ms
Execution time: 15636.257 ms
