Hash Join  (cost=82379.01..550875.25 rows=1801609 width=0) (actual time=1394.787..13118.777 rows=1055478 loops=1)
  Hash Cond: (mi.movie_id = t.id)
  ->  Seq Scan on movie_info mi  (cost=0.00..346232.03 rows=8841901 width=4) (actual time=0.019..6983.699 rows=8950757 loops=1)
        Filter: (info_type_id > 6)
        Rows Removed by Filter: 5884963
  ->  Hash  (cost=73925.90..73925.90 rows=515208 width=4) (actual time=1393.294..1393.294 rows=379301 loops=1)
        Buckets: 131072  Batches: 8  Memory Usage: 2688kB
        ->  Seq Scan on title t  (cost=0.00..73925.90 rows=515208 width=4) (actual time=0.028..1256.407 rows=379301 loops=1)
              Filter: ((kind_id > 2) AND (production_year < 1992))
              Rows Removed by Filter: 2149011
Planning time: 0.789 ms
Execution time: 13254.460 ms
