Hash Join  (cost=69484.36..138932.59 rows=41746 width=0) (actual time=1486.886..2606.968 rows=67233 loops=1)
  Hash Cond: (mc.movie_id = t.id)
  ->  Seq Scan on movie_companies mc  (cost=0.00..57926.93 rows=921555 width=4) (actual time=109.852..1121.625 rows=1104169 loops=1)
        Filter: ((company_id > 1709) AND (company_type_id = 2))
        Rows Removed by Filter: 1504960
  ->  Hash  (cost=67604.59..67604.59 rows=114542 width=4) (actual time=1022.634..1022.634 rows=118234 loops=1)
        Buckets: 131072  Batches: 2  Memory Usage: 3101kB
        ->  Seq Scan on title t  (cost=0.00..67604.59 rows=114542 width=4) (actual time=0.028..979.840 rows=118234 loops=1)
              Filter: (kind_id = 4)
              Rows Removed by Filter: 2410078
Planning time: 13.216 ms
Execution time: 2616.287 ms
