Hash Join  (cost=221063.29..778467.49 rows=7272427 width=0) (actual time=4807.602..28643.961 rows=47226166 loops=1)
  Hash Cond: (mi.movie_id = t.id)
  ->  Seq Scan on movie_info mi  (cost=0.00..309384.22 rows=14739122 width=4) (actual time=0.007..6083.937 rows=14835720 loops=1)
  ->  Hash  (cost=200594.29..200594.29 rows=1247600 width=8) (actual time=4806.815..4806.815 rows=1214780 loops=1)
        Buckets: 131072  Batches: 32  Memory Usage: 2562kB
        ->  Hash Join  (cost=102767.86..200594.29 rows=1247600 width=8) (actual time=1869.147..4468.287 rows=1214780 loops=1)
              Hash Cond: (mc.movie_id = t.id)
              ->  Seq Scan on movie_companies mc  (cost=0.00..57926.93 rows=1247600 width=4) (actual time=0.028..1264.917 rows=1214780 loops=1)
                    Filter: ((company_id > 6) AND (company_type_id = 1))
                    Rows Removed by Filter: 1394349
              ->  Hash  (cost=61283.27..61283.27 rows=2528527 width=4) (actual time=1868.115..1868.115 rows=2528312 loops=1)
                    Buckets: 131072  Batches: 64  Memory Usage: 2415kB
                    ->  Seq Scan on title t  (cost=0.00..61283.27 rows=2528527 width=4) (actual time=0.019..1059.830 rows=2528312 loops=1)
Planning time: 1.262 ms
Execution time: 33613.209 ms
