Seq Scan on cast_info ci  (cost=0.00..705507.15 rows=11794141 width=0) (actual time=313.806..11509.274 rows=11708104 loops=1)
  Filter: (person_id < 1149655)
  Rows Removed by Filter: 24536240
Planning time: 0.339 ms
Execution time: 12985.025 ms
