Hash Join  (cost=70592.26..1080665.28 rows=1781185 width=0) (actual time=1129.587..28269.687 rows=1318317 loops=1)
  Hash Cond: (ci.movie_id = t.id)
  ->  Seq Scan on cast_info ci  (cost=0.00..705507.15 rows=24738670 width=4) (actual time=0.014..15238.674 rows=24740114 loops=1)
        Filter: (person_id < 2547802)
        Rows Removed by Filter: 11504230
  ->  Hash  (cost=67604.59..67604.59 rows=182054 width=4) (actual time=1128.612..1128.612 rows=180956 loops=1)
        Buckets: 131072  Batches: 4  Memory Usage: 2612kB
        ->  Seq Scan on title t  (cost=0.00..67604.59 rows=182054 width=4) (actual time=0.019..1070.661 rows=180956 loops=1)
              Filter: (production_year < 1953)
              Rows Removed by Filter: 2347356
Planning time: 0.790 ms
Execution time: 28437.413 ms
