Nested Loop  (cost=0.43..83072.29 rows=98 width=0) (actual time=79.889..1347.745 rows=14 loops=1)
  ->  Seq Scan on movie_keyword mk  (cost=0.00..81003.12 rows=246 width=4) (actual time=32.038..1345.798 rows=37 loops=1)
        Filter: (keyword_id = 21554)
        Rows Removed by Filter: 4523893
  ->  Index Scan using title_pkey on title t  (cost=0.43..8.40 rows=1 width=4) (actual time=0.046..0.047 rows=0 loops=37)
        Index Cond: (id = mk.movie_id)
        Filter: (production_year > 2005)
        Rows Removed by Filter: 1
Planning time: 0.781 ms
Execution time: 1347.866 ms
