Hash Join  (cost=102767.86..181400.95 rows=449979 width=0) (actual time=2396.987..3224.608 rows=135213 loops=1)
  Hash Cond: (mc.movie_id = t.id)
  ->  Seq Scan on movie_companies mc  (cost=0.00..57926.93 rows=449979 width=4) (actual time=524.393..844.652 rows=135213 loops=1)
        Filter: ((company_id > 19770) AND (company_type_id < 2))
        Rows Removed by Filter: 2473916
  ->  Hash  (cost=61283.27..61283.27 rows=2528527 width=4) (actual time=1870.506..1870.506 rows=2528312 loops=1)
        Buckets: 131072  Batches: 64  Memory Usage: 2415kB
        ->  Seq Scan on title t  (cost=0.00..61283.27 rows=2528527 width=4) (actual time=0.023..1018.448 rows=2528312 loops=1)
Planning time: 0.693 ms
Execution time: 3241.174 ms
