Hash Join  (cost=114961.80..1121423.74 rows=845115 width=0) (actual time=2377.033..30343.043 rows=3287346 loops=1)
  Hash Cond: (ci.movie_id = t.id)
  ->  Seq Scan on cast_info ci  (cost=0.00..796071.18 rows=17423372 width=4) (actual time=0.014..17067.853 rows=20983397 loops=1)
        Filter: ((person_id > 906550) AND (role_id > 1))
        Rows Removed by Filter: 15260947
  ->  Hash  (cost=112948.73..112948.73 rows=122645 width=8) (actual time=2375.972..2375.972 rows=209880 loops=1)
        Buckets: 131072 (originally 131072)  Batches: 4 (originally 2)  Memory Usage: 3075kB
        ->  Hash Join  (cost=78556.72..112948.73 rows=122645 width=8) (actual time=1441.120..2307.700 rows=209880 loops=1)
              Hash Cond: (mi_idx.movie_id = t.id)
              ->  Seq Scan on movie_info_idx mi_idx  (cost=0.00..25185.44 rows=464566 width=4) (actual time=0.026..482.780 rows=459925 loops=1)
                    Filter: (info_type_id = 101)
                    Rows Removed by Filter: 920110
              ->  Hash  (cost=67604.59..67604.59 rows=667531 width=4) (actual time=1429.911..1429.911 rows=662825 loops=1)
                    Buckets: 131072  Batches: 16  Memory Usage: 2476kB
                    ->  Seq Scan on title t  (cost=0.00..67604.59 rows=667531 width=4) (actual time=65.765..1214.411 rows=662825 loops=1)
                          Filter: (kind_id = 1)
                          Rows Removed by Filter: 1865487
Planning time: 1.212 ms
Execution time: 30749.629 ms
