Hash Join  (cost=102767.86..210845.56 rows=714620 width=0) (actual time=1916.326..4361.977 rows=718036 loops=1)
  Hash Cond: (mk.movie_id = t.id)
  ->  Seq Scan on movie_keyword mk  (cost=0.00..81003.12 rows=714620 width=4) (actual time=0.018..1376.262 rows=718036 loops=1)
        Filter: (keyword_id > 26143)
        Rows Removed by Filter: 3805894
  ->  Hash  (cost=61283.27..61283.27 rows=2528527 width=4) (actual time=1914.178..1914.178 rows=2528312 loops=1)
        Buckets: 131072  Batches: 64  Memory Usage: 2425kB
        ->  Seq Scan on title t  (cost=0.00..61283.27 rows=2528527 width=4) (actual time=0.017..1043.605 rows=2528312 loops=1)
Planning time: 0.828 ms
Execution time: 4453.036 ms
