Seq Scan on movie_keyword mk  (cost=0.00..81003.12 rows=4121097 width=12) (actual time=0.010..591.885 rows=4126336 loops=1)
  Filter: (keyword_id < 43544)
  Rows Removed by Filter: 397594
Planning time: 0.215 ms
Execution time: 718.828 ms
