Nested Loop  (cost=0.43..83072.29 rows=96 width=0) (actual time=0.241..1339.313 rows=2030 loops=1)
  ->  Seq Scan on movie_keyword mk  (cost=0.00..81003.12 rows=246 width=4) (actual time=0.187..1227.384 rows=2535 loops=1)
        Filter: (keyword_id = 1078)
        Rows Removed by Filter: 4521395
  ->  Index Scan using title_pkey on title t  (cost=0.43..8.40 rows=1 width=4) (actual time=0.043..0.043 rows=1 loops=2535)
        Index Cond: (id = mk.movie_id)
        Filter: (kind_id < 7)
        Rows Removed by Filter: 0
Planning time: 0.759 ms
Execution time: 1340.052 ms
