Hash Join  (cost=98137.04..913659.26 rows=444401 width=0) (actual time=5839.005..15922.975 rows=568498 loops=1)
  Hash Cond: (ci.movie_id = t.id)
  ->  Seq Scan on cast_info ci  (cost=0.00..796071.18 rows=603806 width=4) (actual time=3887.455..13053.846 rows=875646 loops=1)
        Filter: ((person_id > 1687095) AND (role_id = 9))
        Rows Removed by Filter: 35368698
  ->  Hash  (cost=67604.59..67604.59 rows=1860996 width=4) (actual time=1950.179..1950.179 rows=1865487 loops=1)
        Buckets: 131072  Batches: 32  Memory Usage: 3079kB
        ->  Seq Scan on title t  (cost=0.00..67604.59 rows=1860996 width=4) (actual time=0.039..1294.619 rows=1865487 loops=1)
              Filter: (kind_id > 1)
              Rows Removed by Filter: 662825
Planning time: 0.780 ms
Execution time: 15993.340 ms
