Hash Join  (cost=137413.28..201745.39 rows=46513 width=0) (actual time=3705.937..4152.758 rows=73675 loops=1)
  Hash Cond: (mc.movie_id = t.id)
  ->  Seq Scan on movie_companies mc  (cost=0.00..57926.93 rows=418680 width=4) (actual time=0.014..1032.166 rows=745993 loops=1)
        Filter: ((company_id > 27302) AND (company_type_id > 1))
        Rows Removed by Filter: 1863136
  ->  Hash  (cost=132803.96..132803.96 rows=280905 width=8) (actual time=2748.824..2748.824 rows=141906 loops=1)
        Buckets: 131072  Batches: 4  Memory Usage: 2407kB
        ->  Hash Join  (cost=92883.59..132803.96 rows=280905 width=8) (actual time=1916.629..2700.212 rows=141906 loops=1)
              Hash Cond: (mi_idx.movie_id = t.id)
              ->  Seq Scan on movie_info_idx mi_idx  (cost=0.00..25185.44 rows=460978 width=4) (actual time=0.023..468.217 rows=459925 loops=1)
                    Filter: (info_type_id = 99)
                    Rows Removed by Filter: 920110
              ->  Hash  (cost=67604.59..67604.59 rows=1540800 width=4) (actual time=1676.947..1676.947 rows=1543264 loops=1)
                    Buckets: 131072  Batches: 32  Memory Usage: 2722kB
                    ->  Seq Scan on title t  (cost=0.00..67604.59 rows=1540800 width=4) (actual time=63.313..1183.221 rows=1543264 loops=1)
                          Filter: (kind_id = 7)
                          Rows Removed by Filter: 985048
Planning time: 1.183 ms
Execution time: 4162.545 ms
