Hash Join  (cost=74098.35..826864.04 rows=197652 width=0) (actual time=1015.280..17992.686 rows=164986 loops=1)
  Hash Cond: (ci.movie_id = t.id)
  ->  Seq Scan on cast_info ci  (cost=0.00..614943.12 rows=36225612 width=4) (actual time=0.019..8713.873 rows=36244344 loops=1)
  ->  Hash  (cost=73925.90..73925.90 rows=13796 width=4) (actual time=1015.099..1015.099 rows=8100 loops=1)
        Buckets: 16384  Batches: 1  Memory Usage: 413kB
        ->  Seq Scan on title t  (cost=0.00..73925.90 rows=13796 width=4) (actual time=1.359..1011.556 rows=8100 loops=1)
              Filter: ((kind_id = 1) AND (production_year = 2000))
              Rows Removed by Filter: 2520212
Planning time: 0.772 ms
Execution time: 18025.637 ms
