Seq Scan on movie_companies mc  (cost=0.00..57926.93 rows=1773 width=0) (actual time=0.024..1029.176 rows=1133 loops=1)
  Filter: ((company_type_id > 1) AND (company_id = 419))
  Rows Removed by Filter: 2607996
Planning time: 0.375 ms
Execution time: 1029.516 ms
