Seq Scan on title t  (cost=0.00..67604.59 rows=7437 width=0) (actual time=0.035..964.102 rows=3781 loops=1)
  Filter: (production_year = 1918)
  Rows Removed by Filter: 2524531
Planning time: 0.364 ms
Execution time: 965.053 ms
