Hash Join  (cost=83073.10..913980.25 rows=239 width=0) (actual time=1426.704..14037.100 rows=26102 loops=1)
  Hash Cond: (ci.movie_id = t.id)
  ->  Seq Scan on cast_info ci  (cost=0.00..796071.18 rows=9288955 width=4) (actual time=0.013..11750.919 rows=6016553 loops=1)
        Filter: ((person_id > 2246271) AND (role_id < 4))
        Rows Removed by Filter: 30227791
  ->  Hash  (cost=83072.29..83072.29 rows=65 width=8) (actual time=1426.559..1426.559 rows=3170 loops=1)
        Buckets: 4096 (originally 1024)  Batches: 1 (originally 1)  Memory Usage: 156kB
        ->  Nested Loop  (cost=0.43..83072.29 rows=65 width=8) (actual time=0.137..1424.509 rows=3170 loops=1)
              ->  Seq Scan on movie_keyword mk  (cost=0.00..81003.12 rows=246 width=4) (actual time=0.096..1282.257 rows=4600 loops=1)
                    Filter: (keyword_id = 110)
                    Rows Removed by Filter: 4519330
              ->  Index Scan using title_pkey on title t  (cost=0.43..8.40 rows=1 width=4) (actual time=0.030..0.030 rows=1 loops=4600)
                    Index Cond: (id = mk.movie_id)
                    Filter: (kind_id = 1)
                    Rows Removed by Filter: 0
Planning time: 1.225 ms
Execution time: 14041.811 ms
