Hash Join  (cost=197248.81..708066.06 rows=1179639 width=0) (actual time=4431.944..18859.863 rows=10512268 loops=1)
  Hash Cond: (mi.movie_id = t.id)
  ->  Seq Scan on movie_info mi  (cost=0.00..309384.22 rows=14739122 width=4) (actual time=0.012..6250.956 rows=14835720 loops=1)
  ->  Hash  (cost=193928.19..193928.19 rows=202370 width=8) (actual time=4425.122..4425.122 rows=183280 loops=1)
        Buckets: 131072  Batches: 4  Memory Usage: 2779kB
        ->  Hash Join  (cost=69460.45..193928.19 rows=202370 width=8) (actual time=1476.289..4363.474 rows=183280 loops=1)
              Hash Cond: (mk.movie_id = t.id)
              ->  Seq Scan on movie_keyword mk  (cost=0.00..69693.30 rows=4523930 width=4) (actual time=0.017..1467.850 rows=4523930 loops=1)
              ->  Hash  (cost=67604.59..67604.59 rows=113109 width=4) (actual time=1475.309..1475.309 rows=119565 loops=1)
                    Buckets: 131072  Batches: 2  Memory Usage: 3121kB
                    ->  Seq Scan on title t  (cost=0.00..67604.59 rows=113109 width=4) (actual time=0.031..1131.326 rows=119565 loops=1)
                          Filter: (production_year = 2007)
                          Rows Removed by Filter: 2408747
Planning time: 1.140 ms
Execution time: 20073.276 ms
