Hash Join  (cost=121161.54..218292.98 rows=1952 width=0) (actual time=1974.151..4062.492 rows=2281 loops=1)
  Hash Cond: (mk.movie_id = t.id)
  ->  Seq Scan on movie_keyword mk  (cost=0.00..81003.12 rows=4295680 width=4) (actual time=0.024..1579.223 rows=4294512 loops=1)
        Filter: (keyword_id < 63422)
        Rows Removed by Filter: 229418
  ->  Hash  (cost=121147.18..121147.18 rows=1149 width=8) (actual time=1890.456..1890.456 rows=246 loops=1)
        Buckets: 2048  Batches: 1  Memory Usage: 26kB
        ->  Hash Join  (cost=69002.72..121147.18 rows=1149 width=8) (actual time=1033.441..1890.294 rows=246 loops=1)
              Hash Cond: (mc.movie_id = t.id)
              ->  Seq Scan on movie_companies mc  (cost=0.00..51404.11 rows=34093 width=4) (actual time=0.161..841.644 rows=36136 loops=1)
                    Filter: (company_id = 160)
                    Rows Removed by Filter: 2572993
              ->  Hash  (cost=67604.59..67604.59 rows=85211 width=4) (actual time=1023.568..1023.568 rows=84593 loops=1)
                    Buckets: 131072  Batches: 2  Memory Usage: 2518kB
                    ->  Seq Scan on title t  (cost=0.00..67604.59 rows=85211 width=4) (actual time=0.021..990.545 rows=84593 loops=1)
                          Filter: (production_year = 2004)
                          Rows Removed by Filter: 2443719
Planning time: 3.553 ms
Execution time: 4062.938 ms
