Hash Join  (cost=246489.34..907576.34 rows=3605184 width=219) (actual time=2158.526..9569.249 rows=9894719 loops=1)
  Hash Cond: (mi.movie_id = t.id)
  ->  Seq Scan on movie_info mi  (cost=0.00..346232.03 rows=8841901 width=75) (actual time=45.350..2231.011 rows=8950757 loops=1)
        Filter: (info_type_id > 6)
        Rows Removed by Filter: 5884963
  ->  Hash  (cost=212458.12..212458.12 rows=1030978 width=144) (actual time=2112.075..2112.075 rows=1016570 loops=1)
        Buckets: 32768  Batches: 64  Memory Usage: 2424kB
        ->  Hash Join  (cost=118887.81..212458.12 rows=1030978 width=144) (actual time=816.939..1767.033 rows=1016570 loops=1)
              Hash Cond: (mi_idx.movie_id = t.id)
              ->  Seq Scan on movie_info_idx mi_idx  (cost=0.00..21735.35 rows=1380035 width=50) (actual time=0.021..117.197 rows=1380035 loops=1)
              ->  Hash  (cost=67604.59..67604.59 rows=1888978 width=94) (actual time=816.642..816.642 rows=1887769 loops=1)
                    Buckets: 32768  Batches: 64  Memory Usage: 3592kB
                    ->  Seq Scan on title t  (cost=0.00..67604.59 rows=1888978 width=94) (actual time=0.015..446.365 rows=1887769 loops=1)
                          Filter: (production_year > 1983)
                          Rows Removed by Filter: 640543
Planning time: 0.868 ms
Execution time: 9860.132 ms
