Seq Scan on title t  (cost=0.00..67604.59 rows=1729681 width=0) (actual time=0.017..1258.878 rows=1725233 loops=1)
  Filter: (production_year > 1991)
  Rows Removed by Filter: 803079
Planning time: 8.424 ms
Execution time: 1476.697 ms
