Hash Join  (cost=832324.71..899169.86 rows=150524 width=0) (actual time=14933.281..16505.862 rows=292985 loops=1)
  Hash Cond: (mc.movie_id = t.id)
  ->  Seq Scan on movie_companies mc  (cost=0.00..51404.11 rows=1086878 width=4) (actual time=0.018..897.897 rows=1099787 loops=1)
        Filter: (company_id > 14060)
        Rows Removed by Filter: 1509342
  ->  Hash  (cost=826579.45..826579.45 rows=350181 width=8) (actual time=14932.414..14932.414 rows=316118 loops=1)
        Buckets: 131072  Batches: 8  Memory Usage: 2568kB
        ->  Hash Join  (cost=102767.86..826579.45 rows=350181 width=8) (actual time=4454.488..14840.658 rows=316118 loops=1)
              Hash Cond: (ci.movie_id = t.id)
              ->  Seq Scan on cast_info ci  (cost=0.00..705507.15 rows=350181 width=4) (actual time=2647.100..11768.099 rows=316118 loops=1)
                    Filter: (role_id > 10)
                    Rows Removed by Filter: 35928226
              ->  Hash  (cost=61283.27..61283.27 rows=2528527 width=4) (actual time=1806.235..1806.235 rows=2528312 loops=1)
                    Buckets: 131072  Batches: 64  Memory Usage: 2415kB
                    ->  Seq Scan on title t  (cost=0.00..61283.27 rows=2528527 width=4) (actual time=0.035..970.197 rows=2528312 loops=1)
Planning time: 1.107 ms
Execution time: 16542.059 ms
