Seq Scan on movie_companies mc  (cost=0.00..51404.11 rows=104 width=0) (actual time=460.869..805.956 rows=1 loops=1)
  Filter: (company_id = 204732)
  Rows Removed by Filter: 2609128
Planning time: 0.411 ms
Execution time: 806.023 ms
