Hash Join  (cost=834468.61..1340946.10 rows=772966 width=0) (actual time=15951.432..28547.696 rows=1382707 loops=1)
  Hash Cond: (mi.movie_id = t.id)
  ->  Seq Scan on movie_info mi  (cost=0.00..309384.22 rows=14739122 width=4) (actual time=0.012..6005.567 rows=14835720 loops=1)
  ->  Hash  (cost=832293.06..832293.06 rows=132604 width=8) (actual time=15767.140..15767.140 rows=234452 loops=1)
        Buckets: 131072 (originally 131072)  Batches: 4 (originally 2)  Memory Usage: 3201kB
        ->  Hash Join  (cost=75199.97..832293.06 rows=132604 width=8) (actual time=1209.043..15661.865 rows=234452 loops=1)
              Hash Cond: (ci.movie_id = t.id)
              ->  Seq Scan on cast_info ci  (cost=0.00..705507.15 rows=4320508 width=4) (actual time=41.954..12822.657 rows=4323018 loops=1)
                    Filter: (role_id = 10)
                    Rows Removed by Filter: 31921326
              ->  Hash  (cost=73925.90..73925.90 rows=77605 width=4) (actual time=1166.312..1166.312 rows=84684 loops=1)
                    Buckets: 131072  Batches: 2  Memory Usage: 2512kB
                    ->  Seq Scan on title t  (cost=0.00..73925.90 rows=77605 width=4) (actual time=0.035..1136.007 rows=84684 loops=1)
                          Filter: ((kind_id = 7) AND (production_year = 2009))
                          Rows Removed by Filter: 2443628
Planning time: 1.186 ms
Execution time: 28711.733 ms
