Hash Join  (cost=480414.09..611947.75 rows=923520 width=0) (actual time=9119.774..27006.916 rows=62508720 loops=1)
  Hash Cond: (mk.movie_id = t.id)
  ->  Seq Scan on movie_keyword mk  (cost=0.00..81003.12 rows=3334755 width=4) (actual time=0.017..1811.281 rows=3326264 loops=1)
        Filter: (keyword_id > 1450)
        Rows Removed by Filter: 1197666
  ->  Hash  (cost=468925.03..468925.03 rows=700245 width=8) (actual time=9117.829..9117.829 rows=1649340 loops=1)
        Buckets: 131072 (originally 131072)  Batches: 32 (originally 16)  Memory Usage: 3073kB
        ->  Hash Join  (cost=87162.74..468925.03 rows=700245 width=8) (actual time=2809.815..8659.613 rows=1649340 loops=1)
              Hash Cond: (mi.movie_id = t.id)
              ->  Seq Scan on movie_info mi  (cost=0.00..346232.03 rows=2194617 width=4) (actual time=1261.616..5420.886 rows=2233850 loops=1)
                    Filter: (info_type_id > 16)
                    Rows Removed by Filter: 12601870
              ->  Hash  (cost=73925.90..73925.90 rows=806787 width=4) (actual time=1547.327..1547.327 rows=843018 loops=1)
                    Buckets: 131072  Batches: 16  Memory Usage: 2888kB
                    ->  Seq Scan on title t  (cost=0.00..73925.90 rows=806787 width=4) (actual time=0.032..1251.208 rows=843018 loops=1)
                          Filter: ((kind_id < 7) AND (production_year < 2011))
                          Rows Removed by Filter: 1685294
Planning time: 1.165 ms
Execution time: 34390.999 ms
