Hash Join  (cost=209010.21..355229.15 rows=1987690 width=0) (actual time=4887.238..12722.294 rows=16317050 loops=1)
  Hash Cond: (mk.movie_id = t.id)
  ->  Seq Scan on movie_keyword mk  (cost=0.00..69693.30 rows=4523930 width=4) (actual time=0.017..1451.376 rows=4523930 loops=1)
  ->  Hash  (cost=190783.15..190783.15 rows=1110965 width=8) (actual time=4886.241..4886.241 rows=1106906 loops=1)
        Buckets: 131072  Batches: 16  Memory Usage: 3747kB
        ->  Hash Join  (cost=102767.86..190783.15 rows=1110965 width=8) (actual time=2019.038..4555.384 rows=1106906 loops=1)
              Hash Cond: (mc.movie_id = t.id)
              ->  Seq Scan on movie_companies mc  (cost=0.00..51404.11 rows=1110965 width=4) (actual time=0.017..927.264 rows=1106906 loops=1)
                    Filter: (company_id < 7669)
                    Rows Removed by Filter: 1502223
              ->  Hash  (cost=61283.27..61283.27 rows=2528527 width=4) (actual time=2017.698..2017.698 rows=2528312 loops=1)
                    Buckets: 131072  Batches: 64  Memory Usage: 2415kB
                    ->  Seq Scan on title t  (cost=0.00..61283.27 rows=2528527 width=4) (actual time=0.042..1163.725 rows=2528312 loops=1)
Planning time: 1.135 ms
Execution time: 14607.002 ms
