Seq Scan on title t  (cost=0.00..73925.90 rows=607442 width=0) (actual time=0.018..1371.425 rows=675690 loops=1)
  Filter: ((kind_id < 7) AND (production_year < 2007))
  Rows Removed by Filter: 1852622
Planning time: 0.279 ms
Execution time: 1457.506 ms
