Hash Join  (cost=194170.93..332396.61 rows=1331565 width=0) (actual time=4225.614..9261.297 rows=7758351 loops=1)
  Hash Cond: (mk.movie_id = t.id)
  ->  Seq Scan on movie_keyword mk  (cost=0.00..69693.30 rows=4523930 width=4) (actual time=0.013..1517.402 rows=4523930 loops=1)
  ->  Hash  (cost=181959.90..181959.90 rows=744242 width=8) (actual time=4224.586..4224.586 rows=738251 loops=1)
        Buckets: 131072  Batches: 16  Memory Usage: 2846kB
        ->  Hash Join  (cost=102767.86..181959.90 rows=744242 width=8) (actual time=1980.682..4004.661 rows=738251 loops=1)
              Hash Cond: (mc.movie_id = t.id)
              ->  Seq Scan on movie_companies mc  (cost=0.00..51404.11 rows=744242 width=4) (actual time=0.015..980.948 rows=738251 loops=1)
                    Filter: (company_id < 1451)
                    Rows Removed by Filter: 1870878
              ->  Hash  (cost=61283.27..61283.27 rows=2528527 width=4) (actual time=1979.410..1979.410 rows=2528312 loops=1)
                    Buckets: 131072  Batches: 64  Memory Usage: 2415kB
                    ->  Seq Scan on title t  (cost=0.00..61283.27 rows=2528527 width=4) (actual time=0.018..1129.827 rows=2528312 loops=1)
Planning time: 1.528 ms
Execution time: 10027.440 ms
