Hash Join  (cost=78178.99..574107.44 rows=1510952 width=0) (actual time=1320.085..13725.146 rows=560852 loops=1)
  Hash Cond: (mi.movie_id = t.id)
  ->  Seq Scan on movie_info mi  (cost=0.00..309384.22 rows=14739122 width=4) (actual time=0.008..5984.004 rows=14835720 loops=1)
  ->  Hash  (cost=73925.90..73925.90 rows=259207 width=4) (actual time=1319.113..1319.113 rows=271195 loops=1)
        Buckets: 131072  Batches: 4  Memory Usage: 3430kB
        ->  Seq Scan on title t  (cost=0.00..73925.90 rows=259207 width=4) (actual time=0.018..1223.863 rows=271195 loops=1)
              Filter: ((kind_id > 3) AND (production_year > 2010))
              Rows Removed by Filter: 2257117
Planning time: 0.738 ms
Execution time: 13798.331 ms
