Seq Scan on cast_info ci  (cost=0.00..705507.15 rows=500 width=42) (actual time=1982.233..3856.357 rows=232 loops=1)
  Filter: (person_id = 2059012)
  Rows Removed by Filter: 36244112
Planning time: 0.305 ms
Execution time: 3856.390 ms
