Hash Join  (cost=82871.49..216758.85 rows=975532 width=0) (actual time=1480.320..5818.553 rows=2713936 loops=1)
  Hash Cond: (mk.movie_id = t.id)
  ->  Seq Scan on movie_keyword mk  (cost=0.00..69693.30 rows=4523930 width=4) (actual time=0.016..1549.417 rows=4523930 loops=1)
  ->  Hash  (cost=73925.90..73925.90 rows=545247 width=4) (actual time=1479.226..1479.226 rows=557319 loops=1)
        Buckets: 131072  Batches: 8  Memory Usage: 3494kB
        ->  Seq Scan on title t  (cost=0.00..73925.90 rows=545247 width=4) (actual time=87.264..1316.647 rows=557319 loops=1)
              Filter: ((production_year < 2011) AND (kind_id = 1))
              Rows Removed by Filter: 1970993
Planning time: 0.734 ms
Execution time: 6118.005 ms
