Hash Join  (cost=81720.25..1198179.63 rows=9267462 width=0) (actual time=1415.022..34453.028 rows=9894105 loops=1)
  Hash Cond: (ci.movie_id = t.id)
  ->  Seq Scan on cast_info ci  (cost=0.00..705507.15 rows=27235895 width=4) (actual time=0.024..15528.781 rows=27241606 loops=1)
        Filter: (person_id < 2796277)
        Rows Removed by Filter: 9002738
  ->  Hash  (cost=67604.59..67604.59 rows=860373 width=4) (actual time=1414.128..1414.128 rows=854214 loops=1)
        Buckets: 131072  Batches: 16  Memory Usage: 2897kB
        ->  Seq Scan on title t  (cost=0.00..67604.59 rows=860373 width=4) (actual time=0.018..1143.627 rows=854214 loops=1)
              Filter: (kind_id < 4)
              Rows Removed by Filter: 1674098
Planning time: 0.781 ms
Execution time: 35585.820 ms
