Seq Scan on movie_keyword mk  (cost=0.00..81003.12 rows=246 width=0) (actual time=246.445..1330.248 rows=3 loops=1)
  Filter: (keyword_id = 81800)
  Rows Removed by Filter: 4523927
Planning time: 0.379 ms
Execution time: 1330.340 ms
