Seq Scan on movie_keyword mk  (cost=0.00..81003.12 rows=12818 width=0) (actual time=0.078..1270.482 rows=12645 loops=1)
  Filter: (keyword_id = 245)
  Rows Removed by Filter: 4511285
Planning time: 0.401 ms
Execution time: 1273.244 ms
