Hash Join  (cost=70308.29..147702.10 rows=170029 width=0) (actual time=1189.525..3067.407 rows=114526 loops=1)
  Hash Cond: (mc.movie_id = t.id)
  ->  Seq Scan on movie_companies mc  (cost=0.00..44881.29 rows=2609129 width=4) (actual time=0.014..915.866 rows=2609129 loops=1)
  ->  Hash  (cost=67604.59..67604.59 rows=164776 width=4) (actual time=1188.570..1188.570 rows=164307 loops=1)
        Buckets: 131072  Batches: 4  Memory Usage: 2482kB
        ->  Seq Scan on title t  (cost=0.00..67604.59 rows=164776 width=4) (actual time=0.018..1131.589 rows=164307 loops=1)
              Filter: (production_year = 2012)
              Rows Removed by Filter: 2364005
Planning time: 0.783 ms
Execution time: 3078.704 ms
