Hash Join  (cost=87180.69..1296592.96 rows=17094811 width=0) (actual time=1689.535..40415.375 rows=18541452 loops=1)
  Hash Cond: (ci.movie_id = t.id)
  ->  Seq Scan on cast_info ci  (cost=0.00..614943.12 rows=36225612 width=4) (actual time=0.019..13520.014 rows=36244344 loops=1)
  ->  Hash  (cost=67604.59..67604.59 rows=1193208 width=4) (actual time=1688.095..1688.095 rows=1192518 loops=1)
        Buckets: 131072  Batches: 16  Memory Usage: 3646kB
        ->  Seq Scan on title t  (cost=0.00..67604.59 rows=1193208 width=4) (actual time=0.021..1313.161 rows=1192518 loops=1)
              Filter: (production_year > 2003)
              Rows Removed by Filter: 1335794
Planning time: 0.767 ms
Execution time: 42545.900 ms
