Hash Join  (cost=52284.53..803077.27 rows=358 width=0) (actual time=882.739..17338.229 rows=16830 loops=1)
  Hash Cond: (ci.movie_id = t.id)
  ->  Seq Scan on cast_info ci  (cost=0.00..614943.12 rows=36225612 width=4) (actual time=0.021..9375.864 rows=36244344 loops=1)
  ->  Hash  (cost=52284.21..52284.21 rows=25 width=8) (actual time=882.549..882.549 rows=470 loops=1)
        Buckets: 1024  Batches: 1  Memory Usage: 27kB
        ->  Nested Loop  (cost=0.43..52284.21 rows=25 width=8) (actual time=2.054..882.177 rows=470 loops=1)
              ->  Seq Scan on movie_companies mc  (cost=0.00..51404.11 rows=104 width=4) (actual time=2.021..815.956 rows=1385 loops=1)
                    Filter: (company_id = 398)
                    Rows Removed by Filter: 2607744
              ->  Index Scan using title_pkey on title t  (cost=0.43..8.45 rows=1 width=4) (actual time=0.047..0.047 rows=0 loops=1385)
                    Index Cond: (id = mc.movie_id)
                    Filter: ((kind_id < 7) AND (production_year > 1997))
                    Rows Removed by Filter: 1
Planning time: 3.389 ms
Execution time: 17342.774 ms
