Hash Join  (cost=102767.86..266201.38 rows=3015163 width=0) (actual time=1963.932..6257.098 rows=2996430 loops=1)
  Hash Cond: (mk.movie_id = t.id)
  ->  Seq Scan on movie_keyword mk  (cost=0.00..81003.12 rows=3015163 width=4) (actual time=0.013..1743.506 rows=2996430 loops=1)
        Filter: (keyword_id < 10500)
        Rows Removed by Filter: 1527500
  ->  Hash  (cost=61283.27..61283.27 rows=2528527 width=4) (actual time=1961.941..1961.941 rows=2528312 loops=1)
        Buckets: 131072  Batches: 64  Memory Usage: 2425kB
        ->  Seq Scan on title t  (cost=0.00..61283.27 rows=2528527 width=4) (actual time=0.018..1123.239 rows=2528312 loops=1)
Planning time: 0.763 ms
Execution time: 6599.557 ms
