Seq Scan on movie_keyword mk  (cost=0.00..81003.12 rows=1561953 width=0) (actual time=0.023..1400.144 rows=1569604 loops=1)
  Filter: (keyword_id < 2363)
  Rows Removed by Filter: 2954326
Planning time: 0.331 ms
Execution time: 1598.839 ms
