Hash Join  (cost=101266.48..466474.60 rows=55217 width=219) (actual time=590.401..3352.985 rows=72765 loops=1)
  Hash Cond: (mi.movie_id = t.id)
  ->  Seq Scan on movie_info mi  (cost=0.00..309384.22 rows=14739122 width=75) (actual time=0.013..1396.190 rows=14835720 loops=1)
  ->  Hash  (cost=101148.07..101148.07 rows=9473 width=144) (actual time=590.084..590.084 rows=4461 loops=1)
        Buckets: 16384  Batches: 1  Memory Usage: 686kB
        ->  Hash Join  (cost=74142.85..101148.07 rows=9473 width=144) (actual time=394.505..588.644 rows=4461 loops=1)
              Hash Cond: (mi_idx.movie_id = t.id)
              ->  Seq Scan on movie_info_idx mi_idx  (cost=0.00..21735.35 rows=1380035 width=50) (actual time=0.017..102.095 rows=1380035 loops=1)
              ->  Hash  (cost=73925.90..73925.90 rows=17356 width=94) (actual time=362.546..362.546 rows=18804 loops=1)
                    Buckets: 32768  Batches: 1  Memory Usage: 2258kB
                    ->  Seq Scan on title t  (cost=0.00..73925.90 rows=17356 width=94) (actual time=0.014..359.031 rows=18804 loops=1)
                          Filter: ((kind_id = 1) AND (production_year = 2013))
                          Rows Removed by Filter: 2509508
Planning time: 0.857 ms
Execution time: 3355.555 ms
