Seq Scan on title t  (cost=0.00..67604.59 rows=2283428 width=0) (actual time=0.046..1356.863 rows=2275262 loops=1)
  Filter: (production_year > 1952)
  Rows Removed by Filter: 253050
Planning time: 0.298 ms
Execution time: 1639.736 ms
