Seq Scan on movie_companies mc  (cost=0.00..51404.11 rows=261382 width=0) (actual time=0.031..916.413 rows=258903 loops=1)
  Filter: (company_id < 129)
  Rows Removed by Filter: 2350226
Planning time: 0.338 ms
Execution time: 951.132 ms
