Hash Join  (cost=102767.86..254672.32 rows=2535959 width=0) (actual time=2086.907..6052.199 rows=2529389 loops=1)
  Hash Cond: (mk.movie_id = t.id)
  ->  Seq Scan on movie_keyword mk  (cost=0.00..81003.12 rows=2535959 width=4) (actual time=0.027..1716.876 rows=2529389 loops=1)
        Filter: (keyword_id < 6283)
        Rows Removed by Filter: 1994541
  ->  Hash  (cost=61283.27..61283.27 rows=2528527 width=4) (actual time=2085.135..2085.135 rows=2528312 loops=1)
        Buckets: 131072  Batches: 64  Memory Usage: 2425kB
        ->  Seq Scan on title t  (cost=0.00..61283.27 rows=2528527 width=4) (actual time=0.008..1210.728 rows=2528312 loops=1)
Planning time: 0.717 ms
Execution time: 6332.235 ms
