Hash Join  (cost=140729.87..639602.77 rows=1786895 width=0) (actual time=3191.447..17548.962 rows=5577979 loops=1)
  Hash Cond: (mi.movie_id = t.id)
  ->  Seq Scan on movie_info mi  (cost=0.00..309384.22 rows=14739122 width=4) (actual time=0.013..6227.633 rows=14835720 loops=1)
  ->  Hash  (cost=135700.04..135700.04 rows=306546 width=8) (actual time=3190.754..3190.754 rows=356160 loops=1)
        Buckets: 131072  Batches: 8  Memory Usage: 2781kB
        ->  Hash Join  (cost=94978.31..135700.04 rows=306546 width=8) (actual time=1899.548..3078.551 rows=356160 loops=1)
              Hash Cond: (mi_idx.movie_id = t.id)
              ->  Seq Scan on movie_info_idx mi_idx  (cost=0.00..25185.44 rows=464566 width=4) (actual time=0.014..522.504 rows=459925 loops=1)
                    Filter: (info_type_id = 101)
                    Rows Removed by Filter: 920110
              ->  Hash  (cost=67604.59..67604.59 rows=1668458 width=4) (actual time=1898.181..1898.181 rows=1671292 loops=1)
                    Buckets: 131072  Batches: 32  Memory Usage: 2858kB
                    ->  Seq Scan on title t  (cost=0.00..67604.59 rows=1668458 width=4) (actual time=0.026..1364.143 rows=1671292 loops=1)
                          Filter: (production_year < 2008)
                          Rows Removed by Filter: 857020
Planning time: 1.522 ms
Execution time: 18130.983 ms
