Seq Scan on movie_companies mc  (cost=0.00..51404.11 rows=104 width=40) (actual time=47.230..274.755 rows=326 loops=1)
  Filter: (company_id = 14353)
  Rows Removed by Filter: 2608803
Planning time: 0.306 ms
Execution time: 274.804 ms
