Seq Scan on movie_companies mc  (cost=0.00..57926.93 rows=845047 width=0) (actual time=18.356..1074.242 rows=1157763 loops=1)
  Filter: ((company_id < 21913) AND (company_type_id = 1))
  Rows Removed by Filter: 1451366
Planning time: 0.402 ms
Execution time: 1215.315 ms
