Seq Scan on movie_keyword mk  (cost=0.00..81003.12 rows=3684827 width=0) (actual time=0.025..2586.867 rows=3684355 loops=1)
  Filter: (keyword_id > 802)
  Rows Removed by Filter: 839575
Planning time: 0.320 ms
Execution time: 3024.663 ms
