Hash Join  (cost=102767.86..1024423.05 rows=8572187 width=0) (actual time=2163.463..24133.088 rows=8486314 loops=1)
  Hash Cond: (ci.movie_id = t.id)
  ->  Seq Scan on cast_info ci  (cost=0.00..705507.15 rows=8572187 width=4) (actual time=0.020..14608.990 rows=8486314 loops=1)
        Filter: (role_id > 5)
        Rows Removed by Filter: 27758030
  ->  Hash  (cost=61283.27..61283.27 rows=2528527 width=4) (actual time=2162.562..2162.562 rows=2528312 loops=1)
        Buckets: 131072  Batches: 64  Memory Usage: 2415kB
        ->  Seq Scan on title t  (cost=0.00..61283.27 rows=2528527 width=4) (actual time=0.016..1141.623 rows=2528312 loops=1)
Planning time: 0.707 ms
Execution time: 25115.131 ms
