Seq Scan on cast_info ci  (cost=0.00..705507.15 rows=18885547 width=0) (actual time=0.020..12317.245 rows=18780969 loops=1)
  Filter: (person_id < 1871851)
  Rows Removed by Filter: 17463375
Planning time: 0.368 ms
Execution time: 14509.246 ms
