Hash Join  (cost=121737.00..486431.23 rows=3830 width=0) (actual time=1098.866..8116.864 rows=3241 loops=1)
  Hash Cond: (mi.movie_id = t.id)
  ->  Seq Scan on movie_info mi  (cost=0.00..309384.22 rows=14739122 width=4) (actual time=0.016..4284.308 rows=14835720 loops=1)
  ->  Hash  (cost=121728.79..121728.79 rows=657 width=8) (actual time=1098.597..1098.597 rows=93 loops=1)
        Buckets: 1024  Batches: 1  Memory Usage: 12kB
        ->  Nested Loop  (cost=0.43..121728.79 rows=657 width=8) (actual time=645.156..1098.505 rows=93 loops=1)
              ->  Seq Scan on movie_companies mc  (cost=0.00..51404.11 rows=10958 width=4) (actual time=0.020..780.699 rows=10667 loops=1)
                    Filter: (company_id = 11)
                    Rows Removed by Filter: 2598462
              ->  Index Scan using title_pkey on title t  (cost=0.43..6.41 rows=1 width=4) (actual time=0.029..0.029 rows=0 loops=10667)
                    Index Cond: (id = mc.movie_id)
                    Filter: (production_year < 1947)
                    Rows Removed by Filter: 1
Planning time: 1.216 ms
Execution time: 8117.867 ms
