Seq Scan on title t  (cost=0.00..73925.90 rows=357311 width=0) (actual time=0.023..1249.591 rows=218528 loops=1)
  Filter: ((kind_id > 1) AND (production_year < 1978))
  Rows Removed by Filter: 2309784
Planning time: 0.394 ms
Execution time: 1279.636 ms
