Hash Join  (cost=75468.77..1005567.21 rows=416303 width=0) (actual time=1146.395..20382.903 rows=798 loops=1)
  Hash Cond: (ci.movie_id = t.id)
  ->  Seq Scan on cast_info ci  (cost=0.00..796071.18 rows=11199530 width=4) (actual time=0.016..15035.366 rows=12692723 loops=1)
        Filter: ((person_id < 1389690) AND (role_id < 8))
        Rows Removed by Filter: 23551621
  ->  Hash  (cost=73925.90..73925.90 rows=93989 width=4) (actual time=1087.666..1087.666 rows=288 loops=1)
        Buckets: 131072  Batches: 2  Memory Usage: 1030kB
        ->  Seq Scan on title t  (cost=0.00..73925.90 rows=93989 width=4) (actual time=0.292..1087.343 rows=288 loops=1)
              Filter: ((production_year < 1948) AND (kind_id = 7))
              Rows Removed by Filter: 2528024
Planning time: 0.585 ms
Execution time: 20383.248 ms
