Seq Scan on movie_keyword mk  (cost=0.00..81003.12 rows=246 width=0) (actual time=3.874..1278.006 rows=2130 loops=1)
  Filter: (keyword_id = 19805)
  Rows Removed by Filter: 4521800
Planning time: 0.494 ms
Execution time: 1278.650 ms
