Seq Scan on movie_keyword mk  (cost=0.00..81003.12 rows=1642836 width=12) (actual time=0.023..1064.313 rows=1652330 loops=1)
  Filter: (keyword_id < 2523)
  Rows Removed by Filter: 2871600
Planning time: 0.294 ms
Execution time: 1150.532 ms
