Hash Join  (cost=433328.88..1495143.16 rows=600587 width=0) (actual time=9154.426..37291.234 rows=2150420 loops=1)
  Hash Cond: (ci.movie_id = t.id)
  ->  Seq Scan on cast_info ci  (cost=0.00..705507.15 rows=35030130 width=4) (actual time=0.025..14128.554 rows=35150884 loops=1)
        Filter: (person_id > 111873)
        Rows Removed by Filter: 1093460
  ->  Hash  (cost=432786.99..432786.99 rows=43351 width=8) (actual time=9153.814..9153.814 rows=90324 loops=1)
        Buckets: 131072 (originally 65536)  Batches: 2 (originally 1)  Memory Usage: 3073kB
        ->  Hash Join  (cost=67697.55..432786.99 rows=43351 width=8) (actual time=1088.586..9109.945 rows=90324 loops=1)
              Hash Cond: (mi.movie_id = t.id)
              ->  Seq Scan on movie_info mi  (cost=0.00..309384.22 rows=14739122 width=4) (actual time=0.023..4553.461 rows=14835720 loops=1)
              ->  Hash  (cost=67604.59..67604.59 rows=7437 width=4) (actual time=1088.494..1088.494 rows=13736 loops=1)
                    Buckets: 16384 (originally 8192)  Batches: 1 (originally 1)  Memory Usage: 611kB
                    ->  Seq Scan on title t  (cost=0.00..67604.59 rows=7437 width=4) (actual time=0.032..1081.870 rows=13736 loops=1)
                          Filter: (production_year = 1974)
                          Rows Removed by Filter: 2514576
Planning time: 1.851 ms
Execution time: 37545.342 ms
