Seq Scan on title t  (cost=0.00..73925.90 rows=733096 width=0) (actual time=0.028..1181.563 rows=624813 loops=1)
  Filter: ((kind_id < 4) AND (production_year > 1965))
  Rows Removed by Filter: 1903499
Planning time: 0.355 ms
Execution time: 1261.075 ms
