Hash Join  (cost=143210.45..276036.28 rows=888379 width=0) (actual time=3216.859..8898.023 rows=8862994 loops=1)
  Hash Cond: (mk.movie_id = t.id)
  ->  Seq Scan on movie_keyword mk  (cost=0.00..69693.30 rows=4523930 width=4) (actual time=0.025..1516.129 rows=4523930 loops=1)
  ->  Hash  (cost=135063.76..135063.76 rows=496535 width=8) (actual time=3215.767..3215.767 rows=908890 loops=1)
        Buckets: 131072 (originally 131072)  Batches: 16 (originally 8)  Memory Usage: 3260kB
        ->  Hash Join  (cost=88851.93..135063.76 rows=496535 width=8) (actual time=1464.542..2928.486 rows=908890 loops=1)
              Hash Cond: (mi_idx.movie_id = t.id)
              ->  Seq Scan on movie_info_idx mi_idx  (cost=0.00..21735.35 rows=1380035 width=4) (actual time=0.012..430.867 rows=1380035 loops=1)
              ->  Hash  (cost=73925.90..73925.90 rows=909762 width=4) (actual time=1463.177..1463.177 rows=844670 loops=1)
                    Buckets: 131072  Batches: 16  Memory Usage: 2881kB
                    ->  Seq Scan on title t  (cost=0.00..73925.90 rows=909762 width=4) (actual time=0.017..1194.190 rows=844670 loops=1)
                          Filter: ((kind_id < 7) AND (production_year > 1936))
                          Rows Removed by Filter: 1683642
Planning time: 1.190 ms
Execution time: 9852.193 ms
