Seq Scan on cast_info ci  (cost=0.00..796071.18 rows=6724865 width=0) (actual time=1448.291..14776.599 rows=12670688 loops=1)
  Filter: ((person_id < 1900155) AND (role_id = 1))
  Rows Removed by Filter: 23573656
Planning time: 0.446 ms
Execution time: 16357.922 ms
