Hash Join  (cost=102767.86..282506.54 rows=3692773 width=0) (actual time=1975.370..6855.035 rows=3685338 loops=1)
  Hash Cond: (mk.movie_id = t.id)
  ->  Seq Scan on movie_keyword mk  (cost=0.00..81003.12 rows=3692773 width=4) (actual time=0.013..1779.491 rows=3685338 loops=1)
        Filter: (keyword_id < 21927)
        Rows Removed by Filter: 838592
  ->  Hash  (cost=61283.27..61283.27 rows=2528527 width=4) (actual time=1972.229..1972.229 rows=2528312 loops=1)
        Buckets: 131072  Batches: 64  Memory Usage: 2425kB
        ->  Seq Scan on title t  (cost=0.00..61283.27 rows=2528527 width=4) (actual time=0.019..1117.402 rows=2528312 loops=1)
Planning time: 0.789 ms
Execution time: 7295.665 ms
