Seq Scan on movie_companies mc  (cost=0.00..57926.93 rows=51 width=0) (actual time=0.747..948.812 rows=103 loops=1)
  Filter: ((company_type_id < 2) AND (company_id = 5355))
  Rows Removed by Filter: 2609026
Planning time: 0.394 ms
Execution time: 948.943 ms
