Hash Join  (cost=123949.82..615466.72 rows=1097496 width=0) (actual time=2543.334..16490.024 rows=3644084 loops=1)
  Hash Cond: (mi.movie_id = t.id)
  ->  Seq Scan on movie_info mi  (cost=0.00..309384.22 rows=14739122 width=4) (actual time=0.018..5250.633 rows=14835720 loops=1)
  ->  Hash  (cost=120860.34..120860.34 rows=188278 width=8) (actual time=2542.620..2542.620 rows=227037 loops=1)
        Buckets: 131072  Batches: 4  Memory Usage: 3252kB
        ->  Hash Join  (cost=84417.00..120860.34 rows=188278 width=8) (actual time=1539.262..2469.530 rows=227037 loops=1)
              Hash Cond: (mi_idx.movie_id = t.id)
              ->  Seq Scan on movie_info_idx mi_idx  (cost=0.00..25185.44 rows=464566 width=4) (actual time=0.020..458.109 rows=459925 loops=1)
                    Filter: (info_type_id = 101)
                    Rows Removed by Filter: 920110
              ->  Hash  (cost=67604.59..67604.59 rows=1024753 width=4) (actual time=1536.801..1536.801 rows=1021752 loops=1)
                    Buckets: 131072  Batches: 16  Memory Usage: 3274kB
                    ->  Seq Scan on title t  (cost=0.00..67604.59 rows=1024753 width=4) (actual time=0.013..1212.422 rows=1021752 loops=1)
                          Filter: (production_year < 2000)
                          Rows Removed by Filter: 1506560
Planning time: 1.667 ms
Execution time: 16914.304 ms
