Hash Join  (cost=83810.17..155205.86 rows=242643 width=0) (actual time=1484.160..2802.216 rows=197859 loops=1)
  Hash Cond: (mc.movie_id = t.id)
  ->  Seq Scan on movie_companies mc  (cost=0.00..57926.93 rows=621152 width=4) (actual time=0.035..921.878 rows=399296 loops=1)
        Filter: ((company_id < 11137) AND (company_type_id = 2))
        Rows Removed by Filter: 2209833
  ->  Hash  (cost=67604.59..67604.59 rows=987727 width=4) (actual time=1483.306..1483.306 rows=985048 loops=1)
        Buckets: 131072  Batches: 16  Memory Usage: 3188kB
        ->  Seq Scan on title t  (cost=0.00..67604.59 rows=987727 width=4) (actual time=0.017..1163.783 rows=985048 loops=1)
              Filter: (kind_id < 7)
              Rows Removed by Filter: 1543264
Planning time: 0.817 ms
Execution time: 2824.491 ms
