Hash Join  (cost=102767.86..1224224.40 rows=16875655 width=0) (actual time=1994.652..31097.442 rows=16737604 loops=1)
  Hash Cond: (ci.movie_id = t.id)
  ->  Seq Scan on cast_info ci  (cost=0.00..705507.15 rows=16875655 width=4) (actual time=4.685..14260.164 rows=16737604 loops=1)
        Filter: (person_id < 1656401)
        Rows Removed by Filter: 19506740
  ->  Hash  (cost=61283.27..61283.27 rows=2528527 width=4) (actual time=1955.569..1955.569 rows=2528312 loops=1)
        Buckets: 131072  Batches: 64  Memory Usage: 2415kB
        ->  Seq Scan on title t  (cost=0.00..61283.27 rows=2528527 width=4) (actual time=0.014..1096.600 rows=2528312 loops=1)
Planning time: 1.003 ms
Execution time: 33105.396 ms
