Hash Join  (cost=80562.70..125651.63 rows=431045 width=0) (actual time=1454.532..2733.983 rows=311149 loops=1)
  Hash Cond: (mi_idx.movie_id = t.id)
  ->  Seq Scan on movie_info_idx mi_idx  (cost=0.00..21735.35 rows=1380035 width=4) (actual time=0.011..457.014 rows=1380035 loops=1)
  ->  Hash  (cost=67604.59..67604.59 rows=789769 width=4) (actual time=1453.182..1453.182 rows=784926 loops=1)
        Buckets: 131072  Batches: 16  Memory Usage: 2749kB
        ->  Seq Scan on title t  (cost=0.00..67604.59 rows=789769 width=4) (actual time=0.013..1198.758 rows=784926 loops=1)
              Filter: (production_year > 2007)
              Rows Removed by Filter: 1743386
Planning time: 0.728 ms
Execution time: 2769.244 ms
