Nested Loop  (cost=32749.09..120391.23 rows=852 width=0) (actual time=683.091..2118.762 rows=4432 loops=1)
  ->  Hash Join  (cost=32748.66..116455.33 rows=4642 width=8) (actual time=683.008..1961.015 rows=4432 loops=1)
        Hash Cond: (mk.movie_id = mi_idx.movie_id)
        ->  Seq Scan on movie_keyword mk  (cost=0.00..81003.12 rows=4675 width=4) (actual time=0.029..1180.827 rows=4910 loops=1)
              Filter: (keyword_id = 1116)
              Rows Removed by Filter: 4519020
        ->  Hash  (cost=25185.44..25185.44 rows=460978 width=4) (actual time=682.283..682.283 rows=459925 loops=1)
              Buckets: 131072  Batches: 8  Memory Usage: 3059kB
              ->  Seq Scan on movie_info_idx mi_idx  (cost=0.00..25185.44 rows=460978 width=4) (actual time=0.023..507.420 rows=459925 loops=1)
                    Filter: (info_type_id = 99)
                    Rows Removed by Filter: 920110
  ->  Index Only Scan using title_pkey on title t  (cost=0.43..0.84 rows=1 width=4) (actual time=0.032..0.032 rows=1 loops=4432)
        Index Cond: (id = mi_idx.movie_id)
        Heap Fetches: 4432
Planning time: 1.169 ms
Execution time: 2120.050 ms
