Hash Join  (cost=73962.22..160672.23 rows=5197 width=0) (actual time=1029.744..2628.170 rows=14622 loops=1)
  Hash Cond: (mk.movie_id = t.id)
  ->  Seq Scan on movie_keyword mk  (cost=0.00..69693.30 rows=4523930 width=4) (actual time=0.008..825.927 rows=4523930 loops=1)
  ->  Hash  (cost=73925.90..73925.90 rows=2905 width=4) (actual time=1028.803..1028.803 rows=3835 loops=1)
        Buckets: 4096  Batches: 1  Memory Usage: 167kB
        ->  Seq Scan on title t  (cost=0.00..73925.90 rows=2905 width=4) (actual time=0.045..1026.878 rows=3835 loops=1)
              Filter: ((kind_id < 7) AND (production_year = 1959))
              Rows Removed by Filter: 2524477
Planning time: 0.590 ms
Execution time: 2630.347 ms
