Hash Join  (cost=102767.86..198111.26 rows=1144398 width=0) (actual time=2894.956..5125.985 rows=1252709 loops=1)
  Hash Cond: (mc.movie_id = t.id)
  ->  Seq Scan on movie_companies mc  (cost=0.00..57926.93 rows=1144398 width=4) (actual time=287.994..1186.050 rows=1252709 loops=1)
        Filter: ((company_id > 181) AND (company_type_id = 2))
        Rows Removed by Filter: 1356420
  ->  Hash  (cost=61283.27..61283.27 rows=2528527 width=4) (actual time=2605.596..2605.596 rows=2528312 loops=1)
        Buckets: 131072  Batches: 64  Memory Usage: 2415kB
        ->  Seq Scan on title t  (cost=0.00..61283.27 rows=2528527 width=4) (actual time=0.024..1121.440 rows=2528312 loops=1)
Planning time: 6.725 ms
Execution time: 5254.059 ms
