Seq Scan on movie_companies mc  (cost=0.00..51404.11 rows=1997799 width=0) (actual time=0.026..834.767 rows=1999310 loops=1)
  Filter: (company_id > 708)
  Rows Removed by Filter: 609819
Planning time: 0.332 ms
Execution time: 1082.997 ms
