Seq Scan on cast_info ci  (cost=0.00..705507.15 rows=9522597 width=0) (actual time=355.850..11814.294 rows=9347375 loops=1)
  Filter: (person_id < 920076)
  Rows Removed by Filter: 26896969
Planning time: 0.355 ms
Execution time: 13005.987 ms
