Seq Scan on movie_keyword mk  (cost=0.00..81003.12 rows=2605649 width=0) (actual time=0.029..1544.659 rows=2595906 loops=1)
  Filter: (keyword_id < 6934)
  Rows Removed by Filter: 1928024
Planning time: 0.358 ms
Execution time: 1867.611 ms
