Hash Join  (cost=137037.79..206820.69 rows=202160 width=0) (actual time=2821.747..4682.336 rows=1200902 loops=1)
  Hash Cond: (mc.movie_id = t.id)
  ->  Seq Scan on movie_companies mc  (cost=0.00..51404.11 rows=1279517 width=4) (actual time=0.022..891.286 rows=1274246 loops=1)
        Filter: (company_type_id = 1)
        Rows Removed by Filter: 1334883
  ->  Hash  (cost=130483.04..130483.04 rows=399500 width=8) (actual time=2820.743..2820.743 rows=666451 loops=1)
        Buckets: 131072 (originally 131072)  Batches: 16 (originally 8)  Memory Usage: 3073kB
        ->  Hash Join  (cost=85935.55..130483.04 rows=399500 width=8) (actual time=1199.503..2609.076 rows=666451 loops=1)
              Hash Cond: (mi_idx.movie_id = t.id)
              ->  Seq Scan on movie_info_idx mi_idx  (cost=0.00..21735.35 rows=1380035 width=4) (actual time=0.027..367.300 rows=1380035 loops=1)
              ->  Hash  (cost=73925.90..73925.90 rows=731972 width=4) (actual time=1198.443..1198.443 rows=635910 loops=1)
                    Buckets: 131072  Batches: 16  Memory Usage: 2421kB
                    ->  Seq Scan on title t  (cost=0.00..73925.90 rows=731972 width=4) (actual time=0.051..1005.636 rows=635910 loops=1)
                          Filter: ((kind_id < 7) AND (production_year > 1984))
                          Rows Removed by Filter: 1892402
Planning time: 1.165 ms
Execution time: 4826.952 ms
