Hash Join  (cost=114969.38..1166837.65 rows=1758504 width=0) (actual time=2630.446..34145.207 rows=6235010 loops=1)
  Hash Cond: (ci.movie_id = t.id)
  ->  Seq Scan on cast_info ci  (cost=0.00..614943.12 rows=36225612 width=4) (actual time=0.023..12715.071 rows=36244344 loops=1)
  ->  Hash  (cost=112955.10..112955.10 rows=122743 width=8) (actual time=2629.754..2629.754 rows=210140 loops=1)
        Buckets: 131072 (originally 131072)  Batches: 4 (originally 2)  Memory Usage: 3077kB
        ->  Hash Join  (cost=78556.72..112955.10 rows=122743 width=8) (actual time=1374.678..2551.912 rows=210140 loops=1)
              Hash Cond: (mi_idx.movie_id = t.id)
              ->  Seq Scan on movie_info_idx mi_idx  (cost=0.00..25185.44 rows=464934 width=4) (actual time=0.018..447.347 rows=460185 loops=1)
                    Filter: (info_type_id > 100)
                    Rows Removed by Filter: 919850
              ->  Hash  (cost=67604.59..67604.59 rows=667531 width=4) (actual time=1373.882..1373.882 rows=662825 loops=1)
                    Buckets: 131072  Batches: 16  Memory Usage: 2476kB
                    ->  Seq Scan on title t  (cost=0.00..67604.59 rows=667531 width=4) (actual time=0.348..1167.005 rows=662825 loops=1)
                          Filter: (kind_id = 1)
                          Rows Removed by Filter: 1865487
Planning time: 1.205 ms
Execution time: 34914.239 ms
