Hash Join  (cost=175027.18..316067.07 rows=1349986 width=0) (actual time=4018.793..9033.636 rows=5697868 loops=1)
  Hash Cond: (mk.movie_id = t.id)
  ->  Seq Scan on movie_keyword mk  (cost=0.00..81003.12 rows=3714106 width=4) (actual time=0.025..1831.153 rows=3711282 loops=1)
        Filter: (keyword_id < 22559)
        Rows Removed by Filter: 812648
  ->  Hash  (cost=159947.97..159947.97 rows=919057 width=8) (actual time=4017.793..4017.793 rows=920110 loops=1)
        Buckets: 131072  Batches: 16  Memory Usage: 3283kB
        ->  Hash Join  (cost=102767.86..159947.97 rows=919057 width=8) (actual time=1967.553..3730.285 rows=920110 loops=1)
              Hash Cond: (mi_idx.movie_id = t.id)
              ->  Seq Scan on movie_info_idx mi_idx  (cost=0.00..25185.44 rows=919057 width=4) (actual time=0.025..565.001 rows=920110 loops=1)
                    Filter: (info_type_id > 99)
                    Rows Removed by Filter: 459925
              ->  Hash  (cost=61283.27..61283.27 rows=2528527 width=4) (actual time=1966.386..1966.386 rows=2528312 loops=1)
                    Buckets: 131072  Batches: 64  Memory Usage: 2415kB
                    ->  Seq Scan on title t  (cost=0.00..61283.27 rows=2528527 width=4) (actual time=0.019..1095.072 rows=2528312 loops=1)
Planning time: 1.218 ms
Execution time: 9606.309 ms
