Hash Join  (cost=83075.26..137347.01 rows=72 width=0) (actual time=1506.822..2412.497 rows=37 loops=1)
  Hash Cond: (mc.movie_id = t.id)
  ->  Seq Scan on movie_companies mc  (cost=0.00..51404.11 rows=764512 width=4) (actual time=130.455..956.492 rows=770057 loops=1)
        Filter: (company_id > 33987)
        Rows Removed by Filter: 1839072
  ->  Hash  (cost=83072.29..83072.29 rows=238 width=8) (actual time=1350.763..1350.763 rows=44 loops=1)
        Buckets: 1024  Batches: 1  Memory Usage: 10kB
        ->  Nested Loop  (cost=0.43..83072.29 rows=238 width=8) (actual time=0.148..1350.627 rows=44 loops=1)
              ->  Seq Scan on movie_keyword mk  (cost=0.00..81003.12 rows=246 width=4) (actual time=0.097..1348.145 rows=47 loops=1)
                    Filter: (keyword_id = 46204)
                    Rows Removed by Filter: 4523883
              ->  Index Scan using title_pkey on title t  (cost=0.43..8.40 rows=1 width=4) (actual time=0.047..0.047 rows=1 loops=47)
                    Index Cond: (id = mk.movie_id)
                    Filter: (production_year > 1903)
                    Rows Removed by Filter: 0
Planning time: 1.218 ms
Execution time: 2412.649 ms
