Hash Join  (cost=94657.25..181339.74 rows=2446 width=0) (actual time=1684.386..3351.400 rows=18501 loops=1)
  Hash Cond: (mk.movie_id = t.id)
  ->  Seq Scan on movie_keyword mk  (cost=0.00..69693.30 rows=4523930 width=4) (actual time=0.014..881.318 rows=4523930 loops=1)
  ->  Hash  (cost=94640.16..94640.16 rows=1367 width=8) (actual time=1684.315..1684.315 rows=1455 loops=1)
        Buckets: 2048  Batches: 1  Memory Usage: 73kB
        ->  Hash Join  (cost=67697.55..94640.16 rows=1367 width=8) (actual time=1124.998..1683.476 rows=1455 loops=1)
              Hash Cond: (mi_idx.movie_id = t.id)
              ->  Seq Scan on movie_info_idx mi_idx  (cost=0.00..25185.44 rows=464934 width=4) (actual time=0.016..468.173 rows=460185 loops=1)
                    Filter: (info_type_id > 100)
                    Rows Removed by Filter: 919850
              ->  Hash  (cost=67604.59..67604.59 rows=7437 width=4) (actual time=1119.512..1119.512 rows=6834 loops=1)
                    Buckets: 8192  Batches: 1  Memory Usage: 305kB
                    ->  Seq Scan on title t  (cost=0.00..67604.59 rows=7437 width=4) (actual time=0.032..1115.875 rows=6834 loops=1)
                          Filter: (production_year = 1953)
                          Rows Removed by Filter: 2521478
Planning time: 1.195 ms
Execution time: 3353.993 ms
