Seq Scan on title t  (cost=0.00..67604.59 rows=515820 width=0) (actual time=0.025..1023.523 rows=508955 loops=1)
  Filter: (production_year < 1980)
  Rows Removed by Filter: 2019357
Planning time: 0.346 ms
Execution time: 1089.019 ms
