Hash Join  (cost=100901.79..851767.46 rows=7647 width=0) (actual time=1593.483..18490.738 rows=69229 loops=1)
  Hash Cond: (ci.movie_id = t.id)
  ->  Seq Scan on cast_info ci  (cost=0.00..614943.12 rows=36225612 width=4) (actual time=0.012..9168.540 rows=36244344 loops=1)
  ->  Hash  (cost=100895.12..100895.12 rows=534 width=8) (actual time=1592.874..1592.874 rows=2618 loops=1)
        Buckets: 4096 (originally 1024)  Batches: 1 (originally 1)  Memory Usage: 135kB
        ->  Hash Join  (cost=73962.22..100895.12 rows=534 width=8) (actual time=1033.300..1591.526 rows=2618 loops=1)
              Hash Cond: (mi_idx.movie_id = t.id)
              ->  Seq Scan on movie_info_idx mi_idx  (cost=0.00..25185.44 rows=464566 width=4) (actual time=0.027..465.941 rows=459925 loops=1)
                    Filter: (info_type_id = 101)
                    Rows Removed by Filter: 920110
              ->  Hash  (cost=73925.90..73925.90 rows=2905 width=4) (actual time=1032.697..1032.697 rows=6548 loops=1)
                    Buckets: 8192 (originally 4096)  Batches: 1 (originally 1)  Memory Usage: 295kB
                    ->  Seq Scan on title t  (cost=0.00..73925.90 rows=2905 width=4) (actual time=1.174..1029.656 rows=6548 loops=1)
                          Filter: ((kind_id < 7) AND (production_year = 1979))
                          Rows Removed by Filter: 2521764
Planning time: 3.609 ms
Execution time: 18505.512 ms
