Hash Join  (cost=67697.55..128205.79 rows=2009 width=0) (actual time=1087.827..2206.541 rows=2860 loops=1)
  Hash Cond: (mc.movie_id = t.id)
  ->  Seq Scan on movie_companies mc  (cost=0.00..57926.93 rows=682991 width=4) (actual time=0.012..1029.875 rows=435277 loops=1)
        Filter: ((company_id < 11388) AND (company_type_id > 1))
        Rows Removed by Filter: 2173852
  ->  Hash  (cost=67604.59..67604.59 rows=7437 width=4) (actual time=1087.424..1087.424 rows=8628 loops=1)
        Buckets: 16384 (originally 8192)  Batches: 1 (originally 1)  Memory Usage: 432kB
        ->  Seq Scan on title t  (cost=0.00..67604.59 rows=7437 width=4) (actual time=0.016..1082.816 rows=8628 loops=1)
              Filter: (production_year = 1956)
              Rows Removed by Filter: 2519684
Planning time: 1.468 ms
Execution time: 2207.156 ms
