Hash Join  (cost=74469.67..129584.07 rows=44888 width=0) (actual time=1049.144..2453.251 rows=45042 loops=1)
  Hash Cond: (mc.movie_id = t.id)
  ->  Seq Scan on movie_companies mc  (cost=0.00..44881.29 rows=2609129 width=4) (actual time=0.013..701.359 rows=2609129 loops=1)
  ->  Hash  (cost=73925.90..73925.90 rows=43501 width=4) (actual time=1048.780..1048.780 rows=39560 loops=1)
        Buckets: 65536  Batches: 1  Memory Usage: 1903kB
        ->  Seq Scan on title t  (cost=0.00..73925.90 rows=43501 width=4) (actual time=253.344..1032.776 rows=39560 loops=1)
              Filter: ((kind_id = 1) AND (production_year = 2012))
              Rows Removed by Filter: 2488752
Planning time: 1.582 ms
Execution time: 2462.451 ms
