Hash Join  (cost=83073.23..447730.67 rows=153 width=0) (actual time=1426.699..7960.127 rows=3574 loops=1)
  Hash Cond: (mi.movie_id = t.id)
  ->  Seq Scan on movie_info mi  (cost=0.00..309384.22 rows=14739122 width=4) (actual time=0.011..4232.989 rows=14835720 loops=1)
  ->  Hash  (cost=83072.90..83072.90 rows=26 width=8) (actual time=1060.755..1060.755 rows=81 loops=1)
        Buckets: 1024  Batches: 1  Memory Usage: 12kB
        ->  Nested Loop  (cost=0.43..83072.90 rows=26 width=8) (actual time=15.835..1060.638 rows=81 loops=1)
              ->  Seq Scan on movie_keyword mk  (cost=0.00..81003.12 rows=246 width=4) (actual time=15.758..1050.029 rows=142 loops=1)
                    Filter: (keyword_id = 11934)
                    Rows Removed by Filter: 4523788
              ->  Index Scan using title_pkey on title t  (cost=0.43..8.40 rows=1 width=4) (actual time=0.071..0.072 rows=1 loops=142)
                    Index Cond: (id = mk.movie_id)
                    Filter: ((kind_id < 7) AND (production_year < 1990))
                    Rows Removed by Filter: 0
Planning time: 1.310 ms
Execution time: 7961.215 ms
