Hash Join  (cost=95061.31..1642337.50 rows=14489202 width=136) (actual time=1537.155..44019.733 rows=15981237 loops=1)
  Hash Cond: (ci.movie_id = t.id)
  ->  Seq Scan on cast_info ci  (cost=0.00..614943.12 rows=36225612 width=42) (actual time=0.014..9871.900 rows=36244344 loops=1)
  ->  Hash  (cost=67604.59..67604.59 rows=1011338 width=94) (actual time=1535.672..1535.672 rows=1012920 loops=1)
        Buckets: 32768  Batches: 64  Memory Usage: 2052kB
        ->  Seq Scan on title t  (cost=0.00..67604.59 rows=1011338 width=94) (actual time=0.010..1088.791 rows=1012920 loops=1)
              Filter: (production_year > 2005)
              Rows Removed by Filter: 1515392
Planning time: 0.998 ms
Execution time: 44908.498 ms
