Seq Scan on cast_info ci  (cost=0.00..705507.15 rows=500 width=0) (actual time=2266.301..9921.852 rows=8 loops=1)
  Filter: (person_id = 461235)
  Rows Removed by Filter: 36244336
Planning time: 0.372 ms
Execution time: 9921.974 ms
