Hash Join  (cost=328576.56..743237.35 rows=731130 width=181) (actual time=8624.405..16045.680 rows=1429827 loops=1)
  Hash Cond: (mi.movie_id = t.id)
  ->  Seq Scan on movie_info mi  (cost=0.00..346232.03 rows=1264125 width=75) (actual time=1675.166..7440.518 rows=1288928 loops=1)
        Filter: (info_type_id = 2)
        Rows Removed by Filter: 13546792
  ->  Hash  (cost=286017.31..286017.31 rows=1462420 width=106) (actual time=6931.281..6931.281 rows=1474634 loops=1)
        Buckets: 32768  Batches: 64  Memory Usage: 3363kB
        ->  Hash Join  (cost=129928.86..286017.31 rows=1462420 width=106) (actual time=2442.362..6133.862 rows=1474634 loops=1)
              Hash Cond: (mk.movie_id = t.id)
              ->  Seq Scan on movie_keyword mk  (cost=0.00..81003.12 rows=1462420 width=12) (actual time=0.029..1791.736 rows=1474634 loops=1)
                    Filter: (keyword_id > 11171)
                    Rows Removed by Filter: 3049296
              ->  Hash  (cost=61283.27..61283.27 rows=2528527 width=94) (actual time=2440.356..2440.356 rows=2528312 loops=1)
                    Buckets: 32768  Batches: 128  Memory Usage: 2470kB
                    ->  Seq Scan on title t  (cost=0.00..61283.27 rows=2528527 width=94) (actual time=0.029..1197.266 rows=2528312 loops=1)
Planning time: 1.443 ms
Execution time: 16121.376 ms
