Hash Join  (cost=102767.86..468990.00 rows=420192 width=0) (actual time=5728.336..8192.065 rows=465636 loops=1)
  Hash Cond: (mi.movie_id = t.id)
  ->  Seq Scan on movie_info mi  (cost=0.00..346232.03 rows=420192 width=4) (actual time=3730.779..5435.864 rows=465636 loops=1)
        Filter: (info_type_id > 103)
        Rows Removed by Filter: 14370084
  ->  Hash  (cost=61283.27..61283.27 rows=2528527 width=4) (actual time=1979.425..1979.425 rows=2528312 loops=1)
        Buckets: 131072  Batches: 64  Memory Usage: 2425kB
        ->  Seq Scan on title t  (cost=0.00..61283.27 rows=2528527 width=4) (actual time=0.028..1112.882 rows=2528312 loops=1)
Planning time: 0.777 ms
Execution time: 8248.233 ms
