Hash Join  (cost=83074.74..109986.57 rows=134 width=0) (actual time=1318.693..1897.804 rows=8134 loops=1)
  Hash Cond: (mi_idx.movie_id = t.id)
  ->  Seq Scan on movie_info_idx mi_idx  (cost=0.00..21735.35 rows=1380035 width=4) (actual time=0.011..322.365 rows=1380035 loops=1)
  ->  Hash  (cost=83071.67..83071.67 rows=246 width=8) (actual time=1317.018..1317.018 rows=2926 loops=1)
        Buckets: 4096 (originally 1024)  Batches: 1 (originally 1)  Memory Usage: 147kB
        ->  Nested Loop  (cost=0.43..83071.67 rows=246 width=8) (actual time=0.135..1315.073 rows=2926 loops=1)
              ->  Seq Scan on movie_keyword mk  (cost=0.00..81003.12 rows=246 width=4) (actual time=0.085..1222.811 rows=2926 loops=1)
                    Filter: (keyword_id = 3287)
                    Rows Removed by Filter: 4521004
              ->  Index Only Scan using title_pkey on title t  (cost=0.43..8.40 rows=1 width=4) (actual time=0.030..0.031 rows=1 loops=2926)
                    Index Cond: (id = mk.movie_id)
                    Heap Fetches: 2926
Planning time: 1.205 ms
Execution time: 1899.137 ms
