Hash Join  (cost=139152.68..1251266.98 rows=7623209 width=0) (actual time=3298.771..40888.411 rows=25239525 loops=1)
  Hash Cond: (ci.movie_id = t.id)
  ->  Seq Scan on cast_info ci  (cost=0.00..614943.12 rows=36225612 width=4) (actual time=0.012..13228.672 rows=36244344 loops=1)
  ->  Hash  (cost=130422.48..130422.48 rows=532096 width=8) (actual time=3297.824..3297.824 rows=937655 loops=1)
        Buckets: 131072 (originally 131072)  Batches: 16 (originally 8)  Memory Usage: 3312kB
        ->  Hash Join  (cost=83600.04..130422.48 rows=532096 width=8) (actual time=1470.365..3027.841 rows=937655 loops=1)
              Hash Cond: (mi_idx.movie_id = t.id)
              ->  Seq Scan on movie_info_idx mi_idx  (cost=0.00..21735.35 rows=1380035 width=4) (actual time=0.016..462.039 rows=1380035 loops=1)
              ->  Hash  (cost=67604.59..67604.59 rows=974916 width=4) (actual time=1468.904..1468.904 rows=972448 loops=1)
                    Buckets: 131072  Batches: 16  Memory Usage: 3160kB
                    ->  Seq Scan on title t  (cost=0.00..67604.59 rows=974916 width=4) (actual time=0.028..1160.259 rows=972448 loops=1)
                          Filter: (kind_id < 6)
                          Rows Removed by Filter: 1555864
Planning time: 1.205 ms
Execution time: 43750.298 ms
