Hash Join  (cost=187217.20..228761.22 rows=224454 width=0) (actual time=3344.754..4397.675 rows=145013 loops=1)
  Hash Cond: (mi_idx.movie_id = t.id)
  ->  Seq Scan on movie_info_idx mi_idx  (cost=0.00..21735.35 rows=1380035 width=4) (actual time=0.019..462.442 rows=1380035 loops=1)
  ->  Hash  (cost=180469.59..180469.59 rows=411249 width=8) (actual time=3344.071..3344.071 rows=93805 loops=1)
        Buckets: 131072  Batches: 8  Memory Usage: 1495kB
        ->  Hash Join  (cost=102767.86..180469.59 rows=411249 width=8) (actual time=2192.615..3315.779 rows=93805 loops=1)
              Hash Cond: (mc.movie_id = t.id)
              ->  Seq Scan on movie_companies mc  (cost=0.00..57926.93 rows=411249 width=4) (actual time=241.223..920.063 rows=93805 loops=1)
                    Filter: ((company_id > 25429) AND (company_type_id < 2))
                    Rows Removed by Filter: 2515324
              ->  Hash  (cost=61283.27..61283.27 rows=2528527 width=4) (actual time=1950.690..1950.690 rows=2528312 loops=1)
                    Buckets: 131072  Batches: 64  Memory Usage: 2415kB
                    ->  Seq Scan on title t  (cost=0.00..61283.27 rows=2528527 width=4) (actual time=0.022..1111.044 rows=2528312 loops=1)
Planning time: 9.825 ms
Execution time: 4414.066 ms
