Seq Scan on cast_info ci  (cost=0.00..705507.15 rows=25207981 width=0) (actual time=0.012..13366.736 rows=25232521 loops=1)
  Filter: (person_id < 2602961)
  Rows Removed by Filter: 11011823
Planning time: 0.362 ms
Execution time: 16458.750 ms
