Hash Join  (cost=96190.11..155658.80 rows=5774 width=0) (actual time=1799.389..2949.184 rows=32445 loops=1)
  Hash Cond: (mc.movie_id = t.id)
  ->  Seq Scan on movie_companies mc  (cost=0.00..57926.93 rows=395737 width=4) (actual time=0.020..964.868 rows=716964 loops=1)
        Filter: ((company_id > 32418) AND (company_type_id = 2))
        Rows Removed by Filter: 1892165
  ->  Hash  (cost=95728.95..95728.95 rows=36893 width=8) (actual time=1799.021..1799.021 rows=45309 loops=1)
        Buckets: 65536  Batches: 1  Memory Usage: 2282kB
        ->  Hash Join  (cost=68449.54..95728.95 rows=36893 width=8) (actual time=1108.224..1783.492 rows=45309 loops=1)
              Hash Cond: (mi_idx.movie_id = t.id)
              ->  Seq Scan on movie_info_idx mi_idx  (cost=0.00..21735.35 rows=1380035 width=4) (actual time=0.008..332.275 rows=1380035 loops=1)
              ->  Hash  (cost=67604.59..67604.59 rows=67596 width=4) (actual time=1107.409..1107.409 rows=67777 loops=1)
                    Buckets: 131072  Batches: 1  Memory Usage: 3407kB
                    ->  Seq Scan on title t  (cost=0.00..67604.59 rows=67596 width=4) (actual time=0.032..1079.094 rows=67777 loops=1)
                          Filter: (production_year = 2003)
                          Rows Removed by Filter: 2460535
Planning time: 1.993 ms
Execution time: 2953.768 ms
