Hash Join  (cost=203150.77..713275.89 rows=1114728 width=0) (actual time=4893.835..24888.098 rows=33544221 loops=1)
  Hash Cond: (mi.movie_id = t.id)
  ->  Seq Scan on movie_info mi  (cost=0.00..309384.22 rows=14739122 width=4) (actual time=0.016..6159.787 rows=14835720 loops=1)
  ->  Hash  (cost=200012.35..200012.35 rows=191234 width=8) (actual time=4892.312..4892.312 rows=839110 loops=1)
        Buckets: 131072 (originally 131072)  Batches: 16 (originally 4)  Memory Usage: 3190kB
        ->  Hash Join  (cost=75679.97..200012.35 rows=191234 width=8) (actual time=1338.670..4642.850 rows=839110 loops=1)
              Hash Cond: (mk.movie_id = t.id)
              ->  Seq Scan on movie_keyword mk  (cost=0.00..69693.30 rows=4523930 width=4) (actual time=0.020..1429.532 rows=4523930 loops=1)
              ->  Hash  (cost=73925.90..73925.90 rows=106885 width=4) (actual time=1337.649..1337.649 rows=229380 loops=1)
                    Buckets: 131072 (originally 131072)  Batches: 4 (originally 2)  Memory Usage: 3073kB
                    ->  Seq Scan on title t  (cost=0.00..73925.90 rows=106885 width=4) (actual time=0.081..1249.127 rows=229380 loops=1)
                          Filter: ((kind_id < 3) AND (production_year < 1969))
                          Rows Removed by Filter: 2298932
Planning time: 1.413 ms
Execution time: 28456.946 ms
