Hash Join  (cost=447847.14..1397639.33 rows=1633247 width=0) (actual time=13032.594..32055.845 rows=2617591 loops=1)
  Hash Cond: (ci.movie_id = t.id)
  ->  Seq Scan on cast_info ci  (cost=0.00..705507.15 rows=12726058 width=4) (actual time=1787.833..14395.332 rows=12670688 loops=1)
        Filter: (role_id = 1)
        Rows Removed by Filter: 23573656
  ->  Hash  (cost=442522.79..442522.79 rows=324508 width=8) (actual time=11243.181..11243.181 rows=546908 loops=1)
        Buckets: 131072  Batches: 8  Memory Usage: 3688kB
        ->  Hash Join  (cost=74621.78..442522.79 rows=324508 width=8) (actual time=1263.969..11038.577 rows=546908 loops=1)
              Hash Cond: (mi.movie_id = t.id)
              ->  Seq Scan on movie_info mi  (cost=0.00..309384.22 rows=14739122 width=4) (actual time=0.026..5096.010 rows=14835720 loops=1)
              ->  Hash  (cost=73925.90..73925.90 rows=55670 width=4) (actual time=1263.599..1263.599 rows=60828 loops=1)
                    Buckets: 65536  Batches: 1  Memory Usage: 2651kB
                    ->  Seq Scan on title t  (cost=0.00..73925.90 rows=55670 width=4) (actual time=0.023..1236.508 rows=60828 loops=1)
                          Filter: ((production_year < 2007) AND (kind_id = 2))
                          Rows Removed by Filter: 2467484
Planning time: 4.563 ms
Execution time: 32342.036 ms
