Seq Scan on title t  (cost=0.00..73925.90 rows=208920 width=94) (actual time=0.051..972.906 rows=183835 loops=1)
  Filter: ((kind_id < 7) AND (production_year > 2009))
  Rows Removed by Filter: 2344477
Planning time: 0.484 ms
Execution time: 1003.756 ms
