Seq Scan on title t  (cost=0.00..73925.90 rows=70656 width=0) (actual time=0.018..1297.843 rows=79548 loops=1)
  Filter: ((kind_id > 1) AND (production_year = 2005))
  Rows Removed by Filter: 2448764
Planning time: 0.476 ms
Execution time: 1310.640 ms
