Hash Join  (cost=92883.59..262150.38 rows=2650812 width=0) (actual time=3195.559..6396.485 rows=645461 loops=1)
  Hash Cond: (mk.movie_id = t.id)
  ->  Seq Scan on movie_keyword mk  (cost=0.00..81003.12 rows=4350110 width=4) (actual time=0.014..1893.531 rows=4354912 loops=1)
        Filter: (keyword_id < 72188)
        Rows Removed by Filter: 169018
  ->  Hash  (cost=67604.59..67604.59 rows=1540800 width=4) (actual time=2014.637..2014.637 rows=1543264 loops=1)
        Buckets: 131072  Batches: 32  Memory Usage: 2728kB
        ->  Seq Scan on title t  (cost=0.00..67604.59 rows=1540800 width=4) (actual time=0.015..1242.186 rows=1543264 loops=1)
              Filter: (kind_id = 7)
              Rows Removed by Filter: 985048
Planning time: 0.530 ms
Execution time: 6473.589 ms
