Hash Join  (cost=158277.64..1221781.79 rows=2891198 width=0) (actual time=3938.472..37773.507 rows=12073481 loops=1)
  Hash Cond: (ci.movie_id = t.id)
  ->  Seq Scan on cast_info ci  (cost=0.00..614943.12 rows=36225612 width=4) (actual time=0.021..13696.270 rows=36244344 loops=1)
  ->  Hash  (cost=154966.09..154966.09 rows=201804 width=8) (actual time=3936.805..3936.805 rows=620708 loops=1)
        Buckets: 131072 (originally 131072)  Batches: 8 (originally 4)  Memory Usage: 4081kB
        ->  Hash Join  (cost=77134.53..154966.09 rows=201804 width=8) (actual time=1359.441..3733.518 rows=620708 loops=1)
              Hash Cond: (mc.movie_id = t.id)
              ->  Seq Scan on movie_companies mc  (cost=0.00..44881.29 rows=2609129 width=4) (actual time=0.013..969.824 rows=2609129 loops=1)
              ->  Hash  (cost=73925.90..73925.90 rows=195570 width=4) (actual time=1358.299..1358.299 rows=300646 loops=1)
                    Buckets: 131072  Batches: 4  Memory Usage: 3670kB
                    ->  Seq Scan on title t  (cost=0.00..73925.90 rows=195570 width=4) (actual time=0.024..1266.940 rows=300646 loops=1)
                          Filter: ((kind_id < 7) AND (production_year < 1979))
                          Rows Removed by Filter: 2227666
Planning time: 1.169 ms
Execution time: 39188.126 ms
