Seq Scan on movie_keyword mk  (cost=0.00..81003.12 rows=3552967 width=0) (actual time=0.018..1563.189 rows=3547737 loops=1)
  Filter: (keyword_id < 19172)
  Rows Removed by Filter: 976193
Planning time: 0.325 ms
Execution time: 2004.668 ms
