Seq Scan on movie_keyword mk  (cost=0.00..81003.12 rows=246 width=0) (actual time=13.239..1277.299 rows=152 loops=1)
  Filter: (keyword_id = 2974)
  Rows Removed by Filter: 4523778
Planning time: 0.406 ms
Execution time: 1277.487 ms
