Hash Join  (cost=979952.38..1206069.42 rows=7153226 width=0) (actual time=20371.815..28193.913 rows=15790390 loops=1)
  Hash Cond: (mk.movie_id = t.id)
  ->  Seq Scan on movie_keyword mk  (cost=0.00..69693.30 rows=4523930 width=4) (actual time=0.019..1441.251 rows=4523930 loops=1)
  ->  Hash  (cost=914358.13..914358.13 rows=3998100 width=8) (actual time=20368.905..20368.905 rows=4008037 loops=1)
        Buckets: 131072  Batches: 64  Memory Usage: 3488kB
        ->  Hash Join  (cost=102767.86..914358.13 rows=3998100 width=8) (actual time=3301.684..19229.442 rows=4008037 loops=1)
              Hash Cond: (ci.movie_id = t.id)
              ->  Seq Scan on cast_info ci  (cost=0.00..705507.15 rows=3998100 width=4) (actual time=1284.020..13452.645 rows=4008037 loops=1)
                    Filter: (role_id = 3)
                    Rows Removed by Filter: 32236307
              ->  Hash  (cost=61283.27..61283.27 rows=2528527 width=4) (actual time=2016.627..2016.627 rows=2528312 loops=1)
                    Buckets: 131072  Batches: 64  Memory Usage: 2415kB
                    ->  Seq Scan on title t  (cost=0.00..61283.27 rows=2528527 width=4) (actual time=0.030..1148.764 rows=2528312 loops=1)
Planning time: 1.110 ms
Execution time: 29886.349 ms
