Hash Join  (cost=230997.58..1420567.93 rows=15163220 width=0) (actual time=4887.314..37073.790 rows=13152405 loops=1)
  Hash Cond: (ci.movie_id = t.id)
  ->  Seq Scan on cast_info ci  (cost=0.00..614943.12 rows=36225612 width=4) (actual time=0.011..13376.758 rows=36244344 loops=1)
  ->  Hash  (cost=213632.78..213632.78 rows=1058384 width=8) (actual time=4886.477..4886.477 rows=485667 loops=1)
        Buckets: 131072  Batches: 16  Memory Usage: 2222kB
        ->  Hash Join  (cost=94973.51..213632.78 rows=1058384 width=8) (actual time=1836.113..4736.657 rows=485667 loops=1)
              Hash Cond: (mk.movie_id = t.id)
              ->  Seq Scan on movie_keyword mk  (cost=0.00..81003.12 rows=1604260 width=4) (actual time=0.016..1531.673 rows=1616139 loops=1)
                    Filter: (keyword_id > 9341)
                    Rows Removed by Filter: 2907791
              ->  Hash  (cost=67604.59..67604.59 rows=1668154 width=4) (actual time=1834.603..1834.603 rows=1674098 loops=1)
                    Buckets: 131072  Batches: 32  Memory Usage: 2875kB
                    ->  Seq Scan on title t  (cost=0.00..67604.59 rows=1668154 width=4) (actual time=0.020..1292.996 rows=1674098 loops=1)
                          Filter: (kind_id > 3)
                          Rows Removed by Filter: 854214
Planning time: 1.204 ms
Execution time: 38506.321 ms
