Hash Join  (cost=79110.05..147270.67 rows=87739 width=0) (actual time=1379.257..3024.624 rows=319597 loops=1)
  Hash Cond: (mc.movie_id = t.id)
  ->  Seq Scan on movie_companies mc  (cost=0.00..57926.93 rows=702211 width=4) (actual time=0.024..1065.344 rows=935587 loops=1)
        Filter: ((company_id > 11137) AND (company_type_id > 1))
        Rows Removed by Filter: 1673542
  ->  Hash  (cost=73925.90..73925.90 rows=315932 width=4) (actual time=1378.365..1378.365 rows=433359 loops=1)
        Buckets: 131072  Batches: 8  Memory Usage: 2939kB
        ->  Seq Scan on title t  (cost=0.00..73925.90 rows=315932 width=4) (actual time=0.019..1240.006 rows=433359 loops=1)
              Filter: ((kind_id < 7) AND (production_year < 1995))
              Rows Removed by Filter: 2094953
Planning time: 0.771 ms
Execution time: 3067.083 ms
