Hash Join  (cost=159748.31..597242.57 rows=668798 width=0) (actual time=4461.451..13351.219 rows=897469 loops=1)
  Hash Cond: (mi.movie_id = t.id)
  ->  Seq Scan on movie_info mi  (cost=0.00..346232.03 rows=7235534 width=4) (actual time=0.012..6638.578 rows=7286865 loops=1)
        Filter: (info_type_id < 8)
        Rows Removed by Filter: 7548855
  ->  Hash  (cost=155913.83..155913.83 rows=233718 width=8) (actual time=3530.403..3530.403 rows=144900 loops=1)
        Buckets: 131072  Batches: 4  Memory Usage: 2443kB
        ->  Hash Join  (cost=77642.13..155913.83 rows=233718 width=8) (actual time=1347.948..3483.620 rows=144900 loops=1)
              Hash Cond: (mc.movie_id = t.id)
              ->  Seq Scan on movie_companies mc  (cost=0.00..44881.29 rows=2609129 width=4) (actual time=0.026..859.219 rows=2609129 loops=1)
              ->  Hash  (cost=73925.90..73925.90 rows=226498 width=4) (actual time=1181.427..1181.427 rows=120787 loops=1)
                    Buckets: 131072  Batches: 4  Memory Usage: 2083kB
                    ->  Seq Scan on title t  (cost=0.00..73925.90 rows=226498 width=4) (actual time=0.024..1134.373 rows=120787 loops=1)
                          Filter: ((production_year < 1970) AND (kind_id = 7))
                          Rows Removed by Filter: 2407525
Planning time: 1.173 ms
Execution time: 13458.467 ms
