Hash Join  (cost=52284.99..803089.06 rows=1490 width=0) (actual time=883.432..16560.114 rows=7362 loops=1)
  Hash Cond: (ci.movie_id = t.id)
  ->  Seq Scan on cast_info ci  (cost=0.00..614943.12 rows=36225612 width=4) (actual time=0.023..8859.846 rows=36244344 loops=1)
  ->  Hash  (cost=52283.69..52283.69 rows=104 width=8) (actual time=876.118..876.118 rows=247 loops=1)
        Buckets: 1024  Batches: 1  Memory Usage: 18kB
        ->  Nested Loop  (cost=0.43..52283.69 rows=104 width=8) (actual time=491.170..875.942 rows=247 loops=1)
              ->  Seq Scan on movie_companies mc  (cost=0.00..51404.11 rows=104 width=4) (actual time=491.084..867.011 rows=247 loops=1)
                    Filter: (company_id = 79838)
                    Rows Removed by Filter: 2608882
              ->  Index Only Scan using title_pkey on title t  (cost=0.43..8.45 rows=1 width=4) (actual time=0.034..0.035 rows=1 loops=247)
                    Index Cond: (id = mc.movie_id)
                    Heap Fetches: 247
Planning time: 1.553 ms
Execution time: 16562.563 ms
