Seq Scan on movie_companies mc  (cost=0.00..51404.11 rows=1234958 width=0) (actual time=0.018..985.556 rows=1223559 loops=1)
  Filter: (company_id < 11141)
  Rows Removed by Filter: 1385570
Planning time: 0.312 ms
Execution time: 1139.918 ms
