Hash Join  (cost=130566.24..217390.31 rows=16603 width=0) (actual time=2287.701..4256.001 rows=487492 loops=1)
  Hash Cond: (mk.movie_id = t.id)
  ->  Seq Scan on movie_keyword mk  (cost=0.00..69693.30 rows=4523930 width=4) (actual time=0.017..1025.210 rows=4523930 loops=1)
  ->  Hash  (cost=130450.24..130450.24 rows=9280 width=8) (actual time=2284.257..2284.257 rows=14946 loops=1)
        Buckets: 16384  Batches: 1  Memory Usage: 712kB
        ->  Hash Join  (cost=74155.14..130450.24 rows=9280 width=8) (actual time=1120.619..2278.546 rows=14946 loops=1)
              Hash Cond: (mc.movie_id = t.id)
              ->  Seq Scan on movie_companies mc  (cost=0.00..51404.11 rows=1279517 width=4) (actual time=0.018..919.715 rows=1274246 loops=1)
                    Filter: (company_type_id = 1)
                    Rows Removed by Filter: 1334883
              ->  Hash  (cost=73925.90..73925.90 rows=18339 width=4) (actual time=1119.974..1119.974 rows=14449 loops=1)
                    Buckets: 32768  Batches: 1  Memory Usage: 764kB
                    ->  Seq Scan on title t  (cost=0.00..73925.90 rows=18339 width=4) (actual time=0.239..1113.189 rows=14449 loops=1)
                          Filter: ((kind_id < 7) AND (production_year = 1998))
                          Rows Removed by Filter: 2513863
Planning time: 1.226 ms
Execution time: 4321.476 ms
