Seq Scan on movie_keyword mk  (cost=0.00..81003.12 rows=2614357 width=0) (actual time=0.025..1411.135 rows=2604499 loops=1)
  Filter: (keyword_id < 7036)
  Rows Removed by Filter: 1919431
Planning time: 0.357 ms
Execution time: 1729.171 ms
