Seq Scan on movie_companies mc  (cost=0.00..51404.11 rows=1590297 width=0) (actual time=42.197..902.152 rows=1591417 loops=1)
  Filter: (company_id > 5326)
  Rows Removed by Filter: 1017712
Planning time: 0.354 ms
Execution time: 1103.831 ms
