Seq Scan on movie_companies mc  (cost=0.00..57926.93 rows=454885 width=0) (actual time=0.012..948.799 rows=656923 loops=1)
  Filter: ((company_id < 3270) AND (company_type_id < 2))
  Rows Removed by Filter: 1952206
Planning time: 0.350 ms
Execution time: 1032.155 ms
