Hash Join  (cost=140916.41..637182.03 rows=1542568 width=0) (actual time=3085.630..16188.842 rows=1210807 loops=1)
  Hash Cond: (mi.movie_id = t.id)
  ->  Seq Scan on movie_info mi  (cost=0.00..309384.22 rows=14739122 width=4) (actual time=0.012..5995.545 rows=14835720 loops=1)
  ->  Hash  (cost=136574.52..136574.52 rows=264631 width=8) (actual time=3084.871..3084.871 rows=141856 loops=1)
        Buckets: 131072  Batches: 4  Memory Usage: 2413kB
        ->  Hash Join  (cost=97741.10..136574.52 rows=264631 width=8) (actual time=2110.929..3038.543 rows=141856 loops=1)
              Hash Cond: (mi_idx.movie_id = t.id)
              ->  Seq Scan on movie_info_idx mi_idx  (cost=0.00..25185.44 rows=460978 width=4) (actual time=0.024..570.695 rows=459925 loops=1)
                    Filter: (info_type_id = 99)
                    Rows Removed by Filter: 920110
              ->  Hash  (cost=73925.90..73925.90 rows=1451536 width=4) (actual time=1953.981..1953.981 rows=1478438 loops=1)
                    Buckets: 131072  Batches: 32  Memory Usage: 2651kB
                    ->  Seq Scan on title t  (cost=0.00..73925.90 rows=1451536 width=4) (actual time=370.084..1493.022 rows=1478438 loops=1)
                          Filter: ((production_year > 1917) AND (kind_id = 7))
                          Rows Removed by Filter: 1049874
Planning time: 1.241 ms
Execution time: 16320.613 ms
