Hash Join  (cost=131347.41..887958.86 rows=8799387 width=169) (actual time=3076.750..19608.067 rows=8457846 loops=1)
  Hash Cond: (mi.movie_id = t.id)
  ->  Seq Scan on movie_info mi  (cost=0.00..346232.03 rows=9476311 width=75) (actual time=0.009..5222.432 rows=9565151 loops=1)
        Filter: (info_type_id < 16)
        Rows Removed by Filter: 5270569
  ->  Hash  (cost=67604.59..67604.59 rows=2347906 width=94) (actual time=3074.787..3074.787 rows=2340903 loops=1)
        Buckets: 32768  Batches: 128  Memory Usage: 2316kB
        ->  Seq Scan on title t  (cost=0.00..67604.59 rows=2347906 width=94) (actual time=0.013..1181.321 rows=2340903 loops=1)
              Filter: (production_year > 1929)
              Rows Removed by Filter: 187409
Planning time: 0.572 ms
Execution time: 20001.056 ms
