Hash Join  (cost=67697.55..163169.11 rows=11260 width=0) (actual time=1144.763..3258.413 rows=21987 loops=1)
  Hash Cond: (mk.movie_id = t.id)
  ->  Seq Scan on movie_keyword mk  (cost=0.00..81003.12 rows=3828223 width=4) (actual time=0.011..1493.636 rows=3823318 loops=1)
        Filter: (keyword_id < 26908)
        Rows Removed by Filter: 700612
  ->  Hash  (cost=67604.59..67604.59 rows=7437 width=4) (actual time=1144.092..1144.092 rows=14601 loops=1)
        Buckets: 16384 (originally 8192)  Batches: 1 (originally 1)  Memory Usage: 642kB
        ->  Seq Scan on title t  (cost=0.00..67604.59 rows=7437 width=4) (actual time=0.122..1137.090 rows=14601 loops=1)
              Filter: (production_year = 1967)
              Rows Removed by Filter: 2513711
Planning time: 1.796 ms
Execution time: 3261.679 ms
