Hash Join  (cost=130663.31..218392.29 rows=107094 width=0) (actual time=2610.211..5169.696 rows=508208 loops=1)
  Hash Cond: (mk.movie_id = t.id)
  ->  Seq Scan on movie_keyword mk  (cost=0.00..69693.30 rows=4523930 width=4) (actual time=0.024..1161.796 rows=4523930 loops=1)
  ->  Hash  (cost=129915.10..129915.10 rows=59857 width=8) (actual time=2609.597..2609.597 rows=103375 loops=1)
        Buckets: 131072 (originally 65536)  Batches: 2 (originally 1)  Memory Usage: 3073kB
        ->  Hash Join  (cost=74651.01..129915.10 rows=59857 width=8) (actual time=1129.949..2566.903 rows=103375 loops=1)
              Hash Cond: (mc.movie_id = t.id)
              ->  Seq Scan on movie_companies mc  (cost=0.00..44881.29 rows=2609129 width=4) (actual time=0.015..690.515 rows=2609129 loops=1)
              ->  Hash  (cost=73925.90..73925.90 rows=58008 width=4) (actual time=1129.498..1129.498 rows=46559 loops=1)
                    Buckets: 65536  Batches: 1  Memory Usage: 2149kB
                    ->  Seq Scan on title t  (cost=0.00..73925.90 rows=58008 width=4) (actual time=0.028..1111.557 rows=46559 loops=1)
                          Filter: ((production_year > 1999) AND (kind_id = 3))
                          Rows Removed by Filter: 2481753
Planning time: 1.144 ms
Execution time: 5220.103 ms
