Nested Loop  (cost=0.43..83071.67 rows=246 width=106) (actual time=0.371..480.521 rows=478 loops=1)
  ->  Seq Scan on movie_keyword mk  (cost=0.00..81003.12 rows=246 width=12) (actual time=0.325..473.423 rows=478 loops=1)
        Filter: (keyword_id = 6503)
        Rows Removed by Filter: 4523452
  ->  Index Scan using title_pkey on title t  (cost=0.43..8.40 rows=1 width=94) (actual time=0.014..0.014 rows=1 loops=478)
        Index Cond: (id = mk.movie_id)
Planning time: 0.932 ms
Execution time: 480.623 ms
