Hash Join  (cost=263115.61..457151.70 rows=4352451 width=0) (actual time=6302.453..17720.138 rows=32755466 loops=1)
  Hash Cond: (mk.movie_id = t.id)
  ->  Seq Scan on movie_keyword mk  (cost=0.00..81003.12 rows=4217994 width=4) (actual time=0.039..1847.105 rows=4198670 loops=1)
        Filter: (keyword_id > 262)
        Rows Removed by Filter: 325260
  ->  Hash  (cost=220309.49..220309.49 rows=2609129 width=8) (actual time=6301.277..6301.277 rows=2609129 loops=1)
        Buckets: 131072  Batches: 64  Memory Usage: 2691kB
        ->  Hash Join  (cost=102767.86..220309.49 rows=2609129 width=8) (actual time=1866.978..5503.290 rows=2609129 loops=1)
              Hash Cond: (mc.movie_id = t.id)
              ->  Seq Scan on movie_companies mc  (cost=0.00..44881.29 rows=2609129 width=4) (actual time=0.025..973.232 rows=2609129 loops=1)
              ->  Hash  (cost=61283.27..61283.27 rows=2528527 width=4) (actual time=1865.203..1865.203 rows=2528312 loops=1)
                    Buckets: 131072  Batches: 64  Memory Usage: 2415kB
                    ->  Seq Scan on title t  (cost=0.00..61283.27 rows=2528527 width=4) (actual time=0.064..1034.427 rows=2528312 loops=1)
Planning time: 1.159 ms
Execution time: 21210.997 ms
