Hash Join  (cost=86935.43..173264.93 rows=818198 width=0) (actual time=1478.454..3825.748 rows=602856 loops=1)
  Hash Cond: (mc.movie_id = t.id)
  ->  Seq Scan on movie_companies mc  (cost=0.00..44881.29 rows=2609129 width=4) (actual time=0.038..891.224 rows=2609129 loops=1)
  ->  Hash  (cost=73925.90..73925.90 rows=792922 width=4) (actual time=1477.288..1477.288 rows=692469 loops=1)
        Buckets: 131072  Batches: 16  Memory Usage: 2548kB
        ->  Seq Scan on title t  (cost=0.00..73925.90 rows=792922 width=4) (actual time=0.017..1251.943 rows=692469 loops=1)
              Filter: ((kind_id > 1) AND (production_year < 2001))
              Rows Removed by Filter: 1835843
Planning time: 0.721 ms
Execution time: 3895.796 ms
