Hash Join  (cost=73962.22..128657.72 rows=2998 width=0) (actual time=1000.755..2116.567 rows=6927 loops=1)
  Hash Cond: (mc.movie_id = t.id)
  ->  Seq Scan on movie_companies mc  (cost=0.00..44881.29 rows=2609129 width=4) (actual time=0.036..581.094 rows=2609129 loops=1)
  ->  Hash  (cost=73925.90..73925.90 rows=2905 width=4) (actual time=1000.480..1000.480 rows=4012 loops=1)
        Buckets: 4096  Batches: 1  Memory Usage: 174kB
        ->  Seq Scan on title t  (cost=0.00..73925.90 rows=2905 width=4) (actual time=0.077..998.614 rows=4012 loops=1)
              Filter: ((kind_id < 7) AND (production_year = 1920))
              Rows Removed by Filter: 2524300
Planning time: 0.765 ms
Execution time: 2118.073 ms
