Seq Scan on movie_companies mc  (cost=0.00..57926.93 rows=1238988 width=0) (actual time=95.725..1219.819 rows=1296621 loops=1)
  Filter: ((company_id > 34) AND (company_type_id > 1))
  Rows Removed by Filter: 1312508
Planning time: 0.345 ms
Execution time: 1378.741 ms
