Hash Join  (cost=315190.75..1906997.46 rows=45503258 width=0) (actual time=7535.770..76206.821 rows=155687589 loops=1)
  Hash Cond: (ci.movie_id = t.id)
  ->  Seq Scan on cast_info ci  (cost=0.00..614943.12 rows=36225612 width=4) (actual time=0.015..13736.836 rows=36244344 loops=1)
  ->  Hash  (cost=263082.48..263082.48 rows=3176101 width=8) (actual time=7534.779..7534.779 rows=2796224 loops=1)
        Buckets: 131072  Batches: 64  Memory Usage: 2746kB
        ->  Hash Join  (cost=96729.52..263082.48 rows=3176101 width=8) (actual time=1982.832..6737.850 rows=2796224 loops=1)
              Hash Cond: (mk.movie_id = t.id)
              ->  Seq Scan on movie_keyword mk  (cost=0.00..69693.30 rows=4523930 width=4) (actual time=0.023..1377.352 rows=4523930 loops=1)
              ->  Hash  (cost=67604.59..67604.59 rows=1775195 width=4) (actual time=1981.958..1981.958 rows=1772072 loops=1)
                    Buckets: 131072  Batches: 32  Memory Usage: 2984kB
                    ->  Seq Scan on title t  (cost=0.00..67604.59 rows=1775195 width=4) (actual time=0.021..1396.316 rows=1772072 loops=1)
                          Filter: (production_year > 1989)
                          Rows Removed by Filter: 756240
Planning time: 0.782 ms
Execution time: 93276.999 ms
