Hash Join  (cost=86573.65..1053329.77 rows=3498526 width=0) (actual time=9455.211..23284.733 rows=2746179 loops=1)
  Hash Cond: (ci.movie_id = t.id)
  ->  Seq Scan on cast_info ci  (cost=0.00..796071.18 rows=11475648 width=4) (actual time=8020.683..16531.885 rows=10199945 loops=1)
        Filter: ((person_id > 330183) AND (role_id = 1))
        Rows Removed by Filter: 26044399
  ->  Hash  (cost=73925.90..73925.90 rows=770860 width=4) (actual time=1433.395..1433.395 rows=682281 loops=1)
        Buckets: 131072  Batches: 16  Memory Usage: 2522kB
        ->  Seq Scan on title t  (cost=0.00..73925.90 rows=770860 width=4) (actual time=0.023..1215.577 rows=682281 loops=1)
              Filter: ((production_year < 2004) AND (kind_id = 7))
              Rows Removed by Filter: 1846031
Planning time: 0.762 ms
Execution time: 23551.516 ms
