Seq Scan on movie_keyword mk  (cost=0.00..81003.12 rows=246 width=0) (actual time=0.951..1291.550 rows=438 loops=1)
  Filter: (keyword_id = 1981)
  Rows Removed by Filter: 4523492
Planning time: 0.368 ms
Execution time: 1291.912 ms
