Hash Join  (cost=68173.50..448490.27 rows=156112 width=0) (actual time=884.169..9197.692 rows=392537 loops=1)
  Hash Cond: (mi.movie_id = t.id)
  ->  Seq Scan on movie_info mi  (cost=0.00..346232.03 rows=8672966 width=4) (actual time=0.014..6149.212 rows=8770496 loops=1)
        Filter: (info_type_id < 12)
        Rows Removed by Filter: 6065224
  ->  Hash  (cost=67604.59..67604.59 rows=45513 width=4) (actual time=834.494..834.494 rows=42820 loops=1)
        Buckets: 65536  Batches: 1  Memory Usage: 2018kB
        ->  Seq Scan on title t  (cost=0.00..67604.59 rows=45513 width=4) (actual time=303.663..824.532 rows=42820 loops=1)
              Filter: (production_year < 1913)
              Rows Removed by Filter: 2485492
Planning time: 0.786 ms
Execution time: 9251.130 ms
