Seq Scan on movie_keyword mk  (cost=0.00..81003.12 rows=246 width=12) (actual time=0.032..923.595 rows=1436 loops=1)
  Filter: (keyword_id = 4649)
  Rows Removed by Filter: 4522494
Planning time: 0.237 ms
Execution time: 923.751 ms
