Hash Join  (cost=305967.45..995244.37 rows=16178119 width=0) (actual time=6965.233..53424.339 rows=151053710 loops=1)
  Hash Cond: (mi.movie_id = t.id)
  ->  Seq Scan on movie_info mi  (cost=0.00..309384.22 rows=14739122 width=4) (actual time=0.008..5995.304 rows=14835720 loops=1)
  ->  Hash  (cost=260433.07..260433.07 rows=2775390 width=8) (actual time=6963.505..6963.505 rows=2766259 loops=1)
        Buckets: 131072  Batches: 64  Memory Usage: 2816kB
        ->  Hash Join  (cost=102767.86..260433.07 rows=2775390 width=8) (actual time=1944.899..6210.782 rows=2766259 loops=1)
              Hash Cond: (mk.movie_id = t.id)
              ->  Seq Scan on movie_keyword mk  (cost=0.00..81003.12 rows=2775390 width=4) (actual time=0.017..1644.956 rows=2766259 loops=1)
                    Filter: (keyword_id > 2860)
                    Rows Removed by Filter: 1757671
              ->  Hash  (cost=61283.27..61283.27 rows=2528527 width=4) (actual time=1942.180..1942.180 rows=2528312 loops=1)
                    Buckets: 131072  Batches: 64  Memory Usage: 2425kB
                    ->  Seq Scan on title t  (cost=0.00..61283.27 rows=2528527 width=4) (actual time=0.015..1097.209 rows=2528312 loops=1)
Planning time: 6.723 ms
Execution time: 69405.005 ms
