Seq Scan on movie_companies mc  (cost=0.00..51404.11 rows=2179591 width=0) (actual time=0.024..972.941 rows=2178416 loops=1)
  Filter: (company_id > 305)
  Rows Removed by Filter: 430713
Planning time: 0.350 ms
Execution time: 1245.486 ms
