Seq Scan on title t  (cost=0.00..73925.90 rows=878201 width=0) (actual time=0.017..1235.265 rows=947729 loops=1)
  Filter: ((kind_id > 1) AND (production_year > 2003))
  Rows Removed by Filter: 1580583
Planning time: 0.362 ms
Execution time: 1356.247 ms
