Seq Scan on movie_keyword mk  (cost=0.00..81003.12 rows=4451701 width=0) (actual time=0.024..1685.019 rows=4452046 loops=1)
  Filter: (keyword_id < 90513)
  Rows Removed by Filter: 71884
Planning time: 0.352 ms
Execution time: 2249.804 ms
