Seq Scan on movie_keyword mk  (cost=0.00..81003.12 rows=4373 width=0) (actual time=0.093..1136.456 rows=4217 loops=1)
  Filter: (keyword_id = 394)
  Rows Removed by Filter: 4519713
Planning time: 0.364 ms
Execution time: 1137.582 ms
