Nested Loop  (cost=32749.09..830780.69 rows=50 width=0) (actual time=15140.713..15142.774 rows=1 loops=1)
  Join Filter: (ci.movie_id = t.id)
  ->  Hash Join  (cost=32748.66..830674.39 rows=125 width=8) (actual time=15140.596..15142.655 rows=1 loops=1)
        Hash Cond: (ci.movie_id = mi_idx.movie_id)
        ->  Seq Scan on cast_info ci  (cost=0.00..796071.18 rows=276 width=4) (actual time=13583.031..14451.602 rows=1 loops=1)
              Filter: ((role_id < 3) AND (person_id = 2283359))
              Rows Removed by Filter: 36244343
        ->  Hash  (cost=25185.44..25185.44 rows=460978 width=4) (actual time=675.649..675.649 rows=459925 loops=1)
              Buckets: 131072  Batches: 8  Memory Usage: 3050kB
              ->  Seq Scan on movie_info_idx mi_idx  (cost=0.00..25185.44 rows=460978 width=4) (actual time=0.032..538.340 rows=459925 loops=1)
                    Filter: (info_type_id = 99)
                    Rows Removed by Filter: 920110
  ->  Index Only Scan using title_pkey on title t  (cost=0.43..0.84 rows=1 width=4) (actual time=0.066..0.067 rows=1 loops=1)
        Index Cond: (id = mi_idx.movie_id)
        Heap Fetches: 1
Planning time: 3.305 ms
Execution time: 15143.084 ms
