Seq Scan on movie_keyword mk  (cost=0.00..81003.12 rows=2891088 width=0) (actual time=0.023..1565.558 rows=2880920 loops=1)
  Filter: (keyword_id > 2489)
  Rows Removed by Filter: 1643010
Planning time: 0.380 ms
Execution time: 1925.301 ms
