Nested Loop  (cost=0.43..113878.23 rows=907 width=0) (actual time=665.058..1122.428 rows=4 loops=1)
  ->  Seq Scan on movie_companies mc  (cost=0.00..57926.93 rows=8232 width=4) (actual time=17.175..944.519 rows=8081 loops=1)
        Filter: ((company_type_id < 2) AND (company_id = 166))
        Rows Removed by Filter: 2601048
  ->  Index Scan using title_pkey on title t  (cost=0.43..6.79 rows=1 width=4) (actual time=0.022..0.022 rows=0 loops=8081)
        Index Cond: (id = mc.movie_id)
        Filter: ((kind_id < 7) AND (production_year < 1991))
        Rows Removed by Filter: 1
Planning time: 0.778 ms
Execution time: 1122.530 ms
