Hash Join  (cost=146108.98..173307.42 rows=28796 width=0) (actual time=2739.295..3406.714 rows=108684 loops=1)
  Hash Cond: (mi_idx.movie_id = t.id)
  ->  Seq Scan on movie_info_idx mi_idx  (cost=0.00..21735.35 rows=1380035 width=4) (actual time=0.015..321.355 rows=1380035 loops=1)
  ->  Hash  (cost=145449.48..145449.48 rows=52760 width=8) (actual time=2737.105..2737.105 rows=67205 loops=1)
        Buckets: 131072 (originally 65536)  Batches: 1 (originally 1)  Memory Usage: 3650kB
        ->  Hash Join  (cost=81925.97..145449.48 rows=52760 width=8) (actual time=1451.880..2712.654 rows=67205 loops=1)
              Hash Cond: (mc.movie_id = t.id)
              ->  Seq Scan on movie_companies mc  (cost=0.00..57926.93 rows=273594 width=4) (actual time=0.028..950.329 rows=408469 loops=1)
                    Filter: ((company_id < 575) AND (company_type_id < 2))
                    Rows Removed by Filter: 2200660
              ->  Hash  (cost=73925.90..73925.90 rows=487605 width=4) (actual time=1450.513..1450.513 rows=501779 loops=1)
                    Buckets: 131072  Batches: 8  Memory Usage: 3231kB
                    ->  Seq Scan on title t  (cost=0.00..73925.90 rows=487605 width=4) (actual time=0.023..1287.670 rows=501779 loops=1)
                          Filter: ((kind_id > 1) AND (production_year > 2008))
                          Rows Removed by Filter: 2026533
Planning time: 3.820 ms
Execution time: 3421.635 ms
