Hash Join  (cost=76308.85..201476.67 rows=259778 width=0) (actual time=1123.648..4558.060 rows=872458 loops=1)
  Hash Cond: (mk.movie_id = t.id)
  ->  Seq Scan on movie_keyword mk  (cost=0.00..69693.30 rows=4523930 width=4) (actual time=0.012..1456.283 rows=4523930 loops=1)
  ->  Hash  (cost=73925.90..73925.90 rows=145196 width=4) (actual time=1121.537..1121.537 rows=245643 loops=1)
        Buckets: 131072 (originally 131072)  Batches: 4 (originally 2)  Memory Usage: 3190kB
        ->  Seq Scan on title t  (cost=0.00..73925.90 rows=145196 width=4) (actual time=0.028..1024.307 rows=245643 loops=1)
              Filter: ((kind_id < 7) AND (production_year < 1970))
              Rows Removed by Filter: 2282669
Planning time: 0.792 ms
Execution time: 4672.087 ms
