Seq Scan on cast_info ci  (cost=0.00..796071.18 rows=150141 width=0) (actual time=11993.927..13516.875 rows=59635 loops=1)
  Filter: ((person_id < 1518863) AND (role_id > 10))
  Rows Removed by Filter: 36184709
Planning time: 0.259 ms
Execution time: 13524.378 ms
