Hash Join  (cost=83073.50..109984.24 rows=26 width=0) (actual time=1314.127..1935.117 rows=347 loops=1)
  Hash Cond: (mi_idx.movie_id = t.id)
  ->  Seq Scan on movie_info_idx mi_idx  (cost=0.00..21735.35 rows=1380035 width=4) (actual time=0.014..365.979 rows=1380035 loops=1)
  ->  Hash  (cost=83072.90..83072.90 rows=48 width=8) (actual time=1313.350..1313.350 rows=134 loops=1)
        Buckets: 1024  Batches: 1  Memory Usage: 14kB
        ->  Nested Loop  (cost=0.43..83072.90 rows=48 width=8) (actual time=8.082..1313.144 rows=134 loops=1)
              ->  Seq Scan on movie_keyword mk  (cost=0.00..81003.12 rows=246 width=4) (actual time=3.332..1284.422 rows=517 loops=1)
                    Filter: (keyword_id = 4196)
                    Rows Removed by Filter: 4523413
              ->  Index Scan using title_pkey on title t  (cost=0.43..8.40 rows=1 width=4) (actual time=0.053..0.054 rows=0 loops=517)
                    Index Cond: (id = mk.movie_id)
                    Filter: ((kind_id < 7) AND (production_year > 2002))
                    Rows Removed by Filter: 1
Planning time: 1.254 ms
Execution time: 1935.381 ms
