Seq Scan on movie_keyword mk  (cost=0.00..81003.12 rows=2116446 width=0) (actual time=0.021..1320.117 rows=2114184 loops=1)
  Filter: (keyword_id > 5639)
  Rows Removed by Filter: 2409746
Planning time: 0.351 ms
Execution time: 1564.620 ms
