Seq Scan on movie_keyword mk  (cost=0.00..81003.12 rows=3207288 width=12) (actual time=0.022..1454.619 rows=3195952 loops=1)
  Filter: (keyword_id > 1733)
  Rows Removed by Filter: 1327978
Planning time: 0.298 ms
Execution time: 1659.692 ms
