Hash Join  (cost=105515.80..1635223.30 rows=30166736 width=0) (actual time=2460.768..48954.168 rows=31550655 loops=1)
  Hash Cond: (ci.movie_id = t.id)
  ->  Seq Scan on cast_info ci  (cost=0.00..796071.18 rows=33009991 width=4) (actual time=0.024..20502.402 rows=33158582 loops=1)
        Filter: ((person_id < 3511173) AND (role_id < 11))
        Rows Removed by Filter: 3085762
  ->  Hash  (cost=67604.59..67604.59 rows=2310737 width=4) (actual time=2459.880..2459.880 rows=2304707 loops=1)
        Buckets: 131072  Batches: 32  Memory Usage: 3559kB
        ->  Seq Scan on title t  (cost=0.00..67604.59 rows=2310737 width=4) (actual time=0.022..1435.538 rows=2304707 loops=1)
              Filter: (production_year > 1944)
              Rows Removed by Filter: 223605
Planning time: 0.806 ms
Execution time: 52366.002 ms
