Seq Scan on cast_info ci  (cost=0.00..705507.15 rows=12989825 width=0) (actual time=0.014..12382.581 rows=12945033 loops=1)
  Filter: (person_id < 1279048)
  Rows Removed by Filter: 23299311
Planning time: 0.322 ms
Execution time: 14003.131 ms
