Hash Join  (cost=94574.69..193772.99 rows=399574 width=0) (actual time=2441.952..3892.932 rows=86171 loops=1)
  Hash Cond: (mk.movie_id = t.id)
  ->  Seq Scan on movie_keyword mk  (cost=0.00..81003.12 rows=802781 width=4) (actual time=0.016..1450.267 rows=803603 loops=1)
        Filter: (keyword_id < 777)
        Rows Removed by Filter: 3720327
  ->  Hash  (cost=73925.90..73925.90 rows=1258543 width=4) (actual time=1892.055..1892.055 rows=1221534 loops=1)
        Buckets: 131072  Batches: 32  Memory Usage: 2369kB
        ->  Seq Scan on title t  (cost=0.00..73925.90 rows=1258543 width=4) (actual time=0.027..1458.629 rows=1221534 loops=1)
              Filter: ((production_year < 2011) AND (kind_id = 7))
              Rows Removed by Filter: 1306778
Planning time: 0.761 ms
Execution time: 3902.316 ms
