Seq Scan on cast_info ci  (cost=0.00..705507.15 rows=500 width=0) (actual time=3397.341..10563.949 rows=20 loops=1)
  Filter: (person_id = 2672632)
  Rows Removed by Filter: 36244324
Planning time: 0.359 ms
Execution time: 10564.037 ms
