Seq Scan on cast_info ci  (cost=0.00..796071.18 rows=12536629 width=0) (actual time=0.022..15940.859 rows=7979802 loops=1)
  Filter: ((person_id < 2866890) AND (role_id > 2))
  Rows Removed by Filter: 28264542
Planning time: 0.413 ms
Execution time: 16929.537 ms
