Hash Join  (cost=102767.86..789299.97 rows=13731821 width=0) (actual time=1964.096..20317.647 rows=13769730 loops=1)
  Hash Cond: (mi.movie_id = t.id)
  ->  Seq Scan on movie_info mi  (cost=0.00..346232.03 rows=13731821 width=4) (actual time=0.011..6510.991 rows=13769730 loops=1)
        Filter: (info_type_id < 76)
        Rows Removed by Filter: 1065990
  ->  Hash  (cost=61283.27..61283.27 rows=2528527 width=4) (actual time=1962.931..1962.931 rows=2528312 loops=1)
        Buckets: 131072  Batches: 64  Memory Usage: 2425kB
        ->  Seq Scan on title t  (cost=0.00..61283.27 rows=2528527 width=4) (actual time=0.013..1084.250 rows=2528312 loops=1)
Planning time: 0.818 ms
Execution time: 21953.440 ms
