Hash Join  (cost=69484.36..556415.10 rows=667681 width=0) (actual time=1051.535..13016.492 rows=882915 loops=1)
  Hash Cond: (mi.movie_id = t.id)
  ->  Seq Scan on movie_info mi  (cost=0.00..309384.22 rows=14739122 width=4) (actual time=0.010..6356.913 rows=14835720 loops=1)
  ->  Hash  (cost=67604.59..67604.59 rows=114542 width=4) (actual time=1050.760..1050.760 rows=118234 loops=1)
        Buckets: 131072  Batches: 2  Memory Usage: 3107kB
        ->  Seq Scan on title t  (cost=0.00..67604.59 rows=114542 width=4) (actual time=353.536..1012.463 rows=118234 loops=1)
              Filter: (kind_id = 4)
              Rows Removed by Filter: 2410078
Planning time: 0.856 ms
Execution time: 13128.523 ms
