Hash Join  (cost=546254.92..1806463.87 rows=8815573 width=0) (actual time=13391.903..49335.235 rows=21323846 loops=1)
  Hash Cond: (ci.movie_id = t.id)
  ->  Seq Scan on cast_info ci  (cost=0.00..614943.12 rows=36225612 width=4) (actual time=0.023..13684.571 rows=36244344 loops=1)
  ->  Hash  (cost=536159.39..536159.39 rows=615322 width=8) (actual time=13389.597..13389.597 rows=1330231 loops=1)
        Buckets: 131072 (originally 131072)  Batches: 32 (originally 16)  Memory Usage: 3073kB
        ->  Hash Join  (cost=70218.80..536159.39 rows=615322 width=8) (actual time=997.886..12969.806 rows=1330231 loops=1)
              Hash Cond: (mi.movie_id = t.id)
              ->  Seq Scan on movie_info mi  (cost=0.00..346232.03 rows=9767026 width=4) (actual time=0.026..6773.167 rows=9911754 loops=1)
                    Filter: (info_type_id > 4)
                    Rows Removed by Filter: 4923966
              ->  Hash  (cost=67604.59..67604.59 rows=159297 width=4) (actual time=997.072..997.072 rows=164184 loops=1)
                    Buckets: 131072  Batches: 4  Memory Usage: 2470kB
                    ->  Seq Scan on title t  (cost=0.00..67604.59 rows=159297 width=4) (actual time=0.347..945.491 rows=164184 loops=1)
                          Filter: (production_year < 1950)
                          Rows Removed by Filter: 2364128
Planning time: 1.363 ms
Execution time: 51573.725 ms
