Hash Join  (cost=132225.24..1534523.75 rows=1288441 width=186) (actual time=2910.633..32658.963 rows=1857233 loops=1)
  Hash Cond: (ci.movie_id = t.id)
  ->  Seq Scan on cast_info ci  (cost=0.00..614943.12 rows=36225612 width=42) (actual time=0.007..9590.512 rows=36244344 loops=1)
  ->  Hash  (cost=129256.09..129256.09 rows=89932 width=144) (actual time=2910.023..2910.023 rows=54660 loops=1)
        Buckets: 32768  Batches: 8  Memory Usage: 1190kB
        ->  Hash Join  (cost=72078.29..129256.09 rows=89932 width=144) (actual time=1794.205..2870.813 rows=54660 loops=1)
              Hash Cond: (mi_idx.movie_id = t.id)
              ->  Seq Scan on movie_info_idx mi_idx  (cost=0.00..21735.35 rows=1380035 width=50) (actual time=0.020..345.507 rows=1380035 loops=1)
              ->  Hash  (cost=67604.59..67604.59 rows=164776 width=94) (actual time=1793.527..1793.527 rows=164307 loops=1)
                    Buckets: 32768  Batches: 8  Memory Usage: 2588kB
                    ->  Seq Scan on title t  (cost=0.00..67604.59 rows=164776 width=94) (actual time=0.013..1034.390 rows=164307 loops=1)
                          Filter: (production_year = 2012)
                          Rows Removed by Filter: 2364005
Planning time: 1.422 ms
Execution time: 32765.176 ms
