Seq Scan on cast_info ci  (cost=0.00..705507.15 rows=14312947 width=0) (actual time=0.012..12048.021 rows=14248918 loops=1)
  Filter: (person_id < 1402972)
  Rows Removed by Filter: 21995426
Planning time: 0.196 ms
Execution time: 13874.090 ms
