Hash Join  (cost=163519.01..960590.10 rows=1728 width=0) (actual time=7871.209..14333.058 rows=1479 loops=1)
  Hash Cond: (ci.movie_id = t.id)
  ->  Seq Scan on cast_info ci  (cost=0.00..796071.18 rows=49726 width=4) (actual time=4637.858..10953.025 rows=143170 loops=1)
        Filter: ((person_id > 4039477) AND (role_id > 2))
        Rows Removed by Filter: 36101174
  ->  Hash  (cost=162076.60..162076.60 rows=87873 width=8) (actual time=3231.684..3231.684 rows=14899 loops=1)
        Buckets: 131072  Batches: 2  Memory Usage: 1327kB
        ->  Hash Join  (cost=74539.83..162076.60 rows=87873 width=8) (actual time=1332.659..3223.405 rows=14899 loops=1)
              Hash Cond: (mk.movie_id = t.id)
              ->  Seq Scan on movie_keyword mk  (cost=0.00..69693.30 rows=4523930 width=4) (actual time=0.028..1019.619 rows=4523930 loops=1)
              ->  Hash  (cost=73925.90..73925.90 rows=49114 width=4) (actual time=1332.216..1332.216 rows=45321 loops=1)
                    Buckets: 65536  Batches: 1  Memory Usage: 2106kB
                    ->  Seq Scan on title t  (cost=0.00..73925.90 rows=49114 width=4) (actual time=0.036..1313.338 rows=45321 loops=1)
                          Filter: ((kind_id > 1) AND (production_year > 2012))
                          Rows Removed by Filter: 2482991
Planning time: 1.221 ms
Execution time: 14333.428 ms
