Hash Join  (cost=119928.41..877750.27 rows=191979 width=0) (actual time=7977.683..17564.758 rows=573014 loops=1)
  Hash Cond: (ci.movie_id = t.id)
  ->  Seq Scan on cast_info ci  (cost=0.00..705507.15 rows=4320508 width=4) (actual time=5640.353..12988.671 rows=4323018 loops=1)
        Filter: (role_id = 10)
        Rows Removed by Filter: 31921326
  ->  Hash  (cost=118084.99..118084.99 rows=112354 width=8) (actual time=2336.379..2336.379 rows=51879 loops=1)
        Buckets: 131072  Batches: 2  Memory Usage: 2038kB
        ->  Hash Join  (cost=84037.34..118084.99 rows=112354 width=8) (actual time=1674.628..2318.744 rows=51879 loops=1)
              Hash Cond: (mi_idx.movie_id = t.id)
              ->  Seq Scan on movie_info_idx mi_idx  (cost=0.00..25185.44 rows=460978 width=4) (actual time=0.035..479.180 rows=459925 loops=1)
                    Filter: (info_type_id = 99)
                    Rows Removed by Filter: 920110
              ->  Hash  (cost=73925.90..73925.90 rows=616275 width=4) (actual time=1506.412..1506.412 rows=676927 loops=1)
                    Buckets: 131072  Batches: 16  Memory Usage: 2516kB
                    ->  Seq Scan on title t  (cost=0.00..73925.90 rows=616275 width=4) (actual time=0.020..1282.345 rows=676927 loops=1)
                          Filter: ((production_year > 2005) AND (kind_id = 7))
                          Rows Removed by Filter: 1851385
Planning time: 1.957 ms
Execution time: 17635.579 ms
