Seq Scan on title t  (cost=0.00..73925.90 rows=624451 width=0) (actual time=0.018..1082.710 rows=521141 loops=1)
  Filter: ((production_year < 2000) AND (kind_id = 7))
  Rows Removed by Filter: 2007171
Planning time: 6.713 ms
Execution time: 1148.118 ms
