Hash Join  (cost=201023.78..1251030.43 rows=1577244 width=0) (actual time=3884.466..28992.324 rows=1266310 loops=1)
  Hash Cond: (ci.movie_id = t.id)
  ->  Seq Scan on cast_info ci  (cost=0.00..614943.12 rows=36225612 width=4) (actual time=0.022..12813.609 rows=36244344 loops=1)
  ->  Hash  (cost=199216.64..199216.64 rows=110091 width=8) (actual time=3883.439..3883.439 rows=33301 loops=1)
        Buckets: 131072  Batches: 2  Memory Usage: 1667kB
        ->  Hash Join  (cost=75195.76..199216.64 rows=110091 width=8) (actual time=2584.194..3871.529 rows=33301 loops=1)
              Hash Cond: (mk.movie_id = t.id)
              ->  Seq Scan on movie_keyword mk  (cost=0.00..81003.12 rows=3598894 width=4) (actual time=0.015..1734.493 rows=3605668 loops=1)
                    Filter: (keyword_id < 20330)
                    Rows Removed by Filter: 918262
              ->  Hash  (cost=73925.90..73925.90 rows=77348 width=4) (actual time=1060.388..1060.388 rows=84109 loops=1)
                    Buckets: 131072  Batches: 2  Memory Usage: 2515kB
                    ->  Seq Scan on title t  (cost=0.00..73925.90 rows=77348 width=4) (actual time=0.039..1028.102 rows=84109 loops=1)
                          Filter: ((kind_id = 7) AND (production_year = 2008))
                          Rows Removed by Filter: 2444203
Planning time: 4.200 ms
Execution time: 29151.362 ms
