Hash Join  (cost=128659.30..474958.73 rows=14 width=0) (actual time=2651.546..7571.678 rows=679 loops=1)
  Hash Cond: (mi.movie_id = t.id)
  ->  Seq Scan on movie_info mi  (cost=0.00..346232.03 rows=17937 width=4) (actual time=499.004..5403.052 rows=140065 loops=1)
        Filter: (info_type_id = 9)
        Rows Removed by Filter: 14695655
  ->  Hash  (cost=128634.79..128634.79 rows=1961 width=8) (actual time=2145.013..2145.013 rows=4548 loops=1)
        Buckets: 8192 (originally 2048)  Batches: 1 (originally 1)  Memory Usage: 242kB
        ->  Hash Join  (cost=73949.65..128634.79 rows=1961 width=8) (actual time=1071.077..2142.885 rows=4548 loops=1)
              Hash Cond: (mc.movie_id = t.id)
              ->  Seq Scan on movie_companies mc  (cost=0.00..44881.29 rows=2609129 width=4) (actual time=0.019..719.690 rows=2609129 loops=1)
              ->  Hash  (cost=73925.90..73925.90 rows=1900 width=4) (actual time=902.796..902.796 rows=2295 loops=1)
                    Buckets: 4096 (originally 2048)  Batches: 1 (originally 1)  Memory Usage: 113kB
                    ->  Seq Scan on title t  (cost=0.00..73925.90 rows=1900 width=4) (actual time=0.086..901.502 rows=2295 loops=1)
                          Filter: ((kind_id = 3) AND (production_year = 1998))
                          Rows Removed by Filter: 2526017
Planning time: 1.565 ms
Execution time: 7572.014 ms
