Hash Join  (cost=109435.59..296066.86 rows=2756732 width=106) (actual time=3896.912..5956.098 rows=645461 loops=1)
  Hash Cond: (mk.movie_id = t.id)
  ->  Seq Scan on movie_keyword mk  (cost=0.00..69693.30 rows=4523930 width=12) (actual time=0.015..1031.093 rows=4523930 loops=1)
  ->  Hash  (cost=67604.59..67604.59 rows=1540800 width=94) (actual time=1839.312..1839.312 rows=1543264 loops=1)
        Buckets: 32768  Batches: 64  Memory Usage: 3017kB
        ->  Seq Scan on title t  (cost=0.00..67604.59 rows=1540800 width=94) (actual time=0.017..1184.513 rows=1543264 loops=1)
              Filter: (kind_id = 7)
              Rows Removed by Filter: 985048
Planning time: 0.919 ms
Execution time: 5992.819 ms
