Hash Join  (cost=247782.77..831425.06 rows=8004748 width=0) (actual time=6463.045..60980.320 rows=180359074 loops=1)
  Hash Cond: (mi.movie_id = t.id)
  ->  Seq Scan on movie_info mi  (cost=0.00..309384.22 rows=14739122 width=4) (actual time=0.012..6630.265 rows=14835720 loops=1)
  ->  Hash  (cost=225252.38..225252.38 rows=1373231 width=8) (actual time=6462.035..6462.035 rows=2726392 loops=1)
        Buckets: 131072 (originally 131072)  Batches: 64 (originally 32)  Memory Usage: 3073kB
        ->  Hash Join  (cost=86519.03..225252.38 rows=1373231 width=8) (actual time=1588.240..5694.208 rows=2726392 loops=1)
              Hash Cond: (mk.movie_id = t.id)
              ->  Seq Scan on movie_keyword mk  (cost=0.00..69693.30 rows=4523930 width=4) (actual time=0.040..1436.577 rows=4523930 loops=1)
              ->  Hash  (cost=73925.90..73925.90 rows=767530 width=4) (actual time=1586.990..1586.990 rows=677132 loops=1)
                    Buckets: 131072  Batches: 16  Memory Usage: 2520kB
                    ->  Seq Scan on title t  (cost=0.00..73925.90 rows=767530 width=4) (actual time=0.026..1370.806 rows=677132 loops=1)
                          Filter: ((kind_id < 7) AND (production_year > 1978))
                          Rows Removed by Filter: 1851180
Planning time: 1.230 ms
Execution time: 81069.507 ms
