Hash Join  (cost=102767.86..174998.19 rows=183840 width=0) (actual time=2012.324..3256.688 rows=80741 loops=1)
  Hash Cond: (mc.movie_id = t.id)
  ->  Seq Scan on movie_companies mc  (cost=0.00..57926.93 rows=183840 width=4) (actual time=113.786..869.216 rows=80741 loops=1)
        Filter: ((company_id < 181) AND (company_type_id = 2))
        Rows Removed by Filter: 2528388
  ->  Hash  (cost=61283.27..61283.27 rows=2528527 width=4) (actual time=1897.301..1897.301 rows=2528312 loops=1)
        Buckets: 131072  Batches: 64  Memory Usage: 2415kB
        ->  Seq Scan on title t  (cost=0.00..61283.27 rows=2528527 width=4) (actual time=0.021..1047.628 rows=2528312 loops=1)
Planning time: 2.792 ms
Execution time: 3266.691 ms
