Hash Join  (cost=709678.15..800284.79 rows=506 width=0) (actual time=11776.634..13115.390 rows=9 loops=1)
  Hash Cond: (mk.movie_id = t.id)
  ->  Seq Scan on movie_keyword mk  (cost=0.00..81003.12 rows=2559587 width=4) (actual time=0.019..1551.781 rows=2550201 loops=1)
        Filter: (keyword_id < 6427)
        Rows Removed by Filter: 1973729
  ->  Hash  (cost=709671.90..709671.90 rows=500 width=8) (actual time=11188.145..11188.145 rows=686 loops=1)
        Buckets: 1024  Batches: 1  Memory Usage: 35kB
        ->  Nested Loop  (cost=0.43..709671.90 rows=500 width=8) (actual time=4658.169..11187.853 rows=686 loops=1)
              ->  Seq Scan on cast_info ci  (cost=0.00..705507.15 rows=500 width=4) (actual time=4657.963..11177.457 rows=686 loops=1)
                    Filter: (person_id = 2334093)
                    Rows Removed by Filter: 36243658
              ->  Index Only Scan using title_pkey on title t  (cost=0.43..8.32 rows=1 width=4) (actual time=0.014..0.014 rows=1 loops=686)
                    Index Cond: (id = ci.movie_id)
                    Heap Fetches: 686
Planning time: 1.102 ms
Execution time: 13115.489 ms
