Seq Scan on movie_keyword mk  (cost=0.00..81003.12 rows=246 width=0) (actual time=4.956..1253.482 rows=300 loops=1)
  Filter: (keyword_id = 8720)
  Rows Removed by Filter: 4523630
Planning time: 0.391 ms
Execution time: 1253.743 ms
