Hash Join  (cost=225270.24..830583.00 rows=10035693 width=0) (actual time=6017.892..32392.341 rows=53207878 loops=1)
  Hash Cond: (mi.movie_id = t.id)
  ->  Seq Scan on movie_info mi  (cost=0.00..309384.22 rows=14739122 width=4) (actual time=0.004..5992.102 rows=14835720 loops=1)
  ->  Hash  (cost=197023.69..197023.69 rows=1721644 width=8) (actual time=6016.584..6016.584 rows=1954214 loops=1)
        Buckets: 131072  Batches: 32  Memory Usage: 3461kB
        ->  Hash Join  (cost=94978.31..197023.69 rows=1721644 width=8) (actual time=1774.126..5369.693 rows=1954214 loops=1)
              Hash Cond: (mc.movie_id = t.id)
              ->  Seq Scan on movie_companies mc  (cost=0.00..44881.29 rows=2609129 width=4) (actual time=0.019..836.948 rows=2609129 loops=1)
              ->  Hash  (cost=67604.59..67604.59 rows=1668458 width=4) (actual time=1772.775..1772.775 rows=1671292 loops=1)
                    Buckets: 131072  Batches: 32  Memory Usage: 2858kB
                    ->  Seq Scan on title t  (cost=0.00..67604.59 rows=1668458 width=4) (actual time=0.011..1239.907 rows=1671292 loops=1)
                          Filter: (production_year < 2008)
                          Rows Removed by Filter: 857020
Planning time: 0.755 ms
Execution time: 38473.395 ms
