Seq Scan on title t  (cost=0.00..67604.59 rows=2093789 width=0) (actual time=0.021..1276.569 rows=2089788 loops=1)
  Filter: (production_year > 1969)
  Rows Removed by Filter: 438524
Planning time: 0.339 ms
Execution time: 1543.307 ms
