Seq Scan on title t  (cost=0.00..73925.90 rows=656495 width=0) (actual time=83.609..1252.262 rows=556797 loops=1)
  Filter: ((production_year < 2001) AND (kind_id = 7))
  Rows Removed by Filter: 1971515
Planning time: 0.416 ms
Execution time: 1323.319 ms
