Seq Scan on movie_keyword mk  (cost=0.00..81003.12 rows=246 width=12) (actual time=1.209..977.107 rows=2885 loops=1)
  Filter: (keyword_id = 2102)
  Rows Removed by Filter: 4521045
Planning time: 0.352 ms
Execution time: 977.406 ms
