Seq Scan on movie_keyword mk  (cost=0.00..81003.12 rows=277316 width=0) (actual time=0.024..1351.691 rows=297845 loops=1)
  Filter: (keyword_id < 245)
  Rows Removed by Filter: 4226085
Planning time: 0.337 ms
Execution time: 1391.056 ms
