Seq Scan on cast_info ci  (cost=0.00..796071.18 rows=3734256 width=0) (actual time=0.033..15786.564 rows=4008037 loops=1)
  Filter: ((person_id < 3586649) AND (role_id = 3))
  Rows Removed by Filter: 32236307
Planning time: 0.353 ms
Execution time: 16303.501 ms
