Hash Join  (cost=78556.72..1127126.23 rows=4645008 width=0) (actual time=1268.601..28589.047 rows=5733895 loops=1)
  Hash Cond: (ci.movie_id = t.id)
  ->  Seq Scan on cast_info ci  (cost=0.00..796071.18 rows=17594731 width=4) (actual time=2.230..16329.359 rows=19232808 loops=1)
        Filter: ((person_id < 2016801) AND (role_id < 10))
        Rows Removed by Filter: 17011536
  ->  Hash  (cost=67604.59..67604.59 rows=667531 width=4) (actual time=1248.903..1248.903 rows=662825 loops=1)
        Buckets: 131072  Batches: 16  Memory Usage: 2476kB
        ->  Seq Scan on title t  (cost=0.00..67604.59 rows=667531 width=4) (actual time=1.315..1042.735 rows=662825 loops=1)
              Filter: (kind_id = 1)
              Rows Removed by Filter: 1865487
Planning time: 0.820 ms
Execution time: 29262.609 ms
