Hash Join  (cost=185942.76..637852.26 rows=291303 width=0) (actual time=3565.848..12829.375 rows=1748021 loops=1)
  Hash Cond: (mi.movie_id = t.id)
  ->  Seq Scan on movie_info mi  (cost=0.00..346232.03 rows=8859586 width=4) (actual time=0.018..6053.029 rows=8966694 loops=1)
        Filter: (info_type_id < 15)
        Rows Removed by Filter: 5869026
  ->  Hash  (cost=184578.54..184578.54 rows=83138 width=8) (actual time=3428.840..3428.840 rows=68439 loops=1)
        Buckets: 131072  Batches: 2  Memory Usage: 2359kB
        ->  Hash Join  (cost=94666.80..184578.54 rows=83138 width=8) (actual time=1754.301..3405.752 rows=68439 loops=1)
              Hash Cond: (mk.movie_id = t.id)
              ->  Seq Scan on movie_keyword mk  (cost=0.00..81003.12 rows=127446 width=4) (actual time=0.019..1316.207 rows=124088 loops=1)
                    Filter: (keyword_id > 77338)
                    Rows Removed by Filter: 4399842
              ->  Hash  (cost=67604.59..67604.59 rows=1649457 width=4) (actual time=1750.984..1750.984 rows=1643514 loops=1)
                    Buckets: 131072  Batches: 32  Memory Usage: 2839kB
                    ->  Seq Scan on title t  (cost=0.00..67604.59 rows=1649457 width=4) (actual time=0.023..1197.016 rows=1643514 loops=1)
                          Filter: (production_year > 1994)
                          Rows Removed by Filter: 884798
Planning time: 1.247 ms
Execution time: 13037.520 ms
