Hash Join  (cost=955167.36..1103886.30 rows=2192890 width=0) (actual time=20992.638..30827.592 rows=27081969 loops=1)
  Hash Cond: (mk.movie_id = t.id)
  ->  Seq Scan on movie_keyword mk  (cost=0.00..69693.30 rows=4523930 width=4) (actual time=0.014..1331.531 rows=4523930 loops=1)
  ->  Hash  (cost=935058.66..935058.66 rows=1225656 width=8) (actual time=20991.747..20991.747 rows=2225108 loops=1)
        Buckets: 131072  Batches: 32  Memory Usage: 3800kB
        ->  Hash Join  (cost=81720.25..935058.66 rows=1225656 width=8) (actual time=8624.880..20292.792 rows=2225108 loops=1)
              Hash Cond: (ci.movie_id = t.id)
              ->  Seq Scan on cast_info ci  (cost=0.00..796071.18 rows=3602046 width=4) (actual time=7129.729..13841.480 rows=6868862 loops=1)
                    Filter: ((person_id > 1812124) AND (role_id = 2))
                    Rows Removed by Filter: 29375482
              ->  Hash  (cost=67604.59..67604.59 rows=860373 width=4) (actual time=1494.422..1494.422 rows=854214 loops=1)
                    Buckets: 131072  Batches: 16  Memory Usage: 2897kB
                    ->  Seq Scan on title t  (cost=0.00..67604.59 rows=860373 width=4) (actual time=0.030..1228.655 rows=854214 loops=1)
                          Filter: (kind_id < 4)
                          Rows Removed by Filter: 1674098
Planning time: 1.273 ms
Execution time: 33935.938 ms
