Seq Scan on movie_keyword mk  (cost=0.00..81003.12 rows=4500273 width=0) (actual time=0.016..1519.337 rows=4503689 loops=1)
  Filter: (keyword_id < 117174)
  Rows Removed by Filter: 20241
Planning time: 0.350 ms
Execution time: 2060.227 ms
