Hash Join  (cost=73950.44..100871.63 rows=1071 width=0) (actual time=1216.357..1777.053 rows=5582 loops=1)
  Hash Cond: (mi_idx.movie_id = t.id)
  ->  Seq Scan on movie_info_idx mi_idx  (cost=0.00..21735.35 rows=1380035 width=4) (actual time=0.021..290.565 rows=1380035 loops=1)
  ->  Hash  (cost=73925.90..73925.90 rows=1963 width=4) (actual time=1215.520..1215.520 rows=4189 loops=1)
        Buckets: 8192 (originally 2048)  Batches: 1 (originally 1)  Memory Usage: 212kB
        ->  Seq Scan on title t  (cost=0.00..73925.90 rows=1963 width=4) (actual time=633.249..1213.454 rows=4189 loops=1)
              Filter: ((kind_id = 1) AND (production_year = 1981))
              Rows Removed by Filter: 2524123
Planning time: 0.812 ms
Execution time: 1778.032 ms
