Hash Join  (cost=58358.90..423017.80 rows=297 width=0) (actual time=1099.408..8178.563 rows=223865 loops=1)
  Hash Cond: (mi.movie_id = t.id)
  ->  Seq Scan on movie_info mi  (cost=0.00..309384.22 rows=14739122 width=4) (actual time=0.017..4156.243 rows=14835720 loops=1)
  ->  Hash  (cost=58358.27..58358.27 rows=51 width=8) (actual time=1099.166..1099.166 rows=1346 loops=1)
        Buckets: 2048 (originally 1024)  Batches: 1 (originally 1)  Memory Usage: 69kB
        ->  Nested Loop  (cost=0.43..58358.27 rows=51 width=8) (actual time=474.143..1098.408 rows=1346 loops=1)
              ->  Seq Scan on movie_companies mc  (cost=0.00..57926.93 rows=51 width=4) (actual time=474.044..1059.158 rows=1346 loops=1)
                    Filter: ((company_type_id < 2) AND (company_id = 530))
                    Rows Removed by Filter: 2607783
              ->  Index Only Scan using title_pkey on title t  (cost=0.43..8.45 rows=1 width=4) (actual time=0.028..0.028 rows=1 loops=1346)
                    Index Cond: (id = mc.movie_id)
                    Heap Fetches: 1346
Planning time: 1.582 ms
Execution time: 8208.684 ms
