Seq Scan on movie_keyword mk  (cost=0.00..81003.12 rows=246 width=0) (actual time=2.560..1140.043 rows=172 loops=1)
  Filter: (keyword_id = 14722)
  Rows Removed by Filter: 4523758
Planning time: 0.402 ms
Execution time: 1140.240 ms
