Seq Scan on movie_keyword mk  (cost=0.00..81003.12 rows=246 width=0) (actual time=1.243..1129.413 rows=2457 loops=1)
  Filter: (keyword_id = 2375)
  Rows Removed by Filter: 4521473
Planning time: 0.415 ms
Execution time: 1130.111 ms
