Hash Join  (cost=514961.82..609426.86 rows=1408352 width=0) (actual time=9752.054..12816.699 rows=3193864 loops=1)
  Hash Cond: (mc.movie_id = t.id)
  ->  Seq Scan on movie_companies mc  (cost=0.00..44881.29 rows=2609129 width=4) (actual time=0.016..983.117 rows=2609129 loops=1)
  ->  Hash  (cost=492569.26..492569.26 rows=1364845 width=8) (actual time=9750.778..9750.778 rows=1359308 loops=1)
        Buckets: 131072  Batches: 32  Memory Usage: 2674kB
        ->  Hash Join  (cost=104131.46..492569.26 rows=1364845 width=8) (actual time=4401.675..9420.898 rows=1359308 loops=1)
              Hash Cond: (mi.movie_id = t.id)
              ->  Seq Scan on movie_info mi  (cost=0.00..346232.03 rows=1550064 width=4) (actual time=2193.392..5506.075 rows=1533909 loops=1)
                    Filter: (info_type_id = 3)
                    Rows Removed by Filter: 13301811
              ->  Hash  (cost=67604.59..67604.59 rows=2226390 width=4) (actual time=2207.310..2207.310 rows=2224569 loops=1)
                    Buckets: 131072  Batches: 32  Memory Usage: 3472kB
                    ->  Seq Scan on title t  (cost=0.00..67604.59 rows=2226390 width=4) (actual time=0.017..1463.359 rows=2224569 loops=1)
                          Filter: (production_year < 2012)
                          Rows Removed by Filter: 303743
Planning time: 1.112 ms
Execution time: 13136.692 ms
