Nested Loop  (cost=0.43..28266.72 rows=1 width=0) (actual time=49.370..411.060 rows=2 loops=1)
  ->  Seq Scan on movie_info_idx mi_idx  (cost=0.00..25185.44 rows=368 width=4) (actual time=47.393..399.076 rows=260 loops=1)
        Filter: (info_type_id > 101)
        Rows Removed by Filter: 1379775
  ->  Index Scan using title_pkey on title t  (cost=0.43..8.36 rows=1 width=4) (actual time=0.046..0.046 rows=0 loops=260)
        Index Cond: (id = mi_idx.movie_id)
        Filter: (production_year = 1992)
        Rows Removed by Filter: 1
Planning time: 0.865 ms
Execution time: 411.182 ms
