Hash Join  (cost=102164.69..500017.15 rows=450064 width=169) (actual time=2567.163..8649.410 rows=101726 loops=1)
  Hash Cond: (mi.movie_id = t.id)
  ->  Seq Scan on movie_info mi  (cost=0.00..346232.03 rows=1094079 width=75) (actual time=242.407..5165.339 rows=1154311 loops=1)
        Filter: (info_type_id > 50)
        Rows Removed by Filter: 13681409
  ->  Hash  (cost=73925.90..73925.90 rows=1040143 width=94) (actual time=2184.489..2184.489 rows=1134228 loops=1)
        Buckets: 32768  Batches: 64  Memory Usage: 2282kB
        ->  Seq Scan on title t  (cost=0.00..73925.90 rows=1040143 width=94) (actual time=261.145..1415.040 rows=1134228 loops=1)
              Filter: ((production_year > 1992) AND (kind_id = 7))
              Rows Removed by Filter: 1394084
Planning time: 1.145 ms
Execution time: 8655.289 ms
