Hash Join  (cost=101489.21..728177.89 rows=12039085 width=0) (actual time=2092.323..20506.902 rows=13052852 loops=1)
  Hash Cond: (mi.movie_id = t.id)
  ->  Seq Scan on movie_info mi  (cost=0.00..309384.22 rows=14739122 width=4) (actual time=0.010..6442.798 rows=14835720 loops=1)
  ->  Hash  (cost=67604.59..67604.59 rows=2065330 width=4) (actual time=2090.994..2090.994 rows=2064552 loops=1)
        Buckets: 131072  Batches: 32  Memory Usage: 3298kB
        ->  Seq Scan on title t  (cost=0.00..67604.59 rows=2065330 width=4) (actual time=0.021..1394.553 rows=2064552 loops=1)
              Filter: (production_year < 2011)
              Rows Removed by Filter: 463760
Planning time: 0.798 ms
Execution time: 22020.519 ms
