Hash Join  (cost=97066.09..1488656.33 rows=24216887 width=0) (actual time=2038.113..45378.150 rows=23890035 loops=1)
  Hash Cond: (ci.movie_id = t.id)
  ->  Seq Scan on cast_info ci  (cost=0.00..705507.15 rows=34099444 width=4) (actual time=0.021..16708.149 rows=34179233 loops=1)
        Filter: (person_id > 202742)
        Rows Removed by Filter: 2065111
  ->  Hash  (cost=67604.59..67604.59 rows=1795720 width=4) (actual time=2037.091..2037.091 rows=1794153 loops=1)
        Buckets: 131072  Batches: 32  Memory Usage: 2992kB
        ->  Seq Scan on title t  (cost=0.00..67604.59 rows=1795720 width=4) (actual time=0.023..1424.915 rows=1794153 loops=1)
              Filter: (production_year < 2009)
              Rows Removed by Filter: 734159
Planning time: 0.778 ms
Execution time: 48071.348 ms
