Hash Join  (cost=94616.01..149295.33 rows=1378 width=0) (actual time=1569.946..2721.336 rows=4679 loops=1)
  Hash Cond: (mc.movie_id = t.id)
  ->  Seq Scan on movie_companies mc  (cost=0.00..44881.29 rows=2609129 width=4) (actual time=0.030..662.183 rows=2609129 loops=1)
  ->  Hash  (cost=94599.31..94599.31 rows=1336 width=8) (actual time=1569.549..1569.549 rows=1281 loops=1)
        Buckets: 2048  Batches: 1  Memory Usage: 67kB
        ->  Hash Join  (cost=67697.55..94599.31 rows=1336 width=8) (actual time=1014.607..1568.776 rows=1281 loops=1)
              Hash Cond: (mi_idx.movie_id = t.id)
              ->  Seq Scan on movie_info_idx mi_idx  (cost=0.00..25185.44 rows=454124 width=4) (actual time=0.019..468.175 rows=459925 loops=1)
                    Filter: (info_type_id = 100)
                    Rows Removed by Filter: 920110
              ->  Hash  (cost=67604.59..67604.59 rows=7437 width=4) (actual time=1012.438..1012.438 rows=5663 loops=1)
                    Buckets: 8192  Batches: 1  Memory Usage: 264kB
                    ->  Seq Scan on title t  (cost=0.00..67604.59 rows=7437 width=4) (actual time=0.102..1009.484 rows=5663 loops=1)
                          Filter: (production_year = 1951)
                          Rows Removed by Filter: 2522649
Planning time: 10.340 ms
Execution time: 2722.338 ms
