Seq Scan on title t  (cost=0.00..67604.59 rows=1553611 width=94) (actual time=0.022..1469.303 rows=1555864 loops=1)
  Filter: (kind_id > 4)
  Rows Removed by Filter: 972448
Planning time: 0.433 ms
Execution time: 1560.519 ms
