Nested Loop  (cost=0.43..83071.67 rows=246 width=0) (actual time=0.516..1130.790 rows=1790 loops=1)
  ->  Seq Scan on movie_keyword mk  (cost=0.00..81003.12 rows=246 width=4) (actual time=0.451..1063.825 rows=1790 loops=1)
        Filter: (keyword_id = 5882)
        Rows Removed by Filter: 4522140
  ->  Index Only Scan using title_pkey on title t  (cost=0.43..8.40 rows=1 width=4) (actual time=0.036..0.036 rows=1 loops=1790)
        Index Cond: (id = mk.movie_id)
        Heap Fetches: 1790
Planning time: 0.759 ms
Execution time: 1131.433 ms
