Hash Join  (cost=100882.53..834353.33 rows=59520 width=0) (actual time=9218.210..17613.961 rows=103921 loops=1)
  Hash Cond: (ci.movie_id = t.id)
  ->  Seq Scan on cast_info ci  (cost=0.00..705507.15 rows=7298253 width=4) (actual time=6992.482..13721.154 rows=7451973 loops=1)
        Filter: (role_id = 2)
        Rows Removed by Filter: 28792371
  ->  Hash  (cost=100624.76..100624.76 rows=20621 width=8) (actual time=2225.436..2225.436 rows=19339 loops=1)
        Buckets: 32768  Batches: 1  Memory Usage: 1012kB
        ->  Hash Join  (cost=69460.45..100624.76 rows=20621 width=8) (actual time=1509.001..2218.520 rows=19339 loops=1)
              Hash Cond: (mi_idx.movie_id = t.id)
              ->  Seq Scan on movie_info_idx mi_idx  (cost=0.00..25185.44 rows=460978 width=4) (actual time=0.016..512.888 rows=459925 loops=1)
                    Filter: (info_type_id < 100)
                    Rows Removed by Filter: 920110
              ->  Hash  (cost=67604.59..67604.59 rows=113109 width=4) (actual time=1508.099..1508.099 rows=119565 loops=1)
                    Buckets: 131072  Batches: 2  Memory Usage: 3115kB
                    ->  Seq Scan on title t  (cost=0.00..67604.59 rows=113109 width=4) (actual time=0.023..1219.941 rows=119565 loops=1)
                          Filter: (production_year = 2007)
                          Rows Removed by Filter: 2408747
Planning time: 0.859 ms
Execution time: 17630.343 ms
