Hash Join  (cost=453860.87..1543441.19 rows=5429622 width=0) (actual time=8212.011..43304.297 rows=11288678 loops=1)
  Hash Cond: (ci.movie_id = t.id)
  ->  Seq Scan on cast_info ci  (cost=0.00..614943.12 rows=36225612 width=4) (actual time=0.015..13612.575 rows=36244344 loops=1)
  ->  Hash  (cost=447642.57..447642.57 rows=378984 width=8) (actual time=8211.106..8211.106 rows=713253 loops=1)
        Buckets: 131072 (originally 131072)  Batches: 16 (originally 8)  Memory Usage: 3073kB
        ->  Hash Join  (cost=80042.24..447642.57 rows=378984 width=8) (actual time=5126.024..7993.229 rows=713253 loops=1)
              Hash Cond: (mi.movie_id = t.id)
              ->  Seq Scan on movie_info mi  (cost=0.00..346232.03 rows=1264125 width=4) (actual time=3720.705..5598.450 rows=1288928 loops=1)
                    Filter: (info_type_id = 2)
                    Rows Removed by Filter: 13546792
              ->  Hash  (cost=67604.59..67604.59 rows=758052 width=4) (actual time=1404.393..1404.393 rows=753677 loops=1)
                    Buckets: 131072  Batches: 16  Memory Usage: 2686kB
                    ->  Seq Scan on title t  (cost=0.00..67604.59 rows=758052 width=4) (actual time=0.024..1152.743 rows=753677 loops=1)
                          Filter: (kind_id < 3)
                          Rows Removed by Filter: 1774635
Planning time: 2.052 ms
Execution time: 44602.316 ms
