Hash Join  (cost=205939.81..321518.36 rows=674303 width=184) (actual time=3874.219..6065.221 rows=715089 loops=1)
  Hash Cond: (mc.movie_id = t.id)
  ->  Seq Scan on movie_companies mc  (cost=0.00..44881.29 rows=2609129 width=40) (actual time=0.018..612.867 rows=2609129 loops=1)
  ->  Hash  (cost=184369.41..184369.41 rows=653472 width=144) (actual time=3739.062..3739.062 rows=356616 loops=1)
        Buckets: 32768  Batches: 32  Memory Usage: 1843kB
        ->  Hash Join  (cost=106431.21..184369.41 rows=653472 width=144) (actual time=1775.794..3536.168 rows=356616 loops=1)
              Hash Cond: (mi_idx.movie_id = t.id)
              ->  Seq Scan on movie_info_idx mi_idx  (cost=0.00..21735.35 rows=1380035 width=50) (actual time=0.014..310.846 rows=1380035 loops=1)
              ->  Hash  (cost=73925.90..73925.90 rows=1197304 width=94) (actual time=1774.071..1774.071 rows=1285057 loops=1)
                    Buckets: 32768  Batches: 64  Memory Usage: 2549kB
                    ->  Seq Scan on title t  (cost=0.00..73925.90 rows=1197304 width=94) (actual time=0.006..1249.574 rows=1285057 loops=1)
                          Filter: ((production_year > 1978) AND (kind_id = 7))
                          Rows Removed by Filter: 1243255
Planning time: 8.768 ms
Execution time: 6106.279 ms
