Hash Join  (cost=88359.31..209039.89 rows=1049037 width=0) (actual time=1648.503..4661.729 rows=1355727 loops=1)
  Hash Cond: (mk.movie_id = t.id)
  ->  Seq Scan on movie_keyword mk  (cost=0.00..81003.12 rows=2096822 width=4) (actual time=0.024..1514.576 rows=2106262 loops=1)
        Filter: (keyword_id < 3800)
        Rows Removed by Filter: 2417668
  ->  Hash  (cost=67604.59..67604.59 rows=1265018 width=4) (actual time=1646.693..1646.693 rows=1263700 loops=1)
        Buckets: 131072  Batches: 32  Memory Usage: 2418kB
        ->  Seq Scan on title t  (cost=0.00..67604.59 rows=1265018 width=4) (actual time=0.022..1220.322 rows=1263700 loops=1)
              Filter: (production_year < 2004)
              Rows Removed by Filter: 1264612
Planning time: 0.829 ms
Execution time: 4815.393 ms
