Hash Join  (cost=86956.38..132086.48 rows=433462 width=0) (actual time=1392.140..2760.310 rows=751670 loops=1)
  Hash Cond: (mi_idx.movie_id = t.id)
  ->  Seq Scan on movie_info_idx mi_idx  (cost=0.00..21735.35 rows=1380035 width=4) (actual time=0.013..446.960 rows=1380035 loops=1)
  ->  Hash  (cost=73925.90..73925.90 rows=794198 width=4) (actual time=1391.225..1391.225 rows=707863 loops=1)
        Buckets: 131072  Batches: 16  Memory Usage: 2579kB
        ->  Seq Scan on title t  (cost=0.00..73925.90 rows=794198 width=4) (actual time=0.016..1156.675 rows=707863 loops=1)
              Filter: ((kind_id < 7) AND (production_year > 1973))
              Rows Removed by Filter: 1820449
Planning time: 0.754 ms
Execution time: 2845.077 ms
