Hash Join  (cost=211206.85..763488.64 rows=6792386 width=0) (actual time=4953.284..26810.674 rows=33836217 loops=1)
  Hash Cond: (mi.movie_id = t.id)
  ->  Seq Scan on movie_info mi  (cost=0.00..309384.22 rows=14739122 width=4) (actual time=0.016..6084.790 rows=14835720 loops=1)
  ->  Hash  (cost=192089.25..192089.25 rows=1165248 width=8) (actual time=4952.487..4952.487 rows=1159281 loops=1)
        Buckets: 131072  Batches: 16  Memory Usage: 3886kB
        ->  Hash Join  (cost=102767.86..192089.25 rows=1165248 width=8) (actual time=2146.246..4579.876 rows=1159281 loops=1)
              Hash Cond: (mc.movie_id = t.id)
              ->  Seq Scan on movie_companies mc  (cost=0.00..51404.11 rows=1165248 width=4) (actual time=0.018..1025.851 rows=1159281 loops=1)
                    Filter: (company_id < 9471)
                    Rows Removed by Filter: 1449848
              ->  Hash  (cost=61283.27..61283.27 rows=2528527 width=4) (actual time=2144.862..2144.862 rows=2528312 loops=1)
                    Buckets: 131072  Batches: 64  Memory Usage: 2415kB
                    ->  Seq Scan on title t  (cost=0.00..61283.27 rows=2528527 width=4) (actual time=0.020..1310.511 rows=2528312 loops=1)
Planning time: 1.105 ms
Execution time: 30571.219 ms
