Seq Scan on movie_companies mc  (cost=0.00..57926.93 rows=675754 width=0) (actual time=43.663..973.119 rows=454368 loops=1)
  Filter: ((company_id > 11137) AND (company_type_id < 2))
  Rows Removed by Filter: 2154761
Planning time: 0.407 ms
Execution time: 1028.274 ms
