Seq Scan on movie_keyword mk  (cost=0.00..81003.12 rows=2195962 width=0) (actual time=0.024..1542.107 rows=2196111 loops=1)
  Filter: (keyword_id < 4372)
  Rows Removed by Filter: 2327819
Planning time: 0.366 ms
Execution time: 1808.581 ms
