Hash Join  (cost=172090.40..715505.76 rows=5961443 width=0) (actual time=4144.167..21060.651 rows=14492382 loops=1)
  Hash Cond: (mi.movie_id = t.id)
  ->  Seq Scan on movie_info mi  (cost=0.00..309384.22 rows=14739122 width=4) (actual time=0.011..6051.593 rows=14835720 loops=1)
  ->  Hash  (cost=155311.68..155311.68 rows=1022698 width=8) (actual time=4143.151..4143.151 rows=1004185 loops=1)
        Buckets: 131072  Batches: 16  Memory Usage: 3497kB
        ->  Hash Join  (cost=98347.17..155311.68 rows=1022698 width=8) (actual time=2087.110..3832.904 rows=1004185 loops=1)
              Hash Cond: (mi_idx.movie_id = t.id)
              ->  Seq Scan on movie_info_idx mi_idx  (cost=0.00..21735.35 rows=1380035 width=4) (actual time=0.020..474.779 rows=1380035 loops=1)
              ->  Hash  (cost=67604.59..67604.59 rows=1873807 width=4) (actual time=2085.830..2085.830 rows=1871198 loops=1)
                    Buckets: 131072  Batches: 32  Memory Usage: 3088kB
                    ->  Seq Scan on title t  (cost=0.00..67604.59 rows=1873807 width=4) (actual time=0.012..1482.329 rows=1871198 loops=1)
                          Filter: (production_year > 1984)
                          Rows Removed by Filter: 657114
Planning time: 1.184 ms
Execution time: 22673.912 ms
