Hash Join  (cost=80166.74..121421.32 rows=207610 width=0) (actual time=1345.441..2493.228 rows=472643 loops=1)
  Hash Cond: (mi_idx.movie_id = t.id)
  ->  Seq Scan on movie_info_idx mi_idx  (cost=0.00..21735.35 rows=1380035 width=4) (actual time=0.025..424.923 rows=1380035 loops=1)
  ->  Hash  (cost=73925.90..73925.90 rows=380387 width=4) (actual time=1344.431..1344.431 rows=484820 loops=1)
        Buckets: 131072  Batches: 8  Memory Usage: 3166kB
        ->  Seq Scan on title t  (cost=0.00..73925.90 rows=380387 width=4) (actual time=0.014..1190.291 rows=484820 loops=1)
              Filter: ((kind_id < 7) AND (production_year < 1999))
              Rows Removed by Filter: 2043492
Planning time: 0.784 ms
Execution time: 2539.623 ms
