Seq Scan on movie_companies mc  (cost=0.00..57926.93 rows=297717 width=0) (actual time=0.023..898.468 rows=434173 loops=1)
  Filter: ((company_id < 698) AND (company_type_id < 2))
  Rows Removed by Filter: 2174956
Planning time: 0.386 ms
Execution time: 952.760 ms
