Seq Scan on movie_keyword mk  (cost=0.00..81003.12 rows=4366534 width=0) (actual time=0.024..1663.125 rows=4370085 loops=1)
  Filter: (keyword_id < 73445)
  Rows Removed by Filter: 153845
Planning time: 0.374 ms
Execution time: 2199.479 ms
