Hash Join  (cost=86962.65..209329.15 rows=533713 width=106) (actual time=2065.466..4913.378 rows=725160 loops=1)
  Hash Cond: (mk.movie_id = t.id)
  ->  Seq Scan on movie_keyword mk  (cost=0.00..81003.12 rows=1892598 width=12) (actual time=0.018..1480.617 rows=1905665 loops=1)
        Filter: (keyword_id < 3266)
        Rows Removed by Filter: 2618265
  ->  Hash  (cost=67604.59..67604.59 rows=713045 width=94) (actual time=2063.652..2063.652 rows=707186 loops=1)
        Buckets: 32768  Batches: 32  Memory Usage: 2741kB
        ->  Seq Scan on title t  (cost=0.00..67604.59 rows=713045 width=94) (actual time=0.017..1133.289 rows=707186 loops=1)
              Filter: (production_year < 1991)
              Rows Removed by Filter: 1821126
Planning time: 0.856 ms
Execution time: 4952.752 ms
