Hash Join  (cost=101865.58..188929.19 rows=40557 width=0) (actual time=1759.347..3595.211 rows=41568 loops=1)
  Hash Cond: (mk.movie_id = t.id)
  ->  Seq Scan on movie_keyword mk  (cost=0.00..69693.30 rows=4523930 width=4) (actual time=0.026..1007.185 rows=4523930 loops=1)
  ->  Hash  (cost=101582.23..101582.23 rows=22668 width=8) (actual time=1754.733..1754.733 rows=14427 loops=1)
        Buckets: 32768  Batches: 1  Memory Usage: 820kB
        ->  Hash Join  (cost=74445.07..101582.23 rows=22668 width=8) (actual time=1141.709..1749.691 rows=14427 loops=1)
              Hash Cond: (mi_idx.movie_id = t.id)
              ->  Seq Scan on movie_info_idx mi_idx  (cost=0.00..21735.35 rows=1380035 width=4) (actual time=0.024..305.699 rows=1380035 loops=1)
              ->  Hash  (cost=73925.90..73925.90 rows=41533 width=4) (actual time=1141.099..1141.099 rows=44260 loops=1)
                    Buckets: 65536  Batches: 1  Memory Usage: 2069kB
                    ->  Seq Scan on title t  (cost=0.00..73925.90 rows=41533 width=4) (actual time=0.459..1122.604 rows=44260 loops=1)
                          Filter: ((kind_id > 4) AND (production_year = 2003))
                          Rows Removed by Filter: 2484052
Planning time: 1.165 ms
Execution time: 3600.977 ms
