Seq Scan on movie_companies mc  (cost=0.00..51404.11 rows=1649814 width=0) (actual time=0.023..893.395 rows=1649272 loops=1)
  Filter: (company_id > 3900)
  Rows Removed by Filter: 959857
Planning time: 0.352 ms
Execution time: 1095.581 ms
