Seq Scan on cast_info ci  (cost=0.00..796071.18 rows=324 width=0) (actual time=11245.609..14003.868 rows=316 loops=1)
  Filter: ((role_id > 1) AND (person_id = 2635428))
  Rows Removed by Filter: 36244028
Planning time: 0.355 ms
Execution time: 14004.089 ms
