Seq Scan on movie_keyword mk  (cost=0.00..81003.12 rows=4168308 width=0) (actual time=0.016..1534.160 rows=4170752 loops=1)
  Filter: (keyword_id < 47223)
  Rows Removed by Filter: 353178
Planning time: 0.328 ms
Execution time: 2056.809 ms
