Seq Scan on title t  (cost=0.00..73925.90 rows=369792 width=0) (actual time=0.016..1043.651 rows=253766 loops=1)
  Filter: ((production_year < 1986) AND (kind_id = 7))
  Rows Removed by Filter: 2274546
Planning time: 0.402 ms
Execution time: 1076.913 ms
