Seq Scan on cast_info ci  (cost=0.00..796071.18 rows=1543169 width=0) (actual time=7048.479..11485.160 rows=2476337 loops=1)
  Filter: ((person_id > 2248978) AND (role_id = 3))
  Rows Removed by Filter: 33768007
Planning time: 0.421 ms
Execution time: 11789.356 ms
