Seq Scan on title t  (cost=0.00..67604.59 rows=7437 width=0) (actual time=0.128..1116.298 rows=14456 loops=1)
  Filter: (production_year = 1981)
  Rows Removed by Filter: 2513856
Planning time: 0.438 ms
Execution time: 1119.632 ms
