Hash Join  (cost=124136.56..491935.67 rows=314319 width=0) (actual time=2560.921..11065.077 rows=1683700 loops=1)
  Hash Cond: (mi.movie_id = t.id)
  ->  Seq Scan on movie_info mi  (cost=0.00..309384.22 rows=14739122 width=4) (actual time=0.009..4343.158 rows=14835720 loops=1)
  ->  Hash  (cost=123462.53..123462.53 rows=53922 width=8) (actual time=2560.493..2560.493 rows=46894 loops=1)
        Buckets: 65536  Batches: 1  Memory Usage: 2344kB
        ->  Hash Join  (cost=68257.79..123462.53 rows=53922 width=8) (actual time=1141.315..2542.036 rows=46894 loops=1)
              Hash Cond: (mc.movie_id = t.id)
              ->  Seq Scan on movie_companies mc  (cost=0.00..44881.29 rows=2609129 width=4) (actual time=0.021..641.231 rows=2609129 loops=1)
              ->  Hash  (cost=67604.59..67604.59 rows=52256 width=4) (actual time=1140.928..1140.928 rows=53013 loops=1)
                    Buckets: 65536  Batches: 1  Memory Usage: 2376kB
                    ->  Seq Scan on title t  (cost=0.00..67604.59 rows=52256 width=4) (actual time=0.017..1118.925 rows=53013 loops=1)
                          Filter: (production_year = 2000)
                          Rows Removed by Filter: 2475299
Planning time: 1.180 ms
Execution time: 11288.498 ms
