Seq Scan on movie_keyword mk  (cost=0.00..81003.12 rows=246 width=0) (actual time=5.946..1126.273 rows=501 loops=1)
  Filter: (keyword_id = 4437)
  Rows Removed by Filter: 4523429
Planning time: 0.395 ms
Execution time: 1126.581 ms
