Seq Scan on title t  (cost=0.00..73925.90 rows=208499 width=0) (actual time=141.171..1177.771 rows=182393 loops=1)
  Filter: ((production_year > 2007) AND (kind_id = 1))
  Rows Removed by Filter: 2345919
Planning time: 0.387 ms
Execution time: 1202.013 ms
