Hash Join  (cost=102767.86..180229.64 rows=401283 width=0) (actual time=2125.350..3603.931 rows=230129 loops=1)
  Hash Cond: (mc.movie_id = t.id)
  ->  Seq Scan on movie_companies mc  (cost=0.00..57926.93 rows=401283 width=4) (actual time=80.674..930.520 rows=230129 loops=1)
        Filter: ((company_id < 1684) AND (company_type_id = 2))
        Rows Removed by Filter: 2379000
  ->  Hash  (cost=61283.27..61283.27 rows=2528527 width=4) (actual time=2043.298..2043.298 rows=2528312 loops=1)
        Buckets: 131072  Batches: 64  Memory Usage: 2415kB
        ->  Seq Scan on title t  (cost=0.00..61283.27 rows=2528527 width=4) (actual time=0.023..1200.779 rows=2528312 loops=1)
Planning time: 0.794 ms
Execution time: 3630.879 ms
