Hash Join  (cost=102767.86..249790.78 rows=2333157 width=0) (actual time=2411.285..6040.824 rows=2332254 loops=1)
  Hash Cond: (mk.movie_id = t.id)
  ->  Seq Scan on movie_keyword mk  (cost=0.00..81003.12 rows=2333157 width=4) (actual time=0.016..1635.268 rows=2332254 loops=1)
        Filter: (keyword_id > 4334)
        Rows Removed by Filter: 2191676
  ->  Hash  (cost=61283.27..61283.27 rows=2528527 width=4) (actual time=2409.624..2409.624 rows=2528312 loops=1)
        Buckets: 131072  Batches: 64  Memory Usage: 2425kB
        ->  Seq Scan on title t  (cost=0.00..61283.27 rows=2528527 width=4) (actual time=0.010..999.886 rows=2528312 loops=1)
Planning time: 0.497 ms
Execution time: 6279.745 ms
