Seq Scan on movie_keyword mk  (cost=0.00..81003.12 rows=4373499 width=12) (actual time=0.026..1181.811 rows=4360169 loops=1)
  Filter: (keyword_id > 117)
  Rows Removed by Filter: 163761
Planning time: 0.313 ms
Execution time: 1402.824 ms
