Nested Loop  (cost=0.43..83072.90 rows=73 width=0) (actual time=82.202..1219.768 rows=83 loops=1)
  ->  Seq Scan on movie_keyword mk  (cost=0.00..81003.12 rows=246 width=4) (actual time=1.306..1214.680 rows=144 loops=1)
        Filter: (keyword_id = 1305)
        Rows Removed by Filter: 4523786
  ->  Index Scan using title_pkey on title t  (cost=0.43..8.40 rows=1 width=4) (actual time=0.033..0.033 rows=1 loops=144)
        Index Cond: (id = mk.movie_id)
        Filter: ((kind_id > 1) AND (production_year < 2000))
        Rows Removed by Filter: 0
Planning time: 0.779 ms
Execution time: 1219.893 ms
