Hash Join  (cost=797490.01..824401.17 rows=68 width=0) (actual time=13717.334..14192.451 rows=3 loops=1)
  Hash Cond: (mi_idx.movie_id = t.id)
  ->  Seq Scan on movie_info_idx mi_idx  (cost=0.00..21735.35 rows=1380035 width=4) (actual time=0.016..292.446 rows=1380035 loops=1)
  ->  Hash  (cost=797488.46..797488.46 rows=124 width=8) (actual time=13634.795..13634.795 rows=850 loops=1)
        Buckets: 1024  Batches: 1  Memory Usage: 42kB
        ->  Nested Loop  (cost=0.43..797488.46 rows=124 width=8) (actual time=2903.888..13634.430 rows=850 loops=1)
              ->  Seq Scan on cast_info ci  (cost=0.00..796071.18 rows=168 width=4) (actual time=2903.805..13615.330 rows=850 loops=1)
                    Filter: ((role_id > 3) AND (person_id = 3705763))
                    Rows Removed by Filter: 36243494
              ->  Index Scan using title_pkey on title t  (cost=0.43..8.43 rows=1 width=4) (actual time=0.022..0.022 rows=1 loops=850)
                    Index Cond: (id = ci.movie_id)
                    Filter: (kind_id > 1)
Planning time: 1.181 ms
Execution time: 14192.585 ms
