Seq Scan on movie_keyword mk  (cost=0.00..81003.12 rows=882830 width=12) (actual time=0.017..1194.740 rows=889836 loops=1)
  Filter: (keyword_id > 20724)
  Rows Removed by Filter: 3634094
Planning time: 0.335 ms
Execution time: 1246.088 ms
