Seq Scan on cast_info ci  (cost=0.00..705507.15 rows=25435916 width=0) (actual time=0.019..11594.673 rows=25598682 loops=1)
  Filter: (person_id > 1044485)
  Rows Removed by Filter: 10645662
Planning time: 0.319 ms
Execution time: 14648.878 ms
