Hash Join  (cost=102767.86..274114.66 rows=3343980 width=0) (actual time=1795.732..6516.714 rows=3331663 loops=1)
  Hash Cond: (mk.movie_id = t.id)
  ->  Seq Scan on movie_keyword mk  (cost=0.00..81003.12 rows=3343980 width=4) (actual time=0.023..1707.364 rows=3331663 loops=1)
        Filter: (keyword_id < 15547)
        Rows Removed by Filter: 1192267
  ->  Hash  (cost=61283.27..61283.27 rows=2528527 width=4) (actual time=1794.041..1794.041 rows=2528312 loops=1)
        Buckets: 131072  Batches: 64  Memory Usage: 2425kB
        ->  Seq Scan on title t  (cost=0.00..61283.27 rows=2528527 width=4) (actual time=0.014..908.539 rows=2528312 loops=1)
Planning time: 0.719 ms
Execution time: 6874.062 ms
