Hash Join  (cost=102767.86..193776.85 rows=1235377 width=0) (actual time=1827.628..4234.207 rows=1247901 loops=1)
  Hash Cond: (mc.movie_id = t.id)
  ->  Seq Scan on movie_companies mc  (cost=0.00..51404.11 rows=1235377 width=4) (actual time=0.023..920.250 rows=1247901 loops=1)
        Filter: (company_id > 11690)
        Rows Removed by Filter: 1361228
  ->  Hash  (cost=61283.27..61283.27 rows=2528527 width=4) (actual time=1825.868..1825.868 rows=2528312 loops=1)
        Buckets: 131072  Batches: 64  Memory Usage: 2415kB
        ->  Seq Scan on title t  (cost=0.00..61283.27 rows=2528527 width=4) (actual time=0.021..995.030 rows=2528312 loops=1)
Planning time: 0.657 ms
Execution time: 4383.727 ms
