Hash Join  (cost=75464.55..1020978.32 rows=463092 width=0) (actual time=5286.019..23605.523 rows=518930 loops=1)
  Hash Cond: (ci.movie_id = t.id)
  ->  Seq Scan on cast_info ci  (cost=0.00..796071.18 rows=12492443 width=4) (actual time=4010.301..17238.655 rows=12670688 loops=1)
        Filter: ((person_id < 3929126) AND (role_id = 1))
        Rows Removed by Filter: 23573656
  ->  Hash  (cost=73925.90..73925.90 rows=93732 width=4) (actual time=1274.877..1274.877 rows=100592 loops=1)
        Buckets: 131072  Batches: 2  Memory Usage: 2791kB
        ->  Seq Scan on title t  (cost=0.00..73925.90 rows=93732 width=4) (actual time=0.046..1232.885 rows=100592 loops=1)
              Filter: ((kind_id > 1) AND (production_year = 2009))
              Rows Removed by Filter: 2427720
Planning time: 0.654 ms
Execution time: 23678.017 ms
