Hash Join  (cost=84240.62..127820.44 rows=343134 width=0) (actual time=1227.047..2494.065 rows=534211 loops=1)
  Hash Cond: (mi_idx.movie_id = t.id)
  ->  Seq Scan on movie_info_idx mi_idx  (cost=0.00..21735.35 rows=1380035 width=4) (actual time=0.022..409.404 rows=1380035 loops=1)
  ->  Hash  (cost=73925.90..73925.90 rows=628697 width=4) (actual time=1108.727..1108.727 rows=532584 loops=1)
        Buckets: 131072  Batches: 16  Memory Usage: 2188kB
        ->  Seq Scan on title t  (cost=0.00..73925.90 rows=628697 width=4) (actual time=0.043..967.384 rows=532584 loops=1)
              Filter: ((kind_id < 7) AND (production_year > 1995))
              Rows Removed by Filter: 1995728
Planning time: 0.736 ms
Execution time: 2556.269 ms
