Hash Join  (cost=909284.53..1029028.78 rows=218497 width=0) (actual time=16496.851..19371.110 rows=222543 loops=1)
  Hash Cond: (mk.movie_id = t.id)
  ->  Seq Scan on movie_keyword mk  (cost=0.00..81003.12 rows=3101374 width=4) (actual time=0.024..1681.802 rows=3085773 loops=1)
        Filter: (keyword_id > 2000)
        Rows Removed by Filter: 1438157
  ->  Hash  (cost=906361.79..906361.79 rows=178139 width=8) (actual time=16495.940..16495.940 rows=179444 loops=1)
        Buckets: 131072  Batches: 4  Memory Usage: 2778kB
        ->  Hash Join  (cost=98137.04..906361.79 rows=178139 width=8) (actual time=3045.005..16435.944 rows=179444 loops=1)
              Hash Cond: (ci.movie_id = t.id)
              ->  Seq Scan on cast_info ci  (cost=0.00..796071.18 rows=242037 width=4) (actual time=1242.931..14083.450 rows=271869 loops=1)
                    Filter: ((person_id > 1090283) AND (role_id > 10))
                    Rows Removed by Filter: 35972475
              ->  Hash  (cost=67604.59..67604.59 rows=1860996 width=4) (actual time=1800.664..1800.664 rows=1865487 loops=1)
                    Buckets: 131072  Batches: 32  Memory Usage: 3079kB
                    ->  Seq Scan on title t  (cost=0.00..67604.59 rows=1860996 width=4) (actual time=0.033..1209.386 rows=1865487 loops=1)
                          Filter: (kind_id > 1)
                          Rows Removed by Filter: 662825
Planning time: 1.164 ms
Execution time: 19397.309 ms
