Seq Scan on movie_companies mc  (cost=0.00..57926.93 rows=566655 width=0) (actual time=376.255..1064.831 rows=352653 loops=1)
  Filter: ((company_id < 7703) AND (company_type_id > 1))
  Rows Removed by Filter: 2256476
Planning time: 0.350 ms
Execution time: 1110.049 ms
