Hash Join  (cost=73962.22..825167.57 rows=41619 width=136) (actual time=459.056..13093.167 rows=1248 loops=1)
  Hash Cond: (ci.movie_id = t.id)
  ->  Seq Scan on cast_info ci  (cost=0.00..614943.12 rows=36225612 width=42) (actual time=0.006..6548.156 rows=36244344 loops=1)
  ->  Hash  (cost=73925.90..73925.90 rows=2905 width=94) (actual time=449.623..449.623 rows=791 loops=1)
        Buckets: 4096  Batches: 1  Memory Usage: 124kB
        ->  Seq Scan on title t  (cost=0.00..73925.90 rows=2905 width=94) (actual time=0.108..449.248 rows=791 loops=1)
              Filter: ((kind_id < 7) AND (production_year = 1896))
              Rows Removed by Filter: 2527521
Planning time: 0.909 ms
Execution time: 13093.434 ms
