Hash Join  (cost=170073.23..1079514.96 rows=1877482 width=0) (actual time=4370.377..20794.750 rows=1848560 loops=1)
  Hash Cond: (ci.movie_id = t.id)
  ->  Seq Scan on cast_info ci  (cost=0.00..796071.18 rows=7980193 width=4) (actual time=0.024..14349.095 rows=2930034 loops=1)
        Filter: ((person_id > 1327306) AND (role_id = 1))
        Rows Removed by Filter: 33314310
  ->  Hash  (cost=160313.22..160313.22 rows=594881 width=8) (actual time=4369.309..4369.309 rows=915750 loops=1)
        Buckets: 131072 (originally 131072)  Batches: 16 (originally 8)  Memory Usage: 3274kB
        ->  Hash Join  (cost=77062.89..160313.22 rows=594881 width=8) (actual time=1637.347..4091.319 rows=915750 loops=1)
              Hash Cond: (mc.movie_id = t.id)
              ->  Seq Scan on movie_companies mc  (cost=0.00..44881.29 rows=2609129 width=4) (actual time=0.018..819.625 rows=2609129 loops=1)
              ->  Hash  (cost=67604.59..67604.59 rows=576504 width=4) (actual time=1635.924..1635.924 rows=568449 loops=1)
                    Buckets: 131072  Batches: 8  Memory Usage: 3513kB
                    ->  Seq Scan on title t  (cost=0.00..67604.59 rows=576504 width=4) (actual time=0.013..1203.674 rows=568449 loops=1)
                          Filter: (production_year < 1984)
                          Rows Removed by Filter: 1959863
Planning time: 0.903 ms
Execution time: 21014.249 ms
