Hash Join  (cost=98377.47..178814.62 rows=783700 width=0) (actual time=2397.622..4065.255 rows=389634 loops=1)
  Hash Cond: (mc.movie_id = t.id)
  ->  Seq Scan on movie_companies mc  (cost=0.00..51404.11 rows=1329612 width=4) (actual time=364.404..1006.772 rows=1334883 loops=1)
        Filter: (company_type_id > 1)
        Rows Removed by Filter: 1274246
  ->  Hash  (cost=73925.90..73925.90 rows=1490365 width=4) (actual time=2031.897..2031.897 rows=1478439 loops=1)
        Buckets: 131072  Batches: 32  Memory Usage: 2651kB
        ->  Seq Scan on title t  (cost=0.00..73925.90 rows=1490365 width=4) (actual time=0.027..1424.653 rows=1478439 loops=1)
              Filter: ((production_year > 1903) AND (kind_id = 7))
              Rows Removed by Filter: 1049873
Planning time: 0.826 ms
Execution time: 4112.225 ms
