Seq Scan on movie_keyword mk  (cost=0.00..81003.12 rows=551694 width=0) (actual time=0.014..1382.345 rows=548639 loops=1)
  Filter: (keyword_id > 33562)
  Rows Removed by Filter: 3975291
Planning time: 0.336 ms
Execution time: 1452.708 ms
