Hash Join  (cost=1043635.27..1726136.01 rows=13816411 width=0) (actual time=25384.566..69481.069 rows=124010421 loops=1)
  Hash Cond: (mi.movie_id = t.id)
  ->  Seq Scan on movie_info mi  (cost=0.00..309384.22 rows=14739122 width=4) (actual time=0.023..5926.038 rows=14835720 loops=1)
  ->  Hash  (cost=1004748.34..1004748.34 rows=2370234 width=8) (actual time=25383.237..25383.237 rows=3886275 loops=1)
        Buckets: 131072 (originally 131072)  Batches: 64 (originally 32)  Memory Usage: 3476kB
        ->  Hash Join  (cost=78556.72..1004748.34 rows=2370234 width=8) (actual time=1322.623..24201.905 rows=3886275 loops=1)
              Hash Cond: (ci.movie_id = t.id)
              ->  Seq Scan on cast_info ci  (cost=0.00..796071.18 rows=8978160 width=4) (actual time=0.014..14785.095 rows=14015596 loops=1)
                    Filter: ((person_id > 2265067) AND (role_id > 1))
                    Rows Removed by Filter: 22228748
              ->  Hash  (cost=67604.59..67604.59 rows=667531 width=4) (actual time=1321.470..1321.470 rows=662825 loops=1)
                    Buckets: 131072  Batches: 16  Memory Usage: 2476kB
                    ->  Seq Scan on title t  (cost=0.00..67604.59 rows=667531 width=4) (actual time=0.021..1116.200 rows=662825 loops=1)
                          Filter: (kind_id < 2)
                          Rows Removed by Filter: 1865487
Planning time: 1.214 ms
Execution time: 82983.569 ms
