Nested Loop  (cost=0.43..83072.90 rows=1 width=0) (actual time=346.993..1293.171 rows=13 loops=1)
  ->  Seq Scan on movie_keyword mk  (cost=0.00..81003.12 rows=246 width=4) (actual time=1.425..1268.661 rows=304 loops=1)
        Filter: (keyword_id = 8323)
        Rows Removed by Filter: 4523626
  ->  Index Scan using title_pkey on title t  (cost=0.43..8.40 rows=1 width=4) (actual time=0.078..0.078 rows=0 loops=304)
        Index Cond: (id = mk.movie_id)
        Filter: ((kind_id < 7) AND (production_year = 1986))
        Rows Removed by Filter: 1
Planning time: 3.050 ms
Execution time: 1293.280 ms
