Hash Join  (cost=709678.15..764348.83 rows=516 width=0) (actual time=11333.552..12165.748 rows=159 loops=1)
  Hash Cond: (mc.movie_id = t.id)
  ->  Seq Scan on movie_companies mc  (cost=0.00..44881.29 rows=2609129 width=4) (actual time=0.012..633.200 rows=2609129 loops=1)
  ->  Hash  (cost=709671.90..709671.90 rows=500 width=8) (actual time=11074.479..11074.479 rows=59 loops=1)
        Buckets: 1024  Batches: 1  Memory Usage: 11kB
        ->  Nested Loop  (cost=0.43..709671.90 rows=500 width=8) (actual time=1862.124..11074.426 rows=59 loops=1)
              ->  Seq Scan on cast_info ci  (cost=0.00..705507.15 rows=500 width=4) (actual time=1862.018..11073.259 rows=59 loops=1)
                    Filter: (person_id = 1239341)
                    Rows Removed by Filter: 36244285
              ->  Index Only Scan using title_pkey on title t  (cost=0.43..8.32 rows=1 width=4) (actual time=0.018..0.018 rows=1 loops=59)
                    Index Cond: (id = ci.movie_id)
                    Heap Fetches: 59
Planning time: 1.173 ms
Execution time: 12165.945 ms
