Seq Scan on movie_keyword mk  (cost=0.00..81003.12 rows=2298457 width=0) (actual time=0.023..944.518 rows=2302439 loops=1)
  Filter: (keyword_id > 4536)
  Rows Removed by Filter: 2221491
Planning time: 0.317 ms
Execution time: 1147.271 ms
