Seq Scan on movie_companies mc  (cost=0.00..57926.93 rows=1074711 width=0) (actual time=0.017..990.544 rows=831954 loops=1)
  Filter: ((company_id < 74105) AND (company_type_id = 2))
  Rows Removed by Filter: 1777175
Planning time: 0.378 ms
Execution time: 1096.179 ms
