Hash Join  (cost=100972.04..867425.52 rows=19143 width=186) (actual time=1655.925..17568.627 rows=36267 loops=1)
  Hash Cond: (ci.movie_id = t.id)
  ->  Seq Scan on cast_info ci  (cost=0.00..705507.15 rows=16201301 width=42) (actual time=0.016..13205.577 rows=16121683 loops=1)
        Filter: (role_id > 2)
        Rows Removed by Filter: 20122661
  ->  Hash  (cost=100934.69..100934.69 rows=2988 width=144) (actual time=1655.466..1655.466 rows=4023 loops=1)
        Buckets: 4096  Batches: 1  Memory Usage: 598kB
        ->  Hash Join  (cost=73994.33..100934.69 rows=2988 width=144) (actual time=1032.088..1652.146 rows=4023 loops=1)
              Hash Cond: (mi_idx.movie_id = t.id)
              ->  Seq Scan on movie_info_idx mi_idx  (cost=0.00..21735.35 rows=1380035 width=50) (actual time=0.024..312.262 rows=1380035 loops=1)
              ->  Hash  (cost=73925.90..73925.90 rows=5474 width=94) (actual time=1031.845..1031.845 rows=9678 loops=1)
                    Buckets: 16384 (originally 8192)  Batches: 1 (originally 1)  Memory Usage: 1238kB
                    ->  Seq Scan on title t  (cost=0.00..73925.90 rows=5474 width=94) (actual time=0.716..1026.237 rows=9678 loops=1)
                          Filter: ((kind_id > 1) AND (production_year = 1968))
                          Rows Removed by Filter: 2518634
Planning time: 1.429 ms
Execution time: 17571.393 ms
