Hash Join  (cost=253938.86..826403.44 rows=8683865 width=0) (actual time=5586.098..36519.158 rows=80702212 loops=1)
  Hash Cond: (mi.movie_id = t.id)
  ->  Seq Scan on movie_info mi  (cost=0.00..309384.22 rows=14739122 width=4) (actual time=0.029..6118.398 rows=14835720 loops=1)
  ->  Hash  (cost=229497.18..229497.18 rows=1489735 width=8) (actual time=5582.471..5582.471 rows=1505499 loops=1)
        Buckets: 131072  Batches: 32  Memory Usage: 2933kB
        ->  Hash Join  (cost=102767.86..229497.18 rows=1489735 width=8) (actual time=2027.220..5127.298 rows=1505499 loops=1)
              Hash Cond: (mk.movie_id = t.id)
              ->  Seq Scan on movie_keyword mk  (cost=0.00..81003.12 rows=1489735 width=4) (actual time=0.017..1526.750 rows=1505499 loops=1)
                    Filter: (keyword_id > 10760)
                    Rows Removed by Filter: 3018431
              ->  Hash  (cost=61283.27..61283.27 rows=2528527 width=4) (actual time=2025.510..2025.510 rows=2528312 loops=1)
                    Buckets: 131072  Batches: 64  Memory Usage: 2425kB
                    ->  Seq Scan on title t  (cost=0.00..61283.27 rows=2528527 width=4) (actual time=0.024..1146.476 rows=2528312 loops=1)
Planning time: 1.209 ms
Execution time: 45269.686 ms
