Hash Join  (cost=217858.32..733576.06 rows=5135937 width=0) (actual time=5198.714..20811.374 rows=14649846 loops=1)
  Hash Cond: (mi.movie_id = t.id)
  ->  Seq Scan on movie_info mi  (cost=0.00..346232.03 rows=9767026 width=4) (actual time=0.016..6917.513 rows=9911754 loops=1)
        Filter: (info_type_id > 4)
        Rows Removed by Filter: 4923966
  ->  Hash  (cost=196044.17..196044.17 rows=1329612 width=8) (actual time=5197.286..5197.286 rows=1334883 loops=1)
        Buckets: 131072  Batches: 32  Memory Usage: 2657kB
        ->  Hash Join  (cost=102767.86..196044.17 rows=1329612 width=8) (actual time=2568.783..4784.120 rows=1334883 loops=1)
              Hash Cond: (mc.movie_id = t.id)
              ->  Seq Scan on movie_companies mc  (cost=0.00..51404.11 rows=1329612 width=4) (actual time=386.835..1032.442 rows=1334883 loops=1)
                    Filter: (company_type_id > 1)
                    Rows Removed by Filter: 1274246
              ->  Hash  (cost=61283.27..61283.27 rows=2528527 width=4) (actual time=2180.679..2180.679 rows=2528312 loops=1)
                    Buckets: 131072  Batches: 64  Memory Usage: 2415kB
                    ->  Seq Scan on title t  (cost=0.00..61283.27 rows=2528527 width=4) (actual time=0.016..1316.658 rows=2528312 loops=1)
Planning time: 1.257 ms
Execution time: 22400.180 ms
