Hash Join  (cost=75530.22..561418.17 rows=570002 width=0) (actual time=1270.805..14248.787 rows=2360284 loops=1)
  Hash Cond: (mi.movie_id = t.id)
  ->  Seq Scan on movie_info mi  (cost=0.00..309384.22 rows=14739122 width=4) (actual time=0.022..5857.623 rows=14835720 loops=1)
  ->  Hash  (cost=73925.90..73925.90 rows=97785 width=4) (actual time=1255.833..1255.833 rows=199095 loops=1)
        Buckets: 131072 (originally 131072)  Batches: 4 (originally 2)  Memory Usage: 3073kB
        ->  Seq Scan on title t  (cost=0.00..73925.90 rows=97785 width=4) (actual time=0.367..1177.307 rows=199095 loops=1)
              Filter: ((kind_id < 7) AND (production_year < 1961))
              Rows Removed by Filter: 2329217
Planning time: 0.745 ms
Execution time: 14514.792 ms
