Hash Join  (cost=102767.86..215218.13 rows=896317 width=0) (actual time=1789.479..4798.765 rows=902369 loops=1)
  Hash Cond: (mk.movie_id = t.id)
  ->  Seq Scan on movie_keyword mk  (cost=0.00..81003.12 rows=896317 width=4) (actual time=0.024..1386.817 rows=902369 loops=1)
        Filter: (keyword_id < 856)
        Rows Removed by Filter: 3621561
  ->  Hash  (cost=61283.27..61283.27 rows=2528527 width=4) (actual time=1786.411..1786.411 rows=2528312 loops=1)
        Buckets: 131072  Batches: 64  Memory Usage: 2425kB
        ->  Seq Scan on title t  (cost=0.00..61283.27 rows=2528527 width=4) (actual time=0.015..983.680 rows=2528312 loops=1)
Planning time: 0.731 ms
Execution time: 4893.262 ms
