Seq Scan on movie_keyword mk  (cost=0.00..81003.12 rows=2207979 width=0) (actual time=0.027..1380.004 rows=2210347 loops=1)
  Filter: (keyword_id < 4460)
  Rows Removed by Filter: 2313583
Planning time: 0.324 ms
Execution time: 1655.650 ms
