Hash Join  (cost=127488.88..205606.96 rows=222555 width=0) (actual time=2861.276..4414.627 rows=242912 loops=1)
  Hash Cond: (mc.movie_id = t.id)
  ->  Seq Scan on movie_companies mc  (cost=0.00..44881.29 rows=2609129 width=4) (actual time=0.022..927.725 rows=2609129 loops=1)
  ->  Hash  (cost=123949.88..123949.88 rows=215680 width=8) (actual time=2421.950..2421.950 rows=118152 loops=1)
        Buckets: 131072  Batches: 4  Memory Usage: 2188kB
        ->  Hash Join  (cost=83661.18..123949.88 rows=215680 width=8) (actual time=1815.008..2388.552 rows=118152 loops=1)
              Hash Cond: (mi_idx.movie_id = t.id)
              ->  Seq Scan on movie_info_idx mi_idx  (cost=0.00..25185.44 rows=919057 width=4) (actual time=0.019..536.544 rows=920110 loops=1)
                    Filter: (info_type_id > 99)
                    Rows Removed by Filter: 459925
              ->  Hash  (cost=73925.90..73925.90 rows=593382 width=4) (actual time=1376.025..1376.025 rows=486368 loops=1)
                    Buckets: 131072  Batches: 8  Memory Usage: 3147kB
                    ->  Seq Scan on title t  (cost=0.00..73925.90 rows=593382 width=4) (actual time=0.013..1228.506 rows=486368 loops=1)
                          Filter: ((production_year < 1999) AND (kind_id = 7))
                          Rows Removed by Filter: 2041944
Planning time: 1.219 ms
Execution time: 4443.352 ms
