Seq Scan on movie_keyword mk  (cost=0.00..81003.12 rows=2333294 width=0) (actual time=0.026..1564.347 rows=2332909 loops=1)
  Filter: (keyword_id > 4333)
  Rows Removed by Filter: 2191021
Planning time: 0.374 ms
Execution time: 1854.744 ms
