Seq Scan on title t  (cost=0.00..73925.90 rows=2230 width=0) (actual time=506.943..1072.080 rows=3417 loops=1)
  Filter: ((kind_id < 3) AND (production_year = 1909))
  Rows Removed by Filter: 2524895
Planning time: 0.393 ms
Execution time: 1073.046 ms
