Seq Scan on title t  (cost=0.00..73925.90 rows=24228 width=0) (actual time=152.226..1067.940 rows=21082 loops=1)
  Filter: ((production_year > 2009) AND (kind_id = 4))
  Rows Removed by Filter: 2507230
Planning time: 0.362 ms
Execution time: 1071.556 ms
