Hash Join  (cost=83810.17..990916.77 rows=2706478 width=0) (actual time=15917.670..54722.767 rows=2850152 loops=1)
  Hash Cond: (ci.movie_id = t.id)
  ->  Seq Scan on cast_info ci  (cost=0.00..796071.18 rows=6928435 width=4) (actual time=11522.013..43846.728 rows=7451752 loops=1)
        Filter: ((person_id > 175411) AND (role_id = 2))
        Rows Removed by Filter: 28792592
  ->  Hash  (cost=67604.59..67604.59 rows=987727 width=4) (actual time=4394.404..4394.404 rows=985048 loops=1)
        Buckets: 131072  Batches: 16  Memory Usage: 3188kB
        ->  Seq Scan on title t  (cost=0.00..67604.59 rows=987727 width=4) (actual time=0.028..3705.218 rows=985048 loops=1)
              Filter: (kind_id < 7)
              Rows Removed by Filter: 1543264
Planning time: 0.821 ms
Execution time: 55185.234 ms
