Hash Join  (cost=67697.55..154488.65 rows=13306 width=0) (actual time=964.953..2832.815 rows=39760 loops=1)
  Hash Cond: (mk.movie_id = t.id)
  ->  Seq Scan on movie_keyword mk  (cost=0.00..69693.30 rows=4523930 width=4) (actual time=0.019..986.081 rows=4523930 loops=1)
  ->  Hash  (cost=67604.59..67604.59 rows=7437 width=4) (actual time=962.987..962.987 rows=15489 loops=1)
        Buckets: 16384 (originally 8192)  Batches: 1 (originally 1)  Memory Usage: 673kB
        ->  Seq Scan on title t  (cost=0.00..67604.59 rows=7437 width=4) (actual time=0.101..956.645 rows=15489 loops=1)
              Filter: (production_year = 1983)
              Rows Removed by Filter: 2512823
Planning time: 0.495 ms
Execution time: 2838.544 ms
