Hash Join  (cost=74440.79..101576.08 rows=22481 width=0) (actual time=4359.736..5616.323 rows=13509 loops=1)
  Hash Cond: (mi_idx.movie_id = t.id)
  ->  Seq Scan on movie_info_idx mi_idx  (cost=0.00..21735.35 rows=1380035 width=4) (actual time=0.018..1365.045 rows=1380035 loops=1)
  ->  Hash  (cost=73925.90..73925.90 rows=41191 width=4) (actual time=3806.275..3806.275 rows=43851 loops=1)
        Buckets: 65536  Batches: 1  Memory Usage: 2054kB
        ->  Seq Scan on title t  (cost=0.00..73925.90 rows=41191 width=4) (actual time=0.071..3785.889 rows=43851 loops=1)
              Filter: ((kind_id = 7) AND (production_year = 2003))
              Rows Removed by Filter: 2484461
Planning time: 4.977 ms
Execution time: 5618.891 ms
