Seq Scan on movie_keyword mk  (cost=0.00..81003.12 rows=246 width=0) (actual time=3.548..971.181 rows=120 loops=1)
  Filter: (keyword_id = 12318)
  Rows Removed by Filter: 4523810
Planning time: 0.406 ms
Execution time: 971.343 ms
