Hash Join  (cost=133874.36..635436.43 rows=2038915 width=0) (actual time=7612.515..44944.554 rows=13531043 loops=1)
  Hash Cond: (mi.movie_id = t.id)
  ->  Seq Scan on movie_info mi  (cost=0.00..309384.22 rows=14739122 width=4) (actual time=0.013..23458.037 rows=14835720 loops=1)
  ->  Hash  (cost=128135.11..128135.11 rows=349780 width=8) (actual time=7611.695..7611.695 rows=619235 loops=1)
        Buckets: 131072  Batches: 8  Memory Usage: 4072kB
        ->  Hash Join  (cost=84440.83..128135.11 rows=349780 width=8) (actual time=4369.302..7372.559 rows=619235 loops=1)
              Hash Cond: (mi_idx.movie_id = t.id)
              ->  Seq Scan on movie_info_idx mi_idx  (cost=0.00..21735.35 rows=1380035 width=4) (actual time=0.025..1726.282 rows=1380035 loops=1)
              ->  Hash  (cost=73925.90..73925.90 rows=640874 width=4) (actual time=4368.186..4368.186 rows=621262 loops=1)
                    Buckets: 131072  Batches: 16  Memory Usage: 2386kB
                    ->  Seq Scan on title t  (cost=0.00..73925.90 rows=640874 width=4) (actual time=0.018..4055.604 rows=621262 loops=1)
                          Filter: ((production_year > 1911) AND (kind_id = 1))
                          Rows Removed by Filter: 1907050
Planning time: 1.070 ms
Execution time: 46905.805 ms
