Hash Join  (cost=152196.20..677849.67 rows=4296753 width=0) (actual time=9691.306..49981.141 rows=14202445 loops=1)
  Hash Cond: (mi.movie_id = t.id)
  ->  Seq Scan on movie_info mi  (cost=0.00..309384.22 rows=14739122 width=4) (actual time=0.020..23504.130 rows=14835720 loops=1)
  ->  Hash  (cost=140102.24..140102.24 rows=737117 width=8) (actual time=9690.353..9690.353 rows=891238 loops=1)
        Buckets: 131072  Batches: 16  Memory Usage: 3220kB
        ->  Hash Join  (cost=89762.59..140102.24 rows=737117 width=8) (actual time=5906.099..8762.848 rows=891238 loops=1)
              Hash Cond: (mi_idx.movie_id = t.id)
              ->  Seq Scan on movie_info_idx mi_idx  (cost=0.00..21735.35 rows=1380035 width=4) (actual time=0.018..1485.403 rows=1380035 loops=1)
              ->  Hash  (cost=67604.59..67604.59 rows=1350560 width=4) (actual time=5905.142..5905.142 rows=1348293 loops=1)
                    Buckets: 131072  Batches: 32  Memory Usage: 2505kB
                    ->  Seq Scan on title t  (cost=0.00..67604.59 rows=1350560 width=4) (actual time=0.012..4656.118 rows=1348293 loops=1)
                          Filter: (production_year < 2005)
                          Rows Removed by Filter: 1180019
Planning time: 1.093 ms
Execution time: 51954.438 ms
