Seq Scan on movie_keyword mk  (cost=0.00..81003.12 rows=1413818 width=12) (actual time=0.024..1471.544 rows=1427668 loops=1)
  Filter: (keyword_id > 11680)
  Rows Removed by Filter: 3096262
Planning time: 0.295 ms
Execution time: 1562.146 ms
