Hash Join  (cost=440090.51..1426060.31 rows=877051 width=0) (actual time=8359.041..46700.418 rows=628002 loops=1)
  Hash Cond: (ci.movie_id = t.id)
  ->  Seq Scan on cast_info ci  (cost=0.00..614943.12 rows=36225612 width=4) (actual time=0.013..25015.178 rows=36244344 loops=1)
  ->  Hash  (cost=439325.29..439325.29 rows=61218 width=8) (actual time=8357.094..8357.094 rows=47884 loops=1)
        Buckets: 65536  Batches: 1  Memory Usage: 2383kB
        ->  Hash Join  (cost=74057.18..439325.29 rows=61218 width=8) (actual time=1079.102..8331.431 rows=47884 loops=1)
              Hash Cond: (mi.movie_id = t.id)
              ->  Seq Scan on movie_info mi  (cost=0.00..309384.22 rows=14739122 width=4) (actual time=0.019..4277.170 rows=14835720 loops=1)
              ->  Hash  (cost=73925.90..73925.90 rows=10502 width=4) (actual time=1078.985..1078.985 rows=6334 loops=1)
                    Buckets: 16384  Batches: 1  Memory Usage: 351kB
                    ->  Seq Scan on title t  (cost=0.00..73925.90 rows=10502 width=4) (actual time=165.537..1076.125 rows=6334 loops=1)
                          Filter: ((production_year > 2011) AND (kind_id = 4))
                          Rows Removed by Filter: 2521978
Planning time: 1.182 ms
Execution time: 46802.320 ms
