Hash Join  (cost=101625.45..156470.31 rows=17933 width=0) (actual time=5353.690..8350.151 rows=15870 loops=1)
  Hash Cond: (mc.movie_id = t.id)
  ->  Seq Scan on movie_companies mc  (cost=0.00..44881.29 rows=2609129 width=4) (actual time=0.016..2257.812 rows=2609129 loops=1)
  ->  Hash  (cost=101408.21..101408.21 rows=17379 width=8) (actual time=5352.595..5352.595 rows=10878 loops=1)
        Buckets: 32768  Batches: 1  Memory Usage: 681kB
        ->  Hash Join  (cost=74323.94..101408.21 rows=17379 width=8) (actual time=4706.242..5344.925 rows=10878 loops=1)
              Hash Cond: (mi_idx.movie_id = t.id)
              ->  Seq Scan on movie_info_idx mi_idx  (cost=0.00..21735.35 rows=1380035 width=4) (actual time=0.014..1342.012 rows=1380035 loops=1)
              ->  Hash  (cost=73925.90..73925.90 rows=31843 width=4) (actual time=3550.689..3550.689 rows=35656 loops=1)
                    Buckets: 65536 (originally 32768)  Batches: 1 (originally 1)  Memory Usage: 1766kB
                    ->  Seq Scan on title t  (cost=0.00..73925.90 rows=31843 width=4) (actual time=0.058..3529.484 rows=35656 loops=1)
                          Filter: ((kind_id = 7) AND (production_year = 2000))
                          Rows Removed by Filter: 2492656
Planning time: 1.180 ms
Execution time: 8352.546 ms
