Hash Join  (cost=169457.68..710298.72 rows=5720110 width=0) (actual time=7832.143..41686.821 rows=13568175 loops=1)
  Hash Cond: (mi.movie_id = t.id)
  ->  Seq Scan on movie_info mi  (cost=0.00..309384.22 rows=14739122 width=4) (actual time=0.030..18916.735 rows=14835720 loops=1)
  ->  Hash  (cost=153357.47..153357.47 rows=981297 width=8) (actual time=7831.227..7831.227 rows=944574 loops=1)
        Buckets: 131072  Batches: 16  Memory Usage: 3346kB
        ->  Hash Join  (cost=97102.97..153357.47 rows=981297 width=8) (actual time=4686.993..7497.359 rows=944574 loops=1)
              Hash Cond: (mi_idx.movie_id = t.id)
              ->  Seq Scan on movie_info_idx mi_idx  (cost=0.00..21735.35 rows=1380035 width=4) (actual time=0.012..1326.937 rows=1380035 loops=1)
              ->  Hash  (cost=67604.59..67604.59 rows=1797951 width=4) (actual time=4685.527..4685.527 rows=1793384 loops=1)
                    Buckets: 131072  Batches: 32  Memory Usage: 2998kB
                    ->  Seq Scan on title t  (cost=0.00..67604.59 rows=1797951 width=4) (actual time=0.015..3958.351 rows=1793384 loops=1)
                          Filter: (production_year > 1988)
                          Rows Removed by Filter: 734928
Planning time: 16.303 ms
Execution time: 43668.505 ms
