Seq Scan on movie_keyword mk  (cost=0.00..81003.12 rows=2692368 width=0) (actual time=0.013..4991.826 rows=2683196 loops=1)
  Filter: (keyword_id > 3042)
  Rows Removed by Filter: 1840734
Planning time: 0.335 ms
Execution time: 5511.375 ms
