Seq Scan on cast_info ci  (cost=0.00..705507.15 rows=500 width=0) (actual time=7757.898..32273.213 rows=2 loops=1)
  Filter: (person_id = 3807537)
  Rows Removed by Filter: 36244342
Planning time: 0.346 ms
Execution time: 32273.286 ms
