Seq Scan on cast_info ci  (cost=0.00..705507.15 rows=500 width=0) (actual time=10781.605..31651.265 rows=146 loops=1)
  Filter: (person_id = 3375502)
  Rows Removed by Filter: 36244198
Planning time: 0.377 ms
Execution time: 31651.379 ms
