Nested Loop  (cost=0.43..797556.14 rows=46 width=136) (actual time=5218.378..11990.673 rows=39 loops=1)
  ->  Seq Scan on cast_info ci  (cost=0.00..796071.18 rows=176 width=42) (actual time=5218.053..11988.917 rows=129 loops=1)
        Filter: ((role_id < 2) AND (person_id = 954884))
        Rows Removed by Filter: 36244215
  ->  Index Scan using title_pkey on title t  (cost=0.43..8.43 rows=1 width=94) (actual time=0.013..0.013 rows=0 loops=129)
        Index Cond: (id = ci.movie_id)
        Filter: (production_year > 2008)
        Rows Removed by Filter: 1
Planning time: 1.841 ms
Execution time: 11990.764 ms
