Hash Join  (cost=197776.98..337945.08 rows=1491006 width=0) (actual time=10308.865..21159.628 rows=10239498 loops=1)
  Hash Cond: (mk.movie_id = t.id)
  ->  Seq Scan on movie_keyword mk  (cost=0.00..69693.30 rows=4523930 width=4) (actual time=0.023..4731.200 rows=4523930 loops=1)
  ->  Hash  (cost=184104.02..184104.02 rows=833357 width=8) (actual time=10307.480..10307.480 rows=827520 loops=1)
        Buckets: 131072  Batches: 16  Memory Usage: 3064kB
        ->  Hash Join  (cost=102767.86..184104.02 rows=833357 width=8) (actual time=5246.120..10029.234 rows=827520 loops=1)
              Hash Cond: (mc.movie_id = t.id)
              ->  Seq Scan on movie_companies mc  (cost=0.00..51404.11 rows=833357 width=4) (actual time=0.024..2799.409 rows=827520 loops=1)
                    Filter: (company_id < 2037)
                    Rows Removed by Filter: 1781609
              ->  Hash  (cost=61283.27..61283.27 rows=2528527 width=4) (actual time=5243.447..5243.447 rows=2528312 loops=1)
                    Buckets: 131072  Batches: 64  Memory Usage: 2415kB
                    ->  Seq Scan on title t  (cost=0.00..61283.27 rows=2528527 width=4) (actual time=0.014..4068.640 rows=2528312 loops=1)
Planning time: 2.413 ms
Execution time: 22583.055 ms
