Seq Scan on movie_keyword mk  (cost=0.00..81003.12 rows=2607356 width=0) (actual time=0.026..4349.782 rows=2590608 loops=1)
  Filter: (keyword_id > 3321)
  Rows Removed by Filter: 1933322
Planning time: 5.397 ms
Execution time: 4794.411 ms
