Hash Join  (cost=78556.72..162458.16 rows=555570 width=0) (actual time=3677.942..8661.944 rows=999263 loops=1)
  Hash Cond: (mc.movie_id = t.id)
  ->  Seq Scan on movie_companies mc  (cost=0.00..51404.11 rows=2104433 width=4) (actual time=0.029..3211.617 rows=2100686 loops=1)
        Filter: (company_id < 73867)
        Rows Removed by Filter: 508443
  ->  Hash  (cost=67604.59..67604.59 rows=667531 width=4) (actual time=3641.261..3641.261 rows=662825 loops=1)
        Buckets: 131072  Batches: 16  Memory Usage: 2476kB
        ->  Seq Scan on title t  (cost=0.00..67604.59 rows=667531 width=4) (actual time=949.234..3364.913 rows=662825 loops=1)
              Filter: (kind_id = 1)
              Rows Removed by Filter: 1865487
Planning time: 0.726 ms
Execution time: 8795.822 ms
