Hash Join  (cost=245546.89..717145.74 rows=3669557 width=0) (actual time=11675.896..40205.311 rows=15920563 loops=1)
  Hash Cond: (mi.movie_id = t.id)
  ->  Seq Scan on movie_info mi  (cost=0.00..346232.03 rows=7235534 width=4) (actual time=199.246..18590.495 rows=7286865 loops=1)
        Filter: (info_type_id < 8)
        Rows Removed by Filter: 7548855
  ->  Hash  (cost=224507.36..224507.36 rows=1282362 width=8) (actual time=11475.848..11475.848 rows=1294227 loops=1)
        Buckets: 131072  Batches: 32  Memory Usage: 2680kB
        ->  Hash Join  (cost=102767.86..224507.36 rows=1282362 width=8) (actual time=5090.104..11017.167 rows=1294227 loops=1)
              Hash Cond: (mk.movie_id = t.id)
              ->  Seq Scan on movie_keyword mk  (cost=0.00..81003.12 rows=1282362 width=4) (actual time=0.035..4113.779 rows=1294227 loops=1)
                    Filter: (keyword_id < 1681)
                    Rows Removed by Filter: 3229703
              ->  Hash  (cost=61283.27..61283.27 rows=2528527 width=4) (actual time=5088.145..5088.145 rows=2528312 loops=1)
                    Buckets: 131072  Batches: 64  Memory Usage: 2425kB
                    ->  Seq Scan on title t  (cost=0.00..61283.27 rows=2528527 width=4) (actual time=0.047..3529.039 rows=2528312 loops=1)
Planning time: 20.062 ms
Execution time: 42449.089 ms
