Hash Join  (cost=113829.91..173402.28 rows=11348 width=0) (actual time=7057.879..8731.389 rows=18418 loops=1)
  Hash Cond: (mc.movie_id = t.id)
  ->  Seq Scan on movie_companies mc  (cost=0.00..57926.93 rows=408519 width=4) (actual time=552.629..2762.844 rows=230870 loops=1)
        Filter: ((company_id < 1717) AND (company_type_id = 2))
        Rows Removed by Filter: 2378259
  ->  Hash  (cost=112951.95..112951.95 rows=70237 width=8) (actual time=5805.594..5805.594 rows=152069 loops=1)
        Buckets: 131072 (originally 131072)  Batches: 2 (originally 1)  Memory Usage: 4001kB
        ->  Hash Join  (cost=80193.64..112951.95 rows=70237 width=8) (actual time=3969.744..5735.941 rows=152069 loops=1)
              Hash Cond: (mi_idx.movie_id = t.id)
              ->  Seq Scan on movie_info_idx mi_idx  (cost=0.00..25185.44 rows=464934 width=4) (actual time=0.033..1370.875 rows=460185 loops=1)
                    Filter: (info_type_id > 100)
                    Rows Removed by Filter: 919850
              ->  Hash  (cost=73925.90..73925.90 rows=381979 width=4) (actual time=3968.811..3968.811 rows=440029 loops=1)
                    Buckets: 131072  Batches: 8  Memory Usage: 2968kB
                    ->  Seq Scan on title t  (cost=0.00..73925.90 rows=381979 width=4) (actual time=0.025..3726.798 rows=440029 loops=1)
                          Filter: ((production_year < 2006) AND (kind_id = 1))
                          Rows Removed by Filter: 2088283
Planning time: 1.164 ms
Execution time: 8734.708 ms
