Hash Join  (cost=81152.82..140574.88 rows=82436 width=0) (actual time=3964.080..6810.979 rows=213444 loops=1)
  Hash Cond: (mc.movie_id = t.id)
  ->  Seq Scan on movie_companies mc  (cost=0.00..51404.11 rows=473223 width=4) (actual time=0.028..2378.983 rows=477190 loops=1)
        Filter: (company_id > 75508)
        Rows Removed by Filter: 2131939
  ->  Hash  (cost=73925.90..73925.90 rows=440473 width=4) (actual time=3963.168..3963.168 rows=473918 loops=1)
        Buckets: 131072  Batches: 8  Memory Usage: 3117kB
        ->  Seq Scan on title t  (cost=0.00..73925.90 rows=440473 width=4) (actual time=1975.097..3745.653 rows=473918 loops=1)
              Filter: ((production_year < 2008) AND (kind_id = 1))
              Rows Removed by Filter: 2054394
Planning time: 0.890 ms
Execution time: 6843.061 ms
