Hash Join  (cost=130467.15..217253.67 rows=12848 width=0) (actual time=6034.486..11384.046 rows=422163 loops=1)
  Hash Cond: (mk.movie_id = t.id)
  ->  Seq Scan on movie_keyword mk  (cost=0.00..69693.30 rows=4523930 width=4) (actual time=0.013..3894.236 rows=4523930 loops=1)
  ->  Hash  (cost=130377.39..130377.39 rows=7181 width=8) (actual time=6032.315..6032.315 rows=12973 loops=1)
        Buckets: 16384 (originally 8192)  Batches: 1 (originally 1)  Memory Usage: 635kB
        ->  Hash Join  (cost=74103.28..130377.39 rows=7181 width=8) (actual time=3269.415..6026.674 rows=12973 loops=1)
              Hash Cond: (mc.movie_id = t.id)
              ->  Seq Scan on movie_companies mc  (cost=0.00..51404.11 rows=1279517 width=4) (actual time=321.181..2740.052 rows=1274246 loops=1)
                    Filter: (company_type_id = 1)
                    Rows Removed by Filter: 1334883
              ->  Hash  (cost=73925.90..73925.90 rows=14190 width=4) (actual time=2947.093..2947.093 rows=12208 loops=1)
                    Buckets: 16384  Batches: 1  Memory Usage: 558kB
                    ->  Seq Scan on title t  (cost=0.00..73925.90 rows=14190 width=4) (actual time=0.028..2941.122 rows=12208 loops=1)
                          Filter: ((kind_id < 7) AND (production_year = 1996))
                          Rows Removed by Filter: 2516104
Planning time: 1.096 ms
Execution time: 11490.814 ms
