Hash Join  (cost=176602.05..304165.51 rows=456442 width=0) (actual time=9724.267..15803.415 rows=774955 loops=1)
  Hash Cond: (mk.movie_id = t.id)
  ->  Seq Scan on movie_keyword mk  (cost=0.00..69693.30 rows=4523930 width=4) (actual time=0.018..3734.530 rows=4523930 loops=1)
  ->  Hash  (cost=172416.10..172416.10 rows=255116 width=8) (actual time=9723.267..9723.267 rows=273352 loops=1)
        Buckets: 131072  Batches: 4  Memory Usage: 3700kB
        ->  Hash Join  (cost=100506.18..172416.10 rows=255116 width=8) (actual time=6263.381..9627.205 rows=273352 loops=1)
              Hash Cond: (mc.movie_id = t.id)
              ->  Seq Scan on movie_companies mc  (cost=0.00..57926.93 rows=398165 width=4) (actual time=0.021..2525.211 rows=720330 loops=1)
                    Filter: ((company_id > 31799) AND (company_type_id = 2))
                    Rows Removed by Filter: 1888799
              ->  Hash  (cost=73925.90..73925.90 rows=1620102 width=4) (actual time=6261.373..6261.373 rows=1708910 loops=1)
                    Buckets: 131072  Batches: 32  Memory Usage: 2906kB
                    ->  Seq Scan on title t  (cost=0.00..73925.90 rows=1620102 width=4) (actual time=0.017..5226.763 rows=1708910 loops=1)
                          Filter: ((kind_id > 2) AND (production_year > 1942))
                          Rows Removed by Filter: 819402
Planning time: 1.173 ms
Execution time: 15919.797 ms
