Seq Scan on movie_companies mc  (cost=0.00..57926.93 rows=1296446 width=0) (actual time=0.020..3055.815 rows=1327562 loops=1)
  Filter: ((company_id > 6) AND (company_type_id = 2))
  Rows Removed by Filter: 1281567
Planning time: 0.359 ms
Execution time: 3263.593 ms
