Hash Join  (cost=80827.88..218908.15 rows=697229 width=0) (actual time=7073.375..10259.394 rows=136241 loops=1)
  Hash Cond: (mk.movie_id = t.id)
  ->  Seq Scan on movie_keyword mk  (cost=0.00..81003.12 rows=4191162 width=4) (actual time=0.014..4777.918 rows=4175308 loops=1)
        Filter: (keyword_id > 303)
        Rows Removed by Filter: 348622
  ->  Hash  (cost=73925.90..73925.90 rows=420638 width=4) (actual time=3196.845..3196.845 rows=301535 loops=1)
        Buckets: 131072  Batches: 8  Memory Usage: 2343kB
        ->  Seq Scan on title t  (cost=0.00..73925.90 rows=420638 width=4) (actual time=0.020..3074.613 rows=301535 loops=1)
              Filter: ((production_year < 1990) AND (kind_id = 7))
              Rows Removed by Filter: 2226777
Planning time: 0.717 ms
Execution time: 10277.940 ms
