Hash Join  (cost=83074.17..137741.26 rows=156 width=0) (actual time=4001.728..7283.334 rows=8208 loops=1)
  Hash Cond: (mc.movie_id = t.id)
  ->  Seq Scan on movie_companies mc  (cost=0.00..44881.29 rows=2609129 width=4) (actual time=0.019..2610.431 rows=2609129 loops=1)
  ->  Hash  (cost=83072.29..83072.29 rows=151 width=8) (actual time=3990.816..3990.816 rows=523 loops=1)
        Buckets: 1024  Batches: 1  Memory Usage: 29kB
        ->  Nested Loop  (cost=0.43..83072.29 rows=151 width=8) (actual time=72.597..3990.278 rows=523 loops=1)
              ->  Seq Scan on movie_keyword mk  (cost=0.00..81003.12 rows=246 width=4) (actual time=72.534..3860.897 rows=818 loops=1)
                    Filter: (keyword_id = 3688)
                    Rows Removed by Filter: 4523112
              ->  Index Scan using title_pkey on title t  (cost=0.43..8.40 rows=1 width=4) (actual time=0.156..0.156 rows=1 loops=818)
                    Index Cond: (id = mk.movie_id)
                    Filter: (production_year < 2007)
                    Rows Removed by Filter: 0
Planning time: 1.189 ms
Execution time: 7284.792 ms
