Hash Join  (cost=91673.71..237255.83 rows=1935409 width=0) (actual time=4716.798..12405.437 rows=485986 loops=1)
  Hash Cond: (mk.movie_id = t.id)
  ->  Seq Scan on movie_keyword mk  (cost=0.00..69693.30 rows=4523930 width=4) (actual time=0.021..4691.045 rows=4523930 loops=1)
  ->  Hash  (cost=73925.90..73925.90 rows=1081744 width=4) (actual time=4715.404..4715.404 rows=1176905 loops=1)
        Buckets: 131072  Batches: 16  Memory Usage: 3625kB
        ->  Seq Scan on title t  (cost=0.00..73925.90 rows=1081744 width=4) (actual time=0.839..4182.821 rows=1176905 loops=1)
              Filter: ((production_year > 1989) AND (kind_id = 7))
              Rows Removed by Filter: 1351407
Planning time: 0.791 ms
Execution time: 12468.673 ms
