Hash Join  (cost=94657.25..459392.85 rows=7971 width=219) (actual time=1569.369..8067.095 rows=30193 loops=1)
  Hash Cond: (mi.movie_id = t.id)
  ->  Seq Scan on movie_info mi  (cost=0.00..309384.22 rows=14739122 width=75) (actual time=0.018..3604.693 rows=14835720 loops=1)
  ->  Hash  (cost=94640.16..94640.16 rows=1367 width=144) (actual time=1569.195..1569.195 rows=1455 loops=1)
        Buckets: 2048  Batches: 1  Memory Usage: 202kB
        ->  Hash Join  (cost=67697.55..94640.16 rows=1367 width=144) (actual time=1032.024..1567.710 rows=1455 loops=1)
              Hash Cond: (mi_idx.movie_id = t.id)
              ->  Seq Scan on movie_info_idx mi_idx  (cost=0.00..25185.44 rows=464934 width=50) (actual time=0.021..425.399 rows=460185 loops=1)
                    Filter: (info_type_id > 100)
                    Rows Removed by Filter: 919850
              ->  Hash  (cost=67604.59..67604.59 rows=7437 width=94) (actual time=1030.616..1030.616 rows=6834 loops=1)
                    Buckets: 8192  Batches: 1  Memory Usage: 836kB
                    ->  Seq Scan on title t  (cost=0.00..67604.59 rows=7437 width=94) (actual time=0.030..1026.958 rows=6834 loops=1)
                          Filter: (production_year = 1953)
                          Rows Removed by Filter: 2521478
Planning time: 1.416 ms
Execution time: 8069.267 ms
