Hash Join  (cost=102767.86..165354.67 rows=54197 width=0) (actual time=5875.716..8609.035 rows=53084 loops=1)
  Hash Cond: (mc.movie_id = t.id)
  ->  Seq Scan on movie_companies mc  (cost=0.00..51404.11 rows=54197 width=4) (actual time=392.049..2638.615 rows=53084 loops=1)
        Filter: (company_id > 189050)
        Rows Removed by Filter: 2556045
  ->  Hash  (cost=61283.27..61283.27 rows=2528527 width=4) (actual time=5481.362..5481.362 rows=2528312 loops=1)
        Buckets: 131072  Batches: 64  Memory Usage: 2415kB
        ->  Seq Scan on title t  (cost=0.00..61283.27 rows=2528527 width=4) (actual time=0.023..4261.640 rows=2528312 loops=1)
Planning time: 0.698 ms
Execution time: 8616.007 ms
