Hash Join  (cost=128691.76..493506.77 rows=15905 width=0) (actual time=5221.866..24312.199 rows=5186 loops=1)
  Hash Cond: (mi.movie_id = t.id)
  ->  Seq Scan on movie_info mi  (cost=0.00..309384.22 rows=14739122 width=4) (actual time=0.011..15742.947 rows=14835720 loops=1)
  ->  Hash  (cost=128657.65..128657.65 rows=2729 width=8) (actual time=4795.961..4795.961 rows=424 loops=1)
        Buckets: 4096  Batches: 1  Memory Usage: 49kB
        ->  Nested Loop  (cost=0.43..128657.65 rows=2729 width=8) (actual time=3537.000..4795.585 rows=424 loops=1)
              ->  Seq Scan on movie_keyword mk  (cost=0.00..81003.12 rows=6786 width=4) (actual time=0.104..3886.607 rows=5392 loops=1)
                    Filter: (keyword_id = 460)
                    Rows Removed by Filter: 4518538
              ->  Index Scan using title_pkey on title t  (cost=0.43..7.01 rows=1 width=4) (actual time=0.168..0.168 rows=0 loops=5392)
                    Index Cond: (id = mk.movie_id)
                    Filter: ((production_year < 2008) AND (kind_id = 7))
                    Rows Removed by Filter: 1
Planning time: 1.284 ms
Execution time: 24316.259 ms
