Nested Loop  (cost=77395.51..470449.62 rows=9077 width=209) (actual time=4677.348..16015.560 rows=724823 loops=1)
  ->  Hash Join  (cost=77395.08..442396.54 rows=46900 width=115) (actual time=4677.258..8029.117 rows=724823 loops=1)
        Hash Cond: (mi.movie_id = mc.movie_id)
        ->  Seq Scan on movie_info mi  (cost=0.00..346232.03 rows=17937 width=75) (actual time=2657.276..4560.247 rows=68025 loops=1)
              Filter: (info_type_id = 94)
              Rows Removed by Filter: 14767695
        ->  Hash  (cost=51404.11..51404.11 rows=1279517 width=40) (actual time=2018.426..2018.426 rows=1274246 loops=1)
              Buckets: 65536  Batches: 32  Memory Usage: 3356kB
              ->  Seq Scan on movie_companies mc  (cost=0.00..51404.11 rows=1279517 width=40) (actual time=143.065..946.819 rows=1274246 loops=1)
                    Filter: (company_type_id = 1)
                    Rows Removed by Filter: 1334883
  ->  Index Scan using title_pkey on title t  (cost=0.43..0.59 rows=1 width=94) (actual time=0.010..0.010 rows=1 loops=724823)
        Index Cond: (id = mc.movie_id)
Planning time: 1.423 ms
Execution time: 16068.965 ms
