Hash Join  (cost=83074.74..137742.81 rows=254 width=0) (actual time=3522.529..6935.336 rows=1013 loops=1)
  Hash Cond: (mc.movie_id = t.id)
  ->  Seq Scan on movie_companies mc  (cost=0.00..44881.29 rows=2609129 width=4) (actual time=0.011..2718.851 rows=2609129 loops=1)
  ->  Hash  (cost=83071.67..83071.67 rows=246 width=8) (actual time=3460.120..3460.120 rows=145 loops=1)
        Buckets: 1024  Batches: 1  Memory Usage: 14kB
        ->  Nested Loop  (cost=0.43..83071.67 rows=246 width=8) (actual time=12.812..3459.882 rows=145 loops=1)
              ->  Seq Scan on movie_keyword mk  (cost=0.00..81003.12 rows=246 width=4) (actual time=12.710..3416.182 rows=145 loops=1)
                    Filter: (keyword_id = 34121)
                    Rows Removed by Filter: 4523785
              ->  Index Only Scan using title_pkey on title t  (cost=0.43..8.40 rows=1 width=4) (actual time=0.190..0.296 rows=1 loops=145)
                    Index Cond: (id = mk.movie_id)
                    Heap Fetches: 145
Planning time: 1.083 ms
Execution time: 6935.692 ms
