Nested Loop  (cost=0.43..83072.29 rows=88 width=0) (actual time=466.454..3998.091 rows=21 loops=1)
  ->  Seq Scan on movie_keyword mk  (cost=0.00..81003.12 rows=246 width=4) (actual time=2.336..3901.202 rows=335 loops=1)
        Filter: (keyword_id = 18430)
        Rows Removed by Filter: 4523595
  ->  Index Scan using title_pkey on title t  (cost=0.43..8.40 rows=1 width=4) (actual time=0.286..0.286 rows=0 loops=335)
        Index Cond: (id = mk.movie_id)
        Filter: (production_year > 2006)
        Rows Removed by Filter: 1
Planning time: 0.761 ms
Execution time: 3998.212 ms
