Seq Scan on movie_keyword mk  (cost=0.00..81003.12 rows=3048314 width=0) (actual time=0.014..4426.006 rows=3036228 loops=1)
  Filter: (keyword_id < 10968)
  Rows Removed by Filter: 1487702
Planning time: 0.336 ms
Execution time: 4993.363 ms
