Seq Scan on title t  (cost=0.00..73925.90 rows=492641 width=0) (actual time=0.015..3409.463 rows=420285 loops=1)
  Filter: ((kind_id < 7) AND (production_year > 2002))
  Rows Removed by Filter: 2108027
Planning time: 0.324 ms
Execution time: 3488.099 ms
