Seq Scan on movie_keyword mk  (cost=0.00..81003.12 rows=3926264 width=0) (actual time=0.022..4752.941 rows=3925881 loops=1)
  Filter: (keyword_id < 30714)
  Rows Removed by Filter: 598049
Planning time: 0.352 ms
Execution time: 5498.470 ms
