Hash Join  (cost=79775.76..120807.23 rows=194599 width=0) (actual time=4432.446..6942.484 rows=434269 loops=1)
  Hash Cond: (mi_idx.movie_id = t.id)
  ->  Seq Scan on movie_info_idx mi_idx  (cost=0.00..21735.35 rows=1380035 width=4) (actual time=0.025..1493.407 rows=1380035 loops=1)
  ->  Hash  (cost=73925.90..73925.90 rows=356548 width=4) (actual time=4431.424..4431.424 rows=424572 loops=1)
        Buckets: 131072  Batches: 8  Memory Usage: 2898kB
        ->  Seq Scan on title t  (cost=0.00..73925.90 rows=356548 width=4) (actual time=532.918..4232.874 rows=424572 loops=1)
              Filter: ((production_year < 2005) AND (kind_id = 1))
              Rows Removed by Filter: 2103740
Planning time: 0.659 ms
Execution time: 7005.241 ms
