Hash Join  (cost=263115.61..1415580.47 rows=18484968 width=0) (actual time=13705.926..84794.872 rows=39915853 loops=1)
  Hash Cond: (ci.movie_id = t.id)
  ->  Seq Scan on cast_info ci  (cost=0.00..705507.15 rows=17913925 width=4) (actual time=0.025..44853.683 rows=18039251 loops=1)
        Filter: (person_id > 1807750)
        Rows Removed by Filter: 18205093
  ->  Hash  (cost=220309.49..220309.49 rows=2609129 width=8) (actual time=13705.224..13705.224 rows=2609129 loops=1)
        Buckets: 131072  Batches: 64  Memory Usage: 2610kB
        ->  Hash Join  (cost=102767.86..220309.49 rows=2609129 width=8) (actual time=5558.557..12616.888 rows=2609129 loops=1)
              Hash Cond: (mc.movie_id = t.id)
              ->  Seq Scan on movie_companies mc  (cost=0.00..44881.29 rows=2609129 width=4) (actual time=0.014..3263.503 rows=2609129 loops=1)
              ->  Hash  (cost=61283.27..61283.27 rows=2528527 width=4) (actual time=5557.053..5557.053 rows=2528312 loops=1)
                    Buckets: 131072  Batches: 64  Memory Usage: 2415kB
                    ->  Seq Scan on title t  (cost=0.00..61283.27 rows=2528527 width=4) (actual time=0.008..4211.536 rows=2528312 loops=1)
Planning time: 1.149 ms
Execution time: 90370.589 ms
