Nested Loop  (cost=0.43..83072.29 rows=11 width=106) (actual time=140.412..1711.275 rows=145 loops=1)
  ->  Seq Scan on movie_keyword mk  (cost=0.00..81003.12 rows=246 width=12) (actual time=2.169..1595.907 rows=1378 loops=1)
        Filter: (keyword_id = 980)
        Rows Removed by Filter: 4522552
  ->  Index Scan using title_pkey on title t  (cost=0.43..8.40 rows=1 width=94) (actual time=0.082..0.082 rows=0 loops=1378)
        Index Cond: (id = mk.movie_id)
        Filter: (production_year < 1928)
        Rows Removed by Filter: 1
Planning time: 1.885 ms
Execution time: 1711.365 ms
