Seq Scan on cast_info ci  (cost=0.00..796071.18 rows=4377711 width=0) (actual time=18929.735..36123.369 rows=6087774 loops=1)
  Filter: ((person_id > 1573668) AND (role_id > 6))
  Rows Removed by Filter: 30156570
Planning time: 0.346 ms
Execution time: 37156.120 ms
