Seq Scan on movie_keyword mk  (cost=0.00..81003.12 rows=2776028 width=0) (actual time=0.027..4339.081 rows=2769597 loops=1)
  Filter: (keyword_id < 7919)
  Rows Removed by Filter: 1754333
Planning time: 0.877 ms
Execution time: 4828.467 ms
