Seq Scan on cast_info ci  (cost=0.00..705507.15 rows=3906610 width=0) (actual time=589.135..34965.049 rows=3781950 loops=1)
  Filter: (person_id < 362888)
  Rows Removed by Filter: 32462394
Planning time: 0.306 ms
Execution time: 35758.185 ms
