Hash Join  (cost=83074.74..111707.54 rows=89 width=0) (actual time=3706.511..5622.432 rows=2168 loops=1)
  Hash Cond: (mi_idx.movie_id = t.id)
  ->  Seq Scan on movie_info_idx mi_idx  (cost=0.00..25185.44 rows=919057 width=4) (actual time=0.011..1710.544 rows=920110 loops=1)
        Filter: (info_type_id > 99)
        Rows Removed by Filter: 459925
  ->  Hash  (cost=83071.67..83071.67 rows=246 width=8) (actual time=3706.433..3706.433 rows=1250 loops=1)
        Buckets: 2048 (originally 1024)  Batches: 1 (originally 1)  Memory Usage: 65kB
        ->  Nested Loop  (cost=0.43..83071.67 rows=246 width=8) (actual time=0.265..3705.401 rows=1250 loops=1)
              ->  Seq Scan on movie_keyword mk  (cost=0.00..81003.12 rows=246 width=4) (actual time=0.218..3503.400 rows=1250 loops=1)
                    Filter: (keyword_id = 1915)
                    Rows Removed by Filter: 4522680
              ->  Index Only Scan using title_pkey on title t  (cost=0.43..8.40 rows=1 width=4) (actual time=0.160..0.160 rows=1 loops=1250)
                    Index Cond: (id = mk.movie_id)
                    Heap Fetches: 1250
Planning time: 4.276 ms
Execution time: 5622.979 ms
