Hash Join  (cost=218418.30..371846.70 rows=1952341 width=0) (actual time=13094.908..24682.774 rows=7588780 loops=1)
  Hash Cond: (mk.movie_id = t.id)
  ->  Seq Scan on movie_keyword mk  (cost=0.00..81003.12 rows=4175697 width=4) (actual time=0.016..6173.770 rows=4160645 loops=1)
        Filter: (keyword_id > 333)
        Rows Removed by Filter: 363285
  ->  Hash  (cost=199021.69..199021.69 rows=1182209 width=8) (actual time=13093.885..13093.885 rows=1270409 loops=1)
        Buckets: 131072 (originally 131072)  Batches: 32 (originally 16)  Memory Usage: 3073kB
        ->  Hash Join  (cost=102767.86..199021.69 rows=1182209 width=8) (actual time=6780.078..12614.650 rows=1270409 loops=1)
              Hash Cond: (mc.movie_id = t.id)
              ->  Seq Scan on movie_companies mc  (cost=0.00..57926.93 rows=1182209 width=4) (actual time=0.022..3969.849 rows=1270409 loops=1)
                    Filter: ((company_id > 154) AND (company_type_id = 2))
                    Rows Removed by Filter: 1338720
              ->  Hash  (cost=61283.27..61283.27 rows=2528527 width=4) (actual time=6778.572..6778.572 rows=2528312 loops=1)
                    Buckets: 131072  Batches: 64  Memory Usage: 2415kB
                    ->  Seq Scan on title t  (cost=0.00..61283.27 rows=2528527 width=4) (actual time=0.023..4609.049 rows=2528312 loops=1)
Planning time: 1.233 ms
Execution time: 25746.542 ms
