Hash Join  (cost=102767.86..282429.42 rows=3689504 width=0) (actual time=4569.129..14164.613 rows=3683523 loops=1)
  Hash Cond: (mk.movie_id = t.id)
  ->  Seq Scan on movie_keyword mk  (cost=0.00..81003.12 rows=3689504 width=4) (actual time=0.020..4805.629 rows=3683523 loops=1)
        Filter: (keyword_id < 21845)
        Rows Removed by Filter: 840407
  ->  Hash  (cost=61283.27..61283.27 rows=2528527 width=4) (actual time=4567.157..4567.157 rows=2528312 loops=1)
        Buckets: 131072  Batches: 64  Memory Usage: 2425kB
        ->  Seq Scan on title t  (cost=0.00..61283.27 rows=2528527 width=4) (actual time=0.025..3431.292 rows=2528312 loops=1)
Planning time: 10.705 ms
Execution time: 14654.037 ms
