Hash Join  (cost=74547.79..129726.69 rows=51337 width=0) (actual time=3738.681..7881.420 rows=39656 loops=1)
  Hash Cond: (mc.movie_id = t.id)
  ->  Seq Scan on movie_companies mc  (cost=0.00..44881.29 rows=2609129 width=4) (actual time=0.019..2932.388 rows=2609129 loops=1)
  ->  Hash  (cost=73925.90..73925.90 rows=49751 width=4) (actual time=3738.303..3738.303 rows=56995 loops=1)
        Buckets: 65536  Batches: 1  Memory Usage: 2516kB
        ->  Seq Scan on title t  (cost=0.00..73925.90 rows=49751 width=4) (actual time=0.009..3698.208 rows=56995 loops=1)
              Filter: ((kind_id > 1) AND (production_year = 2003))
              Rows Removed by Filter: 2471317
Planning time: 0.717 ms
Execution time: 7887.796 ms
