Hash Join  (cost=102767.86..300789.52 rows=4452587 width=0) (actual time=6056.947..16379.879 rows=4448933 loops=1)
  Hash Cond: (mk.movie_id = t.id)
  ->  Seq Scan on movie_keyword mk  (cost=0.00..81003.12 rows=4452587 width=4) (actual time=0.025..5587.656 rows=4448933 loops=1)
        Filter: (keyword_id > 68)
        Rows Removed by Filter: 74997
  ->  Hash  (cost=61283.27..61283.27 rows=2528527 width=4) (actual time=6051.401..6051.401 rows=2528312 loops=1)
        Buckets: 131072  Batches: 64  Memory Usage: 2425kB
        ->  Seq Scan on title t  (cost=0.00..61283.27 rows=2528527 width=4) (actual time=0.011..4743.560 rows=2528312 loops=1)
Planning time: 1.334 ms
Execution time: 16997.022 ms
