Hash Join  (cost=162075.57..548104.18 rows=294876 width=0) (actual time=9137.145..29334.035 rows=510442 loops=1)
  Hash Cond: (mi.movie_id = t.id)
  ->  Seq Scan on movie_info mi  (cost=0.00..309384.22 rows=14739122 width=4) (actual time=0.012..16084.458 rows=14835720 loops=1)
  ->  Hash  (cost=161443.24..161443.24 rows=50587 width=8) (actual time=8229.814..8229.814 rows=35034 loops=1)
        Buckets: 65536  Batches: 1  Memory Usage: 1881kB
        ->  Hash Join  (cost=74279.33..161443.24 rows=50587 width=8) (actual time=3031.197..8217.632 rows=35034 loops=1)
              Hash Cond: (mk.movie_id = t.id)
              ->  Seq Scan on movie_keyword mk  (cost=0.00..69693.30 rows=4523930 width=4) (actual time=0.015..3878.270 rows=4523930 loops=1)
              ->  Hash  (cost=73925.90..73925.90 rows=28274 width=4) (actual time=3019.755..3019.755 rows=25769 loops=1)
                    Buckets: 32768  Batches: 1  Memory Usage: 1162kB
                    ->  Seq Scan on title t  (cost=0.00..73925.90 rows=28274 width=4) (actual time=438.508..3008.366 rows=25769 loops=1)
                          Filter: ((production_year > 2007) AND (kind_id = 2))
                          Rows Removed by Filter: 2502543
Planning time: 1.129 ms
Execution time: 29434.182 ms
