Nested Loop  (cost=0.43..83072.29 rows=181 width=0) (actual time=1.104..3299.888 rows=478 loops=1)
  ->  Seq Scan on movie_keyword mk  (cost=0.00..81003.12 rows=246 width=4) (actual time=1.062..2945.459 rows=2124 loops=1)
        Filter: (keyword_id = 7677)
        Rows Removed by Filter: 4521806
  ->  Index Scan using title_pkey on title t  (cost=0.43..8.40 rows=1 width=4) (actual time=0.166..0.166 rows=0 loops=2124)
        Index Cond: (id = mk.movie_id)
        Filter: (kind_id > 1)
        Rows Removed by Filter: 1
Planning time: 18.892 ms
Execution time: 3300.256 ms
