Hash Join  (cost=98137.04..1135691.69 rows=8545310 width=0) (actual time=32218.378..66409.858 rows=8858733 loops=1)
  Hash Cond: (ci.movie_id = t.id)
  ->  Seq Scan on cast_info ci  (cost=0.00..796071.18 rows=11610475 width=4) (actual time=27388.357..47703.324 rows=12670688 loops=1)
        Filter: ((person_id < 3468585) AND (role_id = 1))
        Rows Removed by Filter: 23573656
  ->  Hash  (cost=67604.59..67604.59 rows=1860996 width=4) (actual time=4829.091..4829.091 rows=1865487 loops=1)
        Buckets: 131072  Batches: 32  Memory Usage: 3079kB
        ->  Seq Scan on title t  (cost=0.00..67604.59 rows=1860996 width=4) (actual time=0.020..3754.094 rows=1865487 loops=1)
              Filter: (kind_id > 1)
              Rows Removed by Filter: 662825
Planning time: 0.773 ms
Execution time: 67600.473 ms
