Seq Scan on title t  (cost=0.00..73925.90 rows=894946 width=0) (actual time=0.023..3997.028 rows=810098 loops=1)
  Filter: ((kind_id < 7) AND (production_year > 1951))
  Rows Removed by Filter: 1718214
Planning time: 0.366 ms
Execution time: 4124.536 ms
