Hash Join  (cost=100948.70..155639.76 rows=2552 width=0) (actual time=5132.302..7436.536 rows=8604 loops=1)
  Hash Cond: (mc.movie_id = t.id)
  ->  Seq Scan on movie_companies mc  (cost=0.00..44881.29 rows=2609129 width=4) (actual time=0.013..2346.478 rows=2609129 loops=1)
  ->  Hash  (cost=100917.78..100917.78 rows=2474 width=8) (actual time=4438.368..4438.368 rows=3534 loops=1)
        Buckets: 4096  Batches: 1  Memory Usage: 171kB
        ->  Hash Join  (cost=73982.55..100917.78 rows=2474 width=8) (actual time=3493.048..4436.940 rows=3534 loops=1)
              Hash Cond: (mi_idx.movie_id = t.id)
              ->  Seq Scan on movie_info_idx mi_idx  (cost=0.00..21735.35 rows=1380035 width=4) (actual time=7.388..876.703 rows=1380035 loops=1)
              ->  Hash  (cost=73925.90..73925.90 rows=4532 width=4) (actual time=3208.073..3208.073 rows=8378 loops=1)
                    Buckets: 16384 (originally 8192)  Batches: 1 (originally 1)  Memory Usage: 423kB
                    ->  Seq Scan on title t  (cost=0.00..73925.90 rows=4532 width=4) (actual time=0.173..3202.782 rows=8378 loops=1)
                          Filter: ((kind_id = 7) AND (production_year = 1979))
                          Rows Removed by Filter: 2519934
Planning time: 5.410 ms
Execution time: 7438.586 ms
