Hash Join  (cost=147036.49..1210100.85 rows=2848419 width=0) (actual time=8055.087..78082.010 rows=5508268 loops=1)
  Hash Cond: (ci.movie_id = t.id)
  ->  Seq Scan on cast_info ci  (cost=0.00..614943.12 rows=36225612 width=4) (actual time=0.012..46560.619 rows=36244344 loops=1)
  ->  Hash  (cost=143774.27..143774.27 rows=198818 width=8) (actual time=8054.330..8054.330 rows=118438 loops=1)
        Buckets: 131072  Batches: 4  Memory Usage: 2176kB
        ->  Hash Join  (cost=74050.79..143774.27 rows=198818 width=8) (actual time=4684.187..8013.784 rows=118438 loops=1)
              Hash Cond: (mc.movie_id = t.id)
              ->  Seq Scan on movie_companies mc  (cost=0.00..51404.11 rows=1279517 width=4) (actual time=741.357..3201.890 rows=1274246 loops=1)
                    Filter: (company_type_id < 2)
                    Rows Removed by Filter: 1334883
              ->  Hash  (cost=67604.59..67604.59 rows=392896 width=4) (actual time=3941.899..3941.899 rows=391666 loops=1)
                    Buckets: 131072  Batches: 8  Memory Usage: 2753kB
                    ->  Seq Scan on title t  (cost=0.00..67604.59 rows=392896 width=4) (actual time=0.019..3781.682 rows=391666 loops=1)
                          Filter: (production_year > 2010)
                          Rows Removed by Filter: 2136646
Planning time: 9.241 ms
Execution time: 78964.694 ms
