Nested Loop  (cost=35450.09..405103.02 rows=3270 width=219) (actual time=2436.214..6860.260 rows=59670 loops=1)
  Join Filter: (mi.movie_id = t.id)
  ->  Hash Join  (cost=35449.66..389956.77 rows=17811 width=125) (actual time=2436.155..6129.180 rows=59670 loops=1)
        Hash Cond: (mi.movie_id = mi_idx.movie_id)
        ->  Seq Scan on movie_info mi  (cost=0.00..346232.03 rows=17937 width=75) (actual time=1873.749..4709.549 rows=68025 loops=1)
              Filter: (info_type_id = 94)
              Rows Removed by Filter: 14767695
        ->  Hash  (cost=25185.44..25185.44 rows=460978 width=50) (actual time=561.805..561.805 rows=459925 loops=1)
              Buckets: 65536  Batches: 16  Memory Usage: 2073kB
              ->  Seq Scan on movie_info_idx mi_idx  (cost=0.00..25185.44 rows=460978 width=50) (actual time=0.032..425.714 rows=459925 loops=1)
                    Filter: (info_type_id < 100)
                    Rows Removed by Filter: 920110
  ->  Index Scan using title_pkey on title t  (cost=0.43..0.84 rows=1 width=94) (actual time=0.011..0.011 rows=1 loops=59670)
        Index Cond: (id = mi_idx.movie_id)
Planning time: 1.494 ms
Execution time: 6865.039 ms
