Hash Join  (cost=136831.91..267471.75 rows=708980 width=0) (actual time=8486.706..17878.255 rows=5841990 loops=1)
  Hash Cond: (mk.movie_id = t.id)
  ->  Seq Scan on movie_keyword mk  (cost=0.00..69693.30 rows=4523930 width=4) (actual time=0.012..5066.486 rows=4523930 loops=1)
  ->  Hash  (cost=130330.60..130330.60 rows=396265 width=8) (actual time=8485.558..8485.558 rows=656267 loops=1)
        Buckets: 131072 (originally 131072)  Batches: 16 (originally 8)  Memory Usage: 3073kB
        ->  Hash Join  (cost=85838.47..130330.60 rows=396265 width=8) (actual time=4661.421..8208.255 rows=656267 loops=1)
              Hash Cond: (mi_idx.movie_id = t.id)
              ->  Seq Scan on movie_info_idx mi_idx  (cost=0.00..21735.35 rows=1380035 width=4) (actual time=0.019..1770.555 rows=1380035 loops=1)
              ->  Hash  (cost=73925.90..73925.90 rows=726045 width=4) (actual time=4660.454..4660.454 rows=628133 loops=1)
                    Buckets: 131072  Batches: 16  Memory Usage: 2403kB
                    ->  Seq Scan on title t  (cost=0.00..73925.90 rows=726045 width=4) (actual time=0.031..3627.094 rows=628133 loops=1)
                          Filter: ((kind_id < 7) AND (production_year > 1985))
                          Rows Removed by Filter: 1900179
Planning time: 1.109 ms
Execution time: 18745.339 ms
