Hash Join  (cost=259945.29..1588544.00 rows=24289047 width=0) (actual time=13164.979..88893.909 rows=11268862 loops=1)
  Hash Cond: (ci.movie_id = t.id)
  ->  Seq Scan on cast_info ci  (cost=0.00..614943.12 rows=36225612 width=4) (actual time=0.019..45604.983 rows=36244344 loops=1)
  ->  Hash  (cost=232130.26..232130.26 rows=1695362 width=8) (actual time=13163.437..13163.437 rows=387842 loops=1)
        Buckets: 131072  Batches: 32  Memory Usage: 1476kB
        ->  Hash Join  (cost=89472.60..232130.26 rows=1695362 width=8) (actual time=8820.252..13037.397 rows=387842 loops=1)
              Hash Cond: (mk.movie_id = t.id)
              ->  Seq Scan on movie_keyword mk  (cost=0.00..69693.30 rows=4523930 width=4) (actual time=0.014..4896.826 rows=4523930 loops=1)
              ->  Hash  (cost=73925.90..73925.90 rows=947576 width=4) (actual time=4854.292..4854.292 rows=876037 loops=1)
                    Buckets: 131072  Batches: 16  Memory Usage: 2955kB
                    ->  Seq Scan on title t  (cost=0.00..73925.90 rows=947576 width=4) (actual time=0.012..4465.775 rows=876037 loops=1)
                          Filter: ((production_year < 2007) AND (kind_id = 7))
                          Rows Removed by Filter: 1652275
Planning time: 5.841 ms
Execution time: 90511.280 ms
