Hash Join  (cost=121102.39..987229.52 rows=1250227 width=0) (actual time=5759.338..52014.734 rows=3200741 loops=1)
  Hash Cond: (ci.movie_id = t.id)
  ->  Seq Scan on cast_info ci  (cost=0.00..705507.15 rows=12726058 width=4) (actual time=0.023..38216.212 rows=12670688 loops=1)
        Filter: (role_id = 1)
        Rows Removed by Filter: 23573656
  ->  Hash  (cost=117026.32..117026.32 rows=248406 width=8) (actual time=5758.354..5758.354 rows=275248 loops=1)
        Buckets: 131072  Batches: 4  Memory Usage: 3721kB
        ->  Hash Join  (cost=75071.77..117026.32 rows=248406 width=8) (actual time=3403.731..5619.991 rows=275248 loops=1)
              Hash Cond: (mi_idx.movie_id = t.id)
              ->  Seq Scan on movie_info_idx mi_idx  (cost=0.00..21735.35 rows=1380035 width=4) (actual time=0.018..1111.260 rows=1380035 loops=1)
              ->  Hash  (cost=67604.59..67604.59 rows=455135 width=4) (actual time=3402.138..3402.138 rows=451569 loops=1)
                    Buckets: 131072  Batches: 8  Memory Usage: 3003kB
                    ->  Seq Scan on title t  (cost=0.00..67604.59 rows=455135 width=4) (actual time=0.011..2982.854 rows=451569 loops=1)
                          Filter: (production_year < 1976)
                          Rows Removed by Filter: 2076743
Planning time: 3.883 ms
Execution time: 52454.883 ms
