Hash Join  (cost=128779.72..232158.47 rows=180075 width=0) (actual time=7318.976..14304.840 rows=2377067 loops=1)
  Hash Cond: (mk.movie_id = t.id)
  ->  Seq Scan on movie_keyword mk  (cost=0.00..81003.12 rows=1688232 width=4) (actual time=0.032..4488.780 rows=1696875 loops=1)
        Filter: (keyword_id > 8486)
        Rows Removed by Filter: 2827055
  ->  Hash  (cost=124354.41..124354.41 rows=269705 width=8) (actual time=7318.174..7318.174 rows=603529 loops=1)
        Buckets: 131072 (originally 131072)  Batches: 8 (originally 4)  Memory Usage: 4003kB
        ->  Hash Join  (cost=82033.88..124354.41 rows=269705 width=8) (actual time=4020.726..7063.803 rows=603529 loops=1)
              Hash Cond: (mi_idx.movie_id = t.id)
              ->  Seq Scan on movie_info_idx mi_idx  (cost=0.00..21735.35 rows=1380035 width=4) (actual time=3.864..1754.303 rows=1380035 loops=1)
              ->  Hash  (cost=73925.90..73925.90 rows=494158 width=4) (actual time=4015.991..4015.991 rows=581419 loops=1)
                    Buckets: 131072  Batches: 8  Memory Usage: 3592kB
                    ->  Seq Scan on title t  (cost=0.00..73925.90 rows=494158 width=4) (actual time=0.021..3723.942 rows=581419 loops=1)
                          Filter: ((kind_id < 7) AND (production_year < 2004))
                          Rows Removed by Filter: 1946893
Planning time: 4.480 ms
Execution time: 14632.437 ms
