Seq Scan on movie_companies mc  (cost=0.00..57926.93 rows=812611 width=0) (actual time=63.510..2661.335 rows=1116608 loops=1)
  Filter: ((company_id < 18096) AND (company_type_id < 2))
  Rows Removed by Filter: 1492521
Planning time: 0.304 ms
Execution time: 2852.061 ms
