Hash Join  (cost=102205.59..161372.52 rows=1151041 width=0) (actual time=5726.971..8698.813 rows=1170442 loops=1)
  Hash Cond: (mi_idx.movie_id = t.id)
  ->  Seq Scan on movie_info_idx mi_idx  (cost=0.00..21735.35 rows=1380035 width=4) (actual time=0.023..1469.002 rows=1380035 loops=1)
  ->  Hash  (cost=67604.59..67604.59 rows=2108960 width=4) (actual time=5725.833..5725.833 rows=2104137 loops=1)
        Buckets: 131072  Batches: 32  Memory Usage: 3341kB
        ->  Seq Scan on title t  (cost=0.00..67604.59 rows=2108960 width=4) (actual time=0.012..4888.888 rows=2104137 loops=1)
              Filter: (production_year > 1968)
              Rows Removed by Filter: 424175
Planning time: 0.681 ms
Execution time: 8890.261 ms
