Hash Join  (cost=83072.76..905899.75 rows=473 width=0) (actual time=5474.581..41661.742 rows=7415 loops=1)
  Hash Cond: (ci.movie_id = t.id)
  ->  Seq Scan on cast_info ci  (cost=0.00..705507.15 rows=31284038 width=4) (actual time=1888.089..32139.339 rows=31424193 loops=1)
        Filter: (person_id > 468229)
        Rows Removed by Filter: 4820151
  ->  Hash  (cost=83072.29..83072.29 rows=38 width=8) (actual time=3582.929..3582.929 rows=70 loops=1)
        Buckets: 1024  Batches: 1  Memory Usage: 11kB
        ->  Nested Loop  (cost=0.43..83072.29 rows=38 width=8) (actual time=33.053..3582.778 rows=70 loops=1)
              ->  Seq Scan on movie_keyword mk  (cost=0.00..81003.12 rows=246 width=4) (actual time=12.821..3425.012 rows=648 loops=1)
                    Filter: (keyword_id = 2050)
                    Rows Removed by Filter: 4523282
              ->  Index Scan using title_pkey on title t  (cost=0.43..8.40 rows=1 width=4) (actual time=0.241..0.241 rows=0 loops=648)
                    Index Cond: (id = mk.movie_id)
                    Filter: (production_year > 2010)
                    Rows Removed by Filter: 1
Planning time: 1.108 ms
Execution time: 41665.192 ms
