Hash Join  (cost=52284.99..140849.54 rows=83 width=0) (actual time=2726.554..6818.954 rows=2107 loops=1)
  Hash Cond: (mk.movie_id = t.id)
  ->  Seq Scan on movie_keyword mk  (cost=0.00..81003.12 rows=2016158 width=4) (actual time=0.026..3924.374 rows=2018525 loops=1)
        Filter: (keyword_id < 3617)
        Rows Removed by Filter: 2505405
  ->  Hash  (cost=52283.69..52283.69 rows=104 width=8) (actual time=2505.589..2505.589 rows=198 loops=1)
        Buckets: 1024  Batches: 1  Memory Usage: 16kB
        ->  Nested Loop  (cost=0.43..52283.69 rows=104 width=8) (actual time=837.718..2505.457 rows=198 loops=1)
              ->  Seq Scan on movie_companies mc  (cost=0.00..51404.11 rows=104 width=4) (actual time=837.615..2493.121 rows=198 loops=1)
                    Filter: (company_id = 11661)
                    Rows Removed by Filter: 2608931
              ->  Index Only Scan using title_pkey on title t  (cost=0.43..8.45 rows=1 width=4) (actual time=0.059..0.059 rows=1 loops=198)
                    Index Cond: (id = mc.movie_id)
                    Heap Fetches: 198
Planning time: 3.990 ms
Execution time: 6819.376 ms
