Hash Join  (cost=156649.15..229359.92 rows=177890 width=0) (actual time=7590.864..11973.333 rows=770945 loops=1)
  Hash Cond: (mc.movie_id = t.id)
  ->  Seq Scan on movie_companies mc  (cost=0.00..57926.93 rows=967450 width=4) (actual time=0.020..3305.477 rows=1257579 loops=1)
        Filter: ((company_id < 56864) AND (company_type_id = 1))
        Rows Removed by Filter: 1351550
  ->  Hash  (cost=149020.47..149020.47 rows=464934 width=8) (actual time=7590.102..7590.102 rows=460185 loops=1)
        Buckets: 131072  Batches: 8  Memory Usage: 3276kB
        ->  Hash Join  (cost=102767.86..149020.47 rows=464934 width=8) (actual time=5193.905..7454.537 rows=460185 loops=1)
              Hash Cond: (mi_idx.movie_id = t.id)
              ->  Seq Scan on movie_info_idx mi_idx  (cost=0.00..25185.44 rows=464934 width=4) (actual time=0.018..1453.067 rows=460185 loops=1)
                    Filter: (info_type_id > 100)
                    Rows Removed by Filter: 919850
              ->  Hash  (cost=61283.27..61283.27 rows=2528527 width=4) (actual time=5192.476..5192.476 rows=2528312 loops=1)
                    Buckets: 131072  Batches: 64  Memory Usage: 2415kB
                    ->  Seq Scan on title t  (cost=0.00..61283.27 rows=2528527 width=4) (actual time=0.011..4123.684 rows=2528312 loops=1)
Planning time: 1.012 ms
Execution time: 12092.779 ms
