Hash Join  (cost=709676.26..1074346.70 rows=1451 width=0) (actual time=39628.184..53089.813 rows=7 loops=1)
  Hash Cond: (mi.movie_id = t.id)
  ->  Seq Scan on movie_info mi  (cost=0.00..309384.22 rows=14739122 width=4) (actual time=0.011..15998.227 rows=14835720 loops=1)
  ->  Hash  (cost=709673.15..709673.15 rows=249 width=8) (actual time=33728.540..33728.540 rows=1 loops=1)
        Buckets: 1024  Batches: 1  Memory Usage: 9kB
        ->  Nested Loop  (cost=0.43..709673.15 rows=249 width=8) (actual time=20608.163..33728.516 rows=1 loops=1)
              ->  Seq Scan on cast_info ci  (cost=0.00..705507.15 rows=500 width=4) (actual time=20608.104..33728.453 rows=1 loops=1)
                    Filter: (person_id = 3994290)
                    Rows Removed by Filter: 36244343
              ->  Index Scan using title_pkey on title t  (cost=0.43..8.32 rows=1 width=4) (actual time=0.039..0.040 rows=1 loops=1)
                    Index Cond: (id = ci.movie_id)
                    Filter: (production_year > 2002)
Planning time: 2.937 ms
Execution time: 53089.982 ms
