Hash Join  (cost=67697.55..94648.62 rows=4059 width=0) (actual time=3586.460..4995.735 rows=1150 loops=1)
  Hash Cond: (mi_idx.movie_id = t.id)
  ->  Seq Scan on movie_info_idx mi_idx  (cost=0.00..21735.35 rows=1380035 width=4) (actual time=0.024..1184.375 rows=1380035 loops=1)
  ->  Hash  (cost=67604.59..67604.59 rows=7437 width=4) (actual time=3392.851..3392.851 rows=2847 loops=1)
        Buckets: 8192  Batches: 1  Memory Usage: 165kB
        ->  Seq Scan on title t  (cost=0.00..67604.59 rows=7437 width=4) (actual time=718.329..3391.374 rows=2847 loops=1)
              Filter: (production_year = 1926)
              Rows Removed by Filter: 2525465
Planning time: 0.732 ms
Execution time: 4996.071 ms
