Seq Scan on movie_keyword mk  (cost=0.00..81003.12 rows=1513412 width=0) (actual time=0.024..3637.711 rows=1524639 loops=1)
  Filter: (keyword_id < 2215)
  Rows Removed by Filter: 2999291
Planning time: 0.302 ms
Execution time: 3854.562 ms
