Hash Join  (cost=69460.45..914116.74 rows=179314 width=0) (actual time=11222.177..49112.923 rows=495705 loops=1)
  Hash Cond: (ci.movie_id = t.id)
  ->  Seq Scan on cast_info ci  (cost=0.00..796071.18 rows=4008526 width=4) (actual time=7265.802..39756.093 rows=8979430 loops=1)
        Filter: ((person_id > 2798341) AND (role_id > 2))
        Rows Removed by Filter: 27264914
  ->  Hash  (cost=67604.59..67604.59 rows=113109 width=4) (actual time=3955.502..3955.502 rows=119565 loops=1)
        Buckets: 131072  Batches: 2  Memory Usage: 3115kB
        ->  Seq Scan on title t  (cost=0.00..67604.59 rows=113109 width=4) (actual time=0.037..3631.524 rows=119565 loops=1)
              Filter: (production_year = 2007)
              Rows Removed by Filter: 2408747
Planning time: 0.704 ms
Execution time: 49209.665 ms
