Seq Scan on movie_keyword mk  (cost=0.00..81003.12 rows=2735690 width=0) (actual time=0.018..4124.888 rows=2723473 loops=1)
  Filter: (keyword_id > 2908)
  Rows Removed by Filter: 1800457
Planning time: 0.298 ms
Execution time: 4542.138 ms
