Hash Join  (cost=979706.20..3003595.84 rows=50683058 width=211) (actual time=22514.080..98617.500 rows=111664604 loops=1)
  Hash Cond: (ci.movie_id = t.id)
  ->  Seq Scan on cast_info ci  (cost=0.00..705507.15 rows=26307187 width=42) (actual time=0.011..14132.902 rows=26344626 loops=1)
        Filter: (person_id < 2722898)
        Rows Removed by Filter: 9899718
  ->  Hash  (cost=799881.39..799881.39 rows=4871425 width=169) (actual time=22508.027..22508.027 rows=4058820 loops=1)
        Buckets: 32768  Batches: 512  Memory Usage: 1967kB
        ->  Hash Join  (cost=101842.76..799881.39 rows=4871425 width=169) (actual time=2065.465..18700.213 rows=4058820 loops=1)
              Hash Cond: (mi.movie_id = t.id)
              ->  Seq Scan on movie_info mi  (cost=0.00..346232.03 rows=9767026 width=75) (actual time=31.160..7048.827 rows=9911754 loops=1)
                    Filter: (info_type_id > 4)
                    Rows Removed by Filter: 4923966
              ->  Hash  (cost=67604.59..67604.59 rows=1261134 width=94) (actual time=2033.488..2033.488 rows=1260295 loops=1)
                    Buckets: 32768  Batches: 64  Memory Usage: 2494kB
                    ->  Seq Scan on title t  (cost=0.00..67604.59 rows=1261134 width=94) (actual time=0.019..1142.083 rows=1260295 loops=1)
                          Filter: (production_year > 2002)
                          Rows Removed by Filter: 1268017
Planning time: 1.475 ms
Execution time: 103141.914 ms
