Hash Join  (cost=79126.62..117331.51 rows=115199 width=0) (actual time=1202.364..2104.754 rows=48386 loops=1)
  Hash Cond: (mi_idx.movie_id = t.id)
  ->  Seq Scan on movie_info_idx mi_idx  (cost=0.00..25185.44 rows=919057 width=4) (actual time=0.021..526.430 rows=920110 loops=1)
        Filter: (info_type_id > 99)
        Rows Removed by Filter: 459925
  ->  Hash  (cost=73925.90..73925.90 rows=316937 width=4) (actual time=1199.986..1199.986 rows=202648 loops=1)
        Buckets: 131072  Batches: 8  Memory Usage: 1907kB
        ->  Seq Scan on title t  (cost=0.00..73925.90 rows=316937 width=4) (actual time=0.011..1133.268 rows=202648 loops=1)
              Filter: ((kind_id > 4) AND (production_year < 1980))
              Rows Removed by Filter: 2325664
Planning time: 1.338 ms
Execution time: 2109.488 ms
