Hash Join  (cost=96094.99..635523.67 rows=5939778 width=0) (actual time=5052.779..33891.455 rows=3825649 loops=1)
  Hash Cond: (mi.movie_id = t.id)
  ->  Seq Scan on movie_info mi  (cost=0.00..346232.03 rows=11115165 width=4) (actual time=0.024..20379.536 rows=11210743 loops=1)
        Filter: (info_type_id > 3)
        Rows Removed by Filter: 3624977
  ->  Hash  (cost=73925.90..73925.90 rows=1351207 width=4) (actual time=5051.688..5051.688 rows=1478140 loops=1)
        Buckets: 131072  Batches: 32  Memory Usage: 2664kB
        ->  Seq Scan on title t  (cost=0.00..73925.90 rows=1351207 width=4) (actual time=0.026..4480.027 rows=1478140 loops=1)
              Filter: ((kind_id > 1) AND (production_year > 1986))
              Rows Removed by Filter: 1050172
Planning time: 0.763 ms
Execution time: 34386.895 ms
