Hash Join  (cost=84618.08..604958.12 rows=3798811 width=0) (actual time=4546.837..32407.695 rows=2438768 loops=1)
  Hash Cond: (mi.movie_id = t.id)
  ->  Seq Scan on movie_info mi  (cost=0.00..309384.22 rows=14739122 width=4) (actual time=0.239..18885.462 rows=14835720 loops=1)
  ->  Hash  (cost=73925.90..73925.90 rows=651694 width=4) (actual time=4545.519..4545.519 rows=532575 loops=1)
        Buckets: 131072  Batches: 16  Memory Usage: 2203kB
        ->  Seq Scan on title t  (cost=0.00..73925.90 rows=651694 width=4) (actual time=0.027..3701.841 rows=532575 loops=1)
              Filter: ((kind_id > 1) AND (production_year < 1997))
              Rows Removed by Filter: 1995737
Planning time: 9.951 ms
Execution time: 32712.340 ms
