Nested Loop  (cost=0.43..124124.92 rows=33 width=0) (actual time=27.190..3845.177 rows=98 loops=1)
  ->  Seq Scan on movie_keyword mk  (cost=0.00..81003.12 rows=6032 width=4) (actual time=0.025..3162.797 rows=6525 loops=1)
        Filter: (keyword_id = 70)
        Rows Removed by Filter: 4517405
  ->  Index Scan using title_pkey on title t  (cost=0.43..7.14 rows=1 width=4) (actual time=0.104..0.104 rows=0 loops=6525)
        Index Cond: (id = mk.movie_id)
        Filter: ((kind_id = 1) AND (production_year = 2000))
        Rows Removed by Filter: 1
Planning time: 0.765 ms
Execution time: 3845.382 ms
