Hash Join  (cost=75533.21..142368.11 rows=48776 width=0) (actual time=1384.355..2698.489 rows=33307 loops=1)
  Hash Cond: (mc.movie_id = t.id)
  ->  Seq Scan on movie_companies mc  (cost=0.00..51404.11 rows=1259208 width=4) (actual time=0.035..1008.530 rows=1253304 loops=1)
        Filter: (company_id < 11156)
        Rows Removed by Filter: 1355825
  ->  Hash  (cost=73925.90..73925.90 rows=97944 width=4) (actual time=1218.855..1218.855 rows=106247 loops=1)
        Buckets: 131072  Batches: 2  Memory Usage: 2890kB
        ->  Seq Scan on title t  (cost=0.00..73925.90 rows=97944 width=4) (actual time=250.291..1179.296 rows=106247 loops=1)
              Filter: ((kind_id = 7) AND (production_year = 2011))
              Rows Removed by Filter: 2422065
Planning time: 0.787 ms
Execution time: 2703.278 ms
