Hash Join  (cost=74539.83..442058.68 rows=286292 width=0) (actual time=2945.063..24026.544 rows=95311 loops=1)
  Hash Cond: (mi.movie_id = t.id)
  ->  Seq Scan on movie_info mi  (cost=0.00..309384.22 rows=14739122 width=4) (actual time=0.021..16004.730 rows=14835720 loops=1)
  ->  Hash  (cost=73925.90..73925.90 rows=49114 width=4) (actual time=2944.219..2944.219 rows=45321 loops=1)
        Buckets: 65536  Batches: 1  Memory Usage: 2106kB
        ->  Seq Scan on title t  (cost=0.00..73925.90 rows=49114 width=4) (actual time=0.021..2923.499 rows=45321 loops=1)
              Filter: ((kind_id > 1) AND (production_year > 2012))
              Rows Removed by Filter: 2482991
Planning time: 0.694 ms
Execution time: 24048.726 ms
