Hash Join  (cost=74574.97..162162.03 rows=92902 width=0) (actual time=5370.116..6293.427 rows=19488 loops=1)
  Hash Cond: (mk.movie_id = t.id)
  ->  Seq Scan on movie_keyword mk  (cost=0.00..69693.30 rows=4523930 width=4) (actual time=0.011..2485.086 rows=4523930 loops=1)
  ->  Hash  (cost=73925.90..73925.90 rows=51925 width=4) (actual time=2777.767..2777.767 rows=56480 loops=1)
        Buckets: 65536  Batches: 1  Memory Usage: 2498kB
        ->  Seq Scan on title t  (cost=0.00..73925.90 rows=51925 width=4) (actual time=3.344..2753.201 rows=56480 loops=1)
              Filter: ((kind_id = 7) AND (production_year = 2004))
              Rows Removed by Filter: 2471832
Planning time: 1.670 ms
Execution time: 6297.962 ms
