Hash Join  (cost=659572.23..2440908.30 rows=50729080 width=0) (actual time=38314.408..151568.870 rows=263559076 loops=1)
  Hash Cond: (ci.movie_id = t.id)
  ->  Seq Scan on cast_info ci  (cost=0.00..614943.12 rows=36225612 width=4) (actual time=0.012..22503.866 rows=36244344 loops=1)
  ->  Hash  (cost=601479.47..601479.47 rows=3540861 width=8) (actual time=38304.475..38304.475 rows=7724082 loops=1)
        Buckets: 131072 (originally 131072)  Batches: 128 (originally 64)  Memory Usage: 3370kB
        ->  Hash Join  (cost=83891.93..601479.47 rows=3540861 width=8) (actual time=4142.208..35399.814 rows=7724082 loops=1)
              Hash Cond: (mi.movie_id = t.id)
              ->  Seq Scan on movie_info mi  (cost=0.00..309384.22 rows=14739122 width=4) (actual time=0.012..18544.769 rows=14835720 loops=1)
              ->  Hash  (cost=73925.90..73925.90 rows=607442 width=4) (actual time=4141.296..4141.296 rows=675690 loops=1)
                    Buckets: 131072  Batches: 8  Memory Usage: 4021kB
                    ->  Seq Scan on title t  (cost=0.00..73925.90 rows=607442 width=4) (actual time=0.034..3570.221 rows=675690 loops=1)
                          Filter: ((kind_id < 7) AND (production_year < 2007))
                          Rows Removed by Filter: 1852622
Planning time: 1.252 ms
Execution time: 181445.722 ms
