Seq Scan on movie_companies mc  (cost=0.00..57926.93 rows=713257 width=0) (actual time=346.861..1027.318 rows=983303 loops=1)
  Filter: ((company_id < 12929) AND (company_type_id < 2))
  Rows Removed by Filter: 1625826
Planning time: 3.439 ms
Execution time: 1131.810 ms
