Hash Join  (cost=150613.99..901614.47 rows=21127 width=0) (actual time=2423.808..19087.014 rows=104196 loops=1)
  Hash Cond: (ci.movie_id = t.id)
  ->  Seq Scan on cast_info ci  (cost=0.00..614943.12 rows=36225612 width=4) (actual time=0.013..9019.220 rows=36244344 loops=1)
  ->  Hash  (cost=150595.55..150595.55 rows=1475 width=8) (actual time=2423.683..2423.683 rows=3732 loops=1)
        Buckets: 4096 (originally 2048)  Batches: 1 (originally 1)  Memory Usage: 178kB
        ->  Hash Join  (cost=67697.55..150595.55 rows=1475 width=8) (actual time=1051.598..2421.826 rows=3732 loops=1)
              Hash Cond: (mk.movie_id = t.id)
              ->  Seq Scan on movie_keyword mk  (cost=0.00..81003.12 rows=501367 width=4) (actual time=0.027..1250.590 rows=502634 loops=1)
                    Filter: (keyword_id < 365)
                    Rows Removed by Filter: 4021296
              ->  Hash  (cost=67604.59..67604.59 rows=7437 width=4) (actual time=1051.437..1051.437 rows=14054 loops=1)
                    Buckets: 16384 (originally 8192)  Batches: 1 (originally 1)  Memory Usage: 623kB
                    ->  Seq Scan on title t  (cost=0.00..67604.59 rows=7437 width=4) (actual time=0.172..1044.759 rows=14054 loops=1)
                          Filter: (production_year = 1975)
                          Rows Removed by Filter: 2514258
Planning time: 1.196 ms
Execution time: 19105.380 ms
