Seq Scan on movie_keyword mk  (cost=0.00..81003.12 rows=246 width=0) (actual time=3.635..1238.073 rows=254 loops=1)
  Filter: (keyword_id = 2815)
  Rows Removed by Filter: 4523676
Planning time: 0.360 ms
Execution time: 1238.319 ms
