Hash Join  (cost=74478.21..132419.48 rows=29106 width=0) (actual time=958.951..2367.295 rows=39656 loops=1)
  Hash Cond: (mc.movie_id = t.id)
  ->  Seq Scan on movie_companies mc  (cost=0.00..51404.11 rows=1665628 width=4) (actual time=0.024..999.370 rows=1656883 loops=1)
        Filter: (company_id < 18492)
        Rows Removed by Filter: 952246
  ->  Hash  (cost=73925.90..73925.90 rows=44184 width=4) (actual time=958.374..958.374 rows=35489 loops=1)
        Buckets: 65536  Batches: 1  Memory Usage: 1760kB
        ->  Seq Scan on title t  (cost=0.00..73925.90 rows=44184 width=4) (actual time=0.023..943.866 rows=35489 loops=1)
              Filter: ((kind_id < 7) AND (production_year = 2007))
              Rows Removed by Filter: 2492823
Planning time: 7.012 ms
Execution time: 2373.284 ms
