Hash Join  (cost=109435.59..979137.71 rows=8981529 width=169) (actual time=698.111..7680.105 rows=3963336 loops=1)
  Hash Cond: (mi.movie_id = t.id)
  ->  Seq Scan on movie_info mi  (cost=0.00..309384.22 rows=14739122 width=75) (actual time=0.006..1535.592 rows=14835720 loops=1)
  ->  Hash  (cost=67604.59..67604.59 rows=1540800 width=94) (actual time=696.926..696.926 rows=1543264 loops=1)
        Buckets: 32768  Batches: 64  Memory Usage: 3017kB
        ->  Seq Scan on title t  (cost=0.00..67604.59 rows=1540800 width=94) (actual time=23.473..394.131 rows=1543264 loops=1)
              Filter: (kind_id = 7)
              Rows Removed by Filter: 985048
Planning time: 0.589 ms
Execution time: 7796.565 ms
