Seq Scan on movie_keyword mk  (cost=0.00..81003.12 rows=246 width=0) (actual time=0.244..1179.695 rows=437 loops=1)
  Filter: (keyword_id = 3163)
  Rows Removed by Filter: 4523493
Planning time: 0.336 ms
Execution time: 1179.983 ms
