Hash Join  (cost=102767.86..1573958.92 rows=31410087 width=0) (actual time=1782.829..45752.069 rows=31394610 loops=1)
  Hash Cond: (ci.movie_id = t.id)
  ->  Seq Scan on cast_info ci  (cost=0.00..705507.15 rows=31410087 width=4) (actual time=0.020..16604.127 rows=31394610 loops=1)
        Filter: (person_id < 3189978)
        Rows Removed by Filter: 4849734
  ->  Hash  (cost=61283.27..61283.27 rows=2528527 width=4) (actual time=1780.601..1780.601 rows=2528312 loops=1)
        Buckets: 131072  Batches: 64  Memory Usage: 2415kB
        ->  Seq Scan on title t  (cost=0.00..61283.27 rows=2528527 width=4) (actual time=0.024..917.354 rows=2528312 loops=1)
Planning time: 0.746 ms
Execution time: 49497.474 ms
