Seq Scan on movie_companies mc  (cost=0.00..51404.11 rows=1036303 width=0) (actual time=0.030..877.427 rows=1033854 loops=1)
  Filter: (company_id < 5808)
  Rows Removed by Filter: 1575275
Planning time: 0.360 ms
Execution time: 999.707 ms
