Hash Join  (cost=261471.36..863937.13 rows=9768894 width=0) (actual time=5666.233..38790.802 rows=81018145 loops=1)
  Hash Cond: (mi.movie_id = t.id)
  ->  Seq Scan on movie_info mi  (cost=0.00..309384.22 rows=14739122 width=4) (actual time=0.010..6027.821 rows=14835720 loops=1)
  ->  Hash  (cost=233975.93..233975.93 rows=1675874 width=8) (actual time=5665.385..5665.385 rows=1684293 loops=1)
        Buckets: 131072  Batches: 32  Memory Usage: 3146kB
        ->  Hash Join  (cost=102767.86..233975.93 rows=1675874 width=8) (actual time=1863.580..5184.981 rows=1684293 loops=1)
              Hash Cond: (mk.movie_id = t.id)
              ->  Seq Scan on movie_keyword mk  (cost=0.00..81003.12 rows=1675874 width=4) (actual time=0.019..1607.614 rows=1684293 loops=1)
                    Filter: (keyword_id < 2616)
                    Rows Removed by Filter: 2839637
              ->  Hash  (cost=61283.27..61283.27 rows=2528527 width=4) (actual time=1862.738..1862.738 rows=2528312 loops=1)
                    Buckets: 131072  Batches: 64  Memory Usage: 2425kB
                    ->  Seq Scan on title t  (cost=0.00..61283.27 rows=2528527 width=4) (actual time=0.008..992.023 rows=2528312 loops=1)
Planning time: 0.721 ms
Execution time: 47681.920 ms
