Hash Join  (cost=85684.58..159031.44 rows=376870 width=0) (actual time=1532.808..3215.513 rows=299430 loops=1)
  Hash Cond: (mc.movie_id = t.id)
  ->  Seq Scan on movie_companies mc  (cost=0.00..51404.11 rows=1329612 width=4) (actual time=0.015..929.441 rows=1334883 loops=1)
        Filter: (company_type_id = 2)
        Rows Removed by Filter: 1274246
  ->  Hash  (cost=73925.90..73925.90 rows=716694 width=4) (actual time=1531.668..1531.668 rows=604570 loops=1)
        Buckets: 131072  Batches: 16  Memory Usage: 2356kB
        ->  Seq Scan on title t  (cost=0.00..73925.90 rows=716694 width=4) (actual time=0.020..1335.385 rows=604570 loops=1)
              Filter: ((kind_id > 1) AND (production_year < 1999))
              Rows Removed by Filter: 1923742
Planning time: 1.575 ms
Execution time: 3251.885 ms
