Hash Join  (cost=184482.05..313975.71 rows=614863 width=0) (actual time=3360.359..6519.710 rows=359912 loops=1)
  Hash Cond: (mk.movie_id = t.id)
  ->  Seq Scan on movie_keyword mk  (cost=0.00..69693.30 rows=4523930 width=4) (actual time=0.015..1479.888 rows=4523930 loops=1)
  ->  Hash  (cost=178843.28..178843.28 rows=343661 width=8) (actual time=3300.343..3300.343 rows=35726 loops=1)
        Buckets: 131072  Batches: 8  Memory Usage: 1212kB
        ->  Hash Join  (cost=102767.86..178843.28 rows=343661 width=8) (actual time=1983.471..3285.673 rows=35726 loops=1)
              Hash Cond: (mc.movie_id = t.id)
              ->  Seq Scan on movie_companies mc  (cost=0.00..57926.93 rows=343661 width=4) (actual time=79.309..880.865 rows=35726 loops=1)
                    Filter: ((company_id > 44542) AND (company_type_id = 1))
                    Rows Removed by Filter: 2573403
              ->  Hash  (cost=61283.27..61283.27 rows=2528527 width=4) (actual time=1902.745..1902.745 rows=2528312 loops=1)
                    Buckets: 131072  Batches: 64  Memory Usage: 2415kB
                    ->  Seq Scan on title t  (cost=0.00..61283.27 rows=2528527 width=4) (actual time=0.023..1060.183 rows=2528312 loops=1)
Planning time: 1.168 ms
Execution time: 6554.177 ms
