Hash Join  (cost=521607.22..1271763.34 rows=1248938 width=0) (actual time=9132.267..22501.752 rows=1462718 loops=1)
  Hash Cond: (ci.movie_id = t.id)
  ->  Seq Scan on cast_info ci  (cost=0.00..705507.15 rows=2037318 width=4) (actual time=26.624..11305.547 rows=1988314 loops=1)
        Filter: (person_id < 194215)
        Rows Removed by Filter: 34256030
  ->  Hash  (cost=496176.42..496176.42 rows=1550064 width=8) (actual time=9104.025..9104.025 rows=1533909 loops=1)
        Buckets: 131072  Batches: 32  Memory Usage: 2883kB
        ->  Hash Join  (cost=102767.86..496176.42 rows=1550064 width=8) (actual time=4094.221..8657.924 rows=1533909 loops=1)
              Hash Cond: (mi.movie_id = t.id)
              ->  Seq Scan on movie_info mi  (cost=0.00..346232.03 rows=1550064 width=4) (actual time=2256.805..5131.184 rows=1533909 loops=1)
                    Filter: (info_type_id = 3)
                    Rows Removed by Filter: 13301811
              ->  Hash  (cost=61283.27..61283.27 rows=2528527 width=4) (actual time=1836.263..1836.263 rows=2528312 loops=1)
                    Buckets: 131072  Batches: 64  Memory Usage: 2425kB
                    ->  Seq Scan on title t  (cost=0.00..61283.27 rows=2528527 width=4) (actual time=0.027..966.862 rows=2528312 loops=1)
Planning time: 1.154 ms
Execution time: 22667.614 ms
