Seq Scan on cast_info ci  (cost=0.00..705507.15 rows=500 width=0) (actual time=886.801..10949.429 rows=343 loops=1)
  Filter: (person_id = 1822606)
  Rows Removed by Filter: 36244001
Planning time: 0.374 ms
Execution time: 10949.565 ms
