Hash Join  (cost=933172.90..1072963.96 rows=1460102 width=0) (actual time=17131.743..21870.555 rows=6191783 loops=1)
  Hash Cond: (mk.movie_id = t.id)
  ->  Seq Scan on movie_keyword mk  (cost=0.00..69693.30 rows=4523930 width=4) (actual time=0.012..1413.038 rows=4523930 loops=1)
  ->  Hash  (cost=919783.85..919783.85 rows=816084 width=8) (actual time=17130.530..17130.530 rows=801495 loops=1)
        Buckets: 131072  Batches: 16  Memory Usage: 2983kB
        ->  Hash Join  (cost=79303.65..919783.85 rows=816084 width=8) (actual time=4503.397..16908.344 rows=801495 loops=1)
              Hash Cond: (ci.movie_id = t.id)
              ->  Seq Scan on cast_info ci  (cost=0.00..796071.18 rows=2893915 width=4) (actual time=3046.670..12337.592 rows=4498297 loops=1)
                    Filter: ((person_id > 3240646) AND (role_id > 1))
                    Rows Removed by Filter: 31746047
              ->  Hash  (cost=67604.59..67604.59 rows=713045 width=4) (actual time=1455.606..1455.606 rows=707186 loops=1)
                    Buckets: 131072  Batches: 16  Memory Usage: 2578kB
                    ->  Seq Scan on title t  (cost=0.00..67604.59 rows=713045 width=4) (actual time=0.025..1238.008 rows=707186 loops=1)
                          Filter: (production_year < 1991)
                          Rows Removed by Filter: 1821126
Planning time: 1.117 ms
Execution time: 22519.213 ms
