Hash Join  (cost=83074.74..109986.57 rows=134 width=0) (actual time=993.406..1504.369 rows=429 loops=1)
  Hash Cond: (mi_idx.movie_id = t.id)
  ->  Seq Scan on movie_info_idx mi_idx  (cost=0.00..21735.35 rows=1380035 width=4) (actual time=0.015..279.133 rows=1380035 loops=1)
  ->  Hash  (cost=83071.67..83071.67 rows=246 width=8) (actual time=991.050..991.050 rows=166 loops=1)
        Buckets: 1024  Batches: 1  Memory Usage: 15kB
        ->  Nested Loop  (cost=0.43..83071.67 rows=246 width=8) (actual time=1.844..990.860 rows=166 loops=1)
              ->  Seq Scan on movie_keyword mk  (cost=0.00..81003.12 rows=246 width=4) (actual time=1.798..982.566 rows=166 loops=1)
                    Filter: (keyword_id = 11286)
                    Rows Removed by Filter: 4523764
              ->  Index Only Scan using title_pkey on title t  (cost=0.43..8.40 rows=1 width=4) (actual time=0.046..0.047 rows=1 loops=166)
                    Index Cond: (id = mk.movie_id)
                    Heap Fetches: 166
Planning time: 1.173 ms
Execution time: 1504.565 ms
