Hash Join  (cost=169652.67..310946.66 rows=1583396 width=0) (actual time=3674.835..7250.539 rows=1840815 loops=1)
  Hash Cond: (mk.movie_id = t.id)
  ->  Seq Scan on movie_keyword mk  (cost=0.00..69693.30 rows=4523930 width=4) (actual time=0.017..1429.198 rows=4523930 loops=1)
  ->  Hash  (cost=155132.21..155132.21 rows=884996 width=8) (actual time=3672.634..3672.634 rows=525771 loops=1)
        Buckets: 131072  Batches: 16  Memory Usage: 2318kB
        ->  Hash Join  (cost=100529.73..155132.21 rows=884996 width=8) (actual time=1944.113..3511.687 rows=525771 loops=1)
              Hash Cond: (mi_idx.movie_id = t.id)
              ->  Seq Scan on movie_info_idx mi_idx  (cost=0.00..21735.35 rows=1380035 width=4) (actual time=0.023..463.167 rows=1380035 loops=1)
              ->  Hash  (cost=73925.90..73925.90 rows=1621506 width=4) (actual time=1942.601..1942.601 rows=1608794 loops=1)
                    Buckets: 131072  Batches: 32  Memory Usage: 2797kB
                    ->  Seq Scan on title t  (cost=0.00..73925.90 rows=1621506 width=4) (actual time=0.016..1403.040 rows=1608794 loops=1)
                          Filter: ((kind_id > 3) AND (production_year > 0))
                          Rows Removed by Filter: 919518
Planning time: 1.105 ms
Execution time: 7422.478 ms
