Hash Join  (cost=74764.74..815908.95 rows=179928 width=169) (actual time=422.279..4884.859 rows=92156 loops=1)
  Hash Cond: (mi.movie_id = t.id)
  ->  Seq Scan on movie_info mi  (cost=0.00..309384.22 rows=14739122 width=75) (actual time=0.018..1465.399 rows=14835720 loops=1)
  ->  Hash  (cost=73925.90..73925.90 rows=30867 width=94) (actual time=421.876..421.876 rows=34773 loops=1)
        Buckets: 32768  Batches: 2  Memory Usage: 2205kB
        ->  Seq Scan on title t  (cost=0.00..73925.90 rows=30867 width=94) (actual time=24.065..412.817 rows=34773 loops=1)
              Filter: ((kind_id = 7) AND (production_year = 1999))
              Rows Removed by Filter: 2493539
Planning time: 0.581 ms
Execution time: 4888.131 ms
