Hash Join  (cost=213328.76..1092355.70 rows=2447308 width=0) (actual time=4243.720..26392.497 rows=8622757 loops=1)
  Hash Cond: (ci.movie_id = t.id)
  ->  Seq Scan on cast_info ci  (cost=0.00..705507.15 rows=12726058 width=4) (actual time=0.023..14309.546 rows=12670688 loops=1)
        Filter: (role_id < 2)
        Rows Removed by Filter: 23573656
  ->  Hash  (cost=205350.59..205350.59 rows=486253 width=8) (actual time=4242.923..4242.923 rows=481477 loops=1)
        Buckets: 131072  Batches: 8  Memory Usage: 3404kB
        ->  Hash Join  (cost=102767.86..205350.59 rows=486253 width=8) (actual time=1941.585..4107.868 rows=481477 loops=1)
              Hash Cond: (mk.movie_id = t.id)
              ->  Seq Scan on movie_keyword mk  (cost=0.00..81003.12 rows=486253 width=4) (actual time=0.022..1382.999 rows=481477 loops=1)
                    Filter: (keyword_id > 37196)
                    Rows Removed by Filter: 4042453
              ->  Hash  (cost=61283.27..61283.27 rows=2528527 width=4) (actual time=1940.530..1940.530 rows=2528312 loops=1)
                    Buckets: 131072  Batches: 64  Memory Usage: 2425kB
                    ->  Seq Scan on title t  (cost=0.00..61283.27 rows=2528527 width=4) (actual time=0.032..1070.418 rows=2528312 loops=1)
Planning time: 1.320 ms
Execution time: 27345.914 ms
