Seq Scan on cast_info ci  (cost=0.00..705507.15 rows=500 width=42) (actual time=2961.509..3897.708 rows=1406 loops=1)
  Filter: (person_id = 2402489)
  Rows Removed by Filter: 36242938
Planning time: 0.328 ms
Execution time: 3897.788 ms
