Hash Join  (cost=155080.11..260611.28 rows=172618 width=0) (actual time=3940.648..6238.776 rows=1263892 loops=1)
  Hash Cond: (mk.movie_id = t.id)
  ->  Seq Scan on movie_keyword mk  (cost=0.00..81003.12 rows=1894097 width=4) (actual time=0.023..1341.171 rows=1900144 loops=1)
        Filter: (keyword_id > 7109)
        Rows Removed by Filter: 2623786
  ->  Hash  (cost=151298.65..151298.65 rows=230437 width=8) (actual time=3939.701..3939.701 rows=170570 loops=1)
        Buckets: 131072  Batches: 4  Memory Usage: 2674kB
        ->  Hash Join  (cost=76379.89..151298.65 rows=230437 width=8) (actual time=1645.470..3886.615 rows=170570 loops=1)
              Hash Cond: (mc.movie_id = t.id)
              ->  Seq Scan on movie_companies mc  (cost=0.00..57926.93 rows=1089454 width=4) (actual time=237.711..1281.769 rows=1274246 loops=1)
                    Filter: ((company_id < 83024) AND (company_type_id < 2))
                    Rows Removed by Filter: 1334883
              ->  Hash  (cost=67604.59..67604.59 rows=534824 width=4) (actual time=1406.883..1406.883 rows=533369 loops=1)
                    Buckets: 131072  Batches: 8  Memory Usage: 3369kB
                    ->  Seq Scan on title t  (cost=0.00..67604.59 rows=534824 width=4) (actual time=0.028..1235.031 rows=533369 loops=1)
                          Filter: (production_year > 2009)
                          Rows Removed by Filter: 1994943
Planning time: 1.037 ms
Execution time: 6386.249 ms
