Hash Join  (cost=150492.46..276201.58 rows=304208 width=0) (actual time=3352.751..6582.133 rows=748505 loops=1)
  Hash Cond: (mk.movie_id = t.id)
  ->  Seq Scan on movie_keyword mk  (cost=0.00..69693.30 rows=4523930 width=4) (actual time=0.023..1416.680 rows=4523930 loops=1)
  ->  Hash  (cost=147702.10..147702.10 rows=170029 width=8) (actual time=3350.786..3350.786 rows=114526 loops=1)
        Buckets: 131072  Batches: 4  Memory Usage: 2164kB
        ->  Hash Join  (cost=70308.29..147702.10 rows=170029 width=8) (actual time=1299.840..3310.280 rows=114526 loops=1)
              Hash Cond: (mc.movie_id = t.id)
              ->  Seq Scan on movie_companies mc  (cost=0.00..44881.29 rows=2609129 width=4) (actual time=0.025..921.364 rows=2609129 loops=1)
              ->  Hash  (cost=67604.59..67604.59 rows=164776 width=4) (actual time=1298.998..1298.998 rows=164307 loops=1)
                    Buckets: 131072  Batches: 4  Memory Usage: 2482kB
                    ->  Seq Scan on title t  (cost=0.00..67604.59 rows=164776 width=4) (actual time=0.021..1242.191 rows=164307 loops=1)
                          Filter: (production_year = 2012)
                          Rows Removed by Filter: 2364005
Planning time: 1.210 ms
Execution time: 6666.306 ms
