Hash Join  (cost=174164.03..731253.01 rows=3945432 width=0) (actual time=4209.002..21674.864 rows=10335310 loops=1)
  Hash Cond: (mi.movie_id = t.id)
  ->  Seq Scan on movie_info mi  (cost=0.00..346232.03 rows=14592968 width=4) (actual time=0.020..7811.819 rows=14637966 loops=1)
        Filter: (info_type_id < 107)
        Rows Removed by Filter: 197754
  ->  Hash  (cost=162947.71..162947.71 rows=683626 width=8) (actual time=4208.066..4208.066 rows=524576 loops=1)
        Buckets: 131072  Batches: 16  Memory Usage: 2295kB
        ->  Hash Join  (cost=78473.92..162947.71 rows=683626 width=8) (actual time=1842.459..4064.094 rows=524576 loops=1)
              Hash Cond: (mc.movie_id = t.id)
              ->  Seq Scan on movie_companies mc  (cost=0.00..44881.29 rows=2609129 width=4) (actual time=0.024..855.518 rows=2609129 loops=1)
              ->  Hash  (cost=67604.59..67604.59 rows=662507 width=4) (actual time=1841.636..1841.636 rows=662065 loops=1)
                    Buckets: 131072  Batches: 16  Memory Usage: 2481kB
                    ->  Seq Scan on title t  (cost=0.00..67604.59 rows=662507 width=4) (actual time=0.028..1289.497 rows=662065 loops=1)
                          Filter: (production_year > 2008)
                          Rows Removed by Filter: 1866247
Planning time: 1.056 ms
Execution time: 22926.401 ms
