Hash Join  (cost=89472.60..1262734.76 rows=13575699 width=0) (actual time=1535.036..37548.547 rows=11516603 loops=1)
  Hash Cond: (ci.movie_id = t.id)
  ->  Seq Scan on cast_info ci  (cost=0.00..614943.12 rows=36225612 width=4) (actual time=0.016..13737.208 rows=36244344 loops=1)
  ->  Hash  (cost=73925.90..73925.90 rows=947576 width=4) (actual time=1534.169..1534.169 rows=876037 loops=1)
        Buckets: 131072  Batches: 16  Memory Usage: 2949kB
        ->  Seq Scan on title t  (cost=0.00..73925.90 rows=947576 width=4) (actual time=0.025..1279.024 rows=876037 loops=1)
              Filter: ((production_year < 2007) AND (kind_id = 7))
              Rows Removed by Filter: 1652275
Planning time: 0.753 ms
Execution time: 38844.012 ms
