Nested Loop  (cost=0.43..52283.95 rows=1 width=0) (actual time=163.286..873.451 rows=10 loops=1)
  ->  Seq Scan on movie_companies mc  (cost=0.00..51404.11 rows=104 width=4) (actual time=0.482..840.911 rows=806 loops=1)
        Filter: (company_id = 680)
        Rows Removed by Filter: 2608323
  ->  Index Scan using title_pkey on title t  (cost=0.43..8.45 rows=1 width=4) (actual time=0.039..0.039 rows=0 loops=806)
        Index Cond: (id = mc.movie_id)
        Filter: (production_year = 1994)
        Rows Removed by Filter: 1
Planning time: 0.748 ms
Execution time: 873.596 ms
