Hash Join  (cost=75574.02..160683.88 rows=12331 width=0) (actual time=1453.069..2544.328 rows=1286 loops=1)
  Hash Cond: (mk.movie_id = t.id)
  ->  Seq Scan on movie_keyword mk  (cost=0.00..81003.12 rows=310513 width=4) (actual time=0.026..1107.910 rows=307455 loops=1)
        Filter: (keyword_id > 52922)
        Rows Removed by Filter: 4216475
  ->  Hash  (cost=73925.90..73925.90 rows=100409 width=4) (actual time=1318.809..1318.809 rows=110402 loops=1)
        Buckets: 131072  Batches: 2  Memory Usage: 2970kB
        ->  Seq Scan on title t  (cost=0.00..73925.90 rows=100409 width=4) (actual time=0.017..1275.377 rows=110402 loops=1)
              Filter: ((kind_id = 7) AND (production_year = 2012))
              Rows Removed by Filter: 2417910
Planning time: 2.432 ms
Execution time: 2544.604 ms
