Seq Scan on movie_keyword mk  (cost=0.00..81003.12 rows=1182993 width=0) (actual time=0.022..1295.136 rows=1191550 loops=1)
  Filter: (keyword_id < 1425)
  Rows Removed by Filter: 3332380
Planning time: 0.238 ms
Execution time: 1440.320 ms
