Hash Join  (cost=76263.51..158130.33 rows=1420 width=0) (actual time=1447.264..2576.083 rows=10 loops=1)
  Hash Cond: (mk.movie_id = t.id)
  ->  Seq Scan on movie_keyword mk  (cost=0.00..81003.12 rows=25200 width=4) (actual time=0.073..1229.239 rows=21726 loops=1)
        Filter: (keyword_id > 116067)
        Rows Removed by Filter: 4502204
  ->  Hash  (cost=73925.90..73925.90 rows=142448 width=4) (actual time=1319.391..1319.391 rows=151188 loops=1)
        Buckets: 131072  Batches: 2  Memory Usage: 3688kB
        ->  Seq Scan on title t  (cost=0.00..73925.90 rows=142448 width=4) (actual time=0.908..1259.748 rows=151188 loops=1)
              Filter: ((kind_id > 4) AND (production_year > 2011))
              Rows Removed by Filter: 2377124
Planning time: 0.510 ms
Execution time: 2576.188 ms
