Hash Join  (cost=193358.70..930261.06 rows=471392 width=0) (actual time=5351.352..17752.844 rows=1705254 loops=1)
  Hash Cond: (ci.movie_id = t.id)
  ->  Seq Scan on cast_info ci  (cost=0.00..705507.15 rows=2117145 width=4) (actual time=948.284..11610.657 rows=2056827 loops=1)
        Filter: (person_id < 201876)
        Rows Removed by Filter: 34187517
  ->  Hash  (cost=184121.35..184121.35 rows=562988 width=8) (actual time=4402.259..4402.259 rows=771472 loops=1)
        Buckets: 131072 (originally 131072)  Batches: 16 (originally 8)  Memory Usage: 3073kB
        ->  Hash Join  (cost=102767.86..184121.35 rows=562988 width=8) (actual time=2133.646..4173.804 rows=771472 loops=1)
              Hash Cond: (mc.movie_id = t.id)
              ->  Seq Scan on movie_companies mc  (cost=0.00..57926.93 rows=562988 width=4) (actual time=0.028..1002.340 rows=771472 loops=1)
                    Filter: ((company_id < 8746) AND (company_type_id = 1))
                    Rows Removed by Filter: 1837657
              ->  Hash  (cost=61283.27..61283.27 rows=2528527 width=4) (actual time=2131.883..2131.883 rows=2528312 loops=1)
                    Buckets: 131072  Batches: 64  Memory Usage: 2415kB
                    ->  Seq Scan on title t  (cost=0.00..61283.27 rows=2528527 width=4) (actual time=0.016..1184.285 rows=2528312 loops=1)
Planning time: 1.083 ms
Execution time: 17974.740 ms
