Seq Scan on movie_companies mc  (cost=0.00..57926.93 rows=840087 width=0) (actual time=0.023..1225.098 rows=1151388 loops=1)
  Filter: ((company_id < 21180) AND (company_type_id = 1))
  Rows Removed by Filter: 1457741
Planning time: 0.384 ms
Execution time: 1386.023 ms
