Hash Join  (cost=80399.49..218996.72 rows=426619 width=106) (actual time=540.652..1785.915 rows=590835 loops=1)
  Hash Cond: (mk.movie_id = t.id)
  ->  Seq Scan on movie_keyword mk  (cost=0.00..69693.30 rows=4523930 width=12) (actual time=0.016..365.897 rows=4523930 loops=1)
  ->  Hash  (cost=73925.90..73925.90 rows=238447 width=94) (actual time=438.679..438.679 rows=200165 loops=1)
        Buckets: 32768  Batches: 8  Memory Usage: 2924kB
        ->  Seq Scan on title t  (cost=0.00..73925.90 rows=238447 width=94) (actual time=0.007..398.990 rows=200165 loops=1)
              Filter: ((production_year > 2006) AND (kind_id = 1))
              Rows Removed by Filter: 2328147
Planning time: 0.532 ms
Execution time: 1803.408 ms
