Hash Join  (cost=80830.47..144684.20 rows=53881 width=0) (actual time=1960.891..2298.747 rows=8530 loops=1)
  Hash Cond: (mc.movie_id = t.id)
  ->  Seq Scan on movie_companies mc  (cost=0.00..57926.93 rows=323729 width=4) (actual time=568.332..811.045 rows=24354 loops=1)
        Filter: ((company_id > 51471) AND (company_type_id < 2))
        Rows Removed by Filter: 2584775
  ->  Hash  (cost=73925.90..73925.90 rows=420845 width=4) (actual time=1391.646..1391.646 rows=517968 loops=1)
        Buckets: 131072  Batches: 8  Memory Usage: 3313kB
        ->  Seq Scan on title t  (cost=0.00..73925.90 rows=420845 width=4) (actual time=0.036..1231.246 rows=517968 loops=1)
              Filter: ((kind_id < 7) AND (production_year < 2001))
              Rows Removed by Filter: 2010344
Planning time: 0.668 ms
Execution time: 2300.268 ms
