Hash Join  (cost=88985.79..448709.43 rows=236676 width=0) (actual time=1703.669..7249.709 rows=476647 loops=1)
  Hash Cond: (mi.movie_id = t.id)
  ->  Seq Scan on movie_info mi  (cost=0.00..346232.03 rows=651960 width=4) (actual time=114.969..5048.333 rows=660923 loops=1)
        Filter: (info_type_id = 18)
        Rows Removed by Filter: 14174797
  ->  Hash  (cost=73925.90..73925.90 rows=917911 width=4) (actual time=1587.809..1587.809 rows=865266 loops=1)
        Buckets: 131072  Batches: 16  Memory Usage: 2937kB
        ->  Seq Scan on title t  (cost=0.00..73925.90 rows=917911 width=4) (actual time=0.038..1309.310 rows=865266 loops=1)
              Filter: ((kind_id < 7) AND (production_year > 1928))
              Rows Removed by Filter: 1663046
Planning time: 0.700 ms
Execution time: 7306.201 ms
