Hash Join  (cost=160552.68..526387.09 rows=117848 width=0) (actual time=3116.573..10583.371 rows=53868 loops=1)
  Hash Cond: (mi.movie_id = t.id)
  ->  Seq Scan on movie_info mi  (cost=0.00..309384.22 rows=14739122 width=4) (actual time=0.017..4472.433 rows=14835720 loops=1)
  ->  Hash  (cost=160299.97..160299.97 rows=20217 width=8) (actual time=3104.353..3104.353 rows=6133 loops=1)
        Buckets: 32768  Batches: 1  Memory Usage: 496kB
        ->  Hash Join  (cost=74440.79..160299.97 rows=20217 width=8) (actual time=1442.187..3101.923 rows=6133 loops=1)
              Hash Cond: (mk.movie_id = t.id)
              ->  Seq Scan on movie_keyword mk  (cost=0.00..81003.12 rows=1241035 width=4) (actual time=0.017..1462.407 rows=1253535 loops=1)
                    Filter: (keyword_id > 14363)
                    Rows Removed by Filter: 3270395
              ->  Hash  (cost=73925.90..73925.90 rows=41191 width=4) (actual time=1399.800..1399.800 rows=43851 loops=1)
                    Buckets: 65536  Batches: 1  Memory Usage: 2054kB
                    ->  Seq Scan on title t  (cost=0.00..73925.90 rows=41191 width=4) (actual time=0.040..1381.647 rows=43851 loops=1)
                          Filter: ((kind_id = 7) AND (production_year = 2003))
                          Rows Removed by Filter: 2484461
Planning time: 1.147 ms
Execution time: 10590.571 ms
