Nested Loop  (cost=44377.22..140005.57 rows=301 width=0) (actual time=2213.989..2494.064 rows=27 loops=1)
  ->  Hash Join  (cost=44376.79..131766.01 rows=13897 width=8) (actual time=904.658..2392.526 rows=6710 loops=1)
        Hash Cond: (mk.movie_id = mi_idx.movie_id)
        ->  Seq Scan on movie_keyword mk  (cost=0.00..81003.12 rows=4675 width=4) (actual time=1.128..1285.928 rows=4057 loops=1)
              Filter: (keyword_id = 2862)
              Rows Removed by Filter: 4519873
        ->  Hash  (cost=21735.35..21735.35 rows=1380035 width=4) (actual time=892.212..892.212 rows=1380035 loops=1)
              Buckets: 131072  Batches: 32  Memory Usage: 2556kB
              ->  Seq Scan on movie_info_idx mi_idx  (cost=0.00..21735.35 rows=1380035 width=4) (actual time=0.021..481.610 rows=1380035 loops=1)
  ->  Index Scan using title_pkey on title t  (cost=0.43..0.58 rows=1 width=4) (actual time=0.015..0.015 rows=0 loops=6710)
        Index Cond: (id = mi_idx.movie_id)
        Filter: ((kind_id > 4) AND (production_year < 1978))
        Rows Removed by Filter: 1
Planning time: 2.417 ms
Execution time: 2494.257 ms
