Seq Scan on cast_info ci  (cost=0.00..796071.18 rows=176 width=0) (actual time=3345.603..13820.251 rows=10 loops=1)
  Filter: ((role_id < 2) AND (person_id = 150349))
  Rows Removed by Filter: 36244334
Planning time: 0.247 ms
Execution time: 13820.376 ms
