Hash Join  (cost=122684.10..612272.68 rows=916765 width=0) (actual time=2488.638..15514.675 rows=3551592 loops=1)
  Hash Cond: (mi.movie_id = t.id)
  ->  Seq Scan on movie_info mi  (cost=0.00..309384.22 rows=14739122 width=4) (actual time=0.013..6086.656 rows=14835720 loops=1)
  ->  Hash  (cost=120103.19..120103.19 rows=157273 width=8) (actual time=2487.876..2487.876 rows=209863 loops=1)
        Buckets: 131072  Batches: 4  Memory Usage: 3081kB
        ->  Hash Join  (cost=81025.55..120103.19 rows=157273 width=8) (actual time=1353.949..2420.644 rows=209863 loops=1)
              Hash Cond: (mi_idx.movie_id = t.id)
              ->  Seq Scan on movie_info_idx mi_idx  (cost=0.00..25185.44 rows=919057 width=4) (actual time=0.023..526.811 rows=920110 loops=1)
                    Filter: (info_type_id > 99)
                    Rows Removed by Filter: 459925
              ->  Hash  (cost=73925.90..73925.90 rows=432692 width=4) (actual time=1353.252..1353.252 rows=368246 loops=1)
                    Buckets: 131072  Batches: 8  Memory Usage: 2639kB
                    ->  Seq Scan on title t  (cost=0.00..73925.90 rows=432692 width=4) (actual time=0.011..1239.799 rows=368246 loops=1)
                          Filter: ((kind_id < 7) AND (production_year > 2004))
                          Rows Removed by Filter: 2160066
Planning time: 2.413 ms
Execution time: 15920.885 ms
