Hash Join  (cost=73994.33..827499.71 rows=27551 width=0) (actual time=7568.907..16702.633 rows=49636 loops=1)
  Hash Cond: (ci.movie_id = t.id)
  ->  Seq Scan on cast_info ci  (cost=0.00..705507.15 rows=12726058 width=4) (actual time=6681.668..13600.807 rows=12670688 loops=1)
        Filter: (role_id = 1)
        Rows Removed by Filter: 23573656
  ->  Hash  (cost=73925.90..73925.90 rows=5474 width=4) (actual time=886.257..886.257 rows=9678 loops=1)
        Buckets: 16384 (originally 8192)  Batches: 1 (originally 1)  Memory Usage: 469kB
        ->  Seq Scan on title t  (cost=0.00..73925.90 rows=5474 width=4) (actual time=0.072..882.232 rows=9678 loops=1)
              Filter: ((kind_id > 1) AND (production_year = 1968))
              Rows Removed by Filter: 2518634
Planning time: 0.527 ms
Execution time: 16711.144 ms
