Hash Join  (cost=256337.17..1490095.97 rows=15204662 width=0) (actual time=8688.051..70620.368 rows=121767179 loops=1)
  Hash Cond: (ci.movie_id = t.id)
  ->  Seq Scan on cast_info ci  (cost=0.00..796071.18 rows=21755002 width=4) (actual time=1243.836..18448.511 rows=24826891 loops=1)
        Filter: ((person_id < 2816608) AND (role_id < 8))
        Rows Removed by Filter: 11417453
  ->  Hash  (cost=227343.19..227343.19 rows=1767198 width=8) (actual time=7442.120..7442.120 rows=3878469 loops=1)
        Buckets: 131072 (originally 131072)  Batches: 64 (originally 32)  Memory Usage: 3438kB
        ->  Hash Join  (cost=83810.17..227343.19 rows=1767198 width=8) (actual time=1439.670..5984.457 rows=3878469 loops=1)
              Hash Cond: (mk.movie_id = t.id)
              ->  Seq Scan on movie_keyword mk  (cost=0.00..69693.30 rows=4523930 width=4) (actual time=0.026..1375.044 rows=4523930 loops=1)
              ->  Hash  (cost=67604.59..67604.59 rows=987727 width=4) (actual time=1438.636..1438.636 rows=985048 loops=1)
                    Buckets: 131072  Batches: 16  Memory Usage: 3197kB
                    ->  Seq Scan on title t  (cost=0.00..67604.59 rows=987727 width=4) (actual time=0.021..1130.578 rows=985048 loops=1)
                          Filter: (kind_id < 7)
                          Rows Removed by Filter: 1543264
Planning time: 1.132 ms
Execution time: 84140.428 ms
