Hash Join  (cost=90260.67..169158.17 rows=499660 width=0) (actual time=1832.842..3789.995 rows=527292 loops=1)
  Hash Cond: (mc.movie_id = t.id)
  ->  Seq Scan on movie_companies mc  (cost=0.00..57926.93 rows=914922 width=4) (actual time=158.611..1136.756 rows=1101692 loops=1)
        Filter: ((company_id > 1824) AND (company_type_id = 2))
        Rows Removed by Filter: 1507437
  ->  Hash  (cost=67604.59..67604.59 rows=1380887 width=4) (actual time=1673.348..1673.348 rows=1381453 loops=1)
        Buckets: 131072  Batches: 32  Memory Usage: 2543kB
        ->  Seq Scan on title t  (cost=0.00..67604.59 rows=1380887 width=4) (actual time=0.024..1213.346 rows=1381453 loops=1)
              Filter: (production_year > 2000)
              Rows Removed by Filter: 1146859
Planning time: 0.778 ms
Execution time: 3856.464 ms
