Seq Scan on title t  (cost=0.00..73925.90 rows=95536 width=0) (actual time=304.032..1239.730 rows=117911 loops=1)
  Filter: ((production_year > 1968) AND (kind_id = 4))
  Rows Removed by Filter: 2410401
Planning time: 0.389 ms
Execution time: 1255.838 ms
