Seq Scan on cast_info ci  (cost=0.00..796071.18 rows=176 width=0) (actual time=9313.627..10949.054 rows=470 loops=1)
  Filter: ((person_id = 1243863) AND (role_id = 1))
  Rows Removed by Filter: 36243874
Planning time: 0.383 ms
Execution time: 10949.240 ms
