Hash Join  (cost=148907.77..288180.23 rows=392942 width=156) (actual time=1166.624..3057.583 rows=2452534 loops=1)
  Hash Cond: (mk.movie_id = t.id)
  ->  Seq Scan on movie_keyword mk  (cost=0.00..69693.30 rows=4523930 width=12) (actual time=0.017..379.425 rows=4523930 loops=1)
  ->  Hash  (cost=141657.47..141657.47 rows=219624 width=144) (actual time=1166.097..1166.097 rows=260136 loops=1)
        Buckets: 32768  Batches: 16  Memory Usage: 2429kB
        ->  Hash Join  (cost=84080.16..141657.47 rows=219624 width=144) (actual time=491.395..1071.790 rows=260136 loops=1)
              Hash Cond: (mi_idx.movie_id = t.id)
              ->  Seq Scan on movie_info_idx mi_idx  (cost=0.00..25185.44 rows=915101 width=50) (actual time=0.015..202.267 rows=919850 loops=1)
                    Filter: (info_type_id < 101)
                    Rows Removed by Filter: 460185
              ->  Hash  (cost=67604.59..67604.59 rows=606846 width=94) (actual time=490.684..490.684 rows=603411 loops=1)
                    Buckets: 32768  Batches: 32  Memory Usage: 2355kB
                    ->  Seq Scan on title t  (cost=0.00..67604.59 rows=606846 width=94) (actual time=0.011..377.229 rows=603411 loops=1)
                          Filter: (production_year < 1986)
                          Rows Removed by Filter: 1924901
Planning time: 0.827 ms
Execution time: 3130.566 ms
