Seq Scan on title t  (cost=0.00..73925.90 rows=393630 width=0) (actual time=0.014..1396.577 rows=401187 loops=1)
  Filter: ((kind_id > 1) AND (production_year > 2009))
  Rows Removed by Filter: 2127125
Planning time: 0.242 ms
Execution time: 1447.803 ms
