Seq Scan on movie_keyword mk  (cost=0.00..81003.12 rows=1928641 width=0) (actual time=0.014..1371.546 rows=1939928 loops=1)
  Filter: (keyword_id > 6797)
  Rows Removed by Filter: 2584002
Planning time: 0.207 ms
Execution time: 1607.044 ms
