Hash Join  (cost=468541.99..539842.91 rows=259476 width=0) (actual time=8377.911..9913.723 rows=182944 loops=1)
  Hash Cond: (mc.movie_id = t.id)
  ->  Seq Scan on movie_companies mc  (cost=0.00..51404.11 rows=1329612 width=4) (actual time=140.058..1035.253 rows=1334883 loops=1)
        Filter: (company_type_id = 2)
        Rows Removed by Filter: 1274246
  ->  Hash  (cost=460445.91..460445.91 rows=493446 width=8) (actual time=8237.007..8237.007 rows=169038 loops=1)
        Buckets: 131072  Batches: 8  Memory Usage: 1839kB
        ->  Hash Join  (cost=92883.59..460445.91 rows=493446 width=8) (actual time=5323.731..8183.986 rows=169038 loops=1)
              Hash Cond: (mi.movie_id = t.id)
              ->  Seq Scan on movie_info mi  (cost=0.00..346232.03 rows=809768 width=4) (actual time=3130.021..5295.522 rows=802140 loops=1)
                    Filter: (info_type_id < 2)
                    Rows Removed by Filter: 14033580
              ->  Hash  (cost=67604.59..67604.59 rows=1540800 width=4) (actual time=2044.801..2044.801 rows=1543264 loops=1)
                    Buckets: 131072  Batches: 32  Memory Usage: 2728kB
                    ->  Seq Scan on title t  (cost=0.00..67604.59 rows=1540800 width=4) (actual time=0.032..1230.110 rows=1543264 loops=1)
                          Filter: (kind_id = 7)
                          Rows Removed by Filter: 985048
Planning time: 1.153 ms
Execution time: 9936.300 ms
