Hash Join  (cost=102767.86..247761.27 rows=2248756 width=0) (actual time=1918.576..5612.654 rows=2251169 loops=1)
  Hash Cond: (mk.movie_id = t.id)
  ->  Seq Scan on movie_keyword mk  (cost=0.00..81003.12 rows=2248756 width=4) (actual time=0.022..1569.645 rows=2251169 loops=1)
        Filter: (keyword_id < 4644)
        Rows Removed by Filter: 2272761
  ->  Hash  (cost=61283.27..61283.27 rows=2528527 width=4) (actual time=1916.163..1916.163 rows=2528312 loops=1)
        Buckets: 131072  Batches: 64  Memory Usage: 2425kB
        ->  Seq Scan on title t  (cost=0.00..61283.27 rows=2528527 width=4) (actual time=0.017..1057.372 rows=2528312 loops=1)
Planning time: 0.726 ms
Execution time: 5882.569 ms
