Seq Scan on movie_keyword mk  (cost=0.00..81003.12 rows=1015012 width=0) (actual time=0.025..1372.447 rows=1016985 loops=1)
  Filter: (keyword_id < 992)
  Rows Removed by Filter: 3506945
Planning time: 0.325 ms
Execution time: 1515.141 ms
