Seq Scan on movie_companies mc  (cost=0.00..51404.11 rows=700023 width=0) (actual time=0.020..844.623 rows=689958 loops=1)
  Filter: (company_id < 1263)
  Rows Removed by Filter: 1919171
Planning time: 0.339 ms
Execution time: 933.383 ms
