Seq Scan on cast_info ci  (cost=0.00..796071.18 rows=17839058 width=0) (actual time=0.017..15106.690 rows=19971001 loops=1)
  Filter: ((person_id < 2130739) AND (role_id < 9))
  Rows Removed by Filter: 16273343
Planning time: 0.300 ms
Execution time: 17570.789 ms
