Seq Scan on cast_info ci  (cost=0.00..705507.15 rows=500 width=0) (actual time=6230.773..10890.537 rows=190 loops=1)
  Filter: (person_id = 2296400)
  Rows Removed by Filter: 36244154
Planning time: 0.353 ms
Execution time: 10890.657 ms
