Hash Join  (cost=79587.14..137644.58 rows=113796 width=144) (actual time=2010.335..2821.648 rows=129616 loops=1)
  Hash Cond: (mi_idx.movie_id = t.id)
  ->  Seq Scan on movie_info_idx mi_idx  (cost=0.00..21735.35 rows=1380035 width=50) (actual time=0.016..262.279 rows=1380035 loops=1)
  ->  Hash  (cost=73925.90..73925.90 rows=208499 width=94) (actual time=1875.216..1875.216 rows=182393 loops=1)
        Buckets: 32768  Batches: 8  Memory Usage: 2683kB
        ->  Seq Scan on title t  (cost=0.00..73925.90 rows=208499 width=94) (actual time=199.691..1115.030 rows=182393 loops=1)
              Filter: ((production_year > 2007) AND (kind_id = 1))
              Rows Removed by Filter: 2345919
Planning time: 3.963 ms
Execution time: 2829.349 ms
