Seq Scan on movie_keyword mk  (cost=0.00..81003.12 rows=2203265 width=0) (actual time=0.016..1448.006 rows=2201160 loops=1)
  Filter: (keyword_id > 5070)
  Rows Removed by Filter: 2322770
Planning time: 0.333 ms
Execution time: 1720.292 ms
