Hash Join  (cost=365418.15..1049519.11 rows=16627361 width=0) (actual time=8844.815..64344.905 rows=191657739 loops=1)
  Hash Cond: (mi.movie_id = t.id)
  ->  Seq Scan on movie_info mi  (cost=0.00..346232.03 rows=9293409 width=4) (actual time=36.251..6488.600 rows=9425200 loops=1)
        Filter: (info_type_id > 5)
        Rows Removed by Filter: 5410520
  ->  Hash  (cost=291197.02..291197.02 rows=4523930 width=8) (actual time=8807.151..8807.151 rows=4523930 loops=1)
        Buckets: 131072  Batches: 64  Memory Usage: 3893kB
        ->  Hash Join  (cost=102767.86..291197.02 rows=4523930 width=8) (actual time=1924.210..7509.453 rows=4523930 loops=1)
              Hash Cond: (mk.movie_id = t.id)
              ->  Seq Scan on movie_keyword mk  (cost=0.00..69693.30 rows=4523930 width=4) (actual time=0.026..1463.014 rows=4523930 loops=1)
              ->  Hash  (cost=61283.27..61283.27 rows=2528527 width=4) (actual time=1922.637..1922.637 rows=2528312 loops=1)
                    Buckets: 131072  Batches: 64  Memory Usage: 2425kB
                    ->  Seq Scan on title t  (cost=0.00..61283.27 rows=2528527 width=4) (actual time=0.027..1050.054 rows=2528312 loops=1)
Planning time: 3.634 ms
Execution time: 85752.682 ms
