Hash Join  (cost=101220.66..188030.13 rows=15143 width=0) (actual time=1642.680..3567.355 rows=163056 loops=1)
  Hash Cond: (mk.movie_id = t.id)
  ->  Seq Scan on movie_keyword mk  (cost=0.00..69693.30 rows=4523930 width=4) (actual time=0.019..1011.057 rows=4523930 loops=1)
  ->  Hash  (cost=101114.86..101114.86 rows=8464 width=8) (actual time=1642.154..1642.154 rows=15425 loops=1)
        Buckets: 16384  Batches: 1  Memory Usage: 731kB
        ->  Hash Join  (cost=74119.74..101114.86 rows=8464 width=8) (actual time=1005.088..1636.130 rows=15425 loops=1)
              Hash Cond: (mi_idx.movie_id = t.id)
              ->  Seq Scan on movie_info_idx mi_idx  (cost=0.00..21735.35 rows=1380035 width=4) (actual time=0.016..320.929 rows=1380035 loops=1)
              ->  Hash  (cost=73925.90..73925.90 rows=15507 width=4) (actual time=1003.842..1003.842 rows=11835 loops=1)
                    Buckets: 16384  Batches: 1  Memory Usage: 545kB
                    ->  Seq Scan on title t  (cost=0.00..73925.90 rows=15507 width=4) (actual time=0.042..998.641 rows=11835 loops=1)
                          Filter: ((kind_id < 7) AND (production_year = 1995))
                          Rows Removed by Filter: 2516477
Planning time: 0.958 ms
Execution time: 3588.096 ms
