Hash Join  (cost=102767.86..195987.93 rows=1327259 width=0) (actual time=1882.422..4342.126 rows=1316987 loops=1)
  Hash Cond: (mc.movie_id = t.id)
  ->  Seq Scan on movie_companies mc  (cost=0.00..51404.11 rows=1327259 width=4) (actual time=0.021..1013.111 rows=1316987 loops=1)
        Filter: (company_id < 11371)
        Rows Removed by Filter: 1292142
  ->  Hash  (cost=61283.27..61283.27 rows=2528527 width=4) (actual time=1881.247..1881.247 rows=2528312 loops=1)
        Buckets: 131072  Batches: 64  Memory Usage: 2415kB
        ->  Seq Scan on title t  (cost=0.00..61283.27 rows=2528527 width=4) (actual time=0.012..1055.218 rows=2528312 loops=1)
Planning time: 0.501 ms
Execution time: 4497.929 ms
