Hash Join  (cost=102767.86..295183.42 rows=4219596 width=0) (actual time=1882.404..7326.442 rows=4222521 loops=1)
  Hash Cond: (mk.movie_id = t.id)
  ->  Seq Scan on movie_keyword mk  (cost=0.00..81003.12 rows=4219596 width=4) (actual time=0.024..1870.756 rows=4222521 loops=1)
        Filter: (keyword_id < 53813)
        Rows Removed by Filter: 301409
  ->  Hash  (cost=61283.27..61283.27 rows=2528527 width=4) (actual time=1880.723..1880.723 rows=2528312 loops=1)
        Buckets: 131072  Batches: 64  Memory Usage: 2425kB
        ->  Seq Scan on title t  (cost=0.00..61283.27 rows=2528527 width=4) (actual time=0.035..1005.534 rows=2528312 loops=1)
Planning time: 0.780 ms
Execution time: 7797.619 ms
