Nested Loop  (cost=0.43..58375.18 rows=53 width=0) (actual time=355.621..769.609 rows=23 loops=1)
  ->  Seq Scan on movie_companies mc  (cost=0.00..57926.93 rows=53 width=4) (actual time=355.547..768.697 rows=23 loops=1)
        Filter: ((company_id = 99868) AND (company_type_id = 2))
        Rows Removed by Filter: 2609106
  ->  Index Only Scan using title_pkey on title t  (cost=0.43..8.45 rows=1 width=4) (actual time=0.034..0.035 rows=1 loops=23)
        Index Cond: (id = mc.movie_id)
        Heap Fetches: 23
Planning time: 0.824 ms
Execution time: 769.706 ms
