Hash Join  (cost=236352.30..1472992.51 rows=15337297 width=0) (actual time=5633.871..62521.112 rows=113648235 loops=1)
  Hash Cond: (ci.movie_id = t.id)
  ->  Seq Scan on cast_info ci  (cost=0.00..614943.12 rows=36225612 width=4) (actual time=0.099..13444.872 rows=36244344 loops=1)
  ->  Hash  (cost=218788.62..218788.62 rows=1070535 width=8) (actual time=5632.968..5632.968 rows=1854986 loops=1)
        Buckets: 131072 (originally 131072)  Batches: 32 (originally 16)  Memory Usage: 3296kB
        ->  Hash Join  (cost=83743.23..218788.62 rows=1070535 width=8) (actual time=1352.396..5098.570 rows=1854986 loops=1)
              Hash Cond: (mk.movie_id = t.id)
              ->  Seq Scan on movie_keyword mk  (cost=0.00..69693.30 rows=4523930 width=4) (actual time=0.026..1369.733 rows=4523930 loops=1)
              ->  Hash  (cost=73925.90..73925.90 rows=598346 width=4) (actual time=1351.322..1351.322 rows=507407 loops=1)
                    Buckets: 131072  Batches: 8  Memory Usage: 3259kB
                    ->  Seq Scan on title t  (cost=0.00..73925.90 rows=598346 width=4) (actual time=0.024..1188.378 rows=507407 loops=1)
                          Filter: ((kind_id < 7) AND (production_year > 1997))
                          Rows Removed by Filter: 2020905
Planning time: 1.115 ms
Execution time: 74739.093 ms
