Hash Join  (cost=94420.17..905357.03 rows=5757593 width=169) (actual time=2066.594..26793.833 rows=10872384 loops=1)
  Hash Cond: (mi.movie_id = t.id)
  ->  Seq Scan on movie_info mi  (cost=0.00..309384.22 rows=14739122 width=75) (actual time=0.029..7876.079 rows=14835720 loops=1)
  ->  Hash  (cost=67604.59..67604.59 rows=987727 width=94) (actual time=2065.236..2065.236 rows=985048 loops=1)
        Buckets: 32768  Batches: 64  Memory Usage: 1954kB
        ->  Seq Scan on title t  (cost=0.00..67604.59 rows=987727 width=94) (actual time=0.023..1594.606 rows=985048 loops=1)
              Filter: (kind_id < 7)
              Rows Removed by Filter: 1543264
Planning time: 3.593 ms
Execution time: 27359.870 ms
