Hash Join  (cost=102767.86..1486472.34 rows=27774236 width=0) (actual time=1905.113..42090.051 rows=27819972 loops=1)
  Hash Cond: (ci.movie_id = t.id)
  ->  Seq Scan on cast_info ci  (cost=0.00..705507.15 rows=27774236 width=4) (actual time=0.020..16315.907 rows=27819972 loops=1)
        Filter: (person_id < 2842699)
        Rows Removed by Filter: 8424372
  ->  Hash  (cost=61283.27..61283.27 rows=2528527 width=4) (actual time=1904.334..1904.334 rows=2528312 loops=1)
        Buckets: 131072  Batches: 64  Memory Usage: 2415kB
        ->  Seq Scan on title t  (cost=0.00..61283.27 rows=2528527 width=4) (actual time=0.004..1082.750 rows=2528312 loops=1)
Planning time: 0.746 ms
Execution time: 45098.188 ms
