Hash Join  (cost=190230.21..1249960.91 rows=11185853 width=0) (actual time=4634.545..35142.227 rows=23448826 loops=1)
  Hash Cond: (ci.movie_id = t.id)
  ->  Seq Scan on cast_info ci  (cost=0.00..705507.15 rows=20494938 width=4) (actual time=2.142..14581.564 rows=20399928 loops=1)
        Filter: (person_id < 2051797)
        Rows Removed by Filter: 15844416
  ->  Hash  (cost=167588.78..167588.78 rows=1380035 width=8) (actual time=4513.730..4513.730 rows=1380035 loops=1)
        Buckets: 131072  Batches: 32  Memory Usage: 2708kB
        ->  Hash Join  (cost=102767.86..167588.78 rows=1380035 width=8) (actual time=2104.815..4115.394 rows=1380035 loops=1)
              Hash Cond: (mi_idx.movie_id = t.id)
              ->  Seq Scan on movie_info_idx mi_idx  (cost=0.00..21735.35 rows=1380035 width=4) (actual time=0.006..513.976 rows=1380035 loops=1)
              ->  Hash  (cost=61283.27..61283.27 rows=2528527 width=4) (actual time=2103.804..2103.804 rows=2528312 loops=1)
                    Buckets: 131072  Batches: 64  Memory Usage: 2415kB
                    ->  Seq Scan on title t  (cost=0.00..61283.27 rows=2528527 width=4) (actual time=0.019..1150.492 rows=2528312 loops=1)
Planning time: 1.191 ms
Execution time: 37628.386 ms
