Seq Scan on movie_keyword mk  (cost=0.00..81003.12 rows=246 width=0) (actual time=5.913..1189.819 rows=1092 loops=1)
  Filter: (keyword_id = 3448)
  Rows Removed by Filter: 4522838
Planning time: 0.378 ms
Execution time: 1190.297 ms
