Seq Scan on movie_companies mc  (cost=0.00..57926.93 rows=1045307 width=0) (actual time=0.016..1132.307 rows=1190485 loops=1)
  Filter: ((company_id > 575) AND (company_type_id > 1))
  Rows Removed by Filter: 1418644
Planning time: 0.211 ms
Execution time: 1279.509 ms
