Hash Join  (cost=90234.05..1350993.90 rows=13989782 width=0) (actual time=1618.074..40124.298 rows=12021447 loops=1)
  Hash Cond: (ci.movie_id = t.id)
  ->  Seq Scan on cast_info ci  (cost=0.00..705507.15 rows=35586634 width=4) (actual time=0.019..17196.552 rows=35715211 loops=1)
        Filter: (person_id > 58374)
        Rows Removed by Filter: 529133
  ->  Hash  (cost=73925.90..73925.90 rows=994012 width=4) (actual time=1617.158..1617.158 rows=923721 loops=1)
        Buckets: 131072  Batches: 16  Memory Usage: 3057kB
        ->  Seq Scan on title t  (cost=0.00..73925.90 rows=994012 width=4) (actual time=0.025..1329.024 rows=923721 loops=1)
              Filter: ((kind_id > 1) AND (production_year < 2005))
              Rows Removed by Filter: 1604591
Planning time: 0.818 ms
Execution time: 41502.647 ms
