Hash Join  (cost=73982.55..164886.58 rows=4710 width=0) (actual time=2455.048..3139.124 rows=2038 loops=1)
  Hash Cond: (mk.movie_id = t.id)
  ->  Seq Scan on movie_keyword mk  (cost=0.00..81003.12 rows=2627680 width=4) (actual time=0.025..1540.306 rows=2618280 loops=1)
        Filter: (keyword_id < 7088)
        Rows Removed by Filter: 1905650
  ->  Hash  (cost=73925.90..73925.90 rows=4532 width=4) (actual time=1184.108..1184.108 rows=7858 loops=1)
        Buckets: 8192  Batches: 1  Memory Usage: 341kB
        ->  Seq Scan on title t  (cost=0.00..73925.90 rows=4532 width=4) (actual time=0.031..1180.186 rows=7858 loops=1)
              Filter: ((kind_id = 7) AND (production_year = 1975))
              Rows Removed by Filter: 2520454
Planning time: 0.774 ms
Execution time: 3139.530 ms
