Seq Scan on title t  (cost=0.00..73925.90 rows=406771 width=0) (actual time=0.028..1069.429 rows=288892 loops=1)
  Filter: ((production_year < 1989) AND (kind_id = 7))
  Rows Removed by Filter: 2239420
Planning time: 0.383 ms
Execution time: 1106.828 ms
