Hash Join  (cost=102767.86..1227692.22 rows=17019767 width=0) (actual time=1904.035..30209.418 rows=16893152 loops=1)
  Hash Cond: (ci.movie_id = t.id)
  ->  Seq Scan on cast_info ci  (cost=0.00..705507.15 rows=17019767 width=4) (actual time=0.013..14024.814 rows=16893152 loops=1)
        Filter: (person_id < 1670032)
        Rows Removed by Filter: 19351192
  ->  Hash  (cost=61283.27..61283.27 rows=2528527 width=4) (actual time=1902.542..1902.542 rows=2528312 loops=1)
        Buckets: 131072  Batches: 64  Memory Usage: 2415kB
        ->  Seq Scan on title t  (cost=0.00..61283.27 rows=2528527 width=4) (actual time=0.023..1056.932 rows=2528312 loops=1)
Planning time: 0.751 ms
Execution time: 32144.220 ms
