Seq Scan on cast_info ci  (cost=0.00..705507.15 rows=22444591 width=0) (actual time=0.026..12897.863 rows=22299240 loops=1)
  Filter: (person_id < 2272062)
  Rows Removed by Filter: 13945104
Planning time: 0.350 ms
Execution time: 15644.160 ms
