Seq Scan on title t  (cost=0.00..73925.90 rows=729468 width=94) (actual time=158.997..1028.816 rows=638430 loops=1)
  Filter: ((production_year < 2003) AND (kind_id = 7))
  Rows Removed by Filter: 1889882
Planning time: 3.017 ms
Execution time: 1064.578 ms
