Hash Join  (cost=709678.15..736591.36 rows=273 width=0) (actual time=11695.470..12160.243 rows=42 loops=1)
  Hash Cond: (mi_idx.movie_id = t.id)
  ->  Seq Scan on movie_info_idx mi_idx  (cost=0.00..21735.35 rows=1380035 width=4) (actual time=0.021..285.164 rows=1380035 loops=1)
  ->  Hash  (cost=709671.90..709671.90 rows=500 width=8) (actual time=11618.446..11618.446 rows=1270 loops=1)
        Buckets: 2048 (originally 1024)  Batches: 1 (originally 1)  Memory Usage: 66kB
        ->  Nested Loop  (cost=0.43..709671.90 rows=500 width=8) (actual time=5907.217..11617.795 rows=1270 loops=1)
              ->  Seq Scan on cast_info ci  (cost=0.00..705507.15 rows=500 width=4) (actual time=5907.091..11594.069 rows=1270 loops=1)
                    Filter: (person_id = 2374781)
                    Rows Removed by Filter: 36243074
              ->  Index Only Scan using title_pkey on title t  (cost=0.43..8.32 rows=1 width=4) (actual time=0.018..0.018 rows=1 loops=1270)
                    Index Cond: (id = ci.movie_id)
                    Heap Fetches: 1270
Planning time: 0.859 ms
Execution time: 12160.336 ms
