Hash Join  (cost=219580.09..688855.93 rows=3465156 width=0) (actual time=5391.729..18657.413 rows=13558493 loops=1)
  Hash Cond: (mi.movie_id = t.id)
  ->  Seq Scan on movie_info mi  (cost=0.00..346232.03 rows=7235534 width=4) (actual time=195.368..6341.246 rows=7286865 loops=1)
        Filter: (info_type_id < 8)
        Rows Removed by Filter: 7548855
  ->  Hash  (cost=199712.44..199712.44 rows=1210932 width=8) (actual time=5195.444..5195.444 rows=1274246 loops=1)
        Buckets: 131072 (originally 131072)  Batches: 32 (originally 16)  Memory Usage: 3073kB
        ->  Hash Join  (cost=102767.86..199712.44 rows=1210932 width=8) (actual time=2102.919..4828.753 rows=1274246 loops=1)
              Hash Cond: (mc.movie_id = t.id)
              ->  Seq Scan on movie_companies mc  (cost=0.00..57926.93 rows=1210932 width=4) (actual time=256.272..1222.918 rows=1274246 loops=1)
                    Filter: ((company_id < 136857) AND (company_type_id = 1))
                    Rows Removed by Filter: 1334883
              ->  Hash  (cost=61283.27..61283.27 rows=2528527 width=4) (actual time=1845.355..1845.355 rows=2528312 loops=1)
                    Buckets: 131072  Batches: 64  Memory Usage: 2415kB
                    ->  Seq Scan on title t  (cost=0.00..61283.27 rows=2528527 width=4) (actual time=0.017..1031.049 rows=2528312 loops=1)
Planning time: 2.693 ms
Execution time: 20204.558 ms
