Hash Join  (cost=116193.50..595027.04 rows=374764 width=0) (actual time=2560.983..14926.977 rows=2865947 loops=1)
  Hash Cond: (mi.movie_id = t.id)
  ->  Seq Scan on movie_info mi  (cost=0.00..346232.03 rows=11115165 width=4) (actual time=64.966..7140.469 rows=11210743 loops=1)
        Filter: (info_type_id > 3)
        Rows Removed by Filter: 3624977
  ->  Hash  (cost=114793.84..114793.84 rows=85253 width=8) (actual time=2495.298..2495.298 rows=190511 loops=1)
        Buckets: 131072 (originally 131072)  Batches: 4 (originally 2)  Memory Usage: 3073kB
        ->  Hash Join  (cost=81598.21..114793.84 rows=85253 width=8) (actual time=1436.204..2424.515 rows=190511 loops=1)
              Hash Cond: (mi_idx.movie_id = t.id)
              ->  Seq Scan on movie_info_idx mi_idx  (cost=0.00..25185.44 rows=460978 width=4) (actual time=0.024..579.958 rows=459925 loops=1)
                    Filter: (info_type_id < 100)
                    Rows Removed by Filter: 920110
              ->  Hash  (cost=73925.90..73925.90 rows=467624 width=4) (actual time=1435.177..1435.177 rows=557493 loops=1)
                    Buckets: 131072  Batches: 8  Memory Usage: 3486kB
                    ->  Seq Scan on title t  (cost=0.00..73925.90 rows=467624 width=4) (actual time=0.018..1260.227 rows=557493 loops=1)
                          Filter: ((kind_id < 7) AND (production_year < 2003))
                          Rows Removed by Filter: 1970819
Planning time: 1.265 ms
Execution time: 15231.601 ms
