Hash Join  (cost=310660.87..1860562.85 rows=41423978 width=0) (actual time=7054.898..73386.385 rows=140269108 loops=1)
  Hash Cond: (ci.movie_id = t.id)
  ->  Seq Scan on cast_info ci  (cost=0.00..614943.12 rows=36225612 width=4) (actual time=0.014..13793.200 rows=36244344 loops=1)
  ->  Hash  (cost=263223.74..263223.74 rows=2891370 width=8) (actual time=7053.390..7053.390 rows=2883031 loops=1)
        Buckets: 131072  Batches: 64  Memory Usage: 2810kB
        ->  Hash Join  (cost=102767.86..263223.74 rows=2891370 width=8) (actual time=1990.618..6232.048 rows=2883031 loops=1)
              Hash Cond: (mk.movie_id = t.id)
              ->  Seq Scan on movie_keyword mk  (cost=0.00..81003.12 rows=2891370 width=4) (actual time=0.027..1698.523 rows=2883031 loops=1)
                    Filter: (keyword_id > 2488)
                    Rows Removed by Filter: 1640899
              ->  Hash  (cost=61283.27..61283.27 rows=2528527 width=4) (actual time=1989.755..1989.755 rows=2528312 loops=1)
                    Buckets: 131072  Batches: 64  Memory Usage: 2425kB
                    ->  Seq Scan on title t  (cost=0.00..61283.27 rows=2528527 width=4) (actual time=0.016..1115.084 rows=2528312 loops=1)
Planning time: 3.381 ms
Execution time: 88075.072 ms
