Hash Join  (cost=102617.88..936209.21 rows=4173 width=0) (actual time=1742.129..15734.627 rows=7682 loops=1)
  Hash Cond: (ci.movie_id = t.id)
  ->  Seq Scan on cast_info ci  (cost=0.00..796071.18 rows=9994243 width=4) (actual time=0.032..13274.334 rows=4281394 loops=1)
        Filter: ((person_id < 1505303) AND (role_id > 1))
        Rows Removed by Filter: 31962950
  ->  Hash  (cost=102604.68..102604.68 rows=1056 width=8) (actual time=1737.869..1737.869 rows=2655 loops=1)
        Buckets: 4096 (originally 2048)  Batches: 1 (originally 1)  Memory Usage: 136kB
        ->  Hash Join  (cost=73962.22..102604.68 rows=1056 width=8) (actual time=1060.170..1736.484 rows=2655 loops=1)
              Hash Cond: (mi_idx.movie_id = t.id)
              ->  Seq Scan on movie_info_idx mi_idx  (cost=0.00..25185.44 rows=919057 width=4) (actual time=0.025..518.904 rows=920110 loops=1)
                    Filter: (info_type_id > 99)
                    Rows Removed by Filter: 459925
              ->  Hash  (cost=73925.90..73925.90 rows=2905 width=4) (actual time=1058.362..1058.362 rows=3427 loops=1)
                    Buckets: 4096  Batches: 1  Memory Usage: 153kB
                    ->  Seq Scan on title t  (cost=0.00..73925.90 rows=2905 width=4) (actual time=4.673..1056.542 rows=3427 loops=1)
                          Filter: ((kind_id < 7) AND (production_year = 1956))
                          Rows Removed by Filter: 2524885
Planning time: 1.188 ms
Execution time: 15736.490 ms
