Hash Join  (cost=118064.54..185174.36 rows=338850 width=144) (actual time=2574.237..3978.912 rows=329797 loops=1)
  Hash Cond: (mi_idx.movie_id = t.id)
  ->  Seq Scan on movie_info_idx mi_idx  (cost=0.00..25185.44 rows=460978 width=50) (actual time=0.018..504.787 rows=459925 loops=1)
        Filter: (info_type_id = 99)
        Rows Removed by Filter: 920110
  ->  Hash  (cost=67604.59..67604.59 rows=1858636 width=94) (actual time=2572.873..2572.873 rows=1852807 loops=1)
        Buckets: 32768  Batches: 64  Memory Usage: 3528kB
        ->  Seq Scan on title t  (cost=0.00..67604.59 rows=1858636 width=94) (actual time=0.017..1126.861 rows=1852807 loops=1)
              Filter: (production_year > 1985)
              Rows Removed by Filter: 675505
Planning time: 1.200 ms
Execution time: 3997.708 ms
