Seq Scan on movie_keyword mk  (cost=0.00..81003.12 rows=246 width=0) (actual time=0.685..1349.309 rows=1098 loops=1)
  Filter: (keyword_id = 527)
  Rows Removed by Filter: 4522832
Planning time: 0.385 ms
Execution time: 1349.994 ms
