Seq Scan on movie_keyword mk  (cost=0.00..81003.12 rows=246 width=0) (actual time=3.362..1263.082 rows=872 loops=1)
  Filter: (keyword_id = 2591)
  Rows Removed by Filter: 4523058
Planning time: 0.353 ms
Execution time: 1263.472 ms
