Hash Join  (cost=155281.89..240093.86 rows=708146 width=0) (actual time=3813.211..5756.366 rows=768303 loops=1)
  Hash Cond: (mc.movie_id = t.id)
  ->  Seq Scan on movie_companies mc  (cost=0.00..44881.29 rows=2609129 width=4) (actual time=0.024..1047.781 rows=2609129 loops=1)
  ->  Hash  (cost=144022.53..144022.53 rows=686269 width=8) (actual time=3430.456..3430.456 rows=377883 loops=1)
        Buckets: 131072  Batches: 16  Memory Usage: 1950kB
        ->  Hash Join  (cost=94555.35..144022.53 rows=686269 width=8) (actual time=1813.016..3317.831 rows=377883 loops=1)
              Hash Cond: (mi_idx.movie_id = t.id)
              ->  Seq Scan on movie_info_idx mi_idx  (cost=0.00..21735.35 rows=1380035 width=4) (actual time=0.013..539.609 rows=1380035 loops=1)
              ->  Hash  (cost=73925.90..73925.90 rows=1257396 width=4) (actual time=1811.621..1811.621 rows=1340616 loops=1)
                    Buckets: 131072  Batches: 32  Memory Usage: 2502kB
                    ->  Seq Scan on title t  (cost=0.00..73925.90 rows=1257396 width=4) (actual time=0.033..1380.613 rows=1340616 loops=1)
                          Filter: ((production_year > 1971) AND (kind_id = 7))
                          Rows Removed by Filter: 1187696
Planning time: 1.216 ms
Execution time: 5834.381 ms
