Nested Loop  (cost=0.43..83072.29 rows=217 width=0) (actual time=0.683..1198.932 rows=511 loops=1)
  ->  Seq Scan on movie_keyword mk  (cost=0.00..81003.12 rows=246 width=4) (actual time=0.637..1179.932 rows=536 loops=1)
        Filter: (keyword_id = 1716)
        Rows Removed by Filter: 4523394
  ->  Index Scan using title_pkey on title t  (cost=0.43..8.40 rows=1 width=4) (actual time=0.033..0.034 rows=1 loops=536)
        Index Cond: (id = mk.movie_id)
        Filter: (production_year < 2012)
        Rows Removed by Filter: 0
Planning time: 0.770 ms
Execution time: 1199.248 ms
