Hash Join  (cost=842176.52..1615719.14 rows=5081996 width=0) (actual time=24814.538..42048.514 rows=15552013 loops=1)
  Hash Cond: (mi.movie_id = t.id)
  ->  Seq Scan on movie_info mi  (cost=0.00..309384.22 rows=14739122 width=4) (actual time=0.012..6397.598 rows=14835720 loops=1)
  ->  Hash  (cost=827872.69..827872.69 rows=871827 width=8) (actual time=24762.827..24762.827 rows=929303 loops=1)
        Buckets: 131072  Batches: 16  Memory Usage: 3403kB
        ->  Hash Join  (cost=68365.25..827872.69 rows=871827 width=8) (actual time=1093.372..23383.354 rows=929303 loops=1)
              Hash Cond: (ci.movie_id = t.id)
              ->  Seq Scan on cast_info ci  (cost=0.00..614943.12 rows=36225612 width=4) (actual time=0.010..9640.977 rows=36244344 loops=1)
              ->  Hash  (cost=67604.59..67604.59 rows=60853 width=4) (actual time=1093.049..1093.049 rows=62568 loops=1)
                    Buckets: 65536  Batches: 1  Memory Usage: 2712kB
                    ->  Seq Scan on title t  (cost=0.00..67604.59 rows=60853 width=4) (actual time=0.014..1067.735 rows=62568 loops=1)
                          Filter: (production_year = 2002)
                          Rows Removed by Filter: 2465744
Planning time: 6.136 ms
Execution time: 43692.728 ms
