Hash Join  (cost=147219.96..633187.23 rows=577434 width=0) (actual time=3028.540..14823.739 rows=2596807 loops=1)
  Hash Cond: (mi.movie_id = t.id)
  ->  Seq Scan on movie_info mi  (cost=0.00..309384.22 rows=14739122 width=4) (actual time=0.023..6016.827 rows=14835720 loops=1)
  ->  Hash  (cost=145594.71..145594.71 rows=99060 width=8) (actual time=3027.699..3027.699 rows=87493 loops=1)
        Buckets: 131072  Batches: 2  Memory Usage: 2779kB
        ->  Hash Join  (cost=69179.59..145594.71 rows=99060 width=8) (actual time=1125.773..2993.791 rows=87493 loops=1)
              Hash Cond: (mc.movie_id = t.id)
              ->  Seq Scan on movie_companies mc  (cost=0.00..44881.29 rows=2609129 width=4) (actual time=0.010..872.807 rows=2609129 loops=1)
              ->  Hash  (cost=67604.59..67604.59 rows=96000 width=4) (actual time=1124.584..1124.584 rows=95005 loops=1)
                    Buckets: 131072  Batches: 2  Memory Usage: 2716kB
                    ->  Seq Scan on title t  (cost=0.00..67604.59 rows=96000 width=4) (actual time=0.011..1088.386 rows=95005 loops=1)
                          Filter: (production_year = 2005)
                          Rows Removed by Filter: 2433307
Planning time: 1.018 ms
Execution time: 15149.398 ms
