Seq Scan on movie_keyword mk  (cost=0.00..81003.12 rows=4312777 width=12) (actual time=0.024..1508.700 rows=4297520 loops=1)
  Filter: (keyword_id > 181)
  Rows Removed by Filter: 226410
Planning time: 0.329 ms
Execution time: 1771.168 ms
