Hash Join  (cost=102767.86..1035729.46 rows=5278426 width=0) (actual time=6892.603..17872.793 rows=3152346 loops=1)
  Hash Cond: (ci.movie_id = t.id)
  ->  Seq Scan on cast_info ci  (cost=0.00..796071.18 rows=5278426 width=4) (actual time=4904.725..12803.404 rows=3152346 loops=1)
        Filter: ((person_id < 1534730) AND (role_id > 3))
        Rows Removed by Filter: 33091998
  ->  Hash  (cost=61283.27..61283.27 rows=2528527 width=4) (actual time=1985.912..1985.912 rows=2528312 loops=1)
        Buckets: 131072  Batches: 64  Memory Usage: 2415kB
        ->  Seq Scan on title t  (cost=0.00..61283.27 rows=2528527 width=4) (actual time=0.013..1087.196 rows=2528312 loops=1)
Planning time: 0.761 ms
Execution time: 18198.302 ms
