Hash Join  (cost=67697.55..432786.99 rows=43351 width=0) (actual time=1196.506..8622.234 rows=87835 loops=1)
  Hash Cond: (mi.movie_id = t.id)
  ->  Seq Scan on movie_info mi  (cost=0.00..309384.22 rows=14739122 width=4) (actual time=0.015..4331.534 rows=14835720 loops=1)
  ->  Hash  (cost=67604.59..67604.59 rows=7437 width=4) (actual time=1106.694..1106.694 rows=7670 loops=1)
        Buckets: 8192  Batches: 1  Memory Usage: 334kB
        ->  Seq Scan on title t  (cost=0.00..67604.59 rows=7437 width=4) (actual time=174.360..1103.316 rows=7670 loops=1)
              Filter: (production_year = 1915)
              Rows Removed by Filter: 2520642
Planning time: 4.305 ms
Execution time: 8636.470 ms
