Hash Join  (cost=107494.42..169679.91 rows=1326996 width=0) (actual time=2565.426..4419.149 rows=1369817 loops=1)
  Hash Cond: (mi_idx.movie_id = t.id)
  ->  Seq Scan on movie_info_idx mi_idx  (cost=0.00..21735.35 rows=1380035 width=4) (actual time=0.017..404.117 rows=1380035 loops=1)
  ->  Hash  (cost=67604.59..67604.59 rows=2431347 width=4) (actual time=2564.367..2564.367 rows=2427113 loops=1)
        Buckets: 131072  Batches: 32  Memory Usage: 3691kB
        ->  Seq Scan on title t  (cost=0.00..67604.59 rows=2431347 width=4) (actual time=0.013..1516.207 rows=2427113 loops=1)
              Filter: (production_year > 1910)
              Rows Removed by Filter: 101199
Planning time: 0.550 ms
Execution time: 4578.373 ms
