Hash Join  (cost=190230.21..336952.08 rows=1934449 width=0) (actual time=4223.754..9566.021 rows=8294517 loops=1)
  Hash Cond: (mk.movie_id = t.id)
  ->  Seq Scan on movie_keyword mk  (cost=0.00..81003.12 rows=3544335 width=4) (actual time=0.015..1722.384 rows=3535122 loops=1)
        Filter: (keyword_id > 927)
        Rows Removed by Filter: 988808
  ->  Hash  (cost=167588.78..167588.78 rows=1380035 width=8) (actual time=4220.095..4220.095 rows=1380035 loops=1)
        Buckets: 131072  Batches: 32  Memory Usage: 2726kB
        ->  Hash Join  (cost=102767.86..167588.78 rows=1380035 width=8) (actual time=1919.017..3826.959 rows=1380035 loops=1)
              Hash Cond: (mi_idx.movie_id = t.id)
              ->  Seq Scan on movie_info_idx mi_idx  (cost=0.00..21735.35 rows=1380035 width=4) (actual time=0.017..460.285 rows=1380035 loops=1)
              ->  Hash  (cost=61283.27..61283.27 rows=2528527 width=4) (actual time=1916.970..1916.970 rows=2528312 loops=1)
                    Buckets: 131072  Batches: 64  Memory Usage: 2415kB
                    ->  Seq Scan on title t  (cost=0.00..61283.27 rows=2528527 width=4) (actual time=0.016..1082.250 rows=2528312 loops=1)
Planning time: 1.141 ms
Execution time: 10488.791 ms
