Hash Join  (cost=111020.24..997488.83 rows=268719 width=0) (actual time=11814.268..17640.080 rows=88776 loops=1)
  Hash Cond: (ci.movie_id = t.id)
  ->  Seq Scan on cast_info ci  (cost=0.00..796071.18 rows=7555262 width=4) (actual time=9056.219..14155.403 rows=2119425 loops=1)
        Filter: ((person_id > 1441507) AND (role_id < 2))
        Rows Removed by Filter: 34124919
  ->  Hash  (cost=109544.09..109544.09 rows=89932 width=8) (actual time=2757.107..2757.107 rows=54660 loops=1)
        Buckets: 131072  Batches: 2  Memory Usage: 2091kB
        ->  Hash Join  (cost=70308.29..109544.09 rows=89932 width=8) (actual time=1785.924..2738.580 rows=54660 loops=1)
              Hash Cond: (mi_idx.movie_id = t.id)
              ->  Seq Scan on movie_info_idx mi_idx  (cost=0.00..21735.35 rows=1380035 width=4) (actual time=0.028..415.070 rows=1380035 loops=1)
              ->  Hash  (cost=67604.59..67604.59 rows=164776 width=4) (actual time=1785.019..1785.019 rows=164307 loops=1)
                    Buckets: 131072  Batches: 4  Memory Usage: 2482kB
                    ->  Seq Scan on title t  (cost=0.00..67604.59 rows=164776 width=4) (actual time=0.013..1158.082 rows=164307 loops=1)
                          Filter: (production_year = 2012)
                          Rows Removed by Filter: 2364005
Planning time: 0.782 ms
Execution time: 17651.916 ms
