Seq Scan on movie_keyword mk  (cost=0.00..81003.12 rows=246 width=0) (actual time=27.708..1226.396 rows=17 loops=1)
  Filter: (keyword_id = 6358)
  Rows Removed by Filter: 4523913
Planning time: 0.360 ms
Execution time: 1226.501 ms
