Hash Join  (cost=102767.86..177863.23 rows=302919 width=0) (actual time=1975.863..3920.390 rows=597110 loops=1)
  Hash Cond: (mc.movie_id = t.id)
  ->  Seq Scan on movie_companies mc  (cost=0.00..57926.93 rows=302919 width=4) (actual time=0.035..1034.945 rows=597110 loops=1)
        Filter: ((company_id > 67499) AND (company_type_id > 1))
        Rows Removed by Filter: 2012019
  ->  Hash  (cost=61283.27..61283.27 rows=2528527 width=4) (actual time=1974.892..1974.892 rows=2528312 loops=1)
        Buckets: 131072  Batches: 64  Memory Usage: 2415kB
        ->  Seq Scan on title t  (cost=0.00..61283.27 rows=2528527 width=4) (actual time=0.013..1136.282 rows=2528312 loops=1)
Planning time: 0.727 ms
Execution time: 3992.522 ms
