Nested Loop  (cost=0.43..52284.21 rows=2 width=0) (actual time=1.070..743.788 rows=53 loops=1)
  ->  Seq Scan on movie_companies mc  (cost=0.00..51404.11 rows=104 width=4) (actual time=0.064..677.281 rows=1906 loops=1)
        Filter: (company_id = 1347)
        Rows Removed by Filter: 2607223
  ->  Index Scan using title_pkey on title t  (cost=0.43..8.45 rows=1 width=4) (actual time=0.034..0.034 rows=0 loops=1906)
        Index Cond: (id = mc.movie_id)
        Filter: ((kind_id = 1) AND (production_year = 2010))
        Rows Removed by Filter: 1
Planning time: 0.787 ms
Execution time: 743.915 ms
