Nested Loop  (cost=0.43..52283.69 rows=104 width=0) (actual time=657.282..736.668 rows=92 loops=1)
  ->  Seq Scan on movie_companies mc  (cost=0.00..51404.11 rows=104 width=4) (actual time=657.193..735.458 rows=92 loops=1)
        Filter: (company_id = 78917)
        Rows Removed by Filter: 2609037
  ->  Index Only Scan using title_pkey on title t  (cost=0.43..8.45 rows=1 width=4) (actual time=0.012..0.012 rows=1 loops=92)
        Index Cond: (id = mc.movie_id)
        Heap Fetches: 92
Planning time: 0.762 ms
Execution time: 736.749 ms
