Nested Loop  (cost=0.43..52284.21 rows=16 width=0) (actual time=456.135..877.171 rows=8 loops=1)
  ->  Seq Scan on movie_companies mc  (cost=0.00..51404.11 rows=104 width=4) (actual time=52.784..866.925 rows=556 loops=1)
        Filter: (company_id = 742)
        Rows Removed by Filter: 2608573
  ->  Index Scan using title_pkey on title t  (cost=0.43..8.45 rows=1 width=4) (actual time=0.018..0.018 rows=0 loops=556)
        Index Cond: (id = mc.movie_id)
        Filter: ((kind_id < 7) AND (production_year > 2005))
        Rows Removed by Filter: 1
Planning time: 1.454 ms
Execution time: 877.298 ms
