Hash Join  (cost=102767.86..200440.36 rows=1241204 width=0) (actual time=1947.326..4519.476 rows=1161876 loops=1)
  Hash Cond: (mc.movie_id = t.id)
  ->  Seq Scan on movie_companies mc  (cost=0.00..57926.93 rows=1241204 width=4) (actual time=109.094..1320.893 rows=1161876 loops=1)
        Filter: ((company_id < 122726) AND (company_type_id = 2))
        Rows Removed by Filter: 1447253
  ->  Hash  (cost=61283.27..61283.27 rows=2528527 width=4) (actual time=1836.792..1836.792 rows=2528312 loops=1)
        Buckets: 131072  Batches: 64  Memory Usage: 2415kB
        ->  Seq Scan on title t  (cost=0.00..61283.27 rows=2528527 width=4) (actual time=0.032..979.351 rows=2528312 loops=1)
Planning time: 0.916 ms
Execution time: 4659.655 ms
