Seq Scan on cast_info ci  (cost=0.00..796071.18 rows=2792627 width=42) (actual time=0.023..12112.384 rows=6561433 loops=1)
  Filter: ((person_id > 2639004) AND (role_id > 4))
  Rows Removed by Filter: 29682911
Planning time: 0.474 ms
Execution time: 12477.636 ms
