Hash Join  (cost=74255.97..101310.56 rows=14411 width=0) (actual time=1154.803..1821.921 rows=31800 loops=1)
  Hash Cond: (mi_idx.movie_id = t.id)
  ->  Seq Scan on movie_info_idx mi_idx  (cost=0.00..21735.35 rows=1380035 width=4) (actual time=0.018..325.616 rows=1380035 loops=1)
  ->  Hash  (cost=73925.90..73925.90 rows=26405 width=4) (actual time=1154.469..1154.469 rows=23926 loops=1)
        Buckets: 32768  Batches: 1  Memory Usage: 1098kB
        ->  Seq Scan on title t  (cost=0.00..73925.90 rows=26405 width=4) (actual time=0.025..1144.204 rows=23926 loops=1)
              Filter: ((kind_id < 7) AND (production_year = 2003))
              Rows Removed by Filter: 2504386
Planning time: 0.786 ms
Execution time: 1826.568 ms
