Hash Join  (cost=132160.07..206051.66 rows=117380 width=0) (actual time=2787.831..4857.183 rows=516665 loops=1)
  Hash Cond: (mc.movie_id = t.id)
  ->  Seq Scan on movie_companies mc  (cost=0.00..57926.93 rows=1195159 width=4) (actual time=0.012..1334.721 rows=1274246 loops=1)
        Filter: ((company_id < 123349) AND (company_type_id = 1))
        Rows Removed by Filter: 1334883
  ->  Hash  (cost=128084.88..128084.88 rows=248335 width=8) (actual time=2786.999..2786.999 rows=297220 loops=1)
        Buckets: 131072  Batches: 4  Memory Usage: 3931kB
        ->  Hash Join  (cost=89762.59..128084.88 rows=248335 width=8) (actual time=1736.441..2699.679 rows=297220 loops=1)
              Hash Cond: (mi_idx.movie_id = t.id)
              ->  Seq Scan on movie_info_idx mi_idx  (cost=0.00..25185.44 rows=464934 width=4) (actual time=0.021..455.408 rows=460185 loops=1)
                    Filter: (info_type_id > 100)
                    Rows Removed by Filter: 919850
              ->  Hash  (cost=67604.59..67604.59 rows=1350560 width=4) (actual time=1735.743..1735.743 rows=1348293 loops=1)
                    Buckets: 131072  Batches: 32  Memory Usage: 2505kB
                    ->  Seq Scan on title t  (cost=0.00..67604.59 rows=1350560 width=4) (actual time=0.007..1285.343 rows=1348293 loops=1)
                          Filter: (production_year < 2005)
                          Rows Removed by Filter: 1180019
Planning time: 2.275 ms
Execution time: 4921.459 ms
