Hash Join  (cost=77682.18..146559.01 rows=120367 width=0) (actual time=1641.498..3081.774 rows=74130 loops=1)
  Hash Cond: (mc.movie_id = t.id)
  ->  Seq Scan on movie_companies mc  (cost=0.00..51404.11 rows=1329612 width=4) (actual time=458.972..1046.778 rows=1334883 loops=1)
        Filter: (company_type_id > 1)
        Rows Removed by Filter: 1274246
  ->  Hash  (cost=73925.90..73925.90 rows=228902 width=4) (actual time=1181.583..1181.583 rows=99782 loops=1)
        Buckets: 131072  Batches: 4  Memory Usage: 1899kB
        ->  Seq Scan on title t  (cost=0.00..73925.90 rows=228902 width=4) (actual time=0.061..1145.418 rows=99782 loops=1)
              Filter: ((kind_id > 1) AND (production_year < 1966))
              Rows Removed by Filter: 2428530
Planning time: 0.763 ms
Execution time: 3092.098 ms
