Hash Join  (cost=166982.18..671214.13 rows=1072032 width=0) (actual time=4244.557..15766.704 rows=1220729 loops=1)
  Hash Cond: (mi.movie_id = t.id)
  ->  Seq Scan on movie_info mi  (cost=0.00..346232.03 rows=12665229 width=4) (actual time=0.011..6858.278 rows=12744652 loops=1)
        Filter: (info_type_id > 2)
        Rows Removed by Filter: 2091068
  ->  Hash  (cost=163469.88..163469.88 rows=214024 width=8) (actual time=3364.677..3364.677 rows=180501 loops=1)
        Buckets: 131072  Batches: 4  Memory Usage: 2797kB
        ->  Hash Join  (cost=92883.59..163469.88 rows=214024 width=8) (actual time=1775.576..3310.331 rows=180501 loops=1)
              Hash Cond: (mc.movie_id = t.id)
              ->  Seq Scan on movie_companies mc  (cost=0.00..57926.93 rows=351223 width=4) (actual time=0.032..908.425 rows=662656 loops=1)
                    Filter: ((company_id > 46321) AND (company_type_id = 2))
                    Rows Removed by Filter: 1946473
              ->  Hash  (cost=67604.59..67604.59 rows=1540800 width=4) (actual time=1774.584..1774.584 rows=1543264 loops=1)
                    Buckets: 131072  Batches: 32  Memory Usage: 2722kB
                    ->  Seq Scan on title t  (cost=0.00..67604.59 rows=1540800 width=4) (actual time=0.019..1280.689 rows=1543264 loops=1)
                          Filter: (kind_id = 7)
                          Rows Removed by Filter: 985048
Planning time: 1.067 ms
Execution time: 15909.491 ms
