Seq Scan on movie_keyword mk  (cost=0.00..81003.12 rows=246 width=0) (actual time=41.809..1195.397 rows=539 loops=1)
  Filter: (keyword_id = 16182)
  Rows Removed by Filter: 4523391
Planning time: 6.916 ms
Execution time: 1195.693 ms
