Hash Join  (cost=870680.15..957902.37 rows=56419 width=0) (actual time=16704.071..18609.532 rows=8861 loops=1)
  Hash Cond: (mk.movie_id = t.id)
  ->  Seq Scan on movie_keyword mk  (cost=0.00..69693.30 rows=4523930 width=4) (actual time=0.023..1042.810 rows=4523930 loops=1)
  ->  Hash  (cost=870285.97..870285.97 rows=31534 width=8) (actual time=16703.387..16703.387 rows=16764 loops=1)
        Buckets: 32768  Batches: 1  Memory Usage: 911kB
        ->  Hash Join  (cost=68268.32..870285.97 rows=31534 width=8) (actual time=3766.829..16696.154 rows=16764 loops=1)
              Hash Cond: (ci.movie_id = t.id)
              ->  Seq Scan on cast_info ci  (cost=0.00..796071.18 rows=1501634 width=4) (actual time=2774.731..15297.490 rows=1480094 loops=1)
                    Filter: ((person_id > 464072) AND (role_id = 8))
                    Rows Removed by Filter: 34764250
              ->  Hash  (cost=67604.59..67604.59 rows=53099 width=4) (actual time=986.126..986.126 rows=51722 loops=1)
                    Buckets: 65536  Batches: 1  Memory Usage: 2331kB
                    ->  Seq Scan on title t  (cost=0.00..67604.59 rows=53099 width=4) (actual time=166.665..965.206 rows=51722 loops=1)
                          Filter: (production_year < 1914)
                          Rows Removed by Filter: 2476590
Planning time: 1.222 ms
Execution time: 18611.284 ms
