Hash Join  (cost=83074.02..109985.26 rows=76 width=0) (actual time=1211.277..1731.731 rows=424 loops=1)
  Hash Cond: (mi_idx.movie_id = t.id)
  ->  Seq Scan on movie_info_idx mi_idx  (cost=0.00..21735.35 rows=1380035 width=4) (actual time=0.029..298.103 rows=1380035 loops=1)
  ->  Hash  (cost=83072.29..83072.29 rows=139 width=8) (actual time=1178.388..1178.388 rows=205 loops=1)
        Buckets: 1024  Batches: 1  Memory Usage: 17kB
        ->  Nested Loop  (cost=0.43..83072.29 rows=139 width=8) (actual time=5.381..1178.166 rows=205 loops=1)
              ->  Seq Scan on movie_keyword mk  (cost=0.00..81003.12 rows=246 width=4) (actual time=5.053..1167.196 rows=336 loops=1)
                    Filter: (keyword_id = 6438)
                    Rows Removed by Filter: 4523594
              ->  Index Scan using title_pkey on title t  (cost=0.43..8.40 rows=1 width=4) (actual time=0.030..0.030 rows=1 loops=336)
                    Index Cond: (id = mk.movie_id)
                    Filter: (production_year > 1999)
                    Rows Removed by Filter: 0
Planning time: 1.181 ms
Execution time: 1731.970 ms
