Hash Join  (cost=96144.17..938807.13 rows=500092 width=0) (actual time=1864.263..23515.029 rows=514620 loops=1)
  Hash Cond: (ci.movie_id = t.id)
  ->  Seq Scan on cast_info ci  (cost=0.00..705507.15 rows=35241307 width=4) (actual time=0.020..13578.433 rows=35387854 loops=1)
        Filter: (person_id > 90083)
        Rows Removed by Filter: 856490
  ->  Hash  (cost=95695.65..95695.65 rows=35881 width=8) (actual time=1863.779..1863.779 rows=14808 loops=1)
        Buckets: 65536  Batches: 1  Memory Usage: 1091kB
        ->  Hash Join  (cost=68426.36..95695.65 rows=35881 width=8) (actual time=1210.357..1858.010 rows=14808 loops=1)
              Hash Cond: (mi_idx.movie_id = t.id)
              ->  Seq Scan on movie_info_idx mi_idx  (cost=0.00..21735.35 rows=1380035 width=4) (actual time=0.025..301.219 rows=1380035 loops=1)
              ->  Hash  (cost=67604.59..67604.59 rows=65742 width=4) (actual time=1208.585..1208.585 rows=63827 loops=1)
                    Buckets: 131072  Batches: 1  Memory Usage: 3268kB
                    ->  Seq Scan on title t  (cost=0.00..67604.59 rows=65742 width=4) (actual time=0.015..1181.994 rows=63827 loops=1)
                          Filter: (production_year = 2013)
                          Rows Removed by Filter: 2464485
Planning time: 1.634 ms
Execution time: 23587.769 ms
