Seq Scan on movie_companies mc  (cost=0.00..51404.11 rows=1013511 width=0) (actual time=0.024..939.265 rows=1022246 loops=1)
  Filter: (company_id > 15882)
  Rows Removed by Filter: 1586883
Planning time: 0.307 ms
Execution time: 1066.182 ms
