Hash Join  (cost=169379.39..1163920.35 rows=4886721 width=0) (actual time=6982.843..26753.969 rows=8118615 loops=1)
  Hash Cond: (ci.movie_id = t.id)
  ->  Seq Scan on cast_info ci  (cost=0.00..796071.18 rows=12607355 width=4) (actual time=3063.382..15027.470 rows=10532394 loops=1)
        Filter: ((person_id > 2028168) AND (role_id < 8))
        Rows Removed by Filter: 25711950
  ->  Hash  (cost=153299.40..153299.40 rows=980079 width=8) (actual time=3918.323..3918.323 rows=1127306 loops=1)
        Buckets: 131072  Batches: 16  Memory Usage: 3788kB
        ->  Hash Join  (cost=97066.09..153299.40 rows=980079 width=8) (actual time=1884.658..3604.045 rows=1127306 loops=1)
              Hash Cond: (mi_idx.movie_id = t.id)
              ->  Seq Scan on movie_info_idx mi_idx  (cost=0.00..21735.35 rows=1380035 width=4) (actual time=0.024..442.614 rows=1380035 loops=1)
              ->  Hash  (cost=67604.59..67604.59 rows=1795720 width=4) (actual time=1883.279..1883.279 rows=1794153 loops=1)
                    Buckets: 131072  Batches: 32  Memory Usage: 2992kB
                    ->  Seq Scan on title t  (cost=0.00..67604.59 rows=1795720 width=4) (actual time=0.024..1291.198 rows=1794153 loops=1)
                          Filter: (production_year < 2009)
                          Rows Removed by Filter: 734159
Planning time: 1.157 ms
Execution time: 27721.636 ms
