Seq Scan on cast_info ci  (cost=0.00..705507.15 rows=12726058 width=42) (actual time=0.023..12511.333 rows=12670688 loops=1)
  Filter: (role_id < 2)
  Rows Removed by Filter: 23573656
Planning time: 0.447 ms
Execution time: 13236.071 ms
