Hash Join  (cost=652578.82..2542464.53 rows=65703948 width=0) (actual time=13075.179..70596.906 rows=73538741 loops=1)
  Hash Cond: (ci.movie_id = t.id)
  ->  Seq Scan on cast_info ci  (cost=0.00..614943.12 rows=36225612 width=4) (actual time=0.019..13196.023 rows=36244344 loops=1)
  ->  Hash  (cost=577337.60..577337.60 rows=4586098 width=8) (actual time=13073.997..13073.997 rows=3058942 loops=1)
        Buckets: 131072  Batches: 64  Memory Usage: 2857kB
        ->  Hash Join  (cost=98137.04..577337.60 rows=4586098 width=8) (actual time=2173.323..12188.755 rows=3058942 loops=1)
              Hash Cond: (mi.movie_id = t.id)
              ->  Seq Scan on movie_info mi  (cost=0.00..346232.03 rows=6231111 width=4) (actual time=324.295..6061.550 rows=6223494 loops=1)
                    Filter: (info_type_id > 8)
                    Rows Removed by Filter: 8612226
              ->  Hash  (cost=67604.59..67604.59 rows=1860996 width=4) (actual time=1848.164..1848.164 rows=1865487 loops=1)
                    Buckets: 131072  Batches: 32  Memory Usage: 3085kB
                    ->  Seq Scan on title t  (cost=0.00..67604.59 rows=1860996 width=4) (actual time=0.024..1234.844 rows=1865487 loops=1)
                          Filter: (kind_id > 1)
                          Rows Removed by Filter: 662825
Planning time: 0.968 ms
Execution time: 78849.335 ms
