Hash Join  (cost=994080.94..4725106.19 rows=205259094 width=0) (actual time=26722.690..178860.049 rows=459922927 loops=1)
  Hash Cond: (ci.movie_id = t.id)
  ->  Seq Scan on cast_info ci  (cost=0.00..614943.12 rows=36225612 width=4) (actual time=0.024..13964.603 rows=36244344 loops=1)
  ->  Hash  (cost=759028.85..759028.85 rows=14326967 width=8) (actual time=26718.543..26718.543 rows=14779375 loops=1)
        Buckets: 131072  Batches: 256  Memory Usage: 3258kB
        ->  Hash Join  (cost=107928.35..759028.85 rows=14326967 width=8) (actual time=2265.616..21430.093 rows=14779375 loops=1)
              Hash Cond: (mi.movie_id = t.id)
              ->  Seq Scan on movie_info mi  (cost=0.00..309384.22 rows=14739122 width=4) (actual time=0.013..6165.076 rows=14835720 loops=1)
              ->  Hash  (cost=67604.59..67604.59 rows=2457821 width=4) (actual time=2263.565..2263.565 rows=2456218 loops=1)
                    Buckets: 131072  Batches: 64  Memory Usage: 2385kB
                    ->  Seq Scan on title t  (cost=0.00..67604.59 rows=2457821 width=4) (actual time=0.021..1405.671 rows=2456218 loops=1)
                          Filter: (production_year > 0)
                          Rows Removed by Filter: 72094
Planning time: 1.231 ms
Execution time: 229421.691 ms
