Hash Join  (cost=358864.68..1147864.35 rows=23797403 width=0) (actual time=8643.268..68299.748 rows=210857639 loops=1)
  Hash Cond: (mi.movie_id = t.id)
  ->  Seq Scan on movie_info mi  (cost=0.00..309384.22 rows=14739122 width=4) (actual time=0.020..6263.574 rows=14835720 loops=1)
  ->  Hash  (cost=291885.51..291885.51 rows=4082494 width=8) (actual time=8641.507..8641.507 rows=4086153 loops=1)
        Buckets: 131072  Batches: 64  Memory Usage: 3619kB
        ->  Hash Join  (cost=102767.86..291885.51 rows=4082494 width=8) (actual time=2036.716..7515.887 rows=4086153 loops=1)
              Hash Cond: (mk.movie_id = t.id)
              ->  Seq Scan on movie_keyword mk  (cost=0.00..81003.12 rows=4082494 width=4) (actual time=0.024..1875.815 rows=4086153 loops=1)
                    Filter: (keyword_id < 40163)
                    Rows Removed by Filter: 437777
              ->  Hash  (cost=61283.27..61283.27 rows=2528527 width=4) (actual time=2035.980..2035.980 rows=2528312 loops=1)
                    Buckets: 131072  Batches: 64  Memory Usage: 2425kB
                    ->  Seq Scan on title t  (cost=0.00..61283.27 rows=2528527 width=4) (actual time=0.009..1145.324 rows=2528312 loops=1)
Planning time: 1.126 ms
Execution time: 90656.888 ms
