Hash Join  (cost=127857.20..233982.31 rows=193693 width=0) (actual time=2843.516..5878.585 rows=2698238 loops=1)
  Hash Cond: (mk.movie_id = t.id)
  ->  Seq Scan on movie_keyword mk  (cost=0.00..81003.12 rows=1918946 width=4) (actual time=0.025..1526.154 rows=1936064 loops=1)
        Filter: (keyword_id < 3328)
        Rows Removed by Filter: 2587866
  ->  Hash  (cost=123669.92..123669.92 rows=255223 width=8) (actual time=2842.423..2842.423 rows=571729 loops=1)
        Buckets: 131072 (originally 131072)  Batches: 8 (originally 4)  Memory Usage: 3846kB
        ->  Hash Join  (cost=81598.21..123669.92 rows=255223 width=8) (actual time=1403.561..2670.164 rows=571729 loops=1)
              Hash Cond: (mi_idx.movie_id = t.id)
              ->  Seq Scan on movie_info_idx mi_idx  (cost=0.00..21735.35 rows=1380035 width=4) (actual time=0.020..444.421 rows=1380035 loops=1)
              ->  Hash  (cost=73925.90..73925.90 rows=467624 width=4) (actual time=1402.704..1402.704 rows=557493 loops=1)
                    Buckets: 131072  Batches: 8  Memory Usage: 3486kB
                    ->  Seq Scan on title t  (cost=0.00..73925.90 rows=467624 width=4) (actual time=0.013..1230.627 rows=557493 loops=1)
                          Filter: ((kind_id < 7) AND (production_year < 2003))
                          Rows Removed by Filter: 1970819
Planning time: 1.144 ms
Execution time: 6183.753 ms
