Seq Scan on movie_companies mc  (cost=0.00..51404.11 rows=1985811 width=0) (actual time=0.031..878.537 rows=1981786 loops=1)
  Filter: (company_id < 60423)
  Rows Removed by Filter: 627343
Planning time: 0.345 ms
Execution time: 1113.155 ms
