Hash Join  (cost=84652.18..1006922.21 rows=1440032 width=136) (actual time=1545.704..19486.402 rows=1576116 loops=1)
  Hash Cond: (ci.movie_id = t.id)
  ->  Seq Scan on cast_info ci  (cost=0.00..705507.15 rows=9216682 width=42) (actual time=0.023..11271.394 rows=9215628 loops=1)
        Filter: (person_id > 2778781)
        Rows Removed by Filter: 27028716
  ->  Hash  (cost=73925.90..73925.90 rows=395062 width=94) (actual time=1544.982..1544.982 rows=335993 loops=1)
        Buckets: 32768  Batches: 16  Memory Usage: 2569kB
        ->  Seq Scan on title t  (cost=0.00..73925.90 rows=395062 width=94) (actual time=0.017..1146.131 rows=335993 loops=1)
              Filter: ((kind_id < 7) AND (production_year > 2005))
              Rows Removed by Filter: 2192319
Planning time: 0.957 ms
Execution time: 19574.630 ms
