Seq Scan on movie_keyword mk  (cost=0.00..81003.12 rows=2479057 width=0) (actual time=0.026..1628.961 rows=2475154 loops=1)
  Filter: (keyword_id < 5978)
  Rows Removed by Filter: 2048776
Planning time: 0.308 ms
Execution time: 1943.952 ms
