Seq Scan on movie_keyword mk  (cost=0.00..81003.12 rows=246 width=0) (actual time=5.815..1352.234 rows=359 loops=1)
  Filter: (keyword_id = 210)
  Rows Removed by Filter: 4523571
Planning time: 0.373 ms
Execution time: 1352.524 ms
