Seq Scan on title t  (cost=0.00..67604.59 rows=52256 width=0) (actual time=0.016..1173.661 rows=53013 loops=1)
  Filter: (production_year = 2000)
  Rows Removed by Filter: 2475299
Planning time: 0.342 ms
Execution time: 1182.435 ms
