Seq Scan on cast_info ci  (cost=0.00..796071.18 rows=176 width=0) (actual time=6715.117..13760.565 rows=46 loops=1)
  Filter: ((role_id < 2) AND (person_id = 858958))
  Rows Removed by Filter: 36244298
Planning time: 0.425 ms
Execution time: 13760.679 ms
