Hash Join  (cost=127635.70..214321.46 rows=2773 width=0) (actual time=2126.012..3920.869 rows=49760 loops=1)
  Hash Cond: (mk.movie_id = t.id)
  ->  Seq Scan on movie_keyword mk  (cost=0.00..69693.30 rows=4523930 width=4) (actual time=0.009..988.022 rows=4523930 loops=1)
  ->  Hash  (cost=127616.32..127616.32 rows=1550 width=8) (actual time=2123.704..2123.704 rows=2196 loops=1)
        Buckets: 4096 (originally 2048)  Batches: 1 (originally 1)  Memory Usage: 118kB
        ->  Hash Join  (cost=67697.55..127616.32 rows=1550 width=8) (actual time=1173.078..2122.640 rows=2196 loops=1)
              Hash Cond: (mc.movie_id = t.id)
              ->  Seq Scan on movie_companies mc  (cost=0.00..57926.93 rows=527023 width=4) (actual time=131.745..1023.039 rows=240261 loops=1)
                    Filter: ((company_id > 14266) AND (company_type_id < 2))
                    Rows Removed by Filter: 2368868
              ->  Hash  (cost=67604.59..67604.59 rows=7437 width=4) (actual time=1040.890..1040.890 rows=20122 loops=1)
                    Buckets: 32768 (originally 8192)  Batches: 1 (originally 1)  Memory Usage: 964kB
                    ->  Seq Scan on title t  (cost=0.00..67604.59 rows=7437 width=4) (actual time=0.078..1031.551 rows=20122 loops=1)
                          Filter: (production_year = 1987)
                          Rows Removed by Filter: 2508190
Planning time: 1.173 ms
Execution time: 3927.470 ms
