Seq Scan on movie_companies mc  (cost=0.00..57926.93 rows=3113 width=0) (actual time=0.128..867.991 rows=5589 loops=1)
  Filter: ((company_type_id < 2) AND (company_id = 93))
  Rows Removed by Filter: 2603540
Planning time: 0.398 ms
Execution time: 869.033 ms
