Hash Join  (cost=132139.81..879314.33 rows=612659 width=219) (actual time=2971.791..16949.782 rows=2052060 loops=1)
  Hash Cond: (mi.movie_id = t.id)
  ->  Seq Scan on movie_info mi  (cost=0.00..309384.22 rows=14739122 width=75) (actual time=0.010..3433.732 rows=14835720 loops=1)
  ->  Hash  (cost=128670.02..128670.02 rows=105103 width=144) (actual time=2971.378..2971.378 rows=121055 loops=1)
        Buckets: 32768  Batches: 8  Memory Usage: 2311kB
        ->  Hash Join  (cost=83255.89..128670.02 rows=105103 width=144) (actual time=1995.869..2888.081 rows=121055 loops=1)
              Hash Cond: (mi_idx.movie_id = t.id)
              ->  Seq Scan on movie_info_idx mi_idx  (cost=0.00..25185.44 rows=460978 width=50) (actual time=0.022..408.679 rows=459925 loops=1)
                    Filter: (info_type_id = 99)
                    Rows Removed by Filter: 920110
              ->  Hash  (cost=67604.59..67604.59 rows=576504 width=94) (actual time=1995.228..1995.228 rows=568449 loops=1)
                    Buckets: 32768  Batches: 32  Memory Usage: 2226kB
                    ->  Seq Scan on title t  (cost=0.00..67604.59 rows=576504 width=94) (actual time=0.012..964.357 rows=568449 loops=1)
                          Filter: (production_year < 1984)
                          Rows Removed by Filter: 1959863
Planning time: 1.412 ms
Execution time: 17058.567 ms
