Hash Join  (cost=828555.25..1268571.46 rows=556308 width=0) (actual time=18722.493..26828.146 rows=85866 loops=1)
  Hash Cond: (mi.movie_id = t.id)
  ->  Seq Scan on movie_info mi  (cost=0.00..346232.03 rows=5263441 width=4) (actual time=0.010..6174.099 rows=5270569 loops=1)
        Filter: (info_type_id > 15)
        Rows Removed by Filter: 9565151
  ->  Hash  (cost=824170.66..824170.66 rows=267247 width=8) (actual time=18635.683..18635.683 rows=44562 loops=1)
        Buckets: 131072  Batches: 4  Memory Usage: 1461kB
        ->  Hash Join  (cost=68268.32..824170.66 rows=267247 width=8) (actual time=1047.220..18608.400 rows=44562 loops=1)
              Hash Cond: (ci.movie_id = t.id)
              ->  Seq Scan on cast_info ci  (cost=0.00..705507.15 rows=12726058 width=4) (actual time=0.015..13990.113 rows=12670688 loops=1)
                    Filter: (role_id = 1)
                    Rows Removed by Filter: 23573656
              ->  Hash  (cost=67604.59..67604.59 rows=53099 width=4) (actual time=1044.492..1044.492 rows=51722 loops=1)
                    Buckets: 65536  Batches: 1  Memory Usage: 2331kB
                    ->  Seq Scan on title t  (cost=0.00..67604.59 rows=53099 width=4) (actual time=0.025..1024.919 rows=51722 loops=1)
                          Filter: (production_year < 1914)
                          Rows Removed by Filter: 2476590
Planning time: 1.156 ms
Execution time: 26839.083 ms
