Seq Scan on movie_keyword mk  (cost=0.00..81003.12 rows=552997 width=0) (actual time=0.031..1329.207 rows=550712 loops=1)
  Filter: (keyword_id > 33479)
  Rows Removed by Filter: 3973218
Planning time: 0.327 ms
Execution time: 1398.901 ms
