Hash Join  (cost=87150.54..1239583.74 rows=11548103 width=0) (actual time=1518.291..34714.283 rows=11839575 loops=1)
  Hash Cond: (ci.movie_id = t.id)
  ->  Seq Scan on cast_info ci  (cost=0.00..614943.12 rows=36225612 width=4) (actual time=0.013..13091.449 rows=36244344 loops=1)
  ->  Hash  (cost=73925.90..73925.90 rows=806051 width=4) (actual time=1517.104..1517.104 rows=719730 loops=1)
        Buckets: 131072  Batches: 16  Memory Usage: 2606kB
        ->  Seq Scan on title t  (cost=0.00..73925.90 rows=806051 width=4) (actual time=0.029..1288.982 rows=719730 loops=1)
              Filter: ((kind_id < 7) AND (production_year > 1971))
              Rows Removed by Filter: 1808582
Planning time: 0.782 ms
Execution time: 35959.798 ms
