Seq Scan on movie_keyword mk  (cost=0.00..81003.12 rows=2052937 width=0) (actual time=0.016..1478.512 rows=2056403 loops=1)
  Filter: (keyword_id > 5939)
  Rows Removed by Filter: 2467527
Planning time: 0.324 ms
Execution time: 1740.573 ms
