Hash Join  (cost=58375.85..423034.86 rows=309 width=0) (actual time=1482.668..7969.715 rows=109 loops=1)
  Hash Cond: (mi.movie_id = t.id)
  ->  Seq Scan on movie_info mi  (cost=0.00..309384.22 rows=14739122 width=4) (actual time=0.010..4377.067 rows=14835720 loops=1)
  ->  Hash  (cost=58375.18..58375.18 rows=53 width=8) (actual time=838.753..838.753 rows=39 loops=1)
        Buckets: 1024  Batches: 1  Memory Usage: 10kB
        ->  Nested Loop  (cost=0.43..58375.18 rows=53 width=8) (actual time=245.838..838.732 rows=39 loops=1)
              ->  Seq Scan on movie_companies mc  (cost=0.00..57926.93 rows=53 width=4) (actual time=245.762..837.998 rows=39 loops=1)
                    Filter: ((company_type_id > 1) AND (company_id = 84263))
                    Rows Removed by Filter: 2609090
              ->  Index Only Scan using title_pkey on title t  (cost=0.43..8.45 rows=1 width=4) (actual time=0.017..0.017 rows=1 loops=39)
                    Index Cond: (id = mc.movie_id)
                    Heap Fetches: 39
Planning time: 1.137 ms
Execution time: 7969.885 ms
