Seq Scan on movie_keyword mk  (cost=0.00..81003.12 rows=3310737 width=0) (actual time=0.024..1174.413 rows=3305573 loops=1)
  Filter: (keyword_id > 1534)
  Rows Removed by Filter: 1218357
Planning time: 0.323 ms
Execution time: 1508.632 ms
