Seq Scan on movie_keyword mk  (cost=0.00..81003.12 rows=246 width=0) (actual time=8.302..1298.650 rows=12 loops=1)
  Filter: (keyword_id = 73358)
  Rows Removed by Filter: 4523918
Planning time: 0.434 ms
Execution time: 1298.748 ms
