Seq Scan on movie_keyword mk  (cost=0.00..81003.12 rows=246 width=0) (actual time=3.582..1219.750 rows=46 loops=1)
  Filter: (keyword_id = 14413)
  Rows Removed by Filter: 4523884
Planning time: 0.290 ms
Execution time: 1219.883 ms
