Nested Loop  (cost=0.43..52283.69 rows=104 width=134) (actual time=158.806..758.583 rows=10 loops=1)
  ->  Seq Scan on movie_companies mc  (cost=0.00..51404.11 rows=104 width=40) (actual time=158.757..758.396 rows=10 loops=1)
        Filter: (company_id = 3406)
        Rows Removed by Filter: 2609119
  ->  Index Scan using title_pkey on title t  (cost=0.43..8.45 rows=1 width=94) (actual time=0.016..0.016 rows=1 loops=10)
        Index Cond: (id = mc.movie_id)
Planning time: 3.203 ms
Execution time: 758.639 ms
