Seq Scan on movie_companies mc  (cost=0.00..51404.11 rows=3392 width=0) (actual time=0.033..767.273 rows=3430 loops=1)
  Filter: (company_id = 428)
  Rows Removed by Filter: 2605699
Planning time: 0.382 ms
Execution time: 767.960 ms
