Hash Join  (cost=102767.86..1241287.24 rows=17584753 width=0) (actual time=1953.507..29914.928 rows=17707068 loops=1)
  Hash Cond: (ci.movie_id = t.id)
  ->  Seq Scan on cast_info ci  (cost=0.00..705507.15 rows=17584753 width=4) (actual time=0.030..12795.976 rows=17707068 loops=1)
        Filter: (person_id > 1844473)
        Rows Removed by Filter: 18537276
  ->  Hash  (cost=61283.27..61283.27 rows=2528527 width=4) (actual time=1951.783..1951.783 rows=2528312 loops=1)
        Buckets: 131072  Batches: 64  Memory Usage: 2415kB
        ->  Seq Scan on title t  (cost=0.00..61283.27 rows=2528527 width=4) (actual time=0.020..1114.181 rows=2528312 loops=1)
Planning time: 0.780 ms
Execution time: 32098.691 ms
