Hash Join  (cost=78556.72..913244.31 rows=669312 width=0) (actual time=3649.470..15076.027 rows=553515 loops=1)
  Hash Cond: (ci.movie_id = t.id)
  ->  Seq Scan on cast_info ci  (cost=0.00..796071.18 rows=2535275 width=4) (actual time=2339.544..12557.152 rows=2223917 loops=1)
        Filter: ((person_id > 2411252) AND (role_id = 2))
        Rows Removed by Filter: 34020427
  ->  Hash  (cost=67604.59..67604.59 rows=667531 width=4) (actual time=1308.675..1308.675 rows=662825 loops=1)
        Buckets: 131072  Batches: 16  Memory Usage: 2476kB
        ->  Seq Scan on title t  (cost=0.00..67604.59 rows=667531 width=4) (actual time=0.031..1107.891 rows=662825 loops=1)
              Filter: (kind_id = 1)
              Rows Removed by Filter: 1865487
Planning time: 0.845 ms
Execution time: 15139.001 ms
