Hash Join  (cost=85777.42..555967.72 rows=3287082 width=0) (actual time=1538.127..12922.936 rows=3045283 loops=1)
  Hash Cond: (mi.movie_id = t.id)
  ->  Seq Scan on movie_info mi  (cost=0.00..346232.03 rows=7503588 width=4) (actual time=0.011..6567.979 rows=7548855 loops=1)
        Filter: (info_type_id > 7)
        Rows Removed by Filter: 7286865
  ->  Hash  (cost=67604.59..67604.59 rows=1107667 width=4) (actual time=1536.997..1536.997 rows=1107925 loops=1)
        Buckets: 131072  Batches: 16  Memory Usage: 3466kB
        ->  Seq Scan on title t  (cost=0.00..67604.59 rows=1107667 width=4) (actual time=0.024..1180.380 rows=1107925 loops=1)
              Filter: (production_year > 2004)
              Rows Removed by Filter: 1420387
Planning time: 0.752 ms
Execution time: 13251.783 ms
