Seq Scan on movie_keyword mk  (cost=0.00..81003.12 rows=246 width=0) (actual time=37.607..1324.689 rows=16 loops=1)
  Filter: (keyword_id = 15552)
  Rows Removed by Filter: 4523914
Planning time: 0.358 ms
Execution time: 1324.776 ms
