Seq Scan on movie_keyword mk  (cost=0.00..81003.12 rows=246 width=0) (actual time=0.158..1308.417 rows=601 loops=1)
  Filter: (keyword_id = 1479)
  Rows Removed by Filter: 4523329
Planning time: 0.362 ms
Execution time: 1308.751 ms
