Seq Scan on cast_info ci  (cost=0.00..796071.18 rows=29687459 width=0) (actual time=0.022..17784.236 rows=29606358 loops=1)
  Filter: ((person_id > 204442) AND (role_id < 10))
  Rows Removed by Filter: 6637986
Planning time: 0.366 ms
Execution time: 21394.675 ms
