Seq Scan on movie_keyword mk  (cost=0.00..81003.12 rows=246 width=0) (actual time=98.679..1258.219 rows=138 loops=1)
  Filter: (keyword_id = 50132)
  Rows Removed by Filter: 4523792
Planning time: 0.375 ms
Execution time: 1258.388 ms
