Hash Join  (cost=798789.81..825700.98 rows=69 width=0) (actual time=13915.780..14388.076 rows=6 loops=1)
  Hash Cond: (mi_idx.movie_id = t.id)
  ->  Seq Scan on movie_info_idx mi_idx  (cost=0.00..21735.35 rows=1380035 width=4) (actual time=0.013..333.795 rows=1380035 loops=1)
  ->  Hash  (cost=798788.22..798788.22 rows=127 width=8) (actual time=13812.089..13812.089 rows=2 loops=1)
        Buckets: 1024  Batches: 1  Memory Usage: 9kB
        ->  Nested Loop  (cost=0.43..798788.22 rows=127 width=8) (actual time=8515.788..13812.042 rows=2 loops=1)
              ->  Seq Scan on cast_info ci  (cost=0.00..796071.18 rows=324 width=4) (actual time=8514.795..13810.998 rows=67 loops=1)
                    Filter: ((role_id > 1) AND (person_id = 2820642))
                    Rows Removed by Filter: 36244277
              ->  Index Scan using title_pkey on title t  (cost=0.43..8.38 rows=1 width=4) (actual time=0.014..0.014 rows=0 loops=67)
                    Index Cond: (id = ci.movie_id)
                    Filter: (kind_id < 7)
                    Rows Removed by Filter: 1
Planning time: 5.266 ms
Execution time: 14388.204 ms
