Hash Join  (cost=83073.09..143711.65 rows=4 width=0) (actual time=1085.272..2164.286 rows=176 loops=1)
  Hash Cond: (mc.movie_id = t.id)
  ->  Seq Scan on movie_companies mc  (cost=0.00..57926.93 rows=723091 width=4) (actual time=0.023..1018.328 rows=510021 loops=1)
        Filter: ((company_id > 8253) AND (company_type_id < 2))
        Rows Removed by Filter: 2099108
  ->  Hash  (cost=83072.90..83072.90 rows=15 width=8) (actual time=1077.635..1077.635 rows=97 loops=1)
        Buckets: 1024  Batches: 1  Memory Usage: 12kB
        ->  Nested Loop  (cost=0.43..83072.90 rows=15 width=8) (actual time=48.625..1077.498 rows=97 loops=1)
              ->  Seq Scan on movie_keyword mk  (cost=0.00..81003.12 rows=246 width=4) (actual time=2.362..1054.809 rows=844 loops=1)
                    Filter: (keyword_id = 2845)
                    Rows Removed by Filter: 4523086
              ->  Index Scan using title_pkey on title t  (cost=0.43..8.40 rows=1 width=4) (actual time=0.026..0.026 rows=0 loops=844)
                    Index Cond: (id = mk.movie_id)
                    Filter: ((kind_id < 7) AND (production_year > 2010))
                    Rows Removed by Filter: 1
Planning time: 1.174 ms
Execution time: 2164.469 ms
