Hash Join  (cost=74299.17..829366.45 rows=427812 width=0) (actual time=1031.718..19246.324 rows=345326 loops=1)
  Hash Cond: (ci.movie_id = t.id)
  ->  Seq Scan on cast_info ci  (cost=0.00..614943.12 rows=36225612 width=4) (actual time=0.011..9035.784 rows=36244344 loops=1)
  ->  Hash  (cost=73925.90..73925.90 rows=29861 width=4) (actual time=1031.532..1031.532 rows=17772 loops=1)
        Buckets: 32768  Batches: 1  Memory Usage: 881kB
        ->  Seq Scan on title t  (cost=0.00..73925.90 rows=29861 width=4) (actual time=0.020..1024.607 rows=17772 loops=1)
              Filter: ((kind_id = 1) AND (production_year = 2007))
              Rows Removed by Filter: 2510540
Planning time: 0.546 ms
Execution time: 19305.149 ms
