Hash Join  (cost=362865.05..1158013.70 rows=24373701 width=0) (actual time=8962.131..69481.333 rows=216016726 loops=1)
  Hash Cond: (mi.movie_id = t.id)
  ->  Seq Scan on movie_info mi  (cost=0.00..309384.22 rows=14739122 width=4) (actual time=0.011..5910.044 rows=14835720 loops=1)
  ->  Hash  (cost=294264.07..294264.07 rows=4181359 width=8) (actual time=8961.419..8961.419 rows=4183482 loops=1)
        Buckets: 131072  Batches: 64  Memory Usage: 3678kB
        ->  Hash Join  (cost=102767.86..294264.07 rows=4181359 width=8) (actual time=2220.468..7732.685 rows=4183482 loops=1)
              Hash Cond: (mk.movie_id = t.id)
              ->  Seq Scan on movie_keyword mk  (cost=0.00..81003.12 rows=4181359 width=4) (actual time=0.014..1793.036 rows=4183482 loops=1)
                    Filter: (keyword_id < 48704)
                    Rows Removed by Filter: 340448
              ->  Hash  (cost=61283.27..61283.27 rows=2528527 width=4) (actual time=2219.159..2219.159 rows=2528312 loops=1)
                    Buckets: 131072  Batches: 64  Memory Usage: 2425kB
                    ->  Seq Scan on title t  (cost=0.00..61283.27 rows=2528527 width=4) (actual time=0.018..1079.170 rows=2528312 loops=1)
Planning time: 0.728 ms
Execution time: 93175.467 ms
