Hash Join  (cost=196520.67..1110730.44 rows=628039 width=0) (actual time=4186.200..23672.454 rows=1661631 loops=1)
  Hash Cond: (ci.movie_id = t.id)
  ->  Seq Scan on cast_info ci  (cost=0.00..796071.18 rows=8674440 width=4) (actual time=0.038..16455.418 rows=6277478 loops=1)
        Filter: ((person_id < 3489526) AND (role_id > 4))
        Rows Removed by Filter: 29966866
  ->  Hash  (cost=193516.32..193516.32 rows=183068 width=8) (actual time=4184.533..4184.533 rows=250907 loops=1)
        Buckets: 131072  Batches: 4  Memory Usage: 3464kB
        ->  Hash Join  (cost=69283.60..193516.32 rows=183068 width=8) (actual time=993.059..4106.907 rows=250907 loops=1)
              Hash Cond: (mk.movie_id = t.id)
              ->  Seq Scan on movie_keyword mk  (cost=0.00..69693.30 rows=4523930 width=4) (actual time=0.020..1557.295 rows=4523930 loops=1)
              ->  Hash  (cost=67604.59..67604.59 rows=102321 width=4) (actual time=991.484..991.484 rows=100537 loops=1)
                    Buckets: 131072  Batches: 2  Memory Usage: 2803kB
                    ->  Seq Scan on title t  (cost=0.00..67604.59 rows=102321 width=4) (actual time=0.027..953.800 rows=100537 loops=1)
                          Filter: (kind_id = 3)
                          Rows Removed by Filter: 2427775
Planning time: 1.163 ms
Execution time: 23877.541 ms
