Hash Join  (cost=185225.01..539028.13 rows=67804 width=0) (actual time=6078.238..10118.289 rows=593831 loops=1)
  Hash Cond: (mi.movie_id = t.id)
  ->  Seq Scan on movie_info mi  (cost=0.00..346232.03 rows=473617 width=4) (actual time=1879.106..5377.437 rows=486554 loops=1)
        Filter: (info_type_id = 5)
        Rows Removed by Filter: 14349166
  ->  Hash  (cost=179285.13..179285.13 rows=361990 width=8) (actual time=4197.969..4197.969 rows=677729 loops=1)
        Buckets: 131072 (originally 131072)  Batches: 16 (originally 8)  Memory Usage: 3073kB
        ->  Hash Join  (cost=102767.86..179285.13 rows=361990 width=8) (actual time=2009.224..3986.754 rows=677729 loops=1)
              Hash Cond: (mc.movie_id = t.id)
              ->  Seq Scan on movie_companies mc  (cost=0.00..57926.93 rows=361990 width=4) (actual time=0.034..1024.053 rows=677729 loops=1)
                    Filter: ((company_id > 43085) AND (company_type_id > 1))
                    Rows Removed by Filter: 1931400
              ->  Hash  (cost=61283.27..61283.27 rows=2528527 width=4) (actual time=2007.732..2007.732 rows=2528312 loops=1)
                    Buckets: 131072  Batches: 64  Memory Usage: 2415kB
                    ->  Seq Scan on title t  (cost=0.00..61283.27 rows=2528527 width=4) (actual time=0.016..1192.202 rows=2528312 loops=1)
Planning time: 5.098 ms
Execution time: 10191.481 ms
