Hash Join  (cost=1710607.18..3660960.87 rows=74181894 width=211) (actual time=44094.183..123089.271 rows=160233289 loops=1)
  Hash Cond: (mi.movie_id = t.id)
  ->  Seq Scan on movie_info mi  (cost=0.00..309384.22 rows=14739122 width=75) (actual time=0.012..4774.095 rows=14835720 loops=1)
  ->  Hash  (cost=1302975.45..1302975.45 rows=12726058 width=136) (actual time=44080.934..44080.934 rows=12670688 loops=1)
        Buckets: 32768  Batches: 1024  Memory Usage: 2111kB
        ->  Hash Join  (cost=129928.86..1302975.45 rows=12726058 width=136) (actual time=4892.340..34044.953 rows=12670688 loops=1)
              Hash Cond: (ci.movie_id = t.id)
              ->  Seq Scan on cast_info ci  (cost=0.00..705507.15 rows=12726058 width=42) (actual time=2136.013..14431.300 rows=12670688 loops=1)
                    Filter: (role_id < 2)
                    Rows Removed by Filter: 23573656
              ->  Hash  (cost=61283.27..61283.27 rows=2528527 width=94) (actual time=2754.196..2754.196 rows=2528312 loops=1)
                    Buckets: 32768  Batches: 128  Memory Usage: 2453kB
                    ->  Seq Scan on title t  (cost=0.00..61283.27 rows=2528527 width=94) (actual time=0.021..782.186 rows=2528312 loops=1)
Planning time: 1.781 ms
Execution time: 128974.704 ms
