Hash Join  (cost=197346.41..708323.12 rows=1194586 width=0) (actual time=4000.651..17583.829 rows=5078687 loops=1)
  Hash Cond: (mi.movie_id = t.id)
  ->  Seq Scan on movie_info mi  (cost=0.00..309384.22 rows=14739122 width=4) (actual time=0.018..5742.631 rows=14835720 loops=1)
  ->  Hash  (cost=193983.74..193983.74 rows=204934 width=8) (actual time=3999.519..3999.519 rows=472540 loops=1)
        Buckets: 131072 (originally 131072)  Batches: 8 (originally 4)  Memory Usage: 3338kB
        ->  Hash Join  (cost=69484.36..193983.74 rows=204934 width=8) (actual time=915.672..3835.509 rows=472540 loops=1)
              Hash Cond: (mk.movie_id = t.id)
              ->  Seq Scan on movie_keyword mk  (cost=0.00..69693.30 rows=4523930 width=4) (actual time=0.013..1360.899 rows=4523930 loops=1)
              ->  Hash  (cost=67604.59..67604.59 rows=114542 width=4) (actual time=914.852..914.852 rows=118234 loops=1)
                    Buckets: 131072  Batches: 2  Memory Usage: 3107kB
                    ->  Seq Scan on title t  (cost=0.00..67604.59 rows=114542 width=4) (actual time=495.349..877.800 rows=118234 loops=1)
                          Filter: (kind_id = 4)
                          Rows Removed by Filter: 2410078
Planning time: 1.178 ms
Execution time: 18159.903 ms
