Hash Join  (cost=120547.75..1175001.52 rows=2010159 width=0) (actual time=2621.591..34447.434 rows=9776181 loops=1)
  Hash Cond: (ci.movie_id = t.id)
  ->  Seq Scan on cast_info ci  (cost=0.00..614943.12 rows=36225612 width=4) (actual time=0.015..13271.347 rows=36244344 loops=1)
  ->  Hash  (cost=118244.90..118244.90 rows=140308 width=8) (actual time=2620.627..2620.627 rows=346340 loops=1)
        Buckets: 131072 (originally 131072)  Batches: 8 (originally 2)  Memory Usage: 3073kB
        ->  Hash Join  (cost=78144.34..118244.90 rows=140308 width=8) (actual time=1342.247..2526.318 rows=346340 loops=1)
              Hash Cond: (mi_idx.movie_id = t.id)
              ->  Seq Scan on movie_info_idx mi_idx  (cost=0.00..21735.35 rows=1380035 width=4) (actual time=0.018..480.567 rows=1380035 loops=1)
              ->  Hash  (cost=73925.90..73925.90 rows=257075 width=4) (actual time=1341.368..1341.368 rows=366618 loops=1)
                    Buckets: 131072 (originally 131072)  Batches: 8 (originally 4)  Memory Usage: 3073kB
                    ->  Seq Scan on title t  (cost=0.00..73925.90 rows=257075 width=4) (actual time=0.018..1217.281 rows=366618 loops=1)
                          Filter: ((production_year < 1999) AND (kind_id = 1))
                          Rows Removed by Filter: 2161694
Planning time: 1.197 ms
Execution time: 35517.934 ms
