Seq Scan on title t  (cost=0.00..73925.90 rows=1258543 width=94) (actual time=0.015..411.000 rows=1221534 loops=1)
  Filter: ((production_year < 2011) AND (kind_id = 7))
  Rows Removed by Filter: 1306778
Planning time: 0.429 ms
Execution time: 445.702 ms
