Seq Scan on movie_companies mc  (cost=0.00..51404.11 rows=2153254 width=0) (actual time=0.018..1009.443 rows=2149724 loops=1)
  Filter: (company_id < 76652)
  Rows Removed by Filter: 459405
Planning time: 0.333 ms
Execution time: 1280.500 ms
