Seq Scan on movie_companies mc  (cost=0.00..51404.11 rows=1105838 width=0) (actual time=0.016..950.086 rows=1096781 loops=1)
  Filter: (company_id < 7500)
  Rows Removed by Filter: 1512348
Planning time: 0.316 ms
Execution time: 1098.239 ms
