Seq Scan on title t  (cost=0.00..73925.90 rows=100917 width=0) (actual time=9.915..1169.953 rows=338 loops=1)
  Filter: ((kind_id > 2) AND (production_year < 1942))
  Rows Removed by Filter: 2527974
Planning time: 0.258 ms
Execution time: 1170.213 ms
