Hash Join  (cost=319610.36..1386064.85 rows=16280190 width=0) (actual time=7850.570..41529.500 rows=57212293 loops=1)
  Hash Cond: (ci.movie_id = t.id)
  ->  Seq Scan on cast_info ci  (cost=0.00..705507.15 rows=13225671 width=4) (actual time=423.071..13856.974 rows=13185672 loops=1)
        Filter: (person_id < 1301581)
        Rows Removed by Filter: 23058672
  ->  Hash  (cost=268545.11..268545.11 rows=3112500 width=8) (actual time=7426.326..7426.326 rows=3095115 loops=1)
        Buckets: 131072  Batches: 64  Memory Usage: 2938kB
        ->  Hash Join  (cost=102767.86..268545.11 rows=3112500 width=8) (actual time=2145.283..6544.811 rows=3095115 loops=1)
              Hash Cond: (mk.movie_id = t.id)
              ->  Seq Scan on movie_keyword mk  (cost=0.00..81003.12 rows=3112500 width=4) (actual time=0.016..1701.710 rows=3095115 loops=1)
                    Filter: (keyword_id > 1962)
                    Rows Removed by Filter: 1428815
              ->  Hash  (cost=61283.27..61283.27 rows=2528527 width=4) (actual time=2144.432..2144.432 rows=2528312 loops=1)
                    Buckets: 131072  Batches: 64  Memory Usage: 2425kB
                    ->  Seq Scan on title t  (cost=0.00..61283.27 rows=2528527 width=4) (actual time=0.019..1265.045 rows=2528312 loops=1)
Planning time: 1.243 ms
Execution time: 47594.473 ms
