Merge Join  (cost=110911.52..235946.88 rows=488264 width=134) (actual time=1660.954..16415.336 rows=491374 loops=1)
  Merge Cond: (t.id = mc.movie_id)
  ->  Index Scan using title_pkey on title t  (cost=0.43..110313.87 rows=2528527 width=94) (actual time=0.005..13752.049 rows=2525745 loops=1)
  ->  Materialize  (cost=110890.97..113332.29 rows=488264 width=40) (actual time=1604.703..1960.111 rows=491374 loops=1)
        ->  Sort  (cost=110890.97..112111.63 rows=488264 width=40) (actual time=1604.684..1877.830 rows=491374 loops=1)
              Sort Key: mc.movie_id
              Sort Method: external merge  Disk: 13512kB
              ->  Seq Scan on movie_companies mc  (cost=0.00..51404.11 rows=488264 width=40) (actual time=0.024..1094.625 rows=491374 loops=1)
                    Filter: (company_id > 74659)
                    Rows Removed by Filter: 2117755
Planning time: 1.161 ms
Execution time: 16450.203 ms
