Seq Scan on movie_companies mc  (cost=0.00..51404.11 rows=104 width=0) (actual time=0.165..788.748 rows=2151 loops=1)
  Filter: (company_id = 6227)
  Rows Removed by Filter: 2606978
Planning time: 4.068 ms
Execution time: 789.355 ms
