Seq Scan on movie_keyword mk  (cost=0.00..81003.12 rows=85350 width=12) (actual time=0.021..472.274 rows=88988 loops=1)
  Filter: (keyword_id < 76)
  Rows Removed by Filter: 4434942
Planning time: 0.204 ms
Execution time: 475.474 ms
