Hash Join  (cost=105440.90..197793.34 rows=1056869 width=0) (actual time=2419.452..4825.736 rows=879650 loops=1)
  Hash Cond: (mc.movie_id = t.id)
  ->  Seq Scan on movie_companies mc  (cost=0.00..57926.93 rows=1158763 width=4) (actual time=0.015..1221.289 rows=997615 loops=1)
        Filter: ((company_id < 89606) AND (company_type_id = 2))
        Rows Removed by Filter: 1611514
  ->  Hash  (cost=67604.59..67604.59 rows=2306185 width=4) (actual time=2418.212..2418.212 rows=2298721 loops=1)
        Buckets: 131072  Batches: 32  Memory Usage: 3553kB
        ->  Seq Scan on title t  (cost=0.00..67604.59 rows=2306185 width=4) (actual time=0.029..1540.295 rows=2298721 loops=1)
              Filter: (production_year > 1947)
              Rows Removed by Filter: 229591
Planning time: 1.223 ms
Execution time: 4932.081 ms
