Hash Join  (cost=100915.24..155589.29 rows=852 width=0) (actual time=1239.540..2358.816 rows=2663 loops=1)
  Hash Cond: (mc.movie_id = t.id)
  ->  Seq Scan on movie_companies mc  (cost=0.00..44881.29 rows=2609129 width=4) (actual time=0.018..604.822 rows=2609129 loops=1)
  ->  Hash  (cost=100904.92..100904.92 rows=826 width=8) (actual time=1237.784..1237.784 rows=1835 loops=1)
        Buckets: 2048 (originally 1024)  Batches: 1 (originally 1)  Memory Usage: 88kB
        ->  Hash Join  (cost=73982.55..100904.92 rows=826 width=8) (actual time=1005.322..1237.277 rows=1835 loops=1)
              Hash Cond: (mi_idx.movie_id = t.id)
              ->  Seq Scan on movie_info_idx mi_idx  (cost=0.00..25185.44 rows=460978 width=4) (actual time=0.025..182.401 rows=459925 loops=1)
                    Filter: (info_type_id = 99)
                    Rows Removed by Filter: 920110
              ->  Hash  (cost=73925.90..73925.90 rows=4532 width=4) (actual time=1005.239..1005.239 rows=13632 loops=1)
                    Buckets: 16384 (originally 8192)  Batches: 1 (originally 1)  Memory Usage: 608kB
                    ->  Seq Scan on title t  (cost=0.00..73925.90 rows=4532 width=4) (actual time=0.042..999.597 rows=13632 loops=1)
                          Filter: ((kind_id = 7) AND (production_year = 1990))
                          Rows Removed by Filter: 2514680
Planning time: 1.277 ms
Execution time: 2359.438 ms
