Hash Join  (cost=119349.03..197152.85 rows=199729 width=0) (actual time=2352.942..4405.371 rows=367700 loops=1)
  Hash Cond: (mc.movie_id = t.id)
  ->  Seq Scan on movie_companies mc  (cost=0.00..44881.29 rows=2609129 width=4) (actual time=0.012..912.088 rows=2609129 loops=1)
  ->  Hash  (cost=116172.54..116172.54 rows=193559 width=8) (actual time=2351.929..2351.929 rows=128126 loops=1)
        Buckets: 131072  Batches: 4  Memory Usage: 2271kB
        ->  Hash Join  (cost=76379.89..116172.54 rows=193559 width=8) (actual time=1237.676..2307.973 rows=128126 loops=1)
              Hash Cond: (mi_idx.movie_id = t.id)
              ->  Seq Scan on movie_info_idx mi_idx  (cost=0.00..25185.44 rows=915101 width=4) (actual time=0.030..495.921 rows=919850 loops=1)
                    Filter: (info_type_id < 101)
                    Rows Removed by Filter: 460185
              ->  Hash  (cost=67604.59..67604.59 rows=534824 width=4) (actual time=1236.730..1236.730 rows=533369 loops=1)
                    Buckets: 131072  Batches: 8  Memory Usage: 3369kB
                    ->  Seq Scan on title t  (cost=0.00..67604.59 rows=534824 width=4) (actual time=0.019..1067.155 rows=533369 loops=1)
                          Filter: (production_year > 2009)
                          Rows Removed by Filter: 1994943
Planning time: 1.158 ms
Execution time: 4451.972 ms
