Hash Join  (cost=132458.15..262142.48 rows=630529 width=0) (actual time=3459.818..7506.247 rows=3777986 loops=1)
  Hash Cond: (mk.movie_id = t.id)
  ->  Seq Scan on movie_keyword mk  (cost=0.00..69693.30 rows=4523930 width=4) (actual time=0.026..1437.344 rows=4523930 loops=1)
  ->  Hash  (cost=126675.94..126675.94 rows=352417 width=8) (actual time=3458.840..3458.840 rows=433130 loops=1)
        Buckets: 131072  Batches: 8  Memory Usage: 3157kB
        ->  Hash Join  (cost=83580.70..126675.94 rows=352417 width=8) (actual time=1556.652..2807.433 rows=433130 loops=1)
              Hash Cond: (mi_idx.movie_id = t.id)
              ->  Seq Scan on movie_info_idx mi_idx  (cost=0.00..25185.44 rows=915101 width=4) (actual time=0.019..540.349 rows=919850 loops=1)
                    Filter: (info_type_id < 101)
                    Rows Removed by Filter: 460185
              ->  Hash  (cost=67604.59..67604.59 rows=973769 width=4) (actual time=1555.733..1555.733 rows=971188 loops=1)
                    Buckets: 131072  Batches: 16  Memory Usage: 3161kB
                    ->  Seq Scan on title t  (cost=0.00..67604.59 rows=973769 width=4) (actual time=0.017..1246.723 rows=971188 loops=1)
                          Filter: (production_year < 1999)
                          Rows Removed by Filter: 1557124
Planning time: 1.094 ms
Execution time: 7902.752 ms
