Hash Join  (cost=334664.78..1733155.46 rows=33120716 width=0) (actual time=8017.299..60773.650 rows=108972769 loops=1)
  Hash Cond: (ci.movie_id = t.id)
  ->  Seq Scan on cast_info ci  (cost=0.00..705507.15 rows=22684318 width=4) (actual time=0.022..14682.902 rows=22547740 loops=1)
        Filter: (person_id < 2300427)
        Rows Removed by Filter: 13696604
  ->  Hash  (cost=274094.92..274094.92 rows=3691829 width=8) (actual time=8015.074..8015.074 rows=3493547 loops=1)
        Buckets: 131072  Batches: 64  Memory Usage: 3112kB
        ->  Hash Join  (cost=101458.67..274094.92 rows=3691829 width=8) (actual time=2036.307..6970.402 rows=3493547 loops=1)
              Hash Cond: (mk.movie_id = t.id)
              ->  Seq Scan on movie_keyword mk  (cost=0.00..69693.30 rows=4523930 width=4) (actual time=0.015..1482.177 rows=4523930 loops=1)
              ->  Hash  (cost=67604.59..67604.59 rows=2063447 width=4) (actual time=2034.621..2034.621 rows=2060346 loops=1)
                    Buckets: 131072  Batches: 32  Memory Usage: 3302kB
                    ->  Seq Scan on title t  (cost=0.00..67604.59 rows=2063447 width=4) (actual time=0.036..1347.407 rows=2060346 loops=1)
                          Filter: (production_year > 1971)
                          Rows Removed by Filter: 467966
Planning time: 0.983 ms
Execution time: 72971.902 ms
