Hash Join  (cost=130061.90..216781.13 rows=6119 width=0) (actual time=2387.931..4210.420 rows=200422 loops=1)
  Hash Cond: (mk.movie_id = t.id)
  ->  Seq Scan on movie_keyword mk  (cost=0.00..69693.30 rows=4523930 width=4) (actual time=0.020..986.288 rows=4523930 loops=1)
  ->  Hash  (cost=130019.15..130019.15 rows=3420 width=8) (actual time=2386.221..2386.221 rows=9370 loops=1)
        Buckets: 16384 (originally 4096)  Batches: 1 (originally 1)  Memory Usage: 495kB
        ->  Hash Join  (cost=67697.55..130019.15 rows=3420 width=8) (actual time=1036.186..2382.154 rows=9370 loops=1)
              Hash Cond: (mc.movie_id = t.id)
              ->  Seq Scan on movie_companies mc  (cost=0.00..57926.93 rows=1162791 width=4) (actual time=0.023..1091.024 rows=1274246 loops=1)
                    Filter: ((company_id < 103029) AND (company_type_id = 1))
                    Rows Removed by Filter: 1334883
              ->  Hash  (cost=67604.59..67604.59 rows=7437 width=4) (actual time=1035.140..1035.140 rows=13736 loops=1)
                    Buckets: 16384 (originally 8192)  Batches: 1 (originally 1)  Memory Usage: 611kB
                    ->  Seq Scan on title t  (cost=0.00..67604.59 rows=7437 width=4) (actual time=0.025..1028.450 rows=13736 loops=1)
                          Filter: (production_year = 1974)
                          Rows Removed by Filter: 2514576
Planning time: 1.225 ms
Execution time: 4234.839 ms
