Seq Scan on movie_keyword mk  (cost=0.00..81003.12 rows=246 width=0) (actual time=0.427..1247.611 rows=124 loops=1)
  Filter: (keyword_id = 5879)
  Rows Removed by Filter: 4523806
Planning time: 0.382 ms
Execution time: 1247.788 ms
