Hash Join  (cost=108812.38..196523.09 rows=105267 width=0) (actual time=2369.303..4312.780 rows=405256 loops=1)
  Hash Cond: (mk.movie_id = t.id)
  ->  Seq Scan on movie_keyword mk  (cost=0.00..69693.30 rows=4523930 width=4) (actual time=0.012..963.086 rows=4523930 loops=1)
  ->  Hash  (cost=108076.93..108076.93 rows=58836 width=8) (actual time=2368.520..2368.520 rows=61574 loops=1)
        Buckets: 65536  Batches: 1  Memory Usage: 2918kB
        ->  Hash Join  (cost=69374.09..108076.93 rows=58836 width=8) (actual time=1464.283..2351.010 rows=61574 loops=1)
              Hash Cond: (mi_idx.movie_id = t.id)
              ->  Seq Scan on movie_info_idx mi_idx  (cost=0.00..21735.35 rows=1380035 width=4) (actual time=0.015..450.165 rows=1380035 loops=1)
              ->  Hash  (cost=67604.59..67604.59 rows=107800 width=4) (actual time=1463.651..1463.651 rows=108429 loops=1)
                    Buckets: 131072  Batches: 2  Memory Usage: 2931kB
                    ->  Seq Scan on title t  (cost=0.00..67604.59 rows=107800 width=4) (actual time=0.010..1146.850 rows=108429 loops=1)
                          Filter: (production_year = 2006)
                          Rows Removed by Filter: 2419883
Planning time: 0.611 ms
Execution time: 4376.638 ms
