Hash Join  (cost=891339.33..1002646.52 rows=132032 width=0) (actual time=13880.112..16542.717 rows=597076 loops=1)
  Hash Cond: (mk.movie_id = t.id)
  ->  Seq Scan on movie_keyword mk  (cost=0.00..81003.12 rows=2460731 width=4) (actual time=0.024..1565.166 rows=2458117 loops=1)
        Filter: (keyword_id < 5892)
        Rows Removed by Filter: 2065813
  ->  Hash  (cost=889113.46..889113.46 rows=135670 width=8) (actual time=13879.322..13879.322 rows=175465 loops=1)
        Buckets: 131072 (originally 131072)  Batches: 4 (originally 2)  Memory Usage: 3073kB
        ->  Hash Join  (cost=83810.17..889113.46 rows=135670 width=8) (actual time=7670.685..13816.825 rows=175465 loops=1)
              Hash Cond: (ci.movie_id = t.id)
              ->  Seq Scan on cast_info ci  (cost=0.00..796071.18 rows=347308 width=4) (actual time=6079.922..11841.175 rows=328133 loops=1)
                    Filter: ((person_id < 695207) AND (role_id = 8))
                    Rows Removed by Filter: 35916211
              ->  Hash  (cost=67604.59..67604.59 rows=987727 width=4) (actual time=1589.819..1589.819 rows=985048 loops=1)
                    Buckets: 131072  Batches: 16  Memory Usage: 3188kB
                    ->  Seq Scan on title t  (cost=0.00..67604.59 rows=987727 width=4) (actual time=0.025..1281.062 rows=985048 loops=1)
                          Filter: (kind_id < 7)
                          Rows Removed by Filter: 1543264
Planning time: 1.219 ms
Execution time: 16614.961 ms
