Hash Join  (cost=102767.86..181363.47 rows=448411 width=0) (actual time=2015.207..3959.126 rows=647914 loops=1)
  Hash Cond: (mc.movie_id = t.id)
  ->  Seq Scan on movie_companies mc  (cost=0.00..57926.93 rows=448411 width=4) (actual time=0.025..1010.413 rows=647914 loops=1)
        Filter: ((company_id < 3096) AND (company_type_id = 1))
        Rows Removed by Filter: 1961215
  ->  Hash  (cost=61283.27..61283.27 rows=2528527 width=4) (actual time=2014.048..2014.048 rows=2528312 loops=1)
        Buckets: 131072  Batches: 64  Memory Usage: 2415kB
        ->  Seq Scan on title t  (cost=0.00..61283.27 rows=2528527 width=4) (actual time=0.007..1182.769 rows=2528312 loops=1)
Planning time: 0.789 ms
Execution time: 4040.417 ms
