Seq Scan on title t  (cost=0.00..73925.90 rows=947576 width=94) (actual time=0.021..435.124 rows=876037 loops=1)
  Filter: ((production_year < 2007) AND (kind_id = 7))
  Rows Removed by Filter: 1652275
Planning time: 0.350 ms
Execution time: 462.402 ms
