Hash Join  (cost=77864.76..205099.98 rows=429519 width=0) (actual time=1197.779..4345.903 rows=78756 loops=1)
  Hash Cond: (mk.movie_id = t.id)
  ->  Seq Scan on movie_keyword mk  (cost=0.00..69693.30 rows=4523930 width=4) (actual time=0.024..1501.460 rows=4523930 loops=1)
  ->  Hash  (cost=73925.90..73925.90 rows=240068 width=4) (actual time=1192.382..1192.382 rows=109701 loops=1)
        Buckets: 131072  Batches: 4  Memory Usage: 1993kB
        ->  Seq Scan on title t  (cost=0.00..73925.90 rows=240068 width=4) (actual time=0.039..1152.343 rows=109701 loops=1)
              Filter: ((kind_id > 1) AND (production_year < 1967))
              Rows Removed by Filter: 2418611
Planning time: 0.819 ms
Execution time: 4355.146 ms
