Hash Join  (cost=125063.90..952043.76 rows=168863 width=0) (actual time=2074.826..22717.705 rows=356610 loops=1)
  Hash Cond: (ci.movie_id = t.id)
  ->  Seq Scan on cast_info ci  (cost=0.00..705507.15 rows=31942421 width=4) (actual time=0.022..13513.389 rows=31905716 loops=1)
        Filter: (person_id < 3267581)
        Rows Removed by Filter: 4338628
  ->  Hash  (cost=124896.81..124896.81 rows=13367 width=8) (actual time=2074.306..2074.306 rows=10995 loops=1)
        Buckets: 16384  Batches: 1  Memory Usage: 558kB
        ->  Hash Join  (cost=69460.45..124896.81 rows=13367 width=8) (actual time=1141.064..2069.961 rows=10995 loops=1)
              Hash Cond: (mc.movie_id = t.id)
              ->  Seq Scan on movie_companies mc  (cost=0.00..51404.11 rows=298821 width=4) (actual time=0.023..797.080 rows=292877 loops=1)
                    Filter: (company_id < 160)
                    Rows Removed by Filter: 2316252
              ->  Hash  (cost=67604.59..67604.59 rows=113109 width=4) (actual time=1139.704..1139.704 rows=119565 loops=1)
                    Buckets: 131072  Batches: 2  Memory Usage: 3115kB
                    ->  Seq Scan on title t  (cost=0.00..67604.59 rows=113109 width=4) (actual time=0.015..1089.859 rows=119565 loops=1)
                          Filter: (production_year = 2007)
                          Rows Removed by Filter: 2408747
Planning time: 1.332 ms
Execution time: 22770.942 ms
