Hash Join  (cost=439232.89..1420216.97 rows=378480 width=0) (actual time=8566.080..27455.682 rows=741584 loops=1)
  Hash Cond: (ci.movie_id = t.id)
  ->  Seq Scan on cast_info ci  (cost=0.00..614943.12 rows=36225612 width=4) (actual time=0.017..8993.469 rows=36244344 loops=1)
  ->  Hash  (cost=438902.66..438902.66 rows=26418 width=8) (actual time=8565.586..8565.586 rows=35010 loops=1)
        Buckets: 65536 (originally 32768)  Batches: 1 (originally 1)  Memory Usage: 1880kB
        ->  Hash Join  (cost=73982.55..438902.66 rows=26418 width=8) (actual time=1210.256..8549.836 rows=35010 loops=1)
              Hash Cond: (mi.movie_id = t.id)
              ->  Seq Scan on movie_info mi  (cost=0.00..309384.22 rows=14739122 width=4) (actual time=0.012..4099.754 rows=14835720 loops=1)
              ->  Hash  (cost=73925.90..73925.90 rows=4532 width=4) (actual time=1210.199..1210.199 rows=11542 loops=1)
                    Buckets: 16384 (originally 8192)  Batches: 1 (originally 1)  Memory Usage: 534kB
                    ->  Seq Scan on title t  (cost=0.00..73925.90 rows=4532 width=4) (actual time=0.026..1204.460 rows=11542 loops=1)
                          Filter: ((kind_id = 7) AND (production_year = 1988))
                          Rows Removed by Filter: 2516770
Planning time: 1.031 ms
Execution time: 27549.706 ms
