Seq Scan on cast_info ci  (cost=0.00..796071.18 rows=176 width=0) (actual time=8462.469..10329.654 rows=279 loops=1)
  Filter: ((person_id = 89098) AND (role_id = 1))
  Rows Removed by Filter: 36244065
Planning time: 0.457 ms
Execution time: 10329.783 ms
