Seq Scan on cast_info ci  (cost=0.00..705507.15 rows=13516370 width=0) (actual time=0.014..11537.886 rows=13665568 loops=1)
  Filter: (person_id > 2303411)
  Rows Removed by Filter: 22578776
Planning time: 2.847 ms
Execution time: 13097.769 ms
