Seq Scan on cast_info ci  (cost=0.00..796071.18 rows=7238923 width=0) (actual time=5718.188..15356.827 rows=12670688 loops=1)
  Filter: ((person_id < 2063408) AND (role_id = 1))
  Rows Removed by Filter: 23573656
Planning time: 0.420 ms
Execution time: 16891.403 ms
