Seq Scan on movie_keyword mk  (cost=0.00..81003.12 rows=565050 width=0) (actual time=0.027..1456.695 rows=561592 loops=1)
  Filter: (keyword_id > 32711)
  Rows Removed by Filter: 3962338
Planning time: 0.325 ms
Execution time: 1529.595 ms
