Hash Join  (cost=73962.22..825167.57 rows=41619 width=0) (actual time=1173.655..17579.788 rows=10394 loops=1)
  Hash Cond: (ci.movie_id = t.id)
  ->  Seq Scan on cast_info ci  (cost=0.00..614943.12 rows=36225612 width=4) (actual time=0.011..8998.023 rows=36244344 loops=1)
  ->  Hash  (cost=73925.90..73925.90 rows=2905 width=4) (actual time=1173.445..1173.445 rows=4597 loops=1)
        Buckets: 8192 (originally 4096)  Batches: 1 (originally 1)  Memory Usage: 226kB
        ->  Seq Scan on title t  (cost=0.00..73925.90 rows=2905 width=4) (actual time=0.042..1171.257 rows=4597 loops=1)
              Filter: ((kind_id < 7) AND (production_year = 1910))
              Rows Removed by Filter: 2523715
Planning time: 0.740 ms
Execution time: 17582.324 ms
