Seq Scan on cast_info ci  (cost=0.00..705507.15 rows=6606551 width=0) (actual time=0.017..11044.726 rows=6690318 loops=1)
  Filter: (person_id > 2990994)
  Rows Removed by Filter: 29554026
Planning time: 2.920 ms
Execution time: 11840.418 ms
