Seq Scan on title t  (cost=0.00..67604.59 rows=311009 width=94) (actual time=0.019..365.818 rows=309534 loops=1)
  Filter: (production_year < 1966)
  Rows Removed by Filter: 2218778
Planning time: 0.338 ms
Execution time: 375.291 ms
