Hash Join  (cost=93093.72..141772.44 rows=564699 width=0) (actual time=1815.944..3184.290 rows=294920 loops=1)
  Hash Cond: (mi_idx.movie_id = t.id)
  ->  Seq Scan on movie_info_idx mi_idx  (cost=0.00..25185.44 rows=919057 width=4) (actual time=0.015..598.858 rows=920110 loops=1)
        Filter: (info_type_id > 99)
        Rows Removed by Filter: 459925
  ->  Hash  (cost=67604.59..67604.59 rows=1553611 width=4) (actual time=1814.552..1814.552 rows=1555864 loops=1)
        Buckets: 131072  Batches: 32  Memory Usage: 2734kB
        ->  Seq Scan on title t  (cost=0.00..67604.59 rows=1553611 width=4) (actual time=0.069..1310.476 rows=1555864 loops=1)
              Filter: (kind_id > 4)
              Rows Removed by Filter: 972448
Planning time: 0.739 ms
Execution time: 3217.852 ms
