Seq Scan on movie_companies mc  (cost=0.00..57926.93 rows=51 width=0) (actual time=89.588..857.056 rows=158 loops=1)
  Filter: ((company_id = 626) AND (company_type_id = 1))
  Rows Removed by Filter: 2608971
Planning time: 0.394 ms
Execution time: 857.197 ms
