Hash Join  (cost=412075.28..2422511.30 rows=47702578 width=148) (actual time=3209.803..25820.639 rows=46884049 loops=1)
  Hash Cond: (ci.movie_id = t.id)
  ->  Seq Scan on cast_info ci  (cost=0.00..614943.12 rows=36225612 width=42) (actual time=0.006..3300.321 rows=36244344 loops=1)
  ->  Hash  (cost=315178.12..315178.12 rows=3329613 width=106) (actual time=3207.973..3207.973 rows=1637255 loops=1)
        Buckets: 32768  Batches: 128  Memory Usage: 1956kB
        ->  Hash Join  (cost=118128.04..315178.12 rows=3329613 width=106) (actual time=790.676..2715.082 rows=1637255 loops=1)
              Hash Cond: (mk.movie_id = t.id)
              ->  Seq Scan on movie_keyword mk  (cost=0.00..69693.30 rows=4523930 width=12) (actual time=0.013..371.924 rows=4523930 loops=1)
              ->  Hash  (cost=67604.59..67604.59 rows=1860996 width=94) (actual time=790.320..790.320 rows=1865487 loops=1)
                    Buckets: 32768  Batches: 64  Memory Usage: 3605kB
                    ->  Seq Scan on title t  (cost=0.00..67604.59 rows=1860996 width=94) (actual time=0.024..426.648 rows=1865487 loops=1)
                          Filter: (kind_id > 1)
                          Rows Removed by Filter: 662825
Planning time: 0.794 ms
Execution time: 27168.796 ms
