Hash Join  (cost=816699.54..3514056.19 rows=126675837 width=0) (actual time=19371.830..136822.726 rows=333012262 loops=1)
  Hash Cond: (ci.movie_id = t.id)
  ->  Seq Scan on cast_info ci  (cost=0.00..614943.12 rows=36225612 width=4) (actual time=0.021..14024.530 rows=36244344 loops=1)
  ->  Hash  (cost=671636.77..671636.77 rows=8841901 width=8) (actual time=19370.273..19370.273 rows=8950757 loops=1)
        Buckets: 131072  Batches: 128  Memory Usage: 3748kB
        ->  Hash Join  (cost=102767.86..671636.77 rows=8841901 width=8) (actual time=2199.216..16371.756 rows=8950757 loops=1)
              Hash Cond: (mi.movie_id = t.id)
              ->  Seq Scan on movie_info mi  (cost=0.00..346232.03 rows=8841901 width=4) (actual time=204.048..6842.187 rows=8950757 loops=1)
                    Filter: (info_type_id > 6)
                    Rows Removed by Filter: 5884963
              ->  Hash  (cost=61283.27..61283.27 rows=2528527 width=4) (actual time=1993.903..1993.903 rows=2528312 loops=1)
                    Buckets: 131072  Batches: 64  Memory Usage: 2425kB
                    ->  Seq Scan on title t  (cost=0.00..61283.27 rows=2528527 width=4) (actual time=0.014..1147.504 rows=2528312 loops=1)
Planning time: 1.119 ms
Execution time: 172985.126 ms
