Seq Scan on cast_info ci  (cost=0.00..705507.15 rows=6960290 width=0) (actual time=2346.219..11977.404 rows=6898073 loops=1)
  Filter: (person_id < 666468)
  Rows Removed by Filter: 29346271
Planning time: 0.326 ms
Execution time: 12865.949 ms
