Hash Join  (cost=67942.77..124475.20 rows=14227 width=0) (actual time=1169.610..2510.293 rows=13703 loops=1)
  Hash Cond: (mc.movie_id = t.id)
  ->  Seq Scan on movie_companies mc  (cost=0.00..51404.11 rows=1329612 width=4) (actual time=0.019..1031.227 rows=1334883 loops=1)
        Filter: (company_type_id = 2)
        Rows Removed by Filter: 1274246
  ->  Hash  (cost=67604.59..67604.59 rows=27055 width=4) (actual time=1169.351..1169.351 rows=26775 loops=1)
        Buckets: 32768  Batches: 1  Memory Usage: 1198kB
        ->  Seq Scan on title t  (cost=0.00..67604.59 rows=27055 width=4) (actual time=0.010..1157.004 rows=26775 loops=1)
              Filter: (production_year = 1993)
              Rows Removed by Filter: 2501537
Planning time: 2.386 ms
Execution time: 2512.626 ms
