Seq Scan on movie_companies mc  (cost=0.00..57926.93 rows=39655 width=0) (actual time=371.862..799.405 rows=66520 loops=1)
  Filter: ((company_id < 19) AND (company_type_id < 2))
  Rows Removed by Filter: 2542609
Planning time: 0.411 ms
Execution time: 808.773 ms
