Hash Join  (cost=79930.86..961824.17 rows=1694514 width=0) (actual time=4878.309..17827.143 rows=998300 loops=1)
  Hash Cond: (ci.movie_id = t.id)
  ->  Seq Scan on cast_info ci  (cost=0.00..796071.18 rows=5702931 width=4) (actual time=3368.342..13820.516 rows=3522998 loops=1)
        Filter: ((person_id < 1253428) AND (role_id > 2))
        Rows Removed by Filter: 32721346
  ->  Hash  (cost=67604.59..67604.59 rows=751302 width=4) (actual time=1508.714..1508.714 rows=755902 loops=1)
        Buckets: 131072  Batches: 16  Memory Usage: 2685kB
        ->  Seq Scan on title t  (cost=0.00..67604.59 rows=751302 width=4) (actual time=0.019..1270.253 rows=755902 loops=1)
              Filter: (production_year < 1993)
              Rows Removed by Filter: 1772410
Planning time: 1.243 ms
Execution time: 17969.911 ms
