Hash Join  (cost=312285.08..1011287.62 rows=17089579 width=0) (actual time=6445.496..27095.639 rows=23475679 loops=1)
  Hash Cond: (mi.movie_id = t.id)
  ->  Seq Scan on movie_info mi  (cost=0.00..309384.22 rows=14739122 width=4) (actual time=0.021..6047.726 rows=14835720 loops=1)
  ->  Hash  (cost=264185.17..264185.17 rows=2931753 width=8) (actual time=6444.088..6444.088 rows=1556225 loops=1)
        Buckets: 131072  Batches: 64  Memory Usage: 1979kB
        ->  Hash Join  (cost=100809.69..264185.17 rows=2931753 width=8) (actual time=2109.374..6010.029 rows=1556225 loops=1)
              Hash Cond: (mk.movie_id = t.id)
              ->  Seq Scan on movie_keyword mk  (cost=0.00..69693.30 rows=4523930 width=4) (actual time=0.023..1343.429 rows=4523930 loops=1)
              ->  Hash  (cost=73925.90..73925.90 rows=1638623 width=4) (actual time=2107.825..2107.825 rows=1629839 loops=1)
                    Buckets: 131072  Batches: 32  Memory Usage: 2819kB
                    ->  Seq Scan on title t  (cost=0.00..73925.90 rows=1638623 width=4) (actual time=0.022..1567.598 rows=1629839 loops=1)
                          Filter: ((kind_id > 1) AND (production_year < 2012))
                          Rows Removed by Filter: 898473
Planning time: 1.137 ms
Execution time: 29924.490 ms
