Hash Join  (cost=83074.16..447738.83 rows=874 width=0) (actual time=1391.759..8434.644 rows=164 loops=1)
  Hash Cond: (mi.movie_id = t.id)
  ->  Seq Scan on movie_info mi  (cost=0.00..309384.22 rows=14739122 width=4) (actual time=0.005..4383.330 rows=14835720 loops=1)
  ->  Hash  (cost=83072.29..83072.29 rows=150 width=8) (actual time=1378.063..1378.063 rows=10 loops=1)
        Buckets: 1024  Batches: 1  Memory Usage: 9kB
        ->  Nested Loop  (cost=0.43..83072.29 rows=150 width=8) (actual time=1003.398..1378.043 rows=10 loops=1)
              ->  Seq Scan on movie_keyword mk  (cost=0.00..81003.12 rows=246 width=4) (actual time=3.721..1373.740 rows=88 loops=1)
                    Filter: (keyword_id = 12199)
                    Rows Removed by Filter: 4523842
              ->  Index Scan using title_pkey on title t  (cost=0.43..8.40 rows=1 width=4) (actual time=0.044..0.044 rows=0 loops=88)
                    Index Cond: (id = mk.movie_id)
                    Filter: (kind_id = 7)
                    Rows Removed by Filter: 1
Planning time: 1.230 ms
Execution time: 8434.844 ms
