Hash Join  (cost=93038.76..169685.08 rows=589502 width=0) (actual time=1735.477..3669.997 rows=212591 loops=1)
  Hash Cond: (mc.movie_id = t.id)
  ->  Seq Scan on movie_companies mc  (cost=0.00..51404.11 rows=1279517 width=4) (actual time=0.018..1025.561 rows=1274246 loops=1)
        Filter: (company_type_id = 1)
        Rows Removed by Filter: 1334883
  ->  Hash  (cost=73925.90..73925.90 rows=1164948 width=4) (actual time=1734.652..1734.652 rows=1252934 loops=1)
        Buckets: 131072  Batches: 16  Memory Usage: 3788kB
        ->  Seq Scan on title t  (cost=0.00..73925.90 rows=1164948 width=4) (actual time=127.657..1340.888 rows=1252934 loops=1)
              Filter: ((production_year > 1982) AND (kind_id = 7))
              Rows Removed by Filter: 1275378
Planning time: 1.373 ms
Execution time: 3695.436 ms
