Seq Scan on cast_info ci  (cost=0.00..705507.15 rows=500 width=0) (actual time=6337.607..10378.678 rows=28 loops=1)
  Filter: (person_id = 3418266)
  Rows Removed by Filter: 36244316
Planning time: 0.409 ms
Execution time: 10378.766 ms
