Seq Scan on movie_keyword mk  (cost=0.00..81003.12 rows=246 width=0) (actual time=2.475..1221.591 rows=673 loops=1)
  Filter: (keyword_id = 3393)
  Rows Removed by Filter: 4523257
Planning time: 0.397 ms
Execution time: 1221.932 ms
