Hash Join  (cost=73957.54..100881.83 rows=1381 width=0) (actual time=1037.342..1648.907 rows=8348 loops=1)
  Hash Cond: (mi_idx.movie_id = t.id)
  ->  Seq Scan on movie_info_idx mi_idx  (cost=0.00..21735.35 rows=1380035 width=4) (actual time=0.021..326.812 rows=1380035 loops=1)
  ->  Hash  (cost=73925.90..73925.90 rows=2531 width=4) (actual time=1037.266..1037.266 rows=6603 loops=1)
        Buckets: 8192 (originally 4096)  Batches: 1 (originally 1)  Memory Usage: 297kB
        ->  Seq Scan on title t  (cost=0.00..73925.90 rows=2531 width=4) (actual time=0.217..1033.717 rows=6603 loops=1)
              Filter: ((kind_id < 4) AND (production_year = 1983))
              Rows Removed by Filter: 2521709
Planning time: 0.807 ms
Execution time: 1650.368 ms
