Seq Scan on movie_companies mc  (cost=0.00..57926.93 rows=583947 width=0) (actual time=136.958..1094.734 rows=316922 loops=1)
  Filter: ((company_id > 12323) AND (company_type_id = 1))
  Rows Removed by Filter: 2292207
Planning time: 0.390 ms
Execution time: 1135.687 ms
