Hash Join  (cost=100927.60..871914.63 rows=140433 width=0) (actual time=1720.754..18582.831 rows=275389 loops=1)
  Hash Cond: (ci.movie_id = t.id)
  ->  Seq Scan on cast_info ci  (cost=0.00..705507.15 rows=17086801 width=4) (actual time=0.076..12444.480 rows=16957969 loops=1)
        Filter: (person_id < 1675994)
        Rows Removed by Filter: 19286375
  ->  Hash  (cost=100667.83..100667.83 rows=20782 width=8) (actual time=1720.378..1720.378 rows=19339 loops=1)
        Buckets: 32768  Batches: 1  Memory Usage: 1012kB
        ->  Hash Join  (cost=69460.45..100667.83 rows=20782 width=8) (actual time=1034.059..1711.867 rows=19339 loops=1)
              Hash Cond: (mi_idx.movie_id = t.id)
              ->  Seq Scan on movie_info_idx mi_idx  (cost=0.00..25185.44 rows=464566 width=4) (actual time=0.018..448.539 rows=459925 loops=1)
                    Filter: (info_type_id = 101)
                    Rows Removed by Filter: 920110
              ->  Hash  (cost=67604.59..67604.59 rows=113109 width=4) (actual time=1033.187..1033.187 rows=119565 loops=1)
                    Buckets: 131072  Batches: 2  Memory Usage: 3115kB
                    ->  Seq Scan on title t  (cost=0.00..67604.59 rows=113109 width=4) (actual time=0.025..989.773 rows=119565 loops=1)
                          Filter: (production_year = 2007)
                          Rows Removed by Filter: 2408747
Planning time: 1.210 ms
Execution time: 18625.977 ms
