Hash Join  (cost=837811.97..1586989.72 rows=2798509 width=0) (actual time=20337.205..36858.757 rows=14936200 loops=1)
  Hash Cond: (mi.movie_id = t.id)
  ->  Seq Scan on movie_info mi  (cost=0.00..309384.22 rows=14739122 width=4) (actual time=0.021..6319.812 rows=14835720 loops=1)
  ->  Hash  (cost=829934.85..829934.85 rows=480090 width=8) (actual time=20251.049..20251.049 rows=403489 loops=1)
        Buckets: 131072  Batches: 8  Memory Usage: 2930kB
        ->  Hash Join  (cost=74344.78..829934.85 rows=480090 width=8) (actual time=984.338..19771.874 rows=403489 loops=1)
              Hash Cond: (ci.movie_id = t.id)
              ->  Seq Scan on cast_info ci  (cost=0.00..614943.12 rows=36225612 width=4) (actual time=0.013..9133.600 rows=36244344 loops=1)
              ->  Hash  (cost=73925.90..73925.90 rows=33510 width=4) (actual time=983.956..983.956 rows=22107 loops=1)
                    Buckets: 65536  Batches: 1  Memory Usage: 1290kB
                    ->  Seq Scan on title t  (cost=0.00..73925.90 rows=33510 width=4) (actual time=0.034..974.975 rows=22107 loops=1)
                          Filter: ((kind_id = 1) AND (production_year = 2008))
                          Rows Removed by Filter: 2506205
Planning time: 1.201 ms
Execution time: 38562.308 ms
