Seq Scan on movie_keyword mk  (cost=0.00..81003.12 rows=1874255 width=0) (actual time=0.021..1453.202 rows=1884551 loops=1)
  Filter: (keyword_id < 3221)
  Rows Removed by Filter: 2639379
Planning time: 2.303 ms
Execution time: 1688.258 ms
