Hash Join  (cost=89893.22..136699.43 rows=531173 width=0) (actual time=1747.542..3113.913 rows=380133 loops=1)
  Hash Cond: (mi_idx.movie_id = t.id)
  ->  Seq Scan on movie_info_idx mi_idx  (cost=0.00..21735.35 rows=1380035 width=4) (actual time=0.021..466.742 rows=1380035 loops=1)
  ->  Hash  (cost=73925.90..73925.90 rows=973225 width=4) (actual time=1745.934..1745.934 rows=1057588 loops=1)
        Buckets: 131072  Batches: 16  Memory Usage: 3355kB
        ->  Seq Scan on title t  (cost=0.00..73925.90 rows=973225 width=4) (actual time=0.013..1405.344 rows=1057588 loops=1)
              Filter: ((kind_id > 1) AND (production_year > 2001))
              Rows Removed by Filter: 1470724
Planning time: 0.704 ms
Execution time: 3159.264 ms
