Hash Join  (cost=350596.26..1126887.37 rows=22606348 width=0) (actual time=7827.304..66122.570 rows=199708585 loops=1)
  Hash Cond: (mi.movie_id = t.id)
  ->  Seq Scan on movie_info mi  (cost=0.00..309384.22 rows=14739122 width=4) (actual time=0.013..6360.182 rows=14835720 loops=1)
  ->  Hash  (cost=286969.18..286969.18 rows=3878166 width=8) (actual time=7825.941..7825.941 rows=3867801 loops=1)
        Buckets: 131072  Batches: 64  Memory Usage: 3484kB
        ->  Hash Join  (cost=102767.86..286969.18 rows=3878166 width=8) (actual time=1795.138..6726.947 rows=3867801 loops=1)
              Hash Cond: (mk.movie_id = t.id)
              ->  Seq Scan on movie_keyword mk  (cost=0.00..81003.12 rows=3878166 width=4) (actual time=0.017..1738.880 rows=3867801 loops=1)
                    Filter: (keyword_id < 28631)
                    Rows Removed by Filter: 656129
              ->  Hash  (cost=61283.27..61283.27 rows=2528527 width=4) (actual time=1789.811..1789.811 rows=2528312 loops=1)
                    Buckets: 131072  Batches: 64  Memory Usage: 2425kB
                    ->  Seq Scan on title t  (cost=0.00..61283.27 rows=2528527 width=4) (actual time=0.012..953.679 rows=2528312 loops=1)
Planning time: 1.092 ms
Execution time: 87954.222 ms
