Hash Join  (cost=103569.95..190550.12 rows=32214 width=0) (actual time=1962.534..3850.026 rows=231526 loops=1)
  Hash Cond: (mk.movie_id = t.id)
  ->  Seq Scan on movie_keyword mk  (cost=0.00..69693.30 rows=4523930 width=4) (actual time=0.023..971.405 rows=4523930 loops=1)
  ->  Hash  (cost=103344.88..103344.88 rows=18005 width=8) (actual time=1962.127..1962.127 rows=26476 loops=1)
        Buckets: 32768  Batches: 1  Memory Usage: 1291kB
        ->  Hash Join  (cost=74547.77..103344.88 rows=18005 width=8) (actual time=1230.104..1952.032 rows=26476 loops=1)
              Hash Cond: (mi_idx.movie_id = t.id)
              ->  Seq Scan on movie_info_idx mi_idx  (cost=0.00..25185.44 rows=915101 width=4) (actual time=0.025..505.409 rows=919850 loops=1)
                    Filter: (info_type_id < 101)
                    Rows Removed by Filter: 460185
              ->  Hash  (cost=73925.90..73925.90 rows=49749 width=4) (actual time=1229.738..1229.738 rows=44012 loops=1)
                    Buckets: 65536  Batches: 1  Memory Usage: 2060kB
                    ->  Seq Scan on title t  (cost=0.00..73925.90 rows=49749 width=4) (actual time=0.067..1212.028 rows=44012 loops=1)
                          Filter: ((kind_id < 7) AND (production_year = 2009))
                          Rows Removed by Filter: 2484300
Planning time: 1.186 ms
Execution time: 3880.281 ms
