Hash Join  (cost=77137.62..824658.23 rows=689569 width=169) (actual time=1330.953..14280.535 rows=333654 loops=1)
  Hash Cond: (mi.movie_id = t.id)
  ->  Seq Scan on movie_info mi  (cost=0.00..309384.22 rows=14739122 width=75) (actual time=0.021..4946.883 rows=14835720 loops=1)
  ->  Hash  (cost=73925.90..73925.90 rows=118297 width=94) (actual time=1330.547..1330.547 rows=122606 loops=1)
        Buckets: 32768  Batches: 4  Memory Usage: 3785kB
        ->  Seq Scan on title t  (cost=0.00..73925.90 rows=118297 width=94) (actual time=0.029..1277.771 rows=122606 loops=1)
              Filter: ((kind_id > 1) AND (production_year = 2011))
              Rows Removed by Filter: 2405706
Planning time: 0.978 ms
Execution time: 14299.527 ms
