Seq Scan on cast_info ci  (cost=0.00..796071.18 rows=176 width=0) (actual time=5114.602..13110.574 rows=1 loops=1)
  Filter: ((role_id < 2) AND (person_id = 492614))
  Rows Removed by Filter: 36244343
Planning time: 0.433 ms
Execution time: 13110.702 ms
