Seq Scan on movie_companies mc  (cost=0.00..51404.11 rows=1031330 width=0) (actual time=0.026..868.940 rows=1039519 loops=1)
  Filter: (company_id > 15236)
  Rows Removed by Filter: 1569610
Planning time: 0.361 ms
Execution time: 996.311 ms
