Hash Join  (cost=102767.86..1072076.39 rows=6788883 width=0) (actual time=5126.273..23483.707 rows=7451693 loops=1)
  Hash Cond: (ci.movie_id = t.id)
  ->  Seq Scan on cast_info ci  (cost=0.00..796071.18 rows=6788883 width=4) (actual time=3201.156..15000.168 rows=7451693 loops=1)
        Filter: ((person_id > 240088) AND (role_id = 2))
        Rows Removed by Filter: 28792651
  ->  Hash  (cost=61283.27..61283.27 rows=2528527 width=4) (actual time=1923.671..1923.671 rows=2528312 loops=1)
        Buckets: 131072  Batches: 64  Memory Usage: 2415kB
        ->  Seq Scan on title t  (cost=0.00..61283.27 rows=2528527 width=4) (actual time=0.027..1054.894 rows=2528312 loops=1)
Planning time: 0.725 ms
Execution time: 24383.571 ms
