Hash Join  (cost=102767.86..209962.70 rows=677890 width=0) (actual time=1906.187..4084.771 rows=684734 loops=1)
  Hash Cond: (mk.movie_id = t.id)
  ->  Seq Scan on movie_keyword mk  (cost=0.00..81003.12 rows=677890 width=4) (actual time=0.023..1286.322 rows=684734 loops=1)
        Filter: (keyword_id > 27499)
        Rows Removed by Filter: 3839196
  ->  Hash  (cost=61283.27..61283.27 rows=2528527 width=4) (actual time=1905.178..1905.178 rows=2528312 loops=1)
        Buckets: 131072  Batches: 64  Memory Usage: 2425kB
        ->  Seq Scan on title t  (cost=0.00..61283.27 rows=2528527 width=4) (actual time=0.011..995.362 rows=2528312 loops=1)
Planning time: 0.730 ms
Execution time: 4164.019 ms
