Hash Join  (cost=81720.25..888587.32 rows=169018 width=0) (actual time=5252.129..15243.688 rows=375858 loops=1)
  Hash Cond: (ci.movie_id = t.id)
  ->  Seq Scan on cast_info ci  (cost=0.00..796071.18 rows=496723 width=4) (actual time=3853.440..13130.586 rows=856623 loops=1)
        Filter: ((person_id > 2059951) AND (role_id = 9))
        Rows Removed by Filter: 35387721
  ->  Hash  (cost=67604.59..67604.59 rows=860373 width=4) (actual time=1397.536..1397.536 rows=854214 loops=1)
        Buckets: 131072  Batches: 16  Memory Usage: 2897kB
        ->  Seq Scan on title t  (cost=0.00..67604.59 rows=860373 width=4) (actual time=0.026..1126.272 rows=854214 loops=1)
              Filter: (kind_id < 4)
              Rows Removed by Filter: 1674098
Planning time: 0.799 ms
Execution time: 15292.567 ms
