Seq Scan on movie_keyword mk  (cost=0.00..81003.12 rows=1554899 width=0) (actual time=0.014..1460.152 rows=1570307 loops=1)
  Filter: (keyword_id > 9980)
  Rows Removed by Filter: 2953623
Planning time: 0.356 ms
Execution time: 1663.582 ms
