Hash Join  (cost=847386.11..985133.83 rows=1292368 width=0) (actual time=13839.093..19023.316 rows=8789182 loops=1)
  Hash Cond: (mk.movie_id = t.id)
  ->  Seq Scan on movie_keyword mk  (cost=0.00..69693.30 rows=4523930 width=4) (actual time=0.021..1465.866 rows=4523930 loops=1)
  ->  Hash  (cost=835534.93..835534.93 rows=722334 width=8) (actual time=13837.704..13837.704 rows=753680 loops=1)
        Buckets: 131072  Batches: 16  Memory Usage: 2877kB
        ->  Hash Join  (cost=102767.86..835534.93 rows=722334 width=8) (actual time=5773.487..13632.686 rows=753680 loops=1)
              Hash Cond: (ci.movie_id = t.id)
              ->  Seq Scan on cast_info ci  (cost=0.00..705507.15 rows=722334 width=4) (actual time=3661.112..10539.260 rows=753680 loops=1)
                    Filter: (person_id > 3917460)
                    Rows Removed by Filter: 35490664
              ->  Hash  (cost=61283.27..61283.27 rows=2528527 width=4) (actual time=2110.631..2110.631 rows=2528312 loops=1)
                    Buckets: 131072  Batches: 64  Memory Usage: 2415kB
                    ->  Seq Scan on title t  (cost=0.00..61283.27 rows=2528527 width=4) (actual time=0.025..1113.225 rows=2528312 loops=1)
Planning time: 1.177 ms
Execution time: 19906.580 ms
