Seq Scan on movie_keyword mk  (cost=0.00..81003.12 rows=1684137 width=0) (actual time=0.010..1463.235 rows=1691678 loops=1)
  Filter: (keyword_id < 2630)
  Rows Removed by Filter: 2832252
Planning time: 0.325 ms
Execution time: 1670.697 ms
