Seq Scan on movie_companies mc  (cost=0.00..51404.11 rows=2251279 width=0) (actual time=0.021..910.409 rows=2254196 loops=1)
  Filter: (company_id > 171)
  Rows Removed by Filter: 354933
Planning time: 0.338 ms
Execution time: 1182.268 ms
