Hash Join  (cost=207280.96..601560.42 rows=482760 width=0) (actual time=4456.154..12424.272 rows=1382316 loops=1)
  Hash Cond: (mi.movie_id = t.id)
  ->  Seq Scan on movie_info mi  (cost=0.00..346232.03 rows=3623957 width=4) (actual time=193.131..6092.878 rows=3624977 loops=1)
        Filter: (info_type_id < 4)
        Rows Removed by Filter: 11210743
  ->  Hash  (cost=201754.54..201754.54 rows=336834 width=8) (actual time=4091.435..4091.435 rows=334251 loops=1)
        Buckets: 131072  Batches: 8  Memory Usage: 2719kB
        ->  Hash Join  (cost=102767.86..201754.54 rows=336834 width=8) (actual time=2024.372..3991.918 rows=334251 loops=1)
              Hash Cond: (mk.movie_id = t.id)
              ->  Seq Scan on movie_keyword mk  (cost=0.00..81003.12 rows=336834 width=4) (actual time=39.447..1371.309 rows=334251 loops=1)
                    Filter: (keyword_id > 49355)
                    Rows Removed by Filter: 4189679
              ->  Hash  (cost=61283.27..61283.27 rows=2528527 width=4) (actual time=1982.186..1982.186 rows=2528312 loops=1)
                    Buckets: 131072  Batches: 64  Memory Usage: 2425kB
                    ->  Seq Scan on title t  (cost=0.00..61283.27 rows=2528527 width=4) (actual time=0.021..1134.732 rows=2528312 loops=1)
Planning time: 1.226 ms
Execution time: 12595.152 ms
