Hash Join  (cost=94420.17..930170.86 rows=390234 width=136) (actual time=2330.120..12340.564 rows=225112 loops=1)
  Hash Cond: (ci.movie_id = t.id)
  ->  Seq Scan on cast_info ci  (cost=0.00..796071.18 rows=998977 width=42) (actual time=787.900..10147.778 rows=480571 loops=1)
        Filter: ((person_id < 454162) AND (role_id > 7))
        Rows Removed by Filter: 35763773
  ->  Hash  (cost=67604.59..67604.59 rows=987727 width=94) (actual time=1540.707..1540.707 rows=985048 loops=1)
        Buckets: 32768  Batches: 64  Memory Usage: 1938kB
        ->  Seq Scan on title t  (cost=0.00..67604.59 rows=987727 width=94) (actual time=0.029..1127.693 rows=985048 loops=1)
              Filter: (kind_id < 7)
              Rows Removed by Filter: 1543264
Planning time: 0.936 ms
Execution time: 12353.774 ms
