Hash Join  (cost=201578.10..241105.58 rows=106900 width=0) (actual time=3966.191..5093.833 rows=433285 loops=1)
  Hash Cond: (mi_idx.movie_id = t.id)
  ->  Seq Scan on movie_info_idx mi_idx  (cost=0.00..21735.35 rows=1380035 width=4) (actual time=0.014..471.567 rows=1380035 loops=1)
  ->  Hash  (cost=198363.79..198363.79 rows=195865 width=8) (actual time=3965.456..3965.456 rows=208584 loops=1)
        Buckets: 131072  Batches: 4  Memory Usage: 3077kB
        ->  Hash Join  (cost=102767.86..198363.79 rows=195865 width=8) (actual time=2013.482..3906.280 rows=208584 loops=1)
              Hash Cond: (mk.movie_id = t.id)
              ->  Seq Scan on movie_keyword mk  (cost=0.00..81003.12 rows=195865 width=4) (actual time=0.075..1365.179 rows=208584 loops=1)
                    Filter: (keyword_id < 140)
                    Rows Removed by Filter: 4315346
              ->  Hash  (cost=61283.27..61283.27 rows=2528527 width=4) (actual time=2012.706..2012.706 rows=2528312 loops=1)
                    Buckets: 131072  Batches: 64  Memory Usage: 2425kB
                    ->  Seq Scan on title t  (cost=0.00..61283.27 rows=2528527 width=4) (actual time=0.012..1153.312 rows=2528312 loops=1)
Planning time: 1.102 ms
Execution time: 5142.086 ms
