Hash Join  (cost=102767.86..985092.36 rows=6937683 width=0) (actual time=3153.830..20400.103 rows=7010174 loops=1)
  Hash Cond: (ci.movie_id = t.id)
  ->  Seq Scan on cast_info ci  (cost=0.00..705507.15 rows=6937683 width=4) (actual time=1171.604..12538.894 rows=7010174 loops=1)
        Filter: (person_id > 2964199)
        Rows Removed by Filter: 29234170
  ->  Hash  (cost=61283.27..61283.27 rows=2528527 width=4) (actual time=1980.529..1980.529 rows=2528312 loops=1)
        Buckets: 131072  Batches: 64  Memory Usage: 2415kB
        ->  Seq Scan on title t  (cost=0.00..61283.27 rows=2528527 width=4) (actual time=0.018..1139.102 rows=2528312 loops=1)
Planning time: 0.708 ms
Execution time: 21235.349 ms
