Nested Loop  (cost=0.43..709671.90 rows=500 width=0) (actual time=4300.197..10865.559 rows=20 loops=1)
  ->  Seq Scan on cast_info ci  (cost=0.00..705507.15 rows=500 width=4) (actual time=4300.040..10865.030 rows=20 loops=1)
        Filter: (person_id = 215850)
        Rows Removed by Filter: 36244324
  ->  Index Only Scan using title_pkey on title t  (cost=0.43..8.32 rows=1 width=4) (actual time=0.019..0.020 rows=1 loops=20)
        Index Cond: (id = ci.movie_id)
        Heap Fetches: 20
Planning time: 0.793 ms
Execution time: 10865.641 ms
