Hash Join  (cost=73994.33..100934.69 rows=2988 width=0) (actual time=1341.857..1961.015 rows=4023 loops=1)
  Hash Cond: (mi_idx.movie_id = t.id)
  ->  Seq Scan on movie_info_idx mi_idx  (cost=0.00..21735.35 rows=1380035 width=4) (actual time=0.024..324.257 rows=1380035 loops=1)
  ->  Hash  (cost=73925.90..73925.90 rows=5474 width=4) (actual time=1340.807..1340.807 rows=9678 loops=1)
        Buckets: 16384 (originally 8192)  Batches: 1 (originally 1)  Memory Usage: 469kB
        ->  Seq Scan on title t  (cost=0.00..73925.90 rows=5474 width=4) (actual time=0.087..1336.037 rows=9678 loops=1)
              Filter: ((kind_id > 1) AND (production_year = 1968))
              Rows Removed by Filter: 2518634
Planning time: 0.830 ms
Execution time: 1961.836 ms
