Seq Scan on title t  (cost=0.00..67604.59 rows=2253086 width=0) (actual time=0.009..1249.743 rows=2244594 loops=1)
  Filter: (production_year > 1956)
  Rows Removed by Filter: 283718
Planning time: 0.339 ms
Execution time: 1537.107 ms
