Hash Join  (cost=118390.36..501786.52 rows=127540 width=0) (actual time=6022.254..9056.891 rows=95850 loops=1)
  Hash Cond: (mi.movie_id = t.id)
  ->  Seq Scan on movie_info mi  (cost=0.00..346232.03 rows=3068194 width=4) (actual time=3757.454..5828.113 rows=3036719 loops=1)
        Filter: (info_type_id = 16)
        Rows Removed by Filter: 11799001
  ->  Hash  (cost=116665.53..116665.53 rows=105107 width=8) (actual time=2263.947..2263.947 rows=52624 loops=1)
        Buckets: 131072  Batches: 2  Memory Usage: 2051kB
        ->  Hash Join  (cost=78670.55..116665.53 rows=105107 width=8) (actual time=1413.888..2246.085 rows=52624 loops=1)
              Hash Cond: (mi_idx.movie_id = t.id)
              ->  Seq Scan on movie_info_idx mi_idx  (cost=0.00..25185.44 rows=919057 width=4) (actual time=0.024..435.958 rows=920110 loops=1)
                    Filter: (info_type_id > 99)
                    Rows Removed by Filter: 459925
              ->  Hash  (cost=73925.90..73925.90 rows=289172 width=4) (actual time=1412.999..1412.999 rows=292674 loops=1)
                    Buckets: 131072  Batches: 4  Memory Usage: 3617kB
                    ->  Seq Scan on title t  (cost=0.00..73925.90 rows=289172 width=4) (actual time=0.033..1314.041 rows=292674 loops=1)
                          Filter: ((kind_id > 1) AND (production_year > 2010))
                          Rows Removed by Filter: 2235638
Planning time: 1.218 ms
Execution time: 9068.210 ms
