Hash Join  (cost=262390.74..1249348.66 rows=6839714 width=0) (actual time=7277.758..29373.945 rows=17214102 loops=1)
  Hash Cond: (ci.movie_id = t.id)
  ->  Seq Scan on cast_info ci  (cost=0.00..796071.18 rows=8972321 width=4) (actual time=485.323..14546.428 rows=5094519 loops=1)
        Filter: ((person_id > 1032880) AND (role_id < 2))
        Rows Removed by Filter: 31149825
  ->  Hash  (cost=230766.64..230766.64 rows=1927528 width=8) (actual time=6791.086..6791.086 rows=2529592 loops=1)
        Buckets: 131072 (originally 131072)  Batches: 64 (originally 32)  Memory Usage: 4028kB
        ->  Hash Join  (cost=85280.32..230766.64 rows=1927528 width=8) (actual time=1634.965..5773.057 rows=2529592 loops=1)
              Hash Cond: (mk.movie_id = t.id)
              ->  Seq Scan on movie_keyword mk  (cost=0.00..69693.30 rows=4523930 width=4) (actual time=0.018..1439.580 rows=4523930 loops=1)
              ->  Hash  (cost=67604.59..67604.59 rows=1077339 width=4) (actual time=1633.786..1633.786 rows=1074765 loops=1)
                    Buckets: 131072  Batches: 16  Memory Usage: 3396kB
                    ->  Seq Scan on title t  (cost=0.00..67604.59 rows=1077339 width=4) (actual time=0.025..1257.578 rows=1074765 loops=1)
                          Filter: (production_year < 2001)
                          Rows Removed by Filter: 1453547
Planning time: 1.205 ms
Execution time: 31340.667 ms
