Hash Join  (cost=102767.86..1058889.42 rows=6240885 width=0) (actual time=1875.693..24690.275 rows=8571726 loops=1)
  Hash Cond: (ci.movie_id = t.id)
  ->  Seq Scan on cast_info ci  (cost=0.00..796071.18 rows=6240885 width=4) (actual time=0.022..15437.662 rows=8571726 loops=1)
        Filter: ((person_id > 1737074) AND (role_id > 3))
        Rows Removed by Filter: 27672618
  ->  Hash  (cost=61283.27..61283.27 rows=2528527 width=4) (actual time=1873.845..1873.845 rows=2528312 loops=1)
        Buckets: 131072  Batches: 64  Memory Usage: 2415kB
        ->  Seq Scan on title t  (cost=0.00..61283.27 rows=2528527 width=4) (actual time=0.020..1064.222 rows=2528312 loops=1)
Planning time: 0.814 ms
Execution time: 25688.538 ms
