Seq Scan on movie_keyword mk  (cost=0.00..81003.12 rows=863151 width=0) (actual time=0.017..1536.320 rows=872831 loops=1)
  Filter: (keyword_id > 21159)
  Rows Removed by Filter: 3651099
Planning time: 0.339 ms
Execution time: 1644.897 ms
