Seq Scan on movie_companies mc  (cost=0.00..57926.93 rows=977436 width=40) (actual time=0.024..1024.489 rows=1264441 loops=1)
  Filter: ((company_id < 62253) AND (company_type_id < 2))
  Rows Removed by Filter: 1344688
Planning time: 0.435 ms
Execution time: 1104.682 ms
