Hash Join  (cost=784015.15..3249710.43 rows=103805330 width=0) (actual time=18670.282..80618.129 rows=102451220 loops=1)
  Hash Cond: (ci.movie_id = t.id)
  ->  Seq Scan on cast_info ci  (cost=0.00..705507.15 rows=34069580 width=4) (actual time=0.011..17198.765 rows=34148132 loops=1)
        Filter: (person_id > 205608)
        Rows Removed by Filter: 2096212
  ->  Hash  (cost=657619.21..657619.21 rows=7704075 width=8) (actual time=18669.289..18669.289 rows=5132024 loops=1)
        Buckets: 131072  Batches: 128  Memory Usage: 2569kB
        ->  Hash Join  (cost=95609.53..657619.21 rows=7704075 width=8) (actual time=1940.699..16918.988 rows=5132024 loops=1)
              Hash Cond: (mi.movie_id = t.id)
              ->  Seq Scan on movie_info mi  (cost=0.00..309384.22 rows=14739122 width=4) (actual time=0.015..6098.110 rows=14835720 loops=1)
              ->  Hash  (cost=73925.90..73925.90 rows=1321650 width=4) (actual time=1939.684..1939.684 rows=1298128 loops=1)
                    Buckets: 131072  Batches: 32  Memory Usage: 2457kB
                    ->  Seq Scan on title t  (cost=0.00..73925.90 rows=1321650 width=4) (actual time=3.337..1513.294 rows=1298128 loops=1)
                          Filter: ((kind_id > 1) AND (production_year < 2009))
                          Rows Removed by Filter: 1230184
Planning time: 7.598 ms
Execution time: 91863.705 ms
