Seq Scan on title t  (cost=0.00..67604.59 rows=848797 width=0) (actual time=0.020..1078.780 rows=849141 loops=1)
  Filter: (production_year < 1996)
  Rows Removed by Filter: 1679171
Planning time: 0.287 ms
Execution time: 1190.579 ms
