Seq Scan on movie_companies mc  (cost=0.00..51404.11 rows=2573459 width=0) (actual time=0.018..977.555 rows=2574544 loops=1)
  Filter: (company_id < 203877)
  Rows Removed by Filter: 34585
Planning time: 0.222 ms
Execution time: 1298.010 ms
