Seq Scan on movie_keyword mk  (cost=0.00..81003.12 rows=246 width=0) (actual time=1.054..1226.959 rows=572 loops=1)
  Filter: (keyword_id = 785)
  Rows Removed by Filter: 4523358
Planning time: 0.382 ms
Execution time: 1227.279 ms
