Seq Scan on movie_companies mc  (cost=0.00..57926.93 rows=838689 width=0) (actual time=160.079..1058.968 rows=640398 loops=1)
  Filter: ((company_id > 2805) AND (company_type_id < 2))
  Rows Removed by Filter: 1968731
Planning time: 0.382 ms
Execution time: 1139.085 ms
