Hash Join  (cost=67697.55..150311.55 rows=1254 width=0) (actual time=1011.932..2228.746 rows=356 loops=1)
  Hash Cond: (mk.movie_id = t.id)
  ->  Seq Scan on movie_keyword mk  (cost=0.00..81003.12 rows=426223 width=4) (actual time=0.024..1148.876 rows=420340 loops=1)
        Filter: (keyword_id > 41472)
        Rows Removed by Filter: 4103590
  ->  Hash  (cost=67604.59..67604.59 rows=7437 width=4) (actual time=1011.626..1011.626 rows=3781 loops=1)
        Buckets: 8192  Batches: 1  Memory Usage: 197kB
        ->  Seq Scan on title t  (cost=0.00..67604.59 rows=7437 width=4) (actual time=271.456..1009.762 rows=3781 loops=1)
              Filter: (production_year = 1918)
              Rows Removed by Filter: 2524531
Planning time: 0.772 ms
Execution time: 2228.966 ms
