Seq Scan on title t  (cost=0.00..73925.90 rows=5474 width=0) (actual time=0.033..1233.936 rows=10147 loops=1)
  Filter: ((kind_id > 1) AND (production_year = 1978))
  Rows Removed by Filter: 2518165
Planning time: 0.390 ms
Execution time: 1236.267 ms
