Hash Join  (cost=102767.86..1433463.07 rows=25571327 width=0) (actual time=3545.457..39636.241 rows=25767064 loops=1)
  Hash Cond: (ci.movie_id = t.id)
  ->  Seq Scan on cast_info ci  (cost=0.00..705507.15 rows=25571327 width=4) (actual time=1152.903..15577.755 rows=25767064 loops=1)
        Filter: (person_id > 1029114)
        Rows Removed by Filter: 10477280
  ->  Hash  (cost=61283.27..61283.27 rows=2528527 width=4) (actual time=2391.625..2391.625 rows=2528312 loops=1)
        Buckets: 131072  Batches: 64  Memory Usage: 2415kB
        ->  Seq Scan on title t  (cost=0.00..61283.27 rows=2528527 width=4) (actual time=0.030..1019.171 rows=2528312 loops=1)
Planning time: 0.880 ms
Execution time: 42494.959 ms
