Hash Join  (cost=92883.59..1099689.75 rows=6598209 width=0) (actual time=1653.812..25788.222 rows=7128534 loops=1)
  Hash Cond: (ci.movie_id = t.id)
  ->  Seq Scan on cast_info ci  (cost=0.00..796071.18 rows=10827978 width=4) (actual time=22.683..14833.494 rows=12282921 loops=1)
        Filter: ((person_id < 1344171) AND (role_id < 8))
        Rows Removed by Filter: 23961423
  ->  Hash  (cost=67604.59..67604.59 rows=1540800 width=4) (actual time=1630.217..1630.217 rows=1543264 loops=1)
        Buckets: 131072  Batches: 32  Memory Usage: 2722kB
        ->  Seq Scan on title t  (cost=0.00..67604.59 rows=1540800 width=4) (actual time=168.853..1141.901 rows=1543264 loops=1)
              Filter: (kind_id = 7)
              Rows Removed by Filter: 985048
Planning time: 0.790 ms
Execution time: 26555.302 ms
