Seq Scan on movie_keyword mk  (cost=0.00..81003.12 rows=246 width=12) (actual time=14.591..1176.170 rows=24 loops=1)
  Filter: (keyword_id = 9344)
  Rows Removed by Filter: 4523906
Planning time: 0.375 ms
Execution time: 1176.204 ms
