Hash Join  (cost=75292.52..151527.07 rows=85903 width=0) (actual time=1153.104..3001.171 rows=60796 loops=1)
  Hash Cond: (mc.movie_id = t.id)
  ->  Seq Scan on movie_companies mc  (cost=0.00..44881.29 rows=2609129 width=4) (actual time=0.021..884.475 rows=2609129 loops=1)
  ->  Hash  (cost=73925.90..73925.90 rows=83249 width=4) (actual time=1152.152..1152.152 rows=101793 loops=1)
        Buckets: 131072  Batches: 2  Memory Usage: 2803kB
        ->  Seq Scan on title t  (cost=0.00..73925.90 rows=83249 width=4) (actual time=0.039..1113.822 rows=101793 loops=1)
              Filter: ((kind_id > 1) AND (production_year = 2007))
              Rows Removed by Filter: 2426519
Planning time: 0.786 ms
Execution time: 3010.264 ms
