Seq Scan on title t  (cost=0.00..73925.90 rows=474070 width=0) (actual time=357.671..1219.461 rows=496025 loops=1)
  Filter: ((production_year < 2009) AND (kind_id = 1))
  Rows Removed by Filter: 2032287
Planning time: 0.412 ms
Execution time: 1282.558 ms
