Hash Join  (cost=510374.62..1501328.36 rows=5759108 width=0) (actual time=9701.549..35086.020 rows=8690874 loops=1)
  Hash Cond: (ci.movie_id = t.id)
  ->  Seq Scan on cast_info ci  (cost=0.00..796071.18 rows=11443859 width=4) (actual time=0.021..15066.887 rows=13677855 loops=1)
        Filter: ((person_id < 1692991) AND (role_id < 4))
        Rows Removed by Filter: 22566489
  ->  Hash  (cost=489497.65..489497.65 rows=1272478 width=8) (actual time=9700.672..9700.672 rows=1325361 loops=1)
        Buckets: 131072  Batches: 32  Memory Usage: 2635kB
        ->  Hash Join  (cost=102767.86..489497.65 rows=1272478 width=8) (actual time=5581.896..9298.275 rows=1325361 loops=1)
              Hash Cond: (mi.movie_id = t.id)
              ->  Seq Scan on movie_info mi  (cost=0.00..346232.03 rows=1272478 width=4) (actual time=3463.056..5477.591 rows=1325361 loops=1)
                    Filter: (info_type_id = 8)
                    Rows Removed by Filter: 13510359
              ->  Hash  (cost=61283.27..61283.27 rows=2528527 width=4) (actual time=2114.008..2114.008 rows=2528312 loops=1)
                    Buckets: 131072  Batches: 64  Memory Usage: 2425kB
                    ->  Seq Scan on title t  (cost=0.00..61283.27 rows=2528527 width=4) (actual time=0.029..1035.226 rows=2528312 loops=1)
Planning time: 1.250 ms
Execution time: 36024.929 ms
