Hash Join  (cost=175152.67..690282.99 rows=3310540 width=0) (actual time=3835.942..16713.250 rows=2039498 loops=1)
  Hash Cond: (mi.movie_id = t.id)
  ->  Seq Scan on movie_info mi  (cost=0.00..309384.22 rows=14739122 width=4) (actual time=0.019..6072.631 rows=14835720 loops=1)
  ->  Hash  (cost=165834.54..165834.54 rows=567930 width=8) (actual time=3834.949..3834.949 rows=238558 loops=1)
        Buckets: 131072  Batches: 8  Memory Usage: 2178kB
        ->  Hash Join  (cost=82955.72..165834.54 rows=567930 width=8) (actual time=1776.087..3760.362 rows=238558 loops=1)
              Hash Cond: (mc.movie_id = t.id)
              ->  Seq Scan on movie_companies mc  (cost=0.00..44881.29 rows=2609129 width=4) (actual time=0.006..899.271 rows=2609129 loops=1)
              ->  Hash  (cost=73925.90..73925.90 rows=550385 width=4) (actual time=1485.447..1485.447 rows=602403 loops=1)
                    Buckets: 131072  Batches: 8  Memory Usage: 3672kB
                    ->  Seq Scan on title t  (cost=0.00..73925.90 rows=550385 width=4) (actual time=0.018..1289.481 rows=602403 loops=1)
                          Filter: ((production_year > 2006) AND (kind_id = 7))
                          Rows Removed by Filter: 1925909
Planning time: 1.171 ms
Execution time: 16962.821 ms
