Seq Scan on movie_companies mc  (cost=0.00..57926.93 rows=1236761 width=40) (actual time=102.369..1148.814 rows=1151862 loops=1)
  Filter: ((company_id < 119167) AND (company_type_id > 1))
  Rows Removed by Filter: 1457267
Planning time: 0.422 ms
Execution time: 1214.293 ms
