Seq Scan on cast_info ci  (cost=0.00..705507.15 rows=500 width=0) (actual time=1053.490..10623.890 rows=265 loops=1)
  Filter: (person_id = 1893651)
  Rows Removed by Filter: 36244079
Planning time: 0.411 ms
Execution time: 10624.057 ms
