Seq Scan on cast_info ci  (cost=0.00..796071.18 rows=28914 width=0) (actual time=10571.407..11879.679 rows=181736 loops=1)
  Filter: ((person_id > 3496421) AND (role_id > 10))
  Rows Removed by Filter: 36062608
Planning time: 2.309 ms
Execution time: 11900.023 ms
