Seq Scan on movie_keyword mk  (cost=0.00..81003.12 rows=246 width=0) (actual time=7.259..1243.833 rows=20 loops=1)
  Filter: (keyword_id = 18281)
  Rows Removed by Filter: 4523910
Planning time: 0.391 ms
Execution time: 1243.936 ms
