Hash Join  (cost=83074.74..143194.27 rows=226 width=0) (actual time=1283.410..2593.176 rows=1156 loops=1)
  Hash Cond: (mc.movie_id = t.id)
  ->  Seq Scan on movie_companies mc  (cost=0.00..51404.11 rows=2323506 width=4) (actual time=0.018..994.611 rows=2321170 loops=1)
        Filter: (company_id < 95094)
        Rows Removed by Filter: 287959
  ->  Hash  (cost=83071.67..83071.67 rows=246 width=8) (actual time=1275.254..1275.254 rows=164 loops=1)
        Buckets: 1024  Batches: 1  Memory Usage: 15kB
        ->  Nested Loop  (cost=0.43..83071.67 rows=246 width=8) (actual time=0.114..1275.066 rows=164 loops=1)
              ->  Seq Scan on movie_keyword mk  (cost=0.00..81003.12 rows=246 width=4) (actual time=0.058..1266.882 rows=164 loops=1)
                    Filter: (keyword_id = 21332)
                    Rows Removed by Filter: 4523766
              ->  Index Only Scan using title_pkey on title t  (cost=0.43..8.40 rows=1 width=4) (actual time=0.046..0.047 rows=1 loops=164)
                    Index Cond: (id = mk.movie_id)
                    Heap Fetches: 164
Planning time: 1.206 ms
Execution time: 2593.495 ms
