Hash Join  (cost=206261.97..1325621.49 rows=3920541 width=0) (actual time=4005.714..31523.240 rows=1843946 loops=1)
  Hash Cond: (ci.movie_id = t.id)
  ->  Seq Scan on cast_info ci  (cost=0.00..614943.12 rows=36225612 width=4) (actual time=0.019..13124.373 rows=36244344 loops=1)
  ->  Hash  (cost=201772.33..201772.33 rows=273651 width=8) (actual time=4004.572..4004.572 rows=53022 loops=1)
        Buckets: 131072  Batches: 4  Memory Usage: 1540kB
        ->  Hash Join  (cost=76435.78..201772.33 rows=273651 width=8) (actual time=1270.953..3980.487 rows=53022 loops=1)
              Hash Cond: (mk.movie_id = t.id)
              ->  Seq Scan on movie_keyword mk  (cost=0.00..69693.30 rows=4523930 width=4) (actual time=0.019..1322.177 rows=4523930 loops=1)
              ->  Hash  (cost=73925.90..73925.90 rows=152950 width=4) (actual time=1269.317..1269.317 rows=157522 loops=1)
                    Buckets: 131072  Batches: 2  Memory Usage: 3801kB
                    ->  Seq Scan on title t  (cost=0.00..73925.90 rows=152950 width=4) (actual time=0.021..1208.826 rows=157522 loops=1)
                          Filter: ((kind_id > 3) AND (production_year > 2011))
                          Rows Removed by Filter: 2370790
Planning time: 1.199 ms
Execution time: 31761.257 ms
