Nested Loop  (cost=0.43..83071.67 rows=246 width=0) (actual time=0.355..1135.152 rows=191 loops=1)
  ->  Seq Scan on movie_keyword mk  (cost=0.00..81003.12 rows=246 width=4) (actual time=0.294..1123.831 rows=191 loops=1)
        Filter: (keyword_id = 1920)
        Rows Removed by Filter: 4523739
  ->  Index Only Scan using title_pkey on title t  (cost=0.43..8.40 rows=1 width=4) (actual time=0.056..0.056 rows=1 loops=191)
        Index Cond: (id = mk.movie_id)
        Heap Fetches: 191
Planning time: 0.745 ms
Execution time: 1135.330 ms
