Hash Join  (cost=258359.92..1573125.47 rows=22942444 width=0) (actual time=7370.081..87086.414 rows=178688908 loops=1)
  Hash Cond: (ci.movie_id = t.id)
  ->  Seq Scan on cast_info ci  (cost=0.00..614943.12 rows=36225612 width=4) (actual time=0.020..13667.690 rows=36244344 loops=1)
  ->  Hash  (cost=232086.81..232086.81 rows=1601369 width=8) (actual time=7367.995..7367.995 rows=3495372 loops=1)
        Buckets: 131072 (originally 131072)  Batches: 64 (originally 32)  Memory Usage: 3200kB
        ->  Hash Join  (cost=83810.17..232086.81 rows=1601369 width=8) (actual time=1510.321..6343.007 rows=3495372 loops=1)
              Hash Cond: (mk.movie_id = t.id)
              ->  Seq Scan on movie_keyword mk  (cost=0.00..81003.12 rows=4099418 width=4) (actual time=0.025..1955.319 rows=4087742 loops=1)
                    Filter: (keyword_id > 335)
                    Rows Removed by Filter: 436188
              ->  Hash  (cost=67604.59..67604.59 rows=987727 width=4) (actual time=1509.251..1509.251 rows=985048 loops=1)
                    Buckets: 131072  Batches: 16  Memory Usage: 3197kB
                    ->  Seq Scan on title t  (cost=0.00..67604.59 rows=987727 width=4) (actual time=2.272..1178.055 rows=985048 loops=1)
                          Filter: (kind_id < 7)
                          Rows Removed by Filter: 1543264
Planning time: 1.081 ms
Execution time: 106970.794 ms
