Hash Join  (cost=129928.86..546920.61 rows=809768 width=169) (actual time=4148.202..10548.631 rows=802140 loops=1)
  Hash Cond: (mi.movie_id = t.id)
  ->  Seq Scan on movie_info mi  (cost=0.00..346232.03 rows=809768 width=75) (actual time=1549.277..6155.498 rows=802140 loops=1)
        Filter: (info_type_id < 2)
        Rows Removed by Filter: 14033580
  ->  Hash  (cost=61283.27..61283.27 rows=2528527 width=94) (actual time=2598.310..2598.310 rows=2528312 loops=1)
        Buckets: 32768  Batches: 128  Memory Usage: 2470kB
        ->  Seq Scan on title t  (cost=0.00..61283.27 rows=2528527 width=94) (actual time=0.021..1274.646 rows=2528312 loops=1)
Planning time: 0.935 ms
Execution time: 10593.650 ms
