Seq Scan on cast_info ci  (cost=0.00..705507.15 rows=14306020 width=0) (actual time=0.023..12343.285 rows=14240564 loops=1)
  Filter: (person_id < 1402402)
  Rows Removed by Filter: 22003780
Planning time: 0.383 ms
Execution time: 14108.810 ms
