Seq Scan on title t  (cost=0.00..73925.90 rows=2531 width=0) (actual time=0.037..1110.020 rows=7702 loops=1)
  Filter: ((kind_id < 4) AND (production_year = 1991))
  Rows Removed by Filter: 2520610
Planning time: 0.380 ms
Execution time: 1111.811 ms
