Seq Scan on movie_keyword mk  (cost=0.00..81003.12 rows=246 width=0) (actual time=54.859..1188.675 rows=31 loops=1)
  Filter: (keyword_id = 7210)
  Rows Removed by Filter: 4523899
Planning time: 0.921 ms
Execution time: 1188.793 ms
