Seq Scan on movie_companies mc  (cost=0.00..57926.93 rows=1264294 width=0) (actual time=0.016..1204.855 rows=1312144 loops=1)
  Filter: ((company_id > 19) AND (company_type_id = 2))
  Rows Removed by Filter: 1296985
Planning time: 0.423 ms
Execution time: 1367.170 ms
