Hash Join  (cost=709678.15..1061725.99 rows=307 width=0) (actual time=12970.028..17767.902 rows=48 loops=1)
  Hash Cond: (mi.movie_id = t.id)
  ->  Seq Scan on movie_info mi  (cost=0.00..346232.03 rows=1550064 width=4) (actual time=1260.181..5874.244 rows=1533909 loops=1)
        Filter: (info_type_id = 3)
        Rows Removed by Filter: 13301811
  ->  Hash  (cost=709671.90..709671.90 rows=500 width=8) (actual time=11646.745..11646.745 rows=2046 loops=1)
        Buckets: 2048 (originally 1024)  Batches: 1 (originally 1)  Memory Usage: 96kB
        ->  Nested Loop  (cost=0.43..709671.90 rows=500 width=8) (actual time=11234.148..11645.880 rows=2046 loops=1)
              ->  Seq Scan on cast_info ci  (cost=0.00..705507.15 rows=500 width=4) (actual time=11234.049..11613.524 rows=2046 loops=1)
                    Filter: (person_id = 3601621)
                    Rows Removed by Filter: 36242298
              ->  Index Only Scan using title_pkey on title t  (cost=0.43..8.32 rows=1 width=4) (actual time=0.015..0.015 rows=1 loops=2046)
                    Index Cond: (id = ci.movie_id)
                    Heap Fetches: 2046
Planning time: 0.876 ms
Execution time: 17768.005 ms
