Hash Join  (cost=80887.74..1177138.38 rows=6078947 width=0) (actual time=1282.435..30495.035 rows=3276956 loops=1)
  Hash Cond: (ci.movie_id = t.id)
  ->  Seq Scan on cast_info ci  (cost=0.00..614943.12 rows=36225612 width=4) (actual time=0.017..13056.758 rows=36244344 loops=1)
  ->  Hash  (cost=73925.90..73925.90 rows=424307 width=4) (actual time=1281.369..1281.369 rows=281315 loops=1)
        Buckets: 131072  Batches: 8  Memory Usage: 2250kB
        ->  Seq Scan on title t  (cost=0.00..73925.90 rows=424307 width=4) (actual time=0.023..1187.849 rows=281315 loops=1)
              Filter: ((kind_id > 1) AND (production_year < 1984))
              Rows Removed by Filter: 2246997
Planning time: 0.828 ms
Execution time: 30858.392 ms
