Hash Join  (cost=73962.22..442376.57 rows=6775 width=0) (actual time=1138.456..7954.056 rows=43386 loops=1)
  Hash Cond: (mi.movie_id = t.id)
  ->  Seq Scan on movie_info mi  (cost=0.00..346232.03 rows=5897221 width=4) (actual time=0.012..5824.873 rows=5884963 loops=1)
        Filter: (info_type_id < 7)
        Rows Removed by Filter: 8950757
  ->  Hash  (cost=73925.90..73925.90 rows=2905 width=4) (actual time=1138.393..1138.393 rows=9474 loops=1)
        Buckets: 16384 (originally 4096)  Batches: 1 (originally 1)  Memory Usage: 462kB
        ->  Seq Scan on title t  (cost=0.00..73925.90 rows=2905 width=4) (actual time=0.062..1133.898 rows=9474 loops=1)
              Filter: ((kind_id < 7) AND (production_year = 1991))
              Rows Removed by Filter: 2518838
Planning time: 0.789 ms
Execution time: 7961.387 ms
