Seq Scan on movie_keyword mk  (cost=0.00..81003.12 rows=2473045 width=12) (actual time=0.010..1483.582 rows=2465197 loops=1)
  Filter: (keyword_id > 3660)
  Rows Removed by Filter: 2058733
Planning time: 0.342 ms
Execution time: 1631.825 ms
