Nested Loop  (cost=0.43..130389.43 rows=7087 width=0) (actual time=0.783..1510.821 rows=7495 loops=1)
  ->  Seq Scan on movie_keyword mk  (cost=0.00..81003.12 rows=7087 width=4) (actual time=0.735..1311.824 rows=7495 loops=1)
        Filter: (keyword_id = 889)
        Rows Removed by Filter: 4516435
  ->  Index Only Scan using title_pkey on title t  (cost=0.43..6.96 rows=1 width=4) (actual time=0.025..0.026 rows=1 loops=7495)
        Index Cond: (id = mk.movie_id)
        Heap Fetches: 7495
Planning time: 0.770 ms
Execution time: 1512.990 ms
