Hash Join  (cost=163027.51..545980.63 rows=9475 width=0) (actual time=3085.610..11085.037 rows=621897 loops=1)
  Hash Cond: (mi.movie_id = t.id)
  ->  Seq Scan on movie_info mi  (cost=0.00..346232.03 rows=9767026 width=4) (actual time=96.084..6356.116 rows=9911754 loops=1)
        Filter: (info_type_id > 4)
        Rows Removed by Filter: 4923966
  ->  Hash  (cost=162996.85..162996.85 rows=2453 width=8) (actual time=2982.540..2982.540 rows=13993 loops=1)
        Buckets: 16384 (originally 4096)  Batches: 1 (originally 1)  Memory Usage: 675kB
        ->  Hash Join  (cost=73962.22..162996.85 rows=2453 width=8) (actual time=1158.563..2977.381 rows=13993 loops=1)
              Hash Cond: (mk.movie_id = t.id)
              ->  Seq Scan on movie_keyword mk  (cost=0.00..81003.12 rows=2135193 width=4) (actual time=0.024..1478.235 rows=2136601 loops=1)
                    Filter: (keyword_id > 5526)
                    Rows Removed by Filter: 2387329
              ->  Hash  (cost=73925.90..73925.90 rows=2905 width=4) (actual time=1152.246..1152.246 rows=5914 loops=1)
                    Buckets: 8192 (originally 4096)  Batches: 1 (originally 1)  Memory Usage: 272kB
                    ->  Seq Scan on title t  (cost=0.00..73925.90 rows=2905 width=4) (actual time=0.227..1149.135 rows=5914 loops=1)
                          Filter: ((kind_id < 7) AND (production_year = 1974))
                          Rows Removed by Filter: 2522398
Planning time: 1.208 ms
Execution time: 11162.477 ms
