Hash Join  (cost=1106476.65..2139956.19 rows=41529920 width=0) (actual time=23454.333..66862.262 rows=107821598 loops=1)
  Hash Cond: (mi.movie_id = t.id)
  ->  Seq Scan on movie_info mi  (cost=0.00..309384.22 rows=14739122 width=4) (actual time=0.023..6534.916 rows=14835720 loops=1)
  ->  Hash  (cost=989588.85..989588.85 rows=7124544 width=8) (actual time=23452.754..23452.754 rows=7192205 loops=1)
        Buckets: 131072  Batches: 128  Memory Usage: 3239kB
        ->  Hash Join  (cost=102767.86..989588.85 rows=7124544 width=8) (actual time=2039.082..21327.655 rows=7192205 loops=1)
              Hash Cond: (ci.movie_id = t.id)
              ->  Seq Scan on cast_info ci  (cost=0.00..705507.15 rows=7124544 width=4) (actual time=0.035..12722.718 rows=7192205 loops=1)
                    Filter: (person_id > 2948841)
                    Rows Removed by Filter: 29052139
              ->  Hash  (cost=61283.27..61283.27 rows=2528527 width=4) (actual time=2038.086..2038.086 rows=2528312 loops=1)
                    Buckets: 131072  Batches: 64  Memory Usage: 2415kB
                    ->  Seq Scan on title t  (cost=0.00..61283.27 rows=2528527 width=4) (actual time=0.013..1168.087 rows=2528312 loops=1)
Planning time: 2.196 ms
Execution time: 79067.400 ms
