Hash Join  (cost=242982.78..1286603.80 rows=9016628 width=0) (actual time=5389.382..25153.565 rows=9690508 loops=1)
  Hash Cond: (ci.movie_id = t.id)
  ->  Seq Scan on cast_info ci  (cost=0.00..796071.18 rows=11688911 width=4) (actual time=0.030..13915.614 rows=5201955 loops=1)
        Filter: ((person_id < 1771361) AND (role_id > 1))
        Rows Removed by Filter: 31042389
  ->  Hash  (cost=210982.99..210982.99 rows=1950463 width=8) (actual time=5387.848..5387.848 rows=1945211 loops=1)
        Buckets: 131072  Batches: 32  Memory Usage: 3358kB
        ->  Hash Join  (cost=102767.86..210982.99 rows=1950463 width=8) (actual time=1926.281..4889.141 rows=1945211 loops=1)
              Hash Cond: (mc.movie_id = t.id)
              ->  Seq Scan on movie_companies mc  (cost=0.00..51404.11 rows=1950463 width=4) (actual time=0.023..1039.590 rows=1945211 loops=1)
                    Filter: (company_id < 51787)
                    Rows Removed by Filter: 663918
              ->  Hash  (cost=61283.27..61283.27 rows=2528527 width=4) (actual time=1924.859..1924.859 rows=2528312 loops=1)
                    Buckets: 131072  Batches: 64  Memory Usage: 2415kB
                    ->  Seq Scan on title t  (cost=0.00..61283.27 rows=2528527 width=4) (actual time=0.013..1090.125 rows=2528312 loops=1)
Planning time: 1.246 ms
Execution time: 26291.743 ms
