Hash Join  (cost=77074.68..114903.23 rows=21145 width=144) (actual time=1095.602..1711.301 rows=58000 loops=1)
  Hash Cond: (mi_idx.movie_id = t.id)
  ->  Seq Scan on movie_info_idx mi_idx  (cost=0.00..25185.44 rows=460978 width=50) (actual time=0.010..214.586 rows=459925 loops=1)
        Filter: (info_type_id < 100)
        Rows Removed by Filter: 920110
  ->  Hash  (cost=73925.90..73925.90 rows=115982 width=94) (actual time=1094.660..1094.660 rows=239442 loops=1)
        Buckets: 32768 (originally 32768)  Batches: 8 (originally 4)  Memory Usage: 3841kB
        ->  Seq Scan on title t  (cost=0.00..73925.90 rows=115982 width=94) (actual time=0.014..1001.852 rows=239442 loops=1)
              Filter: ((kind_id < 3) AND (production_year < 1971))
              Rows Removed by Filter: 2288870
Planning time: 2.312 ms
Execution time: 1715.140 ms
