Hash Join  (cost=74181.07..161204.33 rows=36522 width=0) (actual time=1186.341..3049.928 rows=96120 loops=1)
  Hash Cond: (mk.movie_id = t.id)
  ->  Seq Scan on movie_keyword mk  (cost=0.00..69693.30 rows=4523930 width=4) (actual time=0.018..1017.179 rows=4523930 loops=1)
  ->  Hash  (cost=73925.90..73925.90 rows=20413 width=4) (actual time=1186.103..1186.103 rows=17357 loops=1)
        Buckets: 32768  Batches: 1  Memory Usage: 867kB
        ->  Seq Scan on title t  (cost=0.00..73925.90 rows=20413 width=4) (actual time=0.086..1178.121 rows=17357 loops=1)
              Filter: ((kind_id < 7) AND (production_year = 2000))
              Rows Removed by Filter: 2510955
Planning time: 0.550 ms
Execution time: 3062.333 ms
