Hash Join  (cost=441379.89..480164.51 rows=63614 width=0) (actual time=6921.460..7349.375 rows=23883 loops=1)
  Hash Cond: (mi_idx.movie_id = t.id)
  ->  Seq Scan on movie_info_idx mi_idx  (cost=0.00..21735.35 rows=1380035 width=4) (actual time=0.031..411.337 rows=1380035 loops=1)
  ->  Hash  (cost=439466.95..439466.95 rows=116555 width=8) (actual time=6508.729..6508.729 rows=12365 loops=1)
        Buckets: 131072  Batches: 2  Memory Usage: 1267kB
        ->  Hash Join  (cost=84171.54..439466.95 rows=116555 width=8) (actual time=1488.428..6499.296 rows=12365 loops=1)
              Hash Cond: (mi.movie_id = t.id)
              ->  Seq Scan on movie_info mi  (cost=0.00..346232.03 rows=471955 width=4) (actual time=11.805..4794.996 rows=543367 loops=1)
                    Filter: (info_type_id > 98)
                    Rows Removed by Filter: 14292353
              ->  Hash  (cost=73925.90..73925.90 rows=624451 width=4) (actual time=1393.464..1393.464 rows=521141 loops=1)
                    Buckets: 131072  Batches: 16  Memory Usage: 2174kB
                    ->  Seq Scan on title t  (cost=0.00..73925.90 rows=624451 width=4) (actual time=0.020..1217.096 rows=521141 loops=1)
                          Filter: ((production_year < 2000) AND (kind_id = 7))
                          Rows Removed by Filter: 2007171
Planning time: 1.264 ms
Execution time: 7352.084 ms
