Hash Join  (cost=76590.05..202131.46 rows=290437 width=0) (actual time=1339.582..4582.599 rows=57914 loops=1)
  Hash Cond: (mk.movie_id = t.id)
  ->  Seq Scan on movie_keyword mk  (cost=0.00..69693.30 rows=4523930 width=4) (actual time=0.018..1568.308 rows=4523930 loops=1)
  ->  Hash  (cost=73925.90..73925.90 rows=162332 width=4) (actual time=1335.134..1335.134 rows=162218 loops=1)
        Buckets: 131072  Batches: 4  Memory Usage: 2469kB
        ->  Seq Scan on title t  (cost=0.00..73925.90 rows=162332 width=4) (actual time=0.033..1272.728 rows=162218 loops=1)
              Filter: ((kind_id > 2) AND (production_year > 2011))
              Rows Removed by Filter: 2366094
Planning time: 0.569 ms
Execution time: 4590.451 ms
