Nested Loop  (cost=44377.22..139120.36 rows=9125 width=0) (actual time=914.788..3455.704 rows=49681 loops=1)
  Join Filter: (mc.movie_id = t.id)
  ->  Hash Join  (cost=44376.79..111225.03 rows=47248 width=8) (actual time=914.727..2817.854 rows=49681 loops=1)
        Hash Cond: (mc.movie_id = mi_idx.movie_id)
        ->  Seq Scan on movie_companies mc  (cost=0.00..57926.93 rows=16719 width=4) (actual time=0.367..1029.259 rows=35517 loops=1)
              Filter: ((company_type_id < 2) AND (company_id = 160))
              Rows Removed by Filter: 2573612
        ->  Hash  (cost=21735.35..21735.35 rows=1380035 width=4) (actual time=913.073..913.073 rows=1380035 loops=1)
              Buckets: 131072  Batches: 32  Memory Usage: 2540kB
              ->  Seq Scan on movie_info_idx mi_idx  (cost=0.00..21735.35 rows=1380035 width=4) (actual time=0.021..499.139 rows=1380035 loops=1)
  ->  Index Only Scan using title_pkey on title t  (cost=0.43..0.58 rows=1 width=4) (actual time=0.012..0.012 rows=1 loops=49681)
        Index Cond: (id = mi_idx.movie_id)
        Heap Fetches: 49681
Planning time: 1.129 ms
Execution time: 3465.120 ms
