Hash Join  (cost=69460.45..1114397.51 rows=925306 width=0) (actual time=999.802..25628.753 rows=1008776 loops=1)
  Hash Cond: (ci.movie_id = t.id)
  ->  Seq Scan on cast_info ci  (cost=0.00..796071.18 rows=20685019 width=4) (actual time=0.028..15463.484 rows=20689122 loops=1)
        Filter: ((person_id < 2091704) AND (role_id < 11))
        Rows Removed by Filter: 15555222
  ->  Hash  (cost=67604.59..67604.59 rows=113109 width=4) (actual time=998.926..998.926 rows=119565 loops=1)
        Buckets: 131072  Batches: 2  Memory Usage: 3115kB
        ->  Seq Scan on title t  (cost=0.00..67604.59 rows=113109 width=4) (actual time=0.021..952.595 rows=119565 loops=1)
              Filter: (production_year = 2007)
              Rows Removed by Filter: 2408747
Planning time: 0.891 ms
Execution time: 25754.072 ms
