Seq Scan on title t  (cost=0.00..73925.90 rows=832012 width=94) (actual time=0.029..1225.075 rows=923009 loops=1)
  Filter: ((kind_id > 3) AND (production_year > 2002))
  Rows Removed by Filter: 1605303
Planning time: 0.490 ms
Execution time: 1280.079 ms
