Seq Scan on movie_keyword mk  (cost=0.00..81003.12 rows=6334 width=0) (actual time=0.176..1205.742 rows=5403 loops=1)
  Filter: (keyword_id = 107)
  Rows Removed by Filter: 4518527
Planning time: 0.376 ms
Execution time: 1207.130 ms
