Nested Loop  (cost=91320.84..490320.83 rows=1178 width=0) (actual time=5110.003..10137.570 rows=503660 loops=1)
  Join Filter: (mi.movie_id = t.id)
  ->  Hash Join  (cost=91320.41..467540.58 rows=30427 width=8) (actual time=5098.764..6941.719 rows=545423 loops=1)
        Hash Cond: (mi.movie_id = mk.movie_id)
        ->  Seq Scan on movie_info mi  (cost=0.00..346232.03 rows=17937 width=4) (actual time=3480.912..4975.415 rows=140065 loops=1)
              Filter: (info_type_id = 9)
              Rows Removed by Filter: 14695655
        ->  Hash  (cost=81003.12..81003.12 rows=628823 width=4) (actual time=1615.716..1615.716 rows=631117 loops=1)
              Buckets: 131072  Batches: 16  Memory Usage: 2512kB
              ->  Seq Scan on movie_keyword mk  (cost=0.00..81003.12 rows=628823 width=4) (actual time=0.038..1403.671 rows=631117 loops=1)
                    Filter: (keyword_id > 29072)
                    Rows Removed by Filter: 3892813
  ->  Index Scan using title_pkey on title t  (cost=0.43..0.74 rows=1 width=4) (actual time=0.005..0.005 rows=1 loops=545423)
        Index Cond: (id = mk.movie_id)
        Filter: (kind_id = 1)
        Rows Removed by Filter: 0
Planning time: 4.472 ms
Execution time: 10217.507 ms
