Hash Join  (cost=68058.67..414360.54 rows=258 width=0) (actual time=4432.122..5075.132 rows=235 loops=1)
  Hash Cond: (mi.movie_id = t.id)
  ->  Seq Scan on movie_info mi  (cost=0.00..346232.03 rows=17937 width=4) (actual time=3414.984..4062.995 rows=6142 loops=1)
        Filter: (info_type_id = 46)
        Rows Removed by Filter: 14829578
  ->  Hash  (cost=67604.59..67604.59 rows=36327 width=4) (actual time=1009.115..1009.115 rows=36509 loops=1)
        Buckets: 65536  Batches: 1  Memory Usage: 1796kB
        ->  Seq Scan on title t  (cost=0.00..67604.59 rows=36327 width=4) (actual time=0.028..993.186 rows=36509 loops=1)
              Filter: (production_year = 1996)
              Rows Removed by Filter: 2491803
Planning time: 0.788 ms
Execution time: 5075.339 ms
