Hash Join  (cost=88921.42..483739.60 rows=10247 width=0) (actual time=888.442..9631.119 rows=169726 loops=1)
  Hash Cond: (mi.movie_id = t.id)
  ->  Seq Scan on movie_info mi  (cost=0.00..346232.03 rows=12928982 width=4) (actual time=0.011..6544.197 rows=12970088 loops=1)
        Filter: (info_type_id < 18)
        Rows Removed by Filter: 1865632
  ->  Hash  (cost=88896.37..88896.37 rows=2004 width=8) (actual time=888.324..888.324 rows=5131 loops=1)
        Buckets: 8192 (originally 2048)  Batches: 1 (originally 1)  Memory Usage: 265kB
        ->  Nested Loop  (cost=0.43..88896.37 rows=2004 width=8) (actual time=0.528..885.705 rows=5131 loops=1)
              ->  Seq Scan on movie_companies mc  (cost=0.00..51404.11 rows=5131 width=4) (actual time=0.480..777.278 rows=5164 loops=1)
                    Filter: (company_id = 1709)
                    Rows Removed by Filter: 2603965
              ->  Index Scan using title_pkey on title t  (cost=0.43..7.30 rows=1 width=4) (actual time=0.020..0.020 rows=1 loops=5164)
                    Index Cond: (id = mc.movie_id)
                    Filter: (kind_id < 7)
                    Rows Removed by Filter: 0
Planning time: 1.204 ms
Execution time: 9655.462 ms
