Hash Join  (cost=78442.47..575368.80 rows=1604440 width=0) (actual time=1630.185..13112.049 rows=715054 loops=1)
  Hash Cond: (mi.movie_id = t.id)
  ->  Seq Scan on movie_info mi  (cost=0.00..309384.22 rows=14739122 width=4) (actual time=0.020..5604.938 rows=14835720 loops=1)
  ->  Hash  (cost=73925.90..73925.90 rows=275245 width=4) (actual time=1358.089..1358.089 rows=145521 loops=1)
        Buckets: 131072  Batches: 4  Memory Usage: 2308kB
        ->  Seq Scan on title t  (cost=0.00..73925.90 rows=275245 width=4) (actual time=0.017..1298.906 rows=145521 loops=1)
              Filter: ((kind_id > 3) AND (production_year < 1973))
              Rows Removed by Filter: 2382791
Planning time: 0.717 ms
Execution time: 13199.956 ms
