Seq Scan on movie_keyword mk  (cost=0.00..81003.12 rows=3893401 width=0) (actual time=0.025..1647.394 rows=3894383 loops=1)
  Filter: (keyword_id > 490)
  Rows Removed by Filter: 629547
Planning time: 0.375 ms
Execution time: 2175.859 ms
