Seq Scan on movie_keyword mk  (cost=0.00..81003.12 rows=246 width=0) (actual time=0.318..1228.715 rows=881 loops=1)
  Filter: (keyword_id = 3181)
  Rows Removed by Filter: 4523049
Planning time: 0.355 ms
Execution time: 1229.131 ms
