Seq Scan on movie_companies mc  (cost=0.00..57926.93 rows=910 width=0) (actual time=104.628..716.094 rows=3969 loops=1)
  Filter: ((company_id < 6) AND (company_type_id = 1))
  Rows Removed by Filter: 2605160
Planning time: 0.386 ms
Execution time: 716.869 ms
