Hash Join  (cost=80419.10..831370.58 rows=16232 width=0) (actual time=835.076..17242.070 rows=31296 loops=1)
  Hash Cond: (ci.movie_id = t.id)
  ->  Seq Scan on cast_info ci  (cost=0.00..614943.12 rows=36225612 width=4) (actual time=0.023..8807.681 rows=36244344 loops=1)
  ->  Hash  (cost=80404.93..80404.93 rows=1133 width=8) (actual time=834.440..834.440 rows=3112 loops=1)
        Buckets: 4096 (originally 2048)  Batches: 1 (originally 1)  Memory Usage: 154kB
        ->  Nested Loop  (cost=0.43..80404.93 rows=1133 width=8) (actual time=0.106..832.755 rows=3112 loops=1)
              ->  Seq Scan on movie_companies mc  (cost=0.00..57926.93 rows=2900 width=4) (actual time=0.058..761.995 rows=3254 loops=1)
                    Filter: ((company_id = 73) AND (company_type_id = 1))
                    Rows Removed by Filter: 2605875
              ->  Index Scan using title_pkey on title t  (cost=0.43..7.74 rows=1 width=4) (actual time=0.020..0.021 rows=1 loops=3254)
                    Index Cond: (id = mc.movie_id)
                    Filter: (kind_id < 7)
                    Rows Removed by Filter: 0
Planning time: 1.220 ms
Execution time: 17248.417 ms
