Seq Scan on movie_keyword mk  (cost=0.00..81003.12 rows=3926402 width=0) (actual time=0.015..1587.425 rows=3921959 loops=1)
  Filter: (keyword_id > 445)
  Rows Removed by Filter: 601971
Planning time: 0.349 ms
Execution time: 2081.800 ms
