Hash Join  (cost=97066.09..195930.88 rows=1442316 width=0) (actual time=1640.570..4519.954 rows=1637101 loops=1)
  Hash Cond: (mc.movie_id = t.id)
  ->  Seq Scan on movie_companies mc  (cost=0.00..51404.11 rows=2030904 width=4) (actual time=0.029..951.989 rows=2025906 loops=1)
        Filter: (company_id < 71001)
        Rows Removed by Filter: 583223
  ->  Hash  (cost=67604.59..67604.59 rows=1795720 width=4) (actual time=1639.006..1639.006 rows=1794153 loops=1)
        Buckets: 131072  Batches: 32  Memory Usage: 2992kB
        ->  Seq Scan on title t  (cost=0.00..67604.59 rows=1795720 width=4) (actual time=0.035..1055.306 rows=1794153 loops=1)
              Filter: (production_year < 2009)
              Rows Removed by Filter: 734159
Planning time: 0.757 ms
Execution time: 4728.525 ms
