Hash Join  (cost=102767.86..210076.58 rows=682683 width=0) (actual time=1956.222..4259.820 rows=688716 loops=1)
  Hash Cond: (mk.movie_id = t.id)
  ->  Seq Scan on movie_keyword mk  (cost=0.00..81003.12 rows=682683 width=4) (actual time=0.028..1379.640 rows=688716 loops=1)
        Filter: (keyword_id > 27340)
        Rows Removed by Filter: 3835214
  ->  Hash  (cost=61283.27..61283.27 rows=2528527 width=4) (actual time=1955.183..1955.183 rows=2528312 loops=1)
        Buckets: 131072  Batches: 64  Memory Usage: 2425kB
        ->  Seq Scan on title t  (cost=0.00..61283.27 rows=2528527 width=4) (actual time=0.020..1064.391 rows=2528312 loops=1)
Planning time: 0.765 ms
Execution time: 4335.062 ms
