Seq Scan on movie_companies mc  (cost=0.00..51404.11 rows=691040 width=0) (actual time=0.021..831.976 rows=696583 loops=1)
  Filter: (company_id > 46040)
  Rows Removed by Filter: 1912546
Planning time: 0.375 ms
Execution time: 919.612 ms
