Hash Join  (cost=101842.76..202570.12 rows=498009 width=134) (actual time=1949.792..4352.493 rows=328202 loops=1)
  Hash Cond: (mc.movie_id = t.id)
  ->  Seq Scan on movie_companies mc  (cost=0.00..57926.93 rows=998489 width=40) (actual time=0.028..1138.002 rows=857877 loops=1)
        Filter: ((company_id > 604) AND (company_type_id < 2))
        Rows Removed by Filter: 1751252
  ->  Hash  (cost=67604.59..67604.59 rows=1261134 width=94) (actual time=1947.742..1947.742 rows=1260295 loops=1)
        Buckets: 32768  Batches: 64  Memory Usage: 2485kB
        ->  Seq Scan on title t  (cost=0.00..67604.59 rows=1261134 width=94) (actual time=0.018..1370.879 rows=1260295 loops=1)
              Filter: (production_year > 2002)
              Rows Removed by Filter: 1268017
Planning time: 4.404 ms
Execution time: 4370.544 ms
