Hash Join  (cost=175395.75..662611.87 rows=694419 width=0) (actual time=3496.032..16654.017 rows=4185817 loops=1)
  Hash Cond: (mi.movie_id = t.id)
  ->  Seq Scan on movie_info mi  (cost=0.00..309384.22 rows=14739122 width=4) (actual time=0.021..5621.880 rows=14835720 loops=1)
  ->  Hash  (cost=173440.64..173440.64 rows=119129 width=8) (actual time=3495.142..3495.142 rows=235228 loops=1)
        Buckets: 131072 (originally 131072)  Batches: 4 (originally 2)  Memory Usage: 3333kB
        ->  Hash Join  (cost=102767.86..173440.64 rows=119129 width=8) (actual time=2153.753..3409.153 rows=235228 loops=1)
              Hash Cond: (mc.movie_id = t.id)
              ->  Seq Scan on movie_companies mc  (cost=0.00..57926.93 rows=119129 width=4) (actual time=290.476..882.011 rows=235228 loops=1)
                    Filter: ((company_id > 104098) AND (company_type_id > 1))
                    Rows Removed by Filter: 2373901
              ->  Hash  (cost=61283.27..61283.27 rows=2528527 width=4) (actual time=1862.435..1862.435 rows=2528312 loops=1)
                    Buckets: 131072  Batches: 64  Memory Usage: 2415kB
                    ->  Seq Scan on title t  (cost=0.00..61283.27 rows=2528527 width=4) (actual time=0.019..963.260 rows=2528312 loops=1)
Planning time: 5.369 ms
Execution time: 17133.638 ms
