Hash Join  (cost=166361.78..254151.06 rows=113125 width=0) (actual time=3272.104..4828.462 rows=169646 loops=1)
  Hash Cond: (mk.movie_id = t.id)
  ->  Seq Scan on movie_keyword mk  (cost=0.00..69693.30 rows=4523930 width=4) (actual time=0.016..750.053 rows=4523930 loops=1)
  ->  Hash  (cost=165571.43..165571.43 rows=63228 width=8) (actual time=3271.622..3271.622 rows=62075 loops=1)
        Buckets: 65536  Batches: 1  Memory Usage: 2937kB
        ->  Hash Join  (cost=102767.86..165571.43 rows=63228 width=8) (actual time=1865.518..3248.905 rows=62075 loops=1)
              Hash Cond: (mc.movie_id = t.id)
              ->  Seq Scan on movie_companies mc  (cost=0.00..51404.11 rows=63228 width=4) (actual time=0.994..734.653 rows=62075 loops=1)
                    Filter: (company_id = 6)
                    Rows Removed by Filter: 2547054
              ->  Hash  (cost=61283.27..61283.27 rows=2528527 width=4) (actual time=1850.374..1850.374 rows=2528312 loops=1)
                    Buckets: 131072  Batches: 64  Memory Usage: 2415kB
                    ->  Seq Scan on title t  (cost=0.00..61283.27 rows=2528527 width=4) (actual time=0.012..1011.497 rows=2528312 loops=1)
Planning time: 1.177 ms
Execution time: 4848.628 ms
