Hash Join  (cost=83198.94..450105.18 rows=299154 width=0) (actual time=2329.012..7865.974 rows=925766 loops=1)
  Hash Cond: (mi.movie_id = t.id)
  ->  Seq Scan on movie_info mi  (cost=0.00..346232.03 rows=1338312 width=4) (actual time=905.097..5393.602 rows=1401902 loops=1)
        Filter: (info_type_id = 7)
        Rows Removed by Filter: 13433818
  ->  Hash  (cost=73925.90..73925.90 rows=565203 width=4) (actual time=1422.920..1422.920 rows=641785 loops=1)
        Buckets: 131072  Batches: 8  Memory Usage: 3871kB
        ->  Seq Scan on title t  (cost=0.00..73925.90 rows=565203 width=4) (actual time=0.025..1218.583 rows=641785 loops=1)
              Filter: ((kind_id < 7) AND (production_year < 2006))
              Rows Removed by Filter: 1886527
Planning time: 0.808 ms
Execution time: 7985.617 ms
