Seq Scan on movie_keyword mk  (cost=0.00..81003.12 rows=447063 width=0) (actual time=0.016..1332.998 rows=445872 loops=1)
  Filter: (keyword_id > 39761)
  Rows Removed by Filter: 4078058
Planning time: 0.399 ms
Execution time: 1391.393 ms
