Seq Scan on movie_keyword mk  (cost=0.00..81003.12 rows=2546353 width=0) (actual time=0.019..1231.360 rows=2537335 loops=1)
  Filter: (keyword_id < 6346)
  Rows Removed by Filter: 1986595
Planning time: 0.333 ms
Execution time: 1521.470 ms
