Seq Scan on title t  (cost=0.00..73925.90 rows=64367 width=0) (actual time=0.029..1202.141 rows=68457 loops=1)
  Filter: ((production_year > 1988) AND (kind_id = 2))
  Rows Removed by Filter: 2459855
Planning time: 0.400 ms
Execution time: 1212.451 ms
