Hash Join  (cost=102767.86..481577.45 rows=943358 width=0) (actual time=6537.065..9068.085 rows=978723 loops=1)
  Hash Cond: (mi.movie_id = t.id)
  ->  Seq Scan on movie_info mi  (cost=0.00..346232.03 rows=943358 width=4) (actual time=4547.797..5328.158 rows=978723 loops=1)
        Filter: (info_type_id > 90)
        Rows Removed by Filter: 13856997
  ->  Hash  (cost=61283.27..61283.27 rows=2528527 width=4) (actual time=1986.741..1986.741 rows=2528312 loops=1)
        Buckets: 131072  Batches: 64  Memory Usage: 2425kB
        ->  Seq Scan on title t  (cost=0.00..61283.27 rows=2528527 width=4) (actual time=0.016..1139.443 rows=2528312 loops=1)
Planning time: 0.800 ms
Execution time: 9184.201 ms
