Hash Join  (cost=313614.94..1415647.16 rows=8613906 width=176) (actual time=7126.120..47781.145 rows=24087294 loops=1)
  Hash Cond: (ci.movie_id = t.id)
  ->  Seq Scan on cast_info ci  (cost=0.00..705507.15 rows=12203201 width=42) (actual time=0.023..13640.191 rows=12113646 loops=1)
        Filter: (role_id > 3)
        Rows Removed by Filter: 24130698
  ->  Hash  (cost=256444.71..256444.71 rows=1784818 width=134) (actual time=7123.586..7123.586 rows=1483200 loops=1)
        Buckets: 32768  Batches: 128  Memory Usage: 1871kB
        ->  Hash Join  (cost=114563.60..256444.71 rows=1784818 width=134) (actual time=2191.286..6099.448 rows=1483200 loops=1)
              Hash Cond: (mc.movie_id = t.id)
              ->  Seq Scan on movie_companies mc  (cost=0.00..44881.29 rows=2609129 width=40) (actual time=0.023..741.138 rows=2609129 loops=1)
              ->  Hash  (cost=67604.59..67604.59 rows=1729681 width=94) (actual time=2190.891..2190.891 rows=1725233 loops=1)
                    Buckets: 32768  Batches: 64  Memory Usage: 3290kB
                    ->  Seq Scan on title t  (cost=0.00..67604.59 rows=1729681 width=94) (actual time=0.024..1424.638 rows=1725233 loops=1)
                          Filter: (production_year > 1991)
                          Rows Removed by Filter: 803079
Planning time: 1.435 ms
Execution time: 49198.046 ms
