Hash Join  (cost=798791.46..855532.51 rows=182 width=0) (actual time=14353.726..15524.314 rows=1 loops=1)
  Hash Cond: (mc.movie_id = t.id)
  ->  Seq Scan on movie_companies mc  (cost=0.00..51404.11 rows=1422697 width=4) (actual time=0.032..1026.334 rows=1428253 loops=1)
        Filter: (company_id > 10217)
        Rows Removed by Filter: 1180876
  ->  Hash  (cost=798787.41..798787.41 rows=324 width=8) (actual time=14291.515..14291.515 rows=398 loops=1)
        Buckets: 1024  Batches: 1  Memory Usage: 24kB
        ->  Nested Loop  (cost=0.43..798787.41 rows=324 width=8) (actual time=9144.300..14291.318 rows=398 loops=1)
              ->  Seq Scan on cast_info ci  (cost=0.00..796071.18 rows=324 width=4) (actual time=9144.099..14282.518 rows=398 loops=1)
                    Filter: ((role_id > 1) AND (person_id = 2755467))
                    Rows Removed by Filter: 36243946
              ->  Index Only Scan using title_pkey on title t  (cost=0.43..8.37 rows=1 width=4) (actual time=0.021..0.021 rows=1 loops=398)
                    Index Cond: (id = ci.movie_id)
                    Heap Fetches: 398
Planning time: 1.185 ms
Execution time: 15524.413 ms
