Nested Loop  (cost=0.43..83072.29 rows=150 width=0) (actual time=10.643..1156.978 rows=43 loops=1)
  ->  Seq Scan on movie_keyword mk  (cost=0.00..81003.12 rows=246 width=4) (actual time=10.344..1147.099 rows=62 loops=1)
        Filter: (keyword_id = 29756)
        Rows Removed by Filter: 4523868
  ->  Index Scan using title_pkey on title t  (cost=0.43..8.40 rows=1 width=4) (actual time=0.157..0.157 rows=1 loops=62)
        Index Cond: (id = mk.movie_id)
        Filter: (kind_id = 7)
        Rows Removed by Filter: 0
Planning time: 0.822 ms
Execution time: 1157.108 ms
