Seq Scan on title t  (cost=0.00..73925.90 rows=595877 width=0) (actual time=0.024..1277.946 rows=651538 loops=1)
  Filter: ((kind_id > 3) AND (production_year > 2006))
  Rows Removed by Filter: 1876774
Planning time: 0.357 ms
Execution time: 1361.938 ms
