Seq Scan on title t  (cost=0.00..73925.90 rows=5474 width=0) (actual time=0.159..1366.107 rows=9310 loops=1)
  Filter: ((kind_id > 1) AND (production_year = 1965))
  Rows Removed by Filter: 2519002
Planning time: 1.313 ms
Execution time: 1368.488 ms
