Seq Scan on movie_companies mc  (cost=0.00..51404.11 rows=1303514 width=0) (actual time=0.021..1088.930 rows=1312354 loops=1)
  Filter: (company_id > 11272)
  Rows Removed by Filter: 1296775
Planning time: 0.334 ms
Execution time: 1250.193 ms
