Hash Join  (cost=86519.03..217776.50 rows=982619 width=0) (actual time=1450.148..5377.469 rows=1954319 loops=1)
  Hash Cond: (mk.movie_id = t.id)
  ->  Seq Scan on movie_keyword mk  (cost=0.00..81003.12 rows=3237108 width=4) (actual time=0.015..1653.499 rows=3225830 loops=1)
        Filter: (keyword_id < 13597)
        Rows Removed by Filter: 1298100
  ->  Hash  (cost=73925.90..73925.90 rows=767530 width=4) (actual time=1448.621..1448.621 rows=677132 loops=1)
        Buckets: 131072  Batches: 16  Memory Usage: 2520kB
        ->  Seq Scan on title t  (cost=0.00..73925.90 rows=767530 width=4) (actual time=0.013..1244.299 rows=677132 loops=1)
              Filter: ((kind_id < 7) AND (production_year > 1978))
              Rows Removed by Filter: 1851180
Planning time: 6.018 ms
Execution time: 5617.321 ms
