Seq Scan on cast_info ci  (cost=0.00..705507.15 rows=12225994 width=0) (actual time=858.913..12473.775 rows=12308247 loops=1)
  Filter: (person_id > 2454988)
  Rows Removed by Filter: 23936097
Planning time: 0.368 ms
Execution time: 14000.468 ms
