Hash Join  (cost=73974.14..128679.49 rows=3982 width=0) (actual time=1077.578..2187.928 rows=10080 loops=1)
  Hash Cond: (mc.movie_id = t.id)
  ->  Seq Scan on movie_companies mc  (cost=0.00..44881.29 rows=2609129 width=4) (actual time=0.023..606.002 rows=2609129 loops=1)
  ->  Hash  (cost=73925.90..73925.90 rows=3859 width=4) (actual time=1055.109..1055.109 rows=4092 loops=1)
        Buckets: 4096  Batches: 1  Memory Usage: 176kB
        ->  Seq Scan on title t  (cost=0.00..73925.90 rows=3859 width=4) (actual time=101.035..1052.935 rows=4092 loops=1)
              Filter: ((kind_id = 2) AND (production_year = 2006))
              Rows Removed by Filter: 2524220
Planning time: 0.803 ms
Execution time: 2189.581 ms
