Seq Scan on cast_info ci  (cost=0.00..705507.15 rows=33620966 width=0) (actual time=0.025..13787.790 rows=33688520 loops=1)
  Filter: (person_id > 246838)
  Rows Removed by Filter: 2555824
Planning time: 0.340 ms
Execution time: 17916.968 ms
