Hash Join  (cost=170203.84..197274.76 rows=16043 width=0) (actual time=3119.929..3793.121 rows=65440 loops=1)
  Hash Cond: (mi_idx.movie_id = t.id)
  ->  Seq Scan on movie_info_idx mi_idx  (cost=0.00..21735.35 rows=1380035 width=4) (actual time=0.028..342.500 rows=1380035 loops=1)
  ->  Hash  (cost=169836.42..169836.42 rows=29394 width=8) (actual time=3113.464..3113.464 rows=71584 loops=1)
        Buckets: 131072 (originally 32768)  Batches: 1 (originally 1)  Memory Usage: 3821kB
        ->  Hash Join  (cost=83810.17..169836.42 rows=29394 width=8) (actual time=1490.923..3087.468 rows=71584 loops=1)
              Hash Cond: (mk.movie_id = t.id)
              ->  Seq Scan on movie_keyword mk  (cost=0.00..81003.12 rows=75248 width=4) (actual time=0.051..1355.667 rows=72496 loops=1)
                    Filter: (keyword_id = 335)
                    Rows Removed by Filter: 4451434
              ->  Hash  (cost=67604.59..67604.59 rows=987727 width=4) (actual time=1489.959..1489.959 rows=985048 loops=1)
                    Buckets: 131072  Batches: 16  Memory Usage: 3197kB
                    ->  Seq Scan on title t  (cost=0.00..67604.59 rows=987727 width=4) (actual time=0.011..1185.633 rows=985048 loops=1)
                          Filter: (kind_id < 7)
                          Rows Removed by Filter: 1543264
Planning time: 1.338 ms
Execution time: 3801.658 ms
