Seq Scan on movie_companies mc  (cost=0.00..57926.93 rows=653662 width=0) (actual time=0.021..987.557 rows=905712 loops=1)
  Filter: ((company_id > 11367) AND (company_type_id = 2))
  Rows Removed by Filter: 1703417
Planning time: 0.413 ms
Execution time: 1097.662 ms
