Hash Join  (cost=129928.86..1227869.43 rows=7828701 width=136) (actual time=1932.179..21893.345 rows=9357864 loops=1)
  Hash Cond: (ci.movie_id = t.id)
  ->  Seq Scan on cast_info ci  (cost=0.00..796071.18 rows=7828701 width=42) (actual time=4.068..10277.053 rows=9357864 loops=1)
        Filter: ((person_id < 1150927) AND (role_id < 4))
        Rows Removed by Filter: 26886480
  ->  Hash  (cost=61283.27..61283.27 rows=2528527 width=94) (actual time=1897.669..1897.669 rows=2528312 loops=1)
        Buckets: 32768  Batches: 128  Memory Usage: 2453kB
        ->  Seq Scan on title t  (cost=0.00..61283.27 rows=2528527 width=94) (actual time=0.017..658.532 rows=2528312 loops=1)
Planning time: 1.150 ms
Execution time: 22256.199 ms
