Hash Join  (cost=111092.45..220724.24 rows=85419 width=0) (actual time=2550.749..5094.802 rows=703213 loops=1)
  Hash Cond: (mk.movie_id = t.id)
  ->  Seq Scan on movie_keyword mk  (cost=0.00..81003.12 rows=2371327 width=4) (actual time=0.016..1639.318 rows=2364076 loops=1)
        Filter: (keyword_id > 4107)
        Rows Removed by Filter: 2159854
  ->  Hash  (cost=109597.93..109597.93 rows=91082 width=8) (actual time=2549.844..2549.844 rows=86658 loops=1)
        Buckets: 131072  Batches: 2  Memory Usage: 2712kB
        ->  Hash Join  (cost=70342.62..109597.93 rows=91082 width=8) (actual time=1219.895..2519.780 rows=86658 loops=1)
              Hash Cond: (mi_idx.movie_id = t.id)
              ->  Seq Scan on movie_info_idx mi_idx  (cost=0.00..21735.35 rows=1380035 width=4) (actual time=0.019..423.938 rows=1380035 loops=1)
              ->  Hash  (cost=67604.59..67604.59 rows=166883 width=4) (actual time=1219.221..1219.221 rows=168947 loops=1)
                    Buckets: 131072  Batches: 4  Memory Usage: 2507kB
                    ->  Seq Scan on title t  (cost=0.00..67604.59 rows=166883 width=4) (actual time=0.032..1162.581 rows=168947 loops=1)
                          Filter: (production_year < 1951)
                          Rows Removed by Filter: 2359365
Planning time: 1.277 ms
Execution time: 5183.329 ms
