Hash Join  (cost=76582.74..203431.06 rows=237240 width=0) (actual time=1275.881..4383.133 rows=24169 loops=1)
  Hash Cond: (mk.movie_id = t.id)
  ->  Seq Scan on movie_keyword mk  (cost=0.00..81003.12 rows=3705012 width=4) (actual time=0.025..1729.885 rows=3697234 loops=1)
        Filter: (keyword_id < 22234)
        Rows Removed by Filter: 826696
  ->  Hash  (cost=73925.90..73925.90 rows=161907 width=4) (actual time=1261.270..1261.270 rows=37938 loops=1)
        Buckets: 131072  Batches: 4  Memory Usage: 1366kB
        ->  Seq Scan on title t  (cost=0.00..73925.90 rows=161907 width=4) (actual time=0.081..1245.278 rows=37938 loops=1)
              Filter: ((kind_id > 1) AND (production_year < 1958))
              Rows Removed by Filter: 2490374
Planning time: 0.734 ms
Execution time: 4386.668 ms
