Seq Scan on movie_companies mc  (cost=0.00..57926.93 rows=1052914 width=0) (actual time=0.015..1156.536 rows=1274246 loops=1)
  Filter: ((company_id < 76248) AND (company_type_id = 1))
  Rows Removed by Filter: 1334883
Planning time: 0.272 ms
Execution time: 1316.336 ms
