Hash Join  (cost=102767.86..183555.52 rows=539491 width=0) (actual time=2037.199..3575.629 rows=327169 loops=1)
  Hash Cond: (mc.movie_id = t.id)
  ->  Seq Scan on movie_companies mc  (cost=0.00..57926.93 rows=539491 width=4) (actual time=121.938..983.960 rows=327169 loops=1)
        Filter: ((company_id < 6227) AND (company_type_id = 2))
        Rows Removed by Filter: 2281960
  ->  Hash  (cost=61283.27..61283.27 rows=2528527 width=4) (actual time=1913.797..1913.797 rows=2528312 loops=1)
        Buckets: 131072  Batches: 64  Memory Usage: 2415kB
        ->  Seq Scan on title t  (cost=0.00..61283.27 rows=2528527 width=4) (actual time=0.033..1095.265 rows=2528312 loops=1)
Planning time: 0.677 ms
Execution time: 3614.118 ms
