Hash Join  (cost=102767.86..212329.99 rows=2006401 width=0) (actual time=1846.796..5053.627 rows=2000522 loops=1)
  Hash Cond: (mc.movie_id = t.id)
  ->  Seq Scan on movie_companies mc  (cost=0.00..51404.11 rows=2006401 width=4) (actual time=0.023..1143.956 rows=2000522 loops=1)
        Filter: (company_id < 65419)
        Rows Removed by Filter: 608607
  ->  Hash  (cost=61283.27..61283.27 rows=2528527 width=4) (actual time=1845.536..1845.536 rows=2528312 loops=1)
        Buckets: 131072  Batches: 64  Memory Usage: 2415kB
        ->  Seq Scan on title t  (cost=0.00..61283.27 rows=2528527 width=4) (actual time=0.025..1045.421 rows=2528312 loops=1)
Planning time: 3.222 ms
Execution time: 5242.455 ms
