Seq Scan on movie_keyword mk  (cost=0.00..81003.12 rows=246 width=0) (actual time=5.428..1171.570 rows=651 loops=1)
  Filter: (keyword_id = 7301)
  Rows Removed by Filter: 4523279
Planning time: 0.768 ms
Execution time: 1171.905 ms
