Hash Join  (cost=102767.86..266563.23 rows=3030169 width=0) (actual time=1966.225..6127.055 rows=3010224 loops=1)
  Hash Cond: (mk.movie_id = t.id)
  ->  Seq Scan on movie_keyword mk  (cost=0.00..81003.12 rows=3030169 width=4) (actual time=0.020..1661.914 rows=3010224 loops=1)
        Filter: (keyword_id < 10705)
        Rows Removed by Filter: 1513706
  ->  Hash  (cost=61283.27..61283.27 rows=2528527 width=4) (actual time=1963.576..1963.576 rows=2528312 loops=1)
        Buckets: 131072  Batches: 64  Memory Usage: 2425kB
        ->  Seq Scan on title t  (cost=0.00..61283.27 rows=2528527 width=4) (actual time=0.022..1113.537 rows=2528312 loops=1)
Planning time: 0.751 ms
Execution time: 6453.644 ms
