Hash Join  (cost=121035.58..253451.93 rows=73531 width=156) (actual time=1333.984..2698.355 rows=318565 loops=1)
  Hash Cond: (mk.movie_id = t.id)
  ->  Seq Scan on movie_keyword mk  (cost=0.00..69693.30 rows=4523930 width=12) (actual time=0.011..442.104 rows=4523930 loops=1)
  ->  Hash  (cost=119678.85..119678.85 rows=41098 width=144) (actual time=1333.616..1333.616 rows=47822 loops=1)
        Buckets: 32768  Batches: 2  Memory Usage: 3420kB
        ->  Hash Join  (cost=80046.77..119678.85 rows=41098 width=144) (actual time=820.815..1304.488 rows=47822 loops=1)
              Hash Cond: (mi_idx.movie_id = t.id)
              ->  Seq Scan on movie_info_idx mi_idx  (cost=0.00..25185.44 rows=460978 width=50) (actual time=0.010..258.356 rows=459925 loops=1)
                    Filter: (info_type_id = 99)
                    Rows Removed by Filter: 920110
              ->  Hash  (cost=73925.90..73925.90 rows=225429 width=94) (actual time=820.505..820.505 rows=197206 loops=1)
                    Buckets: 32768  Batches: 8  Memory Usage: 2931kB
                    ->  Seq Scan on title t  (cost=0.00..73925.90 rows=225429 width=94) (actual time=0.011..599.528 rows=197206 loops=1)
                          Filter: ((kind_id < 4) AND (production_year > 2008))
                          Rows Removed by Filter: 2331106
Planning time: 0.881 ms
Execution time: 2710.482 ms
