Hash Join  (cost=325203.63..1396314.46 rows=17319879 width=0) (actual time=11547.364..46962.041 rows=70365314 loops=1)
  Hash Cond: (ci.movie_id = t.id)
  ->  Seq Scan on cast_info ci  (cost=0.00..705507.15 rows=12726058 width=4) (actual time=3423.748..15063.097 rows=12670688 loops=1)
        Filter: (role_id = 1)
        Rows Removed by Filter: 23573656
  ->  Hash  (cost=268744.77..268744.77 rows=3441269 width=8) (actual time=8121.761..8121.761 rows=4024094 loops=1)
        Buckets: 131072  Batches: 64  Memory Usage: 3493kB
        ->  Hash Join  (cost=99161.12..268744.77 rows=3441269 width=8) (actual time=2260.998..7021.327 rows=4024094 loops=1)
              Hash Cond: (mk.movie_id = t.id)
              ->  Seq Scan on movie_keyword mk  (cost=0.00..69693.30 rows=4523930 width=4) (actual time=0.033..1465.361 rows=4523930 loops=1)
              ->  Hash  (cost=67604.59..67604.59 rows=1923403 width=4) (actual time=2260.135..2260.135 rows=1922849 loops=1)
                    Buckets: 131072  Batches: 32  Memory Usage: 3141kB
                    ->  Seq Scan on title t  (cost=0.00..67604.59 rows=1923403 width=4) (actual time=0.026..1393.503 rows=1922849 loops=1)
                          Filter: (production_year < 2010)
                          Rows Removed by Filter: 605463
Planning time: 4.845 ms
Execution time: 54499.078 ms
