Seq Scan on movie_keyword mk  (cost=0.00..81003.12 rows=246 width=0) (actual time=0.152..1292.452 rows=970 loops=1)
  Filter: (keyword_id = 1294)
  Rows Removed by Filter: 4522960
Planning time: 0.368 ms
Execution time: 1292.897 ms
