Hash Join  (cost=80042.24..124834.06 rows=413734 width=0) (actual time=1290.860..2635.627 rows=742958 loops=1)
  Hash Cond: (mi_idx.movie_id = t.id)
  ->  Seq Scan on movie_info_idx mi_idx  (cost=0.00..21735.35 rows=1380035 width=4) (actual time=0.021..455.142 rows=1380035 loops=1)
  ->  Hash  (cost=67604.59..67604.59 rows=758052 width=4) (actual time=1289.675..1289.675 rows=753677 loops=1)
        Buckets: 131072  Batches: 16  Memory Usage: 2677kB
        ->  Seq Scan on title t  (cost=0.00..67604.59 rows=758052 width=4) (actual time=0.019..1056.853 rows=753677 loops=1)
              Filter: (kind_id < 3)
              Rows Removed by Filter: 1774635
Planning time: 0.772 ms
Execution time: 2714.009 ms
