Seq Scan on movie_companies mc  (cost=0.00..57926.93 rows=51 width=0) (actual time=415.769..576.960 rows=4 loops=1)
  Filter: ((company_type_id < 2) AND (company_id = 29882))
  Rows Removed by Filter: 2609125
Planning time: 0.382 ms
Execution time: 577.049 ms
