Seq Scan on movie_keyword mk  (cost=0.00..81003.12 rows=246 width=0) (actual time=151.543..1385.426 rows=16 loops=1)
  Filter: (keyword_id = 46115)
  Rows Removed by Filter: 4523914
Planning time: 0.367 ms
Execution time: 1385.518 ms
