Hash Join  (cost=106094.70..150717.54 rows=431373 width=0) (actual time=2164.871..3805.393 rows=450607 loops=1)
  Hash Cond: (mi_idx.movie_id = t.id)
  ->  Seq Scan on movie_info_idx mi_idx  (cost=0.00..25185.44 rows=464934 width=4) (actual time=0.015..523.248 rows=460185 loops=1)
        Filter: (info_type_id > 100)
        Rows Removed by Filter: 919850
  ->  Hash  (cost=67604.59..67604.59 rows=2346009 width=4) (actual time=2163.542..2163.542 rows=2338360 loops=1)
        Buckets: 131072  Batches: 32  Memory Usage: 3596kB
        ->  Seq Scan on title t  (cost=0.00..67604.59 rows=2346009 width=4) (actual time=0.016..1393.694 rows=2338360 loops=1)
              Filter: (production_year > 1930)
              Rows Removed by Filter: 189952
Planning time: 0.812 ms
Execution time: 3863.371 ms
