Hash Join  (cost=28270.40..866905.65 rows=1651 width=0) (actual time=2120.253..18028.578 rows=13382 loops=1)
  Hash Cond: (ci.movie_id = t.id)
  ->  Seq Scan on cast_info ci  (cost=0.00..796071.18 rows=11346018 width=4) (actual time=1728.487..15775.973 rows=13115062 loops=1)
        Filter: ((person_id > 1053192) AND (role_id > 2))
        Rows Removed by Filter: 23129282
  ->  Hash  (cost=28265.80..28265.80 rows=368 width=8) (actual time=373.900..373.900 rows=260 loops=1)
        Buckets: 1024  Batches: 1  Memory Usage: 19kB
        ->  Nested Loop  (cost=0.43..28265.80 rows=368 width=8) (actual time=135.105..373.779 rows=260 loops=1)
              ->  Seq Scan on movie_info_idx mi_idx  (cost=0.00..25185.44 rows=368 width=4) (actual time=134.971..369.384 rows=260 loops=1)
                    Filter: (info_type_id > 101)
                    Rows Removed by Filter: 1379775
              ->  Index Only Scan using title_pkey on title t  (cost=0.43..8.36 rows=1 width=4) (actual time=0.016..0.016 rows=1 loops=260)
                    Index Cond: (id = mi_idx.movie_id)
                    Heap Fetches: 260
Planning time: 1.220 ms
Execution time: 18031.924 ms
