Hash Join  (cost=67697.55..94648.62 rows=4059 width=144) (actual time=558.594..899.525 rows=9240 loops=1)
  Hash Cond: (mi_idx.movie_id = t.id)
  ->  Seq Scan on movie_info_idx mi_idx  (cost=0.00..21735.35 rows=1380035 width=50) (actual time=0.016..142.995 rows=1380035 loops=1)
  ->  Hash  (cost=67604.59..67604.59 rows=7437 width=94) (actual time=558.319..558.319 rows=14235 loops=1)
        Buckets: 16384 (originally 8192)  Batches: 1 (originally 1)  Memory Usage: 1731kB
        ->  Seq Scan on title t  (cost=0.00..67604.59 rows=7437 width=94) (actual time=0.030..553.208 rows=14235 loops=1)
              Filter: (production_year = 1968)
              Rows Removed by Filter: 2514077
Planning time: 0.897 ms
Execution time: 900.160 ms
