Hash Join  (cost=190230.21..1496395.93 rows=19088195 width=0) (actual time=4486.923..49139.103 rows=39000923 loops=1)
  Hash Cond: (ci.movie_id = t.id)
  ->  Seq Scan on cast_info ci  (cost=0.00..705507.15 rows=34973763 width=4) (actual time=0.028..17503.373 rows=34967469 loops=1)
        Filter: (person_id < 3814694)
        Rows Removed by Filter: 1276875
  ->  Hash  (cost=167588.78..167588.78 rows=1380035 width=8) (actual time=4485.856..4485.856 rows=1380035 loops=1)
        Buckets: 131072  Batches: 32  Memory Usage: 2708kB
        ->  Hash Join  (cost=102767.86..167588.78 rows=1380035 width=8) (actual time=1847.592..4083.589 rows=1380035 loops=1)
              Hash Cond: (mi_idx.movie_id = t.id)
              ->  Seq Scan on movie_info_idx mi_idx  (cost=0.00..21735.35 rows=1380035 width=4) (actual time=0.029..458.968 rows=1380035 loops=1)
              ->  Hash  (cost=61283.27..61283.27 rows=2528527 width=4) (actual time=1846.251..1846.251 rows=2528312 loops=1)
                    Buckets: 131072  Batches: 64  Memory Usage: 2415kB
                    ->  Seq Scan on title t  (cost=0.00..61283.27 rows=2528527 width=4) (actual time=0.015..1033.249 rows=2528312 loops=1)
Planning time: 1.191 ms
Execution time: 53308.088 ms
