Hash Join  (cost=58358.90..145017.85 rows=91 width=0) (actual time=1163.372..2684.259 rows=226 loops=1)
  Hash Cond: (mk.movie_id = t.id)
  ->  Seq Scan on movie_keyword mk  (cost=0.00..69693.30 rows=4523930 width=4) (actual time=0.022..1047.571 rows=4523930 loops=1)
  ->  Hash  (cost=58358.27..58358.27 rows=51 width=8) (actual time=871.728..871.728 rows=12 loops=1)
        Buckets: 1024  Batches: 1  Memory Usage: 9kB
        ->  Nested Loop  (cost=0.43..58358.27 rows=51 width=8) (actual time=515.925..871.708 rows=12 loops=1)
              ->  Seq Scan on movie_companies mc  (cost=0.00..57926.93 rows=51 width=4) (actual time=515.833..871.029 rows=12 loops=1)
                    Filter: ((company_type_id < 2) AND (company_id = 40031))
                    Rows Removed by Filter: 2609117
              ->  Index Only Scan using title_pkey on title t  (cost=0.43..8.45 rows=1 width=4) (actual time=0.049..0.050 rows=1 loops=12)
                    Index Cond: (id = mc.movie_id)
                    Heap Fetches: 12
Planning time: 1.144 ms
Execution time: 2684.409 ms
