Nested Loop  (cost=0.43..58358.27 rows=51 width=0) (actual time=327.337..961.266 rows=5 loops=1)
  ->  Seq Scan on movie_companies mc  (cost=0.00..57926.93 rows=51 width=4) (actual time=327.252..960.946 rows=5 loops=1)
        Filter: ((company_type_id < 2) AND (company_id = 14811))
        Rows Removed by Filter: 2609124
  ->  Index Only Scan using title_pkey on title t  (cost=0.43..8.45 rows=1 width=4) (actual time=0.056..0.057 rows=1 loops=5)
        Index Cond: (id = mc.movie_id)
        Heap Fetches: 5
Planning time: 0.817 ms
Execution time: 961.338 ms
