Hash Join  (cost=102767.86..274297.99 rows=3351570 width=0) (actual time=1894.703..6573.753 rows=3349949 loops=1)
  Hash Cond: (mk.movie_id = t.id)
  ->  Seq Scan on movie_keyword mk  (cost=0.00..81003.12 rows=3351570 width=4) (actual time=0.023..1644.048 rows=3349949 loops=1)
        Filter: (keyword_id > 1382)
        Rows Removed by Filter: 1173981
  ->  Hash  (cost=61283.27..61283.27 rows=2528527 width=4) (actual time=1893.329..1893.329 rows=2528312 loops=1)
        Buckets: 131072  Batches: 64  Memory Usage: 2425kB
        ->  Seq Scan on title t  (cost=0.00..61283.27 rows=2528527 width=4) (actual time=0.017..1059.885 rows=2528312 loops=1)
Planning time: 0.784 ms
Execution time: 6958.155 ms
