Seq Scan on movie_keyword mk  (cost=0.00..81003.12 rows=246 width=0) (actual time=9.588..1183.920 rows=388 loops=1)
  Filter: (keyword_id = 9842)
  Rows Removed by Filter: 4523542
Planning time: 0.424 ms
Execution time: 1184.192 ms
