Seq Scan on movie_companies mc  (cost=0.00..57926.93 rows=688344 width=40) (actual time=207.509..471.966 rows=927775 loops=1)
  Filter: ((company_id > 11149) AND (company_type_id = 2))
  Rows Removed by Filter: 1681354
Planning time: 0.482 ms
Execution time: 505.579 ms
