Nested Loop  (cost=0.43..83072.29 rows=12 width=0) (actual time=8.488..1470.737 rows=94 loops=1)
  ->  Seq Scan on movie_keyword mk  (cost=0.00..81003.12 rows=246 width=4) (actual time=0.441..1380.526 rows=1987 loops=1)
        Filter: (keyword_id = 432)
        Rows Removed by Filter: 4521943
  ->  Index Scan using title_pkey on title t  (cost=0.43..8.40 rows=1 width=4) (actual time=0.044..0.044 rows=0 loops=1987)
        Index Cond: (id = mk.movie_id)
        Filter: (production_year = 2008)
        Rows Removed by Filter: 1
Planning time: 0.818 ms
Execution time: 1470.942 ms
