Hash Join  (cost=171960.93..661250.31 rows=888742 width=0) (actual time=3326.875..14970.912 rows=1874067 loops=1)
  Hash Cond: (mi.movie_id = t.id)
  ->  Seq Scan on movie_info mi  (cost=0.00..309384.22 rows=14739122 width=4) (actual time=0.022..5870.108 rows=14835720 loops=1)
  ->  Hash  (cost=169459.11..169459.11 rows=152466 width=8) (actual time=3326.105..3326.105 rows=58652 loops=1)
        Buckets: 131072  Batches: 2  Memory Usage: 2171kB
        ->  Hash Join  (cost=74050.79..169459.11 rows=152466 width=8) (actual time=1490.048..3305.172 rows=58652 loops=1)
              Hash Cond: (mk.movie_id = t.id)
              ->  Seq Scan on movie_keyword mk  (cost=0.00..81003.12 rows=981210 width=4) (actual time=0.016..1291.703 rows=990036 loops=1)
                    Filter: (keyword_id < 930)
                    Rows Removed by Filter: 3533894
              ->  Hash  (cost=67604.59..67604.59 rows=392896 width=4) (actual time=1489.207..1489.207 rows=391666 loops=1)
                    Buckets: 131072  Batches: 8  Memory Usage: 2759kB
                    ->  Seq Scan on title t  (cost=0.00..67604.59 rows=392896 width=4) (actual time=0.015..1231.973 rows=391666 loops=1)
                          Filter: (production_year > 2010)
                          Rows Removed by Filter: 2136646
Planning time: 1.124 ms
Execution time: 15205.492 ms
