Seq Scan on cast_info ci  (cost=0.00..796071.18 rows=176 width=0) (actual time=3423.980..10901.553 rows=1 loops=1)
  Filter: ((person_id = 1559355) AND (role_id = 1))
  Rows Removed by Filter: 36244343
Planning time: 0.430 ms
Execution time: 10901.660 ms
