Hash Join  (cost=112147.35..188728.61 rows=111074 width=0) (actual time=2153.419..3987.161 rows=390890 loops=1)
  Hash Cond: (mc.movie_id = t.id)
  ->  Seq Scan on movie_companies mc  (cost=0.00..44881.29 rows=2609129 width=4) (actual time=0.021..821.084 rows=2609129 loops=1)
  ->  Hash  (cost=110380.81..110380.81 rows=107643 width=8) (actual time=2152.646..2152.646 rows=103325 loops=1)
        Buckets: 131072  Batches: 2  Memory Usage: 3035kB
        ->  Hash Join  (cost=70840.90..110380.81 rows=107643 width=8) (actual time=1096.343..2119.722 rows=103325 loops=1)
              Hash Cond: (mi_idx.movie_id = t.id)
              ->  Seq Scan on movie_info_idx mi_idx  (cost=0.00..21735.35 rows=1380035 width=4) (actual time=0.024..416.931 rows=1380035 loops=1)
              ->  Hash  (cost=67604.59..67604.59 rows=197225 width=4) (actual time=1095.488..1095.488 rows=194989 loops=1)
                    Buckets: 131072  Batches: 4  Memory Usage: 2738kB
                    ->  Seq Scan on title t  (cost=0.00..67604.59 rows=197225 width=4) (actual time=0.021..1031.940 rows=194989 loops=1)
                          Filter: (production_year < 1955)
                          Rows Removed by Filter: 2333323
Planning time: 1.197 ms
Execution time: 4033.366 ms
