Hash Join  (cost=80426.63..1505804.65 rows=3430085 width=136) (actual time=459.439..16674.847 rows=3833227 loops=1)
  Hash Cond: (ci.movie_id = t.id)
  ->  Seq Scan on cast_info ci  (cost=0.00..614943.12 rows=36225612 width=42) (actual time=0.012..4007.621 rows=36244344 loops=1)
  ->  Hash  (cost=73925.90..73925.90 rows=239418 width=94) (actual time=459.117..459.117 rows=256906 loops=1)
        Buckets: 32768  Batches: 8  Memory Usage: 3934kB
        ->  Seq Scan on title t  (cost=0.00..73925.90 rows=239418 width=94) (actual time=0.016..403.713 rows=256906 loops=1)
              Filter: ((production_year > 2010) AND (kind_id = 7))
              Rows Removed by Filter: 2271406
Planning time: 0.663 ms
Execution time: 16800.841 ms
