Seq Scan on movie_keyword mk  (cost=0.00..81003.12 rows=3759073 width=0) (actual time=0.023..1497.939 rows=3758910 loops=1)
  Filter: (keyword_id > 720)
  Rows Removed by Filter: 765020
Planning time: 0.333 ms
Execution time: 1951.314 ms
