Seq Scan on movie_keyword mk  (cost=0.00..81003.12 rows=2547497 width=0) (actual time=0.022..1530.549 rows=2538386 loops=1)
  Filter: (keyword_id < 6353)
  Rows Removed by Filter: 1985544
Planning time: 0.372 ms
Execution time: 1865.176 ms
