Seq Scan on movie_info mi  (cost=0.00..346232.03 rows=17937 width=0) (actual time=2587.839..5290.238 rows=6613 loops=1)
  Filter: (info_type_id = 62)
  Rows Removed by Filter: 14829107
Planning time: 0.399 ms
Execution time: 5291.320 ms
