Seq Scan on movie_keyword mk  (cost=0.00..81003.12 rows=3813771 width=0) (actual time=0.020..1235.536 rows=3808455 loops=1)
  Filter: (keyword_id < 26334)
  Rows Removed by Filter: 715475
Planning time: 0.336 ms
Execution time: 1646.324 ms
