Seq Scan on movie_keyword mk  (cost=0.00..81003.12 rows=3823557 width=0) (actual time=0.010..1500.461 rows=3818639 loops=1)
  Filter: (keyword_id < 26753)
  Rows Removed by Filter: 705291
Planning time: 0.239 ms
Execution time: 1957.285 ms
