Seq Scan on cast_info ci  (cost=0.00..705507.15 rows=2686505 width=0) (actual time=915.601..10857.194 rows=2728769 loops=1)
  Filter: (person_id > 3540141)
  Rows Removed by Filter: 33515575
Planning time: 0.338 ms
Execution time: 11143.081 ms
