Hash Join  (cost=129740.46..216414.67 rows=1617 width=0) (actual time=2049.843..3868.518 rows=58878 loops=1)
  Hash Cond: (mk.movie_id = t.id)
  ->  Seq Scan on movie_keyword mk  (cost=0.00..69693.30 rows=4523930 width=4) (actual time=0.026..1022.820 rows=4523930 loops=1)
  ->  Hash  (cost=129729.16..129729.16 rows=904 width=8) (actual time=2047.362..2047.362 rows=2802 loops=1)
        Buckets: 4096 (originally 1024)  Batches: 1 (originally 1)  Memory Usage: 142kB
        ->  Hash Join  (cost=73950.44..129729.16 rows=904 width=8) (actual time=1036.079..2045.959 rows=2802 loops=1)
              Hash Cond: (mc.movie_id = t.id)
              ->  Seq Scan on movie_companies mc  (cost=0.00..51404.11 rows=1164150 width=4) (actual time=0.022..829.162 rows=1172522 loops=1)
                    Filter: (company_id > 12761)
                    Rows Removed by Filter: 1436607
              ->  Hash  (cost=73925.90..73925.90 rows=1963 width=4) (actual time=1035.930..1035.930 rows=2177 loops=1)
                    Buckets: 4096 (originally 2048)  Batches: 1 (originally 1)  Memory Usage: 109kB
                    ->  Seq Scan on title t  (cost=0.00..73925.90 rows=1963 width=4) (actual time=378.386..1034.758 rows=2177 loops=1)
                          Filter: ((kind_id = 1) AND (production_year = 1942))
                          Rows Removed by Filter: 2526135
Planning time: 1.199 ms
Execution time: 3875.879 ms
