Hash Join  (cost=83073.74..447736.42 rows=679 width=0) (actual time=1197.398..8429.860 rows=5371 loops=1)
  Hash Cond: (mi.movie_id = t.id)
  ->  Seq Scan on movie_info mi  (cost=0.00..309384.22 rows=14739122 width=4) (actual time=0.014..4564.700 rows=14835720 loops=1)
  ->  Hash  (cost=83072.29..83072.29 rows=116 width=8) (actual time=1186.362..1186.362 rows=84 loops=1)
        Buckets: 1024  Batches: 1  Memory Usage: 12kB
        ->  Nested Loop  (cost=0.43..83072.29 rows=116 width=8) (actual time=58.266..1186.248 rows=84 loops=1)
              ->  Seq Scan on movie_keyword mk  (cost=0.00..81003.12 rows=246 width=4) (actual time=26.697..1180.893 rows=167 loops=1)
                    Filter: (keyword_id = 1349)
                    Rows Removed by Filter: 4523763
              ->  Index Scan using title_pkey on title t  (cost=0.43..8.40 rows=1 width=4) (actual time=0.029..0.029 rows=1 loops=167)
                    Index Cond: (id = mk.movie_id)
                    Filter: (production_year < 2003)
                    Rows Removed by Filter: 0
Planning time: 1.256 ms
Execution time: 8431.221 ms
