Hash Join  (cost=242353.24..914592.77 rows=2634497 width=181) (actual time=2396.218..8478.008 rows=5327671 loops=1)
  Hash Cond: (mi.movie_id = t.id)
  ->  Seq Scan on movie_info mi  (cost=0.00..346232.03 rows=9476311 width=75) (actual time=0.018..2345.009 rows=9565151 loops=1)
        Filter: (info_type_id < 16)
        Rows Removed by Filter: 5270569
  ->  Hash  (cost=221895.34..221895.34 rows=702952 width=106) (actual time=2394.920..2394.920 rows=299534 loops=1)
        Buckets: 32768  Batches: 32  Memory Usage: 1448kB
        ->  Hash Join  (cost=78271.79..221895.34 rows=702952 width=106) (actual time=502.564..2286.621 rows=299534 loops=1)
              Hash Cond: (mk.movie_id = t.id)
              ->  Seq Scan on movie_keyword mk  (cost=0.00..69693.30 rows=4523930 width=12) (actual time=0.020..475.832 rows=4523930 loops=1)
              ->  Hash  (cost=67604.59..67604.59 rows=392896 width=94) (actual time=501.537..501.537 rows=391666 loops=1)
                    Buckets: 32768  Batches: 16  Memory Usage: 3031kB
                    ->  Seq Scan on title t  (cost=0.00..67604.59 rows=392896 width=94) (actual time=0.017..411.239 rows=391666 loops=1)
                          Filter: (production_year > 2010)
                          Rows Removed by Filter: 2136646
Planning time: 1.222 ms
Execution time: 8646.823 ms
