Hash Join  (cost=88001.86..897798.96 rows=33240 width=136) (actual time=11816.423..15479.729 rows=12889 loops=1)
  Hash Cond: (ci.movie_id = t.id)
  ->  Seq Scan on cast_info ci  (cost=0.00..796071.18 rows=111871 width=42) (actual time=9972.732..13148.108 rows=45750 loops=1)
        Filter: ((person_id < 1128988) AND (role_id > 10))
        Rows Removed by Filter: 36198594
  ->  Hash  (cost=67604.59..67604.59 rows=751302 width=94) (actual time=1838.357..1838.357 rows=755902 loops=1)
        Buckets: 32768  Batches: 32  Memory Usage: 2906kB
        ->  Seq Scan on title t  (cost=0.00..67604.59 rows=751302 width=94) (actual time=0.022..1341.759 rows=755902 loops=1)
              Filter: (production_year < 1993)
              Rows Removed by Filter: 1772410
Planning time: 0.947 ms
Execution time: 15480.606 ms
