Hash Join  (cost=80966.93..212323.63 rows=767766 width=0) (actual time=1310.116..4890.920 rows=1082486 loops=1)
  Hash Cond: (mk.movie_id = t.id)
  ->  Seq Scan on movie_keyword mk  (cost=0.00..69693.30 rows=4523930 width=4) (actual time=0.010..1463.446 rows=4523930 loops=1)
  ->  Hash  (cost=73925.90..73925.90 rows=429122 width=4) (actual time=1309.204..1309.204 rows=337286 loops=1)
        Buckets: 131072  Batches: 8  Memory Usage: 2509kB
        ->  Seq Scan on title t  (cost=0.00..73925.90 rows=429122 width=4) (actual time=0.018..1190.053 rows=337286 loops=1)
              Filter: ((kind_id < 4) AND (production_year > 2002))
              Rows Removed by Filter: 2191026
Planning time: 0.809 ms
Execution time: 5020.723 ms
