Hash Join  (cost=270217.54..1254565.12 rows=10744612 width=0) (actual time=13294.884..32378.926 rows=27756039 loops=1)
  Hash Cond: (ci.movie_id = t.id)
  ->  Seq Scan on cast_info ci  (cost=0.00..705507.15 rows=12726058 width=4) (actual time=6755.728..13511.220 rows=12670688 loops=1)
        Filter: (role_id = 1)
        Rows Removed by Filter: 23573656
  ->  Hash  (cost=235192.09..235192.09 rows=2134836 width=8) (actual time=6537.453..6537.453 rows=1582474 loops=1)
        Buckets: 131072  Batches: 32  Memory Usage: 3007kB
        ->  Hash Join  (cost=87180.69..235192.09 rows=2134836 width=8) (actual time=1921.643..6057.540 rows=1582474 loops=1)
              Hash Cond: (mk.movie_id = t.id)
              ->  Seq Scan on movie_keyword mk  (cost=0.00..69693.30 rows=4523930 width=4) (actual time=0.024..1323.235 rows=4523930 loops=1)
              ->  Hash  (cost=67604.59..67604.59 rows=1193208 width=4) (actual time=1920.600..1920.600 rows=1192518 loops=1)
                    Buckets: 131072  Batches: 16  Memory Usage: 3654kB
                    ->  Seq Scan on title t  (cost=0.00..67604.59 rows=1193208 width=4) (actual time=0.028..1341.079 rows=1192518 loops=1)
                          Filter: (production_year > 2003)
                          Rows Removed by Filter: 1335794
Planning time: 4.819 ms
Execution time: 35332.570 ms
