Seq Scan on cast_info ci  (cost=0.00..796071.18 rows=131 width=0) (actual time=2173.490..13158.458 rows=1 loops=1)
  Filter: ((role_id > 4) AND (person_id = 200620))
  Rows Removed by Filter: 36244343
Planning time: 0.486 ms
Execution time: 13158.575 ms
