Seq Scan on movie_keyword mk  (cost=0.00..81003.12 rows=5580 width=0) (actual time=0.292..1210.731 rows=5762 loops=1)
  Filter: (keyword_id = 750)
  Rows Removed by Filter: 4518168
Planning time: 0.313 ms
Execution time: 1212.162 ms
