Hash Join  (cost=307979.73..1249272.03 rows=10228596 width=0) (actual time=8819.323..35070.308 rows=42476480 loops=1)
  Hash Cond: (ci.movie_id = t.id)
  ->  Seq Scan on cast_info ci  (cost=0.00..705507.15 rows=8664032 width=4) (actual time=712.642..12675.079 rows=8543401 loops=1)
        Filter: (person_id < 839750)
        Rows Removed by Filter: 27700943
  ->  Hash  (cost=259004.58..259004.58 rows=2985132 width=8) (actual time=8104.616..8104.616 rows=3613802 loops=1)
        Buckets: 131072  Batches: 64  Memory Usage: 3229kB
        ->  Hash Join  (cost=94978.31..259004.58 rows=2985132 width=8) (actual time=1955.018..6763.577 rows=3613802 loops=1)
              Hash Cond: (mk.movie_id = t.id)
              ->  Seq Scan on movie_keyword mk  (cost=0.00..69693.30 rows=4523930 width=4) (actual time=0.024..1451.454 rows=4523930 loops=1)
              ->  Hash  (cost=67604.59..67604.59 rows=1668458 width=4) (actual time=1954.179..1954.179 rows=1671292 loops=1)
                    Buckets: 131072  Batches: 32  Memory Usage: 2866kB
                    ->  Seq Scan on title t  (cost=0.00..67604.59 rows=1668458 width=4) (actual time=0.020..1388.159 rows=1671292 loops=1)
                          Filter: (production_year < 2008)
                          Rows Removed by Filter: 857020
Planning time: 1.681 ms
Execution time: 39539.189 ms
