Nested Loop  (cost=0.43..83072.90 rows=116 width=106) (actual time=129.473..482.751 rows=21 loops=1)
  ->  Seq Scan on movie_keyword mk  (cost=0.00..81003.12 rows=246 width=12) (actual time=0.038..461.079 rows=3190 loops=1)
        Filter: (keyword_id = 6427)
        Rows Removed by Filter: 4520740
  ->  Index Scan using title_pkey on title t  (cost=0.43..8.40 rows=1 width=94) (actual time=0.007..0.007 rows=0 loops=3190)
        Index Cond: (id = mk.movie_id)
        Filter: ((production_year > 1979) AND (kind_id = 7))
        Rows Removed by Filter: 1
Planning time: 0.594 ms
Execution time: 482.804 ms
