Seq Scan on movie_keyword mk  (cost=0.00..81003.12 rows=246 width=0) (actual time=27.003..1234.664 rows=81 loops=1)
  Filter: (keyword_id = 11118)
  Rows Removed by Filter: 4523849
Planning time: 0.331 ms
Execution time: 1234.804 ms
