Hash Join  (cost=88359.31..245026.05 rows=2135838 width=0) (actual time=1791.630..6825.581 rows=2754435 loops=1)
  Hash Cond: (mk.movie_id = t.id)
  ->  Seq Scan on movie_keyword mk  (cost=0.00..81003.12 rows=4269128 width=4) (actual time=0.018..1829.172 rows=4271465 loops=1)
        Filter: (keyword_id < 60150)
        Rows Removed by Filter: 252465
  ->  Hash  (cost=67604.59..67604.59 rows=1265018 width=4) (actual time=1789.646..1789.646 rows=1263700 loops=1)
        Buckets: 131072  Batches: 32  Memory Usage: 2418kB
        ->  Seq Scan on title t  (cost=0.00..67604.59 rows=1265018 width=4) (actual time=0.016..1342.679 rows=1263700 loops=1)
              Filter: (production_year < 2004)
              Rows Removed by Filter: 1264612
Planning time: 0.488 ms
Execution time: 7188.096 ms
