Seq Scan on title t  (cost=0.00..73925.90 rows=90339 width=0) (actual time=0.023..1055.739 rows=203430 loops=1)
  Filter: ((kind_id < 4) AND (production_year < 1962))
  Rows Removed by Filter: 2324882
Planning time: 0.344 ms
Execution time: 1082.482 ms
