Hash Join  (cost=798791.66..885453.45 rows=376 width=0) (actual time=15811.771..16351.641 rows=12 loops=1)
  Hash Cond: (mk.movie_id = t.id)
  ->  Seq Scan on movie_keyword mk  (cost=0.00..69693.30 rows=4523930 width=4) (actual time=0.016..1004.124 rows=4523930 loops=1)
  ->  Hash  (cost=798789.03..798789.03 rows=210 width=8) (actual time=14560.305..14560.305 rows=240 loops=1)
        Buckets: 1024  Batches: 1  Memory Usage: 18kB
        ->  Nested Loop  (cost=0.43..798789.03 rows=210 width=8) (actual time=9205.094..14560.152 rows=240 loops=1)
              ->  Seq Scan on cast_info ci  (cost=0.00..796071.18 rows=324 width=4) (actual time=9204.953..14534.903 rows=429 loops=1)
                    Filter: ((role_id > 1) AND (person_id = 3460343))
                    Rows Removed by Filter: 36243915
              ->  Index Scan using title_pkey on title t  (cost=0.43..8.38 rows=1 width=4) (actual time=0.058..0.058 rows=1 loops=429)
                    Index Cond: (id = ci.movie_id)
                    Filter: ((kind_id > 1) AND (production_year < 2012))
                    Rows Removed by Filter: 0
Planning time: 1.934 ms
Execution time: 16352.130 ms
