Hash Join  (cost=58375.85..145034.83 rows=95 width=0) (actual time=1090.540..2597.769 rows=25 loops=1)
  Hash Cond: (mk.movie_id = t.id)
  ->  Seq Scan on movie_keyword mk  (cost=0.00..69693.30 rows=4523930 width=4) (actual time=0.025..971.126 rows=4523930 loops=1)
  ->  Hash  (cost=58375.18..58375.18 rows=53 width=8) (actual time=867.872..867.872 rows=11 loops=1)
        Buckets: 1024  Batches: 1  Memory Usage: 9kB
        ->  Nested Loop  (cost=0.43..58375.18 rows=53 width=8) (actual time=398.270..867.853 rows=11 loops=1)
              ->  Seq Scan on movie_companies mc  (cost=0.00..57926.93 rows=53 width=4) (actual time=398.173..867.263 rows=11 loops=1)
                    Filter: ((company_id = 43013) AND (company_type_id = 2))
                    Rows Removed by Filter: 2609118
              ->  Index Only Scan using title_pkey on title t  (cost=0.43..8.45 rows=1 width=4) (actual time=0.046..0.047 rows=1 loops=11)
                    Index Cond: (id = mc.movie_id)
                    Heap Fetches: 11
Planning time: 4.743 ms
Execution time: 2597.871 ms
