Hash Join  (cost=128875.84..215786.56 rows=25268 width=0) (actual time=3360.090..4089.478 rows=25461 loops=1)
  Hash Cond: (mk.movie_id = t.id)
  ->  Seq Scan on movie_keyword mk  (cost=0.00..69693.30 rows=4523930 width=4) (actual time=0.019..956.445 rows=4523930 loops=1)
  ->  Hash  (cost=128699.31..128699.31 rows=14123 width=8) (actual time=2298.078..2298.078 rows=8960 loops=1)
        Buckets: 16384  Batches: 1  Memory Usage: 478kB
        ->  Hash Join  (cost=74574.97..128699.31 rows=14123 width=8) (actual time=1168.579..2294.448 rows=8960 loops=1)
              Hash Cond: (mc.movie_id = t.id)
              ->  Seq Scan on movie_companies mc  (cost=0.00..51404.11 rows=687732 width=4) (actual time=0.034..937.683 rows=680643 loops=1)
                    Filter: (company_id < 1152)
                    Rows Removed by Filter: 1928486
              ->  Hash  (cost=73925.90..73925.90 rows=51925 width=4) (actual time=1152.231..1152.231 rows=56480 loops=1)
                    Buckets: 65536  Batches: 1  Memory Usage: 2498kB
                    ->  Seq Scan on title t  (cost=0.00..73925.90 rows=51925 width=4) (actual time=232.310..1131.144 rows=56480 loops=1)
                          Filter: ((kind_id = 7) AND (production_year = 2004))
                          Rows Removed by Filter: 2471832
Planning time: 1.328 ms
Execution time: 4093.022 ms
