Seq Scan on movie_companies mc  (cost=0.00..51404.11 rows=1218830 width=0) (actual time=0.020..728.211 rows=1205712 loops=1)
  Filter: (company_id < 11135)
  Rows Removed by Filter: 1403417
Planning time: 0.339 ms
Execution time: 851.659 ms
