Hash Join  (cost=83810.17..921388.24 rows=950718 width=0) (actual time=4884.206..18867.314 rows=2630546 loops=1)
  Hash Cond: (ci.movie_id = t.id)
  ->  Seq Scan on cast_info ci  (cost=0.00..796071.18 rows=2433787 width=4) (actual time=3321.691..13329.261 rows=6219564 loops=1)
        Filter: ((person_id > 2771507) AND (role_id > 4))
        Rows Removed by Filter: 30024780
  ->  Hash  (cost=67604.59..67604.59 rows=987727 width=4) (actual time=1561.578..1561.578 rows=985048 loops=1)
        Buckets: 131072  Batches: 16  Memory Usage: 3188kB
        ->  Seq Scan on title t  (cost=0.00..67604.59 rows=987727 width=4) (actual time=0.031..1012.777 rows=985048 loops=1)
              Filter: (kind_id < 7)
              Rows Removed by Filter: 1543264
Planning time: 0.756 ms
Execution time: 19168.893 ms
