Hash Join  (cost=438968.12..1236180.22 rows=513 width=0) (actual time=9274.603..16664.048 rows=3057 loops=1)
  Hash Cond: (ci.movie_id = t.id)
  ->  Seq Scan on cast_info ci  (cost=0.00..796071.18 rows=227157 width=4) (actual time=1335.053..8691.032 rows=120432 loops=1)
        Filter: ((person_id < 890428) AND (role_id = 5))
        Rows Removed by Filter: 36123912
  ->  Hash  (cost=438896.72..438896.72 rows=5712 width=8) (actual time=7938.930..7938.930 rows=26967 loops=1)
        Buckets: 32768 (originally 8192)  Batches: 1 (originally 1)  Memory Usage: 1310kB
        ->  Hash Join  (cost=73962.22..438896.72 rows=5712 width=8) (actual time=1202.290..7925.671 rows=26967 loops=1)
              Hash Cond: (mi.movie_id = t.id)
              ->  Seq Scan on movie_info mi  (cost=0.00..346232.03 rows=4972096 width=4) (actual time=0.030..5812.183 rows=4923966 loops=1)
                    Filter: (info_type_id < 5)
                    Rows Removed by Filter: 9911754
              ->  Hash  (cost=73925.90..73925.90 rows=2905 width=4) (actual time=1201.983..1201.983 rows=7329 loops=1)
                    Buckets: 8192 (originally 4096)  Batches: 1 (originally 1)  Memory Usage: 322kB
                    ->  Seq Scan on title t  (cost=0.00..73925.90 rows=2905 width=4) (actual time=0.224..1198.345 rows=7329 loops=1)
                          Filter: ((kind_id < 7) AND (production_year = 1984))
                          Rows Removed by Filter: 2520983
Planning time: 1.275 ms
Execution time: 16664.803 ms
