Hash Join  (cost=73950.44..438720.80 rows=11443 width=169) (actual time=1310.618..8295.962 rows=39888 loops=1)
  Hash Cond: (mi.movie_id = t.id)
  ->  Seq Scan on movie_info mi  (cost=0.00..309384.22 rows=14739122 width=75) (actual time=0.011..3986.452 rows=14835720 loops=1)
  ->  Hash  (cost=73925.90..73925.90 rows=1963 width=94) (actual time=1310.507..1310.507 rows=2743 loops=1)
        Buckets: 4096 (originally 2048)  Batches: 1 (originally 1)  Memory Usage: 331kB
        ->  Seq Scan on title t  (cost=0.00..73925.90 rows=1963 width=94) (actual time=0.045..1309.020 rows=2743 loops=1)
              Filter: ((kind_id = 1) AND (production_year = 1937))
              Rows Removed by Filter: 2525569
Planning time: 1.005 ms
Execution time: 8298.802 ms
