Hash Join  (cost=102767.86..952807.24 rows=5595953 width=0) (actual time=1972.675..19233.377 rows=5519128 loops=1)
  Hash Cond: (ci.movie_id = t.id)
  ->  Seq Scan on cast_info ci  (cost=0.00..705507.15 rows=5595953 width=4) (actual time=0.030..12222.191 rows=5519128 loops=1)
        Filter: (person_id < 532776)
        Rows Removed by Filter: 30725216
  ->  Hash  (cost=61283.27..61283.27 rows=2528527 width=4) (actual time=1971.935..1971.935 rows=2528312 loops=1)
        Buckets: 131072  Batches: 64  Memory Usage: 2415kB
        ->  Seq Scan on title t  (cost=0.00..61283.27 rows=2528527 width=4) (actual time=0.025..1137.007 rows=2528312 loops=1)
Planning time: 2.697 ms
Execution time: 19859.730 ms
