Hash Join  (cost=93569.21..185650.44 rows=1235471 width=0) (actual time=2545.831..4454.733 rows=504404 loops=1)
  Hash Cond: (mc.movie_id = t.id)
  ->  Seq Scan on movie_companies mc  (cost=0.00..44881.29 rows=2609129 width=4) (actual time=0.014..988.644 rows=2609129 loops=1)
  ->  Hash  (cost=73925.90..73925.90 rows=1197304 width=4) (actual time=1936.111..1936.111 rows=1285057 loops=1)
        Buckets: 131072  Batches: 16  Memory Usage: 3858kB
        ->  Seq Scan on title t  (cost=0.00..73925.90 rows=1197304 width=4) (actual time=2.030..1511.312 rows=1285057 loops=1)
              Filter: ((production_year > 1978) AND (kind_id = 7))
              Rows Removed by Filter: 1243255
Planning time: 0.597 ms
Execution time: 4508.060 ms
