Seq Scan on movie_keyword mk  (cost=0.00..81003.12 rows=2270815 width=0) (actual time=0.024..1487.101 rows=2271008 loops=1)
  Filter: (keyword_id < 4776)
  Rows Removed by Filter: 2252922
Planning time: 0.314 ms
Execution time: 1773.640 ms
