Hash Join  (cost=204361.17..969913.33 rows=381547 width=0) (actual time=14338.751..19602.506 rows=5378 loops=1)
  Hash Cond: (ci.movie_id = t.id)
  ->  Seq Scan on cast_info ci  (cost=0.00..705507.15 rows=4320508 width=4) (actual time=10160.554..13783.602 rows=4323018 loops=1)
        Filter: (role_id = 10)
        Rows Removed by Filter: 31921326
  ->  Hash  (cost=200696.97..200696.97 rows=223296 width=8) (actual time=4161.546..4161.546 rows=14244 loops=1)
        Buckets: 131072  Batches: 4  Memory Usage: 1163kB
        ->  Hash Join  (cost=75973.97..200696.97 rows=223296 width=8) (actual time=1729.431..4154.644 rows=14244 loops=1)
              Hash Cond: (mk.movie_id = t.id)
              ->  Seq Scan on movie_keyword mk  (cost=0.00..69693.30 rows=4523930 width=4) (actual time=0.030..1502.295 rows=4523930 loops=1)
              ->  Hash  (cost=73925.90..73925.90 rows=124805 width=4) (actual time=1005.034..1005.034 rows=22607 loops=1)
                    Buckets: 131072  Batches: 2  Memory Usage: 1427kB
                    ->  Seq Scan on title t  (cost=0.00..73925.90 rows=124805 width=4) (actual time=0.027..993.848 rows=22607 loops=1)
                          Filter: ((production_year < 1956) AND (kind_id = 7))
                          Rows Removed by Filter: 2505705
Planning time: 1.267 ms
Execution time: 19603.396 ms
