Nested Loop  (cost=0.43..127747.23 rows=2592 width=0) (actual time=0.153..1546.063 rows=5949 loops=1)
  ->  Seq Scan on movie_keyword mk  (cost=0.00..81003.12 rows=6635 width=4) (actual time=0.108..1338.066 rows=6649 loops=1)
        Filter: (keyword_id = 500)
        Rows Removed by Filter: 4517281
  ->  Index Scan using title_pkey on title t  (cost=0.43..7.04 rows=1 width=4) (actual time=0.030..0.030 rows=1 loops=6649)
        Index Cond: (id = mk.movie_id)
        Filter: (kind_id < 7)
        Rows Removed by Filter: 0
Planning time: 0.723 ms
Execution time: 1547.729 ms
