Hash Join  (cost=715460.16..2771969.48 rows=77516007 width=0) (actual time=16203.300..68753.222 rows=72486482 loops=1)
  Hash Cond: (ci.movie_id = t.id)
  ->  Seq Scan on cast_info ci  (cost=0.00..614943.12 rows=36225612 width=4) (actual time=0.011..14258.009 rows=36244344 loops=1)
  ->  Hash  (cost=626692.00..626692.00 rows=5410573 width=8) (actual time=16200.132..16200.132 rows=3094263 loops=1)
        Buckets: 131072  Batches: 128  Memory Usage: 1984kB
        ->  Hash Join  (cost=89154.34..626692.00 rows=5410573 width=8) (actual time=1905.509..15367.568 rows=3094263 loops=1)
              Hash Cond: (mi.movie_id = t.id)
              ->  Seq Scan on movie_info mi  (cost=0.00..309384.22 rows=14739122 width=4) (actual time=0.025..5725.353 rows=14835720 loops=1)
              ->  Hash  (cost=73925.90..73925.90 rows=928195 width=4) (actual time=1904.399..1904.399 rows=1004724 loops=1)
                    Buckets: 131072  Batches: 16  Memory Usage: 3245kB
                    ->  Seq Scan on title t  (cost=0.00..73925.90 rows=928195 width=4) (actual time=0.032..1570.917 rows=1004724 loops=1)
                          Filter: ((kind_id > 1) AND (production_year > 2002))
                          Rows Removed by Filter: 1523588
Planning time: 1.164 ms
Execution time: 76676.783 ms
