Seq Scan on movie_keyword mk  (cost=0.00..81003.12 rows=3888964 width=0) (actual time=0.018..1645.649 rows=3879219 loops=1)
  Filter: (keyword_id < 29029)
  Rows Removed by Filter: 644711
Planning time: 0.257 ms
Execution time: 2150.430 ms
