Hash Join  (cost=98271.57..815679.97 rows=205507 width=0) (actual time=11173.383..15422.803 rows=172677 loops=1)
  Hash Cond: (ci.movie_id = t.id)
  ->  Seq Scan on cast_info ci  (cost=0.00..705507.15 rows=350181 width=4) (actual time=9238.174..12843.059 rows=316118 loops=1)
        Filter: (role_id > 10)
        Rows Removed by Filter: 35928226
  ->  Hash  (cost=73925.90..73925.90 rows=1483893 width=4) (actual time=1928.223..1928.223 rows=1478439 loops=1)
        Buckets: 131072  Batches: 32  Memory Usage: 2651kB
        ->  Seq Scan on title t  (cost=0.00..73925.90 rows=1483893 width=4) (actual time=0.026..1365.072 rows=1478439 loops=1)
              Filter: ((production_year > 1909) AND (kind_id = 7))
              Rows Removed by Filter: 1049873
Planning time: 0.805 ms
Execution time: 15442.958 ms
