Hash Join  (cost=74131.99..161085.01 rows=29498 width=0) (actual time=2016.255..3248.575 rows=9436 loops=1)
  Hash Cond: (mk.movie_id = t.id)
  ->  Seq Scan on movie_keyword mk  (cost=0.00..69693.30 rows=4523930 width=4) (actual time=0.017..1100.222 rows=4523930 loops=1)
  ->  Hash  (cost=73925.90..73925.90 rows=16487 width=4) (actual time=1290.147..1290.147 rows=16247 loops=1)
        Buckets: 32768  Batches: 1  Memory Usage: 828kB
        ->  Seq Scan on title t  (cost=0.00..73925.90 rows=16487 width=4) (actual time=35.355..1282.665 rows=16247 loops=1)
              Filter: ((kind_id = 7) AND (production_year = 1993))
              Rows Removed by Filter: 2512065
Planning time: 0.576 ms
Execution time: 3249.966 ms
