Hash Join  (cost=131508.38..882821.34 rows=52379 width=176) (actual time=2299.258..18764.495 rows=52065 loops=1)
  Hash Cond: (ci.movie_id = t.id)
  ->  Seq Scan on cast_info ci  (cost=0.00..614943.12 rows=36225612 width=42) (actual time=0.014..7871.298 rows=36244344 loops=1)
  ->  Hash  (cost=131462.68..131462.68 rows=3656 width=134) (actual time=2298.513..2298.513 rows=8403 loops=1)
        Buckets: 16384 (originally 4096)  Batches: 1 (originally 1)  Memory Usage: 1405kB
        ->  Hash Join  (cost=73997.83..131462.68 rows=3656 width=134) (actual time=1068.044..2290.743 rows=8403 loops=1)
              Hash Cond: (mc.movie_id = t.id)
              ->  Seq Scan on movie_companies mc  (cost=0.00..51404.11 rows=1606448 width=40) (actual time=0.018..913.523 rows=1597039 loops=1)
                    Filter: (company_id < 16320)
                    Rows Removed by Filter: 1012090
              ->  Hash  (cost=73925.90..73925.90 rows=5754 width=94) (actual time=1067.958..1067.958 rows=5353 loops=1)
                    Buckets: 8192  Batches: 1  Memory Usage: 696kB
                    ->  Seq Scan on title t  (cost=0.00..73925.90 rows=5754 width=94) (actual time=0.727..1064.985 rows=5353 loops=1)
                          Filter: ((kind_id = 2) AND (production_year = 2011))
                          Rows Removed by Filter: 2522959
Planning time: 1.465 ms
Execution time: 18768.670 ms
