Hash Join  (cost=78893.29..577529.98 rows=1764776 width=0) (actual time=1166.186..13370.061 rows=848239 loops=1)
  Hash Cond: (mi.movie_id = t.id)
  ->  Seq Scan on movie_info mi  (cost=0.00..309384.22 rows=14739122 width=4) (actual time=0.018..5922.473 rows=14835720 loops=1)
  ->  Hash  (cost=73925.90..73925.90 rows=302751 width=4) (actual time=1165.485..1165.485 rows=169514 loops=1)
        Buckets: 131072  Batches: 4  Memory Usage: 2519kB
        ->  Seq Scan on title t  (cost=0.00..73925.90 rows=302751 width=4) (actual time=0.024..1103.437 rows=169514 loops=1)
              Filter: ((kind_id > 2) AND (production_year < 1974))
              Rows Removed by Filter: 2358798
Planning time: 0.817 ms
Execution time: 13473.686 ms
