Seq Scan on movie_companies mc  (cost=0.00..57926.93 rows=617516 width=0) (actual time=239.149..1110.091 rows=844434 loops=1)
  Filter: ((company_id < 11156) AND (company_type_id = 1))
  Rows Removed by Filter: 1764695
Planning time: 0.446 ms
Execution time: 1215.810 ms
