Seq Scan on cast_info ci  (cost=0.00..705507.15 rows=500 width=0) (actual time=1903.984..11256.103 rows=956 loops=1)
  Filter: (person_id = 2091435)
  Rows Removed by Filter: 36243388
Planning time: 1.449 ms
Execution time: 11256.312 ms
