Seq Scan on movie_keyword mk  (cost=0.00..81003.12 rows=246 width=0) (actual time=5.930..1147.741 rows=312 loops=1)
  Filter: (keyword_id = 11946)
  Rows Removed by Filter: 4523618
Planning time: 0.431 ms
Execution time: 1148.011 ms
