Hash Join  (cost=235871.00..767097.99 rows=5186612 width=0) (actual time=4676.403..17387.558 rows=2311460 loops=1)
  Hash Cond: (mi.movie_id = t.id)
  ->  Seq Scan on movie_info mi  (cost=0.00..346232.03 rows=11115165 width=4) (actual time=8.799..7247.800 rows=11210743 loops=1)
        Filter: (info_type_id > 3)
        Rows Removed by Filter: 3624977
  ->  Hash  (cost=216513.59..216513.59 rows=1179873 width=8) (actual time=4666.667..4666.667 rows=260308 loops=1)
        Buckets: 131072  Batches: 16  Memory Usage: 1662kB
        ->  Hash Join  (cost=92883.59..216513.59 rows=1179873 width=8) (actual time=2387.858..4595.619 rows=260308 loops=1)
              Hash Cond: (mk.movie_id = t.id)
              ->  Seq Scan on movie_keyword mk  (cost=0.00..81003.12 rows=1936229 width=4) (actual time=0.018..1608.535 rows=1949277 loops=1)
                    Filter: (keyword_id < 3379)
                    Rows Removed by Filter: 2574653
              ->  Hash  (cost=67604.59..67604.59 rows=1540800 width=4) (actual time=1836.920..1836.920 rows=1543264 loops=1)
                    Buckets: 131072  Batches: 32  Memory Usage: 2728kB
                    ->  Seq Scan on title t  (cost=0.00..67604.59 rows=1540800 width=4) (actual time=0.022..1331.538 rows=1543264 loops=1)
                          Filter: (kind_id = 7)
                          Rows Removed by Filter: 985048
Planning time: 1.171 ms
Execution time: 17650.405 ms
