Hash Join  (cost=128148.59..695844.31 rows=165725 width=219) (actual time=2269.974..13678.511 rows=572607 loops=1)
  Hash Cond: (mi.movie_id = t.id)
  ->  Seq Scan on movie_info mi  (cost=0.00..346232.03 rows=7503588 width=75) (actual time=0.010..5758.439 rows=7548855 loops=1)
        Filter: (info_type_id > 7)
        Rows Removed by Filter: 7286865
  ->  Hash  (cost=126304.53..126304.53 rows=55845 width=144) (actual time=2269.588..2269.588 rows=111147 loops=1)
        Buckets: 32768  Batches: 4  Memory Usage: 3902kB
        ->  Hash Join  (cost=70382.60..126304.53 rows=55845 width=144) (actual time=1207.662..2203.097 rows=111147 loops=1)
              Hash Cond: (mi_idx.movie_id = t.id)
              ->  Seq Scan on movie_info_idx mi_idx  (cost=0.00..21735.35 rows=1380035 width=50) (actual time=0.009..329.414 rows=1380035 loops=1)
              ->  Hash  (cost=67604.59..67604.59 rows=102321 width=94) (actual time=913.871..913.871 rows=100537 loops=1)
                    Buckets: 32768  Batches: 4  Memory Usage: 3099kB
                    ->  Seq Scan on title t  (cost=0.00..67604.59 rows=102321 width=94) (actual time=293.959..875.606 rows=100537 loops=1)
                          Filter: (kind_id = 3)
                          Rows Removed by Filter: 2427775
Planning time: 0.904 ms
Execution time: 13713.242 ms
