Hash Join  (cost=243105.87..862838.35 rows=11387166 width=0) (actual time=5726.723..32461.310 rows=53037862 loops=1)
  Hash Cond: (mi.movie_id = t.id)
  ->  Seq Scan on movie_info mi  (cost=0.00..309384.22 rows=14739122 width=4) (actual time=0.010..6516.714 rows=14835720 loops=1)
  ->  Hash  (cost=211056.22..211056.22 rows=1953492 width=8) (actual time=5725.731..5725.731 rows=1959770 loops=1)
        Buckets: 131072  Batches: 32  Memory Usage: 3472kB
        ->  Hash Join  (cost=102767.86..211056.22 rows=1953492 width=8) (actual time=1987.003..5159.531 rows=1959770 loops=1)
              Hash Cond: (mc.movie_id = t.id)
              ->  Seq Scan on movie_companies mc  (cost=0.00..51404.11 rows=1953492 width=4) (actual time=0.022..1120.442 rows=1959770 loops=1)
                    Filter: (company_id > 874)
                    Rows Removed by Filter: 649359
              ->  Hash  (cost=61283.27..61283.27 rows=2528527 width=4) (actual time=1985.230..1985.230 rows=2528312 loops=1)
                    Buckets: 131072  Batches: 64  Memory Usage: 2415kB
                    ->  Seq Scan on title t  (cost=0.00..61283.27 rows=2528527 width=4) (actual time=0.006..1156.173 rows=2528312 loops=1)
Planning time: 1.188 ms
Execution time: 37996.239 ms
