Hash Join  (cost=100586.94..464507.62 rows=376557 width=0) (actual time=6157.643..7948.398 rows=375321 loops=1)
  Hash Cond: (mi.movie_id = t.id)
  ->  Seq Scan on movie_info mi  (cost=0.00..346232.03 rows=473617 width=4) (actual time=4142.467..5208.885 rows=486554 loops=1)
        Filter: (info_type_id = 5)
        Rows Removed by Filter: 14349166
  ->  Hash  (cost=67604.59..67604.59 rows=2010348 width=4) (actual time=2014.088..2014.088 rows=2004649 loops=1)
        Buckets: 131072  Batches: 32  Memory Usage: 3242kB
        ->  Seq Scan on title t  (cost=0.00..67604.59 rows=2010348 width=4) (actual time=0.030..1348.750 rows=2004649 loops=1)
              Filter: (production_year > 1975)
              Rows Removed by Filter: 523663
Planning time: 0.793 ms
Execution time: 7993.931 ms
