Seq Scan on movie_keyword mk  (cost=0.00..81003.12 rows=2130234 width=0) (actual time=0.032..1503.606 rows=2128687 loops=1)
  Filter: (keyword_id > 5558)
  Rows Removed by Filter: 2395243
Planning time: 0.349 ms
Execution time: 1768.691 ms
