Hash Join  (cost=213382.13..256640.18 rows=324356 width=0) (actual time=4334.856..5687.580 rows=1534321 loops=1)
  Hash Cond: (mi_idx.movie_id = t.id)
  ->  Seq Scan on movie_info_idx mi_idx  (cost=0.00..21735.35 rows=1380035 width=4) (actual time=0.015..439.322 rows=1380035 loops=1)
  ->  Hash  (cost=203631.48..203631.48 rows=594292 width=8) (actual time=4333.971..4333.971 rows=708901 loops=1)
        Buckets: 131072 (originally 131072)  Batches: 16 (originally 8)  Memory Usage: 3073kB
        ->  Hash Join  (cost=99161.12..203631.48 rows=594292 width=8) (actual time=1887.803..4131.004 rows=708901 loops=1)
              Hash Cond: (mk.movie_id = t.id)
              ->  Seq Scan on movie_keyword mk  (cost=0.00..81003.12 rows=781263 width=4) (actual time=0.017..1337.107 rows=784468 loops=1)
                    Filter: (keyword_id < 750)
                    Rows Removed by Filter: 3739462
              ->  Hash  (cost=67604.59..67604.59 rows=1923403 width=4) (actual time=1886.289..1886.289 rows=1922849 loops=1)
                    Buckets: 131072  Batches: 32  Memory Usage: 3141kB
                    ->  Seq Scan on title t  (cost=0.00..67604.59 rows=1923403 width=4) (actual time=0.031..1246.215 rows=1922849 loops=1)
                          Filter: (production_year < 2010)
                          Rows Removed by Filter: 605463
Planning time: 1.200 ms
Execution time: 5818.290 ms
