Seq Scan on movie_companies mc  (cost=0.00..57926.93 rows=340930 width=0) (actual time=0.017..887.624 rows=187046 loops=1)
  Filter: ((company_id < 983) AND (company_type_id > 1))
  Rows Removed by Filter: 2422083
Planning time: 1.133 ms
Execution time: 911.769 ms
