Hash Join  (cost=73994.33..100934.69 rows=2988 width=0) (actual time=1150.647..1722.871 rows=5589 loops=1)
  Hash Cond: (mi_idx.movie_id = t.id)
  ->  Seq Scan on movie_info_idx mi_idx  (cost=0.00..21735.35 rows=1380035 width=4) (actual time=0.019..281.615 rows=1380035 loops=1)
  ->  Hash  (cost=73925.90..73925.90 rows=5474 width=4) (actual time=1149.958..1149.958 rows=9919 loops=1)
        Buckets: 16384 (originally 8192)  Batches: 1 (originally 1)  Memory Usage: 477kB
        ->  Seq Scan on title t  (cost=0.00..73925.90 rows=5474 width=4) (actual time=0.038..1144.667 rows=9919 loops=1)
              Filter: ((kind_id > 1) AND (production_year = 1966))
              Rows Removed by Filter: 2518393
Planning time: 0.860 ms
Execution time: 1723.818 ms
