Hash Join  (cost=171645.95..300998.65 rows=1144307 width=0) (actual time=3784.237..7327.323 rows=1802073 loops=1)
  Hash Cond: (mk.movie_id = t.id)
  ->  Seq Scan on movie_keyword mk  (cost=0.00..81003.12 rows=2848669 width=4) (actual time=0.028..1762.796 rows=2837093 loops=1)
        Filter: (keyword_id < 8598)
        Rows Removed by Filter: 1686837
  ->  Hash  (cost=154981.62..154981.62 rows=1015706 width=8) (actual time=3781.993..3781.993 rows=750135 loops=1)
        Buckets: 131072  Batches: 16  Memory Usage: 2873kB
        ->  Hash Join  (cost=98137.04..154981.62 rows=1015706 width=8) (actual time=1882.870..3546.780 rows=750135 loops=1)
              Hash Cond: (mi_idx.movie_id = t.id)
              ->  Seq Scan on movie_info_idx mi_idx  (cost=0.00..21735.35 rows=1380035 width=4) (actual time=0.019..427.334 rows=1380035 loops=1)
              ->  Hash  (cost=67604.59..67604.59 rows=1860996 width=4) (actual time=1881.679..1881.679 rows=1865487 loops=1)
                    Buckets: 131072  Batches: 32  Memory Usage: 3079kB
                    ->  Seq Scan on title t  (cost=0.00..67604.59 rows=1860996 width=4) (actual time=0.022..1286.059 rows=1865487 loops=1)
                          Filter: (kind_id > 1)
                          Rows Removed by Filter: 662825
Planning time: 2.437 ms
Execution time: 7542.613 ms
