Hash Join  (cost=236329.42..1093874.27 rows=5155144 width=0) (actual time=12239.706..25869.408 rows=9744379 loops=1)
  Hash Cond: (ci.movie_id = t.id)
  ->  Seq Scan on cast_info ci  (cost=0.00..705507.15 rows=7298253 width=4) (actual time=6918.419..13739.599 rows=7451973 loops=1)
        Filter: (role_id = 2)
        Rows Removed by Filter: 28792371
  ->  Hash  (cost=207027.01..207027.01 rows=1786033 width=8) (actual time=5320.202..5320.202 rows=1776819 loops=1)
        Buckets: 131072  Batches: 32  Memory Usage: 3155kB
        ->  Hash Join  (cost=102767.86..207027.01 rows=1786033 width=8) (actual time=1742.286..4805.777 rows=1776819 loops=1)
              Hash Cond: (mc.movie_id = t.id)
              ->  Seq Scan on movie_companies mc  (cost=0.00..51404.11 rows=1786033 width=4) (actual time=0.036..976.480 rows=1776819 loops=1)
                    Filter: (company_id < 27115)
                    Rows Removed by Filter: 832310
              ->  Hash  (cost=61283.27..61283.27 rows=2528527 width=4) (actual time=1741.079..1741.079 rows=2528312 loops=1)
                    Buckets: 131072  Batches: 64  Memory Usage: 2415kB
                    ->  Seq Scan on title t  (cost=0.00..61283.27 rows=2528527 width=4) (actual time=0.016..918.083 rows=2528312 loops=1)
Planning time: 1.185 ms
Execution time: 26996.932 ms
