Hash Join  (cost=553288.64..2070879.40 rows=11109054 width=211) (actual time=8584.347..32996.181 rows=6447046 loops=1)
  Hash Cond: (ci.movie_id = t.id)
  ->  Seq Scan on cast_info ci  (cost=0.00..614943.12 rows=36225612 width=42) (actual time=0.023..5637.077 rows=36244344 loops=1)
  ->  Hash  (cost=524665.06..524665.06 rows=775406 width=169) (actual time=8582.747..8582.747 rows=286384 loops=1)
        Buckets: 32768  Batches: 64  Memory Usage: 858kB
        ->  Hash Join  (cost=109435.59..524665.06 rows=775406 width=169) (actual time=2184.246..8378.260 rows=286384 loops=1)
              Hash Cond: (mi.movie_id = t.id)
              ->  Seq Scan on movie_info mi  (cost=0.00..346232.03 rows=1272478 width=75) (actual time=591.091..4279.941 rows=1325361 loops=1)
                    Filter: (info_type_id = 8)
                    Rows Removed by Filter: 13510359
              ->  Hash  (cost=67604.59..67604.59 rows=1540800 width=94) (actual time=1592.083..1592.083 rows=1543264 loops=1)
                    Buckets: 32768  Batches: 64  Memory Usage: 3017kB
                    ->  Seq Scan on title t  (cost=0.00..67604.59 rows=1540800 width=94) (actual time=0.034..949.957 rows=1543264 loops=1)
                          Filter: (kind_id = 7)
                          Rows Removed by Filter: 985048
Planning time: 1.562 ms
Execution time: 33243.037 ms
