Hash Join  (cost=95465.71..189191.37 rows=1354714 width=0) (actual time=2075.574..4656.647 rows=592795 loops=1)
  Hash Cond: (mc.movie_id = t.id)
  ->  Seq Scan on movie_companies mc  (cost=0.00..44881.29 rows=2609129 width=4) (actual time=0.017..891.934 rows=2609129 loops=1)
  ->  Hash  (cost=73925.90..73925.90 rows=1312864 width=4) (actual time=2073.939..2073.939 rows=1391524 loops=1)
        Buckets: 131072  Batches: 32  Memory Usage: 2555kB
        ->  Seq Scan on title t  (cost=0.00..73925.90 rows=1312864 width=4) (actual time=0.028..958.761 rows=1391524 loops=1)
              Filter: ((production_year > 1965) AND (kind_id = 7))
              Rows Removed by Filter: 1136788
Planning time: 0.818 ms
Execution time: 4727.411 ms
