Hash Join  (cost=193327.85..236285.89 rows=306856 width=0) (actual time=3749.762..4972.360 rows=486040 loops=1)
  Hash Cond: (mi_idx.movie_id = t.id)
  ->  Seq Scan on movie_info_idx mi_idx  (cost=0.00..21735.35 rows=1380035 width=4) (actual time=0.015..507.123 rows=1380035 loops=1)
  ->  Hash  (cost=184103.00..184103.00 rows=562228 width=8) (actual time=3748.975..3748.975 rows=286178 loops=1)
        Buckets: 131072  Batches: 8  Memory Usage: 2429kB
        ->  Hash Join  (cost=102767.86..184103.00 rows=562228 width=8) (actual time=2606.299..3668.058 rows=286178 loops=1)
              Hash Cond: (mc.movie_id = t.id)
              ->  Seq Scan on movie_companies mc  (cost=0.00..57926.93 rows=562228 width=4) (actual time=600.556..1041.444 rows=286178 loops=1)
                    Filter: ((company_id > 13032) AND (company_type_id < 2))
                    Rows Removed by Filter: 2322951
              ->  Hash  (cost=61283.27..61283.27 rows=2528527 width=4) (actual time=1896.939..1896.939 rows=2528312 loops=1)
                    Buckets: 131072  Batches: 64  Memory Usage: 2415kB
                    ->  Seq Scan on title t  (cost=0.00..61283.27 rows=2528527 width=4) (actual time=0.023..1068.221 rows=2528312 loops=1)
Planning time: 1.254 ms
Execution time: 5026.281 ms
