Hash Join  (cost=180218.49..319985.16 rows=1458064 width=0) (actual time=4317.956..9604.435 rows=7258276 loops=1)
  Hash Cond: (mk.movie_id = t.id)
  ->  Seq Scan on movie_keyword mk  (cost=0.00..69693.30 rows=4523930 width=4) (actual time=0.017..1409.284 rows=4523930 loops=1)
  ->  Hash  (cost=166847.67..166847.67 rows=814945 width=8) (actual time=4316.842..4316.842 rows=630339 loops=1)
        Buckets: 131072  Batches: 16  Memory Usage: 2567kB
        ->  Hash Join  (cost=80562.70..166847.67 rows=814945 width=8) (actual time=1595.442..4115.476 rows=630339 loops=1)
              Hash Cond: (mc.movie_id = t.id)
              ->  Seq Scan on movie_companies mc  (cost=0.00..44881.29 rows=2609129 width=4) (actual time=0.023..884.600 rows=2609129 loops=1)
              ->  Hash  (cost=67604.59..67604.59 rows=789769 width=4) (actual time=1594.107..1594.107 rows=784926 loops=1)
                    Buckets: 131072  Batches: 16  Memory Usage: 2749kB
                    ->  Seq Scan on title t  (cost=0.00..67604.59 rows=789769 width=4) (actual time=0.020..1313.062 rows=784926 loops=1)
                          Filter: (production_year > 2007)
                          Rows Removed by Filter: 1743386
Planning time: 1.196 ms
Execution time: 10437.796 ms
