Hash Join  (cost=1401602.27..2841599.58 rows=70995246 width=0) (actual time=33388.729..92190.598 rows=160233289 loops=1)
  Hash Cond: (mi.movie_id = t.id)
  ->  Seq Scan on movie_info mi  (cost=0.00..309384.22 rows=14739122 width=4) (actual time=0.016..6048.458 rows=14835720 loops=1)
  ->  Hash  (cost=1201783.99..1201783.99 rows=12179382 width=8) (actual time=33386.565..33386.565 rows=12670688 loops=1)
        Buckets: 131072  Batches: 256  Memory Usage: 3036kB
        ->  Hash Join  (cost=102767.86..1201783.99 rows=12179382 width=8) (actual time=3537.846..29584.539 rows=12670688 loops=1)
              Hash Cond: (ci.movie_id = t.id)
              ->  Seq Scan on cast_info ci  (cost=0.00..796071.18 rows=12179382 width=4) (actual time=1709.915..16820.784 rows=12670688 loops=1)
                    Filter: ((person_id < 3752395) AND (role_id < 2))
                    Rows Removed by Filter: 23573656
              ->  Hash  (cost=61283.27..61283.27 rows=2528527 width=4) (actual time=1826.601..1826.601 rows=2528312 loops=1)
                    Buckets: 131072  Batches: 64  Memory Usage: 2415kB
                    ->  Seq Scan on title t  (cost=0.00..61283.27 rows=2528527 width=4) (actual time=0.021..987.891 rows=2528312 loops=1)
Planning time: 3.394 ms
Execution time: 110197.082 ms
