Hash Join  (cost=190230.21..302142.57 rows=818231 width=0) (actual time=4181.343..7424.912 rows=3443957 loops=1)
  Hash Cond: (mk.movie_id = t.id)
  ->  Seq Scan on movie_keyword mk  (cost=0.00..81003.12 rows=1499178 width=4) (actual time=0.020..1504.562 rows=1520282 loops=1)
        Filter: (keyword_id > 10631)
        Rows Removed by Filter: 3003648
  ->  Hash  (cost=167588.78..167588.78 rows=1380035 width=8) (actual time=4179.216..4179.216 rows=1380035 loops=1)
        Buckets: 131072  Batches: 32  Memory Usage: 2726kB
        ->  Hash Join  (cost=102767.86..167588.78 rows=1380035 width=8) (actual time=1909.629..3804.693 rows=1380035 loops=1)
              Hash Cond: (mi_idx.movie_id = t.id)
              ->  Seq Scan on movie_info_idx mi_idx  (cost=0.00..21735.35 rows=1380035 width=4) (actual time=0.020..478.257 rows=1380035 loops=1)
              ->  Hash  (cost=61283.27..61283.27 rows=2528527 width=4) (actual time=1907.866..1907.866 rows=2528312 loops=1)
                    Buckets: 131072  Batches: 64  Memory Usage: 2415kB
                    ->  Seq Scan on title t  (cost=0.00..61283.27 rows=2528527 width=4) (actual time=0.018..1084.058 rows=2528312 loops=1)
Planning time: 1.129 ms
Execution time: 7822.402 ms
