Seq Scan on movie_companies mc  (cost=0.00..57926.93 rows=53 width=40) (actual time=506.330..717.265 rows=111 loops=1)
  Filter: ((company_type_id > 1) AND (company_id = 2757))
  Rows Removed by Filter: 2609018
Planning time: 0.502 ms
Execution time: 717.311 ms
