Seq Scan on movie_companies mc  (cost=0.00..57926.93 rows=51 width=0) (actual time=3.243..389.181 rows=91 loops=1)
  Filter: ((company_id = 17569) AND (company_type_id = 1))
  Rows Removed by Filter: 2609038
Planning time: 0.430 ms
Execution time: 389.297 ms
