Hash Join  (cost=102767.86..914596.26 rows=244260 width=0) (actual time=4311.456..16783.739 rows=82926 loops=1)
  Hash Cond: (ci.movie_id = t.id)
  ->  Seq Scan on cast_info ci  (cost=0.00..796071.18 rows=244260 width=4) (actual time=2453.592..13547.040 rows=82926 loops=1)
        Filter: ((person_id < 2609491) AND (role_id > 10))
        Rows Removed by Filter: 36161418
  ->  Hash  (cost=61283.27..61283.27 rows=2528527 width=4) (actual time=1856.380..1856.380 rows=2528312 loops=1)
        Buckets: 131072  Batches: 64  Memory Usage: 2415kB
        ->  Seq Scan on title t  (cost=0.00..61283.27 rows=2528527 width=4) (actual time=0.024..1000.479 rows=2528312 loops=1)
Planning time: 0.816 ms
Execution time: 16794.404 ms
