Nested Loop  (cost=0.43..135591.45 rows=6528 width=0) (actual time=0.071..1490.166 rows=7197 loops=1)
  ->  Seq Scan on movie_keyword mk  (cost=0.00..81003.12 rows=7992 width=4) (actual time=0.039..1231.312 rows=7673 loops=1)
        Filter: (keyword_id = 7078)
        Rows Removed by Filter: 4516257
  ->  Index Scan using title_pkey on title t  (cost=0.43..6.82 rows=1 width=4) (actual time=0.033..0.033 rows=1 loops=7673)
        Index Cond: (id = mk.movie_id)
        Filter: (production_year < 2011)
        Rows Removed by Filter: 0
Planning time: 0.787 ms
Execution time: 1492.316 ms
