Seq Scan on movie_companies mc  (cost=0.00..51404.11 rows=1855842 width=0) (actual time=0.018..960.896 rows=1861412 loops=1)
  Filter: (company_id > 1451)
  Rows Removed by Filter: 747717
Planning time: 1.216 ms
Execution time: 1194.055 ms
