Seq Scan on movie_keyword mk  (cost=0.00..81003.12 rows=246 width=0) (actual time=0.860..1010.815 rows=1115 loops=1)
  Filter: (keyword_id = 1887)
  Rows Removed by Filter: 4522815
Planning time: 0.421 ms
Execution time: 1011.213 ms
