Hash Join  (cost=173813.41..263796.23 rows=1083230 width=0) (actual time=4743.202..7801.611 rows=3520682 loops=1)
  Hash Cond: (mc.movie_id = t.id)
  ->  Seq Scan on movie_companies mc  (cost=0.00..44881.29 rows=2609129 width=4) (actual time=0.020..865.896 rows=2609129 loops=1)
  ->  Hash  (cost=156590.32..156590.32 rows=1049767 width=8) (actual time=4742.184..4742.184 rows=1187646 loops=1)
        Buckets: 131072  Batches: 16  Memory Usage: 3930kB
        ->  Hash Join  (cost=99161.12..156590.32 rows=1049767 width=8) (actual time=1865.833..4394.876 rows=1187646 loops=1)
              Hash Cond: (mi_idx.movie_id = t.id)
              ->  Seq Scan on movie_info_idx mi_idx  (cost=0.00..21735.35 rows=1380035 width=4) (actual time=0.015..414.397 rows=1380035 loops=1)
              ->  Hash  (cost=67604.59..67604.59 rows=1923403 width=4) (actual time=1865.048..1865.048 rows=1922849 loops=1)
                    Buckets: 131072  Batches: 32  Memory Usage: 3132kB
                    ->  Seq Scan on title t  (cost=0.00..67604.59 rows=1923403 width=4) (actual time=0.013..1236.326 rows=1922849 loops=1)
                          Filter: (production_year < 2010)
                          Rows Removed by Filter: 605463
Planning time: 1.685 ms
Execution time: 8175.794 ms
