Seq Scan on title t  (cost=0.00..73925.90 rows=545247 width=0) (actual time=378.225..1190.330 rows=557319 loops=1)
  Filter: ((production_year < 2011) AND (kind_id = 1))
  Rows Removed by Filter: 1970993
Planning time: 0.383 ms
Execution time: 1260.328 ms
