Hash Join  (cost=88195.18..622095.20 rows=5069609 width=0) (actual time=1412.708..18446.662 rows=10099080 loops=1)
  Hash Cond: (mi.movie_id = t.id)
  ->  Seq Scan on movie_info mi  (cost=0.00..309384.22 rows=14739122 width=4) (actual time=0.010..6127.770 rows=14835720 loops=1)
  ->  Hash  (cost=73925.90..73925.90 rows=869702 width=4) (actual time=1411.514..1411.514 rows=896788 loops=1)
        Buckets: 131072  Batches: 16  Memory Usage: 3007kB
        ->  Seq Scan on title t  (cost=0.00..73925.90 rows=869702 width=4) (actual time=0.056..1124.686 rows=896788 loops=1)
              Filter: ((kind_id < 7) AND (production_year < 2012))
              Rows Removed by Filter: 1631524
Planning time: 0.831 ms
Execution time: 19746.916 ms
