Hash Join  (cost=73929.13..824755.26 rows=3696 width=0) (actual time=851.950..18026.342 rows=40164 loops=1)
  Hash Cond: (ci.movie_id = t.id)
  ->  Seq Scan on cast_info ci  (cost=0.00..614943.12 rows=36225612 width=4) (actual time=0.017..9416.659 rows=36244344 loops=1)
  ->  Hash  (cost=73925.90..73925.90 rows=258 width=4) (actual time=851.462..851.462 rows=3378 loops=1)
        Buckets: 4096 (originally 1024)  Batches: 1 (originally 1)  Memory Usage: 151kB
        ->  Seq Scan on title t  (cost=0.00..73925.90 rows=258 width=4) (actual time=0.437..849.743 rows=3378 loops=1)
              Filter: ((kind_id < 7) AND (production_year > 2013))
              Rows Removed by Filter: 2524934
Planning time: 0.758 ms
Execution time: 18036.220 ms
