Hash Join  (cost=74146.12..827459.23 rows=252395 width=0) (actual time=1031.679..19735.636 rows=411049 loops=1)
  Hash Cond: (ci.movie_id = t.id)
  ->  Seq Scan on cast_info ci  (cost=0.00..614943.12 rows=36225612 width=4) (actual time=0.024..8876.041 rows=36244344 loops=1)
  ->  Hash  (cost=73925.90..73925.90 rows=17617 width=4) (actual time=1031.441..1031.441 rows=22021 loops=1)
        Buckets: 32768  Batches: 1  Memory Usage: 1031kB
        ->  Seq Scan on title t  (cost=0.00..73925.90 rows=17617 width=4) (actual time=0.024..1022.525 rows=22021 loops=1)
              Filter: ((production_year > 2012) AND (kind_id = 1))
              Rows Removed by Filter: 2506291
Planning time: 0.808 ms
Execution time: 19807.030 ms
