Seq Scan on movie_keyword mk  (cost=0.00..81003.12 rows=246 width=0) (actual time=0.587..1257.108 rows=913 loops=1)
  Filter: (keyword_id = 2516)
  Rows Removed by Filter: 4523017
Planning time: 0.415 ms
Execution time: 1257.505 ms
