Hash Join  (cost=82882.01..148273.40 rows=186484 width=0) (actual time=1338.885..2783.699 rows=181779 loops=1)
  Hash Cond: (mc.movie_id = t.id)
  ->  Seq Scan on movie_companies mc  (cost=0.00..51404.11 rows=863850 width=4) (actual time=0.023..919.624 rows=859648 loops=1)
        Filter: (company_id < 2477)
        Rows Removed by Filter: 1749481
  ->  Hash  (cost=73925.90..73925.90 rows=545848 width=4) (actual time=1337.955..1337.955 rows=419994 loops=1)
        Buckets: 131072  Batches: 8  Memory Usage: 2879kB
        ->  Seq Scan on title t  (cost=0.00..73925.90 rows=545848 width=4) (actual time=0.019..1156.658 rows=419994 loops=1)
              Filter: ((kind_id < 3) AND (production_year > 1987))
              Rows Removed by Filter: 2108318
Planning time: 0.550 ms
Execution time: 2807.961 ms
