Hash Join  (cost=466354.87..1453716.52 rows=1670772 width=0) (actual time=8853.829..34579.886 rows=11205193 loops=1)
  Hash Cond: (ci.movie_id = t.id)
  ->  Seq Scan on cast_info ci  (cost=0.00..705507.15 rows=22869009 width=4) (actual time=1380.682..14800.639 rows=22925666 loops=1)
        Filter: (person_id > 1313688)
        Rows Removed by Filter: 13318678
  ->  Hash  (cost=463323.74..463323.74 rows=184730 width=8) (actual time=7472.132..7472.132 rows=180112 loops=1)
        Buckets: 131072  Batches: 4  Memory Usage: 2749kB
        ->  Hash Join  (cost=102767.86..463323.74 rows=184730 width=8) (actual time=4059.076..7422.562 rows=180112 loops=1)
              Hash Cond: (mi.movie_id = t.id)
              ->  Seq Scan on movie_info mi  (cost=0.00..346232.03 rows=184730 width=4) (actual time=1935.087..4812.564 rows=180112 loops=1)
                    Filter: (info_type_id = 13)
                    Rows Removed by Filter: 14655608
              ->  Hash  (cost=61283.27..61283.27 rows=2528527 width=4) (actual time=2114.906..2114.906 rows=2528312 loops=1)
                    Buckets: 131072  Batches: 64  Memory Usage: 2425kB
                    ->  Seq Scan on title t  (cost=0.00..61283.27 rows=2528527 width=4) (actual time=0.026..1251.915 rows=2528312 loops=1)
Planning time: 1.176 ms
Execution time: 35819.799 ms
