Seq Scan on cast_info ci  (cost=0.00..796071.18 rows=366648 width=0) (actual time=1212.551..11010.308 rows=680477 loops=1)
  Filter: ((person_id < 95555) AND (role_id < 2))
  Rows Removed by Filter: 35563867
Planning time: 0.238 ms
Execution time: 11095.558 ms
