Seq Scan on movie_keyword mk  (cost=0.00..81003.12 rows=1927053 width=0) (actual time=0.015..1262.000 rows=1939181 loops=1)
  Filter: (keyword_id > 6818)
  Rows Removed by Filter: 2584749
Planning time: 0.355 ms
Execution time: 1482.065 ms
