Hash Join  (cost=120890.52..227432.54 rows=118542 width=0) (actual time=2323.960..4864.703 rows=719215 loops=1)
  Hash Cond: (mk.movie_id = t.id)
  ->  Seq Scan on movie_keyword mk  (cost=0.00..81003.12 rows=2056927 width=4) (actual time=0.023..1558.187 rows=2063974 loops=1)
        Filter: (keyword_id < 3663)
        Rows Removed by Filter: 2459956
  ->  Hash  (cost=118499.01..118499.01 rows=145721 width=8) (actual time=2322.976..2322.976 rows=174118 loops=1)
        Buckets: 131072 (originally 131072)  Batches: 4 (originally 2)  Memory Usage: 3073kB
        ->  Hash Join  (cost=78306.32..118499.01 rows=145721 width=8) (actual time=1103.123..2259.386 rows=174118 loops=1)
              Hash Cond: (mi_idx.movie_id = t.id)
              ->  Seq Scan on movie_info_idx mi_idx  (cost=0.00..21735.35 rows=1380035 width=4) (actual time=0.014..488.793 rows=1380035 loops=1)
              ->  Hash  (cost=73925.90..73925.90 rows=266993 width=4) (actual time=1102.300..1102.300 rows=216282 loops=1)
                    Buckets: 131072  Batches: 4  Memory Usage: 2928kB
                    ->  Seq Scan on title t  (cost=0.00..73925.90 rows=266993 width=4) (actual time=344.516..1030.298 rows=216282 loops=1)
                          Filter: ((production_year > 2005) AND (kind_id = 1))
                          Rows Removed by Filter: 2312030
Planning time: 1.181 ms
Execution time: 4948.308 ms
