Seq Scan on movie_keyword mk  (cost=0.00..81003.12 rows=4373 width=0) (actual time=0.042..1053.838 rows=4246 loops=1)
  Filter: (keyword_id = 7281)
  Rows Removed by Filter: 4519684
Planning time: 0.382 ms
Execution time: 1054.844 ms
