Hash Join  (cost=109846.01..241576.46 rows=41541 width=156) (actual time=998.646..2463.012 rows=141999 loops=1)
  Hash Cond: (mk.movie_id = t.id)
  ->  Seq Scan on movie_keyword mk  (cost=0.00..69693.30 rows=4523930 width=12) (actual time=0.018..488.376 rows=4523930 loops=1)
  ->  Hash  (cost=109078.79..109078.79 rows=23218 width=144) (actual time=998.066..998.066 rows=20111 loops=1)
        Buckets: 32768  Batches: 2  Memory Usage: 1646kB
        ->  Hash Join  (cost=71062.50..109078.79 rows=23218 width=144) (actual time=614.120..987.277 rows=20111 loops=1)
              Hash Cond: (mi_idx.movie_id = t.id)
              ->  Seq Scan on movie_info_idx mi_idx  (cost=0.00..25185.44 rows=460978 width=50) (actual time=0.027..218.056 rows=459925 loops=1)
                    Filter: (info_type_id < 100)
                    Rows Removed by Filter: 920110
              ->  Hash  (cost=67604.59..67604.59 rows=127353 width=94) (actual time=613.547..613.547 rows=128696 loops=1)
                    Buckets: 32768  Batches: 8  Memory Usage: 2090kB
                    ->  Seq Scan on title t  (cost=0.00..67604.59 rows=127353 width=94) (actual time=0.012..573.610 rows=128696 loops=1)
                          Filter: (production_year = 2009)
                          Rows Removed by Filter: 2399616
Planning time: 1.354 ms
Execution time: 2469.795 ms
