Hash Join  (cost=285595.75..768060.10 rows=5196824 width=0) (actual time=6659.393..15133.040 rows=1284356 loops=1)
  Hash Cond: (mi.movie_id = t.id)
  ->  Seq Scan on movie_info mi  (cost=0.00..346232.03 rows=5897221 width=4) (actual time=941.867..6095.784 rows=5884963 loops=1)
        Filter: (info_type_id < 7)
        Rows Removed by Filter: 8950757
  ->  Hash  (cost=249039.00..249039.00 rows=2228220 width=8) (actual time=5714.291..5714.291 rows=501017 loops=1)
        Buckets: 131072  Batches: 32  Memory Usage: 1637kB
        ->  Hash Join  (cost=92883.59..249039.00 rows=2228220 width=8) (actual time=3553.579..5563.614 rows=501017 loops=1)
              Hash Cond: (mk.movie_id = t.id)
              ->  Seq Scan on movie_keyword mk  (cost=0.00..81003.12 rows=3656617 width=4) (actual time=0.023..1723.727 rows=3647641 loops=1)
                    Filter: (keyword_id < 21067)
                    Rows Removed by Filter: 876289
              ->  Hash  (cost=67604.59..67604.59 rows=1540800 width=4) (actual time=1816.223..1816.223 rows=1543264 loops=1)
                    Buckets: 131072  Batches: 32  Memory Usage: 2728kB
                    ->  Seq Scan on title t  (cost=0.00..67604.59 rows=1540800 width=4) (actual time=0.029..1312.358 rows=1543264 loops=1)
                          Filter: (kind_id = 7)
                          Rows Removed by Filter: 985048
Planning time: 5.339 ms
Execution time: 15291.404 ms
