Seq Scan on movie_keyword mk  (cost=0.00..81003.12 rows=13873 width=0) (actual time=0.157..1298.285 rows=14364 loops=1)
  Filter: (keyword_id = 1)
  Rows Removed by Filter: 4509566
Planning time: 0.377 ms
Execution time: 1300.934 ms
