Nested Loop  (cost=0.43..83072.90 rows=148 width=0) (actual time=56.848..1329.566 rows=59 loops=1)
  ->  Seq Scan on movie_keyword mk  (cost=0.00..81003.12 rows=246 width=4) (actual time=0.532..1304.335 rows=365 loops=1)
        Filter: (keyword_id = 3580)
        Rows Removed by Filter: 4523565
  ->  Index Scan using title_pkey on title t  (cost=0.43..8.40 rows=1 width=4) (actual time=0.067..0.067 rows=0 loops=365)
        Index Cond: (id = mk.movie_id)
        Filter: ((kind_id > 1) AND (production_year < 2011))
        Rows Removed by Filter: 1
Planning time: 0.582 ms
Execution time: 1329.693 ms
