Hash Join  (cost=275111.06..761049.40 rows=5167676 width=0) (actual time=6532.934..16298.814 rows=3359198 loops=1)
  Hash Cond: (mi.movie_id = t.id)
  ->  Seq Scan on movie_info mi  (cost=0.00..346232.03 rows=6231111 width=4) (actual time=792.490..6494.104 rows=6223494 loops=1)
        Filter: (info_type_id > 8)
        Rows Removed by Filter: 8612226
  ->  Hash  (cost=240706.62..240706.62 rows=2096995 width=8) (actual time=5738.864..5738.864 rows=502304 loops=1)
        Buckets: 131072  Batches: 32  Memory Usage: 1624kB
        ->  Hash Join  (cost=93155.63..240706.62 rows=2096995 width=8) (actual time=3170.771..5580.934 rows=502304 loops=1)
              Hash Cond: (mk.movie_id = t.id)
              ->  Seq Scan on movie_keyword mk  (cost=0.00..69693.30 rows=4523930 width=4) (actual time=0.063..1394.990 rows=4523930 loops=1)
              ->  Hash  (cost=73925.90..73925.90 rows=1172058 width=4) (actual time=1628.314..1628.314 rows=1128906 loops=1)
                    Buckets: 131072  Batches: 16  Memory Usage: 3509kB
                    ->  Seq Scan on title t  (cost=0.00..73925.90 rows=1172058 width=4) (actual time=0.021..1288.608 rows=1128906 loops=1)
                          Filter: ((production_year < 2010) AND (kind_id = 7))
                          Rows Removed by Filter: 1399406
Planning time: 1.312 ms
Execution time: 16675.006 ms
