Hash Join  (cost=231322.67..1091061.34 rows=5348326 width=0) (actual time=5550.408..25118.999 rows=10268793 loops=1)
  Hash Cond: (ci.movie_id = t.id)
  ->  Seq Scan on cast_info ci  (cost=0.00..705507.15 rows=7298253 width=4) (actual time=15.726..12124.608 rows=7451973 loops=1)
        Filter: (role_id = 2)
        Rows Removed by Filter: 28792371
  ->  Hash  (cost=200921.64..200921.64 rows=1852962 width=8) (actual time=5533.756..5533.756 rows=2059977 loops=1)
        Buckets: 131072  Batches: 32  Memory Usage: 3507kB
        ->  Hash Join  (cost=97066.09..200921.64 rows=1852962 width=8) (actual time=1940.662..4988.938 rows=2059977 loops=1)
              Hash Cond: (mc.movie_id = t.id)
              ->  Seq Scan on movie_companies mc  (cost=0.00..44881.29 rows=2609129 width=4) (actual time=0.025..926.278 rows=2609129 loops=1)
              ->  Hash  (cost=67604.59..67604.59 rows=1795720 width=4) (actual time=1939.514..1939.514 rows=1794153 loops=1)
                    Buckets: 131072  Batches: 32  Memory Usage: 2992kB
                    ->  Seq Scan on title t  (cost=0.00..67604.59 rows=1795720 width=4) (actual time=0.020..1380.486 rows=1794153 loops=1)
                          Filter: (production_year < 2009)
                          Rows Removed by Filter: 734159
Planning time: 1.204 ms
Execution time: 26335.672 ms
