Seq Scan on movie_keyword mk  (cost=0.00..81003.12 rows=1717731 width=0) (actual time=0.026..1487.916 rows=1726248 loops=1)
  Filter: (keyword_id > 8202)
  Rows Removed by Filter: 2797682
Planning time: 0.332 ms
Execution time: 1705.937 ms
