Hash Join  (cost=131938.77..624153.47 rows=1162877 width=0) (actual time=3143.531..14783.075 rows=975270 loops=1)
  Hash Cond: (mi.movie_id = t.id)
  ->  Seq Scan on movie_info mi  (cost=0.00..309384.22 rows=14739122 width=4) (actual time=0.011..5872.460 rows=14835720 loops=1)
  ->  Hash  (cost=128665.10..128665.10 rows=199494 width=8) (actual time=2649.950..2649.950 rows=109567 loops=1)
        Buckets: 131072  Batches: 4  Memory Usage: 2100kB
        ->  Hash Join  (cost=91879.05..128665.10 rows=199494 width=8) (actual time=1875.785..2612.413 rows=109567 loops=1)
              Hash Cond: (mi_idx.movie_id = t.id)
              ->  Seq Scan on movie_info_idx mi_idx  (cost=0.00..25185.44 rows=460978 width=4) (actual time=0.023..433.931 rows=459925 loops=1)
                    Filter: (info_type_id < 100)
                    Rows Removed by Filter: 920110
              ->  Hash  (cost=73925.90..73925.90 rows=1094252 width=4) (actual time=1696.536..1696.536 rows=1044222 loops=1)
                    Buckets: 131072  Batches: 16  Memory Usage: 3319kB
                    ->  Seq Scan on title t  (cost=0.00..73925.90 rows=1094252 width=4) (actual time=0.012..1353.938 rows=1044222 loops=1)
                          Filter: ((production_year < 2009) AND (kind_id = 7))
                          Rows Removed by Filter: 1484090
Planning time: 1.250 ms
Execution time: 14895.997 ms
