Hash Join  (cost=132106.75..218833.19 rows=6840 width=146) (actual time=1322.858..2263.326 rows=27162 loops=1)
  Hash Cond: (mk.movie_id = t.id)
  ->  Seq Scan on movie_keyword mk  (cost=0.00..69693.30 rows=4523930 width=12) (actual time=0.021..435.282 rows=4523930 loops=1)
  ->  Hash  (cost=132058.96..132058.96 rows=3823 width=134) (actual time=1321.962..1321.962 rows=8372 loops=1)
        Buckets: 16384 (originally 4096)  Batches: 1 (originally 1)  Memory Usage: 1358kB
        ->  Hash Join  (cost=73994.33..132058.96 rows=3823 width=134) (actual time=456.763..1315.359 rows=8372 loops=1)
              Hash Cond: (mc.movie_id = t.id)
              ->  Seq Scan on movie_companies mc  (cost=0.00..51404.11 rows=1765944 width=40) (actual time=0.012..595.751 rows=1756816 loops=1)
                    Filter: (company_id < 24933)
                    Rows Removed by Filter: 852313
              ->  Hash  (cost=73925.90..73925.90 rows=5474 width=94) (actual time=456.686..456.686 rows=10482 loops=1)
                    Buckets: 16384 (originally 8192)  Batches: 1 (originally 1)  Memory Usage: 1334kB
                    ->  Seq Scan on title t  (cost=0.00..73925.90 rows=5474 width=94) (actual time=0.064..453.376 rows=10482 loops=1)
                          Filter: ((kind_id > 1) AND (production_year = 1982))
                          Rows Removed by Filter: 2517830
Planning time: 0.903 ms
Execution time: 2264.876 ms
