Hash Join  (cost=75819.10..112454.73 rows=41756 width=0) (actual time=1212.120..2073.551 rows=18190 loops=1)
  Hash Cond: (mi_idx.movie_id = t.id)
  ->  Seq Scan on movie_info_idx mi_idx  (cost=0.00..25185.44 rows=915101 width=4) (actual time=0.023..530.355 rows=919850 loops=1)
        Filter: (info_type_id < 101)
        Rows Removed by Filter: 460185
  ->  Hash  (cost=73925.90..73925.90 rows=115376 width=4) (actual time=1211.263..1211.263 rows=119207 loops=1)
        Buckets: 131072  Batches: 2  Memory Usage: 3119kB
        ->  Seq Scan on title t  (cost=0.00..73925.90 rows=115376 width=4) (actual time=0.014..1167.910 rows=119207 loops=1)
              Filter: ((kind_id > 2) AND (production_year = 2012))
              Rows Removed by Filter: 2409105
Planning time: 0.593 ms
Execution time: 2076.347 ms
