Seq Scan on title t  (cost=0.00..73925.90 rows=4532 width=0) (actual time=0.031..1170.716 rows=6734 loops=1)
  Filter: ((kind_id = 7) AND (production_year = 1961))
  Rows Removed by Filter: 2521578
Planning time: 1.429 ms
Execution time: 1172.454 ms
