Hash Join  (cost=128753.29..498467.21 rows=11523 width=0) (actual time=2558.732..9871.886 rows=26692 loops=1)
  Hash Cond: (mi.movie_id = t.id)
  ->  Seq Scan on movie_info mi  (cost=0.00..346232.03 rows=6231111 width=4) (actual time=0.019..6383.525 rows=6223494 loops=1)
        Filter: (info_type_id > 8)
        Rows Removed by Filter: 8612226
  ->  Hash  (cost=128694.84..128694.84 rows=4676 width=8) (actual time=2379.707..2379.707 rows=9537 loops=1)
        Buckets: 16384 (originally 8192)  Batches: 1 (originally 1)  Memory Usage: 501kB
        ->  Hash Join  (cost=73982.55..128694.84 rows=4676 width=8) (actual time=1241.361..2376.048 rows=9537 loops=1)
              Hash Cond: (mc.movie_id = t.id)
              ->  Seq Scan on movie_companies mc  (cost=0.00..44881.29 rows=2609129 width=4) (actual time=0.014..611.885 rows=2609129 loops=1)
              ->  Hash  (cost=73925.90..73925.90 rows=4532 width=4) (actual time=1240.127..1240.127 rows=6999 loops=1)
                    Buckets: 8192  Batches: 1  Memory Usage: 311kB
                    ->  Seq Scan on title t  (cost=0.00..73925.90 rows=4532 width=4) (actual time=0.028..1236.601 rows=6999 loops=1)
                          Filter: ((kind_id = 7) AND (production_year = 1960))
                          Rows Removed by Filter: 2521313
Planning time: 1.230 ms
Execution time: 9875.848 ms
