Seq Scan on movie_companies mc  (cost=0.00..51404.11 rows=818922 width=0) (actual time=0.014..556.514 rows=827336 loops=1)
  Filter: (company_id > 27632)
  Rows Removed by Filter: 1781793
Planning time: 0.225 ms
Execution time: 628.086 ms
