Nested Loop  (cost=0.43..87054.33 rows=1347 width=0) (actual time=173.849..1080.787 rows=1840 loops=1)
  ->  Seq Scan on movie_companies mc  (cost=0.00..57926.93 rows=3856 width=4) (actual time=171.498..912.642 rows=8606 loops=1)
        Filter: ((company_id = 596) AND (company_type_id = 2))
        Rows Removed by Filter: 2600523
  ->  Index Scan using title_pkey on title t  (cost=0.43..7.54 rows=1 width=4) (actual time=0.019..0.019 rows=0 loops=8606)
        Index Cond: (id = mc.movie_id)
        Filter: ((kind_id > 2) AND (production_year > 2002))
        Rows Removed by Filter: 1
Planning time: 0.855 ms
Execution time: 1081.254 ms
