Seq Scan on title t  (cost=0.00..67604.59 rows=758052 width=94) (actual time=0.009..1150.184 rows=753677 loops=1)
  Filter: (kind_id < 3)
  Rows Removed by Filter: 1774635
Planning time: 0.329 ms
Execution time: 1196.072 ms
