Hash Join  (cost=109204.05..165586.99 rows=18064 width=0) (actual time=2015.289..3210.674 rows=13574 loops=1)
  Hash Cond: (mc.movie_id = t.id)
  ->  Seq Scan on movie_companies mc  (cost=0.00..51404.11 rows=1279517 width=4) (actual time=0.020..950.024 rows=1274246 loops=1)
        Filter: (company_type_id < 2)
        Rows Removed by Filter: 1334883
  ->  Hash  (cost=108757.83..108757.83 rows=35698 width=8) (actual time=2014.578..2014.578 rows=11264 loops=1)
        Buckets: 65536  Batches: 1  Memory Usage: 952kB
        ->  Hash Join  (cost=77187.44..108757.83 rows=35698 width=8) (actual time=1466.628..2009.490 rows=11264 loops=1)
              Hash Cond: (mi_idx.movie_id = t.id)
              ->  Seq Scan on movie_info_idx mi_idx  (cost=0.00..25185.44 rows=454124 width=4) (actual time=0.029..570.211 rows=459925 loops=1)
                    Filter: (info_type_id = 100)
                    Rows Removed by Filter: 920110
              ->  Hash  (cost=73925.90..73925.90 rows=198763 width=4) (actual time=1235.307..1235.307 rows=95336 loops=1)
                    Buckets: 131072  Batches: 4  Memory Usage: 1860kB
                    ->  Seq Scan on title t  (cost=0.00..73925.90 rows=198763 width=4) (actual time=0.017..1197.411 rows=95336 loops=1)
                          Filter: ((production_year < 1967) AND (kind_id = 7))
                          Rows Removed by Filter: 2432976
Planning time: 1.139 ms
Execution time: 3212.672 ms
