Hash Join  (cost=152193.33..517627.97 rows=77872 width=0) (actual time=2694.899..10542.093 rows=859253 loops=1)
  Hash Cond: (mi.movie_id = t.id)
  ->  Seq Scan on movie_info mi  (cost=0.00..309384.22 rows=14739122 width=4) (actual time=0.017..4567.113 rows=14835720 loops=1)
  ->  Hash  (cost=152026.35..152026.35 rows=13359 width=8) (actual time=2694.078..2694.078 rows=13149 loops=1)
        Buckets: 16384  Batches: 1  Memory Usage: 642kB
        ->  Hash Join  (cost=68191.41..152026.35 rows=13359 width=8) (actual time=1097.932..2688.808 rows=13149 loops=1)
              Hash Cond: (mk.movie_id = t.id)
              ->  Seq Scan on movie_keyword mk  (cost=0.00..81003.12 rows=719525 width=4) (actual time=0.020..1444.187 rows=722837 loops=1)
                    Filter: (keyword_id > 25933)
                    Rows Removed by Filter: 3801093
              ->  Hash  (cost=67604.59..67604.59 rows=46946 width=4) (actual time=1097.579..1097.579 rows=46583 loops=1)
                    Buckets: 65536  Batches: 1  Memory Usage: 2150kB
                    ->  Seq Scan on title t  (cost=0.00..67604.59 rows=46946 width=4) (actual time=0.065..1077.451 rows=46583 loops=1)
                          Filter: (production_year = 1998)
                          Rows Removed by Filter: 2481729
Planning time: 1.103 ms
Execution time: 10647.887 ms
