Hash Join  (cost=73953.78..438739.70 rows=12999 width=0) (actual time=1120.163..8401.468 rows=47098 loops=1)
  Hash Cond: (mi.movie_id = t.id)
  ->  Seq Scan on movie_info mi  (cost=0.00..309384.22 rows=14739122 width=4) (actual time=0.014..4369.690 rows=14835720 loops=1)
  ->  Hash  (cost=73925.90..73925.90 rows=2230 width=4) (actual time=1092.410..1092.410 rows=4254 loops=1)
        Buckets: 8192 (originally 4096)  Batches: 1 (originally 1)  Memory Usage: 214kB
        ->  Seq Scan on title t  (cost=0.00..73925.90 rows=2230 width=4) (actual time=0.080..1090.183 rows=4254 loops=1)
              Filter: ((kind_id < 3) AND (production_year = 1965))
              Rows Removed by Filter: 2524058
Planning time: 0.638 ms
Execution time: 8410.151 ms
