Hash Join  (cost=101489.21..256337.22 rows=2560756 width=0) (actual time=1989.134..6204.271 rows=2890419 loops=1)
  Hash Cond: (mk.movie_id = t.id)
  ->  Seq Scan on movie_keyword mk  (cost=0.00..81003.12 rows=3135064 width=4) (actual time=0.019..1700.363 rows=3118955 loops=1)
        Filter: (keyword_id > 1907)
        Rows Removed by Filter: 1404975
  ->  Hash  (cost=67604.59..67604.59 rows=2065330 width=4) (actual time=1987.254..1987.254 rows=2064552 loops=1)
        Buckets: 131072  Batches: 32  Memory Usage: 3298kB
        ->  Seq Scan on title t  (cost=0.00..67604.59 rows=2065330 width=4) (actual time=0.013..1316.014 rows=2064552 loops=1)
              Filter: (production_year < 2011)
              Rows Removed by Filter: 463760
Planning time: 0.834 ms
Execution time: 6550.809 ms
