Hash Join  (cost=165450.82..192381.67 rows=4245 width=0) (actual time=3014.484..3602.593 rows=38885 loops=1)
  Hash Cond: (mi_idx.movie_id = t.id)
  ->  Seq Scan on movie_info_idx mi_idx  (cost=0.00..25185.44 rows=454124 width=4) (actual time=0.028..439.669 rows=459925 loops=1)
        Filter: (info_type_id = 100)
        Rows Removed by Filter: 920110
  ->  Hash  (cost=165155.37..165155.37 rows=23636 width=8) (actual time=3014.237..3014.237 rows=54202 loops=1)
        Buckets: 65536 (originally 32768)  Batches: 1 (originally 1)  Memory Usage: 2630kB
        ->  Hash Join  (cost=80042.24..165155.37 rows=23636 width=8) (actual time=1425.344..2994.594 rows=54202 loops=1)
              Hash Cond: (mk.movie_id = t.id)
              ->  Seq Scan on movie_keyword mk  (cost=0.00..81003.12 rows=78839 width=4) (actual time=0.047..1372.784 rows=81533 loops=1)
                    Filter: (keyword_id < 71)
                    Rows Removed by Filter: 4442397
              ->  Hash  (cost=67604.59..67604.59 rows=758052 width=4) (actual time=1423.972..1423.972 rows=753677 loops=1)
                    Buckets: 131072  Batches: 16  Memory Usage: 2686kB
                    ->  Seq Scan on title t  (cost=0.00..67604.59 rows=758052 width=4) (actual time=0.018..1172.511 rows=753677 loops=1)
                          Filter: (kind_id < 3)
                          Rows Removed by Filter: 1774635
Planning time: 1.015 ms
Execution time: 3608.161 ms
