Hash Join  (cost=102767.86..177797.50 rows=300228 width=0) (actual time=1929.262..3156.585 rows=8666 loops=1)
  Hash Cond: (mc.movie_id = t.id)
  ->  Seq Scan on movie_companies mc  (cost=0.00..57926.93 rows=300228 width=4) (actual time=51.704..881.251 rows=8666 loops=1)
        Filter: ((company_id > 63155) AND (company_type_id < 2))
        Rows Removed by Filter: 2600463
  ->  Hash  (cost=61283.27..61283.27 rows=2528527 width=4) (actual time=1876.166..1876.166 rows=2528312 loops=1)
        Buckets: 131072  Batches: 64  Memory Usage: 2415kB
        ->  Seq Scan on title t  (cost=0.00..61283.27 rows=2528527 width=4) (actual time=0.026..1019.921 rows=2528312 loops=1)
Planning time: 0.787 ms
Execution time: 3157.743 ms
