Seq Scan on movie_companies mc  (cost=0.00..57926.93 rows=1170368 width=0) (actual time=199.724..1121.458 rows=1274246 loops=1)
  Filter: ((company_id < 106913) AND (company_type_id = 1))
  Rows Removed by Filter: 1334883
Planning time: 0.403 ms
Execution time: 1279.905 ms
