Seq Scan on movie_keyword mk  (cost=0.00..81003.12 rows=246 width=0) (actual time=0.127..1305.318 rows=655 loops=1)
  Filter: (keyword_id = 4334)
  Rows Removed by Filter: 4523275
Planning time: 0.399 ms
Execution time: 1305.680 ms
