Hash Join  (cost=189879.23..322279.97 rows=853470 width=0) (actual time=4271.904..10197.444 rows=12152641 loops=1)
  Hash Cond: (mk.movie_id = t.id)
  ->  Seq Scan on movie_keyword mk  (cost=0.00..69693.30 rows=4523930 width=4) (actual time=0.014..1458.410 rows=4523930 loops=1)
  ->  Hash  (cost=182052.43..182052.43 rows=477024 width=8) (actual time=4271.149..4271.149 rows=682908 loops=1)
        Buckets: 131072 (originally 131072)  Batches: 16 (originally 8)  Memory Usage: 3073kB
        ->  Hash Join  (cost=102767.86..182052.43 rows=477024 width=8) (actual time=2025.034..4056.472 rows=682908 loops=1)
              Hash Cond: (mc.movie_id = t.id)
              ->  Seq Scan on movie_companies mc  (cost=0.00..57926.93 rows=477024 width=4) (actual time=0.024..1043.326 rows=682908 loops=1)
                    Filter: ((company_id < 4226) AND (company_type_id = 1))
                    Rows Removed by Filter: 1926221
              ->  Hash  (cost=61283.27..61283.27 rows=2528527 width=4) (actual time=2023.888..2023.888 rows=2528312 loops=1)
                    Buckets: 131072  Batches: 64  Memory Usage: 2415kB
                    ->  Seq Scan on title t  (cost=0.00..61283.27 rows=2528527 width=4) (actual time=0.024..1189.356 rows=2528312 loops=1)
Planning time: 1.188 ms
Execution time: 11490.629 ms
