Hash Join  (cost=153433.58..504018.59 rows=981 width=181) (actual time=8291.976..10724.141 rows=16846 loops=1)
  Hash Cond: (mi.movie_id = t.id)
  ->  Seq Scan on movie_info mi  (cost=0.00..346232.03 rows=1158179 width=75) (actual time=4846.611..7278.685 rows=1204709 loops=1)
        Filter: (info_type_id > 18)
        Rows Removed by Filter: 13631011
  ->  Hash  (cost=153406.79..153406.79 rows=2143 width=106) (actual time=3222.960..3222.960 rows=2844 loops=1)
        Buckets: 4096  Batches: 1  Memory Usage: 393kB
        ->  Hash Join  (cost=70211.59..153406.79 rows=2143 width=106) (actual time=1614.143..3220.622 rows=2844 loops=1)
              Hash Cond: (mk.movie_id = t.id)
              ->  Seq Scan on movie_keyword mk  (cost=0.00..81003.12 rows=56439 width=12) (actual time=0.030..1551.648 rows=57603 loops=1)
                    Filter: (keyword_id < 56)
                    Rows Removed by Filter: 4466327
              ->  Hash  (cost=67604.59..67604.59 rows=96000 width=94) (actual time=1613.344..1613.344 rows=95005 loops=1)
                    Buckets: 32768  Batches: 4  Memory Usage: 2913kB
                    ->  Seq Scan on title t  (cost=0.00..67604.59 rows=96000 width=94) (actual time=0.032..1563.934 rows=95005 loops=1)
                          Filter: (production_year = 2005)
                          Rows Removed by Filter: 2433307
Planning time: 1.180 ms
Execution time: 10725.532 ms
