Seq Scan on movie_keyword mk  (cost=0.00..81003.12 rows=246 width=0) (actual time=0.583..1258.280 rows=1683 loops=1)
  Filter: (keyword_id = 2864)
  Rows Removed by Filter: 4522247
Planning time: 0.358 ms
Execution time: 1258.853 ms
