Hash Join  (cost=109821.31..247341.12 rows=1604587 width=134) (actual time=2953.713..6914.307 rows=1853708 loops=1)
  Hash Cond: (mc.movie_id = t.id)
  ->  Seq Scan on movie_companies mc  (cost=0.00..44881.29 rows=2609129 width=40) (actual time=0.021..657.766 rows=2609129 loops=1)
  ->  Hash  (cost=67604.59..67604.59 rows=1555018 width=94) (actual time=2951.720..2951.720 rows=1551727 loops=1)
        Buckets: 32768  Batches: 64  Memory Usage: 2967kB
        ->  Seq Scan on title t  (cost=0.00..67604.59 rows=1555018 width=94) (actual time=0.014..2264.153 rows=1551727 loops=1)
              Filter: (production_year < 2007)
              Rows Removed by Filter: 976585
Planning time: 0.918 ms
Execution time: 7021.012 ms
