Hash Join  (cost=145237.38..532308.84 rows=405572 width=0) (actual time=6948.119..10360.602 rows=394253 loops=1)
  Hash Cond: (mi.movie_id = t.id)
  ->  Seq Scan on movie_info mi  (cost=0.00..346232.03 rows=3068194 width=4) (actual time=3976.168..5664.500 rows=3036719 loops=1)
        Filter: (info_type_id = 16)
        Rows Removed by Filter: 11799001
  ->  Hash  (cost=139753.44..139753.44 rows=334235 width=8) (actual time=2970.725..2970.725 rows=250045 loops=1)
        Buckets: 131072  Batches: 8  Memory Usage: 2255kB
        ->  Hash Join  (cost=98137.04..139753.44 rows=334235 width=8) (actual time=1814.836..2892.258 rows=250045 loops=1)
              Hash Cond: (mi_idx.movie_id = t.id)
              ->  Seq Scan on movie_info_idx mi_idx  (cost=0.00..25185.44 rows=454124 width=4) (actual time=0.038..451.401 rows=459925 loops=1)
                    Filter: (info_type_id = 100)
                    Rows Removed by Filter: 920110
              ->  Hash  (cost=67604.59..67604.59 rows=1860996 width=4) (actual time=1813.947..1813.947 rows=1865487 loops=1)
                    Buckets: 131072  Batches: 32  Memory Usage: 3079kB
                    ->  Seq Scan on title t  (cost=0.00..67604.59 rows=1860996 width=4) (actual time=0.023..1211.771 rows=1865487 loops=1)
                          Filter: (kind_id > 1)
                          Rows Removed by Filter: 662825
Planning time: 1.409 ms
Execution time: 10410.859 ms
