Hash Join  (cost=100809.69..264185.17 rows=2931753 width=0) (actual time=1977.352..5807.877 rows=1556225 loops=1)
  Hash Cond: (mk.movie_id = t.id)
  ->  Seq Scan on movie_keyword mk  (cost=0.00..69693.30 rows=4523930 width=4) (actual time=0.014..1382.028 rows=4523930 loops=1)
  ->  Hash  (cost=73925.90..73925.90 rows=1638623 width=4) (actual time=1975.090..1975.090 rows=1629839 loops=1)
        Buckets: 131072  Batches: 32  Memory Usage: 2819kB
        ->  Seq Scan on title t  (cost=0.00..73925.90 rows=1638623 width=4) (actual time=0.024..1456.670 rows=1629839 loops=1)
              Filter: ((kind_id > 1) AND (production_year < 2012))
              Rows Removed by Filter: 898473
Planning time: 6.404 ms
Execution time: 5963.769 ms
