Hash Join  (cost=224973.97..1342539.68 rows=10013104 width=0) (actual time=8273.322..32295.386 rows=14497751 loops=1)
  Hash Cond: (ci.movie_id = t.id)
  ->  Seq Scan on cast_info ci  (cost=0.00..796071.18 rows=16818099 width=4) (actual time=3208.883..16593.830 rows=13263935 loops=1)
        Filter: ((person_id < 2680757) AND (role_id > 1))
        Rows Removed by Filter: 22980409
  ->  Hash  (cost=200275.14..200275.14 rows=1505426 width=8) (actual time=5063.473..5063.473 rows=1514553 loops=1)
        Buckets: 131072  Batches: 32  Memory Usage: 2862kB
        ->  Hash Join  (cost=102767.86..200275.14 rows=1505426 width=8) (actual time=1806.983..4617.383 rows=1514553 loops=1)
              Hash Cond: (mc.movie_id = t.id)
              ->  Seq Scan on movie_companies mc  (cost=0.00..51404.11 rows=1505426 width=4) (actual time=0.026..1098.782 rows=1514553 loops=1)
                    Filter: (company_id > 7435)
                    Rows Removed by Filter: 1094576
              ->  Hash  (cost=61283.27..61283.27 rows=2528527 width=4) (actual time=1805.449..1805.449 rows=2528312 loops=1)
                    Buckets: 131072  Batches: 64  Memory Usage: 2415kB
                    ->  Seq Scan on title t  (cost=0.00..61283.27 rows=2528527 width=4) (actual time=0.018..1007.894 rows=2528312 loops=1)
Planning time: 6.129 ms
Execution time: 33865.209 ms
