Nested Loop  (cost=0.43..798386.14 rows=168 width=0) (actual time=386.610..13778.339 rows=632 loops=1)
  ->  Seq Scan on cast_info ci  (cost=0.00..796071.18 rows=276 width=4) (actual time=384.547..13761.900 rows=726 loops=1)
        Filter: ((role_id < 3) AND (person_id = 637724))
        Rows Removed by Filter: 36243618
  ->  Index Scan using title_pkey on title t  (cost=0.43..8.38 rows=1 width=4) (actual time=0.022..0.022 rows=1 loops=726)
        Index Cond: (id = ci.movie_id)
        Filter: (kind_id = 7)
        Rows Removed by Filter: 0
Planning time: 2.798 ms
Execution time: 13778.614 ms
