Hash Join  (cost=95415.26..157364.01 rows=8238 width=0) (actual time=1914.117..3049.252 rows=28772 loops=1)
  Hash Cond: (mc.movie_id = t.id)
  ->  Seq Scan on movie_companies mc  (cost=0.00..57926.93 rows=1050519 width=4) (actual time=126.415..1067.077 rows=928588 loops=1)
        Filter: ((company_id > 394) AND (company_type_id < 2))
        Rows Removed by Filter: 1680541
  ->  Hash  (cost=95167.43..95167.43 rows=19827 width=8) (actual time=1786.295..1786.295 rows=24689 loops=1)
        Buckets: 32768  Batches: 1  Memory Usage: 1221kB
        ->  Hash Join  (cost=68058.67..95167.43 rows=19827 width=8) (actual time=1134.461..1777.784 rows=24689 loops=1)
              Hash Cond: (mi_idx.movie_id = t.id)
              ->  Seq Scan on movie_info_idx mi_idx  (cost=0.00..21735.35 rows=1380035 width=4) (actual time=0.026..311.997 rows=1380035 loops=1)
              ->  Hash  (cost=67604.59..67604.59 rows=36327 width=4) (actual time=1133.901..1133.901 rows=36509 loops=1)
                    Buckets: 65536  Batches: 1  Memory Usage: 1796kB
                    ->  Seq Scan on title t  (cost=0.00..67604.59 rows=36327 width=4) (actual time=0.030..1118.079 rows=36509 loops=1)
                          Filter: (production_year = 1996)
                          Rows Removed by Filter: 2491803
Planning time: 13.060 ms
Execution time: 3053.337 ms
