Seq Scan on title t  (cost=0.00..73925.90 rows=337435 width=0) (actual time=0.013..1160.622 rows=225506 loops=1)
  Filter: ((production_year < 1983) AND (kind_id = 7))
  Rows Removed by Filter: 2302806
Planning time: 0.428 ms
Execution time: 1191.377 ms
