Seq Scan on cast_info ci  (cost=0.00..796071.18 rows=30008084 width=0) (actual time=0.018..17451.129 rows=30511650 loops=1)
  Filter: ((person_id < 3966808) AND (role_id < 9))
  Rows Removed by Filter: 5732694
Planning time: 0.362 ms
Execution time: 21148.728 ms
