Seq Scan on movie_companies mc  (cost=0.00..51404.11 rows=2464318 width=0) (actual time=0.014..1018.300 rows=2465350 loops=1)
  Filter: (company_id < 134770)
  Rows Removed by Filter: 143779
Planning time: 0.328 ms
Execution time: 1324.460 ms
