Hash Join  (cost=101040.51..1059237.62 rows=8317967 width=0) (actual time=6404.866..26812.127 rows=8598024 loops=1)
  Hash Cond: (ci.movie_id = t.id)
  ->  Seq Scan on cast_info ci  (cost=0.00..705507.15 rows=12726058 width=4) (actual time=4331.889..14976.690 rows=12670688 loops=1)
        Filter: (role_id < 2)
        Rows Removed by Filter: 23573656
  ->  Hash  (cost=73925.90..73925.90 rows=1652688 width=4) (actual time=2071.859..2071.859 rows=1761969 loops=1)
        Buckets: 131072  Batches: 32  Memory Usage: 2964kB
        ->  Seq Scan on title t  (cost=0.00..73925.90 rows=1652688 width=4) (actual time=0.048..1506.198 rows=1761969 loops=1)
              Filter: ((kind_id > 1) AND (production_year > 1957))
              Rows Removed by Filter: 766343
Planning time: 0.776 ms
Execution time: 27884.563 ms
