Seq Scan on cast_info ci  (cost=0.00..796071.18 rows=2615119 width=0) (actual time=5176.155..12401.724 rows=5933786 loops=1)
  Filter: ((person_id > 2599306) AND (role_id > 5))
  Rows Removed by Filter: 30310558
Planning time: 0.358 ms
Execution time: 13149.781 ms
