Seq Scan on movie_keyword mk  (cost=0.00..81003.12 rows=2286257 width=12) (actual time=0.047..1493.008 rows=2293253 loops=1)
  Filter: (keyword_id > 4589)
  Rows Removed by Filter: 2230677
Planning time: 0.306 ms
Execution time: 1640.112 ms
