Nested Loop  (cost=0.43..154511.88 rows=16719 width=0) (actual time=0.115..5158.218 rows=35517 loops=1)
  ->  Seq Scan on movie_companies mc  (cost=0.00..57926.93 rows=16719 width=4) (actual time=0.076..863.964 rows=35517 loops=1)
        Filter: ((company_type_id < 2) AND (company_id = 160))
        Rows Removed by Filter: 2573612
  ->  Index Only Scan using title_pkey on title t  (cost=0.43..5.77 rows=1 width=4) (actual time=0.120..0.120 rows=1 loops=35517)
        Index Cond: (id = mc.movie_id)
        Heap Fetches: 35517
Planning time: 0.578 ms
Execution time: 5166.101 ms
