Seq Scan on cast_info ci  (cost=0.00..796071.18 rows=1452332 width=0) (actual time=0.031..11607.142 rows=2278188 loops=1)
  Filter: ((person_id > 3616739) AND (role_id > 1))
  Rows Removed by Filter: 33966156
Planning time: 0.389 ms
Execution time: 11887.174 ms
