Nested Loop  (cost=0.43..52283.69 rows=104 width=0) (actual time=9.365..875.096 rows=698 loops=1)
  ->  Seq Scan on movie_companies mc  (cost=0.00..51404.11 rows=104 width=4) (actual time=9.258..857.838 rows=698 loops=1)
        Filter: (company_id = 1924)
        Rows Removed by Filter: 2608431
  ->  Index Only Scan using title_pkey on title t  (cost=0.43..8.45 rows=1 width=4) (actual time=0.023..0.024 rows=1 loops=698)
        Index Cond: (id = mc.movie_id)
        Heap Fetches: 698
Planning time: 0.740 ms
Execution time: 875.414 ms
