Hash Join  (cost=208905.53..726634.85 rows=3554141 width=0) (actual time=4489.790..19918.321 rows=14142559 loops=1)
  Hash Cond: (mi.movie_id = t.id)
  ->  Seq Scan on movie_info mi  (cost=0.00..309384.22 rows=14739122 width=4) (actual time=0.020..6195.852 rows=14835720 loops=1)
  ->  Hash  (cost=198902.03..198902.03 rows=609720 width=8) (actual time=4488.634..4488.634 rows=314534 loops=1)
        Buckets: 131072  Batches: 8  Memory Usage: 2587kB
        ->  Hash Join  (cost=76379.89..198902.03 rows=609720 width=8) (actual time=1375.925..4402.766 rows=314534 loops=1)
              Hash Cond: (mk.movie_id = t.id)
              ->  Seq Scan on movie_keyword mk  (cost=0.00..81003.12 rows=2882619 width=4) (actual time=0.030..1754.563 rows=2872818 loops=1)
                    Filter: (keyword_id > 2518)
                    Rows Removed by Filter: 1651112
              ->  Hash  (cost=67604.59..67604.59 rows=534824 width=4) (actual time=1374.754..1374.754 rows=533369 loops=1)
                    Buckets: 131072  Batches: 8  Memory Usage: 3376kB
                    ->  Seq Scan on title t  (cost=0.00..67604.59 rows=534824 width=4) (actual time=0.015..1196.925 rows=533369 loops=1)
                          Filter: (production_year > 2009)
                          Rows Removed by Filter: 1994943
Planning time: 1.192 ms
Execution time: 21465.384 ms
