Hash Join  (cost=172423.23..1274847.94 rows=6679954 width=0) (actual time=3599.669..33666.883 rows=5240144 loops=1)
  Hash Cond: (ci.movie_id = t.id)
  ->  Seq Scan on cast_info ci  (cost=0.00..614943.12 rows=36225612 width=4) (actual time=0.013..13256.187 rows=36244344 loops=1)
  ->  Hash  (cost=164773.02..164773.02 rows=466257 width=8) (actual time=3598.505..3598.505 rows=186638 loops=1)
        Buckets: 131072  Batches: 8  Memory Usage: 1935kB
        ->  Hash Join  (cost=92883.59..164773.02 rows=466257 width=8) (actual time=1806.569..3545.266 rows=186638 loops=1)
              Hash Cond: (mc.movie_id = t.id)
              ->  Seq Scan on movie_companies mc  (cost=0.00..51404.11 rows=765150 width=4) (actual time=0.026..1040.968 rows=770547 loops=1)
                    Filter: (company_id > 33904)
                    Rows Removed by Filter: 1838582
              ->  Hash  (cost=67604.59..67604.59 rows=1540800 width=4) (actual time=1794.789..1794.789 rows=1543264 loops=1)
                    Buckets: 131072  Batches: 32  Memory Usage: 2722kB
                    ->  Seq Scan on title t  (cost=0.00..67604.59 rows=1540800 width=4) (actual time=257.118..1299.190 rows=1543264 loops=1)
                          Filter: (kind_id = 7)
                          Rows Removed by Filter: 985048
Planning time: 0.784 ms
Execution time: 34277.950 ms
