Seq Scan on cast_info ci  (cost=0.00..796071.18 rows=4293787 width=0) (actual time=0.016..12534.696 rows=2647427 loops=1)
  Filter: ((person_id < 927103) AND (role_id > 2))
  Rows Removed by Filter: 33596917
Planning time: 0.284 ms
Execution time: 12901.615 ms
