Seq Scan on movie_companies mc  (cost=0.00..57926.93 rows=1202455 width=0) (actual time=406.161..1032.412 rows=1082343 loops=1)
  Filter: ((company_id < 100724) AND (company_type_id = 2))
  Rows Removed by Filter: 1526786
Planning time: 0.386 ms
Execution time: 1167.056 ms
