Nested Loop  (cost=25190.47..106244.59 rows=1 width=0) (actual time=943.433..1655.517 rows=4 loops=1)
  ->  Hash Join  (cost=25190.04..106236.22 rows=1 width=8) (actual time=943.351..1655.111 rows=4 loops=1)
        Hash Cond: (mk.movie_id = mi_idx.movie_id)
        ->  Seq Scan on movie_keyword mk  (cost=0.00..81003.12 rows=246 width=4) (actual time=15.085..1221.641 rows=208 loops=1)
              Filter: (keyword_id = 7332)
              Rows Removed by Filter: 4523722
        ->  Hash  (cost=25185.44..25185.44 rows=368 width=4) (actual time=433.153..433.153 rows=260 loops=1)
              Buckets: 1024  Batches: 1  Memory Usage: 18kB
              ->  Seq Scan on movie_info_idx mi_idx  (cost=0.00..25185.44 rows=368 width=4) (actual time=339.845..433.056 rows=260 loops=1)
                    Filter: (info_type_id > 101)
                    Rows Removed by Filter: 1379775
  ->  Index Only Scan using title_pkey on title t  (cost=0.43..8.36 rows=1 width=4) (actual time=0.081..0.082 rows=1 loops=4)
        Index Cond: (id = mi_idx.movie_id)
        Heap Fetches: 4
Planning time: 1.136 ms
Execution time: 1655.609 ms
