Hash Join  (cost=28266.81..114924.97 rows=13 width=0) (actual time=586.000..2099.890 rows=1050 loops=1)
  Hash Cond: (mk.movie_id = t.id)
  ->  Seq Scan on movie_keyword mk  (cost=0.00..69693.30 rows=4523930 width=4) (actual time=0.017..976.635 rows=4523930 loops=1)
  ->  Hash  (cost=28266.72..28266.72 rows=7 width=8) (actual time=372.855..372.855 rows=5 loops=1)
        Buckets: 1024  Batches: 1  Memory Usage: 9kB
        ->  Nested Loop  (cost=0.43..28266.72 rows=7 width=8) (actual time=8.490..372.836 rows=5 loops=1)
              ->  Seq Scan on movie_info_idx mi_idx  (cost=0.00..25185.44 rows=368 width=4) (actual time=8.161..368.218 rows=260 loops=1)
                    Filter: (info_type_id > 101)
                    Rows Removed by Filter: 1379775
              ->  Index Scan using title_pkey on title t  (cost=0.43..8.36 rows=1 width=4) (actual time=0.017..0.017 rows=0 loops=260)
                    Index Cond: (id = mi_idx.movie_id)
                    Filter: (production_year = 1999)
                    Rows Removed by Filter: 1
Planning time: 7.354 ms
Execution time: 2100.163 ms
