Hash Join  (cost=154534.40..280015.47 rows=285503 width=0) (actual time=3477.489..7748.756 rows=4516519 loops=1)
  Hash Cond: (mk.movie_id = t.id)
  ->  Seq Scan on movie_keyword mk  (cost=0.00..69693.30 rows=4523930 width=4) (actual time=0.027..1436.645 rows=4523930 loops=1)
  ->  Hash  (cost=151915.73..151915.73 rows=159574 width=8) (actual time=3476.402..3476.402 rows=541678 loops=1)
        Buckets: 131072 (originally 131072)  Batches: 8 (originally 4)  Memory Usage: 3699kB
        ->  Hash Join  (cost=83810.17..151915.73 rows=159574 width=8) (actual time=1962.102..3299.648 rows=541678 loops=1)
              Hash Cond: (mc.movie_id = t.id)
              ->  Seq Scan on movie_companies mc  (cost=0.00..57926.93 rows=408501 width=4) (actual time=429.847..1037.393 rows=732936 loops=1)
                    Filter: ((company_id > 29485) AND (company_type_id > 1))
                    Rows Removed by Filter: 1876193
              ->  Hash  (cost=67604.59..67604.59 rows=987727 width=4) (actual time=1531.399..1531.399 rows=985048 loops=1)
                    Buckets: 131072  Batches: 16  Memory Usage: 3188kB
                    ->  Seq Scan on title t  (cost=0.00..67604.59 rows=987727 width=4) (actual time=0.025..1236.565 rows=985048 loops=1)
                          Filter: (kind_id < 7)
                          Rows Removed by Filter: 1543264
Planning time: 1.126 ms
Execution time: 8235.393 ms
