Hash Join  (cost=174865.45..1372902.82 rows=11656077 width=0) (actual time=4300.168..43304.038 rows=24222970 loops=1)
  Hash Cond: (ci.movie_id = t.id)
  ->  Seq Scan on cast_info ci  (cost=0.00..705507.15 rows=32207053 width=4) (actual time=0.009..16657.564 rows=32344350 loops=1)
        Filter: (person_id > 373265)
        Rows Removed by Filter: 3899994
  ->  Hash  (cost=159851.69..159851.69 rows=915101 width=8) (actual time=4299.048..4299.048 rows=919850 loops=1)
        Buckets: 131072  Batches: 16  Memory Usage: 3269kB
        ->  Hash Join  (cost=102767.86..159851.69 rows=915101 width=8) (actual time=2402.661..4040.232 rows=919850 loops=1)
              Hash Cond: (mi_idx.movie_id = t.id)
              ->  Seq Scan on movie_info_idx mi_idx  (cost=0.00..25185.44 rows=915101 width=4) (actual time=0.029..540.801 rows=919850 loops=1)
                    Filter: (info_type_id < 101)
                    Rows Removed by Filter: 460185
              ->  Hash  (cost=61283.27..61283.27 rows=2528527 width=4) (actual time=2401.963..2401.963 rows=2528312 loops=1)
                    Buckets: 131072  Batches: 64  Memory Usage: 2415kB
                    ->  Seq Scan on title t  (cost=0.00..61283.27 rows=2528527 width=4) (actual time=0.020..1199.716 rows=2528312 loops=1)
Planning time: 1.119 ms
Execution time: 46140.383 ms
