Hash Join  (cost=709673.16..766063.33 rows=1 width=0) (actual time=11131.147..12061.293 rows=2 loops=1)
  Hash Cond: (mc.movie_id = t.id)
  ->  Seq Scan on movie_companies mc  (cost=0.00..51404.11 rows=1329612 width=4) (actual time=0.021..957.586 rows=1334883 loops=1)
        Filter: (company_type_id > 1)
        Rows Removed by Filter: 1274246
  ->  Hash  (cost=709673.15..709673.15 rows=1 width=8) (actual time=10911.585..10911.585 rows=3 loops=1)
        Buckets: 1024  Batches: 1  Memory Usage: 9kB
        ->  Nested Loop  (cost=0.43..709673.15 rows=1 width=8) (actual time=9941.591..10911.539 rows=3 loops=1)
              ->  Seq Scan on cast_info ci  (cost=0.00..705507.15 rows=500 width=4) (actual time=4347.676..10887.256 rows=450 loops=1)
                    Filter: (person_id = 381336)
                    Rows Removed by Filter: 36243894
              ->  Index Scan using title_pkey on title t  (cost=0.43..8.32 rows=1 width=4) (actual time=0.053..0.053 rows=0 loops=450)
                    Index Cond: (id = ci.movie_id)
                    Filter: (production_year = 1975)
                    Rows Removed by Filter: 1
Planning time: 1.186 ms
Execution time: 12061.433 ms
