Seq Scan on movie_companies mc  (cost=0.00..57926.93 rows=1152839 width=0) (actual time=533.595..1080.609 rows=983496 loops=1)
  Filter: ((company_id < 88137) AND (company_type_id > 1))
  Rows Removed by Filter: 1625633
Planning time: 0.348 ms
Execution time: 1194.947 ms
