Seq Scan on title t  (cost=0.00..73925.90 rows=567721 width=0) (actual time=0.030..1219.432 rows=620439 loops=1)
  Filter: ((kind_id < 4) AND (production_year < 2008))
  Rows Removed by Filter: 1907873
Planning time: 0.309 ms
Execution time: 1292.896 ms
