Seq Scan on cast_info ci  (cost=0.00..705507.15 rows=32885772 width=0) (actual time=0.030..13949.628 rows=32887563 loops=1)
  Filter: (person_id < 3445319)
  Rows Removed by Filter: 3356781
Planning time: 0.377 ms
Execution time: 17952.049 ms
