Seq Scan on movie_keyword mk  (cost=0.00..81003.12 rows=4340785 width=0) (actual time=0.024..1553.915 rows=4337310 loops=1)
  Filter: (keyword_id < 71457)
  Rows Removed by Filter: 186620
Planning time: 0.308 ms
Execution time: 2080.870 ms
