Seq Scan on movie_keyword mk  (cost=0.00..81003.12 rows=4092830 width=0) (actual time=0.023..1609.247 rows=4097656 loops=1)
  Filter: (keyword_id < 41040)
  Rows Removed by Filter: 426274
Planning time: 0.330 ms
Execution time: 2100.246 ms
