Hash Join  (cost=263115.61..1292143.79 rows=9427896 width=0) (actual time=18439.006..37493.328 rows=11567887 loops=1)
  Hash Cond: (ci.movie_id = t.id)
  ->  Seq Scan on cast_info ci  (cost=0.00..796071.18 rows=9136647 width=4) (actual time=11155.189..22418.415 rows=5449412 loops=1)
        Filter: ((person_id > 987423) AND (role_id = 1))
        Rows Removed by Filter: 30794932
  ->  Hash  (cost=220309.49..220309.49 rows=2609129 width=8) (actual time=7282.736..7282.736 rows=2609129 loops=1)
        Buckets: 131072  Batches: 64  Memory Usage: 2610kB
        ->  Hash Join  (cost=102767.86..220309.49 rows=2609129 width=8) (actual time=2484.124..6585.935 rows=2609129 loops=1)
              Hash Cond: (mc.movie_id = t.id)
              ->  Seq Scan on movie_companies mc  (cost=0.00..44881.29 rows=2609129 width=4) (actual time=0.027..1157.107 rows=2609129 loops=1)
              ->  Hash  (cost=61283.27..61283.27 rows=2528527 width=4) (actual time=2483.280..2483.280 rows=2528312 loops=1)
                    Buckets: 131072  Batches: 64  Memory Usage: 2415kB
                    ->  Seq Scan on title t  (cost=0.00..61283.27 rows=2528527 width=4) (actual time=0.016..1338.853 rows=2528312 loops=1)
Planning time: 1.201 ms
Execution time: 39051.708 ms
