Hash Join  (cost=88257.79..134130.77 rows=476750 width=0) (actual time=2051.771..2885.084 rows=237921 loops=1)
  Hash Cond: (mi_idx.movie_id = t.id)
  ->  Seq Scan on movie_info_idx mi_idx  (cost=0.00..21735.35 rows=1380035 width=4) (actual time=0.024..447.347 rows=1380035 loops=1)
  ->  Hash  (cost=73925.90..73925.90 rows=873511 width=4) (actual time=1588.845..1588.845 rows=957299 loops=1)
        Buckets: 131072  Batches: 16  Memory Usage: 3134kB
        ->  Seq Scan on title t  (cost=0.00..73925.90 rows=873511 width=4) (actual time=0.012..1298.857 rows=957299 loops=1)
              Filter: ((production_year > 1999) AND (kind_id = 7))
              Rows Removed by Filter: 1571013
Planning time: 0.722 ms
Execution time: 2915.260 ms
