Seq Scan on movie_keyword mk  (cost=0.00..81003.12 rows=1390825 width=0) (actual time=0.020..1465.020 rows=1406191 loops=1)
  Filter: (keyword_id > 11902)
  Rows Removed by Filter: 3117739
Planning time: 1.890 ms
Execution time: 1647.901 ms
