Seq Scan on movie_keyword mk  (cost=0.00..81003.12 rows=1333776 width=0) (actual time=0.026..1347.737 rows=1352510 loops=1)
  Filter: (keyword_id < 1762)
  Rows Removed by Filter: 3171420
Planning time: 0.352 ms
Execution time: 1514.791 ms
