Hash Join  (cost=449656.53..1234029.59 rows=613289 width=0) (actual time=10767.374..26413.992 rows=954786 loops=1)
  Hash Cond: (ci.movie_id = t.id)
  ->  Seq Scan on cast_info ci  (cost=0.00..705507.15 rows=3998100 width=4) (actual time=0.020..13609.104 rows=4008037 loops=1)
        Filter: (role_id = 3)
        Rows Removed by Filter: 32236307
  ->  Hash  (cost=443292.22..443292.22 rows=387865 width=8) (actual time=10765.501..10765.501 rows=596606 loops=1)
        Buckets: 131072  Batches: 8  Memory Usage: 3960kB
        ->  Hash Join  (cost=74757.64..443292.22 rows=387865 width=8) (actual time=1775.093..10317.158 rows=596606 loops=1)
              Hash Cond: (mi.movie_id = t.id)
              ->  Seq Scan on movie_info mi  (cost=0.00..309384.22 rows=14739122 width=4) (actual time=0.019..4492.832 rows=14835720 loops=1)
              ->  Hash  (cost=73925.90..73925.90 rows=66539 width=4) (actual time=1426.954..1426.954 rows=71287 loops=1)
                    Buckets: 131072  Batches: 1  Memory Usage: 3531kB
                    ->  Seq Scan on title t  (cost=0.00..73925.90 rows=66539 width=4) (actual time=0.021..1391.040 rows=71287 loops=1)
                          Filter: ((production_year > 1985) AND (kind_id = 2))
                          Rows Removed by Filter: 2457025
Planning time: 1.153 ms
Execution time: 26517.054 ms
