Hash Join  (cost=129522.47..884165.25 rows=385361 width=0) (actual time=2405.847..20964.242 rows=1219215 loops=1)
  Hash Cond: (ci.movie_id = t.id)
  ->  Seq Scan on cast_info ci  (cost=0.00..614943.12 rows=36225612 width=4) (actual time=0.030..8493.009 rows=36244344 loops=1)
  ->  Hash  (cost=129186.25..129186.25 rows=26898 width=8) (actual time=2405.606..2405.606 rows=40318 loops=1)
        Buckets: 65536 (originally 32768)  Batches: 1 (originally 1)  Memory Usage: 2087kB
        ->  Hash Join  (cost=74251.74..129186.25 rows=26898 width=8) (actual time=1142.955..2389.730 rows=40318 loops=1)
              Hash Cond: (mc.movie_id = t.id)
              ->  Seq Scan on movie_companies mc  (cost=0.00..44881.29 rows=2609129 width=4) (actual time=0.015..598.535 rows=2609129 loops=1)
              ->  Hash  (cost=73925.90..73925.90 rows=26067 width=4) (actual time=1142.734..1142.734 rows=27085 loops=1)
                    Buckets: 32768  Batches: 1  Memory Usage: 1209kB
                    ->  Seq Scan on title t  (cost=0.00..73925.90 rows=26067 width=4) (actual time=0.082..1131.790 rows=27085 loops=1)
                          Filter: ((kind_id < 7) AND (production_year > 2012))
                          Rows Removed by Filter: 2501227
Planning time: 3.885 ms
Execution time: 21124.318 ms
