Hash Join  (cost=483811.61..619243.55 rows=1102290 width=0) (actual time=24758.741..40194.510 rows=28576783 loops=1)
  Hash Cond: (mk.movie_id = t.id)
  ->  Seq Scan on movie_keyword mk  (cost=0.00..69693.30 rows=4523930 width=4) (actual time=0.014..5143.328 rows=4523930 loops=1)
  ->  Hash  (cost=473703.43..473703.43 rows=616095 width=8) (actual time=24757.285..24757.285 rows=598457 loops=1)
        Buckets: 131072  Batches: 16  Memory Usage: 2551kB
        ->  Hash Join  (cost=102767.86..473703.43 rows=616095 width=8) (actual time=14841.775..24537.426 rows=598457 loops=1)
              Hash Cond: (mi.movie_id = t.id)
              ->  Seq Scan on movie_info mi  (cost=0.00..346232.03 rows=616095 width=4) (actual time=8662.563..17497.192 rows=598457 loops=1)
                    Filter: (info_type_id = 15)
                    Rows Removed by Filter: 14237263
              ->  Hash  (cost=61283.27..61283.27 rows=2528527 width=4) (actual time=6056.432..6056.432 rows=2528312 loops=1)
                    Buckets: 131072  Batches: 64  Memory Usage: 2425kB
                    ->  Seq Scan on title t  (cost=0.00..61283.27 rows=2528527 width=4) (actual time=0.026..4815.366 rows=2528312 loops=1)
Planning time: 1.101 ms
Execution time: 44147.078 ms
