Seq Scan on movie_keyword mk  (cost=0.00..81003.12 rows=880107 width=0) (actual time=0.021..3919.476 rows=887132 loops=1)
  Filter: (keyword_id < 840)
  Rows Removed by Filter: 3636798
Planning time: 0.337 ms
Execution time: 4093.138 ms
