Hash Join  (cost=448026.41..1181419.74 rows=51773 width=211) (actual time=6775.546..13132.858 rows=98550 loops=1)
  Hash Cond: (ci.movie_id = t.id)
  ->  Seq Scan on cast_info ci  (cost=0.00..705507.15 rows=7298253 width=42) (actual time=2856.696..7951.894 rows=7451973 loops=1)
        Filter: (role_id = 2)
        Rows Removed by Filter: 28792371
  ->  Hash  (cost=447802.20..447802.20 rows=17937 width=169) (actual time=3917.991..3917.991 rows=16603 loops=1)
        Buckets: 32768  Batches: 1  Memory Usage: 2693kB
        ->  Nested Loop  (cost=0.43..447802.20 rows=17937 width=169) (actual time=698.944..3903.144 rows=16603 loops=1)
              ->  Seq Scan on movie_info mi  (cost=0.00..346232.03 rows=17937 width=75) (actual time=698.827..3643.331 rows=16603 loops=1)
                    Filter: (info_type_id = 102)
                    Rows Removed by Filter: 14819117
              ->  Index Scan using title_pkey on title t  (cost=0.43..5.65 rows=1 width=94) (actual time=0.015..0.015 rows=1 loops=16603)
                    Index Cond: (id = mi.movie_id)
Planning time: 1.604 ms
Execution time: 13137.992 ms
