Hash Join  (cost=177464.20..1243331.22 rows=3121190 width=0) (actual time=9378.127..90188.351 rows=32335110 loops=1)
  Hash Cond: (ci.movie_id = t.id)
  ->  Seq Scan on cast_info ci  (cost=0.00..614943.12 rows=36225612 width=4) (actual time=0.016..44597.063 rows=36244344 loops=1)
  ->  Hash  (cost=173888.98..173888.98 rows=217857 width=8) (actual time=9377.458..9377.458 rows=554537 loops=1)
        Buckets: 131072 (originally 131072)  Batches: 8 (originally 4)  Memory Usage: 3778kB
        ->  Hash Join  (cost=78556.72..173888.98 rows=217857 width=8) (actual time=4703.627..9193.097 rows=554537 loops=1)
              Hash Cond: (mk.movie_id = t.id)
              ->  Seq Scan on movie_keyword mk  (cost=0.00..81003.12 rows=825217 width=4) (actual time=32.864..4377.690 rows=833561 loops=1)
                    Filter: (keyword_id > 22076)
                    Rows Removed by Filter: 3690369
              ->  Hash  (cost=67604.59..67604.59 rows=667531 width=4) (actual time=3965.035..3965.035 rows=662825 loops=1)
                    Buckets: 131072  Batches: 16  Memory Usage: 2486kB
                    ->  Seq Scan on title t  (cost=0.00..67604.59 rows=667531 width=4) (actual time=1078.814..3463.121 rows=662825 loops=1)
                          Filter: (kind_id = 1)
                          Rows Removed by Filter: 1865487
Planning time: 1.117 ms
Execution time: 95113.941 ms
