Seq Scan on title t  (cost=0.00..73925.90 rows=1963 width=0) (actual time=268.399..3027.164 rows=3050 loops=1)
  Filter: ((kind_id = 1) AND (production_year = 1957))
  Rows Removed by Filter: 2525262
Planning time: 0.448 ms
Execution time: 3028.324 ms
