Hash Join  (cost=92883.59..161537.18 rows=151696 width=0) (actual time=5180.337..8149.744 rows=101019 loops=1)
  Hash Cond: (mc.movie_id = t.id)
  ->  Seq Scan on movie_companies mc  (cost=0.00..57926.93 rows=248940 width=4) (actual time=229.257..2555.081 rows=491517 loops=1)
        Filter: ((company_id > 74648) AND (company_type_id > 1))
        Rows Removed by Filter: 2117612
  ->  Hash  (cost=67604.59..67604.59 rows=1540800 width=4) (actual time=4949.907..4949.907 rows=1543264 loops=1)
        Buckets: 131072  Batches: 32  Memory Usage: 2722kB
        ->  Seq Scan on title t  (cost=0.00..67604.59 rows=1540800 width=4) (actual time=0.017..4216.060 rows=1543264 loops=1)
              Filter: (kind_id = 7)
              Rows Removed by Filter: 985048
Planning time: 7.339 ms
Execution time: 8163.184 ms
