Hash Join  (cost=1006473.08..1186784.60 rows=4321857 width=0) (actual time=45435.641..56421.284 rows=11673852 loops=1)
  Hash Cond: (mk.movie_id = t.id)
  ->  Seq Scan on movie_keyword mk  (cost=0.00..69693.30 rows=4523930 width=4) (actual time=0.011..4582.557 rows=4523930 loops=1)
  ->  Hash  (cost=966842.28..966842.28 rows=2415584 width=8) (actual time=45430.010..45430.010 rows=777791 loops=1)
        Buckets: 131072  Batches: 32  Memory Usage: 2002kB
        ->  Hash Join  (cost=102767.86..966842.28 rows=2415584 width=8) (actual time=13100.299..45157.380 rows=777791 loops=1)
              Hash Cond: (ci.movie_id = t.id)
              ->  Seq Scan on cast_info ci  (cost=0.00..796071.18 rows=2415584 width=4) (actual time=8101.013..38983.045 rows=777791 loops=1)
                    Filter: ((person_id < 2023256) AND (role_id = 10))
                    Rows Removed by Filter: 35466553
              ->  Hash  (cost=61283.27..61283.27 rows=2528527 width=4) (actual time=4998.219..4998.219 rows=2528312 loops=1)
                    Buckets: 131072  Batches: 64  Memory Usage: 2415kB
                    ->  Seq Scan on title t  (cost=0.00..61283.27 rows=2528527 width=4) (actual time=9.473..3844.722 rows=2528312 loops=1)
Planning time: 1.105 ms
Execution time: 58046.712 ms
