Hash Join  (cost=103503.55..161315.91 rows=243142 width=144) (actual time=1353.596..2264.284 rows=208899 loops=1)
  Hash Cond: (mi_idx.movie_id = t.id)
  ->  Seq Scan on movie_info_idx mi_idx  (cost=0.00..25185.44 rows=464934 width=50) (actual time=0.023..308.205 rows=460185 loops=1)
        Filter: (info_type_id > 100)
        Rows Removed by Filter: 919850
  ->  Hash  (cost=67604.59..67604.59 rows=1322317 width=94) (actual time=1352.004..1352.004 rows=1322863 loops=1)
        Buckets: 32768  Batches: 64  Memory Usage: 2594kB
        ->  Seq Scan on title t  (cost=0.00..67604.59 rows=1322317 width=94) (actual time=0.018..827.570 rows=1322863 loops=1)
              Filter: (production_year > 2001)
              Rows Removed by Filter: 1205449
Planning time: 0.991 ms
Execution time: 2274.465 ms
