Hash Join  (cost=58375.85..85286.56 rows=23 width=0) (actual time=2544.128..3660.739 rows=6 loops=1)
  Hash Cond: (mi_idx.movie_id = t.id)
  ->  Seq Scan on movie_info_idx mi_idx  (cost=0.00..21735.35 rows=1380035 width=4) (actual time=0.019..1149.109 rows=1380035 loops=1)
  ->  Hash  (cost=58375.31..58375.31 rows=43 width=8) (actual time=2206.231..2206.231 rows=5 loops=1)
        Buckets: 1024  Batches: 1  Memory Usage: 9kB
        ->  Nested Loop  (cost=0.43..58375.31 rows=43 width=8) (actual time=1324.821..2206.215 rows=5 loops=1)
              ->  Seq Scan on movie_companies mc  (cost=0.00..57926.93 rows=53 width=4) (actual time=1324.787..2206.021 rows=5 loops=1)
                    Filter: ((company_id = 19884) AND (company_type_id = 2))
                    Rows Removed by Filter: 2609124
              ->  Index Scan using title_pkey on title t  (cost=0.43..8.45 rows=1 width=4) (actual time=0.032..0.033 rows=1 loops=5)
                    Index Cond: (id = mc.movie_id)
                    Filter: (production_year > 1972)
Planning time: 1.184 ms
Execution time: 3660.873 ms
