Hash Join  (cost=102767.86..1190856.14 rows=11725237 width=0) (actual time=5225.046..65696.585 rows=12670688 loops=1)
  Hash Cond: (ci.movie_id = t.id)
  ->  Seq Scan on cast_info ci  (cost=0.00..796071.18 rows=11725237 width=4) (actual time=0.025..46882.604 rows=12670688 loops=1)
        Filter: ((person_id < 3517890) AND (role_id < 2))
        Rows Removed by Filter: 23573656
  ->  Hash  (cost=61283.27..61283.27 rows=2528527 width=4) (actual time=5224.189..5224.189 rows=2528312 loops=1)
        Buckets: 131072  Batches: 64  Memory Usage: 2415kB
        ->  Seq Scan on title t  (cost=0.00..61283.27 rows=2528527 width=4) (actual time=0.016..4140.869 rows=2528312 loops=1)
Planning time: 9.463 ms
Execution time: 67499.199 ms
