Hash Join  (cost=83073.32..447734.09 rows=481 width=0) (actual time=3968.299..24295.140 rows=14604 loops=1)
  Hash Cond: (mi.movie_id = t.id)
  ->  Seq Scan on movie_info mi  (cost=0.00..309384.22 rows=14739122 width=4) (actual time=0.020..16629.081 rows=14835720 loops=1)
  ->  Hash  (cost=83072.29..83072.29 rows=83 width=8) (actual time=3965.533..3965.533 rows=409 loops=1)
        Buckets: 1024  Batches: 1  Memory Usage: 24kB
        ->  Nested Loop  (cost=0.43..83072.29 rows=83 width=8) (actual time=5.688..3965.065 rows=409 loops=1)
              ->  Seq Scan on movie_keyword mk  (cost=0.00..81003.12 rows=246 width=4) (actual time=5.634..3769.838 rows=851 loops=1)
                    Filter: (keyword_id = 384)
                    Rows Removed by Filter: 4523079
              ->  Index Scan using title_pkey on title t  (cost=0.43..8.40 rows=1 width=4) (actual time=0.227..0.227 rows=0 loops=851)
                    Index Cond: (id = mk.movie_id)
                    Filter: (production_year < 1996)
                    Rows Removed by Filter: 1
Planning time: 1.103 ms
Execution time: 24298.388 ms
