Hash Join  (cost=68058.67..159639.31 rows=39029 width=0) (actual time=3489.682..8166.915 rows=44148 loops=1)
  Hash Cond: (mk.movie_id = t.id)
  ->  Seq Scan on movie_keyword mk  (cost=0.00..81003.12 rows=2716591 width=4) (actual time=0.014..4123.011 rows=2710831 loops=1)
        Filter: (keyword_id > 2950)
        Rows Removed by Filter: 1813099
  ->  Hash  (cost=67604.59..67604.59 rows=36327 width=4) (actual time=3489.193..3489.193 rows=36509 loops=1)
        Buckets: 65536  Batches: 1  Memory Usage: 1796kB
        ->  Seq Scan on title t  (cost=0.00..67604.59 rows=36327 width=4) (actual time=0.058..3469.404 rows=36509 loops=1)
              Filter: (production_year = 1996)
              Rows Removed by Filter: 2491803
Planning time: 0.696 ms
Execution time: 8173.450 ms
