Hash Join  (cost=209263.17..577002.33 rows=437897 width=0) (actual time=9079.163..28691.002 rows=8712968 loops=1)
  Hash Cond: (mi.movie_id = t.id)
  ->  Seq Scan on movie_info mi  (cost=0.00..346232.03 rows=1158179 width=4) (actual time=0.021..15841.103 rows=1204709 loops=1)
        Filter: (info_type_id > 18)
        Rows Removed by Filter: 13631011
  ->  Hash  (cost=193578.00..193578.00 rows=956013 width=8) (actual time=9078.200..9078.200 rows=804972 loops=1)
        Buckets: 131072  Batches: 16  Memory Usage: 3035kB
        ->  Hash Join  (cost=102767.86..193578.00 rows=956013 width=8) (actual time=4347.266..8811.622 rows=804972 loops=1)
              Hash Cond: (mc.movie_id = t.id)
              ->  Seq Scan on movie_companies mc  (cost=0.00..57926.93 rows=956013 width=4) (actual time=0.019..3012.700 rows=804972 loops=1)
                    Filter: ((company_id > 900) AND (company_type_id < 2))
                    Rows Removed by Filter: 1804157
              ->  Hash  (cost=61283.27..61283.27 rows=2528527 width=4) (actual time=4345.725..4345.725 rows=2528312 loops=1)
                    Buckets: 131072  Batches: 64  Memory Usage: 2415kB
                    ->  Seq Scan on title t  (cost=0.00..61283.27 rows=2528527 width=4) (actual time=0.016..3206.461 rows=2528312 loops=1)
Planning time: 1.262 ms
Execution time: 30033.574 ms
