Seq Scan on movie_keyword mk  (cost=0.00..81003.12 rows=4350123 width=0) (actual time=0.025..3784.131 rows=4354981 loops=1)
  Filter: (keyword_id < 72189)
  Rows Removed by Filter: 168949
Planning time: 0.359 ms
Execution time: 4507.632 ms
