Hash Join  (cost=151037.17..1031736.65 rows=2800335 width=0) (actual time=7327.112..54020.609 rows=4135488 loops=1)
  Hash Cond: (ci.movie_id = t.id)
  ->  Seq Scan on cast_info ci  (cost=0.00..705507.15 rows=12538928 width=4) (actual time=0.025..37237.687 rows=12653595 loops=1)
        Filter: (person_id > 2416481)
        Rows Removed by Filter: 23590749
  ->  Hash  (cost=141772.44..141772.44 rows=564699 width=8) (actual time=7326.305..7326.305 rows=294920 loops=1)
        Buckets: 131072  Batches: 8  Memory Usage: 2464kB
        ->  Hash Join  (cost=93093.72..141772.44 rows=564699 width=8) (actual time=4774.064..7230.166 rows=294920 loops=1)
              Hash Cond: (mi_idx.movie_id = t.id)
              ->  Seq Scan on movie_info_idx mi_idx  (cost=0.00..25185.44 rows=919057 width=4) (actual time=0.024..1509.934 rows=920110 loops=1)
                    Filter: (info_type_id > 99)
                    Rows Removed by Filter: 459925
              ->  Hash  (cost=67604.59..67604.59 rows=1553611 width=4) (actual time=4773.226..4773.226 rows=1555864 loops=1)
                    Buckets: 131072  Batches: 32  Memory Usage: 2734kB
                    ->  Seq Scan on title t  (cost=0.00..67604.59 rows=1553611 width=4) (actual time=0.021..4079.958 rows=1555864 loops=1)
                          Filter: (kind_id > 4)
                          Rows Removed by Filter: 972448
Planning time: 4.844 ms
Execution time: 54592.238 ms
