Seq Scan on title t  (cost=0.00..73925.90 rows=34475 width=0) (actual time=0.029..3561.850 rows=39896 loops=1)
  Filter: ((kind_id > 3) AND (production_year = 2000))
  Rows Removed by Filter: 2488416
Planning time: 0.322 ms
Execution time: 3574.261 ms
