Hash Join  (cost=160526.42..273630.92 rows=643673 width=0) (actual time=10233.548..13125.024 rows=528270 loops=1)
  Hash Cond: (mk.movie_id = t.id)
  ->  Seq Scan on movie_keyword mk  (cost=0.00..81003.12 rows=1935371 width=4) (actual time=0.016..4902.354 rows=1944590 loops=1)
        Filter: (keyword_id > 6708)
        Rows Removed by Filter: 2579340
  ->  Hash  (cost=146729.58..146729.58 rows=840947 width=8) (actual time=6721.493..6721.493 rows=425718 loops=1)
        Buckets: 131072  Batches: 16  Memory Usage: 2068kB
        ->  Hash Join  (cost=92883.59..146729.58 rows=840947 width=8) (actual time=5211.111..6576.916 rows=425718 loops=1)
              Hash Cond: (mi_idx.movie_id = t.id)
              ->  Seq Scan on movie_info_idx mi_idx  (cost=0.00..21735.35 rows=1380035 width=4) (actual time=0.019..1053.165 rows=1380035 loops=1)
              ->  Hash  (cost=67604.59..67604.59 rows=1540800 width=4) (actual time=4320.681..4320.681 rows=1543264 loops=1)
                    Buckets: 131072  Batches: 32  Memory Usage: 2722kB
                    ->  Seq Scan on title t  (cost=0.00..67604.59 rows=1540800 width=4) (actual time=0.018..3715.636 rows=1543264 loops=1)
                          Filter: (kind_id = 7)
                          Rows Removed by Filter: 985048
Planning time: 1.757 ms
Execution time: 13234.363 ms
