Seq Scan on cast_info ci  (cost=0.00..705507.15 rows=500 width=0) (actual time=7154.260..32155.523 rows=146 loops=1)
  Filter: (person_id = 437215)
  Rows Removed by Filter: 36244198
Planning time: 0.322 ms
Execution time: 32155.670 ms
