Hash Join  (cost=71408.55..175993.79 rows=166606 width=0) (actual time=3840.823..10112.900 rows=58827 loops=1)
  Hash Cond: (mk.movie_id = t.id)
  ->  Seq Scan on movie_keyword mk  (cost=0.00..81003.12 rows=1817081 width=4) (actual time=0.023..5248.187 rows=1819295 loops=1)
        Filter: (keyword_id < 2987)
        Rows Removed by Filter: 2704635
  ->  Hash  (cost=67604.59..67604.59 rows=231837 width=4) (actual time=3837.043..3837.043 rows=231649 loops=1)
        Buckets: 131072  Batches: 4  Memory Usage: 3082kB
        ->  Seq Scan on title t  (cost=0.00..67604.59 rows=231837 width=4) (actual time=0.014..3727.312 rows=231649 loops=1)
              Filter: (production_year > 2011)
              Rows Removed by Filter: 2296663
Planning time: 0.702 ms
Execution time: 10121.294 ms
