Seq Scan on movie_keyword mk  (cost=0.00..81003.12 rows=4232205 width=0) (actual time=0.022..4603.232 rows=4212444 loops=1)
  Filter: (keyword_id > 248)
  Rows Removed by Filter: 311486
Planning time: 0.323 ms
Execution time: 5334.103 ms
