Hash Join  (cost=68980.77..588987.79 rows=118141 width=169) (actual time=946.680..6117.842 rows=104411 loops=1)
  Hash Cond: (mi.movie_id = t.id)
  ->  Seq Scan on movie_info mi  (cost=0.00..346232.03 rows=5897221 width=75) (actual time=161.691..3530.582 rows=5884963 loops=1)
        Filter: (info_type_id < 7)
        Rows Removed by Filter: 8950757
  ->  Hash  (cost=67604.59..67604.59 rows=50655 width=94) (actual time=784.058..784.058 rows=50564 loops=1)
        Buckets: 32768  Batches: 2  Memory Usage: 3090kB
        ->  Seq Scan on title t  (cost=0.00..67604.59 rows=50655 width=94) (actual time=0.034..761.289 rows=50564 loops=1)
              Filter: (production_year = 1999)
              Rows Removed by Filter: 2477748
Planning time: 1.024 ms
Execution time: 6123.158 ms
