Hash Join  (cost=102767.86..181709.72 rows=462826 width=0) (actual time=6911.195..10252.324 rows=264036 loops=1)
  Hash Cond: (mc.movie_id = t.id)
  ->  Seq Scan on movie_companies mc  (cost=0.00..57926.93 rows=462826 width=4) (actual time=919.799..3175.534 rows=264036 loops=1)
        Filter: ((company_id < 2980) AND (company_type_id > 1))
        Rows Removed by Filter: 2345093
  ->  Hash  (cost=61283.27..61283.27 rows=2528527 width=4) (actual time=5989.979..5989.979 rows=2528312 loops=1)
        Buckets: 131072  Batches: 64  Memory Usage: 2415kB
        ->  Seq Scan on title t  (cost=0.00..61283.27 rows=2528527 width=4) (actual time=0.024..4554.853 rows=2528312 loops=1)
Planning time: 0.771 ms
Execution time: 10286.810 ms
