Seq Scan on cast_info ci  (cost=0.00..796071.18 rows=9075348 width=0) (actual time=0.032..39463.763 rows=10418068 loops=1)
  Filter: ((person_id < 1160119) AND (role_id < 6))
  Rows Removed by Filter: 25826276
Planning time: 3.697 ms
Execution time: 41474.921 ms
