Hash Join  (cost=123984.52..488859.80 rows=21935 width=0) (actual time=6847.842..25562.543 rows=100078 loops=1)
  Hash Cond: (mi.movie_id = t.id)
  ->  Seq Scan on movie_info mi  (cost=0.00..309384.22 rows=14739122 width=4) (actual time=0.019..14437.510 rows=14835720 loops=1)
  ->  Hash  (cost=123937.48..123937.48 rows=3763 width=8) (actual time=6847.724..6847.724 rows=7739 loops=1)
        Buckets: 8192 (originally 4096)  Batches: 1 (originally 1)  Memory Usage: 367kB
        ->  Hash Join  (cost=67697.55..123937.48 rows=3763 width=8) (actual time=3331.136..6844.056 rows=7739 loops=1)
              Hash Cond: (mc.movie_id = t.id)
              ->  Seq Scan on movie_companies mc  (cost=0.00..51404.11 rows=1279517 width=4) (actual time=0.019..3224.040 rows=1274246 loops=1)
                    Filter: (company_type_id = 1)
                    Rows Removed by Filter: 1334883
              ->  Hash  (cost=67604.59..67604.59 rows=7437 width=4) (actual time=3282.343..3282.343 rows=7770 loops=1)
                    Buckets: 8192  Batches: 1  Memory Usage: 338kB
                    ->  Seq Scan on title t  (cost=0.00..67604.59 rows=7437 width=4) (actual time=1124.951..3277.988 rows=7770 loops=1)
                          Filter: (production_year = 1912)
                          Rows Removed by Filter: 2520542
Planning time: 1.107 ms
Execution time: 25580.441 ms
