Nested Loop  (cost=0.43..83072.90 rows=111 width=0) (actual time=551.425..3447.617 rows=12 loops=1)
  ->  Seq Scan on movie_keyword mk  (cost=0.00..81003.12 rows=246 width=4) (actual time=2.059..3430.978 rows=56 loops=1)
        Filter: (keyword_id = 21005)
        Rows Removed by Filter: 4523874
  ->  Index Scan using title_pkey on title t  (cost=0.43..8.40 rows=1 width=4) (actual time=0.292..0.292 rows=0 loops=56)
        Index Cond: (id = mk.movie_id)
        Filter: ((kind_id > 1) AND (production_year < 2007))
        Rows Removed by Filter: 1
Planning time: 5.652 ms
Execution time: 3449.906 ms
