Hash Join  (cost=129928.86..292703.28 rows=1719403 width=106) (actual time=2309.097..6263.170 rows=1730008 loops=1)
  Hash Cond: (mk.movie_id = t.id)
  ->  Seq Scan on movie_keyword mk  (cost=0.00..81003.12 rows=1719403 width=12) (actual time=0.011..1484.126 rows=1730008 loops=1)
        Filter: (keyword_id > 8184)
        Rows Removed by Filter: 2793922
  ->  Hash  (cost=61283.27..61283.27 rows=2528527 width=94) (actual time=2300.353..2300.353 rows=2528312 loops=1)
        Buckets: 32768  Batches: 128  Memory Usage: 2470kB
        ->  Seq Scan on title t  (cost=0.00..61283.27 rows=2528527 width=94) (actual time=0.016..996.836 rows=2528312 loops=1)
Planning time: 0.913 ms
Execution time: 6359.085 ms
