Hash Join  (cost=73982.55..438902.66 rows=26418 width=0) (actual time=3218.614..24823.681 rows=41356 loops=1)
  Hash Cond: (mi.movie_id = t.id)
  ->  Seq Scan on movie_info mi  (cost=0.00..309384.22 rows=14739122 width=4) (actual time=0.022..17150.667 rows=14835720 loops=1)
  ->  Hash  (cost=73925.90..73925.90 rows=4532 width=4) (actual time=3165.496..3165.496 rows=6734 loops=1)
        Buckets: 8192  Batches: 1  Memory Usage: 301kB
        ->  Seq Scan on title t  (cost=0.00..73925.90 rows=4532 width=4) (actual time=0.074..3161.990 rows=6734 loops=1)
              Filter: ((kind_id = 7) AND (production_year = 1961))
              Rows Removed by Filter: 2521578
Planning time: 0.713 ms
Execution time: 24829.977 ms
