Seq Scan on title t  (cost=0.00..73925.90 rows=2905 width=0) (actual time=4.734..3550.598 rows=7777 loops=1)
  Filter: ((kind_id < 7) AND (production_year = 1985))
  Rows Removed by Filter: 2520535
Planning time: 0.379 ms
Execution time: 3552.550 ms
