Seq Scan on cast_info ci  (cost=0.00..796071.18 rows=3196763 width=0) (actual time=0.023..42573.085 rows=3445876 loops=1)
  Filter: ((person_id > 696724) AND (role_id = 3))
  Rows Removed by Filter: 32798468
Planning time: 0.395 ms
Execution time: 43209.972 ms
