Seq Scan on cast_info ci  (cost=0.00..705507.15 rows=35491860 width=0) (actual time=0.024..43738.058 rows=35479640 loops=1)
  Filter: (person_id < 3915220)
  Rows Removed by Filter: 764704
Planning time: 0.724 ms
Execution time: 50398.932 ms
