Hash Join  (cost=74119.74..158198.28 rows=4949 width=0) (actual time=3201.207..7302.153 rows=12589 loops=1)
  Hash Cond: (mk.movie_id = t.id)
  ->  Seq Scan on movie_keyword mk  (cost=0.00..81003.12 rows=806913 width=4) (actual time=0.022..3869.378 rows=809825 loops=1)
        Filter: (keyword_id < 784)
        Rows Removed by Filter: 3714105
  ->  Hash  (cost=73925.90..73925.90 rows=15507 width=4) (actual time=3200.989..3200.989 rows=11835 loops=1)
        Buckets: 16384  Batches: 1  Memory Usage: 545kB
        ->  Seq Scan on title t  (cost=0.00..73925.90 rows=15507 width=4) (actual time=0.628..3195.167 rows=11835 loops=1)
              Filter: ((kind_id < 7) AND (production_year = 1995))
              Rows Removed by Filter: 2516477
Planning time: 1.620 ms
Execution time: 7304.608 ms
