Seq Scan on movie_companies mc  (cost=0.00..51404.11 rows=1074561 width=0) (actual time=0.013..3056.279 rows=1069895 loops=1)
  Filter: (company_id < 6626)
  Rows Removed by Filter: 1539234
Planning time: 0.326 ms
Execution time: 3241.969 ms
