Nested Loop  (cost=0.43..709674.40 rows=159 width=0) (actual time=10676.066..28712.203 rows=2 loops=1)
  ->  Seq Scan on cast_info ci  (cost=0.00..705507.15 rows=500 width=4) (actual time=10675.978..28609.691 rows=996 loops=1)
        Filter: (person_id = 2538804)
        Rows Removed by Filter: 36243348
  ->  Index Scan using title_pkey on title t  (cost=0.43..8.32 rows=1 width=4) (actual time=0.102..0.102 rows=0 loops=996)
        Index Cond: (id = ci.movie_id)
        Filter: ((kind_id < 7) AND (production_year > 1971))
        Rows Removed by Filter: 1
Planning time: 3.672 ms
Execution time: 28712.355 ms
