Seq Scan on movie_keyword mk  (cost=0.00..81003.12 rows=305406 width=0) (actual time=0.017..4328.839 rows=321054 loops=1)
  Filter: (keyword_id < 261)
  Rows Removed by Filter: 4202876
Planning time: 0.308 ms
Execution time: 4392.826 ms
