Seq Scan on movie_companies mc  (cost=0.00..51404.11 rows=571987 width=0) (actual time=0.024..2418.109 rows=574744 loops=1)
  Filter: (company_id > 71181)
  Rows Removed by Filter: 2034385
Planning time: 0.318 ms
Execution time: 2541.066 ms
