Hash Join  (cost=214518.48..353484.18 rows=1454876 width=0) (actual time=10693.938..18799.626 rows=3724854 loops=1)
  Hash Cond: (mk.movie_id = t.id)
  ->  Seq Scan on movie_keyword mk  (cost=0.00..81003.12 rows=3387685 width=4) (actual time=0.013..4750.701 rows=3377245 loops=1)
        Filter: (keyword_id < 16264)
        Rows Removed by Filter: 1146685
  ->  Hash  (cost=196702.70..196702.70 rows=1085902 width=8) (actual time=10691.209..10691.209 rows=853592 loops=1)
        Buckets: 131072  Batches: 16  Memory Usage: 3107kB
        ->  Hash Join  (cost=102767.86..196702.70 rows=1085902 width=8) (actual time=7137.775..10367.185 rows=853592 loops=1)
              Hash Cond: (mc.movie_id = t.id)
              ->  Seq Scan on movie_companies mc  (cost=0.00..57926.93 rows=1085902 width=4) (actual time=1766.813..3504.661 rows=853592 loops=1)
                    Filter: ((company_id < 75175) AND (company_type_id > 1))
                    Rows Removed by Filter: 1755537
              ->  Hash  (cost=61283.27..61283.27 rows=2528527 width=4) (actual time=5369.637..5369.637 rows=2528312 loops=1)
                    Buckets: 131072  Batches: 64  Memory Usage: 2415kB
                    ->  Seq Scan on title t  (cost=0.00..61283.27 rows=2528527 width=4) (actual time=0.031..4296.207 rows=2528312 loops=1)
Planning time: 1.213 ms
Execution time: 19338.953 ms
