Hash Join  (cost=98137.04..192041.19 rows=205379 width=0) (actual time=6379.490..10690.417 rows=68892 loops=1)
  Hash Cond: (mk.movie_id = t.id)
  ->  Seq Scan on movie_keyword mk  (cost=0.00..81003.12 rows=279047 width=4) (actual time=0.025..3780.925 rows=277979 loops=1)
        Filter: (keyword_id > 57168)
        Rows Removed by Filter: 4245951
  ->  Hash  (cost=67604.59..67604.59 rows=1860996 width=4) (actual time=6378.101..6378.101 rows=1865487 loops=1)
        Buckets: 131072  Batches: 32  Memory Usage: 3085kB
        ->  Seq Scan on title t  (cost=0.00..67604.59 rows=1860996 width=4) (actual time=0.013..5277.884 rows=1865487 loops=1)
              Filter: (kind_id > 1)
              Rows Removed by Filter: 662825
Planning time: 0.730 ms
Execution time: 10699.713 ms
