Hash Join  (cost=84084.73..602402.84 rows=3609318 width=0) (actual time=4062.114..39411.836 rows=7939031 loops=1)
  Hash Cond: (mi.movie_id = t.id)
  ->  Seq Scan on movie_info mi  (cost=0.00..309384.22 rows=14739122 width=4) (actual time=0.016..22983.068 rows=14835720 loops=1)
  ->  Hash  (cost=73925.90..73925.90 rows=619186 width=4) (actual time=4060.943..4060.943 rows=634771 loops=1)
        Buckets: 131072  Batches: 16  Memory Usage: 2427kB
        ->  Seq Scan on title t  (cost=0.00..73925.90 rows=619186 width=4) (actual time=0.028..3619.833 rows=634771 loops=1)
              Filter: ((kind_id < 3) AND (production_year < 2011))
              Rows Removed by Filter: 1893541
Planning time: 6.815 ms
Execution time: 40555.579 ms
