Nested Loop  (cost=0.43..798385.45 rows=276 width=0) (actual time=36257.154..40013.374 rows=196 loops=1)
  ->  Seq Scan on cast_info ci  (cost=0.00..796071.18 rows=276 width=4) (actual time=36256.986..40002.243 rows=196 loops=1)
        Filter: ((role_id < 3) AND (person_id = 631147))
        Rows Removed by Filter: 36244148
  ->  Index Only Scan using title_pkey on title t  (cost=0.43..8.38 rows=1 width=4) (actual time=0.056..0.056 rows=1 loops=196)
        Index Cond: (id = ci.movie_id)
        Heap Fetches: 196
Planning time: 3.994 ms
Execution time: 40013.503 ms
