Seq Scan on title t  (cost=0.00..73925.90 rows=48803 width=0) (actual time=79.623..3410.306 rows=30511 loops=1)
  Filter: ((production_year < 2001) AND (kind_id = 4))
  Rows Removed by Filter: 2497801
Planning time: 0.371 ms
Execution time: 3415.077 ms
