Hash Join  (cost=74707.83..476233.01 rows=342202 width=0) (actual time=3524.093..31170.688 rows=637808 loops=1)
  Hash Cond: (mi.movie_id = t.id)
  ->  Seq Scan on movie_info mi  (cost=0.00..346232.03 rows=13832302 width=4) (actual time=0.028..19664.604 rows=13867355 loops=1)
        Filter: (info_type_id < 94)
        Rows Removed by Filter: 968365
  ->  Hash  (cost=73925.90..73925.90 rows=62554 width=4) (actual time=3523.689..3523.689 rows=87409 loops=1)
        Buckets: 131072 (originally 65536)  Batches: 2 (originally 1)  Memory Usage: 3073kB
        ->  Seq Scan on title t  (cost=0.00..73925.90 rows=62554 width=4) (actual time=1718.106..3481.860 rows=87409 loops=1)
              Filter: ((production_year > 2000) AND (kind_id = 4))
              Rows Removed by Filter: 2440903
Planning time: 7.345 ms
Execution time: 31269.516 ms
