Hash Join  (cost=175027.18..251884.50 rows=366853 width=0) (actual time=9026.887..13428.747 rows=1020446 loops=1)
  Hash Cond: (mc.movie_id = t.id)
  ->  Seq Scan on movie_companies mc  (cost=0.00..57926.93 rows=1009294 width=4) (actual time=393.989..3407.001 rows=1161075 loops=1)
        Filter: ((company_id > 789) AND (company_type_id = 2))
        Rows Removed by Filter: 1448054
  ->  Hash  (cost=159947.97..159947.97 rows=919057 width=8) (actual time=8632.043..8632.043 rows=920110 loops=1)
        Buckets: 131072  Batches: 16  Memory Usage: 3269kB
        ->  Hash Join  (cost=102767.86..159947.97 rows=919057 width=8) (actual time=5467.094..8339.963 rows=920110 loops=1)
              Hash Cond: (mi_idx.movie_id = t.id)
              ->  Seq Scan on movie_info_idx mi_idx  (cost=0.00..25185.44 rows=919057 width=4) (actual time=0.034..1561.578 rows=920110 loops=1)
                    Filter: (info_type_id > 99)
                    Rows Removed by Filter: 459925
              ->  Hash  (cost=61283.27..61283.27 rows=2528527 width=4) (actual time=5465.611..5465.611 rows=2528312 loops=1)
                    Buckets: 131072  Batches: 64  Memory Usage: 2415kB
                    ->  Seq Scan on title t  (cost=0.00..61283.27 rows=2528527 width=4) (actual time=0.014..3870.790 rows=2528312 loops=1)
Planning time: 6.247 ms
Execution time: 13591.110 ms
