Hash Join  (cost=77280.64..116888.03 rows=111591 width=0) (actual time=3957.479..6307.296 rows=253634 loops=1)
  Hash Cond: (mi_idx.movie_id = t.id)
  ->  Seq Scan on movie_info_idx mi_idx  (cost=0.00..21735.35 rows=1380035 width=4) (actual time=0.008..1520.496 rows=1380035 loops=1)
  ->  Hash  (cost=73925.90..73925.90 rows=204459 width=4) (actual time=3956.804..3956.804 rows=313929 loops=1)
        Buckets: 131072  Batches: 4  Memory Usage: 3786kB
        ->  Seq Scan on title t  (cost=0.00..73925.90 rows=204459 width=4) (actual time=0.023..3543.645 rows=313929 loops=1)
              Filter: ((kind_id < 7) AND (production_year < 1981))
              Rows Removed by Filter: 2214383
Planning time: 9.801 ms
Execution time: 6355.202 ms
