Nested Loop  (cost=0.43..83072.90 rows=1 width=0) (actual time=23.807..3567.727 rows=10 loops=1)
  ->  Seq Scan on movie_keyword mk  (cost=0.00..81003.12 rows=246 width=4) (actual time=4.751..3447.736 rows=740 loops=1)
        Filter: (keyword_id = 7876)
        Rows Removed by Filter: 4523190
  ->  Index Scan using title_pkey on title t  (cost=0.43..8.40 rows=1 width=4) (actual time=0.160..0.160 rows=0 loops=740)
        Index Cond: (id = mk.movie_id)
        Filter: ((kind_id < 7) AND (production_year = 1961))
        Rows Removed by Filter: 1
Planning time: 0.699 ms
Execution time: 3567.838 ms
