Hash Join  (cost=129928.86..1933203.97 rows=31356367 width=136) (actual time=2018.486..57960.699 rows=31489934 loops=1)
  Hash Cond: (ci.movie_id = t.id)
  ->  Seq Scan on cast_info ci  (cost=0.00..705507.15 rows=31356367 width=42) (actual time=0.018..14579.568 rows=31489934 loops=1)
        Filter: (person_id > 461319)
        Rows Removed by Filter: 4754410
  ->  Hash  (cost=61283.27..61283.27 rows=2528527 width=94) (actual time=2017.000..2017.000 rows=2528312 loops=1)
        Buckets: 32768  Batches: 128  Memory Usage: 2453kB
        ->  Seq Scan on title t  (cost=0.00..61283.27 rows=2528527 width=94) (actual time=0.011..756.588 rows=2528312 loops=1)
Planning time: 0.997 ms
Execution time: 59650.393 ms
