Seq Scan on movie_keyword mk  (cost=0.00..81003.12 rows=893665 width=0) (actual time=0.026..4309.935 rows=898730 loops=1)
  Filter: (keyword_id < 851)
  Rows Removed by Filter: 3625200
Planning time: 0.325 ms
Execution time: 4452.267 ms
