Seq Scan on cast_info ci  (cost=0.00..796071.18 rows=16515759 width=0) (actual time=0.014..44284.151 rows=12804027 loops=1)
  Filter: ((person_id < 2630249) AND (role_id > 1))
  Rows Removed by Filter: 23440317
Planning time: 0.308 ms
Execution time: 46673.493 ms
