Hash Join  (cost=160823.02..533541.03 rows=16879 width=0) (actual time=6800.183..23434.709 rows=14039 loops=1)
  Hash Cond: (mi.movie_id = t.id)
  ->  Seq Scan on movie_info mi  (cost=0.00..346232.03 rows=5263441 width=4) (actual time=109.394..15791.387 rows=5270569 loops=1)
        Filter: (info_type_id > 15)
        Rows Removed by Filter: 9565151
  ->  Hash  (cost=160721.67..160721.67 rows=8108 width=8) (actual time=6557.555..6557.555 rows=5557 loops=1)
        Buckets: 8192  Batches: 1  Memory Usage: 282kB
        ->  Hash Join  (cost=73982.55..160721.67 rows=8108 width=8) (actual time=4605.643..6555.568 rows=5557 loops=1)
              Hash Cond: (mk.movie_id = t.id)
              ->  Seq Scan on movie_keyword mk  (cost=0.00..69693.30 rows=4523930 width=4) (actual time=0.027..2663.690 rows=4523930 loops=1)
              ->  Hash  (cost=73925.90..73925.90 rows=4532 width=4) (actual time=2841.953..2841.953 rows=10614 loops=1)
                    Buckets: 16384 (originally 8192)  Batches: 1 (originally 1)  Memory Usage: 502kB
                    ->  Seq Scan on title t  (cost=0.00..73925.90 rows=4532 width=4) (actual time=114.677..2836.522 rows=10614 loops=1)
                          Filter: ((kind_id = 7) AND (production_year = 1985))
                          Rows Removed by Filter: 2517698
Planning time: 1.101 ms
Execution time: 23437.008 ms
