Hash Join  (cost=423415.68..2037548.71 rows=29582867 width=148) (actual time=5762.550..43692.547 rows=98417621 loops=1)
  Hash Cond: (ci.movie_id = t.id)
  ->  Seq Scan on cast_info ci  (cost=0.00..705507.15 rows=23499554 width=42) (actual time=0.018..7290.470 rows=23573656 loops=1)
        Filter: (role_id > 1)
        Rows Removed by Filter: 12670688
  ->  Hash  (cost=330782.11..330782.11 rows=3183085 width=106) (actual time=5761.980..5761.980 rows=3164156 loops=1)
        Buckets: 32768  Batches: 128  Memory Usage: 3390kB
        ->  Hash Join  (cost=129928.86..330782.11 rows=3183085 width=106) (actual time=1170.307..4548.086 rows=3164156 loops=1)
              Hash Cond: (mk.movie_id = t.id)
              ->  Seq Scan on movie_keyword mk  (cost=0.00..81003.12 rows=3183085 width=12) (actual time=0.010..945.701 rows=3164156 loops=1)
                    Filter: (keyword_id > 1770)
                    Rows Removed by Filter: 1359774
              ->  Hash  (cost=61283.27..61283.27 rows=2528527 width=94) (actual time=1167.596..1167.596 rows=2528312 loops=1)
                    Buckets: 32768  Batches: 128  Memory Usage: 2470kB
                    ->  Seq Scan on title t  (cost=0.00..61283.27 rows=2528527 width=94) (actual time=0.009..404.383 rows=2528312 loops=1)
Planning time: 0.963 ms
Execution time: 46693.738 ms
