Hash Join  (cost=102767.86..301532.33 rows=4483406 width=0) (actual time=6331.948..16527.941 rows=4489202 loops=1)
  Hash Cond: (mk.movie_id = t.id)
  ->  Seq Scan on movie_keyword mk  (cost=0.00..81003.12 rows=4483406 width=4) (actual time=0.023..5573.445 rows=4489202 loops=1)
        Filter: (keyword_id > 41)
        Rows Removed by Filter: 34728
  ->  Hash  (cost=61283.27..61283.27 rows=2528527 width=4) (actual time=6331.101..6331.101 rows=2528312 loops=1)
        Buckets: 131072  Batches: 64  Memory Usage: 2425kB
        ->  Seq Scan on title t  (cost=0.00..61283.27 rows=2528527 width=4) (actual time=0.020..4841.352 rows=2528312 loops=1)
Planning time: 0.664 ms
Execution time: 17160.278 ms
