Hash Join  (cost=917807.99..1309289.73 rows=739198 width=0) (actual time=45752.762..56328.306 rows=609878 loops=1)
  Hash Cond: (mi.movie_id = t.id)
  ->  Seq Scan on movie_info mi  (cost=0.00..346232.03 rows=3068194 width=4) (actual time=6309.840..14939.568 rows=3036719 loops=1)
        Filter: (info_type_id = 16)
        Rows Removed by Filter: 11799001
  ->  Hash  (cost=907813.24..907813.24 rows=609180 width=8) (actual time=39441.572..39441.572 rows=341442 loops=1)
        Buckets: 131072  Batches: 8  Memory Usage: 2689kB
        ->  Hash Join  (cost=82805.75..907813.24 rows=609180 width=8) (actual time=8687.743..39319.251 rows=341442 loops=1)
              Hash Cond: (ci.movie_id = t.id)
              ->  Seq Scan on cast_info ci  (cost=0.00..796071.18 rows=1662537 width=4) (actual time=4642.149..34303.081 rows=1144841 loops=1)
                    Filter: ((person_id < 1475541) AND (role_id = 3))
                    Rows Removed by Filter: 35099503
              ->  Hash  (cost=67604.59..67604.59 rows=926493 width=4) (actual time=4044.461..4044.461 rows=924605 loops=1)
                    Buckets: 131072  Batches: 16  Memory Usage: 3056kB
                    ->  Seq Scan on title t  (cost=0.00..67604.59 rows=926493 width=4) (actual time=0.029..3438.473 rows=924605 loops=1)
                          Filter: (production_year < 1998)
                          Rows Removed by Filter: 1603707
Planning time: 1.173 ms
Execution time: 56420.128 ms
