Hash Join  (cost=547692.12..719373.59 rows=3315791 width=0) (actual time=29282.752..56745.694 rows=70876915 loops=1)
  Hash Cond: (mk.movie_id = t.id)
  ->  Seq Scan on movie_keyword mk  (cost=0.00..81003.12 rows=3820287 width=4) (actual time=0.018..5587.417 rows=3813825 loops=1)
        Filter: (keyword_id < 26613)
        Rows Removed by Filter: 710105
  ->  Hash  (cost=511686.41..511686.41 rows=2194617 width=8) (actual time=29281.309..29281.309 rows=2233850 loops=1)
        Buckets: 131072  Batches: 32  Memory Usage: 3671kB
        ->  Hash Join  (cost=102767.86..511686.41 rows=2194617 width=8) (actual time=6730.403..28504.292 rows=2233850 loops=1)
              Hash Cond: (mi.movie_id = t.id)
              ->  Seq Scan on movie_info mi  (cost=0.00..346232.03 rows=2194617 width=4) (actual time=0.020..18398.090 rows=2233850 loops=1)
                    Filter: (info_type_id > 16)
                    Rows Removed by Filter: 12601870
              ->  Hash  (cost=61283.27..61283.27 rows=2528527 width=4) (actual time=6729.450..6729.450 rows=2528312 loops=1)
                    Buckets: 131072  Batches: 64  Memory Usage: 2425kB
                    ->  Seq Scan on title t  (cost=0.00..61283.27 rows=2528527 width=4) (actual time=0.020..4470.482 rows=2528312 loops=1)
Planning time: 1.182 ms
Execution time: 66589.956 ms
