Hash Join  (cost=73950.44..825020.84 rows=28123 width=0) (actual time=3136.758..48138.924 rows=77983 loops=1)
  Hash Cond: (ci.movie_id = t.id)
  ->  Seq Scan on cast_info ci  (cost=0.00..614943.12 rows=36225612 width=4) (actual time=0.016..33386.706 rows=36244344 loops=1)
  ->  Hash  (cost=73925.90..73925.90 rows=1963 width=4) (actual time=3133.203..3133.203 rows=4288 loops=1)
        Buckets: 8192 (originally 2048)  Batches: 1 (originally 1)  Memory Usage: 215kB
        ->  Seq Scan on title t  (cost=0.00..73925.90 rows=1963 width=4) (actual time=354.297..3129.245 rows=4288 loops=1)
              Filter: ((kind_id = 1) AND (production_year = 1982))
              Rows Removed by Filter: 2524024
Planning time: 0.772 ms
Execution time: 48158.713 ms
