Hash Join  (cost=80272.90..175485.85 rows=69039 width=106) (actual time=1504.093..3663.017 rows=280053 loops=1)
  Hash Cond: (mk.movie_id = t.id)
  ->  Seq Scan on movie_keyword mk  (cost=0.00..81003.12 rows=746780 width=12) (actual time=0.032..1591.629 rows=752647 loops=1)
        Filter: (keyword_id > 24852)
        Rows Removed by Filter: 3771283
  ->  Hash  (cost=73925.90..73925.90 rows=233760 width=94) (actual time=1503.455..1503.455 rows=353075 loops=1)
        Buckets: 32768 (originally 32768)  Batches: 16 (originally 8)  Memory Usage: 3841kB
        ->  Seq Scan on title t  (cost=0.00..73925.90 rows=233760 width=94) (actual time=571.640..1370.072 rows=353075 loops=1)
              Filter: ((production_year < 1997) AND (kind_id = 1))
              Rows Removed by Filter: 2175237
Planning time: 0.965 ms
Execution time: 3677.754 ms
