Seq Scan on movie_keyword mk  (cost=0.00..81003.12 rows=246 width=0) (actual time=0.956..3009.581 rows=1705 loops=1)
  Filter: (keyword_id = 2546)
  Rows Removed by Filter: 4522225
Planning time: 11.136 ms
Execution time: 3010.577 ms
