Seq Scan on movie_companies mc  (cost=0.00..57926.93 rows=53 width=0) (actual time=339.041..2437.874 rows=31 loops=1)
  Filter: ((company_id = 85799) AND (company_type_id = 2))
  Rows Removed by Filter: 2609098
Planning time: 0.402 ms
Execution time: 2437.960 ms
