Seq Scan on title t  (cost=0.00..73925.90 rows=2905 width=0) (actual time=0.729..3250.056 rows=7085 loops=1)
  Filter: ((kind_id < 7) AND (production_year = 1983))
  Rows Removed by Filter: 2521227
Planning time: 4.846 ms
Execution time: 3251.845 ms
