Seq Scan on movie_keyword mk  (cost=0.00..81003.12 rows=2251778 width=0) (actual time=0.020..4314.028 rows=2250874 loops=1)
  Filter: (keyword_id > 4784)
  Rows Removed by Filter: 2273056
Planning time: 0.294 ms
Execution time: 4625.306 ms
