Hash Join  (cost=124779.25..211805.86 rows=36857 width=0) (actual time=7182.523..12734.799 rows=492392 loops=1)
  Hash Cond: (mk.movie_id = t.id)
  ->  Seq Scan on movie_keyword mk  (cost=0.00..69693.30 rows=4523930 width=4) (actual time=0.022..4234.540 rows=4523930 loops=1)
  ->  Hash  (cost=124521.75..124521.75 rows=20600 width=8) (actual time=7181.633..7181.633 rows=18050 loops=1)
        Buckets: 32768  Batches: 1  Memory Usage: 962kB
        ->  Hash Join  (cost=68113.45..124521.75 rows=20600 width=8) (actual time=3621.159..7173.874 rows=18050 loops=1)
              Hash Cond: (mc.movie_id = t.id)
              ->  Seq Scan on movie_companies mc  (cost=0.00..51404.11 rows=1279517 width=4) (actual time=0.021..3158.114 rows=1274246 loops=1)
                    Filter: (company_type_id < 2)
                    Rows Removed by Filter: 1334883
              ->  Hash  (cost=67604.59..67604.59 rows=40709 width=4) (actual time=3620.734..3620.734 rows=38955 loops=1)
                    Buckets: 65536  Batches: 1  Memory Usage: 1882kB
                    ->  Seq Scan on title t  (cost=0.00..67604.59 rows=40709 width=4) (actual time=0.088..3582.571 rows=38955 loops=1)
                          Filter: (production_year = 1997)
                          Rows Removed by Filter: 2489357
Planning time: 1.037 ms
Execution time: 12827.186 ms
