Hash Join  (cost=103947.06..279889.65 rows=3963264 width=0) (actual time=5416.938..13409.784 rows=3757120 loops=1)
  Hash Cond: (mk.movie_id = t.id)
  ->  Seq Scan on movie_keyword mk  (cost=0.00..69693.30 rows=4523930 width=4) (actual time=0.010..4429.193 rows=4523930 loops=1)
  ->  Hash  (cost=67604.59..67604.59 rows=2215158 width=4) (actual time=5416.231..5416.231 rows=2203697 loops=1)
        Buckets: 131072  Batches: 32  Memory Usage: 3457kB
        ->  Seq Scan on title t  (cost=0.00..67604.59 rows=2215158 width=4) (actual time=0.023..4567.886 rows=2203697 loops=1)
              Filter: (production_year > 1960)
              Rows Removed by Filter: 324615
Planning time: 0.743 ms
Execution time: 13846.208 ms
