Seq Scan on cast_info ci  (cost=0.00..796071.18 rows=306892 width=0) (actual time=14275.919..33761.301 rows=276313 loops=1)
  Filter: ((person_id < 377806) AND (role_id = 4))
  Rows Removed by Filter: 35968031
Planning time: 8.173 ms
Execution time: 33803.792 ms
