Hash Join  (cost=69390.36..857059.83 rows=97791 width=136) (actual time=2861.587..5115.484 rows=108933 loops=1)
  Hash Cond: (ci.movie_id = t.id)
  ->  Seq Scan on cast_info ci  (cost=0.00..705507.15 rows=3761175 width=42) (actual time=2497.799..3876.865 rows=3787304 loops=1)
        Filter: (person_id > 3368701)
        Rows Removed by Filter: 32457040
  ->  Hash  (cost=67604.59..67604.59 rows=65742 width=94) (actual time=363.189..363.189 rows=63827 loops=1)
        Buckets: 32768  Batches: 4  Memory Usage: 2042kB
        ->  Seq Scan on title t  (cost=0.00..67604.59 rows=65742 width=94) (actual time=0.032..348.698 rows=63827 loops=1)
              Filter: (production_year = 2013)
              Rows Removed by Filter: 2464485
Planning time: 0.569 ms
Execution time: 5119.356 ms
