Hash Join  (cost=80042.24..218569.01 rows=1356274 width=0) (actual time=3517.064..11646.631 rows=3069804 loops=1)
  Hash Cond: (mk.movie_id = t.id)
  ->  Seq Scan on movie_keyword mk  (cost=0.00..69693.30 rows=4523930 width=4) (actual time=0.020..4416.022 rows=4523930 loops=1)
  ->  Hash  (cost=67604.59..67604.59 rows=758052 width=4) (actual time=3510.728..3510.728 rows=753677 loops=1)
        Buckets: 131072  Batches: 16  Memory Usage: 2686kB
        ->  Seq Scan on title t  (cost=0.00..67604.59 rows=758052 width=4) (actual time=0.022..3211.561 rows=753677 loops=1)
              Filter: (kind_id < 3)
              Rows Removed by Filter: 1774635
Planning time: 0.707 ms
Execution time: 12022.305 ms
