Hash Join  (cost=508567.53..659720.42 rows=2392685 width=0) (actual time=8894.548..11998.116 rows=1175030 loops=1)
  Hash Cond: (mk.movie_id = t.id)
  ->  Seq Scan on movie_keyword mk  (cost=0.00..69693.30 rows=4523930 width=4) (actual time=0.020..1380.434 rows=4523930 loops=1)
  ->  Hash  (cost=486626.96..486626.96 rows=1337326 width=8) (actual time=8414.791..8414.791 rows=370692 loops=1)
        Buckets: 131072  Batches: 32  Memory Usage: 1468kB
        ->  Hash Join  (cost=92883.59..486626.96 rows=1337326 width=8) (actual time=3081.693..8295.416 rows=370692 loops=1)
              Hash Cond: (mi.movie_id = t.id)
              ->  Seq Scan on movie_info mi  (cost=0.00..346232.03 rows=2194617 width=4) (actual time=1422.174..5205.039 rows=2233850 loops=1)
                    Filter: (info_type_id > 16)
                    Rows Removed by Filter: 12601870
              ->  Hash  (cost=67604.59..67604.59 rows=1540800 width=4) (actual time=1631.914..1631.914 rows=1543264 loops=1)
                    Buckets: 131072  Batches: 32  Memory Usage: 2728kB
                    ->  Seq Scan on title t  (cost=0.00..67604.59 rows=1540800 width=4) (actual time=0.022..1146.753 rows=1543264 loops=1)
                          Filter: (kind_id = 7)
                          Rows Removed by Filter: 985048
Planning time: 0.866 ms
Execution time: 12123.604 ms
