Hash Join  (cost=69928.56..134252.14 rows=26982 width=0) (actual time=1336.334..2524.502 rows=30788 loops=1)
  Hash Cond: (mc.movie_id = t.id)
  ->  Seq Scan on movie_companies mc  (cost=0.00..57926.93 rows=481819 width=4) (actual time=183.320..1077.268 rows=690475 loops=1)
        Filter: ((company_id < 4456) AND (company_type_id < 2))
        Rows Removed by Filter: 1918654
  ->  Hash  (cost=67604.59..67604.59 rows=141598 width=4) (actual time=1152.182..1152.182 rows=141703 loops=1)
        Buckets: 131072  Batches: 2  Memory Usage: 3511kB
        ->  Seq Scan on title t  (cost=0.00..67604.59 rows=141598 width=4) (actual time=0.021..1101.379 rows=141703 loops=1)
              Filter: (production_year = 2010)
              Rows Removed by Filter: 2386609
Planning time: 0.888 ms
Execution time: 2529.303 ms
