Hash Join  (cost=102767.86..245218.68 rows=2143120 width=0) (actual time=5014.646..11832.740 rows=2151268 loops=1)
  Hash Cond: (mk.movie_id = t.id)
  ->  Seq Scan on movie_keyword mk  (cost=0.00..81003.12 rows=2143120 width=4) (actual time=0.021..4601.182 rows=2151268 loops=1)
        Filter: (keyword_id < 4043)
        Rows Removed by Filter: 2372662
  ->  Hash  (cost=61283.27..61283.27 rows=2528527 width=4) (actual time=5006.589..5006.589 rows=2528312 loops=1)
        Buckets: 131072  Batches: 64  Memory Usage: 2425kB
        ->  Seq Scan on title t  (cost=0.00..61283.27 rows=2528527 width=4) (actual time=0.012..3868.272 rows=2528312 loops=1)
Planning time: 1.841 ms
Execution time: 12081.885 ms
