Hash Join  (cost=74329.88..158221.75 rows=9521 width=0) (actual time=2878.227..4897.801 rows=16125 loops=1)
  Hash Cond: (mk.movie_id = t.id)
  ->  Seq Scan on movie_keyword mk  (cost=0.00..81003.12 rows=744943 width=4) (actual time=0.017..1867.409 rows=750555 loops=1)
        Filter: (keyword_id < 683)
        Rows Removed by Filter: 3773375
  ->  Hash  (cost=73925.90..73925.90 rows=32318 width=4) (actual time=2877.949..2877.949 rows=20209 loops=1)
        Buckets: 32768  Batches: 1  Memory Usage: 967kB
        ->  Seq Scan on title t  (cost=0.00..73925.90 rows=32318 width=4) (actual time=0.036..2868.658 rows=20209 loops=1)
              Filter: ((kind_id < 3) AND (production_year = 2006))
              Rows Removed by Filter: 2508103
Planning time: 0.699 ms
Execution time: 4900.176 ms
