Hash Join  (cost=164759.49..1216580.06 rows=1753840 width=0) (actual time=3207.379..30864.921 rows=3417424 loops=1)
  Hash Cond: (ci.movie_id = t.id)
  ->  Seq Scan on cast_info ci  (cost=0.00..614943.12 rows=36225612 width=4) (actual time=0.012..13079.549 rows=36244344 loops=1)
  ->  Hash  (cost=162750.28..162750.28 rows=122417 width=8) (actual time=3206.658..3206.658 rows=123150 loops=1)
        Buckets: 131072  Batches: 2  Memory Usage: 3432kB
        ->  Hash Join  (cost=100338.29..162750.28 rows=122417 width=8) (actual time=2447.021..3170.618 rows=123150 loops=1)
              Hash Cond: (mc.movie_id = t.id)
              ->  Seq Scan on movie_companies mc  (cost=0.00..51404.11 rows=155142 width=4) (actual time=524.673..840.793 rows=153760 loops=1)
                    Filter: (company_id > 130473)
                    Rows Removed by Filter: 2455369
              ->  Hash  (cost=67604.59..67604.59 rows=1995176 width=4) (actual time=1921.134..1921.134 rows=1990655 loops=1)
                    Buckets: 131072  Batches: 32  Memory Usage: 3218kB
                    ->  Seq Scan on title t  (cost=0.00..67604.59 rows=1995176 width=4) (actual time=0.020..1255.762 rows=1990655 loops=1)
                          Filter: (production_year > 1976)
                          Rows Removed by Filter: 537657
Planning time: 1.166 ms
Execution time: 31295.746 ms
