Hash Join  (cost=160687.50..974594.91 rows=30029 width=0) (actual time=7417.269..32774.756 rows=1202760 loops=1)
  Hash Cond: (ci.movie_id = t.id)
  ->  Seq Scan on cast_info ci  (cost=0.00..705507.15 rows=21619993 width=4) (actual time=0.024..19612.247 rows=21480131 loops=1)
        Filter: (person_id < 2177202)
        Rows Removed by Filter: 14764213
  ->  Hash  (cost=160643.60..160643.60 rows=3512 width=8) (actual time=7417.057..7417.057 rows=30478 loops=1)
        Buckets: 32768 (originally 4096)  Batches: 1 (originally 1)  Memory Usage: 1447kB
        ->  Hash Join  (cost=73950.44..160643.60 rows=3512 width=8) (actual time=2980.419..7377.188 rows=30478 loops=1)
              Hash Cond: (mk.movie_id = t.id)
              ->  Seq Scan on movie_keyword mk  (cost=0.00..69693.30 rows=4523930 width=4) (actual time=0.013..3240.359 rows=4523930 loops=1)
              ->  Hash  (cost=73925.90..73925.90 rows=1963 width=4) (actual time=2979.964..2979.964 rows=5461 loops=1)
                    Buckets: 8192 (originally 2048)  Batches: 1 (originally 1)  Memory Usage: 256kB
                    ->  Seq Scan on title t  (cost=0.00..73925.90 rows=1963 width=4) (actual time=124.481..2977.065 rows=5461 loops=1)
                          Filter: ((kind_id < 2) AND (production_year = 1990))
                          Rows Removed by Filter: 2522851
Planning time: 1.090 ms
Execution time: 32950.857 ms
