Hash Join  (cost=212107.44..739692.83 rows=4477849 width=0) (actual time=4386.748..21613.398 rows=22556790 loops=1)
  Hash Cond: (mi.movie_id = t.id)
  ->  Seq Scan on movie_info mi  (cost=0.00..309384.22 rows=14739122 width=4) (actual time=0.017..6055.219 rows=14835720 loops=1)
  ->  Hash  (cost=199504.14..199504.14 rows=768184 width=8) (actual time=4385.258..4385.258 rows=501802 loops=1)
        Buckets: 131072  Batches: 16  Memory Usage: 2290kB
        ->  Hash Join  (cost=82423.69..199504.14 rows=768184 width=8) (actual time=1459.601..4243.216 rows=501802 loops=1)
              Hash Cond: (mk.movie_id = t.id)
              ->  Seq Scan on movie_keyword mk  (cost=0.00..81003.12 rows=2150529 width=4) (actual time=0.014..1599.366 rows=2156676 loops=1)
                    Filter: (keyword_id < 4093)
                    Rows Removed by Filter: 2367254
              ->  Hash  (cost=67604.59..67604.59 rows=903208 width=4) (actual time=1457.000..1457.000 rows=904491 loops=1)
                    Buckets: 131072  Batches: 16  Memory Usage: 3017kB
                    ->  Seq Scan on title t  (cost=0.00..67604.59 rows=903208 width=4) (actual time=0.019..1155.246 rows=904491 loops=1)
                          Filter: (production_year > 2006)
                          Rows Removed by Filter: 1623821
Planning time: 1.164 ms
Execution time: 23996.217 ms
