Hash Join  (cost=636220.10..2357786.31 rows=51669915 width=0) (actual time=15330.523..78614.113 rows=90557957 loops=1)
  Hash Cond: (ci.movie_id = t.id)
  ->  Seq Scan on cast_info ci  (cost=0.00..705507.15 rows=31554923 width=4) (actual time=443.270..17131.051 rows=31605208 loops=1)
        Filter: (role_id < 10)
        Rows Removed by Filter: 4639136
  ->  Hash  (cost=568291.59..568291.59 rows=4140361 width=8) (actual time=14885.232..14885.232 rows=5070118 loops=1)
        Buckets: 131072 (originally 131072)  Batches: 128 (originally 64)  Memory Usage: 4096kB
        ->  Hash Join  (cost=91342.70..568291.59 rows=4140361 width=8) (actual time=1788.924..13431.288 rows=5070118 loops=1)
              Hash Cond: (mi.movie_id = t.id)
              ->  Seq Scan on movie_info mi  (cost=0.00..346232.03 rows=7235534 width=4) (actual time=0.032..6194.601 rows=7286865 loops=1)
                    Filter: (info_type_id < 8)
                    Rows Removed by Filter: 7548855
              ->  Hash  (cost=67604.59..67604.59 rows=1446889 width=4) (actual time=1787.838..1787.838 rows=1443298 loops=1)
                    Buckets: 131072  Batches: 32  Memory Usage: 2617kB
                    ->  Seq Scan on title t  (cost=0.00..67604.59 rows=1446889 width=4) (actual time=0.017..1304.468 rows=1443298 loops=1)
                          Filter: (production_year < 2006)
                          Rows Removed by Filter: 1085014
Planning time: 7.380 ms
Execution time: 89288.989 ms
