Hash Join  (cost=80086.07..436292.01 rows=96807 width=0) (actual time=6125.897..16710.785 rows=185906 loops=1)
  Hash Cond: (mi.movie_id = t.id)
  ->  Seq Scan on movie_info mi  (cost=0.00..346232.03 rows=651960 width=4) (actual time=3069.923..13169.981 rows=660923 loops=1)
        Filter: (info_type_id = 18)
        Rows Removed by Filter: 14174797
  ->  Hash  (cost=73925.90..73925.90 rows=375453 width=4) (actual time=3054.840..3054.840 rows=478525 loops=1)
        Buckets: 131072  Batches: 8  Memory Usage: 3145kB
        ->  Seq Scan on title t  (cost=0.00..73925.90 rows=375453 width=4) (actual time=0.033..2696.946 rows=478525 loops=1)
              Filter: ((kind_id < 6) AND (production_year < 1999))
              Rows Removed by Filter: 2049787
Planning time: 0.683 ms
Execution time: 16734.564 ms
