Hash Join  (cost=211654.97..967055.82 rows=1236493 width=209) (actual time=1349.914..6544.783 rows=458909 loops=1)
  Hash Cond: (mi.movie_id = t.id)
  ->  Seq Scan on movie_info mi  (cost=0.00..309384.22 rows=14739122 width=75) (actual time=0.011..1388.126 rows=14835720 loops=1)
  ->  Hash  (cost=204859.43..204859.43 rows=212123 width=134) (actual time=1349.422..1349.422 rows=43393 loops=1)
        Buckets: 32768  Batches: 16  Memory Usage: 632kB
        ->  Hash Join  (cost=118128.04..204859.43 rows=212123 width=134) (actual time=820.750..1335.531 rows=43393 loops=1)
              Hash Cond: (mc.movie_id = t.id)
              ->  Seq Scan on movie_companies mc  (cost=0.00..51404.11 rows=288210 width=40) (actual time=52.216..272.834 rows=291651 loops=1)
                    Filter: (company_id > 94869)
                    Rows Removed by Filter: 2317478
              ->  Hash  (cost=67604.59..67604.59 rows=1860996 width=94) (actual time=767.879..767.879 rows=1865487 loops=1)
                    Buckets: 32768  Batches: 64  Memory Usage: 3598kB
                    ->  Seq Scan on title t  (cost=0.00..67604.59 rows=1860996 width=94) (actual time=0.018..426.398 rows=1865487 loops=1)
                          Filter: (kind_id > 1)
                          Rows Removed by Filter: 662825
Planning time: 0.820 ms
Execution time: 6558.729 ms
