Hash Join  (cost=91123.00..443265.98 rows=10169 width=0) (actual time=2154.953..7011.697 rows=23058 loops=1)
  Hash Cond: (mi.movie_id = t.id)
  ->  Seq Scan on movie_info mi  (cost=0.00..346232.03 rows=17937 width=4) (actual time=366.535..4929.147 rows=68025 loops=1)
        Filter: (info_type_id = 94)
        Rows Removed by Filter: 14767695
  ->  Hash  (cost=67604.59..67604.59 rows=1433473 width=4) (actual time=1787.271..1787.271 rows=1434466 loops=1)
        Buckets: 131072  Batches: 32  Memory Usage: 2607kB
        ->  Seq Scan on title t  (cost=0.00..67604.59 rows=1433473 width=4) (actual time=0.036..1284.249 rows=1434466 loops=1)
              Filter: (production_year > 1999)
              Rows Removed by Filter: 1093846
Planning time: 0.538 ms
Execution time: 7014.847 ms
