Seq Scan on cast_info ci  (cost=0.00..705507.15 rows=31917539 width=0) (actual time=854.549..13414.646 rows=32069351 loops=1)
  Filter: (person_id > 401643)
  Rows Removed by Filter: 4174993
Planning time: 0.322 ms
Execution time: 17384.437 ms
