Hash Join  (cost=149167.52..176451.96 rows=37396 width=0) (actual time=2867.660..4025.461 rows=464679 loops=1)
  Hash Cond: (mi_idx.movie_id = t.id)
  ->  Seq Scan on movie_info_idx mi_idx  (cost=0.00..21735.35 rows=1380035 width=4) (actual time=0.022..362.085 rows=1380035 loops=1)
  ->  Hash  (cost=148311.05..148311.05 rows=68518 width=8) (actual time=2866.823..2866.823 rows=335178 loops=1)
        Buckets: 131072 (originally 131072)  Batches: 8 (originally 1)  Memory Usage: 3073kB
        ->  Hash Join  (cost=83810.17..148311.05 rows=68518 width=8) (actual time=1439.110..2746.561 rows=335178 loops=1)
              Hash Cond: (mc.movie_id = t.id)
              ->  Seq Scan on movie_companies mc  (cost=0.00..57926.93 rows=175402 width=4) (actual time=16.237..850.092 rows=347574 loops=1)
                    Filter: ((company_id > 88485) AND (company_type_id = 2))
                    Rows Removed by Filter: 2261555
              ->  Hash  (cost=67604.59..67604.59 rows=987727 width=4) (actual time=1421.504..1421.504 rows=985048 loops=1)
                    Buckets: 131072  Batches: 16  Memory Usage: 3188kB
                    ->  Seq Scan on title t  (cost=0.00..67604.59 rows=987727 width=4) (actual time=0.016..1106.796 rows=985048 loops=1)
                          Filter: (kind_id < 7)
                          Rows Removed by Filter: 1543264
Planning time: 1.153 ms
Execution time: 4074.983 ms
