Hash Join  (cost=174871.48..215068.17 rows=145920 width=0) (actual time=3576.298..4704.089 rows=377281 loops=1)
  Hash Cond: (mi_idx.movie_id = t.id)
  ->  Seq Scan on movie_info_idx mi_idx  (cost=0.00..21735.35 rows=1380035 width=4) (actual time=0.032..446.052 rows=1380035 loops=1)
  ->  Hash  (cost=170484.52..170484.52 rows=267357 width=8) (actual time=3575.381..3575.381 rows=262833 loops=1)
        Buckets: 131072  Batches: 4  Memory Usage: 3593kB
        ->  Hash Join  (cost=102767.86..170484.52 rows=267357 width=8) (actual time=1873.226..3511.501 rows=262833 loops=1)
              Hash Cond: (mc.movie_id = t.id)
              ->  Seq Scan on movie_companies mc  (cost=0.00..51404.11 rows=267357 width=4) (actual time=0.016..789.098 rows=262833 loops=1)
                    Filter: (company_id < 137)
                    Rows Removed by Filter: 2346296
              ->  Hash  (cost=61283.27..61283.27 rows=2528527 width=4) (actual time=1872.169..1872.169 rows=2528312 loops=1)
                    Buckets: 131072  Batches: 64  Memory Usage: 2415kB
                    ->  Seq Scan on title t  (cost=0.00..61283.27 rows=2528527 width=4) (actual time=0.012..1028.744 rows=2528312 loops=1)
Planning time: 1.178 ms
Execution time: 4751.960 ms
