Hash Join  (cost=71711.64..435845.84 rows=133466 width=0) (actual time=1632.712..6978.878 rows=185856 loops=1)
  Hash Cond: (mi.movie_id = t.id)
  ->  Seq Scan on movie_info mi  (cost=0.00..346232.03 rows=1348138 width=4) (actual time=666.163..5294.070 rows=1298989 loops=1)
        Filter: (info_type_id = 4)
        Rows Removed by Filter: 13536731
  ->  Hash  (cost=67604.59..67604.59 rows=250324 width=4) (actual time=964.633..964.633 rows=252521 loops=1)
        Buckets: 131072  Batches: 4  Memory Usage: 3250kB
        ->  Seq Scan on title t  (cost=0.00..67604.59 rows=250324 width=4) (actual time=0.027..877.408 rows=252521 loops=1)
              Filter: (production_year < 1961)
              Rows Removed by Filter: 2275791
Planning time: 0.755 ms
Execution time: 7004.104 ms
