Seq Scan on cast_info ci  (cost=0.00..705507.15 rows=22689148 width=0) (actual time=0.026..12217.279 rows=22753522 loops=1)
  Filter: (person_id > 1329921)
  Rows Removed by Filter: 13490822
Planning time: 0.353 ms
Execution time: 14900.036 ms
