Hash Join  (cost=241601.38..1158145.13 rows=5608806 width=0) (actual time=26113.522..63097.484 rows=2782510 loops=1)
  Hash Cond: (ci.movie_id = t.id)
  ->  Seq Scan on cast_info ci  (cost=0.00..705507.15 rows=11724707 width=4) (actual time=12923.362..41656.623 rows=11787547 loops=1)
        Filter: (person_id > 2512781)
        Rows Removed by Filter: 24456797
  ->  Hash  (cost=221756.58..221756.58 rows=1209584 width=8) (actual time=13186.737..13186.737 rows=429626 loops=1)
        Buckets: 131072  Batches: 16  Memory Usage: 2074kB
        ->  Hash Join  (cost=85017.71..221756.58 rows=1209584 width=8) (actual time=4193.888..13009.174 rows=429626 loops=1)
              Hash Cond: (mk.movie_id = t.id)
              ->  Seq Scan on movie_keyword mk  (cost=0.00..69693.30 rows=4523930 width=4) (actual time=0.030..5469.328 rows=4523930 loops=1)
              ->  Hash  (cost=73925.90..73925.90 rows=676064 width=4) (actual time=4181.701..4181.701 rows=554532 loops=1)
                    Buckets: 131072  Batches: 16  Memory Usage: 2249kB
                    ->  Seq Scan on title t  (cost=0.00..73925.90 rows=676064 width=4) (actual time=0.032..3900.772 rows=554532 loops=1)
                          Filter: ((kind_id > 3) AND (production_year < 2000))
                          Rows Removed by Filter: 1973780
Planning time: 1.586 ms
Execution time: 63486.906 ms
