Hash Join  (cost=92883.59..184642.78 rows=152652 width=0) (actual time=6105.463..9244.692 rows=40196 loops=1)
  Hash Cond: (mk.movie_id = t.id)
  ->  Seq Scan on movie_keyword mk  (cost=0.00..81003.12 rows=250510 width=4) (actual time=0.015..4059.560 rows=268261 loops=1)
        Filter: (keyword_id < 230)
        Rows Removed by Filter: 4255669
  ->  Hash  (cost=67604.59..67604.59 rows=1540800 width=4) (actual time=4737.105..4737.105 rows=1543264 loops=1)
        Buckets: 131072  Batches: 32  Memory Usage: 2728kB
        ->  Seq Scan on title t  (cost=0.00..67604.59 rows=1540800 width=4) (actual time=263.509..4129.829 rows=1543264 loops=1)
              Filter: (kind_id = 7)
              Rows Removed by Filter: 985048
Planning time: 5.737 ms
Execution time: 9250.210 ms
