Seq Scan on cast_info ci  (cost=0.00..796071.18 rows=6669348 width=0) (actual time=0.025..13467.164 rows=3292635 loops=1)
  Filter: ((person_id < 2879056) AND (role_id > 5))
  Rows Removed by Filter: 32951709
Planning time: 0.351 ms
Execution time: 13785.571 ms
