Hash Join  (cost=302225.72..1811118.88 rows=37431995 width=0) (actual time=7892.749..123487.300 rows=146438200 loops=1)
  Hash Cond: (ci.movie_id = t.id)
  ->  Seq Scan on cast_info ci  (cost=0.00..614943.12 rows=36225612 width=4) (actual time=0.013..45023.203 rows=36244344 loops=1)
  ->  Hash  (cost=259360.57..259360.57 rows=2612732 width=8) (actual time=7890.985..7890.985 rows=3144923 loops=1)
        Buckets: 131072  Batches: 64  Memory Usage: 2938kB
        ->  Hash Join  (cost=94978.31..259360.57 rows=2612732 width=8) (actual time=1892.991..6906.488 rows=3144923 loops=1)
              Hash Cond: (mk.movie_id = t.id)
              ->  Seq Scan on movie_keyword mk  (cost=0.00..81003.12 rows=3959562 width=4) (actual time=0.016..1987.897 rows=3957660 loops=1)
                    Filter: (keyword_id > 398)
                    Rows Removed by Filter: 566270
              ->  Hash  (cost=67604.59..67604.59 rows=1668458 width=4) (actual time=1891.770..1891.770 rows=1671292 loops=1)
                    Buckets: 131072  Batches: 32  Memory Usage: 2866kB
                    ->  Seq Scan on title t  (cost=0.00..67604.59 rows=1668458 width=4) (actual time=0.008..1327.345 rows=1671292 loops=1)
                          Filter: (production_year < 2008)
                          Rows Removed by Filter: 857020
Planning time: 1.184 ms
Execution time: 143514.074 ms
