Seq Scan on cast_info ci  (cost=0.00..705507.15 rows=28979108 width=0) (actual time=0.015..41802.773 rows=29043725 loops=1)
  Filter: (person_id > 695293)
  Rows Removed by Filter: 7200619
Planning time: 0.323 ms
Execution time: 46990.812 ms
