Hash Join  (cost=248793.73..1493137.72 rows=20495190 width=0) (actual time=7947.765..75195.953 rows=155985316 loops=1)
  Hash Cond: (ci.movie_id = t.id)
  ->  Seq Scan on cast_info ci  (cost=0.00..614943.12 rows=36225612 width=4) (actual time=0.017..14067.700 rows=36244344 loops=1)
  ->  Hash  (cost=225322.83..225322.83 rows=1430552 width=8) (actual time=7946.204..7946.204 rows=3153182 loops=1)
        Buckets: 131072 (originally 131072)  Batches: 64 (originally 32)  Memory Usage: 3073kB
        ->  Hash Join  (cost=83810.17..225322.83 rows=1430552 width=8) (actual time=1531.993..6997.819 rows=3153182 loops=1)
              Hash Cond: (mk.movie_id = t.id)
              ->  Seq Scan on movie_keyword mk  (cost=0.00..81003.12 rows=3662136 width=4) (actual time=0.016..1791.920 rows=3654964 loops=1)
                    Filter: (keyword_id < 21189)
                    Rows Removed by Filter: 868966
              ->  Hash  (cost=67604.59..67604.59 rows=987727 width=4) (actual time=1528.178..1528.178 rows=985048 loops=1)
                    Buckets: 131072  Batches: 16  Memory Usage: 3197kB
                    ->  Seq Scan on title t  (cost=0.00..67604.59 rows=987727 width=4) (actual time=0.016..1214.851 rows=985048 loops=1)
                          Filter: (kind_id < 7)
                          Rows Removed by Filter: 1543264
Planning time: 1.143 ms
Execution time: 91715.249 ms
