Hash Join  (cost=193767.26..307836.98 rows=623820 width=184) (actual time=1308.893..2416.361 rows=1448214 loops=1)
  Hash Cond: (mc.movie_id = t.id)
  ->  Seq Scan on movie_companies mc  (cost=0.00..44881.29 rows=2609129 width=40) (actual time=0.018..203.085 rows=2609129 loops=1)
  ->  Hash  (cost=173812.40..173812.40 rows=604549 width=144) (actual time=1308.323..1308.323 rows=488617 loops=1)
        Buckets: 32768  Batches: 32  Memory Usage: 2285kB
        ->  Hash Join  (cost=97676.42..173812.40 rows=604549 width=144) (actual time=561.875..1168.658 rows=488617 loops=1)
              Hash Cond: (mi_idx.movie_id = t.id)
              ->  Seq Scan on movie_info_idx mi_idx  (cost=0.00..21735.35 rows=1380035 width=50) (actual time=0.011..104.169 rows=1380035 loops=1)
              ->  Hash  (cost=67604.59..67604.59 rows=1107667 width=94) (actual time=560.951..560.951 rows=1107925 loops=1)
                    Buckets: 32768  Batches: 64  Memory Usage: 2222kB
                    ->  Seq Scan on title t  (cost=0.00..67604.59 rows=1107667 width=94) (actual time=0.010..370.150 rows=1107925 loops=1)
                          Filter: (production_year > 2004)
                          Rows Removed by Filter: 1420387
Planning time: 0.767 ms
Execution time: 2454.391 ms
