Seq Scan on title t  (cost=0.00..73925.90 rows=1758765 width=0) (actual time=0.021..4503.990 rows=1799906 loops=1)
  Filter: ((kind_id > 1) AND (production_year > 1916))
  Rows Removed by Filter: 728406
Planning time: 0.288 ms
Execution time: 4821.685 ms
