Hash Join  (cost=95498.80..444836.85 rows=6939 width=0) (actual time=5421.507..7100.600 rows=15507 loops=1)
  Hash Cond: (mi.movie_id = t.id)
  ->  Seq Scan on movie_info mi  (cost=0.00..346232.03 rows=809768 width=4) (actual time=3704.536..5187.480 rows=802140 loops=1)
        Filter: (info_type_id < 2)
        Rows Removed by Filter: 14033580
  ->  Hash  (cost=95227.96..95227.96 rows=21667 width=8) (actual time=1715.179..1715.179 rows=23456 loops=1)
        Buckets: 32768  Batches: 1  Memory Usage: 1173kB
        ->  Hash Join  (cost=68100.81..95227.96 rows=21667 width=8) (actual time=1078.846..1706.663 rows=23456 loops=1)
              Hash Cond: (mi_idx.movie_id = t.id)
              ->  Seq Scan on movie_info_idx mi_idx  (cost=0.00..21735.35 rows=1380035 width=4) (actual time=0.022..295.326 rows=1380035 loops=1)
              ->  Hash  (cost=67604.59..67604.59 rows=39698 width=4) (actual time=1077.858..1077.858 rows=36437 loops=1)
                    Buckets: 65536  Batches: 1  Memory Usage: 1793kB
                    ->  Seq Scan on title t  (cost=0.00..67604.59 rows=39698 width=4) (actual time=0.056..1061.783 rows=36437 loops=1)
                          Filter: (production_year = 1995)
                          Rows Removed by Filter: 2491875
Planning time: 1.433 ms
Execution time: 7117.141 ms
