Seq Scan on movie_keyword mk  (cost=0.00..81003.12 rows=1461445 width=0) (actual time=0.027..1404.055 rows=1471311 loops=1)
  Filter: (keyword_id > 11186)
  Rows Removed by Filter: 3052619
Planning time: 6.719 ms
Execution time: 1583.233 ms
