Hash Join  (cost=798791.46..885455.30 rows=580 width=0) (actual time=13595.442..15286.942 rows=146 loops=1)
  Hash Cond: (mk.movie_id = t.id)
  ->  Seq Scan on movie_keyword mk  (cost=0.00..69693.30 rows=4523930 width=4) (actual time=0.025..987.468 rows=4523930 loops=1)
  ->  Hash  (cost=798787.41..798787.41 rows=324 width=8) (actual time=13556.850..13556.850 rows=124 loops=1)
        Buckets: 1024  Batches: 1  Memory Usage: 13kB
        ->  Nested Loop  (cost=0.43..798787.41 rows=324 width=8) (actual time=1031.699..13556.750 rows=124 loops=1)
              ->  Seq Scan on cast_info ci  (cost=0.00..796071.18 rows=324 width=4) (actual time=1031.604..13548.378 rows=124 loops=1)
                    Filter: ((role_id > 1) AND (person_id = 126410))
                    Rows Removed by Filter: 36244220
              ->  Index Only Scan using title_pkey on title t  (cost=0.43..8.37 rows=1 width=4) (actual time=0.066..0.066 rows=1 loops=124)
                    Index Cond: (id = ci.movie_id)
                    Heap Fetches: 124
Planning time: 1.292 ms
Execution time: 15287.094 ms
