Hash Join  (cost=73982.55..160721.67 rows=8108 width=0) (actual time=4632.168..7974.149 rows=976 loops=1)
  Hash Cond: (mk.movie_id = t.id)
  ->  Seq Scan on movie_keyword mk  (cost=0.00..69693.30 rows=4523930 width=4) (actual time=0.015..3665.982 rows=4523930 loops=1)
  ->  Hash  (cost=73925.90..73925.90 rows=4532 width=4) (actual time=3275.795..3275.795 rows=2915 loops=1)
        Buckets: 8192  Batches: 1  Memory Usage: 167kB
        ->  Seq Scan on title t  (cost=0.00..73925.90 rows=4532 width=4) (actual time=0.677..3273.861 rows=2915 loops=1)
              Filter: ((kind_id = 7) AND (production_year = 1951))
              Rows Removed by Filter: 2525397
Planning time: 1.084 ms
Execution time: 7974.409 ms
