Hash Join  (cost=92883.59..177151.47 rows=654973 width=0) (actual time=5956.053..9666.706 rows=291019 loops=1)
  Hash Cond: (mc.movie_id = t.id)
  ->  Seq Scan on movie_companies mc  (cost=0.00..57926.93 rows=1074843 width=4) (actual time=815.529..3519.050 rows=832116 loops=1)
        Filter: ((company_id < 74117) AND (company_type_id > 1))
        Rows Removed by Filter: 1777013
  ->  Hash  (cost=67604.59..67604.59 rows=1540800 width=4) (actual time=5139.101..5139.101 rows=1543264 loops=1)
        Buckets: 131072  Batches: 32  Memory Usage: 2722kB
        ->  Seq Scan on title t  (cost=0.00..67604.59 rows=1540800 width=4) (actual time=0.027..4432.995 rows=1543264 loops=1)
              Filter: (kind_id = 7)
              Rows Removed by Filter: 985048
Planning time: 0.790 ms
Execution time: 9705.165 ms
