Hash Join  (cost=73962.22..100881.62 rows=530 width=0) (actual time=3139.179..4629.497 rows=186 loops=1)
  Hash Cond: (mi_idx.movie_id = t.id)
  ->  Seq Scan on movie_info_idx mi_idx  (cost=0.00..25185.44 rows=460978 width=4) (actual time=0.027..1370.256 rows=459925 loops=1)
        Filter: (info_type_id = 99)
        Rows Removed by Filter: 920110
  ->  Hash  (cost=73925.90..73925.90 rows=2905 width=4) (actual time=3138.359..3138.359 rows=3781 loops=1)
        Buckets: 4096  Batches: 1  Memory Usage: 165kB
        ->  Seq Scan on title t  (cost=0.00..73925.90 rows=2905 width=4) (actual time=521.075..3136.405 rows=3781 loops=1)
              Filter: ((kind_id < 7) AND (production_year = 1918))
              Rows Removed by Filter: 2524531
Planning time: 7.429 ms
Execution time: 4629.680 ms
