Seq Scan on movie_keyword mk  (cost=0.00..81003.12 rows=3873337 width=0) (actual time=0.022..4614.119 rows=3863223 loops=1)
  Filter: (keyword_id < 28453)
  Rows Removed by Filter: 660707
Planning time: 2.730 ms
Execution time: 5280.572 ms
