Hash Join  (cost=219892.47..376508.40 rows=1232389 width=146) (actual time=1961.307..8989.894 rows=29950847 loops=1)
  Hash Cond: (mk.movie_id = t.id)
  ->  Seq Scan on movie_keyword mk  (cost=0.00..69693.30 rows=4523930 width=12) (actual time=0.018..328.301 rows=4523930 loops=1)
  ->  Hash  (cost=197828.35..197828.35 rows=688810 width=134) (actual time=1959.023..1959.023 rows=1307690 loops=1)
        Buckets: 32768 (originally 32768)  Batches: 64 (originally 32)  Memory Usage: 3841kB
        ->  Hash Join  (cost=85727.72..197828.35 rows=688810 width=134) (actual time=445.317..1574.627 rows=1307690 loops=1)
              Hash Cond: (mc.movie_id = t.id)
              ->  Seq Scan on movie_companies mc  (cost=0.00..44881.29 rows=2609129 width=40) (actual time=0.011..201.681 rows=2609129 loops=1)
              ->  Hash  (cost=67604.59..67604.59 rows=667531 width=94) (actual time=444.801..444.801 rows=662825 loops=1)
                    Buckets: 32768  Batches: 32  Memory Usage: 2489kB
                    ->  Seq Scan on title t  (cost=0.00..67604.59 rows=667531 width=94) (actual time=152.319..334.593 rows=662825 loops=1)
                          Filter: (kind_id < 2)
                          Rows Removed by Filter: 1865487
Planning time: 0.751 ms
Execution time: 9756.496 ms
