Hash Join  (cost=190230.21..1011837.85 rows=645935 width=0) (actual time=32695.169..46560.397 rows=1079136 loops=1)
  Hash Cond: (ci.movie_id = t.id)
  ->  Seq Scan on cast_info ci  (cost=0.00..796071.18 rows=1183495 width=4) (actual time=23155.584..35988.410 rows=816364 loops=1)
        Filter: ((person_id < 1037064) AND (role_id = 3))
        Rows Removed by Filter: 35427980
  ->  Hash  (cost=167588.78..167588.78 rows=1380035 width=8) (actual time=9538.302..9538.302 rows=1380035 loops=1)
        Buckets: 131072  Batches: 32  Memory Usage: 2708kB
        ->  Hash Join  (cost=102767.86..167588.78 rows=1380035 width=8) (actual time=5390.306..8792.137 rows=1380035 loops=1)
              Hash Cond: (mi_idx.movie_id = t.id)
              ->  Seq Scan on movie_info_idx mi_idx  (cost=0.00..21735.35 rows=1380035 width=4) (actual time=0.030..1588.788 rows=1380035 loops=1)
              ->  Hash  (cost=61283.27..61283.27 rows=2528527 width=4) (actual time=5388.535..5388.535 rows=2528312 loops=1)
                    Buckets: 131072  Batches: 64  Memory Usage: 2415kB
                    ->  Seq Scan on title t  (cost=0.00..61283.27 rows=2528527 width=4) (actual time=0.019..4156.384 rows=2528312 loops=1)
Planning time: 1.152 ms
Execution time: 46713.092 ms
