Hash Join  (cost=82008.92..164066.89 rows=508345 width=0) (actual time=3220.179..7705.772 rows=739855 loops=1)
  Hash Cond: (mc.movie_id = t.id)
  ->  Seq Scan on movie_companies mc  (cost=0.00..44881.29 rows=2609129 width=4) (actual time=0.020..2665.113 rows=2609129 loops=1)
  ->  Hash  (cost=73925.90..73925.90 rows=492641 width=4) (actual time=3219.258..3219.258 rows=420285 loops=1)
        Buckets: 131072  Batches: 8  Memory Usage: 2868kB
        ->  Seq Scan on title t  (cost=0.00..73925.90 rows=492641 width=4) (actual time=0.018..3061.418 rows=420285 loops=1)
              Filter: ((kind_id < 7) AND (production_year > 2002))
              Rows Removed by Filter: 2108027
Planning time: 0.816 ms
Execution time: 7806.735 ms
