Hash Join  (cost=79082.94..111311.87 rows=56452 width=0) (actual time=3566.585..5289.978 rows=24162 loops=1)
  Hash Cond: (mi_idx.movie_id = t.id)
  ->  Seq Scan on movie_info_idx mi_idx  (cost=0.00..25185.44 rows=454124 width=4) (actual time=0.024..1404.948 rows=459925 loops=1)
        Filter: (info_type_id = 100)
        Rows Removed by Filter: 920110
  ->  Hash  (cost=73925.90..73925.90 rows=314323 width=4) (actual time=3565.754..3565.754 rows=201761 loops=1)
        Buckets: 131072  Batches: 8  Memory Usage: 1902kB
        ->  Seq Scan on title t  (cost=0.00..73925.90 rows=314323 width=4) (actual time=0.021..3485.651 rows=201761 loops=1)
              Filter: ((production_year < 1980) AND (kind_id = 7))
              Rows Removed by Filter: 2326551
Planning time: 0.761 ms
Execution time: 5293.657 ms
