Nested Loop  (cost=0.43..83072.29 rows=150 width=0) (actual time=2701.914..3525.686 rows=24 loops=1)
  ->  Seq Scan on movie_keyword mk  (cost=0.00..81003.12 rows=246 width=4) (actual time=109.913..3498.380 rows=72 loops=1)
        Filter: (keyword_id = 16142)
        Rows Removed by Filter: 4523858
  ->  Index Scan using title_pkey on title t  (cost=0.43..8.40 rows=1 width=4) (actual time=0.374..0.374 rows=0 loops=72)
        Index Cond: (id = mk.movie_id)
        Filter: (kind_id = 7)
        Rows Removed by Filter: 1
Planning time: 1.991 ms
Execution time: 3525.796 ms
