Seq Scan on title t  (cost=0.00..73925.90 rows=90563 width=94) (actual time=0.140..1291.265 rows=80990 loops=1)
  Filter: ((kind_id < 7) AND (production_year > 2011))
  Rows Removed by Filter: 2447322
Planning time: 0.536 ms
Execution time: 1296.300 ms
