Hash Join  (cost=786324.08..1151959.07 rows=97906 width=0) (actual time=31689.182..51955.635 rows=51227 loops=1)
  Hash Cond: (mi.movie_id = t.id)
  ->  Seq Scan on movie_info mi  (cost=0.00..309384.22 rows=14739122 width=4) (actual time=0.011..15989.684 rows=14835720 loops=1)
  ->  Hash  (cost=786114.13..786114.13 rows=16796 width=8) (actual time=31688.436..31688.436 rows=13313 loops=1)
        Buckets: 32768  Batches: 1  Memory Usage: 777kB
        ->  Hash Join  (cost=75915.84..786114.13 rows=16796 width=8) (actual time=4902.358..31683.408 rows=13313 loops=1)
              Hash Cond: (ci.movie_id = t.id)
              ->  Seq Scan on cast_info ci  (cost=0.00..705507.15 rows=350181 width=4) (actual time=1312.353..27893.390 rows=316118 loops=1)
                    Filter: (role_id > 10)
                    Rows Removed by Filter: 35928226
              ->  Hash  (cost=73925.90..73925.90 rows=121275 width=4) (actual time=3589.080..3589.080 rows=124747 loops=1)
                    Buckets: 131072  Batches: 2  Memory Usage: 3219kB
                    ->  Seq Scan on title t  (cost=0.00..73925.90 rows=121275 width=4) (actual time=0.070..3537.393 rows=124747 loops=1)
                          Filter: ((kind_id > 1) AND (production_year = 2012))
                          Rows Removed by Filter: 2403565
Planning time: 9.586 ms
Execution time: 51966.792 ms
