Hash Join  (cost=81437.64..453675.67 rows=327861 width=0) (actual time=9904.721..21528.413 rows=130110 loops=1)
  Hash Cond: (mi.movie_id = t.id)
  ->  Seq Scan on movie_info mi  (cost=0.00..346232.03 rows=1810770 width=4) (actual time=6141.544..17117.798 rows=1865632 loops=1)
        Filter: (info_type_id > 17)
        Rows Removed by Filter: 12970088
  ->  Hash  (cost=73925.90..73925.90 rows=457819 width=4) (actual time=3429.977..3429.977 rows=344212 loops=1)
        Buckets: 131072  Batches: 8  Memory Usage: 2529kB
        ->  Seq Scan on title t  (cost=0.00..73925.90 rows=457819 width=4) (actual time=0.040..3298.223 rows=344212 loops=1)
              Filter: ((production_year < 1993) AND (kind_id = 7))
              Rows Removed by Filter: 2184100
Planning time: 0.650 ms
Execution time: 21543.433 ms
