Hash Join  (cost=190230.21..1041075.55 rows=1583512 width=0) (actual time=15943.287..42262.148 rows=6007113 loops=1)
  Hash Cond: (ci.movie_id = t.id)
  ->  Seq Scan on cast_info ci  (cost=0.00..796071.18 rows=2901342 width=4) (actual time=6801.832..28024.350 rows=3864749 loops=1)
        Filter: ((person_id > 1161284) AND (role_id = 10))
        Rows Removed by Filter: 32379595
  ->  Hash  (cost=167588.78..167588.78 rows=1380035 width=8) (actual time=9138.857..9138.857 rows=1380035 loops=1)
        Buckets: 131072  Batches: 32  Memory Usage: 2708kB
        ->  Hash Join  (cost=102767.86..167588.78 rows=1380035 width=8) (actual time=5619.840..8732.865 rows=1380035 loops=1)
              Hash Cond: (mi_idx.movie_id = t.id)
              ->  Seq Scan on movie_info_idx mi_idx  (cost=0.00..21735.35 rows=1380035 width=4) (actual time=0.023..1516.752 rows=1380035 loops=1)
              ->  Hash  (cost=61283.27..61283.27 rows=2528527 width=4) (actual time=5618.551..5618.551 rows=2528312 loops=1)
                    Buckets: 131072  Batches: 64  Memory Usage: 2415kB
                    ->  Seq Scan on title t  (cost=0.00..61283.27 rows=2528527 width=4) (actual time=0.021..4260.969 rows=2528312 loops=1)
Planning time: 2.524 ms
Execution time: 42911.513 ms
