Seq Scan on cast_info ci  (cost=0.00..796071.18 rows=917607 width=0) (actual time=19608.875..28177.900 rows=3508472 loops=1)
  Filter: ((person_id > 3423054) AND (role_id > 4))
  Rows Removed by Filter: 32735872
Planning time: 0.248 ms
Execution time: 28664.022 ms
