Seq Scan on movie_companies mc  (cost=0.00..51404.11 rows=416418 width=0) (actual time=0.022..2306.119 rows=419520 loops=1)
  Filter: (company_id > 80096)
  Rows Removed by Filter: 2189609
Planning time: 0.291 ms
Execution time: 2357.544 ms
