Seq Scan on movie_keyword mk  (cost=0.00..81003.12 rows=2438133 width=0) (actual time=0.022..1380.156 rows=2437610 loops=1)
  Filter: (keyword_id < 5800)
  Rows Removed by Filter: 2086320
Planning time: 0.358 ms
Execution time: 1673.449 ms
