Seq Scan on movie_keyword mk  (cost=0.00..81003.12 rows=1992546 width=0) (actual time=0.021..1561.703 rows=1999356 loops=1)
  Filter: (keyword_id < 3537)
  Rows Removed by Filter: 2524574
Planning time: 0.294 ms
Execution time: 1807.314 ms
