Hash Join  (cost=448026.41..1297815.53 rows=99731 width=0) (actual time=24585.804..65887.245 rows=805275 loops=1)
  Hash Cond: (ci.movie_id = t.id)
  ->  Seq Scan on cast_info ci  (cost=0.00..796071.18 rows=14058834 width=4) (actual time=4940.613..40195.458 rows=12455851 loops=1)
        Filter: ((person_id > 1044791) AND (role_id < 3))
        Rows Removed by Filter: 23788493
  ->  Hash  (cost=447802.20..447802.20 rows=17937 width=8) (actual time=19644.606..19644.606 rows=121863 loops=1)
        Buckets: 131072 (originally 32768)  Batches: 2 (originally 1)  Memory Usage: 3402kB
        ->  Nested Loop  (cost=0.43..447802.20 rows=17937 width=8) (actual time=2862.861..19578.049 rows=121863 loops=1)
              ->  Seq Scan on movie_info mi  (cost=0.00..346232.03 rows=17937 width=4) (actual time=2862.723..12857.656 rows=121863 loops=1)
                    Filter: (info_type_id = 105)
                    Rows Removed by Filter: 14713857
              ->  Index Only Scan using title_pkey on title t  (cost=0.43..5.65 rows=1 width=4) (actual time=0.054..0.055 rows=1 loops=121863)
                    Index Cond: (id = mi.movie_id)
                    Heap Fetches: 121863
Planning time: 1.115 ms
Execution time: 66026.282 ms
