Hash Join  (cost=102767.86..1059093.23 rows=10013060 width=0) (actual time=4954.180..50353.004 rows=9805660 loops=1)
  Hash Cond: (ci.movie_id = t.id)
  ->  Seq Scan on cast_info ci  (cost=0.00..705507.15 rows=10013060 width=4) (actual time=0.024..34845.637 rows=9805660 loops=1)
        Filter: (person_id < 964468)
        Rows Removed by Filter: 26438684
  ->  Hash  (cost=61283.27..61283.27 rows=2528527 width=4) (actual time=4953.321..4953.321 rows=2528312 loops=1)
        Buckets: 131072  Batches: 64  Memory Usage: 2415kB
        ->  Seq Scan on title t  (cost=0.00..61283.27 rows=2528527 width=4) (actual time=0.013..3948.511 rows=2528312 loops=1)
Planning time: 0.680 ms
Execution time: 51567.520 ms
