Hash Join  (cost=73998.02..438990.23 rows=33628 width=0) (actual time=1242.713..8600.696 rows=60790 loops=1)
  Hash Cond: (mi.movie_id = t.id)
  ->  Seq Scan on movie_info mi  (cost=0.00..309384.22 rows=14739122 width=4) (actual time=0.021..4234.914 rows=14835720 loops=1)
  ->  Hash  (cost=73925.90..73925.90 rows=5769 width=4) (actual time=1241.115..1241.115 rows=7749 loops=1)
        Buckets: 8192  Batches: 1  Memory Usage: 337kB
        ->  Seq Scan on title t  (cost=0.00..73925.90 rows=5769 width=4) (actual time=381.383..1237.792 rows=7749 loops=1)
              Filter: ((kind_id = 4) AND (production_year = 2009))
              Rows Removed by Filter: 2520563
Planning time: 0.689 ms
Execution time: 8611.359 ms
