Hash Join  (cost=132023.62..213216.47 rows=324 width=0) (actual time=2589.995..3881.389 rows=509 loops=1)
  Hash Cond: (mk.movie_id = t.id)
  ->  Seq Scan on movie_keyword mk  (cost=0.00..81003.12 rows=49728 width=4) (actual time=0.050..1281.322 rows=46052 loops=1)
        Filter: (keyword_id > 101487)
        Rows Removed by Filter: 4477878
  ->  Hash  (cost=131817.55..131817.55 rows=16486 width=8) (actual time=2589.405..2589.405 rows=13710 loops=1)
        Buckets: 32768  Batches: 1  Memory Usage: 792kB
        ->  Hash Join  (cost=74251.74..131817.55 rows=16486 width=8) (actual time=1208.000..2582.953 rows=13710 loops=1)
              Hash Cond: (mc.movie_id = t.id)
              ->  Seq Scan on movie_companies mc  (cost=0.00..51404.11 rows=1599156 width=4) (actual time=0.023..1008.390 rows=1590041 loops=1)
                    Filter: (company_id < 16030)
                    Rows Removed by Filter: 1019088
              ->  Hash  (cost=73925.90..73925.90 rows=26067 width=4) (actual time=1207.638..1207.638 rows=27085 loops=1)
                    Buckets: 32768  Batches: 1  Memory Usage: 1209kB
                    ->  Seq Scan on title t  (cost=0.00..73925.90 rows=26067 width=4) (actual time=0.029..1196.161 rows=27085 loops=1)
                          Filter: ((kind_id < 7) AND (production_year > 2012))
                          Rows Removed by Filter: 2501227
Planning time: 1.109 ms
Execution time: 3881.708 ms
