Hash Join  (cost=798388.24..853055.49 rows=174 width=176) (actual time=12219.028..13093.176 rows=237 loops=1)
  Hash Cond: (mc.movie_id = t.id)
  ->  Seq Scan on movie_companies mc  (cost=0.00..44881.29 rows=2609129 width=40) (actual time=0.014..513.128 rows=2609129 loops=1)
  ->  Hash  (cost=798386.14..798386.14 rows=168 width=136) (actual time=12214.478..12214.478 rows=109 loops=1)
        Buckets: 1024  Batches: 1  Memory Usage: 25kB
        ->  Nested Loop  (cost=0.43..798386.14 rows=168 width=136) (actual time=5783.846..12214.323 rows=109 loops=1)
              ->  Seq Scan on cast_info ci  (cost=0.00..796071.18 rows=276 width=42) (actual time=5783.172..12211.955 rows=132 loops=1)
                    Filter: ((role_id < 3) AND (person_id = 1132055))
                    Rows Removed by Filter: 36244212
              ->  Index Scan using title_pkey on title t  (cost=0.43..8.38 rows=1 width=94) (actual time=0.016..0.017 rows=1 loops=132)
                    Index Cond: (id = ci.movie_id)
                    Filter: (kind_id = 7)
                    Rows Removed by Filter: 0
Planning time: 1.587 ms
Execution time: 13093.319 ms
