Hash Join  (cost=70308.29..168920.74 rows=90508 width=0) (actual time=1320.555..3426.258 rows=30461 loops=1)
  Hash Cond: (mk.movie_id = t.id)
  ->  Seq Scan on movie_keyword mk  (cost=0.00..81003.12 rows=1388866 width=4) (actual time=0.024..1536.200 rows=1403060 loops=1)
        Filter: (keyword_id < 1907)
        Rows Removed by Filter: 3120870
  ->  Hash  (cost=67604.59..67604.59 rows=164776 width=4) (actual time=1319.372..1319.372 rows=164307 loops=1)
        Buckets: 131072  Batches: 4  Memory Usage: 2488kB
        ->  Seq Scan on title t  (cost=0.00..67604.59 rows=164776 width=4) (actual time=0.018..990.877 rows=164307 loops=1)
              Filter: (production_year = 2012)
              Rows Removed by Filter: 2364005
Planning time: 0.671 ms
Execution time: 3430.414 ms
