Hash Join  (cost=146730.98..667042.33 rows=3796144 width=0) (actual time=3244.658..17604.439 rows=7460845 loops=1)
  Hash Cond: (mi.movie_id = t.id)
  ->  Seq Scan on movie_info mi  (cost=0.00..309384.22 rows=14739122 width=4) (actual time=0.011..5981.755 rows=14835720 loops=1)
  ->  Hash  (cost=136046.53..136046.53 rows=651236 width=8) (actual time=3237.693..3237.693 rows=539725 loops=1)
        Buckets: 131072  Batches: 16  Memory Usage: 2341kB
        ->  Hash Join  (cost=87180.69..136046.53 rows=651236 width=8) (actual time=1610.301..3065.883 rows=539725 loops=1)
              Hash Cond: (mi_idx.movie_id = t.id)
              ->  Seq Scan on movie_info_idx mi_idx  (cost=0.00..21735.35 rows=1380035 width=4) (actual time=0.015..463.542 rows=1380035 loops=1)
              ->  Hash  (cost=67604.59..67604.59 rows=1193208 width=4) (actual time=1609.358..1609.358 rows=1192518 loops=1)
                    Buckets: 131072  Batches: 16  Memory Usage: 3646kB
                    ->  Seq Scan on title t  (cost=0.00..67604.59 rows=1193208 width=4) (actual time=0.023..1232.191 rows=1192518 loops=1)
                          Filter: (production_year > 2003)
                          Rows Removed by Filter: 1335794
Planning time: 1.108 ms
Execution time: 18455.722 ms
