Hash Join  (cost=76444.38..1131751.56 rows=1741722 width=0) (actual time=1092.539..29980.867 rows=1694263 loops=1)
  Hash Cond: (ci.movie_id = t.id)
  ->  Seq Scan on cast_info ci  (cost=0.00..705507.15 rows=28694616 width=4) (actual time=0.014..15851.549 rows=28790858 loops=1)
        Filter: (person_id > 721509)
        Rows Removed by Filter: 7453486
  ->  Hash  (cost=73925.90..73925.90 rows=153478 width=4) (actual time=1090.938..1090.938 rows=134760 loops=1)
        Buckets: 131072  Batches: 4  Memory Usage: 2216kB
        ->  Seq Scan on title t  (cost=0.00..73925.90 rows=153478 width=4) (actual time=0.018..1043.769 rows=134760 loops=1)
              Filter: ((kind_id < 7) AND (production_year > 2010))
              Rows Removed by Filter: 2393552
Planning time: 0.747 ms
Execution time: 30193.610 ms
