Hash Join  (cost=149859.71..1272121.90 rows=8611106 width=0) (actual time=3267.069..36943.157 rows=14633010 loops=1)
  Hash Cond: (ci.movie_id = t.id)
  ->  Seq Scan on cast_info ci  (cost=0.00..614943.12 rows=36225612 width=4) (actual time=0.026..13275.627 rows=36244344 loops=1)
  ->  Hash  (cost=139998.59..139998.59 rows=601050 width=8) (actual time=3266.174..3266.174 rows=409485 loops=1)
        Buckets: 131072  Batches: 8  Memory Usage: 3012kB
        ->  Hash Join  (cost=91993.60..139998.59 rows=601050 width=8) (actual time=1706.719..3137.711 rows=409485 loops=1)
              Hash Cond: (mi_idx.movie_id = t.id)
              ->  Seq Scan on movie_info_idx mi_idx  (cost=0.00..21735.35 rows=1380035 width=4) (actual time=0.023..456.267 rows=1380035 loops=1)
              ->  Hash  (cost=73925.90..73925.90 rows=1101256 width=4) (actual time=1705.510..1705.510 rows=1209692 loops=1)
                    Buckets: 131072  Batches: 16  Memory Usage: 3691kB
                    ->  Seq Scan on title t  (cost=0.00..73925.90 rows=1101256 width=4) (actual time=0.030..1324.715 rows=1209692 loops=1)
                          Filter: ((kind_id > 2) AND (production_year > 1996))
                          Rows Removed by Filter: 1318620
Planning time: 1.154 ms
Execution time: 38625.106 ms
