Hash Join  (cost=69002.72..136926.74 rows=45837 width=0) (actual time=1071.703..2491.770 rows=36702 loops=1)
  Hash Cond: (mc.movie_id = t.id)
  ->  Seq Scan on movie_companies mc  (cost=0.00..51404.11 rows=1360143 width=4) (actual time=0.014..931.593 rows=1345873 loops=1)
        Filter: (company_id < 11538)
        Rows Removed by Filter: 1263256
  ->  Hash  (cost=67604.59..67604.59 rows=85211 width=4) (actual time=1070.811..1070.811 rows=84593 loops=1)
        Buckets: 131072  Batches: 2  Memory Usage: 2518kB
        ->  Seq Scan on title t  (cost=0.00..67604.59 rows=85211 width=4) (actual time=0.020..1036.987 rows=84593 loops=1)
              Filter: (production_year = 2004)
              Rows Removed by Filter: 2443719
Planning time: 0.512 ms
Execution time: 2497.405 ms
