Seq Scan on movie_companies mc  (cost=0.00..57926.93 rows=53 width=0) (actual time=51.050..845.706 rows=52 loops=1)
  Filter: ((company_id = 1471) AND (company_type_id = 2))
  Rows Removed by Filter: 2609077
Planning time: 0.380 ms
Execution time: 845.811 ms
