Hash Join  (cost=125683.86..981767.56 rows=781568 width=136) (actual time=13855.708..16577.646 rows=659356 loops=1)
  Hash Cond: (ci.movie_id = t.id)
  ->  Seq Scan on cast_info ci  (cost=0.00..796071.18 rows=923767 width=42) (actual time=11618.964..12482.681 rows=808506 loops=1)
        Filter: ((person_id < 1915476) AND (role_id = 8))
        Rows Removed by Filter: 35435838
  ->  Hash  (cost=67604.59..67604.59 rows=2139302 width=94) (actual time=2234.460..2234.460 rows=2132973 loops=1)
        Buckets: 32768  Batches: 128  Memory Usage: 2114kB
        ->  Seq Scan on title t  (cost=0.00..67604.59 rows=2139302 width=94) (actual time=0.022..1198.113 rows=2132973 loops=1)
              Filter: (production_year > 1966)
              Rows Removed by Filter: 395339
Planning time: 3.697 ms
Execution time: 16610.983 ms
