Seq Scan on movie_keyword mk  (cost=0.00..81003.12 rows=246 width=0) (actual time=5.205..1255.980 rows=500 loops=1)
  Filter: (keyword_id = 1123)
  Rows Removed by Filter: 4523430
Planning time: 0.354 ms
Execution time: 1256.295 ms
