Seq Scan on movie_keyword mk  (cost=0.00..81003.12 rows=246 width=0) (actual time=15.154..1259.807 rows=56 loops=1)
  Filter: (keyword_id = 26615)
  Rows Removed by Filter: 4523874
Planning time: 0.260 ms
Execution time: 1259.934 ms
