Seq Scan on cast_info ci  (cost=0.00..705507.15 rows=20149184 width=0) (actual time=0.023..12753.745 rows=20272083 loops=1)
  Filter: (person_id > 1578925)
  Rows Removed by Filter: 15972261
Planning time: 0.288 ms
Execution time: 15289.070 ms
