Hash Join  (cost=210014.88..674435.19 rows=1416884 width=0) (actual time=5017.975..17065.693 rows=7916326 loops=1)
  Hash Cond: (mi.movie_id = t.id)
  ->  Seq Scan on movie_info mi  (cost=0.00..346232.03 rows=8859586 width=4) (actual time=655.516..6521.868 rows=8966694 loops=1)
        Filter: (info_type_id < 15)
        Rows Removed by Filter: 5869026
  ->  Hash  (cost=203380.14..203380.14 rows=404379 width=8) (actual time=4287.762..4287.762 rows=399447 loops=1)
        Buckets: 131072  Batches: 8  Memory Usage: 3046kB
        ->  Hash Join  (cost=102767.86..203380.14 rows=404379 width=8) (actual time=1901.135..4163.726 rows=399447 loops=1)
              Hash Cond: (mk.movie_id = t.id)
              ->  Seq Scan on movie_keyword mk  (cost=0.00..81003.12 rows=404379 width=4) (actual time=0.041..1517.533 rows=399447 loops=1)
                    Filter: (keyword_id > 43407)
                    Rows Removed by Filter: 4124483
              ->  Hash  (cost=61283.27..61283.27 rows=2528527 width=4) (actual time=1899.038..1899.038 rows=2528312 loops=1)
                    Buckets: 131072  Batches: 64  Memory Usage: 2425kB
                    ->  Seq Scan on title t  (cost=0.00..61283.27 rows=2528527 width=4) (actual time=0.018..1036.527 rows=2528312 loops=1)
Planning time: 1.150 ms
Execution time: 17944.172 ms
