Hash Join  (cost=332025.46..1061352.98 rows=19931679 width=0) (actual time=7753.601..63481.907 rows=186206014 loops=1)
  Hash Cond: (mi.movie_id = t.id)
  ->  Seq Scan on movie_info mi  (cost=0.00..309384.22 rows=14739122 width=4) (actual time=0.006..6050.631 rows=14835720 loops=1)
  ->  Hash  (cost=275926.95..275926.95 rows=3419321 width=8) (actual time=7748.982..7748.982 rows=3409137 loops=1)
        Buckets: 131072  Batches: 64  Memory Usage: 3206kB
        ->  Hash Join  (cost=102767.86..275926.95 rows=3419321 width=8) (actual time=2033.718..6739.433 rows=3409137 loops=1)
              Hash Cond: (mk.movie_id = t.id)
              ->  Seq Scan on movie_keyword mk  (cost=0.00..81003.12 rows=3419321 width=4) (actual time=0.020..1766.500 rows=3409137 loops=1)
                    Filter: (keyword_id > 1150)
                    Rows Removed by Filter: 1114793
              ->  Hash  (cost=61283.27..61283.27 rows=2528527 width=4) (actual time=2032.215..2032.215 rows=2528312 loops=1)
                    Buckets: 131072  Batches: 64  Memory Usage: 2425kB
                    ->  Seq Scan on title t  (cost=0.00..61283.27 rows=2528527 width=4) (actual time=0.034..1180.776 rows=2528312 loops=1)
Planning time: 1.507 ms
Execution time: 84203.961 ms
