Seq Scan on movie_keyword mk  (cost=0.00..81003.12 rows=246 width=0) (actual time=77.371..1176.433 rows=41 loops=1)
  Filter: (keyword_id = 27505)
  Rows Removed by Filter: 4523889
Planning time: 0.355 ms
Execution time: 1176.571 ms
