Hash Join  (cost=210442.80..315899.87 rows=519286 width=0) (actual time=4857.604..9708.558 rows=7876922 loops=1)
  Hash Cond: (mk.movie_id = t.id)
  ->  Seq Scan on movie_keyword mk  (cost=0.00..81003.12 rows=1332823 width=4) (actual time=0.020..1533.832 rows=1346909 loops=1)
        Filter: (keyword_id > 12651)
        Rows Removed by Filter: 3177021
  ->  Hash  (cost=194279.45..194279.45 rows=985148 width=8) (actual time=4856.786..4856.786 rows=1268892 loops=1)
        Buckets: 131072 (originally 131072)  Batches: 32 (originally 16)  Memory Usage: 3073kB
        ->  Hash Join  (cost=102767.86..194279.45 rows=985148 width=8) (actual time=1906.932..4476.515 rows=1268892 loops=1)
              Hash Cond: (mc.movie_id = t.id)
              ->  Seq Scan on movie_companies mc  (cost=0.00..57926.93 rows=985148 width=4) (actual time=0.029..1146.790 rows=1268892 loops=1)
                    Filter: ((company_id < 66018) AND (company_type_id < 2))
                    Rows Removed by Filter: 1340237
              ->  Hash  (cost=61283.27..61283.27 rows=2528527 width=4) (actual time=1906.120..1906.120 rows=2528312 loops=1)
                    Buckets: 131072  Batches: 64  Memory Usage: 2415kB
                    ->  Seq Scan on title t  (cost=0.00..61283.27 rows=2528527 width=4) (actual time=0.017..1057.456 rows=2528312 loops=1)
Planning time: 1.148 ms
Execution time: 10641.741 ms
