Hash Join  (cost=162540.23..512203.13 rows=17106 width=0) (actual time=3615.176..8694.829 rows=10802 loops=1)
  Hash Cond: (mi.movie_id = t.id)
  ->  Seq Scan on movie_info mi  (cost=0.00..346232.03 rows=651960 width=4) (actual time=465.011..5470.793 rows=660923 loops=1)
        Filter: (info_type_id = 18)
        Rows Removed by Filter: 14174797
  ->  Hash  (cost=161710.92..161710.92 rows=66345 width=8) (actual time=3149.053..3149.053 rows=15604 loops=1)
        Buckets: 131072  Batches: 1  Memory Usage: 1634kB
        ->  Hash Join  (cost=74389.43..161710.92 rows=66345 width=8) (actual time=2019.054..3143.903 rows=15604 loops=1)
              Hash Cond: (mk.movie_id = t.id)
              ->  Seq Scan on movie_keyword mk  (cost=0.00..69693.30 rows=4523930 width=4) (actual time=0.028..968.790 rows=4523930 loops=1)
              ->  Hash  (cost=73925.90..73925.90 rows=37082 width=4) (actual time=1337.880..1337.880 rows=41935 loops=1)
                    Buckets: 65536  Batches: 1  Memory Usage: 1987kB
                    ->  Seq Scan on title t  (cost=0.00..73925.90 rows=37082 width=4) (actual time=0.022..1320.075 rows=41935 loops=1)
                          Filter: ((kind_id = 7) AND (production_year = 2002))
                          Rows Removed by Filter: 2486377
Planning time: 1.138 ms
Execution time: 8696.024 ms
