Seq Scan on movie_companies mc  (cost=0.00..51404.11 rows=104 width=0) (actual time=105.485..804.147 rows=1 loops=1)
  Filter: (company_id = 32487)
  Rows Removed by Filter: 2609128
Planning time: 0.432 ms
Execution time: 804.229 ms
