Hash Join  (cost=109434.47..494968.87 rows=267601 width=0) (actual time=2010.971..10358.170 rows=649044 loops=1)
  Hash Cond: (mi.movie_id = t.id)
  ->  Seq Scan on movie_info mi  (cost=0.00..346232.03 rows=9767026 width=4) (actual time=0.023..6078.848 rows=9911754 loops=1)
        Filter: (info_type_id > 4)
        Rows Removed by Filter: 4923966
  ->  Hash  (cost=108568.50..108568.50 rows=69278 width=8) (actual time=2009.767..2009.767 rows=58600 loops=1)
        Buckets: 131072  Batches: 1  Memory Usage: 3314kB
        ->  Hash Join  (cost=69687.24..108568.50 rows=69278 width=8) (actual time=1083.205..1990.381 rows=58600 loops=1)
              Hash Cond: (mi_idx.movie_id = t.id)
              ->  Seq Scan on movie_info_idx mi_idx  (cost=0.00..21735.35 rows=1380035 width=4) (actual time=0.020..421.118 rows=1380035 loops=1)
              ->  Hash  (cost=67604.59..67604.59 rows=126932 width=4) (actual time=1082.287..1082.287 rows=122861 loops=1)
                    Buckets: 131072  Batches: 2  Memory Usage: 3191kB
                    ->  Seq Scan on title t  (cost=0.00..67604.59 rows=126932 width=4) (actual time=0.014..1037.812 rows=122861 loops=1)
                          Filter: (production_year = 2008)
                          Rows Removed by Filter: 2405451
Planning time: 17.802 ms
Execution time: 10443.571 ms
