Seq Scan on movie_keyword mk  (cost=0.00..81003.12 rows=246 width=12) (actual time=0.728..1185.514 rows=986 loops=1)
  Filter: (keyword_id = 1731)
  Rows Removed by Filter: 4522944
Planning time: 0.346 ms
Execution time: 1185.653 ms
