Seq Scan on cast_info ci  (cost=0.00..796071.18 rows=9014899 width=0) (actual time=147.495..13635.848 rows=10831053 loops=1)
  Filter: ((person_id < 1335526) AND (role_id < 4))
  Rows Removed by Filter: 25413291
Planning time: 0.242 ms
Execution time: 14937.552 ms
