Hash Join  (cost=96223.51..174292.83 rows=470726 width=0) (actual time=1820.381..3435.657 rows=27956 loops=1)
  Hash Cond: (mc.movie_id = t.id)
  ->  Seq Scan on movie_companies mc  (cost=0.00..57926.93 rows=875767 width=4) (actual time=0.039..1073.875 rows=695518 loops=1)
        Filter: ((company_id > 1893) AND (company_type_id < 2))
        Rows Removed by Filter: 1913611
  ->  Hash  (cost=73925.90..73925.90 rows=1359088 width=4) (actual time=1818.787..1818.787 rows=1438695 loops=1)
        Buckets: 131072  Batches: 32  Memory Usage: 2607kB
        ->  Seq Scan on title t  (cost=0.00..73925.90 rows=1359088 width=4) (actual time=0.013..1361.009 rows=1438695 loops=1)
              Filter: ((production_year > 1958) AND (kind_id = 7))
              Rows Removed by Filter: 1089617
Planning time: 1.091 ms
Execution time: 3439.303 ms
