Hash Join  (cost=263115.61..1379609.08 rows=13129682 width=0) (actual time=6101.238..29543.141 rows=15561318 loops=1)
  Hash Cond: (ci.movie_id = t.id)
  ->  Seq Scan on cast_info ci  (cost=0.00..796071.18 rows=12724076 width=4) (actual time=0.039..15492.769 rows=6834243 loops=1)
        Filter: ((person_id < 1952913) AND (role_id > 1))
        Rows Removed by Filter: 29410101
  ->  Hash  (cost=220309.49..220309.49 rows=2609129 width=8) (actual time=6100.064..6100.064 rows=2609129 loops=1)
        Buckets: 131072  Batches: 64  Memory Usage: 2610kB
        ->  Hash Join  (cost=102767.86..220309.49 rows=2609129 width=8) (actual time=1889.183..5355.733 rows=2609129 loops=1)
              Hash Cond: (mc.movie_id = t.id)
              ->  Seq Scan on movie_companies mc  (cost=0.00..44881.29 rows=2609129 width=4) (actual time=0.025..972.471 rows=2609129 loops=1)
              ->  Hash  (cost=61283.27..61283.27 rows=2528527 width=4) (actual time=1887.613..1887.613 rows=2528312 loops=1)
                    Buckets: 131072  Batches: 64  Memory Usage: 2415kB
                    ->  Seq Scan on title t  (cost=0.00..61283.27 rows=2528527 width=4) (actual time=0.016..1043.728 rows=2528312 loops=1)
Planning time: 1.078 ms
Execution time: 31291.985 ms
