Seq Scan on title t  (cost=0.00..73925.90 rows=240068 width=0) (actual time=0.021..787.955 rows=109701 loops=1)
  Filter: ((kind_id > 1) AND (production_year < 1967))
  Rows Removed by Filter: 2418611
Planning time: 0.221 ms
Execution time: 800.297 ms
