Hash Join  (cost=156209.36..1334561.13 rows=6333370 width=0) (actual time=3416.649..41391.027 rows=13136480 loops=1)
  Hash Cond: (ci.movie_id = t.id)
  ->  Seq Scan on cast_info ci  (cost=0.00..705507.15 rows=35263711 width=4) (actual time=0.023..17045.888 rows=35250829 loops=1)
        Filter: (person_id < 3870464)
        Rows Removed by Filter: 993515
  ->  Hash  (cost=148758.81..148758.81 rows=454124 width=8) (actual time=3415.766..3415.766 rows=459925 loops=1)
        Buckets: 131072  Batches: 8  Memory Usage: 3275kB
        ->  Hash Join  (cost=102767.86..148758.81 rows=454124 width=8) (actual time=1960.730..3280.178 rows=459925 loops=1)
              Hash Cond: (mi_idx.movie_id = t.id)
              ->  Seq Scan on movie_info_idx mi_idx  (cost=0.00..25185.44 rows=454124 width=4) (actual time=0.021..480.212 rows=459925 loops=1)
                    Filter: (info_type_id = 100)
                    Rows Removed by Filter: 920110
              ->  Hash  (cost=61283.27..61283.27 rows=2528527 width=4) (actual time=1959.517..1959.517 rows=2528312 loops=1)
                    Buckets: 131072  Batches: 64  Memory Usage: 2415kB
                    ->  Seq Scan on title t  (cost=0.00..61283.27 rows=2528527 width=4) (actual time=0.008..1119.622 rows=2528312 loops=1)
Planning time: 1.160 ms
Execution time: 42921.531 ms
