Hash Join  (cost=341326.15..2080283.02 rows=55419673 width=0) (actual time=7974.471..86025.888 rows=188589887 loops=1)
  Hash Cond: (ci.movie_id = t.id)
  ->  Seq Scan on cast_info ci  (cost=0.00..614943.12 rows=36225612 width=4) (actual time=0.022..13479.828 rows=36244344 loops=1)
  ->  Hash  (cost=277861.89..277861.89 rows=3868261 width=8) (actual time=7972.569..7972.569 rows=3682062 loops=1)
        Buckets: 131072  Batches: 64  Memory Usage: 3232kB
        ->  Hash Join  (cost=103076.32..277861.89 rows=3868261 width=8) (actual time=2036.324..6670.066 rows=3682062 loops=1)
              Hash Cond: (mk.movie_id = t.id)
              ->  Seq Scan on movie_keyword mk  (cost=0.00..69693.30 rows=4523930 width=4) (actual time=0.022..1428.980 rows=4523930 loops=1)
              ->  Hash  (cost=67604.59..67604.59 rows=2162059 width=4) (actual time=2035.495..2035.495 rows=2159747 loops=1)
                    Buckets: 131072  Batches: 32  Memory Usage: 3409kB
                    ->  Seq Scan on title t  (cost=0.00..67604.59 rows=2162059 width=4) (actual time=0.019..1325.718 rows=2159747 loops=1)
                          Filter: (production_year > 1964)
                          Rows Removed by Filter: 368565
Planning time: 1.006 ms
Execution time: 106413.749 ms
