Hash Join  (cost=74317.90..101244.52 rows=1614 width=0) (actual time=909.240..1469.776 rows=5559 loops=1)
  Hash Cond: (mi_idx.movie_id = t.id)
  ->  Seq Scan on movie_info_idx mi_idx  (cost=0.00..21735.35 rows=1380035 width=4) (actual time=0.029..292.833 rows=1380035 loops=1)
  ->  Hash  (cost=74280.94..74280.94 rows=2957 width=8) (actual time=908.655..908.655 rows=3172 loops=1)
        Buckets: 4096  Batches: 1  Memory Usage: 156kB
        ->  Nested Loop  (cost=0.43..74280.94 rows=2957 width=8) (actual time=0.484..906.999 rows=3172 loops=1)
              ->  Seq Scan on movie_companies mc  (cost=0.00..51404.11 rows=2957 width=4) (actual time=0.419..824.216 rows=3172 loops=1)
                    Filter: (company_id = 137)
                    Rows Removed by Filter: 2605957
              ->  Index Only Scan using title_pkey on title t  (cost=0.43..7.73 rows=1 width=4) (actual time=0.025..0.025 rows=1 loops=3172)
                    Index Cond: (id = mc.movie_id)
                    Heap Fetches: 3172
Planning time: 1.091 ms
Execution time: 1470.696 ms
