Hash Join  (cost=358545.36..1471605.09 rows=15437767 width=0) (actual time=10575.151..34420.092 rows=31002126 loops=1)
  Hash Cond: (ci.movie_id = t.id)
  ->  Seq Scan on cast_info ci  (cost=0.00..796071.18 rows=9579983 width=4) (actual time=2101.465..14729.424 rows=5372800 loops=1)
        Filter: ((person_id < 2151909) AND (role_id > 2))
        Rows Removed by Filter: 30871544
  ->  Hash  (cost=291695.59..291695.59 rows=4074622 width=8) (actual time=8472.226..8472.226 rows=4062203 loops=1)
        Buckets: 131072  Batches: 64  Memory Usage: 3530kB
        ->  Hash Join  (cost=102767.86..291695.59 rows=4074622 width=8) (actual time=1907.313..7270.392 rows=4062203 loops=1)
              Hash Cond: (mk.movie_id = t.id)
              ->  Seq Scan on movie_keyword mk  (cost=0.00..81003.12 rows=4074622 width=4) (actual time=0.039..1859.294 rows=4062203 loops=1)
                    Filter: (keyword_id > 348)
                    Rows Removed by Filter: 461727
              ->  Hash  (cost=61283.27..61283.27 rows=2528527 width=4) (actual time=1904.710..1904.710 rows=2528312 loops=1)
                    Buckets: 131072  Batches: 64  Memory Usage: 2425kB
                    ->  Seq Scan on title t  (cost=0.00..61283.27 rows=2528527 width=4) (actual time=0.022..1034.029 rows=2528312 loops=1)
Planning time: 1.147 ms
Execution time: 37967.768 ms
