Hash Join  (cost=87245.25..217932.49 rows=1307479 width=0) (actual time=1539.762..4907.431 rows=1677051 loops=1)
  Hash Cond: (mk.movie_id = t.id)
  ->  Seq Scan on movie_keyword mk  (cost=0.00..81003.12 rows=2761686 width=4) (actual time=0.015..1573.689 rows=2753835 loops=1)
        Filter: (keyword_id > 2868)
        Rows Removed by Filter: 1770095
  ->  Hash  (cost=67604.59..67604.59 rows=1197093 width=4) (actual time=1538.816..1538.816 rows=1195923 loops=1)
        Buckets: 131072  Batches: 16  Memory Usage: 3661kB
        ->  Seq Scan on title t  (cost=0.00..67604.59 rows=1197093 width=4) (actual time=0.021..1170.161 rows=1195923 loops=1)
              Filter: (production_year < 2003)
              Rows Removed by Filter: 1332389
Planning time: 0.759 ms
Execution time: 5105.499 ms
