Hash Join  (cost=176995.16..1234153.61 rows=2273529 width=0) (actual time=3701.698..35619.039 rows=7855197 loops=1)
  Hash Cond: (ci.movie_id = t.id)
  ->  Seq Scan on cast_info ci  (cost=0.00..614943.12 rows=36225612 width=4) (actual time=0.014..13377.834 rows=36244344 loops=1)
  ->  Hash  (cost=174391.52..174391.52 rows=158691 width=8) (actual time=3700.918..3700.918 rows=311119 loops=1)
        Buckets: 131072  Batches: 4  Memory Usage: 4070kB
        ->  Hash Join  (cost=102767.86..174391.52 rows=158691 width=8) (actual time=2013.558..3604.912 rows=311119 loops=1)
              Hash Cond: (mc.movie_id = t.id)
              ->  Seq Scan on movie_companies mc  (cost=0.00..57926.93 rows=158691 width=4) (actual time=0.016..926.007 rows=311119 loops=1)
                    Filter: ((company_id > 92502) AND (company_type_id = 2))
                    Rows Removed by Filter: 2298010
              ->  Hash  (cost=61283.27..61283.27 rows=2528527 width=4) (actual time=2012.346..2012.346 rows=2528312 loops=1)
                    Buckets: 131072  Batches: 64  Memory Usage: 2415kB
                    ->  Seq Scan on title t  (cost=0.00..61283.27 rows=2528527 width=4) (actual time=0.006..1193.827 rows=2528312 loops=1)
Planning time: 1.095 ms
Execution time: 36574.587 ms
