Hash Join  (cost=85435.26..230683.13 rows=1190090 width=0) (actual time=1573.484..6099.159 rows=3166050 loops=1)
  Hash Cond: (mk.movie_id = t.id)
  ->  Seq Scan on movie_keyword mk  (cost=0.00..81003.12 rows=4289826 width=4) (actual time=0.014..1798.170 rows=4274183 loops=1)
        Filter: (keyword_id > 213)
        Rows Removed by Filter: 249747
  ->  Hash  (cost=73925.90..73925.90 rows=701468 width=4) (actual time=1572.793..1572.793 rows=749931 loops=1)
        Buckets: 131072  Batches: 16  Memory Usage: 2682kB
        ->  Seq Scan on title t  (cost=0.00..73925.90 rows=701468 width=4) (actual time=0.020..1333.053 rows=749931 loops=1)
              Filter: ((kind_id < 7) AND (production_year < 2009))
              Rows Removed by Filter: 1778381
Planning time: 1.698 ms
Execution time: 6473.044 ms
