Hash Join  (cost=183518.97..1047690.31 rows=1552391 width=0) (actual time=3267.423..21019.703 rows=174211 loops=1)
  Hash Cond: (ci.movie_id = t.id)
  ->  Seq Scan on cast_info ci  (cost=0.00..705507.15 rows=12271542 width=4) (actual time=0.024..12535.960 rows=12185214 loops=1)
        Filter: (person_id < 1199928)
        Rows Removed by Filter: 24059130
  ->  Hash  (cost=178270.63..178270.63 rows=319867 width=8) (actual time=3265.941..3265.941 rows=21859 loops=1)
        Buckets: 131072  Batches: 8  Memory Usage: 1138kB
        ->  Hash Join  (cost=102767.86..178270.63 rows=319867 width=8) (actual time=1998.248..3257.703 rows=21859 loops=1)
              Hash Cond: (mc.movie_id = t.id)
              ->  Seq Scan on movie_companies mc  (cost=0.00..57926.93 rows=319867 width=4) (actual time=0.017..848.257 rows=21859 loops=1)
                    Filter: ((company_id > 53168) AND (company_type_id < 2))
                    Rows Removed by Filter: 2587270
              ->  Hash  (cost=61283.27..61283.27 rows=2528527 width=4) (actual time=1996.457..1996.457 rows=2528312 loops=1)
                    Buckets: 131072  Batches: 64  Memory Usage: 2415kB
                    ->  Seq Scan on title t  (cost=0.00..61283.27 rows=2528527 width=4) (actual time=0.025..1145.127 rows=2528312 loops=1)
Planning time: 1.134 ms
Execution time: 21043.800 ms
