Seq Scan on cast_info ci  (cost=0.00..705507.15 rows=500 width=42) (actual time=12451.878..14361.501 rows=92 loops=1)
  Filter: (person_id = 3532427)
  Rows Removed by Filter: 36244252
Planning time: 0.639 ms
Execution time: 14361.546 ms
