Hash Join  (cost=80830.47..1176571.10 rows=6029347 width=0) (actual time=1205.103..34638.100 rows=7286066 loops=1)
  Hash Cond: (ci.movie_id = t.id)
  ->  Seq Scan on cast_info ci  (cost=0.00..614943.12 rows=36225612 width=4) (actual time=0.013..13251.989 rows=36244344 loops=1)
  ->  Hash  (cost=73925.90..73925.90 rows=420845 width=4) (actual time=1204.190..1204.190 rows=517968 loops=1)
        Buckets: 131072  Batches: 8  Memory Usage: 3313kB
        ->  Seq Scan on title t  (cost=0.00..73925.90 rows=420845 width=4) (actual time=0.016..1038.082 rows=517968 loops=1)
              Filter: ((kind_id < 7) AND (production_year < 2001))
              Rows Removed by Filter: 2010344
Planning time: 0.753 ms
Execution time: 35525.125 ms
