Seq Scan on cast_info ci  (cost=0.00..705507.15 rows=21247007 width=0) (actual time=0.029..12555.291 rows=21095052 loops=1)
  Filter: (person_id < 2129871)
  Rows Removed by Filter: 15149292
Planning time: 0.360 ms
Execution time: 15249.116 ms
