Hash Join  (cost=129928.86..982039.57 rows=561633 width=136) (actual time=2893.603..12340.868 rows=317452 loops=1)
  Hash Cond: (ci.movie_id = t.id)
  ->  Seq Scan on cast_info ci  (cost=0.00..796071.18 rows=561633 width=42) (actual time=299.682..8311.697 rows=317452 loops=1)
        Filter: ((person_id < 118585) AND (role_id > 2))
        Rows Removed by Filter: 35926892
  ->  Hash  (cost=61283.27..61283.27 rows=2528527 width=94) (actual time=2591.900..2591.900 rows=2528312 loops=1)
        Buckets: 32768  Batches: 128  Memory Usage: 2453kB
        ->  Seq Scan on title t  (cost=0.00..61283.27 rows=2528527 width=94) (actual time=0.058..737.477 rows=2528312 loops=1)
Planning time: 0.985 ms
Execution time: 12356.117 ms
