Seq Scan on movie_keyword mk  (cost=0.00..81003.12 rows=2378121 width=0) (actual time=0.014..1353.289 rows=2379263 loops=1)
  Filter: (keyword_id < 5450)
  Rows Removed by Filter: 2144667
Planning time: 0.327 ms
Execution time: 1655.157 ms
