Seq Scan on cast_info ci  (cost=0.00..796071.18 rows=176 width=0) (actual time=6005.400..9573.308 rows=151 loops=1)
  Filter: ((person_id = 150967) AND (role_id = 1))
  Rows Removed by Filter: 36244193
Planning time: 0.411 ms
Execution time: 9573.416 ms
