Hash Join  (cost=79273.71..120018.93 rows=177874 width=0) (actual time=1374.635..2059.595 rows=76248 loops=1)
  Hash Cond: (mi_idx.movie_id = t.id)
  ->  Seq Scan on movie_info_idx mi_idx  (cost=0.00..21735.35 rows=1380035 width=4) (actual time=0.019..372.016 rows=1380035 loops=1)
  ->  Hash  (cost=73925.90..73925.90 rows=325904 width=4) (actual time=1081.700..1081.700 rows=349534 loops=1)
        Buckets: 131072  Batches: 8  Memory Usage: 2566kB
        ->  Seq Scan on title t  (cost=0.00..73925.90 rows=325904 width=4) (actual time=126.639..967.218 rows=349534 loops=1)
              Filter: ((production_year > 2009) AND (kind_id = 7))
              Rows Removed by Filter: 2178778
Planning time: 0.863 ms
Execution time: 2067.819 ms
