Hash Join  (cost=100930.89..465644.99 rows=5817 width=0) (actual time=1870.032..9109.959 rows=22320 loops=1)
  Hash Cond: (mi.movie_id = t.id)
  ->  Seq Scan on movie_info mi  (cost=0.00..309384.22 rows=14739122 width=4) (actual time=0.023..4201.540 rows=14835720 loops=1)
  ->  Hash  (cost=100918.42..100918.42 rows=998 width=8) (actual time=1869.423..1869.423 rows=2123 loops=1)
        Buckets: 4096 (originally 1024)  Batches: 1 (originally 1)  Memory Usage: 115kB
        ->  Hash Join  (cost=73994.33..100918.42 rows=998 width=8) (actual time=1286.086..1868.283 rows=2123 loops=1)
              Hash Cond: (mi_idx.movie_id = t.id)
              ->  Seq Scan on movie_info_idx mi_idx  (cost=0.00..25185.44 rows=460978 width=4) (actual time=0.034..477.823 rows=459925 loops=1)
                    Filter: (info_type_id = 99)
                    Rows Removed by Filter: 920110
              ->  Hash  (cost=73925.90..73925.90 rows=5474 width=4) (actual time=1285.114..1285.114 rows=12057 loops=1)
                    Buckets: 16384 (originally 8192)  Batches: 1 (originally 1)  Memory Usage: 552kB
                    ->  Seq Scan on title t  (cost=0.00..73925.90 rows=5474 width=4) (actual time=0.022..1279.079 rows=12057 loops=1)
                          Filter: ((kind_id > 1) AND (production_year = 1984))
                          Rows Removed by Filter: 2516255
Planning time: 1.256 ms
Execution time: 9114.381 ms
