Nested Loop  (cost=0.43..709674.40 rows=261 width=0) (actual time=9424.565..10398.744 rows=132 loops=1)
  ->  Seq Scan on cast_info ci  (cost=0.00..705507.15 rows=500 width=4) (actual time=9424.435..10396.687 rows=182 loops=1)
        Filter: (person_id = 2663995)
        Rows Removed by Filter: 36244162
  ->  Index Scan using title_pkey on title t  (cost=0.43..8.32 rows=1 width=4) (actual time=0.011..0.011 rows=1 loops=182)
        Index Cond: (id = ci.movie_id)
        Filter: ((kind_id > 1) AND (production_year < 2009))
        Rows Removed by Filter: 0
Planning time: 0.838 ms
Execution time: 10398.878 ms
