Hash Join  (cost=94699.36..459591.89 rows=23660 width=0) (actual time=1719.153..8427.590 rows=166366 loops=1)
  Hash Cond: (mi.movie_id = t.id)
  ->  Seq Scan on movie_info mi  (cost=0.00..309384.22 rows=14739122 width=4) (actual time=0.016..3775.432 rows=14835720 loops=1)
  ->  Hash  (cost=94648.62..94648.62 rows=4059 width=8) (actual time=1716.001..1716.001 rows=10327 loops=1)
        Buckets: 16384 (originally 4096)  Batches: 1 (originally 1)  Memory Usage: 532kB
        ->  Hash Join  (cost=67697.55..94648.62 rows=4059 width=8) (actual time=1065.427..1711.793 rows=10327 loops=1)
              Hash Cond: (mi_idx.movie_id = t.id)
              ->  Seq Scan on movie_info_idx mi_idx  (cost=0.00..21735.35 rows=1380035 width=4) (actual time=0.022..338.565 rows=1380035 loops=1)
              ->  Hash  (cost=67604.59..67604.59 rows=7437 width=4) (actual time=1064.641..1064.641 rows=14779 loops=1)
                    Buckets: 16384 (originally 8192)  Batches: 1 (originally 1)  Memory Usage: 648kB
                    ->  Seq Scan on title t  (cost=0.00..67604.59 rows=7437 width=4) (actual time=0.022..1054.570 rows=14779 loops=1)
                          Filter: (production_year = 1980)
                          Rows Removed by Filter: 2513533
Planning time: 1.143 ms
Execution time: 8450.665 ms
