Seq Scan on movie_keyword mk  (cost=0.00..81003.12 rows=3298763 width=0) (actual time=0.026..1428.857 rows=3289605 loops=1)
  Filter: (keyword_id > 1559)
  Rows Removed by Filter: 1234325
Planning time: 0.363 ms
Execution time: 1823.329 ms
