Seq Scan on movie_companies mc  (cost=0.00..57926.93 rows=1304037 width=0) (actual time=0.024..1340.081 rows=1285798 loops=1)
  Filter: ((company_id < 192167) AND (company_type_id > 1))
  Rows Removed by Filter: 1323331
Planning time: 0.358 ms
Execution time: 1503.972 ms
