Seq Scan on movie_keyword mk  (cost=0.00..81003.12 rows=4462187 width=0) (actual time=0.024..1554.723 rows=4465026 loops=1)
  Filter: (keyword_id < 95627)
  Rows Removed by Filter: 58904
Planning time: 0.323 ms
Execution time: 2098.783 ms
