Seq Scan on movie_companies mc  (cost=0.00..51404.11 rows=104 width=0) (actual time=5.300..775.595 rows=94 loops=1)
  Filter: (company_id = 71793)
  Rows Removed by Filter: 2609035
Planning time: 2.703 ms
Execution time: 775.725 ms
