Seq Scan on movie_companies mc  (cost=0.00..57926.93 rows=418051 width=0) (actual time=166.472..935.191 rows=745100 loops=1)
  Filter: ((company_id > 27455) AND (company_type_id > 1))
  Rows Removed by Filter: 1864029
Planning time: 0.337 ms
Execution time: 1028.544 ms
