Hash Join  (cost=88985.79..230996.69 rows=1642286 width=0) (actual time=1632.928..6156.827 rows=3770258 loops=1)
  Hash Cond: (mk.movie_id = t.id)
  ->  Seq Scan on movie_keyword mk  (cost=0.00..69693.30 rows=4523930 width=4) (actual time=0.021..1487.681 rows=4523930 loops=1)
  ->  Hash  (cost=73925.90..73925.90 rows=917911 width=4) (actual time=1631.978..1631.978 rows=865266 loops=1)
        Buckets: 131072  Batches: 16  Memory Usage: 2937kB
        ->  Seq Scan on title t  (cost=0.00..73925.90 rows=917911 width=4) (actual time=0.015..1339.473 rows=865266 loops=1)
              Filter: ((kind_id < 7) AND (production_year > 1928))
              Rows Removed by Filter: 1663046
Planning time: 0.704 ms
Execution time: 6590.198 ms
