Seq Scan on title t  (cost=0.00..73925.90 rows=344124 width=0) (actual time=0.035..1128.103 rows=277148 loops=1)
  Filter: ((kind_id < 4) AND (production_year > 2005))
  Rows Removed by Filter: 2251164
Planning time: 1.512 ms
Execution time: 1165.047 ms
