Seq Scan on title t  (cost=0.00..73925.90 rows=19913 width=94) (actual time=0.078..802.297 rows=21707 loops=1)
  Filter: ((kind_id > 1) AND (production_year = 1993))
  Rows Removed by Filter: 2506605
Planning time: 0.650 ms
Execution time: 803.814 ms
