Hash Join  (cost=159777.13..686661.29 rows=4412123 width=0) (actual time=3861.423..17814.285 rows=3610329 loops=1)
  Hash Cond: (mi.movie_id = t.id)
  ->  Seq Scan on movie_info mi  (cost=0.00..309384.22 rows=14739122 width=4) (actual time=0.015..5899.096 rows=14835720 loops=1)
  ->  Hash  (cost=147358.76..147358.76 rows=756909 width=8) (actual time=3774.448..3774.448 rows=423117 loops=1)
        Buckets: 131072  Batches: 16  Memory Usage: 2062kB
        ->  Hash Join  (cost=96679.19..147358.76 rows=756909 width=8) (actual time=2591.732..3652.533 rows=423117 loops=1)
              Hash Cond: (mi_idx.movie_id = t.id)
              ->  Seq Scan on movie_info_idx mi_idx  (cost=0.00..21735.35 rows=1380035 width=4) (actual time=0.014..461.680 rows=1380035 loops=1)
              ->  Hash  (cost=73925.90..73925.90 rows=1386823 width=4) (actual time=2207.646..2207.646 rows=1464545 loops=1)
                    Buckets: 131072  Batches: 32  Memory Usage: 2635kB
                    ->  Seq Scan on title t  (cost=0.00..73925.90 rows=1386823 width=4) (actual time=0.011..1265.391 rows=1464545 loops=1)
                          Filter: ((production_year > 1953) AND (kind_id = 7))
                          Rows Removed by Filter: 1063767
Planning time: 1.241 ms
Execution time: 18221.900 ms
