Hash Join  (cost=84697.09..128537.63 rows=358306 width=0) (actual time=1324.610..2563.530 rows=198525 loops=1)
  Hash Cond: (mi_idx.movie_id = t.id)
  ->  Seq Scan on movie_info_idx mi_idx  (cost=0.00..21735.35 rows=1380035 width=4) (actual time=0.018..508.525 rows=1380035 loops=1)
  ->  Hash  (cost=73925.90..73925.90 rows=656495 width=4) (actual time=1323.584..1323.584 rows=556797 loops=1)
        Buckets: 131072  Batches: 16  Memory Usage: 2246kB
        ->  Seq Scan on title t  (cost=0.00..73925.90 rows=656495 width=4) (actual time=0.022..1140.553 rows=556797 loops=1)
              Filter: ((production_year < 2001) AND (kind_id = 7))
              Rows Removed by Filter: 1971515
Planning time: 0.802 ms
Execution time: 2586.076 ms
