Nested Loop  (cost=0.43..83071.67 rows=246 width=106) (actual time=20.572..861.668 rows=106 loops=1)
  ->  Seq Scan on movie_keyword mk  (cost=0.00..81003.12 rows=246 width=12) (actual time=20.506..858.388 rows=106 loops=1)
        Filter: (keyword_id = 19806)
        Rows Removed by Filter: 4523824
  ->  Index Scan using title_pkey on title t  (cost=0.43..8.40 rows=1 width=94) (actual time=0.027..0.027 rows=1 loops=106)
        Index Cond: (id = mk.movie_id)
Planning time: 0.900 ms
Execution time: 861.741 ms
