Hash Join  (cost=128605.79..947792.46 rows=1011 width=0) (actual time=2968.083..18066.799 rows=42 loops=1)
  Hash Cond: (ci.movie_id = t.id)
  ->  Seq Scan on cast_info ci  (cost=0.00..796071.18 rows=6161435 width=4) (actual time=833.592..14348.469 rows=12546847 loops=1)
        Filter: ((person_id < 1721657) AND (role_id = 1))
        Rows Removed by Filter: 23697497
  ->  Hash  (cost=128600.60..128600.60 rows=415 width=8) (actual time=2078.345..2078.345 rows=10 loops=1)
        Buckets: 1024  Batches: 1  Memory Usage: 9kB
        ->  Hash Join  (cost=73930.93..128600.60 rows=415 width=8) (actual time=1252.136..2078.296 rows=10 loops=1)
              Hash Cond: (mc.movie_id = t.id)
              ->  Seq Scan on movie_companies mc  (cost=0.00..44881.29 rows=2609129 width=4) (actual time=0.021..589.392 rows=2609129 loops=1)
              ->  Hash  (cost=73925.90..73925.90 rows=402 width=4) (actual time=1038.121..1038.121 rows=137 loops=1)
                    Buckets: 1024  Batches: 1  Memory Usage: 13kB
                    ->  Seq Scan on title t  (cost=0.00..73925.90 rows=402 width=4) (actual time=5.037..1037.939 rows=137 loops=1)
                          Filter: ((production_year > 2013) AND (kind_id = 7))
                          Rows Removed by Filter: 2528175
Planning time: 1.239 ms
Execution time: 18066.932 ms
