Seq Scan on title t  (cost=0.00..73925.90 rows=66086 width=0) (actual time=0.935..1090.426 rows=192279 loops=1)
  Filter: ((production_year < 1961) AND (kind_id = 1))
  Rows Removed by Filter: 2336033
Planning time: 0.430 ms
Execution time: 1118.190 ms
