Hash Join  (cost=102767.86..915582.27 rows=285245 width=0) (actual time=5773.239..15370.440 rows=2260594 loops=1)
  Hash Cond: (ci.movie_id = t.id)
  ->  Seq Scan on cast_info ci  (cost=0.00..796071.18 rows=285245 width=4) (actual time=3830.143..11344.178 rows=2260594 loops=1)
        Filter: ((person_id > 3586442) AND (role_id = 10))
        Rows Removed by Filter: 33983750
  ->  Hash  (cost=61283.27..61283.27 rows=2528527 width=4) (actual time=1942.025..1942.025 rows=2528312 loops=1)
        Buckets: 131072  Batches: 64  Memory Usage: 2415kB
        ->  Seq Scan on title t  (cost=0.00..61283.27 rows=2528527 width=4) (actual time=0.027..1085.337 rows=2528312 loops=1)
Planning time: 2.675 ms
Execution time: 15647.688 ms
