Hash Join  (cost=52284.99..430425.56 rows=350 width=0) (actual time=2936.004..7815.823 rows=3651 loops=1)
  Hash Cond: (mi.movie_id = t.id)
  ->  Seq Scan on movie_info mi  (cost=0.00..346232.03 rows=8508011 width=4) (actual time=2090.585..5846.133 rows=8612226 loops=1)
        Filter: (info_type_id < 9)
        Rows Removed by Filter: 6223494
  ->  Hash  (cost=52283.69..52283.69 rows=104 width=8) (actual time=763.692..763.692 rows=138 loops=1)
        Buckets: 1024  Batches: 1  Memory Usage: 14kB
        ->  Nested Loop  (cost=0.43..52283.69 rows=104 width=8) (actual time=19.764..763.566 rows=138 loops=1)
              ->  Seq Scan on movie_companies mc  (cost=0.00..51404.11 rows=104 width=4) (actual time=19.618..758.019 rows=138 loops=1)
                    Filter: (company_id = 16742)
                    Rows Removed by Filter: 2608991
              ->  Index Only Scan using title_pkey on title t  (cost=0.43..8.45 rows=1 width=4) (actual time=0.037..0.038 rows=1 loops=138)
                    Index Cond: (id = mc.movie_id)
                    Heap Fetches: 138
Planning time: 1.145 ms
Execution time: 7816.690 ms
