Hash Join  (cost=541706.16..1766738.28 rows=5391287 width=0) (actual time=11515.445..39772.517 rows=1536313 loops=1)
  Hash Cond: (ci.movie_id = t.id)
  ->  Seq Scan on cast_info ci  (cost=0.00..614943.12 rows=36225612 width=4) (actual time=0.016..13278.100 rows=36244344 loops=1)
  ->  Hash  (cost=535532.30..535532.30 rows=376309 width=8) (actual time=11514.080..11514.080 rows=45992 loops=1)
        Buckets: 131072  Batches: 8  Memory Usage: 1245kB
        ->  Hash Join  (cost=75574.02..535532.30 rows=376309 width=8) (actual time=1477.044..11496.400 rows=45992 loops=1)
              Hash Cond: (mi.movie_id = t.id)
              ->  Seq Scan on movie_info mi  (cost=0.00..346232.03 rows=9476311 width=4) (actual time=0.015..6568.880 rows=9565151 loops=1)
                    Filter: (info_type_id < 16)
                    Rows Removed by Filter: 5270569
              ->  Hash  (cost=73925.90..73925.90 rows=100409 width=4) (actual time=1180.250..1180.250 rows=110402 loops=1)
                    Buckets: 131072  Batches: 2  Memory Usage: 2970kB
                    ->  Seq Scan on title t  (cost=0.00..73925.90 rows=100409 width=4) (actual time=0.019..1138.554 rows=110402 loops=1)
                          Filter: ((kind_id > 6) AND (production_year = 2012))
                          Rows Removed by Filter: 2417910
Planning time: 1.809 ms
Execution time: 39940.514 ms
