Hash Join  (cost=101895.85..1062919.56 rows=8580226 width=0) (actual time=7483.378..25670.842 rows=8753145 loops=1)
  Hash Cond: (ci.movie_id = t.id)
  ->  Seq Scan on cast_info ci  (cost=0.00..705507.15 rows=12726058 width=4) (actual time=5401.642..14478.689 rows=12670688 loops=1)
        Filter: (role_id = 1)
        Rows Removed by Filter: 23573656
  ->  Hash  (cost=73925.90..73925.90 rows=1704796 width=4) (actual time=2080.613..2080.613 rows=1799550 loops=1)
        Buckets: 131072  Batches: 32  Memory Usage: 3006kB
        ->  Seq Scan on title t  (cost=0.00..73925.90 rows=1704796 width=4) (actual time=0.046..1508.135 rows=1799550 loops=1)
              Filter: ((kind_id > 1) AND (production_year > 1941))
              Rows Removed by Filter: 728762
Planning time: 0.734 ms
Execution time: 26626.181 ms
