Hash Join  (cost=28268.09..392930.43 rows=643 width=0) (actual time=573.607..7785.065 rows=94028 loops=1)
  Hash Cond: (mi.movie_id = t.id)
  ->  Seq Scan on movie_info mi  (cost=0.00..309384.22 rows=14739122 width=4) (actual time=0.012..4641.020 rows=14835720 loops=1)
  ->  Hash  (cost=28266.72..28266.72 rows=110 width=8) (actual time=445.138..445.138 rows=260 loops=1)
        Buckets: 1024  Batches: 1  Memory Usage: 19kB
        ->  Nested Loop  (cost=0.43..28266.72 rows=110 width=8) (actual time=159.358..445.019 rows=260 loops=1)
              ->  Seq Scan on movie_info_idx mi_idx  (cost=0.00..25185.44 rows=368 width=4) (actual time=159.298..439.564 rows=260 loops=1)
                    Filter: (info_type_id > 101)
                    Rows Removed by Filter: 1379775
              ->  Index Scan using title_pkey on title t  (cost=0.43..8.36 rows=1 width=4) (actual time=0.020..0.020 rows=1 loops=260)
                    Index Cond: (id = mi_idx.movie_id)
                    Filter: (kind_id < 3)
Planning time: 0.840 ms
Execution time: 7797.890 ms
