Hash Join  (cost=132493.85..262187.61 rows=631273 width=0) (actual time=2910.681..7590.324 rows=6078446 loops=1)
  Hash Cond: (mk.movie_id = t.id)
  ->  Seq Scan on movie_keyword mk  (cost=0.00..69693.30 rows=4523930 width=4) (actual time=0.024..1362.854 rows=4523930 loops=1)
  ->  Hash  (cost=126704.43..126704.43 rows=352833 width=8) (actual time=2909.897..2909.897 rows=624930 loops=1)
        Buckets: 131072 (originally 131072)  Batches: 16 (originally 8)  Memory Usage: 4099kB
        ->  Hash Join  (cost=83600.04..126704.43 rows=352833 width=8) (actual time=1488.447..2719.658 rows=624930 loops=1)
              Hash Cond: (mi_idx.movie_id = t.id)
              ->  Seq Scan on movie_info_idx mi_idx  (cost=0.00..25185.44 rows=915101 width=4) (actual time=0.010..503.314 rows=919850 loops=1)
                    Filter: (info_type_id < 101)
                    Rows Removed by Filter: 460185
              ->  Hash  (cost=67604.59..67604.59 rows=974916 width=4) (actual time=1487.373..1487.373 rows=972448 loops=1)
                    Buckets: 131072  Batches: 16  Memory Usage: 3160kB
                    ->  Seq Scan on title t  (cost=0.00..67604.59 rows=974916 width=4) (actual time=0.012..1185.433 rows=972448 loops=1)
                          Filter: (kind_id < 6)
                          Rows Removed by Filter: 1555864
Planning time: 2.266 ms
Execution time: 8254.161 ms
