Hash Join  (cost=115798.52..310056.48 rows=3176101 width=106) (actual time=2022.018..7460.505 rows=2796224 loops=1)
  Hash Cond: (mk.movie_id = t.id)
  ->  Seq Scan on movie_keyword mk  (cost=0.00..69693.30 rows=4523930 width=12) (actual time=0.018..1198.271 rows=4523930 loops=1)
  ->  Hash  (cost=67604.59..67604.59 rows=1775195 width=94) (actual time=2020.281..2020.281 rows=1772072 loops=1)
        Buckets: 32768  Batches: 64  Memory Usage: 3393kB
        ->  Seq Scan on title t  (cost=0.00..67604.59 rows=1775195 width=94) (actual time=0.023..1227.964 rows=1772072 loops=1)
              Filter: (production_year > 1989)
              Rows Removed by Filter: 756240
Planning time: 0.911 ms
Execution time: 7626.508 ms
