Hash Join  (cost=160312.01..286841.21 rows=371517 width=0) (actual time=3567.482..9783.937 rows=13842109 loops=1)
  Hash Cond: (mk.movie_id = t.id)
  ->  Seq Scan on movie_keyword mk  (cost=0.00..69693.30 rows=4523930 width=4) (actual time=0.012..1408.425 rows=4523930 loops=1)
  ->  Hash  (cost=156904.39..156904.39 rows=207649 width=8) (actual time=3566.712..3566.712 rows=554267 loops=1)
        Buckets: 131072 (originally 131072)  Batches: 8 (originally 4)  Memory Usage: 3771kB
        ->  Hash Join  (cost=80830.47..156904.39 rows=207649 width=8) (actual time=1407.361..3408.848 rows=554267 loops=1)
              Hash Cond: (mc.movie_id = t.id)
              ->  Seq Scan on movie_companies mc  (cost=0.00..57926.93 rows=1247600 width=4) (actual time=50.985..1254.435 rows=1214780 loops=1)
                    Filter: ((company_id > 6) AND (company_type_id < 2))
                    Rows Removed by Filter: 1394349
              ->  Hash  (cost=73925.90..73925.90 rows=420845 width=4) (actual time=1355.525..1355.525 rows=517968 loops=1)
                    Buckets: 131072  Batches: 8  Memory Usage: 3313kB
                    ->  Seq Scan on title t  (cost=0.00..73925.90 rows=420845 width=4) (actual time=0.029..1193.957 rows=517968 loops=1)
                          Filter: ((kind_id < 7) AND (production_year < 2001))
                          Rows Removed by Filter: 2010344
Planning time: 1.180 ms
Execution time: 11227.583 ms
