Seq Scan on movie_keyword mk  (cost=0.00..81003.12 rows=3525447 width=0) (actual time=0.026..1492.962 rows=3515258 loops=1)
  Filter: (keyword_id < 18217)
  Rows Removed by Filter: 1008672
Planning time: 0.329 ms
Execution time: 1929.053 ms
