Hash Join  (cost=98137.04..276684.76 rows=3293695 width=0) (actual time=1917.427..6887.092 rows=1631384 loops=1)
  Hash Cond: (mk.movie_id = t.id)
  ->  Seq Scan on movie_keyword mk  (cost=0.00..81003.12 rows=4475129 width=4) (actual time=0.010..1749.812 rows=4478721 loops=1)
        Filter: (keyword_id < 101939)
        Rows Removed by Filter: 45209
  ->  Hash  (cost=67604.59..67604.59 rows=1860996 width=4) (actual time=1916.169..1916.169 rows=1865487 loops=1)
        Buckets: 131072  Batches: 32  Memory Usage: 3085kB
        ->  Seq Scan on title t  (cost=0.00..67604.59 rows=1860996 width=4) (actual time=0.011..1294.906 rows=1865487 loops=1)
              Filter: (kind_id > 1)
              Rows Removed by Filter: 662825
Planning time: 1.397 ms
Execution time: 7078.911 ms
