Seq Scan on movie_keyword mk  (cost=0.00..81003.12 rows=4031819 width=0) (actual time=0.021..1501.676 rows=4037439 loops=1)
  Filter: (keyword_id < 36909)
  Rows Removed by Filter: 486491
Planning time: 0.312 ms
Execution time: 1987.416 ms
