Hash Join  (cost=709674.54..764340.17 rows=11 width=0) (actual time=11744.891..12120.047 rows=3 loops=1)
  Hash Cond: (mc.movie_id = t.id)
  ->  Seq Scan on movie_companies mc  (cost=0.00..44881.29 rows=2609129 width=4) (actual time=0.025..617.490 rows=2609129 loops=1)
  ->  Hash  (cost=709674.40..709674.40 rows=11 width=8) (actual time=11049.626..11049.626 rows=1 loops=1)
        Buckets: 1024  Batches: 1  Memory Usage: 9kB
        ->  Nested Loop  (cost=0.43..709674.40 rows=11 width=8) (actual time=4092.130..11049.613 rows=1 loops=1)
              ->  Seq Scan on cast_info ci  (cost=0.00..705507.15 rows=500 width=4) (actual time=3469.651..11042.142 rows=104 loops=1)
                    Filter: (person_id = 786499)
                    Rows Removed by Filter: 36244240
              ->  Index Scan using title_pkey on title t  (cost=0.43..8.32 rows=1 width=4) (actual time=0.070..0.070 rows=0 loops=104)
                    Index Cond: (id = ci.movie_id)
                    Filter: ((kind_id < 7) AND (production_year = 2010))
                    Rows Removed by Filter: 1
Planning time: 1.201 ms
Execution time: 12120.220 ms
