Hash Join  (cost=102767.86..1130604.53 rows=12984955 width=0) (actual time=2058.195..26231.617 rows=13115688 loops=1)
  Hash Cond: (ci.movie_id = t.id)
  ->  Seq Scan on cast_info ci  (cost=0.00..705507.15 rows=12984955 width=4) (actual time=0.016..13294.633 rows=13115688 loops=1)
        Filter: (person_id > 2364455)
        Rows Removed by Filter: 23128656
  ->  Hash  (cost=61283.27..61283.27 rows=2528527 width=4) (actual time=2056.648..2056.648 rows=2528312 loops=1)
        Buckets: 131072  Batches: 64  Memory Usage: 2415kB
        ->  Seq Scan on title t  (cost=0.00..61283.27 rows=2528527 width=4) (actual time=0.020..1206.949 rows=2528312 loops=1)
Planning time: 0.596 ms
Execution time: 27662.833 ms
