Hash Join  (cost=891239.25..3855110.43 rows=148211886 width=0) (actual time=22118.142..153304.310 rows=377074645 loops=1)
  Hash Cond: (ci.movie_id = t.id)
  ->  Seq Scan on cast_info ci  (cost=0.00..614943.12 rows=36225612 width=4) (actual time=0.009..14429.766 rows=36244344 loops=1)
  ->  Hash  (cost=721514.43..721514.43 rows=10345105 width=8) (actual time=22114.551..22114.551 rows=11235480 loops=1)
        Buckets: 131072  Batches: 256  Memory Usage: 2728kB
        ->  Hash Join  (cost=101489.21..721514.43 rows=10345105 width=8) (actual time=2085.728..19138.851 rows=11235480 loops=1)
              Hash Cond: (mi.movie_id = t.id)
              ->  Seq Scan on movie_info mi  (cost=0.00..346232.03 rows=12665229 width=4) (actual time=0.019..7292.381 rows=12744652 loops=1)
                    Filter: (info_type_id > 2)
                    Rows Removed by Filter: 2091068
              ->  Hash  (cost=67604.59..67604.59 rows=2065330 width=4) (actual time=2083.739..2083.739 rows=2064552 loops=1)
                    Buckets: 131072  Batches: 32  Memory Usage: 3298kB
                    ->  Seq Scan on title t  (cost=0.00..67604.59 rows=2065330 width=4) (actual time=0.018..1393.850 rows=2064552 loops=1)
                          Filter: (production_year < 2011)
                          Rows Removed by Filter: 463760
Planning time: 1.100 ms
Execution time: 194040.194 ms
