Hash Join  (cost=168353.07..973358.97 rows=37219 width=0) (actual time=5454.021..14988.982 rows=349281 loops=1)
  Hash Cond: (ci.movie_id = t.id)
  ->  Seq Scan on cast_info ci  (cost=0.00..796071.18 rows=2283341 width=4) (actual time=2288.322..11118.373 rows=2644431 loops=1)
        Filter: ((person_id < 319322) AND (role_id < 4))
        Rows Removed by Filter: 33599913
  ->  Hash  (cost=167837.87..167837.87 rows=41216 width=8) (actual time=3165.265..3165.265 rows=69696 loops=1)
        Buckets: 131072 (originally 65536)  Batches: 1 (originally 1)  Memory Usage: 3747kB
        ->  Hash Join  (cost=74329.88..167837.87 rows=41216 width=8) (actual time=1110.234..3141.248 rows=69696 loops=1)
              Hash Cond: (mk.movie_id = t.id)
              ->  Seq Scan on movie_keyword mk  (cost=0.00..81003.12 rows=3224721 width=4) (actual time=0.025..1499.201 rows=3219244 loops=1)
                    Filter: (keyword_id > 1710)
                    Rows Removed by Filter: 1304686
              ->  Hash  (cost=73925.90..73925.90 rows=32318 width=4) (actual time=1110.005..1110.005 rows=20209 loops=1)
                    Buckets: 32768  Batches: 1  Memory Usage: 967kB
                    ->  Seq Scan on title t  (cost=0.00..73925.90 rows=32318 width=4) (actual time=0.233..1100.869 rows=20209 loops=1)
                          Filter: ((kind_id < 3) AND (production_year = 2006))
                          Rows Removed by Filter: 2508103
Planning time: 1.239 ms
Execution time: 15032.356 ms
