Nested Loop  (cost=0.43..709674.40 rows=120 width=0) (actual time=1097.378..10836.204 rows=16 loops=1)
  ->  Seq Scan on cast_info ci  (cost=0.00..705507.15 rows=500 width=4) (actual time=1097.308..10832.272 rows=29 loops=1)
        Filter: (person_id = 1974406)
        Rows Removed by Filter: 36244315
  ->  Index Scan using title_pkey on title t  (cost=0.43..8.32 rows=1 width=4) (actual time=0.134..0.134 rows=1 loops=29)
        Index Cond: (id = ci.movie_id)
        Filter: ((kind_id < 7) AND (production_year < 2007))
        Rows Removed by Filter: 0
Planning time: 2.294 ms
Execution time: 10836.395 ms
