Seq Scan on movie_keyword mk  (cost=0.00..81003.12 rows=246 width=0) (actual time=0.727..1201.851 rows=1286 loops=1)
  Filter: (keyword_id = 1595)
  Rows Removed by Filter: 4522644
Planning time: 1.662 ms
Execution time: 1202.344 ms
