Seq Scan on movie_keyword mk  (cost=0.00..81003.12 rows=3943987 width=0) (actual time=0.025..1446.166 rows=3946362 loops=1)
  Filter: (keyword_id < 31762)
  Rows Removed by Filter: 577568
Planning time: 0.336 ms
Execution time: 1929.792 ms
