Seq Scan on movie_keyword mk  (cost=0.00..81003.12 rows=246 width=0) (actual time=18.250..1253.433 rows=208 loops=1)
  Filter: (keyword_id = 5827)
  Rows Removed by Filter: 4523722
Planning time: 0.377 ms
Execution time: 1253.663 ms
