Hash Join  (cost=796748.78..1147753.00 rows=40 width=211) (actual time=13371.499..16336.757 rows=9 loops=1)
  Hash Cond: (mi.movie_id = t.id)
  ->  Seq Scan on movie_info mi  (cost=0.00..346232.03 rows=1272478 width=75) (actual time=1217.147..3988.791 rows=1325361 loops=1)
        Filter: (info_type_id = 8)
        Rows Removed by Filter: 13510359
  ->  Hash  (cost=796747.78..796747.78 rows=80 width=136) (actual time=12139.946..12139.946 rows=631 loops=1)
        Buckets: 1024  Batches: 1  Memory Usage: 126kB
        ->  Nested Loop  (cost=0.43..796747.78 rows=80 width=136) (actual time=11715.473..12139.364 rows=631 loops=1)
              ->  Seq Scan on cast_info ci  (cost=0.00..796071.18 rows=80 width=42) (actual time=11715.351..12123.751 rows=631 loops=1)
                    Filter: ((role_id > 8) AND (person_id = 2120800))
                    Rows Removed by Filter: 36243713
              ->  Index Scan using title_pkey on title t  (cost=0.43..8.45 rows=1 width=94) (actual time=0.023..0.024 rows=1 loops=631)
                    Index Cond: (id = ci.movie_id)
Planning time: 18.539 ms
Execution time: 16336.924 ms
