Hash Join  (cost=166620.09..1024170.19 rows=454323 width=0) (actual time=2940.229..22829.924 rows=2445013 loops=1)
  Hash Cond: (ci.movie_id = t.id)
  ->  Seq Scan on cast_info ci  (cost=0.00..705507.15 rows=12726058 width=4) (actual time=0.029..14373.259 rows=12670688 loops=1)
        Filter: (role_id < 2)
        Rows Removed by Filter: 23573656
  ->  Hash  (cost=165138.73..165138.73 rows=90269 width=8) (actual time=2939.472..2939.472 rows=148200 loops=1)
        Buckets: 131072  Batches: 2  Memory Usage: 3951kB
        ->  Hash Join  (cost=71711.64..165138.73 rows=90269 width=8) (actual time=1096.453..2889.204 rows=148200 loops=1)
              Hash Cond: (mk.movie_id = t.id)
              ->  Seq Scan on movie_keyword mk  (cost=0.00..81003.12 rows=911808 width=4) (actual time=0.015..1342.750 rows=917718 loops=1)
                    Filter: (keyword_id < 869)
                    Rows Removed by Filter: 3606212
              ->  Hash  (cost=67604.59..67604.59 rows=250324 width=4) (actual time=1095.766..1095.766 rows=252521 loops=1)
                    Buckets: 131072  Batches: 4  Memory Usage: 3250kB
                    ->  Seq Scan on title t  (cost=0.00..67604.59 rows=250324 width=4) (actual time=0.022..1010.085 rows=252521 loops=1)
                          Filter: (production_year < 1961)
                          Rows Removed by Filter: 2275791
Planning time: 1.190 ms
Execution time: 23134.601 ms
