Seq Scan on movie_keyword mk  (cost=0.00..81003.12 rows=1924860 width=0) (actual time=0.016..1375.314 rows=1936468 loops=1)
  Filter: (keyword_id > 6847)
  Rows Removed by Filter: 2587462
Planning time: 18.289 ms
Execution time: 1633.308 ms
