Seq Scan on movie_keyword mk  (cost=0.00..81003.12 rows=3590285 width=0) (actual time=0.021..1639.958 rows=3583018 loops=1)
  Filter: (keyword_id < 20158)
  Rows Removed by Filter: 940912
Planning time: 0.380 ms
Execution time: 2080.573 ms
