Hash Join  (cost=131053.24..515486.91 rows=266548 width=0) (actual time=2695.601..11099.900 rows=158888 loops=1)
  Hash Cond: (mi.movie_id = t.id)
  ->  Seq Scan on movie_info mi  (cost=0.00..346232.03 rows=9476311 width=4) (actual time=0.015..6355.961 rows=9565151 loops=1)
        Filter: (info_type_id < 16)
        Rows Removed by Filter: 5270569
  ->  Hash  (cost=130164.21..130164.21 rows=71122 width=8) (actual time=2694.869..2694.869 rows=28308 loops=1)
        Buckets: 131072  Batches: 1  Memory Usage: 2130kB
        ->  Hash Join  (cost=74787.47..130164.21 rows=71122 width=8) (actual time=1659.218..2684.411 rows=28308 loops=1)
              Hash Cond: (mc.movie_id = t.id)
              ->  Seq Scan on movie_companies mc  (cost=0.00..44881.29 rows=2609129 width=4) (actual time=0.015..679.707 rows=2609129 loops=1)
              ->  Hash  (cost=73925.90..73925.90 rows=68925 width=4) (actual time=1254.259..1254.259 rows=84076 loops=1)
                    Buckets: 131072  Batches: 1  Memory Usage: 3980kB
                    ->  Seq Scan on title t  (cost=0.00..73925.90 rows=68925 width=4) (actual time=293.004..1221.117 rows=84076 loops=1)
                          Filter: ((kind_id = 7) AND (production_year = 2007))
                          Rows Removed by Filter: 2444236
Planning time: 8.974 ms
Execution time: 11121.265 ms
