Hash Join  (cost=76444.38..203637.53 rows=227387 width=0) (actual time=1198.261..4500.625 rows=171007 loops=1)
  Hash Cond: (mk.movie_id = t.id)
  ->  Seq Scan on movie_keyword mk  (cost=0.00..81003.12 rows=3746174 width=4) (actual time=0.021..1690.240 rows=3737811 loops=1)
        Filter: (keyword_id < 23961)
        Rows Removed by Filter: 786119
  ->  Hash  (cost=73925.90..73925.90 rows=153478 width=4) (actual time=1197.057..1197.057 rows=134760 loops=1)
        Buckets: 131072  Batches: 4  Memory Usage: 2222kB
        ->  Seq Scan on title t  (cost=0.00..73925.90 rows=153478 width=4) (actual time=0.030..1152.980 rows=134760 loops=1)
              Filter: ((kind_id < 7) AND (production_year > 2010))
              Rows Removed by Filter: 2393552
Planning time: 0.819 ms
Execution time: 4521.615 ms
