Seq Scan on movie_keyword mk  (cost=0.00..81003.12 rows=246 width=0) (actual time=3.561..972.852 rows=181 loops=1)
  Filter: (keyword_id = 3771)
  Rows Removed by Filter: 4523749
Planning time: 0.381 ms
Execution time: 973.024 ms
