Nested Loop  (cost=0.43..83071.67 rows=246 width=0) (actual time=31.563..1247.944 rows=170 loops=1)
  ->  Seq Scan on movie_keyword mk  (cost=0.00..81003.12 rows=246 width=4) (actual time=31.452..1241.333 rows=170 loops=1)
        Filter: (keyword_id = 23948)
        Rows Removed by Filter: 4523760
  ->  Index Only Scan using title_pkey on title t  (cost=0.43..8.40 rows=1 width=4) (actual time=0.035..0.036 rows=1 loops=170)
        Index Cond: (id = mk.movie_id)
        Heap Fetches: 170
Planning time: 0.733 ms
Execution time: 1248.125 ms
