Hash Join  (cost=424235.50..480788.29 rows=16263 width=0) (actual time=6722.826..8073.534 rows=55397 loops=1)
  Hash Cond: (mc.movie_id = t.id)
  ->  Seq Scan on movie_companies mc  (cost=0.00..51404.11 rows=1329612 width=4) (actual time=0.024..1075.371 rows=1334883 loops=1)
        Filter: (company_type_id = 2)
        Rows Removed by Filter: 1274246
  ->  Hash  (cost=423848.90..423848.90 rows=30928 width=8) (actual time=6722.463..6722.463 rows=22526 loops=1)
        Buckets: 32768  Batches: 1  Memory Usage: 1136kB
        ->  Hash Join  (cost=69687.24..423848.90 rows=30928 width=8) (actual time=1758.344..6714.733 rows=22526 loops=1)
              Hash Cond: (mi.movie_id = t.id)
              ->  Seq Scan on movie_info mi  (cost=0.00..346232.03 rows=616095 width=4) (actual time=610.509..5393.488 rows=598457 loops=1)
                    Filter: (info_type_id = 15)
                    Rows Removed by Filter: 14237263
              ->  Hash  (cost=67604.59..67604.59 rows=126932 width=4) (actual time=1109.206..1109.206 rows=122861 loops=1)
                    Buckets: 131072  Batches: 2  Memory Usage: 3197kB
                    ->  Seq Scan on title t  (cost=0.00..67604.59 rows=126932 width=4) (actual time=0.021..1060.123 rows=122861 loops=1)
                          Filter: (production_year = 2008)
                          Rows Removed by Filter: 2405451
Planning time: 1.603 ms
Execution time: 8080.767 ms
