Seq Scan on title t  (cost=0.00..73925.90 rows=1563361 width=0) (actual time=0.012..1379.126 rows=1679658 loops=1)
  Filter: ((kind_id > 1) AND (production_year > 1967))
  Rows Removed by Filter: 848654
Planning time: 0.319 ms
Execution time: 1590.416 ms
