Hash Join  (cost=193408.39..733171.82 rows=5619151 width=0) (actual time=5240.218..33598.808 rows=60582424 loops=1)
  Hash Cond: (mi.movie_id = t.id)
  ->  Seq Scan on movie_info mi  (cost=0.00..309384.22 rows=14739122 width=4) (actual time=0.024..5845.091 rows=14835720 loops=1)
  ->  Hash  (cost=177592.67..177592.67 rows=963977 width=8) (actual time=5239.129..5239.129 rows=1839883 loops=1)
        Buckets: 131072 (originally 131072)  Batches: 32 (originally 16)  Memory Usage: 3342kB
        ->  Hash Join  (cost=89253.38..177592.67 rows=963977 width=8) (actual time=1563.061..4628.304 rows=1839883 loops=1)
              Hash Cond: (mc.movie_id = t.id)
              ->  Seq Scan on movie_companies mc  (cost=0.00..44881.29 rows=2609129 width=4) (actual time=0.017..940.838 rows=2609129 loops=1)
              ->  Hash  (cost=73925.90..73925.90 rows=934198 width=4) (actual time=1561.685..1561.685 rows=950693 loops=1)
                    Buckets: 131072  Batches: 16  Memory Usage: 3114kB
                    ->  Seq Scan on title t  (cost=0.00..73925.90 rows=934198 width=4) (actual time=0.022..1267.802 rows=950693 loops=1)
                          Filter: ((kind_id < 7) AND (production_year < 2013))
                          Rows Removed by Filter: 1577619
Planning time: 1.220 ms
Execution time: 40647.203 ms
