Seq Scan on cast_info ci  (cost=0.00..705507.15 rows=11270203 width=0) (actual time=0.013..11827.214 rows=11262590 loops=1)
  Filter: (person_id > 2574683)
  Rows Removed by Filter: 24981754
Planning time: 0.310 ms
Execution time: 13252.012 ms
