Seq Scan on cast_info ci  (cost=0.00..705507.15 rows=500 width=42) (actual time=6202.921..9247.181 rows=1 loops=1)
  Filter: (person_id = 575321)
  Rows Removed by Filter: 36244343
Planning time: 0.455 ms
Execution time: 9247.225 ms
