Hash Join  (cost=89649.84..232543.06 rows=1714718 width=0) (actual time=1621.311..5519.295 rows=425562 loops=1)
  Hash Cond: (mk.movie_id = t.id)
  ->  Seq Scan on movie_keyword mk  (cost=0.00..69693.30 rows=4523930 width=4) (actual time=0.031..1439.477 rows=4523930 loops=1)
  ->  Hash  (cost=73925.90..73925.90 rows=958395 width=4) (actual time=1619.849..1619.849 rows=1050192 loops=1)
        Buckets: 131072  Batches: 16  Memory Usage: 3346kB
        ->  Seq Scan on title t  (cost=0.00..73925.90 rows=958395 width=4) (actual time=0.020..1278.842 rows=1050192 loops=1)
              Filter: ((production_year > 1996) AND (kind_id = 7))
              Rows Removed by Filter: 1478120
Planning time: 1.002 ms
Execution time: 5570.462 ms
