Nested Loop  (cost=0.43..799581.43 rows=57 width=0) (actual time=11055.154..14452.900 rows=30 loops=1)
  ->  Seq Scan on cast_info ci  (cost=0.00..796071.18 rows=420 width=4) (actual time=11054.968..14449.707 rows=195 loops=1)
        Filter: ((role_id < 9) AND (person_id = 167718))
        Rows Removed by Filter: 36244149
  ->  Index Scan using title_pkey on title t  (cost=0.43..8.35 rows=1 width=4) (actual time=0.016..0.016 rows=0 loops=195)
        Index Cond: (id = ci.movie_id)
        Filter: ((kind_id < 7) AND (production_year < 1997))
        Rows Removed by Filter: 1
Planning time: 0.833 ms
Execution time: 14453.008 ms
