Seq Scan on movie_keyword mk  (cost=0.00..81003.12 rows=2399654 width=0) (actual time=0.021..1417.495 rows=2401569 loops=1)
  Filter: (keyword_id < 5593)
  Rows Removed by Filter: 2122361
Planning time: 0.340 ms
Execution time: 1723.200 ms
