Seq Scan on movie_keyword mk  (cost=0.00..81003.12 rows=246 width=0) (actual time=0.028..1137.970 rows=635 loops=1)
  Filter: (keyword_id = 1792)
  Rows Removed by Filter: 4523295
Planning time: 0.835 ms
Execution time: 1138.335 ms
