Nested Loop  (cost=0.43..111580.24 rows=2997 width=0) (actual time=0.348..1311.663 rows=3065 loops=1)
  ->  Seq Scan on movie_keyword mk  (cost=0.00..81003.12 rows=4072 width=4) (actual time=0.171..1217.453 rows=4211 loops=1)
        Filter: (keyword_id = 19735)
        Rows Removed by Filter: 4519719
  ->  Index Scan using title_pkey on title t  (cost=0.43..7.50 rows=1 width=4) (actual time=0.021..0.022 rows=1 loops=4211)
        Index Cond: (id = mk.movie_id)
        Filter: (kind_id > 1)
        Rows Removed by Filter: 0
Planning time: 0.803 ms
Execution time: 1312.581 ms
