Hash Join  (cost=474386.37..604741.76 rows=685635 width=0) (actual time=7560.500..14646.388 rows=17878646 loops=1)
  Hash Cond: (mk.movie_id = t.id)
  ->  Seq Scan on movie_keyword mk  (cost=0.00..69693.30 rows=4523930 width=4) (actual time=0.022..1381.133 rows=4523930 loops=1)
  ->  Hash  (cost=468099.16..468099.16 rows=383217 width=8) (actual time=7559.353..7559.353 rows=368218 loops=1)
        Buckets: 131072  Batches: 8  Memory Usage: 2908kB
        ->  Hash Join  (cost=102767.86..468099.16 rows=383217 width=8) (actual time=2257.264..7442.788 rows=368218 loops=1)
              Hash Cond: (mi.movie_id = t.id)
              ->  Seq Scan on movie_info mi  (cost=0.00..346232.03 rows=383217 width=4) (actual time=267.208..4563.775 rows=368218 loops=1)
                    Filter: (info_type_id = 17)
                    Rows Removed by Filter: 14467502
              ->  Hash  (cost=61283.27..61283.27 rows=2528527 width=4) (actual time=1975.830..1975.830 rows=2528312 loops=1)
                    Buckets: 131072  Batches: 64  Memory Usage: 2425kB
                    ->  Seq Scan on title t  (cost=0.00..61283.27 rows=2528527 width=4) (actual time=0.014..1101.157 rows=2528312 loops=1)
Planning time: 1.156 ms
Execution time: 16611.416 ms
