Hash Join  (cost=68710.45..202078.11 rows=60940 width=106) (actual time=1525.830..3964.650 rows=69815 loops=1)
  Hash Cond: (mk.movie_id = t.id)
  ->  Seq Scan on movie_keyword mk  (cost=0.00..81003.12 rows=3785103 width=12) (actual time=0.032..1408.952 rows=3778103 loops=1)
        Filter: (keyword_id < 25123)
        Rows Removed by Filter: 745827
  ->  Hash  (cost=67604.59..67604.59 rows=40709 width=94) (actual time=1524.658..1524.658 rows=38955 loops=1)
        Buckets: 32768  Batches: 2  Memory Usage: 2467kB
        ->  Seq Scan on title t  (cost=0.00..67604.59 rows=40709 width=94) (actual time=0.013..816.409 rows=38955 loops=1)
              Filter: (production_year = 1997)
              Rows Removed by Filter: 2489357
Planning time: 0.570 ms
Execution time: 3968.382 ms
