Hash Join  (cost=83810.17..175534.69 rows=173287 width=0) (actual time=1379.284..3300.782 rows=390706 loops=1)
  Hash Cond: (mk.movie_id = t.id)
  ->  Seq Scan on movie_keyword mk  (cost=0.00..81003.12 rows=443606 width=4) (actual time=0.016..1421.041 rows=441201 loops=1)
        Filter: (keyword_id > 40008)
        Rows Removed by Filter: 4082729
  ->  Hash  (cost=67604.59..67604.59 rows=987727 width=4) (actual time=1378.297..1378.297 rows=985048 loops=1)
        Buckets: 131072  Batches: 16  Memory Usage: 3197kB
        ->  Seq Scan on title t  (cost=0.00..67604.59 rows=987727 width=4) (actual time=0.027..1060.813 rows=985048 loops=1)
              Filter: (kind_id < 7)
              Rows Removed by Filter: 1543264
Planning time: 0.784 ms
Execution time: 3350.924 ms
