Hash Join  (cost=154464.55..1205791.17 rows=1705745 width=0) (actual time=2906.212..27619.707 rows=10117 loops=1)
  Hash Cond: (ci.movie_id = t.id)
  ->  Seq Scan on cast_info ci  (cost=0.00..614943.12 rows=36225612 width=4) (actual time=0.018..12927.012 rows=36244344 loops=1)
  ->  Hash  (cost=152510.30..152510.30 rows=119060 width=8) (actual time=2897.684..2897.684 rows=1162 loops=1)
        Buckets: 131072  Batches: 2  Memory Usage: 1048kB
        ->  Hash Join  (cost=75819.18..152510.30 rows=119060 width=8) (actual time=1197.161..2896.106 rows=1162 loops=1)
              Hash Cond: (mc.movie_id = t.id)
              ->  Seq Scan on movie_companies mc  (cost=0.00..44881.29 rows=2609129 width=4) (actual time=0.014..882.177 rows=2609129 loops=1)
              ->  Hash  (cost=73925.90..73925.90 rows=115382 width=4) (actual time=1193.653..1193.653 rows=1393 loops=1)
                    Buckets: 131072  Batches: 2  Memory Usage: 1049kB
                    ->  Seq Scan on title t  (cost=0.00..73925.90 rows=115382 width=4) (actual time=0.409..1192.695 rows=1393 loops=1)
                          Filter: ((kind_id > 1) AND (production_year < 1949))
                          Rows Removed by Filter: 2526919
Planning time: 0.819 ms
Execution time: 27623.200 ms
