Hash Join  (cost=944404.73..1072028.66 rows=1089543 width=0) (actual time=19337.799..23916.058 rows=4371077 loops=1)
  Hash Cond: (mk.movie_id = t.id)
  ->  Seq Scan on movie_keyword mk  (cost=0.00..81003.12 rows=2751299 width=4) (actual time=0.035..1677.912 rows=2747685 loops=1)
        Filter: (keyword_id < 7794)
        Rows Removed by Filter: 1776245
  ->  Hash  (cost=927976.19..927976.19 rows=1001323 width=8) (actual time=19335.864..19335.864 rows=3307644 loops=1)
        Buckets: 131072 (originally 131072)  Batches: 32 (originally 16)  Memory Usage: 5014kB
        ->  Hash Join  (cost=96651.52..927976.19 rows=1001323 width=8) (actual time=1890.906..18345.921 rows=3307644 loops=1)
              Hash Cond: (ci.movie_id = t.id)
              ->  Seq Scan on cast_info ci  (cost=0.00..796071.18 rows=1430052 width=4) (actual time=0.023..12571.577 rows=4904657 loops=1)
                    Filter: ((person_id > 3098881) AND (role_id > 4))
                    Rows Removed by Filter: 31339687
              ->  Hash  (cost=67604.59..67604.59 rows=1770475 width=4) (actual time=1889.426..1889.426 rows=1774635 loops=1)
                    Buckets: 131072  Batches: 32  Memory Usage: 2978kB
                    ->  Seq Scan on title t  (cost=0.00..67604.59 rows=1770475 width=4) (actual time=0.012..1316.265 rows=1774635 loops=1)
                          Filter: (kind_id > 2)
                          Rows Removed by Filter: 753677
Planning time: 1.213 ms
Execution time: 24422.891 ms
