Hash Join  (cost=86616.10..131552.01 rows=422142 width=0) (actual time=1409.233..2676.921 rows=723649 loops=1)
  Hash Cond: (mi_idx.movie_id = t.id)
  ->  Seq Scan on movie_info_idx mi_idx  (cost=0.00..21735.35 rows=1380035 width=4) (actual time=0.021..440.442 rows=1380035 loops=1)
  ->  Hash  (cost=73925.90..73925.90 rows=773456 width=4) (actual time=1408.296..1408.296 rows=683462 loops=1)
        Buckets: 131072  Batches: 16  Memory Usage: 2527kB
        ->  Seq Scan on title t  (cost=0.00..73925.90 rows=773456 width=4) (actual time=0.014..1192.499 rows=683462 loops=1)
              Filter: ((kind_id < 7) AND (production_year > 1977))
              Rows Removed by Filter: 1844850
Planning time: 0.546 ms
Execution time: 2744.160 ms
