Hash Join  (cost=122535.74..214784.62 rows=9028 width=146) (actual time=1488.180..3159.920 rows=146146 loops=1)
  Hash Cond: (mk.movie_id = t.id)
  ->  Seq Scan on movie_keyword mk  (cost=0.00..81003.12 rows=2974794 width=12) (actual time=0.012..1154.362 rows=2960884 loops=1)
        Filter: (keyword_id < 10040)
        Rows Removed by Filter: 1563046
  ->  Hash  (cost=122439.81..122439.81 rows=7674 width=134) (actual time=1488.002..1488.002 rows=18731 loops=1)
        Buckets: 32768 (originally 8192)  Batches: 1 (originally 1)  Memory Usage: 2937kB
        ->  Hash Join  (cost=67697.55..122439.81 rows=7674 width=134) (actual time=777.270..1476.040 rows=18731 loops=1)
              Hash Cond: (mc.movie_id = t.id)
              ->  Seq Scan on movie_companies mc  (cost=0.00..44881.29 rows=2609129 width=40) (actual time=0.011..286.682 rows=2609129 loops=1)
              ->  Hash  (cost=67604.59..67604.59 rows=7437 width=94) (actual time=776.973..776.973 rows=14428 loops=1)
                    Buckets: 16384 (originally 8192)  Batches: 1 (originally 1)  Memory Usage: 1756kB
                    ->  Seq Scan on title t  (cost=0.00..67604.59 rows=7437 width=94) (actual time=0.012..769.892 rows=14428 loops=1)
                          Filter: (production_year = 1978)
                          Rows Removed by Filter: 2513884
Planning time: 0.880 ms
Execution time: 3168.195 ms
