Hash Join  (cost=568603.83..1766343.82 rows=4876752 width=0) (actual time=14078.302..46846.666 rows=13969443 loops=1)
  Hash Cond: (ci.movie_id = t.id)
  ->  Seq Scan on cast_info ci  (cost=0.00..705507.15 rows=24787131 width=4) (actual time=0.026..15595.602 rows=24807504 loops=1)
        Filter: (person_id < 2554940)
        Rows Removed by Filter: 11436840
  ->  Hash  (cost=560441.38..560441.38 rows=497476 width=8) (actual time=14077.233..14077.233 rows=735824 loops=1)
        Buckets: 131072 (originally 131072)  Batches: 16 (originally 8)  Memory Usage: 3073kB
        ->  Hash Join  (cost=75326.69..560441.38 rows=497476 width=8) (actual time=2146.134..13152.193 rows=735824 loops=1)
              Hash Cond: (mi.movie_id = t.id)
              ->  Seq Scan on movie_info mi  (cost=0.00..309384.22 rows=14739122 width=4) (actual time=0.020..6237.868 rows=14835720 loops=1)
              ->  Hash  (cost=73925.90..73925.90 rows=85343 width=4) (actual time=1293.789..1293.789 rows=90067 loops=1)
                    Buckets: 131072  Batches: 2  Memory Usage: 2616kB
                    ->  Seq Scan on title t  (cost=0.00..73925.90 rows=85343 width=4) (actual time=1.129..1260.235 rows=90067 loops=1)
                          Filter: ((production_year > 1968) AND (kind_id = 3))
                          Rows Removed by Filter: 2438245
Planning time: 1.812 ms
Execution time: 48396.048 ms
