Hash Join  (cost=233111.07..741510.77 rows=3690512 width=0) (actual time=5167.981..15824.756 rows=1354258 loops=1)
  Hash Cond: (mi.movie_id = t.id)
  ->  Seq Scan on movie_info mi  (cost=0.00..346232.03 rows=9476311 width=4) (actual time=148.614..6767.751 rows=9565151 loops=1)
        Filter: (info_type_id < 16)
        Rows Removed by Filter: 5270569
  ->  Hash  (cost=216955.01..216955.01 rows=984725 width=8) (actual time=4887.040..4887.040 rows=247643 loops=1)
        Buckets: 131072  Batches: 16  Memory Usage: 1652kB
        ->  Hash Join  (cost=82955.72..216955.01 rows=984725 width=8) (actual time=2580.461..4817.677 rows=247643 loops=1)
              Hash Cond: (mk.movie_id = t.id)
              ->  Seq Scan on movie_keyword mk  (cost=0.00..69693.30 rows=4523930 width=4) (actual time=0.025..1454.580 rows=4523930 loops=1)
              ->  Hash  (cost=73925.90..73925.90 rows=550385 width=4) (actual time=1488.027..1488.027 rows=602403 loops=1)
                    Buckets: 131072  Batches: 8  Memory Usage: 3678kB
                    ->  Seq Scan on title t  (cost=0.00..73925.90 rows=550385 width=4) (actual time=0.024..1290.194 rows=602403 loops=1)
                          Filter: ((production_year > 2006) AND (kind_id = 7))
                          Rows Removed by Filter: 1925909
Planning time: 1.146 ms
Execution time: 15962.711 ms
