Hash Join  (cost=74709.85..160669.54 rows=30750 width=0) (actual time=1238.140..2999.188 rows=22964 loops=1)
  Hash Cond: (mk.movie_id = t.id)
  ->  Seq Scan on movie_keyword mk  (cost=0.00..81003.12 rows=1239749 width=4) (actual time=0.017..1498.428 rows=1253357 loops=1)
        Filter: (keyword_id < 1603)
        Rows Removed by Filter: 3270573
  ->  Hash  (cost=73925.90..73925.90 rows=62716 width=4) (actual time=1237.583..1237.583 rows=71543 loops=1)
        Buckets: 131072 (originally 65536)  Batches: 1 (originally 1)  Memory Usage: 3540kB
        ->  Seq Scan on title t  (cost=0.00..73925.90 rows=62716 width=4) (actual time=0.041..1206.674 rows=71543 loops=1)
              Filter: ((kind_id > 1) AND (production_year = 2004))
              Rows Removed by Filter: 2456769
Planning time: 3.324 ms
Execution time: 3003.051 ms
