Seq Scan on movie_companies mc  (cost=0.00..57926.93 rows=53 width=0) (actual time=34.160..901.652 rows=11 loops=1)
  Filter: ((company_id = 265) AND (company_type_id = 2))
  Rows Removed by Filter: 2609118
Planning time: 0.394 ms
Execution time: 901.743 ms
