Hash Join  (cost=111594.66..476270.35 rows=1975 width=0) (actual time=3265.815..10260.947 rows=70488 loops=1)
  Hash Cond: (mi.movie_id = t.id)
  ->  Seq Scan on movie_info mi  (cost=0.00..309384.22 rows=14739122 width=4) (actual time=0.015..4044.470 rows=14835720 loops=1)
  ->  Hash  (cost=111590.43..111590.43 rows=339 width=8) (actual time=3265.720..3265.720 rows=1504 loops=1)
        Buckets: 2048 (originally 1024)  Batches: 1 (originally 1)  Memory Usage: 75kB
        ->  Nested Loop  (cost=0.43..111590.43 rows=339 width=8) (actual time=1.548..3264.635 rows=1504 loops=1)
              ->  Seq Scan on movie_keyword mk  (cost=0.00..81003.12 rows=4072 width=4) (actual time=0.126..1215.312 rows=6011 loops=1)
                    Filter: (keyword_id = 1732)
                    Rows Removed by Filter: 4517919
              ->  Index Scan using title_pkey on title t  (cost=0.43..7.50 rows=1 width=4) (actual time=0.340..0.340 rows=0 loops=6011)
                    Index Cond: (id = mk.movie_id)
                    Filter: ((kind_id < 7) AND (production_year < 1982))
                    Rows Removed by Filter: 1
Planning time: 1.165 ms
Execution time: 10276.109 ms
