Seq Scan on movie_companies mc  (cost=0.00..51404.11 rows=104 width=0) (actual time=4.031..859.765 rows=7 loops=1)
  Filter: (company_id = 49026)
  Rows Removed by Filter: 2609122
Planning time: 0.416 ms
Execution time: 859.843 ms
