Seq Scan on cast_info ci  (cost=0.00..796071.18 rows=118 width=0) (actual time=6293.423..13436.097 rows=101 loops=1)
  Filter: ((role_id > 5) AND (person_id = 3492150))
  Rows Removed by Filter: 36244243
Planning time: 0.417 ms
Execution time: 13436.210 ms
