Hash Join  (cost=90601.07..978655.77 rows=2270328 width=0) (actual time=5750.103..15399.331 rows=984397 loops=1)
  Hash Cond: (ci.movie_id = t.id)
  ->  Seq Scan on cast_info ci  (cost=0.00..796071.18 rows=5648332 width=4) (actual time=3963.059..11870.245 rows=2393813 loops=1)
        Filter: ((person_id < 844547) AND (role_id > 1))
        Rows Removed by Filter: 33850531
  ->  Hash  (cost=73925.90..73925.90 rows=1016333 width=4) (actual time=1782.245..1782.245 rows=1107438 loops=1)
        Buckets: 131072  Batches: 16  Memory Usage: 3463kB
        ->  Seq Scan on title t  (cost=0.00..73925.90 rows=1016333 width=4) (actual time=0.037..1430.782 rows=1107438 loops=1)
              Filter: ((kind_id > 1) AND (production_year > 2000))
              Rows Removed by Filter: 1420874
Planning time: 0.802 ms
Execution time: 15501.069 ms
