Seq Scan on cast_info ci  (cost=0.00..796071.18 rows=3798277 width=0) (actual time=4156.334..12622.721 rows=2263496 loops=1)
  Filter: ((person_id < 1098936) AND (role_id > 3))
  Rows Removed by Filter: 33980848
Planning time: 0.385 ms
Execution time: 12878.389 ms
