Hash Join  (cost=160823.02..984581.48 rows=75357 width=0) (actual time=5289.177..21165.461 rows=8 loops=1)
  Hash Cond: (ci.movie_id = t.id)
  ->  Seq Scan on cast_info ci  (cost=0.00..705507.15 rows=23499554 width=4) (actual time=1974.334..14848.477 rows=23573656 loops=1)
        Filter: (role_id > 1)
        Rows Removed by Filter: 12670688
  ->  Hash  (cost=160721.67..160721.67 rows=8108 width=8) (actual time=2980.585..2980.585 rows=2 loops=1)
        Buckets: 8192  Batches: 1  Memory Usage: 65kB
        ->  Hash Join  (cost=73982.55..160721.67 rows=8108 width=8) (actual time=1447.291..2980.561 rows=2 loops=1)
              Hash Cond: (mk.movie_id = t.id)
              ->  Seq Scan on movie_keyword mk  (cost=0.00..69693.30 rows=4523930 width=4) (actual time=0.024..969.481 rows=4523930 loops=1)
              ->  Hash  (cost=73925.90..73925.90 rows=4532 width=4) (actual time=1253.282..1253.282 rows=7 loops=1)
                    Buckets: 8192  Batches: 1  Memory Usage: 65kB
                    ->  Seq Scan on title t  (cost=0.00..73925.90 rows=4532 width=4) (actual time=588.346..1253.264 rows=7 loops=1)
                          Filter: ((kind_id = 7) AND (production_year = 1937))
                          Rows Removed by Filter: 2528305
Planning time: 1.226 ms
Execution time: 21165.603 ms
