Hash Join  (cost=331073.46..1058938.38 rows=19794619 width=0) (actual time=7905.970..60994.549 rows=184896107 loops=1)
  Hash Cond: (mi.movie_id = t.id)
  ->  Seq Scan on movie_info mi  (cost=0.00..309384.22 rows=14739122 width=4) (actual time=0.013..6156.009 rows=14835720 loops=1)
  ->  Hash  (cost=275360.86..275360.86 rows=3395808 width=8) (actual time=7903.824..7903.824 rows=3387146 loops=1)
        Buckets: 131072  Batches: 64  Memory Usage: 3192kB
        ->  Hash Join  (cost=102767.86..275360.86 rows=3395808 width=8) (actual time=2226.176..6974.781 rows=3387146 loops=1)
              Hash Cond: (mk.movie_id = t.id)
              ->  Seq Scan on movie_keyword mk  (cost=0.00..81003.12 rows=3395808 width=4) (actual time=0.020..1799.873 rows=3387146 loops=1)
                    Filter: (keyword_id > 1265)
                    Rows Removed by Filter: 1136784
              ->  Hash  (cost=61283.27..61283.27 rows=2528527 width=4) (actual time=2224.197..2224.197 rows=2528312 loops=1)
                    Buckets: 131072  Batches: 64  Memory Usage: 2425kB
                    ->  Seq Scan on title t  (cost=0.00..61283.27 rows=2528527 width=4) (actual time=0.029..1046.122 rows=2528312 loops=1)
Planning time: 1.157 ms
Execution time: 80200.390 ms
