Hash Join  (cost=58375.58..409663.23 rows=11 width=0) (actual time=2130.928..6536.103 rows=2 loops=1)
  Hash Cond: (mi.movie_id = t.id)
  ->  Seq Scan on movie_info mi  (cost=0.00..346232.03 rows=1348138 width=4) (actual time=1104.420..5506.745 rows=1298989 loops=1)
        Filter: (info_type_id = 4)
        Rows Removed by Filter: 13536731
  ->  Hash  (cost=58375.31..58375.31 rows=21 width=8) (actual time=851.165..851.165 rows=2 loops=1)
        Buckets: 1024  Batches: 1  Memory Usage: 9kB
        ->  Nested Loop  (cost=0.43..58375.31 rows=21 width=8) (actual time=264.783..851.143 rows=2 loops=1)
              ->  Seq Scan on movie_companies mc  (cost=0.00..57926.93 rows=53 width=4) (actual time=264.706..848.545 rows=180 loops=1)
                    Filter: ((company_id = 87818) AND (company_type_id = 2))
                    Rows Removed by Filter: 2608949
              ->  Index Scan using title_pkey on title t  (cost=0.43..8.45 rows=1 width=4) (actual time=0.014..0.014 rows=0 loops=180)
                    Index Cond: (id = mc.movie_id)
                    Filter: (kind_id < 7)
                    Rows Removed by Filter: 1
Planning time: 1.168 ms
Execution time: 6536.274 ms
