Seq Scan on cast_info ci  (cost=0.00..705507.15 rows=500 width=42) (actual time=270.459..7818.662 rows=278 loops=1)
  Filter: (person_id = 3954550)
  Rows Removed by Filter: 36244066
Planning time: 0.749 ms
Execution time: 7818.712 ms
