Seq Scan on cast_info ci  (cost=0.00..705507.15 rows=8519030 width=0) (actual time=1923.165..12088.931 rows=8404286 loops=1)
  Filter: (person_id < 824292)
  Rows Removed by Filter: 27840058
Planning time: 0.317 ms
Execution time: 13153.457 ms
