Seq Scan on movie_keyword mk  (cost=0.00..81003.12 rows=246 width=0) (actual time=0.162..1407.858 rows=1195 loops=1)
  Filter: (keyword_id = 16158)
  Rows Removed by Filter: 4522735
Planning time: 0.366 ms
Execution time: 1408.325 ms
