Hash Join  (cost=521607.22..674774.60 rows=2139393 width=0) (actual time=9678.464..15335.562 rows=6845075 loops=1)
  Hash Cond: (mk.movie_id = t.id)
  ->  Seq Scan on movie_keyword mk  (cost=0.00..81003.12 rows=3489864 width=4) (actual time=0.019..1684.625 rows=3484475 loops=1)
        Filter: (keyword_id < 17055)
        Rows Removed by Filter: 1039455
  ->  Hash  (cost=496176.42..496176.42 rows=1550064 width=8) (actual time=9677.164..9677.164 rows=1533909 loops=1)
        Buckets: 131072  Batches: 32  Memory Usage: 2900kB
        ->  Hash Join  (cost=102767.86..496176.42 rows=1550064 width=8) (actual time=2948.496..9210.555 rows=1533909 loops=1)
              Hash Cond: (mi.movie_id = t.id)
              ->  Seq Scan on movie_info mi  (cost=0.00..346232.03 rows=1550064 width=4) (actual time=539.097..5118.002 rows=1533909 loops=1)
                    Filter: (info_type_id = 3)
                    Rows Removed by Filter: 13301811
              ->  Hash  (cost=61283.27..61283.27 rows=2528527 width=4) (actual time=2408.512..2408.512 rows=2528312 loops=1)
                    Buckets: 131072  Batches: 64  Memory Usage: 2425kB
                    ->  Seq Scan on title t  (cost=0.00..61283.27 rows=2528527 width=4) (actual time=0.024..1252.318 rows=2528312 loops=1)
Planning time: 1.157 ms
Execution time: 16122.536 ms
