Seq Scan on movie_companies mc  (cost=0.00..57926.93 rows=592512 width=0) (actual time=261.511..993.645 rows=333335 loops=1)
  Filter: ((company_id > 12052) AND (company_type_id = 1))
  Rows Removed by Filter: 2275794
Planning time: 0.386 ms
Execution time: 1036.318 ms
