Seq Scan on movie_keyword mk  (cost=0.00..81003.12 rows=2629423 width=0) (actual time=0.021..1539.876 rows=2619914 loops=1)
  Filter: (keyword_id < 7105)
  Rows Removed by Filter: 1904016
Planning time: 0.334 ms
Execution time: 1867.969 ms
