Hash Join  (cost=83568.99..1171628.83 rows=4849138 width=0) (actual time=2318.827..31147.724 rows=4932917 loops=1)
  Hash Cond: (ci.movie_id = t.id)
  ->  Seq Scan on cast_info ci  (cost=0.00..796071.18 rows=20860608 width=4) (actual time=746.808..18310.689 rows=20404021 loops=1)
        Filter: ((person_id > 451853) AND (role_id < 4))
        Rows Removed by Filter: 15840323
  ->  Hash  (cost=73925.90..73925.90 rows=587767 width=4) (actual time=1571.070..1571.070 rows=594730 loops=1)
        Buckets: 131072  Batches: 8  Memory Usage: 3648kB
        ->  Seq Scan on title t  (cost=0.00..73925.90 rows=587767 width=4) (actual time=614.995..1374.074 rows=594730 loops=1)
              Filter: ((production_year < 2012) AND (kind_id = 1))
              Rows Removed by Filter: 1933582
Planning time: 0.787 ms
Execution time: 31707.300 ms
