Hash Join  (cost=75234.22..151418.20 rows=82246 width=0) (actual time=1536.799..3122.048 rows=179086 loops=1)
  Hash Cond: (mc.movie_id = t.id)
  ->  Seq Scan on movie_companies mc  (cost=0.00..44881.29 rows=2609129 width=4) (actual time=0.021..846.942 rows=2609129 loops=1)
  ->  Hash  (cost=73925.90..73925.90 rows=79705 width=4) (actual time=1307.529..1307.529 rows=82805 loops=1)
        Buckets: 131072  Batches: 2  Memory Usage: 2482kB
        ->  Seq Scan on title t  (cost=0.00..73925.90 rows=79705 width=4) (actual time=0.020..1276.281 rows=82805 loops=1)
              Filter: ((production_year < 2012) AND (kind_id = 2))
              Rows Removed by Filter: 2445507
Planning time: 0.779 ms
Execution time: 3145.250 ms
