Seq Scan on cast_info ci  (cost=0.00..705507.15 rows=17712341 width=0) (actual time=0.024..12350.667 rows=17569823 loops=1)
  Filter: (person_id < 1738433)
  Rows Removed by Filter: 18674521
Planning time: 0.652 ms
Execution time: 14549.027 ms
