Seq Scan on movie_companies mc  (cost=0.00..57926.93 rows=597749 width=0) (actual time=0.015..1010.473 rows=806930 loops=1)
  Filter: ((company_id < 11137) AND (company_type_id < 2))
  Rows Removed by Filter: 1802199
Planning time: 4.837 ms
Execution time: 1108.176 ms
