Hash Join  (cost=886480.45..1254201.86 rows=306548 width=0) (actual time=11622.121..19404.904 rows=759389 loops=1)
  Hash Cond: (mi.movie_id = t.id)
  ->  Seq Scan on movie_info mi  (cost=0.00..309384.22 rows=14739122 width=4) (actual time=0.010..4143.164 rows=14835720 loops=1)
  ->  Hash  (cost=885823.09..885823.09 rows=52589 width=8) (actual time=11621.750..11621.750 rows=24147 loops=1)
        Buckets: 65536  Batches: 1  Memory Usage: 1456kB
        ->  Hash Join  (cost=83810.17..885823.09 rows=52589 width=8) (actual time=4629.074..11613.953 rows=24147 loops=1)
              Hash Cond: (ci.movie_id = t.id)
              ->  Seq Scan on cast_info ci  (cost=0.00..796071.18 rows=134625 width=4) (actual time=3241.940..10057.131 rows=53025 loops=1)
                    Filter: ((person_id < 57396) AND (role_id > 6))
                    Rows Removed by Filter: 36191319
              ->  Hash  (cost=67604.59..67604.59 rows=987727 width=4) (actual time=1385.937..1385.937 rows=985048 loops=1)
                    Buckets: 131072  Batches: 16  Memory Usage: 3188kB
                    ->  Seq Scan on title t  (cost=0.00..67604.59 rows=987727 width=4) (actual time=0.021..1081.949 rows=985048 loops=1)
                          Filter: (kind_id < 7)
                          Rows Removed by Filter: 1543264
Planning time: 1.192 ms
Execution time: 19504.867 ms
