Hash Join  (cost=101955.62..922967.51 rows=73687 width=0) (actual time=8020.106..17130.295 rows=67176 loops=1)
  Hash Cond: (ci.movie_id = t.id)
  ->  Seq Scan on cast_info ci  (cost=0.00..796071.18 rows=6454360 width=4) (actual time=5977.908..14342.460 rows=2774254 loops=1)
        Filter: ((person_id < 2541319) AND (role_id > 4))
        Rows Removed by Filter: 33470090
  ->  Hash  (cost=101594.78..101594.78 rows=28867 width=8) (actual time=2041.741..2041.741 rows=20683 loops=1)
        Buckets: 32768  Batches: 1  Memory Usage: 1064kB
        ->  Hash Join  (cost=70241.71..101594.78 rows=28867 width=8) (actual time=1354.116..2034.305 rows=20683 loops=1)
              Hash Cond: (mi_idx.movie_id = t.id)
              ->  Seq Scan on movie_info_idx mi_idx  (cost=0.00..25185.44 rows=454124 width=4) (actual time=0.033..461.913 rows=459925 loops=1)
                    Filter: (info_type_id = 100)
                    Rows Removed by Filter: 920110
              ->  Hash  (cost=67604.59..67604.59 rows=160730 width=4) (actual time=1353.084..1353.084 rows=160017 loops=1)
                    Buckets: 131072  Batches: 4  Memory Usage: 2436kB
                    ->  Seq Scan on title t  (cost=0.00..67604.59 rows=160730 width=4) (actual time=0.026..1129.837 rows=160017 loops=1)
                          Filter: (production_year = 2011)
                          Rows Removed by Filter: 2368295
Planning time: 1.198 ms
Execution time: 17141.387 ms
