Hash Join  (cost=102767.86..299887.89 rows=4415071 width=0) (actual time=2039.863..7711.587 rows=4402019 loops=1)
  Hash Cond: (mk.movie_id = t.id)
  ->  Seq Scan on movie_keyword mk  (cost=0.00..81003.12 rows=4415071 width=4) (actual time=0.014..1943.598 rows=4402019 loops=1)
        Filter: (keyword_id > 115)
        Rows Removed by Filter: 121911
  ->  Hash  (cost=61283.27..61283.27 rows=2528527 width=4) (actual time=2038.565..2038.565 rows=2528312 loops=1)
        Buckets: 131072  Batches: 64  Memory Usage: 2425kB
        ->  Seq Scan on title t  (cost=0.00..61283.27 rows=2528527 width=4) (actual time=0.017..1178.422 rows=2528312 loops=1)
Planning time: 0.743 ms
Execution time: 8182.988 ms
