Seq Scan on cast_info ci  (cost=0.00..796071.18 rows=8173648 width=0) (actual time=0.026..13819.155 rows=12714368 loops=1)
  Filter: ((person_id > 2409405) AND (role_id > 1))
  Rows Removed by Filter: 23529976
Planning time: 0.341 ms
Execution time: 15389.237 ms
