Seq Scan on cast_info ci  (cost=0.00..796071.18 rows=337374 width=42) (actual time=4328.492..7575.540 rows=133856 loops=1)
  Filter: ((person_id < 1026926) AND (role_id = 9))
  Rows Removed by Filter: 36110488
Planning time: 0.545 ms
Execution time: 7580.019 ms
