Hash Join  (cost=486009.15..2777944.19 rows=64813282 width=148) (actual time=5003.470..58167.993 rows=215765477 loops=1)
  Hash Cond: (ci.movie_id = t.id)
  ->  Seq Scan on cast_info ci  (cost=0.00..614943.12 rows=36225612 width=42) (actual time=0.046..3381.706 rows=36244344 loops=1)
  ->  Hash  (cost=354355.02..354355.02 rows=4523930 width=106) (actual time=5000.772..5000.772 rows=4523930 loops=1)
        Buckets: 32768  Batches: 256  Memory Usage: 2552kB
        ->  Hash Join  (cost=129928.86..354355.02 rows=4523930 width=106) (actual time=868.520..3684.353 rows=4523930 loops=1)
              Hash Cond: (mk.movie_id = t.id)
              ->  Seq Scan on movie_keyword mk  (cost=0.00..69693.30 rows=4523930 width=12) (actual time=0.014..402.888 rows=4523930 loops=1)
              ->  Hash  (cost=61283.27..61283.27 rows=2528527 width=94) (actual time=868.081..868.081 rows=2528312 loops=1)
                    Buckets: 32768  Batches: 128  Memory Usage: 2470kB
                    ->  Seq Scan on title t  (cost=0.00..61283.27 rows=2528527 width=94) (actual time=0.024..311.885 rows=2528312 loops=1)
Planning time: 0.928 ms
Execution time: 63648.490 ms
