Hash Join  (cost=76471.55..132221.62 rows=51158 width=144) (actual time=873.264..1596.840 rows=34449 loops=1)
  Hash Cond: (mi_idx.movie_id = t.id)
  ->  Seq Scan on movie_info_idx mi_idx  (cost=0.00..21735.35 rows=1380035 width=50) (actual time=0.019..210.539 rows=1380035 loops=1)
  ->  Hash  (cost=73925.90..73925.90 rows=93732 width=94) (actual time=871.866..871.866 rows=100592 loops=1)
        Buckets: 32768  Batches: 4  Memory Usage: 3149kB
        ->  Seq Scan on title t  (cost=0.00..73925.90 rows=93732 width=94) (actual time=0.023..834.510 rows=100592 loops=1)
              Filter: ((kind_id > 1) AND (production_year = 2009))
              Rows Removed by Filter: 2427720
Planning time: 1.013 ms
Execution time: 1598.718 ms
