Hash Join  (cost=236567.30..284190.83 rows=578805 width=0) (actual time=5093.644..6936.583 rows=2457154 loops=1)
  Hash Cond: (mi_idx.movie_id = t.id)
  ->  Seq Scan on movie_info_idx mi_idx  (cost=0.00..21735.35 rows=1380035 width=4) (actual time=0.020..445.764 rows=1380035 loops=1)
  ->  Hash  (cost=219168.08..219168.08 rows=1060498 width=8) (actual time=5092.813..5092.813 rows=1068150 loops=1)
        Buckets: 131072  Batches: 16  Memory Usage: 3692kB
        ->  Hash Join  (cost=102767.86..219168.08 rows=1060498 width=8) (actual time=2035.549..4749.999 rows=1068150 loops=1)
              Hash Cond: (mk.movie_id = t.id)
              ->  Seq Scan on movie_keyword mk  (cost=0.00..81003.12 rows=1060498 width=4) (actual time=0.012..1408.081 rows=1068150 loops=1)
                    Filter: (keyword_id > 16500)
                    Rows Removed by Filter: 3455780
              ->  Hash  (cost=61283.27..61283.27 rows=2528527 width=4) (actual time=2033.805..2033.805 rows=2528312 loops=1)
                    Buckets: 131072  Batches: 64  Memory Usage: 2425kB
                    ->  Seq Scan on title t  (cost=0.00..61283.27 rows=2528527 width=4) (actual time=0.010..1156.933 rows=2528312 loops=1)
Planning time: 2.709 ms
Execution time: 7239.378 ms
