Hash Join  (cost=183024.79..1014795.99 rows=744072 width=0) (actual time=10181.796..17004.964 rows=326377 loops=1)
  Hash Cond: (ci.movie_id = t.id)
  ->  Seq Scan on cast_info ci  (cost=0.00..796071.18 rows=2148081 width=4) (actual time=6086.754..12409.658 rows=447217 loops=1)
        Filter: ((person_id > 2641405) AND (role_id = 2))
        Rows Removed by Filter: 35797127
  ->  Hash  (cost=168654.61..168654.61 rows=875854 width=8) (actual time=4093.627..4093.627 rows=1214571 loops=1)
        Buckets: 131072  Batches: 16  Memory Usage: 4002kB
        ->  Hash Join  (cost=81530.55..168654.61 rows=875854 width=8) (actual time=1438.594..3825.659 rows=1214571 loops=1)
              Hash Cond: (mc.movie_id = t.id)
              ->  Seq Scan on movie_companies mc  (cost=0.00..44881.29 rows=2609129 width=4) (actual time=0.019..824.987 rows=2609129 loops=1)
              ->  Hash  (cost=67604.59..67604.59 rows=848797 width=4) (actual time=1437.520..1437.520 rows=849141 loops=1)
                    Buckets: 131072  Batches: 16  Memory Usage: 2892kB
                    ->  Seq Scan on title t  (cost=0.00..67604.59 rows=848797 width=4) (actual time=0.042..1170.031 rows=849141 loops=1)
                          Filter: (production_year < 1996)
                          Rows Removed by Filter: 1679171
Planning time: 6.815 ms
Execution time: 17045.980 ms
