Hash Join  (cost=102767.86..1045935.26 rows=5702537 width=0) (actual time=3304.099..25146.851 rows=7451973 loops=1)
  Hash Cond: (ci.movie_id = t.id)
  ->  Seq Scan on cast_info ci  (cost=0.00..796071.18 rows=5702537 width=4) (actual time=1088.791..15593.906 rows=7451973 loops=1)
        Filter: ((person_id < 2888600) AND (role_id = 2))
        Rows Removed by Filter: 28792371
  ->  Hash  (cost=61283.27..61283.27 rows=2528527 width=4) (actual time=2213.463..2213.463 rows=2528312 loops=1)
        Buckets: 131072  Batches: 64  Memory Usage: 2415kB
        ->  Seq Scan on title t  (cost=0.00..61283.27 rows=2528527 width=4) (actual time=0.025..1070.677 rows=2528312 loops=1)
Planning time: 0.809 ms
Execution time: 26030.216 ms
