Hash Join  (cost=147783.42..646464.80 rows=557174 width=0) (actual time=2927.025..15123.101 rows=2609941 loops=1)
  Hash Cond: (mi.movie_id = t.id)
  ->  Seq Scan on movie_info mi  (cost=0.00..346232.03 rows=12665229 width=4) (actual time=0.023..7196.550 rows=12744652 loops=1)
        Filter: (info_type_id > 2)
        Rows Removed by Filter: 2091068
  ->  Hash  (cost=145957.97..145957.97 rows=111236 width=8) (actual time=2926.227..2926.227 rows=98794 loops=1)
        Buckets: 131072  Batches: 2  Memory Usage: 2937kB
        ->  Hash Join  (cost=69374.09..145957.97 rows=111236 width=8) (actual time=1043.839..2888.168 rows=98794 loops=1)
              Hash Cond: (mc.movie_id = t.id)
              ->  Seq Scan on movie_companies mc  (cost=0.00..44881.29 rows=2609129 width=4) (actual time=0.014..856.078 rows=2609129 loops=1)
              ->  Hash  (cost=67604.59..67604.59 rows=107800 width=4) (actual time=1043.060..1043.060 rows=108429 loops=1)
                    Buckets: 131072  Batches: 2  Memory Usage: 2931kB
                    ->  Seq Scan on title t  (cost=0.00..67604.59 rows=107800 width=4) (actual time=0.023..1001.041 rows=108429 loops=1)
                          Filter: (production_year = 2006)
                          Rows Removed by Filter: 2419883
Planning time: 1.184 ms
Execution time: 15428.985 ms
