Seq Scan on cast_info ci  (cost=0.00..705507.15 rows=7556663 width=0) (actual time=2285.335..12624.082 rows=7436237 loops=1)
  Filter: (role_id > 7)
  Rows Removed by Filter: 28808107
Planning time: 0.535 ms
Execution time: 13562.308 ms
