Hash Join  (cost=202326.77..285513.88 rows=590260 width=0) (actual time=4827.905..10843.243 rows=14906490 loops=1)
  Hash Cond: (mc.movie_id = t.id)
  ->  Seq Scan on movie_companies mc  (cost=0.00..44881.29 rows=2609129 width=4) (actual time=0.012..770.540 rows=2609129 loops=1)
  ->  Hash  (cost=192941.46..192941.46 rows=572025 width=8) (actual time=4662.528..4662.528 rows=1378384 loops=1)
        Buckets: 131072 (originally 131072)  Batches: 32 (originally 8)  Memory Usage: 3073kB
        ->  Hash Join  (cost=78556.72..192941.46 rows=572025 width=8) (actual time=1247.276..4243.539 rows=1378384 loops=1)
              Hash Cond: (mk.movie_id = t.id)
              ->  Seq Scan on movie_keyword mk  (cost=0.00..81003.12 rows=2166762 width=4) (actual time=0.025..1539.338 rows=2163505 loops=1)
                    Filter: (keyword_id > 5300)
                    Rows Removed by Filter: 2360425
              ->  Hash  (cost=67604.59..67604.59 rows=667531 width=4) (actual time=1246.450..1246.450 rows=662825 loops=1)
                    Buckets: 131072  Batches: 16  Memory Usage: 2486kB
                    ->  Seq Scan on title t  (cost=0.00..67604.59 rows=667531 width=4) (actual time=0.011..1047.155 rows=662825 loops=1)
                          Filter: (kind_id = 1)
                          Rows Removed by Filter: 1865487
Planning time: 1.178 ms
Execution time: 12577.943 ms
