Hash Join  (cost=580310.90..1971387.44 rows=12738931 width=0) (actual time=12073.535..41610.460 rows=3465055 loops=1)
  Hash Cond: (ci.movie_id = t.id)
  ->  Seq Scan on cast_info ci  (cost=0.00..614943.12 rows=36225612 width=4) (actual time=0.019..13140.910 rows=36244344 loops=1)
  ->  Hash  (cost=565722.27..565722.27 rows=889170 width=8) (actual time=12067.949..12067.949 rows=306940 loops=1)
        Buckets: 131072  Batches: 16  Memory Usage: 1762kB
        ->  Hash Join  (cost=76428.64..565722.27 rows=889170 width=8) (actual time=1170.999..11966.538 rows=306940 loops=1)
              Hash Cond: (mi.movie_id = t.id)
              ->  Seq Scan on movie_info mi  (cost=0.00..309384.22 rows=14739122 width=4) (actual time=0.018..5701.596 rows=14835720 loops=1)
              ->  Hash  (cost=73925.90..73925.90 rows=152539 width=4) (actual time=1169.233..1169.233 rows=53426 loops=1)
                    Buckets: 131072  Batches: 2  Memory Usage: 1969kB
                    ->  Seq Scan on title t  (cost=0.00..73925.90 rows=152539 width=4) (actual time=0.017..1147.589 rows=53426 loops=1)
                          Filter: ((production_year < 1961) AND (kind_id = 7))
                          Rows Removed by Filter: 2474886
Planning time: 1.087 ms
Execution time: 41998.329 ms
