Hash Join  (cost=102767.86..294128.06 rows=4175697 width=0) (actual time=1959.413..7073.617 rows=4160645 loops=1)
  Hash Cond: (mk.movie_id = t.id)
  ->  Seq Scan on movie_keyword mk  (cost=0.00..81003.12 rows=4175697 width=4) (actual time=0.019..1692.334 rows=4160645 loops=1)
        Filter: (keyword_id > 333)
        Rows Removed by Filter: 363285
  ->  Hash  (cost=61283.27..61283.27 rows=2528527 width=4) (actual time=1958.546..1958.546 rows=2528312 loops=1)
        Buckets: 131072  Batches: 64  Memory Usage: 2425kB
        ->  Seq Scan on title t  (cost=0.00..61283.27 rows=2528527 width=4) (actual time=0.008..1084.767 rows=2528312 loops=1)
Planning time: 0.534 ms
Execution time: 7567.542 ms
