Hash Join  (cost=219405.43..1221784.54 rows=8535225 width=0) (actual time=5182.197..34731.928 rows=23628880 loops=1)
  Hash Cond: (ci.movie_id = t.id)
  ->  Seq Scan on cast_info ci  (cost=0.00..705507.15 rows=17885789 width=4) (actual time=0.030..14375.332 rows=17737456 loops=1)
        Filter: (person_id < 1756557)
        Rows Removed by Filter: 18506888
  ->  Hash  (cost=199608.55..199608.55 rows=1206631 width=8) (actual time=5181.017..5181.017 rows=1274246 loops=1)
        Buckets: 131072 (originally 131072)  Batches: 32 (originally 16)  Memory Usage: 3073kB
        ->  Hash Join  (cost=102767.86..199608.55 rows=1206631 width=8) (actual time=1916.003..4812.941 rows=1274246 loops=1)
              Hash Cond: (mc.movie_id = t.id)
              ->  Seq Scan on movie_companies mc  (cost=0.00..57926.93 rows=1206631 width=4) (actual time=0.026..1186.551 rows=1274246 loops=1)
                    Filter: ((company_id < 133184) AND (company_type_id = 1))
                    Rows Removed by Filter: 1334883
              ->  Hash  (cost=61283.27..61283.27 rows=2528527 width=4) (actual time=1914.505..1914.505 rows=2528312 loops=1)
                    Buckets: 131072  Batches: 64  Memory Usage: 2415kB
                    ->  Seq Scan on title t  (cost=0.00..61283.27 rows=2528527 width=4) (actual time=0.016..1084.842 rows=2528312 loops=1)
Planning time: 1.242 ms
Execution time: 37402.835 ms
