Hash Join  (cost=123473.14..202586.39 rows=294774 width=0) (actual time=2512.876..4935.390 rows=1082333 loops=1)
  Hash Cond: (mc.movie_id = t.id)
  ->  Seq Scan on movie_companies mc  (cost=0.00..44881.29 rows=2609129 width=4) (actual time=0.025..888.138 rows=2609129 loops=1)
  ->  Hash  (cost=118786.30..118786.30 rows=285667 width=8) (actual time=2511.986..2511.986 rows=328739 loops=1)
        Buckets: 131072 (originally 131072)  Batches: 8 (originally 4)  Memory Usage: 3073kB
        ->  Hash Join  (cost=76192.15..118786.30 rows=285667 width=8) (actual time=1254.572..2409.964 rows=328739 loops=1)
              Hash Cond: (mi_idx.movie_id = t.id)
              ->  Seq Scan on movie_info_idx mi_idx  (cost=0.00..21735.35 rows=1380035 width=4) (actual time=0.015..411.214 rows=1380035 loops=1)
              ->  Hash  (cost=67604.59..67604.59 rows=523405 width=4) (actual time=1253.645..1253.645 rows=523734 loops=1)
                    Buckets: 131072  Batches: 8  Memory Usage: 3319kB
                    ->  Seq Scan on title t  (cost=0.00..67604.59 rows=523405 width=4) (actual time=0.023..1088.526 rows=523734 loops=1)
                          Filter: (production_year < 1981)
                          Rows Removed by Filter: 2004578
Planning time: 1.185 ms
Execution time: 5078.279 ms
