Seq Scan on movie_keyword mk  (cost=0.00..81003.12 rows=2327246 width=0) (actual time=0.019..1516.332 rows=2327990 loops=1)
  Filter: (keyword_id < 5111)
  Rows Removed by Filter: 2195940
Planning time: 0.323 ms
Execution time: 1818.764 ms
