Hash Join  (cost=195711.91..555722.21 rows=198901 width=0) (actual time=8759.223..9682.798 rows=256080 loops=1)
  Hash Cond: (mi.movie_id = t.id)
  ->  Seq Scan on movie_info mi  (cost=0.00..346232.03 rows=809669 width=4) (actual time=4787.549..5227.935 rows=802140 loops=1)
        Filter: (info_type_id = 1)
        Rows Removed by Filter: 14033580
  ->  Hash  (cost=185520.51..185520.51 rows=621152 width=8) (actual time=3970.659..3970.659 rows=399296 loops=1)
        Buckets: 131072  Batches: 16  Memory Usage: 2001kB
        ->  Hash Join  (cost=102767.86..185520.51 rows=621152 width=8) (actual time=2340.769..3852.183 rows=399296 loops=1)
              Hash Cond: (mc.movie_id = t.id)
              ->  Seq Scan on movie_companies mc  (cost=0.00..57926.93 rows=621152 width=4) (actual time=353.635..1109.198 rows=399296 loops=1)
                    Filter: ((company_id < 11137) AND (company_type_id > 1))
                    Rows Removed by Filter: 2209833
              ->  Hash  (cost=61283.27..61283.27 rows=2528527 width=4) (actual time=1985.894..1985.894 rows=2528312 loops=1)
                    Buckets: 131072  Batches: 64  Memory Usage: 2415kB
                    ->  Seq Scan on title t  (cost=0.00..61283.27 rows=2528527 width=4) (actual time=0.022..1119.132 rows=2528312 loops=1)
Planning time: 0.800 ms
Execution time: 9710.982 ms
