Hash Join  (cost=446036.50..1513863.76 rows=764753 width=211) (actual time=16321.605..30281.913 rows=1977265 loops=1)
  Hash Cond: (ci.movie_id = t.id)
  ->  Seq Scan on cast_info ci  (cost=0.00..705507.15 rows=12726058 width=42) (actual time=6707.127..12986.566 rows=12670688 loops=1)
        Filter: (role_id = 1)
        Rows Removed by Filter: 23573656
  ->  Hash  (cost=440427.15..440427.15 rows=151948 width=169) (actual time=9612.468..9612.468 rows=231269 loops=1)
        Buckets: 32768  Batches: 16  Memory Usage: 2509kB
        ->  Hash Join  (cost=74251.74..440427.15 rows=151948 width=169) (actual time=716.326..9106.037 rows=231269 loops=1)
              Hash Cond: (mi.movie_id = t.id)
              ->  Seq Scan on movie_info mi  (cost=0.00..309384.22 rows=14739122 width=75) (actual time=0.020..4101.565 rows=14835720 loops=1)
              ->  Hash  (cost=73925.90..73925.90 rows=26067 width=94) (actual time=716.096..716.096 rows=27085 loops=1)
                    Buckets: 32768  Batches: 1  Memory Usage: 3179kB
                    ->  Seq Scan on title t  (cost=0.00..73925.90 rows=26067 width=94) (actual time=0.082..705.944 rows=27085 loops=1)
                          Filter: ((kind_id < 7) AND (production_year > 2012))
                          Rows Removed by Filter: 2501227
Planning time: 1.476 ms
Execution time: 30402.792 ms
