Seq Scan on movie_companies mc  (cost=0.00..57926.93 rows=53 width=0) (actual time=505.222..900.397 rows=1 loops=1)
  Filter: ((company_id = 13735) AND (company_type_id = 2))
  Rows Removed by Filter: 2609128
Planning time: 0.409 ms
Execution time: 900.484 ms
