Hash Join  (cost=74346.17..165490.41 rows=34727 width=0) (actual time=1050.385..3042.577 rows=68331 loops=1)
  Hash Cond: (mk.movie_id = t.id)
  ->  Seq Scan on movie_keyword mk  (cost=0.00..81003.12 rows=2611692 width=4) (actual time=0.020..1545.569 rows=2602505 loops=1)
        Filter: (keyword_id < 7010)
        Rows Removed by Filter: 1921425
  ->  Hash  (cost=73925.90..73925.90 rows=33621 width=4) (actual time=1049.677..1049.677 rows=28104 loops=1)
        Buckets: 65536  Batches: 1  Memory Usage: 1501kB
        ->  Seq Scan on title t  (cost=0.00..73925.90 rows=33621 width=4) (actual time=0.066..1038.505 rows=28104 loops=1)
              Filter: ((kind_id = 1) AND (production_year = 2009))
              Rows Removed by Filter: 2500208
Planning time: 0.748 ms
Execution time: 3051.558 ms
