Hash Join  (cost=144703.17..1072888.82 rows=3331760 width=0) (actual time=3765.229..29550.059 rows=10761417 loops=1)
  Hash Cond: (ci.movie_id = t.id)
  ->  Seq Scan on cast_info ci  (cost=0.00..705507.15 rows=16201301 width=4) (actual time=0.016..15400.064 rows=16121683 loops=1)
        Filter: (role_id > 2)
        Rows Removed by Filter: 20122661
  ->  Hash  (cost=136171.35..136171.35 rows=519986 width=8) (actual time=3764.444..3764.444 rows=946901 loops=1)
        Buckets: 131072 (originally 131072)  Batches: 16 (originally 8)  Memory Usage: 3334kB
        ->  Hash Join  (cost=89557.01..136171.35 rows=519986 width=8) (actual time=1593.729..3455.641 rows=946901 loops=1)
              Hash Cond: (mi_idx.movie_id = t.id)
              ->  Seq Scan on movie_info_idx mi_idx  (cost=0.00..21735.35 rows=1380035 width=4) (actual time=0.017..454.645 rows=1380035 loops=1)
              ->  Hash  (cost=73925.90..73925.90 rows=952728 width=4) (actual time=1592.893..1592.893 rows=959400 loops=1)
                    Buckets: 131072  Batches: 16  Memory Usage: 3132kB
                    ->  Seq Scan on title t  (cost=0.00..73925.90 rows=952728 width=4) (actual time=0.017..1295.352 rows=959400 loops=1)
                          Filter: ((kind_id < 7) AND (production_year > 1907))
                          Rows Removed by Filter: 1568912
Planning time: 1.225 ms
Execution time: 30739.691 ms
