Hash Join  (cost=105814.36..167040.93 rows=1271104 width=0) (actual time=2426.095..4337.169 rows=1334458 loops=1)
  Hash Cond: (mi_idx.movie_id = t.id)
  ->  Seq Scan on movie_info_idx mi_idx  (cost=0.00..21735.35 rows=1380035 width=4) (actual time=0.012..466.717 rows=1380035 loops=1)
  ->  Hash  (cost=67604.59..67604.59 rows=2328942 width=4) (actual time=2425.161..2425.161 rows=2323095 loops=1)
        Buckets: 131072  Batches: 32  Memory Usage: 3579kB
        ->  Seq Scan on title t  (cost=0.00..67604.59 rows=2328942 width=4) (actual time=0.009..1383.148 rows=2323095 loops=1)
              Filter: (production_year > 1936)
              Rows Removed by Filter: 205217
Planning time: 0.536 ms
Execution time: 4499.129 ms
