Seq Scan on movie_keyword mk  (cost=0.00..81003.12 rows=697493 width=0) (actual time=1.924..1338.131 rows=694335 loops=1)
  Filter: (keyword_id < 576)
  Rows Removed by Filter: 3829595
Planning time: 0.284 ms
Execution time: 1426.185 ms
