Nested Loop  (cost=0.43..83072.29 rows=150 width=0) (actual time=181.534..1319.104 rows=4 loops=1)
  ->  Seq Scan on movie_keyword mk  (cost=0.00..81003.12 rows=246 width=4) (actual time=1.355..1304.398 rows=312 loops=1)
        Filter: (keyword_id = 1300)
        Rows Removed by Filter: 4523618
  ->  Index Scan using title_pkey on title t  (cost=0.43..8.40 rows=1 width=4) (actual time=0.045..0.045 rows=0 loops=312)
        Index Cond: (id = mk.movie_id)
        Filter: (kind_id = 7)
        Rows Removed by Filter: 1
Planning time: 0.520 ms
Execution time: 1319.179 ms
