Hash Join  (cost=225472.39..767079.70 rows=4539268 width=0) (actual time=4725.885..18835.368 rows=5595162 loops=1)
  Hash Cond: (mi.movie_id = t.id)
  ->  Seq Scan on movie_info mi  (cost=0.00..346232.03 rows=12665229 width=4) (actual time=0.021..7378.426 rows=12744652 loops=1)
        Filter: (info_type_id > 2)
        Rows Removed by Filter: 2091068
  ->  Hash  (cost=210604.46..210604.46 rows=906234 width=8) (actual time=4724.934..4724.934 rows=488026 loops=1)
        Buckets: 131072  Batches: 16  Memory Usage: 2245kB
        ->  Hash Join  (cost=94554.94..210604.46 rows=906234 width=8) (actual time=1902.787..4595.543 rows=488026 loops=1)
              Hash Cond: (mk.movie_id = t.id)
              ->  Seq Scan on movie_keyword mk  (cost=0.00..81003.12 rows=1822415 width=4) (actual time=0.012..1587.009 rows=1828743 loops=1)
                    Filter: (keyword_id > 7632)
                    Rows Removed by Filter: 2695187
              ->  Hash  (cost=73925.90..73925.90 rows=1257363 width=4) (actual time=1896.983..1896.983 rows=1229210 loops=1)
                    Buckets: 131072  Batches: 32  Memory Usage: 2380kB
                    ->  Seq Scan on title t  (cost=0.00..73925.90 rows=1257363 width=4) (actual time=0.022..1481.261 rows=1229210 loops=1)
                          Filter: ((kind_id > 2) AND (production_year < 2009))
                          Rows Removed by Filter: 1299102
Planning time: 0.775 ms
Execution time: 19408.433 ms
