Hash Join  (cost=150934.58..511545.97 rows=10221 width=209) (actual time=4738.444..7351.026 rows=27353 loops=1)
  Hash Cond: (mi.movie_id = t.id)
  ->  Seq Scan on movie_info mi  (cost=0.00..346232.03 rows=451508 width=75) (actual time=1782.234..3803.803 rows=474443 loops=1)
        Filter: (info_type_id = 6)
        Rows Removed by Filter: 14361277
  ->  Hash  (cost=149101.12..149101.12 rows=57237 width=134) (actual time=2955.517..2955.517 rows=51042 loops=1)
        Buckets: 32768  Batches: 4  Memory Usage: 2260kB
        ->  Hash Join  (cost=70675.45..149101.12 rows=57237 width=134) (actual time=1583.255..2908.786 rows=51042 loops=1)
              Hash Cond: (mc.movie_id = t.id)
              ->  Seq Scan on movie_companies mc  (cost=0.00..51404.11 rows=1279517 width=40) (actual time=59.157..763.728 rows=1274246 loops=1)
                    Filter: (company_type_id = 1)
                    Rows Removed by Filter: 1334883
              ->  Hash  (cost=67604.59..67604.59 rows=113109 width=94) (actual time=1523.739..1523.739 rows=119565 loops=1)
                    Buckets: 32768  Batches: 4  Memory Usage: 3617kB
                    ->  Seq Scan on title t  (cost=0.00..67604.59 rows=113109 width=94) (actual time=0.015..995.660 rows=119565 loops=1)
                          Filter: (production_year = 2007)
                          Rows Removed by Filter: 2408747
Planning time: 1.385 ms
Execution time: 7353.076 ms
