Hash Join  (cost=69002.72..420127.95 rows=12914 width=0) (actual time=4978.283..6281.016 rows=11572 loops=1)
  Hash Cond: (mi.movie_id = t.id)
  ->  Seq Scan on movie_info mi  (cost=0.00..346232.03 rows=383217 width=4) (actual time=3540.300..4743.010 rows=368218 loops=1)
        Filter: (info_type_id = 17)
        Rows Removed by Filter: 14467502
  ->  Hash  (cost=67604.59..67604.59 rows=85211 width=4) (actual time=1404.659..1404.659 rows=84593 loops=1)
        Buckets: 131072  Batches: 2  Memory Usage: 2524kB
        ->  Seq Scan on title t  (cost=0.00..67604.59 rows=85211 width=4) (actual time=0.024..1312.561 rows=84593 loops=1)
              Filter: (production_year = 2004)
              Rows Removed by Filter: 2443719
Planning time: 0.730 ms
Execution time: 6282.766 ms
