Seq Scan on movie_companies mc  (cost=0.00..57926.93 rows=51 width=0) (actual time=427.952..825.310 rows=189 loops=1)
  Filter: ((company_id = 15947) AND (company_type_id = 1))
  Rows Removed by Filter: 2608940
Planning time: 0.400 ms
Execution time: 825.433 ms
