Hash Join  (cost=73953.78..160651.72 rows=3990 width=0) (actual time=1081.411..2837.425 rows=34616 loops=1)
  Hash Cond: (mk.movie_id = t.id)
  ->  Seq Scan on movie_keyword mk  (cost=0.00..69693.30 rows=4523930 width=4) (actual time=0.011..929.782 rows=4523930 loops=1)
  ->  Hash  (cost=73925.90..73925.90 rows=2230 width=4) (actual time=1079.640..1079.640 rows=6046 loops=1)
        Buckets: 8192 (originally 4096)  Batches: 1 (originally 1)  Memory Usage: 277kB
        ->  Seq Scan on title t  (cost=0.00..73925.90 rows=2230 width=4) (actual time=0.049..1076.555 rows=6046 loops=1)
              Filter: ((kind_id < 3) AND (production_year = 1989))
              Rows Removed by Filter: 2522266
Planning time: 0.789 ms
Execution time: 2842.080 ms
