Seq Scan on movie_keyword mk  (cost=0.00..81003.12 rows=1940973 width=0) (actual time=0.017..1580.696 rows=1950905 loops=1)
  Filter: (keyword_id < 3393)
  Rows Removed by Filter: 2573025
Planning time: 0.680 ms
Execution time: 1826.634 ms
