Hash Join  (cost=73982.55..438902.66 rows=26418 width=0) (actual time=1248.395..8449.953 rows=34698 loops=1)
  Hash Cond: (mi.movie_id = t.id)
  ->  Seq Scan on movie_info mi  (cost=0.00..309384.22 rows=14739122 width=4) (actual time=0.009..4195.592 rows=14835720 loops=1)
  ->  Hash  (cost=73925.90..73925.90 rows=4532 width=4) (actual time=1239.502..1239.502 rows=5845 loops=1)
        Buckets: 8192  Batches: 1  Memory Usage: 270kB
        ->  Seq Scan on title t  (cost=0.00..73925.90 rows=4532 width=4) (actual time=0.093..1236.734 rows=5845 loops=1)
              Filter: ((kind_id = 7) AND (production_year = 1957))
              Rows Removed by Filter: 2522467
Planning time: 0.834 ms
Execution time: 8455.032 ms
