Hash Join  (cost=199613.96..1352556.58 rows=11597645 width=0) (actual time=4538.020..43862.333 rows=22842226 loops=1)
  Hash Cond: (ci.movie_id = t.id)
  ->  Seq Scan on cast_info ci  (cost=0.00..614943.12 rows=36225612 width=4) (actual time=0.022..13240.963 rows=36244344 loops=1)
  ->  Hash  (cost=186332.10..186332.10 rows=809509 width=8) (actual time=4537.092..4537.092 rows=960034 loops=1)
        Buckets: 131072  Batches: 16  Memory Usage: 3367kB
        ->  Hash Join  (cost=99161.12..186332.10 rows=809509 width=8) (actual time=1959.669..4269.060 rows=960034 loops=1)
              Hash Cond: (mc.movie_id = t.id)
              ->  Seq Scan on movie_companies mc  (cost=0.00..57926.93 rows=1064190 width=4) (actual time=0.011..1140.679 rows=1194548 loops=1)
                    Filter: ((company_id > 475) AND (company_type_id = 2))
                    Rows Removed by Filter: 1414581
              ->  Hash  (cost=67604.59..67604.59 rows=1923403 width=4) (actual time=1958.513..1958.513 rows=1922849 loops=1)
                    Buckets: 131072  Batches: 32  Memory Usage: 3132kB
                    ->  Seq Scan on title t  (cost=0.00..67604.59 rows=1923403 width=4) (actual time=0.010..1325.738 rows=1922849 loops=1)
                          Filter: (production_year < 2010)
                          Rows Removed by Filter: 605463
Planning time: 1.128 ms
Execution time: 46436.667 ms
