Hash Join  (cost=212917.17..613996.35 rows=1465243 width=0) (actual time=5493.785..13329.579 rows=4402503 loops=1)
  Hash Cond: (mi.movie_id = t.id)
  ->  Seq Scan on movie_info mi  (cost=0.00..346232.03 rows=3068194 width=4) (actual time=551.558..5989.962 rows=3036719 loops=1)
        Filter: (info_type_id = 16)
        Rows Removed by Filter: 11799001
  ->  Hash  (cost=193106.17..193106.17 rows=1207520 width=8) (actual time=4941.005..4941.005 rows=1218960 loops=1)
        Buckets: 131072  Batches: 16  Memory Usage: 4037kB
        ->  Hash Join  (cost=102767.86..193106.17 rows=1207520 width=8) (actual time=1902.970..4264.444 rows=1218960 loops=1)
              Hash Cond: (mc.movie_id = t.id)
              ->  Seq Scan on movie_companies mc  (cost=0.00..51404.11 rows=1207520 width=4) (actual time=0.028..1020.992 rows=1218960 loops=1)
                    Filter: (company_id > 12063)
                    Rows Removed by Filter: 1390169
              ->  Hash  (cost=61283.27..61283.27 rows=2528527 width=4) (actual time=1901.194..1901.194 rows=2528312 loops=1)
                    Buckets: 131072  Batches: 64  Memory Usage: 2415kB
                    ->  Seq Scan on title t  (cost=0.00..61283.27 rows=2528527 width=4) (actual time=0.018..1070.094 rows=2528312 loops=1)
Planning time: 1.222 ms
Execution time: 13728.506 ms
