Hash Join  (cost=190230.21..1139330.85 rows=4734236 width=0) (actual time=5723.723..29959.006 rows=15120079 loops=1)
  Hash Cond: (ci.movie_id = t.id)
  ->  Seq Scan on cast_info ci  (cost=0.00..796071.18 rows=8674159 width=4) (actual time=1066.561..15031.067 rows=13513029 loops=1)
        Filter: ((person_id > 2320743) AND (role_id > 1))
        Rows Removed by Filter: 22731315
  ->  Hash  (cost=167588.78..167588.78 rows=1380035 width=8) (actual time=4656.166..4656.166 rows=1380035 loops=1)
        Buckets: 131072  Batches: 32  Memory Usage: 2708kB
        ->  Hash Join  (cost=102767.86..167588.78 rows=1380035 width=8) (actual time=2022.358..3986.482 rows=1380035 loops=1)
              Hash Cond: (mi_idx.movie_id = t.id)
              ->  Seq Scan on movie_info_idx mi_idx  (cost=0.00..21735.35 rows=1380035 width=4) (actual time=0.031..476.314 rows=1380035 loops=1)
              ->  Hash  (cost=61283.27..61283.27 rows=2528527 width=4) (actual time=2020.707..2020.707 rows=2528312 loops=1)
                    Buckets: 131072  Batches: 64  Memory Usage: 2415kB
                    ->  Seq Scan on title t  (cost=0.00..61283.27 rows=2528527 width=4) (actual time=0.023..1200.556 rows=2528312 loops=1)
Planning time: 1.082 ms
Execution time: 31555.778 ms
