Seq Scan on movie_companies mc  (cost=0.00..57926.93 rows=53 width=0) (actual time=26.368..826.400 rows=26 loops=1)
  Filter: ((company_id = 14568) AND (company_type_id = 2))
  Rows Removed by Filter: 2609103
Planning time: 0.300 ms
Execution time: 826.486 ms
