Hash Join  (cost=118128.04..185057.45 rows=334235 width=144) (actual time=1741.684..3102.819 rows=250045 loops=1)
  Hash Cond: (mi_idx.movie_id = t.id)
  ->  Seq Scan on movie_info_idx mi_idx  (cost=0.00..25185.44 rows=454124 width=50) (actual time=0.030..409.372 rows=459925 loops=1)
        Filter: (info_type_id = 100)
        Rows Removed by Filter: 920110
  ->  Hash  (cost=67604.59..67604.59 rows=1860996 width=94) (actual time=1738.792..1738.792 rows=1865487 loops=1)
        Buckets: 32768  Batches: 64  Memory Usage: 3598kB
        ->  Seq Scan on title t  (cost=0.00..67604.59 rows=1860996 width=94) (actual time=0.018..982.616 rows=1865487 loops=1)
              Filter: (kind_id > 1)
              Rows Removed by Filter: 662825
Planning time: 0.880 ms
Execution time: 3117.212 ms
