Seq Scan on movie_keyword mk  (cost=0.00..81003.12 rows=757229 width=0) (actual time=0.021..1346.179 rows=764163 loops=1)
  Filter: (keyword_id > 24496)
  Rows Removed by Filter: 3759767
Planning time: 1.144 ms
Execution time: 1440.365 ms
