Hash Join  (cost=88257.79..628099.03 rows=4375360 width=0) (actual time=2012.744..16574.936 rows=1842170 loops=1)
  Hash Cond: (mi.movie_id = t.id)
  ->  Seq Scan on movie_info mi  (cost=0.00..346232.03 rows=12665229 width=4) (actual time=0.012..7546.244 rows=12744652 loops=1)
        Filter: (info_type_id > 2)
        Rows Removed by Filter: 2091068
  ->  Hash  (cost=73925.90..73925.90 rows=873511 width=4) (actual time=2011.784..2011.784 rows=957299 loops=1)
        Buckets: 131072  Batches: 16  Memory Usage: 3140kB
        ->  Seq Scan on title t  (cost=0.00..73925.90 rows=873511 width=4) (actual time=323.402..1414.858 rows=957299 loops=1)
              Filter: ((production_year > 1999) AND (kind_id = 7))
              Rows Removed by Filter: 1571013
Planning time: 1.089 ms
Execution time: 16804.873 ms
