Seq Scan on movie_keyword mk  (cost=0.00..81003.12 rows=246 width=0) (actual time=0.128..1193.724 rows=2085 loops=1)
  Filter: (keyword_id = 36)
  Rows Removed by Filter: 4521845
Planning time: 0.371 ms
Execution time: 1194.331 ms
