Hash Join  (cost=100888.25..187555.77 rows=948 width=0) (actual time=1764.992..3522.934 rows=13067 loops=1)
  Hash Cond: (mk.movie_id = t.id)
  ->  Seq Scan on movie_keyword mk  (cost=0.00..69693.30 rows=4523930 width=4) (actual time=0.011..933.329 rows=4523930 loops=1)
  ->  Hash  (cost=100881.62..100881.62 rows=530 width=8) (actual time=1763.742..1763.742 rows=1391 loops=1)
        Buckets: 2048 (originally 1024)  Batches: 1 (originally 1)  Memory Usage: 71kB
        ->  Hash Join  (cost=73962.22..100881.62 rows=530 width=8) (actual time=1169.761..1762.979 rows=1391 loops=1)
              Hash Cond: (mi_idx.movie_id = t.id)
              ->  Seq Scan on movie_info_idx mi_idx  (cost=0.00..25185.44 rows=460978 width=4) (actual time=0.014..496.185 rows=459925 loops=1)
                    Filter: (info_type_id < 100)
                    Rows Removed by Filter: 920110
              ->  Hash  (cost=73925.90..73925.90 rows=2905 width=4) (actual time=1169.666..1169.666 rows=3835 loops=1)
                    Buckets: 4096  Batches: 1  Memory Usage: 167kB
                    ->  Seq Scan on title t  (cost=0.00..73925.90 rows=2905 width=4) (actual time=0.062..1167.671 rows=3835 loops=1)
                          Filter: ((kind_id < 7) AND (production_year = 1959))
                          Rows Removed by Filter: 2524477
Planning time: 12.216 ms
Execution time: 3524.781 ms
