Seq Scan on title t  (cost=0.00..73925.90 rows=4532 width=0) (actual time=0.338..1241.338 rows=7796 loops=1)
  Filter: ((kind_id = 7) AND (production_year = 1976))
  Rows Removed by Filter: 2520516
Planning time: 0.400 ms
Execution time: 1243.304 ms
