Hash Join  (cost=477631.02..629778.61 rows=617690 width=0) (actual time=12553.674..14425.893 rows=320499 loops=1)
  Hash Cond: (mk.movie_id = t.id)
  ->  Seq Scan on movie_keyword mk  (cost=0.00..69693.30 rows=4523930 width=4) (actual time=0.030..1460.791 rows=4523930 loops=1)
  ->  Hash  (cost=471966.51..471966.51 rows=345241 width=8) (actual time=11054.144..11054.144 rows=169516 loops=1)
        Buckets: 131072  Batches: 8  Memory Usage: 1852kB
        ->  Hash Join  (cost=74787.47..471966.51 rows=345241 width=8) (actual time=1259.089..10981.006 rows=169516 loops=1)
              Hash Cond: (mi.movie_id = t.id)
              ->  Seq Scan on movie_info mi  (cost=0.00..346232.03 rows=12665229 width=4) (actual time=0.007..6524.178 rows=12744652 loops=1)
                    Filter: (info_type_id > 2)
                    Rows Removed by Filter: 2091068
              ->  Hash  (cost=73925.90..73925.90 rows=68925 width=4) (actual time=1201.289..1201.289 rows=84076 loops=1)
                    Buckets: 131072  Batches: 1  Memory Usage: 3980kB
                    ->  Seq Scan on title t  (cost=0.00..73925.90 rows=68925 width=4) (actual time=0.018..1168.342 rows=84076 loops=1)
                          Filter: ((kind_id = 7) AND (production_year = 2007))
                          Rows Removed by Filter: 2444236
Planning time: 1.408 ms
Execution time: 14466.448 ms
