Hash Join  (cost=67697.55..123937.48 rows=3763 width=134) (actual time=818.753..1448.771 rows=4792 loops=1)
  Hash Cond: (mc.movie_id = t.id)
  ->  Seq Scan on movie_companies mc  (cost=0.00..51404.11 rows=1279517 width=40) (actual time=0.027..512.998 rows=1274246 loops=1)
        Filter: (company_type_id = 1)
        Rows Removed by Filter: 1334883
  ->  Hash  (cost=67604.59..67604.59 rows=7437 width=94) (actual time=818.569..818.569 rows=2467 loops=1)
        Buckets: 8192  Batches: 1  Memory Usage: 331kB
        ->  Seq Scan on title t  (cost=0.00..67604.59 rows=7437 width=94) (actual time=0.219..817.303 rows=2467 loops=1)
              Filter: (production_year = 1935)
              Rows Removed by Filter: 2525845
Planning time: 6.073 ms
Execution time: 1449.099 ms
