Seq Scan on title t  (cost=0.00..73925.90 rows=28459 width=0) (actual time=488.711..1068.147 rows=16117 loops=1)
  Filter: ((kind_id = 1) AND (production_year = 2006))
  Rows Removed by Filter: 2512195
Planning time: 0.406 ms
Execution time: 1070.864 ms
