Seq Scan on movie_keyword mk  (cost=0.00..81003.12 rows=3700481 width=0) (actual time=0.023..1522.540 rows=3697711 loops=1)
  Filter: (keyword_id > 788)
  Rows Removed by Filter: 826219
Planning time: 0.327 ms
Execution time: 1976.434 ms
