Hash Join  (cost=156487.41..296894.28 rows=784538 width=0) (actual time=3740.325..8457.505 rows=3296622 loops=1)
  Hash Cond: (mk.movie_id = t.id)
  ->  Seq Scan on movie_keyword mk  (cost=0.00..81003.12 rows=4303296 width=4) (actual time=0.017..1731.911 rows=4288427 loops=1)
        Filter: (keyword_id > 188)
        Rows Removed by Filter: 235503
  ->  Hash  (cost=148924.19..148924.19 rows=460978 width=8) (actual time=3739.635..3739.635 rows=459925 loops=1)
        Buckets: 131072  Batches: 8  Memory Usage: 3284kB
        ->  Hash Join  (cost=102767.86..148924.19 rows=460978 width=8) (actual time=2325.623..3611.225 rows=459925 loops=1)
              Hash Cond: (mi_idx.movie_id = t.id)
              ->  Seq Scan on movie_info_idx mi_idx  (cost=0.00..25185.44 rows=460978 width=4) (actual time=0.010..555.064 rows=459925 loops=1)
                    Filter: (info_type_id < 100)
                    Rows Removed by Filter: 920110
              ->  Hash  (cost=61283.27..61283.27 rows=2528527 width=4) (actual time=2324.740..2324.740 rows=2528312 loops=1)
                    Buckets: 131072  Batches: 64  Memory Usage: 2415kB
                    ->  Seq Scan on title t  (cost=0.00..61283.27 rows=2528527 width=4) (actual time=0.027..1167.360 rows=2528312 loops=1)
Planning time: 1.104 ms
Execution time: 8871.927 ms
