Hash Join  (cost=111362.66..172028.81 rows=14143 width=0) (actual time=2389.589..3685.216 rows=107794 loops=1)
  Hash Cond: (mc.movie_id = t.id)
  ->  Seq Scan on movie_companies mc  (cost=0.00..57926.93 rows=692741 width=4) (actual time=56.878..918.692 rows=930209 loops=1)
        Filter: ((company_id > 11146) AND (company_type_id = 2))
        Rows Removed by Filter: 1678920
  ->  Hash  (cost=110717.39..110717.39 rows=51622 width=8) (actual time=2332.231..2332.231 rows=121545 loops=1)
        Buckets: 131072 (originally 65536)  Batches: 2 (originally 1)  Memory Usage: 3403kB
        ->  Hash Join  (cost=78641.77..110717.39 rows=51622 width=8) (actual time=1445.775..2290.782 rows=121545 loops=1)
              Hash Cond: (mi_idx.movie_id = t.id)
              ->  Seq Scan on movie_info_idx mi_idx  (cost=0.00..25185.44 rows=454124 width=4) (actual time=0.020..517.416 rows=459925 loops=1)
                    Filter: (info_type_id = 100)
                    Rows Removed by Filter: 920110
              ->  Hash  (cost=73925.90..73925.90 rows=287429 width=4) (actual time=1444.825..1444.825 rows=401493 loops=1)
                    Buckets: 131072 (originally 131072)  Batches: 8 (originally 4)  Memory Usage: 3073kB
                    ->  Seq Scan on title t  (cost=0.00..73925.90 rows=287429 width=4) (actual time=0.031..1307.914 rows=401493 loops=1)
                          Filter: ((kind_id < 7) AND (production_year < 1992))
                          Rows Removed by Filter: 2126819
Planning time: 1.246 ms
Execution time: 3698.537 ms
