Hash Join  (cost=199643.02..717387.23 rows=856902 width=0) (actual time=4105.107..18587.319 rows=8567205 loops=1)
  Hash Cond: (mi.movie_id = t.id)
  ->  Seq Scan on movie_info mi  (cost=0.00..346232.03 rows=12665229 width=4) (actual time=0.020..7504.874 rows=12744652 loops=1)
        Filter: (info_type_id > 2)
        Rows Removed by Filter: 2091068
  ->  Hash  (cost=196835.58..196835.58 rows=171075 width=8) (actual time=4104.230..4104.230 rows=156873 loops=1)
        Buckets: 131072  Batches: 4  Memory Usage: 2522kB
        ->  Hash Join  (cost=69460.45..196835.58 rows=171075 width=8) (actual time=1184.201..4052.085 rows=156873 loops=1)
              Hash Cond: (mk.movie_id = t.id)
              ->  Seq Scan on movie_keyword mk  (cost=0.00..81003.12 rows=3824334 width=4) (actual time=0.008..1714.371 rows=3819290 loops=1)
                    Filter: (keyword_id < 26779)
                    Rows Removed by Filter: 704640
              ->  Hash  (cost=67604.59..67604.59 rows=113109 width=4) (actual time=1182.794..1182.794 rows=119565 loops=1)
                    Buckets: 131072  Batches: 2  Memory Usage: 3121kB
                    ->  Seq Scan on title t  (cost=0.00..67604.59 rows=113109 width=4) (actual time=0.017..1136.324 rows=119565 loops=1)
                          Filter: (production_year = 2007)
                          Rows Removed by Filter: 2408747
Planning time: 1.149 ms
Execution time: 19600.094 ms
