Hash Join  (cost=129928.86..301126.90 rows=2043195 width=106) (actual time=1737.886..5823.625 rows=2051093 loops=1)
  Hash Cond: (mk.movie_id = t.id)
  ->  Seq Scan on movie_keyword mk  (cost=0.00..81003.12 rows=2043195 width=12) (actual time=0.020..1217.911 rows=2051093 loops=1)
        Filter: (keyword_id < 3660)
        Rows Removed by Filter: 2472837
  ->  Hash  (cost=61283.27..61283.27 rows=2528527 width=94) (actual time=1735.643..1735.643 rows=2528312 loops=1)
        Buckets: 32768  Batches: 128  Memory Usage: 2470kB
        ->  Seq Scan on title t  (cost=0.00..61283.27 rows=2528527 width=94) (actual time=0.016..579.855 rows=2528312 loops=1)
Planning time: 0.992 ms
Execution time: 5928.791 ms
