Hash Join  (cost=460619.19..603195.65 rows=296268 width=0) (actual time=9223.765..13423.688 rows=4684238 loops=1)
  Hash Cond: (mk.movie_id = t.id)
  ->  Seq Scan on movie_keyword mk  (cost=0.00..69693.30 rows=4523930 width=4) (actual time=0.037..1392.978 rows=4523930 loops=1)
  ->  Hash  (cost=457902.31..457902.31 rows=165591 width=8) (actual time=9222.323..9222.323 rows=259434 loops=1)
        Buckets: 131072  Batches: 4  Memory Usage: 3544kB
        ->  Hash Join  (cost=74478.21..457902.31 rows=165591 width=8) (actual time=1161.776..9107.760 rows=259434 loops=1)
              Hash Cond: (mi.movie_id = t.id)
              ->  Seq Scan on movie_info mi  (cost=0.00..346232.03 rows=9476311 width=4) (actual time=0.018..5731.411 rows=9565151 loops=1)
                    Filter: (info_type_id < 16)
                    Rows Removed by Filter: 5270569
              ->  Hash  (cost=73925.90..73925.90 rows=44184 width=4) (actual time=1161.366..1161.366 rows=35489 loops=1)
                    Buckets: 65536  Batches: 1  Memory Usage: 1760kB
                    ->  Seq Scan on title t  (cost=0.00..73925.90 rows=44184 width=4) (actual time=0.128..1146.841 rows=35489 loops=1)
                          Filter: ((kind_id < 7) AND (production_year = 2007))
                          Rows Removed by Filter: 2492823
Planning time: 1.192 ms
Execution time: 13929.667 ms
