Seq Scan on movie_keyword mk  (cost=0.00..81003.12 rows=1583742 width=0) (actual time=0.016..1454.923 rows=1598438 loops=1)
  Filter: (keyword_id > 9609)
  Rows Removed by Filter: 2925492
Planning time: 0.227 ms
Execution time: 1655.931 ms
