Hash Join  (cost=108926.38..902898.40 rows=34155 width=0) (actual time=1321.809..19572.074 rows=104742 loops=1)
  Hash Cond: (ci.movie_id = t.id)
  ->  Seq Scan on cast_info ci  (cost=0.00..705507.15 rows=23499554 width=4) (actual time=0.019..14635.624 rows=23573656 loops=1)
        Filter: (role_id > 1)
        Rows Removed by Filter: 12670688
  ->  Hash  (cost=108880.44..108880.44 rows=3675 width=8) (actual time=1321.307..1321.307 rows=2791 loops=1)
        Buckets: 4096  Batches: 1  Memory Usage: 142kB
        ->  Nested Loop  (cost=0.43..108880.44 rows=3675 width=8) (actual time=16.521..1320.172 rows=2791 loops=1)
              ->  Seq Scan on movie_keyword mk  (cost=0.00..81003.12 rows=3675 width=4) (actual time=16.431..1295.474 rows=2791 loops=1)
                    Filter: (keyword_id > 131508)
                    Rows Removed by Filter: 4521139
              ->  Index Only Scan using title_pkey on title t  (cost=0.43..7.58 rows=1 width=4) (actual time=0.007..0.007 rows=1 loops=2791)
                    Index Cond: (id = mk.movie_id)
                    Heap Fetches: 2791
Planning time: 1.236 ms
Execution time: 19589.073 ms
