Seq Scan on movie_companies mc  (cost=0.00..57926.93 rows=322094 width=0) (actual time=0.009..844.919 rows=175094 loops=1)
  Filter: ((company_id < 809) AND (company_type_id = 2))
  Rows Removed by Filter: 2434035
Planning time: 0.296 ms
Execution time: 865.847 ms
