Hash Join  (cost=102767.86..1273226.94 rows=18912119 width=0) (actual time=1862.490..33232.464 rows=18811077 loops=1)
  Hash Cond: (ci.movie_id = t.id)
  ->  Seq Scan on cast_info ci  (cost=0.00..705507.15 rows=18912119 width=4) (actual time=0.022..14033.486 rows=18811077 loops=1)
        Filter: (person_id < 1874817)
        Rows Removed by Filter: 17433267
  ->  Hash  (cost=61283.27..61283.27 rows=2528527 width=4) (actual time=1861.222..1861.222 rows=2528312 loops=1)
        Buckets: 131072  Batches: 64  Memory Usage: 2415kB
        ->  Seq Scan on title t  (cost=0.00..61283.27 rows=2528527 width=4) (actual time=0.013..1035.028 rows=2528312 loops=1)
Planning time: 1.112 ms
Execution time: 35371.723 ms
