Seq Scan on movie_keyword mk  (cost=0.00..81003.12 rows=246 width=0) (actual time=0.225..1252.845 rows=1710 loops=1)
  Filter: (keyword_id = 2529)
  Rows Removed by Filter: 4522220
Planning time: 0.347 ms
Execution time: 1253.507 ms
