Seq Scan on movie_keyword mk  (cost=0.00..81003.12 rows=8595 width=0) (actual time=4.499..1250.374 rows=8337 loops=1)
  Filter: (keyword_id = 865)
  Rows Removed by Filter: 4515593
Planning time: 4.490 ms
Execution time: 1252.373 ms
