Seq Scan on cast_info ci  (cost=0.00..796071.18 rows=5542735 width=0) (actual time=8823.443..15071.358 rows=7450425 loops=1)
  Filter: ((person_id > 845274) AND (role_id = 2))
  Rows Removed by Filter: 28793919
Planning time: 0.411 ms
Execution time: 16058.308 ms
