Hash Join  (cost=128806.03..493823.37 rows=36141 width=0) (actual time=2444.650..10373.331 rows=420773 loops=1)
  Hash Cond: (mi.movie_id = t.id)
  ->  Seq Scan on movie_info mi  (cost=0.00..309384.22 rows=14739122 width=4) (actual time=0.019..4143.699 rows=14835720 loops=1)
  ->  Hash  (cost=128728.53..128728.53 rows=6200 width=8) (actual time=2298.916..2298.916 rows=41140 loops=1)
        Buckets: 65536 (originally 8192)  Batches: 1 (originally 1)  Memory Usage: 2120kB
        ->  Hash Join  (cost=74001.01..128728.53 rows=6200 width=8) (actual time=1023.954..2281.996 rows=41140 loops=1)
              Hash Cond: (mc.movie_id = t.id)
              ->  Seq Scan on movie_companies mc  (cost=0.00..44881.29 rows=2609129 width=4) (actual time=0.019..629.637 rows=2609129 loops=1)
              ->  Hash  (cost=73925.90..73925.90 rows=6008 width=4) (actual time=1023.861..1023.861 rows=21090 loops=1)
                    Buckets: 32768 (originally 8192)  Batches: 1 (originally 1)  Memory Usage: 998kB
                    ->  Seq Scan on title t  (cost=0.00..73925.90 rows=6008 width=4) (actual time=222.453..1015.376 rows=21090 loops=1)
                          Filter: ((production_year < 1909) AND (kind_id = 1))
                          Rows Removed by Filter: 2507222
Planning time: 1.139 ms
Execution time: 10427.333 ms
