Hash Join  (cost=1135691.96..2162862.88 rows=39302453 width=0) (actual time=24642.539..73496.625 rows=134981073 loops=1)
  Hash Cond: (mi.movie_id = t.id)
  ->  Seq Scan on movie_info mi  (cost=0.00..346232.03 rows=12665229 width=4) (actual time=0.015..7082.687 rows=12744652 loops=1)
        Filter: (info_type_id > 2)
        Rows Removed by Filter: 2091068
  ->  Hash  (cost=1006960.11..1006960.11 rows=7846468 width=8) (actual time=24639.919..24639.919 rows=7712640 loops=1)
        Buckets: 131072  Batches: 128  Memory Usage: 3394kB
        ->  Hash Join  (cost=102767.86..1006960.11 rows=7846468 width=8) (actual time=6123.902..22344.281 rows=7712640 loops=1)
              Hash Cond: (ci.movie_id = t.id)
              ->  Seq Scan on cast_info ci  (cost=0.00..705507.15 rows=7846468 width=4) (actual time=4250.437..13499.304 rows=7712640 loops=1)
                    Filter: (role_id > 6)
                    Rows Removed by Filter: 28531704
              ->  Hash  (cost=61283.27..61283.27 rows=2528527 width=4) (actual time=1872.373..1872.373 rows=2528312 loops=1)
                    Buckets: 131072  Batches: 64  Memory Usage: 2415kB
                    ->  Seq Scan on title t  (cost=0.00..61283.27 rows=2528527 width=4) (actual time=0.020..1061.120 rows=2528312 loops=1)
Planning time: 1.198 ms
Execution time: 88644.231 ms
