Seq Scan on movie_companies mc  (cost=0.00..57926.93 rows=247395 width=0) (actual time=18.898..961.548 rows=364369 loops=1)
  Filter: ((company_id < 450) AND (company_type_id = 1))
  Rows Removed by Filter: 2244760
Planning time: 0.432 ms
Execution time: 1007.065 ms
