Hash Join  (cost=95164.54..868342.28 rows=49409 width=0) (actual time=4814.654..17044.126 rows=4680 loops=1)
  Hash Cond: (ci.movie_id = t.id)
  ->  Seq Scan on cast_info ci  (cost=0.00..705507.15 rows=17913736 width=4) (actual time=3036.955..12022.835 rows=18039119 loops=1)
        Filter: (person_id > 1807774)
        Rows Removed by Filter: 18205225
  ->  Hash  (cost=95077.37..95077.37 rows=6974 width=8) (actual time=1777.227..1777.227 rows=3554 loops=1)
        Buckets: 8192  Batches: 1  Memory Usage: 203kB
        ->  Hash Join  (cost=68078.69..95077.37 rows=6974 width=8) (actual time=1223.657..1775.590 rows=3554 loops=1)
              Hash Cond: (mi_idx.movie_id = t.id)
              ->  Seq Scan on movie_info_idx mi_idx  (cost=0.00..25185.44 rows=464934 width=4) (actual time=0.031..475.965 rows=460185 loops=1)
                    Filter: (info_type_id > 100)
                    Rows Removed by Filter: 919850
              ->  Hash  (cost=67604.59..67604.59 rows=37928 width=4) (actual time=1171.730..1171.730 rows=35050 loops=1)
                    Buckets: 65536  Batches: 1  Memory Usage: 1745kB
                    ->  Seq Scan on title t  (cost=0.00..67604.59 rows=37928 width=4) (actual time=0.027..1158.489 rows=35050 loops=1)
                          Filter: (production_year < 1912)
                          Rows Removed by Filter: 2493262
Planning time: 0.926 ms
Execution time: 17045.636 ms
