Hash Join  (cost=143761.26..254917.00 rows=476189 width=0) (actual time=3705.263..6524.522 rows=1264086 loops=1)
  Hash Cond: (mk.movie_id = t.id)
  ->  Seq Scan on movie_keyword mk  (cost=0.00..81003.12 rows=1991660 width=4) (actual time=0.013..1690.118 rows=1997994 loops=1)
        Filter: (keyword_id < 3534)
        Rows Removed by Filter: 2525936
  ->  Hash  (cost=133842.40..133842.40 rows=604549 width=8) (actual time=3704.390..3704.390 rows=488617 loops=1)
        Buckets: 131072  Batches: 8  Memory Usage: 3414kB
        ->  Hash Join  (cost=85777.42..133842.40 rows=604549 width=8) (actual time=2027.424..3552.638 rows=488617 loops=1)
              Hash Cond: (mi_idx.movie_id = t.id)
              ->  Seq Scan on movie_info_idx mi_idx  (cost=0.00..21735.35 rows=1380035 width=4) (actual time=0.020..509.355 rows=1380035 loops=1)
              ->  Hash  (cost=67604.59..67604.59 rows=1107667 width=4) (actual time=2026.210..2026.210 rows=1107925 loops=1)
                    Buckets: 131072  Batches: 16  Memory Usage: 3460kB
                    ->  Seq Scan on title t  (cost=0.00..67604.59 rows=1107667 width=4) (actual time=0.031..1225.599 rows=1107925 loops=1)
                          Filter: (production_year > 2004)
                          Rows Removed by Filter: 1420387
Planning time: 1.067 ms
Execution time: 6645.322 ms
