Seq Scan on movie_companies mc  (cost=0.00..57926.93 rows=53 width=0) (actual time=474.284..742.152 rows=3 loops=1)
  Filter: ((company_id = 176039) AND (company_type_id = 2))
  Rows Removed by Filter: 2609126
Planning time: 0.455 ms
Execution time: 742.249 ms
