Hash Join  (cost=129928.86..1097036.55 rows=3961078 width=136) (actual time=5020.846..18308.466 rows=8067523 loops=1)
  Hash Cond: (ci.movie_id = t.id)
  ->  Seq Scan on cast_info ci  (cost=0.00..796071.18 rows=3961078 width=42) (actual time=2627.516..9288.432 rows=8067523 loops=1)
        Filter: ((person_id < 1098953) AND (role_id = 1))
        Rows Removed by Filter: 28176821
  ->  Hash  (cost=61283.27..61283.27 rows=2528527 width=94) (actual time=2390.871..2390.871 rows=2528312 loops=1)
        Buckets: 32768  Batches: 128  Memory Usage: 2453kB
        ->  Seq Scan on title t  (cost=0.00..61283.27 rows=2528527 width=94) (actual time=0.030..565.562 rows=2528312 loops=1)
Planning time: 0.997 ms
Execution time: 18596.178 ms
