Hash Join  (cost=190230.21..338613.00 rows=1987731 width=0) (actual time=4206.939..9685.940 rows=8354202 loops=1)
  Hash Cond: (mk.movie_id = t.id)
  ->  Seq Scan on movie_keyword mk  (cost=0.00..81003.12 rows=3641960 width=4) (actual time=0.022..1825.940 rows=3634615 loops=1)
        Filter: (keyword_id < 20743)
        Rows Removed by Filter: 889315
  ->  Hash  (cost=167588.78..167588.78 rows=1380035 width=8) (actual time=4205.092..4205.092 rows=1380035 loops=1)
        Buckets: 131072  Batches: 32  Memory Usage: 2726kB
        ->  Hash Join  (cost=102767.86..167588.78 rows=1380035 width=8) (actual time=1806.502..3790.148 rows=1380035 loops=1)
              Hash Cond: (mi_idx.movie_id = t.id)
              ->  Seq Scan on movie_info_idx mi_idx  (cost=0.00..21735.35 rows=1380035 width=4) (actual time=0.022..270.809 rows=1380035 loops=1)
              ->  Hash  (cost=61283.27..61283.27 rows=2528527 width=4) (actual time=1804.521..1804.521 rows=2528312 loops=1)
                    Buckets: 131072  Batches: 64  Memory Usage: 2415kB
                    ->  Seq Scan on title t  (cost=0.00..61283.27 rows=2528527 width=4) (actual time=0.020..962.598 rows=2528312 loops=1)
Planning time: 5.237 ms
Execution time: 10609.632 ms
