Hash Join  (cost=102767.86..198296.74 rows=193093 width=0) (actual time=1979.914..3774.507 rows=196310 loops=1)
  Hash Cond: (mk.movie_id = t.id)
  ->  Seq Scan on movie_keyword mk  (cost=0.00..81003.12 rows=193093 width=4) (actual time=0.044..1267.649 rows=196310 loops=1)
        Filter: (keyword_id > 69555)
        Rows Removed by Filter: 4327620
  ->  Hash  (cost=61283.27..61283.27 rows=2528527 width=4) (actual time=1978.044..1978.044 rows=2528312 loops=1)
        Buckets: 131072  Batches: 64  Memory Usage: 2425kB
        ->  Seq Scan on title t  (cost=0.00..61283.27 rows=2528527 width=4) (actual time=0.019..1108.110 rows=2528312 loops=1)
Planning time: 0.728 ms
Execution time: 3796.926 ms
