Seq Scan on movie_keyword mk  (cost=0.00..81003.12 rows=246 width=0) (actual time=1.670..1318.010 rows=674 loops=1)
  Filter: (keyword_id = 1960)
  Rows Removed by Filter: 4523256
Planning time: 0.391 ms
Execution time: 1318.363 ms
