Seq Scan on movie_keyword mk  (cost=0.00..81003.12 rows=871181 width=12) (actual time=0.155..622.819 rows=873331 loops=1)
  Filter: (keyword_id < 830)
  Rows Removed by Filter: 3650599
Planning time: 0.218 ms
Execution time: 656.252 ms
