Seq Scan on movie_companies mc  (cost=0.00..51404.11 rows=2038180 width=0) (actual time=0.016..1026.433 rows=2038749 loops=1)
  Filter: (company_id > 596)
  Rows Removed by Filter: 570380
Planning time: 0.355 ms
Execution time: 1276.497 ms
