Hash Join  (cost=122632.07..209595.49 rows=30539 width=0) (actual time=1694.972..3559.199 rows=210550 loops=1)
  Hash Cond: (mk.movie_id = t.id)
  ->  Seq Scan on movie_keyword mk  (cost=0.00..69693.30 rows=4523930 width=4) (actual time=0.015..966.055 rows=4523930 loops=1)
  ->  Hash  (cost=122418.70..122418.70 rows=17069 width=8) (actual time=1693.481..1693.481 rows=16382 loops=1)
        Buckets: 32768  Batches: 1  Memory Usage: 896kB
        ->  Hash Join  (cost=68449.54..122418.70 rows=17069 width=8) (actual time=841.360..1687.327 rows=16382 loops=1)
              Hash Cond: (mc.movie_id = t.id)
              ->  Seq Scan on movie_companies mc  (cost=0.00..51404.11 rows=638497 width=4) (actual time=0.022..680.522 rows=632067 loops=1)
                    Filter: (company_id < 846)
                    Rows Removed by Filter: 1977062
              ->  Hash  (cost=67604.59..67604.59 rows=67596 width=4) (actual time=840.654..840.654 rows=67777 loops=1)
                    Buckets: 131072  Batches: 1  Memory Usage: 3407kB
                    ->  Seq Scan on title t  (cost=0.00..67604.59 rows=67596 width=4) (actual time=0.060..814.890 rows=67777 loops=1)
                          Filter: (production_year = 2003)
                          Rows Removed by Filter: 2460535
Planning time: 1.194 ms
Execution time: 3602.354 ms
