Hash Join  (cost=90991.69..180838.22 rows=1073300 width=0) (actual time=1720.236..4204.590 rows=416149 loops=1)
  Hash Cond: (mc.movie_id = t.id)
  ->  Seq Scan on movie_companies mc  (cost=0.00..44881.29 rows=2609129 width=4) (actual time=0.022..916.447 rows=2609129 loops=1)
  ->  Hash  (cost=73925.90..73925.90 rows=1040143 width=4) (actual time=1677.924..1677.924 rows=1134228 loops=1)
        Buckets: 131072  Batches: 16  Memory Usage: 3525kB
        ->  Seq Scan on title t  (cost=0.00..73925.90 rows=1040143 width=4) (actual time=0.008..1330.191 rows=1134228 loops=1)
              Filter: ((production_year > 1992) AND (kind_id = 7))
              Rows Removed by Filter: 1394084
Planning time: 0.848 ms
Execution time: 4255.723 ms
