Seq Scan on cast_info ci  (cost=0.00..705507.15 rows=18781212 width=0) (actual time=0.012..12335.384 rows=18913015 loops=1)
  Filter: (person_id > 1712033)
  Rows Removed by Filter: 17331329
Planning time: 0.388 ms
Execution time: 14572.098 ms
