Seq Scan on cast_info ci  (cost=0.00..796071.18 rows=10092869 width=0) (actual time=5240.529..15143.707 rows=5515970 loops=1)
  Filter: ((person_id < 2286563) AND (role_id > 2))
  Rows Removed by Filter: 30728374
Planning time: 0.369 ms
Execution time: 15838.474 ms
