Hash Join  (cost=174403.47..697052.06 rows=4015166 width=0) (actual time=4364.256..23744.254 rows=22109182 loops=1)
  Hash Cond: (mi.movie_id = t.id)
  ->  Seq Scan on movie_info mi  (cost=0.00..309384.22 rows=14739122 width=4) (actual time=0.015..6712.905 rows=14835720 loops=1)
  ->  Hash  (cost=163102.35..163102.35 rows=688810 width=8) (actual time=4363.216..4363.216 rows=1027288 loops=1)
        Buckets: 131072  Batches: 16  Memory Usage: 3579kB
        ->  Hash Join  (cost=78556.72..163102.35 rows=688810 width=8) (actual time=1459.476..4048.490 rows=1027288 loops=1)
              Hash Cond: (mc.movie_id = t.id)
              ->  Seq Scan on movie_companies mc  (cost=0.00..44881.29 rows=2609129 width=4) (actual time=0.016..906.637 rows=2609129 loops=1)
              ->  Hash  (cost=67604.59..67604.59 rows=667531 width=4) (actual time=1458.561..1458.561 rows=662834 loops=1)
                    Buckets: 131072  Batches: 16  Memory Usage: 2478kB
                    ->  Seq Scan on title t  (cost=0.00..67604.59 rows=667531 width=4) (actual time=0.024..1243.914 rows=662834 loops=1)
                          Filter: (production_year < 1989)
                          Rows Removed by Filter: 1865478
Planning time: 1.173 ms
Execution time: 26158.274 ms
