Hash Join  (cost=52284.99..412108.35 rows=149 width=0) (actual time=812.904..7106.557 rows=2271 loops=1)
  Hash Cond: (mi.movie_id = t.id)
  ->  Seq Scan on movie_info mi  (cost=0.00..346232.03 rows=3623957 width=4) (actual time=0.020..5734.994 rows=3624977 loops=1)
        Filter: (info_type_id < 4)
        Rows Removed by Filter: 11210743
  ->  Hash  (cost=52283.69..52283.69 rows=104 width=8) (actual time=808.630..808.630 rows=1290 loops=1)
        Buckets: 2048 (originally 1024)  Batches: 1 (originally 1)  Memory Usage: 67kB
        ->  Nested Loop  (cost=0.43..52283.69 rows=104 width=8) (actual time=1.747..807.879 rows=1290 loops=1)
              ->  Seq Scan on movie_companies mc  (cost=0.00..51404.11 rows=104 width=4) (actual time=1.690..776.648 rows=1290 loops=1)
                    Filter: (company_id = 7)
                    Rows Removed by Filter: 2607839
              ->  Index Only Scan using title_pkey on title t  (cost=0.43..8.45 rows=1 width=4) (actual time=0.023..0.023 rows=1 loops=1290)
                    Index Cond: (id = mc.movie_id)
                    Heap Fetches: 1290
Planning time: 1.187 ms
Execution time: 7107.192 ms
