Hash Join  (cost=102767.86..199583.06 rows=1205555 width=0) (actual time=1974.511..4440.920 rows=1088890 loops=1)
  Hash Cond: (mc.movie_id = t.id)
  ->  Seq Scan on movie_companies mc  (cost=0.00..57926.93 rows=1205555 width=4) (actual time=0.024..1160.634 rows=1088890 loops=1)
        Filter: ((company_id < 101863) AND (company_type_id = 2))
        Rows Removed by Filter: 1520239
  ->  Hash  (cost=61283.27..61283.27 rows=2528527 width=4) (actual time=1973.239..1973.239 rows=2528312 loops=1)
        Buckets: 131072  Batches: 64  Memory Usage: 2415kB
        ->  Seq Scan on title t  (cost=0.00..61283.27 rows=2528527 width=4) (actual time=0.017..1101.460 rows=2528312 loops=1)
Planning time: 0.775 ms
Execution time: 4582.449 ms
