Seq Scan on movie_keyword mk  (cost=0.00..81003.12 rows=2717641 width=0) (actual time=0.025..1554.948 rows=2718586 loops=1)
  Filter: (keyword_id < 7683)
  Rows Removed by Filter: 1805344
Planning time: 0.362 ms
Execution time: 1894.483 ms
