Hash Join  (cost=483811.61..1690552.81 rows=8682205 width=0) (actual time=9416.178..54671.807 rows=43129441 loops=1)
  Hash Cond: (ci.movie_id = t.id)
  ->  Seq Scan on cast_info ci  (cost=0.00..705507.15 rows=35632799 width=4) (actual time=0.018..17850.265 rows=35750756 loops=1)
        Filter: (person_id > 54932)
        Rows Removed by Filter: 493588
  ->  Hash  (cost=473703.43..473703.43 rows=616095 width=8) (actual time=9414.557..9414.557 rows=598457 loops=1)
        Buckets: 131072  Batches: 16  Memory Usage: 2474kB
        ->  Hash Join  (cost=102767.86..473703.43 rows=616095 width=8) (actual time=4995.841..9229.550 rows=598457 loops=1)
              Hash Cond: (mi.movie_id = t.id)
              ->  Seq Scan on movie_info mi  (cost=0.00..346232.03 rows=616095 width=4) (actual time=2407.707..5786.436 rows=598457 loops=1)
                    Filter: (info_type_id = 15)
                    Rows Removed by Filter: 14237263
              ->  Hash  (cost=61283.27..61283.27 rows=2528527 width=4) (actual time=2541.723..2541.723 rows=2528312 loops=1)
                    Buckets: 131072  Batches: 64  Memory Usage: 2425kB
                    ->  Seq Scan on title t  (cost=0.00..61283.27 rows=2528527 width=4) (actual time=0.014..1020.249 rows=2528312 loops=1)
Planning time: 1.689 ms
Execution time: 59570.426 ms
