Hash Join  (cost=73962.22..135776.63 rows=1187 width=0) (actual time=1117.055..2208.609 rows=3228 loops=1)
  Hash Cond: (mc.movie_id = t.id)
  ->  Seq Scan on movie_companies mc  (cost=0.00..57926.93 rows=1033495 width=4) (actual time=0.019..951.957 rows=746993 loops=1)
        Filter: ((company_id < 70885) AND (company_type_id = 2))
        Rows Removed by Filter: 1862136
  ->  Hash  (cost=73925.90..73925.90 rows=2905 width=4) (actual time=1116.301..1116.301 rows=6232 loops=1)
        Buckets: 8192 (originally 4096)  Batches: 1 (originally 1)  Memory Usage: 284kB
        ->  Seq Scan on title t  (cost=0.00..73925.90 rows=2905 width=4) (actual time=0.233..1113.337 rows=6232 loops=1)
              Filter: ((kind_id < 7) AND (production_year = 1970))
              Rows Removed by Filter: 2522080
Planning time: 0.795 ms
Execution time: 2209.443 ms
