Seq Scan on movie_keyword mk  (cost=0.00..81003.12 rows=1571916 width=0) (actual time=0.020..1430.744 rows=1580163 loops=1)
  Filter: (keyword_id < 2399)
  Rows Removed by Filter: 2943767
Planning time: 0.335 ms
Execution time: 1626.436 ms
