Seq Scan on title t  (cost=0.00..73925.90 rows=1266640 width=0) (actual time=0.014..1263.935 rows=1348885 loops=1)
  Filter: ((production_year > 1970) AND (kind_id = 7))
  Rows Removed by Filter: 1179427
Planning time: 0.402 ms
Execution time: 1432.174 ms
