Seq Scan on cast_info ci  (cost=0.00..705507.15 rows=5864478 width=0) (actual time=0.025..12053.057 rows=5895341 loops=1)
  Filter: (person_id > 3054871)
  Rows Removed by Filter: 30349003
Planning time: 0.340 ms
Execution time: 12803.193 ms
