Hash Join  (cost=83072.94..111704.85 rows=1 width=156) (actual time=1261.529..1340.895 rows=2 loops=1)
  Hash Cond: (mi_idx.movie_id = t.id)
  ->  Seq Scan on movie_info_idx mi_idx  (cost=0.00..25185.44 rows=919057 width=50) (actual time=0.017..295.189 rows=920110 loops=1)
        Filter: (info_type_id > 99)
        Rows Removed by Filter: 459925
  ->  Hash  (cost=83072.90..83072.90 rows=3 width=106) (actual time=950.693..950.693 rows=1 loops=1)
        Buckets: 1024  Batches: 1  Memory Usage: 9kB
        ->  Nested Loop  (cost=0.43..83072.90 rows=3 width=106) (actual time=938.040..950.683 rows=1 loops=1)
              ->  Seq Scan on movie_keyword mk  (cost=0.00..81003.12 rows=246 width=12) (actual time=64.030..949.203 rows=32 loops=1)
                    Filter: (keyword_id = 29512)
                    Rows Removed by Filter: 4523898
              ->  Index Scan using title_pkey on title t  (cost=0.43..8.40 rows=1 width=94) (actual time=0.041..0.041 rows=0 loops=32)
                    Index Cond: (id = mk.movie_id)
                    Filter: ((kind_id = 1) AND (production_year = 2009))
                    Rows Removed by Filter: 1
Planning time: 1.310 ms
Execution time: 1341.007 ms
