Nested Loop  (cost=0.43..83071.67 rows=246 width=0) (actual time=4.131..1273.036 rows=57 loops=1)
  ->  Seq Scan on movie_keyword mk  (cost=0.00..81003.12 rows=246 width=4) (actual time=4.077..1270.462 rows=57 loops=1)
        Filter: (keyword_id = 23116)
        Rows Removed by Filter: 4523873
  ->  Index Only Scan using title_pkey on title t  (cost=0.43..8.40 rows=1 width=4) (actual time=0.039..0.040 rows=1 loops=57)
        Index Cond: (id = mk.movie_id)
        Heap Fetches: 57
Planning time: 0.783 ms
Execution time: 1273.154 ms
