Hash Join  (cost=160687.50..957261.84 rows=50316 width=0) (actual time=3143.019..20177.113 rows=652443 loops=1)
  Hash Cond: (ci.movie_id = t.id)
  ->  Seq Scan on cast_info ci  (cost=0.00..614943.12 rows=36225612 width=4) (actual time=0.020..9224.793 rows=36244344 loops=1)
  ->  Hash  (cost=160643.60..160643.60 rows=3512 width=8) (actual time=3141.942..3141.942 rows=17503 loops=1)
        Buckets: 32768 (originally 4096)  Batches: 1 (originally 1)  Memory Usage: 940kB
        ->  Hash Join  (cost=73950.44..160643.60 rows=3512 width=8) (actual time=1187.682..3135.768 rows=17503 loops=1)
              Hash Cond: (mk.movie_id = t.id)
              ->  Seq Scan on movie_keyword mk  (cost=0.00..69693.30 rows=4523930 width=4) (actual time=0.023..1087.877 rows=4523930 loops=1)
              ->  Hash  (cost=73925.90..73925.90 rows=1963 width=4) (actual time=1182.269..1182.269 rows=1870 loops=1)
                    Buckets: 2048  Batches: 1  Memory Usage: 82kB
                    ->  Seq Scan on title t  (cost=0.00..73925.90 rows=1963 width=4) (actual time=456.681..1181.223 rows=1870 loops=1)
                          Filter: ((kind_id < 2) AND (production_year = 1946))
                          Rows Removed by Filter: 2526442
Planning time: 1.224 ms
Execution time: 20259.048 ms
