Hash Join  (cost=103216.26..185216.11 rows=1202 width=0) (actual time=2084.179..3315.582 rows=288 loops=1)
  Hash Cond: (mk.movie_id = t.id)
  ->  Seq Scan on movie_keyword mk  (cost=0.00..81003.12 rows=262589 width=4) (actual time=187.171..1370.674 rows=261480 loops=1)
        Filter: (keyword_id > 59192)
        Rows Removed by Filter: 4262450
  ->  Hash  (cost=103071.58..103071.58 rows=11574 width=8) (actual time=1894.453..1894.453 rows=7252 loops=1)
        Buckets: 16384  Batches: 1  Memory Usage: 412kB
        ->  Hash Join  (cost=74323.94..103071.58 rows=11574 width=8) (actual time=1505.207..1891.655 rows=7252 loops=1)
              Hash Cond: (mi_idx.movie_id = t.id)
              ->  Seq Scan on movie_info_idx mi_idx  (cost=0.00..25185.44 rows=919057 width=4) (actual time=0.020..468.223 rows=920110 loops=1)
                    Filter: (info_type_id > 99)
                    Rows Removed by Filter: 459925
              ->  Hash  (cost=73925.90..73925.90 rows=31843 width=4) (actual time=1234.552..1234.552 rows=35656 loops=1)
                    Buckets: 65536 (originally 32768)  Batches: 1 (originally 1)  Memory Usage: 1766kB
                    ->  Seq Scan on title t  (cost=0.00..73925.90 rows=31843 width=4) (actual time=0.559..1219.313 rows=35656 loops=1)
                          Filter: ((kind_id = 7) AND (production_year = 2000))
                          Rows Removed by Filter: 2492656
Planning time: 1.215 ms
Execution time: 3315.844 ms
