Hash Join  (cost=1130910.13..2012533.46 rows=30751379 width=0) (actual time=18692.444..41513.804 rows=35457262 loops=1)
  Hash Cond: (mi.movie_id = t.id)
  ->  Seq Scan on movie_info mi  (cost=0.00..309384.22 rows=14739122 width=4) (actual time=0.012..6277.641 rows=14835720 loops=1)
  ->  Hash  (cost=1044358.84..1044358.84 rows=5275463 width=8) (actual time=18689.260..18689.260 rows=2259425 loops=1)
        Buckets: 131072  Batches: 128  Memory Usage: 1752kB
        ->  Hash Join  (cost=99161.12..1044358.84 rows=5275463 width=8) (actual time=1993.899..18042.538 rows=2259425 loops=1)
              Hash Cond: (ci.movie_id = t.id)
              ->  Seq Scan on cast_info ci  (cost=0.00..796071.18 rows=6935182 width=4) (actual time=0.022..13279.319 rows=2947340 loops=1)
                    Filter: ((person_id < 1033615) AND (role_id > 1))
                    Rows Removed by Filter: 33297004
              ->  Hash  (cost=67604.59..67604.59 rows=1923403 width=4) (actual time=1992.470..1992.470 rows=1922849 loops=1)
                    Buckets: 131072  Batches: 32  Memory Usage: 3132kB
                    ->  Seq Scan on title t  (cost=0.00..67604.59 rows=1923403 width=4) (actual time=0.018..1359.268 rows=1922849 loops=1)
                          Filter: (production_year < 2010)
                          Rows Removed by Filter: 605463
Planning time: 0.961 ms
Execution time: 45344.410 ms
