Seq Scan on movie_keyword mk  (cost=0.00..81003.12 rows=3415845 width=0) (actual time=0.029..1515.474 rows=3406018 loops=1)
  Filter: (keyword_id > 1167)
  Rows Removed by Filter: 1117912
Planning time: 0.329 ms
Execution time: 1896.568 ms
