Hash Join  (cost=83743.23..1205608.02 rows=8572363 width=0) (actual time=1474.961..35388.799 rows=8325043 loops=1)
  Hash Cond: (ci.movie_id = t.id)
  ->  Seq Scan on cast_info ci  (cost=0.00..614943.12 rows=36225612 width=4) (actual time=0.020..12897.055 rows=36244344 loops=1)
  ->  Hash  (cost=73925.90..73925.90 rows=598346 width=4) (actual time=1474.039..1474.039 rows=507407 loops=1)
        Buckets: 131072  Batches: 8  Memory Usage: 3251kB
        ->  Seq Scan on title t  (cost=0.00..73925.90 rows=598346 width=4) (actual time=0.035..1313.794 rows=507407 loops=1)
              Filter: ((kind_id < 7) AND (production_year > 1997))
              Rows Removed by Filter: 2020905
Planning time: 0.821 ms
Execution time: 36350.069 ms
