Hash Join  (cost=190601.84..1264594.53 rows=3912257 width=0) (actual time=3567.572..33110.349 rows=3583464 loops=1)
  Hash Cond: (ci.movie_id = t.id)
  ->  Seq Scan on cast_info ci  (cost=0.00..614943.12 rows=36225612 width=4) (actual time=0.009..13090.183 rows=36244344 loops=1)
  ->  Hash  (cost=186121.42..186121.42 rows=273073 width=8) (actual time=3566.321..3566.321 rows=157931 loops=1)
        Buckets: 131072  Batches: 4  Memory Usage: 2564kB
        ->  Hash Join  (cost=90547.80..186121.42 rows=273073 width=8) (actual time=1616.484..3515.390 rows=157931 loops=1)
              Hash Cond: (mk.movie_id = t.id)
              ->  Seq Scan on movie_keyword mk  (cost=0.00..81003.12 rows=681537 width=4) (actual time=0.012..1353.287 rows=679742 loops=1)
                    Filter: (keyword_id < 557)
                    Rows Removed by Filter: 3844188
              ->  Hash  (cost=73925.90..73925.90 rows=1013112 width=4) (actual time=1614.413..1614.413 rows=946533 loops=1)
                    Buckets: 131072  Batches: 16  Memory Usage: 3114kB
                    ->  Seq Scan on title t  (cost=0.00..73925.90 rows=1013112 width=4) (actual time=0.025..1309.657 rows=946533 loops=1)
                          Filter: ((kind_id > 2) AND (production_year < 2006))
                          Rows Removed by Filter: 1581779
Planning time: 1.221 ms
Execution time: 33559.460 ms
