Hash Join  (cost=120947.01..189805.45 rows=358211 width=144) (actual time=2799.842..4166.950 rows=357560 loops=1)
  Hash Cond: (mi_idx.movie_id = t.id)
  ->  Seq Scan on movie_info_idx mi_idx  (cost=0.00..25185.44 rows=460978 width=50) (actual time=0.030..468.446 rows=459925 loops=1)
        Filter: (info_type_id < 100)
        Rows Removed by Filter: 920110
  ->  Hash  (cost=67604.59..67604.59 rows=1964834 width=94) (actual time=2798.387..2798.387 rows=1962189 loops=1)
        Buckets: 32768  Batches: 128  Memory Usage: 1969kB
        ->  Seq Scan on title t  (cost=0.00..67604.59 rows=1964834 width=94) (actual time=0.016..1492.843 rows=1962189 loops=1)
              Filter: (production_year > 1978)
              Rows Removed by Filter: 566123
Planning time: 0.967 ms
Execution time: 4186.296 ms
