Hash Join  (cost=58375.47..809164.93 rows=29 width=0) (actual time=1424.545..17165.962 rows=18 loops=1)
  Hash Cond: (ci.movie_id = t.id)
  ->  Seq Scan on cast_info ci  (cost=0.00..614943.12 rows=36225612 width=4) (actual time=0.013..9245.993 rows=36244344 loops=1)
  ->  Hash  (cost=58375.45..58375.45 rows=2 width=8) (actual time=1046.160..1046.160 rows=9 loops=1)
        Buckets: 1024  Batches: 1  Memory Usage: 9kB
        ->  Nested Loop  (cost=0.43..58375.45 rows=2 width=8) (actual time=66.827..1046.141 rows=9 loops=1)
              ->  Seq Scan on movie_companies mc  (cost=0.00..57926.93 rows=53 width=4) (actual time=66.745..1044.648 rows=55 loops=1)
                    Filter: ((company_type_id = 2) AND (company_id = 73063))
                    Rows Removed by Filter: 2609074
              ->  Index Scan using title_pkey on title t  (cost=0.43..8.45 rows=1 width=4) (actual time=0.025..0.025 rows=0 loops=55)
                    Index Cond: (id = mc.movie_id)
                    Filter: ((production_year > 1953) AND (kind_id = 2))
                    Rows Removed by Filter: 1
Planning time: 1.243 ms
Execution time: 17166.181 ms
