Hash Join  (cost=104131.46..173194.70 rows=99327 width=0) (actual time=2615.269..3775.742 rows=196511 loops=1)
  Hash Cond: (mc.movie_id = t.id)
  ->  Seq Scan on movie_companies mc  (cost=0.00..57926.93 rows=112806 width=4) (actual time=270.063..841.757 rows=222826 loops=1)
        Filter: ((company_id > 107217) AND (company_type_id > 1))
        Rows Removed by Filter: 2386303
  ->  Hash  (cost=67604.59..67604.59 rows=2226390 width=4) (actual time=2343.890..2343.890 rows=2224569 loops=1)
        Buckets: 131072  Batches: 32  Memory Usage: 3463kB
        ->  Seq Scan on title t  (cost=0.00..67604.59 rows=2226390 width=4) (actual time=0.030..1441.708 rows=2224569 loops=1)
              Filter: (production_year < 2012)
              Rows Removed by Filter: 303743
Planning time: 0.820 ms
Execution time: 3803.328 ms
