Hash Join  (cost=102767.86..1546871.84 rows=26520665 width=0) (actual time=2204.714..43436.987 rows=26406589 loops=1)
  Hash Cond: (ci.movie_id = t.id)
  ->  Seq Scan on cast_info ci  (cost=0.00..796071.18 rows=26520665 width=4) (actual time=291.281..19049.836 rows=26406589 loops=1)
        Filter: ((person_id > 256440) AND (role_id < 8))
        Rows Removed by Filter: 9837755
  ->  Hash  (cost=61283.27..61283.27 rows=2528527 width=4) (actual time=1911.285..1911.285 rows=2528312 loops=1)
        Buckets: 131072  Batches: 64  Memory Usage: 2415kB
        ->  Seq Scan on title t  (cost=0.00..61283.27 rows=2528527 width=4) (actual time=0.017..1028.646 rows=2528312 loops=1)
Planning time: 0.795 ms
Execution time: 46297.127 ms
