Seq Scan on movie_keyword mk  (cost=0.00..81003.12 rows=3559091 width=0) (actual time=0.016..1461.837 rows=3551182 loops=1)
  Filter: (keyword_id < 19368)
  Rows Removed by Filter: 972748
Planning time: 0.351 ms
Execution time: 1891.777 ms
