Hash Join  (cost=169184.28..1267513.72 rows=6281327 width=0) (actual time=3568.896..40848.991 rows=28603539 loops=1)
  Hash Cond: (ci.movie_id = t.id)
  ->  Seq Scan on cast_info ci  (cost=0.00..614943.12 rows=36225612 width=4) (actual time=0.040..13106.262 rows=36244344 loops=1)
  ->  Hash  (cost=161990.87..161990.87 rows=438433 width=8) (actual time=3567.804..3567.804 rows=567766 loops=1)
        Buckets: 131072  Batches: 8  Memory Usage: 3789kB
        ->  Hash Join  (cost=80897.02..161990.87 rows=438433 width=8) (actual time=1423.477..3409.520 rows=567766 loops=1)
              Hash Cond: (mc.movie_id = t.id)
              ->  Seq Scan on movie_companies mc  (cost=0.00..44881.29 rows=2609129 width=4) (actual time=0.027..847.780 rows=2609129 loops=1)
              ->  Hash  (cost=73925.90..73925.90 rows=424889 width=4) (actual time=1236.890..1236.890 rows=309098 loops=1)
                    Buckets: 131072  Batches: 8  Memory Usage: 2386kB
                    ->  Seq Scan on title t  (cost=0.00..73925.90 rows=424889 width=4) (actual time=420.596..1130.019 rows=309098 loops=1)
                          Filter: ((production_year > 1995) AND (kind_id = 1))
                          Rows Removed by Filter: 2219214
Planning time: 1.227 ms
Execution time: 43975.526 ms
