Seq Scan on movie_keyword mk  (cost=0.00..81003.12 rows=246 width=0) (actual time=0.915..1222.677 rows=3193 loops=1)
  Filter: (keyword_id = 3511)
  Rows Removed by Filter: 4520737
Planning time: 0.377 ms
Execution time: 1223.734 ms
