Seq Scan on movie_companies mc  (cost=0.00..57926.93 rows=269805 width=0) (actual time=112.648..988.099 rows=404309 loops=1)
  Filter: ((company_id < 554) AND (company_type_id = 1))
  Rows Removed by Filter: 2204820
Planning time: 0.427 ms
Execution time: 1040.803 ms
