Hash Join  (cost=98137.04..203258.05 rows=614637 width=0) (actual time=1982.405..4145.430 rows=281204 loops=1)
  Hash Cond: (mk.movie_id = t.id)
  ->  Seq Scan on movie_keyword mk  (cost=0.00..81003.12 rows=835104 width=4) (actual time=0.031..1332.387 rows=840498 loops=1)
        Filter: (keyword_id > 21828)
        Rows Removed by Filter: 3683432
  ->  Hash  (cost=67604.59..67604.59 rows=1860996 width=4) (actual time=1980.109..1980.109 rows=1865487 loops=1)
        Buckets: 131072  Batches: 32  Memory Usage: 3085kB
        ->  Seq Scan on title t  (cost=0.00..67604.59 rows=1860996 width=4) (actual time=0.013..1362.537 rows=1865487 loops=1)
              Filter: (kind_id > 1)
              Rows Removed by Filter: 662825
Planning time: 0.798 ms
Execution time: 4180.777 ms
