Hash Join  (cost=83074.74..137742.81 rows=254 width=0) (actual time=1470.477..2477.438 rows=172 loops=1)
  Hash Cond: (mc.movie_id = t.id)
  ->  Seq Scan on movie_companies mc  (cost=0.00..44881.29 rows=2609129 width=4) (actual time=0.021..641.771 rows=2609129 loops=1)
  ->  Hash  (cost=83071.67..83071.67 rows=246 width=8) (actual time=1371.462..1371.462 rows=22 loops=1)
        Buckets: 1024  Batches: 1  Memory Usage: 9kB
        ->  Nested Loop  (cost=0.43..83071.67 rows=246 width=8) (actual time=57.041..1371.427 rows=22 loops=1)
              ->  Seq Scan on movie_keyword mk  (cost=0.00..81003.12 rows=246 width=4) (actual time=56.018..1369.561 rows=22 loops=1)
                    Filter: (keyword_id = 2933)
                    Rows Removed by Filter: 4523908
              ->  Index Only Scan using title_pkey on title t  (cost=0.43..8.40 rows=1 width=4) (actual time=0.078..0.079 rows=1 loops=22)
                    Index Cond: (id = mk.movie_id)
                    Heap Fetches: 22
Planning time: 1.265 ms
Execution time: 2477.583 ms
