Hash Join  (cost=74698.31..581397.13 rows=2520389 width=0) (actual time=1201.948..14897.518 rows=3836811 loops=1)
  Hash Cond: (mi.movie_id = t.id)
  ->  Seq Scan on movie_info mi  (cost=0.00..309384.22 rows=14739122 width=4) (actual time=0.007..5776.075 rows=14835720 loops=1)
  ->  Hash  (cost=67604.59..67604.59 rows=432378 width=4) (actual time=1200.833..1200.833 rows=423779 loops=1)
        Buckets: 131072  Batches: 8  Memory Usage: 2891kB
        ->  Seq Scan on title t  (cost=0.00..67604.59 rows=432378 width=4) (actual time=0.023..1063.536 rows=423779 loops=1)
              Filter: (production_year < 1974)
              Rows Removed by Filter: 2104533
Planning time: 0.603 ms
Execution time: 15342.213 ms
