Seq Scan on title t  (cost=0.00..73925.90 rows=118527 width=0) (actual time=0.011..1090.522 rows=217379 loops=1)
  Filter: ((kind_id < 7) AND (production_year < 1965))
  Rows Removed by Filter: 2310933
Planning time: 0.350 ms
Execution time: 1119.372 ms
