Hash Join  (cost=250548.97..889974.90 rows=13232810 width=0) (actual time=6219.650..34076.331 rows=57942187 loops=1)
  Hash Cond: (mi.movie_id = t.id)
  ->  Seq Scan on movie_info mi  (cost=0.00..309384.22 rows=14739122 width=4) (actual time=0.021..5977.068 rows=14835720 loops=1)
  ->  Hash  (cost=213304.52..213304.52 rows=2270116 width=8) (actual time=6218.843..6218.843 rows=2072758 loops=1)
        Buckets: 131072  Batches: 32  Memory Usage: 3594kB
        ->  Hash Join  (cost=103698.42..213304.52 rows=2270116 width=8) (actual time=2132.090..5553.778 rows=2072758 loops=1)
              Hash Cond: (mc.movie_id = t.id)
              ->  Seq Scan on movie_companies mc  (cost=0.00..44881.29 rows=2609129 width=4) (actual time=0.014..910.106 rows=2609129 loops=1)
              ->  Hash  (cost=67604.59..67604.59 rows=2199987 width=4) (actual time=2130.823..2130.823 rows=2192624 loops=1)
                    Buckets: 131072  Batches: 32  Memory Usage: 3436kB
                    ->  Seq Scan on title t  (cost=0.00..67604.59 rows=2199987 width=4) (actual time=0.019..1424.953 rows=2192624 loops=1)
                          Filter: (production_year > 1961)
                          Rows Removed by Filter: 335688
Planning time: 1.214 ms
Execution time: 40478.518 ms
