Seq Scan on title t  (cost=0.00..67604.59 rows=7437 width=0) (actual time=0.201..1038.729 rows=11416 loops=1)
  Filter: (production_year = 1964)
  Rows Removed by Filter: 2516896
Planning time: 0.436 ms
Execution time: 1041.237 ms
