Seq Scan on movie_keyword mk  (cost=0.00..81003.12 rows=4340508 width=0) (actual time=0.027..1625.846 rows=4336227 loops=1)
  Filter: (keyword_id < 71404)
  Rows Removed by Filter: 187703
Planning time: 0.339 ms
Execution time: 2174.089 ms
