Hash Join  (cost=102767.86..195342.48 rows=1300462 width=0) (actual time=1881.801..4372.479 rows=1309479 loops=1)
  Hash Cond: (mc.movie_id = t.id)
  ->  Seq Scan on movie_companies mc  (cost=0.00..51404.11 rows=1300462 width=4) (actual time=0.015..1023.617 rows=1309479 loops=1)
        Filter: (company_id > 11288)
        Rows Removed by Filter: 1299650
  ->  Hash  (cost=61283.27..61283.27 rows=2528527 width=4) (actual time=1880.615..1880.615 rows=2528312 loops=1)
        Buckets: 131072  Batches: 64  Memory Usage: 2415kB
        ->  Seq Scan on title t  (cost=0.00..61283.27 rows=2528527 width=4) (actual time=0.010..1031.122 rows=2528312 loops=1)
Planning time: 0.667 ms
Execution time: 4529.657 ms
