Seq Scan on movie_keyword mk  (cost=0.00..81003.12 rows=2519874 width=0) (actual time=0.024..1331.810 rows=2512988 loops=1)
  Filter: (keyword_id > 3576)
  Rows Removed by Filter: 2010942
Planning time: 0.354 ms
Execution time: 1624.208 ms
