Seq Scan on cast_info ci  (cost=0.00..796071.18 rows=11364226 width=42) (actual time=0.021..10978.418 rows=9572305 loops=1)
  Filter: ((person_id < 3566909) AND (role_id > 3))
  Rows Removed by Filter: 26672039
Planning time: 0.515 ms
Execution time: 11469.852 ms
