Seq Scan on movie_keyword mk  (cost=0.00..81003.12 rows=2648975 width=0) (actual time=0.017..927.827 rows=2637082 loops=1)
  Filter: (keyword_id > 3224)
  Rows Removed by Filter: 1886848
Planning time: 0.356 ms
Execution time: 1155.245 ms
