Hash Join  (cost=102767.86..194077.79 rows=976800 width=0) (actual time=2379.399..4593.232 rows=831612 loops=1)
  Hash Cond: (mc.movie_id = t.id)
  ->  Seq Scan on movie_companies mc  (cost=0.00..57926.93 rows=976800 width=4) (actual time=382.329..1205.227 rows=831612 loops=1)
        Filter: ((company_id > 741) AND (company_type_id < 2))
        Rows Removed by Filter: 1777517
  ->  Hash  (cost=61283.27..61283.27 rows=2528527 width=4) (actual time=1995.721..1995.721 rows=2528312 loops=1)
        Buckets: 131072  Batches: 64  Memory Usage: 2415kB
        ->  Seq Scan on title t  (cost=0.00..61283.27 rows=2528527 width=4) (actual time=0.027..1180.150 rows=2528312 loops=1)
Planning time: 0.825 ms
Execution time: 4695.761 ms
