Hash Join  (cost=156649.15..228924.19 rows=171911 width=0) (actual time=3364.640..4910.858 rows=495468 loops=1)
  Hash Cond: (mc.movie_id = t.id)
  ->  Seq Scan on movie_companies mc  (cost=0.00..57926.93 rows=934933 width=4) (actual time=37.486..1101.877 rows=780009 loops=1)
        Filter: ((company_id > 1283) AND (company_type_id = 1))
        Rows Removed by Filter: 1829120
  ->  Hash  (cost=149020.47..149020.47 rows=464934 width=8) (actual time=3326.130..3326.130 rows=460185 loops=1)
        Buckets: 131072  Batches: 8  Memory Usage: 3276kB
        ->  Hash Join  (cost=102767.86..149020.47 rows=464934 width=8) (actual time=1845.311..3195.403 rows=460185 loops=1)
              Hash Cond: (mi_idx.movie_id = t.id)
              ->  Seq Scan on movie_info_idx mi_idx  (cost=0.00..25185.44 rows=464934 width=4) (actual time=0.030..560.327 rows=460185 loops=1)
                    Filter: (info_type_id > 100)
                    Rows Removed by Filter: 919850
              ->  Hash  (cost=61283.27..61283.27 rows=2528527 width=4) (actual time=1844.039..1844.039 rows=2528312 loops=1)
                    Buckets: 131072  Batches: 64  Memory Usage: 2415kB
                    ->  Seq Scan on title t  (cost=0.00..61283.27 rows=2528527 width=4) (actual time=0.014..1002.579 rows=2528312 loops=1)
Planning time: 1.195 ms
Execution time: 4954.918 ms
