Hash Join  (cost=349336.96..1123694.91 rows=22425231 width=0) (actual time=7942.265..63889.891 rows=198078625 loops=1)
  Hash Cond: (mi.movie_id = t.id)
  ->  Seq Scan on movie_info mi  (cost=0.00..309384.22 rows=14739122 width=4) (actual time=0.022..6209.268 rows=14835720 loops=1)
  ->  Hash  (cost=286220.28..286220.28 rows=3847095 width=8) (actual time=7941.306..7941.306 rows=3840228 loops=1)
        Buckets: 131072  Batches: 64  Memory Usage: 3472kB
        ->  Hash Join  (cost=102767.86..286220.28 rows=3847095 width=8) (actual time=2012.391..6919.348 rows=3840228 loops=1)
              Hash Cond: (mk.movie_id = t.id)
              ->  Seq Scan on movie_keyword mk  (cost=0.00..81003.12 rows=3847095 width=4) (actual time=0.026..1777.826 rows=3840228 loops=1)
                    Filter: (keyword_id < 27534)
                    Rows Removed by Filter: 683702
              ->  Hash  (cost=61283.27..61283.27 rows=2528527 width=4) (actual time=2010.859..2010.859 rows=2528312 loops=1)
                    Buckets: 131072  Batches: 64  Memory Usage: 2425kB
                    ->  Seq Scan on title t  (cost=0.00..61283.27 rows=2528527 width=4) (actual time=0.024..1151.615 rows=2528312 loops=1)
Planning time: 1.103 ms
Execution time: 84314.551 ms
