Seq Scan on movie_keyword mk  (cost=0.00..81003.12 rows=1709836 width=0) (actual time=0.016..1442.820 rows=1715445 loops=1)
  Filter: (keyword_id > 8287)
  Rows Removed by Filter: 2808485
Planning time: 0.347 ms
Execution time: 1659.239 ms
