Seq Scan on cast_info ci  (cost=0.00..705507.15 rows=500 width=42) (actual time=823.920..6766.618 rows=2 loops=1)
  Filter: (person_id = 3414756)
  Rows Removed by Filter: 36244342
Planning time: 0.367 ms
Execution time: 6766.659 ms
