Seq Scan on movie_keyword mk  (cost=0.00..81003.12 rows=880387 width=0) (actual time=0.024..1369.212 rows=888021 loops=1)
  Filter: (keyword_id > 20778)
  Rows Removed by Filter: 3635909
Planning time: 0.360 ms
Execution time: 1482.059 ms
