Hash Join  (cost=82008.92..124315.17 rows=268877 width=0) (actual time=1299.396..2546.732 rows=382558 loops=1)
  Hash Cond: (mi_idx.movie_id = t.id)
  ->  Seq Scan on movie_info_idx mi_idx  (cost=0.00..21735.35 rows=1380035 width=4) (actual time=0.016..447.239 rows=1380035 loops=1)
  ->  Hash  (cost=73925.90..73925.90 rows=492641 width=4) (actual time=1298.245..1298.245 rows=420285 loops=1)
        Buckets: 131072  Batches: 8  Memory Usage: 2868kB
        ->  Seq Scan on title t  (cost=0.00..73925.90 rows=492641 width=4) (actual time=0.050..1162.804 rows=420285 loops=1)
              Filter: ((kind_id < 7) AND (production_year > 2002))
              Rows Removed by Filter: 2108027
Planning time: 0.803 ms
Execution time: 2596.454 ms
