Seq Scan on cast_info ci  (cost=0.00..796071.18 rows=12482765 width=0) (actual time=101.261..16185.642 rows=12238574 loops=1)
  Filter: ((person_id > 62969) AND (role_id < 2))
  Rows Removed by Filter: 24005770
Planning time: 0.347 ms
Execution time: 17667.916 ms
