Hash Join  (cost=138987.24..640869.98 rows=2068980 width=0) (actual time=3226.429..15819.398 rows=1423950 loops=1)
  Hash Cond: (mi.movie_id = t.id)
  ->  Seq Scan on movie_info mi  (cost=0.00..309384.22 rows=14739122 width=4) (actual time=0.022..5934.498 rows=14835720 loops=1)
  ->  Hash  (cost=133163.51..133163.51 rows=354938 width=8) (actual time=3094.777..3094.777 rows=184164 loops=1)
        Buckets: 131072  Batches: 8  Memory Usage: 1927kB
        ->  Hash Join  (cost=90016.07..133163.51 rows=354938 width=8) (actual time=1751.913..3036.008 rows=184164 loops=1)
              Hash Cond: (mi_idx.movie_id = t.id)
              ->  Seq Scan on movie_info_idx mi_idx  (cost=0.00..25185.44 rows=915101 width=4) (actual time=0.032..609.054 rows=919850 loops=1)
                    Filter: (info_type_id < 101)
                    Rows Removed by Filter: 460185
              ->  Hash  (cost=73925.90..73925.90 rows=980733 width=4) (actual time=1731.425..1731.425 rows=1074493 loops=1)
                    Buckets: 131072  Batches: 16  Memory Usage: 3394kB
                    ->  Seq Scan on title t  (cost=0.00..73925.90 rows=980733 width=4) (actual time=0.015..1397.819 rows=1074493 loops=1)
                          Filter: ((production_year > 1995) AND (kind_id = 7))
                          Rows Removed by Filter: 1453819
Planning time: 1.218 ms
Execution time: 15985.044 ms
