Hash Join  (cost=94616.01..181297.95 rows=2390 width=0) (actual time=1887.717..3468.452 rows=47065 loops=1)
  Hash Cond: (mk.movie_id = t.id)
  ->  Seq Scan on movie_keyword mk  (cost=0.00..69693.30 rows=4523930 width=4) (actual time=0.013..793.470 rows=4523930 loops=1)
  ->  Hash  (cost=94599.31..94599.31 rows=1336 width=8) (actual time=1886.235..1886.235 rows=6142 loops=1)
        Buckets: 8192 (originally 2048)  Batches: 1 (originally 1)  Memory Usage: 304kB
        ->  Hash Join  (cost=67697.55..94599.31 rows=1336 width=8) (actual time=1260.939..1883.181 rows=6142 loops=1)
              Hash Cond: (mi_idx.movie_id = t.id)
              ->  Seq Scan on movie_info_idx mi_idx  (cost=0.00..25185.44 rows=454124 width=4) (actual time=0.025..489.070 rows=459925 loops=1)
                    Filter: (info_type_id = 100)
                    Rows Removed by Filter: 920110
              ->  Hash  (cost=67604.59..67604.59 rows=7437 width=4) (actual time=1260.825..1260.825 rows=24917 loops=1)
                    Buckets: 32768 (originally 8192)  Batches: 1 (originally 1)  Memory Usage: 1132kB
                    ->  Seq Scan on title t  (cost=0.00..67604.59 rows=7437 width=4) (actual time=0.029..1249.427 rows=24917 loops=1)
                          Filter: (production_year = 1992)
                          Rows Removed by Filter: 2503395
Planning time: 1.295 ms
Execution time: 3474.514 ms
