Seq Scan on title t  (cost=0.00..73925.90 rows=49436 width=94) (actual time=0.038..568.057 rows=49193 loops=1)
  Filter: ((production_year > 2000) AND (kind_id = 2))
  Rows Removed by Filter: 2479119
Planning time: 0.549 ms
Execution time: 570.491 ms
