Seq Scan on movie_keyword mk  (cost=0.00..81003.12 rows=246 width=0) (actual time=0.064..1284.810 rows=2412 loops=1)
  Filter: (keyword_id = 1138)
  Rows Removed by Filter: 4521518
Planning time: 0.370 ms
Execution time: 1285.511 ms
