Hash Join  (cost=102767.86..295948.04 rows=4251388 width=0) (actual time=1979.513..7730.737 rows=4230445 loops=1)
  Hash Cond: (mk.movie_id = t.id)
  ->  Seq Scan on movie_keyword mk  (cost=0.00..81003.12 rows=4251388 width=4) (actual time=0.023..2038.486 rows=4230445 loops=1)
        Filter: (keyword_id > 236)
        Rows Removed by Filter: 293485
  ->  Hash  (cost=61283.27..61283.27 rows=2528527 width=4) (actual time=1977.002..1977.002 rows=2528312 loops=1)
        Buckets: 131072  Batches: 64  Memory Usage: 2425kB
        ->  Seq Scan on title t  (cost=0.00..61283.27 rows=2528527 width=4) (actual time=0.011..1085.491 rows=2528312 loops=1)
Planning time: 0.745 ms
Execution time: 8244.410 ms
