Hash Join  (cost=75775.88..440449.06 rows=1725 width=0) (actual time=997.661..8667.603 rows=26132 loops=1)
  Hash Cond: (mi.movie_id = t.id)
  ->  Seq Scan on movie_info mi  (cost=0.00..309384.22 rows=14739122 width=4) (actual time=0.024..4649.647 rows=14835720 loops=1)
  ->  Hash  (cost=75772.18..75772.18 rows=296 width=8) (actual time=994.303..994.303 rows=2438 loops=1)
        Buckets: 4096 (originally 1024)  Batches: 1 (originally 1)  Memory Usage: 128kB
        ->  Nested Loop  (cost=0.43..75772.18 rows=296 width=8) (actual time=209.525..993.087 rows=2438 loops=1)
              ->  Seq Scan on movie_companies mc  (cost=0.00..57926.93 rows=2260 width=4) (actual time=209.459..914.494 rows=2438 loops=1)
                    Filter: ((company_type_id > 1) AND (company_id = 11146))
                    Rows Removed by Filter: 2606691
              ->  Index Scan using title_pkey on title t  (cost=0.43..7.89 rows=1 width=4) (actual time=0.031..0.031 rows=1 loops=2438)
                    Index Cond: (id = mc.movie_id)
                    Filter: ((kind_id < 7) AND (production_year < 1996))
Planning time: 1.430 ms
Execution time: 8672.560 ms
