Seq Scan on cast_info ci  (cost=0.00..705507.15 rows=500 width=0) (actual time=1200.822..10343.149 rows=1 loops=1)
  Filter: (person_id = 118573)
  Rows Removed by Filter: 36244343
Planning time: 0.389 ms
Execution time: 10343.255 ms
