Hash Join  (cost=439232.89..1311431.41 rows=78717 width=0) (actual time=17535.853..24117.259 rows=44444 loops=1)
  Hash Cond: (ci.movie_id = t.id)
  ->  Seq Scan on cast_info ci  (cost=0.00..796071.18 rows=7534019 width=4) (actual time=8149.423..14215.545 rows=2082920 loops=1)
        Filter: ((person_id > 1447605) AND (role_id = 1))
        Rows Removed by Filter: 34161424
  ->  Hash  (cost=438902.66..438902.66 rows=26418 width=8) (actual time=9380.196..9380.196 rows=40992 loops=1)
        Buckets: 65536 (originally 32768)  Batches: 1 (originally 1)  Memory Usage: 2114kB
        ->  Hash Join  (cost=73982.55..438902.66 rows=26418 width=8) (actual time=1304.904..9361.921 rows=40992 loops=1)
              Hash Cond: (mi.movie_id = t.id)
              ->  Seq Scan on movie_info mi  (cost=0.00..309384.22 rows=14739122 width=4) (actual time=0.024..4855.554 rows=14835720 loops=1)
              ->  Hash  (cost=73925.90..73925.90 rows=4532 width=4) (actual time=1303.789..1303.789 rows=6999 loops=1)
                    Buckets: 8192  Batches: 1  Memory Usage: 311kB
                    ->  Seq Scan on title t  (cost=0.00..73925.90 rows=4532 width=4) (actual time=0.148..1300.176 rows=6999 loops=1)
                          Filter: ((kind_id = 7) AND (production_year = 1960))
                          Rows Removed by Filter: 2521313
Planning time: 1.254 ms
Execution time: 24123.035 ms
