Nested Loop  (cost=0.43..83072.29 rows=84 width=0) (actual time=8.110..1406.218 rows=12 loops=1)
  ->  Seq Scan on movie_keyword mk  (cost=0.00..81003.12 rows=246 width=4) (actual time=8.067..1405.717 rows=12 loops=1)
        Filter: (keyword_id = 75706)
        Rows Removed by Filter: 4523918
  ->  Index Scan using title_pkey on title t  (cost=0.43..8.40 rows=1 width=4) (actual time=0.036..0.037 rows=1 loops=12)
        Index Cond: (id = mk.movie_id)
        Filter: (kind_id < 4)
Planning time: 0.764 ms
Execution time: 1406.325 ms
