Hash Join  (cost=171517.96..1297480.90 rows=8971277 width=0) (actual time=4378.305..41073.148 rows=19146092 loops=1)
  Hash Cond: (ci.movie_id = t.id)
  ->  Seq Scan on cast_info ci  (cost=0.00..614943.12 rows=36225612 width=4) (actual time=0.019..13473.138 rows=36244344 loops=1)
  ->  Hash  (cost=161243.59..161243.59 rows=626190 width=8) (actual time=4377.049..4377.049 rows=958623 loops=1)
        Buckets: 131072  Batches: 16  Memory Usage: 3376kB
        ->  Hash Join  (cost=77561.16..161243.59 rows=626190 width=8) (actual time=1464.990..4080.033 rows=958623 loops=1)
              Hash Cond: (mc.movie_id = t.id)
              ->  Seq Scan on movie_companies mc  (cost=0.00..44881.29 rows=2609129 width=4) (actual time=0.028..913.313 rows=2609129 loops=1)
              ->  Hash  (cost=67604.59..67604.59 rows=606846 width=4) (actual time=1464.214..1464.214 rows=603411 loops=1)
                    Buckets: 131072  Batches: 8  Memory Usage: 3668kB
                    ->  Seq Scan on title t  (cost=0.00..67604.59 rows=606846 width=4) (actual time=0.019..1258.656 rows=603411 loops=1)
                          Filter: (production_year < 1986)
                          Rows Removed by Filter: 1924901
Planning time: 2.878 ms
Execution time: 43146.301 ms
