Hash Join  (cost=454924.12..1506106.44 rows=4094594 width=0) (actual time=7896.209..36879.436 rows=4168333 loops=1)
  Hash Cond: (ci.movie_id = t.id)
  ->  Seq Scan on cast_info ci  (cost=0.00..705507.15 rows=26221403 width=4) (actual time=0.028..15534.977 rows=26245508 loops=1)
        Filter: (person_id < 2715047)
        Rows Removed by Filter: 9998836
  ->  Hash  (cost=448445.60..448445.60 rows=394841 width=8) (actual time=7895.355..7895.355 rows=333047 loops=1)
        Buckets: 131072  Batches: 8  Memory Usage: 2642kB
        ->  Hash Join  (cost=80562.70..448445.60 rows=394841 width=8) (actual time=4770.785..7788.976 rows=333047 loops=1)
              Hash Cond: (mi.movie_id = t.id)
              ->  Seq Scan on movie_info mi  (cost=0.00..346232.03 rows=1264125 width=4) (actual time=3320.283..5459.334 rows=1288928 loops=1)
                    Filter: (info_type_id = 2)
                    Rows Removed by Filter: 13546792
              ->  Hash  (cost=67604.59..67604.59 rows=789769 width=4) (actual time=1449.571..1449.571 rows=784926 loops=1)
                    Buckets: 131072  Batches: 16  Memory Usage: 2755kB
                    ->  Seq Scan on title t  (cost=0.00..67604.59 rows=789769 width=4) (actual time=0.019..1185.398 rows=784926 loops=1)
                          Filter: (production_year > 2007)
                          Rows Removed by Filter: 1743386
Planning time: 1.310 ms
Execution time: 37385.191 ms
