Seq Scan on movie_keyword mk  (cost=0.00..81003.12 rows=3573013 width=0) (actual time=0.014..1391.614 rows=3570111 loops=1)
  Filter: (keyword_id > 889)
  Rows Removed by Filter: 953819
Planning time: 0.329 ms
Execution time: 1785.698 ms
