Hash Join  (cost=97066.09..200921.64 rows=1852962 width=0) (actual time=1848.850..5511.812 rows=2059977 loops=1)
  Hash Cond: (mc.movie_id = t.id)
  ->  Seq Scan on movie_companies mc  (cost=0.00..44881.29 rows=2609129 width=4) (actual time=0.021..918.504 rows=2609129 loops=1)
  ->  Hash  (cost=67604.59..67604.59 rows=1795720 width=4) (actual time=1847.907..1847.907 rows=1794153 loops=1)
        Buckets: 131072  Batches: 32  Memory Usage: 2992kB
        ->  Seq Scan on title t  (cost=0.00..67604.59 rows=1795720 width=4) (actual time=0.023..1284.466 rows=1794153 loops=1)
              Filter: (production_year < 2009)
              Rows Removed by Filter: 734159
Planning time: 0.730 ms
Execution time: 5752.992 ms
