Hash Join  (cost=105678.09..196553.48 rows=8832 width=156) (actual time=786.392..1938.080 rows=39748 loops=1)
  Hash Cond: (mk.movie_id = t.id)
  ->  Seq Scan on movie_keyword mk  (cost=0.00..81003.12 rows=2609051 width=12) (actual time=0.018..842.619 rows=2592120 loops=1)
        Filter: (keyword_id > 3316)
        Rows Removed by Filter: 1931810
  ->  Hash  (cost=105571.11..105571.11 rows=8559 width=144) (actual time=786.177..786.177 rows=9593 loops=1)
        Buckets: 16384  Batches: 1  Memory Usage: 1457kB
        ->  Hash Join  (cost=68879.41..105571.11 rows=8559 width=144) (actual time=406.301..780.044 rows=9593 loops=1)
              Hash Cond: (mi_idx.movie_id = t.id)
              ->  Seq Scan on movie_info_idx mi_idx  (cost=0.00..25185.44 rows=460978 width=50) (actual time=0.009..228.368 rows=459925 loops=1)
                    Filter: (info_type_id = 99)
                    Rows Removed by Filter: 920110
              ->  Hash  (cost=67604.59..67604.59 rows=46946 width=94) (actual time=405.932..405.932 rows=46583 loops=1)
                    Buckets: 32768  Batches: 2  Memory Usage: 2866kB
                    ->  Seq Scan on title t  (cost=0.00..67604.59 rows=46946 width=94) (actual time=0.085..393.293 rows=46583 loops=1)
                          Filter: (production_year = 1998)
                          Rows Removed by Filter: 2481729
Planning time: 0.893 ms
Execution time: 1940.336 ms
