Hash Join  (cost=102767.86..285671.92 rows=3824304 width=0) (actual time=2015.657..6988.439 rows=3819250 loops=1)
  Hash Cond: (mk.movie_id = t.id)
  ->  Seq Scan on movie_keyword mk  (cost=0.00..81003.12 rows=3824304 width=4) (actual time=0.024..1769.052 rows=3819250 loops=1)
        Filter: (keyword_id < 26778)
        Rows Removed by Filter: 704680
  ->  Hash  (cost=61283.27..61283.27 rows=2528527 width=4) (actual time=2014.081..2014.081 rows=2528312 loops=1)
        Buckets: 131072  Batches: 64  Memory Usage: 2425kB
        ->  Seq Scan on title t  (cost=0.00..61283.27 rows=2528527 width=4) (actual time=0.010..1148.988 rows=2528312 loops=1)
Planning time: 4.024 ms
Execution time: 7454.029 ms
