Hash Join  (cost=95609.53..160844.07 rows=269788 width=0) (actual time=1828.820..3345.302 rows=362306 loops=1)
  Hash Cond: (mc.movie_id = t.id)
  ->  Seq Scan on movie_companies mc  (cost=0.00..51404.11 rows=516147 width=4) (actual time=0.019..887.405 rows=516728 loops=1)
        Filter: (company_id < 475)
        Rows Removed by Filter: 2092401
  ->  Hash  (cost=73925.90..73925.90 rows=1321650 width=4) (actual time=1827.873..1827.873 rows=1298128 loops=1)
        Buckets: 131072  Batches: 32  Memory Usage: 2450kB
        ->  Seq Scan on title t  (cost=0.00..73925.90 rows=1321650 width=4) (actual time=0.011..1409.251 rows=1298128 loops=1)
              Filter: ((kind_id > 1) AND (production_year < 2009))
              Rows Removed by Filter: 1230184
Planning time: 0.742 ms
Execution time: 3388.879 ms
