Seq Scan on movie_companies mc  (cost=0.00..57926.93 rows=469702 width=0) (actual time=0.021..1058.951 rows=674561 loops=1)
  Filter: ((company_id < 3863) AND (company_type_id = 1))
  Rows Removed by Filter: 1934568
Planning time: 0.403 ms
Execution time: 1142.784 ms
