Hash Join  (cost=152832.48..233470.05 rows=405305 width=0) (actual time=3548.318..5935.992 rows=1146309 loops=1)
  Hash Cond: (mc.movie_id = t.id)
  ->  Seq Scan on movie_companies mc  (cost=0.00..44881.29 rows=2609129 width=4) (actual time=0.009..865.571 rows=2609129 loops=1)
  ->  Hash  (cost=146387.68..146387.68 rows=392784 width=8) (actual time=3547.447..3547.447 rows=400067 loops=1)
        Buckets: 131072  Batches: 8  Memory Usage: 2984kB
        ->  Hash Join  (cost=102951.51..146387.68 rows=392784 width=8) (actual time=2126.347..3427.180 rows=400067 loops=1)
              Hash Cond: (mi_idx.movie_id = t.id)
              ->  Seq Scan on movie_info_idx mi_idx  (cost=0.00..25185.44 rows=460978 width=4) (actual time=0.026..515.304 rows=459925 loops=1)
                    Filter: (info_type_id < 100)
                    Rows Removed by Filter: 920110
              ->  Hash  (cost=67604.59..67604.59 rows=2154474 width=4) (actual time=2125.447..2125.447 rows=2146684 loops=1)
                    Buckets: 131072  Batches: 32  Memory Usage: 3385kB
                    ->  Seq Scan on title t  (cost=0.00..67604.59 rows=2154474 width=4) (actual time=0.014..1418.844 rows=2146684 loops=1)
                          Filter: (production_year > 1965)
                          Rows Removed by Filter: 381628
Planning time: 1.198 ms
Execution time: 6077.286 ms
