Hash Join  (cost=149835.41..638374.27 rows=818393 width=0) (actual time=3087.937..16514.919 rows=4374086 loops=1)
  Hash Cond: (mi.movie_id = t.id)
  ->  Seq Scan on movie_info mi  (cost=0.00..309384.22 rows=14739122 width=4) (actual time=0.010..5787.896 rows=14835720 loops=1)
  ->  Hash  (cost=147531.45..147531.45 rows=140397 width=8) (actual time=3087.105..3087.105 rows=195858 loops=1)
        Buckets: 131072 (originally 131072)  Batches: 4 (originally 2)  Memory Usage: 3073kB
        ->  Hash Join  (cost=78306.32..147531.45 rows=140397 width=8) (actual time=2002.458..3024.877 rows=195858 loops=1)
              Hash Cond: (mc.movie_id = t.id)
              ->  Seq Scan on movie_companies mc  (cost=0.00..51404.11 rows=1329612 width=4) (actual time=289.236..1064.378 rows=1334883 loops=1)
                    Filter: (company_type_id = 2)
                    Rows Removed by Filter: 1274246
              ->  Hash  (cost=73925.90..73925.90 rows=266993 width=4) (actual time=1334.156..1334.156 rows=216282 loops=1)
                    Buckets: 131072  Batches: 4  Memory Usage: 2928kB
                    ->  Seq Scan on title t  (cost=0.00..73925.90 rows=266993 width=4) (actual time=162.509..1264.007 rows=216282 loops=1)
                          Filter: ((production_year > 2005) AND (kind_id = 1))
                          Rows Removed by Filter: 2312030
Planning time: 0.700 ms
Execution time: 17007.635 ms
