Hash Join  (cost=121251.03..955854.94 rows=186764 width=0) (actual time=9005.929..15724.248 rows=75678 loops=1)
  Hash Cond: (ci.movie_id = t.id)
  ->  Seq Scan on cast_info ci  (cost=0.00..796071.18 rows=3119755 width=4) (actual time=6764.255..12905.455 rows=1552724 loops=1)
        Filter: ((person_id < 1164605) AND (role_id > 4))
        Rows Removed by Filter: 34691620
  ->  Hash  (cost=118766.90..118766.90 rows=151371 width=8) (actual time=2235.654..2235.654 rows=58773 loops=1)
        Buckets: 131072  Batches: 2  Memory Usage: 2178kB
        ->  Hash Join  (cost=78476.71..118766.90 rows=151371 width=8) (actual time=1493.976..2219.258 rows=58773 loops=1)
              Hash Cond: (mi_idx.movie_id = t.id)
              ->  Seq Scan on movie_info_idx mi_idx  (cost=0.00..21735.35 rows=1380035 width=4) (actual time=0.020..423.448 rows=1380035 loops=1)
              ->  Hash  (cost=73925.90..73925.90 rows=277344 width=4) (actual time=1285.120..1285.120 rows=169544 loops=1)
                    Buckets: 131072  Batches: 4  Memory Usage: 2513kB
                    ->  Seq Scan on title t  (cost=0.00..73925.90 rows=277344 width=4) (actual time=0.022..1218.498 rows=169544 loops=1)
                          Filter: ((production_year < 1976) AND (kind_id = 7))
                          Rows Removed by Filter: 2358768
Planning time: 1.210 ms
Execution time: 15734.396 ms
