Hash Join  (cost=102767.86..217401.85 rows=987130 width=0) (actual time=2288.543..4743.666 rows=994518 loops=1)
  Hash Cond: (mk.movie_id = t.id)
  ->  Seq Scan on movie_keyword mk  (cost=0.00..81003.12 rows=987130 width=4) (actual time=0.032..1393.400 rows=994518 loops=1)
        Filter: (keyword_id < 941)
        Rows Removed by Filter: 3529412
  ->  Hash  (cost=61283.27..61283.27 rows=2528527 width=4) (actual time=2287.493..2287.493 rows=2528312 loops=1)
        Buckets: 131072  Batches: 64  Memory Usage: 2425kB
        ->  Seq Scan on title t  (cost=0.00..61283.27 rows=2528527 width=4) (actual time=0.017..909.494 rows=2528312 loops=1)
Planning time: 1.186 ms
Execution time: 4848.821 ms
