Hash Join  (cost=78556.72..154511.02 rows=407865 width=0) (actual time=1217.101..3138.509 rows=635362 loops=1)
  Hash Cond: (mc.movie_id = t.id)
  ->  Seq Scan on movie_companies mc  (cost=0.00..51404.11 rows=1544942 width=4) (actual time=0.026..1003.443 rows=1534313 loops=1)
        Filter: (company_id < 14457)
        Rows Removed by Filter: 1074816
  ->  Hash  (cost=67604.59..67604.59 rows=667531 width=4) (actual time=1216.380..1216.380 rows=662825 loops=1)
        Buckets: 131072  Batches: 16  Memory Usage: 2476kB
        ->  Seq Scan on title t  (cost=0.00..67604.59 rows=667531 width=4) (actual time=0.010..1006.666 rows=662825 loops=1)
              Filter: (kind_id < 2)
              Rows Removed by Filter: 1865487
Planning time: 2.943 ms
Execution time: 3204.212 ms
