Hash Join  (cost=28269.16..779075.81 rows=1742 width=186) (actual time=177.455..8954.426 rows=26608 loops=1)
  Hash Cond: (ci.movie_id = t.id)
  ->  Seq Scan on cast_info ci  (cost=0.00..614943.12 rows=36225612 width=42) (actual time=0.021..4072.252 rows=36244344 loops=1)
  ->  Hash  (cost=28267.64..28267.64 rows=122 width=144) (actual time=176.392..176.392 rows=183 loops=1)
        Buckets: 1024  Batches: 1  Memory Usage: 31kB
        ->  Nested Loop  (cost=0.43..28267.64 rows=122 width=144) (actual time=118.519..176.301 rows=183 loops=1)
              ->  Seq Scan on movie_info_idx mi_idx  (cost=0.00..25185.44 rows=368 width=50) (actual time=118.454..172.808 rows=260 loops=1)
                    Filter: (info_type_id > 101)
                    Rows Removed by Filter: 1379775
              ->  Index Scan using title_pkey on title t  (cost=0.43..8.37 rows=1 width=94) (actual time=0.013..0.013 rows=1 loops=260)
                    Index Cond: (id = mi_idx.movie_id)
                    Filter: ((kind_id < 7) AND (production_year > 1966))
                    Rows Removed by Filter: 0
Planning time: 1.469 ms
Execution time: 8956.191 ms
