Seq Scan on cast_info ci  (cost=0.00..796071.18 rows=3624786 width=0) (actual time=4182.655..11172.977 rows=1528097 loops=1)
  Filter: ((person_id < 531909) AND (role_id > 1))
  Rows Removed by Filter: 34716247
Planning time: 0.353 ms
Execution time: 11362.688 ms
