Seq Scan on movie_companies mc  (cost=0.00..57926.93 rows=53 width=0) (actual time=115.039..781.268 rows=51 loops=1)
  Filter: ((company_id = 71815) AND (company_type_id = 2))
  Rows Removed by Filter: 2609078
Planning time: 0.430 ms
Execution time: 781.369 ms
