Hash Join  (cost=82423.69..432458.05 rows=6407 width=0) (actual time=2981.781..6849.727 rows=36712 loops=1)
  Hash Cond: (mi.movie_id = t.id)
  ->  Seq Scan on movie_info mi  (cost=0.00..346232.03 rows=17937 width=4) (actual time=1415.165..5244.695 rows=109034 loops=1)
        Filter: (info_type_id = 106)
        Rows Removed by Filter: 14726686
  ->  Hash  (cost=67604.59..67604.59 rows=903208 width=4) (actual time=1450.474..1450.474 rows=904491 loops=1)
        Buckets: 131072  Batches: 16  Memory Usage: 3017kB
        ->  Seq Scan on title t  (cost=0.00..67604.59 rows=903208 width=4) (actual time=0.026..1147.238 rows=904491 loops=1)
              Filter: (production_year > 2006)
              Rows Removed by Filter: 1623821
Planning time: 0.820 ms
Execution time: 6852.703 ms
