Hash Join  (cost=109031.43..198662.12 rows=53364 width=0) (actual time=1890.299..3985.918 rows=275547 loops=1)
  Hash Cond: (mk.movie_id = t.id)
  ->  Seq Scan on movie_keyword mk  (cost=0.00..81003.12 rows=2158381 width=4) (actual time=0.010..1398.594 rows=2156573 loops=1)
        Filter: (keyword_id > 5360)
        Rows Removed by Filter: 2367357
  ->  Hash  (cost=108249.99..108249.99 rows=62515 width=8) (actual time=1889.280..1889.280 rows=83550 loops=1)
        Buckets: 131072 (originally 65536)  Batches: 2 (originally 1)  Memory Usage: 3073kB
        ->  Hash Join  (cost=69484.36..108249.99 rows=62515 width=8) (actual time=1176.703..1859.597 rows=83550 loops=1)
              Hash Cond: (mi_idx.movie_id = t.id)
              ->  Seq Scan on movie_info_idx mi_idx  (cost=0.00..21735.35 rows=1380035 width=4) (actual time=0.016..422.047 rows=1380035 loops=1)
              ->  Hash  (cost=67604.59..67604.59 rows=114542 width=4) (actual time=959.976..959.976 rows=118234 loops=1)
                    Buckets: 131072  Batches: 2  Memory Usage: 3101kB
                    ->  Seq Scan on title t  (cost=0.00..67604.59 rows=114542 width=4) (actual time=322.278..918.382 rows=118234 loops=1)
                          Filter: (kind_id = 4)
                          Rows Removed by Filter: 2410078
Planning time: 1.232 ms
Execution time: 4020.262 ms
