Hash Join  (cost=96184.51..660373.59 rows=7908316 width=0) (actual time=2096.728..16834.423 rows=3695706 loops=1)
  Hash Cond: (mi.movie_id = t.id)
  ->  Seq Scan on movie_info mi  (cost=0.00..309384.22 rows=14739122 width=4) (actual time=0.014..5738.837 rows=14835720 loops=1)
  ->  Hash  (cost=73925.90..73925.90 rows=1356688 width=4) (actual time=1777.431..1777.431 rows=1327781 loops=1)
        Buckets: 131072  Batches: 32  Memory Usage: 2485kB
        ->  Seq Scan on title t  (cost=0.00..73925.90 rows=1356688 width=4) (actual time=347.223..1346.128 rows=1327781 loops=1)
              Filter: ((production_year < 2012) AND (kind_id = 7))
              Rows Removed by Filter: 1200531
Planning time: 0.850 ms
Execution time: 17253.205 ms
