Hash Join  (cost=74228.76..129144.28 rows=25000 width=0) (actual time=1114.716..2370.956 rows=23847 loops=1)
  Hash Cond: (mc.movie_id = t.id)
  ->  Seq Scan on movie_companies mc  (cost=0.00..44881.29 rows=2609129 width=4) (actual time=0.012..627.917 rows=2609129 loops=1)
  ->  Hash  (cost=73925.90..73925.90 rows=24228 width=4) (actual time=1114.415..1114.415 rows=21082 loops=1)
        Buckets: 32768  Batches: 1  Memory Usage: 998kB
        ->  Seq Scan on title t  (cost=0.00..73925.90 rows=24228 width=4) (actual time=0.025..1106.020 rows=21082 loops=1)
              Filter: ((production_year > 2009) AND (kind_id = 4))
              Rows Removed by Filter: 2507230
Planning time: 0.826 ms
Execution time: 2374.731 ms
