Hash Join  (cost=107811.79..1692484.62 rows=17881966 width=136) (actual time=1144.434..22515.043 rows=19552879 loops=1)
  Hash Cond: (ci.movie_id = t.id)
  ->  Seq Scan on cast_info ci  (cost=0.00..614943.12 rows=36225612 width=42) (actual time=0.008..4033.876 rows=36244344 loops=1)
  ->  Hash  (cost=73925.90..73925.90 rows=1248151 width=94) (actual time=1143.254..1143.254 rows=1332982 loops=1)
        Buckets: 32768  Batches: 64  Memory Usage: 2623kB
        ->  Seq Scan on title t  (cost=0.00..73925.90 rows=1248151 width=94) (actual time=76.531..731.071 rows=1332982 loops=1)
              Filter: ((production_year > 1972) AND (kind_id = 7))
              Rows Removed by Filter: 1195330
Planning time: 0.658 ms
Execution time: 23126.583 ms
