Hash Join  (cost=102767.86..999961.87 rows=7555622 width=0) (actual time=2373.934..21134.995 rows=7473651 loops=1)
  Hash Cond: (ci.movie_id = t.id)
  ->  Seq Scan on cast_info ci  (cost=0.00..705507.15 rows=7555622 width=4) (actual time=431.688..12437.601 rows=7473651 loops=1)
        Filter: (person_id < 723738)
        Rows Removed by Filter: 28770693
  ->  Hash  (cost=61283.27..61283.27 rows=2528527 width=4) (actual time=1941.115..1941.115 rows=2528312 loops=1)
        Buckets: 131072  Batches: 64  Memory Usage: 2415kB
        ->  Seq Scan on title t  (cost=0.00..61283.27 rows=2528527 width=4) (actual time=0.021..1088.467 rows=2528312 loops=1)
Planning time: 4.203 ms
Execution time: 21966.236 ms
