Seq Scan on cast_info ci  (cost=0.00..796071.18 rows=10492694 width=0) (actual time=5014.214..13809.467 rows=7777266 loops=1)
  Filter: ((person_id > 1691617) AND (role_id < 3))
  Rows Removed by Filter: 28467078
Planning time: 3.621 ms
Execution time: 14765.755 ms
