Hash Join  (cost=79405.47..111881.62 rows=61359 width=0) (actual time=1263.239..2043.511 rows=138188 loops=1)
  Hash Cond: (mi_idx.movie_id = t.id)
  ->  Seq Scan on movie_info_idx mi_idx  (cost=0.00..25185.44 rows=464566 width=4) (actual time=0.021..461.683 rows=459925 loops=1)
        Filter: (info_type_id = 101)
        Rows Removed by Filter: 920110
  ->  Hash  (cost=73925.90..73925.90 rows=333965 width=4) (actual time=1262.319..1262.319 rows=411522 loops=1)
        Buckets: 131072  Batches: 8  Memory Usage: 2841kB
        ->  Seq Scan on title t  (cost=0.00..73925.90 rows=333965 width=4) (actual time=220.345..1133.109 rows=411522 loops=1)
              Filter: ((production_year < 2004) AND (kind_id = 1))
              Rows Removed by Filter: 2116790
Planning time: 0.834 ms
Execution time: 2060.670 ms
