Hash Join  (cost=246950.76..1455882.29 rows=12987235 width=0) (actual time=8370.642..47493.914 rows=40940157 loops=1)
  Hash Cond: (ci.movie_id = t.id)
  ->  Seq Scan on cast_info ci  (cost=0.00..796071.18 rows=21623808 width=4) (actual time=1653.807..17911.164 rows=20916899 loops=1)
        Filter: ((person_id > 864470) AND (role_id < 8))
        Rows Removed by Filter: 15327445
  ->  Hash  (cost=222034.89..222034.89 rows=1518630 width=8) (actual time=6714.819..6714.819 rows=2071883 loops=1)
        Buckets: 131072  Batches: 32  Memory Usage: 3501kB
        ->  Hash Join  (cost=81530.55..222034.89 rows=1518630 width=8) (actual time=1613.907..6059.493 rows=2071883 loops=1)
              Hash Cond: (mk.movie_id = t.id)
              ->  Seq Scan on movie_keyword mk  (cost=0.00..69693.30 rows=4523930 width=4) (actual time=0.039..1440.916 rows=4523930 loops=1)
              ->  Hash  (cost=67604.59..67604.59 rows=848797 width=4) (actual time=1612.344..1612.344 rows=849141 loops=1)
                    Buckets: 131072  Batches: 16  Memory Usage: 2899kB
                    ->  Seq Scan on title t  (cost=0.00..67604.59 rows=848797 width=4) (actual time=0.029..1326.963 rows=849141 loops=1)
                          Filter: (production_year < 1996)
                          Rows Removed by Filter: 1679171
Planning time: 1.244 ms
Execution time: 52172.354 ms
