Seq Scan on movie_keyword mk  (cost=0.00..81003.12 rows=2382439 width=0) (actual time=0.024..1473.392 rows=2375251 loops=1)
  Filter: (keyword_id > 4032)
  Rows Removed by Filter: 2148679
Planning time: 0.353 ms
Execution time: 1767.982 ms
