Seq Scan on movie_companies mc  (cost=0.00..51404.11 rows=2005639 width=0) (actual time=0.015..966.905 rows=2000009 loops=1)
  Filter: (company_id < 65237)
  Rows Removed by Filter: 609120
Planning time: 0.356 ms
Execution time: 1213.015 ms
