Hash Join  (cost=75292.52..1121348.57 rows=1192689 width=0) (actual time=1168.824..28312.258 rows=1525468 loops=1)
  Hash Cond: (ci.movie_id = t.id)
  ->  Seq Scan on cast_info ci  (cost=0.00..614943.12 rows=36225612 width=4) (actual time=0.007..13303.345 rows=36244344 loops=1)
  ->  Hash  (cost=73925.90..73925.90 rows=83249 width=4) (actual time=1168.178..1168.178 rows=101793 loops=1)
        Buckets: 131072  Batches: 2  Memory Usage: 2803kB
        ->  Seq Scan on title t  (cost=0.00..73925.90 rows=83249 width=4) (actual time=0.024..1120.597 rows=101793 loops=1)
              Filter: ((kind_id > 1) AND (production_year = 2007))
              Rows Removed by Filter: 2426519
Planning time: 0.551 ms
Execution time: 28505.288 ms
