Seq Scan on title t  (cost=0.00..73925.90 rows=1808956 width=0) (actual time=0.009..1213.490 rows=1799907 loops=1)
  Filter: ((kind_id > 1) AND (production_year > 0))
  Rows Removed by Filter: 728405
Planning time: 0.243 ms
Execution time: 1403.799 ms
