Hash Join  (cost=94699.36..152824.51 rows=2865 width=0) (actual time=1732.914..2989.058 rows=11928 loops=1)
  Hash Cond: (mc.movie_id = t.id)
  ->  Seq Scan on movie_companies mc  (cost=0.00..51404.11 rows=1784636 width=4) (actual time=0.014..951.222 rows=1792016 loops=1)
        Filter: (company_id > 1910)
        Rows Removed by Filter: 817113
  ->  Hash  (cost=94648.62..94648.62 rows=4059 width=8) (actual time=1732.470..1732.470 rows=6167 loops=1)
        Buckets: 8192 (originally 4096)  Batches: 1 (originally 1)  Memory Usage: 305kB
        ->  Hash Join  (cost=67697.55..94648.62 rows=4059 width=8) (actual time=1103.184..1729.683 rows=6167 loops=1)
              Hash Cond: (mi_idx.movie_id = t.id)
              ->  Seq Scan on movie_info_idx mi_idx  (cost=0.00..21735.35 rows=1380035 width=4) (actual time=0.020..327.399 rows=1380035 loops=1)
              ->  Hash  (cost=67604.59..67604.59 rows=7437 width=4) (actual time=1101.851..1101.851 rows=9768 loops=1)
                    Buckets: 16384 (originally 8192)  Batches: 1 (originally 1)  Memory Usage: 472kB
                    ->  Seq Scan on title t  (cost=0.00..67604.59 rows=7437 width=4) (actual time=0.198..1096.872 rows=9768 loops=1)
                          Filter: (production_year = 1958)
                          Rows Removed by Filter: 2518544
Planning time: 1.162 ms
Execution time: 2991.133 ms
