Hash Join  (cost=73982.55..160721.67 rows=8108 width=0) (actual time=1366.249..3018.373 rows=3341 loops=1)
  Hash Cond: (mk.movie_id = t.id)
  ->  Seq Scan on movie_keyword mk  (cost=0.00..69693.30 rows=4523930 width=4) (actual time=0.024..1047.428 rows=4523930 loops=1)
  ->  Hash  (cost=73925.90..73925.90 rows=4532 width=4) (actual time=1144.327..1144.327 rows=7634 loops=1)
        Buckets: 8192  Batches: 1  Memory Usage: 333kB
        ->  Seq Scan on title t  (cost=0.00..73925.90 rows=4532 width=4) (actual time=0.070..1140.739 rows=7634 loops=1)
              Filter: ((kind_id = 7) AND (production_year = 1972))
              Rows Removed by Filter: 2520678
Planning time: 0.753 ms
Execution time: 3018.920 ms
