Hash Join  (cost=92438.64..160013.83 rows=372171 width=144) (actual time=1800.252..3120.029 rows=284709 loops=1)
  Hash Cond: (mi_idx.movie_id = t.id)
  ->  Seq Scan on movie_info_idx mi_idx  (cost=0.00..21735.35 rows=1380035 width=50) (actual time=0.028..367.457 rows=1380035 loops=1)
  ->  Hash  (cost=73925.90..73925.90 rows=681899 width=94) (actual time=1799.568..1799.568 rows=565062 loops=1)
        Buckets: 32768  Batches: 32  Memory Usage: 2281kB
        ->  Seq Scan on title t  (cost=0.00..73925.90 rows=681899 width=94) (actual time=0.018..1194.152 rows=565062 loops=1)
              Filter: ((kind_id > 1) AND (production_year < 1998))
              Rows Removed by Filter: 1963250
Planning time: 0.956 ms
Execution time: 3135.652 ms
