Hash Join  (cost=353890.39..1135244.19 rows=23080816 width=0) (actual time=8303.458..71286.549 rows=213808607 loops=1)
  Hash Cond: (mi.movie_id = t.id)
  ->  Seq Scan on movie_info mi  (cost=0.00..309384.22 rows=14739122 width=4) (actual time=0.018..5919.234 rows=14835720 loops=1)
  ->  Hash  (cost=288927.86..288927.86 rows=3959562 width=8) (actual time=8302.195..8302.195 rows=3957660 loops=1)
        Buckets: 131072  Batches: 64  Memory Usage: 3543kB
        ->  Hash Join  (cost=102767.86..288927.86 rows=3959562 width=8) (actual time=1942.930..7140.397 rows=3957660 loops=1)
              Hash Cond: (mk.movie_id = t.id)
              ->  Seq Scan on movie_keyword mk  (cost=0.00..81003.12 rows=3959562 width=4) (actual time=0.027..1832.201 rows=3957660 loops=1)
                    Filter: (keyword_id > 398)
                    Rows Removed by Filter: 566270
              ->  Hash  (cost=61283.27..61283.27 rows=2528527 width=4) (actual time=1941.169..1941.169 rows=2528312 loops=1)
                    Buckets: 131072  Batches: 64  Memory Usage: 2425kB
                    ->  Seq Scan on title t  (cost=0.00..61283.27 rows=2528527 width=4) (actual time=0.017..1104.339 rows=2528312 loops=1)
Planning time: 8.288 ms
Execution time: 95344.278 ms
