Hash Join  (cost=102767.86..269815.19 rows=3165305 width=0) (actual time=2251.813..6690.195 rows=3151943 loops=1)
  Hash Cond: (mk.movie_id = t.id)
  ->  Seq Scan on movie_keyword mk  (cost=0.00..81003.12 rows=3165305 width=4) (actual time=0.021..1790.981 rows=3151943 loops=1)
        Filter: (keyword_id < 12173)
        Rows Removed by Filter: 1371987
  ->  Hash  (cost=61283.27..61283.27 rows=2528527 width=4) (actual time=2250.235..2250.235 rows=2528312 loops=1)
        Buckets: 131072  Batches: 64  Memory Usage: 2425kB
        ->  Seq Scan on title t  (cost=0.00..61283.27 rows=2528527 width=4) (actual time=0.010..1119.876 rows=2528312 loops=1)
Planning time: 0.779 ms
Execution time: 7035.942 ms
