Hash Join  (cost=111020.24..522508.56 rows=193689 width=0) (actual time=2483.684..10206.464 rows=196654 loops=1)
  Hash Cond: (mi.movie_id = t.id)
  ->  Seq Scan on movie_info mi  (cost=0.00..346232.03 rows=5445713 width=4) (actual time=124.858..6008.457 rows=5410520 loops=1)
        Filter: (info_type_id < 6)
        Rows Removed by Filter: 9425200
  ->  Hash  (cost=109544.09..109544.09 rows=89932 width=8) (actual time=2358.019..2358.019 rows=54660 loops=1)
        Buckets: 131072  Batches: 2  Memory Usage: 2097kB
        ->  Hash Join  (cost=70308.29..109544.09 rows=89932 width=8) (actual time=1255.485..2337.515 rows=54660 loops=1)
              Hash Cond: (mi_idx.movie_id = t.id)
              ->  Seq Scan on movie_info_idx mi_idx  (cost=0.00..21735.35 rows=1380035 width=4) (actual time=0.033..482.625 rows=1380035 loops=1)
              ->  Hash  (cost=67604.59..67604.59 rows=164776 width=4) (actual time=1254.387..1254.387 rows=164307 loops=1)
                    Buckets: 131072  Batches: 4  Memory Usage: 2482kB
                    ->  Seq Scan on title t  (cost=0.00..67604.59 rows=164776 width=4) (actual time=0.040..1196.396 rows=164307 loops=1)
                          Filter: (production_year = 2012)
                          Rows Removed by Filter: 2364005
Planning time: 0.802 ms
Execution time: 10230.834 ms
