Hash Join  (cost=263115.61..1238628.64 rows=7163007 width=0) (actual time=15618.573..34248.962 rows=22973417 loops=1)
  Hash Cond: (ci.movie_id = t.id)
  ->  Seq Scan on cast_info ci  (cost=0.00..796071.18 rows=6941725 width=4) (actual time=9180.698..16765.741 rows=7669639 loops=1)
        Filter: ((person_id > 659516) AND (role_id > 5))
        Rows Removed by Filter: 28574705
  ->  Hash  (cost=220309.49..220309.49 rows=2609129 width=8) (actual time=6435.995..6435.995 rows=2609129 loops=1)
        Buckets: 131072  Batches: 64  Memory Usage: 2610kB
        ->  Hash Join  (cost=102767.86..220309.49 rows=2609129 width=8) (actual time=2026.492..5695.728 rows=2609129 loops=1)
              Hash Cond: (mc.movie_id = t.id)
              ->  Seq Scan on movie_companies mc  (cost=0.00..44881.29 rows=2609129 width=4) (actual time=0.024..988.633 rows=2609129 loops=1)
              ->  Hash  (cost=61283.27..61283.27 rows=2528527 width=4) (actual time=2024.890..2024.890 rows=2528312 loops=1)
                    Buckets: 131072  Batches: 64  Memory Usage: 2415kB
                    ->  Seq Scan on title t  (cost=0.00..61283.27 rows=2528527 width=4) (actual time=0.008..1157.171 rows=2528312 loops=1)
Planning time: 1.178 ms
Execution time: 36975.115 ms
