Hash Join  (cost=83074.74..109986.57 rows=134 width=0) (actual time=1258.760..1823.199 rows=2335 loops=1)
  Hash Cond: (mi_idx.movie_id = t.id)
  ->  Seq Scan on movie_info_idx mi_idx  (cost=0.00..21735.35 rows=1380035 width=4) (actual time=0.022..301.276 rows=1380035 loops=1)
  ->  Hash  (cost=83071.67..83071.67 rows=246 width=8) (actual time=1258.689..1258.689 rows=856 loops=1)
        Buckets: 1024  Batches: 1  Memory Usage: 42kB
        ->  Nested Loop  (cost=0.43..83071.67 rows=246 width=8) (actual time=0.586..1258.093 rows=856 loops=1)
              ->  Seq Scan on movie_keyword mk  (cost=0.00..81003.12 rows=246 width=4) (actual time=0.545..1221.788 rows=856 loops=1)
                    Filter: (keyword_id = 3778)
                    Rows Removed by Filter: 4523074
              ->  Index Only Scan using title_pkey on title t  (cost=0.43..8.40 rows=1 width=4) (actual time=0.040..0.041 rows=1 loops=856)
                    Index Cond: (id = mk.movie_id)
                    Heap Fetches: 856
Planning time: 0.875 ms
Execution time: 1823.747 ms
