Nested Loop  (cost=0.43..709671.90 rows=500 width=0) (actual time=563.415..10905.292 rows=158 loops=1)
  ->  Seq Scan on cast_info ci  (cost=0.00..705507.15 rows=500 width=4) (actual time=563.334..10901.956 rows=158 loops=1)
        Filter: (person_id = 1205916)
        Rows Removed by Filter: 36244186
  ->  Index Only Scan using title_pkey on title t  (cost=0.43..8.32 rows=1 width=4) (actual time=0.020..0.020 rows=1 loops=158)
        Index Cond: (id = ci.movie_id)
        Heap Fetches: 158
Planning time: 3.042 ms
Execution time: 10905.414 ms
