Seq Scan on movie_keyword mk  (cost=0.00..81003.12 rows=2089481 width=0) (actual time=0.025..1513.295 rows=2087724 loops=1)
  Filter: (keyword_id > 5785)
  Rows Removed by Filter: 2436206
Planning time: 0.392 ms
Execution time: 1764.932 ms
