Seq Scan on movie_keyword mk  (cost=0.00..81003.12 rows=2176806 width=0) (actual time=0.019..1523.460 rows=2176834 loops=1)
  Filter: (keyword_id < 4277)
  Rows Removed by Filter: 2347096
Planning time: 0.246 ms
Execution time: 1800.132 ms
