Seq Scan on cast_info ci  (cost=0.00..705507.15 rows=500 width=0) (actual time=4754.887..10666.056 rows=99 loops=1)
  Filter: (person_id = 2668421)
  Rows Removed by Filter: 36244245
Planning time: 0.386 ms
Execution time: 10666.151 ms
