Hash Join  (cost=498533.92..545402.54 rows=534814 width=0) (actual time=9298.851..11177.288 rows=2295777 loops=1)
  Hash Cond: (mi_idx.movie_id = t.id)
  ->  Seq Scan on movie_info_idx mi_idx  (cost=0.00..21735.35 rows=1380035 width=4) (actual time=0.019..539.001 rows=1380035 loops=1)
  ->  Hash  (cost=482457.21..482457.21 rows=979897 width=8) (actual time=9297.943..9297.943 rows=1033261 loops=1)
        Buckets: 131072  Batches: 16  Memory Usage: 3507kB
        ->  Hash Join  (cost=102767.86..482457.21 rows=979897 width=8) (actual time=3318.456..8995.149 rows=1033261 loops=1)
              Hash Cond: (mi.movie_id = t.id)
              ->  Seq Scan on movie_info mi  (cost=0.00..346232.03 rows=979897 width=4) (actual time=1260.323..5660.999 rows=1033261 loops=1)
                    Filter: (info_type_id > 81)
                    Rows Removed by Filter: 13802459
              ->  Hash  (cost=61283.27..61283.27 rows=2528527 width=4) (actual time=2055.697..2055.697 rows=2528312 loops=1)
                    Buckets: 131072  Batches: 64  Memory Usage: 2425kB
                    ->  Seq Scan on title t  (cost=0.00..61283.27 rows=2528527 width=4) (actual time=0.016..1225.669 rows=2528312 loops=1)
Planning time: 1.253 ms
Execution time: 11439.792 ms
