Hash Join  (cost=78556.72..155455.64 rows=304157 width=0) (actual time=1542.680..3346.531 rows=356169 loops=1)
  Hash Cond: (mc.movie_id = t.id)
  ->  Seq Scan on movie_companies mc  (cost=0.00..57926.93 rows=1152110 width=4) (actual time=0.026..1116.020 rows=981493 loops=1)
        Filter: ((company_id < 87952) AND (company_type_id = 2))
        Rows Removed by Filter: 1627636
  ->  Hash  (cost=67604.59..67604.59 rows=667531 width=4) (actual time=1541.557..1541.557 rows=662825 loops=1)
        Buckets: 131072  Batches: 16  Memory Usage: 2476kB
        ->  Seq Scan on title t  (cost=0.00..67604.59 rows=667531 width=4) (actual time=371.378..1342.039 rows=662825 loops=1)
              Filter: (kind_id = 1)
              Rows Removed by Filter: 1865487
Planning time: 0.745 ms
Execution time: 3389.907 ms
