Hash Join  (cost=432781.74..520118.84 rows=67906 width=0) (actual time=7053.780..9707.392 rows=858734 loops=1)
  Hash Cond: (mk.movie_id = t.id)
  ->  Seq Scan on movie_keyword mk  (cost=0.00..69693.30 rows=4523930 width=4) (actual time=0.012..1158.027 rows=4523930 loops=1)
  ->  Hash  (cost=432307.32..432307.32 rows=37954 width=8) (actual time=7053.255..7053.255 rows=88089 loops=1)
        Buckets: 131072 (originally 65536)  Batches: 2 (originally 1)  Memory Usage: 3073kB
        ->  Hash Join  (cost=75870.49..432307.32 rows=37954 width=8) (actual time=2302.377..7016.242 rows=88089 loops=1)
              Hash Cond: (mi.movie_id = t.id)
              ->  Seq Scan on movie_info mi  (cost=0.00..346232.03 rows=809669 width=4) (actual time=1035.424..5340.641 rows=802140 loops=1)
                    Filter: (info_type_id = 1)
                    Rows Removed by Filter: 14033580
              ->  Hash  (cost=73925.90..73925.90 rows=118527 width=4) (actual time=1265.824..1265.824 rows=217379 loops=1)
                    Buckets: 131072 (originally 131072)  Batches: 4 (originally 2)  Memory Usage: 3073kB
                    ->  Seq Scan on title t  (cost=0.00..73925.90 rows=118527 width=4) (actual time=0.022..1182.182 rows=217379 loops=1)
                          Filter: ((kind_id < 7) AND (production_year < 1965))
                          Rows Removed by Filter: 2310933
Planning time: 2.766 ms
Execution time: 9794.813 ms
