Hash Join  (cost=129928.86..351369.52 rows=3974433 width=106) (actual time=2176.692..8523.244 rows=3978312 loops=1)
  Hash Cond: (mk.movie_id = t.id)
  ->  Seq Scan on movie_keyword mk  (cost=0.00..81003.12 rows=3974433 width=12) (actual time=0.023..1796.873 rows=3978312 loops=1)
        Filter: (keyword_id < 33702)
        Rows Removed by Filter: 545618
  ->  Hash  (cost=61283.27..61283.27 rows=2528527 width=94) (actual time=2173.886..2173.886 rows=2528312 loops=1)
        Buckets: 32768  Batches: 128  Memory Usage: 2470kB
        ->  Seq Scan on title t  (cost=0.00..61283.27 rows=2528527 width=94) (actual time=0.009..852.612 rows=2528312 loops=1)
Planning time: 0.955 ms
Execution time: 8749.506 ms
