Seq Scan on movie_keyword mk  (cost=0.00..81003.12 rows=7087 width=0) (actual time=0.215..1277.043 rows=7495 loops=1)
  Filter: (keyword_id = 889)
  Rows Removed by Filter: 4516435
Planning time: 0.363 ms
Execution time: 1278.827 ms
