Seq Scan on movie_keyword mk  (cost=0.00..81003.12 rows=246 width=0) (actual time=1.085..1376.124 rows=990 loops=1)
  Filter: (keyword_id = 4668)
  Rows Removed by Filter: 4522940
Planning time: 0.279 ms
Execution time: 1376.566 ms
