Hash Join  (cost=95359.67..149831.15 rows=2959 width=0) (actual time=1789.651..2813.748 rows=7578 loops=1)
  Hash Cond: (mc.movie_id = t.id)
  ->  Seq Scan on movie_companies mc  (cost=0.00..51404.11 rows=810074 width=4) (actual time=0.017..853.271 rows=816876 loops=1)
        Filter: (company_id > 28437)
        Rows Removed by Filter: 1792253
  ->  Hash  (cost=95244.23..95244.23 rows=9235 width=8) (actual time=1786.488..1786.488 rows=10472 loops=1)
        Buckets: 16384  Batches: 1  Memory Usage: 538kB
        ->  Hash Join  (cost=68237.77..95244.23 rows=9235 width=8) (actual time=1141.416..1781.807 rows=10472 loops=1)
              Hash Cond: (mi_idx.movie_id = t.id)
              ->  Seq Scan on movie_info_idx mi_idx  (cost=0.00..25185.44 rows=460978 width=4) (actual time=0.013..498.444 rows=459925 loops=1)
                    Filter: (info_type_id = 99)
                    Rows Removed by Filter: 920110
              ->  Hash  (cost=67604.59..67604.59 rows=50655 width=4) (actual time=1141.043..1141.043 rows=50564 loops=1)
                    Buckets: 65536  Batches: 1  Memory Usage: 2290kB
                    ->  Seq Scan on title t  (cost=0.00..67604.59 rows=50655 width=4) (actual time=0.029..1119.849 rows=50564 loops=1)
                          Filter: (production_year = 1999)
                          Rows Removed by Filter: 2477748
Planning time: 1.125 ms
Execution time: 2815.281 ms
