Seq Scan on movie_keyword mk  (cost=0.00..81003.12 rows=2148463 width=0) (actual time=0.025..1500.554 rows=2147217 loops=1)
  Filter: (keyword_id > 5431)
  Rows Removed by Filter: 2376713
Planning time: 0.344 ms
Execution time: 1766.458 ms
