Seq Scan on title t  (cost=0.00..67604.59 rows=667531 width=94) (actual time=0.029..1067.249 rows=662825 loops=1)
  Filter: (kind_id < 2)
  Rows Removed by Filter: 1865487
Planning time: 0.470 ms
Execution time: 1108.479 ms
