Nested Loop  (cost=0.43..83072.29 rows=4 width=0) (actual time=471.390..1440.762 rows=9 loops=1)
  ->  Seq Scan on movie_keyword mk  (cost=0.00..81003.12 rows=246 width=4) (actual time=4.117..1397.125 rows=602 loops=1)
        Filter: (keyword_id = 1239)
        Rows Removed by Filter: 4523328
  ->  Index Scan using title_pkey on title t  (cost=0.43..8.40 rows=1 width=4) (actual time=0.071..0.071 rows=0 loops=602)
        Index Cond: (id = mk.movie_id)
        Filter: (production_year = 1997)
        Rows Removed by Filter: 1
Planning time: 3.516 ms
Execution time: 1440.867 ms
