Seq Scan on cast_info ci  (cost=0.00..705507.15 rows=2615682 width=0) (actual time=0.016..10716.693 rows=2575991 loops=1)
  Filter: (person_id < 247963)
  Rows Removed by Filter: 33668353
Planning time: 0.339 ms
Execution time: 11020.220 ms
