Seq Scan on movie_companies mc  (cost=0.00..57926.93 rows=51 width=0) (actual time=287.712..917.095 rows=181 loops=1)
  Filter: ((company_type_id < 2) AND (company_id = 669))
  Rows Removed by Filter: 2608948
Planning time: 0.410 ms
Execution time: 917.248 ms
