Seq Scan on movie_keyword mk  (cost=0.00..81003.12 rows=3684161 width=0) (actual time=0.028..1538.646 rows=3677838 loops=1)
  Filter: (keyword_id < 21711)
  Rows Removed by Filter: 846092
Planning time: 1.262 ms
Execution time: 1984.463 ms
