Hash Join  (cost=69090.10..867361.23 rows=5542 width=0) (actual time=2061.543..14869.960 rows=4814 loops=1)
  Hash Cond: (ci.movie_id = t.id)
  ->  Seq Scan on cast_info ci  (cost=0.00..796071.18 rows=154809 width=4) (actual time=976.557..13694.261 rows=241089 loops=1)
        Filter: ((person_id > 2018197) AND (role_id > 10))
        Rows Removed by Filter: 36003255
  ->  Hash  (cost=67604.59..67604.59 rows=90521 width=4) (actual time=1083.977..1083.977 rows=90852 loops=1)
        Buckets: 131072  Batches: 2  Memory Usage: 2626kB
        ->  Seq Scan on title t  (cost=0.00..67604.59 rows=90521 width=4) (actual time=150.368..1049.246 rows=90852 loops=1)
              Filter: (kind_id = 2)
              Rows Removed by Filter: 2437460
Planning time: 2.401 ms
Execution time: 14871.006 ms
