Seq Scan on movie_keyword mk  (cost=0.00..81003.12 rows=3534900 width=0) (actual time=0.027..1514.388 rows=3525529 loops=1)
  Filter: (keyword_id < 18607)
  Rows Removed by Filter: 998401
Planning time: 0.317 ms
Execution time: 1949.890 ms
