Hash Join  (cost=73899.55..178921.27 rows=130996 width=106) (actual time=649.686..1747.212 rows=45740 loops=1)
  Hash Cond: (mk.movie_id = t.id)
  ->  Seq Scan on movie_keyword mk  (cost=0.00..81003.12 rows=1428704 width=12) (actual time=0.013..692.036 rows=1441940 loops=1)
        Filter: (keyword_id < 2021)
        Rows Removed by Filter: 3081990
  ->  Hash  (cost=67604.59..67604.59 rows=231837 width=94) (actual time=647.731..647.731 rows=231649 loops=1)
        Buckets: 32768  Batches: 8  Memory Usage: 3531kB
        ->  Seq Scan on title t  (cost=0.00..67604.59 rows=231837 width=94) (actual time=0.011..574.373 rows=231649 loops=1)
              Filter: (production_year > 2011)
              Rows Removed by Filter: 2296663
Planning time: 0.512 ms
Execution time: 1748.906 ms
