Hash Join  (cost=92735.26..180682.41 rows=981003 width=0) (actual time=1709.660..3983.078 rows=749531 loops=1)
  Hash Cond: (mc.movie_id = t.id)
  ->  Seq Scan on movie_companies mc  (cost=0.00..51404.11 rows=1619402 width=4) (actual time=0.028..1039.040 rows=1608181 loops=1)
        Filter: (company_id < 16708)
        Rows Removed by Filter: 1000948
  ->  Hash  (cost=67604.59..67604.59 rows=1531734 width=4) (actual time=1708.150..1708.150 rows=1531613 loops=1)
        Buckets: 131072  Batches: 32  Memory Usage: 2708kB
        ->  Seq Scan on title t  (cost=0.00..67604.59 rows=1531734 width=4) (actual time=0.019..1197.707 rows=1531613 loops=1)
              Filter: (production_year > 1997)
              Rows Removed by Filter: 996699
Planning time: 0.780 ms
Execution time: 4065.265 ms
