Hash Join  (cost=88391.98..236345.68 rows=1471381 width=0) (actual time=3994.804..5264.472 rows=343599 loops=1)
  Hash Cond: (mk.movie_id = t.id)
  ->  Seq Scan on movie_keyword mk  (cost=0.00..81003.12 rows=4219672 width=4) (actual time=0.022..1930.486 rows=4222845 loops=1)
        Filter: (keyword_id < 53824)
        Rows Removed by Filter: 301085
  ->  Hash  (cost=73925.90..73925.90 rows=881686 width=4) (actual time=1460.286..1460.286 rows=801513 loops=1)
        Buckets: 131072  Batches: 16  Memory Usage: 2792kB
        ->  Seq Scan on title t  (cost=0.00..73925.90 rows=881686 width=4) (actual time=215.532..1211.200 rows=801513 loops=1)
              Filter: ((production_year < 2006) AND (kind_id = 7))
              Rows Removed by Filter: 1726799
Planning time: 2.308 ms
Execution time: 5291.301 ms
