Hash Join  (cost=102767.86..258676.54 rows=2702373 width=0) (actual time=1939.538..6003.630 rows=2696303 loops=1)
  Hash Cond: (mk.movie_id = t.id)
  ->  Seq Scan on movie_keyword mk  (cost=0.00..81003.12 rows=2702373 width=4) (actual time=0.025..1682.300 rows=2696303 loops=1)
        Filter: (keyword_id > 3004)
        Rows Removed by Filter: 1827627
  ->  Hash  (cost=61283.27..61283.27 rows=2528527 width=4) (actual time=1937.926..1937.926 rows=2528312 loops=1)
        Buckets: 131072  Batches: 64  Memory Usage: 2425kB
        ->  Seq Scan on title t  (cost=0.00..61283.27 rows=2528527 width=4) (actual time=0.008..1060.823 rows=2528312 loops=1)
Planning time: 0.811 ms
Execution time: 6323.641 ms
