Hash Join  (cost=83072.91..447728.90 rows=8 width=0) (actual time=1163.076..8369.076 rows=58 loops=1)
  Hash Cond: (mi.movie_id = t.id)
  ->  Seq Scan on movie_info mi  (cost=0.00..309384.22 rows=14739122 width=4) (actual time=0.021..4579.273 rows=14835720 loops=1)
  ->  Hash  (cost=83072.90..83072.90 rows=1 width=8) (actual time=1149.521..1149.521 rows=2 loops=1)
        Buckets: 1024  Batches: 1  Memory Usage: 9kB
        ->  Nested Loop  (cost=0.43..83072.90 rows=1 width=8) (actual time=293.049..1149.511 rows=2 loops=1)
              ->  Seq Scan on movie_keyword mk  (cost=0.00..81003.12 rows=246 width=4) (actual time=73.605..1141.527 rows=124 loops=1)
                    Filter: (keyword_id = 61671)
                    Rows Removed by Filter: 4523806
              ->  Index Scan using title_pkey on title t  (cost=0.43..8.40 rows=1 width=4) (actual time=0.061..0.061 rows=0 loops=124)
                    Index Cond: (id = mk.movie_id)
                    Filter: ((kind_id < 7) AND (production_year = 1996))
                    Rows Removed by Filter: 1
Planning time: 1.274 ms
Execution time: 8369.228 ms
