Seq Scan on movie_companies mc  (cost=0.00..51404.11 rows=350653 width=0) (actual time=269.130..905.289 rows=355495 loops=1)
  Filter: (company_id > 87650)
  Rows Removed by Filter: 2253634
Planning time: 0.314 ms
Execution time: 951.193 ms
