Hash Join  (cost=78249.37..904130.15 rows=986600 width=0) (actual time=5439.378..19441.392 rows=264744 loops=1)
  Hash Cond: (ci.movie_id = t.id)
  ->  Seq Scan on cast_info ci  (cost=0.00..705507.15 rows=9468168 width=4) (actual time=4241.578..14164.243 rows=9384703 loops=1)
        Filter: (role_id > 4)
        Rows Removed by Filter: 26859641
  ->  Hash  (cost=73925.90..73925.90 rows=263477 width=4) (actual time=1196.692..1196.692 rows=153864 loops=1)
        Buckets: 131072  Batches: 4  Memory Usage: 2376kB
        ->  Seq Scan on title t  (cost=0.00..73925.90 rows=263477 width=4) (actual time=388.003..1136.367 rows=153864 loops=1)
              Filter: ((production_year < 1974) AND (kind_id = 7))
              Rows Removed by Filter: 2374448
Planning time: 3.025 ms
Execution time: 19475.317 ms
