Hash Join  (cost=97862.98..254383.68 rows=1283854 width=106) (actual time=3774.997..5468.127 rows=296750 loops=1)
  Hash Cond: (mk.movie_id = t.id)
  ->  Seq Scan on movie_keyword mk  (cost=0.00..81003.12 rows=3681876 width=12) (actual time=0.021..1656.434 rows=3676355 loops=1)
        Filter: (keyword_id > 807)
        Rows Removed by Filter: 847575
  ->  Hash  (cost=73925.90..73925.90 rows=881686 width=94) (actual time=1563.735..1563.735 rows=801513 loops=1)
        Buckets: 32768  Batches: 32  Memory Usage: 3108kB
        ->  Seq Scan on title t  (cost=0.00..73925.90 rows=881686 width=94) (actual time=0.012..1246.864 rows=801513 loops=1)
              Filter: ((production_year < 2006) AND (kind_id = 7))
              Rows Removed by Filter: 1726799
Planning time: 0.928 ms
Execution time: 5485.511 ms
