Hash Join  (cost=101472.76..188381.57 rows=25077 width=0) (actual time=1862.730..3678.320 rows=24291 loops=1)
  Hash Cond: (mk.movie_id = t.id)
  ->  Seq Scan on movie_keyword mk  (cost=0.00..69693.30 rows=4523930 width=4) (actual time=0.011..1031.853 rows=4523930 loops=1)
  ->  Hash  (cost=101297.56..101297.56 rows=14016 width=8) (actual time=1849.397..1849.397 rows=6540 loops=1)
        Buckets: 16384  Batches: 1  Memory Usage: 384kB
        ->  Hash Join  (cost=74246.92..101297.56 rows=14016 width=8) (actual time=1159.478..1846.649 rows=6540 loops=1)
              Hash Cond: (mi_idx.movie_id = t.id)
              ->  Seq Scan on movie_info_idx mi_idx  (cost=0.00..21735.35 rows=1380035 width=4) (actual time=0.020..357.167 rows=1380035 loops=1)
              ->  Hash  (cost=73925.90..73925.90 rows=25681 width=4) (actual time=1159.182..1159.182 rows=23707 loops=1)
                    Buckets: 32768  Batches: 1  Memory Usage: 1090kB
                    ->  Seq Scan on title t  (cost=0.00..73925.90 rows=25681 width=4) (actual time=0.307..1142.609 rows=23707 loops=1)
                          Filter: ((kind_id < 7) AND (production_year = 2013))
                          Rows Removed by Filter: 2504605
Planning time: 0.953 ms
Execution time: 3681.739 ms
