Seq Scan on movie_info mi  (cost=0.00..346232.03 rows=943358 width=0) (actual time=3059.161..5407.927 rows=978723 loops=1)
  Filter: (info_type_id > 90)
  Rows Removed by Filter: 13856997
Planning time: 0.342 ms
Execution time: 5532.506 ms
