Nested Loop  (cost=0.43..83072.90 rows=4 width=0) (actual time=0.324..1345.137 rows=82 loops=1)
  ->  Seq Scan on movie_keyword mk  (cost=0.00..81003.12 rows=246 width=4) (actual time=0.267..1270.527 rows=1558 loops=1)
        Filter: (keyword_id = 733)
        Rows Removed by Filter: 4522372
  ->  Index Scan using title_pkey on title t  (cost=0.43..8.40 rows=1 width=4) (actual time=0.047..0.047 rows=0 loops=1558)
        Index Cond: (id = mk.movie_id)
        Filter: ((kind_id < 7) AND (production_year = 2007))
        Rows Removed by Filter: 1
Planning time: 0.810 ms
Execution time: 1345.326 ms
