Seq Scan on cast_info ci  (cost=0.00..705507.15 rows=31570821 width=0) (actual time=0.026..13355.292 rows=31692404 loops=1)
  Filter: (person_id > 439399)
  Rows Removed by Filter: 4551940
Planning time: 0.371 ms
Execution time: 17275.367 ms
