Hash Join  (cost=460789.21..1539662.22 rows=4387288 width=0) (actual time=7875.151..46536.266 rows=29756507 loops=1)
  Hash Cond: (ci.movie_id = t.id)
  ->  Seq Scan on cast_info ci  (cost=0.00..614943.12 rows=36225612 width=4) (actual time=0.017..13287.148 rows=36244344 loops=1)
  ->  Hash  (cost=455764.33..455764.33 rows=306230 width=8) (actual time=7874.294..7874.294 rows=545500 loops=1)
        Buckets: 131072  Batches: 8  Memory Usage: 3641kB
        ->  Hash Join  (cost=79715.19..455764.33 rows=306230 width=8) (actual time=1256.056..7734.705 rows=545500 loops=1)
              Hash Cond: (mi.movie_id = t.id)
              ->  Seq Scan on movie_info mi  (cost=0.00..346232.03 rows=2194617 width=4) (actual time=0.025..5353.177 rows=2233850 loops=1)
                    Filter: (info_type_id > 16)
                    Rows Removed by Filter: 12601870
              ->  Hash  (cost=73925.90..73925.90 rows=352823 width=4) (actual time=1254.929..1254.929 rows=302088 loops=1)
                    Buckets: 131072  Batches: 8  Memory Usage: 2348kB
                    ->  Seq Scan on title t  (cost=0.00..73925.90 rows=352823 width=4) (actual time=0.032..1153.706 rows=302088 loops=1)
                          Filter: ((kind_id < 7) AND (production_year > 2006))
                          Rows Removed by Filter: 2226224
Planning time: 1.213 ms
Execution time: 50008.405 ms
