Hash Join  (cost=52284.99..79196.04 rows=57 width=184) (actual time=748.596..1312.336 rows=942 loops=1)
  Hash Cond: (mi_idx.movie_id = t.id)
  ->  Seq Scan on movie_info_idx mi_idx  (cost=0.00..21735.35 rows=1380035 width=50) (actual time=0.007..296.334 rows=1380035 loops=1)
  ->  Hash  (cost=52283.69..52283.69 rows=104 width=134) (actual time=748.126..748.126 rows=369 loops=1)
        Buckets: 1024  Batches: 1  Memory Usage: 60kB
        ->  Nested Loop  (cost=0.43..52283.69 rows=104 width=134) (actual time=8.769..747.668 rows=369 loops=1)
              ->  Seq Scan on movie_companies mc  (cost=0.00..51404.11 rows=104 width=40) (actual time=8.689..733.919 rows=369 loops=1)
                    Filter: (company_id = 9581)
                    Rows Removed by Filter: 2608760
              ->  Index Scan using title_pkey on title t  (cost=0.43..8.45 rows=1 width=94) (actual time=0.035..0.035 rows=1 loops=369)
                    Index Cond: (id = mc.movie_id)
Planning time: 1.351 ms
Execution time: 1312.568 ms
