Hash Join  (cost=139597.14..245230.23 rows=350647 width=0) (actual time=3344.498..6510.036 rows=3420861 loops=1)
  Hash Cond: (mk.movie_id = t.id)
  ->  Seq Scan on movie_keyword mk  (cost=0.00..81003.12 rows=1644666 width=4) (actual time=0.022..1526.037 rows=1655474 loops=1)
        Filter: (keyword_id < 2529)
        Rows Removed by Filter: 2868456
  ->  Hash  (cost=130752.54..130752.54 rows=539088 width=8) (actual time=3343.599..3343.599 rows=954317 loops=1)
        Buckets: 131072 (originally 131072)  Batches: 16 (originally 8)  Memory Usage: 3370kB
        ->  Hash Join  (cost=83810.17..130752.54 rows=539088 width=8) (actual time=1524.047..3056.897 rows=954317 loops=1)
              Hash Cond: (mi_idx.movie_id = t.id)
              ->  Seq Scan on movie_info_idx mi_idx  (cost=0.00..21735.35 rows=1380035 width=4) (actual time=0.025..454.807 rows=1380035 loops=1)
              ->  Hash  (cost=67604.59..67604.59 rows=987727 width=4) (actual time=1522.799..1522.799 rows=985048 loops=1)
                    Buckets: 131072  Batches: 16  Memory Usage: 3188kB
                    ->  Seq Scan on title t  (cost=0.00..67604.59 rows=987727 width=4) (actual time=0.014..1214.119 rows=985048 loops=1)
                          Filter: (kind_id < 7)
                          Rows Removed by Filter: 1543264
Planning time: 1.144 ms
Execution time: 6890.650 ms
