Hash Join  (cost=165785.65..305754.42 rows=1474673 width=0) (actual time=4010.157..8124.754 rows=1267389 loops=1)
  Hash Cond: (mk.movie_id = t.id)
  ->  Seq Scan on movie_keyword mk  (cost=0.00..69693.30 rows=4523930 width=4) (actual time=0.012..1309.347 rows=4523930 loops=1)
  ->  Hash  (cost=152262.80..152262.80 rows=824228 width=8) (actual time=4003.948..4003.948 rows=442230 loops=1)
        Buckets: 131072  Batches: 16  Memory Usage: 2110kB
        ->  Hash Join  (cost=98702.99..152262.80 rows=824228 width=8) (actual time=2529.391..3892.214 rows=442230 loops=1)
              Hash Cond: (mi_idx.movie_id = t.id)
              ->  Seq Scan on movie_info_idx mi_idx  (cost=0.00..21735.35 rows=1380035 width=4) (actual time=0.020..452.538 rows=1380035 loops=1)
              ->  Hash  (cost=73925.90..73925.90 rows=1510167 width=4) (actual time=2498.240..2498.240 rows=1490874 loops=1)
                    Buckets: 131072  Batches: 32  Memory Usage: 2663kB
                    ->  Seq Scan on title t  (cost=0.00..73925.90 rows=1510167 width=4) (actual time=0.022..1368.949 rows=1490874 loops=1)
                          Filter: ((kind_id > 4) AND (production_year > 0))
                          Rows Removed by Filter: 1037438
Planning time: 1.217 ms
Execution time: 8274.492 ms
