Hash Join  (cost=165053.61..252201.80 rows=49016 width=0) (actual time=2753.332..4512.032 rows=98098 loops=1)
  Hash Cond: (mk.movie_id = t.id)
  ->  Seq Scan on movie_keyword mk  (cost=0.00..69693.30 rows=4523930 width=4) (actual time=0.022..878.500 rows=4523930 loops=1)
  ->  Hash  (cost=164711.16..164711.16 rows=27396 width=8) (actual time=2751.490..2751.490 rows=27303 loops=1)
        Buckets: 32768  Batches: 1  Memory Usage: 1323kB
        ->  Hash Join  (cost=102767.86..164711.16 rows=27396 width=8) (actual time=1274.926..2742.481 rows=27303 loops=1)
              Hash Cond: (mc.movie_id = t.id)
              ->  Seq Scan on movie_companies mc  (cost=0.00..51404.11 rows=27396 width=4) (actual time=0.085..641.540 rows=27303 loops=1)
                    Filter: (company_id = 27)
                    Rows Removed by Filter: 2581826
              ->  Hash  (cost=61283.27..61283.27 rows=2528527 width=4) (actual time=1260.021..1260.021 rows=2528312 loops=1)
                    Buckets: 131072  Batches: 64  Memory Usage: 2415kB
                    ->  Seq Scan on title t  (cost=0.00..61283.27 rows=2528527 width=4) (actual time=0.022..622.410 rows=2528312 loops=1)
Planning time: 1.137 ms
Execution time: 4525.211 ms
