Seq Scan on movie_companies mc  (cost=0.00..51404.11 rows=988859 width=0) (actual time=124.839..897.899 rows=998348 loops=1)
  Filter: (company_id > 16734)
  Rows Removed by Filter: 1610781
Planning time: 0.314 ms
Execution time: 1021.104 ms
