Seq Scan on movie_companies mc  (cost=0.00..57926.93 rows=682700 width=0) (actual time=238.940..1019.770 rows=924992 loops=1)
  Filter: ((company_id > 11185) AND (company_type_id = 2))
  Rows Removed by Filter: 1684137
Planning time: 0.373 ms
Execution time: 1137.974 ms
