Hash Join  (cost=102767.86..1147327.12 rows=9916190 width=0) (actual time=1900.517..27622.606 rows=10752192 loops=1)
  Hash Cond: (ci.movie_id = t.id)
  ->  Seq Scan on cast_info ci  (cost=0.00..796071.18 rows=9916190 width=4) (actual time=0.028..16446.405 rows=10752192 loops=1)
        Filter: ((person_id > 649473) AND (role_id > 3))
        Rows Removed by Filter: 25492152
  ->  Hash  (cost=61283.27..61283.27 rows=2528527 width=4) (actual time=1899.130..1899.130 rows=2528312 loops=1)
        Buckets: 131072  Batches: 64  Memory Usage: 2415kB
        ->  Seq Scan on title t  (cost=0.00..61283.27 rows=2528527 width=4) (actual time=0.016..1042.867 rows=2528312 loops=1)
Planning time: 0.808 ms
Execution time: 28837.832 ms
