Hash Join  (cost=86573.65..172589.51 rows=795433 width=0) (actual time=2252.395..4590.913 rows=400201 loops=1)
  Hash Cond: (mc.movie_id = t.id)
  ->  Seq Scan on movie_companies mc  (cost=0.00..44881.29 rows=2609129 width=4) (actual time=0.012..873.130 rows=2609129 loops=1)
  ->  Hash  (cost=73925.90..73925.90 rows=770860 width=4) (actual time=2251.261..2251.261 rows=682281 loops=1)
        Buckets: 131072  Batches: 16  Memory Usage: 2522kB
        ->  Seq Scan on title t  (cost=0.00..73925.90 rows=770860 width=4) (actual time=340.747..1353.158 rows=682281 loops=1)
              Filter: ((production_year < 2004) AND (kind_id = 7))
              Rows Removed by Filter: 1846031
Planning time: 0.731 ms
Execution time: 4642.347 ms
