Seq Scan on movie_companies mc  (cost=0.00..57926.93 rows=1008037 width=40) (actual time=81.486..957.973 rows=714579 loops=1)
  Filter: ((company_id < 58316) AND (company_type_id = 2))
  Rows Removed by Filter: 1894550
Planning time: 15.965 ms
Execution time: 1002.515 ms
