Hash Join  (cost=118524.20..190596.61 rows=65652 width=0) (actual time=2652.309..3982.599 rows=283034 loops=1)
  Hash Cond: (mc.movie_id = t.id)
  ->  Seq Scan on movie_companies mc  (cost=0.00..57926.93 rows=1116256 width=4) (actual time=286.004..1090.114 rows=1014345 loops=1)
        Filter: ((company_id > 160) AND (company_type_id = 1))
        Rows Removed by Filter: 1594784
  ->  Hash  (cost=116084.28..116084.28 rows=148713 width=8) (actual time=2365.169..2365.169 rows=182084 loops=1)
        Buckets: 131072 (originally 131072)  Batches: 4 (originally 2)  Memory Usage: 3073kB
        ->  Hash Join  (cost=80874.21..116084.28 rows=148713 width=8) (actual time=1333.013..2298.186 rows=182084 loops=1)
              Hash Cond: (mi_idx.movie_id = t.id)
              ->  Seq Scan on movie_info_idx mi_idx  (cost=0.00..25185.44 rows=464934 width=4) (actual time=0.036..476.517 rows=460185 loops=1)
                    Filter: (info_type_id > 100)
                    Rows Removed by Filter: 919850
              ->  Hash  (cost=67604.59..67604.59 rows=808770 width=4) (actual time=1331.852..1331.852 rows=812704 loops=1)
                    Buckets: 131072  Batches: 16  Memory Usage: 2812kB
                    ->  Seq Scan on title t  (cost=0.00..67604.59 rows=808770 width=4) (actual time=0.022..1067.152 rows=812704 loops=1)
                          Filter: (production_year < 1995)
                          Rows Removed by Filter: 1715608
Planning time: 1.181 ms
Execution time: 4017.842 ms
