Hash Join  (cost=149196.27..272955.65 rows=144235 width=0) (actual time=5173.090..6105.513 rows=175392 loops=1)
  Hash Cond: (mk.movie_id = t.id)
  ->  Seq Scan on movie_keyword mk  (cost=0.00..69693.30 rows=4523930 width=4) (actual time=0.024..1334.335 rows=4523930 loops=1)
  ->  Hash  (cost=147873.57..147873.57 rows=80616 width=8) (actual time=3392.839..3392.839 rows=123037 loops=1)
        Buckets: 131072  Batches: 2  Memory Usage: 3438kB
        ->  Hash Join  (cost=89472.60..147873.57 rows=80616 width=8) (actual time=2227.976..3347.800 rows=123037 loops=1)
              Hash Cond: (mc.movie_id = t.id)
              ->  Seq Scan on movie_companies mc  (cost=0.00..51404.11 rows=215117 width=4) (actual time=0.022..833.972 rows=215203 loops=1)
                    Filter: (company_id < 73)
                    Rows Removed by Filter: 2393926
              ->  Hash  (cost=73925.90..73925.90 rows=947576 width=4) (actual time=2194.651..2194.651 rows=876037 loops=1)
                    Buckets: 131072  Batches: 16  Memory Usage: 2949kB
                    ->  Seq Scan on title t  (cost=0.00..73925.90 rows=947576 width=4) (actual time=0.380..1295.815 rows=876037 loops=1)
                          Filter: ((production_year < 2007) AND (kind_id = 7))
                          Rows Removed by Filter: 1652275
Planning time: 1.190 ms
Execution time: 6124.476 ms
