Hash Join  (cost=98347.17..974832.54 rows=2678456 width=0) (actual time=12330.834..21020.458 rows=3499571 loops=1)
  Hash Cond: (ci.movie_id = t.id)
  ->  Seq Scan on cast_info ci  (cost=0.00..796071.18 rows=3614326 width=4) (actual time=10306.624..15304.459 rows=4008037 loops=1)
        Filter: ((person_id < 3427754) AND (role_id = 3))
        Rows Removed by Filter: 32236307
  ->  Hash  (cost=67604.59..67604.59 rows=1873807 width=4) (actual time=2023.215..2023.215 rows=1871198 loops=1)
        Buckets: 131072  Batches: 32  Memory Usage: 3088kB
        ->  Seq Scan on title t  (cost=0.00..67604.59 rows=1873807 width=4) (actual time=0.041..1301.323 rows=1871198 loops=1)
              Filter: (production_year > 1984)
              Rows Removed by Filter: 657114
Planning time: 0.865 ms
Execution time: 21433.212 ms
