Hash Join  (cost=195819.73..223054.22 rows=32401 width=0) (actual time=3767.185..4457.787 rows=141231 loops=1)
  Hash Cond: (mi_idx.movie_id = t.id)
  ->  Seq Scan on movie_info_idx mi_idx  (cost=0.00..21735.35 rows=1380035 width=4) (actual time=0.023..324.864 rows=1380035 loops=1)
  ->  Hash  (cost=195077.66..195077.66 rows=59365 width=8) (actual time=3763.798..3763.798 rows=56145 loops=1)
        Buckets: 65536  Batches: 1  Memory Usage: 2706kB
        ->  Hash Join  (cost=102767.86..195077.66 rows=59365 width=8) (actual time=2133.081..3745.174 rows=56145 loops=1)
              Hash Cond: (mk.movie_id = t.id)
              ->  Seq Scan on movie_keyword mk  (cost=0.00..81003.12 rows=59365 width=4) (actual time=161.694..1336.625 rows=56145 loops=1)
                    Filter: (keyword_id > 96787)
                    Rows Removed by Filter: 4467785
              ->  Hash  (cost=61283.27..61283.27 rows=2528527 width=4) (actual time=1970.114..1970.114 rows=2528312 loops=1)
                    Buckets: 131072  Batches: 64  Memory Usage: 2425kB
                    ->  Seq Scan on title t  (cost=0.00..61283.27 rows=2528527 width=4) (actual time=0.022..1094.293 rows=2528312 loops=1)
Planning time: 1.108 ms
Execution time: 4476.505 ms
