Seq Scan on movie_companies mc  (cost=0.00..57926.93 rows=857208 width=0) (actual time=390.261..1008.855 rows=669220 loops=1)
  Filter: ((company_id > 2439) AND (company_type_id < 2))
  Rows Removed by Filter: 1939909
Planning time: 0.371 ms
Execution time: 1095.093 ms
