Seq Scan on movie_keyword mk  (cost=0.00..81003.12 rows=1318275 width=0) (actual time=0.219..1431.388 rows=1330487 loops=1)
  Filter: (keyword_id > 12940)
  Rows Removed by Filter: 3193443
Planning time: 0.320 ms
Execution time: 1605.532 ms
