Hash Join  (cost=348500.74..895538.85 rows=9464995 width=0) (actual time=10370.937..26534.400 rows=41393307 loops=1)
  Hash Cond: (mi.movie_id = t.id)
  ->  Seq Scan on movie_info mi  (cost=0.00..346232.03 rows=5897221 width=4) (actual time=2143.825..6065.965 rows=5884963 loops=1)
        Filter: (info_type_id < 7)
        Rows Removed by Filter: 8950757
  ->  Hash  (cost=281919.41..281919.41 rows=4058266 width=8) (actual time=8225.640..8225.640 rows=3876660 loops=1)
        Buckets: 131072  Batches: 64  Memory Usage: 3447kB
        ->  Hash Join  (cost=104818.80..281919.41 rows=4058266 width=8) (actual time=2142.267..7157.304 rows=3876660 loops=1)
              Hash Cond: (mk.movie_id = t.id)
              ->  Seq Scan on movie_keyword mk  (cost=0.00..69693.30 rows=4523930 width=4) (actual time=0.033..1399.823 rows=4523930 loops=1)
              ->  Hash  (cost=67604.59..67604.59 rows=2268257 width=4) (actual time=2139.994..2139.994 rows=2261229 loops=1)
                    Buckets: 131072  Batches: 32  Memory Usage: 3520kB
                    ->  Seq Scan on title t  (cost=0.00..67604.59 rows=2268257 width=4) (actual time=0.019..1400.470 rows=2261229 loops=1)
                          Filter: (production_year > 1954)
                          Rows Removed by Filter: 267083
Planning time: 0.983 ms
Execution time: 30762.237 ms
