Hash Join  (cost=177551.15..650367.64 rows=2172301 width=0) (actual time=4417.086..19006.828 rows=17147577 loops=1)
  Hash Cond: (mi.movie_id = t.id)
  ->  Seq Scan on movie_info mi  (cost=0.00..346232.03 rows=8859586 width=4) (actual time=138.365..6640.398 rows=8966694 loops=1)
        Filter: (info_type_id < 15)
        Rows Removed by Filter: 5869026
  ->  Hash  (cost=167379.47..167379.47 rows=619975 width=8) (actual time=4168.177..4168.177 rows=928664 loops=1)
        Buckets: 131072  Batches: 16  Memory Usage: 3363kB
        ->  Hash Join  (cost=83783.19..167379.47 rows=619975 width=8) (actual time=1399.791..3901.261 rows=928664 loops=1)
              Hash Cond: (mc.movie_id = t.id)
              ->  Seq Scan on movie_companies mc  (cost=0.00..44881.29 rows=2609129 width=4) (actual time=0.024..927.899 rows=2609129 loops=1)
              ->  Hash  (cost=73925.90..73925.90 rows=600823 width=4) (actual time=1398.876..1398.876 rows=484625 loops=1)
                    Buckets: 131072  Batches: 8  Memory Usage: 3168kB
                    ->  Seq Scan on title t  (cost=0.00..73925.90 rows=600823 width=4) (actual time=577.822..1249.466 rows=484625 loops=1)
                          Filter: ((production_year > 1953) AND (kind_id = 1))
                          Rows Removed by Filter: 2043687
Planning time: 1.026 ms
Execution time: 20852.746 ms
