Hash Join  (cost=156487.41..1029435.10 rows=1022514 width=0) (actual time=3926.640..22382.398 rows=3393915 loops=1)
  Hash Cond: (ci.movie_id = t.id)
  ->  Seq Scan on cast_info ci  (cost=0.00..796071.18 rows=5608631 width=4) (actual time=73.282..13566.001 rows=8644720 loops=1)
        Filter: ((person_id > 2824407) AND (role_id > 1))
        Rows Removed by Filter: 27599624
  ->  Hash  (cost=148924.19..148924.19 rows=460978 width=8) (actual time=3852.454..3852.454 rows=459925 loops=1)
        Buckets: 131072  Batches: 8  Memory Usage: 3275kB
        ->  Hash Join  (cost=102767.86..148924.19 rows=460978 width=8) (actual time=2392.868..3711.108 rows=459925 loops=1)
              Hash Cond: (mi_idx.movie_id = t.id)
              ->  Seq Scan on movie_info_idx mi_idx  (cost=0.00..25185.44 rows=460978 width=4) (actual time=0.039..531.417 rows=459925 loops=1)
                    Filter: (info_type_id = 99)
                    Rows Removed by Filter: 920110
              ->  Hash  (cost=61283.27..61283.27 rows=2528527 width=4) (actual time=2391.786..2391.786 rows=2528312 loops=1)
                    Buckets: 131072  Batches: 64  Memory Usage: 2415kB
                    ->  Seq Scan on title t  (cost=0.00..61283.27 rows=2528527 width=4) (actual time=0.021..1272.389 rows=2528312 loops=1)
Planning time: 1.238 ms
Execution time: 22751.344 ms
