Hash Join  (cost=128297.80..231707.85 rows=150854 width=0) (actual time=2634.679..5275.349 rows=874199 loops=1)
  Hash Cond: (mk.movie_id = t.id)
  ->  Seq Scan on movie_keyword mk  (cost=0.00..81003.12 rows=1732902 width=4) (actual time=0.011..1614.314 rows=1742119 loops=1)
        Filter: (keyword_id < 2849)
        Rows Removed by Filter: 2781811
  ->  Hash  (cost=124686.35..124686.35 rows=220116 width=8) (actual time=2633.875..2633.875 rows=265071 loops=1)
        Buckets: 131072  Batches: 4  Memory Usage: 3628kB
        ->  Hash Join  (cost=87245.25..124686.35 rows=220116 width=8) (actual time=1524.358..2553.291 rows=265071 loops=1)
              Hash Cond: (mi_idx.movie_id = t.id)
              ->  Seq Scan on movie_info_idx mi_idx  (cost=0.00..25185.44 rows=464934 width=4) (actual time=0.029..499.909 rows=460185 loops=1)
                    Filter: (info_type_id > 100)
                    Rows Removed by Filter: 919850
              ->  Hash  (cost=67604.59..67604.59 rows=1197093 width=4) (actual time=1523.339..1523.339 rows=1195923 loops=1)
                    Buckets: 131072  Batches: 16  Memory Usage: 3653kB
                    ->  Seq Scan on title t  (cost=0.00..67604.59 rows=1197093 width=4) (actual time=0.016..1137.916 rows=1195923 loops=1)
                          Filter: (production_year < 2003)
                          Rows Removed by Filter: 1332389
Planning time: 1.197 ms
Execution time: 5389.000 ms
