Hash Join  (cost=164712.11..573717.99 rows=258946 width=219) (actual time=4302.659..7903.341 rows=563236 loops=1)
  Hash Cond: (mi.movie_id = t.id)
  ->  Seq Scan on movie_info mi  (cost=0.00..346232.03 rows=1810770 width=75) (actual time=1095.468..3097.112 rows=1865632 loops=1)
        Filter: (info_type_id > 17)
        Rows Removed by Filter: 12970088
  ->  Hash  (cost=152776.28..152776.28 rows=361587 width=144) (actual time=2936.206..2936.206 rows=252549 loops=1)
        Buckets: 32768  Batches: 32  Memory Usage: 1320kB
        ->  Hash Join  (cost=85590.92..152776.28 rows=361587 width=144) (actual time=1452.420..2759.144 rows=252549 loops=1)
              Hash Cond: (mi_idx.movie_id = t.id)
              ->  Seq Scan on movie_info_idx mi_idx  (cost=0.00..21735.35 rows=1380035 width=50) (actual time=0.006..307.797 rows=1380035 loops=1)
              ->  Hash  (cost=67604.59..67604.59 rows=662507 width=94) (actual time=1451.296..1451.296 rows=662065 loops=1)
                    Buckets: 32768  Batches: 32  Memory Usage: 2590kB
                    ->  Seq Scan on title t  (cost=0.00..67604.59 rows=662507 width=94) (actual time=0.015..1111.262 rows=662065 loops=1)
                          Filter: (production_year > 2008)
                          Rows Removed by Filter: 1866247
Planning time: 2.235 ms
Execution time: 7933.558 ms
