Hash Join  (cost=100338.29..684484.19 rows=8770605 width=0) (actual time=2100.025..17267.821 rows=8026501 loops=1)
  Hash Cond: (mi.movie_id = t.id)
  ->  Seq Scan on movie_info mi  (cost=0.00..346232.03 rows=11115165 width=4) (actual time=0.026..6809.148 rows=11210743 loops=1)
        Filter: (info_type_id > 3)
        Rows Removed by Filter: 3624977
  ->  Hash  (cost=67604.59..67604.59 rows=1995176 width=4) (actual time=2098.882..2098.882 rows=1990655 loops=1)
        Buckets: 131072  Batches: 32  Memory Usage: 3227kB
        ->  Seq Scan on title t  (cost=0.00..67604.59 rows=1995176 width=4) (actual time=0.013..1426.970 rows=1990655 loops=1)
              Filter: (production_year > 1976)
              Rows Removed by Filter: 537657
Planning time: 2.620 ms
Execution time: 18207.770 ms
