Seq Scan on cast_info ci  (cost=0.00..796071.18 rows=176 width=0) (actual time=8052.301..10123.482 rows=626 loops=1)
  Filter: ((person_id = 1320860) AND (role_id = 1))
  Rows Removed by Filter: 36243718
Planning time: 0.270 ms
Execution time: 10123.652 ms
