Hash Join  (cost=113064.59..200870.79 rows=114816 width=0) (actual time=2131.592..4023.029 rows=96485 loops=1)
  Hash Cond: (mk.movie_id = t.id)
  ->  Seq Scan on movie_keyword mk  (cost=0.00..69693.30 rows=4523930 width=4) (actual time=0.032..989.210 rows=4523930 loops=1)
  ->  Hash  (cost=112262.42..112262.42 rows=64173 width=8) (actual time=2131.140..2131.140 rows=30742 loops=1)
        Buckets: 65536  Batches: 1  Memory Usage: 1713kB
        ->  Hash Join  (cost=79788.29..112262.42 rows=64173 width=8) (actual time=1404.718..2118.643 rows=30742 loops=1)
              Hash Cond: (mi_idx.movie_id = t.id)
              ->  Seq Scan on movie_info_idx mi_idx  (cost=0.00..25185.44 rows=454124 width=4) (actual time=0.027..472.631 rows=459925 loops=1)
                    Filter: (info_type_id = 100)
                    Rows Removed by Filter: 920110
              ->  Hash  (cost=73925.90..73925.90 rows=357311 width=4) (actual time=1403.745..1403.745 rows=218528 loops=1)
                    Buckets: 131072  Batches: 8  Memory Usage: 1978kB
                    ->  Seq Scan on title t  (cost=0.00..73925.90 rows=357311 width=4) (actual time=0.016..1325.302 rows=218528 loops=1)
                          Filter: ((kind_id > 1) AND (production_year < 1978))
                          Rows Removed by Filter: 2309784
Planning time: 1.294 ms
Execution time: 4036.363 ms
