Hash Join  (cost=82257.13..1190792.46 rows=7274816 width=0) (actual time=1274.185..34503.584 rows=8139575 loops=1)
  Hash Cond: (ci.movie_id = t.id)
  ->  Seq Scan on cast_info ci  (cost=0.00..614943.12 rows=36225612 width=4) (actual time=0.009..13707.093 rows=36244344 loops=1)
  ->  Hash  (cost=73925.90..73925.90 rows=507778 width=4) (actual time=1273.002..1273.002 rows=524129 loops=1)
        Buckets: 131072  Batches: 8  Memory Usage: 3340kB
        ->  Seq Scan on title t  (cost=0.00..73925.90 rows=507778 width=4) (actual time=0.027..1109.877 rows=524129 loops=1)
              Filter: ((kind_id < 2) AND (production_year < 2010))
              Rows Removed by Filter: 2004183
Planning time: 0.513 ms
Execution time: 35476.147 ms
