Nested Loop  (cost=32749.09..223830.54 rows=19079 width=0) (actual time=612.946..2934.582 rows=85455 loops=1)
  ->  Hash Join  (cost=32748.66..135724.02 rows=103913 width=8) (actual time=612.897..2128.694 rows=85455 loops=1)
        Hash Cond: (mk.movie_id = mi_idx.movie_id)
        ->  Seq Scan on movie_keyword mk  (cost=0.00..81003.12 rows=104652 width=4) (actual time=0.022..1349.777 rows=103026 loops=1)
              Filter: (keyword_id > 81566)
              Rows Removed by Filter: 4420904
        ->  Hash  (cost=25185.44..25185.44 rows=460978 width=4) (actual time=611.930..611.930 rows=459925 loops=1)
              Buckets: 131072  Batches: 8  Memory Usage: 3059kB
              ->  Seq Scan on movie_info_idx mi_idx  (cost=0.00..25185.44 rows=460978 width=4) (actual time=0.018..466.804 rows=459925 loops=1)
                    Filter: (info_type_id < 100)
                    Rows Removed by Filter: 920110
  ->  Index Only Scan using title_pkey on title t  (cost=0.43..0.84 rows=1 width=4) (actual time=0.009..0.009 rows=1 loops=85455)
        Index Cond: (id = mi_idx.movie_id)
        Heap Fetches: 85455
Planning time: 1.050 ms
Execution time: 2949.907 ms
