Nested Loop  (cost=0.43..83072.90 rows=2 width=0) (actual time=20.499..1345.525 rows=14 loops=1)
  ->  Seq Scan on movie_keyword mk  (cost=0.00..81003.12 rows=246 width=4) (actual time=2.523..1315.719 rows=642 loops=1)
        Filter: (keyword_id = 1381)
        Rows Removed by Filter: 4523288
  ->  Index Scan using title_pkey on title t  (cost=0.43..8.40 rows=1 width=4) (actual time=0.045..0.045 rows=0 loops=642)
        Index Cond: (id = mk.movie_id)
        Filter: ((kind_id < 7) AND (production_year = 2000))
        Rows Removed by Filter: 1
Planning time: 0.836 ms
Execution time: 1345.635 ms
