Hash Join  (cost=102767.86..222711.10 rows=1207761 width=0) (actual time=1927.201..4667.958 rows=1204821 loops=1)
  Hash Cond: (mk.movie_id = t.id)
  ->  Seq Scan on movie_keyword mk  (cost=0.00..81003.12 rows=1207761 width=4) (actual time=0.029..1465.122 rows=1204821 loops=1)
        Filter: (keyword_id < 1515)
        Rows Removed by Filter: 3319109
  ->  Hash  (cost=61283.27..61283.27 rows=2528527 width=4) (actual time=1924.272..1924.272 rows=2528312 loops=1)
        Buckets: 131072  Batches: 64  Memory Usage: 2425kB
        ->  Seq Scan on title t  (cost=0.00..61283.27 rows=2528527 width=4) (actual time=0.016..1084.096 rows=2528312 loops=1)
Planning time: 2.540 ms
Execution time: 4800.502 ms
