Hash Join  (cost=92883.59..150826.62 rows=16694 width=0) (actual time=2490.127..3296.530 rows=13952 loops=1)
  Hash Cond: (mc.movie_id = t.id)
  ->  Seq Scan on movie_companies mc  (cost=0.00..51404.11 rows=27396 width=4) (actual time=0.136..794.648 rows=27303 loops=1)
        Filter: (company_id = 27)
        Rows Removed by Filter: 2581826
  ->  Hash  (cost=67604.59..67604.59 rows=1540800 width=4) (actual time=2216.354..2216.354 rows=1543264 loops=1)
        Buckets: 131072  Batches: 32  Memory Usage: 2722kB
        ->  Seq Scan on title t  (cost=0.00..67604.59 rows=1540800 width=4) (actual time=0.015..1419.457 rows=1543264 loops=1)
              Filter: (kind_id = 7)
              Rows Removed by Filter: 985048
Planning time: 0.772 ms
Execution time: 3298.400 ms
