Seq Scan on title t  (cost=0.00..73925.90 rows=57305 width=0) (actual time=43.885..1024.552 rows=45651 loops=1)
  Filter: ((production_year < 2004) AND (kind_id = 4))
  Rows Removed by Filter: 2482661
Planning time: 0.401 ms
Execution time: 1030.473 ms
