Seq Scan on movie_keyword mk  (cost=0.00..81003.12 rows=3110907 width=0) (actual time=0.015..1516.660 rows=3097165 loops=1)
  Filter: (keyword_id < 11688)
  Rows Removed by Filter: 1426765
Planning time: 0.355 ms
Execution time: 1909.646 ms
