Hash Join  (cost=73962.22..825167.57 rows=41619 width=0) (actual time=1050.034..17861.098 rows=96264 loops=1)
  Hash Cond: (ci.movie_id = t.id)
  ->  Seq Scan on cast_info ci  (cost=0.00..614943.12 rows=36225612 width=4) (actual time=0.021..8950.681 rows=36244344 loops=1)
  ->  Hash  (cost=73925.90..73925.90 rows=2905 width=4) (actual time=1049.949..1049.949 rows=6093 loops=1)
        Buckets: 8192 (originally 4096)  Batches: 1 (originally 1)  Memory Usage: 279kB
        ->  Seq Scan on title t  (cost=0.00..73925.90 rows=2905 width=4) (actual time=0.545..1046.994 rows=6093 loops=1)
              Filter: ((kind_id < 7) AND (production_year = 1977))
              Rows Removed by Filter: 2522219
Planning time: 0.794 ms
Execution time: 17880.276 ms
