Hash Join  (cost=78306.32..453274.51 rows=231735 width=0) (actual time=1727.464..7884.043 rows=508714 loops=1)
  Hash Cond: (mi.movie_id = t.id)
  ->  Seq Scan on movie_info mi  (cost=0.00..346232.03 rows=2194617 width=4) (actual time=446.281..5758.236 rows=2233850 loops=1)
        Filter: (info_type_id > 16)
        Rows Removed by Filter: 12601870
  ->  Hash  (cost=73925.90..73925.90 rows=266993 width=4) (actual time=1111.012..1111.012 rows=216282 loops=1)
        Buckets: 131072  Batches: 4  Memory Usage: 2934kB
        ->  Seq Scan on title t  (cost=0.00..73925.90 rows=266993 width=4) (actual time=137.001..1036.023 rows=216282 loops=1)
              Filter: ((kind_id < 2) AND (production_year > 2005))
              Rows Removed by Filter: 2312030
Planning time: 0.798 ms
Execution time: 7937.239 ms
