Seq Scan on movie_keyword mk  (cost=0.00..81003.12 rows=246 width=0) (actual time=0.144..1318.748 rows=1366 loops=1)
  Filter: (keyword_id = 16986)
  Rows Removed by Filter: 4522564
Planning time: 0.370 ms
Execution time: 1319.269 ms
