Nested Loop  (cost=0.43..83072.90 rows=1 width=0) (actual time=960.826..1260.672 rows=1 loops=1)
  ->  Seq Scan on movie_keyword mk  (cost=0.00..81003.12 rows=246 width=4) (actual time=0.085..1232.116 rows=1529 loops=1)
        Filter: (keyword_id = 41)
        Rows Removed by Filter: 4522401
  ->  Index Scan using title_pkey on title t  (cost=0.43..8.40 rows=1 width=4) (actual time=0.018..0.018 rows=0 loops=1529)
        Index Cond: (id = mk.movie_id)
        Filter: ((kind_id = 1) AND (production_year = 1971))
        Rows Removed by Filter: 1
Planning time: 0.801 ms
Execution time: 1260.778 ms
