Hash Join  (cost=96184.51..180030.52 rows=653543 width=0) (actual time=2775.689..4129.657 rows=292860 loops=1)
  Hash Cond: (mc.movie_id = t.id)
  ->  Seq Scan on movie_companies mc  (cost=0.00..57926.93 rows=1218041 width=4) (actual time=0.021..1399.560 rows=1274246 loops=1)
        Filter: ((company_id < 143898) AND (company_type_id < 2))
        Rows Removed by Filter: 1334883
  ->  Hash  (cost=73925.90..73925.90 rows=1356688 width=4) (actual time=1905.580..1905.580 rows=1327781 loops=1)
        Buckets: 131072  Batches: 32  Memory Usage: 2479kB
        ->  Seq Scan on title t  (cost=0.00..73925.90 rows=1356688 width=4) (actual time=0.009..1480.723 rows=1327781 loops=1)
              Filter: ((production_year < 2012) AND (kind_id = 7))
              Rows Removed by Filter: 1200531
Planning time: 0.801 ms
Execution time: 4159.729 ms
