Nested Loop  (cost=0.43..83071.67 rows=246 width=0) (actual time=1.122..1328.054 rows=1248 loops=1)
  ->  Seq Scan on movie_keyword mk  (cost=0.00..81003.12 rows=246 width=4) (actual time=1.082..1282.717 rows=1248 loops=1)
        Filter: (keyword_id = 800)
        Rows Removed by Filter: 4522682
  ->  Index Only Scan using title_pkey on title t  (cost=0.43..8.40 rows=1 width=4) (actual time=0.035..0.035 rows=1 loops=1248)
        Index Cond: (id = mk.movie_id)
        Heap Fetches: 1248
Planning time: 0.506 ms
Execution time: 1328.562 ms
