Hash Join  (cost=74279.33..166325.89 rows=31977 width=0) (actual time=1077.085..3069.131 rows=19156 loops=1)
  Hash Cond: (mk.movie_id = t.id)
  ->  Seq Scan on movie_keyword mk  (cost=0.00..81003.12 rows=2859645 width=4) (actual time=0.016..1516.727 rows=2845999 loops=1)
        Filter: (keyword_id > 2578)
        Rows Removed by Filter: 1677931
  ->  Hash  (cost=73925.90..73925.90 rows=28274 width=4) (actual time=1076.680..1076.680 rows=25769 loops=1)
        Buckets: 32768  Batches: 1  Memory Usage: 1162kB
        ->  Seq Scan on title t  (cost=0.00..73925.90 rows=28274 width=4) (actual time=0.063..1065.932 rows=25769 loops=1)
              Filter: ((production_year > 2007) AND (kind_id = 2))
              Rows Removed by Filter: 2502543
Planning time: 0.703 ms
Execution time: 3071.716 ms
