Seq Scan on movie_keyword mk  (cost=0.00..81003.12 rows=4142293 width=0) (actual time=0.022..1788.262 rows=4144770 loops=1)
  Filter: (keyword_id < 44986)
  Rows Removed by Filter: 379160
Planning time: 0.291 ms
Execution time: 2313.503 ms
