Hash Join  (cost=202873.52..342273.66 rows=1428010 width=0) (actual time=4870.446..13723.524 rows=23443985 loops=1)
  Hash Cond: (mk.movie_id = t.id)
  ->  Seq Scan on movie_keyword mk  (cost=0.00..69693.30 rows=4523930 width=4) (actual time=0.029..1510.952 rows=4523930 loops=1)
  ->  Hash  (cost=189778.68..189778.68 rows=798147 width=8) (actual time=4869.582..4869.582 rows=1096166 loops=1)
        Buckets: 131072  Batches: 16  Memory Usage: 3747kB
        ->  Hash Join  (cost=102767.86..189778.68 rows=798147 width=8) (actual time=2158.306..4501.957 rows=1096166 loops=1)
              Hash Cond: (mc.movie_id = t.id)
              ->  Seq Scan on movie_companies mc  (cost=0.00..57926.93 rows=798147 width=4) (actual time=249.426..1055.770 rows=1096166 loops=1)
                    Filter: ((company_id < 16960) AND (company_type_id = 1))
                    Rows Removed by Filter: 1512963
              ->  Hash  (cost=61283.27..61283.27 rows=2528527 width=4) (actual time=1907.627..1907.627 rows=2528312 loops=1)
                    Buckets: 131072  Batches: 64  Memory Usage: 2415kB
                    ->  Seq Scan on title t  (cost=0.00..61283.27 rows=2528527 width=4) (actual time=0.022..1084.239 rows=2528312 loops=1)
Planning time: 1.164 ms
Execution time: 16382.879 ms
