Hash Join  (cost=1009255.89..1191065.99 rows=4444815 width=0) (actual time=20951.466..27287.180 rows=8871737 loops=1)
  Hash Cond: (mk.movie_id = t.id)
  ->  Seq Scan on movie_keyword mk  (cost=0.00..69693.30 rows=4523930 width=4) (actual time=0.012..1466.521 rows=4523930 loops=1)
  ->  Hash  (cost=968497.04..968497.04 rows=2484308 width=8) (actual time=20948.818..20948.818 rows=2728943 loops=1)
        Buckets: 131072  Batches: 64  Memory Usage: 2692kB
        ->  Hash Join  (cost=102767.86..968497.04 rows=2484308 width=8) (actual time=3044.307..20154.716 rows=2728943 loops=1)
              Hash Cond: (ci.movie_id = t.id)
              ->  Seq Scan on cast_info ci  (cost=0.00..796071.18 rows=2484308 width=4) (actual time=1060.671..15502.842 rows=2728943 loops=1)
                    Filter: ((person_id < 3447977) AND (role_id = 4))
                    Rows Removed by Filter: 33515401
              ->  Hash  (cost=61283.27..61283.27 rows=2528527 width=4) (actual time=1981.572..1981.572 rows=2528312 loops=1)
                    Buckets: 131072  Batches: 64  Memory Usage: 2415kB
                    ->  Seq Scan on title t  (cost=0.00..61283.27 rows=2528527 width=4) (actual time=0.017..1137.167 rows=2528312 loops=1)
Planning time: 1.112 ms
Execution time: 28311.916 ms
