Seq Scan on movie_keyword mk  (cost=0.00..81003.12 rows=3531417 width=0) (actual time=0.015..1668.391 rows=3525404 loops=1)
  Filter: (keyword_id > 951)
  Rows Removed by Filter: 998526
Planning time: 2.856 ms
Execution time: 2106.449 ms
