Seq Scan on movie_keyword mk  (cost=0.00..81003.12 rows=3797731 width=0) (actual time=0.022..1548.161 rows=3804306 loops=1)
  Filter: (keyword_id > 638)
  Rows Removed by Filter: 719624
Planning time: 0.335 ms
Execution time: 2015.942 ms
