Seq Scan on movie_keyword mk  (cost=0.00..81003.12 rows=246 width=0) (actual time=1.301..1368.182 rows=1270 loops=1)
  Filter: (keyword_id = 3811)
  Rows Removed by Filter: 4522660
Planning time: 0.399 ms
Execution time: 1368.724 ms
