Hash Join  (cost=189632.99..319701.26 rows=1165356 width=0) (actual time=4865.904..12620.793 rows=21921961 loops=1)
  Hash Cond: (mk.movie_id = t.id)
  ->  Seq Scan on movie_keyword mk  (cost=0.00..81003.12 rows=2891088 width=4) (actual time=0.025..1757.886 rows=2880920 loops=1)
        Filter: (keyword_id > 2489)
        Rows Removed by Filter: 1643010
  ->  Hash  (cost=172910.83..172910.83 rows=1019213 width=8) (actual time=4863.783..4863.783 rows=1891821 loops=1)
        Buckets: 131072 (originally 131072)  Batches: 32 (originally 16)  Memory Usage: 3402kB
        ->  Hash Join  (cost=83810.17..172910.83 rows=1019213 width=8) (actual time=1417.361..4280.306 rows=1891821 loops=1)
              Hash Cond: (mc.movie_id = t.id)
              ->  Seq Scan on movie_companies mc  (cost=0.00..44881.29 rows=2609129 width=4) (actual time=0.014..867.335 rows=2609129 loops=1)
              ->  Hash  (cost=67604.59..67604.59 rows=987727 width=4) (actual time=1416.419..1416.419 rows=985048 loops=1)
                    Buckets: 131072  Batches: 16  Memory Usage: 3188kB
                    ->  Seq Scan on title t  (cost=0.00..67604.59 rows=987727 width=4) (actual time=0.015..1111.553 rows=985048 loops=1)
                          Filter: (kind_id < 7)
                          Rows Removed by Filter: 1543264
Planning time: 1.627 ms
Execution time: 14831.602 ms
