Hash Join  (cost=99502.38..191029.42 rows=144005 width=0) (actual time=2425.705..4056.349 rows=76296 loops=1)
  Hash Cond: (mk.movie_id = t.id)
  ->  Seq Scan on movie_keyword mk  (cost=0.00..81003.12 rows=233573 width=4) (actual time=0.029..1225.476 rows=245191 loops=1)
        Filter: (keyword_id < 212)
        Rows Removed by Filter: 4278739
  ->  Hash  (cost=73925.90..73925.90 rows=1558918 width=4) (actual time=2424.678..2424.678 rows=1547034 loops=1)
        Buckets: 131072  Batches: 32  Memory Usage: 2728kB
        ->  Seq Scan on title t  (cost=0.00..73925.90 rows=1558918 width=4) (actual time=0.017..1625.636 rows=1547034 loops=1)
              Filter: ((kind_id > 2) AND (production_year < 2012))
              Rows Removed by Filter: 981278
Planning time: 0.806 ms
Execution time: 4066.102 ms
