Hash Join  (cost=78988.28..906731.34 rows=1155228 width=0) (actual time=10835.555..20935.713 rows=1345971 loops=1)
  Hash Cond: (ci.movie_id = t.id)
  ->  Seq Scan on cast_info ci  (cost=0.00..705507.15 rows=9468168 width=4) (actual time=9510.636..14437.465 rows=9384703 loops=1)
        Filter: (role_id > 4)
        Rows Removed by Filter: 26859641
  ->  Hash  (cost=73925.90..73925.90 rows=308510 width=4) (actual time=1323.982..1323.982 rows=266599 loops=1)
        Buckets: 131072  Batches: 8  Memory Usage: 2191kB
        ->  Seq Scan on title t  (cost=0.00..73925.90 rows=308510 width=4) (actual time=0.034..1235.124 rows=266599 loops=1)
              Filter: ((kind_id < 7) AND (production_year > 2007))
              Rows Removed by Filter: 2261713
Planning time: 0.786 ms
Execution time: 21109.096 ms
