Seq Scan on cast_info ci  (cost=0.00..796071.18 rows=2927548 width=0) (actual time=11093.929..14676.527 rows=1930578 loops=1)
  Filter: ((person_id < 2741598) AND (role_id = 3))
  Rows Removed by Filter: 34313766
Planning time: 0.313 ms
Execution time: 14916.193 ms
