Hash Join  (cost=452422.37..1521674.26 rows=3450775 width=0) (actual time=7434.614..35386.262 rows=93366 loops=1)
  Hash Cond: (ci.movie_id = t.id)
  ->  Seq Scan on cast_info ci  (cost=0.00..614943.12 rows=36225612 width=4) (actual time=0.020..13201.680 rows=36244344 loops=1)
  ->  Hash  (cost=448470.59..448470.59 rows=240862 width=8) (actual time=7431.325..7431.325 rows=4282 loops=1)
        Buckets: 131072  Batches: 4  Memory Usage: 1068kB
        ->  Hash Join  (cost=80372.21..448470.59 rows=240862 width=8) (actual time=5129.307..7428.377 rows=4282 loops=1)
              Hash Cond: (mi.movie_id = t.id)
              ->  Seq Scan on movie_info mi  (cost=0.00..346232.03 rows=1550064 width=4) (actual time=3882.848..5432.209 rows=1533909 loops=1)
                    Filter: (info_type_id = 3)
                    Rows Removed by Filter: 13301811
              ->  Hash  (cost=73925.90..73925.90 rows=392904 width=4) (actual time=1245.354..1245.354 rows=277350 loops=1)
                    Buckets: 131072  Batches: 8  Memory Usage: 2237kB
                    ->  Seq Scan on title t  (cost=0.00..73925.90 rows=392904 width=4) (actual time=177.257..1152.195 rows=277350 loops=1)
                          Filter: ((production_year < 1988) AND (kind_id = 7))
                          Rows Removed by Filter: 2250962
Planning time: 1.192 ms
Execution time: 35401.332 ms
