Seq Scan on cast_info ci  (cost=0.00..796071.18 rows=2417800 width=42) (actual time=7423.192..11948.637 rows=3895226 loops=1)
  Filter: ((person_id > 1714973) AND (role_id > 9))
  Rows Removed by Filter: 32349118
Planning time: 0.480 ms
Execution time: 12188.252 ms
