Hash Join  (cost=102767.86..265091.74 rows=2969031 width=0) (actual time=2039.151..6068.374 rows=2952051 loops=1)
  Hash Cond: (mk.movie_id = t.id)
  ->  Seq Scan on movie_keyword mk  (cost=0.00..81003.12 rows=2969031 width=4) (actual time=0.020..1659.704 rows=2952051 loops=1)
        Filter: (keyword_id < 9980)
        Rows Removed by Filter: 1571879
  ->  Hash  (cost=61283.27..61283.27 rows=2528527 width=4) (actual time=2038.045..2038.045 rows=2528312 loops=1)
        Buckets: 131072  Batches: 64  Memory Usage: 2425kB
        ->  Seq Scan on title t  (cost=0.00..61283.27 rows=2528527 width=4) (actual time=0.015..1175.312 rows=2528312 loops=1)
Planning time: 0.729 ms
Execution time: 6375.674 ms
