Hash Join  (cost=67697.55..155120.60 rows=4996 width=0) (actual time=1014.475..2626.459 rows=9539 loops=1)
  Hash Cond: (mk.movie_id = t.id)
  ->  Seq Scan on movie_keyword mk  (cost=0.00..81003.12 rows=1698656 width=4) (actual time=0.022..1324.728 rows=1709643 loops=1)
        Filter: (keyword_id > 8396)
        Rows Removed by Filter: 2814287
  ->  Hash  (cost=67604.59..67604.59 rows=7437 width=4) (actual time=1010.549..1010.549 rows=14349 loops=1)
        Buckets: 16384 (originally 8192)  Batches: 1 (originally 1)  Memory Usage: 633kB
        ->  Seq Scan on title t  (cost=0.00..67604.59 rows=7437 width=4) (actual time=0.098..1003.992 rows=14349 loops=1)
              Filter: (production_year = 1969)
              Rows Removed by Filter: 2513963
Planning time: 0.726 ms
Execution time: 2627.989 ms
