Seq Scan on movie_keyword mk  (cost=0.00..81003.12 rows=246 width=0) (actual time=0.037..1253.378 rows=2614 loops=1)
  Filter: (keyword_id = 869)
  Rows Removed by Filter: 4521316
Planning time: 0.393 ms
Execution time: 1254.261 ms
