Hash Join  (cost=221945.20..266185.48 rows=381580 width=0) (actual time=4508.941..6059.434 rows=1440763 loops=1)
  Hash Cond: (mi_idx.movie_id = t.id)
  ->  Seq Scan on movie_info_idx mi_idx  (cost=0.00..21735.35 rows=1380035 width=4) (actual time=0.023..492.076 rows=1380035 loops=1)
  ->  Hash  (cost=210473.98..210473.98 rows=699138 width=8) (actual time=4508.097..4508.097 rows=696113 loops=1)
        Buckets: 131072  Batches: 16  Memory Usage: 2752kB
        ->  Hash Join  (cost=102767.86..210473.98 rows=699138 width=8) (actual time=1876.185..4317.670 rows=696113 loops=1)
              Hash Cond: (mk.movie_id = t.id)
              ->  Seq Scan on movie_keyword mk  (cost=0.00..81003.12 rows=699138 width=4) (actual time=0.018..1482.243 rows=696113 loops=1)
                    Filter: (keyword_id < 580)
                    Rows Removed by Filter: 3827817
              ->  Hash  (cost=61283.27..61283.27 rows=2528527 width=4) (actual time=1874.553..1874.553 rows=2528312 loops=1)
                    Buckets: 131072  Batches: 64  Memory Usage: 2425kB
                    ->  Seq Scan on title t  (cost=0.00..61283.27 rows=2528527 width=4) (actual time=0.021..1018.684 rows=2528312 loops=1)
Planning time: 1.036 ms
Execution time: 6220.597 ms
