Seq Scan on movie_keyword mk  (cost=0.00..81003.12 rows=3824792 width=0) (actual time=0.026..1600.129 rows=3824777 loops=1)
  Filter: (keyword_id > 580)
  Rows Removed by Filter: 699153
Planning time: 0.329 ms
Execution time: 2074.617 ms
