Seq Scan on movie_keyword mk  (cost=0.00..81003.12 rows=246 width=0) (actual time=5.622..1046.579 rows=127 loops=1)
  Filter: (keyword_id = 43101)
  Rows Removed by Filter: 4523803
Planning time: 0.457 ms
Execution time: 1046.739 ms
