Hash Join  (cost=215290.11..739753.64 rows=4185259 width=0) (actual time=4341.093..17484.282 rows=1500905 loops=1)
  Hash Cond: (mi.movie_id = t.id)
  ->  Seq Scan on movie_info mi  (cost=0.00..309384.22 rows=14739122 width=4) (actual time=0.015..6296.995 rows=14835720 loops=1)
  ->  Hash  (cost=203510.24..203510.24 rows=717990 width=8) (actual time=4335.984..4335.984 rows=147510 loops=1)
        Buckets: 131072  Batches: 16  Memory Usage: 1386kB
        ->  Hash Join  (cost=89472.60..203510.24 rows=717990 width=8) (actual time=3291.354..4289.570 rows=147510 loops=1)
              Hash Cond: (mk.movie_id = t.id)
              ->  Seq Scan on movie_keyword mk  (cost=0.00..81003.12 rows=1915896 width=4) (actual time=0.026..1631.410 rows=1932133 loops=1)
                    Filter: (keyword_id < 3319)
                    Rows Removed by Filter: 2591797
              ->  Hash  (cost=73925.90..73925.90 rows=947576 width=4) (actual time=1592.414..1592.414 rows=876037 loops=1)
                    Buckets: 131072  Batches: 16  Memory Usage: 2955kB
                    ->  Seq Scan on title t  (cost=0.00..73925.90 rows=947576 width=4) (actual time=0.021..1302.496 rows=876037 loops=1)
                          Filter: ((production_year < 2007) AND (kind_id = 7))
                          Rows Removed by Filter: 1652275
Planning time: 1.205 ms
Execution time: 17632.862 ms
