Hash Join  (cost=106653.20..926040.06 rows=192461 width=0) (actual time=1962.587..23845.239 rows=939210 loops=1)
  Hash Cond: (ci.movie_id = t.id)
  ->  Seq Scan on cast_info ci  (cost=0.00..705507.15 rows=29854703 width=4) (actual time=0.023..13268.925 rows=29964205 loops=1)
        Filter: (person_id > 605095)
        Rows Removed by Filter: 6280139
  ->  Hash  (cost=106449.45..106449.45 rows=16300 width=8) (actual time=1962.396..1962.396 rows=36258 loops=1)
        Buckets: 65536 (originally 16384)  Batches: 1 (originally 1)  Memory Usage: 1929kB
        ->  Hash Join  (cost=75381.89..106449.45 rows=16300 width=8) (actual time=1331.165..1948.315 rows=36258 loops=1)
              Hash Cond: (mi_idx.movie_id = t.id)
              ->  Seq Scan on movie_info_idx mi_idx  (cost=0.00..25185.44 rows=464566 width=4) (actual time=0.015..476.812 rows=459925 loops=1)
                    Filter: (info_type_id = 101)
                    Rows Removed by Filter: 920110
              ->  Hash  (cost=73925.90..73925.90 rows=88719 width=4) (actual time=1258.489..1258.489 rows=95827 loops=1)
                    Buckets: 131072  Batches: 2  Memory Usage: 2713kB
                    ->  Seq Scan on title t  (cost=0.00..73925.90 rows=88719 width=4) (actual time=82.314..1222.541 rows=95827 loops=1)
                          Filter: ((production_year > 1962) AND (kind_id = 3))
                          Rows Removed by Filter: 2432485
Planning time: 5.513 ms
Execution time: 23982.787 ms
