Hash Join  (cost=104270.59..233424.23 rows=1393612 width=134) (actual time=1831.040..5969.653 rows=1667421 loops=1)
  Hash Cond: (mc.movie_id = t.id)
  ->  Seq Scan on movie_companies mc  (cost=0.00..44881.29 rows=2609129 width=40) (actual time=0.021..674.944 rows=2609129 loops=1)
  ->  Hash  (cost=67604.59..67604.59 rows=1350560 width=94) (actual time=1830.110..1830.110 rows=1348293 loops=1)
        Buckets: 32768  Batches: 64  Memory Usage: 2596kB
        ->  Seq Scan on title t  (cost=0.00..67604.59 rows=1350560 width=94) (actual time=0.018..1212.060 rows=1348293 loops=1)
              Filter: (production_year < 2005)
              Rows Removed by Filter: 1180019
Planning time: 0.872 ms
Execution time: 6055.594 ms
