Hash Join  (cost=77854.63..156310.65 rows=247050 width=0) (actual time=1195.307..3356.861 rows=106005 loops=1)
  Hash Cond: (mc.movie_id = t.id)
  ->  Seq Scan on movie_companies mc  (cost=0.00..44881.29 rows=2609129 width=4) (actual time=0.021..943.366 rows=2609129 loops=1)
  ->  Hash  (cost=73925.90..73925.90 rows=239418 width=4) (actual time=1194.471..1194.471 rows=256906 loops=1)
        Buckets: 131072  Batches: 4  Memory Usage: 3296kB
        ->  Seq Scan on title t  (cost=0.00..73925.90 rows=239418 width=4) (actual time=23.437..1108.644 rows=256906 loops=1)
              Filter: ((production_year > 2010) AND (kind_id = 7))
              Rows Removed by Filter: 2271406
Planning time: 2.637 ms
Execution time: 3370.683 ms
