Seq Scan on movie_companies mc  (cost=0.00..57926.93 rows=395917 width=0) (actual time=0.021..937.882 rows=717361 loops=1)
  Filter: ((company_id > 32372) AND (company_type_id = 2))
  Rows Removed by Filter: 1891768
Planning time: 0.419 ms
Execution time: 1025.264 ms
