Hash Join  (cost=52284.99..79196.04 rows=57 width=0) (actual time=967.063..1476.807 rows=180 loops=1)
  Hash Cond: (mi_idx.movie_id = t.id)
  ->  Seq Scan on movie_info_idx mi_idx  (cost=0.00..21735.35 rows=1380035 width=4) (actual time=0.024..296.650 rows=1380035 loops=1)
  ->  Hash  (cost=52283.69..52283.69 rows=104 width=8) (actual time=898.814..898.814 rows=954 loops=1)
        Buckets: 1024  Batches: 1  Memory Usage: 46kB
        ->  Nested Loop  (cost=0.43..52283.69 rows=104 width=8) (actual time=0.154..898.207 rows=954 loops=1)
              ->  Seq Scan on movie_companies mc  (cost=0.00..51404.11 rows=104 width=4) (actual time=0.100..844.495 rows=954 loops=1)
                    Filter: (company_id = 13053)
                    Rows Removed by Filter: 2608175
              ->  Index Only Scan using title_pkey on title t  (cost=0.43..8.45 rows=1 width=4) (actual time=0.055..0.055 rows=1 loops=954)
                    Index Cond: (id = mc.movie_id)
                    Heap Fetches: 954
Planning time: 3.220 ms
Execution time: 1476.957 ms
