Seq Scan on cast_info ci  (cost=0.00..705507.15 rows=32879269 width=0) (actual time=0.025..13301.874 rows=33015444 loops=1)
  Filter: (person_id > 312177)
  Rows Removed by Filter: 3228900
Planning time: 0.344 ms
Execution time: 17245.802 ms
