Hash Join  (cost=102767.86..1295549.53 rows=19839786 width=0) (actual time=1891.918..33565.352 rows=19724918 loops=1)
  Hash Cond: (ci.movie_id = t.id)
  ->  Seq Scan on cast_info ci  (cost=0.00..705507.15 rows=19839786 width=4) (actual time=0.016..14562.961 rows=19724918 loops=1)
        Filter: (person_id < 1977469)
        Rows Removed by Filter: 16519426
  ->  Hash  (cost=61283.27..61283.27 rows=2528527 width=4) (actual time=1891.083..1891.083 rows=2528312 loops=1)
        Buckets: 131072  Batches: 64  Memory Usage: 2415kB
        ->  Seq Scan on title t  (cost=0.00..61283.27 rows=2528527 width=4) (actual time=0.019..1051.439 rows=2528312 loops=1)
Planning time: 1.050 ms
Execution time: 35807.196 ms
