Hash Join  (cost=152319.20..1142516.10 rows=5065958 width=0) (actual time=3513.671..29629.732 rows=5283024 loops=1)
  Hash Cond: (ci.movie_id = t.id)
  ->  Seq Scan on cast_info ci  (cost=0.00..705507.15 rows=20024311 width=4) (actual time=0.024..15364.534 rows=20122661 loops=1)
        Filter: (role_id < 3)
        Rows Removed by Filter: 16121683
  ->  Hash  (cost=141824.04..141824.04 rows=639693 width=8) (actual time=3512.797..3512.797 rows=349320 loops=1)
        Buckets: 131072  Batches: 16  Memory Usage: 1878kB
        ->  Hash Join  (cost=93155.63..141824.04 rows=639693 width=8) (actual time=2396.576..3407.563 rows=349320 loops=1)
              Hash Cond: (mi_idx.movie_id = t.id)
              ->  Seq Scan on movie_info_idx mi_idx  (cost=0.00..21735.35 rows=1380035 width=4) (actual time=0.023..416.988 rows=1380035 loops=1)
              ->  Hash  (cost=73925.90..73925.90 rows=1172058 width=4) (actual time=2065.246..2065.246 rows=1128906 loops=1)
                    Buckets: 131072  Batches: 16  Memory Usage: 3503kB
                    ->  Seq Scan on title t  (cost=0.00..73925.90 rows=1172058 width=4) (actual time=0.016..1406.841 rows=1128906 loops=1)
                          Filter: ((production_year < 2010) AND (kind_id = 7))
                          Rows Removed by Filter: 1399406
Planning time: 1.234 ms
Execution time: 30233.770 ms
