Hash Join  (cost=224843.69..384046.06 rows=822269 width=156) (actual time=14858.358..20149.228 rows=3474070 loops=1)
  Hash Cond: (mk.movie_id = t.id)
  ->  Seq Scan on movie_keyword mk  (cost=0.00..81003.12 rows=4471882 width=12) (actual time=0.026..1384.612 rows=4475978 loops=1)
        Filter: (keyword_id > 47)
        Rows Removed by Filter: 47952
  ->  Hash  (cost=209497.01..209497.01 rows=464934 width=144) (actual time=14858.092..14858.092 rows=460185 loops=1)
        Buckets: 32768  Batches: 32  Memory Usage: 2157kB
        ->  Merge Join  (cost=84845.54..209497.01 rows=464934 width=144) (actual time=961.821..13123.052 rows=460185 loops=1)
              Merge Cond: (t.id = mi_idx.movie_id)
              ->  Index Scan using title_pkey on title t  (cost=0.43..110313.87 rows=2528527 width=94) (actual time=0.008..11148.034 rows=2525794 loops=1)
              ->  Materialize  (cost=84844.72..87169.39 rows=464934 width=50) (actual time=961.773..1234.346 rows=460185 loops=1)
                    ->  Sort  (cost=84844.72..86007.06 rows=464934 width=50) (actual time=961.767..1158.411 rows=460185 loops=1)
                          Sort Key: mi_idx.movie_id
                          Sort Method: external merge  Disk: 11704kB
                          ->  Seq Scan on movie_info_idx mi_idx  (cost=0.00..25185.44 rows=464934 width=50) (actual time=0.020..495.200 rows=460185 loops=1)
                                Filter: (info_type_id > 100)
                                Rows Removed by Filter: 919850
Planning time: 1.391 ms
Execution time: 20313.976 ms
