Hash Join  (cost=929370.01..1572447.47 rows=11848373 width=0) (actual time=18609.055..50077.974 rows=70654338 loops=1)
  Hash Cond: (mi.movie_id = t.id)
  ->  Seq Scan on movie_info mi  (cost=0.00..309384.22 rows=14739122 width=4) (actual time=0.010..6105.855 rows=14835720 loops=1)
  ->  Hash  (cost=896022.35..896022.35 rows=2032613 width=8) (actual time=18474.059..18474.059 rows=2287841 loops=1)
        Buckets: 131072  Batches: 32  Memory Usage: 3886kB
        ->  Hash Join  (cost=78556.72..896022.35 rows=2032613 width=8) (actual time=1254.484..17886.349 rows=2287841 loops=1)
              Hash Cond: (ci.movie_id = t.id)
              ->  Seq Scan on cast_info ci  (cost=0.00..705507.15 rows=7699292 width=4) (actual time=0.017..12531.138 rows=7597959 loops=1)
                    Filter: (person_id < 736742)
                    Rows Removed by Filter: 28646385
              ->  Hash  (cost=67604.59..67604.59 rows=667531 width=4) (actual time=1252.986..1252.986 rows=662825 loops=1)
                    Buckets: 131072  Batches: 16  Memory Usage: 2476kB
                    ->  Seq Scan on title t  (cost=0.00..67604.59 rows=667531 width=4) (actual time=0.076..1053.759 rows=662825 loops=1)
                          Filter: (kind_id = 1)
                          Rows Removed by Filter: 1865487
Planning time: 1.384 ms
Execution time: 57956.271 ms
