Hash Join  (cost=133958.07..261572.33 rows=460622 width=0) (actual time=2984.849..6516.518 rows=1490893 loops=1)
  Hash Cond: (mk.movie_id = t.id)
  ->  Seq Scan on movie_keyword mk  (cost=0.00..69693.30 rows=4523930 width=4) (actual time=0.028..1480.516 rows=4523930 loops=1)
  ->  Hash  (cost=129733.92..129733.92 rows=257452 width=8) (actual time=2983.921..2983.921 rows=232828 loops=1)
        Buckets: 131072  Batches: 4  Memory Usage: 3303kB
        ->  Hash Join  (cost=91123.00..129733.92 rows=257452 width=8) (actual time=1846.212..2906.329 rows=232828 loops=1)
              Hash Cond: (mi_idx.movie_id = t.id)
              ->  Seq Scan on movie_info_idx mi_idx  (cost=0.00..25185.44 rows=454124 width=4) (actual time=0.014..463.831 rows=459925 loops=1)
                    Filter: (info_type_id = 100)
                    Rows Removed by Filter: 920110
              ->  Hash  (cost=67604.59..67604.59 rows=1433473 width=4) (actual time=1845.398..1845.398 rows=1434466 loops=1)
                    Buckets: 131072  Batches: 32  Memory Usage: 2600kB
                    ->  Seq Scan on title t  (cost=0.00..67604.59 rows=1433473 width=4) (actual time=0.016..1384.276 rows=1434466 loops=1)
                          Filter: (production_year > 1999)
                          Rows Removed by Filter: 1093846
Planning time: 1.169 ms
Execution time: 6697.624 ms
