Seq Scan on cast_info ci  (cost=0.00..796071.18 rows=113588 width=0) (actual time=1621.797..12206.455 rows=234305 loops=1)
  Filter: ((person_id > 2508980) AND (role_id > 10))
  Rows Removed by Filter: 36010039
Planning time: 0.372 ms
Execution time: 12233.108 ms
