Hash Join  (cost=119705.75..215844.95 rows=53660 width=0) (actual time=2424.418..4619.321 rows=643643 loops=1)
  Hash Cond: (mk.movie_id = t.id)
  ->  Seq Scan on movie_keyword mk  (cost=0.00..81003.12 rows=1225192 width=4) (actual time=0.024..1524.299 rows=1234735 loops=1)
        Filter: (keyword_id > 14663)
        Rows Removed by Filter: 3289195
  ->  Hash  (cost=117888.46..117888.46 rows=110743 width=8) (actual time=2423.603..2423.603 rows=240106 loops=1)
        Buckets: 131072 (originally 131072)  Batches: 4 (originally 2)  Memory Usage: 3384kB
        ->  Hash Join  (cost=83891.93..117888.46 rows=110743 width=8) (actual time=1445.904..2338.854 rows=240106 loops=1)
              Hash Cond: (mi_idx.movie_id = t.id)
              ->  Seq Scan on movie_info_idx mi_idx  (cost=0.00..25185.44 rows=460978 width=4) (actual time=0.030..475.777 rows=459925 loops=1)
                    Filter: (info_type_id < 100)
                    Rows Removed by Filter: 920110
              ->  Hash  (cost=73925.90..73925.90 rows=607442 width=4) (actual time=1445.003..1445.003 rows=675690 loops=1)
                    Buckets: 131072  Batches: 8  Memory Usage: 4012kB
                    ->  Seq Scan on title t  (cost=0.00..73925.90 rows=607442 width=4) (actual time=0.027..1233.501 rows=675690 loops=1)
                          Filter: ((kind_id < 7) AND (production_year < 2007))
                          Rows Removed by Filter: 1852622
Planning time: 0.913 ms
Execution time: 4696.351 ms
