Hash Join  (cost=117151.82..608545.72 rows=1085995 width=0) (actual time=2304.642..16097.918 rows=3628750 loops=1)
  Hash Cond: (mi.movie_id = t.id)
  ->  Seq Scan on movie_info mi  (cost=0.00..309384.22 rows=14739122 width=4) (actual time=0.016..6552.596 rows=14835720 loops=1)
  ->  Hash  (cost=114095.01..114095.01 rows=186305 width=8) (actual time=2302.553..2302.553 rows=200173 loops=1)
        Buckets: 131072  Batches: 4  Memory Usage: 2987kB
        ->  Hash Join  (cost=73205.47..114095.01 rows=186305 width=8) (actual time=1167.742..2241.836 rows=200173 loops=1)
              Hash Cond: (mi_idx.movie_id = t.id)
              ->  Seq Scan on movie_info_idx mi_idx  (cost=0.00..21735.35 rows=1380035 width=4) (actual time=0.008..409.299 rows=1380035 loops=1)
              ->  Hash  (cost=67604.59..67604.59 rows=341351 width=4) (actual time=1166.893..1166.893 rows=337846 loops=1)
                    Buckets: 131072  Batches: 8  Memory Usage: 2501kB
                    ->  Seq Scan on title t  (cost=0.00..67604.59 rows=341351 width=4) (actual time=0.031..1057.049 rows=337846 loops=1)
                          Filter: (production_year < 1968)
                          Rows Removed by Filter: 2190466
Planning time: 1.131 ms
Execution time: 16511.806 ms
