Hash Join  (cost=153681.68..1222693.34 rows=3427349 width=0) (actual time=3195.181..33602.445 rows=5864661 loops=1)
  Hash Cond: (ci.movie_id = t.id)
  ->  Seq Scan on cast_info ci  (cost=0.00..614943.12 rows=36225612 width=4) (actual time=0.025..13274.430 rows=36244344 loops=1)
  ->  Hash  (cost=149756.34..149756.34 rows=239227 width=8) (actual time=3194.360..3194.360 rows=168163 loops=1)
        Buckets: 131072  Batches: 4  Memory Usage: 2681kB
        ->  Hash Join  (cost=71408.55..149756.34 rows=239227 width=8) (actual time=1131.688..3142.167 rows=168163 loops=1)
              Hash Cond: (mc.movie_id = t.id)
              ->  Seq Scan on movie_companies mc  (cost=0.00..44881.29 rows=2609129 width=4) (actual time=0.014..859.166 rows=2609129 loops=1)
              ->  Hash  (cost=67604.59..67604.59 rows=231837 width=4) (actual time=1130.753..1130.753 rows=231649 loops=1)
                    Buckets: 131072  Batches: 4  Memory Usage: 3076kB
                    ->  Seq Scan on title t  (cost=0.00..67604.59 rows=231837 width=4) (actual time=0.020..1049.340 rows=231649 loops=1)
                          Filter: (production_year > 2011)
                          Rows Removed by Filter: 2296663
Planning time: 1.162 ms
Execution time: 34312.755 ms
