Hash Join  (cost=158788.51..1256759.80 rows=6246406 width=0) (actual time=3685.629..39686.665 rows=13449661 loops=1)
  Hash Cond: (ci.movie_id = t.id)
  ->  Seq Scan on cast_info ci  (cost=0.00..614943.12 rows=36225612 width=4) (actual time=0.023..13669.087 rows=36244344 loops=1)
  ->  Hash  (cost=151634.56..151634.56 rows=435996 width=8) (actual time=3684.609..3684.609 rows=454928 loops=1)
        Buckets: 131072  Batches: 8  Memory Usage: 3251kB
        ->  Hash Join  (cost=106840.27..151634.56 rows=435996 width=8) (actual time=2255.483..3553.568 rows=454928 loops=1)
              Hash Cond: (mi_idx.movie_id = t.id)
              ->  Seq Scan on movie_info_idx mi_idx  (cost=0.00..25185.44 rows=460978 width=4) (actual time=0.028..504.826 rows=459925 loops=1)
                    Filter: (info_type_id < 100)
                    Rows Removed by Filter: 920110
              ->  Hash  (cost=67604.59..67604.59 rows=2391495 width=4) (actual time=2254.318..2254.318 rows=2388876 loops=1)
                    Buckets: 131072  Batches: 32  Memory Usage: 3646kB
                    ->  Seq Scan on title t  (cost=0.00..67604.59 rows=2391495 width=4) (actual time=0.021..1484.398 rows=2388876 loops=1)
                          Filter: (production_year < 2013)
                          Rows Removed by Filter: 139436
Planning time: 1.266 ms
Execution time: 41213.750 ms
