Hash Join  (cost=68449.54..129168.89 rows=18582 width=0) (actual time=1136.167..2458.777 rows=22795 loops=1)
  Hash Cond: (mc.movie_id = t.id)
  ->  Seq Scan on movie_companies mc  (cost=0.00..57926.93 rows=695092 width=4) (actual time=0.024..1081.322 rows=933304 loops=1)
        Filter: ((company_id > 11141) AND (company_type_id = 2))
        Rows Removed by Filter: 1675825
  ->  Hash  (cost=67604.59..67604.59 rows=67596 width=4) (actual time=1135.142..1135.142 rows=67777 loops=1)
        Buckets: 131072  Batches: 1  Memory Usage: 3407kB
        ->  Seq Scan on title t  (cost=0.00..67604.59 rows=67596 width=4) (actual time=0.054..1106.831 rows=67777 loops=1)
              Filter: (production_year = 2003)
              Rows Removed by Filter: 2460535
Planning time: 0.826 ms
Execution time: 2462.337 ms
