Hash Join  (cost=74117.82..827106.57 rows=219959 width=0) (actual time=1274.623..17129.006 rows=1 loops=1)
  Hash Cond: (ci.movie_id = t.id)
  ->  Seq Scan on cast_info ci  (cost=0.00..614943.12 rows=36225612 width=4) (actual time=0.014..8916.297 rows=36244344 loops=1)
  ->  Hash  (cost=73925.90..73925.90 rows=15353 width=4) (actual time=1233.940..1233.940 rows=1 loops=1)
        Buckets: 16384  Batches: 1  Memory Usage: 129kB
        ->  Seq Scan on title t  (cost=0.00..73925.90 rows=15353 width=4) (actual time=411.958..1233.930 rows=1 loops=1)
              Filter: ((kind_id > 1) AND (production_year < 1908))
              Rows Removed by Filter: 2528311
Planning time: 9.299 ms
Execution time: 17129.125 ms
