Seq Scan on cast_info ci  (cost=0.00..796071.18 rows=2245729 width=0) (actual time=0.083..11577.239 rows=3460955 loops=1)
  Filter: ((person_id > 3429908) AND (role_id > 1))
  Rows Removed by Filter: 32783389
Planning time: 0.368 ms
Execution time: 11953.500 ms
