Hash Join  (cost=90016.07..179016.55 rows=1011996 width=0) (actual time=1929.936..4046.008 rows=393031 loops=1)
  Hash Cond: (mc.movie_id = t.id)
  ->  Seq Scan on movie_companies mc  (cost=0.00..44881.29 rows=2609129 width=4) (actual time=0.018..962.787 rows=2609129 loops=1)
  ->  Hash  (cost=73925.90..73925.90 rows=980733 width=4) (actual time=1637.461..1637.461 rows=1074493 loops=1)
        Buckets: 131072  Batches: 16  Memory Usage: 3394kB
        ->  Seq Scan on title t  (cost=0.00..73925.90 rows=980733 width=4) (actual time=0.031..1305.082 rows=1074493 loops=1)
              Filter: ((production_year > 1995) AND (kind_id = 7))
              Rows Removed by Filter: 1453819
Planning time: 0.828 ms
Execution time: 4087.367 ms
