Hash Join  (cost=81720.25..181292.72 rows=345770 width=0) (actual time=1478.062..4068.758 rows=735386 loops=1)
  Hash Cond: (mk.movie_id = t.id)
  ->  Seq Scan on movie_keyword mk  (cost=0.00..81003.12 rows=1016173 width=4) (actual time=0.026..1518.757 rows=1022357 loops=1)
        Filter: (keyword_id > 17561)
        Rows Removed by Filter: 3501573
  ->  Hash  (cost=67604.59..67604.59 rows=860373 width=4) (actual time=1476.684..1476.684 rows=854214 loops=1)
        Buckets: 131072  Batches: 16  Memory Usage: 2906kB
        ->  Seq Scan on title t  (cost=0.00..67604.59 rows=860373 width=4) (actual time=0.012..1201.980 rows=854214 loops=1)
              Filter: (kind_id < 4)
              Rows Removed by Filter: 1674098
Planning time: 0.780 ms
Execution time: 4156.056 ms
