Hash Join  (cost=129928.86..1090098.81 rows=14739122 width=169) (actual time=710.180..9051.002 rows=14835720 loops=1)
  Hash Cond: (mi.movie_id = t.id)
  ->  Seq Scan on movie_info mi  (cost=0.00..309384.22 rows=14739122 width=75) (actual time=0.028..1326.421 rows=14835720 loops=1)
  ->  Hash  (cost=61283.27..61283.27 rows=2528527 width=94) (actual time=709.064..709.064 rows=2528312 loops=1)
        Buckets: 32768  Batches: 128  Memory Usage: 2470kB
        ->  Seq Scan on title t  (cost=0.00..61283.27 rows=2528527 width=94) (actual time=0.015..252.144 rows=2528312 loops=1)
Planning time: 0.496 ms
Execution time: 9428.638 ms
