Hash Join  (cost=80549.28..151781.24 rows=221424 width=0) (actual time=1355.675..3036.095 rows=128313 loops=1)
  Hash Cond: (mc.movie_id = t.id)
  ->  Seq Scan on movie_companies mc  (cost=0.00..51404.11 rows=1386830 width=4) (actual time=0.023..984.929 rows=1374066 loops=1)
        Filter: (company_id < 11848)
        Rows Removed by Filter: 1235063
  ->  Hash  (cost=73925.90..73925.90 rows=403710 width=4) (actual time=1312.842..1312.842 rows=434218 loops=1)
        Buckets: 131072  Batches: 8  Memory Usage: 2935kB
        ->  Seq Scan on title t  (cost=0.00..73925.90 rows=403710 width=4) (actual time=0.027..1169.551 rows=434218 loops=1)
              Filter: ((production_year > 2008) AND (kind_id = 7))
              Rows Removed by Filter: 2094094
Planning time: 0.823 ms
Execution time: 3053.158 ms
