Hash Join  (cost=69928.56..137399.39 rows=71653 width=0) (actual time=1186.087..2780.782 rows=155924 loops=1)
  Hash Cond: (mc.movie_id = t.id)
  ->  Seq Scan on movie_companies mc  (cost=0.00..51404.11 rows=1279517 width=4) (actual time=0.021..1047.907 rows=1274246 loops=1)
        Filter: (company_type_id = 1)
        Rows Removed by Filter: 1334883
  ->  Hash  (cost=67604.59..67604.59 rows=141598 width=4) (actual time=1182.019..1182.019 rows=143333 loops=1)
        Buckets: 131072  Batches: 2  Memory Usage: 3541kB
        ->  Seq Scan on title t  (cost=0.00..67604.59 rows=141598 width=4) (actual time=160.434..1131.143 rows=143333 loops=1)
              Filter: (production_year < 1941)
              Rows Removed by Filter: 2384979
Planning time: 0.790 ms
Execution time: 2801.410 ms
