Seq Scan on cast_info ci  (cost=0.00..796071.18 rows=420 width=0) (actual time=11357.530..14982.282 rows=219 loops=1)
  Filter: ((role_id < 9) AND (person_id = 2509889))
  Rows Removed by Filter: 36244125
Planning time: 1.134 ms
Execution time: 14982.456 ms
