Hash Join  (cost=70532.09..573970.01 rows=224399 width=169) (actual time=707.172..4895.650 rows=247129 loops=1)
  Hash Cond: (mi.movie_id = t.id)
  ->  Seq Scan on movie_info mi  (cost=0.00..346232.03 rows=5263441 width=75) (actual time=34.162..2420.877 rows=5270569 loops=1)
        Filter: (info_type_id > 15)
        Rows Removed by Filter: 9565151
  ->  Hash  (cost=67604.59..67604.59 rows=107800 width=94) (actual time=672.653..672.653 rows=108429 loops=1)
        Buckets: 32768  Batches: 4  Memory Usage: 3292kB
        ->  Seq Scan on title t  (cost=0.00..67604.59 rows=107800 width=94) (actual time=0.016..633.786 rows=108429 loops=1)
              Filter: (production_year = 2006)
              Rows Removed by Filter: 2419883
Planning time: 0.633 ms
Execution time: 4905.730 ms
