Hash Join  (cost=849871.50..1065489.48 rows=1649908 width=0) (actual time=23681.207..28666.406 rows=5374354 loops=1)
  Hash Cond: (mk.movie_id = t.id)
  ->  Seq Scan on movie_keyword mk  (cost=0.00..69693.30 rows=4523930 width=4) (actual time=0.026..1530.377 rows=4523930 loops=1)
  ->  Hash  (cost=834741.37..834741.37 rows=922171 width=8) (actual time=23658.781..23658.781 rows=813766 loops=1)
        Buckets: 131072  Batches: 16  Memory Usage: 2953kB
        ->  Hash Join  (cost=74730.49..834741.37 rows=922171 width=8) (actual time=1234.970..22882.219 rows=813766 loops=1)
              Hash Cond: (ci.movie_id = t.id)
              ->  Seq Scan on cast_info ci  (cost=0.00..614943.12 rows=36225612 width=4) (actual time=0.024..9658.013 rows=36244344 loops=1)
              ->  Hash  (cost=73925.90..73925.90 rows=64367 width=4) (actual time=1234.586..1234.586 rows=53905 loops=1)
                    Buckets: 65536  Batches: 1  Memory Usage: 2408kB
                    ->  Seq Scan on title t  (cost=0.00..73925.90 rows=64367 width=4) (actual time=0.023..1213.035 rows=53905 loops=1)
                          Filter: ((kind_id < 7) AND (production_year = 2012))
                          Rows Removed by Filter: 2474407
Planning time: 1.314 ms
Execution time: 29296.462 ms
