Hash Join  (cost=82776.67..125521.24 rows=294409 width=0) (actual time=1481.401..2796.647 rows=436973 loops=1)
  Hash Cond: (mi_idx.movie_id = t.id)
  ->  Seq Scan on movie_info_idx mi_idx  (cost=0.00..21735.35 rows=1380035 width=4) (actual time=0.011..478.841 rows=1380035 loops=1)
  ->  Hash  (cost=73925.90..73925.90 rows=539421 width=4) (actual time=1480.568..1480.568 rows=459810 loops=1)
        Buckets: 131072  Batches: 8  Memory Usage: 3041kB
        ->  Seq Scan on title t  (cost=0.00..73925.90 rows=539421 width=4) (actual time=0.020..1335.963 rows=459810 loops=1)
              Filter: ((kind_id < 7) AND (production_year > 2000))
              Rows Removed by Filter: 2068502
Planning time: 0.775 ms
Execution time: 2852.890 ms
