Hash Join  (cost=84003.07..219393.62 rows=1098851 width=0) (actual time=1344.233..5652.648 rows=2616027 loops=1)
  Hash Cond: (mk.movie_id = t.id)
  ->  Seq Scan on movie_keyword mk  (cost=0.00..69693.30 rows=4523930 width=4) (actual time=0.014..1425.249 rows=4523930 loops=1)
  ->  Hash  (cost=73925.90..73925.90 rows=614173 width=4) (actual time=1343.102..1343.102 rows=520476 loops=1)
        Buckets: 131072  Batches: 16  Memory Usage: 2175kB
        ->  Seq Scan on title t  (cost=0.00..73925.90 rows=614173 width=4) (actual time=0.019..1182.091 rows=520476 loops=1)
              Filter: ((kind_id < 2) AND (production_year > 1937))
              Rows Removed by Filter: 2007836
Planning time: 0.789 ms
Execution time: 5963.287 ms
