Seq Scan on cast_info ci  (cost=0.00..705507.15 rows=15897372 width=0) (actual time=0.017..12695.616 rows=15793633 loops=1)
  Filter: (person_id < 1560659)
  Rows Removed by Filter: 20450711
Planning time: 0.323 ms
Execution time: 14679.459 ms
