Seq Scan on movie_companies mc  (cost=0.00..51404.11 rows=578329 width=0) (actual time=0.021..871.394 rows=574727 loops=1)
  Filter: (company_id < 624)
  Rows Removed by Filter: 2034402
Planning time: 0.326 ms
Execution time: 948.672 ms
