Seq Scan on movie_keyword mk  (cost=0.00..81003.12 rows=246 width=0) (actual time=2.524..1212.003 rows=1391 loops=1)
  Filter: (keyword_id = 21369)
  Rows Removed by Filter: 4522539
Planning time: 0.292 ms
Execution time: 1212.474 ms
