Hash Join  (cost=74461.72..135853.45 rows=14986 width=0) (actual time=1237.571..2462.529 rows=8429 loops=1)
  Hash Cond: (mc.movie_id = t.id)
  ->  Seq Scan on movie_companies mc  (cost=0.00..57926.93 rows=883983 width=4) (actual time=0.025..1064.647 rows=563370 loops=1)
        Filter: ((company_id < 22780) AND (company_type_id > 1))
        Rows Removed by Filter: 2045759
  ->  Hash  (cost=73925.90..73925.90 rows=42865 width=4) (actual time=1237.174..1237.174 rows=49850 loops=1)
        Buckets: 65536  Batches: 1  Memory Usage: 2265kB
        ->  Seq Scan on title t  (cost=0.00..73925.90 rows=42865 width=4) (actual time=0.052..1216.286 rows=49850 loops=1)
              Filter: ((kind_id > 1) AND (production_year = 2001))
              Rows Removed by Filter: 2478462
Planning time: 0.816 ms
Execution time: 2464.039 ms
