Hash Join  (cost=175430.63..300049.17 rows=214751 width=0) (actual time=3461.571..6305.484 rows=170321 loops=1)
  Hash Cond: (mk.movie_id = t.id)
  ->  Seq Scan on movie_keyword mk  (cost=0.00..69693.30 rows=4523930 width=4) (actual time=0.028..1452.576 rows=4523930 loops=1)
  ->  Hash  (cost=173461.26..173461.26 rows=120029 width=8) (actual time=3460.519..3460.519 rows=54390 loops=1)
        Buckets: 131072  Batches: 2  Memory Usage: 2098kB
        ->  Hash Join  (cost=102767.86..173461.26 rows=120029 width=8) (actual time=2205.384..3439.386 rows=54390 loops=1)
              Hash Cond: (mc.movie_id = t.id)
              ->  Seq Scan on movie_companies mc  (cost=0.00..57926.93 rows=120029 width=4) (actual time=137.596..840.367 rows=54390 loops=1)
                    Filter: ((company_id < 93) AND (company_type_id > 1))
                    Rows Removed by Filter: 2554739
              ->  Hash  (cost=61283.27..61283.27 rows=2528527 width=4) (actual time=2066.463..2066.463 rows=2528312 loops=1)
                    Buckets: 131072  Batches: 64  Memory Usage: 2415kB
                    ->  Seq Scan on title t  (cost=0.00..61283.27 rows=2528527 width=4) (actual time=0.014..1147.706 rows=2528312 loops=1)
Planning time: 1.203 ms
Execution time: 6336.807 ms
