Hash Join  (cost=449394.87..1339946.16 rows=391609 width=0) (actual time=8495.424..24435.868 rows=5552 loops=1)
  Hash Cond: (ci.movie_id = t.id)
  ->  Seq Scan on cast_info ci  (cost=0.00..614943.12 rows=36225612 width=4) (actual time=0.015..8593.158 rows=36244344 loops=1)
  ->  Hash  (cost=449053.20..449053.20 rows=27334 width=8) (actual time=8361.169..8361.169 rows=3277 loops=1)
        Buckets: 32768  Batches: 1  Memory Usage: 385kB
        ->  Hash Join  (cost=67697.55..449053.20 rows=27334 width=8) (actual time=898.121..8358.519 rows=3277 loops=1)
              Hash Cond: (mi.movie_id = t.id)
              ->  Seq Scan on movie_info mi  (cost=0.00..346232.03 rows=9293409 width=4) (actual time=0.012..6108.689 rows=9425200 loops=1)
                    Filter: (info_type_id > 5)
                    Rows Removed by Filter: 5410520
              ->  Hash  (cost=67604.59..67604.59 rows=7437 width=4) (actual time=890.198..890.198 rows=791 loops=1)
                    Buckets: 8192  Batches: 1  Memory Usage: 92kB
                    ->  Seq Scan on title t  (cost=0.00..67604.59 rows=7437 width=4) (actual time=0.066..889.695 rows=791 loops=1)
                          Filter: (production_year = 1896)
                          Rows Removed by Filter: 2527521
Planning time: 1.154 ms
Execution time: 24436.958 ms
