Hash Join  (cost=285560.04..931430.82 rows=13836794 width=0) (actual time=6113.897..19971.416 rows=6101389 loops=1)
  Hash Cond: (mi.movie_id = t.id)
  ->  Seq Scan on movie_info mi  (cost=0.00..309384.22 rows=14739122 width=4) (actual time=0.018..5892.526 rows=14835720 loops=1)
  ->  Hash  (cost=246615.40..246615.40 rows=2373731 width=8) (actual time=6096.764..6096.764 rows=589487 loops=1)
        Buckets: 131072  Batches: 32  Memory Usage: 1748kB
        ->  Hash Join  (cost=95693.05..246615.40 rows=2373731 width=8) (actual time=3364.396..5919.234 rows=589487 loops=1)
              Hash Cond: (mk.movie_id = t.id)
              ->  Seq Scan on movie_keyword mk  (cost=0.00..69693.30 rows=4523930 width=4) (actual time=0.030..1484.162 rows=4523930 loops=1)
              ->  Hash  (cost=73925.90..73925.90 rows=1326732 width=4) (actual time=1779.707..1779.707 rows=1405802 loops=1)
                    Buckets: 131072  Batches: 32  Memory Usage: 2576kB
                    ->  Seq Scan on title t  (cost=0.00..73925.90 rows=1326732 width=4) (actual time=0.029..1314.663 rows=1405802 loops=1)
                          Filter: ((production_year > 1963) AND (kind_id = 7))
                          Rows Removed by Filter: 1122510
Planning time: 1.191 ms
Execution time: 20657.741 ms
