Hash Join  (cost=492064.95..634482.01 rows=1675602 width=0) (actual time=8715.185..12701.523 rows=529000 loops=1)
  Hash Cond: (mk.movie_id = t.id)
  ->  Seq Scan on movie_keyword mk  (cost=0.00..69693.30 rows=4523930 width=4) (actual time=0.025..1397.639 rows=4523930 loops=1)
  ->  Hash  (cost=476699.30..476699.30 rows=936532 width=8) (actual time=8712.439..8712.439 rows=348481 loops=1)
        Buckets: 131072  Batches: 16  Memory Usage: 1874kB
        ->  Hash Join  (cost=92659.85..476699.30 rows=936532 width=8) (actual time=2897.738..8604.629 rows=348481 loops=1)
              Hash Cond: (mi.movie_id = t.id)
              ->  Seq Scan on movie_info mi  (cost=0.00..346232.03 rows=2073893 width=4) (actual time=1209.010..5260.230 rows=2091068 loops=1)
                    Filter: (info_type_id < 3)
                    Rows Removed by Filter: 12744652
              ->  Hash  (cost=73925.90..73925.90 rows=1141836 width=4) (actual time=1687.617..1687.617 rows=1235288 loops=1)
                    Buckets: 131072  Batches: 16  Memory Usage: 3756kB
                    ->  Seq Scan on title t  (cost=0.00..73925.90 rows=1141836 width=4) (actual time=0.027..1286.637 rows=1235288 loops=1)
                          Filter: ((production_year > 1984) AND (kind_id = 7))
                          Rows Removed by Filter: 1293024
Planning time: 7.175 ms
Execution time: 12763.801 ms
