Hash Join  (cost=67697.55..161362.97 rows=9854 width=0) (actual time=978.014..3037.078 rows=34185 loops=1)
  Hash Cond: (mk.movie_id = t.id)
  ->  Seq Scan on movie_keyword mk  (cost=0.00..81003.12 rows=3350334 width=4) (actual time=0.027..1499.938 rows=3348595 loops=1)
        Filter: (keyword_id > 1387)
        Rows Removed by Filter: 1175335
  ->  Hash  (cost=67604.59..67604.59 rows=7437 width=4) (actual time=977.915..977.915 rows=19440 loops=1)
        Buckets: 32768 (originally 8192)  Batches: 1 (originally 1)  Memory Usage: 940kB
        ->  Seq Scan on title t  (cost=0.00..67604.59 rows=7437 width=4) (actual time=0.036..968.660 rows=19440 loops=1)
              Filter: (production_year = 1986)
              Rows Removed by Filter: 2508872
Planning time: 0.786 ms
Execution time: 3041.839 ms
