Seq Scan on movie_companies mc  (cost=0.00..57926.93 rows=624572 width=40) (actual time=0.025..454.756 rows=853403 loops=1)
  Filter: ((company_id < 11203) AND (company_type_id = 1))
  Rows Removed by Filter: 1755726
Planning time: 0.459 ms
Execution time: 492.100 ms
