Hash Join  (cost=79715.19..141039.67 rows=91970 width=0) (actual time=1234.053..2466.143 rows=66770 loops=1)
  Hash Cond: (mc.movie_id = t.id)
  ->  Seq Scan on movie_companies mc  (cost=0.00..51404.11 rows=659111 width=4) (actual time=0.033..868.085 rows=652017 loops=1)
        Filter: (company_id < 895)
        Rows Removed by Filter: 1957112
  ->  Hash  (cost=73925.90..73925.90 rows=352823 width=4) (actual time=1232.512..1232.512 rows=302088 loops=1)
        Buckets: 131072  Batches: 8  Memory Usage: 2342kB
        ->  Seq Scan on title t  (cost=0.00..73925.90 rows=352823 width=4) (actual time=0.017..1138.225 rows=302088 loops=1)
              Filter: ((kind_id < 7) AND (production_year > 2006))
              Rows Removed by Filter: 2226224
Planning time: 0.770 ms
Execution time: 2474.960 ms
