Nested Loop  (cost=0.43..447802.20 rows=17937 width=0) (actual time=2315.751..5035.342 rows=140065 loops=1)
  ->  Seq Scan on movie_info mi  (cost=0.00..346232.03 rows=17937 width=4) (actual time=2315.571..3786.068 rows=140065 loops=1)
        Filter: (info_type_id = 9)
        Rows Removed by Filter: 14695655
  ->  Index Only Scan using title_pkey on title t  (cost=0.43..5.65 rows=1 width=4) (actual time=0.008..0.008 rows=1 loops=140065)
        Index Cond: (id = mi.movie_id)
        Heap Fetches: 140065
Planning time: 0.856 ms
Execution time: 5061.288 ms
