Seq Scan on title t  (cost=0.00..73925.90 rows=239418 width=0) (actual time=231.692..1065.788 rows=256906 loops=1)
  Filter: ((production_year > 2010) AND (kind_id = 7))
  Rows Removed by Filter: 2271406
Planning time: 0.387 ms
Execution time: 1102.099 ms
