Hash Join  (cost=74517.64..429390.36 rows=41088 width=0) (actual time=2542.364..7245.911 rows=57168 loops=1)
  Hash Cond: (mi.movie_id = t.id)
  ->  Seq Scan on movie_info mi  (cost=0.00..346232.03 rows=2194617 width=4) (actual time=1319.828..5511.719 rows=2233850 loops=1)
        Filter: (info_type_id > 16)
        Rows Removed by Filter: 12601870
  ->  Hash  (cost=73925.90..73925.90 rows=47339 width=4) (actual time=1211.175..1211.175 rows=46571 loops=1)
        Buckets: 65536  Batches: 1  Memory Usage: 2150kB
        ->  Seq Scan on title t  (cost=0.00..73925.90 rows=47339 width=4) (actual time=0.086..1187.965 rows=46571 loops=1)
              Filter: ((production_year > 2001) AND (kind_id = 2))
              Rows Removed by Filter: 2481741
Planning time: 4.864 ms
Execution time: 7254.034 ms
