Seq Scan on movie_keyword mk  (cost=0.00..81003.12 rows=3255158 width=0) (actual time=0.015..1505.451 rows=3246171 loops=1)
  Filter: (keyword_id < 13886)
  Rows Removed by Filter: 1277759
Planning time: 0.332 ms
Execution time: 1917.243 ms
