Hash Join  (cost=82012.37..124320.69 rows=268984 width=0) (actual time=1370.281..2463.011 rows=141291 loops=1)
  Hash Cond: (mi_idx.movie_id = t.id)
  ->  Seq Scan on movie_info_idx mi_idx  (cost=0.00..21735.35 rows=1380035 width=4) (actual time=0.028..475.781 rows=1380035 loops=1)
  ->  Hash  (cost=73925.90..73925.90 rows=492837 width=4) (actual time=1318.461..1318.461 rows=379345 loops=1)
        Buckets: 131072  Batches: 8  Memory Usage: 2677kB
        ->  Seq Scan on title t  (cost=0.00..73925.90 rows=492837 width=4) (actual time=287.242..1189.458 rows=379345 loops=1)
              Filter: ((production_year < 1995) AND (kind_id = 7))
              Rows Removed by Filter: 2148967
Planning time: 11.183 ms
Execution time: 2478.306 ms
