Hash Join  (cost=83580.70..228410.80 rows=1499639 width=0) (actual time=1513.911..5506.140 rows=1987140 loops=1)
  Hash Cond: (mk.movie_id = t.id)
  ->  Seq Scan on movie_keyword mk  (cost=0.00..81003.12 rows=3894022 width=4) (actual time=0.015..1675.761 rows=3883666 loops=1)
        Filter: (keyword_id < 29032)
        Rows Removed by Filter: 640264
  ->  Hash  (cost=67604.59..67604.59 rows=973769 width=4) (actual time=1512.979..1512.979 rows=971188 loops=1)
        Buckets: 131072  Batches: 16  Memory Usage: 3168kB
        ->  Seq Scan on title t  (cost=0.00..67604.59 rows=973769 width=4) (actual time=0.012..1187.697 rows=971188 loops=1)
              Filter: (production_year < 1999)
              Rows Removed by Filter: 1557124
Planning time: 0.813 ms
Execution time: 5744.714 ms
