Hash Join  (cost=194078.32..332254.18 rows=1327482 width=0) (actual time=3935.742..8993.468 rows=5183296 loops=1)
  Hash Cond: (mk.movie_id = t.id)
  ->  Seq Scan on movie_keyword mk  (cost=0.00..69693.30 rows=4523930 width=4) (actual time=0.010..1362.893 rows=4523930 loops=1)
  ->  Hash  (cost=181904.82..181904.82 rows=741960 width=8) (actual time=3934.728..3934.728 rows=746659 loops=1)
        Buckets: 131072  Batches: 16  Memory Usage: 2871kB
        ->  Hash Join  (cost=102767.86..181904.82 rows=741960 width=8) (actual time=1907.890..3732.723 rows=746659 loops=1)
              Hash Cond: (mc.movie_id = t.id)
              ->  Seq Scan on movie_companies mc  (cost=0.00..51404.11 rows=741960 width=4) (actual time=0.022..854.355 rows=746659 loops=1)
                    Filter: (company_id > 37597)
                    Rows Removed by Filter: 1862470
              ->  Hash  (cost=61283.27..61283.27 rows=2528527 width=4) (actual time=1906.886..1906.886 rows=2528312 loops=1)
                    Buckets: 131072  Batches: 64  Memory Usage: 2415kB
                    ->  Seq Scan on title t  (cost=0.00..61283.27 rows=2528527 width=4) (actual time=0.007..1070.173 rows=2528312 loops=1)
Planning time: 0.774 ms
Execution time: 9626.179 ms
