Hash Join  (cost=58375.73..423033.57 rows=192 width=0) (actual time=817.967..7412.291 rows=125 loops=1)
  Hash Cond: (mi.movie_id = t.id)
  ->  Seq Scan on movie_info mi  (cost=0.00..309384.22 rows=14739122 width=4) (actual time=0.024..3995.091 rows=14835720 loops=1)
  ->  Hash  (cost=58375.31..58375.31 rows=33 width=8) (actual time=789.986..789.986 rows=16 loops=1)
        Buckets: 1024  Batches: 1  Memory Usage: 9kB
        ->  Nested Loop  (cost=0.43..58375.31 rows=33 width=8) (actual time=12.160..789.957 rows=16 loops=1)
              ->  Seq Scan on movie_companies mc  (cost=0.00..57926.93 rows=53 width=4) (actual time=12.046..789.178 rows=16 loops=1)
                    Filter: ((company_id = 85440) AND (company_type_id = 2))
                    Rows Removed by Filter: 2609113
              ->  Index Scan using title_pkey on title t  (cost=0.43..8.45 rows=1 width=4) (actual time=0.043..0.044 rows=1 loops=16)
                    Index Cond: (id = mc.movie_id)
                    Filter: (production_year < 2007)
Planning time: 4.654 ms
Execution time: 7412.563 ms
