Hash Join  (cost=102767.86..291749.84 rows=4076853 width=0) (actual time=2210.045..7651.733 rows=4077947 loops=1)
  Hash Cond: (mk.movie_id = t.id)
  ->  Seq Scan on movie_keyword mk  (cost=0.00..81003.12 rows=4076853 width=4) (actual time=0.020..1809.719 rows=4077947 loops=1)
        Filter: (keyword_id < 39760)
        Rows Removed by Filter: 445983
  ->  Hash  (cost=61283.27..61283.27 rows=2528527 width=4) (actual time=2207.699..2207.699 rows=2528312 loops=1)
        Buckets: 131072  Batches: 64  Memory Usage: 2425kB
        ->  Seq Scan on title t  (cost=0.00..61283.27 rows=2528527 width=4) (actual time=0.019..1046.845 rows=2528312 loops=1)
Planning time: 0.825 ms
Execution time: 8132.630 ms
