Seq Scan on movie_companies mc  (cost=0.00..57926.93 rows=685191 width=0) (actual time=0.018..981.117 rows=938626 loops=1)
  Filter: ((company_id < 11994) AND (company_type_id = 1))
  Rows Removed by Filter: 1670503
Planning time: 0.397 ms
Execution time: 1106.069 ms
