Hash Join  (cost=129928.86..247614.69 rows=712732 width=134) (actual time=1340.328..2443.043 rows=448210 loops=1)
  Hash Cond: (mc.movie_id = t.id)
  ->  Seq Scan on movie_companies mc  (cost=0.00..57926.93 rows=712732 width=40) (actual time=348.866..712.729 rows=448210 loops=1)
        Filter: ((company_id < 12016) AND (company_type_id = 2))
        Rows Removed by Filter: 2160919
  ->  Hash  (cost=61283.27..61283.27 rows=2528527 width=94) (actual time=990.647..990.647 rows=2528312 loops=1)
        Buckets: 32768  Batches: 128  Memory Usage: 2453kB
        ->  Seq Scan on title t  (cost=0.00..61283.27 rows=2528527 width=94) (actual time=0.017..321.289 rows=2528312 loops=1)
Planning time: 0.623 ms
Execution time: 2459.674 ms
