Hash Join  (cost=92883.59..914449.63 rows=3546665 width=0) (actual time=11068.445..18213.544 rows=3608169 loops=1)
  Hash Cond: (ci.movie_id = t.id)
  ->  Seq Scan on cast_info ci  (cost=0.00..705507.15 rows=5820248 width=4) (actual time=9458.345..12443.923 rows=5732694 loops=1)
        Filter: (role_id > 8)
        Rows Removed by Filter: 30511650
  ->  Hash  (cost=67604.59..67604.59 rows=1540800 width=4) (actual time=1608.514..1608.514 rows=1543264 loops=1)
        Buckets: 131072  Batches: 32  Memory Usage: 2722kB
        ->  Seq Scan on title t  (cost=0.00..67604.59 rows=1540800 width=4) (actual time=182.032..1129.517 rows=1543264 loops=1)
              Filter: (kind_id = 7)
              Rows Removed by Filter: 985048
Planning time: 1.377 ms
Execution time: 18664.757 ms
