Hash Join  (cost=122535.74..874424.34 rows=109944 width=0) (actual time=2165.320..19567.697 rows=249384 loops=1)
  Hash Cond: (ci.movie_id = t.id)
  ->  Seq Scan on cast_info ci  (cost=0.00..614943.12 rows=36225612 width=4) (actual time=3.779..9006.897 rows=36244344 loops=1)
  ->  Hash  (cost=122439.81..122439.81 rows=7674 width=8) (actual time=2161.374..2161.374 rows=7997 loops=1)
        Buckets: 8192  Batches: 1  Memory Usage: 377kB
        ->  Hash Join  (cost=67697.55..122439.81 rows=7674 width=8) (actual time=1077.639..2158.299 rows=7997 loops=1)
              Hash Cond: (mc.movie_id = t.id)
              ->  Seq Scan on movie_companies mc  (cost=0.00..44881.29 rows=2609129 width=4) (actual time=0.014..670.424 rows=2609129 loops=1)
              ->  Hash  (cost=67604.59..67604.59 rows=7437 width=4) (actual time=1002.475..1002.475 rows=2795 loops=1)
                    Buckets: 8192  Batches: 1  Memory Usage: 163kB
                    ->  Seq Scan on title t  (cost=0.00..67604.59 rows=7437 width=4) (actual time=0.028..1000.937 rows=2795 loops=1)
                          Filter: (production_year = 1937)
                          Rows Removed by Filter: 2525517
Planning time: 1.216 ms
Execution time: 19603.399 ms
