Seq Scan on movie_keyword mk  (cost=0.00..81003.12 rows=1261465 width=0) (actual time=0.024..1381.835 rows=1270588 loops=1)
  Filter: (keyword_id > 14003)
  Rows Removed by Filter: 3253342
Planning time: 0.347 ms
Execution time: 1540.752 ms
