Hash Join  (cost=92883.59..1041005.36 rows=4706754 width=0) (actual time=3948.864..25427.683 rows=7183892 loops=1)
  Hash Cond: (ci.movie_id = t.id)
  ->  Seq Scan on cast_info ci  (cost=0.00..796071.18 rows=7724010 width=4) (actual time=1887.918..14553.671 rows=11977052 loops=1)
        Filter: ((person_id > 2490880) AND (role_id > 1))
        Rows Removed by Filter: 24267292
  ->  Hash  (cost=67604.59..67604.59 rows=1540800 width=4) (actual time=2059.600..2059.600 rows=1543264 loops=1)
        Buckets: 131072  Batches: 32  Memory Usage: 2722kB
        ->  Seq Scan on title t  (cost=0.00..67604.59 rows=1540800 width=4) (actual time=0.028..1295.392 rows=1543264 loops=1)
              Filter: (kind_id = 7)
              Rows Removed by Filter: 985048
Planning time: 0.594 ms
Execution time: 26257.229 ms
