Hash Join  (cost=123567.61..475016.71 rows=19840 width=0) (actual time=5122.280..6839.815 rows=56480 loops=1)
  Hash Cond: (mi.movie_id = t.id)
  ->  Seq Scan on movie_info mi  (cost=0.00..346232.03 rows=1338312 width=4) (actual time=2985.048..4424.507 rows=1401902 loops=1)
        Filter: (info_type_id = 7)
        Rows Removed by Filter: 13433818
  ->  Hash  (cost=123099.05..123099.05 rows=37485 width=8) (actual time=2135.937..2135.937 rows=34035 loops=1)
        Buckets: 65536  Batches: 1  Memory Usage: 1842kB
        ->  Hash Join  (cost=68058.67..123099.05 rows=37485 width=8) (actual time=913.555..2122.427 rows=34035 loops=1)
              Hash Cond: (mc.movie_id = t.id)
              ->  Seq Scan on movie_companies mc  (cost=0.00..44881.29 rows=2609129 width=4) (actual time=0.037..542.568 rows=2609129 loops=1)
              ->  Hash  (cost=67604.59..67604.59 rows=36327 width=4) (actual time=913.167..913.167 rows=36509 loops=1)
                    Buckets: 65536  Batches: 1  Memory Usage: 1796kB
                    ->  Seq Scan on title t  (cost=0.00..67604.59 rows=36327 width=4) (actual time=0.031..898.980 rows=36509 loops=1)
                          Filter: (production_year = 1996)
                          Rows Removed by Filter: 2491803
Planning time: 5.107 ms
Execution time: 6847.419 ms
