Hash Join  (cost=96184.51..247759.81 rows=2427327 width=0) (actual time=1845.381..5525.493 rows=595822 loops=1)
  Hash Cond: (mk.movie_id = t.id)
  ->  Seq Scan on movie_keyword mk  (cost=0.00..69693.30 rows=4523930 width=4) (actual time=0.028..1359.274 rows=4523930 loops=1)
  ->  Hash  (cost=73925.90..73925.90 rows=1356688 width=4) (actual time=1844.495..1844.495 rows=1327781 loops=1)
        Buckets: 131072  Batches: 32  Memory Usage: 2485kB
        ->  Seq Scan on title t  (cost=0.00..73925.90 rows=1356688 width=4) (actual time=0.021..1388.122 rows=1327781 loops=1)
              Filter: ((production_year < 2012) AND (kind_id = 7))
              Rows Removed by Filter: 1200531
Planning time: 0.782 ms
Execution time: 5597.689 ms
