Seq Scan on cast_info ci  (cost=0.00..796071.18 rows=4500070 width=0) (actual time=3349.061..12891.290 rows=2681671 loops=1)
  Filter: ((person_id < 1313882) AND (role_id > 3))
  Rows Removed by Filter: 33562673
Planning time: 0.341 ms
Execution time: 13228.652 ms
