Seq Scan on movie_keyword mk  (cost=0.00..81003.12 rows=4456603 width=0) (actual time=0.023..1651.878 rows=4458535 loops=1)
  Filter: (keyword_id < 92904)
  Rows Removed by Filter: 65395
Planning time: 0.341 ms
Execution time: 2202.815 ms
