Seq Scan on movie_keyword mk  (cost=0.00..81003.12 rows=246 width=0) (actual time=3.667..1239.116 rows=219 loops=1)
  Filter: (keyword_id = 3841)
  Rows Removed by Filter: 4523711
Planning time: 0.392 ms
Execution time: 1239.321 ms
