Hash Join  (cost=166522.51..904693.08 rows=1622192 width=219) (actual time=3031.109..17042.375 rows=1479105 loops=1)
  Hash Cond: (mi.movie_id = t.id)
  ->  Seq Scan on movie_info mi  (cost=0.00..346232.03 rows=12665229 width=75) (actual time=0.023..6590.908 rows=12744652 loops=1)
        Filter: (info_type_id > 2)
        Rows Removed by Filter: 2091068
  ->  Hash  (cost=155832.26..155832.26 rows=323860 width=144) (actual time=2924.489..2924.489 rows=177228 loops=1)
        Buckets: 32768  Batches: 16  Memory Usage: 1908kB
        ->  Hash Join  (cost=90036.18..155832.26 rows=323860 width=144) (actual time=1339.059..2802.824 rows=177228 loops=1)
              Hash Cond: (mi_idx.movie_id = t.id)
              ->  Seq Scan on movie_info_idx mi_idx  (cost=0.00..21735.35 rows=1380035 width=50) (actual time=0.019..291.498 rows=1380035 loops=1)
              ->  Hash  (cost=73925.90..73925.90 rows=593382 width=94) (actual time=1338.048..1338.048 rows=486368 loops=1)
                    Buckets: 32768  Batches: 32  Memory Usage: 1999kB
                    ->  Seq Scan on title t  (cost=0.00..73925.90 rows=593382 width=94) (actual time=141.543..1130.080 rows=486368 loops=1)
                          Filter: ((production_year < 1999) AND (kind_id = 7))
                          Rows Removed by Filter: 2041944
Planning time: 1.457 ms
Execution time: 17127.609 ms
