Hash Join  (cost=123018.92..922131.63 rows=13631 width=0) (actual time=5909.394..13461.400 rows=19637 loops=1)
  Hash Cond: (ci.movie_id = t.id)
  ->  Seq Scan on cast_info ci  (cost=0.00..796071.18 rows=189925 width=4) (actual time=3331.163..10775.390 rows=78365 loops=1)
        Filter: ((person_id < 83129) AND (role_id > 7))
        Rows Removed by Filter: 36165979
  ->  Hash  (cost=120041.48..120041.48 rows=181475 width=8) (actual time=2577.359..2577.359 rows=318019 loops=1)
        Buckets: 131072 (originally 131072)  Batches: 8 (originally 4)  Memory Usage: 3073kB
        ->  Hash Join  (cost=83810.17..120041.48 rows=181475 width=8) (actual time=1485.645..2470.160 rows=318019 loops=1)
              Hash Cond: (mi_idx.movie_id = t.id)
              ->  Seq Scan on movie_info_idx mi_idx  (cost=0.00..25185.44 rows=464566 width=4) (actual time=0.028..457.971 rows=459925 loops=1)
                    Filter: (info_type_id = 101)
                    Rows Removed by Filter: 920110
              ->  Hash  (cost=67604.59..67604.59 rows=987727 width=4) (actual time=1484.512..1484.512 rows=985048 loops=1)
                    Buckets: 131072  Batches: 16  Memory Usage: 3188kB
                    ->  Seq Scan on title t  (cost=0.00..67604.59 rows=987727 width=4) (actual time=0.022..1181.078 rows=985048 loops=1)
                          Filter: (kind_id < 7)
                          Rows Removed by Filter: 1543264
Planning time: 1.242 ms
Execution time: 13464.713 ms
