Seq Scan on movie_keyword mk  (cost=0.00..81003.12 rows=3598894 width=0) (actual time=0.026..1511.302 rows=3605668 loops=1)
  Filter: (keyword_id < 20330)
  Rows Removed by Filter: 918262
Planning time: 0.323 ms
Execution time: 1951.550 ms
