Hash Join  (cost=223763.42..631012.65 rows=448369 width=219) (actual time=6725.922..9330.259 rows=265107 loops=1)
  Hash Cond: (mi.movie_id = t.id)
  ->  Seq Scan on movie_info mi  (cost=0.00..346232.03 rows=1348138 width=75) (actual time=2159.296..3864.895 rows=1298989 loops=1)
        Filter: (info_type_id = 4)
        Rows Removed by Filter: 13536731
  ->  Hash  (cost=196005.58..196005.58 rows=840947 width=144) (actual time=4564.882..4564.882 rows=425718 loops=1)
        Buckets: 32768  Batches: 64  Memory Usage: 1213kB
        ->  Hash Join  (cost=109435.59..196005.58 rows=840947 width=144) (actual time=1733.251..4252.770 rows=425718 loops=1)
              Hash Cond: (mi_idx.movie_id = t.id)
              ->  Seq Scan on movie_info_idx mi_idx  (cost=0.00..21735.35 rows=1380035 width=50) (actual time=0.015..355.062 rows=1380035 loops=1)
              ->  Hash  (cost=67604.59..67604.59 rows=1540800 width=94) (actual time=1731.919..1731.919 rows=1543264 loops=1)
                    Buckets: 32768  Batches: 64  Memory Usage: 3011kB
                    ->  Seq Scan on title t  (cost=0.00..67604.59 rows=1540800 width=94) (actual time=160.177..1091.626 rows=1543264 loops=1)
                          Filter: (kind_id = 7)
                          Rows Removed by Filter: 985048
Planning time: 1.487 ms
Execution time: 9346.550 ms
