Hash Join  (cost=52284.46..773994.22 rows=70 width=0) (actual time=1840.018..14426.175 rows=444 loops=1)
  Hash Cond: (ci.movie_id = t.id)
  ->  Seq Scan on cast_info ci  (cost=0.00..705507.15 rows=4320508 width=4) (actual time=1082.345..13077.389 rows=4323018 loops=1)
        Filter: (role_id = 10)
        Rows Removed by Filter: 31921326
  ->  Hash  (cost=52283.95..52283.95 rows=41 width=8) (actual time=749.063..749.063 rows=37 loops=1)
        Buckets: 1024  Batches: 1  Memory Usage: 10kB
        ->  Nested Loop  (cost=0.43..52283.95 rows=41 width=8) (actual time=295.996..748.968 rows=37 loops=1)
              ->  Seq Scan on movie_companies mc  (cost=0.00..51404.11 rows=104 width=4) (actual time=295.903..746.434 rows=37 loops=1)
                    Filter: (company_id = 25438)
                    Rows Removed by Filter: 2609092
              ->  Index Scan using title_pkey on title t  (cost=0.43..8.45 rows=1 width=4) (actual time=0.065..0.065 rows=1 loops=37)
                    Index Cond: (id = mc.movie_id)
                    Filter: (kind_id < 7)
Planning time: 3.991 ms
Execution time: 14426.576 ms
