Hash Join  (cost=167697.81..277186.80 rows=328117 width=0) (actual time=3839.635..7063.353 rows=281860 loops=1)
  Hash Cond: (mk.movie_id = t.id)
  ->  Seq Scan on movie_keyword mk  (cost=0.00..81003.12 rows=2042585 width=4) (actual time=0.028..1619.130 rows=2046795 loops=1)
        Filter: (keyword_id < 3658)
        Rows Removed by Filter: 2477135
  ->  Hash  (cost=161033.58..161033.58 rows=406178 width=8) (actual time=3835.709..3835.709 rows=233886 loops=1)
        Buckets: 131072  Batches: 8  Memory Usage: 2171kB
        ->  Hash Join  (cost=80384.28..161033.58 rows=406178 width=8) (actual time=1486.391..3762.636 rows=233886 loops=1)
              Hash Cond: (mc.movie_id = t.id)
              ->  Seq Scan on movie_companies mc  (cost=0.00..44881.29 rows=2609129 width=4) (actual time=0.017..953.147 rows=2609129 loops=1)
              ->  Hash  (cost=73925.90..73925.90 rows=393630 width=4) (actual time=1485.398..1485.398 rows=401187 loops=1)
                    Buckets: 131072  Batches: 8  Memory Usage: 2794kB
                    ->  Seq Scan on title t  (cost=0.00..73925.90 rows=393630 width=4) (actual time=0.017..1350.543 rows=401187 loops=1)
                          Filter: ((kind_id > 1) AND (production_year > 2009))
                          Rows Removed by Filter: 2127125
Planning time: 1.261 ms
Execution time: 7098.162 ms
