Hash Join  (cost=74823.14..581994.16 rows=2564609 width=0) (actual time=1429.029..16988.986 rows=3927135 loops=1)
  Hash Cond: (mi.movie_id = t.id)
  ->  Seq Scan on movie_info mi  (cost=0.00..309384.22 rows=14739122 width=4) (actual time=0.019..5893.682 rows=14835720 loops=1)
  ->  Hash  (cost=67604.59..67604.59 rows=439964 width=4) (actual time=1428.184..1428.184 rows=437515 loops=1)
        Buckets: 131072  Batches: 8  Memory Usage: 2950kB
        ->  Seq Scan on title t  (cost=0.00..67604.59 rows=439964 width=4) (actual time=0.019..1281.734 rows=437515 loops=1)
              Filter: (production_year < 1975)
              Rows Removed by Filter: 2090797
Planning time: 3.222 ms
Execution time: 17469.073 ms
