Seq Scan on movie_keyword mk  (cost=0.00..81003.12 rows=1983704 width=0) (actual time=0.021..1404.720 rows=1983286 loops=1)
  Filter: (keyword_id < 3509)
  Rows Removed by Filter: 2540644
Planning time: 0.346 ms
Execution time: 1650.303 ms
