Hash Join  (cost=100885.02..854168.79 rows=5392 width=0) (actual time=4618.168..18119.098 rows=78604 loops=1)
  Hash Cond: (ci.movie_id = t.id)
  ->  Seq Scan on cast_info ci  (cost=0.00..705507.15 rows=12726058 width=4) (actual time=2835.641..14283.511 rows=12670688 loops=1)
        Filter: (role_id = 1)
        Rows Removed by Filter: 23573656
  ->  Hash  (cost=100871.63..100871.63 rows=1071 width=8) (actual time=1782.094..1782.094 rows=6016 loops=1)
        Buckets: 8192 (originally 2048)  Batches: 1 (originally 1)  Memory Usage: 299kB
        ->  Hash Join  (cost=73950.44..100871.63 rows=1071 width=8) (actual time=1167.969..1779.780 rows=6016 loops=1)
              Hash Cond: (mi_idx.movie_id = t.id)
              ->  Seq Scan on movie_info_idx mi_idx  (cost=0.00..21735.35 rows=1380035 width=4) (actual time=0.022..340.593 rows=1380035 loops=1)
              ->  Hash  (cost=73925.90..73925.90 rows=1963 width=4) (actual time=1167.856..1167.856 rows=4514 loops=1)
                    Buckets: 8192 (originally 2048)  Batches: 1 (originally 1)  Memory Usage: 223kB
                    ->  Seq Scan on title t  (cost=0.00..73925.90 rows=1963 width=4) (actual time=310.056..1165.599 rows=4514 loops=1)
                          Filter: ((kind_id = 1) AND (production_year = 1984))
                          Rows Removed by Filter: 2523798
Planning time: 0.868 ms
Execution time: 18131.374 ms
