Nested Loop  (cost=0.43..58358.39 rows=31 width=0) (actual time=250.399..875.063 rows=108 loops=1)
  ->  Seq Scan on movie_companies mc  (cost=0.00..57926.93 rows=51 width=4) (actual time=247.357..858.627 rows=331 loops=1)
        Filter: ((company_type_id < 2) AND (company_id = 983))
        Rows Removed by Filter: 2608798
  ->  Index Scan using title_pkey on title t  (cost=0.43..8.45 rows=1 width=4) (actual time=0.048..0.049 rows=0 loops=331)
        Index Cond: (id = mc.movie_id)
        Filter: (kind_id = 7)
        Rows Removed by Filter: 1
Planning time: 0.748 ms
Execution time: 875.190 ms
