Hash Join  (cost=289026.52..933841.40 rows=13737805 width=0) (actual time=6813.390..47967.716 rows=116647545 loops=1)
  Hash Cond: (mi.movie_id = t.id)
  ->  Seq Scan on movie_info mi  (cost=0.00..309384.22 rows=14739122 width=4) (actual time=0.021..6486.388 rows=14835720 loops=1)
  ->  Hash  (cost=250360.15..250360.15 rows=2356749 width=8) (actual time=6812.104..6812.104 rows=2356172 loops=1)
        Buckets: 131072  Batches: 32  Memory Usage: 3966kB
        ->  Hash Join  (cost=102767.86..250360.15 rows=2356749 width=8) (actual time=1928.033..6102.240 rows=2356172 loops=1)
              Hash Cond: (mk.movie_id = t.id)
              ->  Seq Scan on movie_keyword mk  (cost=0.00..81003.12 rows=2356749 width=4) (actual time=0.014..1599.249 rows=2356172 loops=1)
                    Filter: (keyword_id < 5297)
                    Rows Removed by Filter: 2167758
              ->  Hash  (cost=61283.27..61283.27 rows=2528527 width=4) (actual time=1926.386..1926.386 rows=2528312 loops=1)
                    Buckets: 131072  Batches: 64  Memory Usage: 2425kB
                    ->  Seq Scan on title t  (cost=0.00..61283.27 rows=2528527 width=4) (actual time=0.012..1063.758 rows=2528312 loops=1)
Planning time: 1.187 ms
Execution time: 60926.023 ms
