Seq Scan on cast_info ci  (cost=0.00..705507.15 rows=500 width=0) (actual time=5657.788..11104.332 rows=71 loops=1)
  Filter: (person_id = 2082218)
  Rows Removed by Filter: 36244273
Planning time: 0.474 ms
Execution time: 11104.457 ms
