Seq Scan on cast_info ci  (cost=0.00..705507.15 rows=500 width=0) (actual time=396.501..10542.394 rows=1067 loops=1)
  Filter: (person_id = 1013751)
  Rows Removed by Filter: 36243277
Planning time: 0.413 ms
Execution time: 10542.635 ms
