Hash Join  (cost=193788.26..709274.07 rows=3343888 width=0) (actual time=4140.281..23757.585 rows=28985833 loops=1)
  Hash Cond: (mi.movie_id = t.id)
  ->  Seq Scan on movie_info mi  (cost=0.00..309384.22 rows=14739122 width=4) (actual time=0.016..6121.010 rows=14835720 loops=1)
  ->  Hash  (cost=184376.62..184376.62 rows=573651 width=8) (actual time=4139.459..4139.459 rows=783467 loops=1)
        Buckets: 131072 (originally 131072)  Batches: 16 (originally 8)  Memory Usage: 3073kB
        ->  Hash Join  (cost=102767.86..184376.62 rows=573651 width=8) (actual time=2199.785..3918.660 rows=783467 loops=1)
              Hash Cond: (mc.movie_id = t.id)
              ->  Seq Scan on movie_companies mc  (cost=0.00..57926.93 rows=573651 width=4) (actual time=296.455..1020.231 rows=783467 loops=1)
                    Filter: ((company_id < 9674) AND (company_type_id = 1))
                    Rows Removed by Filter: 1825662
              ->  Hash  (cost=61283.27..61283.27 rows=2528527 width=4) (actual time=1902.017..1902.017 rows=2528312 loops=1)
                    Buckets: 131072  Batches: 64  Memory Usage: 2415kB
                    ->  Seq Scan on title t  (cost=0.00..61283.27 rows=2528527 width=4) (actual time=0.023..1077.424 rows=2528312 loops=1)
Planning time: 0.796 ms
Execution time: 26769.345 ms
