Hash Join  (cost=69416.72..147911.78 rows=35090 width=134) (actual time=1160.310..2105.240 rows=36330 loops=1)
  Hash Cond: (mc.movie_id = t.id)
  ->  Seq Scan on movie_companies mc  (cost=0.00..51404.11 rows=1329612 width=40) (actual time=352.446..594.405 rows=1334883 loops=1)
        Filter: (company_type_id > 1)
        Rows Removed by Filter: 1274246
  ->  Hash  (cost=67604.59..67604.59 rows=66731 width=94) (actual time=807.540..807.540 rows=67342 loops=1)
        Buckets: 32768  Batches: 4  Memory Usage: 2132kB
        ->  Seq Scan on title t  (cost=0.00..67604.59 rows=66731 width=94) (actual time=0.031..779.415 rows=67342 loops=1)
              Filter: (production_year > 2012)
              Rows Removed by Filter: 2460970
Planning time: 0.922 ms
Execution time: 2107.508 ms
