Hash Join  (cost=135654.86..1047421.18 rows=1307026 width=0) (actual time=2668.818..24326.147 rows=2098155 loops=1)
  Hash Cond: (ci.movie_id = t.id)
  ->  Seq Scan on cast_info ci  (cost=0.00..796071.18 rows=8747969 width=4) (actual time=0.018..16075.414 rows=12670688 loops=1)
        Filter: ((person_id < 2568630) AND (role_id = 1))
        Rows Removed by Filter: 23573656
  ->  Hash  (cost=129456.55..129456.55 rows=377785 width=8) (actual time=2667.663..2667.663 rows=210393 loops=1)
        Buckets: 131072  Batches: 8  Memory Usage: 2059kB
        ->  Hash Join  (cost=85282.22..129456.55 rows=377785 width=8) (actual time=1392.348..2606.636 rows=210393 loops=1)
              Hash Cond: (mi_idx.movie_id = t.id)
              ->  Seq Scan on movie_info_idx mi_idx  (cost=0.00..21735.35 rows=1380035 width=4) (actual time=0.009..490.711 rows=1380035 loops=1)
              ->  Hash  (cost=73925.90..73925.90 rows=692185 width=4) (actual time=1390.736..1390.736 rows=596495 loops=1)
                    Buckets: 131072  Batches: 16  Memory Usage: 2332kB
                    ->  Seq Scan on title t  (cost=0.00..73925.90 rows=692185 width=4) (actual time=0.009..1203.585 rows=596495 loops=1)
                          Filter: ((production_year < 2002) AND (kind_id = 7))
                          Rows Removed by Filter: 1931817
Planning time: 0.932 ms
Execution time: 24553.635 ms
