Hash Join  (cost=114767.62..573367.18 rows=443926 width=0) (actual time=2169.590..12001.196 rows=728402 loops=1)
  Hash Cond: (mi.movie_id = t.id)
  ->  Seq Scan on movie_info mi  (cost=0.00..346232.03 rows=9293409 width=4) (actual time=0.014..6575.917 rows=9425200 loops=1)
        Filter: (info_type_id > 5)
        Rows Removed by Filter: 5410520
  ->  Hash  (cost=112785.85..112785.85 rows=120782 width=8) (actual time=2168.679..2168.679 rows=84174 loops=1)
        Buckets: 131072  Batches: 2  Memory Usage: 2671kB
        ->  Hash Join  (cost=78473.92..112785.85 rows=120782 width=8) (actual time=1362.169..2138.968 rows=84174 loops=1)
              Hash Cond: (mi_idx.movie_id = t.id)
              ->  Seq Scan on movie_info_idx mi_idx  (cost=0.00..25185.44 rows=460978 width=4) (actual time=0.023..431.900 rows=459925 loops=1)
                    Filter: (info_type_id < 100)
                    Rows Removed by Filter: 920110
              ->  Hash  (cost=67604.59..67604.59 rows=662507 width=4) (actual time=1360.483..1360.483 rows=662065 loops=1)
                    Buckets: 131072  Batches: 16  Memory Usage: 2481kB
                    ->  Seq Scan on title t  (cost=0.00..67604.59 rows=662507 width=4) (actual time=0.020..1137.180 rows=662065 loops=1)
                          Filter: (production_year > 2008)
                          Rows Removed by Filter: 1866247
Planning time: 1.245 ms
Execution time: 12086.453 ms
