Hash Join  (cost=131301.32..220221.28 rows=20221 width=0) (actual time=2442.932..4187.996 rows=6681 loops=1)
  Hash Cond: (mk.movie_id = t.id)
  ->  Seq Scan on movie_keyword mk  (cost=0.00..81003.12 rows=2057232 width=4) (actual time=0.021..1412.974 rows=2066242 loops=1)
        Filter: (keyword_id < 3664)
        Rows Removed by Filter: 2457688
  ->  Hash  (cost=130990.66..130990.66 rows=24853 width=8) (actual time=2440.389..2440.389 rows=8386 loops=1)
        Buckets: 32768  Batches: 1  Memory Usage: 584kB
        ->  Hash Join  (cost=74539.83..130990.66 rows=24853 width=8) (actual time=1316.785..2436.923 rows=8386 loops=1)
              Hash Cond: (mc.movie_id = t.id)
              ->  Seq Scan on movie_companies mc  (cost=0.00..51404.11 rows=1279517 width=4) (actual time=150.434..992.350 rows=1274246 loops=1)
                    Filter: (company_type_id < 2)
                    Rows Removed by Filter: 1334883
              ->  Hash  (cost=73925.90..73925.90 rows=49114 width=4) (actual time=1165.991..1165.991 rows=45321 loops=1)
                    Buckets: 65536  Batches: 1  Memory Usage: 2106kB
                    ->  Seq Scan on title t  (cost=0.00..73925.90 rows=49114 width=4) (actual time=0.036..1147.020 rows=45321 loops=1)
                          Filter: ((kind_id > 1) AND (production_year > 2012))
                          Rows Removed by Filter: 2482991
Planning time: 1.263 ms
Execution time: 4189.352 ms
