Hash Join  (cost=68237.77..868641.48 rows=481251 width=0) (actual time=1159.557..23069.253 rows=479035 loops=1)
  Hash Cond: (ci.movie_id = t.id)
  ->  Seq Scan on cast_info ci  (cost=0.00..705507.15 rows=24022411 width=4) (actual time=0.027..15248.802 rows=24130698 loops=1)
        Filter: (role_id < 4)
        Rows Removed by Filter: 12113646
  ->  Hash  (cost=67604.59..67604.59 rows=50655 width=4) (actual time=1159.103..1159.103 rows=50564 loops=1)
        Buckets: 65536  Batches: 1  Memory Usage: 2290kB
        ->  Seq Scan on title t  (cost=0.00..67604.59 rows=50655 width=4) (actual time=0.023..1137.593 rows=50564 loops=1)
              Filter: (production_year = 1999)
              Rows Removed by Filter: 2477748
Planning time: 0.791 ms
Execution time: 23139.998 ms
