Hash Join  (cost=183223.02..705841.52 rows=1431238 width=0) (actual time=3985.315..23553.097 rows=24286609 loops=1)
  Hash Cond: (mi.movie_id = t.id)
  ->  Seq Scan on movie_info mi  (cost=0.00..346232.03 rows=13929354 width=4) (actual time=0.012..7530.408 rows=14033580 loops=1)
        Filter: (info_type_id > 1)
        Rows Removed by Filter: 802140
  ->  Hash  (cost=178960.44..178960.44 rows=259806 width=8) (actual time=3984.431..3984.431 rows=587443 loops=1)
        Buckets: 131072 (originally 131072)  Batches: 8 (originally 4)  Memory Usage: 3972kB
        ->  Hash Join  (cost=83810.17..178960.44 rows=259806 width=8) (actual time=1867.997..3836.469 rows=587443 loops=1)
              Hash Cond: (mk.movie_id = t.id)
              ->  Seq Scan on movie_keyword mk  (cost=0.00..81003.12 rows=665088 width=4) (actual time=0.049..1367.342 rows=662192 loops=1)
                    Filter: (keyword_id < 517)
                    Rows Removed by Filter: 3861738
              ->  Hash  (cost=67604.59..67604.59 rows=987727 width=4) (actual time=1866.496..1866.496 rows=985048 loops=1)
                    Buckets: 131072  Batches: 16  Memory Usage: 3197kB
                    ->  Seq Scan on title t  (cost=0.00..67604.59 rows=987727 width=4) (actual time=0.010..1308.856 rows=985048 loops=1)
                          Filter: (kind_id < 7)
                          Rows Removed by Filter: 1543264
Planning time: 1.229 ms
Execution time: 26265.667 ms
