Hash Join  (cost=474386.37..515667.40 rows=209155 width=0) (actual time=8239.779..9473.926 rows=913964 loops=1)
  Hash Cond: (mi_idx.movie_id = t.id)
  ->  Seq Scan on movie_info_idx mi_idx  (cost=0.00..21735.35 rows=1380035 width=4) (actual time=0.008..407.841 rows=1380035 loops=1)
  ->  Hash  (cost=468099.16..468099.16 rows=383217 width=8) (actual time=8238.873..8238.873 rows=368218 loops=1)
        Buckets: 131072  Batches: 8  Memory Usage: 2837kB
        ->  Hash Join  (cost=102767.86..468099.16 rows=383217 width=8) (actual time=6364.071..8128.870 rows=368218 loops=1)
              Hash Cond: (mi.movie_id = t.id)
              ->  Seq Scan on movie_info mi  (cost=0.00..346232.03 rows=383217 width=4) (actual time=4268.505..5302.936 rows=368218 loops=1)
                    Filter: (info_type_id = 17)
                    Rows Removed by Filter: 14467502
              ->  Hash  (cost=61283.27..61283.27 rows=2528527 width=4) (actual time=2083.306..2083.306 rows=2528312 loops=1)
                    Buckets: 131072  Batches: 64  Memory Usage: 2425kB
                    ->  Seq Scan on title t  (cost=0.00..61283.27 rows=2528527 width=4) (actual time=0.016..1205.408 rows=2528312 loops=1)
Planning time: 1.166 ms
Execution time: 9577.464 ms
