Hash Join  (cost=117151.82..1178374.46 rows=2669143 width=0) (actual time=2472.987..32924.784 rows=4801694 loops=1)
  Hash Cond: (ci.movie_id = t.id)
  ->  Seq Scan on cast_info ci  (cost=0.00..614943.12 rows=36225612 width=4) (actual time=0.020..13085.776 rows=36244344 loops=1)
  ->  Hash  (cost=114095.01..114095.01 rows=186305 width=8) (actual time=2471.064..2471.064 rows=200173 loops=1)
        Buckets: 131072  Batches: 4  Memory Usage: 2980kB
        ->  Hash Join  (cost=73205.47..114095.01 rows=186305 width=8) (actual time=1224.800..2409.300 rows=200173 loops=1)
              Hash Cond: (mi_idx.movie_id = t.id)
              ->  Seq Scan on movie_info_idx mi_idx  (cost=0.00..21735.35 rows=1380035 width=4) (actual time=0.022..475.226 rows=1380035 loops=1)
              ->  Hash  (cost=67604.59..67604.59 rows=341351 width=4) (actual time=1223.910..1223.910 rows=337846 loops=1)
                    Buckets: 131072  Batches: 8  Memory Usage: 2501kB
                    ->  Seq Scan on title t  (cost=0.00..67604.59 rows=341351 width=4) (actual time=0.019..1108.027 rows=337846 loops=1)
                          Filter: (production_year < 1968)
                          Rows Removed by Filter: 2190466
Planning time: 4.137 ms
Execution time: 33460.315 ms
