Hash Join  (cost=83074.74..447745.01 rows=1434 width=181) (actual time=1147.250..6540.034 rows=37265 loops=1)
  Hash Cond: (mi.movie_id = t.id)
  ->  Seq Scan on movie_info mi  (cost=0.00..309384.22 rows=14739122 width=75) (actual time=0.025..2700.937 rows=14835720 loops=1)
  ->  Hash  (cost=83071.67..83071.67 rows=246 width=106) (actual time=1146.360..1146.360 rows=851 loops=1)
        Buckets: 1024  Batches: 1  Memory Usage: 113kB
        ->  Nested Loop  (cost=0.43..83071.67 rows=246 width=106) (actual time=2.730..1145.308 rows=851 loops=1)
              ->  Seq Scan on movie_keyword mk  (cost=0.00..81003.12 rows=246 width=12) (actual time=2.691..1111.133 rows=851 loops=1)
                    Filter: (keyword_id = 384)
                    Rows Removed by Filter: 4523079
              ->  Index Scan using title_pkey on title t  (cost=0.43..8.40 rows=1 width=94) (actual time=0.038..0.038 rows=1 loops=851)
                    Index Cond: (id = mk.movie_id)
Planning time: 1.365 ms
Execution time: 6542.204 ms
