Seq Scan on movie_keyword mk  (cost=0.00..81003.12 rows=1555008 width=0) (actual time=0.026..1357.052 rows=1558888 loops=1)
  Filter: (keyword_id < 2337)
  Rows Removed by Filter: 2965042
Planning time: 0.356 ms
Execution time: 1556.381 ms
