Hash Join  (cost=174005.63..658672.56 rows=455500 width=0) (actual time=3208.324..14010.777 rows=729526 loops=1)
  Hash Cond: (mi.movie_id = t.id)
  ->  Seq Scan on movie_info mi  (cost=0.00..309384.22 rows=14739122 width=4) (actual time=0.012..5664.791 rows=14835720 loops=1)
  ->  Hash  (cost=172722.85..172722.85 rows=78142 width=8) (actual time=3207.487..3207.487 rows=42711 loops=1)
        Buckets: 131072  Batches: 2  Memory Usage: 1861kB
        ->  Hash Join  (cost=69378.77..172722.85 rows=78142 width=8) (actual time=1193.590..3190.328 rows=42711 loops=1)
              Hash Cond: (mk.movie_id = t.id)
              ->  Seq Scan on movie_keyword mk  (cost=0.00..81003.12 rows=1827876 width=4) (actual time=0.014..1437.786 rows=1834582 loops=1)
                    Filter: (keyword_id < 3028)
                    Rows Removed by Filter: 2689348
              ->  Hash  (cost=67604.59..67604.59 rows=108095 width=4) (actual time=931.449..931.449 rows=109742 loops=1)
                    Buckets: 131072  Batches: 2  Memory Usage: 2954kB
                    ->  Seq Scan on title t  (cost=0.00..67604.59 rows=108095 width=4) (actual time=165.203..892.372 rows=109742 loops=1)
                          Filter: (production_year < 1928)
                          Rows Removed by Filter: 2418570
Planning time: 1.191 ms
Execution time: 14101.314 ms
