Hash Join  (cost=83074.16..137741.23 rows=155 width=0) (actual time=1655.153..2455.435 rows=931 loops=1)
  Hash Cond: (mc.movie_id = t.id)
  ->  Seq Scan on movie_companies mc  (cost=0.00..44881.29 rows=2609129 width=4) (actual time=0.015..669.318 rows=2609129 loops=1)
  ->  Hash  (cost=83072.29..83072.29 rows=150 width=8) (actual time=1324.187..1324.187 rows=253 loops=1)
        Buckets: 1024  Batches: 1  Memory Usage: 18kB
        ->  Nested Loop  (cost=0.43..83072.29 rows=150 width=8) (actual time=355.113..1324.012 rows=253 loops=1)
              ->  Seq Scan on movie_keyword mk  (cost=0.00..81003.12 rows=246 width=4) (actual time=0.057..1260.561 rows=1556 loops=1)
                    Filter: (keyword_id = 1150)
                    Rows Removed by Filter: 4522374
              ->  Index Scan using title_pkey on title t  (cost=0.43..8.40 rows=1 width=4) (actual time=0.040..0.040 rows=0 loops=1556)
                    Index Cond: (id = mk.movie_id)
                    Filter: (kind_id = 7)
                    Rows Removed by Filter: 1
Planning time: 1.118 ms
Execution time: 2455.719 ms
