Hash Join  (cost=117073.09..240943.70 rows=153358 width=0) (actual time=2386.682..6525.617 rows=2291671 loops=1)
  Hash Cond: (mk.movie_id = t.id)
  ->  Seq Scan on movie_keyword mk  (cost=0.00..69693.30 rows=4523930 width=4) (actual time=0.031..1380.075 rows=4523930 loops=1)
  ->  Hash  (cost=115666.65..115666.65 rows=85715 width=8) (actual time=2385.738..2385.738 rows=188737 loops=1)
        Buckets: 131072 (originally 131072)  Batches: 4 (originally 2)  Memory Usage: 3073kB
        ->  Hash Join  (cost=76503.02..115666.65 rows=85715 width=8) (actual time=1214.926..2321.130 rows=188737 loops=1)
              Hash Cond: (mi_idx.movie_id = t.id)
              ->  Seq Scan on movie_info_idx mi_idx  (cost=0.00..21735.35 rows=1380035 width=4) (actual time=0.021..456.845 rows=1380035 loops=1)
              ->  Hash  (cost=73925.90..73925.90 rows=157049 width=4) (actual time=1214.202..1214.202 rows=258048 loops=1)
                    Buckets: 131072  Batches: 4  Memory Usage: 3295kB
                    ->  Seq Scan on title t  (cost=0.00..73925.90 rows=157049 width=4) (actual time=0.008..1132.046 rows=258048 loops=1)
                          Filter: ((kind_id < 7) AND (production_year < 1972))
                          Rows Removed by Filter: 2270264
Planning time: 2.718 ms
Execution time: 6802.871 ms
