Hash Join  (cost=73950.59..128636.50 rows=2038 width=0) (actual time=1002.662..2045.611 rows=1761 loops=1)
  Hash Cond: (mc.movie_id = t.id)
  ->  Seq Scan on movie_companies mc  (cost=0.00..44881.29 rows=2609129 width=4) (actual time=0.012..591.945 rows=2609129 loops=1)
  ->  Hash  (cost=73925.90..73925.90 rows=1975 width=4) (actual time=947.274..947.274 rows=1036 loops=1)
        Buckets: 2048  Batches: 1  Memory Usage: 53kB
        ->  Seq Scan on title t  (cost=0.00..73925.90 rows=1975 width=4) (actual time=277.661..946.636 rows=1036 loops=1)
              Filter: ((kind_id < 7) AND (production_year < 1897))
              Rows Removed by Filter: 2527276
Planning time: 0.805 ms
Execution time: 2046.083 ms
