Seq Scan on cast_info ci  (cost=0.00..796071.18 rows=23813857 width=0) (actual time=0.018..15894.927 rows=23217686 loops=1)
  Filter: ((person_id > 862936) AND (role_id < 10))
  Rows Removed by Filter: 13026658
Planning time: 0.426 ms
Execution time: 18705.424 ms
