Hash Join  (cost=844473.77..1060829.70 rows=1710503 width=0) (actual time=23408.951..27306.414 rows=1898649 loops=1)
  Hash Cond: (mk.movie_id = t.id)
  ->  Seq Scan on movie_keyword mk  (cost=0.00..69693.30 rows=4523930 width=4) (actual time=0.021..1502.094 rows=4523930 loops=1)
  ->  Hash  (cost=828788.28..828788.28 rows=956039 width=8) (actual time=23406.561..23406.561 rows=986696 loops=1)
        Buckets: 131072  Batches: 16  Memory Usage: 3426kB
        ->  Hash Join  (cost=68438.72..828788.28 rows=956039 width=8) (actual time=1143.183..22701.390 rows=986696 loops=1)
              Hash Cond: (ci.movie_id = t.id)
              ->  Seq Scan on cast_info ci  (cost=0.00..614943.12 rows=36225612 width=4) (actual time=0.020..9451.319 rows=36244344 loops=1)
              ->  Hash  (cost=67604.59..67604.59 rows=66731 width=4) (actual time=1142.509..1142.509 rows=67342 loops=1)
                    Buckets: 131072  Batches: 1  Memory Usage: 3392kB
                    ->  Seq Scan on title t  (cost=0.00..67604.59 rows=66731 width=4) (actual time=0.019..1114.614 rows=67342 loops=1)
                          Filter: (production_year > 2012)
                          Rows Removed by Filter: 2460970
Planning time: 0.985 ms
Execution time: 27520.112 ms
