Hash Join  (cost=67737.34..94670.80 rows=1936 width=0) (actual time=937.928..1430.166 rows=1546 loops=1)
  Hash Cond: (mi_idx.movie_id = t.id)
  ->  Seq Scan on movie_info_idx mi_idx  (cost=0.00..25185.44 rows=460978 width=4) (actual time=0.020..408.965 rows=459925 loops=1)
        Filter: (info_type_id < 100)
        Rows Removed by Filter: 920110
  ->  Hash  (cost=67604.59..67604.59 rows=10620 width=4) (actual time=932.136..932.136 rows=9435 loops=1)
        Buckets: 16384  Batches: 1  Memory Usage: 460kB
        ->  Seq Scan on title t  (cost=0.00..67604.59 rows=10620 width=4) (actual time=167.069..928.064 rows=9435 loops=1)
              Filter: (production_year < 1902)
              Rows Removed by Filter: 2518877
Planning time: 0.746 ms
Execution time: 1430.558 ms
