Hash Join  (cost=77561.16..149203.30 rows=307084 width=0) (actual time=1385.665..3192.780 rows=496211 loops=1)
  Hash Cond: (mc.movie_id = t.id)
  ->  Seq Scan on movie_companies mc  (cost=0.00..51404.11 rows=1279517 width=4) (actual time=0.028..956.019 rows=1274246 loops=1)
        Filter: (company_type_id = 1)
        Rows Removed by Filter: 1334883
  ->  Hash  (cost=67604.59..67604.59 rows=606846 width=4) (actual time=1384.612..1384.612 rows=603411 loops=1)
        Buckets: 131072  Batches: 8  Memory Usage: 3668kB
        ->  Seq Scan on title t  (cost=0.00..67604.59 rows=606846 width=4) (actual time=0.032..1194.995 rows=603411 loops=1)
              Filter: (production_year < 1986)
              Rows Removed by Filter: 1924901
Planning time: 0.673 ms
Execution time: 3249.258 ms
