Hash Join  (cost=127435.59..492118.92 rows=2740 width=0) (actual time=1890.763..9150.288 rows=2865 loops=1)
  Hash Cond: (mi.movie_id = t.id)
  ->  Seq Scan on movie_info mi  (cost=0.00..309384.22 rows=14739122 width=4) (actual time=0.012..4466.433 rows=14835720 loops=1)
  ->  Hash  (cost=127429.71..127429.71 rows=470 width=8) (actual time=1888.397..1888.397 rows=278 loops=1)
        Buckets: 1024  Batches: 1  Memory Usage: 19kB
        ->  Hash Join  (cost=69002.72..127429.71 rows=470 width=8) (actual time=1097.144..1888.196 rows=278 loops=1)
              Hash Cond: (mc.movie_id = t.id)
              ->  Seq Scan on movie_companies mc  (cost=0.00..57926.93 rows=13961 width=4) (actual time=85.237..859.779 rows=14470 loops=1)
                    Filter: ((company_id = 27) AND (company_type_id = 2))
                    Rows Removed by Filter: 2594659
              ->  Hash  (cost=67604.59..67604.59 rows=85211 width=4) (actual time=1010.013..1010.013 rows=84593 loops=1)
                    Buckets: 131072  Batches: 2  Memory Usage: 2518kB
                    ->  Seq Scan on title t  (cost=0.00..67604.59 rows=85211 width=4) (actual time=0.027..976.577 rows=84593 loops=1)
                          Filter: (production_year = 2004)
                          Rows Removed by Filter: 2443719
Planning time: 1.732 ms
Execution time: 9151.674 ms
