Hash Join  (cost=83074.74..867044.94 rows=2035 width=0) (actual time=1494.470..18047.967 rows=43322 loops=1)
  Hash Cond: (ci.movie_id = t.id)
  ->  Seq Scan on cast_info ci  (cost=0.00..705507.15 rows=20918053 width=4) (actual time=0.022..12773.811 rows=20795593 loops=1)
        Filter: (person_id < 2095053)
        Rows Removed by Filter: 15448751
  ->  Hash  (cost=83071.67..83071.67 rows=246 width=8) (actual time=1488.946..1488.946 rows=1503 loops=1)
        Buckets: 2048 (originally 1024)  Batches: 1 (originally 1)  Memory Usage: 75kB
        ->  Nested Loop  (cost=0.43..83071.67 rows=246 width=8) (actual time=2.125..1487.735 rows=1503 loops=1)
              ->  Seq Scan on movie_keyword mk  (cost=0.00..81003.12 rows=246 width=4) (actual time=2.063..1390.660 rows=1503 loops=1)
                    Filter: (keyword_id = 545)
                    Rows Removed by Filter: 4522427
              ->  Index Only Scan using title_pkey on title t  (cost=0.43..8.40 rows=1 width=4) (actual time=0.063..0.063 rows=1 loops=1503)
                    Index Cond: (id = mk.movie_id)
                    Heap Fetches: 1503
Planning time: 1.180 ms
Execution time: 18058.229 ms
