Nested Loop  (cost=0.43..52283.69 rows=104 width=0) (actual time=0.310..810.034 rows=556 loops=1)
  ->  Seq Scan on movie_companies mc  (cost=0.00..51404.11 rows=104 width=4) (actual time=0.237..794.547 rows=556 loops=1)
        Filter: (company_id = 3831)
        Rows Removed by Filter: 2608573
  ->  Index Only Scan using title_pkey on title t  (cost=0.43..8.45 rows=1 width=4) (actual time=0.026..0.026 rows=1 loops=556)
        Index Cond: (id = mc.movie_id)
        Heap Fetches: 556
Planning time: 8.121 ms
Execution time: 810.301 ms
