Hash Join  (cost=87428.23..164905.98 rows=358797 width=0) (actual time=2047.002..3448.302 rows=185878 loops=1)
  Hash Cond: (mc.movie_id = t.id)
  ->  Seq Scan on movie_companies mc  (cost=0.00..57926.93 rows=1102360 width=4) (actual time=0.028..1143.193 rows=1274246 loops=1)
        Filter: ((company_id < 86280) AND (company_type_id = 1))
        Rows Removed by Filter: 1334883
  ->  Hash  (cost=73925.90..73925.90 rows=822986 width=4) (actual time=1503.527..1503.527 rows=738761 loops=1)
        Buckets: 131072  Batches: 16  Memory Usage: 2648kB
        ->  Seq Scan on title t  (cost=0.00..73925.90 rows=822986 width=4) (actual time=103.571..1266.455 rows=738761 loops=1)
              Filter: ((production_year < 2005) AND (kind_id = 7))
              Rows Removed by Filter: 1789551
Planning time: 0.787 ms
Execution time: 3471.677 ms
