Hash Join  (cost=137849.68..937000.76 rows=528250 width=0) (actual time=2531.926..21124.657 rows=992204 loops=1)
  Hash Cond: (ci.movie_id = t.id)
  ->  Seq Scan on cast_info ci  (cost=0.00..705507.15 rows=23563048 width=4) (actual time=0.132..11783.057 rows=23635176 loops=1)
        Filter: (person_id > 1244006)
        Rows Removed by Filter: 12609168
  ->  Hash  (cost=137141.10..137141.10 rows=56686 width=8) (actual time=2530.755..2530.755 rows=48291 loops=1)
        Buckets: 65536  Batches: 1  Memory Usage: 2399kB
        ->  Hash Join  (cost=69374.09..137141.10 rows=56686 width=8) (actual time=1149.932..2514.148 rows=48291 loops=1)
              Hash Cond: (mc.movie_id = t.id)
              ->  Seq Scan on movie_companies mc  (cost=0.00..51404.11 rows=1329612 width=4) (actual time=0.035..889.459 rows=1334883 loops=1)
                    Filter: (company_type_id = 2)
                    Rows Removed by Filter: 1274246
              ->  Hash  (cost=67604.59..67604.59 rows=107800 width=4) (actual time=1149.122..1149.122 rows=108429 loops=1)
                    Buckets: 131072  Batches: 2  Memory Usage: 2931kB
                    ->  Seq Scan on title t  (cost=0.00..67604.59 rows=107800 width=4) (actual time=0.021..1107.728 rows=108429 loops=1)
                          Filter: (production_year = 2006)
                          Rows Removed by Filter: 2419883
Planning time: 5.584 ms
Execution time: 21254.815 ms
