Hash Join  (cost=58375.52..423031.80 rows=35 width=0) (actual time=1161.854..8019.869 rows=11 loops=1)
  Hash Cond: (mi.movie_id = t.id)
  ->  Seq Scan on movie_info mi  (cost=0.00..309384.22 rows=14739122 width=4) (actual time=0.022..4427.929 rows=14835720 loops=1)
  ->  Hash  (cost=58375.45..58375.45 rows=6 width=8) (actual time=916.871..916.871 rows=2 loops=1)
        Buckets: 1024  Batches: 1  Memory Usage: 9kB
        ->  Nested Loop  (cost=0.43..58375.45 rows=6 width=8) (actual time=331.949..916.858 rows=2 loops=1)
              ->  Seq Scan on movie_companies mc  (cost=0.00..57926.93 rows=53 width=4) (actual time=246.639..916.007 rows=18 loops=1)
                    Filter: ((company_type_id > 1) AND (company_id = 607))
                    Rows Removed by Filter: 2609111
              ->  Index Scan using title_pkey on title t  (cost=0.43..8.45 rows=1 width=4) (actual time=0.043..0.043 rows=0 loops=18)
                    Index Cond: (id = mc.movie_id)
                    Filter: ((kind_id > 1) AND (production_year > 2010))
                    Rows Removed by Filter: 1
Planning time: 1.217 ms
Execution time: 8020.037 ms
