Seq Scan on cast_info ci  (cost=0.00..705507.15 rows=35519522 width=0) (actual time=0.021..13420.407 rows=35507293 loops=1)
  Filter: (person_id < 3920731)
  Rows Removed by Filter: 737051
Planning time: 0.326 ms
Execution time: 17729.026 ms
