Hash Join  (cost=215833.08..1105769.46 rows=2705261 width=0) (actual time=4827.725..26349.059 rows=12503118 loops=1)
  Hash Cond: (ci.movie_id = t.id)
  ->  Seq Scan on cast_info ci  (cost=0.00..796071.18 rows=5346022 width=4) (actual time=0.045..13264.699 rows=8200201 loops=1)
        Filter: ((person_id > 2862180) AND (role_id > 1))
        Rows Removed by Filter: 28044143
  ->  Hash  (cost=194840.12..194840.12 rows=1279517 width=8) (actual time=4826.565..4826.565 rows=1274246 loops=1)
        Buckets: 131072  Batches: 32  Memory Usage: 2553kB
        ->  Hash Join  (cost=102767.86..194840.12 rows=1279517 width=8) (actual time=2081.479..4467.523 rows=1274246 loops=1)
              Hash Cond: (mc.movie_id = t.id)
              ->  Seq Scan on movie_companies mc  (cost=0.00..51404.11 rows=1279517 width=4) (actual time=119.634..1000.486 rows=1274246 loops=1)
                    Filter: (company_type_id < 2)
                    Rows Removed by Filter: 1334883
              ->  Hash  (cost=61283.27..61283.27 rows=2528527 width=4) (actual time=1960.658..1960.658 rows=2528312 loops=1)
                    Buckets: 131072  Batches: 64  Memory Usage: 2415kB
                    ->  Seq Scan on title t  (cost=0.00..61283.27 rows=2528527 width=4) (actual time=0.024..1009.418 rows=2528312 loops=1)
Planning time: 1.152 ms
Execution time: 27794.046 ms
