Hash Join  (cost=83074.74..137742.81 rows=254 width=146) (actual time=1010.875..1960.206 rows=202 loops=1)
  Hash Cond: (mc.movie_id = t.id)
  ->  Seq Scan on movie_companies mc  (cost=0.00..44881.29 rows=2609129 width=40) (actual time=0.028..466.781 rows=2609129 loops=1)
  ->  Hash  (cost=83071.67..83071.67 rows=246 width=106) (actual time=1010.133..1010.133 rows=27 loops=1)
        Buckets: 1024  Batches: 1  Memory Usage: 12kB
        ->  Nested Loop  (cost=0.43..83071.67 rows=246 width=106) (actual time=118.127..1010.048 rows=27 loops=1)
              ->  Seq Scan on movie_keyword mk  (cost=0.00..81003.12 rows=246 width=12) (actual time=118.073..1008.781 rows=27 loops=1)
                    Filter: (keyword_id = 36572)
                    Rows Removed by Filter: 4523903
              ->  Index Scan using title_pkey on title t  (cost=0.43..8.40 rows=1 width=94) (actual time=0.040..0.041 rows=1 loops=27)
                    Index Cond: (id = mk.movie_id)
Planning time: 1.449 ms
Execution time: 1960.362 ms
