Seq Scan on movie_companies mc  (cost=0.00..57926.93 rows=1116256 width=0) (actual time=136.992..1132.037 rows=1014345 loops=1)
  Filter: ((company_id > 160) AND (company_type_id = 1))
  Rows Removed by Filter: 1594784
Planning time: 0.410 ms
Execution time: 1258.598 ms
