Seq Scan on title t  (cost=0.00..73925.90 rows=973225 width=94) (actual time=0.013..758.251 rows=1057588 loops=1)
  Filter: ((kind_id > 1) AND (production_year > 2001))
  Rows Removed by Filter: 1470724
Planning time: 0.506 ms
Execution time: 806.080 ms
