Seq Scan on cast_info ci  (cost=0.00..796071.18 rows=2940300 width=0) (actual time=5835.564..12924.122 rows=1452562 loops=1)
  Filter: ((person_id < 1217071) AND (role_id > 5))
  Rows Removed by Filter: 34791782
Planning time: 0.373 ms
Execution time: 13114.487 ms
