Hash Join  (cost=142708.74..659086.80 rows=3427511 width=0) (actual time=3145.666..19725.155 rows=11511367 loops=1)
  Hash Cond: (mi.movie_id = t.id)
  ->  Seq Scan on movie_info mi  (cost=0.00..309384.22 rows=14739122 width=4) (actual time=0.031..6119.236 rows=14835720 loops=1)
  ->  Hash  (cost=133061.78..133061.78 rows=587997 width=8) (actual time=3144.732..3144.732 rows=715839 loops=1)
        Buckets: 131072 (originally 131072)  Batches: 16 (originally 8)  Memory Usage: 3073kB
        ->  Hash Join  (cost=85280.32..133061.78 rows=587997 width=8) (actual time=1561.769..2948.961 rows=715839 loops=1)
              Hash Cond: (mi_idx.movie_id = t.id)
              ->  Seq Scan on movie_info_idx mi_idx  (cost=0.00..21735.35 rows=1380035 width=4) (actual time=0.015..423.466 rows=1380035 loops=1)
              ->  Hash  (cost=67604.59..67604.59 rows=1077339 width=4) (actual time=1560.767..1560.767 rows=1074765 loops=1)
                    Buckets: 131072  Batches: 16  Memory Usage: 3388kB
                    ->  Seq Scan on title t  (cost=0.00..67604.59 rows=1077339 width=4) (actual time=0.032..1225.958 rows=1074765 loops=1)
                          Filter: (production_year < 2001)
                          Rows Removed by Filter: 1453547
Planning time: 1.089 ms
Execution time: 21099.625 ms
