Hash Join  (cost=525109.82..627168.96 rows=1722619 width=0) (actual time=10335.473..17200.753 rows=18824416 loops=1)
  Hash Cond: (mc.movie_id = t.id)
  ->  Seq Scan on movie_companies mc  (cost=0.00..44881.29 rows=2609129 width=4) (actual time=0.023..913.564 rows=2609129 loops=1)
  ->  Hash  (cost=497720.27..497720.27 rows=1669404 width=8) (actual time=10334.431..10334.431 rows=1875206 loops=1)
        Buckets: 131072  Batches: 32  Memory Usage: 3170kB
        ->  Hash Join  (cost=99161.12..497720.27 rows=1669404 width=8) (actual time=2332.324..9818.853 rows=1875206 loops=1)
              Hash Cond: (mi.movie_id = t.id)
              ->  Seq Scan on movie_info mi  (cost=0.00..346232.03 rows=2194617 width=4) (actual time=418.036..5655.486 rows=2233850 loops=1)
                    Filter: (info_type_id > 16)
                    Rows Removed by Filter: 12601870
              ->  Hash  (cost=67604.59..67604.59 rows=1923403 width=4) (actual time=1884.929..1884.929 rows=1922849 loops=1)
                    Buckets: 131072  Batches: 32  Memory Usage: 3141kB
                    ->  Seq Scan on title t  (cost=0.00..67604.59 rows=1923403 width=4) (actual time=0.019..1227.022 rows=1922849 loops=1)
                          Filter: (production_year < 2010)
                          Rows Removed by Filter: 605463
Planning time: 1.156 ms
Execution time: 19098.450 ms
