Hash Join  (cost=72583.38..151949.85 rows=313095 width=0) (actual time=1250.996..3393.140 rows=561739 loops=1)
  Hash Cond: (mc.movie_id = t.id)
  ->  Seq Scan on movie_companies mc  (cost=0.00..44881.29 rows=2609129 width=4) (actual time=0.018..866.445 rows=2609129 loops=1)
  ->  Hash  (cost=67604.59..67604.59 rows=303423 width=4) (actual time=1250.174..1250.174 rows=296471 loops=1)
        Buckets: 131072  Batches: 4  Memory Usage: 3625kB
        ->  Seq Scan on title t  (cost=0.00..67604.59 rows=303423 width=4) (actual time=0.024..1152.622 rows=296471 loops=1)
              Filter: (production_year < 1965)
              Rows Removed by Filter: 2231841
Planning time: 3.956 ms
Execution time: 3459.727 ms
