Seq Scan on movie_info mi  (cost=0.00..346232.03 rows=839833 width=0) (actual time=0.020..5165.090 rows=885922 loops=1)
  Filter: (info_type_id > 96)
  Rows Removed by Filter: 13949798
Planning time: 0.348 ms
Execution time: 5287.660 ms
