Seq Scan on cast_info ci  (cost=0.00..796071.18 rows=64 width=0) (actual time=8912.316..13186.641 rows=2 loops=1)
  Filter: ((role_id > 9) AND (person_id = 3783780))
  Rows Removed by Filter: 36244342
Planning time: 0.409 ms
Execution time: 13186.749 ms
