Hash Join  (cost=102767.86..171877.20 rows=54179 width=0) (actual time=2457.833..3319.114 rows=106746 loops=1)
  Hash Cond: (mc.movie_id = t.id)
  ->  Seq Scan on movie_companies mc  (cost=0.00..57926.93 rows=54179 width=4) (actual time=566.611..948.433 rows=106746 loops=1)
        Filter: ((company_id > 153678) AND (company_type_id = 2))
        Rows Removed by Filter: 2502383
  ->  Hash  (cost=61283.27..61283.27 rows=2528527 width=4) (actual time=1888.749..1888.749 rows=2528312 loops=1)
        Buckets: 131072  Batches: 64  Memory Usage: 2415kB
        ->  Seq Scan on title t  (cost=0.00..61283.27 rows=2528527 width=4) (actual time=0.033..1052.857 rows=2528312 loops=1)
Planning time: 0.772 ms
Execution time: 3333.027 ms
