Seq Scan on movie_keyword mk  (cost=0.00..81003.12 rows=246 width=0) (actual time=37.575..1418.426 rows=84 loops=1)
  Filter: (keyword_id = 35734)
  Rows Removed by Filter: 4523846
Planning time: 3.084 ms
Execution time: 1418.589 ms
