Hash Join  (cost=69928.56..1075320.70 rows=1382762 width=0) (actual time=1151.034..25853.036 rows=1640315 loops=1)
  Hash Cond: (ci.movie_id = t.id)
  ->  Seq Scan on cast_info ci  (cost=0.00..705507.15 rows=24692098 width=4) (actual time=0.020..14902.931 rows=24794370 loops=1)
        Filter: (person_id > 1124793)
        Rows Removed by Filter: 11449974
  ->  Hash  (cost=67604.59..67604.59 rows=141598 width=4) (actual time=1150.333..1150.333 rows=141703 loops=1)
        Buckets: 131072  Batches: 2  Memory Usage: 3511kB
        ->  Seq Scan on title t  (cost=0.00..67604.59 rows=141598 width=4) (actual time=0.018..1098.345 rows=141703 loops=1)
              Filter: (production_year = 2010)
              Rows Removed by Filter: 2386609
Planning time: 1.542 ms
Execution time: 26045.456 ms
