Seq Scan on movie_keyword mk  (cost=0.00..81003.12 rows=3259780 width=0) (actual time=0.012..1552.761 rows=3247235 loops=1)
  Filter: (keyword_id > 1633)
  Rows Removed by Filter: 1276695
Planning time: 0.331 ms
Execution time: 1961.006 ms
