Seq Scan on movie_keyword mk  (cost=0.00..81003.12 rows=94578 width=0) (actual time=0.030..1317.228 rows=104458 loops=1)
  Filter: (keyword_id < 107)
  Rows Removed by Filter: 4419472
Planning time: 0.312 ms
Execution time: 1332.637 ms
