Hash Join  (cost=136662.72..277298.67 rows=832596 width=0) (actual time=3184.107..7375.301 rows=2021531 loops=1)
  Hash Cond: (mk.movie_id = t.id)
  ->  Seq Scan on movie_keyword mk  (cost=0.00..81003.12 rows=4270629 width=4) (actual time=0.022..1853.977 rows=4272946 loops=1)
        Filter: (keyword_id < 60335)
        Rows Removed by Filter: 250984
  ->  Hash  (cost=128574.75..128574.75 rows=492958 width=8) (actual time=3180.027..3180.027 rows=369173 loops=1)
        Buckets: 131072  Batches: 8  Memory Usage: 2820kB
        ->  Hash Join  (cost=82423.69..128574.75 rows=492958 width=8) (actual time=1768.575..3072.055 rows=369173 loops=1)
              Hash Cond: (mi_idx.movie_id = t.id)
              ->  Seq Scan on movie_info_idx mi_idx  (cost=0.00..21735.35 rows=1380035 width=4) (actual time=0.020..447.358 rows=1380035 loops=1)
              ->  Hash  (cost=67604.59..67604.59 rows=903208 width=4) (actual time=1767.448..1767.448 rows=904491 loops=1)
                    Buckets: 131072  Batches: 16  Memory Usage: 3010kB
                    ->  Seq Scan on title t  (cost=0.00..67604.59 rows=903208 width=4) (actual time=0.012..1232.615 rows=904491 loops=1)
                          Filter: (production_year > 2006)
                          Rows Removed by Filter: 1623821
Planning time: 2.627 ms
Execution time: 7592.151 ms
