Hash Join  (cost=58375.57..441234.34 rows=39 width=0) (actual time=923.801..8363.331 rows=344 loops=1)
  Hash Cond: (mi.movie_id = t.id)
  ->  Seq Scan on movie_info mi  (cost=0.00..346232.03 rows=9767026 width=4) (actual time=0.026..6095.467 rows=9911754 loops=1)
        Filter: (info_type_id > 4)
        Rows Removed by Filter: 4923966
  ->  Hash  (cost=58375.45..58375.45 rows=10 width=8) (actual time=920.619..920.619 rows=41 loops=1)
        Buckets: 1024  Batches: 1  Memory Usage: 10kB
        ->  Nested Loop  (cost=0.43..58375.45 rows=10 width=8) (actual time=12.624..920.557 rows=41 loops=1)
              ->  Seq Scan on movie_companies mc  (cost=0.00..57926.93 rows=53 width=4) (actual time=0.327..909.839 rows=197 loops=1)
                    Filter: ((company_id = 125) AND (company_type_id = 2))
                    Rows Removed by Filter: 2608932
              ->  Index Scan using title_pkey on title t  (cost=0.43..8.45 rows=1 width=4) (actual time=0.053..0.053 rows=0 loops=197)
                    Index Cond: (id = mc.movie_id)
                    Filter: ((kind_id < 4) AND (production_year < 2005))
                    Rows Removed by Filter: 1
Planning time: 1.170 ms
Execution time: 8363.704 ms
