Hash Join  (cost=366809.30..1336797.63 rows=6670160 width=148) (actual time=9915.797..27148.514 rows=27627612 loops=1)
  Hash Cond: (ci.movie_id = t.id)
  ->  Seq Scan on cast_info ci  (cost=0.00..705507.15 rows=6984117 width=42) (actual time=0.474..7510.316 rows=6917806 loops=1)
        Filter: (person_id < 668833)
        Rows Removed by Filter: 29326538
  ->  Hash  (cost=296532.52..296532.52 rows=2414862 width=106) (actual time=8433.831..8433.831 rows=2931222 loops=1)
        Buckets: 32768  Batches: 128  Memory Usage: 3186kB
        ->  Hash Join  (cost=112901.31..296532.52 rows=2414862 width=106) (actual time=1658.562..6759.713 rows=2931222 loops=1)
              Hash Cond: (mk.movie_id = t.id)
              ->  Seq Scan on movie_keyword mk  (cost=0.00..81003.12 rows=3659693 width=12) (actual time=0.018..1251.726 rows=3649450 loops=1)
                    Filter: (keyword_id < 21135)
                    Rows Removed by Filter: 874480
              ->  Hash  (cost=67604.59..67604.59 rows=1668458 width=94) (actual time=1657.001..1657.001 rows=1671292 loops=1)
                    Buckets: 32768  Batches: 64  Memory Usage: 3190kB
                    ->  Seq Scan on title t  (cost=0.00..67604.59 rows=1668458 width=94) (actual time=0.017..950.251 rows=1671292 loops=1)
                          Filter: (production_year < 2008)
                          Rows Removed by Filter: 857020
Planning time: 0.913 ms
Execution time: 28090.105 ms
