Seq Scan on movie_companies mc  (cost=0.00..57926.93 rows=51 width=0) (actual time=343.013..787.479 rows=8 loops=1)
  Filter: ((company_id = 17745) AND (company_type_id = 1))
  Rows Removed by Filter: 2609121
Planning time: 0.363 ms
Execution time: 787.561 ms
