Hash Join  (cost=86221.37..130931.95 rows=409010 width=0) (actual time=1504.339..2720.248 rows=254001 loops=1)
  Hash Cond: (mi_idx.movie_id = t.id)
  ->  Seq Scan on movie_info_idx mi_idx  (cost=0.00..21735.35 rows=1380035 width=4) (actual time=0.018..473.266 rows=1380035 loops=1)
  ->  Hash  (cost=73925.90..73925.90 rows=749397 width=4) (actual time=1502.392..1502.392 rows=638661 loops=1)
        Buckets: 131072  Batches: 16  Memory Usage: 2427kB
        ->  Seq Scan on title t  (cost=0.00..73925.90 rows=749397 width=4) (actual time=0.015..1298.061 rows=638661 loops=1)
              Filter: ((kind_id > 3) AND (production_year < 2002))
              Rows Removed by Filter: 1889651
Planning time: 0.920 ms
Execution time: 2745.857 ms
