Seq Scan on movie_keyword mk  (cost=0.00..81003.12 rows=4158587 width=0) (actual time=0.026..1527.901 rows=4161233 loops=1)
  Filter: (keyword_id < 46120)
  Rows Removed by Filter: 362697
Planning time: 0.358 ms
Execution time: 2026.601 ms
