Seq Scan on movie_keyword mk  (cost=0.00..81003.12 rows=246 width=0) (actual time=0.148..1104.650 rows=2212 loops=1)
  Filter: (keyword_id = 2560)
  Rows Removed by Filter: 4521718
Planning time: 0.386 ms
Execution time: 1105.308 ms
