Hash Join  (cost=119822.12..318902.77 rows=3441269 width=106) (actual time=932.706..3804.614 rows=4024094 loops=1)
  Hash Cond: (mk.movie_id = t.id)
  ->  Seq Scan on movie_keyword mk  (cost=0.00..69693.30 rows=4523930 width=12) (actual time=0.009..452.721 rows=4523930 loops=1)
  ->  Hash  (cost=67604.59..67604.59 rows=1923403 width=94) (actual time=932.259..932.259 rows=1922849 loops=1)
        Buckets: 32768  Batches: 64  Memory Usage: 3638kB
        ->  Seq Scan on title t  (cost=0.00..67604.59 rows=1923403 width=94) (actual time=0.023..507.589 rows=1922849 loops=1)
              Filter: (production_year < 2010)
              Rows Removed by Filter: 605463
Planning time: 0.520 ms
Execution time: 3934.478 ms
