Seq Scan on cast_info ci  (cost=0.00..796071.18 rows=5932981 width=0) (actual time=8829.851..12410.618 rows=2637537 loops=1)
  Filter: ((person_id < 2302285) AND (role_id > 4))
  Rows Removed by Filter: 33606807
Planning time: 0.416 ms
Execution time: 12712.209 ms
