Seq Scan on movie_keyword mk  (cost=0.00..81003.12 rows=246 width=0) (actual time=25.418..3408.923 rows=118 loops=1)
  Filter: (keyword_id = 8839)
  Rows Removed by Filter: 4523812
Planning time: 0.353 ms
Execution time: 3409.109 ms
