Seq Scan on movie_keyword mk  (cost=0.00..81003.12 rows=183024 width=0) (actual time=0.029..3662.371 rows=184956 loops=1)
  Filter: (keyword_id > 71480)
  Rows Removed by Filter: 4338974
Planning time: 0.287 ms
Execution time: 3702.311 ms
