Hash Join  (cost=1268167.18..2623850.15 rows=64820002 width=0) (actual time=27281.808..88103.069 rows=145508685 loops=1)
  Hash Cond: (mi.movie_id = t.id)
  ->  Seq Scan on movie_info mi  (cost=0.00..309384.22 rows=14739122 width=4) (actual time=0.009..6686.414 rows=14835720 loops=1)
  ->  Hash  (cost=1085729.10..1085729.10 rows=11120006 width=8) (actual time=27280.262..27280.262 rows=11036484 loops=1)
        Buckets: 131072  Batches: 256  Memory Usage: 2779kB
        ->  Hash Join  (cost=102767.86..1085729.10 rows=11120006 width=8) (actual time=1854.701..24256.278 rows=11036484 loops=1)
              Hash Cond: (ci.movie_id = t.id)
              ->  Seq Scan on cast_info ci  (cost=0.00..705507.15 rows=11120006 width=4) (actual time=0.017..13072.219 rows=11036484 loops=1)
                    Filter: (person_id < 1083670)
                    Rows Removed by Filter: 25207860
              ->  Hash  (cost=61283.27..61283.27 rows=2528527 width=4) (actual time=1853.285..1853.285 rows=2528312 loops=1)
                    Buckets: 131072  Batches: 64  Memory Usage: 2415kB
                    ->  Seq Scan on title t  (cost=0.00..61283.27 rows=2528527 width=4) (actual time=0.008..1038.639 rows=2528312 loops=1)
Planning time: 0.766 ms
Execution time: 107286.581 ms
