Hash Join  (cost=106088.60..931392.04 rows=6905751 width=169) (actual time=1076.587..9498.206 rows=3836750 loops=1)
  Hash Cond: (mi.movie_id = t.id)
  ->  Seq Scan on movie_info mi  (cost=0.00..309384.22 rows=14739122 width=75) (actual time=0.011..1866.283 rows=14835720 loops=1)
  ->  Hash  (cost=73925.90..73925.90 rows=1184696 width=94) (actual time=1075.607..1075.607 rows=1143935 loops=1)
        Buckets: 32768  Batches: 64  Memory Usage: 2306kB
        ->  Seq Scan on title t  (cost=0.00..73925.90 rows=1184696 width=94) (actual time=0.017..755.052 rows=1143935 loops=1)
              Filter: ((kind_id > 3) AND (production_year < 2009))
              Rows Removed by Filter: 1384377
Planning time: 0.973 ms
Execution time: 9624.320 ms
