Hash Join  (cost=95809.99..848455.62 rows=137646 width=0) (actual time=4851.081..48630.876 rows=391191 loops=1)
  Hash Cond: (ci.movie_id = t.id)
  ->  Seq Scan on cast_info ci  (cost=0.00..705507.15 rows=12203201 width=4) (actual time=0.018..39501.217 rows=12113646 loops=1)
        Filter: (role_id > 3)
        Rows Removed by Filter: 24130698
  ->  Hash  (cost=95453.48..95453.48 rows=28521 width=8) (actual time=4850.588..4850.588 rows=34547 loops=1)
        Buckets: 65536 (originally 32768)  Batches: 1 (originally 1)  Memory Usage: 1862kB
        ->  Hash Join  (cost=68257.79..95453.48 rows=28521 width=8) (actual time=3152.482..4837.039 rows=34547 loops=1)
              Hash Cond: (mi_idx.movie_id = t.id)
              ->  Seq Scan on movie_info_idx mi_idx  (cost=0.00..21735.35 rows=1380035 width=4) (actual time=1.449..1172.168 rows=1380035 loops=1)
              ->  Hash  (cost=67604.59..67604.59 rows=52256 width=4) (actual time=3150.638..3150.638 rows=53013 loops=1)
                    Buckets: 65536  Batches: 1  Memory Usage: 2376kB
                    ->  Seq Scan on title t  (cost=0.00..67604.59 rows=52256 width=4) (actual time=0.014..3125.690 rows=53013 loops=1)
                          Filter: (production_year = 2000)
                          Rows Removed by Filter: 2475299
Planning time: 1.110 ms
Execution time: 48714.835 ms
