Seq Scan on movie_companies mc  (cost=0.00..57926.93 rows=53 width=0) (actual time=103.235..1779.441 rows=1541 loops=1)
  Filter: ((company_id = 7563) AND (company_type_id = 2))
  Rows Removed by Filter: 2607588
Planning time: 0.432 ms
Execution time: 1779.757 ms
