Hash Join  (cost=338084.11..2032999.42 rows=51132410 width=0) (actual time=16165.536..142906.333 rows=169508113 loops=1)
  Hash Cond: (ci.movie_id = t.id)
  ->  Seq Scan on cast_info ci  (cost=0.00..614943.12 rows=36225612 width=4) (actual time=0.026..47874.663 rows=36244344 loops=1)
  ->  Hash  (cost=279529.44..279529.44 rows=3569013 width=8) (actual time=16163.440..16163.440 rows=3556127 loops=1)
        Buckets: 131072  Batches: 64  Memory Usage: 3217kB
        ->  Hash Join  (cost=102767.86..279529.44 rows=3569013 width=8) (actual time=5421.366..14946.638 rows=3556127 loops=1)
              Hash Cond: (mk.movie_id = t.id)
              ->  Seq Scan on movie_keyword mk  (cost=0.00..81003.12 rows=3569013 width=4) (actual time=0.021..5427.368 rows=3556127 loops=1)
                    Filter: (keyword_id < 19657)
                    Rows Removed by Filter: 967803
              ->  Hash  (cost=61283.27..61283.27 rows=2528527 width=4) (actual time=5419.081..5419.081 rows=2528312 loops=1)
                    Buckets: 131072  Batches: 64  Memory Usage: 2425kB
                    ->  Seq Scan on title t  (cost=0.00..61283.27 rows=2528527 width=4) (actual time=0.010..4350.146 rows=2528312 loops=1)
Planning time: 2.454 ms
Execution time: 166906.657 ms
