Nested Loop  (cost=0.43..797556.58 rows=41 width=0) (actual time=10169.932..40297.623 rows=87 loops=1)
  ->  Seq Scan on cast_info ci  (cost=0.00..796071.18 rows=176 width=4) (actual time=10169.115..40197.352 rows=942 loops=1)
        Filter: ((role_id < 2) AND (person_id = 809742))
        Rows Removed by Filter: 36243402
  ->  Index Scan using title_pkey on title t  (cost=0.43..8.43 rows=1 width=4) (actual time=0.106..0.106 rows=0 loops=942)
        Index Cond: (id = ci.movie_id)
        Filter: ((kind_id > 3) AND (production_year < 1997))
        Rows Removed by Filter: 1
Planning time: 0.733 ms
Execution time: 40297.738 ms
