Seq Scan on cast_info ci  (cost=0.00..796071.18 rows=5823040 width=0) (actual time=15740.167..40685.640 rows=10519942 loops=1)
  Filter: ((person_id > 2360287) AND (role_id > 2))
  Rows Removed by Filter: 25724402
Planning time: 0.337 ms
Execution time: 42513.027 ms
