Hash Join  (cost=78556.72..145230.89 rows=235330 width=0) (actual time=3913.688..8355.586 rows=531360 loops=1)
  Hash Cond: (mc.movie_id = t.id)
  ->  Seq Scan on movie_companies mc  (cost=0.00..51404.11 rows=891400 width=4) (actual time=0.021..3057.949 rows=898548 loops=1)
        Filter: (company_id > 21518)
        Rows Removed by Filter: 1710581
  ->  Hash  (cost=67604.59..67604.59 rows=667531 width=4) (actual time=3912.610..3912.610 rows=662825 loops=1)
        Buckets: 131072  Batches: 16  Memory Usage: 2476kB
        ->  Seq Scan on title t  (cost=0.00..67604.59 rows=667531 width=4) (actual time=124.147..3629.052 rows=662825 loops=1)
              Filter: (kind_id = 1)
              Rows Removed by Filter: 1865487
Planning time: 0.793 ms
Execution time: 8446.645 ms
