Seq Scan on movie_keyword mk  (cost=0.00..81003.12 rows=246 width=0) (actual time=76.202..3682.631 rows=28 loops=1)
  Filter: (keyword_id = 26202)
  Rows Removed by Filter: 4523902
Planning time: 0.371 ms
Execution time: 3682.766 ms
