Hash Join  (cost=147615.22..1158450.21 rows=3305919 width=0) (actual time=15501.937..68285.716 rows=7165184 loops=1)
  Hash Cond: (ci.movie_id = t.id)
  ->  Seq Scan on cast_info ci  (cost=0.00..705507.15 rows=23426830 width=4) (actual time=6108.540..41110.663 rows=23478348 loops=1)
        Filter: (person_id > 1258867)
        Rows Removed by Filter: 12765996
  ->  Hash  (cost=141761.00..141761.00 rows=356818 width=8) (actual time=9392.554..9392.554 rows=350323 loops=1)
        Buckets: 131072  Batches: 8  Memory Usage: 2739kB
        ->  Hash Join  (cost=99467.55..141761.00 rows=356818 width=8) (actual time=7334.957..9265.422 rows=350323 loops=1)
              Hash Cond: (mi_idx.movie_id = t.id)
              ->  Seq Scan on movie_info_idx mi_idx  (cost=0.00..25185.44 rows=464566 width=4) (actual time=0.033..1149.612 rows=459925 loops=1)
                    Filter: (info_type_id = 101)
                    Rows Removed by Filter: 920110
              ->  Hash  (cost=67604.59..67604.59 rows=1942077 width=4) (actual time=7334.075..7334.075 rows=1932484 loops=1)
                    Buckets: 131072  Batches: 32  Memory Usage: 3155kB
                    ->  Seq Scan on title t  (cost=0.00..67604.59 rows=1942077 width=4) (actual time=0.021..5051.951 rows=1932484 loops=1)
                          Filter: (production_year > 1980)
                          Rows Removed by Filter: 595828
Planning time: 2.259 ms
Execution time: 69331.882 ms
