Hash Join  (cost=510164.63..602648.31 rows=1264615 width=0) (actual time=22788.403..28603.356 rows=2263667 loops=1)
  Hash Cond: (mc.movie_id = t.id)
  ->  Seq Scan on movie_companies mc  (cost=0.00..44881.29 rows=2609129 width=4) (actual time=0.010..3260.105 rows=2609129 loops=1)
  ->  Hash  (cost=490057.28..490057.28 rows=1225548 width=8) (actual time=22787.215..22787.215 rows=1169807 loops=1)
        Buckets: 131072  Batches: 32  Memory Usage: 2443kB
        ->  Hash Join  (cost=105316.09..490057.28 rows=1225548 width=8) (actual time=12726.629..22370.229 rows=1169807 loops=1)
              Hash Cond: (mi.movie_id = t.id)
              ->  Seq Scan on movie_info mi  (cost=0.00..346232.03 rows=1348138 width=4) (actual time=7175.081..15068.729 rows=1298989 loops=1)
                    Filter: (info_type_id = 4)
                    Rows Removed by Filter: 13536731
              ->  Hash  (cost=67604.59..67604.59 rows=2298600 width=4) (actual time=5549.856..5549.856 rows=2287271 loops=1)
                    Buckets: 131072  Batches: 32  Memory Usage: 3550kB
                    ->  Seq Scan on title t  (cost=0.00..67604.59 rows=2298600 width=4) (actual time=0.026..4522.030 rows=2287271 loops=1)
                          Filter: (production_year > 1950)
                          Rows Removed by Filter: 241041
Planning time: 1.177 ms
Execution time: 28925.204 ms
