Hash Join  (cost=156632.57..235320.89 rows=349197 width=0) (actual time=9300.361..15205.491 rows=984427 loops=1)
  Hash Cond: (mc.movie_id = t.id)
  ->  Seq Scan on movie_companies mc  (cost=0.00..51404.11 rows=1900598 width=4) (actual time=0.015..3656.525 rows=1910049 loops=1)
        Filter: (company_id > 1284)
        Rows Removed by Filter: 699080
  ->  Hash  (cost=149010.49..149010.49 rows=464566 width=8) (actual time=9299.498..9299.498 rows=459925 loops=1)
        Buckets: 131072  Batches: 8  Memory Usage: 3275kB
        ->  Hash Join  (cost=102767.86..149010.49 rows=464566 width=8) (actual time=6222.169..9144.502 rows=459925 loops=1)
              Hash Cond: (mi_idx.movie_id = t.id)
              ->  Seq Scan on movie_info_idx mi_idx  (cost=0.00..25185.44 rows=464566 width=4) (actual time=0.017..1570.463 rows=459925 loops=1)
                    Filter: (info_type_id = 101)
                    Rows Removed by Filter: 920110
              ->  Hash  (cost=61283.27..61283.27 rows=2528527 width=4) (actual time=6217.799..6217.799 rows=2528312 loops=1)
                    Buckets: 131072  Batches: 64  Memory Usage: 2415kB
                    ->  Seq Scan on title t  (cost=0.00..61283.27 rows=2528527 width=4) (actual time=0.027..4301.992 rows=2528312 loops=1)
Planning time: 1.057 ms
Execution time: 15343.257 ms
