Hash Join  (cost=76428.64..442114.52 rows=93511 width=0) (actual time=9709.332..21083.779 rows=308 loops=1)
  Hash Cond: (mi.movie_id = t.id)
  ->  Seq Scan on movie_info mi  (cost=0.00..346232.03 rows=1550064 width=4) (actual time=6070.173..16619.450 rows=1533909 loops=1)
        Filter: (info_type_id = 3)
        Rows Removed by Filter: 13301811
  ->  Hash  (cost=73925.90..73925.90 rows=152539 width=4) (actual time=3636.584..3636.584 rows=53426 loops=1)
        Buckets: 131072  Batches: 2  Memory Usage: 1969kB
        ->  Seq Scan on title t  (cost=0.00..73925.90 rows=152539 width=4) (actual time=271.966..3218.137 rows=53426 loops=1)
              Filter: ((production_year < 1961) AND (kind_id = 7))
              Rows Removed by Filter: 2474886
Planning time: 0.900 ms
Execution time: 21083.931 ms
