Hash Join  (cost=218812.96..1300082.41 rows=4959288 width=0) (actual time=17853.476..93093.803 rows=18159131 loops=1)
  Hash Cond: (ci.movie_id = t.id)
  ->  Seq Scan on cast_info ci  (cost=0.00..796071.18 rows=20166504 width=4) (actual time=6192.520..56374.450 rows=23737110 loops=1)
        Filter: ((person_id < 2732370) AND (role_id < 6))
        Rows Removed by Filter: 12507234
  ->  Hash  (cost=208611.36..208611.36 rows=621808 width=8) (actual time=11659.863..11659.863 rows=621937 loops=1)
        Buckets: 131072  Batches: 16  Memory Usage: 2580kB
        ->  Hash Join  (cost=102767.86..208611.36 rows=621808 width=8) (actual time=5648.568..11416.761 rows=621937 loops=1)
              Hash Cond: (mk.movie_id = t.id)
              ->  Seq Scan on movie_keyword mk  (cost=0.00..81003.12 rows=621808 width=4) (actual time=0.040..4342.647 rows=621937 loops=1)
                    Filter: (keyword_id > 29338)
                    Rows Removed by Filter: 3901993
              ->  Hash  (cost=61283.27..61283.27 rows=2528527 width=4) (actual time=5647.623..5647.623 rows=2528312 loops=1)
                    Buckets: 131072  Batches: 64  Memory Usage: 2425kB
                    ->  Seq Scan on title t  (cost=0.00..61283.27 rows=2528527 width=4) (actual time=0.022..4298.082 rows=2528312 loops=1)
Planning time: 1.169 ms
Execution time: 95720.199 ms
