Hash Join  (cost=194033.51..237154.79 rows=316380 width=0) (actual time=10295.059..13225.800 rows=491477 loops=1)
  Hash Cond: (mi_idx.movie_id = t.id)
  ->  Seq Scan on movie_info_idx mi_idx  (cost=0.00..21735.35 rows=1380035 width=4) (actual time=0.009..1648.368 rows=1380035 loops=1)
  ->  Hash  (cost=184522.54..184522.54 rows=579677 width=8) (actual time=10294.168..10294.168 rows=368112 loops=1)
        Buckets: 131072  Batches: 8  Memory Usage: 2820kB
        ->  Hash Join  (cost=102767.86..184522.54 rows=579677 width=8) (actual time=6147.687..10179.606 rows=368112 loops=1)
              Hash Cond: (mc.movie_id = t.id)
              ->  Seq Scan on movie_companies mc  (cost=0.00..57926.93 rows=579677 width=4) (actual time=200.697..3284.033 rows=368112 loops=1)
                    Filter: ((company_id < 8359) AND (company_type_id > 1))
                    Rows Removed by Filter: 2241017
              ->  Hash  (cost=61283.27..61283.27 rows=2528527 width=4) (actual time=5945.779..5945.779 rows=2528312 loops=1)
                    Buckets: 131072  Batches: 64  Memory Usage: 2415kB
                    ->  Seq Scan on title t  (cost=0.00..61283.27 rows=2528527 width=4) (actual time=0.016..4381.192 rows=2528312 loops=1)
Planning time: 7.337 ms
Execution time: 13310.527 ms
