Seq Scan on movie_info mi  (cost=0.00..346232.03 rows=164423 width=0) (actual time=0.019..16194.339 rows=197754 loops=1)
  Filter: (info_type_id > 106)
  Rows Removed by Filter: 14637966
Planning time: 0.333 ms
Execution time: 16242.907 ms
