Hash Join  (cost=67697.55..848884.83 rows=58896 width=0) (actual time=3969.669..47503.742 rows=5856 loops=1)
  Hash Cond: (ci.movie_id = t.id)
  ->  Seq Scan on cast_info ci  (cost=0.00..705507.15 rows=20024311 width=4) (actual time=0.022..38885.619 rows=20122661 loops=1)
        Filter: (role_id < 3)
        Rows Removed by Filter: 16121683
  ->  Hash  (cost=67604.59..67604.59 rows=7437 width=4) (actual time=3844.390..3844.390 rows=4597 loops=1)
        Buckets: 8192  Batches: 1  Memory Usage: 226kB
        ->  Seq Scan on title t  (cost=0.00..67604.59 rows=7437 width=4) (actual time=1620.562..3842.200 rows=4597 loops=1)
              Filter: (production_year = 1910)
              Rows Removed by Filter: 2523715
Planning time: 0.799 ms
Execution time: 47505.618 ms
