Hash Join  (cost=102767.86..1561096.16 rows=30875517 width=0) (actual time=4759.980..85327.628 rows=30818912 loops=1)
  Hash Cond: (ci.movie_id = t.id)
  ->  Seq Scan on cast_info ci  (cost=0.00..705507.15 rows=30875517 width=4) (actual time=0.025..46955.403 rows=30818912 loops=1)
        Filter: (person_id < 3113977)
        Rows Removed by Filter: 5425432
  ->  Hash  (cost=61283.27..61283.27 rows=2528527 width=4) (actual time=4758.914..4758.914 rows=2528312 loops=1)
        Buckets: 131072  Batches: 64  Memory Usage: 2415kB
        ->  Seq Scan on title t  (cost=0.00..61283.27 rows=2528527 width=4) (actual time=0.009..3517.704 rows=2528312 loops=1)
Planning time: 0.687 ms
Execution time: 89677.460 ms
