Hash Join  (cost=68237.77..95424.73 rows=27647 width=0) (actual time=3402.200..4965.462 rows=31421 loops=1)
  Hash Cond: (mi_idx.movie_id = t.id)
  ->  Seq Scan on movie_info_idx mi_idx  (cost=0.00..21735.35 rows=1380035 width=4) (actual time=0.013..1050.904 rows=1380035 loops=1)
  ->  Hash  (cost=67604.59..67604.59 rows=50655 width=4) (actual time=3401.817..3401.817 rows=50564 loops=1)
        Buckets: 65536  Batches: 1  Memory Usage: 2290kB
        ->  Seq Scan on title t  (cost=0.00..67604.59 rows=50655 width=4) (actual time=0.016..3378.765 rows=50564 loops=1)
              Filter: (production_year = 1999)
              Rows Removed by Filter: 2477748
Planning time: 1.543 ms
Execution time: 4971.603 ms
