Hash Join  (cost=360141.74..1329757.90 rows=15089939 width=181) (actual time=9552.246..72481.116 rows=172597412 loops=1)
  Hash Cond: (mi.movie_id = t.id)
  ->  Seq Scan on movie_info mi  (cost=0.00..309384.22 rows=14739122 width=75) (actual time=0.008..4076.925 rows=14835720 loops=1)
  ->  Hash  (cost=284805.85..284805.85 rows=2588711 width=106) (actual time=9551.941..9551.941 rows=3246881 loops=1)
        Buckets: 32768  Batches: 128  Memory Usage: 3515kB
        ->  Hash Join  (cost=106885.70..284805.85 rows=2588711 width=106) (actual time=2011.076..7627.708 rows=3246881 loops=1)
              Hash Cond: (mk.movie_id = t.id)
              ->  Seq Scan on movie_keyword mk  (cost=0.00..69693.30 rows=4523930 width=12) (actual time=0.015..1093.161 rows=4523930 loops=1)
              ->  Hash  (cost=67604.59..67604.59 rows=1446889 width=94) (actual time=2009.553..2009.553 rows=1443298 loops=1)
                    Buckets: 32768  Batches: 64  Memory Usage: 2777kB
                    ->  Seq Scan on title t  (cost=0.00..67604.59 rows=1446889 width=94) (actual time=0.022..1035.163 rows=1443298 loops=1)
                          Filter: (production_year < 2006)
                          Rows Removed by Filter: 1085014
Planning time: 1.390 ms
Execution time: 78739.872 ms
