Seq Scan on cast_info ci  (cost=0.00..705507.15 rows=11281172 width=0) (actual time=0.031..30304.651 rows=11205586 loops=1)
  Filter: (person_id < 1099512)
  Rows Removed by Filter: 25038758
Planning time: 0.312 ms
Execution time: 32025.271 ms
