Nested Loop  (cost=0.43..52284.21 rows=10 width=0) (actual time=117.948..2441.066 rows=48 loops=1)
  ->  Seq Scan on movie_companies mc  (cost=0.00..51404.11 rows=104 width=4) (actual time=0.638..2317.236 rows=1059 loops=1)
        Filter: (company_id = 16)
        Rows Removed by Filter: 2608070
  ->  Index Scan using title_pkey on title t  (cost=0.43..8.45 rows=1 width=4) (actual time=0.116..0.116 rows=0 loops=1059)
        Index Cond: (id = mc.movie_id)
        Filter: ((kind_id < 7) AND (production_year < 1987))
        Rows Removed by Filter: 1
Planning time: 2.743 ms
Execution time: 2441.189 ms
