Hash Join  (cost=110215.89..970525.13 rows=164652 width=0) (actual time=22243.202..54953.586 rows=312150 loops=1)
  Hash Cond: (ci.movie_id = t.id)
  ->  Seq Scan on cast_info ci  (cost=0.00..796071.18 rows=5387080 width=4) (actual time=15864.981..44561.720 rows=7450361 loops=1)
        Filter: ((person_id > 916800) AND (role_id = 2))
        Rows Removed by Filter: 28793983
  ->  Hash  (cost=108947.86..108947.86 rows=77282 width=8) (actual time=6377.360..6377.360 rows=60683 loops=1)
        Buckets: 131072  Batches: 2  Memory Usage: 2208kB
        ->  Hash Join  (cost=69928.56..108947.86 rows=77282 width=8) (actual time=3656.935..6336.005 rows=60683 loops=1)
              Hash Cond: (mi_idx.movie_id = t.id)
              ->  Seq Scan on movie_info_idx mi_idx  (cost=0.00..21735.35 rows=1380035 width=4) (actual time=0.022..1685.559 rows=1380035 loops=1)
              ->  Hash  (cost=67604.59..67604.59 rows=141598 width=4) (actual time=3656.066..3656.066 rows=141703 loops=1)
                    Buckets: 131072  Batches: 2  Memory Usage: 3511kB
                    ->  Seq Scan on title t  (cost=0.00..67604.59 rows=141598 width=4) (actual time=0.021..3336.237 rows=141703 loops=1)
                          Filter: (production_year = 2010)
                          Rows Removed by Filter: 2386609
Planning time: 1.232 ms
Execution time: 55007.207 ms
