Hash Join  (cost=98120.01..513151.95 rows=2113508 width=0) (actual time=9485.269..27423.272 rows=529279 loops=1)
  Hash Cond: (mi.movie_id = t.id)
  ->  Seq Scan on movie_info mi  (cost=0.00..346232.03 rows=3623957 width=4) (actual time=3312.241..18054.953 rows=3624977 loops=1)
        Filter: (info_type_id < 4)
        Rows Removed by Filter: 11210743
  ->  Hash  (cost=73925.90..73925.90 rows=1474648 width=4) (actual time=6171.760..6171.760 rows=1478439 loops=1)
        Buckets: 131072  Batches: 32  Memory Usage: 2656kB
        ->  Seq Scan on title t  (cost=0.00..73925.90 rows=1474648 width=4) (actual time=0.029..4979.945 rows=1478439 loops=1)
              Filter: ((production_year > 1912) AND (kind_id = 7))
              Rows Removed by Filter: 1049873
Planning time: 0.865 ms
Execution time: 27493.690 ms
