Hash Join  (cost=71711.64..140156.66 rows=126672 width=0) (actual time=4531.092..8829.462 rows=266407 loops=1)
  Hash Cond: (mc.movie_id = t.id)
  ->  Seq Scan on movie_companies mc  (cost=0.00..51404.11 rows=1279517 width=4) (actual time=0.021..3448.439 rows=1274246 loops=1)
        Filter: (company_type_id < 2)
        Rows Removed by Filter: 1334883
  ->  Hash  (cost=67604.59..67604.59 rows=250324 width=4) (actual time=4530.211..4530.211 rows=252521 loops=1)
        Buckets: 131072  Batches: 4  Memory Usage: 3244kB
        ->  Seq Scan on title t  (cost=0.00..67604.59 rows=250324 width=4) (actual time=0.023..3914.357 rows=252521 loops=1)
              Filter: (production_year < 1961)
              Rows Removed by Filter: 2275791
Planning time: 0.656 ms
Execution time: 8875.300 ms
