Nested Loop  (cost=71730.53..172880.33 rows=2251 width=0) (actual time=4449.995..7536.030 rows=163 loops=1)
  ->  Hash Join  (cost=71730.10..161126.17 rows=19420 width=8) (actual time=3132.293..6595.836 rows=24855 loops=1)
        Hash Cond: (mk.movie_id = mc.movie_id)
        ->  Seq Scan on movie_keyword mk  (cost=0.00..81003.12 rows=7540 width=4) (actual time=0.098..3139.050 rows=7692 loops=1)
              Filter: (keyword_id = 186)
              Rows Removed by Filter: 4516238
        ->  Hash  (cost=51404.11..51404.11 rows=1238879 width=4) (actual time=3110.786..3110.786 rows=1252944 loops=1)
              Buckets: 131072  Batches: 32  Memory Usage: 2434kB
              ->  Seq Scan on movie_companies mc  (cost=0.00..51404.11 rows=1238879 width=4) (actual time=254.308..2569.922 rows=1252944 loops=1)
                    Filter: (company_id > 11649)
                    Rows Removed by Filter: 1356185
  ->  Index Scan using title_pkey on title t  (cost=0.43..0.60 rows=1 width=4) (actual time=0.037..0.037 rows=0 loops=24855)
        Index Cond: (id = mc.movie_id)
        Filter: (kind_id = 7)
        Rows Removed by Filter: 1
Planning time: 2.767 ms
Execution time: 7536.220 ms
