Hash Join  (cost=443826.32..1508286.32 rows=538029 width=211) (actual time=3986.570..12669.476 rows=2766740 loops=1)
  Hash Cond: (ci.movie_id = t.id)
  ->  Seq Scan on cast_info ci  (cost=0.00..705507.15 rows=12726058 width=42) (actual time=0.009..5254.070 rows=12670688 loops=1)
        Filter: (role_id = 1)
        Rows Removed by Filter: 23573656
  ->  Hash  (cost=439880.07..439880.07 rows=106900 width=169) (actual time=3985.240..3985.240 rows=168931 loops=1)
        Buckets: 32768 (originally 32768)  Batches: 16 (originally 8)  Memory Usage: 3841kB
        ->  Hash Join  (cost=74155.14..439880.07 rows=106900 width=169) (actual time=382.952..3454.006 rows=168931 loops=1)
              Hash Cond: (mi.movie_id = t.id)
              ->  Seq Scan on movie_info mi  (cost=0.00..309384.22 rows=14739122 width=75) (actual time=0.009..1413.726 rows=14835720 loops=1)
              ->  Hash  (cost=73925.90..73925.90 rows=18339 width=94) (actual time=382.823..382.823 rows=14449 loops=1)
                    Buckets: 32768  Batches: 1  Memory Usage: 1855kB
                    ->  Seq Scan on title t  (cost=0.00..73925.90 rows=18339 width=94) (actual time=0.007..379.410 rows=14449 loops=1)
                          Filter: ((kind_id < 7) AND (production_year = 1998))
                          Rows Removed by Filter: 2513863
Planning time: 0.937 ms
Execution time: 12753.536 ms
