Hash Join  (cost=77312.52..1198195.58 rows=8476789 width=0) (actual time=4015.726..77252.241 rows=7120049 loops=1)
  Hash Cond: (ci.movie_id = t.id)
  ->  Seq Scan on cast_info ci  (cost=0.00..614943.12 rows=36225612 width=4) (actual time=0.875..45469.239 rows=36244344 loops=1)
  ->  Hash  (cost=67604.59..67604.59 rows=591675 width=4) (actual time=4014.008..4014.008 rows=585020 loops=1)
        Buckets: 131072  Batches: 8  Memory Usage: 3586kB
        ->  Seq Scan on title t  (cost=0.00..67604.59 rows=591675 width=4) (actual time=0.020..3449.607 rows=585020 loops=1)
              Filter: (production_year < 1985)
              Rows Removed by Filter: 1943292
Planning time: 14.991 ms
Execution time: 78315.858 ms
