Seq Scan on movie_keyword mk  (cost=0.00..81003.12 rows=1809208 width=0) (actual time=0.023..4271.202 rows=1809567 loops=1)
  Filter: (keyword_id > 7670)
  Rows Removed by Filter: 2714363
Planning time: 0.331 ms
Execution time: 4602.251 ms
