Seq Scan on movie_companies mc  (cost=0.00..57926.93 rows=1133227 width=0) (actual time=943.220..2444.659 rows=1243174 loops=1)
  Filter: ((company_id > 225) AND (company_type_id > 1))
  Rows Removed by Filter: 1365955
Planning time: 9.709 ms
Execution time: 2638.480 ms
