Hash Join  (cost=52284.46..79195.17 rows=22 width=0) (actual time=2779.125..4468.310 rows=843 loops=1)
  Hash Cond: (mi_idx.movie_id = t.id)
  ->  Seq Scan on movie_info_idx mi_idx  (cost=0.00..21735.35 rows=1380035 width=4) (actual time=0.013..1398.924 rows=1380035 loops=1)
  ->  Hash  (cost=52283.95..52283.95 rows=41 width=8) (actual time=2691.554..2691.554 rows=337 loops=1)
        Buckets: 1024  Batches: 1  Memory Usage: 22kB
        ->  Nested Loop  (cost=0.43..52283.95 rows=41 width=8) (actual time=1056.220..2691.305 rows=337 loops=1)
              ->  Seq Scan on movie_companies mc  (cost=0.00..51404.11 rows=104 width=4) (actual time=1056.158..2625.210 rows=337 loops=1)
                    Filter: (company_id = 8678)
                    Rows Removed by Filter: 2608792
              ->  Index Scan using title_pkey on title t  (cost=0.43..8.45 rows=1 width=4) (actual time=0.194..0.195 rows=1 loops=337)
                    Index Cond: (id = mc.movie_id)
                    Filter: (kind_id < 7)
Planning time: 1.158 ms
Execution time: 4468.628 ms
