Hash Join  (cost=92883.59..925547.26 rows=985403 width=0) (actual time=5931.878..42962.395 rows=861859 loops=1)
  Hash Cond: (ci.movie_id = t.id)
  ->  Seq Scan on cast_info ci  (cost=0.00..796071.18 rows=1617093 width=4) (actual time=1711.163..37366.829 rows=1315756 loops=1)
        Filter: ((person_id < 2151643) AND (role_id = 4))
        Rows Removed by Filter: 34928588
  ->  Hash  (cost=67604.59..67604.59 rows=1540800 width=4) (actual time=4219.046..4219.046 rows=1543264 loops=1)
        Buckets: 131072  Batches: 32  Memory Usage: 2722kB
        ->  Seq Scan on title t  (cost=0.00..67604.59 rows=1540800 width=4) (actual time=0.024..3337.071 rows=1543264 loops=1)
              Filter: (kind_id = 7)
              Rows Removed by Filter: 985048
Planning time: 0.674 ms
Execution time: 43072.219 ms
