Seq Scan on movie_companies mc  (cost=0.00..51404.11 rows=1531353 width=40) (actual time=18.084..332.226 rows=1535738 loops=1)
  Filter: (company_id > 6721)
  Rows Removed by Filter: 1073391
Planning time: 0.251 ms
Execution time: 377.801 ms
