Hash Join  (cost=180932.39..308514.42 rows=457999 width=0) (actual time=10766.092..20243.641 rows=3491843 loops=1)
  Hash Cond: (mk.movie_id = t.id)
  ->  Seq Scan on movie_keyword mk  (cost=0.00..69693.30 rows=4523930 width=4) (actual time=0.026..4868.469 rows=4523930 loops=1)
  ->  Hash  (cost=176732.57..176732.57 rows=255986 width=8) (actual time=10764.924..10764.924 rows=381604 loops=1)
        Buckets: 131072 (originally 131072)  Batches: 8 (originally 4)  Memory Usage: 3073kB
        ->  Hash Join  (cost=102767.86..176732.57 rows=255986 width=8) (actual time=6782.303..10612.267 rows=381604 loops=1)
              Hash Cond: (mc.movie_id = t.id)
              ->  Seq Scan on movie_companies mc  (cost=0.00..57926.93 rows=255986 width=4) (actual time=0.021..2896.928 rows=381604 loops=1)
                    Filter: ((company_id < 480) AND (company_type_id = 1))
                    Rows Removed by Filter: 2227525
              ->  Hash  (cost=61283.27..61283.27 rows=2528527 width=4) (actual time=6780.873..6780.873 rows=2528312 loops=1)
                    Buckets: 131072  Batches: 64  Memory Usage: 2415kB
                    ->  Seq Scan on title t  (cost=0.00..61283.27 rows=2528527 width=4) (actual time=0.011..4551.190 rows=2528312 loops=1)
Planning time: 1.889 ms
Execution time: 20754.574 ms
