Hash Join  (cost=52284.99..79199.29 rows=19 width=0) (actual time=2426.053..3914.103 rows=26 loops=1)
  Hash Cond: (mi_idx.movie_id = t.id)
  ->  Seq Scan on movie_info_idx mi_idx  (cost=0.00..25185.44 rows=460978 width=4) (actual time=0.017..1519.469 rows=459925 loops=1)
        Filter: (info_type_id < 100)
        Rows Removed by Filter: 920110
  ->  Hash  (cost=52283.69..52283.69 rows=104 width=8) (actual time=2312.464..2312.464 rows=49 loops=1)
        Buckets: 1024  Batches: 1  Memory Usage: 10kB
        ->  Nested Loop  (cost=0.43..52283.69 rows=104 width=8) (actual time=49.180..2312.413 rows=49 loops=1)
              ->  Seq Scan on movie_companies mc  (cost=0.00..51404.11 rows=104 width=4) (actual time=49.101..2310.597 rows=49 loops=1)
                    Filter: (company_id = 49082)
                    Rows Removed by Filter: 2609080
              ->  Index Only Scan using title_pkey on title t  (cost=0.43..8.45 rows=1 width=4) (actual time=0.033..0.033 rows=1 loops=49)
                    Index Cond: (id = mc.movie_id)
                    Heap Fetches: 49
Planning time: 20.130 ms
Execution time: 3914.280 ms
