Seq Scan on movie_companies mc  (cost=0.00..57926.93 rows=851912 width=0) (actual time=42.904..2939.167 rows=1059711 loops=1)
  Filter: ((company_id > 3425) AND (company_type_id > 1))
  Rows Removed by Filter: 1549418
Planning time: 0.284 ms
Execution time: 3163.680 ms
