Hash Join  (cost=365418.15..1353121.69 rows=9033525 width=0) (actual time=21288.627..81303.651 rows=64146239 loops=1)
  Hash Cond: (ci.movie_id = t.id)
  ->  Seq Scan on cast_info ci  (cost=0.00..796071.18 rows=5049042 width=4) (actual time=5213.096..37941.865 rows=10325626 loops=1)
        Filter: ((person_id < 1408293) AND (role_id = 1))
        Rows Removed by Filter: 25918718
  ->  Hash  (cost=291197.02..291197.02 rows=4523930 width=8) (actual time=16073.397..16073.397 rows=4523930 loops=1)
        Buckets: 131072  Batches: 64  Memory Usage: 3816kB
        ->  Hash Join  (cost=102767.86..291197.02 rows=4523930 width=8) (actual time=5451.548..14586.125 rows=4523930 loops=1)
              Hash Cond: (mk.movie_id = t.id)
              ->  Seq Scan on movie_keyword mk  (cost=0.00..69693.30 rows=4523930 width=4) (actual time=0.030..4545.066 rows=4523930 loops=1)
              ->  Hash  (cost=61283.27..61283.27 rows=2528527 width=4) (actual time=5450.617..5450.617 rows=2528312 loops=1)
                    Buckets: 131072  Batches: 64  Memory Usage: 2425kB
                    ->  Seq Scan on title t  (cost=0.00..61283.27 rows=2528527 width=4) (actual time=0.008..4328.614 rows=2528312 loops=1)
Planning time: 2.370 ms
Execution time: 89907.796 ms
