Seq Scan on cast_info ci  (cost=0.00..796071.18 rows=9847683 width=0) (actual time=18910.841..42123.882 rows=6847385 loops=1)
  Filter: ((person_id > 788964) AND (role_id = 1))
  Rows Removed by Filter: 29396959
Planning time: 0.335 ms
Execution time: 43335.071 ms
