Seq Scan on title t  (cost=0.00..73925.90 rows=275197 width=0) (actual time=0.024..3535.235 rows=414389 loops=1)
  Filter: ((kind_id < 4) AND (production_year < 1995))
  Rows Removed by Filter: 2113923
Planning time: 0.299 ms
Execution time: 3600.394 ms
