Hash Join  (cost=206645.78..751916.21 rows=6135251 width=0) (actual time=11361.010..54844.154 rows=30347149 loops=1)
  Hash Cond: (mi.movie_id = t.id)
  ->  Seq Scan on movie_info mi  (cost=0.00..309384.22 rows=14739122 width=4) (actual time=0.022..23164.254 rows=14835720 loops=1)
  ->  Hash  (cost=189377.34..189377.34 rows=1052515 width=8) (actual time=11360.130..11360.130 rows=1049652 loops=1)
        Buckets: 131072  Batches: 16  Memory Usage: 3613kB
        ->  Hash Join  (cost=102767.86..189377.34 rows=1052515 width=8) (actual time=6084.724..11011.253 rows=1049652 loops=1)
              Hash Cond: (mc.movie_id = t.id)
              ->  Seq Scan on movie_companies mc  (cost=0.00..51404.11 rows=1052515 width=4) (actual time=0.022..3476.373 rows=1049652 loops=1)
                    Filter: (company_id < 6158)
                    Rows Removed by Filter: 1559477
              ->  Hash  (cost=61283.27..61283.27 rows=2528527 width=4) (actual time=6083.190..6083.190 rows=2528312 loops=1)
                    Buckets: 131072  Batches: 64  Memory Usage: 2415kB
                    ->  Seq Scan on title t  (cost=0.00..61283.27 rows=2528527 width=4) (actual time=0.010..4597.231 rows=2528312 loops=1)
Planning time: 23.552 ms
Execution time: 58943.820 ms
