Hash Join  (cost=99435.28..199864.14 rows=1604393 width=0) (actual time=5716.188..12570.697 rows=893025 loops=1)
  Hash Cond: (mc.movie_id = t.id)
  ->  Seq Scan on movie_companies mc  (cost=0.00..44881.29 rows=2609129 width=4) (actual time=0.026..3907.892 rows=2609129 loops=1)
  ->  Hash  (cost=73925.90..73925.90 rows=1554830 width=4) (actual time=5713.542..5713.542 rows=1608791 loops=1)
        Buckets: 131072  Batches: 32  Memory Usage: 2797kB
        ->  Seq Scan on title t  (cost=0.00..73925.90 rows=1554830 width=4) (actual time=0.019..4859.340 rows=1608791 loops=1)
              Filter: ((kind_id > 3) AND (production_year > 1925))
              Rows Removed by Filter: 919521
Planning time: 13.801 ms
Execution time: 12747.303 ms
