Seq Scan on title t  (cost=0.00..67604.59 rows=12811 width=0) (actual time=545.917..969.126 rows=12600 loops=1)
  Filter: (kind_id = 6)
  Rows Removed by Filter: 2515712
Planning time: 0.337 ms
Execution time: 971.562 ms
