Seq Scan on movie_companies mc  (cost=0.00..57926.93 rows=1043633 width=0) (actual time=0.018..2248.398 rows=922764 loops=1)
  Filter: ((company_id > 419) AND (company_type_id = 1))
  Rows Removed by Filter: 1686365
Planning time: 0.426 ms
Execution time: 2372.601 ms
