Seq Scan on cast_info ci  (cost=0.00..705507.15 rows=3576431 width=0) (actual time=0.025..10777.663 rows=3582002 loops=1)
  Filter: (person_id > 3412765)
  Rows Removed by Filter: 32662342
Planning time: 3.801 ms
Execution time: 11220.059 ms
