Hash Join  (cost=236184.39..782606.03 rows=6243172 width=0) (actual time=5697.293..32268.908 rows=50317518 loops=1)
  Hash Cond: (mi.movie_id = t.id)
  ->  Seq Scan on movie_info mi  (cost=0.00..309384.22 rows=14739122 width=4) (actual time=0.019..6073.964 rows=14835720 loops=1)
  ->  Hash  (cost=218612.53..218612.53 rows=1071029 width=8) (actual time=5696.264..5696.264 rows=1034979 loops=1)
        Buckets: 131072  Batches: 16  Memory Usage: 3651kB
        ->  Hash Join  (cost=102205.59..218612.53 rows=1071029 width=8) (actual time=2048.596..5401.140 rows=1034979 loops=1)
              Hash Cond: (mk.movie_id = t.id)
              ->  Seq Scan on movie_keyword mk  (cost=0.00..81003.12 rows=1284105 width=4) (actual time=0.016..1553.664 rows=1297042 loops=1)
                    Filter: (keyword_id < 1684)
                    Rows Removed by Filter: 3226888
              ->  Hash  (cost=67604.59..67604.59 rows=2108960 width=4) (actual time=2046.677..2046.677 rows=2104137 loops=1)
                    Buckets: 131072  Batches: 32  Memory Usage: 3350kB
                    ->  Seq Scan on title t  (cost=0.00..67604.59 rows=2108960 width=4) (actual time=0.012..1334.780 rows=2104137 loops=1)
                          Filter: (production_year > 1968)
                          Rows Removed by Filter: 424175
Planning time: 1.121 ms
Execution time: 38177.114 ms
