Hash Join  (cost=133352.19..624454.74 rows=1501566 width=0) (actual time=2925.739..18034.291 rows=11141648 loops=1)
  Hash Cond: (mi.movie_id = t.id)
  ->  Seq Scan on movie_info mi  (cost=0.00..346232.03 rows=11115165 width=4) (actual time=0.020..6913.442 rows=11210743 loops=1)
        Filter: (info_type_id > 3)
        Rows Removed by Filter: 3624977
  ->  Hash  (cost=127747.40..127747.40 rows=341583 width=8) (actual time=2922.885..2922.885 rows=613043 loops=1)
        Buckets: 131072  Batches: 8  Memory Usage: 4044kB
        ->  Hash Join  (cost=84194.09..127747.40 rows=341583 width=8) (actual time=1439.333..2739.441 rows=613043 loops=1)
              Hash Cond: (mi_idx.movie_id = t.id)
              ->  Seq Scan on movie_info_idx mi_idx  (cost=0.00..21735.35 rows=1380035 width=4) (actual time=0.022..427.372 rows=1380035 loops=1)
              ->  Hash  (cost=73925.90..73925.90 rows=625855 width=4) (actual time=1438.346..1438.346 rows=567041 loops=1)
                    Buckets: 131072  Batches: 16  Memory Usage: 2266kB
                    ->  Seq Scan on title t  (cost=0.00..73925.90 rows=625855 width=4) (actual time=0.015..1251.120 rows=567041 loops=1)
                          Filter: ((production_year > 1920) AND (kind_id = 1))
                          Rows Removed by Filter: 1961271
Planning time: 1.137 ms
Execution time: 19296.824 ms
