Hash Join  (cost=286267.99..1141350.59 rows=8702967 width=209) (actual time=2947.982..19858.239 rows=47695837 loops=1)
  Hash Cond: (mi.movie_id = t.id)
  ->  Seq Scan on movie_info mi  (cost=0.00..309384.22 rows=14739122 width=75) (actual time=0.013..1510.565 rows=14835720 loops=1)
  ->  Hash  (cost=238444.34..238444.34 rows=1493012 width=134) (actual time=2946.805..2946.805 rows=1754914 loops=1)
        Buckets: 32768  Batches: 128  Memory Usage: 2229kB
        ->  Hash Join  (cost=106885.70..238444.34 rows=1493012 width=134) (actual time=721.499..2333.964 rows=1754914 loops=1)
              Hash Cond: (mc.movie_id = t.id)
              ->  Seq Scan on movie_companies mc  (cost=0.00..44881.29 rows=2609129 width=40) (actual time=0.018..238.667 rows=2609129 loops=1)
              ->  Hash  (cost=67604.59..67604.59 rows=1446889 width=94) (actual time=720.982..720.982 rows=1443298 loops=1)
                    Buckets: 32768  Batches: 64  Memory Usage: 2765kB
                    ->  Seq Scan on title t  (cost=0.00..67604.59 rows=1446889 width=94) (actual time=0.012..443.020 rows=1443298 loops=1)
                          Filter: (production_year < 2006)
                          Rows Removed by Filter: 1085014
Planning time: 0.801 ms
Execution time: 21247.346 ms
