Seq Scan on movie_companies mc  (cost=0.00..51404.11 rows=4957 width=0) (actual time=21.673..744.885 rows=3722 loops=1)
  Filter: (company_id = 164)
  Rows Removed by Filter: 2605407
Planning time: 0.379 ms
Execution time: 745.457 ms
