Hash Join  (cost=109031.43..905395.81 rows=561977 width=0) (actual time=1924.679..24548.475 rows=1132221 loops=1)
  Hash Cond: (ci.movie_id = t.id)
  ->  Seq Scan on cast_info ci  (cost=0.00..705507.15 rows=22729998 width=4) (actual time=0.034..13454.771 rows=22600899 loops=1)
        Filter: (person_id < 2305896)
        Rows Removed by Filter: 13643445
  ->  Hash  (cost=108249.99..108249.99 rows=62515 width=8) (actual time=1923.725..1923.725 rows=83550 loops=1)
        Buckets: 131072 (originally 65536)  Batches: 2 (originally 1)  Memory Usage: 3073kB
        ->  Hash Join  (cost=69484.36..108249.99 rows=62515 width=8) (actual time=1039.363..1892.753 rows=83550 loops=1)
              Hash Cond: (mi_idx.movie_id = t.id)
              ->  Seq Scan on movie_info_idx mi_idx  (cost=0.00..21735.35 rows=1380035 width=4) (actual time=0.013..392.608 rows=1380035 loops=1)
              ->  Hash  (cost=67604.59..67604.59 rows=114542 width=4) (actual time=1038.612..1038.612 rows=118234 loops=1)
                    Buckets: 131072  Batches: 2  Memory Usage: 3101kB
                    ->  Seq Scan on title t  (cost=0.00..67604.59 rows=114542 width=4) (actual time=172.613..996.985 rows=118234 loops=1)
                          Filter: (kind_id = 4)
                          Rows Removed by Filter: 2410078
Planning time: 1.047 ms
Execution time: 24694.085 ms
