Hash Join  (cost=142362.34..1007906.93 rows=198078 width=0) (actual time=2843.834..21057.232 rows=563794 loops=1)
  Hash Cond: (ci.movie_id = t.id)
  ->  Seq Scan on cast_info ci  (cost=0.00..796071.18 rows=5807901 width=4) (actual time=0.026..14482.073 rows=10513054 loops=1)
        Filter: ((person_id > 2364297) AND (role_id > 2))
        Rows Removed by Filter: 25731290
  ->  Hash  (cost=140947.40..140947.40 rows=86235 width=8) (actual time=2843.027..2843.027 rows=44475 loops=1)
        Buckets: 131072  Batches: 2  Memory Usage: 1894kB
        ->  Hash Join  (cost=78439.73..140947.40 rows=86235 width=8) (actual time=1477.217..2826.090 rows=44475 loops=1)
              Hash Cond: (mc.movie_id = t.id)
              ->  Seq Scan on movie_companies mc  (cost=0.00..51404.11 rows=792590 width=4) (actual time=0.012..909.281 rows=799114 loops=1)
                    Filter: (company_id > 30516)
                    Rows Removed by Filter: 1810015
              ->  Hash  (cost=73925.90..73925.90 rows=275106 width=4) (actual time=1476.377..1476.377 rows=279471 loops=1)
                    Buckets: 131072  Batches: 4  Memory Usage: 3497kB
                    ->  Seq Scan on title t  (cost=0.00..73925.90 rows=275106 width=4) (actual time=0.016..1381.027 rows=279471 loops=1)
                          Filter: ((kind_id > 2) AND (production_year > 2010))
                          Rows Removed by Filter: 2248841
Planning time: 1.211 ms
Execution time: 21124.302 ms
