Hash Join  (cost=114895.04..602270.90 rows=709395 width=0) (actual time=2056.959..16329.377 rows=4514712 loops=1)
  Hash Cond: (mi.movie_id = t.id)
  ->  Seq Scan on movie_info mi  (cost=0.00..309384.22 rows=14739122 width=4) (actual time=0.013..6081.849 rows=14835720 loops=1)
  ->  Hash  (cost=112897.81..112897.81 rows=121698 width=8) (actual time=2056.121..2056.121 rows=209880 loops=1)
        Buckets: 131072 (originally 131072)  Batches: 4 (originally 2)  Memory Usage: 3083kB
        ->  Hash Join  (cost=78556.72..112897.81 rows=121698 width=8) (actual time=1113.381..1983.366 rows=209880 loops=1)
              Hash Cond: (mi_idx.movie_id = t.id)
              ->  Seq Scan on movie_info_idx mi_idx  (cost=0.00..25185.44 rows=460978 width=4) (actual time=0.021..478.158 rows=459925 loops=1)
                    Filter: (info_type_id = 99)
                    Rows Removed by Filter: 920110
              ->  Hash  (cost=67604.59..67604.59 rows=667531 width=4) (actual time=1112.434..1112.434 rows=662825 loops=1)
                    Buckets: 131072  Batches: 16  Memory Usage: 2476kB
                    ->  Seq Scan on title t  (cost=0.00..67604.59 rows=667531 width=4) (actual time=0.709..919.051 rows=662825 loops=1)
                          Filter: (kind_id < 2)
                          Rows Removed by Filter: 1865487
Planning time: 1.165 ms
Execution time: 16881.127 ms
