Hash Join  (cost=120239.63..607174.79 rows=668125 width=0) (actual time=2224.024..15237.452 rows=3133275 loops=1)
  Hash Cond: (mi.movie_id = t.id)
  ->  Seq Scan on movie_info mi  (cost=0.00..309384.22 rows=14739122 width=4) (actual time=0.024..6256.476 rows=14835720 loops=1)
  ->  Hash  (cost=118358.90..118358.90 rows=114618 width=8) (actual time=2223.050..2223.050 rows=178038 loops=1)
        Buckets: 131072 (originally 131072)  Batches: 4 (originally 2)  Memory Usage: 3073kB
        ->  Hash Join  (cost=84240.62..118358.90 rows=114618 width=8) (actual time=1353.818..2157.951 rows=178038 loops=1)
              Hash Cond: (mi_idx.movie_id = t.id)
              ->  Seq Scan on movie_info_idx mi_idx  (cost=0.00..25185.44 rows=460978 width=4) (actual time=0.023..431.515 rows=459925 loops=1)
                    Filter: (info_type_id = 99)
                    Rows Removed by Filter: 920110
              ->  Hash  (cost=73925.90..73925.90 rows=628697 width=4) (actual time=1352.873..1352.873 rows=532584 loops=1)
                    Buckets: 131072  Batches: 16  Memory Usage: 2188kB
                    ->  Seq Scan on title t  (cost=0.00..73925.90 rows=628697 width=4) (actual time=0.010..1177.639 rows=532584 loops=1)
                          Filter: ((kind_id < 7) AND (production_year > 1995))
                          Rows Removed by Filter: 1995728
Planning time: 1.154 ms
Execution time: 15589.367 ms
