Hash Join  (cost=194881.80..1366685.89 rows=13433792 width=0) (actual time=4018.742..35495.179 rows=7209094 loops=1)
  Hash Cond: (ci.movie_id = t.id)
  ->  Seq Scan on cast_info ci  (cost=0.00..614943.12 rows=36225612 width=4) (actual time=0.025..12773.540 rows=36244344 loops=1)
  ->  Hash  (cost=179497.92..179497.92 rows=937671 width=8) (actual time=4017.543..4017.543 rows=263537 loops=1)
        Buckets: 131072  Batches: 16  Memory Usage: 1663kB
        ->  Hash Join  (cost=93093.72..179497.92 rows=937671 width=8) (actual time=1710.807..3934.713 rows=263537 loops=1)
              Hash Cond: (mc.movie_id = t.id)
              ->  Seq Scan on movie_companies mc  (cost=0.00..51404.11 rows=1526074 width=4) (actual time=0.007..1131.466 rows=1531933 loops=1)
                    Filter: (company_id > 6877)
                    Rows Removed by Filter: 1077196
              ->  Hash  (cost=67604.59..67604.59 rows=1553611 width=4) (actual time=1704.415..1704.415 rows=1555864 loops=1)
                    Buckets: 131072  Batches: 32  Memory Usage: 2734kB
                    ->  Seq Scan on title t  (cost=0.00..67604.59 rows=1553611 width=4) (actual time=0.010..1206.045 rows=1555864 loops=1)
                          Filter: (kind_id > 4)
                          Rows Removed by Filter: 972448
Planning time: 1.217 ms
Execution time: 36321.793 ms
