Seq Scan on title t  (cost=0.00..73925.90 rows=883094 width=0) (actual time=0.021..1228.582 rows=797389 loops=1)
  Filter: ((kind_id < 7) AND (production_year > 1955))
  Rows Removed by Filter: 1730923
Planning time: 0.329 ms
Execution time: 1332.363 ms
