Hash Join  (cost=98137.04..189790.28 rows=123269 width=0) (actual time=1884.422..3587.931 rows=83341 loops=1)
  Hash Cond: (mk.movie_id = t.id)
  ->  Seq Scan on movie_keyword mk  (cost=0.00..81003.12 rows=167485 width=4) (actual time=0.037..1253.698 rows=182426 loops=1)
        Filter: (keyword_id < 135)
        Rows Removed by Filter: 4341504
  ->  Hash  (cost=67604.59..67604.59 rows=1860996 width=4) (actual time=1883.097..1883.097 rows=1865487 loops=1)
        Buckets: 131072  Batches: 32  Memory Usage: 3085kB
        ->  Seq Scan on title t  (cost=0.00..67604.59 rows=1860996 width=4) (actual time=0.019..1266.195 rows=1865487 loops=1)
              Filter: (kind_id > 1)
              Rows Removed by Filter: 662825
Planning time: 0.736 ms
Execution time: 3597.945 ms
