Hash Join  (cost=74389.43..161710.92 rows=66345 width=0) (actual time=1709.938..2904.130 rows=15604 loops=1)
  Hash Cond: (mk.movie_id = t.id)
  ->  Seq Scan on movie_keyword mk  (cost=0.00..69693.30 rows=4523930 width=4) (actual time=0.017..945.474 rows=4523930 loops=1)
  ->  Hash  (cost=73925.90..73925.90 rows=37082 width=4) (actual time=1089.148..1089.148 rows=41935 loops=1)
        Buckets: 65536  Batches: 1  Memory Usage: 1987kB
        ->  Seq Scan on title t  (cost=0.00..73925.90 rows=37082 width=4) (actual time=0.026..1072.062 rows=41935 loops=1)
              Filter: ((kind_id = 7) AND (production_year = 2002))
              Rows Removed by Filter: 2486377
Planning time: 0.730 ms
Execution time: 2906.462 ms
