Hash Join  (cost=201155.52..1300608.22 rows=1982648 width=0) (actual time=3850.456..28897.462 rows=1603951 loops=1)
  Hash Cond: (ci.movie_id = t.id)
  ->  Seq Scan on cast_info ci  (cost=0.00..614943.12 rows=36225612 width=4) (actual time=0.011..12669.694 rows=36244344 loops=1)
  ->  Hash  (cost=198884.67..198884.67 rows=138388 width=8) (actual time=3849.324..3849.324 rows=41941 loops=1)
        Buckets: 131072  Batches: 2  Memory Usage: 1837kB
        ->  Hash Join  (cost=75195.76..198884.67 rows=138388 width=8) (actual time=1851.016..3827.944 rows=41941 loops=1)
              Hash Cond: (mk.movie_id = t.id)
              ->  Seq Scan on movie_keyword mk  (cost=0.00..69693.30 rows=4523930 width=4) (actual time=0.024..1345.667 rows=4523930 loops=1)
              ->  Hash  (cost=73925.90..73925.90 rows=77348 width=4) (actual time=1161.219..1161.219 rows=84109 loops=1)
                    Buckets: 131072  Batches: 2  Memory Usage: 2515kB
                    ->  Seq Scan on title t  (cost=0.00..73925.90 rows=77348 width=4) (actual time=0.021..1126.715 rows=84109 loops=1)
                          Filter: ((kind_id = 7) AND (production_year = 2008))
                          Rows Removed by Filter: 2444203
Planning time: 1.186 ms
Execution time: 29090.669 ms
