Hash Join  (cost=283635.21..1096368.91 rows=6912506 width=219) (actual time=2252.867..11979.487 rows=18684048 loops=1)
  Hash Cond: (mi.movie_id = t.id)
  ->  Seq Scan on movie_info mi  (cost=0.00..346232.03 rows=12665229 width=75) (actual time=0.012..2166.681 rows=12744652 loops=1)
        Filter: (info_type_id > 2)
        Rows Removed by Filter: 2091068
  ->  Hash  (cost=238082.78..238082.78 rows=1380035 width=144) (actual time=2252.047..2252.047 rows=1380035 loops=1)
        Buckets: 32768  Batches: 64  Memory Usage: 3138kB
        ->  Hash Join  (cost=129928.86..238082.78 rows=1380035 width=144) (actual time=775.506..1815.823 rows=1380035 loops=1)
              Hash Cond: (mi_idx.movie_id = t.id)
              ->  Seq Scan on movie_info_idx mi_idx  (cost=0.00..21735.35 rows=1380035 width=50) (actual time=0.013..109.531 rows=1380035 loops=1)
              ->  Hash  (cost=61283.27..61283.27 rows=2528527 width=94) (actual time=775.236..775.236 rows=2528312 loops=1)
                    Buckets: 32768  Batches: 128  Memory Usage: 2453kB
                    ->  Seq Scan on title t  (cost=0.00..61283.27 rows=2528527 width=94) (actual time=0.009..279.759 rows=2528312 loops=1)
Planning time: 0.990 ms
Execution time: 12474.531 ms
