Seq Scan on movie_keyword mk  (cost=0.00..81003.12 rows=461478 width=0) (actual time=0.024..1398.913 rows=458029 loops=1)
  Filter: (keyword_id > 38731)
  Rows Removed by Filter: 4065901
Planning time: 0.299 ms
Execution time: 1457.731 ms
