Hash Join  (cost=83810.17..148636.68 rows=76765 width=0) (actual time=5304.886..7386.476 rows=43698 loops=1)
  Hash Cond: (mc.movie_id = t.id)
  ->  Seq Scan on movie_companies mc  (cost=0.00..57926.93 rows=196513 width=4) (actual time=1215.311..2777.004 rows=91709 loops=1)
        Filter: ((company_id < 226) AND (company_type_id = 2))
        Rows Removed by Filter: 2517420
  ->  Hash  (cost=67604.59..67604.59 rows=987727 width=4) (actual time=4088.713..4088.713 rows=985048 loops=1)
        Buckets: 131072  Batches: 16  Memory Usage: 3188kB
        ->  Seq Scan on title t  (cost=0.00..67604.59 rows=987727 width=4) (actual time=0.022..3739.832 rows=985048 loops=1)
              Filter: (kind_id < 7)
              Rows Removed by Filter: 1543264
Planning time: 0.663 ms
Execution time: 7392.682 ms
