Hash Join  (cost=83072.93..137739.00 rows=54 width=0) (actual time=1311.284..2369.167 rows=255 loops=1)
  Hash Cond: (mc.movie_id = t.id)
  ->  Seq Scan on movie_companies mc  (cost=0.00..44881.29 rows=2609129 width=4) (actual time=0.020..588.699 rows=2609129 loops=1)
  ->  Hash  (cost=83072.29..83072.29 rows=52 width=8) (actual time=1306.418..1306.418 rows=36 loops=1)
        Buckets: 1024  Batches: 1  Memory Usage: 10kB
        ->  Nested Loop  (cost=0.43..83072.29 rows=52 width=8) (actual time=18.762..1306.349 rows=36 loops=1)
              ->  Seq Scan on movie_keyword mk  (cost=0.00..81003.12 rows=246 width=4) (actual time=0.275..1278.511 rows=816 loops=1)
                    Filter: (keyword_id = 3618)
                    Rows Removed by Filter: 4523114
              ->  Index Scan using title_pkey on title t  (cost=0.43..8.40 rows=1 width=4) (actual time=0.033..0.033 rows=0 loops=816)
                    Index Cond: (id = mk.movie_id)
                    Filter: (production_year > 2009)
                    Rows Removed by Filter: 1
Planning time: 1.192 ms
Execution time: 2369.376 ms
