Seq Scan on cast_info ci  (cost=0.00..796071.18 rows=197008 width=0) (actual time=15319.673..31068.623 rows=75241 loops=1)
  Filter: ((person_id < 2038216) AND (role_id > 10))
  Rows Removed by Filter: 36169103
Planning time: 0.309 ms
Execution time: 31081.328 ms
