Hash Join  (cost=160403.10..665067.10 rows=2329607 width=0) (actual time=6555.460..35488.863 rows=9454879 loops=1)
  Hash Cond: (mi.movie_id = t.id)
  ->  Seq Scan on movie_info mi  (cost=0.00..309384.22 rows=14739122 width=4) (actual time=0.021..18524.787 rows=14835720 loops=1)
  ->  Hash  (cost=153845.49..153845.49 rows=399649 width=8) (actual time=6554.584..6554.584 rows=277538 loops=1)
        Buckets: 131072  Batches: 8  Memory Usage: 2355kB
        ->  Hash Join  (cost=80562.70..153845.49 rows=399649 width=8) (actual time=3573.870..6466.942 rows=277538 loops=1)
              Hash Cond: (mc.movie_id = t.id)
              ->  Seq Scan on movie_companies mc  (cost=0.00..51404.11 rows=1279517 width=4) (actual time=0.022..2078.616 rows=1274246 loops=1)
                    Filter: (company_type_id = 1)
                    Rows Removed by Filter: 1334883
              ->  Hash  (cost=67604.59..67604.59 rows=789769 width=4) (actual time=3572.956..3572.956 rows=784926 loops=1)
                    Buckets: 131072  Batches: 16  Memory Usage: 2749kB
                    ->  Seq Scan on title t  (cost=0.00..67604.59 rows=789769 width=4) (actual time=0.009..2936.353 rows=784926 loops=1)
                          Filter: (production_year > 2007)
                          Rows Removed by Filter: 1743386
Planning time: 1.965 ms
Execution time: 36650.485 ms
