Seq Scan on movie_companies mc  (cost=0.00..51404.11 rows=1652983 width=0) (actual time=0.040..850.179 rows=1643827 loops=1)
  Filter: (company_id < 17909)
  Rows Removed by Filter: 965302
Planning time: 0.231 ms
Execution time: 1049.614 ms
