Hash Join  (cost=78967.17..207666.86 rows=549666 width=0) (actual time=2733.189..8539.140 rows=1855161 loops=1)
  Hash Cond: (mk.movie_id = t.id)
  ->  Seq Scan on movie_keyword mk  (cost=0.00..69693.30 rows=4523930 width=4) (actual time=0.019..3397.338 rows=4523930 loops=1)
  ->  Hash  (cost=73925.90..73925.90 rows=307221 width=4) (actual time=2730.843..2730.843 rows=413321 loops=1)
        Buckets: 131072  Batches: 8  Memory Usage: 2855kB
        ->  Seq Scan on title t  (cost=0.00..73925.90 rows=307221 width=4) (actual time=0.061..2570.154 rows=413321 loops=1)
              Filter: ((kind_id < 3) AND (production_year < 2000))
              Rows Removed by Filter: 2114991
Planning time: 0.509 ms
Execution time: 8750.452 ms
