Nested Loop  (cost=45650.08..118505.28 rows=1498 width=184) (actual time=282.959..672.789 rows=10158 loops=1)
  Join Filter: (mc.movie_id = t.id)
  ->  Hash Join  (cost=45649.65..113417.51 rows=7758 width=90) (actual time=282.928..625.057 rows=10158 loops=1)
        Hash Cond: (mc.movie_id = mi_idx.movie_id)
        ->  Seq Scan on movie_companies mc  (cost=0.00..57926.93 rows=4122 width=40) (actual time=0.321..278.463 rows=7822 loops=1)
              Filter: ((company_type_id > 1) AND (company_id = 424))
              Rows Removed by Filter: 2601307
        ->  Hash  (cost=25185.44..25185.44 rows=919057 width=50) (actual time=282.266..282.266 rows=920110 loops=1)
              Buckets: 65536  Batches: 32  Memory Usage: 1841kB
              ->  Seq Scan on movie_info_idx mi_idx  (cost=0.00..25185.44 rows=919057 width=50) (actual time=0.010..171.399 rows=920110 loops=1)
                    Filter: (info_type_id > 99)
                    Rows Removed by Filter: 459925
  ->  Index Scan using title_pkey on title t  (cost=0.43..0.64 rows=1 width=94) (actual time=0.004..0.004 rows=1 loops=10158)
        Index Cond: (id = mi_idx.movie_id)
Planning time: 0.979 ms
Execution time: 673.288 ms
