Hash Join  (cost=709676.91..1074344.56 rows=1172 width=0) (actual time=15614.918..16458.169 rows=1 loops=1)
  Hash Cond: (mi.movie_id = t.id)
  ->  Seq Scan on movie_info mi  (cost=0.00..309384.22 rows=14739122 width=4) (actual time=0.008..3500.365 rows=14835720 loops=1)
  ->  Hash  (cost=709674.40..709674.40 rows=201 width=8) (actual time=10626.051..10626.051 rows=1 loops=1)
        Buckets: 1024  Batches: 1  Memory Usage: 9kB
        ->  Nested Loop  (cost=0.43..709674.40 rows=201 width=8) (actual time=7203.624..10626.038 rows=1 loops=1)
              ->  Seq Scan on cast_info ci  (cost=0.00..705507.15 rows=500 width=4) (actual time=7203.523..10625.864 rows=2 loops=1)
                    Filter: (person_id = 233121)
                    Rows Removed by Filter: 36244342
              ->  Index Scan using title_pkey on title t  (cost=0.43..8.32 rows=1 width=4) (actual time=0.061..0.062 rows=0 loops=2)
                    Index Cond: (id = ci.movie_id)
                    Filter: ((production_year < 2008) AND (kind_id = 7))
                    Rows Removed by Filter: 0
Planning time: 1.965 ms
Execution time: 16458.304 ms
