Hash Join  (cost=104071.89..290012.54 rows=3916695 width=0) (actual time=1807.624..6972.767 rows=3714819 loops=1)
  Hash Cond: (mk.movie_id = t.id)
  ->  Seq Scan on movie_keyword mk  (cost=0.00..81003.12 rows=4455515 width=4) (actual time=0.023..1801.214 rows=4451961 loops=1)
        Filter: (keyword_id > 62)
        Rows Removed by Filter: 71969
  ->  Hash  (cost=67604.59..67604.59 rows=2222744 width=4) (actual time=1806.597..1806.597 rows=2214818 loops=1)
        Buckets: 131072  Batches: 32  Memory Usage: 3469kB
        ->  Seq Scan on title t  (cost=0.00..67604.59 rows=2222744 width=4) (actual time=0.018..1145.613 rows=2214818 loops=1)
              Filter: (production_year > 1959)
              Rows Removed by Filter: 313494
Planning time: 0.742 ms
Execution time: 7426.194 ms
