Nested Loop  (cost=0.43..798386.14 rows=108 width=0) (actual time=2765.870..37220.183 rows=14 loops=1)
  ->  Seq Scan on cast_info ci  (cost=0.00..796071.18 rows=276 width=4) (actual time=2765.812..37219.182 rows=64 loops=1)
        Filter: ((role_id < 3) AND (person_id = 201329))
        Rows Removed by Filter: 36244280
  ->  Index Scan using title_pkey on title t  (cost=0.43..8.38 rows=1 width=4) (actual time=0.015..0.015 rows=0 loops=64)
        Index Cond: (id = ci.movie_id)
        Filter: (kind_id < 7)
        Rows Removed by Filter: 1
Planning time: 0.717 ms
Execution time: 37220.301 ms
