Seq Scan on movie_companies mc  (cost=0.00..57926.93 rows=446326 width=0) (actual time=0.017..2558.547 rows=644982 loops=1)
  Filter: ((company_id < 3016) AND (company_type_id < 2))
  Rows Removed by Filter: 1964147
Planning time: 5.922 ms
Execution time: 2655.466 ms
