Hash Join  (cost=107058.56..287135.10 rows=4302559 width=0) (actual time=4637.766..12324.049 rows=4482327 loops=1)
  Hash Cond: (mk.movie_id = t.id)
  ->  Seq Scan on movie_keyword mk  (cost=0.00..69693.30 rows=4523930 width=4) (actual time=0.015..3658.910 rows=4523930 loops=1)
  ->  Hash  (cost=67604.59..67604.59 rows=2404798 width=4) (actual time=4636.396..4636.396 rows=2396371 loops=1)
        Buckets: 131072  Batches: 32  Memory Usage: 3667kB
        ->  Seq Scan on title t  (cost=0.00..67604.59 rows=2404798 width=4) (actual time=0.018..3681.137 rows=2396371 loops=1)
              Filter: (production_year > 1914)
              Rows Removed by Filter: 131941
Planning time: 0.672 ms
Execution time: 12945.248 ms
