Hash Join  (cost=129928.86..881382.77 rows=8841901 width=169) (actual time=765.341..7201.003 rows=8950757 loops=1)
  Hash Cond: (mi.movie_id = t.id)
  ->  Seq Scan on movie_info mi  (cost=0.00..346232.03 rows=8841901 width=75) (actual time=0.009..1910.726 rows=8950757 loops=1)
        Filter: (info_type_id > 6)
        Rows Removed by Filter: 5884963
  ->  Hash  (cost=61283.27..61283.27 rows=2528527 width=94) (actual time=764.578..764.578 rows=2528312 loops=1)
        Buckets: 32768  Batches: 128  Memory Usage: 2470kB
        ->  Seq Scan on title t  (cost=0.00..61283.27 rows=2528527 width=94) (actual time=0.009..273.629 rows=2528312 loops=1)
Planning time: 0.471 ms
Execution time: 7431.772 ms
