Seq Scan on movie_companies mc  (cost=0.00..57926.93 rows=1101281 width=0) (actual time=0.020..2636.333 rows=994975 loops=1)
  Filter: ((company_id > 181) AND (company_type_id < 2))
  Rows Removed by Filter: 1614154
Planning time: 0.290 ms
Execution time: 2770.589 ms
