Nested Loop  (cost=0.43..83072.90 rows=3 width=0) (actual time=3119.480..3461.187 rows=1 loops=1)
  ->  Seq Scan on movie_keyword mk  (cost=0.00..81003.12 rows=246 width=4) (actual time=0.879..3434.732 rows=171 loops=1)
        Filter: (keyword_id = 91)
        Rows Removed by Filter: 4523759
  ->  Index Scan using title_pkey on title t  (cost=0.43..8.40 rows=1 width=4) (actual time=0.151..0.151 rows=0 loops=171)
        Index Cond: (id = mk.movie_id)
        Filter: ((kind_id < 7) AND (production_year > 2012))
        Rows Removed by Filter: 1
Planning time: 0.681 ms
Execution time: 3461.291 ms
