Nested Loop  (cost=0.43..83071.67 rows=246 width=0) (actual time=0.370..3625.230 rows=2711 loops=1)
  ->  Seq Scan on movie_keyword mk  (cost=0.00..81003.12 rows=246 width=4) (actual time=0.309..3252.077 rows=2711 loops=1)
        Filter: (keyword_id = 2523)
        Rows Removed by Filter: 4521219
  ->  Index Only Scan using title_pkey on title t  (cost=0.43..8.40 rows=1 width=4) (actual time=0.136..0.136 rows=1 loops=2711)
        Index Cond: (id = mk.movie_id)
        Heap Fetches: 2711
Planning time: 13.982 ms
Execution time: 3628.085 ms
