Seq Scan on movie_keyword mk  (cost=0.00..81003.12 rows=2423163 width=0) (actual time=0.019..3790.806 rows=2413621 loops=1)
  Filter: (keyword_id > 3818)
  Rows Removed by Filter: 2110309
Planning time: 0.294 ms
Execution time: 4149.145 ms
