Hash Join  (cost=102767.86..206316.18 rows=1756444 width=0) (actual time=4707.345..10026.374 rows=1760824 loops=1)
  Hash Cond: (mc.movie_id = t.id)
  ->  Seq Scan on movie_companies mc  (cost=0.00..51404.11 rows=1756444 width=4) (actual time=0.024..3271.591 rows=1760824 loops=1)
        Filter: (company_id > 2316)
        Rows Removed by Filter: 848305
  ->  Hash  (cost=61283.27..61283.27 rows=2528527 width=4) (actual time=4705.601..4705.601 rows=2528312 loops=1)
        Buckets: 131072  Batches: 64  Memory Usage: 2415kB
        ->  Seq Scan on title t  (cost=0.00..61283.27 rows=2528527 width=4) (actual time=0.028..3745.847 rows=2528312 loops=1)
Planning time: 17.775 ms
Execution time: 10257.375 ms
