Hash Join  (cost=438651.36..1198238.01 rows=879753 width=0) (actual time=6926.956..24212.843 rows=20849 loops=1)
  Hash Cond: (ci.movie_id = t.id)
  ->  Seq Scan on cast_info ci  (cost=0.00..614943.12 rows=36225612 width=4) (actual time=0.015..9160.480 rows=36244344 loops=1)
  ->  Hash  (cost=437883.78..437883.78 rows=61406 width=8) (actual time=6925.496..6925.496 rows=2716 loops=1)
        Buckets: 65536  Batches: 1  Memory Usage: 619kB
        ->  Hash Join  (cost=75941.23..437883.78 rows=61406 width=8) (actual time=2017.798..6923.919 rows=2716 loops=1)
              Hash Cond: (mi.movie_id = t.id)
              ->  Seq Scan on movie_info mi  (cost=0.00..346232.03 rows=1264125 width=4) (actual time=838.784..5305.887 rows=1288928 loops=1)
                    Filter: (info_type_id = 2)
                    Rows Removed by Filter: 13546792
              ->  Hash  (cost=73925.90..73925.90 rows=122826 width=4) (actual time=1177.283..1177.283 rows=5119 loops=1)
                    Buckets: 131072  Batches: 2  Memory Usage: 1120kB
                    ->  Seq Scan on title t  (cost=0.00..73925.90 rows=122826 width=4) (actual time=6.820..1172.732 rows=5119 loops=1)
                          Filter: ((kind_id > 1) AND (production_year < 1951))
                          Rows Removed by Filter: 2523193
Planning time: 1.186 ms
Execution time: 24218.124 ms
