Seq Scan on movie_companies mc  (cost=0.00..51404.11 rows=54816 width=40) (actual time=222.815..830.373 rows=53722 loops=1)
  Filter: (company_id > 188569)
  Rows Removed by Filter: 2555407
Planning time: 0.479 ms
Execution time: 833.743 ms
