Hash Join  (cost=202210.85..247224.16 rows=426683 width=0) (actual time=7967.381..9698.904 rows=1990842 loops=1)
  Hash Cond: (mi_idx.movie_id = t.id)
  ->  Seq Scan on movie_info_idx mi_idx  (cost=0.00..21735.35 rows=1380035 width=4) (actual time=0.022..439.222 rows=1380035 loops=1)
  ->  Hash  (cost=189384.65..189384.65 rows=781776 width=8) (actual time=7966.565..7966.565 rows=1078058 loops=1)
        Buckets: 131072  Batches: 16  Memory Usage: 3631kB
        ->  Hash Join  (cost=102767.86..189384.65 rows=781776 width=8) (actual time=4824.074..7660.385 rows=1078058 loops=1)
              Hash Cond: (mc.movie_id = t.id)
              ->  Seq Scan on movie_companies mc  (cost=0.00..57926.93 rows=781776 width=4) (actual time=0.019..1559.257 rows=1078058 loops=1)
                    Filter: ((company_id < 15821) AND (company_type_id < 2))
                    Rows Removed by Filter: 1531071
              ->  Hash  (cost=61283.27..61283.27 rows=2528527 width=4) (actual time=4822.182..4822.182 rows=2528312 loops=1)
                    Buckets: 131072  Batches: 64  Memory Usage: 2415kB
                    ->  Seq Scan on title t  (cost=0.00..61283.27 rows=2528527 width=4) (actual time=0.011..3832.537 rows=2528312 loops=1)
Planning time: 1.033 ms
Execution time: 9935.560 ms
