Hash Join  (cost=102767.86..1612068.97 rows=32993844 width=0) (actual time=1974.247..49925.583 rows=32977057 loops=1)
  Hash Cond: (ci.movie_id = t.id)
  ->  Seq Scan on cast_info ci  (cost=0.00..705507.15 rows=32993844 width=4) (actual time=0.020..16850.354 rows=32977057 loops=1)
        Filter: (person_id < 3460463)
        Rows Removed by Filter: 3267287
  ->  Hash  (cost=61283.27..61283.27 rows=2528527 width=4) (actual time=1972.820..1972.820 rows=2528312 loops=1)
        Buckets: 131072  Batches: 64  Memory Usage: 2415kB
        ->  Seq Scan on title t  (cost=0.00..61283.27 rows=2528527 width=4) (actual time=0.019..1113.233 rows=2528312 loops=1)
Planning time: 0.736 ms
Execution time: 53450.185 ms
