Seq Scan on movie_keyword mk  (cost=0.00..81003.12 rows=2094148 width=0) (actual time=0.017..3960.936 rows=2091185 loops=1)
  Filter: (keyword_id > 5766)
  Rows Removed by Filter: 2432745
Planning time: 0.279 ms
Execution time: 4269.205 ms
