Hash Join  (cost=87428.23..618422.11 rows=4797295 width=0) (actual time=2579.431..16364.493 rows=2382831 loops=1)
  Hash Cond: (mi.movie_id = t.id)
  ->  Seq Scan on movie_info mi  (cost=0.00..309384.22 rows=14739122 width=4) (actual time=0.009..6077.628 rows=14835720 loops=1)
  ->  Hash  (cost=73925.90..73925.90 rows=822986 width=4) (actual time=1828.105..1828.105 rows=738761 loops=1)
        Buckets: 131072  Batches: 16  Memory Usage: 2654kB
        ->  Seq Scan on title t  (cost=0.00..73925.90 rows=822986 width=4) (actual time=226.221..1243.890 rows=738761 loops=1)
              Filter: ((production_year < 2005) AND (kind_id = 7))
              Rows Removed by Filter: 1789551
Planning time: 1.830 ms
Execution time: 16641.867 ms
