Hash Join  (cost=426669.31..1250029.47 rows=37698 width=0) (actual time=28475.298..56341.194 rows=13 loops=1)
  Hash Cond: (ci.movie_id = t.id)
  ->  Seq Scan on cast_info ci  (cost=0.00..796071.18 rows=7176536 width=4) (actual time=3982.711..36323.789 rows=12670688 loops=1)
        Filter: ((person_id < 2043940) AND (role_id = 1))
        Rows Removed by Filter: 23573656
  ->  Hash  (cost=426503.29..426503.29 rows=13282 width=8) (actual time=17703.620..17703.620 rows=7 loops=1)
        Buckets: 16384  Batches: 1  Memory Usage: 129kB
        ->  Hash Join  (cost=75364.38..426503.29 rows=13282 width=8) (actual time=4527.689..17703.600 rows=7 loops=1)
              Hash Cond: (mi.movie_id = t.id)
              ->  Seq Scan on movie_info mi  (cost=0.00..346232.03 rows=383217 width=4) (actual time=8.428..14190.916 rows=368218 loops=1)
                    Filter: (info_type_id = 17)
                    Rows Removed by Filter: 14467502
              ->  Hash  (cost=73925.90..73925.90 rows=87638 width=4) (actual time=3385.938..3385.938 rows=9 loops=1)
                    Buckets: 131072  Batches: 2  Memory Usage: 1031kB
                    ->  Seq Scan on title t  (cost=0.00..73925.90 rows=87638 width=4) (actual time=463.031..3385.813 rows=9 loops=1)
                          Filter: ((kind_id > 2) AND (production_year < 1935))
                          Rows Removed by Filter: 2528303
Planning time: 1.099 ms
Execution time: 56341.311 ms
