Seq Scan on movie_companies mc  (cost=0.00..51404.11 rows=104 width=0) (actual time=132.949..2318.069 rows=448 loops=1)
  Filter: (company_id = 7144)
  Rows Removed by Filter: 2608681
Planning time: 0.262 ms
Execution time: 2318.269 ms
