Seq Scan on cast_info ci  (cost=0.00..796071.18 rows=505083 width=42) (actual time=10026.651..15201.995 rows=466780 loops=1)
  Filter: ((person_id < 1018786) AND (role_id = 8))
  Rows Removed by Filter: 35777564
Planning time: 0.396 ms
Execution time: 15228.114 ms
