Seq Scan on movie_companies mc  (cost=0.00..57926.93 rows=13961 width=0) (actual time=0.106..961.046 rows=14470 loops=1)
  Filter: ((company_type_id > 1) AND (company_id = 27))
  Rows Removed by Filter: 2594659
Planning time: 0.376 ms
Execution time: 963.247 ms
