Hash Join  (cost=77098.19..568928.01 rows=1126789 width=0) (actual time=1226.829..14155.903 rows=3832291 loops=1)
  Hash Cond: (mi.movie_id = t.id)
  ->  Seq Scan on movie_info mi  (cost=0.00..309384.22 rows=14739122 width=4) (actual time=0.009..5341.438 rows=14835720 loops=1)
  ->  Hash  (cost=73925.90..73925.90 rows=193303 width=4) (actual time=1226.166..1226.166 rows=326972 loops=1)
        Buckets: 131072  Batches: 4  Memory Usage: 3909kB
        ->  Seq Scan on title t  (cost=0.00..73925.90 rows=193303 width=4) (actual time=0.019..1116.382 rows=326972 loops=1)
              Filter: ((kind_id < 3) AND (production_year < 1988))
              Rows Removed by Filter: 2201340
Planning time: 8.022 ms
Execution time: 14592.547 ms
