Seq Scan on movie_keyword mk  (cost=0.00..81003.12 rows=6484 width=0) (actual time=0.571..1298.561 rows=6780 loops=1)
  Filter: (keyword_id = 1135)
  Rows Removed by Filter: 4517150
Planning time: 0.365 ms
Execution time: 1300.308 ms
