Hash Join  (cost=90991.69..235667.51 rows=1860978 width=0) (actual time=3061.374..5398.569 rows=464413 loops=1)
  Hash Cond: (mk.movie_id = t.id)
  ->  Seq Scan on movie_keyword mk  (cost=0.00..69693.30 rows=4523930 width=4) (actual time=0.024..1454.991 rows=4523930 loops=1)
  ->  Hash  (cost=73925.90..73925.90 rows=1040143 width=4) (actual time=1687.075..1687.075 rows=1134228 loops=1)
        Buckets: 131072  Batches: 16  Memory Usage: 3531kB
        ->  Seq Scan on title t  (cost=0.00..73925.90 rows=1040143 width=4) (actual time=0.027..1327.740 rows=1134228 loops=1)
              Filter: ((production_year > 1992) AND (kind_id = 7))
              Rows Removed by Filter: 1394084
Planning time: 1.187 ms
Execution time: 5458.555 ms
