Seq Scan on movie_keyword mk  (cost=0.00..81003.12 rows=2957572 width=0) (actual time=0.019..1538.339 rows=2940563 loops=1)
  Filter: (keyword_id < 9837)
  Rows Removed by Filter: 1583367
Planning time: 0.231 ms
Execution time: 1902.521 ms
