Hash Join  (cost=102767.86..280295.36 rows=3600885 width=0) (actual time=1942.152..6470.992 rows=3593291 loops=1)
  Hash Cond: (mk.movie_id = t.id)
  ->  Seq Scan on movie_keyword mk  (cost=0.00..81003.12 rows=3600885 width=4) (actual time=0.014..1658.777 rows=3593291 loops=1)
        Filter: (keyword_id > 870)
        Rows Removed by Filter: 930639
  ->  Hash  (cost=61283.27..61283.27 rows=2528527 width=4) (actual time=1939.816..1939.816 rows=2528312 loops=1)
        Buckets: 131072  Batches: 64  Memory Usage: 2425kB
        ->  Seq Scan on title t  (cost=0.00..61283.27 rows=2528527 width=4) (actual time=0.021..1102.399 rows=2528312 loops=1)
Planning time: 0.804 ms
Execution time: 6873.159 ms
