Hash Join  (cost=469969.47..548917.74 rows=282774 width=0) (actual time=8442.100..12157.746 rows=6429197 loops=1)
  Hash Cond: (mc.movie_id = t.id)
  ->  Seq Scan on movie_companies mc  (cost=0.00..44881.29 rows=2609129 width=4) (actual time=0.019..988.755 rows=2609129 loops=1)
  ->  Hash  (cost=465473.00..465473.00 rows=274038 width=8) (actual time=8441.409..8441.409 rows=306788 loops=1)
        Buckets: 131072 (originally 131072)  Batches: 8 (originally 4)  Memory Usage: 3891kB
        ->  Hash Join  (cost=102767.86..465473.00 rows=274038 width=8) (actual time=6583.368..8359.352 rows=306788 loops=1)
              Hash Cond: (mi.movie_id = t.id)
              ->  Seq Scan on movie_info mi  (cost=0.00..346232.03 rows=274038 width=4) (actual time=4157.877..5389.429 rows=306788 loops=1)
                    Filter: (info_type_id > 105)
                    Rows Removed by Filter: 14528932
              ->  Hash  (cost=61283.27..61283.27 rows=2528527 width=4) (actual time=2373.652..2373.652 rows=2528312 loops=1)
                    Buckets: 131072  Batches: 64  Memory Usage: 2425kB
                    ->  Seq Scan on title t  (cost=0.00..61283.27 rows=2528527 width=4) (actual time=0.026..1223.159 rows=2528312 loops=1)
Planning time: 0.713 ms
Execution time: 12949.991 ms
