Seq Scan on title t  (cost=0.00..73925.90 rows=579879 width=0) (actual time=0.025..1269.216 rows=492958 loops=1)
  Filter: ((kind_id < 7) AND (production_year > 1998))
  Rows Removed by Filter: 2035354
Planning time: 0.284 ms
Execution time: 1333.724 ms
