Hash Join  (cost=91879.05..215223.69 rows=1036713 width=0) (actual time=1755.624..4665.111 rows=228428 loops=1)
  Hash Cond: (mk.movie_id = t.id)
  ->  Seq Scan on movie_keyword mk  (cost=0.00..81003.12 rows=2395569 width=4) (actual time=0.030..1681.659 rows=2396249 loops=1)
        Filter: (keyword_id < 5569)
        Rows Removed by Filter: 2127681
  ->  Hash  (cost=73925.90..73925.90 rows=1094252 width=4) (actual time=1689.880..1689.880 rows=1044222 loops=1)
        Buckets: 131072  Batches: 16  Memory Usage: 3325kB
        ->  Seq Scan on title t  (cost=0.00..73925.90 rows=1094252 width=4) (actual time=0.024..1354.619 rows=1044222 loops=1)
              Filter: ((production_year < 2009) AND (kind_id = 7))
              Rows Removed by Filter: 1484090
Planning time: 0.805 ms
Execution time: 4693.325 ms
