Seq Scan on movie_companies mc  (cost=0.00..51404.11 rows=2101844 width=0) (actual time=0.023..977.037 rows=2104484 loops=1)
  Filter: (company_id > 452)
  Rows Removed by Filter: 504645
Planning time: 0.323 ms
Execution time: 1241.335 ms
