Hash Join  (cost=525525.35..1750868.78 rows=3200208 width=211) (actual time=8677.233..42590.439 rows=15566245 loops=1)
  Hash Cond: (ci.movie_id = t.id)
  ->  Seq Scan on cast_info ci  (cost=0.00..705507.15 rows=22460311 width=42) (actual time=0.066..11442.235 rows=22313118 loops=1)
        Filter: (person_id < 2273919)
        Rows Removed by Filter: 13931226
  ->  Hash  (cost=512225.95..512225.95 rows=360272 width=169) (actual time=8676.241..8676.241 rows=441866 loops=1)
        Buckets: 32768  Batches: 32  Memory Usage: 2150kB
        ->  Hash Join  (cost=119822.12..512225.95 rows=360272 width=169) (actual time=5249.936..8374.414 rows=441866 loops=1)
              Hash Cond: (mi.movie_id = t.id)
              ->  Seq Scan on movie_info mi  (cost=0.00..346232.03 rows=473617 width=75) (actual time=3218.481..4990.775 rows=486554 loops=1)
                    Filter: (info_type_id = 5)
                    Rows Removed by Filter: 14349166
              ->  Hash  (cost=67604.59..67604.59 rows=1923403 width=94) (actual time=2023.969..2023.969 rows=1922849 loops=1)
                    Buckets: 32768  Batches: 64  Memory Usage: 3639kB
                    ->  Seq Scan on title t  (cost=0.00..67604.59 rows=1923403 width=94) (actual time=0.021..1200.588 rows=1922849 loops=1)
                          Filter: (production_year < 2010)
                          Rows Removed by Filter: 605463
Planning time: 1.627 ms
Execution time: 43405.509 ms
