Seq Scan on movie_keyword mk  (cost=0.00..81003.12 rows=4209937 width=0) (actual time=0.021..1703.000 rows=4212503 loops=1)
  Filter: (keyword_id < 52420)
  Rows Removed by Filter: 311427
Planning time: 0.259 ms
Execution time: 2238.100 ms
