Hash Join  (cost=852330.43..997292.62 rows=1884515 width=0) (actual time=17104.800..21929.428 rows=4926853 loops=1)
  Hash Cond: (mk.movie_id = t.id)
  ->  Seq Scan on movie_keyword mk  (cost=0.00..69693.30 rows=4523930 width=4) (actual time=0.025..1536.232 rows=4523930 loops=1)
  ->  Hash  (cost=835049.21..835049.21 rows=1053298 width=8) (actual time=17103.736..17103.736 rows=1091146 loops=1)
        Buckets: 131072  Batches: 16  Memory Usage: 3672kB
        ->  Hash Join  (cost=83580.70..835049.21 rows=1053298 width=8) (actual time=2617.993..16752.389 rows=1091146 loops=1)
              Hash Cond: (ci.movie_id = t.id)
              ->  Seq Scan on cast_info ci  (cost=0.00..705507.15 rows=2735034 width=4) (actual time=1047.559..13020.300 rows=2728943 loops=1)
                    Filter: (role_id = 4)
                    Rows Removed by Filter: 33515401
              ->  Hash  (cost=67604.59..67604.59 rows=973769 width=4) (actual time=1569.345..1569.345 rows=971188 loops=1)
                    Buckets: 131072  Batches: 16  Memory Usage: 3161kB
                    ->  Seq Scan on title t  (cost=0.00..67604.59 rows=973769 width=4) (actual time=0.018..1257.730 rows=971188 loops=1)
                          Filter: (production_year < 1999)
                          Rows Removed by Filter: 1557124
Planning time: 1.034 ms
Execution time: 22500.849 ms
