Seq Scan on movie_keyword mk  (cost=0.00..81003.12 rows=246 width=0) (actual time=0.662..1407.527 rows=1831 loops=1)
  Filter: (keyword_id = 5274)
  Rows Removed by Filter: 4522099
Planning time: 0.382 ms
Execution time: 1408.143 ms
