Hash Join  (cost=116949.60..1046900.14 rows=624237 width=0) (actual time=2794.385..24475.422 rows=1194299 loops=1)
  Hash Cond: (ci.movie_id = t.id)
  ->  Seq Scan on cast_info ci  (cost=0.00..705507.15 rows=18842942 width=4) (actual time=0.050..14382.323 rows=18974126 loops=1)
        Filter: (person_id > 1705750)
        Rows Removed by Filter: 17270218
  ->  Hash  (cost=115574.52..115574.52 rows=83766 width=8) (actual time=2793.557..2793.557 rows=76581 loops=1)
        Buckets: 131072  Batches: 2  Memory Usage: 2511kB
        ->  Hash Join  (cost=76444.38..115574.52 rows=83766 width=8) (actual time=1177.230..2761.765 rows=76581 loops=1)
              Hash Cond: (mi_idx.movie_id = t.id)
              ->  Seq Scan on movie_info_idx mi_idx  (cost=0.00..21735.35 rows=1380035 width=4) (actual time=0.024..478.803 rows=1380035 loops=1)
              ->  Hash  (cost=73925.90..73925.90 rows=153478 width=4) (actual time=1176.412..1176.412 rows=134760 loops=1)
                    Buckets: 131072  Batches: 4  Memory Usage: 2216kB
                    ->  Seq Scan on title t  (cost=0.00..73925.90 rows=153478 width=4) (actual time=0.022..1129.988 rows=134760 loops=1)
                          Filter: ((kind_id < 7) AND (production_year > 2010))
                          Rows Removed by Filter: 2393552
Planning time: 1.157 ms
Execution time: 24634.840 ms
