Seq Scan on movie_keyword mk  (cost=0.00..81003.12 rows=4429032 width=0) (actual time=0.025..1587.692 rows=4430854 loops=1)
  Filter: (keyword_id < 84194)
  Rows Removed by Filter: 93076
Planning time: 0.281 ms
Execution time: 2151.632 ms
