Hash Join  (cost=231792.14..1137571.48 rows=4929849 width=0) (actual time=11047.435..30819.722 rows=17955456 loops=1)
  Hash Cond: (ci.movie_id = t.id)
  ->  Seq Scan on cast_info ci  (cost=0.00..705507.15 rows=12726058 width=4) (actual time=5672.645..14697.688 rows=12670688 loops=1)
        Filter: (role_id = 1)
        Rows Removed by Filter: 23573656
  ->  Hash  (cost=215721.31..215721.31 rows=979506 width=8) (actual time=5373.686..5373.686 rows=1121197 loops=1)
        Buckets: 131072  Batches: 16  Memory Usage: 3793kB
        ->  Hash Join  (cost=101489.21..215721.31 rows=979506 width=8) (actual time=2044.538..5073.054 rows=1121197 loops=1)
              Hash Cond: (mk.movie_id = t.id)
              ->  Seq Scan on movie_keyword mk  (cost=0.00..81003.12 rows=1199183 width=4) (actual time=0.038..1506.823 rows=1200947 loops=1)
                    Filter: (keyword_id < 1485)
                    Rows Removed by Filter: 3322983
              ->  Hash  (cost=67604.59..67604.59 rows=2065330 width=4) (actual time=2043.556..2043.556 rows=2064552 loops=1)
                    Buckets: 131072  Batches: 32  Memory Usage: 3298kB
                    ->  Seq Scan on title t  (cost=0.00..67604.59 rows=2065330 width=4) (actual time=0.024..1364.740 rows=2064552 loops=1)
                          Filter: (production_year < 2011)
                          Rows Removed by Filter: 463760
Planning time: 1.079 ms
Execution time: 32733.415 ms
