Seq Scan on movie_keyword mk  (cost=0.00..81003.12 rows=3970204 width=0) (actual time=0.020..1604.279 rows=3968204 loops=1)
  Filter: (keyword_id > 397)
  Rows Removed by Filter: 555726
Planning time: 0.361 ms
Execution time: 2097.867 ms
