Seq Scan on title t  (cost=0.00..73925.90 rows=39509 width=0) (actual time=51.206..1104.813 rows=101191 loops=1)
  Filter: ((kind_id < 7) AND (production_year < 1925))
  Rows Removed by Filter: 2427121
Planning time: 0.325 ms
Execution time: 1118.361 ms
