Hash Join  (cost=102767.86..1603241.85 rows=32627006 width=0) (actual time=2172.689..48377.059 rows=32765998 loops=1)
  Hash Cond: (ci.movie_id = t.id)
  ->  Seq Scan on cast_info ci  (cost=0.00..705507.15 rows=32627006 width=4) (actual time=0.013..16859.267 rows=32765998 loops=1)
        Filter: (person_id > 333852)
        Rows Removed by Filter: 3478346
  ->  Hash  (cost=61283.27..61283.27 rows=2528527 width=4) (actual time=2171.360..2171.360 rows=2528312 loops=1)
        Buckets: 131072  Batches: 64  Memory Usage: 2415kB
        ->  Seq Scan on title t  (cost=0.00..61283.27 rows=2528527 width=4) (actual time=0.022..1076.734 rows=2528312 loops=1)
Planning time: 0.784 ms
Execution time: 51926.257 ms
