Seq Scan on movie_keyword mk  (cost=0.00..81003.12 rows=246 width=0) (actual time=5.063..1332.495 rows=128 loops=1)
  Filter: (keyword_id = 2942)
  Rows Removed by Filter: 4523802
Planning time: 0.321 ms
Execution time: 1332.663 ms
