Hash Join  (cost=82302.28..215464.73 rows=394438 width=106) (actual time=726.367..3605.199 rows=461139 loops=1)
  Hash Cond: (mk.movie_id = t.id)
  ->  Seq Scan on movie_keyword mk  (cost=0.00..81003.12 rows=3232786 width=12) (actual time=0.027..1154.882 rows=3221037 loops=1)
        Filter: (keyword_id < 13516)
        Rows Removed by Filter: 1302893
  ->  Hash  (cost=73925.90..73925.90 rows=308510 width=94) (actual time=725.881..725.881 rows=266599 loops=1)
        Buckets: 32768  Batches: 16  Memory Usage: 2098kB
        ->  Seq Scan on title t  (cost=0.00..73925.90 rows=308510 width=94) (actual time=0.018..640.723 rows=266599 loops=1)
              Filter: ((kind_id < 7) AND (production_year > 2007))
              Rows Removed by Filter: 2261713
Planning time: 0.890 ms
Execution time: 3629.517 ms
