Seq Scan on movie_keyword mk  (cost=0.00..81003.12 rows=3489829 width=0) (actual time=0.022..1550.132 rows=3484368 loops=1)
  Filter: (keyword_id < 17054)
  Rows Removed by Filter: 1039562
Planning time: 0.291 ms
Execution time: 1977.608 ms
