Hash Join  (cost=102324.96..189569.59 rows=58659 width=0) (actual time=2046.497..4056.832 rows=305181 loops=1)
  Hash Cond: (mk.movie_id = t.id)
  ->  Seq Scan on movie_keyword mk  (cost=0.00..69693.30 rows=4523930 width=4) (actual time=0.023..1132.609 rows=4523930 loops=1)
  ->  Hash  (cost=101915.13..101915.13 rows=32786 width=8) (actual time=2003.799..2003.799 rows=60519 loops=1)
        Buckets: 65536  Batches: 1  Memory Usage: 2877kB
        ->  Hash Join  (cost=74676.79..101915.13 rows=32786 width=8) (actual time=1290.301..1984.225 rows=60519 loops=1)
              Hash Cond: (mi_idx.movie_id = t.id)
              ->  Seq Scan on movie_info_idx mi_idx  (cost=0.00..21735.35 rows=1380035 width=4) (actual time=0.017..340.600 rows=1380035 loops=1)
              ->  Hash  (cost=73925.90..73925.90 rows=60071 width=4) (actual time=1289.955..1289.955 rows=48995 loops=1)
                    Buckets: 65536  Batches: 1  Memory Usage: 2235kB
                    ->  Seq Scan on title t  (cost=0.00..73925.90 rows=60071 width=4) (actual time=697.283..1271.199 rows=48995 loops=1)
                          Filter: ((production_year > 1998) AND (kind_id = 3))
                          Rows Removed by Filter: 2479317
Planning time: 0.994 ms
Execution time: 4094.965 ms
