Seq Scan on movie_companies mc  (cost=0.00..57926.93 rows=51 width=0) (actual time=751.352..901.134 rows=2 loops=1)
  Filter: ((company_id = 40716) AND (company_type_id = 1))
  Rows Removed by Filter: 2609127
Planning time: 0.448 ms
Execution time: 901.229 ms
