Hash Join  (cost=156487.41..1214617.53 rows=3544670 width=0) (actual time=3272.366..33294.158 rows=7153664 loops=1)
  Hash Cond: (ci.movie_id = t.id)
  ->  Seq Scan on cast_info ci  (cost=0.00..796071.18 rows=19442997 width=4) (actual time=0.024..17872.840 rows=20122661 loops=1)
        Filter: ((person_id < 3852859) AND (role_id < 3))
        Rows Removed by Filter: 16121683
  ->  Hash  (cost=148924.19..148924.19 rows=460978 width=8) (actual time=3271.578..3271.578 rows=459925 loops=1)
        Buckets: 131072  Batches: 8  Memory Usage: 3275kB
        ->  Hash Join  (cost=102767.86..148924.19 rows=460978 width=8) (actual time=1816.003..3137.108 rows=459925 loops=1)
              Hash Cond: (mi_idx.movie_id = t.id)
              ->  Seq Scan on movie_info_idx mi_idx  (cost=0.00..25185.44 rows=460978 width=4) (actual time=0.023..520.672 rows=459925 loops=1)
                    Filter: (info_type_id < 100)
                    Rows Removed by Filter: 920110
              ->  Hash  (cost=61283.27..61283.27 rows=2528527 width=4) (actual time=1813.823..1813.823 rows=2528312 loops=1)
                    Buckets: 131072  Batches: 64  Memory Usage: 2415kB
                    ->  Seq Scan on title t  (cost=0.00..61283.27 rows=2528527 width=4) (actual time=0.013..974.184 rows=2528312 loops=1)
Planning time: 1.235 ms
Execution time: 34070.176 ms
