Hash Join  (cost=134575.89..218657.51 rows=3730 width=0) (actual time=3405.897..3719.888 rows=9702 loops=1)
  Hash Cond: (mk.movie_id = t.id)
  ->  Seq Scan on movie_keyword mk  (cost=0.00..81003.12 rows=810985 width=4) (actual time=0.017..1355.649 rows=813986 loops=1)
        Filter: (keyword_id > 22508)
        Rows Removed by Filter: 3709944
  ->  Hash  (cost=134430.52..134430.52 rows=11629 width=8) (actual time=2219.873..2219.873 rows=12809 loops=1)
        Buckets: 16384  Batches: 1  Memory Usage: 629kB
        ->  Hash Join  (cost=74787.47..134430.52 rows=11629 width=8) (actual time=1160.172..2215.272 rows=12809 loops=1)
              Hash Cond: (mc.movie_id = t.id)
              ->  Seq Scan on movie_companies mc  (cost=0.00..57926.93 rows=426622 width=4) (actual time=0.022..889.093 rows=611506 loops=1)
                    Filter: ((company_id < 2561) AND (company_type_id < 2))
                    Rows Removed by Filter: 1997623
              ->  Hash  (cost=73925.90..73925.90 rows=68925 width=4) (actual time=1159.466..1159.466 rows=84076 loops=1)
                    Buckets: 131072  Batches: 1  Memory Usage: 3980kB
                    ->  Seq Scan on title t  (cost=0.00..73925.90 rows=68925 width=4) (actual time=0.024..1127.742 rows=84076 loops=1)
                          Filter: ((kind_id = 7) AND (production_year = 2007))
                          Rows Removed by Filter: 2444236
Planning time: 1.223 ms
Execution time: 3721.419 ms
