Hash Join  (cost=78306.32..118499.01 rows=145721 width=0) (actual time=1465.652..2165.933 rows=174118 loops=1)
  Hash Cond: (mi_idx.movie_id = t.id)
  ->  Seq Scan on movie_info_idx mi_idx  (cost=0.00..21735.35 rows=1380035 width=4) (actual time=0.018..473.270 rows=1380035 loops=1)
  ->  Hash  (cost=73925.90..73925.90 rows=266993 width=4) (actual time=1190.702..1190.702 rows=216282 loops=1)
        Buckets: 131072  Batches: 4  Memory Usage: 2928kB
        ->  Seq Scan on title t  (cost=0.00..73925.90 rows=266993 width=4) (actual time=238.114..1120.447 rows=216282 loops=1)
              Filter: ((production_year > 2005) AND (kind_id = 1))
              Rows Removed by Filter: 2312030
Planning time: 0.483 ms
Execution time: 2180.168 ms
