Seq Scan on title t  (cost=0.00..67604.59 rows=7437 width=0) (actual time=0.035..1138.259 rows=11073 loops=1)
  Filter: (production_year = 1961)
  Rows Removed by Filter: 2517239
Planning time: 0.238 ms
Execution time: 1140.912 ms
