Hash Join  (cost=52284.46..79212.10 rows=8 width=0) (actual time=963.276..1502.053 rows=232 loops=1)
  Hash Cond: (mi_idx.movie_id = t.id)
  ->  Seq Scan on movie_info_idx mi_idx  (cost=0.00..25185.44 rows=464566 width=4) (actual time=0.024..474.243 rows=459925 loops=1)
        Filter: (info_type_id = 101)
        Rows Removed by Filter: 920110
  ->  Hash  (cost=52283.95..52283.95 rows=41 width=8) (actual time=962.050..962.050 rows=317 loops=1)
        Buckets: 1024  Batches: 1  Memory Usage: 21kB
        ->  Nested Loop  (cost=0.43..52283.95 rows=41 width=8) (actual time=15.006..961.774 rows=317 loops=1)
              ->  Seq Scan on movie_companies mc  (cost=0.00..51404.11 rows=104 width=4) (actual time=14.936..937.413 rows=331 loops=1)
                    Filter: (company_id = 601)
                    Rows Removed by Filter: 2608798
              ->  Index Scan using title_pkey on title t  (cost=0.43..8.45 rows=1 width=4) (actual time=0.071..0.072 rows=1 loops=331)
                    Index Cond: (id = mc.movie_id)
                    Filter: (kind_id < 7)
                    Rows Removed by Filter: 0
Planning time: 1.062 ms
Execution time: 1502.292 ms
