Seq Scan on movie_keyword mk  (cost=0.00..81003.12 rows=35287 width=12) (actual time=0.049..740.539 rows=29440 loops=1)
  Filter: (keyword_id = 359)
  Rows Removed by Filter: 4494490
Planning time: 0.342 ms
Execution time: 742.229 ms
