Hash Join  (cost=839251.30..1358371.32 rows=1957819 width=0) (actual time=15384.297..29745.985 rows=5228789 loops=1)
  Hash Cond: (mi.movie_id = t.id)
  ->  Seq Scan on movie_info mi  (cost=0.00..309384.22 rows=14739122 width=4) (actual time=0.011..6195.873 rows=14835720 loops=1)
  ->  Hash  (cost=833740.95..833740.95 rows=335868 width=8) (actual time=15383.357..15383.357 rows=245511 loops=1)
        Buckets: 131072  Batches: 8  Memory Usage: 2249kB
        ->  Hash Join  (cost=77377.73..833740.95 rows=335868 width=8) (actual time=1490.211..15301.892 rows=245511 loops=1)
              Hash Cond: (ci.movie_id = t.id)
              ->  Seq Scan on cast_info ci  (cost=0.00..705507.15 rows=4036637 width=4) (actual time=225.766..11931.066 rows=4070952 loops=1)
                    Filter: (person_id > 3310449)
                    Rows Removed by Filter: 32173392
              ->  Hash  (cost=73925.90..73925.90 rows=210386 width=4) (actual time=1263.579..1263.579 rows=320579 loops=1)
                    Buckets: 131072  Batches: 4  Memory Usage: 3842kB
                    ->  Seq Scan on title t  (cost=0.00..73925.90 rows=210386 width=4) (actual time=0.086..1155.980 rows=320579 loops=1)
                          Filter: ((kind_id < 7) AND (production_year < 1982))
                          Rows Removed by Filter: 2207733
Planning time: 2.320 ms
Execution time: 30387.230 ms
