Seq Scan on movie_keyword mk  (cost=0.00..81003.12 rows=2400590 width=0) (actual time=0.026..1487.124 rows=2393790 loops=1)
  Filter: (keyword_id > 3921)
  Rows Removed by Filter: 2130140
Planning time: 0.322 ms
Execution time: 1786.131 ms
