Seq Scan on cast_info ci  (cost=0.00..796071.18 rows=18528854 width=42) (actual time=0.018..8774.154 rows=21464772 loops=1)
  Filter: ((person_id > 733417) AND (role_id > 1))
  Rows Removed by Filter: 14779572
Planning time: 0.331 ms
Execution time: 9644.869 ms
