Nested Loop  (cost=0.43..132162.07 rows=335 width=0) (actual time=19.618..1898.146 rows=177 loops=1)
  ->  Seq Scan on movie_keyword mk  (cost=0.00..81003.12 rows=7389 width=4) (actual time=0.033..1146.056 rows=9638 loops=1)
        Filter: (keyword_id = 236)
        Rows Removed by Filter: 4514292
  ->  Index Scan using title_pkey on title t  (cost=0.43..6.91 rows=1 width=4) (actual time=0.077..0.077 rows=0 loops=9638)
        Index Cond: (id = mk.movie_id)
        Filter: (kind_id = 4)
        Rows Removed by Filter: 1
Planning time: 0.553 ms
Execution time: 1898.379 ms
