Hash Join  (cost=200214.01..1007966.44 rows=104431 width=0) (actual time=9108.783..19666.756 rows=6705578 loops=1)
  Hash Cond: (ci.movie_id = t.id)
  ->  Seq Scan on cast_info ci  (cost=0.00..796071.18 rows=809585 width=4) (actual time=4813.314..10835.678 rows=1851077 loops=1)
        Filter: ((person_id > 3696658) AND (role_id > 2))
        Rows Removed by Filter: 34393267
  ->  Hash  (cost=194861.98..194861.98 rows=326162 width=8) (actual time=4294.509..4294.509 rows=491918 loops=1)
        Buckets: 131072  Batches: 8  Memory Usage: 3416kB
        ->  Hash Join  (cost=79094.49..194861.98 rows=326162 width=8) (actual time=1346.373..4149.715 rows=491918 loops=1)
              Hash Cond: (mk.movie_id = t.id)
              ->  Seq Scan on movie_keyword mk  (cost=0.00..81003.12 rows=2618065 width=4) (actual time=0.031..1586.843 rows=2607944 loops=1)
                    Filter: (keyword_id > 3295)
                    Rows Removed by Filter: 1915986
              ->  Hash  (cost=73925.90..73925.90 rows=315007 width=4) (actual time=1345.689..1345.689 rows=244789 loops=1)
                    Buckets: 131072  Batches: 8  Memory Usage: 2106kB
                    ->  Seq Scan on title t  (cost=0.00..73925.90 rows=315007 width=4) (actual time=32.052..1228.638 rows=244789 loops=1)
                          Filter: ((production_year > 2003) AND (kind_id = 1))
                          Rows Removed by Filter: 2283523
Planning time: 1.270 ms
Execution time: 20303.853 ms
