Hash Join  (cost=320987.28..1166687.77 rows=6150452 width=0) (actual time=7332.980..24606.798 rows=10085108 loops=1)
  Hash Cond: (ci.movie_id = t.id)
  ->  Seq Scan on cast_info ci  (cost=0.00..705507.15 rows=4670689 width=4) (actual time=678.819..12992.478 rows=4639136 loops=1)
        Filter: (role_id > 9)
        Rows Removed by Filter: 31605208
  ->  Hash  (cost=266360.12..266360.12 rows=3329613 width=8) (actual time=6650.503..6650.503 rows=1637255 loops=1)
        Buckets: 131072  Batches: 64  Memory Usage: 2002kB
        ->  Hash Join  (cost=98137.04..266360.12 rows=3329613 width=8) (actual time=1808.369..6163.523 rows=1637255 loops=1)
              Hash Cond: (mk.movie_id = t.id)
              ->  Seq Scan on movie_keyword mk  (cost=0.00..69693.30 rows=4523930 width=4) (actual time=0.019..1444.175 rows=4523930 loops=1)
              ->  Hash  (cost=67604.59..67604.59 rows=1860996 width=4) (actual time=1806.748..1806.748 rows=1865487 loops=1)
                    Buckets: 131072  Batches: 32  Memory Usage: 3085kB
                    ->  Seq Scan on title t  (cost=0.00..67604.59 rows=1860996 width=4) (actual time=0.026..1197.650 rows=1865487 loops=1)
                          Filter: (kind_id > 1)
                          Rows Removed by Filter: 662825
Planning time: 1.245 ms
Execution time: 25830.063 ms
