Seq Scan on movie_companies mc  (cost=0.00..51404.11 rows=1350753 width=0) (actual time=0.023..874.529 rows=1359783 loops=1)
  Filter: (company_id > 11149)
  Rows Removed by Filter: 1249346
Planning time: 0.318 ms
Execution time: 1043.145 ms
