Seq Scan on movie_keyword mk  (cost=0.00..81003.12 rows=2190745 width=0) (actual time=0.027..1481.452 rows=2191592 loops=1)
  Filter: (keyword_id > 5148)
  Rows Removed by Filter: 2332338
Planning time: 0.288 ms
Execution time: 1777.602 ms
