Hash Join  (cost=108766.72..970570.52 rows=215633 width=0) (actual time=1645.156..23541.307 rows=663496 loops=1)
  Hash Cond: (ci.movie_id = t.id)
  ->  Seq Scan on cast_info ci  (cost=0.00..796071.18 rows=16953679 width=4) (actual time=0.018..16526.591 rows=20799538 loops=1)
        Filter: ((person_id > 973192) AND (role_id > 1))
        Rows Removed by Filter: 15444806
  ->  Hash  (cost=108364.72..108364.72 rows=32160 width=8) (actual time=1644.337..1644.337 rows=35022 loops=1)
        Buckets: 65536 (originally 32768)  Batches: 1 (originally 1)  Memory Usage: 1881kB
        ->  Hash Join  (cost=76796.18..108364.72 rows=32160 width=8) (actual time=977.357..1631.981 rows=35022 loops=1)
              Hash Cond: (mi_idx.movie_id = t.id)
              ->  Seq Scan on movie_info_idx mi_idx  (cost=0.00..25185.44 rows=464934 width=4) (actual time=0.020..433.973 rows=460185 loops=1)
                    Filter: (info_type_id > 100)
                    Rows Removed by Filter: 919850
              ->  Hash  (cost=73925.90..73925.90 rows=174902 width=4) (actual time=976.493..976.493 rows=160286 loops=1)
                    Buckets: 131072  Batches: 4  Memory Usage: 2435kB
                    ->  Seq Scan on title t  (cost=0.00..73925.90 rows=174902 width=4) (actual time=162.805..938.318 rows=160286 loops=1)
                          Filter: ((production_year > 2008) AND (kind_id = 1))
                          Rows Removed by Filter: 2368026
Planning time: 1.176 ms
Execution time: 23632.373 ms
