Hash Join  (cost=58375.85..423034.86 rows=309 width=0) (actual time=1013.621..8402.872 rows=477 loops=1)
  Hash Cond: (mi.movie_id = t.id)
  ->  Seq Scan on movie_info mi  (cost=0.00..309384.22 rows=14739122 width=4) (actual time=0.008..4757.343 rows=14835720 loops=1)
  ->  Hash  (cost=58375.18..58375.18 rows=53 width=8) (actual time=960.760..960.760 rows=28 loops=1)
        Buckets: 1024  Batches: 1  Memory Usage: 10kB
        ->  Nested Loop  (cost=0.43..58375.18 rows=53 width=8) (actual time=318.848..960.719 rows=28 loops=1)
              ->  Seq Scan on movie_companies mc  (cost=0.00..57926.93 rows=53 width=4) (actual time=318.729..957.386 rows=28 loops=1)
                    Filter: ((company_type_id > 1) AND (company_id = 85894))
                    Rows Removed by Filter: 2609101
              ->  Index Only Scan using title_pkey on title t  (cost=0.43..8.45 rows=1 width=4) (actual time=0.114..0.115 rows=1 loops=28)
                    Index Cond: (id = mc.movie_id)
                    Heap Fetches: 28
Planning time: 1.155 ms
Execution time: 8403.278 ms
