Hash Join  (cost=88803.89..134988.55 rows=494918 width=0) (actual time=1547.020..3052.704 rows=899431 loops=1)
  Hash Cond: (mi_idx.movie_id = t.id)
  ->  Seq Scan on movie_info_idx mi_idx  (cost=0.00..21735.35 rows=1380035 width=4) (actual time=0.019..439.028 rows=1380035 loops=1)
  ->  Hash  (cost=73925.90..73925.90 rows=906799 width=4) (actual time=1546.111..1546.111 rows=836680 loops=1)
        Buckets: 131072  Batches: 16  Memory Usage: 2864kB
        ->  Seq Scan on title t  (cost=0.00..73925.90 rows=906799 width=4) (actual time=0.022..1292.015 rows=836680 loops=1)
              Filter: ((kind_id < 7) AND (production_year > 1939))
              Rows Removed by Filter: 1691632
Planning time: 0.551 ms
Execution time: 3173.654 ms
