Seq Scan on movie_companies mc  (cost=0.00..57926.93 rows=66831 width=0) (actual time=1.647..898.422 rows=23541 loops=1)
  Filter: ((company_id < 27) AND (company_type_id > 1))
  Rows Removed by Filter: 2585588
Planning time: 0.319 ms
Execution time: 901.653 ms
