Hash Join  (cost=93408.25..1145417.18 rows=11123347 width=0) (actual time=1813.448..29797.994 rows=12794656 loops=1)
  Hash Cond: (ci.movie_id = t.id)
  ->  Seq Scan on cast_info ci  (cost=0.00..705507.15 rows=17882862 width=4) (actual time=0.516..14096.596 rows=18005817 loops=1)
        Filter: (person_id > 1811702)
        Rows Removed by Filter: 18238527
  ->  Hash  (cost=67604.59..67604.59 rows=1572773 width=4) (actual time=1811.166..1811.166 rows=1570568 loops=1)
        Buckets: 131072  Batches: 32  Memory Usage: 2751kB
        ->  Seq Scan on title t  (cost=0.00..67604.59 rows=1572773 width=4) (actual time=0.017..1296.595 rows=1570568 loops=1)
              Filter: (production_year > 1996)
              Rows Removed by Filter: 957744
Planning time: 0.734 ms
Execution time: 31316.462 ms
