Seq Scan on movie_keyword mk  (cost=0.00..81003.12 rows=246 width=0) (actual time=53.641..1243.320 rows=29 loops=1)
  Filter: (keyword_id = 15887)
  Rows Removed by Filter: 4523901
Planning time: 0.355 ms
Execution time: 1243.432 ms
