Seq Scan on movie_keyword mk  (cost=0.00..81003.12 rows=1948982 width=0) (actual time=0.019..1415.532 rows=1957578 loops=1)
  Filter: (keyword_id > 6528)
  Rows Removed by Filter: 2566352
Planning time: 0.325 ms
Execution time: 1666.619 ms
