Hash Join  (cost=557172.44..713675.72 rows=1070944 width=181) (actual time=5235.520..6328.186 rows=361891 loops=1)
  Hash Cond: (mk.movie_id = t.id)
  ->  Seq Scan on movie_keyword mk  (cost=0.00..81003.12 rows=3320458 width=12) (actual time=0.035..680.374 rows=3321090 loops=1)
        Filter: (keyword_id > 1500)
        Rows Removed by Filter: 1202840
  ->  Hash  (cost=527067.40..527067.40 rows=815523 width=169) (actual time=4695.192..4695.192 rows=309514 loops=1)
        Buckets: 32768  Batches: 64  Memory Usage: 962kB
        ->  Hash Join  (cost=109435.59..527067.40 rows=815523 width=169) (actual time=1990.019..4573.521 rows=309514 loops=1)
              Hash Cond: (mi.movie_id = t.id)
              ->  Seq Scan on movie_info mi  (cost=0.00..346232.03 rows=1338312 width=75) (actual time=894.994..2791.506 rows=1401902 loops=1)
                    Filter: (info_type_id = 7)
                    Rows Removed by Filter: 13433818
              ->  Hash  (cost=67604.59..67604.59 rows=1540800 width=94) (actual time=1094.028..1094.028 rows=1543264 loops=1)
                    Buckets: 32768  Batches: 64  Memory Usage: 3017kB
                    ->  Seq Scan on title t  (cost=0.00..67604.59 rows=1540800 width=94) (actual time=0.022..629.804 rows=1543264 loops=1)
                          Filter: (kind_id = 7)
                          Rows Removed by Filter: 985048
Planning time: 1.412 ms
Execution time: 6343.174 ms
