Hash Join  (cost=73994.33..100934.69 rows=2988 width=0) (actual time=1291.909..1963.475 rows=6369 loops=1)
  Hash Cond: (mi_idx.movie_id = t.id)
  ->  Seq Scan on movie_info_idx mi_idx  (cost=0.00..21735.35 rows=1380035 width=4) (actual time=0.023..356.045 rows=1380035 loops=1)
  ->  Hash  (cost=73925.90..73925.90 rows=5474 width=4) (actual time=1291.711..1291.711 rows=12057 loops=1)
        Buckets: 16384 (originally 8192)  Batches: 1 (originally 1)  Memory Usage: 552kB
        ->  Seq Scan on title t  (cost=0.00..73925.90 rows=5474 width=4) (actual time=0.317..1285.835 rows=12057 loops=1)
              Filter: ((kind_id > 1) AND (production_year = 1984))
              Rows Removed by Filter: 2516255
Planning time: 0.745 ms
Execution time: 1964.667 ms
