Hash Join  (cost=92883.59..905103.44 rows=3245423 width=0) (actual time=3972.761..18040.044 rows=3150128 loops=1)
  Hash Cond: (ci.movie_id = t.id)
  ->  Seq Scan on cast_info ci  (cost=0.00..705507.15 rows=5325895 width=4) (actual time=2224.752..12448.048 rows=5402435 loops=1)
        Filter: (person_id > 3117256)
        Rows Removed by Filter: 30841909
  ->  Hash  (cost=67604.59..67604.59 rows=1540800 width=4) (actual time=1746.021..1746.021 rows=1543264 loops=1)
        Buckets: 131072  Batches: 32  Memory Usage: 2722kB
        ->  Seq Scan on title t  (cost=0.00..67604.59 rows=1540800 width=4) (actual time=0.045..1252.287 rows=1543264 loops=1)
              Filter: (kind_id = 7)
              Rows Removed by Filter: 985048
Planning time: 0.732 ms
Execution time: 18406.839 ms
