Hash Join  (cost=924334.45..1449222.22 rows=4224985 width=0) (actual time=17437.702..34128.951 rows=11156304 loops=1)
  Hash Cond: (mi.movie_id = t.id)
  ->  Seq Scan on movie_info mi  (cost=0.00..309384.22 rows=14739122 width=4) (actual time=0.017..6432.736 rows=14835720 loops=1)
  ->  Hash  (cost=912442.38..912442.38 rows=724805 width=8) (actual time=17436.694..17436.694 rows=741285 loops=1)
        Buckets: 131072  Batches: 16  Memory Usage: 2831kB
        ->  Hash Join  (cost=83810.17..912442.38 rows=724805 width=8) (actual time=8126.203..17228.276 rows=741285 loops=1)
              Hash Cond: (ci.movie_id = t.id)
              ->  Seq Scan on cast_info ci  (cost=0.00..796071.18 rows=1855461 width=4) (actual time=6121.785..13915.700 rows=1916422 loops=1)
                    Filter: ((person_id > 1137214) AND (role_id = 4))
                    Rows Removed by Filter: 34327922
              ->  Hash  (cost=67604.59..67604.59 rows=987727 width=4) (actual time=2003.432..2003.432 rows=985048 loops=1)
                    Buckets: 131072  Batches: 16  Memory Usage: 3188kB
                    ->  Seq Scan on title t  (cost=0.00..67604.59 rows=987727 width=4) (actual time=0.031..1260.000 rows=985048 loops=1)
                          Filter: (kind_id < 7)
                          Rows Removed by Filter: 1543264
Planning time: 2.383 ms
Execution time: 35368.511 ms
