Seq Scan on movie_keyword mk  (cost=0.00..81003.12 rows=334181 width=0) (actual time=0.016..1173.885 rows=332823 loops=1)
  Filter: (keyword_id > 49656)
  Rows Removed by Filter: 4191107
Planning time: 0.315 ms
Execution time: 1218.396 ms
