Hash Join  (cost=1120780.55..2075347.93 rows=35860994 width=0) (actual time=27917.797..52314.692 rows=32386295 loops=1)
  Hash Cond: (mi.movie_id = t.id)
  ->  Seq Scan on movie_info mi  (cost=0.00..309384.22 rows=14739122 width=4) (actual time=0.012..6214.782 rows=14835720 loops=1)
  ->  Hash  (cost=1019848.20..1019848.20 rows=6152028 width=8) (actual time=27913.365..27913.365 rows=6266089 loops=1)
        Buckets: 131072  Batches: 128  Memory Usage: 2933kB
        ->  Hash Join  (cost=92917.42..1019848.20 rows=6152028 width=8) (actual time=1722.105..25567.177 rows=6266089 loops=1)
              Hash Cond: (ci.movie_id = t.id)
              ->  Seq Scan on cast_info ci  (cost=0.00..705507.15 rows=13438228 width=4) (actual time=0.069..13186.182 rows=13402841 loops=1)
                    Filter: (person_id < 1321585)
                    Rows Removed by Filter: 22841503
              ->  Hash  (cost=73925.90..73925.90 rows=1157561 width=4) (actual time=1721.233..1721.233 rows=1267332 loops=1)
                    Buckets: 131072  Batches: 16  Memory Usage: 3815kB
                    ->  Seq Scan on title t  (cost=0.00..73925.90 rows=1157561 width=4) (actual time=0.012..1332.502 rows=1267332 loops=1)
                          Filter: ((kind_id > 1) AND (production_year > 1996))
                          Rows Removed by Filter: 1260980
Planning time: 0.812 ms
Execution time: 56095.437 ms
