Hash Join  (cost=156209.36..295172.19 rows=755373 width=0) (actual time=3455.565..7861.918 rows=3219864 loops=1)
  Hash Cond: (mk.movie_id = t.id)
  ->  Seq Scan on movie_keyword mk  (cost=0.00..81003.12 rows=4205859 width=4) (actual time=0.025..1776.720 rows=4209151 loops=1)
        Filter: (keyword_id < 51832)
        Rows Removed by Filter: 314779
  ->  Hash  (cost=148758.81..148758.81 rows=454124 width=8) (actual time=3454.351..3454.351 rows=459925 loops=1)
        Buckets: 131072  Batches: 8  Memory Usage: 3284kB
        ->  Hash Join  (cost=102767.86..148758.81 rows=454124 width=8) (actual time=1968.117..3317.370 rows=459925 loops=1)
              Hash Cond: (mi_idx.movie_id = t.id)
              ->  Seq Scan on movie_info_idx mi_idx  (cost=0.00..25185.44 rows=454124 width=4) (actual time=0.021..518.499 rows=459925 loops=1)
                    Filter: (info_type_id = 100)
                    Rows Removed by Filter: 920110
              ->  Hash  (cost=61283.27..61283.27 rows=2528527 width=4) (actual time=1966.916..1966.916 rows=2528312 loops=1)
                    Buckets: 131072  Batches: 64  Memory Usage: 2415kB
                    ->  Seq Scan on title t  (cost=0.00..61283.27 rows=2528527 width=4) (actual time=0.011..1125.080 rows=2528312 loops=1)
Planning time: 1.164 ms
Execution time: 8256.282 ms
