Nested Loop  (cost=58136.35..139298.76 rows=2 width=0) (actual time=899.733..1943.020 rows=11 loops=1)
  ->  Hash Join  (cost=58135.92..139246.76 rows=9 width=8) (actual time=899.667..1942.460 rows=11 loops=1)
        Hash Cond: (mk.movie_id = mc.movie_id)
        ->  Seq Scan on movie_keyword mk  (cost=0.00..81003.12 rows=246 width=4) (actual time=7.389..1124.920 rows=959 loops=1)
              Filter: (keyword_id = 3074)
              Rows Removed by Filter: 4522971
        ->  Hash  (cost=57926.93..57926.93 rows=16719 width=4) (actual time=815.055..815.055 rows=35517 loops=1)
              Buckets: 65536 (originally 32768)  Batches: 1 (originally 1)  Memory Usage: 1761kB
              ->  Seq Scan on movie_companies mc  (cost=0.00..57926.93 rows=16719 width=4) (actual time=0.025..801.183 rows=35517 loops=1)
                    Filter: ((company_id = 160) AND (company_type_id = 1))
                    Rows Removed by Filter: 2573612
  ->  Index Only Scan using title_pkey on title t  (cost=0.43..5.77 rows=1 width=4) (actual time=0.041..0.042 rows=1 loops=11)
        Index Cond: (id = mc.movie_id)
        Heap Fetches: 11
Planning time: 0.773 ms
Execution time: 1943.284 ms
