Hash Join  (cost=102767.86..282892.33 rows=3708760 width=0) (actual time=1746.754..6605.391 rows=3701711 loops=1)
  Hash Cond: (mk.movie_id = t.id)
  ->  Seq Scan on movie_keyword mk  (cost=0.00..81003.12 rows=3708760 width=4) (actual time=0.017..1680.948 rows=3701711 loops=1)
        Filter: (keyword_id < 22328)
        Rows Removed by Filter: 822219
  ->  Hash  (cost=61283.27..61283.27 rows=2528527 width=4) (actual time=1745.200..1745.200 rows=2528312 loops=1)
        Buckets: 131072  Batches: 64  Memory Usage: 2425kB
        ->  Seq Scan on title t  (cost=0.00..61283.27 rows=2528527 width=4) (actual time=0.009..857.702 rows=2528312 loops=1)
Planning time: 0.756 ms
Execution time: 7062.189 ms
