Hash Join  (cost=450160.15..1356658.68 rows=775574 width=0) (actual time=7053.654..26333.511 rows=79691 loops=1)
  Hash Cond: (ci.movie_id = t.id)
  ->  Seq Scan on cast_info ci  (cost=0.00..705507.15 rows=16672436 width=4) (actual time=0.021..13549.147 rows=16786662 loops=1)
        Filter: (person_id > 1947537)
        Rows Removed by Filter: 19457682
  ->  Hash  (cost=448229.86..448229.86 rows=117623 width=8) (actual time=7052.689..7052.689 rows=24400 loops=1)
        Buckets: 131072  Batches: 2  Memory Usage: 1502kB
        ->  Hash Join  (cost=76279.51..448229.86 rows=117623 width=8) (actual time=1117.907..7042.702 rows=24400 loops=1)
              Hash Cond: (mi.movie_id = t.id)
              ->  Seq Scan on movie_info mi  (cost=0.00..346232.03 rows=2073893 width=4) (actual time=0.015..5222.594 rows=2091068 loops=1)
                    Filter: (info_type_id < 3)
                    Rows Removed by Filter: 12744652
              ->  Hash  (cost=73925.90..73925.90 rows=143408 width=4) (actual time=1116.453..1116.453 rows=23993 loops=1)
                    Buckets: 131072  Batches: 2  Memory Usage: 1453kB
                    ->  Seq Scan on title t  (cost=0.00..73925.90 rows=143408 width=4) (actual time=0.036..1105.608 rows=23993 loops=1)
                          Filter: ((kind_id > 2) AND (production_year < 1956))
                          Rows Removed by Filter: 2504319
Planning time: 1.238 ms
Execution time: 26345.549 ms
