Hash Join  (cost=83073.25..109983.88 rows=15 width=0) (actual time=1313.225..1814.627 rows=3 loops=1)
  Hash Cond: (mi_idx.movie_id = t.id)
  ->  Seq Scan on movie_info_idx mi_idx  (cost=0.00..21735.35 rows=1380035 width=4) (actual time=0.016..323.003 rows=1380035 loops=1)
  ->  Hash  (cost=83072.90..83072.90 rows=28 width=8) (actual time=1231.679..1231.679 rows=2 loops=1)
        Buckets: 1024  Batches: 1  Memory Usage: 9kB
        ->  Nested Loop  (cost=0.43..83072.90 rows=28 width=8) (actual time=425.389..1231.668 rows=2 loops=1)
              ->  Seq Scan on movie_keyword mk  (cost=0.00..81003.12 rows=246 width=4) (actual time=13.938..1226.369 rows=151 loops=1)
                    Filter: (keyword_id = 28627)
                    Rows Removed by Filter: 4523779
              ->  Index Scan using title_pkey on title t  (cost=0.43..8.40 rows=1 width=4) (actual time=0.032..0.032 rows=0 loops=151)
                    Index Cond: (id = mk.movie_id)
                    Filter: ((kind_id > 1) AND (production_year > 2010))
                    Rows Removed by Filter: 1
Planning time: 1.187 ms
Execution time: 1814.800 ms
