Hash Join  (cost=83810.17..184064.48 rows=388687 width=0) (actual time=1449.017..3783.050 rows=838412 loops=1)
  Hash Cond: (mk.movie_id = t.id)
  ->  Seq Scan on movie_keyword mk  (cost=0.00..81003.12 rows=995017 width=4) (actual time=0.028..1482.433 rows=1004714 loops=1)
        Filter: (keyword_id > 18360)
        Rows Removed by Filter: 3519216
  ->  Hash  (cost=67604.59..67604.59 rows=987727 width=4) (actual time=1447.264..1447.264 rows=985048 loops=1)
        Buckets: 131072  Batches: 16  Memory Usage: 3197kB
        ->  Seq Scan on title t  (cost=0.00..67604.59 rows=987727 width=4) (actual time=0.022..1123.786 rows=985048 loops=1)
              Filter: (kind_id < 7)
              Rows Removed by Filter: 1543264
Planning time: 0.699 ms
Execution time: 3882.360 ms
