Hash Join  (cost=114204.45..169316.81 rows=44683 width=0) (actual time=2130.723..3377.829 rows=96678 loops=1)
  Hash Cond: (mc.movie_id = t.id)
  ->  Seq Scan on movie_companies mc  (cost=0.00..44881.29 rows=2609129 width=4) (actual time=0.017..574.553 rows=2609129 loops=1)
  ->  Hash  (cost=113663.17..113663.17 rows=43303 width=8) (actual time=2130.282..2130.282 rows=39072 loops=1)
        Buckets: 65536  Batches: 1  Memory Usage: 2039kB
        ->  Hash Join  (cost=75227.65..113663.17 rows=43303 width=8) (actual time=1203.123..2116.245 rows=39072 loops=1)
              Hash Cond: (mi_idx.movie_id = t.id)
              ->  Seq Scan on movie_info_idx mi_idx  (cost=0.00..21735.35 rows=1380035 width=4) (actual time=0.009..441.316 rows=1380035 loops=1)
              ->  Hash  (cost=73925.90..73925.90 rows=79340 width=4) (actual time=1201.736..1201.736 rows=92312 loops=1)
                    Buckets: 131072  Batches: 2  Memory Usage: 2648kB
                    ->  Seq Scan on title t  (cost=0.00..73925.90 rows=79340 width=4) (actual time=0.026..1165.781 rows=92312 loops=1)
                          Filter: ((kind_id > 1) AND (production_year = 2006))
                          Rows Removed by Filter: 2436000
Planning time: 0.754 ms
Execution time: 3391.028 ms
