Hash Join  (cost=299989.78..980079.49 rows=15317098 width=0) (actual time=7367.786..50945.909 rows=130943055 loops=1)
  Hash Cond: (mi.movie_id = t.id)
  ->  Seq Scan on movie_info mi  (cost=0.00..309384.22 rows=14739122 width=4) (actual time=0.018..6424.434 rows=14835720 loops=1)
  ->  Hash  (cost=256878.78..256878.78 rows=2627680 width=8) (actual time=7183.686..7183.686 rows=2618280 loops=1)
        Buckets: 131072  Batches: 64  Memory Usage: 2720kB
        ->  Hash Join  (cost=102767.86..256878.78 rows=2627680 width=8) (actual time=1990.026..6355.345 rows=2618280 loops=1)
              Hash Cond: (mk.movie_id = t.id)
              ->  Seq Scan on movie_keyword mk  (cost=0.00..81003.12 rows=2627680 width=4) (actual time=0.026..1676.538 rows=2618280 loops=1)
                    Filter: (keyword_id < 7088)
                    Rows Removed by Filter: 1905650
              ->  Hash  (cost=61283.27..61283.27 rows=2528527 width=4) (actual time=1988.718..1988.718 rows=2528312 loops=1)
                    Buckets: 131072  Batches: 64  Memory Usage: 2425kB
                    ->  Seq Scan on title t  (cost=0.00..61283.27 rows=2528527 width=4) (actual time=0.020..1112.742 rows=2528312 loops=1)
Planning time: 1.203 ms
Execution time: 65372.018 ms
