Seq Scan on cast_info ci  (cost=0.00..796071.18 rows=435 width=0) (actual time=4903.858..14290.954 rows=1695 loops=1)
  Filter: ((role_id < 10) AND (person_id = 387591))
  Rows Removed by Filter: 36242649
Planning time: 0.393 ms
Execution time: 14291.312 ms
