Hash Join  (cost=867727.76..1233149.06 rows=76537 width=0) (actual time=13385.472..20347.661 rows=316 loops=1)
  Hash Cond: (mi.movie_id = t.id)
  ->  Seq Scan on movie_info mi  (cost=0.00..309384.22 rows=14739122 width=4) (actual time=0.016..4259.164 rows=14835720 loops=1)
  ->  Hash  (cost=867563.64..867563.64 rows=13130 width=8) (actual time=13378.009..13378.009 rows=24 loops=1)
        Buckets: 16384  Batches: 1  Memory Usage: 129kB
        ->  Hash Join  (cost=68078.69..867563.64 rows=13130 width=8) (actual time=6936.621..13377.908 rows=24 loops=1)
              Hash Cond: (ci.movie_id = t.id)
              ->  Seq Scan on cast_info ci  (cost=0.00..796071.18 rows=875326 width=4) (actual time=5752.210..12269.276 rows=286074 loops=1)
                    Filter: ((person_id < 703922) AND (role_id = 10))
                    Rows Removed by Filter: 35958270
              ->  Hash  (cost=67604.59..67604.59 rows=37928 width=4) (actual time=1025.604..1025.604 rows=35050 loops=1)
                    Buckets: 65536  Batches: 1  Memory Usage: 1745kB
                    ->  Seq Scan on title t  (cost=0.00..67604.59 rows=37928 width=4) (actual time=0.023..1012.465 rows=35050 loops=1)
                          Filter: (production_year < 1912)
                          Rows Removed by Filter: 2493262
Planning time: 1.452 ms
Execution time: 20348.183 ms
