Hash Join  (cost=261553.51..1755158.89 rows=35943719 width=0) (actual time=6680.184..61526.384 rows=79939895 loops=1)
  Hash Cond: (ci.movie_id = t.id)
  ->  Seq Scan on cast_info ci  (cost=0.00..614943.12 rows=36225612 width=4) (actual time=0.023..13562.277 rows=36244344 loops=1)
  ->  Hash  (cost=220391.87..220391.87 rows=2508851 width=8) (actual time=6679.147..6679.147 rows=2528471 loops=1)
        Buckets: 131072  Batches: 64  Memory Usage: 2561kB
        ->  Hash Join  (cost=107494.42..220391.87 rows=2508851 width=8) (actual time=2107.640..5876.820 rows=2528471 loops=1)
              Hash Cond: (mc.movie_id = t.id)
              ->  Seq Scan on movie_companies mc  (cost=0.00..44881.29 rows=2609129 width=4) (actual time=0.025..976.848 rows=2609129 loops=1)
              ->  Hash  (cost=67604.59..67604.59 rows=2431347 width=4) (actual time=2106.790..2106.790 rows=2427113 loops=1)
                    Buckets: 131072  Batches: 32  Memory Usage: 3691kB
                    ->  Seq Scan on title t  (cost=0.00..67604.59 rows=2431347 width=4) (actual time=0.027..1353.597 rows=2427113 loops=1)
                          Filter: (production_year > 1910)
                          Rows Removed by Filter: 101199
Planning time: 1.196 ms
Execution time: 70426.111 ms
