Hash Join  (cost=93117.31..1401061.26 rows=22278377 width=0) (actual time=1743.499..39984.706 rows=21508945 loops=1)
  Hash Cond: (ci.movie_id = t.id)
  ->  Seq Scan on cast_info ci  (cost=0.00..614943.12 rows=36225612 width=4) (actual time=0.014..13370.295 rows=36244344 loops=1)
  ->  Hash  (cost=67604.59..67604.59 rows=1555018 width=4) (actual time=1742.563..1742.563 rows=1551727 loops=1)
        Buckets: 131072  Batches: 32  Memory Usage: 2728kB
        ->  Seq Scan on title t  (cost=0.00..67604.59 rows=1555018 width=4) (actual time=0.012..1232.705 rows=1551727 loops=1)
              Filter: (production_year < 2007)
              Rows Removed by Filter: 976585
Planning time: 0.765 ms
Execution time: 42412.867 ms
