Hash Join  (cost=478001.68..614428.01 rows=1183929 width=0) (actual time=9135.755..14387.951 rows=7816469 loops=1)
  Hash Cond: (mk.movie_id = t.id)
  ->  Seq Scan on movie_keyword mk  (cost=0.00..69693.30 rows=4523930 width=4) (actual time=0.011..1486.382 rows=4523930 loops=1)
  ->  Hash  (cost=467145.12..467145.12 rows=661725 width=8) (actual time=9134.879..9134.879 rows=1341052 loops=1)
        Buckets: 131072 (originally 131072)  Batches: 32 (originally 16)  Memory Usage: 3073kB
        ->  Hash Join  (cost=87162.74..467145.12 rows=661725 width=8) (actual time=2545.082..8776.888 rows=1341052 loops=1)
              Hash Cond: (mi.movie_id = t.id)
              ->  Seq Scan on movie_info mi  (cost=0.00..346232.03 rows=2073893 width=4) (actual time=989.899..5625.573 rows=2091068 loops=1)
                    Filter: (info_type_id < 3)
                    Rows Removed by Filter: 12744652
              ->  Hash  (cost=73925.90..73925.90 rows=806787 width=4) (actual time=1554.318..1554.318 rows=843018 loops=1)
                    Buckets: 131072  Batches: 16  Memory Usage: 2888kB
                    ->  Seq Scan on title t  (cost=0.00..73925.90 rows=806787 width=4) (actual time=0.037..1290.184 rows=843018 loops=1)
                          Filter: ((kind_id < 7) AND (production_year < 2011))
                          Rows Removed by Filter: 1685294
Planning time: 0.758 ms
Execution time: 15186.958 ms
