Seq Scan on cast_info ci  (cost=0.00..705507.15 rows=5887121 width=0) (actual time=1355.412..11731.999 rows=5918614 loops=1)
  Filter: (person_id > 3052699)
  Rows Removed by Filter: 30325730
Planning time: 0.361 ms
Execution time: 12487.947 ms
