Hash Join  (cost=75676.34..134188.52 rows=589 width=0) (actual time=1183.541..2051.117 rows=1031 loops=1)
  Hash Cond: (mc.movie_id = t.id)
  ->  Seq Scan on movie_companies mc  (cost=0.00..57926.93 rows=13961 width=4) (actual time=0.110..831.534 rows=14470 loops=1)
        Filter: ((company_type_id > 1) AND (company_id = 27))
        Rows Removed by Filter: 2594659
  ->  Hash  (cost=73925.90..73925.90 rows=106675 width=4) (actual time=1174.640..1174.640 rows=207824 loops=1)
        Buckets: 131072 (originally 131072)  Batches: 4 (originally 2)  Memory Usage: 3073kB
        ->  Seq Scan on title t  (cost=0.00..73925.90 rows=106675 width=4) (actual time=0.015..1095.764 rows=207824 loops=1)
              Filter: ((kind_id < 7) AND (production_year < 1963))
              Rows Removed by Filter: 2320488
Planning time: 0.690 ms
Execution time: 2051.697 ms
