Seq Scan on cast_info ci  (cost=0.00..796071.18 rows=420 width=0) (actual time=11657.937..14854.122 rows=226 loops=1)
  Filter: ((role_id < 9) AND (person_id = 2213451))
  Rows Removed by Filter: 36244118
Planning time: 0.414 ms
Execution time: 14854.263 ms
