Seq Scan on cast_info ci  (cost=0.00..796071.18 rows=4653680 width=0) (actual time=4889.537..12815.058 rows=2860928 loops=1)
  Filter: ((person_id < 1006122) AND (role_id > 2))
  Rows Removed by Filter: 33383416
Planning time: 0.345 ms
Execution time: 13170.898 ms
