Hash Join  (cost=73950.44..130162.67 rows=993 width=0) (actual time=1608.494..2323.635 rows=5451 loops=1)
  Hash Cond: (mc.movie_id = t.id)
  ->  Seq Scan on movie_companies mc  (cost=0.00..51404.11 rows=1279517 width=4) (actual time=212.902..965.849 rows=1274246 loops=1)
        Filter: (company_type_id < 2)
        Rows Removed by Filter: 1334883
  ->  Hash  (cost=73925.90..73925.90 rows=1963 width=4) (actual time=1141.929..1141.929 rows=5006 loops=1)
        Buckets: 8192 (originally 2048)  Batches: 1 (originally 1)  Memory Usage: 240kB
        ->  Seq Scan on title t  (cost=0.00..73925.90 rows=1963 width=4) (actual time=632.088..1139.427 rows=5006 loops=1)
              Filter: ((kind_id = 1) AND (production_year = 1991))
              Rows Removed by Filter: 2523306
Planning time: 0.774 ms
Execution time: 2324.658 ms
