Hash Join  (cost=643854.63..2392001.68 rows=41336194 width=0) (actual time=15882.385..57590.027 rows=27608877 loops=1)
  Hash Cond: (ci.movie_id = t.id)
  ->  Seq Scan on cast_info ci  (cost=0.00..705507.15 rows=34666596 width=4) (actual time=0.010..17443.025 rows=34764717 loops=1)
        Filter: (person_id > 148838)
        Rows Removed by Filter: 1479627
  ->  Hash  (cost=594389.16..594389.16 rows=3014997 width=8) (actual time=15880.511..15880.511 rows=1548281 loops=1)
        Buckets: 131072  Batches: 64  Memory Usage: 1929kB
        ->  Hash Join  (cost=82412.27..594389.16 rows=3014997 width=8) (actual time=1996.423..14873.628 rows=1548281 loops=1)
              Hash Cond: (mi.movie_id = t.id)
              ->  Seq Scan on movie_info mi  (cost=0.00..309384.22 rows=14739122 width=4) (actual time=0.020..5982.199 rows=14835720 loops=1)
              ->  Hash  (cost=73925.90..73925.90 rows=517229 width=4) (actual time=1272.264..1272.264 rows=403947 loops=1)
                    Buckets: 131072  Batches: 8  Memory Usage: 2790kB
                    ->  Seq Scan on title t  (cost=0.00..73925.90 rows=517229 width=4) (actual time=0.017..1142.606 rows=403947 loops=1)
                          Filter: ((production_year < 1996) AND (kind_id = 7))
                          Rows Removed by Filter: 2124365
Planning time: 1.136 ms
Execution time: 60569.453 ms
