Hash Join  (cost=83060.47..597495.97 rows=3245458 width=0) (actual time=1373.631..16457.390 rows=5630278 loops=1)
  Hash Cond: (mi.movie_id = t.id)
  ->  Seq Scan on movie_info mi  (cost=0.00..309384.22 rows=14739122 width=4) (actual time=0.019..6396.605 rows=14835720 loops=1)
  ->  Hash  (cost=73925.90..73925.90 rows=556765 width=4) (actual time=1354.802..1354.802 rows=434157 loops=1)
        Buckets: 131072  Batches: 8  Memory Usage: 2952kB
        ->  Seq Scan on title t  (cost=0.00..73925.90 rows=556765 width=4) (actual time=338.032..1216.640 rows=434157 loops=1)
              Filter: ((production_year > 1968) AND (kind_id = 1))
              Rows Removed by Filter: 2094155
Planning time: 0.754 ms
Execution time: 17110.797 ms
