Hash Join  (cost=158952.72..185890.64 rows=2744 width=0) (actual time=2607.227..2905.070 rows=19829 loops=1)
  Hash Cond: (mi_idx.movie_id = t.id)
  ->  Seq Scan on movie_info_idx mi_idx  (cost=0.00..21735.35 rows=1380035 width=4) (actual time=0.008..278.881 rows=1380035 loops=1)
  ->  Hash  (cost=158889.87..158889.87 rows=5028 width=8) (actual time=2343.407..2343.407 rows=9629 loops=1)
        Buckets: 16384 (originally 8192)  Batches: 1 (originally 1)  Memory Usage: 505kB
        ->  Hash Join  (cost=76242.82..158889.87 rows=5028 width=8) (actual time=906.937..2339.567 rows=9629 loops=1)
              Hash Cond: (mk.movie_id = t.id)
              ->  Seq Scan on movie_keyword mk  (cost=0.00..81003.12 rows=90040 width=4) (actual time=0.031..1377.855 rows=87874 loops=1)
                    Filter: (keyword_id > 85503)
                    Rows Removed by Filter: 4436056
              ->  Hash  (cost=73925.90..73925.90 rows=141193 width=4) (actual time=905.190..905.190 rows=132182 loops=1)
                    Buckets: 131072  Batches: 2  Memory Usage: 3346kB
                    ->  Seq Scan on title t  (cost=0.00..73925.90 rows=141193 width=4) (actual time=0.038..853.466 rows=132182 loops=1)
                          Filter: ((production_year > 2009) AND (kind_id = 1))
                          Rows Removed by Filter: 2396130
Planning time: 1.202 ms
Execution time: 2907.926 ms
