Hash Join  (cost=482680.13..1318249.66 rows=654067 width=0) (actual time=10321.643..21679.371 rows=991367 loops=1)
  Hash Cond: (ci.movie_id = t.id)
  ->  Seq Scan on cast_info ci  (cost=0.00..796071.18 rows=2638580 width=4) (actual time=1033.440..11487.154 rows=1101733 loops=1)
        Filter: ((person_id < 378094) AND (role_id > 1))
        Rows Removed by Filter: 35142611
  ->  Hash  (cost=472396.29..472396.29 rows=626787 width=8) (actual time=9287.183..9287.183 rows=707342 loops=1)
        Buckets: 131072  Batches: 16  Memory Usage: 2777kB
        ->  Hash Join  (cost=82400.67..472396.29 rows=626787 width=8) (actual time=3137.203..9059.641 rows=707342 loops=1)
              Hash Cond: (mi.movie_id = t.id)
              ->  Seq Scan on movie_info mi  (cost=0.00..346232.03 rows=3068194 width=4) (actual time=1745.543..5658.533 rows=3036719 loops=1)
                    Filter: (info_type_id = 16)
                    Rows Removed by Filter: 11799001
              ->  Hash  (cost=73925.90..73925.90 rows=516541 width=4) (actual time=1390.258..1390.258 rows=440918 loops=1)
                    Buckets: 131072  Batches: 8  Memory Usage: 2967kB
                    ->  Seq Scan on title t  (cost=0.00..73925.90 rows=516541 width=4) (actual time=0.079..1243.447 rows=440918 loops=1)
                          Filter: ((kind_id < 7) AND (production_year > 2001))
                          Rows Removed by Filter: 2087394
Planning time: 1.202 ms
Execution time: 21796.449 ms
