Hash Join  (cost=74809.10..443583.66 rows=411863 width=0) (actual time=1332.305..9775.201 rows=285879 loops=1)
  Hash Cond: (mi.movie_id = t.id)
  ->  Seq Scan on movie_info mi  (cost=0.00..309384.22 rows=14739122 width=4) (actual time=0.025..4363.030 rows=14835720 loops=1)
  ->  Hash  (cost=73925.90..73925.90 rows=70656 width=4) (actual time=1331.509..1331.509 rows=79548 loops=1)
        Buckets: 131072  Batches: 1  Memory Usage: 3821kB
        ->  Seq Scan on title t  (cost=0.00..73925.90 rows=70656 width=4) (actual time=0.088..1299.206 rows=79548 loops=1)
              Filter: ((kind_id > 1) AND (production_year = 2005))
              Rows Removed by Filter: 2448764
Planning time: 5.753 ms
Execution time: 9817.014 ms
