Hash Join  (cost=774948.48..3075034.34 rows=96819165 width=0) (actual time=18537.085..77911.105 rows=96904965 loops=1)
  Hash Cond: (ci.movie_id = t.id)
  ->  Seq Scan on cast_info ci  (cost=0.00..614943.12 rows=36225612 width=4) (actual time=0.017..13277.552 rows=36244344 loops=1)
  ->  Hash  (cost=664075.46..664075.46 rows=6757922 width=8) (actual time=18534.702..18534.702 rows=4690801 loops=1)
        Buckets: 131072  Batches: 128  Memory Usage: 2443kB
        ->  Hash Join  (cost=95609.53..664075.46 rows=6757922 width=8) (actual time=1886.841..16809.234 rows=4690801 loops=1)
              Hash Cond: (mi.movie_id = t.id)
              ->  Seq Scan on movie_info mi  (cost=0.00..346232.03 rows=12928982 width=4) (actual time=0.025..7045.860 rows=12970088 loops=1)
                    Filter: (info_type_id < 18)
                    Rows Removed by Filter: 1865632
              ->  Hash  (cost=73925.90..73925.90 rows=1321650 width=4) (actual time=1885.404..1885.404 rows=1298128 loops=1)
                    Buckets: 131072  Batches: 32  Memory Usage: 2457kB
                    ->  Seq Scan on title t  (cost=0.00..73925.90 rows=1321650 width=4) (actual time=0.018..1458.767 rows=1298128 loops=1)
                          Filter: ((kind_id > 1) AND (production_year < 2009))
                          Rows Removed by Filter: 1230184
Planning time: 1.195 ms
Execution time: 89078.061 ms
