Hash Join  (cost=521524.24..634130.25 rows=510149 width=209) (actual time=5945.894..8391.227 rows=235447 loops=1)
  Hash Cond: (mc.movie_id = t.id)
  ->  Seq Scan on movie_companies mc  (cost=0.00..44881.29 rows=2609129 width=40) (actual time=0.022..455.275 rows=2609129 loops=1)
  ->  Hash  (cost=503273.38..503273.38 rows=494389 width=169) (actual time=5932.999..5932.999 rows=205080 loops=1)
        Buckets: 32768  Batches: 32  Memory Usage: 1106kB
        ->  Hash Join  (cost=100772.99..503273.38 rows=494389 width=169) (actual time=2776.731..5799.611 rows=205080 loops=1)
              Hash Cond: (mi.movie_id = t.id)
              ->  Seq Scan on movie_info mi  (cost=0.00..346232.03 rows=1264125 width=75) (actual time=1469.079..3452.611 rows=1288928 loops=1)
                    Filter: (info_type_id = 2)
                    Rows Removed by Filter: 13546792
              ->  Hash  (cost=73925.90..73925.90 rows=988887 width=94) (actual time=1305.994..1305.994 rows=1081567 loops=1)
                    Buckets: 32768  Batches: 64  Memory Usage: 2185kB
                    ->  Seq Scan on title t  (cost=0.00..73925.90 rows=988887 width=94) (actual time=0.030..831.386 rows=1081567 loops=1)
                          Filter: ((kind_id > 4) AND (production_year > 1995))
                          Rows Removed by Filter: 1446745
Planning time: 1.526 ms
Execution time: 8403.895 ms
