Hash Join  (cost=148767.03..510821.69 rows=62385 width=0) (actual time=4367.078..9051.158 rows=21332 loops=1)
  Hash Cond: (mi.movie_id = t.id)
  ->  Seq Scan on movie_info mi  (cost=0.00..346232.03 rows=1272478 width=4) (actual time=1536.298..5735.009 rows=1325361 loops=1)
        Filter: (info_type_id = 8)
        Rows Removed by Filter: 13510359
  ->  Hash  (cost=146732.48..146732.48 rows=123964 width=8) (actual time=2829.669..2829.669 rows=84839 loops=1)
        Buckets: 131072  Batches: 2  Memory Usage: 2680kB
        ->  Hash Join  (cost=77793.68..146732.48 rows=123964 width=8) (actual time=1457.716..2800.060 rows=84839 loops=1)
              Hash Cond: (mc.movie_id = t.id)
              ->  Seq Scan on movie_companies mc  (cost=0.00..51404.11 rows=1329612 width=4) (actual time=317.452..1080.639 rows=1334883 loops=1)
                    Filter: (company_type_id = 2)
                    Rows Removed by Filter: 1274246
              ->  Hash  (cost=73925.90..73925.90 rows=235742 width=4) (actual time=1139.314..1139.314 rows=129555 loops=1)
                    Buckets: 131072  Batches: 4  Memory Usage: 2160kB
                    ->  Seq Scan on title t  (cost=0.00..73925.90 rows=235742 width=4) (actual time=21.208..1094.300 rows=129555 loops=1)
                          Filter: ((production_year < 1971) AND (kind_id = 7))
                          Rows Removed by Filter: 2398757
Planning time: 1.213 ms
Execution time: 9054.525 ms
