Hash Join  (cost=28266.79..115701.00 rows=4 width=0) (actual time=525.136..2052.043 rows=159 loops=1)
  Hash Cond: (mk.movie_id = t.id)
  ->  Seq Scan on movie_keyword mk  (cost=0.00..81003.12 rows=1714944 width=4) (actual time=0.013..1431.138 rows=1722382 loops=1)
        Filter: (keyword_id > 8232)
        Rows Removed by Filter: 2801548
  ->  Hash  (cost=28266.72..28266.72 rows=6 width=8) (actual time=385.193..385.193 rows=4 loops=1)
        Buckets: 1024  Batches: 1  Memory Usage: 9kB
        ->  Nested Loop  (cost=0.43..28266.72 rows=6 width=8) (actual time=157.597..385.184 rows=4 loops=1)
              ->  Seq Scan on movie_info_idx mi_idx  (cost=0.00..25185.44 rows=368 width=4) (actual time=156.566..381.075 rows=260 loops=1)
                    Filter: (info_type_id > 101)
                    Rows Removed by Filter: 1379775
              ->  Index Scan using title_pkey on title t  (cost=0.43..8.36 rows=1 width=4) (actual time=0.015..0.015 rows=0 loops=260)
                    Index Cond: (id = mi_idx.movie_id)
                    Filter: (production_year = 1997)
                    Rows Removed by Filter: 1
Planning time: 1.244 ms
Execution time: 2052.212 ms
