Seq Scan on movie_companies mc  (cost=0.00..57926.93 rows=2047 width=0) (actual time=399.202..690.223 rows=3144 loops=1)
  Filter: ((company_id = 11147) AND (company_type_id = 1))
  Rows Removed by Filter: 2605985
Planning time: 0.374 ms
Execution time: 690.944 ms
