Hash Join  (cost=110608.96..861927.35 rows=52921 width=0) (actual time=1577.481..17318.839 rows=215019 loops=1)
  Hash Cond: (ci.movie_id = t.id)
  ->  Seq Scan on cast_info ci  (cost=0.00..614943.12 rows=36225612 width=4) (actual time=0.011..8037.948 rows=36244344 loops=1)
  ->  Hash  (cost=110562.79..110562.79 rows=3694 width=8) (actual time=1577.400..1577.400 rows=4143 loops=1)
        Buckets: 8192 (originally 4096)  Batches: 1 (originally 1)  Memory Usage: 226kB
        ->  Nested Loop  (cost=0.43..110562.79 rows=3694 width=8) (actual time=0.179..1574.392 rows=4143 loops=1)
              ->  Seq Scan on movie_keyword mk  (cost=0.00..81003.12 rows=3921 width=4) (actual time=0.111..1326.893 rows=4189 loops=1)
                    Filter: (keyword_id = 613)
                    Rows Removed by Filter: 4519741
              ->  Index Scan using title_pkey on title t  (cost=0.43..7.53 rows=1 width=4) (actual time=0.058..0.058 rows=1 loops=4189)
                    Index Cond: (id = mk.movie_id)
                    Filter: (production_year > 1917)
                    Rows Removed by Filter: 0
Planning time: 1.301 ms
Execution time: 17357.626 ms
