Seq Scan on movie_companies mc  (cost=0.00..51404.11 rows=757381 width=0) (actual time=0.030..885.472 rows=750999 loops=1)
  Filter: (company_id < 1465)
  Rows Removed by Filter: 1858130
Planning time: 0.309 ms
Execution time: 981.833 ms
