Hash Join  (cost=119822.12..188113.26 rows=353387 width=144) (actual time=858.056..1576.834 rows=395802 loops=1)
  Hash Cond: (mi_idx.movie_id = t.id)
  ->  Seq Scan on movie_info_idx mi_idx  (cost=0.00..25185.44 rows=464566 width=50) (actual time=0.015..194.314 rows=459925 loops=1)
        Filter: (info_type_id = 101)
        Rows Removed by Filter: 920110
  ->  Hash  (cost=67604.59..67604.59 rows=1923403 width=94) (actual time=857.707..857.707 rows=1922849 loops=1)
        Buckets: 32768  Batches: 64  Memory Usage: 3623kB
        ->  Seq Scan on title t  (cost=0.00..67604.59 rows=1923403 width=94) (actual time=0.030..473.067 rows=1922849 loops=1)
              Filter: (production_year < 2010)
              Rows Removed by Filter: 605463
Planning time: 0.584 ms
Execution time: 1589.551 ms
