Hash Join  (cost=98443.46..780032.82 rows=4257117 width=169) (actual time=2129.678..19588.510 rows=5609385 loops=1)
  Hash Cond: (mi.movie_id = t.id)
  ->  Seq Scan on movie_info mi  (cost=0.00..346232.03 rows=9476311 width=75) (actual time=0.004..8716.242 rows=9565151 loops=1)
        Filter: (info_type_id < 16)
        Rows Removed by Filter: 5270569
  ->  Hash  (cost=67604.59..67604.59 rows=1135910 width=94) (actual time=2128.045..2128.045 rows=1133355 loops=1)
        Buckets: 32768  Batches: 64  Memory Usage: 2236kB
        ->  Seq Scan on title t  (cost=0.00..67604.59 rows=1135910 width=94) (actual time=0.014..1581.401 rows=1133355 loops=1)
              Filter: (production_year < 2002)
              Rows Removed by Filter: 1394957
Planning time: 1.017 ms
Execution time: 19889.176 ms
