Hash Join  (cost=988496.09..1603063.38 rows=10903045 width=0) (actual time=22187.077..54361.740 rows=60035566 loops=1)
  Hash Cond: (mi.movie_id = t.id)
  ->  Seq Scan on movie_info mi  (cost=0.00..309384.22 rows=14739122 width=4) (actual time=0.013..6584.216 rows=14835720 loops=1)
  ->  Hash  (cost=957808.59..957808.59 rows=1870440 width=8) (actual time=22185.003..22185.003 rows=2849373 loops=1)
        Buckets: 131072 (originally 131072)  Batches: 64 (originally 32)  Memory Usage: 3073kB
        ->  Hash Join  (cost=83810.17..957808.59 rows=1870440 width=8) (actual time=6028.564..21301.040 rows=2849373 loops=1)
              Hash Cond: (ci.movie_id = t.id)
              ->  Seq Scan on cast_info ci  (cost=0.00..796071.18 rows=4788224 width=4) (actual time=4538.421..14754.934 rows=7450003 loops=1)
                    Filter: ((person_id > 1220770) AND (role_id = 2))
                    Rows Removed by Filter: 28794341
              ->  Hash  (cost=67604.59..67604.59 rows=987727 width=4) (actual time=1488.836..1488.836 rows=985048 loops=1)
                    Buckets: 131072  Batches: 16  Memory Usage: 3188kB
                    ->  Seq Scan on title t  (cost=0.00..67604.59 rows=987727 width=4) (actual time=0.030..1187.808 rows=985048 loops=1)
                          Filter: (kind_id < 7)
                          Rows Removed by Filter: 1543264
Planning time: 1.193 ms
Execution time: 61059.596 ms
