Hash Join  (cost=86573.65..1233828.12 rows=11043930 width=0) (actual time=1465.101..34627.300 rows=8898428 loops=1)
  Hash Cond: (ci.movie_id = t.id)
  ->  Seq Scan on cast_info ci  (cost=0.00..614943.12 rows=36225612 width=4) (actual time=0.009..12738.893 rows=36244344 loops=1)
  ->  Hash  (cost=73925.90..73925.90 rows=770860 width=4) (actual time=1464.089..1464.089 rows=682281 loops=1)
        Buckets: 131072  Batches: 16  Memory Usage: 2522kB
        ->  Seq Scan on title t  (cost=0.00..73925.90 rows=770860 width=4) (actual time=0.014..1239.942 rows=682281 loops=1)
              Filter: ((production_year < 2004) AND (kind_id = 7))
              Rows Removed by Filter: 1846031
Planning time: 0.581 ms
Execution time: 35655.700 ms
