Seq Scan on movie_keyword mk  (cost=0.00..81003.12 rows=1774179 width=0) (actual time=0.019..1404.489 rows=1780730 loops=1)
  Filter: (keyword_id < 2883)
  Rows Removed by Filter: 2743200
Planning time: 0.316 ms
Execution time: 1628.885 ms
