Hash Join  (cost=131865.28..519789.38 rows=1020 width=209) (actual time=1525.154..6863.838 rows=6087 loops=1)
  Hash Cond: (mi.movie_id = t.id)
  ->  Seq Scan on movie_info mi  (cost=0.00..346232.03 rows=11115165 width=75) (actual time=0.008..3831.410 rows=11210743 loops=1)
        Filter: (info_type_id > 3)
        Rows Removed by Filter: 3624977
  ->  Hash  (cost=131862.38..131862.38 rows=232 width=134) (actual time=1524.556..1524.556 rows=868 loops=1)
        Buckets: 1024  Batches: 1  Memory Usage: 134kB
        ->  Hash Join  (cost=73930.12..131862.38 rows=232 width=134) (actual time=725.847..1523.754 rows=868 loops=1)
              Hash Cond: (mc.movie_id = t.id)
              ->  Seq Scan on movie_companies mc  (cost=0.00..51404.11 rows=1740222 width=40) (actual time=0.010..573.050 rows=1733402 loops=1)
                    Filter: (company_id < 23204)
                    Rows Removed by Filter: 875727
              ->  Hash  (cost=73925.90..73925.90 rows=337 width=94) (actual time=725.767..725.767 rows=924 loops=1)
                    Buckets: 1024  Batches: 1  Memory Usage: 112kB
                    ->  Seq Scan on title t  (cost=0.00..73925.90 rows=337 width=94) (actual time=449.538..725.168 rows=924 loops=1)
                          Filter: ((kind_id = 4) AND (production_year = 1990))
                          Rows Removed by Filter: 2527388
Planning time: 0.996 ms
Execution time: 6864.342 ms
