Hash Join  (cost=82423.69..181395.79 rows=340811 width=0) (actual time=1550.459..3666.590 rows=211595 loops=1)
  Hash Cond: (mk.movie_id = t.id)
  ->  Seq Scan on movie_keyword mk  (cost=0.00..81003.12 rows=954099 width=4) (actual time=0.022..1428.060 rows=955113 loops=1)
        Filter: (keyword_id < 895)
        Rows Removed by Filter: 3568817
  ->  Hash  (cost=67604.59..67604.59 rows=903208 width=4) (actual time=1549.119..1549.119 rows=904491 loops=1)
        Buckets: 131072  Batches: 16  Memory Usage: 3017kB
        ->  Seq Scan on title t  (cost=0.00..67604.59 rows=903208 width=4) (actual time=0.018..1250.506 rows=904491 loops=1)
              Filter: (production_year > 2006)
              Rows Removed by Filter: 1623821
Planning time: 0.769 ms
Execution time: 3699.355 ms
