Hash Join  (cost=342143.88..985333.44 rows=13751721 width=0) (actual time=7710.401..40547.287 rows=96078249 loops=1)
  Hash Cond: (mi.movie_id = t.id)
  ->  Seq Scan on movie_info mi  (cost=0.00..346232.03 rows=9476311 width=4) (actual time=130.618..6677.086 rows=9565151 loops=1)
        Filter: (info_type_id < 16)
        Rows Removed by Filter: 5270569
  ->  Hash  (cost=281943.40..281943.40 rows=3669318 width=8) (actual time=7578.310..7578.310 rows=3664519 loops=1)
        Buckets: 131072  Batches: 64  Memory Usage: 3360kB
        ->  Hash Join  (cost=102767.86..281943.40 rows=3669318 width=8) (actual time=1935.187..6559.090 rows=3664519 loops=1)
              Hash Cond: (mk.movie_id = t.id)
              ->  Seq Scan on movie_keyword mk  (cost=0.00..81003.12 rows=3669318 width=4) (actual time=0.041..1603.463 rows=3664519 loops=1)
                    Filter: (keyword_id > 816)
                    Rows Removed by Filter: 859411
              ->  Hash  (cost=61283.27..61283.27 rows=2528527 width=4) (actual time=1933.240..1933.240 rows=2528312 loops=1)
                    Buckets: 131072  Batches: 64  Memory Usage: 2425kB
                    ->  Seq Scan on title t  (cost=0.00..61283.27 rows=2528527 width=4) (actual time=0.015..1036.444 rows=2528312 loops=1)
Planning time: 1.144 ms
Execution time: 50922.607 ms
