Hash Join  (cost=81720.25..462351.13 rows=705676 width=0) (actual time=1614.430..8523.289 rows=1366732 loops=1)
  Hash Cond: (mi.movie_id = t.id)
  ->  Seq Scan on movie_info mi  (cost=0.00..346232.03 rows=2073893 width=4) (actual time=178.701..5461.699 rows=2091068 loops=1)
        Filter: (info_type_id < 3)
        Rows Removed by Filter: 12744652
  ->  Hash  (cost=67604.59..67604.59 rows=860373 width=4) (actual time=1434.792..1434.792 rows=854214 loops=1)
        Buckets: 131072  Batches: 16  Memory Usage: 2906kB
        ->  Seq Scan on title t  (cost=0.00..67604.59 rows=860373 width=4) (actual time=0.029..1156.073 rows=854214 loops=1)
              Filter: (kind_id < 4)
              Rows Removed by Filter: 1674098
Planning time: 0.749 ms
Execution time: 8685.138 ms
