Seq Scan on cast_info ci  (cost=0.00..705507.15 rows=500 width=0) (actual time=4839.558..10442.985 rows=58 loops=1)
  Filter: (person_id = 948732)
  Rows Removed by Filter: 36244286
Planning time: 0.341 ms
Execution time: 10443.132 ms
