Seq Scan on title t  (cost=0.00..73925.90 rows=41002 width=0) (actual time=0.030..1175.197 rows=40409 loops=1)
  Filter: ((kind_id > 4) AND (production_year > 2012))
  Rows Removed by Filter: 2487903
Planning time: 0.320 ms
Execution time: 1182.475 ms
