Seq Scan on movie_keyword mk  (cost=0.00..81003.12 rows=1036329 width=0) (actual time=0.024..1197.863 rows=1043452 loops=1)
  Filter: (keyword_id > 16991)
  Rows Removed by Filter: 3480478
Planning time: 0.332 ms
Execution time: 1319.736 ms
