Seq Scan on movie_companies mc  (cost=0.00..57926.93 rows=809449 width=0) (actual time=0.020..1019.212 rows=1024423 loops=1)
  Filter: ((company_id > 5388) AND (company_type_id > 1))
  Rows Removed by Filter: 1584706
Planning time: 0.347 ms
Execution time: 1147.545 ms
