Seq Scan on title t  (cost=0.00..67604.59 rows=40709 width=0) (actual time=0.019..1073.248 rows=38955 loops=1)
  Filter: (production_year = 1997)
  Rows Removed by Filter: 2489357
Planning time: 0.359 ms
Execution time: 1080.004 ms
