Hash Join  (cost=228266.00..1540879.98 rows=22732980 width=0) (actual time=5277.684..49618.307 rows=44804507 loops=1)
  Hash Cond: (ci.movie_id = t.id)
  ->  Seq Scan on cast_info ci  (cost=0.00..614943.12 rows=36225612 width=4) (actual time=0.021..13499.760 rows=36244344 loops=1)
  ->  Hash  (cost=202232.64..202232.64 rows=1586749 width=8) (actual time=5276.517..5276.517 rows=1586419 loops=1)
        Buckets: 131072  Batches: 32  Memory Usage: 2950kB
        ->  Hash Join  (cost=102767.86..202232.64 rows=1586749 width=8) (actual time=1971.874..4814.412 rows=1586419 loops=1)
              Hash Cond: (mc.movie_id = t.id)
              ->  Seq Scan on movie_companies mc  (cost=0.00..51404.11 rows=1586749 width=4) (actual time=0.026..1059.171 rows=1586419 loops=1)
                    Filter: (company_id > 5442)
                    Rows Removed by Filter: 1022710
              ->  Hash  (cost=61283.27..61283.27 rows=2528527 width=4) (actual time=1969.710..1969.710 rows=2528312 loops=1)
                    Buckets: 131072  Batches: 64  Memory Usage: 2415kB
                    ->  Seq Scan on title t  (cost=0.00..61283.27 rows=2528527 width=4) (actual time=0.022..1138.318 rows=2528312 loops=1)
Planning time: 1.157 ms
Execution time: 54733.113 ms
