Hash Join  (cost=452385.20..1345366.60 rows=1036615 width=0) (actual time=13097.111..23606.597 rows=815106 loops=1)
  Hash Cond: (ci.movie_id = t.id)
  ->  Seq Scan on cast_info ci  (cost=0.00..796071.18 rows=7364557 width=4) (actual time=4655.304..13465.625 rows=3195463 loops=1)
        Filter: ((person_id > 2593225) AND (role_id < 4))
        Rows Removed by Filter: 33048881
  ->  Hash  (cost=446545.35..446545.35 rows=355908 width=8) (actual time=8440.027..8440.027 rows=618967 loops=1)
        Buckets: 131072  Batches: 8  Memory Usage: 4049kB
        ->  Hash Join  (cost=78556.72..446545.35 rows=355908 width=8) (actual time=4333.622..8256.823 rows=618967 loops=1)
              Hash Cond: (mi.movie_id = t.id)
              ->  Seq Scan on movie_info mi  (cost=0.00..346232.03 rows=1348138 width=4) (actual time=2584.978..5950.975 rows=1298989 loops=1)
                    Filter: (info_type_id = 4)
                    Rows Removed by Filter: 13536731
              ->  Hash  (cost=67604.59..67604.59 rows=667531 width=4) (actual time=1384.129..1384.129 rows=662825 loops=1)
                    Buckets: 131072  Batches: 16  Memory Usage: 2485kB
                    ->  Seq Scan on title t  (cost=0.00..67604.59 rows=667531 width=4) (actual time=24.583..1174.175 rows=662825 loops=1)
                          Filter: (kind_id = 1)
                          Rows Removed by Filter: 1865487
Planning time: 1.207 ms
Execution time: 23686.244 ms
