Hash Join  (cost=94420.17..1422889.69 rows=8017601 width=136) (actual time=1299.835..20202.678 rows=8870347 loops=1)
  Hash Cond: (ci.movie_id = t.id)
  ->  Seq Scan on cast_info ci  (cost=0.00..796071.18 rows=20524620 width=42) (actual time=0.019..9025.338 rows=22332292 loops=1)
        Filter: ((person_id > 431829) AND (role_id > 1))
        Rows Removed by Filter: 13912052
  ->  Hash  (cost=67604.59..67604.59 rows=987727 width=94) (actual time=1298.065..1298.065 rows=985048 loops=1)
        Buckets: 32768  Batches: 64  Memory Usage: 1938kB
        ->  Seq Scan on title t  (cost=0.00..67604.59 rows=987727 width=94) (actual time=0.016..631.126 rows=985048 loops=1)
              Filter: (kind_id < 7)
              Rows Removed by Filter: 1543264
Planning time: 0.953 ms
Execution time: 20499.063 ms
