Hash Join  (cost=201636.20..341927.23 rows=1501100 width=0) (actual time=4144.257..8409.237 rows=3849980 loops=1)
  Hash Cond: (mk.movie_id = t.id)
  ->  Seq Scan on movie_keyword mk  (cost=0.00..69693.30 rows=4523930 width=4) (actual time=0.020..1401.248 rows=4523930 loops=1)
  ->  Hash  (cost=187870.71..187870.71 rows=838999 width=8) (actual time=4143.000..4143.000 rows=563816 loops=1)
        Buckets: 131072  Batches: 16  Memory Usage: 2408kB
        ->  Hash Join  (cost=100089.65..187870.71 rows=838999 width=8) (actual time=1956.774..3974.831 rows=563816 loops=1)
              Hash Cond: (mc.movie_id = t.id)
              ->  Seq Scan on movie_companies mc  (cost=0.00..57926.93 rows=1071427 width=4) (actual time=0.020..1116.699 rows=824510 loops=1)
                    Filter: ((company_id < 73762) AND (company_type_id > 1))
                    Rows Removed by Filter: 1784619
              ->  Hash  (cost=67604.59..67604.59 rows=1980005 width=4) (actual time=1955.792..1955.792 rows=1976617 loops=1)
                    Buckets: 131072  Batches: 32  Memory Usage: 3203kB
                    ->  Seq Scan on title t  (cost=0.00..67604.59 rows=1980005 width=4) (actual time=0.016..1330.075 rows=1976617 loops=1)
                          Filter: (production_year > 1977)
                          Rows Removed by Filter: 551695
Planning time: 1.386 ms
Execution time: 8853.338 ms
