Seq Scan on movie_keyword mk  (cost=0.00..81003.12 rows=2528569 width=0) (actual time=0.011..1548.496 rows=2518487 loops=1)
  Filter: (keyword_id < 6241)
  Rows Removed by Filter: 2005443
Planning time: 0.240 ms
Execution time: 1864.450 ms
