Seq Scan on movie_companies mc  (cost=0.00..57926.93 rows=38382 width=0) (actual time=115.803..607.880 rows=64049 loops=1)
  Filter: ((company_id < 12) AND (company_type_id < 2))
  Rows Removed by Filter: 2545080
Planning time: 0.329 ms
Execution time: 616.240 ms
