Hash Join  (cost=75570.05..434615.89 rows=155456 width=0) (actual time=5617.906..7390.945 rows=203630 loops=1)
  Hash Cond: (mi.movie_id = t.id)
  ->  Seq Scan on movie_info mi  (cost=0.00..346232.03 rows=809669 width=4) (actual time=4285.536..5548.619 rows=802140 loops=1)
        Filter: (info_type_id = 1)
        Rows Removed by Filter: 14033580
  ->  Hash  (cost=67604.59..67604.59 rows=485477 width=4) (actual time=1331.276..1331.276 rows=479601 loops=1)
        Buckets: 131072  Batches: 8  Memory Usage: 3131kB
        ->  Seq Scan on title t  (cost=0.00..67604.59 rows=485477 width=4) (actual time=0.059..1179.304 rows=479601 loops=1)
              Filter: (production_year < 1978)
              Rows Removed by Filter: 2048711
Planning time: 0.822 ms
Execution time: 7417.056 ms
