Hash Join  (cost=118038.60..194496.60 rows=102146 width=0) (actual time=2548.395..5202.679 rows=743258 loops=1)
  Hash Cond: (mc.movie_id = t.id)
  ->  Seq Scan on movie_companies mc  (cost=0.00..44881.29 rows=2609129 width=4) (actual time=0.013..1023.951 rows=2609129 loops=1)
  ->  Hash  (cost=116414.22..116414.22 rows=98991 width=8) (actual time=2547.599..2547.599 rows=204993 loops=1)
        Buckets: 131072 (originally 131072)  Batches: 4 (originally 2)  Memory Usage: 3073kB
        ->  Hash Join  (cost=82758.37..116414.22 rows=98991 width=8) (actual time=1545.786..2482.574 rows=204993 loops=1)
              Hash Cond: (mi_idx.movie_id = t.id)
              ->  Seq Scan on movie_info_idx mi_idx  (cost=0.00..25185.44 rows=464934 width=4) (actual time=0.023..561.721 rows=460185 loops=1)
                    Filter: (info_type_id > 100)
                    Rows Removed by Filter: 919850
              ->  Hash  (cost=73925.90..73925.90 rows=538357 width=4) (actual time=1544.946..1544.946 rows=564943 loops=1)
                    Buckets: 131072  Batches: 8  Memory Usage: 3519kB
                    ->  Seq Scan on title t  (cost=0.00..73925.90 rows=538357 width=4) (actual time=0.026..1364.150 rows=564943 loops=1)
                          Filter: ((kind_id < 3) AND (production_year < 2009))
                          Rows Removed by Filter: 1963369
Planning time: 2.853 ms
Execution time: 5293.250 ms
