Hash Join  (cost=130043.83..497145.66 rows=244590 width=0) (actual time=2559.110..10176.171 rows=68374 loops=1)
  Hash Cond: (mi.movie_id = t.id)
  ->  Seq Scan on movie_info mi  (cost=0.00..309384.22 rows=14739122 width=4) (actual time=0.034..4558.301 rows=14835720 loops=1)
  ->  Hash  (cost=129519.33..129519.33 rows=41960 width=8) (actual time=2268.640..2268.640 rows=13319 loops=1)
        Buckets: 65536  Batches: 1  Memory Usage: 1033kB
        ->  Hash Join  (cost=74434.21..129519.33 rows=41960 width=8) (actual time=1027.556..2263.282 rows=13319 loops=1)
              Hash Cond: (mc.movie_id = t.id)
              ->  Seq Scan on movie_companies mc  (cost=0.00..44881.29 rows=2609129 width=4) (actual time=0.023..608.118 rows=2609129 loops=1)
              ->  Hash  (cost=73925.90..73925.90 rows=40664 width=4) (actual time=1020.978..1020.978 rows=40257 loops=1)
                    Buckets: 65536  Batches: 1  Memory Usage: 1928kB
                    ->  Seq Scan on title t  (cost=0.00..73925.90 rows=40664 width=4) (actual time=0.017..1004.993 rows=40257 loops=1)
                          Filter: ((production_year > 2012) AND (kind_id = 7))
                          Rows Removed by Filter: 2488055
Planning time: 2.734 ms
Execution time: 10185.592 ms
