Hash Join  (cost=188824.04..691195.77 rows=2114780 width=0) (actual time=4904.877..23369.590 rows=18835351 loops=1)
  Hash Cond: (mi.movie_id = t.id)
  ->  Seq Scan on movie_info mi  (cost=0.00..309384.22 rows=14739122 width=4) (actual time=0.009..5929.498 rows=14835720 loops=1)
  ->  Hash  (cost=182871.10..182871.10 rows=362795 width=8) (actual time=4903.738..4903.738 rows=502957 loops=1)
        Buckets: 131072  Batches: 8  Memory Usage: 3561kB
        ->  Hash Join  (cost=76440.79..182871.10 rows=362795 width=8) (actual time=1753.599..4301.542 rows=502957 loops=1)
              Hash Cond: (mk.movie_id = t.id)
              ->  Seq Scan on movie_keyword mk  (cost=0.00..81003.12 rows=1703263 width=4) (actual time=0.012..1578.401 rows=1710004 loops=1)
                    Filter: (keyword_id < 2713)
                    Rows Removed by Filter: 2813926
              ->  Hash  (cost=67604.59..67604.59 rows=538576 width=4) (actual time=1752.486..1752.486 rows=538190 loops=1)
                    Buckets: 131072  Batches: 8  Memory Usage: 3387kB
                    ->  Seq Scan on title t  (cost=0.00..67604.59 rows=538576 width=4) (actual time=0.026..1264.432 rows=538190 loops=1)
                          Filter: (production_year < 1982)
                          Rows Removed by Filter: 1990122
Planning time: 1.168 ms
Execution time: 25511.752 ms
