Hash Join  (cost=114671.47..202462.03 rows=113252 width=0) (actual time=2346.314..4352.133 rows=565674 loops=1)
  Hash Cond: (mk.movie_id = t.id)
  ->  Seq Scan on movie_keyword mk  (cost=0.00..69693.30 rows=4523930 width=4) (actual time=0.023..1028.033 rows=4523930 loops=1)
  ->  Hash  (cost=113880.24..113880.24 rows=63299 width=8) (actual time=2345.867..2345.867 rows=69990 loops=1)
        Buckets: 131072 (originally 65536)  Batches: 1 (originally 1)  Memory Usage: 3758kB
        ->  Hash Join  (cost=76796.18..113880.24 rows=63299 width=8) (actual time=1379.684..2320.754 rows=69990 loops=1)
              Hash Cond: (mi_idx.movie_id = t.id)
              ->  Seq Scan on movie_info_idx mi_idx  (cost=0.00..25185.44 rows=915101 width=4) (actual time=0.019..600.933 rows=919850 loops=1)
                    Filter: (info_type_id < 101)
                    Rows Removed by Filter: 460185
              ->  Hash  (cost=73925.90..73925.90 rows=174902 width=4) (actual time=1312.809..1312.809 rows=160286 loops=1)
                    Buckets: 131072  Batches: 4  Memory Usage: 2435kB
                    ->  Seq Scan on title t  (cost=0.00..73925.90 rows=174902 width=4) (actual time=0.012..1260.474 rows=160286 loops=1)
                          Filter: ((production_year > 2008) AND (kind_id = 1))
                          Rows Removed by Filter: 2368026
Planning time: 1.178 ms
Execution time: 4422.919 ms
