Hash Join  (cost=128962.37..493624.06 rows=577 width=0) (actual time=2431.295..9999.806 rows=5990 loops=1)
  Hash Cond: (mi.movie_id = t.id)
  ->  Seq Scan on movie_info mi  (cost=0.00..309384.22 rows=14739122 width=4) (actual time=0.010..4664.019 rows=14835720 loops=1)
  ->  Hash  (cost=128961.13..128961.13 rows=99 width=8) (actual time=2428.333..2428.333 rows=723 loops=1)
        Buckets: 1024  Batches: 1  Memory Usage: 37kB
        ->  Hash Join  (cost=73929.13..128961.13 rows=99 width=8) (actual time=1311.446..2427.800 rows=723 loops=1)
              Hash Cond: (mc.movie_id = t.id)
              ->  Seq Scan on movie_companies mc  (cost=0.00..51404.11 rows=967172 width=4) (actual time=0.026..948.254 rows=967864 loops=1)
                    Filter: (company_id < 4091)
                    Rows Removed by Filter: 1641265
              ->  Hash  (cost=73925.90..73925.90 rows=258 width=4) (actual time=1310.965..1310.965 rows=3378 loops=1)
                    Buckets: 4096 (originally 1024)  Batches: 1 (originally 1)  Memory Usage: 151kB
                    ->  Seq Scan on title t  (cost=0.00..73925.90 rows=258 width=4) (actual time=11.051..1309.382 rows=3378 loops=1)
                          Filter: ((kind_id < 7) AND (production_year > 2013))
                          Rows Removed by Filter: 2524934
Planning time: 2.625 ms
Execution time: 10001.331 ms
