Hash Join  (cost=102767.86..181306.94 rows=446040 width=0) (actual time=1921.365..3731.879 rows=644747 loops=1)
  Hash Cond: (mc.movie_id = t.id)
  ->  Seq Scan on movie_companies mc  (cost=0.00..57926.93 rows=446040 width=4) (actual time=0.014..948.465 rows=644747 loops=1)
        Filter: ((company_id < 3005) AND (company_type_id = 1))
        Rows Removed by Filter: 1964382
  ->  Hash  (cost=61283.27..61283.27 rows=2528527 width=4) (actual time=1919.071..1919.071 rows=2528312 loops=1)
        Buckets: 131072  Batches: 64  Memory Usage: 2415kB
        ->  Seq Scan on title t  (cost=0.00..61283.27 rows=2528527 width=4) (actual time=0.025..1077.331 rows=2528312 loops=1)
Planning time: 0.714 ms
Execution time: 3800.253 ms
