Seq Scan on cast_info ci  (cost=0.00..705507.15 rows=576071 width=0) (actual time=291.675..11331.628 rows=474531 loops=1)
  Filter: (person_id < 53496)
  Rows Removed by Filter: 35769813
Planning time: 0.244 ms
Execution time: 11387.543 ms
