Hash Join  (cost=138067.04..219029.79 rows=428923 width=0) (actual time=3464.765..6235.164 rows=2314663 loops=1)
  Hash Cond: (mc.movie_id = t.id)
  ->  Seq Scan on movie_companies mc  (cost=0.00..44881.29 rows=2609129 width=4) (actual time=0.023..975.067 rows=2609129 loops=1)
  ->  Hash  (cost=131247.14..131247.14 rows=415672 width=8) (actual time=3463.567..3463.567 rows=708361 loops=1)
        Buckets: 131072 (originally 131072)  Batches: 16 (originally 8)  Memory Usage: 3073kB
        ->  Hash Join  (cost=86421.94..131247.14 rows=415672 width=8) (actual time=1753.678..3234.264 rows=708361 loops=1)
              Hash Cond: (mi_idx.movie_id = t.id)
              ->  Seq Scan on movie_info_idx mi_idx  (cost=0.00..21735.35 rows=1380035 width=4) (actual time=0.018..477.567 rows=1380035 loops=1)
              ->  Hash  (cost=73925.90..73925.90 rows=761603 width=4) (actual time=1752.709..1752.709 rows=670584 loops=1)
                    Buckets: 131072  Batches: 16  Memory Usage: 2498kB
                    ->  Seq Scan on title t  (cost=0.00..73925.90 rows=761603 width=4) (actual time=0.015..1277.093 rows=670584 loops=1)
                          Filter: ((kind_id < 7) AND (production_year > 1979))
                          Rows Removed by Filter: 1857728
Planning time: 1.037 ms
Execution time: 6488.126 ms
