Hash Join  (cost=88334.42..1278250.63 rows=11110331 width=0) (actual time=1671.105..37585.634 rows=12247888 loops=1)
  Hash Cond: (ci.movie_id = t.id)
  ->  Seq Scan on cast_info ci  (cost=0.00..705507.15 rows=31989000 width=4) (actual time=0.013..16748.196 rows=31955045 loops=1)
        Filter: (person_id < 3275516)
        Rows Removed by Filter: 4289299
  ->  Hash  (cost=73925.90..73925.90 rows=878201 width=4) (actual time=1669.969..1669.969 rows=947729 loops=1)
        Buckets: 131072  Batches: 16  Memory Usage: 3113kB
        ->  Seq Scan on title t  (cost=0.00..73925.90 rows=878201 width=4) (actual time=0.014..1376.532 rows=947729 loops=1)
              Filter: ((kind_id > 1) AND (production_year > 2003))
              Rows Removed by Filter: 1580583
Planning time: 0.752 ms
Execution time: 38861.311 ms
