Hash Join  (cost=83074.74..111707.54 rows=89 width=156) (actual time=554.759..796.704 rows=432 loops=1)
  Hash Cond: (mi_idx.movie_id = t.id)
  ->  Seq Scan on movie_info_idx mi_idx  (cost=0.00..25185.44 rows=919057 width=50) (actual time=0.021..194.192 rows=920110 loops=1)
        Filter: (info_type_id > 99)
        Rows Removed by Filter: 459925
  ->  Hash  (cost=83071.67..83071.67 rows=246 width=106) (actual time=535.198..535.198 rows=227 loops=1)
        Buckets: 1024  Batches: 1  Memory Usage: 36kB
        ->  Nested Loop  (cost=0.43..83071.67 rows=246 width=106) (actual time=0.161..534.994 rows=227 loops=1)
              ->  Seq Scan on movie_keyword mk  (cost=0.00..81003.12 rows=246 width=12) (actual time=0.139..531.029 rows=227 loops=1)
                    Filter: (keyword_id = 22245)
                    Rows Removed by Filter: 4523703
              ->  Index Scan using title_pkey on title t  (cost=0.43..8.40 rows=1 width=94) (actual time=0.016..0.016 rows=1 loops=227)
                    Index Cond: (id = mk.movie_id)
Planning time: 0.889 ms
Execution time: 796.811 ms
