Seq Scan on movie_keyword mk  (cost=0.00..81003.12 rows=3378695 width=0) (actual time=0.024..1447.703 rows=3362793 loops=1)
  Filter: (keyword_id < 16131)
  Rows Removed by Filter: 1161137
Planning time: 0.314 ms
Execution time: 1869.804 ms
