Seq Scan on movie_keyword mk  (cost=0.00..81003.12 rows=3029253 width=0) (actual time=0.024..1569.465 rows=3018123 loops=1)
  Filter: (keyword_id > 2172)
  Rows Removed by Filter: 1505807
Planning time: 0.324 ms
Execution time: 1943.009 ms
