Hash Join  (cost=114895.04..532629.97 rows=283834 width=0) (actual time=2348.160..12287.110 rows=1442744 loops=1)
  Hash Cond: (mi.movie_id = t.id)
  ->  Seq Scan on movie_info mi  (cost=0.00..346232.03 rows=5897221 width=4) (actual time=0.010..6451.376 rows=5884963 loops=1)
        Filter: (info_type_id < 7)
        Rows Removed by Filter: 8950757
  ->  Hash  (cost=112897.81..112897.81 rows=121698 width=8) (actual time=2347.431..2347.431 rows=209880 loops=1)
        Buckets: 131072 (originally 131072)  Batches: 4 (originally 2)  Memory Usage: 3083kB
        ->  Hash Join  (cost=78556.72..112897.81 rows=121698 width=8) (actual time=1331.342..2268.415 rows=209880 loops=1)
              Hash Cond: (mi_idx.movie_id = t.id)
              ->  Seq Scan on movie_info_idx mi_idx  (cost=0.00..25185.44 rows=460978 width=4) (actual time=0.013..498.677 rows=459925 loops=1)
                    Filter: (info_type_id < 100)
                    Rows Removed by Filter: 920110
              ->  Hash  (cost=67604.59..67604.59 rows=667531 width=4) (actual time=1330.716..1330.716 rows=662825 loops=1)
                    Buckets: 131072  Batches: 16  Memory Usage: 2476kB
                    ->  Seq Scan on title t  (cost=0.00..67604.59 rows=667531 width=4) (actual time=251.295..1124.635 rows=662825 loops=1)
                          Filter: (kind_id = 1)
                          Rows Removed by Filter: 1865487
Planning time: 1.001 ms
Execution time: 12455.677 ms
