Hash Join  (cost=69484.36..1035226.49 rows=979428 width=0) (actual time=1025.865..23761.206 rows=880561 loops=1)
  Hash Cond: (ci.movie_id = t.id)
  ->  Seq Scan on cast_info ci  (cost=0.00..705507.15 rows=21620985 width=4) (actual time=0.019..14444.609 rows=21480682 loops=1)
        Filter: (person_id < 2177327)
        Rows Removed by Filter: 14763662
  ->  Hash  (cost=67604.59..67604.59 rows=114542 width=4) (actual time=1025.050..1025.050 rows=118234 loops=1)
        Buckets: 131072  Batches: 2  Memory Usage: 3101kB
        ->  Seq Scan on title t  (cost=0.00..67604.59 rows=114542 width=4) (actual time=0.018..983.231 rows=118234 loops=1)
              Filter: (kind_id = 4)
              Rows Removed by Filter: 2410078
Planning time: 0.770 ms
Execution time: 23872.532 ms
