Seq Scan on movie_keyword mk  (cost=0.00..81003.12 rows=2003171 width=12) (actual time=0.018..566.841 rows=2005765 loops=1)
  Filter: (keyword_id < 3573)
  Rows Removed by Filter: 2518165
Planning time: 0.209 ms
Execution time: 631.177 ms
