Nested Loop  (cost=0.43..70769.10 rows=1596 width=0) (actual time=3.971..901.762 rows=1164 loops=1)
  ->  Seq Scan on movie_companies mc  (cost=0.00..57926.93 rows=1596 width=4) (actual time=3.906..865.667 rows=1164 loops=1)
        Filter: ((company_id = 67) AND (company_type_id = 2))
        Rows Removed by Filter: 2607965
  ->  Index Only Scan using title_pkey on title t  (cost=0.43..8.04 rows=1 width=4) (actual time=0.030..0.030 rows=1 loops=1164)
        Index Cond: (id = mc.movie_id)
        Heap Fetches: 1164
Planning time: 0.757 ms
Execution time: 902.138 ms
