Hash Join  (cost=472416.76..1449753.39 rows=13734 width=0) (actual time=9510.070..27964.832 rows=358900 loops=1)
  Hash Cond: (ci.movie_id = t.id)
  ->  Seq Scan on cast_info ci  (cost=0.00..614943.12 rows=36225612 width=4) (actual time=0.024..9070.041 rows=36244344 loops=1)
  ->  Hash  (cost=472404.77..472404.77 rows=959 width=8) (actual time=9509.821..9509.821 rows=21615 loops=1)
        Buckets: 32768 (originally 1024)  Batches: 1 (originally 1)  Memory Usage: 1101kB
        ->  Hash Join  (cost=73928.08..472404.77 rows=959 width=8) (actual time=1045.628..9498.359 rows=21615 loops=1)
              Hash Cond: (mi.movie_id = t.id)
              ->  Seq Scan on movie_info mi  (cost=0.00..346232.03 rows=13929354 width=4) (actual time=0.017..6276.228 rows=14033580 loops=1)
                    Filter: (info_type_id > 1)
                    Rows Removed by Filter: 802140
              ->  Hash  (cost=73925.90..73925.90 rows=174 width=4) (actual time=1043.978..1043.978 rows=3217 loops=1)
                    Buckets: 4096 (originally 1024)  Batches: 1 (originally 1)  Memory Usage: 146kB
                    ->  Seq Scan on title t  (cost=0.00..73925.90 rows=174 width=4) (actual time=507.444..1042.415 rows=3217 loops=1)
                          Filter: ((production_year > 2013) AND (kind_id = 1))
                          Rows Removed by Filter: 2525095
Planning time: 1.200 ms
Execution time: 28015.270 ms
