Hash Join  (cost=102767.86..286914.58 rows=3875914 width=0) (actual time=1944.461..6663.407 rows=3865169 loops=1)
  Hash Cond: (mk.movie_id = t.id)
  ->  Seq Scan on movie_keyword mk  (cost=0.00..81003.12 rows=3875914 width=4) (actual time=0.031..1747.344 rows=3865169 loops=1)
        Filter: (keyword_id < 28548)
        Rows Removed by Filter: 658761
  ->  Hash  (cost=61283.27..61283.27 rows=2528527 width=4) (actual time=1942.272..1942.272 rows=2528312 loops=1)
        Buckets: 131072  Batches: 64  Memory Usage: 2425kB
        ->  Seq Scan on title t  (cost=0.00..61283.27 rows=2528527 width=4) (actual time=0.019..1073.835 rows=2528312 loops=1)
Planning time: 0.643 ms
Execution time: 7068.930 ms
