Hash Join  (cost=168501.82..257297.39 rows=997104 width=0) (actual time=3785.396..6255.473 rows=1415547 loops=1)
  Hash Cond: (mc.movie_id = t.id)
  ->  Seq Scan on movie_companies mc  (cost=0.00..44881.29 rows=2609129 width=4) (actual time=0.014..866.331 rows=2609129 loops=1)
  ->  Hash  (cost=152648.06..152648.06 rows=966301 width=8) (actual time=3784.423..3784.423 rows=637077 loops=1)
        Buckets: 131072  Batches: 16  Memory Usage: 2587kB
        ->  Hash Join  (cost=96651.52..152648.06 rows=966301 width=8) (actual time=2153.600..3609.806 rows=637077 loops=1)
              Hash Cond: (mi_idx.movie_id = t.id)
              ->  Seq Scan on movie_info_idx mi_idx  (cost=0.00..21735.35 rows=1380035 width=4) (actual time=0.021..383.022 rows=1380035 loops=1)
              ->  Hash  (cost=67604.59..67604.59 rows=1770475 width=4) (actual time=2152.603..2152.603 rows=1774635 loops=1)
                    Buckets: 131072  Batches: 32  Memory Usage: 2978kB
                    ->  Seq Scan on title t  (cost=0.00..67604.59 rows=1770475 width=4) (actual time=0.012..1280.173 rows=1774635 loops=1)
                          Filter: (kind_id > 2)
                          Rows Removed by Filter: 753677
Planning time: 3.050 ms
Execution time: 6413.885 ms
