Hash Join  (cost=28268.21..114927.07 rows=82 width=0) (actual time=373.151..2126.145 rows=9595 loops=1)
  Hash Cond: (mk.movie_id = t.id)
  ->  Seq Scan on movie_keyword mk  (cost=0.00..69693.30 rows=4523930 width=4) (actual time=0.019..990.262 rows=4523930 loops=1)
  ->  Hash  (cost=28267.64..28267.64 rows=46 width=8) (actual time=370.846..370.846 rows=55 loops=1)
        Buckets: 1024  Batches: 1  Memory Usage: 11kB
        ->  Nested Loop  (cost=0.43..28267.64 rows=46 width=8) (actual time=62.956..370.818 rows=55 loops=1)
              ->  Seq Scan on movie_info_idx mi_idx  (cost=0.00..25185.44 rows=368 width=4) (actual time=62.751..358.705 rows=260 loops=1)
                    Filter: (info_type_id > 101)
                    Rows Removed by Filter: 1379775
              ->  Index Scan using title_pkey on title t  (cost=0.43..8.37 rows=1 width=4) (actual time=0.046..0.046 rows=0 loops=260)
                    Index Cond: (id = mi_idx.movie_id)
                    Filter: ((production_year > 2003) AND (kind_id = 1))
                    Rows Removed by Filter: 1
Planning time: 3.686 ms
Execution time: 2127.617 ms
