Hash Join  (cost=71463.00..131353.66 rows=7764 width=0) (actual time=1150.724..1918.053 rows=5384 loops=1)
  Hash Cond: (mc.movie_id = t.id)
  ->  Seq Scan on movie_companies mc  (cost=0.00..57926.93 rows=83489 width=4) (actual time=0.042..716.988 rows=38155 loops=1)
        Filter: ((company_id < 34) AND (company_type_id = 2))
        Rows Removed by Filter: 2570974
  ->  Hash  (cost=67604.59..67604.59 rows=235153 width=4) (actual time=1149.942..1149.942 rows=230883 loops=1)
        Buckets: 131072  Batches: 4  Memory Usage: 3052kB
        ->  Seq Scan on title t  (cost=0.00..67604.59 rows=235153 width=4) (actual time=0.033..1071.931 rows=230883 loops=1)
              Filter: (production_year < 1959)
              Rows Removed by Filter: 2297429
Planning time: 4.759 ms
Execution time: 1919.047 ms
