Hash Join  (cost=87642.27..227868.17 rows=1495787 width=0) (actual time=1572.580..5215.360 rows=756749 loops=1)
  Hash Cond: (mk.movie_id = t.id)
  ->  Seq Scan on movie_keyword mk  (cost=0.00..69693.30 rows=4523930 width=4) (actual time=0.020..1455.098 rows=4523930 loops=1)
  ->  Hash  (cost=73925.90..73925.90 rows=836029 width=4) (actual time=1571.752..1571.752 rows=742319 loops=1)
        Buckets: 131072  Batches: 16  Memory Usage: 2663kB
        ->  Seq Scan on title t  (cost=0.00..73925.90 rows=836029 width=4) (actual time=0.030..1316.214 rows=742319 loops=1)
              Filter: ((kind_id > 1) AND (production_year < 2002))
              Rows Removed by Filter: 1785993
Planning time: 0.824 ms
Execution time: 5306.738 ms
