Nested Loop  (cost=0.43..138936.83 rows=3357 width=0) (actual time=4.284..1415.041 rows=7641 loops=1)
  ->  Seq Scan on movie_keyword mk  (cost=0.00..81003.12 rows=8595 width=4) (actual time=4.241..1205.279 rows=7873 loops=1)
        Filter: (keyword_id = 3)
        Rows Removed by Filter: 4516057
  ->  Index Scan using title_pkey on title t  (cost=0.43..6.73 rows=1 width=4) (actual time=0.026..0.026 rows=1 loops=7873)
        Index Cond: (id = mk.movie_id)
        Filter: (kind_id < 7)
        Rows Removed by Filter: 0
Planning time: 0.765 ms
Execution time: 1417.045 ms
