Seq Scan on cast_info ci  (cost=0.00..796071.18 rows=5689330 width=0) (actual time=609.711..12064.518 rows=6164375 loops=1)
  Filter: ((person_id < 622433) AND (role_id < 10))
  Rows Removed by Filter: 30079969
Planning time: 0.400 ms
Execution time: 12845.245 ms
