Seq Scan on movie_companies mc  (cost=0.00..57926.93 rows=819602 width=0) (actual time=0.026..1051.459 rows=1126040 loops=1)
  Filter: ((company_id < 18749) AND (company_type_id < 2))
  Rows Removed by Filter: 1483089
Planning time: 0.362 ms
Execution time: 1195.839 ms
