Seq Scan on movie_keyword mk  (cost=0.00..81003.12 rows=2269325 width=12) (actual time=0.021..567.313 rows=2264915 loops=1)
  Filter: (keyword_id > 4679)
  Rows Removed by Filter: 2259015
Planning time: 0.190 ms
Execution time: 639.378 ms
