Seq Scan on movie_keyword mk  (cost=0.00..81003.12 rows=1294912 width=0) (actual time=0.023..1388.033 rows=1308318 loops=1)
  Filter: (keyword_id > 13436)
  Rows Removed by Filter: 3215612
Planning time: 0.324 ms
Execution time: 1549.817 ms
