Seq Scan on movie_keyword mk  (cost=0.00..81003.12 rows=1552871 width=0) (actual time=0.032..1370.943 rows=1556169 loops=1)
  Filter: (keyword_id < 2329)
  Rows Removed by Filter: 2967761
Planning time: 0.350 ms
Execution time: 1563.675 ms
