Seq Scan on movie_keyword mk  (cost=0.00..81003.12 rows=746019 width=0) (actual time=0.022..1284.780 rows=753947 loops=1)
  Filter: (keyword_id < 685)
  Rows Removed by Filter: 3769983
Planning time: 0.295 ms
Execution time: 1376.550 ms
