Hash Join  (cost=709675.59..1074342.89 rows=1137 width=0) (actual time=11174.961..17910.543 rows=69 loops=1)
  Hash Cond: (mi.movie_id = t.id)
  ->  Seq Scan on movie_info mi  (cost=0.00..309384.22 rows=14739122 width=4) (actual time=0.019..4227.886 rows=14835720 loops=1)
  ->  Hash  (cost=709673.15..709673.15 rows=195 width=8) (actual time=10995.105..10995.105 rows=22 loops=1)
        Buckets: 1024  Batches: 1  Memory Usage: 9kB
        ->  Nested Loop  (cost=0.43..709673.15 rows=195 width=8) (actual time=46.969..10995.083 rows=22 loops=1)
              ->  Seq Scan on cast_info ci  (cost=0.00..705507.15 rows=500 width=4) (actual time=46.898..10991.926 rows=69 loops=1)
                    Filter: (person_id = 2356325)
                    Rows Removed by Filter: 36244275
              ->  Index Scan using title_pkey on title t  (cost=0.43..8.32 rows=1 width=4) (actual time=0.045..0.045 rows=0 loops=69)
                    Index Cond: (id = ci.movie_id)
                    Filter: (kind_id < 7)
                    Rows Removed by Filter: 1
Planning time: 1.210 ms
Execution time: 17910.720 ms
