Seq Scan on cast_info ci  (cost=0.00..705507.15 rows=30882012 width=0) (actual time=0.015..12622.779 rows=30996237 loops=1)
  Filter: (person_id > 508057)
  Rows Removed by Filter: 5248107
Planning time: 0.328 ms
Execution time: 16313.765 ms
