Seq Scan on cast_info ci  (cost=0.00..705507.15 rows=16213437 width=0) (actual time=0.024..11437.449 rows=16090656 loops=1)
  Filter: (person_id < 1593437)
  Rows Removed by Filter: 20153688
Planning time: 0.332 ms
Execution time: 13348.714 ms
