Seq Scan on cast_info ci  (cost=0.00..705507.15 rows=500 width=0) (actual time=2847.647..11086.736 rows=1009 loops=1)
  Filter: (person_id = 688734)
  Rows Removed by Filter: 36243335
Planning time: 0.396 ms
Execution time: 11086.973 ms
