Hash Join  (cost=228493.78..825766.34 rows=9282173 width=0) (actual time=5265.955..27649.188 rows=38354879 loops=1)
  Hash Cond: (mi.movie_id = t.id)
  ->  Seq Scan on movie_info mi  (cost=0.00..309384.22 rows=14739122 width=4) (actual time=0.008..5974.558 rows=14835720 loops=1)
  ->  Hash  (cost=202368.08..202368.08 rows=1592376 width=8) (actual time=5264.990..5264.990 rows=1592654 loops=1)
        Buckets: 131072  Batches: 32  Memory Usage: 3006kB
        ->  Hash Join  (cost=102767.86..202368.08 rows=1592376 width=8) (actual time=1988.385..4793.993 rows=1592654 loops=1)
              Hash Cond: (mc.movie_id = t.id)
              ->  Seq Scan on movie_companies mc  (cost=0.00..51404.11 rows=1592376 width=4) (actual time=0.016..1047.096 rows=1592654 loops=1)
                    Filter: (company_id > 5258)
                    Rows Removed by Filter: 1016475
              ->  Hash  (cost=61283.27..61283.27 rows=2528527 width=4) (actual time=1987.280..1987.280 rows=2528312 loops=1)
                    Buckets: 131072  Batches: 64  Memory Usage: 2415kB
                    ->  Seq Scan on title t  (cost=0.00..61283.27 rows=2528527 width=4) (actual time=0.008..1140.605 rows=2528312 loops=1)
Planning time: 1.167 ms
Execution time: 31784.642 ms
