Hash Join  (cost=84171.54..219785.98 rows=1117240 width=0) (actual time=1408.097..4738.261 rows=244943 loops=1)
  Hash Cond: (mk.movie_id = t.id)
  ->  Seq Scan on movie_keyword mk  (cost=0.00..69693.30 rows=4523930 width=4) (actual time=0.022..1338.401 rows=4523930 loops=1)
  ->  Hash  (cost=73925.90..73925.90 rows=624451 width=4) (actual time=1406.840..1406.840 rows=521141 loops=1)
        Buckets: 131072  Batches: 16  Memory Usage: 2174kB
        ->  Seq Scan on title t  (cost=0.00..73925.90 rows=624451 width=4) (actual time=0.013..1234.088 rows=521141 loops=1)
              Filter: ((production_year < 2000) AND (kind_id = 7))
              Rows Removed by Filter: 2007171
Planning time: 0.733 ms
Execution time: 4768.470 ms
