Hash Join  (cost=169925.91..301835.91 rows=813197 width=0) (actual time=4121.015..13070.319 rows=23894797 loops=1)
  Hash Cond: (mk.movie_id = t.id)
  ->  Seq Scan on movie_keyword mk  (cost=0.00..69693.30 rows=4523930 width=4) (actual time=0.012..1432.825 rows=4523930 loops=1)
  ->  Hash  (cost=162468.48..162468.48 rows=454514 width=8) (actual time=4119.897..4119.897 rows=1025508 loops=1)
        Buckets: 131072 (originally 131072)  Batches: 16 (originally 8)  Memory Usage: 3593kB
        ->  Hash Join  (cost=81152.82..162468.48 rows=454514 width=8) (actual time=1404.230..3842.079 rows=1025508 loops=1)
              Hash Cond: (mc.movie_id = t.id)
              ->  Seq Scan on movie_companies mc  (cost=0.00..44881.29 rows=2609129 width=4) (actual time=0.028..883.995 rows=2609129 loops=1)
              ->  Hash  (cost=73925.90..73925.90 rows=440473 width=4) (actual time=1403.279..1403.279 rows=473918 loops=1)
                    Buckets: 131072  Batches: 8  Memory Usage: 3117kB
                    ->  Seq Scan on title t  (cost=0.00..73925.90 rows=440473 width=4) (actual time=0.020..1253.757 rows=473918 loops=1)
                          Filter: ((production_year < 2008) AND (kind_id = 1))
                          Rows Removed by Filter: 2054394
Planning time: 1.162 ms
Execution time: 15703.140 ms
