Seq Scan on movie_keyword mk  (cost=0.00..81003.12 rows=246 width=0) (actual time=65.844..1203.549 rows=58 loops=1)
  Filter: (keyword_id = 19545)
  Rows Removed by Filter: 4523872
Planning time: 0.364 ms
Execution time: 1203.702 ms
