Hash Join  (cost=207151.03..1112365.31 rows=784140 width=176) (actual time=5785.793..27005.216 rows=5326109 loops=1)
  Hash Cond: (ci.movie_id = t.id)
  ->  Seq Scan on cast_info ci  (cost=0.00..796071.18 rows=4330320 width=42) (actual time=571.155..12422.616 rows=7449321 loops=1)
        Filter: ((person_id > 1442778) AND (role_id = 2))
        Rows Removed by Filter: 28795023
  ->  Hash  (cost=192484.67..192484.67 rows=457869 width=134) (actual time=5213.232..5213.232 rows=1094599 loops=1)
        Buckets: 32768 (originally 32768)  Batches: 64 (originally 32)  Memory Usage: 3841kB
        ->  Hash Join  (cost=85972.46..192484.67 rows=457869 width=134) (actual time=1311.855..4435.708 rows=1094599 loops=1)
              Hash Cond: (mc.movie_id = t.id)
              ->  Seq Scan on movie_companies mc  (cost=0.00..44881.29 rows=2609129 width=40) (actual time=6.656..595.155 rows=2609129 loops=1)
              ->  Hash  (cost=73925.90..73925.90 rows=443724 width=94) (actual time=1304.700..1304.700 rows=536860 loops=1)
                    Buckets: 32768  Batches: 16  Memory Usage: 3919kB
                    ->  Seq Scan on title t  (cost=0.00..73925.90 rows=443724 width=94) (actual time=0.021..1103.615 rows=536860 loops=1)
                          Filter: ((kind_id < 7) AND (production_year < 2002))
                          Rows Removed by Filter: 1991452
Planning time: 0.947 ms
Execution time: 27298.132 ms
