Hash Join  (cost=102767.86..224438.58 rows=2509576 width=0) (actual time=1862.981..5763.513 rows=2508765 loops=1)
  Hash Cond: (mc.movie_id = t.id)
  ->  Seq Scan on movie_companies mc  (cost=0.00..51404.11 rows=2509576 width=4) (actual time=0.014..1100.815 rows=2508765 loops=1)
        Filter: (company_id < 157301)
        Rows Removed by Filter: 100364
  ->  Hash  (cost=61283.27..61283.27 rows=2528527 width=4) (actual time=1861.941..1861.941 rows=2528312 loops=1)
        Buckets: 131072  Batches: 64  Memory Usage: 2415kB
        ->  Seq Scan on title t  (cost=0.00..61283.27 rows=2528527 width=4) (actual time=0.019..1015.358 rows=2528312 loops=1)
Planning time: 0.754 ms
Execution time: 6064.488 ms
