Seq Scan on title t  (cost=0.00..73925.90 rows=103725 width=94) (actual time=60.001..684.672 rows=98992 loops=1)
  Filter: ((production_year > 2010) AND (kind_id = 1))
  Rows Removed by Filter: 2429320
Planning time: 0.616 ms
Execution time: 688.596 ms
