Hash Join  (cost=84243.64..916483.21 rows=596752 width=0) (actual time=9216.363..13535.934 rows=491 loops=1)
  Hash Cond: (ci.movie_id = t.id)
  ->  Seq Scan on cast_info ci  (cost=0.00..796071.18 rows=2399432 width=4) (actual time=7751.833..12003.114 rows=1917 loops=1)
        Filter: ((person_id < 1162472) AND (role_id = 2))
        Rows Removed by Filter: 36242427
  ->  Hash  (cost=73925.90..73925.90 rows=628859 width=4) (actual time=1443.508..1443.508 rows=578447 loops=1)
        Buckets: 131072  Batches: 16  Memory Usage: 2292kB
        ->  Seq Scan on title t  (cost=0.00..73925.90 rows=628859 width=4) (actual time=383.880..1254.634 rows=578447 loops=1)
              Filter: ((production_year > 1917) AND (kind_id = 1))
              Rows Removed by Filter: 1949865
Planning time: 0.796 ms
Execution time: 13536.117 ms
