Hash Join  (cost=102767.86..288927.86 rows=3959562 width=0) (actual time=1904.093..6889.609 rows=3957660 loops=1)
  Hash Cond: (mk.movie_id = t.id)
  ->  Seq Scan on movie_keyword mk  (cost=0.00..81003.12 rows=3959562 width=4) (actual time=0.016..1841.868 rows=3957660 loops=1)
        Filter: (keyword_id > 398)
        Rows Removed by Filter: 566270
  ->  Hash  (cost=61283.27..61283.27 rows=2528527 width=4) (actual time=1902.920..1902.920 rows=2528312 loops=1)
        Buckets: 131072  Batches: 64  Memory Usage: 2425kB
        ->  Seq Scan on title t  (cost=0.00..61283.27 rows=2528527 width=4) (actual time=0.022..1064.420 rows=2528312 loops=1)
Planning time: 0.761 ms
Execution time: 7320.305 ms
