Nested Loop  (cost=0.43..83072.29 rows=1 width=0) (actual time=110.709..1304.203 rows=1 loops=1)
  ->  Seq Scan on movie_keyword mk  (cost=0.00..81003.12 rows=246 width=4) (actual time=0.806..1190.672 rows=2223 loops=1)
        Filter: (keyword_id = 2048)
        Rows Removed by Filter: 4521707
  ->  Index Scan using title_pkey on title t  (cost=0.43..8.40 rows=1 width=4) (actual time=0.050..0.050 rows=0 loops=2223)
        Index Cond: (id = mk.movie_id)
        Filter: (production_year > 2013)
        Rows Removed by Filter: 1
Planning time: 0.767 ms
Execution time: 1304.306 ms
