Nested Loop  (cost=44377.22..145254.32 rows=4033 width=0) (actual time=837.194..2612.376 rows=18944 loops=1)
  ->  Hash Join  (cost=44376.79..132341.63 rows=21964 width=8) (actual time=837.133..2359.136 rows=18944 loops=1)
        Hash Cond: (mk.movie_id = mi_idx.movie_id)
        ->  Seq Scan on movie_keyword mk  (cost=0.00..81003.12 rows=7389 width=4) (actual time=0.349..1290.684 rows=7328 loops=1)
              Filter: (keyword_id = 229)
              Rows Removed by Filter: 4516602
        ->  Hash  (cost=21735.35..21735.35 rows=1380035 width=4) (actual time=834.931..834.931 rows=1380035 loops=1)
              Buckets: 131072  Batches: 32  Memory Usage: 2556kB
              ->  Seq Scan on movie_info_idx mi_idx  (cost=0.00..21735.35 rows=1380035 width=4) (actual time=0.017..421.455 rows=1380035 loops=1)
  ->  Index Only Scan using title_pkey on title t  (cost=0.43..0.58 rows=1 width=4) (actual time=0.013..0.013 rows=1 loops=18944)
        Index Cond: (id = mi_idx.movie_id)
        Heap Fetches: 18944
Planning time: 1.194 ms
Execution time: 2616.205 ms
