Seq Scan on movie_companies mc  (cost=0.00..51404.11 rows=959441 width=0) (actual time=0.025..922.657 rows=968753 loops=1)
  Filter: (company_id > 17757)
  Rows Removed by Filter: 1640376
Planning time: 0.327 ms
Execution time: 1042.129 ms
