Nested Loop  (cost=0.43..709673.15 rows=195 width=0) (actual time=8840.220..10998.828 rows=1 loops=1)
  ->  Seq Scan on cast_info ci  (cost=0.00..705507.15 rows=500 width=4) (actual time=8840.162..10998.765 rows=1 loops=1)
        Filter: (person_id = 536319)
        Rows Removed by Filter: 36244343
  ->  Index Scan using title_pkey on title t  (cost=0.43..8.32 rows=1 width=4) (actual time=0.037..0.038 rows=1 loops=1)
        Index Cond: (id = ci.movie_id)
        Filter: (kind_id < 7)
Planning time: 0.769 ms
Execution time: 10998.935 ms
