Hash Join  (cost=432023.27..519693.04 rows=101173 width=0) (actual time=7400.282..9346.605 rows=180456 loops=1)
  Hash Cond: (mk.movie_id = t.id)
  ->  Seq Scan on movie_keyword mk  (cost=0.00..69693.30 rows=4523930 width=4) (actual time=0.015..1025.872 rows=4523930 loops=1)
  ->  Hash  (cost=431316.42..431316.42 rows=56548 width=8) (actual time=7399.492..7399.492 rows=51966 loops=1)
        Buckets: 65536  Batches: 1  Memory Usage: 2542kB
        ->  Hash Join  (cost=69460.45..431316.42 rows=56548 width=8) (actual time=6046.952..7378.638 rows=51966 loops=1)
              Hash Cond: (mi.movie_id = t.id)
              ->  Seq Scan on movie_info mi  (cost=0.00..346232.03 rows=1264125 width=4) (actual time=4780.350..5577.552 rows=1288928 loops=1)
                    Filter: (info_type_id = 2)
                    Rows Removed by Filter: 13546792
              ->  Hash  (cost=67604.59..67604.59 rows=113109 width=4) (actual time=1265.795..1265.795 rows=119565 loops=1)
                    Buckets: 131072  Batches: 2  Memory Usage: 3121kB
                    ->  Seq Scan on title t  (cost=0.00..67604.59 rows=113109 width=4) (actual time=0.028..1132.724 rows=119565 loops=1)
                          Filter: (production_year = 2007)
                          Rows Removed by Filter: 2408747
Planning time: 1.809 ms
Execution time: 9370.885 ms
