Hash Join  (cost=797557.42..824468.27 rows=37 width=0) (actual time=11704.130..12271.520 rows=9 loops=1)
  Hash Cond: (mi_idx.movie_id = t.id)
  ->  Seq Scan on movie_info_idx mi_idx  (cost=0.00..21735.35 rows=1380035 width=4) (actual time=0.014..349.872 rows=1380035 loops=1)
  ->  Hash  (cost=797556.58..797556.58 rows=67 width=8) (actual time=11685.331..11685.331 rows=4 loops=1)
        Buckets: 1024  Batches: 1  Memory Usage: 9kB
        ->  Nested Loop  (cost=0.43..797556.58 rows=67 width=8) (actual time=6359.859..11685.313 rows=4 loops=1)
              ->  Seq Scan on cast_info ci  (cost=0.00..796071.18 rows=176 width=4) (actual time=6359.790..11685.172 rows=4 loops=1)
                    Filter: ((person_id = 408535) AND (role_id = 1))
                    Rows Removed by Filter: 36244340
              ->  Index Scan using title_pkey on title t  (cost=0.43..8.43 rows=1 width=4) (actual time=0.028..0.029 rows=1 loops=4)
                    Index Cond: (id = ci.movie_id)
                    Filter: ((kind_id > 2) AND (production_year > 2000))
Planning time: 1.266 ms
Execution time: 12271.666 ms
