Hash Join  (cost=28267.65..772542.43 rows=2 width=186) (actual time=200.177..9474.101 rows=101 loops=1)
  Hash Cond: (ci.movie_id = t.id)
  ->  Seq Scan on cast_info ci  (cost=0.00..705507.15 rows=10338025 width=42) (actual time=0.019..7908.971 rows=10170984 loops=1)
        Filter: (person_id < 999636)
        Rows Removed by Filter: 26073360
  ->  Hash  (cost=28267.64..28267.64 rows=1 width=144) (actual time=175.221..175.221 rows=4 loops=1)
        Buckets: 1024  Batches: 1  Memory Usage: 9kB
        ->  Nested Loop  (cost=0.43..28267.64 rows=1 width=144) (actual time=140.829..175.207 rows=4 loops=1)
              ->  Seq Scan on movie_info_idx mi_idx  (cost=0.00..25185.44 rows=368 width=50) (actual time=139.903..171.940 rows=260 loops=1)
                    Filter: (info_type_id > 101)
                    Rows Removed by Filter: 1379775
              ->  Index Scan using title_pkey on title t  (cost=0.43..8.37 rows=1 width=94) (actual time=0.012..0.012 rows=0 loops=260)
                    Index Cond: (id = mi_idx.movie_id)
                    Filter: ((kind_id < 7) AND (production_year = 1976))
                    Rows Removed by Filter: 1
Planning time: 1.527 ms
Execution time: 9474.265 ms
