Hash Join  (cost=128175.27..1194946.53 rows=3209206 width=0) (actual time=2558.751..33073.340 rows=4374626 loops=1)
  Hash Cond: (ci.movie_id = t.id)
  ->  Seq Scan on cast_info ci  (cost=0.00..614943.12 rows=36225612 width=4) (actual time=0.020..13260.620 rows=36244344 loops=1)
  ->  Hash  (cost=124499.25..124499.25 rows=224001 width=8) (actual time=2557.666..2557.666 rows=103758 loops=1)
        Buckets: 131072  Batches: 4  Memory Usage: 2027kB
        ->  Hash Join  (cost=84037.34..124499.25 rows=224001 width=8) (actual time=1394.069..2522.534 rows=103758 loops=1)
              Hash Cond: (mi_idx.movie_id = t.id)
              ->  Seq Scan on movie_info_idx mi_idx  (cost=0.00..25185.44 rows=919057 width=4) (actual time=0.026..570.632 rows=920110 loops=1)
                    Filter: (info_type_id > 99)
                    Rows Removed by Filter: 459925
              ->  Hash  (cost=73925.90..73925.90 rows=616275 width=4) (actual time=1392.942..1392.942 rows=676927 loops=1)
                    Buckets: 131072  Batches: 16  Memory Usage: 2516kB
                    ->  Seq Scan on title t  (cost=0.00..73925.90 rows=616275 width=4) (actual time=0.023..1176.581 rows=676927 loops=1)
                          Filter: ((production_year > 2005) AND (kind_id = 7))
                          Rows Removed by Filter: 1851385
Planning time: 1.212 ms
Execution time: 33630.304 ms
