Hash Join  (cost=68332.59..824963.77 rows=295842 width=0) (actual time=1125.311..17655.160 rows=305329 loops=1)
  Hash Cond: (ci.movie_id = t.id)
  ->  Seq Scan on cast_info ci  (cost=0.00..705507.15 rows=12844163 width=4) (actual time=0.025..12413.111 rows=12962817 loops=1)
        Filter: (person_id > 2381134)
        Rows Removed by Filter: 23281527
  ->  Hash  (cost=67604.59..67604.59 rows=58240 width=4) (actual time=1124.931..1124.931 rows=58590 loops=1)
        Buckets: 65536  Batches: 1  Memory Usage: 2572kB
        ->  Seq Scan on title t  (cost=0.00..67604.59 rows=58240 width=4) (actual time=0.027..1099.321 rows=58590 loops=1)
              Filter: (production_year = 2001)
              Rows Removed by Filter: 2469722
Planning time: 0.825 ms
Execution time: 17699.572 ms
