Hash Join  (cost=91397.28..181595.36 rows=1098856 width=0) (actual time=1683.022..4511.517 rows=806643 loops=1)
  Hash Cond: (mc.movie_id = t.id)
  ->  Seq Scan on movie_companies mc  (cost=0.00..44881.29 rows=2609129 width=4) (actual time=0.020..888.045 rows=2609129 loops=1)
  ->  Hash  (cost=73925.90..73925.90 rows=1064910 width=4) (actual time=1682.042..1682.042 rows=1003269 loops=1)
        Buckets: 131072  Batches: 16  Memory Usage: 3233kB
        ->  Seq Scan on title t  (cost=0.00..73925.90 rows=1064910 width=4) (actual time=0.020..1369.846 rows=1003269 loops=1)
              Filter: ((kind_id > 1) AND (production_year < 2006))
              Rows Removed by Filter: 1525043
Planning time: 0.763 ms
Execution time: 4610.846 ms
