Hash Join  (cost=83074.43..447740.39 rows=1004 width=0) (actual time=1348.945..8399.940 rows=523 loops=1)
  Hash Cond: (mi.movie_id = t.id)
  ->  Seq Scan on movie_info mi  (cost=0.00..309384.22 rows=14739122 width=4) (actual time=0.023..4388.429 rows=14835720 loops=1)
  ->  Hash  (cost=83072.29..83072.29 rows=172 width=8) (actual time=1340.585..1340.585 rows=32 loops=1)
        Buckets: 1024  Batches: 1  Memory Usage: 10kB
        ->  Nested Loop  (cost=0.43..83072.29 rows=172 width=8) (actual time=5.067..1340.536 rows=32 loops=1)
              ->  Seq Scan on movie_keyword mk  (cost=0.00..81003.12 rows=246 width=4) (actual time=5.021..1316.552 rows=160 loops=1)
                    Filter: (keyword_id = 4633)
                    Rows Removed by Filter: 4523770
              ->  Index Scan using title_pkey on title t  (cost=0.43..8.40 rows=1 width=4) (actual time=0.147..0.147 rows=0 loops=160)
                    Index Cond: (id = mk.movie_id)
                    Filter: (kind_id > 2)
                    Rows Removed by Filter: 1
Planning time: 1.170 ms
Execution time: 8400.391 ms
