Hash Join  (cost=74076.24..902858.74 rows=40972 width=0) (actual time=10877.757..16101.379 rows=12 loops=1)
  Hash Cond: (ci.movie_id = t.id)
  ->  Seq Scan on cast_info ci  (cost=0.00..796071.18 rows=8613759 width=4) (actual time=9860.918..14497.845 rows=4297449 loops=1)
        Filter: ((person_id > 1141639) AND (role_id = 1))
        Rows Removed by Filter: 31946895
  ->  Hash  (cost=73925.90..73925.90 rows=12027 width=4) (actual time=1004.149..1004.149 rows=3 loops=1)
        Buckets: 16384  Batches: 1  Memory Usage: 129kB
        ->  Seq Scan on title t  (cost=0.00..73925.90 rows=12027 width=4) (actual time=231.963..1004.123 rows=3 loops=1)
              Filter: ((production_year < 1962) AND (kind_id = 4))
              Rows Removed by Filter: 2528309
Planning time: 0.857 ms
Execution time: 16101.512 ms
