Seq Scan on cast_info ci  (cost=0.00..705507.15 rows=1740160 width=0) (actual time=154.308..11085.520 rows=1665584 loops=1)
  Filter: (person_id < 166035)
  Rows Removed by Filter: 34578760
Planning time: 0.324 ms
Execution time: 11297.313 ms
