Hash Join  (cost=526244.29..1385525.57 rows=213100 width=211) (actual time=7014.218..13284.121 rows=128 loops=1)
  Hash Cond: (ci.movie_id = t.id)
  ->  Seq Scan on cast_info ci  (cost=0.00..796071.18 rows=2629090 width=42) (actual time=1092.770..7509.710 rows=2234 loops=1)
        Filter: ((person_id < 1284924) AND (role_id = 2))
        Rows Removed by Filter: 36242110
  ->  Hash  (cost=518678.42..518678.42 rows=204950 width=169) (actual time=5697.725..5697.725 rows=344404 loops=1)
        Buckets: 32768  Batches: 16  Memory Usage: 3371kB
        ->  Hash Join  (cost=78512.17..518678.42 rows=204950 width=169) (actual time=2830.696..5530.305 rows=344404 loops=1)
              Hash Cond: (mi.movie_id = t.id)
              ->  Seq Scan on movie_info mi  (cost=0.00..346232.03 rows=3068194 width=75) (actual time=1974.160..3314.717 rows=3036719 loops=1)
                    Filter: (info_type_id = 16)
                    Rows Removed by Filter: 11799001
              ->  Hash  (cost=73925.90..73925.90 rows=168901 width=94) (actual time=852.749..852.749 rows=269915 loops=1)
                    Buckets: 32768  Batches: 8  Memory Usage: 3955kB
                    ->  Seq Scan on title t  (cost=0.00..73925.90 rows=168901 width=94) (actual time=0.154..772.062 rows=269915 loops=1)
                          Filter: ((kind_id < 7) AND (production_year < 1974))
                          Rows Removed by Filter: 2258397
Planning time: 1.479 ms
Execution time: 13284.754 ms
