Hash Join  (cost=110297.46..595322.26 rows=489089 width=0) (actual time=2174.498..13589.620 rows=494898 loops=1)
  Hash Cond: (mi.movie_id = t.id)
  ->  Seq Scan on movie_info mi  (cost=0.00..309384.22 rows=14739122 width=4) (actual time=0.014..6309.316 rows=14835720 loops=1)
  ->  Hash  (cost=108920.66..108920.66 rows=83904 width=8) (actual time=2173.681..2173.681 rows=46310 loops=1)
        Buckets: 131072  Batches: 2  Memory Usage: 1932kB
        ->  Hash Join  (cost=71408.55..108920.66 rows=83904 width=8) (actual time=1201.657..2157.576 rows=46310 loops=1)
              Hash Cond: (mi_idx.movie_id = t.id)
              ->  Seq Scan on movie_info_idx mi_idx  (cost=0.00..25185.44 rows=915101 width=4) (actual time=0.017..542.449 rows=919850 loops=1)
                    Filter: (info_type_id < 101)
                    Rows Removed by Filter: 460185
              ->  Hash  (cost=67604.59..67604.59 rows=231837 width=4) (actual time=1200.742..1200.742 rows=231649 loops=1)
                    Buckets: 131072  Batches: 4  Memory Usage: 3076kB
                    ->  Seq Scan on title t  (cost=0.00..67604.59 rows=231837 width=4) (actual time=0.022..1118.286 rows=231649 loops=1)
                          Filter: (production_year > 2011)
                          Rows Removed by Filter: 2296663
Planning time: 2.105 ms
Execution time: 13655.592 ms
