Hash Join  (cost=113349.02..574388.36 rows=474217 width=0) (actual time=2259.953..12048.080 rows=420417 loops=1)
  Hash Cond: (mi.movie_id = t.id)
  ->  Seq Scan on movie_info mi  (cost=0.00..346232.03 rows=9476311 width=4) (actual time=0.016..6540.117 rows=9565151 loops=1)
        Filter: (info_type_id < 16)
        Rows Removed by Filter: 5270569
  ->  Hash  (cost=111272.36..111272.36 rows=126533 width=8) (actual time=2258.889..2258.889 rows=69471 loops=1)
        Buckets: 131072  Batches: 2  Memory Usage: 2383kB
        ->  Hash Join  (cost=71408.55..111272.36 rows=126533 width=8) (actual time=1201.570..2235.845 rows=69471 loops=1)
              Hash Cond: (mi_idx.movie_id = t.id)
              ->  Seq Scan on movie_info_idx mi_idx  (cost=0.00..21735.35 rows=1380035 width=4) (actual time=0.007..435.016 rows=1380035 loops=1)
              ->  Hash  (cost=67604.59..67604.59 rows=231837 width=4) (actual time=1200.750..1200.750 rows=231649 loops=1)
                    Buckets: 131072  Batches: 4  Memory Usage: 3076kB
                    ->  Seq Scan on title t  (cost=0.00..67604.59 rows=231837 width=4) (actual time=0.012..1122.826 rows=231649 loops=1)
                          Filter: (production_year > 2011)
                          Rows Removed by Filter: 2296663
Planning time: 1.130 ms
Execution time: 12102.889 ms
