Hash Join  (cost=82871.49..215910.31 rows=784429 width=0) (actual time=1653.237..5606.583 rows=2163081 loops=1)
  Hash Cond: (mk.movie_id = t.id)
  ->  Seq Scan on movie_keyword mk  (cost=0.00..81003.12 rows=3637707 width=4) (actual time=0.016..1774.075 rows=3632047 loops=1)
        Filter: (keyword_id < 20649)
        Rows Removed by Filter: 891883
  ->  Hash  (cost=73925.90..73925.90 rows=545247 width=4) (actual time=1652.534..1652.534 rows=557319 loops=1)
        Buckets: 131072  Batches: 8  Memory Usage: 3494kB
        ->  Seq Scan on title t  (cost=0.00..73925.90 rows=545247 width=4) (actual time=240.200..1468.152 rows=557319 loops=1)
              Filter: ((production_year < 2011) AND (kind_id = 1))
              Rows Removed by Filter: 1970993
Planning time: 0.726 ms
Execution time: 5879.820 ms
