Seq Scan on movie_keyword mk  (cost=0.00..81003.12 rows=1392932 width=0) (actual time=0.025..1478.238 rows=1408388 loops=1)
  Filter: (keyword_id < 1920)
  Rows Removed by Filter: 3115542
Planning time: 0.337 ms
Execution time: 1657.343 ms
