Seq Scan on cast_info ci  (cost=0.00..705507.15 rows=34711918 width=0) (actual time=0.021..13640.600 rows=34807917 loops=1)
  Filter: (person_id > 144387)
  Rows Removed by Filter: 1436427
Planning time: 0.314 ms
Execution time: 17860.532 ms
