Hash Join  (cost=94978.31..197023.69 rows=1721644 width=0) (actual time=1882.033..4753.855 rows=1954214 loops=1)
  Hash Cond: (mc.movie_id = t.id)
  ->  Seq Scan on movie_companies mc  (cost=0.00..44881.29 rows=2609129 width=4) (actual time=0.013..931.826 rows=2609129 loops=1)
  ->  Hash  (cost=67604.59..67604.59 rows=1668458 width=4) (actual time=1880.350..1880.350 rows=1671292 loops=1)
        Buckets: 131072  Batches: 32  Memory Usage: 2858kB
        ->  Seq Scan on title t  (cost=0.00..67604.59 rows=1668458 width=4) (actual time=0.013..1321.528 rows=1671292 loops=1)
              Filter: (production_year < 2008)
              Rows Removed by Filter: 857020
Planning time: 0.759 ms
Execution time: 4955.020 ms
