Hash Join  (cost=288733.92..1109523.91 rows=6733381 width=181) (actual time=5281.645..56116.235 rows=201772701 loops=1)
  Hash Cond: (mi.movie_id = t.id)
  ->  Seq Scan on movie_info mi  (cost=0.00..346232.03 rows=12665229 width=75) (actual time=0.019..3126.583 rows=12744652 loops=1)
        Filter: (info_type_id > 2)
        Rows Removed by Filter: 2091068
  ->  Hash  (cost=249612.49..249612.49 rows=1344274 width=106) (actual time=5280.156..5280.156 rows=3521790 loops=1)
        Buckets: 32768 (originally 32768)  Batches: 128 (originally 64)  Memory Usage: 3841kB
        ->  Hash Join  (cost=94324.72..249612.49 rows=1344274 width=106) (actual time=828.906..3646.846 rows=3521790 loops=1)
              Hash Cond: (mk.movie_id = t.id)
              ->  Seq Scan on movie_keyword mk  (cost=0.00..69693.30 rows=4523930 width=12) (actual time=0.010..427.122 rows=4523930 loops=1)
              ->  Hash  (cost=73925.90..73925.90 rows=751345 width=94) (actual time=828.608..828.608 rows=793943 loops=1)
                    Buckets: 32768  Batches: 32  Memory Usage: 3013kB
                    ->  Seq Scan on title t  (cost=0.00..73925.90 rows=751345 width=94) (actual time=0.012..639.149 rows=793943 loops=1)
                          Filter: ((kind_id < 7) AND (production_year < 2010))
                          Rows Removed by Filter: 1734369
Planning time: 0.883 ms
Execution time: 62101.703 ms
