Seq Scan on movie_companies mc  (cost=0.00..57926.93 rows=28875 width=0) (actual time=595.163..840.766 rows=55553 loops=1)
  Filter: ((company_id > 187134) AND (company_type_id > 1))
  Rows Removed by Filter: 2553576
Planning time: 0.332 ms
Execution time: 847.553 ms
