Hash Join  (cost=233054.37..1121468.69 rows=4474618 width=0) (actual time=9837.674..28055.985 rows=13181352 loops=1)
  Hash Cond: (ci.movie_id = t.id)
  ->  Seq Scan on cast_info ci  (cost=0.00..705507.15 rows=11619997 width=4) (actual time=4901.401..13241.263 rows=11655591 loops=1)
        Filter: (person_id > 2528204)
        Rows Removed by Filter: 24588753
  ->  Hash  (cost=217079.33..217079.33 rows=973683 width=8) (actual time=4934.785..4934.785 rows=975215 loops=1)
        Buckets: 131072  Batches: 16  Memory Usage: 3433kB
        ->  Hash Join  (cost=102767.86..217079.33 rows=973683 width=8) (actual time=2065.639..4657.785 rows=975215 loops=1)
              Hash Cond: (mk.movie_id = t.id)
              ->  Seq Scan on movie_keyword mk  (cost=0.00..81003.12 rows=973683 width=4) (actual time=0.036..1447.417 rows=975215 loops=1)
                    Filter: (keyword_id < 916)
                    Rows Removed by Filter: 3548715
              ->  Hash  (cost=61283.27..61283.27 rows=2528527 width=4) (actual time=2064.695..2064.695 rows=2528312 loops=1)
                    Buckets: 131072  Batches: 64  Memory Usage: 2425kB
                    ->  Seq Scan on title t  (cost=0.00..61283.27 rows=2528527 width=4) (actual time=0.018..1203.603 rows=2528312 loops=1)
Planning time: 1.124 ms
Execution time: 29613.605 ms
