Hash Join  (cost=74124.68..135816.26 rows=6209 width=0) (actual time=1060.406..2284.238 rows=10895 loops=1)
  Hash Cond: (mc.movie_id = t.id)
  ->  Seq Scan on movie_companies mc  (cost=0.00..57926.93 rows=987347 width=4) (actual time=0.518..1055.395 rows=846681 loops=1)
        Filter: ((company_id > 684) AND (company_type_id < 2))
        Rows Removed by Filter: 1762448
  ->  Hash  (cost=73925.90..73925.90 rows=15902 width=4) (actual time=1058.814..1058.814 rows=12969 loops=1)
        Buckets: 16384  Batches: 1  Memory Usage: 584kB
        ->  Seq Scan on title t  (cost=0.00..73925.90 rows=15902 width=4) (actual time=0.155..1052.888 rows=12969 loops=1)
              Filter: ((kind_id < 7) AND (production_year = 1997))
              Rows Removed by Filter: 2515343
Planning time: 0.852 ms
Execution time: 2286.038 ms
