Hash Join  (cost=74068.04..128850.90 rows=11733 width=0) (actual time=1213.801..2323.941 rows=67844 loops=1)
  Hash Cond: (mc.movie_id = t.id)
  ->  Seq Scan on movie_companies mc  (cost=0.00..44881.29 rows=2609129 width=4) (actual time=0.028..581.480 rows=2609129 loops=1)
  ->  Hash  (cost=73925.90..73925.90 rows=11371 width=4) (actual time=1160.447..1160.447 rows=35049 loops=1)
        Buckets: 65536 (originally 16384)  Batches: 1 (originally 1)  Memory Usage: 1745kB
        ->  Seq Scan on title t  (cost=0.00..73925.90 rows=11371 width=4) (actual time=742.451..1147.906 rows=35049 loops=1)
              Filter: ((kind_id < 3) AND (production_year < 1912))
              Rows Removed by Filter: 2493263
Planning time: 10.385 ms
Execution time: 2331.951 ms
