Hash Join  (cost=168261.81..294757.20 rows=554886 width=0) (actual time=4837.789..6641.598 rows=317963 loops=1)
  Hash Cond: (mk.movie_id = t.id)
  ->  Seq Scan on movie_keyword mk  (cost=0.00..81003.12 rows=3311309 width=4) (actual time=0.013..1735.795 rows=3306102 loops=1)
        Filter: (keyword_id > 1532)
        Rows Removed by Filter: 1217828
  ->  Hash  (cost=161309.39..161309.39 rows=423713 width=8) (actual time=3544.745..3544.745 rows=181878 loops=1)
        Buckets: 131072  Batches: 8  Memory Usage: 1920kB
        ->  Hash Join  (cost=87146.10..161309.39 rows=423713 width=8) (actual time=2595.557..3485.152 rows=181878 loops=1)
              Hash Cond: (mc.movie_id = t.id)
              ->  Seq Scan on movie_companies mc  (cost=0.00..51404.11 rows=1329612 width=4) (actual time=0.015..1021.160 rows=1334883 loops=1)
                    Filter: (company_type_id > 1)
                    Rows Removed by Filter: 1274246
              ->  Hash  (cost=73925.90..73925.90 rows=805776 width=4) (actual time=1606.283..1606.283 rows=881945 loops=1)
                    Buckets: 131072  Batches: 16  Memory Usage: 2970kB
                    ->  Seq Scan on title t  (cost=0.00..73925.90 rows=805776 width=4) (actual time=0.012..1331.132 rows=881945 loops=1)
                          Filter: ((production_year > 2001) AND (kind_id = 7))
                          Rows Removed by Filter: 1646367
Planning time: 1.124 ms
Execution time: 6677.350 ms
