Seq Scan on movie_companies mc  (cost=0.00..57926.93 rows=305846 width=0) (actual time=364.003..872.294 rows=599892 loops=1)
  Filter: ((company_id > 66042) AND (company_type_id = 2))
  Rows Removed by Filter: 2009237
Planning time: 0.400 ms
Execution time: 949.986 ms
