Seq Scan on title t  (cost=0.00..67604.59 rows=2215158 width=94) (actual time=0.023..1943.653 rows=2203697 loops=1)
  Filter: (production_year > 1960)
  Rows Removed by Filter: 324615
Planning time: 0.596 ms
Execution time: 2079.460 ms
