Seq Scan on movie_companies mc  (cost=0.00..57926.93 rows=126837 width=0) (actual time=0.035..803.762 rows=56757 loops=1)
  Filter: ((company_id < 114) AND (company_type_id = 2))
  Rows Removed by Filter: 2552372
Planning time: 0.403 ms
Execution time: 811.702 ms
