Seq Scan on movie_keyword mk  (cost=0.00..81003.12 rows=932546 width=0) (actual time=0.026..1429.288 rows=938600 loops=1)
  Filter: (keyword_id > 20190)
  Rows Removed by Filter: 3585330
Planning time: 0.656 ms
Execution time: 1551.152 ms
