Hash Join  (cost=203973.71..980780.64 rows=2839901 width=209) (actual time=1752.765..9014.449 rows=8484352 loops=1)
  Hash Cond: (mi.movie_id = t.id)
  ->  Seq Scan on movie_info mi  (cost=0.00..309384.22 rows=14739122 width=75) (actual time=0.011..1384.511 rows=14835720 loops=1)
  ->  Hash  (cost=188367.82..188367.82 rows=487191 width=134) (actual time=1752.248..1752.248 rows=628583 loops=1)
        Buckets: 32768  Batches: 32  Memory Usage: 2855kB
        ->  Hash Join  (cost=92757.75..188367.82 rows=487191 width=134) (actual time=833.972..1559.588 rows=628583 loops=1)
              Hash Cond: (mc.movie_id = t.id)
              ->  Seq Scan on movie_companies mc  (cost=0.00..51404.11 rows=1329612 width=40) (actual time=141.555..332.511 rows=1334883 loops=1)
                    Filter: (company_type_id > 1)
                    Rows Removed by Filter: 1274246
              ->  Hash  (cost=67604.59..67604.59 rows=926493 width=94) (actual time=691.964..691.964 rows=924605 loops=1)
                    Buckets: 32768  Batches: 32  Memory Usage: 3502kB
                    ->  Seq Scan on title t  (cost=0.00..67604.59 rows=926493 width=94) (actual time=0.023..498.128 rows=924605 loops=1)
                          Filter: (production_year < 1998)
                          Rows Removed by Filter: 1603707
Planning time: 0.836 ms
Execution time: 9236.913 ms
