Hash Join  (cost=102767.86..184635.76 rows=584429 width=0) (actual time=1957.249..3641.256 rows=318678 loops=1)
  Hash Cond: (mc.movie_id = t.id)
  ->  Seq Scan on movie_companies mc  (cost=0.00..57926.93 rows=584429 width=4) (actual time=0.027..976.345 rows=318678 loops=1)
        Filter: ((company_id > 12308) AND (company_type_id < 2))
        Rows Removed by Filter: 2290451
  ->  Hash  (cost=61283.27..61283.27 rows=2528527 width=4) (actual time=1955.214..1955.214 rows=2528312 loops=1)
        Buckets: 131072  Batches: 64  Memory Usage: 2415kB
        ->  Seq Scan on title t  (cost=0.00..61283.27 rows=2528527 width=4) (actual time=0.030..1119.180 rows=2528312 loops=1)
Planning time: 0.799 ms
Execution time: 3683.021 ms
