Seq Scan on cast_info ci  (cost=0.00..705507.15 rows=9981069 width=0) (actual time=4136.408..11717.220 rows=9970164 loops=1)
  Filter: (person_id > 2717536)
  Rows Removed by Filter: 26274180
Planning time: 0.325 ms
Execution time: 12973.710 ms
