Hash Join  (cost=85000.09..606788.22 rows=3934520 width=0) (actual time=1762.132..14762.303 rows=1554513 loops=1)
  Hash Cond: (mi.movie_id = t.id)
  ->  Seq Scan on movie_info mi  (cost=0.00..309384.22 rows=14739122 width=4) (actual time=0.022..5946.045 rows=14835720 loops=1)
  ->  Hash  (cost=73925.90..73925.90 rows=674975 width=4) (actual time=1668.328..1668.328 rows=739679 loops=1)
        Buckets: 131072  Batches: 16  Memory Usage: 2660kB
        ->  Seq Scan on title t  (cost=0.00..73925.90 rows=674975 width=4) (actual time=0.026..1361.023 rows=739679 loops=1)
              Filter: ((production_year > 2004) AND (kind_id = 7))
              Rows Removed by Filter: 1788633
Planning time: 0.753 ms
Execution time: 14934.013 ms
