Hash Join  (cost=263223.43..913874.43 rows=14284817 width=0) (actual time=6551.465..35600.674 rows=65383152 loops=1)
  Hash Cond: (mi.movie_id = t.id)
  ->  Seq Scan on movie_info mi  (cost=0.00..309384.22 rows=14739122 width=4) (actual time=0.009..6292.829 rows=14835720 loops=1)
  ->  Hash  (cost=223018.06..223018.06 rows=2450590 width=8) (actual time=6549.499..6549.499 rows=2447019 loops=1)
        Buckets: 131072  Batches: 64  Memory Usage: 2595kB
        ->  Hash Join  (cost=102767.86..223018.06 rows=2450590 width=8) (actual time=1993.293..5810.051 rows=2447019 loops=1)
              Hash Cond: (mc.movie_id = t.id)
              ->  Seq Scan on movie_companies mc  (cost=0.00..51404.11 rows=2450590 width=4) (actual time=0.026..1175.057 rows=2447019 loops=1)
                    Filter: (company_id > 27)
                    Rows Removed by Filter: 162110
              ->  Hash  (cost=61283.27..61283.27 rows=2528527 width=4) (actual time=1991.053..1991.053 rows=2528312 loops=1)
                    Buckets: 131072  Batches: 64  Memory Usage: 2415kB
                    ->  Seq Scan on title t  (cost=0.00..61283.27 rows=2528527 width=4) (actual time=0.011..1139.298 rows=2528312 loops=1)
Planning time: 1.205 ms
Execution time: 42444.274 ms
