Hash Join  (cost=517000.15..1760116.29 rows=20375696 width=0) (actual time=9626.284..47001.664 rows=21146057 loops=1)
  Hash Cond: (ci.movie_id = t.id)
  ->  Seq Scan on cast_info ci  (cost=0.00..614943.12 rows=36225612 width=4) (actual time=0.023..13663.594 rows=36244344 loops=1)
  ->  Hash  (cost=493666.50..493666.50 rows=1422212 width=8) (actual time=9624.893..9624.893 rows=1249477 loops=1)
        Buckets: 131072  Batches: 32  Memory Usage: 2541kB
        ->  Hash Join  (cost=93155.63..493666.50 rows=1422212 width=8) (actual time=5589.939..9275.481 rows=1249477 loops=1)
              Hash Cond: (mi.movie_id = t.id)
              ->  Seq Scan on movie_info mi  (cost=0.00..346232.03 rows=3068194 width=4) (actual time=3890.810..5560.379 rows=3036719 loops=1)
                    Filter: (info_type_id = 16)
                    Rows Removed by Filter: 11799001
              ->  Hash  (cost=73925.90..73925.90 rows=1172058 width=4) (actual time=1697.926..1697.926 rows=1128906 loops=1)
                    Buckets: 131072  Batches: 16  Memory Usage: 3509kB
                    ->  Seq Scan on title t  (cost=0.00..73925.90 rows=1172058 width=4) (actual time=0.024..1339.132 rows=1128906 loops=1)
                          Filter: ((production_year < 2010) AND (kind_id = 7))
                          Rows Removed by Filter: 1399406
Planning time: 1.272 ms
Execution time: 49281.663 ms
