Hash Join  (cost=205467.72..719409.86 rows=1472535 width=0) (actual time=4140.960..20861.801 rows=18220542 loops=1)
  Hash Cond: (mi.movie_id = t.id)
  ->  Seq Scan on movie_info mi  (cost=0.00..309384.22 rows=14739122 width=4) (actual time=0.007..6150.126 rows=14835720 loops=1)
  ->  Hash  (cost=201323.02..201323.02 rows=252616 width=8) (actual time=4031.693..4031.693 rows=258618 loops=1)
        Buckets: 131072  Batches: 4  Memory Usage: 3547kB
        ->  Hash Join  (cost=76242.82..201323.02 rows=252616 width=8) (actual time=1152.937..3950.062 rows=258618 loops=1)
              Hash Cond: (mk.movie_id = t.id)
              ->  Seq Scan on movie_keyword mk  (cost=0.00..69693.30 rows=4523930 width=4) (actual time=0.015..1422.766 rows=4523930 loops=1)
              ->  Hash  (cost=73925.90..73925.90 rows=141193 width=4) (actual time=1092.098..1092.098 rows=132182 loops=1)
                    Buckets: 131072  Batches: 2  Memory Usage: 3346kB
                    ->  Seq Scan on title t  (cost=0.00..73925.90 rows=141193 width=4) (actual time=25.333..1045.000 rows=132182 loops=1)
                          Filter: ((production_year > 2009) AND (kind_id = 1))
                          Rows Removed by Filter: 2396130
Planning time: 1.151 ms
Execution time: 23042.714 ms
