Hash Join  (cost=102767.86..1356953.60 rows=22391667 width=0) (actual time=1949.657..36782.149 rows=22237040 loops=1)
  Hash Cond: (ci.movie_id = t.id)
  ->  Seq Scan on cast_info ci  (cost=0.00..705507.15 rows=22391667 width=4) (actual time=0.017..14738.125 rows=22237040 loops=1)
        Filter: (person_id < 2265810)
        Rows Removed by Filter: 14007304
  ->  Hash  (cost=61283.27..61283.27 rows=2528527 width=4) (actual time=1947.349..1947.349 rows=2528312 loops=1)
        Buckets: 131072  Batches: 64  Memory Usage: 2415kB
        ->  Seq Scan on title t  (cost=0.00..61283.27 rows=2528527 width=4) (actual time=0.019..1096.804 rows=2528312 loops=1)
Planning time: 0.800 ms
Execution time: 39326.898 ms
