Hash Join  (cost=237505.98..1430795.41 rows=15525227 width=0) (actual time=5231.147..47971.261 rows=46329979 loops=1)
  Hash Cond: (ci.movie_id = t.id)
  ->  Seq Scan on cast_info ci  (cost=0.00..614943.12 rows=36225612 width=4) (actual time=0.016..13120.738 rows=36244344 loops=1)
  ->  Hash  (cost=219726.33..219726.33 rows=1083652 width=8) (actual time=5230.262..5230.262 rows=1088196 loops=1)
        Buckets: 131072  Batches: 16  Memory Usage: 3709kB
        ->  Hash Join  (cost=102767.86..219726.33 rows=1083652 width=8) (actual time=2231.924..4928.528 rows=1088196 loops=1)
              Hash Cond: (mk.movie_id = t.id)
              ->  Seq Scan on movie_keyword mk  (cost=0.00..81003.12 rows=1083652 width=4) (actual time=0.099..1437.022 rows=1088196 loops=1)
                    Filter: (keyword_id < 1114)
                    Rows Removed by Filter: 3435734
              ->  Hash  (cost=61283.27..61283.27 rows=2528527 width=4) (actual time=2230.897..2230.897 rows=2528312 loops=1)
                    Buckets: 131072  Batches: 64  Memory Usage: 2425kB
                    ->  Seq Scan on title t  (cost=0.00..61283.27 rows=2528527 width=4) (actual time=0.018..1078.224 rows=2528312 loops=1)
Planning time: 1.072 ms
Execution time: 52967.864 ms
