Hash Join  (cost=89435.42..232043.72 rows=1691327 width=0) (actual time=1540.452..5924.720 rows=3852766 loops=1)
  Hash Cond: (mk.movie_id = t.id)
  ->  Seq Scan on movie_keyword mk  (cost=0.00..69693.30 rows=4523930 width=4) (actual time=0.018..1494.213 rows=4523930 loops=1)
  ->  Hash  (cost=73925.90..73925.90 rows=945321 width=4) (actual time=1539.260..1539.260 rows=934959 loops=1)
        Buckets: 131072  Batches: 16  Memory Usage: 3088kB
        ->  Seq Scan on title t  (cost=0.00..73925.90 rows=945321 width=4) (actual time=0.018..1231.800 rows=934959 loops=1)
              Filter: ((kind_id < 7) AND (production_year > 1912))
              Rows Removed by Filter: 1593353
Planning time: 0.545 ms
Execution time: 6317.841 ms
