Seq Scan on cast_info ci  (cost=0.00..705507.15 rows=500 width=0) (actual time=6502.580..10653.668 rows=32 loops=1)
  Filter: (person_id = 3959061)
  Rows Removed by Filter: 36244312
Planning time: 0.404 ms
Execution time: 10653.738 ms
