Hash Join  (cost=67697.55..432786.99 rows=43351 width=169) (actual time=310.067..2852.145 rows=123169 loops=1)
  Hash Cond: (mi.movie_id = t.id)
  ->  Seq Scan on movie_info mi  (cost=0.00..309384.22 rows=14739122 width=75) (actual time=0.012..1178.621 rows=14835720 loops=1)
  ->  Hash  (cost=67604.59..67604.59 rows=7437 width=94) (actual time=309.076..309.076 rows=19440 loops=1)
        Buckets: 32768 (originally 8192)  Batches: 1 (originally 1)  Memory Usage: 2456kB
        ->  Seq Scan on title t  (cost=0.00..67604.59 rows=7437 width=94) (actual time=0.017..304.665 rows=19440 loops=1)
              Filter: (production_year = 1986)
              Rows Removed by Filter: 2508872
Planning time: 0.541 ms
Execution time: 2856.084 ms
