Hash Join  (cost=73982.55..870892.02 rows=399 width=0) (actual time=5827.912..15554.588 rows=60 loops=1)
  Hash Cond: (ci.movie_id = t.id)
  ->  Seq Scan on cast_info ci  (cost=0.00..796071.18 rows=222479 width=4) (actual time=4637.797..14356.327 rows=79465 loops=1)
        Filter: ((person_id < 2338729) AND (role_id > 10))
        Rows Removed by Filter: 36164879
  ->  Hash  (cost=73925.90..73925.90 rows=4532 width=4) (actual time=1182.266..1182.266 rows=6560 loops=1)
        Buckets: 8192  Batches: 1  Memory Usage: 295kB
        ->  Seq Scan on title t  (cost=0.00..73925.90 rows=4532 width=4) (actual time=0.466..1178.940 rows=6560 loops=1)
              Filter: ((kind_id = 7) AND (production_year = 1963))
              Rows Removed by Filter: 2521752
Planning time: 0.849 ms
Execution time: 15554.726 ms
