Hash Join  (cost=121557.97..610295.24 rows=837036 width=0) (actual time=2355.623..15931.120 rows=3083689 loops=1)
  Hash Cond: (mi.movie_id = t.id)
  ->  Seq Scan on movie_info mi  (cost=0.00..309384.22 rows=14739122 width=4) (actual time=0.006..5911.077 rows=14835720 loops=1)
  ->  Hash  (cost=119202.03..119202.03 rows=143595 width=8) (actual time=2354.953..2354.953 rows=183422 loops=1)
        Buckets: 131072 (originally 131072)  Batches: 4 (originally 2)  Memory Usage: 3073kB
        ->  Hash Join  (cost=80408.18..119202.03 rows=143595 width=8) (actual time=1233.771..2291.461 rows=183422 loops=1)
              Hash Cond: (mi_idx.movie_id = t.id)
              ->  Seq Scan on movie_info_idx mi_idx  (cost=0.00..25185.44 rows=919057 width=4) (actual time=0.016..549.772 rows=920110 loops=1)
                    Filter: (info_type_id > 99)
                    Rows Removed by Filter: 459925
              ->  Hash  (cost=73925.90..73925.90 rows=395062 width=4) (actual time=1233.054..1233.054 rows=335993 loops=1)
                    Buckets: 131072  Batches: 8  Memory Usage: 2492kB
                    ->  Seq Scan on title t  (cost=0.00..73925.90 rows=395062 width=4) (actual time=0.047..1123.888 rows=335993 loops=1)
                          Filter: ((kind_id < 7) AND (production_year > 2005))
                          Rows Removed by Filter: 2192319
Planning time: 0.774 ms
Execution time: 16333.140 ms
