Hash Join  (cost=83074.74..440815.49 rows=299 width=0) (actual time=3440.649..7198.419 rows=65 loops=1)
  Hash Cond: (mi.movie_id = t.id)
  ->  Seq Scan on movie_info mi  (cost=0.00..346232.03 rows=3068194 width=4) (actual time=1562.012..5543.401 rows=3036719 loops=1)
        Filter: (info_type_id = 16)
        Rows Removed by Filter: 11799001
  ->  Hash  (cost=83071.67..83071.67 rows=246 width=8) (actual time=1236.782..1236.782 rows=27 loops=1)
        Buckets: 1024  Batches: 1  Memory Usage: 10kB
        ->  Nested Loop  (cost=0.43..83071.67 rows=246 width=8) (actual time=31.713..1236.731 rows=27 loops=1)
              ->  Seq Scan on movie_keyword mk  (cost=0.00..81003.12 rows=246 width=4) (actual time=31.593..1235.405 rows=27 loops=1)
                    Filter: (keyword_id = 29002)
                    Rows Removed by Filter: 4523903
              ->  Index Only Scan using title_pkey on title t  (cost=0.43..8.40 rows=1 width=4) (actual time=0.041..0.043 rows=1 loops=27)
                    Index Cond: (id = mk.movie_id)
                    Heap Fetches: 27
Planning time: 0.945 ms
Execution time: 7198.523 ms
