Hash Join  (cost=76243.83..153303.12 rows=145777 width=0) (actual time=1696.134..3463.470 rows=58891 loops=1)
  Hash Cond: (mc.movie_id = t.id)
  ->  Seq Scan on movie_companies mc  (cost=0.00..44881.29 rows=2609129 width=4) (actual time=0.021..911.208 rows=2609129 loops=1)
  ->  Hash  (cost=73925.90..73925.90 rows=141274 width=4) (actual time=1110.459..1110.459 rows=150659 loops=1)
        Buckets: 131072  Batches: 2  Memory Usage: 3673kB
        ->  Seq Scan on title t  (cost=0.00..73925.90 rows=141274 width=4) (actual time=44.339..1058.185 rows=150659 loops=1)
              Filter: ((production_year > 2011) AND (kind_id = 7))
              Rows Removed by Filter: 2377653
Planning time: 0.765 ms
Execution time: 3471.678 ms
