Seq Scan on movie_keyword mk  (cost=0.00..81003.12 rows=17226 width=0) (actual time=266.423..1284.691 rows=14171 loops=1)
  Filter: (keyword_id > 121787)
  Rows Removed by Filter: 4509759
Planning time: 0.344 ms
Execution time: 1286.957 ms
