Hash Join  (cost=80042.24..158401.43 rows=493998 width=0) (actual time=1357.721..3543.077 rows=875837 loops=1)
  Hash Cond: (mc.movie_id = t.id)
  ->  Seq Scan on movie_companies mc  (cost=0.00..51404.11 rows=1647759 width=4) (actual time=0.026..984.924 rows=1638237 loops=1)
        Filter: (company_id < 17668)
        Rows Removed by Filter: 970892
  ->  Hash  (cost=67604.59..67604.59 rows=758052 width=4) (actual time=1356.576..1356.576 rows=753677 loops=1)
        Buckets: 131072  Batches: 16  Memory Usage: 2677kB
        ->  Seq Scan on title t  (cost=0.00..67604.59 rows=758052 width=4) (actual time=0.015..1124.294 rows=753677 loops=1)
              Filter: (kind_id < 3)
              Rows Removed by Filter: 1774635
Planning time: 0.776 ms
Execution time: 3653.432 ms
