Hash Join  (cost=147145.60..277504.39 rows=517344 width=0) (actual time=3424.333..7427.837 rows=2618526 loops=1)
  Hash Cond: (mk.movie_id = t.id)
  ->  Seq Scan on movie_keyword mk  (cost=0.00..81003.12 rows=3701661 width=4) (actual time=0.014..1782.955 rows=3700701 loops=1)
        Filter: (keyword_id > 786)
        Rows Removed by Filter: 823229
  ->  Hash  (cost=141347.26..141347.26 rows=353387 width=8) (actual time=3423.261..3423.261 rows=395802 loops=1)
        Buckets: 131072  Batches: 8  Memory Usage: 2972kB
        ->  Hash Join  (cost=99161.12..141347.26 rows=353387 width=8) (actual time=2089.302..3296.575 rows=395802 loops=1)
              Hash Cond: (mi_idx.movie_id = t.id)
              ->  Seq Scan on movie_info_idx mi_idx  (cost=0.00..25185.44 rows=464566 width=4) (actual time=0.025..485.123 rows=459925 loops=1)
                    Filter: (info_type_id = 101)
                    Rows Removed by Filter: 920110
              ->  Hash  (cost=67604.59..67604.59 rows=1923403 width=4) (actual time=2088.457..2088.457 rows=1922849 loops=1)
                    Buckets: 131072  Batches: 32  Memory Usage: 3132kB
                    ->  Seq Scan on title t  (cost=0.00..67604.59 rows=1923403 width=4) (actual time=0.011..1479.949 rows=1922849 loops=1)
                          Filter: (production_year < 2010)
                          Rows Removed by Filter: 605463
Planning time: 1.159 ms
Execution time: 7740.761 ms
