Hash Join  (cost=1201320.84..2453186.67 rows=55122808 width=0) (actual time=28091.635..86906.717 rows=160035698 loops=1)
  Hash Cond: (mi.movie_id = t.id)
  ->  Seq Scan on movie_info mi  (cost=0.00..346232.03 rows=14720853 width=4) (actual time=0.011..7982.113 rows=14805540 loops=1)
        Filter: (info_type_id < 110)
        Rows Removed by Filter: 30180
  ->  Hash  (cost=1045982.74..1045982.74 rows=9468168 width=8) (actual time=28086.639..28086.639 rows=9384703 loops=1)
        Buckets: 131072  Batches: 128  Memory Usage: 3897kB
        ->  Hash Join  (cost=102767.86..1045982.74 rows=9468168 width=8) (actual time=8763.055..24787.536 rows=9384703 loops=1)
              Hash Cond: (ci.movie_id = t.id)
              ->  Seq Scan on cast_info ci  (cost=0.00..705507.15 rows=9468168 width=4) (actual time=6716.936..14234.047 rows=9384703 loops=1)
                    Filter: (role_id > 4)
                    Rows Removed by Filter: 26859641
              ->  Hash  (cost=61283.27..61283.27 rows=2528527 width=4) (actual time=2045.171..2045.171 rows=2528312 loops=1)
                    Buckets: 131072  Batches: 64  Memory Usage: 2415kB
                    ->  Seq Scan on title t  (cost=0.00..61283.27 rows=2528527 width=4) (actual time=0.016..1201.849 rows=2528312 loops=1)
Planning time: 1.191 ms
Execution time: 104658.043 ms
