Hash Join  (cost=135699.49..501902.94 rows=154752 width=0) (actual time=2559.213..10402.811 rows=65709 loops=1)
  Hash Cond: (mi.movie_id = t.id)
  ->  Seq Scan on movie_info mi  (cost=0.00..309384.22 rows=14739122 width=4) (actual time=0.018..4598.254 rows=14835720 loops=1)
  ->  Hash  (cost=135367.64..135367.64 rows=26548 width=8) (actual time=2470.718..2470.718 rows=13219 loops=1)
        Buckets: 32768  Batches: 1  Memory Usage: 773kB
        ->  Hash Join  (cost=75574.02..135367.64 rows=26548 width=8) (actual time=1349.437..2465.834 rows=13219 loops=1)
              Hash Cond: (mc.movie_id = t.id)
              ->  Seq Scan on movie_companies mc  (cost=0.00..51404.11 rows=668542 width=4) (actual time=0.021..883.296 rows=673211 loops=1)
                    Filter: (company_id > 49889)
                    Rows Removed by Filter: 1935918
              ->  Hash  (cost=73925.90..73925.90 rows=100409 width=4) (actual time=1301.931..1301.931 rows=110402 loops=1)
                    Buckets: 131072  Batches: 2  Memory Usage: 2964kB
                    ->  Seq Scan on title t  (cost=0.00..73925.90 rows=100409 width=4) (actual time=0.020..1260.991 rows=110402 loops=1)
                          Filter: ((kind_id = 7) AND (production_year = 2012))
                          Rows Removed by Filter: 2417910
Planning time: 1.221 ms
Execution time: 10412.037 ms
