Hash Join  (cost=92883.59..884455.36 rows=2579896 width=0) (actual time=1869.388..16368.367 rows=2586237 loops=1)
  Hash Cond: (ci.movie_id = t.id)
  ->  Seq Scan on cast_info ci  (cost=0.00..705507.15 rows=4233733 width=4) (actual time=0.013..11412.059 rows=4285887 loops=1)
        Filter: (person_id > 3276019)
        Rows Removed by Filter: 31958457
  ->  Hash  (cost=67604.59..67604.59 rows=1540800 width=4) (actual time=1868.057..1868.057 rows=1543264 loops=1)
        Buckets: 131072  Batches: 32  Memory Usage: 2722kB
        ->  Seq Scan on title t  (cost=0.00..67604.59 rows=1540800 width=4) (actual time=0.027..1378.287 rows=1543264 loops=1)
              Filter: (kind_id > 6)
              Rows Removed by Filter: 985048
Planning time: 1.141 ms
Execution time: 16679.335 ms
