Hash Join  (cost=222832.74..741213.82 rows=945315 width=219) (actual time=1987.648..5858.169 rows=2722930 loops=1)
  Hash Cond: (mi.movie_id = t.id)
  ->  Seq Scan on movie_info mi  (cost=0.00..346232.03 rows=5263441 width=75) (actual time=0.013..1795.336 rows=5270569 loops=1)
        Filter: (info_type_id > 15)
        Rows Removed by Filter: 9565151
  ->  Hash  (cost=207842.19..207842.19 rows=454124 width=144) (actual time=1987.077..1987.077 rows=459925 loops=1)
        Buckets: 32768  Batches: 32  Memory Usage: 2142kB
        ->  Merge Join  (cost=83379.88..207842.19 rows=454124 width=144) (actual time=336.009..1829.327 rows=459925 loops=1)
              Merge Cond: (t.id = mi_idx.movie_id)
              ->  Index Scan using title_pkey on title t  (cost=0.43..110313.87 rows=2528527 width=94) (actual time=0.003..1075.574 rows=2525794 loops=1)
              ->  Materialize  (cost=83379.08..85649.70 rows=454124 width=50) (actual time=335.980..449.627 rows=459925 loops=1)
                    ->  Sort  (cost=83379.08..84514.39 rows=454124 width=50) (actual time=335.976..417.994 rows=459925 loops=1)
                          Sort Key: mi_idx.movie_id
                          Sort Method: external merge  Disk: 11248kB
                          ->  Seq Scan on movie_info_idx mi_idx  (cost=0.00..25185.44 rows=454124 width=50) (actual time=0.012..149.001 rows=459925 loops=1)
                                Filter: (info_type_id = 100)
                                Rows Removed by Filter: 920110
Planning time: 0.815 ms
Execution time: 5933.558 ms
