Hash Join  (cost=174865.45..543863.94 rows=457500 width=0) (actual time=6830.526..10624.926 rows=804584 loops=1)
  Hash Cond: (mi.movie_id = t.id)
  ->  Seq Scan on movie_info mi  (cost=0.00..346232.03 rows=1264125 width=4) (actual time=2868.737..5647.288 rows=1288928 loops=1)
        Filter: (info_type_id = 2)
        Rows Removed by Filter: 13546792
  ->  Hash  (cost=159851.69..159851.69 rows=915101 width=8) (actual time=3960.740..3960.740 rows=919850 loops=1)
        Buckets: 131072  Batches: 16  Memory Usage: 3282kB
        ->  Hash Join  (cost=102767.86..159851.69 rows=915101 width=8) (actual time=2007.208..3696.754 rows=919850 loops=1)
              Hash Cond: (mi_idx.movie_id = t.id)
              ->  Seq Scan on movie_info_idx mi_idx  (cost=0.00..25185.44 rows=915101 width=4) (actual time=0.035..550.843 rows=919850 loops=1)
                    Filter: (info_type_id < 101)
                    Rows Removed by Filter: 460185
              ->  Hash  (cost=61283.27..61283.27 rows=2528527 width=4) (actual time=2006.111..2006.111 rows=2528312 loops=1)
                    Buckets: 131072  Batches: 64  Memory Usage: 2415kB
                    ->  Seq Scan on title t  (cost=0.00..61283.27 rows=2528527 width=4) (actual time=2.023..1133.363 rows=2528312 loops=1)
Planning time: 1.201 ms
Execution time: 10721.380 ms
