Hash Join  (cost=74690.65..134191.15 rows=9538 width=0) (actual time=1733.307..2422.355 rows=4842 loops=1)
  Hash Cond: (mc.movie_id = t.id)
  ->  Seq Scan on movie_companies mc  (cost=0.00..57926.93 rows=394182 width=4) (actual time=132.667..945.979 rows=566089 loops=1)
        Filter: ((company_id < 1736) AND (company_type_id = 1))
        Rows Removed by Filter: 2043040
  ->  Hash  (cost=73925.90..73925.90 rows=61180 width=4) (actual time=1314.779..1314.779 rows=53378 loops=1)
        Buckets: 65536  Batches: 1  Memory Usage: 2389kB
        ->  Seq Scan on title t  (cost=0.00..73925.90 rows=61180 width=4) (actual time=353.999..1293.808 rows=53378 loops=1)
              Filter: ((production_year < 2005) AND (kind_id = 4))
              Rows Removed by Filter: 2474934
Planning time: 0.536 ms
Execution time: 2423.336 ms
