Hash Join  (cost=565677.42..2101324.82 rows=12651826 width=211) (actual time=10954.628..46617.165 rows=26302400 loops=1)
  Hash Cond: (ci.movie_id = t.id)
  ->  Seq Scan on cast_info ci  (cost=0.00..614943.12 rows=36225612 width=42) (actual time=0.012..6560.312 rows=36244344 loops=1)
  ->  Hash  (cost=533078.80..533078.80 rows=883090 width=169) (actual time=10954.292..10954.292 rows=1251606 loops=1)
        Buckets: 32768  Batches: 64  Memory Usage: 2884kB
        ->  Hash Join  (cost=112901.31..533078.80 rows=883090 width=169) (actual time=5000.898..10136.044 rows=1251606 loops=1)
              Hash Cond: (mi.movie_id = t.id)
              ->  Seq Scan on movie_info mi  (cost=0.00..346232.03 rows=1338312 width=75) (actual time=2436.696..4915.062 rows=1401902 loops=1)
                    Filter: (info_type_id = 7)
                    Rows Removed by Filter: 13433818
              ->  Hash  (cost=67604.59..67604.59 rows=1668458 width=94) (actual time=2562.853..2562.853 rows=1671292 loops=1)
                    Buckets: 32768  Batches: 64  Memory Usage: 3192kB
                    ->  Seq Scan on title t  (cost=0.00..67604.59 rows=1668458 width=94) (actual time=0.028..1193.664 rows=1671292 loops=1)
                          Filter: (production_year < 2008)
                          Rows Removed by Filter: 857020
Planning time: 1.432 ms
Execution time: 47617.854 ms
