Hash Join  (cost=74118.09..883114.95 rows=165131 width=0) (actual time=971.926..20054.497 rows=125197 loops=1)
  Hash Cond: (ci.movie_id = t.id)
  ->  Seq Scan on cast_info ci  (cost=0.00..705507.15 rows=27156906 width=4) (actual time=0.010..13259.141 rows=27169801 loops=1)
        Filter: (person_id < 2790188)
        Rows Removed by Filter: 9074543
  ->  Hash  (cost=73925.90..73925.90 rows=15375 width=4) (actual time=971.788..971.788 rows=8740 loops=1)
        Buckets: 16384  Batches: 1  Memory Usage: 436kB
        ->  Seq Scan on title t  (cost=0.00..73925.90 rows=15375 width=4) (actual time=58.079..967.994 rows=8740 loops=1)
              Filter: ((kind_id = 1) AND (production_year = 2001))
              Rows Removed by Filter: 2519572
Planning time: 0.760 ms
Execution time: 20078.908 ms
