Seq Scan on title t  (cost=0.00..73925.90 rows=2905 width=0) (actual time=0.576..1107.361 rows=6196 loops=1)
  Filter: ((kind_id < 7) AND (production_year = 1975))
  Rows Removed by Filter: 2522116
Planning time: 0.383 ms
Execution time: 1108.812 ms
