Seq Scan on cast_info ci  (cost=0.00..705507.15 rows=500 width=0) (actual time=2581.922..11118.343 rows=37 loops=1)
  Filter: (person_id = 2214812)
  Rows Removed by Filter: 36244307
Planning time: 0.383 ms
Execution time: 11118.448 ms
