Seq Scan on cast_info ci  (cost=0.00..796071.18 rows=3477693 width=0) (actual time=6310.346..13065.196 rows=6729754 loops=1)
  Filter: ((person_id > 2327320) AND (role_id > 4))
  Rows Removed by Filter: 29514590
Planning time: 0.389 ms
Execution time: 13909.049 ms
