Seq Scan on movie_keyword mk  (cost=0.00..81003.12 rows=4098387 width=0) (actual time=0.009..1577.542 rows=4086309 loops=1)
  Filter: (keyword_id > 337)
  Rows Removed by Filter: 437621
Planning time: 0.223 ms
Execution time: 2074.304 ms
