Hash Join  (cost=73962.22..467834.36 rows=14551 width=0) (actual time=1387.284..9570.136 rows=25405 loops=1)
  Hash Cond: (mi.movie_id = t.id)
  ->  Seq Scan on movie_info mi  (cost=0.00..346232.03 rows=12665229 width=4) (actual time=0.029..6407.173 rows=12744652 loops=1)
        Filter: (info_type_id > 2)
        Rows Removed by Filter: 2091068
  ->  Hash  (cost=73925.90..73925.90 rows=2905 width=4) (actual time=1196.275..1196.275 rows=2543 loops=1)
        Buckets: 4096  Batches: 1  Memory Usage: 122kB
        ->  Seq Scan on title t  (cost=0.00..73925.90 rows=2905 width=4) (actual time=516.542..1194.938 rows=2543 loops=1)
              Filter: ((kind_id < 7) AND (production_year = 1930))
              Rows Removed by Filter: 2525769
Planning time: 0.749 ms
Execution time: 9575.019 ms
