Hash Join  (cost=102617.88..467335.37 rows=6155 width=0) (actual time=1834.103..9214.955 rows=74547 loops=1)
  Hash Cond: (mi.movie_id = t.id)
  ->  Seq Scan on movie_info mi  (cost=0.00..309384.22 rows=14739122 width=4) (actual time=0.011..4411.836 rows=14835720 loops=1)
  ->  Hash  (cost=102604.68..102604.68 rows=1056 width=8) (actual time=1831.927..1831.927 rows=4436 loops=1)
        Buckets: 8192 (originally 2048)  Batches: 1 (originally 1)  Memory Usage: 238kB
        ->  Hash Join  (cost=73962.22..102604.68 rows=1056 width=8) (actual time=1188.670..1829.982 rows=4436 loops=1)
              Hash Cond: (mi_idx.movie_id = t.id)
              ->  Seq Scan on movie_info_idx mi_idx  (cost=0.00..25185.44 rows=919057 width=4) (actual time=0.025..487.386 rows=920110 loops=1)
                    Filter: (info_type_id > 99)
                    Rows Removed by Filter: 459925
              ->  Hash  (cost=73925.90..73925.90 rows=2905 width=4) (actual time=1187.209..1187.209 rows=5861 loops=1)
                    Buckets: 8192 (originally 4096)  Batches: 1 (originally 1)  Memory Usage: 271kB
                    ->  Seq Scan on title t  (cost=0.00..73925.90 rows=2905 width=4) (actual time=1.491..1184.300 rows=5861 loops=1)
                          Filter: ((kind_id < 7) AND (production_year = 1969))
                          Rows Removed by Filter: 2522451
Planning time: 1.326 ms
Execution time: 9227.052 ms
