Hash Join  (cost=316577.58..1913789.51 rows=46029370 width=0) (actual time=8522.947..81867.297 rows=175535756 loops=1)
  Hash Cond: (ci.movie_id = t.id)
  ->  Seq Scan on cast_info ci  (cost=0.00..614943.12 rows=36225612 width=4) (actual time=0.022..13386.951 rows=36244344 loops=1)
  ->  Hash  (cost=263866.28..263866.28 rows=3212824 width=8) (actual time=8521.332..8521.332 rows=3815930 loops=1)
        Buckets: 131072  Batches: 64  Memory Usage: 3370kB
        ->  Hash Join  (cost=97066.09..263866.28 rows=3212824 width=8) (actual time=1828.845..6734.991 rows=3815930 loops=1)
              Hash Cond: (mk.movie_id = t.id)
              ->  Seq Scan on movie_keyword mk  (cost=0.00..69693.30 rows=4523930 width=4) (actual time=0.015..1342.664 rows=4523930 loops=1)
              ->  Hash  (cost=67604.59..67604.59 rows=1795720 width=4) (actual time=1827.471..1827.471 rows=1794153 loops=1)
                    Buckets: 131072  Batches: 32  Memory Usage: 3001kB
                    ->  Seq Scan on title t  (cost=0.00..67604.59 rows=1795720 width=4) (actual time=0.007..1250.693 rows=1794153 loops=1)
                          Filter: (production_year < 2009)
                          Rows Removed by Filter: 734159
Planning time: 1.157 ms
Execution time: 101516.304 ms
