Hash Join  (cost=128048.46..1047757.54 rows=12977925 width=169) (actual time=1422.249..13482.656 rows=13794786 loops=1)
  Hash Cond: (mi.movie_id = t.id)
  ->  Seq Scan on movie_info mi  (cost=0.00..309384.22 rows=14739122 width=75) (actual time=0.006..1945.652 rows=14835720 loops=1)
  ->  Hash  (cost=67604.59..67604.59 rows=2226390 width=94) (actual time=1420.276..1420.276 rows=2224569 loops=1)
        Buckets: 32768  Batches: 128  Memory Usage: 2207kB
        ->  Seq Scan on title t  (cost=0.00..67604.59 rows=2226390 width=94) (actual time=0.017..576.413 rows=2224569 loops=1)
              Filter: (production_year < 2012)
              Rows Removed by Filter: 303743
Planning time: 0.704 ms
Execution time: 13956.316 ms
