Hash Join  (cost=709678.15..1074363.23 rows=2915 width=0) (actual time=11607.261..18674.522 rows=361 loops=1)
  Hash Cond: (mi.movie_id = t.id)
  ->  Seq Scan on movie_info mi  (cost=0.00..309384.22 rows=14739122 width=4) (actual time=0.008..4623.417 rows=14835720 loops=1)
  ->  Hash  (cost=709671.90..709671.90 rows=500 width=8) (actual time=11280.854..11280.854 rows=166 loops=1)
        Buckets: 1024  Batches: 1  Memory Usage: 15kB
        ->  Nested Loop  (cost=0.43..709671.90 rows=500 width=8) (actual time=7230.946..11280.784 rows=166 loops=1)
              ->  Seq Scan on cast_info ci  (cost=0.00..705507.15 rows=500 width=4) (actual time=7230.823..11278.744 rows=166 loops=1)
                    Filter: (person_id = 1867248)
                    Rows Removed by Filter: 36244178
              ->  Index Only Scan using title_pkey on title t  (cost=0.43..8.32 rows=1 width=4) (actual time=0.011..0.011 rows=1 loops=166)
                    Index Cond: (id = ci.movie_id)
                    Heap Fetches: 166
Planning time: 1.216 ms
Execution time: 18674.688 ms
