Hash Join  (cost=127070.04..473999.29 rows=449 width=0) (actual time=7331.239..7778.328 rows=2955 loops=1)
  Hash Cond: (mi.movie_id = t.id)
  ->  Seq Scan on movie_info mi  (cost=0.00..346232.03 rows=184730 width=4) (actual time=4924.989..5409.108 rows=180112 loops=1)
        Filter: (info_type_id = 13)
        Rows Removed by Filter: 14655608
  ->  Hash  (cost=126993.28..126993.28 rows=6141 width=8) (actual time=2337.945..2337.945 rows=5108 loops=1)
        Buckets: 8192  Batches: 1  Memory Usage: 264kB
        ->  Hash Join  (cost=67697.55..126993.28 rows=6141 width=8) (actual time=1060.893..2335.505 rows=5108 loops=1)
              Hash Cond: (mc.movie_id = t.id)
              ->  Seq Scan on movie_companies mc  (cost=0.00..51404.11 rows=2088055 width=4) (actual time=0.026..954.727 rows=2087192 loops=1)
                    Filter: (company_id > 476)
                    Rows Removed by Filter: 521937
              ->  Hash  (cost=67604.59..67604.59 rows=7437 width=4) (actual time=1059.884..1059.884 rows=2291 loops=1)
                    Buckets: 8192  Batches: 1  Memory Usage: 145kB
                    ->  Seq Scan on title t  (cost=0.00..67604.59 rows=7437 width=4) (actual time=22.313..1058.571 rows=2291 loops=1)
                          Filter: (production_year = 1947)
                          Rows Removed by Filter: 2526021
Planning time: 1.224 ms
Execution time: 7778.817 ms
