Nested Loop  (cost=0.43..798787.41 rows=324 width=0) (actual time=4628.503..14092.882 rows=32 loops=1)
  ->  Seq Scan on cast_info ci  (cost=0.00..796071.18 rows=324 width=4) (actual time=4628.340..14091.162 rows=32 loops=1)
        Filter: ((role_id > 1) AND (person_id = 1537515))
        Rows Removed by Filter: 36244312
  ->  Index Only Scan using title_pkey on title t  (cost=0.43..8.37 rows=1 width=4) (actual time=0.050..0.050 rows=1 loops=32)
        Index Cond: (id = ci.movie_id)
        Heap Fetches: 32
Planning time: 0.858 ms
Execution time: 14092.974 ms
