Hash Join  (cost=81598.21..123669.92 rows=255223 width=0) (actual time=1314.827..2567.315 rows=571729 loops=1)
  Hash Cond: (mi_idx.movie_id = t.id)
  ->  Seq Scan on movie_info_idx mi_idx  (cost=0.00..21735.35 rows=1380035 width=4) (actual time=0.021..431.873 rows=1380035 loops=1)
  ->  Hash  (cost=73925.90..73925.90 rows=467624 width=4) (actual time=1313.936..1313.936 rows=557493 loops=1)
        Buckets: 131072  Batches: 8  Memory Usage: 3486kB
        ->  Seq Scan on title t  (cost=0.00..73925.90 rows=467624 width=4) (actual time=0.023..1146.355 rows=557493 loops=1)
              Filter: ((kind_id < 7) AND (production_year < 2003))
              Rows Removed by Filter: 1970819
Planning time: 3.093 ms
Execution time: 2629.787 ms
