Seq Scan on title t  (cost=0.00..73925.90 rows=121490 width=0) (actual time=0.377..1105.078 rows=222618 loops=1)
  Filter: ((kind_id < 7) AND (production_year < 1966))
  Rows Removed by Filter: 2305694
Planning time: 0.354 ms
Execution time: 1134.902 ms
