Seq Scan on movie_keyword mk  (cost=0.00..81003.12 rows=246 width=0) (actual time=0.235..1287.641 rows=350 loops=1)
  Filter: (keyword_id = 14245)
  Rows Removed by Filter: 4523580
Planning time: 0.403 ms
Execution time: 1287.905 ms
