Seq Scan on title t  (cost=0.00..73925.90 rows=295898 width=0) (actual time=0.018..1207.555 rows=160225 loops=1)
  Filter: ((kind_id > 1) AND (production_year < 1972))
  Rows Removed by Filter: 2368087
Planning time: 0.370 ms
Execution time: 1230.061 ms
