Hash Join  (cost=74050.79..198624.24 rows=497965 width=0) (actual time=1126.681..4148.525 rows=203046 loops=1)
  Hash Cond: (mk.movie_id = t.id)
  ->  Seq Scan on movie_keyword mk  (cost=0.00..81003.12 rows=3204713 width=4) (actual time=0.017..1628.477 rows=3190688 loops=1)
        Filter: (keyword_id < 12920)
        Rows Removed by Filter: 1333242
  ->  Hash  (cost=67604.59..67604.59 rows=392896 width=4) (actual time=1125.750..1125.750 rows=391666 loops=1)
        Buckets: 131072  Batches: 8  Memory Usage: 2759kB
        ->  Seq Scan on title t  (cost=0.00..67604.59 rows=392896 width=4) (actual time=0.019..999.078 rows=391666 loops=1)
              Filter: (production_year > 2010)
              Rows Removed by Filter: 2136646
Planning time: 0.791 ms
Execution time: 4173.983 ms
