Seq Scan on movie_companies mc  (cost=0.00..51404.11 rows=415866 width=0) (actual time=0.027..912.024 rows=417014 loops=1)
  Filter: (company_id < 292)
  Rows Removed by Filter: 2192115
Planning time: 0.390 ms
Execution time: 965.319 ms
