Hash Join  (cost=75818.69..163632.18 rows=503721 width=0) (actual time=1335.822..4151.991 rows=783278 loops=1)
  Hash Cond: (mc.movie_id = t.id)
  ->  Seq Scan on movie_companies mc  (cost=0.00..51404.11 rows=2544046 width=4) (actual time=0.013..1248.036 rows=2542342 loops=1)
        Filter: (company_id > 6)
        Rows Removed by Filter: 66787
  ->  Hash  (cost=67604.59..67604.59 rows=500648 width=4) (actual time=1334.976..1334.976 rows=494029 loops=1)
        Buckets: 131072  Batches: 8  Memory Usage: 3188kB
        ->  Seq Scan on title t  (cost=0.00..67604.59 rows=500648 width=4) (actual time=0.014..1175.673 rows=494029 loops=1)
              Filter: (production_year < 1979)
              Rows Removed by Filter: 2034283
Planning time: 0.825 ms
Execution time: 4249.266 ms
