Hash Join  (cost=74125.58..447947.97 rows=45711 width=0) (actual time=1048.321..8177.507 rows=63446 loops=1)
  Hash Cond: (mi.movie_id = t.id)
  ->  Seq Scan on movie_info mi  (cost=0.00..346232.03 rows=7235534 width=4) (actual time=0.018..5712.710 rows=7286865 loops=1)
        Filter: (info_type_id < 8)
        Rows Removed by Filter: 7548855
  ->  Hash  (cost=73925.90..73925.90 rows=15974 width=4) (actual time=1047.587..1047.587 rows=11388 loops=1)
        Buckets: 16384  Batches: 1  Memory Usage: 529kB
        ->  Seq Scan on title t  (cost=0.00..73925.90 rows=15974 width=4) (actual time=0.320..1041.880 rows=11388 loops=1)
              Filter: ((kind_id < 4) AND (production_year = 1998))
              Rows Removed by Filter: 2516924
Planning time: 0.782 ms
Execution time: 8188.273 ms
