Hash Join  (cost=165987.82..531126.33 rows=48259 width=0) (actual time=3000.062..10233.652 rows=73639 loops=1)
  Hash Cond: (mi.movie_id = t.id)
  ->  Seq Scan on movie_info mi  (cost=0.00..309384.22 rows=14739122 width=4) (actual time=0.022..4258.075 rows=14835720 loops=1)
  ->  Hash  (cost=165884.33..165884.33 rows=8279 width=8) (actual time=2999.891..2999.891 rows=7170 loops=1)
        Buckets: 16384  Batches: 1  Memory Usage: 409kB
        ->  Hash Join  (cost=74016.92..165884.33 rows=8279 width=8) (actual time=1022.571..2996.787 rows=7170 loops=1)
              Hash Cond: (mk.movie_id = t.id)
              ->  Seq Scan on movie_keyword mk  (cost=0.00..81003.12 rows=2875066 width=4) (actual time=0.020..1507.250 rows=2868740 loops=1)
                    Filter: (keyword_id < 8833)
                    Rows Removed by Filter: 1655190
              ->  Hash  (cost=73925.90..73925.90 rows=7281 width=4) (actual time=1022.246..1022.246 rows=7012 loops=1)
                    Buckets: 8192  Batches: 1  Memory Usage: 311kB
                    ->  Seq Scan on title t  (cost=0.00..73925.90 rows=7281 width=4) (actual time=48.284..1019.075 rows=7012 loops=1)
                          Filter: ((kind_id = 4) AND (production_year = 2011))
                          Rows Removed by Filter: 2521300
Planning time: 1.274 ms
Execution time: 10244.701 ms
