Hash Join  (cost=89167.69..125067.88 rows=170825 width=0) (actual time=1569.756..2529.755 rows=313096 loops=1)
  Hash Cond: (mi_idx.movie_id = t.id)
  ->  Seq Scan on movie_info_idx mi_idx  (cost=0.00..25185.44 rows=464934 width=4) (actual time=0.030..466.598 rows=460185 loops=1)
        Filter: (info_type_id > 100)
        Rows Removed by Filter: 919850
  ->  Hash  (cost=73925.90..73925.90 rows=929023 width=4) (actual time=1568.835..1568.835 rows=896133 loops=1)
        Buckets: 131072  Batches: 16  Memory Usage: 2994kB
        ->  Seq Scan on title t  (cost=0.00..73925.90 rows=929023 width=4) (actual time=0.022..1292.878 rows=896133 loops=1)
              Filter: ((kind_id < 7) AND (production_year > 1918))
              Rows Removed by Filter: 1632179
Planning time: 0.770 ms
Execution time: 2569.745 ms
