Seq Scan on movie_info mi  (cost=0.00..346232.03 rows=8672966 width=0) (actual time=1053.612..5761.932 rows=8770496 loops=1)
  Filter: (info_type_id < 12)
  Rows Removed by Filter: 6065224
Planning time: 0.345 ms
Execution time: 6848.541 ms
