Hash Join  (cost=98384.68..1351592.68 rows=21358083 width=0) (actual time=2194.872..41536.403 rows=23475405 loops=1)
  Hash Cond: (ci.movie_id = t.id)
  ->  Seq Scan on cast_info ci  (cost=0.00..614943.12 rows=36225612 width=4) (actual time=0.021..13124.953 rows=36244344 loops=1)
  ->  Hash  (cost=73925.90..73925.90 rows=1490782 width=4) (actual time=2193.511..2193.511 rows=1610602 loops=1)
        Buckets: 131072  Batches: 32  Memory Usage: 2801kB
        ->  Seq Scan on title t  (cost=0.00..73925.90 rows=1490782 width=4) (actual time=0.021..1393.058 rows=1610602 loops=1)
              Filter: ((kind_id > 1) AND (production_year > 1974))
              Rows Removed by Filter: 917710
Planning time: 0.760 ms
Execution time: 44143.760 ms
