Hash Join  (cost=190230.21..1451918.69 rows=17661991 width=0) (actual time=5038.275..47291.296 rows=35554389 loops=1)
  Hash Cond: (ci.movie_id = t.id)
  ->  Seq Scan on cast_info ci  (cost=0.00..705507.15 rows=32360644 width=4) (actual time=0.026..15965.292 rows=32336279 loops=1)
        Filter: (person_id < 3343945)
        Rows Removed by Filter: 3908065
  ->  Hash  (cost=167588.78..167588.78 rows=1380035 width=8) (actual time=5036.929..5036.929 rows=1380035 loops=1)
        Buckets: 131072  Batches: 32  Memory Usage: 2708kB
        ->  Hash Join  (cost=102767.86..167588.78 rows=1380035 width=8) (actual time=2566.290..4614.279 rows=1380035 loops=1)
              Hash Cond: (mi_idx.movie_id = t.id)
              ->  Seq Scan on movie_info_idx mi_idx  (cost=0.00..21735.35 rows=1380035 width=4) (actual time=0.017..439.766 rows=1380035 loops=1)
              ->  Hash  (cost=61283.27..61283.27 rows=2528527 width=4) (actual time=2564.924..2564.924 rows=2528312 loops=1)
                    Buckets: 131072  Batches: 64  Memory Usage: 2415kB
                    ->  Seq Scan on title t  (cost=0.00..61283.27 rows=2528527 width=4) (actual time=0.010..1076.591 rows=2528312 loops=1)
Planning time: 1.181 ms
Execution time: 51083.936 ms
