Hash Join  (cost=457085.13..1178667.22 rows=149609 width=0) (actual time=20120.258..21628.934 rows=441324 loops=1)
  Hash Cond: (ci.movie_id = t.id)
  ->  Seq Scan on cast_info ci  (cost=0.00..705507.15 rows=1149559 width=4) (actual time=12278.106..12872.936 rows=1093558 loops=1)
        Filter: (role_id = 9)
        Rows Removed by Filter: 35150786
  ->  Hash  (cost=451685.71..451685.71 rows=329074 width=8) (actual time=7839.895..7839.895 rows=418928 loops=1)
        Buckets: 131072  Batches: 8  Memory Usage: 3056kB
        ->  Hash Join  (cost=89762.59..451685.71 rows=329074 width=8) (actual time=1744.304..7710.221 rows=418928 loops=1)
              Hash Cond: (mi.movie_id = t.id)
              ->  Seq Scan on movie_info mi  (cost=0.00..346232.03 rows=616095 width=4) (actual time=0.019..5317.705 rows=598457 loops=1)
                    Filter: (info_type_id = 15)
                    Rows Removed by Filter: 14237263
              ->  Hash  (cost=67604.59..67604.59 rows=1350560 width=4) (actual time=1742.772..1742.772 rows=1348293 loops=1)
                    Buckets: 131072  Batches: 32  Memory Usage: 2514kB
                    ->  Seq Scan on title t  (cost=0.00..67604.59 rows=1350560 width=4) (actual time=0.021..1288.971 rows=1348293 loops=1)
                          Filter: (production_year < 2005)
                          Rows Removed by Filter: 1180019
Planning time: 1.188 ms
Execution time: 21675.875 ms
