Hash Join  (cost=94072.72..465857.46 rows=613925 width=0) (actual time=5404.836..8536.671 rows=507544 loops=1)
  Hash Cond: (mi.movie_id = t.id)
  ->  Seq Scan on movie_info mi  (cost=0.00..346232.03 rows=1264125 width=4) (actual time=3529.138..5605.433 rows=1288928 loops=1)
        Filter: (info_type_id = 2)
        Rows Removed by Filter: 13546792
  ->  Hash  (cost=73925.90..73925.90 rows=1227985 width=4) (actual time=1874.438..1874.438 rows=1197374 loops=1)
        Buckets: 131072  Batches: 32  Memory Usage: 2347kB
        ->  Seq Scan on title t  (cost=0.00..73925.90 rows=1227985 width=4) (actual time=0.022..1485.610 rows=1197374 loops=1)
              Filter: ((kind_id > 1) AND (production_year < 2008))
              Rows Removed by Filter: 1330938
Planning time: 0.807 ms
Execution time: 8599.968 ms
