Seq Scan on movie_keyword mk  (cost=0.00..81003.12 rows=2892035 width=0) (actual time=0.024..1552.658 rows=2880786 loops=1)
  Filter: (keyword_id < 8986)
  Rows Removed by Filter: 1643144
Planning time: 0.352 ms
Execution time: 1906.957 ms
