Hash Join  (cost=1018504.83..3446697.95 rows=111113041 width=0) (actual time=27088.596..115361.373 rows=237965191 loops=1)
  Hash Cond: (ci.movie_id = t.id)
  ->  Seq Scan on cast_info ci  (cost=0.00..705507.15 rows=19061673 width=4) (actual time=0.013..14750.773 rows=19210919 loops=1)
        Filter: (person_id > 1683686)
        Rows Removed by Filter: 17033425
  ->  Hash  (cost=776690.81..776690.81 rows=14739122 width=8) (actual time=27085.982..27085.982 rows=14835720 loops=1)
        Buckets: 131072  Batches: 256  Memory Usage: 3268kB
        ->  Hash Join  (cost=102767.86..776690.81 rows=14739122 width=8) (actual time=1958.467..21613.527 rows=14835720 loops=1)
              Hash Cond: (mi.movie_id = t.id)
              ->  Seq Scan on movie_info mi  (cost=0.00..309384.22 rows=14739122 width=4) (actual time=0.014..6348.954 rows=14835720 loops=1)
              ->  Hash  (cost=61283.27..61283.27 rows=2528527 width=4) (actual time=1956.800..1956.800 rows=2528312 loops=1)
                    Buckets: 131072  Batches: 64  Memory Usage: 2425kB
                    ->  Seq Scan on title t  (cost=0.00..61283.27 rows=2528527 width=4) (actual time=0.013..1101.905 rows=2528312 loops=1)
Planning time: 6.661 ms
Execution time: 141652.234 ms
