Seq Scan on movie_keyword mk  (cost=0.00..81003.12 rows=1840920 width=0) (actual time=0.015..1101.405 rows=1849785 loops=1)
  Filter: (keyword_id < 3078)
  Rows Removed by Filter: 2674145
Planning time: 0.329 ms
Execution time: 1286.673 ms
