Hash Join  (cost=263115.61..967763.29 rows=14737672 width=0) (actual time=6277.389..35754.318 rows=59978312 loops=1)
  Hash Cond: (mi.movie_id = t.id)
  ->  Seq Scan on movie_info mi  (cost=0.00..346232.03 rows=14282391 width=4) (actual time=0.024..7468.911 rows=14308956 loops=1)
        Filter: (info_type_id < 103)
        Rows Removed by Filter: 526764
  ->  Hash  (cost=220309.49..220309.49 rows=2609129 width=8) (actual time=6276.121..6276.121 rows=2609129 loops=1)
        Buckets: 131072  Batches: 64  Memory Usage: 2692kB
        ->  Hash Join  (cost=102767.86..220309.49 rows=2609129 width=8) (actual time=1856.446..5562.466 rows=2609129 loops=1)
              Hash Cond: (mc.movie_id = t.id)
              ->  Seq Scan on movie_companies mc  (cost=0.00..44881.29 rows=2609129 width=4) (actual time=0.014..973.625 rows=2609129 loops=1)
              ->  Hash  (cost=61283.27..61283.27 rows=2528527 width=4) (actual time=1854.235..1854.235 rows=2528312 loops=1)
                    Buckets: 131072  Batches: 64  Memory Usage: 2415kB
                    ->  Seq Scan on title t  (cost=0.00..61283.27 rows=2528527 width=4) (actual time=0.024..1037.021 rows=2528312 loops=1)
Planning time: 1.171 ms
Execution time: 42379.438 ms
