Hash Join  (cost=128478.61..1000893.13 rows=1833666 width=0) (actual time=4200.737..24449.615 rows=7421510 loops=1)
  Hash Cond: (ci.movie_id = t.id)
  ->  Seq Scan on cast_info ci  (cost=0.00..705507.15 rows=12726058 width=4) (actual time=1368.409..14340.345 rows=12670688 loops=1)
        Filter: (role_id = 1)
        Rows Removed by Filter: 23573656
  ->  Hash  (cost=122500.50..122500.50 rows=364329 width=8) (actual time=2831.208..2831.208 rows=629900 loops=1)
        Buckets: 131072 (originally 131072)  Batches: 16 (originally 8)  Memory Usage: 3073kB
        ->  Hash Join  (cost=78556.72..122500.50 rows=364329 width=8) (actual time=1252.487..2640.462 rows=629900 loops=1)
              Hash Cond: (mi_idx.movie_id = t.id)
              ->  Seq Scan on movie_info_idx mi_idx  (cost=0.00..21735.35 rows=1380035 width=4) (actual time=0.023..462.332 rows=1380035 loops=1)
              ->  Hash  (cost=67604.59..67604.59 rows=667531 width=4) (actual time=1251.812..1251.812 rows=662825 loops=1)
                    Buckets: 131072  Batches: 16  Memory Usage: 2476kB
                    ->  Seq Scan on title t  (cost=0.00..67604.59 rows=667531 width=4) (actual time=28.412..1053.129 rows=662825 loops=1)
                          Filter: (kind_id = 1)
                          Rows Removed by Filter: 1865487
Planning time: 1.138 ms
Execution time: 25131.931 ms
