Seq Scan on cast_info ci  (cost=0.00..705507.15 rows=124068 width=0) (actual time=100.845..11001.832 rows=159990 loops=1)
  Filter: (person_id > 4036915)
  Rows Removed by Filter: 36084354
Planning time: 5.993 ms
Execution time: 11019.733 ms
