Hash Join  (cost=198698.81..1334786.85 rows=9956987 width=0) (actual time=4893.076..44253.199 rows=36892556 loops=1)
  Hash Cond: (ci.movie_id = t.id)
  ->  Seq Scan on cast_info ci  (cost=0.00..614943.12 rows=36225612 width=4) (actual time=0.020..13477.784 rows=36244344 loops=1)
  ->  Hash  (cost=187296.41..187296.41 rows=694992 width=8) (actual time=4892.279..4892.279 rows=955104 loops=1)
        Buckets: 131072  Batches: 16  Memory Usage: 3329kB
        ->  Hash Join  (cost=102767.86..187296.41 rows=694992 width=8) (actual time=2157.837..4597.142 rows=955104 loops=1)
              Hash Cond: (mc.movie_id = t.id)
              ->  Seq Scan on movie_companies mc  (cost=0.00..57926.93 rows=694992 width=4) (actual time=0.016..1194.397 rows=955104 loops=1)
                    Filter: ((company_id < 12305) AND (company_type_id = 1))
                    Rows Removed by Filter: 1654025
              ->  Hash  (cost=61283.27..61283.27 rows=2528527 width=4) (actual time=2155.920..2155.920 rows=2528312 loops=1)
                    Buckets: 131072  Batches: 64  Memory Usage: 2415kB
                    ->  Seq Scan on title t  (cost=0.00..61283.27 rows=2528527 width=4) (actual time=0.021..1267.510 rows=2528312 loops=1)
Planning time: 1.200 ms
Execution time: 47865.290 ms
