Hash Join  (cost=80562.70..219780.94 rows=1413020 width=0) (actual time=1530.711..4971.807 rows=886170 loops=1)
  Hash Cond: (mk.movie_id = t.id)
  ->  Seq Scan on movie_keyword mk  (cost=0.00..69693.30 rows=4523930 width=4) (actual time=0.016..1337.424 rows=4523930 loops=1)
  ->  Hash  (cost=67604.59..67604.59 rows=789769 width=4) (actual time=1529.554..1529.554 rows=784926 loops=1)
        Buckets: 131072  Batches: 16  Memory Usage: 2756kB
        ->  Seq Scan on title t  (cost=0.00..67604.59 rows=789769 width=4) (actual time=0.015..1261.410 rows=784926 loops=1)
              Filter: (production_year > 2007)
              Rows Removed by Filter: 1743386
Planning time: 2.826 ms
Execution time: 5065.168 ms
