Hash Join  (cost=193587.62..1382667.19 rows=7837945 width=0) (actual time=3904.907..38412.203 rows=9069867 loops=1)
  Hash Cond: (ci.movie_id = t.id)
  ->  Seq Scan on cast_info ci  (cost=0.00..705507.15 rows=34851457 width=4) (actual time=0.013..16516.344 rows=34958462 loops=1)
        Filter: (person_id > 129204)
        Rows Removed by Filter: 1285882
  ->  Hash  (cost=184257.44..184257.44 rows=568655 width=8) (actual time=3903.937..3903.937 rows=355250 loops=1)
        Buckets: 131072  Batches: 8  Memory Usage: 2758kB
        ->  Hash Join  (cost=102767.86..184257.44 rows=568655 width=8) (actual time=1903.298..3791.247 rows=355250 loops=1)
              Hash Cond: (mc.movie_id = t.id)
              ->  Seq Scan on movie_companies mc  (cost=0.00..57926.93 rows=568655 width=4) (actual time=0.025..939.997 rows=355250 loops=1)
                    Filter: ((company_id < 7837) AND (company_type_id > 1))
                    Rows Removed by Filter: 2253879
              ->  Hash  (cost=61283.27..61283.27 rows=2528527 width=4) (actual time=1901.818..1901.818 rows=2528312 loops=1)
                    Buckets: 131072  Batches: 64  Memory Usage: 2415kB
                    ->  Seq Scan on title t  (cost=0.00..61283.27 rows=2528527 width=4) (actual time=0.019..1053.788 rows=2528312 loops=1)
Planning time: 1.184 ms
Execution time: 39392.000 ms
