Seq Scan on movie_companies mc  (cost=0.00..51404.11 rows=104 width=0) (actual time=3.931..876.004 rows=385 loops=1)
  Filter: (company_id = 7703)
  Rows Removed by Filter: 2608744
Planning time: 0.382 ms
Execution time: 876.175 ms
