Hash Join  (cost=85727.72..1170515.67 rows=3072388 width=136) (actual time=996.363..11331.063 rows=3811955 loops=1)
  Hash Cond: (ci.movie_id = t.id)
  ->  Seq Scan on cast_info ci  (cost=0.00..796071.18 rows=11637836 width=42) (actual time=488.595..6154.202 rows=12670688 loops=1)
        Filter: ((person_id < 3480340) AND (role_id = 1))
        Rows Removed by Filter: 23573656
  ->  Hash  (cost=67604.59..67604.59 rows=667531 width=94) (actual time=507.451..507.451 rows=662825 loops=1)
        Buckets: 32768  Batches: 32  Memory Usage: 2489kB
        ->  Seq Scan on title t  (cost=0.00..67604.59 rows=667531 width=94) (actual time=0.023..386.056 rows=662825 loops=1)
              Filter: (kind_id = 1)
              Rows Removed by Filter: 1865487
Planning time: 0.668 ms
Execution time: 11446.988 ms
