Hash Join  (cost=96651.52..262901.04 rows=3167656 width=0) (actual time=1900.262..6015.955 rows=1454126 loops=1)
  Hash Cond: (mk.movie_id = t.id)
  ->  Seq Scan on movie_keyword mk  (cost=0.00..69693.30 rows=4523930 width=4) (actual time=0.014..1436.870 rows=4523930 loops=1)
  ->  Hash  (cost=67604.59..67604.59 rows=1770475 width=4) (actual time=1899.223..1899.223 rows=1774635 loops=1)
        Buckets: 131072  Batches: 32  Memory Usage: 2984kB
        ->  Seq Scan on title t  (cost=0.00..67604.59 rows=1770475 width=4) (actual time=0.021..1313.919 rows=1774635 loops=1)
              Filter: (kind_id > 2)
              Rows Removed by Filter: 753677
Planning time: 1.173 ms
Execution time: 6188.858 ms
