Nested Loop  (cost=0.43..709671.90 rows=500 width=0) (actual time=1637.248..11493.922 rows=80 loops=1)
  ->  Seq Scan on cast_info ci  (cost=0.00..705507.15 rows=500 width=4) (actual time=1637.150..11492.124 rows=80 loops=1)
        Filter: (person_id = 600718)
        Rows Removed by Filter: 36244264
  ->  Index Only Scan using title_pkey on title t  (cost=0.43..8.32 rows=1 width=4) (actual time=0.021..0.021 rows=1 loops=80)
        Index Cond: (id = ci.movie_id)
        Heap Fetches: 80
Planning time: 0.765 ms
Execution time: 11494.005 ms
