Seq Scan on movie_keyword mk  (cost=0.00..81003.12 rows=4222 width=0) (actual time=0.262..1304.541 rows=3351 loops=1)
  Filter: (keyword_id = 571)
  Rows Removed by Filter: 4520579
Planning time: 0.374 ms
Execution time: 1305.595 ms
