Seq Scan on movie_keyword mk  (cost=0.00..81003.12 rows=246 width=0) (actual time=3.467..1206.632 rows=80 loops=1)
  Filter: (keyword_id = 11295)
  Rows Removed by Filter: 4523850
Planning time: 0.460 ms
Execution time: 1206.785 ms
