Hash Join  (cost=128708.54..183444.09 rows=7002 width=0) (actual time=1462.449..2752.475 rows=52431 loops=1)
  Hash Cond: (mc.movie_id = t.id)
  ->  Seq Scan on movie_companies mc  (cost=0.00..44881.29 rows=2609129 width=4) (actual time=0.022..731.896 rows=2609129 loops=1)
  ->  Hash  (cost=128623.72..128623.72 rows=6786 width=8) (actual time=1461.974..1461.974 rows=5733 loops=1)
        Buckets: 8192  Batches: 1  Memory Usage: 288kB
        ->  Nested Loop  (cost=0.43..128623.72 rows=6786 width=8) (actual time=0.161..1458.409 rows=5733 loops=1)
              ->  Seq Scan on movie_keyword mk  (cost=0.00..81003.12 rows=6786 width=4) (actual time=0.101..1280.766 rows=5733 loops=1)
                    Filter: (keyword_id = 249)
                    Rows Removed by Filter: 4518197
              ->  Index Only Scan using title_pkey on title t  (cost=0.43..7.01 rows=1 width=4) (actual time=0.030..0.030 rows=1 loops=5733)
                    Index Cond: (id = mk.movie_id)
                    Heap Fetches: 5733
Planning time: 1.104 ms
Execution time: 2760.177 ms
