Nested Loop  (cost=0.43..52283.69 rows=104 width=0) (actual time=13.934..753.705 rows=79 loops=1)
  ->  Seq Scan on movie_companies mc  (cost=0.00..51404.11 rows=104 width=4) (actual time=13.846..750.227 rows=79 loops=1)
        Filter: (company_id = 14446)
        Rows Removed by Filter: 2609050
  ->  Index Only Scan using title_pkey on title t  (cost=0.43..8.45 rows=1 width=4) (actual time=0.040..0.041 rows=1 loops=79)
        Index Cond: (id = mc.movie_id)
        Heap Fetches: 79
Planning time: 0.858 ms
Execution time: 753.823 ms
