Seq Scan on cast_info ci  (cost=0.00..796071.18 rows=10713098 width=0) (actual time=0.024..15804.814 rows=12670688 loops=1)
  Filter: ((person_id < 3067768) AND (role_id < 2))
  Rows Removed by Filter: 23573656
Planning time: 0.373 ms
Execution time: 17420.398 ms
