Hash Join  (cost=75342.47..560516.06 rows=502967 width=0) (actual time=1428.808..11312.596 rows=204857 loops=1)
  Hash Cond: (mi.movie_id = t.id)
  ->  Seq Scan on movie_info mi  (cost=0.00..309384.22 rows=14739122 width=4) (actual time=0.013..5181.788 rows=14835720 loops=1)
  ->  Hash  (cost=73925.90..73925.90 rows=86285 width=4) (actual time=1128.851..1128.851 rows=92628 loops=1)
        Buckets: 131072  Batches: 2  Memory Usage: 2659kB
        ->  Seq Scan on title t  (cost=0.00..73925.90 rows=86285 width=4) (actual time=0.024..1093.976 rows=92628 loops=1)
              Filter: ((kind_id = 7) AND (production_year = 2010))
              Rows Removed by Filter: 2435684
Planning time: 0.768 ms
Execution time: 11337.349 ms
