Hash Join  (cost=283635.21..704474.23 rows=730432 width=219) (actual time=2421.829..5001.914 rows=1790791 loops=1)
  Hash Cond: (mi.movie_id = t.id)
  ->  Seq Scan on movie_info mi  (cost=0.00..346232.03 rows=1338312 width=75) (actual time=99.699..1771.813 rows=1401902 loops=1)
        Filter: (info_type_id = 7)
        Rows Removed by Filter: 13433818
  ->  Hash  (cost=238082.78..238082.78 rows=1380035 width=144) (actual time=2321.150..2321.150 rows=1380035 loops=1)
        Buckets: 32768  Batches: 64  Memory Usage: 3138kB
        ->  Hash Join  (cost=129928.86..238082.78 rows=1380035 width=144) (actual time=784.340..1868.813 rows=1380035 loops=1)
              Hash Cond: (mi_idx.movie_id = t.id)
              ->  Seq Scan on movie_info_idx mi_idx  (cost=0.00..21735.35 rows=1380035 width=50) (actual time=0.019..116.235 rows=1380035 loops=1)
              ->  Hash  (cost=61283.27..61283.27 rows=2528527 width=94) (actual time=784.043..784.043 rows=2528312 loops=1)
                    Buckets: 32768  Batches: 128  Memory Usage: 2453kB
                    ->  Seq Scan on title t  (cost=0.00..61283.27 rows=2528527 width=94) (actual time=0.015..281.891 rows=2528312 loops=1)
Planning time: 0.771 ms
Execution time: 5054.036 ms
