Seq Scan on movie_companies mc  (cost=0.00..57926.93 rows=198114 width=0) (actual time=354.801..949.719 rows=309001 loops=1)
  Filter: ((company_id < 258) AND (company_type_id = 1))
  Rows Removed by Filter: 2300128
Planning time: 0.802 ms
Execution time: 987.695 ms
