Hash Join  (cost=67697.55..419024.74 rows=3965 width=0) (actual time=3277.169..6265.700 rows=8764 loops=1)
  Hash Cond: (mi.movie_id = t.id)
  ->  Seq Scan on movie_info mi  (cost=0.00..346232.03 rows=1348138 width=4) (actual time=2277.268..5006.915 rows=1298989 loops=1)
        Filter: (info_type_id = 4)
        Rows Removed by Filter: 13536731
  ->  Hash  (cost=67604.59..67604.59 rows=7437 width=4) (actual time=999.618..999.618 rows=15000 loops=1)
        Buckets: 16384 (originally 8192)  Batches: 1 (originally 1)  Memory Usage: 656kB
        ->  Seq Scan on title t  (cost=0.00..67604.59 rows=7437 width=4) (actual time=0.026..992.337 rows=15000 loops=1)
              Filter: (production_year = 1970)
              Rows Removed by Filter: 2513312
Planning time: 0.782 ms
Execution time: 6267.530 ms
