Hash Join  (cost=341110.89..1633439.56 rows=23370026 width=0) (actual time=8008.462..59855.526 rows=97605283 loops=1)
  Hash Cond: (ci.movie_id = t.id)
  ->  Seq Scan on cast_info ci  (cost=0.00..796071.18 rows=16216963 width=4) (actual time=0.327..17411.808 rows=20454111 loops=1)
        Filter: ((person_id > 1094132) AND (role_id > 1))
        Rows Removed by Filter: 15790233
  ->  Hash  (cost=281329.11..281329.11 rows=3643823 width=8) (actual time=8005.866..8005.866 rows=3635518 loops=1)
        Buckets: 131072  Batches: 64  Memory Usage: 3262kB
        ->  Hash Join  (cost=102767.86..281329.11 rows=3643823 width=8) (actual time=1848.003..6968.616 rows=3635518 loops=1)
              Hash Cond: (mk.movie_id = t.id)
              ->  Seq Scan on movie_keyword mk  (cost=0.00..81003.12 rows=3643823 width=4) (actual time=0.021..1677.647 rows=3635518 loops=1)
                    Filter: (keyword_id > 840)
                    Rows Removed by Filter: 888412
              ->  Hash  (cost=61283.27..61283.27 rows=2528527 width=4) (actual time=1845.274..1845.274 rows=2528312 loops=1)
                    Buckets: 131072  Batches: 64  Memory Usage: 2425kB
                    ->  Seq Scan on title t  (cost=0.00..61283.27 rows=2528527 width=4) (actual time=0.009..987.923 rows=2528312 loops=1)
Planning time: 1.272 ms
Execution time: 70763.437 ms
