Hash Join  (cost=160526.42..995797.05 rows=802264 width=0) (actual time=3276.325..16348.150 rows=771432 loops=1)
  Hash Cond: (ci.movie_id = t.id)
  ->  Seq Scan on cast_info ci  (cost=0.00..796071.18 rows=2412215 width=4) (actual time=6.695..11488.126 rows=1434185 loops=1)
        Filter: ((person_id < 686636) AND (role_id > 3))
        Rows Removed by Filter: 34810159
  ->  Hash  (cost=146729.58..146729.58 rows=840947 width=8) (actual time=3267.328..3267.328 rows=425718 loops=1)
        Buckets: 131072  Batches: 16  Memory Usage: 2062kB
        ->  Hash Join  (cost=92883.59..146729.58 rows=840947 width=8) (actual time=2022.335..3140.175 rows=425718 loops=1)
              Hash Cond: (mi_idx.movie_id = t.id)
              ->  Seq Scan on movie_info_idx mi_idx  (cost=0.00..21735.35 rows=1380035 width=4) (actual time=0.015..458.680 rows=1380035 loops=1)
              ->  Hash  (cost=67604.59..67604.59 rows=1540800 width=4) (actual time=1653.778..1653.778 rows=1543264 loops=1)
                    Buckets: 131072  Batches: 32  Memory Usage: 2722kB
                    ->  Seq Scan on title t  (cost=0.00..67604.59 rows=1540800 width=4) (actual time=68.068..1182.934 rows=1543264 loops=1)
                          Filter: (kind_id = 7)
                          Rows Removed by Filter: 985048
Planning time: 1.215 ms
Execution time: 16444.499 ms
