Hash Join  (cost=92735.26..1397252.37 rows=21944793 width=0) (actual time=1828.156..40825.580 rows=23456210 loops=1)
  Hash Cond: (ci.movie_id = t.id)
  ->  Seq Scan on cast_info ci  (cost=0.00..614943.12 rows=36225612 width=4) (actual time=0.024..13646.890 rows=36244344 loops=1)
  ->  Hash  (cost=67604.59..67604.59 rows=1531734 width=4) (actual time=1826.944..1826.944 rows=1531613 loops=1)
        Buckets: 131072  Batches: 32  Memory Usage: 2708kB
        ->  Seq Scan on title t  (cost=0.00..67604.59 rows=1531734 width=4) (actual time=0.021..1332.100 rows=1531613 loops=1)
              Filter: (production_year > 1997)
              Rows Removed by Filter: 996699
Planning time: 0.849 ms
Execution time: 43463.758 ms
