Seq Scan on movie_keyword mk  (cost=0.00..81003.12 rows=3017489 width=0) (actual time=0.024..1455.117 rows=3003274 loops=1)
  Filter: (keyword_id > 2199)
  Rows Removed by Filter: 1520656
Planning time: 0.353 ms
Execution time: 1833.150 ms
