Seq Scan on cast_info ci  (cost=0.00..705507.15 rows=13953071 width=0) (actual time=0.015..11865.904 rows=13933699 loops=1)
  Filter: (person_id < 1373140)
  Rows Removed by Filter: 22310645
Planning time: 0.331 ms
Execution time: 13641.797 ms
