Seq Scan on movie_companies mc  (cost=0.00..57926.93 rows=17374 width=0) (actual time=0.356..800.618 rows=619 loops=1)
  Filter: ((company_id = 160) AND (company_type_id = 2))
  Rows Removed by Filter: 2608510
Planning time: 1.808 ms
Execution time: 800.888 ms
