Hash Join  (cost=132820.18..260310.43 rows=450422 width=0) (actual time=2889.981..6378.819 rows=1402930 loops=1)
  Hash Cond: (mk.movie_id = t.id)
  ->  Seq Scan on movie_keyword mk  (cost=0.00..69693.30 rows=4523930 width=4) (actual time=0.024..1404.366 rows=4523930 loops=1)
  ->  Hash  (cost=128689.29..128689.29 rows=251751 width=8) (actual time=2889.058..2889.058 rows=221314 loops=1)
        Buckets: 131072  Batches: 4  Memory Usage: 3188kB
        ->  Hash Join  (cost=90260.67..128689.29 rows=251751 width=8) (actual time=1767.122..2815.461 rows=221314 loops=1)
              Hash Cond: (mi_idx.movie_id = t.id)
              ->  Seq Scan on movie_info_idx mi_idx  (cost=0.00..25185.44 rows=460978 width=4) (actual time=0.025..520.498 rows=459925 loops=1)
                    Filter: (info_type_id < 100)
                    Rows Removed by Filter: 920110
              ->  Hash  (cost=67604.59..67604.59 rows=1380887 width=4) (actual time=1766.288..1766.288 rows=1381453 loops=1)
                    Buckets: 131072  Batches: 32  Memory Usage: 2543kB
                    ->  Seq Scan on title t  (cost=0.00..67604.59 rows=1380887 width=4) (actual time=0.013..1308.400 rows=1381453 loops=1)
                          Filter: (production_year > 2000)
                          Rows Removed by Filter: 1146859
Planning time: 1.175 ms
Execution time: 6553.051 ms
