Seq Scan on cast_info ci  (cost=0.00..796071.18 rows=324 width=0) (actual time=2430.900..13634.373 rows=115 loops=1)
  Filter: ((role_id > 1) AND (person_id = 3572609))
  Rows Removed by Filter: 36244229
Planning time: 0.398 ms
Execution time: 13634.526 ms
