Hash Join  (cost=81928.94..121421.74 rows=177290 width=0) (actual time=1367.370..2394.962 rows=263457 loops=1)
  Hash Cond: (mi_idx.movie_id = t.id)
  ->  Seq Scan on movie_info_idx mi_idx  (cost=0.00..25185.44 rows=919057 width=4) (actual time=0.022..497.210 rows=920110 loops=1)
        Filter: (info_type_id > 99)
        Rows Removed by Filter: 459925
  ->  Hash  (cost=73925.90..73925.90 rows=487763 width=4) (actual time=1366.559..1366.559 rows=380204 loops=1)
        Buckets: 131072  Batches: 8  Memory Usage: 2694kB
        ->  Seq Scan on title t  (cost=0.00..73925.90 rows=487763 width=4) (actual time=0.014..1246.611 rows=380204 loops=1)
              Filter: ((kind_id < 4) AND (production_year > 1999))
              Rows Removed by Filter: 2148108
Planning time: 0.802 ms
Execution time: 2427.822 ms
