Hash Join  (cost=67697.55..462793.53 rows=38027 width=0) (actual time=960.735..9799.002 rows=79022 loops=1)
  Hash Cond: (mi.movie_id = t.id)
  ->  Seq Scan on movie_info mi  (cost=0.00..346232.03 rows=12928982 width=4) (actual time=0.027..6343.270 rows=12970088 loops=1)
        Filter: (info_type_id < 18)
        Rows Removed by Filter: 1865632
  ->  Hash  (cost=67604.59..67604.59 rows=7437 width=4) (actual time=960.389..960.389 rows=13623 loops=1)
        Buckets: 16384 (originally 8192)  Batches: 1 (originally 1)  Memory Usage: 607kB
        ->  Seq Scan on title t  (cost=0.00..67604.59 rows=7437 width=4) (actual time=0.065..953.986 rows=13623 loops=1)
              Filter: (production_year = 1972)
              Rows Removed by Filter: 2514689
Planning time: 0.854 ms
Execution time: 9811.928 ms
