Hash Join  (cost=69596.70..556952.39 rows=707476 width=0) (actual time=1204.947..13026.661 rows=1371821 loops=1)
  Hash Cond: (mi.movie_id = t.id)
  ->  Seq Scan on movie_info mi  (cost=0.00..309384.22 rows=14739122 width=4) (actual time=0.027..5687.527 rows=14835720 loops=1)
  ->  Hash  (cost=67604.59..67604.59 rows=121369 width=4) (actual time=1146.874..1146.874 rows=125365 loops=1)
        Buckets: 131072  Batches: 2  Memory Usage: 3228kB
        ->  Seq Scan on title t  (cost=0.00..67604.59 rows=121369 width=4) (actual time=154.371..1102.535 rows=125365 loops=1)
              Filter: (production_year < 1934)
              Rows Removed by Filter: 2402947
Planning time: 0.778 ms
Execution time: 13195.930 ms
