Hash Join  (cost=255103.45..1792543.98 rows=13110437 width=186) (actual time=6686.707..62904.828 rows=27252990 loops=1)
  Hash Cond: (ci.movie_id = t.id)
  ->  Seq Scan on cast_info ci  (cost=0.00..614943.12 rows=36225612 width=42) (actual time=0.025..15540.293 rows=36244344 loops=1)
  ->  Hash  (cost=224897.69..224897.69 rows=915101 width=144) (actual time=6685.911..6685.911 rows=919850 loops=1)
        Buckets: 32768  Batches: 64  Memory Usage: 2161kB
        ->  Hash Join  (cost=129928.86..224897.69 rows=915101 width=144) (actual time=3444.314..6056.618 rows=919850 loops=1)
              Hash Cond: (mi_idx.movie_id = t.id)
              ->  Seq Scan on movie_info_idx mi_idx  (cost=0.00..25185.44 rows=915101 width=50) (actual time=0.018..653.139 rows=919850 loops=1)
                    Filter: (info_type_id < 101)
                    Rows Removed by Filter: 460185
              ->  Hash  (cost=61283.27..61283.27 rows=2528527 width=94) (actual time=3441.974..3441.974 rows=2528312 loops=1)
                    Buckets: 32768  Batches: 128  Memory Usage: 2453kB
                    ->  Seq Scan on title t  (cost=0.00..61283.27 rows=2528527 width=94) (actual time=0.011..1431.715 rows=2528312 loops=1)
Planning time: 12.103 ms
Execution time: 64460.593 ms
