Hash Join  (cost=67697.55..159983.04 rows=8780 width=0) (actual time=1108.267..3038.020 rows=13171 loops=1)
  Hash Cond: (mk.movie_id = t.id)
  ->  Seq Scan on movie_keyword mk  (cost=0.00..81003.12 rows=2985218 width=4) (actual time=0.023..1462.093 rows=2973501 loops=1)
        Filter: (keyword_id > 2276)
        Rows Removed by Filter: 1550429
  ->  Hash  (cost=67604.59..67604.59 rows=7437 width=4) (actual time=1107.750..1107.750 rows=11416 loops=1)
        Buckets: 16384 (originally 8192)  Batches: 1 (originally 1)  Memory Usage: 530kB
        ->  Seq Scan on title t  (cost=0.00..67604.59 rows=7437 width=4) (actual time=0.101..1101.756 rows=11416 loops=1)
              Filter: (production_year = 1964)
              Rows Removed by Filter: 2516896
Planning time: 0.839 ms
Execution time: 3040.033 ms
