Hash Join  (cost=488812.54..592427.69 rows=243062 width=209) (actual time=2740.025..3924.921 rows=1524269 loops=1)
  Hash Cond: (mc.movie_id = t.id)
  ->  Seq Scan on movie_companies mc  (cost=0.00..44881.29 rows=2609129 width=40) (actual time=0.019..223.871 rows=2609129 loops=1)
  ->  Hash  (cost=480117.13..480117.13 rows=235553 width=169) (actual time=2739.257..2739.257 rows=219316 loops=1)
        Buckets: 32768  Batches: 16  Memory Usage: 2152kB
        ->  Hash Join  (cost=86008.90..480117.13 rows=235553 width=169) (actual time=494.484..2663.987 rows=219316 loops=1)
              Hash Cond: (mi.movie_id = t.id)
              ->  Seq Scan on movie_info mi  (cost=0.00..346232.03 rows=1338312 width=75) (actual time=0.015..1767.431 rows=1401902 loops=1)
                    Filter: (info_type_id = 7)
                    Rows Removed by Filter: 13433818
              ->  Hash  (cost=73925.90..73925.90 rows=445040 width=94) (actual time=494.059..494.059 rows=343490 loops=1)
                    Buckets: 32768  Batches: 16  Memory Usage: 2595kB
                    ->  Seq Scan on title t  (cost=0.00..73925.90 rows=445040 width=94) (actual time=0.013..425.446 rows=343490 loops=1)
                          Filter: ((kind_id < 3) AND (production_year > 1998))
                          Rows Removed by Filter: 2184822
Planning time: 0.845 ms
Execution time: 3972.730 ms
