Hash Join  (cost=709678.15..1103429.82 rows=2504 width=0) (actual time=15027.062..18889.800 rows=119 loops=1)
  Hash Cond: (mi.movie_id = t.id)
  ->  Seq Scan on movie_info mi  (cost=0.00..346232.03 rows=12665229 width=4) (actual time=0.013..6090.740 rows=12744652 loops=1)
        Filter: (info_type_id > 2)
        Rows Removed by Filter: 2091068
  ->  Hash  (cost=709671.90..709671.90 rows=500 width=8) (actual time=11114.467..11114.467 rows=118 loops=1)
        Buckets: 1024  Batches: 1  Memory Usage: 13kB
        ->  Nested Loop  (cost=0.43..709671.90 rows=500 width=8) (actual time=9407.063..11114.400 rows=118 loops=1)
              ->  Seq Scan on cast_info ci  (cost=0.00..705507.15 rows=500 width=4) (actual time=9406.939..11112.415 rows=118 loops=1)
                    Filter: (person_id = 2092642)
                    Rows Removed by Filter: 36244226
              ->  Index Only Scan using title_pkey on title t  (cost=0.43..8.32 rows=1 width=4) (actual time=0.015..0.016 rows=1 loops=118)
                    Index Cond: (id = ci.movie_id)
                    Heap Fetches: 118
Planning time: 1.163 ms
Execution time: 18889.923 ms
