Hash Join  (cost=130890.44..891195.30 rows=951569 width=0) (actual time=2771.039..23975.469 rows=2366927 loops=1)
  Hash Cond: (ci.movie_id = t.id)
  ->  Seq Scan on cast_info ci  (cost=0.00..614943.12 rows=36225612 width=4) (actual time=0.016..9462.189 rows=36244344 loops=1)
  ->  Hash  (cost=130060.21..130060.21 rows=66419 width=8) (actual time=2769.969..2769.969 rows=68954 loops=1)
        Buckets: 131072  Batches: 1  Memory Usage: 3718kB
        ->  Hash Join  (cost=74730.49..130060.21 rows=66419 width=8) (actual time=1236.355..2742.781 rows=68954 loops=1)
              Hash Cond: (mc.movie_id = t.id)
              ->  Seq Scan on movie_companies mc  (cost=0.00..44881.29 rows=2609129 width=4) (actual time=0.012..755.762 rows=2609129 loops=1)
              ->  Hash  (cost=73925.90..73925.90 rows=64367 width=4) (actual time=1235.747..1235.747 rows=53905 loops=1)
                    Buckets: 65536  Batches: 1  Memory Usage: 2408kB
                    ->  Seq Scan on title t  (cost=0.00..73925.90 rows=64367 width=4) (actual time=0.049..1212.833 rows=53905 loops=1)
                          Filter: ((kind_id < 7) AND (production_year = 2012))
                          Rows Removed by Filter: 2474407
Planning time: 1.225 ms
Execution time: 24290.984 ms
