Hash Join  (cost=58375.85..405224.49 rows=3 width=0) (actual time=2809.382..6186.106 rows=375 loops=1)
  Hash Cond: (mi.movie_id = t.id)
  ->  Seq Scan on movie_info mi  (cost=0.00..346232.03 rows=164423 width=4) (actual time=1799.396..5241.044 rows=197754 loops=1)
        Filter: (info_type_id > 106)
        Rows Removed by Filter: 14637966
  ->  Hash  (cost=58375.18..58375.18 rows=53 width=8) (actual time=916.456..916.456 rows=171 loops=1)
        Buckets: 1024  Batches: 1  Memory Usage: 15kB
        ->  Nested Loop  (cost=0.43..58375.18 rows=53 width=8) (actual time=2.474..916.305 rows=171 loops=1)
              ->  Seq Scan on movie_companies mc  (cost=0.00..57926.93 rows=53 width=4) (actual time=2.377..911.926 rows=171 loops=1)
                    Filter: ((company_type_id > 1) AND (company_id = 2345))
                    Rows Removed by Filter: 2608958
              ->  Index Only Scan using title_pkey on title t  (cost=0.43..8.45 rows=1 width=4) (actual time=0.023..0.024 rows=1 loops=171)
                    Index Cond: (id = mc.movie_id)
                    Heap Fetches: 171
Planning time: 3.864 ms
Execution time: 6186.298 ms
