Hash Join  (cost=91123.00..1335896.48 rows=20537031 width=0) (actual time=1706.943..38601.840 rows=22094104 loops=1)
  Hash Cond: (ci.movie_id = t.id)
  ->  Seq Scan on cast_info ci  (cost=0.00..614943.12 rows=36225612 width=4) (actual time=0.024..13226.351 rows=36244344 loops=1)
  ->  Hash  (cost=67604.59..67604.59 rows=1433473 width=4) (actual time=1705.564..1705.564 rows=1434466 loops=1)
        Buckets: 131072  Batches: 32  Memory Usage: 2600kB
        ->  Seq Scan on title t  (cost=0.00..67604.59 rows=1433473 width=4) (actual time=0.019..1244.208 rows=1434466 loops=1)
              Filter: (production_year > 1999)
              Rows Removed by Filter: 1093846
Planning time: 0.813 ms
Execution time: 40964.968 ms
