Seq Scan on movie_companies mc  (cost=0.00..51404.11 rows=104 width=0) (actual time=0.220..868.922 rows=331 loops=1)
  Filter: (company_id = 601)
  Rows Removed by Filter: 2608798
Planning time: 0.826 ms
Execution time: 869.126 ms
