Hash Join  (cost=69460.45..170615.42 rows=73407 width=0) (actual time=1261.088..3451.187 rows=66936 loops=1)
  Hash Cond: (mk.movie_id = t.id)
  ->  Seq Scan on movie_keyword mk  (cost=0.00..81003.12 rows=1641006 width=4) (actual time=0.024..1646.187 rows=1650649 loops=1)
        Filter: (keyword_id < 2517)
        Rows Removed by Filter: 2873281
  ->  Hash  (cost=67604.59..67604.59 rows=113109 width=4) (actual time=1260.196..1260.196 rows=119565 loops=1)
        Buckets: 131072  Batches: 2  Memory Usage: 3121kB
        ->  Seq Scan on title t  (cost=0.00..67604.59 rows=113109 width=4) (actual time=0.030..1213.863 rows=119565 loops=1)
              Filter: (production_year = 2007)
              Rows Removed by Filter: 2408747
Planning time: 0.839 ms
Execution time: 3460.084 ms
