Hash Join  (cost=167732.90..206277.79 rows=49641 width=0) (actual time=3443.550..4159.022 rows=132090 loops=1)
  Hash Cond: (mi_idx.movie_id = t.id)
  ->  Seq Scan on movie_info_idx mi_idx  (cost=0.00..21735.35 rows=1380035 width=4) (actual time=0.013..445.872 rows=1380035 loops=1)
  ->  Hash  (cost=166239.97..166239.97 rows=90954 width=8) (actual time=3267.755..3267.755 rows=91202 loops=1)
        Buckets: 131072  Batches: 2  Memory Usage: 2813kB
        ->  Hash Join  (cost=102767.86..166239.97 rows=90954 width=8) (actual time=2179.812..3237.455 rows=91202 loops=1)
              Hash Cond: (mc.movie_id = t.id)
              ->  Seq Scan on movie_companies mc  (cost=0.00..51404.11 rows=90954 width=4) (actual time=232.519..830.532 rows=91202 loops=1)
                    Filter: (company_id > 162927)
                    Rows Removed by Filter: 2517927
              ->  Hash  (cost=61283.27..61283.27 rows=2528527 width=4) (actual time=1945.750..1945.750 rows=2528312 loops=1)
                    Buckets: 131072  Batches: 64  Memory Usage: 2415kB
                    ->  Seq Scan on title t  (cost=0.00..61283.27 rows=2528527 width=4) (actual time=0.038..1097.263 rows=2528312 loops=1)
Planning time: 1.132 ms
Execution time: 4173.065 ms
