Hash Join  (cost=177736.21..1233797.88 rows=2166747 width=0) (actual time=3628.396..34227.929 rows=8868497 loops=1)
  Hash Cond: (ci.movie_id = t.id)
  ->  Seq Scan on cast_info ci  (cost=0.00..614943.12 rows=36225612 width=4) (actual time=0.014..13549.611 rows=36244344 loops=1)
  ->  Hash  (cost=175254.73..175254.73 rows=151238 width=8) (actual time=3627.380..3627.380 rows=266956 loops=1)
        Buckets: 131072 (originally 131072)  Batches: 4 (originally 2)  Memory Usage: 3656kB
        ->  Hash Join  (cost=71089.54..175254.73 rows=151238 width=8) (actual time=1250.821..3552.341 rows=266956 loops=1)
              Hash Cond: (mk.movie_id = t.id)
              ->  Seq Scan on movie_keyword mk  (cost=0.00..81003.12 rows=1800451 width=4) (actual time=0.022..1549.203 rows=1801587 loops=1)
                    Filter: (keyword_id > 7709)
                    Rows Removed by Filter: 2722343
              ->  Hash  (cost=67604.59..67604.59 rows=212396 width=4) (actual time=1249.777..1249.777 rows=211624 loops=1)
                    Buckets: 131072  Batches: 4  Memory Usage: 2890kB
                    ->  Seq Scan on title t  (cost=0.00..67604.59 rows=212396 width=4) (actual time=0.039..1132.003 rows=211624 loops=1)
                          Filter: (production_year < 1957)
                          Rows Removed by Filter: 2316688
Planning time: 0.997 ms
Execution time: 35246.727 ms
