Hash Join  (cost=155918.50..906868.70 rows=16105 width=0) (actual time=2471.780..19420.748 rows=157017 loops=1)
  Hash Cond: (ci.movie_id = t.id)
  ->  Seq Scan on cast_info ci  (cost=0.00..614943.12 rows=36225612 width=4) (actual time=0.023..9481.281 rows=36244344 loops=1)
  ->  Hash  (cost=155904.45..155904.45 rows=1124 width=8) (actual time=2471.579..2471.579 rows=2202 loops=1)
        Buckets: 4096 (originally 2048)  Batches: 1 (originally 1)  Memory Usage: 119kB
        ->  Hash Join  (cost=74093.07..155904.45 rows=1124 width=8) (actual time=1096.690..2470.374 rows=2202 loops=1)
              Hash Cond: (mk.movie_id = t.id)
              ->  Seq Scan on movie_keyword mk  (cost=0.00..81003.12 rows=212539 width=4) (actual time=0.017..1319.546 rows=226927 loops=1)
                    Filter: (keyword_id < 186)
                    Rows Removed by Filter: 4297003
              ->  Hash  (cost=73925.90..73925.90 rows=13373 width=4) (actual time=1096.549..1096.549 rows=7578 loops=1)
                    Buckets: 16384  Batches: 1  Memory Usage: 395kB
                    ->  Seq Scan on title t  (cost=0.00..73925.90 rows=13373 width=4) (actual time=340.113..1093.006 rows=7578 loops=1)
                          Filter: ((kind_id < 2) AND (production_year = 1999))
                          Rows Removed by Filter: 2520734
Planning time: 1.194 ms
Execution time: 19446.456 ms
