Hash Join  (cost=107211.23..162088.01 rows=21125 width=0) (actual time=2131.480..3430.094 rows=57560 loops=1)
  Hash Cond: (mc.movie_id = t.id)
  ->  Seq Scan on movie_companies mc  (cost=0.00..44881.29 rows=2609129 width=4) (actual time=0.028..622.805 rows=2609129 loops=1)
  ->  Hash  (cost=106955.31..106955.31 rows=20473 width=8) (actual time=2131.243..2131.243 rows=27847 loops=1)
        Buckets: 32768  Batches: 1  Memory Usage: 1344kB
        ->  Hash Join  (cost=75752.64..106955.31 rows=20473 width=8) (actual time=1248.439..2120.447 rows=27847 loops=1)
              Hash Cond: (mi_idx.movie_id = t.id)
              ->  Seq Scan on movie_info_idx mi_idx  (cost=0.00..25185.44 rows=464934 width=4) (actual time=0.022..489.967 rows=460185 loops=1)
                    Filter: (info_type_id > 100)
                    Rows Removed by Filter: 919850
              ->  Hash  (cost=73925.90..73925.90 rows=111339 width=4) (actual time=1247.586..1247.586 rows=117920 loops=1)
                    Buckets: 131072  Batches: 2  Memory Usage: 3095kB
                    ->  Seq Scan on title t  (cost=0.00..73925.90 rows=111339 width=4) (actual time=0.014..1208.116 rows=117920 loops=1)
                          Filter: ((production_year > 0) AND (kind_id = 4))
                          Rows Removed by Filter: 2410392
Planning time: 1.202 ms
Execution time: 3438.698 ms
