Hash Join  (cost=547692.12..1949767.92 rows=31441762 width=0) (actual time=11020.572..71821.603 rows=123127890 loops=1)
  Hash Cond: (ci.movie_id = t.id)
  ->  Seq Scan on cast_info ci  (cost=0.00..614943.12 rows=36225612 width=4) (actual time=0.905..13422.313 rows=36244344 loops=1)
  ->  Hash  (cost=511686.41..511686.41 rows=2194617 width=8) (actual time=11018.829..11018.829 rows=2233850 loops=1)
        Buckets: 131072  Batches: 32  Memory Usage: 3598kB
        ->  Hash Join  (cost=102767.86..511686.41 rows=2194617 width=8) (actual time=3338.945..10386.131 rows=2233850 loops=1)
              Hash Cond: (mi.movie_id = t.id)
              ->  Seq Scan on movie_info mi  (cost=0.00..346232.03 rows=2194617 width=4) (actual time=1339.425..6221.621 rows=2233850 loops=1)
                    Filter: (info_type_id > 16)
                    Rows Removed by Filter: 12601870
              ->  Hash  (cost=61283.27..61283.27 rows=2528527 width=4) (actual time=1998.635..1998.635 rows=2528312 loops=1)
                    Buckets: 131072  Batches: 64  Memory Usage: 2425kB
                    ->  Seq Scan on title t  (cost=0.00..61283.27 rows=2528527 width=4) (actual time=0.021..1166.437 rows=2528312 loops=1)
Planning time: 2.000 ms
Execution time: 84466.061 ms
