Hash Join  (cost=74476.22..171659.09 rows=71790 width=0) (actual time=1325.994..3566.752 rows=10336 loops=1)
  Hash Cond: (mk.movie_id = t.id)
  ->  Seq Scan on movie_keyword mk  (cost=0.00..81003.12 rows=4123160 width=4) (actual time=0.010..1609.193 rows=4128866 loops=1)
        Filter: (keyword_id < 43689)
        Rows Removed by Filter: 395064
  ->  Hash  (cost=73925.90..73925.90 rows=44025 width=4) (actual time=1322.024..1322.024 rows=41557 loops=1)
        Buckets: 65536  Batches: 1  Memory Usage: 1973kB
        ->  Seq Scan on title t  (cost=0.00..73925.90 rows=44025 width=4) (actual time=0.215..1304.328 rows=41557 loops=1)
              Filter: ((kind_id > 3) AND (production_year > 2012))
              Rows Removed by Filter: 2486755
Planning time: 1.595 ms
Execution time: 3568.414 ms
