Hash Join  (cost=79775.76..554105.63 rows=1377250 width=0) (actual time=1359.646..13325.732 rows=3821603 loops=1)
  Hash Cond: (mi.movie_id = t.id)
  ->  Seq Scan on movie_info mi  (cost=0.00..346232.03 rows=9767026 width=4) (actual time=0.027..6701.189 rows=9911754 loops=1)
        Filter: (info_type_id > 4)
        Rows Removed by Filter: 4923966
  ->  Hash  (cost=73925.90..73925.90 rows=356548 width=4) (actual time=1358.738..1358.738 rows=424572 loops=1)
        Buckets: 131072  Batches: 8  Memory Usage: 2906kB
        ->  Seq Scan on title t  (cost=0.00..73925.90 rows=356548 width=4) (actual time=227.706..1213.912 rows=424572 loops=1)
              Filter: ((production_year < 2005) AND (kind_id = 1))
              Rows Removed by Filter: 2103740
Planning time: 0.790 ms
Execution time: 13739.252 ms
