Seq Scan on movie_keyword mk  (cost=0.00..81003.12 rows=3578166 width=0) (actual time=0.018..1539.478 rows=3564636 loops=1)
  Filter: (keyword_id < 19805)
  Rows Removed by Filter: 959294
Planning time: 0.327 ms
Execution time: 1971.083 ms
