Hash Join  (cost=118941.10..197041.35 rows=221273 width=0) (actual time=2397.611..4670.385 rows=369049 loops=1)
  Hash Cond: (mc.movie_id = t.id)
  ->  Seq Scan on movie_companies mc  (cost=0.00..44881.29 rows=2609129 width=4) (actual time=0.024..936.848 rows=2609129 loops=1)
  ->  Hash  (cost=115422.64..115422.64 rows=214437 width=8) (actual time=2396.917..2396.917 rows=131526 loops=1)
        Buckets: 131072  Batches: 4  Memory Usage: 2311kB
        ->  Hash Join  (cost=74050.79..115422.64 rows=214437 width=8) (actual time=1219.128..2357.152 rows=131526 loops=1)
              Hash Cond: (mi_idx.movie_id = t.id)
              ->  Seq Scan on movie_info_idx mi_idx  (cost=0.00..21735.35 rows=1380035 width=4) (actual time=0.035..456.968 rows=1380035 loops=1)
              ->  Hash  (cost=67604.59..67604.59 rows=392896 width=4) (actual time=1218.256..1218.256 rows=391666 loops=1)
                    Buckets: 131072  Batches: 8  Memory Usage: 2753kB
                    ->  Seq Scan on title t  (cost=0.00..67604.59 rows=392896 width=4) (actual time=0.019..1089.687 rows=391666 loops=1)
                          Filter: (production_year > 2010)
                          Rows Removed by Filter: 2136646
Planning time: 1.169 ms
Execution time: 4714.706 ms
