Hash Join  (cost=67697.55..154488.65 rows=13306 width=0) (actual time=1358.523..2808.224 rows=405 loops=1)
  Hash Cond: (mk.movie_id = t.id)
  ->  Seq Scan on movie_keyword mk  (cost=0.00..69693.30 rows=4523930 width=4) (actual time=0.022..980.659 rows=4523930 loops=1)
  ->  Hash  (cost=67604.59..67604.59 rows=7437 width=4) (actual time=1055.531..1055.531 rows=791 loops=1)
        Buckets: 8192  Batches: 1  Memory Usage: 92kB
        ->  Seq Scan on title t  (cost=0.00..67604.59 rows=7437 width=4) (actual time=0.490..1055.010 rows=791 loops=1)
              Filter: (production_year = 1896)
              Rows Removed by Filter: 2527521
Planning time: 0.792 ms
Execution time: 2808.482 ms
