Seq Scan on title t  (cost=0.00..73925.90 rows=21725 width=94) (actual time=0.022..991.205 rows=19368 loops=1)
  Filter: ((production_year < 1986) AND (kind_id = 2))
  Rows Removed by Filter: 2508944
Planning time: 5.689 ms
Execution time: 992.577 ms
