Seq Scan on movie_keyword mk  (cost=0.00..81003.12 rows=79815 width=0) (actual time=0.036..1285.864 rows=84961 loops=1)
  Filter: (keyword_id < 73)
  Rows Removed by Filter: 4438969
Planning time: 0.325 ms
Execution time: 1298.626 ms
