Hash Join  (cost=114826.48..482612.59 rows=313021 width=0) (actual time=1912.378..12945.186 rows=1225230 loops=1)
  Hash Cond: (mi.movie_id = t.id)
  ->  Seq Scan on movie_info mi  (cost=0.00..309384.22 rows=14739122 width=4) (actual time=0.017..4563.421 rows=14835720 loops=1)
  ->  Hash  (cost=114155.24..114155.24 rows=53699 width=8) (actual time=1789.452..1789.452 rows=111147 loops=1)
        Buckets: 131072 (originally 65536)  Batches: 2 (originally 1)  Memory Usage: 3195kB
        ->  Hash Join  (cost=75540.77..114155.24 rows=53699 width=8) (actual time=804.839..1752.372 rows=111147 loops=1)
              Hash Cond: (mi_idx.movie_id = t.id)
              ->  Seq Scan on movie_info_idx mi_idx  (cost=0.00..21735.35 rows=1380035 width=4) (actual time=0.038..476.889 rows=1380035 loops=1)
              ->  Hash  (cost=73925.90..73925.90 rows=98389 width=4) (actual time=803.910..803.910 rows=100458 loops=1)
                    Buckets: 131072  Batches: 2  Memory Usage: 2795kB
                    ->  Seq Scan on title t  (cost=0.00..73925.90 rows=98389 width=4) (actual time=0.018..770.396 rows=100458 loops=1)
                          Filter: ((production_year > 1910) AND (kind_id = 3))
                          Rows Removed by Filter: 2427854
Planning time: 3.588 ms
Execution time: 13107.644 ms
