Seq Scan on cast_info ci  (cost=0.00..705507.15 rows=4197576 width=0) (actual time=7412.579..10824.554 rows=4245384 loops=1)
  Filter: (person_id > 3282335)
  Rows Removed by Filter: 31998960
Planning time: 0.359 ms
Execution time: 11335.868 ms
