Hash Join  (cost=486009.15..1231564.70 rows=11148431 width=181) (actual time=13160.734..68924.609 rows=170103447 loops=1)
  Hash Cond: (mi.movie_id = t.id)
  ->  Seq Scan on movie_info mi  (cost=0.00..346232.03 rows=6231111 width=75) (actual time=131.321..4790.314 rows=6223494 loops=1)
        Filter: (info_type_id > 8)
        Rows Removed by Filter: 8612226
  ->  Hash  (cost=354355.02..354355.02 rows=4523930 width=106) (actual time=13028.978..13028.978 rows=4523930 loops=1)
        Buckets: 32768  Batches: 256  Memory Usage: 2616kB
        ->  Hash Join  (cost=129928.86..354355.02 rows=4523930 width=106) (actual time=2731.198..10334.833 rows=4523930 loops=1)
              Hash Cond: (mk.movie_id = t.id)
              ->  Seq Scan on movie_keyword mk  (cost=0.00..69693.30 rows=4523930 width=12) (actual time=0.020..1174.466 rows=4523930 loops=1)
              ->  Hash  (cost=61283.27..61283.27 rows=2528527 width=94) (actual time=2729.657..2729.657 rows=2528312 loops=1)
                    Buckets: 32768  Batches: 128  Memory Usage: 2470kB
                    ->  Seq Scan on title t  (cost=0.00..61283.27 rows=2528527 width=94) (actual time=0.019..819.042 rows=2528312 loops=1)
Planning time: 1.309 ms
Execution time: 75000.397 ms
