Hash Join  (cost=130571.95..500264.60 rows=9396 width=0) (actual time=2068.775..8857.815 rows=90463 loops=1)
  Hash Cond: (mi.movie_id = t.id)
  ->  Seq Scan on movie_info mi  (cost=0.00..346232.03 rows=6231111 width=4) (actual time=0.012..5637.154 rows=6223494 loops=1)
        Filter: (info_type_id > 8)
        Rows Removed by Filter: 8612226
  ->  Hash  (cost=130524.29..130524.29 rows=3813 width=8) (actual time=2068.226..2068.226 rows=10862 loops=1)
        Buckets: 16384 (originally 4096)  Batches: 1 (originally 1)  Memory Usage: 553kB
        ->  Hash Join  (cost=67697.55..130524.29 rows=3813 width=8) (actual time=930.503..2063.673 rows=10862 loops=1)
              Hash Cond: (mc.movie_id = t.id)
              ->  Seq Scan on movie_companies mc  (cost=0.00..57926.93 rows=1296446 width=4) (actual time=349.050..1212.796 rows=1327562 loops=1)
                    Filter: ((company_id > 6) AND (company_type_id = 2))
                    Rows Removed by Filter: 1281567
              ->  Hash  (cost=67604.59..67604.59 rows=7437 width=4) (actual time=578.905..578.905 rows=19861 loops=1)
                    Buckets: 32768 (originally 8192)  Batches: 1 (originally 1)  Memory Usage: 955kB
                    ->  Seq Scan on title t  (cost=0.00..67604.59 rows=7437 width=4) (actual time=0.054..572.638 rows=19861 loops=1)
                          Filter: (production_year = 1988)
                          Rows Removed by Filter: 2508451
Planning time: 0.962 ms
Execution time: 8870.850 ms
