Seq Scan on movie_keyword mk  (cost=0.00..81003.12 rows=1621098 width=0) (actual time=0.024..1487.165 rows=1630615 loops=1)
  Filter: (keyword_id > 9122)
  Rows Removed by Filter: 2893315
Planning time: 0.356 ms
Execution time: 1712.665 ms
