Hash Join  (cost=28267.93..114987.52 rows=58 width=0) (actual time=376.225..1989.650 rows=10975 loops=1)
  Hash Cond: (mk.movie_id = t.id)
  ->  Seq Scan on movie_keyword mk  (cost=0.00..81003.12 rows=1524235 width=4) (actual time=0.022..1395.547 rows=1534352 loops=1)
        Filter: (keyword_id < 2241)
        Rows Removed by Filter: 2989578
  ->  Hash  (cost=28266.72..28266.72 rows=97 width=8) (actual time=375.816..375.816 rows=260 loops=1)
        Buckets: 1024  Batches: 1  Memory Usage: 19kB
        ->  Nested Loop  (cost=0.43..28266.72 rows=97 width=8) (actual time=257.761..375.695 rows=260 loops=1)
              ->  Seq Scan on movie_info_idx mi_idx  (cost=0.00..25185.44 rows=368 width=4) (actual time=257.680..365.336 rows=260 loops=1)
                    Filter: (info_type_id > 101)
                    Rows Removed by Filter: 1379775
              ->  Index Scan using title_pkey on title t  (cost=0.43..8.36 rows=1 width=4) (actual time=0.039..0.039 rows=1 loops=260)
                    Index Cond: (id = mi_idx.movie_id)
                    Filter: (kind_id = 1)
Planning time: 1.184 ms
Execution time: 1991.238 ms
