Hash Join  (cost=67697.55..94640.16 rows=1367 width=0) (actual time=1066.674..1678.144 rows=3570 loops=1)
  Hash Cond: (mi_idx.movie_id = t.id)
  ->  Seq Scan on movie_info_idx mi_idx  (cost=0.00..25185.44 rows=464934 width=4) (actual time=0.017..506.509 rows=460185 loops=1)
        Filter: (info_type_id > 100)
        Rows Removed by Filter: 919850
  ->  Hash  (cost=67604.59..67604.59 rows=7437 width=4) (actual time=1059.112..1059.112 rows=14456 loops=1)
        Buckets: 16384 (originally 8192)  Batches: 1 (originally 1)  Memory Usage: 637kB
        ->  Seq Scan on title t  (cost=0.00..67604.59 rows=7437 width=4) (actual time=0.170..1052.036 rows=14456 loops=1)
              Filter: (production_year = 1981)
              Rows Removed by Filter: 2513856
Planning time: 0.770 ms
Execution time: 1679.061 ms
