Seq Scan on cast_info ci  (cost=0.00..796071.18 rows=675480 width=42) (actual time=3765.588..4265.963 rows=1157847 loops=1)
  Filter: ((person_id > 2799589) AND (role_id = 4))
  Rows Removed by Filter: 35086497
Planning time: 0.340 ms
Execution time: 4299.823 ms
