Seq Scan on movie_keyword mk  (cost=0.00..81003.12 rows=2701964 width=0) (actual time=0.024..1570.469 rows=2697560 loops=1)
  Filter: (keyword_id < 7634)
  Rows Removed by Filter: 1826370
Planning time: 0.322 ms
Execution time: 1907.502 ms
