Seq Scan on cast_info ci  (cost=0.00..705507.15 rows=17328427 width=0) (actual time=0.051..11961.408 rows=17212715 loops=1)
  Filter: (person_id < 1700229)
  Rows Removed by Filter: 19031629
Planning time: 0.408 ms
Execution time: 14085.910 ms
