Hash Join  (cost=88767.14..1166546.85 rows=8713057 width=0) (actual time=1664.168..32743.425 rows=10418268 loops=1)
  Hash Cond: (ci.movie_id = t.id)
  ->  Seq Scan on cast_info ci  (cost=0.00..705507.15 rows=24355197 width=4) (actual time=0.015..15153.554 rows=24458927 loops=1)
        Filter: (person_id > 1158106)
        Rows Removed by Filter: 11785417
  ->  Hash  (cost=73925.90..73925.90 rows=904579 width=4) (actual time=1663.240..1663.240 rows=992072 loops=1)
        Buckets: 131072  Batches: 16  Memory Usage: 3212kB
        ->  Seq Scan on title t  (cost=0.00..73925.90 rows=904579 width=4) (actual time=0.014..1334.599 rows=992072 loops=1)
              Filter: ((production_year > 1998) AND (kind_id = 7))
              Rows Removed by Filter: 1536240
Planning time: 1.246 ms
Execution time: 33981.812 ms
