Hash Join  (cost=75524.97..162184.12 rows=111 width=0) (actual time=1373.615..2640.142 rows=192 loops=1)
  Hash Cond: (mk.movie_id = t.id)
  ->  Seq Scan on movie_keyword mk  (cost=0.00..69693.30 rows=4523930 width=4) (actual time=0.023..924.984 rows=4523930 loops=1)
  ->  Hash  (cost=75524.20..75524.20 rows=62 width=8) (actual time=976.693..976.693 rows=49 loops=1)
        Buckets: 1024  Batches: 1  Memory Usage: 10kB
        ->  Nested Loop  (cost=0.43..75524.20 rows=62 width=8) (actual time=9.836..976.622 rows=49 loops=1)
              ->  Seq Scan on movie_companies mc  (cost=0.00..51404.11 rows=3131 width=4) (actual time=5.734..879.871 rows=3681 loops=1)
                    Filter: (company_id = 67)
                    Rows Removed by Filter: 2605448
              ->  Index Scan using title_pkey on title t  (cost=0.43..7.69 rows=1 width=4) (actual time=0.026..0.026 rows=0 loops=3681)
                    Index Cond: (id = mc.movie_id)
                    Filter: ((kind_id < 7) AND (production_year = 2009))
                    Rows Removed by Filter: 1
Planning time: 1.185 ms
Execution time: 2640.342 ms
