Hash Join  (cost=73962.22..885865.56 rows=4836 width=0) (actual time=6087.226..13948.787 rows=6960 loops=1)
  Hash Cond: (ci.movie_id = t.id)
  ->  Seq Scan on cast_info ci  (cost=0.00..796071.18 rows=4209015 width=4) (actual time=4942.312..12311.013 rows=2494764 loops=1)
        Filter: ((person_id < 1224757) AND (role_id > 3))
        Rows Removed by Filter: 33749580
  ->  Hash  (cost=73925.90..73925.90 rows=2905 width=4) (actual time=1144.708..1144.708 rows=5783 loops=1)
        Buckets: 8192 (originally 4096)  Batches: 1 (originally 1)  Memory Usage: 268kB
        ->  Seq Scan on title t  (cost=0.00..73925.90 rows=2905 width=4) (actual time=0.039..1141.852 rows=5783 loops=1)
              Filter: ((kind_id < 7) AND (production_year = 1967))
              Rows Removed by Filter: 2522529
Planning time: 0.804 ms
Execution time: 13950.473 ms
