Hash Join  (cost=102767.86..241452.71 rows=1986568 width=0) (actual time=2021.446..5599.715 rows=1988987 loops=1)
  Hash Cond: (mk.movie_id = t.id)
  ->  Seq Scan on movie_keyword mk  (cost=0.00..81003.12 rows=1986568 width=4) (actual time=0.029..1598.542 rows=1988987 loops=1)
        Filter: (keyword_id < 3518)
        Rows Removed by Filter: 2534943
  ->  Hash  (cost=61283.27..61283.27 rows=2528527 width=4) (actual time=2019.536..2019.536 rows=2528312 loops=1)
        Buckets: 131072  Batches: 64  Memory Usage: 2425kB
        ->  Seq Scan on title t  (cost=0.00..61283.27 rows=2528527 width=4) (actual time=0.023..1127.818 rows=2528312 loops=1)
Planning time: 0.719 ms
Execution time: 5848.847 ms
