Hash Join  (cost=179077.40..1041120.43 rows=494957 width=0) (actual time=12241.891..23209.754 rows=7935367 loops=1)
  Hash Cond: (ci.movie_id = t.id)
  ->  Seq Scan on cast_info ci  (cost=0.00..796071.18 rows=5196076 width=4) (actual time=8554.631..14025.372 rows=7248791 loops=1)
        Filter: ((person_id > 1605895) AND (role_id > 4))
        Rows Removed by Filter: 28995553
  ->  Hash  (cost=175125.69..175125.69 rows=240857 width=8) (actual time=3686.174..3686.174 rows=556046 loops=1)
        Buckets: 131072 (originally 131072)  Batches: 8 (originally 4)  Memory Usage: 3779kB
        ->  Hash Join  (cost=78556.72..175125.69 rows=240857 width=8) (actual time=1312.046..3577.601 rows=556046 loops=1)
              Hash Cond: (mk.movie_id = t.id)
              ->  Seq Scan on movie_keyword mk  (cost=0.00..81003.12 rows=912338 width=4) (actual time=0.038..1407.158 rows=920332 loops=1)
                    Filter: (keyword_id < 870)
                    Rows Removed by Filter: 3603598
              ->  Hash  (cost=67604.59..67604.59 rows=667531 width=4) (actual time=1273.070..1273.070 rows=662825 loops=1)
                    Buckets: 131072  Batches: 16  Memory Usage: 2486kB
                    ->  Seq Scan on title t  (cost=0.00..67604.59 rows=667531 width=4) (actual time=16.947..1065.123 rows=662825 loops=1)
                          Filter: (kind_id = 1)
                          Rows Removed by Filter: 1865487
Planning time: 1.168 ms
Execution time: 24171.627 ms
