Hash Join  (cost=78556.72..552974.49 rows=2334261 width=0) (actual time=1329.764..13322.101 rows=4862632 loops=1)
  Hash Cond: (mi.movie_id = t.id)
  ->  Seq Scan on movie_info mi  (cost=0.00..346232.03 rows=8841901 width=4) (actual time=0.024..6378.456 rows=8950757 loops=1)
        Filter: (info_type_id > 6)
        Rows Removed by Filter: 5884963
  ->  Hash  (cost=67604.59..67604.59 rows=667531 width=4) (actual time=1311.079..1311.079 rows=662825 loops=1)
        Buckets: 131072  Batches: 16  Memory Usage: 2485kB
        ->  Seq Scan on title t  (cost=0.00..67604.59 rows=667531 width=4) (actual time=247.058..1098.566 rows=662825 loops=1)
              Filter: (kind_id = 1)
              Rows Removed by Filter: 1865487
Planning time: 0.793 ms
Execution time: 13869.814 ms
