Nested Loop  (cost=0.43..797555.70 rows=176 width=0) (actual time=9611.690..13201.788 rows=5 loops=1)
  ->  Seq Scan on cast_info ci  (cost=0.00..796071.18 rows=176 width=4) (actual time=9611.309..13201.283 rows=5 loops=1)
        Filter: ((role_id < 2) AND (person_id = 1153514))
        Rows Removed by Filter: 36244339
  ->  Index Only Scan using title_pkey on title t  (cost=0.43..8.42 rows=1 width=4) (actual time=0.093..0.096 rows=1 loops=5)
        Index Cond: (id = ci.movie_id)
        Heap Fetches: 5
Planning time: 0.825 ms
Execution time: 13201.866 ms
