Hash Join  (cost=199392.74..1354316.46 rows=11790555 width=0) (actual time=4231.950..38448.463 rows=13732863 loops=1)
  Hash Cond: (ci.movie_id = t.id)
  ->  Seq Scan on cast_info ci  (cost=0.00..614943.12 rows=36225612 width=4) (actual time=0.012..13581.178 rows=36244344 loops=1)
  ->  Hash  (cost=185890.57..185890.57 rows=822974 width=8) (actual time=4231.140..4231.140 rows=573055 loops=1)
        Buckets: 131072  Batches: 16  Memory Usage: 2411kB
        ->  Hash Join  (cost=98137.04..185890.57 rows=822974 width=8) (actual time=1886.334..4062.704 rows=573055 loops=1)
              Hash Cond: (mc.movie_id = t.id)
              ->  Seq Scan on movie_companies mc  (cost=0.00..57926.93 rows=1118171 width=4) (actual time=0.015..1221.719 rows=916929 loops=1)
                    Filter: ((company_id < 80240) AND (company_type_id > 1))
                    Rows Removed by Filter: 1692200
              ->  Hash  (cost=67604.59..67604.59 rows=1860996 width=4) (actual time=1885.028..1885.028 rows=1865487 loops=1)
                    Buckets: 131072  Batches: 32  Memory Usage: 3079kB
                    ->  Seq Scan on title t  (cost=0.00..67604.59 rows=1860996 width=4) (actual time=0.016..1310.257 rows=1865487 loops=1)
                          Filter: (kind_id > 1)
                          Rows Removed by Filter: 662825
Planning time: 1.102 ms
Execution time: 40017.384 ms
