Hash Join  (cost=74823.14..149166.09 rows=192225 width=0) (actual time=1333.344..3066.692 rows=300392 loops=1)
  Hash Cond: (mc.movie_id = t.id)
  ->  Seq Scan on movie_companies mc  (cost=0.00..57926.93 rows=1104739 width=4) (actual time=0.014..1160.600 rows=1001060 loops=1)
        Filter: ((company_id > 166) AND (company_type_id < 2))
        Rows Removed by Filter: 1608069
  ->  Hash  (cost=67604.59..67604.59 rows=439964 width=4) (actual time=1332.476..1332.476 rows=437515 loops=1)
        Buckets: 131072  Batches: 8  Memory Usage: 2944kB
        ->  Seq Scan on title t  (cost=0.00..67604.59 rows=439964 width=4) (actual time=0.020..1187.653 rows=437515 loops=1)
              Filter: (production_year < 1975)
              Rows Removed by Filter: 2090797
Planning time: 0.740 ms
Execution time: 3100.970 ms
