Hash Join  (cost=187955.27..322205.76 rows=1005345 width=0) (actual time=4260.647..7696.814 rows=1291890 loops=1)
  Hash Cond: (mk.movie_id = t.id)
  ->  Seq Scan on movie_keyword mk  (cost=0.00..69693.30 rows=4523930 width=4) (actual time=0.016..1367.348 rows=4523930 loops=1)
  ->  Hash  (cost=178736.40..178736.40 rows=561910 width=8) (actual time=4259.733..4259.733 rows=404920 loops=1)
        Buckets: 131072  Batches: 8  Memory Usage: 3004kB
        ->  Hash Join  (cost=98137.04..178736.40 rows=561910 width=8) (actual time=1948.369..4137.367 rows=404920 loops=1)
              Hash Cond: (mc.movie_id = t.id)
              ->  Seq Scan on movie_companies mc  (cost=0.00..57926.93 rows=763465 width=4) (actual time=0.015..1144.589 rows=982887 loops=1)
                    Filter: ((company_id > 7669) AND (company_type_id > 1))
                    Rows Removed by Filter: 1626242
              ->  Hash  (cost=67604.59..67604.59 rows=1860996 width=4) (actual time=1946.369..1946.369 rows=1865487 loops=1)
                    Buckets: 131072  Batches: 32  Memory Usage: 3079kB
                    ->  Seq Scan on title t  (cost=0.00..67604.59 rows=1860996 width=4) (actual time=2.997..1350.288 rows=1865487 loops=1)
                          Filter: (kind_id > 1)
                          Rows Removed by Filter: 662825
Planning time: 12.449 ms
Execution time: 7835.338 ms
