Hash Join  (cost=176405.76..696027.31 rows=3731462 width=0) (actual time=3894.065..24416.203 rows=30847586 loops=1)
  Hash Cond: (mi.movie_id = t.id)
  ->  Seq Scan on movie_info mi  (cost=0.00..309384.22 rows=14739122 width=4) (actual time=0.017..6198.539 rows=14835720 loops=1)
  ->  Hash  (cost=165903.01..165903.01 rows=640140 width=8) (actual time=3893.002..3893.002 rows=808010 loops=1)
        Buckets: 131072  Batches: 16  Memory Usage: 3063kB
        ->  Hash Join  (cost=88359.31..165903.01 rows=640140 width=8) (actual time=1619.534..3650.558 rows=808010 loops=1)
              Hash Cond: (mc.movie_id = t.id)
              ->  Seq Scan on movie_companies mc  (cost=0.00..51404.11 rows=1279517 width=4) (actual time=17.478..976.839 rows=1274246 loops=1)
                    Filter: (company_type_id = 1)
                    Rows Removed by Filter: 1334883
              ->  Hash  (cost=67604.59..67604.59 rows=1265018 width=4) (actual time=1600.554..1600.554 rows=1263700 loops=1)
                    Buckets: 131072  Batches: 32  Memory Usage: 2410kB
                    ->  Seq Scan on title t  (cost=0.00..67604.59 rows=1265018 width=4) (actual time=0.023..1211.500 rows=1263700 loops=1)
                          Filter: (production_year < 2004)
                          Rows Removed by Filter: 1264612
Planning time: 3.886 ms
Execution time: 27810.171 ms
