Hash Join  (cost=144743.13..280259.29 rows=1109212 width=0) (actual time=3372.192..8026.477 rows=6483688 loops=1)
  Hash Cond: (mk.movie_id = t.id)
  ->  Seq Scan on movie_keyword mk  (cost=0.00..69693.30 rows=4523930 width=4) (actual time=0.024..1355.527 rows=4523930 loops=1)
  ->  Hash  (cost=134571.58..134571.58 rows=619964 width=8) (actual time=3371.016..3371.016 rows=753294 loops=1)
        Buckets: 131072  Batches: 16  Memory Usage: 2878kB
        ->  Hash Join  (cost=86241.46..134571.58 rows=619964 width=8) (actual time=1598.612..3148.782 rows=753294 loops=1)
              Hash Cond: (mi_idx.movie_id = t.id)
              ->  Seq Scan on movie_info_idx mi_idx  (cost=0.00..21735.35 rows=1380035 width=4) (actual time=0.024..489.029 rows=1380035 loops=1)
              ->  Hash  (cost=67604.59..67604.59 rows=1135910 width=4) (actual time=1597.491..1597.491 rows=1133355 loops=1)
                    Buckets: 131072  Batches: 16  Memory Usage: 3516kB
                    ->  Seq Scan on title t  (cost=0.00..67604.59 rows=1135910 width=4) (actual time=0.016..1247.378 rows=1133355 loops=1)
                          Filter: (production_year < 2002)
                          Rows Removed by Filter: 1394957
Planning time: 1.292 ms
Execution time: 8711.522 ms
