Hash Join  (cost=88985.79..485419.76 rows=1113822 width=0) (actual time=2709.667..9736.049 rows=1277799 loops=1)
  Hash Cond: (mi.movie_id = t.id)
  ->  Seq Scan on movie_info mi  (cost=0.00..346232.03 rows=3068194 width=4) (actual time=828.287..5997.189 rows=3036719 loops=1)
        Filter: (info_type_id = 16)
        Rows Removed by Filter: 11799001
  ->  Hash  (cost=73925.90..73925.90 rows=917911 width=4) (actual time=1880.207..1880.207 rows=865266 loops=1)
        Buckets: 131072  Batches: 16  Memory Usage: 2937kB
        ->  Seq Scan on title t  (cost=0.00..73925.90 rows=917911 width=4) (actual time=0.041..1340.207 rows=865266 loops=1)
              Filter: ((kind_id < 7) AND (production_year > 1928))
              Rows Removed by Filter: 1663046
Planning time: 0.784 ms
Execution time: 9883.051 ms
