Seq Scan on movie_keyword mk  (cost=0.00..81003.12 rows=3220917 width=0) (actual time=0.029..1565.402 rows=3206841 loops=1)
  Filter: (keyword_id < 13264)
  Rows Removed by Filter: 1317089
Planning time: 0.648 ms
Execution time: 1960.399 ms
