Seq Scan on title t  (cost=0.00..73925.90 rows=64367 width=94) (actual time=0.010..381.537 rows=53905 loops=1)
  Filter: ((kind_id < 7) AND (production_year = 2012))
  Rows Removed by Filter: 2474407
Planning time: 0.395 ms
Execution time: 383.313 ms
