Hash Join  (cost=215833.08..1438936.60 rows=15604489 width=0) (actual time=4622.299..46591.629 rows=40324077 loops=1)
  Hash Cond: (ci.movie_id = t.id)
  ->  Seq Scan on cast_info ci  (cost=0.00..705507.15 rows=30836927 width=4) (actual time=0.025..16504.201 rows=30938565 loops=1)
        Filter: (person_id > 512702)
        Rows Removed by Filter: 5305779
  ->  Hash  (cost=194840.12..194840.12 rows=1279517 width=8) (actual time=4621.439..4621.439 rows=1274246 loops=1)
        Buckets: 131072  Batches: 32  Memory Usage: 2553kB
        ->  Hash Join  (cost=102767.86..194840.12 rows=1279517 width=8) (actual time=2054.115..4254.429 rows=1274246 loops=1)
              Hash Cond: (mc.movie_id = t.id)
              ->  Seq Scan on movie_companies mc  (cost=0.00..51404.11 rows=1279517 width=4) (actual time=130.436..937.793 rows=1274246 loops=1)
                    Filter: (company_type_id < 2)
                    Rows Removed by Filter: 1334883
              ->  Hash  (cost=61283.27..61283.27 rows=2528527 width=4) (actual time=1922.501..1922.501 rows=2528312 loops=1)
                    Buckets: 131072  Batches: 64  Memory Usage: 2415kB
                    ->  Seq Scan on title t  (cost=0.00..61283.27 rows=2528527 width=4) (actual time=0.024..1071.804 rows=2528312 loops=1)
Planning time: 1.152 ms
Execution time: 50945.527 ms
