Hash Join  (cost=96369.51..636599.98 rows=6013458 width=0) (actual time=2173.502..16071.438 rows=3266466 loops=1)
  Hash Cond: (mi.movie_id = t.id)
  ->  Seq Scan on movie_info mi  (cost=0.00..346232.03 rows=11115165 width=4) (actual time=0.011..7303.212 rows=11210743 loops=1)
        Filter: (info_type_id > 3)
        Rows Removed by Filter: 3624977
  ->  Hash  (cost=73925.90..73925.90 rows=1367968 width=4) (actual time=2172.451..2172.451 rows=1339686 loops=1)
        Buckets: 131072  Batches: 32  Memory Usage: 2497kB
        ->  Seq Scan on title t  (cost=0.00..73925.90 rows=1367968 width=4) (actual time=0.025..1488.067 rows=1339686 loops=1)
              Filter: ((kind_id > 4) AND (production_year < 2012))
              Rows Removed by Filter: 1188626
Planning time: 3.854 ms
Execution time: 16398.305 ms
