Hash Join  (cost=165750.55..610827.22 rows=1067819 width=0) (actual time=3442.278..18726.225 rows=23920190 loops=1)
  Hash Cond: (mi.movie_id = t.id)
  ->  Seq Scan on movie_info mi  (cost=0.00..346232.03 rows=7503588 width=4) (actual time=0.014..6385.711 rows=7548855 loops=1)
        Filter: (info_type_id > 7)
        Rows Removed by Filter: 7286865
  ->  Hash  (cost=159846.69..159846.69 rows=359829 width=8) (actual time=3441.478..3441.478 rows=721357 loops=1)
        Buckets: 131072 (originally 131072)  Batches: 16 (originally 8)  Memory Usage: 3073kB
        ->  Hash Join  (cost=83810.17..159846.69 rows=359829 width=8) (actual time=1423.343..3228.086 rows=721357 loops=1)
              Hash Cond: (mc.movie_id = t.id)
              ->  Seq Scan on movie_companies mc  (cost=0.00..57926.93 rows=921143 width=4) (actual time=0.020..1078.508 rows=761679 loops=1)
                    Filter: ((company_id > 1402) AND (company_type_id < 2))
                    Rows Removed by Filter: 1847450
              ->  Hash  (cost=67604.59..67604.59 rows=987727 width=4) (actual time=1422.169..1422.169 rows=985048 loops=1)
                    Buckets: 131072  Batches: 16  Memory Usage: 3188kB
                    ->  Seq Scan on title t  (cost=0.00..67604.59 rows=987727 width=4) (actual time=0.041..1120.188 rows=985048 loops=1)
                          Filter: (kind_id < 7)
                          Rows Removed by Filter: 1543264
Planning time: 1.347 ms
Execution time: 21427.446 ms
