Hash Join  (cost=81573.24..590370.17 rows=2717000 width=0) (actual time=1368.567..16011.988 rows=4230426 loops=1)
  Hash Cond: (mi.movie_id = t.id)
  ->  Seq Scan on movie_info mi  (cost=0.00..309384.22 rows=14739122 width=4) (actual time=0.015..5869.121 rows=14835720 loops=1)
  ->  Hash  (cost=73925.90..73925.90 rows=466107 width=4) (actual time=1367.865..1367.865 rows=396359 loops=1)
        Buckets: 131072  Batches: 8  Memory Usage: 2769kB
        ->  Seq Scan on title t  (cost=0.00..73925.90 rows=466107 width=4) (actual time=0.023..1236.170 rows=396359 loops=1)
              Filter: ((kind_id < 7) AND (production_year > 2003))
              Rows Removed by Filter: 2131953
Planning time: 0.681 ms
Execution time: 16515.140 ms
