Hash Join  (cost=107928.35..289160.56 rows=4397426 width=0) (actual time=2154.990..7721.269 rows=4499972 loops=1)
  Hash Cond: (mk.movie_id = t.id)
  ->  Seq Scan on movie_keyword mk  (cost=0.00..69693.30 rows=4523930 width=4) (actual time=0.022..1604.591 rows=4523930 loops=1)
  ->  Hash  (cost=67604.59..67604.59 rows=2457821 width=4) (actual time=2152.749..2152.749 rows=2456218 loops=1)
        Buckets: 131072  Batches: 64  Memory Usage: 2385kB
        ->  Seq Scan on title t  (cost=0.00..67604.59 rows=2457821 width=4) (actual time=0.027..1347.266 rows=2456218 loops=1)
              Filter: (production_year > 0)
              Rows Removed by Filter: 72094
Planning time: 0.743 ms
Execution time: 8248.138 ms
