Hash Join  (cost=102767.86..204265.91 rows=441165 width=0) (actual time=1957.540..4078.174 rows=453330 loops=1)
  Hash Cond: (mk.movie_id = t.id)
  ->  Seq Scan on movie_keyword mk  (cost=0.00..81003.12 rows=441165 width=4) (actual time=0.023..1381.318 rows=453330 loops=1)
        Filter: (keyword_id < 348)
        Rows Removed by Filter: 4070600
  ->  Hash  (cost=61283.27..61283.27 rows=2528527 width=4) (actual time=1956.276..1956.276 rows=2528312 loops=1)
        Buckets: 131072  Batches: 64  Memory Usage: 2425kB
        ->  Seq Scan on title t  (cost=0.00..61283.27 rows=2528527 width=4) (actual time=0.014..1127.357 rows=2528312 loops=1)
Planning time: 0.705 ms
Execution time: 4129.314 ms
