Hash Join  (cost=156209.36..958184.37 rows=55500 width=0) (actual time=11844.443..19441.620 rows=60741 loops=1)
  Hash Cond: (ci.movie_id = t.id)
  ->  Seq Scan on cast_info ci  (cost=0.00..796071.18 rows=309022 width=4) (actual time=8073.142..15521.119 rows=116519 loops=1)
        Filter: ((person_id < 3271801) AND (role_id > 10))
        Rows Removed by Filter: 36127825
  ->  Hash  (cost=148758.81..148758.81 rows=454124 width=8) (actual time=3770.377..3770.377 rows=459925 loops=1)
        Buckets: 131072  Batches: 8  Memory Usage: 3275kB
        ->  Hash Join  (cost=102767.86..148758.81 rows=454124 width=8) (actual time=2246.365..3629.635 rows=459925 loops=1)
              Hash Cond: (mi_idx.movie_id = t.id)
              ->  Seq Scan on movie_info_idx mi_idx  (cost=0.00..25185.44 rows=454124 width=4) (actual time=0.028..575.911 rows=459925 loops=1)
                    Filter: (info_type_id = 100)
                    Rows Removed by Filter: 920110
              ->  Hash  (cost=61283.27..61283.27 rows=2528527 width=4) (actual time=2244.556..2244.556 rows=2528312 loops=1)
                    Buckets: 131072  Batches: 64  Memory Usage: 2415kB
                    ->  Seq Scan on title t  (cost=0.00..61283.27 rows=2528527 width=4) (actual time=0.012..1142.327 rows=2528312 loops=1)
Planning time: 1.159 ms
Execution time: 19449.637 ms
