Hash Join  (cost=99944.84..1638860.01 rows=13730700 width=136) (actual time=657.274..17997.956 rows=15501864 loops=1)
  Hash Cond: (ci.movie_id = t.id)
  ->  Seq Scan on cast_info ci  (cost=0.00..614943.12 rows=36225612 width=42) (actual time=0.028..3244.688 rows=36244344 loops=1)
  ->  Hash  (cost=73925.90..73925.90 rows=958395 width=94) (actual time=656.529..656.529 rows=1050192 loops=1)
        Buckets: 32768  Batches: 32  Memory Usage: 3990kB
        ->  Seq Scan on title t  (cost=0.00..73925.90 rows=958395 width=94) (actual time=58.384..459.383 rows=1050192 loops=1)
              Filter: ((production_year > 1996) AND (kind_id = 7))
              Rows Removed by Filter: 1478120
Planning time: 0.592 ms
Execution time: 18443.441 ms
