Hash Join  (cost=1172240.81..2263346.76 rows=45203970 width=0) (actual time=26907.850..49829.181 rows=28024423 loops=1)
  Hash Cond: (mi.movie_id = t.id)
  ->  Seq Scan on movie_info mi  (cost=0.00..309384.22 rows=14739122 width=4) (actual time=0.016..6628.621 rows=14835720 loops=1)
  ->  Hash  (cost=1045012.38..1045012.38 rows=7754835 width=8) (actual time=26906.731..26906.731 rows=7230604 loops=1)
        Buckets: 131072  Batches: 128  Memory Usage: 3181kB
        ->  Hash Join  (cost=92883.59..1045012.38 rows=7754835 width=8) (actual time=4830.713..24995.138 rows=7230604 loops=1)
              Hash Cond: (ci.movie_id = t.id)
              ->  Seq Scan on cast_info ci  (cost=0.00..705507.15 rows=12726058 width=4) (actual time=2964.410..14463.962 rows=12670688 loops=1)
                    Filter: (role_id = 1)
                    Rows Removed by Filter: 23573656
              ->  Hash  (cost=67604.59..67604.59 rows=1540800 width=4) (actual time=1865.093..1865.093 rows=1543264 loops=1)
                    Buckets: 131072  Batches: 32  Memory Usage: 2722kB
                    ->  Seq Scan on title t  (cost=0.00..67604.59 rows=1540800 width=4) (actual time=162.141..1372.139 rows=1543264 loops=1)
                          Filter: (kind_id = 7)
                          Rows Removed by Filter: 985048
Planning time: 1.205 ms
Execution time: 53023.927 ms
