Seq Scan on movie_companies mc  (cost=0.00..57926.93 rows=691369 width=0) (actual time=641.458..956.390 rows=475839 loops=1)
  Filter: ((company_id > 10584) AND (company_type_id = 1))
  Rows Removed by Filter: 2133290
Planning time: 0.395 ms
Execution time: 1019.357 ms
