Hash Join  (cost=705874.48..2864338.75 rows=87440903 width=0) (actual time=15645.659..116458.259 rows=271686791 loops=1)
  Hash Cond: (ci.movie_id = t.id)
  ->  Seq Scan on cast_info ci  (cost=0.00..614943.12 rows=36225612 width=4) (actual time=0.025..13738.706 rows=36244344 loops=1)
  ->  Hash  (cost=605740.91..605740.91 rows=6103325 width=8) (actual time=15644.497..15644.497 rows=6083429 loops=1)
        Buckets: 131072  Batches: 128  Memory Usage: 2875kB
        ->  Hash Join  (cost=102767.86..605740.91 rows=6103325 width=8) (actual time=2003.517..13910.577 rows=6083429 loops=1)
              Hash Cond: (mi.movie_id = t.id)
              ->  Seq Scan on movie_info mi  (cost=0.00..346232.03 rows=6103325 width=4) (actual time=0.028..6541.724 rows=6083429 loops=1)
                    Filter: (info_type_id > 9)
                    Rows Removed by Filter: 8752291
              ->  Hash  (cost=61283.27..61283.27 rows=2528527 width=4) (actual time=2002.530..2002.530 rows=2528312 loops=1)
                    Buckets: 131072  Batches: 64  Memory Usage: 2425kB
                    ->  Seq Scan on title t  (cost=0.00..61283.27 rows=2528527 width=4) (actual time=0.016..1154.424 rows=2528312 loops=1)
Planning time: 1.173 ms
Execution time: 145765.551 ms
