Hash Join  (cost=177997.06..312910.71 rows=314016 width=0) (actual time=3615.896..7495.107 rows=1951355 loops=1)
  Hash Cond: (mk.movie_id = t.id)
  ->  Seq Scan on movie_keyword mk  (cost=0.00..81003.12 rows=4328897 width=4) (actual time=0.014..1812.745 rows=4315625 loops=1)
        Filter: (keyword_id > 137)
        Rows Removed by Filter: 208305
  ->  Hash  (cost=174987.34..174987.34 rows=183418 width=8) (actual time=3614.819..3614.819 rows=287381 loops=1)
        Buckets: 131072  Batches: 4  Memory Usage: 3843kB
        ->  Hash Join  (cost=102767.86..174987.34 rows=183418 width=8) (actual time=2004.542..3525.672 rows=287381 loops=1)
              Hash Cond: (mc.movie_id = t.id)
              ->  Seq Scan on movie_companies mc  (cost=0.00..57926.93 rows=183418 width=4) (actual time=0.026..837.045 rows=287381 loops=1)
                    Filter: ((company_id < 213) AND (company_type_id < 2))
                    Rows Removed by Filter: 2321748
              ->  Hash  (cost=61283.27..61283.27 rows=2528527 width=4) (actual time=2003.444..2003.444 rows=2528312 loops=1)
                    Buckets: 131072  Batches: 64  Memory Usage: 2415kB
                    ->  Seq Scan on title t  (cost=0.00..61283.27 rows=2528527 width=4) (actual time=0.017..1146.977 rows=2528312 loops=1)
Planning time: 3.883 ms
Execution time: 7722.958 ms
