Seq Scan on movie_companies mc  (cost=0.00..51404.11 rows=104 width=0) (actual time=9.731..776.524 rows=9 loops=1)
  Filter: (company_id = 44806)
  Rows Removed by Filter: 2609120
Planning time: 0.323 ms
Execution time: 776.602 ms
