Hash Join  (cost=68365.25..129512.93 rows=19423 width=0) (actual time=1118.844..2260.917 rows=10701 loops=1)
  Hash Cond: (mc.movie_id = t.id)
  ->  Seq Scan on movie_companies mc  (cost=0.00..57926.93 rows=807071 width=4) (actual time=0.022..977.671 rows=503120 loops=1)
        Filter: ((company_id < 15404) AND (company_type_id > 1))
        Rows Removed by Filter: 2106009
  ->  Hash  (cost=67604.59..67604.59 rows=60853 width=4) (actual time=1118.262..1118.262 rows=62568 loops=1)
        Buckets: 65536  Batches: 1  Memory Usage: 2712kB
        ->  Seq Scan on title t  (cost=0.00..67604.59 rows=60853 width=4) (actual time=0.029..1092.075 rows=62568 loops=1)
              Filter: (production_year = 2002)
              Rows Removed by Filter: 2465744
Planning time: 0.766 ms
Execution time: 2262.859 ms
