Hash Join  (cost=206486.78..252631.02 rows=492576 width=0) (actual time=4459.176..5824.116 rows=894653 loops=1)
  Hash Cond: (mi_idx.movie_id = t.id)
  ->  Seq Scan on movie_info_idx mi_idx  (cost=0.00..21735.35 rows=1380035 width=4) (actual time=0.025..428.022 rows=1380035 loops=1)
  ->  Hash  (cost=191679.43..191679.43 rows=902508 width=8) (actual time=4458.060..4458.060 rows=618128 loops=1)
        Buckets: 131072  Batches: 16  Memory Usage: 2529kB
        ->  Hash Join  (cost=102702.86..191679.43 rows=902508 width=8) (actual time=2183.104..4275.687 rows=618128 loops=1)
              Hash Cond: (mc.movie_id = t.id)
              ->  Seq Scan on movie_companies mc  (cost=0.00..57926.93 rows=1066710 width=4) (actual time=0.024..1098.565 rows=813434 loops=1)
                    Filter: ((company_id < 73263) AND (company_type_id > 1))
                    Rows Removed by Filter: 1795695
              ->  Hash  (cost=67604.59..67604.59 rows=2139302 width=4) (actual time=2181.690..2181.690 rows=2132973 loops=1)
                    Buckets: 131072  Batches: 32  Memory Usage: 3371kB
                    ->  Seq Scan on title t  (cost=0.00..67604.59 rows=2139302 width=4) (actual time=0.017..1500.038 rows=2132973 loops=1)
                          Filter: (production_year > 1966)
                          Rows Removed by Filter: 395339
Planning time: 1.172 ms
Execution time: 5925.164 ms
