Seq Scan on title t  (cost=0.00..73925.90 rows=33286 width=94) (actual time=0.064..351.058 rows=28113 loops=1)
  Filter: ((kind_id < 7) AND (production_year = 2004))
  Rows Removed by Filter: 2500199
Planning time: 0.375 ms
Execution time: 351.957 ms
