Seq Scan on movie_companies mc  (cost=0.00..57926.93 rows=1201325 width=0) (actual time=0.385..1083.595 rows=1080060 loops=1)
  Filter: ((company_id < 100309) AND (company_type_id > 1))
  Rows Removed by Filter: 1529069
Planning time: 1.860 ms
Execution time: 1217.601 ms
