Seq Scan on movie_companies mc  (cost=0.00..57926.93 rows=981712 width=0) (actual time=272.370..1070.542 rows=838456 loops=1)
  Filter: ((company_id > 699) AND (company_type_id < 2))
  Rows Removed by Filter: 1770673
Planning time: 0.376 ms
Execution time: 1179.334 ms
