Hash Join  (cost=52284.94..141882.96 rows=72 width=0) (actual time=878.034..2479.693 rows=566 loops=1)
  Hash Cond: (mk.movie_id = t.id)
  ->  Seq Scan on movie_keyword mk  (cost=0.00..81003.12 rows=2291780 width=4) (actual time=0.023..1325.674 rows=2292919 loops=1)
        Filter: (keyword_id < 4900)
        Rows Removed by Filter: 2231011
  ->  Hash  (cost=52283.95..52283.95 rows=79 width=8) (actual time=872.799..872.799 rows=149 loops=1)
        Buckets: 1024  Batches: 1  Memory Usage: 14kB
        ->  Nested Loop  (cost=0.43..52283.95 rows=79 width=8) (actual time=374.844..872.656 rows=149 loops=1)
              ->  Seq Scan on movie_companies mc  (cost=0.00..51404.11 rows=104 width=4) (actual time=374.774..864.960 rows=150 loops=1)
                    Filter: (company_id = 1057)
                    Rows Removed by Filter: 2608979
              ->  Index Scan using title_pkey on title t  (cost=0.43..8.45 rows=1 width=4) (actual time=0.049..0.049 rows=1 loops=150)
                    Index Cond: (id = mc.movie_id)
                    Filter: (production_year < 2010)
                    Rows Removed by Filter: 0
Planning time: 1.236 ms
Execution time: 2479.939 ms
