Hash Join  (cost=126831.54..252374.90 rows=290632 width=0) (actual time=2649.676..5821.149 rows=356479 loops=1)
  Hash Cond: (mk.movie_id = t.id)
  ->  Seq Scan on movie_keyword mk  (cost=0.00..69693.30 rows=4523930 width=4) (actual time=0.007..1428.801 rows=4523930 loops=1)
  ->  Hash  (cost=124166.03..124166.03 rows=162441 width=8) (actual time=2648.383..2648.383 rows=104796 loops=1)
        Buckets: 131072  Batches: 4  Memory Usage: 2055kB
        ->  Hash Join  (cost=88544.52..124166.03 rows=162441 width=8) (actual time=1713.017..2614.631 rows=104796 loops=1)
              Hash Cond: (mi_idx.movie_id = t.id)
              ->  Seq Scan on movie_info_idx mi_idx  (cost=0.00..25185.44 rows=460978 width=4) (actual time=0.029..505.915 rows=459925 loops=1)
                    Filter: (info_type_id = 99)
                    Rows Removed by Filter: 920110
              ->  Hash  (cost=73925.90..73925.90 rows=891009 width=4) (actual time=1711.798..1711.798 rows=800991 loops=1)
                    Buckets: 131072  Batches: 16  Memory Usage: 2786kB
                    ->  Seq Scan on title t  (cost=0.00..73925.90 rows=891009 width=4) (actual time=0.016..1451.484 rows=800991 loops=1)
                          Filter: ((kind_id > 3) AND (production_year < 2005))
                          Rows Removed by Filter: 1727321
Planning time: 1.777 ms
Execution time: 5866.171 ms
