Hash Join  (cost=102702.86..276992.27 rows=3827546 width=0) (actual time=2097.784..6804.966 rows=3636145 loops=1)
  Hash Cond: (mk.movie_id = t.id)
  ->  Seq Scan on movie_keyword mk  (cost=0.00..69693.30 rows=4523930 width=4) (actual time=0.021..1414.480 rows=4523930 loops=1)
  ->  Hash  (cost=67604.59..67604.59 rows=2139302 width=4) (actual time=2095.707..2095.707 rows=2132973 loops=1)
        Buckets: 131072  Batches: 32  Memory Usage: 3380kB
        ->  Seq Scan on title t  (cost=0.00..67604.59 rows=2139302 width=4) (actual time=0.021..1374.825 rows=2132973 loops=1)
              Filter: (production_year > 1966)
              Rows Removed by Filter: 395339
Planning time: 0.751 ms
Execution time: 7232.935 ms
