Hash Join  (cost=156649.15..961779.44 rows=1341969 width=0) (actual time=8584.228..21008.380 rows=2359361 loops=1)
  Hash Cond: (ci.movie_id = t.id)
  ->  Seq Scan on cast_info ci  (cost=0.00..705507.15 rows=7298253 width=4) (actual time=4938.272..13029.430 rows=7451973 loops=1)
        Filter: (role_id = 2)
        Rows Removed by Filter: 28792371
  ->  Hash  (cost=149020.47..149020.47 rows=464934 width=8) (actual time=3645.001..3645.001 rows=460185 loops=1)
        Buckets: 131072  Batches: 8  Memory Usage: 3276kB
        ->  Hash Join  (cost=102767.86..149020.47 rows=464934 width=8) (actual time=2152.889..3504.864 rows=460185 loops=1)
              Hash Cond: (mi_idx.movie_id = t.id)
              ->  Seq Scan on movie_info_idx mi_idx  (cost=0.00..25185.44 rows=464934 width=4) (actual time=0.027..511.554 rows=460185 loops=1)
                    Filter: (info_type_id > 100)
                    Rows Removed by Filter: 919850
              ->  Hash  (cost=61283.27..61283.27 rows=2528527 width=4) (actual time=2151.657..2151.657 rows=2528312 loops=1)
                    Buckets: 131072  Batches: 64  Memory Usage: 2415kB
                    ->  Seq Scan on title t  (cost=0.00..61283.27 rows=2528527 width=4) (actual time=0.015..1135.309 rows=2528312 loops=1)
Planning time: 1.199 ms
Execution time: 21258.122 ms
