Seq Scan on movie_keyword mk  (cost=0.00..81003.12 rows=3395808 width=0) (actual time=0.022..1484.097 rows=3387146 loops=1)
  Filter: (keyword_id > 1265)
  Rows Removed by Filter: 1136784
Planning time: 0.364 ms
Execution time: 1889.100 ms
