Nested Loop  (cost=0.43..709671.90 rows=500 width=0) (actual time=7941.790..10830.244 rows=79 loops=1)
  ->  Seq Scan on cast_info ci  (cost=0.00..705507.15 rows=500 width=4) (actual time=7941.673..10828.483 rows=79 loops=1)
        Filter: (person_id = 3311297)
        Rows Removed by Filter: 36244265
  ->  Index Only Scan using title_pkey on title t  (cost=0.43..8.32 rows=1 width=4) (actual time=0.021..0.021 rows=1 loops=79)
        Index Cond: (id = ci.movie_id)
        Heap Fetches: 79
Planning time: 0.849 ms
Execution time: 10830.337 ms
