Hash Join  (cost=189632.99..1151756.14 rows=6530512 width=0) (actual time=4914.818..35286.785 rows=27296052 loops=1)
  Hash Cond: (ci.movie_id = t.id)
  ->  Seq Scan on cast_info ci  (cost=0.00..705507.15 rows=16201301 width=4) (actual time=0.016..14918.791 rows=16121683 loops=1)
        Filter: (role_id > 2)
        Rows Removed by Filter: 20122661
  ->  Hash  (cost=172910.83..172910.83 rows=1019213 width=8) (actual time=4913.393..4913.393 rows=1891821 loops=1)
        Buckets: 131072 (originally 131072)  Batches: 32 (originally 16)  Memory Usage: 3321kB
        ->  Hash Join  (cost=83810.17..172910.83 rows=1019213 width=8) (actual time=1436.539..4391.041 rows=1891821 loops=1)
              Hash Cond: (mc.movie_id = t.id)
              ->  Seq Scan on movie_companies mc  (cost=0.00..44881.29 rows=2609129 width=4) (actual time=0.021..900.899 rows=2609129 loops=1)
              ->  Hash  (cost=67604.59..67604.59 rows=987727 width=4) (actual time=1435.505..1435.505 rows=985048 loops=1)
                    Buckets: 131072  Batches: 16  Memory Usage: 3188kB
                    ->  Seq Scan on title t  (cost=0.00..67604.59 rows=987727 width=4) (actual time=0.024..1130.738 rows=985048 loops=1)
                          Filter: (kind_id < 7)
                          Rows Removed by Filter: 1543264
Planning time: 1.202 ms
Execution time: 38230.150 ms
