Hash Join  (cost=709676.96..1074350.67 rows=1778 width=211) (actual time=3867.742..6265.348 rows=30 loops=1)
  Hash Cond: (mi.movie_id = t.id)
  ->  Seq Scan on movie_info mi  (cost=0.00..309384.22 rows=14739122 width=75) (actual time=0.011..1313.477 rows=14835720 loops=1)
  ->  Hash  (cost=709673.15..709673.15 rows=305 width=136) (actual time=3748.209..3748.209 rows=11 loops=1)
        Buckets: 1024  Batches: 1  Memory Usage: 10kB
        ->  Nested Loop  (cost=0.43..709673.15 rows=305 width=136) (actual time=2633.031..3748.184 rows=11 loops=1)
              ->  Seq Scan on cast_info ci  (cost=0.00..705507.15 rows=500 width=42) (actual time=2632.718..3747.767 rows=30 loops=1)
                    Filter: (person_id = 1045005)
                    Rows Removed by Filter: 36244314
              ->  Index Scan using title_pkey on title t  (cost=0.43..8.32 rows=1 width=94) (actual time=0.013..0.013 rows=0 loops=30)
                    Index Cond: (id = ci.movie_id)
                    Filter: (kind_id = 7)
                    Rows Removed by Filter: 1
Planning time: 0.815 ms
Execution time: 6265.434 ms
