Seq Scan on movie_keyword mk  (cost=0.00..81003.12 rows=2804434 width=0) (actual time=0.017..1375.432 rows=2793227 loops=1)
  Filter: (keyword_id < 8183)
  Rows Removed by Filter: 1730703
Planning time: 0.328 ms
Execution time: 1719.963 ms
