Seq Scan on movie_keyword mk  (cost=0.00..81003.12 rows=246 width=0) (actual time=54.364..1335.978 rows=20 loops=1)
  Filter: (keyword_id = 26396)
  Rows Removed by Filter: 4523910
Planning time: 0.382 ms
Execution time: 1336.074 ms
