Hash Join  (cost=365418.15..1535496.90 rows=18504027 width=0) (actual time=13953.226..34704.241 rows=35194776 loops=1)
  Hash Cond: (ci.movie_id = t.id)
  ->  Seq Scan on cast_info ci  (cost=0.00..796071.18 rows=10342320 width=4) (actual time=5296.727..14986.550 rows=5593395 loops=1)
        Filter: ((person_id < 2351768) AND (role_id > 2))
        Rows Removed by Filter: 30650949
  ->  Hash  (cost=291197.02..291197.02 rows=4523930 width=8) (actual time=8655.006..8655.006 rows=4523930 loops=1)
        Buckets: 131072  Batches: 64  Memory Usage: 3816kB
        ->  Hash Join  (cost=102767.86..291197.02 rows=4523930 width=8) (actual time=2005.216..7475.457 rows=4523930 loops=1)
              Hash Cond: (mk.movie_id = t.id)
              ->  Seq Scan on movie_keyword mk  (cost=0.00..69693.30 rows=4523930 width=4) (actual time=0.026..1397.745 rows=4523930 loops=1)
              ->  Hash  (cost=61283.27..61283.27 rows=2528527 width=4) (actual time=2002.933..2002.933 rows=2528312 loops=1)
                    Buckets: 131072  Batches: 64  Memory Usage: 2425kB
                    ->  Seq Scan on title t  (cost=0.00..61283.27 rows=2528527 width=4) (actual time=0.012..1152.666 rows=2528312 loops=1)
Planning time: 1.188 ms
Execution time: 38315.798 ms
