Hash Join  (cost=77810.57..212238.77 rows=393314 width=0) (actual time=1266.658..4699.098 rows=477036 loops=1)
  Hash Cond: (mk.movie_id = t.id)
  ->  Seq Scan on movie_keyword mk  (cost=0.00..81003.12 rows=4200249 width=4) (actual time=0.014..1796.664 rows=4203929 loops=1)
        Filter: (keyword_id < 51023)
        Rows Removed by Filter: 320001
  ->  Hash  (cost=73925.90..73925.90 rows=236773 width=4) (actual time=1265.681..1265.681 rows=208162 loops=1)
        Buckets: 131072  Batches: 4  Memory Usage: 2863kB
        ->  Seq Scan on title t  (cost=0.00..73925.90 rows=236773 width=4) (actual time=0.036..1192.115 rows=208162 loops=1)
              Filter: ((kind_id < 3) AND (production_year > 2007))
              Rows Removed by Filter: 2320150
Planning time: 0.799 ms
Execution time: 4755.669 ms
