Hash Join  (cost=69347.06..1118779.97 rows=1521474 width=0) (actual time=1355.966..27226.589 rows=505305 loops=1)
  Hash Cond: (ci.movie_id = t.id)
  ->  Seq Scan on cast_info ci  (cost=0.00..614943.12 rows=36225612 width=4) (actual time=0.020..12527.260 rows=36244344 loops=1)
  ->  Hash  (cost=67604.59..67604.59 rows=106198 width=4) (actual time=1353.536..1353.536 rows=106827 loops=1)
        Buckets: 131072  Batches: 2  Memory Usage: 2897kB
        ->  Seq Scan on title t  (cost=0.00..67604.59 rows=106198 width=4) (actual time=329.596..969.385 rows=106827 loops=1)
              Filter: (production_year < 1927)
              Rows Removed by Filter: 2421485
Planning time: 0.786 ms
Execution time: 27292.149 ms
