Hash Join  (cost=83072.34..923112.92 rows=50 width=0) (actual time=1878.168..22149.543 rows=20 loops=1)
  Hash Cond: (ci.movie_id = t.id)
  ->  Seq Scan on cast_info ci  (cost=0.00..705507.15 rows=35875431 width=4) (actual time=0.024..15824.479 rows=35928226 loops=1)
        Filter: (role_id < 11)
        Rows Removed by Filter: 316118
  ->  Hash  (cost=83072.29..83072.29 rows=4 width=8) (actual time=1443.809..1443.809 rows=1 loops=1)
        Buckets: 1024  Batches: 1  Memory Usage: 9kB
        ->  Nested Loop  (cost=0.43..83072.29 rows=4 width=8) (actual time=669.479..1443.800 rows=1 loops=1)
              ->  Seq Scan on movie_keyword mk  (cost=0.00..81003.12 rows=246 width=4) (actual time=6.942..1435.395 rows=86 loops=1)
                    Filter: (keyword_id = 695)
                    Rows Removed by Filter: 4523844
              ->  Index Scan using title_pkey on title t  (cost=0.43..8.40 rows=1 width=4) (actual time=0.093..0.093 rows=0 loops=86)
                    Index Cond: (id = mk.movie_id)
                    Filter: (production_year = 1996)
                    Rows Removed by Filter: 1
Planning time: 1.173 ms
Execution time: 22149.757 ms
