Hash Join  (cost=786185.96..813183.65 rows=8721 width=0) (actual time=14447.634..15039.061 rows=13077 loops=1)
  Hash Cond: (mi_idx.movie_id = t.id)
  ->  Seq Scan on movie_info_idx mi_idx  (cost=0.00..21735.35 rows=1380035 width=4) (actual time=0.027..285.203 rows=1380035 loops=1)
  ->  Hash  (cost=785986.22..785986.22 rows=15979 width=8) (actual time=14447.004..14447.004 rows=13188 loops=1)
        Buckets: 16384  Batches: 1  Memory Usage: 644kB
        ->  Hash Join  (cost=75819.10..785986.22 rows=15979 width=8) (actual time=10021.331..14442.144 rows=13188 loops=1)
              Hash Cond: (ci.movie_id = t.id)
              ->  Seq Scan on cast_info ci  (cost=0.00..705507.15 rows=350181 width=4) (actual time=8693.933..12973.895 rows=316118 loops=1)
                    Filter: (role_id = 11)
                    Rows Removed by Filter: 35928226
              ->  Hash  (cost=73925.90..73925.90 rows=115376 width=4) (actual time=1326.422..1326.422 rows=119207 loops=1)
                    Buckets: 131072  Batches: 2  Memory Usage: 3119kB
                    ->  Seq Scan on title t  (cost=0.00..73925.90 rows=115376 width=4) (actual time=0.039..1279.732 rows=119207 loops=1)
                          Filter: ((kind_id > 2) AND (production_year = 2012))
                          Rows Removed by Filter: 2409105
Planning time: 1.311 ms
Execution time: 15041.094 ms
