Hash Join  (cost=843871.45..927961.14 rows=655716 width=0) (actual time=11667.605..14672.248 rows=2416615 loops=1)
  Hash Cond: (mc.movie_id = t.id)
  ->  Seq Scan on movie_companies mc  (cost=0.00..44881.29 rows=2609129 width=4) (actual time=0.010..954.432 rows=2609129 loops=1)
  ->  Hash  (cost=833445.22..833445.22 rows=635459 width=8) (actual time=11666.540..11666.540 rows=650701 loops=1)
        Buckets: 131072  Batches: 16  Memory Usage: 2594kB
        ->  Hash Join  (cost=102767.86..833445.22 rows=635459 width=8) (actual time=3039.404..11493.609 rows=650701 loops=1)
              Hash Cond: (ci.movie_id = t.id)
              ->  Seq Scan on cast_info ci  (cost=0.00..705507.15 rows=635459 width=4) (actual time=679.596..7944.349 rows=650701 loops=1)
                    Filter: (person_id > 3935162)
                    Rows Removed by Filter: 35593643
              ->  Hash  (cost=61283.27..61283.27 rows=2528527 width=4) (actual time=2359.029..2359.029 rows=2528312 loops=1)
                    Buckets: 131072  Batches: 64  Memory Usage: 2415kB
                    ->  Seq Scan on title t  (cost=0.00..61283.27 rows=2528527 width=4) (actual time=0.018..1048.413 rows=2528312 loops=1)
Planning time: 1.222 ms
Execution time: 14964.611 ms
