Seq Scan on movie_keyword mk  (cost=0.00..81003.12 rows=3182692 width=12) (actual time=0.021..555.023 rows=3163871 loops=1)
  Filter: (keyword_id > 1771)
  Rows Removed by Filter: 1360059
Planning time: 0.190 ms
Execution time: 650.846 ms
