Seq Scan on movie_keyword mk  (cost=0.00..81003.12 rows=246 width=0) (actual time=2.115..1227.610 rows=152 loops=1)
  Filter: (keyword_id = 3855)
  Rows Removed by Filter: 4523778
Planning time: 0.358 ms
Execution time: 1227.782 ms
