Seq Scan on cast_info ci  (cost=0.00..705507.15 rows=22202768 width=0) (actual time=0.016..13010.438 rows=22040368 loops=1)
  Filter: (person_id < 2244659)
  Rows Removed by Filter: 14203976
Planning time: 0.345 ms
Execution time: 15765.975 ms
