Seq Scan on movie_keyword mk  (cost=0.00..81003.12 rows=3903858 width=0) (actual time=0.023..1669.178 rows=3905274 loops=1)
  Filter: (keyword_id > 468)
  Rows Removed by Filter: 618656
Planning time: 0.341 ms
Execution time: 2163.366 ms
