Seq Scan on movie_keyword mk  (cost=0.00..81003.12 rows=246 width=0) (actual time=1.862..1225.488 rows=214 loops=1)
  Filter: (keyword_id = 7493)
  Rows Removed by Filter: 4523716
Planning time: 0.369 ms
Execution time: 1225.692 ms
