Seq Scan on title t  (cost=0.00..73925.90 rows=5474 width=0) (actual time=0.193..1246.186 rows=10548 loops=1)
  Filter: ((kind_id > 1) AND (production_year = 1967))
  Rows Removed by Filter: 2517764
Planning time: 0.919 ms
Execution time: 1248.590 ms
