Hash Join  (cost=75470.43..484889.63 rows=195927 width=0) (actual time=2263.709..10011.598 rows=587010 loops=1)
  Hash Cond: (mi.movie_id = t.id)
  ->  Seq Scan on movie_info mi  (cost=0.00..346232.03 rows=5263441 width=4) (actual time=845.456..6387.909 rows=5270569 loops=1)
        Filter: (info_type_id > 15)
        Rows Removed by Filter: 9565151
  ->  Hash  (cost=73925.90..73925.90 rows=94122 width=4) (actual time=1226.502..1226.502 rows=222154 loops=1)
        Buckets: 131072 (originally 131072)  Batches: 4 (originally 2)  Memory Usage: 3073kB
        ->  Seq Scan on title t  (cost=0.00..73925.90 rows=94122 width=4) (actual time=234.021..1145.029 rows=222154 loops=1)
              Filter: ((production_year < 1969) AND (kind_id = 1))
              Rows Removed by Filter: 2306158
Planning time: 0.822 ms
Execution time: 10088.277 ms
