Hash Join  (cost=73994.33..455967.67 rows=20515 width=0) (actual time=1512.008..9483.866 rows=54260 loops=1)
  Hash Cond: (mi.movie_id = t.id)
  ->  Seq Scan on movie_info mi  (cost=0.00..346232.03 rows=9476311 width=4) (actual time=135.412..6160.794 rows=9565151 loops=1)
        Filter: (info_type_id < 16)
        Rows Removed by Filter: 5270569
  ->  Hash  (cost=73925.90..73925.90 rows=5474 width=4) (actual time=1376.458..1376.458 rows=19727 loops=1)
        Buckets: 32768 (originally 8192)  Batches: 1 (originally 1)  Memory Usage: 950kB
        ->  Seq Scan on title t  (cost=0.00..73925.90 rows=5474 width=4) (actual time=0.048..1366.992 rows=19727 loops=1)
              Filter: ((kind_id > 1) AND (production_year = 1992))
              Rows Removed by Filter: 2508585
Planning time: 0.818 ms
Execution time: 9492.974 ms
