Hash Join  (cost=118128.04..315178.12 rows=3329613 width=106) (actual time=1908.652..6887.392 rows=1637255 loops=1)
  Hash Cond: (mk.movie_id = t.id)
  ->  Seq Scan on movie_keyword mk  (cost=0.00..69693.30 rows=4523930 width=12) (actual time=0.019..948.429 rows=4523930 loops=1)
  ->  Hash  (cost=67604.59..67604.59 rows=1860996 width=94) (actual time=1907.156..1907.156 rows=1865487 loops=1)
        Buckets: 32768  Batches: 64  Memory Usage: 3605kB
        ->  Seq Scan on title t  (cost=0.00..67604.59 rows=1860996 width=94) (actual time=0.014..1086.725 rows=1865487 loops=1)
              Filter: (kind_id > 1)
              Rows Removed by Filter: 662825
Planning time: 0.575 ms
Execution time: 6983.593 ms
