Hash Join  (cost=131756.90..507348.69 rows=274695 width=0) (actual time=3290.804..10350.346 rows=2063694 loops=1)
  Hash Cond: (mi.movie_id = t.id)
  ->  Seq Scan on movie_info mi  (cost=0.00..346232.03 rows=2194617 width=4) (actual time=546.959..6078.665 rows=2233850 loops=1)
        Filter: (info_type_id > 16)
        Rows Removed by Filter: 12601870
  ->  Hash  (cost=126563.77..126563.77 rows=316490 width=8) (actual time=2743.011..2743.011 rows=481644 loops=1)
        Buckets: 131072  Batches: 8  Memory Usage: 3395kB
        ->  Hash Join  (cost=83440.39..126563.77 rows=316490 width=8) (actual time=1400.069..2604.856 rows=481644 loops=1)
              Hash Cond: (mi_idx.movie_id = t.id)
              ->  Seq Scan on movie_info_idx mi_idx  (cost=0.00..21735.35 rows=1380035 width=4) (actual time=0.035..418.352 rows=1380035 loops=1)
              ->  Hash  (cost=73925.90..73925.90 rows=579879 width=4) (actual time=1399.103..1399.103 rows=492958 loops=1)
                    Buckets: 131072  Batches: 8  Memory Usage: 3188kB
                    ->  Seq Scan on title t  (cost=0.00..73925.90 rows=579879 width=4) (actual time=0.046..1242.458 rows=492958 loops=1)
                          Filter: ((kind_id < 7) AND (production_year > 1998))
                          Rows Removed by Filter: 2035354
Planning time: 1.222 ms
Execution time: 10585.062 ms
