Seq Scan on cast_info ci  (cost=0.00..796071.18 rows=11637848 width=0) (actual time=0.088..12728.206 rows=5116609 loops=1)
  Filter: ((person_id < 1762249) AND (role_id > 1))
  Rows Removed by Filter: 31127735
Planning time: 0.454 ms
Execution time: 13323.438 ms
