Hash Join  (cost=83810.17..200819.57 rows=811808 width=0) (actual time=1504.751..4706.909 rows=1759286 loops=1)
  Hash Cond: (mk.movie_id = t.id)
  ->  Seq Scan on movie_keyword mk  (cost=0.00..81003.12 rows=2078183 width=4) (actual time=0.022..1579.183 rows=2075520 loops=1)
        Filter: (keyword_id > 5831)
        Rows Removed by Filter: 2448410
  ->  Hash  (cost=67604.59..67604.59 rows=987727 width=4) (actual time=1503.529..1503.529 rows=985048 loops=1)
        Buckets: 131072  Batches: 16  Memory Usage: 3197kB
        ->  Seq Scan on title t  (cost=0.00..67604.59 rows=987727 width=4) (actual time=0.026..1176.001 rows=985048 loops=1)
              Filter: (kind_id < 7)
              Rows Removed by Filter: 1543264
Planning time: 0.899 ms
Execution time: 4932.017 ms
