Seq Scan on movie_companies mc  (cost=0.00..51404.11 rows=188156 width=0) (actual time=580.833..874.498 rows=188719 loops=1)
  Filter: (company_id > 117089)
  Rows Removed by Filter: 2420410
Planning time: 0.477 ms
Execution time: 898.070 ms
