Hash Join  (cost=78779.83..501256.09 rows=689966 width=0) (actual time=1970.745..9741.790 rows=303252 loops=1)
  Hash Cond: (mi.movie_id = t.id)
  ->  Seq Scan on movie_info mi  (cost=0.00..346232.03 rows=5897221 width=4) (actual time=882.636..6118.818 rows=5884963 loops=1)
        Filter: (info_type_id < 7)
        Rows Removed by Filter: 8950757
  ->  Hash  (cost=73925.90..73925.90 rows=295834 width=4) (actual time=1078.107..1078.107 rows=185285 loops=1)
        Buckets: 131072  Batches: 4  Memory Usage: 2654kB
        ->  Seq Scan on title t  (cost=0.00..73925.90 rows=295834 width=4) (actual time=0.036..1017.124 rows=185285 loops=1)
              Filter: ((production_year < 1978) AND (kind_id = 7))
              Rows Removed by Filter: 2343027
Planning time: 0.873 ms
Execution time: 9771.561 ms
