Hash Join  (cost=132310.70..218974.60 rows=587 width=0) (actual time=2430.428..4134.080 rows=976 loops=1)
  Hash Cond: (mk.movie_id = t.id)
  ->  Seq Scan on movie_keyword mk  (cost=0.00..69693.30 rows=4523930 width=4) (actual time=0.014..957.514 rows=4523930 loops=1)
  ->  Hash  (cost=132306.60..132306.60 rows=328 width=8) (actual time=2380.925..2380.925 rows=507 loops=1)
        Buckets: 1024  Batches: 1  Memory Usage: 28kB
        ->  Hash Join  (cost=74260.10..132306.60 rows=328 width=8) (actual time=1481.320..2380.635 rows=507 loops=1)
              Hash Cond: (mc.movie_id = t.id)
              ->  Seq Scan on movie_companies mc  (cost=0.00..57926.93 rows=31007 width=4) (actual time=85.464..966.913 rows=55497 loops=1)
                    Filter: ((company_type_id < 2) AND (company_id = 6))
                    Rows Removed by Filter: 2553632
              ->  Hash  (cost=73925.90..73925.90 rows=26736 width=4) (actual time=1394.963..1394.963 rows=30647 loops=1)
                    Buckets: 32768  Batches: 1  Memory Usage: 1334kB
                    ->  Seq Scan on title t  (cost=0.00..73925.90 rows=26736 width=4) (actual time=0.103..1381.494 rows=30647 loops=1)
                          Filter: ((kind_id > 1) AND (production_year = 1996))
                          Rows Removed by Filter: 2497665
Planning time: 0.813 ms
Execution time: 4134.419 ms
