Seq Scan on cast_info ci  (cost=0.00..705507.15 rows=500 width=0) (actual time=2949.552..11267.427 rows=740 loops=1)
  Filter: (person_id = 1423753)
  Rows Removed by Filter: 36243604
Planning time: 0.393 ms
Execution time: 11267.632 ms
