Hash Join  (cost=81516.96..590099.02 rows=2696814 width=0) (actual time=1367.614..16132.664 rows=4434594 loops=1)
  Hash Cond: (mi.movie_id = t.id)
  ->  Seq Scan on movie_info mi  (cost=0.00..309384.22 rows=14739122 width=4) (actual time=2.555..6197.003 rows=14835720 loops=1)
  ->  Hash  (cost=73925.90..73925.90 rows=462644 width=4) (actual time=1364.092..1364.092 rows=335285 loops=1)
        Buckets: 131072  Batches: 8  Memory Usage: 2510kB
        ->  Seq Scan on title t  (cost=0.00..73925.90 rows=462644 width=4) (actual time=404.867..1249.345 rows=335285 loops=1)
              Filter: ((production_year > 1990) AND (kind_id = 1))
              Rows Removed by Filter: 2193027
Planning time: 1.488 ms
Execution time: 16684.648 ms
