Seq Scan on movie_keyword mk  (cost=0.00..81003.12 rows=246 width=0) (actual time=1.167..1051.935 rows=1098 loops=1)
  Filter: (keyword_id = 1456)
  Rows Removed by Filter: 4522832
Planning time: 0.386 ms
Execution time: 1052.358 ms
