Hash Join  (cost=150040.51..250047.81 rows=153077 width=184) (actual time=3298.464..5475.808 rows=984018 loops=1)
  Hash Cond: (mc.movie_id = t.id)
  ->  Seq Scan on movie_companies mc  (cost=0.00..44881.29 rows=2609129 width=40) (actual time=0.018..483.811 rows=2609129 loops=1)
  ->  Hash  (cost=145143.16..145143.16 rows=148348 width=144) (actual time=3298.242..3298.242 rows=292734 loops=1)
        Buckets: 32768 (originally 32768)  Batches: 16 (originally 8)  Memory Usage: 3841kB
        ->  Hash Join  (cost=95829.74..145143.16 rows=148348 width=144) (actual time=1370.591..3102.592 rows=292734 loops=1)
              Hash Cond: (mi_idx.movie_id = t.id)
              ->  Seq Scan on movie_info_idx mi_idx  (cost=0.00..25185.44 rows=464934 width=50) (actual time=0.018..391.607 rows=460185 loops=1)
                    Filter: (info_type_id > 100)
                    Rows Removed by Filter: 919850
              ->  Hash  (cost=73925.90..73925.90 rows=806787 width=94) (actual time=1369.523..1369.523 rows=843018 loops=1)
                    Buckets: 32768  Batches: 32  Memory Usage: 3166kB
                    ->  Seq Scan on title t  (cost=0.00..73925.90 rows=806787 width=94) (actual time=0.014..1039.621 rows=843018 loops=1)
                          Filter: ((kind_id < 7) AND (production_year < 2011))
                          Rows Removed by Filter: 1685294
Planning time: 1.945 ms
Execution time: 5517.009 ms
