Seq Scan on movie_keyword mk  (cost=0.00..81003.12 rows=2427060 width=0) (actual time=0.020..1400.836 rows=2427002 loops=1)
  Filter: (keyword_id < 5754)
  Rows Removed by Filter: 2096928
Planning time: 0.322 ms
Execution time: 1708.668 ms
