Hash Join  (cost=128462.22..966798.52 rows=9726 width=0) (actual time=7376.863..20033.524 rows=25622 loops=1)
  Hash Cond: (ci.movie_id = t.id)
  ->  Seq Scan on cast_info ci  (cost=0.00..796071.18 rows=11244761 width=4) (actual time=5387.865..16355.024 rows=9724014 loops=1)
        Filter: ((person_id > 392631) AND (role_id = 1))
        Rows Removed by Filter: 26520330
  ->  Hash  (cost=128434.88..128434.88 rows=2187 width=8) (actual time=1988.827..1988.827 rows=3937 loops=1)
        Buckets: 4096  Batches: 1  Memory Usage: 186kB
        ->  Hash Join  (cost=67697.55..128434.88 rows=2187 width=8) (actual time=1360.265..1987.102 rows=3937 loops=1)
              Hash Cond: (mc.movie_id = t.id)
              ->  Seq Scan on movie_companies mc  (cost=0.00..57926.93 rows=743608 width=4) (actual time=579.919..1097.753 rows=463868 loops=1)
                    Filter: ((company_id < 13015) AND (company_type_id > 1))
                    Rows Removed by Filter: 2145261
              ->  Hash  (cost=67604.59..67604.59 rows=7437 width=4) (actual time=780.211..780.211 rows=14926 loops=1)
                    Buckets: 16384 (originally 8192)  Batches: 1 (originally 1)  Memory Usage: 653kB
                    ->  Seq Scan on title t  (cost=0.00..67604.59 rows=7437 width=4) (actual time=0.087..773.843 rows=14926 loops=1)
                          Filter: (production_year = 1979)
                          Rows Removed by Filter: 2513386
Planning time: 1.240 ms
Execution time: 20038.780 ms
