Hash Join  (cost=155334.79..286376.24 rows=901109 width=0) (actual time=3608.507..7146.084 rows=1439355 loops=1)
  Hash Cond: (mk.movie_id = t.id)
  ->  Seq Scan on movie_keyword mk  (cost=0.00..81003.12 rows=3316062 width=4) (actual time=0.027..1862.925 rows=3306372 loops=1)
        Filter: (keyword_id < 14997)
        Rows Removed by Filter: 1217558
  ->  Hash  (cost=144061.99..144061.99 rows=687104 width=8) (actual time=3607.501..3607.501 rows=497259 loops=1)
        Buckets: 131072  Batches: 16  Memory Usage: 2256kB
        ->  Hash Join  (cost=94580.47..144061.99 rows=687104 width=8) (actual time=1936.523..3453.256 rows=497259 loops=1)
              Hash Cond: (mi_idx.movie_id = t.id)
              ->  Seq Scan on movie_info_idx mi_idx  (cost=0.00..21735.35 rows=1380035 width=4) (actual time=0.016..487.465 rows=1380035 loops=1)
              ->  Hash  (cost=73925.90..73925.90 rows=1258925 width=4) (actual time=1934.899..1934.899 rows=1379242 loops=1)
                    Buckets: 131072  Batches: 32  Memory Usage: 2548kB
                    ->  Seq Scan on title t  (cost=0.00..73925.90 rows=1258925 width=4) (actual time=0.024..1498.589 rows=1379242 loops=1)
                          Filter: ((kind_id > 2) AND (production_year > 1988))
                          Rows Removed by Filter: 1149070
Planning time: 1.314 ms
Execution time: 7290.999 ms
