Hash Join  (cost=106641.37..202507.66 rows=61766 width=0) (actual time=2007.789..4279.887 rows=223284 loops=1)
  Hash Cond: (mk.movie_id = t.id)
  ->  Seq Scan on movie_keyword mk  (cost=0.00..81003.12 rows=3798800 width=4) (actual time=0.026..1620.169 rows=3793007 loops=1)
        Filter: (keyword_id < 25693)
        Rows Removed by Filter: 730923
  ->  Hash  (cost=106127.47..106127.47 rows=41112 width=8) (actual time=2007.322..2007.322 rows=38685 loops=1)
        Buckets: 65536  Batches: 1  Memory Usage: 2024kB
        ->  Hash Join  (cost=69460.45..106127.47 rows=41112 width=8) (actual time=1081.616..1994.805 rows=38685 loops=1)
              Hash Cond: (mi_idx.movie_id = t.id)
              ->  Seq Scan on movie_info_idx mi_idx  (cost=0.00..25185.44 rows=919057 width=4) (actual time=0.024..584.838 rows=920110 loops=1)
                    Filter: (info_type_id > 99)
                    Rows Removed by Filter: 459925
              ->  Hash  (cost=67604.59..67604.59 rows=113109 width=4) (actual time=1080.771..1080.771 rows=119565 loops=1)
                    Buckets: 131072  Batches: 2  Memory Usage: 3115kB
                    ->  Seq Scan on title t  (cost=0.00..67604.59 rows=113109 width=4) (actual time=0.027..1036.987 rows=119565 loops=1)
                          Filter: (production_year = 2007)
                          Rows Removed by Filter: 2408747
Planning time: 1.231 ms
Execution time: 4308.210 ms
