Seq Scan on movie_keyword mk  (cost=0.00..81003.12 rows=3241568 width=0) (actual time=0.038..1497.681 rows=3227858 loops=1)
  Filter: (keyword_id > 1681)
  Rows Removed by Filter: 1296072
Planning time: 0.331 ms
Execution time: 1895.680 ms
