Hash Join  (cost=83810.17..649001.42 rows=5431905 width=0) (actual time=1530.536..19068.911 rows=10130097 loops=1)
  Hash Cond: (mi.movie_id = t.id)
  ->  Seq Scan on movie_info mi  (cost=0.00..346232.03 rows=13905379 width=4) (actual time=0.023..7294.072 rows=13949798 loops=1)
        Filter: (info_type_id < 97)
        Rows Removed by Filter: 885922
  ->  Hash  (cost=67604.59..67604.59 rows=987727 width=4) (actual time=1529.290..1529.290 rows=985048 loops=1)
        Buckets: 131072  Batches: 16  Memory Usage: 3197kB
        ->  Seq Scan on title t  (cost=0.00..67604.59 rows=987727 width=4) (actual time=0.017..1218.443 rows=985048 loops=1)
              Filter: (kind_id < 7)
              Rows Removed by Filter: 1543264
Planning time: 0.735 ms
Execution time: 20297.673 ms
