Seq Scan on movie_keyword mk  (cost=0.00..81003.12 rows=1841620 width=12) (actual time=0.020..902.851 rows=1850473 loops=1)
  Filter: (keyword_id < 3081)
  Rows Removed by Filter: 2673457
Planning time: 0.329 ms
Execution time: 993.222 ms
