Seq Scan on cast_info ci  (cost=0.00..796071.18 rows=1304491 width=0) (actual time=1124.770..12773.244 rows=2395165 loops=1)
  Filter: ((person_id > 2500576) AND (role_id = 3))
  Rows Removed by Filter: 33849179
Planning time: 0.436 ms
Execution time: 13036.589 ms
