Hash Join  (cost=122535.74..216704.00 rows=10569 width=0) (actual time=2475.974..4773.734 rows=209832 loops=1)
  Hash Cond: (mk.movie_id = t.id)
  ->  Seq Scan on movie_keyword mk  (cost=0.00..81003.12 rows=3482519 width=4) (actual time=0.019..1667.091 rows=3483936 loops=1)
        Filter: (keyword_id > 1036)
        Rows Removed by Filter: 1039994
  ->  Hash  (cost=122439.81..122439.81 rows=7674 width=8) (actual time=2475.375..2475.375 rows=19938 loops=1)
        Buckets: 32768 (originally 8192)  Batches: 1 (originally 1)  Memory Usage: 1035kB
        ->  Hash Join  (cost=67697.55..122439.81 rows=7674 width=8) (actual time=1174.421..2467.057 rows=19938 loops=1)
              Hash Cond: (mc.movie_id = t.id)
              ->  Seq Scan on movie_companies mc  (cost=0.00..44881.29 rows=2609129 width=4) (actual time=0.012..691.495 rows=2609129 loops=1)
              ->  Hash  (cost=67604.59..67604.59 rows=7437 width=4) (actual time=1174.295..1174.295 rows=15489 loops=1)
                    Buckets: 16384 (originally 8192)  Batches: 1 (originally 1)  Memory Usage: 673kB
                    ->  Seq Scan on title t  (cost=0.00..67604.59 rows=7437 width=4) (actual time=0.021..1166.884 rows=15489 loops=1)
                          Filter: (production_year = 1983)
                          Rows Removed by Filter: 2512823
Planning time: 1.111 ms
Execution time: 4813.434 ms
