Hash Join  (cost=492302.67..537092.69 rows=413654 width=0) (actual time=8818.254..10161.038 rows=984361 loops=1)
  Hash Cond: (mi_idx.movie_id = t.id)
  ->  Seq Scan on movie_info_idx mi_idx  (cost=0.00..21735.35 rows=1380035 width=4) (actual time=0.010..431.946 rows=1380035 loops=1)
  ->  Hash  (cost=479867.87..479867.87 rows=757904 width=8) (actual time=8817.349..8817.349 rows=793188 loops=1)
        Buckets: 131072  Batches: 16  Memory Usage: 2952kB
        ->  Hash Join  (cost=106436.46..479867.87 rows=757904 width=8) (actual time=4142.250..8607.444 rows=793188 loops=1)
              Hash Cond: (mi.movie_id = t.id)
              ->  Seq Scan on movie_info mi  (cost=0.00..346232.03 rows=809669 width=4) (actual time=2051.700..5536.184 rows=802140 loops=1)
                    Filter: (info_type_id = 1)
                    Rows Removed by Filter: 14033580
              ->  Hash  (cost=67604.59..67604.59 rows=2366870 width=4) (actual time=2089.686..2089.686 rows=2363319 loops=1)
                    Buckets: 131072  Batches: 32  Memory Usage: 3633kB
                    ->  Seq Scan on title t  (cost=0.00..67604.59 rows=2366870 width=4) (actual time=0.024..1313.222 rows=2363319 loops=1)
                          Filter: (production_year > 1921)
                          Rows Removed by Filter: 164993
Planning time: 1.369 ms
Execution time: 10261.737 ms
