Hash Join  (cost=75227.65..166557.67 rows=26460 width=0) (actual time=1292.957..2953.596 rows=15049 loops=1)
  Hash Cond: (mk.movie_id = t.id)
  ->  Seq Scan on movie_keyword mk  (cost=0.00..81003.12 rows=843277 width=4) (actual time=0.032..1380.640 rows=849219 loops=1)
        Filter: (keyword_id > 21623)
        Rows Removed by Filter: 3674711
  ->  Hash  (cost=73925.90..73925.90 rows=79340 width=4) (actual time=1291.499..1291.499 rows=92312 loops=1)
        Buckets: 131072  Batches: 2  Memory Usage: 2654kB
        ->  Seq Scan on title t  (cost=0.00..73925.90 rows=79340 width=4) (actual time=0.023..1254.886 rows=92312 loops=1)
              Filter: ((kind_id > 1) AND (production_year = 2006))
              Rows Removed by Filter: 2436000
Planning time: 2.895 ms
Execution time: 2955.939 ms
