Hash Join  (cost=206231.74..750452.62 rows=4505517 width=0) (actual time=4538.354..21323.524 rows=13081496 loops=1)
  Hash Cond: (mi.movie_id = t.id)
  ->  Seq Scan on movie_info mi  (cost=0.00..346232.03 rows=12928982 width=4) (actual time=0.015..7013.821 rows=12970088 loops=1)
        Filter: (info_type_id < 18)
        Rows Removed by Filter: 1865632
  ->  Hash  (cost=191775.42..191775.42 rows=881146 width=8) (actual time=4537.345..4537.345 rows=1078882 loops=1)
        Buckets: 131072  Batches: 16  Memory Usage: 3669kB
        ->  Hash Join  (cost=102767.86..191775.42 rows=881146 width=8) (actual time=2317.525..4207.485 rows=1078882 loops=1)
              Hash Cond: (mc.movie_id = t.id)
              ->  Seq Scan on movie_companies mc  (cost=0.00..57926.93 rows=881146 width=4) (actual time=374.840..980.560 rows=1078882 loops=1)
                    Filter: ((company_id > 2561) AND (company_type_id > 1))
                    Rows Removed by Filter: 1530247
              ->  Hash  (cost=61283.27..61283.27 rows=2528527 width=4) (actual time=1941.411..1941.411 rows=2528312 loops=1)
                    Buckets: 131072  Batches: 64  Memory Usage: 2415kB
                    ->  Seq Scan on title t  (cost=0.00..61283.27 rows=2528527 width=4) (actual time=0.027..1081.924 rows=2528312 loops=1)
Planning time: 1.159 ms
Execution time: 22793.238 ms
