Seq Scan on cast_info ci  (cost=0.00..796071.18 rows=425818 width=0) (actual time=6828.736..10494.631 rows=2439516 loops=1)
  Filter: ((person_id > 3414227) AND (role_id = 10))
  Rows Removed by Filter: 33804828
Planning time: 0.414 ms
Execution time: 10795.213 ms
