Hash Join  (cost=67697.55..156742.06 rows=6258 width=0) (actual time=959.425..2648.988 rows=9314 loops=1)
  Hash Cond: (mk.movie_id = t.id)
  ->  Seq Scan on movie_keyword mk  (cost=0.00..81003.12 rows=2127681 width=4) (actual time=0.021..1359.143 rows=2126868 loops=1)
        Filter: (keyword_id > 5573)
        Rows Removed by Filter: 2397062
  ->  Hash  (cost=67604.59..67604.59 rows=7437 width=4) (actual time=948.887..948.887 rows=11121 loops=1)
        Buckets: 16384 (originally 8192)  Batches: 1 (originally 1)  Memory Usage: 519kB
        ->  Seq Scan on title t  (cost=0.00..67604.59 rows=7437 width=4) (actual time=0.190..943.338 rows=11121 loops=1)
              Filter: (production_year = 1960)
              Rows Removed by Filter: 2517191
Planning time: 0.822 ms
Execution time: 2650.482 ms
