Seq Scan on cast_info ci  (cost=0.00..705507.15 rows=4535446 width=0) (actual time=650.021..10159.504 rows=4565720 loops=1)
  Filter: (person_id > 3229390)
  Rows Removed by Filter: 31678624
Planning time: 0.329 ms
Execution time: 10649.568 ms
