Hash Join  (cost=73454.11..203227.89 rows=637874 width=0) (actual time=1144.580..4437.018 rows=916122 loops=1)
  Hash Cond: (mk.movie_id = t.id)
  ->  Seq Scan on movie_keyword mk  (cost=0.00..69693.30 rows=4523930 width=4) (actual time=0.014..1308.328 rows=4523930 loops=1)
  ->  Hash  (cost=67604.59..67604.59 rows=356522 width=4) (actual time=1143.671..1143.671 rows=352081 loops=1)
        Buckets: 131072  Batches: 8  Memory Usage: 2571kB
        ->  Seq Scan on title t  (cost=0.00..67604.59 rows=356522 width=4) (actual time=0.029..1017.101 rows=352081 loops=1)
              Filter: (production_year < 1969)
              Rows Removed by Filter: 2176231
Planning time: 0.734 ms
Execution time: 4540.643 ms
