Hash Join  (cost=461245.42..592479.10 rows=757665 width=0) (actual time=7886.164..11716.007 rows=1687959 loops=1)
  Hash Cond: (mk.movie_id = t.id)
  ->  Seq Scan on movie_keyword mk  (cost=0.00..69693.30 rows=4523930 width=4) (actual time=0.014..1447.075 rows=4523930 loops=1)
  ->  Hash  (cost=454296.97..454296.97 rows=423476 width=8) (actual time=7885.360..7885.360 rows=386914 loops=1)
        Buckets: 131072  Batches: 8  Memory Usage: 2926kB
        ->  Hash Join  (cost=89299.55..454296.97 rows=423476 width=8) (actual time=5823.483..7764.636 rows=386914 loops=1)
              Hash Cond: (mi.movie_id = t.id)
              ->  Seq Scan on movie_info mi  (cost=0.00..346232.03 rows=809768 width=4) (actual time=3744.554..4993.073 rows=802140 loops=1)
                    Filter: (info_type_id < 2)
                    Rows Removed by Filter: 14033580
              ->  Hash  (cost=67604.59..67604.59 rows=1322317 width=4) (actual time=2078.215..2078.215 rows=1322863 loops=1)
                    Buckets: 131072  Batches: 32  Memory Usage: 2488kB
                    ->  Seq Scan on title t  (cost=0.00..67604.59 rows=1322317 width=4) (actual time=0.022..1367.486 rows=1322863 loops=1)
                          Filter: (production_year > 2001)
                          Rows Removed by Filter: 1205449
Planning time: 7.294 ms
Execution time: 11926.489 ms
