Hash Join  (cost=156276.23..1213387.69 rows=2268930 width=0) (actual time=2967.445..32461.420 rows=6457790 loops=1)
  Hash Cond: (ci.movie_id = t.id)
  ->  Seq Scan on cast_info ci  (cost=0.00..614943.12 rows=36225612 width=4) (actual time=0.017..12801.724 rows=36244344 loops=1)
  ->  Hash  (cost=153677.60..153677.60 rows=158370 width=8) (actual time=2966.612..2966.612 rows=188630 loops=1)
        Buckets: 131072  Batches: 4  Memory Usage: 2862kB
        ->  Hash Join  (cost=76444.38..153677.60 rows=158370 width=8) (actual time=879.025..2903.620 rows=188630 loops=1)
              Hash Cond: (mc.movie_id = t.id)
              ->  Seq Scan on movie_companies mc  (cost=0.00..44881.29 rows=2609129 width=4) (actual time=0.015..902.430 rows=2609129 loops=1)
              ->  Hash  (cost=73925.90..73925.90 rows=153478 width=4) (actual time=878.162..878.162 rows=134760 loops=1)
                    Buckets: 131072  Batches: 4  Memory Usage: 2216kB
                    ->  Seq Scan on title t  (cost=0.00..73925.90 rows=153478 width=4) (actual time=0.185..833.216 rows=134760 loops=1)
                          Filter: ((kind_id < 7) AND (production_year > 2010))
                          Rows Removed by Filter: 2393552
Planning time: 1.210 ms
Execution time: 33251.117 ms
