Hash Join  (cost=102767.86..237969.71 rows=1841891 width=0) (actual time=1905.663..5247.318 rows=1845219 loops=1)
  Hash Cond: (mk.movie_id = t.id)
  ->  Seq Scan on movie_keyword mk  (cost=0.00..81003.12 rows=1841891 width=4) (actual time=0.024..1542.542 rows=1845219 loops=1)
        Filter: (keyword_id > 7511)
        Rows Removed by Filter: 2678711
  ->  Hash  (cost=61283.27..61283.27 rows=2528527 width=4) (actual time=1904.488..1904.488 rows=2528312 loops=1)
        Buckets: 131072  Batches: 64  Memory Usage: 2425kB
        ->  Seq Scan on title t  (cost=0.00..61283.27 rows=2528527 width=4) (actual time=0.011..1022.617 rows=2528312 loops=1)
Planning time: 0.748 ms
Execution time: 5459.128 ms
