Seq Scan on movie_keyword mk  (cost=0.00..81003.12 rows=4511098 width=0) (actual time=0.012..1587.419 rows=4513746 loops=1)
  Filter: (keyword_id < 124939)
  Rows Removed by Filter: 10184
Planning time: 0.330 ms
Execution time: 2152.900 ms
