Seq Scan on movie_keyword mk  (cost=0.00..81003.12 rows=246 width=12) (actual time=62.642..869.080 rows=2 loops=1)
  Filter: (keyword_id = 76113)
  Rows Removed by Filter: 4523928
Planning time: 0.364 ms
Execution time: 869.114 ms
