Hash Join  (cost=242963.69..1027559.97 rows=2234264 width=0) (actual time=13172.786..21838.491 rows=4814604 loops=1)
  Hash Cond: (ci.movie_id = t.id)
  ->  Seq Scan on cast_info ci  (cost=0.00..705507.15 rows=3998100 width=4) (actual time=7501.258..13116.300 rows=4008037 loops=1)
        Filter: (role_id = 3)
        Rows Removed by Filter: 32236307
  ->  Hash  (cost=219780.94..219780.94 rows=1413020 width=8) (actual time=5670.145..5670.145 rows=886170 loops=1)
        Buckets: 131072  Batches: 32  Memory Usage: 2122kB
        ->  Hash Join  (cost=80562.70..219780.94 rows=1413020 width=8) (actual time=1710.197..5402.210 rows=886170 loops=1)
              Hash Cond: (mk.movie_id = t.id)
              ->  Seq Scan on movie_keyword mk  (cost=0.00..69693.30 rows=4523930 width=4) (actual time=0.052..1376.522 rows=4523930 loops=1)
              ->  Hash  (cost=67604.59..67604.59 rows=789769 width=4) (actual time=1708.752..1708.752 rows=784926 loops=1)
                    Buckets: 131072  Batches: 16  Memory Usage: 2756kB
                    ->  Seq Scan on title t  (cost=0.00..67604.59 rows=789769 width=4) (actual time=0.028..1138.640 rows=784926 loops=1)
                          Filter: (production_year > 2007)
                          Rows Removed by Filter: 1743386
Planning time: 1.261 ms
Execution time: 22369.997 ms
