Hash Join  (cost=423070.87..1175029.82 rows=116978 width=0) (actual time=6350.586..22908.173 rows=1218400 loops=1)
  Hash Cond: (ci.movie_id = t.id)
  ->  Seq Scan on cast_info ci  (cost=0.00..614943.12 rows=36225612 width=4) (actual time=0.030..8671.001 rows=36244344 loops=1)
  ->  Hash  (cost=422968.81..422968.81 rows=8165 width=8) (actual time=6349.879..6349.879 rows=8426 loops=1)
        Buckets: 16384 (originally 8192)  Batches: 1 (originally 1)  Memory Usage: 458kB
        ->  Hash Join  (cost=74344.78..422968.81 rows=8165 width=8) (actual time=3815.656..6345.993 rows=8426 loops=1)
              Hash Cond: (mi.movie_id = t.id)
              ->  Seq Scan on movie_info mi  (cost=0.00..346232.03 rows=616095 width=4) (actual time=2373.773..5135.268 rows=598457 loops=1)
                    Filter: (info_type_id = 15)
                    Rows Removed by Filter: 14237263
              ->  Hash  (cost=73925.90..73925.90 rows=33510 width=4) (actual time=1109.152..1109.152 rows=22107 loops=1)
                    Buckets: 65536  Batches: 1  Memory Usage: 1290kB
                    ->  Seq Scan on title t  (cost=0.00..73925.90 rows=33510 width=4) (actual time=0.042..1099.315 rows=22107 loops=1)
                          Filter: ((kind_id = 1) AND (production_year = 2008))
                          Rows Removed by Filter: 2506205
Planning time: 1.182 ms
Execution time: 23074.506 ms
