Seq Scan on cast_info ci  (cost=0.00..796071.18 rows=11156370 width=0) (actual time=0.731..14488.631 rows=17313584 loops=1)
  Filter: ((person_id > 1886760) AND (role_id > 1))
  Rows Removed by Filter: 18930760
Planning time: 1.271 ms
Execution time: 16587.312 ms
