Seq Scan on movie_companies mc  (cost=0.00..51404.11 rows=660011 width=0) (actual time=0.036..870.654 rows=653218 loops=1)
  Filter: (company_id < 903)
  Rows Removed by Filter: 1955911
Planning time: 0.354 ms
Execution time: 952.066 ms
