Hash Join  (cost=87642.27..619447.44 rows=4873325 width=0) (actual time=1584.294..18388.584 rows=3221404 loops=1)
  Hash Cond: (mi.movie_id = t.id)
  ->  Seq Scan on movie_info mi  (cost=0.00..309384.22 rows=14739122 width=4) (actual time=0.013..6117.608 rows=14835720 loops=1)
  ->  Hash  (cost=73925.90..73925.90 rows=836029 width=4) (actual time=1583.018..1583.018 rows=742319 loops=1)
        Buckets: 131072  Batches: 16  Memory Usage: 2663kB
        ->  Seq Scan on title t  (cost=0.00..73925.90 rows=836029 width=4) (actual time=0.023..1339.643 rows=742319 loops=1)
              Filter: ((kind_id > 1) AND (production_year < 2002))
              Rows Removed by Filter: 1785993
Planning time: 0.971 ms
Execution time: 18774.996 ms
