Hash Join  (cost=68100.81..806199.25 rows=130966 width=0) (actual time=611.754..14370.500 rows=122145 loops=1)
  Hash Cond: (ci.movie_id = t.id)
  ->  Seq Scan on cast_info ci  (cost=0.00..705507.15 rows=8341768 width=4) (actual time=0.227..11463.459 rows=8243983 loops=1)
        Filter: (person_id < 805894)
        Rows Removed by Filter: 28000361
  ->  Hash  (cost=67604.59..67604.59 rows=39698 width=4) (actual time=595.323..595.323 rows=36437 loops=1)
        Buckets: 65536  Batches: 1  Memory Usage: 1793kB
        ->  Seq Scan on title t  (cost=0.00..67604.59 rows=39698 width=4) (actual time=0.022..583.925 rows=36437 loops=1)
              Filter: (production_year = 1995)
              Rows Removed by Filter: 2491875
Planning time: 0.768 ms
Execution time: 14389.142 ms
