Hash Join  (cost=70211.59..441756.68 rows=30744 width=169) (actual time=2025.516..5341.171 rows=27421 loops=1)
  Hash Cond: (mi.movie_id = t.id)
  ->  Seq Scan on movie_info mi  (cost=0.00..346232.03 rows=809768 width=75) (actual time=1260.025..3566.129 rows=802140 loops=1)
        Filter: (info_type_id < 2)
        Rows Removed by Filter: 14033580
  ->  Hash  (cost=67604.59..67604.59 rows=96000 width=94) (actual time=764.769..764.769 rows=95005 loops=1)
        Buckets: 32768  Batches: 4  Memory Usage: 2913kB
        ->  Seq Scan on title t  (cost=0.00..67604.59 rows=96000 width=94) (actual time=0.052..725.464 rows=95005 loops=1)
              Filter: (production_year = 2005)
              Rows Removed by Filter: 2433307
Planning time: 0.788 ms
Execution time: 5343.270 ms
