Hash Join  (cost=85692.35..1225042.77 rows=10274525 width=0) (actual time=1463.525..35409.756 rows=10245517 loops=1)
  Hash Cond: (ci.movie_id = t.id)
  ->  Seq Scan on cast_info ci  (cost=0.00..614943.12 rows=36225612 width=4) (actual time=0.023..13478.463 rows=36244344 loops=1)
  ->  Hash  (cost=73925.90..73925.90 rows=717156 width=4) (actual time=1462.419..1462.419 rows=620281 loops=1)
        Buckets: 131072  Batches: 16  Memory Usage: 2386kB
        ->  Seq Scan on title t  (cost=0.00..73925.90 rows=717156 width=4) (actual time=0.023..1265.137 rows=620281 loops=1)
              Filter: ((kind_id < 7) AND (production_year > 1986))
              Rows Removed by Filter: 1908031
Planning time: 0.798 ms
Execution time: 36647.146 ms
