Seq Scan on cast_info ci  (cost=0.00..796071.18 rows=8292668 width=0) (actual time=0.022..16204.327 rows=8806398 loops=1)
  Filter: ((person_id > 422093) AND (role_id > 4))
  Rows Removed by Filter: 27437946
Planning time: 0.605 ms
Execution time: 17304.816 ms
