Hash Join  (cost=228394.09..822750.93 rows=7963967 width=0) (actual time=5823.566..29923.358 rows=46372312 loops=1)
  Hash Cond: (mi.movie_id = t.id)
  ->  Seq Scan on movie_info mi  (cost=0.00..346232.03 rows=12665229 width=4) (actual time=0.011..7030.574 rows=12744652 loops=1)
        Filter: (info_type_id > 2)
        Rows Removed by Filter: 2091068
  ->  Hash  (cost=202308.69..202308.69 rows=1589952 width=8) (actual time=5821.798..5821.798 rows=1580085 loops=1)
        Buckets: 131072  Batches: 32  Memory Usage: 2993kB
        ->  Hash Join  (cost=102767.86..202308.69 rows=1589952 width=8) (actual time=1884.480..5329.114 rows=1580085 loops=1)
              Hash Cond: (mc.movie_id = t.id)
              ->  Seq Scan on movie_companies mc  (cost=0.00..51404.11 rows=1589952 width=4) (actual time=0.039..1114.600 rows=1580085 loops=1)
                    Filter: (company_id < 15645)
                    Rows Removed by Filter: 1029044
              ->  Hash  (cost=61283.27..61283.27 rows=2528527 width=4) (actual time=1883.290..1883.290 rows=2528312 loops=1)
                    Buckets: 131072  Batches: 64  Memory Usage: 2415kB
                    ->  Seq Scan on title t  (cost=0.00..61283.27 rows=2528527 width=4) (actual time=0.015..1049.796 rows=2528312 loops=1)
Planning time: 1.839 ms
Execution time: 34846.151 ms
