Hash Join  (cost=96651.52..705000.71 rows=10320336 width=0) (actual time=1873.461..17827.555 rows=5765094 loops=1)
  Hash Cond: (mi.movie_id = t.id)
  ->  Seq Scan on movie_info mi  (cost=0.00..309384.22 rows=14739122 width=4) (actual time=0.016..6340.781 rows=14835720 loops=1)
  ->  Hash  (cost=67604.59..67604.59 rows=1770475 width=4) (actual time=1872.225..1872.225 rows=1774635 loops=1)
        Buckets: 131072  Batches: 32  Memory Usage: 2984kB
        ->  Seq Scan on title t  (cost=0.00..67604.59 rows=1770475 width=4) (actual time=0.017..1280.202 rows=1774635 loops=1)
              Filter: (kind_id > 2)
              Rows Removed by Filter: 753677
Planning time: 0.809 ms
Execution time: 18505.534 ms
