Hash Join  (cost=145528.20..646590.66 rows=1992150 width=0) (actual time=3138.867..17446.411 rows=4791477 loops=1)
  Hash Cond: (mi.movie_id = t.id)
  ->  Seq Scan on movie_info mi  (cost=0.00..309384.22 rows=14739122 width=4) (actual time=0.028..5663.143 rows=14835720 loops=1)
  ->  Hash  (cost=139921.22..139921.22 rows=341758 width=8) (actual time=3137.961..3137.961 rows=329931 loops=1)
        Buckets: 131072  Batches: 8  Memory Usage: 2646kB
        ->  Hash Join  (cost=98098.54..139921.22 rows=341758 width=8) (actual time=1888.884..3030.457 rows=329931 loops=1)
              Hash Cond: (mi_idx.movie_id = t.id)
              ->  Seq Scan on movie_info_idx mi_idx  (cost=0.00..25185.44 rows=464934 width=4) (actual time=0.022..465.593 rows=460185 loops=1)
                    Filter: (info_type_id > 100)
                    Rows Removed by Filter: 919850
              ->  Hash  (cost=67604.59..67604.59 rows=1858636 width=4) (actual time=1887.709..1887.709 rows=1852807 loops=1)
                    Buckets: 131072  Batches: 32  Memory Usage: 3067kB
                    ->  Seq Scan on title t  (cost=0.00..67604.59 rows=1858636 width=4) (actual time=0.026..1295.709 rows=1852807 loops=1)
                          Filter: (production_year > 1985)
                          Rows Removed by Filter: 675505
Planning time: 12.532 ms
Execution time: 18024.027 ms
