Seq Scan on movie_keyword mk  (cost=0.00..81003.12 rows=690280 width=0) (actual time=0.027..1261.540 rows=695724 loops=1)
  Filter: (keyword_id > 27088)
  Rows Removed by Filter: 3828206
Planning time: 0.381 ms
Execution time: 1351.004 ms
