Hash Join  (cost=78988.28..119570.56 rows=168380 width=0) (actual time=1282.968..2466.966 rows=195295 loops=1)
  Hash Cond: (mi_idx.movie_id = t.id)
  ->  Seq Scan on movie_info_idx mi_idx  (cost=0.00..21735.35 rows=1380035 width=4) (actual time=0.047..502.634 rows=1380035 loops=1)
  ->  Hash  (cost=73925.90..73925.90 rows=308510 width=4) (actual time=1282.068..1282.068 rows=266599 loops=1)
        Buckets: 131072  Batches: 8  Memory Usage: 2191kB
        ->  Seq Scan on title t  (cost=0.00..73925.90 rows=308510 width=4) (actual time=0.024..1195.185 rows=266599 loops=1)
              Filter: ((kind_id < 7) AND (production_year > 2007))
              Rows Removed by Filter: 2261713
Planning time: 0.741 ms
Execution time: 2492.742 ms
