Hash Join  (cost=217442.17..1455447.38 rows=1145237 width=148) (actual time=3335.219..18711.939 rows=1576769 loops=1)
  Hash Cond: (ci.movie_id = t.id)
  ->  Seq Scan on cast_info ci  (cost=0.00..705507.15 rows=22984744 width=42) (actual time=0.020..7421.729 rows=22871684 loops=1)
        Filter: (person_id < 2335094)
        Rows Removed by Filter: 13372660
  ->  Hash  (cost=213775.35..213775.35 rows=125986 width=106) (actual time=3332.568..3332.568 rows=84343 loops=1)
        Buckets: 32768  Batches: 8  Memory Usage: 1642kB
        ->  Hash Join  (cost=76080.65..213775.35 rows=125986 width=106) (actual time=989.406..3285.420 rows=84343 loops=1)
              Hash Cond: (mk.movie_id = t.id)
              ->  Seq Scan on movie_keyword mk  (cost=0.00..81003.12 rows=4015122 width=12) (actual time=0.021..1093.608 rows=4024172 loops=1)
                    Filter: (keyword_id < 36091)
                    Rows Removed by Filter: 499758
              ->  Hash  (cost=73925.90..73925.90 rows=79340 width=94) (actual time=986.556..986.556 rows=92312 loops=1)
                    Buckets: 32768  Batches: 4  Memory Usage: 2872kB
                    ->  Seq Scan on title t  (cost=0.00..73925.90 rows=79340 width=94) (actual time=0.019..946.618 rows=92312 loops=1)
                          Filter: ((kind_id > 1) AND (production_year = 2006))
                          Rows Removed by Filter: 2436000
Planning time: 1.426 ms
Execution time: 18768.368 ms
