Hash Join  (cost=83810.17..145856.12 rows=6531 width=0) (actual time=1817.806..2596.772 rows=5429 loops=1)
  Hash Cond: (mc.movie_id = t.id)
  ->  Seq Scan on movie_companies mc  (cost=0.00..57926.93 rows=16719 width=4) (actual time=387.413..981.320 rows=35517 loops=1)
        Filter: ((company_type_id < 2) AND (company_id = 160))
        Rows Removed by Filter: 2573612
  ->  Hash  (cost=67604.59..67604.59 rows=987727 width=4) (actual time=1429.010..1429.010 rows=985048 loops=1)
        Buckets: 131072  Batches: 16  Memory Usage: 3188kB
        ->  Seq Scan on title t  (cost=0.00..67604.59 rows=987727 width=4) (actual time=0.326..1091.956 rows=985048 loops=1)
              Filter: (kind_id < 7)
              Rows Removed by Filter: 1543264
Planning time: 1.982 ms
Execution time: 2597.649 ms
