Nested Loop  (cost=0.43..83071.67 rows=246 width=0) (actual time=4.206..1224.009 rows=1432 loops=1)
  ->  Seq Scan on movie_keyword mk  (cost=0.00..81003.12 rows=246 width=4) (actual time=3.470..1175.476 rows=1432 loops=1)
        Filter: (keyword_id = 1935)
        Rows Removed by Filter: 4522498
  ->  Index Only Scan using title_pkey on title t  (cost=0.43..8.40 rows=1 width=4) (actual time=0.032..0.033 rows=1 loops=1432)
        Index Cond: (id = mk.movie_id)
        Heap Fetches: 1432
Planning time: 0.752 ms
Execution time: 1224.585 ms
