Seq Scan on cast_info ci  (cost=0.00..705507.15 rows=22420643 width=0) (actual time=0.012..13307.552 rows=22278730 loops=1)
  Filter: (person_id < 2269233)
  Rows Removed by Filter: 13965614
Planning time: 0.315 ms
Execution time: 16095.649 ms
