Seq Scan on cast_info ci  (cost=0.00..796071.18 rows=1271955 width=0) (actual time=9235.218..14528.815 rows=1272897 loops=1)
  Filter: ((person_id > 935044) AND (role_id = 8))
  Rows Removed by Filter: 34971447
Planning time: 0.387 ms
Execution time: 14685.530 ms
