Seq Scan on movie_info mi  (cost=0.00..346232.03 rows=13782062 width=0) (actual time=0.014..6395.452 rows=13822547 loops=1)
  Filter: (info_type_id < 87)
  Rows Removed by Filter: 1013173
Planning time: 0.344 ms
Execution time: 8106.340 ms
