Hash Join  (cost=81842.24..201929.01 rows=526943 width=0) (actual time=1191.314..4621.428 rows=880934 loops=1)
  Hash Cond: (mk.movie_id = t.id)
  ->  Seq Scan on movie_keyword mk  (cost=0.00..81003.12 rows=2761389 width=4) (actual time=0.034..1658.109 rows=2755568 loops=1)
        Filter: (keyword_id < 7845)
        Rows Removed by Filter: 1768362
  ->  Hash  (cost=73925.90..73925.90 rows=482507 width=4) (actual time=1190.319..1190.319 rows=368439 loops=1)
        Buckets: 131072  Batches: 8  Memory Usage: 2656kB
        ->  Seq Scan on title t  (cost=0.00..73925.90 rows=482507 width=4) (actual time=0.018..1070.296 rows=368439 loops=1)
              Filter: ((kind_id < 3) AND (production_year > 1995))
              Rows Removed by Filter: 2159873
Planning time: 0.759 ms
Execution time: 4729.746 ms
