Hash Join  (cost=190230.21..322139.55 rows=1459515 width=0) (actual time=4281.382..8639.198 rows=6204959 loops=1)
  Hash Cond: (mk.movie_id = t.id)
  ->  Seq Scan on movie_keyword mk  (cost=0.00..81003.12 rows=2674151 width=4) (actual time=0.018..1661.757 rows=2662854 loops=1)
        Filter: (keyword_id > 3116)
        Rows Removed by Filter: 1861076
  ->  Hash  (cost=167588.78..167588.78 rows=1380035 width=8) (actual time=4280.621..4280.621 rows=1380035 loops=1)
        Buckets: 131072  Batches: 32  Memory Usage: 2726kB
        ->  Hash Join  (cost=102767.86..167588.78 rows=1380035 width=8) (actual time=1922.218..3867.826 rows=1380035 loops=1)
              Hash Cond: (mi_idx.movie_id = t.id)
              ->  Seq Scan on movie_info_idx mi_idx  (cost=0.00..21735.35 rows=1380035 width=4) (actual time=0.015..459.660 rows=1380035 loops=1)
              ->  Hash  (cost=61283.27..61283.27 rows=2528527 width=4) (actual time=1919.815..1919.815 rows=2528312 loops=1)
                    Buckets: 131072  Batches: 64  Memory Usage: 2415kB
                    ->  Seq Scan on title t  (cost=0.00..61283.27 rows=2528527 width=4) (actual time=0.020..1097.644 rows=2528312 loops=1)
Planning time: 1.101 ms
Execution time: 9305.506 ms
