Hash Join  (cost=225201.40..1526672.87 rows=21648329 width=0) (actual time=5500.965..50250.470 rows=42194785 loops=1)
  Hash Cond: (ci.movie_id = t.id)
  ->  Seq Scan on cast_info ci  (cost=0.00..614943.12 rows=36225612 width=4) (actual time=0.012..13777.292 rows=36244344 loops=1)
  ->  Hash  (cost=200410.39..200410.39 rows=1511041 width=8) (actual time=5500.050..5500.050 rows=1518311 loops=1)
        Buckets: 131072  Batches: 32  Memory Usage: 2867kB
        ->  Hash Join  (cost=102767.86..200410.39 rows=1511041 width=8) (actual time=2050.353..5026.153 rows=1518311 loops=1)
              Hash Cond: (mc.movie_id = t.id)
              ->  Seq Scan on movie_companies mc  (cost=0.00..51404.11 rows=1511041 width=4) (actual time=0.014..945.513 rows=1518311 loops=1)
                    Filter: (company_id > 7264)
                    Rows Removed by Filter: 1090818
              ->  Hash  (cost=61283.27..61283.27 rows=2528527 width=4) (actual time=2049.096..2049.096 rows=2528312 loops=1)
                    Buckets: 131072  Batches: 64  Memory Usage: 2415kB
                    ->  Seq Scan on title t  (cost=0.00..61283.27 rows=2528527 width=4) (actual time=0.011..1172.453 rows=2528312 loops=1)
Planning time: 0.629 ms
Execution time: 55380.624 ms
