Seq Scan on movie_keyword mk  (cost=0.00..81003.12 rows=246 width=0) (actual time=0.222..1333.690 rows=1733 loops=1)
  Filter: (keyword_id = 1532)
  Rows Removed by Filter: 4522197
Planning time: 1.722 ms
Execution time: 1334.328 ms
