Seq Scan on cast_info ci  (cost=0.00..705507.15 rows=106313 width=0) (actual time=801.796..11034.300 rows=95775 loops=1)
  Filter: (person_id < 10931)
  Rows Removed by Filter: 36148569
Planning time: 0.326 ms
Execution time: 11049.609 ms
