Hash Join  (cost=102767.86..965721.90 rows=6132732 width=0) (actual time=6773.192..19841.537 rows=6205210 loops=1)
  Hash Cond: (ci.movie_id = t.id)
  ->  Seq Scan on cast_info ci  (cost=0.00..705507.15 rows=6132732 width=4) (actual time=4780.784..12188.608 rows=6205210 loops=1)
        Filter: (person_id > 3030578)
        Rows Removed by Filter: 30039134
  ->  Hash  (cost=61283.27..61283.27 rows=2528527 width=4) (actual time=1991.042..1991.042 rows=2528312 loops=1)
        Buckets: 131072  Batches: 64  Memory Usage: 2415kB
        ->  Seq Scan on title t  (cost=0.00..61283.27 rows=2528527 width=4) (actual time=0.020..1144.451 rows=2528312 loops=1)
Planning time: 0.731 ms
Execution time: 20584.355 ms
