Seq Scan on cast_info ci  (cost=0.00..705507.15 rows=19353313 width=0) (actual time=0.029..12006.216 rows=19513915 loops=1)
  Filter: (person_id > 1656070)
  Rows Removed by Filter: 16730429
Planning time: 0.352 ms
Execution time: 14289.690 ms
