Hash Join  (cost=92883.59..167692.49 rows=350062 width=0) (actual time=1911.093..3642.888 rows=315678 loops=1)
  Hash Cond: (mc.movie_id = t.id)
  ->  Seq Scan on movie_companies mc  (cost=0.00..57926.93 rows=574469 width=4) (actual time=0.018..1035.164 rows=785250 loops=1)
        Filter: ((company_id < 9749) AND (company_type_id < 2))
        Rows Removed by Filter: 1823879
  ->  Hash  (cost=67604.59..67604.59 rows=1540800 width=4) (actual time=1909.567..1909.567 rows=1543264 loops=1)
        Buckets: 131072  Batches: 32  Memory Usage: 2722kB
        ->  Seq Scan on title t  (cost=0.00..67604.59 rows=1540800 width=4) (actual time=0.027..1422.519 rows=1543264 loops=1)
              Filter: (kind_id = 7)
              Rows Removed by Filter: 985048
Planning time: 0.691 ms
Execution time: 3678.448 ms
