Seq Scan on movie_keyword mk  (cost=0.00..81003.12 rows=246 width=0) (actual time=3.083..1149.256 rows=556 loops=1)
  Filter: (keyword_id = 7579)
  Rows Removed by Filter: 4523374
Planning time: 0.401 ms
Execution time: 1149.548 ms
