Hash Join  (cost=73994.33..160750.31 rows=9794 width=0) (actual time=1242.050..3136.661 rows=3783 loops=1)
  Hash Cond: (mk.movie_id = t.id)
  ->  Seq Scan on movie_keyword mk  (cost=0.00..69693.30 rows=4523930 width=4) (actual time=0.012..1067.124 rows=4523930 loops=1)
  ->  Hash  (cost=73925.90..73925.90 rows=5474 width=4) (actual time=1234.895..1234.895 rows=7792 loops=1)
        Buckets: 8192  Batches: 1  Memory Usage: 338kB
        ->  Seq Scan on title t  (cost=0.00..73925.90 rows=5474 width=4) (actual time=0.022..1230.946 rows=7792 loops=1)
              Filter: ((kind_id > 1) AND (production_year = 1963))
              Rows Removed by Filter: 2520520
Planning time: 0.394 ms
Execution time: 3137.384 ms
