Seq Scan on movie_keyword mk  (cost=0.00..81003.12 rows=246 width=12) (actual time=4.015..555.810 rows=1844 loops=1)
  Filter: (keyword_id = 496)
  Rows Removed by Filter: 4522086
Planning time: 0.336 ms
Execution time: 555.912 ms
