Hash Join  (cost=86241.46..930068.89 rows=1212061 width=0) (actual time=1580.710..19390.329 rows=1242501 loops=1)
  Hash Cond: (ci.movie_id = t.id)
  ->  Seq Scan on cast_info ci  (cost=0.00..796071.18 rows=2698038 width=4) (actual time=0.019..15850.872 rows=2704258 loops=1)
        Filter: ((person_id > 46632) AND (role_id = 4))
        Rows Removed by Filter: 33540086
  ->  Hash  (cost=67604.59..67604.59 rows=1135910 width=4) (actual time=1579.959..1579.959 rows=1133355 loops=1)
        Buckets: 131072  Batches: 16  Memory Usage: 3516kB
        ->  Seq Scan on title t  (cost=0.00..67604.59 rows=1135910 width=4) (actual time=0.023..1233.293 rows=1133355 loops=1)
              Filter: (production_year < 2002)
              Rows Removed by Filter: 1394957
Planning time: 0.789 ms
Execution time: 19528.836 ms
