Hash Join  (cost=83580.70..145017.55 rows=155580 width=0) (actual time=1520.788..2759.526 rows=222643 loops=1)
  Hash Cond: (mc.movie_id = t.id)
  ->  Seq Scan on movie_companies mc  (cost=0.00..51404.11 rows=403984 width=4) (actual time=0.036..830.084 rows=403659 loops=1)
        Filter: (company_id < 258)
        Rows Removed by Filter: 2205470
  ->  Hash  (cost=67604.59..67604.59 rows=973769 width=4) (actual time=1519.685..1519.685 rows=971188 loops=1)
        Buckets: 131072  Batches: 16  Memory Usage: 3161kB
        ->  Seq Scan on title t  (cost=0.00..67604.59 rows=973769 width=4) (actual time=0.020..1211.112 rows=971188 loops=1)
              Filter: (production_year < 1999)
              Rows Removed by Filter: 1557124
Planning time: 0.817 ms
Execution time: 2785.206 ms
