Hash Join  (cost=161781.91..300970.45 rows=1410650 width=0) (actual time=4691.797..7004.036 rows=1107102 loops=1)
  Hash Cond: (mk.movie_id = t.id)
  ->  Seq Scan on movie_keyword mk  (cost=0.00..69693.30 rows=4523930 width=4) (actual time=0.023..1468.197 rows=4523930 loops=1)
  ->  Hash  (cost=148846.36..148846.36 rows=788444 width=8) (actual time=3386.169..3386.169 rows=425568 loops=1)
        Buckets: 131072  Batches: 16  Memory Usage: 2068kB
        ->  Hash Join  (cost=97626.44..148846.36 rows=788444 width=8) (actual time=1891.760..3257.985 rows=425568 loops=1)
              Hash Cond: (mi_idx.movie_id = t.id)
              ->  Seq Scan on movie_info_idx mi_idx  (cost=0.00..21735.35 rows=1380035 width=4) (actual time=0.022..405.152 rows=1380035 loops=1)
              ->  Hash  (cost=73925.90..73925.90 rows=1444603 width=4) (actual time=1890.724..1890.724 rows=1478438 loops=1)
                    Buckets: 131072  Batches: 32  Memory Usage: 2651kB
                    ->  Seq Scan on title t  (cost=0.00..73925.90 rows=1444603 width=4) (actual time=138.224..1404.499 rows=1478438 loops=1)
                          Filter: ((production_year > 1920) AND (kind_id = 7))
                          Rows Removed by Filter: 1049874
Planning time: 1.187 ms
Execution time: 7130.890 ms
