Hash Join  (cost=132070.64..219469.78 rows=74110 width=0) (actual time=2355.113..4588.920 rows=437234 loops=1)
  Hash Cond: (mk.movie_id = t.id)
  ->  Seq Scan on movie_keyword mk  (cost=0.00..69693.30 rows=4523930 width=4) (actual time=0.021..830.956 rows=4523930 loops=1)
  ->  Hash  (cost=131552.87..131552.87 rows=41422 width=8) (actual time=2354.537..2354.537 rows=84500 loops=1)
        Buckets: 131072 (originally 65536)  Batches: 2 (originally 1)  Memory Usage: 3073kB
        ->  Hash Join  (cost=75321.41..131552.87 rows=41422 width=8) (actual time=1247.252..2319.751 rows=84500 loops=1)
              Hash Cond: (mc.movie_id = t.id)
              ->  Seq Scan on movie_companies mc  (cost=0.00..51404.11 rows=222700 width=4) (actual time=0.020..858.376 rows=222351 loops=1)
                    Filter: (company_id < 78)
                    Rows Removed by Filter: 2386778
              ->  Hash  (cost=67604.59..67604.59 rows=470306 width=4) (actual time=1243.826..1243.826 rows=465563 loops=1)
                    Buckets: 131072  Batches: 8  Memory Usage: 3063kB
                    ->  Seq Scan on title t  (cost=0.00..67604.59 rows=470306 width=4) (actual time=0.019..1097.242 rows=465563 loops=1)
                          Filter: (production_year < 1977)
                          Rows Removed by Filter: 2062749
Planning time: 2.681 ms
Execution time: 4639.076 ms
