Seq Scan on movie_keyword mk  (cost=0.00..81003.12 rows=246 width=0) (actual time=0.813..1208.911 rows=770 loops=1)
  Filter: (keyword_id = 707)
  Rows Removed by Filter: 4523160
Planning time: 0.487 ms
Execution time: 1209.310 ms
