Hash Join  (cost=169508.63..977167.42 rows=19255 width=0) (actual time=10734.175..17519.378 rows=174316 loops=1)
  Hash Cond: (ci.movie_id = t.id)
  ->  Seq Scan on cast_info ci  (cost=0.00..796071.18 rows=3038681 width=4) (actual time=7782.146..12963.985 rows=6157181 loops=1)
        Filter: ((person_id < 838169) AND (role_id = 1))
        Rows Removed by Filter: 30087163
  ->  Hash  (cost=169308.34..169308.34 rows=16023 width=8) (actual time=2951.693..2951.693 rows=33042 loops=1)
        Buckets: 65536 (originally 16384)  Batches: 1 (originally 1)  Memory Usage: 1803kB
        ->  Hash Join  (cost=83810.17..169308.34 rows=16023 width=8) (actual time=1537.989..2939.952 rows=33042 loops=1)
              Hash Cond: (mk.movie_id = t.id)
              ->  Seq Scan on movie_keyword mk  (cost=0.00..81003.12 rows=41017 width=4) (actual time=1.812..1192.442 rows=41840 loops=1)
                    Filter: (keyword_id = 117)
                    Rows Removed by Filter: 4482090
              ->  Hash  (cost=67604.59..67604.59 rows=987727 width=4) (actual time=1534.372..1534.372 rows=985048 loops=1)
                    Buckets: 131072  Batches: 16  Memory Usage: 3197kB
                    ->  Seq Scan on title t  (cost=0.00..67604.59 rows=987727 width=4) (actual time=0.044..1215.467 rows=985048 loops=1)
                          Filter: (kind_id < 7)
                          Rows Removed by Filter: 1543264
Planning time: 1.385 ms
Execution time: 17543.821 ms
