Seq Scan on cast_info ci  (cost=0.00..705507.15 rows=500 width=0) (actual time=836.266..10990.737 rows=170 loops=1)
  Filter: (person_id = 494836)
  Rows Removed by Filter: 36244174
Planning time: 0.378 ms
Execution time: 10990.879 ms
