Hash Join  (cost=190230.21..634542.61 rows=2972195 width=0) (actual time=6500.762..15013.029 rows=6372851 loops=1)
  Hash Cond: (mi.movie_id = t.id)
  ->  Seq Scan on movie_info mi  (cost=0.00..346232.03 rows=5445713 width=4) (actual time=2141.457..5912.609 rows=5410520 loops=1)
        Filter: (info_type_id < 6)
        Rows Removed by Filter: 9425200
  ->  Hash  (cost=167588.78..167588.78 rows=1380035 width=8) (actual time=4358.390..4358.390 rows=1380035 loops=1)
        Buckets: 131072  Batches: 32  Memory Usage: 2726kB
        ->  Hash Join  (cost=102767.86..167588.78 rows=1380035 width=8) (actual time=1978.762..3947.103 rows=1380035 loops=1)
              Hash Cond: (mi_idx.movie_id = t.id)
              ->  Seq Scan on movie_info_idx mi_idx  (cost=0.00..21735.35 rows=1380035 width=4) (actual time=0.029..453.657 rows=1380035 loops=1)
              ->  Hash  (cost=61283.27..61283.27 rows=2528527 width=4) (actual time=1977.055..1977.055 rows=2528312 loops=1)
                    Buckets: 131072  Batches: 64  Memory Usage: 2415kB
                    ->  Seq Scan on title t  (cost=0.00..61283.27 rows=2528527 width=4) (actual time=0.016..1144.220 rows=2528312 loops=1)
Planning time: 1.205 ms
Execution time: 15727.749 ms
