Hash Join  (cost=163067.67..960195.01 rows=2048 width=148) (actual time=5027.267..8869.426 rows=901 loops=1)
  Hash Cond: (ci.movie_id = t.id)
  ->  Seq Scan on cast_info ci  (cost=0.00..796071.18 rows=276180 width=42) (actual time=3105.475..6920.170 rows=95795 loops=1)
        Filter: ((person_id < 2907726) AND (role_id > 10))
        Rows Removed by Filter: 36148549
  ->  Hash  (cost=162833.30..162833.30 rows=18750 width=106) (actual time=1917.937..1917.937 rows=64811 loops=1)
        Buckets: 32768 (originally 32768)  Batches: 4 (originally 1)  Memory Usage: 3841kB
        ->  Hash Join  (cost=67764.72..162833.30 rows=18750 width=106) (actual time=547.082..1877.662 rows=64811 loops=1)
              Hash Cond: (mk.movie_id = t.id)
              ->  Seq Scan on movie_keyword mk  (cost=0.00..81003.12 rows=3700786 width=12) (actual time=0.040..887.764 rows=3692005 loops=1)
                    Filter: (keyword_id < 22128)
                    Rows Removed by Filter: 831925
              ->  Hash  (cost=67604.59..67604.59 rows=12811 width=94) (actual time=546.834..546.834 rows=12600 loops=1)
                    Buckets: 16384  Batches: 1  Memory Usage: 1505kB
                    ->  Seq Scan on title t  (cost=0.00..67604.59 rows=12811 width=94) (actual time=305.817..543.389 rows=12600 loops=1)
                          Filter: (kind_id = 6)
                          Rows Removed by Filter: 2515712
Planning time: 0.888 ms
Execution time: 8869.612 ms
