Hash Join  (cost=504198.83..1703647.73 rows=16124879 width=0) (actual time=9578.310..53923.925 rows=55447239 loops=1)
  Hash Cond: (ci.movie_id = t.id)
  ->  Seq Scan on cast_info ci  (cost=0.00..614943.12 rows=36225612 width=4) (actual time=0.013..13037.097 rows=36244344 loops=1)
  ->  Hash  (cost=485732.99..485732.99 rows=1125507 width=8) (actual time=9577.124..9577.124 rows=1309264 loops=1)
        Buckets: 131072 (originally 131072)  Batches: 32 (originally 16)  Memory Usage: 3073kB
        ->  Hash Join  (cost=89144.17..485732.99 rows=1125507 width=8) (actual time=1512.662..9188.941 rows=1309264 loops=1)
              Hash Cond: (mi.movie_id = t.id)
              ->  Seq Scan on movie_info mi  (cost=0.00..346232.03 rows=3068194 width=4) (actual time=0.017..5624.060 rows=3036719 loops=1)
                    Filter: (info_type_id = 16)
                    Rows Removed by Filter: 11799001
              ->  Hash  (cost=73925.90..73925.90 rows=927541 width=4) (actual time=1512.019..1512.019 rows=892520 loops=1)
                    Buckets: 131072  Batches: 16  Memory Usage: 2995kB
                    ->  Seq Scan on title t  (cost=0.00..73925.90 rows=927541 width=4) (actual time=0.021..1231.205 rows=892520 loops=1)
                          Filter: ((kind_id < 7) AND (production_year > 1919))
                          Rows Removed by Filter: 1635792
Planning time: 1.191 ms
Execution time: 60020.274 ms
