Hash Join  (cost=209703.91..972940.79 rows=460804 width=181) (actual time=3475.796..20643.009 rows=10162704 loops=1)
  Hash Cond: (mi.movie_id = t.id)
  ->  Seq Scan on movie_info mi  (cost=0.00..309384.22 rows=14739122 width=75) (actual time=0.007..3385.638 rows=14835720 loops=1)
  ->  Hash  (cost=207402.76..207402.76 rows=79052 width=106) (actual time=3474.818..3474.818 rows=154392 loops=1)
        Buckets: 32768 (originally 32768)  Batches: 8 (originally 4)  Memory Usage: 3841kB
        ->  Hash Join  (cost=75126.21..207402.76 rows=79052 width=106) (actual time=895.461..3370.957 rows=154392 loops=1)
              Hash Cond: (mk.movie_id = t.id)
              ->  Seq Scan on movie_keyword mk  (cost=0.00..69693.30 rows=4523930 width=12) (actual time=0.015..935.254 rows=4523930 loops=1)
              ->  Hash  (cost=73925.90..73925.90 rows=44184 width=94) (actual time=894.855..894.855 rows=35489 loops=1)
                    Buckets: 32768  Batches: 2  Memory Usage: 2215kB
                    ->  Seq Scan on title t  (cost=0.00..73925.90 rows=44184 width=94) (actual time=0.022..878.718 rows=35489 loops=1)
                          Filter: ((kind_id < 7) AND (production_year = 2007))
                          Rows Removed by Filter: 2492823
Planning time: 0.905 ms
Execution time: 21201.046 ms
