Seq Scan on title t  (cost=0.00..73925.90 rows=28781 width=0) (actual time=0.028..582.833 rows=19082 loops=1)
  Filter: ((kind_id < 3) AND (production_year = 2005))
  Rows Removed by Filter: 2509230
Planning time: 0.380 ms
Execution time: 585.490 ms
