Hash Join  (cost=78556.72..971592.40 rows=1753906 width=0) (actual time=1813.176..19166.156 rows=2320244 loops=1)
  Hash Cond: (ci.movie_id = t.id)
  ->  Seq Scan on cast_info ci  (cost=0.00..796071.18 rows=6643584 width=4) (actual time=214.142..12931.744 rows=7821708 loops=1)
        Filter: ((person_id < 965076) AND (role_id < 4))
        Rows Removed by Filter: 28422636
  ->  Hash  (cost=67604.59..67604.59 rows=667531 width=4) (actual time=1597.934..1597.934 rows=662825 loops=1)
        Buckets: 131072  Batches: 16  Memory Usage: 2476kB
        ->  Seq Scan on title t  (cost=0.00..67604.59 rows=667531 width=4) (actual time=0.025..1123.549 rows=662825 loops=1)
              Filter: (kind_id = 1)
              Rows Removed by Filter: 1865487
Planning time: 0.817 ms
Execution time: 19441.314 ms
