Seq Scan on movie_companies mc  (cost=0.00..51404.11 rows=2136831 width=0) (actual time=0.024..937.881 rows=2139487 loops=1)
  Filter: (company_id > 401)
  Rows Removed by Filter: 469642
Planning time: 0.352 ms
Execution time: 1201.733 ms
