Hash Join  (cost=78556.72..823019.17 rows=675629 width=0) (actual time=3551.575..14071.366 rows=743642 loops=1)
  Hash Cond: (ci.movie_id = t.id)
  ->  Seq Scan on cast_info ci  (cost=0.00..705507.15 rows=2559202 width=4) (actual time=2135.975..11243.547 rows=2507246 loops=1)
        Filter: (person_id < 243044)
        Rows Removed by Filter: 33737098
  ->  Hash  (cost=67604.59..67604.59 rows=667531 width=4) (actual time=1401.051..1401.051 rows=662825 loops=1)
        Buckets: 131072  Batches: 16  Memory Usage: 2476kB
        ->  Seq Scan on title t  (cost=0.00..67604.59 rows=667531 width=4) (actual time=0.045..1194.978 rows=662825 loops=1)
              Filter: (kind_id = 1)
              Rows Removed by Filter: 1865487
Planning time: 0.955 ms
Execution time: 14142.942 ms
