Hash Join  (cost=68332.59..867022.05 rows=15151 width=0) (actual time=6819.530..11336.907 rows=4853 loops=1)
  Hash Cond: (ci.movie_id = t.id)
  ->  Seq Scan on cast_info ci  (cost=0.00..796071.18 rows=657805 width=4) (actual time=6138.890..10586.101 rows=212885 loops=1)
        Filter: ((person_id < 524265) AND (role_id = 10))
        Rows Removed by Filter: 36031459
  ->  Hash  (cost=67604.59..67604.59 rows=58240 width=4) (actual time=679.886..679.886 rows=58590 loops=1)
        Buckets: 65536  Batches: 1  Memory Usage: 2572kB
        ->  Seq Scan on title t  (cost=0.00..67604.59 rows=58240 width=4) (actual time=0.045..660.332 rows=58590 loops=1)
              Filter: (production_year = 2001)
              Rows Removed by Filter: 2469722
Planning time: 1.850 ms
Execution time: 11337.969 ms
