Hash Join  (cost=102767.86..269703.61 rows=3160654 width=0) (actual time=1787.105..6282.902 rows=3144231 loops=1)
  Hash Cond: (mk.movie_id = t.id)
  ->  Seq Scan on movie_keyword mk  (cost=0.00..81003.12 rows=3160654 width=4) (actual time=0.019..1558.621 rows=3144231 loops=1)
        Filter: (keyword_id > 1827)
        Rows Removed by Filter: 1379699
  ->  Hash  (cost=61283.27..61283.27 rows=2528527 width=4) (actual time=1784.270..1784.270 rows=2528312 loops=1)
        Buckets: 131072  Batches: 64  Memory Usage: 2425kB
        ->  Seq Scan on title t  (cost=0.00..61283.27 rows=2528527 width=4) (actual time=0.017..957.255 rows=2528312 loops=1)
Planning time: 0.653 ms
Execution time: 6649.712 ms
