Hash Join  (cost=215833.08..1286970.34 rows=10978324 width=0) (actual time=4529.523..38804.653 rows=27916487 loops=1)
  Hash Cond: (ci.movie_id = t.id)
  ->  Seq Scan on cast_info ci  (cost=0.00..705507.15 rows=21694897 width=4) (actual time=0.010..14485.483 rows=21557246 loops=1)
        Filter: (person_id < 2186641)
        Rows Removed by Filter: 14687098
  ->  Hash  (cost=194840.12..194840.12 rows=1279517 width=8) (actual time=4528.729..4528.729 rows=1274246 loops=1)
        Buckets: 131072  Batches: 32  Memory Usage: 2553kB
        ->  Hash Join  (cost=102767.86..194840.12 rows=1279517 width=8) (actual time=2099.017..4188.493 rows=1274246 loops=1)
              Hash Cond: (mc.movie_id = t.id)
              ->  Seq Scan on movie_companies mc  (cost=0.00..51404.11 rows=1279517 width=4) (actual time=294.924..953.624 rows=1274246 loops=1)
                    Filter: (company_type_id = 1)
                    Rows Removed by Filter: 1334883
              ->  Hash  (cost=61283.27..61283.27 rows=2528527 width=4) (actual time=1802.728..1802.728 rows=2528312 loops=1)
                    Buckets: 131072  Batches: 64  Memory Usage: 2415kB
                    ->  Seq Scan on title t  (cost=0.00..61283.27 rows=2528527 width=4) (actual time=0.018..987.000 rows=2528312 loops=1)
Planning time: 1.190 ms
Execution time: 41650.681 ms
