Seq Scan on cast_info ci  (cost=0.00..796071.18 rows=1148678 width=0) (actual time=188.883..11663.869 rows=712725 loops=1)
  Filter: ((person_id < 243925) AND (role_id > 2))
  Rows Removed by Filter: 35531619
Planning time: 0.383 ms
Execution time: 11754.883 ms
