Seq Scan on movie_companies mc  (cost=0.00..51404.11 rows=1346858 width=0) (actual time=0.031..975.035 rows=1335343 loops=1)
  Filter: (company_id < 11420)
  Rows Removed by Filter: 1273786
Planning time: 0.322 ms
Execution time: 1143.478 ms
