Hash Join  (cost=83810.17..162004.61 rows=414316 width=0) (actual time=1930.286..3700.521 rows=957407 loops=1)
  Hash Cond: (mc.movie_id = t.id)
  ->  Seq Scan on movie_companies mc  (cost=0.00..57926.93 rows=1060625 width=4) (actual time=462.683..1169.489 rows=1274246 loops=1)
        Filter: ((company_id < 77269) AND (company_type_id < 2))
        Rows Removed by Filter: 1334883
  ->  Hash  (cost=67604.59..67604.59 rows=987727 width=4) (actual time=1466.694..1466.694 rows=985048 loops=1)
        Buckets: 131072  Batches: 16  Memory Usage: 3188kB
        ->  Seq Scan on title t  (cost=0.00..67604.59 rows=987727 width=4) (actual time=0.033..1171.147 rows=985048 loops=1)
              Filter: (kind_id < 7)
              Rows Removed by Filter: 1543264
Planning time: 0.734 ms
Execution time: 3813.575 ms
