Seq Scan on cast_info ci  (cost=0.00..796071.18 rows=5837041 width=0) (actual time=8202.749..14110.780 rows=8458907 loops=1)
  Filter: ((person_id > 1873259) AND (role_id > 3))
  Rows Removed by Filter: 27785437
Planning time: 0.358 ms
Execution time: 15175.255 ms
