Seq Scan on cast_info ci  (cost=0.00..796071.18 rows=2718337 width=0) (actual time=491.641..12589.322 rows=3056724 loops=1)
  Filter: ((person_id > 2306240) AND (role_id = 2))
  Rows Removed by Filter: 33187620
Planning time: 0.409 ms
Execution time: 12962.521 ms
