Hash Join  (cost=475415.45..1662914.92 rows=8248046 width=0) (actual time=8223.874..42953.853 rows=5470089 loops=1)
  Hash Cond: (ci.movie_id = t.id)
  ->  Seq Scan on cast_info ci  (cost=0.00..705507.15 rows=34347174 width=4) (actual time=0.013..16631.831 rows=34321695 loops=1)
        Filter: (person_id < 3684194)
        Rows Removed by Filter: 1922649
  ->  Hash  (cost=465453.53..465453.53 rows=607194 width=8) (actual time=8223.088..8223.088 rows=254544 loops=1)
        Buckets: 131072  Batches: 8  Memory Usage: 2274kB
        ->  Hash Join  (cost=93721.77..465453.53 rows=607194 width=8) (actual time=1990.658..8150.303 rows=254544 loops=1)
              Hash Cond: (mi.movie_id = t.id)
              ->  Seq Scan on movie_info mi  (cost=0.00..346232.03 rows=1272478 width=4) (actual time=157.693..5393.453 rows=1325361 loops=1)
                    Filter: (info_type_id = 8)
                    Rows Removed by Filter: 13510359
              ->  Hash  (cost=73925.90..73925.90 rows=1206549 width=4) (actual time=1831.839..1831.839 rows=1293155 loops=1)
                    Buckets: 131072  Batches: 16  Memory Usage: 3882kB
                    ->  Seq Scan on title t  (cost=0.00..73925.90 rows=1206549 width=4) (actual time=155.306..1410.082 rows=1293155 loops=1)
                          Filter: ((production_year > 1977) AND (kind_id = 7))
                          Rows Removed by Filter: 1235157
Planning time: 0.792 ms
Execution time: 43572.361 ms
