Seq Scan on movie_companies mc  (cost=0.00..57926.93 rows=51 width=40) (actual time=257.812..600.540 rows=1 loops=1)
  Filter: ((company_id = 26412) AND (company_type_id = 1))
  Rows Removed by Filter: 2609128
Planning time: 0.489 ms
Execution time: 600.577 ms
