Seq Scan on movie_companies mc  (cost=0.00..51404.11 rows=12263 width=0) (actual time=531.161..799.332 rows=12948 loops=1)
  Filter: (company_id = 11137)
  Rows Removed by Filter: 2596181
Planning time: 0.362 ms
Execution time: 801.449 ms
