Hash Join  (cost=84895.01..1023180.90 rows=4283787 width=0) (actual time=5608.377..24594.936 rows=4676947 loops=1)
  Hash Cond: (ci.movie_id = t.id)
  ->  Seq Scan on cast_info ci  (cost=0.00..705507.15 rows=16201301 width=4) (actual time=4285.143..14289.144 rows=16121683 loops=1)
        Filter: (role_id > 2)
        Rows Removed by Filter: 20122661
  ->  Hash  (cost=73925.90..73925.90 rows=668568 width=4) (actual time=1322.137..1322.137 rows=547616 loops=1)
        Buckets: 131072  Batches: 16  Memory Usage: 2223kB
        ->  Seq Scan on title t  (cost=0.00..73925.90 rows=668568 width=4) (actual time=0.040..1151.756 rows=547616 loops=1)
              Filter: ((kind_id < 4) AND (production_year > 1978))
              Rows Removed by Filter: 1980696
Planning time: 1.938 ms
Execution time: 25131.830 ms
