Seq Scan on movie_companies mc  (cost=0.00..51404.11 rows=2536450 width=0) (actual time=0.033..1064.440 rows=2537231 loops=1)
  Filter: (company_id < 175385)
  Rows Removed by Filter: 71898
Planning time: 5.648 ms
Execution time: 1381.692 ms
