Hash Join  (cost=76086.37..153009.22 rows=135833 width=0) (actual time=1252.317..3418.676 rows=524361 loops=1)
  Hash Cond: (mc.movie_id = t.id)
  ->  Seq Scan on movie_companies mc  (cost=0.00..44881.29 rows=2609129 width=4) (actual time=0.016..890.579 rows=2609129 loops=1)
  ->  Hash  (cost=73925.90..73925.90 rows=131637 width=4) (actual time=1251.473..1251.473 rows=251857 loops=1)
        Buckets: 131072 (originally 131072)  Batches: 4 (originally 2)  Memory Usage: 3239kB
        ->  Seq Scan on title t  (cost=0.00..73925.90 rows=131637 width=4) (actual time=0.037..1161.379 rows=251857 loops=1)
              Filter: ((kind_id < 4) AND (production_year < 1971))
              Rows Removed by Filter: 2276455
Planning time: 1.702 ms
Execution time: 3481.363 ms
