Hash Join  (cost=119239.38..605722.65 rows=625734 width=0) (actual time=2536.822..15778.342 rows=3748792 loops=1)
  Hash Cond: (mi.movie_id = t.id)
  ->  Seq Scan on movie_info mi  (cost=0.00..309384.22 rows=14739122 width=4) (actual time=0.018..6100.770 rows=14835720 loops=1)
  ->  Hash  (cost=117477.56..117477.56 rows=107346 width=8) (actual time=2536.099..2536.099 rows=172178 loops=1)
        Buckets: 131072 (originally 131072)  Batches: 4 (originally 2)  Memory Usage: 3073kB
        ->  Hash Join  (cost=83586.99..117477.56 rows=107346 width=8) (actual time=1588.356..2467.359 rows=172178 loops=1)
              Hash Cond: (mi_idx.movie_id = t.id)
              ->  Seq Scan on movie_info_idx mi_idx  (cost=0.00..25185.44 rows=460978 width=4) (actual time=0.022..577.710 rows=459925 loops=1)
                    Filter: (info_type_id < 100)
                    Rows Removed by Filter: 920110
              ->  Hash  (cost=73925.90..73925.90 rows=588807 width=4) (actual time=1478.247..1478.247 rows=470102 loops=1)
                    Buckets: 131072  Batches: 8  Memory Usage: 3104kB
                    ->  Seq Scan on title t  (cost=0.00..73925.90 rows=588807 width=4) (actual time=555.579..1338.885 rows=470102 loops=1)
                          Filter: ((production_year > 1958) AND (kind_id = 1))
                          Rows Removed by Filter: 2058210
Planning time: 1.126 ms
Execution time: 16206.787 ms
