Hash Join  (cost=83582.82..144242.20 rows=7217 width=0) (actual time=1465.423..2370.984 rows=1504 loops=1)
  Hash Cond: (mc.movie_id = t.id)
  ->  Seq Scan on movie_companies mc  (cost=0.00..57926.93 rows=31007 width=4) (actual time=71.184..882.850 rows=55497 loops=1)
        Filter: ((company_type_id < 2) AND (company_id = 6))
        Rows Removed by Filter: 2553632
  ->  Hash  (cost=73925.90..73925.90 rows=588553 width=4) (actual time=1393.330..1393.330 rows=457509 loops=1)
        Buckets: 131072  Batches: 8  Memory Usage: 3038kB
        ->  Seq Scan on title t  (cost=0.00..73925.90 rows=588553 width=4) (actual time=0.024..1246.286 rows=457509 loops=1)
              Filter: ((kind_id < 4) AND (production_year > 1991))
              Rows Removed by Filter: 2070803
Planning time: 0.725 ms
Execution time: 2371.478 ms
