Seq Scan on movie_companies mc  (cost=0.00..57926.93 rows=53 width=0) (actual time=307.103..824.592 rows=112 loops=1)
  Filter: ((company_type_id > 1) AND (company_id = 12948))
  Rows Removed by Filter: 2609017
Planning time: 0.387 ms
Execution time: 824.747 ms
