Hash Join  (cost=188713.91..299852.12 rows=525670 width=184) (actual time=3139.961..4842.257 rows=540669 loops=1)
  Hash Cond: (mc.movie_id = t.id)
  ->  Seq Scan on movie_companies mc  (cost=0.00..44881.29 rows=2609129 width=40) (actual time=0.033..432.320 rows=2609129 loops=1)
  ->  Hash  (cost=171898.04..171898.04 rows=509430 width=144) (actual time=2601.458..2601.458 rows=258141 loops=1)
        Buckets: 32768  Batches: 32  Memory Usage: 1387kB
        ->  Hash Join  (cost=99266.26..171898.04 rows=509430 width=144) (actual time=1251.873..2448.002 rows=258141 loops=1)
              Hash Cond: (mi_idx.movie_id = t.id)
              ->  Seq Scan on movie_info_idx mi_idx  (cost=0.00..21735.35 rows=1380035 width=50) (actual time=0.010..226.322 rows=1380035 loops=1)
              ->  Hash  (cost=73925.90..73925.90 rows=933388 width=94) (actual time=1250.973..1250.973 rows=1024206 loops=1)
                    Buckets: 32768  Batches: 32  Memory Usage: 3894kB
                    ->  Seq Scan on title t  (cost=0.00..73925.90 rows=933388 width=94) (actual time=0.017..886.766 rows=1024206 loops=1)
                          Filter: ((production_year > 1997) AND (kind_id = 7))
                          Rows Removed by Filter: 1504106
Planning time: 1.404 ms
Execution time: 4871.902 ms
