Hash Join  (cost=73980.27..100915.82 rows=799 width=0) (actual time=1186.203..1644.882 rows=2136 loops=1)
  Hash Cond: (mi_idx.movie_id = t.id)
  ->  Seq Scan on movie_info_idx mi_idx  (cost=0.00..25185.44 rows=464566 width=4) (actual time=0.019..476.562 rows=459925 loops=1)
        Filter: (info_type_id = 101)
        Rows Removed by Filter: 920110
  ->  Hash  (cost=73925.90..73925.90 rows=4349 width=4) (actual time=1072.975..1072.975 rows=8831 loops=1)
        Buckets: 16384 (originally 8192)  Batches: 1 (originally 1)  Memory Usage: 439kB
        ->  Seq Scan on title t  (cost=0.00..73925.90 rows=4349 width=4) (actual time=528.563..1068.981 rows=8831 loops=1)
              Filter: ((kind_id = 4) AND (production_year = 2005))
              Rows Removed by Filter: 2519481
Planning time: 0.754 ms
Execution time: 1645.531 ms
