Hash Join  (cost=69687.24..489600.56 rows=304521 width=0) (actual time=913.344..9259.640 rows=304303 loops=1)
  Hash Cond: (mi.movie_id = t.id)
  ->  Seq Scan on movie_info mi  (cost=0.00..346232.03 rows=6066156 width=4) (actual time=70.849..6166.502 rows=6049138 loops=1)
        Filter: (info_type_id > 12)
        Rows Removed by Filter: 8786582
  ->  Hash  (cost=67604.59..67604.59 rows=126932 width=4) (actual time=841.713..841.713 rows=122861 loops=1)
        Buckets: 131072  Batches: 2  Memory Usage: 3197kB
        ->  Seq Scan on title t  (cost=0.00..67604.59 rows=126932 width=4) (actual time=0.026..798.066 rows=122861 loops=1)
              Filter: (production_year = 2008)
              Rows Removed by Filter: 2405451
Planning time: 0.713 ms
Execution time: 9301.478 ms
