Seq Scan on movie_keyword mk  (cost=0.00..81003.12 rows=246 width=0) (actual time=0.067..1269.023 rows=3418 loops=1)
  Filter: (keyword_id = 763)
  Rows Removed by Filter: 4520512
Planning time: 1.068 ms
Execution time: 1270.009 ms
