Seq Scan on movie_info mi  (cost=0.00..346232.03 rows=14279346 width=0) (actual time=0.024..6153.189 rows=14292353 loops=1)
  Filter: (info_type_id < 102)
  Rows Removed by Filter: 543367
Planning time: 0.343 ms
Execution time: 7870.738 ms
