Nested Loop  (cost=0.43..83071.67 rows=246 width=106) (actual time=0.106..2263.244 rows=2936 loops=1)
  ->  Seq Scan on movie_keyword mk  (cost=0.00..81003.12 rows=246 width=12) (actual time=0.055..1605.725 rows=2936 loops=1)
        Filter: (keyword_id = 17222)
        Rows Removed by Filter: 4520994
  ->  Index Scan using title_pkey on title t  (cost=0.43..8.40 rows=1 width=94) (actual time=0.222..0.223 rows=1 loops=2936)
        Index Cond: (id = mk.movie_id)
Planning time: 0.935 ms
Execution time: 2263.607 ms
