Hash Join  (cost=154768.44..1248773.82 rows=5860426 width=0) (actual time=7371.221..82117.249 rows=12831416 loops=1)
  Hash Cond: (ci.movie_id = t.id)
  ->  Seq Scan on cast_info ci  (cost=0.00..614943.12 rows=36225612 width=4) (actual time=0.023..45440.727 rows=36244344 loops=1)
  ->  Hash  (cost=148057.27..148057.27 rows=409054 width=8) (actual time=7370.431..7370.431 rows=436710 loops=1)
        Buckets: 131072  Batches: 8  Memory Usage: 3163kB
        ->  Hash Join  (cost=104131.46..148057.27 rows=409054 width=8) (actual time=5109.716..7216.649 rows=436710 loops=1)
              Hash Cond: (mi_idx.movie_id = t.id)
              ->  Seq Scan on movie_info_idx mi_idx  (cost=0.00..25185.44 rows=464566 width=4) (actual time=0.022..1252.142 rows=459925 loops=1)
                    Filter: (info_type_id = 101)
                    Rows Removed by Filter: 920110
              ->  Hash  (cost=67604.59..67604.59 rows=2226390 width=4) (actual time=5108.963..5108.963 rows=2224569 loops=1)
                    Buckets: 131072  Batches: 32  Memory Usage: 3463kB
                    ->  Seq Scan on title t  (cost=0.00..67604.59 rows=2226390 width=4) (actual time=0.019..3940.309 rows=2224569 loops=1)
                          Filter: (production_year < 2012)
                          Rows Removed by Filter: 303743
Planning time: 1.099 ms
Execution time: 83959.300 ms
