Seq Scan on cast_info ci  (cost=0.00..796071.18 rows=3795606 width=0) (actual time=6349.750..13763.532 rows=1011426 loops=1)
  Filter: ((person_id < 1866753) AND (role_id = 2))
  Rows Removed by Filter: 35232918
Planning time: 0.407 ms
Execution time: 13882.161 ms
