Hash Join  (cost=102767.86..196447.00 rows=1075213 width=0) (actual time=1925.662..4740.834 rows=1274246 loops=1)
  Hash Cond: (mc.movie_id = t.id)
  ->  Seq Scan on movie_companies mc  (cost=0.00..57926.93 rows=1075213 width=4) (actual time=0.023..1148.153 rows=1274246 loops=1)
        Filter: ((company_id < 80078) AND (company_type_id < 2))
        Rows Removed by Filter: 1334883
  ->  Hash  (cost=61283.27..61283.27 rows=2528527 width=4) (actual time=1924.462..1924.462 rows=2528312 loops=1)
        Buckets: 131072  Batches: 64  Memory Usage: 2415kB
        ->  Seq Scan on title t  (cost=0.00..61283.27 rows=2528527 width=4) (actual time=0.016..1092.313 rows=2528312 loops=1)
Planning time: 0.722 ms
Execution time: 4888.137 ms
