Seq Scan on movie_companies mc  (cost=0.00..57926.93 rows=51 width=0) (actual time=139.062..888.297 rows=498 loops=1)
  Filter: ((company_type_id < 2) AND (company_id = 180))
  Rows Removed by Filter: 2608631
Planning time: 1.381 ms
Execution time: 888.562 ms
