Hash Join  (cost=67697.55..123233.29 rows=3215 width=0) (actual time=1021.475..2113.425 rows=9646 loops=1)
  Hash Cond: (mc.movie_id = t.id)
  ->  Seq Scan on movie_companies mc  (cost=0.00..51404.11 rows=1093194 width=4) (actual time=0.027..874.833 rows=1086219 loops=1)
        Filter: (company_id < 7115)
        Rows Removed by Filter: 1522910
  ->  Hash  (cost=67604.59..67604.59 rows=7437 width=4) (actual time=1021.247..1021.247 rows=11073 loops=1)
        Buckets: 16384 (originally 8192)  Batches: 1 (originally 1)  Memory Usage: 518kB
        ->  Seq Scan on title t  (cost=0.00..67604.59 rows=7437 width=4) (actual time=2.772..1015.594 rows=11073 loops=1)
              Filter: (production_year = 1961)
              Rows Removed by Filter: 2517239
Planning time: 2.926 ms
Execution time: 2115.119 ms
