Hash Join  (cost=458103.79..602689.36 rows=461180 width=0) (actual time=10254.678..13485.648 rows=763845 loops=1)
  Hash Cond: (mk.movie_id = t.id)
  ->  Seq Scan on movie_keyword mk  (cost=0.00..69693.30 rows=4523930 width=4) (actual time=0.027..1417.332 rows=4523930 loops=1)
  ->  Hash  (cost=453874.74..453874.74 rows=257764 width=8) (actual time=10251.171..10251.171 rows=170818 loops=1)
        Buckets: 131072  Batches: 4  Memory Usage: 2688kB
        ->  Hash Join  (cost=68438.72..453874.74 rows=257764 width=8) (actual time=1186.147..10172.864 rows=170818 loops=1)
              Hash Cond: (mi.movie_id = t.id)
              ->  Seq Scan on movie_info mi  (cost=0.00..346232.03 rows=9767026 width=4) (actual time=181.734..6782.129 rows=9911754 loops=1)
                    Filter: (info_type_id > 4)
                    Rows Removed by Filter: 4923966
              ->  Hash  (cost=67604.59..67604.59 rows=66731 width=4) (actual time=1003.571..1003.571 rows=67342 loops=1)
                    Buckets: 131072  Batches: 1  Memory Usage: 3392kB
                    ->  Seq Scan on title t  (cost=0.00..67604.59 rows=66731 width=4) (actual time=0.043..976.773 rows=67342 loops=1)
                          Filter: (production_year > 2012)
                          Rows Removed by Filter: 2460970
Planning time: 2.550 ms
Execution time: 13580.326 ms
