Hash Join  (cost=138388.45..269561.92 rows=752743 width=0) (actual time=4252.757..6671.443 rows=541005 loops=1)
  Hash Cond: (mk.movie_id = t.id)
  ->  Seq Scan on movie_keyword mk  (cost=0.00..69693.30 rows=4523930 width=4) (actual time=0.020..1410.810 rows=4523930 loops=1)
  ->  Hash  (cost=131485.39..131485.39 rows=420725 width=8) (actual time=2858.127..2858.127 rows=236601 loops=1)
        Buckets: 131072  Batches: 8  Memory Usage: 2191kB
        ->  Hash Join  (cost=86573.65..131485.39 rows=420725 width=8) (actual time=2012.117..2783.165 rows=236601 loops=1)
              Hash Cond: (mi_idx.movie_id = t.id)
              ->  Seq Scan on movie_info_idx mi_idx  (cost=0.00..21735.35 rows=1380035 width=4) (actual time=0.019..456.879 rows=1380035 loops=1)
              ->  Hash  (cost=73925.90..73925.90 rows=770860 width=4) (actual time=1548.810..1548.810 rows=682281 loops=1)
                    Buckets: 131072  Batches: 16  Memory Usage: 2522kB
                    ->  Seq Scan on title t  (cost=0.00..73925.90 rows=770860 width=4) (actual time=0.017..1330.114 rows=682281 loops=1)
                          Filter: ((production_year < 2004) AND (kind_id = 7))
                          Rows Removed by Filter: 1846031
Planning time: 0.953 ms
Execution time: 6724.507 ms
