Hash Join  (cost=709677.75..796342.37 rows=658 width=0) (actual time=34166.385..38034.985 rows=43 loops=1)
  Hash Cond: (mk.movie_id = t.id)
  ->  Seq Scan on movie_keyword mk  (cost=0.00..69693.30 rows=4523930 width=4) (actual time=0.013..3524.761 rows=4523930 loops=1)
  ->  Hash  (cost=709673.15..709673.15 rows=368 width=8) (actual time=33428.730..33428.730 rows=55 loops=1)
        Buckets: 1024  Batches: 1  Memory Usage: 11kB
        ->  Nested Loop  (cost=0.43..709673.15 rows=368 width=8) (actual time=29230.200..33428.664 rows=55 loops=1)
              ->  Seq Scan on cast_info ci  (cost=0.00..705507.15 rows=500 width=4) (actual time=29230.049..33421.265 rows=55 loops=1)
                    Filter: (person_id = 3962601)
                    Rows Removed by Filter: 36244289
              ->  Index Scan using title_pkey on title t  (cost=0.43..8.32 rows=1 width=4) (actual time=0.132..0.132 rows=1 loops=55)
                    Index Cond: (id = ci.movie_id)
                    Filter: (kind_id > 1)
Planning time: 1.086 ms
Execution time: 38035.152 ms
