Hash Join  (cost=143782.22..279755.56 rows=239230 width=156) (actual time=1474.619..3846.871 rows=125133 loops=1)
  Hash Cond: (mk.movie_id = t.id)
  ->  Seq Scan on movie_keyword mk  (cost=0.00..69693.30 rows=4523930 width=12) (actual time=0.023..633.566 rows=4523930 loops=1)
  ->  Hash  (cost=139367.83..139367.83 rows=133711 width=144) (actual time=1473.467..1473.467 rows=47685 loops=1)
        Buckets: 32768  Batches: 8  Memory Usage: 1152kB
        ->  Hash Join  (cost=80577.24..139367.83 rows=133711 width=144) (actual time=832.709..1449.861 rows=47685 loops=1)
              Hash Cond: (mi_idx.movie_id = t.id)
              ->  Seq Scan on movie_info_idx mi_idx  (cost=0.00..21735.35 rows=1380035 width=50) (actual time=0.011..162.099 rows=1380035 loops=1)
              ->  Hash  (cost=73925.90..73925.90 rows=244987 width=94) (actual time=831.888..831.888 rows=137824 loops=1)
                    Buckets: 32768  Batches: 16  Memory Usage: 1267kB
                    ->  Seq Scan on title t  (cost=0.00..73925.90 rows=244987 width=94) (actual time=233.109..778.072 rows=137824 loops=1)
                          Filter: ((production_year < 1972) AND (kind_id = 7))
                          Rows Removed by Filter: 2390488
Planning time: 1.361 ms
Execution time: 3852.153 ms
