Hash Join  (cost=73982.55..827440.52 rows=22810 width=0) (actual time=1161.202..24356.907 rows=64996 loops=1)
  Hash Cond: (ci.movie_id = t.id)
  ->  Seq Scan on cast_info ci  (cost=0.00..705507.15 rows=12726058 width=4) (actual time=0.021..20077.459 rows=12670688 loops=1)
        Filter: (role_id = 1)
        Rows Removed by Filter: 23573656
  ->  Hash  (cost=73925.90..73925.90 rows=4532 width=4) (actual time=1160.979..1160.979 rows=11588 loops=1)
        Buckets: 16384 (originally 8192)  Batches: 1 (originally 1)  Memory Usage: 536kB
        ->  Seq Scan on title t  (cost=0.00..73925.90 rows=4532 width=4) (actual time=0.075..1155.338 rows=11588 loops=1)
              Filter: ((kind_id = 7) AND (production_year = 1986))
              Rows Removed by Filter: 2516724
Planning time: 0.783 ms
Execution time: 24367.762 ms
