Nested Loop  (cost=0.43..66216.77 rows=1855 width=0) (actual time=0.531..3132.273 rows=4712 loops=1)
  ->  Seq Scan on movie_companies mc  (cost=0.00..51404.11 rows=1855 width=4) (actual time=0.487..2447.441 rows=4712 loops=1)
        Filter: (company_id < 6)
        Rows Removed by Filter: 2604417
  ->  Index Only Scan using title_pkey on title t  (cost=0.43..7.98 rows=1 width=4) (actual time=0.144..0.144 rows=1 loops=4712)
        Index Cond: (id = mc.movie_id)
        Heap Fetches: 4712
Planning time: 0.710 ms
Execution time: 3133.722 ms
