Hash Join  (cost=217551.37..769558.04 rows=6766575 width=0) (actual time=9654.526..57295.263 rows=47903401 loops=1)
  Hash Cond: (mi.movie_id = t.id)
  ->  Seq Scan on movie_info mi  (cost=0.00..309384.22 rows=14739122 width=4) (actual time=0.015..21280.805 rows=14835720 loops=1)
  ->  Hash  (cost=198506.12..198506.12 rows=1160820 width=8) (actual time=9653.238..9653.238 rows=1274246 loops=1)
        Buckets: 131072 (originally 131072)  Batches: 32 (originally 16)  Memory Usage: 3073kB
        ->  Hash Join  (cost=102767.86..198506.12 rows=1160820 width=8) (actual time=5100.251..9240.374 rows=1274246 loops=1)
              Hash Cond: (mc.movie_id = t.id)
              ->  Seq Scan on movie_companies mc  (cost=0.00..57926.93 rows=1160820 width=4) (actual time=352.915..2902.547 rows=1274246 loops=1)
                    Filter: ((company_id < 102125) AND (company_type_id < 2))
                    Rows Removed by Filter: 1334883
              ->  Hash  (cost=61283.27..61283.27 rows=2528527 width=4) (actual time=4746.048..4746.048 rows=2528312 loops=1)
                    Buckets: 131072  Batches: 64  Memory Usage: 2415kB
                    ->  Seq Scan on title t  (cost=0.00..61283.27 rows=2528527 width=4) (actual time=0.020..3639.834 rows=2528312 loops=1)
Planning time: 6.644 ms
Execution time: 64116.952 ms
