Hash Join  (cost=485044.04..1908636.39 rows=3077813 width=211) (actual time=5249.337..23313.414 rows=6037076 loops=1)
  Hash Cond: (ci.movie_id = t.id)
  ->  Seq Scan on cast_info ci  (cost=0.00..614943.12 rows=36225612 width=42) (actual time=0.018..4190.675 rows=36244344 loops=1)
  ->  Hash  (cost=477113.66..477113.66 rows=214830 width=169) (actual time=5248.425..5248.425 rows=154143 loops=1)
        Buckets: 32768 (originally 32768)  Batches: 32 (originally 16)  Memory Usage: 4042kB
        ->  Hash Join  (cost=97862.98..477113.66 rows=214830 width=169) (actual time=3625.305..5145.203 rows=154143 loops=1)
              Hash Cond: (mi.movie_id = t.id)
              ->  Seq Scan on movie_info mi  (cost=0.00..346232.03 rows=616095 width=75) (actual time=2579.876..3353.318 rows=598457 loops=1)
                    Filter: (info_type_id = 15)
                    Rows Removed by Filter: 14237263
              ->  Hash  (cost=73925.90..73925.90 rows=881686 width=94) (actual time=1019.606..1019.606 rows=801513 loops=1)
                    Buckets: 32768  Batches: 32  Memory Usage: 3108kB
                    ->  Seq Scan on title t  (cost=0.00..73925.90 rows=881686 width=94) (actual time=71.257..767.924 rows=801513 loops=1)
                          Filter: ((production_year < 2006) AND (kind_id = 7))
                          Rows Removed by Filter: 1726799
Planning time: 1.441 ms
Execution time: 23516.533 ms
