Hash Join  (cost=86241.46..144190.50 rows=58914 width=0) (actual time=4387.569..7313.372 rows=104656 loops=1)
  Hash Cond: (mc.movie_id = t.id)
  ->  Seq Scan on movie_companies mc  (cost=0.00..51404.11 rows=131143 width=4) (actual time=0.053..2583.791 rows=134807 loops=1)
        Filter: (company_id < 27)
        Rows Removed by Filter: 2474322
  ->  Hash  (cost=67604.59..67604.59 rows=1135910 width=4) (actual time=4386.670..4386.670 rows=1133355 loops=1)
        Buckets: 131072  Batches: 16  Memory Usage: 3516kB
        ->  Seq Scan on title t  (cost=0.00..67604.59 rows=1135910 width=4) (actual time=0.019..3897.404 rows=1133355 loops=1)
              Filter: (production_year < 2002)
              Rows Removed by Filter: 1394957
Planning time: 0.806 ms
Execution time: 7331.198 ms
