Hash Join  (cost=167973.94..661150.78 rows=1692094 width=0) (actual time=11191.532..52340.270 rows=37790847 loops=1)
  Hash Cond: (mi.movie_id = t.id)
  ->  Seq Scan on movie_info mi  (cost=0.00..346232.03 rows=11115165 width=4) (actual time=0.027..22196.005 rows=11210743 loops=1)
        Filter: (info_type_id > 3)
        Rows Removed by Filter: 3624977
  ->  Hash  (cost=161658.38..161658.38 rows=384925 width=8) (actual time=11190.429..11190.429 rows=818506 loops=1)
        Buckets: 131072 (originally 131072)  Batches: 16 (originally 8)  Memory Usage: 3096kB
        ->  Hash Join  (cost=82257.13..161658.38 rows=384925 width=8) (actual time=4898.831..10843.499 rows=818506 loops=1)
              Hash Cond: (mc.movie_id = t.id)
              ->  Seq Scan on movie_companies mc  (cost=0.00..51404.11 rows=1916770 width=4) (actual time=0.017..3940.127 rows=1910969 loops=1)
                    Filter: (company_id < 45837)
                    Rows Removed by Filter: 698160
              ->  Hash  (cost=73925.90..73925.90 rows=507778 width=4) (actual time=4666.506..4666.506 rows=524129 loops=1)
                    Buckets: 131072  Batches: 8  Memory Usage: 3340kB
                    ->  Seq Scan on title t  (cost=0.00..73925.90 rows=507778 width=4) (actual time=0.024..3860.145 rows=524129 loops=1)
                          Filter: ((production_year < 2010) AND (kind_id = 1))
                          Rows Removed by Filter: 2004183
Planning time: 6.602 ms
Execution time: 57889.443 ms
