Hash Join  (cost=157212.79..1242677.47 rows=5028952 width=0) (actual time=7201.654..80984.602 rows=16221469 loops=1)
  Hash Cond: (ci.movie_id = t.id)
  ->  Seq Scan on cast_info ci  (cost=0.00..614943.12 rows=36225612 width=4) (actual time=0.023..43936.558 rows=36244344 loops=1)
  ->  Hash  (cost=151453.06..151453.06 rows=351018 width=8) (actual time=7200.787..7200.787 rows=640620 loops=1)
        Buckets: 131072 (originally 131072)  Batches: 16 (originally 8)  Memory Usage: 3073kB
        ->  Hash Join  (cost=78556.72..151453.06 rows=351018 width=8) (actual time=3399.653..6643.625 rows=640620 loops=1)
              Hash Cond: (mc.movie_id = t.id)
              ->  Seq Scan on movie_companies mc  (cost=0.00..51404.11 rows=1329612 width=4) (actual time=0.015..2636.354 rows=1334883 loops=1)
                    Filter: (company_type_id = 2)
                    Rows Removed by Filter: 1274246
              ->  Hash  (cost=67604.59..67604.59 rows=667531 width=4) (actual time=2868.594..2868.594 rows=662825 loops=1)
                    Buckets: 131072  Batches: 16  Memory Usage: 2476kB
                    ->  Seq Scan on title t  (cost=0.00..67604.59 rows=667531 width=4) (actual time=776.888..2596.935 rows=662825 loops=1)
                          Filter: (kind_id = 1)
                          Rows Removed by Filter: 1865487
Planning time: 1.223 ms
Execution time: 83374.011 ms
