Nested Loop  (cost=32814.54..186013.24 rows=12460 width=0) (actual time=1730.344..7647.731 rows=56089 loops=1)
  ->  Hash Join  (cost=32814.11..128701.01 rows=67860 width=8) (actual time=1730.293..5458.864 rows=56089 loops=1)
        Hash Cond: (mk.movie_id = mi_idx.movie_id)
        ->  Seq Scan on movie_keyword mk  (cost=0.00..81003.12 rows=67761 width=4) (actual time=0.237..3551.946 rows=65987 loops=1)
              Filter: (keyword_id > 92692)
              Rows Removed by Filter: 4457943
        ->  Hash  (cost=25185.44..25185.44 rows=464934 width=4) (actual time=1729.248..1729.248 rows=460185 loops=1)
              Buckets: 131072  Batches: 8  Memory Usage: 3060kB
              ->  Seq Scan on movie_info_idx mi_idx  (cost=0.00..25185.44 rows=464934 width=4) (actual time=0.021..1505.988 rows=460185 loops=1)
                    Filter: (info_type_id > 100)
                    Rows Removed by Filter: 919850
  ->  Index Only Scan using title_pkey on title t  (cost=0.43..0.83 rows=1 width=4) (actual time=0.038..0.038 rows=1 loops=56089)
        Index Cond: (id = mi_idx.movie_id)
        Heap Fetches: 56089
Planning time: 4.288 ms
Execution time: 7658.915 ms
