Hash Join  (cost=67697.55..129002.67 rows=2629 width=0) (actual time=3563.378..7083.688 rows=1792 loops=1)
  Hash Cond: (mc.movie_id = t.id)
  ->  Seq Scan on movie_companies mc  (cost=0.00..57926.93 rows=893840 width=4) (actual time=0.017..3341.510 rows=729984 loops=1)
        Filter: ((company_id > 1677) AND (company_type_id = 1))
        Rows Removed by Filter: 1879145
  ->  Hash  (cost=67604.59..67604.59 rows=7437 width=4) (actual time=3560.261..3560.261 rows=2614 loops=1)
        Buckets: 8192  Batches: 1  Memory Usage: 156kB
        ->  Seq Scan on title t  (cost=0.00..67604.59 rows=7437 width=4) (actual time=1393.864..3558.826 rows=2614 loops=1)
              Filter: (production_year = 1923)
              Rows Removed by Filter: 2525698
Planning time: 0.737 ms
Execution time: 7084.199 ms
