Seq Scan on cast_info ci  (cost=0.00..796071.18 rows=219018 width=0) (actual time=2788.530..31476.299 rows=208718 loops=1)
  Filter: ((person_id < 429983) AND (role_id = 8))
  Rows Removed by Filter: 36035626
Planning time: 0.395 ms
Execution time: 31503.510 ms
