Hash Join  (cost=78556.72..1275180.76 rows=7397075 width=0) (actual time=9310.751..81413.422 rows=8146502 loops=1)
  Hash Cond: (ci.movie_id = t.id)
  ->  Seq Scan on cast_info ci  (cost=0.00..796071.18 rows=28019229 width=4) (actual time=4791.642..53699.833 rows=28531704 loops=1)
        Filter: ((person_id < 3969648) AND (role_id < 7))
        Rows Removed by Filter: 7712640
  ->  Hash  (cost=67604.59..67604.59 rows=667531 width=4) (actual time=4518.162..4518.162 rows=662825 loops=1)
        Buckets: 131072  Batches: 16  Memory Usage: 2476kB
        ->  Seq Scan on title t  (cost=0.00..67604.59 rows=667531 width=4) (actual time=0.030..3350.372 rows=662825 loops=1)
              Filter: (kind_id = 1)
              Rows Removed by Filter: 1865487
Planning time: 0.761 ms
Execution time: 82673.606 ms
