Hash Join  (cost=67697.55..418738.80 rows=3743 width=0) (actual time=6969.027..20403.633 rows=4628 loops=1)
  Hash Cond: (mi.movie_id = t.id)
  ->  Seq Scan on movie_info mi  (cost=0.00..346232.03 rows=1272478 width=4) (actual time=2937.074..16613.096 rows=1325361 loops=1)
        Filter: (info_type_id = 8)
        Rows Removed by Filter: 13510359
  ->  Hash  (cost=67604.59..67604.59 rows=7437 width=4) (actual time=3388.928..3388.928 rows=4597 loops=1)
        Buckets: 8192  Batches: 1  Memory Usage: 226kB
        ->  Seq Scan on title t  (cost=0.00..67604.59 rows=7437 width=4) (actual time=1651.425..3374.175 rows=4597 loops=1)
              Filter: (production_year = 1910)
              Rows Removed by Filter: 2523715
Planning time: 0.814 ms
Execution time: 20404.600 ms
