Hash Join  (cost=180311.40..1286361.66 rows=7032909 width=0) (actual time=9746.931..86836.962 rows=7673606 loops=1)
  Hash Cond: (ci.movie_id = t.id)
  ->  Seq Scan on cast_info ci  (cost=0.00..614943.12 rows=36225612 width=4) (actual time=0.021..48419.274 rows=36244344 loops=1)
  ->  Hash  (cost=172257.24..172257.24 rows=490893 width=8) (actual time=9746.088..9746.088 rows=366752 loops=1)
        Buckets: 131072  Batches: 8  Memory Usage: 2813kB
        ->  Hash Join  (cost=93117.31..172257.24 rows=490893 width=8) (actual time=6359.986..9607.355 rows=366752 loops=1)
              Hash Cond: (mc.movie_id = t.id)
              ->  Seq Scan on movie_companies mc  (cost=0.00..57926.93 rows=798213 width=4) (actual time=790.596..3025.145 rows=499971 loops=1)
                    Filter: ((company_id < 14912) AND (company_type_id = 2))
                    Rows Removed by Filter: 2109158
              ->  Hash  (cost=67604.59..67604.59 rows=1555018 width=4) (actual time=5568.214..5568.214 rows=1551727 loops=1)
                    Buckets: 131072  Batches: 32  Memory Usage: 2728kB
                    ->  Seq Scan on title t  (cost=0.00..67604.59 rows=1555018 width=4) (actual time=1.020..4810.365 rows=1551727 loops=1)
                          Filter: (production_year < 2007)
                          Rows Removed by Filter: 976585
Planning time: 1.180 ms
Execution time: 88066.752 ms
