Hash Join  (cost=75482.18..199551.73 rows=169651 width=0) (actual time=3824.319..12087.803 rows=692274 loops=1)
  Hash Cond: (mk.movie_id = t.id)
  ->  Seq Scan on movie_keyword mk  (cost=0.00..69693.30 rows=4523930 width=4) (actual time=0.011..5335.914 rows=4523930 loops=1)
  ->  Hash  (cost=73925.90..73925.90 rows=94822 width=4) (actual time=3823.096..3823.096 rows=194973 loops=1)
        Buckets: 131072 (originally 131072)  Batches: 4 (originally 2)  Memory Usage: 3073kB
        ->  Seq Scan on title t  (cost=0.00..73925.90 rows=94822 width=4) (actual time=0.079..3705.386 rows=194973 loops=1)
              Filter: ((kind_id < 7) AND (production_year < 1960))
              Rows Removed by Filter: 2333339
Planning time: 2.226 ms
Execution time: 12188.776 ms
