Hash Join  (cost=162125.38..965686.02 rows=748939 width=0) (actual time=6925.488..57884.923 rows=839660 loops=1)
  Hash Cond: (ci.movie_id = t.id)
  ->  Seq Scan on cast_info ci  (cost=0.00..614943.12 rows=36225612 width=4) (actual time=0.011..36524.387 rows=36244344 loops=1)
  ->  Hash  (cost=161471.93..161471.93 rows=52276 width=8) (actual time=6924.946..6924.946 rows=33422 loops=1)
        Buckets: 65536  Batches: 1  Memory Usage: 1818kB
        ->  Hash Join  (cost=74291.13..161471.93 rows=52276 width=8) (actual time=3353.665..6906.327 rows=33422 loops=1)
              Hash Cond: (mk.movie_id = t.id)
              ->  Seq Scan on movie_keyword mk  (cost=0.00..69693.30 rows=4523930 width=4) (actual time=0.021..2495.653 rows=4523930 loops=1)
              ->  Hash  (cost=73925.90..73925.90 rows=29218 width=4) (actual time=3352.915..3352.915 rows=30850 loops=1)
                    Buckets: 32768  Batches: 1  Memory Usage: 1341kB
                    ->  Seq Scan on title t  (cost=0.00..73925.90 rows=29218 width=4) (actual time=0.021..3338.691 rows=30850 loops=1)
                          Filter: ((kind_id > 1) AND (production_year = 1995))
                          Rows Removed by Filter: 2497462
Planning time: 1.116 ms
Execution time: 58114.285 ms
