Hash Join  (cost=89047.09..171677.18 rows=662100 width=0) (actual time=4310.031..9830.918 rows=1317494 loops=1)
  Hash Cond: (mc.movie_id = t.id)
  ->  Seq Scan on movie_companies mc  (cost=0.00..51404.11 rows=1816527 width=4) (actual time=0.016..3325.871 rows=1828489 loops=1)
        Filter: (company_id > 1686)
        Rows Removed by Filter: 780640
  ->  Hash  (cost=73925.90..73925.90 rows=921615 width=4) (actual time=4308.862..4308.862 rows=876587 loops=1)
        Buckets: 131072  Batches: 16  Memory Usage: 2950kB
        ->  Seq Scan on title t  (cost=0.00..73925.90 rows=921615 width=4) (actual time=0.015..3917.180 rows=876587 loops=1)
              Filter: ((kind_id < 7) AND (production_year > 1924))
              Rows Removed by Filter: 1651725
Planning time: 5.596 ms
Execution time: 10075.116 ms
