Nested Loop  (cost=0.43..83071.67 rows=246 width=0) (actual time=0.191..3911.800 rows=2994 loops=1)
  ->  Seq Scan on movie_keyword mk  (cost=0.00..81003.12 rows=246 width=4) (actual time=0.160..3478.492 rows=2994 loops=1)
        Filter: (keyword_id = 7663)
        Rows Removed by Filter: 4520936
  ->  Index Only Scan using title_pkey on title t  (cost=0.43..8.40 rows=1 width=4) (actual time=0.143..0.144 rows=1 loops=2994)
        Index Cond: (id = mk.movie_id)
        Heap Fetches: 2994
Planning time: 0.694 ms
Execution time: 3912.841 ms
