Hash Join  (cost=190230.21..343972.66 rows=2159605 width=0) (actual time=9621.705..19210.018 rows=9260759 loops=1)
  Hash Cond: (mk.movie_id = t.id)
  ->  Seq Scan on movie_keyword mk  (cost=0.00..81003.12 rows=3956871 width=4) (actual time=0.030..4613.252 rows=3953991 loops=1)
        Filter: (keyword_id > 403)
        Rows Removed by Filter: 569939
  ->  Hash  (cost=167588.78..167588.78 rows=1380035 width=8) (actual time=9620.543..9620.543 rows=1380035 loops=1)
        Buckets: 131072  Batches: 32  Memory Usage: 2726kB
        ->  Hash Join  (cost=102767.86..167588.78 rows=1380035 width=8) (actual time=5566.691..9094.355 rows=1380035 loops=1)
              Hash Cond: (mi_idx.movie_id = t.id)
              ->  Seq Scan on movie_info_idx mi_idx  (cost=0.00..21735.35 rows=1380035 width=4) (actual time=0.014..1515.561 rows=1380035 loops=1)
              ->  Hash  (cost=61283.27..61283.27 rows=2528527 width=4) (actual time=5564.824..5564.824 rows=2528312 loops=1)
                    Buckets: 131072  Batches: 64  Memory Usage: 2415kB
                    ->  Seq Scan on title t  (cost=0.00..61283.27 rows=2528527 width=4) (actual time=0.013..4071.048 rows=2528312 loops=1)
Planning time: 1.175 ms
Execution time: 20404.809 ms
