Hash Join  (cost=142857.10..265669.01 rows=158161 width=156) (actual time=1072.646..2266.304 rows=332398 loops=1)
  Hash Cond: (mk.movie_id = t.id)
  ->  Seq Scan on movie_keyword mk  (cost=0.00..81003.12 rows=2756047 width=12) (actual time=0.012..597.464 rows=2750040 loops=1)
        Filter: (keyword_id < 7818)
        Rows Removed by Filter: 1773890
  ->  Hash  (cost=138067.30..138067.30 rows=145104 width=144) (actual time=1071.776..1071.776 rows=103705 loops=1)
        Buckets: 32768  Batches: 8  Memory Usage: 1972kB
        ->  Hash Join  (cost=89045.70..138067.30 rows=145104 width=144) (actual time=615.071..1035.340 rows=103705 loops=1)
              Hash Cond: (mi_idx.movie_id = t.id)
              ->  Seq Scan on movie_info_idx mi_idx  (cost=0.00..25185.44 rows=464566 width=50) (actual time=0.018..179.799 rows=459925 loops=1)
                    Filter: (info_type_id = 101)
                    Rows Removed by Filter: 920110
              ->  Hash  (cost=67604.59..67604.59 rows=789769 width=94) (actual time=614.230..614.230 rows=784926 loops=1)
                    Buckets: 32768  Batches: 32  Memory Usage: 3026kB
                    ->  Seq Scan on title t  (cost=0.00..67604.59 rows=789769 width=94) (actual time=0.015..446.052 rows=784926 loops=1)
                          Filter: (production_year > 2007)
                          Rows Removed by Filter: 1743386
Planning time: 0.814 ms
Execution time: 2276.778 ms
