Seq Scan on cast_info ci  (cost=0.00..796071.18 rows=4352359 width=0) (actual time=0.024..36852.995 rows=2685112 loops=1)
  Filter: ((person_id < 938799) AND (role_id > 2))
  Rows Removed by Filter: 33559232
Planning time: 0.309 ms
Execution time: 37294.572 ms
