Nested Loop  (cost=0.43..709673.15 rows=473 width=0) (actual time=8337.257..30839.855 rows=11 loops=1)
  ->  Seq Scan on cast_info ci  (cost=0.00..705507.15 rows=500 width=4) (actual time=8337.119..30836.738 rows=11 loops=1)
        Filter: (person_id = 1333804)
        Rows Removed by Filter: 36244333
  ->  Index Scan using title_pkey on title t  (cost=0.43..8.32 rows=1 width=4) (actual time=0.275..0.275 rows=1 loops=11)
        Index Cond: (id = ci.movie_id)
        Filter: (production_year < 2013)
Planning time: 0.804 ms
Execution time: 30839.981 ms
