Hash Join  (cost=28270.40..82939.72 rows=380 width=184) (actual time=220.280..577.409 rows=8429 loops=1)
  Hash Cond: (mc.movie_id = t.id)
  ->  Seq Scan on movie_companies mc  (cost=0.00..44881.29 rows=2609129 width=40) (actual time=0.017..207.710 rows=2609129 loops=1)
  ->  Hash  (cost=28265.80..28265.80 rows=368 width=144) (actual time=150.405..150.405 rows=260 loops=1)
        Buckets: 1024  Batches: 1  Memory Usage: 41kB
        ->  Nested Loop  (cost=0.43..28265.80 rows=368 width=144) (actual time=109.545..150.282 rows=260 loops=1)
              ->  Seq Scan on movie_info_idx mi_idx  (cost=0.00..25185.44 rows=368 width=50) (actual time=109.489..146.563 rows=260 loops=1)
                    Filter: (info_type_id > 101)
                    Rows Removed by Filter: 1379775
              ->  Index Scan using title_pkey on title t  (cost=0.43..8.36 rows=1 width=94) (actual time=0.014..0.014 rows=1 loops=260)
                    Index Cond: (id = mi_idx.movie_id)
Planning time: 0.868 ms
Execution time: 577.739 ms
