Hash Join  (cost=74456.32..464235.52 rows=186531 width=0) (actual time=3491.258..25857.454 rows=252669 loops=1)
  Hash Cond: (mi.movie_id = t.id)
  ->  Seq Scan on movie_info mi  (cost=0.00..346232.03 rows=11115165 width=4) (actual time=0.017..18805.066 rows=11210743 loops=1)
        Filter: (info_type_id > 3)
        Rows Removed by Filter: 3624977
  ->  Hash  (cost=73925.90..73925.90 rows=42433 width=4) (actual time=3490.888..3490.888 rows=37411 loops=1)
        Buckets: 65536  Batches: 1  Memory Usage: 1828kB
        ->  Seq Scan on title t  (cost=0.00..73925.90 rows=42433 width=4) (actual time=1368.326..3471.155 rows=37411 loops=1)
              Filter: ((kind_id = 1) AND (production_year = 2011))
              Rows Removed by Filter: 2490901
Planning time: 0.768 ms
Execution time: 25914.570 ms
