Hash Join  (cost=102767.86..217887.30 rows=1007281 width=0) (actual time=4349.726..10742.034 rows=1012388 loops=1)
  Hash Cond: (mk.movie_id = t.id)
  ->  Seq Scan on movie_keyword mk  (cost=0.00..81003.12 rows=1007281 width=4) (actual time=0.013..4598.337 rows=1012388 loops=1)
        Filter: (keyword_id > 17854)
        Rows Removed by Filter: 3511542
  ->  Hash  (cost=61283.27..61283.27 rows=2528527 width=4) (actual time=4341.220..4341.220 rows=2528312 loops=1)
        Buckets: 131072  Batches: 64  Memory Usage: 2425kB
        ->  Seq Scan on title t  (cost=0.00..61283.27 rows=2528527 width=4) (actual time=0.013..3199.421 rows=2528312 loops=1)
Planning time: 0.744 ms
Execution time: 10868.931 ms
