Hash Join  (cost=784905.58..873518.68 rows=4164 width=0) (actual time=33961.080..38947.962 rows=22167 loops=1)
  Hash Cond: (mk.movie_id = t.id)
  ->  Seq Scan on movie_keyword mk  (cost=0.00..81003.12 rows=2018224 width=4) (actual time=6.561..4484.395 rows=2022513 loops=1)
        Filter: (keyword_id < 3624)
        Rows Removed by Filter: 2501417
  ->  Hash  (cost=784840.36..784840.36 rows=5217 width=8) (actual time=33954.024..33954.024 rows=5007 loops=1)
        Buckets: 8192  Batches: 1  Memory Usage: 260kB
        ->  Hash Join  (cost=77718.01..784840.36 rows=5217 width=8) (actual time=4890.318..33952.061 rows=5007 loops=1)
              Hash Cond: (ci.movie_id = t.id)
              ->  Seq Scan on cast_info ci  (cost=0.00..705507.15 rows=57077 width=4) (actual time=1102.492..30060.477 rows=49205 loops=1)
                    Filter: (person_id < 6052)
                    Rows Removed by Filter: 36195139
              ->  Hash  (cost=73925.90..73925.90 rows=231128 width=4) (actual time=3786.961..3786.961 rows=341868 loops=1)
                    Buckets: 131072  Batches: 4  Memory Usage: 4031kB
                    ->  Seq Scan on title t  (cost=0.00..73925.90 rows=231128 width=4) (actual time=0.040..3417.884 rows=341868 loops=1)
                          Filter: ((kind_id < 7) AND (production_year < 1985))
                          Rows Removed by Filter: 2186444
Planning time: 1.192 ms
Execution time: 38952.622 ms
