Seq Scan on cast_info ci  (cost=0.00..796071.18 rows=64 width=0) (actual time=14495.122..37758.449 rows=1 loops=1)
  Filter: ((role_id > 9) AND (person_id = 2950081))
  Rows Removed by Filter: 36244343
Planning time: 0.332 ms
Execution time: 37758.595 ms
