Hash Join  (cost=143574.63..170728.21 rows=24310 width=0) (actual time=6469.199..7912.443 rows=64085 loops=1)
  Hash Cond: (mi_idx.movie_id = t.id)
  ->  Seq Scan on movie_info_idx mi_idx  (cost=0.00..21735.35 rows=1380035 width=4) (actual time=0.026..981.463 rows=1380035 loops=1)
  ->  Hash  (cost=143017.85..143017.85 rows=44542 width=8) (actual time=6468.703..6468.703 rows=49048 loops=1)
        Buckets: 65536  Batches: 1  Memory Usage: 2428kB
        ->  Hash Join  (cost=77037.46..143017.85 rows=44542 width=8) (actual time=3965.397..6445.811 rows=49048 loops=1)
              Hash Cond: (mc.movie_id = t.id)
              ->  Seq Scan on movie_companies mc  (cost=0.00..57926.93 rows=593878 width=4) (actual time=335.955..2344.266 rows=378227 loops=1)
                    Filter: ((company_id < 9477) AND (company_type_id = 2))
                    Rows Removed by Filter: 2230902
              ->  Hash  (cost=73925.90..73925.90 rows=189644 width=4) (actual time=3628.431..3628.431 rows=294316 loops=1)
                    Buckets: 131072  Batches: 4  Memory Usage: 3615kB
                    ->  Seq Scan on title t  (cost=0.00..73925.90 rows=189644 width=4) (actual time=0.033..3486.691 rows=294316 loops=1)
                          Filter: ((kind_id < 7) AND (production_year < 1978))
                          Rows Removed by Filter: 2233996
Planning time: 11.280 ms
Execution time: 7922.351 ms
