Hash Join  (cost=308828.17..2024200.65 rows=25318231 width=148) (actual time=4568.618..60394.817 rows=193900941 loops=1)
  Hash Cond: (ci.movie_id = t.id)
  ->  Seq Scan on cast_info ci  (cost=0.00..614943.12 rows=36225612 width=42) (actual time=0.009..3292.969 rows=36244344 loops=1)
  ->  Hash  (cost=257399.19..257399.19 rows=1767198 width=106) (actual time=4566.146..4566.146 rows=3878469 loops=1)
        Buckets: 32768 (originally 32768)  Batches: 256 (originally 128)  Memory Usage: 4035kB
        ->  Hash Join  (cost=94420.17..257399.19 rows=1767198 width=106) (actual time=662.354..3375.856 rows=3878469 loops=1)
              Hash Cond: (mk.movie_id = t.id)
              ->  Seq Scan on movie_keyword mk  (cost=0.00..69693.30 rows=4523930 width=12) (actual time=0.015..459.063 rows=4523930 loops=1)
              ->  Hash  (cost=67604.59..67604.59 rows=987727 width=94) (actual time=661.298..661.298 rows=985048 loops=1)
                    Buckets: 32768  Batches: 64  Memory Usage: 1954kB
                    ->  Seq Scan on title t  (cost=0.00..67604.59 rows=987727 width=94) (actual time=0.012..433.678 rows=985048 loops=1)
                          Filter: (kind_id < 7)
                          Rows Removed by Filter: 1543264
Planning time: 0.832 ms
Execution time: 65809.634 ms
