Nested Loop  (cost=44377.22..133137.16 rows=95 width=0) (actual time=3811.852..5812.753 rows=748 loops=1)
  Join Filter: (mc.movie_id = t.id)
  ->  Hash Join  (cost=44376.79..110531.52 rows=37967 width=8) (actual time=2121.368..4793.020 rows=16195 loops=1)
        Hash Cond: (mc.movie_id = mi_idx.movie_id)
        ->  Seq Scan on movie_companies mc  (cost=0.00..57926.93 rows=13435 width=4) (actual time=0.109..2292.661 rows=12833 loops=1)
              Filter: ((company_type_id < 2) AND (company_id = 27))
              Rows Removed by Filter: 2596296
        ->  Hash  (cost=21735.35..21735.35 rows=1380035 width=4) (actual time=2115.085..2115.085 rows=1380035 loops=1)
              Buckets: 131072  Batches: 32  Memory Usage: 2540kB
              ->  Seq Scan on movie_info_idx mi_idx  (cost=0.00..21735.35 rows=1380035 width=4) (actual time=0.029..1260.560 rows=1380035 loops=1)
  ->  Index Scan using title_pkey on title t  (cost=0.43..0.58 rows=1 width=4) (actual time=0.062..0.062 rows=0 loops=16195)
        Index Cond: (id = mi_idx.movie_id)
        Filter: ((kind_id < 4) AND (production_year = 2005))
        Rows Removed by Filter: 1
Planning time: 1.246 ms
Execution time: 5813.106 ms
