Seq Scan on movie_companies mc  (cost=0.00..51404.11 rows=1254085 width=0) (actual time=0.023..2625.917 rows=1266100 loops=1)
  Filter: (company_id > 11482)
  Rows Removed by Filter: 1343029
Planning time: 0.288 ms
Execution time: 2856.366 ms
