Hash Join  (cost=175252.07..574163.40 rows=1301258 width=0) (actual time=11871.808..30294.331 rows=2701892 loops=1)
  Hash Cond: (mi.movie_id = t.id)
  ->  Seq Scan on movie_info mi  (cost=0.00..346232.03 rows=3068194 width=4) (actual time=2736.219..17986.813 rows=3036719 loops=1)
        Filter: (info_type_id = 16)
        Rows Removed by Filter: 11799001
  ->  Hash  (cost=157658.33..157658.33 rows=1072379 width=8) (actual time=9132.437..9132.437 rows=1072836 loops=1)
        Buckets: 131072  Batches: 16  Memory Usage: 3669kB
        ->  Hash Join  (cost=99841.01..157658.33 rows=1072379 width=8) (actual time=5605.076..8754.539 rows=1072836 loops=1)
              Hash Cond: (mi_idx.movie_id = t.id)
              ->  Seq Scan on movie_info_idx mi_idx  (cost=0.00..21735.35 rows=1380035 width=4) (actual time=0.025..1474.823 rows=1380035 loops=1)
              ->  Hash  (cost=67604.59..67604.59 rows=1964834 width=4) (actual time=5603.873..5603.873 rows=1962189 loops=1)
                    Buckets: 131072  Batches: 32  Memory Usage: 3187kB
                    ->  Seq Scan on title t  (cost=0.00..67604.59 rows=1964834 width=4) (actual time=0.019..4350.622 rows=1962189 loops=1)
                          Filter: (production_year > 1978)
                          Rows Removed by Filter: 566123
Planning time: 1.178 ms
Execution time: 30706.373 ms
