Hash Join  (cost=147269.54..1232407.04 rows=4997139 width=0) (actual time=7858.333..82684.501 rows=10950951 loops=1)
  Hash Cond: (ci.movie_id = t.id)
  ->  Seq Scan on cast_info ci  (cost=0.00..614943.12 rows=36225612 width=4) (actual time=0.012..47338.669 rows=36244344 loops=1)
  ->  Hash  (cost=141546.58..141546.58 rows=348797 width=8) (actual time=7857.190..7857.190 rows=350323 loops=1)
        Buckets: 131072  Batches: 8  Memory Usage: 2739kB
        ->  Hash Join  (cost=99467.55..141546.58 rows=348797 width=8) (actual time=5470.245..7716.280 rows=350323 loops=1)
              Hash Cond: (mi_idx.movie_id = t.id)
              ->  Seq Scan on movie_info_idx mi_idx  (cost=0.00..25185.44 rows=454124 width=4) (actual time=0.027..1474.725 rows=459925 loops=1)
                    Filter: (info_type_id = 100)
                    Rows Removed by Filter: 920110
              ->  Hash  (cost=67604.59..67604.59 rows=1942077 width=4) (actual time=5468.990..5468.990 rows=1932484 loops=1)
                    Buckets: 131072  Batches: 32  Memory Usage: 3155kB
                    ->  Seq Scan on title t  (cost=0.00..67604.59 rows=1942077 width=4) (actual time=0.011..4514.020 rows=1932484 loops=1)
                          Filter: (production_year > 1980)
                          Rows Removed by Filter: 595828
Planning time: 1.164 ms
Execution time: 84280.620 ms
