Hash Join  (cost=74144.97..827444.90 rows=251077 width=0) (actual time=3832.186..48837.782 rows=93 loops=1)
  Hash Cond: (ci.movie_id = t.id)
  ->  Seq Scan on cast_info ci  (cost=0.00..614943.12 rows=36225612 width=4) (actual time=0.013..34687.213 rows=36244344 loops=1)
  ->  Hash  (cost=73925.90..73925.90 rows=17525 width=4) (actual time=3580.030..3580.030 rows=12 loops=1)
        Buckets: 32768  Batches: 1  Memory Usage: 257kB
        ->  Seq Scan on title t  (cost=0.00..73925.90 rows=17525 width=4) (actual time=95.272..3580.000 rows=12 loops=1)
              Filter: ((production_year < 1971) AND (kind_id = 4))
              Rows Removed by Filter: 2528300
Planning time: 0.763 ms
Execution time: 48838.020 ms
