Seq Scan on cast_info ci  (cost=0.00..705507.15 rows=4665114 width=0) (actual time=1043.156..32447.084 rows=4703796 loops=1)
  Filter: (person_id > 3210336)
  Rows Removed by Filter: 31540548
Planning time: 13.935 ms
Execution time: 33166.731 ms
