Seq Scan on movie_keyword mk  (cost=0.00..81003.12 rows=541818 width=0) (actual time=0.019..3544.323 rows=541400 loops=1)
  Filter: (keyword_id < 383)
  Rows Removed by Filter: 3982530
Planning time: 0.300 ms
Execution time: 3643.978 ms
