Hash Join  (cost=76444.38..835661.96 rows=264896 width=0) (actual time=1290.438..15343.286 rows=274599 loops=1)
  Hash Cond: (ci.movie_id = t.id)
  ->  Seq Scan on cast_info ci  (cost=0.00..705507.15 rows=4364124 width=4) (actual time=0.030..11787.643 rows=4411309 loops=1)
        Filter: (person_id > 3255328)
        Rows Removed by Filter: 31833035
  ->  Hash  (cost=73925.90..73925.90 rows=153478 width=4) (actual time=1289.625..1289.625 rows=134760 loops=1)
        Buckets: 131072  Batches: 4  Memory Usage: 2216kB
        ->  Seq Scan on title t  (cost=0.00..73925.90 rows=153478 width=4) (actual time=0.016..1243.148 rows=134760 loops=1)
              Filter: ((kind_id < 7) AND (production_year > 2010))
              Rows Removed by Filter: 2393552
Planning time: 0.709 ms
Execution time: 15381.127 ms
