Hash Join  (cost=174865.45..1047385.49 rows=1737179 width=0) (actual time=8346.701..39209.831 rows=2139962 loops=1)
  Hash Cond: (ci.movie_id = t.id)
  ->  Seq Scan on cast_info ci  (cost=0.00..796071.18 rows=4800020 width=4) (actual time=0.065..28835.073 rows=2368344 loops=1)
        Filter: ((person_id < 1814218) AND (role_id > 4))
        Rows Removed by Filter: 33876000
  ->  Hash  (cost=159851.69..159851.69 rows=915101 width=8) (actual time=8345.666..8345.666 rows=919850 loops=1)
        Buckets: 131072  Batches: 16  Memory Usage: 3269kB
        ->  Hash Join  (cost=102767.86..159851.69 rows=915101 width=8) (actual time=5072.907..8040.839 rows=919850 loops=1)
              Hash Cond: (mi_idx.movie_id = t.id)
              ->  Seq Scan on movie_info_idx mi_idx  (cost=0.00..25185.44 rows=915101 width=4) (actual time=0.013..1591.828 rows=919850 loops=1)
                    Filter: (info_type_id < 101)
                    Rows Removed by Filter: 460185
              ->  Hash  (cost=61283.27..61283.27 rows=2528527 width=4) (actual time=5072.014..5072.014 rows=2528312 loops=1)
                    Buckets: 131072  Batches: 64  Memory Usage: 2415kB
                    ->  Seq Scan on title t  (cost=0.00..61283.27 rows=2528527 width=4) (actual time=0.021..3954.449 rows=2528312 loops=1)
Planning time: 1.127 ms
Execution time: 39469.115 ms
