Seq Scan on title t  (cost=0.00..73925.90 rows=813110 width=0) (actual time=0.023..3462.867 rows=774073 loops=1)
  Filter: ((kind_id < 4) AND (production_year > 1916))
  Rows Removed by Filter: 1754239
Planning time: 0.308 ms
Execution time: 3581.382 ms
