Hash Join  (cost=462517.25..613360.10 rows=385596 width=0) (actual time=25636.858..33836.245 rows=1944914 loops=1)
  Hash Cond: (mk.movie_id = t.id)
  ->  Seq Scan on movie_keyword mk  (cost=0.00..81003.12 rows=4250502 width=4) (actual time=0.011..4949.855 rows=4250280 loops=1)
        Filter: (keyword_id < 57859)
        Rows Removed by Filter: 273650
  ->  Hash  (cost=458752.98..458752.98 rows=229382 width=8) (actual time=25186.135..25186.135 rows=429048 loops=1)
        Buckets: 131072 (originally 131072)  Batches: 8 (originally 4)  Memory Usage: 3093kB
        ->  Hash Join  (cost=74690.97..458752.98 rows=229382 width=8) (actual time=4394.665..23717.241 rows=429048 loops=1)
              Hash Cond: (mi.movie_id = t.id)
              ->  Seq Scan on movie_info mi  (cost=0.00..346232.03 rows=9476311 width=4) (actual time=1110.434..17126.962 rows=9565151 loops=1)
                    Filter: (info_type_id < 16)
                    Rows Removed by Filter: 5270569
              ->  Hash  (cost=73925.90..73925.90 rows=61205 width=4) (actual time=3272.845..3272.845 rows=61581 loops=1)
                    Buckets: 65536  Batches: 1  Memory Usage: 2677kB
                    ->  Seq Scan on title t  (cost=0.00..73925.90 rows=61205 width=4) (actual time=1624.130..3243.569 rows=61581 loops=1)
                          Filter: ((production_year > 2011) AND (kind_id = 1))
                          Rows Removed by Filter: 2466731
Planning time: 2.404 ms
Execution time: 34066.365 ms
