Seq Scan on movie_companies mc  (cost=0.00..57926.93 rows=871318 width=0) (actual time=425.444..2945.978 rows=688469 loops=1)
  Filter: ((company_id > 2023) AND (company_type_id < 2))
  Rows Removed by Filter: 1920660
Planning time: 0.325 ms
Execution time: 3047.216 ms
