Hash Join  (cost=80560.63..119424.34 rows=146981 width=0) (actual time=1443.138..2418.293 rows=195711 loops=1)
  Hash Cond: (mi_idx.movie_id = t.id)
  ->  Seq Scan on movie_info_idx mi_idx  (cost=0.00..25185.44 rows=919057 width=4) (actual time=0.030..530.920 rows=920110 loops=1)
        Filter: (info_type_id > 99)
        Rows Removed by Filter: 459925
  ->  Hash  (cost=73925.90..73925.90 rows=404378 width=4) (actual time=1364.135..1364.135 rows=296768 loops=1)
        Buckets: 131072  Batches: 8  Memory Usage: 2332kB
        ->  Seq Scan on title t  (cost=0.00..73925.90 rows=404378 width=4) (actual time=18.262..1269.343 rows=296768 loops=1)
              Filter: ((production_year > 1997) AND (kind_id = 1))
              Rows Removed by Filter: 2231544
Planning time: 0.738 ms
Execution time: 2442.567 ms
