Seq Scan on movie_companies mc  (cost=0.00..57926.93 rows=918129 width=0) (actual time=0.018..2977.460 rows=1225841 loops=1)
  Filter: ((company_id < 38515) AND (company_type_id = 1))
  Rows Removed by Filter: 1383288
Planning time: 0.340 ms
Execution time: 3153.841 ms
