Hash Join  (cost=548670.74..647626.41 rows=308237 width=209) (actual time=7619.730..9812.335 rows=1111628 loops=1)
  Hash Cond: (mc.movie_id = t.id)
  ->  Seq Scan on movie_companies mc  (cost=0.00..51404.11 rows=1726185 width=40) (actual time=0.028..706.074 rows=1718832 loops=1)
        Filter: (company_id < 22134)
        Rows Removed by Filter: 890297
  ->  Hash  (cost=532002.89..532002.89 rows=451508 width=169) (actual time=7618.747..7618.747 rows=474443 loops=1)
        Buckets: 32768  Batches: 32  Memory Usage: 2238kB
        ->  Hash Join  (cost=129928.86..532002.89 rows=451508 width=169) (actual time=2644.024..7354.221 rows=474443 loops=1)
              Hash Cond: (mi.movie_id = t.id)
              ->  Seq Scan on movie_info mi  (cost=0.00..346232.03 rows=451508 width=75) (actual time=32.215..3607.778 rows=474443 loops=1)
                    Filter: (info_type_id = 6)
                    Rows Removed by Filter: 14361277
              ->  Hash  (cost=61283.27..61283.27 rows=2528527 width=94) (actual time=2609.708..2609.708 rows=2528312 loops=1)
                    Buckets: 32768  Batches: 128  Memory Usage: 2470kB
                    ->  Seq Scan on title t  (cost=0.00..61283.27 rows=2528527 width=94) (actual time=0.013..691.264 rows=2528312 loops=1)
Planning time: 1.442 ms
Execution time: 9868.864 ms
