Nested Loop  (cost=55041.16..852214.85 rows=6 width=0) (actual time=15212.664..15221.967 rows=1 loops=1)
  ->  Hash Join  (cost=55040.73..852124.36 rows=71 width=8) (actual time=15212.559..15221.859 rows=1 loops=1)
        Hash Cond: (ci.movie_id = mc.movie_id)
        ->  Seq Scan on cast_info ci  (cost=0.00..796071.18 rows=324 width=4) (actual time=4108.761..14297.722 rows=95 loops=1)
              Filter: ((role_id > 1) AND (person_id = 2874169))
              Rows Removed by Filter: 36244249
        ->  Hash  (cost=51404.11..51404.11 rows=221649 width=4) (actual time=894.940..894.940 rows=223119 loops=1)
              Buckets: 131072  Batches: 4  Memory Usage: 2993kB
              ->  Seq Scan on movie_companies mc  (cost=0.00..51404.11 rows=221649 width=4) (actual time=73.952..827.788 rows=223119 loops=1)
                    Filter: (company_id > 107145)
                    Rows Removed by Filter: 2386010
  ->  Index Scan using title_pkey on title t  (cost=0.43..1.26 rows=1 width=4) (actual time=0.074..0.076 rows=1 loops=1)
        Index Cond: (id = mc.movie_id)
        Filter: ((production_year < 2010) AND (kind_id = 1))
Planning time: 1.239 ms
Execution time: 15222.337 ms
