Hash Join  (cost=83891.93..601479.47 rows=3540861 width=0) (actual time=1409.117..18926.598 rows=7724082 loops=1)
  Hash Cond: (mi.movie_id = t.id)
  ->  Seq Scan on movie_info mi  (cost=0.00..309384.22 rows=14739122 width=4) (actual time=0.009..6125.277 rows=14835720 loops=1)
  ->  Hash  (cost=73925.90..73925.90 rows=607442 width=4) (actual time=1408.216..1408.216 rows=675690 loops=1)
        Buckets: 131072  Batches: 8  Memory Usage: 4021kB
        ->  Seq Scan on title t  (cost=0.00..73925.90 rows=607442 width=4) (actual time=0.024..1207.497 rows=675690 loops=1)
              Filter: ((kind_id < 7) AND (production_year < 2007))
              Rows Removed by Filter: 1852622
Planning time: 0.743 ms
Execution time: 19836.816 ms
