Hash Join  (cost=491095.52..633099.40 rows=1641685 width=0) (actual time=10019.531..12273.882 rows=515422 loops=1)
  Hash Cond: (mk.movie_id = t.id)
  ->  Seq Scan on movie_keyword mk  (cost=0.00..69693.30 rows=4523930 width=4) (actual time=0.018..1404.585 rows=4523930 loops=1)
  ->  Hash  (cost=476040.83..476040.83 rows=917575 width=8) (actual time=8857.306..8857.306 rows=338851 loops=1)
        Buckets: 131072  Batches: 16  Memory Usage: 1850kB
        ->  Hash Join  (cost=92280.96..476040.83 rows=917575 width=8) (actual time=3669.586..8750.513 rows=338851 loops=1)
              Hash Cond: (mi.movie_id = t.id)
              ->  Seq Scan on movie_info mi  (cost=0.00..346232.03 rows=2073893 width=4) (actual time=1787.151..5508.126 rows=2091068 loops=1)
                    Filter: (info_type_id < 3)
                    Rows Removed by Filter: 12744652
              ->  Hash  (cost=73925.90..73925.90 rows=1118724 width=4) (actual time=1881.372..1881.372 rows=1213086 loops=1)
                    Buckets: 131072  Batches: 16  Memory Usage: 3707kB
                    ->  Seq Scan on title t  (cost=0.00..73925.90 rows=1118724 width=4) (actual time=0.025..1496.713 rows=1213086 loops=1)
                          Filter: ((production_year > 1986) AND (kind_id = 7))
                          Rows Removed by Filter: 1315226
Planning time: 1.175 ms
Execution time: 12330.002 ms
