Seq Scan on title t  (cost=0.00..73925.90 rows=402 width=94) (actual time=0.430..805.984 rows=137 loops=1)
  Filter: ((production_year > 2013) AND (kind_id = 7))
  Rows Removed by Filter: 2528175
Planning time: 0.546 ms
Execution time: 806.063 ms
