Hash Join  (cost=139112.26..272700.12 rows=950883 width=0) (actual time=3441.724..8465.018 rows=5692028 loops=1)
  Hash Cond: (mk.movie_id = t.id)
  ->  Seq Scan on movie_keyword mk  (cost=0.00..69693.30 rows=4523930 width=4) (actual time=0.013..1548.141 rows=4523930 loops=1)
  ->  Hash  (cost=130391.88..130391.88 rows=531470 width=8) (actual time=3440.693..3440.693 rows=649871 loops=1)
        Buckets: 131072 (originally 131072)  Batches: 16 (originally 8)  Memory Usage: 3073kB
        ->  Hash Join  (cost=83580.70..130391.88 rows=531470 width=8) (actual time=1509.644..3239.835 rows=649871 loops=1)
              Hash Cond: (mi_idx.movie_id = t.id)
              ->  Seq Scan on movie_info_idx mi_idx  (cost=0.00..21735.35 rows=1380035 width=4) (actual time=0.019..466.163 rows=1380035 loops=1)
              ->  Hash  (cost=67604.59..67604.59 rows=973769 width=4) (actual time=1508.567..1508.567 rows=971188 loops=1)
                    Buckets: 131072  Batches: 16  Memory Usage: 3161kB
                    ->  Seq Scan on title t  (cost=0.00..67604.59 rows=973769 width=4) (actual time=0.020..1202.872 rows=971188 loops=1)
                          Filter: (production_year < 1999)
                          Rows Removed by Filter: 1557124
Planning time: 5.835 ms
Execution time: 9166.031 ms
