Seq Scan on movie_companies mc  (cost=0.00..57926.93 rows=53 width=0) (actual time=18.444..817.674 rows=64 loops=1)
  Filter: ((company_id = 71320) AND (company_type_id = 2))
  Rows Removed by Filter: 2609065
Planning time: 0.389 ms
Execution time: 817.775 ms
