Hash Join  (cost=160583.24..289247.98 rows=546870 width=0) (actual time=3505.948..6562.785 rows=482533 loops=1)
  Hash Cond: (mk.movie_id = t.id)
  ->  Seq Scan on movie_keyword mk  (cost=0.00..69693.30 rows=4523930 width=4) (actual time=0.018..1344.581 rows=4523930 loops=1)
  ->  Hash  (cost=155568.52..155568.52 rows=305658 width=8) (actual time=3503.046..3503.046 rows=196546 loops=1)
        Buckets: 131072  Batches: 4  Memory Usage: 2948kB
        ->  Hash Join  (cost=83462.78..155568.52 rows=305658 width=8) (actual time=1571.358..3438.654 rows=196546 loops=1)
              Hash Cond: (mc.movie_id = t.id)
              ->  Seq Scan on movie_companies mc  (cost=0.00..51404.11 rows=1329612 width=4) (actual time=131.585..979.593 rows=1334883 loops=1)
                    Filter: (company_type_id = 2)
                    Rows Removed by Filter: 1274246
              ->  Hash  (cost=73925.90..73925.90 rows=581270 width=4) (actual time=1438.897..1438.897 rows=602533 loops=1)
                    Buckets: 131072  Batches: 8  Memory Usage: 3669kB
                    ->  Seq Scan on title t  (cost=0.00..73925.90 rows=581270 width=4) (actual time=0.022..1243.345 rows=602533 loops=1)
                          Filter: ((kind_id > 1) AND (production_year > 2007))
                          Rows Removed by Filter: 1925779
Planning time: 1.167 ms
Execution time: 6620.190 ms
