Hash Join  (cost=901575.08..3260312.42 rows=104389438 width=0) (actual time=25586.750..115940.706 rows=252289782 loops=1)
  Hash Cond: (ci.movie_id = t.id)
  ->  Seq Scan on cast_info ci  (cost=0.00..705507.15 rows=23499554 width=4) (actual time=3940.883..16053.609 rows=23573656 loops=1)
        Filter: (role_id > 1)
        Rows Removed by Filter: 12670688
  ->  Hash  (cost=717296.67..717296.67 rows=11232193 width=8) (actual time=21644.385..21644.385 rows=10191448 loops=1)
        Buckets: 131072  Batches: 256  Memory Usage: 2550kB
        ->  Hash Join  (cost=99217.91..717296.67 rows=11232193 width=8) (actual time=2041.695..18926.604 rows=10191448 loops=1)
              Hash Cond: (mi.movie_id = t.id)
              ->  Seq Scan on movie_info mi  (cost=0.00..309384.22 rows=14739122 width=4) (actual time=0.027..6194.069 rows=14835720 loops=1)
              ->  Hash  (cost=67604.59..67604.59 rows=1926906 width=4) (actual time=2040.545..2040.545 rows=1918028 loops=1)
                    Buckets: 131072  Batches: 32  Memory Usage: 3148kB
                    ->  Seq Scan on title t  (cost=0.00..67604.59 rows=1926906 width=4) (actual time=0.023..1400.161 rows=1918028 loops=1)
                          Filter: (production_year > 1981)
                          Rows Removed by Filter: 610284
Planning time: 1.213 ms
Execution time: 142808.090 ms
