Seq Scan on movie_companies mc  (cost=0.00..57926.93 rows=53 width=0) (actual time=81.256..908.523 rows=205 loops=1)
  Filter: ((company_type_id > 1) AND (company_id = 95677))
  Rows Removed by Filter: 2608924
Planning time: 0.351 ms
Execution time: 908.686 ms
