Seq Scan on cast_info ci  (cost=0.00..796071.18 rows=6160336 width=0) (actual time=1147.828..13045.228 rows=6708816 loops=1)
  Filter: ((person_id < 677696) AND (role_id < 10))
  Rows Removed by Filter: 29535528
Planning time: 0.379 ms
Execution time: 13901.918 ms
