Hash Join  (cost=1018504.83..4619067.55 rows=189345355 width=0) (actual time=38186.344..244334.200 rows=412911084 loops=1)
  Hash Cond: (ci.movie_id = t.id)
  ->  Seq Scan on cast_info ci  (cost=0.00..705507.15 rows=32482589 width=4) (actual time=10.950..52225.242 rows=32614206 loops=1)
        Filter: (person_id > 347570)
        Rows Removed by Filter: 3630138
  ->  Hash  (cost=776690.81..776690.81 rows=14739122 width=8) (actual time=38169.648..38169.648 rows=14835720 loops=1)
        Buckets: 131072  Batches: 256  Memory Usage: 3268kB
        ->  Hash Join  (cost=102767.86..776690.81 rows=14739122 width=8) (actual time=2002.202..31920.901 rows=14835720 loops=1)
              Hash Cond: (mi.movie_id = t.id)
              ->  Seq Scan on movie_info mi  (cost=0.00..309384.22 rows=14739122 width=4) (actual time=0.019..14029.561 rows=14835720 loops=1)
              ->  Hash  (cost=61283.27..61283.27 rows=2528527 width=4) (actual time=2000.461..2000.461 rows=2528312 loops=1)
                    Buckets: 131072  Batches: 64  Memory Usage: 2425kB
                    ->  Seq Scan on title t  (cost=0.00..61283.27 rows=2528527 width=4) (actual time=0.028..1104.499 rows=2528312 loops=1)
Planning time: 2.419 ms
Execution time: 300872.857 ms
