Hash Join  (cost=67697.55..154488.65 rows=13306 width=0) (actual time=1001.448..2828.149 rows=1382 loops=1)
  Hash Cond: (mk.movie_id = t.id)
  ->  Seq Scan on movie_keyword mk  (cost=0.00..69693.30 rows=4523930 width=4) (actual time=0.012..994.955 rows=4523930 loops=1)
  ->  Hash  (cost=67604.59..67604.59 rows=7437 width=4) (actual time=999.113..999.113 rows=5945 loops=1)
        Buckets: 8192  Batches: 1  Memory Usage: 274kB
        ->  Seq Scan on title t  (cost=0.00..67604.59 rows=7437 width=4) (actual time=505.557..996.703 rows=5945 loops=1)
              Filter: (production_year = 1911)
              Rows Removed by Filter: 2522367
Planning time: 0.851 ms
Execution time: 2828.648 ms
