Hash Join  (cost=73929.23..102547.26 rows=96 width=0) (actual time=1318.935..1617.346 rows=594 loops=1)
  Hash Cond: (mi_idx.movie_id = t.id)
  ->  Seq Scan on movie_info_idx mi_idx  (cost=0.00..25185.44 rows=915101 width=4) (actual time=0.023..504.240 rows=919850 loops=1)
        Filter: (info_type_id < 101)
        Rows Removed by Filter: 460185
  ->  Hash  (cost=73925.90..73925.90 rows=266 width=4) (actual time=971.596..971.596 rows=759 loops=1)
        Buckets: 1024  Batches: 1  Memory Usage: 35kB
        ->  Seq Scan on title t  (cost=0.00..73925.90 rows=266 width=4) (actual time=1.023..971.011 rows=759 loops=1)
              Filter: ((kind_id = 2) AND (production_year = 1980))
              Rows Removed by Filter: 2527553
Planning time: 0.831 ms
Execution time: 1617.540 ms
