Hash Join  (cost=91959.31..246319.62 rows=2655927 width=0) (actual time=1699.772..6208.029 rows=2179620 loops=1)
  Hash Cond: (mk.movie_id = t.id)
  ->  Seq Scan on movie_keyword mk  (cost=0.00..69693.30 rows=4523930 width=4) (actual time=0.009..1469.350 rows=4523930 loops=1)
  ->  Hash  (cost=67604.59..67604.59 rows=1484458 width=4) (actual time=1698.238..1698.238 rows=1485030 loops=1)
        Buckets: 131072  Batches: 32  Memory Usage: 2663kB
        ->  Seq Scan on title t  (cost=0.00..67604.59 rows=1484458 width=4) (actual time=0.020..1224.485 rows=1485030 loops=1)
              Filter: (production_year > 1998)
              Rows Removed by Filter: 1043282
Planning time: 0.511 ms
Execution time: 6465.806 ms
