Seq Scan on movie_companies mc  (cost=0.00..57926.93 rows=53 width=0) (actual time=141.282..766.865 rows=10 loops=1)
  Filter: ((company_id = 27306) AND (company_type_id = 2))
  Rows Removed by Filter: 2609119
Planning time: 0.395 ms
Execution time: 766.955 ms
