Hash Join  (cost=79111.30..578574.16 rows=1842193 width=0) (actual time=1453.949..15617.231 rows=5061929 loops=1)
  Hash Cond: (mi.movie_id = t.id)
  ->  Seq Scan on movie_info mi  (cost=0.00..309384.22 rows=14739122 width=4) (actual time=0.021..6046.561 rows=14835720 loops=1)
  ->  Hash  (cost=73925.90..73925.90 rows=316032 width=4) (actual time=1453.232..1453.232 rows=400740 loops=1)
        Buckets: 131072  Batches: 8  Memory Usage: 2801kB
        ->  Seq Scan on title t  (cost=0.00..73925.90 rows=316032 width=4) (actual time=0.020..1323.404 rows=400740 loops=1)
              Filter: ((production_year < 2003) AND (kind_id = 1))
              Rows Removed by Filter: 2127572
Planning time: 0.763 ms
Execution time: 16153.611 ms
