Hash Join  (cost=87162.74..226751.46 rows=1443468 width=0) (actual time=1481.778..5853.142 rows=3649321 loops=1)
  Hash Cond: (mk.movie_id = t.id)
  ->  Seq Scan on movie_keyword mk  (cost=0.00..69693.30 rows=4523930 width=4) (actual time=0.023..1460.148 rows=4523930 loops=1)
  ->  Hash  (cost=73925.90..73925.90 rows=806787 width=4) (actual time=1480.807..1480.807 rows=843018 loops=1)
        Buckets: 131072  Batches: 16  Memory Usage: 2888kB
        ->  Seq Scan on title t  (cost=0.00..73925.90 rows=806787 width=4) (actual time=0.021..1213.379 rows=843018 loops=1)
              Filter: ((kind_id < 7) AND (production_year < 2011))
              Rows Removed by Filter: 1685294
Planning time: 0.836 ms
Execution time: 6268.544 ms
