Seq Scan on cast_info ci  (cost=0.00..705507.15 rows=31602120 width=0) (actual time=0.025..14172.443 rows=31582124 loops=1)
  Filter: (person_id < 3216060)
  Rows Removed by Filter: 4662220
Planning time: 0.292 ms
Execution time: 18161.438 ms
