Hash Join  (cost=129098.25..212900.00 rows=4256 width=0) (actual time=6438.003..10558.342 rows=82686 loops=1)
  Hash Cond: (mk.movie_id = t.id)
  ->  Seq Scan on movie_keyword mk  (cost=0.00..81003.12 rows=734951 width=4) (actual time=0.024..3905.448 rows=735909 loops=1)
        Filter: (keyword_id < 660)
        Rows Removed by Filter: 3788021
  ->  Hash  (cost=128915.22..128915.22 rows=14642 width=8) (actual time=6437.536..6437.536 rows=24986 loops=1)
        Buckets: 32768 (originally 16384)  Batches: 1 (originally 1)  Memory Usage: 1233kB
        ->  Hash Join  (cost=74103.28..128915.22 rows=14642 width=8) (actual time=3212.370..6426.408 rows=24986 loops=1)
              Hash Cond: (mc.movie_id = t.id)
              ->  Seq Scan on movie_companies mc  (cost=0.00..44881.29 rows=2609129 width=4) (actual time=0.012..2378.858 rows=2609129 loops=1)
              ->  Hash  (cost=73925.90..73925.90 rows=14190 width=4) (actual time=3211.992..3211.992 rows=12208 loops=1)
                    Buckets: 16384  Batches: 1  Memory Usage: 558kB
                    ->  Seq Scan on title t  (cost=0.00..73925.90 rows=14190 width=4) (actual time=0.046..3206.039 rows=12208 loops=1)
                          Filter: ((kind_id < 7) AND (production_year = 1996))
                          Rows Removed by Filter: 2516104
Planning time: 4.765 ms
Execution time: 10574.389 ms
