Hash Join  (cost=100908.38..465656.76 rows=9242 width=0) (actual time=4893.239..24979.390 rows=81162 loops=1)
  Hash Cond: (mi.movie_id = t.id)
  ->  Seq Scan on movie_info mi  (cost=0.00..309384.22 rows=14739122 width=4) (actual time=0.008..16197.802 rows=14835720 loops=1)
  ->  Hash  (cost=100888.56..100888.56 rows=1586 width=8) (actual time=4883.965..4883.965 rows=4199 loops=1)
        Buckets: 8192 (originally 2048)  Batches: 1 (originally 1)  Memory Usage: 229kB
        ->  Hash Join  (cost=73962.22..100888.56 rows=1586 width=8) (actual time=3247.458..4875.287 rows=4199 loops=1)
              Hash Cond: (mi_idx.movie_id = t.id)
              ->  Seq Scan on movie_info_idx mi_idx  (cost=0.00..21735.35 rows=1380035 width=4) (actual time=0.026..1267.830 rows=1380035 loops=1)
              ->  Hash  (cost=73925.90..73925.90 rows=2905 width=4) (actual time=3208.359..3208.359 rows=3676 loops=1)
                    Buckets: 4096  Batches: 1  Memory Usage: 162kB
                    ->  Seq Scan on title t  (cost=0.00..73925.90 rows=2905 width=4) (actual time=0.285..3206.221 rows=3676 loops=1)
                          Filter: ((kind_id < 7) AND (production_year = 1958))
                          Rows Removed by Filter: 2524636
Planning time: 1.549 ms
Execution time: 24997.096 ms
