Hash Join  (cost=69283.60..993621.15 rows=738611 width=0) (actual time=3466.248..53788.379 rows=945046 loops=1)
  Hash Cond: (ci.movie_id = t.id)
  ->  Seq Scan on cast_info ci  (cost=0.00..705507.15 rows=18252343 width=4) (actual time=0.025..40249.641 rows=18423450 loops=1)
        Filter: (person_id > 1765698)
        Rows Removed by Filter: 17820894
  ->  Hash  (cost=67604.59..67604.59 rows=102321 width=4) (actual time=3465.047..3465.047 rows=100537 loops=1)
        Buckets: 131072  Batches: 2  Memory Usage: 2797kB
        ->  Seq Scan on title t  (cost=0.00..67604.59 rows=102321 width=4) (actual time=775.193..3422.228 rows=100537 loops=1)
              Filter: (kind_id = 3)
              Rows Removed by Filter: 2427775
Planning time: 0.851 ms
Execution time: 53954.319 ms
