Hash Join  (cost=58358.90..452088.09 rows=255 width=0) (actual time=6153.187..24437.849 rows=10 loops=1)
  Hash Cond: (mi.movie_id = t.id)
  ->  Seq Scan on movie_info mi  (cost=0.00..346232.03 rows=12665229 width=4) (actual time=0.011..19894.596 rows=12744652 loops=1)
        Filter: (info_type_id > 2)
        Rows Removed by Filter: 2091068
  ->  Hash  (cost=58358.27..58358.27 rows=51 width=8) (actual time=2227.185..2227.185 rows=1 loops=1)
        Buckets: 1024  Batches: 1  Memory Usage: 9kB
        ->  Nested Loop  (cost=0.43..58358.27 rows=51 width=8) (actual time=2173.322..2227.180 rows=1 loops=1)
              ->  Seq Scan on movie_companies mc  (cost=0.00..57926.93 rows=51 width=4) (actual time=2173.238..2227.093 rows=1 loops=1)
                    Filter: ((company_id = 67597) AND (company_type_id = 1))
                    Rows Removed by Filter: 2609128
              ->  Index Only Scan using title_pkey on title t  (cost=0.43..8.45 rows=1 width=4) (actual time=0.071..0.072 rows=1 loops=1)
                    Index Cond: (id = mc.movie_id)
                    Heap Fetches: 1
Planning time: 10.351 ms
Execution time: 24437.982 ms
