Hash Join  (cost=102767.86..262621.25 rows=2866355 width=0) (actual time=4951.636..11979.882 rows=2854281 loops=1)
  Hash Cond: (mk.movie_id = t.id)
  ->  Seq Scan on movie_keyword mk  (cost=0.00..81003.12 rows=2866355 width=4) (actual time=0.029..3958.852 rows=2854281 loops=1)
        Filter: (keyword_id > 2556)
        Rows Removed by Filter: 1669649
  ->  Hash  (cost=61283.27..61283.27 rows=2528527 width=4) (actual time=4945.567..4945.567 rows=2528312 loops=1)
        Buckets: 131072  Batches: 64  Memory Usage: 2425kB
        ->  Seq Scan on title t  (cost=0.00..61283.27 rows=2528527 width=4) (actual time=0.011..3743.079 rows=2528312 loops=1)
Planning time: 0.736 ms
Execution time: 12340.461 ms
