Hash Join  (cost=100960.39..1479265.60 rows=29127803 width=0) (actual time=5820.678..89133.399 rows=31104289 loops=1)
  Hash Cond: (ci.movie_id = t.id)
  ->  Seq Scan on cast_info ci  (cost=0.00..614943.12 rows=36225612 width=4) (actual time=0.022..45397.605 rows=36244344 loops=1)
  ->  Hash  (cost=67604.59..67604.59 rows=2033104 width=4) (actual time=5819.494..5819.494 rows=2032439 loops=1)
        Buckets: 131072  Batches: 32  Memory Usage: 3261kB
        ->  Seq Scan on title t  (cost=0.00..67604.59 rows=2033104 width=4) (actual time=0.024..4841.188 rows=2032439 loops=1)
              Filter: (production_year > 1973)
              Rows Removed by Filter: 495873
Planning time: 0.684 ms
Execution time: 93351.103 ms
