Seq Scan on title t  (cost=0.00..67604.59 rows=7437 width=0) (actual time=0.014..2953.115 rows=14235 loops=1)
  Filter: (production_year = 1968)
  Rows Removed by Filter: 2514077
Planning time: 0.340 ms
Execution time: 2956.682 ms
