Seq Scan on cast_info ci  (cost=0.00..796071.18 rows=176 width=42) (actual time=4609.138..8344.780 rows=4 loops=1)
  Filter: ((role_id < 2) AND (person_id = 1015306))
  Rows Removed by Filter: 36244340
Planning time: 0.441 ms
Execution time: 8344.821 ms
