Hash Join  (cost=218491.62..1382500.24 rows=7103269 width=0) (actual time=12924.074..111659.075 rows=81288972 loops=1)
  Hash Cond: (ci.movie_id = t.id)
  ->  Seq Scan on cast_info ci  (cost=0.00..705507.15 rows=30059147 width=4) (actual time=0.022..50589.856 rows=30177736 loops=1)
        Filter: (person_id > 585609)
        Rows Removed by Filter: 6066608
  ->  Hash  (cost=208687.67..208687.67 rows=597516 width=8) (actual time=12919.132..12919.132 rows=2028639 loops=1)
        Buckets: 131072 (originally 131072)  Batches: 32 (originally 8)  Memory Usage: 3444kB
        ->  Hash Join  (cost=79405.47..208687.67 rows=597516 width=8) (actual time=4732.074..12166.861 rows=2028639 loops=1)
              Hash Cond: (mk.movie_id = t.id)
              ->  Seq Scan on movie_keyword mk  (cost=0.00..69693.30 rows=4523930 width=4) (actual time=0.018..4574.269 rows=4523930 loops=1)
              ->  Hash  (cost=73925.90..73925.90 rows=333965 width=4) (actual time=4266.164..4266.164 rows=411522 loops=1)
                    Buckets: 131072  Batches: 8  Memory Usage: 2849kB
                    ->  Seq Scan on title t  (cost=0.00..73925.90 rows=333965 width=4) (actual time=1768.883..4064.588 rows=411522 loops=1)
                          Filter: ((kind_id < 2) AND (production_year < 2004))
                          Rows Removed by Filter: 2116790
Planning time: 1.666 ms
Execution time: 123617.837 ms
