Seq Scan on movie_keyword mk  (cost=0.00..81003.12 rows=1210334 width=12) (actual time=0.017..983.292 rows=1211469 loops=1)
  Filter: (keyword_id < 1524)
  Rows Removed by Filter: 3312461
Planning time: 0.214 ms
Execution time: 1050.431 ms
