Hash Join  (cost=709674.49..736585.01 rows=4 width=0) (actual time=34607.726..34989.791 rows=3 loops=1)
  Hash Cond: (mi_idx.movie_id = t.id)
  ->  Seq Scan on movie_info_idx mi_idx  (cost=0.00..21735.35 rows=1380035 width=4) (actual time=0.018..1252.715 rows=1380035 loops=1)
  ->  Hash  (cost=709674.40..709674.40 rows=7 width=8) (actual time=33396.640..33396.640 rows=1 loops=1)
        Buckets: 1024  Batches: 1  Memory Usage: 9kB
        ->  Nested Loop  (cost=0.43..709674.40 rows=7 width=8) (actual time=29515.367..33396.583 rows=1 loops=1)
              ->  Seq Scan on cast_info ci  (cost=0.00..705507.15 rows=500 width=4) (actual time=29515.192..33389.236 rows=12 loops=1)
                    Filter: (person_id = 2750372)
                    Rows Removed by Filter: 36244332
              ->  Index Scan using title_pkey on title t  (cost=0.43..8.32 rows=1 width=4) (actual time=0.605..0.605 rows=0 loops=12)
                    Index Cond: (id = ci.movie_id)
                    Filter: ((kind_id < 7) AND (production_year = 2004))
                    Rows Removed by Filter: 1
Planning time: 1.216 ms
Execution time: 34989.983 ms
