Seq Scan on title t  (cost=0.00..73925.90 rows=92100 width=0) (actual time=1415.881..3671.016 rows=117894 loops=1)
  Filter: ((production_year > 1973) AND (kind_id = 4))
  Rows Removed by Filter: 2410418
Planning time: 1.716 ms
Execution time: 3686.832 ms
