Seq Scan on cast_info ci  (cost=0.00..705507.15 rows=5057437 width=0) (actual time=0.056..32280.606 rows=4933568 loops=1)
  Filter: (person_id < 479298)
  Rows Removed by Filter: 31310776
Planning time: 0.278 ms
Execution time: 33110.718 ms
