Seq Scan on movie_companies mc  (cost=0.00..57926.93 rows=3967 width=0) (actual time=5.770..2515.350 rows=413 loops=1)
  Filter: ((company_id = 424) AND (company_type_id = 1))
  Rows Removed by Filter: 2608716
Planning time: 2.569 ms
Execution time: 2515.568 ms
