Hash Join  (cost=78439.73..206438.85 rows=492208 width=0) (actual time=3960.926..11373.499 rows=121418 loops=1)
  Hash Cond: (mk.movie_id = t.id)
  ->  Seq Scan on movie_keyword mk  (cost=0.00..69693.30 rows=4523930 width=4) (actual time=0.029..4970.240 rows=4523930 loops=1)
  ->  Hash  (cost=73925.90..73925.90 rows=275106 width=4) (actual time=3959.361..3959.361 rows=279471 loops=1)
        Buckets: 131072  Batches: 4  Memory Usage: 3503kB
        ->  Seq Scan on title t  (cost=0.00..73925.90 rows=275106 width=4) (actual time=0.963..3845.086 rows=279471 loops=1)
              Filter: ((kind_id > 2) AND (production_year > 2010))
              Rows Removed by Filter: 2248841
Planning time: 0.690 ms
Execution time: 11391.061 ms
