Seq Scan on movie_keyword mk  (cost=0.00..81003.12 rows=2353250 width=12) (actual time=0.030..1323.326 rows=2351730 loops=1)
  Filter: (keyword_id < 5273)
  Rows Removed by Filter: 2172200
Planning time: 0.314 ms
Execution time: 1438.880 ms
