Hash Join  (cost=92027.78..140052.19 rows=602193 width=0) (actual time=4591.366..6841.478 rows=342978 loops=1)
  Hash Cond: (mi_idx.movie_id = t.id)
  ->  Seq Scan on movie_info_idx mi_idx  (cost=0.00..21735.35 rows=1380035 width=4) (actual time=0.016..1298.839 rows=1380035 loops=1)
  ->  Hash  (cost=73925.90..73925.90 rows=1103350 width=4) (actual time=4590.547..4590.547 rows=1054846 loops=1)
        Buckets: 131072  Batches: 16  Memory Usage: 3343kB
        ->  Seq Scan on title t  (cost=0.00..73925.90 rows=1103350 width=4) (actual time=0.011..4168.177 rows=1054846 loops=1)
              Filter: ((kind_id > 4) AND (production_year < 2009))
              Rows Removed by Filter: 1473466
Planning time: 0.683 ms
Execution time: 6881.688 ms
