Seq Scan on movie_keyword mk  (cost=0.00..81003.12 rows=246 width=0) (actual time=69.742..3082.197 rows=84 loops=1)
  Filter: (keyword_id = 7325)
  Rows Removed by Filter: 4523846
Planning time: 0.325 ms
Execution time: 3082.339 ms
