Hash Join  (cost=131914.37..887652.29 rows=494875 width=0) (actual time=6724.876..50981.203 rows=478373 loops=1)
  Hash Cond: (ci.movie_id = t.id)
  ->  Seq Scan on cast_info ci  (cost=0.00..614943.12 rows=36225612 width=4) (actual time=0.011..32912.703 rows=36244344 loops=1)
  ->  Hash  (cost=131482.60..131482.60 rows=34542 width=8) (actual time=6720.288..6720.288 rows=13353 loops=1)
        Buckets: 65536  Batches: 1  Memory Usage: 1034kB
        ->  Hash Join  (cost=74747.02..131482.60 rows=34542 width=8) (actual time=3480.303..6714.774 rows=13353 loops=1)
              Hash Cond: (mc.movie_id = t.id)
              ->  Seq Scan on movie_companies mc  (cost=0.00..51404.11 rows=1329612 width=4) (actual time=0.018..2821.858 rows=1334883 loops=1)
                    Filter: (company_type_id > 1)
                    Rows Removed by Filter: 1274246
              ->  Hash  (cost=73925.90..73925.90 rows=65689 width=4) (actual time=3479.554..3479.554 rows=74524 loops=1)
                    Buckets: 131072  Batches: 1  Memory Usage: 3644kB
                    ->  Seq Scan on title t  (cost=0.00..73925.90 rows=65689 width=4) (actual time=0.018..3443.132 rows=74524 loops=1)
                          Filter: ((kind_id = 7) AND (production_year = 2006))
                          Rows Removed by Filter: 2453788
Planning time: 1.101 ms
Execution time: 51066.764 ms
