Seq Scan on movie_companies mc  (cost=0.00..57926.93 rows=563535 width=0) (actual time=0.024..2605.550 rows=346449 loops=1)
  Filter: ((company_id < 7500) AND (company_type_id > 1))
  Rows Removed by Filter: 2262680
Planning time: 0.321 ms
Execution time: 2683.243 ms
