Hash Join  (cost=156649.15..1034894.38 rows=2345151 width=0) (actual time=5565.218..46433.801 rows=4999135 loops=1)
  Hash Cond: (ci.movie_id = t.id)
  ->  Seq Scan on cast_info ci  (cost=0.00..705507.15 rows=12754018 width=4) (actual time=0.013..32114.163 rows=12714336 loops=1)
        Filter: (person_id < 1253709)
        Rows Removed by Filter: 23530008
  ->  Hash  (cost=149020.47..149020.47 rows=464934 width=8) (actual time=5564.509..5564.509 rows=460185 loops=1)
        Buckets: 131072  Batches: 8  Memory Usage: 3276kB
        ->  Hash Join  (cost=102767.86..149020.47 rows=464934 width=8) (actual time=3495.346..5440.020 rows=460185 loops=1)
              Hash Cond: (mi_idx.movie_id = t.id)
              ->  Seq Scan on movie_info_idx mi_idx  (cost=0.00..25185.44 rows=464934 width=4) (actual time=0.024..1181.754 rows=460185 loops=1)
                    Filter: (info_type_id > 100)
                    Rows Removed by Filter: 919850
              ->  Hash  (cost=61283.27..61283.27 rows=2528527 width=4) (actual time=3493.734..3493.734 rows=2528312 loops=1)
                    Buckets: 131072  Batches: 64  Memory Usage: 2415kB
                    ->  Seq Scan on title t  (cost=0.00..61283.27 rows=2528527 width=4) (actual time=0.011..2623.152 rows=2528312 loops=1)
Planning time: 0.929 ms
Execution time: 47131.296 ms
