Nested Loop  (cost=0.43..83072.29 rows=123 width=0) (actual time=168.025..2477.365 rows=33 loops=1)
  ->  Seq Scan on movie_keyword mk  (cost=0.00..81003.12 rows=246 width=4) (actual time=45.905..2465.349 rows=95 loops=1)
        Filter: (keyword_id = 33521)
        Rows Removed by Filter: 4523835
  ->  Index Scan using title_pkey on title t  (cost=0.43..8.40 rows=1 width=4) (actual time=0.123..0.123 rows=0 loops=95)
        Index Cond: (id = mk.movie_id)
        Filter: (production_year > 2002)
        Rows Removed by Filter: 1
Planning time: 9.293 ms
Execution time: 2477.478 ms
