Seq Scan on movie_companies mc  (cost=0.00..51404.11 rows=1617003 width=0) (actual time=0.031..2561.764 rows=1614324 loops=1)
  Filter: (company_id > 4622)
  Rows Removed by Filter: 994805
Planning time: 16.383 ms
Execution time: 2830.265 ms
