Nested Loop  (cost=0.43..796536.34 rows=55 width=0) (actual time=10827.167..26722.332 rows=159 loops=1)
  ->  Seq Scan on cast_info ci  (cost=0.00..796071.18 rows=55 width=4) (actual time=10827.062..26720.255 rows=159 loops=1)
        Filter: ((person_id = 178277) AND (role_id = 3))
        Rows Removed by Filter: 36244185
  ->  Index Only Scan using title_pkey on title t  (cost=0.43..8.45 rows=1 width=4) (actual time=0.012..0.012 rows=1 loops=159)
        Index Cond: (id = ci.movie_id)
        Heap Fetches: 159
Planning time: 0.547 ms
Execution time: 26722.417 ms
