Hash Join  (cost=93417.65..868580.25 rows=1878557 width=0) (actual time=16365.792..43920.528 rows=2413487 loops=1)
  Hash Cond: (ci.movie_id = t.id)
  ->  Seq Scan on cast_info ci  (cost=0.00..705507.15 rows=3998100 width=4) (actual time=11021.164..34474.478 rows=4008037 loops=1)
        Filter: (role_id = 3)
        Rows Removed by Filter: 32236307
  ->  Hash  (cost=73925.90..73925.90 rows=1188060 width=4) (actual time=5343.417..5343.417 rows=1276679 loops=1)
        Buckets: 131072  Batches: 16  Memory Usage: 3840kB
        ->  Seq Scan on title t  (cost=0.00..73925.90 rows=1188060 width=4) (actual time=0.032..4546.978 rows=1276679 loops=1)
              Filter: ((production_year > 1979) AND (kind_id = 7))
              Rows Removed by Filter: 1251633
Planning time: 3.695 ms
Execution time: 44258.660 ms
