Hash Join  (cost=798790.42..885450.44 rows=199 width=0) (actual time=13781.516..15197.462 rows=86 loops=1)
  Hash Cond: (mk.movie_id = t.id)
  ->  Seq Scan on movie_keyword mk  (cost=0.00..69693.30 rows=4523930 width=4) (actual time=0.011..972.594 rows=4523930 loops=1)
  ->  Hash  (cost=798789.03..798789.03 rows=111 width=8) (actual time=13484.167..13484.167 rows=19 loops=1)
        Buckets: 1024  Batches: 1  Memory Usage: 9kB
        ->  Nested Loop  (cost=0.43..798789.03 rows=111 width=8) (actual time=176.087..13484.100 rows=19 loops=1)
              ->  Seq Scan on cast_info ci  (cost=0.00..796071.18 rows=324 width=4) (actual time=176.012..13483.305 rows=19 loops=1)
                    Filter: ((role_id > 1) AND (person_id = 3016471))
                    Rows Removed by Filter: 36244325
              ->  Index Scan using title_pkey on title t  (cost=0.43..8.38 rows=1 width=4) (actual time=0.033..0.034 rows=1 loops=19)
                    Index Cond: (id = ci.movie_id)
                    Filter: ((kind_id < 7) AND (production_year < 2012))
Planning time: 1.196 ms
Execution time: 15197.677 ms
