Seq Scan on cast_info ci  (cost=0.00..796071.18 rows=17642087 width=0) (actual time=9.567..25674.953 rows=16609828 loops=1)
  Filter: ((person_id > 928952) AND (role_id < 4))
  Rows Removed by Filter: 19634516
Planning time: 0.372 ms
Execution time: 28008.925 ms
