Hash Join  (cost=160687.50..926233.40 rows=16632 width=0) (actual time=2921.536..17515.565 rows=392348 loops=1)
  Hash Cond: (ci.movie_id = t.id)
  ->  Seq Scan on cast_info ci  (cost=0.00..705507.15 rows=11974485 width=4) (actual time=0.018..12104.362 rows=11893943 loops=1)
        Filter: (person_id < 1168834)
        Rows Removed by Filter: 24350401
  ->  Hash  (cost=160643.60..160643.60 rows=3512 width=8) (actual time=2919.982..2919.982 rows=22317 loops=1)
        Buckets: 32768 (originally 4096)  Batches: 1 (originally 1)  Memory Usage: 1128kB
        ->  Hash Join  (cost=73950.44..160643.60 rows=3512 width=8) (actual time=1065.907..2912.007 rows=22317 loops=1)
              Hash Cond: (mk.movie_id = t.id)
              ->  Seq Scan on movie_keyword mk  (cost=0.00..69693.30 rows=4523930 width=4) (actual time=0.019..1025.971 rows=4523930 loops=1)
              ->  Hash  (cost=73925.90..73925.90 rows=1963 width=4) (actual time=1065.291..1065.291 rows=4382 loops=1)
                    Buckets: 8192 (originally 2048)  Batches: 1 (originally 1)  Memory Usage: 219kB
                    ->  Seq Scan on title t  (cost=0.00..73925.90 rows=1963 width=4) (actual time=535.122..1063.451 rows=4382 loops=1)
                          Filter: ((kind_id < 2) AND (production_year = 1979))
                          Rows Removed by Filter: 2523930
Planning time: 1.131 ms
Execution time: 17564.624 ms
