Hash Join  (cost=124884.90..251431.96 rows=373002 width=0) (actual time=2774.566..7608.492 rows=5899458 loops=1)
  Hash Cond: (mk.movie_id = t.id)
  ->  Seq Scan on movie_keyword mk  (cost=0.00..69693.30 rows=4523930 width=4) (actual time=0.037..1541.803 rows=4523930 loops=1)
  ->  Hash  (cost=121463.91..121463.91 rows=208479 width=8) (actual time=2773.854..2773.854 rows=455779 loops=1)
        Buckets: 131072 (originally 131072)  Batches: 8 (originally 4)  Memory Usage: 3275kB
        ->  Hash Join  (cost=80193.64..121463.91 rows=208479 width=8) (actual time=1376.013..2643.145 rows=455779 loops=1)
              Hash Cond: (mi_idx.movie_id = t.id)
              ->  Seq Scan on movie_info_idx mi_idx  (cost=0.00..21735.35 rows=1380035 width=4) (actual time=0.013..471.856 rows=1380035 loops=1)
              ->  Hash  (cost=73925.90..73925.90 rows=381979 width=4) (actual time=1375.232..1375.232 rows=440029 loops=1)
                    Buckets: 131072  Batches: 8  Memory Usage: 2968kB
                    ->  Seq Scan on title t  (cost=0.00..73925.90 rows=381979 width=4) (actual time=145.251..1228.185 rows=440029 loops=1)
                          Filter: ((production_year < 2006) AND (kind_id = 1))
                          Rows Removed by Filter: 2088283
Planning time: 1.083 ms
Execution time: 8319.861 ms
