Seq Scan on movie_keyword mk  (cost=0.00..81003.12 rows=862155 width=0) (actual time=0.026..1371.208 rows=870587 loops=1)
  Filter: (keyword_id > 21181)
  Rows Removed by Filter: 3653343
Planning time: 0.307 ms
Execution time: 1485.815 ms
