Hash Join  (cost=992670.80..1162665.08 rows=3157584 width=0) (actual time=17273.790..22917.937 rows=5884992 loops=1)
  Hash Cond: (mk.movie_id = t.id)
  ->  Seq Scan on movie_keyword mk  (cost=0.00..81003.12 rows=3848663 width=4) (actual time=0.027..1922.228 rows=3845204 loops=1)
        Filter: (keyword_id < 27586)
        Rows Removed by Filter: 678726
  ->  Hash  (cost=958635.60..958635.60 rows=2074496 width=8) (actual time=17272.587..17272.587 rows=1398483 loops=1)
        Buckets: 131072  Batches: 32  Memory Usage: 2731kB
        ->  Hash Join  (cost=102767.86..958635.60 rows=2074496 width=8) (actual time=3417.314..16857.975 rows=1398483 loops=1)
              Hash Cond: (ci.movie_id = t.id)
              ->  Seq Scan on cast_info ci  (cost=0.00..796071.18 rows=2074496 width=4) (actual time=1523.993..13373.640 rows=1398483 loops=1)
                    Filter: ((person_id < 1861901) AND (role_id = 3))
                    Rows Removed by Filter: 34845861
              ->  Hash  (cost=61283.27..61283.27 rows=2528527 width=4) (actual time=1892.200..1892.200 rows=2528312 loops=1)
                    Buckets: 131072  Batches: 64  Memory Usage: 2415kB
                    ->  Seq Scan on title t  (cost=0.00..61283.27 rows=2528527 width=4) (actual time=0.019..1057.973 rows=2528312 loops=1)
Planning time: 1.224 ms
Execution time: 23626.942 ms
