Hash Join  (cost=189085.45..228590.09 rows=105615 width=0) (actual time=3741.102..4284.147 rows=49509 loops=1)
  Hash Cond: (mi_idx.movie_id = t.id)
  ->  Seq Scan on movie_info_idx mi_idx  (cost=0.00..21735.35 rows=1380035 width=4) (actual time=0.024..448.894 rows=1380035 loops=1)
  ->  Hash  (cost=185910.59..185910.59 rows=193509 width=8) (actual time=3303.996..3303.996 rows=25921 loops=1)
        Buckets: 131072  Batches: 4  Memory Usage: 1282kB
        ->  Hash Join  (cost=92883.59..185910.59 rows=193509 width=8) (actual time=1828.271..3294.991 rows=25921 loops=1)
              Hash Cond: (mk.movie_id = t.id)
              ->  Seq Scan on movie_keyword mk  (cost=0.00..81003.12 rows=317558 width=4) (actual time=0.026..1260.114 rows=314493 loops=1)
                    Filter: (keyword_id > 51906)
                    Rows Removed by Filter: 4209437
              ->  Hash  (cost=67604.59..67604.59 rows=1540800 width=4) (actual time=1634.890..1634.890 rows=1543264 loops=1)
                    Buckets: 131072  Batches: 32  Memory Usage: 2728kB
                    ->  Seq Scan on title t  (cost=0.00..67604.59 rows=1540800 width=4) (actual time=0.014..1119.256 rows=1543264 loops=1)
                          Filter: (kind_id = 7)
                          Rows Removed by Filter: 985048
Planning time: 1.232 ms
Execution time: 4290.856 ms
