Hash Join  (cost=68365.25..95607.86 rows=33213 width=0) (actual time=1156.606..1850.531 rows=41527 loops=1)
  Hash Cond: (mi_idx.movie_id = t.id)
  ->  Seq Scan on movie_info_idx mi_idx  (cost=0.00..21735.35 rows=1380035 width=4) (actual time=0.006..334.368 rows=1380035 loops=1)
  ->  Hash  (cost=67604.59..67604.59 rows=60853 width=4) (actual time=1156.300..1156.300 rows=62568 loops=1)
        Buckets: 65536  Batches: 1  Memory Usage: 2712kB
        ->  Seq Scan on title t  (cost=0.00..67604.59 rows=60853 width=4) (actual time=6.990..1129.908 rows=62568 loops=1)
              Filter: (production_year = 2002)
              Rows Removed by Filter: 2465744
Planning time: 0.696 ms
Execution time: 1856.648 ms
