Hash Join  (cost=137839.51..635400.40 rows=1663896 width=0) (actual time=2819.468..15419.112 rows=1286984 loops=1)
  Hash Cond: (mi.movie_id = t.id)
  ->  Seq Scan on movie_info mi  (cost=0.00..309384.22 rows=14739122 width=4) (actual time=0.023..6229.170 rows=14835720 loops=1)
  ->  Hash  (cost=133155.44..133155.44 rows=285445 width=8) (actual time=2818.631..2818.631 rows=147460 loops=1)
        Buckets: 131072  Batches: 4  Memory Usage: 2468kB
        ->  Hash Join  (cost=93093.72..133155.44 rows=285445 width=8) (actual time=1750.363..2770.518 rows=147460 loops=1)
              Hash Cond: (mi_idx.movie_id = t.id)
              ->  Seq Scan on movie_info_idx mi_idx  (cost=0.00..25185.44 rows=464566 width=4) (actual time=0.022..496.503 rows=459925 loops=1)
                    Filter: (info_type_id = 101)
                    Rows Removed by Filter: 920110
              ->  Hash  (cost=67604.59..67604.59 rows=1553611 width=4) (actual time=1740.158..1740.158 rows=1555864 loops=1)
                    Buckets: 131072  Batches: 32  Memory Usage: 2734kB
                    ->  Seq Scan on title t  (cost=0.00..67604.59 rows=1553611 width=4) (actual time=0.039..1236.167 rows=1555864 loops=1)
                          Filter: (kind_id > 4)
                          Rows Removed by Filter: 972448
Planning time: 1.183 ms
Execution time: 15557.697 ms
