Hash Join  (cost=513437.85..664827.19 rows=2412030 width=0) (actual time=20502.869..29276.626 rows=5192341 loops=1)
  Hash Cond: (mk.movie_id = t.id)
  ->  Seq Scan on movie_keyword mk  (cost=0.00..69693.30 rows=4523930 width=4) (actual time=0.023..4587.183 rows=4523930 loops=1)
  ->  Hash  (cost=491319.12..491319.12 rows=1348138 width=8) (actual time=20501.539..20501.539 rows=1298989 loops=1)
        Buckets: 131072  Batches: 32  Memory Usage: 2610kB
        ->  Hash Join  (cost=102767.86..491319.12 rows=1348138 width=8) (actual time=10357.859..20111.971 rows=1298989 loops=1)
              Hash Cond: (mi.movie_id = t.id)
              ->  Seq Scan on movie_info mi  (cost=0.00..346232.03 rows=1348138 width=4) (actual time=5633.859..13740.375 rows=1298989 loops=1)
                    Filter: (info_type_id = 4)
                    Rows Removed by Filter: 13536731
              ->  Hash  (cost=61283.27..61283.27 rows=2528527 width=4) (actual time=4722.685..4722.685 rows=2528312 loops=1)
                    Buckets: 131072  Batches: 64  Memory Usage: 2425kB
                    ->  Seq Scan on title t  (cost=0.00..61283.27 rows=2528527 width=4) (actual time=0.031..3685.214 rows=2528312 loops=1)
Planning time: 1.612 ms
Execution time: 29916.668 ms
