Seq Scan on movie_keyword mk  (cost=0.00..81003.12 rows=835981 width=0) (actual time=0.023..1350.387 rows=841220 loops=1)
  Filter: (keyword_id > 21806)
  Rows Removed by Filter: 3682710
Planning time: 0.301 ms
Execution time: 1456.329 ms
