Nested Loop  (cost=44377.22..850307.75 rows=950 width=0) (actual time=2672.351..12423.561 rows=1194 loops=1)
  Join Filter: (ci.movie_id = t.id)
  ->  Hash Join  (cost=44376.79..846715.36 rows=6059 width=8) (actual time=2672.289..12402.521 rows=1638 loops=1)
        Hash Cond: (ci.movie_id = mi_idx.movie_id)
        ->  Seq Scan on cast_info ci  (cost=0.00..796071.18 rows=4456 width=4) (actual time=1751.789..11258.431 rows=1766 loops=1)
              Filter: ((person_id < 4098) AND (role_id = 10))
              Rows Removed by Filter: 36242578
        ->  Hash  (cost=21735.35..21735.35 rows=1380035 width=4) (actual time=918.879..918.879 rows=1380035 loops=1)
              Buckets: 131072  Batches: 32  Memory Usage: 2540kB
              ->  Seq Scan on movie_info_idx mi_idx  (cost=0.00..21735.35 rows=1380035 width=4) (actual time=0.034..487.228 rows=1380035 loops=1)
  ->  Index Scan using title_pkey on title t  (cost=0.43..0.58 rows=1 width=4) (actual time=0.012..0.012 rows=1 loops=1638)
        Index Cond: (id = mi_idx.movie_id)
        Filter: (kind_id < 7)
        Rows Removed by Filter: 0
Planning time: 1.171 ms
Execution time: 12423.927 ms
