Hash Join  (cost=503710.59..649860.55 rows=1981993 width=0) (actual time=9170.312..23779.145 rows=54367763 loops=1)
  Hash Cond: (mk.movie_id = t.id)
  ->  Seq Scan on movie_keyword mk  (cost=0.00..69693.30 rows=4523930 width=4) (actual time=0.010..1332.558 rows=4523930 loops=1)
  ->  Hash  (cost=485535.32..485535.32 rows=1107781 width=8) (actual time=9168.751..9168.751 rows=1159902 loops=1)
        Buckets: 131072  Batches: 16  Memory Usage: 3852kB
        ->  Hash Join  (cost=102767.86..485535.32 rows=1107781 width=8) (actual time=1892.594..8823.388 rows=1159902 loops=1)
              Hash Cond: (mi.movie_id = t.id)
              ->  Seq Scan on movie_info mi  (cost=0.00..346232.03 rows=1107781 width=4) (actual time=45.065..5643.656 rows=1159902 loops=1)
                    Filter: (info_type_id > 47)
                    Rows Removed by Filter: 13675818
              ->  Hash  (cost=61283.27..61283.27 rows=2528527 width=4) (actual time=1842.437..1842.437 rows=2528312 loops=1)
                    Buckets: 131072  Batches: 64  Memory Usage: 2425kB
                    ->  Seq Scan on title t  (cost=0.00..61283.27 rows=2528527 width=4) (actual time=0.026..1008.672 rows=2528312 loops=1)
Planning time: 3.518 ms
Execution time: 29596.657 ms
