Hash Join  (cost=80562.70..436812.68 rows=147412 width=0) (actual time=2344.283..7484.270 rows=166047 loops=1)
  Hash Cond: (mi.movie_id = t.id)
  ->  Seq Scan on movie_info mi  (cost=0.00..346232.03 rows=471955 width=4) (actual time=585.372..5537.743 rows=543367 loops=1)
        Filter: (info_type_id > 98)
        Rows Removed by Filter: 14292353
  ->  Hash  (cost=67604.59..67604.59 rows=789769 width=4) (actual time=1534.460..1534.460 rows=784926 loops=1)
        Buckets: 131072  Batches: 16  Memory Usage: 2755kB
        ->  Seq Scan on title t  (cost=0.00..67604.59 rows=789769 width=4) (actual time=1.390..1267.893 rows=784926 loops=1)
              Filter: (production_year > 2007)
              Rows Removed by Filter: 1743386
Planning time: 0.687 ms
Execution time: 7504.680 ms
