Nested Loop  (cost=0.43..67684.55 rows=83 width=0) (actual time=201.070..811.941 rows=1253 loops=1)
  ->  Seq Scan on movie_companies mc  (cost=0.00..57926.93 rows=1197 width=4) (actual time=201.002..790.192 rows=1253 loops=1)
        Filter: ((company_id = 14490) AND (company_type_id = 2))
        Rows Removed by Filter: 2607876
  ->  Index Scan using title_pkey on title t  (cost=0.43..8.14 rows=1 width=4) (actual time=0.016..0.017 rows=1 loops=1253)
        Index Cond: (id = mc.movie_id)
        Filter: ((kind_id < 4) AND (production_year < 1980))
Planning time: 0.792 ms
Execution time: 812.333 ms
