Hash Join  (cost=478205.92..520885.86 rows=290646 width=0) (actual time=8914.503..10257.062 rows=1040610 loops=1)
  Hash Cond: (mi_idx.movie_id = t.id)
  ->  Seq Scan on movie_info_idx mi_idx  (cost=0.00..21735.35 rows=1380035 width=4) (actual time=0.018..505.129 rows=1380035 loops=1)
  ->  Hash  (cost=469468.32..469468.32 rows=532528 width=8) (actual time=8913.578..8913.578 rows=573217 loops=1)
        Buckets: 131072  Batches: 8  Memory Usage: 3817kB
        ->  Hash Join  (cost=101489.21..469468.32 rows=532528 width=8) (actual time=4788.018..8736.363 rows=573217 loops=1)
              Hash Cond: (mi.movie_id = t.id)
              ->  Seq Scan on movie_info mi  (cost=0.00..346232.03 rows=651960 width=4) (actual time=2805.321..5590.092 rows=660923 loops=1)
                    Filter: (info_type_id = 18)
                    Rows Removed by Filter: 14174797
              ->  Hash  (cost=67604.59..67604.59 rows=2065330 width=4) (actual time=1981.737..1981.737 rows=2064552 loops=1)
                    Buckets: 131072  Batches: 32  Memory Usage: 3298kB
                    ->  Seq Scan on title t  (cost=0.00..67604.59 rows=2065330 width=4) (actual time=0.037..1324.234 rows=2064552 loops=1)
                          Filter: (production_year < 2011)
                          Rows Removed by Filter: 463760
Planning time: 1.358 ms
Execution time: 10353.974 ms
