Hash Join  (cost=73982.55..100879.10 rows=814 width=0) (actual time=1348.879..1885.027 rows=733 loops=1)
  Hash Cond: (mi_idx.movie_id = t.id)
  ->  Seq Scan on movie_info_idx mi_idx  (cost=0.00..25185.44 rows=454124 width=4) (actual time=0.025..445.721 rows=459925 loops=1)
        Filter: (info_type_id = 100)
        Rows Removed by Filter: 920110
  ->  Hash  (cost=73925.90..73925.90 rows=4532 width=4) (actual time=1348.383..1348.383 rows=8768 loops=1)
        Buckets: 16384 (originally 8192)  Batches: 1 (originally 1)  Memory Usage: 437kB
        ->  Seq Scan on title t  (cost=0.00..73925.90 rows=4532 width=4) (actual time=0.021..1344.024 rows=8768 loops=1)
              Filter: ((kind_id = 7) AND (production_year = 1970))
              Rows Removed by Filter: 2519544
Planning time: 0.860 ms
Execution time: 1885.296 ms
