Hash Join  (cost=141587.26..654438.93 rows=1591195 width=0) (actual time=3219.322..17711.483 rows=3353102 loops=1)
  Hash Cond: (mi.movie_id = t.id)
  ->  Seq Scan on movie_info mi  (cost=0.00..346232.03 rows=12928982 width=4) (actual time=0.019..7133.038 rows=12970088 loops=1)
        Filter: (info_type_id < 18)
        Rows Removed by Filter: 1865632
  ->  Hash  (cost=136481.38..136481.38 rows=311191 width=8) (actual time=3218.443..3218.443 rows=291639 loops=1)
        Buckets: 131072  Batches: 8  Memory Usage: 2458kB
        ->  Hash Join  (cost=95609.14..136481.38 rows=311191 width=8) (actual time=1972.591..3129.037 rows=291639 loops=1)
              Hash Cond: (mi_idx.movie_id = t.id)
              ->  Seq Scan on movie_info_idx mi_idx  (cost=0.00..25185.44 rows=460978 width=4) (actual time=0.024..474.861 rows=459925 loops=1)
                    Filter: (info_type_id = 99)
                    Rows Removed by Filter: 920110
              ->  Hash  (cost=67604.59..67604.59 rows=1706924 width=4) (actual time=1971.239..1971.239 rows=1700316 loops=1)
                    Buckets: 131072  Batches: 32  Memory Usage: 2895kB
                    ->  Seq Scan on title t  (cost=0.00..67604.59 rows=1706924 width=4) (actual time=0.006..1174.650 rows=1700316 loops=1)
                          Filter: (production_year > 1992)
                          Rows Removed by Filter: 827996
Planning time: 1.212 ms
Execution time: 18105.717 ms
