Hash Join  (cost=525363.54..1734009.68 rows=17188159 width=0) (actual time=10267.460..46522.696 rows=24923829 loops=1)
  Hash Cond: (ci.movie_id = t.id)
  ->  Seq Scan on cast_info ci  (cost=0.00..705507.15 rows=25331075 width=4) (actual time=0.031..15782.683 rows=25341335 loops=1)
        Filter: (person_id < 2616301)
        Rows Removed by Filter: 10903009
  ->  Hash  (cost=497215.19..497215.19 rows=1715708 width=8) (actual time=10266.022..10266.022 rows=1924320 loops=1)
        Buckets: 131072  Batches: 32  Memory Usage: 3347kB
        ->  Hash Join  (cost=87245.25..497215.19 rows=1715708 width=8) (actual time=2238.079..9737.214 rows=1924320 loops=1)
              Hash Cond: (mi.movie_id = t.id)
              ->  Seq Scan on movie_info mi  (cost=0.00..346232.03 rows=3623957 width=4) (actual time=575.780..5478.484 rows=3624977 loops=1)
                    Filter: (info_type_id < 4)
                    Rows Removed by Filter: 11210743
              ->  Hash  (cost=67604.59..67604.59 rows=1197093 width=4) (actual time=1661.264..1661.264 rows=1195923 loops=1)
                    Buckets: 131072  Batches: 16  Memory Usage: 3662kB
                    ->  Seq Scan on title t  (cost=0.00..67604.59 rows=1197093 width=4) (actual time=0.028..1263.171 rows=1195923 loops=1)
                          Filter: (production_year < 2003)
                          Rows Removed by Filter: 1332389
Planning time: 1.168 ms
Execution time: 49381.542 ms
