Hash Join  (cost=70308.29..131158.36 rows=12157 width=0) (actual time=3650.669..5962.210 rows=5402 loops=1)
  Hash Cond: (mc.movie_id = t.id)
  ->  Seq Scan on movie_companies mc  (cost=0.00..57926.93 rows=186551 width=4) (actual time=0.020..2216.420 rows=83915 loops=1)
        Filter: ((company_id < 191) AND (company_type_id = 2))
        Rows Removed by Filter: 2525214
  ->  Hash  (cost=67604.59..67604.59 rows=164776 width=4) (actual time=3649.548..3649.548 rows=164307 loops=1)
        Buckets: 131072  Batches: 4  Memory Usage: 2482kB
        ->  Seq Scan on title t  (cost=0.00..67604.59 rows=164776 width=4) (actual time=0.014..3554.321 rows=164307 loops=1)
              Filter: (production_year = 2012)
              Rows Removed by Filter: 2364005
Planning time: 0.648 ms
Execution time: 5963.427 ms
