Seq Scan on movie_keyword mk  (cost=0.00..81003.12 rows=1945717 width=0) (actual time=0.015..1378.708 rows=1958063 loops=1)
  Filter: (keyword_id < 3407)
  Rows Removed by Filter: 2565867
Planning time: 0.350 ms
Execution time: 1624.987 ms
