Seq Scan on title t  (cost=0.00..67604.59 rows=235153 width=0) (actual time=0.014..1026.154 rows=230883 loops=1)
  Filter: (production_year < 1959)
  Rows Removed by Filter: 2297429
Planning time: 0.311 ms
Execution time: 1057.801 ms
