Hash Join  (cost=169088.42..703759.61 rows=1845753 width=0) (actual time=3682.399..17297.027 rows=1066319 loops=1)
  Hash Cond: (mi.movie_id = t.id)
  ->  Seq Scan on movie_info mi  (cost=0.00..346232.03 rows=14592968 width=4) (actual time=0.011..7261.270 rows=14637966 loops=1)
        Filter: (info_type_id < 107)
        Rows Removed by Filter: 197754
  ->  Hash  (cost=163840.75..163840.75 rows=319814 width=8) (actual time=3681.281..3681.281 rows=145467 loops=1)
        Buckets: 131072  Batches: 8  Memory Usage: 1737kB
        ->  Hash Join  (cost=79273.71..163840.75 rows=319814 width=8) (actual time=1291.204..3631.736 rows=145467 loops=1)
              Hash Cond: (mc.movie_id = t.id)
              ->  Seq Scan on movie_companies mc  (cost=0.00..51404.11 rows=2481277 width=4) (actual time=0.021..1134.409 rows=2482021 loops=1)
                    Filter: (company_id < 142687)
                    Rows Removed by Filter: 127108
              ->  Hash  (cost=73925.90..73925.90 rows=325904 width=4) (actual time=1290.150..1290.150 rows=349534 loops=1)
                    Buckets: 131072  Batches: 8  Memory Usage: 2566kB
                    ->  Seq Scan on title t  (cost=0.00..73925.90 rows=325904 width=4) (actual time=228.338..1176.345 rows=349534 loops=1)
                          Filter: ((production_year > 2009) AND (kind_id = 7))
                          Rows Removed by Filter: 2178778
Planning time: 2.605 ms
Execution time: 17423.270 ms
