Hash Join  (cost=136964.06..503191.88 rows=25789 width=0) (actual time=2281.747..8807.459 rows=138749 loops=1)
  Hash Cond: (mi.movie_id = t.id)
  ->  Seq Scan on movie_info mi  (cost=0.00..346232.03 rows=5263441 width=4) (actual time=0.018..5541.882 rows=5270569 loops=1)
        Filter: (info_type_id > 15)
        Rows Removed by Filter: 9565151
  ->  Hash  (cost=136809.20..136809.20 rows=12389 width=8) (actual time=2281.488..2281.488 rows=12425 loops=1)
        Buckets: 16384  Batches: 1  Memory Usage: 614kB
        ->  Hash Join  (cost=74251.74..136809.20 rows=12389 width=8) (actual time=1474.783..2276.935 rows=12425 loops=1)
              Hash Cond: (mc.movie_id = t.id)
              ->  Seq Scan on movie_companies mc  (cost=0.00..57926.93 rows=1201769 width=4) (actual time=466.147..1045.448 rows=1150147 loops=1)
                    Filter: ((company_id > 27) AND (company_type_id < 2))
                    Rows Removed by Filter: 1458982
              ->  Hash  (cost=73925.90..73925.90 rows=26067 width=4) (actual time=1008.141..1008.141 rows=27085 loops=1)
                    Buckets: 32768  Batches: 1  Memory Usage: 1209kB
                    ->  Seq Scan on title t  (cost=0.00..73925.90 rows=26067 width=4) (actual time=0.650..995.929 rows=27085 loops=1)
                          Filter: ((kind_id < 7) AND (production_year > 2012))
                          Rows Removed by Filter: 2501227
Planning time: 1.148 ms
Execution time: 8826.194 ms
