Hash Join  (cost=156487.41..225490.07 rows=126294 width=0) (actual time=3312.850..5093.363 rows=405645 loops=1)
  Hash Cond: (mc.movie_id = t.id)
  ->  Seq Scan on movie_companies mc  (cost=0.00..57926.93 rows=692741 width=4) (actual time=0.355..1098.754 rows=930209 loops=1)
        Filter: ((company_id > 11146) AND (company_type_id = 2))
        Rows Removed by Filter: 1678920
  ->  Hash  (cost=148924.19..148924.19 rows=460978 width=8) (actual time=3311.715..3311.715 rows=459925 loops=1)
        Buckets: 131072  Batches: 8  Memory Usage: 3275kB
        ->  Hash Join  (cost=102767.86..148924.19 rows=460978 width=8) (actual time=1818.509..3179.019 rows=459925 loops=1)
              Hash Cond: (mi_idx.movie_id = t.id)
              ->  Seq Scan on movie_info_idx mi_idx  (cost=0.00..25185.44 rows=460978 width=4) (actual time=0.015..525.843 rows=459925 loops=1)
                    Filter: (info_type_id < 100)
                    Rows Removed by Filter: 920110
              ->  Hash  (cost=61283.27..61283.27 rows=2528527 width=4) (actual time=1817.482..1817.482 rows=2528312 loops=1)
                    Buckets: 131072  Batches: 64  Memory Usage: 2415kB
                    ->  Seq Scan on title t  (cost=0.00..61283.27 rows=2528527 width=4) (actual time=0.027..964.902 rows=2528312 loops=1)
Planning time: 1.145 ms
Execution time: 5148.637 ms
