Hash Join  (cost=95610.13..182482.60 rows=21443 width=0) (actual time=1873.422..3731.146 rows=12691 loops=1)
  Hash Cond: (mk.movie_id = t.id)
  ->  Seq Scan on movie_keyword mk  (cost=0.00..69693.30 rows=4523930 width=4) (actual time=0.015..1028.603 rows=4523930 loops=1)
  ->  Hash  (cost=95460.32..95460.32 rows=11985 width=8) (actual time=1873.058..1873.058 rows=4936 loops=1)
        Buckets: 16384  Batches: 1  Memory Usage: 321kB
        ->  Hash Join  (cost=68426.36..95460.32 rows=11985 width=8) (actual time=1227.551..1870.756 rows=4936 loops=1)
              Hash Cond: (mi_idx.movie_id = t.id)
              ->  Seq Scan on movie_info_idx mi_idx  (cost=0.00..25185.44 rows=460978 width=4) (actual time=0.035..512.162 rows=459925 loops=1)
                    Filter: (info_type_id = 99)
                    Rows Removed by Filter: 920110
              ->  Hash  (cost=67604.59..67604.59 rows=65742 width=4) (actual time=1226.565..1226.565 rows=63827 loops=1)
                    Buckets: 131072  Batches: 1  Memory Usage: 3268kB
                    ->  Seq Scan on title t  (cost=0.00..67604.59 rows=65742 width=4) (actual time=0.014..1200.080 rows=63827 loops=1)
                          Filter: (production_year = 2013)
                          Rows Removed by Filter: 2464485
Planning time: 4.652 ms
Execution time: 3733.279 ms
