Hash Join  (cost=85587.37..959248.86 rows=1463082 width=0) (actual time=20405.540..49431.943 rows=2501321 loops=1)
  Hash Cond: (ci.movie_id = t.id)
  ->  Seq Scan on cast_info ci  (cost=0.00..796071.18 rows=5204931 width=4) (actual time=16137.445..38396.340 rows=10612820 loops=1)
        Filter: ((person_id < 1451306) AND (role_id = 1))
        Rows Removed by Filter: 25631524
  ->  Hash  (cost=73925.90..73925.90 rows=710757 width=4) (actual time=4266.733..4266.733 rows=594428 loops=1)
        Buckets: 131072  Batches: 16  Memory Usage: 2330kB
        ->  Seq Scan on title t  (cost=0.00..73925.90 rows=710757 width=4) (actual time=0.031..4023.599 rows=594428 loops=1)
              Filter: ((kind_id > 3) AND (production_year < 2001))
              Rows Removed by Filter: 1933884
Planning time: 0.793 ms
Execution time: 49721.591 ms
