Hash Join  (cost=918668.94..1388291.82 rows=949750 width=0) (actual time=16575.977..28664.102 rows=2404181 loops=1)
  Hash Cond: (mi.movie_id = t.id)
  ->  Seq Scan on movie_info mi  (cost=0.00..346232.03 rows=9767026 width=4) (actual time=0.009..6934.735 rows=9911754 loops=1)
        Filter: (info_type_id > 4)
        Rows Removed by Filter: 4923966
  ->  Hash  (cost=914634.51..914634.51 rows=245875 width=8) (actual time=16575.281..16575.281 rows=273684 loops=1)
        Buckets: 131072  Batches: 4  Memory Usage: 3702kB
        ->  Hash Join  (cost=102767.86..914634.51 rows=245875 width=8) (actual time=10739.562..16488.135 rows=273684 loops=1)
              Hash Cond: (ci.movie_id = t.id)
              ->  Seq Scan on cast_info ci  (cost=0.00..796071.18 rows=245875 width=4) (actual time=8747.489..13834.671 rows=273684 loops=1)
                    Filter: ((person_id > 1044560) AND (role_id > 10))
                    Rows Removed by Filter: 35970660
              ->  Hash  (cost=61283.27..61283.27 rows=2528527 width=4) (actual time=1990.944..1990.944 rows=2528312 loops=1)
                    Buckets: 131072  Batches: 64  Memory Usage: 2415kB
                    ->  Seq Scan on title t  (cost=0.00..61283.27 rows=2528527 width=4) (actual time=0.019..1152.488 rows=2528312 loops=1)
Planning time: 2.215 ms
Execution time: 28958.412 ms
