Hash Join  (cost=196592.08..1367413.72 rows=13338147 width=0) (actual time=4560.618..39663.583 rows=15368055 loops=1)
  Hash Cond: (ci.movie_id = t.id)
  ->  Seq Scan on cast_info ci  (cost=0.00..614943.12 rows=36225612 width=4) (actual time=0.017..13075.329 rows=36244344 loops=1)
  ->  Hash  (cost=181317.65..181317.65 rows=930995 width=8) (actual time=4559.674..4559.674 rows=595982 loops=1)
        Buckets: 131072  Batches: 16  Memory Usage: 2472kB
        ->  Hash Join  (cost=96651.52..181317.65 rows=930995 width=8) (actual time=1935.760..4380.370 rows=595982 loops=1)
              Hash Cond: (mc.movie_id = t.id)
              ->  Seq Scan on movie_companies mc  (cost=0.00..51404.11 rows=1329612 width=4) (actual time=0.015..964.850 rows=1334883 loops=1)
                    Filter: (company_type_id = 2)
                    Rows Removed by Filter: 1274246
              ->  Hash  (cost=67604.59..67604.59 rows=1770475 width=4) (actual time=1934.459..1934.459 rows=1774635 loops=1)
                    Buckets: 131072  Batches: 32  Memory Usage: 2978kB
                    ->  Seq Scan on title t  (cost=0.00..67604.59 rows=1770475 width=4) (actual time=0.023..1336.831 rows=1774635 loops=1)
                          Filter: (kind_id > 2)
                          Rows Removed by Filter: 753677
Planning time: 0.965 ms
Execution time: 41548.117 ms
