Hash Join  (cost=157523.54..1286036.87 rows=9219615 width=0) (actual time=3719.453..37414.750 rows=13850240 loops=1)
  Hash Cond: (ci.movie_id = t.id)
  ->  Seq Scan on cast_info ci  (cost=0.00..614943.12 rows=36225612 width=4) (actual time=0.021..13387.722 rows=36244344 loops=1)
  ->  Hash  (cost=146965.49..146965.49 rows=643524 width=8) (actual time=3718.416..3718.416 rows=424718 loops=1)
        Buckets: 131072  Batches: 16  Memory Usage: 2066kB
        ->  Hash Join  (cost=96651.52..146965.49 rows=643524 width=8) (actual time=1895.640..3591.784 rows=424718 loops=1)
              Hash Cond: (mi_idx.movie_id = t.id)
              ->  Seq Scan on movie_info_idx mi_idx  (cost=0.00..25185.44 rows=919057 width=4) (actual time=0.026..515.696 rows=920110 loops=1)
                    Filter: (info_type_id > 99)
                    Rows Removed by Filter: 459925
              ->  Hash  (cost=67604.59..67604.59 rows=1770475 width=4) (actual time=1894.238..1894.238 rows=1774635 loops=1)
                    Buckets: 131072  Batches: 32  Memory Usage: 2978kB
                    ->  Seq Scan on title t  (cost=0.00..67604.59 rows=1770475 width=4) (actual time=0.006..1325.461 rows=1774635 loops=1)
                          Filter: (kind_id > 2)
                          Rows Removed by Filter: 753677
Planning time: 1.109 ms
Execution time: 39002.520 ms
