Seq Scan on cast_info ci  (cost=0.00..796071.18 rows=224 width=0) (actual time=1302.024..13559.366 rows=39 loops=1)
  Filter: ((role_id > 2) AND (person_id = 2856741))
  Rows Removed by Filter: 36244305
Planning time: 0.372 ms
Execution time: 13559.492 ms
