Hash Join  (cost=263115.61..425274.47 rows=3003299 width=0) (actual time=6206.529..14899.011 rows=22120043 loops=1)
  Hash Cond: (mk.movie_id = t.id)
  ->  Seq Scan on movie_keyword mk  (cost=0.00..81003.12 rows=2910520 width=4) (actual time=0.018..1832.904 rows=2898882 loops=1)
        Filter: (keyword_id < 9222)
        Rows Removed by Filter: 1625048
  ->  Hash  (cost=220309.49..220309.49 rows=2609129 width=8) (actual time=6205.238..6205.238 rows=2609129 loops=1)
        Buckets: 131072  Batches: 64  Memory Usage: 2691kB
        ->  Hash Join  (cost=102767.86..220309.49 rows=2609129 width=8) (actual time=1913.958..5419.792 rows=2609129 loops=1)
              Hash Cond: (mc.movie_id = t.id)
              ->  Seq Scan on movie_companies mc  (cost=0.00..44881.29 rows=2609129 width=4) (actual time=0.021..957.089 rows=2609129 loops=1)
              ->  Hash  (cost=61283.27..61283.27 rows=2528527 width=4) (actual time=1912.423..1912.423 rows=2528312 loops=1)
                    Buckets: 131072  Batches: 64  Memory Usage: 2415kB
                    ->  Seq Scan on title t  (cost=0.00..61283.27 rows=2528527 width=4) (actual time=0.019..1062.150 rows=2528312 loops=1)
Planning time: 1.141 ms
Execution time: 17345.942 ms
