Hash Join  (cost=108113.76..195843.36 rows=107156 width=0) (actual time=2130.896..4113.368 rows=132828 loops=1)
  Hash Cond: (mk.movie_id = t.id)
  ->  Seq Scan on movie_keyword mk  (cost=0.00..69693.30 rows=4523930 width=4) (actual time=0.014..1096.046 rows=4523930 loops=1)
  ->  Hash  (cost=107365.11..107365.11 rows=59892 width=8) (actual time=2130.368..2130.368 rows=36442 loops=1)
        Buckets: 65536  Batches: 1  Memory Usage: 1936kB
        ->  Hash Join  (cost=70308.29..107365.11 rows=59892 width=8) (actual time=1140.451..2117.988 rows=36442 loops=1)
              Hash Cond: (mi_idx.movie_id = t.id)
              ->  Seq Scan on movie_info_idx mi_idx  (cost=0.00..25185.44 rows=919057 width=4) (actual time=0.026..593.324 rows=920110 loops=1)
                    Filter: (info_type_id > 99)
                    Rows Removed by Filter: 459925
              ->  Hash  (cost=67604.59..67604.59 rows=164776 width=4) (actual time=1139.217..1139.217 rows=164307 loops=1)
                    Buckets: 131072  Batches: 4  Memory Usage: 2482kB
                    ->  Seq Scan on title t  (cost=0.00..67604.59 rows=164776 width=4) (actual time=0.015..1081.873 rows=164307 loops=1)
                          Filter: (production_year = 2012)
                          Rows Removed by Filter: 2364005
Planning time: 1.128 ms
Execution time: 4130.728 ms
