Nested Loop  (cost=0.43..115545.94 rows=4675 width=0) (actual time=0.768..1465.475 rows=4910 loops=1)
  ->  Seq Scan on movie_keyword mk  (cost=0.00..81003.12 rows=4675 width=4) (actual time=0.718..1305.074 rows=4910 loops=1)
        Filter: (keyword_id = 1116)
        Rows Removed by Filter: 4519020
  ->  Index Only Scan using title_pkey on title t  (cost=0.43..7.38 rows=1 width=4) (actual time=0.031..0.032 rows=1 loops=4910)
        Index Cond: (id = mk.movie_id)
        Heap Fetches: 4910
Planning time: 0.739 ms
Execution time: 1467.071 ms
