Hash Join  (cost=88195.18..915802.67 rows=645103 width=0) (actual time=1445.884..14925.812 rows=198049 loops=1)
  Hash Cond: (ci.movie_id = t.id)
  ->  Seq Scan on cast_info ci  (cost=0.00..796071.18 rows=1875540 width=4) (actual time=0.026..12930.100 rows=610860 loops=1)
        Filter: ((person_id < 1541247) AND (role_id = 10))
        Rows Removed by Filter: 35633484
  ->  Hash  (cost=73925.90..73925.90 rows=869702 width=4) (actual time=1445.150..1445.150 rows=896788 loops=1)
        Buckets: 131072  Batches: 16  Memory Usage: 2998kB
        ->  Seq Scan on title t  (cost=0.00..73925.90 rows=869702 width=4) (actual time=0.020..1160.697 rows=896788 loops=1)
              Filter: ((kind_id < 7) AND (production_year < 2012))
              Rows Removed by Filter: 1631524
Planning time: 0.775 ms
Execution time: 14951.911 ms
