Seq Scan on movie_companies mc  (cost=0.00..51404.11 rows=104 width=0) (actual time=0.618..871.197 rows=585 loops=1)
  Filter: (company_id = 51862)
  Rows Removed by Filter: 2608544
Planning time: 0.280 ms
Execution time: 871.364 ms
