Hash Join  (cost=233050.85..1055224.94 rows=2843249 width=0) (actual time=14557.688..22451.809 rows=1598166 loops=1)
  Hash Cond: (ci.movie_id = t.id)
  ->  Seq Scan on cast_info ci  (cost=0.00..705507.15 rows=7298253 width=4) (actual time=9297.449..13834.359 rows=7451973 loops=1)
        Filter: (role_id = 2)
        Rows Removed by Filter: 28792371
  ->  Hash  (cost=216889.58..216889.58 rows=985062 width=8) (actual time=5259.222..5259.222 rows=256187 loops=1)
        Buckets: 131072  Batches: 16  Memory Usage: 1671kB
        ->  Hash Join  (cost=87146.10..216889.58 rows=985062 width=8) (actual time=3333.456..5185.889 rows=256187 loops=1)
              Hash Cond: (mk.movie_id = t.id)
              ->  Seq Scan on movie_keyword mk  (cost=0.00..81003.12 rows=3091127 width=4) (actual time=0.029..1736.055 rows=3075469 loops=1)
                    Filter: (keyword_id > 2035)
                    Rows Removed by Filter: 1448461
              ->  Hash  (cost=73925.90..73925.90 rows=805776 width=4) (actual time=1719.800..1719.800 rows=881945 loops=1)
                    Buckets: 131072  Batches: 16  Memory Usage: 2976kB
                    ->  Seq Scan on title t  (cost=0.00..73925.90 rows=805776 width=4) (actual time=0.028..1435.329 rows=881945 loops=1)
                          Filter: ((production_year > 2001) AND (kind_id = 7))
                          Rows Removed by Filter: 1646367
Planning time: 1.195 ms
Execution time: 22617.657 ms
