Hash Join  (cost=52284.99..410024.01 rows=126 width=0) (actual time=840.923..6187.054 rows=275 loops=1)
  Hash Cond: (mi.movie_id = t.id)
  ->  Seq Scan on movie_info mi  (cost=0.00..346232.03 rows=3068194 width=4) (actual time=0.009..4941.740 rows=3036719 loops=1)
        Filter: (info_type_id = 16)
        Rows Removed by Filter: 11799001
  ->  Hash  (cost=52283.69..52283.69 rows=104 width=8) (actual time=832.668..832.668 rows=69 loops=1)
        Buckets: 1024  Batches: 1  Memory Usage: 11kB
        ->  Nested Loop  (cost=0.43..52283.69 rows=104 width=8) (actual time=3.048..832.605 rows=69 loops=1)
              ->  Seq Scan on movie_companies mc  (cost=0.00..51404.11 rows=104 width=4) (actual time=3.000..830.511 rows=69 loops=1)
                    Filter: (company_id = 5056)
                    Rows Removed by Filter: 2609060
              ->  Index Only Scan using title_pkey on title t  (cost=0.43..8.45 rows=1 width=4) (actual time=0.027..0.027 rows=1 loops=69)
                    Index Cond: (id = mc.movie_id)
                    Heap Fetches: 69
Planning time: 1.128 ms
Execution time: 6187.236 ms
