Hash Join  (cost=161284.95..299045.51 rows=466292 width=0) (actual time=3658.824..8494.053 rows=4928200 loops=1)
  Hash Cond: (mk.movie_id = t.id)
  ->  Seq Scan on movie_keyword mk  (cost=0.00..81003.12 rows=4415071 width=4) (actual time=0.014..1909.195 rows=4402019 loops=1)
        Filter: (keyword_id > 115)
        Rows Removed by Filter: 121911
  ->  Hash  (cost=156902.86..156902.86 rows=267047 width=8) (actual time=3657.988..3657.988 rows=343195 loops=1)
        Buckets: 131072 (originally 131072)  Batches: 8 (originally 4)  Memory Usage: 3073kB
        ->  Hash Join  (cost=78171.87..156902.86 rows=267047 width=8) (actual time=1257.872..3539.425 rows=343195 loops=1)
              Hash Cond: (mc.movie_id = t.id)
              ->  Seq Scan on movie_companies mc  (cost=0.00..44881.29 rows=2609129 width=4) (actual time=0.023..991.510 rows=2609129 loops=1)
              ->  Hash  (cost=73925.90..73925.90 rows=258797 width=4) (actual time=1257.090..1257.090 rows=227847 loops=1)
                    Buckets: 131072  Batches: 4  Memory Usage: 3032kB
                    ->  Seq Scan on title t  (cost=0.00..73925.90 rows=258797 width=4) (actual time=0.069..1183.008 rows=227847 loops=1)
                          Filter: ((kind_id < 7) AND (production_year > 2008))
                          Rows Removed by Filter: 2300465
Planning time: 2.249 ms
Execution time: 8973.012 ms
