Seq Scan on movie_companies mc  (cost=0.00..57926.93 rows=192577 width=0) (actual time=0.021..847.195 rows=300129 loops=1)
  Filter: ((company_id < 240) AND (company_type_id = 1))
  Rows Removed by Filter: 2309000
Planning time: 0.351 ms
Execution time: 884.491 ms
