Hash Join  (cost=83074.74..109989.30 rows=45 width=0) (actual time=1486.636..2066.436 rows=1016 loops=1)
  Hash Cond: (mi_idx.movie_id = t.id)
  ->  Seq Scan on movie_info_idx mi_idx  (cost=0.00..25185.44 rows=460978 width=4) (actual time=0.024..512.563 rows=459925 loops=1)
        Filter: (info_type_id < 100)
        Rows Removed by Filter: 920110
  ->  Hash  (cost=83071.67..83071.67 rows=246 width=8) (actual time=1481.559..1481.559 rows=1285 loops=1)
        Buckets: 2048 (originally 1024)  Batches: 1 (originally 1)  Memory Usage: 67kB
        ->  Nested Loop  (cost=0.43..83071.67 rows=246 width=8) (actual time=0.289..1480.576 rows=1285 loops=1)
              ->  Seq Scan on movie_keyword mk  (cost=0.00..81003.12 rows=246 width=4) (actual time=0.237..1373.602 rows=1285 loops=1)
                    Filter: (keyword_id = 4194)
                    Rows Removed by Filter: 4522645
              ->  Index Only Scan using title_pkey on title t  (cost=0.43..8.40 rows=1 width=4) (actual time=0.081..0.082 rows=1 loops=1285)
                    Index Cond: (id = mk.movie_id)
                    Heap Fetches: 1285
Planning time: 1.057 ms
Execution time: 2066.822 ms
