Hash Join  (cost=178677.10..1262279.97 rows=6782721 width=0) (actual time=3942.758..33435.763 rows=5207559 loops=1)
  Hash Cond: (ci.movie_id = t.id)
  ->  Seq Scan on cast_info ci  (cost=0.00..705507.15 rows=26616136 width=4) (actual time=0.020..15776.878 rows=26816528 loops=1)
        Filter: (person_id > 927880)
        Rows Removed by Filter: 9427816
  ->  Hash  (cost=168104.64..168104.64 rows=644357 width=8) (actual time=3941.812..3941.812 rows=350975 loops=1)
        Buckets: 131072  Batches: 16  Memory Usage: 1874kB
        ->  Hash Join  (cost=84171.54..168104.64 rows=644357 width=8) (actual time=1382.143..3836.667 rows=350975 loops=1)
              Hash Cond: (mc.movie_id = t.id)
              ->  Seq Scan on movie_companies mc  (cost=0.00..44881.29 rows=2609129 width=4) (actual time=0.022..891.189 rows=2609129 loops=1)
              ->  Hash  (cost=73925.90..73925.90 rows=624451 width=4) (actual time=1367.293..1367.293 rows=521141 loops=1)
                    Buckets: 131072  Batches: 16  Memory Usage: 2168kB
                    ->  Seq Scan on title t  (cost=0.00..73925.90 rows=624451 width=4) (actual time=0.018..1205.618 rows=521141 loops=1)
                          Filter: ((production_year < 2000) AND (kind_id = 7))
                          Rows Removed by Filter: 2007171
Planning time: 1.125 ms
Execution time: 34072.195 ms
