Hash Join  (cost=834902.67..1577447.58 rows=2176925 width=0) (actual time=21271.298..38377.753 rows=6232920 loops=1)
  Hash Cond: (mi.movie_id = t.id)
  ->  Seq Scan on movie_info mi  (cost=0.00..309384.22 rows=14739122 width=4) (actual time=0.020..5891.114 rows=14835720 loops=1)
  ->  Hash  (cost=828775.47..828775.47 rows=373456 width=8) (actual time=21269.890..21269.890 rows=473576 loops=1)
        Buckets: 131072  Batches: 8  Memory Usage: 3224kB
        ->  Hash Join  (cost=74251.74..828775.47 rows=373456 width=8) (actual time=1081.823..20504.848 rows=473576 loops=1)
              Hash Cond: (ci.movie_id = t.id)
              ->  Seq Scan on cast_info ci  (cost=0.00..614943.12 rows=36225612 width=4) (actual time=0.023..9183.534 rows=36244344 loops=1)
              ->  Hash  (cost=73925.90..73925.90 rows=26067 width=4) (actual time=1081.488..1081.488 rows=27085 loops=1)
                    Buckets: 32768  Batches: 1  Memory Usage: 1209kB
                    ->  Seq Scan on title t  (cost=0.00..73925.90 rows=26067 width=4) (actual time=0.157..1070.551 rows=27085 loops=1)
                          Filter: ((kind_id < 7) AND (production_year > 2012))
                          Rows Removed by Filter: 2501227
Planning time: 1.460 ms
Execution time: 38987.302 ms
