Hash Join  (cost=577882.15..1970207.46 rows=21676509 width=0) (actual time=27421.378..89551.192 rows=9932602 loops=1)
  Hash Cond: (ci.movie_id = t.id)
  ->  Seq Scan on cast_info ci  (cost=0.00..614943.12 rows=36225612 width=4) (actual time=0.016..39652.348 rows=36244344 loops=1)
  ->  Hash  (cost=553058.55..553058.55 rows=1513008 width=8) (actual time=27419.533..27419.533 rows=285950 loops=1)
        Buckets: 131072  Batches: 32  Memory Usage: 1358kB
        ->  Hash Join  (cost=80549.28..553058.55 rows=1513008 width=8) (actual time=5547.513..27036.397 rows=285950 loops=1)
              Hash Cond: (mi.movie_id = t.id)
              ->  Seq Scan on movie_info mi  (cost=0.00..346232.03 rows=9476311 width=4) (actual time=2369.503..18461.111 rows=9565151 loops=1)
                    Filter: (info_type_id < 16)
                    Rows Removed by Filter: 5270569
              ->  Hash  (cost=73925.90..73925.90 rows=403710 width=4) (actual time=3176.212..3176.212 rows=434218 loops=1)
                    Buckets: 131072  Batches: 8  Memory Usage: 2941kB
                    ->  Seq Scan on title t  (cost=0.00..73925.90 rows=403710 width=4) (actual time=0.030..3018.557 rows=434218 loops=1)
                          Filter: ((production_year > 2008) AND (kind_id = 7))
                          Rows Removed by Filter: 2094094
Planning time: 15.251 ms
Execution time: 90556.974 ms
