Nested Loop  (cost=0.43..98000.71 rows=2582 width=0) (actual time=0.059..1072.241 rows=7144 loops=1)
  ->  Seq Scan on movie_companies mc  (cost=0.00..51404.11 rows=6610 width=4) (actual time=0.029..853.862 rows=7151 loops=1)
        Filter: (company_id = 7851)
        Rows Removed by Filter: 2601978
  ->  Index Scan using title_pkey on title t  (cost=0.43..7.04 rows=1 width=4) (actual time=0.030..0.030 rows=1 loops=7151)
        Index Cond: (id = mc.movie_id)
        Filter: (kind_id < 7)
        Rows Removed by Filter: 0
Planning time: 0.758 ms
Execution time: 1074.051 ms
