Hash Join  (cost=77838.49..1146735.40 rows=3416174 width=0) (actual time=1238.228..30550.011 rows=3466417 loops=1)
  Hash Cond: (ci.movie_id = t.id)
  ->  Seq Scan on cast_info ci  (cost=0.00..614943.12 rows=36225612 width=4) (actual time=0.016..13609.364 rows=36244344 loops=1)
  ->  Hash  (cost=73925.90..73925.90 rows=238447 width=4) (actual time=1237.393..1237.393 rows=200165 loops=1)
        Buckets: 131072  Batches: 4  Memory Usage: 2784kB
        ->  Seq Scan on title t  (cost=0.00..73925.90 rows=238447 width=4) (actual time=561.182..1167.721 rows=200165 loops=1)
              Filter: ((production_year > 2006) AND (kind_id = 1))
              Rows Removed by Filter: 2328147
Planning time: 0.707 ms
Execution time: 30957.554 ms
