Nested Loop  (cost=0.43..83071.67 rows=246 width=0) (actual time=48.337..1303.421 rows=10 loops=1)
  ->  Seq Scan on movie_keyword mk  (cost=0.00..81003.12 rows=246 width=4) (actual time=48.257..1302.928 rows=10 loops=1)
        Filter: (keyword_id = 69152)
        Rows Removed by Filter: 4523920
  ->  Index Only Scan using title_pkey on title t  (cost=0.43..8.40 rows=1 width=4) (actual time=0.042..0.043 rows=1 loops=10)
        Index Cond: (id = mk.movie_id)
        Heap Fetches: 10
Planning time: 0.788 ms
Execution time: 1303.490 ms
