Nested Loop  (cost=0.43..799380.35 rows=396 width=0) (actual time=2536.397..14406.659 rows=58 loops=1)
  ->  Seq Scan on cast_info ci  (cost=0.00..796071.18 rows=396 width=4) (actual time=2536.251..14402.035 rows=58 loops=1)
        Filter: ((role_id < 8) AND (person_id = 509780))
        Rows Removed by Filter: 36244286
  ->  Index Only Scan using title_pkey on title t  (cost=0.43..8.35 rows=1 width=4) (actual time=0.077..0.077 rows=1 loops=58)
        Index Cond: (id = ci.movie_id)
        Heap Fetches: 58
Planning time: 0.739 ms
Execution time: 14406.760 ms
