Hash Join  (cost=146352.32..901685.53 rows=210334 width=0) (actual time=4374.121..22113.806 rows=1655532 loops=1)
  Hash Cond: (ci.movie_id = t.id)
  ->  Seq Scan on cast_info ci  (cost=0.00..705507.15 rows=12726058 width=4) (actual time=1736.424..13799.213 rows=12670688 loops=1)
        Filter: (role_id < 2)
        Rows Removed by Filter: 23573656
  ->  Hash  (cost=145829.93..145829.93 rows=41791 width=8) (actual time=2637.006..2637.006 rows=177808 loops=1)
        Buckets: 131072 (originally 65536)  Batches: 4 (originally 1)  Memory Usage: 3073kB
        ->  Hash Join  (cost=83113.43..145829.93 rows=41791 width=8) (actual time=1841.976..2570.437 rows=177808 loops=1)
              Hash Cond: (mc.movie_id = t.id)
              ->  Seq Scan on movie_companies mc  (cost=0.00..57926.93 rows=188708 width=4) (actual time=456.911..834.546 rows=373714 loops=1)
                    Filter: ((company_id > 85109) AND (company_type_id > 1))
                    Rows Removed by Filter: 2235415
              ->  Hash  (cost=73925.90..73925.90 rows=559962 width=4) (actual time=1383.862..1383.862 rows=477167 loops=1)
                    Buckets: 131072  Batches: 8  Memory Usage: 3118kB
                    ->  Seq Scan on title t  (cost=0.00..73925.90 rows=559962 width=4) (actual time=0.029..1231.636 rows=477167 loops=1)
                          Filter: ((kind_id < 7) AND (production_year > 1999))
                          Rows Removed by Filter: 2051145
Planning time: 1.266 ms
Execution time: 22305.774 ms
