Nested Loop  (cost=32749.09..740344.19 rows=36 width=0) (actual time=6564.971..12359.189 rows=165 loops=1)
  Join Filter: (ci.movie_id = t.id)
  ->  Hash Join  (cost=32748.66..740150.58 rows=227 width=8) (actual time=6564.818..12352.725 rows=219 loops=1)
        Hash Cond: (ci.movie_id = mi_idx.movie_id)
        ->  Seq Scan on cast_info ci  (cost=0.00..705507.15 rows=500 width=4) (actual time=5935.627..11650.323 rows=249 loops=1)
              Filter: (person_id = 693179)
              Rows Removed by Filter: 36244095
        ->  Hash  (cost=25185.44..25185.44 rows=460978 width=4) (actual time=628.136..628.136 rows=459925 loops=1)
              Buckets: 131072  Batches: 8  Memory Usage: 3050kB
              ->  Seq Scan on movie_info_idx mi_idx  (cost=0.00..25185.44 rows=460978 width=4) (actual time=0.034..477.481 rows=459925 loops=1)
                    Filter: (info_type_id = 99)
                    Rows Removed by Filter: 920110
  ->  Index Scan using title_pkey on title t  (cost=0.43..0.84 rows=1 width=4) (actual time=0.028..0.028 rows=1 loops=219)
        Index Cond: (id = mi_idx.movie_id)
        Filter: (kind_id < 7)
        Rows Removed by Filter: 0
Planning time: 5.194 ms
Execution time: 12359.346 ms
