Seq Scan on movie_companies mc  (cost=0.00..57926.93 rows=396516 width=0) (actual time=73.413..917.357 rows=718157 loops=1)
  Filter: ((company_id > 32219) AND (company_type_id > 1))
  Rows Removed by Filter: 1890972
Planning time: 1.266 ms
Execution time: 1006.625 ms
