Hash Join  (cost=102767.86..230416.58 rows=1527975 width=0) (actual time=2068.456..5518.564 rows=1538906 loops=1)
  Hash Cond: (mk.movie_id = t.id)
  ->  Seq Scan on movie_keyword mk  (cost=0.00..81003.12 rows=1527975 width=4) (actual time=0.019..1553.909 rows=1538906 loops=1)
        Filter: (keyword_id < 2255)
        Rows Removed by Filter: 2985024
  ->  Hash  (cost=61283.27..61283.27 rows=2528527 width=4) (actual time=2066.261..2066.261 rows=2528312 loops=1)
        Buckets: 131072  Batches: 64  Memory Usage: 2425kB
        ->  Seq Scan on title t  (cost=0.00..61283.27 rows=2528527 width=4) (actual time=0.018..1206.003 rows=2528312 loops=1)
Planning time: 0.841 ms
Execution time: 5707.798 ms
