Nested Loop  (cost=0.43..83072.29 rows=65 width=0) (actual time=297.640..1172.904 rows=9 loops=1)
  ->  Seq Scan on movie_keyword mk  (cost=0.00..81003.12 rows=246 width=4) (actual time=19.925..1171.017 rows=37 loops=1)
        Filter: (keyword_id = 8250)
        Rows Removed by Filter: 4523893
  ->  Index Scan using title_pkey on title t  (cost=0.43..8.40 rows=1 width=4) (actual time=0.044..0.045 rows=0 loops=37)
        Index Cond: (id = mk.movie_id)
        Filter: (kind_id = 1)
        Rows Removed by Filter: 1
Planning time: 0.729 ms
Execution time: 1173.011 ms
