Hash Join  (cost=73950.44..100871.63 rows=1071 width=0) (actual time=796.664..1165.720 rows=4340 loops=1)
  Hash Cond: (mi_idx.movie_id = t.id)
  ->  Seq Scan on movie_info_idx mi_idx  (cost=0.00..21735.35 rows=1380035 width=4) (actual time=0.025..202.100 rows=1380035 loops=1)
  ->  Hash  (cost=73925.90..73925.90 rows=1963 width=4) (actual time=796.472..796.472 rows=3692 loops=1)
        Buckets: 4096 (originally 2048)  Batches: 1 (originally 1)  Memory Usage: 162kB
        ->  Seq Scan on title t  (cost=0.00..73925.90 rows=1963 width=4) (actual time=0.027..795.171 rows=3692 loops=1)
              Filter: ((kind_id = 1) AND (production_year = 1964))
              Rows Removed by Filter: 2524620
Planning time: 0.720 ms
Execution time: 1166.351 ms
