Hash Join  (cost=491650.71..631304.77 rows=1448802 width=0) (actual time=8689.772..13476.154 rows=4546091 loops=1)
  Hash Cond: (mk.movie_id = t.id)
  ->  Seq Scan on movie_keyword mk  (cost=0.00..69693.30 rows=4523930 width=4) (actual time=0.023..1501.166 rows=4523930 loops=1)
  ->  Hash  (cost=478364.61..478364.61 rows=809768 width=8) (actual time=8689.001..8689.001 rows=802140 loops=1)
        Buckets: 131072  Batches: 16  Memory Usage: 2985kB
        ->  Hash Join  (cost=102767.86..478364.61 rows=809768 width=8) (actual time=4455.812..8470.960 rows=802140 loops=1)
              Hash Cond: (mi.movie_id = t.id)
              ->  Seq Scan on movie_info mi  (cost=0.00..346232.03 rows=809768 width=4) (actual time=2457.808..5453.468 rows=802140 loops=1)
                    Filter: (info_type_id < 2)
                    Rows Removed by Filter: 14033580
              ->  Hash  (cost=61283.27..61283.27 rows=2528527 width=4) (actual time=1996.860..1996.860 rows=2528312 loops=1)
                    Buckets: 131072  Batches: 64  Memory Usage: 2425kB
                    ->  Seq Scan on title t  (cost=0.00..61283.27 rows=2528527 width=4) (actual time=0.042..1123.169 rows=2528312 loops=1)
Planning time: 1.200 ms
Execution time: 13926.420 ms
