Hash Join  (cost=169379.39..710144.44 rows=5713012 width=0) (actual time=3925.204..21142.618 rows=17678751 loops=1)
  Hash Cond: (mi.movie_id = t.id)
  ->  Seq Scan on movie_info mi  (cost=0.00..309384.22 rows=14739122 width=4) (actual time=0.021..6062.770 rows=14835720 loops=1)
  ->  Hash  (cost=153299.40..153299.40 rows=980079 width=8) (actual time=3924.487..3924.487 rows=1127306 loops=1)
        Buckets: 131072  Batches: 16  Memory Usage: 3805kB
        ->  Hash Join  (cost=97066.09..153299.40 rows=980079 width=8) (actual time=1865.852..3599.726 rows=1127306 loops=1)
              Hash Cond: (mi_idx.movie_id = t.id)
              ->  Seq Scan on movie_info_idx mi_idx  (cost=0.00..21735.35 rows=1380035 width=4) (actual time=0.018..450.115 rows=1380035 loops=1)
              ->  Hash  (cost=67604.59..67604.59 rows=1795720 width=4) (actual time=1864.473..1864.473 rows=1794153 loops=1)
                    Buckets: 131072  Batches: 32  Memory Usage: 2992kB
                    ->  Seq Scan on title t  (cost=0.00..67604.59 rows=1795720 width=4) (actual time=0.018..1281.452 rows=1794153 loops=1)
                          Filter: (production_year < 2009)
                          Rows Removed by Filter: 734159
Planning time: 1.152 ms
Execution time: 22880.412 ms
