Seq Scan on cast_info ci  (cost=0.00..796071.18 rows=69730 width=0) (actual time=9484.416..10726.782 rows=218895 loops=1)
  Filter: ((person_id > 2941427) AND (role_id > 10))
  Rows Removed by Filter: 36025449
Planning time: 3.714 ms
Execution time: 10753.512 ms
