Hash Join  (cost=69179.59..105717.43 rows=34894 width=0) (actual time=1061.075..1941.696 rows=38581 loops=1)
  Hash Cond: (mi_idx.movie_id = t.id)
  ->  Seq Scan on movie_info_idx mi_idx  (cost=0.00..25185.44 rows=919057 width=4) (actual time=0.023..547.645 rows=920110 loops=1)
        Filter: (info_type_id > 99)
        Rows Removed by Filter: 459925
  ->  Hash  (cost=67604.59..67604.59 rows=96000 width=4) (actual time=1060.266..1060.266 rows=95005 loops=1)
        Buckets: 131072  Batches: 2  Memory Usage: 2716kB
        ->  Seq Scan on title t  (cost=0.00..67604.59 rows=96000 width=4) (actual time=0.026..1023.973 rows=95005 loops=1)
              Filter: (production_year = 2005)
              Rows Removed by Filter: 2433307
Planning time: 0.706 ms
Execution time: 1947.743 ms
