Hash Join  (cost=154615.40..647725.73 rows=1246840 width=0) (actual time=2899.042..14858.383 rows=1268886 loops=1)
  Hash Cond: (mi.movie_id = t.id)
  ->  Seq Scan on movie_info mi  (cost=0.00..309384.22 rows=14739122 width=4) (actual time=0.017..5922.766 rows=14835720 loops=1)
  ->  Hash  (cost=151105.68..151105.68 rows=213898 width=8) (actual time=2811.122..2811.122 rows=142812 loops=1)
        Buckets: 131072  Batches: 4  Memory Usage: 2430kB
        ->  Hash Join  (cost=80599.54..151105.68 rows=213898 width=8) (actual time=1161.295..2766.477 rows=142812 loops=1)
              Hash Cond: (mc.movie_id = t.id)
              ->  Seq Scan on movie_companies mc  (cost=0.00..51404.11 rows=1329612 width=4) (actual time=0.016..937.235 rows=1334883 loops=1)
                    Filter: (company_type_id = 2)
                    Rows Removed by Filter: 1274246
              ->  Hash  (cost=73925.90..73925.90 rows=406771 width=4) (actual time=1160.384..1160.384 rows=288892 loops=1)
                    Buckets: 131072  Batches: 8  Memory Usage: 2281kB
                    ->  Seq Scan on title t  (cost=0.00..73925.90 rows=406771 width=4) (actual time=194.326..1063.019 rows=288892 loops=1)
                          Filter: ((production_year < 1989) AND (kind_id = 7))
                          Rows Removed by Filter: 2239420
Planning time: 1.167 ms
Execution time: 14999.339 ms
