Nested Loop  (cost=0.43..58358.27 rows=51 width=0) (actual time=49.076..897.732 rows=287 loops=1)
  ->  Seq Scan on movie_companies mc  (cost=0.00..57926.93 rows=51 width=4) (actual time=48.981..889.312 rows=287 loops=1)
        Filter: ((company_type_id < 2) AND (company_id = 236))
        Rows Removed by Filter: 2608842
  ->  Index Only Scan using title_pkey on title t  (cost=0.43..8.45 rows=1 width=4) (actual time=0.028..0.028 rows=1 loops=287)
        Index Cond: (id = mc.movie_id)
        Heap Fetches: 287
Planning time: 0.797 ms
Execution time: 897.897 ms
