Hash Join  (cost=83074.74..833899.15 rows=3524 width=0) (actual time=1408.354..17692.391 rows=60453 loops=1)
  Hash Cond: (ci.movie_id = t.id)
  ->  Seq Scan on cast_info ci  (cost=0.00..614943.12 rows=36225612 width=4) (actual time=0.024..8584.650 rows=36244344 loops=1)
  ->  Hash  (cost=83071.67..83071.67 rows=246 width=8) (actual time=1407.347..1407.347 rows=4387 loops=1)
        Buckets: 8192 (originally 1024)  Batches: 1 (originally 1)  Memory Usage: 236kB
        ->  Nested Loop  (cost=0.43..83071.67 rows=246 width=8) (actual time=4.608..1404.621 rows=4387 loops=1)
              ->  Seq Scan on movie_keyword mk  (cost=0.00..81003.12 rows=246 width=4) (actual time=4.533..1279.681 rows=4387 loops=1)
                    Filter: (keyword_id = 20321)
                    Rows Removed by Filter: 4519543
              ->  Index Only Scan using title_pkey on title t  (cost=0.43..8.40 rows=1 width=4) (actual time=0.027..0.028 rows=1 loops=4387)
                    Index Cond: (id = mk.movie_id)
                    Heap Fetches: 4387
Planning time: 1.203 ms
Execution time: 17703.069 ms
