Seq Scan on movie_companies mc  (cost=0.00..57926.93 rows=908953 width=0) (actual time=0.032..1101.943 rows=1097437 loops=1)
  Filter: ((company_id > 1924) AND (company_type_id = 2))
  Rows Removed by Filter: 1511692
Planning time: 0.348 ms
Execution time: 1240.573 ms
