Hash Join  (cost=78171.87..140553.81 rows=28003 width=0) (actual time=1315.669..2624.361 rows=25279 loops=1)
  Hash Cond: (mc.movie_id = t.id)
  ->  Seq Scan on movie_companies mc  (cost=0.00..57926.93 rows=273594 width=4) (actual time=0.018..1090.326 rows=408469 loops=1)
        Filter: ((company_id < 575) AND (company_type_id = 1))
        Rows Removed by Filter: 2200660
  ->  Hash  (cost=73925.90..73925.90 rows=258797 width=4) (actual time=1314.823..1314.823 rows=227847 loops=1)
        Buckets: 131072  Batches: 4  Memory Usage: 3032kB
        ->  Seq Scan on title t  (cost=0.00..73925.90 rows=258797 width=4) (actual time=0.027..1236.705 rows=227847 loops=1)
              Filter: ((kind_id < 7) AND (production_year > 2008))
              Rows Removed by Filter: 2300465
Planning time: 0.790 ms
Execution time: 2628.194 ms
