Hash Join  (cost=102767.86..203891.27 rows=1655711 width=0) (actual time=1864.328..4876.914 rows=1655749 loops=1)
  Hash Cond: (mc.movie_id = t.id)
  ->  Seq Scan on movie_companies mc  (cost=0.00..51404.11 rows=1655711 width=4) (actual time=0.046..1175.044 rows=1655749 loops=1)
        Filter: (company_id > 3768)
        Rows Removed by Filter: 953380
  ->  Hash  (cost=61283.27..61283.27 rows=2528527 width=4) (actual time=1861.762..1861.762 rows=2528312 loops=1)
        Buckets: 131072  Batches: 64  Memory Usage: 2415kB
        ->  Seq Scan on title t  (cost=0.00..61283.27 rows=2528527 width=4) (actual time=0.011..1015.287 rows=2528312 loops=1)
Planning time: 5.470 ms
Execution time: 5081.047 ms
