Seq Scan on movie_keyword mk  (cost=0.00..81003.12 rows=1413719 width=0) (actual time=0.009..1543.353 rows=1427124 loops=1)
  Filter: (keyword_id > 11681)
  Rows Removed by Filter: 3096806
Planning time: 0.368 ms
Execution time: 1720.895 ms
