Hash Join  (cost=134649.87..633263.41 rows=1762559 width=0) (actual time=3567.438..17115.091 rows=1606118 loops=1)
  Hash Cond: (mi.movie_id = t.id)
  ->  Seq Scan on movie_info mi  (cost=0.00..309384.22 rows=14739122 width=4) (actual time=0.011..6178.459 rows=14835720 loops=1)
  ->  Hash  (cost=129688.23..129688.23 rows=302371 width=8) (actual time=3566.613..3566.613 rows=182344 loops=1)
        Buckets: 131072  Batches: 4  Memory Usage: 2788kB
        ->  Hash Join  (cost=87633.46..129688.23 rows=302371 width=8) (actual time=1629.996..3500.200 rows=182344 loops=1)
              Hash Cond: (mi_idx.movie_id = t.id)
              ->  Seq Scan on movie_info_idx mi_idx  (cost=0.00..25185.44 rows=915101 width=4) (actual time=0.016..568.763 rows=919850 loops=1)
                    Filter: (info_type_id < 101)
                    Rows Removed by Filter: 460185
              ->  Hash  (cost=73925.90..73925.90 rows=835484 width=4) (actual time=1628.972..1628.972 rows=906916 loops=1)
                    Buckets: 131072  Batches: 16  Memory Usage: 3024kB
                    ->  Seq Scan on title t  (cost=0.00..73925.90 rows=835484 width=4) (actual time=0.019..1338.530 rows=906916 loops=1)
                          Filter: ((kind_id > 2) AND (production_year > 2003))
                          Rows Removed by Filter: 1621396
Planning time: 3.456 ms
Execution time: 17317.772 ms
