Nested Loop  (cost=0.43..52283.69 rows=104 width=0) (actual time=174.529..823.877 rows=145 loops=1)
  ->  Seq Scan on movie_companies mc  (cost=0.00..51404.11 rows=104 width=4) (actual time=174.433..819.489 rows=145 loops=1)
        Filter: (company_id = 24870)
        Rows Removed by Filter: 2608984
  ->  Index Only Scan using title_pkey on title t  (cost=0.43..8.45 rows=1 width=4) (actual time=0.029..0.029 rows=1 loops=145)
        Index Cond: (id = mc.movie_id)
        Heap Fetches: 145
Planning time: 0.683 ms
Execution time: 823.985 ms
