Seq Scan on movie_companies mc  (cost=0.00..57926.93 rows=854071 width=0) (actual time=0.023..1004.677 rows=538671 loops=1)
  Filter: ((company_id < 18961) AND (company_type_id = 2))
  Rows Removed by Filter: 2070458
Planning time: 0.439 ms
Execution time: 1071.600 ms
