Seq Scan on cast_info ci  (cost=0.00..705507.15 rows=23323356 width=0) (actual time=0.017..12506.221 rows=23219628 loops=1)
  Filter: (person_id < 2374252)
  Rows Removed by Filter: 13024716
Planning time: 0.339 ms
Execution time: 15381.417 ms
