Hash Join  (cost=436177.10..1379507.31 rows=601948 width=0) (actual time=7559.719..31987.329 rows=8548812 loops=1)
  Hash Cond: (ci.movie_id = t.id)
  ->  Seq Scan on cast_info ci  (cost=0.00..796071.18 rows=12172943 width=4) (actual time=853.476..17635.009 rows=12670688 loops=1)
        Filter: ((person_id < 3748284) AND (role_id = 1))
        Rows Removed by Filter: 23573656
  ->  Hash  (cost=434125.16..434125.16 rows=125035 width=8) (actual time=6705.533..6705.533 rows=346247 loops=1)
        Buckets: 131072 (originally 131072)  Batches: 8 (originally 2)  Memory Usage: 3073kB
        ->  Hash Join  (cost=78556.72..434125.16 rows=125035 width=8) (actual time=6027.866..6608.328 rows=346247 loops=1)
              Hash Cond: (mi.movie_id = t.id)
              ->  Seq Scan on movie_info mi  (cost=0.00..346232.03 rows=473617 width=4) (actual time=4694.016..4968.587 rows=486554 loops=1)
                    Filter: (info_type_id = 5)
                    Rows Removed by Filter: 14349166
              ->  Hash  (cost=67604.59..67604.59 rows=667531 width=4) (actual time=1228.293..1228.293 rows=662825 loops=1)
                    Buckets: 131072  Batches: 16  Memory Usage: 2485kB
                    ->  Seq Scan on title t  (cost=0.00..67604.59 rows=667531 width=4) (actual time=0.025..897.591 rows=662825 loops=1)
                          Filter: (kind_id = 1)
                          Rows Removed by Filter: 1865487
Planning time: 1.228 ms
Execution time: 32931.808 ms
