Hash Join  (cost=110878.98..931213.26 rows=69677 width=0) (actual time=7226.957..17862.944 rows=85031 loops=1)
  Hash Cond: (ci.movie_id = t.id)
  ->  Seq Scan on cast_info ci  (cost=0.00..796071.18 rows=2008355 width=4) (actual time=5068.260..14925.845 rows=2063955 loops=1)
        Filter: ((person_id > 929256) AND (role_id = 4))
        Rows Removed by Filter: 34180389
  ->  Hash  (cost=109439.43..109439.43 rows=87724 width=8) (actual time=2157.846..2157.846 rows=62055 loops=1)
        Buckets: 131072  Batches: 2  Memory Usage: 2230kB
        ->  Hash Join  (cost=70241.71..109439.43 rows=87724 width=8) (actual time=1117.677..2137.067 rows=62055 loops=1)
              Hash Cond: (mi_idx.movie_id = t.id)
              ->  Seq Scan on movie_info_idx mi_idx  (cost=0.00..21735.35 rows=1380035 width=4) (actual time=0.021..437.373 rows=1380035 loops=1)
              ->  Hash  (cost=67604.59..67604.59 rows=160730 width=4) (actual time=1116.535..1116.535 rows=160017 loops=1)
                    Buckets: 131072  Batches: 4  Memory Usage: 2436kB
                    ->  Seq Scan on title t  (cost=0.00..67604.59 rows=160730 width=4) (actual time=0.037..1055.007 rows=160017 loops=1)
                          Filter: (production_year = 2011)
                          Rows Removed by Filter: 2368295
Planning time: 1.181 ms
Execution time: 17875.198 ms
