Seq Scan on cast_info ci  (cost=0.00..796071.18 rows=10854954 width=0) (actual time=0.035..15414.796 rows=12819764 loops=1)
  Filter: ((person_id > 1166594) AND (role_id > 2))
  Rows Removed by Filter: 23424580
Planning time: 0.415 ms
Execution time: 16997.117 ms
