Hash Join  (cost=79601.51..1085594.96 rows=3164594 width=0) (actual time=1320.308..28653.013 rows=3604308 loops=1)
  Hash Cond: (ci.movie_id = t.id)
  ->  Seq Scan on cast_info ci  (cost=0.00..705507.15 rows=23133963 width=4) (actual time=0.022..15088.906 rows=23198914 loops=1)
        Filter: (person_id > 1289032)
        Rows Removed by Filter: 13045430
  ->  Hash  (cost=73925.90..73925.90 rows=345888 width=4) (actual time=1319.608..1319.608 rows=457402 loops=1)
        Buckets: 131072  Batches: 8  Memory Usage: 3047kB
        ->  Seq Scan on title t  (cost=0.00..73925.90 rows=345888 width=4) (actual time=0.028..1175.084 rows=457402 loops=1)
              Filter: ((kind_id < 7) AND (production_year < 1997))
              Rows Removed by Filter: 2070910
Planning time: 0.800 ms
Execution time: 29080.249 ms
