Hash Join  (cost=263223.43..454974.12 rows=4357180 width=0) (actual time=5965.223..18160.554 rows=34057103 loops=1)
  Hash Cond: (mk.movie_id = t.id)
  ->  Seq Scan on movie_keyword mk  (cost=0.00..81003.12 rows=4495753 width=4) (actual time=0.013..1893.449 rows=4499217 loops=1)
        Filter: (keyword_id < 113931)
        Rows Removed by Filter: 24713
  ->  Hash  (cost=223018.06..223018.06 rows=2450590 width=8) (actual time=5963.226..5963.226 rows=2447019 loops=1)
        Buckets: 131072  Batches: 64  Memory Usage: 2595kB
        ->  Hash Join  (cost=102767.86..223018.06 rows=2450590 width=8) (actual time=1906.691..5291.002 rows=2447019 loops=1)
              Hash Cond: (mc.movie_id = t.id)
              ->  Seq Scan on movie_companies mc  (cost=0.00..51404.11 rows=2450590 width=4) (actual time=0.014..1073.467 rows=2447019 loops=1)
                    Filter: (company_id > 27)
                    Rows Removed by Filter: 162110
              ->  Hash  (cost=61283.27..61283.27 rows=2528527 width=4) (actual time=1906.012..1906.012 rows=2528312 loops=1)
                    Buckets: 131072  Batches: 64  Memory Usage: 2415kB
                    ->  Seq Scan on title t  (cost=0.00..61283.27 rows=2528527 width=4) (actual time=0.022..1072.535 rows=2528312 loops=1)
Planning time: 0.844 ms
Execution time: 22003.338 ms
