Hash Join  (cost=192916.20..683363.38 rows=997224 width=0) (actual time=4699.588..25650.867 rows=33729357 loops=1)
  Hash Cond: (mi.movie_id = t.id)
  ->  Seq Scan on movie_info mi  (cost=0.00..309384.22 rows=14739122 width=4) (actual time=0.019..6410.022 rows=14835720 loops=1)
  ->  Hash  (cost=190108.75..190108.75 rows=171076 width=8) (actual time=4607.763..4607.763 rows=721500 loops=1)
        Buckets: 131072 (originally 131072)  Batches: 16 (originally 4)  Memory Usage: 3073kB
        ->  Hash Join  (cost=76653.59..190108.75 rows=171076 width=8) (actual time=1257.063..4143.643 rows=721500 loops=1)
              Hash Cond: (mk.movie_id = t.id)
              ->  Seq Scan on movie_keyword mk  (cost=0.00..81003.12 rows=2602473 width=4) (actual time=0.014..1612.672 rows=2590768 loops=1)
                    Filter: (keyword_id < 6892)
                    Rows Removed by Filter: 1933162
              ->  Hash  (cost=73925.90..73925.90 rows=166215 width=4) (actual time=1256.226..1256.226 rows=301084 loops=1)
                    Buckets: 131072  Batches: 4  Memory Usage: 3680kB
                    ->  Seq Scan on title t  (cost=0.00..73925.90 rows=166215 width=4) (actual time=265.111..1157.884 rows=301084 loops=1)
                          Filter: ((production_year < 1987) AND (kind_id = 1))
                          Rows Removed by Filter: 2227228
Planning time: 1.072 ms
Execution time: 29346.737 ms
