Hash Join  (cost=102767.86..1141028.27 rows=9654476 width=0) (actual time=6253.745..21466.338 rows=5478746 loops=1)
  Hash Cond: (ci.movie_id = t.id)
  ->  Seq Scan on cast_info ci  (cost=0.00..796071.18 rows=9654476 width=4) (actual time=4270.988..14914.689 rows=5478746 loops=1)
        Filter: ((person_id < 2913869) AND (role_id > 3))
        Rows Removed by Filter: 30765598
  ->  Hash  (cost=61283.27..61283.27 rows=2528527 width=4) (actual time=1980.921..1980.921 rows=2528312 loops=1)
        Buckets: 131072  Batches: 64  Memory Usage: 2415kB
        ->  Seq Scan on title t  (cost=0.00..61283.27 rows=2528527 width=4) (actual time=0.030..1156.701 rows=2528312 loops=1)
Planning time: 0.756 ms
Execution time: 22041.019 ms
