Hash Join  (cost=1374858.57..2773750.49 rows=67142807 width=0) (actual time=28246.112..70417.797 rows=96631204 loops=1)
  Hash Cond: (mi.movie_id = t.id)
  ->  Seq Scan on movie_info mi  (cost=0.00..309384.22 rows=14739122 width=4) (actual time=0.024..6520.647 rows=14835720 loops=1)
  ->  Hash  (cost=1185882.47..1185882.47 rows=11518488 width=8) (actual time=28240.178..28240.178 rows=9126300 loops=1)
        Buckets: 131072  Batches: 256  Memory Usage: 2473kB
        ->  Hash Join  (cost=102767.86..1185882.47 rows=11518488 width=8) (actual time=1866.261..25654.053 rows=9126300 loops=1)
              Hash Cond: (ci.movie_id = t.id)
              ->  Seq Scan on cast_info ci  (cost=0.00..796071.18 rows=11518488 width=4) (actual time=0.029..15611.030 rows=9126300 loops=1)
                    Filter: ((person_id > 1504221) AND (role_id < 3))
                    Rows Removed by Filter: 27118044
              ->  Hash  (cost=61283.27..61283.27 rows=2528527 width=4) (actual time=1865.236..1865.236 rows=2528312 loops=1)
                    Buckets: 131072  Batches: 64  Memory Usage: 2415kB
                    ->  Seq Scan on title t  (cost=0.00..61283.27 rows=2528527 width=4) (actual time=0.013..1018.716 rows=2528312 loops=1)
Planning time: 5.373 ms
Execution time: 80889.140 ms
