Hash Join  (cost=101278.39..188022.55 rows=8613 width=0) (actual time=1879.060..3839.698 rows=100238 loops=1)
  Hash Cond: (mk.movie_id = t.id)
  ->  Seq Scan on movie_keyword mk  (cost=0.00..69693.30 rows=4523930 width=4) (actual time=0.007..1087.778 rows=4523930 loops=1)
  ->  Hash  (cost=101218.21..101218.21 rows=4814 width=8) (actual time=1878.416..1878.416 rows=10597 loops=1)
        Buckets: 16384 (originally 8192)  Batches: 1 (originally 1)  Memory Usage: 542kB
        ->  Hash Join  (cost=74255.97..101218.21 rows=4814 width=8) (actual time=1185.374..1873.451 rows=10597 loops=1)
              Hash Cond: (mi_idx.movie_id = t.id)
              ->  Seq Scan on movie_info_idx mi_idx  (cost=0.00..25185.44 rows=460978 width=4) (actual time=0.018..553.615 rows=459925 loops=1)
                    Filter: (info_type_id = 99)
                    Rows Removed by Filter: 920110
              ->  Hash  (cost=73925.90..73925.90 rows=26405 width=4) (actual time=1185.194..1185.194 rows=23926 loops=1)
                    Buckets: 32768  Batches: 1  Memory Usage: 1098kB
                    ->  Seq Scan on title t  (cost=0.00..73925.90 rows=26405 width=4) (actual time=2.256..1174.757 rows=23926 loops=1)
                          Filter: ((kind_id < 7) AND (production_year = 2003))
                          Rows Removed by Filter: 2504386
Planning time: 0.776 ms
Execution time: 3853.762 ms
