Hash Join  (cost=149617.17..233162.35 rows=616266 width=0) (actual time=3553.409..5328.993 rows=658350 loops=1)
  Hash Cond: (mc.movie_id = t.id)
  ->  Seq Scan on movie_companies mc  (cost=0.00..44881.29 rows=2609129 width=4) (actual time=0.015..875.817 rows=2609129 loops=1)
  ->  Hash  (cost=139818.82..139818.82 rows=597228 width=8) (actual time=3120.824..3120.824 rows=328701 loops=1)
        Buckets: 131072  Batches: 8  Memory Usage: 2633kB
        ->  Hash Join  (cost=91879.05..139818.82 rows=597228 width=8) (actual time=1597.714..3018.140 rows=328701 loops=1)
              Hash Cond: (mi_idx.movie_id = t.id)
              ->  Seq Scan on movie_info_idx mi_idx  (cost=0.00..21735.35 rows=1380035 width=4) (actual time=0.016..486.360 rows=1380035 loops=1)
              ->  Hash  (cost=73925.90..73925.90 rows=1094252 width=4) (actual time=1597.050..1597.050 rows=1044222 loops=1)
                    Buckets: 131072  Batches: 16  Memory Usage: 3319kB
                    ->  Seq Scan on title t  (cost=0.00..73925.90 rows=1094252 width=4) (actual time=0.009..1287.624 rows=1044222 loops=1)
                          Filter: ((production_year < 2009) AND (kind_id = 7))
                          Rows Removed by Filter: 1484090
Planning time: 0.764 ms
Execution time: 5410.054 ms
