Hash Join  (cost=378589.61..618378.87 rows=4668140 width=146) (actual time=3061.845..11002.476 rows=34863638 loops=1)
  Hash Cond: (mk.movie_id = t.id)
  ->  Seq Scan on movie_keyword mk  (cost=0.00..69693.30 rows=4523930 width=12) (actual time=0.021..323.620 rows=4523930 loops=1)
  ->  Hash  (cost=295015.49..295015.49 rows=2609129 width=134) (actual time=3061.550..3061.550 rows=2609129 loops=1)
        Buckets: 32768  Batches: 128  Memory Usage: 3159kB
        ->  Hash Join  (cost=129928.86..295015.49 rows=2609129 width=134) (actual time=686.498..2329.879 rows=2609129 loops=1)
              Hash Cond: (mc.movie_id = t.id)
              ->  Seq Scan on movie_companies mc  (cost=0.00..44881.29 rows=2609129 width=40) (actual time=0.009..201.740 rows=2609129 loops=1)
              ->  Hash  (cost=61283.27..61283.27 rows=2528527 width=94) (actual time=685.727..685.727 rows=2528312 loops=1)
                    Buckets: 32768  Batches: 128  Memory Usage: 2453kB
                    ->  Seq Scan on title t  (cost=0.00..61283.27 rows=2528527 width=94) (actual time=0.008..246.860 rows=2528312 loops=1)
Planning time: 0.646 ms
Execution time: 11886.205 ms
