Hash Join  (cost=217858.32..329310.48 rows=789489 width=0) (actual time=4702.427..7790.871 rows=2779758 loops=1)
  Hash Cond: (mk.movie_id = t.id)
  ->  Seq Scan on movie_keyword mk  (cost=0.00..81003.12 rows=1501374 width=4) (actual time=0.020..1515.159 rows=1521309 loops=1)
        Filter: (keyword_id > 10601)
        Rows Removed by Filter: 3002621
  ->  Hash  (cost=196044.17..196044.17 rows=1329612 width=8) (actual time=4701.114..4701.114 rows=1334883 loops=1)
        Buckets: 131072  Batches: 32  Memory Usage: 2660kB
        ->  Hash Join  (cost=102767.86..196044.17 rows=1329612 width=8) (actual time=2111.961..4356.634 rows=1334883 loops=1)
              Hash Cond: (mc.movie_id = t.id)
              ->  Seq Scan on movie_companies mc  (cost=0.00..51404.11 rows=1329612 width=4) (actual time=113.653..961.497 rows=1334883 loops=1)
                    Filter: (company_type_id = 2)
                    Rows Removed by Filter: 1274246
              ->  Hash  (cost=61283.27..61283.27 rows=2528527 width=4) (actual time=1996.970..1996.970 rows=2528312 loops=1)
                    Buckets: 131072  Batches: 64  Memory Usage: 2415kB
                    ->  Seq Scan on title t  (cost=0.00..61283.27 rows=2528527 width=4) (actual time=0.027..1143.942 rows=2528312 loops=1)
Planning time: 1.190 ms
Execution time: 8101.666 ms
