Hash Join  (cost=167322.81..203746.63 rows=29392 width=0) (actual time=3228.847..4134.709 rows=72001 loops=1)
  Hash Cond: (mi_idx.movie_id = t.id)
  ->  Seq Scan on movie_info_idx mi_idx  (cost=0.00..25185.44 rows=919057 width=4) (actual time=0.015..566.203 rows=920110 loops=1)
        Filter: (info_type_id > 99)
        Rows Removed by Filter: 459925
  ->  Hash  (cost=165996.01..165996.01 rows=80864 width=8) (actual time=3227.590..3227.590 rows=84071 loops=1)
        Buckets: 131072  Batches: 2  Memory Usage: 2662kB
        ->  Hash Join  (cost=102767.86..165996.01 rows=80864 width=8) (actual time=1945.288..3201.550 rows=84071 loops=1)
              Hash Cond: (mc.movie_id = t.id)
              ->  Seq Scan on movie_companies mc  (cost=0.00..51404.11 rows=80864 width=4) (actual time=0.028..829.524 rows=84071 loops=1)
                    Filter: (company_id < 19)
                    Rows Removed by Filter: 2525058
              ->  Hash  (cost=61283.27..61283.27 rows=2528527 width=4) (actual time=1943.932..1943.932 rows=2528312 loops=1)
                    Buckets: 131072  Batches: 64  Memory Usage: 2415kB
                    ->  Seq Scan on title t  (cost=0.00..61283.27 rows=2528527 width=4) (actual time=0.019..1115.797 rows=2528312 loops=1)
Planning time: 1.121 ms
Execution time: 4144.217 ms
