Hash Join  (cost=94655.84..181338.32 rows=2444 width=0) (actual time=1599.075..3460.623 rows=42953 loops=1)
  Hash Cond: (mk.movie_id = t.id)
  ->  Seq Scan on movie_keyword mk  (cost=0.00..69693.30 rows=4523930 width=4) (actual time=0.013..1019.745 rows=4523930 loops=1)
  ->  Hash  (cost=94638.77..94638.77 rows=1366 width=8) (actual time=1598.406..1598.406 rows=5705 loops=1)
        Buckets: 8192 (originally 2048)  Batches: 1 (originally 1)  Memory Usage: 287kB
        ->  Hash Join  (cost=67697.55..94638.77 rows=1366 width=8) (actual time=1042.296..1595.697 rows=5705 loops=1)
              Hash Cond: (mi_idx.movie_id = t.id)
              ->  Seq Scan on movie_info_idx mi_idx  (cost=0.00..25185.44 rows=464566 width=4) (actual time=0.010..431.836 rows=459925 loops=1)
                    Filter: (info_type_id = 101)
                    Rows Removed by Filter: 920110
              ->  Hash  (cost=67604.59..67604.59 rows=7437 width=4) (actual time=1042.220..1042.220 rows=23799 loops=1)
                    Buckets: 32768 (originally 8192)  Batches: 1 (originally 1)  Memory Usage: 1093kB
                    ->  Seq Scan on title t  (cost=0.00..67604.59 rows=7437 width=4) (actual time=0.020..1031.464 rows=23799 loops=1)
                          Filter: (production_year = 1991)
                          Rows Removed by Filter: 2504513
Planning time: 1.190 ms
Execution time: 3466.659 ms
