Hash Join  (cost=145459.16..1229196.18 rows=4860782 width=0) (actual time=3507.839..35621.797 rows=7423741 loops=1)
  Hash Cond: (ci.movie_id = t.id)
  ->  Seq Scan on cast_info ci  (cost=0.00..614943.12 rows=36225612 width=4) (actual time=0.019..13666.770 rows=36244344 loops=1)
  ->  Hash  (cost=139892.16..139892.16 rows=339280 width=8) (actual time=3506.997..3506.997 rows=250045 loops=1)
        Buckets: 131072  Batches: 8  Memory Usage: 2248kB
        ->  Hash Join  (cost=98137.04..139892.16 rows=339280 width=8) (actual time=1964.902..3439.026 rows=250045 loops=1)
              Hash Cond: (mi_idx.movie_id = t.id)
              ->  Seq Scan on movie_info_idx mi_idx  (cost=0.00..25185.44 rows=460978 width=4) (actual time=0.018..571.236 rows=459925 loops=1)
                    Filter: (info_type_id = 99)
                    Rows Removed by Filter: 920110
              ->  Hash  (cost=67604.59..67604.59 rows=1860996 width=4) (actual time=1962.364..1962.364 rows=1865487 loops=1)
                    Buckets: 131072  Batches: 32  Memory Usage: 3079kB
                    ->  Seq Scan on title t  (cost=0.00..67604.59 rows=1860996 width=4) (actual time=0.029..1354.850 rows=1865487 loops=1)
                          Filter: (kind_id > 1)
                          Rows Removed by Filter: 662825
Planning time: 1.196 ms
Execution time: 36473.628 ms
