Hash Join  (cost=73982.55..438902.66 rows=26418 width=0) (actual time=1271.483..8496.409 rows=40992 loops=1)
  Hash Cond: (mi.movie_id = t.id)
  ->  Seq Scan on movie_info mi  (cost=0.00..309384.22 rows=14739122 width=4) (actual time=0.023..4304.053 rows=14835720 loops=1)
  ->  Hash  (cost=73925.90..73925.90 rows=4532 width=4) (actual time=1146.946..1146.946 rows=6999 loops=1)
        Buckets: 8192  Batches: 1  Memory Usage: 311kB
        ->  Seq Scan on title t  (cost=0.00..73925.90 rows=4532 width=4) (actual time=1.782..1143.475 rows=6999 loops=1)
              Filter: ((kind_id = 7) AND (production_year = 1960))
              Rows Removed by Filter: 2521313
Planning time: 0.767 ms
Execution time: 8502.157 ms
