Seq Scan on movie_keyword mk  (cost=0.00..81003.12 rows=2991147 width=0) (actual time=0.032..1478.537 rows=2979940 loops=1)
  Filter: (keyword_id > 2273)
  Rows Removed by Filter: 1543990
Planning time: 0.219 ms
Execution time: 1843.481 ms
