Hash Join  (cost=908073.37..1409221.81 rows=2000151 width=0) (actual time=13163.223..25748.467 rows=2320 loops=1)
  Hash Cond: (mi.movie_id = t.id)
  ->  Seq Scan on movie_info mi  (cost=0.00..309384.22 rows=14739122 width=4) (actual time=0.023..6074.372 rows=14835720 loops=1)
  ->  Hash  (cost=902443.25..902443.25 rows=343130 width=8) (actual time=13117.066..13117.066 rows=563 loops=1)
        Buckets: 131072  Batches: 8  Memory Usage: 1034kB
        ->  Hash Join  (cost=87731.24..902443.25 rows=343130 width=8) (actual time=2676.858..13116.408 rows=563 loops=1)
              Hash Cond: (ci.movie_id = t.id)
              ->  Seq Scan on cast_info ci  (cost=0.00..796071.18 rows=1031073 width=4) (actual time=953.396..11282.004 rows=1285 loops=1)
                    Filter: ((person_id < 485068) AND (role_id = 2))
                    Rows Removed by Filter: 36243059
              ->  Hash  (cost=73925.90..73925.90 rows=841467 width=4) (actual time=1719.327..1719.327 rows=921643 loops=1)
                    Buckets: 131072  Batches: 16  Memory Usage: 3057kB
                    ->  Seq Scan on title t  (cost=0.00..73925.90 rows=841467 width=4) (actual time=0.030..1424.938 rows=921643 loops=1)
                          Filter: ((production_year > 2000) AND (kind_id = 7))
                          Rows Removed by Filter: 1606669
Planning time: 1.214 ms
Execution time: 25749.320 ms
