Hash Join  (cost=91342.70..178439.51 rows=14600 width=0) (actual time=2057.953..3519.154 rows=14910 loops=1)
  Hash Cond: (mk.movie_id = t.id)
  ->  Seq Scan on movie_keyword mk  (cost=0.00..81003.12 rows=25515 width=4) (actual time=0.032..1215.709 rows=22047 loops=1)
        Filter: (keyword_id > 115841)
        Rows Removed by Filter: 4501883
  ->  Hash  (cost=67604.59..67604.59 rows=1446889 width=4) (actual time=2055.382..2055.382 rows=1443298 loops=1)
        Buckets: 131072  Batches: 32  Memory Usage: 2616kB
        ->  Seq Scan on title t  (cost=0.00..67604.59 rows=1446889 width=4) (actual time=0.020..1324.646 rows=1443298 loops=1)
              Filter: (production_year < 2006)
              Rows Removed by Filter: 1085014
Planning time: 0.747 ms
Execution time: 3521.039 ms
