Nested Loop  (cost=0.43..83071.67 rows=246 width=0) (actual time=1.409..1327.716 rows=1155 loops=1)
  ->  Seq Scan on movie_keyword mk  (cost=0.00..81003.12 rows=246 width=4) (actual time=1.361..1285.074 rows=1155 loops=1)
        Filter: (keyword_id = 6241)
        Rows Removed by Filter: 4522775
  ->  Index Only Scan using title_pkey on title t  (cost=0.43..8.40 rows=1 width=4) (actual time=0.035..0.036 rows=1 loops=1155)
        Index Cond: (id = mk.movie_id)
        Heap Fetches: 1155
Planning time: 0.779 ms
Execution time: 1328.128 ms
