Seq Scan on movie_keyword mk  (cost=0.00..81003.12 rows=1026110 width=0) (actual time=0.032..1307.155 rows=1029268 loops=1)
  Filter: (keyword_id > 17280)
  Rows Removed by Filter: 3494662
Planning time: 0.321 ms
Execution time: 1432.869 ms
