Seq Scan on movie_keyword mk  (cost=0.00..81003.12 rows=2328209 width=0) (actual time=0.022..1306.936 rows=2328957 loops=1)
  Filter: (keyword_id < 5117)
  Rows Removed by Filter: 2194973
Planning time: 0.333 ms
Execution time: 1574.516 ms
