Seq Scan on cast_info ci  (cost=0.00..705507.15 rows=500 width=0) (actual time=2258.137..10724.328 rows=91 loops=1)
  Filter: (person_id = 1933039)
  Rows Removed by Filter: 36244253
Planning time: 0.395 ms
Execution time: 10724.424 ms
