Seq Scan on movie_keyword mk  (cost=0.00..81003.12 rows=4675 width=0) (actual time=0.074..1387.836 rows=5617 loops=1)
  Filter: (keyword_id = 1603)
  Rows Removed by Filter: 4518313
Planning time: 0.375 ms
Execution time: 1389.284 ms
