Hash Join  (cost=215833.08..329145.13 rows=831329 width=0) (actual time=5174.269..9520.771 rows=8942589 loops=1)
  Hash Cond: (mk.movie_id = t.id)
  ->  Seq Scan on movie_keyword mk  (cost=0.00..81003.12 rows=1642836 width=4) (actual time=0.024..1488.699 rows=1652330 loops=1)
        Filter: (keyword_id < 2523)
        Rows Removed by Filter: 2871600
  ->  Hash  (cost=194840.12..194840.12 rows=1279517 width=8) (actual time=5172.811..5172.811 rows=1274246 loops=1)
        Buckets: 131072  Batches: 32  Memory Usage: 2633kB
        ->  Hash Join  (cost=102767.86..194840.12 rows=1279517 width=8) (actual time=2430.328..4780.776 rows=1274246 loops=1)
              Hash Cond: (mc.movie_id = t.id)
              ->  Seq Scan on movie_companies mc  (cost=0.00..51404.11 rows=1279517 width=4) (actual time=455.785..1078.085 rows=1274246 loops=1)
                    Filter: (company_type_id < 2)
                    Rows Removed by Filter: 1334883
              ->  Hash  (cost=61283.27..61283.27 rows=2528527 width=4) (actual time=1973.095..1973.095 rows=2528312 loops=1)
                    Buckets: 131072  Batches: 64  Memory Usage: 2415kB
                    ->  Seq Scan on title t  (cost=0.00..61283.27 rows=2528527 width=4) (actual time=0.024..1121.834 rows=2528312 loops=1)
Planning time: 1.086 ms
Execution time: 10481.916 ms
