Seq Scan on movie_companies mc  (cost=0.00..51404.11 rows=104 width=0) (actual time=10.439..899.936 rows=182 loops=1)
  Filter: (company_id = 2868)
  Rows Removed by Filter: 2608947
Planning time: 0.447 ms
Execution time: 900.120 ms
