Hash Join  (cost=89500.57..796328.13 rows=723 width=0) (actual time=11789.763..13392.201 rows=1 loops=1)
  Hash Cond: (ci.movie_id = t.id)
  ->  Seq Scan on cast_info ci  (cost=0.00..705507.15 rows=350181 width=4) (actual time=10667.698..12343.922 rows=316118 loops=1)
        Filter: (role_id > 10)
        Rows Removed by Filter: 35928226
  ->  Hash  (cost=89435.35..89435.35 rows=5218 width=8) (actual time=995.036..995.036 rows=4481 loops=1)
        Buckets: 8192  Batches: 1  Memory Usage: 240kB
        ->  Nested Loop  (cost=0.43..89435.35 rows=5218 width=8) (actual time=0.205..992.491 rows=4481 loops=1)
              ->  Seq Scan on movie_companies mc  (cost=0.00..51404.11 rows=5218 width=4) (actual time=0.099..866.742 rows=4481 loops=1)
                    Filter: (company_id = 11373)
                    Rows Removed by Filter: 2604648
              ->  Index Only Scan using title_pkey on title t  (cost=0.43..7.28 rows=1 width=4) (actual time=0.027..0.027 rows=1 loops=4481)
                    Index Cond: (id = mc.movie_id)
                    Heap Fetches: 4481
Planning time: 1.157 ms
Execution time: 13392.329 ms
