Hash Join  (cost=101539.12..916009.77 rows=14778 width=0) (actual time=4250.162..18265.903 rows=100424 loops=1)
  Hash Cond: (ci.movie_id = t.id)
  ->  Seq Scan on cast_info ci  (cost=0.00..796071.18 rows=4867122 width=4) (actual time=2387.783..14239.772 rows=10000553 loops=1)
        Filter: ((person_id < 1363035) AND (role_id < 2))
        Rows Removed by Filter: 26243791
  ->  Hash  (cost=101443.15..101443.15 rows=7677 width=8) (actual time=1861.883..1861.883 rows=13785 loops=1)
        Buckets: 16384 (originally 8192)  Batches: 1 (originally 1)  Memory Usage: 667kB
        ->  Hash Join  (cost=74452.28..101443.15 rows=7677 width=8) (actual time=1216.925..1855.255 rows=13785 loops=1)
              Hash Cond: (mi_idx.movie_id = t.id)
              ->  Seq Scan on movie_info_idx mi_idx  (cost=0.00..25185.44 rows=460978 width=4) (actual time=0.049..500.373 rows=459925 loops=1)
                    Filter: (info_type_id < 100)
                    Rows Removed by Filter: 920110
              ->  Hash  (cost=73925.90..73925.90 rows=42110 width=4) (actual time=1216.398..1216.398 rows=33905 loops=1)
                    Buckets: 65536  Batches: 1  Memory Usage: 1704kB
                    ->  Seq Scan on title t  (cost=0.00..73925.90 rows=42110 width=4) (actual time=1.118..1202.169 rows=33905 loops=1)
                          Filter: ((kind_id < 7) AND (production_year = 2006))
                          Rows Removed by Filter: 2494407
Planning time: 1.374 ms
Execution time: 18283.041 ms
