Hash Join  (cost=89472.60..628216.00 rows=5523547 width=0) (actual time=1923.475..15352.224 rows=2703477 loops=1)
  Hash Cond: (mi.movie_id = t.id)
  ->  Seq Scan on movie_info mi  (cost=0.00..309384.22 rows=14739122 width=4) (actual time=0.023..5788.643 rows=14835720 loops=1)
  ->  Hash  (cost=73925.90..73925.90 rows=947576 width=4) (actual time=1480.471..1480.471 rows=876037 loops=1)
        Buckets: 131072  Batches: 16  Memory Usage: 2955kB
        ->  Seq Scan on title t  (cost=0.00..73925.90 rows=947576 width=4) (actual time=0.012..1199.782 rows=876037 loops=1)
              Filter: ((production_year < 2007) AND (kind_id = 7))
              Rows Removed by Filter: 1652275
Planning time: 0.769 ms
Execution time: 15652.408 ms
