Seq Scan on movie_keyword mk  (cost=0.00..81003.12 rows=3463504 width=0) (actual time=0.014..1631.266 rows=3455780 loops=1)
  Filter: (keyword_id < 16501)
  Rows Removed by Filter: 1068150
Planning time: 0.346 ms
Execution time: 2069.297 ms
