Hash Join  (cost=176672.09..593556.01 rows=210931 width=0) (actual time=3387.394..11735.983 rows=869568 loops=1)
  Hash Cond: (mi.movie_id = t.id)
  ->  Seq Scan on movie_info mi  (cost=0.00..346232.03 rows=5897221 width=4) (actual time=0.022..6045.198 rows=5884963 loops=1)
        Filter: (info_type_id < 7)
        Rows Removed by Filter: 8950757
  ->  Hash  (cost=175187.59..175187.59 rows=90440 width=8) (actual time=3386.182..3386.182 rows=84123 loops=1)
        Buckets: 131072  Batches: 2  Memory Usage: 2685kB
        ->  Hash Join  (cost=69460.45..175187.59 rows=90440 width=8) (actual time=1160.903..3356.940 rows=84123 loops=1)
              Hash Cond: (mk.movie_id = t.id)
              ->  Seq Scan on movie_keyword mk  (cost=0.00..81003.12 rows=2021765 width=4) (actual time=0.177..1524.212 rows=2027533 loops=1)
                    Filter: (keyword_id < 3636)
                    Rows Removed by Filter: 2496397
              ->  Hash  (cost=67604.59..67604.59 rows=113109 width=4) (actual time=1149.149..1149.149 rows=119565 loops=1)
                    Buckets: 131072  Batches: 2  Memory Usage: 3121kB
                    ->  Seq Scan on title t  (cost=0.00..67604.59 rows=113109 width=4) (actual time=0.023..1099.777 rows=119565 loops=1)
                          Filter: (production_year = 2007)
                          Rows Removed by Filter: 2408747
Planning time: 1.159 ms
Execution time: 11847.994 ms
