Seq Scan on cast_info ci  (cost=0.00..796071.18 rows=10798228 width=0) (actual time=5230.837..15811.227 rows=12670688 loops=1)
  Filter: ((person_id < 3096858) AND (role_id = 1))
  Rows Removed by Filter: 23573656
Planning time: 0.360 ms
Execution time: 17375.046 ms
