Hash Join  (cost=157690.06..243040.53 rows=747194 width=0) (actual time=3742.892..5557.559 rows=833409 loops=1)
  Hash Cond: (mc.movie_id = t.id)
  ->  Seq Scan on movie_companies mc  (cost=0.00..44881.29 rows=2609129 width=4) (actual time=0.020..925.833 rows=2609129 loops=1)
  ->  Hash  (cost=145809.66..145809.66 rows=724112 width=8) (actual time=3268.105..3268.105 rows=402792 loops=1)
        Buckets: 131072  Batches: 16  Memory Usage: 2006kB
        ->  Hash Join  (cost=95693.05..145809.66 rows=724112 width=8) (actual time=1758.282..3150.874 rows=402792 loops=1)
              Hash Cond: (mi_idx.movie_id = t.id)
              ->  Seq Scan on movie_info_idx mi_idx  (cost=0.00..21735.35 rows=1380035 width=4) (actual time=0.032..412.316 rows=1380035 loops=1)
              ->  Hash  (cost=73925.90..73925.90 rows=1326732 width=4) (actual time=1757.419..1757.419 rows=1405802 loops=1)
                    Buckets: 131072  Batches: 32  Memory Usage: 2570kB
                    ->  Seq Scan on title t  (cost=0.00..73925.90 rows=1326732 width=4) (actual time=0.027..1310.368 rows=1405802 loops=1)
                          Filter: ((production_year > 1963) AND (kind_id = 7))
                          Rows Removed by Filter: 1122510
Planning time: 1.225 ms
Execution time: 5641.761 ms
