Hash Join  (cost=176570.91..1023867.38 rows=725648 width=0) (actual time=3443.284..26837.017 rows=814627 loops=1)
  Hash Cond: (ci.movie_id = t.id)
  ->  Seq Scan on cast_info ci  (cost=0.00..705507.15 rows=35875431 width=4) (actual time=0.027..15665.768 rows=35928226 loops=1)
        Filter: (role_id < 11)
        Rows Removed by Filter: 316118
  ->  Hash  (cost=175931.61..175931.61 rows=51144 width=8) (actual time=3440.633..3440.633 rows=26497 loops=1)
        Buckets: 65536  Batches: 1  Memory Usage: 1548kB
        ->  Hash Join  (cost=75225.89..175931.61 rows=51144 width=8) (actual time=1311.586..3430.251 rows=26497 loops=1)
              Hash Cond: (mk.movie_id = t.id)
              ->  Seq Scan on movie_keyword mk  (cost=0.00..81003.12 rows=1632842 width=4) (actual time=0.020..1575.122 rows=1640899 loops=1)
                    Filter: (keyword_id < 2489)
                    Rows Removed by Filter: 2883031
              ->  Hash  (cost=73925.90..73925.90 rows=79199 width=4) (actual time=1310.018..1310.018 rows=97735 loops=1)
                    Buckets: 131072  Batches: 2  Memory Usage: 2739kB
                    ->  Seq Scan on title t  (cost=0.00..73925.90 rows=79199 width=4) (actual time=1.796..1271.211 rows=97735 loops=1)
                          Filter: ((kind_id > 2) AND (production_year = 2007))
                          Rows Removed by Filter: 2430577
Planning time: 2.867 ms
Execution time: 26945.702 ms
