Nested Loop  (cost=0.43..83071.67 rows=246 width=0) (actual time=108.719..1294.476 rows=8 loops=1)
  ->  Seq Scan on movie_keyword mk  (cost=0.00..81003.12 rows=246 width=4) (actual time=108.635..1294.018 rows=8 loops=1)
        Filter: (keyword_id = 106788)
        Rows Removed by Filter: 4523922
  ->  Index Only Scan using title_pkey on title t  (cost=0.43..8.40 rows=1 width=4) (actual time=0.049..0.049 rows=1 loops=8)
        Index Cond: (id = mk.movie_id)
        Heap Fetches: 8
Planning time: 0.728 ms
Execution time: 1294.557 ms
