Hash Join  (cost=156410.28..552753.54 rows=272968 width=0) (actual time=2959.041..13130.327 rows=2362741 loops=1)
  Hash Cond: (mi.movie_id = t.id)
  ->  Seq Scan on movie_info mi  (cost=0.00..346232.03 rows=9476311 width=4) (actual time=36.589..6139.363 rows=9565151 loops=1)
        Filter: (info_type_id < 16)
        Rows Removed by Filter: 5270569
  ->  Hash  (cost=155499.84..155499.84 rows=72835 width=8) (actual time=2921.460..2921.460 rows=82084 loops=1)
        Buckets: 131072 (originally 131072)  Batches: 2 (originally 1)  Memory Usage: 3073kB
        ->  Hash Join  (cost=68113.45..155499.84 rows=72835 width=8) (actual time=1076.963..2890.202 rows=82084 loops=1)
              Hash Cond: (mk.movie_id = t.id)
              ->  Seq Scan on movie_keyword mk  (cost=0.00..69693.30 rows=4523930 width=4) (actual time=0.021..924.721 rows=4523930 loops=1)
              ->  Hash  (cost=67604.59..67604.59 rows=40709 width=4) (actual time=1076.116..1076.116 rows=38955 loops=1)
                    Buckets: 65536  Batches: 1  Memory Usage: 1882kB
                    ->  Seq Scan on title t  (cost=0.00..67604.59 rows=40709 width=4) (actual time=5.128..1058.939 rows=38955 loops=1)
                          Filter: (production_year = 1997)
                          Rows Removed by Filter: 2489357
Planning time: 1.169 ms
Execution time: 13388.469 ms
