Seq Scan on movie_companies mc  (cost=0.00..51404.11 rows=104 width=0) (actual time=251.356..841.842 rows=21 loops=1)
  Filter: (company_id = 24785)
  Rows Removed by Filter: 2609108
Planning time: 0.343 ms
Execution time: 841.920 ms
