Hash Join  (cost=101489.21..912254.53 rows=257927 width=0) (actual time=3102.167..18371.235 rows=253111 loops=1)
  Hash Cond: (ci.movie_id = t.id)
  ->  Seq Scan on cast_info ci  (cost=0.00..796071.18 rows=315773 width=4) (actual time=1113.363..15809.868 rows=304241 loops=1)
        Filter: ((person_id > 330189) AND (role_id > 10))
        Rows Removed by Filter: 35940103
  ->  Hash  (cost=67604.59..67604.59 rows=2065330 width=4) (actual time=1987.715..1987.715 rows=2064552 loops=1)
        Buckets: 131072  Batches: 32  Memory Usage: 3289kB
        ->  Seq Scan on title t  (cost=0.00..67604.59 rows=2065330 width=4) (actual time=0.020..1327.023 rows=2064552 loops=1)
              Filter: (production_year < 2011)
              Rows Removed by Filter: 463760
Planning time: 2.799 ms
Execution time: 18401.546 ms
