Seq Scan on movie_keyword mk  (cost=0.00..81003.12 rows=1149892 width=0) (actual time=0.024..1341.578 rows=1166345 loops=1)
  Filter: (keyword_id > 16053)
  Rows Removed by Filter: 3357585
Planning time: 0.306 ms
Execution time: 1489.118 ms
