Hash Join  (cost=102767.86..270756.22 rows=3204384 width=0) (actual time=1968.496..6578.588 rows=3193459 loops=1)
  Hash Cond: (mk.movie_id = t.id)
  ->  Seq Scan on movie_keyword mk  (cost=0.00..81003.12 rows=3204384 width=4) (actual time=0.039..1713.673 rows=3193459 loops=1)
        Filter: (keyword_id > 1738)
        Rows Removed by Filter: 1330471
  ->  Hash  (cost=61283.27..61283.27 rows=2528527 width=4) (actual time=1967.445..1967.445 rows=2528312 loops=1)
        Buckets: 131072  Batches: 64  Memory Usage: 2425kB
        ->  Seq Scan on title t  (cost=0.00..61283.27 rows=2528527 width=4) (actual time=0.015..1085.929 rows=2528312 loops=1)
Planning time: 0.843 ms
Execution time: 6931.325 ms
