Hash Join  (cost=80166.74..430034.70 rows=24735 width=0) (actual time=6513.195..7159.606 rows=54980 loops=1)
  Hash Cond: (mi.movie_id = t.id)
  ->  Seq Scan on movie_info mi  (cost=0.00..346232.03 rows=164423 width=4) (actual time=5104.596..5638.440 rows=197754 loops=1)
        Filter: (info_type_id > 106)
        Rows Removed by Filter: 14637966
  ->  Hash  (cost=73925.90..73925.90 rows=380387 width=4) (actual time=1348.546..1348.546 rows=484820 loops=1)
        Buckets: 131072  Batches: 8  Memory Usage: 3174kB
        ->  Seq Scan on title t  (cost=0.00..73925.90 rows=380387 width=4) (actual time=0.033..1192.432 rows=484820 loops=1)
              Filter: ((kind_id < 7) AND (production_year < 1999))
              Rows Removed by Filter: 2043492
Planning time: 0.753 ms
Execution time: 7166.722 ms
