Hash Join  (cost=102767.86..208369.43 rows=1841813 width=0) (actual time=2014.093..5807.833 rows=1835953 loops=1)
  Hash Cond: (mc.movie_id = t.id)
  ->  Seq Scan on movie_companies mc  (cost=0.00..51404.11 rows=1841813 width=4) (actual time=0.014..1284.022 rows=1835953 loops=1)
        Filter: (company_id < 33622)
        Rows Removed by Filter: 773176
  ->  Hash  (cost=61283.27..61283.27 rows=2528527 width=4) (actual time=2012.717..2012.717 rows=2528312 loops=1)
        Buckets: 131072  Batches: 64  Memory Usage: 2415kB
        ->  Seq Scan on title t  (cost=0.00..61283.27 rows=2528527 width=4) (actual time=0.012..1162.683 rows=2528312 loops=1)
Planning time: 0.706 ms
Execution time: 6025.474 ms
