Hash Join  (cost=475884.40..581572.83 rows=289546 width=0) (actual time=8217.852..12587.740 rows=10592637 loops=1)
  Hash Cond: (mk.movie_id = t.id)
  ->  Seq Scan on movie_keyword mk  (cost=0.00..81003.12 rows=1742358 width=4) (actual time=0.012..1574.174 rows=1751800 loops=1)
        Filter: (keyword_id < 2860)
        Rows Removed by Filter: 2772130
  ->  Hash  (cost=468990.00..468990.00 rows=420192 width=8) (actual time=8216.866..8216.866 rows=465636 loops=1)
        Buckets: 131072  Batches: 8  Memory Usage: 3364kB
        ->  Hash Join  (cost=102767.86..468990.00 rows=420192 width=8) (actual time=4022.840..8075.012 rows=465636 loops=1)
              Hash Cond: (mi.movie_id = t.id)
              ->  Seq Scan on movie_info mi  (cost=0.00..346232.03 rows=420192 width=4) (actual time=2080.921..5383.356 rows=465636 loops=1)
                    Filter: (info_type_id > 103)
                    Rows Removed by Filter: 14370084
              ->  Hash  (cost=61283.27..61283.27 rows=2528527 width=4) (actual time=1933.532..1933.532 rows=2528312 loops=1)
                    Buckets: 131072  Batches: 64  Memory Usage: 2425kB
                    ->  Seq Scan on title t  (cost=0.00..61283.27 rows=2528527 width=4) (actual time=0.030..1059.532 rows=2528312 loops=1)
Planning time: 1.113 ms
Execution time: 13633.605 ms
