Seq Scan on cast_info ci  (cost=0.00..796071.18 rows=10669382 width=0) (actual time=68.833..12783.204 rows=4547219 loops=1)
  Filter: ((person_id < 1614523) AND (role_id > 1))
  Rows Removed by Filter: 31697125
Planning time: 0.194 ms
Execution time: 13277.787 ms
