Hash Join  (cost=191583.35..754054.31 rows=7747302 width=0) (actual time=4573.693..23534.384 rows=20794244 loops=1)
  Hash Cond: (mi.movie_id = t.id)
  ->  Seq Scan on movie_info mi  (cost=0.00..309384.22 rows=14739122 width=4) (actual time=0.011..6260.757 rows=14835720 loops=1)
  ->  Hash  (cost=169778.02..169778.02 rows=1329066 width=8) (actual time=4572.469..4572.469 rows=1370678 loops=1)
        Buckets: 131072  Batches: 32  Memory Usage: 2714kB
        ->  Hash Join  (cost=107556.84..169778.02 rows=1329066 width=8) (actual time=2110.290..4134.805 rows=1370678 loops=1)
              Hash Cond: (mi_idx.movie_id = t.id)
              ->  Seq Scan on movie_info_idx mi_idx  (cost=0.00..21735.35 rows=1380035 width=4) (actual time=0.016..462.267 rows=1380035 loops=1)
              ->  Hash  (cost=67604.59..67604.59 rows=2435140 width=4) (actual time=2109.243..2109.243 rows=2431710 loops=1)
                    Buckets: 131072  Batches: 32  Memory Usage: 3696kB
                    ->  Seq Scan on title t  (cost=0.00..67604.59 rows=2435140 width=4) (actual time=0.010..1356.949 rows=2431710 loops=1)
                          Filter: (production_year > 1909)
                          Rows Removed by Filter: 96602
Planning time: 0.786 ms
Execution time: 25875.930 ms
