Hash Join  (cost=827232.96..1344859.93 rows=3544504 width=0) (actual time=15309.550..29813.205 rows=5968387 loops=1)
  Hash Cond: (mi.movie_id = t.id)
  ->  Seq Scan on movie_info mi  (cost=0.00..309384.22 rows=14739122 width=4) (actual time=0.019..6129.484 rows=14835720 loops=1)
  ->  Hash  (cost=817256.12..817256.12 rows=608067 width=8) (actual time=15308.466..15308.466 rows=642240 loops=1)
        Buckets: 131072 (originally 131072)  Batches: 16 (originally 8)  Memory Usage: 3073kB
        ->  Hash Join  (cost=82131.75..817256.12 rows=608067 width=8) (actual time=8861.755..15151.453 rows=642240 loops=1)
              Hash Cond: (ci.movie_id = t.id)
              ->  Seq Scan on cast_info ci  (cost=0.00..705507.15 rows=1736414 width=4) (actual time=7454.713..12743.894 rows=1703543 loops=1)
                    Filter: (role_id = 8)
                    Rows Removed by Filter: 34540801
              ->  Hash  (cost=67604.59..67604.59 rows=885453 width=4) (actual time=1405.667..1405.667 rows=885650 loops=1)
                    Buckets: 131072  Batches: 16  Memory Usage: 2972kB
                    ->  Seq Scan on title t  (cost=0.00..67604.59 rows=885453 width=4) (actual time=0.041..1119.533 rows=885650 loops=1)
                          Filter: (production_year < 1997)
                          Rows Removed by Filter: 1642662
Planning time: 1.160 ms
Execution time: 30467.717 ms
