Hash Join  (cost=102767.86..1137226.19 rows=9496440 width=0) (actual time=9085.860..29787.276 rows=12670688 loops=1)
  Hash Cond: (ci.movie_id = t.id)
  ->  Seq Scan on cast_info ci  (cost=0.00..796071.18 rows=9496440 width=4) (actual time=6920.005..16371.814 rows=12670688 loops=1)
        Filter: ((person_id < 2780581) AND (role_id = 1))
        Rows Removed by Filter: 23573656
  ->  Hash  (cost=61283.27..61283.27 rows=2528527 width=4) (actual time=2164.488..2164.488 rows=2528312 loops=1)
        Buckets: 131072  Batches: 64  Memory Usage: 2415kB
        ->  Seq Scan on title t  (cost=0.00..61283.27 rows=2528527 width=4) (actual time=0.015..1041.998 rows=2528312 loops=1)
Planning time: 1.253 ms
Execution time: 31174.146 ms
