Hash Join  (cost=89472.60..155677.54 rows=271652 width=0) (actual time=1866.767..3119.938 rows=263999 loops=1)
  Hash Cond: (mc.movie_id = t.id)
  ->  Seq Scan on movie_companies mc  (cost=0.00..51404.11 rows=724880 width=4) (actual time=0.017..932.351 rows=717063 loops=1)
        Filter: (company_id < 1381)
        Rows Removed by Filter: 1892066
  ->  Hash  (cost=73925.90..73925.90 rows=947576 width=4) (actual time=1622.772..1622.772 rows=876037 loops=1)
        Buckets: 131072  Batches: 16  Memory Usage: 2949kB
        ->  Seq Scan on title t  (cost=0.00..73925.90 rows=947576 width=4) (actual time=98.441..1342.314 rows=876037 loops=1)
              Filter: ((production_year < 2007) AND (kind_id = 7))
              Rows Removed by Filter: 1652275
Planning time: 0.587 ms
Execution time: 3150.092 ms
