Hash Join  (cost=73952.40..164124.90 rows=89464 width=0) (actual time=1098.757..3284.820 rows=139659 loops=1)
  Hash Cond: (mk.movie_id = t.id)
  ->  Seq Scan on movie_keyword mk  (cost=0.00..81003.12 rows=584730 width=4) (actual time=0.016..1418.310 rows=582755 loops=1)
        Filter: (keyword_id > 31457)
        Rows Removed by Filter: 3941175
  ->  Hash  (cost=67604.59..67604.59 rows=386865 width=4) (actual time=1097.798..1097.798 rows=381430 loops=1)
        Buckets: 131072  Batches: 8  Memory Usage: 2699kB
        ->  Seq Scan on title t  (cost=0.00..67604.59 rows=386865 width=4) (actual time=0.011..978.001 rows=381430 loops=1)
              Filter: (production_year < 1971)
              Rows Removed by Filter: 2146882
Planning time: 0.730 ms
Execution time: 3303.019 ms
