Hash Join  (cost=69283.60..1118146.06 rows=1465929 width=0) (actual time=1221.572..27867.810 rows=1949617 loops=1)
  Hash Cond: (ci.movie_id = t.id)
  ->  Seq Scan on cast_info ci  (cost=0.00..614943.12 rows=36225612 width=4) (actual time=0.012..12865.264 rows=36244344 loops=1)
  ->  Hash  (cost=67604.59..67604.59 rows=102321 width=4) (actual time=1220.873..1220.873 rows=100537 loops=1)
        Buckets: 131072  Batches: 2  Memory Usage: 2797kB
        ->  Seq Scan on title t  (cost=0.00..67604.59 rows=102321 width=4) (actual time=0.016..1179.539 rows=100537 loops=1)
              Filter: (kind_id = 3)
              Rows Removed by Filter: 2427775
Planning time: 0.746 ms
Execution time: 28114.714 ms
