Seq Scan on movie_keyword mk  (cost=0.00..81003.12 rows=246 width=0) (actual time=165.910..1177.553 rows=4 loops=1)
  Filter: (keyword_id = 95498)
  Rows Removed by Filter: 4523926
Planning time: 0.351 ms
Execution time: 1177.637 ms
