Nested Loop  (cost=0.43..797958.78 rows=35 width=0) (actual time=2573.457..13988.588 rows=2 loops=1)
  ->  Seq Scan on cast_info ci  (cost=0.00..796071.18 rows=224 width=4) (actual time=2573.392..13988.456 rows=3 loops=1)
        Filter: ((role_id > 2) AND (person_id = 3056647))
        Rows Removed by Filter: 36244341
  ->  Index Scan using title_pkey on title t  (cost=0.43..8.42 rows=1 width=4) (actual time=0.034..0.035 rows=1 loops=3)
        Index Cond: (id = ci.movie_id)
        Filter: ((kind_id < 7) AND (production_year > 2005))
        Rows Removed by Filter: 0
Planning time: 0.794 ms
Execution time: 13988.705 ms
