Hash Join  (cost=431167.41..469682.00 rows=47911 width=0) (actual time=6987.346..7918.196 rows=108315 loops=1)
  Hash Cond: (mi_idx.movie_id = t.id)
  ->  Seq Scan on movie_info_idx mi_idx  (cost=0.00..21735.35 rows=1380035 width=4) (actual time=0.021..489.941 rows=1380035 loops=1)
  ->  Hash  (cost=429727.11..429727.11 rows=87784 width=8) (actual time=6986.556..6986.556 rows=50557 loops=1)
        Buckets: 131072  Batches: 2  Memory Usage: 2014kB
        ->  Hash Join  (cost=75321.41..429727.11 rows=87784 width=8) (actual time=3221.724..6968.162 rows=50557 loops=1)
              Hash Cond: (mi.movie_id = t.id)
              ->  Seq Scan on movie_info mi  (cost=0.00..346232.03 rows=471955 width=4) (actual time=1898.759..5307.932 rows=543367 loops=1)
                    Filter: (info_type_id > 98)
                    Rows Removed by Filter: 14292353
              ->  Hash  (cost=67604.59..67604.59 rows=470306 width=4) (actual time=1322.301..1322.301 rows=465563 loops=1)
                    Buckets: 131072  Batches: 8  Memory Usage: 3070kB
                    ->  Seq Scan on title t  (cost=0.00..67604.59 rows=470306 width=4) (actual time=0.015..1156.235 rows=465563 loops=1)
                          Filter: (production_year < 1977)
                          Rows Removed by Filter: 2062749
Planning time: 1.228 ms
Execution time: 7930.883 ms
