Nested Loop  (cost=0.43..83071.67 rows=246 width=0) (actual time=0.297..1369.837 rows=1285 loops=1)
  ->  Seq Scan on movie_keyword mk  (cost=0.00..81003.12 rows=246 width=4) (actual time=0.240..1309.094 rows=1285 loops=1)
        Filter: (keyword_id = 4194)
        Rows Removed by Filter: 4522645
  ->  Index Only Scan using title_pkey on title t  (cost=0.43..8.40 rows=1 width=4) (actual time=0.046..0.046 rows=1 loops=1285)
        Index Cond: (id = mk.movie_id)
        Heap Fetches: 1285
Planning time: 0.824 ms
Execution time: 1370.347 ms
