Hash Join  (cost=88257.79..123676.02 rows=156883 width=0) (actual time=1622.298..2458.947 rows=79307 loops=1)
  Hash Cond: (mi_idx.movie_id = t.id)
  ->  Seq Scan on movie_info_idx mi_idx  (cost=0.00..25185.44 rows=454124 width=4) (actual time=0.020..447.106 rows=459925 loops=1)
        Filter: (info_type_id = 100)
        Rows Removed by Filter: 920110
  ->  Hash  (cost=73925.90..73925.90 rows=873511 width=4) (actual time=1621.371..1621.371 rows=957299 loops=1)
        Buckets: 131072  Batches: 16  Memory Usage: 3134kB
        ->  Seq Scan on title t  (cost=0.00..73925.90 rows=873511 width=4) (actual time=135.762..1309.837 rows=957299 loops=1)
              Filter: ((production_year > 1999) AND (kind_id = 7))
              Rows Removed by Filter: 1571013
Planning time: 0.814 ms
Execution time: 2468.444 ms
