Seq Scan on movie_companies mc  (cost=0.00..57926.93 rows=53 width=0) (actual time=505.600..768.877 rows=359 loops=1)
  Filter: ((company_id = 81747) AND (company_type_id = 2))
  Rows Removed by Filter: 2608770
Planning time: 16.647 ms
Execution time: 769.021 ms
