Seq Scan on movie_companies mc  (cost=0.00..57926.93 rows=983296 width=0) (actual time=0.011..1141.444 rows=1267877 loops=1)
  Filter: ((company_id < 65106) AND (company_type_id = 1))
  Rows Removed by Filter: 1341252
Planning time: 0.383 ms
Execution time: 1301.773 ms
