Hash Join  (cost=83072.98..109983.49 rows=3 width=0) (actual time=915.733..1454.759 rows=51 loops=1)
  Hash Cond: (mi_idx.movie_id = t.id)
  ->  Seq Scan on movie_info_idx mi_idx  (cost=0.00..21735.35 rows=1380035 width=4) (actual time=0.022..285.468 rows=1380035 loops=1)
  ->  Hash  (cost=83072.90..83072.90 rows=6 width=8) (actual time=913.518..913.518 rows=17 loops=1)
        Buckets: 1024  Batches: 1  Memory Usage: 9kB
        ->  Nested Loop  (cost=0.43..83072.90 rows=6 width=8) (actual time=71.213..913.485 rows=17 loops=1)
              ->  Seq Scan on movie_keyword mk  (cost=0.00..81003.12 rows=246 width=4) (actual time=15.708..908.934 rows=156 loops=1)
                    Filter: (keyword_id = 6568)
                    Rows Removed by Filter: 4523774
              ->  Index Scan using title_pkey on title t  (cost=0.43..8.40 rows=1 width=4) (actual time=0.027..0.027 rows=0 loops=156)
                    Index Cond: (id = mk.movie_id)
                    Filter: ((production_year < 1959) AND (kind_id = 1))
                    Rows Removed by Filter: 1
Planning time: 1.214 ms
Execution time: 1454.900 ms
