Hash Join  (cost=83073.40..833868.30 rows=572 width=0) (actual time=1165.212..16373.810 rows=13390 loops=1)
  Hash Cond: (ci.movie_id = t.id)
  ->  Seq Scan on cast_info ci  (cost=0.00..614943.12 rows=36225612 width=4) (actual time=0.021..8473.729 rows=36244344 loops=1)
  ->  Hash  (cost=83072.90..83072.90 rows=40 width=8) (actual time=1164.740..1164.740 rows=328 loops=1)
        Buckets: 1024  Batches: 1  Memory Usage: 21kB
        ->  Nested Loop  (cost=0.43..83072.90 rows=40 width=8) (actual time=0.681..1164.402 rows=328 loops=1)
              ->  Seq Scan on movie_keyword mk  (cost=0.00..81003.12 rows=246 width=4) (actual time=0.648..1153.798 rows=413 loops=1)
                    Filter: (keyword_id = 20600)
                    Rows Removed by Filter: 4523517
              ->  Index Scan using title_pkey on title t  (cost=0.43..8.40 rows=1 width=4) (actual time=0.023..0.024 rows=1 loops=413)
                    Index Cond: (id = mk.movie_id)
                    Filter: ((production_year < 2007) AND (kind_id = 1))
                    Rows Removed by Filter: 0
Planning time: 6.421 ms
Execution time: 16378.076 ms
