Hash Join  (cost=98439.97..671179.78 rows=8709688 width=0) (actual time=2105.789..16408.617 rows=3937344 loops=1)
  Hash Cond: (mi.movie_id = t.id)
  ->  Seq Scan on movie_info mi  (cost=0.00..309384.22 rows=14739122 width=4) (actual time=0.008..5957.447 rows=14835720 loops=1)
  ->  Hash  (cost=73925.90..73925.90 rows=1494165 width=4) (actual time=1922.179..1922.179 rows=1478440 loops=1)
        Buckets: 131072  Batches: 32  Memory Usage: 2656kB
        ->  Seq Scan on title t  (cost=0.00..73925.90 rows=1494165 width=4) (actual time=0.025..1433.845 rows=1478440 loops=1)
              Filter: ((production_year > 1898) AND (kind_id = 7))
              Rows Removed by Filter: 1049872
Planning time: 0.770 ms
Execution time: 16855.641 ms
