Seq Scan on movie_companies mc  (cost=0.00..51404.11 rows=104 width=0) (actual time=24.004..854.436 rows=826 loops=1)
  Filter: (company_id = 11663)
  Rows Removed by Filter: 2608303
Planning time: 2.373 ms
Execution time: 854.698 ms
