Hash Join  (cost=252738.39..766750.93 rows=5271535 width=0) (actual time=5360.278..16508.886 rows=2171211 loops=1)
  Hash Cond: (mi.movie_id = t.id)
  ->  Seq Scan on movie_info mi  (cost=0.00..346232.03 rows=9476311 width=4) (actual time=125.922..6498.089 rows=9565151 loops=1)
        Filter: (info_type_id < 16)
        Rows Removed by Filter: 5270569
  ->  Hash  (cost=229661.10..229661.10 rows=1406583 width=8) (actual time=5231.161..5231.161 rows=364863 loops=1)
        Buckets: 131072  Batches: 32  Memory Usage: 1487kB
        ->  Hash Join  (cost=90991.69..229661.10 rows=1406583 width=8) (actual time=3154.207..5113.172 rows=364863 loops=1)
              Hash Cond: (mk.movie_id = t.id)
              ->  Seq Scan on movie_keyword mk  (cost=0.00..81003.12 rows=3419321 width=4) (actual time=0.030..1674.861 rows=3409137 loops=1)
                    Filter: (keyword_id > 1150)
                    Rows Removed by Filter: 1114793
              ->  Hash  (cost=73925.90..73925.90 rows=1040143 width=4) (actual time=1676.550..1676.550 rows=1134228 loops=1)
                    Buckets: 131072  Batches: 16  Memory Usage: 3531kB
                    ->  Seq Scan on title t  (cost=0.00..73925.90 rows=1040143 width=4) (actual time=0.023..1313.138 rows=1134228 loops=1)
                          Filter: ((production_year > 1992) AND (kind_id = 7))
                          Rows Removed by Filter: 1394084
Planning time: 1.242 ms
Execution time: 16734.616 ms
