Hash Join  (cost=291616.89..959074.80 rows=13333142 width=0) (actual time=6789.980..45323.279 rows=102082807 loops=1)
  Hash Cond: (mi.movie_id = t.id)
  ->  Seq Scan on movie_info mi  (cost=0.00..346232.03 rows=13926693 width=4) (actual time=0.048..7246.969 rows=13963496 loops=1)
        Filter: (info_type_id < 98)
        Rows Removed by Filter: 872224
  ->  Hash  (cost=251900.37..251900.37 rows=2420762 width=8) (actual time=6786.587..6786.587 rows=2421996 loops=1)
        Buckets: 131072  Batches: 32  Memory Usage: 4041kB
        ->  Hash Join  (cost=102767.86..251900.37 rows=2420762 width=8) (actual time=1961.940..6062.262 rows=2421996 loops=1)
              Hash Cond: (mk.movie_id = t.id)
              ->  Seq Scan on movie_keyword mk  (cost=0.00..81003.12 rows=2420762 width=4) (actual time=0.017..1538.964 rows=2421996 loops=1)
                    Filter: (keyword_id < 5717)
                    Rows Removed by Filter: 2101934
              ->  Hash  (cost=61283.27..61283.27 rows=2528527 width=4) (actual time=1959.910..1959.910 rows=2528312 loops=1)
                    Buckets: 131072  Batches: 64  Memory Usage: 2425kB
                    ->  Seq Scan on title t  (cost=0.00..61283.27 rows=2528527 width=4) (actual time=0.012..1055.184 rows=2528312 loops=1)
Planning time: 1.155 ms
Execution time: 56865.980 ms
