Hash Join  (cost=217850.07..729058.54 rows=3348059 width=0) (actual time=4715.184..16694.022 rows=1920668 loops=1)
  Hash Cond: (mi.movie_id = t.id)
  ->  Seq Scan on movie_info mi  (cost=0.00..346232.03 rows=11115165 width=4) (actual time=0.020..6770.210 rows=11210743 loops=1)
        Filter: (info_type_id > 3)
        Rows Removed by Filter: 3624977
  ->  Hash  (cost=205353.68..205353.68 rows=761631 width=8) (actual time=4481.523..4481.523 rows=200947 loops=1)
        Buckets: 131072  Batches: 16  Memory Usage: 1523kB
        ->  Hash Join  (cost=93155.63..205353.68 rows=761631 width=8) (actual time=3179.687..4418.114 rows=200947 loops=1)
              Hash Cond: (mk.movie_id = t.id)
              ->  Seq Scan on movie_keyword mk  (cost=0.00..81003.12 rows=1643097 width=4) (actual time=0.025..1572.560 rows=1650521 loops=1)
                    Filter: (keyword_id > 8885)
                    Rows Removed by Filter: 2873409
              ->  Hash  (cost=73925.90..73925.90 rows=1172058 width=4) (actual time=1877.831..1877.831 rows=1128906 loops=1)
                    Buckets: 131072  Batches: 16  Memory Usage: 3509kB
                    ->  Seq Scan on title t  (cost=0.00..73925.90 rows=1172058 width=4) (actual time=0.028..1503.205 rows=1128906 loops=1)
                          Filter: ((production_year < 2010) AND (kind_id = 7))
                          Rows Removed by Filter: 1399406
Planning time: 1.146 ms
Execution time: 16895.199 ms
