Seq Scan on movie_keyword mk  (cost=0.00..81003.12 rows=3614244 width=0) (actual time=0.011..1545.847 rows=3609579 loops=1)
  Filter: (keyword_id > 865)
  Rows Removed by Filter: 914351
Planning time: 0.222 ms
Execution time: 2000.766 ms
