Seq Scan on movie_keyword mk  (cost=0.00..81003.12 rows=246 width=0) (actual time=3.920..1278.514 rows=691 loops=1)
  Filter: (keyword_id = 15267)
  Rows Removed by Filter: 4523239
Planning time: 3.848 ms
Execution time: 1278.899 ms
