Hash Join  (cost=68100.81..123175.97 rows=40963 width=0) (actual time=1173.530..2495.703 rows=32641 loops=1)
  Hash Cond: (mc.movie_id = t.id)
  ->  Seq Scan on movie_companies mc  (cost=0.00..44881.29 rows=2609129 width=4) (actual time=0.024..644.133 rows=2609129 loops=1)
  ->  Hash  (cost=67604.59..67604.59 rows=39698 width=4) (actual time=1172.890..1172.890 rows=36437 loops=1)
        Buckets: 65536  Batches: 1  Memory Usage: 1793kB
        ->  Seq Scan on title t  (cost=0.00..67604.59 rows=39698 width=4) (actual time=0.044..1157.348 rows=36437 loops=1)
              Filter: (production_year = 1995)
              Rows Removed by Filter: 2491875
Planning time: 0.746 ms
Execution time: 2500.944 ms
