Hash Join  (cost=73982.55..438902.66 rows=26418 width=0) (actual time=1271.164..8908.736 rows=28772 loops=1)
  Hash Cond: (mi.movie_id = t.id)
  ->  Seq Scan on movie_info mi  (cost=0.00..309384.22 rows=14739122 width=4) (actual time=0.022..4404.920 rows=14835720 loops=1)
  ->  Hash  (cost=73925.90..73925.90 rows=4532 width=4) (actual time=1194.122..1194.122 rows=8098 loops=1)
        Buckets: 8192  Batches: 1  Memory Usage: 349kB
        ->  Seq Scan on title t  (cost=0.00..73925.90 rows=4532 width=4) (actual time=0.048..1190.395 rows=8098 loops=1)
              Filter: ((kind_id = 7) AND (production_year = 1978))
              Rows Removed by Filter: 2520214
Planning time: 0.751 ms
Execution time: 8913.307 ms
