Hash Join  (cost=101673.21..823541.61 rows=15935 width=0) (actual time=1867.936..15771.027 rows=40253 loops=1)
  Hash Cond: (ci.movie_id = t.id)
  ->  Seq Scan on cast_info ci  (cost=0.00..705507.15 rows=4320508 width=4) (actual time=83.674..13265.037 rows=4323018 loops=1)
        Filter: (role_id = 10)
        Rows Removed by Filter: 31921326
  ->  Hash  (cost=101556.63..101556.63 rows=9326 width=8) (actual time=1782.723..1782.723 rows=5040 loops=1)
        Buckets: 16384  Batches: 1  Memory Usage: 325kB
        ->  Hash Join  (cost=74574.97..101556.63 rows=9326 width=8) (actual time=1184.213..1780.473 rows=5040 loops=1)
              Hash Cond: (mi_idx.movie_id = t.id)
              ->  Seq Scan on movie_info_idx mi_idx  (cost=0.00..25185.44 rows=454124 width=4) (actual time=0.027..453.594 rows=459925 loops=1)
                    Filter: (info_type_id = 100)
                    Rows Removed by Filter: 920110
              ->  Hash  (cost=73925.90..73925.90 rows=51925 width=4) (actual time=1183.579..1183.579 rows=56480 loops=1)
                    Buckets: 65536  Batches: 1  Memory Usage: 2498kB
                    ->  Seq Scan on title t  (cost=0.00..73925.90 rows=51925 width=4) (actual time=0.025..1161.470 rows=56480 loops=1)
                          Filter: ((kind_id = 7) AND (production_year = 2004))
                          Rows Removed by Filter: 2471832
Planning time: 1.304 ms
Execution time: 15777.190 ms
