Hash Join  (cost=161429.14..961606.95 rows=410663 width=0) (actual time=2944.349..20118.541 rows=125887 loops=1)
  Hash Cond: (ci.movie_id = t.id)
  ->  Seq Scan on cast_info ci  (cost=0.00..614943.12 rows=36225612 width=4) (actual time=0.013..8818.552 rows=36244344 loops=1)
  ->  Hash  (cost=161070.85..161070.85 rows=28664 width=8) (actual time=2932.700..2932.700 rows=17645 loops=1)
        Buckets: 32768  Batches: 1  Memory Usage: 946kB
        ->  Hash Join  (cost=74126.17..161070.85 rows=28664 width=8) (actual time=1046.383..2925.566 rows=17645 loops=1)
              Hash Cond: (mk.movie_id = t.id)
              ->  Seq Scan on movie_keyword mk  (cost=0.00..69693.30 rows=4523930 width=4) (actual time=0.014..960.286 rows=4523930 loops=1)
              ->  Hash  (cost=73925.90..73925.90 rows=16021 width=4) (actual time=1046.291..1046.291 rows=59846 loops=1)
                    Buckets: 65536 (originally 16384)  Batches: 1 (originally 1)  Memory Usage: 2616kB
                    ->  Seq Scan on title t  (cost=0.00..73925.90 rows=16021 width=4) (actual time=0.017..1025.084 rows=59846 loops=1)
                          Filter: ((kind_id < 2) AND (production_year < 1915))
                          Rows Removed by Filter: 2468466
Planning time: 0.750 ms
Execution time: 20139.946 ms
