Hash Join  (cost=131642.23..218353.19 rows=5292 width=0) (actual time=3035.885..3966.749 rows=6303 loops=1)
  Hash Cond: (mk.movie_id = t.id)
  ->  Seq Scan on movie_keyword mk  (cost=0.00..69693.30 rows=4523930 width=4) (actual time=0.017..1005.997 rows=4523930 loops=1)
  ->  Hash  (cost=131605.26..131605.26 rows=2958 width=8) (actual time=2126.733..2126.733 rows=6361 loops=1)
        Buckets: 8192 (originally 4096)  Batches: 1 (originally 1)  Memory Usage: 313kB
        ->  Hash Join  (cost=73982.55..131605.26 rows=2958 width=8) (actual time=992.842..2123.914 rows=6361 loops=1)
              Hash Cond: (mc.movie_id = t.id)
              ->  Seq Scan on movie_companies mc  (cost=0.00..51404.11 rows=1650403 width=4) (actual time=0.023..1025.552 rows=1640986 loops=1)
                    Filter: (company_id < 17790)
                    Rows Removed by Filter: 968143
              ->  Hash  (cost=73925.90..73925.90 rows=4532 width=4) (actual time=792.197..792.197 rows=7824 loops=1)
                    Buckets: 8192  Batches: 1  Memory Usage: 340kB
                    ->  Seq Scan on title t  (cost=0.00..73925.90 rows=4532 width=4) (actual time=239.041..789.159 rows=7824 loops=1)
                          Filter: ((kind_id = 7) AND (production_year = 1965))
                          Rows Removed by Filter: 2520488
Planning time: 1.272 ms
Execution time: 3967.884 ms
