Hash Join  (cost=128661.55..215355.84 rows=3625 width=0) (actual time=2428.358..4283.268 rows=320804 loops=1)
  Hash Cond: (mk.movie_id = t.id)
  ->  Seq Scan on movie_keyword mk  (cost=0.00..69693.30 rows=4523930 width=4) (actual time=0.024..974.953 rows=4523930 loops=1)
  ->  Hash  (cost=128636.23..128636.23 rows=2026 width=8) (actual time=2427.446..2427.446 rows=10972 loops=1)
        Buckets: 16384 (originally 2048)  Batches: 1 (originally 1)  Memory Usage: 557kB
        ->  Hash Join  (cost=73950.44..128636.23 rows=2026 width=8) (actual time=1232.955..2422.629 rows=10972 loops=1)
              Hash Cond: (mc.movie_id = t.id)
              ->  Seq Scan on movie_companies mc  (cost=0.00..44881.29 rows=2609129 width=4) (actual time=0.013..694.691 rows=2609129 loops=1)
              ->  Hash  (cost=73925.90..73925.90 rows=1963 width=4) (actual time=1181.312..1181.312 rows=5461 loops=1)
                    Buckets: 8192 (originally 2048)  Batches: 1 (originally 1)  Memory Usage: 256kB
                    ->  Seq Scan on title t  (cost=0.00..73925.90 rows=1963 width=4) (actual time=402.144..1178.872 rows=5461 loops=1)
                          Filter: ((kind_id = 1) AND (production_year = 1990))
                          Rows Removed by Filter: 2522851
Planning time: 1.247 ms
Execution time: 4323.594 ms
