Hash Join  (cost=88257.79..222589.29 rows=1148279 width=0) (actual time=1606.011..5033.989 rows=298245 loops=1)
  Hash Cond: (mk.movie_id = t.id)
  ->  Seq Scan on movie_keyword mk  (cost=0.00..81003.12 rows=3323889 width=4) (actual time=0.023..1769.314 rows=3322451 loops=1)
        Filter: (keyword_id > 1488)
        Rows Removed by Filter: 1201479
  ->  Hash  (cost=73925.90..73925.90 rows=873511 width=4) (actual time=1604.391..1604.391 rows=957299 loops=1)
        Buckets: 131072  Batches: 16  Memory Usage: 3140kB
        ->  Seq Scan on title t  (cost=0.00..73925.90 rows=873511 width=4) (actual time=36.891..1286.073 rows=957299 loops=1)
              Filter: ((production_year > 1999) AND (kind_id = 7))
              Rows Removed by Filter: 1571013
Planning time: 0.772 ms
Execution time: 5069.696 ms
