Hash Join  (cost=234725.58..281922.85 rows=553979 width=0) (actual time=4914.097..6573.606 rows=2194042 loops=1)
  Hash Cond: (mi_idx.movie_id = t.id)
  ->  Seq Scan on movie_info_idx mi_idx  (cost=0.00..21735.35 rows=1380035 width=4) (actual time=0.012..455.992 rows=1380035 loops=1)
  ->  Hash  (cost=218072.93..218072.93 rows=1015012 width=8) (actual time=4913.115..4913.115 rows=1016985 loops=1)
        Buckets: 131072  Batches: 16  Memory Usage: 3533kB
        ->  Hash Join  (cost=102767.86..218072.93 rows=1015012 width=8) (actual time=1932.549..4626.235 rows=1016985 loops=1)
              Hash Cond: (mk.movie_id = t.id)
              ->  Seq Scan on movie_keyword mk  (cost=0.00..81003.12 rows=1015012 width=4) (actual time=0.426..1491.103 rows=1016985 loops=1)
                    Filter: (keyword_id < 992)
                    Rows Removed by Filter: 3506945
              ->  Hash  (cost=61283.27..61283.27 rows=2528527 width=4) (actual time=1931.006..1931.006 rows=2528312 loops=1)
                    Buckets: 131072  Batches: 64  Memory Usage: 2425kB
                    ->  Seq Scan on title t  (cost=0.00..61283.27 rows=2528527 width=4) (actual time=0.014..1039.834 rows=2528312 loops=1)
Planning time: 1.208 ms
Execution time: 6803.815 ms
