Hash Join  (cost=102767.86..278936.43 rows=3544335 width=0) (actual time=1996.843..6806.296 rows=3535122 loops=1)
  Hash Cond: (mk.movie_id = t.id)
  ->  Seq Scan on movie_keyword mk  (cost=0.00..81003.12 rows=3544335 width=4) (actual time=0.019..1722.599 rows=3535122 loops=1)
        Filter: (keyword_id > 927)
        Rows Removed by Filter: 988808
  ->  Hash  (cost=61283.27..61283.27 rows=2528527 width=4) (actual time=1994.918..1994.918 rows=2528312 loops=1)
        Buckets: 131072  Batches: 64  Memory Usage: 2425kB
        ->  Seq Scan on title t  (cost=0.00..61283.27 rows=2528527 width=4) (actual time=0.010..1096.751 rows=2528312 loops=1)
Planning time: 0.726 ms
Execution time: 7197.353 ms
