Seq Scan on movie_companies mc  (cost=0.00..51404.11 rows=2116772 width=0) (actual time=0.020..927.948 rows=2115145 loops=1)
  Filter: (company_id < 74469)
  Rows Removed by Filter: 493984
Planning time: 0.322 ms
Execution time: 1192.965 ms
