Hash Join  (cost=102767.86..199172.67 rows=1188546 width=0) (actual time=1996.110..4380.464 rows=1127374 loops=1)
  Hash Cond: (mc.movie_id = t.id)
  ->  Seq Scan on movie_companies mc  (cost=0.00..57926.93 rows=1188546 width=4) (actual time=19.424..1172.587 rows=1127374 loops=1)
        Filter: ((company_id > 46) AND (company_type_id < 2))
        Rows Removed by Filter: 1481755
  ->  Hash  (cost=61283.27..61283.27 rows=2528527 width=4) (actual time=1975.094..1975.094 rows=2528312 loops=1)
        Buckets: 131072  Batches: 64  Memory Usage: 2415kB
        ->  Seq Scan on title t  (cost=0.00..61283.27 rows=2528527 width=4) (actual time=0.015..1101.047 rows=2528312 loops=1)
Planning time: 0.791 ms
Execution time: 4510.138 ms
