Nested Loop  (cost=0.43..58358.39 rows=5 width=0) (actual time=316.852..763.636 rows=18 loops=1)
  ->  Seq Scan on movie_companies mc  (cost=0.00..57926.93 rows=51 width=4) (actual time=308.740..742.879 rows=615 loops=1)
        Filter: ((company_type_id < 2) AND (company_id = 11143))
        Rows Removed by Filter: 2608514
  ->  Index Scan using title_pkey on title t  (cost=0.43..8.45 rows=1 width=4) (actual time=0.033..0.033 rows=0 loops=615)
        Index Cond: (id = mc.movie_id)
        Filter: (production_year > 2011)
        Rows Removed by Filter: 1
Planning time: 0.786 ms
Execution time: 763.765 ms
