Nested Loop  (cost=0.43..58375.18 rows=53 width=0) (actual time=11.377..1019.707 rows=109 loops=1)
  ->  Seq Scan on movie_companies mc  (cost=0.00..57926.93 rows=53 width=4) (actual time=11.314..1013.623 rows=109 loops=1)
        Filter: ((company_type_id > 1) AND (company_id = 73632))
        Rows Removed by Filter: 2609020
  ->  Index Only Scan using title_pkey on title t  (cost=0.43..8.45 rows=1 width=4) (actual time=0.053..0.054 rows=1 loops=109)
        Index Cond: (id = mc.movie_id)
        Heap Fetches: 109
Planning time: 0.848 ms
Execution time: 1019.809 ms
