Seq Scan on movie_companies mc  (cost=0.00..51404.11 rows=770399 width=0) (actual time=0.026..905.934 rows=761209 loops=1)
  Filter: (company_id < 1564)
  Rows Removed by Filter: 1847920
Planning time: 0.340 ms
Execution time: 1006.627 ms
