Seq Scan on cast_info ci  (cost=0.00..796071.18 rows=1510326 width=0) (actual time=716.599..13723.617 rows=3423277 loops=1)
  Filter: ((person_id > 2402065) AND (role_id = 10))
  Rows Removed by Filter: 32821067
Planning time: 0.385 ms
Execution time: 14156.999 ms
