Hash Join  (cost=83074.74..137742.81 rows=254 width=0) (actual time=1253.626..2292.439 rows=1762 loops=1)
  Hash Cond: (mc.movie_id = t.id)
  ->  Seq Scan on movie_companies mc  (cost=0.00..44881.29 rows=2609129 width=4) (actual time=0.021..572.390 rows=2609129 loops=1)
  ->  Hash  (cost=83071.67..83071.67 rows=246 width=8) (actual time=1252.408..1252.408 rows=172 loops=1)
        Buckets: 1024  Batches: 1  Memory Usage: 15kB
        ->  Nested Loop  (cost=0.43..83071.67 rows=246 width=8) (actual time=4.147..1252.222 rows=172 loops=1)
              ->  Seq Scan on movie_keyword mk  (cost=0.00..81003.12 rows=246 width=4) (actual time=4.076..1246.006 rows=172 loops=1)
                    Filter: (keyword_id = 29514)
                    Rows Removed by Filter: 4523758
              ->  Index Only Scan using title_pkey on title t  (cost=0.43..8.40 rows=1 width=4) (actual time=0.032..0.033 rows=1 loops=172)
                    Index Cond: (id = mk.movie_id)
                    Heap Fetches: 172
Planning time: 1.181 ms
Execution time: 2292.836 ms
