Hash Join  (cost=93417.65..142235.41 rows=648427 width=0) (actual time=1780.805..3235.874 rows=353082 loops=1)
  Hash Cond: (mi_idx.movie_id = t.id)
  ->  Seq Scan on movie_info_idx mi_idx  (cost=0.00..21735.35 rows=1380035 width=4) (actual time=0.024..494.851 rows=1380035 loops=1)
  ->  Hash  (cost=73925.90..73925.90 rows=1188060 width=4) (actual time=1779.949..1779.949 rows=1276679 loops=1)
        Buckets: 131072  Batches: 16  Memory Usage: 3840kB
        ->  Seq Scan on title t  (cost=0.00..73925.90 rows=1188060 width=4) (actual time=0.017..1389.112 rows=1276679 loops=1)
              Filter: ((production_year > 1979) AND (kind_id = 7))
              Rows Removed by Filter: 1251633
Planning time: 0.809 ms
Execution time: 3279.913 ms
