Hash Join  (cost=100908.38..960471.57 rows=10599 width=0) (actual time=1668.237..19730.964 rows=71748 loops=1)
  Hash Cond: (ci.movie_id = t.id)
  ->  Seq Scan on cast_info ci  (cost=0.00..796071.18 rows=16902930 width=4) (actual time=0.013..15199.606 rows=18490792 loops=1)
        Filter: ((person_id < 1931254) AND (role_id < 10))
        Rows Removed by Filter: 17753552
  ->  Hash  (cost=100888.56..100888.56 rows=1586 width=8) (actual time=1667.784..1667.784 rows=4260 loops=1)
        Buckets: 8192 (originally 2048)  Batches: 1 (originally 1)  Memory Usage: 231kB
        ->  Hash Join  (cost=73962.22..100888.56 rows=1586 width=8) (actual time=1131.396..1666.025 rows=4260 loops=1)
              Hash Cond: (mi_idx.movie_id = t.id)
              ->  Seq Scan on movie_info_idx mi_idx  (cost=0.00..21735.35 rows=1380035 width=4) (actual time=0.015..274.940 rows=1380035 loops=1)
              ->  Hash  (cost=73925.90..73925.90 rows=2905 width=4) (actual time=1131.242..1131.242 rows=3646 loops=1)
                    Buckets: 4096  Batches: 1  Memory Usage: 161kB
                    ->  Seq Scan on title t  (cost=0.00..73925.90 rows=2905 width=4) (actual time=1.133..1129.282 rows=3646 loops=1)
                          Filter: ((kind_id < 7) AND (production_year = 1957))
                          Rows Removed by Filter: 2524666
Planning time: 1.140 ms
Execution time: 19742.185 ms
