Seq Scan on movie_companies mc  (cost=0.00..51404.11 rows=2206397 width=0) (actual time=0.028..1002.882 rows=2205767 loops=1)
  Filter: (company_id > 253)
  Rows Removed by Filter: 403362
Planning time: 0.353 ms
Execution time: 1279.523 ms
