Seq Scan on movie_companies mc  (cost=0.00..51404.11 rows=1771491 width=0) (actual time=0.030..987.524 rows=1761934 loops=1)
  Filter: (company_id < 25533)
  Rows Removed by Filter: 847195
Planning time: 0.328 ms
Execution time: 1204.435 ms
