Hash Join  (cost=183558.47..1327783.34 rows=10749071 width=0) (actual time=3883.137..36001.421 rows=12220444 loops=1)
  Hash Cond: (ci.movie_id = t.id)
  ->  Seq Scan on cast_info ci  (cost=0.00..614943.12 rows=36225612 width=4) (actual time=0.019..13124.253 rows=36244344 loops=1)
  ->  Hash  (cost=171248.98..171248.98 rows=750279 width=8) (actual time=3881.889..3881.889 rows=304151 loops=1)
        Buckets: 131072  Batches: 16  Memory Usage: 1749kB
        ->  Hash Join  (cost=85855.67..171248.98 rows=750279 width=8) (actual time=1472.007..3792.875 rows=304151 loops=1)
              Hash Cond: (mc.movie_id = t.id)
              ->  Seq Scan on movie_companies mc  (cost=0.00..44881.29 rows=2609129 width=4) (actual time=0.022..897.171 rows=2609129 loops=1)
              ->  Hash  (cost=73925.90..73925.90 rows=727101 width=4) (actual time=1471.048..1471.048 rows=796159 loops=1)
                    Buckets: 131072  Batches: 16  Memory Usage: 2780kB
                    ->  Seq Scan on title t  (cost=0.00..73925.90 rows=727101 width=4) (actual time=0.019..1225.546 rows=796159 loops=1)
                          Filter: ((production_year > 2003) AND (kind_id = 7))
                          Rows Removed by Filter: 1732153
Planning time: 1.024 ms
Execution time: 37340.107 ms
