Hash Join  (cost=83074.74..447745.01 rows=1434 width=0) (actual time=1334.055..8685.529 rows=9432 loops=1)
  Hash Cond: (mi.movie_id = t.id)
  ->  Seq Scan on movie_info mi  (cost=0.00..309384.22 rows=14739122 width=4) (actual time=0.023..4606.993 rows=14835720 loops=1)
  ->  Hash  (cost=83071.67..83071.67 rows=246 width=8) (actual time=1332.423..1332.423 rows=120 loops=1)
        Buckets: 1024  Batches: 1  Memory Usage: 13kB
        ->  Nested Loop  (cost=0.43..83071.67 rows=246 width=8) (actual time=4.271..1332.256 rows=120 loops=1)
              ->  Seq Scan on movie_keyword mk  (cost=0.00..81003.12 rows=246 width=4) (actual time=4.173..1323.946 rows=120 loops=1)
                    Filter: (keyword_id = 15549)
                    Rows Removed by Filter: 4523810
              ->  Index Only Scan using title_pkey on title t  (cost=0.43..8.40 rows=1 width=4) (actual time=0.064..0.065 rows=1 loops=120)
                    Index Cond: (id = mk.movie_id)
                    Heap Fetches: 120
Planning time: 1.113 ms
Execution time: 8687.504 ms
