Seq Scan on movie_keyword mk  (cost=0.00..81003.12 rows=1544045 width=0) (actual time=0.022..1366.709 rows=1558796 loops=1)
  Filter: (keyword_id > 10093)
  Rows Removed by Filter: 2965134
Planning time: 0.448 ms
Execution time: 1562.180 ms
