Hash Join  (cost=492958.09..578893.45 rows=789583 width=0) (actual time=8494.991..11423.810 rows=1931865 loops=1)
  Hash Cond: (mc.movie_id = t.id)
  ->  Seq Scan on movie_companies mc  (cost=0.00..44881.29 rows=2609129 width=4) (actual time=0.012..960.679 rows=2609129 loops=1)
  ->  Hash  (cost=480403.20..480403.20 rows=765191 width=8) (actual time=8493.916..8493.916 rows=795839 loops=1)
        Buckets: 131072  Batches: 16  Memory Usage: 2959kB
        ->  Hash Join  (cost=106809.92..480403.20 rows=765191 width=8) (actual time=6686.035..8261.970 rows=795839 loops=1)
              Hash Cond: (mi.movie_id = t.id)
              ->  Seq Scan on movie_info mi  (cost=0.00..346232.03 rows=809669 width=4) (actual time=4267.625..4803.534 rows=802140 loops=1)
                    Filter: (info_type_id = 1)
                    Rows Removed by Filter: 14033580
              ->  Hash  (cost=67604.59..67604.59 rows=2389627 width=4) (actual time=2417.658..2417.658 rows=2382866 loops=1)
                    Buckets: 131072  Batches: 32  Memory Usage: 3653kB
                    ->  Seq Scan on title t  (cost=0.00..67604.59 rows=2389627 width=4) (actual time=0.029..1480.089 rows=2382866 loops=1)
                          Filter: (production_year > 1916)
                          Rows Removed by Filter: 145446
Planning time: 1.169 ms
Execution time: 11661.958 ms
