Hash Join  (cost=73953.78..100876.43 rows=1217 width=0) (actual time=1118.708..1702.219 rows=3987 loops=1)
  Hash Cond: (mi_idx.movie_id = t.id)
  ->  Seq Scan on movie_info_idx mi_idx  (cost=0.00..21735.35 rows=1380035 width=4) (actual time=0.012..304.549 rows=1380035 loops=1)
  ->  Hash  (cost=73925.90..73925.90 rows=2230 width=4) (actual time=1117.759..1117.759 rows=3338 loops=1)
        Buckets: 4096  Batches: 1  Memory Usage: 150kB
        ->  Seq Scan on title t  (cost=0.00..73925.90 rows=2230 width=4) (actual time=1.033..1115.850 rows=3338 loops=1)
              Filter: ((kind_id < 3) AND (production_year = 1959))
              Rows Removed by Filter: 2524974
Planning time: 0.798 ms
Execution time: 1702.965 ms
