Seq Scan on movie_keyword mk  (cost=0.00..81003.12 rows=246 width=0) (actual time=0.998..1194.365 rows=358 loops=1)
  Filter: (keyword_id = 24621)
  Rows Removed by Filter: 4523572
Planning time: 0.407 ms
Execution time: 1194.634 ms
