Seq Scan on movie_companies mc  (cost=0.00..57926.93 rows=250276 width=0) (actual time=0.031..867.546 rows=131732 loops=1)
  Filter: ((company_id < 426) AND (company_type_id > 1))
  Rows Removed by Filter: 2477397
Planning time: 0.332 ms
Execution time: 883.431 ms
