Hash Join  (cost=118038.10..502075.59 rows=176074 width=0) (actual time=5131.186..9200.633 rows=302008 loops=1)
  Hash Cond: (mi.movie_id = t.id)
  ->  Seq Scan on movie_info mi  (cost=0.00..346232.03 rows=3068194 width=4) (actual time=2599.651..5465.406 rows=3036719 loops=1)
        Filter: (info_type_id = 16)
        Rows Removed by Filter: 11799001
  ->  Hash  (cost=115657.30..115657.30 rows=145104 width=8) (actual time=2530.856..2530.856 rows=103705 loops=1)
        Buckets: 131072  Batches: 2  Memory Usage: 3054kB
        ->  Hash Join  (cost=80562.70..115657.30 rows=145104 width=8) (actual time=1573.443..2490.021 rows=103705 loops=1)
              Hash Cond: (mi_idx.movie_id = t.id)
              ->  Seq Scan on movie_info_idx mi_idx  (cost=0.00..25185.44 rows=464566 width=4) (actual time=0.018..515.215 rows=459925 loops=1)
                    Filter: (info_type_id = 101)
                    Rows Removed by Filter: 920110
              ->  Hash  (cost=67604.59..67604.59 rows=789769 width=4) (actual time=1572.211..1572.211 rows=784926 loops=1)
                    Buckets: 131072  Batches: 16  Memory Usage: 2749kB
                    ->  Seq Scan on title t  (cost=0.00..67604.59 rows=789769 width=4) (actual time=0.016..1140.615 rows=784926 loops=1)
                          Filter: (production_year > 2007)
                          Rows Removed by Filter: 1743386
Planning time: 1.174 ms
Execution time: 9239.919 ms
