Seq Scan on movie_companies mc  (cost=0.00..51404.11 rows=5131 width=0) (actual time=7.931..813.755 rows=4726 loops=1)
  Filter: (company_id = 394)
  Rows Removed by Filter: 2604403
Planning time: 0.375 ms
Execution time: 814.487 ms
