Hash Join  (cost=101931.27..193866.33 rows=27113 width=0) (actual time=1846.625..3970.742 rows=219979 loops=1)
  Hash Cond: (mk.movie_id = t.id)
  ->  Seq Scan on movie_keyword mk  (cost=0.00..81003.12 rows=2842879 width=4) (actual time=0.023..1625.278 rows=2832241 loops=1)
        Filter: (keyword_id < 8548)
        Rows Removed by Filter: 1691689
  ->  Hash  (cost=101629.84..101629.84 rows=24115 width=8) (actual time=1846.394..1846.394 rows=38455 loops=1)
        Buckets: 65536 (originally 32768)  Batches: 1 (originally 1)  Memory Usage: 2015kB
        ->  Hash Join  (cost=74478.21..101629.84 rows=24115 width=8) (actual time=1205.548..1832.468 rows=38455 loops=1)
              Hash Cond: (mi_idx.movie_id = t.id)
              ->  Seq Scan on movie_info_idx mi_idx  (cost=0.00..21735.35 rows=1380035 width=4) (actual time=0.012..294.232 rows=1380035 loops=1)
              ->  Hash  (cost=73925.90..73925.90 rows=44184 width=4) (actual time=1205.155..1205.155 rows=35489 loops=1)
                    Buckets: 65536  Batches: 1  Memory Usage: 1760kB
                    ->  Seq Scan on title t  (cost=0.00..73925.90 rows=44184 width=4) (actual time=0.126..1190.333 rows=35489 loops=1)
                          Filter: ((kind_id < 7) AND (production_year = 2007))
                          Rows Removed by Filter: 2492823
Planning time: 1.196 ms
Execution time: 3998.219 ms
