Seq Scan on movie_keyword mk  (cost=0.00..81003.12 rows=3261778 width=0) (actual time=0.024..1643.519 rows=3250907 loops=1)
  Filter: (keyword_id < 13992)
  Rows Removed by Filter: 1273023
Planning time: 0.282 ms
Execution time: 2067.306 ms
