Hash Join  (cost=168846.43..308804.50 rows=424903 width=156) (actual time=3704.788..7483.686 rows=1309629 loops=1)
  Hash Cond: (mk.movie_id = t.id)
  ->  Seq Scan on movie_keyword mk  (cost=0.00..69693.30 rows=4523930 width=12) (actual time=0.011..1408.002 rows=4523930 loops=1)
  ->  Hash  (cost=161006.83..161006.83 rows=237488 width=144) (actual time=3703.570..3703.570 rows=208831 loops=1)
        Buckets: 32768  Batches: 16  Memory Usage: 1960kB
        ->  Hash Join  (cost=103503.55..161006.83 rows=237488 width=144) (actual time=2263.526..3573.565 rows=208831 loops=1)
              Hash Cond: (mi_idx.movie_id = t.id)
              ->  Seq Scan on movie_info_idx mi_idx  (cost=0.00..25185.44 rows=454124 width=50) (actual time=0.023..622.147 rows=459925 loops=1)
                    Filter: (info_type_id = 100)
                    Rows Removed by Filter: 920110
              ->  Hash  (cost=67604.59..67604.59 rows=1322317 width=94) (actual time=2261.774..2261.774 rows=1322863 loops=1)
                    Buckets: 32768  Batches: 64  Memory Usage: 2594kB
                    ->  Seq Scan on title t  (cost=0.00..67604.59 rows=1322317 width=94) (actual time=0.014..1677.328 rows=1322863 loops=1)
                          Filter: (production_year > 2001)
                          Rows Removed by Filter: 1205449
Planning time: 1.226 ms
Execution time: 7549.435 ms
