Hash Join  (cost=83074.74..109986.57 rows=134 width=0) (actual time=1207.397..1890.453 rows=1172 loops=1)
  Hash Cond: (mi_idx.movie_id = t.id)
  ->  Seq Scan on movie_info_idx mi_idx  (cost=0.00..21735.35 rows=1380035 width=4) (actual time=0.024..416.279 rows=1380035 loops=1)
  ->  Hash  (cost=83071.67..83071.67 rows=246 width=8) (actual time=1207.235..1207.235 rows=424 loops=1)
        Buckets: 1024  Batches: 1  Memory Usage: 25kB
        ->  Nested Loop  (cost=0.43..83071.67 rows=246 width=8) (actual time=4.338..1206.827 rows=424 loops=1)
              ->  Seq Scan on movie_keyword mk  (cost=0.00..81003.12 rows=246 width=4) (actual time=4.277..1192.712 rows=424 loops=1)
                    Filter: (keyword_id = 9075)
                    Rows Removed by Filter: 4523506
              ->  Index Only Scan using title_pkey on title t  (cost=0.43..8.40 rows=1 width=4) (actual time=0.031..0.031 rows=1 loops=424)
                    Index Cond: (id = mk.movie_id)
                    Heap Fetches: 424
Planning time: 1.263 ms
Execution time: 1890.789 ms
