Seq Scan on title t  (cost=0.00..67604.59 rows=1011338 width=0) (actual time=0.013..1244.784 rows=1012920 loops=1)
  Filter: (production_year > 2005)
  Rows Removed by Filter: 1515392
Planning time: 0.331 ms
Execution time: 1379.009 ms
