Hash Join  (cost=102767.86..959853.34 rows=2125065 width=0) (actual time=2950.513..13655.361 rows=887281 loops=1)
  Hash Cond: (ci.movie_id = t.id)
  ->  Seq Scan on cast_info ci  (cost=0.00..796071.18 rows=2125065 width=4) (actual time=714.803..10500.568 rows=887281 loops=1)
        Filter: ((person_id < 306106) AND (role_id > 1))
        Rows Removed by Filter: 35357063
  ->  Hash  (cost=61283.27..61283.27 rows=2528527 width=4) (actual time=2233.175..2233.175 rows=2528312 loops=1)
        Buckets: 131072  Batches: 64  Memory Usage: 2415kB
        ->  Seq Scan on title t  (cost=0.00..61283.27 rows=2528527 width=4) (actual time=0.024..1328.698 rows=2528312 loops=1)
Planning time: 0.750 ms
Execution time: 13735.363 ms
