Seq Scan on movie_companies mc  (cost=0.00..51404.11 rows=1249782 width=0) (actual time=0.016..770.099 rows=1240921 loops=1)
  Filter: (company_id < 11147)
  Rows Removed by Filter: 1368208
Planning time: 0.362 ms
Execution time: 930.615 ms
