Hash Join  (cost=127611.43..209796.34 rows=18 width=0) (actual time=2507.574..3882.498 rows=917 loops=1)
  Hash Cond: (mk.movie_id = t.id)
  ->  Seq Scan on movie_keyword mk  (cost=0.00..81003.12 rows=315096 width=4) (actual time=0.039..1319.999 rows=312435 loops=1)
        Filter: (keyword_id > 52261)
        Rows Removed by Filter: 4211495
  ->  Hash  (cost=127609.63..127609.63 rows=144 width=8) (actual time=2505.871..2505.871 rows=4303 loops=1)
        Buckets: 8192 (originally 1024)  Batches: 1 (originally 1)  Memory Usage: 233kB
        ->  Hash Join  (cost=67612.84..127609.63 rows=144 width=8) (actual time=1251.098..2503.945 rows=4303 loops=1)
              Hash Cond: (mc.movie_id = t.id)
              ->  Seq Scan on movie_companies mc  (cost=0.00..57926.93 rows=551577 width=4) (actual time=0.015..1110.366 rows=849497 loops=1)
                    Filter: ((company_id > 14137) AND (company_type_id = 2))
                    Rows Removed by Filter: 1759632
              ->  Hash  (cost=67604.59..67604.59 rows=660 width=4) (actual time=1250.910..1250.910 rows=3515 loops=1)
                    Buckets: 4096 (originally 1024)  Batches: 1 (originally 1)  Memory Usage: 156kB
                    ->  Seq Scan on title t  (cost=0.00..67604.59 rows=660 width=4) (actual time=0.523..1248.726 rows=3515 loops=1)
                          Filter: (production_year > 2013)
                          Rows Removed by Filter: 2524797
Planning time: 1.139 ms
Execution time: 3882.852 ms
