Hash Join  (cost=151212.60..517079.53 rows=121100 width=0) (actual time=3092.744..11138.912 rows=282234 loops=1)
  Hash Cond: (mi.movie_id = t.id)
  ->  Seq Scan on movie_info mi  (cost=0.00..309384.22 rows=14739122 width=4) (actual time=0.022..3994.980 rows=14835720 loops=1)
  ->  Hash  (cost=150952.91..150952.91 rows=20775 width=8) (actual time=3092.387..3092.387 rows=30233 loops=1)
        Buckets: 32768  Batches: 1  Memory Usage: 1437kB
        ->  Hash Join  (cost=92883.59..150952.91 rows=20775 width=8) (actual time=2034.616..3080.937 rows=30233 loops=1)
              Hash Cond: (mc.movie_id = t.id)
              ->  Seq Scan on movie_companies mc  (cost=0.00..51404.11 rows=34093 width=4) (actual time=1.390..912.958 rows=36136 loops=1)
                    Filter: (company_id = 160)
                    Rows Removed by Filter: 2572993
              ->  Hash  (cost=67604.59..67604.59 rows=1540800 width=4) (actual time=1606.859..1606.859 rows=1543264 loops=1)
                    Buckets: 131072  Batches: 32  Memory Usage: 2722kB
                    ->  Seq Scan on title t  (cost=0.00..67604.59 rows=1540800 width=4) (actual time=0.012..1141.664 rows=1543264 loops=1)
                          Filter: (kind_id = 7)
                          Rows Removed by Filter: 985048
Planning time: 1.171 ms
Execution time: 11176.222 ms
