Seq Scan on movie_keyword mk  (cost=0.00..81003.12 rows=3621384 width=0) (actual time=0.028..1559.122 rows=3622571 loops=1)
  Filter: (keyword_id < 20485)
  Rows Removed by Filter: 901359
Planning time: 0.343 ms
Execution time: 2004.342 ms
