Hash Join  (cost=292646.35..405755.47 rows=2524218 width=0) (actual time=6772.942..13617.967 rows=18301432 loops=1)
  Hash Cond: (mc.movie_id = t.id)
  ->  Seq Scan on movie_companies mc  (cost=0.00..44881.29 rows=2609129 width=4) (actual time=0.016..1041.357 rows=2609129 loops=1)
  ->  Hash  (cost=252512.37..252512.37 rows=2446239 width=8) (actual time=6771.961..6771.961 rows=2448496 loops=1)
        Buckets: 131072 (originally 131072)  Batches: 64 (originally 32)  Memory Usage: 3995kB
        ->  Hash Join  (cost=102767.86..252512.37 rows=2446239 width=8) (actual time=1956.683..6084.205 rows=2448496 loops=1)
              Hash Cond: (mk.movie_id = t.id)
              ->  Seq Scan on movie_keyword mk  (cost=0.00..81003.12 rows=2446239 width=4) (actual time=0.013..1622.199 rows=2448496 loops=1)
                    Filter: (keyword_id < 5833)
                    Rows Removed by Filter: 2075434
              ->  Hash  (cost=61283.27..61283.27 rows=2528527 width=4) (actual time=1955.454..1955.454 rows=2528312 loops=1)
                    Buckets: 131072  Batches: 64  Memory Usage: 2425kB
                    ->  Seq Scan on title t  (cost=0.00..61283.27 rows=2528527 width=4) (actual time=0.020..1092.984 rows=2528312 loops=1)
Planning time: 1.110 ms
Execution time: 15579.798 ms
