Hash Join  (cost=160713.89..957416.45 rows=63134 width=0) (actual time=2873.256..19660.918 rows=441796 loops=1)
  Hash Cond: (ci.movie_id = t.id)
  ->  Seq Scan on cast_info ci  (cost=0.00..614943.12 rows=36225612 width=4) (actual time=0.021..9243.345 rows=36244344 loops=1)
  ->  Hash  (cost=160658.80..160658.80 rows=4407 width=8) (actual time=2872.445..2872.445 rows=9948 loops=1)
        Buckets: 16384 (originally 8192)  Batches: 1 (originally 1)  Memory Usage: 517kB
        ->  Hash Join  (cost=73956.69..160658.80 rows=4407 width=8) (actual time=1066.414..2868.547 rows=9948 loops=1)
              Hash Cond: (mk.movie_id = t.id)
              ->  Seq Scan on movie_keyword mk  (cost=0.00..69693.30 rows=4523930 width=4) (actual time=0.017..980.947 rows=4523930 loops=1)
              ->  Hash  (cost=73925.90..73925.90 rows=2463 width=4) (actual time=1064.708..1064.708 rows=3040 loops=1)
                    Buckets: 4096  Batches: 1  Memory Usage: 139kB
                    ->  Seq Scan on title t  (cost=0.00..73925.90 rows=2463 width=4) (actual time=153.900..1063.121 rows=3040 loops=1)
                          Filter: ((kind_id = 3) AND (production_year = 2002))
                          Rows Removed by Filter: 2525272
Planning time: 7.628 ms
Execution time: 19721.299 ms
