Seq Scan on movie_keyword mk  (cost=0.00..81003.12 rows=3551308 width=0) (actual time=0.029..1609.793 rows=3548878 loops=1)
  Filter: (keyword_id > 914)
  Rows Removed by Filter: 975052
Planning time: 0.355 ms
Execution time: 2046.946 ms
