Seq Scan on movie_keyword mk  (cost=0.00..81003.12 rows=246 width=0) (actual time=147.190..1289.813 rows=12 loops=1)
  Filter: (keyword_id = 33307)
  Rows Removed by Filter: 4523918
Planning time: 0.358 ms
Execution time: 1289.915 ms
