Seq Scan on cast_info ci  (cost=0.00..705507.15 rows=500 width=0) (actual time=1104.339..11047.814 rows=126 loops=1)
  Filter: (person_id = 739052)
  Rows Removed by Filter: 36244218
Planning time: 0.412 ms
Execution time: 11047.924 ms
