Hash Join  (cost=102207.05..156560.51 rows=9100 width=0) (actual time=1897.864..2851.795 rows=22993 loops=1)
  Hash Cond: (mc.movie_id = t.id)
  ->  Seq Scan on movie_companies mc  (cost=0.00..51404.11 rows=762226 width=4) (actual time=0.018..786.997 rows=755951 loops=1)
        Filter: (company_id < 1502)
        Rows Removed by Filter: 1853178
  ->  Hash  (cost=101829.69..101829.69 rows=30189 width=8) (actual time=1897.257..1897.257 rows=39380 loops=1)
        Buckets: 65536 (originally 32768)  Batches: 1 (originally 1)  Memory Usage: 2051kB
        ->  Hash Join  (cost=74617.32..101829.69 rows=30189 width=8) (actual time=1223.823..1882.793 rows=39380 loops=1)
              Hash Cond: (mi_idx.movie_id = t.id)
              ->  Seq Scan on movie_info_idx mi_idx  (cost=0.00..21735.35 rows=1380035 width=4) (actual time=0.023..302.980 rows=1380035 loops=1)
              ->  Hash  (cost=73925.90..73925.90 rows=55313 width=4) (actual time=1221.528..1221.528 rows=49075 loops=1)
                    Buckets: 65536  Batches: 1  Memory Usage: 2238kB
                    ->  Seq Scan on title t  (cost=0.00..73925.90 rows=55313 width=4) (actual time=0.073..1201.034 rows=49075 loops=1)
                          Filter: ((kind_id < 7) AND (production_year = 2010))
                          Rows Removed by Filter: 2479237
Planning time: 0.992 ms
Execution time: 2855.255 ms
