Hash Join  (cost=58358.89..423017.15 rows=233 width=0) (actual time=955.063..8387.778 rows=72123 loops=1)
  Hash Cond: (mi.movie_id = t.id)
  ->  Seq Scan on movie_info mi  (cost=0.00..309384.22 rows=14739122 width=4) (actual time=0.011..4486.451 rows=14835720 loops=1)
  ->  Hash  (cost=58358.39..58358.39 rows=40 width=8) (actual time=954.154..954.154 rows=1421 loops=1)
        Buckets: 2048 (originally 1024)  Batches: 1 (originally 1)  Memory Usage: 72kB
        ->  Nested Loop  (cost=0.43..58358.39 rows=40 width=8) (actual time=0.255..953.344 rows=1421 loops=1)
              ->  Seq Scan on movie_companies mc  (cost=0.00..57926.93 rows=51 width=4) (actual time=0.194..904.985 rows=1424 loops=1)
                    Filter: ((company_type_id < 2) AND (company_id = 8))
                    Rows Removed by Filter: 2607705
              ->  Index Scan using title_pkey on title t  (cost=0.43..8.45 rows=1 width=4) (actual time=0.033..0.033 rows=1 loops=1424)
                    Index Cond: (id = mc.movie_id)
                    Filter: (production_year > 1978)
                    Rows Removed by Filter: 0
Planning time: 1.146 ms
Execution time: 8398.517 ms
