Hash Join  (cost=102767.86..213363.58 rows=819237 width=0) (actual time=1898.817..4305.904 rows=827659 loops=1)
  Hash Cond: (mk.movie_id = t.id)
  ->  Seq Scan on movie_keyword mk  (cost=0.00..81003.12 rows=819237 width=4) (actual time=0.020..1375.006 rows=827659 loops=1)
        Filter: (keyword_id > 22226)
        Rows Removed by Filter: 3696271
  ->  Hash  (cost=61283.27..61283.27 rows=2528527 width=4) (actual time=1896.627..1896.627 rows=2528312 loops=1)
        Buckets: 131072  Batches: 64  Memory Usage: 2425kB
        ->  Seq Scan on title t  (cost=0.00..61283.27 rows=2528527 width=4) (actual time=0.023..1028.613 rows=2528312 loops=1)
Planning time: 0.727 ms
Execution time: 4404.782 ms
