Hash Join  (cost=90260.67..242363.94 rows=2470623 width=0) (actual time=2222.522..6322.253 rows=1970380 loops=1)
  Hash Cond: (mk.movie_id = t.id)
  ->  Seq Scan on movie_keyword mk  (cost=0.00..69693.30 rows=4523930 width=4) (actual time=0.015..1410.272 rows=4523930 loops=1)
  ->  Hash  (cost=67604.59..67604.59 rows=1380887 width=4) (actual time=2221.380..2221.380 rows=1381453 loops=1)
        Buckets: 131072  Batches: 32  Memory Usage: 2551kB
        ->  Seq Scan on title t  (cost=0.00..67604.59 rows=1380887 width=4) (actual time=0.028..1235.024 rows=1381453 loops=1)
              Filter: (production_year > 2000)
              Rows Removed by Filter: 1146859
Planning time: 0.819 ms
Execution time: 6555.370 ms
