Seq Scan on movie_keyword mk  (cost=0.00..81003.12 rows=3580191 width=0) (actual time=0.022..1536.162 rows=3569023 loops=1)
  Filter: (keyword_id < 19864)
  Rows Removed by Filter: 954907
Planning time: 0.321 ms
Execution time: 1984.197 ms
