Seq Scan on movie_companies mc  (cost=0.00..57926.93 rows=405443 width=0) (actual time=0.030..821.737 rows=230448 loops=1)
  Filter: ((company_id < 1709) AND (company_type_id = 2))
  Rows Removed by Filter: 2378681
Planning time: 0.398 ms
Execution time: 850.272 ms
