Hash Join  (cost=171017.94..967788.84 rows=69977 width=0) (actual time=3408.426..22001.543 rows=1618292 loops=1)
  Hash Cond: (ci.movie_id = t.id)
  ->  Seq Scan on cast_info ci  (cost=0.00..614943.12 rows=36225612 width=4) (actual time=0.005..9117.488 rows=36244344 loops=1)
  ->  Hash  (cost=170956.89..170956.89 rows=4884 width=8) (actual time=3408.177..3408.177 rows=38346 loops=1)
        Buckets: 65536 (originally 8192)  Batches: 1 (originally 1)  Memory Usage: 2010kB
        ->  Hash Join  (cost=73962.22..170956.89 rows=4884 width=8) (actual time=1084.149..3394.764 rows=38346 loops=1)
              Hash Cond: (mk.movie_id = t.id)
              ->  Seq Scan on movie_keyword mk  (cost=0.00..81003.12 rows=4251388 width=4) (actual time=0.027..1645.323 rows=4230445 loops=1)
                    Filter: (keyword_id > 236)
                    Rows Removed by Filter: 293485
              ->  Hash  (cost=73925.90..73925.90 rows=2905 width=4) (actual time=1083.093..1083.093 rows=7852 loops=1)
                    Buckets: 8192 (originally 4096)  Batches: 1 (originally 1)  Memory Usage: 341kB
                    ->  Seq Scan on title t  (cost=0.00..73925.90 rows=2905 width=4) (actual time=0.343..1079.220 rows=7852 loops=1)
                          Filter: ((kind_id < 7) AND (production_year = 1986))
                          Rows Removed by Filter: 2520460
Planning time: 1.197 ms
Execution time: 22213.933 ms
