Hash Join  (cost=137997.78..267475.51 rows=613570 width=0) (actual time=3357.811..6557.378 rows=455018 loops=1)
  Hash Cond: (mk.movie_id = t.id)
  ->  Seq Scan on movie_keyword mk  (cost=0.00..69693.30 rows=4523930 width=4) (actual time=0.019..1313.138 rows=4523930 loops=1)
  ->  Hash  (cost=132371.05..132371.05 rows=342938 width=8) (actual time=3190.519..3190.519 rows=193430 loops=1)
        Buckets: 131072  Batches: 8  Memory Usage: 1978kB
        ->  Hash Join  (cost=89472.60..132371.05 rows=342938 width=8) (actual time=2043.271..3126.128 rows=193430 loops=1)
              Hash Cond: (mi_idx.movie_id = t.id)
              ->  Seq Scan on movie_info_idx mi_idx  (cost=0.00..25185.44 rows=915101 width=4) (actual time=0.025..528.224 rows=919850 loops=1)
                    Filter: (info_type_id < 101)
                    Rows Removed by Filter: 460185
              ->  Hash  (cost=73925.90..73925.90 rows=947576 width=4) (actual time=1929.380..1929.380 rows=876037 loops=1)
                    Buckets: 131072  Batches: 16  Memory Usage: 2949kB
                    ->  Seq Scan on title t  (cost=0.00..73925.90 rows=947576 width=4) (actual time=98.567..1354.013 rows=876037 loops=1)
                          Filter: ((production_year < 2007) AND (kind_id = 7))
                          Rows Removed by Filter: 1652275
Planning time: 1.385 ms
Execution time: 6618.603 ms
