Seq Scan on movie_keyword mk  (cost=0.00..81003.12 rows=246 width=0) (actual time=45.538..1083.405 rows=3 loops=1)
  Filter: (keyword_id = 55906)
  Rows Removed by Filter: 4523927
Planning time: 3.194 ms
Execution time: 1083.503 ms
