Hash Join  (cost=114817.98..951625.42 rows=217787 width=0) (actual time=12248.633..21113.932 rows=1250943 loops=1)
  Hash Cond: (ci.movie_id = t.id)
  ->  Seq Scan on cast_info ci  (cost=0.00..796071.18 rows=10282242 width=4) (actual time=10012.261..15367.374 rows=7704626 loops=1)
        Filter: ((person_id > 666091) AND (role_id = 1))
        Rows Removed by Filter: 28539718
  ->  Hash  (cost=114148.53..114148.53 rows=53556 width=8) (actual time=2235.601..2235.601 rows=160758 loops=1)
        Buckets: 131072 (originally 65536)  Batches: 4 (originally 1)  Memory Usage: 3073kB
        ->  Hash Join  (cost=75536.49..114148.53 rows=53556 width=8) (actual time=1088.948..2180.199 rows=160758 loops=1)
              Hash Cond: (mi_idx.movie_id = t.id)
              ->  Seq Scan on movie_info_idx mi_idx  (cost=0.00..21735.35 rows=1380035 width=4) (actual time=0.019..464.506 rows=1380035 loops=1)
              ->  Hash  (cost=73925.90..73925.90 rows=98127 width=4) (actual time=1088.126..1088.126 rows=226456 loops=1)
                    Buckets: 131072 (originally 131072)  Batches: 4 (originally 2)  Memory Usage: 3073kB
                    ->  Seq Scan on title t  (cost=0.00..73925.90 rows=98127 width=4) (actual time=388.023..1009.362 rows=226456 loops=1)
                          Filter: ((production_year < 1970) AND (kind_id = 1))
                          Rows Removed by Filter: 2301856
Planning time: 1.293 ms
Execution time: 21271.713 ms
