Hash Join  (cost=155075.81..667276.94 rows=3439223 width=0) (actual time=3535.367..17662.139 rows=8035962 loops=1)
  Hash Cond: (mi.movie_id = t.id)
  ->  Seq Scan on movie_info mi  (cost=0.00..346232.03 rows=11115165 width=4) (actual time=0.018..6771.726 rows=11210743 loops=1)
        Filter: (info_type_id > 3)
        Rows Removed by Filter: 3624977
  ->  Hash  (cost=142239.18..142239.18 rows=782370 width=8) (actual time=3534.491..3534.491 rows=698563 loops=1)
        Buckets: 131072  Batches: 16  Memory Usage: 2733kB
        ->  Hash Join  (cost=91123.00..142239.18 rows=782370 width=8) (actual time=1743.179..3328.975 rows=698563 loops=1)
              Hash Cond: (mi_idx.movie_id = t.id)
              ->  Seq Scan on movie_info_idx mi_idx  (cost=0.00..21735.35 rows=1380035 width=4) (actual time=0.029..478.933 rows=1380035 loops=1)
              ->  Hash  (cost=67604.59..67604.59 rows=1433473 width=4) (actual time=1741.796..1741.796 rows=1434466 loops=1)
                    Buckets: 131072  Batches: 32  Memory Usage: 2600kB
                    ->  Seq Scan on title t  (cost=0.00..67604.59 rows=1433473 width=4) (actual time=0.021..1262.530 rows=1434466 loops=1)
                          Filter: (production_year > 1999)
                          Rows Removed by Filter: 1093846
Planning time: 1.376 ms
Execution time: 18579.432 ms
