Hash Join  (cost=102767.86..959135.84 rows=2095311 width=0) (actual time=13422.991..17831.356 rows=1624369 loops=1)
  Hash Cond: (ci.movie_id = t.id)
  ->  Seq Scan on cast_info ci  (cost=0.00..796071.18 rows=2095311 width=4) (actual time=11455.482..14218.121 rows=1624369 loops=1)
        Filter: ((person_id < 2840519) AND (role_id = 4))
        Rows Removed by Filter: 34619975
  ->  Hash  (cost=61283.27..61283.27 rows=2528527 width=4) (actual time=1965.438..1965.438 rows=2528312 loops=1)
        Buckets: 131072  Batches: 64  Memory Usage: 2415kB
        ->  Seq Scan on title t  (cost=0.00..61283.27 rows=2528527 width=4) (actual time=0.020..1101.665 rows=2528312 loops=1)
Planning time: 0.774 ms
Execution time: 18011.289 ms
