Hash Join  (cost=52284.29..416941.79 rows=157 width=0) (actual time=398.158..6895.471 rows=5118 loops=1)
  Hash Cond: (mi.movie_id = t.id)
  ->  Seq Scan on movie_info mi  (cost=0.00..309384.22 rows=14739122 width=4) (actual time=0.022..3807.172 rows=14835720 loops=1)
  ->  Hash  (cost=52283.95..52283.95 rows=27 width=8) (actual time=397.459..397.459 rows=514 loops=1)
        Buckets: 1024  Batches: 1  Memory Usage: 29kB
        ->  Nested Loop  (cost=0.43..52283.95 rows=27 width=8) (actual time=86.411..397.277 rows=514 loops=1)
              ->  Seq Scan on movie_companies mc  (cost=0.00..51404.11 rows=104 width=4) (actual time=32.654..389.589 rows=603 loops=1)
                    Filter: (company_id = 32794)
                    Rows Removed by Filter: 2608526
              ->  Index Scan using title_pkey on title t  (cost=0.43..8.45 rows=1 width=4) (actual time=0.012..0.012 rows=1 loops=603)
                    Index Cond: (id = mc.movie_id)
                    Filter: (kind_id = 1)
                    Rows Removed by Filter: 0
Planning time: 1.424 ms
Execution time: 6896.731 ms
