Hash Join  (cost=166166.68..990471.34 rows=477742 width=0) (actual time=3020.944..25996.170 rows=2990120 loops=1)
  Hash Cond: (ci.movie_id = t.id)
  ->  Seq Scan on cast_info ci  (cost=0.00..705507.15 rows=30405364 width=4) (actual time=16.314..14971.397 rows=30511650 loops=1)
        Filter: (role_id < 9)
        Rows Removed by Filter: 5732694
  ->  Hash  (cost=165670.07..165670.07 rows=39729 width=8) (actual time=3004.211..3004.211 rows=73274 loops=1)
        Buckets: 131072 (originally 65536)  Batches: 1 (originally 1)  Memory Usage: 3887kB
        ->  Hash Join  (cost=74403.17..165670.07 rows=39729 width=8) (actual time=1083.589..2978.506 rows=73274 loops=1)
              Hash Cond: (mk.movie_id = t.id)
              ->  Seq Scan on movie_keyword mk  (cost=0.00..81003.12 rows=2631063 width=4) (actual time=0.031..1445.478 rows=2624565 loops=1)
                    Filter: (keyword_id < 7121)
                    Rows Removed by Filter: 1899365
              ->  Hash  (cost=73925.90..73925.90 rows=38181 width=4) (actual time=1083.229..1083.229 rows=32218 loops=1)
                    Buckets: 65536  Batches: 1  Memory Usage: 1645kB
                    ->  Seq Scan on title t  (cost=0.00..73925.90 rows=38181 width=4) (actual time=0.027..1069.502 rows=32218 loops=1)
                          Filter: ((kind_id < 3) AND (production_year = 2009))
                          Rows Removed by Filter: 2496094
Planning time: 1.252 ms
Execution time: 26375.161 ms
