Seq Scan on movie_keyword mk  (cost=0.00..81003.12 rows=246 width=0) (actual time=10.228..1223.484 rows=367 loops=1)
  Filter: (keyword_id = 705)
  Rows Removed by Filter: 4523563
Planning time: 8.934 ms
Execution time: 1223.785 ms
