Hash Join  (cost=493337.51..539587.82 rows=498783 width=0) (actual time=9873.797..11506.602 rows=2258718 loops=1)
  Hash Cond: (mi_idx.movie_id = t.id)
  ->  Seq Scan on movie_info_idx mi_idx  (cost=0.00..21735.35 rows=1380035 width=4) (actual time=0.025..420.004 rows=1380035 loops=1)
  ->  Hash  (cost=478344.01..478344.01 rows=913880 width=8) (actual time=9872.841..9872.841 rows=971275 loops=1)
        Buckets: 131072  Batches: 16  Memory Usage: 3339kB
        ->  Hash Join  (cost=100338.29..478344.01 rows=913880 width=8) (actual time=3049.950..9628.806 rows=971275 loops=1)
              Hash Cond: (mi.movie_id = t.id)
              ->  Seq Scan on movie_info mi  (cost=0.00..346232.03 rows=1158179 width=4) (actual time=274.606..5806.180 rows=1204709 loops=1)
                    Filter: (info_type_id > 18)
                    Rows Removed by Filter: 13631011
              ->  Hash  (cost=67604.59..67604.59 rows=1995176 width=4) (actual time=2696.804..2696.804 rows=1990655 loops=1)
                    Buckets: 131072  Batches: 32  Memory Usage: 3227kB
                    ->  Seq Scan on title t  (cost=0.00..67604.59 rows=1995176 width=4) (actual time=0.023..1397.910 rows=1990655 loops=1)
                          Filter: (production_year > 1976)
                          Rows Removed by Filter: 537657
Planning time: 1.246 ms
Execution time: 11750.651 ms
