Hash Join  (cost=67697.55..126593.84 rows=754 width=0) (actual time=1011.082..2060.994 rows=3142 loops=1)
  Hash Cond: (mc.movie_id = t.id)
  ->  Seq Scan on movie_companies mc  (cost=0.00..57926.93 rows=256484 width=4) (actual time=0.033..932.511 rows=505463 loops=1)
        Filter: ((company_id > 73942) AND (company_type_id > 1))
        Rows Removed by Filter: 2103666
  ->  Hash  (cost=67604.59..67604.59 rows=7437 width=4) (actual time=1010.696..1010.696 rows=14770 loops=1)
        Buckets: 16384 (originally 8192)  Batches: 1 (originally 1)  Memory Usage: 648kB
        ->  Seq Scan on title t  (cost=0.00..67604.59 rows=7437 width=4) (actual time=0.023..1003.660 rows=14770 loops=1)
              Filter: (production_year = 1982)
              Rows Removed by Filter: 2513542
Planning time: 0.771 ms
Execution time: 2061.832 ms
