Seq Scan on movie_keyword mk  (cost=0.00..81003.12 rows=246 width=0) (actual time=3.390..964.972 rows=1368 loops=1)
  Filter: (keyword_id = 6623)
  Rows Removed by Filter: 4522562
Planning time: 0.379 ms
Execution time: 965.424 ms
