Hash Join  (cost=465534.04..526269.06 rows=46254 width=0) (actual time=7756.459..9121.691 rows=710168 loops=1)
  Hash Cond: (mc.movie_id = t.id)
  ->  Seq Scan on movie_companies mc  (cost=0.00..51404.11 rows=711298 width=4) (actual time=0.030..906.250 rows=700539 loops=1)
        Filter: (company_id < 1305)
        Rows Removed by Filter: 1908590
  ->  Hash  (cost=462835.76..462835.76 rows=164423 width=8) (actual time=7755.673..7755.673 rows=197754 loops=1)
        Buckets: 131072  Batches: 4  Memory Usage: 2874kB
        ->  Hash Join  (cost=102767.86..462835.76 rows=164423 width=8) (actual time=6837.530..7698.804 rows=197754 loops=1)
              Hash Cond: (mi.movie_id = t.id)
              ->  Seq Scan on movie_info mi  (cost=0.00..346232.03 rows=164423 width=4) (actual time=4908.905..5279.158 rows=197754 loops=1)
                    Filter: (info_type_id > 106)
                    Rows Removed by Filter: 14637966
              ->  Hash  (cost=61283.27..61283.27 rows=2528527 width=4) (actual time=1866.465..1866.465 rows=2528312 loops=1)
                    Buckets: 131072  Batches: 64  Memory Usage: 2425kB
                    ->  Seq Scan on title t  (cost=0.00..61283.27 rows=2528527 width=4) (actual time=0.028..1021.100 rows=2528312 loops=1)
Planning time: 2.549 ms
Execution time: 9204.753 ms
