Hash Join  (cost=147062.74..535315.08 rows=33845 width=0) (actual time=1719.354..10332.713 rows=220556 loops=1)
  Hash Cond: (mi.movie_id = t.id)
  ->  Seq Scan on movie_info mi  (cost=0.00..346232.03 rows=11115165 width=4) (actual time=0.015..6613.847 rows=11210743 loops=1)
        Filter: (info_type_id > 3)
        Rows Removed by Filter: 3624977
  ->  Hash  (cost=146966.51..146966.51 rows=7699 width=8) (actual time=1718.224..1718.224 rows=7112 loops=1)
        Buckets: 8192  Batches: 1  Memory Usage: 342kB
        ->  Nested Loop  (cost=0.43..146966.51 rows=7699 width=8) (actual time=0.302..1714.080 rows=7112 loops=1)
              ->  Seq Scan on movie_keyword mk  (cost=0.00..81003.12 rows=10103 width=4) (actual time=0.053..1342.700 rows=10544 loops=1)
                    Filter: (keyword_id = 398)
                    Rows Removed by Filter: 4513386
              ->  Index Scan using title_pkey on title t  (cost=0.43..6.52 rows=1 width=4) (actual time=0.034..0.035 rows=1 loops=10544)
                    Index Cond: (id = mk.movie_id)
                    Filter: (production_year > 1981)
                    Rows Removed by Filter: 0
Planning time: 1.101 ms
Execution time: 10363.155 ms
