Hash Join  (cost=759787.50..2099589.94 rows=36349113 width=0) (actual time=20891.928..68941.974 rows=104829904 loops=1)
  Hash Cond: (ci.movie_id = t.id)
  ->  Seq Scan on cast_info ci  (cost=0.00..705507.15 rows=12726058 width=4) (actual time=1894.165..14624.624 rows=12670688 loops=1)
        Filter: (role_id = 1)
        Rows Removed by Filter: 23573656
  ->  Hash  (cost=641298.41..641298.41 rows=7222167 width=8) (actual time=18995.838..18995.838 rows=7946142 loops=1)
        Buckets: 131072  Batches: 128  Memory Usage: 3432kB
        ->  Hash Join  (cost=101489.21..641298.41 rows=7222167 width=8) (actual time=2181.652..16661.043 rows=7946142 loops=1)
              Hash Cond: (mi.movie_id = t.id)
              ->  Seq Scan on movie_info mi  (cost=0.00..346232.03 rows=8841901 width=4) (actual time=0.026..6603.555 rows=8950757 loops=1)
                    Filter: (info_type_id > 6)
                    Rows Removed by Filter: 5884963
              ->  Hash  (cost=67604.59..67604.59 rows=2065330 width=4) (actual time=2180.982..2180.982 rows=2064552 loops=1)
                    Buckets: 131072  Batches: 32  Memory Usage: 3298kB
                    ->  Seq Scan on title t  (cost=0.00..67604.59 rows=2065330 width=4) (actual time=0.011..1385.994 rows=2064552 loops=1)
                          Filter: (production_year < 2011)
                          Rows Removed by Filter: 463760
Planning time: 1.160 ms
Execution time: 80765.902 ms
