Seq Scan on movie_companies mc  (cost=0.00..57926.93 rows=53 width=0) (actual time=10.307..914.981 rows=338 loops=1)
  Filter: ((company_type_id > 1) AND (company_id = 70900))
  Rows Removed by Filter: 2608791
Planning time: 0.474 ms
Execution time: 915.132 ms
