Hash Join  (cost=709678.15..736591.36 rows=273 width=0) (actual time=10724.200..11292.608 rows=15 loops=1)
  Hash Cond: (mi_idx.movie_id = t.id)
  ->  Seq Scan on movie_info_idx mi_idx  (cost=0.00..21735.35 rows=1380035 width=4) (actual time=0.017..322.595 rows=1380035 loops=1)
  ->  Hash  (cost=709671.90..709671.90 rows=500 width=8) (actual time=10720.451..10720.451 rows=215 loops=1)
        Buckets: 1024  Batches: 1  Memory Usage: 17kB
        ->  Nested Loop  (cost=0.43..709671.90 rows=500 width=8) (actual time=9856.918..10720.336 rows=215 loops=1)
              ->  Seq Scan on cast_info ci  (cost=0.00..705507.15 rows=500 width=4) (actual time=9856.720..10715.990 rows=215 loops=1)
                    Filter: (person_id = 2293346)
                    Rows Removed by Filter: 36244129
              ->  Index Only Scan using title_pkey on title t  (cost=0.43..8.32 rows=1 width=4) (actual time=0.019..0.019 rows=1 loops=215)
                    Index Cond: (id = ci.movie_id)
                    Heap Fetches: 215
Planning time: 0.773 ms
Execution time: 11292.699 ms
