Hash Join  (cost=174403.47..1384379.47 rows=9567802 width=0) (actual time=4648.882..50708.636 rows=44849848 loops=1)
  Hash Cond: (ci.movie_id = t.id)
  ->  Seq Scan on cast_info ci  (cost=0.00..705507.15 rows=35122088 width=4) (actual time=0.304..17279.043 rows=35116156 loops=1)
        Filter: (person_id < 3842881)
        Rows Removed by Filter: 1128188
  ->  Hash  (cost=163102.35..163102.35 rows=688810 width=8) (actual time=4646.866..4646.866 rows=1307690 loops=1)
        Buckets: 131072 (originally 131072)  Batches: 32 (originally 16)  Memory Usage: 3073kB
        ->  Hash Join  (cost=78556.72..163102.35 rows=688810 width=8) (actual time=1629.304..4269.389 rows=1307690 loops=1)
              Hash Cond: (mc.movie_id = t.id)
              ->  Seq Scan on movie_companies mc  (cost=0.00..44881.29 rows=2609129 width=4) (actual time=0.015..924.293 rows=2609129 loops=1)
              ->  Hash  (cost=67604.59..67604.59 rows=667531 width=4) (actual time=1617.656..1617.656 rows=662825 loops=1)
                    Buckets: 131072  Batches: 16  Memory Usage: 2476kB
                    ->  Seq Scan on title t  (cost=0.00..67604.59 rows=667531 width=4) (actual time=0.012..1131.541 rows=662825 loops=1)
                          Filter: (kind_id = 1)
                          Rows Removed by Filter: 1865487
Planning time: 1.144 ms
Execution time: 55680.678 ms
