Seq Scan on title t  (cost=0.00..73925.90 rows=1118724 width=0) (actual time=0.014..1364.167 rows=1213086 loops=1)
  Filter: ((production_year > 1986) AND (kind_id = 7))
  Rows Removed by Filter: 1315226
Planning time: 0.399 ms
Execution time: 1518.191 ms
