Seq Scan on movie_keyword mk  (cost=0.00..81003.12 rows=246 width=0) (actual time=0.094..1365.983 rows=3924 loops=1)
  Filter: (keyword_id = 1741)
  Rows Removed by Filter: 4520006
Planning time: 0.258 ms
Execution time: 1367.137 ms
