Seq Scan on movie_keyword mk  (cost=0.00..81003.12 rows=2228696 width=0) (actual time=0.025..1483.333 rows=2223128 loops=1)
  Filter: (keyword_id < 4550)
  Rows Removed by Filter: 2300802
Planning time: 0.356 ms
Execution time: 1755.286 ms
