Nested Loop  (cost=0.43..83072.90 rows=6 width=0) (actual time=41.907..1160.695 rows=6 loops=1)
  ->  Seq Scan on movie_keyword mk  (cost=0.00..81003.12 rows=246 width=4) (actual time=0.577..1156.156 rows=145 loops=1)
        Filter: (keyword_id = 20589)
        Rows Removed by Filter: 4523785
  ->  Index Scan using title_pkey on title t  (cost=0.43..8.40 rows=1 width=4) (actual time=0.029..0.029 rows=0 loops=145)
        Index Cond: (id = mk.movie_id)
        Filter: ((kind_id < 7) AND (production_year < 1951))
        Rows Removed by Filter: 1
Planning time: 0.860 ms
Execution time: 1160.810 ms
