Hash Join  (cost=153105.72..913834.51 rows=993962 width=0) (actual time=2968.135..30051.911 rows=3414667 loops=1)
  Hash Cond: (ci.movie_id = t.id)
  ->  Seq Scan on cast_info ci  (cost=0.00..614943.12 rows=36225612 width=4) (actual time=0.020..9858.951 rows=36244344 loops=1)
  ->  Hash  (cost=152238.50..152238.50 rows=69378 width=8) (actual time=2967.369..2967.369 rows=145555 loops=1)
        Buckets: 131072 (originally 131072)  Batches: 2 (originally 1)  Memory Usage: 3869kB
        ->  Hash Join  (cost=87245.25..152238.50 rows=69378 width=8) (actual time=1727.356..2919.967 rows=145555 loops=1)
              Hash Cond: (mc.movie_id = t.id)
              ->  Seq Scan on movie_companies mc  (cost=0.00..57926.93 rows=146542 width=4) (actual time=0.023..849.814 rows=224384 loops=1)
                    Filter: ((company_id < 160) AND (company_type_id < 2))
                    Rows Removed by Filter: 2384745
              ->  Hash  (cost=67604.59..67604.59 rows=1197093 width=4) (actual time=1726.100..1726.100 rows=1195923 loops=1)
                    Buckets: 131072  Batches: 16  Memory Usage: 3653kB
                    ->  Seq Scan on title t  (cost=0.00..67604.59 rows=1197093 width=4) (actual time=0.021..1351.141 rows=1195923 loops=1)
                          Filter: (production_year < 2003)
                          Rows Removed by Filter: 1332389
Planning time: 8.115 ms
Execution time: 30485.044 ms
