Seq Scan on title t  (cost=0.00..73925.90 rows=1281253 width=0) (actual time=0.014..1308.273 rows=1397766 loops=1)
  Filter: ((kind_id > 3) AND (production_year > 1980))
  Rows Removed by Filter: 1130546
Planning time: 0.337 ms
Execution time: 1492.333 ms
