Hash Join  (cost=132235.95..186977.73 rows=7625 width=0) (actual time=1446.586..2734.922 rows=59536 loops=1)
  Hash Cond: (mc.movie_id = t.id)
  ->  Seq Scan on movie_companies mc  (cost=0.00..44881.29 rows=2609129 width=4) (actual time=0.020..697.478 rows=2609129 loops=1)
  ->  Hash  (cost=132143.59..132143.59 rows=7389 width=8) (actual time=1443.313..1443.313 rows=7704 loops=1)
        Buckets: 8192  Batches: 1  Memory Usage: 365kB
        ->  Nested Loop  (cost=0.43..132143.59 rows=7389 width=8) (actual time=0.299..1438.982 rows=7704 loops=1)
              ->  Seq Scan on movie_keyword mk  (cost=0.00..81003.12 rows=7389 width=4) (actual time=0.261..1244.927 rows=7704 loops=1)
                    Filter: (keyword_id = 797)
                    Rows Removed by Filter: 4516226
              ->  Index Only Scan using title_pkey on title t  (cost=0.43..6.91 rows=1 width=4) (actual time=0.024..0.024 rows=1 loops=7704)
                    Index Cond: (id = mk.movie_id)
                    Heap Fetches: 7704
Planning time: 1.216 ms
Execution time: 2743.031 ms
