Hash Join  (cost=184341.78..302647.09 rows=739486 width=0) (actual time=4544.403..11051.170 rows=15898096 loops=1)
  Hash Cond: (mk.movie_id = t.id)
  ->  Seq Scan on movie_keyword mk  (cost=0.00..81003.12 rows=2313419 width=4) (actual time=0.018..1623.350 rows=2311715 loops=1)
        Filter: (keyword_id > 4471)
        Rows Removed by Filter: 2212215
  ->  Hash  (cost=171080.72..171080.72 rows=808245 width=8) (actual time=4543.167..4543.167 rows=1483669 loops=1)
        Buckets: 131072 (originally 131072)  Batches: 32 (originally 16)  Memory Usage: 3073kB
        ->  Hash Join  (cost=83810.17..171080.72 rows=808245 width=8) (actual time=1404.499..4104.714 rows=1483669 loops=1)
              Hash Cond: (mc.movie_id = t.id)
              ->  Seq Scan on movie_companies mc  (cost=0.00..51404.11 rows=2069062 width=4) (actual time=0.025..1078.040 rows=2063941 loops=1)
                    Filter: (company_id < 72033)
                    Rows Removed by Filter: 545188
              ->  Hash  (cost=67604.59..67604.59 rows=987727 width=4) (actual time=1403.605..1403.605 rows=985048 loops=1)
                    Buckets: 131072  Batches: 16  Memory Usage: 3188kB
                    ->  Seq Scan on title t  (cost=0.00..67604.59 rows=987727 width=4) (actual time=0.011..1106.317 rows=985048 loops=1)
                          Filter: (kind_id < 7)
                          Rows Removed by Filter: 1543264
Planning time: 1.255 ms
Execution time: 12892.166 ms
