Hash Join  (cost=83073.21..109983.83 rows=13 width=0) (actual time=1303.807..1837.175 rows=141 loops=1)
  Hash Cond: (mi_idx.movie_id = t.id)
  ->  Seq Scan on movie_info_idx mi_idx  (cost=0.00..21735.35 rows=1380035 width=4) (actual time=0.015..318.928 rows=1380035 loops=1)
  ->  Hash  (cost=83072.90..83072.90 rows=25 width=8) (actual time=1273.245..1273.245 rows=51 loops=1)
        Buckets: 1024  Batches: 1  Memory Usage: 10kB
        ->  Nested Loop  (cost=0.43..83072.90 rows=25 width=8) (actual time=61.364..1273.181 rows=51 loops=1)
              ->  Seq Scan on movie_keyword mk  (cost=0.00..81003.12 rows=246 width=4) (actual time=29.020..1267.775 rows=62 loops=1)
                    Filter: (keyword_id = 71517)
                    Rows Removed by Filter: 4523868
              ->  Index Scan using title_pkey on title t  (cost=0.43..8.40 rows=1 width=4) (actual time=0.082..0.082 rows=1 loops=62)
                    Index Cond: (id = mk.movie_id)
                    Filter: ((kind_id < 7) AND (production_year < 1988))
                    Rows Removed by Filter: 0
Planning time: 1.288 ms
Execution time: 1837.346 ms
