Hash Join  (cost=83074.74..109986.57 rows=134 width=0) (actual time=1328.861..1879.637 rows=2974 loops=1)
  Hash Cond: (mi_idx.movie_id = t.id)
  ->  Seq Scan on movie_info_idx mi_idx  (cost=0.00..21735.35 rows=1380035 width=4) (actual time=0.021..285.773 rows=1380035 loops=1)
  ->  Hash  (cost=83071.67..83071.67 rows=246 width=8) (actual time=1327.390..1327.390 rows=1177 loops=1)
        Buckets: 2048 (originally 1024)  Batches: 1 (originally 1)  Memory Usage: 62kB
        ->  Nested Loop  (cost=0.43..83071.67 rows=246 width=8) (actual time=0.791..1326.458 rows=1177 loops=1)
              ->  Seq Scan on movie_keyword mk  (cost=0.00..81003.12 rows=246 width=4) (actual time=0.727..1278.285 rows=1177 loops=1)
                    Filter: (keyword_id = 1316)
                    Rows Removed by Filter: 4522753
              ->  Index Only Scan using title_pkey on title t  (cost=0.43..8.40 rows=1 width=4) (actual time=0.039..0.040 rows=1 loops=1177)
                    Index Cond: (id = mk.movie_id)
                    Heap Fetches: 1177
Planning time: 1.302 ms
Execution time: 1880.244 ms
