Hash Join  (cost=218419.51..686762.62 rows=3383083 width=0) (actual time=6966.607..19041.562 rows=12453217 loops=1)
  Hash Cond: (mi.movie_id = t.id)
  ->  Seq Scan on movie_info mi  (cost=0.00..346232.03 rows=7235534 width=4) (actual time=1538.575..6656.205 rows=7286865 loops=1)
        Filter: (info_type_id < 8)
        Rows Removed by Filter: 7548855
  ->  Hash  (cost=199022.37..199022.37 rows=1182251 width=8) (actual time=5426.862..5426.862 rows=1116836 loops=1)
        Buckets: 131072  Batches: 16  Memory Usage: 3804kB
        ->  Hash Join  (cost=102767.86..199022.37 rows=1182251 width=8) (actual time=2807.899..5104.776 rows=1116836 loops=1)
              Hash Cond: (mc.movie_id = t.id)
              ->  Seq Scan on movie_companies mc  (cost=0.00..57926.93 rows=1182251 width=4) (actual time=153.798..1208.327 rows=1116836 loops=1)
                    Filter: ((company_id > 52) AND (company_type_id = 1))
                    Rows Removed by Filter: 1492293
              ->  Hash  (cost=61283.27..61283.27 rows=2528527 width=4) (actual time=2652.669..2652.669 rows=2528312 loops=1)
                    Buckets: 131072  Batches: 64  Memory Usage: 2415kB
                    ->  Seq Scan on title t  (cost=0.00..61283.27 rows=2528527 width=4) (actual time=0.015..1203.853 rows=2528312 loops=1)
Planning time: 1.544 ms
Execution time: 20460.237 ms
