Hash Join  (cost=457500.56..1183538.33 rows=92562 width=0) (actual time=7930.517..20605.459 rows=708051 loops=1)
  Hash Cond: (ci.movie_id = t.id)
  ->  Seq Scan on cast_info ci  (cost=0.00..705507.15 rows=5227997 width=4) (actual time=0.022..11120.956 rows=5133922 loops=1)
        Filter: (person_id < 496147)
        Rows Removed by Filter: 31110422
  ->  Hash  (cost=456940.96..456940.96 rows=44768 width=8) (actual time=7930.071..7930.071 rows=47678 loops=1)
        Buckets: 65536  Batches: 1  Memory Usage: 2375kB
        ->  Hash Join  (cost=101489.21..456940.96 rows=44768 width=8) (actual time=4695.438..7913.569 rows=47678 loops=1)
              Hash Cond: (mi.movie_id = t.id)
              ->  Seq Scan on movie_info mi  (cost=0.00..346232.03 rows=54808 width=4) (actual time=2579.752..5424.611 rows=50267 loops=1)
                    Filter: (info_type_id > 107)
                    Rows Removed by Filter: 14785453
              ->  Hash  (cost=67604.59..67604.59 rows=2065330 width=4) (actual time=2085.973..2085.973 rows=2064552 loops=1)
                    Buckets: 131072  Batches: 32  Memory Usage: 3298kB
                    ->  Seq Scan on title t  (cost=0.00..67604.59 rows=2065330 width=4) (actual time=0.023..1407.109 rows=2064552 loops=1)
                          Filter: (production_year < 2011)
                          Rows Removed by Filter: 463760
Planning time: 1.217 ms
Execution time: 20691.670 ms
