Seq Scan on title t  (cost=0.00..67604.59 rows=2025519 width=0) (actual time=0.021..1259.284 rows=2018703 loops=1)
  Filter: (production_year > 1974)
  Rows Removed by Filter: 509609
Planning time: 0.296 ms
Execution time: 1512.874 ms
