Hash Join  (cost=122535.74..936477.28 rows=14347 width=0) (actual time=10636.853..18053.515 rows=51062 loops=1)
  Hash Cond: (ci.movie_id = t.id)
  ->  Seq Scan on cast_info ci  (cost=0.00..796071.18 rows=4727170 width=4) (actual time=8273.741..14028.246 rows=8172566 loops=1)
        Filter: ((person_id > 2243605) AND (role_id > 3))
        Rows Removed by Filter: 28071778
  ->  Hash  (cost=122439.81..122439.81 rows=7674 width=8) (actual time=2351.378..2351.378 rows=16394 loops=1)
        Buckets: 32768 (originally 8192)  Batches: 1 (originally 1)  Memory Usage: 897kB
        ->  Hash Join  (cost=67697.55..122439.81 rows=7674 width=8) (actual time=1137.738..2344.270 rows=16394 loops=1)
              Hash Cond: (mc.movie_id = t.id)
              ->  Seq Scan on movie_companies mc  (cost=0.00..44881.29 rows=2609129 width=4) (actual time=0.022..628.198 rows=2609129 loops=1)
              ->  Hash  (cost=67604.59..67604.59 rows=7437 width=4) (actual time=1137.470..1137.470 rows=11153 loops=1)
                    Buckets: 16384 (originally 8192)  Batches: 1 (originally 1)  Memory Usage: 521kB
                    ->  Seq Scan on title t  (cost=0.00..67604.59 rows=7437 width=4) (actual time=0.204..1131.819 rows=11153 loops=1)
                          Filter: (production_year = 1963)
                          Rows Removed by Filter: 2517159
Planning time: 1.476 ms
Execution time: 18061.348 ms
