Seq Scan on title t  (cost=0.00..73925.90 rows=420845 width=0) (actual time=0.053..1246.599 rows=517968 loops=1)
  Filter: ((kind_id < 7) AND (production_year < 2001))
  Rows Removed by Filter: 2010344
Planning time: 0.343 ms
Execution time: 1314.807 ms
