Hash Join  (cost=88458.98..176109.52 rows=914002 width=0) (actual time=1613.984..3879.641 rows=606005 loops=1)
  Hash Cond: (mc.movie_id = t.id)
  ->  Seq Scan on movie_companies mc  (cost=0.00..44881.29 rows=2609129 width=4) (actual time=0.011..871.484 rows=2609129 loops=1)
  ->  Hash  (cost=73925.90..73925.90 rows=885766 width=4) (actual time=1613.176..1613.176 rows=802336 loops=1)
        Buckets: 131072  Batches: 16  Memory Usage: 2788kB
        ->  Seq Scan on title t  (cost=0.00..73925.90 rows=885766 width=4) (actual time=0.011..1353.966 rows=802336 loops=1)
              Filter: ((kind_id > 2) AND (production_year < 2004))
              Rows Removed by Filter: 1725976
Planning time: 0.765 ms
Execution time: 3939.578 ms
