Seq Scan on cast_info ci  (cost=0.00..796071.18 rows=8041292 width=0) (actual time=0.017..16457.835 rows=8227109 loops=1)
  Filter: ((person_id > 213418) AND (role_id > 5))
  Rows Removed by Filter: 28017235
Planning time: 0.366 ms
Execution time: 17485.046 ms
