Seq Scan on movie_keyword mk  (cost=0.00..81003.12 rows=246 width=0) (actual time=58.796..1260.941 rows=23 loops=1)
  Filter: (keyword_id = 42638)
  Rows Removed by Filter: 4523907
Planning time: 0.395 ms
Execution time: 1261.056 ms
