Hash Join  (cost=139785.92..892074.95 rows=149987 width=0) (actual time=2313.626..18163.776 rows=140727 loops=1)
  Hash Cond: (ci.movie_id = t.id)
  ->  Seq Scan on cast_info ci  (cost=0.00..614943.12 rows=36225612 width=4) (actual time=0.015..8560.123 rows=36244344 loops=1)
  ->  Hash  (cost=139655.06..139655.06 rows=10469 width=8) (actual time=2313.404..2313.404 rows=2568 loops=1)
        Buckets: 16384  Batches: 1  Memory Usage: 229kB
        ->  Hash Join  (cost=78556.72..139655.06 rows=10469 width=8) (actual time=1775.175..2312.173 rows=2568 loops=1)
              Hash Cond: (mc.movie_id = t.id)
              ->  Seq Scan on movie_companies mc  (cost=0.00..57926.93 rows=39655 width=4) (actual time=234.900..823.727 rows=66520 loops=1)
                    Filter: ((company_id < 19) AND (company_type_id < 2))
                    Rows Removed by Filter: 2542609
              ->  Hash  (cost=67604.59..67604.59 rows=667531 width=4) (actual time=1359.017..1359.017 rows=662825 loops=1)
                    Buckets: 131072  Batches: 16  Memory Usage: 2476kB
                    ->  Seq Scan on title t  (cost=0.00..67604.59 rows=667531 width=4) (actual time=0.023..1142.298 rows=662825 loops=1)
                          Filter: (kind_id < 2)
                          Rows Removed by Filter: 1865487
Planning time: 1.272 ms
Execution time: 18189.260 ms
