Hash Join  (cost=190230.21..1241585.69 rows=10917270 width=0) (actual time=4264.766..34374.569 rows=21921430 loops=1)
  Hash Cond: (ci.movie_id = t.id)
  ->  Seq Scan on cast_info ci  (cost=0.00..705507.15 rows=20002835 width=4) (actual time=261.694..14274.909 rows=20146377 loops=1)
        Filter: (person_id > 1594320)
        Rows Removed by Filter: 16097967
  ->  Hash  (cost=167588.78..167588.78 rows=1380035 width=8) (actual time=4002.030..4002.030 rows=1380035 loops=1)
        Buckets: 131072  Batches: 32  Memory Usage: 2708kB
        ->  Hash Join  (cost=102767.86..167588.78 rows=1380035 width=8) (actual time=1670.509..3585.219 rows=1380035 loops=1)
              Hash Cond: (mi_idx.movie_id = t.id)
              ->  Seq Scan on movie_info_idx mi_idx  (cost=0.00..21735.35 rows=1380035 width=4) (actual time=0.024..375.670 rows=1380035 loops=1)
              ->  Hash  (cost=61283.27..61283.27 rows=2528527 width=4) (actual time=1669.120..1669.120 rows=2528312 loops=1)
                    Buckets: 131072  Batches: 64  Memory Usage: 2415kB
                    ->  Seq Scan on title t  (cost=0.00..61283.27 rows=2528527 width=4) (actual time=0.016..861.045 rows=2528312 loops=1)
Planning time: 0.830 ms
Execution time: 36894.353 ms
