Seq Scan on movie_companies mc  (cost=0.00..51404.11 rows=456023 width=0) (actual time=0.032..608.337 rows=450916 loops=1)
  Filter: (company_id < 374)
  Rows Removed by Filter: 2158213
Planning time: 0.363 ms
Execution time: 660.096 ms
