Seq Scan on movie_companies mc  (cost=0.00..57926.93 rows=911865 width=0) (actual time=0.037..1033.907 rows=1100580 loops=1)
  Filter: ((company_id > 1877) AND (company_type_id > 1))
  Rows Removed by Filter: 1508549
Planning time: 0.389 ms
Execution time: 1174.913 ms
