Hash Join  (cost=83189.08..1041556.96 rows=2591114 width=0) (actual time=1404.669..18563.534 rows=904920 loops=1)
  Hash Cond: (ci.movie_id = t.id)
  ->  Seq Scan on cast_info ci  (cost=0.00..796071.18 rows=11604684 width=4) (actual time=0.037..14464.463 rows=5069879 loops=1)
        Filter: ((person_id < 1756907) AND (role_id > 1))
        Rows Removed by Filter: 31174465
  ->  Hash  (cost=73925.90..73925.90 rows=564574 width=4) (actual time=1403.339..1403.339 rows=454234 loops=1)
        Buckets: 131072  Batches: 8  Memory Usage: 3004kB
        ->  Seq Scan on title t  (cost=0.00..73925.90 rows=564574 width=4) (actual time=0.008..1259.069 rows=454234 loops=1)
              Filter: ((production_year < 1998) AND (kind_id = 7))
              Rows Removed by Filter: 2074078
Planning time: 0.825 ms
Execution time: 18676.043 ms
