Seq Scan on movie_keyword mk  (cost=0.00..81003.12 rows=246 width=0) (actual time=17.434..1298.654 rows=87 loops=1)
  Filter: (keyword_id = 21682)
  Rows Removed by Filter: 4523843
Planning time: 0.405 ms
Execution time: 1298.804 ms
