Seq Scan on movie_keyword mk  (cost=0.00..81003.12 rows=1549328 width=0) (actual time=0.019..1443.058 rows=1563108 loops=1)
  Filter: (keyword_id > 10038)
  Rows Removed by Filter: 2960822
Planning time: 0.324 ms
Execution time: 1645.083 ms
