Hash Join  (cost=798789.04..853454.58 rows=1 width=0) (actual time=14323.954..15222.405 rows=14 loops=1)
  Hash Cond: (mc.movie_id = t.id)
  ->  Seq Scan on movie_companies mc  (cost=0.00..44881.29 rows=2609129 width=4) (actual time=0.020..677.607 rows=2609129 loops=1)
  ->  Hash  (cost=798789.03..798789.03 rows=1 width=8) (actual time=14089.540..14089.540 rows=6 loops=1)
        Buckets: 1024  Batches: 1  Memory Usage: 9kB
        ->  Nested Loop  (cost=0.43..798789.03 rows=1 width=8) (actual time=5189.570..14089.482 rows=6 loops=1)
              ->  Seq Scan on cast_info ci  (cost=0.00..796071.18 rows=324 width=4) (actual time=5188.446..14086.855 rows=118 loops=1)
                    Filter: ((role_id > 1) AND (person_id = 3547544))
                    Rows Removed by Filter: 36244226
              ->  Index Scan using title_pkey on title t  (cost=0.43..8.38 rows=1 width=4) (actual time=0.021..0.021 rows=0 loops=118)
                    Index Cond: (id = ci.movie_id)
                    Filter: ((kind_id = 7) AND (production_year = 1987))
                    Rows Removed by Filter: 1
Planning time: 1.255 ms
Execution time: 15222.563 ms
