Hash Join  (cost=365418.15..1553320.02 rows=19429520 width=0) (actual time=8865.292..50028.885 rows=55050243 loops=1)
  Hash Cond: (ci.movie_id = t.id)
  ->  Seq Scan on cast_info ci  (cost=0.00..796071.18 rows=10859599 width=4) (actual time=381.079..16572.672 rows=8896828 loops=1)
        Filter: ((person_id > 504905) AND (role_id = 1))
        Rows Removed by Filter: 27347516
  ->  Hash  (cost=291197.02..291197.02 rows=4523930 width=8) (actual time=8482.738..8482.738 rows=4523930 loops=1)
        Buckets: 131072  Batches: 64  Memory Usage: 3816kB
        ->  Hash Join  (cost=102767.86..291197.02 rows=4523930 width=8) (actual time=1985.764..7180.043 rows=4523930 loops=1)
              Hash Cond: (mk.movie_id = t.id)
              ->  Seq Scan on movie_keyword mk  (cost=0.00..69693.30 rows=4523930 width=4) (actual time=0.027..1503.413 rows=4523930 loops=1)
              ->  Hash  (cost=61283.27..61283.27 rows=2528527 width=4) (actual time=1984.337..1984.337 rows=2528312 loops=1)
                    Buckets: 131072  Batches: 64  Memory Usage: 2425kB
                    ->  Seq Scan on title t  (cost=0.00..61283.27 rows=2528527 width=4) (actual time=0.015..1120.336 rows=2528312 loops=1)
Planning time: 8.022 ms
Execution time: 56146.857 ms
