Hash Join  (cost=74469.67..907388.97 rows=161635 width=0) (actual time=975.107..15331.350 rows=84921 loops=1)
  Hash Cond: (ci.movie_id = t.id)
  ->  Seq Scan on cast_info ci  (cost=0.00..796071.18 rows=9395139 width=4) (actual time=0.022..13250.356 rows=4005195 loops=1)
        Filter: ((person_id < 1419104) AND (role_id > 1))
        Rows Removed by Filter: 32239149
  ->  Hash  (cost=73925.90..73925.90 rows=43501 width=4) (actual time=974.633..974.633 rows=39560 loops=1)
        Buckets: 65536  Batches: 1  Memory Usage: 1903kB
        ->  Seq Scan on title t  (cost=0.00..73925.90 rows=43501 width=4) (actual time=190.984..959.395 rows=39560 loops=1)
              Filter: ((kind_id = 1) AND (production_year = 2012))
              Rows Removed by Filter: 2488752
Planning time: 0.567 ms
Execution time: 15345.412 ms
