Seq Scan on movie_keyword mk  (cost=0.00..81003.12 rows=66133 width=0) (actual time=0.041..1225.941 rows=64081 loops=1)
  Filter: (keyword_id > 93486)
  Rows Removed by Filter: 4459849
Planning time: 0.489 ms
Execution time: 1236.131 ms
