Hash Join  (cost=58375.85..145034.83 rows=95 width=0) (actual time=823.410..2334.805 rows=190 loops=1)
  Hash Cond: (mk.movie_id = t.id)
  ->  Seq Scan on movie_keyword mk  (cost=0.00..69693.30 rows=4523930 width=4) (actual time=0.026..880.358 rows=4523930 loops=1)
  ->  Hash  (cost=58375.18..58375.18 rows=53 width=8) (actual time=810.576..810.576 rows=18 loops=1)
        Buckets: 1024  Batches: 1  Memory Usage: 9kB
        ->  Nested Loop  (cost=0.43..58375.18 rows=53 width=8) (actual time=221.323..810.545 rows=18 loops=1)
              ->  Seq Scan on movie_companies mc  (cost=0.00..57926.93 rows=53 width=4) (actual time=221.211..809.577 rows=18 loops=1)
                    Filter: ((company_id = 607) AND (company_type_id = 2))
                    Rows Removed by Filter: 2609111
              ->  Index Only Scan using title_pkey on title t  (cost=0.43..8.45 rows=1 width=4) (actual time=0.046..0.047 rows=1 loops=18)
                    Index Cond: (id = mc.movie_id)
                    Heap Fetches: 18
Planning time: 1.175 ms
Execution time: 2334.982 ms
