Seq Scan on movie_companies mc  (cost=0.00..57926.93 rows=415287 width=0) (actual time=0.014..934.387 rows=596225 loops=1)
  Filter: ((company_id < 2231) AND (company_type_id = 1))
  Rows Removed by Filter: 2012904
Planning time: 0.413 ms
Execution time: 1010.078 ms
