Hash Join  (cost=87428.23..122557.71 rows=147808 width=0) (actual time=1466.966..2314.833 rows=83907 loops=1)
  Hash Cond: (mi_idx.movie_id = t.id)
  ->  Seq Scan on movie_info_idx mi_idx  (cost=0.00..25185.44 rows=454124 width=4) (actual time=0.016..489.890 rows=459925 loops=1)
        Filter: (info_type_id = 100)
        Rows Removed by Filter: 920110
  ->  Hash  (cost=73925.90..73925.90 rows=822986 width=4) (actual time=1465.933..1465.933 rows=738761 loops=1)
        Buckets: 131072  Batches: 16  Memory Usage: 2648kB
        ->  Seq Scan on title t  (cost=0.00..73925.90 rows=822986 width=4) (actual time=0.020..1225.540 rows=738761 loops=1)
              Filter: ((production_year < 2005) AND (kind_id = 7))
              Rows Removed by Filter: 1789551
Planning time: 0.782 ms
Execution time: 2324.996 ms
