Seq Scan on movie_keyword mk  (cost=0.00..81003.12 rows=4281870 width=0) (actual time=0.021..1524.995 rows=4262997 loops=1)
  Filter: (keyword_id > 228)
  Rows Removed by Filter: 260933
Planning time: 0.342 ms
Execution time: 2054.741 ms
