Hash Join  (cost=96190.11..187164.52 rows=37344 width=0) (actual time=1832.214..3717.169 rows=194063 loops=1)
  Hash Cond: (mk.movie_id = t.id)
  ->  Seq Scan on movie_keyword mk  (cost=0.00..81003.12 rows=2559424 width=4) (actual time=0.016..1419.521 rows=2549988 loops=1)
        Filter: (keyword_id < 6426)
        Rows Removed by Filter: 1973942
  ->  Hash  (cost=95728.95..95728.95 rows=36893 width=8) (actual time=1830.322..1830.322 rows=45309 loops=1)
        Buckets: 65536  Batches: 1  Memory Usage: 2282kB
        ->  Hash Join  (cost=68449.54..95728.95 rows=36893 width=8) (actual time=1138.985..1815.253 rows=45309 loops=1)
              Hash Cond: (mi_idx.movie_id = t.id)
              ->  Seq Scan on movie_info_idx mi_idx  (cost=0.00..21735.35 rows=1380035 width=4) (actual time=0.013..338.315 rows=1380035 loops=1)
              ->  Hash  (cost=67604.59..67604.59 rows=67596 width=4) (actual time=1138.286..1138.286 rows=67777 loops=1)
                    Buckets: 131072  Batches: 1  Memory Usage: 3407kB
                    ->  Seq Scan on title t  (cost=0.00..67604.59 rows=67596 width=4) (actual time=0.026..1110.470 rows=67777 loops=1)
                          Filter: (production_year = 2003)
                          Rows Removed by Filter: 2460535
Planning time: 0.916 ms
Execution time: 3741.729 ms
