Hash Join  (cost=83810.17..151708.35 rows=319037 width=0) (actual time=1391.751..3120.183 rows=633585 loops=1)
  Hash Cond: (mc.movie_id = t.id)
  ->  Seq Scan on movie_companies mc  (cost=0.00..51404.11 rows=816717 width=4) (actual time=0.017..909.190 rows=825433 loops=1)
        Filter: (company_id > 27905)
        Rows Removed by Filter: 1783696
  ->  Hash  (cost=67604.59..67604.59 rows=987727 width=4) (actual time=1390.942..1390.942 rows=985048 loops=1)
        Buckets: 131072  Batches: 16  Memory Usage: 3188kB
        ->  Seq Scan on title t  (cost=0.00..67604.59 rows=987727 width=4) (actual time=0.011..1086.735 rows=985048 loops=1)
              Filter: (kind_id < 7)
              Rows Removed by Filter: 1543264
Planning time: 0.774 ms
Execution time: 3197.942 ms
