Hash Join  (cost=76352.87..460435.49 rows=179487 width=0) (actual time=4155.327..8375.073 rows=47770 loops=1)
  Hash Cond: (mi.movie_id = t.id)
  ->  Seq Scan on movie_info mi  (cost=0.00..346232.03 rows=3068194 width=4) (actual time=2528.451..5376.795 rows=3036719 loops=1)
        Filter: (info_type_id = 16)
        Rows Removed by Filter: 11799001
  ->  Hash  (cost=73925.90..73925.90 rows=147917 width=4) (actual time=1624.576..1624.576 rows=46427 loops=1)
        Buckets: 131072  Batches: 2  Memory Usage: 1845kB
        ->  Seq Scan on title t  (cost=0.00..73925.90 rows=147917 width=4) (actual time=90.462..1080.149 rows=46427 loops=1)
              Filter: ((production_year < 1960) AND (kind_id = 7))
              Rows Removed by Filter: 2481885
Planning time: 0.808 ms
Execution time: 8381.124 ms
