Hash Join  (cost=87539.85..227629.52 rows=1484563 width=0) (actual time=1767.855..5960.187 rows=3037236 loops=1)
  Hash Cond: (mk.movie_id = t.id)
  ->  Seq Scan on movie_keyword mk  (cost=0.00..69693.30 rows=4523930 width=4) (actual time=0.022..1346.149 rows=4523930 loops=1)
  ->  Hash  (cost=73925.90..73925.90 rows=829756 width=4) (actual time=1766.698..1766.698 rows=744086 loops=1)
        Buckets: 131072  Batches: 16  Memory Usage: 2671kB
        ->  Seq Scan on title t  (cost=0.00..73925.90 rows=829756 width=4) (actual time=0.012..1249.960 rows=744086 loops=1)
              Filter: ((kind_id < 7) AND (production_year > 1967))
              Rows Removed by Filter: 1784226
Planning time: 0.762 ms
Execution time: 6317.008 ms
