Hash Join  (cost=137642.57..268560.44 rows=731783 width=0) (actual time=3008.912..7153.244 rows=841941 loops=1)
  Hash Cond: (mk.movie_id = t.id)
  ->  Seq Scan on movie_keyword mk  (cost=0.00..69693.30 rows=4523930 width=4) (actual time=0.022..1470.304 rows=4523930 loops=1)
  ->  Hash  (cost=130931.95..130931.95 rows=409010 width=8) (actual time=3007.223..3007.223 rows=254001 loops=1)
        Buckets: 131072  Batches: 8  Memory Usage: 2284kB
        ->  Hash Join  (cost=86221.37..130931.95 rows=409010 width=8) (actual time=1651.422..2927.783 rows=254001 loops=1)
              Hash Cond: (mi_idx.movie_id = t.id)
              ->  Seq Scan on movie_info_idx mi_idx  (cost=0.00..21735.35 rows=1380035 width=4) (actual time=0.025..481.932 rows=1380035 loops=1)
              ->  Hash  (cost=73925.90..73925.90 rows=749397 width=4) (actual time=1649.480..1649.480 rows=638661 loops=1)
                    Buckets: 131072  Batches: 16  Memory Usage: 2427kB
                    ->  Seq Scan on title t  (cost=0.00..73925.90 rows=749397 width=4) (actual time=0.026..1439.454 rows=638661 loops=1)
                          Filter: ((kind_id > 3) AND (production_year < 2002))
                          Rows Removed by Filter: 1889651
Planning time: 1.202 ms
Execution time: 7263.247 ms
