Seq Scan on cast_info ci  (cost=0.00..705507.15 rows=500 width=0) (actual time=451.040..11043.010 rows=256 loops=1)
  Filter: (person_id = 2604595)
  Rows Removed by Filter: 36244088
Planning time: 6.549 ms
Execution time: 11043.156 ms
