Hash Join  (cost=128600.92..483065.14 rows=238 width=0) (actual time=3738.790..7396.463 rows=3059 loops=1)
  Hash Cond: (mi.movie_id = t.id)
  ->  Seq Scan on movie_info mi  (cost=0.00..346232.03 rows=2194617 width=4) (actual time=0.018..5322.744 rows=2233850 loops=1)
        Filter: (info_type_id > 16)
        Rows Removed by Filter: 12601870
  ->  Hash  (cost=128597.49..128597.49 rows=274 width=8) (actual time=1735.917..1735.917 rows=1274 loops=1)
        Buckets: 2048 (originally 1024)  Batches: 1 (originally 1)  Memory Usage: 66kB
        ->  Hash Join  (cost=73929.23..128597.49 rows=274 width=8) (actual time=1062.603..1735.213 rows=1274 loops=1)
              Hash Cond: (mc.movie_id = t.id)
              ->  Seq Scan on movie_companies mc  (cost=0.00..44881.29 rows=2609129 width=4) (actual time=0.011..572.729 rows=2609129 loops=1)
              ->  Hash  (cost=73925.90..73925.90 rows=266 width=4) (actual time=714.889..714.889 rows=683 loops=1)
                    Buckets: 1024  Batches: 1  Memory Usage: 33kB
                    ->  Seq Scan on title t  (cost=0.00..73925.90 rows=266 width=4) (actual time=0.098..714.471 rows=683 loops=1)
                          Filter: ((kind_id = 2) AND (production_year = 1977))
                          Rows Removed by Filter: 2527629
Planning time: 2.083 ms
Execution time: 7397.049 ms
