Nested Loop  (cost=0.43..709673.15 rows=305 width=0) (actual time=1809.809..10280.886 rows=57 loops=1)
  ->  Seq Scan on cast_info ci  (cost=0.00..705507.15 rows=500 width=4) (actual time=1809.584..10279.349 rows=67 loops=1)
        Filter: (person_id = 561339)
        Rows Removed by Filter: 36244277
  ->  Index Scan using title_pkey on title t  (cost=0.43..8.32 rows=1 width=4) (actual time=0.019..0.019 rows=1 loops=67)
        Index Cond: (id = ci.movie_id)
        Filter: (kind_id = 7)
        Rows Removed by Filter: 0
Planning time: 0.574 ms
Execution time: 10281.053 ms
