Hash Join  (cost=162229.55..528693.68 rows=180817 width=0) (actual time=2750.524..10301.421 rows=37164 loops=1)
  Hash Cond: (mi.movie_id = t.id)
  ->  Seq Scan on movie_info mi  (cost=0.00..309384.22 rows=14739122 width=4) (actual time=0.009..4471.181 rows=14835720 loops=1)
  ->  Hash  (cost=161841.80..161841.80 rows=31020 width=8) (actual time=2749.244..2749.244 rows=4914 loops=1)
        Buckets: 32768  Batches: 1  Memory Usage: 448kB
        ->  Hash Join  (cost=74539.83..161841.80 rows=31020 width=8) (actual time=1104.350..2747.010 rows=4914 loops=1)
              Hash Cond: (mk.movie_id = t.id)
              ->  Seq Scan on movie_keyword mk  (cost=0.00..81003.12 rows=1596972 width=4) (actual time=0.019..1344.751 rows=1606189 loops=1)
                    Filter: (keyword_id < 2488)
                    Rows Removed by Filter: 2917741
              ->  Hash  (cost=73925.90..73925.90 rows=49114 width=4) (actual time=1102.152..1102.152 rows=45321 loops=1)
                    Buckets: 65536  Batches: 1  Memory Usage: 2106kB
                    ->  Seq Scan on title t  (cost=0.00..73925.90 rows=49114 width=4) (actual time=0.020..1083.020 rows=45321 loops=1)
                          Filter: ((kind_id > 1) AND (production_year > 2012))
                          Rows Removed by Filter: 2482991
Planning time: 0.804 ms
Execution time: 10307.948 ms
