Hash Join  (cost=161070.09..931805.58 rows=447347 width=0) (actual time=4431.989..20879.536 rows=518354 loops=1)
  Hash Cond: (ci.movie_id = t.id)
  ->  Seq Scan on cast_info ci  (cost=0.00..705507.15 rows=16201301 width=4) (actual time=1485.103..14345.461 rows=16121683 loops=1)
        Filter: (role_id > 2)
        Rows Removed by Filter: 20122661
  ->  Hash  (cost=160197.38..160197.38 rows=69817 width=8) (actual time=2945.941..2945.941 rows=22594 loops=1)
        Buckets: 131072  Batches: 1  Memory Usage: 1907kB
        ->  Hash Join  (cost=68426.36..160197.38 rows=69817 width=8) (actual time=1065.452..2937.092 rows=22594 loops=1)
              Hash Cond: (mk.movie_id = t.id)
              ->  Seq Scan on movie_keyword mk  (cost=0.00..81003.12 rows=2685259 width=4) (actual time=0.043..1447.680 rows=2675696 loops=1)
                    Filter: (keyword_id > 3069)
                    Rows Removed by Filter: 1848234
              ->  Hash  (cost=67604.59..67604.59 rows=65742 width=4) (actual time=1061.196..1061.196 rows=63827 loops=1)
                    Buckets: 131072  Batches: 1  Memory Usage: 3268kB
                    ->  Seq Scan on title t  (cost=0.00..67604.59 rows=65742 width=4) (actual time=0.034..1035.141 rows=63827 loops=1)
                          Filter: (production_year = 2013)
                          Rows Removed by Filter: 2464485
Planning time: 1.074 ms
Execution time: 20947.826 ms
