Seq Scan on movie_keyword mk  (cost=0.00..81003.12 rows=2999428 width=0) (actual time=0.024..1448.834 rows=2986860 loops=1)
  Filter: (keyword_id > 2242)
  Rows Removed by Filter: 1537070
Planning time: 0.352 ms
Execution time: 1820.486 ms
