Seq Scan on cast_info ci  (cost=0.00..705507.15 rows=19038644 width=0) (actual time=0.028..12614.866 rows=18939135 loops=1)
  Filter: (person_id < 1887996)
  Rows Removed by Filter: 17305209
Planning time: 0.325 ms
Execution time: 14992.469 ms
