Hash Join  (cost=94657.25..181339.74 rows=2446 width=0) (actual time=1663.346..3533.210 rows=42492 loops=1)
  Hash Cond: (mk.movie_id = t.id)
  ->  Seq Scan on movie_keyword mk  (cost=0.00..69693.30 rows=4523930 width=4) (actual time=0.013..1019.373 rows=4523930 loops=1)
  ->  Hash  (cost=94640.16..94640.16 rows=1367 width=8) (actual time=1662.906..1662.906 rows=5655 loops=1)
        Buckets: 8192 (originally 2048)  Batches: 1 (originally 1)  Memory Usage: 285kB
        ->  Hash Join  (cost=67697.55..94640.16 rows=1367 width=8) (actual time=1107.713..1660.198 rows=5655 loops=1)
              Hash Cond: (mi_idx.movie_id = t.id)
              ->  Seq Scan on movie_info_idx mi_idx  (cost=0.00..25185.44 rows=464934 width=4) (actual time=0.014..428.433 rows=460185 loops=1)
                    Filter: (info_type_id > 100)
                    Rows Removed by Filter: 919850
              ->  Hash  (cost=67604.59..67604.59 rows=7437 width=4) (actual time=1107.611..1107.611 rows=23040 loops=1)
                    Buckets: 32768 (originally 8192)  Batches: 1 (originally 1)  Memory Usage: 1066kB
                    ->  Seq Scan on title t  (cost=0.00..67604.59 rows=7437 width=4) (actual time=0.045..1096.904 rows=23040 loops=1)
                          Filter: (production_year = 1990)
                          Rows Removed by Filter: 2505272
Planning time: 1.161 ms
Execution time: 3539.422 ms
