Seq Scan on cast_info ci  (cost=0.00..705507.15 rows=500 width=0) (actual time=2077.436..10175.078 rows=513 loops=1)
  Filter: (person_id = 2960031)
  Rows Removed by Filter: 36243831
Planning time: 0.426 ms
Execution time: 10175.231 ms
