Hash Join  (cost=216733.87..1358105.35 rows=10471225 width=0) (actual time=4616.981..42444.064 rows=31473523 loops=1)
  Hash Cond: (ci.movie_id = t.id)
  ->  Seq Scan on cast_info ci  (cost=0.00..614943.12 rows=36225612 width=4) (actual time=0.026..13351.277 rows=36244344 loops=1)
  ->  Hash  (cost=204741.79..204741.79 rows=730886 width=8) (actual time=4615.874..4615.874 rows=640092 loops=1)
        Buckets: 131072  Batches: 16  Memory Usage: 2603kB
        ->  Hash Join  (cost=95982.60..204741.79 rows=730886 width=8) (actual time=2034.978..4444.254 rows=640092 loops=1)
              Hash Cond: (mk.movie_id = t.id)
              ->  Seq Scan on movie_keyword mk  (cost=0.00..81003.12 rows=1068442 width=4) (actual time=0.029..1467.988 rows=1076319 loops=1)
                    Filter: (keyword_id < 1082)
                    Rows Removed by Filter: 3447611
              ->  Hash  (cost=67604.59..67604.59 rows=1729681 width=4) (actual time=2033.712..2033.712 rows=1725233 loops=1)
                    Buckets: 131072  Batches: 32  Memory Usage: 2931kB
                    ->  Seq Scan on title t  (cost=0.00..67604.59 rows=1729681 width=4) (actual time=0.020..1438.723 rows=1725233 loops=1)
                          Filter: (production_year > 1991)
                          Rows Removed by Filter: 803079
Planning time: 1.249 ms
Execution time: 46023.559 ms
