Seq Scan on movie_keyword mk  (cost=0.00..81003.12 rows=3061292 width=0) (actual time=0.024..1402.451 rows=3042354 loops=1)
  Filter: (keyword_id > 2114)
  Rows Removed by Filter: 1481576
Planning time: 0.333 ms
Execution time: 1780.272 ms
