Hash Join  (cost=132225.24..246177.26 rows=79750 width=156) (actual time=2734.851..5258.559 rows=108242 loops=1)
  Hash Cond: (mk.movie_id = t.id)
  ->  Seq Scan on movie_keyword mk  (cost=0.00..81003.12 rows=2242240 width=12) (actual time=0.026..1676.040 rows=2240815 loops=1)
        Filter: (keyword_id > 4841)
        Rows Removed by Filter: 2283115
  ->  Hash  (cost=129256.09..129256.09 rows=89932 width=144) (actual time=2733.028..2733.028 rows=54660 loops=1)
        Buckets: 32768  Batches: 8  Memory Usage: 1197kB
        ->  Hash Join  (cost=72078.29..129256.09 rows=89932 width=144) (actual time=1583.476..2696.306 rows=54660 loops=1)
              Hash Cond: (mi_idx.movie_id = t.id)
              ->  Seq Scan on movie_info_idx mi_idx  (cost=0.00..21735.35 rows=1380035 width=50) (actual time=0.027..454.576 rows=1380035 loops=1)
              ->  Hash  (cost=67604.59..67604.59 rows=164776 width=94) (actual time=1582.874..1582.874 rows=164307 loops=1)
                    Buckets: 32768  Batches: 8  Memory Usage: 2588kB
                    ->  Seq Scan on title t  (cost=0.00..67604.59 rows=164776 width=94) (actual time=0.024..1504.471 rows=164307 loops=1)
                          Filter: (production_year = 2012)
                          Rows Removed by Filter: 2364005
Planning time: 1.579 ms
Execution time: 5264.687 ms
