Hash Join  (cost=75411.94..151749.97 rows=93450 width=0) (actual time=1233.535..2864.418 rows=109272 loops=1)
  Hash Cond: (mc.movie_id = t.id)
  ->  Seq Scan on movie_companies mc  (cost=0.00..44881.29 rows=2609129 width=4) (actual time=0.015..739.327 rows=2609129 loops=1)
  ->  Hash  (cost=73925.90..73925.90 rows=90563 width=4) (actual time=1232.750..1232.750 rows=80990 loops=1)
        Buckets: 131072  Batches: 2  Memory Usage: 2450kB
        ->  Seq Scan on title t  (cost=0.00..73925.90 rows=90563 width=4) (actual time=0.015..1202.681 rows=80990 loops=1)
              Filter: ((kind_id < 7) AND (production_year > 2011))
              Rows Removed by Filter: 2447322
Planning time: 0.765 ms
Execution time: 2878.207 ms
