Seq Scan on movie_companies mc  (cost=0.00..57926.93 rows=1231720 width=0) (actual time=0.027..1066.104 rows=1295760 loops=1)
  Filter: ((company_id > 49) AND (company_type_id > 1))
  Rows Removed by Filter: 1313369
Planning time: 0.400 ms
Execution time: 1227.378 ms
