Hash Join  (cost=83073.96..833875.31 rows=1224 width=0) (actual time=1269.981..17109.019 rows=2906 loops=1)
  Hash Cond: (ci.movie_id = t.id)
  ->  Seq Scan on cast_info ci  (cost=0.00..614943.12 rows=36225612 width=4) (actual time=0.022..8958.905 rows=36244344 loops=1)
  ->  Hash  (cost=83072.90..83072.90 rows=85 width=8) (actual time=1263.095..1263.095 rows=192 loops=1)
        Buckets: 1024  Batches: 1  Memory Usage: 16kB
        ->  Nested Loop  (cost=0.43..83072.90 rows=85 width=8) (actual time=4.109..1262.870 rows=192 loops=1)
              ->  Seq Scan on movie_keyword mk  (cost=0.00..81003.12 rows=246 width=4) (actual time=3.079..1246.347 rows=298 loops=1)
                    Filter: (keyword_id = 36605)
                    Rows Removed by Filter: 4523632
              ->  Index Scan using title_pkey on title t  (cost=0.43..8.40 rows=1 width=4) (actual time=0.053..0.053 rows=1 loops=298)
                    Index Cond: (id = mk.movie_id)
                    Filter: ((kind_id > 1) AND (production_year > 2003))
                    Rows Removed by Filter: 0
Planning time: 1.169 ms
Execution time: 17110.470 ms
