Seq Scan on movie_companies mc  (cost=0.00..51404.11 rows=1793817 width=0) (actual time=0.013..1121.595 rows=1785163 loops=1)
  Filter: (company_id < 28079)
  Rows Removed by Filter: 823966
Planning time: 0.372 ms
Execution time: 1354.134 ms
