Hash Join  (cost=90601.07..1038060.65 rows=6138847 width=0) (actual time=3342.981..25640.349 rows=7618027 loops=1)
  Hash Cond: (ci.movie_id = t.id)
  ->  Seq Scan on cast_info ci  (cost=0.00..705507.15 rows=15272789 width=4) (actual time=1400.137..13359.621 rows=15414020 loops=1)
        Filter: (person_id > 2098794)
        Rows Removed by Filter: 20830324
  ->  Hash  (cost=73925.90..73925.90 rows=1016333 width=4) (actual time=1941.662..1941.662 rows=1107438 loops=1)
        Buckets: 131072  Batches: 16  Memory Usage: 3463kB
        ->  Seq Scan on title t  (cost=0.00..73925.90 rows=1016333 width=4) (actual time=0.037..1263.002 rows=1107438 loops=1)
              Filter: ((kind_id > 1) AND (production_year > 2000))
              Rows Removed by Filter: 1420874
Planning time: 0.847 ms
Execution time: 26495.336 ms
