Hash Join  (cost=149091.20..287420.04 rows=1041175 width=0) (actual time=3155.436..7510.285 rows=3154435 loops=1)
  Hash Cond: (mk.movie_id = t.id)
  ->  Seq Scan on movie_keyword mk  (cost=0.00..81003.12 rows=3824792 width=4) (actual time=0.025..1847.647 rows=3824777 loops=1)
        Filter: (keyword_id > 580)
        Rows Removed by Filter: 699153
  ->  Hash  (cost=137798.33..137798.33 rows=688309 width=8) (actual time=3154.338..3154.338 rows=585034 loops=1)
        Buckets: 131072  Batches: 16  Memory Usage: 2451kB
        ->  Hash Join  (cost=88295.76..137798.33 rows=688309 width=8) (actual time=1554.590..2982.690 rows=585034 loops=1)
              Hash Cond: (mi_idx.movie_id = t.id)
              ->  Seq Scan on movie_info_idx mi_idx  (cost=0.00..21735.35 rows=1380035 width=4) (actual time=0.012..434.982 rows=1380035 loops=1)
              ->  Hash  (cost=67604.59..67604.59 rows=1261134 width=4) (actual time=1553.298..1553.298 rows=1260295 loops=1)
                    Buckets: 131072  Batches: 32  Memory Usage: 2413kB
                    ->  Seq Scan on title t  (cost=0.00..67604.59 rows=1261134 width=4) (actual time=0.012..1177.466 rows=1260295 loops=1)
                          Filter: (production_year > 2002)
                          Rows Removed by Filter: 1268017
Planning time: 1.138 ms
Execution time: 7898.284 ms
