Hash Join  (cost=84689.96..169072.46 rows=676998 width=0) (actual time=1446.107..3900.675 rows=1022286 loops=1)
  Hash Cond: (mc.movie_id = t.id)
  ->  Seq Scan on movie_companies mc  (cost=0.00..44881.29 rows=2609129 width=4) (actual time=0.016..943.750 rows=2609129 loops=1)
  ->  Hash  (cost=73925.90..73925.90 rows=656084 width=4) (actual time=1444.977..1444.977 rows=555560 loops=1)
        Buckets: 131072  Batches: 16  Memory Usage: 2241kB
        ->  Seq Scan on title t  (cost=0.00..73925.90 rows=656084 width=4) (actual time=0.014..1272.841 rows=555560 loops=1)
              Filter: ((kind_id < 7) AND (production_year > 1993))
              Rows Removed by Filter: 1972752
Planning time: 0.770 ms
Execution time: 4012.721 ms
