Hash Join  (cost=255099.50..431798.37 rows=4025292 width=0) (actual time=5930.428..17303.701 rows=32552444 loops=1)
  Hash Cond: (mk.movie_id = t.id)
  ->  Seq Scan on movie_keyword mk  (cost=0.00..69693.30 rows=4523930 width=4) (actual time=0.021..1501.954 rows=4523930 loops=1)
  ->  Hash  (cost=218187.66..218187.66 rows=2249827 width=8) (actual time=5929.213..5929.213 rows=2253273 loops=1)
        Buckets: 131072  Batches: 32  Memory Usage: 3829kB
        ->  Hash Join  (cost=102767.86..218187.66 rows=2249827 width=8) (actual time=2006.732..5315.364 rows=2253273 loops=1)
              Hash Cond: (mc.movie_id = t.id)
              ->  Seq Scan on movie_companies mc  (cost=0.00..51404.11 rows=2249827 width=4) (actual time=0.020..1154.034 rows=2253273 loops=1)
                    Filter: (company_id > 176)
                    Rows Removed by Filter: 355856
              ->  Hash  (cost=61283.27..61283.27 rows=2528527 width=4) (actual time=2005.504..2005.504 rows=2528312 loops=1)
                    Buckets: 131072  Batches: 64  Memory Usage: 2415kB
                    ->  Seq Scan on title t  (cost=0.00..61283.27 rows=2528527 width=4) (actual time=0.015..1135.809 rows=2528312 loops=1)
Planning time: 0.992 ms
Execution time: 20842.253 ms
