Hash Join  (cost=83810.17..170016.97 rows=33912 width=0) (actual time=1445.678..3200.810 rows=76153 loops=1)
  Hash Cond: (mk.movie_id = t.id)
  ->  Seq Scan on movie_keyword mk  (cost=0.00..81003.12 rows=86814 width=4) (actual time=0.043..1175.056 rows=91832 loops=1)
        Filter: (keyword_id < 79)
        Rows Removed by Filter: 4432098
  ->  Hash  (cost=67604.59..67604.59 rows=987727 width=4) (actual time=1444.445..1444.445 rows=985048 loops=1)
        Buckets: 131072  Batches: 16  Memory Usage: 3197kB
        ->  Seq Scan on title t  (cost=0.00..67604.59 rows=987727 width=4) (actual time=0.028..1128.047 rows=985048 loops=1)
              Filter: (kind_id < 7)
              Rows Removed by Filter: 1543264
Planning time: 0.835 ms
Execution time: 3211.225 ms
