Hash Join  (cost=102767.86..1336877.33 rows=21557312 width=0) (actual time=2445.270..36849.815 rows=21666151 loops=1)
  Hash Cond: (ci.movie_id = t.id)
  ->  Seq Scan on cast_info ci  (cost=0.00..705507.15 rows=21557312 width=4) (actual time=555.549..15559.480 rows=21666151 loops=1)
        Filter: (person_id > 1437218)
        Rows Removed by Filter: 14578193
  ->  Hash  (cost=61283.27..61283.27 rows=2528527 width=4) (actual time=1888.976..1888.976 rows=2528312 loops=1)
        Buckets: 131072  Batches: 64  Memory Usage: 2415kB
        ->  Seq Scan on title t  (cost=0.00..61283.27 rows=2528527 width=4) (actual time=0.026..1040.054 rows=2528312 loops=1)
Planning time: 0.835 ms
Execution time: 39482.871 ms
