Seq Scan on movie_companies mc  (cost=0.00..57926.93 rows=710740 width=0) (actual time=0.036..1102.845 rows=496031 loops=1)
  Filter: ((company_id > 9227) AND (company_type_id < 2))
  Rows Removed by Filter: 2113098
Planning time: 0.325 ms
Execution time: 1173.879 ms
