Hash Join  (cost=69484.36..146163.82 rows=118193 width=0) (actual time=1318.502..3168.600 rows=159504 loops=1)
  Hash Cond: (mc.movie_id = t.id)
  ->  Seq Scan on movie_companies mc  (cost=0.00..44881.29 rows=2609129 width=4) (actual time=0.013..837.153 rows=2609129 loops=1)
  ->  Hash  (cost=67604.59..67604.59 rows=114542 width=4) (actual time=1317.740..1317.740 rows=118234 loops=1)
        Buckets: 131072  Batches: 2  Memory Usage: 3101kB
        ->  Seq Scan on title t  (cost=0.00..67604.59 rows=114542 width=4) (actual time=379.165..915.666 rows=118234 loops=1)
              Filter: (kind_id = 4)
              Rows Removed by Filter: 2410078
Planning time: 0.726 ms
Execution time: 3188.417 ms
