Hash Join  (cost=491523.40..1646692.08 rows=11814351 width=0) (actual time=9330.201..42900.508 rows=10671774 loops=1)
  Hash Cond: (ci.movie_id = t.id)
  ->  Seq Scan on cast_info ci  (cost=0.00..614943.12 rows=36225612 width=4) (actual time=0.024..13770.163 rows=36244344 loops=1)
  ->  Hash  (cost=477993.46..477993.46 rows=824635 width=8) (actual time=9329.035..9329.035 rows=586903 loops=1)
        Buckets: 131072  Batches: 16  Memory Usage: 2456kB
        ->  Hash Join  (cost=100809.69..477993.46 rows=824635 width=8) (actual time=3586.015..9156.913 rows=586903 loops=1)
              Hash Cond: (mi.movie_id = t.id)
              ->  Seq Scan on movie_info mi  (cost=0.00..346232.03 rows=1272478 width=4) (actual time=1472.677..5857.001 rows=1325361 loops=1)
                    Filter: (info_type_id = 8)
                    Rows Removed by Filter: 13510359
              ->  Hash  (cost=73925.90..73925.90 rows=1638623 width=4) (actual time=2112.529..2112.529 rows=1629839 loops=1)
                    Buckets: 131072  Batches: 32  Memory Usage: 2820kB
                    ->  Seq Scan on title t  (cost=0.00..73925.90 rows=1638623 width=4) (actual time=0.031..1579.094 rows=1629839 loops=1)
                          Filter: ((kind_id > 1) AND (production_year < 2012))
                          Rows Removed by Filter: 898473
Planning time: 1.207 ms
Execution time: 44021.261 ms
