Hash Join  (cost=74341.98..166809.23 rows=38879 width=0) (actual time=1143.715..3114.560 rows=86210 loops=1)
  Hash Cond: (mk.movie_id = t.id)
  ->  Seq Scan on movie_keyword mk  (cost=0.00..81003.12 rows=2953422 width=4) (actual time=0.023..1495.662 rows=2944369 loops=1)
        Filter: (keyword_id > 2394)
        Rows Removed by Filter: 1579561
  ->  Hash  (cost=73925.90..73925.90 rows=33286 width=4) (actual time=1142.973..1142.973 rows=28113 loops=1)
        Buckets: 65536  Batches: 1  Memory Usage: 1501kB
        ->  Seq Scan on title t  (cost=0.00..73925.90 rows=33286 width=4) (actual time=0.279..1130.018 rows=28113 loops=1)
              Filter: ((kind_id < 7) AND (production_year = 2004))
              Rows Removed by Filter: 2500199
Planning time: 0.816 ms
Execution time: 3125.619 ms
