Seq Scan on movie_companies mc  (cost=0.00..57926.93 rows=53 width=0) (actual time=704.479..938.514 rows=15 loops=1)
  Filter: ((company_type_id > 1) AND (company_id = 72028))
  Rows Removed by Filter: 2609114
Planning time: 0.399 ms
Execution time: 938.624 ms
