Seq Scan on movie_keyword mk  (cost=0.00..81003.12 rows=246 width=0) (actual time=117.523..1309.356 rows=28 loops=1)
  Filter: (keyword_id = 24763)
  Rows Removed by Filter: 4523902
Planning time: 0.438 ms
Execution time: 1309.473 ms
