Hash Join  (cost=162351.80..548926.49 rows=349483 width=0) (actual time=2940.583..16038.744 rows=9476425 loops=1)
  Hash Cond: (mi.movie_id = t.id)
  ->  Seq Scan on movie_info mi  (cost=0.00..309384.22 rows=14739122 width=4) (actual time=0.011..4994.391 rows=14835720 loops=1)
  ->  Hash  (cost=161602.37..161602.37 rows=59955 width=8) (actual time=2922.526..2922.526 rows=110659 loops=1)
        Buckets: 131072 (originally 65536)  Batches: 2 (originally 1)  Memory Usage: 3234kB
        ->  Hash Join  (cost=74344.78..161602.37 rows=59955 width=8) (actual time=1097.423..2879.003 rows=110659 loops=1)
              Hash Cond: (mk.movie_id = t.id)
              ->  Seq Scan on movie_keyword mk  (cost=0.00..69693.30 rows=4523930 width=4) (actual time=0.020..896.883 rows=4523930 loops=1)
              ->  Hash  (cost=73925.90..73925.90 rows=33510 width=4) (actual time=1096.782..1096.782 rows=22107 loops=1)
                    Buckets: 65536  Batches: 1  Memory Usage: 1290kB
                    ->  Seq Scan on title t  (cost=0.00..73925.90 rows=33510 width=4) (actual time=0.014..1087.437 rows=22107 loops=1)
                          Filter: ((kind_id = 1) AND (production_year = 2008))
                          Rows Removed by Filter: 2506205
Planning time: 0.798 ms
Execution time: 17097.472 ms
