Hash Join  (cost=76725.80..461173.06 rows=207050 width=0) (actual time=2622.704..8513.597 rows=178902 loops=1)
  Hash Cond: (mi.movie_id = t.id)
  ->  Seq Scan on movie_info mi  (cost=0.00..346232.03 rows=3068194 width=4) (actual time=1301.910..5869.110 rows=3036719 loops=1)
        Filter: (info_type_id = 16)
        Rows Removed by Filter: 11799001
  ->  Hash  (cost=73925.90..73925.90 rows=170632 width=4) (actual time=1319.904..1319.904 rows=170068 loops=1)
        Buckets: 131072  Batches: 4  Memory Usage: 2540kB
        ->  Seq Scan on title t  (cost=0.00..73925.90 rows=170632 width=4) (actual time=0.036..1258.878 rows=170068 loops=1)
              Filter: ((kind_id > 1) AND (production_year > 2011))
              Rows Removed by Filter: 2358244
Planning time: 0.804 ms
Execution time: 8536.306 ms
