Seq Scan on movie_keyword mk  (cost=0.00..81003.12 rows=3271084 width=0) (actual time=0.016..1577.119 rows=3259225 loops=1)
  Filter: (keyword_id < 14141)
  Rows Removed by Filter: 1264705
Planning time: 0.353 ms
Execution time: 1976.076 ms
