Seq Scan on movie_keyword mk  (cost=0.00..81003.12 rows=4491578 width=0) (actual time=0.014..1536.837 rows=4494605 loops=1)
  Filter: (keyword_id < 110936)
  Rows Removed by Filter: 29325
Planning time: 0.351 ms
Execution time: 2057.414 ms
