Seq Scan on movie_keyword mk  (cost=0.00..81003.12 rows=246 width=0) (actual time=0.498..1249.046 rows=1514 loops=1)
  Filter: (keyword_id = 2359)
  Rows Removed by Filter: 4522416
Planning time: 0.437 ms
Execution time: 1249.613 ms
