Hash Join  (cost=73954.72..100877.78 rows=1258 width=0) (actual time=1130.207..1612.985 rows=2319 loops=1)
  Hash Cond: (mi_idx.movie_id = t.id)
  ->  Seq Scan on movie_info_idx mi_idx  (cost=0.00..21735.35 rows=1380035 width=4) (actual time=0.015..302.606 rows=1380035 loops=1)
  ->  Hash  (cost=73925.90..73925.90 rows=2305 width=4) (actual time=1013.213..1013.213 rows=2345 loops=1)
        Buckets: 4096  Batches: 1  Memory Usage: 115kB
        ->  Seq Scan on title t  (cost=0.00..73925.90 rows=2305 width=4) (actual time=465.352..1011.962 rows=2345 loops=1)
              Filter: ((kind_id < 7) AND (production_year < 1898))
              Rows Removed by Filter: 2525967
Planning time: 0.780 ms
Execution time: 1613.408 ms
