Hash Join  (cost=67697.55..837046.58 rows=49683 width=0) (actual time=1035.172..17484.098 rows=73316 loops=1)
  Hash Cond: (ci.movie_id = t.id)
  ->  Seq Scan on cast_info ci  (cost=0.00..705507.15 rows=16892014 width=4) (actual time=0.019..12412.651 rows=17002248 loops=1)
        Filter: (person_id > 1922797)
        Rows Removed by Filter: 19242096
  ->  Hash  (cost=67604.59..67604.59 rows=7437 width=4) (actual time=1034.925..1034.925 rows=14054 loops=1)
        Buckets: 16384 (originally 8192)  Batches: 1 (originally 1)  Memory Usage: 623kB
        ->  Seq Scan on title t  (cost=0.00..67604.59 rows=7437 width=4) (actual time=0.125..1028.389 rows=14054 loops=1)
              Filter: (production_year = 1975)
              Rows Removed by Filter: 2514258
Planning time: 0.737 ms
Execution time: 17497.487 ms
