Hash Join  (cost=119900.15..607801.16 rows=758609 width=0) (actual time=2885.357..14584.835 rows=3080916 loops=1)
  Hash Cond: (mi.movie_id = t.id)
  ->  Seq Scan on movie_info mi  (cost=0.00..309384.22 rows=14739122 width=4) (actual time=0.016..5378.410 rows=14835720 loops=1)
  ->  Hash  (cost=117764.38..117764.38 rows=130141 width=8) (actual time=2884.778..2884.778 rows=151616 loops=1)
        Buckets: 131072  Batches: 2  Memory Usage: 3980kB
        ->  Hash Join  (cost=77838.49..117764.38 rows=130141 width=8) (actual time=1231.567..2837.367 rows=151616 loops=1)
              Hash Cond: (mi_idx.movie_id = t.id)
              ->  Seq Scan on movie_info_idx mi_idx  (cost=0.00..21735.35 rows=1380035 width=4) (actual time=0.006..451.656 rows=1380035 loops=1)
              ->  Hash  (cost=73925.90..73925.90 rows=238447 width=4) (actual time=1203.975..1203.975 rows=200165 loops=1)
                    Buckets: 131072  Batches: 4  Memory Usage: 2784kB
                    ->  Seq Scan on title t  (cost=0.00..73925.90 rows=238447 width=4) (actual time=270.314..1139.121 rows=200165 loops=1)
                          Filter: ((production_year > 2006) AND (kind_id = 1))
                          Rows Removed by Filter: 2328147
Planning time: 0.761 ms
Execution time: 14986.473 ms
