Seq Scan on cast_info ci  (cost=0.00..705507.15 rows=16804038 width=0) (actual time=0.011..12439.969 rows=16915592 loops=1)
  Filter: (person_id > 1933237)
  Rows Removed by Filter: 19328752
Planning time: 0.331 ms
Execution time: 14519.732 ms
