Hash Join  (cost=107587.54..469492.97 rows=264122 width=0) (actual time=2813.721..8183.811 rows=306779 loops=1)
  Hash Cond: (mi.movie_id = t.id)
  ->  Seq Scan on movie_info mi  (cost=0.00..346232.03 rows=274038 width=4) (actual time=556.203..5415.516 rows=306788 loops=1)
        Filter: (info_type_id > 105)
        Rows Removed by Filter: 14528932
  ->  Hash  (cost=67604.59..67604.59 rows=2437036 width=4) (actual time=2204.247..2204.247 rows=2435127 loops=1)
        Buckets: 131072  Batches: 32  Memory Usage: 3709kB
        ->  Seq Scan on title t  (cost=0.00..67604.59 rows=2437036 width=4) (actual time=0.012..1422.912 rows=2435127 loops=1)
              Filter: (production_year > 1908)
              Rows Removed by Filter: 93185
Planning time: 0.817 ms
Execution time: 8215.331 ms
