Seq Scan on title t  (cost=0.00..73925.90 rows=1214000 width=0) (actual time=0.021..1350.480 rows=1328829 loops=1)
  Filter: ((kind_id > 1) AND (production_year > 1994))
  Rows Removed by Filter: 1199483
Planning time: 0.404 ms
Execution time: 1518.091 ms
