Hash Join  (cost=74389.43..441206.92 rows=216156 width=0) (actual time=1164.251..9153.834 rows=96983 loops=1)
  Hash Cond: (mi.movie_id = t.id)
  ->  Seq Scan on movie_info mi  (cost=0.00..309384.22 rows=14739122 width=4) (actual time=0.024..4209.701 rows=14835720 loops=1)
  ->  Hash  (cost=73925.90..73925.90 rows=37082 width=4) (actual time=1162.826..1162.826 rows=41935 loops=1)
        Buckets: 65536  Batches: 1  Memory Usage: 1987kB
        ->  Seq Scan on title t  (cost=0.00..73925.90 rows=37082 width=4) (actual time=0.053..1145.718 rows=41935 loops=1)
              Filter: ((kind_id = 7) AND (production_year = 2002))
              Rows Removed by Filter: 2486377
Planning time: 0.751 ms
Execution time: 9168.226 ms
