Hash Join  (cost=67817.94..154781.35 rows=30537 width=0) (actual time=483.980..2320.863 rows=5127 loops=1)
  Hash Cond: (mk.movie_id = t.id)
  ->  Seq Scan on movie_keyword mk  (cost=0.00..69693.30 rows=4523930 width=4) (actual time=0.013..1014.610 rows=4523930 loops=1)
  ->  Hash  (cost=67604.59..67604.59 rows=17068 width=4) (actual time=480.287..480.287 rows=15788 loops=1)
        Buckets: 32768  Batches: 1  Memory Usage: 812kB
        ->  Seq Scan on title t  (cost=0.00..67604.59 rows=17068 width=4) (actual time=0.080..474.815 rows=15788 loops=1)
              Filter: (production_year < 1906)
              Rows Removed by Filter: 2512524
Planning time: 0.803 ms
Execution time: 2321.885 ms
