Hash Join  (cost=52284.86..138943.83 rows=93 width=0) (actual time=931.537..2365.887 rows=14 loops=1)
  Hash Cond: (mk.movie_id = t.id)
  ->  Seq Scan on movie_keyword mk  (cost=0.00..69693.30 rows=4523930 width=4) (actual time=0.021..911.031 rows=4523930 loops=1)
  ->  Hash  (cost=52284.21..52284.21 rows=52 width=8) (actual time=713.375..713.375 rows=7 loops=1)
        Buckets: 1024  Batches: 1  Memory Usage: 9kB
        ->  Nested Loop  (cost=0.43..52284.21 rows=52 width=8) (actual time=36.587..713.363 rows=7 loops=1)
              ->  Seq Scan on movie_companies mc  (cost=0.00..51404.11 rows=104 width=4) (actual time=9.860..710.325 rows=86 loops=1)
                    Filter: (company_id = 19552)
                    Rows Removed by Filter: 2609043
              ->  Index Scan using title_pkey on title t  (cost=0.43..8.45 rows=1 width=4) (actual time=0.033..0.033 rows=0 loops=86)
                    Index Cond: (id = mc.movie_id)
                    Filter: ((kind_id > 3) AND (production_year < 2010))
                    Rows Removed by Filter: 1
Planning time: 0.801 ms
Execution time: 2366.038 ms
