Hash Join  (cost=132723.69..639339.81 rows=2512619 width=0) (actual time=2802.820..16223.737 rows=4067075 loops=1)
  Hash Cond: (mi.movie_id = t.id)
  ->  Seq Scan on movie_info mi  (cost=0.00..309384.22 rows=14739122 width=4) (actual time=0.016..5817.336 rows=14835720 loops=1)
  ->  Hash  (cost=125651.63..125651.63 rows=431045 width=8) (actual time=2802.121..2802.121 rows=311149 loops=1)
        Buckets: 131072  Batches: 8  Memory Usage: 2539kB
        ->  Hash Join  (cost=80562.70..125651.63 rows=431045 width=8) (actual time=1464.132..2709.172 rows=311149 loops=1)
              Hash Cond: (mi_idx.movie_id = t.id)
              ->  Seq Scan on movie_info_idx mi_idx  (cost=0.00..21735.35 rows=1380035 width=4) (actual time=0.022..424.402 rows=1380035 loops=1)
              ->  Hash  (cost=67604.59..67604.59 rows=789769 width=4) (actual time=1463.442..1463.442 rows=784926 loops=1)
                    Buckets: 131072  Batches: 16  Memory Usage: 2749kB
                    ->  Seq Scan on title t  (cost=0.00..67604.59 rows=789769 width=4) (actual time=0.025..1199.669 rows=784926 loops=1)
                          Filter: (production_year > 2007)
                          Rows Removed by Filter: 1743386
Planning time: 1.155 ms
Execution time: 16682.349 ms
