Hash Join  (cost=120893.23..608153.91 rows=698573 width=0) (actual time=2233.430..16544.743 rows=4737092 loops=1)
  Hash Cond: (mi.movie_id = t.id)
  ->  Seq Scan on movie_info mi  (cost=0.00..309384.22 rows=14739122 width=4) (actual time=0.028..6190.049 rows=14835720 loops=1)
  ->  Hash  (cost=118926.20..118926.20 rows=119842 width=8) (actual time=2232.648..2232.648 rows=253148 loops=1)
        Buckets: 131072 (originally 131072)  Batches: 4 (originally 2)  Memory Usage: 3512kB
        ->  Hash Join  (cost=84618.84..118926.20 rows=119842 width=8) (actual time=1334.874..2154.743 rows=253148 loops=1)
              Hash Cond: (mi_idx.movie_id = t.id)
              ->  Seq Scan on movie_info_idx mi_idx  (cost=0.00..25185.44 rows=464934 width=4) (actual time=0.024..434.961 rows=460185 loops=1)
                    Filter: (info_type_id > 100)
                    Rows Removed by Filter: 919850
              ->  Hash  (cost=73925.90..73925.90 rows=651755 width=4) (actual time=1333.230..1333.230 rows=711179 loops=1)
                    Buckets: 131072  Batches: 16  Memory Usage: 2590kB
                    ->  Seq Scan on title t  (cost=0.00..73925.90 rows=651755 width=4) (actual time=0.007..1113.900 rows=711179 loops=1)
                          Filter: ((kind_id < 7) AND (production_year < 2008))
                          Rows Removed by Filter: 1817133
Planning time: 1.190 ms
Execution time: 17112.097 ms
