Seq Scan on title t  (cost=0.00..73925.90 rows=616275 width=0) (actual time=0.018..1252.984 rows=676927 loops=1)
  Filter: ((production_year > 2005) AND (kind_id = 7))
  Rows Removed by Filter: 1851385
Planning time: 0.398 ms
Execution time: 1340.327 ms
