Seq Scan on movie_keyword mk  (cost=0.00..81003.12 rows=2668532 width=0) (actual time=0.014..1519.731 rows=2663218 loops=1)
  Filter: (keyword_id < 7418)
  Rows Removed by Filter: 1860712
Planning time: 0.341 ms
Execution time: 1870.511 ms
