Seq Scan on movie_keyword mk  (cost=0.00..81003.12 rows=246 width=0) (actual time=14.023..1167.045 rows=67 loops=1)
  Filter: (keyword_id = 14003)
  Rows Removed by Filter: 4523863
Planning time: 0.467 ms
Execution time: 1167.224 ms
