Hash Join  (cost=158316.54..531803.98 rows=129560 width=0) (actual time=3878.062..9238.223 rows=70481 loops=1)
  Hash Cond: (mi.movie_id = t.id)
  ->  Seq Scan on movie_info mi  (cost=0.00..346232.03 rows=2194617 width=4) (actual time=602.535..5277.932 rows=2233850 loops=1)
        Filter: (info_type_id > 16)
        Rows Removed by Filter: 12601870
  ->  Hash  (cost=155866.64..155866.64 rows=149272 width=8) (actual time=3274.732..3274.732 rows=70337 loops=1)
        Buckets: 131072  Batches: 2  Memory Usage: 2414kB
        ->  Hash Join  (cost=76725.80..155866.64 rows=149272 width=8) (actual time=1224.259..3246.330 rows=70337 loops=1)
              Hash Cond: (mc.movie_id = t.id)
              ->  Seq Scan on movie_companies mc  (cost=0.00..51404.11 rows=2212000 width=4) (actual time=0.036..1022.190 rows=2212199 loops=1)
                    Filter: (company_id > 240)
                    Rows Removed by Filter: 396930
              ->  Hash  (cost=73925.90..73925.90 rows=170632 width=4) (actual time=1223.440..1223.440 rows=170068 loops=1)
                    Buckets: 131072  Batches: 4  Memory Usage: 2534kB
                    ->  Seq Scan on title t  (cost=0.00..73925.90 rows=170632 width=4) (actual time=0.046..1163.520 rows=170068 loops=1)
                          Filter: ((kind_id > 1) AND (production_year > 2011))
                          Rows Removed by Filter: 2358244
Planning time: 0.765 ms
Execution time: 9246.413 ms
