Hash Join  (cost=191246.19..1065444.37 rows=1999233 width=0) (actual time=10675.979..26939.944 rows=8337827 loops=1)
  Hash Cond: (ci.movie_id = t.id)
  ->  Seq Scan on cast_info ci  (cost=0.00..705507.15 rows=12726058 width=4) (actual time=6096.192..14149.953 rows=12670688 loops=1)
        Filter: (role_id = 1)
        Rows Removed by Filter: 23573656
  ->  Hash  (cost=184728.88..184728.88 rows=397225 width=8) (actual time=4578.745..4578.745 rows=533390 loops=1)
        Buckets: 131072  Batches: 8  Memory Usage: 3665kB
        ->  Hash Join  (cost=84417.00..184728.88 rows=397225 width=8) (actual time=2175.138..4416.486 rows=533390 loops=1)
              Hash Cond: (mk.movie_id = t.id)
              ->  Seq Scan on movie_keyword mk  (cost=0.00..81003.12 rows=980134 width=4) (actual time=0.037..1410.883 rows=988808 loops=1)
                    Filter: (keyword_id < 928)
                    Rows Removed by Filter: 3535122
              ->  Hash  (cost=67604.59..67604.59 rows=1024753 width=4) (actual time=2174.169..2174.169 rows=1021752 loops=1)
                    Buckets: 131072  Batches: 16  Memory Usage: 3281kB
                    ->  Seq Scan on title t  (cost=0.00..67604.59 rows=1024753 width=4) (actual time=0.022..1261.898 rows=1021752 loops=1)
                          Filter: (production_year < 2000)
                          Rows Removed by Filter: 1506560
Planning time: 1.192 ms
Execution time: 27851.775 ms
