Hash Join  (cost=154461.58..181435.47 rows=6341 width=0) (actual time=2486.910..2913.322 rows=66435 loops=1)
  Hash Cond: (mi_idx.movie_id = t.id)
  ->  Seq Scan on movie_info_idx mi_idx  (cost=0.00..21735.35 rows=1380035 width=4) (actual time=0.025..234.490 rows=1380035 loops=1)
  ->  Hash  (cost=154316.36..154316.36 rows=11618 width=8) (actual time=2355.706..2355.706 rows=33039 loops=1)
        Buckets: 65536 (originally 16384)  Batches: 1 (originally 1)  Memory Usage: 1803kB
        ->  Hash Join  (cost=69090.10..154316.36 rows=11618 width=8) (actual time=1281.539..2344.756 rows=33039 loops=1)
              Hash Cond: (mk.movie_id = t.id)
              ->  Seq Scan on movie_keyword mk  (cost=0.00..81003.12 rows=324521 width=4) (actual time=0.014..1273.977 rows=345359 loops=1)
                    Filter: (keyword_id < 287)
                    Rows Removed by Filter: 4178571
              ->  Hash  (cost=67604.59..67604.59 rows=90521 width=4) (actual time=923.425..923.425 rows=90852 loops=1)
                    Buckets: 131072  Batches: 2  Memory Usage: 2632kB
                    ->  Seq Scan on title t  (cost=0.00..67604.59 rows=90521 width=4) (actual time=0.019..887.424 rows=90852 loops=1)
                          Filter: (kind_id = 2)
                          Rows Removed by Filter: 2437460
Planning time: 1.184 ms
Execution time: 2921.148 ms
