Hash Join  (cost=100674.35..263869.92 rows=2916962 width=0) (actual time=2092.340..6264.332 rows=1574292 loops=1)
  Hash Cond: (mk.movie_id = t.id)
  ->  Seq Scan on movie_keyword mk  (cost=0.00..69693.30 rows=4523930 width=4) (actual time=0.020..1372.723 rows=4523930 loops=1)
  ->  Hash  (cost=73925.90..73925.90 rows=1630356 width=4) (actual time=2091.047..2091.047 rows=1739665 loops=1)
        Buckets: 131072  Batches: 32  Memory Usage: 2946kB
        ->  Seq Scan on title t  (cost=0.00..73925.90 rows=1630356 width=4) (actual time=0.010..1519.918 rows=1739665 loops=1)
              Filter: ((kind_id > 1) AND (production_year > 1960))
              Rows Removed by Filter: 788647
Planning time: 0.710 ms
Execution time: 6473.977 ms
