Hash Join  (cost=83117.82..833907.42 rows=43 width=0) (actual time=1037.269..16404.664 rows=110 loops=1)
  Hash Cond: (ci.movie_id = t.id)
  ->  Seq Scan on cast_info ci  (cost=0.00..614943.12 rows=36225612 width=4) (actual time=0.019..8488.006 rows=36244344 loops=1)
  ->  Hash  (cost=83117.78..83117.78 rows=3 width=8) (actual time=1024.905..1024.905 rows=2 loops=1)
        Buckets: 1024  Batches: 1  Memory Usage: 9kB
        ->  Nested Loop  (cost=0.43..83117.78 rows=3 width=8) (actual time=293.775..1024.896 rows=2 loops=1)
              ->  Seq Scan on movie_companies mc  (cost=0.00..57926.93 rows=3284 width=4) (actual time=1.348..851.485 rows=6150 loops=1)
                    Filter: ((company_type_id = 1) AND (company_id = 145))
                    Rows Removed by Filter: 2602979
              ->  Index Scan using title_pkey on title t  (cost=0.43..7.66 rows=1 width=4) (actual time=0.028..0.028 rows=0 loops=6150)
                    Index Cond: (id = mc.movie_id)
                    Filter: ((kind_id = 1) AND (production_year = 1965))
                    Rows Removed by Filter: 1
Planning time: 1.256 ms
Execution time: 16404.958 ms
