Hash Join  (cost=221232.37..375827.24 rows=2675184 width=0) (actual time=5449.061..14755.831 rows=25039842 loops=1)
  Hash Cond: (mk.movie_id = t.id)
  ->  Seq Scan on movie_keyword mk  (cost=0.00..69693.30 rows=4523930 width=4) (actual time=0.015..1490.471 rows=4523930 loops=1)
  ->  Hash  (cost=196701.11..196701.11 rows=1495221 width=8) (actual time=5448.244..5448.244 rows=1702116 loops=1)
        Buckets: 131072  Batches: 32  Memory Usage: 3128kB
        ->  Hash Join  (cost=93117.31..196701.11 rows=1495221 width=8) (actual time=1841.271..4980.926 rows=1702116 loops=1)
              Hash Cond: (mc.movie_id = t.id)
              ->  Seq Scan on movie_companies mc  (cost=0.00..51404.11 rows=2431294 width=4) (actual time=0.008..1163.652 rows=2428527 loops=1)
                    Filter: (company_id > 34)
                    Rows Removed by Filter: 180602
              ->  Hash  (cost=67604.59..67604.59 rows=1555018 width=4) (actual time=1840.062..1840.062 rows=1551727 loops=1)
                    Buckets: 131072  Batches: 32  Memory Usage: 2728kB
                    ->  Seq Scan on title t  (cost=0.00..67604.59 rows=1555018 width=4) (actual time=0.019..1329.257 rows=1551727 loops=1)
                          Filter: (production_year < 2007)
                          Rows Removed by Filter: 976585
Planning time: 1.111 ms
Execution time: 17514.619 ms
