Hash Join  (cost=70308.29..425148.02 rows=42486 width=0) (actual time=3781.136..6659.930 rows=31430 loops=1)
  Hash Cond: (mi.movie_id = t.id)
  ->  Seq Scan on movie_info mi  (cost=0.00..346232.03 rows=651960 width=4) (actual time=2644.853..5232.658 rows=660923 loops=1)
        Filter: (info_type_id = 18)
        Rows Removed by Filter: 14174797
  ->  Hash  (cost=67604.59..67604.59 rows=164776 width=4) (actual time=1135.088..1135.088 rows=164307 loops=1)
        Buckets: 131072  Batches: 4  Memory Usage: 2488kB
        ->  Seq Scan on title t  (cost=0.00..67604.59 rows=164776 width=4) (actual time=0.029..1074.115 rows=164307 loops=1)
              Filter: (production_year = 2012)
              Rows Removed by Filter: 2364005
Planning time: 0.913 ms
Execution time: 6664.528 ms
