Hash Join  (cost=94176.46..681592.45 rows=7016446 width=0) (actual time=2203.449..17664.913 rows=3164620 loops=1)
  Hash Cond: (mi.movie_id = t.id)
  ->  Seq Scan on movie_info mi  (cost=0.00..346232.03 rows=14373737 width=4) (actual time=0.012..7326.643 rows=14407069 loops=1)
        Filter: (info_type_id < 105)
        Rows Removed by Filter: 428651
  ->  Hash  (cost=73925.90..73925.90 rows=1234284 width=4) (actual time=1770.600..1770.600 rows=1316754 loops=1)
        Buckets: 131072  Batches: 32  Memory Usage: 2482kB
        ->  Seq Scan on title t  (cost=0.00..73925.90 rows=1234284 width=4) (actual time=88.851..1337.454 rows=1316754 loops=1)
              Filter: ((production_year > 1974) AND (kind_id = 7))
              Rows Removed by Filter: 1211558
Planning time: 0.779 ms
Execution time: 18039.674 ms
