Seq Scan on cast_info ci  (cost=0.00..705507.15 rows=15379232 width=0) (actual time=0.015..11241.625 rows=15516169 loops=1)
  Filter: (person_id > 2087433)
  Rows Removed by Filter: 20728175
Planning time: 0.360 ms
Execution time: 13088.667 ms
