Hash Join  (cost=709675.68..796335.53 rows=182 width=0) (actual time=11729.464..12445.852 rows=41 loops=1)
  Hash Cond: (mk.movie_id = t.id)
  ->  Seq Scan on movie_keyword mk  (cost=0.00..69693.30 rows=4523930 width=4) (actual time=0.025..987.115 rows=4523930 loops=1)
  ->  Hash  (cost=709674.40..709674.40 rows=102 width=8) (actual time=10690.979..10690.979 rows=2 loops=1)
        Buckets: 1024  Batches: 1  Memory Usage: 9kB
        ->  Nested Loop  (cost=0.43..709674.40 rows=102 width=8) (actual time=6022.292..10690.964 rows=2 loops=1)
              ->  Seq Scan on cast_info ci  (cost=0.00..705507.15 rows=500 width=4) (actual time=6022.202..10689.998 rows=58 loops=1)
                    Filter: (person_id = 2726337)
                    Rows Removed by Filter: 36244286
              ->  Index Scan using title_pkey on title t  (cost=0.43..8.32 rows=1 width=4) (actual time=0.016..0.016 rows=0 loops=58)
                    Index Cond: (id = ci.movie_id)
                    Filter: ((kind_id < 7) AND (production_year > 2001))
                    Rows Removed by Filter: 1
Planning time: 1.216 ms
Execution time: 12445.979 ms
