Seq Scan on movie_keyword mk  (cost=0.00..81003.12 rows=246 width=0) (actual time=931.744..1179.098 rows=1 loops=1)
  Filter: (keyword_id = 42412)
  Rows Removed by Filter: 4523929
Planning time: 0.440 ms
Execution time: 1179.188 ms
