Hash Join  (cost=83810.17..175396.65 rows=917222 width=0) (actual time=1404.482..4718.057 rows=1800492 loops=1)
  Hash Cond: (mc.movie_id = t.id)
  ->  Seq Scan on movie_companies mc  (cost=0.00..51404.11 rows=2348037 width=4) (actual time=0.025..1095.726 rows=2350226 loops=1)
        Filter: (company_id > 128)
        Rows Removed by Filter: 258903
  ->  Hash  (cost=67604.59..67604.59 rows=987727 width=4) (actual time=1403.034..1403.034 rows=985048 loops=1)
        Buckets: 131072  Batches: 16  Memory Usage: 3188kB
        ->  Seq Scan on title t  (cost=0.00..67604.59 rows=987727 width=4) (actual time=0.023..1098.256 rows=985048 loops=1)
              Filter: (kind_id < 7)
              Rows Removed by Filter: 1543264
Planning time: 1.896 ms
Execution time: 4900.426 ms
