Nested Loop  (cost=0.43..52283.95 rows=25 width=0) (actual time=401.001..782.417 rows=74 loops=1)
  ->  Seq Scan on movie_companies mc  (cost=0.00..51404.11 rows=104 width=4) (actual time=167.460..756.177 rows=702 loops=1)
        Filter: (company_id = 2840)
        Rows Removed by Filter: 2608427
  ->  Index Scan using title_pkey on title t  (cost=0.43..8.45 rows=1 width=4) (actual time=0.036..0.036 rows=0 loops=702)
        Index Cond: (id = mc.movie_id)
        Filter: (production_year < 1986)
        Rows Removed by Filter: 1
Planning time: 0.808 ms
Execution time: 782.575 ms
