Seq Scan on title t  (cost=0.00..73925.90 rows=217253 width=0) (actual time=0.007..1103.392 rows=112299 loops=1)
  Filter: ((production_year < 1969) AND (kind_id = 7))
  Rows Removed by Filter: 2416013
Planning time: 0.369 ms
Execution time: 1119.834 ms
