Seq Scan on movie_companies mc  (cost=0.00..51404.11 rows=1389065 width=0) (actual time=0.022..907.618 rows=1377638 loops=1)
  Filter: (company_id < 11875)
  Rows Removed by Filter: 1231491
Planning time: 0.351 ms
Execution time: 1080.691 ms
