Seq Scan on movie_keyword mk  (cost=0.00..81003.12 rows=4065321 width=0) (actual time=0.021..1623.249 rows=4068722 loops=1)
  Filter: (keyword_id < 38936)
  Rows Removed by Filter: 455208
Planning time: 0.344 ms
Execution time: 2124.545 ms
