Hash Join  (cost=76120.03..144322.44 rows=71168 width=0) (actual time=1175.725..2685.961 rows=56966 loops=1)
  Hash Cond: (mc.movie_id = t.id)
  ->  Seq Scan on movie_companies mc  (cost=0.00..51404.11 rows=1346032 width=4) (actual time=0.023..967.442 rows=1334520 loops=1)
        Filter: (company_id < 11416)
        Rows Removed by Filter: 1274609
  ->  Hash  (cost=73925.90..73925.90 rows=133690 width=4) (actual time=1174.992..1174.992 rows=120471 loops=1)
        Buckets: 131072  Batches: 2  Memory Usage: 3141kB
        ->  Seq Scan on title t  (cost=0.00..73925.90 rows=133690 width=4) (actual time=0.079..1130.258 rows=120471 loops=1)
              Filter: ((kind_id < 4) AND (production_year > 2010))
              Rows Removed by Filter: 2407841
Planning time: 0.790 ms
Execution time: 2694.363 ms
