Hash Join  (cost=100928.86..157135.38 rows=421 width=0) (actual time=1976.034..2891.110 rows=1408 loops=1)
  Hash Cond: (mc.movie_id = t.id)
  ->  Seq Scan on movie_companies mc  (cost=0.00..51404.11 rows=1279517 width=4) (actual time=242.383..970.910 rows=1274246 loops=1)
        Filter: (company_type_id < 2)
        Rows Removed by Filter: 1334883
  ->  Hash  (cost=100918.44..100918.44 rows=833 width=8) (actual time=1727.357..1727.357 rows=1105 loops=1)
        Buckets: 2048 (originally 1024)  Batches: 1 (originally 1)  Memory Usage: 60kB
        ->  Hash Join  (cost=73982.55..100918.44 rows=833 width=8) (actual time=1457.366..1726.807 rows=1105 loops=1)
              Hash Cond: (mi_idx.movie_id = t.id)
              ->  Seq Scan on movie_info_idx mi_idx  (cost=0.00..25185.44 rows=464566 width=4) (actual time=0.032..451.827 rows=459925 loops=1)
                    Filter: (info_type_id = 101)
                    Rows Removed by Filter: 920110
              ->  Hash  (cost=73925.90..73925.90 rows=4532 width=4) (actual time=1175.743..1175.743 rows=7945 loops=1)
                    Buckets: 8192  Batches: 1  Memory Usage: 344kB
                    ->  Seq Scan on title t  (cost=0.00..73925.90 rows=4532 width=4) (actual time=0.059..1171.760 rows=7945 loops=1)
                          Filter: ((kind_id = 7) AND (production_year = 1977))
                          Rows Removed by Filter: 2520367
Planning time: 1.201 ms
Execution time: 2891.424 ms
