Hash Join  (cost=583046.46..1729557.10 rows=15677014 width=0) (actual time=11285.869..46642.522 rows=36208875 loops=1)
  Hash Cond: (ci.movie_id = t.id)
  ->  Seq Scan on cast_info ci  (cost=0.00..796071.18 rows=12919572 width=4) (actual time=0.008..17423.378 rows=14089831 loops=1)
        Filter: ((person_id > 703782) AND (role_id > 2))
        Rows Removed by Filter: 22154513
  ->  Hash  (cost=532708.04..532708.04 rows=3068194 width=8) (actual time=11284.388..11284.388 rows=3036719 loops=1)
        Buckets: 131072  Batches: 64  Memory Usage: 2881kB
        ->  Hash Join  (cost=102767.86..532708.04 rows=3068194 width=8) (actual time=5542.006..10389.207 rows=3036719 loops=1)
              Hash Cond: (mi.movie_id = t.id)
              ->  Seq Scan on movie_info mi  (cost=0.00..346232.03 rows=3068194 width=4) (actual time=3628.082..5526.275 rows=3036719 loops=1)
                    Filter: (info_type_id = 16)
                    Rows Removed by Filter: 11799001
              ->  Hash  (cost=61283.27..61283.27 rows=2528527 width=4) (actual time=1912.372..1912.372 rows=2528312 loops=1)
                    Buckets: 131072  Batches: 64  Memory Usage: 2425kB
                    ->  Seq Scan on title t  (cost=0.00..61283.27 rows=2528527 width=4) (actual time=0.036..1042.057 rows=2528312 loops=1)
Planning time: 1.200 ms
Execution time: 50819.926 ms
