Hash Join  (cost=81711.23..123847.50 rows=258979 width=0) (actual time=1397.926..2351.661 rows=134070 loops=1)
  Hash Cond: (mi_idx.movie_id = t.id)
  ->  Seq Scan on movie_info_idx mi_idx  (cost=0.00..21735.35 rows=1380035 width=4) (actual time=0.017..419.458 rows=1380035 loops=1)
  ->  Hash  (cost=73925.90..73925.90 rows=474506 width=4) (actual time=1264.936..1264.936 rows=360459 loops=1)
        Buckets: 131072  Batches: 8  Memory Usage: 2595kB
        ->  Seq Scan on title t  (cost=0.00..73925.90 rows=474506 width=4) (actual time=0.016..1146.280 rows=360459 loops=1)
              Filter: ((production_year < 1994) AND (kind_id = 7))
              Rows Removed by Filter: 2167853
Planning time: 0.657 ms
Execution time: 2368.528 ms
