Seq Scan on cast_info ci  (cost=0.00..705507.15 rows=500 width=0) (actual time=4047.633..9661.545 rows=93 loops=1)
  Filter: (person_id = 897549)
  Rows Removed by Filter: 36244251
Planning time: 0.373 ms
Execution time: 9661.663 ms
