Hash Join  (cost=105647.94..216944.32 rows=2392745 width=0) (actual time=2222.281..5450.185 rows=2291697 loops=1)
  Hash Cond: (mc.movie_id = t.id)
  ->  Seq Scan on movie_companies mc  (cost=0.00..44881.29 rows=2609129 width=4) (actual time=0.013..878.726 rows=2609129 loops=1)
  ->  Hash  (cost=67604.59..67604.59 rows=2318828 width=4) (actual time=2221.119..2221.119 rows=2312885 loops=1)
        Buckets: 131072  Batches: 32  Memory Usage: 3569kB
        ->  Seq Scan on title t  (cost=0.00..67604.59 rows=2318828 width=4) (actual time=0.024..1480.645 rows=2312885 loops=1)
              Filter: (production_year > 1940)
              Rows Removed by Filter: 215427
Planning time: 3.372 ms
Execution time: 5731.227 ms
