Seq Scan on movie_info mi  (cost=0.00..346232.03 rows=17937 width=0) (actual time=881.472..5653.830 rows=6578 loops=1)
  Filter: (info_type_id = 77)
  Rows Removed by Filter: 14829142
Planning time: 0.397 ms
Execution time: 5654.840 ms
