Hash Join  (cost=317922.65..1022154.26 rows=17579689 width=0) (actual time=7652.478..57700.864 rows=159513662 loops=1)
  Hash Cond: (mi.movie_id = t.id)
  ->  Seq Scan on movie_info mi  (cost=0.00..309384.22 rows=14739122 width=4) (actual time=0.025..6131.535 rows=14835720 loops=1)
  ->  Hash  (cost=268443.75..268443.75 rows=3015832 width=8) (actual time=7651.550..7651.550 rows=3073975 loops=1)
        Buckets: 131072  Batches: 64  Memory Usage: 2994kB
        ->  Hash Join  (cost=107928.35..268443.75 rows=3015832 width=8) (actual time=2292.149..6739.942 rows=3073975 loops=1)
              Hash Cond: (mk.movie_id = t.id)
              ->  Seq Scan on movie_keyword mk  (cost=0.00..81003.12 rows=3102591 width=4) (actual time=0.025..1784.609 rows=3090000 loops=1)
                    Filter: (keyword_id < 11662)
                    Rows Removed by Filter: 1433930
              ->  Hash  (cost=67604.59..67604.59 rows=2457821 width=4) (actual time=2289.829..2289.829 rows=2456218 loops=1)
                    Buckets: 131072  Batches: 64  Memory Usage: 2385kB
                    ->  Seq Scan on title t  (cost=0.00..67604.59 rows=2457821 width=4) (actual time=0.015..1463.396 rows=2456218 loops=1)
                          Filter: (production_year > 0)
                          Rows Removed by Filter: 72094
Planning time: 1.158 ms
Execution time: 75430.109 ms
