Hash Join  (cost=83810.17..226190.06 rows=1452452 width=0) (actual time=1598.047..5785.235 rows=3168334 loops=1)
  Hash Cond: (mk.movie_id = t.id)
  ->  Seq Scan on movie_keyword mk  (cost=0.00..81003.12 rows=3718197 width=4) (actual time=0.030..1734.250 rows=3715618 loops=1)
        Filter: (keyword_id > 782)
        Rows Removed by Filter: 808312
  ->  Hash  (cost=67604.59..67604.59 rows=987727 width=4) (actual time=1597.149..1597.149 rows=985048 loops=1)
        Buckets: 131072  Batches: 16  Memory Usage: 3197kB
        ->  Seq Scan on title t  (cost=0.00..67604.59 rows=987727 width=4) (actual time=0.028..1285.952 rows=985048 loops=1)
              Filter: (kind_id < 7)
              Rows Removed by Filter: 1543264
Planning time: 0.779 ms
Execution time: 6123.247 ms
