Seq Scan on movie_keyword mk  (cost=0.00..81003.12 rows=3224721 width=0) (actual time=0.021..1516.892 rows=3219244 loops=1)
  Filter: (keyword_id > 1710)
  Rows Removed by Filter: 1304686
Planning time: 0.334 ms
Execution time: 1912.023 ms
