Seq Scan on cast_info ci  (cost=0.00..705507.15 rows=12203201 width=0) (actual time=0.012..13473.405 rows=12113646 loops=1)
  Filter: (role_id > 3)
  Rows Removed by Filter: 24130698
Planning time: 0.314 ms
Execution time: 14987.502 ms
