Seq Scan on movie_companies mc  (cost=0.00..57926.93 rows=1322 width=0) (actual time=0.274..944.769 rows=2403 loops=1)
  Filter: ((company_type_id < 2) AND (company_id = 686))
  Rows Removed by Filter: 2606726
Planning time: 0.401 ms
Execution time: 945.253 ms
