Hash Join  (cost=100888.25..851753.34 rows=7588 width=0) (actual time=1738.756..18861.875 rows=56011 loops=1)
  Hash Cond: (ci.movie_id = t.id)
  ->  Seq Scan on cast_info ci  (cost=0.00..614943.12 rows=36225612 width=4) (actual time=0.007..9631.157 rows=36244344 loops=1)
  ->  Hash  (cost=100881.62..100881.62 rows=530 width=8) (actual time=1737.667..1737.667 rows=2333 loops=1)
        Buckets: 4096 (originally 1024)  Batches: 1 (originally 1)  Memory Usage: 124kB
        ->  Hash Join  (cost=73962.22..100881.62 rows=530 width=8) (actual time=1145.345..1736.436 rows=2333 loops=1)
              Hash Cond: (mi_idx.movie_id = t.id)
              ->  Seq Scan on movie_info_idx mi_idx  (cost=0.00..25185.44 rows=460978 width=4) (actual time=0.010..503.024 rows=459925 loops=1)
                    Filter: (info_type_id < 100)
                    Rows Removed by Filter: 920110
              ->  Hash  (cost=73925.90..73925.90 rows=2905 width=4) (actual time=1145.058..1145.058 rows=5989 loops=1)
                    Buckets: 8192 (originally 4096)  Batches: 1 (originally 1)  Memory Usage: 275kB
                    ->  Seq Scan on title t  (cost=0.00..73925.90 rows=2905 width=4) (actual time=1.775..1141.889 rows=5989 loops=1)
                          Filter: ((kind_id < 7) AND (production_year = 1972))
                          Rows Removed by Filter: 2522323
Planning time: 0.769 ms
Execution time: 18874.432 ms
