Seq Scan on cast_info ci  (cost=0.00..705507.15 rows=500 width=0) (actual time=2434.548..11211.058 rows=193 loops=1)
  Filter: (person_id = 3012178)
  Rows Removed by Filter: 36244151
Planning time: 0.438 ms
Execution time: 11211.175 ms
