Hash Join  (cost=844473.77..1623254.22 rows=5572879 width=0) (actual time=23630.583..38754.834 rows=7443255 loops=1)
  Hash Cond: (mi.movie_id = t.id)
  ->  Seq Scan on movie_info mi  (cost=0.00..309384.22 rows=14739122 width=4) (actual time=0.025..6005.782 rows=14835720 loops=1)
  ->  Hash  (cost=828788.28..828788.28 rows=956039 width=8) (actual time=23627.087..23627.087 rows=986696 loops=1)
        Buckets: 131072  Batches: 16  Memory Usage: 3435kB
        ->  Hash Join  (cost=68438.72..828788.28 rows=956039 width=8) (actual time=1106.416..22628.791 rows=986696 loops=1)
              Hash Cond: (ci.movie_id = t.id)
              ->  Seq Scan on cast_info ci  (cost=0.00..614943.12 rows=36225612 width=4) (actual time=0.021..9541.926 rows=36244344 loops=1)
              ->  Hash  (cost=67604.59..67604.59 rows=66731 width=4) (actual time=1105.735..1105.735 rows=67342 loops=1)
                    Buckets: 131072  Batches: 1  Memory Usage: 3392kB
                    ->  Seq Scan on title t  (cost=0.00..67604.59 rows=66731 width=4) (actual time=0.029..1078.319 rows=67342 loops=1)
                          Filter: (production_year > 2012)
                          Rows Removed by Filter: 2460970
Planning time: 1.109 ms
Execution time: 39583.483 ms
