Nested Loop  (cost=0.43..709673.15 rows=22 width=0) (actual time=3152.505..10735.009 rows=7 loops=1)
  ->  Seq Scan on cast_info ci  (cost=0.00..705507.15 rows=500 width=4) (actual time=3151.393..10733.444 rows=108 loops=1)
        Filter: (person_id = 2746273)
        Rows Removed by Filter: 36244236
  ->  Index Scan using title_pkey on title t  (cost=0.43..8.32 rows=1 width=4) (actual time=0.013..0.013 rows=0 loops=108)
        Index Cond: (id = ci.movie_id)
        Filter: (production_year = 2007)
        Rows Removed by Filter: 1
Planning time: 0.591 ms
Execution time: 10735.125 ms
