Seq Scan on title t  (cost=0.00..67604.59 rows=1135910 width=0) (actual time=0.007..1102.408 rows=1133355 loops=1)
  Filter: (production_year < 2002)
  Rows Removed by Filter: 1394957
Planning time: 0.249 ms
Execution time: 1250.179 ms
