Hash Join  (cost=83198.94..598159.31 rows=3294644 width=0) (actual time=1509.465..16925.309 rows=7328305 loops=1)
  Hash Cond: (mi.movie_id = t.id)
  ->  Seq Scan on movie_info mi  (cost=0.00..309384.22 rows=14739122 width=4) (actual time=0.024..6282.255 rows=14835720 loops=1)
  ->  Hash  (cost=73925.90..73925.90 rows=565203 width=4) (actual time=1508.634..1508.634 rows=641785 loops=1)
        Buckets: 131072  Batches: 8  Memory Usage: 3871kB
        ->  Seq Scan on title t  (cost=0.00..73925.90 rows=565203 width=4) (actual time=0.010..1297.322 rows=641785 loops=1)
              Filter: ((kind_id < 7) AND (production_year < 2006))
              Rows Removed by Filter: 1886527
Planning time: 0.775 ms
Execution time: 17712.062 ms
