Hash Join  (cost=225075.18..1362857.94 rows=10121963 width=0) (actual time=4933.919..42099.856 rows=30300675 loops=1)
  Hash Cond: (ci.movie_id = t.id)
  ->  Seq Scan on cast_info ci  (cost=0.00..614943.12 rows=36225612 width=4) (actual time=0.021..13641.324 rows=36244344 loops=1)
  ->  Hash  (cost=213483.84..213483.84 rows=706507 width=8) (actual time=4932.808..4932.808 rows=738724 loops=1)
        Buckets: 131072  Batches: 16  Memory Usage: 2854kB
        ->  Hash Join  (cost=106498.88..213483.84 rows=706507 width=8) (actual time=2507.836..4758.480 rows=738724 loops=1)
              Hash Cond: (mk.movie_id = t.id)
              ->  Seq Scan on movie_keyword mk  (cost=0.00..81003.12 rows=753554 width=4) (actual time=0.016..1378.660 rows=757252 loops=1)
                    Filter: (keyword_id < 699)
                    Rows Removed by Filter: 3766678
              ->  Hash  (cost=67604.59..67604.59 rows=2370663 width=4) (actual time=2506.254..2506.254 rows=2366946 loops=1)
                    Buckets: 131072  Batches: 32  Memory Usage: 3636kB
                    ->  Seq Scan on title t  (cost=0.00..67604.59 rows=2370663 width=4) (actual time=0.025..1433.260 rows=2366946 loops=1)
                          Filter: (production_year > 1920)
                          Rows Removed by Filter: 161366
Planning time: 1.202 ms
Execution time: 45161.283 ms
