Hash Join  (cost=83074.74..833899.15 rows=3524 width=0) (actual time=1292.899..17136.839 rows=32895 loops=1)
  Hash Cond: (ci.movie_id = t.id)
  ->  Seq Scan on cast_info ci  (cost=0.00..614943.12 rows=36225612 width=4) (actual time=0.027..8600.574 rows=36244344 loops=1)
  ->  Hash  (cost=83071.67..83071.67 rows=246 width=8) (actual time=1291.908..1291.908 rows=586 loops=1)
        Buckets: 1024  Batches: 1  Memory Usage: 31kB
        ->  Nested Loop  (cost=0.43..83071.67 rows=246 width=8) (actual time=2.843..1291.369 rows=586 loops=1)
              ->  Seq Scan on movie_keyword mk  (cost=0.00..81003.12 rows=246 width=4) (actual time=2.775..1256.592 rows=586 loops=1)
                    Filter: (keyword_id = 4678)
                    Rows Removed by Filter: 4523344
              ->  Index Only Scan using title_pkey on title t  (cost=0.43..8.40 rows=1 width=4) (actual time=0.057..0.057 rows=1 loops=586)
                    Index Cond: (id = mk.movie_id)
                    Heap Fetches: 586
Planning time: 1.203 ms
Execution time: 17145.411 ms
