Hash Join  (cost=173407.26..1309709.30 rows=11223468 width=0) (actual time=4160.231..38760.837 rows=24494326 loops=1)
  Hash Cond: (ci.movie_id = t.id)
  ->  Seq Scan on cast_info ci  (cost=0.00..705507.15 rows=27198470 width=4) (actual time=0.015..15836.377 rows=27352532 loops=1)
        Filter: (person_id > 875228)
        Rows Removed by Filter: 8891812
  ->  Hash  (cost=156288.78..156288.78 rows=1043398 width=8) (actual time=4159.146..4159.146 rows=1028692 loops=1)
        Buckets: 131072  Batches: 16  Memory Usage: 3543kB
        ->  Hash Join  (cost=98969.27..156288.78 rows=1043398 width=8) (actual time=2033.767..3858.097 rows=1028692 loops=1)
              Hash Cond: (mi_idx.movie_id = t.id)
              ->  Seq Scan on movie_info_idx mi_idx  (cost=0.00..21735.35 rows=1380035 width=4) (actual time=0.024..495.397 rows=1380035 loops=1)
              ->  Hash  (cost=67604.59..67604.59 rows=1911735 width=4) (actual time=2032.781..2032.781 rows=1903258 loops=1)
                    Buckets: 131072  Batches: 32  Memory Usage: 3122kB
                    ->  Seq Scan on title t  (cost=0.00..67604.59 rows=1911735 width=4) (actual time=0.023..1426.404 rows=1903258 loops=1)
                          Filter: (production_year > 1982)
                          Rows Removed by Filter: 625054
Planning time: 1.230 ms
Execution time: 41318.480 ms
