Hash Join  (cost=181023.02..222643.22 rows=228871 width=0) (actual time=3618.631..4920.806 rows=618165 loops=1)
  Hash Cond: (mi_idx.movie_id = t.id)
  ->  Seq Scan on movie_info_idx mi_idx  (cost=0.00..21735.35 rows=1380035 width=4) (actual time=0.029..484.925 rows=1380035 loops=1)
  ->  Hash  (cost=174142.26..174142.26 rows=419341 width=8) (actual time=3617.753..3617.753 rows=420271 loops=1)
        Buckets: 131072  Batches: 8  Memory Usage: 3081kB
        ->  Hash Join  (cost=102767.86..174142.26 rows=419341 width=8) (actual time=1877.749..3505.411 rows=420271 loops=1)
              Hash Cond: (mc.movie_id = t.id)
              ->  Seq Scan on movie_companies mc  (cost=0.00..51404.11 rows=419341 width=4) (actual time=0.024..901.534 rows=420271 loops=1)
                    Filter: (company_id < 294)
                    Rows Removed by Filter: 2188858
              ->  Hash  (cost=61283.27..61283.27 rows=2528527 width=4) (actual time=1875.549..1875.549 rows=2528312 loops=1)
                    Buckets: 131072  Batches: 64  Memory Usage: 2415kB
                    ->  Seq Scan on title t  (cost=0.00..61283.27 rows=2528527 width=4) (actual time=0.027..1031.077 rows=2528312 loops=1)
Planning time: 1.122 ms
Execution time: 4996.827 ms
