Hash Join  (cost=74452.28..441562.86 rows=245465 width=0) (actual time=1086.942..9545.815 rows=395777 loops=1)
  Hash Cond: (mi.movie_id = t.id)
  ->  Seq Scan on movie_info mi  (cost=0.00..309384.22 rows=14739122 width=4) (actual time=0.019..4468.176 rows=14835720 loops=1)
  ->  Hash  (cost=73925.90..73925.90 rows=42110 width=4) (actual time=1086.491..1086.491 rows=33905 loops=1)
        Buckets: 65536  Batches: 1  Memory Usage: 1704kB
        ->  Seq Scan on title t  (cost=0.00..73925.90 rows=42110 width=4) (actual time=0.469..1072.039 rows=33905 loops=1)
              Filter: ((kind_id < 7) AND (production_year = 2006))
              Rows Removed by Filter: 2494407
Planning time: 0.829 ms
Execution time: 9603.209 ms
