Hash Join  (cost=153787.15..234523.08 rows=412440 width=0) (actual time=2932.169..5461.386 rows=1171425 loops=1)
  Hash Cond: (mc.movie_id = t.id)
  ->  Seq Scan on movie_companies mc  (cost=0.00..44881.29 rows=2609129 width=4) (actual time=0.024..954.565 rows=2609129 loops=1)
  ->  Hash  (cost=147228.92..147228.92 rows=399699 width=8) (actual time=2931.298..2931.298 rows=408394 loops=1)
        Buckets: 131072  Batches: 8  Memory Usage: 3025kB
        ->  Hash Join  (cost=103574.60..147228.92 rows=399699 width=8) (actual time=1646.806..2810.202 rows=408394 loops=1)
              Hash Cond: (mi_idx.movie_id = t.id)
              ->  Seq Scan on movie_info_idx mi_idx  (cost=0.00..25185.44 rows=460978 width=4) (actual time=0.025..404.042 rows=459925 loops=1)
                    Filter: (info_type_id < 100)
                    Rows Removed by Filter: 920110
              ->  Hash  (cost=67604.59..67604.59 rows=2192401 width=4) (actual time=1645.877..1645.877 rows=2182316 loops=1)
                    Buckets: 131072  Batches: 32  Memory Usage: 3425kB
                    ->  Seq Scan on title t  (cost=0.00..67604.59 rows=2192401 width=4) (actual time=0.016..1052.481 rows=2182316 loops=1)
                          Filter: (production_year > 1962)
                          Rows Removed by Filter: 345996
Planning time: 1.275 ms
Execution time: 5600.449 ms
