Seq Scan on cast_info ci  (cost=0.00..705507.15 rows=1149559 width=0) (actual time=5307.769..12341.407 rows=1093558 loops=1)
  Filter: (role_id = 9)
  Rows Removed by Filter: 35150786
Planning time: 0.362 ms
Execution time: 12480.032 ms
