Hash Join  (cost=73205.47..1088571.40 rows=2278766 width=0) (actual time=1224.958..27127.043 rows=2319975 loops=1)
  Hash Cond: (ci.movie_id = t.id)
  ->  Seq Scan on cast_info ci  (cost=0.00..796071.18 rows=16879756 width=4) (actual time=0.024..16642.281 rows=19217983 loops=1)
        Filter: ((person_id < 2140281) AND (role_id < 8))
        Rows Removed by Filter: 17026361
  ->  Hash  (cost=67604.59..67604.59 rows=341351 width=4) (actual time=1223.507..1223.507 rows=337846 loops=1)
        Buckets: 131072  Batches: 8  Memory Usage: 2501kB
        ->  Seq Scan on title t  (cost=0.00..67604.59 rows=341351 width=4) (actual time=0.018..1111.335 rows=337846 loops=1)
              Filter: (production_year < 1968)
              Rows Removed by Filter: 2190466
Planning time: 0.839 ms
Execution time: 27392.512 ms
