Hash Join  (cost=52284.99..138944.89 rows=186 width=0) (actual time=1030.293..2405.797 rows=9 loops=1)
  Hash Cond: (mk.movie_id = t.id)
  ->  Seq Scan on movie_keyword mk  (cost=0.00..69693.30 rows=4523930 width=4) (actual time=0.014..955.919 rows=4523930 loops=1)
  ->  Hash  (cost=52283.69..52283.69 rows=104 width=8) (actual time=680.382..680.382 rows=9 loops=1)
        Buckets: 1024  Batches: 1  Memory Usage: 9kB
        ->  Nested Loop  (cost=0.43..52283.69 rows=104 width=8) (actual time=174.819..680.370 rows=9 loops=1)
              ->  Seq Scan on movie_companies mc  (cost=0.00..51404.11 rows=104 width=4) (actual time=174.697..680.056 rows=9 loops=1)
                    Filter: (company_id = 77184)
                    Rows Removed by Filter: 2609120
              ->  Index Only Scan using title_pkey on title t  (cost=0.43..8.45 rows=1 width=4) (actual time=0.029..0.030 rows=1 loops=9)
                    Index Cond: (id = mc.movie_id)
                    Heap Fetches: 9
Planning time: 1.847 ms
Execution time: 2405.884 ms
