Hash Join  (cost=184717.51..572033.61 rows=424035 width=0) (actual time=4380.585..12454.764 rows=1697544 loops=1)
  Hash Cond: (mi.movie_id = t.id)
  ->  Seq Scan on movie_info mi  (cost=0.00..346232.03 rows=3068194 width=4) (actual time=46.000..5958.661 rows=3036719 loops=1)
        Filter: (info_type_id = 16)
        Rows Removed by Filter: 11799001
  ->  Hash  (cost=178983.37..178983.37 rows=349451 width=8) (actual time=4333.386..4333.386 rows=659798 loops=1)
        Buckets: 131072 (originally 131072)  Batches: 16 (originally 8)  Memory Usage: 3073kB
        ->  Hash Join  (cost=102767.86..178983.37 rows=349451 width=8) (actual time=2124.171..4114.774 rows=659798 loops=1)
              Hash Cond: (mc.movie_id = t.id)
              ->  Seq Scan on movie_companies mc  (cost=0.00..57926.93 rows=349451 width=4) (actual time=37.308..1020.004 rows=659798 loops=1)
                    Filter: ((company_id > 46856) AND (company_type_id = 2))
                    Rows Removed by Filter: 1949331
              ->  Hash  (cost=61283.27..61283.27 rows=2528527 width=4) (actual time=2085.583..2085.583 rows=2528312 loops=1)
                    Buckets: 131072  Batches: 64  Memory Usage: 2415kB
                    ->  Seq Scan on title t  (cost=0.00..61283.27 rows=2528527 width=4) (actual time=0.028..1025.918 rows=2528312 loops=1)
Planning time: 1.220 ms
Execution time: 12631.933 ms
