Hash Join  (cost=505079.70..1724875.94 rows=18105609 width=0) (actual time=9368.539..44146.149 rows=11400030 loops=1)
  Hash Cond: (ci.movie_id = t.id)
  ->  Seq Scan on cast_info ci  (cost=0.00..614943.12 rows=36225612 width=4) (actual time=0.015..13094.351 rows=36244344 loops=1)
  ->  Hash  (cost=484345.69..484345.69 rows=1263761 width=8) (actual time=9367.227..9367.227 rows=521041 loops=1)
        Buckets: 131072  Batches: 32  Memory Usage: 1645kB
        ->  Hash Join  (cost=92883.59..484345.69 rows=1263761 width=8) (actual time=3460.439..9200.543 rows=521041 loops=1)
              Hash Cond: (mi.movie_id = t.id)
              ->  Seq Scan on movie_info mi  (cost=0.00..346232.03 rows=2073893 width=4) (actual time=1723.590..5655.963 rows=2091068 loops=1)
                    Filter: (info_type_id < 3)
                    Rows Removed by Filter: 12744652
              ->  Hash  (cost=67604.59..67604.59 rows=1540800 width=4) (actual time=1735.579..1735.579 rows=1543264 loops=1)
                    Buckets: 131072  Batches: 32  Memory Usage: 2728kB
                    ->  Seq Scan on title t  (cost=0.00..67604.59 rows=1540800 width=4) (actual time=0.039..1234.166 rows=1543264 loops=1)
                          Filter: (kind_id = 7)
                          Rows Removed by Filter: 985048
Planning time: 1.231 ms
Execution time: 45532.968 ms
