Seq Scan on title t  (cost=0.00..73925.90 rows=184896 width=0) (actual time=0.023..1027.203 rows=79092 loops=1)
  Filter: ((production_year < 1965) AND (kind_id = 7))
  Rows Removed by Filter: 2449220
Planning time: 0.367 ms
Execution time: 1040.496 ms
