Hash Join  (cost=202004.01..1147581.14 rows=1577755 width=0) (actual time=3966.891..28755.437 rows=4765014 loops=1)
  Hash Cond: (ci.movie_id = t.id)
  ->  Seq Scan on cast_info ci  (cost=0.00..705507.15 rows=19328382 width=4) (actual time=0.023..14464.093 rows=19236362 loops=1)
        Filter: (person_id < 1922178)
        Rows Removed by Filter: 17007982
  ->  Hash  (cost=198617.00..198617.00 rows=206401 width=8) (actual time=3966.080..3966.080 rows=222109 loops=1)
        Buckets: 131072  Batches: 4  Memory Usage: 3209kB
        ->  Hash Join  (cost=102767.86..198617.00 rows=206401 width=8) (actual time=2211.956..3904.130 rows=222109 loops=1)
              Hash Cond: (mk.movie_id = t.id)
              ->  Seq Scan on movie_keyword mk  (cost=0.00..81003.12 rows=206401 width=4) (actual time=0.015..1153.799 rows=222109 loops=1)
                    Filter: (keyword_id < 178)
                    Rows Removed by Filter: 4301821
              ->  Hash  (cost=61283.27..61283.27 rows=2528527 width=4) (actual time=2210.412..2210.412 rows=2528312 loops=1)
                    Buckets: 131072  Batches: 64  Memory Usage: 2425kB
                    ->  Seq Scan on title t  (cost=0.00..61283.27 rows=2528527 width=4) (actual time=0.018..1051.330 rows=2528312 loops=1)
Planning time: 1.215 ms
Execution time: 29381.555 ms
