Hash Join  (cost=107928.35..759028.85 rows=14326967 width=0) (actual time=2302.719..20868.698 rows=14779375 loops=1)
  Hash Cond: (mi.movie_id = t.id)
  ->  Seq Scan on movie_info mi  (cost=0.00..309384.22 rows=14739122 width=4) (actual time=0.026..6374.665 rows=14835720 loops=1)
  ->  Hash  (cost=67604.59..67604.59 rows=2457821 width=4) (actual time=2300.627..2300.627 rows=2456218 loops=1)
        Buckets: 131072  Batches: 64  Memory Usage: 2385kB
        ->  Seq Scan on title t  (cost=0.00..67604.59 rows=2457821 width=4) (actual time=0.017..1448.236 rows=2456218 loops=1)
              Filter: (production_year > 0)
              Rows Removed by Filter: 72094
Planning time: 0.766 ms
Execution time: 22583.751 ms
