Hash Join  (cost=74119.74..161055.22 rows=27744 width=0) (actual time=1178.692..2986.008 rows=63277 loops=1)
  Hash Cond: (mk.movie_id = t.id)
  ->  Seq Scan on movie_keyword mk  (cost=0.00..69693.30 rows=4523930 width=4) (actual time=0.023..926.684 rows=4523930 loops=1)
  ->  Hash  (cost=73925.90..73925.90 rows=15507 width=4) (actual time=1175.833..1175.833 rows=11835 loops=1)
        Buckets: 16384  Batches: 1  Memory Usage: 545kB
        ->  Seq Scan on title t  (cost=0.00..73925.90 rows=15507 width=4) (actual time=0.657..1170.564 rows=11835 loops=1)
              Filter: ((kind_id < 7) AND (production_year = 1995))
              Rows Removed by Filter: 2516477
Planning time: 0.756 ms
Execution time: 2994.624 ms
