Hash Join  (cost=236307.35..283870.77 rows=575294 width=0) (actual time=5889.352..7720.673 rows=2304799 loops=1)
  Hash Cond: (mi_idx.movie_id = t.id)
  ->  Seq Scan on movie_info_idx mi_idx  (cost=0.00..21735.35 rows=1380035 width=4) (actual time=0.022..447.732 rows=1380035 loops=1)
  ->  Hash  (cost=219013.54..219013.54 rows=1054065 width=8) (actual time=5888.297..5888.297 rows=1061117 loops=1)
        Buckets: 131072  Batches: 16  Memory Usage: 3643kB
        ->  Hash Join  (cost=102767.86..219013.54 rows=1054065 width=8) (actual time=1929.027..4920.082 rows=1061117 loops=1)
              Hash Cond: (mk.movie_id = t.id)
              ->  Seq Scan on movie_keyword mk  (cost=0.00..81003.12 rows=1054065 width=4) (actual time=0.022..1448.903 rows=1061117 loops=1)
                    Filter: (keyword_id < 1060)
                    Rows Removed by Filter: 3462813
              ->  Hash  (cost=61283.27..61283.27 rows=2528527 width=4) (actual time=1927.598..1927.598 rows=2528312 loops=1)
                    Buckets: 131072  Batches: 64  Memory Usage: 2425kB
                    ->  Seq Scan on title t  (cost=0.00..61283.27 rows=2528527 width=4) (actual time=0.020..1081.191 rows=2528312 loops=1)
Planning time: 1.195 ms
Execution time: 7997.402 ms
