Seq Scan on cast_info ci  (cost=0.00..796071.18 rows=15738593 width=0) (actual time=2.827..15484.458 rows=11545584 loops=1)
  Filter: ((person_id < 2485358) AND (role_id > 1))
  Rows Removed by Filter: 24698760
Planning time: 0.428 ms
Execution time: 16897.776 ms
