Hash Join  (cost=102767.86..212903.91 rows=2030273 width=0) (actual time=1807.962..5298.582 rows=2032904 loops=1)
  Hash Cond: (mc.movie_id = t.id)
  ->  Seq Scan on movie_companies mc  (cost=0.00..51404.11 rows=2030273 width=4) (actual time=0.007..1188.601 rows=2032904 loops=1)
        Filter: (company_id > 626)
        Rows Removed by Filter: 576225
  ->  Hash  (cost=61283.27..61283.27 rows=2528527 width=4) (actual time=1806.814..1806.814 rows=2528312 loops=1)
        Buckets: 131072  Batches: 64  Memory Usage: 2415kB
        ->  Seq Scan on title t  (cost=0.00..61283.27 rows=2528527 width=4) (actual time=0.019..934.919 rows=2528312 loops=1)
Planning time: 3.654 ms
Execution time: 5531.478 ms
