Seq Scan on title t  (cost=0.00..73925.90 rows=10480 width=0) (actual time=0.103..1062.388 rows=5587 loops=1)
  Filter: ((kind_id = 1) AND (production_year = 1995))
  Rows Removed by Filter: 2522725
Planning time: 0.297 ms
Execution time: 1063.631 ms
