Hash Join  (cost=98137.04..203894.79 rows=637904 width=0) (actual time=2170.533..4446.495 rows=347247 loops=1)
  Hash Cond: (mk.movie_id = t.id)
  ->  Seq Scan on movie_keyword mk  (cost=0.00..81003.12 rows=866717 width=4) (actual time=0.018..1433.550 rows=866635 loops=1)
        Filter: (keyword_id < 825)
        Rows Removed by Filter: 3657295
  ->  Hash  (cost=67604.59..67604.59 rows=1860996 width=4) (actual time=2167.961..2167.961 rows=1865487 loops=1)
        Buckets: 131072  Batches: 32  Memory Usage: 3085kB
        ->  Seq Scan on title t  (cost=0.00..67604.59 rows=1860996 width=4) (actual time=0.015..1274.784 rows=1865487 loops=1)
              Filter: (kind_id > 1)
              Rows Removed by Filter: 662825
Planning time: 0.768 ms
Execution time: 4490.127 ms
