Hash Join  (cost=52284.46..803079.50 rows=587 width=0) (actual time=839.721..17064.515 rows=7243 loops=1)
  Hash Cond: (ci.movie_id = t.id)
  ->  Seq Scan on cast_info ci  (cost=0.00..614943.12 rows=36225612 width=4) (actual time=0.022..9081.911 rows=36244344 loops=1)
  ->  Hash  (cost=52283.95..52283.95 rows=41 width=8) (actual time=733.499..733.499 rows=541 loops=1)
        Buckets: 1024  Batches: 1  Memory Usage: 30kB
        ->  Nested Loop  (cost=0.43..52283.95 rows=41 width=8) (actual time=122.641..733.183 rows=541 loops=1)
              ->  Seq Scan on movie_companies mc  (cost=0.00..51404.11 rows=104 width=4) (actual time=122.575..721.199 rows=541 loops=1)
                    Filter: (company_id = 14947)
                    Rows Removed by Filter: 2608588
              ->  Index Scan using title_pkey on title t  (cost=0.43..8.45 rows=1 width=4) (actual time=0.021..0.021 rows=1 loops=541)
                    Index Cond: (id = mc.movie_id)
                    Filter: (kind_id < 7)
Planning time: 1.136 ms
Execution time: 17066.140 ms
