Hash Join  (cost=847522.46..1333357.89 rows=2719824 width=0) (actual time=15368.308..28153.837 rows=5071172 loops=1)
  Hash Cond: (mi.movie_id = t.id)
  ->  Seq Scan on movie_info mi  (cost=0.00..346232.03 rows=9476311 width=4) (actual time=0.019..6762.638 rows=9565151 loops=1)
        Filter: (info_type_id < 16)
        Rows Removed by Filter: 5270569
  ->  Hash  (cost=835615.96..835615.96 rows=725720 width=8) (actual time=15367.408..15367.408 rows=773674 loops=1)
        Buckets: 131072  Batches: 16  Memory Usage: 2911kB
        ->  Hash Join  (cost=102767.86..835615.96 rows=725720 width=8) (actual time=3773.557..15129.902 rows=773674 loops=1)
              Hash Cond: (ci.movie_id = t.id)
              ->  Seq Scan on cast_info ci  (cost=0.00..705507.15 rows=725720 width=4) (actual time=1684.511..11988.170 rows=773674 loops=1)
                    Filter: (role_id = 6)
                    Rows Removed by Filter: 35470670
              ->  Hash  (cost=61283.27..61283.27 rows=2528527 width=4) (actual time=2087.384..2087.384 rows=2528312 loops=1)
                    Buckets: 131072  Batches: 64  Memory Usage: 2415kB
                    ->  Seq Scan on title t  (cost=0.00..61283.27 rows=2528527 width=4) (actual time=0.025..1210.174 rows=2528312 loops=1)
Planning time: 1.216 ms
Execution time: 28738.253 ms
