Hash Join  (cost=83073.49..138837.86 rows=44 width=0) (actual time=1455.274..2418.057 rows=821 loops=1)
  Hash Cond: (mc.movie_id = t.id)
  ->  Seq Scan on movie_companies mc  (cost=0.00..51404.11 rows=1162618 width=4) (actual time=66.945..868.171 rows=1170990 loops=1)
        Filter: (company_id > 12788)
        Rows Removed by Filter: 1438139
  ->  Hash  (cost=83072.29..83072.29 rows=96 width=8) (actual time=1387.254..1387.254 rows=247 loops=1)
        Buckets: 1024  Batches: 1  Memory Usage: 18kB
        ->  Nested Loop  (cost=0.43..83072.29 rows=96 width=8) (actual time=5.411..1386.973 rows=247 loops=1)
              ->  Seq Scan on movie_keyword mk  (cost=0.00..81003.12 rows=246 width=4) (actual time=5.351..1357.144 rows=275 loops=1)
                    Filter: (keyword_id = 14403)
                    Rows Removed by Filter: 4523655
              ->  Index Scan using title_pkey on title t  (cost=0.43..8.40 rows=1 width=4) (actual time=0.105..0.105 rows=1 loops=275)
                    Index Cond: (id = mk.movie_id)
                    Filter: (kind_id < 7)
                    Rows Removed by Filter: 0
Planning time: 2.366 ms
Execution time: 2418.364 ms
