Seq Scan on cast_info ci  (cost=0.00..796071.18 rows=3215932 width=0) (actual time=4271.435..11893.063 rows=7520218 loops=1)
  Filter: ((person_id > 2753820) AND (role_id > 3))
  Rows Removed by Filter: 28724126
Planning time: 0.390 ms
Execution time: 12853.917 ms
