Hash Join  (cost=70308.29..161438.90 rows=50596 width=0) (actual time=1088.377..2789.480 rows=22659 loops=1)
  Hash Cond: (mk.movie_id = t.id)
  ->  Seq Scan on movie_keyword mk  (cost=0.00..81003.12 rows=776406 width=4) (actual time=0.024..1371.737 rows=784970 loops=1)
        Filter: (keyword_id > 24007)
        Rows Removed by Filter: 3738960
  ->  Hash  (cost=67604.59..67604.59 rows=164776 width=4) (actual time=1085.961..1085.961 rows=164307 loops=1)
        Buckets: 131072  Batches: 4  Memory Usage: 2488kB
        ->  Seq Scan on title t  (cost=0.00..67604.59 rows=164776 width=4) (actual time=0.012..1023.595 rows=164307 loops=1)
              Filter: (production_year = 2012)
              Rows Removed by Filter: 2364005
Planning time: 0.788 ms
Execution time: 2793.050 ms
