Seq Scan on movie_keyword mk  (cost=0.00..81003.12 rows=497704 width=0) (actual time=0.040..1362.630 rows=491618 loops=1)
  Filter: (keyword_id > 36635)
  Rows Removed by Filter: 4032312
Planning time: 0.378 ms
Execution time: 1426.069 ms
