Nested Loop  (cost=0.43..83071.67 rows=246 width=0) (actual time=1.485..919.134 rows=263 loops=1)
  ->  Seq Scan on movie_keyword mk  (cost=0.00..81003.12 rows=246 width=4) (actual time=1.432..903.698 rows=263 loops=1)
        Filter: (keyword_id = 6032)
        Rows Removed by Filter: 4523667
  ->  Index Only Scan using title_pkey on title t  (cost=0.43..8.40 rows=1 width=4) (actual time=0.057..0.057 rows=1 loops=263)
        Index Cond: (id = mk.movie_id)
        Heap Fetches: 263
Planning time: 0.666 ms
Execution time: 919.315 ms
