Hash Join  (cost=102767.86..1100126.39 rows=7954668 width=0) (actual time=2186.652..27265.299 rows=11121637 loops=1)
  Hash Cond: (ci.movie_id = t.id)
  ->  Seq Scan on cast_info ci  (cost=0.00..796071.18 rows=7954668 width=4) (actual time=0.032..15373.919 rows=11121637 loops=1)
        Filter: ((person_id > 1822571) AND (role_id > 2))
        Rows Removed by Filter: 25122707
  ->  Hash  (cost=61283.27..61283.27 rows=2528527 width=4) (actual time=2185.257..2185.257 rows=2528312 loops=1)
        Buckets: 131072  Batches: 64  Memory Usage: 2415kB
        ->  Seq Scan on title t  (cost=0.00..61283.27 rows=2528527 width=4) (actual time=0.022..1058.780 rows=2528312 loops=1)
Planning time: 0.768 ms
Execution time: 28555.712 ms
