Hash Join  (cost=110215.89..186364.87 rows=79746 width=0) (actual time=2089.084..3907.452 rows=183125 loops=1)
  Hash Cond: (mc.movie_id = t.id)
  ->  Seq Scan on movie_companies mc  (cost=0.00..44881.29 rows=2609129 width=4) (actual time=0.019..890.612 rows=2609129 loops=1)
  ->  Hash  (cost=108947.86..108947.86 rows=77282 width=8) (actual time=2087.826..2087.826 rows=60683 loops=1)
        Buckets: 131072  Batches: 2  Memory Usage: 2208kB
        ->  Hash Join  (cost=69928.56..108947.86 rows=77282 width=8) (actual time=1124.931..2068.092 rows=60683 loops=1)
              Hash Cond: (mi_idx.movie_id = t.id)
              ->  Seq Scan on movie_info_idx mi_idx  (cost=0.00..21735.35 rows=1380035 width=4) (actual time=0.020..444.388 rows=1380035 loops=1)
              ->  Hash  (cost=67604.59..67604.59 rows=141598 width=4) (actual time=1124.228..1124.228 rows=141703 loops=1)
                    Buckets: 131072  Batches: 2  Memory Usage: 3511kB
                    ->  Seq Scan on title t  (cost=0.00..67604.59 rows=141598 width=4) (actual time=0.019..1072.696 rows=141703 loops=1)
                          Filter: (production_year = 2010)
                          Rows Removed by Filter: 2386609
Planning time: 1.137 ms
Execution time: 3931.304 ms
