Hash Join  (cost=428973.18..516134.55 rows=50333 width=0) (actual time=6760.419..8859.442 rows=258360 loops=1)
  Hash Cond: (mk.movie_id = t.id)
  ->  Seq Scan on movie_keyword mk  (cost=0.00..69693.30 rows=4523930 width=4) (actual time=0.009..1139.014 rows=4523930 loops=1)
  ->  Hash  (cost=428621.53..428621.53 rows=28132 width=8) (actual time=6759.862..6759.862 rows=55940 loops=1)
        Buckets: 65536 (originally 32768)  Batches: 1 (originally 1)  Memory Usage: 2698kB
        ->  Hash Join  (cost=77354.40..428621.53 rows=28132 width=8) (actual time=1882.198..6739.633 rows=55940 loops=1)
              Hash Cond: (mi.movie_id = t.id)
              ->  Seq Scan on movie_info mi  (cost=0.00..346232.03 rows=340474 width=4) (actual time=642.467..5304.517 rows=328857 loops=1)
                    Filter: (info_type_id = 98)
                    Rows Removed by Filter: 14506863
              ->  Hash  (cost=73925.90..73925.90 rows=208920 width=4) (actual time=1238.681..1238.681 rows=183835 loops=1)
                    Buckets: 131072  Batches: 4  Memory Usage: 2655kB
                    ->  Seq Scan on title t  (cost=0.00..73925.90 rows=208920 width=4) (actual time=0.067..1173.506 rows=183835 loops=1)
                          Filter: ((kind_id < 7) AND (production_year > 2009))
                          Rows Removed by Filter: 2344477
Planning time: 1.198 ms
Execution time: 8893.843 ms
