Seq Scan on movie_companies mc  (cost=0.00..51404.11 rows=1177486 width=0) (actual time=0.023..937.845 rows=1186648 loops=1)
  Filter: (company_id > 12526)
  Rows Removed by Filter: 1422481
Planning time: 0.355 ms
Execution time: 1090.090 ms
