Hash Join  (cost=144492.07..958619.63 rows=110717 width=0) (actual time=11953.912..19590.889 rows=590560 loops=1)
  Hash Cond: (ci.movie_id = t.id)
  ->  Seq Scan on cast_info ci  (cost=0.00..796071.18 rows=4519791 width=4) (actual time=9158.960..14061.497 rows=6979756 loops=1)
        Filter: ((person_id > 1877114) AND (role_id > 4))
        Rows Removed by Filter: 29264588
  ->  Hash  (cost=143717.83..143717.83 rows=61939 width=8) (actual time=2794.380..2794.380 rows=92308 loops=1)
        Buckets: 131072 (originally 65536)  Batches: 2 (originally 1)  Memory Usage: 3073kB
        ->  Hash Join  (cost=75859.28..143717.83 rows=61939 width=8) (actual time=1498.946..2757.551 rows=92308 loops=1)
              Hash Cond: (mc.movie_id = t.id)
              ->  Seq Scan on movie_companies mc  (cost=0.00..51404.11 rows=1329612 width=4) (actual time=247.865..990.041 rows=1334883 loops=1)
                    Filter: (company_type_id > 1)
                    Rows Removed by Filter: 1274246
              ->  Hash  (cost=73925.90..73925.90 rows=117790 width=4) (actual time=1250.299..1250.299 rows=112195 loops=1)
                    Buckets: 131072  Batches: 2  Memory Usage: 2994kB
                    ->  Seq Scan on title t  (cost=0.00..73925.90 rows=117790 width=4) (actual time=0.026..1193.793 rows=112195 loops=1)
                          Filter: ((kind_id < 3) AND (production_year > 2010))
                          Rows Removed by Filter: 2416117
Planning time: 1.320 ms
Execution time: 19665.947 ms
