Seq Scan on cast_info ci  (cost=0.00..705507.15 rows=15161306 width=0) (actual time=0.031..12760.732 rows=15039342 loops=1)
  Filter: (person_id < 1483889)
  Rows Removed by Filter: 21205002
Planning time: 0.361 ms
Execution time: 14676.299 ms
