Seq Scan on cast_info ci  (cost=0.00..796071.18 rows=22182421 width=0) (actual time=4016.254..17789.386 rows=23008792 loops=1)
  Filter: ((person_id > 193553) AND (role_id > 1))
  Rows Removed by Filter: 13235552
Planning time: 0.336 ms
Execution time: 20660.963 ms
