Seq Scan on movie_keyword mk  (cost=0.00..81003.12 rows=1732965 width=0) (actual time=0.025..1420.326 rows=1743454 loops=1)
  Filter: (keyword_id > 8038)
  Rows Removed by Filter: 2780476
Planning time: 0.317 ms
Execution time: 1636.232 ms
