Seq Scan on movie_keyword mk  (cost=0.00..81003.12 rows=3795974 width=0) (actual time=0.029..1697.805 rows=3787272 loops=1)
  Filter: (keyword_id < 25572)
  Rows Removed by Filter: 736658
Planning time: 0.349 ms
Execution time: 2153.353 ms
