Seq Scan on movie_keyword mk  (cost=0.00..81003.12 rows=626726 width=0) (actual time=0.022..1427.575 rows=624081 loops=1)
  Filter: (keyword_id < 482)
  Rows Removed by Filter: 3899849
Planning time: 0.322 ms
Execution time: 1506.337 ms
