Hash Join  (cost=124079.37..873824.56 rows=231124 width=0) (actual time=2444.159..17989.989 rows=567809 loops=1)
  Hash Cond: (ci.movie_id = t.id)
  ->  Seq Scan on cast_info ci  (cost=0.00..705507.15 rows=11180479 width=4) (actual time=0.014..12335.085 rows=11171370 loops=1)
        Filter: (person_id > 2584796)
        Rows Removed by Filter: 25072974
  ->  Hash  (cost=123426.00..123426.00 rows=52270 width=8) (actual time=2443.737..2443.737 rows=41638 loops=1)
        Buckets: 65536  Batches: 1  Memory Usage: 2139kB
        ->  Hash Join  (cost=68237.77..123426.00 rows=52270 width=8) (actual time=979.267..2426.986 rows=41638 loops=1)
              Hash Cond: (mc.movie_id = t.id)
              ->  Seq Scan on movie_companies mc  (cost=0.00..44881.29 rows=2609129 width=4) (actual time=0.016..703.999 rows=2609129 loops=1)
              ->  Hash  (cost=67604.59..67604.59 rows=50655 width=4) (actual time=978.794..978.794 rows=50564 loops=1)
                    Buckets: 65536  Batches: 1  Memory Usage: 2290kB
                    ->  Seq Scan on title t  (cost=0.00..67604.59 rows=50655 width=4) (actual time=0.019..958.637 rows=50564 loops=1)
                          Filter: (production_year = 1999)
                          Rows Removed by Filter: 2477748
Planning time: 1.325 ms
Execution time: 18064.555 ms
