Hash Join  (cost=69687.24..128780.13 rows=29926 width=0) (actual time=1103.132..2333.789 rows=22739 loops=1)
  Hash Cond: (mc.movie_id = t.id)
  ->  Seq Scan on movie_companies mc  (cost=0.00..51404.11 rows=596140 width=4) (actual time=0.022..975.692 rows=593466 loops=1)
        Filter: (company_id < 686)
        Rows Removed by Filter: 2015663
  ->  Hash  (cost=67604.59..67604.59 rows=126932 width=4) (actual time=1101.680..1101.680 rows=122861 loops=1)
        Buckets: 131072  Batches: 2  Memory Usage: 3191kB
        ->  Seq Scan on title t  (cost=0.00..67604.59 rows=126932 width=4) (actual time=0.028..1051.969 rows=122861 loops=1)
              Filter: (production_year = 2008)
              Rows Removed by Filter: 2405451
Planning time: 1.079 ms
Execution time: 2337.692 ms
