Seq Scan on cast_info ci  (cost=0.00..705507.15 rows=1357676 width=0) (actual time=7578.086..10362.155 rows=1378522 loops=1)
  Filter: (person_id > 3794583)
  Rows Removed by Filter: 34865822
Planning time: 0.372 ms
Execution time: 10536.724 ms
