Nested Loop  (cost=87687.83..503407.02 rows=18509 width=0) (actual time=5095.308..13766.705 rows=903796 loops=1)
  ->  Hash Join  (cost=87687.40..453057.22 rows=95636 width=8) (actual time=5095.232..7982.142 rows=903796 loops=1)
        Hash Cond: (mi.movie_id = mc.movie_id)
        ->  Seq Scan on movie_info mi  (cost=0.00..346232.03 rows=17937 width=4) (actual time=3240.525..5304.396 rows=140065 loops=1)
              Filter: (info_type_id = 9)
              Rows Removed by Filter: 14695655
        ->  Hash  (cost=44881.29..44881.29 rows=2609129 width=4) (actual time=1853.844..1853.844 rows=2609129 loops=1)
              Buckets: 131072  Batches: 64  Memory Usage: 2532kB
              ->  Seq Scan on movie_companies mc  (cost=0.00..44881.29 rows=2609129 width=4) (actual time=0.020..981.757 rows=2609129 loops=1)
  ->  Index Only Scan using title_pkey on title t  (cost=0.43..0.52 rows=1 width=4) (actual time=0.006..0.006 rows=1 loops=903796)
        Index Cond: (id = mc.movie_id)
        Heap Fetches: 903796
Planning time: 1.087 ms
Execution time: 13927.308 ms
