Hash Join  (cost=799707.63..1150682.29 rows=217 width=0) (actual time=16599.145..20532.089 rows=102 loops=1)
  Hash Cond: (mi.movie_id = t.id)
  ->  Seq Scan on movie_info mi  (cost=0.00..346232.03 rows=1264125 width=4) (actual time=1550.921..5520.694 rows=1288928 loops=1)
        Filter: (info_type_id = 2)
        Rows Removed by Filter: 13546792
  ->  Hash  (cost=799702.19..799702.19 rows=435 width=8) (actual time=14834.222..14834.222 rows=117 loops=1)
        Buckets: 1024  Batches: 1  Memory Usage: 13kB
        ->  Nested Loop  (cost=0.43..799702.19 rows=435 width=8) (actual time=7940.544..14834.136 rows=117 loops=1)
              ->  Seq Scan on cast_info ci  (cost=0.00..796071.18 rows=435 width=4) (actual time=7940.446..14814.436 rows=117 loops=1)
                    Filter: ((role_id < 10) AND (person_id = 3287700))
                    Rows Removed by Filter: 36244227
              ->  Index Only Scan using title_pkey on title t  (cost=0.43..8.34 rows=1 width=4) (actual time=0.167..0.167 rows=1 loops=117)
                    Index Cond: (id = ci.movie_id)
                    Heap Fetches: 117
Planning time: 1.215 ms
Execution time: 20532.294 ms
