Hash Join  (cost=74185.18..425293.38 rows=10438 width=0) (actual time=3960.185..7097.139 rows=52153 loops=1)
  Hash Cond: (mi.movie_id = t.id)
  ->  Seq Scan on movie_info mi  (cost=0.00..346232.03 rows=1272478 width=4) (actual time=2513.182..5533.740 rows=1325361 loops=1)
        Filter: (info_type_id = 8)
        Rows Removed by Filter: 13510359
  ->  Hash  (cost=73925.90..73925.90 rows=20742 width=4) (actual time=1209.998..1209.998 rows=51721 loops=1)
        Buckets: 65536 (originally 32768)  Batches: 1 (originally 1)  Memory Usage: 2331kB
        ->  Seq Scan on title t  (cost=0.00..73925.90 rows=20742 width=4) (actual time=737.481..1189.769 rows=51721 loops=1)
              Filter: ((kind_id < 7) AND (production_year < 1914))
              Rows Removed by Filter: 2476591
Planning time: 0.846 ms
Execution time: 7103.992 ms
