Seq Scan on movie_keyword mk  (cost=0.00..81003.12 rows=246 width=0) (actual time=3.184..1130.660 rows=131 loops=1)
  Filter: (keyword_id = 1332)
  Rows Removed by Filter: 4523799
Planning time: 0.376 ms
Execution time: 1130.838 ms
