Hash Join  (cost=467221.43..574450.78 rows=281945 width=0) (actual time=8248.759..10451.839 rows=166599 loops=1)
  Hash Cond: (mk.movie_id = t.id)
  ->  Seq Scan on movie_keyword mk  (cost=0.00..81003.12 rows=1897275 width=4) (actual time=0.021..1542.627 rows=1908049 loops=1)
        Filter: (keyword_id > 7078)
        Rows Removed by Filter: 2615881
  ->  Hash  (cost=461056.53..461056.53 rows=375752 width=8) (actual time=8070.821..8070.821 rows=164000 loops=1)
        Buckets: 131072  Batches: 8  Memory Usage: 1833kB
        ->  Hash Join  (cost=97835.13..461056.53 rows=375752 width=8) (actual time=4136.841..8018.177 rows=164000 loops=1)
              Hash Cond: (mi.movie_id = t.id)
              ->  Seq Scan on movie_info mi  (cost=0.00..346232.03 rows=651960 width=4) (actual time=2055.955..5318.461 rows=660923 loops=1)
                    Filter: (info_type_id = 18)
                    Rows Removed by Filter: 14174797
              ->  Hash  (cost=73925.90..73925.90 rows=1457298 width=4) (actual time=2079.945..2079.945 rows=1438183 loops=1)
                    Buckets: 131072  Batches: 32  Memory Usage: 2610kB
                    ->  Seq Scan on title t  (cost=0.00..73925.90 rows=1457298 width=4) (actual time=223.488..1622.111 rows=1438183 loops=1)
                          Filter: ((production_year < 2013) AND (kind_id = 7))
                          Rows Removed by Filter: 1090129
Planning time: 1.188 ms
Execution time: 10472.846 ms
