Nested Loop  (cost=0.43..52283.95 rows=52 width=0) (actual time=283.349..802.466 rows=3 loops=1)
  ->  Seq Scan on movie_companies mc  (cost=0.00..51404.11 rows=104 width=4) (actual time=283.284..802.359 rows=3 loops=1)
        Filter: (company_id = 78559)
        Rows Removed by Filter: 2609126
  ->  Index Scan using title_pkey on title t  (cost=0.43..8.45 rows=1 width=4) (actual time=0.032..0.032 rows=1 loops=3)
        Index Cond: (id = mc.movie_id)
        Filter: (production_year < 2004)
Planning time: 0.717 ms
Execution time: 802.573 ms
