Hash Join  (cost=136506.70..501393.17 rows=23052 width=0) (actual time=1446.837..9017.197 rows=26803 loops=1)
  Hash Cond: (mi.movie_id = t.id)
  ->  Seq Scan on movie_info mi  (cost=0.00..309384.22 rows=14739122 width=4) (actual time=0.016..4692.302 rows=14835720 loops=1)
  ->  Hash  (cost=136457.26..136457.26 rows=3955 width=8) (actual time=1440.803..1440.803 rows=1733 loops=1)
        Buckets: 4096  Batches: 1  Memory Usage: 100kB
        ->  Nested Loop  (cost=0.43..136457.26 rows=3955 width=8) (actual time=0.585..1439.515 rows=1733 loops=1)
              ->  Seq Scan on movie_keyword mk  (cost=0.00..81003.12 rows=8143 width=4) (actual time=0.530..1210.198 rows=8397 loops=1)
                    Filter: (keyword_id = 348)
                    Rows Removed by Filter: 4515533
              ->  Index Scan using title_pkey on title t  (cost=0.43..6.80 rows=1 width=4) (actual time=0.027..0.027 rows=0 loops=8397)
                    Index Cond: (id = mk.movie_id)
                    Filter: ((kind_id > 1) AND (production_year < 2008))
                    Rows Removed by Filter: 1
Planning time: 1.187 ms
Execution time: 9022.482 ms
