Hash Join  (cost=92883.59..168574.37 rows=378509 width=0) (actual time=2474.410..3303.179 rows=201437 loops=1)
  Hash Cond: (mc.movie_id = t.id)
  ->  Seq Scan on movie_companies mc  (cost=0.00..57926.93 rows=621152 width=4) (actual time=0.019..1041.498 rows=399296 loops=1)
        Filter: ((company_id < 11137) AND (company_type_id > 1))
        Rows Removed by Filter: 2209833
  ->  Hash  (cost=67604.59..67604.59 rows=1540800 width=4) (actual time=1789.658..1789.658 rows=1543264 loops=1)
        Buckets: 131072  Batches: 32  Memory Usage: 2722kB
        ->  Seq Scan on title t  (cost=0.00..67604.59 rows=1540800 width=4) (actual time=0.021..1294.937 rows=1543264 loops=1)
              Filter: (kind_id = 7)
              Rows Removed by Filter: 985048
Planning time: 12.226 ms
Execution time: 3323.339 ms
