Hash Join  (cost=214113.72..359568.16 rows=1924941 width=0) (actual time=4500.775..13095.584 rows=24025371 loops=1)
  Hash Cond: (mk.movie_id = t.id)
  ->  Seq Scan on movie_keyword mk  (cost=0.00..69693.30 rows=4523930 width=4) (actual time=0.023..1461.413 rows=4523930 loops=1)
  ->  Hash  (cost=196462.05..196462.05 rows=1075893 width=8) (actual time=4499.827..4499.827 rows=955735 loops=1)
        Buckets: 131072  Batches: 16  Memory Usage: 3410kB
        ->  Hash Join  (cost=102767.86..196462.05 rows=1075893 width=8) (actual time=1991.672..4234.621 rows=955735 loops=1)
              Hash Cond: (mc.movie_id = t.id)
              ->  Seq Scan on movie_companies mc  (cost=0.00..57926.93 rows=1075893 width=4) (actual time=0.026..1097.181 rows=955735 loops=1)
                    Filter: ((company_id > 289) AND (company_type_id = 1))
                    Rows Removed by Filter: 1653394
              ->  Hash  (cost=61283.27..61283.27 rows=2528527 width=4) (actual time=1990.871..1990.871 rows=2528312 loops=1)
                    Buckets: 131072  Batches: 64  Memory Usage: 2415kB
                    ->  Seq Scan on title t  (cost=0.00..61283.27 rows=2528527 width=4) (actual time=0.020..1102.570 rows=2528312 loops=1)
Planning time: 1.119 ms
Execution time: 15547.913 ms
