Seq Scan on movie_keyword mk  (cost=0.00..81003.12 rows=246 width=0) (actual time=6.060..1317.061 rows=354 loops=1)
  Filter: (keyword_id = 2137)
  Rows Removed by Filter: 4523576
Planning time: 0.364 ms
Execution time: 1317.310 ms
