Hash Join  (cost=1267021.44..2444903.73 rows=51609914 width=0) (actual time=31204.925..89390.713 rows=155684973 loops=1)
  Hash Cond: (mi.movie_id = t.id)
  ->  Seq Scan on movie_info mi  (cost=0.00..309384.22 rows=14739122 width=4) (actual time=0.018..6420.737 rows=14835720 loops=1)
  ->  Hash  (cost=1121763.09..1121763.09 rows=8853788 width=8) (actual time=31202.284..31202.284 rows=10140271 loops=1)
        Buckets: 131072 (originally 131072)  Batches: 256 (originally 128)  Memory Usage: 4107kB
        ->  Hash Join  (cost=102767.86..1121763.09 rows=8853788 width=8) (actual time=3877.673..27962.901 rows=10140271 loops=1)
              Hash Cond: (ci.movie_id = t.id)
              ->  Seq Scan on cast_info ci  (cost=0.00..796071.18 rows=8853788 width=4) (actual time=1875.559..16874.471 rows=10140271 loops=1)
                    Filter: ((person_id > 957398) AND (role_id > 3))
                    Rows Removed by Filter: 26104073
              ->  Hash  (cost=61283.27..61283.27 rows=2528527 width=4) (actual time=2000.213..2000.213 rows=2528312 loops=1)
                    Buckets: 131072  Batches: 64  Memory Usage: 2415kB
                    ->  Seq Scan on title t  (cost=0.00..61283.27 rows=2528527 width=4) (actual time=0.044..1159.844 rows=2528312 loops=1)
Planning time: 1.296 ms
Execution time: 106607.030 ms
