Hash Join  (cost=83074.74..836316.99 rows=1238 width=0) (actual time=3452.654..16595.169 rows=19522 loops=1)
  Hash Cond: (ci.movie_id = t.id)
  ->  Seq Scan on cast_info ci  (cost=0.00..705507.15 rows=12726058 width=4) (actual time=2619.819..13796.612 rows=12670688 loops=1)
        Filter: (role_id = 1)
        Rows Removed by Filter: 23573656
  ->  Hash  (cost=83071.67..83071.67 rows=246 width=8) (actual time=828.881..828.881 rows=759 loops=1)
        Buckets: 1024  Batches: 1  Memory Usage: 38kB
        ->  Nested Loop  (cost=0.43..83071.67 rows=246 width=8) (actual time=3.341..828.419 rows=759 loops=1)
              ->  Seq Scan on movie_keyword mk  (cost=0.00..81003.12 rows=246 width=4) (actual time=3.213..812.273 rows=759 loops=1)
                    Filter: (keyword_id = 3055)
                    Rows Removed by Filter: 4523171
              ->  Index Only Scan using title_pkey on title t  (cost=0.43..8.40 rows=1 width=4) (actual time=0.020..0.020 rows=1 loops=759)
                    Index Cond: (id = mk.movie_id)
                    Heap Fetches: 759
Planning time: 0.825 ms
Execution time: 16599.427 ms
