Seq Scan on cast_info ci  (cost=0.00..705507.15 rows=500 width=0) (actual time=1332.118..10547.564 rows=1 loops=1)
  Filter: (person_id = 2753069)
  Rows Removed by Filter: 36244343
Planning time: 0.314 ms
Execution time: 10547.647 ms
