Hash Join  (cost=1018504.83..4026708.92 rows=149817206 width=0) (actual time=25408.415..139351.003 rows=317351775 loops=1)
  Hash Cond: (ci.movie_id = t.id)
  ->  Seq Scan on cast_info ci  (cost=0.00..705507.15 rows=25701453 width=4) (actual time=0.016..16083.927 rows=25712700 loops=1)
        Filter: (person_id < 2656140)
        Rows Removed by Filter: 10531644
  ->  Hash  (cost=776690.81..776690.81 rows=14739122 width=8) (actual time=25390.321..25390.321 rows=14835720 loops=1)
        Buckets: 131072  Batches: 256  Memory Usage: 3268kB
        ->  Hash Join  (cost=102767.86..776690.81 rows=14739122 width=8) (actual time=2009.600..21207.505 rows=14835720 loops=1)
              Hash Cond: (mi.movie_id = t.id)
              ->  Seq Scan on movie_info mi  (cost=0.00..309384.22 rows=14739122 width=4) (actual time=0.030..6417.244 rows=14835720 loops=1)
              ->  Hash  (cost=61283.27..61283.27 rows=2528527 width=4) (actual time=2008.339..2008.339 rows=2528312 loops=1)
                    Buckets: 131072  Batches: 64  Memory Usage: 2425kB
                    ->  Seq Scan on title t  (cost=0.00..61283.27 rows=2528527 width=4) (actual time=0.009..1133.763 rows=2528312 loops=1)
Planning time: 4.375 ms
Execution time: 174754.234 ms
