Hash Join  (cost=214799.19..297283.10 rows=539239 width=0) (actual time=4368.875..7128.046 rows=3093855 loops=1)
  Hash Cond: (mc.movie_id = t.id)
  ->  Seq Scan on movie_companies mc  (cost=0.00..44881.29 rows=2609129 width=4) (actual time=0.013..827.964 rows=2609129 loops=1)
  ->  Hash  (cost=206224.92..206224.92 rows=522581 width=8) (actual time=4368.017..4368.017 rows=520878 loops=1)
        Buckets: 131072  Batches: 8  Memory Usage: 3599kB
        ->  Hash Join  (cost=102767.86..206224.92 rows=522581 width=8) (actual time=1988.424..4212.928 rows=520878 loops=1)
              Hash Cond: (mk.movie_id = t.id)
              ->  Seq Scan on movie_keyword mk  (cost=0.00..81003.12 rows=522581 width=4) (actual time=0.035..1372.678 rows=520878 loops=1)
                    Filter: (keyword_id < 382)
                    Rows Removed by Filter: 4003052
              ->  Hash  (cost=61283.27..61283.27 rows=2528527 width=4) (actual time=1985.517..1985.517 rows=2528312 loops=1)
                    Buckets: 131072  Batches: 64  Memory Usage: 2425kB
                    ->  Seq Scan on title t  (cost=0.00..61283.27 rows=2528527 width=4) (actual time=0.015..1130.196 rows=2528312 loops=1)
Planning time: 1.232 ms
Execution time: 7446.715 ms
