Hash Join  (cost=83810.17..973746.96 rows=2272912 width=0) (actual time=6706.537..21544.819 rows=2124302 loops=1)
  Hash Cond: (ci.movie_id = t.id)
  ->  Seq Scan on cast_info ci  (cost=0.00..796071.18 rows=5818530 width=4) (actual time=5217.036..16557.406 rows=5731604 loops=1)
        Filter: ((person_id > 1456) AND (role_id > 8))
        Rows Removed by Filter: 30512740
  ->  Hash  (cost=67604.59..67604.59 rows=987727 width=4) (actual time=1488.411..1488.411 rows=985048 loops=1)
        Buckets: 131072  Batches: 16  Memory Usage: 3188kB
        ->  Seq Scan on title t  (cost=0.00..67604.59 rows=987727 width=4) (actual time=0.033..1163.401 rows=985048 loops=1)
              Filter: (kind_id < 7)
              Rows Removed by Filter: 1543264
Planning time: 0.824 ms
Execution time: 21793.331 ms
