Seq Scan on movie_keyword mk  (cost=0.00..81003.12 rows=1280619 width=0) (actual time=0.025..1405.466 rows=1291892 loops=1)
  Filter: (keyword_id < 1678)
  Rows Removed by Filter: 3232038
Planning time: 0.324 ms
Execution time: 1573.944 ms
