Nested Loop  (cost=0.43..73048.29 rows=1250 width=0) (actual time=7.194..934.075 rows=2327 loops=1)
  ->  Seq Scan on movie_companies mc  (cost=0.00..51404.11 rows=2783 width=4) (actual time=7.116..865.819 rows=2328 loops=1)
        Filter: (company_id = 13543)
        Rows Removed by Filter: 2606801
  ->  Index Scan using title_pkey on title t  (cost=0.43..7.77 rows=1 width=4) (actual time=0.028..0.029 rows=1 loops=2328)
        Index Cond: (id = mc.movie_id)
        Filter: (production_year < 2002)
        Rows Removed by Filter: 0
Planning time: 0.767 ms
Execution time: 934.811 ms
