Nested Loop  (cost=0.43..58358.39 rows=20 width=0) (actual time=2.690..869.388 rows=131 loops=1)
  ->  Seq Scan on movie_companies mc  (cost=0.00..57926.93 rows=51 width=4) (actual time=2.633..855.354 rows=131 loops=1)
        Filter: ((company_type_id < 2) AND (company_id = 18630))
        Rows Removed by Filter: 2608998
  ->  Index Scan using title_pkey on title t  (cost=0.43..8.45 rows=1 width=4) (actual time=0.105..0.105 rows=1 loops=131)
        Index Cond: (id = mc.movie_id)
        Filter: (production_year < 1999)
Planning time: 0.916 ms
Execution time: 869.556 ms
