Hash Join  (cost=88195.18..162442.69 rows=296259 width=0) (actual time=1533.811..3128.758 rows=321832 loops=1)
  Hash Cond: (mc.movie_id = t.id)
  ->  Seq Scan on movie_companies mc  (cost=0.00..57926.93 rows=861329 width=4) (actual time=0.031..1064.568 rows=544524 loops=1)
        Filter: ((company_id < 19687) AND (company_type_id > 1))
        Rows Removed by Filter: 2064605
  ->  Hash  (cost=73925.90..73925.90 rows=869702 width=4) (actual time=1532.718..1532.718 rows=896788 loops=1)
        Buckets: 131072  Batches: 16  Memory Usage: 2998kB
        ->  Seq Scan on title t  (cost=0.00..73925.90 rows=869702 width=4) (actual time=0.027..1250.593 rows=896788 loops=1)
              Filter: ((kind_id < 7) AND (production_year < 2012))
              Rows Removed by Filter: 1631524
Planning time: 0.826 ms
Execution time: 3168.498 ms
