Seq Scan on movie_companies mc  (cost=0.00..57926.93 rows=286831 width=0) (actual time=136.784..848.765 rows=144602 loops=1)
  Filter: ((company_id < 594) AND (company_type_id = 2))
  Rows Removed by Filter: 2464527
Planning time: 0.868 ms
Execution time: 866.351 ms
