Hash Join  (cost=68438.72..120032.75 rows=1249 width=0) (actual time=1169.065..1674.344 rows=259 loops=1)
  Hash Cond: (mc.movie_id = t.id)
  ->  Seq Scan on movie_companies mc  (cost=0.00..51404.11 rows=47312 width=4) (actual time=0.482..509.320 rows=47252 loops=1)
        Filter: (company_id = 19)
        Rows Removed by Filter: 2561877
  ->  Hash  (cost=67604.59..67604.59 rows=66731 width=4) (actual time=1152.377..1152.377 rows=67342 loops=1)
        Buckets: 131072  Batches: 1  Memory Usage: 3392kB
        ->  Seq Scan on title t  (cost=0.00..67604.59 rows=66731 width=4) (actual time=0.030..1124.249 rows=67342 loops=1)
              Filter: (production_year > 2012)
              Rows Removed by Filter: 2460970
Planning time: 0.801 ms
Execution time: 1674.586 ms
