Seq Scan on movie_companies mc  (cost=0.00..57926.93 rows=17374 width=0) (actual time=1.146..875.945 rows=619 loops=1)
  Filter: ((company_type_id > 1) AND (company_id = 160))
  Rows Removed by Filter: 2608510
Planning time: 0.407 ms
Execution time: 876.230 ms
