Seq Scan on movie_keyword mk  (cost=0.00..81003.12 rows=978525 width=0) (actual time=0.017..1124.455 rows=982269 loops=1)
  Filter: (keyword_id > 18860)
  Rows Removed by Filter: 3541661
Planning time: 0.314 ms
Execution time: 1239.369 ms
