Seq Scan on title t  (cost=0.00..67604.59 rows=7437 width=0) (actual time=0.182..977.998 rows=13623 loops=1)
  Filter: (production_year = 1972)
  Rows Removed by Filter: 2514689
Planning time: 0.376 ms
Execution time: 981.094 ms
