Hash Join  (cost=467469.67..547375.71 rows=352252 width=0) (actual time=8252.288..10955.248 rows=776381 loops=1)
  Hash Cond: (mc.movie_id = t.id)
  ->  Seq Scan on movie_companies mc  (cost=0.00..44881.29 rows=2609129 width=4) (actual time=0.011..945.866 rows=2609129 loops=1)
  ->  Hash  (cost=461868.54..461868.54 rows=341370 width=8) (actual time=8251.423..8251.423 rows=170994 loops=1)
        Buckets: 131072  Batches: 8  Memory Usage: 1859kB
        ->  Hash Join  (cost=98969.27..461868.54 rows=341370 width=8) (actual time=5447.760..8196.928 rows=170994 loops=1)
              Hash Cond: (mi.movie_id = t.id)
              ->  Seq Scan on movie_info mi  (cost=0.00..346232.03 rows=451508 width=4) (actual time=3413.643..5543.273 rows=474443 loops=1)
                    Filter: (info_type_id = 6)
                    Rows Removed by Filter: 14361277
              ->  Hash  (cost=67604.59..67604.59 rows=1911735 width=4) (actual time=2033.291..2033.291 rows=1903258 loops=1)
                    Buckets: 131072  Batches: 32  Memory Usage: 3131kB
                    ->  Seq Scan on title t  (cost=0.00..67604.59 rows=1911735 width=4) (actual time=0.033..1391.021 rows=1903258 loops=1)
                          Filter: (production_year > 1982)
                          Rows Removed by Filter: 625054
Planning time: 0.788 ms
Execution time: 11038.751 ms
