Hash Join  (cost=799584.58..884388.93 rows=168 width=0) (actual time=14745.283..15510.066 rows=598 loops=1)
  Hash Cond: (mk.movie_id = t.id)
  ->  Seq Scan on movie_keyword mk  (cost=0.00..81003.12 rows=1013212 width=4) (actual time=0.018..1356.730 rows=1015027 loops=1)
        Filter: (keyword_id < 989)
        Rows Removed by Filter: 3508903
  ->  Hash  (cost=799579.33..799579.33 rows=420 width=8) (actual time=14010.637..14010.637 rows=300 loops=1)
        Buckets: 1024  Batches: 1  Memory Usage: 20kB
        ->  Nested Loop  (cost=0.43..799579.33 rows=420 width=8) (actual time=5271.710..14010.504 rows=300 loops=1)
              ->  Seq Scan on cast_info ci  (cost=0.00..796071.18 rows=420 width=4) (actual time=5271.600..14007.050 rows=300 loops=1)
                    Filter: ((role_id < 9) AND (person_id = 1398251))
                    Rows Removed by Filter: 36244044
              ->  Index Only Scan using title_pkey on title t  (cost=0.43..8.34 rows=1 width=4) (actual time=0.011..0.011 rows=1 loops=300)
                    Index Cond: (id = ci.movie_id)
                    Heap Fetches: 300
Planning time: 1.233 ms
Execution time: 15510.228 ms
