Seq Scan on movie_keyword mk  (cost=0.00..81003.12 rows=1132007 width=0) (actual time=0.024..1367.244 rows=1138586 loops=1)
  Filter: (keyword_id < 1284)
  Rows Removed by Filter: 3385344
Planning time: 0.336 ms
Execution time: 1512.224 ms
