Seq Scan on movie_keyword mk  (cost=0.00..81003.12 rows=1585572 width=0) (actual time=0.026..1370.304 rows=1599351 loops=1)
  Filter: (keyword_id > 9585)
  Rows Removed by Filter: 2924579
Planning time: 0.335 ms
Execution time: 1564.454 ms
