Hash Join  (cost=156487.41..233887.83 rows=329524 width=0) (actual time=3566.196..5825.615 rows=918392 loops=1)
  Hash Cond: (mc.movie_id = t.id)
  ->  Seq Scan on movie_companies mc  (cost=0.00..51404.11 rows=1807483 width=4) (actual time=0.012..1139.440 rows=1814081 loops=1)
        Filter: (company_id > 1717)
        Rows Removed by Filter: 795048
  ->  Hash  (cost=148924.19..148924.19 rows=460978 width=8) (actual time=3565.497..3565.497 rows=459925 loops=1)
        Buckets: 131072  Batches: 8  Memory Usage: 3275kB
        ->  Hash Join  (cost=102767.86..148924.19 rows=460978 width=8) (actual time=2044.267..3424.050 rows=459925 loops=1)
              Hash Cond: (mi_idx.movie_id = t.id)
              ->  Seq Scan on movie_info_idx mi_idx  (cost=0.00..25185.44 rows=460978 width=4) (actual time=0.010..464.611 rows=459925 loops=1)
                    Filter: (info_type_id = 99)
                    Rows Removed by Filter: 920110
              ->  Hash  (cost=61283.27..61283.27 rows=2528527 width=4) (actual time=2042.868..2042.868 rows=2528312 loops=1)
                    Buckets: 131072  Batches: 64  Memory Usage: 2415kB
                    ->  Seq Scan on title t  (cost=0.00..61283.27 rows=2528527 width=4) (actual time=0.020..1200.969 rows=2528312 loops=1)
Planning time: 1.186 ms
Execution time: 5928.023 ms
