Hash Join  (cost=123311.50..198847.37 rows=176974 width=0) (actual time=2607.323..4900.186 rows=1311238 loops=1)
  Hash Cond: (mc.movie_id = t.id)
  ->  Seq Scan on movie_companies mc  (cost=0.00..51404.11 rows=1852271 width=4) (actual time=0.025..1047.380 rows=1858175 loops=1)
        Filter: (company_id > 1461)
        Rows Removed by Filter: 750954
  ->  Hash  (cost=119347.66..119347.66 rows=241587 width=8) (actual time=2606.463..2606.463 rows=419760 loops=1)
        Buckets: 131072 (originally 131072)  Batches: 8 (originally 4)  Memory Usage: 3078kB
        ->  Hash Join  (cost=78556.72..119347.66 rows=241587 width=8) (actual time=1260.381..2481.204 rows=419760 loops=1)
              Hash Cond: (mi_idx.movie_id = t.id)
              ->  Seq Scan on movie_info_idx mi_idx  (cost=0.00..25185.44 rows=915101 width=4) (actual time=0.024..562.510 rows=919850 loops=1)
                    Filter: (info_type_id < 101)
                    Rows Removed by Filter: 460185
              ->  Hash  (cost=67604.59..67604.59 rows=667531 width=4) (actual time=1259.457..1259.457 rows=662825 loops=1)
                    Buckets: 131072  Batches: 16  Memory Usage: 2476kB
                    ->  Seq Scan on title t  (cost=0.00..67604.59 rows=667531 width=4) (actual time=0.017..1065.251 rows=662825 loops=1)
                          Filter: (kind_id = 1)
                          Rows Removed by Filter: 1865487
Planning time: 1.162 ms
Execution time: 5048.001 ms
