Nested Loop  (cost=0.43..134718.38 rows=7841 width=0) (actual time=0.110..1570.133 rows=7419 loops=1)
  ->  Seq Scan on movie_keyword mk  (cost=0.00..81003.12 rows=7841 width=4) (actual time=0.054..1307.915 rows=7419 loops=1)
        Filter: (keyword_id = 373)
        Rows Removed by Filter: 4516511
  ->  Index Only Scan using title_pkey on title t  (cost=0.43..6.84 rows=1 width=4) (actual time=0.034..0.034 rows=1 loops=7419)
        Index Cond: (id = mk.movie_id)
        Heap Fetches: 7419
Planning time: 0.812 ms
Execution time: 1572.363 ms
