Seq Scan on cast_info ci  (cost=0.00..796071.18 rows=3833797 width=0) (actual time=680.899..11910.374 rows=4247673 loops=1)
  Filter: ((person_id < 458938) AND (role_id < 8))
  Rows Removed by Filter: 31996671
Planning time: 1.850 ms
Execution time: 12404.323 ms
