Hash Join  (cost=73994.33..134338.97 rows=1388 width=0) (actual time=1773.838..2264.207 rows=669 loops=1)
  Hash Cond: (mc.movie_id = t.id)
  ->  Seq Scan on movie_companies mc  (cost=0.00..57926.93 rows=641021 width=4) (actual time=572.665..969.596 rows=405080 loops=1)
        Filter: ((company_id > 11253) AND (company_type_id = 1))
        Rows Removed by Filter: 2204049
  ->  Hash  (cost=73925.90..73925.90 rows=5474 width=4) (actual time=1199.520..1199.520 rows=12057 loops=1)
        Buckets: 16384 (originally 8192)  Batches: 1 (originally 1)  Memory Usage: 552kB
        ->  Seq Scan on title t  (cost=0.00..73925.90 rows=5474 width=4) (actual time=0.039..1193.182 rows=12057 loops=1)
              Filter: ((kind_id > 1) AND (production_year = 1984))
              Rows Removed by Filter: 2516255
Planning time: 0.801 ms
Execution time: 2264.569 ms
