Hash Join  (cost=916663.27..994129.43 rows=175263 width=0) (actual time=17137.433..19389.620 rows=524391 loops=1)
  Hash Cond: (mc.movie_id = t.id)
  ->  Seq Scan on movie_companies mc  (cost=0.00..44881.29 rows=2609129 width=4) (actual time=0.020..964.779 rows=2609129 loops=1)
  ->  Hash  (cost=913876.16..913876.16 rows=169849 width=8) (actual time=17136.119..17136.119 rows=239814 loops=1)
        Buckets: 131072  Batches: 4  Memory Usage: 3362kB
        ->  Hash Join  (cost=104818.80..913876.16 rows=169849 width=8) (actual time=7015.666..17070.336 rows=239814 loops=1)
              Hash Cond: (ci.movie_id = t.id)
              ->  Seq Scan on cast_info ci  (cost=0.00..796071.18 rows=189338 width=4) (actual time=4933.762..14440.119 rows=250976 loops=1)
                    Filter: ((person_id > 1633057) AND (role_id > 10))
                    Rows Removed by Filter: 35993368
              ->  Hash  (cost=67604.59..67604.59 rows=2268257 width=4) (actual time=2080.886..2080.886 rows=2261229 loops=1)
                    Buckets: 131072  Batches: 32  Memory Usage: 3511kB
                    ->  Seq Scan on title t  (cost=0.00..67604.59 rows=2268257 width=4) (actual time=0.019..1364.699 rows=2261229 loops=1)
                          Filter: (production_year > 1954)
                          Rows Removed by Filter: 267083
Planning time: 1.265 ms
Execution time: 19452.918 ms
