Hash Join  (cost=83568.99..599932.64 rows=3426172 width=0) (actual time=2556.587..17299.215 rows=7672928 loops=1)
  Hash Cond: (mi.movie_id = t.id)
  ->  Seq Scan on movie_info mi  (cost=0.00..309384.22 rows=14739122 width=4) (actual time=0.024..6408.789 rows=14835720 loops=1)
  ->  Hash  (cost=73925.90..73925.90 rows=587767 width=4) (actual time=1419.881..1419.881 rows=594730 loops=1)
        Buckets: 131072  Batches: 8  Memory Usage: 3657kB
        ->  Seq Scan on title t  (cost=0.00..73925.90 rows=587767 width=4) (actual time=191.702..1230.740 rows=594730 loops=1)
              Filter: ((production_year < 2012) AND (kind_id = 1))
              Rows Removed by Filter: 1933582
Planning time: 0.802 ms
Execution time: 18210.590 ms
