Nested Loop  (cost=0.43..146941.25 rows=10103 width=0) (actual time=0.205..1401.947 rows=10544 loops=1)
  ->  Seq Scan on movie_keyword mk  (cost=0.00..81003.12 rows=10103 width=4) (actual time=0.137..1163.978 rows=10544 loops=1)
        Filter: (keyword_id = 398)
        Rows Removed by Filter: 4513386
  ->  Index Only Scan using title_pkey on title t  (cost=0.43..6.52 rows=1 width=4) (actual time=0.021..0.022 rows=1 loops=10544)
        Index Cond: (id = mk.movie_id)
        Heap Fetches: 10544
Planning time: 0.701 ms
Execution time: 1404.683 ms
