Hash Join  (cost=194705.87..696074.42 rows=2020763 width=0) (actual time=4110.187..16935.178 rows=966740 loops=1)
  Hash Cond: (mi.movie_id = t.id)
  ->  Seq Scan on movie_info mi  (cost=0.00..309384.22 rows=14739122 width=4) (actual time=0.018..5945.550 rows=14835720 loops=1)
  ->  Hash  (cost=189017.55..189017.55 rows=346666 width=8) (actual time=3782.316..3782.316 rows=94169 loops=1)
        Buckets: 131072  Batches: 8  Memory Usage: 1483kB
        ->  Hash Join  (cost=90606.68..189017.55 rows=346666 width=8) (actual time=2840.734..3751.951 rows=94169 loops=1)
              Hash Cond: (mk.movie_id = t.id)
              ->  Seq Scan on movie_keyword mk  (cost=0.00..81003.12 rows=862155 width=4) (actual time=0.022..1364.213 rows=870587 loops=1)
                    Filter: (keyword_id > 21181)
                    Rows Removed by Filter: 3653343
              ->  Hash  (cost=73925.90..73925.90 rows=1016702 width=4) (actual time=1804.340..1804.340 rows=960113 loops=1)
                    Buckets: 131072  Batches: 16  Memory Usage: 3141kB
                    ->  Seq Scan on title t  (cost=0.00..73925.90 rows=1016702 width=4) (actual time=408.680..1494.802 rows=960113 loops=1)
                          Filter: ((production_year < 2008) AND (kind_id = 7))
                          Rows Removed by Filter: 1568199
Planning time: 1.147 ms
Execution time: 17040.289 ms
