Seq Scan on movie_companies mc  (cost=0.00..51404.11 rows=638497 width=0) (actual time=0.029..868.539 rows=632067 loops=1)
  Filter: (company_id < 846)
  Rows Removed by Filter: 1977062
Planning time: 0.360 ms
Execution time: 949.259 ms
