Seq Scan on movie_keyword mk  (cost=0.00..81003.12 rows=767278 width=0) (actual time=0.012..1368.638 rows=775426 loops=1)
  Filter: (keyword_id > 24318)
  Rows Removed by Filter: 3748504
Planning time: 0.171 ms
Execution time: 1463.370 ms
