Hash Join  (cost=881891.60..1455537.48 rows=7067906 width=0) (actual time=16594.083..32850.803 rows=11208433 loops=1)
  Hash Cond: (mi.movie_id = t.id)
  ->  Seq Scan on movie_info mi  (cost=0.00..309384.22 rows=14739122 width=4) (actual time=0.009..6078.889 rows=14835720 loops=1)
  ->  Hash  (cost=861998.17..861998.17 rows=1212514 width=8) (actual time=16592.858..16592.858 rows=834019 loops=1)
        Buckets: 131072  Batches: 16  Memory Usage: 3035kB
        ->  Hash Join  (cost=76440.79..861998.17 rows=1212514 width=8) (actual time=7149.191..16071.892 rows=834019 loops=1)
              Hash Cond: (ci.movie_id = t.id)
              ->  Seq Scan on cast_info ci  (cost=0.00..705507.15 rows=5692558 width=4) (actual time=5986.293..12019.331 rows=5752033 loops=1)
                    Filter: (person_id > 3071373)
                    Rows Removed by Filter: 30492311
              ->  Hash  (cost=67604.59..67604.59 rows=538576 width=4) (actual time=1161.572..1161.572 rows=538190 loops=1)
                    Buckets: 131072  Batches: 8  Memory Usage: 3380kB
                    ->  Seq Scan on title t  (cost=0.00..67604.59 rows=538576 width=4) (actual time=0.028..994.053 rows=538190 loops=1)
                          Filter: (production_year < 1982)
                          Rows Removed by Filter: 1990122
Planning time: 1.158 ms
Execution time: 34085.901 ms
