Seq Scan on movie_companies mc  (cost=0.00..51404.11 rows=1813972 width=0) (actual time=0.025..1038.239 rows=1823538 loops=1)
  Filter: (company_id > 1705)
  Rows Removed by Filter: 785591
Planning time: 0.380 ms
Execution time: 1262.287 ms
