Hash Join  (cost=101271.33..157513.70 rows=11623 width=0) (actual time=1965.736..3235.437 rows=30711 loops=1)
  Hash Cond: (mc.movie_id = t.id)
  ->  Seq Scan on movie_companies mc  (cost=0.00..51404.11 rows=1259208 width=4) (actual time=0.028..996.032 rows=1253304 loops=1)
        Filter: (company_id < 11156)
        Rows Removed by Filter: 1355825
  ->  Hash  (cost=100979.58..100979.58 rows=23340 width=8) (actual time=1965.318..1965.318 rows=19538 loops=1)
        Buckets: 32768  Batches: 1  Memory Usage: 1020kB
        ->  Hash Join  (cost=69687.24..100979.58 rows=23340 width=8) (actual time=1252.326..1957.189 rows=19538 loops=1)
              Hash Cond: (mi_idx.movie_id = t.id)
              ->  Seq Scan on movie_info_idx mi_idx  (cost=0.00..25185.44 rows=464934 width=4) (actual time=0.020..500.696 rows=460185 loops=1)
                    Filter: (info_type_id > 100)
                    Rows Removed by Filter: 919850
              ->  Hash  (cost=67604.59..67604.59 rows=126932 width=4) (actual time=1251.545..1251.545 rows=122861 loops=1)
                    Buckets: 131072  Batches: 2  Memory Usage: 3191kB
                    ->  Seq Scan on title t  (cost=0.00..67604.59 rows=126932 width=4) (actual time=0.031..1206.150 rows=122861 loops=1)
                          Filter: (production_year = 2008)
                          Rows Removed by Filter: 2405451
Planning time: 1.235 ms
Execution time: 3240.219 ms
