Nested Loop  (cost=0.43..709671.90 rows=500 width=0) (actual time=4164.988..10841.991 rows=528 loops=1)
  ->  Seq Scan on cast_info ci  (cost=0.00..705507.15 rows=500 width=4) (actual time=4164.868..10833.939 rows=528 loops=1)
        Filter: (person_id = 2797869)
        Rows Removed by Filter: 36243816
  ->  Index Only Scan using title_pkey on title t  (cost=0.43..8.32 rows=1 width=4) (actual time=0.014..0.014 rows=1 loops=528)
        Index Cond: (id = ci.movie_id)
        Heap Fetches: 528
Planning time: 0.609 ms
Execution time: 10842.161 ms
