Hash Join  (cost=83074.74..139278.29 rows=124 width=0) (actual time=1384.780..2529.578 rows=13853 loops=1)
  Hash Cond: (mc.movie_id = t.id)
  ->  Seq Scan on movie_companies mc  (cost=0.00..51404.11 rows=1279517 width=4) (actual time=0.027..948.731 rows=1274246 loops=1)
        Filter: (company_type_id < 2)
        Rows Removed by Filter: 1334883
  ->  Hash  (cost=83071.67..83071.67 rows=246 width=8) (actual time=1383.460..1383.460 rows=2005 loops=1)
        Buckets: 2048 (originally 1024)  Batches: 1 (originally 1)  Memory Usage: 95kB
        ->  Nested Loop  (cost=0.43..83071.67 rows=246 width=8) (actual time=0.113..1381.900 rows=2005 loops=1)
              ->  Seq Scan on movie_keyword mk  (cost=0.00..81003.12 rows=246 width=4) (actual time=0.062..1303.845 rows=2005 loops=1)
                    Filter: (keyword_id = 3792)
                    Rows Removed by Filter: 4521925
              ->  Index Only Scan using title_pkey on title t  (cost=0.43..8.40 rows=1 width=4) (actual time=0.037..0.038 rows=1 loops=2005)
                    Index Cond: (id = mk.movie_id)
                    Heap Fetches: 2005
Planning time: 1.183 ms
Execution time: 2531.492 ms
