Seq Scan on movie_companies mc  (cost=0.00..57926.93 rows=471463 width=0) (actual time=218.632..873.700 rows=268743 loops=1)
  Filter: ((company_id < 3232) AND (company_type_id = 2))
  Rows Removed by Filter: 2340386
Planning time: 1.270 ms
Execution time: 907.749 ms
