Hash Join  (cost=77354.40..170477.62 rows=75382 width=0) (actual time=1291.107..3457.085 rows=64696 loops=1)
  Hash Cond: (mk.movie_id = t.id)
  ->  Seq Scan on movie_keyword mk  (cost=0.00..81003.12 rows=912338 width=4) (actual time=0.021..1423.045 rows=920332 loops=1)
        Filter: (keyword_id < 870)
        Rows Removed by Filter: 3603598
  ->  Hash  (cost=73925.90..73925.90 rows=208920 width=4) (actual time=1290.349..1290.349 rows=183835 loops=1)
        Buckets: 131072  Batches: 4  Memory Usage: 2655kB
        ->  Seq Scan on title t  (cost=0.00..73925.90 rows=208920 width=4) (actual time=0.020..1224.250 rows=183835 loops=1)
              Filter: ((kind_id < 7) AND (production_year > 2009))
              Rows Removed by Filter: 2344477
Planning time: 0.822 ms
Execution time: 3466.586 ms
