Seq Scan on movie_keyword mk  (cost=0.00..81003.12 rows=246 width=0) (actual time=9.646..1274.607 rows=359 loops=1)
  Filter: (keyword_id = 5776)
  Rows Removed by Filter: 4523571
Planning time: 0.382 ms
Execution time: 1274.883 ms
