Seq Scan on movie_keyword mk  (cost=0.00..81003.12 rows=246 width=0) (actual time=0.836..1397.394 rows=1192 loops=1)
  Filter: (keyword_id = 224)
  Rows Removed by Filter: 4522738
Planning time: 0.378 ms
Execution time: 1397.896 ms
