Hash Join  (cost=473717.22..609847.18 rows=984767 width=0) (actual time=9181.751..13238.362 rows=2465501 loops=1)
  Hash Cond: (mk.movie_id = t.id)
  ->  Seq Scan on movie_keyword mk  (cost=0.00..81003.12 rows=3687779 width=4) (actual time=0.008..1776.809 rows=3685986 loops=1)
        Filter: (keyword_id > 797)
        Rows Removed by Filter: 837944
  ->  Hash  (cost=462639.14..462639.14 rows=675206 width=8) (actual time=9180.789..9180.789 rows=802195 loops=1)
        Buckets: 131072  Batches: 16  Memory Usage: 2987kB
        ->  Hash Join  (cost=89762.59..462639.14 rows=675206 width=8) (actual time=3787.429..8937.450 rows=802195 loops=1)
              Hash Cond: (mi.movie_id = t.id)
              ->  Seq Scan on movie_info mi  (cost=0.00..346232.03 rows=1264125 width=4) (actual time=1419.710..5442.493 rows=1288928 loops=1)
                    Filter: (info_type_id = 2)
                    Rows Removed by Filter: 13546792
              ->  Hash  (cost=67604.59..67604.59 rows=1350560 width=4) (actual time=2366.708..2366.708 rows=1348293 loops=1)
                    Buckets: 131072  Batches: 32  Memory Usage: 2514kB
                    ->  Seq Scan on title t  (cost=0.00..67604.59 rows=1350560 width=4) (actual time=0.026..1373.532 rows=1348293 loops=1)
                          Filter: (production_year < 2005)
                          Rows Removed by Filter: 1180019
Planning time: 1.174 ms
Execution time: 13523.673 ms
