Hash Join  (cost=70716.09..830160.53 rows=324039 width=0) (actual time=10405.492..15793.844 rows=32453 loops=1)
  Hash Cond: (ci.movie_id = t.id)
  ->  Seq Scan on cast_info ci  (cost=0.00..705507.15 rows=4320508 width=4) (actual time=9294.606..12936.517 rows=4323018 loops=1)
        Filter: (role_id = 10)
        Rows Removed by Filter: 31921326
  ->  Hash  (cost=67604.59..67604.59 rows=189640 width=4) (actual time=1107.142..1107.142 rows=187790 loops=1)
        Buckets: 131072  Batches: 4  Memory Usage: 2673kB
        ->  Seq Scan on title t  (cost=0.00..67604.59 rows=189640 width=4) (actual time=0.054..1045.904 rows=187790 loops=1)
              Filter: (production_year < 1954)
              Rows Removed by Filter: 2340522
Planning time: 0.852 ms
Execution time: 15799.016 ms
