Seq Scan on movie_companies mc  (cost=0.00..57926.93 rows=1507 width=0) (actual time=128.874..736.649 rows=2411 loops=1)
  Filter: ((company_id = 68) AND (company_type_id = 2))
  Rows Removed by Filter: 2606718
Planning time: 0.391 ms
Execution time: 737.199 ms
