Seq Scan on movie_companies mc  (cost=0.00..51404.11 rows=391484 width=0) (actual time=0.026..923.426 rows=396543 loops=1)
  Filter: (company_id > 82600)
  Rows Removed by Filter: 2212586
Planning time: 0.380 ms
Execution time: 972.731 ms
