Hash Join  (cost=88295.76..218602.19 rows=1337338 width=0) (actual time=1784.675..5153.242 rows=1012134 loops=1)
  Hash Cond: (mk.movie_id = t.id)
  ->  Seq Scan on movie_keyword mk  (cost=0.00..81003.12 rows=2681313 width=4) (actual time=0.025..1705.439 rows=2677725 loops=1)
        Filter: (keyword_id < 7506)
        Rows Removed by Filter: 1846205
  ->  Hash  (cost=67604.59..67604.59 rows=1261134 width=4) (actual time=1782.808..1782.808 rows=1260295 loops=1)
        Buckets: 131072  Batches: 32  Memory Usage: 2421kB
        ->  Seq Scan on title t  (cost=0.00..67604.59 rows=1261134 width=4) (actual time=0.013..1346.025 rows=1260295 loops=1)
              Filter: (production_year > 2002)
              Rows Removed by Filter: 1268017
Planning time: 0.841 ms
Execution time: 5266.638 ms
