Hash Join  (cost=241726.12..1450367.96 rows=17019767 width=0) (actual time=5116.950..49550.497 rows=55460032 loops=1)
  Hash Cond: (ci.movie_id = t.id)
  ->  Seq Scan on cast_info ci  (cost=0.00..614943.12 rows=36225612 width=4) (actual time=0.009..13612.861 rows=36244344 loops=1)
  ->  Hash  (cost=222235.49..222235.49 rows=1187970 width=8) (actual time=5116.116..5116.116 rows=1197437 loops=1)
        Buckets: 131072  Batches: 16  Memory Usage: 4011kB
        ->  Hash Join  (cost=102767.86..222235.49 rows=1187970 width=8) (actual time=2005.122..4742.516 rows=1197437 loops=1)
              Hash Cond: (mk.movie_id = t.id)
              ->  Seq Scan on movie_keyword mk  (cost=0.00..81003.12 rows=1187970 width=4) (actual time=0.047..1362.298 rows=1197437 loops=1)
                    Filter: (keyword_id > 15389)
                    Rows Removed by Filter: 3326493
              ->  Hash  (cost=61283.27..61283.27 rows=2528527 width=4) (actual time=2003.328..2003.328 rows=2528312 loops=1)
                    Buckets: 131072  Batches: 64  Memory Usage: 2425kB
                    ->  Seq Scan on title t  (cost=0.00..61283.27 rows=2528527 width=4) (actual time=0.039..1140.225 rows=2528312 loops=1)
Planning time: 1.203 ms
Execution time: 55528.827 ms
