Seq Scan on movie_info mi  (cost=0.00..346232.03 rows=13660571 width=0) (actual time=0.021..6348.246 rows=13694485 loops=1)
  Filter: (info_type_id < 57)
  Rows Removed by Filter: 1141235
Planning time: 0.292 ms
Execution time: 8054.554 ms
