Seq Scan on title t  (cost=0.00..67604.59 rows=18964 width=0) (actual time=320.779..1054.313 rows=16892 loops=1)
  Filter: (production_year < 1907)
  Rows Removed by Filter: 2511420
Planning time: 0.333 ms
Execution time: 1056.985 ms
