Hash Join  (cost=88767.14..649424.43 rows=4983218 width=0) (actual time=1817.264..16382.081 rows=2094306 loops=1)
  Hash Cond: (mi.movie_id = t.id)
  ->  Seq Scan on movie_info mi  (cost=0.00..346232.03 rows=13929354 width=4) (actual time=0.022..7485.898 rows=14033580 loops=1)
        Filter: (info_type_id > 1)
        Rows Removed by Filter: 802140
  ->  Hash  (cost=73925.90..73925.90 rows=904579 width=4) (actual time=1636.002..1636.002 rows=992072 loops=1)
        Buckets: 131072  Batches: 16  Memory Usage: 3217kB
        ->  Seq Scan on title t  (cost=0.00..73925.90 rows=904579 width=4) (actual time=0.025..1309.856 rows=992072 loops=1)
              Filter: ((production_year > 1998) AND (kind_id = 7))
              Rows Removed by Filter: 1536240
Planning time: 1.218 ms
Execution time: 16615.289 ms
