Seq Scan on title t  (cost=0.00..73925.90 rows=4532 width=0) (actual time=0.025..1219.427 rows=12643 loops=1)
  Filter: ((kind_id = 7) AND (production_year = 1989))
  Rows Removed by Filter: 2515669
Planning time: 0.281 ms
Execution time: 1222.341 ms
