Seq Scan on movie_companies mc  (cost=0.00..51404.11 rows=4870 width=0) (actual time=7.172..845.036 rows=3986 loops=1)
  Filter: (company_id = 1684)
  Rows Removed by Filter: 2605143
Planning time: 0.396 ms
Execution time: 845.960 ms
