Hash Join  (cost=150223.24..662936.93 rows=509056 width=0) (actual time=2369.642..16026.314 rows=2255883 loops=1)
  Hash Cond: (mi.movie_id = t.id)
  ->  Seq Scan on movie_info mi  (cost=0.00..346232.03 rows=13926693 width=4) (actual time=0.025..7187.324 rows=13963496 loops=1)
        Filter: (info_type_id < 98)
        Rows Removed by Filter: 872224
  ->  Hash  (cost=148705.95..148705.95 rows=92424 width=8) (actual time=2368.756..2368.756 rows=191475 loops=1)
        Buckets: 131072 (originally 131072)  Batches: 4 (originally 2)  Memory Usage: 3073kB
        ->  Hash Join  (cost=69264.85..148705.95 rows=92424 width=8) (actual time=973.332..2306.526 rows=191475 loops=1)
              Hash Cond: (mc.movie_id = t.id)
              ->  Seq Scan on movie_companies mc  (cost=0.00..51404.11 rows=2310598 width=4) (actual time=0.016..589.156 rows=2316252 loops=1)
                    Filter: (company_id > 159)
                    Rows Removed by Filter: 292877
              ->  Hash  (cost=67604.59..67604.59 rows=101141 width=4) (actual time=972.558..972.558 rows=101194 loops=1)
                    Buckets: 131072  Batches: 2  Memory Usage: 2800kB
                    ->  Seq Scan on title t  (cost=0.00..67604.59 rows=101141 width=4) (actual time=171.850..937.475 rows=101194 loops=1)
                          Filter: (production_year < 1925)
                          Rows Removed by Filter: 2427118
Planning time: 1.272 ms
Execution time: 16304.617 ms
