Hash Join  (cost=83074.74..447745.01 rows=1434 width=0) (actual time=1182.839..8208.263 rows=3126 loops=1)
  Hash Cond: (mi.movie_id = t.id)
  ->  Seq Scan on movie_info mi  (cost=0.00..309384.22 rows=14739122 width=4) (actual time=0.019..4231.613 rows=14835720 loops=1)
  ->  Hash  (cost=83071.67..83071.67 rows=246 width=8) (actual time=1181.825..1181.825 rows=71 loops=1)
        Buckets: 1024  Batches: 1  Memory Usage: 11kB
        ->  Nested Loop  (cost=0.43..83071.67 rows=246 width=8) (actual time=30.021..1181.719 rows=71 loops=1)
              ->  Seq Scan on movie_keyword mk  (cost=0.00..81003.12 rows=246 width=4) (actual time=29.907..1178.663 rows=71 loops=1)
                    Filter: (keyword_id = 2671)
                    Rows Removed by Filter: 4523859
              ->  Index Only Scan using title_pkey on title t  (cost=0.43..8.40 rows=1 width=4) (actual time=0.037..0.038 rows=1 loops=71)
                    Index Cond: (id = mk.movie_id)
                    Heap Fetches: 71
Planning time: 3.859 ms
Execution time: 8209.155 ms
