Seq Scan on movie_companies mc  (cost=0.00..51404.11 rows=2261 width=0) (actual time=0.113..765.642 rows=2106 loops=1)
  Filter: (company_id = 554)
  Rows Removed by Filter: 2607023
Planning time: 0.276 ms
Execution time: 766.135 ms
