Hash Join  (cost=76067.34..209313.20 rows=922883 width=0) (actual time=1304.733..4841.981 rows=1273513 loops=1)
  Hash Cond: (mk.movie_id = t.id)
  ->  Seq Scan on movie_keyword mk  (cost=0.00..69693.30 rows=4523930 width=4) (actual time=0.019..1391.816 rows=4523930 loops=1)
  ->  Hash  (cost=67604.59..67604.59 rows=515820 width=4) (actual time=1304.036..1304.036 rows=508955 loops=1)
        Buckets: 131072  Batches: 8  Memory Usage: 3262kB
        ->  Seq Scan on title t  (cost=0.00..67604.59 rows=515820 width=4) (actual time=0.013..1125.065 rows=508955 loops=1)
              Filter: (production_year < 1980)
              Rows Removed by Filter: 2019357
Planning time: 0.782 ms
Execution time: 4986.968 ms
