Seq Scan on movie_keyword mk  (cost=0.00..81003.12 rows=3973727 width=0) (actual time=0.023..1498.186 rows=3976822 loops=1)
  Filter: (keyword_id < 33657)
  Rows Removed by Filter: 547108
Planning time: 0.333 ms
Execution time: 1996.838 ms
