Seq Scan on movie_keyword mk  (cost=0.00..81003.12 rows=246 width=0) (actual time=0.147..1416.749 rows=190 loops=1)
  Filter: (keyword_id = 3635)
  Rows Removed by Filter: 4523740
Planning time: 4.749 ms
Execution time: 1416.987 ms
