Seq Scan on cast_info ci  (cost=0.00..796071.18 rows=3213659 width=0) (actual time=97.305..12148.439 rows=1592978 loops=1)
  Filter: ((person_id < 1334206) AND (role_id > 5))
  Rows Removed by Filter: 34651366
Planning time: 0.354 ms
Execution time: 12348.142 ms
