Nested Loop  (cost=0.43..709671.90 rows=500 width=0) (actual time=3590.324..9944.812 rows=76 loops=1)
  ->  Seq Scan on cast_info ci  (cost=0.00..705507.15 rows=500 width=4) (actual time=3590.170..9940.545 rows=76 loops=1)
        Filter: (person_id = 472609)
        Rows Removed by Filter: 36244268
  ->  Index Only Scan using title_pkey on title t  (cost=0.43..8.32 rows=1 width=4) (actual time=0.054..0.054 rows=1 loops=76)
        Index Cond: (id = ci.movie_id)
        Heap Fetches: 76
Planning time: 0.670 ms
Execution time: 9944.894 ms
