Hash Join  (cost=102767.86..1212471.74 rows=16387245 width=0) (actual time=2032.301..30032.287 rows=16522050 loops=1)
  Hash Cond: (ci.movie_id = t.id)
  ->  Seq Scan on cast_info ci  (cost=0.00..705507.15 rows=16387245 width=4) (actual time=0.030..13811.444 rows=16522050 loops=1)
        Filter: (person_id > 1977312)
        Rows Removed by Filter: 19722294
  ->  Hash  (cost=61283.27..61283.27 rows=2528527 width=4) (actual time=2030.725..2030.725 rows=2528312 loops=1)
        Buckets: 131072  Batches: 64  Memory Usage: 2415kB
        ->  Seq Scan on title t  (cost=0.00..61283.27 rows=2528527 width=4) (actual time=0.026..1170.569 rows=2528312 loops=1)
Planning time: 0.755 ms
Execution time: 31989.324 ms
