Hash Join  (cost=919308.07..1415388.11 rows=1525111 width=0) (actual time=14199.581..29857.967 rows=8655558 loops=1)
  Hash Cond: (mi.movie_id = t.id)
  ->  Seq Scan on movie_info mi  (cost=0.00..309384.22 rows=14739122 width=4) (actual time=0.019..5804.839 rows=14835720 loops=1)
  ->  Hash  (cost=915014.62..915014.62 rows=261636 width=8) (actual time=14198.721..14198.721 rows=429370 loops=1)
        Buckets: 131072 (originally 131072)  Batches: 8 (originally 4)  Memory Usage: 3112kB
        ->  Hash Join  (cost=102767.86..915014.62 rows=261636 width=8) (actual time=11649.751..14058.902 rows=429370 loops=1)
              Hash Cond: (ci.movie_id = t.id)
              ->  Seq Scan on cast_info ci  (cost=0.00..796071.18 rows=261636 width=4) (actual time=9098.763..10733.938 rows=429370 loops=1)
                    Filter: ((person_id > 3981111) AND (role_id > 1))
                    Rows Removed by Filter: 35814974
              ->  Hash  (cost=61283.27..61283.27 rows=2528527 width=4) (actual time=2549.197..2549.197 rows=2528312 loops=1)
                    Buckets: 131072  Batches: 64  Memory Usage: 2415kB
                    ->  Seq Scan on title t  (cost=0.00..61283.27 rows=2528527 width=4) (actual time=0.023..1064.843 rows=2528312 loops=1)
Planning time: 2.280 ms
Execution time: 30870.306 ms
