Hash Join  (cost=139597.14..974054.76 rows=564807 width=0) (actual time=11718.295..18375.481 rows=859916 loops=1)
  Hash Cond: (ci.movie_id = t.id)
  ->  Seq Scan on cast_info ci  (cost=0.00..796071.18 rows=2649163 width=4) (actual time=8436.525..13957.828 rows=1598905 loops=1)
        Filter: ((person_id < 2455445) AND (role_id = 3))
        Rows Removed by Filter: 34645439
  ->  Hash  (cost=130752.54..130752.54 rows=539088 width=8) (actual time=3280.692..3280.692 rows=954317 loops=1)
        Buckets: 131072 (originally 131072)  Batches: 16 (originally 8)  Memory Usage: 3354kB
        ->  Hash Join  (cost=83810.17..130752.54 rows=539088 width=8) (actual time=1452.980..2992.161 rows=954317 loops=1)
              Hash Cond: (mi_idx.movie_id = t.id)
              ->  Seq Scan on movie_info_idx mi_idx  (cost=0.00..21735.35 rows=1380035 width=4) (actual time=0.021..433.435 rows=1380035 loops=1)
              ->  Hash  (cost=67604.59..67604.59 rows=987727 width=4) (actual time=1451.900..1451.900 rows=985048 loops=1)
                    Buckets: 131072  Batches: 16  Memory Usage: 3188kB
                    ->  Seq Scan on title t  (cost=0.00..67604.59 rows=987727 width=4) (actual time=0.029..1151.627 rows=985048 loops=1)
                          Filter: (kind_id < 7)
                          Rows Removed by Filter: 1543264
Planning time: 1.209 ms
Execution time: 18479.790 ms
