Nested Loop  (cost=0.43..83072.29 rows=5 width=0) (actual time=835.769..1279.034 rows=4 loops=1)
  ->  Seq Scan on movie_keyword mk  (cost=0.00..81003.12 rows=246 width=4) (actual time=7.579..1270.243 rows=273 loops=1)
        Filter: (keyword_id = 10296)
        Rows Removed by Filter: 4523657
  ->  Index Scan using title_pkey on title t  (cost=0.43..8.40 rows=1 width=4) (actual time=0.030..0.030 rows=0 loops=273)
        Index Cond: (id = mk.movie_id)
        Filter: (production_year = 2000)
        Rows Removed by Filter: 1
Planning time: 0.818 ms
Execution time: 1279.147 ms
