Seq Scan on movie_companies mc  (cost=0.00..57926.93 rows=1170960 width=0) (actual time=0.018..1071.016 rows=1103429 loops=1)
  Filter: ((company_id > 74) AND (company_type_id < 2))
  Rows Removed by Filter: 1505700
Planning time: 0.370 ms
Execution time: 1215.232 ms
