Hash Join  (cost=605537.65..2157620.32 rows=40244660 width=0) (actual time=12181.387..57811.083 rows=49751667 loops=1)
  Hash Cond: (ci.movie_id = t.id)
  ->  Seq Scan on cast_info ci  (cost=0.00..705507.15 rows=28079723 width=4) (actual time=0.013..16348.223 rows=28144538 loops=1)
        Filter: (person_id < 2870793)
        Rows Removed by Filter: 8099806
  ->  Hash  (cost=546081.18..546081.18 rows=3623957 width=8) (actual time=12179.803..12179.803 rows=3624977 loops=1)
        Buckets: 131072  Batches: 64  Memory Usage: 3234kB
        ->  Hash Join  (cost=102767.86..546081.18 rows=3623957 width=8) (actual time=2137.291..11123.333 rows=3624977 loops=1)
              Hash Cond: (mi.movie_id = t.id)
              ->  Seq Scan on movie_info mi  (cost=0.00..346232.03 rows=3623957 width=4) (actual time=125.412..5670.189 rows=3624977 loops=1)
                    Filter: (info_type_id < 4)
                    Rows Removed by Filter: 11210743
              ->  Hash  (cost=61283.27..61283.27 rows=2528527 width=4) (actual time=2010.614..2010.614 rows=2528312 loops=1)
                    Buckets: 131072  Batches: 64  Memory Usage: 2425kB
                    ->  Seq Scan on title t  (cost=0.00..61283.27 rows=2528527 width=4) (actual time=0.033..1134.732 rows=2528312 loops=1)
Planning time: 1.166 ms
Execution time: 63321.146 ms
