Seq Scan on movie_companies mc  (cost=0.00..57926.93 rows=719406 width=0) (actual time=0.023..1041.360 rows=990710 loops=1)
  Filter: ((company_id < 13110) AND (company_type_id < 2))
  Rows Removed by Filter: 1618419
Planning time: 0.348 ms
Execution time: 1179.741 ms
