Hash Join  (cost=83074.74..139278.29 rows=124 width=0) (actual time=1391.473..2345.159 rows=188 loops=1)
  Hash Cond: (mc.movie_id = t.id)
  ->  Seq Scan on movie_companies mc  (cost=0.00..51404.11 rows=1279517 width=4) (actual time=141.611..926.242 rows=1274246 loops=1)
        Filter: (company_type_id = 1)
        Rows Removed by Filter: 1334883
  ->  Hash  (cost=83071.67..83071.67 rows=246 width=8) (actual time=1216.173..1216.173 rows=4389 loops=1)
        Buckets: 8192 (originally 1024)  Batches: 1 (originally 1)  Memory Usage: 236kB
        ->  Nested Loop  (cost=0.43..83071.67 rows=246 width=8) (actual time=74.042..1214.320 rows=4389 loops=1)
              ->  Seq Scan on movie_keyword mk  (cost=0.00..81003.12 rows=246 width=4) (actual time=73.941..1144.127 rows=4389 loops=1)
                    Filter: (keyword_id = 29028)
                    Rows Removed by Filter: 4519541
              ->  Index Only Scan using title_pkey on title t  (cost=0.43..8.40 rows=1 width=4) (actual time=0.015..0.015 rows=1 loops=4389)
                    Index Cond: (id = mk.movie_id)
                    Heap Fetches: 4389
Planning time: 3.667 ms
Execution time: 2345.302 ms
