Hash Join  (cost=86713.18..121695.18 rows=142090 width=0) (actual time=1435.876..2366.730 rows=243478 loops=1)
  Hash Cond: (mi_idx.movie_id = t.id)
  ->  Seq Scan on movie_info_idx mi_idx  (cost=0.00..25185.44 rows=460978 width=4) (actual time=0.026..476.994 rows=459925 loops=1)
        Filter: (info_type_id < 100)
        Rows Removed by Filter: 920110
  ->  Hash  (cost=73925.90..73925.90 rows=779382 width=4) (actual time=1434.851..1434.851 rows=689555 loops=1)
        Buckets: 131072  Batches: 16  Memory Usage: 2540kB
        ->  Seq Scan on title t  (cost=0.00..73925.90 rows=779382 width=4) (actual time=0.018..1209.655 rows=689555 loops=1)
              Filter: ((kind_id < 7) AND (production_year > 1976))
              Rows Removed by Filter: 1838757
Planning time: 0.904 ms
Execution time: 2396.430 ms
