Hash Join  (cost=68438.72..154745.38 rows=34870 width=0) (actual time=1040.448..2654.369 rows=13463 loops=1)
  Hash Cond: (mk.movie_id = t.id)
  ->  Seq Scan on movie_keyword mk  (cost=0.00..81003.12 rows=1321289 width=4) (actual time=0.022..1357.389 rows=1332412 loops=1)
        Filter: (keyword_id < 1741)
        Rows Removed by Filter: 3191518
  ->  Hash  (cost=67604.59..67604.59 rows=66731 width=4) (actual time=1039.662..1039.662 rows=67342 loops=1)
        Buckets: 131072  Batches: 1  Memory Usage: 3392kB
        ->  Seq Scan on title t  (cost=0.00..67604.59 rows=66731 width=4) (actual time=0.010..1012.445 rows=67342 loops=1)
              Filter: (production_year > 2012)
              Rows Removed by Filter: 2460970
Planning time: 0.528 ms
Execution time: 2656.803 ms
