Seq Scan on cast_info ci  (cost=0.00..705507.15 rows=4320508 width=42) (actual time=1894.161..5091.398 rows=4323018 loops=1)
  Filter: (role_id = 10)
  Rows Removed by Filter: 31921326
Planning time: 0.446 ms
Execution time: 5232.198 ms
