Hash Join  (cost=83073.49..139526.94 rows=51 width=146) (actual time=1682.333..3141.041 rows=1542 loops=1)
  Hash Cond: (mc.movie_id = t.id)
  ->  Seq Scan on movie_companies mc  (cost=0.00..51404.11 rows=1346355 width=40) (actual time=0.016..1266.543 rows=1352781 loops=1)
        Filter: (company_id > 11156)
        Rows Removed by Filter: 1256348
  ->  Hash  (cost=83072.29..83072.29 rows=96 width=106) (actual time=1680.537..1680.537 rows=276 loops=1)
        Buckets: 1024  Batches: 1  Memory Usage: 41kB
        ->  Nested Loop  (cost=0.43..83072.29 rows=96 width=106) (actual time=6.184..1679.976 rows=276 loops=1)
              ->  Seq Scan on movie_keyword mk  (cost=0.00..81003.12 rows=246 width=12) (actual time=6.118..1655.031 rows=330 loops=1)
                    Filter: (keyword_id = 1190)
                    Rows Removed by Filter: 4523600
              ->  Index Scan using title_pkey on title t  (cost=0.43..8.40 rows=1 width=94) (actual time=0.071..0.072 rows=1 loops=330)
                    Index Cond: (id = mk.movie_id)
                    Filter: (kind_id < 7)
                    Rows Removed by Filter: 0
Planning time: 1.380 ms
Execution time: 3141.341 ms
