Seq Scan on movie_keyword mk  (cost=0.00..81003.12 rows=771182 width=0) (actual time=0.031..1267.168 rows=779187 loops=1)
  Filter: (keyword_id > 24185)
  Rows Removed by Filter: 3744743
Planning time: 0.333 ms
Execution time: 1381.759 ms
