Hash Join  (cost=96957.05..664074.73 rows=8182775 width=0) (actual time=1914.701..16192.567 rows=3935538 loops=1)
  Hash Cond: (mi.movie_id = t.id)
  ->  Seq Scan on movie_info mi  (cost=0.00..309384.22 rows=14739122 width=4) (actual time=0.016..5910.688 rows=14835720 loops=1)
  ->  Hash  (cost=73925.90..73925.90 rows=1403772 width=4) (actual time=1800.319..1800.319 rows=1477664 loops=1)
        Buckets: 131072  Batches: 32  Memory Usage: 2656kB
        ->  Seq Scan on title t  (cost=0.00..73925.90 rows=1403772 width=4) (actual time=118.562..1316.660 rows=1477664 loops=1)
              Filter: ((production_year > 1948) AND (kind_id = 7))
              Rows Removed by Filter: 1050648
Planning time: 4.678 ms
Execution time: 16611.143 ms
