Hash Join  (cost=213256.84..804472.78 rows=7672577 width=0) (actual time=5017.737..27875.376 rows=32709756 loops=1)
  Hash Cond: (mi.movie_id = t.id)
  ->  Seq Scan on movie_info mi  (cost=0.00..346232.03 rows=12665229 width=4) (actual time=0.015..7177.524 rows=12744652 loops=1)
        Filter: (info_type_id > 2)
        Rows Removed by Filter: 2091068
  ->  Hash  (cost=188125.62..188125.62 rows=1531778 width=8) (actual time=5016.616..5016.616 rows=1258718 loops=1)
        Buckets: 131072  Batches: 32  Memory Usage: 2587kB
        ->  Hash Join  (cost=91959.31..188125.62 rows=1531778 width=8) (actual time=1753.050..4612.981 rows=1258718 loops=1)
              Hash Cond: (mc.movie_id = t.id)
              ->  Seq Scan on movie_companies mc  (cost=0.00..44881.29 rows=2609129 width=4) (actual time=0.022..894.917 rows=2609129 loops=1)
              ->  Hash  (cost=67604.59..67604.59 rows=1484458 width=4) (actual time=1751.806..1751.806 rows=1485030 loops=1)
                    Buckets: 131072  Batches: 32  Memory Usage: 2655kB
                    ->  Seq Scan on title t  (cost=0.00..67604.59 rows=1484458 width=4) (actual time=0.032..1264.091 rows=1485030 loops=1)
                          Filter: (production_year > 1998)
                          Rows Removed by Filter: 1043282
Planning time: 1.253 ms
Execution time: 31744.834 ms
