Hash Join  (cost=77339.01..203875.63 rows=372159 width=0) (actual time=1348.163..4824.342 rows=62889 loops=1)
  Hash Cond: (mk.movie_id = t.id)
  ->  Seq Scan on movie_keyword mk  (cost=0.00..69693.30 rows=4523930 width=4) (actual time=0.026..1427.873 rows=4523930 loops=1)
  ->  Hash  (cost=73925.90..73925.90 rows=208008 width=4) (actual time=1063.578..1063.578 rows=104154 loops=1)
        Buckets: 131072  Batches: 4  Memory Usage: 1942kB
        ->  Seq Scan on title t  (cost=0.00..73925.90 rows=208008 width=4) (actual time=0.024..1026.105 rows=104154 loops=1)
              Filter: ((production_year < 1968) AND (kind_id = 7))
              Rows Removed by Filter: 2424158
Planning time: 0.865 ms
Execution time: 4832.157 ms
