Hash Join  (cost=156649.15..1176779.00 rows=3049317 width=0) (actual time=4087.022..28312.273 rows=4955918 loops=1)
  Hash Cond: (ci.movie_id = t.id)
  ->  Seq Scan on cast_info ci  (cost=0.00..796071.18 rows=16583600 width=4) (actual time=406.918..15860.433 rows=15273904 loops=1)
        Filter: ((person_id > 1686020) AND (role_id < 10))
        Rows Removed by Filter: 20970440
  ->  Hash  (cost=149020.47..149020.47 rows=464934 width=8) (actual time=3679.196..3679.196 rows=460185 loops=1)
        Buckets: 131072  Batches: 8  Memory Usage: 3276kB
        ->  Hash Join  (cost=102767.86..149020.47 rows=464934 width=8) (actual time=2210.622..3542.598 rows=460185 loops=1)
              Hash Cond: (mi_idx.movie_id = t.id)
              ->  Seq Scan on movie_info_idx mi_idx  (cost=0.00..25185.44 rows=464934 width=4) (actual time=0.018..503.096 rows=460185 loops=1)
                    Filter: (info_type_id > 100)
                    Rows Removed by Filter: 919850
              ->  Hash  (cost=61283.27..61283.27 rows=2528527 width=4) (actual time=2209.190..2209.190 rows=2528312 loops=1)
                    Buckets: 131072  Batches: 64  Memory Usage: 2415kB
                    ->  Seq Scan on title t  (cost=0.00..61283.27 rows=2528527 width=4) (actual time=0.015..1103.457 rows=2528312 loops=1)
Planning time: 1.562 ms
Execution time: 28887.624 ms
