Seq Scan on movie_keyword mk  (cost=0.00..81003.12 rows=246 width=0) (actual time=2.006..1092.325 rows=2925 loops=1)
  Filter: (keyword_id = 15855)
  Rows Removed by Filter: 4521005
Planning time: 0.365 ms
Execution time: 1093.144 ms
