Hash Join  (cost=102767.86..212273.38 rows=2004025 width=0) (actual time=1826.954..5004.703 rows=2008969 loops=1)
  Hash Cond: (mc.movie_id = t.id)
  ->  Seq Scan on movie_companies mc  (cost=0.00..51404.11 rows=2004025 width=4) (actual time=0.019..1201.354 rows=2008969 loops=1)
        Filter: (company_id > 687)
        Rows Removed by Filter: 600160
  ->  Hash  (cost=61283.27..61283.27 rows=2528527 width=4) (actual time=1825.895..1825.895 rows=2528312 loops=1)
        Buckets: 131072  Batches: 64  Memory Usage: 2415kB
        ->  Seq Scan on title t  (cost=0.00..61283.27 rows=2528527 width=4) (actual time=0.019..1007.905 rows=2528312 loops=1)
Planning time: 1.171 ms
Execution time: 5224.356 ms
