Seq Scan on movie_companies mc  (cost=0.00..57926.93 rows=467259 width=0) (actual time=410.581..986.464 rows=670911 loops=1)
  Filter: ((company_id < 3755) AND (company_type_id = 1))
  Rows Removed by Filter: 1938218
Planning time: 0.412 ms
Execution time: 1071.139 ms
