Hash Join  (cost=75636.60..106799.17 rows=19163 width=0) (actual time=1147.532..1770.504 rows=11384 loops=1)
  Hash Cond: (mi_idx.movie_id = t.id)
  ->  Seq Scan on movie_info_idx mi_idx  (cost=0.00..25185.44 rows=464934 width=4) (actual time=0.013..425.748 rows=460185 loops=1)
        Filter: (info_type_id > 100)
        Rows Removed by Filter: 919850
  ->  Hash  (cost=73925.90..73925.90 rows=104216 width=4) (actual time=1146.642..1146.642 rows=108513 loops=1)
        Buckets: 131072  Batches: 2  Memory Usage: 2931kB
        ->  Seq Scan on title t  (cost=0.00..73925.90 rows=104216 width=4) (actual time=0.025..1108.476 rows=108513 loops=1)
              Filter: ((kind_id > 1) AND (production_year = 2010))
              Rows Removed by Filter: 2419799
Planning time: 1.174 ms
Execution time: 1772.714 ms
