Hash Join  (cost=74545.71..442091.95 rows=289032 width=0) (actual time=1223.888..8781.134 rows=445642 loops=1)
  Hash Cond: (mi.movie_id = t.id)
  ->  Seq Scan on movie_info mi  (cost=0.00..309384.22 rows=14739122 width=4) (actual time=0.017..3921.317 rows=14835720 loops=1)
  ->  Hash  (cost=73925.90..73925.90 rows=49584 width=4) (actual time=1223.482..1223.482 rows=38752 loops=1)
        Buckets: 65536  Batches: 1  Memory Usage: 1875kB
        ->  Seq Scan on title t  (cost=0.00..73925.90 rows=49584 width=4) (actual time=0.085..1206.749 rows=38752 loops=1)
              Filter: ((kind_id < 7) AND (production_year = 2008))
              Rows Removed by Filter: 2489560
Planning time: 0.756 ms
Execution time: 8838.210 ms
