Hash Join  (cost=102767.86..1073151.93 rows=6833655 width=0) (actual time=1907.208..20361.440 rows=4240670 loops=1)
  Hash Cond: (ci.movie_id = t.id)
  ->  Seq Scan on cast_info ci  (cost=0.00..796071.18 rows=6833655 width=4) (actual time=0.015..14330.819 rows=4240670 loops=1)
        Filter: ((person_id < 1494946) AND (role_id > 2))
        Rows Removed by Filter: 32003674
  ->  Hash  (cost=61283.27..61283.27 rows=2528527 width=4) (actual time=1904.995..1904.995 rows=2528312 loops=1)
        Buckets: 131072  Batches: 64  Memory Usage: 2415kB
        ->  Seq Scan on title t  (cost=0.00..61283.27 rows=2528527 width=4) (actual time=8.850..1102.135 rows=2528312 loops=1)
Planning time: 0.539 ms
Execution time: 20878.535 ms
