Seq Scan on movie_keyword mk  (cost=0.00..81003.12 rows=3101597 width=0) (actual time=0.026..1263.961 rows=3087649 loops=1)
  Filter: (keyword_id < 11652)
  Rows Removed by Filter: 1436281
Planning time: 0.350 ms
Execution time: 1591.839 ms
