Nested Loop  (cost=0.43..66991.85 rows=30 width=0) (actual time=567.769..809.813 rows=53 loops=1)
  ->  Seq Scan on movie_companies mc  (cost=0.00..57926.93 rows=1109 width=4) (actual time=0.235..760.559 rows=1448 loops=1)
        Filter: ((company_id = 554) AND (company_type_id = 1))
        Rows Removed by Filter: 2607681
  ->  Index Scan using title_pkey on title t  (cost=0.43..8.16 rows=1 width=4) (actual time=0.033..0.033 rows=0 loops=1448)
        Index Cond: (id = mc.movie_id)
        Filter: ((kind_id = 7) AND (production_year = 2007))
        Rows Removed by Filter: 1
Planning time: 2.204 ms
Execution time: 809.942 ms
