Hash Join  (cost=114811.45..201301.51 rows=29283 width=0) (actual time=3050.037..3491.760 rows=28986 loops=1)
  Hash Cond: (mk.movie_id = t.id)
  ->  Seq Scan on movie_keyword mk  (cost=0.00..81003.12 rows=1385096 width=4) (actual time=0.027..1241.460 rows=1400456 loops=1)
        Filter: (keyword_id > 11956)
        Rows Removed by Filter: 3123474
  ->  Hash  (cost=114143.25..114143.25 rows=53456 width=8) (actual time=2022.990..2022.990 rows=24084 loops=1)
        Buckets: 65536  Batches: 1  Memory Usage: 1453kB
        ->  Hash Join  (cost=75533.21..114143.25 rows=53456 width=8) (actual time=1177.489..2015.818 rows=24084 loops=1)
              Hash Cond: (mi_idx.movie_id = t.id)
              ->  Seq Scan on movie_info_idx mi_idx  (cost=0.00..21735.35 rows=1380035 width=4) (actual time=0.023..399.865 rows=1380035 loops=1)
              ->  Hash  (cost=73925.90..73925.90 rows=97944 width=4) (actual time=1175.490..1175.490 rows=106247 loops=1)
                    Buckets: 131072  Batches: 2  Memory Usage: 2890kB
                    ->  Seq Scan on title t  (cost=0.00..73925.90 rows=97944 width=4) (actual time=0.017..1136.551 rows=106247 loops=1)
                          Filter: ((kind_id = 7) AND (production_year = 2011))
                          Rows Removed by Filter: 2422065
Planning time: 1.211 ms
Execution time: 3495.672 ms
