Nested Loop  (cost=0.43..83072.90 rows=93 width=0) (actual time=234.956..1308.664 rows=3 loops=1)
  ->  Seq Scan on movie_keyword mk  (cost=0.00..81003.12 rows=246 width=4) (actual time=2.563..1301.869 rows=44 loops=1)
        Filter: (keyword_id = 39010)
        Rows Removed by Filter: 4523886
  ->  Index Scan using title_pkey on title t  (cost=0.43..8.40 rows=1 width=4) (actual time=0.149..0.149 rows=0 loops=44)
        Index Cond: (id = mk.movie_id)
        Filter: ((production_year > 1996) AND (kind_id = 7))
        Rows Removed by Filter: 1
Planning time: 0.793 ms
Execution time: 1308.774 ms
