Seq Scan on movie_keyword mk  (cost=0.00..81003.12 rows=924106 width=0) (actual time=0.024..1387.960 rows=930708 loops=1)
  Filter: (keyword_id < 872)
  Rows Removed by Filter: 3593222
Planning time: 0.337 ms
Execution time: 1504.912 ms
