Hash Join  (cost=440895.12..571944.62 rows=278455 width=0) (actual time=8914.207..11988.425 rows=239161 loops=1)
  Hash Cond: (mk.movie_id = t.id)
  ->  Seq Scan on movie_keyword mk  (cost=0.00..69693.30 rows=4523930 width=4) (actual time=0.020..1397.392 rows=4523930 loops=1)
  ->  Hash  (cost=438341.68..438341.68 rows=155635 width=8) (actual time=8913.265..8913.265 rows=127254 loops=1)
        Buckets: 131072  Batches: 4  Memory Usage: 2273kB
        ->  Hash Join  (cost=68438.72..438341.68 rows=155635 width=8) (actual time=3703.536..8695.361 rows=127254 loops=1)
              Hash Cond: (mi.movie_id = t.id)
              ->  Seq Scan on movie_info mi  (cost=0.00..346232.03 rows=5897221 width=4) (actual time=2458.423..5949.585 rows=5884963 loops=1)
                    Filter: (info_type_id < 7)
                    Rows Removed by Filter: 8950757
              ->  Hash  (cost=67604.59..67604.59 rows=66731 width=4) (actual time=1243.741..1243.741 rows=67342 loops=1)
                    Buckets: 131072  Batches: 1  Memory Usage: 3392kB
                    ->  Seq Scan on title t  (cost=0.00..67604.59 rows=66731 width=4) (actual time=0.040..1215.636 rows=67342 loops=1)
                          Filter: (production_year > 2012)
                          Rows Removed by Filter: 2460970
Planning time: 1.032 ms
Execution time: 12016.879 ms
