Hash Join  (cost=207240.44..356797.03 rows=2261655 width=0) (actual time=4789.704..8349.259 rows=1324913 loops=1)
  Hash Cond: (mk.movie_id = t.id)
  ->  Seq Scan on movie_keyword mk  (cost=0.00..69693.30 rows=4523930 width=4) (actual time=0.014..1489.752 rows=4523930 loops=1)
  ->  Hash  (cost=186501.32..186501.32 rows=1264090 width=8) (actual time=4457.672..4457.672 rows=524037 loops=1)
        Buckets: 131072  Batches: 32  Memory Usage: 1656kB
        ->  Hash Join  (cost=94024.89..186501.32 rows=1264090 width=8) (actual time=2216.122..4315.143 rows=524037 loops=1)
              Hash Cond: (mc.movie_id = t.id)
              ->  Seq Scan on movie_companies mc  (cost=0.00..44881.29 rows=2609129 width=4) (actual time=0.025..984.236 rows=2609129 loops=1)
              ->  Hash  (cost=73925.90..73925.90 rows=1225039 width=4) (actual time=1774.599..1774.599 rows=1308896 loops=1)
                    Buckets: 131072  Batches: 32  Memory Usage: 2468kB
                    ->  Seq Scan on title t  (cost=0.00..73925.90 rows=1225039 width=4) (actual time=278.258..1363.919 rows=1308896 loops=1)
                          Filter: ((production_year > 1975) AND (kind_id = 7))
                          Rows Removed by Filter: 1219416
Planning time: 1.205 ms
Execution time: 8518.612 ms
