Hash Join  (cost=102767.86..208210.80 rows=605158 width=0) (actual time=2073.603..4627.418 rows=609530 loops=1)
  Hash Cond: (mk.movie_id = t.id)
  ->  Seq Scan on movie_keyword mk  (cost=0.00..81003.12 rows=605158 width=4) (actual time=0.022..1385.983 rows=609530 loops=1)
        Filter: (keyword_id > 30287)
        Rows Removed by Filter: 3914400
  ->  Hash  (cost=61283.27..61283.27 rows=2528527 width=4) (actual time=2071.897..2071.897 rows=2528312 loops=1)
        Buckets: 131072  Batches: 64  Memory Usage: 2425kB
        ->  Seq Scan on title t  (cost=0.00..61283.27 rows=2528527 width=4) (actual time=0.013..1193.347 rows=2528312 loops=1)
Planning time: 0.576 ms
Execution time: 4697.451 ms
