Hash Join  (cost=92883.59..1359413.77 rows=17888367 width=0) (actual time=1836.688..37699.578 rows=17337864 loops=1)
  Hash Cond: (ci.movie_id = t.id)
  ->  Seq Scan on cast_info ci  (cost=0.00..705507.15 rows=29355672 width=4) (actual time=0.026..16225.612 rows=29294094 loops=1)
        Filter: (person_id < 2969764)
        Rows Removed by Filter: 6950250
  ->  Hash  (cost=67604.59..67604.59 rows=1540800 width=4) (actual time=1835.307..1835.307 rows=1543264 loops=1)
        Buckets: 131072  Batches: 32  Memory Usage: 2722kB
        ->  Seq Scan on title t  (cost=0.00..67604.59 rows=1540800 width=4) (actual time=0.022..1365.265 rows=1543264 loops=1)
              Filter: (kind_id = 7)
              Rows Removed by Filter: 985048
Planning time: 3.041 ms
Execution time: 39562.678 ms
