Hash Join  (cost=190230.21..291410.16 rows=1423217 width=0) (actual time=4202.538..7998.703 rows=4065848 loops=1)
  Hash Cond: (mc.movie_id = t.id)
  ->  Seq Scan on movie_companies mc  (cost=0.00..51404.11 rows=2607645 width=4) (actual time=0.021..1202.462 rows=2604417 loops=1)
        Filter: (company_id > 5)
        Rows Removed by Filter: 4712
  ->  Hash  (cost=167588.78..167588.78 rows=1380035 width=8) (actual time=4201.398..4201.398 rows=1380035 loops=1)
        Buckets: 131072  Batches: 32  Memory Usage: 2708kB
        ->  Hash Join  (cost=102767.86..167588.78 rows=1380035 width=8) (actual time=1888.099..3827.387 rows=1380035 loops=1)
              Hash Cond: (mi_idx.movie_id = t.id)
              ->  Seq Scan on movie_info_idx mi_idx  (cost=0.00..21735.35 rows=1380035 width=4) (actual time=0.015..482.059 rows=1380035 loops=1)
              ->  Hash  (cost=61283.27..61283.27 rows=2528527 width=4) (actual time=1886.239..1886.239 rows=2528312 loops=1)
                    Buckets: 131072  Batches: 64  Memory Usage: 2415kB
                    ->  Seq Scan on title t  (cost=0.00..61283.27 rows=2528527 width=4) (actual time=0.009..1080.583 rows=2528312 loops=1)
Planning time: 0.799 ms
Execution time: 8497.723 ms
