Hash Join  (cost=191591.62..331998.40 rows=1510574 width=0) (actual time=4238.493..12897.134 rows=21099552 loops=1)
  Hash Cond: (mk.movie_id = t.id)
  ->  Seq Scan on movie_keyword mk  (cost=0.00..69693.30 rows=4523930 width=4) (actual time=0.028..1538.835 rows=4523930 loops=1)
  ->  Hash  (cost=177738.95..177738.95 rows=844294 width=8) (actual time=4237.205..4237.205 rows=992225 loops=1)
        Buckets: 131072  Batches: 16  Memory Usage: 3497kB
        ->  Hash Join  (cost=94978.31..177738.95 rows=844294 width=8) (actual time=1923.844..3938.003 rows=992225 loops=1)
              Hash Cond: (mc.movie_id = t.id)
              ->  Seq Scan on movie_companies mc  (cost=0.00..51404.11 rows=1279517 width=4) (actual time=151.274..955.101 rows=1274246 loops=1)
                    Filter: (company_type_id < 2)
                    Rows Removed by Filter: 1334883
              ->  Hash  (cost=67604.59..67604.59 rows=1668458 width=4) (actual time=1771.367..1771.367 rows=1671292 loops=1)
                    Buckets: 131072  Batches: 32  Memory Usage: 2858kB
                    ->  Seq Scan on title t  (cost=0.00..67604.59 rows=1668458 width=4) (actual time=0.032..1229.529 rows=1671292 loops=1)
                          Filter: (production_year < 2008)
                          Rows Removed by Filter: 857020
Planning time: 1.146 ms
Execution time: 15316.262 ms
