Hash Join  (cost=73983.02..467938.51 rows=22886 width=0) (actual time=1230.836..9843.691 rows=22832 loops=1)
  Hash Cond: (mi.movie_id = t.id)
  ->  Seq Scan on movie_info mi  (cost=0.00..346232.03 rows=12665229 width=4) (actual time=0.017..6327.527 rows=12744652 loops=1)
        Filter: (info_type_id > 2)
        Rows Removed by Filter: 2091068
  ->  Hash  (cost=73925.90..73925.90 rows=4569 width=4) (actual time=1212.801..1212.801 rows=7664 loops=1)
        Buckets: 8192  Batches: 1  Memory Usage: 334kB
        ->  Seq Scan on title t  (cost=0.00..73925.90 rows=4569 width=4) (actual time=0.065..1209.050 rows=7664 loops=1)
              Filter: ((kind_id > 4) AND (production_year = 1972))
              Rows Removed by Filter: 2520648
Planning time: 1.640 ms
Execution time: 9847.305 ms
