Seq Scan on movie_keyword mk  (cost=0.00..81003.12 rows=246 width=0) (actual time=197.119..1358.609 rows=2 loops=1)
  Filter: (keyword_id = 104082)
  Rows Removed by Filter: 4523928
Planning time: 0.375 ms
Execution time: 1358.693 ms
