Seq Scan on movie_keyword mk  (cost=0.00..81003.12 rows=246 width=0) (actual time=14.391..1289.140 rows=65 loops=1)
  Filter: (keyword_id = 37545)
  Rows Removed by Filter: 4523865
Planning time: 0.364 ms
Execution time: 1289.298 ms
