Hash Join  (cost=197219.76..682512.04 rows=514135 width=0) (actual time=3970.007..15671.015 rows=3324421 loops=1)
  Hash Cond: (mi.movie_id = t.id)
  ->  Seq Scan on movie_info mi  (cost=0.00..309384.22 rows=14739122 width=4) (actual time=0.009..5769.886 rows=14835720 loops=1)
  ->  Hash  (cost=195772.25..195772.25 rows=88201 width=8) (actual time=3969.221..3969.221 rows=93622 loops=1)
        Buckets: 131072  Batches: 2  Memory Usage: 2884kB
        ->  Hash Join  (cost=102767.86..195772.25 rows=88201 width=8) (actual time=1902.747..3937.588 rows=93622 loops=1)
              Hash Cond: (mk.movie_id = t.id)
              ->  Seq Scan on movie_keyword mk  (cost=0.00..81003.12 rows=88201 width=4) (actual time=0.065..1298.210 rows=93622 loops=1)
                    Filter: (keyword_id < 84)
                    Rows Removed by Filter: 4430308
              ->  Hash  (cost=61283.27..61283.27 rows=2528527 width=4) (actual time=1901.161..1901.161 rows=2528312 loops=1)
                    Buckets: 131072  Batches: 64  Memory Usage: 2425kB
                    ->  Seq Scan on title t  (cost=0.00..61283.27 rows=2528527 width=4) (actual time=0.023..1057.156 rows=2528312 loops=1)
Planning time: 0.824 ms
Execution time: 16070.100 ms
