Hash Join  (cost=208332.58..361395.42 rows=2549380 width=0) (actual time=5120.138..12830.626 rows=16657594 loops=1)
  Hash Cond: (mk.movie_id = t.id)
  ->  Seq Scan on movie_keyword mk  (cost=0.00..69693.30 rows=4523930 width=4) (actual time=0.014..1416.981 rows=4523930 loops=1)
  ->  Hash  (cost=184954.26..184954.26 rows=1424906 width=8) (actual time=5118.706..5118.706 rows=1170186 loops=1)
        Buckets: 131072  Batches: 32  Memory Usage: 2498kB
        ->  Hash Join  (cost=90260.67..184954.26 rows=1424906 width=8) (actual time=1827.606..4742.797 rows=1170186 loops=1)
              Hash Cond: (mc.movie_id = t.id)
              ->  Seq Scan on movie_companies mc  (cost=0.00..44881.29 rows=2609129 width=4) (actual time=0.011..993.967 rows=2609129 loops=1)
              ->  Hash  (cost=67604.59..67604.59 rows=1380887 width=4) (actual time=1826.231..1826.231 rows=1381453 loops=1)
                    Buckets: 131072  Batches: 32  Memory Usage: 2543kB
                    ->  Seq Scan on title t  (cost=0.00..67604.59 rows=1380887 width=4) (actual time=0.022..1358.639 rows=1381453 loops=1)
                          Filter: (production_year > 2000)
                          Rows Removed by Filter: 1146859
Planning time: 1.206 ms
Execution time: 14746.280 ms
