Seq Scan on movie_keyword mk  (cost=0.00..81003.12 rows=453008 width=0) (actual time=0.012..1352.043 rows=465401 loops=1)
  Filter: (keyword_id < 355)
  Rows Removed by Filter: 4058529
Planning time: 0.313 ms
Execution time: 1410.349 ms
