Hash Join  (cost=160737.19..508893.18 rows=787 width=0) (actual time=2904.943..8219.250 rows=163590 loops=1)
  Hash Cond: (mi.movie_id = t.id)
  ->  Seq Scan on movie_info mi  (cost=0.00..346232.03 rows=383217 width=4) (actual time=0.022..5210.428 rows=368218 loops=1)
        Filter: (info_type_id = 17)
        Rows Removed by Filter: 14467502
  ->  Hash  (cost=160672.23..160672.23 rows=5197 width=8) (actual time=2904.204..2904.204 rows=29521 loops=1)
        Buckets: 32768 (originally 8192)  Batches: 1 (originally 1)  Memory Usage: 1410kB
        ->  Hash Join  (cost=73962.22..160672.23 rows=5197 width=8) (actual time=1088.651..2893.908 rows=29521 loops=1)
              Hash Cond: (mk.movie_id = t.id)
              ->  Seq Scan on movie_keyword mk  (cost=0.00..69693.30 rows=4523930 width=4) (actual time=0.013..982.755 rows=4523930 loops=1)
              ->  Hash  (cost=73925.90..73925.90 rows=2905 width=4) (actual time=1087.122..1087.122 rows=6196 loops=1)
                    Buckets: 8192 (originally 4096)  Batches: 1 (originally 1)  Memory Usage: 282kB
                    ->  Seq Scan on title t  (cost=0.00..73925.90 rows=2905 width=4) (actual time=0.624..1084.036 rows=6196 loops=1)
                          Filter: ((kind_id < 7) AND (production_year = 1975))
                          Rows Removed by Filter: 2522116
Planning time: 1.217 ms
Execution time: 8239.769 ms
