Seq Scan on cast_info ci  (cost=0.00..796071.18 rows=60 width=0) (actual time=5191.706..10914.462 rows=22 loops=1)
  Filter: ((person_id = 2813301) AND (role_id = 10))
  Rows Removed by Filter: 36244322
Planning time: 0.453 ms
Execution time: 10914.565 ms
