Hash Join  (cost=102767.86..264845.01 rows=2958771 width=0) (actual time=1918.133..6630.029 rows=2949101 loops=1)
  Hash Cond: (mk.movie_id = t.id)
  ->  Seq Scan on movie_keyword mk  (cost=0.00..81003.12 rows=2958771 width=4) (actual time=0.020..1797.744 rows=2949101 loops=1)
        Filter: (keyword_id > 2375)
        Rows Removed by Filter: 1574829
  ->  Hash  (cost=61283.27..61283.27 rows=2528527 width=4) (actual time=1917.187..1917.187 rows=2528312 loops=1)
        Buckets: 131072  Batches: 64  Memory Usage: 2425kB
        ->  Seq Scan on title t  (cost=0.00..61283.27 rows=2528527 width=4) (actual time=0.006..1063.771 rows=2528312 loops=1)
Planning time: 0.694 ms
Execution time: 6998.559 ms
