Hash Join  (cost=160872.73..544523.47 rows=57090 width=0) (actual time=3092.990..10292.177 rows=105490 loops=1)
  Hash Cond: (mi.movie_id = t.id)
  ->  Seq Scan on movie_info mi  (cost=0.00..309384.22 rows=14739122 width=4) (actual time=0.022..4254.359 rows=14835720 loops=1)
  ->  Hash  (cost=160750.31..160750.31 rows=9794 width=8) (actual time=3092.054..3092.054 rows=8124 loops=1)
        Buckets: 16384  Batches: 1  Memory Usage: 446kB
        ->  Hash Join  (cost=73994.33..160750.31 rows=9794 width=8) (actual time=1207.526..3088.770 rows=8124 loops=1)
              Hash Cond: (mk.movie_id = t.id)
              ->  Seq Scan on movie_keyword mk  (cost=0.00..69693.30 rows=4523930 width=4) (actual time=0.018..1050.311 rows=4523930 loops=1)
              ->  Hash  (cost=73925.90..73925.90 rows=5474 width=4) (actual time=1204.640..1204.640 rows=10313 loops=1)
                    Buckets: 16384 (originally 8192)  Batches: 1 (originally 1)  Memory Usage: 491kB
                    ->  Seq Scan on title t  (cost=0.00..73925.90 rows=5474 width=4) (actual time=4.169..1199.041 rows=10313 loops=1)
                          Filter: ((kind_id > 1) AND (production_year = 1980))
                          Rows Removed by Filter: 2517999
Planning time: 1.229 ms
Execution time: 10307.087 ms
