Hash Join  (cost=190230.21..287784.88 rows=1306964 width=0) (actual time=4149.226..7624.916 rows=3757692 loops=1)
  Hash Cond: (mc.movie_id = t.id)
  ->  Seq Scan on movie_companies mc  (cost=0.00..51404.11 rows=2394644 width=4) (actual time=0.024..1308.271 rows=2393328 loops=1)
        Filter: (company_id < 109044)
        Rows Removed by Filter: 215801
  ->  Hash  (cost=167588.78..167588.78 rows=1380035 width=8) (actual time=4148.180..4148.180 rows=1380035 loops=1)
        Buckets: 131072  Batches: 32  Memory Usage: 2708kB
        ->  Hash Join  (cost=102767.86..167588.78 rows=1380035 width=8) (actual time=1914.344..3779.564 rows=1380035 loops=1)
              Hash Cond: (mi_idx.movie_id = t.id)
              ->  Seq Scan on movie_info_idx mi_idx  (cost=0.00..21735.35 rows=1380035 width=4) (actual time=0.017..467.510 rows=1380035 loops=1)
              ->  Hash  (cost=61283.27..61283.27 rows=2528527 width=4) (actual time=1913.572..1913.572 rows=2528312 loops=1)
                    Buckets: 131072  Batches: 64  Memory Usage: 2415kB
                    ->  Seq Scan on title t  (cost=0.00..61283.27 rows=2528527 width=4) (actual time=0.021..1056.706 rows=2528312 loops=1)
Planning time: 1.164 ms
Execution time: 8016.717 ms
