Hash Join  (cost=85000.09..147989.94 rows=45489 width=0) (actual time=1677.920..2664.272 rows=1664 loops=1)
  Hash Cond: (mc.movie_id = t.id)
  ->  Seq Scan on movie_companies mc  (cost=0.00..57926.93 rows=170406 width=4) (actual time=221.579..933.073 rows=335919 loops=1)
        Filter: ((company_id > 89713) AND (company_type_id > 1))
        Rows Removed by Filter: 2273210
  ->  Hash  (cost=73925.90..73925.90 rows=674975 width=4) (actual time=1453.953..1453.953 rows=739679 loops=1)
        Buckets: 131072  Batches: 16  Memory Usage: 2654kB
        ->  Seq Scan on title t  (cost=0.00..73925.90 rows=674975 width=4) (actual time=88.185..1221.841 rows=739679 loops=1)
              Filter: ((production_year > 2004) AND (kind_id = 7))
              Rows Removed by Filter: 1788633
Planning time: 1.750 ms
Execution time: 2664.617 ms
