Seq Scan on cast_info ci  (cost=0.00..796071.18 rows=257553 width=0) (actual time=10579.780..14942.644 rows=87140 loops=1)
  Filter: ((person_id < 2751136) AND (role_id > 10))
  Rows Removed by Filter: 36157204
Planning time: 0.372 ms
Execution time: 14954.164 ms
