Seq Scan on cast_info ci  (cost=0.00..796071.18 rows=11070476 width=0) (actual time=3376.977..15468.759 rows=9343928 loops=1)
  Filter: ((person_id > 445774) AND (role_id = 1))
  Rows Removed by Filter: 26900416
Planning time: 0.437 ms
Execution time: 16496.069 ms
