Seq Scan on cast_info ci  (cost=0.00..705507.15 rows=27747521 width=0) (actual time=0.014..12723.284 rows=27878714 loops=1)
  Filter: (person_id > 819738)
  Rows Removed by Filter: 8365630
Planning time: 0.370 ms
Execution time: 16084.894 ms
