Hash Join  (cost=73962.22..100888.56 rows=1586 width=0) (actual time=1099.043..1678.820 rows=6653 loops=1)
  Hash Cond: (mi_idx.movie_id = t.id)
  ->  Seq Scan on movie_info_idx mi_idx  (cost=0.00..21735.35 rows=1380035 width=4) (actual time=0.015..300.477 rows=1380035 loops=1)
  ->  Hash  (cost=73925.90..73925.90 rows=2905 width=4) (actual time=1096.485..1096.485 rows=5861 loops=1)
        Buckets: 8192 (originally 4096)  Batches: 1 (originally 1)  Memory Usage: 271kB
        ->  Seq Scan on title t  (cost=0.00..73925.90 rows=2905 width=4) (actual time=3.892..1093.602 rows=5861 loops=1)
              Filter: ((kind_id < 7) AND (production_year = 1969))
              Rows Removed by Filter: 2522451
Planning time: 0.709 ms
Execution time: 1680.034 ms
