Seq Scan on movie_keyword mk  (cost=0.00..81003.12 rows=2042392 width=0) (actual time=0.009..1557.834 rows=2046353 loops=1)
  Filter: (keyword_id > 5990)
  Rows Removed by Filter: 2477577
Planning time: 0.324 ms
Execution time: 1819.916 ms
