Hash Join  (cost=74818.74..102119.06 rows=38984 width=0) (actual time=1312.392..1893.071 rows=100377 loops=1)
  Hash Cond: (mi_idx.movie_id = t.id)
  ->  Seq Scan on movie_info_idx mi_idx  (cost=0.00..21735.35 rows=1380035 width=4) (actual time=0.021..330.557 rows=1380035 loops=1)
  ->  Hash  (cost=73925.90..73925.90 rows=71427 width=4) (actual time=1227.403..1227.403 rows=78478 loops=1)
        Buckets: 131072  Batches: 1  Memory Usage: 3783kB
        ->  Seq Scan on title t  (cost=0.00..73925.90 rows=71427 width=4) (actual time=0.030..1196.148 rows=78478 loops=1)
              Filter: ((production_year > 1976) AND (kind_id = 2))
              Rows Removed by Filter: 2449834
Planning time: 0.886 ms
Execution time: 1905.081 ms
