Hash Join  (cost=431142.74..520457.13 rows=35736 width=0) (actual time=6700.210..8620.612 rows=70019 loops=1)
  Hash Cond: (mk.movie_id = t.id)
  ->  Seq Scan on movie_keyword mk  (cost=0.00..81003.12 rows=2121042 width=4) (actual time=0.020..1542.337 rows=2117722 loops=1)
        Filter: (keyword_id > 5612)
        Rows Removed by Filter: 2406208
  ->  Hash  (cost=430610.23..430610.23 rows=42601 width=8) (actual time=6699.800..6699.800 rows=40231 loops=1)
        Buckets: 65536  Batches: 1  Memory Usage: 2084kB
        ->  Hash Join  (cost=69002.72..430610.23 rows=42601 width=8) (actual time=1887.478..6683.244 rows=40231 loops=1)
              Hash Cond: (mi.movie_id = t.id)
              ->  Seq Scan on movie_info mi  (cost=0.00..346232.03 rows=1264125 width=4) (actual time=453.770..4725.619 rows=1288928 loops=1)
                    Filter: (info_type_id = 2)
                    Rows Removed by Filter: 13546792
              ->  Hash  (cost=67604.59..67604.59 rows=85211 width=4) (actual time=1432.864..1432.864 rows=84593 loops=1)
                    Buckets: 131072  Batches: 2  Memory Usage: 2524kB
                    ->  Seq Scan on title t  (cost=0.00..67604.59 rows=85211 width=4) (actual time=0.046..976.986 rows=84593 loops=1)
                          Filter: (production_year = 2004)
                          Rows Removed by Filter: 2443719
Planning time: 1.124 ms
Execution time: 8630.491 ms
