Hash Join  (cost=709678.15..796345.14 rows=895 width=0) (actual time=10881.248..12567.506 rows=409 loops=1)
  Hash Cond: (mk.movie_id = t.id)
  ->  Seq Scan on movie_keyword mk  (cost=0.00..69693.30 rows=4523930 width=4) (actual time=0.013..979.693 rows=4523930 loops=1)
  ->  Hash  (cost=709671.90..709671.90 rows=500 width=8) (actual time=10823.859..10823.859 rows=11 loops=1)
        Buckets: 1024  Batches: 1  Memory Usage: 9kB
        ->  Nested Loop  (cost=0.43..709671.90 rows=500 width=8) (actual time=956.382..10823.777 rows=11 loops=1)
              ->  Seq Scan on cast_info ci  (cost=0.00..705507.15 rows=500 width=4) (actual time=956.282..10820.878 rows=11 loops=1)
                    Filter: (person_id = 231048)
                    Rows Removed by Filter: 36244333
              ->  Index Only Scan using title_pkey on title t  (cost=0.43..8.32 rows=1 width=4) (actual time=0.255..0.256 rows=1 loops=11)
                    Index Cond: (id = ci.movie_id)
                    Heap Fetches: 11
Planning time: 1.189 ms
Execution time: 12567.648 ms
