Hash Join  (cost=88317.49..988546.11 rows=4414775 width=0) (actual time=1487.074..23044.114 rows=4542816 loops=1)
  Hash Cond: (ci.movie_id = t.id)
  ->  Seq Scan on cast_info ci  (cost=0.00..705507.15 rows=12726058 width=4) (actual time=0.014..14338.294 rows=12670688 loops=1)
        Filter: (role_id < 2)
        Rows Removed by Filter: 23573656
  ->  Hash  (cost=73925.90..73925.90 rows=877167 width=4) (actual time=1485.829..1485.829 rows=790316 loops=1)
        Buckets: 131072  Batches: 16  Memory Usage: 2762kB
        ->  Seq Scan on title t  (cost=0.00..73925.90 rows=877167 width=4) (actual time=0.017..1237.987 rows=790316 loops=1)
              Filter: ((kind_id < 7) AND (production_year > 1957))
              Rows Removed by Filter: 1737996
Planning time: 9.698 ms
Execution time: 23538.252 ms
