Seq Scan on cast_info ci  (cost=0.00..796071.18 rows=176 width=0) (actual time=346.048..10487.879 rows=322 loops=1)
  Filter: ((person_id = 1429681) AND (role_id = 1))
  Rows Removed by Filter: 36244022
Planning time: 0.494 ms
Execution time: 10488.006 ms
