Seq Scan on cast_info ci  (cost=0.00..705507.15 rows=14665275 width=0) (actual time=0.018..12192.325 rows=14831302 loops=1)
  Filter: (person_id > 2169661)
  Rows Removed by Filter: 21413042
Planning time: 0.330 ms
Execution time: 14033.758 ms
