Hash Join  (cost=75411.94..199388.29 rows=162031 width=0) (actual time=1103.848..4003.109 rows=112138 loops=1)
  Hash Cond: (mk.movie_id = t.id)
  ->  Seq Scan on movie_keyword mk  (cost=0.00..69693.30 rows=4523930 width=4) (actual time=0.016..1453.696 rows=4523930 loops=1)
  ->  Hash  (cost=73925.90..73925.90 rows=90563 width=4) (actual time=1103.047..1103.047 rows=80990 loops=1)
        Buckets: 131072  Batches: 2  Memory Usage: 2456kB
        ->  Seq Scan on title t  (cost=0.00..73925.90 rows=90563 width=4) (actual time=0.110..1072.069 rows=80990 loops=1)
              Filter: ((kind_id < 7) AND (production_year > 2011))
              Rows Removed by Filter: 2447322
Planning time: 0.708 ms
Execution time: 4018.390 ms
