Nested Loop  (cost=0.43..52283.69 rows=104 width=0) (actual time=169.673..722.278 rows=31 loops=1)
  ->  Seq Scan on movie_companies mc  (cost=0.00..51404.11 rows=104 width=4) (actual time=169.572..719.327 rows=31 loops=1)
        Filter: (company_id = 89069)
        Rows Removed by Filter: 2609098
  ->  Index Only Scan using title_pkey on title t  (cost=0.43..8.45 rows=1 width=4) (actual time=0.089..0.090 rows=1 loops=31)
        Index Cond: (id = mc.movie_id)
        Heap Fetches: 31
Planning time: 1.320 ms
Execution time: 722.399 ms
