Seq Scan on movie_companies mc  (cost=0.00..51404.11 rows=416679 width=0) (actual time=0.027..918.874 rows=420043 loops=1)
  Filter: (company_id > 80071)
  Rows Removed by Filter: 2189086
Planning time: 1.201 ms
Execution time: 970.515 ms
