Seq Scan on cast_info ci  (cost=0.00..796071.18 rows=435 width=0) (actual time=8100.502..14302.652 rows=4 loops=1)
  Filter: ((role_id < 10) AND (person_id = 1471373))
  Rows Removed by Filter: 36244340
Planning time: 0.426 ms
Execution time: 14302.762 ms
