Hash Join  (cost=219197.63..365838.79 rows=1956300 width=0) (actual time=4926.154..8081.687 rows=1060889 loops=1)
  Hash Cond: (mk.movie_id = t.id)
  ->  Seq Scan on movie_keyword mk  (cost=0.00..81003.12 rows=3111206 width=4) (actual time=0.020..1487.602 rows=3097385 loops=1)
        Filter: (keyword_id < 11691)
        Rows Removed by Filter: 1426545
  ->  Hash  (cost=193112.68..193112.68 rows=1589916 width=8) (actual time=4925.075..4925.075 rows=717308 loops=1)
        Buckets: 131072  Batches: 32  Memory Usage: 1877kB
        ->  Hash Join  (cost=92883.59..193112.68 rows=1589916 width=8) (actual time=2105.026..4634.693 rows=717308 loops=1)
              Hash Cond: (mc.movie_id = t.id)
              ->  Seq Scan on movie_companies mc  (cost=0.00..44881.29 rows=2609129 width=4) (actual time=0.010..814.177 rows=2609129 loops=1)
              ->  Hash  (cost=67604.59..67604.59 rows=1540800 width=4) (actual time=1686.005..1686.005 rows=1543264 loops=1)
                    Buckets: 131072  Batches: 32  Memory Usage: 2722kB
                    ->  Seq Scan on title t  (cost=0.00..67604.59 rows=1540800 width=4) (actual time=0.009..1182.349 rows=1543264 loops=1)
                          Filter: (kind_id = 7)
                          Rows Removed by Filter: 985048
Planning time: 0.757 ms
Execution time: 8200.304 ms
