Hash Join  (cost=102767.86..478361.00 rows=809669 width=0) (actual time=5419.183..8689.912 rows=802140 loops=1)
  Hash Cond: (mi.movie_id = t.id)
  ->  Seq Scan on movie_info mi  (cost=0.00..346232.03 rows=809669 width=4) (actual time=3576.306..5582.751 rows=802140 loops=1)
        Filter: (info_type_id = 1)
        Rows Removed by Filter: 14033580
  ->  Hash  (cost=61283.27..61283.27 rows=2528527 width=4) (actual time=1841.780..1841.780 rows=2528312 loops=1)
        Buckets: 131072  Batches: 64  Memory Usage: 2425kB
        ->  Seq Scan on title t  (cost=0.00..61283.27 rows=2528527 width=4) (actual time=0.024..992.009 rows=2528312 loops=1)
Planning time: 0.692 ms
Execution time: 8789.244 ms
