Seq Scan on title t  (cost=0.00..73925.90 rows=44595 width=0) (actual time=0.070..1219.350 rows=50569 loops=1)
  Filter: ((kind_id > 3) AND (production_year = 2003))
  Rows Removed by Filter: 2477743
Planning time: 0.361 ms
Execution time: 1228.218 ms
