Hash Join  (cost=88381.15..185502.61 rows=293533 width=0) (actual time=1625.743..3557.740 rows=142307 loops=1)
  Hash Cond: (mk.movie_id = t.id)
  ->  Seq Scan on movie_keyword mk  (cost=0.00..81003.12 rows=842400 width=4) (actual time=0.021..1371.814 rows=848017 loops=1)
        Filter: (keyword_id > 21645)
        Rows Removed by Filter: 3675913
  ->  Hash  (cost=73925.90..73925.90 rows=881060 width=4) (actual time=1624.828..1624.828 rows=795183 loops=1)
        Buckets: 131072  Batches: 16  Memory Usage: 2779kB
        ->  Seq Scan on title t  (cost=0.00..73925.90 rows=881060 width=4) (actual time=0.018..1362.049 rows=795183 loops=1)
              Filter: ((kind_id > 1) AND (production_year < 2003))
              Rows Removed by Filter: 1733129
Planning time: 0.738 ms
Execution time: 3576.416 ms
