Hash Join  (cost=58375.43..85285.96 rows=5 width=0) (actual time=1054.184..1362.068 rows=27 loops=1)
  Hash Cond: (mi_idx.movie_id = t.id)
  ->  Seq Scan on movie_info_idx mi_idx  (cost=0.00..21735.35 rows=1380035 width=4) (actual time=0.015..312.789 rows=1380035 loops=1)
  ->  Hash  (cost=58375.31..58375.31 rows=9 width=8) (actual time=818.169..818.169 rows=12 loops=1)
        Buckets: 1024  Batches: 1  Memory Usage: 9kB
        ->  Nested Loop  (cost=0.43..58375.31 rows=9 width=8) (actual time=602.812..818.149 rows=12 loops=1)
              ->  Seq Scan on movie_companies mc  (cost=0.00..57926.93 rows=53 width=4) (actual time=383.783..812.456 rows=244 loops=1)
                    Filter: ((company_id = 70577) AND (company_type_id = 2))
                    Rows Removed by Filter: 2608885
              ->  Index Scan using title_pkey on title t  (cost=0.43..8.45 rows=1 width=4) (actual time=0.022..0.022 rows=0 loops=244)
                    Index Cond: (id = mc.movie_id)
                    Filter: (production_year < 1975)
                    Rows Removed by Filter: 1
Planning time: 1.123 ms
Execution time: 1362.205 ms
