Hash Join  (cost=82423.69..182495.20 rows=366736 width=0) (actual time=1435.019..3400.121 rows=258421 loops=1)
  Hash Cond: (mk.movie_id = t.id)
  ->  Seq Scan on movie_keyword mk  (cost=0.00..81003.12 rows=1026675 width=4) (actual time=13.738..1342.022 rows=1029487 loops=1)
        Filter: (keyword_id > 17264)
        Rows Removed by Filter: 3494443
  ->  Hash  (cost=67604.59..67604.59 rows=903208 width=4) (actual time=1419.281..1419.281 rows=904491 loops=1)
        Buckets: 131072  Batches: 16  Memory Usage: 3017kB
        ->  Seq Scan on title t  (cost=0.00..67604.59 rows=903208 width=4) (actual time=0.021..1120.001 rows=904491 loops=1)
              Filter: (production_year > 2006)
              Rows Removed by Filter: 1623821
Planning time: 0.776 ms
Execution time: 3429.121 ms
