Hash Join  (cost=144493.26..171787.10 rows=38335 width=0) (actual time=2852.481..3507.944 rows=73237 loops=1)
  Hash Cond: (mi_idx.movie_id = t.id)
  ->  Seq Scan on movie_info_idx mi_idx  (cost=0.00..21735.35 rows=1380035 width=4) (actual time=0.023..323.259 rows=1380035 loops=1)
  ->  Hash  (cost=143615.29..143615.29 rows=70238 width=8) (actual time=2851.686..2851.686 rows=54151 loops=1)
        Buckets: 131072  Batches: 1  Memory Usage: 3140kB
        ->  Hash Join  (cost=69928.56..143615.29 rows=70238 width=8) (actual time=1162.339..2830.832 rows=54151 loops=1)
              Hash Cond: (mc.movie_id = t.id)
              ->  Seq Scan on movie_companies mc  (cost=0.00..57926.93 rows=1254243 width=4) (actual time=0.027..1190.837 rows=1188409 loops=1)
                    Filter: ((company_id < 133486) AND (company_type_id = 2))
                    Rows Removed by Filter: 1420720
              ->  Hash  (cost=67604.59..67604.59 rows=141598 width=4) (actual time=1161.367..1161.367 rows=141703 loops=1)
                    Buckets: 131072  Batches: 2  Memory Usage: 3511kB
                    ->  Seq Scan on title t  (cost=0.00..67604.59 rows=141598 width=4) (actual time=0.027..1102.021 rows=141703 loops=1)
                          Filter: (production_year = 2010)
                          Rows Removed by Filter: 2386609
Planning time: 1.182 ms
Execution time: 3518.152 ms
