Seq Scan on title t  (cost=0.00..73925.90 rows=654470 width=0) (actual time=0.023..1265.994 rows=686054 loops=1)
  Filter: ((kind_id < 4) AND (production_year < 2010))
  Rows Removed by Filter: 1842258
Planning time: 0.346 ms
Execution time: 1349.900 ms
