Seq Scan on movie_keyword mk  (cost=0.00..81003.12 rows=246 width=0) (actual time=545.763..1303.586 rows=4 loops=1)
  Filter: (keyword_id = 52705)
  Rows Removed by Filter: 4523926
Planning time: 0.350 ms
Execution time: 1303.662 ms
