Hash Join  (cost=149835.41..1204301.92 rows=2011435 width=0) (actual time=3148.561..33001.186 rows=6178148 loops=1)
  Hash Cond: (ci.movie_id = t.id)
  ->  Seq Scan on cast_info ci  (cost=0.00..614943.12 rows=36225612 width=4) (actual time=0.024..13285.745 rows=36244344 loops=1)
  ->  Hash  (cost=147531.45..147531.45 rows=140397 width=8) (actual time=3147.718..3147.718 rows=195858 loops=1)
        Buckets: 131072 (originally 131072)  Batches: 4 (originally 2)  Memory Usage: 3073kB
        ->  Hash Join  (cost=78306.32..147531.45 rows=140397 width=8) (actual time=1527.338..3078.916 rows=195858 loops=1)
              Hash Cond: (mc.movie_id = t.id)
              ->  Seq Scan on movie_companies mc  (cost=0.00..51404.11 rows=1329612 width=4) (actual time=0.047..1076.119 rows=1334883 loops=1)
                    Filter: (company_type_id = 2)
                    Rows Removed by Filter: 1274246
              ->  Hash  (cost=73925.90..73925.90 rows=266993 width=4) (actual time=1330.372..1330.372 rows=216282 loops=1)
                    Buckets: 131072  Batches: 4  Memory Usage: 2928kB
                    ->  Seq Scan on title t  (cost=0.00..73925.90 rows=266993 width=4) (actual time=247.177..1259.465 rows=216282 loops=1)
                          Filter: ((production_year > 2005) AND (kind_id = 1))
                          Rows Removed by Filter: 2312030
Planning time: 1.151 ms
Execution time: 33698.097 ms
