Hash Join  (cost=157522.22..511587.11 rows=5577 width=0) (actual time=2943.877..8383.041 rows=20837 loops=1)
  Hash Cond: (mi.movie_id = t.id)
  ->  Seq Scan on movie_info mi  (cost=0.00..346232.03 rows=2073893 width=4) (actual time=35.072..5121.655 rows=2091068 loops=1)
        Filter: (info_type_id < 3)
        Rows Removed by Filter: 12744652
  ->  Hash  (cost=157437.23..157437.23 rows=6799 width=8) (actual time=2908.164..2908.164 rows=10152 loops=1)
        Buckets: 16384 (originally 8192)  Batches: 1 (originally 1)  Memory Usage: 525kB
        ->  Hash Join  (cost=67697.55..157437.23 rows=6799 width=8) (actual time=1042.141..2904.031 rows=10152 loops=1)
              Hash Cond: (mk.movie_id = t.id)
              ->  Seq Scan on movie_keyword mk  (cost=0.00..81003.12 rows=2311618 width=4) (actual time=0.027..1478.521 rows=2316518 loops=1)
                    Filter: (keyword_id < 5016)
                    Rows Removed by Filter: 2207412
              ->  Hash  (cost=67604.59..67604.59 rows=7437 width=4) (actual time=1042.051..1042.051 rows=9491 loops=1)
                    Buckets: 16384 (originally 8192)  Batches: 1 (originally 1)  Memory Usage: 462kB
                    ->  Seq Scan on title t  (cost=0.00..67604.59 rows=7437 width=4) (actual time=0.021..1037.108 rows=9491 loops=1)
                          Filter: (production_year = 1957)
                          Rows Removed by Filter: 2518821
Planning time: 1.135 ms
Execution time: 8386.217 ms
