Hash Join  (cost=68438.72..892135.87 rows=181639 width=0) (actual time=9931.136..18094.421 rows=229734 loops=1)
  Hash Cond: (ci.movie_id = t.id)
  ->  Seq Scan on cast_info ci  (cost=0.00..796071.18 rows=6882553 width=4) (actual time=8793.031..14692.453 rows=8100248 loops=1)
        Filter: ((person_id > 952632) AND (role_id > 4))
        Rows Removed by Filter: 28144096
  ->  Hash  (cost=67604.59..67604.59 rows=66731 width=4) (actual time=1137.261..1137.261 rows=67342 loops=1)
        Buckets: 131072  Batches: 1  Memory Usage: 3392kB
        ->  Seq Scan on title t  (cost=0.00..67604.59 rows=66731 width=4) (actual time=0.067..1108.664 rows=67342 loops=1)
              Filter: (production_year > 2012)
              Rows Removed by Filter: 2460970
Planning time: 0.788 ms
Execution time: 18125.904 ms
