Hash Join  (cost=160602.53..544677.89 rows=121700 width=0) (actual time=3329.896..11060.144 rows=946469 loops=1)
  Hash Cond: (mi.movie_id = t.id)
  ->  Seq Scan on movie_info mi  (cost=0.00..346232.03 rows=9767026 width=4) (actual time=0.014..6017.721 rows=9911754 loops=1)
        Filter: (info_type_id > 4)
        Rows Removed by Filter: 4923966
  ->  Hash  (cost=160208.71..160208.71 rows=31506 width=8) (actual time=3031.131..3031.131 rows=26669 loops=1)
        Buckets: 32768  Batches: 1  Memory Usage: 1298kB
        ->  Hash Join  (cost=74850.14..160208.71 rows=31506 width=8) (actual time=1308.615..3022.183 rows=26669 loops=1)
              Hash Cond: (mk.movie_id = t.id)
              ->  Seq Scan on movie_keyword mk  (cost=0.00..81003.12 rows=1077434 width=4) (actual time=0.021..1502.188 rows=1088237 loops=1)
                    Filter: (keyword_id > 16264)
                    Rows Removed by Filter: 3435693
              ->  Hash  (cost=73925.90..73925.90 rows=73939 width=4) (actual time=1307.983..1307.983 rows=77452 loops=1)
                    Buckets: 131072  Batches: 1  Memory Usage: 3747kB
                    ->  Seq Scan on title t  (cost=0.00..73925.90 rows=73939 width=4) (actual time=0.021..1276.365 rows=77452 loops=1)
                          Filter: ((production_year < 2011) AND (kind_id = 2))
                          Rows Removed by Filter: 2450860
Planning time: 4.227 ms
Execution time: 11174.036 ms
