Hash Join  (cost=83072.36..790902.18 rows=1 width=0) (actual time=9517.338..10184.083 rows=13 loops=1)
  Hash Cond: (ci.movie_id = t.id)
  ->  Seq Scan on cast_info ci  (cost=0.00..705507.15 rows=619375 width=4) (actual time=8978.421..9548.808 rows=637865 loops=1)
        Filter: (person_id > 3936968)
        Rows Removed by Filter: 35606479
  ->  Hash  (cost=83072.29..83072.29 rows=6 width=8) (actual time=538.058..538.058 rows=4 loops=1)
        Buckets: 1024  Batches: 1  Memory Usage: 9kB
        ->  Nested Loop  (cost=0.43..83072.29 rows=6 width=8) (actual time=177.880..538.039 rows=4 loops=1)
              ->  Seq Scan on movie_keyword mk  (cost=0.00..81003.12 rows=246 width=4) (actual time=13.648..536.121 rows=80 loops=1)
                    Filter: (keyword_id = 17153)
                    Rows Removed by Filter: 4523850
              ->  Index Scan using title_pkey on title t  (cost=0.43..8.40 rows=1 width=4) (actual time=0.022..0.022 rows=0 loops=80)
                    Index Cond: (id = mk.movie_id)
                    Filter: (production_year = 2001)
                    Rows Removed by Filter: 1
Planning time: 1.136 ms
Execution time: 10184.224 ms
