Seq Scan on cast_info ci  (cost=0.00..705507.15 rows=13563337 width=0) (actual time=60.841..11523.495 rows=13719975 loops=1)
  Filter: (person_id > 2297788)
  Rows Removed by Filter: 22524369
Planning time: 0.298 ms
Execution time: 13179.843 ms
