Hash Join  (cost=488322.16..1667225.62 rows=14124829 width=0) (actual time=9097.780..57577.128 rows=63305137 loops=1)
  Hash Cond: (ci.movie_id = t.id)
  ->  Seq Scan on cast_info ci  (cost=0.00..614943.12 rows=36225612 width=4) (actual time=0.022..13397.221 rows=36244344 loops=1)
  ->  Hash  (cost=472146.35..472146.35 rows=985905 width=8) (actual time=9096.675..9096.675 rows=1191671 loops=1)
        Buckets: 131072  Batches: 16  Memory Usage: 3849kB
        ->  Hash Join  (cost=86241.46..472146.35 rows=985905 width=8) (actual time=2319.409..8772.713 rows=1191671 loops=1)
              Hash Cond: (mi.movie_id = t.id)
              ->  Seq Scan on movie_info mi  (cost=0.00..346232.03 rows=2194617 width=4) (actual time=612.348..5562.728 rows=2233850 loops=1)
                    Filter: (info_type_id > 16)
                    Rows Removed by Filter: 12601870
              ->  Hash  (cost=67604.59..67604.59 rows=1135910 width=4) (actual time=1654.805..1654.805 rows=1133355 loops=1)
                    Buckets: 131072  Batches: 16  Memory Usage: 3524kB
                    ->  Seq Scan on title t  (cost=0.00..67604.59 rows=1135910 width=4) (actual time=0.025..1280.149 rows=1133355 loops=1)
                          Filter: (production_year < 2002)
                          Rows Removed by Filter: 1394957
Planning time: 1.193 ms
Execution time: 65317.893 ms
