Hash Join  (cost=799584.58..886250.13 rows=751 width=0) (actual time=15044.406..16756.919 rows=37 loops=1)
  Hash Cond: (mk.movie_id = t.id)
  ->  Seq Scan on movie_keyword mk  (cost=0.00..69693.30 rows=4523930 width=4) (actual time=4.092..1061.520 rows=4523930 loops=1)
  ->  Hash  (cost=799579.33..799579.33 rows=420 width=8) (actual time=14948.391..14948.391 rows=113 loops=1)
        Buckets: 1024  Batches: 1  Memory Usage: 13kB
        ->  Nested Loop  (cost=0.43..799579.33 rows=420 width=8) (actual time=8543.089..14948.329 rows=113 loops=1)
              ->  Seq Scan on cast_info ci  (cost=0.00..796071.18 rows=420 width=4) (actual time=8542.958..14944.318 rows=113 loops=1)
                    Filter: ((role_id < 9) AND (person_id = 2137401))
                    Rows Removed by Filter: 36244231
              ->  Index Only Scan using title_pkey on title t  (cost=0.43..8.34 rows=1 width=4) (actual time=0.034..0.035 rows=1 loops=113)
                    Index Cond: (id = ci.movie_id)
                    Heap Fetches: 113
Planning time: 1.190 ms
Execution time: 16757.036 ms
