Hash Join  (cost=128661.55..522489.67 rows=10148 width=0) (actual time=2831.355..10504.063 rows=25339 loops=1)
  Hash Cond: (mi.movie_id = t.id)
  ->  Seq Scan on movie_info mi  (cost=0.00..346232.03 rows=12665229 width=4) (actual time=305.488..6209.008 rows=12744652 loops=1)
        Filter: (info_type_id > 2)
        Rows Removed by Filter: 2091068
  ->  Hash  (cost=128636.23..128636.23 rows=2026 width=8) (actual time=2305.308..2305.308 rows=3487 loops=1)
        Buckets: 4096 (originally 2048)  Batches: 1 (originally 1)  Memory Usage: 169kB
        ->  Hash Join  (cost=73950.44..128636.23 rows=2026 width=8) (actual time=1139.474..2303.468 rows=3487 loops=1)
              Hash Cond: (mc.movie_id = t.id)
              ->  Seq Scan on movie_companies mc  (cost=0.00..44881.29 rows=2609129 width=4) (actual time=0.021..652.698 rows=2609129 loops=1)
              ->  Hash  (cost=73925.90..73925.90 rows=1963 width=4) (actual time=1138.823..1138.823 rows=1815 loops=1)
                    Buckets: 2048  Batches: 1  Memory Usage: 80kB
                    ->  Seq Scan on title t  (cost=0.00..73925.90 rows=1963 width=4) (actual time=202.670..1137.786 rows=1815 loops=1)
                          Filter: ((kind_id = 1) AND (production_year = 1900))
                          Rows Removed by Filter: 2526497
Planning time: 1.129 ms
Execution time: 10508.596 ms
