Seq Scan on movie_companies mc  (cost=0.00..57926.93 rows=1143316 width=0) (actual time=371.310..1190.225 rows=1250974 loops=1)
  Filter: ((company_id > 189) AND (company_type_id > 1))
  Rows Removed by Filter: 1358155
Planning time: 0.328 ms
Execution time: 1344.892 ms
