Seq Scan on cast_info ci  (cost=0.00..705507.15 rows=11432334 width=0) (actual time=0.023..12267.027 rows=11339336 loops=1)
  Filter: (person_id < 1114001)
  Rows Removed by Filter: 24905008
Planning time: 0.500 ms
Execution time: 13665.110 ms
