Seq Scan on movie_companies mc  (cost=0.00..57926.93 rows=970925 width=0) (actual time=115.453..1138.231 rows=823958 loops=1)
  Filter: ((company_id > 793) AND (company_type_id < 2))
  Rows Removed by Filter: 1785171
Planning time: 0.330 ms
Execution time: 1241.782 ms
