Seq Scan on cast_info ci  (cost=0.00..705507.15 rows=26060513 width=0) (actual time=0.027..13224.117 rows=26049916 loops=1)
  Filter: (person_id < 2695831)
  Rows Removed by Filter: 10194428
Planning time: 0.333 ms
Execution time: 16437.923 ms
