Hash Join  (cost=155111.19..281765.27 rows=381804 width=0) (actual time=8442.126..16233.242 rows=3588619 loops=1)
  Hash Cond: (mk.movie_id = t.id)
  ->  Seq Scan on movie_keyword mk  (cost=0.00..69693.30 rows=4523930 width=4) (actual time=0.019..4481.597 rows=4523930 loops=1)
  ->  Hash  (cost=151609.70..151609.70 rows=213399 width=8) (actual time=8441.077..8441.077 rows=201406 loops=1)
        Buckets: 131072  Batches: 4  Memory Usage: 2993kB
        ->  Hash Join  (cost=80562.70..151609.70 rows=213399 width=8) (actual time=4080.669..8369.851 rows=201406 loops=1)
              Hash Cond: (mc.movie_id = t.id)
              ->  Seq Scan on movie_companies mc  (cost=0.00..57926.93 rows=683220 width=4) (actual time=0.018..3558.577 rows=934363 loops=1)
                    Filter: ((company_id < 11931) AND (company_type_id < 2))
                    Rows Removed by Filter: 1674766
              ->  Hash  (cost=67604.59..67604.59 rows=789769 width=4) (actual time=4079.466..4079.466 rows=784926 loops=1)
                    Buckets: 131072  Batches: 16  Memory Usage: 2749kB
                    ->  Seq Scan on title t  (cost=0.00..67604.59 rows=789769 width=4) (actual time=0.020..3489.126 rows=784926 loops=1)
                          Filter: (production_year > 2007)
                          Rows Removed by Filter: 1743386
Planning time: 1.304 ms
Execution time: 16727.040 ms
