Seq Scan on movie_keyword mk  (cost=0.00..81003.12 rows=2506751 width=0) (actual time=0.023..2925.259 rows=2501960 loops=1)
  Filter: (keyword_id < 6117)
  Rows Removed by Filter: 2021970
Planning time: 17.473 ms
Execution time: 3307.667 ms
