Nested Loop  (cost=87687.83..503407.02 rows=18509 width=0) (actual time=17320.237..50329.886 rows=3066282 loops=1)
  ->  Hash Join  (cost=87687.40..453057.22 rows=95636 width=8) (actual time=17320.075..22005.982 rows=3066282 loops=1)
        Hash Cond: (mi.movie_id = mc.movie_id)
        ->  Seq Scan on movie_info mi  (cost=0.00..346232.03 rows=17937 width=4) (actual time=13249.572..15370.739 rows=147487 loops=1)
              Filter: (info_type_id = 107)
              Rows Removed by Filter: 14688233
        ->  Hash  (cost=44881.29..44881.29 rows=2609129 width=4) (actual time=3957.916..3957.916 rows=2609129 loops=1)
              Buckets: 131072  Batches: 64  Memory Usage: 2532kB
              ->  Seq Scan on movie_companies mc  (cost=0.00..44881.29 rows=2609129 width=4) (actual time=0.024..2717.649 rows=2609129 loops=1)
  ->  Index Only Scan using title_pkey on title t  (cost=0.43..0.52 rows=1 width=4) (actual time=0.008..0.009 rows=1 loops=3066282)
        Index Cond: (id = mc.movie_id)
        Heap Fetches: 3066282
Planning time: 1.223 ms
Execution time: 50928.050 ms
