Hash Join  (cost=150539.25..225669.70 rows=240650 width=0) (actual time=10794.315..12226.932 rows=249884 loops=1)
  Hash Cond: (mc.movie_id = t.id)
  ->  Seq Scan on movie_companies mc  (cost=0.00..57926.93 rows=1091205 width=4) (actual time=0.014..3331.211 rows=1217594 loops=1)
        Filter: ((company_id > 397) AND (company_type_id > 1))
        Rows Removed by Filter: 1391535
  ->  Hash  (cost=141389.85..141389.85 rows=557632 width=8) (actual time=8058.728..8058.728 rows=283812 loops=1)
        Buckets: 131072  Batches: 8  Memory Usage: 2409kB
        ->  Hash Join  (cost=92883.59..141389.85 rows=557632 width=8) (actual time=5811.598..7962.473 rows=283812 loops=1)
              Hash Cond: (mi_idx.movie_id = t.id)
              ->  Seq Scan on movie_info_idx mi_idx  (cost=0.00..25185.44 rows=915101 width=4) (actual time=0.010..1653.924 rows=919850 loops=1)
                    Filter: (info_type_id < 101)
                    Rows Removed by Filter: 460185
              ->  Hash  (cost=67604.59..67604.59 rows=1540800 width=4) (actual time=5065.702..5065.702 rows=1543264 loops=1)
                    Buckets: 131072  Batches: 32  Memory Usage: 2722kB
                    ->  Seq Scan on title t  (cost=0.00..67604.59 rows=1540800 width=4) (actual time=451.199..4373.346 rows=1543264 loops=1)
                          Filter: (kind_id = 7)
                          Rows Removed by Filter: 985048
Planning time: 13.190 ms
Execution time: 12260.471 ms
