Hash Join  (cost=1036402.51..1749298.99 rows=18391774 width=0) (actual time=54155.000..99159.174 rows=31919209 loops=1)
  Hash Cond: (mi.movie_id = t.id)
  ->  Seq Scan on movie_info mi  (cost=0.00..309384.22 rows=14739122 width=4) (actual time=0.605..22958.459 rows=14835720 loops=1)
  ->  Hash  (cost=984638.18..984638.18 rows=3155147 width=8) (actual time=54152.999..54152.999 rows=3428052 loops=1)
        Buckets: 131072  Batches: 64  Memory Usage: 3124kB
        ->  Hash Join  (cost=102767.86..984638.18 rows=3155147 width=8) (actual time=28345.550..52966.647 rows=3428052 loops=1)
              Hash Cond: (ci.movie_id = t.id)
              ->  Seq Scan on cast_info ci  (cost=0.00..796071.18 rows=3155147 width=4) (actual time=22530.217..42991.249 rows=3428052 loops=1)
                    Filter: ((person_id > 731172) AND (role_id = 3))
                    Rows Removed by Filter: 32816292
              ->  Hash  (cost=61283.27..61283.27 rows=2528527 width=4) (actual time=5814.291..5814.291 rows=2528312 loops=1)
                    Buckets: 131072  Batches: 64  Memory Usage: 2415kB
                    ->  Seq Scan on title t  (cost=0.00..61283.27 rows=2528527 width=4) (actual time=0.020..4757.691 rows=2528312 loops=1)
Planning time: 1.139 ms
Execution time: 103480.991 ms
