Hash Join  (cost=174865.45..1104789.16 rows=3105616 width=0) (actual time=22465.117..53824.606 rows=3169660 loops=1)
  Hash Cond: (ci.movie_id = t.id)
  ->  Seq Scan on cast_info ci  (cost=0.00..796071.18 rows=8581165 width=4) (actual time=13217.369..40643.314 rows=4221045 loops=1)
        Filter: ((person_id > 1150163) AND (role_id < 2))
        Rows Removed by Filter: 32023299
  ->  Hash  (cost=159851.69..159851.69 rows=915101 width=8) (actual time=9246.660..9246.660 rows=919850 loops=1)
        Buckets: 131072  Batches: 16  Memory Usage: 3269kB
        ->  Hash Join  (cost=102767.86..159851.69 rows=915101 width=8) (actual time=5527.500..8917.494 rows=919850 loops=1)
              Hash Cond: (mi_idx.movie_id = t.id)
              ->  Seq Scan on movie_info_idx mi_idx  (cost=0.00..25185.44 rows=915101 width=4) (actual time=0.027..1758.348 rows=919850 loops=1)
                    Filter: (info_type_id < 101)
                    Rows Removed by Filter: 460185
              ->  Hash  (cost=61283.27..61283.27 rows=2528527 width=4) (actual time=5525.780..5525.780 rows=2528312 loops=1)
                    Buckets: 131072  Batches: 64  Memory Usage: 2415kB
                    ->  Seq Scan on title t  (cost=0.00..61283.27 rows=2528527 width=4) (actual time=0.021..4012.176 rows=2528312 loops=1)
Planning time: 1.505 ms
Execution time: 54240.364 ms
