Hash Join  (cost=73994.33..130811.10 rows=3107 width=0) (actual time=3263.696..6477.784 rows=4645 loops=1)
  Hash Cond: (mc.movie_id = t.id)
  ->  Seq Scan on movie_companies mc  (cost=0.00..51404.11 rows=1435091 width=4) (actual time=0.015..2761.288 rows=1440591 loops=1)
        Filter: (company_id > 9749)
        Rows Removed by Filter: 1168538
  ->  Hash  (cost=73925.90..73925.90 rows=5474 width=4) (actual time=3263.014..3263.014 rows=14797 loops=1)
        Buckets: 16384 (originally 8192)  Batches: 1 (originally 1)  Memory Usage: 649kB
        ->  Seq Scan on title t  (cost=0.00..73925.90 rows=5474 width=4) (actual time=0.030..3255.485 rows=14797 loops=1)
              Filter: ((kind_id > 1) AND (production_year = 1986))
              Rows Removed by Filter: 2513515
Planning time: 0.835 ms
Execution time: 6478.933 ms
