Hash Join  (cost=129928.86..330813.30 rows=3184266 width=106) (actual time=2765.998..9067.033 rows=3167135 loops=1)
  Hash Cond: (mk.movie_id = t.id)
  ->  Seq Scan on movie_keyword mk  (cost=0.00..81003.12 rows=3184266 width=12) (actual time=0.015..2130.893 rows=3167135 loops=1)
        Filter: (keyword_id > 1767)
        Rows Removed by Filter: 1356795
  ->  Hash  (cost=61283.27..61283.27 rows=2528527 width=94) (actual time=2762.500..2762.500 rows=2528312 loops=1)
        Buckets: 32768  Batches: 128  Memory Usage: 2470kB
        ->  Seq Scan on title t  (cost=0.00..61283.27 rows=2528527 width=94) (actual time=0.021..1413.270 rows=2528312 loops=1)
Planning time: 15.636 ms
Execution time: 9242.733 ms
