Seq Scan on movie_keyword mk  (cost=0.00..81003.12 rows=1570780 width=0) (actual time=0.025..4139.822 rows=1587758 loops=1)
  Filter: (keyword_id > 9779)
  Rows Removed by Filter: 2936172
Planning time: 0.317 ms
Execution time: 4428.512 ms
