Hash Join  (cost=102767.86..926522.82 rows=739925 width=0) (actual time=9232.721..46424.215 rows=818450 loops=1)
  Hash Cond: (ci.movie_id = t.id)
  ->  Seq Scan on cast_info ci  (cost=0.00..796071.18 rows=739925 width=4) (actual time=4436.951..39851.272 rows=818450 loops=1)
        Filter: ((person_id > 598206) AND (role_id = 5))
        Rows Removed by Filter: 35425894
  ->  Hash  (cost=61283.27..61283.27 rows=2528527 width=4) (actual time=4794.787..4794.787 rows=2528312 loops=1)
        Buckets: 131072  Batches: 64  Memory Usage: 2415kB
        ->  Seq Scan on title t  (cost=0.00..61283.27 rows=2528527 width=4) (actual time=0.017..3640.073 rows=2528312 loops=1)
Planning time: 19.818 ms
Execution time: 46535.943 ms
