Hash Join  (cost=219125.71..651127.38 rows=2359128 width=0) (actual time=12336.753..32935.088 rows=5128508 loops=1)
  Hash Cond: (mi.movie_id = t.id)
  ->  Seq Scan on movie_info mi  (cost=0.00..346232.03 rows=4972096 width=4) (actual time=298.212..15662.574 rows=4923966 loops=1)
        Filter: (info_type_id < 5)
        Rows Removed by Filter: 9911754
  ->  Hash  (cost=199442.23..199442.23 rows=1199719 width=8) (actual time=12037.451..12037.451 rows=1146688 loops=1)
        Buckets: 131072  Batches: 16  Memory Usage: 3877kB
        ->  Hash Join  (cost=102767.86..199442.23 rows=1199719 width=8) (actual time=5872.441..11653.230 rows=1146688 loops=1)
              Hash Cond: (mc.movie_id = t.id)
              ->  Seq Scan on movie_companies mc  (cost=0.00..57926.93 rows=1199719 width=4) (actual time=0.026..3976.281 rows=1146688 loops=1)
                    Filter: ((company_id > 31) AND (company_type_id < 2))
                    Rows Removed by Filter: 1462441
              ->  Hash  (cost=61283.27..61283.27 rows=2528527 width=4) (actual time=5871.180..5871.180 rows=2528312 loops=1)
                    Buckets: 131072  Batches: 64  Memory Usage: 2415kB
                    ->  Seq Scan on title t  (cost=0.00..61283.27 rows=2528527 width=4) (actual time=0.013..4394.046 rows=2528312 loops=1)
Planning time: 1.094 ms
Execution time: 33651.366 ms
