Hash Join  (cost=80380.17..125364.63 rows=424997 width=0) (actual time=3636.921..6364.720 rows=524504 loops=1)
  Hash Cond: (mi_idx.movie_id = t.id)
  ->  Seq Scan on movie_info_idx mi_idx  (cost=0.00..21735.35 rows=1380035 width=4) (actual time=0.026..1601.867 rows=1380035 loops=1)
  ->  Hash  (cost=67604.59..67604.59 rows=778687 width=4) (actual time=3636.219..3636.219 rows=782677 loops=1)
        Buckets: 131072  Batches: 16  Memory Usage: 2744kB
        ->  Seq Scan on title t  (cost=0.00..67604.59 rows=778687 width=4) (actual time=0.019..3324.460 rows=782677 loops=1)
              Filter: (production_year < 1994)
              Rows Removed by Filter: 1745635
Planning time: 0.718 ms
Execution time: 6441.181 ms
