Seq Scan on movie_keyword mk  (cost=0.00..81003.12 rows=4361137 width=0) (actual time=0.023..1697.026 rows=4366117 loops=1)
  Filter: (keyword_id < 73032)
  Rows Removed by Filter: 157813
Planning time: 0.243 ms
Execution time: 2247.797 ms
