Hash Join  (cost=75464.55..448252.93 rows=81354 width=0) (actual time=3398.399..21833.605 rows=32532 loops=1)
  Hash Cond: (mi.movie_id = t.id)
  ->  Seq Scan on movie_info mi  (cost=0.00..346232.03 rows=2194617 width=4) (actual time=0.021..17453.156 rows=2233850 loops=1)
        Filter: (info_type_id > 16)
        Rows Removed by Filter: 12601870
  ->  Hash  (cost=73925.90..73925.90 rows=93732 width=4) (actual time=3396.647..3396.647 rows=100592 loops=1)
        Buckets: 131072  Batches: 2  Memory Usage: 2797kB
        ->  Seq Scan on title t  (cost=0.00..73925.90 rows=93732 width=4) (actual time=0.024..3311.186 rows=100592 loops=1)
              Filter: ((kind_id > 1) AND (production_year = 2009))
              Rows Removed by Filter: 2427720
Planning time: 1.639 ms
Execution time: 21839.055 ms
