Nested Loop  (cost=0.43..83072.29 rows=150 width=0) (actual time=0.611..3844.354 rows=166 loops=1)
  ->  Seq Scan on movie_keyword mk  (cost=0.00..81003.12 rows=246 width=4) (actual time=0.561..3359.471 rows=2899 loops=1)
        Filter: (keyword_id = 317)
        Rows Removed by Filter: 4521031
  ->  Index Scan using title_pkey on title t  (cost=0.43..8.40 rows=1 width=4) (actual time=0.166..0.166 rows=0 loops=2899)
        Index Cond: (id = mk.movie_id)
        Filter: (kind_id = 7)
        Rows Removed by Filter: 1
Planning time: 3.789 ms
Execution time: 3844.544 ms
