Hash Join  (cost=709678.15..1060931.50 rows=265 width=0) (actual time=14160.693..16166.959 rows=440 loops=1)
  Hash Cond: (mi.movie_id = t.id)
  ->  Seq Scan on movie_info mi  (cost=0.00..346232.03 rows=1338312 width=4) (actual time=3102.154..4915.103 rows=1401902 loops=1)
        Filter: (info_type_id = 7)
        Rows Removed by Filter: 13433818
  ->  Hash  (cost=709671.90..709671.90 rows=500 width=8) (actual time=11051.711..11051.711 rows=191 loops=1)
        Buckets: 1024  Batches: 1  Memory Usage: 16kB
        ->  Nested Loop  (cost=0.43..709671.90 rows=500 width=8) (actual time=1798.817..11051.582 rows=191 loops=1)
              ->  Seq Scan on cast_info ci  (cost=0.00..705507.15 rows=500 width=4) (actual time=1798.684..11048.182 rows=191 loops=1)
                    Filter: (person_id = 2593902)
                    Rows Removed by Filter: 36244153
              ->  Index Only Scan using title_pkey on title t  (cost=0.43..8.32 rows=1 width=4) (actual time=0.016..0.017 rows=1 loops=191)
                    Index Cond: (id = ci.movie_id)
                    Heap Fetches: 191
Planning time: 1.196 ms
Execution time: 16167.146 ms
