Hash Join  (cost=176790.12..309018.43 rows=839327 width=0) (actual time=9736.856..20886.870 rows=10423463 loops=1)
  Hash Cond: (mk.movie_id = t.id)
  ->  Seq Scan on movie_keyword mk  (cost=0.00..69693.30 rows=4523930 width=4) (actual time=0.024..4887.071 rows=4523930 loops=1)
  ->  Hash  (cost=169093.13..169093.13 rows=469119 width=8) (actual time=9589.509..9589.509 rows=443464 loops=1)
        Buckets: 131072  Batches: 8  Memory Usage: 3230kB
        ->  Hash Join  (cost=91342.70..169093.13 rows=469119 width=8) (actual time=5232.250..9419.825 rows=443464 loops=1)
              Hash Cond: (mc.movie_id = t.id)
              ->  Seq Scan on movie_companies mc  (cost=0.00..57926.93 rows=819815 width=4) (actual time=0.013..3347.102 rows=612861 loops=1)
                    Filter: ((company_id > 3425) AND (company_type_id = 1))
                    Rows Removed by Filter: 1996268
              ->  Hash  (cost=67604.59..67604.59 rows=1446889 width=4) (actual time=5231.401..5231.401 rows=1443298 loops=1)
                    Buckets: 131072  Batches: 32  Memory Usage: 2608kB
                    ->  Seq Scan on title t  (cost=0.00..67604.59 rows=1446889 width=4) (actual time=0.017..3991.163 rows=1443298 loops=1)
                          Filter: (production_year < 2006)
                          Rows Removed by Filter: 1085014
Planning time: 19.681 ms
Execution time: 22648.973 ms
