Seq Scan on movie_keyword mk  (cost=0.00..81003.12 rows=246 width=0) (actual time=0.805..4070.880 rows=895 loops=1)
  Filter: (keyword_id = 2438)
  Rows Removed by Filter: 4523035
Planning time: 1.172 ms
Execution time: 4071.429 ms
