Hash Join  (cost=174462.15..720195.51 rows=6178641 width=0) (actual time=9391.777..44091.306 rows=15224185 loops=1)
  Hash Cond: (mi.movie_id = t.id)
  ->  Seq Scan on movie_info mi  (cost=0.00..309384.22 rows=14739122 width=4) (actual time=0.024..20049.922 rows=14835720 loops=1)
  ->  Hash  (cost=157071.66..157071.66 rows=1059959 width=8) (actual time=9390.722..9390.722 rows=1051116 loops=1)
        Buckets: 131072  Batches: 16  Memory Usage: 3615kB
        ->  Hash Join  (cost=99467.55..157071.66 rows=1059959 width=8) (actual time=5725.018..9021.882 rows=1051116 loops=1)
              Hash Cond: (mi_idx.movie_id = t.id)
              ->  Seq Scan on movie_info_idx mi_idx  (cost=0.00..21735.35 rows=1380035 width=4) (actual time=0.022..1694.207 rows=1380035 loops=1)
              ->  Hash  (cost=67604.59..67604.59 rows=1942077 width=4) (actual time=5722.835..5722.835 rows=1932484 loops=1)
                    Buckets: 131072  Batches: 32  Memory Usage: 3155kB
                    ->  Seq Scan on title t  (cost=0.00..67604.59 rows=1942077 width=4) (actual time=0.011..4587.909 rows=1932484 loops=1)
                          Filter: (production_year > 1980)
                          Rows Removed by Filter: 595828
Planning time: 1.051 ms
Execution time: 46305.365 ms
