Hash Join  (cost=181328.90..315528.52 rows=1001158 width=0) (actual time=10529.416..19746.720 rows=990770 loops=1)
  Hash Cond: (mk.movie_id = t.id)
  ->  Seq Scan on movie_keyword mk  (cost=0.00..69693.30 rows=4523930 width=4) (actual time=0.020..5083.440 rows=4523930 loops=1)
  ->  Hash  (cost=172148.27..172148.27 rows=559570 width=8) (actual time=10527.972..10527.972 rows=329826 loops=1)
        Buckets: 131072  Batches: 8  Memory Usage: 2649kB
        ->  Hash Join  (cost=98137.04..172148.27 rows=559570 width=8) (actual time=6780.584..10411.712 rows=329826 loops=1)
              Hash Cond: (mc.movie_id = t.id)
              ->  Seq Scan on movie_companies mc  (cost=0.00..51404.11 rows=760285 width=4) (actual time=1.108..2675.990 rows=765810 loops=1)
                    Filter: (company_id > 34570)
                    Rows Removed by Filter: 1843319
              ->  Hash  (cost=67604.59..67604.59 rows=1860996 width=4) (actual time=6778.725..6778.725 rows=1865487 loops=1)
                    Buckets: 131072  Batches: 32  Memory Usage: 3079kB
                    ->  Seq Scan on title t  (cost=0.00..67604.59 rows=1860996 width=4) (actual time=0.019..4722.680 rows=1865487 loops=1)
                          Filter: (kind_id > 1)
                          Rows Removed by Filter: 662825
Planning time: 6.718 ms
Execution time: 19887.819 ms
