Seq Scan on movie_keyword mk  (cost=0.00..81003.12 rows=1832616 width=0) (actual time=0.036..4366.698 rows=1841214 loops=1)
  Filter: (keyword_id < 3046)
  Rows Removed by Filter: 2682716
Planning time: 3.337 ms
Execution time: 4709.162 ms
