Seq Scan on title t  (cost=0.00..73925.90 rows=1005124 width=0) (actual time=0.023..4337.847 rows=1099095 loops=1)
  Filter: ((production_year > 1994) AND (kind_id = 7))
  Rows Removed by Filter: 1429217
Planning time: 6.339 ms
Execution time: 4511.566 ms
