Hash Join  (cost=262952.79..865995.96 rows=8769699 width=0) (actual time=11705.068..36906.378 rows=4089951 loops=1)
  Hash Cond: (mi.movie_id = t.id)
  ->  Seq Scan on movie_info mi  (cost=0.00..346232.03 rows=12665229 width=4) (actual time=0.015..18417.094 rows=12744652 loops=1)
        Filter: (info_type_id > 2)
        Rows Removed by Filter: 2091068
  ->  Hash  (cost=234227.65..234227.65 rows=1750811 width=8) (actual time=10859.885..10859.885 rows=437127 loops=1)
        Buckets: 131072  Batches: 32  Memory Usage: 1558kB
        ->  Hash Join  (cost=92883.59..234227.65 rows=1750811 width=8) (actual time=4894.348..10720.484 rows=437127 loops=1)
              Hash Cond: (mk.movie_id = t.id)
              ->  Seq Scan on movie_keyword mk  (cost=0.00..81003.12 rows=2873165 width=4) (actual time=0.024..4029.027 rows=2860680 loops=1)
                    Filter: (keyword_id > 2549)
                    Rows Removed by Filter: 1663250
              ->  Hash  (cost=67604.59..67604.59 rows=1540800 width=4) (actual time=4839.270..4839.270 rows=1543264 loops=1)
                    Buckets: 131072  Batches: 32  Memory Usage: 2728kB
                    ->  Seq Scan on title t  (cost=0.00..67604.59 rows=1540800 width=4) (actual time=0.017..4215.379 rows=1543264 loops=1)
                          Filter: (kind_id = 7)
                          Rows Removed by Filter: 985048
Planning time: 1.467 ms
Execution time: 37373.647 ms
