Hash Join  (cost=84175.84..168112.66 rows=644629 width=0) (actual time=4092.542..8705.066 rows=485048 loops=1)
  Hash Cond: (mc.movie_id = t.id)
  ->  Seq Scan on movie_companies mc  (cost=0.00..44881.29 rows=2609129 width=4) (actual time=0.030..2742.885 rows=2609129 loops=1)
  ->  Hash  (cost=73925.90..73925.90 rows=624715 width=4) (actual time=4091.595..4091.595 rows=501928 loops=1)
        Buckets: 131072  Batches: 16  Memory Usage: 2129kB
        ->  Seq Scan on title t  (cost=0.00..73925.90 rows=624715 width=4) (actual time=0.016..3853.412 rows=501928 loops=1)
              Filter: ((kind_id > 1) AND (production_year < 1996))
              Rows Removed by Filter: 2026384
Planning time: 0.716 ms
Execution time: 8766.873 ms
