Seq Scan on cast_info ci  (cost=0.00..796071.18 rows=6923569 width=0) (actual time=29076.488..33688.300 rows=864240 loops=1)
  Filter: ((person_id > 1621128) AND (role_id = 1))
  Rows Removed by Filter: 35380104
Planning time: 2.310 ms
Execution time: 33817.446 ms
