Hash Join  (cost=365418.15..1727312.32 rows=33167630 width=0) (actual time=16220.653..107956.316 rows=106578958 loops=1)
  Hash Cond: (ci.movie_id = t.id)
  ->  Seq Scan on cast_info ci  (cost=0.00..705507.15 rows=18538140 width=4) (actual time=0.015..42566.252 rows=18702223 loops=1)
        Filter: (person_id > 1736970)
        Rows Removed by Filter: 17542121
  ->  Hash  (cost=291197.02..291197.02 rows=4523930 width=8) (actual time=16218.469..16218.469 rows=4523930 loops=1)
        Buckets: 131072  Batches: 64  Memory Usage: 3816kB
        ->  Hash Join  (cost=102767.86..291197.02 rows=4523930 width=8) (actual time=5169.773..14681.347 rows=4523930 loops=1)
              Hash Cond: (mk.movie_id = t.id)
              ->  Seq Scan on movie_keyword mk  (cost=0.00..69693.30 rows=4523930 width=4) (actual time=0.022..4676.525 rows=4523930 loops=1)
              ->  Hash  (cost=61283.27..61283.27 rows=2528527 width=4) (actual time=5164.009..5164.009 rows=2528312 loops=1)
                    Buckets: 131072  Batches: 64  Memory Usage: 2425kB
                    ->  Seq Scan on title t  (cost=0.00..61283.27 rows=2528527 width=4) (actual time=0.018..3762.844 rows=2528312 loops=1)
Planning time: 1.085 ms
Execution time: 123819.437 ms
