Seq Scan on movie_keyword mk  (cost=0.00..81003.12 rows=246 width=0) (actual time=0.734..3984.254 rows=2216 loops=1)
  Filter: (keyword_id = 1049)
  Rows Removed by Filter: 4521714
Planning time: 0.338 ms
Execution time: 3985.152 ms
