Hash Join  (cost=87146.10..173658.25 rows=831462 width=0) (actual time=5118.008..8725.718 rows=331788 loops=1)
  Hash Cond: (mc.movie_id = t.id)
  ->  Seq Scan on movie_companies mc  (cost=0.00..44881.29 rows=2609129 width=4) (actual time=0.022..2710.646 rows=2609129 loops=1)
  ->  Hash  (cost=73925.90..73925.90 rows=805776 width=4) (actual time=4404.653..4404.653 rows=881945 loops=1)
        Buckets: 131072  Batches: 16  Memory Usage: 2970kB
        ->  Seq Scan on title t  (cost=0.00..73925.90 rows=805776 width=4) (actual time=0.025..4022.983 rows=881945 loops=1)
              Filter: ((production_year > 2001) AND (kind_id = 7))
              Rows Removed by Filter: 1646367
Planning time: 1.972 ms
Execution time: 8764.251 ms
