Nested Loop  (cost=0.43..83072.29 rows=39 width=0) (actual time=12.251..4394.035 rows=131 loops=1)
  ->  Seq Scan on movie_keyword mk  (cost=0.00..81003.12 rows=246 width=4) (actual time=0.778..3920.909 rows=2386 loops=1)
        Filter: (keyword_id = 232)
        Rows Removed by Filter: 4521544
  ->  Index Scan using title_pkey on title t  (cost=0.43..8.40 rows=1 width=4) (actual time=0.195..0.195 rows=0 loops=2386)
        Index Cond: (id = mk.movie_id)
        Filter: (production_year < 1972)
        Rows Removed by Filter: 1
Planning time: 22.505 ms
Execution time: 4394.271 ms
