Hash Join  (cost=76379.89..787942.79 rows=61298 width=0) (actual time=7376.099..13782.300 rows=54242 loops=1)
  Hash Cond: (ci.movie_id = t.id)
  ->  Seq Scan on cast_info ci  (cost=0.00..705507.15 rows=289805 width=4) (actual time=6089.798..12257.746 rows=276403 loops=1)
        Filter: (role_id = 7)
        Rows Removed by Filter: 35967941
  ->  Hash  (cost=67604.59..67604.59 rows=534824 width=4) (actual time=1285.487..1285.487 rows=533369 loops=1)
        Buckets: 131072  Batches: 8  Memory Usage: 3369kB
        ->  Seq Scan on title t  (cost=0.00..67604.59 rows=534824 width=4) (actual time=0.035..1116.794 rows=533369 loops=1)
              Filter: (production_year > 2009)
              Rows Removed by Filter: 1994943
Planning time: 0.742 ms
Execution time: 13788.928 ms
