Hash Join  (cost=513038.35..1460022.95 rows=4574732 width=0) (actual time=22897.932..59183.252 rows=4180617 loops=1)
  Hash Cond: (ci.movie_id = t.id)
  ->  Seq Scan on cast_info ci  (cost=0.00..796071.18 rows=8643226 width=4) (actual time=886.719..32907.904 rows=4363365 loops=1)
        Filter: ((person_id > 1134238) AND (role_id < 2))
        Rows Removed by Filter: 31880979
  ->  Hash  (cost=491081.45..491081.45 rows=1338312 width=8) (actual time=22010.032..22010.032 rows=1401902 loops=1)
        Buckets: 131072  Batches: 32  Memory Usage: 2687kB
        ->  Hash Join  (cost=102767.86..491081.45 rows=1338312 width=8) (actual time=6322.045..21603.872 rows=1401902 loops=1)
              Hash Cond: (mi.movie_id = t.id)
              ->  Seq Scan on movie_info mi  (cost=0.00..346232.03 rows=1338312 width=4) (actual time=973.943..14554.975 rows=1401902 loops=1)
                    Filter: (info_type_id = 7)
                    Rows Removed by Filter: 13433818
              ->  Hash  (cost=61283.27..61283.27 rows=2528527 width=4) (actual time=5342.981..5342.981 rows=2528312 loops=1)
                    Buckets: 131072  Batches: 64  Memory Usage: 2425kB
                    ->  Seq Scan on title t  (cost=0.00..61283.27 rows=2528527 width=4) (actual time=3.510..4047.374 rows=2528312 loops=1)
Planning time: 1.146 ms
Execution time: 59715.964 ms
