Hash Join  (cost=114663.39..469567.78 rows=44255 width=0) (actual time=2168.893..8425.232 rows=46155 loops=1)
  Hash Cond: (mi.movie_id = t.id)
  ->  Seq Scan on movie_info mi  (cost=0.00..346232.03 rows=2194617 width=4) (actual time=0.024..5783.702 rows=2233850 loops=1)
        Filter: (info_type_id > 16)
        Rows Removed by Filter: 12601870
  ->  Hash  (cost=114026.04..114026.04 rows=50988 width=8) (actual time=2168.114..2168.114 rows=33996 loops=1)
        Buckets: 65536  Batches: 1  Memory Usage: 1840kB
        ->  Hash Join  (cost=75458.68..114026.04 rows=50988 width=8) (actual time=1223.680..2156.191 rows=33996 loops=1)
              Hash Cond: (mi_idx.movie_id = t.id)
              ->  Seq Scan on movie_info_idx mi_idx  (cost=0.00..21735.35 rows=1380035 width=4) (actual time=0.024..462.560 rows=1380035 loops=1)
              ->  Hash  (cost=73925.90..73925.90 rows=93422 width=4) (actual time=1222.876..1222.876 rows=100754 loops=1)
                    Buckets: 131072  Batches: 2  Memory Usage: 2802kB
                    ->  Seq Scan on title t  (cost=0.00..73925.90 rows=93422 width=4) (actual time=0.083..1185.427 rows=100754 loops=1)
                          Filter: ((kind_id > 1) AND (production_year = 2008))
                          Rows Removed by Filter: 2427558
Planning time: 4.142 ms
Execution time: 8432.374 ms
