Hash Join  (cost=160103.04..1293029.98 rows=9649282 width=0) (actual time=3632.046..38854.016 rows=14847482 loops=1)
  Hash Cond: (ci.movie_id = t.id)
  ->  Seq Scan on cast_info ci  (cost=0.00..614943.12 rows=36225612 width=4) (actual time=0.017..13148.796 rows=36244344 loops=1)
  ->  Hash  (cost=149053.12..149053.12 rows=673514 width=8) (actual time=3631.173..3631.173 rows=500090 loops=1)
        Buckets: 131072  Batches: 16  Memory Usage: 2253kB
        ->  Hash Join  (cost=98137.04..149053.12 rows=673514 width=8) (actual time=1870.859..3513.877 rows=500090 loops=1)
              Hash Cond: (mi_idx.movie_id = t.id)
              ->  Seq Scan on movie_info_idx mi_idx  (cost=0.00..25185.44 rows=915101 width=4) (actual time=0.019..575.398 rows=919850 loops=1)
                    Filter: (info_type_id < 101)
                    Rows Removed by Filter: 460185
              ->  Hash  (cost=67604.59..67604.59 rows=1860996 width=4) (actual time=1870.101..1870.101 rows=1865487 loops=1)
                    Buckets: 131072  Batches: 32  Memory Usage: 3079kB
                    ->  Seq Scan on title t  (cost=0.00..67604.59 rows=1860996 width=4) (actual time=0.021..1298.459 rows=1865487 loops=1)
                          Filter: (kind_id > 1)
                          Rows Removed by Filter: 662825
Planning time: 0.990 ms
Execution time: 40628.990 ms
