Seq Scan on movie_keyword mk  (cost=0.00..81003.12 rows=1345961 width=0) (actual time=0.025..1398.005 rows=1365211 loops=1)
  Filter: (keyword_id < 1783)
  Rows Removed by Filter: 3158719
Planning time: 0.345 ms
Execution time: 1581.048 ms
