Hash Join  (cost=133383.53..265008.17 rows=789760 width=0) (actual time=3311.973..7824.925 rows=4899953 loops=1)
  Hash Cond: (mk.movie_id = t.id)
  ->  Seq Scan on movie_keyword mk  (cost=0.00..69693.30 rows=4523930 width=4) (actual time=0.025..1429.885 rows=4523930 loops=1)
  ->  Hash  (cost=126140.84..126140.84 rows=441415 width=8) (actual time=3311.008..3311.008 rows=545942 loops=1)
        Buckets: 131072  Batches: 8  Memory Usage: 3713kB
        ->  Hash Join  (cost=80874.21..126140.84 rows=441415 width=8) (actual time=1438.548..3156.932 rows=545942 loops=1)
              Hash Cond: (mi_idx.movie_id = t.id)
              ->  Seq Scan on movie_info_idx mi_idx  (cost=0.00..21735.35 rows=1380035 width=4) (actual time=0.022..479.854 rows=1380035 loops=1)
              ->  Hash  (cost=67604.59..67604.59 rows=808770 width=4) (actual time=1437.438..1437.438 rows=812704 loops=1)
                    Buckets: 131072  Batches: 16  Memory Usage: 2812kB
                    ->  Seq Scan on title t  (cost=0.00..67604.59 rows=808770 width=4) (actual time=0.014..1179.018 rows=812704 loops=1)
                          Filter: (production_year < 1995)
                          Rows Removed by Filter: 1715608
Planning time: 1.174 ms
Execution time: 8384.766 ms
