Seq Scan on movie_keyword mk  (cost=0.00..81003.12 rows=1817081 width=0) (actual time=0.013..1321.689 rows=1819295 loops=1)
  Filter: (keyword_id < 2987)
  Rows Removed by Filter: 2704635
Planning time: 0.314 ms
Execution time: 1541.152 ms
