Hash Join  (cost=266486.92..454974.49 rows=4528771 width=0) (actual time=6519.927..18871.418 rows=34596034 loops=1)
  Hash Cond: (mk.movie_id = t.id)
  ->  Seq Scan on movie_keyword mk  (cost=0.00..69693.30 rows=4523930 width=4) (actual time=0.022..1484.303 rows=4523930 loops=1)
  ->  Hash  (cost=224958.51..224958.51 rows=2531233 width=8) (actual time=6518.145..6518.145 rows=2528534 loops=1)
        Buckets: 131072  Batches: 64  Memory Usage: 2644kB
        ->  Hash Join  (cost=102767.86..224958.51 rows=2531233 width=8) (actual time=1980.815..5802.679 rows=2528534 loops=1)
              Hash Cond: (mc.movie_id = t.id)
              ->  Seq Scan on movie_companies mc  (cost=0.00..51404.11 rows=2531233 width=4) (actual time=0.023..1208.544 rows=2528534 loops=1)
                    Filter: (company_id > 11)
                    Rows Removed by Filter: 80595
              ->  Hash  (cost=61283.27..61283.27 rows=2528527 width=4) (actual time=1978.976..1978.976 rows=2528312 loops=1)
                    Buckets: 131072  Batches: 64  Memory Usage: 2415kB
                    ->  Seq Scan on title t  (cost=0.00..61283.27 rows=2528527 width=4) (actual time=0.021..1121.328 rows=2528312 loops=1)
Planning time: 1.103 ms
Execution time: 23001.161 ms
