Hash Join  (cost=102767.86..248895.76 rows=2295925 width=0) (actual time=2069.108..6243.333 rows=2300919 loops=1)
  Hash Cond: (mk.movie_id = t.id)
  ->  Seq Scan on movie_keyword mk  (cost=0.00..81003.12 rows=2295925 width=4) (actual time=0.022..1722.857 rows=2300919 loops=1)
        Filter: (keyword_id > 4547)
        Rows Removed by Filter: 2223011
  ->  Hash  (cost=61283.27..61283.27 rows=2528527 width=4) (actual time=2066.593..2066.593 rows=2528312 loops=1)
        Buckets: 131072  Batches: 64  Memory Usage: 2425kB
        ->  Seq Scan on title t  (cost=0.00..61283.27 rows=2528527 width=4) (actual time=0.027..1176.444 rows=2528312 loops=1)
Planning time: 3.220 ms
Execution time: 6525.470 ms
