Seq Scan on movie_keyword mk  (cost=0.00..81003.12 rows=246 width=0) (actual time=3.209..1269.205 rows=280 loops=1)
  Filter: (keyword_id = 4097)
  Rows Removed by Filter: 4523650
Planning time: 0.344 ms
Execution time: 1269.488 ms
