Hash Join  (cost=190230.21..344394.12 rows=2173088 width=0) (actual time=4154.818..10015.080 rows=9321176 loops=1)
  Hash Cond: (mk.movie_id = t.id)
  ->  Seq Scan on movie_keyword mk  (cost=0.00..81003.12 rows=3981574 width=4) (actual time=0.019..1807.362 rows=3980918 loops=1)
        Filter: (keyword_id > 384)
        Rows Removed by Filter: 543012
  ->  Hash  (cost=167588.78..167588.78 rows=1380035 width=8) (actual time=4153.396..4153.396 rows=1380035 loops=1)
        Buckets: 131072  Batches: 32  Memory Usage: 2726kB
        ->  Hash Join  (cost=102767.86..167588.78 rows=1380035 width=8) (actual time=1976.697..3795.875 rows=1380035 loops=1)
              Hash Cond: (mi_idx.movie_id = t.id)
              ->  Seq Scan on movie_info_idx mi_idx  (cost=0.00..21735.35 rows=1380035 width=4) (actual time=0.013..472.780 rows=1380035 loops=1)
              ->  Hash  (cost=61283.27..61283.27 rows=2528527 width=4) (actual time=1968.542..1968.542 rows=2528312 loops=1)
                    Buckets: 131072  Batches: 64  Memory Usage: 2415kB
                    ->  Seq Scan on title t  (cost=0.00..61283.27 rows=2528527 width=4) (actual time=0.017..1090.100 rows=2528312 loops=1)
Planning time: 0.745 ms
Execution time: 10964.451 ms
