Seq Scan on cast_info ci  (cost=0.00..705507.15 rows=9057822 width=0) (actual time=0.023..11878.097 rows=9063042 loops=1)
  Filter: (person_id > 2791027)
  Rows Removed by Filter: 27181302
Planning time: 0.319 ms
Execution time: 13017.225 ms
