Seq Scan on movie_keyword mk  (cost=0.00..81003.12 rows=246 width=0) (actual time=0.546..1295.832 rows=1018 loops=1)
  Filter: (keyword_id = 5376)
  Rows Removed by Filter: 4522912
Planning time: 0.336 ms
Execution time: 1296.292 ms
