Nested Loop  (cost=0.43..83072.90 rows=1 width=0) (actual time=709.374..1383.732 rows=3 loops=1)
  ->  Seq Scan on movie_keyword mk  (cost=0.00..81003.12 rows=246 width=4) (actual time=0.197..1299.674 rows=1468 loops=1)
        Filter: (keyword_id = 3843)
        Rows Removed by Filter: 4522462
  ->  Index Scan using title_pkey on title t  (cost=0.43..8.40 rows=1 width=4) (actual time=0.056..0.056 rows=0 loops=1468)
        Index Cond: (id = mk.movie_id)
        Filter: ((kind_id < 7) AND (production_year = 1975))
        Rows Removed by Filter: 1
Planning time: 0.514 ms
Execution time: 1383.802 ms
