Seq Scan on cast_info ci  (cost=0.00..796071.18 rows=25161487 width=0) (actual time=1478.549..17360.432 rows=25033737 loops=1)
  Filter: ((person_id > 206055) AND (role_id < 5))
  Rows Removed by Filter: 11210607
Planning time: 1.006 ms
Execution time: 20361.589 ms
