Hash Join  (cost=71408.55..1176829.23 rows=2931582 width=0) (actual time=1178.094..33189.889 rows=3106698 loops=1)
  Hash Cond: (ci.movie_id = t.id)
  ->  Seq Scan on cast_info ci  (cost=0.00..705507.15 rows=31973255 width=4) (actual time=0.024..17052.954 rows=32119277 loops=1)
        Filter: (person_id > 396456)
        Rows Removed by Filter: 4125067
  ->  Hash  (cost=67604.59..67604.59 rows=231837 width=4) (actual time=1177.271..1177.271 rows=231649 loops=1)
        Buckets: 131072  Batches: 4  Memory Usage: 3076kB
        ->  Seq Scan on title t  (cost=0.00..67604.59 rows=231837 width=4) (actual time=0.030..1098.137 rows=231649 loops=1)
              Filter: (production_year > 2011)
              Rows Removed by Filter: 2296663
Planning time: 0.744 ms
Execution time: 33562.603 ms
