Hash Join  (cost=174462.15..1031415.84 rows=3919511 width=0) (actual time=4103.435..24153.098 rows=8263773 loops=1)
  Hash Cond: (ci.movie_id = t.id)
  ->  Seq Scan on cast_info ci  (cost=0.00..705507.15 rows=9349977 width=4) (actual time=124.186..12021.989 rows=9205152 loops=1)
        Filter: (person_id < 905040)
        Rows Removed by Filter: 27039192
  ->  Hash  (cost=157071.66..157071.66 rows=1059959 width=8) (actual time=3978.040..3978.040 rows=1051116 loops=1)
        Buckets: 131072  Batches: 16  Memory Usage: 3600kB
        ->  Hash Join  (cost=99467.55..157071.66 rows=1059959 width=8) (actual time=1926.302..3672.903 rows=1051116 loops=1)
              Hash Cond: (mi_idx.movie_id = t.id)
              ->  Seq Scan on movie_info_idx mi_idx  (cost=0.00..21735.35 rows=1380035 width=4) (actual time=0.011..448.047 rows=1380035 loops=1)
              ->  Hash  (cost=67604.59..67604.59 rows=1942077 width=4) (actual time=1925.221..1925.221 rows=1932484 loops=1)
                    Buckets: 131072  Batches: 32  Memory Usage: 3155kB
                    ->  Seq Scan on title t  (cost=0.00..67604.59 rows=1942077 width=4) (actual time=0.024..1289.879 rows=1932484 loops=1)
                          Filter: (production_year > 1980)
                          Rows Removed by Filter: 595828
Planning time: 1.086 ms
Execution time: 25193.054 ms
