Nested Loop  (cost=0.43..83071.67 rows=246 width=0) (actual time=5.417..1397.239 rows=934 loops=1)
  ->  Seq Scan on movie_keyword mk  (cost=0.00..81003.12 rows=246 width=4) (actual time=5.336..1360.196 rows=934 loops=1)
        Filter: (keyword_id = 7469)
        Rows Removed by Filter: 4522996
  ->  Index Only Scan using title_pkey on title t  (cost=0.43..8.40 rows=1 width=4) (actual time=0.038..0.038 rows=1 loops=934)
        Index Cond: (id = mk.movie_id)
        Heap Fetches: 934
Planning time: 0.788 ms
Execution time: 1397.723 ms
