Hash Join  (cost=906451.23..1621855.65 rows=1359966 width=0) (actual time=22005.271..35488.566 rows=6682606 loops=1)
  Hash Cond: (mi.movie_id = t.id)
  ->  Seq Scan on movie_info mi  (cost=0.00..309384.22 rows=14739122 width=4) (actual time=0.030..5820.326 rows=14835720 loops=1)
  ->  Hash  (cost=902622.92..902622.92 rows=233305 width=8) (actual time=22003.211..22003.211 rows=217426 loops=1)
        Buckets: 131072  Batches: 4  Memory Usage: 3139kB
        ->  Hash Join  (cost=74155.14..902622.92 rows=233305 width=8) (actual time=1083.172..21854.670 rows=217426 loops=1)
              Hash Cond: (ci.movie_id = t.id)
              ->  Seq Scan on cast_info ci  (cost=0.00..705507.15 rows=32167353 width=4) (actual time=0.024..13481.700 rows=32150105 loops=1)
                    Filter: (person_id < 3306672)
                    Rows Removed by Filter: 4094239
              ->  Hash  (cost=73925.90..73925.90 rows=18339 width=4) (actual time=1082.973..1082.973 rows=14449 loops=1)
                    Buckets: 32768  Batches: 1  Memory Usage: 764kB
                    ->  Seq Scan on title t  (cost=0.00..73925.90 rows=18339 width=4) (actual time=0.080..1076.400 rows=14449 loops=1)
                          Filter: ((kind_id < 7) AND (production_year = 1998))
                          Rows Removed by Filter: 2513863
Planning time: 1.128 ms
Execution time: 36231.482 ms
