Seq Scan on cast_info ci  (cost=0.00..796071.18 rows=527202 width=0) (actual time=463.482..13791.310 rows=245577 loops=1)
  Filter: ((person_id < 2138560) AND (role_id = 5))
  Rows Removed by Filter: 35998767
Planning time: 0.350 ms
Execution time: 13822.632 ms
