Hash Join  (cost=102767.86..190910.33 rows=1116207 width=0) (actual time=1717.990..4356.324 rows=1113113 loops=1)
  Hash Cond: (mc.movie_id = t.id)
  ->  Seq Scan on movie_companies mc  (cost=0.00..51404.11 rows=1116207 width=4) (actual time=0.015..1004.179 rows=1113113 loops=1)
        Filter: (company_id < 7848)
        Rows Removed by Filter: 1496016
  ->  Hash  (cost=61283.27..61283.27 rows=2528527 width=4) (actual time=1717.170..1717.170 rows=2528312 loops=1)
        Buckets: 131072  Batches: 64  Memory Usage: 2415kB
        ->  Seq Scan on title t  (cost=0.00..61283.27 rows=2528527 width=4) (actual time=0.031..914.131 rows=2528312 loops=1)
Planning time: 8.910 ms
Execution time: 4489.777 ms
