Nested Loop  (cost=0.43..83071.67 rows=246 width=0) (actual time=15.804..1295.574 rows=27 loops=1)
  ->  Seq Scan on movie_keyword mk  (cost=0.00..81003.12 rows=246 width=4) (actual time=15.718..1292.262 rows=27 loops=1)
        Filter: (keyword_id = 38321)
        Rows Removed by Filter: 4523903
  ->  Index Only Scan using title_pkey on title t  (cost=0.43..8.40 rows=1 width=4) (actual time=0.117..0.117 rows=1 loops=27)
        Index Cond: (id = mk.movie_id)
        Heap Fetches: 27
Planning time: 2.322 ms
Execution time: 1295.662 ms
