Hash Join  (cost=130449.24..881650.73 rows=41232 width=0) (actual time=2355.609..19365.480 rows=66048 loops=1)
  Hash Cond: (ci.movie_id = t.id)
  ->  Seq Scan on cast_info ci  (cost=0.00..614943.12 rows=36225612 width=4) (actual time=0.025..9005.693 rows=36244344 loops=1)
  ->  Hash  (cost=130413.27..130413.27 rows=2878 width=8) (actual time=2354.286..2354.286 rows=5261 loops=1)
        Buckets: 8192 (originally 4096)  Batches: 1 (originally 1)  Memory Usage: 270kB
        ->  Hash Join  (cost=73994.33..130413.27 rows=2878 width=8) (actual time=1309.760..2352.009 rows=5261 loops=1)
              Hash Cond: (mc.movie_id = t.id)
              ->  Seq Scan on movie_companies mc  (cost=0.00..51404.11 rows=1329612 width=4) (actual time=173.863..981.871 rows=1334883 loops=1)
                    Filter: (company_type_id > 1)
                    Rows Removed by Filter: 1274246
              ->  Hash  (cost=73925.90..73925.90 rows=5474 width=4) (actual time=1134.781..1134.781 rows=6736 loops=1)
                    Buckets: 8192  Batches: 1  Memory Usage: 301kB
                    ->  Seq Scan on title t  (cost=0.00..73925.90 rows=5474 width=4) (actual time=0.160..1131.209 rows=6736 loops=1)
                          Filter: ((kind_id > 1) AND (production_year = 1958))
                          Rows Removed by Filter: 2521576
Planning time: 1.134 ms
Execution time: 19377.181 ms
