Hash Join  (cost=181265.86..613459.10 rows=1522264 width=0) (actual time=3509.519..12137.793 rows=477957 loops=1)
  Hash Cond: (mi.movie_id = t.id)
  ->  Seq Scan on movie_info mi  (cost=0.00..346232.03 rows=5897221 width=4) (actual time=0.015..5946.391 rows=5884963 loops=1)
        Filter: (info_type_id < 7)
        Rows Removed by Filter: 8950757
  ->  Hash  (cost=170557.17..170557.17 rows=652695 width=8) (actual time=3508.646..3508.646 rows=197908 loops=1)
        Buckets: 131072  Batches: 16  Memory Usage: 1508kB
        ->  Hash Join  (cost=92883.59..170557.17 rows=652695 width=8) (actual time=1651.102..3444.400 rows=197908 loops=1)
              Hash Cond: (mc.movie_id = t.id)
              ->  Seq Scan on movie_companies mc  (cost=0.00..51404.11 rows=1071104 width=4) (actual time=0.015..949.242 rows=1084176 loops=1)
                    Filter: (company_id > 14326)
                    Rows Removed by Filter: 1524953
              ->  Hash  (cost=67604.59..67604.59 rows=1540800 width=4) (actual time=1646.640..1646.640 rows=1543264 loops=1)
                    Buckets: 131072  Batches: 32  Memory Usage: 2722kB
                    ->  Seq Scan on title t  (cost=0.00..67604.59 rows=1540800 width=4) (actual time=0.006..1146.848 rows=1543264 loops=1)
                          Filter: (kind_id = 7)
                          Rows Removed by Filter: 985048
Planning time: 1.184 ms
Execution time: 12194.074 ms
