Hash Join  (cost=709678.15..1058948.41 rows=160 width=0) (actual time=10647.611..15252.783 rows=132 loops=1)
  Hash Cond: (mi.movie_id = t.id)
  ->  Seq Scan on movie_info mi  (cost=0.00..346232.03 rows=809768 width=4) (actual time=823.037..5399.782 rows=802140 loops=1)
        Filter: (info_type_id < 2)
        Rows Removed by Filter: 14033580
  ->  Hash  (cost=709671.90..709671.90 rows=500 width=8) (actual time=9776.150..9776.150 rows=158 loops=1)
        Buckets: 1024  Batches: 1  Memory Usage: 15kB
        ->  Nested Loop  (cost=0.43..709671.90 rows=500 width=8) (actual time=3417.387..9776.067 rows=158 loops=1)
              ->  Seq Scan on cast_info ci  (cost=0.00..705507.15 rows=500 width=4) (actual time=3417.173..9772.832 rows=158 loops=1)
                    Filter: (person_id = 2390262)
                    Rows Removed by Filter: 36244186
              ->  Index Only Scan using title_pkey on title t  (cost=0.43..8.32 rows=1 width=4) (actual time=0.019..0.019 rows=1 loops=158)
                    Index Cond: (id = ci.movie_id)
                    Heap Fetches: 158
Planning time: 1.419 ms
Execution time: 15252.917 ms
