Seq Scan on movie_keyword mk  (cost=0.00..81003.12 rows=1192589 width=0) (actual time=0.025..1406.860 rows=1201377 loops=1)
  Filter: (keyword_id > 15298)
  Rows Removed by Filter: 3322553
Planning time: 0.308 ms
Execution time: 1567.846 ms
