Seq Scan on cast_info ci  (cost=0.00..705507.15 rows=11434924 width=0) (actual time=0.024..11616.209 rows=11433033 loops=1)
  Filter: (person_id > 2555464)
  Rows Removed by Filter: 24811311
Planning time: 0.460 ms
Execution time: 13073.518 ms
