Seq Scan on movie_companies mc  (cost=0.00..51404.11 rows=104 width=0) (actual time=1.327..868.183 rows=104 loops=1)
  Filter: (company_id = 1044)
  Rows Removed by Filter: 2609025
Planning time: 0.393 ms
Execution time: 868.297 ms
