Hash Join  (cost=314870.74..1028545.37 rows=18464694 width=0) (actual time=6784.860..24564.086 rows=18335816 loops=1)
  Hash Cond: (mi.movie_id = t.id)
  ->  Seq Scan on movie_info mi  (cost=0.00..309384.22 rows=14739122 width=4) (actual time=0.016..6137.403 rows=14835720 loops=1)
  ->  Hash  (cost=262901.04..262901.04 rows=3167656 width=8) (actual time=6782.468..6782.468 rows=1454126 loops=1)
        Buckets: 131072  Batches: 64  Memory Usage: 1920kB
        ->  Hash Join  (cost=96651.52..262901.04 rows=3167656 width=8) (actual time=1930.978..6058.247 rows=1454126 loops=1)
              Hash Cond: (mk.movie_id = t.id)
              ->  Seq Scan on movie_keyword mk  (cost=0.00..69693.30 rows=4523930 width=4) (actual time=0.016..1490.073 rows=4523930 loops=1)
              ->  Hash  (cost=67604.59..67604.59 rows=1770475 width=4) (actual time=1930.087..1930.087 rows=1774635 loops=1)
                    Buckets: 131072  Batches: 32  Memory Usage: 2984kB
                    ->  Seq Scan on title t  (cost=0.00..67604.59 rows=1770475 width=4) (actual time=0.017..1331.931 rows=1774635 loops=1)
                          Filter: (kind_id > 2)
                          Rows Removed by Filter: 753677
Planning time: 1.125 ms
Execution time: 26609.010 ms
