Hash Join  (cost=95159.82..135944.91 rows=308582 width=0) (actual time=1875.799..3018.845 rows=285080 loops=1)
  Hash Cond: (mi_idx.movie_id = t.id)
  ->  Seq Scan on movie_info_idx mi_idx  (cost=0.00..25185.44 rows=464566 width=4) (actual time=0.036..478.280 rows=459925 loops=1)
        Filter: (info_type_id = 101)
        Rows Removed by Filter: 920110
  ->  Hash  (cost=67604.59..67604.59 rows=1679539 width=4) (actual time=1874.485..1874.485 rows=1673541 loops=1)
        Buckets: 131072  Batches: 32  Memory Usage: 2866kB
        ->  Seq Scan on title t  (cost=0.00..67604.59 rows=1679539 width=4) (actual time=0.023..1327.353 rows=1673541 loops=1)
              Filter: (production_year > 1993)
              Rows Removed by Filter: 854771
Planning time: 0.728 ms
Execution time: 3055.117 ms
