Hash Join  (cost=100948.70..185981.45 rows=1049 width=0) (actual time=2550.992..3271.237 rows=1017 loops=1)
  Hash Cond: (mk.movie_id = t.id)
  ->  Seq Scan on movie_keyword mk  (cost=0.00..81003.12 rows=1071769 width=4) (actual time=0.022..1329.466 rows=1081811 loops=1)
        Filter: (keyword_id < 1089)
        Rows Removed by Filter: 3442119
  ->  Hash  (cost=100917.78..100917.78 rows=2474 width=8) (actual time=1778.375..1778.375 rows=2865 loops=1)
        Buckets: 4096  Batches: 1  Memory Usage: 144kB
        ->  Hash Join  (cost=73982.55..100917.78 rows=2474 width=8) (actual time=1190.394..1777.253 rows=2865 loops=1)
              Hash Cond: (mi_idx.movie_id = t.id)
              ->  Seq Scan on movie_info_idx mi_idx  (cost=0.00..21735.35 rows=1380035 width=4) (actual time=0.025..346.232 rows=1380035 loops=1)
              ->  Hash  (cost=73925.90..73925.90 rows=4532 width=4) (actual time=1140.161..1140.161 rows=6734 loops=1)
                    Buckets: 8192  Batches: 1  Memory Usage: 301kB
                    ->  Seq Scan on title t  (cost=0.00..73925.90 rows=4532 width=4) (actual time=247.312..1136.708 rows=6734 loops=1)
                          Filter: ((kind_id = 7) AND (production_year = 1961))
                          Rows Removed by Filter: 2521578
Planning time: 1.204 ms
Execution time: 3271.518 ms
