Hash Join  (cost=454976.12..1182796.61 rows=142478 width=0) (actual time=16435.811..21688.043 rows=102710 loops=1)
  Hash Cond: (ci.movie_id = t.id)
  ->  Seq Scan on cast_info ci  (cost=0.00..705507.15 rows=1736414 width=4) (actual time=8702.298..12969.315 rows=1703543 loops=1)
        Filter: (role_id = 8)
        Rows Removed by Filter: 34540801
  ->  Hash  (cost=451571.71..451571.71 rows=207473 width=8) (actual time=7732.013..7732.013 rows=114207 loops=1)
        Buckets: 131072  Batches: 4  Memory Usage: 2135kB
        ->  Hash Join  (cost=92883.59..451571.71 rows=207473 width=8) (actual time=4079.785..7695.307 rows=114207 loops=1)
              Hash Cond: (mi.movie_id = t.id)
              ->  Seq Scan on movie_info mi  (cost=0.00..346232.03 rows=340474 width=4) (actual time=2262.710..5400.272 rows=328857 loops=1)
                    Filter: (info_type_id = 98)
                    Rows Removed by Filter: 14506863
              ->  Hash  (cost=67604.59..67604.59 rows=1540800 width=4) (actual time=1815.356..1815.356 rows=1543264 loops=1)
                    Buckets: 131072  Batches: 32  Memory Usage: 2728kB
                    ->  Seq Scan on title t  (cost=0.00..67604.59 rows=1540800 width=4) (actual time=0.023..1293.723 rows=1543264 loops=1)
                          Filter: (kind_id = 7)
                          Rows Removed by Filter: 985048
Planning time: 1.132 ms
Execution time: 21699.416 ms
