Hash Join  (cost=448026.41..535005.37 rows=32092 width=0) (actual time=5629.322..7623.058 rows=480042 loops=1)
  Hash Cond: (mk.movie_id = t.id)
  ->  Seq Scan on movie_keyword mk  (cost=0.00..69693.30 rows=4523930 width=4) (actual time=0.016..1047.384 rows=4523930 loops=1)
  ->  Hash  (cost=447802.20..447802.20 rows=17937 width=8) (actual time=5629.077..5629.077 rows=6272 loops=1)
        Buckets: 32768  Batches: 1  Memory Usage: 501kB
        ->  Nested Loop  (cost=0.43..447802.20 rows=17937 width=8) (actual time=4125.255..5626.109 rows=6272 loops=1)
              ->  Seq Scan on movie_info mi  (cost=0.00..346232.03 rows=17937 width=4) (actual time=4125.092..5306.958 rows=6272 loops=1)
                    Filter: (info_type_id = 67)
                    Rows Removed by Filter: 14829448
              ->  Index Only Scan using title_pkey on title t  (cost=0.43..5.65 rows=1 width=4) (actual time=0.050..0.050 rows=1 loops=6272)
                    Index Cond: (id = mi.movie_id)
                    Heap Fetches: 6272
Planning time: 1.067 ms
Execution time: 7684.272 ms
