Seq Scan on movie_keyword mk  (cost=0.00..81003.12 rows=246 width=0) (actual time=0.139..1131.522 rows=5252 loops=1)
  Filter: (keyword_id = 3311)
  Rows Removed by Filter: 4518678
Planning time: 0.345 ms
Execution time: 1132.755 ms
