Seq Scan on movie_keyword mk  (cost=0.00..81003.12 rows=246 width=0) (actual time=0.838..1229.298 rows=2667 loops=1)
  Filter: (keyword_id = 1415)
  Rows Removed by Filter: 4521263
Planning time: 0.366 ms
Execution time: 1230.046 ms
