Hash Join  (cost=75636.60..561925.42 rows=607489 width=0) (actual time=1260.447..12227.902 rows=328593 loops=1)
  Hash Cond: (mi.movie_id = t.id)
  ->  Seq Scan on movie_info mi  (cost=0.00..309384.22 rows=14739122 width=4) (actual time=0.011..5718.919 rows=14835720 loops=1)
  ->  Hash  (cost=73925.90..73925.90 rows=104216 width=4) (actual time=1258.080..1258.080 rows=108513 loops=1)
        Buckets: 131072  Batches: 2  Memory Usage: 2937kB
        ->  Seq Scan on title t  (cost=0.00..73925.90 rows=104216 width=4) (actual time=0.016..1214.206 rows=108513 loops=1)
              Filter: ((kind_id > 1) AND (production_year = 2010))
              Rows Removed by Filter: 2419799
Planning time: 0.741 ms
Execution time: 12272.453 ms
