Hash Join  (cost=243034.79..327864.54 rows=843933 width=0) (actual time=5659.018..9279.860 rows=6712746 loops=1)
  Hash Cond: (mc.movie_id = t.id)
  ->  Seq Scan on movie_companies mc  (cost=0.00..51404.11 rows=1748615 width=4) (actual time=0.011..1059.218 rows=1740832 loops=1)
        Filter: (company_id < 23804)
        Rows Removed by Filter: 868297
  ->  Hash  (cost=223013.52..223013.52 rows=1220341 width=8) (actual time=5658.256..5658.256 rows=1228876 loops=1)
        Buckets: 131072  Batches: 16  Memory Usage: 4063kB
        ->  Hash Join  (cost=102767.86..223013.52 rows=1220341 width=8) (actual time=1883.316..5335.661 rows=1228876 loops=1)
              Hash Cond: (mk.movie_id = t.id)
              ->  Seq Scan on movie_keyword mk  (cost=0.00..81003.12 rows=1220341 width=4) (actual time=0.014..1388.612 rows=1228876 loops=1)
                    Filter: (keyword_id < 1559)
                    Rows Removed by Filter: 3295054
              ->  Hash  (cost=61283.27..61283.27 rows=2528527 width=4) (actual time=1882.120..1882.120 rows=2528312 loops=1)
                    Buckets: 131072  Batches: 64  Memory Usage: 2425kB
                    ->  Seq Scan on title t  (cost=0.00..61283.27 rows=2528527 width=4) (actual time=0.028..1025.516 rows=2528312 loops=1)
Planning time: 1.229 ms
Execution time: 10040.526 ms
