Hash Join  (cost=73950.44..825020.84 rows=28123 width=0) (actual time=1131.506..17752.937 rows=95143 loops=1)
  Hash Cond: (ci.movie_id = t.id)
  ->  Seq Scan on cast_info ci  (cost=0.00..614943.12 rows=36225612 width=4) (actual time=0.020..8912.772 rows=36244344 loops=1)
  ->  Hash  (cost=73925.90..73925.90 rows=1963 width=4) (actual time=1131.427..1131.427 rows=4860 loops=1)
        Buckets: 8192 (originally 2048)  Batches: 1 (originally 1)  Memory Usage: 235kB
        ->  Seq Scan on title t  (cost=0.00..73925.90 rows=1963 width=4) (actual time=38.660..1129.057 rows=4860 loops=1)
              Filter: ((kind_id = 1) AND (production_year = 1988))
              Rows Removed by Filter: 2523452
Planning time: 0.788 ms
Execution time: 17773.208 ms
