Hash Join  (cost=234427.15..1087105.33 rows=5197844 width=0) (actual time=6716.584..22490.425 rows=5782443 loops=1)
  Hash Cond: (ci.movie_id = t.id)
  ->  Seq Scan on cast_info ci  (cost=0.00..705507.15 rows=6844118 width=4) (actual time=1331.704..11960.583 rows=6777197 loops=1)
        Filter: (person_id < 654937)
        Rows Removed by Filter: 29467147
  ->  Hash  (cost=202921.16..202921.16 rows=1920319 width=8) (actual time=5338.814..5338.814 rows=1301439 loops=1)
        Buckets: 131072  Batches: 32  Memory Usage: 2584kB
        ->  Hash Join  (cost=98137.04..202921.16 rows=1920319 width=8) (actual time=1925.387..4960.423 rows=1301439 loops=1)
              Hash Cond: (mc.movie_id = t.id)
              ->  Seq Scan on movie_companies mc  (cost=0.00..44881.29 rows=2609129 width=4) (actual time=0.033..952.399 rows=2609129 loops=1)
              ->  Hash  (cost=67604.59..67604.59 rows=1860996 width=4) (actual time=1923.969..1923.969 rows=1865487 loops=1)
                    Buckets: 131072  Batches: 32  Memory Usage: 3079kB
                    ->  Seq Scan on title t  (cost=0.00..67604.59 rows=1860996 width=4) (actual time=0.021..1329.660 rows=1865487 loops=1)
                          Filter: (kind_id > 1)
                          Rows Removed by Filter: 662825
Planning time: 0.765 ms
Execution time: 23131.755 ms
