Hash Join  (cost=101272.94..156037.67 rows=9922 width=0) (actual time=1771.803..2911.496 rows=15423 loops=1)
  Hash Cond: (mc.movie_id = t.id)
  ->  Seq Scan on movie_companies mc  (cost=0.00..44881.29 rows=2609129 width=4) (actual time=0.019..645.097 rows=2609129 loops=1)
  ->  Hash  (cost=101152.75..101152.75 rows=9615 width=8) (actual time=1771.438..1771.438 rows=4464 loops=1)
        Buckets: 16384  Batches: 1  Memory Usage: 303kB
        ->  Hash Join  (cost=74146.12..101152.75 rows=9615 width=8) (actual time=1124.091..1769.677 rows=4464 loops=1)
              Hash Cond: (mi_idx.movie_id = t.id)
              ->  Seq Scan on movie_info_idx mi_idx  (cost=0.00..21735.35 rows=1380035 width=4) (actual time=0.018..333.969 rows=1380035 loops=1)
              ->  Hash  (cost=73925.90..73925.90 rows=17617 width=4) (actual time=1123.620..1123.620 rows=22021 loops=1)
                    Buckets: 32768  Batches: 1  Memory Usage: 1031kB
                    ->  Seq Scan on title t  (cost=0.00..73925.90 rows=17617 width=4) (actual time=570.412..1115.164 rows=22021 loops=1)
                          Filter: ((production_year > 2012) AND (kind_id = 1))
                          Rows Removed by Filter: 2506291
Planning time: 0.940 ms
Execution time: 2913.881 ms
