Hash Join  (cost=182954.76..987894.75 rows=97028 width=0) (actual time=14581.417..17493.393 rows=201433 loops=1)
  Hash Cond: (ci.movie_id = t.id)
  ->  Seq Scan on cast_info ci  (cost=0.00..796071.18 rows=525210 width=4) (actual time=10362.166..12735.145 rows=828707 loops=1)
        Filter: ((person_id > 2609521) AND (role_id = 8))
        Rows Removed by Filter: 35415637
  ->  Hash  (cost=175290.72..175290.72 rows=467123 width=8) (actual time=4218.305..4218.305 rows=471839 loops=1)
        Buckets: 131072  Batches: 8  Memory Usage: 3339kB
        ->  Hash Join  (cost=102767.86..175290.72 rows=467123 width=8) (actual time=2022.240..4014.950 rows=471839 loops=1)
              Hash Cond: (mc.movie_id = t.id)
              ->  Seq Scan on movie_companies mc  (cost=0.00..51404.11 rows=467123 width=4) (actual time=0.024..905.445 rows=471839 loops=1)
                    Filter: (company_id > 75913)
                    Rows Removed by Filter: 2137290
              ->  Hash  (cost=61283.27..61283.27 rows=2528527 width=4) (actual time=2019.797..2019.797 rows=2528312 loops=1)
                    Buckets: 131072  Batches: 64  Memory Usage: 2415kB
                    ->  Seq Scan on title t  (cost=0.00..61283.27 rows=2528527 width=4) (actual time=0.015..1165.834 rows=2528312 loops=1)
Planning time: 1.144 ms
Execution time: 17519.558 ms
