Hash Join  (cost=85280.32..133061.78 rows=587997 width=0) (actual time=1598.558..3114.834 rows=715839 loops=1)
  Hash Cond: (mi_idx.movie_id = t.id)
  ->  Seq Scan on movie_info_idx mi_idx  (cost=0.00..21735.35 rows=1380035 width=4) (actual time=0.019..515.283 rows=1380035 loops=1)
  ->  Hash  (cost=67604.59..67604.59 rows=1077339 width=4) (actual time=1597.542..1597.542 rows=1074765 loops=1)
        Buckets: 131072  Batches: 16  Memory Usage: 3388kB
        ->  Seq Scan on title t  (cost=0.00..67604.59 rows=1077339 width=4) (actual time=0.020..1261.442 rows=1074765 loops=1)
              Filter: (production_year < 2001)
              Rows Removed by Filter: 1453547
Planning time: 0.596 ms
Execution time: 3202.750 ms
