Seq Scan on movie_keyword mk  (cost=0.00..81003.12 rows=675369 width=0) (actual time=0.028..1362.934 rows=673833 loops=1)
  Filter: (keyword_id < 542)
  Rows Removed by Filter: 3850097
Planning time: 0.305 ms
Execution time: 1451.034 ms
