Hash Join  (cost=67697.55..837840.38 rows=50301 width=0) (actual time=2865.900..16293.626 rows=30024 loops=1)
  Hash Cond: (ci.movie_id = t.id)
  ->  Seq Scan on cast_info ci  (cost=0.00..705507.15 rows=17102044 width=4) (actual time=4.783..12076.539 rows=16973005 loops=1)
        Filter: (person_id < 1677514)
        Rows Removed by Filter: 19271339
  ->  Hash  (cost=67604.59..67604.59 rows=7437 width=4) (actual time=1144.829..1144.829 rows=2467 loops=1)
        Buckets: 8192  Batches: 1  Memory Usage: 151kB
        ->  Seq Scan on title t  (cost=0.00..67604.59 rows=7437 width=4) (actual time=0.273..1143.474 rows=2467 loops=1)
              Filter: (production_year = 1935)
              Rows Removed by Filter: 2525845
Planning time: 0.739 ms
Execution time: 16299.719 ms
