Hash Join  (cost=141156.90..169918.68 rows=14472 width=0) (actual time=2692.799..3421.869 rows=99542 loops=1)
  Hash Cond: (mi_idx.movie_id = t.id)
  ->  Seq Scan on movie_info_idx mi_idx  (cost=0.00..25185.44 rows=915101 width=4) (actual time=0.016..542.958 rows=919850 loops=1)
        Filter: (info_type_id < 101)
        Rows Removed by Filter: 460185
  ->  Hash  (cost=140657.05..140657.05 rows=39988 width=8) (actual time=2514.035..2514.035 rows=103074 loops=1)
        Buckets: 131072 (originally 65536)  Batches: 2 (originally 1)  Memory Usage: 3073kB
        ->  Hash Join  (cost=83810.17..140657.05 rows=39988 width=8) (actual time=1928.637..2475.399 rows=103074 loops=1)
              Hash Cond: (mc.movie_id = t.id)
              ->  Seq Scan on movie_companies mc  (cost=0.00..51404.11 rows=102368 width=4) (actual time=468.156..763.525 rows=103074 loops=1)
                    Filter: (company_id > 155747)
                    Rows Removed by Filter: 2506055
              ->  Hash  (cost=67604.59..67604.59 rows=987727 width=4) (actual time=1459.404..1459.404 rows=985048 loops=1)
                    Buckets: 131072  Batches: 16  Memory Usage: 3188kB
                    ->  Seq Scan on title t  (cost=0.00..67604.59 rows=987727 width=4) (actual time=0.021..1152.460 rows=985048 loops=1)
                          Filter: (kind_id < 7)
                          Rows Removed by Filter: 1543264
Planning time: 1.136 ms
Execution time: 3434.606 ms
