Seq Scan on cast_info ci  (cost=0.00..705507.15 rows=30268926 width=0) (actual time=0.024..13302.451 rows=30231473 loops=1)
  Filter: (person_id < 3046026)
  Rows Removed by Filter: 6012871
Planning time: 0.312 ms
Execution time: 16955.982 ms
