Hash Join  (cost=123217.09..200860.45 rows=188084 width=0) (actual time=2562.733..5015.921 rows=1537739 loops=1)
  Hash Cond: (mc.movie_id = t.id)
  ->  Seq Scan on movie_companies mc  (cost=0.00..44881.29 rows=2609129 width=4) (actual time=0.017..882.679 rows=2609129 loops=1)
  ->  Hash  (cost=120225.68..120225.68 rows=182273 width=8) (actual time=2561.950..2561.950 rows=414769 loops=1)
        Buckets: 131072 (originally 131072)  Batches: 8 (originally 4)  Memory Usage: 3073kB
        ->  Hash Join  (cost=79405.47..120225.68 rows=182273 width=8) (actual time=1344.767..2441.921 rows=414769 loops=1)
              Hash Cond: (mi_idx.movie_id = t.id)
              ->  Seq Scan on movie_info_idx mi_idx  (cost=0.00..21735.35 rows=1380035 width=4) (actual time=13.555..386.096 rows=1380035 loops=1)
              ->  Hash  (cost=73925.90..73925.90 rows=333965 width=4) (actual time=1320.647..1320.647 rows=411522 loops=1)
                    Buckets: 131072  Batches: 8  Memory Usage: 2841kB
                    ->  Seq Scan on title t  (cost=0.00..73925.90 rows=333965 width=4) (actual time=205.373..1195.352 rows=411522 loops=1)
                          Filter: ((production_year < 2004) AND (kind_id = 1))
                          Rows Removed by Filter: 2116790
Planning time: 1.215 ms
Execution time: 5160.761 ms
