Hash Join  (cost=709674.65..799635.84 rows=113 width=0) (actual time=12476.757..13120.547 rows=1 loops=1)
  Hash Cond: (mk.movie_id = t.id)
  ->  Seq Scan on movie_keyword mk  (cost=0.00..81003.12 rows=2388515 width=4) (actual time=0.026..1598.243 rows=2383784 loops=1)
        Filter: (keyword_id > 3991)
        Rows Removed by Filter: 2140146
  ->  Hash  (cost=709673.15..709673.15 rows=120 width=8) (actual time=11194.975..11194.975 rows=1 loops=1)
        Buckets: 1024  Batches: 1  Memory Usage: 9kB
        ->  Nested Loop  (cost=0.43..709673.15 rows=120 width=8) (actual time=4872.466..11194.932 rows=1 loops=1)
              ->  Seq Scan on cast_info ci  (cost=0.00..705507.15 rows=500 width=4) (actual time=4871.082..11185.913 rows=232 loops=1)
                    Filter: (person_id = 334256)
                    Rows Removed by Filter: 36244112
              ->  Index Scan using title_pkey on title t  (cost=0.43..8.32 rows=1 width=4) (actual time=0.038..0.038 rows=0 loops=232)
                    Index Cond: (id = ci.movie_id)
                    Filter: (production_year < 1986)
                    Rows Removed by Filter: 1
Planning time: 1.706 ms
Execution time: 13122.923 ms
