Hash Join  (cost=118516.23..977050.06 rows=545597 width=0) (actual time=2394.045..21737.767 rows=1156356 loops=1)
  Hash Cond: (ci.movie_id = t.id)
  ->  Seq Scan on cast_info ci  (cost=0.00..705507.15 rows=12726058 width=4) (actual time=0.016..14154.452 rows=12670688 loops=1)
        Filter: (role_id < 2)
        Rows Removed by Filter: 23573656
  ->  Hash  (cost=116737.18..116737.18 rows=108404 width=8) (actual time=2393.303..2393.303 rows=128424 loops=1)
        Buckets: 131072  Batches: 2  Memory Usage: 3532kB
        ->  Hash Join  (cost=77184.65..116737.18 rows=108404 width=8) (actual time=1273.730..2350.936 rows=128424 loops=1)
              Hash Cond: (mi_idx.movie_id = t.id)
              ->  Seq Scan on movie_info_idx mi_idx  (cost=0.00..21735.35 rows=1380035 width=4) (actual time=0.022..456.559 rows=1380035 loops=1)
              ->  Hash  (cost=73925.90..73925.90 rows=198620 width=4) (actual time=1272.978..1272.978 rows=182023 loops=1)
                    Buckets: 131072  Batches: 4  Memory Usage: 2629kB
                    ->  Seq Scan on title t  (cost=0.00..73925.90 rows=198620 width=4) (actual time=0.019..1212.223 rows=182023 loops=1)
                          Filter: ((kind_id < 3) AND (production_year > 2008))
                          Rows Removed by Filter: 2346289
Planning time: 1.125 ms
Execution time: 21885.408 ms
