Hash Join  (cost=98864.94..1401666.84 rows=21777872 width=0) (actual time=1972.161..40210.736 rows=21208450 loops=1)
  Hash Cond: (ci.movie_id = t.id)
  ->  Seq Scan on cast_info ci  (cost=0.00..614943.12 rows=36225612 width=4) (actual time=0.021..13806.888 rows=36244344 loops=1)
  ->  Hash  (cost=73925.90..73925.90 rows=1520083 width=4) (actual time=1970.711..1970.711 rows=1507233 loops=1)
        Buckets: 131072  Batches: 32  Memory Usage: 2679kB
        ->  Seq Scan on title t  (cost=0.00..73925.90 rows=1520083 width=4) (actual time=0.021..1476.649 rows=1507233 loops=1)
              Filter: ((kind_id > 1) AND (production_year < 2011))
              Rows Removed by Filter: 1021079
Planning time: 0.712 ms
Execution time: 42623.606 ms
