Hash Join  (cost=102767.86..1220724.01 rows=16730154 width=0) (actual time=1984.696..29796.720 rows=16846152 loops=1)
  Hash Cond: (ci.movie_id = t.id)
  ->  Seq Scan on cast_info ci  (cost=0.00..705507.15 rows=16730154 width=4) (actual time=0.015..13734.957 rows=16846152 loops=1)
        Filter: (person_id > 1941266)
        Rows Removed by Filter: 19398192
  ->  Hash  (cost=61283.27..61283.27 rows=2528527 width=4) (actual time=1982.952..1982.952 rows=2528312 loops=1)
        Buckets: 131072  Batches: 64  Memory Usage: 2415kB
        ->  Seq Scan on title t  (cost=0.00..61283.27 rows=2528527 width=4) (actual time=0.015..928.632 rows=2528312 loops=1)
Planning time: 0.683 ms
Execution time: 31656.971 ms
