Seq Scan on cast_info ci  (cost=0.00..796071.18 rows=11931623 width=0) (actual time=0.024..14766.814 rows=13489646 loops=1)
  Filter: ((person_id > 922267) AND (role_id > 2))
  Rows Removed by Filter: 22754698
Planning time: 0.314 ms
Execution time: 16335.658 ms
