Hash Join  (cost=215833.08..339843.91 rows=1157037 width=0) (actual time=4601.832..10962.573 rows=14081528 loops=1)
  Hash Cond: (mk.movie_id = t.id)
  ->  Seq Scan on movie_keyword mk  (cost=0.00..81003.12 rows=2286488 width=4) (actual time=0.018..1760.442 rows=2294087 loops=1)
        Filter: (keyword_id > 4588)
        Rows Removed by Filter: 2229843
  ->  Hash  (cost=194840.12..194840.12 rows=1279517 width=8) (actual time=4600.724..4600.724 rows=1274246 loops=1)
        Buckets: 131072  Batches: 32  Memory Usage: 2633kB
        ->  Hash Join  (cost=102767.86..194840.12 rows=1279517 width=8) (actual time=1839.859..4268.804 rows=1274246 loops=1)
              Hash Cond: (mc.movie_id = t.id)
              ->  Seq Scan on movie_companies mc  (cost=0.00..51404.11 rows=1279517 width=4) (actual time=0.012..1090.875 rows=1274246 loops=1)
                    Filter: (company_type_id < 2)
                    Rows Removed by Filter: 1334883
              ->  Hash  (cost=61283.27..61283.27 rows=2528527 width=4) (actual time=1837.685..1837.685 rows=2528312 loops=1)
                    Buckets: 131072  Batches: 64  Memory Usage: 2415kB
                    ->  Seq Scan on title t  (cost=0.00..61283.27 rows=2528527 width=4) (actual time=0.023..1014.329 rows=2528312 loops=1)
Planning time: 1.554 ms
Execution time: 12700.731 ms
