Seq Scan on cast_info ci  (cost=0.00..796071.18 rows=176 width=0) (actual time=4211.802..13171.433 rows=4 loops=1)
  Filter: ((role_id < 2) AND (person_id = 919869))
  Rows Removed by Filter: 36244340
Planning time: 0.377 ms
Execution time: 13171.581 ms
