Hash Join  (cost=217750.45..333037.28 rows=847466 width=0) (actual time=4783.722..9766.284 rows=10043095 loops=1)
  Hash Cond: (mk.movie_id = t.id)
  ->  Seq Scan on movie_keyword mk  (cost=0.00..81003.12 rows=1838145 width=4) (actual time=0.018..1572.681 rows=1846328 loops=1)
        Filter: (keyword_id < 3067)
        Rows Removed by Filter: 2677602
  ->  Hash  (cost=198624.42..198624.42 rows=1165762 width=8) (actual time=4781.881..4781.881 rows=1274246 loops=1)
        Buckets: 131072 (originally 131072)  Batches: 32 (originally 16)  Memory Usage: 3073kB
        ->  Hash Join  (cost=102767.86..198624.42 rows=1165762 width=8) (actual time=1840.276..4432.362 rows=1274246 loops=1)
              Hash Cond: (mc.movie_id = t.id)
              ->  Seq Scan on movie_companies mc  (cost=0.00..57926.93 rows=1165762 width=4) (actual time=0.014..1185.856 rows=1274246 loops=1)
                    Filter: ((company_id < 104552) AND (company_type_id < 2))
                    Rows Removed by Filter: 1334883
              ->  Hash  (cost=61283.27..61283.27 rows=2528527 width=4) (actual time=1839.253..1839.253 rows=2528312 loops=1)
                    Buckets: 131072  Batches: 64  Memory Usage: 2415kB
                    ->  Seq Scan on title t  (cost=0.00..61283.27 rows=2528527 width=4) (actual time=0.009..1008.917 rows=2528312 loops=1)
Planning time: 0.749 ms
Execution time: 10918.150 ms
