Seq Scan on cast_info ci  (cost=0.00..796071.18 rows=19394988 width=0) (actual time=1336.440..15722.958 rows=18261534 loops=1)
  Filter: ((person_id > 1373878) AND (role_id < 10))
  Rows Removed by Filter: 17982810
Planning time: 0.311 ms
Execution time: 17972.869 ms
