Hash Join  (cost=81573.24..213735.66 rows=833938 width=0) (actual time=1240.702..4809.675 rows=1253802 loops=1)
  Hash Cond: (mk.movie_id = t.id)
  ->  Seq Scan on movie_keyword mk  (cost=0.00..69693.30 rows=4523930 width=4) (actual time=0.008..1441.140 rows=4523930 loops=1)
  ->  Hash  (cost=73925.90..73925.90 rows=466107 width=4) (actual time=1239.649..1239.649 rows=396359 loops=1)
        Buckets: 131072  Batches: 8  Memory Usage: 2769kB
        ->  Seq Scan on title t  (cost=0.00..73925.90 rows=466107 width=4) (actual time=0.025..1113.728 rows=396359 loops=1)
              Filter: ((kind_id < 7) AND (production_year > 2003))
              Rows Removed by Filter: 2131953
Planning time: 0.737 ms
Execution time: 4941.476 ms
