Hash Join  (cost=102767.86..949328.03 rows=1687692 width=0) (actual time=5668.912..14328.071 rows=1545 loops=1)
  Hash Cond: (ci.movie_id = t.id)
  ->  Seq Scan on cast_info ci  (cost=0.00..796071.18 rows=1687692 width=4) (actual time=3743.675..12096.428 rows=1545 loops=1)
        Filter: ((person_id < 809920) AND (role_id = 2))
        Rows Removed by Filter: 36242799
  ->  Hash  (cost=61283.27..61283.27 rows=2528527 width=4) (actual time=1894.749..1894.749 rows=2528312 loops=1)
        Buckets: 131072  Batches: 64  Memory Usage: 2415kB
        ->  Seq Scan on title t  (cost=0.00..61283.27 rows=2528527 width=4) (actual time=0.020..1050.189 rows=2528312 loops=1)
Planning time: 0.726 ms
Execution time: 14328.370 ms
