Hash Join  (cost=92883.59..486626.96 rows=1337326 width=0) (actual time=1757.799..8808.879 rows=370692 loops=1)
  Hash Cond: (mi.movie_id = t.id)
  ->  Seq Scan on movie_info mi  (cost=0.00..346232.03 rows=2194617 width=4) (actual time=0.018..5404.020 rows=2233850 loops=1)
        Filter: (info_type_id > 16)
        Rows Removed by Filter: 12601870
  ->  Hash  (cost=67604.59..67604.59 rows=1540800 width=4) (actual time=1757.036..1757.036 rows=1543264 loops=1)
        Buckets: 131072  Batches: 32  Memory Usage: 2728kB
        ->  Seq Scan on title t  (cost=0.00..67604.59 rows=1540800 width=4) (actual time=0.017..1257.929 rows=1543264 loops=1)
              Filter: (kind_id = 7)
              Rows Removed by Filter: 985048
Planning time: 0.699 ms
Execution time: 8850.086 ms
