Nested Loop  (cost=0.43..799380.35 rows=396 width=0) (actual time=6977.489..14339.665 rows=8 loops=1)
  ->  Seq Scan on cast_info ci  (cost=0.00..796071.18 rows=396 width=4) (actual time=6977.317..14339.276 rows=8 loops=1)
        Filter: ((role_id < 8) AND (person_id = 1674974))
        Rows Removed by Filter: 36244336
  ->  Index Only Scan using title_pkey on title t  (cost=0.43..8.35 rows=1 width=4) (actual time=0.032..0.032 rows=1 loops=8)
        Index Cond: (id = ci.movie_id)
        Heap Fetches: 8
Planning time: 0.784 ms
Execution time: 14339.763 ms
