Hash Join  (cost=471295.91..1581216.25 rows=7409620 width=0) (actual time=8707.194..39538.207 rows=4971223 loops=1)
  Hash Cond: (ci.movie_id = t.id)
  ->  Seq Scan on cast_info ci  (cost=0.00..614943.12 rows=36225612 width=4) (actual time=0.021..12798.329 rows=36244344 loops=1)
  ->  Hash  (cost=462810.08..462810.08 rows=517187 width=8) (actual time=8706.261..8706.261 rows=142365 loops=1)
        Buckets: 131072  Batches: 8  Memory Usage: 1708kB
        ->  Hash Join  (cost=83702.37..462810.08 rows=517187 width=8) (actual time=1563.180..8662.512 rows=142365 loops=1)
              Hash Cond: (mi.movie_id = t.id)
              ->  Seq Scan on movie_info mi  (cost=0.00..346232.03 rows=2194617 width=4) (actual time=0.045..5497.749 rows=2233850 loops=1)
                    Filter: (info_type_id > 16)
                    Rows Removed by Filter: 12601870
              ->  Hash  (cost=73925.90..73925.90 rows=595877 width=4) (actual time=1562.264..1562.264 rows=651538 loops=1)
                    Buckets: 131072  Batches: 8  Memory Usage: 3893kB
                    ->  Seq Scan on title t  (cost=0.00..73925.90 rows=595877 width=4) (actual time=0.012..1346.260 rows=651538 loops=1)
                          Filter: ((kind_id > 3) AND (production_year > 2006))
                          Rows Removed by Filter: 1876774
Planning time: 1.170 ms
Execution time: 40154.806 ms
