Hash Join  (cost=583046.46..1922710.38 rows=24623890 width=0) (actual time=11172.807..51360.560 rows=40182819 loops=1)
  Hash Cond: (ci.movie_id = t.id)
  ->  Seq Scan on cast_info ci  (cost=0.00..796071.18 rows=20292775 width=4) (actual time=0.026..18397.418 rows=18595270 loops=1)
        Filter: ((person_id < 3172671) AND (role_id > 1))
        Rows Removed by Filter: 17649074
  ->  Hash  (cost=532708.04..532708.04 rows=3068194 width=8) (actual time=11171.604..11171.604 rows=3036719 loops=1)
        Buckets: 131072  Batches: 64  Memory Usage: 2881kB
        ->  Hash Join  (cost=102767.86..532708.04 rows=3068194 width=8) (actual time=5596.404..10251.626 rows=3036719 loops=1)
              Hash Cond: (mi.movie_id = t.id)
              ->  Seq Scan on movie_info mi  (cost=0.00..346232.03 rows=3068194 width=4) (actual time=3689.856..5365.613 rows=3036719 loops=1)
                    Filter: (info_type_id = 16)
                    Rows Removed by Filter: 11799001
              ->  Hash  (cost=61283.27..61283.27 rows=2528527 width=4) (actual time=1905.172..1905.172 rows=2528312 loops=1)
                    Buckets: 131072  Batches: 64  Memory Usage: 2425kB
                    ->  Seq Scan on title t  (cost=0.00..61283.27 rows=2528527 width=4) (actual time=0.015..1049.911 rows=2528312 loops=1)
Planning time: 1.278 ms
Execution time: 55942.610 ms
