Hash Join  (cost=83074.04..109985.02 rows=50 width=0) (actual time=1385.605..1955.271 rows=2309 loops=1)
  Hash Cond: (mi_idx.movie_id = t.id)
  ->  Seq Scan on movie_info_idx mi_idx  (cost=0.00..21735.35 rows=1380035 width=4) (actual time=0.013..307.745 rows=1380035 loops=1)
  ->  Hash  (cost=83072.90..83072.90 rows=91 width=8) (actual time=1385.332..1385.332 rows=809 loops=1)
        Buckets: 1024  Batches: 1  Memory Usage: 40kB
        ->  Nested Loop  (cost=0.43..83072.90 rows=91 width=8) (actual time=2.869..1384.672 rows=809 loops=1)
              ->  Seq Scan on movie_keyword mk  (cost=0.00..81003.12 rows=246 width=4) (actual time=2.828..1339.199 rows=923 loops=1)
                    Filter: (keyword_id = 5961)
                    Rows Removed by Filter: 4523007
              ->  Index Scan using title_pkey on title t  (cost=0.43..8.40 rows=1 width=4) (actual time=0.047..0.048 rows=1 loops=923)
                    Index Cond: (id = mk.movie_id)
                    Filter: ((kind_id < 7) AND (production_year < 2013))
                    Rows Removed by Filter: 0
Planning time: 1.185 ms
Execution time: 1955.838 ms
