Seq Scan on title t  (cost=0.00..73925.90 rows=29861 width=94) (actual time=377.713..1426.861 rows=17772 loops=1)
  Filter: ((kind_id = 1) AND (production_year = 2007))
  Rows Removed by Filter: 2510540
Planning time: 0.599 ms
Execution time: 1427.959 ms
