Hash Join  (cost=67336.37..818290.58 rows=16504 width=0) (actual time=803.558..16570.399 rows=202591 loops=1)
  Hash Cond: (ci.movie_id = t.id)
  ->  Seq Scan on cast_info ci  (cost=0.00..614943.12 rows=36225612 width=4) (actual time=0.023..8222.302 rows=36244344 loops=1)
  ->  Hash  (cost=67321.97..67321.97 rows=1152 width=8) (actual time=803.311..803.311 rows=3139 loops=1)
        Buckets: 4096 (originally 2048)  Batches: 1 (originally 1)  Memory Usage: 155kB
        ->  Nested Loop  (cost=0.43..67321.97 rows=1152 width=8) (actual time=68.582..801.586 rows=3139 loops=1)
              ->  Seq Scan on movie_companies mc  (cost=0.00..57926.93 rows=1152 width=4) (actual time=57.861..731.384 rows=3139 loops=1)
                    Filter: ((company_id = 452) AND (company_type_id = 1))
                    Rows Removed by Filter: 2605990
              ->  Index Only Scan using title_pkey on title t  (cost=0.43..8.15 rows=1 width=4) (actual time=0.021..0.022 rows=1 loops=3139)
                    Index Cond: (id = mc.movie_id)
                    Heap Fetches: 3139
Planning time: 2.645 ms
Execution time: 16602.468 ms
