Hash Join  (cost=138229.65..523893.54 rows=299115 width=0) (actual time=4561.643..9811.078 rows=252744 loops=1)
  Hash Cond: (mi.movie_id = t.id)
  ->  Seq Scan on movie_info mi  (cost=0.00..346232.03 rows=3068194 width=4) (actual time=1641.544..5555.329 rows=3036719 loops=1)
        Filter: (info_type_id = 16)
        Rows Removed by Filter: 11799001
  ->  Hash  (cost=134185.36..134185.36 rows=246503 width=8) (actual time=2919.150..2919.150 rows=136062 loops=1)
        Buckets: 131072  Batches: 4  Memory Usage: 2355kB
        ->  Hash Join  (cost=95920.39..134185.36 rows=246503 width=8) (actual time=2147.107..2873.997 rows=136062 loops=1)
              Hash Cond: (mi_idx.movie_id = t.id)
              ->  Seq Scan on movie_info_idx mi_idx  (cost=0.00..25185.44 rows=464934 width=4) (actual time=0.055..497.060 rows=460185 loops=1)
                    Filter: (info_type_id > 100)
                    Rows Removed by Filter: 919850
              ->  Hash  (cost=73925.90..73925.90 rows=1340599 width=4) (actual time=1873.539..1873.539 rows=1418280 loops=1)
                    Buckets: 131072  Batches: 32  Memory Usage: 2584kB
                    ->  Seq Scan on title t  (cost=0.00..73925.90 rows=1340599 width=4) (actual time=0.016..1435.217 rows=1418280 loops=1)
                          Filter: ((production_year > 1961) AND (kind_id = 7))
                          Rows Removed by Filter: 1110032
Planning time: 1.148 ms
Execution time: 9842.851 ms
