Nested Loop  (cost=40199.63..416858.15 rows=6492 width=0) (actual time=1430.785..8281.177 rows=292818 loops=1)
  Join Filter: (mi.movie_id = t.id)
  ->  Hash Join  (cost=40199.20..393640.77 rows=35357 width=8) (actual time=1430.689..6445.765 rows=292818 loops=1)
        Hash Cond: (mi.movie_id = mi_idx.movie_id)
        ->  Seq Scan on movie_info mi  (cost=0.00..346232.03 rows=17937 width=4) (actual time=570.004..5289.203 rows=147487 loops=1)
              Filter: (info_type_id = 107)
              Rows Removed by Filter: 14688233
        ->  Hash  (cost=25185.44..25185.44 rows=915101 width=4) (actual time=834.455..834.455 rows=919850 loops=1)
              Buckets: 131072  Batches: 16  Memory Usage: 3057kB
              ->  Seq Scan on movie_info_idx mi_idx  (cost=0.00..25185.44 rows=915101 width=4) (actual time=0.030..552.226 rows=919850 loops=1)
                    Filter: (info_type_id < 101)
                    Rows Removed by Filter: 460185
  ->  Index Only Scan using title_pkey on title t  (cost=0.43..0.64 rows=1 width=4) (actual time=0.005..0.006 rows=1 loops=292818)
        Index Cond: (id = mi_idx.movie_id)
        Heap Fetches: 292818
Planning time: 3.947 ms
Execution time: 8327.521 ms
