Hash Join  (cost=102767.86..1354041.54 rows=18506985 width=0) (actual time=1912.760..31546.375 rows=15853756 loops=1)
  Hash Cond: (ci.movie_id = t.id)
  ->  Seq Scan on cast_info ci  (cost=0.00..796071.18 rows=18506985 width=4) (actual time=0.019..16749.781 rows=15853756 loops=1)
        Filter: ((person_id < 2904902) AND (role_id > 1))
        Rows Removed by Filter: 20390588
  ->  Hash  (cost=61283.27..61283.27 rows=2528527 width=4) (actual time=1911.028..1911.028 rows=2528312 loops=1)
        Buckets: 131072  Batches: 64  Memory Usage: 2415kB
        ->  Seq Scan on title t  (cost=0.00..61283.27 rows=2528527 width=4) (actual time=0.014..1068.483 rows=2528312 loops=1)
Planning time: 0.774 ms
Execution time: 33325.118 ms
