Seq Scan on movie_keyword mk  (cost=0.00..81003.12 rows=246 width=0) (actual time=90.198..1246.123 rows=9 loops=1)
  Filter: (keyword_id = 78537)
  Rows Removed by Filter: 4523921
Planning time: 0.383 ms
Execution time: 1246.218 ms
