Hash Join  (cost=52284.99..416946.98 rows=606 width=0) (actual time=873.807..7668.124 rows=4958 loops=1)
  Hash Cond: (mi.movie_id = t.id)
  ->  Seq Scan on movie_info mi  (cost=0.00..309384.22 rows=14739122 width=4) (actual time=0.020..4168.111 rows=14835720 loops=1)
  ->  Hash  (cost=52283.69..52283.69 rows=104 width=8) (actual time=809.543..809.543 rows=391 loops=1)
        Buckets: 1024  Batches: 1  Memory Usage: 24kB
        ->  Nested Loop  (cost=0.43..52283.69 rows=104 width=8) (actual time=91.113..809.373 rows=391 loops=1)
              ->  Seq Scan on movie_companies mc  (cost=0.00..51404.11 rows=104 width=4) (actual time=91.017..794.532 rows=391 loops=1)
                    Filter: (company_id = 72093)
                    Rows Removed by Filter: 2608738
              ->  Index Only Scan using title_pkey on title t  (cost=0.43..8.45 rows=1 width=4) (actual time=0.037..0.037 rows=1 loops=391)
                    Index Cond: (id = mc.movie_id)
                    Heap Fetches: 391
Planning time: 1.163 ms
Execution time: 7668.934 ms
