Hash Join  (cost=83074.74..109986.57 rows=134 width=0) (actual time=1374.498..1958.185 rows=4709 loops=1)
  Hash Cond: (mi_idx.movie_id = t.id)
  ->  Seq Scan on movie_info_idx mi_idx  (cost=0.00..21735.35 rows=1380035 width=4) (actual time=0.027..309.430 rows=1380035 loops=1)
  ->  Hash  (cost=83071.67..83071.67 rows=246 width=8) (actual time=1374.238..1374.238 rows=2039 loops=1)
        Buckets: 2048 (originally 1024)  Batches: 1 (originally 1)  Memory Usage: 96kB
        ->  Nested Loop  (cost=0.43..83071.67 rows=246 width=8) (actual time=0.660..1372.744 rows=2039 loops=1)
              ->  Seq Scan on movie_keyword mk  (cost=0.00..81003.12 rows=246 width=4) (actual time=0.593..1304.824 rows=2039 loops=1)
                    Filter: (keyword_id = 2484)
                    Rows Removed by Filter: 4521891
              ->  Index Only Scan using title_pkey on title t  (cost=0.43..8.40 rows=1 width=4) (actual time=0.032..0.032 rows=1 loops=2039)
                    Index Cond: (id = mk.movie_id)
                    Heap Fetches: 2039
Planning time: 2.101 ms
Execution time: 1959.043 ms
