Seq Scan on movie_companies mc  (cost=0.00..57926.93 rows=53 width=0) (actual time=26.653..883.193 rows=314 loops=1)
  Filter: ((company_type_id > 1) AND (company_id = 17643))
  Rows Removed by Filter: 2608815
Planning time: 0.383 ms
Execution time: 883.409 ms
