Seq Scan on movie_keyword mk  (cost=0.00..81003.12 rows=954099 width=0) (actual time=0.023..1367.377 rows=955113 loops=1)
  Filter: (keyword_id < 895)
  Rows Removed by Filter: 3568817
Planning time: 0.326 ms
Execution time: 1487.888 ms
