Seq Scan on movie_keyword mk  (cost=0.00..81003.12 rows=1135687 width=0) (actual time=0.026..1485.017 rows=1143780 loops=1)
  Filter: (keyword_id < 1302)
  Rows Removed by Filter: 3380150
Planning time: 0.303 ms
Execution time: 1625.468 ms
