Hash Join  (cost=417502.74..1170756.96 rows=246507 width=0) (actual time=6521.688..24891.021 rows=711640 loops=1)
  Hash Cond: (ci.movie_id = t.id)
  ->  Seq Scan on cast_info ci  (cost=0.00..614943.12 rows=36225612 width=4) (actual time=0.030..9128.401 rows=36244344 loops=1)
  ->  Hash  (cost=417287.66..417287.66 rows=17206 width=8) (actual time=6520.914..6520.914 rows=20558 loops=1)
        Buckets: 32768  Batches: 1  Memory Usage: 1060kB
        ->  Hash Join  (cost=68438.72..417287.66 rows=17206 width=8) (actual time=1783.027..6512.892 rows=20558 loops=1)
              Hash Cond: (mi.movie_id = t.id)
              ->  Seq Scan on movie_info mi  (cost=0.00..346232.03 rows=651960 width=4) (actual time=696.274..5262.816 rows=660923 loops=1)
                    Filter: (info_type_id = 18)
                    Rows Removed by Filter: 14174797
              ->  Hash  (cost=67604.59..67604.59 rows=66731 width=4) (actual time=1085.713..1085.713 rows=67342 loops=1)
                    Buckets: 131072  Batches: 1  Memory Usage: 3392kB
                    ->  Seq Scan on title t  (cost=0.00..67604.59 rows=66731 width=4) (actual time=0.026..1055.718 rows=67342 loops=1)
                          Filter: (production_year > 2012)
                          Rows Removed by Filter: 2460970
Planning time: 5.177 ms
Execution time: 24992.424 ms
