Hash Join  (cost=502336.54..1405408.66 rows=5223697 width=0) (actual time=9705.641..36609.312 rows=22207997 loops=1)
  Hash Cond: (ci.movie_id = t.id)
  ->  Seq Scan on cast_info ci  (cost=0.00..705507.15 rows=12203201 width=4) (actual time=0.008..14626.930 rows=12113646 loops=1)
        Filter: (role_id > 3)
        Rows Removed by Filter: 24130698
  ->  Hash  (cost=484579.04..484579.04 rows=1082360 width=8) (actual time=9704.621..9704.621 rows=1182342 loops=1)
        Buckets: 131072  Batches: 16  Memory Usage: 3941kB
        ->  Hash Join  (cost=88560.69..484579.04 rows=1082360 width=8) (actual time=5698.795..9357.976 rows=1182342 loops=1)
              Hash Cond: (mi.movie_id = t.id)
              ->  Seq Scan on movie_info mi  (cost=0.00..346232.03 rows=3068194 width=4) (actual time=4213.443..5971.448 rows=3036719 loops=1)
                    Filter: (info_type_id = 16)
                    Rows Removed by Filter: 11799001
              ->  Hash  (cost=73925.90..73925.90 rows=891983 width=4) (actual time=1484.118..1484.118 rows=807055 loops=1)
                    Buckets: 131072  Batches: 16  Memory Usage: 2808kB
                    ->  Seq Scan on title t  (cost=0.00..73925.90 rows=891983 width=4) (actual time=0.035..1227.114 rows=807055 loops=1)
                          Filter: ((kind_id < 7) AND (production_year > 1952))
                          Rows Removed by Filter: 1721257
Planning time: 1.264 ms
Execution time: 38817.747 ms
