Hash Join  (cost=86534.07..131422.88 rows=419433 width=0) (actual time=1748.043..2794.566 rows=202476 loops=1)
  Hash Cond: (mi_idx.movie_id = t.id)
  ->  Seq Scan on movie_info_idx mi_idx  (cost=0.00..21735.35 rows=1380035 width=4) (actual time=0.025..470.586 rows=1380035 loops=1)
  ->  Hash  (cost=73925.90..73925.90 rows=768493 width=4) (actual time=1544.975..1544.975 rows=840010 loops=1)
        Buckets: 131072  Batches: 16  Memory Usage: 2877kB
        ->  Seq Scan on title t  (cost=0.00..73925.90 rows=768493 width=4) (actual time=0.020..1271.677 rows=840010 loops=1)
              Filter: ((production_year > 2002) AND (kind_id = 7))
              Rows Removed by Filter: 1688302
Planning time: 0.775 ms
Execution time: 2817.806 ms
