Hash Join  (cost=123871.12..252236.71 rows=522255 width=0) (actual time=2624.772..5966.782 rows=919451 loops=1)
  Hash Cond: (mk.movie_id = t.id)
  ->  Seq Scan on movie_keyword mk  (cost=0.00..69693.30 rows=4523930 width=4) (actual time=0.009..1423.772 rows=4523930 loops=1)
  ->  Hash  (cost=119081.37..119081.37 rows=291900 width=8) (actual time=2623.985..2623.985 rows=192209 loops=1)
        Buckets: 131072  Batches: 4  Memory Usage: 2902kB
        ->  Hash Join  (cost=76379.89..119081.37 rows=291900 width=8) (actual time=1543.422..2574.671 rows=192209 loops=1)
              Hash Cond: (mi_idx.movie_id = t.id)
              ->  Seq Scan on movie_info_idx mi_idx  (cost=0.00..21735.35 rows=1380035 width=4) (actual time=0.022..406.732 rows=1380035 loops=1)
              ->  Hash  (cost=67604.59..67604.59 rows=534824 width=4) (actual time=1542.683..1542.683 rows=533369 loops=1)
                    Buckets: 131072  Batches: 8  Memory Usage: 3369kB
                    ->  Seq Scan on title t  (cost=0.00..67604.59 rows=534824 width=4) (actual time=0.013..1106.103 rows=533369 loops=1)
                          Filter: (production_year > 2009)
                          Rows Removed by Filter: 1994943
Planning time: 0.739 ms
Execution time: 6082.861 ms
