Seq Scan on movie_info mi  (cost=0.00..346232.03 rows=17937 width=0) (actual time=4235.671..5683.752 rows=30180 loops=1)
  Filter: (info_type_id = 110)
  Rows Removed by Filter: 14805540
Planning time: 4.943 ms
Execution time: 5688.025 ms
