Hash Join  (cost=180151.50..1321897.60 rows=10507794 width=0) (actual time=4755.595..47372.829 rows=47555490 loops=1)
  Hash Cond: (ci.movie_id = t.id)
  ->  Seq Scan on cast_info ci  (cost=0.00..614943.12 rows=36225612 width=4) (actual time=0.024..13667.404 rows=36244344 loops=1)
  ->  Hash  (cost=168118.52..168118.52 rows=733438 width=8) (actual time=4754.337..4754.337 rows=1552109 loops=1)
        Buckets: 131072 (originally 131072)  Batches: 32 (originally 16)  Memory Usage: 3073kB
        ->  Hash Join  (cost=83810.17..168118.52 rows=733438 width=8) (actual time=1568.183..4288.571 rows=1552109 loops=1)
              Hash Cond: (mc.movie_id = t.id)
              ->  Seq Scan on movie_companies mc  (cost=0.00..51404.11 rows=1877561 width=4) (actual time=0.019..1128.081 rows=1883116 loops=1)
                    Filter: (company_id > 1408)
                    Rows Removed by Filter: 726013
              ->  Hash  (cost=67604.59..67604.59 rows=987727 width=4) (actual time=1566.852..1566.852 rows=985048 loops=1)
                    Buckets: 131072  Batches: 16  Memory Usage: 3188kB
                    ->  Seq Scan on title t  (cost=0.00..67604.59 rows=987727 width=4) (actual time=0.021..1252.561 rows=985048 loops=1)
                          Filter: (kind_id < 7)
                          Rows Removed by Filter: 1543264
Planning time: 1.165 ms
Execution time: 52263.488 ms
