Hash Join  (cost=107308.20..1034198.87 rows=9061668 width=0) (actual time=2260.982..24970.959 rows=9241902 loops=1)
  Hash Cond: (ci.movie_id = t.id)
  ->  Seq Scan on cast_info ci  (cost=0.00..705507.15 rows=9468168 width=4) (actual time=0.015..14312.398 rows=9384703 loops=1)
        Filter: (role_id > 4)
        Rows Removed by Filter: 26859641
  ->  Hash  (cost=67604.59..67604.59 rows=2419969 width=4) (actual time=2258.241..2258.241 rows=2413398 loops=1)
        Buckets: 131072  Batches: 32  Memory Usage: 3676kB
        ->  Seq Scan on title t  (cost=0.00..67604.59 rows=2419969 width=4) (actual time=0.015..1487.626 rows=2413398 loops=1)
              Filter: (production_year > 1912)
              Rows Removed by Filter: 114914
Planning time: 0.809 ms
Execution time: 26092.646 ms
