Hash Join  (cost=107805.47..198702.48 rows=1288483 width=0) (actual time=2630.819..4693.295 rows=1307295 loops=1)
  Hash Cond: (mc.movie_id = t.id)
  ->  Seq Scan on movie_companies mc  (cost=0.00..51404.11 rows=1329612 width=4) (actual time=401.921..1015.228 rows=1334883 loops=1)
        Filter: (company_type_id = 2)
        Rows Removed by Filter: 1274246
  ->  Hash  (cost=67604.59..67604.59 rows=2450311 width=4) (actual time=2227.482..2227.482 rows=2448530 loops=1)
        Buckets: 131072  Batches: 64  Memory Usage: 2371kB
        ->  Seq Scan on title t  (cost=0.00..67604.59 rows=2450311 width=4) (actual time=0.020..1434.842 rows=2448530 loops=1)
              Filter: (production_year > 1900)
              Rows Removed by Filter: 79782
Planning time: 0.797 ms
Execution time: 4847.723 ms
