Hash Join  (cost=102767.86..1539836.31 rows=26228263 width=0) (actual time=1992.223..46232.109 rows=28310040 loops=1)
  Hash Cond: (ci.movie_id = t.id)
  ->  Seq Scan on cast_info ci  (cost=0.00..796071.18 rows=26228263 width=4) (actual time=0.020..20085.437 rows=28310040 loops=1)
        Filter: ((person_id < 3032101) AND (role_id < 10))
        Rows Removed by Filter: 7934304
  ->  Hash  (cost=61283.27..61283.27 rows=2528527 width=4) (actual time=1991.539..1991.539 rows=2528312 loops=1)
        Buckets: 131072  Batches: 64  Memory Usage: 2415kB
        ->  Seq Scan on title t  (cost=0.00..61283.27 rows=2528527 width=4) (actual time=0.008..1139.003 rows=2528312 loops=1)
Planning time: 0.753 ms
Execution time: 49310.950 ms
