Seq Scan on title t  (cost=0.00..73925.90 rows=443724 width=0) (actual time=0.016..1314.719 rows=536860 loops=1)
  Filter: ((kind_id < 7) AND (production_year < 2002))
  Rows Removed by Filter: 1991452
Planning time: 0.367 ms
Execution time: 1386.330 ms
