Hash Join  (cost=84171.54..1209878.34 rows=8946363 width=0) (actual time=1415.288..33184.229 rows=6756921 loops=1)
  Hash Cond: (ci.movie_id = t.id)
  ->  Seq Scan on cast_info ci  (cost=0.00..614943.12 rows=36225612 width=4) (actual time=0.018..13520.306 rows=36244344 loops=1)
  ->  Hash  (cost=73925.90..73925.90 rows=624451 width=4) (actual time=1413.810..1413.810 rows=521141 loops=1)
        Buckets: 131072  Batches: 16  Memory Usage: 2168kB
        ->  Seq Scan on title t  (cost=0.00..73925.90 rows=624451 width=4) (actual time=0.015..1236.194 rows=521141 loops=1)
              Filter: ((production_year < 2000) AND (kind_id = 7))
              Rows Removed by Filter: 2007171
Planning time: 0.529 ms
Execution time: 33947.352 ms
