Hash Join  (cost=75671.40..432024.68 rows=34062 width=0) (actual time=4114.549..6527.846 rows=74111 loops=1)
  Hash Cond: (mi.movie_id = t.id)
  ->  Seq Scan on movie_info mi  (cost=0.00..346232.03 rows=809768 width=4) (actual time=2604.620..4856.097 rows=802140 loops=1)
        Filter: (info_type_id < 2)
        Rows Removed by Filter: 14033580
  ->  Hash  (cost=73925.90..73925.90 rows=106360 width=4) (actual time=1322.252..1322.252 rows=117920 loops=1)
        Buckets: 131072  Batches: 2  Memory Usage: 3101kB
        ->  Seq Scan on title t  (cost=0.00..73925.90 rows=106360 width=4) (actual time=0.043..1278.925 rows=117920 loops=1)
              Filter: ((production_year > 1929) AND (kind_id = 4))
              Rows Removed by Filter: 2410392
Planning time: 0.705 ms
Execution time: 6537.590 ms
