Hash Join  (cost=102767.86..1199838.12 rows=12098528 width=0) (actual time=1907.992..33001.248 rows=11440217 loops=1)
  Hash Cond: (ci.movie_id = t.id)
  ->  Seq Scan on cast_info ci  (cost=0.00..796071.18 rows=12098528 width=4) (actual time=0.018..17910.290 rows=11440217 loops=1)
        Filter: ((person_id > 170567) AND (role_id < 2))
        Rows Removed by Filter: 24804127
  ->  Hash  (cost=61283.27..61283.27 rows=2528527 width=4) (actual time=1906.506..1906.506 rows=2528312 loops=1)
        Buckets: 131072  Batches: 64  Memory Usage: 2415kB
        ->  Seq Scan on title t  (cost=0.00..61283.27 rows=2528527 width=4) (actual time=0.020..1095.083 rows=2528312 loops=1)
Planning time: 0.843 ms
Execution time: 34351.742 ms
