Hash Join  (cost=82778.48..165503.66 rows=556766 width=0) (actual time=1430.850..3648.761 rows=320370 loops=1)
  Hash Cond: (mc.movie_id = t.id)
  ->  Seq Scan on movie_companies mc  (cost=0.00..44881.29 rows=2609129 width=4) (actual time=0.023..850.362 rows=2609129 loops=1)
  ->  Hash  (cost=73925.90..73925.90 rows=539566 width=4) (actual time=1430.073..1430.073 rows=428248 loops=1)
        Buckets: 131072  Batches: 8  Memory Usage: 2890kB
        ->  Seq Scan on title t  (cost=0.00..73925.90 rows=539566 width=4) (actual time=317.447..1291.888 rows=428248 loops=1)
              Filter: ((production_year < 1997) AND (kind_id = 7))
              Rows Removed by Filter: 2100064
Planning time: 0.820 ms
Execution time: 3688.415 ms
