Hash Join  (cost=102767.86..1163573.77 rows=10591430 width=0) (actual time=8302.492..24642.094 rows=8352670 loops=1)
  Hash Cond: (ci.movie_id = t.id)
  ->  Seq Scan on cast_info ci  (cost=0.00..796071.18 rows=10591430 width=4) (actual time=6523.296..15642.341 rows=8352670 loops=1)
        Filter: ((person_id > 578182) AND (role_id = 1))
        Rows Removed by Filter: 27891674
  ->  Hash  (cost=61283.27..61283.27 rows=2528527 width=4) (actual time=1778.168..1778.168 rows=2528312 loops=1)
        Buckets: 131072  Batches: 64  Memory Usage: 2415kB
        ->  Seq Scan on title t  (cost=0.00..61283.27 rows=2528527 width=4) (actual time=0.011..963.890 rows=2528312 loops=1)
Planning time: 2.229 ms
Execution time: 25586.794 ms
