Hash Join  (cost=78931.38..119480.93 rows=166507 width=0) (actual time=1668.352..2316.684 rows=68952 loops=1)
  Hash Cond: (mi_idx.movie_id = t.id)
  ->  Seq Scan on movie_info_idx mi_idx  (cost=0.00..21735.35 rows=1380035 width=4) (actual time=0.020..492.348 rows=1380035 loops=1)
  ->  Hash  (cost=73925.90..73925.90 rows=305078 width=4) (actual time=1259.490..1259.490 rows=193383 loops=1)
        Buckets: 131072  Batches: 4  Memory Usage: 2718kB
        ->  Seq Scan on title t  (cost=0.00..73925.90 rows=305078 width=4) (actual time=306.638..1195.019 rows=193383 loops=1)
              Filter: ((production_year < 1979) AND (kind_id = 7))
              Rows Removed by Filter: 2334929
Planning time: 0.784 ms
Execution time: 2324.428 ms
