Hash Join  (cost=102767.86..1621487.26 rows=33385246 width=0) (actual time=1901.570..45678.335 rows=33354128 loops=1)
  Hash Cond: (ci.movie_id = t.id)
  ->  Seq Scan on cast_info ci  (cost=0.00..705507.15 rows=33385246 width=4) (actual time=0.014..16519.008 rows=33354128 loops=1)
        Filter: (person_id < 3519126)
        Rows Removed by Filter: 2890216
  ->  Hash  (cost=61283.27..61283.27 rows=2528527 width=4) (actual time=1899.892..1899.892 rows=2528312 loops=1)
        Buckets: 131072  Batches: 64  Memory Usage: 2415kB
        ->  Seq Scan on title t  (cost=0.00..61283.27 rows=2528527 width=4) (actual time=0.013..1041.504 rows=2528312 loops=1)
Planning time: 1.369 ms
Execution time: 49421.759 ms
