Hash Join  (cost=158114.44..911610.44 rows=26615 width=0) (actual time=2470.060..18094.552 rows=95234 loops=1)
  Hash Cond: (ci.movie_id = t.id)
  ->  Seq Scan on cast_info ci  (cost=0.00..705507.15 rows=12726058 width=4) (actual time=0.107..13427.274 rows=12670688 loops=1)
        Filter: (role_id = 1)
        Rows Removed by Filter: 23573656
  ->  Hash  (cost=158048.34..158048.34 rows=5288 width=8) (actual time=2469.516..2469.516 rows=6039 loops=1)
        Buckets: 8192  Batches: 1  Memory Usage: 300kB
        ->  Hash Join  (cost=74146.12..158048.34 rows=5288 width=8) (actual time=966.213..2466.899 rows=6039 loops=1)
              Hash Cond: (mk.movie_id = t.id)
              ->  Seq Scan on movie_keyword mk  (cost=0.00..81003.12 rows=758990 width=4) (actual time=0.012..1356.469 rows=765119 loops=1)
                    Filter: (keyword_id > 24436)
                    Rows Removed by Filter: 3758811
              ->  Hash  (cost=73925.90..73925.90 rows=17617 width=4) (actual time=965.828..965.828 rows=22021 loops=1)
                    Buckets: 32768  Batches: 1  Memory Usage: 1031kB
                    ->  Seq Scan on title t  (cost=0.00..73925.90 rows=17617 width=4) (actual time=213.185..957.126 rows=22021 loops=1)
                          Filter: ((production_year > 2012) AND (kind_id = 1))
                          Rows Removed by Filter: 2506291
Planning time: 13.842 ms
Execution time: 18108.899 ms
