Hash Join  (cost=28270.41..114933.72 rows=528 width=0) (actual time=469.610..2170.124 rows=26513 loops=1)
  Hash Cond: (mk.movie_id = t.id)
  ->  Seq Scan on movie_keyword mk  (cost=0.00..69693.30 rows=4523930 width=4) (actual time=0.011..932.231 rows=4523930 loops=1)
  ->  Hash  (cost=28266.72..28266.72 rows=295 width=8) (actual time=465.385..465.385 rows=168 loops=1)
        Buckets: 1024  Batches: 1  Memory Usage: 15kB
        ->  Nested Loop  (cost=0.43..28266.72 rows=295 width=8) (actual time=230.441..465.278 rows=168 loops=1)
              ->  Seq Scan on movie_info_idx mi_idx  (cost=0.00..25185.44 rows=368 width=4) (actual time=230.363..437.558 rows=260 loops=1)
                    Filter: (info_type_id > 101)
                    Rows Removed by Filter: 1379775
              ->  Index Scan using title_pkey on title t  (cost=0.43..8.36 rows=1 width=4) (actual time=0.106..0.106 rows=1 loops=260)
                    Index Cond: (id = mi_idx.movie_id)
                    Filter: (production_year > 1974)
                    Rows Removed by Filter: 0
Planning time: 0.936 ms
Execution time: 2173.663 ms
