Seq Scan on cast_info ci  (cost=0.00..796071.18 rows=2828479 width=0) (actual time=0.020..13919.473 rows=3838870 loops=1)
  Filter: ((person_id > 1226474) AND (role_id = 10))
  Rows Removed by Filter: 32405474
Planning time: 0.283 ms
Execution time: 14354.784 ms
