Hash Join  (cost=81055.23..162286.32 rows=448357 width=0) (actual time=1609.870..3416.248 rows=275756 loops=1)
  Hash Cond: (mc.movie_id = t.id)
  ->  Seq Scan on movie_companies mc  (cost=0.00..44881.29 rows=2609129 width=4) (actual time=0.016..886.078 rows=2609129 loops=1)
  ->  Hash  (cost=73925.90..73925.90 rows=434506 width=4) (actual time=1299.888..1299.888 rows=315167 loops=1)
        Buckets: 131072  Batches: 8  Memory Usage: 2397kB
        ->  Seq Scan on title t  (cost=0.00..73925.90 rows=434506 width=4) (actual time=35.116..1189.174 rows=315167 loops=1)
              Filter: ((production_year < 1991) AND (kind_id = 7))
              Rows Removed by Filter: 2213145
Planning time: 0.764 ms
Execution time: 3447.806 ms
