Hash Join  (cost=102767.86..297813.56 rows=4328897 width=0) (actual time=2012.396..6998.220 rows=4315625 loops=1)
  Hash Cond: (mk.movie_id = t.id)
  ->  Seq Scan on movie_keyword mk  (cost=0.00..81003.12 rows=4328897 width=4) (actual time=0.011..1705.415 rows=4315625 loops=1)
        Filter: (keyword_id > 137)
        Rows Removed by Filter: 208305
  ->  Hash  (cost=61283.27..61283.27 rows=2528527 width=4) (actual time=2010.783..2010.783 rows=2528312 loops=1)
        Buckets: 131072  Batches: 64  Memory Usage: 2425kB
        ->  Seq Scan on title t  (cost=0.00..61283.27 rows=2528527 width=4) (actual time=0.012..1150.945 rows=2528312 loops=1)
Planning time: 5.409 ms
Execution time: 7472.041 ms
