Hash Join  (cost=150269.10..270840.91 rows=596159 width=0) (actual time=3339.000..6982.478 rows=1990986 loops=1)
  Hash Cond: (mk.movie_id = t.id)
  ->  Seq Scan on movie_keyword mk  (cost=0.00..81003.12 rows=2719224 width=4) (actual time=0.015..1614.054 rows=2713009 loops=1)
        Filter: (keyword_id > 2940)
        Rows Removed by Filter: 1810921
  ->  Hash  (cost=141173.71..141173.71 rows=554351 width=8) (actual time=3337.948..3337.948 rows=505786 loops=1)
        Buckets: 131072  Batches: 8  Memory Usage: 3507kB
        ->  Hash Join  (cost=92735.26..141173.71 rows=554351 width=8) (actual time=1789.726..3190.120 rows=505786 loops=1)
              Hash Cond: (mi_idx.movie_id = t.id)
              ->  Seq Scan on movie_info_idx mi_idx  (cost=0.00..25185.44 rows=915101 width=4) (actual time=0.022..505.471 rows=919850 loops=1)
                    Filter: (info_type_id < 101)
                    Rows Removed by Filter: 460185
              ->  Hash  (cost=67604.59..67604.59 rows=1531734 width=4) (actual time=1788.581..1788.581 rows=1531613 loops=1)
                    Buckets: 131072  Batches: 32  Memory Usage: 2708kB
                    ->  Seq Scan on title t  (cost=0.00..67604.59 rows=1531734 width=4) (actual time=0.018..1287.431 rows=1531613 loops=1)
                          Filter: (production_year > 1997)
                          Rows Removed by Filter: 996699
Planning time: 1.177 ms
Execution time: 7228.093 ms
