Seq Scan on movie_keyword mk  (cost=0.00..81003.12 rows=2734706 width=0) (actual time=0.020..1578.796 rows=2726398 loops=1)
  Filter: (keyword_id < 7759)
  Rows Removed by Filter: 1797532
Planning time: 0.302 ms
Execution time: 1934.863 ms
