Hash Join  (cost=139597.14..887740.23 rows=630975 width=0) (actual time=4977.788..16451.254 rows=2504868 loops=1)
  Hash Cond: (ci.movie_id = t.id)
  ->  Seq Scan on cast_info ci  (cost=0.00..705507.15 rows=2959515 width=4) (actual time=1581.324..10843.371 rows=3025467 loops=1)
        Filter: (person_id > 3501196)
        Rows Removed by Filter: 33218877
  ->  Hash  (cost=130752.54..130752.54 rows=539088 width=8) (actual time=3395.145..3395.145 rows=954317 loops=1)
        Buckets: 131072 (originally 131072)  Batches: 16 (originally 8)  Memory Usage: 3354kB
        ->  Hash Join  (cost=83810.17..130752.54 rows=539088 width=8) (actual time=1463.840..3089.894 rows=954317 loops=1)
              Hash Cond: (mi_idx.movie_id = t.id)
              ->  Seq Scan on movie_info_idx mi_idx  (cost=0.00..21735.35 rows=1380035 width=4) (actual time=0.037..467.611 rows=1380035 loops=1)
              ->  Hash  (cost=67604.59..67604.59 rows=987727 width=4) (actual time=1462.855..1462.855 rows=985048 loops=1)
                    Buckets: 131072  Batches: 16  Memory Usage: 3188kB
                    ->  Seq Scan on title t  (cost=0.00..67604.59 rows=987727 width=4) (actual time=0.031..1162.278 rows=985048 loops=1)
                          Filter: (kind_id < 7)
                          Rows Removed by Filter: 1543264
Planning time: 0.800 ms
Execution time: 16745.784 ms
