Hash Join  (cost=219197.63..1171183.05 rows=4928276 width=0) (actual time=13250.089..25940.876 rows=6759087 loops=1)
  Hash Cond: (ci.movie_id = t.id)
  ->  Seq Scan on cast_info ci  (cost=0.00..796071.18 rows=7837696 width=4) (actual time=8801.448..15861.317 rows=8570620 loops=1)
        Filter: ((person_id > 591680) AND (role_id > 4))
        Rows Removed by Filter: 27673724
  ->  Hash  (cost=193112.68..193112.68 rows=1589916 width=8) (actual time=4447.092..4447.092 rows=717308 loops=1)
        Buckets: 131072  Batches: 32  Memory Usage: 1871kB
        ->  Hash Join  (cost=92883.59..193112.68 rows=1589916 width=8) (actual time=1639.918..4244.682 rows=717308 loops=1)
              Hash Cond: (mc.movie_id = t.id)
              ->  Seq Scan on movie_companies mc  (cost=0.00..44881.29 rows=2609129 width=4) (actual time=0.020..910.169 rows=2609129 loops=1)
              ->  Hash  (cost=67604.59..67604.59 rows=1540800 width=4) (actual time=1638.834..1638.834 rows=1543264 loops=1)
                    Buckets: 131072  Batches: 32  Memory Usage: 2722kB
                    ->  Seq Scan on title t  (cost=0.00..67604.59 rows=1540800 width=4) (actual time=168.512..1167.156 rows=1543264 loops=1)
                          Filter: (kind_id = 7)
                          Rows Removed by Filter: 985048
Planning time: 1.149 ms
Execution time: 26670.684 ms
