Hash Join  (cost=96651.52..1208914.09 rows=14129399 width=0) (actual time=1825.753..31909.169 rows=14228016 loops=1)
  Hash Cond: (ci.movie_id = t.id)
  ->  Seq Scan on cast_info ci  (cost=0.00..705507.15 rows=20179086 width=4) (actual time=0.025..14571.939 rows=20305508 loops=1)
        Filter: (person_id > 1575606)
        Rows Removed by Filter: 15938836
  ->  Hash  (cost=67604.59..67604.59 rows=1770475 width=4) (actual time=1824.669..1824.669 rows=1774635 loops=1)
        Buckets: 131072  Batches: 32  Memory Usage: 2978kB
        ->  Seq Scan on title t  (cost=0.00..67604.59 rows=1770475 width=4) (actual time=0.030..1263.175 rows=1774635 loops=1)
              Filter: (kind_id > 2)
              Rows Removed by Filter: 753677
Planning time: 0.769 ms
Execution time: 33632.227 ms
