Nested Loop  (cost=0.43..83072.90 rows=64 width=0) (actual time=830.401..1341.370 rows=3 loops=1)
  ->  Seq Scan on movie_keyword mk  (cost=0.00..81003.12 rows=246 width=4) (actual time=1.015..1321.659 rows=413 loops=1)
        Filter: (keyword_id = 21415)
        Rows Removed by Filter: 4523517
  ->  Index Scan using title_pkey on title t  (cost=0.43..8.40 rows=1 width=4) (actual time=0.046..0.046 rows=0 loops=413)
        Index Cond: (id = mk.movie_id)
        Filter: ((production_year < 2001) AND (kind_id = 7))
        Rows Removed by Filter: 1
Planning time: 0.773 ms
Execution time: 1341.475 ms
