Hash Join  (cost=73994.33..825567.74 rows=78425 width=0) (actual time=1148.870..19272.608 rows=83865 loops=1)
  Hash Cond: (ci.movie_id = t.id)
  ->  Seq Scan on cast_info ci  (cost=0.00..614943.12 rows=36225612 width=4) (actual time=0.028..9687.983 rows=36244344 loops=1)
  ->  Hash  (cost=73925.90..73925.90 rows=5474 width=4) (actual time=1148.324..1148.324 rows=7744 loops=1)
        Buckets: 8192  Batches: 1  Memory Usage: 337kB
        ->  Seq Scan on title t  (cost=0.00..73925.90 rows=5474 width=4) (actual time=0.492..1144.281 rows=7744 loops=1)
              Filter: ((kind_id > 1) AND (production_year = 1961))
              Rows Removed by Filter: 2520568
Planning time: 0.743 ms
Execution time: 19287.838 ms
