Hash Join  (cost=921725.86..1421523.79 rows=1873600 width=0) (actual time=17876.424..30894.615 rows=2301694 loops=1)
  Hash Cond: (mi.movie_id = t.id)
  ->  Seq Scan on movie_info mi  (cost=0.00..309384.22 rows=14739122 width=4) (actual time=0.020..6317.387 rows=14835720 loops=1)
  ->  Hash  (cost=916452.11..916452.11 rows=321420 width=8) (actual time=17875.534..17875.534 rows=134429 loops=1)
        Buckets: 131072  Batches: 8  Memory Usage: 1689kB
        ->  Hash Join  (cost=102767.86..916452.11 rows=321420 width=8) (actual time=3934.010..17832.345 rows=134429 loops=1)
              Hash Cond: (ci.movie_id = t.id)
              ->  Seq Scan on cast_info ci  (cost=0.00..796071.18 rows=321420 width=4) (actual time=1837.459..15217.353 rows=134429 loops=1)
                    Filter: ((person_id < 3498815) AND (role_id > 10))
                    Rows Removed by Filter: 36109915
              ->  Hash  (cost=61283.27..61283.27 rows=2528527 width=4) (actual time=2094.889..2094.889 rows=2528312 loops=1)
                    Buckets: 131072  Batches: 64  Memory Usage: 2415kB
                    ->  Seq Scan on title t  (cost=0.00..61283.27 rows=2528527 width=4) (actual time=0.026..1245.534 rows=2528312 loops=1)
Planning time: 1.138 ms
Execution time: 31140.065 ms
