Hash Join  (cost=82257.13..1231534.74 rows=6537558 width=0) (actual time=2149.882..36818.408 rows=7417698 loops=1)
  Hash Cond: (ci.movie_id = t.id)
  ->  Seq Scan on cast_info ci  (cost=0.00..705507.15 rows=32554369 width=4) (actual time=0.023..16600.427 rows=32547723 loops=1)
        Filter: (person_id < 3390151)
        Rows Removed by Filter: 3696621
  ->  Hash  (cost=73925.90..73925.90 rows=507778 width=4) (actual time=2148.879..2148.879 rows=524129 loops=1)
        Buckets: 131072  Batches: 8  Memory Usage: 3340kB
        ->  Seq Scan on title t  (cost=0.00..73925.90 rows=507778 width=4) (actual time=11.223..1454.296 rows=524129 loops=1)
              Filter: ((production_year < 2010) AND (kind_id = 1))
              Rows Removed by Filter: 2004183
Planning time: 0.805 ms
Execution time: 37695.887 ms
