Hash Join  (cost=600790.20..2190485.47 rows=40501034 width=0) (actual time=15090.243..71484.746 rows=75468732 loops=1)
  Hash Cond: (ci.movie_id = t.id)
  ->  Seq Scan on cast_info ci  (cost=0.00..705507.15 rows=33218370 width=4) (actual time=0.021..16707.732 rows=33312165 loops=1)
        Filter: (person_id > 285187)
        Rows Removed by Filter: 2932179
  ->  Hash  (cost=550211.31..550211.31 rows=3082871 width=8) (actual time=15089.439..15089.439 rows=4221347 loops=1)
        Buckets: 131072  Batches: 64  Memory Usage: 3595kB
        ->  Hash Join  (cost=85280.32..550211.31 rows=3082871 width=8) (actual time=1890.786..13508.796 rows=4221347 loops=1)
              Hash Cond: (mi.movie_id = t.id)
              ->  Seq Scan on movie_info mi  (cost=0.00..346232.03 rows=7235534 width=4) (actual time=327.328..6469.479 rows=7286865 loops=1)
                    Filter: (info_type_id < 8)
                    Rows Removed by Filter: 7548855
              ->  Hash  (cost=67604.59..67604.59 rows=1077339 width=4) (actual time=1562.593..1562.593 rows=1074765 loops=1)
                    Buckets: 131072  Batches: 16  Memory Usage: 3396kB
                    ->  Seq Scan on title t  (cost=0.00..67604.59 rows=1077339 width=4) (actual time=0.025..1208.066 rows=1074765 loops=1)
                          Filter: (production_year < 2001)
                          Rows Removed by Filter: 1453547
Planning time: 1.197 ms
Execution time: 80055.493 ms
