Seq Scan on movie_companies mc  (cost=0.00..57926.93 rows=51 width=0) (actual time=1.620..310.103 rows=99 loops=1)
  Filter: ((company_id = 17126) AND (company_type_id = 1))
  Rows Removed by Filter: 2609030
Planning time: 0.271 ms
Execution time: 310.193 ms
