Seq Scan on movie_keyword mk  (cost=0.00..81003.12 rows=1158967 width=0) (actual time=0.022..1420.146 rows=1172065 loops=1)
  Filter: (keyword_id > 15901)
  Rows Removed by Filter: 3351865
Planning time: 0.352 ms
Execution time: 1583.239 ms
