Hash Join  (cost=77864.76..117805.50 rows=131026 width=0) (actual time=1338.705..2279.499 rows=44376 loops=1)
  Hash Cond: (mi_idx.movie_id = t.id)
  ->  Seq Scan on movie_info_idx mi_idx  (cost=0.00..21735.35 rows=1380035 width=4) (actual time=0.018..417.175 rows=1380035 loops=1)
  ->  Hash  (cost=73925.90..73925.90 rows=240068 width=4) (actual time=1335.702..1335.702 rows=109701 loops=1)
        Buckets: 131072  Batches: 4  Memory Usage: 1987kB
        ->  Seq Scan on title t  (cost=0.00..73925.90 rows=240068 width=4) (actual time=0.169..1296.307 rows=109701 loops=1)
              Filter: ((kind_id > 1) AND (production_year < 1967))
              Rows Removed by Filter: 2418611
Planning time: 0.768 ms
Execution time: 2285.361 ms
