Hash Join  (cost=870625.39..925476.79 rows=18588 width=0) (actual time=15291.466..16267.950 rows=17415 loops=1)
  Hash Cond: (mc.movie_id = t.id)
  ->  Seq Scan on movie_companies mc  (cost=0.00..44881.29 rows=2609129 width=4) (actual time=0.026..553.604 rows=2609129 loops=1)
  ->  Hash  (cost=870400.21..870400.21 rows=18014 width=8) (actual time=15290.891..15290.891 rows=7348 loops=1)
        Buckets: 32768  Batches: 1  Memory Usage: 544kB
        ->  Hash Join  (cost=70308.29..870400.21 rows=18014 width=8) (actual time=5357.227..15288.422 rows=7348 loops=1)
              Hash Cond: (ci.movie_id = t.id)
              ->  Seq Scan on cast_info ci  (cost=0.00..796071.18 rows=276428 width=4) (actual time=4377.412..14248.678 rows=95912 loops=1)
                    Filter: ((person_id < 2909492) AND (role_id > 10))
                    Rows Removed by Filter: 36148432
              ->  Hash  (cost=67604.59..67604.59 rows=164776 width=4) (actual time=979.016..979.016 rows=164307 loops=1)
                    Buckets: 131072  Batches: 4  Memory Usage: 2482kB
                    ->  Seq Scan on title t  (cost=0.00..67604.59 rows=164776 width=4) (actual time=0.033..922.691 rows=164307 loops=1)
                          Filter: (production_year = 2012)
                          Rows Removed by Filter: 2364005
Planning time: 1.590 ms
Execution time: 16270.334 ms
