Hash Join  (cost=67942.77..434175.77 rows=157707 width=0) (actual time=1042.703..9619.620 rows=165029 loops=1)
  Hash Cond: (mi.movie_id = t.id)
  ->  Seq Scan on movie_info mi  (cost=0.00..309384.22 rows=14739122 width=4) (actual time=0.015..4690.520 rows=14835720 loops=1)
  ->  Hash  (cost=67604.59..67604.59 rows=27055 width=4) (actual time=1042.525..1042.525 rows=26775 loops=1)
        Buckets: 32768  Batches: 1  Memory Usage: 1198kB
        ->  Seq Scan on title t  (cost=0.00..67604.59 rows=27055 width=4) (actual time=0.011..1030.443 rows=26775 loops=1)
              Filter: (production_year = 1993)
              Rows Removed by Filter: 2501537
Planning time: 0.505 ms
Execution time: 9645.513 ms
