Hash Join  (cost=169790.98..1214650.43 rows=3277633 width=0) (actual time=4077.459..35371.383 rows=11335284 loops=1)
  Hash Cond: (ci.movie_id = t.id)
  ->  Seq Scan on cast_info ci  (cost=0.00..796071.18 rows=18530918 width=4) (actual time=0.015..18228.539 rows=21465770 loops=1)
        Filter: ((person_id > 733129) AND (role_id > 1))
        Rows Removed by Filter: 14778574
  ->  Hash  (cost=162453.60..162453.60 rows=447230 width=8) (actual time=4076.444..4076.444 rows=723548 loops=1)
        Buckets: 131072 (originally 131072)  Batches: 16 (originally 8)  Memory Usage: 3073kB
        ->  Hash Join  (cost=87880.14..162453.60 rows=447230 width=8) (actual time=1633.980..3802.494 rows=723548 loops=1)
              Hash Cond: (mc.movie_id = t.id)
              ->  Seq Scan on movie_companies mc  (cost=0.00..51404.11 rows=1329612 width=4) (actual time=117.856..1062.304 rows=1334883 loops=1)
                    Filter: (company_type_id = 2)
                    Rows Removed by Filter: 1274246
              ->  Hash  (cost=73925.90..73925.90 rows=850499 width=4) (actual time=1515.321..1515.321 rows=765361 loops=1)
                    Buckets: 131072  Batches: 16  Memory Usage: 2709kB
                    ->  Seq Scan on title t  (cost=0.00..73925.90 rows=850499 width=4) (actual time=0.026..1284.316 rows=765361 loops=1)
                          Filter: ((kind_id < 7) AND (production_year > 1963))
                          Rows Removed by Filter: 1762951
Planning time: 1.163 ms
Execution time: 36678.357 ms
