Hash Join  (cost=102767.86..176799.06 rows=258724 width=0) (actual time=2704.191..4101.514 rows=510982 loops=1)
  Hash Cond: (mc.movie_id = t.id)
  ->  Seq Scan on movie_companies mc  (cost=0.00..57926.93 rows=258724 width=4) (actual time=290.560..901.590 rows=510982 loops=1)
        Filter: ((company_id > 73705) AND (company_type_id > 1))
        Rows Removed by Filter: 2098147
  ->  Hash  (cost=61283.27..61283.27 rows=2528527 width=4) (actual time=2412.507..2412.507 rows=2528312 loops=1)
        Buckets: 131072  Batches: 64  Memory Usage: 2415kB
        ->  Seq Scan on title t  (cost=0.00..61283.27 rows=2528527 width=4) (actual time=0.020..993.514 rows=2528312 loops=1)
Planning time: 0.755 ms
Execution time: 4162.943 ms
