Hash Join  (cost=74155.14..856205.79 rows=145233 width=0) (actual time=1041.208..19936.896 rows=138229 loops=1)
  Hash Cond: (ci.movie_id = t.id)
  ->  Seq Scan on cast_info ci  (cost=0.00..705507.15 rows=20024311 width=4) (actual time=0.020..14948.631 rows=20122661 loops=1)
        Filter: (role_id < 3)
        Rows Removed by Filter: 16121683
  ->  Hash  (cost=73925.90..73925.90 rows=18339 width=4) (actual time=1040.924..1040.924 rows=14449 loops=1)
        Buckets: 32768  Batches: 1  Memory Usage: 764kB
        ->  Seq Scan on title t  (cost=0.00..73925.90 rows=18339 width=4) (actual time=0.173..1034.383 rows=14449 loops=1)
              Filter: ((kind_id < 7) AND (production_year = 1998))
              Rows Removed by Filter: 2513863
Planning time: 0.801 ms
Execution time: 19960.893 ms
