Hash Join  (cost=273247.90..1653698.23 rows=29336611 width=0) (actual time=5899.907..43889.798 rows=30249672 loops=1)
  Hash Cond: (ci.movie_id = t.id)
  ->  Seq Scan on cast_info ci  (cost=0.00..614943.12 rows=36225612 width=4) (actual time=0.022..13782.259 rows=36244344 loops=1)
  ->  Hash  (cost=239652.91..239652.91 rows=2047679 width=8) (actual time=5898.504..5898.504 rows=1143082 loops=1)
        Buckets: 131072  Batches: 32  Memory Usage: 2375kB
        ->  Hash Join  (cost=92703.08..239652.91 rows=2047679 width=8) (actual time=1908.038..5603.958 rows=1143082 loops=1)
              Hash Cond: (mk.movie_id = t.id)
              ->  Seq Scan on movie_keyword mk  (cost=0.00..69693.30 rows=4523930 width=4) (actual time=0.020..1390.403 rows=4523930 loops=1)
              ->  Hash  (cost=73925.90..73925.90 rows=1144494 width=4) (actual time=1907.173..1907.173 rows=1095581 loops=1)
                    Buckets: 131072  Batches: 16  Memory Usage: 3443kB
                    ->  Seq Scan on title t  (cost=0.00..73925.90 rows=1144494 width=4) (actual time=0.029..1544.050 rows=1095581 loops=1)
                          Filter: ((kind_id > 1) AND (production_year < 2007))
                          Rows Removed by Filter: 1432731
Planning time: 1.588 ms
Execution time: 47355.839 ms
