Hash Join  (cost=709675.59..1092541.49 rows=753 width=0) (actual time=11108.882..18794.465 rows=4183 loops=1)
  Hash Cond: (mi.movie_id = t.id)
  ->  Seq Scan on movie_info mi  (cost=0.00..346232.03 rows=9767026 width=4) (actual time=0.016..6305.605 rows=9911754 loops=1)
        Filter: (info_type_id > 4)
        Rows Removed by Filter: 4923966
  ->  Hash  (cost=709673.15..709673.15 rows=195 width=8) (actual time=11103.286..11103.286 rows=31 loops=1)
        Buckets: 1024  Batches: 1  Memory Usage: 10kB
        ->  Nested Loop  (cost=0.43..709673.15 rows=195 width=8) (actual time=1617.644..11103.237 rows=31 loops=1)
              ->  Seq Scan on cast_info ci  (cost=0.00..705507.15 rows=500 width=4) (actual time=1144.531..11101.511 rows=92 loops=1)
                    Filter: (person_id = 584102)
                    Rows Removed by Filter: 36244252
              ->  Index Scan using title_pkey on title t  (cost=0.43..8.32 rows=1 width=4) (actual time=0.017..0.017 rows=0 loops=92)
                    Index Cond: (id = ci.movie_id)
                    Filter: (kind_id < 7)
                    Rows Removed by Filter: 1
Planning time: 1.177 ms
Execution time: 18795.354 ms
