Hash Join  (cost=67697.55..944640.90 rows=62937 width=0) (actual time=1111.522..22516.981 rows=92987 loops=1)
  Hash Cond: (ci.movie_id = t.id)
  ->  Seq Scan on cast_info ci  (cost=0.00..796071.18 rows=21398079 width=4) (actual time=0.016..16899.909 rows=20301263 loops=1)
        Filter: ((person_id < 3459377) AND (role_id > 1))
        Rows Removed by Filter: 15943081
  ->  Hash  (cost=67604.59..67604.59 rows=7437 width=4) (actual time=1111.437..1111.437 rows=14349 loops=1)
        Buckets: 16384 (originally 8192)  Batches: 1 (originally 1)  Memory Usage: 633kB
        ->  Seq Scan on title t  (cost=0.00..67604.59 rows=7437 width=4) (actual time=0.013..1104.477 rows=14349 loops=1)
              Filter: (production_year = 1969)
              Rows Removed by Filter: 2513963
Planning time: 0.794 ms
Execution time: 22533.541 ms
