Hash Join  (cost=73962.22..128657.72 rows=2998 width=0) (actual time=1293.002..2484.503 rows=12843 loops=1)
  Hash Cond: (mc.movie_id = t.id)
  ->  Seq Scan on movie_companies mc  (cost=0.00..44881.29 rows=2609129 width=4) (actual time=0.016..646.329 rows=2609129 loops=1)
  ->  Hash  (cost=73925.90..73925.90 rows=2905 width=4) (actual time=1292.855..1292.855 rows=6735 loops=1)
        Buckets: 8192 (originally 4096)  Batches: 1 (originally 1)  Memory Usage: 301kB
        ->  Seq Scan on title t  (cost=0.00..73925.90 rows=2905 width=4) (actual time=1.154..1289.579 rows=6735 loops=1)
              Filter: ((kind_id < 7) AND (production_year = 1980))
              Rows Removed by Filter: 2521577
Planning time: 0.763 ms
Execution time: 2486.839 ms
