Hash Join  (cost=79094.49..207963.50 rows=563597 width=0) (actual time=1168.993..4485.430 rows=849636 loops=1)
  Hash Cond: (mk.movie_id = t.id)
  ->  Seq Scan on movie_keyword mk  (cost=0.00..69693.30 rows=4523930 width=4) (actual time=0.013..1547.101 rows=4523930 loops=1)
  ->  Hash  (cost=73925.90..73925.90 rows=315007 width=4) (actual time=1166.647..1166.647 rows=244789 loops=1)
        Buckets: 131072  Batches: 8  Memory Usage: 2106kB
        ->  Seq Scan on title t  (cost=0.00..73925.90 rows=315007 width=4) (actual time=275.035..1077.518 rows=244789 loops=1)
              Filter: ((kind_id < 2) AND (production_year > 2003))
              Rows Removed by Filter: 2283523
Planning time: 0.809 ms
Execution time: 4554.540 ms
