Hash Join  (cost=124139.82..201988.89 rows=203054 width=0) (actual time=2379.630..4303.776 rows=217056 loops=1)
  Hash Cond: (mc.movie_id = t.id)
  ->  Seq Scan on movie_companies mc  (cost=0.00..44881.29 rows=2609129 width=4) (actual time=0.018..917.386 rows=2609129 loops=1)
  ->  Hash  (cost=120911.04..120911.04 rows=196782 width=8) (actual time=2377.156..2377.156 rows=87834 loops=1)
        Buckets: 131072  Batches: 4  Memory Usage: 1885kB
        ->  Hash Join  (cost=79841.74..120911.04 rows=196782 width=8) (actual time=1266.175..2348.086 rows=87834 loops=1)
              Hash Cond: (mi_idx.movie_id = t.id)
              ->  Seq Scan on movie_info_idx mi_idx  (cost=0.00..21735.35 rows=1380035 width=4) (actual time=0.015..457.460 rows=1380035 loops=1)
              ->  Hash  (cost=73925.90..73925.90 rows=360547 width=4) (actual time=1265.110..1265.110 rows=243152 loops=1)
                    Buckets: 131072  Batches: 8  Memory Usage: 2080kB
                    ->  Seq Scan on title t  (cost=0.00..73925.90 rows=360547 width=4) (actual time=263.173..1187.093 rows=243152 loops=1)
                          Filter: ((production_year < 1985) AND (kind_id = 7))
                          Rows Removed by Filter: 2285160
Planning time: 1.191 ms
Execution time: 4326.732 ms
