Seq Scan on cast_info ci  (cost=0.00..705507.15 rows=26953032 width=0) (actual time=0.032..13030.117 rows=26979359 loops=1)
  Filter: (person_id < 2774472)
  Rows Removed by Filter: 9264985
Planning time: 0.304 ms
Execution time: 16341.279 ms
