Hash Join  (cost=197167.33..1223150.80 rows=1860458 width=0) (actual time=3981.020..29273.830 rows=851776 loops=1)
  Hash Cond: (ci.movie_id = t.id)
  ->  Seq Scan on cast_info ci  (cost=0.00..705507.15 rows=23499554 width=4) (actual time=0.016..16424.797 rows=23573656 loops=1)
        Filter: (role_id > 1)
        Rows Removed by Filter: 12670688
  ->  Hash  (cost=193883.04..193883.04 rows=200183 width=8) (actual time=3979.268..3979.268 rows=102048 loops=1)
        Buckets: 131072  Batches: 4  Memory Usage: 2017kB
        ->  Hash Join  (cost=69441.17..193883.04 rows=200183 width=8) (actual time=1133.203..3946.808 rows=102048 loops=1)
              Hash Cond: (mk.movie_id = t.id)
              ->  Seq Scan on movie_keyword mk  (cost=0.00..69693.30 rows=4523930 width=4) (actual time=0.019..1463.459 rows=4523930 loops=1)
              ->  Hash  (cost=67604.59..67604.59 rows=111887 width=4) (actual time=1131.898..1131.898 rows=115315 loops=1)
                    Buckets: 131072  Batches: 2  Memory Usage: 3052kB
                    ->  Seq Scan on title t  (cost=0.00..67604.59 rows=111887 width=4) (actual time=11.225..1090.519 rows=115315 loops=1)
                          Filter: (production_year < 1930)
                          Rows Removed by Filter: 2412997
Planning time: 1.171 ms
Execution time: 29369.035 ms
