Hash Join  (cost=75281.35..464924.01 rows=118379 width=0) (actual time=2650.303..8921.803 rows=564117 loops=1)
  Hash Cond: (mi.movie_id = t.id)
  ->  Seq Scan on movie_info mi  (cost=0.00..346232.03 rows=3623957 width=4) (actual time=1395.698..5803.682 rows=3624977 loops=1)
        Filter: (info_type_id < 4)
        Rows Removed by Filter: 11210743
  ->  Hash  (cost=73925.90..73925.90 rows=82596 width=4) (actual time=1252.997..1252.997 rows=194970 loops=1)
        Buckets: 131072 (originally 131072)  Batches: 4 (originally 2)  Memory Usage: 3073kB
        ->  Seq Scan on title t  (cost=0.00..73925.90 rows=82596 width=4) (actual time=0.037..1170.146 rows=194970 loops=1)
              Filter: ((kind_id < 4) AND (production_year < 1960))
              Rows Removed by Filter: 2333342
Planning time: 0.786 ms
Execution time: 8993.725 ms
