Hash Join  (cost=96184.51..190533.38 rows=1399935 width=0) (actual time=1980.851..4442.735 rows=645461 loops=1)
  Hash Cond: (mc.movie_id = t.id)
  ->  Seq Scan on movie_companies mc  (cost=0.00..44881.29 rows=2609129 width=4) (actual time=0.021..933.269 rows=2609129 loops=1)
  ->  Hash  (cost=73925.90..73925.90 rows=1356688 width=4) (actual time=1873.313..1873.313 rows=1327781 loops=1)
        Buckets: 131072  Batches: 32  Memory Usage: 2479kB
        ->  Seq Scan on title t  (cost=0.00..73925.90 rows=1356688 width=4) (actual time=0.029..1442.958 rows=1327781 loops=1)
              Filter: ((production_year < 2012) AND (kind_id = 7))
              Rows Removed by Filter: 1200531
Planning time: 0.775 ms
Execution time: 4520.498 ms
