Hash Join  (cost=270102.79..885835.22 rows=11012260 width=0) (actual time=6072.976..43071.413 rows=103919085 loops=1)
  Hash Cond: (mi.movie_id = t.id)
  ->  Seq Scan on movie_info mi  (cost=0.00..309384.22 rows=14739122 width=4) (actual time=0.038..6033.708 rows=14835720 loops=1)
  ->  Hash  (cost=239108.09..239108.09 rows=1889176 width=8) (actual time=6071.912..6071.912 rows=1894758 loops=1)
        Buckets: 131072  Batches: 32  Memory Usage: 3404kB
        ->  Hash Join  (cost=102767.86..239108.09 rows=1889176 width=8) (actual time=2023.189..5500.709 rows=1894758 loops=1)
              Hash Cond: (mk.movie_id = t.id)
              ->  Seq Scan on movie_keyword mk  (cost=0.00..81003.12 rows=1889176 width=4) (actual time=0.017..1568.992 rows=1894758 loops=1)
                    Filter: (keyword_id > 7157)
                    Rows Removed by Filter: 2629172
              ->  Hash  (cost=61283.27..61283.27 rows=2528527 width=4) (actual time=2021.545..2021.545 rows=2528312 loops=1)
                    Buckets: 131072  Batches: 64  Memory Usage: 2425kB
                    ->  Seq Scan on title t  (cost=0.00..61283.27 rows=2528527 width=4) (actual time=0.009..1140.311 rows=2528312 loops=1)
Planning time: 1.179 ms
Execution time: 54729.027 ms
