Hash Join  (cost=102767.86..1307851.31 rows=20351034 width=0) (actual time=1937.084..34150.533 rows=20472912 loops=1)
  Hash Cond: (ci.movie_id = t.id)
  ->  Seq Scan on cast_info ci  (cost=0.00..705507.15 rows=20351034 width=4) (actual time=0.015..15092.195 rows=20472912 loops=1)
        Filter: (person_id > 1558129)
        Rows Removed by Filter: 15771432
  ->  Hash  (cost=61283.27..61283.27 rows=2528527 width=4) (actual time=1935.267..1935.267 rows=2528312 loops=1)
        Buckets: 131072  Batches: 64  Memory Usage: 2415kB
        ->  Seq Scan on title t  (cost=0.00..61283.27 rows=2528527 width=4) (actual time=0.018..1091.189 rows=2528312 loops=1)
Planning time: 0.741 ms
Execution time: 36462.787 ms
