Nested Loop  (cost=0.43..709673.15 rows=473 width=0) (actual time=4732.942..10583.249 rows=1 loops=1)
  ->  Seq Scan on cast_info ci  (cost=0.00..705507.15 rows=500 width=4) (actual time=4732.758..10583.060 rows=1 loops=1)
        Filter: (person_id = 1409004)
        Rows Removed by Filter: 36244343
  ->  Index Scan using title_pkey on title t  (cost=0.43..8.32 rows=1 width=4) (actual time=0.096..0.097 rows=1 loops=1)
        Index Cond: (id = ci.movie_id)
        Filter: (production_year < 2013)
Planning time: 0.843 ms
Execution time: 10583.376 ms
