Hash Join  (cost=200370.49..1234569.31 rows=2648792 width=0) (actual time=7396.845..33122.896 rows=7197864 loops=1)
  Hash Cond: (ci.movie_id = t.id)
  ->  Seq Scan on cast_info ci  (cost=0.00..705507.15 rows=23499554 width=4) (actual time=2761.271..16186.101 rows=23573656 loops=1)
        Filter: (role_id > 1)
        Rows Removed by Filter: 12670688
  ->  Hash  (cost=195693.91..195693.91 rows=285007 width=8) (actual time=4634.265..4634.265 rows=518296 loops=1)
        Buckets: 131072 (originally 131072)  Batches: 8 (originally 4)  Memory Usage: 3556kB
        ->  Hash Join  (cost=70218.80..195693.91 rows=285007 width=8) (actual time=1110.215..4465.600 rows=518296 loops=1)
              Hash Cond: (mk.movie_id = t.id)
              ->  Seq Scan on movie_keyword mk  (cost=0.00..69693.30 rows=4523930 width=4) (actual time=0.033..1462.848 rows=4523930 loops=1)
              ->  Hash  (cost=67604.59..67604.59 rows=159297 width=4) (actual time=1106.092..1106.092 rows=164184 loops=1)
                    Buckets: 131072  Batches: 4  Memory Usage: 2471kB
                    ->  Seq Scan on title t  (cost=0.00..67604.59 rows=159297 width=4) (actual time=0.042..1047.428 rows=164184 loops=1)
                          Filter: (production_year < 1950)
                          Rows Removed by Filter: 2364128
Planning time: 0.733 ms
Execution time: 33952.611 ms
