Hash Join  (cost=102767.86..198111.26 rows=1144398 width=0) (actual time=1841.014..4217.389 rows=1252709 loops=1)
  Hash Cond: (mc.movie_id = t.id)
  ->  Seq Scan on movie_companies mc  (cost=0.00..57926.93 rows=1144398 width=4) (actual time=0.014..921.919 rows=1252709 loops=1)
        Filter: ((company_id > 181) AND (company_type_id > 1))
        Rows Removed by Filter: 1356420
  ->  Hash  (cost=61283.27..61283.27 rows=2528527 width=4) (actual time=1840.206..1840.206 rows=2528312 loops=1)
        Buckets: 131072  Batches: 64  Memory Usage: 2415kB
        ->  Seq Scan on title t  (cost=0.00..61283.27 rows=2528527 width=4) (actual time=0.012..1016.280 rows=2528312 loops=1)
Planning time: 0.729 ms
Execution time: 4348.615 ms
