Hash Join  (cost=217254.99..257467.94 rows=212004 width=0) (actual time=4382.795..5570.686 rows=910044 loops=1)
  Hash Cond: (mi_idx.movie_id = t.id)
  ->  Seq Scan on movie_info_idx mi_idx  (cost=0.00..25185.44 rows=919057 width=4) (actual time=0.019..469.889 rows=920110 loops=1)
        Filter: (info_type_id > 99)
        Rows Removed by Filter: 459925
  ->  Hash  (cost=207685.12..207685.12 rows=583270 width=8) (actual time=4381.973..4381.973 rows=581057 loops=1)
        Buckets: 131072  Batches: 8  Memory Usage: 3893kB
        ->  Hash Join  (cost=102767.86..207685.12 rows=583270 width=8) (actual time=1904.674..4217.764 rows=581057 loops=1)
              Hash Cond: (mk.movie_id = t.id)
              ->  Seq Scan on movie_keyword mk  (cost=0.00..81003.12 rows=583270 width=4) (actual time=0.020..1468.899 rows=581057 loops=1)
                    Filter: (keyword_id > 31550)
                    Rows Removed by Filter: 3942873
              ->  Hash  (cost=61283.27..61283.27 rows=2528527 width=4) (actual time=1903.715..1903.715 rows=2528312 loops=1)
                    Buckets: 131072  Batches: 64  Memory Usage: 2425kB
                    ->  Seq Scan on title t  (cost=0.00..61283.27 rows=2528527 width=4) (actual time=0.022..1065.486 rows=2528312 loops=1)
Planning time: 0.823 ms
Execution time: 5675.481 ms
