Hash Join  (cost=58375.54..809167.29 rows=258 width=0) (actual time=1012.827..16650.712 rows=764 loops=1)
  Hash Cond: (ci.movie_id = t.id)
  ->  Seq Scan on cast_info ci  (cost=0.00..614943.12 rows=36225612 width=4) (actual time=0.013..8808.840 rows=36244344 loops=1)
  ->  Hash  (cost=58375.31..58375.31 rows=18 width=8) (actual time=1010.811..1010.811 rows=41 loops=1)
        Buckets: 1024  Batches: 1  Memory Usage: 10kB
        ->  Nested Loop  (cost=0.43..58375.31 rows=18 width=8) (actual time=419.985..1010.753 rows=41 loops=1)
              ->  Seq Scan on movie_companies mc  (cost=0.00..57926.93 rows=53 width=4) (actual time=419.901..1008.009 rows=94 loops=1)
                    Filter: ((company_type_id > 1) AND (company_id = 21107))
                    Rows Removed by Filter: 2609035
              ->  Index Scan using title_pkey on title t  (cost=0.43..8.45 rows=1 width=4) (actual time=0.027..0.027 rows=0 loops=94)
                    Index Cond: (id = mc.movie_id)
                    Filter: (kind_id < 4)
                    Rows Removed by Filter: 1
Planning time: 1.103 ms
Execution time: 16651.357 ms
