Seq Scan on movie_keyword mk  (cost=0.00..81003.12 rows=6032 width=0) (actual time=0.199..1407.980 rows=6303 loops=1)
  Filter: (keyword_id = 135)
  Rows Removed by Filter: 4517627
Planning time: 0.397 ms
Execution time: 1409.607 ms
