Nested Loop  (cost=0.43..83071.67 rows=246 width=0) (actual time=175.904..1246.041 rows=11 loops=1)
  ->  Seq Scan on movie_keyword mk  (cost=0.00..81003.12 rows=246 width=4) (actual time=175.799..1245.449 rows=11 loops=1)
        Filter: (keyword_id = 9603)
        Rows Removed by Filter: 4523919
  ->  Index Only Scan using title_pkey on title t  (cost=0.43..8.40 rows=1 width=4) (actual time=0.045..0.046 rows=1 loops=11)
        Index Cond: (id = mk.movie_id)
        Heap Fetches: 11
Planning time: 0.523 ms
Execution time: 1246.103 ms
