Hash Join  (cost=636333.59..2303250.09 rows=39590829 width=0) (actual time=18682.458..115274.771 rows=256172256 loops=1)
  Hash Cond: (ci.movie_id = t.id)
  ->  Seq Scan on cast_info ci  (cost=0.00..614943.12 rows=36225612 width=4) (actual time=0.010..14143.460 rows=36244344 loops=1)
  ->  Hash  (cost=590995.88..590995.88 rows=2763417 width=8) (actual time=18679.223..18679.223 rows=6526079 loops=1)
        Buckets: 131072 (originally 131072)  Batches: 128 (originally 64)  Memory Usage: 3073kB
        ->  Hash Join  (cost=81703.78..590995.88 rows=2763417 width=8) (actual time=1417.306..16900.670 rows=6526079 loops=1)
              Hash Cond: (mi.movie_id = t.id)
              ->  Seq Scan on movie_info mi  (cost=0.00..309384.22 rows=14739122 width=4) (actual time=0.010..6121.582 rows=14835720 loops=1)
              ->  Hash  (cost=73925.90..73925.90 rows=474070 width=4) (actual time=1416.439..1416.439 rows=496025 loops=1)
                    Buckets: 131072  Batches: 8  Memory Usage: 3223kB
                    ->  Seq Scan on title t  (cost=0.00..73925.90 rows=474070 width=4) (actual time=0.018..1257.627 rows=496025 loops=1)
                          Filter: ((production_year < 2009) AND (kind_id = 1))
                          Rows Removed by Filter: 2032287
Planning time: 5.933 ms
Execution time: 143483.155 ms
