Seq Scan on movie_keyword mk  (cost=0.00..81003.12 rows=1549904 width=0) (actual time=0.027..1368.560 rows=1564167 loops=1)
  Filter: (keyword_id > 10032)
  Rows Removed by Filter: 2959763
Planning time: 0.340 ms
Execution time: 1560.661 ms
