Seq Scan on movie_companies mc  (cost=0.00..51404.11 rows=1771149 width=0) (actual time=0.024..1044.812 rows=1761516 loops=1)
  Filter: (company_id < 25496)
  Rows Removed by Filter: 847613
Planning time: 0.344 ms
Execution time: 1272.643 ms
