Seq Scan on movie_keyword mk  (cost=0.00..81003.12 rows=1216624 width=0) (actual time=0.021..1446.926 rows=1222742 loops=1)
  Filter: (keyword_id < 1546)
  Rows Removed by Filter: 3301188
Planning time: 0.363 ms
Execution time: 1601.520 ms
