Hash Join  (cost=114867.97..201880.52 rows=32603 width=0) (actual time=2298.019..4236.460 rows=212625 loops=1)
  Hash Cond: (mk.movie_id = t.id)
  ->  Seq Scan on movie_keyword mk  (cost=0.00..81003.12 rows=1515574 width=4) (actual time=0.018..1447.550 rows=1533854 loops=1)
        Filter: (keyword_id > 10407)
        Rows Removed by Filter: 2990076
  ->  Hash  (cost=114188.05..114188.05 rows=54393 width=8) (actual time=2297.521..2297.521 rows=83538 loops=1)
        Buckets: 131072 (originally 65536)  Batches: 2 (originally 1)  Memory Usage: 3073kB
        ->  Hash Join  (cost=75561.64..114188.05 rows=54393 width=8) (actual time=1315.831..2266.925 rows=83538 loops=1)
              Hash Cond: (mi_idx.movie_id = t.id)
              ->  Seq Scan on movie_info_idx mi_idx  (cost=0.00..21735.35 rows=1380035 width=4) (actual time=0.012..476.163 rows=1380035 loops=1)
              ->  Hash  (cost=73925.90..73925.90 rows=99659 width=4) (actual time=1315.063..1315.063 rows=117917 loops=1)
                    Buckets: 131072  Batches: 2  Memory Usage: 3095kB
                    ->  Seq Scan on title t  (cost=0.00..73925.90 rows=99659 width=4) (actual time=590.390..1272.729 rows=117917 loops=1)
                          Filter: ((production_year > 1961) AND (kind_id = 4))
                          Rows Removed by Filter: 2410395
Planning time: 1.176 ms
Execution time: 4261.979 ms
