Hash Join  (cost=440691.39..1229357.00 rows=504535 width=0) (actual time=20515.413..26364.362 rows=3446649 loops=1)
  Hash Cond: (ci.movie_id = t.id)
  ->  Seq Scan on cast_info ci  (cost=0.00..705507.15 rows=4320508 width=4) (actual time=10366.734..13396.923 rows=4323018 loops=1)
        Filter: (role_id = 10)
        Rows Removed by Filter: 31921326
  ->  Hash  (cost=435846.45..435846.45 rows=295275 width=8) (actual time=10147.363..10147.363 rows=277213 loops=1)
        Buckets: 131072  Batches: 4  Memory Usage: 3713kB
        ->  Hash Join  (cost=68237.77..435846.45 rows=295275 width=8) (actual time=1022.184..10022.119 rows=277213 loops=1)
              Hash Cond: (mi.movie_id = t.id)
              ->  Seq Scan on movie_info mi  (cost=0.00..309384.22 rows=14739122 width=4) (actual time=0.033..4628.245 rows=14835720 loops=1)
              ->  Hash  (cost=67604.59..67604.59 rows=50655 width=4) (actual time=1021.553..1021.553 rows=50564 loops=1)
                    Buckets: 65536  Batches: 1  Memory Usage: 2290kB
                    ->  Seq Scan on title t  (cost=0.00..67604.59 rows=50655 width=4) (actual time=0.031..1000.498 rows=50564 loops=1)
                          Filter: (production_year = 1999)
                          Rows Removed by Filter: 2477748
Planning time: 1.439 ms
Execution time: 26790.202 ms
