Hash Join  (cost=432796.39..1253440.33 rows=86349 width=0) (actual time=11568.795..24340.413 rows=767688 loops=1)
  Hash Cond: (ci.movie_id = t.id)
  ->  Seq Scan on cast_info ci  (cost=0.00..796071.18 rows=6322475 width=4) (actual time=4339.378..14068.841 rows=12670688 loops=1)
        Filter: ((person_id < 1768606) AND (role_id = 1))
        Rows Removed by Filter: 23573656
  ->  Hash  (cost=432364.73..432364.73 rows=34533 width=8) (actual time=7228.897..7228.897 rows=46228 loops=1)
        Buckets: 65536  Batches: 1  Memory Usage: 2318kB
        ->  Hash Join  (cost=74281.64..432364.73 rows=34533 width=8) (actual time=5748.838..7212.193 rows=46228 loops=1)
              Hash Cond: (mi.movie_id = t.id)
              ->  Seq Scan on movie_info mi  (cost=0.00..346232.03 rows=3068194 width=4) (actual time=3690.269..5600.499 rows=3036719 loops=1)
                    Filter: (info_type_id = 16)
                    Rows Removed by Filter: 11799001
              ->  Hash  (cost=73925.90..73925.90 rows=28459 width=4) (actual time=1010.664..1010.664 rows=16117 loops=1)
                    Buckets: 32768  Batches: 1  Memory Usage: 823kB
                    ->  Seq Scan on title t  (cost=0.00..73925.90 rows=28459 width=4) (actual time=378.646..1004.148 rows=16117 loops=1)
                          Filter: ((kind_id = 1) AND (production_year = 2006))
                          Rows Removed by Filter: 2512195
Planning time: 1.192 ms
Execution time: 24436.266 ms
