Hash Join  (cost=844959.08..1610433.44 rows=4325870 width=0) (actual time=22903.649..37742.470 rows=8578467 loops=1)
  Hash Cond: (mi.movie_id = t.id)
  ->  Seq Scan on movie_info mi  (cost=0.00..309384.22 rows=14739122 width=4) (actual time=0.011..5809.948 rows=14835720 loops=1)
  ->  Hash  (cost=832783.68..832783.68 rows=742112 width=8) (actual time=22902.639..22902.639 rows=647179 loops=1)
        Buckets: 131072  Batches: 16  Memory Usage: 2586kB
        ->  Hash Join  (cost=74573.39..832783.68 rows=742112 width=8) (actual time=1073.702..22320.513 rows=647179 loops=1)
              Hash Cond: (ci.movie_id = t.id)
              ->  Seq Scan on cast_info ci  (cost=0.00..614943.12 rows=36225612 width=4) (actual time=0.009..9125.217 rows=36244344 loops=1)
              ->  Hash  (cost=73925.90..73925.90 rows=51799 width=4) (actual time=1073.371..1073.371 rows=56736 loops=1)
                    Buckets: 65536  Batches: 1  Memory Usage: 2507kB
                    ->  Seq Scan on title t  (cost=0.00..73925.90 rows=51799 width=4) (actual time=0.019..1052.459 rows=56736 loops=1)
                          Filter: ((production_year < 2006) AND (kind_id = 2))
                          Rows Removed by Filter: 2471576
Planning time: 0.748 ms
Execution time: 38683.371 ms
