Seq Scan on movie_keyword mk  (cost=0.00..81003.12 rows=3638160 width=0) (actual time=0.016..1396.067 rows=3632299 loops=1)
  Filter: (keyword_id < 20659)
  Rows Removed by Filter: 891631
Planning time: 0.333 ms
Execution time: 1823.286 ms
