Hash Join  (cost=163889.04..558360.24 rows=141837 width=0) (actual time=5018.794..9385.640 rows=555024 loops=1)
  Hash Cond: (mi.movie_id = t.id)
  ->  Seq Scan on movie_info mi  (cost=0.00..346232.03 rows=3623957 width=4) (actual time=2070.524..5131.873 rows=3624977 loops=1)
        Filter: (info_type_id < 4)
        Rows Removed by Filter: 11210743
  ->  Hash  (cost=162264.99..162264.99 rows=98964 width=8) (actual time=2947.225..2947.225 rows=127531 loops=1)
        Buckets: 131072  Batches: 2  Memory Usage: 3488kB
        ->  Hash Join  (cost=74617.32..162264.99 rows=98964 width=8) (actual time=940.409..2903.346 rows=127531 loops=1)
              Hash Cond: (mk.movie_id = t.id)
              ->  Seq Scan on movie_keyword mk  (cost=0.00..69693.30 rows=4523930 width=4) (actual time=0.035..1061.690 rows=4523930 loops=1)
              ->  Hash  (cost=73925.90..73925.90 rows=55313 width=4) (actual time=939.912..939.912 rows=49075 loops=1)
                    Buckets: 65536  Batches: 1  Memory Usage: 2238kB
                    ->  Seq Scan on title t  (cost=0.00..73925.90 rows=55313 width=4) (actual time=0.039..923.663 rows=49075 loops=1)
                          Filter: ((kind_id < 7) AND (production_year = 2010))
                          Rows Removed by Filter: 2479237
Planning time: 1.213 ms
Execution time: 9445.162 ms
