Hash Join  (cost=102767.86..191651.91 rows=876007 width=0) (actual time=1909.548..3860.991 rows=695906 loops=1)
  Hash Cond: (mc.movie_id = t.id)
  ->  Seq Scan on movie_companies mc  (cost=0.00..57926.93 rows=876007 width=4) (actual time=0.015..1021.265 rows=695906 loops=1)
        Filter: ((company_id > 1886) AND (company_type_id = 1))
        Rows Removed by Filter: 1913223
  ->  Hash  (cost=61283.27..61283.27 rows=2528527 width=4) (actual time=1907.327..1907.327 rows=2528312 loops=1)
        Buckets: 131072  Batches: 64  Memory Usage: 2415kB
        ->  Seq Scan on title t  (cost=0.00..61283.27 rows=2528527 width=4) (actual time=0.014..1035.495 rows=2528312 loops=1)
Planning time: 0.777 ms
Execution time: 3943.083 ms
