Hash Join  (cost=73950.44..825020.84 rows=28123 width=0) (actual time=1085.476..17177.883 rows=47775 loops=1)
  Hash Cond: (ci.movie_id = t.id)
  ->  Seq Scan on cast_info ci  (cost=0.00..614943.12 rows=36225612 width=4) (actual time=0.023..8548.753 rows=36244344 loops=1)
  ->  Hash  (cost=73925.90..73925.90 rows=1963 width=4) (actual time=1085.087..1085.087 rows=2462 loops=1)
        Buckets: 4096 (originally 2048)  Batches: 1 (originally 1)  Memory Usage: 119kB
        ->  Seq Scan on title t  (cost=0.00..73925.90 rows=1963 width=4) (actual time=553.337..1083.655 rows=2462 loops=1)
              Filter: ((kind_id = 1) AND (production_year = 1950))
              Rows Removed by Filter: 2525850
Planning time: 0.815 ms
Execution time: 17188.125 ms
