Seq Scan on movie_companies mc  (cost=0.00..51404.11 rows=199453 width=0) (actual time=0.017..809.250 rows=196826 loops=1)
  Filter: (company_id < 55)
  Rows Removed by Filter: 2412303
Planning time: 0.329 ms
Execution time: 834.848 ms
