Seq Scan on movie_keyword mk  (cost=0.00..81003.12 rows=246 width=0) (actual time=407.462..1223.449 rows=6 loops=1)
  Filter: (keyword_id = 51032)
  Rows Removed by Filter: 4523924
Planning time: 0.351 ms
Execution time: 1223.551 ms
