Hash Join  (cost=73930.93..438610.29 rows=2343 width=0) (actual time=1474.731..7976.646 rows=152 loops=1)
  Hash Cond: (mi.movie_id = t.id)
  ->  Seq Scan on movie_info mi  (cost=0.00..309384.22 rows=14739122 width=4) (actual time=0.015..4233.540 rows=14835720 loops=1)
  ->  Hash  (cost=73925.90..73925.90 rows=402 width=4) (actual time=1034.852..1034.852 rows=137 loops=1)
        Buckets: 1024  Batches: 1  Memory Usage: 13kB
        ->  Seq Scan on title t  (cost=0.00..73925.90 rows=402 width=4) (actual time=10.569..1034.702 rows=137 loops=1)
              Filter: ((production_year > 2013) AND (kind_id = 7))
              Rows Removed by Filter: 2528175
Planning time: 0.836 ms
Execution time: 7976.835 ms
