Hash Join  (cost=87442.78..618489.86 rows=4802215 width=0) (actual time=1385.546..17018.468 rows=8061493 loops=1)
  Hash Cond: (mi.movie_id = t.id)
  ->  Seq Scan on movie_info mi  (cost=0.00..309384.22 rows=14739122 width=4) (actual time=0.018..5958.190 rows=14835720 loops=1)
  ->  Hash  (cost=73925.90..73925.90 rows=823830 width=4) (actual time=1384.220..1384.220 rows=737996 loops=1)
        Buckets: 131072  Batches: 16  Memory Usage: 2657kB
        ->  Seq Scan on title t  (cost=0.00..73925.90 rows=823830 width=4) (actual time=0.031..1151.288 rows=737996 loops=1)
              Filter: ((kind_id < 7) AND (production_year > 1968))
              Rows Removed by Filter: 1790316
Planning time: 1.745 ms
Execution time: 17886.516 ms
