Hash Join  (cost=74288.34..160158.93 rows=14443 width=106) (actual time=1500.720..2662.393 rows=29806 loops=1)
  Hash Cond: (mk.movie_id = t.id)
  ->  Seq Scan on movie_keyword mk  (cost=0.00..81003.12 rows=1259475 width=12) (actual time=0.016..986.624 rows=1271637 loops=1)
        Filter: (keyword_id < 1633)
        Rows Removed by Filter: 3252293
  ->  Hash  (cost=73925.90..73925.90 rows=28995 width=94) (actual time=1500.273..1500.273 rows=19956 loops=1)
        Buckets: 32768  Batches: 1  Memory Usage: 2453kB
        ->  Seq Scan on title t  (cost=0.00..73925.90 rows=28995 width=94) (actual time=0.149..1490.548 rows=19956 loops=1)
              Filter: ((kind_id < 4) AND (production_year = 2004))
              Rows Removed by Filter: 2508356
Planning time: 1.062 ms
Execution time: 2663.767 ms
