Seq Scan on cast_info ci  (cost=0.00..796071.18 rows=12629001 width=0) (actual time=6259.757..17077.586 rows=12670688 loops=1)
  Filter: ((person_id < 4006643) AND (role_id = 1))
  Rows Removed by Filter: 23573656
Planning time: 0.443 ms
Execution time: 18667.061 ms
