Hash Join  (cost=156487.41..1068981.88 rows=1561120 width=0) (actual time=3285.621..25174.187 rows=4034220 loops=1)
  Hash Cond: (ci.movie_id = t.id)
  ->  Seq Scan on cast_info ci  (cost=0.00..796071.18 rows=8562957 width=4) (actual time=0.025..15596.250 rows=9956316 loops=1)
        Filter: ((person_id > 1046642) AND (role_id > 3))
        Rows Removed by Filter: 26288028
  ->  Hash  (cost=148924.19..148924.19 rows=460978 width=8) (actual time=3284.673..3284.673 rows=459925 loops=1)
        Buckets: 131072  Batches: 8  Memory Usage: 3275kB
        ->  Hash Join  (cost=102767.86..148924.19 rows=460978 width=8) (actual time=1875.117..3147.588 rows=459925 loops=1)
              Hash Cond: (mi_idx.movie_id = t.id)
              ->  Seq Scan on movie_info_idx mi_idx  (cost=0.00..25185.44 rows=460978 width=4) (actual time=0.015..451.732 rows=459925 loops=1)
                    Filter: (info_type_id < 100)
                    Rows Removed by Filter: 920110
              ->  Hash  (cost=61283.27..61283.27 rows=2528527 width=4) (actual time=1873.835..1873.835 rows=2528312 loops=1)
                    Buckets: 131072  Batches: 64  Memory Usage: 2415kB
                    ->  Seq Scan on title t  (cost=0.00..61283.27 rows=2528527 width=4) (actual time=0.014..1031.248 rows=2528312 loops=1)
Planning time: 5.644 ms
Execution time: 25664.322 ms
