Hash Join  (cost=101887.88..188960.26 rows=41435 width=0) (actual time=1779.130..2998.668 rows=188254 loops=1)
  Hash Cond: (mk.movie_id = t.id)
  ->  Seq Scan on movie_keyword mk  (cost=0.00..69693.30 rows=4523930 width=4) (actual time=0.021..616.265 rows=4523930 loops=1)
  ->  Hash  (cost=101598.39..101598.39 rows=23159 width=8) (actual time=1777.193..1777.193 rows=25731 loops=1)
        Buckets: 32768  Batches: 1  Memory Usage: 1262kB
        ->  Hash Join  (cost=74456.32..101598.39 rows=23159 width=8) (actual time=1164.717..1768.550 rows=25731 loops=1)
              Hash Cond: (mi_idx.movie_id = t.id)
              ->  Seq Scan on movie_info_idx mi_idx  (cost=0.00..21735.35 rows=1380035 width=4) (actual time=0.016..304.533 rows=1380035 loops=1)
              ->  Hash  (cost=73925.90..73925.90 rows=42433 width=4) (actual time=1126.988..1126.988 rows=37411 loops=1)
                    Buckets: 65536  Batches: 1  Memory Usage: 1828kB
                    ->  Seq Scan on title t  (cost=0.00..73925.90 rows=42433 width=4) (actual time=0.018..1112.477 rows=37411 loops=1)
                          Filter: ((kind_id = 1) AND (production_year = 2011))
                          Rows Removed by Filter: 2490901
Planning time: 1.220 ms
Execution time: 3014.366 ms
