Seq Scan on movie_companies mc  (cost=0.00..51404.11 rows=104 width=0) (actual time=618.994..868.567 rows=180 loops=1)
  Filter: (company_id = 79724)
  Rows Removed by Filter: 2608949
Planning time: 0.467 ms
Execution time: 868.681 ms
