Hash Join  (cost=86032.63..611734.62 rows=4301306 width=0) (actual time=1532.164..16982.782 rows=7074181 loops=1)
  Hash Cond: (mi.movie_id = t.id)
  ->  Seq Scan on movie_info mi  (cost=0.00..309384.22 rows=14739122 width=4) (actual time=0.013..6177.240 rows=14835720 loops=1)
  ->  Hash  (cost=73925.90..73925.90 rows=737898 width=4) (actual time=1531.463..1531.463 rows=643239 loops=1)
        Buckets: 131072  Batches: 16  Memory Usage: 2445kB
        ->  Seq Scan on title t  (cost=0.00..73925.90 rows=737898 width=4) (actual time=0.012..1325.659 rows=643239 loops=1)
              Filter: ((kind_id < 7) AND (production_year > 1983))
              Rows Removed by Filter: 1885073
Planning time: 0.807 ms
Execution time: 17729.053 ms
