Hash Join  (cost=160713.89..544050.61 rows=25687 width=0) (actual time=2824.977..9570.054 rows=193513 loops=1)
  Hash Cond: (mi.movie_id = t.id)
  ->  Seq Scan on movie_info mi  (cost=0.00..309384.22 rows=14739122 width=4) (actual time=0.012..3779.926 rows=14835720 loops=1)
  ->  Hash  (cost=160658.80..160658.80 rows=4407 width=8) (actual time=2824.870..2824.870 rows=9948 loops=1)
        Buckets: 16384 (originally 8192)  Batches: 1 (originally 1)  Memory Usage: 517kB
        ->  Hash Join  (cost=73956.69..160658.80 rows=4407 width=8) (actual time=1031.012..2821.004 rows=9948 loops=1)
              Hash Cond: (mk.movie_id = t.id)
              ->  Seq Scan on movie_keyword mk  (cost=0.00..69693.30 rows=4523930 width=4) (actual time=0.012..967.772 rows=4523930 loops=1)
              ->  Hash  (cost=73925.90..73925.90 rows=2463 width=4) (actual time=1030.881..1030.881 rows=3040 loops=1)
                    Buckets: 4096  Batches: 1  Memory Usage: 139kB
                    ->  Seq Scan on title t  (cost=0.00..73925.90 rows=2463 width=4) (actual time=338.141..1029.382 rows=3040 loops=1)
                          Filter: ((kind_id = 3) AND (production_year = 2002))
                          Rows Removed by Filter: 2525272
Planning time: 1.168 ms
Execution time: 9595.639 ms
