Hash Join  (cost=83073.40..137739.33 rows=41 width=0) (actual time=1729.695..2441.167 rows=25 loops=1)
  Hash Cond: (mc.movie_id = t.id)
  ->  Seq Scan on movie_companies mc  (cost=0.00..44881.29 rows=2609129 width=4) (actual time=0.315..652.425 rows=2609129 loops=1)
  ->  Hash  (cost=83072.90..83072.90 rows=40 width=8) (actual time=1325.676..1325.676 rows=12 loops=1)
        Buckets: 1024  Batches: 1  Memory Usage: 9kB
        ->  Nested Loop  (cost=0.43..83072.90 rows=40 width=8) (actual time=940.402..1325.657 rows=12 loops=1)
              ->  Seq Scan on movie_keyword mk  (cost=0.00..81003.12 rows=246 width=4) (actual time=0.453..1282.566 rows=899 loops=1)
                    Filter: (keyword_id = 7766)
                    Rows Removed by Filter: 4523031
              ->  Index Scan using title_pkey on title t  (cost=0.43..8.40 rows=1 width=4) (actual time=0.047..0.047 rows=0 loops=899)
                    Index Cond: (id = mk.movie_id)
                    Filter: ((production_year < 1989) AND (kind_id = 7))
                    Rows Removed by Filter: 1
Planning time: 0.740 ms
Execution time: 2441.287 ms
