Hash Join  (cost=97544.66..877204.65 rows=42447 width=0) (actual time=1010.712..17478.026 rows=8199 loops=1)
  Hash Cond: (ci.movie_id = t.id)
  ->  Seq Scan on cast_info ci  (cost=0.00..705507.15 rows=19660898 width=4) (actual time=0.011..12322.486 rows=19549731 loops=1)
        Filter: (person_id < 1957929)
        Rows Removed by Filter: 16694613
  ->  Hash  (cost=97476.43..97476.43 rows=5459 width=8) (actual time=1007.334..1007.334 rows=6058 loops=1)
        Buckets: 8192  Batches: 1  Memory Usage: 301kB
        ->  Nested Loop  (cost=0.43..97476.43 rows=5459 width=8) (actual time=451.655..1004.307 rows=6058 loops=1)
              ->  Seq Scan on movie_companies mc  (cost=0.00..57926.93 rows=5459 width=4) (actual time=451.582..866.147 rows=6058 loops=1)
                    Filter: ((company_type_id < 2) AND (company_id = 11203))
                    Rows Removed by Filter: 2603071
              ->  Index Only Scan using title_pkey on title t  (cost=0.43..7.23 rows=1 width=4) (actual time=0.022..0.022 rows=1 loops=6058)
                    Index Cond: (id = mc.movie_id)
                    Heap Fetches: 6058
Planning time: 5.809 ms
Execution time: 17480.168 ms
