Hash Join  (cost=102767.86..250849.56 rows=2377143 width=0) (actual time=2411.819..6206.255 rows=2377585 loops=1)
  Hash Cond: (mk.movie_id = t.id)
  ->  Seq Scan on movie_keyword mk  (cost=0.00..81003.12 rows=2377143 width=4) (actual time=0.021..1636.895 rows=2377585 loops=1)
        Filter: (keyword_id < 5443)
        Rows Removed by Filter: 2146345
  ->  Hash  (cost=61283.27..61283.27 rows=2528527 width=4) (actual time=2409.952..2409.952 rows=2528312 loops=1)
        Buckets: 131072  Batches: 64  Memory Usage: 2425kB
        ->  Seq Scan on title t  (cost=0.00..61283.27 rows=2528527 width=4) (actual time=0.006..1076.524 rows=2528312 loops=1)
Planning time: 5.372 ms
Execution time: 6481.210 ms
