Hash Join  (cost=709676.99..1074350.81 rows=1790 width=0) (actual time=10310.117..17485.080 rows=6649 loops=1)
  Hash Cond: (mi.movie_id = t.id)
  ->  Seq Scan on movie_info mi  (cost=0.00..309384.22 rows=14739122 width=4) (actual time=0.015..4459.960 rows=14835720 loops=1)
  ->  Hash  (cost=709673.15..709673.15 rows=307 width=8) (actual time=10183.870..10183.870 rows=642 loops=1)
        Buckets: 1024  Batches: 1  Memory Usage: 34kB
        ->  Nested Loop  (cost=0.43..709673.15 rows=307 width=8) (actual time=279.753..10183.543 rows=642 loops=1)
              ->  Seq Scan on cast_info ci  (cost=0.00..705507.15 rows=500 width=4) (actual time=279.653..10168.016 rows=758 loops=1)
                    Filter: (person_id = 1768772)
                    Rows Removed by Filter: 36243586
              ->  Index Scan using title_pkey on title t  (cost=0.43..8.32 rows=1 width=4) (actual time=0.020..0.020 rows=1 loops=758)
                    Index Cond: (id = ci.movie_id)
                    Filter: (kind_id > 4)
                    Rows Removed by Filter: 0
Planning time: 1.307 ms
Execution time: 17486.271 ms
