Hash Join  (cost=28270.40..113984.66 rows=183 width=0) (actual time=463.749..1997.836 rows=8172 loops=1)
  Hash Cond: (mk.movie_id = t.id)
  ->  Seq Scan on movie_keyword mk  (cost=0.00..81003.12 rows=1255815 width=4) (actual time=0.027..1351.264 rows=1270128 loops=1)
        Filter: (keyword_id < 1623)
        Rows Removed by Filter: 3253802
  ->  Hash  (cost=28265.80..28265.80 rows=368 width=8) (actual time=463.548..463.548 rows=260 loops=1)
        Buckets: 1024  Batches: 1  Memory Usage: 19kB
        ->  Nested Loop  (cost=0.43..28265.80 rows=368 width=8) (actual time=2.289..463.423 rows=260 loops=1)
              ->  Seq Scan on movie_info_idx mi_idx  (cost=0.00..25185.44 rows=368 width=4) (actual time=2.221..436.647 rows=260 loops=1)
                    Filter: (info_type_id > 101)
                    Rows Removed by Filter: 1379775
              ->  Index Only Scan using title_pkey on title t  (cost=0.43..8.36 rows=1 width=4) (actual time=0.102..0.102 rows=1 loops=260)
                    Index Cond: (id = mi_idx.movie_id)
                    Heap Fetches: 260
Planning time: 1.123 ms
Execution time: 1999.084 ms
