Hash Join  (cost=338764.22..1110218.36 rows=22153054 width=0) (actual time=8460.205..66450.276 rows=202111164 loops=1)
  Hash Cond: (mi.movie_id = t.id)
  ->  Seq Scan on movie_info mi  (cost=0.00..309384.22 rows=14739122 width=4) (actual time=0.010..6451.769 rows=14835720 loops=1)
  ->  Hash  (cost=276413.20..276413.20 rows=3800402 width=8) (actual time=8459.489..8459.489 rows=3609832 loops=1)
        Buckets: 131072  Batches: 64  Memory Usage: 3260kB
        ->  Hash Join  (cost=102454.22..276413.20 rows=3800402 width=8) (actual time=2250.806..7044.813 rows=3609832 loops=1)
              Hash Cond: (mk.movie_id = t.id)
              ->  Seq Scan on movie_keyword mk  (cost=0.00..69693.30 rows=4523930 width=4) (actual time=0.006..1490.195 rows=4523930 loops=1)
              ->  Hash  (cost=67604.59..67604.59 rows=2124131 width=4) (actual time=2249.310..2249.310 rows=2118372 loops=1)
                    Buckets: 131072  Batches: 32  Memory Usage: 3365kB
                    ->  Seq Scan on title t  (cost=0.00..67604.59 rows=2124131 width=4) (actual time=0.023..1547.395 rows=2118372 loops=1)
                          Filter: (production_year > 1967)
                          Rows Removed by Filter: 409940
Planning time: 1.180 ms
Execution time: 88478.521 ms
