Hash Join  (cost=87428.23..174184.95 rows=849220 width=0) (actual time=1550.059..3931.644 rows=416802 loops=1)
  Hash Cond: (mc.movie_id = t.id)
  ->  Seq Scan on movie_companies mc  (cost=0.00..44881.29 rows=2609129 width=4) (actual time=0.023..932.088 rows=2609129 loops=1)
  ->  Hash  (cost=73925.90..73925.90 rows=822986 width=4) (actual time=1548.841..1548.841 rows=738761 loops=1)
        Buckets: 131072  Batches: 16  Memory Usage: 2648kB
        ->  Seq Scan on title t  (cost=0.00..73925.90 rows=822986 width=4) (actual time=313.937..1308.172 rows=738761 loops=1)
              Filter: ((production_year < 2005) AND (kind_id = 7))
              Rows Removed by Filter: 1789551
Planning time: 0.731 ms
Execution time: 3981.386 ms
