Hash Join  (cost=102767.86..278033.67 rows=3506873 width=0) (actual time=1980.137..6624.356 rows=3500040 loops=1)
  Hash Cond: (mk.movie_id = t.id)
  ->  Seq Scan on movie_keyword mk  (cost=0.00..81003.12 rows=3506873 width=4) (actual time=0.025..1691.434 rows=3500040 loops=1)
        Filter: (keyword_id < 17536)
        Rows Removed by Filter: 1023890
  ->  Hash  (cost=61283.27..61283.27 rows=2528527 width=4) (actual time=1977.196..1977.196 rows=2528312 loops=1)
        Buckets: 131072  Batches: 64  Memory Usage: 2425kB
        ->  Seq Scan on title t  (cost=0.00..61283.27 rows=2528527 width=4) (actual time=0.019..1089.526 rows=2528312 loops=1)
Planning time: 0.731 ms
Execution time: 7036.303 ms
