Seq Scan on movie_companies mc  (cost=0.00..51404.11 rows=104 width=0) (actual time=34.232..815.480 rows=488 loops=1)
  Filter: (company_id = 11763)
  Rows Removed by Filter: 2608641
Planning time: 0.427 ms
Execution time: 815.660 ms
