Hash Join  (cost=94574.69..177864.48 rows=615250 width=0) (actual time=1910.093..4035.853 rows=273036 loops=1)
  Hash Cond: (mc.movie_id = t.id)
  ->  Seq Scan on movie_companies mc  (cost=0.00..57926.93 rows=1236093 width=4) (actual time=0.026..1296.255 rows=1274246 loops=1)
        Filter: ((company_id < 164501) AND (company_type_id < 2))
        Rows Removed by Filter: 1334883
  ->  Hash  (cost=73925.90..73925.90 rows=1258543 width=4) (actual time=1909.214..1909.214 rows=1221534 loops=1)
        Buckets: 131072  Batches: 32  Memory Usage: 2363kB
        ->  Seq Scan on title t  (cost=0.00..73925.90 rows=1258543 width=4) (actual time=0.016..1512.532 rows=1221534 loops=1)
              Filter: ((production_year < 2011) AND (kind_id = 7))
              Rows Removed by Filter: 1306778
Planning time: 0.799 ms
Execution time: 4064.596 ms
