Seq Scan on movie_keyword mk  (cost=0.00..81003.12 rows=1847991 width=0) (actual time=0.010..1427.331 rows=1852113 loops=1)
  Filter: (keyword_id > 7469)
  Rows Removed by Filter: 2671817
Planning time: 0.402 ms
Execution time: 1661.199 ms
