Seq Scan on cast_info ci  (cost=0.00..796071.18 rows=10730600 width=0) (actual time=2772.261..16325.857 rows=12670688 loops=1)
  Filter: ((person_id < 3072909) AND (role_id < 2))
  Rows Removed by Filter: 23573656
Planning time: 0.374 ms
Execution time: 17887.533 ms
