Hash Join  (cost=83074.74..109986.57 rows=134 width=0) (actual time=1309.142..1819.032 rows=1610 loops=1)
  Hash Cond: (mi_idx.movie_id = t.id)
  ->  Seq Scan on movie_info_idx mi_idx  (cost=0.00..21735.35 rows=1380035 width=4) (actual time=0.017..273.845 rows=1380035 loops=1)
  ->  Hash  (cost=83071.67..83071.67 rows=246 width=8) (actual time=1307.719..1307.719 rows=588 loops=1)
        Buckets: 1024  Batches: 1  Memory Usage: 31kB
        ->  Nested Loop  (cost=0.43..83071.67 rows=246 width=8) (actual time=0.690..1307.183 rows=588 loops=1)
              ->  Seq Scan on movie_keyword mk  (cost=0.00..81003.12 rows=246 width=4) (actual time=0.639..1279.735 rows=588 loops=1)
                    Filter: (keyword_id = 4959)
                    Rows Removed by Filter: 4523342
              ->  Index Only Scan using title_pkey on title t  (cost=0.43..8.40 rows=1 width=4) (actual time=0.044..0.045 rows=1 loops=588)
                    Index Cond: (id = mk.movie_id)
                    Heap Fetches: 588
Planning time: 0.796 ms
Execution time: 1819.396 ms
