Hash Join  (cost=93155.63..469074.47 rows=718507 width=0) (actual time=4341.983..7985.513 rows=12800 loops=1)
  Hash Cond: (mi.movie_id = t.id)
  ->  Seq Scan on movie_info mi  (cost=0.00..346232.03 rows=1550064 width=4) (actual time=2566.744..5326.725 rows=1533909 loops=1)
        Filter: (info_type_id = 3)
        Rows Removed by Filter: 13301811
  ->  Hash  (cost=73925.90..73925.90 rows=1172058 width=4) (actual time=1774.074..1774.074 rows=1128906 loops=1)
        Buckets: 131072  Batches: 16  Memory Usage: 3509kB
        ->  Seq Scan on title t  (cost=0.00..73925.90 rows=1172058 width=4) (actual time=0.034..1417.165 rows=1128906 loops=1)
              Filter: ((production_year < 2010) AND (kind_id = 7))
              Rows Removed by Filter: 1399406
Planning time: 0.822 ms
Execution time: 7986.900 ms
