Nested Loop  (cost=0.43..52283.95 rows=5 width=0) (actual time=268.467..920.148 rows=1 loops=1)
  ->  Seq Scan on movie_companies mc  (cost=0.00..51404.11 rows=104 width=4) (actual time=268.385..919.810 rows=10 loops=1)
        Filter: (company_id = 41933)
        Rows Removed by Filter: 2609119
  ->  Index Scan using title_pkey on title t  (cost=0.43..8.45 rows=1 width=4) (actual time=0.030..0.030 rows=0 loops=10)
        Index Cond: (id = mc.movie_id)
        Filter: (kind_id = 4)
        Rows Removed by Filter: 1
Planning time: 0.747 ms
Execution time: 920.245 ms
