Seq Scan on movie_keyword mk  (cost=0.00..81003.12 rows=246 width=0) (actual time=4.708..1136.341 rows=214 loops=1)
  Filter: (keyword_id = 11325)
  Rows Removed by Filter: 4523716
Planning time: 0.352 ms
Execution time: 1136.559 ms
