Seq Scan on cast_info ci  (cost=0.00..705507.15 rows=500 width=0) (actual time=4084.253..11052.428 rows=32 loops=1)
  Filter: (person_id = 652736)
  Rows Removed by Filter: 36244312
Planning time: 0.373 ms
Execution time: 11052.524 ms
