Hash Join  (cost=74477.30..441704.58 rows=257135 width=0) (actual time=1109.740..8872.076 rows=164282 loops=1)
  Hash Cond: (mi.movie_id = t.id)
  ->  Seq Scan on movie_info mi  (cost=0.00..309384.22 rows=14739122 width=4) (actual time=0.012..4235.439 rows=14835720 loops=1)
  ->  Hash  (cost=73925.90..73925.90 rows=44112 width=4) (actual time=1109.350..1109.350 rows=23586 loops=1)
        Buckets: 65536  Batches: 1  Memory Usage: 1342kB
        ->  Seq Scan on title t  (cost=0.00..73925.90 rows=44112 width=4) (actual time=0.025..1099.558 rows=23586 loops=1)
              Filter: ((production_year < 1999) AND (kind_id = 4))
              Rows Removed by Filter: 2504726
Planning time: 9.483 ms
Execution time: 8896.311 ms
