Hash Join  (cost=102767.86..267727.00 rows=3078524 width=0) (actual time=2048.574..6407.672 rows=3066504 loops=1)
  Hash Cond: (mk.movie_id = t.id)
  ->  Seq Scan on movie_keyword mk  (cost=0.00..81003.12 rows=3078524 width=4) (actual time=0.017..1737.069 rows=3066504 loops=1)
        Filter: (keyword_id < 11420)
        Rows Removed by Filter: 1457426
  ->  Hash  (cost=61283.27..61283.27 rows=2528527 width=4) (actual time=2046.538..2046.538 rows=2528312 loops=1)
        Buckets: 131072  Batches: 64  Memory Usage: 2425kB
        ->  Seq Scan on title t  (cost=0.00..61283.27 rows=2528527 width=4) (actual time=0.013..1176.866 rows=2528312 loops=1)
Planning time: 0.759 ms
Execution time: 6766.813 ms
