Hash Join  (cost=82871.49..125669.85 rows=297588 width=0) (actual time=1474.891..2762.672 rows=577307 loops=1)
  Hash Cond: (mi_idx.movie_id = t.id)
  ->  Seq Scan on movie_info_idx mi_idx  (cost=0.00..21735.35 rows=1380035 width=4) (actual time=0.013..425.251 rows=1380035 loops=1)
  ->  Hash  (cost=73925.90..73925.90 rows=545247 width=4) (actual time=1473.915..1473.915 rows=557319 loops=1)
        Buckets: 131072  Batches: 8  Memory Usage: 3485kB
        ->  Seq Scan on title t  (cost=0.00..73925.90 rows=545247 width=4) (actual time=0.016..1299.184 rows=557319 loops=1)
              Filter: ((production_year < 2011) AND (kind_id = 1))
              Rows Removed by Filter: 1970993
Planning time: 0.770 ms
Execution time: 2830.892 ms
