Hash Join  (cost=102767.86..261770.00 rows=2830955 width=0) (actual time=2518.550..6639.032 rows=2821970 loops=1)
  Hash Cond: (mk.movie_id = t.id)
  ->  Seq Scan on movie_keyword mk  (cost=0.00..81003.12 rows=2830955 width=4) (actual time=0.029..1745.460 rows=2821970 loops=1)
        Filter: (keyword_id > 2652)
        Rows Removed by Filter: 1701960
  ->  Hash  (cost=61283.27..61283.27 rows=2528527 width=4) (actual time=2517.543..2517.543 rows=2528312 loops=1)
        Buckets: 131072  Batches: 64  Memory Usage: 2425kB
        ->  Seq Scan on title t  (cost=0.00..61283.27 rows=2528527 width=4) (actual time=0.020..1170.725 rows=2528312 loops=1)
Planning time: 0.748 ms
Execution time: 6952.150 ms
