Hash Join  (cost=155623.42..1280737.42 rows=8888678 width=0) (actual time=3653.304..40334.275 rows=18542265 loops=1)
  Hash Cond: (ci.movie_id = t.id)
  ->  Seq Scan on cast_info ci  (cost=0.00..614943.12 rows=36225612 width=4) (actual time=0.020..13163.872 rows=36244344 loops=1)
  ->  Hash  (cost=145444.11..145444.11 rows=620425 width=8) (actual time=3652.548..3652.548 rows=583393 loops=1)
        Buckets: 131072  Batches: 16  Memory Usage: 2449kB
        ->  Hash Join  (cost=95609.14..145444.11 rows=620425 width=8) (actual time=2050.669..3475.684 rows=583393 loops=1)
              Hash Cond: (mi_idx.movie_id = t.id)
              ->  Seq Scan on movie_info_idx mi_idx  (cost=0.00..25185.44 rows=919057 width=4) (actual time=0.015..509.318 rows=920110 loops=1)
                    Filter: (info_type_id > 99)
                    Rows Removed by Filter: 459925
              ->  Hash  (cost=67604.59..67604.59 rows=1706924 width=4) (actual time=2049.668..2049.668 rows=1700316 loops=1)
                    Buckets: 131072  Batches: 32  Memory Usage: 2895kB
                    ->  Seq Scan on title t  (cost=0.00..67604.59 rows=1706924 width=4) (actual time=0.015..1238.224 rows=1700316 loops=1)
                          Filter: (production_year > 1992)
                          Rows Removed by Filter: 827996
Planning time: 1.178 ms
Execution time: 42551.341 ms
