Hash Join  (cost=68365.25..156112.05 rows=108876 width=0) (actual time=1133.609..3123.496 rows=128183 loops=1)
  Hash Cond: (mk.movie_id = t.id)
  ->  Seq Scan on movie_keyword mk  (cost=0.00..69693.30 rows=4523930 width=4) (actual time=0.023..1079.602 rows=4523930 loops=1)
  ->  Hash  (cost=67604.59..67604.59 rows=60853 width=4) (actual time=1132.822..1132.822 rows=62568 loops=1)
        Buckets: 65536  Batches: 1  Memory Usage: 2712kB
        ->  Seq Scan on title t  (cost=0.00..67604.59 rows=60853 width=4) (actual time=0.030..1102.079 rows=62568 loops=1)
              Filter: (production_year = 2002)
              Rows Removed by Filter: 2465744
Planning time: 1.222 ms
Execution time: 3140.298 ms
