Hash Join  (cost=170541.02..554082.34 rows=46148 width=0) (actual time=3293.909..11201.287 rows=398319 loops=1)
  Hash Cond: (mi.movie_id = t.id)
  ->  Seq Scan on movie_info mi  (cost=0.00..309384.22 rows=14739122 width=4) (actual time=0.018..4397.837 rows=14835720 loops=1)
  ->  Hash  (cost=170442.05..170442.05 rows=7917 width=8) (actual time=3293.481..3293.481 rows=33488 loops=1)
        Buckets: 65536 (originally 8192)  Batches: 1 (originally 1)  Memory Usage: 1821kB
        ->  Hash Join  (cost=73986.94..170442.05 rows=7917 width=8) (actual time=1029.082..3281.681 rows=33488 loops=1)
              Hash Cond: (mk.movie_id = t.id)
              ->  Seq Scan on movie_keyword mk  (cost=0.00..81003.12 rows=4099418 width=4) (actual time=0.019..1618.965 rows=4087742 loops=1)
                    Filter: (keyword_id > 335)
                    Rows Removed by Filter: 436188
              ->  Hash  (cost=73925.90..73925.90 rows=4883 width=4) (actual time=1028.544..1028.544 rows=9263 loops=1)
                    Buckets: 16384 (originally 8192)  Batches: 1 (originally 1)  Memory Usage: 454kB
                    ->  Seq Scan on title t  (cost=0.00..73925.90 rows=4883 width=4) (actual time=399.311..1024.395 rows=9263 loops=1)
                          Filter: ((kind_id = 4) AND (production_year = 2006))
                          Rows Removed by Filter: 2519049
Planning time: 1.175 ms
Execution time: 11253.748 ms
