Hash Join  (cost=245050.89..824193.75 rows=7583105 width=0) (actual time=5556.006..18939.056 rows=3370700 loops=1)
  Hash Cond: (mi.movie_id = t.id)
  ->  Seq Scan on movie_info mi  (cost=0.00..309384.22 rows=14739122 width=4) (actual time=0.016..6010.294 rows=14835720 loops=1)
  ->  Hash  (cost=223707.67..223707.67 rows=1300897 width=8) (actual time=5233.515..5233.515 rows=328672 loops=1)
        Buckets: 131072  Batches: 32  Memory Usage: 1443kB
        ->  Hash Join  (cost=85855.67..223707.67 rows=1300897 width=8) (actual time=3378.227..5130.406 rows=328672 loops=1)
              Hash Cond: (mk.movie_id = t.id)
              ->  Seq Scan on movie_keyword mk  (cost=0.00..69693.30 rows=4523930 width=4) (actual time=0.012..1427.657 rows=4523930 loops=1)
              ->  Hash  (cost=73925.90..73925.90 rows=727101 width=4) (actual time=1577.607..1577.607 rows=796159 loops=1)
                    Buckets: 131072  Batches: 16  Memory Usage: 2786kB
                    ->  Seq Scan on title t  (cost=0.00..73925.90 rows=727101 width=4) (actual time=243.085..1314.142 rows=796159 loops=1)
                          Filter: ((production_year > 2003) AND (kind_id = 7))
                          Rows Removed by Filter: 1732153
Planning time: 9.726 ms
Execution time: 19315.907 ms
