Seq Scan on movie_companies mc  (cost=0.00..51404.11 rows=104 width=0) (actual time=147.286..846.251 rows=12 loops=1)
  Filter: (company_id = 67528)
  Rows Removed by Filter: 2609117
Planning time: 0.313 ms
Execution time: 846.319 ms
