Hash Join  (cost=138304.79..219321.35 rows=432803 width=0) (actual time=3324.053..5225.470 rows=454338 loops=1)
  Hash Cond: (mc.movie_id = t.id)
  ->  Seq Scan on movie_companies mc  (cost=0.00..44881.29 rows=2609129 width=4) (actual time=0.031..947.559 rows=2609129 loops=1)
  ->  Hash  (cost=131422.88..131422.88 rows=419433 width=8) (actual time=2968.064..2968.064 rows=202476 loops=1)
        Buckets: 131072  Batches: 8  Memory Usage: 2004kB
        ->  Hash Join  (cost=86534.07..131422.88 rows=419433 width=8) (actual time=2143.701..2905.681 rows=202476 loops=1)
              Hash Cond: (mi_idx.movie_id = t.id)
              ->  Seq Scan on movie_info_idx mi_idx  (cost=0.00..21735.35 rows=1380035 width=4) (actual time=0.025..428.796 rows=1380035 loops=1)
              ->  Hash  (cost=73925.90..73925.90 rows=768493 width=4) (actual time=1653.262..1653.262 rows=840010 loops=1)
                    Buckets: 131072  Batches: 16  Memory Usage: 2877kB
                    ->  Seq Scan on title t  (cost=0.00..73925.90 rows=768493 width=4) (actual time=0.032..1390.981 rows=840010 loops=1)
                          Filter: ((production_year > 2002) AND (kind_id = 7))
                          Rows Removed by Filter: 1688302
Planning time: 1.251 ms
Execution time: 5282.705 ms
