Hash Join  (cost=237208.12..404270.13 rows=3234306 width=0) (actual time=5440.030..16310.313 rows=29061058 loops=1)
  Hash Cond: (mk.movie_id = t.id)
  ->  Seq Scan on movie_keyword mk  (cost=0.00..69693.30 rows=4523930 width=4) (actual time=0.019..1511.941 rows=4523930 loops=1)
  ->  Hash  (cost=207549.53..207549.53 rows=1807727 width=8) (actual time=5438.408..5438.408 rows=1801052 loops=1)
        Buckets: 131072  Batches: 32  Memory Usage: 3264kB
        ->  Hash Join  (cost=102767.86..207549.53 rows=1807727 width=8) (actual time=1976.953..4919.094 rows=1801052 loops=1)
              Hash Cond: (mc.movie_id = t.id)
              ->  Seq Scan on movie_companies mc  (cost=0.00..51404.11 rows=1807727 width=4) (actual time=0.025..1101.977 rows=1801052 loops=1)
                    Filter: (company_id < 29511)
                    Rows Removed by Filter: 808077
              ->  Hash  (cost=61283.27..61283.27 rows=2528527 width=4) (actual time=1975.091..1975.091 rows=2528312 loops=1)
                    Buckets: 131072  Batches: 64  Memory Usage: 2415kB
                    ->  Seq Scan on title t  (cost=0.00..61283.27 rows=2528527 width=4) (actual time=0.009..1127.888 rows=2528312 loops=1)
Planning time: 1.163 ms
Execution time: 19783.980 ms
