Seq Scan on movie_companies mc  (cost=0.00..51404.11 rows=372515 width=0) (actual time=0.013..936.966 rows=371931 loops=1)
  Filter: (company_id < 207)
  Rows Removed by Filter: 2237198
Planning time: 0.345 ms
Execution time: 984.215 ms
