Seq Scan on movie_keyword mk  (cost=0.00..81003.12 rows=863784 width=0) (actual time=0.030..1446.050 rows=873210 loops=1)
  Filter: (keyword_id > 21145)
  Rows Removed by Filter: 3650720
Planning time: 0.328 ms
Execution time: 1563.986 ms
