Hash Join  (cost=102767.86..1436281.07 rows=25688373 width=0) (actual time=1893.474..39144.834 rows=25700378 loops=1)
  Hash Cond: (ci.movie_id = t.id)
  ->  Seq Scan on cast_info ci  (cost=0.00..705507.15 rows=25688373 width=4) (actual time=0.016..15375.074 rows=25700378 loops=1)
        Filter: (person_id < 2654744)
        Rows Removed by Filter: 10543966
  ->  Hash  (cost=61283.27..61283.27 rows=2528527 width=4) (actual time=1891.959..1891.959 rows=2528312 loops=1)
        Buckets: 131072  Batches: 64  Memory Usage: 2415kB
        ->  Seq Scan on title t  (cost=0.00..61283.27 rows=2528527 width=4) (actual time=0.014..1022.829 rows=2528312 loops=1)
Planning time: 0.799 ms
Execution time: 42097.071 ms
