Seq Scan on cast_info ci  (cost=0.00..705507.15 rows=10303072 width=0) (actual time=0.011..11245.128 rows=10145556 loops=1)
  Filter: (person_id < 996856)
  Rows Removed by Filter: 26098788
Planning time: 0.348 ms
Execution time: 12571.951 ms
