Hash Join  (cost=102767.86..200607.20 rows=1519214 width=0) (actual time=2217.255..4865.847 rows=1502862 loops=1)
  Hash Cond: (mc.movie_id = t.id)
  ->  Seq Scan on movie_companies mc  (cost=0.00..51404.11 rows=1519214 width=4) (actual time=0.018..941.168 rows=1502862 loops=1)
        Filter: (company_id < 14048)
        Rows Removed by Filter: 1106267
  ->  Hash  (cost=61283.27..61283.27 rows=2528527 width=4) (actual time=2215.496..2215.496 rows=2528312 loops=1)
        Buckets: 131072  Batches: 64  Memory Usage: 2415kB
        ->  Seq Scan on title t  (cost=0.00..61283.27 rows=2528527 width=4) (actual time=0.030..1096.565 rows=2528312 loops=1)
Planning time: 0.767 ms
Execution time: 5058.487 ms
