Seq Scan on movie_keyword mk  (cost=0.00..81003.12 rows=246 width=0) (actual time=0.837..1258.921 rows=693 loops=1)
  Filter: (keyword_id = 478)
  Rows Removed by Filter: 4523237
Planning time: 0.383 ms
Execution time: 1259.288 ms
