Hash Join  (cost=157561.38..523656.89 rows=12559 width=0) (actual time=2490.824..9211.289 rows=709579 loops=1)
  Hash Cond: (mi.movie_id = t.id)
  ->  Seq Scan on movie_info mi  (cost=0.00..346232.03 rows=5263441 width=4) (actual time=0.027..5629.190 rows=5270569 loops=1)
        Filter: (info_type_id > 15)
        Rows Removed by Filter: 9565151
  ->  Hash  (cost=157485.97..157485.97 rows=6033 width=8) (actual time=2490.525..2490.525 rows=13710 loops=1)
        Buckets: 16384 (originally 8192)  Batches: 1 (originally 1)  Memory Usage: 664kB
        ->  Hash Join  (cost=74255.97..157485.97 rows=6033 width=8) (actual time=1066.407..2485.269 rows=13710 loops=1)
              Hash Cond: (mk.movie_id = t.id)
              ->  Seq Scan on movie_keyword mk  (cost=0.00..81003.12 rows=577746 width=4) (actual time=0.013..1308.995 rows=575267 loops=1)
                    Filter: (keyword_id > 31902)
                    Rows Removed by Filter: 3948663
              ->  Hash  (cost=73925.90..73925.90 rows=26405 width=4) (actual time=1065.490..1065.490 rows=23926 loops=1)
                    Buckets: 32768  Batches: 1  Memory Usage: 1098kB
                    ->  Seq Scan on title t  (cost=0.00..73925.90 rows=26405 width=4) (actual time=0.024..1055.375 rows=23926 loops=1)
                          Filter: ((kind_id < 7) AND (production_year = 2003))
                          Rows Removed by Filter: 2504386
Planning time: 1.180 ms
Execution time: 9298.651 ms
