Hash Join  (cost=222522.30..1297324.10 rows=6545285 width=0) (actual time=8941.857..33684.485 rows=5609855 loops=1)
  Hash Cond: (ci.movie_id = t.id)
  ->  Seq Scan on cast_info ci  (cost=0.00..705507.15 rows=23499554 width=4) (actual time=4198.424..15951.782 rows=23573656 loops=1)
        Filter: (role_id > 1)
        Rows Removed by Filter: 12670688
  ->  Hash  (cost=210966.98..210966.98 rows=704266 width=8) (actual time=4742.381..4742.381 rows=217260 loops=1)
        Buckets: 131072  Batches: 16  Memory Usage: 1593kB
        ->  Hash Join  (cost=80384.28..210966.98 rows=704266 width=8) (actual time=1598.789..4689.835 rows=217260 loops=1)
              Hash Cond: (mk.movie_id = t.id)
              ->  Seq Scan on movie_keyword mk  (cost=0.00..69693.30 rows=4523930 width=4) (actual time=0.020..1359.912 rows=4523930 loops=1)
              ->  Hash  (cost=73925.90..73925.90 rows=393630 width=4) (actual time=1596.861..1596.861 rows=401187 loops=1)
                    Buckets: 131072  Batches: 8  Memory Usage: 2800kB
                    ->  Seq Scan on title t  (cost=0.00..73925.90 rows=393630 width=4) (actual time=0.022..1334.923 rows=401187 loops=1)
                          Filter: ((kind_id > 1) AND (production_year > 2009))
                          Rows Removed by Filter: 2127125
Planning time: 1.150 ms
Execution time: 34325.791 ms
