Seq Scan on movie_keyword mk  (cost=0.00..81003.12 rows=3956871 width=0) (actual time=0.014..1432.334 rows=3953991 loops=1)
  Filter: (keyword_id > 403)
  Rows Removed by Filter: 569939
Planning time: 0.343 ms
Execution time: 1931.549 ms
