Hash Join  (cost=28270.40..121831.95 rows=487 width=0) (actual time=354.636..2275.148 rows=31743 loops=1)
  Hash Cond: (mk.movie_id = t.id)
  ->  Seq Scan on movie_keyword mk  (cost=0.00..81003.12 rows=3347614 width=4) (actual time=0.019..1457.560 rows=3342904 loops=1)
        Filter: (keyword_id > 1398)
        Rows Removed by Filter: 1181026
  ->  Hash  (cost=28265.80..28265.80 rows=368 width=8) (actual time=350.931..350.931 rows=260 loops=1)
        Buckets: 1024  Batches: 1  Memory Usage: 19kB
        ->  Nested Loop  (cost=0.43..28265.80 rows=368 width=8) (actual time=73.294..350.810 rows=260 loops=1)
              ->  Seq Scan on movie_info_idx mi_idx  (cost=0.00..25185.44 rows=368 width=4) (actual time=69.166..338.469 rows=260 loops=1)
                    Filter: (info_type_id > 101)
                    Rows Removed by Filter: 1379775
              ->  Index Only Scan using title_pkey on title t  (cost=0.43..8.36 rows=1 width=4) (actual time=0.046..0.047 rows=1 loops=260)
                    Index Cond: (id = mi_idx.movie_id)
                    Heap Fetches: 260
Planning time: 1.138 ms
Execution time: 2279.313 ms
