Hash Join  (cost=74251.74..900850.95 rows=81679 width=0) (actual time=11290.718..15176.303 rows=32823 loops=1)
  Hash Cond: (ci.movie_id = t.id)
  ->  Seq Scan on cast_info ci  (cost=0.00..796071.18 rows=7922996 width=4) (actual time=10216.620..13357.615 rows=2811261 loops=1)
        Filter: ((person_id > 1343099) AND (role_id = 1))
        Rows Removed by Filter: 33433083
  ->  Hash  (cost=73925.90..73925.90 rows=26067 width=4) (actual time=1073.646..1073.646 rows=27085 loops=1)
        Buckets: 32768  Batches: 1  Memory Usage: 1209kB
        ->  Seq Scan on title t  (cost=0.00..73925.90 rows=26067 width=4) (actual time=0.048..1062.544 rows=27085 loops=1)
              Filter: ((kind_id < 7) AND (production_year > 2012))
              Rows Removed by Filter: 2501227
Planning time: 0.836 ms
Execution time: 15182.027 ms
