Seq Scan on cast_info ci  (cost=0.00..705507.15 rows=500 width=0) (actual time=5733.117..11140.825 rows=1 loops=1)
  Filter: (person_id = 2001645)
  Rows Removed by Filter: 36244343
Planning time: 5.066 ms
Execution time: 11140.933 ms
