Hash Join  (cost=94699.36..846070.04 rows=58152 width=0) (actual time=1619.298..17633.965 rows=37973 loops=1)
  Hash Cond: (ci.movie_id = t.id)
  ->  Seq Scan on cast_info ci  (cost=0.00..614943.12 rows=36225612 width=4) (actual time=0.010..8707.940 rows=36244344 loops=1)
  ->  Hash  (cost=94648.62..94648.62 rows=4059 width=8) (actual time=1617.670..1617.670 rows=2068 loops=1)
        Buckets: 4096  Batches: 1  Memory Usage: 113kB
        ->  Hash Join  (cost=67697.55..94648.62 rows=4059 width=8) (actual time=1066.832..1616.727 rows=2068 loops=1)
              Hash Cond: (mi_idx.movie_id = t.id)
              ->  Seq Scan on movie_info_idx mi_idx  (cost=0.00..21735.35 rows=1380035 width=4) (actual time=0.015..281.248 rows=1380035 loops=1)
              ->  Hash  (cost=67604.59..67604.59 rows=7437 width=4) (actual time=1066.563..1066.563 rows=2543 loops=1)
                    Buckets: 8192  Batches: 1  Memory Usage: 154kB
                    ->  Seq Scan on title t  (cost=0.00..67604.59 rows=7437 width=4) (actual time=279.601..1065.338 rows=2543 loops=1)
                          Filter: (production_year = 1930)
                          Rows Removed by Filter: 2525769
Planning time: 1.167 ms
Execution time: 17641.124 ms
