Nested Loop  (cost=0.43..69318.15 rows=308 width=0) (actual time=2.081..786.689 rows=2338 loops=1)
  ->  Seq Scan on movie_companies mc  (cost=0.00..57926.93 rows=1407 width=4) (actual time=2.032..728.384 rows=2340 loops=1)
        Filter: ((company_id = 4625) AND (company_type_id = 1))
        Rows Removed by Filter: 2606789
  ->  Index Scan using title_pkey on title t  (cost=0.43..8.09 rows=1 width=4) (actual time=0.024..0.024 rows=1 loops=2340)
        Index Cond: (id = mc.movie_id)
        Filter: (production_year < 1983)
        Rows Removed by Filter: 0
Planning time: 0.840 ms
Execution time: 787.326 ms
