Seq Scan on cast_info ci  (cost=0.00..796071.18 rows=3680658 width=0) (actual time=8846.867..11536.855 rows=1714234 loops=1)
  Filter: ((person_id < 1667351) AND (role_id > 6))
  Rows Removed by Filter: 34530110
Planning time: 0.380 ms
Execution time: 11708.262 ms
