Seq Scan on title t  (cost=0.00..67604.59 rows=2010348 width=0) (actual time=0.021..989.631 rows=2004649 loops=1)
  Filter: (production_year > 1975)
  Rows Removed by Filter: 523663
Planning time: 0.317 ms
Execution time: 1191.250 ms
