Hash Join  (cost=164373.04..873259.05 rows=1894 width=0) (actual time=6794.930..15589.503 rows=2292 loops=1)
  Hash Cond: (ci.movie_id = t.id)
  ->  Seq Scan on cast_info ci  (cost=0.00..705507.15 rows=895980 width=4) (actual time=3874.629..12589.533 rows=898389 loops=1)
        Filter: (role_id = 5)
        Rows Removed by Filter: 35345955
  ->  Hash  (cost=164306.25..164306.25 rows=5343 width=8) (actual time=2919.920..2919.920 rows=4954 loops=1)
        Buckets: 8192  Batches: 1  Memory Usage: 258kB
        ->  Hash Join  (cost=73994.33..164306.25 rows=5343 width=8) (actual time=1093.903..2917.924 rows=4954 loops=1)
              Hash Cond: (mk.movie_id = t.id)
              ->  Seq Scan on movie_keyword mk  (cost=0.00..81003.12 rows=2468098 width=4) (actual time=0.031..1435.294 rows=2465035 loops=1)
                    Filter: (keyword_id < 5925)
                    Rows Removed by Filter: 2058895
              ->  Hash  (cost=73925.90..73925.90 rows=5474 width=4) (actual time=1093.194..1093.194 rows=9913 loops=1)
                    Buckets: 16384 (originally 8192)  Batches: 1 (originally 1)  Memory Usage: 477kB
                    ->  Seq Scan on title t  (cost=0.00..73925.90 rows=5474 width=4) (actual time=0.061..1088.215 rows=9913 loops=1)
                          Filter: ((kind_id > 1) AND (production_year = 1977))
                          Rows Removed by Filter: 2518399
Planning time: 1.307 ms
Execution time: 15589.982 ms
