Hash Join  (cost=101476.78..923008.67 rows=18324 width=0) (actual time=1270.392..16114.667 rows=88122 loops=1)
  Hash Cond: (ci.movie_id = t.id)
  ->  Seq Scan on cast_info ci  (cost=0.00..796071.18 rows=6740655 width=4) (actual time=0.020..12900.147 rows=10404373 loops=1)
        Filter: ((person_id > 2670350) AND (role_id > 1))
        Rows Removed by Filter: 25839971
  ->  Hash  (cost=101390.86..101390.86 rows=6874 width=8) (actual time=1270.057..1270.057 rows=8849 loops=1)
        Buckets: 16384 (originally 8192)  Batches: 1 (originally 1)  Memory Usage: 474kB
        ->  Hash Join  (cost=74393.18..101390.86 rows=6874 width=8) (actual time=724.382..1266.231 rows=8849 loops=1)
              Hash Cond: (mi_idx.movie_id = t.id)
              ->  Seq Scan on movie_info_idx mi_idx  (cost=0.00..25185.44 rows=464934 width=4) (actual time=0.024..412.986 rows=460185 loops=1)
                    Filter: (info_type_id > 100)
                    Rows Removed by Filter: 919850
              ->  Hash  (cost=73925.90..73925.90 rows=37382 width=4) (actual time=724.005..724.005 rows=33190 loops=1)
                    Buckets: 65536  Batches: 1  Memory Usage: 1679kB
                    ->  Seq Scan on title t  (cost=0.00..73925.90 rows=37382 width=4) (actual time=29.676..710.917 rows=33190 loops=1)
                          Filter: ((kind_id = 1) AND (production_year = 2010))
                          Rows Removed by Filter: 2495122
Planning time: 1.471 ms
Execution time: 16130.371 ms
