Hash Join  (cost=83692.58..167210.39 rows=614229 width=0) (actual time=1415.813..3561.545 rows=465655 loops=1)
  Hash Cond: (mc.movie_id = t.id)
  ->  Seq Scan on movie_companies mc  (cost=0.00..44881.29 rows=2609129 width=4) (actual time=0.022..876.661 rows=2609129 loops=1)
  ->  Hash  (cost=73925.90..73925.90 rows=595254 width=4) (actual time=1414.815..1414.815 rows=471078 loops=1)
        Buckets: 131072  Batches: 8  Memory Usage: 3086kB
        ->  Seq Scan on title t  (cost=0.00..73925.90 rows=595254 width=4) (actual time=0.023..1261.417 rows=471078 loops=1)
              Filter: ((kind_id > 1) AND (production_year < 1995))
              Rows Removed by Filter: 2057234
Planning time: 0.590 ms
Execution time: 3611.872 ms
