Seq Scan on movie_keyword mk  (cost=0.00..81003.12 rows=2542772 width=0) (actual time=0.026..1609.440 rows=2541599 loops=1)
  Filter: (keyword_id > 3501)
  Rows Removed by Filter: 1982331
Planning time: 0.324 ms
Execution time: 1966.488 ms
