Hash Join  (cost=473818.47..1593338.15 rows=8344054 width=0) (actual time=8746.123..40086.030 rows=6026897 loops=1)
  Hash Cond: (ci.movie_id = t.id)
  ->  Seq Scan on cast_info ci  (cost=0.00..614943.12 rows=36225612 width=4) (actual time=0.017..13375.007 rows=36244344 loops=1)
  ->  Hash  (cost=464262.35..464262.35 rows=582410 width=8) (actual time=8745.390..8745.390 rows=254752 loops=1)
        Buckets: 131072  Batches: 8  Memory Usage: 2272kB
        ->  Hash Join  (cost=93038.76..464262.35 rows=582410 width=8) (actual time=3456.832..8677.948 rows=254752 loops=1)
              Hash Cond: (mi.movie_id = t.id)
              ->  Seq Scan on movie_info mi  (cost=0.00..346232.03 rows=1264125 width=4) (actual time=1463.923..5822.187 rows=1288928 loops=1)
                    Filter: (info_type_id = 2)
                    Rows Removed by Filter: 13546792
              ->  Hash  (cost=73925.90..73925.90 rows=1164948 width=4) (actual time=1991.867..1991.867 rows=1252934 loops=1)
                    Buckets: 131072  Batches: 16  Memory Usage: 3794kB
                    ->  Seq Scan on title t  (cost=0.00..73925.90 rows=1164948 width=4) (actual time=0.029..1589.747 rows=1252934 loops=1)
                          Filter: ((production_year > 1982) AND (kind_id = 7))
                          Rows Removed by Filter: 1275378
Planning time: 0.972 ms
Execution time: 40829.402 ms
