Seq Scan on movie_keyword mk  (cost=0.00..81003.12 rows=1212621 width=0) (actual time=0.015..1398.490 rows=1216095 loops=1)
  Filter: (keyword_id < 1532)
  Rows Removed by Filter: 3307835
Planning time: 0.345 ms
Execution time: 1543.547 ms
