Seq Scan on movie_companies mc  (cost=0.00..51404.11 rows=10176 width=0) (actual time=1.288..899.413 rows=9230 loops=1)
  Filter: (company_id = 11141)
  Rows Removed by Filter: 2599899
Planning time: 0.414 ms
Execution time: 901.866 ms
