Hash Join  (cost=114570.55..169746.12 rows=51004 width=0) (actual time=2086.829..3340.832 rows=119193 loops=1)
  Hash Cond: (mc.movie_id = t.id)
  ->  Seq Scan on movie_companies mc  (cost=0.00..44881.29 rows=2609129 width=4) (actual time=0.022..587.262 rows=2609129 loops=1)
  ->  Hash  (cost=113952.70..113952.70 rows=49428 width=8) (actual time=2086.336..2086.336 rows=38610 loops=1)
        Buckets: 65536  Batches: 1  Memory Usage: 2021kB
        ->  Hash Join  (cost=75411.94..113952.70 rows=49428 width=8) (actual time=1128.474..2073.886 rows=38610 loops=1)
              Hash Cond: (mi_idx.movie_id = t.id)
              ->  Seq Scan on movie_info_idx mi_idx  (cost=0.00..21735.35 rows=1380035 width=4) (actual time=0.010..465.605 rows=1380035 loops=1)
              ->  Hash  (cost=73925.90..73925.90 rows=90563 width=4) (actual time=1127.599..1127.599 rows=80990 loops=1)
                    Buckets: 131072  Batches: 2  Memory Usage: 2450kB
                    ->  Seq Scan on title t  (cost=0.00..73925.90 rows=90563 width=4) (actual time=0.018..1097.132 rows=80990 loops=1)
                          Filter: ((kind_id < 7) AND (production_year > 2011))
                          Rows Removed by Filter: 2447322
Planning time: 1.144 ms
Execution time: 3357.316 ms
