Seq Scan on movie_keyword mk  (cost=0.00..81003.12 rows=3752572 width=0) (actual time=0.021..1559.261 rows=3744280 loops=1)
  Filter: (keyword_id < 24179)
  Rows Removed by Filter: 779650
Planning time: 0.376 ms
Execution time: 2018.586 ms
