Seq Scan on movie_keyword mk  (cost=0.00..81003.12 rows=246 width=0) (actual time=10.397..849.056 rows=94 loops=1)
  Filter: (keyword_id = 7710)
  Rows Removed by Filter: 4523836
Planning time: 0.405 ms
Execution time: 849.196 ms
