Seq Scan on title t  (cost=0.00..73925.90 rows=2905 width=0) (actual time=362.794..1232.928 rows=8902 loops=1)
  Filter: ((kind_id < 7) AND (production_year = 1913))
  Rows Removed by Filter: 2519410
Planning time: 0.402 ms
Execution time: 1234.724 ms
