Hash Join  (cost=192207.90..236415.90 rows=379752 width=0) (actual time=4086.480..5570.002 rows=1091613 loops=1)
  Hash Cond: (mi_idx.movie_id = t.id)
  ->  Seq Scan on movie_info_idx mi_idx  (cost=0.00..21735.35 rows=1380035 width=4) (actual time=12.312..456.971 rows=1380035 loops=1)
  ->  Hash  (cost=180792.54..180792.54 rows=695789 width=8) (actual time=4073.136..4073.136 rows=686691 loops=1)
        Buckets: 131072  Batches: 16  Memory Usage: 2699kB
        ->  Hash Join  (cost=102767.86..180792.54 rows=695789 width=8) (actual time=2005.196..3884.783 rows=686691 loops=1)
              Hash Cond: (mc.movie_id = t.id)
              ->  Seq Scan on movie_companies mc  (cost=0.00..51404.11 rows=695789 width=4) (actual time=0.049..927.165 rows=686691 loops=1)
                    Filter: (company_id < 1226)
                    Rows Removed by Filter: 1922438
              ->  Hash  (cost=61283.27..61283.27 rows=2528527 width=4) (actual time=2003.959..2003.959 rows=2528312 loops=1)
                    Buckets: 131072  Batches: 64  Memory Usage: 2415kB
                    ->  Seq Scan on title t  (cost=0.00..61283.27 rows=2528527 width=4) (actual time=0.046..1159.778 rows=2528312 loops=1)
Planning time: 1.172 ms
Execution time: 5706.334 ms
