Hash Join  (cost=78473.92..149928.93 rows=322590 width=0) (actual time=1376.562..3128.939 rows=241167 loops=1)
  Hash Cond: (mc.movie_id = t.id)
  ->  Seq Scan on movie_companies mc  (cost=0.00..51404.11 rows=1231199 width=4) (actual time=0.014..1048.032 rows=1219174 loops=1)
        Filter: (company_id < 11138)
        Rows Removed by Filter: 1389955
  ->  Hash  (cost=67604.59..67604.59 rows=662507 width=4) (actual time=1375.350..1375.350 rows=662065 loops=1)
        Buckets: 131072  Batches: 16  Memory Usage: 2481kB
        ->  Seq Scan on title t  (cost=0.00..67604.59 rows=662507 width=4) (actual time=0.028..1157.645 rows=662065 loops=1)
              Filter: (production_year > 2008)
              Rows Removed by Filter: 1866247
Planning time: 0.739 ms
Execution time: 3156.491 ms
