Hash Join  (cost=1011338.20..1646800.89 rows=11134695 width=0) (actual time=25163.814..67960.080 rows=114058824 loops=1)
  Hash Cond: (mi.movie_id = t.id)
  ->  Seq Scan on movie_info mi  (cost=0.00..309384.22 rows=14739122 width=4) (actual time=0.005..6095.701 rows=14835720 loops=1)
  ->  Hash  (cost=979998.95..979998.95 rows=1910180 width=8) (actual time=25161.557..25161.557 rows=3811955 loops=1)
        Buckets: 131072 (originally 131072)  Batches: 64 (originally 32)  Memory Usage: 3485kB
        ->  Hash Join  (cost=78556.72..979998.95 rows=1910180 width=8) (actual time=1237.833..23926.638 rows=3811955 loops=1)
              Hash Cond: (ci.movie_id = t.id)
              ->  Seq Scan on cast_info ci  (cost=0.00..796071.18 rows=7235533 width=4) (actual time=0.029..15266.345 rows=12670688 loops=1)
                    Filter: ((person_id < 2062413) AND (role_id < 2))
                    Rows Removed by Filter: 23573656
              ->  Hash  (cost=67604.59..67604.59 rows=667531 width=4) (actual time=1236.814..1236.814 rows=662825 loops=1)
                    Buckets: 131072  Batches: 16  Memory Usage: 2476kB
                    ->  Seq Scan on title t  (cost=0.00..67604.59 rows=667531 width=4) (actual time=431.721..1022.998 rows=662825 loops=1)
                          Filter: (kind_id = 1)
                          Rows Removed by Filter: 1865487
Planning time: 1.249 ms
Execution time: 80943.399 ms
