Hash Join  (cost=102767.86..212885.07 rows=2029483 width=0) (actual time=2056.742..5090.086 rows=2024672 loops=1)
  Hash Cond: (mc.movie_id = t.id)
  ->  Seq Scan on movie_companies mc  (cost=0.00..51404.11 rows=2029483 width=4) (actual time=0.016..1049.793 rows=2024672 loops=1)
        Filter: (company_id < 70960)
        Rows Removed by Filter: 584457
  ->  Hash  (cost=61283.27..61283.27 rows=2528527 width=4) (actual time=2055.188..2055.188 rows=2528312 loops=1)
        Buckets: 131072  Batches: 64  Memory Usage: 2415kB
        ->  Seq Scan on title t  (cost=0.00..61283.27 rows=2528527 width=4) (actual time=0.017..1181.538 rows=2528312 loops=1)
Planning time: 0.809 ms
Execution time: 5323.441 ms
