Hash Join  (cost=308254.42..1780491.38 rows=33501537 width=0) (actual time=7460.352..63481.846 rows=104786294 loops=1)
  Hash Cond: (ci.movie_id = t.id)
  ->  Seq Scan on cast_info ci  (cost=0.00..705507.15 rows=29912871 width=4) (actual time=0.007..15943.318 rows=29852978 loops=1)
        Filter: (person_id < 3015029)
        Rows Removed by Filter: 6391366
  ->  Hash  (cost=261792.97..261792.97 rows=2831876 width=8) (actual time=7458.762..7458.762 rows=2821377 loops=1)
        Buckets: 131072  Batches: 64  Memory Usage: 2764kB
        ->  Hash Join  (cost=102767.86..261792.97 rows=2831876 width=8) (actual time=2386.819..6665.602 rows=2821377 loops=1)
              Hash Cond: (mk.movie_id = t.id)
              ->  Seq Scan on movie_keyword mk  (cost=0.00..81003.12 rows=2831876 width=4) (actual time=0.008..1714.429 rows=2821377 loops=1)
                    Filter: (keyword_id < 8453)
                    Rows Removed by Filter: 1702553
              ->  Hash  (cost=61283.27..61283.27 rows=2528527 width=4) (actual time=2384.487..2384.487 rows=2528312 loops=1)
                    Buckets: 131072  Batches: 64  Memory Usage: 2425kB
                    ->  Seq Scan on title t  (cost=0.00..61283.27 rows=2528527 width=4) (actual time=0.025..1109.923 rows=2528312 loops=1)
Planning time: 0.748 ms
Execution time: 74805.352 ms
