Hash Join  (cost=92883.59..202159.60 rows=717260 width=0) (actual time=1862.743..4100.453 rows=145193 loops=1)
  Hash Cond: (mk.movie_id = t.id)
  ->  Seq Scan on movie_keyword mk  (cost=0.00..81003.12 rows=1177058 width=4) (actual time=0.021..1473.492 rows=1181859 loops=1)
        Filter: (keyword_id < 1401)
        Rows Removed by Filter: 3342071
  ->  Hash  (cost=67604.59..67604.59 rows=1540800 width=4) (actual time=1746.753..1746.753 rows=1543264 loops=1)
        Buckets: 131072  Batches: 32  Memory Usage: 2728kB
        ->  Seq Scan on title t  (cost=0.00..67604.59 rows=1540800 width=4) (actual time=0.020..1189.623 rows=1543264 loops=1)
              Filter: (kind_id = 7)
              Rows Removed by Filter: 985048
Planning time: 0.516 ms
Execution time: 4117.761 ms
