Hash Join  (cost=263115.61..1248238.89 rows=11402691 width=0) (actual time=6740.398..32194.318 rows=24658283 loops=1)
  Hash Cond: (ci.movie_id = t.id)
  ->  Seq Scan on cast_info ci  (cost=0.00..705507.15 rows=11050436 width=4) (actual time=514.883..13091.623 rows=10963779 loops=1)
        Filter: (person_id < 1077425)
        Rows Removed by Filter: 25280565
  ->  Hash  (cost=220309.49..220309.49 rows=2609129 width=8) (actual time=6223.871..6223.871 rows=2609129 loops=1)
        Buckets: 131072  Batches: 64  Memory Usage: 2610kB
        ->  Hash Join  (cost=102767.86..220309.49 rows=2609129 width=8) (actual time=1894.962..5234.295 rows=2609129 loops=1)
              Hash Cond: (mc.movie_id = t.id)
              ->  Seq Scan on movie_companies mc  (cost=0.00..44881.29 rows=2609129 width=4) (actual time=0.013..874.039 rows=2609129 loops=1)
              ->  Hash  (cost=61283.27..61283.27 rows=2528527 width=4) (actual time=1894.392..1894.392 rows=2528312 loops=1)
                    Buckets: 131072  Batches: 64  Memory Usage: 2415kB
                    ->  Seq Scan on title t  (cost=0.00..61283.27 rows=2528527 width=4) (actual time=0.016..1064.482 rows=2528312 loops=1)
Planning time: 1.134 ms
Execution time: 34880.553 ms
