Hash Join  (cost=102767.86..286552.58 rows=3860898 width=0) (actual time=1962.768..6853.309 rows=3862004 loops=1)
  Hash Cond: (mk.movie_id = t.id)
  ->  Seq Scan on movie_keyword mk  (cost=0.00..81003.12 rows=3860898 width=4) (actual time=0.015..1745.939 rows=3862004 loops=1)
        Filter: (keyword_id > 512)
        Rows Removed by Filter: 661926
  ->  Hash  (cost=61283.27..61283.27 rows=2528527 width=4) (actual time=1960.186..1960.186 rows=2528312 loops=1)
        Buckets: 131072  Batches: 64  Memory Usage: 2425kB
        ->  Seq Scan on title t  (cost=0.00..61283.27 rows=2528527 width=4) (actual time=0.008..1101.678 rows=2528312 loops=1)
Planning time: 0.718 ms
Execution time: 7305.143 ms
