Seq Scan on cast_info ci  (cost=0.00..796071.18 rows=2189664 width=0) (actual time=11451.390..14153.216 rows=1433101 loops=1)
  Filter: ((person_id < 1977482) AND (role_id = 3))
  Rows Removed by Filter: 34811243
Planning time: 0.478 ms
Execution time: 14333.749 ms
