Seq Scan on title t  (cost=0.00..73925.90 rows=87002 width=0) (actual time=0.013..1121.588 rows=93068 loops=1)
  Filter: ((kind_id > 4) AND (production_year = 2010))
  Rows Removed by Filter: 2435244
Planning time: 0.391 ms
Execution time: 1135.298 ms
