Hash Join  (cost=85777.42..1127997.23 rows=6644480 width=0) (actual time=1547.756..31525.990 rows=10392022 loops=1)
  Hash Cond: (ci.movie_id = t.id)
  ->  Seq Scan on cast_info ci  (cost=0.00..796071.18 rows=15167687 width=4) (actual time=0.030..16627.519 rows=20021729 loops=1)
        Filter: ((person_id > 1264071) AND (role_id > 1))
        Rows Removed by Filter: 16222615
  ->  Hash  (cost=67604.59..67604.59 rows=1107667 width=4) (actual time=1546.718..1546.718 rows=1107925 loops=1)
        Buckets: 131072  Batches: 16  Memory Usage: 3460kB
        ->  Seq Scan on title t  (cost=0.00..67604.59 rows=1107667 width=4) (actual time=0.023..1198.466 rows=1107925 loops=1)
              Filter: (production_year > 2004)
              Rows Removed by Filter: 1420387
Planning time: 0.837 ms
Execution time: 32738.044 ms
