Hash Join  (cost=187037.88..706454.11 rows=3712231 width=0) (actual time=3625.331..17788.413 rows=1809301 loops=1)
  Hash Cond: (mi.movie_id = t.id)
  ->  Seq Scan on movie_info mi  (cost=0.00..309384.22 rows=14739122 width=4) (actual time=0.006..6311.455 rows=14835720 loops=1)
  ->  Hash  (cost=176589.36..176589.36 rows=636841 width=8) (actual time=3624.499..3624.499 rows=250356 loops=1)
        Buckets: 131072  Batches: 16  Memory Usage: 1632kB
        ->  Hash Join  (cost=92883.59..176589.36 rows=636841 width=8) (actual time=2507.742..3545.457 rows=250356 loops=1)
              Hash Cond: (mc.movie_id = t.id)
              ->  Seq Scan on movie_companies mc  (cost=0.00..57926.93 rows=1045086 width=4) (actual time=0.023..1072.524 rows=771061 loops=1)
                    Filter: ((company_id < 71564) AND (company_type_id > 1))
                    Rows Removed by Filter: 1838068
              ->  Hash  (cost=67604.59..67604.59 rows=1540800 width=4) (actual time=1784.653..1784.653 rows=1543264 loops=1)
                    Buckets: 131072  Batches: 32  Memory Usage: 2722kB
                    ->  Seq Scan on title t  (cost=0.00..67604.59 rows=1540800 width=4) (actual time=103.333..1294.020 rows=1543264 loops=1)
                          Filter: (kind_id = 7)
                          Rows Removed by Filter: 985048
Planning time: 0.756 ms
Execution time: 17990.336 ms
