Hash Join  (cost=120817.76..493025.46 rows=135058 width=0) (actual time=2449.121..8916.753 rows=175269 loops=1)
  Hash Cond: (mi.movie_id = t.id)
  ->  Seq Scan on movie_info mi  (cost=0.00..346232.03 rows=2073893 width=4) (actual time=0.038..5539.525 rows=2091068 loops=1)
        Filter: (info_type_id < 3)
        Rows Removed by Filter: 12744652
  ->  Hash  (cost=118115.44..118115.44 rows=164665 width=8) (actual time=2448.243..2448.243 rows=123044 loops=1)
        Buckets: 131072  Batches: 4  Memory Usage: 2224kB
        ->  Hash Join  (cost=82423.69..118115.44 rows=164665 width=8) (actual time=1532.246..2410.057 rows=123044 loops=1)
              Hash Cond: (mi_idx.movie_id = t.id)
              ->  Seq Scan on movie_info_idx mi_idx  (cost=0.00..25185.44 rows=460978 width=4) (actual time=0.016..502.760 rows=459925 loops=1)
                    Filter: (info_type_id < 100)
                    Rows Removed by Filter: 920110
              ->  Hash  (cost=67604.59..67604.59 rows=903208 width=4) (actual time=1531.250..1531.250 rows=904491 loops=1)
                    Buckets: 131072  Batches: 16  Memory Usage: 3010kB
                    ->  Seq Scan on title t  (cost=0.00..67604.59 rows=903208 width=4) (actual time=0.022..1232.683 rows=904491 loops=1)
                          Filter: (production_year > 2006)
                          Rows Removed by Filter: 1623821
Planning time: 1.176 ms
Execution time: 8939.735 ms
