Hash Join  (cost=102065.08..189207.30 rows=48418 width=0) (actual time=1813.464..3642.918 rows=350041 loops=1)
  Hash Cond: (mk.movie_id = t.id)
  ->  Seq Scan on movie_keyword mk  (cost=0.00..69693.30 rows=4523930 width=4) (actual time=0.013..914.119 rows=4523930 loops=1)
  ->  Hash  (cost=101726.81..101726.81 rows=27062 width=8) (actual time=1813.236..1813.236 rows=39613 loops=1)
        Buckets: 65536 (originally 32768)  Batches: 1 (originally 1)  Memory Usage: 2060kB
        ->  Hash Join  (cost=74545.71..101726.81 rows=27062 width=8) (actual time=1173.588..1799.061 rows=39613 loops=1)
              Hash Cond: (mi_idx.movie_id = t.id)
              ->  Seq Scan on movie_info_idx mi_idx  (cost=0.00..21735.35 rows=1380035 width=4) (actual time=0.023..306.965 rows=1380035 loops=1)
              ->  Hash  (cost=73925.90..73925.90 rows=49584 width=4) (actual time=1173.023..1173.023 rows=38752 loops=1)
                    Buckets: 65536  Batches: 1  Memory Usage: 1875kB
                    ->  Seq Scan on title t  (cost=0.00..73925.90 rows=49584 width=4) (actual time=0.031..1157.274 rows=38752 loops=1)
                          Filter: ((kind_id < 7) AND (production_year = 2008))
                          Rows Removed by Filter: 2489560
Planning time: 2.405 ms
Execution time: 3686.060 ms
