Seq Scan on cast_info ci  (cost=0.00..796071.18 rows=11005177 width=0) (actual time=1431.206..15828.588 rows=12670688 loops=1)
  Filter: ((person_id < 3178733) AND (role_id = 1))
  Rows Removed by Filter: 23573656
Planning time: 0.296 ms
Execution time: 17358.585 ms
