Seq Scan on movie_companies mc  (cost=0.00..51404.11 rows=2138904 width=0) (actual time=0.019..950.166 rows=2134876 loops=1)
  Filter: (company_id < 75707)
  Rows Removed by Filter: 474253
Planning time: 0.324 ms
Execution time: 1216.659 ms
