Seq Scan on movie_keyword mk  (cost=0.00..81003.12 rows=7540 width=0) (actual time=0.156..1410.206 rows=7668 loops=1)
  Filter: (keyword_id = 231)
  Rows Removed by Filter: 4516262
Planning time: 0.283 ms
Execution time: 1412.024 ms
