Seq Scan on movie_companies mc  (cost=0.00..51404.11 rows=104 width=0) (actual time=94.865..667.378 rows=63 loops=1)
  Filter: (company_id = 24615)
  Rows Removed by Filter: 2609066
Planning time: 0.377 ms
Execution time: 667.483 ms
