Nested Loop  (cost=0.43..52283.95 rows=27 width=0) (actual time=569.509..867.963 rows=5 loops=1)
  ->  Seq Scan on movie_companies mc  (cost=0.00..51404.11 rows=104 width=4) (actual time=289.378..866.562 rows=48 loops=1)
        Filter: (company_id = 67977)
        Rows Removed by Filter: 2609081
  ->  Index Scan using title_pkey on title t  (cost=0.43..8.45 rows=1 width=4) (actual time=0.027..0.027 rows=0 loops=48)
        Index Cond: (id = mc.movie_id)
        Filter: (kind_id = 1)
        Rows Removed by Filter: 1
Planning time: 1.088 ms
Execution time: 868.108 ms
