Hash Join  (cost=204772.20..1083838.84 rows=974819 width=0) (actual time=4428.123..23741.329 rows=871040 loops=1)
  Hash Cond: (ci.movie_id = t.id)
  ->  Seq Scan on cast_info ci  (cost=0.00..705507.15 rows=12726058 width=4) (actual time=0.012..14058.986 rows=12670688 loops=1)
        Filter: (role_id < 2)
        Rows Removed by Filter: 23573656
  ->  Hash  (cost=201594.12..201594.12 rows=193686 width=8) (actual time=4427.380..4427.380 rows=119871 loops=1)
        Buckets: 131072  Batches: 4  Memory Usage: 2170kB
        ->  Hash Join  (cost=69513.49..201594.12 rows=193686 width=8) (actual time=1175.235..4387.505 rows=119871 loops=1)
              Hash Cond: (mk.movie_id = t.id)
              ->  Seq Scan on movie_keyword mk  (cost=0.00..81003.12 rows=4210574 width=4) (actual time=0.016..1879.298 rows=4213037 loops=1)
                    Filter: (keyword_id < 52512)
                    Rows Removed by Filter: 310893
              ->  Hash  (cost=67604.59..67604.59 rows=116312 width=4) (actual time=1174.145..1174.145 rows=120365 loops=1)
                    Buckets: 131072  Batches: 2  Memory Usage: 3140kB
                    ->  Seq Scan on title t  (cost=0.00..67604.59 rows=116312 width=4) (actual time=0.024..1131.447 rows=120365 loops=1)
                          Filter: (production_year < 1932)
                          Rows Removed by Filter: 2407947
Planning time: 0.982 ms
Execution time: 23851.696 ms
