Hash Join  (cost=74710.74..443026.61 rows=365994 width=0) (actual time=1124.096..9190.804 rows=533304 loops=1)
  Hash Cond: (mi.movie_id = t.id)
  ->  Seq Scan on movie_info mi  (cost=0.00..309384.22 rows=14739122 width=4) (actual time=0.013..3855.930 rows=14835720 loops=1)
  ->  Hash  (cost=73925.90..73925.90 rows=62787 width=4) (actual time=1123.701..1123.701 rows=53770 loops=1)
        Buckets: 65536  Batches: 1  Memory Usage: 2403kB
        ->  Seq Scan on title t  (cost=0.00..73925.90 rows=62787 width=4) (actual time=0.142..1101.823 rows=53770 loops=1)
              Filter: ((kind_id < 7) AND (production_year = 2011))
              Rows Removed by Filter: 2474542
Planning time: 0.796 ms
Execution time: 9261.589 ms
