Hash Join  (cost=69002.72..134512.23 rows=20528 width=0) (actual time=955.490..2301.148 rows=25799 loops=1)
  Hash Cond: (mc.movie_id = t.id)
  ->  Seq Scan on movie_companies mc  (cost=0.00..57926.93 rows=609145 width=4) (actual time=0.026..1022.956 rows=883931 loops=1)
        Filter: ((company_id > 12253) AND (company_type_id = 2))
        Rows Removed by Filter: 1725198
  ->  Hash  (cost=67604.59..67604.59 rows=85211 width=4) (actual time=954.730..954.730 rows=84593 loops=1)
        Buckets: 131072  Batches: 2  Memory Usage: 2518kB
        ->  Seq Scan on title t  (cost=0.00..67604.59 rows=85211 width=4) (actual time=0.014..923.140 rows=84593 loops=1)
              Filter: (production_year = 2004)
              Rows Removed by Filter: 2443719
Planning time: 0.748 ms
Execution time: 2305.261 ms
