Seq Scan on movie_keyword mk  (cost=0.00..81003.12 rows=64661 width=0) (actual time=156.457..1149.600 rows=62383 loops=1)
  Filter: (keyword_id > 94204)
  Rows Removed by Filter: 4461547
Planning time: 0.341 ms
Execution time: 1159.202 ms
