Hash Join  (cost=212859.04..1400441.42 rows=14969722 width=0) (actual time=4945.019..48755.943 rows=47470011 loops=1)
  Hash Cond: (ci.movie_id = t.id)
  ->  Seq Scan on cast_info ci  (cost=0.00..614943.12 rows=36225612 width=4) (actual time=0.020..13181.670 rows=36244344 loops=1)
  ->  Hash  (cost=195716.06..195716.06 rows=1044878 width=8) (actual time=4943.824..4943.824 rows=1274246 loops=1)
        Buckets: 131072 (originally 131072)  Batches: 32 (originally 16)  Memory Usage: 3073kB
        ->  Hash Join  (cost=102767.86..195716.06 rows=1044878 width=8) (actual time=1751.358..4558.946 rows=1274246 loops=1)
              Hash Cond: (mc.movie_id = t.id)
              ->  Seq Scan on movie_companies mc  (cost=0.00..57926.93 rows=1044878 width=4) (actual time=0.027..1259.434 rows=1274246 loops=1)
                    Filter: ((company_id < 75160) AND (company_type_id < 2))
                    Rows Removed by Filter: 1334883
              ->  Hash  (cost=61283.27..61283.27 rows=2528527 width=4) (actual time=1750.441..1750.441 rows=2528312 loops=1)
                    Buckets: 131072  Batches: 64  Memory Usage: 2415kB
                    ->  Seq Scan on title t  (cost=0.00..61283.27 rows=2528527 width=4) (actual time=0.013..963.108 rows=2528312 loops=1)
Planning time: 1.174 ms
Execution time: 54118.835 ms
