Hash Join  (cost=102767.86..467070.59 rows=340474 width=0) (actual time=1977.625..8082.766 rows=328857 loops=1)
  Hash Cond: (mi.movie_id = t.id)
  ->  Seq Scan on movie_info mi  (cost=0.00..346232.03 rows=340474 width=4) (actual time=0.023..5405.743 rows=328857 loops=1)
        Filter: (info_type_id = 98)
        Rows Removed by Filter: 14506863
  ->  Hash  (cost=61283.27..61283.27 rows=2528527 width=4) (actual time=1976.052..1976.052 rows=2528312 loops=1)
        Buckets: 131072  Batches: 64  Memory Usage: 2425kB
        ->  Seq Scan on title t  (cost=0.00..61283.27 rows=2528527 width=4) (actual time=0.013..1120.879 rows=2528312 loops=1)
Planning time: 0.751 ms
Execution time: 8124.321 ms
