Hash Join  (cost=28270.40..120285.56 rows=427 width=0) (actual time=399.458..2347.907 rows=27648 loops=1)
  Hash Cond: (mk.movie_id = t.id)
  ->  Seq Scan on movie_keyword mk  (cost=0.00..81003.12 rows=2935404 width=4) (actual time=0.022..1525.207 rows=2925746 loops=1)
        Filter: (keyword_id > 2458)
        Rows Removed by Filter: 1598184
  ->  Hash  (cost=28265.80..28265.80 rows=368 width=8) (actual time=399.401..399.401 rows=260 loops=1)
        Buckets: 1024  Batches: 1  Memory Usage: 19kB
        ->  Nested Loop  (cost=0.43..28265.80 rows=368 width=8) (actual time=240.080..399.265 rows=260 loops=1)
              ->  Seq Scan on movie_info_idx mi_idx  (cost=0.00..25185.44 rows=368 width=4) (actual time=239.967..386.491 rows=260 loops=1)
                    Filter: (info_type_id > 101)
                    Rows Removed by Filter: 1379775
              ->  Index Only Scan using title_pkey on title t  (cost=0.43..8.36 rows=1 width=4) (actual time=0.048..0.048 rows=1 loops=260)
                    Index Cond: (id = mi_idx.movie_id)
                    Heap Fetches: 260
Planning time: 1.163 ms
Execution time: 2351.567 ms
