Seq Scan on movie_companies mc  (cost=0.00..57926.93 rows=488993 width=0) (actual time=305.157..1037.598 rows=283652 loops=1)
  Filter: ((company_id < 3906) AND (company_type_id > 1))
  Rows Removed by Filter: 2325477
Planning time: 0.337 ms
Execution time: 1071.875 ms
