Seq Scan on movie_info mi  (cost=0.00..346232.03 rows=651960 width=75) (actual time=0.018..6202.149 rows=660923 loops=1)
  Filter: (info_type_id = 18)
  Rows Removed by Filter: 14174797
Planning time: 0.374 ms
Execution time: 6240.712 ms
