Nested Loop  (cost=0.43..83071.67 rows=246 width=0) (actual time=0.148..1335.976 rows=3924 loops=1)
  ->  Seq Scan on movie_keyword mk  (cost=0.00..81003.12 rows=246 width=4) (actual time=0.092..1212.439 rows=3924 loops=1)
        Filter: (keyword_id = 1741)
        Rows Removed by Filter: 4520006
  ->  Index Only Scan using title_pkey on title t  (cost=0.43..8.40 rows=1 width=4) (actual time=0.030..0.031 rows=1 loops=3924)
        Index Cond: (id = mk.movie_id)
        Heap Fetches: 3924
Planning time: 0.688 ms
Execution time: 1337.258 ms
