Seq Scan on movie_keyword mk  (cost=0.00..81003.12 rows=1393477 width=0) (actual time=0.013..1480.896 rows=1408202 loops=1)
  Filter: (keyword_id > 11877)
  Rows Removed by Filter: 3115728
Planning time: 0.339 ms
Execution time: 1659.890 ms
