Hash Join  (cost=74223.04..161306.38 rows=42530 width=0) (actual time=1213.753..3175.931 rows=112579 loops=1)
  Hash Cond: (mk.movie_id = t.id)
  ->  Seq Scan on movie_keyword mk  (cost=0.00..69693.30 rows=4523930 width=4) (actual time=0.027..1046.957 rows=4523930 loops=1)
  ->  Hash  (cost=73925.90..73925.90 rows=23771 width=4) (actual time=1213.485..1213.485 rows=20633 loops=1)
        Buckets: 32768  Batches: 1  Memory Usage: 982kB
        ->  Seq Scan on title t  (cost=0.00..73925.90 rows=23771 width=4) (actual time=0.076..1204.723 rows=20633 loops=1)
              Filter: ((kind_id < 7) AND (production_year = 2002))
              Rows Removed by Filter: 2507679
Planning time: 0.848 ms
Execution time: 3199.475 ms
