Seq Scan on movie_keyword mk  (cost=0.00..81003.12 rows=246 width=0) (actual time=0.253..1314.517 rows=482 loops=1)
  Filter: (keyword_id = 11521)
  Rows Removed by Filter: 4523448
Planning time: 0.368 ms
Execution time: 1314.825 ms
