Hash Join  (cost=73929.13..438600.10 rows=1504 width=0) (actual time=1062.163..7138.206 rows=22981 loops=1)
  Hash Cond: (mi.movie_id = t.id)
  ->  Seq Scan on movie_info mi  (cost=0.00..309384.22 rows=14739122 width=4) (actual time=0.014..3340.011 rows=14835720 loops=1)
  ->  Hash  (cost=73925.90..73925.90 rows=258 width=4) (actual time=1046.519..1046.519 rows=3378 loops=1)
        Buckets: 4096 (originally 1024)  Batches: 1 (originally 1)  Memory Usage: 151kB
        ->  Seq Scan on title t  (cost=0.00..73925.90 rows=258 width=4) (actual time=0.170..1044.843 rows=3378 loops=1)
              Filter: ((kind_id < 7) AND (production_year > 2013))
              Rows Removed by Filter: 2524934
Planning time: 0.774 ms
Execution time: 7142.990 ms
