Seq Scan on movie_keyword mk  (cost=0.00..81003.12 rows=1994657 width=0) (actual time=0.023..1377.495 rows=2002797 loops=1)
  Filter: (keyword_id > 6245)
  Rows Removed by Filter: 2521133
Planning time: 13.009 ms
Execution time: 1626.792 ms
