Hash Join  (cost=102352.43..857925.45 rows=478388 width=0) (actual time=1908.717..21879.397 rows=939552 loops=1)
  Hash Cond: (ci.movie_id = t.id)
  ->  Seq Scan on cast_info ci  (cost=0.00..614943.12 rows=36225612 width=4) (actual time=0.014..9243.821 rows=36244344 loops=1)
  ->  Hash  (cost=101935.05..101935.05 rows=33391 width=8) (actual time=1908.346..1908.346 rows=51711 loops=1)
        Buckets: 65536  Batches: 1  Memory Usage: 2532kB
        ->  Hash Join  (cost=74690.65..101935.05 rows=33391 width=8) (actual time=1216.619..1891.066 rows=51711 loops=1)
              Hash Cond: (mi_idx.movie_id = t.id)
              ->  Seq Scan on movie_info_idx mi_idx  (cost=0.00..21735.35 rows=1380035 width=4) (actual time=0.027..307.880 rows=1380035 loops=1)
              ->  Hash  (cost=73925.90..73925.90 rows=61180 width=4) (actual time=1216.317..1216.317 rows=53378 loops=1)
                    Buckets: 65536  Batches: 1  Memory Usage: 2389kB
                    ->  Seq Scan on title t  (cost=0.00..73925.90 rows=61180 width=4) (actual time=314.048..1195.600 rows=53378 loops=1)
                          Filter: ((production_year < 2005) AND (kind_id = 4))
                          Rows Removed by Filter: 2474934
Planning time: 1.238 ms
Execution time: 22010.257 ms
