Hash Join  (cost=638182.64..2314195.22 rows=40476234 width=0) (actual time=17949.445..112654.505 rows=235307665 loops=1)
  Hash Cond: (ci.movie_id = t.id)
  ->  Seq Scan on cast_info ci  (cost=0.00..614943.12 rows=36225612 width=4) (actual time=0.013..13417.551 rows=36244344 loops=1)
  ->  Hash  (cost=591830.41..591830.41 rows=2825218 width=8) (actual time=17947.494..17947.494 rows=4694425 loops=1)
        Buckets: 131072 (originally 131072)  Batches: 128 (originally 64)  Memory Usage: 3814kB
        ->  Hash Join  (cost=81878.30..591830.41 rows=2825218 width=8) (actual time=1309.744..16004.417 rows=4694425 loops=1)
              Hash Cond: (mi.movie_id = t.id)
              ->  Seq Scan on movie_info mi  (cost=0.00..309384.22 rows=14739122 width=4) (actual time=0.015..5728.207 rows=14835720 loops=1)
              ->  Hash  (cost=73925.90..73925.90 rows=484672 width=4) (actual time=1308.803..1308.803 rows=355227 loops=1)
                    Buckets: 131072  Batches: 8  Memory Usage: 2599kB
                    ->  Seq Scan on title t  (cost=0.00..73925.90 rows=484672 width=4) (actual time=0.013..1190.411 rows=355227 loops=1)
                          Filter: ((production_year > 1986) AND (kind_id = 1))
                          Rows Removed by Filter: 2173085
Planning time: 1.200 ms
Execution time: 138877.512 ms
