Seq Scan on movie_companies mc  (cost=0.00..51404.11 rows=104 width=0) (actual time=363.334..790.935 rows=99 loops=1)
  Filter: (company_id = 80617)
  Rows Removed by Filter: 2609030
Planning time: 0.417 ms
Execution time: 791.015 ms
