Seq Scan on cast_info ci  (cost=0.00..705507.15 rows=500 width=0) (actual time=7994.429..11572.739 rows=2 loops=1)
  Filter: (person_id = 3155958)
  Rows Removed by Filter: 36244342
Planning time: 0.390 ms
Execution time: 11572.863 ms
