Seq Scan on cast_info ci  (cost=0.00..796071.18 rows=19871293 width=0) (actual time=0.009..17105.554 rows=23421629 loops=1)
  Filter: ((person_id < 2692321) AND (role_id < 6))
  Rows Removed by Filter: 12822715
Planning time: 0.357 ms
Execution time: 19972.718 ms
