Hash Join  (cost=170554.38..298863.93 rows=517651 width=0) (actual time=4849.778..7035.889 rows=359888 loops=1)
  Hash Cond: (mk.movie_id = t.id)
  ->  Seq Scan on movie_keyword mk  (cost=0.00..69693.30 rows=4523930 width=4) (actual time=0.024..1365.890 rows=4523930 loops=1)
  ->  Hash  (cost=165806.79..165806.79 rows=289327 width=8) (actual time=3621.129..3621.129 rows=195663 loops=1)
        Buckets: 131072  Batches: 4  Memory Usage: 2944kB
        ->  Hash Join  (cost=92883.59..165806.79 rows=289327 width=8) (actual time=2038.746..3559.461 rows=195663 loops=1)
              Hash Cond: (mc.movie_id = t.id)
              ->  Seq Scan on movie_companies mc  (cost=0.00..57926.93 rows=474800 width=4) (actual time=140.506..972.353 rows=795820 loops=1)
                    Filter: ((company_id > 19027) AND (company_type_id = 2))
                    Rows Removed by Filter: 1813309
              ->  Hash  (cost=67604.59..67604.59 rows=1540800 width=4) (actual time=1897.000..1897.000 rows=1543264 loops=1)
                    Buckets: 131072  Batches: 32  Memory Usage: 2722kB
                    ->  Seq Scan on title t  (cost=0.00..67604.59 rows=1540800 width=4) (actual time=0.027..1407.997 rows=1543264 loops=1)
                          Filter: (kind_id = 7)
                          Rows Removed by Filter: 985048
Planning time: 1.190 ms
Execution time: 7080.321 ms
