Hash Join  (cost=96184.51..242488.12 rows=1901723 width=0) (actual time=3233.964..5562.699 rows=480629 loops=1)
  Hash Cond: (mk.movie_id = t.id)
  ->  Seq Scan on movie_keyword mk  (cost=0.00..81003.12 rows=3544335 width=4) (actual time=0.027..1742.032 rows=3535122 loops=1)
        Filter: (keyword_id > 927)
        Rows Removed by Filter: 988808
  ->  Hash  (cost=73925.90..73925.90 rows=1356688 width=4) (actual time=1944.403..1944.403 rows=1327781 loops=1)
        Buckets: 131072  Batches: 32  Memory Usage: 2485kB
        ->  Seq Scan on title t  (cost=0.00..73925.90 rows=1356688 width=4) (actual time=0.021..1503.114 rows=1327781 loops=1)
              Filter: ((production_year < 2012) AND (kind_id = 7))
              Rows Removed by Filter: 1200531
Planning time: 8.259 ms
Execution time: 5629.134 ms
