Seq Scan on title t  (cost=0.00..73925.90 rows=270535 width=0) (actual time=292.020..1123.129 rows=374196 loops=1)
  Filter: ((kind_id < 2) AND (production_year < 2000))
  Rows Removed by Filter: 2154116
Planning time: 0.349 ms
Execution time: 1170.270 ms
