Hash Join  (cost=92883.59..968921.68 rows=2383375 width=0) (actual time=9030.542..21281.017 rows=4560501 loops=1)
  Hash Cond: (ci.movie_id = t.id)
  ->  Seq Scan on cast_info ci  (cost=0.00..796071.18 rows=3911233 width=4) (actual time=7302.198..14218.845 rows=7965004 loops=1)
        Filter: ((person_id < 1085006) AND (role_id = 1))
        Rows Removed by Filter: 28279340
  ->  Hash  (cost=67604.59..67604.59 rows=1540800 width=4) (actual time=1727.258..1727.258 rows=1543264 loops=1)
        Buckets: 131072  Batches: 32  Memory Usage: 2722kB
        ->  Seq Scan on title t  (cost=0.00..67604.59 rows=1540800 width=4) (actual time=0.022..1240.918 rows=1543264 loops=1)
              Filter: (kind_id = 7)
              Rows Removed by Filter: 985048
Planning time: 0.801 ms
Execution time: 21777.856 ms
