Hash Join  (cost=234364.86..1125680.62 rows=2427259 width=0) (actual time=5319.532..20894.274 rows=3811154 loops=1)
  Hash Cond: (ci.movie_id = t.id)
  ->  Seq Scan on cast_info ci  (cost=0.00..796071.18 rows=5177796 width=4) (actual time=0.027..13028.519 rows=3205339 loops=1)
        Filter: ((person_id < 1129473) AND (role_id > 2))
        Rows Removed by Filter: 33039005
  ->  Hash  (cost=214917.25..214917.25 rows=1185329 width=8) (actual time=5318.392..5318.392 rows=684042 loops=1)
        Buckets: 131072  Batches: 16  Memory Usage: 2706kB
        ->  Hash Join  (cost=78473.92..214917.25 rows=1185329 width=8) (actual time=1583.653..5140.168 rows=684042 loops=1)
              Hash Cond: (mk.movie_id = t.id)
              ->  Seq Scan on movie_keyword mk  (cost=0.00..69693.30 rows=4523930 width=4) (actual time=0.016..1472.414 rows=4523930 loops=1)
              ->  Hash  (cost=67604.59..67604.59 rows=662507 width=4) (actual time=1582.482..1582.482 rows=662065 loops=1)
                    Buckets: 131072  Batches: 16  Memory Usage: 2488kB
                    ->  Seq Scan on title t  (cost=0.00..67604.59 rows=662507 width=4) (actual time=0.028..1361.773 rows=662065 loops=1)
                          Filter: (production_year > 2008)
                          Rows Removed by Filter: 1866247
Planning time: 1.133 ms
Execution time: 21344.874 ms
