Hash Join  (cost=83073.10..109983.93 rows=35 width=0) (actual time=1416.246..1777.583 rows=550 loops=1)
  Hash Cond: (mi_idx.movie_id = t.id)
  ->  Seq Scan on movie_info_idx mi_idx  (cost=0.00..21735.35 rows=1380035 width=4) (actual time=0.016..253.178 rows=1380035 loops=1)
  ->  Hash  (cost=83072.29..83072.29 rows=65 width=8) (actual time=1274.223..1274.223 rows=200 loops=1)
        Buckets: 1024  Batches: 1  Memory Usage: 16kB
        ->  Nested Loop  (cost=0.43..83072.29 rows=65 width=8) (actual time=258.525..1273.997 rows=200 loops=1)
              ->  Seq Scan on movie_keyword mk  (cost=0.00..81003.12 rows=246 width=4) (actual time=4.447..1250.716 rows=304 loops=1)
                    Filter: (keyword_id = 5273)
                    Rows Removed by Filter: 4523626
              ->  Index Scan using title_pkey on title t  (cost=0.43..8.40 rows=1 width=4) (actual time=0.073..0.074 rows=1 loops=304)
                    Index Cond: (id = mk.movie_id)
                    Filter: (kind_id = 1)
                    Rows Removed by Filter: 0
Planning time: 0.632 ms
Execution time: 1777.802 ms
