Hash Join  (cost=202546.07..711675.70 rows=1021481 width=0) (actual time=3955.180..16060.323 rows=440404 loops=1)
  Hash Cond: (mi.movie_id = t.id)
  ->  Seq Scan on movie_info mi  (cost=0.00..309384.22 rows=14739122 width=4) (actual time=0.022..5890.213 rows=14835720 loops=1)
  ->  Hash  (cost=199670.61..199670.61 rows=175237 width=8) (actual time=3909.530..3909.530 rows=44705 loops=1)
        Buckets: 131072  Batches: 4  Memory Usage: 1497kB
        ->  Hash Join  (cost=75533.21..199670.61 rows=175237 width=8) (actual time=3055.865..3894.022 rows=44705 loops=1)
              Hash Cond: (mk.movie_id = t.id)
              ->  Seq Scan on movie_keyword mk  (cost=0.00..69693.30 rows=4523930 width=4) (actual time=0.012..1395.166 rows=4523930 loops=1)
              ->  Hash  (cost=73925.90..73925.90 rows=97944 width=4) (actual time=1155.396..1155.396 rows=106247 loops=1)
                    Buckets: 131072  Batches: 2  Memory Usage: 2896kB
                    ->  Seq Scan on title t  (cost=0.00..73925.90 rows=97944 width=4) (actual time=0.011..1114.754 rows=106247 loops=1)
                          Filter: ((kind_id = 7) AND (production_year = 2011))
                          Rows Removed by Filter: 2422065
Planning time: 3.523 ms
Execution time: 16115.803 ms
