Hash Join  (cost=183156.34..549430.62 rows=129452 width=0) (actual time=8295.670..9905.590 rows=9608 loops=1)
  Hash Cond: (mi.movie_id = t.id)
  ->  Seq Scan on movie_info mi  (cost=0.00..346232.03 rows=1550064 width=4) (actual time=4494.847..5525.268 rows=1533909 loops=1)
        Filter: (info_type_id = 3)
        Rows Removed by Filter: 13301811
  ->  Hash  (cost=179691.75..179691.75 rows=211167 width=8) (actual time=3796.183..3796.183 rows=37842 loops=1)
        Buckets: 131072  Batches: 4  Memory Usage: 1403kB
        ->  Hash Join  (cost=81711.23..179691.75 rows=211167 width=8) (actual time=1703.587..3782.836 rows=37842 loops=1)
              Hash Cond: (mk.movie_id = t.id)
              ->  Seq Scan on movie_keyword mk  (cost=0.00..81003.12 rows=1125260 width=4) (actual time=0.048..1520.483 rows=1134031 loops=1)
                    Filter: (keyword_id < 1251)
                    Rows Removed by Filter: 3389899
              ->  Hash  (cost=73925.90..73925.90 rows=474506 width=4) (actual time=1698.502..1698.502 rows=360459 loops=1)
                    Buckets: 131072  Batches: 8  Memory Usage: 2600kB
                    ->  Seq Scan on title t  (cost=0.00..73925.90 rows=474506 width=4) (actual time=0.020..1320.460 rows=360459 loops=1)
                          Filter: ((production_year < 1994) AND (kind_id = 7))
                          Rows Removed by Filter: 2167853
Planning time: 1.335 ms
Execution time: 9907.353 ms
