Hash Join  (cost=492869.89..1482502.82 rows=4682757 width=0) (actual time=9493.819..39207.277 rows=9029440 loops=1)
  Hash Cond: (ci.movie_id = t.id)
  ->  Seq Scan on cast_info ci  (cost=0.00..796071.18 rows=12366986 width=4) (actual time=0.019..16691.270 rows=18820781 loops=1)
        Filter: ((person_id > 1683428) AND (role_id > 1))
        Rows Removed by Filter: 17423563
  ->  Hash  (cost=477162.06..477162.06 rows=957426 width=8) (actual time=9492.893..9492.893 rows=1008205 loops=1)
        Buckets: 131072  Batches: 16  Memory Usage: 3481kB
        ->  Hash Join  (cost=97066.09..477162.06 rows=957426 width=8) (actual time=4996.590..9208.006 rows=1008205 loops=1)
              Hash Cond: (mi.movie_id = t.id)
              ->  Seq Scan on movie_info mi  (cost=0.00..346232.03 rows=1348138 width=4) (actual time=2975.244..5890.497 rows=1298989 loops=1)
                    Filter: (info_type_id = 4)
                    Rows Removed by Filter: 13536731
              ->  Hash  (cost=67604.59..67604.59 rows=1795720 width=4) (actual time=2020.165..2020.165 rows=1794153 loops=1)
                    Buckets: 131072  Batches: 32  Memory Usage: 3001kB
                    ->  Seq Scan on title t  (cost=0.00..67604.59 rows=1795720 width=4) (actual time=0.026..1408.977 rows=1794153 loops=1)
                          Filter: (production_year < 2009)
                          Rows Removed by Filter: 734159
Planning time: 2.318 ms
Execution time: 40280.753 ms
