Hash Join  (cost=174067.80..1126348.17 rows=1211816 width=0) (actual time=5459.461..28146.156 rows=2198073 loops=1)
  Hash Cond: (ci.movie_id = t.id)
  ->  Seq Scan on cast_info ci  (cost=0.00..796071.18 rows=12378141 width=4) (actual time=1588.868..17866.579 rows=12033915 loops=1)
        Filter: ((person_id > 90705) AND (role_id < 2))
        Rows Removed by Filter: 24210429
  ->  Hash  (cost=170006.53..170006.53 rows=247542 width=8) (actual time=3869.644..3869.644 rows=250567 loops=1)
        Buckets: 131072  Batches: 4  Memory Usage: 3471kB
        ->  Hash Join  (cost=102767.86..170006.53 rows=247542 width=8) (actual time=2313.554..3788.970 rows=250567 loops=1)
              Hash Cond: (mc.movie_id = t.id)
              ->  Seq Scan on movie_companies mc  (cost=0.00..51404.11 rows=247542 width=4) (actual time=198.375..902.227 rows=250567 loops=1)
                    Filter: (company_id > 101095)
                    Rows Removed by Filter: 2358562
              ->  Hash  (cost=61283.27..61283.27 rows=2528527 width=4) (actual time=2113.627..2113.627 rows=2528312 loops=1)
                    Buckets: 131072  Batches: 64  Memory Usage: 2415kB
                    ->  Seq Scan on title t  (cost=0.00..61283.27 rows=2528527 width=4) (actual time=0.021..1264.949 rows=2528312 loops=1)
Planning time: 1.129 ms
Execution time: 28412.935 ms
