Hash Join  (cost=96235.94..190629.38 rows=1403191 width=0) (actual time=2110.236..5776.025 rows=841395 loops=1)
  Hash Cond: (mc.movie_id = t.id)
  ->  Seq Scan on movie_companies mc  (cost=0.00..44881.29 rows=2609129 width=4) (actual time=0.022..1887.747 rows=2609129 loops=1)
  ->  Hash  (cost=73925.90..73925.90 rows=1359843 width=4) (actual time=2109.391..2109.391 rows=1474811 loops=1)
        Buckets: 131072  Batches: 32  Memory Usage: 2655kB
        ->  Seq Scan on title t  (cost=0.00..73925.90 rows=1359843 width=4) (actual time=0.023..1407.823 rows=1474811 loops=1)
              Filter: ((kind_id > 2) AND (production_year > 1980))
              Rows Removed by Filter: 1053501
Planning time: 0.747 ms
Execution time: 5875.503 ms
