Hash Join  (cost=76500.37..467498.21 rows=224898 width=0) (actual time=4293.336..8856.921 rows=836025 loops=1)
  Hash Cond: (mi.movie_id = t.id)
  ->  Seq Scan on movie_info mi  (cost=0.00..346232.03 rows=3623957 width=4) (actual time=2967.318..5680.219 rows=3624977 loops=1)
        Filter: (info_type_id < 4)
        Rows Removed by Filter: 11210743
  ->  Hash  (cost=73925.90..73925.90 rows=156917 width=4) (actual time=1324.888..1324.888 rows=289293 loops=1)
        Buckets: 131072  Batches: 4  Memory Usage: 3577kB
        ->  Seq Scan on title t  (cost=0.00..73925.90 rows=156917 width=4) (actual time=0.126..1225.901 rows=289293 loops=1)
              Filter: ((kind_id < 3) AND (production_year < 1981))
              Rows Removed by Filter: 2239019
Planning time: 0.834 ms
Execution time: 8952.493 ms
