Hash Join  (cost=197248.81..1306118.06 rows=2899303 width=0) (actual time=3999.000..33912.668 rows=10943713 loops=1)
  Hash Cond: (ci.movie_id = t.id)
  ->  Seq Scan on cast_info ci  (cost=0.00..614943.12 rows=36225612 width=4) (actual time=0.024..13050.296 rows=36244344 loops=1)
  ->  Hash  (cost=193928.19..193928.19 rows=202370 width=8) (actual time=3998.092..3998.092 rows=183280 loops=1)
        Buckets: 131072  Batches: 4  Memory Usage: 2773kB
        ->  Hash Join  (cost=69460.45..193928.19 rows=202370 width=8) (actual time=1115.804..3937.586 rows=183280 loops=1)
              Hash Cond: (mk.movie_id = t.id)
              ->  Seq Scan on movie_keyword mk  (cost=0.00..69693.30 rows=4523930 width=4) (actual time=0.062..1380.962 rows=4523930 loops=1)
              ->  Hash  (cost=67604.59..67604.59 rows=113109 width=4) (actual time=1114.936..1114.936 rows=119565 loops=1)
                    Buckets: 131072  Batches: 2  Memory Usage: 3121kB
                    ->  Seq Scan on title t  (cost=0.00..67604.59 rows=113109 width=4) (actual time=0.026..1068.199 rows=119565 loops=1)
                          Filter: (production_year = 2007)
                          Rows Removed by Filter: 2408747
Planning time: 1.084 ms
Execution time: 35247.354 ms
