Hash Join  (cost=95920.39..659108.63 rows=7814531 width=0) (actual time=1985.619..16786.150 rows=3589048 loops=1)
  Hash Cond: (mi.movie_id = t.id)
  ->  Seq Scan on movie_info mi  (cost=0.00..309384.22 rows=14739122 width=4) (actual time=0.014..6375.639 rows=14835720 loops=1)
  ->  Hash  (cost=73925.90..73925.90 rows=1340599 width=4) (actual time=1889.639..1889.639 rows=1418280 loops=1)
        Buckets: 131072  Batches: 32  Memory Usage: 2590kB
        ->  Seq Scan on title t  (cost=0.00..73925.90 rows=1340599 width=4) (actual time=120.006..1422.711 rows=1418280 loops=1)
              Filter: ((production_year > 1961) AND (kind_id = 7))
              Rows Removed by Filter: 1110032
Planning time: 0.800 ms
Execution time: 17210.027 ms
