Hash Join  (cost=80562.70..228206.69 rows=1351670 width=0) (actual time=1397.194..5353.502 rows=856916 loops=1)
  Hash Cond: (mk.movie_id = t.id)
  ->  Seq Scan on movie_keyword mk  (cost=0.00..81003.12 rows=4327511 width=4) (actual time=0.026..1805.241 rows=4307170 loops=1)
        Filter: (keyword_id > 142)
        Rows Removed by Filter: 216760
  ->  Hash  (cost=67604.59..67604.59 rows=789769 width=4) (actual time=1396.309..1396.309 rows=784926 loops=1)
        Buckets: 131072  Batches: 16  Memory Usage: 2756kB
        ->  Seq Scan on title t  (cost=0.00..67604.59 rows=789769 width=4) (actual time=0.014..1138.468 rows=784926 loops=1)
              Filter: (production_year > 2007)
              Rows Removed by Filter: 1743386
Planning time: 0.752 ms
Execution time: 5452.651 ms
