Nested Loop  (cost=58622.10..419570.00 rows=394 width=0) (actual time=5697.322..6722.732 rows=1239 loops=1)
  ->  Hash Join  (cost=58621.67..412721.51 rows=2037 width=8) (actual time=5697.204..6691.269 rows=1239 loops=1)
        Hash Cond: (mi.movie_id = mc.movie_id)
        ->  Seq Scan on movie_info mi  (cost=0.00..346232.03 rows=17937 width=4) (actual time=4745.216..5728.369 rows=6422 loops=1)
              Filter: (info_type_id = 86)
              Rows Removed by Filter: 14829298
        ->  Hash  (cost=57926.93..57926.93 rows=55579 width=4) (actual time=947.688..947.688 rows=109329 loops=1)
              Buckets: 131072 (originally 65536)  Batches: 2 (originally 1)  Memory Usage: 3073kB
              ->  Seq Scan on movie_companies mc  (cost=0.00..57926.93 rows=55579 width=4) (actual time=466.568..907.341 rows=109329 loops=1)
                    Filter: ((company_id > 152238) AND (company_type_id > 1))
                    Rows Removed by Filter: 2499800
  ->  Index Only Scan using title_pkey on title t  (cost=0.43..3.35 rows=1 width=4) (actual time=0.024..0.025 rows=1 loops=1239)
        Index Cond: (id = mc.movie_id)
        Heap Fetches: 1239
Planning time: 1.951 ms
Execution time: 6723.196 ms
