Hash Join  (cost=799707.63..1164388.92 rows=2536 width=0) (actual time=14839.226..21994.475 rows=1784 loops=1)
  Hash Cond: (mi.movie_id = t.id)
  ->  Seq Scan on movie_info mi  (cost=0.00..309384.22 rows=14739122 width=4) (actual time=0.023..4418.437 rows=14835720 loops=1)
  ->  Hash  (cost=799702.19..799702.19 rows=435 width=8) (actual time=14836.891..14836.891 rows=302 loops=1)
        Buckets: 1024  Batches: 1  Memory Usage: 20kB
        ->  Nested Loop  (cost=0.43..799702.19 rows=435 width=8) (actual time=2515.046..14836.747 rows=302 loops=1)
              ->  Seq Scan on cast_info ci  (cost=0.00..796071.18 rows=435 width=4) (actual time=2514.917..14831.012 rows=302 loops=1)
                    Filter: ((role_id < 10) AND (person_id = 2095801))
                    Rows Removed by Filter: 36244042
              ->  Index Only Scan using title_pkey on title t  (cost=0.43..8.34 rows=1 width=4) (actual time=0.018..0.018 rows=1 loops=302)
                    Index Cond: (id = ci.movie_id)
                    Heap Fetches: 302
Planning time: 1.360 ms
Execution time: 21995.243 ms
