Hash Join  (cost=169179.25..965287.82 rows=3745 width=0) (actual time=3186.793..18643.932 rows=86849 loops=1)
  Hash Cond: (ci.movie_id = t.id)
  ->  Seq Scan on cast_info ci  (cost=0.00..614943.12 rows=36225612 width=4) (actual time=0.021..8592.942 rows=36244344 loops=1)
  ->  Hash  (cost=169175.98..169175.98 rows=261 width=8) (actual time=3185.942..3185.942 rows=4405 loops=1)
        Buckets: 8192 (originally 1024)  Batches: 1 (originally 1)  Memory Usage: 237kB
        ->  Hash Join  (cost=73928.08..169175.98 rows=261 width=8) (actual time=1112.010..3184.075 rows=4405 loops=1)
              Hash Cond: (mk.movie_id = t.id)
              ->  Seq Scan on movie_keyword mk  (cost=0.00..81003.12 rows=3797912 width=4) (actual time=0.025..1532.820 rows=3790115 loops=1)
                    Filter: (keyword_id < 25655)
                    Rows Removed by Filter: 733815
              ->  Hash  (cost=73925.90..73925.90 rows=174 width=4) (actual time=1108.379..1108.379 rows=3217 loops=1)
                    Buckets: 4096 (originally 1024)  Batches: 1 (originally 1)  Memory Usage: 146kB
                    ->  Seq Scan on title t  (cost=0.00..73925.90 rows=174 width=4) (actual time=0.222..1106.726 rows=3217 loops=1)
                          Filter: ((production_year > 2013) AND (kind_id = 1))
                          Rows Removed by Filter: 2525095
Planning time: 1.948 ms
Execution time: 18656.704 ms
