Seq Scan on cast_info ci  (cost=0.00..796071.18 rows=15488610 width=0) (actual time=3687.812..14930.260 rows=11125652 loops=1)
  Filter: ((person_id < 2439646) AND (role_id > 1))
  Rows Removed by Filter: 25118692
Planning time: 0.339 ms
Execution time: 16265.211 ms
