Hash Join  (cost=83580.70..119676.10 rows=177529 width=0) (actual time=1518.330..2521.074 rows=216565 loops=1)
  Hash Cond: (mi_idx.movie_id = t.id)
  ->  Seq Scan on movie_info_idx mi_idx  (cost=0.00..25185.44 rows=460978 width=4) (actual time=0.020..511.555 rows=459925 loops=1)
        Filter: (info_type_id < 100)
        Rows Removed by Filter: 920110
  ->  Hash  (cost=67604.59..67604.59 rows=973769 width=4) (actual time=1517.219..1517.219 rows=971188 loops=1)
        Buckets: 131072  Batches: 16  Memory Usage: 3161kB
        ->  Seq Scan on title t  (cost=0.00..67604.59 rows=973769 width=4) (actual time=0.016..1206.963 rows=971188 loops=1)
              Filter: (production_year < 1999)
              Rows Removed by Filter: 1557124
Planning time: 0.939 ms
Execution time: 2548.893 ms
