Hash Join  (cost=217541.15..364841.58 rows=2076439 width=0) (actual time=4488.170..13730.406 rows=24907663 loops=1)
  Hash Cond: (mk.movie_id = t.id)
  ->  Seq Scan on movie_keyword mk  (cost=0.00..69693.30 rows=4523930 width=4) (actual time=0.023..1452.600 rows=4523930 loops=1)
  ->  Hash  (cost=198500.04..198500.04 rows=1160569 width=8) (actual time=4486.946..4486.946 rows=1089725 loops=1)
        Buckets: 131072  Batches: 16  Memory Usage: 3734kB
        ->  Hash Join  (cost=102767.86..198500.04 rows=1160569 width=8) (actual time=1602.556..4163.846 rows=1089725 loops=1)
              Hash Cond: (mc.movie_id = t.id)
              ->  Seq Scan on movie_companies mc  (cost=0.00..57926.93 rows=1160569 width=4) (actual time=0.023..1137.624 rows=1089725 loops=1)
                    Filter: ((company_id > 95) AND (company_type_id = 1))
                    Rows Removed by Filter: 1519404
              ->  Hash  (cost=61283.27..61283.27 rows=2528527 width=4) (actual time=1600.562..1600.562 rows=2528312 loops=1)
                    Buckets: 131072  Batches: 64  Memory Usage: 2415kB
                    ->  Seq Scan on title t  (cost=0.00..61283.27 rows=2528527 width=4) (actual time=0.016..790.643 rows=2528312 loops=1)
Planning time: 1.160 ms
Execution time: 16508.819 ms
