Hash Join  (cost=102767.86..468099.16 rows=383217 width=0) (actual time=2434.834..8047.793 rows=368218 loops=1)
  Hash Cond: (mi.movie_id = t.id)
  ->  Seq Scan on movie_info mi  (cost=0.00..346232.03 rows=383217 width=4) (actual time=404.748..5370.907 rows=368218 loops=1)
        Filter: (info_type_id = 17)
        Rows Removed by Filter: 14467502
  ->  Hash  (cost=61283.27..61283.27 rows=2528527 width=4) (actual time=2014.525..2014.525 rows=2528312 loops=1)
        Buckets: 131072  Batches: 64  Memory Usage: 2425kB
        ->  Seq Scan on title t  (cost=0.00..61283.27 rows=2528527 width=4) (actual time=0.029..1169.085 rows=2528312 loops=1)
Planning time: 0.844 ms
Execution time: 8086.595 ms
