Hash Join  (cost=67612.84..127894.23 rows=164 width=0) (actual time=1161.511..1822.288 rows=513 loops=1)
  Hash Cond: (mc.movie_id = t.id)
  ->  Seq Scan on movie_companies mc  (cost=0.00..57926.93 rows=627419 width=4) (actual time=237.215..840.746 rows=399296 loops=1)
        Filter: ((company_id < 11138) AND (company_type_id > 1))
        Rows Removed by Filter: 2209833
  ->  Hash  (cost=67604.59..67604.59 rows=660 width=4) (actual time=923.408..923.408 rows=3515 loops=1)
        Buckets: 4096 (originally 1024)  Batches: 1 (originally 1)  Memory Usage: 156kB
        ->  Seq Scan on title t  (cost=0.00..67604.59 rows=660 width=4) (actual time=0.037..921.863 rows=3515 loops=1)
              Filter: (production_year > 2013)
              Rows Removed by Filter: 2524797
Planning time: 0.785 ms
Execution time: 1822.551 ms
