Hash Join  (cost=225255.37..830547.83 rows=10033863 width=0) (actual time=4618.713..20253.098 rows=8103791 loops=1)
  Hash Cond: (mi.movie_id = t.id)
  ->  Seq Scan on movie_info mi  (cost=0.00..309384.22 rows=14739122 width=4) (actual time=0.024..6260.312 rows=14835720 loops=1)
  ->  Hash  (cost=197014.75..197014.75 rows=1721330 width=8) (actual time=4617.724..4617.724 rows=906814 loops=1)
        Buckets: 131072  Batches: 32  Memory Usage: 2111kB
        ->  Hash Join  (cost=94973.51..197014.75 rows=1721330 width=8) (actual time=1771.677..4387.549 rows=906814 loops=1)
              Hash Cond: (mc.movie_id = t.id)
              ->  Seq Scan on movie_companies mc  (cost=0.00..44881.29 rows=2609129 width=4) (actual time=0.027..939.645 rows=2609129 loops=1)
              ->  Hash  (cost=67604.59..67604.59 rows=1668154 width=4) (actual time=1580.435..1580.435 rows=1674098 loops=1)
                    Buckets: 131072  Batches: 32  Memory Usage: 2869kB
                    ->  Seq Scan on title t  (cost=0.00..67604.59 rows=1668154 width=4) (actual time=0.017..1045.044 rows=1674098 loops=1)
                          Filter: (kind_id > 3)
                          Rows Removed by Filter: 854214
Planning time: 1.408 ms
Execution time: 21198.824 ms
