Seq Scan on movie_keyword mk  (cost=0.00..81003.12 rows=3133187 width=0) (actual time=0.013..1389.411 rows=3117653 loops=1)
  Filter: (keyword_id > 1913)
  Rows Removed by Filter: 1406277
Planning time: 0.329 ms
Execution time: 1780.789 ms
