Hash Join  (cost=83074.55..833889.64 rows=2594 width=0) (actual time=1301.750..17109.110 rows=9633 loops=1)
  Hash Cond: (ci.movie_id = t.id)
  ->  Seq Scan on cast_info ci  (cost=0.00..614943.12 rows=36225612 width=4) (actual time=0.022..8736.713 rows=36244344 loops=1)
  ->  Hash  (cost=83072.29..83072.29 rows=181 width=8) (actual time=1300.091..1300.091 rows=325 loops=1)
        Buckets: 1024  Batches: 1  Memory Usage: 21kB
        ->  Nested Loop  (cost=0.43..83072.29 rows=181 width=8) (actual time=12.236..1299.817 rows=325 loops=1)
              ->  Seq Scan on movie_keyword mk  (cost=0.00..81003.12 rows=246 width=4) (actual time=0.901..1232.795 rows=1403 loops=1)
                    Filter: (keyword_id = 4720)
                    Rows Removed by Filter: 4522527
              ->  Index Scan using title_pkey on title t  (cost=0.43..8.40 rows=1 width=4) (actual time=0.047..0.047 rows=0 loops=1403)
                    Index Cond: (id = mk.movie_id)
                    Filter: (kind_id > 1)
                    Rows Removed by Filter: 1
Planning time: 1.161 ms
Execution time: 17112.568 ms
