Hash Join  (cost=153681.68..1143015.69 rows=2139699 width=0) (actual time=3421.188..29257.254 rows=3119900 loops=1)
  Hash Cond: (ci.movie_id = t.id)
  ->  Seq Scan on cast_info ci  (cost=0.00..705507.15 rows=22615699 width=4) (actual time=0.024..14615.265 rows=22473085 loops=1)
        Filter: (person_id < 2292275)
        Rows Removed by Filter: 13771259
  ->  Hash  (cost=149756.34..149756.34 rows=239227 width=8) (actual time=3420.363..3420.363 rows=168163 loops=1)
        Buckets: 131072  Batches: 4  Memory Usage: 2681kB
        ->  Hash Join  (cost=71408.55..149756.34 rows=239227 width=8) (actual time=1212.407..3362.302 rows=168163 loops=1)
              Hash Cond: (mc.movie_id = t.id)
              ->  Seq Scan on movie_companies mc  (cost=0.00..44881.29 rows=2609129 width=4) (actual time=0.022..952.772 rows=2609129 loops=1)
              ->  Hash  (cost=67604.59..67604.59 rows=231837 width=4) (actual time=1211.601..1211.601 rows=231649 loops=1)
                    Buckets: 131072  Batches: 4  Memory Usage: 3076kB
                    ->  Seq Scan on title t  (cost=0.00..67604.59 rows=231837 width=4) (actual time=0.024..1128.998 rows=231649 loops=1)
                          Filter: (production_year > 2011)
                          Rows Removed by Filter: 2296663
Planning time: 1.167 ms
Execution time: 29655.039 ms
