Hash Join  (cost=268216.35..372738.16 rows=1901287 width=0) (actual time=6395.363..12441.852 rows=13489613 loops=1)
  Hash Cond: (mc.movie_id = t.id)
  ->  Seq Scan on movie_companies mc  (cost=0.00..44881.29 rows=2609129 width=4) (actual time=0.022..942.122 rows=2609129 loops=1)
  ->  Hash  (cost=237986.45..237986.45 rows=1842552 width=8) (actual time=6394.023..6394.023 rows=1853720 loops=1)
        Buckets: 131072  Batches: 32  Memory Usage: 3275kB
        ->  Hash Join  (cost=102767.86..237986.45 rows=1842552 width=8) (actual time=2036.046..5816.778 rows=1853720 loops=1)
              Hash Cond: (mk.movie_id = t.id)
              ->  Seq Scan on movie_keyword mk  (cost=0.00..81003.12 rows=1842552 width=4) (actual time=0.011..1648.494 rows=1853720 loops=1)
                    Filter: (keyword_id < 3085)
                    Rows Removed by Filter: 2670210
              ->  Hash  (cost=61283.27..61283.27 rows=2528527 width=4) (actual time=2035.250..2035.250 rows=2528312 loops=1)
                    Buckets: 131072  Batches: 64  Memory Usage: 2425kB
                    ->  Seq Scan on title t  (cost=0.00..61283.27 rows=2528527 width=4) (actual time=0.014..1129.020 rows=2528312 loops=1)
Planning time: 1.128 ms
Execution time: 14196.160 ms
