Hash Join  (cost=73962.22..128657.72 rows=2998 width=0) (actual time=925.416..2009.222 rows=5390 loops=1)
  Hash Cond: (mc.movie_id = t.id)
  ->  Seq Scan on movie_companies mc  (cost=0.00..44881.29 rows=2609129 width=4) (actual time=0.025..581.587 rows=2609129 loops=1)
  ->  Hash  (cost=73925.90..73925.90 rows=2905 width=4) (actual time=925.140..925.140 rows=2786 loops=1)
        Buckets: 4096  Batches: 1  Memory Usage: 130kB
        ->  Seq Scan on title t  (cost=0.00..73925.90 rows=2905 width=4) (actual time=0.303..923.607 rows=2786 loops=1)
              Filter: ((kind_id < 7) AND (production_year = 1925))
              Rows Removed by Filter: 2525526
Planning time: 0.828 ms
Execution time: 2010.318 ms
