Hash Join  (cost=92883.59..222485.73 rows=1372353 width=0) (actual time=1950.716..4746.408 rows=300026 loops=1)
  Hash Cond: (mk.movie_id = t.id)
  ->  Seq Scan on movie_keyword mk  (cost=0.00..81003.12 rows=2252098 width=4) (actual time=0.026..1670.384 rows=2255360 loops=1)
        Filter: (keyword_id < 4664)
        Rows Removed by Filter: 2268570
  ->  Hash  (cost=67604.59..67604.59 rows=1540800 width=4) (actual time=1753.629..1753.629 rows=1543264 loops=1)
        Buckets: 131072  Batches: 32  Memory Usage: 2728kB
        ->  Seq Scan on title t  (cost=0.00..67604.59 rows=1540800 width=4) (actual time=0.015..1243.519 rows=1543264 loops=1)
              Filter: (kind_id = 7)
              Rows Removed by Filter: 985048
Planning time: 0.778 ms
Execution time: 4782.711 ms
