Seq Scan on movie_keyword mk  (cost=0.00..81003.12 rows=3737087 width=0) (actual time=0.025..1555.147 rows=3733700 loops=1)
  Filter: (keyword_id > 750)
  Rows Removed by Filter: 790230
Planning time: 0.351 ms
Execution time: 2021.742 ms
