Hash Join  (cost=221724.38..780143.66 rows=7367535 width=0) (actual time=4864.630..24598.049 rows=19186107 loops=1)
  Hash Cond: (mi.movie_id = t.id)
  ->  Seq Scan on movie_info mi  (cost=0.00..309384.22 rows=14739122 width=4) (actual time=0.015..6634.019 rows=14835720 loops=1)
  ->  Hash  (cost=200987.43..200987.43 rows=1263916 width=8) (actual time=4863.490..4863.490 rows=1311468 loops=1)
        Buckets: 131072  Batches: 32  Memory Usage: 2630kB
        ->  Hash Join  (cost=102767.86..200987.43 rows=1263916 width=8) (actual time=2376.328..4494.095 rows=1311468 loops=1)
              Hash Cond: (mc.movie_id = t.id)
              ->  Seq Scan on movie_companies mc  (cost=0.00..57926.93 rows=1263916 width=4) (actual time=397.000..1165.806 rows=1311468 loops=1)
                    Filter: ((company_id > 21) AND (company_type_id = 2))
                    Rows Removed by Filter: 1297661
              ->  Hash  (cost=61283.27..61283.27 rows=2528527 width=4) (actual time=1978.238..1978.238 rows=2528312 loops=1)
                    Buckets: 131072  Batches: 64  Memory Usage: 2415kB
                    ->  Seq Scan on title t  (cost=0.00..61283.27 rows=2528527 width=4) (actual time=0.008..1149.484 rows=2528312 loops=1)
Planning time: 1.306 ms
Execution time: 26932.709 ms
