Hash Join  (cost=444719.38..569131.05 rows=197764 width=0) (actual time=7486.818..11161.851 rows=3458013 loops=1)
  Hash Cond: (mk.movie_id = t.id)
  ->  Seq Scan on movie_keyword mk  (cost=0.00..69693.30 rows=4523930 width=4) (actual time=0.020..1496.156 rows=4523930 loops=1)
  ->  Hash  (cost=442905.69..442905.69 rows=110535 width=8) (actual time=7485.239..7485.239 rows=105087 loops=1)
        Buckets: 131072  Batches: 2  Memory Usage: 3101kB
        ->  Hash Join  (cost=69694.50..442905.69 rows=110535 width=8) (actual time=1096.796..7448.734 rows=105087 loops=1)
              Hash Cond: (mi.movie_id = t.id)
              ->  Seq Scan on movie_info mi  (cost=0.00..346232.03 rows=2194617 width=4) (actual time=0.009..5550.752 rows=2233850 loops=1)
                    Filter: (info_type_id > 16)
                    Rows Removed by Filter: 12601870
              ->  Hash  (cost=67604.59..67604.59 rows=127353 width=4) (actual time=1096.072..1096.072 rows=128696 loops=1)
                    Buckets: 131072  Batches: 2  Memory Usage: 3290kB
                    ->  Seq Scan on title t  (cost=0.00..67604.59 rows=127353 width=4) (actual time=0.005..1045.433 rows=128696 loops=1)
                          Filter: (production_year = 2009)
                          Rows Removed by Filter: 2399616
Planning time: 1.196 ms
Execution time: 11485.654 ms
