Hash Join  (cost=196680.66..346590.28 rows=1840919 width=0) (actual time=4752.686..12173.353 rows=17325888 loops=1)
  Hash Cond: (mk.movie_id = t.id)
  ->  Seq Scan on movie_keyword mk  (cost=0.00..81003.12 rows=3971280 width=4) (actual time=0.027..1733.448 rows=3970033 loops=1)
        Filter: (keyword_id > 395)
        Rows Removed by Filter: 553897
  ->  Hash  (cost=177450.18..177450.18 rows=1172119 width=8) (actual time=4751.112..4751.112 rows=1467163 loops=1)
        Buckets: 131072 (originally 131072)  Batches: 32 (originally 16)  Memory Usage: 3073kB
        ->  Hash Join  (cost=86241.46..177450.18 rows=1172119 width=8) (actual time=1675.952..4348.478 rows=1467163 loops=1)
              Hash Cond: (mc.movie_id = t.id)
              ->  Seq Scan on movie_companies mc  (cost=0.00..44881.29 rows=2609129 width=4) (actual time=0.013..823.259 rows=2609129 loops=1)
              ->  Hash  (cost=67604.59..67604.59 rows=1135910 width=4) (actual time=1674.858..1674.858 rows=1133355 loops=1)
                    Buckets: 131072  Batches: 16  Memory Usage: 3516kB
                    ->  Seq Scan on title t  (cost=0.00..67604.59 rows=1135910 width=4) (actual time=0.013..1302.784 rows=1133355 loops=1)
                          Filter: (production_year < 2002)
                          Rows Removed by Filter: 1394957
Planning time: 3.181 ms
Execution time: 13961.365 ms
