Hash Join  (cost=83810.17..204918.13 rows=915307 width=0) (actual time=1377.990..4681.097 rows=2029440 loops=1)
  Hash Cond: (mk.movie_id = t.id)
  ->  Seq Scan on movie_keyword mk  (cost=0.00..81003.12 rows=2343137 width=4) (actual time=0.027..1552.248 rows=2343041 loops=1)
        Filter: (keyword_id < 5210)
        Rows Removed by Filter: 2180889
  ->  Hash  (cost=67604.59..67604.59 rows=987727 width=4) (actual time=1376.890..1376.890 rows=985048 loops=1)
        Buckets: 131072  Batches: 16  Memory Usage: 3197kB
        ->  Seq Scan on title t  (cost=0.00..67604.59 rows=987727 width=4) (actual time=0.015..1052.102 rows=985048 loops=1)
              Filter: (kind_id < 7)
              Rows Removed by Filter: 1543264
Planning time: 0.762 ms
Execution time: 4928.626 ms
