Seq Scan on cast_info ci  (cost=0.00..705507.15 rows=24698810 width=0) (actual time=0.024..13108.490 rows=24697098 loops=1)
  Filter: (person_id < 2541931)
  Rows Removed by Filter: 11547246
Planning time: 0.367 ms
Execution time: 16167.142 ms
