Hash Join  (cost=181407.98..582377.55 rows=1008471 width=0) (actual time=4996.997..11851.432 rows=1128204 loops=1)
  Hash Cond: (mi.movie_id = t.id)
  ->  Seq Scan on movie_info mi  (cost=0.00..346232.03 rows=3623957 width=4) (actual time=971.954..5773.482 rows=3624977 loops=1)
        Filter: (info_type_id < 4)
        Rows Removed by Filter: 11210743
  ->  Hash  (cost=169863.53..169863.53 rows=703636 width=8) (actual time=4023.879..4023.879 rows=528121 loops=1)
        Buckets: 131072  Batches: 16  Memory Usage: 2334kB
        ->  Hash Join  (cost=85113.64..169863.53 rows=703636 width=8) (actual time=1431.493..3853.417 rows=528121 loops=1)
              Hash Cond: (mc.movie_id = t.id)
              ->  Seq Scan on movie_companies mc  (cost=0.00..44881.29 rows=2609129 width=4) (actual time=0.026..951.594 rows=2609129 loops=1)
              ->  Hash  (cost=73925.90..73925.90 rows=681899 width=4) (actual time=1430.423..1430.423 rows=565062 loops=1)
                    Buckets: 131072  Batches: 16  Memory Usage: 2266kB
                    ->  Seq Scan on title t  (cost=0.00..73925.90 rows=681899 width=4) (actual time=0.041..1244.188 rows=565062 loops=1)
                          Filter: ((kind_id > 1) AND (production_year < 1998))
                          Rows Removed by Filter: 1963250
Planning time: 1.244 ms
Execution time: 11991.278 ms
