Hash Join  (cost=78306.32..140625.02 rows=28008 width=0) (actual time=1613.997..2393.218 rows=10144 loops=1)
  Hash Cond: (mc.movie_id = t.id)
  ->  Seq Scan on movie_companies mc  (cost=0.00..57926.93 rows=265251 width=4) (actual time=57.508..933.293 rows=397835 loops=1)
        Filter: ((company_id < 530) AND (company_type_id < 2))
        Rows Removed by Filter: 2211294
  ->  Hash  (cost=73925.90..73925.90 rows=266993 width=4) (actual time=1231.627..1231.627 rows=216282 loops=1)
        Buckets: 131072  Batches: 4  Memory Usage: 2928kB
        ->  Seq Scan on title t  (cost=0.00..73925.90 rows=266993 width=4) (actual time=19.753..1159.298 rows=216282 loops=1)
              Filter: ((production_year > 2005) AND (kind_id = 1))
              Rows Removed by Filter: 2312030
Planning time: 0.792 ms
Execution time: 2394.743 ms
