Seq Scan on movie_keyword mk  (cost=0.00..81003.12 rows=3327787 width=0) (actual time=0.028..1597.735 rows=3318515 loops=1)
  Filter: (keyword_id < 15228)
  Rows Removed by Filter: 1205415
Planning time: 0.333 ms
Execution time: 2014.600 ms
