Seq Scan on cast_info ci  (cost=0.00..796071.18 rows=12422346 width=0) (actual time=0.017..15619.295 rows=7699558 loops=1)
  Filter: ((person_id < 2842874) AND (role_id > 2))
  Rows Removed by Filter: 28544786
Planning time: 0.350 ms
Execution time: 16556.270 ms
