Hash Join  (cost=83810.17..213022.74 rows=1119932 width=0) (actual time=1499.397..5042.439 rows=2418166 loops=1)
  Hash Cond: (mk.movie_id = t.id)
  ->  Seq Scan on movie_keyword mk  (cost=0.00..81003.12 rows=2866965 width=4) (actual time=0.015..1597.353 rows=2854695 loops=1)
        Filter: (keyword_id > 2554)
        Rows Removed by Filter: 1669235
  ->  Hash  (cost=67604.59..67604.59 rows=987727 width=4) (actual time=1498.221..1498.221 rows=985048 loops=1)
        Buckets: 131072  Batches: 16  Memory Usage: 3197kB
        ->  Seq Scan on title t  (cost=0.00..67604.59 rows=987727 width=4) (actual time=0.036..1175.865 rows=985048 loops=1)
              Filter: (kind_id < 7)
              Rows Removed by Filter: 1543264
Planning time: 0.708 ms
Execution time: 5317.079 ms
