Seq Scan on cast_info ci  (cost=0.00..796071.18 rows=19532411 width=0) (actual time=0.025..16430.175 rows=22528293 loops=1)
  Filter: ((person_id < 2539283) AND (role_id < 8))
  Rows Removed by Filter: 13716051
Planning time: 0.372 ms
Execution time: 19196.027 ms
