Seq Scan on movie_keyword mk  (cost=0.00..81003.12 rows=246 width=0) (actual time=9.867..1389.533 rows=58 loops=1)
  Filter: (keyword_id = 5539)
  Rows Removed by Filter: 4523872
Planning time: 0.360 ms
Execution time: 1389.675 ms
