Nested Loop  (cost=0.43..83072.29 rows=170 width=0) (actual time=8.592..1327.217 rows=456 loops=1)
  ->  Seq Scan on movie_keyword mk  (cost=0.00..81003.12 rows=246 width=4) (actual time=3.934..1286.209 rows=723 loops=1)
        Filter: (keyword_id = 1399)
        Rows Removed by Filter: 4523207
  ->  Index Scan using title_pkey on title t  (cost=0.43..8.40 rows=1 width=4) (actual time=0.055..0.055 rows=1 loops=723)
        Index Cond: (id = mk.movie_id)
        Filter: (production_year > 1990)
        Rows Removed by Filter: 0
Planning time: 0.790 ms
Execution time: 1327.580 ms
