Hash Join  (cost=254635.02..417274.54 rows=2978396 width=0) (actual time=5892.370..15418.330 rows=24173361 loops=1)
  Hash Cond: (mk.movie_id = t.id)
  ->  Seq Scan on movie_keyword mk  (cost=0.00..81003.12 rows=3364486 width=4) (actual time=0.011..1856.306 rows=3350507 loops=1)
        Filter: (keyword_id < 15893)
        Rows Removed by Filter: 1173423
  ->  Hash  (cost=217911.43..217911.43 rows=2238367 width=8) (actual time=5888.149..5888.149 rows=2238229 loops=1)
        Buckets: 131072  Batches: 32  Memory Usage: 3811kB
        ->  Hash Join  (cost=102767.86..217911.43 rows=2238367 width=8) (actual time=1926.556..5246.146 rows=2238229 loops=1)
              Hash Cond: (mc.movie_id = t.id)
              ->  Seq Scan on movie_companies mc  (cost=0.00..51404.11 rows=2238367 width=4) (actual time=0.014..1076.630 rows=2238229 loops=1)
                    Filter: (company_id > 200)
                    Rows Removed by Filter: 370900
              ->  Hash  (cost=61283.27..61283.27 rows=2528527 width=4) (actual time=1925.626..1925.626 rows=2528312 loops=1)
                    Buckets: 131072  Batches: 64  Memory Usage: 2415kB
                    ->  Seq Scan on title t  (cost=0.00..61283.27 rows=2528527 width=4) (actual time=0.009..1042.437 rows=2528312 loops=1)
Planning time: 1.173 ms
Execution time: 18211.841 ms
