Hash Join  (cost=575416.27..1963579.84 rows=11692315 width=0) (actual time=14245.720..50465.121 rows=15501608 loops=1)
  Hash Cond: (ci.movie_id = t.id)
  ->  Seq Scan on cast_info ci  (cost=0.00..705507.15 rows=31554923 width=4) (actual time=0.029..17309.254 rows=31605208 loops=1)
        Filter: (role_id < 10)
        Rows Removed by Filter: 4639136
  ->  Hash  (cost=560044.81..560044.81 rows=936917 width=8) (actual time=14244.636..14244.636 rows=741934 loops=1)
        Buckets: 131072  Batches: 16  Memory Usage: 2884kB
        ->  Hash Join  (cost=70241.71..560044.81 rows=936917 width=8) (actual time=1172.540..13734.861 rows=741934 loops=1)
              Hash Cond: (mi.movie_id = t.id)
              ->  Seq Scan on movie_info mi  (cost=0.00..309384.22 rows=14739122 width=4) (actual time=1.227..5937.916 rows=14835720 loops=1)
              ->  Hash  (cost=67604.59..67604.59 rows=160730 width=4) (actual time=1169.719..1169.719 rows=160017 loops=1)
                    Buckets: 131072  Batches: 4  Memory Usage: 2442kB
                    ->  Seq Scan on title t  (cost=0.00..67604.59 rows=160730 width=4) (actual time=0.021..1111.924 rows=160017 loops=1)
                          Filter: (production_year = 2011)
                          Rows Removed by Filter: 2368295
Planning time: 1.199 ms
Execution time: 52222.945 ms
