Seq Scan on movie_companies mc  (cost=0.00..57926.93 rows=84152 width=0) (actual time=535.318..812.787 rows=163852 loops=1)
  Filter: ((company_id > 126274) AND (company_type_id > 1))
  Rows Removed by Filter: 2445277
Planning time: 0.340 ms
Execution time: 833.410 ms
