Seq Scan on movie_keyword mk  (cost=0.00..81003.12 rows=3902087 width=0) (actual time=0.020..1678.345 rows=3901628 loops=1)
  Filter: (keyword_id < 29336)
  Rows Removed by Filter: 622302
Planning time: 0.356 ms
Execution time: 2181.378 ms
