Hash Join  (cost=115307.01..832832.46 rows=58222 width=0) (actual time=12650.959..14655.998 rows=32632 loops=1)
  Hash Cond: (ci.movie_id = t.id)
  ->  Seq Scan on cast_info ci  (cost=0.00..705507.15 rows=935756 width=4) (actual time=9926.949..11515.594 rows=968818 loops=1)
        Filter: (person_id > 3875593)
        Rows Removed by Filter: 35275526
  ->  Hash  (cost=112725.46..112725.46 rows=157324 width=8) (actual time=2722.657..2722.657 rows=161776 loops=1)
        Buckets: 131072  Batches: 4  Memory Usage: 2604kB
        ->  Hash Join  (cost=72333.74..112725.46 rows=157324 width=8) (actual time=1523.193..2671.642 rows=161776 loops=1)
              Hash Cond: (mi_idx.movie_id = t.id)
              ->  Seq Scan on movie_info_idx mi_idx  (cost=0.00..21735.35 rows=1380035 width=4) (actual time=0.011..501.397 rows=1380035 loops=1)
              ->  Hash  (cost=67604.59..67604.59 rows=288252 width=4) (actual time=1522.168..1522.168 rows=285055 loops=1)
                    Buckets: 131072  Batches: 4  Memory Usage: 3527kB
                    ->  Seq Scan on title t  (cost=0.00..67604.59 rows=288252 width=4) (actual time=0.021..1251.522 rows=285055 loops=1)
                          Filter: (production_year < 1964)
                          Rows Removed by Filter: 2243257
Planning time: 1.133 ms
Execution time: 14660.644 ms
