Hash Join  (cost=74438.43..134366.07 rows=35330 width=0) (actual time=1104.707..2257.568 rows=11790 loops=1)
  Hash Cond: (mc.movie_id = t.id)
  ->  Seq Scan on movie_companies mc  (cost=0.00..51404.11 rows=2178728 width=4) (actual time=0.023..728.110 rows=2173728 loops=1)
        Filter: (company_id < 78691)
        Rows Removed by Filter: 435401
  ->  Hash  (cost=73925.90..73925.90 rows=41002 width=4) (actual time=1103.867..1103.867 rows=40409 loops=1)
        Buckets: 65536  Batches: 1  Memory Usage: 1933kB
        ->  Seq Scan on title t  (cost=0.00..73925.90 rows=41002 width=4) (actual time=0.818..1086.717 rows=40409 loops=1)
              Filter: ((kind_id > 4) AND (production_year > 2012))
              Rows Removed by Filter: 2487903
Planning time: 0.742 ms
Execution time: 2259.007 ms
