Seq Scan on movie_companies mc  (cost=0.00..51404.11 rows=104 width=0) (actual time=309.068..773.638 rows=7 loops=1)
  Filter: (company_id = 53066)
  Rows Removed by Filter: 2609122
Planning time: 0.353 ms
Execution time: 773.709 ms
