Hash Join  (cost=74394.67..422386.81 rows=6696 width=0) (actual time=1882.693..6379.281 rows=6923 loops=1)
  Hash Cond: (mi.movie_id = t.id)
  ->  Seq Scan on movie_info mi  (cost=0.00..346232.03 rows=451508 width=4) (actual time=862.872..5257.577 rows=474443 loops=1)
        Filter: (info_type_id = 6)
        Rows Removed by Filter: 14361277
  ->  Hash  (cost=73925.90..73925.90 rows=37501 width=4) (actual time=1018.966..1018.966 rows=32253 loops=1)
        Buckets: 65536  Batches: 1  Memory Usage: 1646kB
        ->  Seq Scan on title t  (cost=0.00..73925.90 rows=37501 width=4) (actual time=0.025..1005.114 rows=32253 loops=1)
              Filter: ((kind_id < 7) AND (production_year = 2005))
              Rows Removed by Filter: 2496059
Planning time: 0.747 ms
Execution time: 6380.469 ms
