Hash Join  (cost=102767.86..1256797.73 rows=18229337 width=0) (actual time=4592.579..32223.094 rows=18398452 loops=1)
  Hash Cond: (ci.movie_id = t.id)
  ->  Seq Scan on cast_info ci  (cost=0.00..705507.15 rows=18229337 width=4) (actual time=2569.281..14804.905 rows=18398452 loops=1)
        Filter: (person_id > 1768467)
        Rows Removed by Filter: 17845892
  ->  Hash  (cost=61283.27..61283.27 rows=2528527 width=4) (actual time=2022.055..2022.055 rows=2528312 loops=1)
        Buckets: 131072  Batches: 64  Memory Usage: 2415kB
        ->  Seq Scan on title t  (cost=0.00..61283.27 rows=2528527 width=4) (actual time=0.036..1179.622 rows=2528312 loops=1)
Planning time: 0.803 ms
Execution time: 34260.394 ms
