Hash Join  (cost=709677.28..793496.55 rows=98 width=0) (actual time=11432.212..12738.868 rows=37 loops=1)
  Hash Cond: (mk.movie_id = t.id)
  ->  Seq Scan on movie_keyword mk  (cost=0.00..81003.12 rows=750713 width=4) (actual time=0.016..1297.072 rows=757339 loops=1)
        Filter: (keyword_id > 24718)
        Rows Removed by Filter: 3766591
  ->  Hash  (cost=709673.15..709673.15 rows=330 width=8) (actual time=11340.844..11340.844 rows=53 loops=1)
        Buckets: 1024  Batches: 1  Memory Usage: 11kB
        ->  Nested Loop  (cost=0.43..709673.15 rows=330 width=8) (actual time=7909.209..11340.780 rows=53 loops=1)
              ->  Seq Scan on cast_info ci  (cost=0.00..705507.15 rows=500 width=4) (actual time=7909.059..11337.029 rows=66 loops=1)
                    Filter: (person_id = 1819957)
                    Rows Removed by Filter: 36244278
              ->  Index Scan using title_pkey on title t  (cost=0.43..8.32 rows=1 width=4) (actual time=0.055..0.055 rows=1 loops=66)
                    Index Cond: (id = ci.movie_id)
                    Filter: (production_year < 2008)
                    Rows Removed by Filter: 0
Planning time: 1.293 ms
Execution time: 12739.013 ms
