Hash Join  (cost=81573.24..120848.20 rows=168689 width=0) (actual time=1466.232..2617.592 rows=233802 loops=1)
  Hash Cond: (mi_idx.movie_id = t.id)
  ->  Seq Scan on movie_info_idx mi_idx  (cost=0.00..25185.44 rows=915101 width=4) (actual time=0.017..606.170 rows=919850 loops=1)
        Filter: (info_type_id < 101)
        Rows Removed by Filter: 460185
  ->  Hash  (cost=73925.90..73925.90 rows=466107 width=4) (actual time=1464.901..1464.901 rows=396359 loops=1)
        Buckets: 131072  Batches: 8  Memory Usage: 2762kB
        ->  Seq Scan on title t  (cost=0.00..73925.90 rows=466107 width=4) (actual time=0.027..1337.669 rows=396359 loops=1)
              Filter: ((kind_id < 7) AND (production_year > 2003))
              Rows Removed by Filter: 2131953
Planning time: 0.733 ms
Execution time: 2645.534 ms
