Hash Join  (cost=82412.27..447867.62 rows=258586 width=0) (actual time=7625.597..8287.505 rows=149079 loops=1)
  Hash Cond: (mi.movie_id = t.id)
  ->  Seq Scan on movie_info mi  (cost=0.00..346232.03 rows=1264125 width=4) (actual time=0.025..5896.726 rows=1288928 loops=1)
        Filter: (info_type_id = 2)
        Rows Removed by Filter: 13546792
  ->  Hash  (cost=73925.90..73925.90 rows=517229 width=4) (actual time=1755.610..1755.610 rows=403947 loops=1)
        Buckets: 131072  Batches: 8  Memory Usage: 2790kB
        ->  Seq Scan on title t  (cost=0.00..73925.90 rows=517229 width=4) (actual time=0.026..1268.364 rows=403947 loops=1)
              Filter: ((production_year < 1996) AND (kind_id = 7))
              Rows Removed by Filter: 2124365
Planning time: 0.889 ms
Execution time: 8303.944 ms
