Seq Scan on movie_keyword mk  (cost=0.00..81003.12 rows=1020699 width=0) (actual time=0.024..1461.931 rows=1026267 loops=1)
  Filter: (keyword_id > 17433)
  Rows Removed by Filter: 3497663
Planning time: 0.354 ms
Execution time: 1594.584 ms
