Hash Join  (cost=263115.61..1169019.14 rows=4217019 width=0) (actual time=6636.018..23243.183 rows=5834460 loops=1)
  Hash Cond: (ci.movie_id = t.id)
  ->  Seq Scan on cast_info ci  (cost=0.00..796071.18 rows=4086746 width=4) (actual time=0.024..13126.329 rows=2050856 loops=1)
        Filter: ((person_id < 1530904) AND (role_id > 4))
        Rows Removed by Filter: 34193488
  ->  Hash  (cost=220309.49..220309.49 rows=2609129 width=8) (actual time=6634.573..6634.573 rows=2609129 loops=1)
        Buckets: 131072  Batches: 64  Memory Usage: 2610kB
        ->  Hash Join  (cost=102767.86..220309.49 rows=2609129 width=8) (actual time=1940.816..5800.705 rows=2609129 loops=1)
              Hash Cond: (mc.movie_id = t.id)
              ->  Seq Scan on movie_companies mc  (cost=0.00..44881.29 rows=2609129 width=4) (actual time=0.030..889.561 rows=2609129 loops=1)
              ->  Hash  (cost=61283.27..61283.27 rows=2528527 width=4) (actual time=1937.142..1937.142 rows=2528312 loops=1)
                    Buckets: 131072  Batches: 64  Memory Usage: 2415kB
                    ->  Seq Scan on title t  (cost=0.00..61283.27 rows=2528527 width=4) (actual time=0.016..1122.964 rows=2528312 loops=1)
Planning time: 1.244 ms
Execution time: 23893.891 ms
