Seq Scan on movie_companies mc  (cost=0.00..57926.93 rows=1038812 width=0) (actual time=0.018..1059.505 rows=918623 loops=1)
  Filter: ((company_id > 425) AND (company_type_id = 1))
  Rows Removed by Filter: 1690506
Planning time: 0.379 ms
Execution time: 1172.902 ms
