Hash Join  (cost=83074.05..109988.32 rows=17 width=0) (actual time=1591.130..1795.795 rows=5 loops=1)
  Hash Cond: (mi_idx.movie_id = t.id)
  ->  Seq Scan on movie_info_idx mi_idx  (cost=0.00..25185.44 rows=460978 width=4) (actual time=0.034..452.279 rows=459925 loops=1)
        Filter: (info_type_id = 99)
        Rows Removed by Filter: 920110
  ->  Hash  (cost=83072.90..83072.90 rows=92 width=8) (actual time=1279.980..1279.980 rows=5 loops=1)
        Buckets: 1024  Batches: 1  Memory Usage: 9kB
        ->  Nested Loop  (cost=0.43..83072.90 rows=92 width=8) (actual time=175.845..1279.967 rows=5 loops=1)
              ->  Seq Scan on movie_keyword mk  (cost=0.00..81003.12 rows=246 width=4) (actual time=1.197..1260.110 rows=153 loops=1)
                    Filter: (keyword_id = 19974)
                    Rows Removed by Filter: 4523777
              ->  Index Scan using title_pkey on title t  (cost=0.43..8.40 rows=1 width=4) (actual time=0.126..0.126 rows=0 loops=153)
                    Index Cond: (id = mk.movie_id)
                    Filter: ((production_year < 2007) AND (kind_id = 7))
                    Rows Removed by Filter: 1
Planning time: 1.239 ms
Execution time: 1795.937 ms
