Hash Join  (cost=94699.36..909640.74 rows=8043 width=0) (actual time=2437.134..13273.875 rows=18019 loops=1)
  Hash Cond: (ci.movie_id = t.id)
  ->  Seq Scan on cast_info ci  (cost=0.00..796071.18 rows=5010606 width=4) (actual time=937.878..11337.526 rows=2119808 loops=1)
        Filter: ((person_id < 739132) AND (role_id > 1))
        Rows Removed by Filter: 34124536
  ->  Hash  (cost=94648.62..94648.62 rows=4059 width=8) (actual time=1496.588..1496.588 rows=10183 loops=1)
        Buckets: 16384 (originally 4096)  Batches: 1 (originally 1)  Memory Usage: 526kB
        ->  Hash Join  (cost=67697.55..94648.62 rows=4059 width=8) (actual time=859.106..1492.600 rows=10183 loops=1)
              Hash Cond: (mi_idx.movie_id = t.id)
              ->  Seq Scan on movie_info_idx mi_idx  (cost=0.00..21735.35 rows=1380035 width=4) (actual time=0.025..309.411 rows=1380035 loops=1)
              ->  Hash  (cost=67604.59..67604.59 rows=7437 width=4) (actual time=858.902..858.902 rows=13711 loops=1)
                    Buckets: 16384 (originally 8192)  Batches: 1 (originally 1)  Memory Usage: 611kB
                    ->  Seq Scan on title t  (cost=0.00..67604.59 rows=7437 width=4) (actual time=0.136..852.474 rows=13711 loops=1)
                          Filter: (production_year = 1966)
                          Rows Removed by Filter: 2514601
Planning time: 1.235 ms
Execution time: 13276.875 ms
