Hash Join  (cost=219178.56..755703.90 rows=3588949 width=0) (actual time=5454.696..31772.892 rows=57400911 loops=1)
  Hash Cond: (mi.movie_id = t.id)
  ->  Seq Scan on movie_info mi  (cost=0.00..309384.22 rows=14739122 width=4) (actual time=0.016..6404.116 rows=14835720 loops=1)
  ->  Hash  (cost=209076.41..209076.41 rows=615692 width=8) (actual time=5453.837..5453.837 rows=785074 loops=1)
        Buckets: 131072  Batches: 16  Memory Usage: 3081kB
        ->  Hash Join  (cost=79572.46..209076.41 rows=615692 width=8) (actual time=1318.496..5209.341 rows=785074 loops=1)
              Hash Cond: (mk.movie_id = t.id)
              ->  Seq Scan on movie_keyword mk  (cost=0.00..69693.30 rows=4523930 width=4) (actual time=0.023..1522.193 rows=4523930 loops=1)
              ->  Hash  (cost=73925.90..73925.90 rows=344124 width=4) (actual time=1317.462..1317.462 rows=277148 loops=1)
                    Buckets: 131072  Batches: 8  Memory Usage: 2242kB
                    ->  Seq Scan on title t  (cost=0.00..73925.90 rows=344124 width=4) (actual time=0.026..1220.726 rows=277148 loops=1)
                          Filter: ((kind_id < 4) AND (production_year > 2005))
                          Rows Removed by Filter: 2251164
Planning time: 1.268 ms
Execution time: 38294.231 ms
