Seq Scan on movie_keyword mk  (cost=0.00..81003.12 rows=1849545 width=0) (actual time=0.023..1333.405 rows=1860298 loops=1)
  Filter: (keyword_id < 3115)
  Rows Removed by Filter: 2663632
Planning time: 0.321 ms
Execution time: 1548.041 ms
