Hash Join  (cost=191099.76..327536.68 rows=1184788 width=0) (actual time=4012.377..7683.985 rows=1286903 loops=1)
  Hash Cond: (mk.movie_id = t.id)
  ->  Seq Scan on movie_keyword mk  (cost=0.00..69693.30 rows=4523930 width=4) (actual time=0.033..1428.885 rows=4523930 loops=1)
  ->  Hash  (cost=180235.20..180235.20 rows=662205 width=8) (actual time=4011.114..4011.114 rows=441153 loops=1)
        Buckets: 131072  Batches: 16  Memory Usage: 2100kB
        ->  Hash Join  (cost=96651.52..180235.20 rows=662205 width=8) (actual time=1821.003..3885.185 rows=441153 loops=1)
              Hash Cond: (mc.movie_id = t.id)
              ->  Seq Scan on movie_companies mc  (cost=0.00..57926.93 rows=945737 width=4) (actual time=21.520..1099.809 rows=1113041 loops=1)
                    Filter: ((company_id > 1451) AND (company_type_id > 1))
                    Rows Removed by Filter: 1496088
              ->  Hash  (cost=67604.59..67604.59 rows=1770475 width=4) (actual time=1798.238..1798.238 rows=1774635 loops=1)
                    Buckets: 131072  Batches: 32  Memory Usage: 2978kB
                    ->  Seq Scan on title t  (cost=0.00..67604.59 rows=1770475 width=4) (actual time=0.033..1223.470 rows=1774635 loops=1)
                          Filter: (kind_id > 2)
                          Rows Removed by Filter: 753677
Planning time: 1.470 ms
Execution time: 7843.836 ms
