Hash Join  (cost=160606.18..1239726.60 rows=4411426 width=0) (actual time=3284.196..31947.888 rows=2239722 loops=1)
  Hash Cond: (ci.movie_id = t.id)
  ->  Seq Scan on cast_info ci  (cost=0.00..614943.12 rows=36225612 width=4) (actual time=0.013..12842.700 rows=36244344 loops=1)
  ->  Hash  (cost=155554.24..155554.24 rows=307915 width=8) (actual time=3283.242..3283.242 rows=119850 loops=1)
        Buckets: 131072  Batches: 8  Memory Usage: 1614kB
        ->  Hash Join  (cost=83954.38..155554.24 rows=307915 width=8) (actual time=1565.523..3243.362 rows=119850 loops=1)
              Hash Cond: (mc.movie_id = t.id)
              ->  Seq Scan on movie_companies mc  (cost=0.00..51404.11 rows=1273760 width=4) (actual time=0.029..973.325 rows=1284118 loops=1)
                    Filter: (company_id > 11385)
                    Rows Removed by Filter: 1325011
              ->  Hash  (cost=73925.90..73925.90 rows=611238 width=4) (actual time=1564.826..1564.826 rows=481054 loops=1)
                    Buckets: 131072  Batches: 8  Memory Usage: 3125kB
                    ->  Seq Scan on title t  (cost=0.00..73925.90 rows=611238 width=4) (actual time=0.010..1412.387 rows=481054 loops=1)
                          Filter: ((kind_id > 3) AND (production_year < 1998))
                          Rows Removed by Filter: 2047258
Planning time: 1.349 ms
Execution time: 32234.299 ms
