Hash Join  (cost=101955.95..154708.07 rows=761040 width=0) (actual time=2112.597..3534.032 rows=774108 loops=1)
  Hash Cond: (mi_idx.movie_id = t.id)
  ->  Seq Scan on movie_info_idx mi_idx  (cost=0.00..25185.44 rows=919057 width=4) (actual time=0.017..505.771 rows=920110 loops=1)
        Filter: (info_type_id > 99)
        Rows Removed by Filter: 459925
  ->  Hash  (cost=67604.59..67604.59 rows=2093789 width=4) (actual time=2111.452..2111.452 rows=2089788 loops=1)
        Buckets: 131072  Batches: 32  Memory Usage: 3324kB
        ->  Seq Scan on title t  (cost=0.00..67604.59 rows=2093789 width=4) (actual time=0.019..1424.758 rows=2089788 loops=1)
              Filter: (production_year > 1969)
              Rows Removed by Filter: 438524
Planning time: 0.789 ms
Execution time: 3609.904 ms
