Hash Join  (cost=73957.54..438761.01 rows=14754 width=0) (actual time=1166.680..8278.022 rows=67810 loops=1)
  Hash Cond: (mi.movie_id = t.id)
  ->  Seq Scan on movie_info mi  (cost=0.00..309384.22 rows=14739122 width=4) (actual time=0.025..4088.874 rows=14835720 loops=1)
  ->  Hash  (cost=73925.90..73925.90 rows=2531 width=4) (actual time=1162.116..1162.116 rows=6377 loops=1)
        Buckets: 8192 (originally 4096)  Batches: 1 (originally 1)  Memory Usage: 289kB
        ->  Seq Scan on title t  (cost=0.00..73925.90 rows=2531 width=4) (actual time=2.471..1158.899 rows=6377 loops=1)
              Filter: ((kind_id < 4) AND (production_year = 1979))
              Rows Removed by Filter: 2521935
Planning time: 0.907 ms
Execution time: 8289.989 ms
