Hash Join  (cost=171222.10..678452.54 rows=2570152 width=0) (actual time=3454.421..17425.137 rows=3554770 loops=1)
  Hash Cond: (mi.movie_id = t.id)
  ->  Seq Scan on movie_info mi  (cost=0.00..309384.22 rows=14739122 width=4) (actual time=0.019..6004.472 rows=14835720 loops=1)
  ->  Hash  (cost=163987.66..163987.66 rows=440915 width=8) (actual time=3409.137..3409.137 rows=380801 loops=1)
        Buckets: 131072  Batches: 8  Memory Usage: 2888kB
        ->  Hash Join  (cost=92883.59..163987.66 rows=440915 width=8) (actual time=1756.254..3292.911 rows=380801 loops=1)
              Hash Cond: (mc.movie_id = t.id)
              ->  Seq Scan on movie_companies mc  (cost=0.00..51404.11 rows=723562 width=4) (actual time=0.024..908.775 rows=711933 loops=1)
                    Filter: (company_id < 1371)
                    Rows Removed by Filter: 1897196
              ->  Hash  (cost=67604.59..67604.59 rows=1540800 width=4) (actual time=1635.160..1635.160 rows=1543264 loops=1)
                    Buckets: 131072  Batches: 32  Memory Usage: 2722kB
                    ->  Seq Scan on title t  (cost=0.00..67604.59 rows=1540800 width=4) (actual time=0.012..1145.123 rows=1543264 loops=1)
                          Filter: (kind_id = 7)
                          Rows Removed by Filter: 985048
Planning time: 1.199 ms
Execution time: 17859.508 ms
