Nested Loop  (cost=0.43..70088.39 rows=1507 width=0) (actual time=2.239..965.226 rows=2411 loops=1)
  ->  Seq Scan on movie_companies mc  (cost=0.00..57926.93 rows=1507 width=4) (actual time=2.170..884.610 rows=2411 loops=1)
        Filter: ((company_type_id > 1) AND (company_id = 68))
        Rows Removed by Filter: 2606718
  ->  Index Only Scan using title_pkey on title t  (cost=0.43..8.06 rows=1 width=4) (actual time=0.032..0.033 rows=1 loops=2411)
        Index Cond: (id = mc.movie_id)
        Heap Fetches: 2411
Planning time: 0.536 ms
Execution time: 965.946 ms
