Hash Join  (cost=365418.15..1812004.88 rows=37565618 width=0) (actual time=8297.590..64315.266 rows=126137411 loops=1)
  Hash Cond: (ci.movie_id = t.id)
  ->  Seq Scan on cast_info ci  (cost=0.00..705507.15 rows=20996275 width=4) (actual time=0.024..14076.854 rows=20871846 loops=1)
        Filter: (person_id < 2103469)
        Rows Removed by Filter: 15372498
  ->  Hash  (cost=291197.02..291197.02 rows=4523930 width=8) (actual time=8295.727..8295.727 rows=4523930 loops=1)
        Buckets: 131072  Batches: 64  Memory Usage: 3816kB
        ->  Hash Join  (cost=102767.86..291197.02 rows=4523930 width=8) (actual time=1963.260..7057.150 rows=4523930 loops=1)
              Hash Cond: (mk.movie_id = t.id)
              ->  Seq Scan on movie_keyword mk  (cost=0.00..69693.30 rows=4523930 width=4) (actual time=0.014..1475.641 rows=4523930 loops=1)
              ->  Hash  (cost=61283.27..61283.27 rows=2528527 width=4) (actual time=1961.458..1961.458 rows=2528312 loops=1)
                    Buckets: 131072  Batches: 64  Memory Usage: 2425kB
                    ->  Seq Scan on title t  (cost=0.00..61283.27 rows=2528527 width=4) (actual time=0.018..1118.755 rows=2528312 loops=1)
Planning time: 1.283 ms
Execution time: 78376.995 ms
