Hash Join  (cost=1018643.82..1794064.50 rows=22524804 width=0) (actual time=21971.984..63769.033 rows=106701118 loops=1)
  Hash Cond: (mi.movie_id = t.id)
  ->  Seq Scan on movie_info mi  (cost=0.00..309384.22 rows=14739122 width=4) (actual time=0.022..6051.347 rows=14835720 loops=1)
  ->  Hash  (cost=955246.61..955246.61 rows=3864177 width=8) (actual time=21970.324..21970.324 rows=4260679 loops=1)
        Buckets: 131072  Batches: 64  Memory Usage: 3761kB
        ->  Hash Join  (cost=89678.24..955246.61 rows=3864177 width=8) (actual time=1620.786..20807.748 rows=4260679 loops=1)
              Hash Cond: (ci.movie_id = t.id)
              ->  Seq Scan on cast_info ci  (cost=0.00..705507.15 rows=10176653 width=4) (actual time=0.017..12882.431 rows=9987268 loops=1)
                    Filter: (person_id < 982836)
                    Rows Removed by Filter: 26257076
              ->  Hash  (cost=73925.90..73925.90 rows=960107 width=4) (actual time=1619.948..1619.948 rows=977778 loops=1)
                    Buckets: 131072  Batches: 16  Memory Usage: 3172kB
                    ->  Seq Scan on title t  (cost=0.00..73925.90 rows=960107 width=4) (actual time=0.013..1318.670 rows=977778 loops=1)
                          Filter: ((kind_id < 7) AND (production_year > 0))
                          Rows Removed by Filter: 1550534
Planning time: 1.267 ms
Execution time: 75408.296 ms
