Hash Join  (cost=69928.56..558542.43 rows=825394 width=0) (actual time=1130.181..12648.411 rows=707392 loops=1)
  Hash Cond: (mi.movie_id = t.id)
  ->  Seq Scan on movie_info mi  (cost=0.00..309384.22 rows=14739122 width=4) (actual time=0.019..5960.604 rows=14835720 loops=1)
  ->  Hash  (cost=67604.59..67604.59 rows=141598 width=4) (actual time=1129.347..1129.347 rows=141703 loops=1)
        Buckets: 131072  Batches: 2  Memory Usage: 3517kB
        ->  Seq Scan on title t  (cost=0.00..67604.59 rows=141598 width=4) (actual time=0.022..1074.798 rows=141703 loops=1)
              Filter: (production_year = 2010)
              Rows Removed by Filter: 2386609
Planning time: 0.769 ms
Execution time: 12740.654 ms
