Hash Join  (cost=88295.76..237788.46 rows=2256366 width=0) (actual time=1604.930..5639.881 rows=1727725 loops=1)
  Hash Cond: (mk.movie_id = t.id)
  ->  Seq Scan on movie_keyword mk  (cost=0.00..69693.30 rows=4523930 width=4) (actual time=0.019..1479.739 rows=4523930 loops=1)
  ->  Hash  (cost=67604.59..67604.59 rows=1261134 width=4) (actual time=1603.950..1603.950 rows=1260295 loops=1)
        Buckets: 131072  Batches: 32  Memory Usage: 2421kB
        ->  Seq Scan on title t  (cost=0.00..67604.59 rows=1261134 width=4) (actual time=0.019..1181.739 rows=1260295 loops=1)
              Filter: (production_year > 2002)
              Rows Removed by Filter: 1268017
Planning time: 0.635 ms
Execution time: 5838.894 ms
