Hash Join  (cost=297931.62..1403831.96 rows=12595670 width=0) (actual time=6621.166..41905.973 rows=45315083 loops=1)
  Hash Cond: (ci.movie_id = t.id)
  ->  Seq Scan on cast_info ci  (cost=0.00..796071.18 rows=12359433 width=4) (actual time=0.014..17560.253 rows=12670688 loops=1)
        Filter: ((person_id < 3854433) AND (role_id = 1))
        Rows Removed by Filter: 23573656
  ->  Hash  (cost=255654.91..255654.91 rows=2576857 width=8) (actual time=6619.135..6619.135 rows=2564754 loops=1)
        Buckets: 131072  Batches: 64  Memory Usage: 2612kB
        ->  Hash Join  (cost=102767.86..255654.91 rows=2576857 width=8) (actual time=1937.812..5857.175 rows=2564754 loops=1)
              Hash Cond: (mk.movie_id = t.id)
              ->  Seq Scan on movie_keyword mk  (cost=0.00..81003.12 rows=2576857 width=4) (actual time=0.018..1551.291 rows=2564754 loops=1)
                    Filter: (keyword_id > 3411)
                    Rows Removed by Filter: 1959176
              ->  Hash  (cost=61283.27..61283.27 rows=2528527 width=4) (actual time=1936.625..1936.625 rows=2528312 loops=1)
                    Buckets: 131072  Batches: 64  Memory Usage: 2425kB
                    ->  Seq Scan on title t  (cost=0.00..61283.27 rows=2528527 width=4) (actual time=0.011..1030.381 rows=2528312 loops=1)
Planning time: 1.193 ms
Execution time: 46916.276 ms
