Seq Scan on cast_info ci  (cost=0.00..705507.15 rows=27612296 width=0) (actual time=0.042..12561.689 rows=27630459 loops=1)
  Filter: (person_id < 2827223)
  Rows Removed by Filter: 8613885
Planning time: 0.327 ms
Execution time: 15840.611 ms
