Hash Join  (cost=914521.90..1280116.56 rows=87890 width=0) (actual time=18793.176..21306.166 rows=187605 loops=1)
  Hash Cond: (mi.movie_id = t.id)
  ->  Seq Scan on movie_info mi  (cost=0.00..346232.03 rows=1550064 width=4) (actual time=3724.134..5502.102 rows=1533909 loops=1)
        Filter: (info_type_id = 3)
        Rows Removed by Filter: 13301811
  ->  Hash  (cost=912168.78..912168.78 rows=143369 width=8) (actual time=15068.082..15068.082 rows=239108 loops=1)
        Buckets: 131072 (originally 131072)  Batches: 4 (originally 2)  Memory Usage: 3366kB
        ->  Hash Join  (cost=102767.86..912168.78 rows=143369 width=8) (actual time=11088.491..14991.226 rows=239108 loops=1)
              Hash Cond: (ci.movie_id = t.id)
              ->  Seq Scan on cast_info ci  (cost=0.00..796071.18 rows=143369 width=4) (actual time=9143.686..12473.158 rows=239108 loops=1)
                    Filter: ((person_id > 2148579) AND (role_id > 10))
                    Rows Removed by Filter: 36005236
              ->  Hash  (cost=61283.27..61283.27 rows=2528527 width=4) (actual time=1943.818..1943.818 rows=2528312 loops=1)
                    Buckets: 131072  Batches: 64  Memory Usage: 2415kB
                    ->  Seq Scan on title t  (cost=0.00..61283.27 rows=2528527 width=4) (actual time=0.022..1089.030 rows=2528312 loops=1)
Planning time: 1.259 ms
Execution time: 21333.046 ms
