Hash Join  (cost=97066.09..178805.97 rows=831597 width=0) (actual time=2029.506..3949.343 rows=902137 loops=1)
  Hash Cond: (mc.movie_id = t.id)
  ->  Seq Scan on movie_companies mc  (cost=0.00..51404.11 rows=1170960 width=4) (actual time=125.065..932.693 rows=1179255 loops=1)
        Filter: (company_id > 12641)
        Rows Removed by Filter: 1429874
  ->  Hash  (cost=67604.59..67604.59 rows=1795720 width=4) (actual time=1902.701..1902.701 rows=1794153 loops=1)
        Buckets: 131072  Batches: 32  Memory Usage: 2992kB
        ->  Seq Scan on title t  (cost=0.00..67604.59 rows=1795720 width=4) (actual time=0.035..1319.155 rows=1794153 loops=1)
              Filter: (production_year < 2009)
              Rows Removed by Filter: 734159
Planning time: 0.910 ms
Execution time: 4052.490 ms
