Hash Join  (cost=74126.72..133198.40 rows=12774 width=0) (actual time=1041.975..2336.636 rows=17928 loops=1)
  Hash Cond: (mc.movie_id = t.id)
  ->  Seq Scan on movie_companies mc  (cost=0.00..51404.11 rows=2010620 width=4) (actual time=0.020..919.683 rows=2005128 loops=1)
        Filter: (company_id < 66463)
        Rows Removed by Filter: 604001
  ->  Hash  (cost=73925.90..73925.90 rows=16065 width=4) (actual time=1041.785..1041.785 rows=9704 loops=1)
        Buckets: 16384  Batches: 1  Memory Usage: 470kB
        ->  Seq Scan on title t  (cost=0.00..73925.90 rows=16065 width=4) (actual time=119.621..1037.581 rows=9704 loops=1)
              Filter: ((kind_id < 2) AND (production_year = 2002))
              Rows Removed by Filter: 2518608
Planning time: 1.024 ms
Execution time: 2339.594 ms
