Hash Join  (cost=102767.86..1198439.57 rows=12040402 width=0) (actual time=7021.510..29574.864 rows=11312161 loops=1)
  Hash Cond: (ci.movie_id = t.id)
  ->  Seq Scan on cast_info ci  (cost=0.00..796071.18 rows=12040402 width=4) (actual time=5013.516..17698.207 rows=11312161 loops=1)
        Filter: ((person_id > 186584) AND (role_id = 1))
        Rows Removed by Filter: 24932183
  ->  Hash  (cost=61283.27..61283.27 rows=2528527 width=4) (actual time=2006.803..2006.803 rows=2528312 loops=1)
        Buckets: 131072  Batches: 64  Memory Usage: 2415kB
        ->  Seq Scan on title t  (cost=0.00..61283.27 rows=2528527 width=4) (actual time=0.013..1171.680 rows=2528312 loops=1)
Planning time: 0.842 ms
Execution time: 30797.696 ms
