Hash Join  (cost=80738.05..540938.21 rows=1397109 width=0) (actual time=1357.983..13122.000 rows=2235099 loops=1)
  Hash Cond: (mi.movie_id = t.id)
  ->  Seq Scan on movie_info mi  (cost=0.00..346232.03 rows=8508011 width=4) (actual time=0.017..6913.987 rows=8612226 loops=1)
        Filter: (info_type_id < 9)
        Rows Removed by Filter: 6223494
  ->  Hash  (cost=73925.90..73925.90 rows=415212 width=4) (actual time=1356.932..1356.932 rows=303236 loops=1)
        Buckets: 131072  Batches: 8  Memory Usage: 2367kB
        ->  Seq Scan on title t  (cost=0.00..73925.90 rows=415212 width=4) (actual time=503.767..1243.635 rows=303236 loops=1)
              Filter: ((production_year > 1996) AND (kind_id = 1))
              Rows Removed by Filter: 2225076
Planning time: 0.792 ms
Execution time: 13397.411 ms
