Seq Scan on movie_companies mc  (cost=0.00..51404.11 rows=867097 width=0) (actual time=27.194..960.018 rows=874038 loops=1)
  Filter: (company_id > 23342)
  Rows Removed by Filter: 1735091
Planning time: 0.362 ms
Execution time: 1073.275 ms
