Seq Scan on movie_companies mc  (cost=0.00..57926.93 rows=1065855 width=0) (actual time=344.455..1163.309 rows=941507 loops=1)
  Filter: ((company_id > 317) AND (company_type_id = 1))
  Rows Removed by Filter: 1667622
Planning time: 0.275 ms
Execution time: 1287.853 ms
