Seq Scan on movie_keyword mk  (cost=0.00..81003.12 rows=1648864 width=0) (actual time=0.024..1411.509 rows=1654659 loops=1)
  Filter: (keyword_id > 8833)
  Rows Removed by Filter: 2869271
Planning time: 0.328 ms
Execution time: 1622.084 ms
