Seq Scan on movie_keyword mk  (cost=0.00..81003.12 rows=246 width=0) (actual time=27.808..982.533 rows=33 loops=1)
  Filter: (keyword_id = 18693)
  Rows Removed by Filter: 4523897
Planning time: 0.391 ms
Execution time: 982.648 ms
