Hash Join  (cost=190171.87..611693.33 rows=1043001 width=0) (actual time=4281.398..12763.227 rows=1262905 loops=1)
  Hash Cond: (mi.movie_id = t.id)
  ->  Seq Scan on movie_info mi  (cost=0.00..346232.03 rows=5445713 width=4) (actual time=292.876..6239.822 rows=5410520 loops=1)
        Filter: (info_type_id < 6)
        Rows Removed by Filter: 9425200
  ->  Hash  (cost=182226.36..182226.36 rows=484281 width=8) (actual time=3882.598..3882.598 rows=180108 loops=1)
        Buckets: 131072  Batches: 8  Memory Usage: 1925kB
        ->  Hash Join  (cost=102767.86..182226.36 rows=484281 width=8) (actual time=2324.568..3828.293 rows=180108 loops=1)
              Hash Cond: (mc.movie_id = t.id)
              ->  Seq Scan on movie_companies mc  (cost=0.00..57926.93 rows=484281 width=4) (actual time=398.518..967.282 rows=180108 loops=1)
                    Filter: ((company_id > 16774) AND (company_type_id = 1))
                    Rows Removed by Filter: 2429021
              ->  Hash  (cost=61283.27..61283.27 rows=2528527 width=4) (actual time=1925.103..1925.103 rows=2528312 loops=1)
                    Buckets: 131072  Batches: 64  Memory Usage: 2415kB
                    ->  Seq Scan on title t  (cost=0.00..61283.27 rows=2528527 width=4) (actual time=0.017..1072.397 rows=2528312 loops=1)
Planning time: 1.211 ms
Execution time: 12912.813 ms
