Hash Join  (cost=180421.99..675363.88 rows=1418496 width=0) (actual time=4069.776..16699.138 rows=1261306 loops=1)
  Hash Cond: (mi.movie_id = t.id)
  ->  Seq Scan on movie_info mi  (cost=0.00..309384.22 rows=14739122 width=4) (actual time=0.014..6367.525 rows=14835720 loops=1)
  ->  Hash  (cost=176429.17..176429.17 rows=243346 width=8) (actual time=4068.848..4068.848 rows=122443 loops=1)
        Buckets: 131072  Batches: 4  Memory Usage: 2231kB
        ->  Hash Join  (cost=102767.86..176429.17 rows=243346 width=8) (actual time=2583.832..4030.808 rows=122443 loops=1)
              Hash Cond: (mc.movie_id = t.id)
              ->  Seq Scan on movie_companies mc  (cost=0.00..57926.93 rows=243346 width=4) (actual time=16.571..997.961 rows=122443 loops=1)
                    Filter: ((company_id < 419) AND (company_type_id = 2))
                    Rows Removed by Filter: 2486686
              ->  Hash  (cost=61283.27..61283.27 rows=2528527 width=4) (actual time=2565.927..2565.927 rows=2528312 loops=1)
                    Buckets: 131072  Batches: 64  Memory Usage: 2415kB
                    ->  Seq Scan on title t  (cost=0.00..61283.27 rows=2528527 width=4) (actual time=0.023..1198.820 rows=2528312 loops=1)
Planning time: 1.173 ms
Execution time: 16854.045 ms
