Hash Join  (cost=153096.03..642653.82 rows=913886 width=0) (actual time=4063.472..17375.663 rows=3672184 loops=1)
  Hash Cond: (mi.movie_id = t.id)
  ->  Seq Scan on movie_info mi  (cost=0.00..309384.22 rows=14739122 width=4) (actual time=0.026..6383.150 rows=14835720 loops=1)
  ->  Hash  (cost=150523.29..150523.29 rows=156779 width=8) (actual time=4062.605..4062.605 rows=258534 loops=1)
        Buckets: 131072  Batches: 4  Memory Usage: 3549kB
        ->  Hash Join  (cost=82423.69..150523.29 rows=156779 width=8) (actual time=1923.689..3974.405 rows=258534 loops=1)
              Hash Cond: (mc.movie_id = t.id)
              ->  Seq Scan on movie_companies mc  (cost=0.00..57926.93 rows=438901 width=4) (actual time=254.256..1247.382 rows=765448 loops=1)
                    Filter: ((company_id > 23756) AND (company_type_id > 1))
                    Rows Removed by Filter: 1843681
              ->  Hash  (cost=67604.59..67604.59 rows=903208 width=4) (actual time=1668.581..1668.581 rows=904491 loops=1)
                    Buckets: 131072  Batches: 16  Memory Usage: 3010kB
                    ->  Seq Scan on title t  (cost=0.00..67604.59 rows=903208 width=4) (actual time=0.019..1373.377 rows=904491 loops=1)
                          Filter: (production_year > 2006)
                          Rows Removed by Filter: 1623821
Planning time: 1.245 ms
Execution time: 17765.415 ms
