Nested Loop  (cost=44377.22..856133.31 rows=2121 width=0) (actual time=8925.903..12992.152 rows=3176 loops=1)
  Join Filter: (ci.movie_id = t.id)
  ->  Hash Join  (cost=44376.79..847848.88 rows=13914 width=8) (actual time=8925.790..12933.031 rows=4178 loops=1)
        Hash Cond: (ci.movie_id = mi_idx.movie_id)
        ->  Seq Scan on cast_info ci  (cost=0.00..796071.18 rows=10233 width=4) (actual time=7757.426..11565.808 rows=3079 loops=1)
              Filter: ((person_id < 31752) AND (role_id = 9))
              Rows Removed by Filter: 36241265
        ->  Hash  (cost=21735.35..21735.35 rows=1380035 width=4) (actual time=1166.265..1166.265 rows=1380035 loops=1)
              Buckets: 131072  Batches: 32  Memory Usage: 2540kB
              ->  Seq Scan on movie_info_idx mi_idx  (cost=0.00..21735.35 rows=1380035 width=4) (actual time=0.027..431.244 rows=1380035 loops=1)
  ->  Index Scan using title_pkey on title t  (cost=0.43..0.58 rows=1 width=4) (actual time=0.013..0.014 rows=1 loops=4178)
        Index Cond: (id = mi_idx.movie_id)
        Filter: ((kind_id < 7) AND (production_year > 0))
        Rows Removed by Filter: 0
Planning time: 1.219 ms
Execution time: 12992.861 ms
