Hash Join  (cost=224106.70..372646.36 rows=824762 width=156) (actual time=16871.568..22139.667 rows=3461792 loops=1)
  Hash Cond: (mk.movie_id = t.id)
  ->  Seq Scan on movie_keyword mk  (cost=0.00..69693.30 rows=4523930 width=12) (actual time=0.018..1607.618 rows=4523930 loops=1)
  ->  Hash  (cost=208890.48..208890.48 rows=460978 width=144) (actual time=16869.922..16869.922 rows=459925 loops=1)
        Buckets: 32768  Batches: 32  Memory Usage: 2254kB
        ->  Merge Join  (cost=84308.23..208890.48 rows=460978 width=144) (actual time=982.643..16338.044 rows=459925 loops=1)
              Merge Cond: (t.id = mi_idx.movie_id)
              ->  Index Scan using title_pkey on title t  (cost=0.43..110313.87 rows=2528527 width=94) (actual time=0.007..14257.853 rows=2525794 loops=1)
              ->  Materialize  (cost=84307.42..86612.31 rows=460978 width=50) (actual time=982.601..1287.382 rows=459925 loops=1)
                    ->  Sort  (cost=84307.42..85459.86 rows=460978 width=50) (actual time=982.595..1207.574 rows=459925 loops=1)
                          Sort Key: mi_idx.movie_id
                          Sort Method: external merge  Disk: 14840kB
                          ->  Seq Scan on movie_info_idx mi_idx  (cost=0.00..25185.44 rows=460978 width=50) (actual time=0.024..559.126 rows=459925 loops=1)
                                Filter: (info_type_id < 100)
                                Rows Removed by Filter: 920110
Planning time: 1.236 ms
Execution time: 22325.411 ms
