Hash Join  (cost=102767.86..296191.20 rows=4261429 width=0) (actual time=2262.418..7519.058 rows=4243816 loops=1)
  Hash Cond: (mk.movie_id = t.id)
  ->  Seq Scan on movie_keyword mk  (cost=0.00..81003.12 rows=4261429 width=4) (actual time=0.038..1833.447 rows=4243816 loops=1)
        Filter: (keyword_id > 231)
        Rows Removed by Filter: 280114
  ->  Hash  (cost=61283.27..61283.27 rows=2528527 width=4) (actual time=2260.976..2260.976 rows=2528312 loops=1)
        Buckets: 131072  Batches: 64  Memory Usage: 2425kB
        ->  Seq Scan on title t  (cost=0.00..61283.27 rows=2528527 width=4) (actual time=0.026..1089.158 rows=2528312 loops=1)
Planning time: 0.716 ms
Execution time: 8012.002 ms
