Hash Join  (cost=90606.68..234771.11 rows=1819039 width=0) (actual time=2365.083..5466.288 rows=416730 loops=1)
  Hash Cond: (mk.movie_id = t.id)
  ->  Seq Scan on movie_keyword mk  (cost=0.00..69693.30 rows=4523930 width=4) (actual time=0.022..1497.758 rows=4523930 loops=1)
  ->  Hash  (cost=73925.90..73925.90 rows=1016702 width=4) (actual time=1732.874..1732.874 rows=960113 loops=1)
        Buckets: 131072  Batches: 16  Memory Usage: 3141kB
        ->  Seq Scan on title t  (cost=0.00..73925.90 rows=1016702 width=4) (actual time=0.024..1415.930 rows=960113 loops=1)
              Filter: ((production_year < 2008) AND (kind_id = 7))
              Rows Removed by Filter: 1568199
Planning time: 0.740 ms
Execution time: 5516.712 ms
