Hash Join  (cost=94072.72..177917.30 rows=817618 width=0) (actual time=1909.156..3998.934 rows=671659 loops=1)
  Hash Cond: (mc.movie_id = t.id)
  ->  Seq Scan on movie_companies mc  (cost=0.00..51404.11 rows=1683545 width=4) (actual time=0.019..1001.591 rows=1675196 loops=1)
        Filter: (company_id < 19305)
        Rows Removed by Filter: 933933
  ->  Hash  (cost=73925.90..73925.90 rows=1227985 width=4) (actual time=1907.719..1907.719 rows=1197374 loops=1)
        Buckets: 131072  Batches: 32  Memory Usage: 2340kB
        ->  Seq Scan on title t  (cost=0.00..73925.90 rows=1227985 width=4) (actual time=0.013..1503.252 rows=1197374 loops=1)
              Filter: ((kind_id > 1) AND (production_year < 2008))
              Rows Removed by Filter: 1330938
Planning time: 0.805 ms
Execution time: 4066.671 ms
