Seq Scan on title t  (cost=0.00..73925.90 rows=923591 width=0) (actual time=0.017..1197.460 rows=881816 loops=1)
  Filter: ((kind_id < 7) AND (production_year > 1922))
  Rows Removed by Filter: 1646496
Planning time: 0.338 ms
Execution time: 1311.408 ms
