Hash Join  (cost=156179.10..987634.22 rows=173011 width=0) (actual time=7295.134..20398.516 rows=610363 loops=1)
  Hash Cond: (ci.movie_id = t.id)
  ->  Seq Scan on cast_info ci  (cost=0.00..796071.18 rows=6730765 width=4) (actual time=4201.518..16172.793 rows=4026305 loops=1)
        Filter: ((person_id < 3323969) AND (role_id > 7))
        Rows Removed by Filter: 32218039
  ->  Hash  (cost=155366.66..155366.66 rows=64995 width=8) (actual time=3092.821..3092.821 rows=76522 loops=1)
        Buckets: 131072 (originally 65536)  Batches: 1 (originally 1)  Memory Usage: 4014kB
        ->  Hash Join  (cost=68058.67..155366.66 rows=64995 width=8) (actual time=1093.720..3065.535 rows=76522 loops=1)
              Hash Cond: (mk.movie_id = t.id)
              ->  Seq Scan on movie_keyword mk  (cost=0.00..69693.30 rows=4523930 width=4) (actual time=0.028..1080.616 rows=4523930 loops=1)
              ->  Hash  (cost=67604.59..67604.59 rows=36327 width=4) (actual time=1093.185..1093.185 rows=36509 loops=1)
                    Buckets: 65536  Batches: 1  Memory Usage: 1796kB
                    ->  Seq Scan on title t  (cost=0.00..67604.59 rows=36327 width=4) (actual time=0.032..1076.805 rows=36509 loops=1)
                          Filter: (production_year = 1996)
                          Rows Removed by Filter: 2491803
Planning time: 1.213 ms
Execution time: 20476.618 ms
