Hash Join  (cost=171094.86..1019107.34 rows=1015280 width=0) (actual time=3368.763..33660.475 rows=7843364 loops=1)
  Hash Cond: (ci.movie_id = t.id)
  ->  Seq Scan on cast_info ci  (cost=0.00..705507.15 rows=35293992 width=4) (actual time=0.015..13854.493 rows=35434502 loops=1)
        Filter: (person_id > 85298)
        Rows Removed by Filter: 809842
  ->  Hash  (cost=170185.65..170185.65 rows=72737 width=8) (actual time=3367.974..3367.974 rows=131130 loops=1)
        Buckets: 131072 (originally 131072)  Batches: 2 (originally 1)  Memory Usage: 3588kB
        ->  Hash Join  (cost=74545.71..170185.65 rows=72737 width=8) (actual time=1074.881..3315.449 rows=131130 loops=1)
              Hash Cond: (mk.movie_id = t.id)
              ->  Seq Scan on movie_keyword mk  (cost=0.00..81003.12 rows=3709187 width=4) (actual time=0.021..1563.711 rows=3703092 loops=1)
                    Filter: (keyword_id < 22343)
                    Rows Removed by Filter: 820838
              ->  Hash  (cost=73925.90..73925.90 rows=49584 width=4) (actual time=1074.390..1074.390 rows=38752 loops=1)
                    Buckets: 65536  Batches: 1  Memory Usage: 1875kB
                    ->  Seq Scan on title t  (cost=0.00..73925.90 rows=49584 width=4) (actual time=0.085..1051.416 rows=38752 loops=1)
                          Filter: ((kind_id < 7) AND (production_year = 2008))
                          Rows Removed by Filter: 2489560
Planning time: 2.937 ms
Execution time: 34628.834 ms
