Hash Join  (cost=74816.49..131379.32 rows=36053 width=0) (actual time=1705.868..2688.066 rows=75793 loops=1)
  Hash Cond: (mc.movie_id = t.id)
  ->  Seq Scan on movie_companies mc  (cost=0.00..51404.11 rows=1279517 width=4) (actual time=177.033..987.470 rows=1274246 loops=1)
        Filter: (company_type_id = 1)
        Rows Removed by Filter: 1334883
  ->  Hash  (cost=73925.90..73925.90 rows=71247 width=4) (actual time=1190.796..1190.796 rows=99366 loops=1)
        Buckets: 131072 (originally 131072)  Batches: 2 (originally 1)  Memory Usage: 3073kB
        ->  Seq Scan on title t  (cost=0.00..73925.90 rows=71247 width=4) (actual time=524.821..1149.867 rows=99366 loops=1)
              Filter: ((production_year > 1996) AND (kind_id = 4))
              Rows Removed by Filter: 2428946
Planning time: 0.804 ms
Execution time: 2698.654 ms
