Hash Join  (cost=204121.93..1231732.48 rows=2016562 width=0) (actual time=4059.031..31053.353 rows=1108088 loops=1)
  Hash Cond: (ci.movie_id = t.id)
  ->  Seq Scan on cast_info ci  (cost=0.00..705507.15 rows=23499554 width=4) (actual time=0.024..16640.265 rows=23573656 loops=1)
        Filter: (role_id > 1)
        Rows Removed by Filter: 12670688
  ->  Hash  (cost=200561.68..200561.68 rows=216980 width=8) (actual time=4053.114..4053.114 rows=50573 loops=1)
        Buckets: 131072  Batches: 4  Memory Usage: 1505kB
        ->  Hash Join  (cost=75915.84..200561.68 rows=216980 width=8) (actual time=1302.588..4034.958 rows=50573 loops=1)
              Hash Cond: (mk.movie_id = t.id)
              ->  Seq Scan on movie_keyword mk  (cost=0.00..69693.30 rows=4523930 width=4) (actual time=0.023..1387.253 rows=4523930 loops=1)
              ->  Hash  (cost=73925.90..73925.90 rows=121275 width=4) (actual time=1301.893..1301.893 rows=124747 loops=1)
                    Buckets: 131072  Batches: 2  Memory Usage: 3225kB
                    ->  Seq Scan on title t  (cost=0.00..73925.90 rows=121275 width=4) (actual time=0.030..1254.621 rows=124747 loops=1)
                          Filter: ((kind_id > 1) AND (production_year = 2012))
                          Rows Removed by Filter: 2403565
Planning time: 1.244 ms
Execution time: 31192.378 ms
