Seq Scan on cast_info ci  (cost=0.00..705507.15 rows=6943274 width=0) (actual time=0.028..11508.008 rows=6880890 loops=1)
  Filter: (person_id < 664779)
  Rows Removed by Filter: 29363454
Planning time: 0.349 ms
Execution time: 12376.851 ms
