Nested Loop  (cost=0.43..83072.90 rows=118 width=0) (actual time=399.757..1217.800 rows=28 loops=1)
  ->  Seq Scan on movie_keyword mk  (cost=0.00..81003.12 rows=246 width=4) (actual time=0.438..1202.188 rows=372 loops=1)
        Filter: (keyword_id = 1326)
        Rows Removed by Filter: 4523558
  ->  Index Scan using title_pkey on title t  (cost=0.43..8.40 rows=1 width=4) (actual time=0.040..0.040 rows=0 loops=372)
        Index Cond: (id = mk.movie_id)
        Filter: ((production_year > 1976) AND (kind_id = 7))
        Rows Removed by Filter: 1
Planning time: 0.559 ms
Execution time: 1217.908 ms
