Hash Join  (cost=76444.38..875778.43 rows=13275 width=0) (actual time=12771.940..15149.628 rows=5966 loops=1)
  Hash Cond: (ci.movie_id = t.id)
  ->  Seq Scan on cast_info ci  (cost=0.00..796071.18 rows=218698 width=4) (actual time=11641.941..13978.633 rows=79071 loops=1)
        Filter: ((person_id < 2293252) AND (role_id > 10))
        Rows Removed by Filter: 36165273
  ->  Hash  (cost=73925.90..73925.90 rows=153478 width=4) (actual time=1129.227..1129.227 rows=134760 loops=1)
        Buckets: 131072  Batches: 4  Memory Usage: 2216kB
        ->  Seq Scan on title t  (cost=0.00..73925.90 rows=153478 width=4) (actual time=0.027..1083.438 rows=134760 loops=1)
              Filter: ((kind_id < 7) AND (production_year > 2010))
              Rows Removed by Filter: 2393552
Planning time: 0.828 ms
Execution time: 15150.481 ms
