Seq Scan on movie_keyword mk  (cost=0.00..81003.12 rows=4008445 width=0) (actual time=0.030..1454.855 rows=4015940 loops=1)
  Filter: (keyword_id < 35731)
  Rows Removed by Filter: 507990
Planning time: 0.355 ms
Execution time: 1955.921 ms
