Seq Scan on movie_info mi  (cost=0.00..346232.03 rows=17937 width=0) (actual time=90.608..4916.163 rows=36985 loops=1)
  Filter: (info_type_id = 104)
  Rows Removed by Filter: 14798735
Planning time: 0.430 ms
Execution time: 4921.520 ms
