Hash Join  (cost=151674.52..525745.79 rows=169843 width=0) (actual time=4167.917..9789.243 rows=1376448 loops=1)
  Hash Cond: (mi.movie_id = t.id)
  ->  Seq Scan on movie_info mi  (cost=0.00..346232.03 rows=2194617 width=4) (actual time=903.652..5137.531 rows=2233850 loops=1)
        Filter: (info_type_id > 16)
        Rows Removed by Filter: 12601870
  ->  Hash  (cost=148463.46..148463.46 rows=195685 width=8) (actual time=3219.594..3219.594 rows=386968 loops=1)
        Buckets: 131072 (originally 131072)  Batches: 8 (originally 4)  Memory Usage: 3073kB
        ->  Hash Join  (cost=70716.09..148463.46 rows=195685 width=8) (actual time=1077.008..3096.485 rows=386968 loops=1)
              Hash Cond: (mc.movie_id = t.id)
              ->  Seq Scan on movie_companies mc  (cost=0.00..44881.29 rows=2609129 width=4) (actual time=0.033..850.147 rows=2609129 loops=1)
              ->  Hash  (cost=67604.59..67604.59 rows=189640 width=4) (actual time=1075.857..1075.857 rows=187790 loops=1)
                    Buckets: 131072  Batches: 4  Memory Usage: 2673kB
                    ->  Seq Scan on title t  (cost=0.00..67604.59 rows=189640 width=4) (actual time=0.026..1012.313 rows=187790 loops=1)
                          Filter: (production_year < 1954)
                          Rows Removed by Filter: 2340522
Planning time: 0.725 ms
Execution time: 9961.104 ms
