Hash Join  (cost=73962.22..940968.69 rows=21666 width=0) (actual time=1262.301..21204.500 rows=46823 loops=1)
  Hash Cond: (ci.movie_id = t.id)
  ->  Seq Scan on cast_info ci  (cost=0.00..796071.18 rows=18858302 width=4) (actual time=0.027..16188.598 rows=21585824 loops=1)
        Filter: ((person_id > 686026) AND (role_id > 1))
        Rows Removed by Filter: 14658520
  ->  Hash  (cost=73925.90..73925.90 rows=2905 width=4) (actual time=1261.441..1261.441 rows=5914 loops=1)
        Buckets: 8192 (originally 4096)  Batches: 1 (originally 1)  Memory Usage: 272kB
        ->  Seq Scan on title t  (cost=0.00..73925.90 rows=2905 width=4) (actual time=2.124..1258.363 rows=5914 loops=1)
              Filter: ((kind_id < 7) AND (production_year = 1974))
              Rows Removed by Filter: 2522398
Planning time: 0.838 ms
Execution time: 21214.965 ms
