Hash Join  (cost=80549.28..211351.32 rows=722300 width=0) (actual time=2481.943..4913.025 rows=176814 loops=1)
  Hash Cond: (mk.movie_id = t.id)
  ->  Seq Scan on movie_keyword mk  (cost=0.00..69693.30 rows=4523930 width=4) (actual time=0.020..1438.508 rows=4523930 loops=1)
  ->  Hash  (cost=73925.90..73925.90 rows=403710 width=4) (actual time=1283.943..1283.943 rows=434218 loops=1)
        Buckets: 131072  Batches: 8  Memory Usage: 2941kB
        ->  Seq Scan on title t  (cost=0.00..73925.90 rows=403710 width=4) (actual time=0.031..1136.426 rows=434218 loops=1)
              Filter: ((production_year > 2008) AND (kind_id = 7))
              Rows Removed by Filter: 2094094
Planning time: 0.876 ms
Execution time: 4932.999 ms
