Hash Join  (cost=68449.54..95501.29 rows=12419 width=0) (actual time=1187.893..1660.508 rows=15100 loops=1)
  Hash Cond: (mi_idx.movie_id = t.id)
  ->  Seq Scan on movie_info_idx mi_idx  (cost=0.00..25185.44 rows=464566 width=4) (actual time=0.022..352.026 rows=459925 loops=1)
        Filter: (info_type_id = 101)
        Rows Removed by Filter: 920110
  ->  Hash  (cost=67604.59..67604.59 rows=67596 width=4) (actual time=1187.137..1187.137 rows=67777 loops=1)
        Buckets: 131072  Batches: 1  Memory Usage: 3407kB
        ->  Seq Scan on title t  (cost=0.00..67604.59 rows=67596 width=4) (actual time=0.020..1159.460 rows=67777 loops=1)
              Filter: (production_year = 2003)
              Rows Removed by Filter: 2460535
Planning time: 0.804 ms
Execution time: 1662.741 ms
