Seq Scan on movie_keyword mk  (cost=0.00..81003.12 rows=2613947 width=0) (actual time=0.015..1478.242 rows=2605989 loops=1)
  Filter: (keyword_id > 3304)
  Rows Removed by Filter: 1917941
Planning time: 0.329 ms
Execution time: 1805.634 ms
