Hash Join  (cost=307979.73..918530.36 rows=11530771 width=0) (actual time=7655.110..56218.557 rows=174538228 loops=1)
  Hash Cond: (mi.movie_id = t.id)
  ->  Seq Scan on movie_info mi  (cost=0.00..346232.03 rows=9767026 width=4) (actual time=116.723..6919.700 rows=9911754 loops=1)
        Filter: (info_type_id > 4)
        Rows Removed by Filter: 4923966
  ->  Hash  (cost=259004.58..259004.58 rows=2985132 width=8) (actual time=7537.020..7537.020 rows=3613802 loops=1)
        Buckets: 131072  Batches: 64  Memory Usage: 3306kB
        ->  Hash Join  (cost=94978.31..259004.58 rows=2985132 width=8) (actual time=1799.902..6509.480 rows=3613802 loops=1)
              Hash Cond: (mk.movie_id = t.id)
              ->  Seq Scan on movie_keyword mk  (cost=0.00..69693.30 rows=4523930 width=4) (actual time=0.028..1494.078 rows=4523930 loops=1)
              ->  Hash  (cost=67604.59..67604.59 rows=1668458 width=4) (actual time=1799.014..1799.014 rows=1671292 loops=1)
                    Buckets: 131072  Batches: 32  Memory Usage: 2866kB
                    ->  Seq Scan on title t  (cost=0.00..67604.59 rows=1668458 width=4) (actual time=0.038..1267.689 rows=1671292 loops=1)
                          Filter: (production_year < 2008)
                          Rows Removed by Filter: 857020
Planning time: 0.802 ms
Execution time: 74752.923 ms
