Hash Join  (cost=142997.37..230475.34 rows=81993 width=0) (actual time=2446.905..4362.480 rows=563947 loops=1)
  Hash Cond: (mk.movie_id = t.id)
  ->  Seq Scan on movie_keyword mk  (cost=0.00..69693.30 rows=4523930 width=4) (actual time=0.020..935.864 rows=4523930 loops=1)
  ->  Hash  (cost=142424.52..142424.52 rows=45828 width=8) (actual time=2446.172..2446.172 rows=41299 loops=1)
        Buckets: 65536  Batches: 1  Memory Usage: 2126kB
        ->  Hash Join  (cost=75411.94..142424.52 rows=45828 width=8) (actual time=1398.172..2430.648 rows=41299 loops=1)
              Hash Cond: (mc.movie_id = t.id)
              ->  Seq Scan on movie_companies mc  (cost=0.00..51404.11 rows=1279517 width=4) (actual time=293.187..886.147 rows=1274246 loops=1)
                    Filter: (company_type_id < 2)
                    Rows Removed by Filter: 1334883
              ->  Hash  (cost=73925.90..73925.90 rows=90563 width=4) (actual time=1104.166..1104.166 rows=80990 loops=1)
                    Buckets: 131072  Batches: 2  Memory Usage: 2450kB
                    ->  Seq Scan on title t  (cost=0.00..73925.90 rows=90563 width=4) (actual time=0.140..1075.065 rows=80990 loops=1)
                          Filter: ((kind_id < 7) AND (production_year > 2011))
                          Rows Removed by Filter: 2447322
Planning time: 1.121 ms
Execution time: 4430.766 ms
