Seq Scan on cast_info ci  (cost=0.00..796071.18 rows=7647943 width=0) (actual time=6626.366..14295.749 rows=12670688 loops=1)
  Filter: ((person_id < 2196156) AND (role_id < 2))
  Rows Removed by Filter: 23573656
Planning time: 0.379 ms
Execution time: 15768.193 ms
