Hash Join  (cost=145574.53..1229699.91 rows=4898616 width=0) (actual time=3291.668..34558.962 rows=7423741 loops=1)
  Hash Cond: (ci.movie_id = t.id)
  ->  Seq Scan on cast_info ci  (cost=0.00..614943.12 rows=36225612 width=4) (actual time=0.018..13381.685 rows=36244344 loops=1)
  ->  Hash  (cost=139964.51..139964.51 rows=341921 width=8) (actual time=3290.953..3290.953 rows=250045 loops=1)
        Buckets: 131072  Batches: 8  Memory Usage: 2248kB
        ->  Hash Join  (cost=98137.04..139964.51 rows=341921 width=8) (actual time=2042.654..3210.464 rows=250045 loops=1)
              Hash Cond: (mi_idx.movie_id = t.id)
              ->  Seq Scan on movie_info_idx mi_idx  (cost=0.00..25185.44 rows=464566 width=4) (actual time=0.018..512.489 rows=459925 loops=1)
                    Filter: (info_type_id = 101)
                    Rows Removed by Filter: 920110
              ->  Hash  (cost=67604.59..67604.59 rows=1860996 width=4) (actual time=2041.383..2041.383 rows=1865487 loops=1)
                    Buckets: 131072  Batches: 32  Memory Usage: 3079kB
                    ->  Seq Scan on title t  (cost=0.00..67604.59 rows=1860996 width=4) (actual time=0.023..1425.876 rows=1865487 loops=1)
                          Filter: (kind_id > 1)
                          Rows Removed by Filter: 662825
Planning time: 1.185 ms
Execution time: 35364.468 ms
