Hash Join  (cost=156209.36..1068295.52 rows=1535927 width=0) (actual time=14334.677..20264.299 rows=1519429 loops=1)
  Hash Cond: (ci.movie_id = t.id)
  ->  Seq Scan on cast_info ci  (cost=0.00..796071.18 rows=8551923 width=4) (actual time=10429.381..13304.581 rows=4763647 loops=1)
        Filter: ((person_id > 2078706) AND (role_id < 3))
        Rows Removed by Filter: 31480697
  ->  Hash  (cost=148758.81..148758.81 rows=454124 width=8) (actual time=3904.193..3904.193 rows=459925 loops=1)
        Buckets: 131072  Batches: 8  Memory Usage: 3275kB
        ->  Hash Join  (cost=102767.86..148758.81 rows=454124 width=8) (actual time=1874.303..3762.678 rows=459925 loops=1)
              Hash Cond: (mi_idx.movie_id = t.id)
              ->  Seq Scan on movie_info_idx mi_idx  (cost=0.00..25185.44 rows=454124 width=4) (actual time=0.030..513.866 rows=459925 loops=1)
                    Filter: (info_type_id = 100)
                    Rows Removed by Filter: 920110
              ->  Hash  (cost=61283.27..61283.27 rows=2528527 width=4) (actual time=1872.671..1872.671 rows=2528312 loops=1)
                    Buckets: 131072  Batches: 64  Memory Usage: 2415kB
                    ->  Seq Scan on title t  (cost=0.00..61283.27 rows=2528527 width=4) (actual time=0.023..1017.237 rows=2528312 loops=1)
Planning time: 1.372 ms
Execution time: 20441.167 ms
