Seq Scan on movie_companies mc  (cost=0.00..51404.11 rows=726428 width=0) (actual time=0.021..852.311 rows=730957 loops=1)
  Filter: (company_id > 40461)
  Rows Removed by Filter: 1878172
Planning time: 0.329 ms
Execution time: 941.556 ms
