Hash Join  (cost=67697.55..150243.50 rows=1201 width=0) (actual time=1118.362..2548.685 rows=2455 loops=1)
  Hash Cond: (mk.movie_id = t.id)
  ->  Seq Scan on movie_keyword mk  (cost=0.00..81003.12 rows=408218 width=4) (actual time=0.024..1348.273 rows=403213 loops=1)
        Filter: (keyword_id > 43067)
        Rows Removed by Filter: 4120717
  ->  Hash  (cost=67604.59..67604.59 rows=7437 width=4) (actual time=1117.309..1117.309 rows=14235 loops=1)
        Buckets: 16384 (originally 8192)  Batches: 1 (originally 1)  Memory Usage: 629kB
        ->  Seq Scan on title t  (cost=0.00..67604.59 rows=7437 width=4) (actual time=0.099..1110.568 rows=14235 loops=1)
              Filter: (production_year = 1968)
              Rows Removed by Filter: 2514077
Planning time: 10.300 ms
Execution time: 2549.329 ms
