Seq Scan on cast_info ci  (cost=0.00..705507.15 rows=26135407 width=0) (actual time=0.027..11814.395 rows=26132664 loops=1)
  Filter: (person_id < 2704776)
  Rows Removed by Filter: 10111680
Planning time: 0.345 ms
Execution time: 14842.160 ms
