Hash Join  (cost=711045.32..2124981.27 rows=34450773 width=0) (actual time=18637.553..60608.380 rows=82025638 loops=1)
  Hash Cond: (ci.movie_id = t.id)
  ->  Seq Scan on cast_info ci  (cost=0.00..796071.18 rows=13979804 width=4) (actual time=3023.121..16561.685 rows=11116994 loops=1)
        Filter: ((person_id < 3169449) AND (role_id > 2))
        Rows Removed by Filter: 25127350
  ->  Hash  (cost=608815.44..608815.44 rows=6231111 width=8) (actual time=15613.007..15613.007 rows=6223494 loops=1)
        Buckets: 131072  Batches: 128  Memory Usage: 2920kB
        ->  Hash Join  (cost=102767.86..608815.44 rows=6231111 width=8) (actual time=1961.280..13894.028 rows=6223494 loops=1)
              Hash Cond: (mi.movie_id = t.id)
              ->  Seq Scan on movie_info mi  (cost=0.00..346232.03 rows=6231111 width=4) (actual time=0.033..6248.781 rows=6223494 loops=1)
                    Filter: (info_type_id > 8)
                    Rows Removed by Filter: 8612226
              ->  Hash  (cost=61283.27..61283.27 rows=2528527 width=4) (actual time=1959.267..1959.267 rows=2528312 loops=1)
                    Buckets: 131072  Batches: 64  Memory Usage: 2425kB
                    ->  Seq Scan on title t  (cost=0.00..61283.27 rows=2528527 width=4) (actual time=0.019..1079.297 rows=2528312 loops=1)
Planning time: 1.240 ms
Execution time: 69631.985 ms
