Seq Scan on movie_companies mc  (cost=0.00..57926.93 rows=409903 width=0) (actual time=342.028..856.664 rows=231477 loops=1)
  Filter: ((company_id < 1741) AND (company_type_id = 2))
  Rows Removed by Filter: 2377652
Planning time: 0.398 ms
Execution time: 884.293 ms
