Seq Scan on cast_info ci  (cost=0.00..796071.18 rows=7833741 width=0) (actual time=8600.411..15404.930 rows=8568925 loops=1)
  Filter: ((person_id > 593077) AND (role_id > 4))
  Rows Removed by Filter: 27675419
Planning time: 0.396 ms
Execution time: 16416.152 ms
