Hash Join  (cost=170440.99..535784.47 rows=68754 width=0) (actual time=3244.556..9959.930 rows=6347 loops=1)
  Hash Cond: (mi.movie_id = t.id)
  ->  Seq Scan on movie_info mi  (cost=0.00..309384.22 rows=14739122 width=4) (actual time=0.034..4163.103 rows=14835720 loops=1)
  ->  Hash  (cost=170293.56..170293.56 rows=11795 width=8) (actual time=3021.571..3021.571 rows=1134 loops=1)
        Buckets: 16384  Batches: 1  Memory Usage: 173kB
        ->  Hash Join  (cost=85855.67..170293.56 rows=11795 width=8) (actual time=1668.336..3020.934 rows=1134 loops=1)
              Hash Cond: (mk.movie_id = t.id)
              ->  Seq Scan on movie_keyword mk  (cost=0.00..81003.12 rows=41017 width=4) (actual time=0.055..1281.372 rows=41840 loops=1)
                    Filter: (keyword_id = 117)
                    Rows Removed by Filter: 4482090
              ->  Hash  (cost=73925.90..73925.90 rows=727101 width=4) (actual time=1587.026..1587.026 rows=796159 loops=1)
                    Buckets: 131072  Batches: 16  Memory Usage: 2786kB
                    ->  Seq Scan on title t  (cost=0.00..73925.90 rows=727101 width=4) (actual time=236.362..1328.931 rows=796159 loops=1)
                          Filter: ((production_year > 2003) AND (kind_id = 7))
                          Rows Removed by Filter: 1732153
Planning time: 5.428 ms
Execution time: 9961.408 ms
