Seq Scan on movie_companies mc  (cost=0.00..57926.93 rows=621152 width=0) (actual time=0.029..951.091 rows=399296 loops=1)
  Filter: ((company_id < 11137) AND (company_type_id > 1))
  Rows Removed by Filter: 2209833
Planning time: 0.351 ms
Execution time: 1001.663 ms
