Hash Join  (cost=976440.07..1140574.87 rows=2994085 width=0) (actual time=18219.773..23714.125 rows=5004637 loops=1)
  Hash Cond: (mk.movie_id = t.id)
  ->  Seq Scan on movie_keyword mk  (cost=0.00..69693.30 rows=4523930 width=4) (actual time=0.013..1460.991 rows=4523930 loops=1)
  ->  Hash  (cost=948984.80..948984.80 rows=1673462 width=8) (actual time=18218.533..18218.533 rows=1333323 loops=1)
        Buckets: 131072  Batches: 32  Memory Usage: 2657kB
        ->  Hash Join  (cost=102767.86..948984.80 rows=1673462 width=8) (actual time=9822.377..17796.674 rows=1333323 loops=1)
              Hash Cond: (ci.movie_id = t.id)
              ->  Seq Scan on cast_info ci  (cost=0.00..796071.18 rows=1673462 width=4) (actual time=7843.540..14258.804 rows=1333323 loops=1)
                    Filter: ((person_id < 2240652) AND (role_id = 4))
                    Rows Removed by Filter: 34911021
              ->  Hash  (cost=61283.27..61283.27 rows=2528527 width=4) (actual time=1976.812..1976.812 rows=2528312 loops=1)
                    Buckets: 131072  Batches: 64  Memory Usage: 2415kB
                    ->  Seq Scan on title t  (cost=0.00..61283.27 rows=2528527 width=4) (actual time=0.034..1157.495 rows=2528312 loops=1)
Planning time: 1.164 ms
Execution time: 24272.029 ms
