Seq Scan on movie_keyword mk  (cost=0.00..81003.12 rows=246 width=0) (actual time=15.289..1259.865 rows=142 loops=1)
  Filter: (keyword_id = 11934)
  Rows Removed by Filter: 4523788
Planning time: 0.388 ms
Execution time: 1260.039 ms
