Hash Join  (cost=709676.26..1074340.88 rows=869 width=0) (actual time=11403.242..17122.587 rows=871 loops=1)
  Hash Cond: (mi.movie_id = t.id)
  ->  Seq Scan on movie_info mi  (cost=0.00..309384.22 rows=14739122 width=4) (actual time=0.021..3488.635 rows=14835720 loops=1)
  ->  Hash  (cost=709674.40..709674.40 rows=149 width=8) (actual time=11383.333..11383.333 rows=69 loops=1)
        Buckets: 1024  Batches: 1  Memory Usage: 11kB
        ->  Nested Loop  (cost=0.43..709674.40 rows=149 width=8) (actual time=4308.885..11383.262 rows=69 loops=1)
              ->  Seq Scan on cast_info ci  (cost=0.00..705507.15 rows=500 width=4) (actual time=4308.735..11376.487 rows=164 loops=1)
                    Filter: (person_id = 1272511)
                    Rows Removed by Filter: 36244180
              ->  Index Scan using title_pkey on title t  (cost=0.43..8.32 rows=1 width=4) (actual time=0.040..0.040 rows=0 loops=164)
                    Index Cond: (id = ci.movie_id)
                    Filter: ((kind_id < 7) AND (production_year < 2010))
                    Rows Removed by Filter: 1
Planning time: 1.214 ms
Execution time: 17123.001 ms
