Seq Scan on movie_companies mc  (cost=0.00..51404.11 rows=956883 width=0) (actual time=0.024..867.918 rows=965919 loops=1)
  Filter: (company_id > 17875)
  Rows Removed by Filter: 1643210
Planning time: 0.338 ms
Execution time: 983.258 ms
