Seq Scan on title t  (cost=0.00..73925.90 rows=1963 width=0) (actual time=513.854..1163.009 rows=3792 loops=1)
  Filter: ((kind_id = 1) AND (production_year = 1966))
  Rows Removed by Filter: 2524520
Planning time: 1.336 ms
Execution time: 1163.884 ms
