Seq Scan on title t  (cost=0.00..73925.90 rows=904579 width=0) (actual time=0.021..1190.945 rows=992072 loops=1)
  Filter: ((production_year > 1998) AND (kind_id = 7))
  Rows Removed by Filter: 1536240
Planning time: 0.397 ms
Execution time: 1313.237 ms
