Hash Join  (cost=425914.24..1223635.55 rows=2613 width=0) (actual time=11506.059..20610.683 rows=1129 loops=1)
  Hash Cond: (ci.movie_id = t.id)
  ->  Seq Scan on cast_info ci  (cost=0.00..796071.18 rows=433069 width=4) (actual time=4644.488..13689.898 rows=304433 loops=1)
        Filter: ((person_id < 2176878) AND (role_id = 6))
        Rows Removed by Filter: 35939911
  ->  Hash  (cost=425723.58..425723.58 rows=15253 width=8) (actual time=6860.296..6860.296 rows=9101 loops=1)
        Buckets: 16384  Batches: 1  Memory Usage: 484kB
        ->  Hash Join  (cost=74283.51..425723.58 rows=15253 width=8) (actual time=5186.577..6856.851 rows=9101 loops=1)
              Hash Cond: (mi.movie_id = t.id)
              ->  Seq Scan on movie_info mi  (cost=0.00..346232.03 rows=1348138 width=4) (actual time=3877.035..5237.178 rows=1298989 loops=1)
                    Filter: (info_type_id = 4)
                    Rows Removed by Filter: 13536731
              ->  Hash  (cost=73925.90..73925.90 rows=28608 width=4) (actual time=1307.665..1307.665 rows=32134 loops=1)
                    Buckets: 32768  Batches: 1  Memory Usage: 1386kB
                    ->  Seq Scan on title t  (cost=0.00..73925.90 rows=28608 width=4) (actual time=0.039..1294.378 rows=32134 loops=1)
                          Filter: ((kind_id = 7) AND (production_year = 1998))
                          Rows Removed by Filter: 2496178
Planning time: 0.857 ms
Execution time: 20611.112 ms
