Hash Join  (cost=190230.21..1042401.40 rows=4530131 width=0) (actual time=4519.906..24650.636 rows=9701582 loops=1)
  Hash Cond: (ci.movie_id = t.id)
  ->  Seq Scan on cast_info ci  (cost=0.00..705507.15 rows=8300194 width=4) (actual time=0.013..12692.159 rows=8199640 loops=1)
        Filter: (person_id < 801147)
        Rows Removed by Filter: 28044704
  ->  Hash  (cost=167588.78..167588.78 rows=1380035 width=8) (actual time=4518.449..4518.449 rows=1380035 loops=1)
        Buckets: 131072  Batches: 32  Memory Usage: 2708kB
        ->  Hash Join  (cost=102767.86..167588.78 rows=1380035 width=8) (actual time=2039.254..4107.558 rows=1380035 loops=1)
              Hash Cond: (mi_idx.movie_id = t.id)
              ->  Seq Scan on movie_info_idx mi_idx  (cost=0.00..21735.35 rows=1380035 width=4) (actual time=0.020..528.457 rows=1380035 loops=1)
              ->  Hash  (cost=61283.27..61283.27 rows=2528527 width=4) (actual time=2036.978..2036.978 rows=2528312 loops=1)
                    Buckets: 131072  Batches: 64  Memory Usage: 2415kB
                    ->  Seq Scan on title t  (cost=0.00..61283.27 rows=2528527 width=4) (actual time=0.018..1212.125 rows=2528312 loops=1)
Planning time: 1.194 ms
Execution time: 25883.837 ms
