Hash Join  (cost=709675.30..796334.63 rows=129 width=0) (actual time=10959.356..12418.932 rows=3 loops=1)
  Hash Cond: (mk.movie_id = t.id)
  ->  Seq Scan on movie_keyword mk  (cost=0.00..69693.30 rows=4523930 width=4) (actual time=0.021..1019.219 rows=4523930 loops=1)
  ->  Hash  (cost=709674.40..709674.40 rows=72 width=8) (actual time=10645.026..10645.026 rows=3 loops=1)
        Buckets: 1024  Batches: 1  Memory Usage: 9kB
        ->  Nested Loop  (cost=0.43..709674.40 rows=72 width=8) (actual time=1572.780..10645.013 rows=3 loops=1)
              ->  Seq Scan on cast_info ci  (cost=0.00..705507.15 rows=500 width=4) (actual time=1572.706..10644.713 rows=7 loops=1)
                    Filter: (person_id = 240859)
                    Rows Removed by Filter: 36244337
              ->  Index Scan using title_pkey on title t  (cost=0.43..8.32 rows=1 width=4) (actual time=0.035..0.036 rows=0 loops=7)
                    Index Cond: (id = ci.movie_id)
                    Filter: ((kind_id < 7) AND (production_year < 1998))
                    Rows Removed by Filter: 1
Planning time: 1.412 ms
Execution time: 12419.063 ms
