Nested Loop  (cost=0.43..797958.22 rows=192 width=0) (actual time=5988.764..13119.497 rows=188 loops=1)
  ->  Seq Scan on cast_info ci  (cost=0.00..796071.18 rows=224 width=4) (actual time=5988.694..13116.855 rows=188 loops=1)
        Filter: ((role_id > 2) AND (person_id = 3481058))
        Rows Removed by Filter: 36244156
  ->  Index Scan using title_pkey on title t  (cost=0.43..8.41 rows=1 width=4) (actual time=0.013..0.013 rows=1 loops=188)
        Index Cond: (id = ci.movie_id)
        Filter: (production_year > 1964)
Planning time: 1.023 ms
Execution time: 13119.678 ms
