Hash Join  (cost=143761.26..286764.35 rows=1021865 width=0) (actual time=3311.248..7663.028 rows=2806455 loops=1)
  Hash Cond: (mk.movie_id = t.id)
  ->  Seq Scan on movie_keyword mk  (cost=0.00..81003.12 rows=4273951 width=4) (actual time=0.024..1886.030 rows=4255669 loops=1)
        Filter: (keyword_id > 229)
        Rows Removed by Filter: 268261
  ->  Hash  (cost=133842.40..133842.40 rows=604549 width=8) (actual time=3310.025..3310.025 rows=488617 loops=1)
        Buckets: 131072  Batches: 8  Memory Usage: 3414kB
        ->  Hash Join  (cost=85777.42..133842.40 rows=604549 width=8) (actual time=1750.734..3156.793 rows=488617 loops=1)
              Hash Cond: (mi_idx.movie_id = t.id)
              ->  Seq Scan on movie_info_idx mi_idx  (cost=0.00..21735.35 rows=1380035 width=4) (actual time=0.018..434.409 rows=1380035 loops=1)
              ->  Hash  (cost=67604.59..67604.59 rows=1107667 width=4) (actual time=1749.622..1749.622 rows=1107925 loops=1)
                    Buckets: 131072  Batches: 16  Memory Usage: 3460kB
                    ->  Seq Scan on title t  (cost=0.00..67604.59 rows=1107667 width=4) (actual time=0.017..1390.402 rows=1107925 loops=1)
                          Filter: (production_year > 2004)
                          Rows Removed by Filter: 1420387
Planning time: 1.310 ms
Execution time: 8001.150 ms
