Hash Join  (cost=113763.42..201339.66 rows=91820 width=0) (actual time=2052.324..3999.032 rows=379095 loops=1)
  Hash Cond: (mk.movie_id = t.id)
  ->  Seq Scan on movie_keyword mk  (cost=0.00..69693.30 rows=4523930 width=4) (actual time=0.023..1009.402 rows=4523930 loops=1)
  ->  Hash  (cost=113121.92..113121.92 rows=51320 width=8) (actual time=2051.716..2051.716 rows=52754 loops=1)
        Buckets: 65536  Batches: 1  Memory Usage: 2573kB
        ->  Hash Join  (cost=76242.82..113121.92 rows=51320 width=8) (actual time=1214.389..2033.679 rows=52754 loops=1)
              Hash Cond: (mi_idx.movie_id = t.id)
              ->  Seq Scan on movie_info_idx mi_idx  (cost=0.00..25185.44 rows=919057 width=4) (actual time=0.018..485.835 rows=920110 loops=1)
                    Filter: (info_type_id > 99)
                    Rows Removed by Filter: 459925
              ->  Hash  (cost=73925.90..73925.90 rows=141193 width=4) (actual time=1186.591..1186.591 rows=132182 loops=1)
                    Buckets: 131072  Batches: 2  Memory Usage: 3340kB
                    ->  Seq Scan on title t  (cost=0.00..73925.90 rows=141193 width=4) (actual time=0.014..1139.490 rows=132182 loops=1)
                          Filter: ((production_year > 2009) AND (kind_id = 1))
                          Rows Removed by Filter: 2396130
Planning time: 1.249 ms
Execution time: 4046.323 ms
