Hash Join  (cost=458185.67..586185.29 rows=492258 width=0) (actual time=8826.516..11346.417 rows=209675 loops=1)
  Hash Cond: (mk.movie_id = t.id)
  ->  Seq Scan on movie_keyword mk  (cost=0.00..69693.30 rows=4523930 width=4) (actual time=0.008..1485.337 rows=4523930 loops=1)
  ->  Hash  (cost=453671.49..453671.49 rows=275134 width=8) (actual time=7884.924..7884.924 rows=127537 loops=1)
        Buckets: 131072  Batches: 4  Memory Usage: 2277kB
        ->  Hash Join  (cost=92883.59..453671.49 rows=275134 width=8) (actual time=5936.095..7842.577 rows=127537 loops=1)
              Hash Cond: (mi.movie_id = t.id)
              ->  Seq Scan on movie_info mi  (cost=0.00..346232.03 rows=451508 width=4) (actual time=4117.657..5479.519 rows=474443 loops=1)
                    Filter: (info_type_id = 6)
                    Rows Removed by Filter: 14361277
              ->  Hash  (cost=67604.59..67604.59 rows=1540800 width=4) (actual time=1817.102..1817.102 rows=1543264 loops=1)
                    Buckets: 131072  Batches: 32  Memory Usage: 2728kB
                    ->  Seq Scan on title t  (cost=0.00..67604.59 rows=1540800 width=4) (actual time=0.033..1291.120 rows=1543264 loops=1)
                          Filter: (kind_id > 6)
                          Rows Removed by Filter: 985048
Planning time: 1.215 ms
Execution time: 11374.598 ms
