Seq Scan on title t  (cost=0.00..73925.90 rows=22370 width=0) (actual time=0.049..1046.221 rows=22427 loops=1)
  Filter: ((kind_id < 4) AND (production_year = 2013))
  Rows Removed by Filter: 2505885
Planning time: 0.397 ms
Execution time: 1049.906 ms
