Hash Join  (cost=198216.12..692137.98 rows=1322890 width=0) (actual time=4111.005..17198.017 rows=3840136 loops=1)
  Hash Cond: (mi.movie_id = t.id)
  ->  Seq Scan on movie_info mi  (cost=0.00..309384.22 rows=14739122 width=4) (actual time=0.023..5914.890 rows=14835720 loops=1)
  ->  Hash  (cost=194492.31..194492.31 rows=226945 width=8) (actual time=4109.443..4109.443 rows=85827 loops=1)
        Buckets: 131072  Batches: 4  Memory Usage: 1805kB
        ->  Hash Join  (cost=70308.29..194492.31 rows=226945 width=8) (actual time=1080.795..4084.121 rows=85827 loops=1)
              Hash Cond: (mk.movie_id = t.id)
              ->  Seq Scan on movie_keyword mk  (cost=0.00..81003.12 rows=3482519 width=4) (actual time=0.024..1764.087 rows=3483936 loops=1)
                    Filter: (keyword_id > 1036)
                    Rows Removed by Filter: 1039994
              ->  Hash  (cost=67604.59..67604.59 rows=164776 width=4) (actual time=1079.290..1079.290 rows=164307 loops=1)
                    Buckets: 131072  Batches: 4  Memory Usage: 2488kB
                    ->  Seq Scan on title t  (cost=0.00..67604.59 rows=164776 width=4) (actual time=0.013..1019.216 rows=164307 loops=1)
                          Filter: (production_year = 2012)
                          Rows Removed by Filter: 2364005
Planning time: 2.173 ms
Execution time: 17639.093 ms
