Hash Join  (cost=222144.33..1443498.48 rows=18257299 width=0) (actual time=4931.796..44013.913 rows=29959947 loops=1)
  Hash Cond: (ci.movie_id = t.id)
  ->  Seq Scan on cast_info ci  (cost=0.00..614943.12 rows=36225612 width=4) (actual time=0.008..13143.571 rows=36244344 loops=1)
  ->  Hash  (cost=201236.96..201236.96 rows=1274349 width=8) (actual time=4930.837..4930.837 rows=1226136 loops=1)
        Buckets: 131072  Batches: 32  Memory Usage: 2506kB
        ->  Hash Join  (cost=102767.86..201236.96 rows=1274349 width=8) (actual time=1855.949..4580.222 rows=1226136 loops=1)
              Hash Cond: (mc.movie_id = t.id)
              ->  Seq Scan on movie_companies mc  (cost=0.00..57926.93 rows=1274349 width=4) (actual time=0.021..1272.358 rows=1226136 loops=1)
                    Filter: ((company_id < 152563) AND (company_type_id > 1))
                    Rows Removed by Filter: 1382993
              ->  Hash  (cost=61283.27..61283.27 rows=2528527 width=4) (actual time=1854.735..1854.735 rows=2528312 loops=1)
                    Buckets: 131072  Batches: 64  Memory Usage: 2415kB
                    ->  Seq Scan on title t  (cost=0.00..61283.27 rows=2528527 width=4) (actual time=0.008..1003.024 rows=2528312 loops=1)
Planning time: 1.181 ms
Execution time: 47150.465 ms
