Seq Scan on movie_companies mc  (cost=0.00..57926.93 rows=1100327 width=0) (actual time=0.029..1151.854 rows=1274246 loops=1)
  Filter: ((company_id < 85744) AND (company_type_id < 2))
  Rows Removed by Filter: 1334883
Planning time: 0.353 ms
Execution time: 1315.699 ms
