Hash Join  (cost=171421.85..925535.11 rows=332410 width=0) (actual time=3469.198..23725.607 rows=1048552 loops=1)
  Hash Cond: (ci.movie_id = t.id)
  ->  Seq Scan on cast_info ci  (cost=0.00..614943.12 rows=36225612 width=4) (actual time=0.020..9301.326 rows=36244344 loops=1)
  ->  Hash  (cost=171131.83..171131.83 rows=23202 width=8) (actual time=3468.934..3468.934 rows=42064 loops=1)
        Buckets: 65536 (originally 32768)  Batches: 1 (originally 1)  Memory Usage: 2156kB
        ->  Hash Join  (cost=102767.86..171131.83 rows=23202 width=8) (actual time=2422.070..3452.475 rows=42064 loops=1)
              Hash Cond: (mc.movie_id = t.id)
              ->  Seq Scan on movie_companies mc  (cost=0.00..57926.93 rows=23202 width=4) (actual time=368.965..941.535 rows=42064 loops=1)
                    Filter: ((company_type_id < 2) AND (company_id = 19))
                    Rows Removed by Filter: 2567065
              ->  Hash  (cost=61283.27..61283.27 rows=2528527 width=4) (actual time=2052.373..2052.373 rows=2528312 loops=1)
                    Buckets: 131072  Batches: 64  Memory Usage: 2415kB
                    ->  Seq Scan on title t  (cost=0.00..61283.27 rows=2528527 width=4) (actual time=0.032..1196.001 rows=2528312 loops=1)
Planning time: 1.102 ms
Execution time: 23866.748 ms
