Hash Join  (cost=154489.20..523123.63 rows=397850 width=0) (actual time=3025.691..13748.085 rows=850288 loops=1)
  Hash Cond: (mi.movie_id = t.id)
  ->  Seq Scan on movie_info mi  (cost=0.00..309384.22 rows=14739122 width=4) (actual time=0.011..4615.091 rows=14835720 loops=1)
  ->  Hash  (cost=153636.05..153636.05 rows=68252 width=8) (actual time=3016.648..3016.648 rows=80638 loops=1)
        Buckets: 131072 (originally 131072)  Batches: 2 (originally 1)  Memory Usage: 3073kB
        ->  Hash Join  (cost=89240.26..153636.05 rows=68252 width=8) (actual time=2004.281..2987.548 rows=80638 loops=1)
              Hash Cond: (mc.movie_id = t.id)
              ->  Seq Scan on movie_companies mc  (cost=0.00..57926.93 rows=184892 width=4) (actual time=266.022..941.930 rows=289588 loops=1)
                    Filter: ((company_id < 225) AND (company_type_id = 1))
                    Rows Removed by Filter: 2319541
              ->  Hash  (cost=73925.90..73925.90 rows=933388 width=4) (actual time=1736.995..1736.995 rows=1024206 loops=1)
                    Buckets: 131072  Batches: 16  Memory Usage: 3285kB
                    ->  Seq Scan on title t  (cost=0.00..73925.90 rows=933388 width=4) (actual time=62.924..1417.340 rows=1024206 loops=1)
                          Filter: ((production_year > 1997) AND (kind_id = 7))
                          Rows Removed by Filter: 1504106
Planning time: 1.221 ms
Execution time: 13853.436 ms
