Seq Scan on cast_info ci  (cost=0.00..796071.18 rows=324 width=0) (actual time=5668.186..14045.873 rows=85 loops=1)
  Filter: ((role_id > 1) AND (person_id = 3013509))
  Rows Removed by Filter: 36244259
Planning time: 0.424 ms
Execution time: 14046.014 ms
