Seq Scan on movie_keyword mk  (cost=0.00..81003.12 rows=246 width=0) (actual time=1.095..1148.639 rows=523 loops=1)
  Filter: (keyword_id = 6441)
  Rows Removed by Filter: 4523407
Planning time: 0.269 ms
Execution time: 1148.970 ms
