Hash Join  (cost=797557.90..884219.09 rows=315 width=0) (actual time=10495.911..12036.210 rows=5 loops=1)
  Hash Cond: (mk.movie_id = t.id)
  ->  Seq Scan on movie_keyword mk  (cost=0.00..69693.30 rows=4523930 width=4) (actual time=0.019..992.475 rows=4523930 loops=1)
  ->  Hash  (cost=797555.70..797555.70 rows=176 width=8) (actual time=10245.993..10245.993 rows=264 loops=1)
        Buckets: 1024  Batches: 1  Memory Usage: 19kB
        ->  Nested Loop  (cost=0.43..797555.70 rows=176 width=8) (actual time=4858.292..10245.872 rows=264 loops=1)
              ->  Seq Scan on cast_info ci  (cost=0.00..796071.18 rows=176 width=4) (actual time=4858.130..10242.525 rows=264 loops=1)
                    Filter: ((person_id = 1627374) AND (role_id = 1))
                    Rows Removed by Filter: 36244080
              ->  Index Only Scan using title_pkey on title t  (cost=0.43..8.42 rows=1 width=4) (actual time=0.011..0.012 rows=1 loops=264)
                    Index Cond: (id = ci.movie_id)
                    Heap Fetches: 264
Planning time: 2.193 ms
Execution time: 12036.313 ms
