Seq Scan on movie_keyword mk  (cost=0.00..81003.12 rows=2488155 width=0) (actual time=0.017..1168.994 rows=2482571 loops=1)
  Filter: (keyword_id < 6022)
  Rows Removed by Filter: 2041359
Planning time: 0.326 ms
Execution time: 1431.397 ms
