Hash Join  (cost=709676.39..736587.74 rows=87 width=0) (actual time=10869.351..11226.213 rows=300 loops=1)
  Hash Cond: (mi_idx.movie_id = t.id)
  ->  Seq Scan on movie_info_idx mi_idx  (cost=0.00..21735.35 rows=1380035 width=4) (actual time=0.026..283.643 rows=1380035 loops=1)
  ->  Hash  (cost=709674.40..709674.40 rows=159 width=8) (actual time=10678.844..10678.844 rows=100 loops=1)
        Buckets: 1024  Batches: 1  Memory Usage: 12kB
        ->  Nested Loop  (cost=0.43..709674.40 rows=159 width=8) (actual time=9604.287..10678.758 rows=100 loops=1)
              ->  Seq Scan on cast_info ci  (cost=0.00..705507.15 rows=500 width=4) (actual time=609.755..10676.923 rows=105 loops=1)
                    Filter: (person_id = 284047)
                    Rows Removed by Filter: 36244239
              ->  Index Scan using title_pkey on title t  (cost=0.43..8.32 rows=1 width=4) (actual time=0.015..0.016 rows=1 loops=105)
                    Index Cond: (id = ci.movie_id)
                    Filter: ((production_year > 2001) AND (kind_id = 7))
                    Rows Removed by Filter: 0
Planning time: 1.262 ms
Execution time: 11226.372 ms
