Hash Join  (cost=135421.66..263323.75 rows=484205 width=0) (actual time=2843.235..6491.496 rows=1572658 loops=1)
  Hash Cond: (mk.movie_id = t.id)
  ->  Seq Scan on movie_keyword mk  (cost=0.00..69693.30 rows=4523930 width=4) (actual time=0.021..1453.503 rows=4523930 loops=1)
  ->  Hash  (cost=130980.75..130980.75 rows=270633 width=8) (actual time=2842.426..2842.426 rows=243300 loops=1)
        Buckets: 131072  Batches: 4  Memory Usage: 3404kB
        ->  Hash Join  (cost=91959.31..130980.75 rows=270633 width=8) (actual time=1698.530..2763.932 rows=243300 loops=1)
              Hash Cond: (mi_idx.movie_id = t.id)
              ->  Seq Scan on movie_info_idx mi_idx  (cost=0.00..25185.44 rows=460978 width=4) (actual time=0.026..487.537 rows=459925 loops=1)
                    Filter: (info_type_id = 99)
                    Rows Removed by Filter: 920110
              ->  Hash  (cost=67604.59..67604.59 rows=1484458 width=4) (actual time=1697.531..1697.531 rows=1485030 loops=1)
                    Buckets: 131072  Batches: 32  Memory Usage: 2655kB
                    ->  Seq Scan on title t  (cost=0.00..67604.59 rows=1484458 width=4) (actual time=0.026..1204.081 rows=1485030 loops=1)
                          Filter: (production_year > 1998)
                          Rows Removed by Filter: 1043282
Planning time: 2.688 ms
Execution time: 6684.979 ms
