Seq Scan on movie_keyword mk  (cost=0.00..81003.12 rows=3877000 width=0) (actual time=0.029..1633.316 rows=3865848 loops=1)
  Filter: (keyword_id < 28588)
  Rows Removed by Filter: 658082
Planning time: 0.333 ms
Execution time: 2114.647 ms
