Hash Join  (cost=82536.92..882519.14 rows=28290 width=0) (actual time=8117.137..12887.600 rows=81670 loops=1)
  Hash Cond: (ci.movie_id = t.id)
  ->  Seq Scan on cast_info ci  (cost=0.00..796071.18 rows=136304 width=4) (actual time=6657.004..10955.275 rows=880158 loops=1)
        Filter: ((person_id > 3892736) AND (role_id > 8))
        Rows Removed by Filter: 35364186
  ->  Hash  (cost=73925.90..73925.90 rows=524801 width=4) (actual time=1458.111..1458.111 rows=386160 loops=1)
        Buckets: 131072  Batches: 8  Memory Usage: 2711kB
        ->  Seq Scan on title t  (cost=0.00..73925.90 rows=524801 width=4) (actual time=0.027..1329.045 rows=386160 loops=1)
              Filter: ((kind_id > 1) AND (production_year < 1991))
              Rows Removed by Filter: 2142152
Planning time: 0.614 ms
Execution time: 12897.721 ms
