Seq Scan on movie_keyword mk  (cost=0.00..81003.12 rows=2134774 width=0) (actual time=0.024..1208.999 rows=2135641 loops=1)
  Filter: (keyword_id > 5529)
  Rows Removed by Filter: 2388289
Planning time: 0.332 ms
Execution time: 1467.535 ms
