Hash Join  (cost=94642.16..181324.46 rows=2426 width=0) (actual time=1701.107..3382.541 rows=140 loops=1)
  Hash Cond: (mk.movie_id = t.id)
  ->  Seq Scan on movie_keyword mk  (cost=0.00..69693.30 rows=4523930 width=4) (actual time=0.012..971.508 rows=4523930 loops=1)
  ->  Hash  (cost=94625.21..94625.21 rows=1356 width=8) (actual time=1657.758..1657.758 rows=137 loops=1)
        Buckets: 2048  Batches: 1  Memory Usage: 22kB
        ->  Hash Join  (cost=67697.55..94625.21 rows=1356 width=8) (actual time=1085.898..1657.634 rows=137 loops=1)
              Hash Cond: (mi_idx.movie_id = t.id)
              ->  Seq Scan on movie_info_idx mi_idx  (cost=0.00..25185.44 rows=460978 width=4) (actual time=0.016..485.832 rows=459925 loops=1)
                    Filter: (info_type_id = 99)
                    Rows Removed by Filter: 920110
              ->  Hash  (cost=67604.59..67604.59 rows=7437 width=4) (actual time=1082.058..1082.058 rows=1799 loops=1)
                    Buckets: 8192  Batches: 1  Memory Usage: 128kB
                    ->  Seq Scan on title t  (cost=0.00..67604.59 rows=7437 width=4) (actual time=433.919..1081.041 rows=1799 loops=1)
                          Filter: (production_year = 1902)
                          Rows Removed by Filter: 2526513
Planning time: 1.103 ms
Execution time: 3382.668 ms
