Hash Join  (cost=105192.26..188759.27 rows=961500 width=0) (actual time=2131.088..4210.688 rows=979419 loops=1)
  Hash Cond: (mc.movie_id = t.id)
  ->  Seq Scan on movie_companies mc  (cost=0.00..51404.11 rows=1061180 width=4) (actual time=0.023..865.927 rows=1059296 loops=1)
        Filter: (company_id < 6274)
        Rows Removed by Filter: 1549833
  ->  Hash  (cost=67604.59..67604.59 rows=2291014 width=4) (actual time=2130.195..2130.195 rows=2281608 loops=1)
        Buckets: 131072  Batches: 32  Memory Usage: 3535kB
        ->  Seq Scan on title t  (cost=0.00..67604.59 rows=2291014 width=4) (actual time=0.020..1391.001 rows=2281608 loops=1)
              Filter: (production_year > 1951)
              Rows Removed by Filter: 246704
Planning time: 0.722 ms
Execution time: 4322.211 ms
