Seq Scan on movie_keyword mk  (cost=0.00..81003.12 rows=246 width=0) (actual time=2.223..1373.051 rows=483 loops=1)
  Filter: (keyword_id = 1677)
  Rows Removed by Filter: 4523447
Planning time: 0.377 ms
Execution time: 1373.358 ms
