Hash Join  (cost=190230.21..305398.68 rows=922678 width=0) (actual time=5002.499..8940.708 rows=3893018 loops=1)
  Hash Cond: (mk.movie_id = t.id)
  ->  Seq Scan on movie_keyword mk  (cost=0.00..81003.12 rows=1690549 width=4) (actual time=0.024..1685.614 rows=1699545 loops=1)
        Filter: (keyword_id > 8466)
        Rows Removed by Filter: 2824385
  ->  Hash  (cost=167588.78..167588.78 rows=1380035 width=8) (actual time=5001.382..5001.382 rows=1380035 loops=1)
        Buckets: 131072  Batches: 32  Memory Usage: 2726kB
        ->  Hash Join  (cost=102767.86..167588.78 rows=1380035 width=8) (actual time=2050.745..4589.890 rows=1380035 loops=1)
              Hash Cond: (mi_idx.movie_id = t.id)
              ->  Seq Scan on movie_info_idx mi_idx  (cost=0.00..21735.35 rows=1380035 width=4) (actual time=0.020..455.564 rows=1380035 loops=1)
              ->  Hash  (cost=61283.27..61283.27 rows=2528527 width=4) (actual time=2049.044..2049.044 rows=2528312 loops=1)
                    Buckets: 131072  Batches: 64  Memory Usage: 2415kB
                    ->  Seq Scan on title t  (cost=0.00..61283.27 rows=2528527 width=4) (actual time=0.019..1199.011 rows=2528312 loops=1)
Planning time: 1.129 ms
Execution time: 9398.393 ms
