Seq Scan on movie_companies mc  (cost=0.00..57926.93 rows=1064876 width=0) (actual time=454.181..1094.162 rows=810141 loops=1)
  Filter: ((company_id < 73069) AND (company_type_id = 2))
  Rows Removed by Filter: 1798988
Planning time: 0.402 ms
Execution time: 1196.150 ms
