Hash Join  (cost=167437.15..973115.41 rows=2600 width=0) (actual time=8112.292..18896.547 rows=27731 loops=1)
  Hash Cond: (ci.movie_id = t.id)
  ->  Seq Scan on cast_info ci  (cost=0.00..796071.18 rows=2554958 width=4) (actual time=4990.495..15310.450 rows=2728943 loops=1)
        Filter: ((person_id < 3587741) AND (role_id = 4))
        Rows Removed by Filter: 33515401
  ->  Hash  (cost=167405.00..167405.00 rows=2572 width=8) (actual time=3120.955..3120.955 rows=11957 loops=1)
        Buckets: 16384 (originally 4096)  Batches: 1 (originally 1)  Memory Usage: 596kB
        ->  Hash Join  (cost=73950.44..167405.00 rows=2572 width=8) (actual time=1064.763..3116.308 rows=11957 loops=1)
              Hash Cond: (mk.movie_id = t.id)
              ->  Seq Scan on movie_keyword mk  (cost=0.00..81003.12 rows=3313524 width=4) (actual time=0.032..1548.519 rows=3304447 loops=1)
                    Filter: (keyword_id < 14947)
                    Rows Removed by Filter: 1219483
              ->  Hash  (cost=73925.90..73925.90 rows=1963 width=4) (actual time=1062.069..1062.069 rows=3792 loops=1)
                    Buckets: 4096 (originally 2048)  Batches: 1 (originally 1)  Memory Usage: 166kB
                    ->  Seq Scan on title t  (cost=0.00..73925.90 rows=1963 width=4) (actual time=0.240..1060.230 rows=3792 loops=1)
                          Filter: ((kind_id = 1) AND (production_year = 1966))
                          Rows Removed by Filter: 2524520
Planning time: 1.279 ms
Execution time: 18900.598 ms
