Seq Scan on movie_keyword mk  (cost=0.00..81003.12 rows=3445982 width=0) (actual time=0.019..1563.433 rows=3438471 loops=1)
  Filter: (keyword_id > 1102)
  Rows Removed by Filter: 1085459
Planning time: 0.305 ms
Execution time: 1994.490 ms
