Hash Join  (cost=69687.24..131234.87 rows=12995 width=0) (actual time=1553.230..2341.604 rows=22664 loops=1)
  Hash Cond: (mc.movie_id = t.id)
  ->  Seq Scan on movie_companies mc  (cost=0.00..57926.93 rows=258866 width=4) (actual time=447.240..1002.043 rows=512661 loops=1)
        Filter: ((company_id > 73690) AND (company_type_id = 2))
        Rows Removed by Filter: 2096468
  ->  Hash  (cost=67604.59..67604.59 rows=126932 width=4) (actual time=1105.057..1105.057 rows=122861 loops=1)
        Buckets: 131072  Batches: 2  Memory Usage: 3191kB
        ->  Seq Scan on title t  (cost=0.00..67604.59 rows=126932 width=4) (actual time=0.038..1057.792 rows=122861 loops=1)
              Filter: (production_year = 2008)
              Rows Removed by Filter: 2405451
Planning time: 0.817 ms
Execution time: 2345.264 ms
