Hash Join  (cost=89762.59..128077.53 rows=248138 width=0) (actual time=1744.067..2875.921 rows=297009 loops=1)
  Hash Cond: (mi_idx.movie_id = t.id)
  ->  Seq Scan on movie_info_idx mi_idx  (cost=0.00..25185.44 rows=464566 width=4) (actual time=0.022..480.353 rows=459925 loops=1)
        Filter: (info_type_id = 101)
        Rows Removed by Filter: 920110
  ->  Hash  (cost=67604.59..67604.59 rows=1350560 width=4) (actual time=1743.208..1743.208 rows=1348293 loops=1)
        Buckets: 131072  Batches: 32  Memory Usage: 2505kB
        ->  Seq Scan on title t  (cost=0.00..67604.59 rows=1350560 width=4) (actual time=0.021..1288.649 rows=1348293 loops=1)
              Filter: (production_year < 2005)
              Rows Removed by Filter: 1180019
Planning time: 0.788 ms
Execution time: 2910.968 ms
