Seq Scan on title t  (cost=0.00..73925.90 rows=50374 width=0) (actual time=0.027..1088.379 rows=130321 loops=1)
  Filter: ((kind_id < 7) AND (production_year < 1936))
  Rows Removed by Filter: 2397991
Planning time: 0.370 ms
Execution time: 1105.706 ms
