Hash Join  (cost=147948.46..237978.22 rows=41002 width=0) (actual time=2884.429..4933.091 rows=621320 loops=1)
  Hash Cond: (mk.movie_id = t.id)
  ->  Seq Scan on movie_keyword mk  (cost=0.00..81003.12 rows=2297766 width=4) (actual time=0.021..1458.712 rows=2303545 loops=1)
        Filter: (keyword_id < 4935)
        Rows Removed by Filter: 2220385
  ->  Hash  (cost=147384.46..147384.46 rows=45120 width=8) (actual time=2884.027..2884.027 rows=54496 loops=1)
        Buckets: 65536  Batches: 1  Memory Usage: 2641kB
        ->  Hash Join  (cost=83810.17..147384.46 rows=45120 width=8) (actual time=1740.986..2865.792 rows=54496 loops=1)
              Hash Cond: (mc.movie_id = t.id)
              ->  Seq Scan on movie_companies mc  (cost=0.00..57926.93 rows=115506 width=4) (actual time=0.024..856.389 rows=178275 loops=1)
                    Filter: ((company_id < 93) AND (company_type_id < 2))
                    Rows Removed by Filter: 2430854
              ->  Hash  (cost=67604.59..67604.59 rows=987727 width=4) (actual time=1739.716..1739.716 rows=985048 loops=1)
                    Buckets: 131072  Batches: 16  Memory Usage: 3188kB
                    ->  Seq Scan on title t  (cost=0.00..67604.59 rows=987727 width=4) (actual time=0.026..1149.424 rows=985048 loops=1)
                          Filter: (kind_id < 7)
                          Rows Removed by Filter: 1543264
Planning time: 2.167 ms
Execution time: 5013.765 ms
