Seq Scan on cast_info ci  (cost=0.00..796071.18 rows=2282564 width=0) (actual time=3800.287..11478.288 rows=3516038 loops=1)
  Filter: ((person_id > 3421951) AND (role_id > 1))
  Rows Removed by Filter: 32728306
Planning time: 0.352 ms
Execution time: 11898.565 ms
