Hash Join  (cost=251868.73..1564335.30 rows=22718634 width=0) (actual time=5826.618..54050.169 rows=76463538 loops=1)
  Hash Cond: (ci.movie_id = t.id)
  ->  Seq Scan on cast_info ci  (cost=0.00..614943.12 rows=36225612 width=4) (actual time=0.036..13335.889 rows=36244344 loops=1)
  ->  Hash  (cost=225851.88..225851.88 rows=1585748 width=8) (actual time=5825.158..5825.158 rows=1294600 loops=1)
        Buckets: 131072  Batches: 32  Memory Usage: 2625kB
        ->  Hash Join  (cost=91959.31..225851.88 rows=1585748 width=8) (actual time=1846.951..5455.347 rows=1294600 loops=1)
              Hash Cond: (mk.movie_id = t.id)
              ->  Seq Scan on movie_keyword mk  (cost=0.00..81003.12 rows=2701057 width=4) (actual time=0.023..1780.363 rows=2692831 loops=1)
                    Filter: (keyword_id > 3009)
                    Rows Removed by Filter: 1831099
              ->  Hash  (cost=67604.59..67604.59 rows=1484458 width=4) (actual time=1845.135..1845.135 rows=1485030 loops=1)
                    Buckets: 131072  Batches: 32  Memory Usage: 2663kB
                    ->  Seq Scan on title t  (cost=0.00..67604.59 rows=1484458 width=4) (actual time=0.027..1345.530 rows=1485030 loops=1)
                          Filter: (production_year > 1998)
                          Rows Removed by Filter: 1043282
Planning time: 4.890 ms
Execution time: 62439.310 ms
