Seq Scan on cast_info ci  (cost=0.00..796071.18 rows=3412487 width=0) (actual time=8505.533..12267.639 rows=2786 loops=1)
  Filter: ((person_id < 1662623) AND (role_id = 2))
  Rows Removed by Filter: 36241558
Planning time: 0.435 ms
Execution time: 12268.281 ms
