Hash Join  (cost=83290.71..217734.96 rows=1021222 width=0) (actual time=1283.142..5546.835 rows=2125546 loops=1)
  Hash Cond: (mk.movie_id = t.id)
  ->  Seq Scan on movie_keyword mk  (cost=0.00..69693.30 rows=4523930 width=4) (actual time=0.029..1510.892 rows=4523930 loops=1)
  ->  Hash  (cost=73925.90..73925.90 rows=570784 width=4) (actual time=1282.136..1282.136 rows=450312 loops=1)
        Buckets: 131072  Batches: 8  Memory Usage: 3025kB
        ->  Seq Scan on title t  (cost=0.00..73925.90 rows=570784 width=4) (actual time=11.489..1142.467 rows=450312 loops=1)
              Filter: ((kind_id < 2) AND (production_year > 1964))
              Rows Removed by Filter: 2078000
Planning time: 0.728 ms
Execution time: 5798.300 ms
