Hash Join  (cost=190230.21..1280791.85 rows=9270411 width=0) (actual time=4744.295..33034.592 rows=15507488 loops=1)
  Hash Cond: (ci.movie_id = t.id)
  ->  Seq Scan on cast_info ci  (cost=0.00..796071.18 rows=16985427 width=4) (actual time=321.723..16659.207 rows=15400535 loops=1)
        Filter: ((person_id > 1301992) AND (role_id < 5))
        Rows Removed by Filter: 20843809
  ->  Hash  (cost=167588.78..167588.78 rows=1380035 width=8) (actual time=4421.690..4421.690 rows=1380035 loops=1)
        Buckets: 131072  Batches: 32  Memory Usage: 2708kB
        ->  Hash Join  (cost=102767.86..167588.78 rows=1380035 width=8) (actual time=1905.864..3973.695 rows=1380035 loops=1)
              Hash Cond: (mi_idx.movie_id = t.id)
              ->  Seq Scan on movie_info_idx mi_idx  (cost=0.00..21735.35 rows=1380035 width=4) (actual time=0.030..466.741 rows=1380035 loops=1)
              ->  Hash  (cost=61283.27..61283.27 rows=2528527 width=4) (actual time=1904.355..1904.355 rows=2528312 loops=1)
                    Buckets: 131072  Batches: 64  Memory Usage: 2415kB
                    ->  Seq Scan on title t  (cost=0.00..61283.27 rows=2528527 width=4) (actual time=0.012..1041.863 rows=2528312 loops=1)
Planning time: 1.241 ms
Execution time: 34738.689 ms
