Hash Join  (cost=521607.22..650251.47 rows=1345773 width=0) (actual time=9908.410..13867.932 rows=4231144 loops=1)
  Hash Cond: (mk.movie_id = t.id)
  ->  Seq Scan on movie_keyword mk  (cost=0.00..81003.12 rows=2195279 width=4) (actual time=0.024..1696.376 rows=2195630 loops=1)
        Filter: (keyword_id < 4367)
        Rows Removed by Filter: 2328300
  ->  Hash  (cost=496176.42..496176.42 rows=1550064 width=8) (actual time=9907.588..9907.588 rows=1533909 loops=1)
        Buckets: 131072  Batches: 32  Memory Usage: 2900kB
        ->  Hash Join  (cost=102767.86..496176.42 rows=1550064 width=8) (actual time=2800.755..9467.525 rows=1533909 loops=1)
              Hash Cond: (mi.movie_id = t.id)
              ->  Seq Scan on movie_info mi  (cost=0.00..346232.03 rows=1550064 width=4) (actual time=717.476..5797.420 rows=1533909 loops=1)
                    Filter: (info_type_id = 3)
                    Rows Removed by Filter: 13301811
              ->  Hash  (cost=61283.27..61283.27 rows=2528527 width=4) (actual time=2082.232..2082.232 rows=2528312 loops=1)
                    Buckets: 131072  Batches: 64  Memory Usage: 2425kB
                    ->  Seq Scan on title t  (cost=0.00..61283.27 rows=2528527 width=4) (actual time=0.024..1234.538 rows=2528312 loops=1)
Planning time: 1.176 ms
Execution time: 14359.709 ms
