Hash Join  (cost=799268.60..826179.42 rows=33 width=0) (actual time=15212.310..15253.093 rows=3 loops=1)
  Hash Cond: (mi_idx.movie_id = t.id)
  ->  Seq Scan on movie_info_idx mi_idx  (cost=0.00..21735.35 rows=1380035 width=4) (actual time=0.014..351.042 rows=1380035 loops=1)
  ->  Hash  (cost=799267.85..799267.85 rows=60 width=8) (actual time=14653.122..14653.122 rows=10 loops=1)
        Buckets: 1024  Batches: 1  Memory Usage: 9kB
        ->  Nested Loop  (cost=0.43..799267.85 rows=60 width=8) (actual time=3195.574..14653.066 rows=10 loops=1)
              ->  Seq Scan on cast_info ci  (cost=0.00..796071.18 rows=382 width=4) (actual time=3195.412..14652.611 rows=10 loops=1)
                    Filter: ((role_id < 6) AND (person_id = 1676040))
                    Rows Removed by Filter: 36244334
              ->  Index Scan using title_pkey on title t  (cost=0.43..8.36 rows=1 width=4) (actual time=0.034..0.035 rows=1 loops=10)
                    Index Cond: (id = ci.movie_id)
                    Filter: ((kind_id < 7) AND (production_year < 2000))
Planning time: 1.828 ms
Execution time: 15253.228 ms
