Seq Scan on movie_companies mc  (cost=0.00..51404.11 rows=104 width=0) (actual time=447.724..786.351 rows=64 loops=1)
  Filter: (company_id = 8220)
  Rows Removed by Filter: 2609065
Planning time: 0.366 ms
Execution time: 786.457 ms
