Hash Join  (cost=74098.35..439558.47 rows=80419 width=0) (actual time=1236.356..8527.141 rows=128275 loops=1)
  Hash Cond: (mi.movie_id = t.id)
  ->  Seq Scan on movie_info mi  (cost=0.00..309384.22 rows=14739122 width=4) (actual time=0.020..4250.753 rows=14835720 loops=1)
  ->  Hash  (cost=73925.90..73925.90 rows=13796 width=4) (actual time=1164.405..1164.405 rows=8100 loops=1)
        Buckets: 16384  Batches: 1  Memory Usage: 413kB
        ->  Seq Scan on title t  (cost=0.00..73925.90 rows=13796 width=4) (actual time=304.680..1158.901 rows=8100 loops=1)
              Filter: ((kind_id = 1) AND (production_year = 2000))
              Rows Removed by Filter: 2520212
Planning time: 0.541 ms
Execution time: 8547.031 ms
