Hash Join  (cost=84984.54..184515.75 rows=133753 width=106) (actual time=1666.597..4129.915 rows=408325 loops=1)
  Hash Cond: (mk.movie_id = t.id)
  ->  Seq Scan on movie_keyword mk  (cost=0.00..81003.12 rows=830280 width=12) (actual time=0.025..1793.894 rows=838131 loops=1)
        Filter: (keyword_id > 21949)
        Rows Removed by Filter: 3685799
  ->  Hash  (cost=73925.90..73925.90 rows=407331 width=94) (actual time=1664.792..1664.792 rows=510138 loops=1)
        Buckets: 32768  Batches: 16  Memory Usage: 3746kB
        ->  Seq Scan on title t  (cost=0.00..73925.90 rows=407331 width=94) (actual time=0.027..1467.518 rows=510138 loops=1)
              Filter: ((kind_id < 4) AND (production_year < 2003))
              Rows Removed by Filter: 2018174
Planning time: 5.219 ms
Execution time: 4151.302 ms
