Seq Scan on title t  (cost=0.00..73925.90 rows=74852 width=0) (actual time=0.024..1188.105 rows=187460 loops=1)
  Filter: ((kind_id < 4) AND (production_year < 1958))
  Rows Removed by Filter: 2340852
Planning time: 3.514 ms
Execution time: 1214.323 ms
