Hash Join  (cost=263115.61..1102340.97 rows=5227914 width=0) (actual time=10249.367..23541.201 rows=15036161 loops=1)
  Hash Cond: (ci.movie_id = t.id)
  ->  Seq Scan on cast_info ci  (cost=0.00..705507.15 rows=5066412 width=4) (actual time=4112.314..10977.321 rows=5122837 loops=1)
        Filter: (person_id > 3155140)
        Rows Removed by Filter: 31121507
  ->  Hash  (cost=220309.49..220309.49 rows=2609129 width=8) (actual time=6135.890..6135.890 rows=2609129 loops=1)
        Buckets: 131072  Batches: 64  Memory Usage: 2610kB
        ->  Hash Join  (cost=102767.86..220309.49 rows=2609129 width=8) (actual time=1972.119..5396.207 rows=2609129 loops=1)
              Hash Cond: (mc.movie_id = t.id)
              ->  Seq Scan on movie_companies mc  (cost=0.00..44881.29 rows=2609129 width=4) (actual time=0.019..914.799 rows=2609129 loops=1)
              ->  Hash  (cost=61283.27..61283.27 rows=2528527 width=4) (actual time=1971.277..1971.277 rows=2528312 loops=1)
                    Buckets: 131072  Batches: 64  Memory Usage: 2415kB
                    ->  Seq Scan on title t  (cost=0.00..61283.27 rows=2528527 width=4) (actual time=0.020..1132.554 rows=2528312 loops=1)
Planning time: 1.172 ms
Execution time: 25050.925 ms
