Seq Scan on cast_info ci  (cost=0.00..705507.15 rows=25535744 width=0) (actual time=0.012..12456.673 rows=25713510 loops=1)
  Filter: (person_id > 1033481)
  Rows Removed by Filter: 10530834
Planning time: 0.329 ms
Execution time: 15500.170 ms
