Seq Scan on cast_info ci  (cost=0.00..705507.15 rows=500 width=0) (actual time=11403.445..11479.310 rows=1 loops=1)
  Filter: (person_id = 1785763)
  Rows Removed by Filter: 36244343
Planning time: 0.381 ms
Execution time: 11479.451 ms
