Hash Join  (cost=74626.76..101843.25 rows=30601 width=0) (actual time=1295.176..1965.287 rows=30255 loops=1)
  Hash Cond: (mi_idx.movie_id = t.id)
  ->  Seq Scan on movie_info_idx mi_idx  (cost=0.00..21735.35 rows=1380035 width=4) (actual time=0.022..328.571 rows=1380035 loops=1)
  ->  Hash  (cost=73925.90..73925.90 rows=56068 width=4) (actual time=1294.790..1294.790 rows=48342 loops=1)
        Buckets: 65536  Batches: 1  Memory Usage: 2212kB
        ->  Seq Scan on title t  (cost=0.00..73925.90 rows=56068 width=4) (actual time=0.026..1274.087 rows=48342 loops=1)
              Filter: ((kind_id < 4) AND (production_year = 2012))
              Rows Removed by Filter: 2479970
Planning time: 0.596 ms
Execution time: 1969.455 ms
