Hash Join  (cost=100948.70..159983.70 rows=288 width=0) (actual time=2343.298..2417.701 rows=66 loops=1)
  Hash Cond: (mc.movie_id = t.id)
  ->  Seq Scan on movie_companies mc  (cost=0.00..57926.93 rows=294717 width=4) (actual time=0.007..938.502 rows=156783 loops=1)
        Filter: ((company_id < 624) AND (company_type_id > 1))
        Rows Removed by Filter: 2452346
  ->  Hash  (cost=100917.78..100917.78 rows=2474 width=8) (actual time=1455.013..1455.013 rows=147 loops=1)
        Buckets: 4096  Batches: 1  Memory Usage: 38kB
        ->  Hash Join  (cost=73982.55..100917.78 rows=2474 width=8) (actual time=1156.427..1454.872 rows=147 loops=1)
              Hash Cond: (mi_idx.movie_id = t.id)
              ->  Seq Scan on movie_info_idx mi_idx  (cost=0.00..21735.35 rows=1380035 width=4) (actual time=0.029..296.434 rows=1380035 loops=1)
              ->  Hash  (cost=73925.90..73925.90 rows=4532 width=4) (actual time=900.858..900.858 rows=1196 loops=1)
                    Buckets: 8192  Batches: 1  Memory Usage: 107kB
                    ->  Seq Scan on title t  (cost=0.00..73925.90 rows=4532 width=4) (actual time=154.892..900.127 rows=1196 loops=1)
                          Filter: ((kind_id = 7) AND (production_year = 1949))
                          Rows Removed by Filter: 2527116
Planning time: 0.743 ms
Execution time: 2417.799 ms
