Seq Scan on title t  (cost=0.00..73925.90 rows=5474 width=0) (actual time=0.184..1181.053 rows=7724 loops=1)
  Filter: ((kind_id > 1) AND (production_year = 1964))
  Rows Removed by Filter: 2520588
Planning time: 0.313 ms
Execution time: 1182.966 ms
