Hash Join  (cost=102767.86..178108.98 rows=313119 width=0) (actual time=2430.923..3965.485 rows=454362 loops=1)
  Hash Cond: (mc.movie_id = t.id)
  ->  Seq Scan on movie_companies mc  (cost=0.00..57926.93 rows=313119 width=4) (actual time=0.018..809.317 rows=454362 loops=1)
        Filter: ((company_id < 846) AND (company_type_id = 1))
        Rows Removed by Filter: 2154767
  ->  Hash  (cost=61283.27..61283.27 rows=2528527 width=4) (actual time=2429.329..2429.329 rows=2528312 loops=1)
        Buckets: 131072  Batches: 64  Memory Usage: 2415kB
        ->  Seq Scan on title t  (cost=0.00..61283.27 rows=2528527 width=4) (actual time=0.018..1297.565 rows=2528312 loops=1)
Planning time: 0.733 ms
Execution time: 4013.812 ms
