Hash Join  (cost=165702.81..920053.89 rows=356195 width=0) (actual time=3184.345..23236.821 rows=4004743 loops=1)
  Hash Cond: (ci.movie_id = t.id)
  ->  Seq Scan on cast_info ci  (cost=0.00..614943.12 rows=36225612 width=4) (actual time=0.015..9434.110 rows=36244344 loops=1)
  ->  Hash  (cost=165392.03..165392.03 rows=24862 width=8) (actual time=3183.804..3183.804 rows=63724 loops=1)
        Buckets: 65536 (originally 32768)  Batches: 1 (originally 1)  Memory Usage: 3002kB
        ->  Hash Join  (cost=74223.04..165392.03 rows=24862 width=8) (actual time=1189.390..3162.729 rows=63724 loops=1)
              Hash Cond: (mk.movie_id = t.id)
              ->  Seq Scan on movie_keyword mk  (cost=0.00..81003.12 rows=2644599 width=4) (actual time=0.025..1526.324 rows=2629723 loops=1)
                    Filter: (keyword_id > 3237)
                    Rows Removed by Filter: 1894207
              ->  Hash  (cost=73925.90..73925.90 rows=23771 width=4) (actual time=1189.083..1189.083 rows=20633 loops=1)
                    Buckets: 32768  Batches: 1  Memory Usage: 982kB
                    ->  Seq Scan on title t  (cost=0.00..73925.90 rows=23771 width=4) (actual time=0.117..1180.030 rows=20633 loops=1)
                          Filter: ((kind_id < 7) AND (production_year = 2002))
                          Rows Removed by Filter: 2507679
Planning time: 1.160 ms
Execution time: 23749.504 ms
