Hash Join  (cost=126509.91..616274.62 rows=933277 width=0) (actual time=2690.575..14964.487 rows=962244 loops=1)
  Hash Cond: (mi.movie_id = t.id)
  ->  Seq Scan on movie_info mi  (cost=0.00..309384.22 rows=14739122 width=4) (actual time=0.013..6127.861 rows=14835720 loops=1)
  ->  Hash  (cost=123882.58..123882.58 rows=160106 width=8) (actual time=2689.647..2689.647 rows=108199 loops=1)
        Buckets: 131072  Batches: 4  Memory Usage: 2079kB
        ->  Hash Join  (cost=88334.42..123882.58 rows=160106 width=8) (actual time=1705.322..2651.643 rows=108199 loops=1)
              Hash Cond: (mi_idx.movie_id = t.id)
              ->  Seq Scan on movie_info_idx mi_idx  (cost=0.00..25185.44 rows=460978 width=4) (actual time=0.029..530.631 rows=459925 loops=1)
                    Filter: (info_type_id = 99)
                    Rows Removed by Filter: 920110
              ->  Hash  (cost=73925.90..73925.90 rows=878201 width=4) (actual time=1704.147..1704.147 rows=947729 loops=1)
                    Buckets: 131072  Batches: 16  Memory Usage: 3113kB
                    ->  Seq Scan on title t  (cost=0.00..73925.90 rows=878201 width=4) (actual time=0.031..1402.123 rows=947729 loops=1)
                          Filter: ((kind_id > 1) AND (production_year > 2003))
                          Rows Removed by Filter: 1580583
Planning time: 1.208 ms
Execution time: 15085.958 ms
