Seq Scan on movie_companies mc  (cost=0.00..57926.93 rows=426137 width=0) (actual time=0.019..2469.234 rows=243193 loops=1)
  Filter: ((company_id < 2078) AND (company_type_id > 1))
  Rows Removed by Filter: 2365936
Planning time: 0.355 ms
Execution time: 2518.918 ms
