Hash Join  (cost=92883.59..179464.32 rows=729504 width=0) (actual time=5567.838..10241.492 rows=366997 loops=1)
  Hash Cond: (mc.movie_id = t.id)
  ->  Seq Scan on movie_companies mc  (cost=0.00..57926.93 rows=1197152 width=4) (actual time=0.020..3449.559 rows=1275288 loops=1)
        Filter: ((company_id > 124) AND (company_type_id = 2))
        Rows Removed by Filter: 1333841
  ->  Hash  (cost=67604.59..67604.59 rows=1540800 width=4) (actual time=5566.903..5566.903 rows=1543264 loops=1)
        Buckets: 131072  Batches: 32  Memory Usage: 2722kB
        ->  Seq Scan on title t  (cost=0.00..67604.59 rows=1540800 width=4) (actual time=0.022..4685.733 rows=1543264 loops=1)
              Filter: (kind_id = 7)
              Rows Removed by Filter: 985048
Planning time: 0.690 ms
Execution time: 10303.696 ms
