Hash Join  (cost=225270.24..1557737.31 rows=24665589 width=0) (actual time=12835.629..106337.156 rows=56342926 loops=1)
  Hash Cond: (ci.movie_id = t.id)
  ->  Seq Scan on cast_info ci  (cost=0.00..614943.12 rows=36225612 width=4) (actual time=0.022..48225.516 rows=36244344 loops=1)
  ->  Hash  (cost=197023.69..197023.69 rows=1721644 width=8) (actual time=12834.830..12834.830 rows=1954214 loops=1)
        Buckets: 131072  Batches: 32  Memory Usage: 3380kB
        ->  Hash Join  (cost=94978.31..197023.69 rows=1721644 width=8) (actual time=5411.595..12081.662 rows=1954214 loops=1)
              Hash Cond: (mc.movie_id = t.id)
              ->  Seq Scan on movie_companies mc  (cost=0.00..44881.29 rows=2609129 width=4) (actual time=0.026..3442.961 rows=2609129 loops=1)
              ->  Hash  (cost=67604.59..67604.59 rows=1668458 width=4) (actual time=5410.148..5410.148 rows=1671292 loops=1)
                    Buckets: 131072  Batches: 32  Memory Usage: 2858kB
                    ->  Seq Scan on title t  (cost=0.00..67604.59 rows=1668458 width=4) (actual time=0.025..4390.366 rows=1671292 loops=1)
                          Filter: (production_year < 2008)
                          Rows Removed by Filter: 857020
Planning time: 1.099 ms
Execution time: 114472.096 ms
