Seq Scan on movie_companies mc  (cost=0.00..57926.93 rows=53 width=0) (actual time=776.798..2653.159 rows=657 loops=1)
  Filter: ((company_type_id > 1) AND (company_id = 874))
  Rows Removed by Filter: 2608472
Planning time: 7.565 ms
Execution time: 2653.414 ms
