Hash Join  (cost=170834.05..1288095.72 rows=8124250 width=0) (actual time=4361.792..73971.403 rows=34123609 loops=1)
  Hash Cond: (ci.movie_id = t.id)
  ->  Seq Scan on cast_info ci  (cost=0.00..614943.12 rows=36225612 width=4) (actual time=0.022..35238.270 rows=36244344 loops=1)
  ->  Hash  (cost=161529.70..161529.70 rows=567068 width=8) (actual time=4360.655..4360.655 rows=1243009 loops=1)
        Buckets: 131072 (originally 131072)  Batches: 16 (originally 8)  Memory Usage: 4066kB
        ->  Hash Join  (cost=83810.17..161529.70 rows=567068 width=8) (actual time=1436.299..4015.353 rows=1243009 loops=1)
              Hash Cond: (mc.movie_id = t.id)
              ->  Seq Scan on movie_companies mc  (cost=0.00..51404.11 rows=1451663 width=4) (actual time=0.030..1023.074 rows=1456179 loops=1)
                    Filter: (company_id > 9121)
                    Rows Removed by Filter: 1152950
              ->  Hash  (cost=67604.59..67604.59 rows=987727 width=4) (actual time=1435.179..1435.179 rows=985048 loops=1)
                    Buckets: 131072  Batches: 16  Memory Usage: 3188kB
                    ->  Seq Scan on title t  (cost=0.00..67604.59 rows=987727 width=4) (actual time=0.034..1139.510 rows=985048 loops=1)
                          Filter: (kind_id < 7)
                          Rows Removed by Filter: 1543264
Planning time: 13.372 ms
Execution time: 78410.038 ms
