Seq Scan on movie_keyword mk  (cost=0.00..81003.12 rows=2537367 width=0) (actual time=0.016..1500.989 rows=2530566 loops=1)
  Filter: (keyword_id < 6291)
  Rows Removed by Filter: 1993364
Planning time: 0.306 ms
Execution time: 1820.388 ms
