Seq Scan on cast_info ci  (cost=0.00..796071.18 rows=324 width=0) (actual time=8149.106..14396.022 rows=21 loops=1)
  Filter: ((role_id > 1) AND (person_id = 425967))
  Rows Removed by Filter: 36244323
Planning time: 0.385 ms
Execution time: 14396.167 ms
