Seq Scan on cast_info ci  (cost=0.00..705507.15 rows=2342313 width=0) (actual time=18644.819..32580.567 rows=2386336 loops=1)
  Filter: (person_id > 3596225)
  Rows Removed by Filter: 33858008
Planning time: 24.141 ms
Execution time: 32967.279 ms
