Seq Scan on movie_keyword mk  (cost=0.00..81003.12 rows=1289914 width=0) (actual time=0.013..3211.083 rows=1299400 loops=1)
  Filter: (keyword_id < 1694)
  Rows Removed by Filter: 3224530
Planning time: 0.367 ms
Execution time: 3408.902 ms
