Seq Scan on cast_info ci  (cost=0.00..705507.15 rows=1481668 width=0) (actual time=0.018..34800.069 rows=1406264 loops=1)
  Filter: (person_id < 141169)
  Rows Removed by Filter: 34838080
Planning time: 0.315 ms
Execution time: 35022.427 ms
