Seq Scan on movie_keyword mk  (cost=0.00..81003.12 rows=4506279 width=0) (actual time=0.026..4780.818 rows=4509361 loops=1)
  Filter: (keyword_id < 121482)
  Rows Removed by Filter: 14569
Planning time: 0.318 ms
Execution time: 5634.971 ms
