Hash Join  (cost=102767.86..245391.02 rows=2150279 width=0) (actual time=4307.738..12390.962 rows=2147759 loops=1)
  Hash Cond: (mk.movie_id = t.id)
  ->  Seq Scan on movie_keyword mk  (cost=0.00..81003.12 rows=2150279 width=4) (actual time=0.036..4998.087 rows=2147759 loops=1)
        Filter: (keyword_id > 5418)
        Rows Removed by Filter: 2376171
  ->  Hash  (cost=61283.27..61283.27 rows=2528527 width=4) (actual time=4306.429..4306.429 rows=2528312 loops=1)
        Buckets: 131072  Batches: 64  Memory Usage: 2425kB
        ->  Seq Scan on title t  (cost=0.00..61283.27 rows=2528527 width=4) (actual time=0.020..3216.951 rows=2528312 loops=1)
Planning time: 0.728 ms
Execution time: 12699.202 ms
