Hash Join  (cost=1018655.57..4676879.32 rows=198172139 width=0) (actual time=48114.081..244367.433 rows=401249640 loops=1)
  Hash Cond: (ci.movie_id = t.id)
  ->  Seq Scan on cast_info ci  (cost=0.00..614943.12 rows=36225612 width=4) (actual time=0.017..41744.500 rows=36244344 loops=1)
  ->  Hash  (cost=791718.79..791718.79 rows=13832302 width=8) (actual time=48112.168..48112.168 rows=13867355 loops=1)
        Buckets: 131072  Batches: 256  Memory Usage: 3123kB
        ->  Hash Join  (cost=102767.86..791718.79 rows=13832302 width=8) (actual time=4717.154..43293.687 rows=13867355 loops=1)
              Hash Cond: (mi.movie_id = t.id)
              ->  Seq Scan on movie_info mi  (cost=0.00..346232.03 rows=13832302 width=4) (actual time=0.030..23420.137 rows=13867355 loops=1)
                    Filter: (info_type_id < 94)
                    Rows Removed by Filter: 968365
              ->  Hash  (cost=61283.27..61283.27 rows=2528527 width=4) (actual time=4701.646..4701.646 rows=2528312 loops=1)
                    Buckets: 131072  Batches: 64  Memory Usage: 2425kB
                    ->  Seq Scan on title t  (cost=0.00..61283.27 rows=2528527 width=4) (actual time=0.015..3559.811 rows=2528312 loops=1)
Planning time: 1.213 ms
Execution time: 300288.656 ms
