Hash Join  (cost=119522.96..196791.69 rows=160921 width=0) (actual time=7741.046..13778.571 rows=579521 loops=1)
  Hash Cond: (mc.movie_id = t.id)
  ->  Seq Scan on movie_companies mc  (cost=0.00..44881.29 rows=2609129 width=4) (actual time=0.013..3846.886 rows=2609129 loops=1)
  ->  Hash  (cost=116963.60..116963.60 rows=155949 width=8) (actual time=7740.366..7740.366 rows=189745 loops=1)
        Buckets: 131072  Batches: 4  Memory Usage: 2886kB
        ->  Hash Join  (cost=81530.55..116963.60 rows=155949 width=8) (actual time=4969.405..7677.140 rows=189745 loops=1)
              Hash Cond: (mi_idx.movie_id = t.id)
              ->  Seq Scan on movie_info_idx mi_idx  (cost=0.00..25185.44 rows=464566 width=4) (actual time=0.017..1493.536 rows=459925 loops=1)
                    Filter: (info_type_id = 101)
                    Rows Removed by Filter: 920110
              ->  Hash  (cost=67604.59..67604.59 rows=848797 width=4) (actual time=4968.503..4968.503 rows=849141 loops=1)
                    Buckets: 131072  Batches: 16  Memory Usage: 2892kB
                    ->  Seq Scan on title t  (cost=0.00..67604.59 rows=848797 width=4) (actual time=0.020..3975.935 rows=849141 loops=1)
                          Filter: (production_year < 1996)
                          Rows Removed by Filter: 1679171
Planning time: 1.126 ms
Execution time: 13876.393 ms
