Hash Join  (cost=91850.92..1286450.73 rows=15652865 width=0) (actual time=5464.083..82574.052 rows=17568684 loops=1)
  Hash Cond: (ci.movie_id = t.id)
  ->  Seq Scan on cast_info ci  (cost=0.00..614943.12 rows=36225612 width=4) (actual time=0.023..45525.618 rows=36244344 loops=1)
  ->  Hash  (cost=73925.90..73925.90 rows=1092561 width=4) (actual time=5462.987..5462.987 rows=1195337 loops=1)
        Buckets: 131072  Batches: 16  Memory Usage: 3656kB
        ->  Seq Scan on title t  (cost=0.00..73925.90 rows=1092561 width=4) (actual time=0.605..4361.073 rows=1195337 loops=1)
              Filter: ((kind_id > 1) AND (production_year > 1998))
              Rows Removed by Filter: 1332975
Planning time: 0.709 ms
Execution time: 85003.190 ms
