Hash Join  (cost=188737.73..1341784.36 rows=11607846 width=0) (actual time=4257.767..37030.353 rows=11136271 loops=1)
  Hash Cond: (ci.movie_id = t.id)
  ->  Seq Scan on cast_info ci  (cost=0.00..614943.12 rows=36225612 width=4) (actual time=0.013..13527.949 rows=36244344 loops=1)
  ->  Hash  (cost=175444.97..175444.97 rows=810221 width=8) (actual time=4256.763..4256.763 rows=400469 loops=1)
        Buckets: 131072  Batches: 16  Memory Usage: 1989kB
        ->  Hash Join  (cost=92883.59..175444.97 rows=810221 width=8) (actual time=2069.847..4133.392 rows=400469 loops=1)
              Hash Cond: (mc.movie_id = t.id)
              ->  Seq Scan on movie_companies mc  (cost=0.00..51404.11 rows=1329612 width=4) (actual time=0.023..1029.589 rows=1334883 loops=1)
                    Filter: (company_type_id > 1)
                    Rows Removed by Filter: 1274246
              ->  Hash  (cost=67604.59..67604.59 rows=1540800 width=4) (actual time=2069.020..2069.020 rows=1543264 loops=1)
                    Buckets: 131072  Batches: 32  Memory Usage: 2722kB
                    ->  Seq Scan on title t  (cost=0.00..67604.59 rows=1540800 width=4) (actual time=0.021..1325.036 rows=1543264 loops=1)
                          Filter: (kind_id = 7)
                          Rows Removed by Filter: 985048
Planning time: 1.132 ms
Execution time: 38291.679 ms
