Hash Join  (cost=128753.29..224765.00 rows=7365 width=0) (actual time=10028.315..11113.319 rows=7347 loops=1)
  Hash Cond: (mk.movie_id = t.id)
  ->  Seq Scan on movie_keyword mk  (cost=0.00..81003.12 rows=3982650 width=4) (actual time=0.026..3999.864 rows=3982530 loops=1)
        Filter: (keyword_id > 382)
        Rows Removed by Filter: 541400
  ->  Hash  (cost=128694.84..128694.84 rows=4676 width=8) (actual time=6343.581..6343.581 rows=7451 loops=1)
        Buckets: 8192  Batches: 1  Memory Usage: 356kB
        ->  Hash Join  (cost=73982.55..128694.84 rows=4676 width=8) (actual time=4215.100..6340.549 rows=7451 loops=1)
              Hash Cond: (mc.movie_id = t.id)
              ->  Seq Scan on movie_companies mc  (cost=0.00..44881.29 rows=2609129 width=4) (actual time=0.009..2213.238 rows=2609129 loops=1)
              ->  Hash  (cost=73925.90..73925.90 rows=4532 width=4) (actual time=3383.947..3383.947 rows=5201 loops=1)
                    Buckets: 8192  Batches: 1  Memory Usage: 247kB
                    ->  Seq Scan on title t  (cost=0.00..73925.90 rows=4532 width=4) (actual time=969.274..3380.969 rows=5201 loops=1)
                          Filter: ((kind_id = 7) AND (production_year = 1956))
                          Rows Removed by Filter: 2523111
Planning time: 20.602 ms
Execution time: 11114.398 ms
