Hash Join  (cost=74006.08..825714.17 rows=91892 width=0) (actual time=2529.059..50829.085 rows=87068 loops=1)
  Hash Cond: (ci.movie_id = t.id)
  ->  Seq Scan on cast_info ci  (cost=0.00..614943.12 rows=36225612 width=4) (actual time=0.021..35333.967 rows=36244344 loops=1)
  ->  Hash  (cost=73925.90..73925.90 rows=6414 width=4) (actual time=2522.419..2522.419 rows=7736 loops=1)
        Buckets: 8192  Batches: 1  Memory Usage: 336kB
        ->  Seq Scan on title t  (cost=0.00..73925.90 rows=6414 width=4) (actual time=671.189..2518.798 rows=7736 loops=1)
              Filter: ((kind_id = 4) AND (production_year = 2010))
              Rows Removed by Filter: 2520576
Planning time: 3.896 ms
Execution time: 50848.340 ms
