Seq Scan on title t  (cost=0.00..73925.90 rows=5474 width=0) (actual time=0.031..2807.382 rows=19727 loops=1)
  Filter: ((kind_id > 1) AND (production_year = 1992))
  Rows Removed by Filter: 2508585
Planning time: 0.415 ms
Execution time: 2812.141 ms
