Hash Join  (cost=101210.02..726838.55 rows=11939669 width=0) (actual time=5869.980..42778.553 rows=11033710 loops=1)
  Hash Cond: (mi.movie_id = t.id)
  ->  Seq Scan on movie_info mi  (cost=0.00..309384.22 rows=14739122 width=4) (actual time=0.013..20381.598 rows=14835720 loops=1)
  ->  Hash  (cost=67604.59..67604.59 rows=2048275 width=4) (actual time=5868.984..5868.984 rows=2046723 loops=1)
        Buckets: 131072  Batches: 32  Memory Usage: 3285kB
        ->  Seq Scan on title t  (cost=0.00..67604.59 rows=2048275 width=4) (actual time=0.021..4953.964 rows=2046723 loops=1)
              Filter: (production_year > 1972)
              Rows Removed by Filter: 481589
Planning time: 0.734 ms
Execution time: 44287.805 ms
