Hash Join  (cost=101399.05..156192.46 rows=12788 width=0) (actual time=5870.248..8985.342 rows=20001 loops=1)
  Hash Cond: (mc.movie_id = t.id)
  ->  Seq Scan on movie_companies mc  (cost=0.00..44881.29 rows=2609129 width=4) (actual time=0.023..2441.369 rows=2609129 loops=1)
  ->  Hash  (cost=101244.14..101244.14 rows=12393 width=8) (actual time=5869.233..5869.233 rows=6327 loops=1)
        Buckets: 16384  Batches: 1  Memory Usage: 376kB
        ->  Hash Join  (cost=74209.73..101244.14 rows=12393 width=8) (actual time=3827.589..5866.494 rows=6327 loops=1)
              Hash Cond: (mi_idx.movie_id = t.id)
              ->  Seq Scan on movie_info_idx mi_idx  (cost=0.00..21735.35 rows=1380035 width=4) (actual time=0.021..1527.657 rows=1380035 loops=1)
              ->  Hash  (cost=73925.90..73925.90 rows=22706 width=4) (actual time=3827.363..3827.363 rows=25785 loops=1)
                    Buckets: 32768  Batches: 1  Memory Usage: 1163kB
                    ->  Seq Scan on title t  (cost=0.00..73925.90 rows=22706 width=4) (actual time=0.745..3816.151 rows=25785 loops=1)
                          Filter: ((kind_id < 4) AND (production_year > 2012))
                          Rows Removed by Filter: 2502527
Planning time: 1.060 ms
Execution time: 8988.565 ms
