Seq Scan on movie_companies mc  (cost=0.00..57926.93 rows=51 width=0) (actual time=549.872..2543.737 rows=3 loops=1)
  Filter: ((company_type_id < 2) AND (company_id = 7246))
  Rows Removed by Filter: 2609126
Planning time: 0.359 ms
Execution time: 2543.826 ms
