Hash Join  (cost=68438.72..127913.44 rows=10177 width=0) (actual time=3775.054..6505.382 rows=24940 loops=1)
  Hash Cond: (mc.movie_id = t.id)
  ->  Seq Scan on movie_companies mc  (cost=0.00..57926.93 rows=385602 width=4) (actual time=437.147..2866.593 rows=705364 loops=1)
        Filter: ((company_id > 35166) AND (company_type_id > 1))
        Rows Removed by Filter: 1903765
  ->  Hash  (cost=67604.59..67604.59 rows=66731 width=4) (actual time=3335.999..3335.999 rows=67342 loops=1)
        Buckets: 131072  Batches: 1  Memory Usage: 3392kB
        ->  Seq Scan on title t  (cost=0.00..67604.59 rows=66731 width=4) (actual time=0.047..3306.401 rows=67342 loops=1)
              Filter: (production_year > 2012)
              Rows Removed by Filter: 2460970
Planning time: 0.843 ms
Execution time: 6509.396 ms
