Hash Join  (cost=237252.21..607829.20 rows=542217 width=0) (actual time=13149.098..25946.340 rows=1215353 loops=1)
  Hash Cond: (mi.movie_id = t.id)
  ->  Seq Scan on movie_info mi  (cost=0.00..346232.03 rows=1272478 width=4) (actual time=2759.569..13662.325 rows=1325361 loops=1)
        Filter: (info_type_id = 8)
        Rows Removed by Filter: 13510359
  ->  Hash  (cost=219575.29..219575.29 rows=1077434 width=8) (actual time=10364.960..10364.960 rows=1088237 loops=1)
        Buckets: 131072  Batches: 16  Memory Usage: 3821kB
        ->  Hash Join  (cost=102767.86..219575.29 rows=1077434 width=8) (actual time=4521.446..10008.683 rows=1088237 loops=1)
              Hash Cond: (mk.movie_id = t.id)
              ->  Seq Scan on movie_keyword mk  (cost=0.00..81003.12 rows=1077434 width=4) (actual time=0.035..3437.814 rows=1088237 loops=1)
                    Filter: (keyword_id > 16264)
                    Rows Removed by Filter: 3435693
              ->  Hash  (cost=61283.27..61283.27 rows=2528527 width=4) (actual time=4519.085..4519.085 rows=2528312 loops=1)
                    Buckets: 131072  Batches: 64  Memory Usage: 2425kB
                    ->  Seq Scan on title t  (cost=0.00..61283.27 rows=2528527 width=4) (actual time=0.014..3365.103 rows=2528312 loops=1)
Planning time: 1.156 ms
Execution time: 26112.222 ms
