Seq Scan on movie_companies mc  (cost=0.00..57926.93 rows=32342 width=0) (actual time=621.321..1782.489 rows=62443 loops=1)
  Filter: ((company_id > 182034) AND (company_type_id = 2))
  Rows Removed by Filter: 2546686
Planning time: 0.388 ms
Execution time: 1790.950 ms
