Seq Scan on cast_info ci  (cost=0.00..705507.15 rows=25151305 width=0) (actual time=0.014..35745.619 rows=25183413 loops=1)
  Filter: (person_id < 2596763)
  Rows Removed by Filter: 11060931
Planning time: 0.327 ms
Execution time: 40041.448 ms
