Seq Scan on title t  (cost=0.00..73925.90 rows=175651 width=0) (actual time=501.900..3313.267 rows=72638 loops=1)
  Filter: ((production_year < 1964) AND (kind_id = 7))
  Rows Removed by Filter: 2455674
Planning time: 0.367 ms
Execution time: 3329.051 ms
