Nested Loop  (cost=0.43..83072.29 rows=150 width=0) (actual time=25.621..3882.412 rows=25 loops=1)
  ->  Seq Scan on movie_keyword mk  (cost=0.00..81003.12 rows=246 width=4) (actual time=25.500..3768.453 rows=390 loops=1)
        Filter: (keyword_id = 2127)
        Rows Removed by Filter: 4523540
  ->  Index Scan using title_pkey on title t  (cost=0.43..8.40 rows=1 width=4) (actual time=0.290..0.290 rows=0 loops=390)
        Index Cond: (id = mk.movie_id)
        Filter: (kind_id = 7)
        Rows Removed by Filter: 1
Planning time: 6.604 ms
Execution time: 3882.553 ms
