Hash Join  (cost=93721.77..142713.43 rows=658518 width=0) (actual time=5423.389..7289.939 rows=360492 loops=1)
  Hash Cond: (mi_idx.movie_id = t.id)
  ->  Seq Scan on movie_info_idx mi_idx  (cost=0.00..21735.35 rows=1380035 width=4) (actual time=0.013..1329.465 rows=1380035 loops=1)
  ->  Hash  (cost=73925.90..73925.90 rows=1206549 width=4) (actual time=4918.911..4918.911 rows=1293155 loops=1)
        Buckets: 131072  Batches: 16  Memory Usage: 3876kB
        ->  Seq Scan on title t  (cost=0.00..73925.90 rows=1206549 width=4) (actual time=0.017..4442.078 rows=1293155 loops=1)
              Filter: ((production_year > 1977) AND (kind_id = 7))
              Rows Removed by Filter: 1235157
Planning time: 0.752 ms
Execution time: 7332.963 ms
