Hash Join  (cost=605537.65..2308539.66 rows=51919580 width=0) (actual time=23665.457..92095.299 rows=64676001 loops=1)
  Hash Cond: (ci.movie_id = t.id)
  ->  Seq Scan on cast_info ci  (cost=0.00..614943.12 rows=36225612 width=4) (actual time=0.012..29610.806 rows=36244344 loops=1)
  ->  Hash  (cost=546081.18..546081.18 rows=3623957 width=8) (actual time=23663.612..23663.612 rows=3624977 loops=1)
        Buckets: 131072  Batches: 64  Memory Usage: 3234kB
        ->  Hash Join  (cost=102767.86..546081.18 rows=3623957 width=8) (actual time=5318.736..22496.820 rows=3624977 loops=1)
              Hash Cond: (mi.movie_id = t.id)
              ->  Seq Scan on movie_info mi  (cost=0.00..346232.03 rows=3623957 width=4) (actual time=0.020..12582.546 rows=3624977 loops=1)
                    Filter: (info_type_id < 4)
                    Rows Removed by Filter: 11210743
              ->  Hash  (cost=61283.27..61283.27 rows=2528527 width=4) (actual time=5317.786..5317.786 rows=2528312 loops=1)
                    Buckets: 131072  Batches: 64  Memory Usage: 2425kB
                    ->  Seq Scan on title t  (cost=0.00..61283.27 rows=2528527 width=4) (actual time=0.010..3600.175 rows=2528312 loops=1)
Planning time: 1.042 ms
Execution time: 98974.594 ms
