Seq Scan on title t  (cost=0.00..67604.59 rows=109991 width=0) (actual time=2.269..1036.795 rows=112515 loops=1)
  Filter: (production_year < 1929)
  Rows Removed by Filter: 2415797
Planning time: 0.315 ms
Execution time: 1051.998 ms
