Hash Join  (cost=781598.89..2342388.66 rows=49595634 width=0) (actual time=41610.502..131682.425 rows=106540651 loops=1)
  Hash Cond: (ci.movie_id = t.id)
  ->  Seq Scan on cast_info ci  (cost=0.00..705507.15 rows=16201301 width=4) (actual time=0.018..44924.504 rows=16121683 loops=1)
        Filter: (role_id > 2)
        Rows Removed by Filter: 20122661
  ->  Hash  (cost=654608.39..654608.39 rows=7740360 width=8) (actual time=41608.768..41608.768 rows=8477192 loops=1)
        Buckets: 131072  Batches: 128  Memory Usage: 3598kB
        ->  Hash Join  (cost=101489.21..654608.39 rows=7740360 width=8) (actual time=5588.320..38624.172 rows=8477192 loops=1)
              Hash Cond: (mi.movie_id = t.id)
              ->  Seq Scan on movie_info mi  (cost=0.00..346232.03 rows=9476311 width=4) (actual time=0.012..21580.678 rows=9565151 loops=1)
                    Filter: (info_type_id < 16)
                    Rows Removed by Filter: 5270569
              ->  Hash  (cost=67604.59..67604.59 rows=2065330 width=4) (actual time=5587.691..5587.691 rows=2064552 loops=1)
                    Buckets: 131072  Batches: 32  Memory Usage: 3298kB
                    ->  Seq Scan on title t  (cost=0.00..67604.59 rows=2065330 width=4) (actual time=0.015..4612.998 rows=2064552 loops=1)
                          Filter: (production_year < 2011)
                          Rows Removed by Filter: 463760
Planning time: 1.162 ms
Execution time: 145688.009 ms
