Seq Scan on movie_keyword mk  (cost=0.00..81003.12 rows=246 width=0) (actual time=9.092..1211.744 rows=350 loops=1)
  Filter: (keyword_id = 5206)
  Rows Removed by Filter: 4523580
Planning time: 0.355 ms
Execution time: 1212.037 ms
