Hash Join  (cost=220873.92..753993.27 rows=4996443 width=0) (actual time=11916.115..59833.145 rows=51421033 loops=1)
  Hash Cond: (mi.movie_id = t.id)
  ->  Seq Scan on movie_info mi  (cost=0.00..309384.22 rows=14739122 width=4) (actual time=0.018..22136.435 rows=14835720 loops=1)
  ->  Hash  (cost=206810.54..206810.54 rows=857150 width=8) (actual time=11915.108..11915.108 rows=1188483 loops=1)
        Buckets: 131072  Batches: 16  Memory Usage: 4033kB
        ->  Hash Join  (cost=79303.65..206810.54 rows=857150 width=8) (actual time=4194.394..11474.863 rows=1188483 loops=1)
              Hash Cond: (mk.movie_id = t.id)
              ->  Seq Scan on movie_keyword mk  (cost=0.00..81003.12 rows=3039538 width=4) (actual time=0.015..4928.573 rows=3023427 loops=1)
                    Filter: (keyword_id < 10833)
                    Rows Removed by Filter: 1500503
              ->  Hash  (cost=67604.59..67604.59 rows=713045 width=4) (actual time=4193.404..4193.404 rows=707186 loops=1)
                    Buckets: 131072  Batches: 16  Memory Usage: 2584kB
                    ->  Seq Scan on title t  (cost=0.00..67604.59 rows=713045 width=4) (actual time=0.019..3881.122 rows=707186 loops=1)
                          Filter: (production_year < 1991)
                          Rows Removed by Filter: 1821126
Planning time: 1.095 ms
Execution time: 66978.727 ms
