Hash Join  (cost=146730.98..633594.86 rows=2515553 width=0) (actual time=9778.003..36175.470 rows=5549451 loops=1)
  Hash Cond: (mi.movie_id = t.id)
  ->  Seq Scan on movie_info mi  (cost=0.00..346232.03 rows=9767026 width=4) (actual time=2126.508..19857.336 rows=9911754 loops=1)
        Filter: (info_type_id > 4)
        Rows Removed by Filter: 4923966
  ->  Hash  (cost=136046.53..136046.53 rows=651236 width=8) (actual time=7650.664..7650.664 rows=539725 loops=1)
        Buckets: 131072  Batches: 16  Memory Usage: 2341kB
        ->  Hash Join  (cost=87180.69..136046.53 rows=651236 width=8) (actual time=4185.650..7485.473 rows=539725 loops=1)
              Hash Cond: (mi_idx.movie_id = t.id)
              ->  Seq Scan on movie_info_idx mi_idx  (cost=0.00..21735.35 rows=1380035 width=4) (actual time=0.020..1829.216 rows=1380035 loops=1)
              ->  Hash  (cost=67604.59..67604.59 rows=1193208 width=4) (actual time=4182.518..4182.518 rows=1192518 loops=1)
                    Buckets: 131072  Batches: 16  Memory Usage: 3646kB
                    ->  Seq Scan on title t  (cost=0.00..67604.59 rows=1193208 width=4) (actual time=0.026..3746.897 rows=1192518 loops=1)
                          Filter: (production_year > 2003)
                          Rows Removed by Filter: 1335794
Planning time: 1.124 ms
Execution time: 36834.133 ms
