Hash Join  (cost=81720.25..955714.99 rows=1695302 width=0) (actual time=1996.946..18043.519 rows=2888929 loops=1)
  Hash Cond: (ci.movie_id = t.id)
  ->  Seq Scan on cast_info ci  (cost=0.00..796071.18 rows=4982277 width=4) (actual time=624.724..12185.226 rows=7706447 loops=1)
        Filter: ((person_id > 2905994) AND (role_id > 1))
        Rows Removed by Filter: 28537897
  ->  Hash  (cost=67604.59..67604.59 rows=860373 width=4) (actual time=1371.514..1371.514 rows=854214 loops=1)
        Buckets: 131072  Batches: 16  Memory Usage: 2897kB
        ->  Seq Scan on title t  (cost=0.00..67604.59 rows=860373 width=4) (actual time=0.025..1096.905 rows=854214 loops=1)
              Filter: (kind_id < 4)
              Rows Removed by Filter: 1674098
Planning time: 0.543 ms
Execution time: 18343.999 ms
