Hash Join  (cost=458777.25..587048.80 rows=514551 width=0) (actual time=9643.377..10754.348 rows=122526 loops=1)
  Hash Cond: (mk.movie_id = t.id)
  ->  Seq Scan on movie_keyword mk  (cost=0.00..69693.30 rows=4523930 width=4) (actual time=0.017..1369.239 rows=4523930 loops=1)
  ->  Hash  (cost=454058.33..454058.33 rows=287594 width=8) (actual time=7787.664..7787.664 rows=29395 loops=1)
        Buckets: 131072  Batches: 4  Memory Usage: 1316kB
        ->  Hash Join  (cost=92883.59..454058.33 rows=287594 width=8) (actual time=2171.099..7776.534 rows=29395 loops=1)
              Hash Cond: (mi.movie_id = t.id)
              ->  Seq Scan on movie_info mi  (cost=0.00..346232.03 rows=471955 width=4) (actual time=460.440..5632.085 rows=543367 loops=1)
                    Filter: (info_type_id > 98)
                    Rows Removed by Filter: 14292353
              ->  Hash  (cost=67604.59..67604.59 rows=1540800 width=4) (actual time=1620.772..1620.772 rows=1543264 loops=1)
                    Buckets: 131072  Batches: 32  Memory Usage: 2728kB
                    ->  Seq Scan on title t  (cost=0.00..67604.59 rows=1540800 width=4) (actual time=47.360..1127.280 rows=1543264 loops=1)
                          Filter: (kind_id = 7)
                          Rows Removed by Filter: 985048
Planning time: 1.772 ms
Execution time: 10767.951 ms
