Hash Join  (cost=97151.21..457042.89 rows=265160 width=0) (actual time=3700.950..8158.826 rows=124645 loops=1)
  Hash Cond: (mi.movie_id = t.id)
  ->  Seq Scan on movie_info mi  (cost=0.00..346232.03 rows=473617 width=4) (actual time=1296.955..5233.567 rows=486554 loops=1)
        Filter: (info_type_id = 5)
        Rows Removed by Filter: 14349166
  ->  Hash  (cost=73925.90..73925.90 rows=1415624 width=4) (actual time=2403.051..2403.051 rows=1398720 loops=1)
        Buckets: 131072  Batches: 32  Memory Usage: 2566kB
        ->  Seq Scan on title t  (cost=0.00..73925.90 rows=1415624 width=4) (actual time=0.040..1493.356 rows=1398720 loops=1)
              Filter: ((kind_id > 1) AND (production_year < 2010))
              Rows Removed by Filter: 1129592
Planning time: 0.888 ms
Execution time: 8175.031 ms
