Seq Scan on movie_companies mc  (cost=0.00..57926.93 rows=305460 width=0) (actual time=0.020..1054.548 rows=445397 loops=1)
  Filter: ((company_id < 772) AND (company_type_id = 1))
  Rows Removed by Filter: 2163732
Planning time: 0.376 ms
Execution time: 1111.610 ms
