Hash Join  (cost=81720.25..961975.69 rows=1837671 width=0) (actual time=5368.780..20446.178 rows=2838747 loops=1)
  Hash Cond: (ci.movie_id = t.id)
  ->  Seq Scan on cast_info ci  (cost=0.00..796071.18 rows=5400681 width=4) (actual time=3844.563..14567.519 rows=7342856 loops=1)
        Filter: ((person_id > 1522392) AND (role_id > 4))
        Rows Removed by Filter: 28901488
  ->  Hash  (cost=67604.59..67604.59 rows=860373 width=4) (actual time=1523.015..1523.015 rows=854214 loops=1)
        Buckets: 131072  Batches: 16  Memory Usage: 2897kB
        ->  Seq Scan on title t  (cost=0.00..67604.59 rows=860373 width=4) (actual time=0.026..1255.032 rows=854214 loops=1)
              Filter: (kind_id < 4)
              Rows Removed by Filter: 1674098
Planning time: 0.537 ms
Execution time: 20770.836 ms
