Seq Scan on cast_info ci  (cost=0.00..705507.15 rows=4129420 width=0) (actual time=0.021..11677.220 rows=4168365 loops=1)
  Filter: (person_id > 3294241)
  Rows Removed by Filter: 32075979
Planning time: 0.291 ms
Execution time: 12197.699 ms
