Hash Join  (cost=74740.78..130078.98 rows=67268 width=0) (actual time=1282.163..3138.522 rows=352009 loops=1)
  Hash Cond: (mc.movie_id = t.id)
  ->  Seq Scan on movie_companies mc  (cost=0.00..44881.29 rows=2609129 width=4) (actual time=0.010..681.510 rows=2609129 loops=1)
  ->  Hash  (cost=73925.90..73925.90 rows=65190 width=4) (actual time=1150.688..1150.688 rows=164932 loops=1)
        Buckets: 131072 (originally 65536)  Batches: 2 (originally 1)  Memory Usage: 3925kB
        ->  Seq Scan on title t  (cost=0.00..73925.90 rows=65190 width=4) (actual time=0.026..1074.771 rows=164932 loops=1)
              Filter: ((kind_id < 7) AND (production_year < 1951))
              Rows Removed by Filter: 2363380
Planning time: 0.867 ms
Execution time: 3177.590 ms
