Seq Scan on movie_keyword mk  (cost=0.00..81003.12 rows=246 width=0) (actual time=4.860..1191.820 rows=749 loops=1)
  Filter: (keyword_id = 22549)
  Rows Removed by Filter: 4523181
Planning time: 0.341 ms
Execution time: 1192.166 ms
