Hash Join  (cost=123234.94..250486.36 rows=430838 width=0) (actual time=2341.721..5700.036 rows=899132 loops=1)
  Hash Cond: (mk.movie_id = t.id)
  ->  Seq Scan on movie_keyword mk  (cost=0.00..69693.30 rows=4523930 width=4) (actual time=0.018..1434.105 rows=4523930 loops=1)
  ->  Hash  (cost=119283.88..119283.88 rows=240805 width=8) (actual time=2340.586..2340.586 rows=168375 loops=1)
        Buckets: 131072  Batches: 4  Memory Usage: 2664kB
        ->  Hash Join  (cost=78473.92..119283.88 rows=240805 width=8) (actual time=1287.810..2286.860 rows=168375 loops=1)
              Hash Cond: (mi_idx.movie_id = t.id)
              ->  Seq Scan on movie_info_idx mi_idx  (cost=0.00..25185.44 rows=919057 width=4) (actual time=0.025..441.990 rows=920110 loops=1)
                    Filter: (info_type_id > 99)
                    Rows Removed by Filter: 459925
              ->  Hash  (cost=67604.59..67604.59 rows=662507 width=4) (actual time=1286.658..1286.658 rows=662065 loops=1)
                    Buckets: 131072  Batches: 16  Memory Usage: 2481kB
                    ->  Seq Scan on title t  (cost=0.00..67604.59 rows=662507 width=4) (actual time=0.015..1068.087 rows=662065 loops=1)
                          Filter: (production_year > 2008)
                          Rows Removed by Filter: 1866247
Planning time: 0.976 ms
Execution time: 5809.816 ms
