Nested Loop  (cost=0.43..28267.64 rows=10 width=0) (actual time=252.052..366.566 rows=64 loops=1)
  ->  Seq Scan on movie_info_idx mi_idx  (cost=0.00..25185.44 rows=368 width=4) (actual time=251.800..362.349 rows=260 loops=1)
        Filter: (info_type_id > 101)
        Rows Removed by Filter: 1379775
  ->  Index Scan using title_pkey on title t  (cost=0.43..8.37 rows=1 width=4) (actual time=0.016..0.016 rows=0 loops=260)
        Index Cond: (id = mi_idx.movie_id)
        Filter: ((production_year < 1962) AND (kind_id = 1))
        Rows Removed by Filter: 1
Planning time: 0.781 ms
Execution time: 366.678 ms
