Seq Scan on movie_companies mc  (cost=0.00..57926.93 rows=621871 width=0) (actual time=0.023..1105.661 rows=889449 loops=1)
  Filter: ((company_id > 11872) AND (company_type_id = 2))
  Rows Removed by Filter: 1719680
Planning time: 0.394 ms
Execution time: 1213.376 ms
