Seq Scan on movie_companies mc  (cost=0.00..57926.93 rows=1861 width=0) (actual time=77.623..838.270 rows=45 loops=1)
  Filter: ((company_id = 11138) AND (company_type_id = 2))
  Rows Removed by Filter: 2609084
Planning time: 0.428 ms
Execution time: 838.377 ms
