Hash Join  (cost=102767.86..176583.86 rows=249789 width=0) (actual time=2100.679..3467.419 rows=369858 loops=1)
  Hash Cond: (mc.movie_id = t.id)
  ->  Seq Scan on movie_companies mc  (cost=0.00..57926.93 rows=249789 width=4) (actual time=298.526..992.969 rows=369858 loops=1)
        Filter: ((company_id < 461) AND (company_type_id < 2))
        Rows Removed by Filter: 2239271
  ->  Hash  (cost=61283.27..61283.27 rows=2528527 width=4) (actual time=1800.802..1800.802 rows=2528312 loops=1)
        Buckets: 131072  Batches: 64  Memory Usage: 2415kB
        ->  Seq Scan on title t  (cost=0.00..61283.27 rows=2528527 width=4) (actual time=0.021..975.976 rows=2528312 loops=1)
Planning time: 0.517 ms
Execution time: 3507.067 ms
