Hash Join  (cost=102767.86..945372.87 rows=1523313 width=0) (actual time=8780.825..16031.275 rows=2393322 loops=1)
  Hash Cond: (ci.movie_id = t.id)
  ->  Seq Scan on cast_info ci  (cost=0.00..796071.18 rows=1523313 width=4) (actual time=6849.885..12104.228 rows=2393322 loops=1)
        Filter: ((person_id > 3595047) AND (role_id > 1))
        Rows Removed by Filter: 33851022
  ->  Hash  (cost=61283.27..61283.27 rows=2528527 width=4) (actual time=1929.505..1929.505 rows=2528312 loops=1)
        Buckets: 131072  Batches: 64  Memory Usage: 2415kB
        ->  Seq Scan on title t  (cost=0.00..61283.27 rows=2528527 width=4) (actual time=0.031..1102.408 rows=2528312 loops=1)
Planning time: 0.770 ms
Execution time: 16258.943 ms
