Hash Join  (cost=83074.74..437538.72 rows=214 width=0) (actual time=2907.878..7283.654 rows=11907 loops=1)
  Hash Cond: (mi.movie_id = t.id)
  ->  Seq Scan on movie_info mi  (cost=0.00..346232.03 rows=2194617 width=4) (actual time=1517.122..5668.801 rows=2233850 loops=1)
        Filter: (info_type_id > 16)
        Rows Removed by Filter: 12601870
  ->  Hash  (cost=83071.67..83071.67 rows=246 width=8) (actual time=1297.636..1297.636 rows=283 loops=1)
        Buckets: 1024  Batches: 1  Memory Usage: 20kB
        ->  Nested Loop  (cost=0.43..83071.67 rows=246 width=8) (actual time=6.792..1297.308 rows=283 loops=1)
              ->  Seq Scan on movie_keyword mk  (cost=0.00..81003.12 rows=246 width=4) (actual time=6.677..1275.951 rows=283 loops=1)
                    Filter: (keyword_id = 8319)
                    Rows Removed by Filter: 4523647
              ->  Index Only Scan using title_pkey on title t  (cost=0.43..8.40 rows=1 width=4) (actual time=0.072..0.072 rows=1 loops=283)
                    Index Cond: (id = mk.movie_id)
                    Heap Fetches: 283
Planning time: 1.167 ms
Execution time: 7285.517 ms
