Hash Join  (cost=709678.15..797030.75 rows=335 width=0) (actual time=12294.219..12456.273 rows=6 loops=1)
  Hash Cond: (mk.movie_id = t.id)
  ->  Seq Scan on movie_keyword mk  (cost=0.00..81003.12 rows=1692300 width=4) (actual time=0.025..1339.294 rows=1698586 loops=1)
        Filter: (keyword_id < 2648)
        Rows Removed by Filter: 2825344
  ->  Hash  (cost=709671.90..709671.90 rows=500 width=8) (actual time=10885.637..10885.637 rows=2 loops=1)
        Buckets: 1024  Batches: 1  Memory Usage: 9kB
        ->  Nested Loop  (cost=0.43..709671.90 rows=500 width=8) (actual time=367.913..10885.593 rows=2 loops=1)
              ->  Seq Scan on cast_info ci  (cost=0.00..705507.15 rows=500 width=4) (actual time=367.838..10885.447 rows=2 loops=1)
                    Filter: (person_id = 645820)
                    Rows Removed by Filter: 36244342
              ->  Index Only Scan using title_pkey on title t  (cost=0.43..8.32 rows=1 width=4) (actual time=0.053..0.054 rows=1 loops=2)
                    Index Cond: (id = ci.movie_id)
                    Heap Fetches: 2
Planning time: 1.207 ms
Execution time: 12456.377 ms
