Hash Join  (cost=74210.29..919464.77 rows=115245 width=0) (actual time=4011.165..17070.133 rows=91321 loops=1)
  Hash Cond: (ci.movie_id = t.id)
  ->  Seq Scan on cast_info ci  (cost=0.00..796071.18 rows=12808227 width=4) (actual time=2975.544..13681.530 rows=10600287 loops=1)
        Filter: ((person_id > 1936002) AND (role_id < 6))
        Rows Removed by Filter: 25644057
  ->  Hash  (cost=73925.90..73925.90 rows=22751 width=4) (actual time=1035.190..1035.190 rows=18892 loops=1)
        Buckets: 32768  Batches: 1  Memory Usage: 921kB
        ->  Seq Scan on title t  (cost=0.00..73925.90 rows=22751 width=4) (actual time=0.059..1026.599 rows=18892 loops=1)
              Filter: ((kind_id < 7) AND (production_year = 2001))
              Rows Removed by Filter: 2509420
Planning time: 0.827 ms
Execution time: 17085.696 ms
