Seq Scan on movie_companies mc  (cost=0.00..57926.93 rows=51 width=0) (actual time=223.955..417.732 rows=777 loops=1)
  Filter: ((company_id = 1283) AND (company_type_id = 1))
  Rows Removed by Filter: 2608352
Planning time: 0.405 ms
Execution time: 417.918 ms
