Seq Scan on movie_keyword mk  (cost=0.00..81003.12 rows=2748177 width=0) (actual time=0.038..1550.692 rows=2742453 loops=1)
  Filter: (keyword_id > 2887)
  Rows Removed by Filter: 1781477
Planning time: 0.338 ms
Execution time: 1903.122 ms
