Seq Scan on movie_companies mc  (cost=0.00..57926.93 rows=1279699 width=0) (actual time=0.014..920.654 rows=1236262 loops=1)
  Filter: ((company_id < 158353) AND (company_type_id > 1))
  Rows Removed by Filter: 1372867
Planning time: 0.359 ms
Execution time: 1061.350 ms
