Hash Join  (cost=96375.19..847550.03 rows=38561 width=0) (actual time=1630.417..17797.647 rows=151432 loops=1)
  Hash Cond: (ci.movie_id = t.id)
  ->  Seq Scan on cast_info ci  (cost=0.00..614943.12 rows=36225612 width=4) (actual time=0.025..8403.322 rows=36244344 loops=1)
  ->  Hash  (cost=96341.54..96341.54 rows=2692 width=8) (actual time=1625.494..1625.494 rows=6290 loops=1)
        Buckets: 8192 (originally 4096)  Batches: 1 (originally 1)  Memory Usage: 310kB
        ->  Hash Join  (cost=67697.55..96341.54 rows=2692 width=8) (actual time=1030.797..1622.828 rows=6290 loops=1)
              Hash Cond: (mi_idx.movie_id = t.id)
              ->  Seq Scan on movie_info_idx mi_idx  (cost=0.00..25185.44 rows=915101 width=4) (actual time=0.023..419.497 rows=919850 loops=1)
                    Filter: (info_type_id < 101)
                    Rows Removed by Filter: 460185
              ->  Hash  (cost=67604.59..67604.59 rows=7437 width=4) (actual time=1030.683..1030.683 rows=13623 loops=1)
                    Buckets: 16384 (originally 8192)  Batches: 1 (originally 1)  Memory Usage: 607kB
                    ->  Seq Scan on title t  (cost=0.00..67604.59 rows=7437 width=4) (actual time=0.045..1023.863 rows=13623 loops=1)
                          Filter: (production_year = 1972)
                          Rows Removed by Filter: 2514689
Planning time: 1.226 ms
Execution time: 17822.680 ms
