Hash Join  (cost=223898.41..1331613.98 rows=5745403 width=0) (actual time=7068.595..39256.355 rows=27433995 loops=1)
  Hash Cond: (ci.movie_id = t.id)
  ->  Seq Scan on cast_info ci  (cost=0.00..796071.18 rows=19613269 width=4) (actual time=1864.486..17002.964 rows=18506653 loops=1)
        Filter: ((person_id > 1347142) AND (role_id < 10))
        Rows Removed by Filter: 17737691
  ->  Hash  (cost=211745.75..211745.75 rows=740693 width=8) (actual time=5202.917..5202.917 rows=1141966 loops=1)
        Buckets: 131072  Batches: 16  Memory Usage: 3869kB
        ->  Hash Join  (cost=80718.78..211745.75 rows=740693 width=8) (actual time=1266.962..4872.202 rows=1141966 loops=1)
              Hash Cond: (mk.movie_id = t.id)
              ->  Seq Scan on movie_keyword mk  (cost=0.00..69693.30 rows=4523930 width=4) (actual time=0.029..1453.949 rows=4523930 loops=1)
              ->  Hash  (cost=73925.90..73925.90 rows=413990 width=4) (actual time=1265.905..1265.905 rows=323208 loops=1)
                    Buckets: 131072  Batches: 8  Memory Usage: 2454kB
                    ->  Seq Scan on title t  (cost=0.00..73925.90 rows=413990 width=4) (actual time=0.017..1156.787 rows=323208 loops=1)
                          Filter: ((kind_id < 3) AND (production_year > 2000))
                          Rows Removed by Filter: 2205104
Planning time: 4.798 ms
Execution time: 42110.806 ms
