Hash Join  (cost=130823.94..480127.74 rows=3515 width=0) (actual time=5869.405..7270.311 rows=15745 loops=1)
  Hash Cond: (mi.movie_id = t.id)
  ->  Seq Scan on movie_info mi  (cost=0.00..346232.03 rows=809768 width=4) (actual time=3423.796..4766.627 rows=802140 loops=1)
        Filter: (info_type_id < 2)
        Rows Removed by Filter: 14033580
  ->  Hash  (cost=130686.74..130686.74 rows=10976 width=8) (actual time=2324.318..2324.318 rows=20302 loops=1)
        Buckets: 32768 (originally 16384)  Batches: 1 (originally 1)  Memory Usage: 1050kB
        ->  Hash Join  (cost=74186.82..130686.74 rows=10976 width=8) (actual time=1076.174..2315.151 rows=20302 loops=1)
              Hash Cond: (mc.movie_id = t.id)
              ->  Seq Scan on movie_companies mc  (cost=0.00..51404.11 rows=1329612 width=4) (actual time=0.043..995.439 rows=1334883 loops=1)
                    Filter: (company_type_id > 1)
                    Rows Removed by Filter: 1274246
              ->  Hash  (cost=73925.90..73925.90 rows=20873 width=4) (actual time=1007.404..1007.404 rows=22117 loops=1)
                    Buckets: 32768  Batches: 1  Memory Usage: 1034kB
                    ->  Seq Scan on title t  (cost=0.00..73925.90 rows=20873 width=4) (actual time=182.169..998.442 rows=22117 loops=1)
                          Filter: ((production_year < 1980) AND (kind_id = 3))
                          Rows Removed by Filter: 2506195
Planning time: 1.236 ms
Execution time: 7272.807 ms
