Seq Scan on movie_companies mc  (cost=0.00..57926.93 rows=1116256 width=0) (actual time=0.023..1110.909 rows=1014345 loops=1)
  Filter: ((company_id > 160) AND (company_type_id < 2))
  Rows Removed by Filter: 1594784
Planning time: 5.445 ms
Execution time: 1246.943 ms
