Hash Join  (cost=171409.47..522760.18 rows=10001 width=0) (actual time=5641.524..8773.606 rows=2980 loops=1)
  Hash Cond: (mi.movie_id = t.id)
  ->  Seq Scan on movie_info mi  (cost=0.00..346232.03 rows=1338312 width=4) (actual time=2245.265..5500.530 rows=1401902 loops=1)
        Filter: (info_type_id = 7)
        Rows Removed by Filter: 13433818
  ->  Hash  (cost=171173.27..171173.27 rows=18896 width=8) (actual time=3063.950..3063.950 rows=3064 loops=1)
        Buckets: 32768  Batches: 1  Memory Usage: 376kB
        ->  Hash Join  (cost=86300.63..171173.27 rows=18896 width=8) (actual time=1407.781..3062.697 rows=3064 loops=1)
              Hash Cond: (mk.movie_id = t.id)
              ->  Seq Scan on movie_keyword mk  (cost=0.00..81003.12 rows=63349 width=4) (actual time=1.120..1170.904 rows=60912 loops=1)
                    Filter: (keyword_id > 94844)
                    Rows Removed by Filter: 4463018
              ->  Hash  (cost=73925.90..73925.90 rows=754218 width=4) (actual time=1404.185..1404.185 rows=647556 loops=1)
                    Buckets: 131072  Batches: 16  Memory Usage: 2457kB
                    ->  Seq Scan on title t  (cost=0.00..73925.90 rows=754218 width=4) (actual time=0.035..1185.888 rows=647556 loops=1)
                          Filter: ((kind_id > 1) AND (production_year < 2000))
                          Rows Removed by Filter: 1880756
Planning time: 1.101 ms
Execution time: 8774.242 ms
