Seq Scan on movie_companies mc  (cost=0.00..51404.11 rows=104 width=0) (actual time=367.683..2122.260 rows=93 loops=1)
  Filter: (company_id = 22323)
  Rows Removed by Filter: 2609036
Planning time: 0.372 ms
Execution time: 2122.392 ms
