Hash Join  (cost=102767.86..172182.80 rows=66831 width=0) (actual time=6164.620..9085.356 rows=23541 loops=1)
  Hash Cond: (mc.movie_id = t.id)
  ->  Seq Scan on movie_companies mc  (cost=0.00..57926.93 rows=66831 width=4) (actual time=0.043..2367.027 rows=23541 loops=1)
        Filter: ((company_id < 27) AND (company_type_id > 1))
        Rows Removed by Filter: 2585588
  ->  Hash  (cost=61283.27..61283.27 rows=2528527 width=4) (actual time=6151.243..6151.243 rows=2528312 loops=1)
        Buckets: 131072  Batches: 64  Memory Usage: 2415kB
        ->  Seq Scan on title t  (cost=0.00..61283.27 rows=2528527 width=4) (actual time=0.023..4707.909 rows=2528312 loops=1)
Planning time: 0.724 ms
Execution time: 9096.858 ms
