Hash Join  (cost=431683.08..1195880.08 rows=300422 width=0) (actual time=6960.841..24997.567 rows=759180 loops=1)
  Hash Cond: (ci.movie_id = t.id)
  ->  Seq Scan on cast_info ci  (cost=0.00..705507.15 rows=14849501 width=4) (actual time=0.026..11964.831 rows=15010986 loops=1)
        Filter: (person_id > 2146266)
        Rows Removed by Filter: 21233358
  ->  Hash  (cost=431043.64..431043.64 rows=51155 width=8) (actual time=6960.388..6960.388 rows=94672 loops=1)
        Buckets: 131072 (originally 65536)  Batches: 2 (originally 1)  Memory Usage: 3073kB
        ->  Hash Join  (cost=69283.60..431043.64 rows=51155 width=8) (actual time=2774.255..6921.798 rows=94672 loops=1)
              Hash Cond: (mi.movie_id = t.id)
              ->  Seq Scan on movie_info mi  (cost=0.00..346232.03 rows=1264125 width=4) (actual time=1409.394..5347.604 rows=1288928 loops=1)
                    Filter: (info_type_id = 2)
                    Rows Removed by Filter: 13546792
              ->  Hash  (cost=67604.59..67604.59 rows=102321 width=4) (actual time=1048.891..1048.891 rows=100537 loops=1)
                    Buckets: 131072  Batches: 2  Memory Usage: 2803kB
                    ->  Seq Scan on title t  (cost=0.00..67604.59 rows=102321 width=4) (actual time=0.027..1011.492 rows=100537 loops=1)
                          Filter: (kind_id = 3)
                          Rows Removed by Filter: 2427775
Planning time: 1.202 ms
Execution time: 25093.100 ms
