Hash Join  (cost=87428.23..456705.87 rows=435594 width=0) (actual time=5631.326..21683.803 rows=279912 loops=1)
  Hash Cond: (mi.movie_id = t.id)
  ->  Seq Scan on movie_info mi  (cost=0.00..346232.03 rows=1338312 width=4) (actual time=889.496..15889.488 rows=1401902 loops=1)
        Filter: (info_type_id = 7)
        Rows Removed by Filter: 13433818
  ->  Hash  (cost=73925.90..73925.90 rows=822986 width=4) (actual time=4740.685..4740.685 rows=738761 loops=1)
        Buckets: 131072  Batches: 16  Memory Usage: 2654kB
        ->  Seq Scan on title t  (cost=0.00..73925.90 rows=822986 width=4) (actual time=0.028..4436.387 rows=738761 loops=1)
              Filter: ((production_year < 2005) AND (kind_id = 7))
              Rows Removed by Filter: 1789551
Planning time: 0.783 ms
Execution time: 21722.178 ms
