Hash Join  (cost=231924.70..770555.47 rows=5512985 width=0) (actual time=5062.938..28972.761 rows=51883718 loops=1)
  Hash Cond: (mi.movie_id = t.id)
  ->  Seq Scan on movie_info mi  (cost=0.00..309384.22 rows=14739122 width=4) (actual time=0.021..6321.649 rows=14835720 loops=1)
  ->  Hash  (cost=216407.65..216407.65 rows=945764 width=8) (actual time=5061.887..5061.887 rows=957164 loops=1)
        Buckets: 131072  Batches: 16  Memory Usage: 3488kB
        ->  Hash Join  (cost=102767.86..216407.65 rows=945764 width=8) (actual time=2070.552..4789.738 rows=957164 loops=1)
              Hash Cond: (mk.movie_id = t.id)
              ->  Seq Scan on movie_keyword mk  (cost=0.00..81003.12 rows=945764 width=4) (actual time=0.030..1593.089 rows=957164 loops=1)
                    Filter: (keyword_id > 19805)
                    Rows Removed by Filter: 3566766
              ->  Hash  (cost=61283.27..61283.27 rows=2528527 width=4) (actual time=2069.084..2069.084 rows=2528312 loops=1)
                    Buckets: 131072  Batches: 64  Memory Usage: 2425kB
                    ->  Seq Scan on title t  (cost=0.00..61283.27 rows=2528527 width=4) (actual time=0.011..1235.124 rows=2528312 loops=1)
Planning time: 1.102 ms
Execution time: 34160.408 ms
