Hash Join  (cost=102767.86..200220.40 rows=273072 width=0) (actual time=2003.996..3926.873 rows=293485 loops=1)
  Hash Cond: (mk.movie_id = t.id)
  ->  Seq Scan on movie_keyword mk  (cost=0.00..81003.12 rows=273072 width=4) (actual time=0.031..1296.206 rows=293485 loops=1)
        Filter: (keyword_id < 237)
        Rows Removed by Filter: 4230445
  ->  Hash  (cost=61283.27..61283.27 rows=2528527 width=4) (actual time=2001.238..2001.238 rows=2528312 loops=1)
        Buckets: 131072  Batches: 64  Memory Usage: 2425kB
        ->  Seq Scan on title t  (cost=0.00..61283.27 rows=2528527 width=4) (actual time=0.009..1152.760 rows=2528312 loops=1)
Planning time: 0.577 ms
Execution time: 3962.344 ms
