Hash Join  (cost=142236.73..243478.63 rows=259449 width=0) (actual time=3643.512..5310.293 rows=149742 loops=1)
  Hash Cond: (mk.movie_id = t.id)
  ->  Seq Scan on movie_keyword mk  (cost=0.00..81003.12 rows=1363276 width=4) (actual time=0.018..1390.617 rows=1376739 loops=1)
        Filter: (keyword_id < 1827)
        Rows Removed by Filter: 3147191
  ->  Hash  (cost=134341.58..134341.58 rows=481212 width=8) (actual time=3293.030..3293.030 rows=269931 loops=1)
        Buckets: 131072  Batches: 8  Memory Usage: 2353kB
        ->  Hash Join  (cost=88391.98..134341.58 rows=481212 width=8) (actual time=1874.024..3206.730 rows=269931 loops=1)
              Hash Cond: (mi_idx.movie_id = t.id)
              ->  Seq Scan on movie_info_idx mi_idx  (cost=0.00..21735.35 rows=1380035 width=4) (actual time=0.011..477.483 rows=1380035 loops=1)
              ->  Hash  (cost=73925.90..73925.90 rows=881686 width=4) (actual time=1872.933..1872.933 rows=801513 loops=1)
                    Buckets: 131072  Batches: 16  Memory Usage: 2786kB
                    ->  Seq Scan on title t  (cost=0.00..73925.90 rows=881686 width=4) (actual time=0.012..1352.539 rows=801513 loops=1)
                          Filter: ((production_year < 2006) AND (kind_id = 7))
                          Rows Removed by Filter: 1726799
Planning time: 1.156 ms
Execution time: 5329.538 ms
