Seq Scan on movie_keyword mk  (cost=0.00..81003.12 rows=1381808 width=0) (actual time=0.025..1341.446 rows=1397304 loops=1)
  Filter: (keyword_id > 11987)
  Rows Removed by Filter: 3126626
Planning time: 0.281 ms
Execution time: 1512.889 ms
