Hash Join  (cost=148449.94..261174.95 rows=333104 width=0) (actual time=8284.446..15550.276 rows=1270502 loops=1)
  Hash Cond: (mk.movie_id = t.id)
  ->  Seq Scan on movie_keyword mk  (cost=0.00..81003.12 rows=2333294 width=4) (actual time=0.016..5280.795 rows=2332909 loops=1)
        Filter: (keyword_id > 4333)
        Rows Removed by Filter: 2191021
  ->  Hash  (cost=142526.74..142526.74 rows=360976 width=8) (actual time=8281.069..8281.069 rows=361328 loops=1)
        Buckets: 131072  Batches: 8  Memory Usage: 2804kB
        ->  Hash Join  (cost=100089.65..142526.74 rows=360976 width=8) (actual time=5749.848..8157.354 rows=361328 loops=1)
              Hash Cond: (mi_idx.movie_id = t.id)
              ->  Seq Scan on movie_info_idx mi_idx  (cost=0.00..25185.44 rows=460978 width=4) (actual time=0.022..1565.244 rows=459925 loops=1)
                    Filter: (info_type_id < 100)
                    Rows Removed by Filter: 920110
              ->  Hash  (cost=67604.59..67604.59 rows=1980005 width=4) (actual time=5748.563..5748.563 rows=1976617 loops=1)
                    Buckets: 131072  Batches: 32  Memory Usage: 3203kB
                    ->  Seq Scan on title t  (cost=0.00..67604.59 rows=1980005 width=4) (actual time=0.019..4930.231 rows=1976617 loops=1)
                          Filter: (production_year > 1977)
                          Rows Removed by Filter: 551695
Planning time: 6.066 ms
Execution time: 15729.939 ms
