Seq Scan on cast_info ci  (cost=0.00..796071.18 rows=7137914 width=0) (actual time=5805.793..16596.052 rows=7451973 loops=1)
  Filter: ((person_id < 3903036) AND (role_id = 2))
  Rows Removed by Filter: 28792371
Planning time: 0.351 ms
Execution time: 17500.443 ms
