Hash Join  (cost=192503.99..326318.83 rows=969580 width=0) (actual time=11803.767..21785.182 rows=5766066 loops=1)
  Hash Cond: (mk.movie_id = t.id)
  ->  Seq Scan on movie_keyword mk  (cost=0.00..69693.30 rows=4523930 width=4) (actual time=0.012..5157.530 rows=4523930 loops=1)
  ->  Hash  (cost=183612.99..183612.99 rows=541920 width=8) (actual time=11802.913..11802.913 rows=842155 loops=1)
        Buckets: 131072 (originally 131072)  Batches: 16 (originally 8)  Memory Usage: 3100kB
        ->  Hash Join  (cost=102767.86..183612.99 rows=541920 width=8) (actual time=7370.174..11443.486 rows=842155 loops=1)
              Hash Cond: (mc.movie_id = t.id)
              ->  Seq Scan on movie_companies mc  (cost=0.00..57926.93 rows=541920 width=4) (actual time=681.873..2809.144 rows=842155 loops=1)
                    Filter: ((company_id > 14475) AND (company_type_id = 2))
                    Rows Removed by Filter: 1766974
              ->  Hash  (cost=61283.27..61283.27 rows=2528527 width=4) (actual time=6687.101..6687.101 rows=2528312 loops=1)
                    Buckets: 131072  Batches: 64  Memory Usage: 2415kB
                    ->  Seq Scan on title t  (cost=0.00..61283.27 rows=2528527 width=4) (actual time=0.017..4652.771 rows=2528312 loops=1)
Planning time: 1.252 ms
Execution time: 22617.730 ms
