Hash Join  (cost=75574.02..136349.07 rows=8150 width=0) (actual time=6288.657..6935.791 rows=4440 loops=1)
  Hash Cond: (mc.movie_id = t.id)
  ->  Seq Scan on movie_companies mc  (cost=0.00..57926.93 rows=205232 width=4) (actual time=0.026..2775.219 rows=94199 loops=1)
        Filter: ((company_id < 253) AND (company_type_id > 1))
        Rows Removed by Filter: 2514930
  ->  Hash  (cost=73925.90..73925.90 rows=100409 width=4) (actual time=4096.429..4096.429 rows=110402 loops=1)
        Buckets: 131072  Batches: 2  Memory Usage: 2964kB
        ->  Seq Scan on title t  (cost=0.00..73925.90 rows=100409 width=4) (actual time=324.344..4042.808 rows=110402 loops=1)
              Filter: ((kind_id = 7) AND (production_year = 2012))
              Rows Removed by Filter: 2417910
Planning time: 0.854 ms
Execution time: 6936.317 ms
