Hash Join  (cost=52284.74..79195.56 rows=34 width=0) (actual time=2834.710..4485.268 rows=84 loops=1)
  Hash Cond: (mi_idx.movie_id = t.id)
  ->  Seq Scan on movie_info_idx mi_idx  (cost=0.00..21735.35 rows=1380035 width=4) (actual time=0.018..1439.928 rows=1380035 loops=1)
  ->  Hash  (cost=52283.95..52283.95 rows=63 width=8) (actual time=2723.575..2723.575 rows=113 loops=1)
        Buckets: 1024  Batches: 1  Memory Usage: 13kB
        ->  Nested Loop  (cost=0.43..52283.95 rows=63 width=8) (actual time=615.024..2723.510 rows=113 loops=1)
              ->  Seq Scan on movie_companies mc  (cost=0.00..51404.11 rows=104 width=4) (actual time=28.749..2453.700 rows=995 loops=1)
                    Filter: (company_id = 108)
                    Rows Removed by Filter: 2608134
              ->  Index Scan using title_pkey on title t  (cost=0.43..8.45 rows=1 width=4) (actual time=0.270..0.270 rows=0 loops=995)
                    Index Cond: (id = mc.movie_id)
                    Filter: (kind_id = 7)
                    Rows Removed by Filter: 1
Planning time: 1.159 ms
Execution time: 4485.401 ms
