Seq Scan on movie_keyword mk  (cost=0.00..81003.12 rows=246 width=0) (actual time=86.540..1293.716 rows=36 loops=1)
  Filter: (keyword_id = 9679)
  Rows Removed by Filter: 4523894
Planning time: 0.366 ms
Execution time: 1293.829 ms
