Seq Scan on movie_keyword mk  (cost=0.00..81003.12 rows=2605120 width=0) (actual time=0.022..4827.632 rows=2593763 loops=1)
  Filter: (keyword_id < 6927)
  Rows Removed by Filter: 1930167
Planning time: 0.261 ms
Execution time: 5274.146 ms
