Seq Scan on movie_companies mc  (cost=0.00..57926.93 rows=24110 width=0) (actual time=40.882..2221.420 rows=5188 loops=1)
  Filter: ((company_id = 19) AND (company_type_id = 2))
  Rows Removed by Filter: 2603941
Planning time: 0.408 ms
Execution time: 2222.283 ms
