Hash Join  (cost=102767.86..298886.34 rows=4373499 width=0) (actual time=5289.050..15267.685 rows=4360169 loops=1)
  Hash Cond: (mk.movie_id = t.id)
  ->  Seq Scan on movie_keyword mk  (cost=0.00..81003.12 rows=4373499 width=4) (actual time=0.020..5237.315 rows=4360169 loops=1)
        Filter: (keyword_id > 117)
        Rows Removed by Filter: 163761
  ->  Hash  (cost=61283.27..61283.27 rows=2528527 width=4) (actual time=5286.982..5286.982 rows=2528312 loops=1)
        Buckets: 131072  Batches: 64  Memory Usage: 2425kB
        ->  Seq Scan on title t  (cost=0.00..61283.27 rows=2528527 width=4) (actual time=0.026..4032.885 rows=2528312 loops=1)
Planning time: 0.651 ms
Execution time: 15941.133 ms
