Hash Join  (cost=316577.58..808459.18 rows=6317697 width=0) (actual time=23297.057..44793.044 rows=19872531 loops=1)
  Hash Cond: (mi.movie_id = t.id)
  ->  Seq Scan on movie_info mi  (cost=0.00..346232.03 rows=4972096 width=4) (actual time=6675.405..17965.250 rows=4923966 loops=1)
        Filter: (info_type_id < 5)
        Rows Removed by Filter: 9911754
  ->  Hash  (cost=263866.28..263866.28 rows=3212824 width=8) (actual time=16620.281..16620.281 rows=3815930 loops=1)
        Buckets: 131072  Batches: 64  Memory Usage: 3447kB
        ->  Hash Join  (cost=97066.09..263866.28 rows=3212824 width=8) (actual time=5876.999..15235.236 rows=3815930 loops=1)
              Hash Cond: (mk.movie_id = t.id)
              ->  Seq Scan on movie_keyword mk  (cost=0.00..69693.30 rows=4523930 width=4) (actual time=0.026..4769.095 rows=4523930 loops=1)
              ->  Hash  (cost=67604.59..67604.59 rows=1795720 width=4) (actual time=5876.150..5876.150 rows=1794153 loops=1)
                    Buckets: 131072  Batches: 32  Memory Usage: 3001kB
                    ->  Seq Scan on title t  (cost=0.00..67604.59 rows=1795720 width=4) (actual time=0.032..4777.947 rows=1794153 loops=1)
                          Filter: (production_year < 2009)
                          Rows Removed by Filter: 734159
Planning time: 1.113 ms
Execution time: 47625.340 ms
