Hash Join  (cost=583046.46..770687.33 rows=4384208 width=0) (actual time=27276.676..44737.779 rows=28696802 loops=1)
  Hash Cond: (mk.movie_id = t.id)
  ->  Seq Scan on movie_keyword mk  (cost=0.00..81003.12 rows=3613066 width=4) (actual time=0.026..5827.509 rows=3619858 loops=1)
        Filter: (keyword_id < 20415)
        Rows Removed by Filter: 904072
  ->  Hash  (cost=532708.04..532708.04 rows=3068194 width=8) (actual time=27273.600..27273.600 rows=3036719 loops=1)
        Buckets: 131072  Batches: 64  Memory Usage: 2960kB
        ->  Hash Join  (cost=102767.86..532708.04 rows=3068194 width=8) (actual time=6784.729..26181.068 rows=3036719 loops=1)
              Hash Cond: (mi.movie_id = t.id)
              ->  Seq Scan on movie_info mi  (cost=0.00..346232.03 rows=3068194 width=4) (actual time=1259.453..16928.719 rows=3036719 loops=1)
                    Filter: (info_type_id = 16)
                    Rows Removed by Filter: 11799001
              ->  Hash  (cost=61283.27..61283.27 rows=2528527 width=4) (actual time=5523.396..5523.396 rows=2528312 loops=1)
                    Buckets: 131072  Batches: 64  Memory Usage: 2425kB
                    ->  Seq Scan on title t  (cost=0.00..61283.27 rows=2528527 width=4) (actual time=0.022..4169.558 rows=2528312 loops=1)
Planning time: 1.156 ms
Execution time: 48838.455 ms
