Seq Scan on title t  (cost=0.00..73925.90 rows=42433 width=0) (actual time=78.055..3476.357 rows=37411 loops=1)
  Filter: ((kind_id < 2) AND (production_year = 2011))
  Rows Removed by Filter: 2490901
Planning time: 0.310 ms
Execution time: 3482.249 ms
