Hash Join  (cost=168722.55..302137.57 rows=123198 width=146) (actual time=3895.139..6990.037 rows=155657 loops=1)
  Hash Cond: (mk.movie_id = t.id)
  ->  Seq Scan on movie_keyword mk  (cost=0.00..69693.30 rows=4523930 width=12) (actual time=0.017..1435.911 rows=4523930 loops=1)
  ->  Hash  (cost=166516.83..166516.83 rows=68858 width=134) (actual time=3894.346..3894.346 rows=53637 loops=1)
        Buckets: 32768  Batches: 4  Memory Usage: 2130kB
        ->  Hash Join  (cost=69416.72..166516.83 rows=68858 width=134) (actual time=1568.145..3853.684 rows=53637 loops=1)
              Hash Cond: (mc.movie_id = t.id)
              ->  Seq Scan on movie_companies mc  (cost=0.00..44881.29 rows=2609129 width=40) (actual time=0.021..1084.024 rows=2609129 loops=1)
              ->  Hash  (cost=67604.59..67604.59 rows=66731 width=94) (actual time=1567.737..1567.737 rows=67342 loops=1)
                    Buckets: 32768  Batches: 4  Memory Usage: 2132kB
                    ->  Seq Scan on title t  (cost=0.00..67604.59 rows=66731 width=94) (actual time=0.013..1528.011 rows=67342 loops=1)
                          Filter: (production_year > 2012)
                          Rows Removed by Filter: 2460970
Planning time: 3.391 ms
Execution time: 7005.955 ms
