Hash Join  (cost=279906.29..1206536.75 rows=4817770 width=0) (actual time=17225.492..75462.267 rows=44024005 loops=1)
  Hash Cond: (ci.movie_id = t.id)
  ->  Seq Scan on cast_info ci  (cost=0.00..796071.18 rows=5787916 width=4) (actual time=2486.547..38984.430 rows=11773748 loops=1)
        Filter: ((person_id < 1617206) AND (role_id < 2))
        Rows Removed by Filter: 24470596
  ->  Hash  (cost=245375.46..245375.46 rows=2104706 width=8) (actual time=14736.723..14736.723 rows=2727015 loops=1)
        Buckets: 131072 (originally 131072)  Batches: 64 (originally 32)  Memory Usage: 3073kB
        ->  Hash Join  (cost=87245.25..245375.46 rows=2104706 width=8) (actual time=4402.637..13809.130 rows=2727015 loops=1)
              Hash Cond: (mk.movie_id = t.id)
              ->  Seq Scan on movie_keyword mk  (cost=0.00..81003.12 rows=4445607 width=4) (actual time=0.026..5623.091 rows=4446663 loops=1)
                    Filter: (keyword_id < 88660)
                    Rows Removed by Filter: 77267
              ->  Hash  (cost=67604.59..67604.59 rows=1197093 width=4) (actual time=4401.430..4401.430 rows=1195923 loops=1)
                    Buckets: 131072  Batches: 16  Memory Usage: 3661kB
                    ->  Seq Scan on title t  (cost=0.00..67604.59 rows=1197093 width=4) (actual time=0.023..3799.011 rows=1195923 loops=1)
                          Filter: (production_year < 2003)
                          Rows Removed by Filter: 1332389
Planning time: 1.142 ms
Execution time: 81649.896 ms
