Seq Scan on cast_info ci  (cost=0.00..705507.15 rows=500 width=0) (actual time=5721.526..30809.174 rows=177 loops=1)
  Filter: (person_id = 730365)
  Rows Removed by Filter: 36244167
Planning time: 0.342 ms
Execution time: 30809.309 ms
