Hash Join  (cost=168416.11..297101.81 rows=548566 width=0) (actual time=8291.567..16285.477 rows=2577254 loops=1)
  Hash Cond: (mk.movie_id = t.id)
  ->  Seq Scan on movie_keyword mk  (cost=0.00..69693.30 rows=4523930 width=4) (actual time=0.022..4704.759 rows=4523930 loops=1)
  ->  Hash  (cost=163385.53..163385.53 rows=306606 width=8) (actual time=8290.768..8290.768 rows=266772 loops=1)
        Buckets: 131072  Batches: 8  Memory Usage: 2338kB
        ->  Hash Join  (cost=89078.79..163385.53 rows=306606 width=8) (actual time=5798.428..8194.581 rows=266772 loops=1)
              Hash Cond: (mc.movie_id = t.id)
              ->  Seq Scan on movie_companies mc  (cost=0.00..57926.93 rows=839399 width=4) (actual time=1269.629..3047.261 rows=527992 loops=1)
                    Filter: ((company_id < 17641) AND (company_type_id > 1))
                    Rows Removed by Filter: 2081137
              ->  Hash  (cost=73925.90..73925.90 rows=923591 width=4) (actual time=4527.945..4527.945 rows=881816 loops=1)
                    Buckets: 131072  Batches: 16  Memory Usage: 2962kB
                    ->  Seq Scan on title t  (cost=0.00..73925.90 rows=923591 width=4) (actual time=0.027..3883.065 rows=881816 loops=1)
                          Filter: ((kind_id < 7) AND (production_year > 1922))
                          Rows Removed by Filter: 1646496
Planning time: 1.099 ms
Execution time: 16640.175 ms
