Hash Join  (cost=122582.28..1175605.33 rows=1870896 width=0) (actual time=6524.039..68860.197 rows=2601777 loops=1)
  Hash Cond: (ci.movie_id = t.id)
  ->  Seq Scan on cast_info ci  (cost=0.00..614943.12 rows=36225612 width=4) (actual time=0.023..42536.440 rows=36244344 loops=1)
  ->  Hash  (cost=120438.94..120438.94 rows=130587 width=8) (actual time=6523.277..6523.277 rows=62989 loops=1)
        Buckets: 131072  Batches: 2  Memory Usage: 2254kB
        ->  Hash Join  (cost=85855.67..120438.94 rows=130587 width=8) (actual time=4851.433..6500.852 rows=62989 loops=1)
              Hash Cond: (mi_idx.movie_id = t.id)
              ->  Seq Scan on movie_info_idx mi_idx  (cost=0.00..25185.44 rows=454124 width=4) (actual time=0.019..1654.042 rows=459925 loops=1)
                    Filter: (info_type_id = 100)
                    Rows Removed by Filter: 920110
              ->  Hash  (cost=73925.90..73925.90 rows=727101 width=4) (actual time=4444.574..4444.574 rows=796159 loops=1)
                    Buckets: 131072  Batches: 16  Memory Usage: 2780kB
                    ->  Seq Scan on title t  (cost=0.00..73925.90 rows=727101 width=4) (actual time=0.015..4105.776 rows=796159 loops=1)
                          Filter: ((production_year > 2003) AND (kind_id = 7))
                          Rows Removed by Filter: 1732153
Planning time: 1.133 ms
Execution time: 69339.706 ms
