Seq Scan on movie_keyword mk  (cost=0.00..81003.12 rows=270794 width=0) (actual time=41.264..3890.196 rows=270867 loops=1)
  Filter: (keyword_id > 58183)
  Rows Removed by Filter: 4253063
Planning time: 0.325 ms
Execution time: 3927.591 ms
