Hash Join  (cost=263115.61..417592.91 rows=2678233 width=0) (actual time=12062.793..23901.736 rows=20642336 loops=1)
  Hash Cond: (mk.movie_id = t.id)
  ->  Seq Scan on movie_keyword mk  (cost=0.00..81003.12 rows=2595496 width=4) (actual time=0.022..4142.897 rows=2578699 loops=1)
        Filter: (keyword_id > 3356)
        Rows Removed by Filter: 1945231
  ->  Hash  (cost=220309.49..220309.49 rows=2609129 width=8) (actual time=12051.099..12051.099 rows=2609129 loops=1)
        Buckets: 131072  Batches: 64  Memory Usage: 2691kB
        ->  Hash Join  (cost=102767.86..220309.49 rows=2609129 width=8) (actual time=5200.385..11142.115 rows=2609129 loops=1)
              Hash Cond: (mc.movie_id = t.id)
              ->  Seq Scan on movie_companies mc  (cost=0.00..44881.29 rows=2609129 width=4) (actual time=0.022..2866.169 rows=2609129 loops=1)
              ->  Hash  (cost=61283.27..61283.27 rows=2528527 width=4) (actual time=5198.342..5198.342 rows=2528312 loops=1)
                    Buckets: 131072  Batches: 64  Memory Usage: 2415kB
                    ->  Seq Scan on title t  (cost=0.00..61283.27 rows=2528527 width=4) (actual time=0.019..4074.804 rows=2528312 loops=1)
Planning time: 1.131 ms
Execution time: 26660.179 ms
