Seq Scan on cast_info ci  (cost=0.00..796071.18 rows=2003511 width=0) (actual time=1461.016..31487.636 rows=2147669 loops=1)
  Filter: ((person_id < 218827) AND (role_id < 10))
  Rows Removed by Filter: 34096675
Planning time: 1.876 ms
Execution time: 31867.761 ms
