Hash Join  (cost=186689.41..326527.29 rows=1463884 width=0) (actual time=9441.455..17835.093 rows=2067423 loops=1)
  Hash Cond: (mk.movie_id = t.id)
  ->  Seq Scan on movie_keyword mk  (cost=0.00..69693.30 rows=4523930 width=4) (actual time=0.020..4675.552 rows=4523930 loops=1)
  ->  Hash  (cost=173264.93..173264.93 rows=818198 width=8) (actual time=9439.857..9439.857 rows=602856 loops=1)
        Buckets: 131072  Batches: 16  Memory Usage: 2512kB
        ->  Hash Join  (cost=86935.43..173264.93 rows=818198 width=8) (actual time=4304.748..9228.021 rows=602856 loops=1)
              Hash Cond: (mc.movie_id = t.id)
              ->  Seq Scan on movie_companies mc  (cost=0.00..44881.29 rows=2609129 width=4) (actual time=0.017..3036.590 rows=2609129 loops=1)
              ->  Hash  (cost=73925.90..73925.90 rows=792922 width=4) (actual time=4303.684..4303.684 rows=692469 loops=1)
                    Buckets: 131072  Batches: 16  Memory Usage: 2548kB
                    ->  Seq Scan on title t  (cost=0.00..73925.90 rows=792922 width=4) (actual time=0.015..4016.065 rows=692469 loops=1)
                          Filter: ((kind_id > 1) AND (production_year < 2001))
                          Rows Removed by Filter: 1835843
Planning time: 1.069 ms
Execution time: 18112.183 ms
