Hash Join  (cost=190230.21..319048.90 rows=1360370 width=0) (actual time=9469.272..17905.185 rows=5713906 loops=1)
  Hash Cond: (mk.movie_id = t.id)
  ->  Seq Scan on movie_keyword mk  (cost=0.00..81003.12 rows=2492497 width=4) (actual time=0.023..5123.174 rows=2485970 loops=1)
        Filter: (keyword_id < 6043)
        Rows Removed by Filter: 2037960
  ->  Hash  (cost=167588.78..167588.78 rows=1380035 width=8) (actual time=9468.263..9468.263 rows=1380035 loops=1)
        Buckets: 131072  Batches: 32  Memory Usage: 2726kB
        ->  Hash Join  (cost=102767.86..167588.78 rows=1380035 width=8) (actual time=5340.601..8938.341 rows=1380035 loops=1)
              Hash Cond: (mi_idx.movie_id = t.id)
              ->  Seq Scan on movie_info_idx mi_idx  (cost=0.00..21735.35 rows=1380035 width=4) (actual time=0.015..1475.195 rows=1380035 loops=1)
              ->  Hash  (cost=61283.27..61283.27 rows=2528527 width=4) (actual time=5338.840..5338.840 rows=2528312 loops=1)
                    Buckets: 131072  Batches: 64  Memory Usage: 2415kB
                    ->  Seq Scan on title t  (cost=0.00..61283.27 rows=2528527 width=4) (actual time=0.009..4207.484 rows=2528312 loops=1)
Planning time: 2.302 ms
Execution time: 18658.051 ms
