Seq Scan on title t  (cost=0.00..67604.59 rows=7437 width=0) (actual time=145.283..3347.551 rows=2467 loops=1)
  Filter: (production_year = 1935)
  Rows Removed by Filter: 2525845
Planning time: 0.317 ms
Execution time: 3348.286 ms
