Hash Join  (cost=263115.61..1172996.32 rows=8218235 width=0) (actual time=14151.809..65470.338 rows=20475411 loops=1)
  Hash Cond: (ci.movie_id = t.id)
  ->  Seq Scan on cast_info ci  (cost=0.00..705507.15 rows=7964355 width=4) (actual time=0.012..37662.533 rows=7942928 loops=1)
        Filter: (person_id > 2885135)
        Rows Removed by Filter: 28301416
  ->  Hash  (cost=220309.49..220309.49 rows=2609129 width=8) (actual time=14149.898..14149.898 rows=2609129 loops=1)
        Buckets: 131072  Batches: 64  Memory Usage: 2610kB
        ->  Hash Join  (cost=102767.86..220309.49 rows=2609129 width=8) (actual time=6162.883..13240.686 rows=2609129 loops=1)
              Hash Cond: (mc.movie_id = t.id)
              ->  Seq Scan on movie_companies mc  (cost=0.00..44881.29 rows=2609129 width=4) (actual time=0.031..3225.837 rows=2609129 loops=1)
              ->  Hash  (cost=61283.27..61283.27 rows=2528527 width=4) (actual time=6161.400..6161.400 rows=2528312 loops=1)
                    Buckets: 131072  Batches: 64  Memory Usage: 2415kB
                    ->  Seq Scan on title t  (cost=0.00..61283.27 rows=2528527 width=4) (actual time=0.016..4194.125 rows=2528312 loops=1)
Planning time: 12.616 ms
Execution time: 68626.692 ms
