Hash Join  (cost=518519.19..679448.55 rows=2730941 width=0) (actual time=25249.041..34100.230 rows=2492872 loops=1)
  Hash Cond: (mk.movie_id = t.id)
  ->  Seq Scan on movie_keyword mk  (cost=0.00..69693.30 rows=4523930 width=4) (actual time=0.023..5056.361 rows=4523930 loops=1)
  ->  Hash  (cost=493476.38..493476.38 rows=1526385 width=8) (actual time=25247.633..25247.633 rows=1022918 loops=1)
        Buckets: 131072  Batches: 32  Memory Usage: 2268kB
        ->  Hash Join  (cost=98137.04..493476.38 rows=1526385 width=8) (actual time=6436.430..24896.020 rows=1022918 loops=1)
              Hash Cond: (mi.movie_id = t.id)
              ->  Seq Scan on movie_info mi  (cost=0.00..346232.03 rows=2073893 width=4) (actual time=800.716..17146.316 rows=2091068 loops=1)
                    Filter: (info_type_id < 3)
                    Rows Removed by Filter: 12744652
              ->  Hash  (cost=67604.59..67604.59 rows=1860996 width=4) (actual time=5634.758..5634.758 rows=1865487 loops=1)
                    Buckets: 131072  Batches: 32  Memory Usage: 3085kB
                    ->  Seq Scan on title t  (cost=0.00..67604.59 rows=1860996 width=4) (actual time=0.037..4672.517 rows=1865487 loops=1)
                          Filter: (kind_id > 1)
                          Rows Removed by Filter: 662825
Planning time: 1.095 ms
Execution time: 34438.407 ms
