Seq Scan on movie_companies mc  (cost=0.00..57926.93 rows=3284 width=0) (actual time=1128.360..2400.159 rows=6150 loops=1)
  Filter: ((company_id = 145) AND (company_type_id = 1))
  Rows Removed by Filter: 2602979
Planning time: 0.334 ms
Execution time: 2401.207 ms
