Hash Join  (cost=817144.18..903850.53 rows=4831 width=0) (actual time=40779.425..44927.019 rows=266 loops=1)
  Hash Cond: (mk.movie_id = t.id)
  ->  Seq Scan on movie_keyword mk  (cost=0.00..69693.30 rows=4523930 width=4) (actual time=0.031..3195.287 rows=4523930 loops=1)
  ->  Hash  (cost=817110.43..817110.43 rows=2700 width=8) (actual time=40522.860..40522.860 rows=7844 loops=1)
        Buckets: 8192 (originally 4096)  Batches: 1 (originally 1)  Memory Usage: 371kB
        ->  Nested Loop  (cost=0.43..817110.43 rows=2700 width=8) (actual time=14905.394..40517.900 rows=7844 loops=1)
              ->  Seq Scan on cast_info ci  (cost=0.00..796071.18 rows=2700 width=4) (actual time=14905.221..40069.392 rows=7844 loops=1)
                    Filter: ((role_id > 2) AND (person_id = 598206))
                    Rows Removed by Filter: 36236500
              ->  Index Only Scan using title_pkey on title t  (cost=0.43..7.78 rows=1 width=4) (actual time=0.056..0.057 rows=1 loops=7844)
                    Index Cond: (id = ci.movie_id)
                    Heap Fetches: 7844
Planning time: 1.979 ms
Execution time: 44927.250 ms
