Nested Loop  (cost=0.43..83071.67 rows=246 width=0) (actual time=22.125..4159.982 rows=444 loops=1)
  ->  Seq Scan on movie_keyword mk  (cost=0.00..81003.12 rows=246 width=4) (actual time=22.042..3562.402 rows=444 loops=1)
        Filter: (keyword_id = 6092)
        Rows Removed by Filter: 4523486
  ->  Index Only Scan using title_pkey on title t  (cost=0.43..8.40 rows=1 width=4) (actual time=1.342..1.343 rows=1 loops=444)
        Index Cond: (id = mk.movie_id)
        Heap Fetches: 444
Planning time: 0.720 ms
Execution time: 4160.303 ms
