Hash Join  (cost=101758.31..193071.19 rows=10849 width=0) (actual time=5675.807..10877.915 rows=54136 loops=1)
  Hash Cond: (mk.movie_id = t.id)
  ->  Seq Scan on movie_keyword mk  (cost=0.00..81003.12 rows=2720336 width=4) (actual time=0.023..4540.196 rows=2719840 loops=1)
        Filter: (keyword_id < 7695)
        Rows Removed by Filter: 1804090
  ->  Hash  (cost=101632.26..101632.26 rows=10084 width=8) (actual time=5670.483..5670.483 rows=13124 loops=1)
        Buckets: 16384  Batches: 1  Memory Usage: 641kB
        ->  Hash Join  (cost=74617.32..101632.26 rows=10084 width=8) (actual time=3775.104..5663.654 rows=13124 loops=1)
              Hash Cond: (mi_idx.movie_id = t.id)
              ->  Seq Scan on movie_info_idx mi_idx  (cost=0.00..25185.44 rows=460978 width=4) (actual time=0.024..1694.931 rows=459925 loops=1)
                    Filter: (info_type_id = 99)
                    Rows Removed by Filter: 920110
              ->  Hash  (cost=73925.90..73925.90 rows=55313 width=4) (actual time=3765.665..3765.665 rows=49075 loops=1)
                    Buckets: 65536  Batches: 1  Memory Usage: 2238kB
                    ->  Seq Scan on title t  (cost=0.00..73925.90 rows=55313 width=4) (actual time=0.212..3737.919 rows=49075 loops=1)
                          Filter: ((kind_id < 7) AND (production_year = 2010))
                          Rows Removed by Filter: 2479237
Planning time: 1.184 ms
Execution time: 10892.622 ms
