Hash Join  (cost=928837.23..1121767.13 rows=4893403 width=0) (actual time=45089.601..57441.312 rows=8871737 loops=1)
  Hash Cond: (mk.movie_id = t.id)
  ->  Seq Scan on movie_keyword mk  (cost=0.00..69693.30 rows=4523930 width=4) (actual time=0.008..5502.213 rows=4523930 loops=1)
  ->  Hash  (cost=883965.31..883965.31 rows=2735034 width=8) (actual time=45084.981..45084.981 rows=2728943 loops=1)
        Buckets: 131072  Batches: 64  Memory Usage: 2692kB
        ->  Hash Join  (cost=102767.86..883965.31 rows=2735034 width=8) (actual time=18618.063..44096.517 rows=2728943 loops=1)
              Hash Cond: (ci.movie_id = t.id)
              ->  Seq Scan on cast_info ci  (cost=0.00..705507.15 rows=2735034 width=4) (actual time=13138.998..35155.517 rows=2728943 loops=1)
                    Filter: (role_id = 4)
                    Rows Removed by Filter: 33515401
              ->  Hash  (cost=61283.27..61283.27 rows=2528527 width=4) (actual time=5477.060..5477.060 rows=2528312 loops=1)
                    Buckets: 131072  Batches: 64  Memory Usage: 2415kB
                    ->  Seq Scan on title t  (cost=0.00..61283.27 rows=2528527 width=4) (actual time=0.030..3813.320 rows=2528312 loops=1)
Planning time: 5.794 ms
Execution time: 58660.607 ms
