Seq Scan on movie_companies mc  (cost=0.00..57926.93 rows=1159959 width=0) (actual time=128.437..1105.245 rows=1265771 loops=1)
  Filter: ((company_id > 160) AND (company_type_id > 1))
  Rows Removed by Filter: 1343358
Planning time: 0.360 ms
Execution time: 1261.879 ms
