Hash Join  (cost=252542.00..787609.89 rows=5784473 width=0) (actual time=14445.442..97999.551 rows=183850458 loops=1)
  Hash Cond: (mi.movie_id = t.id)
  ->  Seq Scan on movie_info mi  (cost=0.00..346232.03 rows=9767026 width=4) (actual time=0.012..24539.740 rows=9911754 loops=1)
        Filter: (info_type_id > 4)
        Rows Removed by Filter: 4923966
  ->  Hash  (cost=227973.15..227973.15 rows=1497508 width=8) (actual time=14440.786..14440.786 rows=3266874 loops=1)
        Buckets: 131072 (originally 131072)  Batches: 64 (originally 32)  Memory Usage: 3135kB
        ->  Hash Join  (cost=83810.17..227973.15 rows=1497508 width=8) (actual time=4437.753..13318.088 rows=3266874 loops=1)
              Hash Cond: (mk.movie_id = t.id)
              ->  Seq Scan on movie_keyword mk  (cost=0.00..81003.12 rows=3833538 width=4) (actual time=0.023..5141.070 rows=3834778 loops=1)
                    Filter: (keyword_id > 569)
                    Rows Removed by Filter: 689152
              ->  Hash  (cost=67604.59..67604.59 rows=987727 width=4) (actual time=4436.122..4436.122 rows=985048 loops=1)
                    Buckets: 131072  Batches: 16  Memory Usage: 3197kB
                    ->  Seq Scan on title t  (cost=0.00..67604.59 rows=987727 width=4) (actual time=0.023..4060.683 rows=985048 loops=1)
                          Filter: (kind_id < 7)
                          Rows Removed by Filter: 1543264
Planning time: 1.065 ms
Execution time: 123065.185 ms
