Hash Join  (cost=94666.80..184107.18 rows=845722 width=0) (actual time=6994.551..10985.572 rows=739194 loops=1)
  Hash Cond: (mc.movie_id = t.id)
  ->  Seq Scan on movie_companies mc  (cost=0.00..57926.93 rows=1296446 width=4) (actual time=1513.859..3909.127 rows=1327562 loops=1)
        Filter: ((company_id > 6) AND (company_type_id > 1))
        Rows Removed by Filter: 1281567
  ->  Hash  (cost=67604.59..67604.59 rows=1649457 width=4) (actual time=5479.804..5479.804 rows=1643514 loops=1)
        Buckets: 131072  Batches: 32  Memory Usage: 2831kB
        ->  Seq Scan on title t  (cost=0.00..67604.59 rows=1649457 width=4) (actual time=0.025..4557.927 rows=1643514 loops=1)
              Filter: (production_year > 1994)
              Rows Removed by Filter: 884798
Planning time: 0.775 ms
Execution time: 11114.840 ms
