Hash Join  (cost=69484.36..1029042.96 rows=956110 width=0) (actual time=3455.907..55611.050 rows=846470 loops=1)
  Hash Cond: (ci.movie_id = t.id)
  ->  Seq Scan on cast_info ci  (cost=0.00..705507.15 rows=21106227 width=4) (actual time=0.015..40221.645 rows=20975050 loops=1)
        Filter: (person_id < 2115299)
        Rows Removed by Filter: 15269294
  ->  Hash  (cost=67604.59..67604.59 rows=114542 width=4) (actual time=3161.195..3161.195 rows=118234 loops=1)
        Buckets: 131072  Batches: 2  Memory Usage: 3101kB
        ->  Seq Scan on title t  (cost=0.00..67604.59 rows=114542 width=4) (actual time=1078.677..3112.882 rows=118234 loops=1)
              Filter: (kind_id = 4)
              Rows Removed by Filter: 2410078
Planning time: 0.770 ms
Execution time: 55762.232 ms
