Seq Scan on movie_companies mc  (cost=0.00..51404.11 rows=727648 width=0) (actual time=0.032..2802.896 rows=719447 loops=1)
  Filter: (company_id < 1402)
  Rows Removed by Filter: 1889682
Planning time: 0.418 ms
Execution time: 2964.891 ms
