Nested Loop  (cost=0.43..83071.67 rows=246 width=0) (actual time=4.195..3966.435 rows=160 loops=1)
  ->  Seq Scan on movie_keyword mk  (cost=0.00..81003.12 rows=246 width=4) (actual time=4.134..3949.281 rows=160 loops=1)
        Filter: (keyword_id = 3383)
        Rows Removed by Filter: 4523770
  ->  Index Only Scan using title_pkey on title t  (cost=0.43..8.40 rows=1 width=4) (actual time=0.101..0.102 rows=1 loops=160)
        Index Cond: (id = mk.movie_id)
        Heap Fetches: 160
Planning time: 0.680 ms
Execution time: 3966.621 ms
