Hash Join  (cost=83074.74..810413.49 rows=566 width=0) (actual time=14703.599..44614.616 rows=35 loops=1)
  Hash Cond: (ci.movie_id = t.id)
  ->  Seq Scan on cast_info ci  (cost=0.00..705507.15 rows=5820248 width=4) (actual time=10720.192..39651.530 rows=5732694 loops=1)
        Filter: (role_id > 8)
        Rows Removed by Filter: 30511650
  ->  Hash  (cost=83071.67..83071.67 rows=246 width=8) (actual time=3761.428..3761.428 rows=1 loops=1)
        Buckets: 1024  Batches: 1  Memory Usage: 9kB
        ->  Nested Loop  (cost=0.43..83071.67 rows=246 width=8) (actual time=1462.931..3761.410 rows=1 loops=1)
              ->  Seq Scan on movie_keyword mk  (cost=0.00..81003.12 rows=246 width=4) (actual time=1462.759..3761.236 rows=1 loops=1)
                    Filter: (keyword_id = 122578)
                    Rows Removed by Filter: 4523929
              ->  Index Only Scan using title_pkey on title t  (cost=0.43..8.40 rows=1 width=4) (actual time=0.083..0.084 rows=1 loops=1)
                    Index Cond: (id = mk.movie_id)
                    Heap Fetches: 1
Planning time: 7.678 ms
Execution time: 44614.748 ms
