Hash Join  (cost=128688.21..925944.79 rows=349 width=0) (actual time=31439.007..44954.899 rows=18 loops=1)
  Hash Cond: (ci.movie_id = t.id)
  ->  Seq Scan on cast_info ci  (cost=0.00..796071.18 rows=315174 width=4) (actual time=26148.439..39686.817 rows=117413 loops=1)
        Filter: ((person_id < 3402026) AND (role_id > 10))
        Rows Removed by Filter: 36126931
  ->  Hash  (cost=128653.26..128653.26 rows=2796 width=8) (actual time=5237.411..5237.411 rows=3099 loops=1)
        Buckets: 4096  Batches: 1  Memory Usage: 154kB
        ->  Hash Join  (cost=73959.78..128653.26 rows=2796 width=8) (actual time=3062.180..5231.392 rows=3099 loops=1)
              Hash Cond: (mc.movie_id = t.id)
              ->  Seq Scan on movie_companies mc  (cost=0.00..44881.29 rows=2609129 width=4) (actual time=0.023..1768.410 rows=2609129 loops=1)
              ->  Hash  (cost=73925.90..73925.90 rows=2710 width=4) (actual time=2845.216..2845.216 rows=1383 loops=1)
                    Buckets: 4096  Batches: 1  Memory Usage: 81kB
                    ->  Seq Scan on title t  (cost=0.00..73925.90 rows=2710 width=4) (actual time=0.080..2844.372 rows=1383 loops=1)
                          Filter: ((production_year > 2009) AND (kind_id = 6))
                          Rows Removed by Filter: 2526929
Planning time: 3.246 ms
Execution time: 44955.010 ms
