Hash Join  (cost=169004.35..946275.02 rows=366558 width=0) (actual time=6667.975..62941.619 rows=3908918 loops=1)
  Hash Cond: (ci.movie_id = t.id)
  ->  Seq Scan on cast_info ci  (cost=0.00..705507.15 rows=18159443 width=4) (actual time=0.015..43431.932 rows=18019458 loops=1)
        Filter: (person_id < 1788343)
        Rows Removed by Filter: 18224886
  ->  Hash  (cost=168366.35..168366.35 rows=51040 width=8) (actual time=6667.547..6667.547 rows=111493 loops=1)
        Buckets: 131072 (originally 65536)  Batches: 2 (originally 1)  Memory Usage: 3195kB
        ->  Hash Join  (cost=81878.30..168366.35 rows=51040 width=8) (actual time=3434.698..6626.881 rows=111493 loops=1)
              Hash Cond: (mk.movie_id = t.id)
              ->  Seq Scan on movie_keyword mk  (cost=0.00..81003.12 rows=266273 width=4) (actual time=0.020..2921.111 rows=266927 loops=1)
                    Filter: (keyword_id > 58739)
                    Rows Removed by Filter: 4257003
              ->  Hash  (cost=73925.90..73925.90 rows=484672 width=4) (actual time=3433.743..3433.743 rows=355227 loops=1)
                    Buckets: 131072  Batches: 8  Memory Usage: 2599kB
                    ->  Seq Scan on title t  (cost=0.00..73925.90 rows=484672 width=4) (actual time=0.014..3284.290 rows=355227 loops=1)
                          Filter: ((production_year > 1986) AND (kind_id = 1))
                          Rows Removed by Filter: 2173085
Planning time: 1.132 ms
Execution time: 63611.491 ms
