Hash Join  (cost=149319.59..273335.97 rows=165334 width=0) (actual time=7943.613..15123.687 rows=1387779 loops=1)
  Hash Cond: (mk.movie_id = t.id)
  ->  Seq Scan on movie_keyword mk  (cost=0.00..69693.30 rows=4523930 width=4) (actual time=0.019..4409.088 rows=4523930 loops=1)
  ->  Hash  (cost=147803.48..147803.48 rows=92409 width=8) (actual time=7942.590..7942.590 rows=198207 loops=1)
        Buckets: 131072 (originally 131072)  Batches: 4 (originally 2)  Memory Usage: 3073kB
        ->  Hash Join  (cost=78988.28..147803.48 rows=92409 width=8) (actual time=3730.231..7862.250 rows=198207 loops=1)
              Hash Cond: (mc.movie_id = t.id)
              ->  Seq Scan on movie_companies mc  (cost=0.00..57926.93 rows=757380 width=4) (actual time=0.028..3093.998 rows=974613 loops=1)
                    Filter: ((company_id > 7851) AND (company_type_id > 1))
                    Rows Removed by Filter: 1634516
              ->  Hash  (cost=73925.90..73925.90 rows=308510 width=4) (actual time=3729.346..3729.346 rows=266599 loops=1)
                    Buckets: 131072  Batches: 8  Memory Usage: 2191kB
                    ->  Seq Scan on title t  (cost=0.00..73925.90 rows=308510 width=4) (actual time=0.033..3611.054 rows=266599 loops=1)
                          Filter: ((kind_id < 7) AND (production_year > 2007))
                          Rows Removed by Filter: 2261713
Planning time: 2.475 ms
Execution time: 15357.382 ms
