Nested Loop  (cost=0.43..447802.20 rows=17937 width=0) (actual time=3693.754..6195.429 rows=109034 loops=1)
  ->  Seq Scan on movie_info mi  (cost=0.00..346232.03 rows=17937 width=4) (actual time=3693.650..5398.168 rows=109034 loops=1)
        Filter: (info_type_id = 106)
        Rows Removed by Filter: 14726686
  ->  Index Only Scan using title_pkey on title t  (cost=0.43..5.65 rows=1 width=4) (actual time=0.007..0.007 rows=1 loops=109034)
        Index Cond: (id = mi.movie_id)
        Heap Fetches: 109034
Planning time: 0.769 ms
Execution time: 6214.473 ms
