Seq Scan on cast_info ci  (cost=0.00..705507.15 rows=29974518 width=0) (actual time=0.029..41941.144 rows=29917139 loops=1)
  Filter: (person_id < 3020354)
  Rows Removed by Filter: 6327205
Planning time: 0.277 ms
Execution time: 47235.667 ms
