Seq Scan on cast_info ci  (cost=0.00..705507.15 rows=500 width=0) (actual time=2030.065..33663.582 rows=993 loops=1)
  Filter: (person_id = 1470379)
  Rows Removed by Filter: 36243351
Planning time: 0.357 ms
Execution time: 33663.799 ms
