Seq Scan on movie_keyword mk  (cost=0.00..81003.12 rows=1576956 width=0) (actual time=0.027..1440.264 rows=1591898 loops=1)
  Filter: (keyword_id > 9698)
  Rows Removed by Filter: 2932032
Planning time: 0.311 ms
Execution time: 1635.436 ms
