Seq Scan on movie_keyword mk  (cost=0.00..81003.12 rows=246 width=0) (actual time=36.448..3789.365 rows=225 loops=1)
  Filter: (keyword_id = 6683)
  Rows Removed by Filter: 4523705
Planning time: 0.303 ms
Execution time: 3789.680 ms
