Hash Join  (cost=74093.07..134441.71 rows=3368 width=0) (actual time=3845.315..7631.465 rows=6845 loops=1)
  Hash Cond: (mc.movie_id = t.id)
  ->  Seq Scan on movie_companies mc  (cost=0.00..57926.93 rows=636808 width=4) (actual time=0.024..3506.300 rows=896236 loops=1)
        Filter: ((company_id > 11531) AND (company_type_id = 2))
        Rows Removed by Filter: 1712893
  ->  Hash  (cost=73925.90..73925.90 rows=13373 width=4) (actual time=3845.164..3845.164 rows=7578 loops=1)
        Buckets: 16384  Batches: 1  Memory Usage: 395kB
        ->  Seq Scan on title t  (cost=0.00..73925.90 rows=13373 width=4) (actual time=0.016..3841.782 rows=7578 loops=1)
              Filter: ((kind_id < 2) AND (production_year = 1999))
              Rows Removed by Filter: 2520734
Planning time: 0.710 ms
Execution time: 7632.859 ms
