Hash Join  (cost=83072.98..440810.80 rows=7 width=0) (actual time=8334.018..22491.606 rows=3364 loops=1)
  Hash Cond: (mi.movie_id = t.id)
  ->  Seq Scan on movie_info mi  (cost=0.00..346232.03 rows=3068194 width=4) (actual time=2135.902..17796.211 rows=3036719 loops=1)
        Filter: (info_type_id = 16)
        Rows Removed by Filter: 11799001
  ->  Hash  (cost=83072.90..83072.90 rows=6 width=8) (actual time=4016.880..4016.880 rows=1643 loops=1)
        Buckets: 2048 (originally 1024)  Batches: 1 (originally 1)  Memory Usage: 81kB
        ->  Nested Loop  (cost=0.43..83072.90 rows=6 width=8) (actual time=1.682..4015.620 rows=1643 loops=1)
              ->  Seq Scan on movie_keyword mk  (cost=0.00..81003.12 rows=246 width=4) (actual time=0.443..3554.577 rows=2713 loops=1)
                    Filter: (keyword_id = 2197)
                    Rows Removed by Filter: 4521217
              ->  Index Scan using title_pkey on title t  (cost=0.43..8.40 rows=1 width=4) (actual time=0.169..0.169 rows=1 loops=2713)
                    Index Cond: (id = mk.movie_id)
                    Filter: ((kind_id < 7) AND (production_year < 1950))
                    Rows Removed by Filter: 0
Planning time: 1.086 ms
Execution time: 22492.428 ms
