Hash Join  (cost=117057.57..237018.63 rows=113943 width=0) (actual time=7307.586..15137.966 rows=2115000 loops=1)
  Hash Cond: (mk.movie_id = t.id)
  ->  Seq Scan on movie_keyword mk  (cost=0.00..81003.12 rows=3240668 width=4) (actual time=0.015..5374.617 rows=3230190 loops=1)
        Filter: (keyword_id < 13654)
        Rows Removed by Filter: 1293740
  ->  Hash  (cost=115598.27..115598.27 rows=88904 width=8) (actual time=7306.561..7306.561 rows=224307 loops=1)
        Buckets: 131072 (originally 131072)  Batches: 4 (originally 2)  Memory Usage: 3227kB
        ->  Hash Join  (cost=77939.33..115598.27 rows=88904 width=8) (actual time=4286.496..6928.156 rows=224307 loops=1)
              Hash Cond: (mi_idx.movie_id = t.id)
              ->  Seq Scan on movie_info_idx mi_idx  (cost=0.00..25185.44 rows=919057 width=4) (actual time=0.015..1859.651 rows=920110 loops=1)
                    Filter: (info_type_id > 99)
                    Rows Removed by Filter: 459925
              ->  Hash  (cost=73925.90..73925.90 rows=244594 width=4) (actual time=4285.794..4285.794 rows=359543 loops=1)
                    Buckets: 131072 (originally 131072)  Batches: 8 (originally 4)  Memory Usage: 3073kB
                    ->  Seq Scan on title t  (cost=0.00..73925.90 rows=244594 width=4) (actual time=92.171..3830.625 rows=359543 loops=1)
                          Filter: ((production_year < 1998) AND (kind_id = 1))
                          Rows Removed by Filter: 2168769
Planning time: 1.172 ms
Execution time: 15478.140 ms
