Hash Join  (cost=81821.64..167331.50 rows=37126 width=0) (actual time=8100.690..9008.375 rows=996 loops=1)
  Hash Cond: (mk.movie_id = t.id)
  ->  Seq Scan on movie_keyword mk  (cost=0.00..81003.12 rows=195060 width=4) (actual time=0.041..3760.397 rows=198022 loops=1)
        Filter: (keyword_id > 69179)
        Rows Removed by Filter: 4325908
  ->  Hash  (cost=73925.90..73925.90 rows=481259 width=4) (actual time=4938.894..4938.894 rows=518327 loops=1)
        Buckets: 131072  Batches: 8  Memory Usage: 3307kB
        ->  Seq Scan on title t  (cost=0.00..73925.90 rows=481259 width=4) (actual time=0.014..4410.824 rows=518327 loops=1)
              Filter: ((production_year > 2007) AND (kind_id = 7))
              Rows Removed by Filter: 2009985
Planning time: 0.684 ms
Execution time: 9008.842 ms
