Seq Scan on movie_keyword mk  (cost=0.00..81003.12 rows=4470419 width=0) (actual time=0.026..3990.563 rows=4473909 loops=1)
  Filter: (keyword_id > 50)
  Rows Removed by Filter: 50021
Planning time: 0.304 ms
Execution time: 4778.323 ms
