Seq Scan on cast_info ci  (cost=0.00..796071.18 rows=3640860 width=0) (actual time=6182.051..37768.532 rows=314777 loops=1)
  Filter: ((person_id < 1778091) AND (role_id = 2))
  Rows Removed by Filter: 35929567
Planning time: 0.352 ms
Execution time: 37816.807 ms
