Hash Join  (cost=174865.45..297790.12 rows=914097 width=0) (actual time=8671.969..15400.548 rows=3842628 loops=1)
  Hash Cond: (mk.movie_id = t.id)
  ->  Seq Scan on movie_keyword mk  (cost=0.00..81003.12 rows=2525754 width=4) (actual time=0.018..4391.940 rows=2514089 loops=1)
        Filter: (keyword_id < 6225)
        Rows Removed by Filter: 2009841
  ->  Hash  (cost=159851.69..159851.69 rows=915101 width=8) (actual time=8670.872..8670.872 rows=919850 loops=1)
        Buckets: 131072  Batches: 16  Memory Usage: 3282kB
        ->  Hash Join  (cost=102767.86..159851.69 rows=915101 width=8) (actual time=5456.706..8397.920 rows=919850 loops=1)
              Hash Cond: (mi_idx.movie_id = t.id)
              ->  Seq Scan on movie_info_idx mi_idx  (cost=0.00..25185.44 rows=915101 width=4) (actual time=0.012..1692.808 rows=919850 loops=1)
                    Filter: (info_type_id < 101)
                    Rows Removed by Filter: 460185
              ->  Hash  (cost=61283.27..61283.27 rows=2528527 width=4) (actual time=5455.288..5455.288 rows=2528312 loops=1)
                    Buckets: 131072  Batches: 64  Memory Usage: 2415kB
                    ->  Seq Scan on title t  (cost=0.00..61283.27 rows=2528527 width=4) (actual time=0.013..4359.494 rows=2528312 loops=1)
Planning time: 1.128 ms
Execution time: 15862.609 ms
