Seq Scan on movie_companies mc  (cost=0.00..51404.11 rows=104 width=0) (actual time=406.303..2066.489 rows=3 loops=1)
  Filter: (company_id = 19122)
  Rows Removed by Filter: 2609126
Planning time: 0.403 ms
Execution time: 2066.574 ms
