Nested Loop  (cost=0.43..709673.15 rows=195 width=0) (actual time=11105.706..26796.400 rows=4 loops=1)
  ->  Seq Scan on cast_info ci  (cost=0.00..705507.15 rows=500 width=4) (actual time=11105.597..26795.721 rows=15 loops=1)
        Filter: (person_id = 2976606)
        Rows Removed by Filter: 36244329
  ->  Index Scan using title_pkey on title t  (cost=0.43..8.32 rows=1 width=4) (actual time=0.042..0.042 rows=0 loops=15)
        Index Cond: (id = ci.movie_id)
        Filter: (kind_id < 7)
        Rows Removed by Filter: 1
Planning time: 0.812 ms
Execution time: 26796.500 ms
