Hash Join  (cost=161776.54..527294.54 rows=86208 width=0) (actual time=2991.843..11518.405 rows=3415217 loops=1)
  Hash Cond: (mi.movie_id = t.id)
  ->  Seq Scan on movie_info mi  (cost=0.00..309384.22 rows=14739122 width=4) (actual time=0.008..4674.792 rows=14835720 loops=1)
  ->  Hash  (cost=161591.68..161591.68 rows=14789 width=8) (actual time=2804.771..2804.771 rows=28072 loops=1)
        Buckets: 32768 (originally 16384)  Batches: 1 (originally 1)  Memory Usage: 1353kB
        ->  Hash Join  (cost=74207.10..161591.68 rows=14789 width=8) (actual time=1096.938..2794.959 rows=28072 loops=1)
              Hash Cond: (mk.movie_id = t.id)
              ->  Seq Scan on movie_keyword mk  (cost=0.00..81003.12 rows=1662283 width=4) (actual time=0.030..1413.154 rows=1671530 loops=1)
                    Filter: (keyword_id > 8712)
                    Rows Removed by Filter: 2852400
              ->  Hash  (cost=73925.90..73925.90 rows=22496 width=4) (actual time=1095.397..1095.397 rows=13050 loops=1)
                    Buckets: 32768  Batches: 1  Memory Usage: 715kB
                    ->  Seq Scan on title t  (cost=0.00..73925.90 rows=22496 width=4) (actual time=49.152..1089.867 rows=13050 loops=1)
                          Filter: ((kind_id = 1) AND (production_year = 2004))
                          Rows Removed by Filter: 2515262
Planning time: 1.158 ms
Execution time: 11927.631 ms
