Seq Scan on movie_companies mc  (cost=0.00..51404.11 rows=537413 width=0) (actual time=0.018..2458.405 rows=540024 loops=1)
  Filter: (company_id > 72166)
  Rows Removed by Filter: 2069105
Planning time: 6.198 ms
Execution time: 2581.576 ms
