Hash Join  (cost=169359.33..1199594.23 rows=1391873 width=0) (actual time=9370.774..59088.048 rows=2315415 loops=1)
  Hash Cond: (ci.movie_id = t.id)
  ->  Seq Scan on cast_info ci  (cost=0.00..705507.15 rows=26836271 width=4) (actual time=0.012..36712.851 rows=27009413 loops=1)
        Filter: (person_id > 908593)
        Rows Removed by Filter: 9234931
  ->  Hash  (cost=167207.04..167207.04 rows=131143 width=8) (actual time=9369.898..9369.898 rows=134807 loops=1)
        Buckets: 131072  Batches: 2  Memory Usage: 3658kB
        ->  Hash Join  (cost=102767.86..167207.04 rows=131143 width=8) (actual time=5844.331..9323.134 rows=134807 loops=1)
              Hash Cond: (mc.movie_id = t.id)
              ->  Seq Scan on movie_companies mc  (cost=0.00..51404.11 rows=131143 width=4) (actual time=0.123..2132.507 rows=134807 loops=1)
                    Filter: (company_id < 27)
                    Rows Removed by Filter: 2474322
              ->  Hash  (cost=61283.27..61283.27 rows=2528527 width=4) (actual time=5827.888..5827.888 rows=2528312 loops=1)
                    Buckets: 131072  Batches: 64  Memory Usage: 2415kB
                    ->  Seq Scan on title t  (cost=0.00..61283.27 rows=2528527 width=4) (actual time=0.033..4072.773 rows=2528312 loops=1)
Planning time: 1.252 ms
Execution time: 59368.054 ms
