Seq Scan on movie_keyword mk  (cost=0.00..81003.12 rows=3753153 width=0) (actual time=0.037..3356.486 rows=3749292 loops=1)
  Filter: (keyword_id > 731)
  Rows Removed by Filter: 774638
Planning time: 0.430 ms
Execution time: 3868.771 ms
