Hash Join  (cost=232322.47..1012050.98 rows=1535381 width=0) (actual time=22659.456..57455.354 rows=9341266 loops=1)
  Hash Cond: (ci.movie_id = t.id)
  ->  Seq Scan on cast_info ci  (cost=0.00..705507.15 rows=4320508 width=4) (actual time=9741.537..38506.934 rows=4323018 loops=1)
        Filter: (role_id = 10)
        Rows Removed by Filter: 31921326
  ->  Hash  (cost=217579.42..217579.42 rows=898564 width=8) (actual time=12916.886..12916.886 rows=452037 loops=1)
        Buckets: 131072  Batches: 16  Memory Usage: 2171kB
        ->  Hash Join  (cost=76379.89..217579.42 rows=898564 width=8) (actual time=4437.443..12706.518 rows=452037 loops=1)
              Hash Cond: (mk.movie_id = t.id)
              ->  Seq Scan on movie_keyword mk  (cost=0.00..81003.12 rows=4248206 width=4) (actual time=0.032..5629.520 rows=4226510 loops=1)
                    Filter: (keyword_id > 242)
                    Rows Removed by Filter: 297420
              ->  Hash  (cost=67604.59..67604.59 rows=534824 width=4) (actual time=4435.725..4435.725 rows=533369 loops=1)
                    Buckets: 131072  Batches: 8  Memory Usage: 3376kB
                    ->  Seq Scan on title t  (cost=0.00..67604.59 rows=534824 width=4) (actual time=0.020..3807.353 rows=533369 loops=1)
                          Filter: (production_year > 2009)
                          Rows Removed by Filter: 1994943
Planning time: 1.091 ms
Execution time: 58653.792 ms
