Hash Join  (cost=263115.61..444717.22 rows=3826168 width=0) (actual time=12933.230..29261.129 rows=29670555 loops=1)
  Hash Cond: (mk.movie_id = t.id)
  ->  Seq Scan on movie_keyword mk  (cost=0.00..81003.12 rows=3707969 width=4) (actual time=0.027..4831.928 rows=3704871 loops=1)
        Filter: (keyword_id > 784)
        Rows Removed by Filter: 819059
  ->  Hash  (cost=220309.49..220309.49 rows=2609129 width=8) (actual time=12929.949..12929.949 rows=2609129 loops=1)
        Buckets: 131072  Batches: 64  Memory Usage: 2691kB
        ->  Hash Join  (cost=102767.86..220309.49 rows=2609129 width=8) (actual time=5763.947..12039.929 rows=2609129 loops=1)
              Hash Cond: (mc.movie_id = t.id)
              ->  Seq Scan on movie_companies mc  (cost=0.00..44881.29 rows=2609129 width=4) (actual time=0.014..2949.963 rows=2609129 loops=1)
              ->  Hash  (cost=61283.27..61283.27 rows=2528527 width=4) (actual time=5761.880..5761.880 rows=2528312 loops=1)
                    Buckets: 131072  Batches: 64  Memory Usage: 2415kB
                    ->  Seq Scan on title t  (cost=0.00..61283.27 rows=2528527 width=4) (actual time=0.021..4590.802 rows=2528312 loops=1)
Planning time: 1.057 ms
Execution time: 33634.062 ms
