Seq Scan on movie_keyword mk  (cost=0.00..81003.12 rows=246 width=0) (actual time=2.656..3275.996 rows=102 loops=1)
  Filter: (keyword_id = 1998)
  Rows Removed by Filter: 4523828
Planning time: 0.309 ms
Execution time: 3276.164 ms
