Hash Join  (cost=96190.11..893542.47 rows=4798 width=0) (actual time=7022.302..40093.564 rows=6848 loops=1)
  Hash Cond: (ci.movie_id = t.id)
  ->  Seq Scan on cast_info ci  (cost=0.00..796071.18 rows=328852 width=4) (actual time=2444.670..35477.825 rows=137722 loops=1)
        Filter: ((person_id < 3623155) AND (role_id > 10))
        Rows Removed by Filter: 36106622
  ->  Hash  (cost=95728.95..95728.95 rows=36893 width=8) (actual time=4577.149..4577.149 rows=45309 loops=1)
        Buckets: 65536  Batches: 1  Memory Usage: 2282kB
        ->  Hash Join  (cost=68449.54..95728.95 rows=36893 width=8) (actual time=3277.302..4557.986 rows=45309 loops=1)
              Hash Cond: (mi_idx.movie_id = t.id)
              ->  Seq Scan on movie_info_idx mi_idx  (cost=0.00..21735.35 rows=1380035 width=4) (actual time=0.024..884.848 rows=1380035 loops=1)
              ->  Hash  (cost=67604.59..67604.59 rows=67596 width=4) (actual time=3276.014..3276.014 rows=67777 loops=1)
                    Buckets: 131072  Batches: 1  Memory Usage: 3407kB
                    ->  Seq Scan on title t  (cost=0.00..67604.59 rows=67596 width=4) (actual time=0.021..3244.320 rows=67777 loops=1)
                          Filter: (production_year = 2003)
                          Rows Removed by Filter: 2460535
Planning time: 1.070 ms
Execution time: 40095.124 ms
