Hash Join  (cost=83580.70..919760.19 rows=907025 width=0) (actual time=13659.730..33141.634 rows=348 loops=1)
  Hash Cond: (ci.movie_id = t.id)
  ->  Seq Scan on cast_info ci  (cost=0.00..796071.18 rows=2355216 width=4) (actual time=9403.473..29478.493 rows=1901 loops=1)
        Filter: ((person_id < 1139976) AND (role_id = 2))
        Rows Removed by Filter: 36242443
  ->  Hash  (cost=67604.59..67604.59 rows=973769 width=4) (actual time=3486.529..3486.529 rows=971188 loops=1)
        Buckets: 131072  Batches: 16  Memory Usage: 3161kB
        ->  Seq Scan on title t  (cost=0.00..67604.59 rows=973769 width=4) (actual time=0.020..3170.934 rows=971188 loops=1)
              Filter: (production_year < 1999)
              Rows Removed by Filter: 1557124
Planning time: 0.675 ms
Execution time: 33141.780 ms
