Hash Join  (cost=67697.55..877550.37 rows=10725 width=0) (actual time=19084.916..33210.335 rows=6721 loops=1)
  Hash Cond: (ci.movie_id = t.id)
  ->  Seq Scan on cast_info ci  (cost=0.00..796071.18 rows=3646504 width=4) (actual time=16722.837..30333.548 rows=1695585 loops=1)
        Filter: ((person_id < 1652411) AND (role_id > 6))
        Rows Removed by Filter: 34548759
  ->  Hash  (cost=67604.59..67604.59 rows=7437 width=4) (actual time=2361.155..2361.155 rows=11153 loops=1)
        Buckets: 16384 (originally 8192)  Batches: 1 (originally 1)  Memory Usage: 521kB
        ->  Seq Scan on title t  (cost=0.00..67604.59 rows=7437 width=4) (actual time=0.093..2355.172 rows=11153 loops=1)
              Filter: (production_year = 1963)
              Rows Removed by Filter: 2517159
Planning time: 3.880 ms
Execution time: 33212.089 ms
