Seq Scan on movie_companies mc  (cost=0.00..57926.93 rows=994870 width=0) (actual time=0.024..992.461 rows=855707 loops=1)
  Filter: ((company_id > 632) AND (company_type_id = 1))
  Rows Removed by Filter: 1753422
Planning time: 0.381 ms
Execution time: 1099.536 ms
