Hash Join  (cost=69928.56..150523.92 rows=132286 width=0) (actual time=3329.582..7400.786 rows=106926 loops=1)
  Hash Cond: (mc.movie_id = t.id)
  ->  Seq Scan on movie_companies mc  (cost=0.00..51404.11 rows=2362237 width=4) (actual time=0.023..3029.471 rows=2367184 loops=1)
        Filter: (company_id > 108)
        Rows Removed by Filter: 241945
  ->  Hash  (cost=67604.59..67604.59 rows=141598 width=4) (actual time=3328.726..3328.726 rows=141703 loops=1)
        Buckets: 131072  Batches: 2  Memory Usage: 3511kB
        ->  Seq Scan on title t  (cost=0.00..67604.59 rows=141598 width=4) (actual time=0.028..3259.089 rows=141703 loops=1)
              Filter: (production_year = 2010)
              Rows Removed by Filter: 2386609
Planning time: 0.681 ms
Execution time: 7416.267 ms
