Hash Join  (cost=436709.20..561374.83 rows=218560 width=0) (actual time=19438.664..26870.299 rows=715768 loops=1)
  Hash Cond: (mk.movie_id = t.id)
  ->  Seq Scan on movie_keyword mk  (cost=0.00..69693.30 rows=4523930 width=4) (actual time=0.012..4084.461 rows=4523930 loops=1)
  ->  Hash  (cost=434704.22..434704.22 rows=122158 width=8) (actual time=19437.832..19437.832 rows=202222 loops=1)
        Buckets: 131072 (originally 131072)  Batches: 4 (originally 2)  Memory Usage: 3073kB
        ->  Hash Join  (cost=71587.82..434704.22 rows=122158 width=8) (actual time=7884.842..19361.050 rows=202222 loops=1)
              Hash Cond: (mi.movie_id = t.id)
              ->  Seq Scan on movie_info mi  (cost=0.00..346232.03 rows=1272478 width=4) (actual time=4173.401..14862.616 rows=1325361 loops=1)
                    Filter: (info_type_id = 8)
                    Rows Removed by Filter: 13510359
              ->  Hash  (cost=67604.59..67604.59 rows=242739 width=4) (actual time=3709.883..3709.883 rows=241400 loops=1)
                    Buckets: 131072  Batches: 4  Memory Usage: 3153kB
                    ->  Seq Scan on title t  (cost=0.00..67604.59 rows=242739 width=4) (actual time=0.053..3333.954 rows=241400 loops=1)
                          Filter: (production_year < 1960)
                          Rows Removed by Filter: 2286912
Planning time: 3.821 ms
Execution time: 26966.011 ms
