Hash Join  (cost=80384.28..434346.86 rows=73472 width=0) (actual time=5181.058..19358.520 rows=17563 loops=1)
  Hash Cond: (mi.movie_id = t.id)
  ->  Seq Scan on movie_info mi  (cost=0.00..346232.03 rows=471955 width=4) (actual time=160.751..14602.552 rows=543367 loops=1)
        Filter: (info_type_id > 98)
        Rows Removed by Filter: 14292353
  ->  Hash  (cost=73925.90..73925.90 rows=393630 width=4) (actual time=4125.497..4125.497 rows=401187 loops=1)
        Buckets: 131072  Batches: 8  Memory Usage: 2800kB
        ->  Seq Scan on title t  (cost=0.00..73925.90 rows=393630 width=4) (actual time=0.034..3960.240 rows=401187 loops=1)
              Filter: ((kind_id > 1) AND (production_year > 2009))
              Rows Removed by Filter: 2127125
Planning time: 3.751 ms
Execution time: 19361.161 ms
