Hash Join  (cost=931477.67..1014527.69 rows=580350 width=0) (actual time=42805.037..47439.449 rows=1316434 loops=1)
  Hash Cond: (mc.movie_id = t.id)
  ->  Seq Scan on movie_companies mc  (cost=0.00..44881.29 rows=2609129 width=4) (actual time=0.030..2666.667 rows=2609129 loops=1)
  ->  Hash  (cost=922250.40..922250.40 rows=562422 width=8) (actual time=42804.206..42804.206 rows=719283 loops=1)
        Buckets: 131072 (originally 131072)  Batches: 16 (originally 8)  Memory Usage: 3073kB
        ->  Hash Join  (cost=102767.86..922250.40 rows=562422 width=8) (actual time=26875.618..42574.978 rows=719283 loops=1)
              Hash Cond: (ci.movie_id = t.id)
              ->  Seq Scan on cast_info ci  (cost=0.00..796071.18 rows=562422 width=4) (actual time=21659.545..36266.416 rows=719283 loops=1)
                    Filter: ((person_id > 1325640) AND (role_id = 5))
                    Rows Removed by Filter: 35525061
              ->  Hash  (cost=61283.27..61283.27 rows=2528527 width=4) (actual time=5215.186..5215.186 rows=2528312 loops=1)
                    Buckets: 131072  Batches: 64  Memory Usage: 2415kB
                    ->  Seq Scan on title t  (cost=0.00..61283.27 rows=2528527 width=4) (actual time=0.014..4234.966 rows=2528312 loops=1)
Planning time: 1.062 ms
Execution time: 47594.228 ms
