Seq Scan on title t  (cost=0.00..73925.90 rows=78886 width=0) (actual time=0.015..1082.889 rows=74127 loops=1)
  Filter: ((kind_id < 4) AND (production_year > 2011))
  Rows Removed by Filter: 2454185
Planning time: 0.294 ms
Execution time: 1093.975 ms
