Hash Join  (cost=73962.22..167441.73 rows=3811 width=0) (actual time=1041.742..3080.488 rows=13890 loops=1)
  Hash Cond: (mk.movie_id = t.id)
  ->  Seq Scan on movie_keyword mk  (cost=0.00..81003.12 rows=3316874 width=4) (actual time=0.013..1525.581 rows=3308065 loops=1)
        Filter: (keyword_id < 15013)
        Rows Removed by Filter: 1215865
  ->  Hash  (cost=73925.90..73925.90 rows=2905 width=4) (actual time=1041.305..1041.305 rows=5291 loops=1)
        Buckets: 8192 (originally 4096)  Batches: 1 (originally 1)  Memory Usage: 251kB
        ->  Seq Scan on title t  (cost=0.00..73925.90 rows=2905 width=4) (actual time=0.614..1038.735 rows=5291 loops=1)
              Filter: ((kind_id < 7) AND (production_year = 1966))
              Rows Removed by Filter: 2523021
Planning time: 0.672 ms
Execution time: 3082.712 ms
