Hash Join  (cost=421505.08..1220431.21 rows=184 width=0) (actual time=12021.983..18202.685 rows=811 loops=1)
  Hash Cond: (ci.movie_id = t.id)
  ->  Seq Scan on cast_info ci  (cost=0.00..796071.18 rows=760829 width=4) (actual time=4962.018..10913.209 rows=1506349 loops=1)
        Filter: ((person_id < 206541) AND (role_id = 1))
        Rows Removed by Filter: 34737995
  ->  Hash  (cost=421497.46..421497.46 rows=610 width=8) (actual time=7059.422..7059.422 rows=651 loops=1)
        Buckets: 1024  Batches: 1  Memory Usage: 34kB
        ->  Hash Join  (cost=73982.55..421497.46 rows=610 width=8) (actual time=2259.191..7059.083 rows=651 loops=1)
              Hash Cond: (mi.movie_id = t.id)
              ->  Seq Scan on movie_info mi  (cost=0.00..346232.03 rows=340474 width=4) (actual time=987.582..5707.475 rows=328857 loops=1)
                    Filter: (info_type_id = 98)
                    Rows Removed by Filter: 14506863
              ->  Hash  (cost=73925.90..73925.90 rows=4532 width=4) (actual time=1269.452..1269.452 rows=7806 loops=1)
                    Buckets: 8192  Batches: 1  Memory Usage: 339kB
                    ->  Seq Scan on title t  (cost=0.00..73925.90 rows=4532 width=4) (actual time=0.069..1265.609 rows=7806 loops=1)
                          Filter: ((kind_id = 7) AND (production_year = 1981))
                          Rows Removed by Filter: 2520506
Planning time: 0.811 ms
Execution time: 18203.030 ms
