Seq Scan on cast_info ci  (cost=0.00..705507.15 rows=19367316 width=0) (actual time=0.043..12526.691 rows=19529802 loops=1)
  Filter: (person_id > 1654689)
  Rows Removed by Filter: 16714542
Planning time: 0.324 ms
Execution time: 14974.550 ms
