Hash Join  (cost=171645.95..909633.68 rows=735160 width=0) (actual time=4471.296..17329.931 rows=1743780 loops=1)
  Hash Cond: (ci.movie_id = t.id)
  ->  Seq Scan on cast_info ci  (cost=0.00..705507.15 rows=1830128 width=4) (actual time=285.131..11128.001 rows=1868959 loops=1)
        Filter: (person_id > 3693019)
        Rows Removed by Filter: 34375385
  ->  Hash  (cost=154981.62..154981.62 rows=1015706 width=8) (actual time=4185.120..4185.120 rows=750135 loops=1)
        Buckets: 131072  Batches: 16  Memory Usage: 2867kB
        ->  Hash Join  (cost=98137.04..154981.62 rows=1015706 width=8) (actual time=2292.990..3953.190 rows=750135 loops=1)
              Hash Cond: (mi_idx.movie_id = t.id)
              ->  Seq Scan on movie_info_idx mi_idx  (cost=0.00..21735.35 rows=1380035 width=4) (actual time=0.028..462.038 rows=1380035 loops=1)
              ->  Hash  (cost=67604.59..67604.59 rows=1860996 width=4) (actual time=2291.874..2291.874 rows=1865487 loops=1)
                    Buckets: 131072  Batches: 32  Memory Usage: 3079kB
                    ->  Seq Scan on title t  (cost=0.00..67604.59 rows=1860996 width=4) (actual time=0.026..1424.251 rows=1865487 loops=1)
                          Filter: (kind_id > 1)
                          Rows Removed by Filter: 662825
Planning time: 1.245 ms
Execution time: 17539.220 ms
