Seq Scan on movie_keyword mk  (cost=0.00..81003.12 rows=246 width=0) (actual time=8.609..2760.131 rows=924 loops=1)
  Filter: (keyword_id = 5547)
  Rows Removed by Filter: 4523006
Planning time: 0.770 ms
Execution time: 2760.614 ms
