Seq Scan on cast_info ci  (cost=0.00..796071.18 rows=5010028 width=0) (actual time=4979.925..18029.463 rows=6388187 loops=1)
  Filter: ((person_id > 1289389) AND (role_id > 6))
  Rows Removed by Filter: 29856157
Planning time: 0.366 ms
Execution time: 18806.366 ms
