Nested Loop  (cost=0.43..83072.29 rows=88 width=0) (actual time=2.702..1234.592 rows=268 loops=1)
  ->  Seq Scan on movie_keyword mk  (cost=0.00..81003.12 rows=246 width=4) (actual time=1.922..1201.088 rows=1187 loops=1)
        Filter: (keyword_id = 282)
        Rows Removed by Filter: 4522743
  ->  Index Scan using title_pkey on title t  (cost=0.43..8.40 rows=1 width=4) (actual time=0.027..0.027 rows=0 loops=1187)
        Index Cond: (id = mk.movie_id)
        Filter: (production_year > 2006)
        Rows Removed by Filter: 1
Planning time: 1.110 ms
Execution time: 1234.867 ms
