Nested Loop  (cost=0.43..799579.33 rows=420 width=0) (actual time=13049.495..14289.388 rows=1 loops=1)
  ->  Seq Scan on cast_info ci  (cost=0.00..796071.18 rows=420 width=4) (actual time=13049.377..14289.267 rows=1 loops=1)
        Filter: ((role_id < 9) AND (person_id = 3247283))
        Rows Removed by Filter: 36244343
  ->  Index Only Scan using title_pkey on title t  (cost=0.43..8.34 rows=1 width=4) (actual time=0.085..0.086 rows=1 loops=1)
        Index Cond: (id = ci.movie_id)
        Heap Fetches: 1
Planning time: 0.556 ms
Execution time: 14289.451 ms
