Seq Scan on movie_keyword mk  (cost=0.00..81003.12 rows=2381106 width=0) (actual time=0.016..1600.255 rows=2372779 loops=1)
  Filter: (keyword_id > 4041)
  Rows Removed by Filter: 2151151
Planning time: 0.280 ms
Execution time: 1903.953 ms
