Hash Join  (cost=74071.18..128856.62 rows=11992 width=0) (actual time=1106.451..2295.421 rows=21228 loops=1)
  Hash Cond: (mc.movie_id = t.id)
  ->  Seq Scan on movie_companies mc  (cost=0.00..44881.29 rows=2609129 width=4) (actual time=0.020..611.603 rows=2609129 loops=1)
  ->  Hash  (cost=73925.90..73925.90 rows=11622 width=4) (actual time=1105.981..1105.981 rows=11141 loops=1)
        Buckets: 16384  Batches: 1  Memory Usage: 520kB
        ->  Seq Scan on title t  (cost=0.00..73925.90 rows=11622 width=4) (actual time=0.146..1100.830 rows=11141 loops=1)
              Filter: ((kind_id < 7) AND (production_year = 1994))
              Rows Removed by Filter: 2517171
Planning time: 10.790 ms
Execution time: 2298.988 ms
