Hash Join  (cost=146860.37..1019799.57 rows=191648 width=0) (actual time=2701.394..26953.702 rows=1508027 loops=1)
  Hash Cond: (ci.movie_id = t.id)
  ->  Seq Scan on cast_info ci  (cost=0.00..796071.18 rows=19987076 width=4) (actual time=1.072..16690.557 rows=18085713 loops=1)
        Filter: ((person_id < 3105947) AND (role_id > 1))
        Rows Removed by Filter: 18158631
  ->  Hash  (cost=146557.31..146557.31 rows=24245 width=8) (actual time=2699.985..2699.985 rows=121309 loops=1)
        Buckets: 131072 (originally 32768)  Batches: 2 (originally 1)  Memory Usage: 3402kB
        ->  Hash Join  (cost=83810.17..146557.31 rows=24245 width=8) (actual time=1543.430..2657.751 rows=121309 loops=1)
              Hash Cond: (mc.movie_id = t.id)
              ->  Seq Scan on movie_companies mc  (cost=0.00..57926.93 rows=62067 width=4) (actual time=0.023..837.608 rows=121309 loops=1)
                    Filter: ((company_id > 145628) AND (company_type_id > 1))
                    Rows Removed by Filter: 2487820
              ->  Hash  (cost=67604.59..67604.59 rows=987727 width=4) (actual time=1542.547..1542.547 rows=985048 loops=1)
                    Buckets: 131072  Batches: 16  Memory Usage: 3188kB
                    ->  Seq Scan on title t  (cost=0.00..67604.59 rows=987727 width=4) (actual time=0.020..1239.453 rows=985048 loops=1)
                          Filter: (kind_id < 7)
                          Rows Removed by Filter: 1543264
Planning time: 3.451 ms
Execution time: 27146.408 ms
