Hash Join  (cost=231239.88..1189259.99 rows=4261010 width=0) (actual time=13358.641..27522.644 rows=2666483 loops=1)
  Hash Cond: (ci.movie_id = t.id)
  ->  Seq Scan on cast_info ci  (cost=0.00..796071.18 rows=9955428 width=4) (actual time=8660.726..16835.617 rows=12670688 loops=1)
        Filter: ((person_id < 2891263) AND (role_id < 2))
        Rows Removed by Filter: 23573656
  ->  Hash  (cost=213483.99..213483.99 rows=1082231 width=8) (actual time=4696.599..4696.599 rows=277753 loops=1)
        Buckets: 131072  Batches: 16  Memory Usage: 1716kB
        ->  Hash Join  (cost=92883.59..213483.99 rows=1082231 width=8) (actual time=3316.692..4611.550 rows=277753 loops=1)
              Hash Cond: (mk.movie_id = t.id)
              ->  Seq Scan on movie_keyword mk  (cost=0.00..81003.12 rows=1775994 width=4) (actual time=0.027..1644.830 rows=1778082 loops=1)
                    Filter: (keyword_id > 7777)
                    Rows Removed by Filter: 2745848
              ->  Hash  (cost=67604.59..67604.59 rows=1540800 width=4) (actual time=1773.093..1773.093 rows=1543264 loops=1)
                    Buckets: 131072  Batches: 32  Memory Usage: 2728kB
                    ->  Seq Scan on title t  (cost=0.00..67604.59 rows=1540800 width=4) (actual time=0.018..1268.291 rows=1543264 loops=1)
                          Filter: (kind_id = 7)
                          Rows Removed by Filter: 985048
Planning time: 0.897 ms
Execution time: 27809.260 ms
