Seq Scan on cast_info ci  (cost=0.00..796071.18 rows=6955442 width=0) (actual time=0.036..14864.961 rows=3060950 loops=1)
  Filter: ((person_id < 2748759) AND (role_id > 4))
  Rows Removed by Filter: 33183394
Planning time: 0.331 ms
Execution time: 15243.464 ms
