Hash Join  (cost=156632.57..282946.58 rows=596371 width=0) (actual time=3398.082..7113.144 rows=2507102 loops=1)
  Hash Cond: (mk.movie_id = t.id)
  ->  Seq Scan on movie_keyword mk  (cost=0.00..81003.12 rows=3245914 width=4) (actual time=0.025..1723.527 rows=3236421 loops=1)
        Filter: (keyword_id < 13738)
        Rows Removed by Filter: 1287509
  ->  Hash  (cost=149010.49..149010.49 rows=464566 width=8) (actual time=3397.392..3397.392 rows=459925 loops=1)
        Buckets: 131072  Batches: 8  Memory Usage: 3284kB
        ->  Hash Join  (cost=102767.86..149010.49 rows=464566 width=8) (actual time=1916.921..3246.786 rows=459925 loops=1)
              Hash Cond: (mi_idx.movie_id = t.id)
              ->  Seq Scan on movie_info_idx mi_idx  (cost=0.00..25185.44 rows=464566 width=4) (actual time=0.021..476.191 rows=459925 loops=1)
                    Filter: (info_type_id = 101)
                    Rows Removed by Filter: 920110
              ->  Hash  (cost=61283.27..61283.27 rows=2528527 width=4) (actual time=1915.620..1915.620 rows=2528312 loops=1)
                    Buckets: 131072  Batches: 64  Memory Usage: 2415kB
                    ->  Seq Scan on title t  (cost=0.00..61283.27 rows=2528527 width=4) (actual time=0.009..1080.724 rows=2528312 loops=1)
Planning time: 1.167 ms
Execution time: 7392.642 ms
