Seq Scan on movie_keyword mk  (cost=0.00..81003.12 rows=507012 width=0) (actual time=0.027..1347.520 rows=498634 loops=1)
  Filter: (keyword_id > 36179)
  Rows Removed by Filter: 4025296
Planning time: 0.299 ms
Execution time: 1416.054 ms
