Nested Loop  (cost=0.43..58358.27 rows=51 width=0) (actual time=480.576..787.327 rows=21 loops=1)
  ->  Seq Scan on movie_companies mc  (cost=0.00..57926.93 rows=51 width=4) (actual time=480.501..786.442 rows=21 loops=1)
        Filter: ((company_id = 15240) AND (company_type_id = 1))
        Rows Removed by Filter: 2609108
  ->  Index Only Scan using title_pkey on title t  (cost=0.43..8.45 rows=1 width=4) (actual time=0.037..0.037 rows=1 loops=21)
        Index Cond: (id = mc.movie_id)
        Heap Fetches: 21
Planning time: 0.726 ms
Execution time: 787.414 ms
