Hash Join  (cost=102767.86..254773.66 rows=2540226 width=0) (actual time=1907.173..5836.795 rows=2539938 loops=1)
  Hash Cond: (mk.movie_id = t.id)
  ->  Seq Scan on movie_keyword mk  (cost=0.00..81003.12 rows=2540226 width=4) (actual time=0.021..1639.033 rows=2539938 loops=1)
        Filter: (keyword_id > 3509)
        Rows Removed by Filter: 1983992
  ->  Hash  (cost=61283.27..61283.27 rows=2528527 width=4) (actual time=1905.137..1905.137 rows=2528312 loops=1)
        Buckets: 131072  Batches: 64  Memory Usage: 2425kB
        ->  Seq Scan on title t  (cost=0.00..61283.27 rows=2528527 width=4) (actual time=0.013..1056.623 rows=2528312 loops=1)
Planning time: 0.728 ms
Execution time: 6140.658 ms
