Seq Scan on movie_companies mc  (cost=0.00..51404.11 rows=339584 width=0) (actual time=0.024..831.059 rows=342084 loops=1)
  Filter: (company_id > 89075)
  Rows Removed by Filter: 2267045
Planning time: 0.316 ms
Execution time: 873.688 ms
