Hash Join  (cost=82131.75..435952.06 rows=95964 width=0) (actual time=5757.558..6801.093 rows=51304 loops=1)
  Hash Cond: (mi.movie_id = t.id)
  ->  Seq Scan on movie_info mi  (cost=0.00..346232.03 rows=274038 width=4) (actual time=4309.689..5074.790 rows=306788 loops=1)
        Filter: (info_type_id > 105)
        Rows Removed by Filter: 14528932
  ->  Hash  (cost=67604.59..67604.59 rows=885453 width=4) (actual time=1418.023..1418.023 rows=885650 loops=1)
        Buckets: 131072  Batches: 16  Memory Usage: 2979kB
        ->  Seq Scan on title t  (cost=0.00..67604.59 rows=885453 width=4) (actual time=0.037..1124.215 rows=885650 loops=1)
              Filter: (production_year < 1997)
              Rows Removed by Filter: 1642662
Planning time: 0.557 ms
Execution time: 6807.974 ms
