Hash Join  (cost=129140.58..210483.16 rows=559 width=0) (actual time=2465.371..3727.526 rows=12809 loops=1)
  Hash Cond: (mk.movie_id = t.id)
  ->  Seq Scan on movie_keyword mk  (cost=0.00..81003.12 rows=89032 width=4) (actual time=0.009..1233.091 rows=99544 loops=1)
        Filter: (keyword_id < 87)
        Rows Removed by Filter: 4424386
  ->  Hash  (cost=128942.27..128942.27 rows=15865 width=8) (actual time=2463.097..2463.097 rows=22222 loops=1)
        Buckets: 32768 (originally 16384)  Batches: 1 (originally 1)  Memory Usage: 1125kB
        ->  Hash Join  (cost=74118.09..128942.27 rows=15865 width=8) (actual time=1152.837..2453.978 rows=22222 loops=1)
              Hash Cond: (mc.movie_id = t.id)
              ->  Seq Scan on movie_companies mc  (cost=0.00..44881.29 rows=2609129 width=4) (actual time=0.015..742.277 rows=2609129 loops=1)
              ->  Hash  (cost=73925.90..73925.90 rows=15375 width=4) (actual time=1152.688..1152.688 rows=8740 loops=1)
                    Buckets: 16384  Batches: 1  Memory Usage: 436kB
                    ->  Seq Scan on title t  (cost=0.00..73925.90 rows=15375 width=4) (actual time=169.304..1148.630 rows=8740 loops=1)
                          Filter: ((kind_id = 1) AND (production_year = 2001))
                          Rows Removed by Filter: 2519572
Planning time: 1.174 ms
Execution time: 3729.447 ms
