Seq Scan on movie_keyword mk  (cost=0.00..81003.12 rows=2358425 width=0) (actual time=0.029..1279.033 rows=2361094 loops=1)
  Filter: (keyword_id < 5309)
  Rows Removed by Filter: 2162836
Planning time: 0.311 ms
Execution time: 1550.223 ms
