Hash Join  (cost=286313.15..926958.23 rows=13347026 width=0) (actual time=6713.680..46139.805 rows=126255713 loops=1)
  Hash Cond: (mi.movie_id = t.id)
  ->  Seq Scan on movie_info mi  (cost=0.00..309384.22 rows=14739122 width=4) (actual time=0.010..5870.614 rows=14835720 loops=1)
  ->  Hash  (cost=248746.77..248746.77 rows=2289710 width=8) (actual time=6712.583..6712.583 rows=2296988 loops=1)
        Buckets: 131072  Batches: 32  Memory Usage: 3886kB
        ->  Hash Join  (cost=102767.86..248746.77 rows=2289710 width=8) (actual time=1942.912..6082.778 rows=2296988 loops=1)
              Hash Cond: (mk.movie_id = t.id)
              ->  Seq Scan on movie_keyword mk  (cost=0.00..81003.12 rows=2289710 width=4) (actual time=0.015..1639.488 rows=2296988 loops=1)
                    Filter: (keyword_id > 4574)
                    Rows Removed by Filter: 2226942
              ->  Hash  (cost=61283.27..61283.27 rows=2528527 width=4) (actual time=1942.066..1942.066 rows=2528312 loops=1)
                    Buckets: 131072  Batches: 64  Memory Usage: 2425kB
                    ->  Seq Scan on title t  (cost=0.00..61283.27 rows=2528527 width=4) (actual time=0.023..1051.220 rows=2528312 loops=1)
Planning time: 1.831 ms
Execution time: 59208.260 ms
