Hash Join  (cost=315862.71..1240874.55 rows=5379871 width=0) (actual time=7516.483..36939.986 rows=41760182 loops=1)
  Hash Cond: (ci.movie_id = t.id)
  ->  Seq Scan on cast_info ci  (cost=0.00..796071.18 rows=4504472 width=4) (actual time=0.019..13956.817 rows=10090931 loops=1)
        Filter: ((person_id > 2706967) AND (role_id > 2))
        Rows Removed by Filter: 26153413
  ->  Hash  (cost=266316.70..266316.70 rows=3019921 width=8) (actual time=7514.395..7514.395 rows=3001282 loops=1)
        Buckets: 131072  Batches: 64  Memory Usage: 2876kB
        ->  Hash Join  (cost=102767.86..266316.70 rows=3019921 width=8) (actual time=1922.158..6666.211 rows=3001282 loops=1)
              Hash Cond: (mk.movie_id = t.id)
              ->  Seq Scan on movie_keyword mk  (cost=0.00..81003.12 rows=3019921 width=4) (actual time=0.014..1789.503 rows=3001282 loops=1)
                    Filter: (keyword_id < 10565)
                    Rows Removed by Filter: 1522648
              ->  Hash  (cost=61283.27..61283.27 rows=2528527 width=4) (actual time=1920.292..1920.292 rows=2528312 loops=1)
                    Buckets: 131072  Batches: 64  Memory Usage: 2425kB
                    ->  Seq Scan on title t  (cost=0.00..61283.27 rows=2528527 width=4) (actual time=0.013..1037.238 rows=2528312 loops=1)
Planning time: 1.123 ms
Execution time: 41663.120 ms
