Hash Join  (cost=100942.06..465605.68 rows=769 width=0) (actual time=969.425..7100.750 rows=4621 loops=1)
  Hash Cond: (mi.movie_id = t.id)
  ->  Seq Scan on movie_info mi  (cost=0.00..309384.22 rows=14739122 width=4) (actual time=0.013..3552.784 rows=14835720 loops=1)
  ->  Hash  (cost=100940.41..100940.41 rows=132 width=8) (actual time=958.220..958.220 rows=31 loops=1)
        Buckets: 1024  Batches: 1  Memory Usage: 10kB
        ->  Nested Loop  (cost=0.43..100940.41 rows=132 width=8) (actual time=1.355..958.172 rows=31 loops=1)
              ->  Seq Scan on movie_companies mc  (cost=0.00..57926.93 rows=6014 width=4) (actual time=0.029..839.874 rows=6008 loops=1)
                    Filter: ((company_type_id < 2) AND (company_id = 846))
                    Rows Removed by Filter: 2603121
              ->  Index Scan using title_pkey on title t  (cost=0.43..7.14 rows=1 width=4) (actual time=0.019..0.019 rows=0 loops=6008)
                    Index Cond: (id = mc.movie_id)
                    Filter: ((kind_id < 7) AND (production_year = 2010))
                    Rows Removed by Filter: 1
Planning time: 1.040 ms
Execution time: 7101.729 ms
