Hash Join  (cost=709678.15..736591.36 rows=273 width=0) (actual time=10922.778..11302.893 rows=64 loops=1)
  Hash Cond: (mi_idx.movie_id = t.id)
  ->  Seq Scan on movie_info_idx mi_idx  (cost=0.00..21735.35 rows=1380035 width=4) (actual time=0.017..224.516 rows=1380035 loops=1)
  ->  Hash  (cost=709671.90..709671.90 rows=500 width=8) (actual time=10906.269..10906.269 rows=571 loops=1)
        Buckets: 1024  Batches: 1  Memory Usage: 31kB
        ->  Nested Loop  (cost=0.43..709671.90 rows=500 width=8) (actual time=4462.867..10905.995 rows=571 loops=1)
              ->  Seq Scan on cast_info ci  (cost=0.00..705507.15 rows=500 width=4) (actual time=4462.664..10891.170 rows=571 loops=1)
                    Filter: (person_id = 2220115)
                    Rows Removed by Filter: 36243773
              ->  Index Only Scan using title_pkey on title t  (cost=0.43..8.32 rows=1 width=4) (actual time=0.025..0.025 rows=1 loops=571)
                    Index Cond: (id = ci.movie_id)
                    Heap Fetches: 571
Planning time: 1.169 ms
Execution time: 11303.013 ms
