Hash Join  (cost=263115.61..432470.49 rows=3307842 width=0) (actual time=6863.105..16087.584 rows=24673778 loops=1)
  Hash Cond: (mk.movie_id = t.id)
  ->  Seq Scan on movie_keyword mk  (cost=0.00..81003.12 rows=3205655 width=4) (actual time=0.030..1676.542 rows=3192880 loops=1)
        Filter: (keyword_id < 12940)
        Rows Removed by Filter: 1331050
  ->  Hash  (cost=220309.49..220309.49 rows=2609129 width=8) (actual time=6861.740..6861.740 rows=2609129 loops=1)
        Buckets: 131072  Batches: 64  Memory Usage: 2691kB
        ->  Hash Join  (cost=102767.86..220309.49 rows=2609129 width=8) (actual time=2352.817..6016.661 rows=2609129 loops=1)
              Hash Cond: (mc.movie_id = t.id)
              ->  Seq Scan on movie_companies mc  (cost=0.00..44881.29 rows=2609129 width=4) (actual time=0.019..820.986 rows=2609129 loops=1)
              ->  Hash  (cost=61283.27..61283.27 rows=2528527 width=4) (actual time=2351.410..2351.410 rows=2528312 loops=1)
                    Buckets: 131072  Batches: 64  Memory Usage: 2415kB
                    ->  Seq Scan on title t  (cost=0.00..61283.27 rows=2528527 width=4) (actual time=0.018..912.649 rows=2528312 loops=1)
Planning time: 1.240 ms
Execution time: 18968.262 ms
