Hash Join  (cost=109517.01..164572.58 rows=39005 width=0) (actual time=2240.268..4074.425 rows=370914 loops=1)
  Hash Cond: (mc.movie_id = t.id)
  ->  Seq Scan on movie_companies mc  (cost=0.00..44881.29 rows=2609129 width=4) (actual time=0.020..699.695 rows=2609129 loops=1)
  ->  Hash  (cost=109044.51..109044.51 rows=37800 width=8) (actual time=2239.853..2239.853 rows=101402 loops=1)
        Buckets: 131072 (originally 65536)  Batches: 2 (originally 1)  Memory Usage: 3073kB
        ->  Hash Join  (cost=77299.57..109044.51 rows=37800 width=8) (actual time=1410.632..2200.132 rows=101402 loops=1)
              Hash Cond: (mi_idx.movie_id = t.id)
              ->  Seq Scan on movie_info_idx mi_idx  (cost=0.00..25185.44 rows=464934 width=4) (actual time=0.015..463.779 rows=460185 loops=1)
                    Filter: (info_type_id > 100)
                    Rows Removed by Filter: 919850
              ->  Hash  (cost=73925.90..73925.90 rows=205573 width=4) (actual time=1409.855..1409.855 rows=336290 loops=1)
                    Buckets: 131072  Batches: 4  Memory Usage: 3982kB
                    ->  Seq Scan on title t  (cost=0.00..73925.90 rows=205573 width=4) (actual time=409.194..1303.263 rows=336290 loops=1)
                          Filter: ((production_year < 1994) AND (kind_id = 1))
                          Rows Removed by Filter: 2192022
Planning time: 1.097 ms
Execution time: 4120.298 ms
