Hash Join  (cost=477150.74..519071.49 rows=246427 width=0) (actual time=8165.544..9448.564 rows=596896 loops=1)
  Hash Cond: (mi_idx.movie_id = t.id)
  ->  Seq Scan on movie_info_idx mi_idx  (cost=0.00..21735.35 rows=1380035 width=4) (actual time=0.020..459.623 rows=1380035 loops=1)
  ->  Hash  (cost=469742.89..469742.89 rows=451508 width=8) (actual time=8164.731..8164.731 rows=474443 loops=1)
        Buckets: 131072  Batches: 8  Memory Usage: 3338kB
        ->  Hash Join  (cost=102767.86..469742.89 rows=451508 width=8) (actual time=5245.664..8027.041 rows=474443 loops=1)
              Hash Cond: (mi.movie_id = t.id)
              ->  Seq Scan on movie_info mi  (cost=0.00..346232.03 rows=451508 width=4) (actual time=3222.657..5162.761 rows=474443 loops=1)
                    Filter: (info_type_id = 6)
                    Rows Removed by Filter: 14361277
              ->  Hash  (cost=61283.27..61283.27 rows=2528527 width=4) (actual time=2021.317..2021.317 rows=2528312 loops=1)
                    Buckets: 131072  Batches: 64  Memory Usage: 2425kB
                    ->  Seq Scan on title t  (cost=0.00..61283.27 rows=2528527 width=4) (actual time=0.035..1170.739 rows=2528312 loops=1)
Planning time: 1.469 ms
Execution time: 9516.225 ms
