Seq Scan on movie_keyword mk  (cost=0.00..81003.12 rows=2808057 width=0) (actual time=0.023..1487.525 rows=2799392 loops=1)
  Filter: (keyword_id < 8222)
  Rows Removed by Filter: 1724538
Planning time: 0.312 ms
Execution time: 1838.756 ms
