Hash Join  (cost=345671.01..2047030.18 rows=49710606 width=0) (actual time=8349.297..77119.415 rows=151202609 loops=1)
  Hash Cond: (ci.movie_id = t.id)
  ->  Seq Scan on cast_info ci  (cost=0.00..705507.15 rows=31554923 width=4) (actual time=0.024..17697.110 rows=31605208 loops=1)
        Filter: (role_id < 10)
        Rows Removed by Filter: 4639136
  ->  Hash  (cost=280319.01..280319.01 rows=3983360 width=8) (actual time=8347.909..8347.909 rows=4348171 loops=1)
        Buckets: 131072  Batches: 64  Memory Usage: 3716kB
        ->  Hash Join  (cost=104131.46..280319.01 rows=3983360 width=8) (actual time=2091.328..7199.488 rows=4348171 loops=1)
              Hash Cond: (mk.movie_id = t.id)
              ->  Seq Scan on movie_keyword mk  (cost=0.00..69693.30 rows=4523930 width=4) (actual time=0.012..1381.430 rows=4523930 loops=1)
              ->  Hash  (cost=67604.59..67604.59 rows=2226390 width=4) (actual time=2090.306..2090.306 rows=2224569 loops=1)
                    Buckets: 131072  Batches: 32  Memory Usage: 3472kB
                    ->  Seq Scan on title t  (cost=0.00..67604.59 rows=2226390 width=4) (actual time=0.029..1373.120 rows=2224569 loops=1)
                          Filter: (production_year < 2012)
                          Rows Removed by Filter: 303743
Planning time: 3.579 ms
Execution time: 92819.028 ms
