Hash Join  (cost=81711.23..591030.75 rows=2765959 width=0) (actual time=1393.140..14750.602 rows=1425913 loops=1)
  Hash Cond: (mi.movie_id = t.id)
  ->  Seq Scan on movie_info mi  (cost=0.00..309384.22 rows=14739122 width=4) (actual time=0.018..6075.696 rows=14835720 loops=1)
  ->  Hash  (cost=73925.90..73925.90 rows=474506 width=4) (actual time=1216.816..1216.816 rows=360459 loops=1)
        Buckets: 131072  Batches: 8  Memory Usage: 2601kB
        ->  Seq Scan on title t  (cost=0.00..73925.90 rows=474506 width=4) (actual time=267.841..1094.731 rows=360459 loops=1)
              Filter: ((production_year < 1994) AND (kind_id = 7))
              Rows Removed by Filter: 2167853
Planning time: 0.517 ms
Execution time: 14911.666 ms
