Hash Join  (cost=173320.64..694508.37 rows=3878280 width=0) (actual time=4153.793..23017.257 rows=21429640 loops=1)
  Hash Cond: (mi.movie_id = t.id)
  ->  Seq Scan on movie_info mi  (cost=0.00..309384.22 rows=14739122 width=4) (actual time=0.023..6249.563 rows=14835720 loops=1)
  ->  Hash  (cost=162405.06..162405.06 rows=665327 width=8) (actual time=4152.987..4152.987 rows=1004592 loops=1)
        Buckets: 131072  Batches: 16  Memory Usage: 3521kB
        ->  Hash Join  (cost=78183.26..162405.06 rows=665327 width=8) (actual time=1307.950..3871.439 rows=1004592 loops=1)
              Hash Cond: (mc.movie_id = t.id)
              ->  Seq Scan on movie_companies mc  (cost=0.00..44881.29 rows=2609129 width=4) (actual time=0.024..940.679 rows=2609129 loops=1)
              ->  Hash  (cost=67604.59..67604.59 rows=644774 width=4) (actual time=1307.024..1307.024 rows=642973 loops=1)
                    Buckets: 131072  Batches: 16  Memory Usage: 2432kB
                    ->  Seq Scan on title t  (cost=0.00..67604.59 rows=644774 width=4) (actual time=0.021..1094.713 rows=642973 loops=1)
                          Filter: (production_year < 1988)
                          Rows Removed by Filter: 1885339
Planning time: 2.864 ms
Execution time: 25424.762 ms
