Seq Scan on movie_keyword mk  (cost=0.00..81003.12 rows=246 width=0) (actual time=80.023..1275.634 rows=20 loops=1)
  Filter: (keyword_id = 20709)
  Rows Removed by Filter: 4523910
Planning time: 0.360 ms
Execution time: 1275.732 ms
