Hash Join  (cost=140908.34..507159.82 rows=159555 width=0) (actual time=2268.865..9293.865 rows=43435 loops=1)
  Hash Cond: (mi.movie_id = t.id)
  ->  Seq Scan on movie_info mi  (cost=0.00..309384.22 rows=14739122 width=4) (actual time=0.020..4252.267 rows=14835720 loops=1)
  ->  Hash  (cost=140566.19..140566.19 rows=27372 width=8) (actual time=2268.296..2268.296 rows=1400 loops=1)
        Buckets: 32768  Batches: 1  Memory Usage: 311kB
        ->  Hash Join  (cost=78556.72..140566.19 rows=27372 width=8) (actual time=1644.612..2267.453 rows=1400 loops=1)
              Hash Cond: (mc.movie_id = t.id)
              ->  Seq Scan on movie_companies mc  (cost=0.00..57926.93 rows=103683 width=4) (actual time=186.874..822.787 rows=42016 loops=1)
                    Filter: ((company_id < 67) AND (company_type_id = 2))
                    Rows Removed by Filter: 2567113
              ->  Hash  (cost=67604.59..67604.59 rows=667531 width=4) (actual time=1316.670..1316.670 rows=662825 loops=1)
                    Buckets: 131072  Batches: 16  Memory Usage: 2476kB
                    ->  Seq Scan on title t  (cost=0.00..67604.59 rows=667531 width=4) (actual time=481.725..1110.458 rows=662825 loops=1)
                          Filter: (kind_id = 1)
                          Rows Removed by Filter: 1865487
Planning time: 1.192 ms
Execution time: 9300.963 ms
