Seq Scan on movie_companies mc  (cost=0.00..57926.93 rows=2175 width=0) (actual time=0.154..1007.893 rows=2629 loops=1)
  Filter: ((company_type_id < 2) AND (company_id = 11146))
  Rows Removed by Filter: 2606500
Planning time: 0.404 ms
Execution time: 1008.532 ms
