Hash Join  (cost=83810.17..154271.49 rows=219052 width=0) (actual time=1586.904..3072.255 rows=284034 loops=1)
  Hash Cond: (mc.movie_id = t.id)
  ->  Seq Scan on movie_companies mc  (cost=0.00..57926.93 rows=560762 width=4) (actual time=0.027..1061.890 rows=284034 loops=1)
        Filter: ((company_id > 13086) AND (company_type_id < 2))
        Rows Removed by Filter: 2325095
  ->  Hash  (cost=67604.59..67604.59 rows=987727 width=4) (actual time=1585.708..1585.708 rows=985048 loops=1)
        Buckets: 131072  Batches: 16  Memory Usage: 3188kB
        ->  Seq Scan on title t  (cost=0.00..67604.59 rows=987727 width=4) (actual time=0.019..1272.016 rows=985048 loops=1)
              Filter: (kind_id < 7)
              Rows Removed by Filter: 1543264
Planning time: 0.747 ms
Execution time: 3109.840 ms
