Hash Join  (cost=547165.20..722319.56 rows=3898541 width=0) (actual time=10770.862..21116.010 rows=29462035 loops=1)
  Hash Cond: (mk.movie_id = t.id)
  ->  Seq Scan on movie_keyword mk  (cost=0.00..69693.30 rows=4523930 width=4) (actual time=0.018..1495.338 rows=4523930 loops=1)
  ->  Hash  (cost=511415.91..511415.91 rows=2178983 width=8) (actual time=10770.004..10770.004 rows=2248320 loops=1)
        Buckets: 131072  Batches: 32  Memory Usage: 3854kB
        ->  Hash Join  (cost=97066.09..511415.91 rows=2178983 width=8) (actual time=2565.814..10157.157 rows=2248320 loops=1)
              Hash Cond: (mi.movie_id = t.id)
              ->  Seq Scan on movie_info mi  (cost=0.00..346232.03 rows=3068194 width=4) (actual time=700.654..5570.611 rows=3036719 loops=1)
                    Filter: (info_type_id = 16)
                    Rows Removed by Filter: 11799001
              ->  Hash  (cost=67604.59..67604.59 rows=1795720 width=4) (actual time=1863.711..1863.711 rows=1794153 loops=1)
                    Buckets: 131072  Batches: 32  Memory Usage: 3001kB
                    ->  Seq Scan on title t  (cost=0.00..67604.59 rows=1795720 width=4) (actual time=0.026..1271.471 rows=1794153 loops=1)
                          Filter: (production_year < 2009)
                          Rows Removed by Filter: 734159
Planning time: 1.089 ms
Execution time: 24298.855 ms
