Hash Join  (cost=132398.02..886305.84 rows=311865 width=0) (actual time=2587.747..20186.865 rows=1476251 loops=1)
  Hash Cond: (ci.movie_id = t.id)
  ->  Seq Scan on cast_info ci  (cost=0.00..614943.12 rows=36225612 width=4) (actual time=0.016..8537.127 rows=36244344 loops=1)
  ->  Hash  (cost=132125.92..132125.92 rows=21768 width=8) (actual time=2587.433..2587.433 rows=20354 loops=1)
        Buckets: 32768  Batches: 1  Memory Usage: 1052kB
        ->  Hash Join  (cost=74344.78..132125.92 rows=21768 width=8) (actual time=1184.535..2579.782 rows=20354 loops=1)
              Hash Cond: (mc.movie_id = t.id)
              ->  Seq Scan on movie_companies mc  (cost=0.00..51404.11 rows=1642493 width=4) (actual time=0.015..1042.846 rows=1629718 loops=1)
                    Filter: (company_id < 17460)
                    Rows Removed by Filter: 979411
              ->  Hash  (cost=73925.90..73925.90 rows=33510 width=4) (actual time=1184.043..1184.043 rows=22107 loops=1)
                    Buckets: 65536  Batches: 1  Memory Usage: 1290kB
                    ->  Seq Scan on title t  (cost=0.00..73925.90 rows=33510 width=4) (actual time=388.803..1174.992 rows=22107 loops=1)
                          Filter: ((kind_id = 1) AND (production_year = 2008))
                          Rows Removed by Filter: 2506205
Planning time: 1.209 ms
Execution time: 20377.651 ms
