Nested Loop  (cost=0.43..83072.90 rows=6 width=0) (actual time=116.087..1449.851 rows=8 loops=1)
  ->  Seq Scan on movie_keyword mk  (cost=0.00..81003.12 rows=246 width=4) (actual time=0.194..1318.546 rows=2830 loops=1)
        Filter: (keyword_id = 2837)
        Rows Removed by Filter: 4521100
  ->  Index Scan using title_pkey on title t  (cost=0.43..8.40 rows=1 width=4) (actual time=0.046..0.046 rows=0 loops=2830)
        Index Cond: (id = mk.movie_id)
        Filter: ((kind_id = 7) AND (production_year = 2005))
        Rows Removed by Filter: 1
Planning time: 0.686 ms
Execution time: 1449.964 ms
