Seq Scan on movie_keyword mk  (cost=0.00..81003.12 rows=246 width=0) (actual time=0.488..1321.671 rows=1820 loops=1)
  Filter: (keyword_id = 323)
  Rows Removed by Filter: 4522110
Planning time: 0.382 ms
Execution time: 1322.328 ms
