Seq Scan on cast_info ci  (cost=0.00..796071.18 rows=23250508 width=0) (actual time=2853.450..17586.406 rows=24130698 loops=1)
  Filter: ((person_id < 3831384) AND (role_id < 4))
  Rows Removed by Filter: 12113646
Planning time: 0.334 ms
Execution time: 20534.626 ms
