Hash Join  (cost=98498.33..232133.91 rows=1584686 width=0) (actual time=3665.912..4840.005 rows=354914 loops=1)
  Hash Cond: (mk.movie_id = t.id)
  ->  Seq Scan on movie_keyword mk  (cost=0.00..81003.12 rows=2675358 width=4) (actual time=0.018..1592.328 rows=2669563 loops=1)
        Filter: (keyword_id < 7465)
        Rows Removed by Filter: 1854367
  ->  Hash  (cost=73925.90..73925.90 rows=1497714 width=4) (actual time=1831.389..1831.389 rows=1478440 loops=1)
        Buckets: 131072  Batches: 32  Memory Usage: 2656kB
        ->  Seq Scan on title t  (cost=0.00..73925.90 rows=1497714 width=4) (actual time=0.026..1330.707 rows=1478440 loops=1)
              Filter: ((production_year > 0) AND (kind_id = 7))
              Rows Removed by Filter: 1049872
Planning time: 0.735 ms
Execution time: 4875.039 ms
