Hash Join  (cost=187274.45..680431.78 rows=1251239 width=0) (actual time=3806.610..19098.461 rows=12049744 loops=1)
  Hash Cond: (mi.movie_id = t.id)
  ->  Seq Scan on movie_info mi  (cost=0.00..309384.22 rows=14739122 width=4) (actual time=0.024..5824.672 rows=14835720 loops=1)
  ->  Hash  (cost=183752.28..183752.28 rows=214653 width=8) (actual time=3805.744..3805.744 rows=365463 loops=1)
        Buckets: 131072 (originally 131072)  Batches: 8 (originally 4)  Memory Usage: 3073kB
        ->  Hash Join  (cost=71214.36..183752.28 rows=214653 width=8) (actual time=1199.453..3707.069 rows=365463 loops=1)
              Hash Cond: (mk.movie_id = t.id)
              ->  Seq Scan on movie_keyword mk  (cost=0.00..81003.12 rows=2467271 width=4) (actual time=0.023..1516.861 rows=2464153 loops=1)
                    Filter: (keyword_id < 5921)
                    Rows Removed by Filter: 2059777
              ->  Hash  (cost=67604.59..67604.59 rows=219982 width=4) (actual time=1198.699..1198.699 rows=221115 loops=1)
                    Buckets: 131072  Batches: 4  Memory Usage: 2973kB
                    ->  Seq Scan on title t  (cost=0.00..67604.59 rows=219982 width=4) (actual time=0.048..1121.000 rows=221115 loops=1)
                          Filter: (production_year < 1958)
                          Rows Removed by Filter: 2307197
Planning time: 1.137 ms
Execution time: 20499.677 ms
