Hash Join  (cost=73970.97..128673.69 rows=3720 width=0) (actual time=1040.729..2170.565 rows=27017 loops=1)
  Hash Cond: (mc.movie_id = t.id)
  ->  Seq Scan on movie_companies mc  (cost=0.00..44881.29 rows=2609129 width=4) (actual time=0.016..556.328 rows=2609129 loops=1)
  ->  Hash  (cost=73925.90..73925.90 rows=3605 width=4) (actual time=1040.663..1040.663 rows=13851 loops=1)
        Buckets: 16384 (originally 4096)  Batches: 1 (originally 1)  Memory Usage: 615kB
        ->  Seq Scan on title t  (cost=0.00..73925.90 rows=3605 width=4) (actual time=112.261..1035.156 rows=13851 loops=1)
              Filter: ((production_year < 1904) AND (kind_id = 1))
              Rows Removed by Filter: 2514461
Planning time: 0.688 ms
Execution time: 2174.811 ms
