Seq Scan on cast_info ci  (cost=0.00..796071.18 rows=703951 width=0) (actual time=884.715..12917.896 rows=2639792 loops=1)
  Filter: ((person_id > 3051240) AND (role_id = 10))
  Rows Removed by Filter: 33604552
Planning time: 0.343 ms
Execution time: 13265.831 ms
