Hash Join  (cost=77761.90..572108.01 rows=1362618 width=0) (actual time=1461.376..15379.192 rows=4296219 loops=1)
  Hash Cond: (mi.movie_id = t.id)
  ->  Seq Scan on movie_info mi  (cost=0.00..309384.22 rows=14739122 width=4) (actual time=0.024..6120.311 rows=14835720 loops=1)
  ->  Hash  (cost=73925.90..73925.90 rows=233760 width=4) (actual time=1460.362..1460.362 rows=353075 loops=1)
        Buckets: 131072 (originally 131072)  Batches: 8 (originally 4)  Memory Usage: 3073kB
        ->  Seq Scan on title t  (cost=0.00..73925.90 rows=233760 width=4) (actual time=334.391..1332.551 rows=353075 loops=1)
              Filter: ((production_year < 1997) AND (kind_id = 1))
              Rows Removed by Filter: 2175237
Planning time: 0.781 ms
Execution time: 15862.854 ms
