Hash Join  (cost=247732.48..1553369.57 rows=22053788 width=0) (actual time=7218.341..78625.000 rows=181996306 loops=1)
  Hash Cond: (ci.movie_id = t.id)
  ->  Seq Scan on cast_info ci  (cost=0.00..614943.12 rows=36225612 width=4) (actual time=0.025..13448.691 rows=36244344 loops=1)
  ->  Hash  (cost=222476.71..222476.71 rows=1539342 width=8) (actual time=7215.635..7215.635 rows=3320711 loops=1)
        Buckets: 131072 (originally 131072)  Batches: 64 (originally 32)  Memory Usage: 3104kB
        ->  Hash Join  (cost=81720.25..222476.71 rows=1539342 width=8) (actual time=1403.480..6261.582 rows=3320711 loops=1)
              Hash Cond: (mk.movie_id = t.id)
              ->  Seq Scan on movie_keyword mk  (cost=0.00..69693.30 rows=4523930 width=4) (actual time=0.013..1457.687 rows=4523930 loops=1)
              ->  Hash  (cost=67604.59..67604.59 rows=860373 width=4) (actual time=1402.781..1402.781 rows=854214 loops=1)
                    Buckets: 131072  Batches: 16  Memory Usage: 2906kB
                    ->  Seq Scan on title t  (cost=0.00..67604.59 rows=860373 width=4) (actual time=0.035..1134.849 rows=854214 loops=1)
                          Filter: (kind_id < 4)
                          Rows Removed by Filter: 1674098
Planning time: 1.019 ms
Execution time: 97337.547 ms
