Hash Join  (cost=797960.46..884622.51 rows=401 width=0) (actual time=15201.429..16215.908 rows=6 loops=1)
  Hash Cond: (mk.movie_id = t.id)
  ->  Seq Scan on movie_keyword mk  (cost=0.00..69693.30 rows=4523930 width=4) (actual time=0.023..1153.442 rows=4523930 loops=1)
  ->  Hash  (cost=797957.66..797957.66 rows=224 width=8) (actual time=14327.760..14327.760 rows=1 loops=1)
        Buckets: 1024  Batches: 1  Memory Usage: 9kB
        ->  Nested Loop  (cost=0.43..797957.66 rows=224 width=8) (actual time=11692.207..14327.732 rows=1 loops=1)
              ->  Seq Scan on cast_info ci  (cost=0.00..796071.18 rows=224 width=4) (actual time=11692.052..14327.573 rows=1 loops=1)
                    Filter: ((role_id > 2) AND (person_id = 416234))
                    Rows Removed by Filter: 36244343
              ->  Index Only Scan using title_pkey on title t  (cost=0.43..8.41 rows=1 width=4) (actual time=0.084..0.085 rows=1 loops=1)
                    Index Cond: (id = ci.movie_id)
                    Heap Fetches: 1
Planning time: 1.182 ms
Execution time: 16216.009 ms
