Hash Join  (cost=161394.02..587123.47 rows=968585 width=0) (actual time=3281.920..12490.046 rows=1546304 loops=1)
  Hash Cond: (mi.movie_id = t.id)
  ->  Seq Scan on movie_info mi  (cost=0.00..346232.03 rows=5897221 width=4) (actual time=0.015..6057.839 rows=5884963 loops=1)
        Filter: (info_type_id < 7)
        Rows Removed by Filter: 8950757
  ->  Hash  (cost=154579.82..154579.82 rows=415296 width=8) (actual time=3281.050..3281.050 rows=352801 loops=1)
        Buckets: 131072  Batches: 8  Memory Usage: 2739kB
        ->  Hash Join  (cost=80562.70..154579.82 rows=415296 width=8) (actual time=1358.841..3174.766 rows=352801 loops=1)
              Hash Cond: (mc.movie_id = t.id)
              ->  Seq Scan on movie_companies mc  (cost=0.00..51404.11 rows=1329612 width=4) (actual time=0.020..985.347 rows=1334883 loops=1)
                    Filter: (company_type_id = 2)
                    Rows Removed by Filter: 1274246
              ->  Hash  (cost=67604.59..67604.59 rows=789769 width=4) (actual time=1357.893..1357.893 rows=784926 loops=1)
                    Buckets: 131072  Batches: 16  Memory Usage: 2749kB
                    ->  Seq Scan on title t  (cost=0.00..67604.59 rows=789769 width=4) (actual time=0.023..1096.814 rows=784926 loops=1)
                          Filter: (production_year > 2007)
                          Rows Removed by Filter: 1743386
Planning time: 1.127 ms
Execution time: 12683.263 ms
