Hash Join  (cost=190230.21..331798.25 rows=1769203 width=0) (actual time=4235.285..9127.960 rows=7558121 loops=1)
  Hash Cond: (mk.movie_id = t.id)
  ->  Seq Scan on movie_keyword mk  (cost=0.00..81003.12 rows=3241568 width=4) (actual time=0.025..1800.616 rows=3227858 loops=1)
        Filter: (keyword_id > 1681)
        Rows Removed by Filter: 1296072
  ->  Hash  (cost=167588.78..167588.78 rows=1380035 width=8) (actual time=4233.999..4233.999 rows=1380035 loops=1)
        Buckets: 131072  Batches: 32  Memory Usage: 2726kB
        ->  Hash Join  (cost=102767.86..167588.78 rows=1380035 width=8) (actual time=1963.800..3841.606 rows=1380035 loops=1)
              Hash Cond: (mi_idx.movie_id = t.id)
              ->  Seq Scan on movie_info_idx mi_idx  (cost=0.00..21735.35 rows=1380035 width=4) (actual time=0.022..414.883 rows=1380035 loops=1)
              ->  Hash  (cost=61283.27..61283.27 rows=2528527 width=4) (actual time=1962.513..1962.513 rows=2528312 loops=1)
                    Buckets: 131072  Batches: 64  Memory Usage: 2415kB
                    ->  Seq Scan on title t  (cost=0.00..61283.27 rows=2528527 width=4) (actual time=0.017..1116.396 rows=2528312 loops=1)
Planning time: 1.143 ms
Execution time: 9875.311 ms
