Hash Join  (cost=103604.85..1448921.90 rows=25916487 width=0) (actual time=2140.303..41295.408 rows=25478849 loops=1)
  Hash Cond: (ci.movie_id = t.id)
  ->  Seq Scan on cast_info ci  (cost=0.00..614943.12 rows=36225612 width=4) (actual time=0.021..13603.382 rows=36244344 loops=1)
  ->  Hash  (cost=73925.90..73925.90 rows=1808956 width=4) (actual time=2139.244..2139.244 rows=1799907 loops=1)
        Buckets: 131072  Batches: 32  Memory Usage: 3007kB
        ->  Seq Scan on title t  (cost=0.00..73925.90 rows=1808956 width=4) (actual time=0.024..1547.382 rows=1799907 loops=1)
              Filter: ((kind_id > 1) AND (production_year > 0))
              Rows Removed by Filter: 728405
Planning time: 0.765 ms
Execution time: 43983.443 ms
