Seq Scan on movie_keyword mk  (cost=0.00..81003.12 rows=1863385 width=0) (actual time=0.028..1363.728 rows=1869820 loops=1)
  Filter: (keyword_id > 7363)
  Rows Removed by Filter: 2654110
Planning time: 0.356 ms
Execution time: 1574.309 ms
