Hash Join  (cost=102767.86..200664.77 rows=1521649 width=0) (actual time=1907.160..4381.921 rows=1526803 loops=1)
  Hash Cond: (mc.movie_id = t.id)
  ->  Seq Scan on movie_companies mc  (cost=0.00..51404.11 rows=1521649 width=4) (actual time=0.020..960.649 rows=1526803 loops=1)
        Filter: (company_id > 6941)
        Rows Removed by Filter: 1082326
  ->  Hash  (cost=61283.27..61283.27 rows=2528527 width=4) (actual time=1906.145..1906.145 rows=2528312 loops=1)
        Buckets: 131072  Batches: 64  Memory Usage: 2415kB
        ->  Seq Scan on title t  (cost=0.00..61283.27 rows=2528527 width=4) (actual time=0.020..1056.931 rows=2528312 loops=1)
Planning time: 0.708 ms
Execution time: 4537.204 ms
