Seq Scan on cast_info ci  (cost=0.00..796071.18 rows=29874846 width=0) (actual time=0.024..15510.407 rows=29808119 loops=1)
  Filter: ((person_id > 184376) AND (role_id < 10))
  Rows Removed by Filter: 6436225
Planning time: 0.329 ms
Execution time: 18689.551 ms
