Hash Join  (cost=166652.58..1221487.01 rows=3023691 width=0) (actual time=3687.518..31530.706 rows=3205126 loops=1)
  Hash Cond: (ci.movie_id = t.id)
  ->  Seq Scan on cast_info ci  (cost=0.00..705507.15 rows=27503032 width=4) (actual time=0.010..15149.820 rows=27517723 loops=1)
        Filter: (person_id < 2817796)
        Rows Removed by Filter: 8726621
  ->  Hash  (cost=162091.74..162091.74 rows=277987 width=8) (actual time=3686.704..3686.704 rows=164120 loops=1)
        Buckets: 131072  Batches: 4  Memory Usage: 2649kB
        ->  Hash Join  (cost=78670.55..162091.74 rows=277987 width=8) (actual time=1349.175..3632.168 rows=164120 loops=1)
              Hash Cond: (mc.movie_id = t.id)
              ->  Seq Scan on movie_companies mc  (cost=0.00..51404.11 rows=2430722 width=4) (actual time=0.011..1103.523 rows=2429979 loops=1)
                    Filter: (company_id < 120635)
                    Rows Removed by Filter: 179150
              ->  Hash  (cost=73925.90..73925.90 rows=289172 width=4) (actual time=1348.248..1348.248 rows=292674 loops=1)
                    Buckets: 131072  Batches: 4  Memory Usage: 3617kB
                    ->  Seq Scan on title t  (cost=0.00..73925.90 rows=289172 width=4) (actual time=0.014..1246.999 rows=292674 loops=1)
                          Filter: ((kind_id > 1) AND (production_year > 2010))
                          Rows Removed by Filter: 2235638
Planning time: 1.220 ms
Execution time: 31947.804 ms
