Seq Scan on movie_companies mc  (cost=0.00..57926.93 rows=651091 width=0) (actual time=0.030..1023.884 rows=888083 loops=1)
  Filter: ((company_id < 11373) AND (company_type_id = 1))
  Rows Removed by Filter: 1721046
Planning time: 0.385 ms
Execution time: 1148.830 ms
