Hash Join  (cost=67697.55..161583.52 rows=10026 width=0) (actual time=1134.696..3099.092 rows=25660 loops=1)
  Hash Cond: (mk.movie_id = t.id)
  ->  Seq Scan on movie_keyword mk  (cost=0.00..81003.12 rows=3408689 width=4) (actual time=0.024..1421.206 rows=3400897 loops=1)
        Filter: (keyword_id > 1202)
        Rows Removed by Filter: 1123033
  ->  Hash  (cost=67604.59..67604.59 rows=7437 width=4) (actual time=1133.418..1133.418 rows=13623 loops=1)
        Buckets: 16384 (originally 8192)  Batches: 1 (originally 1)  Memory Usage: 607kB
        ->  Seq Scan on title t  (cost=0.00..67604.59 rows=7437 width=4) (actual time=0.085..1126.512 rows=13623 loops=1)
              Filter: (production_year = 1972)
              Rows Removed by Filter: 2514689
Planning time: 0.722 ms
Execution time: 3102.803 ms
