Hash Join  (cost=97377.02..1027554.93 rows=7194004 width=0) (actual time=5308.308..25110.980 rows=7452696 loops=1)
  Hash Cond: (ci.movie_id = t.id)
  ->  Seq Scan on cast_info ci  (cost=0.00..705507.15 rows=12726058 width=4) (actual time=3274.649..14120.057 rows=12670688 loops=1)
        Filter: (role_id = 1)
        Rows Removed by Filter: 23573656
  ->  Hash  (cost=73925.90..73925.90 rows=1429369 width=4) (actual time=2032.690..2032.690 rows=1550375 loops=1)
        Buckets: 131072  Batches: 32  Memory Usage: 2738kB
        ->  Seq Scan on title t  (cost=0.00..73925.90 rows=1429369 width=4) (actual time=0.028..1520.744 rows=1550375 loops=1)
              Filter: ((kind_id > 1) AND (production_year > 1980))
              Rows Removed by Filter: 977937
Planning time: 4.371 ms
Execution time: 25963.419 ms
