Hash Join  (cost=79863.89..1166932.34 rows=5185128 width=0) (actual time=1377.758..33264.410 rows=6456140 loops=1)
  Hash Cond: (ci.movie_id = t.id)
  ->  Seq Scan on cast_info ci  (cost=0.00..614943.12 rows=36225612 width=4) (actual time=0.006..12887.495 rows=36244344 loops=1)
  ->  Hash  (cost=73925.90..73925.90 rows=361919 width=4) (actual time=1376.465..1376.465 rows=470371 loops=1)
        Buckets: 131072  Batches: 8  Memory Usage: 3103kB
        ->  Seq Scan on title t  (cost=0.00..73925.90 rows=361919 width=4) (actual time=0.022..1207.035 rows=470371 loops=1)
              Filter: ((kind_id < 7) AND (production_year < 1998))
              Rows Removed by Filter: 2057941
Planning time: 0.746 ms
Execution time: 34031.194 ms
