Hash Join  (cost=107891.44..841510.45 rows=74341 width=0) (actual time=1745.322..16115.698 rows=60267 loops=1)
  Hash Cond: (ci.movie_id = t.id)
  ->  Seq Scan on cast_info ci  (cost=0.00..705507.15 rows=7298253 width=4) (actual time=0.012..13004.666 rows=7451973 loops=1)
        Filter: (role_id = 2)
        Rows Removed by Filter: 28792371
  ->  Hash  (cost=107569.49..107569.49 rows=25756 width=8) (actual time=1744.904..1744.904 rows=10287 loops=1)
        Buckets: 32768  Batches: 1  Memory Usage: 658kB
        ->  Hash Join  (cost=76243.83..107569.49 rows=25756 width=8) (actual time=1334.633..1740.627 rows=10287 loops=1)
              Hash Cond: (mi_idx.movie_id = t.id)
              ->  Seq Scan on movie_info_idx mi_idx  (cost=0.00..25185.44 rows=460978 width=4) (actual time=0.014..427.811 rows=459925 loops=1)
                    Filter: (info_type_id < 100)
                    Rows Removed by Filter: 920110
              ->  Hash  (cost=73925.90..73925.90 rows=141274 width=4) (actual time=1098.867..1098.867 rows=150659 loops=1)
                    Buckets: 131072  Batches: 2  Memory Usage: 3673kB
                    ->  Seq Scan on title t  (cost=0.00..73925.90 rows=141274 width=4) (actual time=0.015..1043.628 rows=150659 loops=1)
                          Filter: ((production_year > 2011) AND (kind_id = 7))
                          Rows Removed by Filter: 2377653
Planning time: 1.142 ms
Execution time: 16125.170 ms
