Hash Join  (cost=190230.21..270055.94 rows=738471 width=0) (actual time=4305.969..7037.316 rows=2217263 loops=1)
  Hash Cond: (mc.movie_id = t.id)
  ->  Seq Scan on movie_companies mc  (cost=0.00..51404.11 rows=1353041 width=4) (actual time=0.012..979.706 rows=1341262 loops=1)
        Filter: (company_id < 11460)
        Rows Removed by Filter: 1267867
  ->  Hash  (cost=167588.78..167588.78 rows=1380035 width=8) (actual time=4304.498..4304.498 rows=1380035 loops=1)
        Buckets: 131072  Batches: 32  Memory Usage: 2708kB
        ->  Hash Join  (cost=102767.86..167588.78 rows=1380035 width=8) (actual time=1878.438..3879.067 rows=1380035 loops=1)
              Hash Cond: (mi_idx.movie_id = t.id)
              ->  Seq Scan on movie_info_idx mi_idx  (cost=0.00..21735.35 rows=1380035 width=4) (actual time=0.026..457.133 rows=1380035 loops=1)
              ->  Hash  (cost=61283.27..61283.27 rows=2528527 width=4) (actual time=1876.919..1876.919 rows=2528312 loops=1)
                    Buckets: 131072  Batches: 64  Memory Usage: 2415kB
                    ->  Seq Scan on title t  (cost=0.00..61283.27 rows=2528527 width=4) (actual time=0.006..1062.703 rows=2528312 loops=1)
Planning time: 10.343 ms
Execution time: 7296.892 ms
