Hash Join  (cost=70308.29..132489.66 rows=19253 width=0) (actual time=1513.987..1975.126 rows=452 loops=1)
  Hash Cond: (mc.movie_id = t.id)
  ->  Seq Scan on movie_companies mc  (cost=0.00..57926.93 rows=295442 width=4) (actual time=454.636..891.412 rows=5940 loops=1)
        Filter: ((company_id > 65485) AND (company_type_id < 2))
        Rows Removed by Filter: 2603189
  ->  Hash  (cost=67604.59..67604.59 rows=164776 width=4) (actual time=1058.281..1058.281 rows=164307 loops=1)
        Buckets: 131072  Batches: 4  Memory Usage: 2482kB
        ->  Seq Scan on title t  (cost=0.00..67604.59 rows=164776 width=4) (actual time=0.021..998.441 rows=164307 loops=1)
              Filter: (production_year = 2012)
              Rows Removed by Filter: 2364005
Planning time: 0.697 ms
Execution time: 1975.612 ms
