Hash Join  (cost=154744.04..642333.61 rows=729464 width=0) (actual time=3169.442..14429.716 rows=458200 loops=1)
  Hash Cond: (mi.movie_id = t.id)
  ->  Seq Scan on movie_info mi  (cost=0.00..309384.22 rows=14739122 width=4) (actual time=0.025..6088.259 rows=14835720 loops=1)
  ->  Hash  (cost=152690.78..152690.78 rows=125141 width=8) (actual time=3168.618..3168.618 rows=69484 loops=1)
        Buckets: 131072  Batches: 2  Memory Usage: 2388kB
        ->  Hash Join  (cost=75915.84..152690.78 rows=125141 width=8) (actual time=1286.112..3142.619 rows=69484 loops=1)
              Hash Cond: (mc.movie_id = t.id)
              ->  Seq Scan on movie_companies mc  (cost=0.00..44881.29 rows=2609129 width=4) (actual time=0.044..866.070 rows=2609129 loops=1)
              ->  Hash  (cost=73925.90..73925.90 rows=121275 width=4) (actual time=1284.484..1284.484 rows=124747 loops=1)
                    Buckets: 131072  Batches: 2  Memory Usage: 3219kB
                    ->  Seq Scan on title t  (cost=0.00..73925.90 rows=121275 width=4) (actual time=0.124..1234.333 rows=124747 loops=1)
                          Filter: ((kind_id > 1) AND (production_year = 2012))
                          Rows Removed by Filter: 2403565
Planning time: 1.185 ms
Execution time: 14480.850 ms
