Hash Join  (cost=461741.11..1358529.12 rows=1435320 width=0) (actual time=9157.808..27965.733 rows=4558853 loops=1)
  Hash Cond: (ci.movie_id = t.id)
  ->  Seq Scan on cast_info ci  (cost=0.00..796071.18 rows=7301239 width=4) (actual time=1858.312..13808.967 rows=9519155 loops=1)
        Filter: ((person_id < 1299901) AND (role_id < 3))
        Rows Removed by Filter: 26725189
  ->  Hash  (cost=453585.71..453585.71 rows=497072 width=8) (actual time=7298.536..7298.536 rows=1038977 loops=1)
        Buckets: 131072 (originally 131072)  Batches: 16 (originally 8)  Memory Usage: 3560kB
        ->  Hash Join  (cost=83810.17..453585.71 rows=497072 width=8) (actual time=4494.954..6983.737 rows=1038977 loops=1)
              Hash Cond: (mi.movie_id = t.id)
              ->  Seq Scan on movie_info mi  (cost=0.00..346232.03 rows=1272478 width=4) (actual time=3137.688..4122.184 rows=1325361 loops=1)
                    Filter: (info_type_id = 8)
                    Rows Removed by Filter: 13510359
              ->  Hash  (cost=67604.59..67604.59 rows=987727 width=4) (actual time=1356.347..1356.347 rows=985048 loops=1)
                    Buckets: 131072  Batches: 16  Memory Usage: 3197kB
                    ->  Seq Scan on title t  (cost=0.00..67604.59 rows=987727 width=4) (actual time=0.033..1048.853 rows=985048 loops=1)
                          Filter: (kind_id < 7)
                          Rows Removed by Filter: 1543264
Planning time: 3.785 ms
Execution time: 28512.656 ms
