Nested Loop  (cost=0.43..83071.67 rows=246 width=0) (actual time=0.926..1433.920 rows=1535 loops=1)
  ->  Seq Scan on movie_keyword mk  (cost=0.00..81003.12 rows=246 width=4) (actual time=0.872..1364.202 rows=1535 loops=1)
        Filter: (keyword_id = 2193)
        Rows Removed by Filter: 4522395
  ->  Index Only Scan using title_pkey on title t  (cost=0.43..8.40 rows=1 width=4) (actual time=0.044..0.044 rows=1 loops=1535)
        Index Cond: (id = mk.movie_id)
        Heap Fetches: 1535
Planning time: 0.877 ms
Execution time: 1434.500 ms
