Seq Scan on title t  (cost=0.00..67604.59 rows=147160 width=0) (actual time=24.689..1017.186 rows=149680 loops=1)
  Filter: (production_year < 1944)
  Rows Removed by Filter: 2378632
Planning time: 0.315 ms
Execution time: 1036.835 ms
