Hash Join  (cost=203256.70..342863.21 rows=1444948 width=0) (actual time=4747.165..13392.662 rows=23738392 loops=1)
  Hash Cond: (mk.movie_id = t.id)
  ->  Seq Scan on movie_keyword mk  (cost=0.00..69693.30 rows=4523930 width=4) (actual time=0.009..1425.480 rows=4523930 loops=1)
  ->  Hash  (cost=190006.52..190006.52 rows=807614 width=8) (actual time=4746.316..4746.316 rows=1108859 loops=1)
        Buckets: 131072  Batches: 16  Memory Usage: 3779kB
        ->  Hash Join  (cost=102767.86..190006.52 rows=807614 width=8) (actual time=1829.393..4419.591 rows=1108859 loops=1)
              Hash Cond: (mc.movie_id = t.id)
              ->  Seq Scan on movie_companies mc  (cost=0.00..57926.93 rows=807614 width=4) (actual time=0.032..1154.052 rows=1108859 loops=1)
                    Filter: ((company_id < 17626) AND (company_type_id = 1))
                    Rows Removed by Filter: 1500270
              ->  Hash  (cost=61283.27..61283.27 rows=2528527 width=4) (actual time=1827.031..1827.031 rows=2528312 loops=1)
                    Buckets: 131072  Batches: 64  Memory Usage: 2415kB
                    ->  Seq Scan on title t  (cost=0.00..61283.27 rows=2528527 width=4) (actual time=0.022..1006.345 rows=2528312 loops=1)
Planning time: 6.391 ms
Execution time: 15905.433 ms
