Seq Scan on movie_keyword mk  (cost=0.00..81003.12 rows=2450906 width=0) (actual time=0.014..1624.436 rows=2450166 loops=1)
  Filter: (keyword_id < 5852)
  Rows Removed by Filter: 2073764
Planning time: 0.298 ms
Execution time: 1933.563 ms
