Seq Scan on movie_keyword mk  (cost=0.00..81003.12 rows=2297766 width=0) (actual time=0.022..1495.166 rows=2303545 loops=1)
  Filter: (keyword_id < 4935)
  Rows Removed by Filter: 2220385
Planning time: 0.334 ms
Execution time: 1787.423 ms
