Hash Join  (cost=98137.04..226013.31 rows=1444915 width=0) (actual time=2006.765..4977.676 rows=717593 loops=1)
  Hash Cond: (mk.movie_id = t.id)
  ->  Seq Scan on movie_keyword mk  (cost=0.00..81003.12 rows=1963199 width=4) (actual time=0.015..1576.850 rows=1968266 loops=1)
        Filter: (keyword_id > 6434)
        Rows Removed by Filter: 2555664
  ->  Hash  (cost=67604.59..67604.59 rows=1860996 width=4) (actual time=2005.761..2005.761 rows=1865487 loops=1)
        Buckets: 131072  Batches: 32  Memory Usage: 3085kB
        ->  Seq Scan on title t  (cost=0.00..67604.59 rows=1860996 width=4) (actual time=0.023..1375.270 rows=1865487 loops=1)
              Filter: (kind_id > 1)
              Rows Removed by Filter: 662825
Planning time: 0.773 ms
Execution time: 5062.294 ms
