Hash Join  (cost=75746.63..200167.52 rows=198485 width=0) (actual time=1471.994..3703.033 rows=5311 loops=1)
  Hash Cond: (mk.movie_id = t.id)
  ->  Seq Scan on movie_keyword mk  (cost=0.00..69693.30 rows=4523930 width=4) (actual time=0.016..1435.963 rows=4523930 loops=1)
  ->  Hash  (cost=73925.90..73925.90 rows=110938 width=4) (actual time=973.153..973.153 rows=10233 loops=1)
        Buckets: 131072  Batches: 2  Memory Usage: 1212kB
        ->  Seq Scan on title t  (cost=0.00..73925.90 rows=110938 width=4) (actual time=182.997..967.925 rows=10233 loops=1)
              Filter: ((production_year < 1953) AND (kind_id = 7))
              Rows Removed by Filter: 2518079
Planning time: 0.740 ms
Execution time: 3703.778 ms
