Hash Join  (cost=102767.86..159947.97 rows=919057 width=0) (actual time=1863.433..3338.867 rows=920110 loops=1)
  Hash Cond: (mi_idx.movie_id = t.id)
  ->  Seq Scan on movie_info_idx mi_idx  (cost=0.00..25185.44 rows=919057 width=4) (actual time=0.023..587.652 rows=920110 loops=1)
        Filter: (info_type_id > 99)
        Rows Removed by Filter: 459925
  ->  Hash  (cost=61283.27..61283.27 rows=2528527 width=4) (actual time=1861.246..1861.246 rows=2528312 loops=1)
        Buckets: 131072  Batches: 64  Memory Usage: 2415kB
        ->  Seq Scan on title t  (cost=0.00..61283.27 rows=2528527 width=4) (actual time=0.025..997.921 rows=2528312 loops=1)
Planning time: 7.685 ms
Execution time: 3410.747 ms
