Hash Join  (cost=207538.64..1291850.54 rows=4916774 width=0) (actual time=4405.497..36847.796 rows=16599982 loops=1)
  Hash Cond: (ci.movie_id = t.id)
  ->  Seq Scan on cast_info ci  (cost=0.00..614943.12 rows=36225612 width=4) (actual time=0.019..12855.453 rows=36244344 loops=1)
  ->  Hash  (cost=201907.79..201907.79 rows=343188 width=8) (actual time=4404.583..4404.583 rows=341359 loops=1)
        Buckets: 131072  Batches: 8  Memory Usage: 2715kB
        ->  Hash Join  (cost=102767.86..201907.79 rows=343188 width=8) (actual time=2016.062..4301.942 rows=341359 loops=1)
              Hash Cond: (mk.movie_id = t.id)
              ->  Seq Scan on movie_keyword mk  (cost=0.00..81003.12 rows=343188 width=4) (actual time=0.033..1314.880 rows=341359 loops=1)
                    Filter: (keyword_id > 48634)
                    Rows Removed by Filter: 4182571
              ->  Hash  (cost=61283.27..61283.27 rows=2528527 width=4) (actual time=2014.253..2014.253 rows=2528312 loops=1)
                    Buckets: 131072  Batches: 64  Memory Usage: 2425kB
                    ->  Seq Scan on title t  (cost=0.00..61283.27 rows=2528527 width=4) (actual time=0.027..1152.273 rows=2528312 loops=1)
Planning time: 1.196 ms
Execution time: 38626.095 ms
