Hash Join  (cost=709678.15..794675.79 rows=211 width=0) (actual time=12308.204..12397.813 rows=6 loops=1)
  Hash Cond: (mk.movie_id = t.id)
  ->  Seq Scan on movie_keyword mk  (cost=0.00..81003.12 rows=1064640 width=4) (actual time=0.015..1364.856 rows=1069398 loops=1)
        Filter: (keyword_id < 1074)
        Rows Removed by Filter: 3454532
  ->  Hash  (cost=709671.90..709671.90 rows=500 width=8) (actual time=10885.090..10885.090 rows=82 loops=1)
        Buckets: 1024  Batches: 1  Memory Usage: 12kB
        ->  Nested Loop  (cost=0.43..709671.90 rows=500 width=8) (actual time=6175.131..10885.045 rows=82 loops=1)
              ->  Seq Scan on cast_info ci  (cost=0.00..705507.15 rows=500 width=4) (actual time=6175.043..10883.634 rows=82 loops=1)
                    Filter: (person_id = 2525284)
                    Rows Removed by Filter: 36244262
              ->  Index Only Scan using title_pkey on title t  (cost=0.43..8.32 rows=1 width=4) (actual time=0.016..0.016 rows=1 loops=82)
                    Index Cond: (id = ci.movie_id)
                    Heap Fetches: 82
Planning time: 1.180 ms
Execution time: 12397.911 ms
