Hash Join  (cost=83073.49..137740.00 rows=99 width=0) (actual time=1305.468..2501.977 rows=10505 loops=1)
  Hash Cond: (mc.movie_id = t.id)
  ->  Seq Scan on movie_companies mc  (cost=0.00..44881.29 rows=2609129 width=4) (actual time=0.023..708.196 rows=2609129 loops=1)
  ->  Hash  (cost=83072.29..83072.29 rows=96 width=8) (actual time=1299.499..1299.499 rows=1219 loops=1)
        Buckets: 2048 (originally 1024)  Batches: 1 (originally 1)  Memory Usage: 64kB
        ->  Nested Loop  (cost=0.43..83072.29 rows=96 width=8) (actual time=0.581..1298.603 rows=1219 loops=1)
              ->  Seq Scan on movie_keyword mk  (cost=0.00..81003.12 rows=246 width=4) (actual time=0.540..1235.744 rows=1350 loops=1)
                    Filter: (keyword_id = 3784)
                    Rows Removed by Filter: 4522580
              ->  Index Scan using title_pkey on title t  (cost=0.43..8.40 rows=1 width=4) (actual time=0.045..0.045 rows=1 loops=1350)
                    Index Cond: (id = mk.movie_id)
                    Filter: (kind_id < 7)
                    Rows Removed by Filter: 0
Planning time: 1.189 ms
Execution time: 2503.720 ms
