Seq Scan on movie_companies mc  (cost=0.00..51404.11 rows=1446568 width=0) (actual time=0.023..939.544 rows=1438139 loops=1)
  Filter: (company_id < 12789)
  Rows Removed by Filter: 1170990
Planning time: 0.232 ms
Execution time: 1124.073 ms
