Seq Scan on title t  (cost=0.00..67604.59 rows=53099 width=0) (actual time=0.011..1070.012 rows=51722 loops=1)
  Filter: (production_year < 1914)
  Rows Removed by Filter: 2476590
Planning time: 10.359 ms
Execution time: 1076.992 ms
