Hash Join  (cost=119163.58..243662.14 rows=204853 width=0) (actual time=2541.201..5921.643 rows=1416399 loops=1)
  Hash Cond: (mk.movie_id = t.id)
  ->  Seq Scan on movie_keyword mk  (cost=0.00..69693.30 rows=4523930 width=4) (actual time=0.018..1411.969 rows=4523930 loops=1)
  ->  Hash  (cost=117284.36..117284.36 rows=114497 width=8) (actual time=2540.310..2540.310 rows=143437 loops=1)
        Buckets: 131072  Batches: 2  Memory Usage: 3832kB
        ->  Hash Join  (cost=79094.49..117284.36 rows=114497 width=8) (actual time=1466.310..2498.628 rows=143437 loops=1)
              Hash Cond: (mi_idx.movie_id = t.id)
              ->  Seq Scan on movie_info_idx mi_idx  (cost=0.00..25185.44 rows=919057 width=4) (actual time=0.029..582.551 rows=920110 loops=1)
                    Filter: (info_type_id > 99)
                    Rows Removed by Filter: 459925
              ->  Hash  (cost=73925.90..73925.90 rows=315007 width=4) (actual time=1465.477..1465.477 rows=244789 loops=1)
                    Buckets: 131072  Batches: 8  Memory Usage: 2099kB
                    ->  Seq Scan on title t  (cost=0.00..73925.90 rows=315007 width=4) (actual time=130.934..1154.018 rows=244789 loops=1)
                          Filter: ((production_year > 2003) AND (kind_id = 1))
                          Rows Removed by Filter: 2283523
Planning time: 1.169 ms
Execution time: 6093.957 ms
