Hash Join  (cost=69928.56..1139237.02 rows=1678021 width=0) (actual time=1112.280..29425.892 rows=1935784 loops=1)
  Hash Cond: (ci.movie_id = t.id)
  ->  Seq Scan on cast_info ci  (cost=0.00..705507.15 rows=29964560 width=4) (actual time=0.011..15775.608 rows=30090278 loops=1)
        Filter: (person_id > 593785)
        Rows Removed by Filter: 6154066
  ->  Hash  (cost=67604.59..67604.59 rows=141598 width=4) (actual time=1111.486..1111.486 rows=141703 loops=1)
        Buckets: 131072  Batches: 2  Memory Usage: 3511kB
        ->  Seq Scan on title t  (cost=0.00..67604.59 rows=141598 width=4) (actual time=0.021..1060.044 rows=141703 loops=1)
              Filter: (production_year = 2010)
              Rows Removed by Filter: 2386609
Planning time: 0.799 ms
Execution time: 29669.080 ms
