Hash Join  (cost=83810.17..183328.27 rows=370104 width=0) (actual time=1457.489..3775.221 rows=807882 loops=1)
  Hash Cond: (mk.movie_id = t.id)
  ->  Seq Scan on movie_keyword mk  (cost=0.00..81003.12 rows=947447 width=4) (actual time=0.028..1511.085 rows=961919 loops=1)
        Filter: (keyword_id > 19756)
        Rows Removed by Filter: 3562011
  ->  Hash  (cost=67604.59..67604.59 rows=987727 width=4) (actual time=1456.779..1456.779 rows=985048 loops=1)
        Buckets: 131072  Batches: 16  Memory Usage: 3197kB
        ->  Seq Scan on title t  (cost=0.00..67604.59 rows=987727 width=4) (actual time=0.023..1156.490 rows=985048 loops=1)
              Filter: (kind_id < 7)
              Rows Removed by Filter: 1543264
Planning time: 0.742 ms
Execution time: 3869.229 ms
