Hash Join  (cost=74547.77..155633.62 rows=412 width=0) (actual time=1132.669..2432.389 rows=620 loops=1)
  Hash Cond: (mk.movie_id = t.id)
  ->  Seq Scan on movie_keyword mk  (cost=0.00..81003.12 rows=20961 width=4) (actual time=0.111..1322.553 rows=19528 loops=1)
        Filter: (keyword_id = 137)
        Rows Removed by Filter: 4504402
  ->  Hash  (cost=73925.90..73925.90 rows=49749 width=4) (actual time=1098.191..1098.191 rows=44012 loops=1)
        Buckets: 65536  Batches: 1  Memory Usage: 2060kB
        ->  Seq Scan on title t  (cost=0.00..73925.90 rows=49749 width=4) (actual time=0.021..1080.267 rows=44012 loops=1)
              Filter: ((kind_id < 7) AND (production_year = 2009))
              Rows Removed by Filter: 2484300
Planning time: 0.804 ms
Execution time: 2432.792 ms
