Hash Join  (cost=449265.67..1301147.32 rows=1052843 width=0) (actual time=8879.851..34483.963 rows=2599466 loops=1)
  Hash Cond: (ci.movie_id = t.id)
  ->  Seq Scan on cast_info ci  (cost=0.00..614943.12 rows=36225612 width=4) (actual time=0.020..9790.307 rows=36244344 loops=1)
  ->  Hash  (cost=448347.08..448347.08 rows=73488 width=8) (actual time=8878.994..8878.994 rows=117892 loops=1)
        Buckets: 131072 (originally 131072)  Batches: 2 (originally 1)  Memory Usage: 3312kB
        ->  Hash Join  (cost=74246.92..448347.08 rows=73488 width=8) (actual time=1099.737..8819.233 rows=117892 loops=1)
              Hash Cond: (mi.movie_id = t.id)
              ->  Seq Scan on movie_info mi  (cost=0.00..346232.03 rows=7235534 width=4) (actual time=0.036..6128.639 rows=7286865 loops=1)
                    Filter: (info_type_id < 8)
                    Rows Removed by Filter: 7548855
              ->  Hash  (cost=73925.90..73925.90 rows=25681 width=4) (actual time=1084.374..1084.374 rows=23707 loops=1)
                    Buckets: 32768  Batches: 1  Memory Usage: 1090kB
                    ->  Seq Scan on title t  (cost=0.00..73925.90 rows=25681 width=4) (actual time=0.076..1074.635 rows=23707 loops=1)
                          Filter: ((kind_id < 7) AND (production_year = 2013))
                          Rows Removed by Filter: 2504605
Planning time: 1.327 ms
Execution time: 34803.426 ms
