Hash Join  (cost=134901.76..258614.57 rows=140377 width=0) (actual time=3115.871..5764.414 rows=173961 loops=1)
  Hash Cond: (mk.movie_id = t.id)
  ->  Seq Scan on movie_keyword mk  (cost=0.00..69693.30 rows=4523930 width=4) (actual time=0.024..1322.306 rows=4523930 loops=1)
  ->  Hash  (cost=133614.01..133614.01 rows=78460 width=8) (actual time=3113.860..3113.860 rows=51592 loops=1)
        Buckets: 131072  Batches: 2  Memory Usage: 2037kB
        ->  Hash Join  (cost=74050.79..133614.01 rows=78460 width=8) (actual time=1291.789..3095.908 rows=51592 loops=1)
              Hash Cond: (mc.movie_id = t.id)
              ->  Seq Scan on movie_companies mc  (cost=0.00..51404.11 rows=504937 width=4) (actual time=0.023..922.618 rows=501432 loops=1)
                    Filter: (company_id < 452)
                    Rows Removed by Filter: 2107697
              ->  Hash  (cost=67604.59..67604.59 rows=392896 width=4) (actual time=1291.005..1291.005 rows=391666 loops=1)
                    Buckets: 131072  Batches: 8  Memory Usage: 2753kB
                    ->  Seq Scan on title t  (cost=0.00..67604.59 rows=392896 width=4) (actual time=0.013..1166.988 rows=391666 loops=1)
                          Filter: (production_year > 2010)
                          Rows Removed by Filter: 2136646
Planning time: 1.168 ms
Execution time: 5785.255 ms
