Seq Scan on movie_keyword mk  (cost=0.00..81003.12 rows=1573605 width=0) (actual time=0.014..1450.130 rows=1583020 loops=1)
  Filter: (keyword_id < 2405)
  Rows Removed by Filter: 2940910
Planning time: 2.241 ms
Execution time: 1654.609 ms
