Hash Join  (cost=73990.99..442459.04 rows=12144 width=0) (actual time=2706.852..8150.823 rows=14538 loops=1)
  Hash Cond: (mi.movie_id = t.id)
  ->  Seq Scan on movie_info mi  (cost=0.00..346232.03 rows=5897221 width=4) (actual time=1487.221..5931.145 rows=5884963 loops=1)
        Filter: (info_type_id < 7)
        Rows Removed by Filter: 8950757
  ->  Hash  (cost=73925.90..73925.90 rows=5207 width=4) (actual time=1193.588..1193.588 rows=7360 loops=1)
        Buckets: 8192  Batches: 1  Memory Usage: 323kB
        ->  Seq Scan on title t  (cost=0.00..73925.90 rows=5207 width=4) (actual time=0.086..1189.817 rows=7360 loops=1)
              Filter: ((kind_id > 2) AND (production_year = 1963))
              Rows Removed by Filter: 2520952
Planning time: 0.768 ms
Execution time: 8153.456 ms
