Seq Scan on movie_keyword mk  (cost=0.00..81003.12 rows=509895 width=0) (actual time=0.026..1427.831 rows=509486 loops=1)
  Filter: (keyword_id < 373)
  Rows Removed by Filter: 4014444
Planning time: 0.343 ms
Execution time: 1492.548 ms
