Hash Join  (cost=102767.86..178352.69 rows=323317 width=0) (actual time=2420.000..3268.493 rows=24095 loops=1)
  Hash Cond: (mc.movie_id = t.id)
  ->  Seq Scan on movie_companies mc  (cost=0.00..57926.93 rows=323317 width=4) (actual time=451.381..882.395 rows=24095 loops=1)
        Filter: ((company_id > 51652) AND (company_type_id = 1))
        Rows Removed by Filter: 2585034
  ->  Hash  (cost=61283.27..61283.27 rows=2528527 width=4) (actual time=1965.129..1965.129 rows=2528312 loops=1)
        Buckets: 131072  Batches: 64  Memory Usage: 2415kB
        ->  Seq Scan on title t  (cost=0.00..61283.27 rows=2528527 width=4) (actual time=0.012..1118.366 rows=2528312 loops=1)
Planning time: 0.751 ms
Execution time: 3271.527 ms
