Hash Join  (cost=98347.17..713123.72 rows=10922672 width=0) (actual time=2109.189..18805.698 rows=9876752 loops=1)
  Hash Cond: (mi.movie_id = t.id)
  ->  Seq Scan on movie_info mi  (cost=0.00..309384.22 rows=14739122 width=4) (actual time=0.030..6154.019 rows=14835720 loops=1)
  ->  Hash  (cost=67604.59..67604.59 rows=1873807 width=4) (actual time=2107.915..2107.915 rows=1871198 loops=1)
        Buckets: 131072  Batches: 32  Memory Usage: 3097kB
        ->  Seq Scan on title t  (cost=0.00..67604.59 rows=1873807 width=4) (actual time=0.013..1469.163 rows=1871198 loops=1)
              Filter: (production_year > 1984)
              Rows Removed by Filter: 657114
Planning time: 0.745 ms
Execution time: 19785.021 ms
