Hash Join  (cost=75336.05..560487.07 rows=500909 width=0) (actual time=1331.522..13923.875 rows=2232318 loops=1)
  Hash Cond: (mi.movie_id = t.id)
  ->  Seq Scan on movie_info mi  (cost=0.00..309384.22 rows=14739122 width=4) (actual time=0.021..5925.723 rows=14835720 loops=1)
  ->  Hash  (cost=73925.90..73925.90 rows=85932 width=4) (actual time=1308.051..1308.051 rows=187462 loops=1)
        Buckets: 131072 (originally 131072)  Batches: 4 (originally 2)  Memory Usage: 3073kB
        ->  Seq Scan on title t  (cost=0.00..73925.90 rows=85932 width=4) (actual time=0.014..1239.346 rows=187462 loops=1)
              Filter: ((kind_id < 7) AND (production_year < 1958))
              Rows Removed by Filter: 2340850
Planning time: 0.719 ms
Execution time: 14189.452 ms
