Seq Scan on title t  (cost=0.00..73925.90 rows=1440751 width=0) (actual time=364.712..1309.169 rows=1478437 loops=1)
  Filter: ((production_year > 1922) AND (kind_id = 7))
  Rows Removed by Filter: 1049875
Planning time: 0.526 ms
Execution time: 1484.903 ms
