Hash Join  (cost=114088.82..176384.79 rows=30844 width=0) (actual time=2312.191..3790.219 rows=77420 loops=1)
  Hash Cond: (mc.movie_id = t.id)
  ->  Seq Scan on movie_companies mc  (cost=0.00..57926.93 rows=1082823 width=4) (actual time=0.023..1148.901 rows=847222 loops=1)
        Filter: ((company_id < 74844) AND (company_type_id > 1))
        Rows Removed by Filter: 1761907
  ->  Hash  (cost=113188.52..113188.52 rows=72024 width=8) (actual time=2311.514..2311.514 rows=91688 loops=1)
        Buckets: 131072 (originally 131072)  Batches: 2 (originally 1)  Memory Usage: 3073kB
        ->  Hash Join  (cost=80408.18..113188.52 rows=72024 width=8) (actual time=1455.844..2273.392 rows=91688 loops=1)
              Hash Cond: (mi_idx.movie_id = t.id)
              ->  Seq Scan on movie_info_idx mi_idx  (cost=0.00..25185.44 rows=460978 width=4) (actual time=0.022..517.401 rows=459925 loops=1)
                    Filter: (info_type_id = 99)
                    Rows Removed by Filter: 920110
              ->  Hash  (cost=73925.90..73925.90 rows=395062 width=4) (actual time=1455.038..1455.038 rows=335993 loops=1)
                    Buckets: 131072  Batches: 8  Memory Usage: 2492kB
                    ->  Seq Scan on title t  (cost=0.00..73925.90 rows=395062 width=4) (actual time=0.023..1255.257 rows=335993 loops=1)
                          Filter: ((kind_id < 7) AND (production_year > 2005))
                          Rows Removed by Filter: 2192319
Planning time: 0.862 ms
Execution time: 3800.812 ms
