Seq Scan on movie_companies mc  (cost=0.00..51404.11 rows=2357465 width=0) (actual time=0.014..928.958 rows=2360568 loops=1)
  Filter: (company_id > 115)
  Rows Removed by Filter: 248561
Planning time: 0.222 ms
Execution time: 1221.073 ms
