Seq Scan on movie_keyword mk  (cost=0.00..81003.12 rows=246 width=0) (actual time=0.144..1243.013 rows=1997 loops=1)
  Filter: (keyword_id = 4456)
  Rows Removed by Filter: 4521933
Planning time: 0.389 ms
Execution time: 1243.629 ms
