Hash Join  (cost=88359.31..455706.38 rows=488413 width=0) (actual time=2648.652..8785.963 rows=541891 loops=1)
  Hash Cond: (mi.movie_id = t.id)
  ->  Seq Scan on movie_info mi  (cost=0.00..346232.03 rows=976243 width=4) (actual time=865.499..5806.511 rows=1032791 loops=1)
        Filter: (info_type_id > 82)
        Rows Removed by Filter: 13802929
  ->  Hash  (cost=67604.59..67604.59 rows=1265018 width=4) (actual time=1780.729..1780.729 rows=1263700 loops=1)
        Buckets: 131072  Batches: 32  Memory Usage: 2419kB
        ->  Seq Scan on title t  (cost=0.00..67604.59 rows=1265018 width=4) (actual time=0.035..1338.997 rows=1263700 loops=1)
              Filter: (production_year < 2004)
              Rows Removed by Filter: 1264612
Planning time: 0.767 ms
Execution time: 8847.568 ms
