Hash Join  (cost=80569.13..217119.55 rows=656448 width=0) (actual time=1329.064..5395.630 rows=2026138 loops=1)
  Hash Cond: (mk.movie_id = t.id)
  ->  Seq Scan on movie_keyword mk  (cost=0.00..81003.12 rows=4099418 width=4) (actual time=0.015..1850.405 rows=4087742 loops=1)
        Filter: (keyword_id > 335)
        Rows Removed by Filter: 436188
  ->  Hash  (cost=73925.90..73925.90 rows=404898 width=4) (actual time=1328.389..1328.389 rows=477683 loops=1)
        Buckets: 131072  Batches: 8  Memory Usage: 3142kB
        ->  Seq Scan on title t  (cost=0.00..73925.90 rows=404898 width=4) (actual time=0.030..1178.290 rows=477683 loops=1)
              Filter: ((kind_id < 3) AND (production_year < 2005))
              Rows Removed by Filter: 2050629
Planning time: 0.742 ms
Execution time: 5628.039 ms
