Hash Join  (cost=146742.70..247329.19 rows=68972 width=0) (actual time=2853.465..5266.867 rows=337325 loops=1)
  Hash Cond: (mk.movie_id = t.id)
  ->  Seq Scan on movie_keyword mk  (cost=0.00..81003.12 rows=1596972 width=4) (actual time=0.025..1492.513 rows=1606189 loops=1)
        Filter: (keyword_id < 2488)
        Rows Removed by Filter: 2917741
  ->  Hash  (cost=144950.64..144950.64 rows=109205 width=8) (actual time=2851.775..2851.775 rows=160869 loops=1)
        Buckets: 131072 (originally 131072)  Batches: 4 (originally 2)  Memory Usage: 3073kB
        ->  Hash Join  (cost=85280.32..144950.64 rows=109205 width=8) (actual time=1584.750..2790.874 rows=160869 loops=1)
              Hash Cond: (mc.movie_id = t.id)
              ->  Seq Scan on movie_companies mc  (cost=0.00..51404.11 rows=256306 width=4) (actual time=0.022..827.420 rows=251956 loops=1)
                    Filter: (company_id < 122)
                    Rows Removed by Filter: 2357173
              ->  Hash  (cost=67604.59..67604.59 rows=1077339 width=4) (actual time=1583.708..1583.708 rows=1074765 loops=1)
                    Buckets: 131072  Batches: 16  Memory Usage: 3388kB
                    ->  Seq Scan on title t  (cost=0.00..67604.59 rows=1077339 width=4) (actual time=0.022..1248.139 rows=1074765 loops=1)
                          Filter: (production_year < 2001)
                          Rows Removed by Filter: 1453547
Planning time: 1.160 ms
Execution time: 5309.386 ms
