Hash Join  (cost=129556.37..257704.42 rows=504401 width=0) (actual time=2795.898..6866.834 rows=3313647 loops=1)
  Hash Cond: (mk.movie_id = t.id)
  ->  Seq Scan on movie_keyword mk  (cost=0.00..69693.30 rows=4523930 width=4) (actual time=0.022..1434.650 rows=4523930 loops=1)
  ->  Hash  (cost=124930.36..124930.36 rows=281921 width=8) (actual time=2794.939..2794.939 rows=411386 loops=1)
        Buckets: 131072 (originally 131072)  Batches: 8 (originally 4)  Memory Usage: 3073kB
        ->  Hash Join  (cost=82400.67..124930.36 rows=281921 width=8) (actual time=1377.826..2659.206 rows=411386 loops=1)
              Hash Cond: (mi_idx.movie_id = t.id)
              ->  Seq Scan on movie_info_idx mi_idx  (cost=0.00..21735.35 rows=1380035 width=4) (actual time=0.019..460.335 rows=1380035 loops=1)
              ->  Hash  (cost=73925.90..73925.90 rows=516541 width=4) (actual time=1376.834..1376.834 rows=440918 loops=1)
                    Buckets: 131072  Batches: 8  Memory Usage: 2960kB
                    ->  Seq Scan on title t  (cost=0.00..73925.90 rows=516541 width=4) (actual time=0.023..1241.464 rows=440918 loops=1)
                          Filter: ((kind_id < 7) AND (production_year > 2001))
                          Rows Removed by Filter: 2087394
Planning time: 1.267 ms
Execution time: 7254.587 ms
