Seq Scan on movie_companies mc  (cost=0.00..51404.11 rows=1174216 width=0) (actual time=0.020..842.124 rows=1168578 loops=1)
  Filter: (company_id < 9757)
  Rows Removed by Filter: 1440551
Planning time: 0.347 ms
Execution time: 993.003 ms
