Hash Join  (cost=155695.34..281983.33 rows=212366 width=0) (actual time=4415.352..5979.824 rows=79276 loops=1)
  Hash Cond: (mk.movie_id = t.id)
  ->  Seq Scan on movie_keyword mk  (cost=0.00..81003.12 rows=3683523 width=4) (actual time=0.025..1844.472 rows=3677236 loops=1)
        Filter: (keyword_id < 21695)
        Rows Removed by Filter: 846694
  ->  Hash  (cost=153303.12..153303.12 rows=145777 width=8) (actual time=3033.619..3033.619 rows=58891 loops=1)
        Buckets: 131072  Batches: 2  Memory Usage: 2180kB
        ->  Hash Join  (cost=76243.83..153303.12 rows=145777 width=8) (actual time=1066.986..3011.559 rows=58891 loops=1)
              Hash Cond: (mc.movie_id = t.id)
              ->  Seq Scan on movie_companies mc  (cost=0.00..44881.29 rows=2609129 width=4) (actual time=0.023..918.410 rows=2609129 loops=1)
              ->  Hash  (cost=73925.90..73925.90 rows=141274 width=4) (actual time=1066.252..1066.252 rows=150659 loops=1)
                    Buckets: 131072  Batches: 2  Memory Usage: 3673kB
                    ->  Seq Scan on title t  (cost=0.00..73925.90 rows=141274 width=4) (actual time=169.495..1013.560 rows=150659 loops=1)
                          Filter: ((production_year > 2011) AND (kind_id = 7))
                          Rows Removed by Filter: 2377653
Planning time: 0.934 ms
Execution time: 5989.613 ms
