Seq Scan on title t  (cost=0.00..73925.90 rows=55313 width=0) (actual time=0.017..1160.743 rows=49075 loops=1)
  Filter: ((kind_id < 7) AND (production_year = 2010))
  Rows Removed by Filter: 2479237
Planning time: 0.397 ms
Execution time: 1168.483 ms
