Seq Scan on movie_keyword mk  (cost=0.00..81003.12 rows=151921 width=0) (actual time=0.024..1331.245 rows=150549 loops=1)
  Filter: (keyword_id > 73864)
  Rows Removed by Filter: 4373381
Planning time: 0.344 ms
Execution time: 1352.145 ms
