Seq Scan on cast_info ci  (cost=0.00..796071.18 rows=6166550 width=0) (actual time=0.027..13017.525 rows=10622219 loops=1)
  Filter: ((person_id > 2271212) AND (role_id > 2))
  Rows Removed by Filter: 25622125
Planning time: 0.340 ms
Execution time: 14246.485 ms
