Seq Scan on movie_keyword mk  (cost=0.00..81003.12 rows=1781943 width=0) (actual time=0.024..1474.636 rows=1789924 loops=1)
  Filter: (keyword_id < 2892)
  Rows Removed by Filter: 2734006
Planning time: 0.321 ms
Execution time: 1712.218 ms
