Hash Join  (cost=157556.97..227610.34 rows=217407 width=0) (actual time=4113.836..6248.421 rows=751794 loops=1)
  Hash Cond: (mc.movie_id = t.id)
  ->  Seq Scan on movie_companies mc  (cost=0.00..51404.11 rows=1279517 width=4) (actual time=0.027..1010.317 rows=1274246 loops=1)
        Filter: (company_type_id < 2)
        Rows Removed by Filter: 1334883
  ->  Hash  (cost=150507.60..150507.60 rows=429630 width=8) (actual time=4112.968..4112.968 rows=447049 loops=1)
        Buckets: 131072  Batches: 8  Memory Usage: 3214kB
        ->  Hash Join  (cost=105939.19..150507.60 rows=429630 width=8) (actual time=2530.028..3974.964 rows=447049 loops=1)
              Hash Cond: (mi_idx.movie_id = t.id)
              ->  Seq Scan on movie_info_idx mi_idx  (cost=0.00..25185.44 rows=464934 width=4) (actual time=0.021..597.287 rows=460185 loops=1)
                    Filter: (info_type_id > 100)
                    Rows Removed by Filter: 919850
              ->  Hash  (cost=67604.59..67604.59 rows=2336528 width=4) (actual time=2528.465..2528.465 rows=2328360 loops=1)
                    Buckets: 131072  Batches: 32  Memory Usage: 3585kB
                    ->  Seq Scan on title t  (cost=0.00..67604.59 rows=2336528 width=4) (actual time=0.020..1459.427 rows=2328360 loops=1)
                          Filter: (production_year > 1934)
                          Rows Removed by Filter: 199952
Planning time: 1.400 ms
Execution time: 6342.610 ms
