Hash Join  (cost=58375.78..85289.95 rows=7 width=0) (actual time=884.203..1338.717 rows=74 loops=1)
  Hash Cond: (mi_idx.movie_id = t.id)
  ->  Seq Scan on movie_info_idx mi_idx  (cost=0.00..25185.44 rows=460978 width=4) (actual time=0.020..416.997 rows=459925 loops=1)
        Filter: (info_type_id < 100)
        Rows Removed by Filter: 920110
  ->  Hash  (cost=58375.31..58375.31 rows=37 width=8) (actual time=856.465..856.465 rows=80 loops=1)
        Buckets: 1024  Batches: 1  Memory Usage: 12kB
        ->  Nested Loop  (cost=0.43..58375.31 rows=37 width=8) (actual time=29.868..856.390 rows=80 loops=1)
              ->  Seq Scan on movie_companies mc  (cost=0.00..57926.93 rows=53 width=4) (actual time=29.804..853.710 rows=80 loops=1)
                    Filter: ((company_id = 24607) AND (company_type_id = 2))
                    Rows Removed by Filter: 2609049
              ->  Index Scan using title_pkey on title t  (cost=0.43..8.45 rows=1 width=4) (actual time=0.030..0.031 rows=1 loops=80)
                    Index Cond: (id = mc.movie_id)
                    Filter: (production_year > 1989)
Planning time: 1.144 ms
Execution time: 1338.889 ms
