Hash Join  (cost=72583.38..499527.40 rows=747733 width=0) (actual time=1231.332..10468.263 rows=788065 loops=1)
  Hash Cond: (mi.movie_id = t.id)
  ->  Seq Scan on movie_info mi  (cost=0.00..346232.03 rows=6231111 width=4) (actual time=0.010..6234.350 rows=6223494 loops=1)
        Filter: (info_type_id > 8)
        Rows Removed by Filter: 8612226
  ->  Hash  (cost=67604.59..67604.59 rows=303423 width=4) (actual time=1230.335..1230.335 rows=296471 loops=1)
        Buckets: 131072  Batches: 4  Memory Usage: 3632kB
        ->  Seq Scan on title t  (cost=0.00..67604.59 rows=303423 width=4) (actual time=0.017..1121.037 rows=296471 loops=1)
              Filter: (production_year < 1965)
              Rows Removed by Filter: 2231841
Planning time: 0.518 ms
Execution time: 10565.091 ms
