Hash Join  (cost=103574.60..279022.03 rows=3922548 width=0) (actual time=2089.403..6800.005 rows=3719847 loops=1)
  Hash Cond: (mk.movie_id = t.id)
  ->  Seq Scan on movie_keyword mk  (cost=0.00..69693.30 rows=4523930 width=4) (actual time=0.022..1413.309 rows=4523930 loops=1)
  ->  Hash  (cost=67604.59..67604.59 rows=2192401 width=4) (actual time=2088.269..2088.269 rows=2182316 loops=1)
        Buckets: 131072  Batches: 32  Memory Usage: 3434kB
        ->  Seq Scan on title t  (cost=0.00..67604.59 rows=2192401 width=4) (actual time=0.018..1384.164 rows=2182316 loops=1)
              Filter: (production_year > 1962)
              Rows Removed by Filter: 345996
Planning time: 0.816 ms
Execution time: 7234.345 ms
