Hash Join  (cost=270882.63..892577.57 rows=11571012 width=0) (actual time=5937.374..19840.232 rows=4964002 loops=1)
  Hash Cond: (mi.movie_id = t.id)
  ->  Seq Scan on movie_info mi  (cost=0.00..309384.22 rows=14739122 width=4) (actual time=0.021..5857.022 rows=14835720 loops=1)
  ->  Hash  (cost=238314.74..238314.74 rows=1985031 width=8) (actual time=5935.438..5935.438 rows=495742 loops=1)
        Buckets: 131072  Batches: 32  Memory Usage: 1642kB
        ->  Hash Join  (cost=92128.39..238314.74 rows=1985031 width=8) (actual time=2150.430..5774.864 rows=495742 loops=1)
              Hash Cond: (mk.movie_id = t.id)
              ->  Seq Scan on movie_keyword mk  (cost=0.00..69693.30 rows=4523930 width=4) (actual time=0.014..1389.880 rows=4523930 loops=1)
              ->  Hash  (cost=73925.90..73925.90 rows=1109479 width=4) (actual time=1834.022..1834.022 rows=1201090 loops=1)
                    Buckets: 131072  Batches: 16  Memory Usage: 3680kB
                    ->  Seq Scan on title t  (cost=0.00..73925.90 rows=1109479 width=4) (actual time=174.505..1443.321 rows=1201090 loops=1)
                          Filter: ((production_year > 1987) AND (kind_id = 7))
                          Rows Removed by Filter: 1327222
Planning time: 1.133 ms
Execution time: 20383.157 ms
