Nested Loop  (cost=0.43..83071.67 rows=246 width=0) (actual time=6.207..1352.090 rows=207 loops=1)
  ->  Seq Scan on movie_keyword mk  (cost=0.00..81003.12 rows=246 width=4) (actual time=6.115..1335.643 rows=207 loops=1)
        Filter: (keyword_id = 10661)
        Rows Removed by Filter: 4523723
  ->  Index Only Scan using title_pkey on title t  (cost=0.43..8.40 rows=1 width=4) (actual time=0.076..0.076 rows=1 loops=207)
        Index Cond: (id = mk.movie_id)
        Heap Fetches: 207
Planning time: 0.788 ms
Execution time: 1352.280 ms
