Hash Join  (cost=76242.82..564831.07 rows=823033 width=0) (actual time=1135.572..13795.021 rows=1388469 loops=1)
  Hash Cond: (mi.movie_id = t.id)
  ->  Seq Scan on movie_info mi  (cost=0.00..309384.22 rows=14739122 width=4) (actual time=0.018..6135.634 rows=14835720 loops=1)
  ->  Hash  (cost=73925.90..73925.90 rows=141193 width=4) (actual time=1129.422..1129.422 rows=132182 loops=1)
        Buckets: 131072  Batches: 2  Memory Usage: 3346kB
        ->  Seq Scan on title t  (cost=0.00..73925.90 rows=141193 width=4) (actual time=711.274..1054.036 rows=132182 loops=1)
              Filter: ((production_year > 2009) AND (kind_id = 1))
              Rows Removed by Filter: 2396130
Planning time: 0.773 ms
Execution time: 13969.862 ms
