Hash Join  (cost=190262.80..947994.90 rows=184606 width=0) (actual time=10039.414..19461.841 rows=2038607 loops=1)
  Hash Cond: (ci.movie_id = t.id)
  ->  Seq Scan on cast_info ci  (cost=0.00..705507.15 rows=4320508 width=4) (actual time=5999.829..13356.800 rows=4323018 loops=1)
        Filter: (role_id = 10)
        Rows Removed by Filter: 31921326
  ->  Hash  (cost=188489.32..188489.32 rows=108038 width=8) (actual time=4038.733..4038.733 rows=109638 loops=1)
        Buckets: 131072  Batches: 2  Memory Usage: 3141kB
        ->  Hash Join  (cost=69002.72..188489.32 rows=108038 width=8) (actual time=1186.976..4002.468 rows=109638 loops=1)
              Hash Cond: (mk.movie_id = t.id)
              ->  Seq Scan on movie_keyword mk  (cost=0.00..81003.12 rows=3205891 width=4) (actual time=0.030..1831.825 rows=3193718 loops=1)
                    Filter: (keyword_id < 12945)
                    Rows Removed by Filter: 1330212
              ->  Hash  (cost=67604.59..67604.59 rows=85211 width=4) (actual time=1186.074..1186.074 rows=84593 loops=1)
                    Buckets: 131072  Batches: 2  Memory Usage: 2524kB
                    ->  Seq Scan on title t  (cost=0.00..67604.59 rows=85211 width=4) (actual time=0.021..1146.918 rows=84593 loops=1)
                          Filter: (production_year = 2004)
                          Rows Removed by Filter: 2443719
Planning time: 1.168 ms
Execution time: 19711.775 ms
