Seq Scan on movie_keyword mk  (cost=0.00..81003.12 rows=246 width=0) (actual time=0.625..1375.136 rows=260 loops=1)
  Filter: (keyword_id = 14675)
  Rows Removed by Filter: 4523670
Planning time: 0.315 ms
Execution time: 1375.360 ms
