Seq Scan on movie_keyword mk  (cost=0.00..81003.12 rows=4360471 width=0) (actual time=0.020..1605.169 rows=4365415 loops=1)
  Filter: (keyword_id < 72981)
  Rows Removed by Filter: 158515
Planning time: 0.548 ms
Execution time: 2154.704 ms
