Hash Join  (cost=434711.38..1329034.07 rows=122919 width=0) (actual time=8806.491..29938.287 rows=338901 loops=1)
  Hash Cond: (ci.movie_id = t.id)
  ->  Seq Scan on cast_info ci  (cost=0.00..796071.18 rows=19404465 width=4) (actual time=787.543..16575.983 rows=21835707 loops=1)
        Filter: ((person_id > 598570) AND (role_id > 1))
        Rows Removed by Filter: 14408637
  ->  Hash  (cost=434511.17..434511.17 rows=16017 width=8) (actual time=8018.629..8018.629 rows=33707 loops=1)
        Buckets: 65536 (originally 16384)  Batches: 1 (originally 1)  Memory Usage: 1829kB
        ->  Hash Join  (cost=67697.55..434511.17 rows=16017 width=8) (actual time=3280.443..8002.298 rows=33707 loops=1)
              Hash Cond: (mi.movie_id = t.id)
              ->  Seq Scan on movie_info mi  (cost=0.00..346232.03 rows=5445713 width=4) (actual time=2145.550..5799.488 rows=5410520 loops=1)
                    Filter: (info_type_id < 6)
                    Rows Removed by Filter: 9425200
              ->  Hash  (cost=67604.59..67604.59 rows=7437 width=4) (actual time=1128.754..1128.754 rows=14054 loops=1)
                    Buckets: 16384 (originally 8192)  Batches: 1 (originally 1)  Memory Usage: 623kB
                    ->  Seq Scan on title t  (cost=0.00..67604.59 rows=7437 width=4) (actual time=0.024..1122.012 rows=14054 loops=1)
                          Filter: (production_year = 1975)
                          Rows Removed by Filter: 2514258
Planning time: 1.276 ms
Execution time: 29985.737 ms
