Seq Scan on cast_info ci  (cost=0.00..705507.15 rows=10853833 width=0) (actual time=96.596..11808.291 rows=10731029 loops=1)
  Filter: (person_id < 1052874)
  Rows Removed by Filter: 25513315
Planning time: 0.322 ms
Execution time: 13115.339 ms
