Hash Join  (cost=158753.00..284802.79 rows=332175 width=0) (actual time=3529.366..9770.098 rows=12754731 loops=1)
  Hash Cond: (mk.movie_id = t.id)
  ->  Seq Scan on movie_keyword mk  (cost=0.00..69693.30 rows=4523930 width=4) (actual time=0.028..1437.513 rows=4523930 loops=1)
  ->  Hash  (cost=155706.25..155706.25 rows=185660 width=8) (actual time=3528.496..3528.496 rows=525070 loops=1)
        Buckets: 131072 (originally 131072)  Batches: 8 (originally 4)  Memory Usage: 3621kB
        ->  Hash Join  (cost=80166.74..155706.25 rows=185660 width=8) (actual time=1324.768..3360.797 rows=525070 loops=1)
              Hash Cond: (mc.movie_id = t.id)
              ->  Seq Scan on movie_companies mc  (cost=0.00..57926.93 rows=1234127 width=4) (actual time=0.017..1214.800 rows=1274246 loops=1)
                    Filter: ((company_id < 161878) AND (company_type_id < 2))
                    Rows Removed by Filter: 1334883
              ->  Hash  (cost=73925.90..73925.90 rows=380387 width=4) (actual time=1323.751..1323.751 rows=484820 loops=1)
                    Buckets: 131072  Batches: 8  Memory Usage: 3166kB
                    ->  Seq Scan on title t  (cost=0.00..73925.90 rows=380387 width=4) (actual time=0.022..1170.409 rows=484820 loops=1)
                          Filter: ((kind_id < 7) AND (production_year < 1999))
                          Rows Removed by Filter: 2043492
Planning time: 1.132 ms
Execution time: 11255.768 ms
