Hash Join  (cost=102767.86..291699.74 rows=4074754 width=0) (actual time=1992.225..7611.427 rows=4075731 loops=1)
  Hash Cond: (mk.movie_id = t.id)
  ->  Seq Scan on movie_keyword mk  (cost=0.00..81003.12 rows=4074754 width=4) (actual time=0.017..1858.340 rows=4075731 loops=1)
        Filter: (keyword_id < 39610)
        Rows Removed by Filter: 448199
  ->  Hash  (cost=61283.27..61283.27 rows=2528527 width=4) (actual time=1991.507..1991.507 rows=2528312 loops=1)
        Buckets: 131072  Batches: 64  Memory Usage: 2425kB
        ->  Seq Scan on title t  (cost=0.00..61283.27 rows=2528527 width=4) (actual time=0.018..1106.598 rows=2528312 loops=1)
Planning time: 0.758 ms
Execution time: 8094.644 ms
