Hash Join  (cost=73950.44..128636.23 rows=2026 width=0) (actual time=907.004..1812.023 rows=6534 loops=1)
  Hash Cond: (mc.movie_id = t.id)
  ->  Seq Scan on movie_companies mc  (cost=0.00..44881.29 rows=2609129 width=4) (actual time=0.010..602.861 rows=2609129 loops=1)
  ->  Hash  (cost=73925.90..73925.90 rows=1963 width=4) (actual time=694.058..694.058 rows=2493 loops=1)
        Buckets: 4096 (originally 2048)  Batches: 1 (originally 1)  Memory Usage: 120kB
        ->  Seq Scan on title t  (cost=0.00..73925.90 rows=1963 width=4) (actual time=0.382..692.776 rows=2493 loops=1)
              Filter: ((kind_id = 1) AND (production_year = 1934))
              Rows Removed by Filter: 2525819
Planning time: 0.764 ms
Execution time: 1813.366 ms
