Hash Join  (cost=153606.06..1242113.25 rows=2438984 width=0) (actual time=3504.040..38804.273 rows=13813651 loops=1)
  Hash Cond: (ci.movie_id = t.id)
  ->  Seq Scan on cast_info ci  (cost=0.00..705507.15 rows=30947519 width=4) (actual time=0.025..16291.255 rows=30891330 loops=1)
        Filter: (person_id < 3124235)
        Rows Removed by Filter: 5353014
  ->  Hash  (cost=150336.14..150336.14 rows=199274 width=8) (actual time=3503.055..3503.055 rows=605821 loops=1)
        Buckets: 131072 (originally 131072)  Batches: 8 (originally 4)  Memory Usage: 3998kB
        ->  Hash Join  (cost=80193.64..150336.14 rows=199274 width=8) (actual time=1385.968..3313.826 rows=605821 loops=1)
              Hash Cond: (mc.movie_id = t.id)
              ->  Seq Scan on movie_companies mc  (cost=0.00..51404.11 rows=1319105 width=4) (actual time=0.022..989.287 rows=1327045 loops=1)
                    Filter: (company_id > 11226)
                    Rows Removed by Filter: 1282084
              ->  Hash  (cost=73925.90..73925.90 rows=381979 width=4) (actual time=1385.090..1385.090 rows=440029 loops=1)
                    Buckets: 131072  Batches: 8  Memory Usage: 2968kB
                    ->  Seq Scan on title t  (cost=0.00..73925.90 rows=381979 width=4) (actual time=184.173..1245.028 rows=440029 loops=1)
                          Filter: ((production_year < 2006) AND (kind_id = 1))
                          Rows Removed by Filter: 2088283
Planning time: 1.196 ms
Execution time: 40416.035 ms
