Seq Scan on cast_info ci  (cost=0.00..796071.18 rows=14647318 width=0) (actual time=0.022..16136.994 rows=12648577 loops=1)
  Filter: ((person_id < 3428119) AND (role_id > 2))
  Rows Removed by Filter: 23595767
Planning time: 0.353 ms
Execution time: 17646.538 ms
