Seq Scan on movie_keyword mk  (cost=0.00..81003.12 rows=4169295 width=0) (actual time=0.014..1626.100 rows=4172070 loops=1)
  Filter: (keyword_id < 47335)
  Rows Removed by Filter: 351860
Planning time: 0.326 ms
Execution time: 2159.772 ms
