Seq Scan on movie_keyword mk  (cost=0.00..81003.12 rows=246 width=0) (actual time=8.943..1309.750 rows=243 loops=1)
  Filter: (keyword_id = 15896)
  Rows Removed by Filter: 4523687
Planning time: 1.884 ms
Execution time: 1310.017 ms
