Seq Scan on title t  (cost=0.00..73925.90 rows=1356688 width=0) (actual time=245.397..1306.148 rows=1327781 loops=1)
  Filter: ((production_year < 2012) AND (kind_id = 7))
  Rows Removed by Filter: 1200531
Planning time: 0.389 ms
Execution time: 1473.935 ms
