Hash Join  (cost=105998.30..193245.00 rows=58867 width=0) (actual time=2287.585..3656.726 rows=285010 loops=1)
  Hash Cond: (mk.movie_id = t.id)
  ->  Seq Scan on movie_keyword mk  (cost=0.00..69693.30 rows=4523930 width=4) (actual time=0.016..907.152 rows=4523930 loops=1)
  ->  Hash  (cost=105587.02..105587.02 rows=32902 width=8) (actual time=1843.641..1843.641 rows=75372 loops=1)
        Buckets: 131072 (originally 65536)  Batches: 1 (originally 1)  Memory Usage: 3969kB
        ->  Hash Join  (cost=69090.10..105587.02 rows=32902 width=8) (actual time=1383.717..1821.822 rows=75372 loops=1)
              Hash Cond: (mi_idx.movie_id = t.id)
              ->  Seq Scan on movie_info_idx mi_idx  (cost=0.00..25185.44 rows=919057 width=4) (actual time=0.028..434.427 rows=920110 loops=1)
                    Filter: (info_type_id > 99)
                    Rows Removed by Filter: 459925
              ->  Hash  (cost=67604.59..67604.59 rows=90521 width=4) (actual time=1034.937..1034.937 rows=90852 loops=1)
                    Buckets: 131072  Batches: 2  Memory Usage: 2626kB
                    ->  Seq Scan on title t  (cost=0.00..67604.59 rows=90521 width=4) (actual time=0.025..996.880 rows=90852 loops=1)
                          Filter: (kind_id = 2)
                          Rows Removed by Filter: 2437460
Planning time: 1.152 ms
Execution time: 3692.338 ms
