Seq Scan on movie_keyword mk  (cost=0.00..81003.12 rows=815409 width=12) (actual time=0.026..1671.479 rows=822448 loops=1)
  Filter: (keyword_id > 22322)
  Rows Removed by Filter: 3701482
Planning time: 0.350 ms
Execution time: 1719.393 ms
