Hash Join  (cost=100836.57..272646.23 rows=3623970 width=0) (actual time=2071.212..6773.807 rows=3389488 loops=1)
  Hash Cond: (mk.movie_id = t.id)
  ->  Seq Scan on movie_keyword mk  (cost=0.00..69693.30 rows=4523930 width=4) (actual time=0.019..1473.603 rows=4523930 loops=1)
  ->  Hash  (cost=67604.59..67604.59 rows=2025519 width=4) (actual time=2069.995..2069.995 rows=2018703 loops=1)
        Buckets: 131072  Batches: 32  Memory Usage: 3256kB
        ->  Seq Scan on title t  (cost=0.00..67604.59 rows=2025519 width=4) (actual time=0.026..1412.325 rows=2018703 loops=1)
              Filter: (production_year > 1974)
              Rows Removed by Filter: 509609
Planning time: 0.772 ms
Execution time: 7194.826 ms
