Seq Scan on cast_info ci  (cost=0.00..705507.15 rows=500 width=0) (actual time=114.904..11175.281 rows=189 loops=1)
  Filter: (person_id = 1053356)
  Rows Removed by Filter: 36244155
Planning time: 0.378 ms
Execution time: 11175.385 ms
