Hash Join  (cost=149125.41..1036985.34 rows=246537 width=0) (actual time=3269.022..20367.176 rows=1387259 loops=1)
  Hash Cond: (ci.movie_id = t.id)
  ->  Seq Scan on cast_info ci  (cost=0.00..796071.18 rows=7697700 width=4) (actual time=635.353..13525.659 rows=8894461 loops=1)
        Filter: ((person_id < 1007666) AND (role_id < 5))
        Rows Removed by Filter: 27349883
  ->  Hash  (cost=147796.14..147796.14 rows=80982 width=8) (actual time=2629.612..2629.612 rows=214665 loops=1)
        Buckets: 131072 (originally 131072)  Batches: 4 (originally 2)  Memory Usage: 3129kB
        ->  Hash Join  (cost=89387.37..147796.14 rows=80982 width=8) (actual time=1383.845..2550.810 rows=214665 loops=1)
              Hash Cond: (mc.movie_id = t.id)
              ->  Seq Scan on movie_companies mc  (cost=0.00..51404.11 rows=217290 width=4) (actual time=0.010..805.989 rows=218825 loops=1)
                    Filter: (company_id > 108292)
                    Rows Removed by Filter: 2390304
              ->  Hash  (cost=73925.90..73925.90 rows=942357 width=4) (actual time=1383.109..1383.109 rows=926057 loops=1)
                    Buckets: 131072  Batches: 16  Memory Usage: 3059kB
                    ->  Seq Scan on title t  (cost=0.00..73925.90 rows=942357 width=4) (actual time=0.015..1110.735 rows=926057 loops=1)
                          Filter: ((kind_id < 7) AND (production_year > 1913))
                          Rows Removed by Filter: 1602255
Planning time: 1.183 ms
Execution time: 20524.119 ms
