Hash Join  (cost=284445.11..798363.33 rows=6322325 width=0) (actual time=6025.338..16751.275 rows=3848061 loops=1)
  Hash Cond: (mi.movie_id = t.id)
  ->  Seq Scan on movie_info mi  (cost=0.00..346232.03 rows=7503588 width=4) (actual time=0.021..6356.338 rows=7548855 loops=1)
        Filter: (info_type_id > 7)
        Rows Removed by Filter: 7286865
  ->  Hash  (cost=249491.24..249491.24 rows=2130470 width=8) (actual time=6023.113..6023.113 rows=539697 loops=1)
        Buckets: 131072  Batches: 32  Memory Usage: 1684kB
        ->  Hash Join  (cost=96451.85..249491.24 rows=2130470 width=8) (actual time=1993.638..5855.750 rows=539697 loops=1)
              Hash Cond: (mk.movie_id = t.id)
              ->  Seq Scan on movie_keyword mk  (cost=0.00..81003.12 rows=3923615 width=4) (actual time=0.014..1759.655 rows=3919908 loops=1)
                    Filter: (keyword_id < 30563)
                    Rows Removed by Filter: 604022
              ->  Hash  (cost=73925.90..73925.90 rows=1372956 width=4) (actual time=1891.831..1891.831 rows=1450632 loops=1)
                    Buckets: 131072  Batches: 32  Memory Usage: 2626kB
                    ->  Seq Scan on title t  (cost=0.00..73925.90 rows=1372956 width=4) (actual time=0.018..1428.340 rows=1450632 loops=1)
                          Filter: ((production_year > 1956) AND (kind_id = 7))
                          Rows Removed by Filter: 1077680
Planning time: 1.185 ms
Execution time: 17205.428 ms
