Hash Join  (cost=171522.90..304188.17 rows=875223 width=0) (actual time=4554.233..13158.059 rows=25327927 loops=1)
  Hash Cond: (mk.movie_id = t.id)
  ->  Seq Scan on movie_keyword mk  (cost=0.00..69693.30 rows=4523930 width=4) (actual time=0.021..1542.530 rows=4523930 loops=1)
  ->  Hash  (cost=163497.12..163497.12 rows=489182 width=8) (actual time=4386.734..4386.734 rows=1071583 loops=1)
        Buckets: 131072 (originally 131072)  Batches: 16 (originally 8)  Memory Usage: 3710kB
        ->  Hash Join  (cost=81703.78..163497.12 rows=489182 width=8) (actual time=1655.132..4043.912 rows=1071583 loops=1)
              Hash Cond: (mc.movie_id = t.id)
              ->  Seq Scan on movie_companies mc  (cost=0.00..44881.29 rows=2609129 width=4) (actual time=0.011..966.449 rows=2609129 loops=1)
              ->  Hash  (cost=73925.90..73925.90 rows=474070 width=4) (actual time=1428.835..1428.835 rows=496025 loops=1)
                    Buckets: 131072  Batches: 8  Memory Usage: 3214kB
                    ->  Seq Scan on title t  (cost=0.00..73925.90 rows=474070 width=4) (actual time=0.014..1268.048 rows=496025 loops=1)
                          Filter: ((production_year < 2009) AND (kind_id = 1))
                          Rows Removed by Filter: 2032287
Planning time: 1.148 ms
Execution time: 15711.608 ms
