Seq Scan on cast_info ci  (cost=0.00..705507.15 rows=500 width=0) (actual time=587.579..10118.964 rows=127 loops=1)
  Filter: (person_id = 1207297)
  Rows Removed by Filter: 36244217
Planning time: 0.384 ms
Execution time: 10119.090 ms
