Nested Loop  (cost=0.43..83071.67 rows=246 width=0) (actual time=218.910..1378.634 rows=2 loops=1)
  ->  Seq Scan on movie_keyword mk  (cost=0.00..81003.12 rows=246 width=4) (actual time=218.815..1378.465 rows=2 loops=1)
        Filter: (keyword_id = 104804)
        Rows Removed by Filter: 4523928
  ->  Index Only Scan using title_pkey on title t  (cost=0.43..8.40 rows=1 width=4) (actual time=0.073..0.074 rows=1 loops=2)
        Index Cond: (id = mk.movie_id)
        Heap Fetches: 2
Planning time: 0.699 ms
Execution time: 1378.696 ms
