Nested Loop  (cost=0.43..83071.67 rows=246 width=0) (actual time=2.223..1420.681 rows=2132 loops=1)
  ->  Seq Scan on movie_keyword mk  (cost=0.00..81003.12 rows=246 width=4) (actual time=2.170..1322.131 rows=2132 loops=1)
        Filter: (keyword_id = 353)
        Rows Removed by Filter: 4521798
  ->  Index Only Scan using title_pkey on title t  (cost=0.43..8.40 rows=1 width=4) (actual time=0.045..0.045 rows=1 loops=2132)
        Index Cond: (id = mk.movie_id)
        Heap Fetches: 2132
Planning time: 0.761 ms
Execution time: 1421.425 ms
