Hash Join  (cost=76725.80..113777.41 rows=61754 width=0) (actual time=1186.323..2112.300 rows=28408 loops=1)
  Hash Cond: (mi_idx.movie_id = t.id)
  ->  Seq Scan on movie_info_idx mi_idx  (cost=0.00..25185.44 rows=915101 width=4) (actual time=0.017..542.834 rows=919850 loops=1)
        Filter: (info_type_id < 101)
        Rows Removed by Filter: 460185
  ->  Hash  (cost=73925.90..73925.90 rows=170632 width=4) (actual time=1185.427..1185.427 rows=170068 loops=1)
        Buckets: 131072  Batches: 4  Memory Usage: 2534kB
        ->  Seq Scan on title t  (cost=0.00..73925.90 rows=170632 width=4) (actual time=0.023..1127.185 rows=170068 loops=1)
              Filter: ((kind_id > 1) AND (production_year > 2011))
              Rows Removed by Filter: 2358244
Planning time: 1.841 ms
Execution time: 2115.844 ms
