Seq Scan on movie_companies mc  (cost=0.00..51404.11 rows=104 width=0) (actual time=8.714..866.396 rows=704 loops=1)
  Filter: (company_id = 1431)
  Rows Removed by Filter: 2608425
Planning time: 0.273 ms
Execution time: 866.688 ms
