Hash Join  (cost=74440.79..831131.30 rows=590134 width=0) (actual time=1087.350..20879.445 rows=602119 loops=1)
  Hash Cond: (ci.movie_id = t.id)
  ->  Seq Scan on cast_info ci  (cost=0.00..614943.12 rows=36225612 width=4) (actual time=0.022..8698.455 rows=36244344 loops=1)
  ->  Hash  (cost=73925.90..73925.90 rows=41191 width=4) (actual time=1086.529..1086.529 rows=43851 loops=1)
        Buckets: 65536  Batches: 1  Memory Usage: 2054kB
        ->  Seq Scan on title t  (cost=0.00..73925.90 rows=41191 width=4) (actual time=0.018..1068.841 rows=43851 loops=1)
              Filter: ((kind_id = 7) AND (production_year = 2003))
              Rows Removed by Filter: 2484461
Planning time: 0.786 ms
Execution time: 20965.169 ms
