Hash Join  (cost=466354.87..547347.56 rows=171544 width=0) (actual time=8105.807..10828.316 rows=2875882 loops=1)
  Hash Cond: (mc.movie_id = t.id)
  ->  Seq Scan on movie_companies mc  (cost=0.00..51404.11 rows=2348037 width=4) (actual time=0.010..1193.579 rows=2350226 loops=1)
        Filter: (company_id > 128)
        Rows Removed by Filter: 258903
  ->  Hash  (cost=463323.74..463323.74 rows=184730 width=8) (actual time=8105.246..8105.246 rows=180112 loops=1)
        Buckets: 131072  Batches: 4  Memory Usage: 2749kB
        ->  Hash Join  (cost=102767.86..463323.74 rows=184730 width=8) (actual time=4322.128..8052.961 rows=180112 loops=1)
              Hash Cond: (mi.movie_id = t.id)
              ->  Seq Scan on movie_info mi  (cost=0.00..346232.03 rows=184730 width=4) (actual time=2281.341..5468.367 rows=180112 loops=1)
                    Filter: (info_type_id = 13)
                    Rows Removed by Filter: 14655608
              ->  Hash  (cost=61283.27..61283.27 rows=2528527 width=4) (actual time=2034.016..2034.016 rows=2528312 loops=1)
                    Buckets: 131072  Batches: 64  Memory Usage: 2425kB
                    ->  Seq Scan on title t  (cost=0.00..61283.27 rows=2528527 width=4) (actual time=0.021..1142.860 rows=2528312 loops=1)
Planning time: 0.731 ms
Execution time: 11131.381 ms
