Hash Join  (cost=166361.78..926209.47 rows=905853 width=0) (actual time=3092.567..23064.561 rows=1286874 loops=1)
  Hash Cond: (ci.movie_id = t.id)
  ->  Seq Scan on cast_info ci  (cost=0.00..614943.12 rows=36225612 width=4) (actual time=0.015..8544.687 rows=36244344 loops=1)
  ->  Hash  (cost=165571.43..165571.43 rows=63228 width=8) (actual time=3092.027..3092.027 rows=62075 loops=1)
        Buckets: 65536  Batches: 1  Memory Usage: 2937kB
        ->  Hash Join  (cost=102767.86..165571.43 rows=63228 width=8) (actual time=1805.762..3069.793 rows=62075 loops=1)
              Hash Cond: (mc.movie_id = t.id)
              ->  Seq Scan on movie_companies mc  (cost=0.00..51404.11 rows=63228 width=4) (actual time=0.050..824.337 rows=62075 loops=1)
                    Filter: (company_id = 6)
                    Rows Removed by Filter: 2547054
              ->  Hash  (cost=61283.27..61283.27 rows=2528527 width=4) (actual time=1804.625..1804.625 rows=2528312 loops=1)
                    Buckets: 131072  Batches: 64  Memory Usage: 2415kB
                    ->  Seq Scan on title t  (cost=0.00..61283.27 rows=2528527 width=4) (actual time=0.025..982.636 rows=2528312 loops=1)
Planning time: 1.140 ms
Execution time: 23224.446 ms
