Hash Join  (cost=104660.62..189546.32 rows=19011 width=0) (actual time=1943.094..3614.094 rows=135745 loops=1)
  Hash Cond: (mk.movie_id = t.id)
  ->  Seq Scan on movie_keyword mk  (cost=0.00..81003.12 rows=984657 width=4) (actual time=0.033..1446.969 rows=994054 loops=1)
        Filter: (keyword_id > 18607)
        Rows Removed by Filter: 3529876
  ->  Hash  (cost=104050.39..104050.39 rows=48818 width=8) (actual time=1942.623..1942.623 rows=49056 loops=1)
        Buckets: 65536  Batches: 1  Memory Usage: 2429kB
        ->  Hash Join  (cost=71961.27..104050.39 rows=48818 width=8) (actual time=1210.144..1924.204 rows=49056 loops=1)
              Hash Cond: (mi_idx.movie_id = t.id)
              ->  Seq Scan on movie_info_idx mi_idx  (cost=0.00..25185.44 rows=464934 width=4) (actual time=0.019..453.163 rows=460185 loops=1)
                    Filter: (info_type_id > 100)
                    Rows Removed by Filter: 919850
              ->  Hash  (cost=67604.59..67604.59 rows=265495 width=4) (actual time=1209.461..1209.461 rows=263594 loops=1)
                    Buckets: 131072  Batches: 4  Memory Usage: 3340kB
                    ->  Seq Scan on title t  (cost=0.00..67604.59 rows=265495 width=4) (actual time=0.023..1120.814 rows=263594 loops=1)
                          Filter: (production_year < 1962)
                          Rows Removed by Filter: 2264718
Planning time: 1.210 ms
Execution time: 3632.446 ms
