Seq Scan on movie_keyword mk  (cost=0.00..81003.12 rows=4093748 width=0) (actual time=0.009..1627.675 rows=4081399 loops=1)
  Filter: (keyword_id > 346)
  Rows Removed by Filter: 442531
Planning time: 0.205 ms
Execution time: 2145.379 ms
