Seq Scan on title t  (cost=0.00..73925.90 rows=2905 width=0) (actual time=1.207..1137.552 rows=8126 loops=1)
  Filter: ((kind_id < 7) AND (production_year = 1987))
  Rows Removed by Filter: 2520186
Planning time: 0.381 ms
Execution time: 1139.498 ms
