Hash Join  (cost=28270.40..83140.18 rows=134 width=0) (actual time=197.960..1215.264 rows=883 loops=1)
  Hash Cond: (mc.movie_id = t.id)
  ->  Seq Scan on movie_companies mc  (cost=0.00..51404.11 rows=923821 width=4) (actual time=0.009..896.431 rows=932325 loops=1)
        Filter: (company_id > 19385)
        Rows Removed by Filter: 1676804
  ->  Hash  (cost=28265.80..28265.80 rows=368 width=8) (actual time=196.756..196.756 rows=260 loops=1)
        Buckets: 1024  Batches: 1  Memory Usage: 19kB
        ->  Nested Loop  (cost=0.43..28265.80 rows=368 width=8) (actual time=31.278..196.647 rows=260 loops=1)
              ->  Seq Scan on movie_info_idx mi_idx  (cost=0.00..25185.44 rows=368 width=4) (actual time=31.177..191.635 rows=260 loops=1)
                    Filter: (info_type_id > 101)
                    Rows Removed by Filter: 1379775
              ->  Index Only Scan using title_pkey on title t  (cost=0.43..8.36 rows=1 width=4) (actual time=0.018..0.019 rows=1 loops=260)
                    Index Cond: (id = mi_idx.movie_id)
                    Heap Fetches: 260
Planning time: 0.730 ms
Execution time: 1215.515 ms
