Hash Join  (cost=84430.46..171136.86 rows=4836 width=0) (actual time=2100.004..2881.543 rows=16657 loops=1)
  Hash Cond: (mk.movie_id = t.id)
  ->  Seq Scan on movie_keyword mk  (cost=0.00..69693.30 rows=4523930 width=4) (actual time=0.023..1066.895 rows=4523930 loops=1)
  ->  Hash  (cost=84396.67..84396.67 rows=2703 width=8) (actual time=1009.846..1009.846 rows=1895 loops=1)
        Buckets: 4096  Batches: 1  Memory Usage: 107kB
        ->  Nested Loop  (cost=0.43..84396.67 rows=2703 width=8) (actual time=363.668..1008.933 rows=1895 loops=1)
              ->  Seq Scan on movie_companies mc  (cost=0.00..51404.11 rows=4436 width=4) (actual time=0.072..893.082 rows=3890 loops=1)
                    Filter: (company_id = 240)
                    Rows Removed by Filter: 2605239
              ->  Index Scan using title_pkey on title t  (cost=0.43..7.43 rows=1 width=4) (actual time=0.029..0.029 rows=0 loops=3890)
                    Index Cond: (id = mc.movie_id)
                    Filter: (kind_id = 7)
                    Rows Removed by Filter: 1
Planning time: 4.933 ms
Execution time: 2883.871 ms
