Seq Scan on movie_keyword mk  (cost=0.00..81003.12 rows=246 width=0) (actual time=11.689..1261.420 rows=318 loops=1)
  Filter: (keyword_id = 4717)
  Rows Removed by Filter: 4523612
Planning time: 0.396 ms
Execution time: 1261.685 ms
