Hash Join  (cost=908695.88..2907511.15 rows=80774305 width=0) (actual time=25131.677..101160.833 rows=197593479 loops=1)
  Hash Cond: (ci.movie_id = t.id)
  ->  Seq Scan on cast_info ci  (cost=0.00..705507.15 rows=18374897 width=4) (actual time=2837.382..14456.634 rows=18541382 loops=1)
        Filter: (person_id > 1752892)
        Rows Removed by Filter: 17702962
  ->  Hash  (cost=726337.31..726337.31 rows=11115165 width=8) (actual time=22288.231..22288.231 rows=11210743 loops=1)
        Buckets: 131072  Batches: 256  Memory Usage: 2722kB
        ->  Hash Join  (cost=102767.86..726337.31 rows=11115165 width=8) (actual time=2058.431..19171.693 rows=11210743 loops=1)
              Hash Cond: (mi.movie_id = t.id)
              ->  Seq Scan on movie_info mi  (cost=0.00..346232.03 rows=11115165 width=4) (actual time=0.047..7657.056 rows=11210743 loops=1)
                    Filter: (info_type_id > 3)
                    Rows Removed by Filter: 3624977
              ->  Hash  (cost=61283.27..61283.27 rows=2528527 width=4) (actual time=2057.110..2057.110 rows=2528312 loops=1)
                    Buckets: 131072  Batches: 64  Memory Usage: 2425kB
                    ->  Seq Scan on title t  (cost=0.00..61283.27 rows=2528527 width=4) (actual time=0.024..1159.553 rows=2528312 loops=1)
Planning time: 1.183 ms
Execution time: 122584.227 ms
