Hash Join  (cost=102767.86..230674.29 rows=1538665 width=0) (actual time=1888.213..5002.971 rows=1552636 loops=1)
  Hash Cond: (mk.movie_id = t.id)
  ->  Seq Scan on movie_keyword mk  (cost=0.00..81003.12 rows=1538665 width=4) (actual time=0.016..1586.478 rows=1552636 loops=1)
        Filter: (keyword_id > 10149)
        Rows Removed by Filter: 2971294
  ->  Hash  (cost=61283.27..61283.27 rows=2528527 width=4) (actual time=1887.024..1887.024 rows=2528312 loops=1)
        Buckets: 131072  Batches: 64  Memory Usage: 2425kB
        ->  Seq Scan on title t  (cost=0.00..61283.27 rows=2528527 width=4) (actual time=0.011..998.494 rows=2528312 loops=1)
Planning time: 0.729 ms
Execution time: 5180.312 ms
