Hash Join  (cost=102767.86..212066.65 rows=765395 width=0) (actual time=1744.705..4876.469 rows=765020 loops=1)
  Hash Cond: (mk.movie_id = t.id)
  ->  Seq Scan on movie_keyword mk  (cost=0.00..81003.12 rows=765395 width=4) (actual time=0.015..1641.439 rows=765020 loops=1)
        Filter: (keyword_id < 721)
        Rows Removed by Filter: 3758910
  ->  Hash  (cost=61283.27..61283.27 rows=2528527 width=4) (actual time=1743.757..1743.757 rows=2528312 loops=1)
        Buckets: 131072  Batches: 64  Memory Usage: 2425kB
        ->  Seq Scan on title t  (cost=0.00..61283.27 rows=2528527 width=4) (actual time=0.020..934.118 rows=2528312 loops=1)
Planning time: 0.736 ms
Execution time: 4959.122 ms
