Hash Join  (cost=106103.37..460866.76 rows=30155 width=0) (actual time=1942.822..8379.647 rows=129052 loops=1)
  Hash Cond: (mi.movie_id = t.id)
  ->  Seq Scan on movie_info mi  (cost=0.00..346232.03 rows=2194617 width=4) (actual time=0.015..5940.769 rows=2233850 loops=1)
        Filter: (info_type_id > 16)
        Rows Removed by Filter: 12601870
  ->  Hash  (cost=105669.08..105669.08 rows=34743 width=8) (actual time=1942.224..1942.224 rows=38578 loops=1)
        Buckets: 65536  Batches: 1  Memory Usage: 2019kB
        ->  Hash Join  (cost=69179.59..105669.08 rows=34743 width=8) (actual time=1068.183..1927.638 rows=38578 loops=1)
              Hash Cond: (mi_idx.movie_id = t.id)
              ->  Seq Scan on movie_info_idx mi_idx  (cost=0.00..25185.44 rows=915101 width=4) (actual time=0.023..494.076 rows=919850 loops=1)
                    Filter: (info_type_id < 101)
                    Rows Removed by Filter: 460185
              ->  Hash  (cost=67604.59..67604.59 rows=96000 width=4) (actual time=1067.289..1067.289 rows=95005 loops=1)
                    Buckets: 131072  Batches: 2  Memory Usage: 2716kB
                    ->  Seq Scan on title t  (cost=0.00..67604.59 rows=96000 width=4) (actual time=0.019..1032.030 rows=95005 loops=1)
                          Filter: (production_year = 2005)
                          Rows Removed by Filter: 2433307
Planning time: 1.185 ms
Execution time: 8398.056 ms
