Hash Join  (cost=77312.52..145565.17 rows=134856 width=0) (actual time=1316.218..2605.599 rows=122533 loops=1)
  Hash Cond: (mc.movie_id = t.id)
  ->  Seq Scan on movie_companies mc  (cost=0.00..57926.93 rows=576307 width=4) (actual time=0.026..1002.566 rows=364069 loops=1)
        Filter: ((company_id < 8124) AND (company_type_id > 1))
        Rows Removed by Filter: 2245060
  ->  Hash  (cost=67604.59..67604.59 rows=591675 width=4) (actual time=1315.395..1315.395 rows=585020 loops=1)
        Buckets: 131072  Batches: 8  Memory Usage: 3586kB
        ->  Seq Scan on title t  (cost=0.00..67604.59 rows=591675 width=4) (actual time=0.024..1132.773 rows=585020 loops=1)
              Filter: (production_year < 1985)
              Rows Removed by Filter: 1943292
Planning time: 0.742 ms
Execution time: 2618.563 ms
