Seq Scan on movie_keyword mk  (cost=0.00..81003.12 rows=4015649 width=0) (actual time=0.014..1728.128 rows=4015438 loops=1)
  Filter: (keyword_id > 370)
  Rows Removed by Filter: 508492
Planning time: 0.296 ms
Execution time: 2243.683 ms
