Hash Join  (cost=449606.01..608299.52 rows=690791 width=0) (actual time=9950.433..13191.593 rows=433279 loops=1)
  Hash Cond: (mk.movie_id = t.id)
  ->  Seq Scan on movie_keyword mk  (cost=0.00..69693.30 rows=4523930 width=4) (actual time=0.014..1391.719 rows=4523930 loops=1)
  ->  Hash  (cost=443270.77..443270.77 rows=386099 width=8) (actual time=9874.169..9874.169 rows=180013 loops=1)
        Buckets: 131072  Batches: 8  Memory Usage: 1905kB
        ->  Hash Join  (cost=74753.85..443270.77 rows=386099 width=8) (actual time=1121.266..9472.660 rows=180013 loops=1)
              Hash Cond: (mi.movie_id = t.id)
              ->  Seq Scan on movie_info mi  (cost=0.00..309384.22 rows=14739122 width=4) (actual time=0.010..4183.706 rows=14835720 loops=1)
              ->  Hash  (cost=73925.90..73925.90 rows=66236 width=4) (actual time=1120.476..1120.476 rows=74971 loops=1)
                    Buckets: 131072  Batches: 1  Memory Usage: 3660kB
                    ->  Seq Scan on title t  (cost=0.00..73925.90 rows=66236 width=4) (actual time=0.013..1090.985 rows=74971 loops=1)
                          Filter: ((kind_id > 4) AND (production_year = 2006))
                          Rows Removed by Filter: 2453341
Planning time: 1.172 ms
Execution time: 13246.936 ms
