Nested Loop  (cost=0.43..709673.15 rows=175 width=0) (actual time=6553.827..11352.574 rows=2 loops=1)
  ->  Seq Scan on cast_info ci  (cost=0.00..705507.15 rows=500 width=4) (actual time=1603.429..11349.321 rows=313 loops=1)
        Filter: (person_id = 1447966)
        Rows Removed by Filter: 36244031
  ->  Index Scan using title_pkey on title t  (cost=0.43..8.32 rows=1 width=4) (actual time=0.010..0.010 rows=0 loops=313)
        Index Cond: (id = ci.movie_id)
        Filter: (production_year < 1997)
        Rows Removed by Filter: 1
Planning time: 0.599 ms
Execution time: 11352.673 ms
