Seq Scan on title t  (cost=0.00..67604.59 rows=113109 width=0) (actual time=0.028..1018.503 rows=119565 loops=1)
  Filter: (production_year = 2007)
  Rows Removed by Filter: 2408747
Planning time: 0.389 ms
Execution time: 1036.813 ms
