Hash Join  (cost=87642.27..185652.24 rows=305545 width=0) (actual time=1917.359..3953.838 rows=176530 loops=1)
  Hash Cond: (mk.movie_id = t.id)
  ->  Seq Scan on movie_keyword mk  (cost=0.00..81003.12 rows=924106 width=4) (actual time=0.023..1398.259 rows=930708 loops=1)
        Filter: (keyword_id < 872)
        Rows Removed by Filter: 3593222
  ->  Hash  (cost=73925.90..73925.90 rows=836029 width=4) (actual time=1916.114..1916.114 rows=742319 loops=1)
        Buckets: 131072  Batches: 16  Memory Usage: 2663kB
        ->  Seq Scan on title t  (cost=0.00..73925.90 rows=836029 width=4) (actual time=0.017..1333.251 rows=742319 loops=1)
              Filter: ((kind_id > 1) AND (production_year < 2002))
              Rows Removed by Filter: 1785993
Planning time: 0.824 ms
Execution time: 3977.373 ms
