Hash Join  (cost=148712.82..264967.20 rows=149418 width=0) (actual time=3030.149..5746.368 rows=1116633 loops=1)
  Hash Cond: (mk.movie_id = t.id)
  ->  Seq Scan on movie_keyword mk  (cost=0.00..81003.12 rows=2874955 width=4) (actual time=0.015..1627.961 rows=2868490 loops=1)
        Filter: (keyword_id < 8832)
        Rows Removed by Filter: 1655440
  ->  Hash  (cost=146556.15..146556.15 rows=131413 width=8) (actual time=3029.214..3029.214 rows=115325 loops=1)
        Buckets: 131072  Batches: 2  Memory Usage: 3278kB
        ->  Hash Join  (cost=69694.50..146556.15 rows=131413 width=8) (actual time=1168.005..2989.244 rows=115325 loops=1)
              Hash Cond: (mc.movie_id = t.id)
              ->  Seq Scan on movie_companies mc  (cost=0.00..44881.29 rows=2609129 width=4) (actual time=0.025..839.238 rows=2609129 loops=1)
              ->  Hash  (cost=67604.59..67604.59 rows=127353 width=4) (actual time=1167.151..1167.151 rows=128696 loops=1)
                    Buckets: 131072  Batches: 2  Memory Usage: 3284kB
                    ->  Seq Scan on title t  (cost=0.00..67604.59 rows=127353 width=4) (actual time=0.031..1114.880 rows=128696 loops=1)
                          Filter: (production_year = 2009)
                          Rows Removed by Filter: 2399616
Planning time: 1.154 ms
Execution time: 5869.521 ms
