Hash Join  (cost=102767.86..279961.67 rows=3586996 width=0) (actual time=1970.138..6875.529 rows=3580075 loops=1)
  Hash Cond: (mk.movie_id = t.id)
  ->  Seq Scan on movie_keyword mk  (cost=0.00..81003.12 rows=3586996 width=4) (actual time=0.030..1894.488 rows=3580075 loops=1)
        Filter: (keyword_id > 876)
        Rows Removed by Filter: 943855
  ->  Hash  (cost=61283.27..61283.27 rows=2528527 width=4) (actual time=1968.459..1968.459 rows=2528312 loops=1)
        Buckets: 131072  Batches: 64  Memory Usage: 2425kB
        ->  Seq Scan on title t  (cost=0.00..61283.27 rows=2528527 width=4) (actual time=0.013..1117.559 rows=2528312 loops=1)
Planning time: 0.713 ms
Execution time: 7291.072 ms
