Hash Join  (cost=88359.31..946400.29 rows=1722257 width=0) (actual time=4773.396..16555.879 rows=466930 loops=1)
  Hash Cond: (ci.movie_id = t.id)
  ->  Seq Scan on cast_info ci  (cost=0.00..796071.18 rows=3442460 width=4) (actual time=3076.242..13950.180 rows=1138710 loops=1)
        Filter: ((person_id < 2152614) AND (role_id > 8))
        Rows Removed by Filter: 35105634
  ->  Hash  (cost=67604.59..67604.59 rows=1265018 width=4) (actual time=1696.158..1696.158 rows=1263700 loops=1)
        Buckets: 131072  Batches: 32  Memory Usage: 2410kB
        ->  Seq Scan on title t  (cost=0.00..67604.59 rows=1265018 width=4) (actual time=0.017..1286.432 rows=1263700 loops=1)
              Filter: (production_year < 2004)
              Rows Removed by Filter: 1264612
Planning time: 1.544 ms
Execution time: 16613.430 ms
