Hash Join  (cost=982680.91..1115760.53 rows=1620711 width=0) (actual time=18478.370..22260.805 rows=2500986 loops=1)
  Hash Cond: (mk.movie_id = t.id)
  ->  Seq Scan on movie_keyword mk  (cost=0.00..81003.12 rows=2242276 width=4) (actual time=0.008..1629.608 rows=2238698 loops=1)
        Filter: (keyword_id < 4609)
        Rows Removed by Filter: 2285232
  ->  Hash  (cost=952695.75..952695.75 rows=1827613 width=8) (actual time=18476.763..18476.763 rows=1387800 loops=1)
        Buckets: 131072  Batches: 32  Memory Usage: 2723kB
        ->  Hash Join  (cost=102767.86..952695.75 rows=1827613 width=8) (actual time=11718.957..18096.958 rows=1387800 loops=1)
              Hash Cond: (ci.movie_id = t.id)
              ->  Seq Scan on cast_info ci  (cost=0.00..796071.18 rows=1827613 width=4) (actual time=9821.423..14773.203 rows=1387800 loops=1)
                    Filter: ((person_id < 2479255) AND (role_id = 4))
                    Rows Removed by Filter: 34856544
              ->  Hash  (cost=61283.27..61283.27 rows=2528527 width=4) (actual time=1895.632..1895.632 rows=2528312 loops=1)
                    Buckets: 131072  Batches: 64  Memory Usage: 2415kB
                    ->  Seq Scan on title t  (cost=0.00..61283.27 rows=2528527 width=4) (actual time=0.028..1076.006 rows=2528312 loops=1)
Planning time: 1.802 ms
Execution time: 22549.542 ms
