Seq Scan on movie_keyword mk  (cost=0.00..81003.12 rows=5429 width=0) (actual time=0.859..948.391 rows=4239 loops=1)
  Filter: (keyword_id = 2130)
  Rows Removed by Filter: 4519691
Planning time: 0.433 ms
Execution time: 949.426 ms
