Hash Join  (cost=84005.63..144513.81 rows=116385 width=0) (actual time=1589.794..2946.690 rows=220004 loops=1)
  Hash Cond: (mc.movie_id = t.id)
  ->  Seq Scan on movie_companies mc  (cost=0.00..51404.11 rows=478991 width=4) (actual time=193.931..892.480 rows=482028 loops=1)
        Filter: (company_id > 75125)
        Rows Removed by Filter: 2127101
  ->  Hash  (cost=73925.90..73925.90 rows=614378 width=4) (actual time=1394.858..1394.858 rows=520376 loops=1)
        Buckets: 131072  Batches: 16  Memory Usage: 2162kB
        ->  Seq Scan on title t  (cost=0.00..73925.90 rows=614378 width=4) (actual time=0.034..1233.916 rows=520376 loops=1)
              Filter: ((kind_id < 7) AND (production_year > 1996))
              Rows Removed by Filter: 2007936
Planning time: 0.740 ms
Execution time: 2969.530 ms
