Hash Join  (cost=175027.18..1417045.27 rows=12745929 width=0) (actual time=4486.413..47911.128 rows=26100619 loops=1)
  Hash Cond: (ci.movie_id = t.id)
  ->  Seq Scan on cast_info ci  (cost=0.00..705507.15 rows=35066840 width=4) (actual time=0.026..17151.570 rows=35060292 loops=1)
        Filter: (person_id < 3832382)
        Rows Removed by Filter: 1184052
  ->  Hash  (cost=159947.97..159947.97 rows=919057 width=8) (actual time=4485.330..4485.330 rows=920110 loops=1)
        Buckets: 131072  Batches: 16  Memory Usage: 3269kB
        ->  Hash Join  (cost=102767.86..159947.97 rows=919057 width=8) (actual time=2432.902..4205.982 rows=920110 loops=1)
              Hash Cond: (mi_idx.movie_id = t.id)
              ->  Seq Scan on movie_info_idx mi_idx  (cost=0.00..25185.44 rows=919057 width=4) (actual time=0.054..586.798 rows=920110 loops=1)
                    Filter: (info_type_id > 99)
                    Rows Removed by Filter: 459925
              ->  Hash  (cost=61283.27..61283.27 rows=2528527 width=4) (actual time=1928.213..1928.213 rows=2528312 loops=1)
                    Buckets: 131072  Batches: 64  Memory Usage: 2415kB
                    ->  Seq Scan on title t  (cost=0.00..61283.27 rows=2528527 width=4) (actual time=0.023..1078.852 rows=2528312 loops=1)
Planning time: 1.183 ms
Execution time: 50885.876 ms
