Hash Join  (cost=93117.31..147096.91 rows=848707 width=0) (actual time=1751.148..3300.080 rows=1010682 loops=1)
  Hash Cond: (mi_idx.movie_id = t.id)
  ->  Seq Scan on movie_info_idx mi_idx  (cost=0.00..21735.35 rows=1380035 width=4) (actual time=0.024..431.726 rows=1380035 loops=1)
  ->  Hash  (cost=67604.59..67604.59 rows=1555018 width=4) (actual time=1750.241..1750.241 rows=1551727 loops=1)
        Buckets: 131072  Batches: 32  Memory Usage: 2728kB
        ->  Seq Scan on title t  (cost=0.00..67604.59 rows=1555018 width=4) (actual time=0.022..1255.584 rows=1551727 loops=1)
              Filter: (production_year < 2007)
              Rows Removed by Filter: 976585
Planning time: 2.268 ms
Execution time: 3410.025 ms
