Hash Join  (cost=489937.46..578423.66 rows=974667 width=0) (actual time=8298.234..10203.650 rows=32038 loops=1)
  Hash Cond: (mc.movie_id = t.id)
  ->  Seq Scan on movie_companies mc  (cost=0.00..44881.29 rows=2609129 width=4) (actual time=0.016..834.529 rows=2609129 loops=1)
  ->  Hash  (cost=474440.50..474440.50 rows=944557 width=8) (actual time=8294.109..8294.109 rows=14340 loops=1)
        Buckets: 131072  Batches: 16  Memory Usage: 1059kB
        ->  Hash Join  (cost=92883.59..474440.50 rows=944557 width=8) (actual time=3939.988..8287.990 rows=14340 loops=1)
              Hash Cond: (mi.movie_id = t.id)
              ->  Seq Scan on movie_info mi  (cost=0.00..346232.03 rows=1550064 width=4) (actual time=2188.133..5518.950 rows=1533909 loops=1)
                    Filter: (info_type_id = 3)
                    Rows Removed by Filter: 13301811
              ->  Hash  (cost=67604.59..67604.59 rows=1540800 width=4) (actual time=1749.137..1749.137 rows=1543264 loops=1)
                    Buckets: 131072  Batches: 32  Memory Usage: 2728kB
                    ->  Seq Scan on title t  (cost=0.00..67604.59 rows=1540800 width=4) (actual time=0.034..1247.362 rows=1543264 loops=1)
                          Filter: (kind_id = 7)
                          Rows Removed by Filter: 985048
Planning time: 1.198 ms
Execution time: 10207.978 ms
