Seq Scan on movie_companies mc  (cost=0.00..51404.11 rows=1263923 width=0) (actual time=0.015..927.751 rows=1275177 loops=1)
  Filter: (company_id > 11412)
  Rows Removed by Filter: 1333952
Planning time: 0.230 ms
Execution time: 1087.260 ms
