Hash Join  (cost=227270.17..730845.92 rows=3253616 width=0) (actual time=6056.926..23983.572 rows=27694946 loops=1)
  Hash Cond: (mi.movie_id = t.id)
  ->  Seq Scan on movie_info mi  (cost=0.00..346232.03 rows=9476311 width=4) (actual time=56.762..6733.699 rows=9565151 loops=1)
        Filter: (info_type_id < 16)
        Rows Removed by Filter: 5270569
  ->  Hash  (cost=213026.30..213026.30 rows=868150 width=8) (actual time=5962.198..5962.198 rows=1198432 loops=1)
        Buckets: 131072  Batches: 16  Memory Usage: 4099kB
        ->  Hash Join  (cost=77062.89..213026.30 rows=868150 width=8) (actual time=1207.386..4908.427 rows=1198432 loops=1)
              Hash Cond: (mk.movie_id = t.id)
              ->  Seq Scan on movie_keyword mk  (cost=0.00..81003.12 rows=3807676 width=4) (actual time=0.027..1705.471 rows=3808083 loops=1)
                    Filter: (keyword_id > 613)
                    Rows Removed by Filter: 715847
              ->  Hash  (cost=67604.59..67604.59 rows=576504 width=4) (actual time=1206.496..1206.496 rows=568449 loops=1)
                    Buckets: 131072  Batches: 8  Memory Usage: 3519kB
                    ->  Seq Scan on title t  (cost=0.00..67604.59 rows=576504 width=4) (actual time=0.021..1019.854 rows=568449 loops=1)
                          Filter: (production_year < 1984)
                          Rows Removed by Filter: 1959863
Planning time: 6.532 ms
Execution time: 27135.719 ms
