Seq Scan on title t  (cost=0.00..73925.90 rows=2905 width=0) (actual time=324.349..1130.534 rows=2466 loops=1)
  Filter: ((kind_id < 7) AND (production_year = 1935))
  Rows Removed by Filter: 2525846
Planning time: 0.390 ms
Execution time: 1131.329 ms
