Seq Scan on movie_keyword mk  (cost=0.00..81003.12 rows=246 width=0) (actual time=0.534..1253.248 rows=531 loops=1)
  Filter: (keyword_id = 503)
  Rows Removed by Filter: 4523399
Planning time: 0.261 ms
Execution time: 1253.580 ms
