Hash Join  (cost=107093.16..194945.57 rows=119437 width=0) (actual time=2042.929..4049.647 rows=745170 loops=1)
  Hash Cond: (mk.movie_id = t.id)
  ->  Seq Scan on movie_keyword mk  (cost=0.00..69693.30 rows=4523930 width=4) (actual time=0.019..938.150 rows=4523930 loops=1)
  ->  Hash  (cost=106258.71..106258.71 rows=66756 width=8) (actual time=2042.354..2042.354 rows=72899 loops=1)
        Buckets: 131072  Batches: 1  Memory Usage: 3872kB
        ->  Hash Join  (cost=73702.75..106258.71 rows=66756 width=8) (actual time=1250.769..2014.120 rows=72899 loops=1)
              Hash Cond: (mi_idx.movie_id = t.id)
              ->  Seq Scan on movie_info_idx mi_idx  (cost=0.00..25185.44 rows=454124 width=4) (actual time=0.015..462.030 rows=459925 loops=1)
                    Filter: (info_type_id = 100)
                    Rows Removed by Filter: 920110
              ->  Hash  (cost=67604.59..67604.59 rows=371693 width=4) (actual time=1249.710..1249.710 rows=366430 loops=1)
                    Buckets: 131072  Batches: 8  Memory Usage: 2627kB
                    ->  Seq Scan on title t  (cost=0.00..67604.59 rows=371693 width=4) (actual time=0.011..1128.199 rows=366430 loops=1)
                          Filter: (production_year < 1970)
                          Rows Removed by Filter: 2161882
Planning time: 0.757 ms
Execution time: 4143.687 ms
