Seq Scan on movie_companies mc  (cost=0.00..51404.11 rows=1705519 width=0) (actual time=0.020..999.507 rows=1696610 loops=1)
  Filter: (company_id < 20633)
  Rows Removed by Filter: 912519
Planning time: 0.357 ms
Execution time: 1207.870 ms
