Seq Scan on movie_companies mc  (cost=0.00..57926.93 rows=53 width=0) (actual time=381.656..777.659 rows=68 loops=1)
  Filter: ((company_id = 15344) AND (company_type_id = 2))
  Rows Removed by Filter: 2609061
Planning time: 2.702 ms
Execution time: 777.788 ms
