Hash Join  (cost=74671.72..134180.83 rows=9366 width=0) (actual time=1386.077..2162.024 rows=3888 loops=1)
  Hash Cond: (mc.movie_id = t.id)
  ->  Seq Scan on movie_companies mc  (cost=0.00..57926.93 rows=396939 width=4) (actual time=159.719..870.989 rows=229233 loops=1)
        Filter: ((company_id < 1624) AND (company_type_id = 2))
        Rows Removed by Filter: 2379896
  ->  Hash  (cost=73925.90..73925.90 rows=59665 width=4) (actual time=1225.677..1225.677 rows=68274 loops=1)
        Buckets: 131072 (originally 65536)  Batches: 1 (originally 1)  Memory Usage: 3425kB
        ->  Seq Scan on title t  (cost=0.00..73925.90 rows=59665 width=4) (actual time=0.031..1193.368 rows=68274 loops=1)
              Filter: ((kind_id > 2) AND (production_year = 2004))
              Rows Removed by Filter: 2460038
Planning time: 9.776 ms
Execution time: 2162.931 ms
