Hash Join  (cost=470006.50..603027.14 rows=904361 width=0) (actual time=9046.628..11260.333 rows=261882 loops=1)
  Hash Cond: (mk.movie_id = t.id)
  ->  Seq Scan on movie_keyword mk  (cost=0.00..69693.30 rows=4523930 width=4) (actual time=0.017..1372.128 rows=4523930 loops=1)
  ->  Hash  (cost=461713.15..461713.15 rows=505468 width=8) (actual time=8204.218..8204.218 rows=147243 loops=1)
        Buckets: 131072  Batches: 8  Memory Usage: 1747kB
        ->  Hash Join  (cost=84037.34..461713.15 rows=505468 width=8) (actual time=3603.571..8155.130 rows=147243 loops=1)
              Hash Cond: (mi.movie_id = t.id)
              ->  Seq Scan on movie_info mi  (cost=0.00..346232.03 rows=2073893 width=4) (actual time=2151.226..5545.674 rows=2091068 loops=1)
                    Filter: (info_type_id < 3)
                    Rows Removed by Filter: 12744652
              ->  Hash  (cost=73925.90..73925.90 rows=616275 width=4) (actual time=1451.081..1451.081 rows=676927 loops=1)
                    Buckets: 131072  Batches: 16  Memory Usage: 2522kB
                    ->  Seq Scan on title t  (cost=0.00..73925.90 rows=616275 width=4) (actual time=0.029..1229.953 rows=676927 loops=1)
                          Filter: ((production_year > 2005) AND (kind_id = 7))
                          Rows Removed by Filter: 1851385
Planning time: 1.206 ms
Execution time: 11285.413 ms
