Hash Join  (cost=190230.21..316383.11 rows=1274909 width=0) (actual time=4155.142..8374.330 rows=5346325 loops=1)
  Hash Cond: (mk.movie_id = t.id)
  ->  Seq Scan on movie_keyword mk  (cost=0.00..81003.12 rows=2335914 width=4) (actual time=0.024..1569.634 rows=2336505 loops=1)
        Filter: (keyword_id < 5165)
        Rows Removed by Filter: 2187425
  ->  Hash  (cost=167588.78..167588.78 rows=1380035 width=8) (actual time=4154.312..4154.312 rows=1380035 loops=1)
        Buckets: 131072  Batches: 32  Memory Usage: 2726kB
        ->  Hash Join  (cost=102767.86..167588.78 rows=1380035 width=8) (actual time=1985.495..3777.837 rows=1380035 loops=1)
              Hash Cond: (mi_idx.movie_id = t.id)
              ->  Seq Scan on movie_info_idx mi_idx  (cost=0.00..21735.35 rows=1380035 width=4) (actual time=0.015..431.643 rows=1380035 loops=1)
              ->  Hash  (cost=61283.27..61283.27 rows=2528527 width=4) (actual time=1983.895..1983.895 rows=2528312 loops=1)
                    Buckets: 131072  Batches: 64  Memory Usage: 2415kB
                    ->  Seq Scan on title t  (cost=0.00..61283.27 rows=2528527 width=4) (actual time=0.023..1130.267 rows=2528312 loops=1)
Planning time: 8.715 ms
Execution time: 9034.113 ms
