Hash Join  (cost=67942.77..95000.92 rows=14766 width=0) (actual time=1030.625..1671.121 rows=19681 loops=1)
  Hash Cond: (mi_idx.movie_id = t.id)
  ->  Seq Scan on movie_info_idx mi_idx  (cost=0.00..21735.35 rows=1380035 width=4) (actual time=0.018..298.185 rows=1380035 loops=1)
  ->  Hash  (cost=67604.59..67604.59 rows=27055 width=4) (actual time=1030.206..1030.206 rows=26775 loops=1)
        Buckets: 32768  Batches: 1  Memory Usage: 1198kB
        ->  Seq Scan on title t  (cost=0.00..67604.59 rows=27055 width=4) (actual time=0.022..1017.882 rows=26775 loops=1)
              Filter: (production_year = 1993)
              Rows Removed by Filter: 2501537
Planning time: 4.023 ms
Execution time: 1674.318 ms
