Hash Join  (cost=69460.45..108212.26 rows=61733 width=0) (actual time=1148.610..2035.142 rows=58024 loops=1)
  Hash Cond: (mi_idx.movie_id = t.id)
  ->  Seq Scan on movie_info_idx mi_idx  (cost=0.00..21735.35 rows=1380035 width=4) (actual time=0.020..419.153 rows=1380035 loops=1)
  ->  Hash  (cost=67604.59..67604.59 rows=113109 width=4) (actual time=1147.711..1147.711 rows=119565 loops=1)
        Buckets: 131072  Batches: 2  Memory Usage: 3115kB
        ->  Seq Scan on title t  (cost=0.00..67604.59 rows=113109 width=4) (actual time=0.044..1101.797 rows=119565 loops=1)
              Filter: (production_year = 2007)
              Rows Removed by Filter: 2408747
Planning time: 0.740 ms
Execution time: 2043.163 ms
