Hash Join  (cost=98137.04..1023160.95 rows=4439624 width=0) (actual time=6931.210..22664.725 rows=4917027 loops=1)
  Hash Cond: (ci.movie_id = t.id)
  ->  Seq Scan on cast_info ci  (cost=0.00..796071.18 rows=6032098 width=4) (actual time=4934.177..15469.702 rows=6866216 loops=1)
        Filter: ((person_id > 809870) AND (role_id > 6))
        Rows Removed by Filter: 29378128
  ->  Hash  (cost=67604.59..67604.59 rows=1860996 width=4) (actual time=1995.396..1995.396 rows=1865487 loops=1)
        Buckets: 131072  Batches: 32  Memory Usage: 3079kB
        ->  Seq Scan on title t  (cost=0.00..67604.59 rows=1860996 width=4) (actual time=0.038..1401.047 rows=1865487 loops=1)
              Filter: (kind_id > 1)
              Rows Removed by Filter: 662825
Planning time: 0.818 ms
Execution time: 23239.576 ms
