Seq Scan on title t  (cost=0.00..67604.59 rows=96000 width=0) (actual time=0.035..993.396 rows=95005 loops=1)
  Filter: (production_year = 2005)
  Rows Removed by Filter: 2433307
Planning time: 3.603 ms
Execution time: 1007.276 ms
