Seq Scan on cast_info ci  (cost=0.00..705507.15 rows=500 width=0) (actual time=3338.448..10928.881 rows=1269 loops=1)
  Filter: (person_id = 1350010)
  Rows Removed by Filter: 36243075
Planning time: 0.956 ms
Execution time: 10929.148 ms
