Hash Join  (cost=209684.49..253222.89 rows=340692 width=0) (actual time=4628.585..6288.987 rows=1778890 loops=1)
  Hash Cond: (mi_idx.movie_id = t.id)
  ->  Seq Scan on movie_info_idx mi_idx  (cost=0.00..21735.35 rows=1380035 width=4) (actual time=0.018..468.704 rows=1380035 loops=1)
  ->  Hash  (cost=199442.72..199442.72 rows=624222 width=8) (actual time=4627.181..4627.181 rows=783241 loops=1)
        Buckets: 131072  Batches: 16  Memory Usage: 2956kB
        ->  Hash Join  (cost=93117.31..199442.72 rows=624222 width=8) (actual time=1787.428..4393.044 rows=783241 loops=1)
              Hash Cond: (mk.movie_id = t.id)
              ->  Seq Scan on movie_keyword mk  (cost=0.00..81003.12 rows=1015012 width=4) (actual time=0.017..1602.723 rows=1016985 loops=1)
                    Filter: (keyword_id < 992)
                    Rows Removed by Filter: 3506945
              ->  Hash  (cost=67604.59..67604.59 rows=1555018 width=4) (actual time=1786.699..1786.699 rows=1551727 loops=1)
                    Buckets: 131072  Batches: 32  Memory Usage: 2736kB
                    ->  Seq Scan on title t  (cost=0.00..67604.59 rows=1555018 width=4) (actual time=0.021..1264.001 rows=1551727 loops=1)
                          Filter: (production_year < 2007)
                          Rows Removed by Filter: 976585
Planning time: 1.266 ms
Execution time: 6495.756 ms
