Hash Join  (cost=190230.21..319855.46 rows=1386247 width=0) (actual time=4127.876..8302.982 rows=5906772 loops=1)
  Hash Cond: (mk.movie_id = t.id)
  ->  Seq Scan on movie_keyword mk  (cost=0.00..81003.12 rows=2539908 width=4) (actual time=0.026..1521.332 rows=2539218 loops=1)
        Filter: (keyword_id > 3510)
        Rows Removed by Filter: 1984712
  ->  Hash  (cost=167588.78..167588.78 rows=1380035 width=8) (actual time=4126.949..4126.949 rows=1380035 loops=1)
        Buckets: 131072  Batches: 32  Memory Usage: 2726kB
        ->  Hash Join  (cost=102767.86..167588.78 rows=1380035 width=8) (actual time=1850.380..3743.229 rows=1380035 loops=1)
              Hash Cond: (mi_idx.movie_id = t.id)
              ->  Seq Scan on movie_info_idx mi_idx  (cost=0.00..21735.35 rows=1380035 width=4) (actual time=0.018..445.114 rows=1380035 loops=1)
              ->  Hash  (cost=61283.27..61283.27 rows=2528527 width=4) (actual time=1848.209..1848.209 rows=2528312 loops=1)
                    Buckets: 131072  Batches: 64  Memory Usage: 2415kB
                    ->  Seq Scan on title t  (cost=0.00..61283.27 rows=2528527 width=4) (actual time=0.010..1002.265 rows=2528312 loops=1)
Planning time: 1.183 ms
Execution time: 8972.096 ms
