Hash Join  (cost=263115.61..432991.60 rows=3329957 width=0) (actual time=6908.842..16761.829 rows=24811548 loops=1)
  Hash Cond: (mk.movie_id = t.id)
  ->  Seq Scan on movie_keyword mk  (cost=0.00..81003.12 rows=3227087 width=4) (actual time=0.011..1977.823 rows=3211958 loops=1)
        Filter: (keyword_id < 13395)
        Rows Removed by Filter: 1311972
  ->  Hash  (cost=220309.49..220309.49 rows=2609129 width=8) (actual time=6895.706..6895.706 rows=2609129 loops=1)
        Buckets: 131072  Batches: 64  Memory Usage: 2691kB
        ->  Hash Join  (cost=102767.86..220309.49 rows=2609129 width=8) (actual time=1959.500..5384.082 rows=2609129 loops=1)
              Hash Cond: (mc.movie_id = t.id)
              ->  Seq Scan on movie_companies mc  (cost=0.00..44881.29 rows=2609129 width=4) (actual time=0.023..830.443 rows=2609129 loops=1)
              ->  Hash  (cost=61283.27..61283.27 rows=2528527 width=4) (actual time=1957.570..1957.570 rows=2528312 loops=1)
                    Buckets: 131072  Batches: 64  Memory Usage: 2415kB
                    ->  Seq Scan on title t  (cost=0.00..61283.27 rows=2528527 width=4) (actual time=0.014..1082.567 rows=2528312 loops=1)
Planning time: 1.098 ms
Execution time: 19746.627 ms
