Hash Join  (cost=73983.02..443694.30 rows=11259 width=0) (actual time=1226.945..8396.974 rows=20798 loops=1)
  Hash Cond: (mi.movie_id = t.id)
  ->  Seq Scan on movie_info mi  (cost=0.00..346232.03 rows=6231111 width=4) (actual time=0.022..5982.322 rows=6223494 loops=1)
        Filter: (info_type_id > 8)
        Rows Removed by Filter: 8612226
  ->  Hash  (cost=73925.90..73925.90 rows=4569 width=4) (actual time=1226.556..1226.556 rows=12275 loops=1)
        Buckets: 16384 (originally 8192)  Batches: 1 (originally 1)  Memory Usage: 560kB
        ->  Seq Scan on title t  (cost=0.00..73925.90 rows=4569 width=4) (actual time=0.072..1220.748 rows=12275 loops=1)
              Filter: ((kind_id > 4) AND (production_year = 1987))
              Rows Removed by Filter: 2516037
Planning time: 0.767 ms
Execution time: 8400.482 ms
