Seq Scan on cast_info ci  (cost=0.00..705507.15 rows=2110997 width=0) (actual time=1013.778..11013.239 rows=2051128 loops=1)
  Filter: (person_id < 201286)
  Rows Removed by Filter: 34193216
Planning time: 0.224 ms
Execution time: 11276.615 ms
