Nested Loop  (cost=0.43..117271.83 rows=10089 width=0) (actual time=0.136..975.435 rows=10160 loops=1)
  ->  Seq Scan on movie_companies mc  (cost=0.00..51404.11 rows=10089 width=4) (actual time=0.068..776.086 rows=10160 loops=1)
        Filter: (company_id = 2561)
        Rows Removed by Filter: 2598969
  ->  Index Only Scan using title_pkey on title t  (cost=0.43..6.52 rows=1 width=4) (actual time=0.019..0.019 rows=1 loops=10160)
        Index Cond: (id = mc.movie_id)
        Heap Fetches: 10160
Planning time: 3.593 ms
Execution time: 978.039 ms
