Seq Scan on movie_keyword mk  (cost=0.00..81003.12 rows=2660835 width=0) (actual time=0.022..1472.312 rows=2654172 loops=1)
  Filter: (keyword_id < 7365)
  Rows Removed by Filter: 1869758
Planning time: 0.322 ms
Execution time: 1807.977 ms
