Seq Scan on title t  (cost=0.00..67604.59 rows=1873807 width=0) (actual time=0.019..1167.772 rows=1871198 loops=1)
  Filter: (production_year > 1984)
  Rows Removed by Filter: 657114
Planning time: 1.054 ms
Execution time: 1405.465 ms
