Seq Scan on title t  (cost=0.00..73925.90 rows=45814 width=0) (actual time=0.020..829.879 rows=55711 loops=1)
  Filter: ((production_year > 2005) AND (kind_id = 4))
  Rows Removed by Filter: 2472601
Planning time: 0.362 ms
Execution time: 837.246 ms
