Hash Join  (cost=163712.65..1247974.56 rows=4911874 width=0) (actual time=3931.339..41888.846 rows=29367348 loops=1)
  Hash Cond: (ci.movie_id = t.id)
  ->  Seq Scan on cast_info ci  (cost=0.00..614943.12 rows=36225612 width=4) (actual time=0.020..13474.636 rows=36244344 loops=1)
  ->  Hash  (cost=158087.08..158087.08 rows=342846 width=8) (actual time=3930.200..3930.200 rows=689109 loops=1)
        Buckets: 131072 (originally 131072)  Batches: 16 (originally 8)  Memory Usage: 3073kB
        ->  Hash Join  (cost=81720.25..158087.08 rows=342846 width=8) (actual time=1744.902..3708.094 rows=689109 loops=1)
              Hash Cond: (mc.movie_id = t.id)
              ->  Seq Scan on movie_companies mc  (cost=0.00..57926.93 rows=1007582 width=4) (actual time=31.217..1184.020 rows=867516 loops=1)
                    Filter: ((company_id > 562) AND (company_type_id < 2))
                    Rows Removed by Filter: 1741613
              ->  Hash  (cost=67604.59..67604.59 rows=860373 width=4) (actual time=1712.847..1712.847 rows=854214 loops=1)
                    Buckets: 131072  Batches: 16  Memory Usage: 2897kB
                    ->  Seq Scan on title t  (cost=0.00..67604.59 rows=860373 width=4) (actual time=0.037..1141.635 rows=854214 loops=1)
                          Filter: (kind_id < 4)
                          Rows Removed by Filter: 1674098
Planning time: 1.211 ms
Execution time: 45130.853 ms
