Hash Join  (cost=102767.86..194695.91 rows=1273596 width=0) (actual time=1825.883..4227.885 rows=1263574 loops=1)
  Hash Cond: (mc.movie_id = t.id)
  ->  Seq Scan on movie_companies mc  (cost=0.00..51404.11 rows=1273596 width=4) (actual time=0.015..930.955 rows=1263574 loops=1)
        Filter: (company_id < 11203)
        Rows Removed by Filter: 1345555
  ->  Hash  (cost=61283.27..61283.27 rows=2528527 width=4) (actual time=1824.356..1824.356 rows=2528312 loops=1)
        Buckets: 131072  Batches: 64  Memory Usage: 2415kB
        ->  Seq Scan on title t  (cost=0.00..61283.27 rows=2528527 width=4) (actual time=0.021..986.734 rows=2528312 loops=1)
Planning time: 0.756 ms
Execution time: 4384.649 ms
