Seq Scan on movie_companies mc  (cost=0.00..51404.11 rows=104 width=0) (actual time=214.638..787.255 rows=3 loops=1)
  Filter: (company_id = 63540)
  Rows Removed by Filter: 2609126
Planning time: 0.372 ms
Execution time: 787.325 ms
