Seq Scan on movie_companies mc  (cost=0.00..51404.11 rows=1970994 width=0) (actual time=0.021..973.662 rows=1966047 loops=1)
  Filter: (company_id < 56377)
  Rows Removed by Filter: 643082
Planning time: 0.340 ms
Execution time: 1230.125 ms
