Hash Join  (cost=201216.95..246000.26 rows=413282 width=0) (actual time=4524.860..6372.058 rows=1921758 loops=1)
  Hash Cond: (mi_idx.movie_id = t.id)
  ->  Seq Scan on movie_info_idx mi_idx  (cost=0.00..21735.35 rows=1380035 width=4) (actual time=0.016..497.374 rows=1380035 loops=1)
  ->  Hash  (cost=188793.67..188793.67 rows=757223 width=8) (actual time=4523.830..4523.830 rows=1041403 loops=1)
        Buckets: 131072  Batches: 16  Memory Usage: 3540kB
        ->  Hash Join  (cost=102767.86..188793.67 rows=757223 width=8) (actual time=1955.777..4242.118 rows=1041403 loops=1)
              Hash Cond: (mc.movie_id = t.id)
              ->  Seq Scan on movie_companies mc  (cost=0.00..57926.93 rows=757223 width=4) (actual time=0.012..1098.017 rows=1041403 loops=1)
                    Filter: ((company_id < 14437) AND (company_type_id = 1))
                    Rows Removed by Filter: 1567726
              ->  Hash  (cost=61283.27..61283.27 rows=2528527 width=4) (actual time=1954.450..1954.450 rows=2528312 loops=1)
                    Buckets: 131072  Batches: 64  Memory Usage: 2415kB
                    ->  Seq Scan on title t  (cost=0.00..61283.27 rows=2528527 width=4) (actual time=0.023..1121.760 rows=2528312 loops=1)
Planning time: 1.151 ms
Execution time: 6608.511 ms
