Hash Join  (cost=87428.23..1063541.09 rows=5873527 width=0) (actual time=1630.437..26115.136 rows=4444015 loops=1)
  Hash Cond: (ci.movie_id = t.id)
  ->  Seq Scan on cast_info ci  (cost=0.00..705507.15 rows=18045717 width=4) (actual time=0.024..14494.678 rows=18199934 loops=1)
        Filter: (person_id > 1790950)
        Rows Removed by Filter: 18044410
  ->  Hash  (cost=73925.90..73925.90 rows=822986 width=4) (actual time=1628.761..1628.761 rows=738761 loops=1)
        Buckets: 131072  Batches: 16  Memory Usage: 2648kB
        ->  Seq Scan on title t  (cost=0.00..73925.90 rows=822986 width=4) (actual time=0.025..1391.591 rows=738761 loops=1)
              Filter: ((production_year < 2005) AND (kind_id = 7))
              Rows Removed by Filter: 1789551
Planning time: 0.652 ms
Execution time: 26635.610 ms
