Hash Join  (cost=156487.41..982869.52 rows=388296 width=0) (actual time=9935.592..18976.787 rows=1616284 loops=1)
  Hash Cond: (ci.movie_id = t.id)
  ->  Seq Scan on cast_info ci  (cost=0.00..796071.18 rows=2129857 width=4) (actual time=6348.911..12620.240 rows=4309730 loops=1)
        Filter: ((person_id < 577597) AND (role_id < 2))
        Rows Removed by Filter: 31934614
  ->  Hash  (cost=148924.19..148924.19 rows=460978 width=8) (actual time=3585.685..3585.685 rows=459925 loops=1)
        Buckets: 131072  Batches: 8  Memory Usage: 3275kB
        ->  Hash Join  (cost=102767.86..148924.19 rows=460978 width=8) (actual time=2071.744..3443.403 rows=459925 loops=1)
              Hash Cond: (mi_idx.movie_id = t.id)
              ->  Seq Scan on movie_info_idx mi_idx  (cost=0.00..25185.44 rows=460978 width=4) (actual time=0.036..524.313 rows=459925 loops=1)
                    Filter: (info_type_id = 99)
                    Rows Removed by Filter: 920110
              ->  Hash  (cost=61283.27..61283.27 rows=2528527 width=4) (actual time=2070.723..2070.723 rows=2528312 loops=1)
                    Buckets: 131072  Batches: 64  Memory Usage: 2415kB
                    ->  Seq Scan on title t  (cost=0.00..61283.27 rows=2528527 width=4) (actual time=0.020..1197.091 rows=2528312 loops=1)
Planning time: 1.144 ms
Execution time: 19160.768 ms
