Nested Loop  (cost=0.43..83071.67 rows=246 width=0) (actual time=0.534..1369.552 rows=1550 loops=1)
  ->  Seq Scan on movie_keyword mk  (cost=0.00..81003.12 rows=246 width=4) (actual time=0.466..1294.961 rows=1550 loops=1)
        Filter: (keyword_id = 2042)
        Rows Removed by Filter: 4522380
  ->  Index Only Scan using title_pkey on title t  (cost=0.43..8.40 rows=1 width=4) (actual time=0.047..0.047 rows=1 loops=1550)
        Index Cond: (id = mk.movie_id)
        Heap Fetches: 1550
Planning time: 0.769 ms
Execution time: 1370.118 ms
