Hash Join  (cost=101580.09..158056.37 rows=8614 width=0) (actual time=2247.788..3036.394 rows=9699 loops=1)
  Hash Cond: (mc.movie_id = t.id)
  ->  Seq Scan on movie_companies mc  (cost=0.00..51404.11 rows=1329612 width=4) (actual time=37.994..871.079 rows=1334883 loops=1)
        Filter: (company_type_id = 2)
        Rows Removed by Filter: 1274246
  ->  Hash  (cost=101375.34..101375.34 rows=16380 width=8) (actual time=1946.696..1946.696 rows=9804 loops=1)
        Buckets: 16384  Batches: 1  Memory Usage: 511kB
        ->  Hash Join  (cost=74301.05..101375.34 rows=16380 width=8) (actual time=1212.198..1943.015 rows=9804 loops=1)
              Hash Cond: (mi_idx.movie_id = t.id)
              ->  Seq Scan on movie_info_idx mi_idx  (cost=0.00..21735.35 rows=1380035 width=4) (actual time=0.024..393.359 rows=1380035 loops=1)
              ->  Hash  (cost=73925.90..73925.90 rows=30012 width=4) (actual time=1211.952..1211.952 rows=28831 loops=1)
                    Buckets: 32768  Batches: 1  Memory Usage: 1270kB
                    ->  Seq Scan on title t  (cost=0.00..73925.90 rows=30012 width=4) (actual time=0.026..1200.799 rows=28831 loops=1)
                          Filter: ((production_year > 2008) AND (kind_id = 4))
                          Rows Removed by Filter: 2499481
Planning time: 2.463 ms
Execution time: 3037.922 ms
