Nested Loop  (cost=0.43..799265.94 rows=382 width=0) (actual time=14627.373..15057.359 rows=4 loops=1)
  ->  Seq Scan on cast_info ci  (cost=0.00..796071.18 rows=382 width=4) (actual time=14627.184..15057.094 rows=4 loops=1)
        Filter: ((role_id < 6) AND (person_id = 1628840))
        Rows Removed by Filter: 36244340
  ->  Index Only Scan using title_pkey on title t  (cost=0.43..8.35 rows=1 width=4) (actual time=0.046..0.046 rows=1 loops=4)
        Index Cond: (id = ci.movie_id)
        Heap Fetches: 4
Planning time: 1.097 ms
Execution time: 15057.435 ms
