Hash Join  (cost=426022.28..1259040.42 rows=4683 width=0) (actual time=6436.523..24243.403 rows=51978 loops=1)
  Hash Cond: (ci.movie_id = t.id)
  ->  Seq Scan on cast_info ci  (cost=0.00..796071.18 rows=9840038 width=4) (actual time=766.925..16365.621 rows=12670688 loops=1)
        Filter: ((person_id < 2864771) AND (role_id = 1))
        Rows Removed by Filter: 23573656
  ->  Hash  (cost=426007.24..426007.24 rows=1203 width=8) (actual time=5669.280..5669.280 rows=5192 loops=1)
        Buckets: 8192 (originally 2048)  Batches: 1 (originally 1)  Memory Usage: 267kB
        ->  Hash Join  (cost=73950.44..426007.24 rows=1203 width=8) (actual time=4452.624..5666.927 rows=5192 loops=1)
              Hash Cond: (mi.movie_id = t.id)
              ->  Seq Scan on movie_info mi  (cost=0.00..346232.03 rows=1550064 width=4) (actual time=3281.801..4294.002 rows=1533909 loops=1)
                    Filter: (info_type_id = 3)
                    Rows Removed by Filter: 13301811
              ->  Hash  (cost=73925.90..73925.90 rows=1963 width=4) (actual time=1123.253..1123.253 rows=4288 loops=1)
                    Buckets: 8192 (originally 2048)  Batches: 1 (originally 1)  Memory Usage: 215kB
                    ->  Seq Scan on title t  (cost=0.00..73925.90 rows=1963 width=4) (actual time=84.038..1121.274 rows=4288 loops=1)
                          Filter: ((kind_id = 1) AND (production_year = 1982))
                          Rows Removed by Filter: 2524024
Planning time: 1.225 ms
Execution time: 24252.595 ms
