Hash Join  (cost=81821.64..142802.49 rows=108770 width=0) (actual time=1479.208..2600.054 rows=82777 loops=1)
  Hash Cond: (mc.movie_id = t.id)
  ->  Seq Scan on movie_companies mc  (cost=0.00..51404.11 rows=571476 width=4) (actual time=0.018..860.509 rows=570546 loops=1)
        Filter: (company_id < 598)
        Rows Removed by Filter: 2038583
  ->  Hash  (cost=73925.90..73925.90 rows=481259 width=4) (actual time=1359.822..1359.822 rows=518327 loops=1)
        Buckets: 131072  Batches: 8  Memory Usage: 3301kB
        ->  Seq Scan on title t  (cost=0.00..73925.90 rows=481259 width=4) (actual time=0.023..1195.706 rows=518327 loops=1)
              Filter: ((production_year > 2007) AND (kind_id = 7))
              Rows Removed by Filter: 2009985
Planning time: 0.857 ms
Execution time: 2610.577 ms
