Hash Join  (cost=263115.61..425526.46 rows=3014010 width=0) (actual time=6585.122..14986.648 rows=22214288 loops=1)
  Hash Cond: (mk.movie_id = t.id)
  ->  Seq Scan on movie_keyword mk  (cost=0.00..81003.12 rows=2920900 width=4) (actual time=0.022..1865.517 rows=2908617 loops=1)
        Filter: (keyword_id < 9357)
        Rows Removed by Filter: 1615313
  ->  Hash  (cost=220309.49..220309.49 rows=2609129 width=8) (actual time=6584.377..6584.377 rows=2609129 loops=1)
        Buckets: 131072  Batches: 64  Memory Usage: 2691kB
        ->  Hash Join  (cost=102767.86..220309.49 rows=2609129 width=8) (actual time=1834.327..5849.121 rows=2609129 loops=1)
              Hash Cond: (mc.movie_id = t.id)
              ->  Seq Scan on movie_companies mc  (cost=0.00..44881.29 rows=2609129 width=4) (actual time=0.026..1006.068 rows=2609129 loops=1)
              ->  Hash  (cost=61283.27..61283.27 rows=2528527 width=4) (actual time=1832.988..1832.988 rows=2528312 loops=1)
                    Buckets: 131072  Batches: 64  Memory Usage: 2415kB
                    ->  Seq Scan on title t  (cost=0.00..61283.27 rows=2528527 width=4) (actual time=0.029..1012.232 rows=2528312 loops=1)
Planning time: 1.128 ms
Execution time: 17430.952 ms
