Seq Scan on cast_info ci  (cost=0.00..705507.15 rows=500 width=0) (actual time=7106.841..11092.482 rows=8 loops=1)
  Filter: (person_id = 1892102)
  Rows Removed by Filter: 36244336
Planning time: 0.386 ms
Execution time: 11092.575 ms
