Hash Join  (cost=92883.59..195827.18 rows=513120 width=0) (actual time=1733.734..3759.045 rows=103090 loops=1)
  Hash Cond: (mk.movie_id = t.id)
  ->  Seq Scan on movie_keyword mk  (cost=0.00..81003.12 rows=842054 width=4) (actual time=0.024..1391.975 rows=841659 loops=1)
        Filter: (keyword_id < 807)
        Rows Removed by Filter: 3682271
  ->  Hash  (cost=67604.59..67604.59 rows=1540800 width=4) (actual time=1722.477..1722.477 rows=1543264 loops=1)
        Buckets: 131072  Batches: 32  Memory Usage: 2728kB
        ->  Seq Scan on title t  (cost=0.00..67604.59 rows=1540800 width=4) (actual time=0.016..1219.980 rows=1543264 loops=1)
              Filter: (kind_id = 7)
              Rows Removed by Filter: 985048
Planning time: 0.716 ms
Execution time: 3769.319 ms
