Hash Join  (cost=953757.60..4440957.76 rows=185931680 width=0) (actual time=24863.039..170797.372 rows=432842610 loops=1)
  Hash Cond: (ci.movie_id = t.id)
  ->  Seq Scan on cast_info ci  (cost=0.00..614943.12 rows=36225612 width=4) (actual time=0.010..13853.151 rows=36244344 loops=1)
  ->  Hash  (cost=740837.54..740837.54 rows=12977925 width=8) (actual time=24858.404..24858.404 rows=13794786 loops=1)
        Buckets: 131072  Batches: 256  Memory Usage: 3116kB
        ->  Hash Join  (cost=104131.46..740837.54 rows=12977925 width=8) (actual time=2135.173..20955.842 rows=13794786 loops=1)
              Hash Cond: (mi.movie_id = t.id)
              ->  Seq Scan on movie_info mi  (cost=0.00..309384.22 rows=14739122 width=4) (actual time=0.039..6238.953 rows=14835720 loops=1)
              ->  Hash  (cost=67604.59..67604.59 rows=2226390 width=4) (actual time=2134.105..2134.105 rows=2224569 loops=1)
                    Buckets: 131072  Batches: 32  Memory Usage: 3472kB
                    ->  Seq Scan on title t  (cost=0.00..67604.59 rows=2226390 width=4) (actual time=0.029..1375.477 rows=2224569 loops=1)
                          Filter: (production_year < 2012)
                          Rows Removed by Filter: 303743
Planning time: 1.153 ms
Execution time: 217512.729 ms
