Hash Join  (cost=75822.40..112459.69 rows=41822 width=0) (actual time=1303.840..1746.738 rows=1634 loops=1)
  Hash Cond: (mi_idx.movie_id = t.id)
  ->  Seq Scan on movie_info_idx mi_idx  (cost=0.00..25185.44 rows=915101 width=4) (actual time=0.021..522.437 rows=919850 loops=1)
        Filter: (info_type_id < 101)
        Rows Removed by Filter: 460185
  ->  Hash  (cost=73925.90..73925.90 rows=115560 width=4) (actual time=919.165..919.165 rows=13895 loops=1)
        Buckets: 131072  Batches: 2  Memory Usage: 1270kB
        ->  Seq Scan on title t  (cost=0.00..73925.90 rows=115560 width=4) (actual time=0.054..913.098 rows=13895 loops=1)
              Filter: ((production_year < 1954) AND (kind_id = 7))
              Rows Removed by Filter: 2514417
Planning time: 0.716 ms
Execution time: 1747.068 ms
