Hash Join  (cost=263115.61..767456.81 rows=6260177 width=0) (actual time=6465.706..26137.480 rows=41565415 loops=1)
  Hash Cond: (mi.movie_id = t.id)
  ->  Seq Scan on movie_info mi  (cost=0.00..346232.03 rows=6066786 width=4) (actual time=0.011..6698.257 rows=6065224 loops=1)
        Filter: (info_type_id > 11)
        Rows Removed by Filter: 8770496
  ->  Hash  (cost=220309.49..220309.49 rows=2609129 width=8) (actual time=6464.697..6464.697 rows=2609129 loops=1)
        Buckets: 131072  Batches: 64  Memory Usage: 2692kB
        ->  Hash Join  (cost=102767.86..220309.49 rows=2609129 width=8) (actual time=1956.598..5708.037 rows=2609129 loops=1)
              Hash Cond: (mc.movie_id = t.id)
              ->  Seq Scan on movie_companies mc  (cost=0.00..44881.29 rows=2609129 width=4) (actual time=0.019..839.918 rows=2609129 loops=1)
              ->  Hash  (cost=61283.27..61283.27 rows=2528527 width=4) (actual time=1955.483..1955.483 rows=2528312 loops=1)
                    Buckets: 131072  Batches: 64  Memory Usage: 2415kB
                    ->  Seq Scan on title t  (cost=0.00..61283.27 rows=2528527 width=4) (actual time=0.009..1120.151 rows=2528312 loops=1)
Planning time: 1.396 ms
Execution time: 30905.081 ms
