Hash Join  (cost=243319.60..1507113.84 rows=17980604 width=0) (actual time=6969.826..82844.856 rows=161483738 loops=1)
  Hash Cond: (ci.movie_id = t.id)
  ->  Seq Scan on cast_info ci  (cost=0.00..614943.12 rows=36225612 width=4) (actual time=0.022..14038.322 rows=36244344 loops=1)
  ->  Hash  (cost=222728.65..222728.65 rows=1255036 width=8) (actual time=6968.001..6968.001 rows=3357259 loops=1)
        Buckets: 131072 (originally 131072)  Batches: 64 (originally 32)  Memory Usage: 3107kB
        ->  Hash Join  (cost=85435.26..222728.65 rows=1255036 width=8) (actual time=1449.109..5949.979 rows=3357259 loops=1)
              Hash Cond: (mk.movie_id = t.id)
              ->  Seq Scan on movie_keyword mk  (cost=0.00..69693.30 rows=4523930 width=4) (actual time=0.013..1457.208 rows=4523930 loops=1)
              ->  Hash  (cost=73925.90..73925.90 rows=701468 width=4) (actual time=1448.177..1448.177 rows=749931 loops=1)
                    Buckets: 131072  Batches: 16  Memory Usage: 2682kB
                    ->  Seq Scan on title t  (cost=0.00..73925.90 rows=701468 width=4) (actual time=0.016..1201.233 rows=749931 loops=1)
                          Filter: ((kind_id < 7) AND (production_year < 2009))
                          Rows Removed by Filter: 1778381
Planning time: 1.187 ms
Execution time: 100827.293 ms
