Hash Join  (cost=333678.75..1502239.70 rows=22170467 width=0) (actual time=14215.402..50174.886 rows=76715032 loops=1)
  Hash Cond: (ci.movie_id = t.id)
  ->  Seq Scan on cast_info ci  (cost=0.00..705507.15 rows=16201301 width=4) (actual time=6354.487..15399.491 rows=16121683 loops=1)
        Filter: (role_id > 2)
        Rows Removed by Filter: 20122661
  ->  Hash  (cost=276910.11..276910.11 rows=3460131 width=8) (actual time=7859.181..7859.181 rows=3449979 loops=1)
        Buckets: 131072  Batches: 64  Memory Usage: 3152kB
        ->  Hash Join  (cost=102767.86..276910.11 rows=3460131 width=8) (actual time=2232.875..6889.346 rows=3449979 loops=1)
              Hash Cond: (mk.movie_id = t.id)
              ->  Seq Scan on movie_keyword mk  (cost=0.00..81003.12 rows=3460131 width=4) (actual time=0.042..1732.894 rows=3449979 loops=1)
                    Filter: (keyword_id < 16454)
                    Rows Removed by Filter: 1073951
              ->  Hash  (cost=61283.27..61283.27 rows=2528527 width=4) (actual time=2229.936..2229.936 rows=2528312 loops=1)
                    Buckets: 131072  Batches: 64  Memory Usage: 2425kB
                    ->  Seq Scan on title t  (cost=0.00..61283.27 rows=2528527 width=4) (actual time=0.021..1130.978 rows=2528312 loops=1)
Planning time: 1.153 ms
Execution time: 58668.775 ms
