Hash Join  (cost=75533.21..448374.14 rows=85010 width=0) (actual time=2618.350..7270.571 rows=18407 loops=1)
  Hash Cond: (mi.movie_id = t.id)
  ->  Seq Scan on movie_info mi  (cost=0.00..346232.03 rows=2194617 width=4) (actual time=0.023..5291.688 rows=2233850 loops=1)
        Filter: (info_type_id > 16)
        Rows Removed by Filter: 12601870
  ->  Hash  (cost=73925.90..73925.90 rows=97944 width=4) (actual time=1143.537..1143.537 rows=106247 loops=1)
        Buckets: 131072  Batches: 2  Memory Usage: 2896kB
        ->  Seq Scan on title t  (cost=0.00..73925.90 rows=97944 width=4) (actual time=43.120..1101.586 rows=106247 loops=1)
              Filter: ((kind_id = 7) AND (production_year = 2011))
              Rows Removed by Filter: 2422065
Planning time: 0.765 ms
Execution time: 7273.269 ms
