Hash Join  (cost=361306.39..1169893.86 rows=25633183 width=0) (actual time=9245.435..74373.190 rows=235279723 loops=1)
  Hash Cond: (mi.movie_id = t.id)
  ->  Seq Scan on movie_info mi  (cost=0.00..309384.22 rows=14739122 width=4) (actual time=0.020..6531.437 rows=14835720 loops=1)
  ->  Hash  (cost=289160.56..289160.56 rows=4397426 width=8) (actual time=9243.733..9243.733 rows=4499972 loops=1)
        Buckets: 131072  Batches: 64  Memory Usage: 3874kB
        ->  Hash Join  (cost=107928.35..289160.56 rows=4397426 width=8) (actual time=2316.839..7863.910 rows=4499972 loops=1)
              Hash Cond: (mk.movie_id = t.id)
              ->  Seq Scan on movie_keyword mk  (cost=0.00..69693.30 rows=4523930 width=4) (actual time=0.023..1504.664 rows=4523930 loops=1)
              ->  Hash  (cost=67604.59..67604.59 rows=2457821 width=4) (actual time=2315.866..2315.866 rows=2456218 loops=1)
                    Buckets: 131072  Batches: 64  Memory Usage: 2385kB
                    ->  Seq Scan on title t  (cost=0.00..67604.59 rows=2457821 width=4) (actual time=0.017..1476.306 rows=2456218 loops=1)
                          Filter: (production_year > 0)
                          Rows Removed by Filter: 72094
Planning time: 1.493 ms
Execution time: 100040.133 ms
