Hash Join  (cost=358524.53..1291414.50 rows=6199067 width=0) (actual time=8560.984..37719.323 rows=45112809 loops=1)
  Hash Cond: (ci.movie_id = t.id)
  ->  Seq Scan on cast_info ci  (cost=0.00..796071.18 rows=3847349 width=4) (actual time=0.024..13512.343 rows=7810434 loops=1)
        Filter: ((person_id < 1065681) AND (role_id = 1))
        Rows Removed by Filter: 28433910
  ->  Hash  (cost=291683.21..291683.21 rows=4074106 width=8) (actual time=8559.061..8559.061 rows=4061135 loops=1)
        Buckets: 131072  Batches: 64  Memory Usage: 3529kB
        ->  Hash Join  (cost=102767.86..291683.21 rows=4074106 width=8) (actual time=1867.167..7385.570 rows=4061135 loops=1)
              Hash Cond: (mk.movie_id = t.id)
              ->  Seq Scan on movie_keyword mk  (cost=0.00..81003.12 rows=4074106 width=4) (actual time=0.020..1814.165 rows=4061135 loops=1)
                    Filter: (keyword_id > 349)
                    Rows Removed by Filter: 462795
              ->  Hash  (cost=61283.27..61283.27 rows=2528527 width=4) (actual time=1864.864..1864.864 rows=2528312 loops=1)
                    Buckets: 131072  Batches: 64  Memory Usage: 2425kB
                    ->  Seq Scan on title t  (cost=0.00..61283.27 rows=2528527 width=4) (actual time=0.013..971.329 rows=2528312 loops=1)
Planning time: 7.307 ms
Execution time: 42770.214 ms
