Seq Scan on movie_keyword mk  (cost=0.00..81003.12 rows=661228 width=0) (actual time=0.026..1422.055 rows=667693 loops=1)
  Filter: (keyword_id > 28061)
  Rows Removed by Filter: 3856237
Planning time: 0.362 ms
Execution time: 1513.546 ms
