Hash Join  (cost=74452.28..157963.50 rows=10665 width=0) (actual time=1171.792..2722.361 rows=22768 loops=1)
  Hash Cond: (mk.movie_id = t.id)
  ->  Seq Scan on movie_keyword mk  (cost=0.00..81003.12 rows=640386 width=4) (actual time=0.026..1395.244 rows=641726 loops=1)
        Filter: (keyword_id < 498)
        Rows Removed by Filter: 3882204
  ->  Hash  (cost=73925.90..73925.90 rows=42110 width=4) (actual time=1171.407..1171.407 rows=33905 loops=1)
        Buckets: 65536  Batches: 1  Memory Usage: 1704kB
        ->  Seq Scan on title t  (cost=0.00..73925.90 rows=42110 width=4) (actual time=0.018..1156.838 rows=33905 loops=1)
              Filter: ((kind_id < 7) AND (production_year = 2006))
              Rows Removed by Filter: 2494407
Planning time: 0.793 ms
Execution time: 2726.241 ms
