Hash Join  (cost=85692.35..896647.21 rows=237954 width=0) (actual time=1420.107..15459.972 rows=1023233 loops=1)
  Hash Cond: (ci.movie_id = t.id)
  ->  Seq Scan on cast_info ci  (cost=0.00..796071.18 rows=838970 width=4) (actual time=0.029..12151.992 rows=3348579 loops=1)
        Filter: ((person_id > 3132453) AND (role_id > 8))
        Rows Removed by Filter: 32895765
  ->  Hash  (cost=73925.90..73925.90 rows=717156 width=4) (actual time=1419.194..1419.194 rows=620281 loops=1)
        Buckets: 131072  Batches: 16  Memory Usage: 2386kB
        ->  Seq Scan on title t  (cost=0.00..73925.90 rows=717156 width=4) (actual time=0.012..1224.867 rows=620281 loops=1)
              Filter: ((kind_id < 7) AND (production_year > 1986))
              Rows Removed by Filter: 1908031
Planning time: 2.156 ms
Execution time: 15574.227 ms
