Hash Join  (cost=74698.31..116439.65 rows=235986 width=0) (actual time=1467.377..2624.557 rows=255474 loops=1)
  Hash Cond: (mi_idx.movie_id = t.id)
  ->  Seq Scan on movie_info_idx mi_idx  (cost=0.00..21735.35 rows=1380035 width=4) (actual time=0.022..420.633 rows=1380035 loops=1)
  ->  Hash  (cost=67604.59..67604.59 rows=432378 width=4) (actual time=1466.310..1466.310 rows=423779 loops=1)
        Buckets: 131072  Batches: 8  Memory Usage: 2885kB
        ->  Seq Scan on title t  (cost=0.00..67604.59 rows=432378 width=4) (actual time=0.024..1324.512 rows=423779 loops=1)
              Filter: (production_year < 1974)
              Rows Removed by Filter: 2104533
Planning time: 0.936 ms
Execution time: 2656.127 ms
