Hash Join  (cost=74156.13..101103.82 rows=3358 width=0) (actual time=1263.911..1615.819 rows=3889 loops=1)
  Hash Cond: (mi_idx.movie_id = t.id)
  ->  Seq Scan on movie_info_idx mi_idx  (cost=0.00..25185.44 rows=460978 width=4) (actual time=0.019..427.328 rows=459925 loops=1)
        Filter: (info_type_id < 100)
        Rows Removed by Filter: 920110
  ->  Hash  (cost=73925.90..73925.90 rows=18418 width=4) (actual time=1081.874..1081.874 rows=17601 loops=1)
        Buckets: 32768  Batches: 1  Memory Usage: 875kB
        ->  Seq Scan on title t  (cost=0.00..73925.90 rows=18418 width=4) (actual time=267.004..1074.723 rows=17601 loops=1)
              Filter: ((production_year < 1976) AND (kind_id = 3))
              Rows Removed by Filter: 2510711
Planning time: 0.824 ms
Execution time: 1616.679 ms
