Hash Join  (cost=122535.74..212115.81 rows=6886 width=0) (actual time=2245.684..4228.437 rows=63012 loops=1)
  Hash Cond: (mk.movie_id = t.id)
  ->  Seq Scan on movie_keyword mk  (cost=0.00..81003.12 rows=2268824 width=4) (actual time=0.020..1588.645 rows=2264148 loops=1)
        Filter: (keyword_id > 4682)
        Rows Removed by Filter: 2259782
  ->  Hash  (cost=122439.81..122439.81 rows=7674 width=8) (actual time=2244.110..2244.110 rows=17902 loops=1)
        Buckets: 32768 (originally 8192)  Batches: 1 (originally 1)  Memory Usage: 956kB
        ->  Hash Join  (cost=67697.55..122439.81 rows=7674 width=8) (actual time=1085.237..2236.210 rows=17902 loops=1)
              Hash Cond: (mc.movie_id = t.id)
              ->  Seq Scan on movie_companies mc  (cost=0.00..44881.29 rows=2609129 width=4) (actual time=0.018..593.880 rows=2609129 loops=1)
              ->  Hash  (cost=67604.59..67604.59 rows=7437 width=4) (actual time=1085.003..1085.003 rows=11073 loops=1)
                    Buckets: 16384 (originally 8192)  Batches: 1 (originally 1)  Memory Usage: 518kB
                    ->  Seq Scan on title t  (cost=0.00..67604.59 rows=7437 width=4) (actual time=0.053..1079.570 rows=11073 loops=1)
                          Filter: (production_year = 1961)
                          Rows Removed by Filter: 2517239
Planning time: 1.154 ms
Execution time: 4236.615 ms
