Hash Join  (cost=173813.41..318698.42 rows=1878197 width=0) (actual time=4148.212..10525.054 rows=9504752 loops=1)
  Hash Cond: (mk.movie_id = t.id)
  ->  Seq Scan on movie_keyword mk  (cost=0.00..69693.30 rows=4523930 width=4) (actual time=0.011..1627.829 rows=4523930 loops=1)
  ->  Hash  (cost=156590.32..156590.32 rows=1049767 width=8) (actual time=4147.364..4147.364 rows=1187646 loops=1)
        Buckets: 131072  Batches: 16  Memory Usage: 3946kB
        ->  Hash Join  (cost=99161.12..156590.32 rows=1049767 width=8) (actual time=2067.531..3807.178 rows=1187646 loops=1)
              Hash Cond: (mi_idx.movie_id = t.id)
              ->  Seq Scan on movie_info_idx mi_idx  (cost=0.00..21735.35 rows=1380035 width=4) (actual time=0.030..474.249 rows=1380035 loops=1)
              ->  Hash  (cost=67604.59..67604.59 rows=1923403 width=4) (actual time=2066.671..2066.671 rows=1922849 loops=1)
                    Buckets: 131072  Batches: 32  Memory Usage: 3132kB
                    ->  Seq Scan on title t  (cost=0.00..67604.59 rows=1923403 width=4) (actual time=0.018..1454.652 rows=1922849 loops=1)
                          Filter: (production_year < 2010)
                          Rows Removed by Filter: 605463
Planning time: 0.795 ms
Execution time: 11591.661 ms
