Hash Join  (cost=118128.04..1844860.74 rows=26662052 width=136) (actual time=820.512..22932.787 rows=25847549 loops=1)
  Hash Cond: (ci.movie_id = t.id)
  ->  Seq Scan on cast_info ci  (cost=0.00..614943.12 rows=36225612 width=42) (actual time=0.011..3340.080 rows=36244344 loops=1)
  ->  Hash  (cost=67604.59..67604.59 rows=1860996 width=94) (actual time=819.825..819.825 rows=1865487 loops=1)
        Buckets: 32768  Batches: 64  Memory Usage: 3598kB
        ->  Seq Scan on title t  (cost=0.00..67604.59 rows=1860996 width=94) (actual time=0.026..453.339 rows=1865487 loops=1)
              Filter: (kind_id > 1)
              Rows Removed by Filter: 662825
Planning time: 0.832 ms
Execution time: 23701.406 ms
