Hash Join  (cost=220049.03..1673029.58 rows=5861843 width=148) (actual time=6320.029..66416.513 rows=40480986 loops=1)
  Hash Cond: (ci.movie_id = t.id)
  ->  Seq Scan on cast_info ci  (cost=0.00..614943.12 rows=36225612 width=42) (actual time=0.012..14658.545 rows=36244344 loops=1)
  ->  Hash  (cost=208141.62..208141.62 rows=409153 width=106) (actual time=6319.114..6319.114 rows=920707 loops=1)
        Buckets: 32768 (originally 32768)  Batches: 32 (originally 16)  Memory Usage: 3858kB
        ->  Hash Join  (cost=94420.17..208141.62 rows=409153 width=106) (actual time=2612.346..5647.437 rows=920707 loops=1)
              Hash Cond: (mk.movie_id = t.id)
              ->  Seq Scan on movie_keyword mk  (cost=0.00..81003.12 rows=1047410 width=12) (actual time=0.009..1852.131 rows=1050037 loops=1)
                    Filter: (keyword_id < 1046)
                    Rows Removed by Filter: 3473893
              ->  Hash  (cost=67604.59..67604.59 rows=987727 width=94) (actual time=2610.823..2610.823 rows=985048 loops=1)
                    Buckets: 32768  Batches: 64  Memory Usage: 1954kB
                    ->  Seq Scan on title t  (cost=0.00..67604.59 rows=987727 width=94) (actual time=0.013..1688.366 rows=985048 loops=1)
                          Filter: (kind_id < 7)
                          Rows Removed by Filter: 1543264
Planning time: 1.522 ms
Execution time: 68720.845 ms
