Hash Join  (cost=83074.74..109986.57 rows=134 width=0) (actual time=1388.263..1906.510 rows=57 loops=1)
  Hash Cond: (mi_idx.movie_id = t.id)
  ->  Seq Scan on movie_info_idx mi_idx  (cost=0.00..21735.35 rows=1380035 width=4) (actual time=0.016..289.588 rows=1380035 loops=1)
  ->  Hash  (cost=83071.67..83071.67 rows=246 width=8) (actual time=1388.034..1388.034 rows=20 loops=1)
        Buckets: 1024  Batches: 1  Memory Usage: 9kB
        ->  Nested Loop  (cost=0.43..83071.67 rows=246 width=8) (actual time=49.267..1387.998 rows=20 loops=1)
              ->  Seq Scan on movie_keyword mk  (cost=0.00..81003.12 rows=246 width=4) (actual time=49.160..1386.992 rows=20 loops=1)
                    Filter: (keyword_id = 80351)
                    Rows Removed by Filter: 4523910
              ->  Index Only Scan using title_pkey on title t  (cost=0.43..8.40 rows=1 width=4) (actual time=0.042..0.043 rows=1 loops=20)
                    Index Cond: (id = mk.movie_id)
                    Heap Fetches: 20
Planning time: 1.192 ms
Execution time: 1906.655 ms
