Hash Join  (cost=94009.45..256748.60 rows=2879520 width=0) (actual time=1871.403..6224.309 rows=2428089 loops=1)
  Hash Cond: (mk.movie_id = t.id)
  ->  Seq Scan on movie_keyword mk  (cost=0.00..69693.30 rows=4523930 width=4) (actual time=0.015..1451.855 rows=4523930 loops=1)
  ->  Hash  (cost=67604.59..67604.59 rows=1609429 width=4) (actual time=1870.694..1870.694 rows=1607077 loops=1)
        Buckets: 131072  Batches: 32  Memory Usage: 2799kB
        ->  Seq Scan on title t  (cost=0.00..67604.59 rows=1609429 width=4) (actual time=0.021..1319.463 rows=1607077 loops=1)
              Filter: (production_year > 1995)
              Rows Removed by Filter: 921235
Planning time: 0.750 ms
Execution time: 6520.100 ms
