Seq Scan on title t  (cost=0.00..73925.90 rows=156202 width=0) (actual time=592.937..1140.499 rows=291648 loops=1)
  Filter: ((production_year < 1985) AND (kind_id = 1))
  Rows Removed by Filter: 2236664
Planning time: 0.359 ms
Execution time: 1175.888 ms
