Seq Scan on movie_companies mc  (cost=0.00..51404.11 rows=194764 width=0) (actual time=566.611..826.346 rows=195887 loops=1)
  Filter: (company_id > 114782)
  Rows Removed by Filter: 2413242
Planning time: 0.319 ms
Execution time: 849.978 ms
