Hash Join  (cost=84197.31..985964.67 rows=2614989 width=0) (actual time=6794.599..23945.790 rows=5530673 loops=1)
  Hash Cond: (ci.movie_id = t.id)
  ->  Seq Scan on cast_info ci  (cost=0.00..796071.18 rows=6537943 width=4) (actual time=5309.671..15020.530 rows=10721369 loops=1)
        Filter: ((person_id > 2175561) AND (role_id > 2))
        Rows Removed by Filter: 25522975
  ->  Hash  (cost=67604.59..67604.59 rows=1011338 width=4) (actual time=1483.847..1483.847 rows=1012920 loops=1)
        Buckets: 131072  Batches: 16  Memory Usage: 3250kB
        ->  Seq Scan on title t  (cost=0.00..67604.59 rows=1011338 width=4) (actual time=0.023..1164.011 rows=1012920 loops=1)
              Filter: (production_year > 2005)
              Rows Removed by Filter: 1515392
Planning time: 6.357 ms
Execution time: 24558.399 ms
