Hash Join  (cost=108821.69..476916.63 rows=343900 width=0) (actual time=2036.772..9967.289 rows=318705 loops=1)
  Hash Cond: (mi.movie_id = t.id)
  ->  Seq Scan on movie_info mi  (cost=0.00..309384.22 rows=14739122 width=4) (actual time=0.018..4507.027 rows=14835720 loops=1)
  ->  Hash  (cost=108084.23..108084.23 rows=58997 width=8) (actual time=2033.558..2033.558 rows=23549 loops=1)
        Buckets: 65536  Batches: 1  Memory Usage: 1432kB
        ->  Hash Join  (cost=69378.77..108084.23 rows=58997 width=8) (actual time=1126.548..2026.462 rows=23549 loops=1)
              Hash Cond: (mi_idx.movie_id = t.id)
              ->  Seq Scan on movie_info_idx mi_idx  (cost=0.00..21735.35 rows=1380035 width=4) (actual time=0.024..442.966 rows=1380035 loops=1)
              ->  Hash  (cost=67604.59..67604.59 rows=108095 width=4) (actual time=1125.133..1125.133 rows=109742 loops=1)
                    Buckets: 131072  Batches: 2  Memory Usage: 2948kB
                    ->  Seq Scan on title t  (cost=0.00..67604.59 rows=108095 width=4) (actual time=325.214..1086.221 rows=109742 loops=1)
                          Filter: (production_year < 1928)
                          Rows Removed by Filter: 2418570
Planning time: 1.228 ms
Execution time: 10010.063 ms
