Hash Join  (cost=131073.70..499909.87 rows=418025 width=0) (actual time=2445.702..10578.719 rows=307599 loops=1)
  Hash Cond: (mi.movie_id = t.id)
  ->  Seq Scan on movie_info mi  (cost=0.00..309384.22 rows=14739122 width=4) (actual time=0.019..4427.751 rows=14835720 loops=1)
  ->  Hash  (cost=130177.28..130177.28 rows=71713 width=8) (actual time=2444.642..2444.642 rows=29247 loops=1)
        Buckets: 131072  Batches: 1  Memory Usage: 2167kB
        ->  Hash Join  (cost=74794.63..130177.28 rows=71713 width=8) (actual time=1167.942..2432.030 rows=29247 loops=1)
              Hash Cond: (mc.movie_id = t.id)
              ->  Seq Scan on movie_companies mc  (cost=0.00..44881.29 rows=2609129 width=4) (actual time=0.017..554.941 rows=2609129 loops=1)
              ->  Hash  (cost=73925.90..73925.90 rows=69498 width=4) (actual time=1166.690..1166.690 rows=84506 loops=1)
                    Buckets: 131072  Batches: 1  Memory Usage: 3995kB
                    ->  Seq Scan on title t  (cost=0.00..73925.90 rows=69498 width=4) (actual time=0.022..1133.708 rows=84506 loops=1)
                          Filter: ((kind_id > 4) AND (production_year = 2007))
                          Rows Removed by Filter: 2443806
Planning time: 1.189 ms
Execution time: 10619.497 ms
