Seq Scan on movie_companies mc  (cost=0.00..51404.11 rows=2571289 width=0) (actual time=0.022..1072.553 rows=2572281 loops=1)
  Filter: (company_id < 201980)
  Rows Removed by Filter: 36848
Planning time: 0.350 ms
Execution time: 1400.987 ms
