Nested Loop  (cost=0.43..447802.20 rows=17937 width=0) (actual time=5126.938..6172.581 rows=68025 loops=1)
  ->  Seq Scan on movie_info mi  (cost=0.00..346232.03 rows=17937 width=4) (actual time=5126.853..5643.589 rows=68025 loops=1)
        Filter: (info_type_id = 94)
        Rows Removed by Filter: 14767695
  ->  Index Only Scan using title_pkey on title t  (cost=0.43..5.65 rows=1 width=4) (actual time=0.007..0.007 rows=1 loops=68025)
        Index Cond: (id = mi.movie_id)
        Heap Fetches: 68025
Planning time: 0.756 ms
Execution time: 6185.793 ms
