Hash Join  (cost=92883.59..200411.94 rows=660921 width=0) (actual time=3061.101..4066.652 rows=133679 loops=1)
  Hash Cond: (mk.movie_id = t.id)
  ->  Seq Scan on movie_keyword mk  (cost=0.00..81003.12 rows=1084603 width=4) (actual time=0.014..1383.366 rows=1089221 loops=1)
        Filter: (keyword_id < 1116)
        Rows Removed by Filter: 3434709
  ->  Hash  (cost=67604.59..67604.59 rows=1540800 width=4) (actual time=1882.257..1882.257 rows=1543264 loops=1)
        Buckets: 131072  Batches: 32  Memory Usage: 2728kB
        ->  Seq Scan on title t  (cost=0.00..67604.59 rows=1540800 width=4) (actual time=0.010..1374.572 rows=1543264 loops=1)
              Filter: (kind_id = 7)
              Rows Removed by Filter: 985048
Planning time: 2.412 ms
Execution time: 4083.870 ms
