Hash Join  (cost=80154.44..1169831.17 rows=5439056 width=0) (actual time=1326.186..30772.173 rows=2681627 loops=1)
  Hash Cond: (ci.movie_id = t.id)
  ->  Seq Scan on cast_info ci  (cost=0.00..614943.12 rows=36225612 width=4) (actual time=0.027..13228.903 rows=36244344 loops=1)
  ->  Hash  (cost=73925.90..73925.90 rows=379643 width=4) (actual time=1324.846..1324.846 rows=239219 loops=1)
        Buckets: 131072  Batches: 8  Memory Usage: 2069kB
        ->  Seq Scan on title t  (cost=0.00..73925.90 rows=379643 width=4) (actual time=0.022..1248.153 rows=239219 loops=1)
              Filter: ((kind_id > 1) AND (production_year < 1980))
              Rows Removed by Filter: 2289093
Planning time: 1.459 ms
Execution time: 31089.380 ms
