Hash Join  (cost=102767.86..286232.11 rows=3847577 width=0) (actual time=1900.807..6901.717 rows=3842228 loops=1)
  Hash Cond: (mk.movie_id = t.id)
  ->  Seq Scan on movie_keyword mk  (cost=0.00..81003.12 rows=3847577 width=4) (actual time=0.024..1844.198 rows=3842228 loops=1)
        Filter: (keyword_id < 27550)
        Rows Removed by Filter: 681702
  ->  Hash  (cost=61283.27..61283.27 rows=2528527 width=4) (actual time=1899.139..1899.139 rows=2528312 loops=1)
        Buckets: 131072  Batches: 64  Memory Usage: 2425kB
        ->  Seq Scan on title t  (cost=0.00..61283.27 rows=2528527 width=4) (actual time=0.018..1035.046 rows=2528312 loops=1)
Planning time: 0.763 ms
Execution time: 7343.782 ms
