Hash Join  (cost=174865.45..272473.62 rows=310586 width=0) (actual time=4356.019..6774.503 rows=1216264 loops=1)
  Hash Cond: (mk.movie_id = t.id)
  ->  Seq Scan on movie_keyword mk  (cost=0.00..81003.12 rows=858183 width=4) (actual time=0.021..1453.950 rows=861326 loops=1)
        Filter: (keyword_id < 820)
        Rows Removed by Filter: 3662604
  ->  Hash  (cost=159851.69..159851.69 rows=915101 width=8) (actual time=4354.825..4354.825 rows=919850 loops=1)
        Buckets: 131072  Batches: 16  Memory Usage: 3282kB
        ->  Hash Join  (cost=102767.86..159851.69 rows=915101 width=8) (actual time=2057.908..4081.999 rows=919850 loops=1)
              Hash Cond: (mi_idx.movie_id = t.id)
              ->  Seq Scan on movie_info_idx mi_idx  (cost=0.00..25185.44 rows=915101 width=4) (actual time=0.011..591.363 rows=919850 loops=1)
                    Filter: (info_type_id < 101)
                    Rows Removed by Filter: 460185
              ->  Hash  (cost=61283.27..61283.27 rows=2528527 width=4) (actual time=2057.107..2057.107 rows=2528312 loops=1)
                    Buckets: 131072  Batches: 64  Memory Usage: 2415kB
                    ->  Seq Scan on title t  (cost=0.00..61283.27 rows=2528527 width=4) (actual time=0.020..1188.373 rows=2528312 loops=1)
Planning time: 0.894 ms
Execution time: 6926.306 ms
