Seq Scan on movie_keyword mk  (cost=0.00..81003.12 rows=246 width=0) (actual time=6.686..1162.615 rows=457 loops=1)
  Filter: (keyword_id = 5207)
  Rows Removed by Filter: 4523473
Planning time: 0.394 ms
Execution time: 1162.899 ms
