Seq Scan on cast_info ci  (cost=0.00..705507.15 rows=500 width=0) (actual time=4895.225..10925.136 rows=12 loops=1)
  Filter: (person_id = 3041923)
  Rows Removed by Filter: 36244332
Planning time: 0.444 ms
Execution time: 10925.225 ms
