Hash Join  (cost=81703.78..188934.02 rows=340090 width=0) (actual time=1668.059..4147.930 rows=984786 loops=1)
  Hash Cond: (mk.movie_id = t.id)
  ->  Seq Scan on movie_keyword mk  (cost=0.00..81003.12 rows=1813923 width=4) (actual time=0.017..1588.087 rows=1814869 loops=1)
        Filter: (keyword_id > 7649)
        Rows Removed by Filter: 2709061
  ->  Hash  (cost=73925.90..73925.90 rows=474070 width=4) (actual time=1423.122..1423.122 rows=496025 loops=1)
        Buckets: 131072  Batches: 8  Memory Usage: 3223kB
        ->  Seq Scan on title t  (cost=0.00..73925.90 rows=474070 width=4) (actual time=1.401..1267.494 rows=496025 loops=1)
              Filter: ((production_year < 2009) AND (kind_id = 1))
              Rows Removed by Filter: 2032287
Planning time: 0.743 ms
Execution time: 4269.938 ms
