Seq Scan on movie_keyword mk  (cost=0.00..81003.12 rows=1644871 width=0) (actual time=0.014..1529.772 rows=1651097 loops=1)
  Filter: (keyword_id > 8869)
  Rows Removed by Filter: 2872833
Planning time: 0.507 ms
Execution time: 1753.438 ms
