Hash Join  (cost=123015.01..248921.81 rows=320477 width=0) (actual time=2382.851..5617.357 rows=196467 loops=1)
  Hash Cond: (mk.movie_id = t.id)
  ->  Seq Scan on movie_keyword mk  (cost=0.00..69693.30 rows=4523930 width=4) (actual time=0.012..1406.837 rows=4523930 loops=1)
  ->  Hash  (cost=120075.98..120075.98 rows=179122 width=8) (actual time=2265.785..2265.785 rows=77940 loops=1)
        Buckets: 131072  Batches: 4  Memory Usage: 1789kB
        ->  Hash Join  (cost=79310.28..120075.98 rows=179122 width=8) (actual time=1414.177..2237.647 rows=77940 loops=1)
              Hash Cond: (mi_idx.movie_id = t.id)
              ->  Seq Scan on movie_info_idx mi_idx  (cost=0.00..21735.35 rows=1380035 width=4) (actual time=0.018..450.697 rows=1380035 loops=1)
              ->  Hash  (cost=73925.90..73925.90 rows=328190 width=4) (actual time=1143.542..1143.542 rows=217611 loops=1)
                    Buckets: 131072  Batches: 8  Memory Usage: 1969kB
                    ->  Seq Scan on title t  (cost=0.00..73925.90 rows=328190 width=4) (actual time=0.014..1070.961 rows=217611 loops=1)
                          Filter: ((production_year < 1982) AND (kind_id = 7))
                          Rows Removed by Filter: 2310701
Planning time: 2.969 ms
Execution time: 5642.924 ms
