Hash Join  (cost=1222973.05..2314733.34 rows=45265304 width=0) (actual time=22551.544..55705.043 rows=68282508 loops=1)
  Hash Cond: (mi.movie_id = t.id)
  ->  Seq Scan on movie_info mi  (cost=0.00..309384.22 rows=14739122 width=4) (actual time=0.011..6493.999 rows=14835720 loops=1)
  ->  Hash  (cost=1095572.09..1095572.09 rows=7765357 width=8) (actual time=22549.357..22549.357 rows=4818020 loops=1)
        Buckets: 131072  Batches: 128  Memory Usage: 2561kB
        ->  Hash Join  (cost=102767.86..1095572.09 rows=7765357 width=8) (actual time=1964.724..21185.752 rows=4818020 loops=1)
              Hash Cond: (ci.movie_id = t.id)
              ->  Seq Scan on cast_info ci  (cost=0.00..796071.18 rows=7765357 width=4) (actual time=0.139..14322.619 rows=4818020 loops=1)
                    Filter: ((person_id < 1703758) AND (role_id > 2))
                    Rows Removed by Filter: 31426324
              ->  Hash  (cost=61283.27..61283.27 rows=2528527 width=4) (actual time=1963.118..1963.118 rows=2528312 loops=1)
                    Buckets: 131072  Batches: 64  Memory Usage: 2415kB
                    ->  Seq Scan on title t  (cost=0.00..61283.27 rows=2528527 width=4) (actual time=0.015..1120.133 rows=2528312 loops=1)
Planning time: 0.830 ms
Execution time: 63606.232 ms
