Hash Join  (cost=174403.47..1288610.37 rows=6014824 width=0) (actual time=4322.833..40276.415 rows=22389241 loops=1)
  Hash Cond: (ci.movie_id = t.id)
  ->  Seq Scan on cast_info ci  (cost=0.00..796071.18 rows=22079593 width=4) (actual time=0.020..17644.567 rows=21308196 loops=1)
        Filter: ((person_id > 1056015) AND (role_id < 10))
        Rows Removed by Filter: 14936148
  ->  Hash  (cost=163102.35..163102.35 rows=688810 width=8) (actual time=4320.539..4320.539 rows=1307690 loops=1)
        Buckets: 131072 (originally 131072)  Batches: 32 (originally 16)  Memory Usage: 3073kB
        ->  Hash Join  (cost=78556.72..163102.35 rows=688810 width=8) (actual time=1289.900..3923.983 rows=1307690 loops=1)
              Hash Cond: (mc.movie_id = t.id)
              ->  Seq Scan on movie_companies mc  (cost=0.00..44881.29 rows=2609129 width=4) (actual time=0.008..851.094 rows=2609129 loops=1)
              ->  Hash  (cost=67604.59..67604.59 rows=667531 width=4) (actual time=1288.980..1288.980 rows=662825 loops=1)
                    Buckets: 131072  Batches: 16  Memory Usage: 2476kB
                    ->  Seq Scan on title t  (cost=0.00..67604.59 rows=667531 width=4) (actual time=34.844..1084.912 rows=662825 loops=1)
                          Filter: (kind_id = 1)
                          Rows Removed by Filter: 1865487
Planning time: 3.968 ms
Execution time: 42877.891 ms
