Seq Scan on movie_keyword mk  (cost=0.00..81003.12 rows=1438952 width=0) (actual time=0.032..1414.469 rows=1458053 loops=1)
  Filter: (keyword_id < 2056)
  Rows Removed by Filter: 3065877
Planning time: 0.362 ms
Execution time: 1596.945 ms
