Seq Scan on movie_companies mc  (cost=0.00..51404.11 rows=1305615 width=0) (actual time=0.043..1021.536 rows=1295493 loops=1)
  Filter: (company_id < 11272)
  Rows Removed by Filter: 1313636
Planning time: 0.361 ms
Execution time: 1187.207 ms
