Seq Scan on movie_keyword mk  (cost=0.00..81003.12 rows=852293 width=0) (actual time=0.018..1390.911 rows=858685 loops=1)
  Filter: (keyword_id > 21399)
  Rows Removed by Filter: 3665245
Planning time: 0.332 ms
Execution time: 1499.721 ms
