Hash Join  (cost=68257.79..826533.54 rows=748659 width=0) (actual time=979.545..21895.195 rows=759384 loops=1)
  Hash Cond: (ci.movie_id = t.id)
  ->  Seq Scan on cast_info ci  (cost=0.00..614943.12 rows=36225612 width=4) (actual time=0.022..9279.710 rows=36244344 loops=1)
  ->  Hash  (cost=67604.59..67604.59 rows=52256 width=4) (actual time=978.998..978.998 rows=53013 loops=1)
        Buckets: 65536  Batches: 1  Memory Usage: 2376kB
        ->  Seq Scan on title t  (cost=0.00..67604.59 rows=52256 width=4) (actual time=0.026..956.969 rows=53013 loops=1)
              Filter: (production_year = 2000)
              Rows Removed by Filter: 2475299
Planning time: 0.818 ms
Execution time: 22003.672 ms
