Hash Join  (cost=79993.30..121149.06 rows=201827 width=0) (actual time=1300.769..2197.904 rows=92310 loops=1)
  Hash Cond: (mi_idx.movie_id = t.id)
  ->  Seq Scan on movie_info_idx mi_idx  (cost=0.00..21735.35 rows=1380035 width=4) (actual time=0.033..395.782 rows=1380035 loops=1)
  ->  Hash  (cost=73925.90..73925.90 rows=369792 width=4) (actual time=1131.320..1131.320 rows=253766 loops=1)
        Buckets: 131072  Batches: 8  Memory Usage: 2127kB
        ->  Seq Scan on title t  (cost=0.00..73925.90 rows=369792 width=4) (actual time=0.028..1047.767 rows=253766 loops=1)
              Filter: ((production_year < 1986) AND (kind_id = 7))
              Rows Removed by Filter: 2274546
Planning time: 0.729 ms
Execution time: 2210.077 ms
