Hash Join  (cost=95031.98..847452.25 rows=163111 width=0) (actual time=1901.097..18625.466 rows=14751 loops=1)
  Hash Cond: (ci.movie_id = t.id)
  ->  Seq Scan on cast_info ci  (cost=0.00..614943.12 rows=36225612 width=4) (actual time=0.011..8878.420 rows=36244344 loops=1)
  ->  Hash  (cost=94889.67..94889.67 rows=11385 width=8) (actual time=1899.733..1899.733 rows=7386 loops=1)
        Buckets: 16384  Batches: 1  Memory Usage: 417kB
        ->  Hash Join  (cost=67865.34..94889.67 rows=11385 width=8) (actual time=1224.902..1896.956 rows=7386 loops=1)
              Hash Cond: (mi_idx.movie_id = t.id)
              ->  Seq Scan on movie_info_idx mi_idx  (cost=0.00..21735.35 rows=1380035 width=4) (actual time=0.044..344.691 rows=1380035 loops=1)
              ->  Hash  (cost=67604.59..67604.59 rows=20860 width=4) (actual time=1224.176..1224.176 rows=18379 loops=1)
                    Buckets: 32768  Batches: 1  Memory Usage: 903kB
                    ->  Seq Scan on title t  (cost=0.00..67604.59 rows=20860 width=4) (actual time=0.024..1214.153 rows=18379 loops=1)
                          Filter: (production_year < 1908)
                          Rows Removed by Filter: 2509933
Planning time: 1.241 ms
Execution time: 18628.300 ms
