Hash Join  (cost=102454.22..732800.49 rows=12381844 width=0) (actual time=2178.247..20726.810 rows=11492873 loops=1)
  Hash Cond: (mi.movie_id = t.id)
  ->  Seq Scan on movie_info mi  (cost=0.00..309384.22 rows=14739122 width=4) (actual time=0.019..6433.889 rows=14835720 loops=1)
  ->  Hash  (cost=67604.59..67604.59 rows=2124131 width=4) (actual time=2176.889..2176.889 rows=2118372 loops=1)
        Buckets: 131072  Batches: 32  Memory Usage: 3365kB
        ->  Seq Scan on title t  (cost=0.00..67604.59 rows=2124131 width=4) (actual time=0.012..1432.628 rows=2118372 loops=1)
              Filter: (production_year > 1967)
              Rows Removed by Filter: 409940
Planning time: 0.768 ms
Execution time: 22135.753 ms
