Hash Join  (cost=74747.02..169182.30 rows=87026 width=0) (actual time=1960.281..3202.878 rows=24500 loops=1)
  Hash Cond: (mk.movie_id = t.id)
  ->  Seq Scan on movie_keyword mk  (cost=0.00..81003.12 rows=3349839 width=4) (actual time=0.014..1478.643 rows=3346446 loops=1)
        Filter: (keyword_id > 1389)
        Rows Removed by Filter: 1177484
  ->  Hash  (cost=73925.90..73925.90 rows=65689 width=4) (actual time=1188.311..1188.311 rows=74524 loops=1)
        Buckets: 131072  Batches: 1  Memory Usage: 3644kB
        ->  Seq Scan on title t  (cost=0.00..73925.90 rows=65689 width=4) (actual time=54.062..1158.501 rows=74524 loops=1)
              Filter: ((kind_id = 7) AND (production_year = 2006))
              Rows Removed by Filter: 2453788
Planning time: 0.890 ms
Execution time: 3206.362 ms
