Hash Join  (cost=667293.03..2486645.00 rows=54429775 width=0) (actual time=21392.106..122065.917 rows=280386202 loops=1)
  Hash Cond: (ci.movie_id = t.id)
  ->  Seq Scan on cast_info ci  (cost=0.00..614943.12 rows=36225612 width=4) (actual time=0.006..13618.051 rows=36244344 loops=1)
  ->  Hash  (cost=604962.44..604962.44 rows=3799167 width=8) (actual time=21390.184..21390.184 rows=8130874 loops=1)
        Buckets: 131072 (originally 131072)  Batches: 128 (originally 64)  Memory Usage: 3482kB
        ->  Hash Join  (cost=84618.84..604962.44 rows=3799167 width=8) (actual time=1450.932..18218.470 rows=8130874 loops=1)
              Hash Cond: (mi.movie_id = t.id)
              ->  Seq Scan on movie_info mi  (cost=0.00..309384.22 rows=14739122 width=4) (actual time=0.017..6006.392 rows=14835720 loops=1)
              ->  Hash  (cost=73925.90..73925.90 rows=651755 width=4) (actual time=1449.744..1449.744 rows=711179 loops=1)
                    Buckets: 131072  Batches: 16  Memory Usage: 2599kB
                    ->  Seq Scan on title t  (cost=0.00..73925.90 rows=651755 width=4) (actual time=0.027..1210.674 rows=711179 loops=1)
                          Filter: ((kind_id < 7) AND (production_year < 2008))
                          Rows Removed by Filter: 1817133
Planning time: 1.141 ms
Execution time: 152027.409 ms
