Hash Join  (cost=204279.29..344436.34 rows=1490102 width=0) (actual time=4085.482..10920.061 rows=15413192 loops=1)
  Hash Cond: (mk.movie_id = t.id)
  ->  Seq Scan on movie_keyword mk  (cost=0.00..69693.30 rows=4523930 width=4) (actual time=0.022..1611.646 rows=4523930 loops=1)
  ->  Hash  (cost=190614.64..190614.64 rows=832852 width=8) (actual time=4084.159..4084.159 rows=628467 loops=1)
        Buckets: 131072  Batches: 16  Memory Usage: 2602kB
        ->  Hash Join  (cost=102767.86..190614.64 rows=832852 width=8) (actual time=1917.406..3892.438 rows=628467 loops=1)
              Hash Cond: (mc.movie_id = t.id)
              ->  Seq Scan on movie_companies mc  (cost=0.00..57926.93 rows=832852 width=4) (actual time=0.026..1038.421 rows=628467 loops=1)
                    Filter: ((company_id > 3029) AND (company_type_id = 1))
                    Rows Removed by Filter: 1980662
              ->  Hash  (cost=61283.27..61283.27 rows=2528527 width=4) (actual time=1915.687..1915.687 rows=2528312 loops=1)
                    Buckets: 131072  Batches: 64  Memory Usage: 2415kB
                    ->  Seq Scan on title t  (cost=0.00..61283.27 rows=2528527 width=4) (actual time=0.020..1084.124 rows=2528312 loops=1)
Planning time: 9.186 ms
Execution time: 12514.966 ms
