Hash Join  (cost=365418.15..1732910.15 rows=28755429 width=0) (actual time=11819.750..55587.393 rows=82438383 loops=1)
  Hash Cond: (ci.movie_id = t.id)
  ->  Seq Scan on cast_info ci  (cost=0.00..796071.18 rows=16072061 width=4) (actual time=2815.255..17545.625 rows=15013516 loops=1)
        Filter: ((person_id > 685546) AND (role_id < 3))
        Rows Removed by Filter: 21230828
  ->  Hash  (cost=291197.02..291197.02 rows=4523930 width=8) (actual time=9003.172..9003.172 rows=4523930 loops=1)
        Buckets: 131072  Batches: 64  Memory Usage: 3816kB
        ->  Hash Join  (cost=102767.86..291197.02 rows=4523930 width=8) (actual time=2072.009..7747.714 rows=4523930 loops=1)
              Hash Cond: (mk.movie_id = t.id)
              ->  Seq Scan on movie_keyword mk  (cost=0.00..69693.30 rows=4523930 width=4) (actual time=0.027..1487.365 rows=4523930 loops=1)
              ->  Hash  (cost=61283.27..61283.27 rows=2528527 width=4) (actual time=2070.957..2070.957 rows=2528312 loops=1)
                    Buckets: 131072  Batches: 64  Memory Usage: 2425kB
                    ->  Seq Scan on title t  (cost=0.00..61283.27 rows=2528527 width=4) (actual time=0.020..1189.680 rows=2528312 loops=1)
Planning time: 1.133 ms
Execution time: 64615.913 ms
