Hash Join  (cost=131023.95..218021.52 rows=33953 width=0) (actual time=2545.916..4283.190 rows=1031142 loops=1)
  Hash Cond: (mk.movie_id = t.id)
  ->  Seq Scan on movie_keyword mk  (cost=0.00..69693.30 rows=4523930 width=4) (actual time=0.021..802.246 rows=4523930 loops=1)
  ->  Hash  (cost=130786.74..130786.74 rows=18977 width=8) (actual time=2545.114..2545.114 rows=33602 loops=1)
        Buckets: 65536 (originally 32768)  Batches: 1 (originally 1)  Memory Usage: 1825kB
        ->  Hash Join  (cost=74394.67..130786.74 rows=18977 width=8) (actual time=1379.778..2532.396 rows=33602 loops=1)
              Hash Cond: (mc.movie_id = t.id)
              ->  Seq Scan on movie_companies mc  (cost=0.00..51404.11 rows=1279517 width=4) (actual time=0.028..873.584 rows=1274246 loops=1)
                    Filter: (company_type_id < 2)
                    Rows Removed by Filter: 1334883
              ->  Hash  (cost=73925.90..73925.90 rows=37501 width=4) (actual time=1379.407..1379.407 rows=32253 loops=1)
                    Buckets: 65536  Batches: 1  Memory Usage: 1646kB
                    ->  Seq Scan on title t  (cost=0.00..73925.90 rows=37501 width=4) (actual time=0.024..1365.587 rows=32253 loops=1)
                          Filter: ((kind_id < 7) AND (production_year = 2005))
                          Rows Removed by Filter: 2496059
Planning time: 3.898 ms
Execution time: 4399.789 ms
