Hash Join  (cost=196436.54..332369.21 rows=1143364 width=0) (actual time=4063.943..7771.996 rows=2154744 loops=1)
  Hash Cond: (mk.movie_id = t.id)
  ->  Seq Scan on movie_keyword mk  (cost=0.00..69693.30 rows=4523930 width=4) (actual time=0.009..1329.772 rows=4523930 loops=1)
  ->  Hash  (cost=185951.39..185951.39 rows=639052 width=8) (actual time=4063.237..4063.237 rows=404942 loops=1)
        Buckets: 131072  Batches: 16  Memory Usage: 2014kB
        ->  Hash Join  (cost=102767.86..185951.39 rows=639052 width=8) (actual time=2026.812..3937.838 rows=404942 loops=1)
              Hash Cond: (mc.movie_id = t.id)
              ->  Seq Scan on movie_companies mc  (cost=0.00..57926.93 rows=639052 width=4) (actual time=0.013..1129.959 rows=404942 loops=1)
                    Filter: ((company_id < 11149) AND (company_type_id > 1))
                    Rows Removed by Filter: 2204187
              ->  Hash  (cost=61283.27..61283.27 rows=2528527 width=4) (actual time=2025.462..2025.462 rows=2528312 loops=1)
                    Buckets: 131072  Batches: 64  Memory Usage: 2415kB
                    ->  Seq Scan on title t  (cost=0.00..61283.27 rows=2528527 width=4) (actual time=0.010..1173.517 rows=2528312 loops=1)
Planning time: 0.778 ms
Execution time: 8013.328 ms
