Seq Scan on movie_companies mc  (cost=0.00..57926.93 rows=53 width=0) (actual time=269.210..902.547 rows=26 loops=1)
  Filter: ((company_id = 21288) AND (company_type_id = 2))
  Rows Removed by Filter: 2609103
Planning time: 0.395 ms
Execution time: 902.642 ms
