Seq Scan on movie_keyword mk  (cost=0.00..81003.12 rows=246 width=0) (actual time=0.059..1276.428 rows=397 loops=1)
  Filter: (keyword_id = 1113)
  Rows Removed by Filter: 4523533
Planning time: 0.394 ms
Execution time: 1276.710 ms
