Seq Scan on movie_keyword mk  (cost=0.00..81003.12 rows=3912486 width=0) (actual time=0.009..1433.640 rows=3911792 loops=1)
  Filter: (keyword_id > 460)
  Rows Removed by Filter: 612138
Planning time: 0.258 ms
Execution time: 1867.194 ms
