Hash Join  (cost=282191.29..1086319.63 rows=3521366 width=0) (actual time=10681.693..23330.986 rows=4514578 loops=1)
  Hash Cond: (ci.movie_id = t.id)
  ->  Seq Scan on cast_info ci  (cost=0.00..705507.15 rows=4320508 width=4) (actual time=4326.435..13964.225 rows=4323018 loops=1)
        Filter: (role_id = 10)
        Rows Removed by Filter: 31921326
  ->  Hash  (cost=248379.82..248379.82 rows=2060838 width=8) (actual time=6353.296..6353.296 rows=520504 loops=1)
        Buckets: 131072  Batches: 32  Memory Usage: 1662kB
        ->  Hash Join  (cost=95162.59..248379.82 rows=2060838 width=8) (actual time=3831.179..6195.072 rows=520504 loops=1)
              Hash Cond: (mk.movie_id = t.id)
              ->  Seq Scan on movie_keyword mk  (cost=0.00..81003.12 rows=4025792 width=4) (actual time=0.022..1893.920 rows=4021945 loops=1)
                    Filter: (keyword_id > 359)
                    Rows Removed by Filter: 501985
              ->  Hash  (cost=73925.90..73925.90 rows=1294375 width=4) (actual time=1917.926..1917.926 rows=1374286 loops=1)
                    Buckets: 131072  Batches: 32  Memory Usage: 2543kB
                    ->  Seq Scan on title t  (cost=0.00..73925.90 rows=1294375 width=4) (actual time=0.018..1468.684 rows=1374286 loops=1)
                          Filter: ((production_year > 1967) AND (kind_id = 7))
                          Rows Removed by Filter: 1154026
Planning time: 1.186 ms
Execution time: 23830.091 ms
