Seq Scan on movie_keyword mk  (cost=0.00..81003.12 rows=1378944 width=0) (actual time=0.013..1364.169 rows=1394484 loops=1)
  Filter: (keyword_id > 12014)
  Rows Removed by Filter: 3129446
Planning time: 0.342 ms
Execution time: 1541.998 ms
