Seq Scan on movie_companies mc  (cost=0.00..57926.93 rows=1174679 width=0) (actual time=242.261..1023.261 rows=1107481 loops=1)
  Filter: ((company_id > 69) AND (company_type_id < 2))
  Rows Removed by Filter: 1501648
Planning time: 0.379 ms
Execution time: 1151.908 ms
