Hash Join  (cost=245043.01..1618676.05 rows=28672986 width=0) (actual time=5695.641..53474.307 rows=64355362 loops=1)
  Hash Cond: (ci.movie_id = t.id)
  ->  Seq Scan on cast_info ci  (cost=0.00..614943.12 rows=36225612 width=4) (actual time=0.025..13241.584 rows=36244344 loops=1)
  ->  Hash  (cost=212208.04..212208.04 rows=2001358 width=8) (actual time=5694.573..5694.573 rows=1996564 loops=1)
        Buckets: 131072  Batches: 32  Memory Usage: 3422kB
        ->  Hash Join  (cost=102767.86..212208.04 rows=2001358 width=8) (actual time=1931.719..5124.876 rows=1996564 loops=1)
              Hash Cond: (mc.movie_id = t.id)
              ->  Seq Scan on movie_companies mc  (cost=0.00..51404.11 rows=2001358 width=4) (actual time=0.023..1085.966 rows=1996564 loops=1)
                    Filter: (company_id < 64215)
                    Rows Removed by Filter: 612565
              ->  Hash  (cost=61283.27..61283.27 rows=2528527 width=4) (actual time=1930.634..1930.634 rows=2528312 loops=1)
                    Buckets: 131072  Batches: 64  Memory Usage: 2415kB
                    ->  Seq Scan on title t  (cost=0.00..61283.27 rows=2528527 width=4) (actual time=0.020..1108.225 rows=2528312 loops=1)
Planning time: 1.176 ms
Execution time: 59790.451 ms
