Hash Join  (cost=263115.61..442926.49 rows=3750392 width=0) (actual time=6280.950..15993.712 rows=29131755 loops=1)
  Hash Cond: (mk.movie_id = t.id)
  ->  Seq Scan on movie_keyword mk  (cost=0.00..81003.12 rows=3634534 width=4) (actual time=0.010..1857.692 rows=3627913 loops=1)
        Filter: (keyword_id > 845)
        Rows Removed by Filter: 896017
  ->  Hash  (cost=220309.49..220309.49 rows=2609129 width=8) (actual time=6276.458..6276.458 rows=2609129 loops=1)
        Buckets: 131072  Batches: 64  Memory Usage: 2691kB
        ->  Hash Join  (cost=102767.86..220309.49 rows=2609129 width=8) (actual time=2041.650..5522.399 rows=2609129 loops=1)
              Hash Cond: (mc.movie_id = t.id)
              ->  Seq Scan on movie_companies mc  (cost=0.00..44881.29 rows=2609129 width=4) (actual time=0.010..960.139 rows=2609129 loops=1)
              ->  Hash  (cost=61283.27..61283.27 rows=2528527 width=4) (actual time=2040.334..2040.334 rows=2528312 loops=1)
                    Buckets: 131072  Batches: 64  Memory Usage: 2415kB
                    ->  Seq Scan on title t  (cost=0.00..61283.27 rows=2528527 width=4) (actual time=0.021..1217.575 rows=2528312 loops=1)
Planning time: 0.779 ms
Execution time: 18964.392 ms
