Seq Scan on movie_companies mc  (cost=0.00..57926.93 rows=171774 width=0) (actual time=0.030..896.153 rows=339496 loops=1)
  Filter: ((company_id > 89383) AND (company_type_id > 1))
  Rows Removed by Filter: 2269633
Planning time: 0.342 ms
Execution time: 938.003 ms
