Hash Join  (cost=932840.85..1072244.78 rows=1428289 width=0) (actual time=15056.027..17612.245 rows=448942 loops=1)
  Hash Cond: (mk.movie_id = t.id)
  ->  Seq Scan on movie_keyword mk  (cost=0.00..69693.30 rows=4523930 width=4) (actual time=0.010..1484.304 rows=4523930 loops=1)
  ->  Hash  (cost=919743.07..919743.07 rows=798303 width=8) (actual time=14121.757..14121.757 rows=323999 loops=1)
        Buckets: 131072  Batches: 16  Memory Usage: 1805kB
        ->  Hash Join  (cost=92883.59..919743.07 rows=798303 width=8) (actual time=4342.920..14016.101 rows=323999 loops=1)
              Hash Cond: (ci.movie_id = t.id)
              ->  Seq Scan on cast_info ci  (cost=0.00..796071.18 rows=1310054 width=4) (actual time=2650.418..11624.784 rows=645915 loops=1)
                    Filter: ((person_id < 474988) AND (role_id > 4))
                    Rows Removed by Filter: 35598429
              ->  Hash  (cost=67604.59..67604.59 rows=1540800 width=4) (actual time=1690.932..1690.932 rows=1543264 loops=1)
                    Buckets: 131072  Batches: 32  Memory Usage: 2722kB
                    ->  Seq Scan on title t  (cost=0.00..67604.59 rows=1540800 width=4) (actual time=197.642..1202.352 rows=1543264 loops=1)
                          Filter: (kind_id = 7)
                          Rows Removed by Filter: 985048
Planning time: 1.237 ms
Execution time: 17668.935 ms
