Seq Scan on cast_info ci  (cost=0.00..796071.18 rows=176 width=0) (actual time=4445.283..10863.174 rows=25 loops=1)
  Filter: ((person_id = 1592516) AND (role_id = 1))
  Rows Removed by Filter: 36244319
Planning time: 0.440 ms
Execution time: 10863.277 ms
