Hash Join  (cost=212735.91..1065341.08 rows=1642178 width=0) (actual time=9632.740..21300.399 rows=1789356 loops=1)
  Hash Cond: (ci.movie_id = t.id)
  ->  Seq Scan on cast_info ci  (cost=0.00..796071.18 rows=3001657 width=4) (actual time=4675.192..13773.968 rows=4304094 loops=1)
        Filter: ((person_id > 2139977) AND (role_id = 2))
        Rows Removed by Filter: 31940250
  ->  Hash  (cost=190040.25..190040.25 rows=1383333 width=8) (actual time=4956.068..4956.068 rows=624850 loops=1)
        Buckets: 131072  Batches: 32  Memory Usage: 1762kB
        ->  Hash Join  (cost=95920.39..190040.25 rows=1383333 width=8) (actual time=2003.765..4413.520 rows=624850 loops=1)
              Hash Cond: (mc.movie_id = t.id)
              ->  Seq Scan on movie_companies mc  (cost=0.00..44881.29 rows=2609129 width=4) (actual time=0.023..938.574 rows=2609129 loops=1)
              ->  Hash  (cost=73925.90..73925.90 rows=1340599 width=4) (actual time=1813.576..1813.576 rows=1418280 loops=1)
                    Buckets: 131072  Batches: 32  Memory Usage: 2584kB
                    ->  Seq Scan on title t  (cost=0.00..73925.90 rows=1340599 width=4) (actual time=0.021..1365.605 rows=1418280 loops=1)
                          Filter: ((production_year > 1961) AND (kind_id = 7))
                          Rows Removed by Filter: 1110032
Planning time: 1.231 ms
Execution time: 21512.338 ms
