Hash Join  (cost=102767.86..1151547.10 rows=10091573 width=0) (actual time=6687.562..24440.663 rows=7315236 loops=1)
  Hash Cond: (ci.movie_id = t.id)
  ->  Seq Scan on cast_info ci  (cost=0.00..796071.18 rows=10091573 width=4) (actual time=4584.770..15724.874 rows=7315236 loops=1)
        Filter: ((person_id > 718635) AND (role_id = 1))
        Rows Removed by Filter: 28929108
  ->  Hash  (cost=61283.27..61283.27 rows=2528527 width=4) (actual time=2101.650..2101.650 rows=2528312 loops=1)
        Buckets: 131072  Batches: 64  Memory Usage: 2415kB
        ->  Seq Scan on title t  (cost=0.00..61283.27 rows=2528527 width=4) (actual time=0.023..1171.928 rows=2528312 loops=1)
Planning time: 0.780 ms
Execution time: 25331.628 ms
