Hash Join  (cost=241526.03..322293.17 rows=712676 width=0) (actual time=5047.211..8385.044 rows=4445980 loops=1)
  Hash Cond: (mc.movie_id = t.id)
  ->  Seq Scan on movie_companies mc  (cost=0.00..51404.11 rows=1523272 width=4) (actual time=0.037..1059.099 rows=1529398 loops=1)
        Filter: (company_id > 6893)
        Rows Removed by Filter: 1079731
  ->  Hash  (cost=222116.62..222116.62 rows=1182993 width=8) (actual time=5046.236..5046.236 rows=1191550 loops=1)
        Buckets: 131072  Batches: 16  Memory Usage: 3972kB
        ->  Hash Join  (cost=102767.86..222116.62 rows=1182993 width=8) (actual time=1950.893..4719.007 rows=1191550 loops=1)
              Hash Cond: (mk.movie_id = t.id)
              ->  Seq Scan on movie_keyword mk  (cost=0.00..81003.12 rows=1182993 width=4) (actual time=0.010..1416.520 rows=1191550 loops=1)
                    Filter: (keyword_id < 1425)
                    Rows Removed by Filter: 3332380
              ->  Hash  (cost=61283.27..61283.27 rows=2528527 width=4) (actual time=1949.416..1949.416 rows=2528312 loops=1)
                    Buckets: 131072  Batches: 64  Memory Usage: 2425kB
                    ->  Seq Scan on title t  (cost=0.00..61283.27 rows=2528527 width=4) (actual time=0.021..1095.252 rows=2528312 loops=1)
Planning time: 2.399 ms
Execution time: 8872.910 ms
