Hash Join  (cost=81529.26..114701.17 rows=84481 width=0) (actual time=1393.752..2118.681 rows=49403 loops=1)
  Hash Cond: (mi_idx.movie_id = t.id)
  ->  Seq Scan on movie_info_idx mi_idx  (cost=0.00..25185.44 rows=460978 width=4) (actual time=0.020..463.494 rows=459925 loops=1)
        Filter: (info_type_id = 99)
        Rows Removed by Filter: 920110
  ->  Hash  (cost=73925.90..73925.90 rows=463388 width=4) (actual time=1392.456..1392.456 rows=321767 loops=1)
        Buckets: 131072  Batches: 8  Memory Usage: 2430kB
        ->  Seq Scan on title t  (cost=0.00..73925.90 rows=463388 width=4) (actual time=0.019..1284.077 rows=321767 loops=1)
              Filter: ((kind_id > 1) AND (production_year < 1987))
              Rows Removed by Filter: 2206545
Planning time: 3.497 ms
Execution time: 2125.626 ms
