Seq Scan on title t  (cost=0.00..73925.90 rows=1710379 width=0) (actual time=0.016..1412.378 rows=1799687 loops=1)
  Filter: ((kind_id > 1) AND (production_year > 1938))
  Rows Removed by Filter: 728625
Planning time: 0.268 ms
Execution time: 1644.586 ms
