Seq Scan on cast_info ci  (cost=0.00..705507.15 rows=14262293 width=0) (actual time=0.014..11923.067 rows=14415054 loops=1)
  Filter: (person_id > 2219215)
  Rows Removed by Filter: 21829290
Planning time: 0.326 ms
Execution time: 13710.329 ms
