Hash Join  (cost=83074.74..109986.57 rows=134 width=0) (actual time=1287.951..1820.596 rows=449 loops=1)
  Hash Cond: (mi_idx.movie_id = t.id)
  ->  Seq Scan on movie_info_idx mi_idx  (cost=0.00..21735.35 rows=1380035 width=4) (actual time=0.017..280.137 rows=1380035 loops=1)
  ->  Hash  (cost=83071.67..83071.67 rows=246 width=8) (actual time=1284.498..1284.498 rows=169 loops=1)
        Buckets: 1024  Batches: 1  Memory Usage: 15kB
        ->  Nested Loop  (cost=0.43..83071.67 rows=246 width=8) (actual time=17.658..1284.283 rows=169 loops=1)
              ->  Seq Scan on movie_keyword mk  (cost=0.00..81003.12 rows=246 width=4) (actual time=17.573..1273.420 rows=169 loops=1)
                    Filter: (keyword_id = 7272)
                    Rows Removed by Filter: 4523761
              ->  Index Only Scan using title_pkey on title t  (cost=0.43..8.40 rows=1 width=4) (actual time=0.060..0.061 rows=1 loops=169)
                    Index Cond: (id = mk.movie_id)
                    Heap Fetches: 169
Planning time: 1.250 ms
Execution time: 1820.805 ms
