Hash Join  (cost=114519.07..182626.19 rows=76197 width=0) (actual time=2455.499..3800.938 rows=164028 loops=1)
  Hash Cond: (mc.movie_id = t.id)
  ->  Seq Scan on movie_companies mc  (cost=0.00..51404.11 rows=1329612 width=4) (actual time=110.146..958.801 rows=1334883 loops=1)
        Filter: (company_type_id = 2)
        Rows Removed by Filter: 1274246
  ->  Hash  (cost=112140.79..112140.79 rows=144903 width=8) (actual time=2344.432..2344.432 rows=147040 loops=1)
        Buckets: 131072  Batches: 2  Memory Usage: 3897kB
        ->  Hash Join  (cost=71961.27..112140.79 rows=144903 width=8) (actual time=1227.408..2296.832 rows=147040 loops=1)
              Hash Cond: (mi_idx.movie_id = t.id)
              ->  Seq Scan on movie_info_idx mi_idx  (cost=0.00..21735.35 rows=1380035 width=4) (actual time=0.027..442.479 rows=1380035 loops=1)
              ->  Hash  (cost=67604.59..67604.59 rows=265495 width=4) (actual time=1226.483..1226.483 rows=263594 loops=1)
                    Buckets: 131072  Batches: 4  Memory Usage: 3340kB
                    ->  Seq Scan on title t  (cost=0.00..67604.59 rows=265495 width=4) (actual time=0.068..1139.799 rows=263594 loops=1)
                          Filter: (production_year < 1962)
                          Rows Removed by Filter: 2264718
Planning time: 1.661 ms
Execution time: 3818.852 ms
