Hash Join  (cost=102767.86..288701.98 rows=3950215 width=0) (actual time=1999.060..7114.148 rows=3947775 loops=1)
  Hash Cond: (mk.movie_id = t.id)
  ->  Seq Scan on movie_keyword mk  (cost=0.00..81003.12 rows=3950215 width=4) (actual time=0.023..1892.979 rows=3947775 loops=1)
        Filter: (keyword_id > 405)
        Rows Removed by Filter: 576155
  ->  Hash  (cost=61283.27..61283.27 rows=2528527 width=4) (actual time=1996.932..1996.932 rows=2528312 loops=1)
        Buckets: 131072  Batches: 64  Memory Usage: 2425kB
        ->  Seq Scan on title t  (cost=0.00..61283.27 rows=2528527 width=4) (actual time=0.019..1092.510 rows=2528312 loops=1)
Planning time: 0.900 ms
Execution time: 7565.524 ms
