Hash Join  (cost=1016073.03..1207210.00 rows=4746211 width=0) (actual time=20522.222..33832.181 rows=33955792 loops=1)
  Hash Cond: (mk.movie_id = t.id)
  ->  Seq Scan on movie_keyword mk  (cost=0.00..69693.30 rows=4523930 width=4) (actual time=0.012..1446.828 rows=4523930 loops=1)
  ->  Hash  (cost=972550.47..972550.47 rows=2652765 width=8) (actual time=20518.355..20518.355 rows=5388808 loops=1)
        Buckets: 131072 (originally 131072)  Batches: 128 (originally 64)  Memory Usage: 3073kB
        ->  Hash Join  (cost=102767.86..972550.47 rows=2652765 width=8) (actual time=1845.042..18951.729 rows=5388808 loops=1)
              Hash Cond: (ci.movie_id = t.id)
              ->  Seq Scan on cast_info ci  (cost=0.00..796071.18 rows=2652765 width=4) (actual time=0.025..12379.846 rows=5388808 loops=1)
                    Filter: ((person_id < 723345) AND (role_id = 1))
                    Rows Removed by Filter: 30855536
              ->  Hash  (cost=61283.27..61283.27 rows=2528527 width=4) (actual time=1844.050..1844.050 rows=2528312 loops=1)
                    Buckets: 131072  Batches: 64  Memory Usage: 2415kB
                    ->  Seq Scan on title t  (cost=0.00..61283.27 rows=2528527 width=4) (actual time=0.010..988.251 rows=2528312 loops=1)
Planning time: 1.162 ms
Execution time: 37741.114 ms
