Hash Join  (cost=73982.55..166781.78 rows=5611 width=0) (actual time=1743.192..3277.874 rows=1693 loops=1)
  Hash Cond: (mk.movie_id = t.id)
  ->  Seq Scan on movie_keyword mk  (cost=0.00..81003.12 rows=3130665 width=4) (actual time=0.014..1551.882 rows=3115735 loops=1)
        Filter: (keyword_id < 11879)
        Rows Removed by Filter: 1408195
  ->  Hash  (cost=73925.90..73925.90 rows=4532 width=4) (actual time=1243.379..1243.379 rows=8378 loops=1)
        Buckets: 16384 (originally 8192)  Batches: 1 (originally 1)  Memory Usage: 423kB
        ->  Seq Scan on title t  (cost=0.00..73925.90 rows=4532 width=4) (actual time=0.042..1239.099 rows=8378 loops=1)
              Filter: ((kind_id = 7) AND (production_year = 1979))
              Rows Removed by Filter: 2519934
Planning time: 0.552 ms
Execution time: 3278.248 ms
