Hash Join  (cost=499089.85..642750.93 rows=1777704 width=0) (actual time=9277.356..22940.257 rows=45580645 loops=1)
  Hash Cond: (mk.movie_id = t.id)
  ->  Seq Scan on movie_keyword mk  (cost=0.00..69693.30 rows=4523930 width=4) (actual time=0.025..1523.508 rows=4523930 loops=1)
  ->  Hash  (cost=482787.87..482787.87 rows=993599 width=8) (actual time=9276.222..9276.222 rows=1046316 loops=1)
        Buckets: 131072  Batches: 16  Memory Usage: 3599kB
        ->  Hash Join  (cost=102767.86..482787.87 rows=993599 width=8) (actual time=4881.542..8992.861 rows=1046316 loops=1)
              Hash Cond: (mi.movie_id = t.id)
              ->  Seq Scan on movie_info mi  (cost=0.00..346232.03 rows=993599 width=4) (actual time=2995.048..5632.126 rows=1046316 loops=1)
                    Filter: (info_type_id > 78)
                    Rows Removed by Filter: 13789404
              ->  Hash  (cost=61283.27..61283.27 rows=2528527 width=4) (actual time=1883.604..1883.604 rows=2528312 loops=1)
                    Buckets: 131072  Batches: 64  Memory Usage: 2425kB
                    ->  Seq Scan on title t  (cost=0.00..61283.27 rows=2528527 width=4) (actual time=0.022..1037.548 rows=2528312 loops=1)
Planning time: 1.114 ms
Execution time: 28187.103 ms
