Hash Join  (cost=190230.21..1166228.00 rows=5596740 width=0) (actual time=4231.616..21568.939 rows=5645388 loops=1)
  Hash Cond: (ci.movie_id = t.id)
  ->  Seq Scan on cast_info ci  (cost=0.00..796071.18 rows=10254456 width=4) (actual time=0.011..13560.743 rows=4388023 loops=1)
        Filter: ((person_id < 1550706) AND (role_id > 1))
        Rows Removed by Filter: 31856321
  ->  Hash  (cost=167588.78..167588.78 rows=1380035 width=8) (actual time=4230.378..4230.378 rows=1380035 loops=1)
        Buckets: 131072  Batches: 32  Memory Usage: 2708kB
        ->  Hash Join  (cost=102767.86..167588.78 rows=1380035 width=8) (actual time=1869.577..3834.543 rows=1380035 loops=1)
              Hash Cond: (mi_idx.movie_id = t.id)
              ->  Seq Scan on movie_info_idx mi_idx  (cost=0.00..21735.35 rows=1380035 width=4) (actual time=0.019..457.817 rows=1380035 loops=1)
              ->  Hash  (cost=61283.27..61283.27 rows=2528527 width=4) (actual time=1868.322..1868.322 rows=2528312 loops=1)
                    Buckets: 131072  Batches: 64  Memory Usage: 2415kB
                    ->  Seq Scan on title t  (cost=0.00..61283.27 rows=2528527 width=4) (actual time=0.019..1009.099 rows=2528312 loops=1)
Planning time: 1.003 ms
Execution time: 22190.777 ms
