Hash Join  (cost=1174203.71..2269320.16 rows=45579821 width=0) (actual time=27542.130..50787.488 rows=29768789 loops=1)
  Hash Cond: (mi.movie_id = t.id)
  ->  Seq Scan on movie_info mi  (cost=0.00..309384.22 rows=14739122 width=4) (actual time=0.017..6032.508 rows=14835720 loops=1)
  ->  Hash  (cost=1045917.30..1045917.30 rows=7819313 width=8) (actual time=27540.326..27540.326 rows=7297259 loops=1)
        Buckets: 131072  Batches: 128  Memory Usage: 3238kB
        ->  Hash Join  (cost=93093.72..1045917.30 rows=7819313 width=8) (actual time=4621.455..24801.712 rows=7297259 loops=1)
              Hash Cond: (ci.movie_id = t.id)
              ->  Seq Scan on cast_info ci  (cost=0.00..705507.15 rows=12726058 width=4) (actual time=2602.702..13007.604 rows=12670688 loops=1)
                    Filter: (role_id < 2)
                    Rows Removed by Filter: 23573656
              ->  Hash  (cost=67604.59..67604.59 rows=1553611 width=4) (actual time=2017.636..2017.636 rows=1555864 loops=1)
                    Buckets: 131072  Batches: 32  Memory Usage: 2734kB
                    ->  Seq Scan on title t  (cost=0.00..67604.59 rows=1553611 width=4) (actual time=0.025..1197.694 rows=1555864 loops=1)
                          Filter: (kind_id > 4)
                          Rows Removed by Filter: 972448
Planning time: 1.142 ms
Execution time: 54083.701 ms
