Seq Scan on movie_keyword mk  (cost=0.00..81003.12 rows=151540 width=0) (actual time=0.036..1229.420 rows=163809 loops=1)
  Filter: (keyword_id < 121)
  Rows Removed by Filter: 4360121
Planning time: 0.366 ms
Execution time: 1251.869 ms
