Seq Scan on movie_companies mc  (cost=0.00..57926.93 rows=53 width=0) (actual time=248.832..959.990 rows=75 loops=1)
  Filter: ((company_type_id > 1) AND (company_id = 13165))
  Rows Removed by Filter: 2609054
Planning time: 0.388 ms
Execution time: 960.117 ms
