Hash Join  (cost=374086.69..1186483.04 rows=25990172 width=0) (actual time=8859.206..71804.333 rows=230784509 loops=1)
  Hash Cond: (mi.movie_id = t.id)
  ->  Seq Scan on movie_info mi  (cost=0.00..309384.22 rows=14739122 width=4) (actual time=0.011..6116.277 rows=14835720 loops=1)
  ->  Hash  (cost=300936.34..300936.34 rows=4458668 width=8) (actual time=8856.730..8856.730 rows=4460845 loops=1)
        Buckets: 131072  Batches: 64  Memory Usage: 3849kB
        ->  Hash Join  (cost=102767.86..300936.34 rows=4458668 width=8) (actual time=2022.082..7556.053 rows=4460845 loops=1)
              Hash Cond: (mk.movie_id = t.id)
              ->  Seq Scan on movie_keyword mk  (cost=0.00..81003.12 rows=4458668 width=4) (actual time=0.014..1870.796 rows=4460845 loops=1)
                    Filter: (keyword_id < 93911)
                    Rows Removed by Filter: 63085
              ->  Hash  (cost=61283.27..61283.27 rows=2528527 width=4) (actual time=2019.878..2019.878 rows=2528312 loops=1)
                    Buckets: 131072  Batches: 64  Memory Usage: 2425kB
                    ->  Seq Scan on title t  (cost=0.00..61283.27 rows=2528527 width=4) (actual time=0.021..1140.583 rows=2528312 loops=1)
Planning time: 1.181 ms
Execution time: 96582.793 ms
