Hash Join  (cost=572084.85..1953775.35 rows=11825220 width=0) (actual time=13034.996..47598.251 rows=21870160 loops=1)
  Hash Cond: (ci.movie_id = t.id)
  ->  Seq Scan on cast_info ci  (cost=0.00..614943.12 rows=36225612 width=4) (actual time=0.020..13183.821 rows=36244344 loops=1)
  ->  Hash  (cost=558542.43..558542.43 rows=825394 width=8) (actual time=13031.093..13031.093 rows=707392 loops=1)
        Buckets: 131072  Batches: 16  Memory Usage: 2759kB
        ->  Hash Join  (cost=69928.56..558542.43 rows=825394 width=8) (actual time=1181.169..12806.240 rows=707392 loops=1)
              Hash Cond: (mi.movie_id = t.id)
              ->  Seq Scan on movie_info mi  (cost=0.00..309384.22 rows=14739122 width=4) (actual time=0.025..6175.463 rows=14835720 loops=1)
              ->  Hash  (cost=67604.59..67604.59 rows=141598 width=4) (actual time=1180.402..1180.402 rows=141703 loops=1)
                    Buckets: 131072  Batches: 2  Memory Usage: 3517kB
                    ->  Seq Scan on title t  (cost=0.00..67604.59 rows=141598 width=4) (actual time=0.029..1127.092 rows=141703 loops=1)
                          Filter: (production_year = 2010)
                          Rows Removed by Filter: 2386609
Planning time: 1.209 ms
Execution time: 49840.629 ms
