Hash Join  (cost=120344.01..188204.88 rows=42096 width=0) (actual time=2723.898..3980.567 rows=36918 loops=1)
  Hash Cond: (mc.movie_id = t.id)
  ->  Seq Scan on movie_companies mc  (cost=0.00..57926.93 rows=776259 width=4) (actual time=443.104..1100.384 rows=996284 loops=1)
        Filter: ((company_id > 6893) AND (company_type_id = 2))
        Rows Removed by Filter: 1612845
  ->  Hash  (cost=118094.01..118094.01 rows=137120 width=8) (actual time=2279.927..2279.927 rows=49935 loops=1)
        Buckets: 131072  Batches: 2  Memory Usage: 2009kB
        ->  Hash Join  (cost=78048.33..118094.01 rows=137120 width=8) (actual time=1234.368..2264.676 rows=49935 loops=1)
              Hash Cond: (mi_idx.movie_id = t.id)
              ->  Seq Scan on movie_info_idx mi_idx  (cost=0.00..21735.35 rows=1380035 width=4) (actual time=0.010..491.071 rows=1380035 loops=1)
              ->  Hash  (cost=73925.90..73925.90 rows=251234 width=4) (actual time=1233.000..1233.000 rows=120249 loops=1)
                    Buckets: 131072  Batches: 4  Memory Usage: 2080kB
                    ->  Seq Scan on title t  (cost=0.00..73925.90 rows=251234 width=4) (actual time=0.032..1189.016 rows=120249 loops=1)
                          Filter: ((kind_id > 1) AND (production_year < 1968))
                          Rows Removed by Filter: 2408063
Planning time: 1.129 ms
Execution time: 3985.620 ms
