Seq Scan on movie_keyword mk  (cost=0.00..81003.12 rows=246 width=0) (actual time=1.503..1242.019 rows=597 loops=1)
  Filter: (keyword_id = 27549)
  Rows Removed by Filter: 4523333
Planning time: 0.411 ms
Execution time: 1242.369 ms
