Nested Loop  (cost=0.43..52283.95 rows=64 width=0) (actual time=71.354..802.689 rows=44 loops=1)
  ->  Seq Scan on movie_companies mc  (cost=0.00..51404.11 rows=104 width=4) (actual time=71.277..798.896 rows=108 loops=1)
        Filter: (company_id = 82571)
        Rows Removed by Filter: 2609021
  ->  Index Scan using title_pkey on title t  (cost=0.43..8.45 rows=1 width=4) (actual time=0.033..0.033 rows=0 loops=108)
        Index Cond: (id = mc.movie_id)
        Filter: (kind_id > 4)
        Rows Removed by Filter: 1
Planning time: 0.754 ms
Execution time: 802.789 ms
