Seq Scan on movie_companies mc  (cost=0.00..57926.93 rows=964348 width=0) (actual time=189.142..1104.505 rows=654271 loops=1)
  Filter: ((company_id < 42107) AND (company_type_id = 2))
  Rows Removed by Filter: 1954858
Planning time: 0.419 ms
Execution time: 1184.615 ms
