Hash Join  (cost=365418.15..1236516.70 rows=26337907 width=0) (actual time=8727.343..73774.338 rows=232960129 loops=1)
  Hash Cond: (mi.movie_id = t.id)
  ->  Seq Scan on movie_info mi  (cost=0.00..346232.03 rows=14720853 width=4) (actual time=0.012..7937.161 rows=14805540 loops=1)
        Filter: (info_type_id < 110)
        Rows Removed by Filter: 30180
  ->  Hash  (cost=291197.02..291197.02 rows=4523930 width=8) (actual time=8725.242..8725.242 rows=4523930 loops=1)
        Buckets: 131072  Batches: 64  Memory Usage: 3893kB
        ->  Hash Join  (cost=102767.86..291197.02 rows=4523930 width=8) (actual time=2312.153..7438.190 rows=4523930 loops=1)
              Hash Cond: (mk.movie_id = t.id)
              ->  Seq Scan on movie_keyword mk  (cost=0.00..69693.30 rows=4523930 width=4) (actual time=0.017..1465.386 rows=4523930 loops=1)
              ->  Hash  (cost=61283.27..61283.27 rows=2528527 width=4) (actual time=2309.792..2309.792 rows=2528312 loops=1)
                    Buckets: 131072  Batches: 64  Memory Usage: 2425kB
                    ->  Seq Scan on title t  (cost=0.00..61283.27 rows=2528527 width=4) (actual time=0.008..1169.861 rows=2528312 loops=1)
Planning time: 0.794 ms
Execution time: 97960.196 ms
