Seq Scan on movie_companies mc  (cost=0.00..57926.93 rows=822473 width=0) (actual time=334.112..1069.248 rows=1032770 loops=1)
  Filter: ((company_id > 4626) AND (company_type_id = 2))
  Rows Removed by Filter: 1576359
Planning time: 0.530 ms
Execution time: 1195.331 ms
