Seq Scan on movie_keyword mk  (cost=0.00..81003.12 rows=3183872 width=0) (actual time=0.027..1628.999 rows=3165167 loops=1)
  Filter: (keyword_id > 1768)
  Rows Removed by Filter: 1358763
Planning time: 0.337 ms
Execution time: 2022.047 ms
