Seq Scan on movie_keyword mk  (cost=0.00..81003.12 rows=246 width=0) (actual time=16.237..1373.042 rows=57 loops=1)
  Filter: (keyword_id = 34687)
  Rows Removed by Filter: 4523873
Planning time: 0.386 ms
Execution time: 1373.189 ms
