Hash Join  (cost=74050.79..188494.45 rows=377972 width=0) (actual time=1600.331..4263.918 rows=152317 loops=1)
  Hash Cond: (mk.movie_id = t.id)
  ->  Seq Scan on movie_keyword mk  (cost=0.00..81003.12 rows=2432484 width=4) (actual time=0.028..1624.923 rows=2435334 loops=1)
        Filter: (keyword_id < 5777)
        Rows Removed by Filter: 2088596
  ->  Hash  (cost=67604.59..67604.59 rows=392896 width=4) (actual time=1599.435..1599.435 rows=391666 loops=1)
        Buckets: 131072  Batches: 8  Memory Usage: 2759kB
        ->  Seq Scan on title t  (cost=0.00..67604.59 rows=392896 width=4) (actual time=0.018..1144.500 rows=391666 loops=1)
              Filter: (production_year > 2010)
              Rows Removed by Filter: 2136646
Planning time: 5.267 ms
Execution time: 4281.749 ms
