Hash Join  (cost=84037.34..219473.50 rows=1102612 width=0) (actual time=2844.974..5061.710 rows=280254 loops=1)
  Hash Cond: (mk.movie_id = t.id)
  ->  Seq Scan on movie_keyword mk  (cost=0.00..69693.30 rows=4523930 width=4) (actual time=0.023..1418.514 rows=4523930 loops=1)
  ->  Hash  (cost=73925.90..73925.90 rows=616275 width=4) (actual time=1418.575..1418.575 rows=676927 loops=1)
        Buckets: 131072  Batches: 16  Memory Usage: 2522kB
        ->  Seq Scan on title t  (cost=0.00..73925.90 rows=616275 width=4) (actual time=0.028..1188.201 rows=676927 loops=1)
              Filter: ((production_year > 2005) AND (kind_id = 7))
              Rows Removed by Filter: 1851385
Planning time: 0.808 ms
Execution time: 5094.683 ms
