Seq Scan on cast_info ci  (cost=0.00..796071.18 rows=10046302 width=0) (actual time=6602.678..14253.295 rows=5502523 loops=1)
  Filter: ((person_id < 2274263) AND (role_id > 2))
  Rows Removed by Filter: 30741821
Planning time: 0.367 ms
Execution time: 14931.631 ms
