Hash Join  (cost=102767.86..937347.66 rows=4953517 width=0) (actual time=2710.812..17792.979 rows=4831838 loops=1)
  Hash Cond: (ci.movie_id = t.id)
  ->  Seq Scan on cast_info ci  (cost=0.00..705507.15 rows=4953517 width=4) (actual time=688.284..11267.436 rows=4831838 loops=1)
        Filter: (person_id < 469370)
        Rows Removed by Filter: 31412506
  ->  Hash  (cost=61283.27..61283.27 rows=2528527 width=4) (actual time=2021.321..2021.321 rows=2528312 loops=1)
        Buckets: 131072  Batches: 64  Memory Usage: 2415kB
        ->  Seq Scan on title t  (cost=0.00..61283.27 rows=2528527 width=4) (actual time=0.027..1162.420 rows=2528312 loops=1)
Planning time: 0.782 ms
Execution time: 18358.748 ms
