Hash Join  (cost=83073.38..137739.29 rows=40 width=0) (actual time=1328.652..2032.604 rows=67 loops=1)
  Hash Cond: (mc.movie_id = t.id)
  ->  Seq Scan on movie_companies mc  (cost=0.00..44881.29 rows=2609129 width=4) (actual time=0.012..381.945 rows=2609129 loops=1)
  ->  Hash  (cost=83072.90..83072.90 rows=38 width=8) (actual time=1311.640..1311.640 rows=3 loops=1)
        Buckets: 1024  Batches: 1  Memory Usage: 9kB
        ->  Nested Loop  (cost=0.43..83072.90 rows=38 width=8) (actual time=285.169..1311.629 rows=3 loops=1)
              ->  Seq Scan on movie_keyword mk  (cost=0.00..81003.12 rows=246 width=4) (actual time=193.508..1311.202 rows=6 loops=1)
                    Filter: (keyword_id = 84321)
                    Rows Removed by Filter: 4523924
              ->  Index Scan using title_pkey on title t  (cost=0.43..8.40 rows=1 width=4) (actual time=0.062..0.063 rows=0 loops=6)
                    Index Cond: (id = mk.movie_id)
                    Filter: ((kind_id < 7) AND (production_year > 2005))
                    Rows Removed by Filter: 0
Planning time: 3.051 ms
Execution time: 2032.766 ms
