Hash Join  (cost=354082.71..1420093.41 rows=17454588 width=0) (actual time=9737.208..43789.121 rows=59673918 loops=1)
  Hash Cond: (ci.movie_id = t.id)
  ->  Seq Scan on cast_info ci  (cost=0.00..705507.15 rows=11132756 width=4) (actual time=1048.616..12673.260 rows=11127803 loops=1)
        Filter: (person_id > 2590175)
        Rows Removed by Filter: 25116541
  ->  Hash  (cost=289042.04..289042.04 rows=3964373 width=8) (actual time=8687.045..8687.045 rows=3968078 loops=1)
        Buckets: 131072  Batches: 64  Memory Usage: 3469kB
        ->  Hash Join  (cost=102767.86..289042.04 rows=3964373 width=8) (actual time=2033.941..7575.429 rows=3968078 loops=1)
              Hash Cond: (mk.movie_id = t.id)
              ->  Seq Scan on movie_keyword mk  (cost=0.00..81003.12 rows=3964373 width=4) (actual time=0.026..1860.731 rows=3968078 loops=1)
                    Filter: (keyword_id < 33061)
                    Rows Removed by Filter: 555852
              ->  Hash  (cost=61283.27..61283.27 rows=2528527 width=4) (actual time=2032.821..2032.821 rows=2528312 loops=1)
                    Buckets: 131072  Batches: 64  Memory Usage: 2425kB
                    ->  Seq Scan on title t  (cost=0.00..61283.27 rows=2528527 width=4) (actual time=0.014..1149.574 rows=2528312 loops=1)
Planning time: 2.957 ms
Execution time: 50687.897 ms
