Hash Join  (cost=74506.19..161994.81 rows=83058 width=0) (actual time=874.518..3373.975 rows=148963 loops=1)
  Hash Cond: (mk.movie_id = t.id)
  ->  Seq Scan on movie_keyword mk  (cost=0.00..69693.30 rows=4523930 width=4) (actual time=0.021..1032.569 rows=4523930 loops=1)
  ->  Hash  (cost=73925.90..73925.90 rows=46423 width=4) (actual time=873.819..873.819 rows=122929 loops=1)
        Buckets: 131072 (originally 65536)  Batches: 2 (originally 1)  Memory Usage: 3181kB
        ->  Seq Scan on title t  (cost=0.00..73925.90 rows=46423 width=4) (actual time=362.076..662.968 rows=122929 loops=1)
              Filter: ((kind_id < 7) AND (production_year < 1933))
              Rows Removed by Filter: 2405383
Planning time: 0.785 ms
Execution time: 3392.465 ms
