Hash Join  (cost=755991.52..3088468.58 rows=99972383 width=0) (actual time=21150.019..117789.787 rows=244871666 loops=1)
  Hash Cond: (ci.movie_id = t.id)
  ->  Seq Scan on cast_info ci  (cost=0.00..614943.12 rows=36225612 width=4) (actual time=0.010..13607.122 rows=36244344 loops=1)
  ->  Hash  (cost=641508.33..641508.33 rows=6978015 width=8) (actual time=21148.407..21148.407 rows=8472723 loops=1)
        Buckets: 131072  Batches: 128  Memory Usage: 3589kB
        ->  Hash Join  (cost=87245.25..641508.33 rows=6978015 width=8) (actual time=1487.487..18067.352 rows=8472723 loops=1)
              Hash Cond: (mi.movie_id = t.id)
              ->  Seq Scan on movie_info mi  (cost=0.00..309384.22 rows=14739122 width=4) (actual time=0.011..5546.286 rows=14835720 loops=1)
              ->  Hash  (cost=67604.59..67604.59 rows=1197093 width=4) (actual time=1486.511..1486.511 rows=1195923 loops=1)
                    Buckets: 131072  Batches: 16  Memory Usage: 3662kB
                    ->  Seq Scan on title t  (cost=0.00..67604.59 rows=1197093 width=4) (actual time=0.024..1088.307 rows=1195923 loops=1)
                          Filter: (production_year < 2003)
                          Rows Removed by Filter: 1332389
Planning time: 1.201 ms
Execution time: 143892.584 ms
