Hash Join  (cost=84243.64..940112.71 rows=1015026 width=0) (actual time=8255.287..20282.617 rows=964593 loops=1)
  Hash Cond: (ci.movie_id = t.id)
  ->  Seq Scan on cast_info ci  (cost=0.00..796071.18 rows=4081235 width=4) (actual time=6773.860..16551.768 rows=4249314 loops=1)
        Filter: ((person_id > 191229) AND (role_id = 10))
        Rows Removed by Filter: 31995030
  ->  Hash  (cost=73925.90..73925.90 rows=628859 width=4) (actual time=1480.512..1480.512 rows=578447 loops=1)
        Buckets: 131072  Batches: 16  Memory Usage: 2292kB
        ->  Seq Scan on title t  (cost=0.00..73925.90 rows=628859 width=4) (actual time=424.929..1282.839 rows=578447 loops=1)
              Filter: ((production_year > 1917) AND (kind_id = 1))
              Rows Removed by Filter: 1949865
Planning time: 0.939 ms
Execution time: 20398.121 ms
