Hash Join  (cost=513038.35..1361889.49 rows=4337013 width=0) (actual time=9159.374..28027.928 rows=7282216 loops=1)
  Hash Cond: (ci.movie_id = t.id)
  ->  Seq Scan on cast_info ci  (cost=0.00..705507.15 rows=8194095 width=4) (actual time=0.019..12736.242 rows=8141760 loops=1)
        Filter: (person_id > 2866890)
        Rows Removed by Filter: 28102584
  ->  Hash  (cost=491081.45..491081.45 rows=1338312 width=8) (actual time=9157.866..9157.866 rows=1401902 loops=1)
        Buckets: 131072  Batches: 32  Memory Usage: 2687kB
        ->  Hash Join  (cost=102767.86..491081.45 rows=1338312 width=8) (actual time=4394.811..8738.117 rows=1401902 loops=1)
              Hash Cond: (mi.movie_id = t.id)
              ->  Seq Scan on movie_info mi  (cost=0.00..346232.03 rows=1338312 width=4) (actual time=2389.802..5223.946 rows=1401902 loops=1)
                    Filter: (info_type_id = 7)
                    Rows Removed by Filter: 13433818
              ->  Hash  (cost=61283.27..61283.27 rows=2528527 width=4) (actual time=2003.521..2003.521 rows=2528312 loops=1)
                    Buckets: 131072  Batches: 64  Memory Usage: 2425kB
                    ->  Seq Scan on title t  (cost=0.00..61283.27 rows=2528527 width=4) (actual time=0.022..1106.507 rows=2528312 loops=1)
Planning time: 1.267 ms
Execution time: 28877.485 ms
