Seq Scan on movie_keyword mk  (cost=0.00..81003.12 rows=2402343 width=0) (actual time=0.027..1523.442 rows=2399114 loops=1)
  Filter: (keyword_id > 3913)
  Rows Removed by Filter: 2124816
Planning time: 2.791 ms
Execution time: 1827.697 ms
