Hash Join  (cost=80874.21..186364.71 rows=462134 width=0) (actual time=1570.663..4247.726 rows=648357 loops=1)
  Hash Cond: (mk.movie_id = t.id)
  ->  Seq Scan on movie_keyword mk  (cost=0.00..81003.12 rows=1444808 width=4) (actual time=0.014..1665.926 rows=1461648 loops=1)
        Filter: (keyword_id < 2076)
        Rows Removed by Filter: 3062282
  ->  Hash  (cost=67604.59..67604.59 rows=808770 width=4) (actual time=1569.696..1569.696 rows=812704 loops=1)
        Buckets: 131072  Batches: 16  Memory Usage: 2819kB
        ->  Seq Scan on title t  (cost=0.00..67604.59 rows=808770 width=4) (actual time=0.033..1294.787 rows=812704 loops=1)
              Filter: (production_year < 1995)
              Rows Removed by Filter: 1715608
Planning time: 0.800 ms
Execution time: 4331.000 ms
