Hash Join  (cost=102767.86..229121.45 rows=1474121 width=0) (actual time=1962.179..5227.883 rows=1486266 loops=1)
  Hash Cond: (mk.movie_id = t.id)
  ->  Seq Scan on movie_keyword mk  (cost=0.00..81003.12 rows=1474121 width=4) (actual time=0.021..1518.795 rows=1486266 loops=1)
        Filter: (keyword_id > 10991)
        Rows Removed by Filter: 3037664
  ->  Hash  (cost=61283.27..61283.27 rows=2528527 width=4) (actual time=1959.582..1959.582 rows=2528312 loops=1)
        Buckets: 131072  Batches: 64  Memory Usage: 2425kB
        ->  Seq Scan on title t  (cost=0.00..61283.27 rows=2528527 width=4) (actual time=0.021..1090.030 rows=2528312 loops=1)
Planning time: 0.782 ms
Execution time: 5413.767 ms
