Hash Join  (cost=542808.31..715672.45 rows=3710519 width=0) (actual time=10793.064..16898.517 rows=8942430 loops=1)
  Hash Cond: (mk.movie_id = t.id)
  ->  Seq Scan on movie_keyword mk  (cost=0.00..69693.30 rows=4523930 width=4) (actual time=0.018..1463.425 rows=4523930 loops=1)
  ->  Hash  (cost=508782.64..508782.64 rows=2073893 width=8) (actual time=10791.672..10791.672 rows=2091068 loops=1)
        Buckets: 131072  Batches: 32  Memory Usage: 3569kB
        ->  Hash Join  (cost=102767.86..508782.64 rows=2073893 width=8) (actual time=3522.503..10169.825 rows=2091068 loops=1)
              Hash Cond: (mi.movie_id = t.id)
              ->  Seq Scan on movie_info mi  (cost=0.00..346232.03 rows=2073893 width=4) (actual time=1577.325..5602.155 rows=2091068 loops=1)
                    Filter: (info_type_id < 3)
                    Rows Removed by Filter: 12744652
              ->  Hash  (cost=61283.27..61283.27 rows=2528527 width=4) (actual time=1943.977..1943.977 rows=2528312 loops=1)
                    Buckets: 131072  Batches: 64  Memory Usage: 2425kB
                    ->  Seq Scan on title t  (cost=0.00..61283.27 rows=2528527 width=4) (actual time=0.016..1097.510 rows=2528312 loops=1)
Planning time: 1.020 ms
Execution time: 17895.549 ms
