Hash Join  (cost=138941.82..1209583.60 rows=3586058 width=0) (actual time=3039.577..33353.587 rows=5015668 loops=1)
  Hash Cond: (ci.movie_id = t.id)
  ->  Seq Scan on cast_info ci  (cost=0.00..614943.12 rows=36225612 width=4) (actual time=0.010..13864.107 rows=36244344 loops=1)
  ->  Hash  (cost=134835.01..134835.01 rows=250305 width=8) (actual time=3039.009..3039.009 rows=139893 loops=1)
        Buckets: 131072  Batches: 4  Memory Usage: 2388kB
        ->  Hash Join  (cost=96451.85..134835.01 rows=250305 width=8) (actual time=1947.421..2994.609 rows=139893 loops=1)
              Hash Cond: (mi_idx.movie_id = t.id)
              ->  Seq Scan on movie_info_idx mi_idx  (cost=0.00..25185.44 rows=460978 width=4) (actual time=0.015..508.610 rows=459925 loops=1)
                    Filter: (info_type_id < 100)
                    Rows Removed by Filter: 920110
              ->  Hash  (cost=73925.90..73925.90 rows=1372956 width=4) (actual time=1946.469..1946.469 rows=1450632 loops=1)
                    Buckets: 131072  Batches: 32  Memory Usage: 2620kB
                    ->  Seq Scan on title t  (cost=0.00..73925.90 rows=1372956 width=4) (actual time=312.181..1483.874 rows=1450632 loops=1)
                          Filter: ((production_year > 1956) AND (kind_id = 7))
                          Rows Removed by Filter: 1077680
Planning time: 0.775 ms
Execution time: 33937.519 ms
