Hash Join  (cost=130627.43..926771.13 rows=251322 width=0) (actual time=2212.445..22247.822 rows=637131 loops=1)
  Hash Cond: (ci.movie_id = t.id)
  ->  Seq Scan on cast_info ci  (cost=0.00..705507.15 rows=23499554 width=4) (actual time=0.024..14882.058 rows=23573656 loops=1)
        Filter: (role_id > 1)
        Rows Removed by Filter: 12670688
  ->  Hash  (cost=130289.40..130289.40 rows=27042 width=8) (actual time=2212.182..2212.182 rows=22534 loops=1)
        Buckets: 32768  Batches: 1  Memory Usage: 1137kB
        ->  Hash Join  (cost=69002.72..130289.40 rows=27042 width=8) (actual time=1105.330..2203.501 rows=22534 loops=1)
              Hash Cond: (mc.movie_id = t.id)
              ->  Seq Scan on movie_companies mc  (cost=0.00..51404.11 rows=802439 width=4) (actual time=0.016..805.354 rows=795783 loops=1)
                    Filter: (company_id < 1724)
                    Rows Removed by Filter: 1813346
              ->  Hash  (cost=67604.59..67604.59 rows=85211 width=4) (actual time=1104.567..1104.567 rows=84593 loops=1)
                    Buckets: 131072  Batches: 2  Memory Usage: 2518kB
                    ->  Seq Scan on title t  (cost=0.00..67604.59 rows=85211 width=4) (actual time=0.019..1072.296 rows=84593 loops=1)
                          Filter: (production_year = 2004)
                          Rows Removed by Filter: 2443719
Planning time: 1.270 ms
Execution time: 22334.964 ms
