Hash Join  (cost=196371.58..706687.57 rows=2859307 width=0) (actual time=4058.873..23525.767 rows=27431603 loops=1)
  Hash Cond: (mi.movie_id = t.id)
  ->  Seq Scan on movie_info mi  (cost=0.00..309384.22 rows=14739122 width=4) (actual time=0.025..6334.336 rows=14835720 loops=1)
  ->  Hash  (cost=188323.08..188323.08 rows=490520 width=8) (actual time=4057.798..4057.798 rows=649533 loops=1)
        Buckets: 131072 (originally 131072)  Batches: 16 (originally 8)  Memory Usage: 3073kB
        ->  Hash Join  (cost=84417.00..188323.08 rows=490520 width=8) (actual time=1455.758..3849.466 rows=649533 loops=1)
              Hash Cond: (mk.movie_id = t.id)
              ->  Seq Scan on movie_keyword mk  (cost=0.00..81003.12 rows=1210334 width=4) (actual time=0.026..1449.446 rows=1211469 loops=1)
                    Filter: (keyword_id < 1524)
                    Rows Removed by Filter: 3312461
              ->  Hash  (cost=67604.59..67604.59 rows=1024753 width=4) (actual time=1455.076..1455.076 rows=1021752 loops=1)
                    Buckets: 131072  Batches: 16  Memory Usage: 3281kB
                    ->  Seq Scan on title t  (cost=0.00..67604.59 rows=1024753 width=4) (actual time=0.011..1131.532 rows=1021752 loops=1)
                          Filter: (production_year < 2000)
                          Rows Removed by Filter: 1506560
Planning time: 1.165 ms
Execution time: 26541.276 ms
