Hash Join  (cost=79841.74..149917.51 rows=117905 width=0) (actual time=1225.026..2833.100 rows=73701 loops=1)
  Hash Cond: (mc.movie_id = t.id)
  ->  Seq Scan on movie_companies mc  (cost=0.00..57926.93 rows=826874 width=4) (actual time=39.527..1158.801 rows=1039584 loops=1)
        Filter: ((company_id > 4548) AND (company_type_id = 2))
        Rows Removed by Filter: 1569545
  ->  Hash  (cost=73925.90..73925.90 rows=360547 width=4) (actual time=1184.559..1184.559 rows=243152 loops=1)
        Buckets: 131072  Batches: 8  Memory Usage: 2080kB
        ->  Seq Scan on title t  (cost=0.00..73925.90 rows=360547 width=4) (actual time=0.025..1105.243 rows=243152 loops=1)
              Filter: ((production_year < 1985) AND (kind_id = 7))
              Rows Removed by Filter: 2285160
Planning time: 0.804 ms
Execution time: 2840.964 ms
