Hash Join  (cost=122535.74..942848.85 rows=19462 width=0) (actual time=5972.558..18747.325 rows=67896 loops=1)
  Hash Cond: (ci.movie_id = t.id)
  ->  Seq Scan on cast_info ci  (cost=0.00..796071.18 rows=6412616 width=4) (actual time=3759.512..14316.443 rows=10685753 loops=1)
        Filter: ((person_id > 2210874) AND (role_id > 2))
        Rows Removed by Filter: 25558591
  ->  Hash  (cost=122439.81..122439.81 rows=7674 width=8) (actual time=2212.735..2212.735 rows=17020 loops=1)
        Buckets: 32768 (originally 8192)  Batches: 1 (originally 1)  Memory Usage: 921kB
        ->  Hash Join  (cost=67697.55..122439.81 rows=7674 width=8) (actual time=1023.813..2205.609 rows=17020 loops=1)
              Hash Cond: (mc.movie_id = t.id)
              ->  Seq Scan on movie_companies mc  (cost=0.00..44881.29 rows=2609129 width=4) (actual time=0.019..609.124 rows=2609129 loops=1)
              ->  Hash  (cost=67604.59..67604.59 rows=7437 width=4) (actual time=1023.226..1023.226 rows=11416 loops=1)
                    Buckets: 16384 (originally 8192)  Batches: 1 (originally 1)  Memory Usage: 530kB
                    ->  Seq Scan on title t  (cost=0.00..67604.59 rows=7437 width=4) (actual time=0.097..1017.580 rows=11416 loops=1)
                          Filter: (production_year = 1964)
                          Rows Removed by Filter: 2516896
Planning time: 1.416 ms
Execution time: 18757.977 ms
