Hash Join  (cost=174403.47..1045793.99 rows=3111722 width=0) (actual time=4552.915..26631.669 rows=15783128 loops=1)
  Hash Cond: (ci.movie_id = t.id)
  ->  Seq Scan on cast_info ci  (cost=0.00..705507.15 rows=11422705 width=4) (actual time=472.883..12725.506 rows=11329389 loops=1)
        Filter: (person_id < 1112974)
        Rows Removed by Filter: 24914955
  ->  Hash  (cost=163102.35..163102.35 rows=688810 width=8) (actual time=4077.824..4077.824 rows=1307690 loops=1)
        Buckets: 131072 (originally 131072)  Batches: 32 (originally 16)  Memory Usage: 3073kB
        ->  Hash Join  (cost=78556.72..163102.35 rows=688810 width=8) (actual time=1246.221..3714.254 rows=1307690 loops=1)
              Hash Cond: (mc.movie_id = t.id)
              ->  Seq Scan on movie_companies mc  (cost=0.00..44881.29 rows=2609129 width=4) (actual time=0.025..840.160 rows=2609129 loops=1)
              ->  Hash  (cost=67604.59..67604.59 rows=667531 width=4) (actual time=1245.425..1245.425 rows=662825 loops=1)
                    Buckets: 131072  Batches: 16  Memory Usage: 2476kB
                    ->  Seq Scan on title t  (cost=0.00..67604.59 rows=667531 width=4) (actual time=0.034..1043.555 rows=662825 loops=1)
                          Filter: (kind_id = 1)
                          Rows Removed by Filter: 1865487
Planning time: 1.273 ms
Execution time: 28288.725 ms
