Hash Join  (cost=77838.49..207890.40 rows=362837 width=0) (actual time=1468.742..4456.444 rows=486809 loops=1)
  Hash Cond: (mk.movie_id = t.id)
  ->  Seq Scan on movie_keyword mk  (cost=0.00..81003.12 rows=3847577 width=4) (actual time=0.024..1677.916 rows=3842228 loops=1)
        Filter: (keyword_id < 27550)
        Rows Removed by Filter: 681702
  ->  Hash  (cost=73925.90..73925.90 rows=238447 width=4) (actual time=1231.349..1231.349 rows=200165 loops=1)
        Buckets: 131072  Batches: 4  Memory Usage: 2790kB
        ->  Seq Scan on title t  (cost=0.00..73925.90 rows=238447 width=4) (actual time=0.019..1170.990 rows=200165 loops=1)
              Filter: ((production_year > 2006) AND (kind_id = 1))
              Rows Removed by Filter: 2328147
Planning time: 0.935 ms
Execution time: 4517.382 ms
