Hash Join  (cost=448026.41..535005.37 rows=32092 width=0) (actual time=6021.068..9271.258 rows=3768950 loops=1)
  Hash Cond: (mk.movie_id = t.id)
  ->  Seq Scan on movie_keyword mk  (cost=0.00..69693.30 rows=4523930 width=4) (actual time=0.019..1099.405 rows=4523930 loops=1)
  ->  Hash  (cost=447802.20..447802.20 rows=17937 width=8) (actual time=6020.704..6020.704 rows=140065 loops=1)
        Buckets: 131072 (originally 32768)  Batches: 2 (originally 1)  Memory Usage: 3762kB
        ->  Nested Loop  (cost=0.43..447802.20 rows=17937 width=8) (actual time=3757.246..5955.739 rows=140065 loops=1)
              ->  Seq Scan on movie_info mi  (cost=0.00..346232.03 rows=17937 width=4) (actual time=3757.131..4544.073 rows=140065 loops=1)
                    Filter: (info_type_id = 9)
                    Rows Removed by Filter: 14695655
              ->  Index Only Scan using title_pkey on title t  (cost=0.43..5.65 rows=1 width=4) (actual time=0.009..0.010 rows=1 loops=140065)
                    Index Cond: (id = mi.movie_id)
                    Heap Fetches: 140065
Planning time: 1.191 ms
Execution time: 9687.263 ms
