Hash Join  (cost=288891.55..1714338.39 rows=33716766 width=0) (actual time=6799.884..65829.701 rows=110474029 loops=1)
  Hash Cond: (ci.movie_id = t.id)
  ->  Seq Scan on cast_info ci  (cost=0.00..614943.12 rows=36225612 width=4) (actual time=0.011..13617.368 rows=36244344 loops=1)
  ->  Hash  (cost=250279.91..250279.91 rows=2353411 width=8) (actual time=6798.544..6798.544 rows=2352034 loops=1)
        Buckets: 131072  Batches: 32  Memory Usage: 3879kB
        ->  Hash Join  (cost=102767.86..250279.91 rows=2353411 width=8) (actual time=2277.907..6129.167 rows=2352034 loops=1)
              Hash Cond: (mk.movie_id = t.id)
              ->  Seq Scan on movie_keyword mk  (cost=0.00..81003.12 rows=2353411 width=4) (actual time=0.023..1695.556 rows=2352034 loops=1)
                    Filter: (keyword_id < 5274)
                    Rows Removed by Filter: 2171896
              ->  Hash  (cost=61283.27..61283.27 rows=2528527 width=4) (actual time=2276.567..2276.567 rows=2528312 loops=1)
                    Buckets: 131072  Batches: 64  Memory Usage: 2425kB
                    ->  Seq Scan on title t  (cost=0.00..61283.27 rows=2528527 width=4) (actual time=0.015..1100.698 rows=2528312 loops=1)
Planning time: 1.842 ms
Execution time: 77822.335 ms
