Seq Scan on cast_info ci  (cost=0.00..796071.18 rows=1097514 width=0) (actual time=1552.872..13856.222 rows=845868 loops=1)
  Filter: ((person_id < 2325851) AND (role_id = 8))
  Rows Removed by Filter: 35398476
Planning time: 13.239 ms
Execution time: 13962.118 ms
