Hash Join  (cost=797490.14..824401.54 rows=92 width=0) (actual time=13855.149..14411.352 rows=483 loops=1)
  Hash Cond: (mi_idx.movie_id = t.id)
  ->  Seq Scan on movie_info_idx mi_idx  (cost=0.00..21735.35 rows=1380035 width=4) (actual time=0.013..311.315 rows=1380035 loops=1)
  ->  Hash  (cost=797488.04..797488.04 rows=168 width=8) (actual time=13848.497..13848.497 rows=205 loops=1)
        Buckets: 1024  Batches: 1  Memory Usage: 17kB
        ->  Nested Loop  (cost=0.43..797488.04 rows=168 width=8) (actual time=5932.515..13848.392 rows=205 loops=1)
              ->  Seq Scan on cast_info ci  (cost=0.00..796071.18 rows=168 width=4) (actual time=5932.290..13844.890 rows=205 loops=1)
                    Filter: ((role_id > 3) AND (person_id = 681952))
                    Rows Removed by Filter: 36244139
              ->  Index Only Scan using title_pkey on title t  (cost=0.43..8.42 rows=1 width=4) (actual time=0.016..0.016 rows=1 loops=205)
                    Index Cond: (id = ci.movie_id)
                    Heap Fetches: 205
Planning time: 1.109 ms
Execution time: 14411.573 ms
