Seq Scan on movie_info mi  (cost=0.00..346232.03 rows=13667879 width=0) (actual time=0.021..6575.744 rows=13700519 loops=1)
  Filter: (info_type_id < 61)
  Rows Removed by Filter: 1135201
Planning time: 0.387 ms
Execution time: 8242.019 ms
