Seq Scan on movie_companies mc  (cost=0.00..57926.93 rows=1090776 width=0) (actual time=0.028..1161.093 rows=862342 loops=1)
  Filter: ((company_id < 75810) AND (company_type_id = 2))
  Rows Removed by Filter: 1746787
Planning time: 0.387 ms
Execution time: 1261.754 ms
