Hash Join  (cost=88391.98..190903.92 rows=418505 width=0) (actual time=2593.901..3623.017 rows=108812 loops=1)
  Hash Cond: (mk.movie_id = t.id)
  ->  Seq Scan on movie_keyword mk  (cost=0.00..81003.12 rows=1200203 width=4) (actual time=0.015..1395.218 rows=1209243 loops=1)
        Filter: (keyword_id > 15148)
        Rows Removed by Filter: 3314687
  ->  Hash  (cost=73925.90..73925.90 rows=881686 width=4) (actual time=1498.694..1498.694 rows=801513 loops=1)
        Buckets: 131072  Batches: 16  Memory Usage: 2792kB
        ->  Seq Scan on title t  (cost=0.00..73925.90 rows=881686 width=4) (actual time=0.014..1229.666 rows=801513 loops=1)
              Filter: ((production_year < 2006) AND (kind_id = 7))
              Rows Removed by Filter: 1726799
Planning time: 0.583 ms
Execution time: 3636.630 ms
