Hash Join  (cost=102767.86..239723.30 rows=1914727 width=0) (actual time=1903.493..5856.451 rows=1922964 loops=1)
  Hash Cond: (mk.movie_id = t.id)
  ->  Seq Scan on movie_keyword mk  (cost=0.00..81003.12 rows=1914727 width=4) (actual time=0.022..1475.854 rows=1922964 loops=1)
        Filter: (keyword_id > 6981)
        Rows Removed by Filter: 2600966
  ->  Hash  (cost=61283.27..61283.27 rows=2528527 width=4) (actual time=1902.778..1902.778 rows=2528312 loops=1)
        Buckets: 131072  Batches: 64  Memory Usage: 2425kB
        ->  Seq Scan on title t  (cost=0.00..61283.27 rows=2528527 width=4) (actual time=0.014..1018.900 rows=2528312 loops=1)
Planning time: 0.827 ms
Execution time: 6096.469 ms
