Hash Join  (cost=58358.90..423017.80 rows=297 width=0) (actual time=795.414..7317.746 rows=46 loops=1)
  Hash Cond: (mi.movie_id = t.id)
  ->  Seq Scan on movie_info mi  (cost=0.00..309384.22 rows=14739122 width=4) (actual time=0.023..4100.652 rows=14835720 loops=1)
  ->  Hash  (cost=58358.27..58358.27 rows=51 width=8) (actual time=518.925..518.925 rows=5 loops=1)
        Buckets: 1024  Batches: 1  Memory Usage: 9kB
        ->  Nested Loop  (cost=0.43..58358.27 rows=51 width=8) (actual time=134.102..518.911 rows=5 loops=1)
              ->  Seq Scan on movie_companies mc  (cost=0.00..57926.93 rows=51 width=4) (actual time=134.013..518.638 rows=5 loops=1)
                    Filter: ((company_id = 35122) AND (company_type_id = 1))
                    Rows Removed by Filter: 2609124
              ->  Index Only Scan using title_pkey on title t  (cost=0.43..8.45 rows=1 width=4) (actual time=0.046..0.046 rows=1 loops=5)
                    Index Cond: (id = mc.movie_id)
                    Heap Fetches: 5
Planning time: 1.237 ms
Execution time: 7317.929 ms
