Nested Loop  (cost=0.43..83071.67 rows=246 width=0) (actual time=1.860..1306.852 rows=375 loops=1)
  ->  Seq Scan on movie_keyword mk  (cost=0.00..81003.12 rows=246 width=4) (actual time=1.793..1289.838 rows=375 loops=1)
        Filter: (keyword_id = 2110)
        Rows Removed by Filter: 4523555
  ->  Index Only Scan using title_pkey on title t  (cost=0.43..8.40 rows=1 width=4) (actual time=0.042..0.043 rows=1 loops=375)
        Index Cond: (id = mk.movie_id)
        Heap Fetches: 375
Planning time: 0.786 ms
Execution time: 1307.135 ms
