Hash Join  (cost=463181.62..545668.69 rows=539454 width=0) (actual time=8076.810..11230.687 rows=4415898 loops=1)
  Hash Cond: (mc.movie_id = t.id)
  ->  Seq Scan on movie_companies mc  (cost=0.00..44881.29 rows=2609129 width=4) (actual time=0.031..831.204 rows=2609129 loops=1)
  ->  Hash  (cost=454603.76..454603.76 rows=522789 width=8) (actual time=8076.008..8076.008 rows=1092388 loops=1)
        Buckets: 131072 (originally 131072)  Batches: 16 (originally 8)  Memory Usage: 3681kB
        ->  Hash Join  (cost=83810.17..454603.76 rows=522789 width=8) (actual time=4720.091..7792.986 rows=1092388 loops=1)
              Hash Cond: (mi.movie_id = t.id)
              ->  Seq Scan on movie_info mi  (cost=0.00..346232.03 rows=1338312 width=4) (actual time=3302.629..5322.996 rows=1401902 loops=1)
                    Filter: (info_type_id = 7)
                    Rows Removed by Filter: 13433818
              ->  Hash  (cost=67604.59..67604.59 rows=987727 width=4) (actual time=1416.750..1416.750 rows=985048 loops=1)
                    Buckets: 131072  Batches: 16  Memory Usage: 3197kB
                    ->  Seq Scan on title t  (cost=0.00..67604.59 rows=987727 width=4) (actual time=0.029..1099.044 rows=985048 loops=1)
                          Filter: (kind_id < 7)
                          Rows Removed by Filter: 1543264
Planning time: 1.189 ms
Execution time: 11707.293 ms
