Hash Join  (cost=160212.76..692016.19 rows=4873151 width=0) (actual time=3680.500..19582.229 rows=10801311 loops=1)
  Hash Cond: (mi.movie_id = t.id)
  ->  Seq Scan on movie_info mi  (cost=0.00..309384.22 rows=14739122 width=4) (actual time=0.020..6105.064 rows=14835720 loops=1)
  ->  Hash  (cost=146496.78..146496.78 rows=835999 width=8) (actual time=3679.282..3679.282 rows=758770 loops=1)
        Buckets: 131072  Batches: 16  Memory Usage: 2886kB
        ->  Hash Join  (cost=92735.26..146496.78 rows=835999 width=8) (actual time=1795.337..3455.451 rows=758770 loops=1)
              Hash Cond: (mi_idx.movie_id = t.id)
              ->  Seq Scan on movie_info_idx mi_idx  (cost=0.00..21735.35 rows=1380035 width=4) (actual time=0.019..508.442 rows=1380035 loops=1)
              ->  Hash  (cost=67604.59..67604.59 rows=1531734 width=4) (actual time=1793.978..1793.978 rows=1531613 loops=1)
                    Buckets: 131072  Batches: 32  Memory Usage: 2708kB
                    ->  Seq Scan on title t  (cost=0.00..67604.59 rows=1531734 width=4) (actual time=0.020..1287.317 rows=1531613 loops=1)
                          Filter: (production_year > 1997)
                          Rows Removed by Filter: 996699
Planning time: 1.134 ms
Execution time: 20794.500 ms
