Hash Join  (cost=173543.85..686502.47 rows=3106969 width=0) (actual time=4094.605..23622.165 rows=26502548 loops=1)
  Hash Cond: (mi.movie_id = t.id)
  ->  Seq Scan on movie_info mi  (cost=0.00..309384.22 rows=14739122 width=4) (actual time=0.013..5996.110 rows=14835720 loops=1)
  ->  Hash  (cost=164798.26..164798.26 rows=533007 width=8) (actual time=4093.488..4093.488 rows=785602 loops=1)
        Buckets: 131072 (originally 131072)  Batches: 16 (originally 8)  Memory Usage: 3073kB
        ->  Hash Join  (cost=82400.67..164798.26 rows=533007 width=8) (actual time=1428.246..3857.081 rows=785602 loops=1)
              Hash Cond: (mc.movie_id = t.id)
              ->  Seq Scan on movie_companies mc  (cost=0.00..44881.29 rows=2609129 width=4) (actual time=0.041..917.638 rows=2609129 loops=1)
              ->  Hash  (cost=73925.90..73925.90 rows=516541 width=4) (actual time=1427.473..1427.473 rows=440918 loops=1)
                    Buckets: 131072  Batches: 8  Memory Usage: 2960kB
                    ->  Seq Scan on title t  (cost=0.00..73925.90 rows=516541 width=4) (actual time=0.017..1288.219 rows=440918 loops=1)
                          Filter: ((kind_id < 7) AND (production_year > 2001))
                          Rows Removed by Filter: 2087394
Planning time: 1.221 ms
Execution time: 26671.508 ms
