Seq Scan on cast_info ci  (cost=0.00..705507.15 rows=15899354 width=0) (actual time=0.035..11993.145 rows=15794912 loops=1)
  Filter: (person_id < 1560879)
  Rows Removed by Filter: 20449432
Planning time: 0.383 ms
Execution time: 13918.005 ms
