Hash Join  (cost=216953.25..331130.34 rows=808109 width=0) (actual time=5070.695..8614.142 rows=3200786 loops=1)
  Hash Cond: (mk.movie_id = t.id)
  ->  Seq Scan on movie_keyword mk  (cost=0.00..81003.12 rows=1782901 width=4) (actual time=0.015..1583.212 rows=1791569 loops=1)
        Filter: (keyword_id > 7765)
        Rows Removed by Filter: 2732361
  ->  Hash  (cost=198150.40..198150.40 rows=1146068 width=8) (actual time=5069.287..5069.287 rows=1255353 loops=1)
        Buckets: 131072 (originally 131072)  Batches: 32 (originally 16)  Memory Usage: 3073kB
        ->  Hash Join  (cost=102767.86..198150.40 rows=1146068 width=8) (actual time=2300.787..4686.734 rows=1255353 loops=1)
              Hash Cond: (mc.movie_id = t.id)
              ->  Seq Scan on movie_companies mc  (cost=0.00..57926.93 rows=1146068 width=4) (actual time=290.149..1245.701 rows=1255353 loops=1)
                    Filter: ((company_id > 179) AND (company_type_id = 2))
                    Rows Removed by Filter: 1353776
              ->  Hash  (cost=61283.27..61283.27 rows=2528527 width=4) (actual time=2009.373..2009.373 rows=2528312 loops=1)
                    Buckets: 131072  Batches: 64  Memory Usage: 2415kB
                    ->  Seq Scan on title t  (cost=0.00..61283.27 rows=2528527 width=4) (actual time=0.021..1150.185 rows=2528312 loops=1)
Planning time: 2.290 ms
Execution time: 8984.151 ms
