Seq Scan on movie_companies mc  (cost=0.00..57926.93 rows=144551 width=0) (actual time=210.981..834.187 rows=64235 loops=1)
  Filter: ((company_id < 150) AND (company_type_id = 2))
  Rows Removed by Filter: 2544894
Planning time: 0.406 ms
Execution time: 842.512 ms
