Seq Scan on movie_keyword mk  (cost=0.00..81003.12 rows=3597825 width=0) (actual time=0.016..1544.182 rows=3592732 loops=1)
  Filter: (keyword_id < 20321)
  Rows Removed by Filter: 931198
Planning time: 0.293 ms
Execution time: 1973.908 ms
