Hash Join  (cost=75558.15..106692.98 rows=18288 width=0) (actual time=1260.493..1891.265 rows=37049 loops=1)
  Hash Cond: (mi_idx.movie_id = t.id)
  ->  Seq Scan on movie_info_idx mi_idx  (cost=0.00..25185.44 rows=464934 width=4) (actual time=0.026..430.224 rows=460185 loops=1)
        Filter: (info_type_id > 100)
        Rows Removed by Filter: 919850
  ->  Hash  (cost=73925.90..73925.90 rows=99460 width=4) (actual time=1259.664..1259.664 rows=100458 loops=1)
        Buckets: 131072  Batches: 2  Memory Usage: 2795kB
        ->  Seq Scan on title t  (cost=0.00..73925.90 rows=99460 width=4) (actual time=72.818..1222.824 rows=100458 loops=1)
              Filter: ((production_year > 0) AND (kind_id = 3))
              Rows Removed by Filter: 2427854
Planning time: 0.810 ms
Execution time: 1896.152 ms
