Hash Join  (cost=73994.33..457064.15 rows=21145 width=0) (actual time=1101.062..8795.738 rows=32316 loops=1)
  Hash Cond: (mi.movie_id = t.id)
  ->  Seq Scan on movie_info mi  (cost=0.00..346232.03 rows=9767026 width=4) (actual time=0.018..5901.362 rows=9911754 loops=1)
        Filter: (info_type_id > 4)
        Rows Removed by Filter: 4923966
  ->  Hash  (cost=73925.90..73925.90 rows=5474 width=4) (actual time=1098.479..1098.479 rows=10544 loops=1)
        Buckets: 16384 (originally 8192)  Batches: 1 (originally 1)  Memory Usage: 499kB
        ->  Seq Scan on title t  (cost=0.00..73925.90 rows=5474 width=4) (actual time=0.117..1092.708 rows=10544 loops=1)
              Filter: ((kind_id > 1) AND (production_year = 1979))
              Rows Removed by Filter: 2517768
Planning time: 0.792 ms
Execution time: 8801.145 ms
