Hash Join  (cost=100908.38..851924.77 rows=22715 width=0) (actual time=1646.100..18449.629 rows=232860 loops=1)
  Hash Cond: (ci.movie_id = t.id)
  ->  Seq Scan on cast_info ci  (cost=0.00..614943.12 rows=36225612 width=4) (actual time=0.013..8908.045 rows=36244344 loops=1)
  ->  Hash  (cost=100888.56..100888.56 rows=1586 width=8) (actual time=1645.805..1645.805 rows=8813 loops=1)
        Buckets: 16384 (originally 2048)  Batches: 1 (originally 1)  Memory Usage: 473kB
        ->  Hash Join  (cost=73962.22..100888.56 rows=1586 width=8) (actual time=1058.575..1642.145 rows=8813 loops=1)
              Hash Cond: (mi_idx.movie_id = t.id)
              ->  Seq Scan on movie_info_idx mi_idx  (cost=0.00..21735.35 rows=1380035 width=4) (actual time=0.023..284.137 rows=1380035 loops=1)
              ->  Hash  (cost=73925.90..73925.90 rows=2905 width=4) (actual time=1058.425..1058.425 rows=7085 loops=1)
                    Buckets: 8192 (originally 4096)  Batches: 1 (originally 1)  Memory Usage: 314kB
                    ->  Seq Scan on title t  (cost=0.00..73925.90 rows=2905 width=4) (actual time=0.025..1055.109 rows=7085 loops=1)
                          Filter: ((kind_id < 7) AND (production_year = 1983))
                          Rows Removed by Filter: 2521227
Planning time: 1.261 ms
Execution time: 18486.095 ms
