Hash Join  (cost=957207.55..1401401.17 rows=2565560 width=0) (actual time=19730.347..29494.657 rows=2485492 loops=1)
  Hash Cond: (mi.movie_id = t.id)
  ->  Seq Scan on movie_info mi  (cost=0.00..346232.03 rows=5880796 width=4) (actual time=124.406..6213.891 rows=5869026 loops=1)
        Filter: (info_type_id > 13)
        Rows Removed by Filter: 8966694
  ->  Hash  (cost=939109.84..939109.84 rows=1103097 width=8) (actual time=19604.408..19604.408 rows=783266 loops=1)
        Buckets: 131072  Batches: 16  Memory Usage: 2936kB
        ->  Hash Join  (cost=86300.63..939109.84 rows=1103097 width=8) (actual time=6776.877..19373.723 rows=783266 loops=1)
              Hash Cond: (ci.movie_id = t.id)
              ->  Seq Scan on cast_info ci  (cost=0.00..796071.18 rows=3698150 width=4) (actual time=5171.267..15349.399 rows=4008037 loops=1)
                    Filter: ((person_id < 3535872) AND (role_id = 3))
                    Rows Removed by Filter: 32236307
              ->  Hash  (cost=73925.90..73925.90 rows=754218 width=4) (actual time=1604.123..1604.123 rows=647556 loops=1)
                    Buckets: 131072  Batches: 16  Memory Usage: 2451kB
                    ->  Seq Scan on title t  (cost=0.00..73925.90 rows=754218 width=4) (actual time=0.031..1394.403 rows=647556 loops=1)
                          Filter: ((kind_id > 1) AND (production_year < 2000))
                          Rows Removed by Filter: 1880756
Planning time: 3.577 ms
Execution time: 29780.095 ms
