Seq Scan on movie_keyword mk  (cost=0.00..81003.12 rows=246 width=0) (actual time=3.175..1318.533 rows=514 loops=1)
  Filter: (keyword_id = 5454)
  Rows Removed by Filter: 4523416
Planning time: 0.406 ms
Execution time: 1318.851 ms
