Seq Scan on movie_info mi  (cost=0.00..346232.03 rows=17937 width=0) (actual time=4896.482..5010.952 rows=9621 loops=1)
  Filter: (info_type_id = 96)
  Rows Removed by Filter: 14826099
Planning time: 0.411 ms
Execution time: 5012.678 ms
