Seq Scan on title t  (cost=0.00..73925.90 rows=2905 width=0) (actual time=447.206..964.151 rows=7770 loops=1)
  Filter: ((kind_id < 7) AND (production_year = 1912))
  Rows Removed by Filter: 2520542
Planning time: 0.406 ms
Execution time: 965.744 ms
