Hash Join  (cost=128102.74..206325.73 rows=230146 width=0) (actual time=2537.908..4477.258 rows=242328 loops=1)
  Hash Cond: (mc.movie_id = t.id)
  ->  Seq Scan on movie_companies mc  (cost=0.00..44881.29 rows=2609129 width=4) (actual time=0.014..875.052 rows=2609129 loops=1)
  ->  Hash  (cost=124442.78..124442.78 rows=223037 width=8) (actual time=2536.911..2536.911 rows=103758 loops=1)
        Buckets: 131072  Batches: 4  Memory Usage: 2027kB
        ->  Hash Join  (cost=84037.34..124442.78 rows=223037 width=8) (actual time=1721.459..2507.600 rows=103758 loops=1)
              Hash Cond: (mi_idx.movie_id = t.id)
              ->  Seq Scan on movie_info_idx mi_idx  (cost=0.00..25185.44 rows=915101 width=4) (actual time=0.026..573.446 rows=919850 loops=1)
                    Filter: (info_type_id < 101)
                    Rows Removed by Filter: 460185
              ->  Hash  (cost=73925.90..73925.90 rows=616275 width=4) (actual time=1404.291..1404.291 rows=676927 loops=1)
                    Buckets: 131072  Batches: 16  Memory Usage: 2516kB
                    ->  Seq Scan on title t  (cost=0.00..73925.90 rows=616275 width=4) (actual time=249.179..1180.338 rows=676927 loops=1)
                          Filter: ((production_year > 2005) AND (kind_id = 7))
                          Rows Removed by Filter: 1851385
Planning time: 1.211 ms
Execution time: 4505.522 ms
