Seq Scan on movie_keyword mk  (cost=0.00..81003.12 rows=2507772 width=0) (actual time=0.017..1356.889 rows=2502815 loops=1)
  Filter: (keyword_id > 3617)
  Rows Removed by Filter: 2021115
Planning time: 0.320 ms
Execution time: 1634.355 ms
