Hash Join  (cost=101661.22..467376.13 rows=105898 width=0) (actual time=1799.330..10025.482 rows=666276 loops=1)
  Hash Cond: (mi.movie_id = t.id)
  ->  Seq Scan on movie_info mi  (cost=0.00..309384.22 rows=14739122 width=4) (actual time=0.012..4334.156 rows=14835720 loops=1)
  ->  Hash  (cost=101434.13..101434.13 rows=18167 width=8) (actual time=1799.081..1799.081 rows=35988 loops=1)
        Buckets: 65536 (originally 32768)  Batches: 1 (originally 1)  Memory Usage: 1918kB
        ->  Hash Join  (cost=74341.98..101434.13 rows=18167 width=8) (actual time=1143.490..1786.030 rows=35988 loops=1)
              Hash Cond: (mi_idx.movie_id = t.id)
              ->  Seq Scan on movie_info_idx mi_idx  (cost=0.00..21735.35 rows=1380035 width=4) (actual time=0.026..313.112 rows=1380035 loops=1)
              ->  Hash  (cost=73925.90..73925.90 rows=33286 width=4) (actual time=1143.110..1143.110 rows=28113 loops=1)
                    Buckets: 65536  Batches: 1  Memory Usage: 1501kB
                    ->  Seq Scan on title t  (cost=0.00..73925.90 rows=33286 width=4) (actual time=0.178..1131.459 rows=28113 loops=1)
                          Filter: ((kind_id < 7) AND (production_year = 2004))
                          Rows Removed by Filter: 2500199
Planning time: 1.257 ms
Execution time: 10115.460 ms
