Hash Join  (cost=185619.29..319239.26 rows=953593 width=0) (actual time=3876.437..8449.080 rows=4238461 loops=1)
  Hash Cond: (mk.movie_id = t.id)
  ->  Seq Scan on movie_keyword mk  (cost=0.00..69693.30 rows=4523930 width=4) (actual time=0.016..1484.954 rows=4523930 loops=1)
  ->  Hash  (cost=176874.98..176874.98 rows=532985 width=8) (actual time=3875.719..3875.719 rows=530377 loops=1)
        Buckets: 131072  Batches: 8  Memory Usage: 3632kB
        ->  Hash Join  (cost=102767.86..176874.98 rows=532985 width=8) (actual time=1880.870..3710.162 rows=530377 loops=1)
              Hash Cond: (mc.movie_id = t.id)
              ->  Seq Scan on movie_companies mc  (cost=0.00..51404.11 rows=532985 width=4) (actual time=0.018..976.695 rows=530377 loops=1)
                    Filter: (company_id < 513)
                    Rows Removed by Filter: 2078752
              ->  Hash  (cost=61283.27..61283.27 rows=2528527 width=4) (actual time=1877.100..1877.100 rows=2528312 loops=1)
                    Buckets: 131072  Batches: 64  Memory Usage: 2415kB
                    ->  Seq Scan on title t  (cost=0.00..61283.27 rows=2528527 width=4) (actual time=0.012..1048.431 rows=2528312 loops=1)
Planning time: 2.012 ms
Execution time: 8926.621 ms
