Hash Join  (cost=102767.86..257872.61 rows=2669023 width=0) (actual time=1955.806..6114.545 rows=2661055 loops=1)
  Hash Cond: (mk.movie_id = t.id)
  ->  Seq Scan on movie_keyword mk  (cost=0.00..81003.12 rows=2669023 width=4) (actual time=0.023..1615.739 rows=2661055 loops=1)
        Filter: (keyword_id > 3138)
        Rows Removed by Filter: 1862875
  ->  Hash  (cost=61283.27..61283.27 rows=2528527 width=4) (actual time=1953.599..1953.599 rows=2528312 loops=1)
        Buckets: 131072  Batches: 64  Memory Usage: 2425kB
        ->  Seq Scan on title t  (cost=0.00..61283.27 rows=2528527 width=4) (actual time=0.019..1080.362 rows=2528312 loops=1)
Planning time: 0.762 ms
Execution time: 6406.110 ms
