Seq Scan on cast_info ci  (cost=0.00..796071.18 rows=2845918 width=0) (actual time=9691.337..12824.878 rows=2632 loops=1)
  Filter: ((person_id < 1387588) AND (role_id = 2))
  Rows Removed by Filter: 36241712
Planning time: 0.422 ms
Execution time: 12825.488 ms
