Seq Scan on cast_info ci  (cost=0.00..796071.18 rows=324 width=0) (actual time=1657.833..14064.602 rows=2313 loops=1)
  Filter: ((role_id > 1) AND (person_id = 180997))
  Rows Removed by Filter: 36242031
Planning time: 0.398 ms
Execution time: 14065.053 ms
