Hash Join  (cost=154033.71..1180963.40 rows=1160913 width=0) (actual time=2836.222..28151.304 rows=39574 loops=1)
  Hash Cond: (ci.movie_id = t.id)
  ->  Seq Scan on cast_info ci  (cost=0.00..705507.15 rows=26757444 width=4) (actual time=0.023..16556.048 rows=26859641 loops=1)
        Filter: (role_id < 5)
        Rows Removed by Filter: 9384703
  ->  Hash  (cost=152233.41..152233.41 rows=109704 width=8) (actual time=2829.040..2829.040 rows=5987 loops=1)
        Buckets: 131072  Batches: 2  Memory Usage: 1141kB
        ->  Hash Join  (cost=75670.84..152233.41 rows=109704 width=8) (actual time=1119.949..2825.342 rows=5987 loops=1)
              Hash Cond: (mc.movie_id = t.id)
              ->  Seq Scan on movie_companies mc  (cost=0.00..44881.29 rows=2609129 width=4) (actual time=0.022..987.182 rows=2609129 loops=1)
              ->  Hash  (cost=73925.90..73925.90 rows=106315 width=4) (actual time=1008.820..1008.820 rows=6930 loops=1)
                    Buckets: 131072  Batches: 2  Memory Usage: 1147kB
                    ->  Seq Scan on title t  (cost=0.00..73925.90 rows=106315 width=4) (actual time=0.047..1005.440 rows=6930 loops=1)
                          Filter: ((production_year < 1952) AND (kind_id = 7))
                          Rows Removed by Filter: 2521382
Planning time: 1.227 ms
Execution time: 28158.663 ms
