Hash Join  (cost=129788.31..510455.34 rows=121156 width=0) (actual time=2351.697..11047.754 rows=866728 loops=1)
  Hash Cond: (mi.movie_id = t.id)
  ->  Seq Scan on movie_info mi  (cost=0.00..346232.03 rows=8859586 width=4) (actual time=0.024..6384.639 rows=8966694 loops=1)
        Filter: (info_type_id < 15)
        Rows Removed by Filter: 5869026
  ->  Hash  (cost=129356.08..129356.08 rows=34578 width=8) (actual time=2351.208..2351.208 rows=46075 loops=1)
        Buckets: 65536  Batches: 1  Memory Usage: 2312kB
        ->  Hash Join  (cost=74344.78..129356.08 rows=34578 width=8) (actual time=1050.207..2333.950 rows=46075 loops=1)
              Hash Cond: (mc.movie_id = t.id)
              ->  Seq Scan on movie_companies mc  (cost=0.00..44881.29 rows=2609129 width=4) (actual time=0.016..653.891 rows=2609129 loops=1)
              ->  Hash  (cost=73925.90..73925.90 rows=33510 width=4) (actual time=1049.782..1049.782 rows=22107 loops=1)
                    Buckets: 65536  Batches: 1  Memory Usage: 1290kB
                    ->  Seq Scan on title t  (cost=0.00..73925.90 rows=33510 width=4) (actual time=47.330..1040.825 rows=22107 loops=1)
                          Filter: ((kind_id = 1) AND (production_year = 2008))
                          Rows Removed by Filter: 2506205
Planning time: 1.238 ms
Execution time: 11159.654 ms
