Hash Join  (cost=165750.55..529913.20 rows=181083 width=0) (actual time=4856.130..10141.673 rows=866368 loops=1)
  Hash Cond: (mi.movie_id = t.id)
  ->  Seq Scan on movie_info mi  (cost=0.00..346232.03 rows=1272478 width=4) (actual time=1294.958..5566.039 rows=1325361 loops=1)
        Filter: (info_type_id = 8)
        Rows Removed by Filter: 13510359
  ->  Hash  (cost=159846.69..159846.69 rows=359829 width=8) (actual time=3552.423..3552.423 rows=721357 loops=1)
        Buckets: 131072 (originally 131072)  Batches: 16 (originally 8)  Memory Usage: 3073kB
        ->  Hash Join  (cost=83810.17..159846.69 rows=359829 width=8) (actual time=1479.764..3335.145 rows=721357 loops=1)
              Hash Cond: (mc.movie_id = t.id)
              ->  Seq Scan on movie_companies mc  (cost=0.00..57926.93 rows=921143 width=4) (actual time=0.030..1129.737 rows=761679 loops=1)
                    Filter: ((company_id > 1402) AND (company_type_id = 1))
                    Rows Removed by Filter: 1847450
              ->  Hash  (cost=67604.59..67604.59 rows=987727 width=4) (actual time=1479.100..1479.100 rows=985048 loops=1)
                    Buckets: 131072  Batches: 16  Memory Usage: 3188kB
                    ->  Seq Scan on title t  (cost=0.00..67604.59 rows=987727 width=4) (actual time=0.024..1192.116 rows=985048 loops=1)
                          Filter: (kind_id < 7)
                          Rows Removed by Filter: 1543264
Planning time: 1.152 ms
Execution time: 10250.176 ms
