Hash Join  (cost=929636.76..1449519.59 rows=3755991 width=0) (actual time=17124.340..30394.288 rows=2076173 loops=1)
  Hash Cond: (mi.movie_id = t.id)
  ->  Seq Scan on movie_info mi  (cost=0.00..309384.22 rows=14739122 width=4) (actual time=0.020..6242.233 rows=14835720 loops=1)
  ->  Hash  (cost=919065.41..919065.41 rows=644348 width=8) (actual time=16691.353..16691.353 rows=519157 loops=1)
        Buckets: 131072  Batches: 16  Memory Usage: 2279kB
        ->  Hash Join  (cost=97968.46..919065.41 rows=644348 width=8) (actual time=11260.018..16527.502 rows=519157 loops=1)
              Hash Cond: (ci.movie_id = t.id)
              ->  Seq Scan on cast_info ci  (cost=0.00..796071.18 rows=1111811 width=4) (actual time=8833.356..13088.872 rows=1093558 loops=1)
                    Filter: ((person_id < 3826530) AND (role_id = 9))
                    Rows Removed by Filter: 35150786
              ->  Hash  (cost=73925.90..73925.90 rows=1465404 width=4) (actual time=2425.127..2425.127 rows=1478439 loops=1)
                    Buckets: 131072  Batches: 32  Memory Usage: 2651kB
                    ->  Seq Scan on title t  (cost=0.00..73925.90 rows=1465404 width=4) (actual time=0.032..1492.947 rows=1478439 loops=1)
                          Filter: ((production_year > 1914) AND (kind_id = 7))
                          Rows Removed by Filter: 1049873
Planning time: 2.156 ms
Execution time: 30629.961 ms
