Hash Join  (cost=137839.51..207234.66 rows=150100 width=0) (actual time=2653.348..4410.853 rows=150690 loops=1)
  Hash Cond: (mc.movie_id = t.id)
  ->  Seq Scan on movie_companies mc  (cost=0.00..51404.11 rows=1329612 width=4) (actual time=0.022..933.888 rows=1334883 loops=1)
        Filter: (company_type_id > 1)
        Rows Removed by Filter: 1274246
  ->  Hash  (cost=133155.44..133155.44 rows=285445 width=8) (actual time=2652.590..2652.590 rows=147460 loops=1)
        Buckets: 131072  Batches: 4  Memory Usage: 2462kB
        ->  Hash Join  (cost=93093.72..133155.44 rows=285445 width=8) (actual time=1676.500..2609.803 rows=147460 loops=1)
              Hash Cond: (mi_idx.movie_id = t.id)
              ->  Seq Scan on movie_info_idx mi_idx  (cost=0.00..25185.44 rows=464566 width=4) (actual time=0.026..452.191 rows=459925 loops=1)
                    Filter: (info_type_id = 101)
                    Rows Removed by Filter: 920110
              ->  Hash  (cost=67604.59..67604.59 rows=1553611 width=4) (actual time=1665.116..1665.116 rows=1555864 loops=1)
                    Buckets: 131072  Batches: 32  Memory Usage: 2734kB
                    ->  Seq Scan on title t  (cost=0.00..67604.59 rows=1553611 width=4) (actual time=0.023..1204.216 rows=1555864 loops=1)
                          Filter: (kind_id > 4)
                          Rows Removed by Filter: 972448
Planning time: 1.184 ms
Execution time: 4430.070 ms
