Hash Join  (cost=100964.10..183569.21 rows=474 width=0) (actual time=1534.555..2904.453 rows=2073 loops=1)
  Hash Cond: (mk.movie_id = t.id)
  ->  Seq Scan on movie_keyword mk  (cost=0.00..81003.12 rows=425930 width=4) (actual time=0.030..1303.764 rows=419729 loops=1)
        Filter: (keyword_id > 41498)
        Rows Removed by Filter: 4104201
  ->  Hash  (cost=100928.94..100928.94 rows=2813 width=8) (actual time=1529.258..1529.258 rows=4107 loops=1)
        Buckets: 8192 (originally 4096)  Batches: 1 (originally 1)  Memory Usage: 225kB
        ->  Hash Join  (cost=73990.33..100928.94 rows=2813 width=8) (actual time=949.014..1527.563 rows=4107 loops=1)
              Hash Cond: (mi_idx.movie_id = t.id)
              ->  Seq Scan on movie_info_idx mi_idx  (cost=0.00..21735.35 rows=1380035 width=4) (actual time=0.023..309.718 rows=1380035 loops=1)
              ->  Hash  (cost=73925.90..73925.90 rows=5154 width=4) (actual time=948.684..948.684 rows=3618 loops=1)
                    Buckets: 8192  Batches: 1  Memory Usage: 192kB
                    ->  Seq Scan on title t  (cost=0.00..73925.90 rows=5154 width=4) (actual time=382.467..946.970 rows=3618 loops=1)
                          Filter: ((kind_id = 3) AND (production_year = 2009))
                          Rows Removed by Filter: 2524694
Planning time: 1.040 ms
Execution time: 2905.025 ms
