Hash Join  (cost=83891.93..533540.53 rows=1738232 width=0) (actual time=1514.796..12764.180 rows=4202009 loops=1)
  Hash Cond: (mi.movie_id = t.id)
  ->  Seq Scan on movie_info mi  (cost=0.00..346232.03 rows=7235534 width=4) (actual time=0.025..6355.595 rows=7286865 loops=1)
        Filter: (info_type_id < 8)
        Rows Removed by Filter: 7548855
  ->  Hash  (cost=73925.90..73925.90 rows=607442 width=4) (actual time=1513.808..1513.808 rows=675690 loops=1)
        Buckets: 131072  Batches: 8  Memory Usage: 4021kB
        ->  Seq Scan on title t  (cost=0.00..73925.90 rows=607442 width=4) (actual time=0.015..1294.769 rows=675690 loops=1)
              Filter: ((kind_id < 7) AND (production_year < 2007))
              Rows Removed by Filter: 1852622
Planning time: 0.794 ms
Execution time: 13244.246 ms
