Seq Scan on cast_info ci  (cost=0.00..796071.18 rows=5086948 width=0) (actual time=2948.785..14877.757 rows=6732886 loops=1)
  Filter: ((person_id < 2607469) AND (role_id = 2))
  Rows Removed by Filter: 29511458
Planning time: 0.416 ms
Execution time: 15673.492 ms
