Hash Join  (cost=626043.76..2368391.80 rows=55749789 width=0) (actual time=14531.821..73575.888 rows=93375353 loops=1)
  Hash Cond: (ci.movie_id = t.id)
  ->  Seq Scan on cast_info ci  (cost=0.00..614943.12 rows=36225612 width=4) (actual time=0.013..14039.637 rows=36244344 loops=1)
  ->  Hash  (cost=562201.47..562201.47 rows=3891303 width=8) (actual time=14530.654..14530.654 rows=4289388 loops=1)
        Buckets: 131072  Batches: 64  Memory Usage: 3625kB
        ->  Hash Join  (cost=94978.31..562201.47 rows=3891303 width=8) (actual time=2830.464..12746.096 rows=4289388 loops=1)
              Hash Cond: (mi.movie_id = t.id)
              ->  Seq Scan on movie_info mi  (cost=0.00..346232.03 rows=5897221 width=4) (actual time=926.168..6252.529 rows=5884963 loops=1)
                    Filter: (info_type_id < 7)
                    Rows Removed by Filter: 8950757
              ->  Hash  (cost=67604.59..67604.59 rows=1668458 width=4) (actual time=1903.469..1903.469 rows=1671292 loops=1)
                    Buckets: 131072  Batches: 32  Memory Usage: 2867kB
                    ->  Seq Scan on title t  (cost=0.00..67604.59 rows=1668458 width=4) (actual time=0.022..1360.499 rows=1671292 loops=1)
                          Filter: (production_year < 2008)
                          Rows Removed by Filter: 857020
Planning time: 1.093 ms
Execution time: 83998.019 ms
