Hash Join  (cost=128695.20..861657.33 rows=8653 width=0) (actual time=2187.717..17304.980 rows=36357 loops=1)
  Hash Cond: (ci.movie_id = t.id)
  ->  Seq Scan on cast_info ci  (cost=0.00..705507.15 rows=7298253 width=4) (actual time=0.011..13780.517 rows=7451973 loops=1)
        Filter: (role_id = 2)
        Rows Removed by Filter: 28792371
  ->  Hash  (cost=128657.72..128657.72 rows=2998 width=8) (actual time=2186.661..2186.661 rows=7815 loops=1)
        Buckets: 8192 (originally 4096)  Batches: 1 (originally 1)  Memory Usage: 370kB
        ->  Hash Join  (cost=73962.22..128657.72 rows=2998 width=8) (actual time=966.245..2183.163 rows=7815 loops=1)
              Hash Cond: (mc.movie_id = t.id)
              ->  Seq Scan on movie_companies mc  (cost=0.00..44881.29 rows=2609129 width=4) (actual time=0.011..685.796 rows=2609129 loops=1)
              ->  Hash  (cost=73925.90..73925.90 rows=2905 width=4) (actual time=966.159..966.159 rows=3835 loops=1)
                    Buckets: 4096  Batches: 1  Memory Usage: 167kB
                    ->  Seq Scan on title t  (cost=0.00..73925.90 rows=2905 width=4) (actual time=0.012..964.364 rows=3835 loops=1)
                          Filter: ((kind_id < 7) AND (production_year = 1959))
                          Rows Removed by Filter: 2524477
Planning time: 1.109 ms
Execution time: 17310.912 ms
