Hash Join  (cost=691550.85..2654794.16 rows=72845013 width=0) (actual time=14029.323..57120.369 rows=47591913 loops=1)
  Hash Cond: (ci.movie_id = t.id)
  ->  Seq Scan on cast_info ci  (cost=0.00..614943.12 rows=36225612 width=4) (actual time=0.021..14075.278 rows=36244344 loops=1)
  ->  Hash  (cost=608132.10..608132.10 rows=5084540 width=8) (actual time=14026.564..14026.564 rows=1869598 loops=1)
        Buckets: 131072  Batches: 128  Memory Usage: 1566kB
        ->  Hash Join  (cost=96184.51..608132.10 rows=5084540 width=8) (actual time=1902.603..13553.558 rows=1869598 loops=1)
              Hash Cond: (mi.movie_id = t.id)
              ->  Seq Scan on movie_info mi  (cost=0.00..346232.03 rows=9476311 width=4) (actual time=0.025..6691.770 rows=9565151 loops=1)
                    Filter: (info_type_id < 16)
                    Rows Removed by Filter: 5270569
              ->  Hash  (cost=73925.90..73925.90 rows=1356688 width=4) (actual time=1848.714..1848.714 rows=1327781 loops=1)
                    Buckets: 131072  Batches: 32  Memory Usage: 2485kB
                    ->  Seq Scan on title t  (cost=0.00..73925.90 rows=1356688 width=4) (actual time=0.023..1419.739 rows=1327781 loops=1)
                          Filter: ((production_year < 2012) AND (kind_id = 7))
                          Rows Removed by Filter: 1200531
Planning time: 1.237 ms
Execution time: 62173.935 ms
