Seq Scan on title t  (cost=0.00..73925.90 rows=23718 width=0) (actual time=45.609..1195.581 rows=21737 loops=1)
  Filter: ((production_year > 2008) AND (kind_id = 2))
  Rows Removed by Filter: 2506575
Planning time: 0.424 ms
Execution time: 1199.927 ms
