Hash Join  (cost=709675.39..736586.30 rows=43 width=0) (actual time=10009.044..10555.958 rows=66 loops=1)
  Hash Cond: (mi_idx.movie_id = t.id)
  ->  Seq Scan on movie_info_idx mi_idx  (cost=0.00..21735.35 rows=1380035 width=4) (actual time=0.013..296.742 rows=1380035 loops=1)
  ->  Hash  (cost=709674.40..709674.40 rows=79 width=8) (actual time=10006.982..10006.982 rows=22 loops=1)
        Buckets: 1024  Batches: 1  Memory Usage: 9kB
        ->  Nested Loop  (cost=0.43..709674.40 rows=79 width=8) (actual time=7632.455..10006.952 rows=22 loops=1)
              ->  Seq Scan on cast_info ci  (cost=0.00..705507.15 rows=500 width=4) (actual time=7632.367..10006.187 rows=35 loops=1)
                    Filter: (person_id = 229349)
                    Rows Removed by Filter: 36244309
              ->  Index Scan using title_pkey on title t  (cost=0.43..8.32 rows=1 width=4) (actual time=0.020..0.020 rows=1 loops=35)
                    Index Cond: (id = ci.movie_id)
                    Filter: ((kind_id < 7) AND (production_year < 2000))
                    Rows Removed by Filter: 0
Planning time: 1.232 ms
Execution time: 10556.101 ms
