Seq Scan on movie_keyword mk  (cost=0.00..81003.12 rows=246 width=0) (actual time=24.432..1253.141 rows=11 loops=1)
  Filter: (keyword_id = 65161)
  Rows Removed by Filter: 4523919
Planning time: 0.379 ms
Execution time: 1253.239 ms
