Hash Join  (cost=69886.95..101244.02 rows=25551 width=0) (actual time=1183.571..1875.555 rows=18281 loops=1)
  Hash Cond: (mi_idx.movie_id = t.id)
  ->  Seq Scan on movie_info_idx mi_idx  (cost=0.00..25185.44 rows=464566 width=4) (actual time=0.010..473.566 rows=459925 loops=1)
        Filter: (info_type_id = 101)
        Rows Removed by Filter: 920110
  ->  Hash  (cost=67604.59..67604.59 rows=139069 width=4) (actual time=1182.870..1182.870 rows=141131 loops=1)
        Buckets: 131072  Batches: 2  Memory Usage: 3502kB
        ->  Seq Scan on title t  (cost=0.00..67604.59 rows=139069 width=4) (actual time=0.018..1134.543 rows=141131 loops=1)
              Filter: (production_year < 1940)
              Rows Removed by Filter: 2387181
Planning time: 10.168 ms
Execution time: 1878.375 ms
