Seq Scan on cast_info ci  (cost=0.00..705507.15 rows=16899253 width=0) (actual time=1964.551..12229.745 rows=17010333 loops=1)
  Filter: (person_id > 1921938)
  Rows Removed by Filter: 19234011
Planning time: 0.299 ms
Execution time: 14364.693 ms
