Hash Join  (cost=100809.69..265587.30 rows=2598952 width=0) (actual time=2036.103..6328.610 rows=1414061 loops=1)
  Hash Cond: (mk.movie_id = t.id)
  ->  Seq Scan on movie_keyword mk  (cost=0.00..81003.12 rows=4010392 width=4) (actual time=0.023..1895.235 rows=4018423 loops=1)
        Filter: (keyword_id < 35847)
        Rows Removed by Filter: 505507
  ->  Hash  (cost=73925.90..73925.90 rows=1638623 width=4) (actual time=2032.814..2032.814 rows=1629839 loops=1)
        Buckets: 131072  Batches: 32  Memory Usage: 2819kB
        ->  Seq Scan on title t  (cost=0.00..73925.90 rows=1638623 width=4) (actual time=0.023..1499.523 rows=1629839 loops=1)
              Filter: ((kind_id > 1) AND (production_year < 2012))
              Rows Removed by Filter: 898473
Planning time: 2.166 ms
Execution time: 6495.636 ms
