Seq Scan on cast_info ci  (cost=0.00..796071.18 rows=1855436 width=0) (actual time=9950.315..12737.290 rows=3528727 loops=1)
  Filter: ((person_id > 2069849) AND (role_id = 10))
  Rows Removed by Filter: 32715617
Planning time: 0.810 ms
Execution time: 13180.759 ms
