Hash Join  (cost=160526.42..280816.78 rows=804228 width=0) (actual time=4549.574..6100.607 rows=656931 loops=1)
  Hash Cond: (mk.movie_id = t.id)
  ->  Seq Scan on movie_keyword mk  (cost=0.00..81003.12 rows=2418122 width=4) (actual time=0.009..1485.208 rows=2411996 loops=1)
        Filter: (keyword_id > 3841)
        Rows Removed by Filter: 2111934
  ->  Hash  (cost=146729.58..146729.58 rows=840947 width=8) (actual time=3388.614..3388.614 rows=425718 loops=1)
        Buckets: 131072  Batches: 16  Memory Usage: 2068kB
        ->  Hash Join  (cost=92883.59..146729.58 rows=840947 width=8) (actual time=1913.530..3249.642 rows=425718 loops=1)
              Hash Cond: (mi_idx.movie_id = t.id)
              ->  Seq Scan on movie_info_idx mi_idx  (cost=0.00..21735.35 rows=1380035 width=4) (actual time=0.022..423.686 rows=1380035 loops=1)
              ->  Hash  (cost=67604.59..67604.59 rows=1540800 width=4) (actual time=1791.518..1791.518 rows=1543264 loops=1)
                    Buckets: 131072  Batches: 32  Memory Usage: 2722kB
                    ->  Seq Scan on title t  (cost=0.00..67604.59 rows=1540800 width=4) (actual time=0.021..1268.684 rows=1543264 loops=1)
                          Filter: (kind_id = 7)
                          Rows Removed by Filter: 985048
Planning time: 4.283 ms
Execution time: 6178.376 ms
