Seq Scan on cast_info ci  (cost=0.00..796071.18 rows=122716 width=0) (actual time=9875.808..10366.925 rows=213927 loops=1)
  Filter: ((person_id > 4023967) AND (role_id > 1))
  Rows Removed by Filter: 36030417
Planning time: 0.332 ms
Execution time: 10393.402 ms
