Hash Join  (cost=365418.15..1979583.35 rows=41564822 width=0) (actual time=8584.827..72775.538 rows=132528886 loops=1)
  Hash Cond: (ci.movie_id = t.id)
  ->  Seq Scan on cast_info ci  (cost=0.00..796071.18 rows=23231521 width=4) (actual time=0.021..19398.818 rows=23136034 loops=1)
        Filter: ((person_id < 3979096) AND (role_id > 1))
        Rows Removed by Filter: 13108310
  ->  Hash  (cost=291197.02..291197.02 rows=4523930 width=8) (actual time=8583.054..8583.054 rows=4523930 loops=1)
        Buckets: 131072  Batches: 64  Memory Usage: 3816kB
        ->  Hash Join  (cost=102767.86..291197.02 rows=4523930 width=8) (actual time=1898.062..7216.049 rows=4523930 loops=1)
              Hash Cond: (mk.movie_id = t.id)
              ->  Seq Scan on movie_keyword mk  (cost=0.00..69693.30 rows=4523930 width=4) (actual time=0.011..1445.863 rows=4523930 loops=1)
              ->  Hash  (cost=61283.27..61283.27 rows=2528527 width=4) (actual time=1896.292..1896.292 rows=2528312 loops=1)
                    Buckets: 131072  Batches: 64  Memory Usage: 2425kB
                    ->  Seq Scan on title t  (cost=0.00..61283.27 rows=2528527 width=4) (actual time=0.010..1039.138 rows=2528312 loops=1)
Planning time: 0.800 ms
Execution time: 87325.294 ms
