Seq Scan on title t  (cost=0.00..73925.90 rows=1963 width=0) (actual time=0.137..1144.318 rows=3329 loops=1)
  Filter: ((kind_id = 1) AND (production_year = 1961))
  Rows Removed by Filter: 2524983
Planning time: 0.418 ms
Execution time: 1145.184 ms
