Nested Loop  (cost=0.43..83071.67 rows=246 width=0) (actual time=1.940..1248.412 rows=351 loops=1)
  ->  Seq Scan on movie_keyword mk  (cost=0.00..81003.12 rows=246 width=4) (actual time=1.895..1223.574 rows=351 loops=1)
        Filter: (keyword_id = 3253)
        Rows Removed by Filter: 4523579
  ->  Index Only Scan using title_pkey on title t  (cost=0.43..8.40 rows=1 width=4) (actual time=0.068..0.068 rows=1 loops=351)
        Index Cond: (id = mk.movie_id)
        Heap Fetches: 351
Planning time: 0.501 ms
Execution time: 1248.672 ms
