Hash Join  (cost=141770.48..274103.21 rows=847870 width=0) (actual time=3210.933..8984.652 rows=7660751 loops=1)
  Hash Cond: (mk.movie_id = t.id)
  ->  Seq Scan on movie_keyword mk  (cost=0.00..69693.30 rows=4523930 width=4) (actual time=0.050..1472.748 rows=4523930 loops=1)
  ->  Hash  (cost=133994.80..133994.80 rows=473894 width=8) (actual time=3209.998..3209.998 rows=833471 loops=1)
        Buckets: 131072 (originally 131072)  Batches: 16 (originally 8)  Memory Usage: 3081kB
        ->  Hash Join  (cost=88171.38..133994.80 rows=473894 width=8) (actual time=1455.722..2952.458 rows=833471 loops=1)
              Hash Cond: (mi_idx.movie_id = t.id)
              ->  Seq Scan on movie_info_idx mi_idx  (cost=0.00..21735.35 rows=1380035 width=4) (actual time=0.027..463.114 rows=1380035 loops=1)
              ->  Hash  (cost=73925.90..73925.90 rows=868278 width=4) (actual time=1454.586..1454.586 rows=782805 loops=1)
                    Buckets: 131072  Batches: 16  Memory Usage: 2746kB
                    ->  Seq Scan on title t  (cost=0.00..73925.90 rows=868278 width=4) (actual time=0.030..1215.146 rows=782805 loops=1)
                          Filter: ((kind_id < 7) AND (production_year > 1959))
                          Rows Removed by Filter: 1745507
Planning time: 1.223 ms
Execution time: 9852.378 ms
