Seq Scan on movie_keyword mk  (cost=0.00..81003.12 rows=1117695 width=0) (actual time=0.012..1367.402 rows=1124601 loops=1)
  Filter: (keyword_id < 1214)
  Rows Removed by Filter: 3399329
Planning time: 0.328 ms
Execution time: 1510.437 ms
