Seq Scan on movie_companies mc  (cost=0.00..57926.93 rows=53 width=0) (actual time=521.293..874.513 rows=89 loops=1)
  Filter: ((company_id = 1578) AND (company_type_id = 2))
  Rows Removed by Filter: 2609040
Planning time: 0.391 ms
Execution time: 874.610 ms
