Hash Join  (cost=709678.15..764348.83 rows=516 width=0) (actual time=11743.432..12660.127 rows=15 loops=1)
  Hash Cond: (mc.movie_id = t.id)
  ->  Seq Scan on movie_companies mc  (cost=0.00..44881.29 rows=2609129 width=4) (actual time=0.021..559.675 rows=2609129 loops=1)
  ->  Hash  (cost=709671.90..709671.90 rows=500 width=8) (actual time=11623.569..11623.569 rows=39 loops=1)
        Buckets: 1024  Batches: 1  Memory Usage: 10kB
        ->  Nested Loop  (cost=0.43..709671.90 rows=500 width=8) (actual time=2218.782..11623.543 rows=39 loops=1)
              ->  Seq Scan on cast_info ci  (cost=0.00..705507.15 rows=500 width=4) (actual time=2218.652..11622.824 rows=39 loops=1)
                    Filter: (person_id = 1049393)
                    Rows Removed by Filter: 36244305
              ->  Index Only Scan using title_pkey on title t  (cost=0.43..8.32 rows=1 width=4) (actual time=0.016..0.016 rows=1 loops=39)
                    Index Cond: (id = ci.movie_id)
                    Heap Fetches: 39
Planning time: 1.128 ms
Execution time: 12660.254 ms
