Hash Join  (cost=76653.59..108172.16 rows=30563 width=0) (actual time=1124.794..1914.189 rows=85557 loops=1)
  Hash Cond: (mi_idx.movie_id = t.id)
  ->  Seq Scan on movie_info_idx mi_idx  (cost=0.00..25185.44 rows=464934 width=4) (actual time=0.030..481.955 rows=460185 loops=1)
        Filter: (info_type_id > 100)
        Rows Removed by Filter: 919850
  ->  Hash  (cost=73925.90..73925.90 rows=166215 width=4) (actual time=1124.010..1124.010 rows=301084 loops=1)
        Buckets: 131072  Batches: 4  Memory Usage: 3673kB
        ->  Seq Scan on title t  (cost=0.00..73925.90 rows=166215 width=4) (actual time=43.254..1035.605 rows=301084 loops=1)
              Filter: ((production_year < 1987) AND (kind_id = 1))
              Rows Removed by Filter: 2227228
Planning time: 5.990 ms
Execution time: 1926.060 ms
