Seq Scan on title t  (cost=0.00..73925.90 rows=768493 width=0) (actual time=50.248..1063.688 rows=840010 loops=1)
  Filter: ((production_year > 2002) AND (kind_id = 7))
  Rows Removed by Filter: 1688302
Planning time: 0.404 ms
Execution time: 1169.710 ms
