Hash Join  (cost=52284.99..406294.97 rows=85 width=0) (actual time=1789.083..6372.813 rows=4250 loops=1)
  Hash Cond: (mi.movie_id = t.id)
  ->  Seq Scan on movie_info mi  (cost=0.00..346232.03 rows=2073893 width=4) (actual time=919.195..5172.585 rows=2091068 loops=1)
        Filter: (info_type_id < 3)
        Rows Removed by Filter: 12744652
  ->  Hash  (cost=52283.69..52283.69 rows=104 width=8) (actual time=869.518..869.518 rows=2519 loops=1)
        Buckets: 4096 (originally 1024)  Batches: 1 (originally 1)  Memory Usage: 131kB
        ->  Nested Loop  (cost=0.43..52283.69 rows=104 width=8) (actual time=0.281..867.966 rows=2519 loops=1)
              ->  Seq Scan on movie_companies mc  (cost=0.00..51404.11 rows=104 width=4) (actual time=0.217..799.450 rows=2519 loops=1)
                    Filter: (company_id = 115)
                    Rows Removed by Filter: 2606610
              ->  Index Only Scan using title_pkey on title t  (cost=0.43..8.45 rows=1 width=4) (actual time=0.026..0.026 rows=1 loops=2519)
                    Index Cond: (id = mc.movie_id)
                    Heap Fetches: 2519
Planning time: 1.202 ms
Execution time: 6373.652 ms
