Seq Scan on movie_companies mc  (cost=0.00..51404.11 rows=460993 width=0) (actual time=220.625..826.414 rows=465613 loops=1)
  Filter: (company_id > 76320)
  Rows Removed by Filter: 2143516
Planning time: 0.234 ms
Execution time: 887.064 ms
