Hash Join  (cost=144562.34..976847.54 rows=196209 width=0) (actual time=6302.393..17100.917 rows=866810 loops=1)
  Hash Cond: (ci.movie_id = t.id)
  ->  Seq Scan on cast_info ci  (cost=0.00..796071.18 rows=2904516 width=4) (actual time=3388.789..12216.898 rows=3876007 loops=1)
        Filter: ((person_id > 2200989) AND (role_id = 2))
        Rows Removed by Filter: 32368337
  ->  Hash  (cost=141759.21..141759.21 rows=170810 width=8) (actual time=2912.523..2912.523 rows=357590 loops=1)
        Buckets: 131072 (originally 131072)  Batches: 8 (originally 4)  Memory Usage: 3073kB
        ->  Hash Join  (cost=78556.72..141759.21 rows=170810 width=8) (actual time=1479.697..2812.596 rows=357590 loops=1)
              Hash Cond: (mc.movie_id = t.id)
              ->  Seq Scan on movie_companies mc  (cost=0.00..51404.11 rows=647007 width=4) (actual time=0.038..949.532 rows=652704 loops=1)
                    Filter: (company_id > 54299)
                    Rows Removed by Filter: 1956425
              ->  Hash  (cost=67604.59..67604.59 rows=667531 width=4) (actual time=1329.396..1329.396 rows=662825 loops=1)
                    Buckets: 131072  Batches: 16  Memory Usage: 2476kB
                    ->  Seq Scan on title t  (cost=0.00..67604.59 rows=667531 width=4) (actual time=0.023..1123.037 rows=662825 loops=1)
                          Filter: (kind_id = 1)
                          Rows Removed by Filter: 1865487
Planning time: 3.026 ms
Execution time: 17198.844 ms
