Hash Join  (cost=187291.42..326289.42 rows=1394996 width=0) (actual time=4196.000..7419.411 rows=894956 loops=1)
  Hash Cond: (mk.movie_id = t.id)
  ->  Seq Scan on movie_keyword mk  (cost=0.00..69693.30 rows=4523930 width=4) (actual time=0.025..1358.677 rows=4523930 loops=1)
  ->  Hash  (cost=174499.23..174499.23 rows=779695 width=8) (actual time=3871.156..3871.156 rows=316839 loops=1)
        Buckets: 131072  Batches: 16  Memory Usage: 1789kB
        ->  Hash Join  (cost=92883.59..174499.23 rows=779695 width=8) (actual time=2184.978..3771.944 rows=316839 loops=1)
              Hash Cond: (mc.movie_id = t.id)
              ->  Seq Scan on movie_companies mc  (cost=0.00..51404.11 rows=1279517 width=4) (actual time=429.505..1045.498 rows=1274246 loops=1)
                    Filter: (company_type_id = 1)
                    Rows Removed by Filter: 1334883
              ->  Hash  (cost=67604.59..67604.59 rows=1540800 width=4) (actual time=1753.991..1753.991 rows=1543264 loops=1)
                    Buckets: 131072  Batches: 32  Memory Usage: 2722kB
                    ->  Seq Scan on title t  (cost=0.00..67604.59 rows=1540800 width=4) (actual time=0.019..1246.798 rows=1543264 loops=1)
                          Filter: (kind_id = 7)
                          Rows Removed by Filter: 985048
Planning time: 1.130 ms
Execution time: 7535.008 ms
