Seq Scan on cast_info ci  (cost=0.00..705507.15 rows=500 width=0) (actual time=2182.735..10369.767 rows=258 loops=1)
  Filter: (person_id = 1677374)
  Rows Removed by Filter: 36244086
Planning time: 0.455 ms
Execution time: 10369.941 ms
