Seq Scan on movie_keyword mk  (cost=0.00..81003.12 rows=4130521 width=0) (actual time=0.024..1602.993 rows=4134795 loops=1)
  Filter: (keyword_id < 44188)
  Rows Removed by Filter: 389135
Planning time: 0.363 ms
Execution time: 2134.507 ms
