Hash Join  (cost=454930.64..581529.14 rows=377247 width=0) (actual time=8248.243..12290.545 rows=3816359 loops=1)
  Hash Cond: (mk.movie_id = t.id)
  ->  Seq Scan on movie_keyword mk  (cost=0.00..69693.30 rows=4523930 width=4) (actual time=0.020..1391.253 rows=4523930 loops=1)
  ->  Hash  (cost=451470.99..451470.99 rows=210852 width=8) (actual time=8247.354..8247.354 rows=533248 loops=1)
        Buckets: 131072 (originally 131072)  Batches: 8 (originally 4)  Memory Usage: 3644kB
        ->  Hash Join  (cost=78144.34..451470.99 rows=210852 width=8) (actual time=3305.647..8060.975 rows=533248 loops=1)
              Hash Cond: (mi.movie_id = t.id)
              ->  Seq Scan on movie_info mi  (cost=0.00..346232.03 rows=2073893 width=4) (actual time=1584.445..5417.907 rows=2091068 loops=1)
                    Filter: (info_type_id < 3)
                    Rows Removed by Filter: 12744652
              ->  Hash  (cost=73925.90..73925.90 rows=257075 width=4) (actual time=1378.468..1378.468 rows=366618 loops=1)
                    Buckets: 131072 (originally 131072)  Batches: 8 (originally 4)  Memory Usage: 3073kB
                    ->  Seq Scan on title t  (cost=0.00..73925.90 rows=257075 width=4) (actual time=0.016..1248.650 rows=366618 loops=1)
                          Filter: ((production_year < 1999) AND (kind_id = 1))
                          Rows Removed by Filter: 2161694
Planning time: 1.191 ms
Execution time: 12690.816 ms
