Seq Scan on movie_keyword mk  (cost=0.00..81003.12 rows=246 width=0) (actual time=1.923..1243.362 rows=164 loops=1)
  Filter: (keyword_id = 6116)
  Rows Removed by Filter: 4523766
Planning time: 0.414 ms
Execution time: 1243.571 ms
