Hash Join  (cost=102767.86..194637.51 rows=41017 width=0) (actual time=1843.253..3502.820 rows=41840 loops=1)
  Hash Cond: (mk.movie_id = t.id)
  ->  Seq Scan on movie_keyword mk  (cost=0.00..81003.12 rows=41017 width=4) (actual time=0.025..1247.566 rows=41840 loops=1)
        Filter: (keyword_id = 117)
        Rows Removed by Filter: 4482090
  ->  Hash  (cost=61283.27..61283.27 rows=2528527 width=4) (actual time=1842.208..1842.208 rows=2528312 loops=1)
        Buckets: 131072  Batches: 64  Memory Usage: 2425kB
        ->  Seq Scan on title t  (cost=0.00..61283.27 rows=2528527 width=4) (actual time=0.022..990.351 rows=2528312 loops=1)
Planning time: 9.218 ms
Execution time: 3508.086 ms
