Hash Join  (cost=102767.86..1202800.25 rows=12221613 width=0) (actual time=2271.690..34151.082 rows=18742133 loops=1)
  Hash Cond: (ci.movie_id = t.id)
  ->  Seq Scan on cast_info ci  (cost=0.00..796071.18 rows=12221613 width=4) (actual time=0.032..16631.943 rows=18742133 loops=1)
        Filter: ((person_id > 1706033) AND (role_id > 1))
        Rows Removed by Filter: 17502211
  ->  Hash  (cost=61283.27..61283.27 rows=2528527 width=4) (actual time=2269.983..2269.983 rows=2528312 loops=1)
        Buckets: 131072  Batches: 64  Memory Usage: 2415kB
        ->  Seq Scan on title t  (cost=0.00..61283.27 rows=2528527 width=4) (actual time=0.015..1246.750 rows=2528312 loops=1)
Planning time: 0.793 ms
Execution time: 36182.445 ms
