Hash Join  (cost=52284.24..416940.28 rows=12 width=0) (actual time=950.218..8043.709 rows=223 loops=1)
  Hash Cond: (mi.movie_id = t.id)
  ->  Seq Scan on movie_info mi  (cost=0.00..309384.22 rows=14739122 width=4) (actual time=0.022..4523.022 rows=14835720 loops=1)
  ->  Hash  (cost=52284.21..52284.21 rows=2 width=8) (actual time=817.087..817.087 rows=31 loops=1)
        Buckets: 1024  Batches: 1  Memory Usage: 10kB
        ->  Nested Loop  (cost=0.43..52284.21 rows=2 width=8) (actual time=36.403..817.042 rows=31 loops=1)
              ->  Seq Scan on movie_companies mc  (cost=0.00..51404.11 rows=104 width=4) (actual time=1.527..786.857 rows=399 loops=1)
                    Filter: (company_id = 1135)
                    Rows Removed by Filter: 2608730
              ->  Index Scan using title_pkey on title t  (cost=0.43..8.45 rows=1 width=4) (actual time=0.074..0.074 rows=0 loops=399)
                    Index Cond: (id = mc.movie_id)
                    Filter: ((kind_id < 7) AND (production_year = 2008))
                    Rows Removed by Filter: 1
Planning time: 1.163 ms
Execution time: 8044.042 ms
