Hash Join  (cost=150822.15..276215.46 rows=278327 width=0) (actual time=4373.948..5880.667 rows=115032 loops=1)
  Hash Cond: (mk.movie_id = t.id)
  ->  Seq Scan on movie_keyword mk  (cost=0.00..69693.30 rows=4523930 width=4) (actual time=0.015..1375.039 rows=4523930 loops=1)
  ->  Hash  (cost=148269.62..148269.62 rows=155563 width=8) (actual time=2836.907..2836.907 rows=105951 loops=1)
        Buckets: 131072  Batches: 4  Memory Usage: 2061kB
        ->  Hash Join  (cost=78779.83..148269.62 rows=155563 width=8) (actual time=1931.428..2798.940 rows=105951 loops=1)
              Hash Cond: (mc.movie_id = t.id)
              ->  Seq Scan on movie_companies mc  (cost=0.00..51404.11 rows=1329612 width=4) (actual time=0.013..955.889 rows=1334883 loops=1)
                    Filter: (company_type_id > 1)
                    Rows Removed by Filter: 1274246
              ->  Hash  (cost=73925.90..73925.90 rows=295834 width=4) (actual time=1183.689..1183.689 rows=185285 loops=1)
                    Buckets: 131072  Batches: 4  Memory Usage: 2648kB
                    ->  Seq Scan on title t  (cost=0.00..73925.90 rows=295834 width=4) (actual time=0.026..1117.986 rows=185285 loops=1)
                          Filter: ((production_year < 1978) AND (kind_id = 7))
                          Rows Removed by Filter: 2343027
Planning time: 1.172 ms
Execution time: 5895.863 ms
