Seq Scan on movie_keyword mk  (cost=0.00..81003.12 rows=246 width=0) (actual time=6.698..1245.121 rows=292 loops=1)
  Filter: (keyword_id = 9413)
  Rows Removed by Filter: 4523638
Planning time: 0.413 ms
Execution time: 1245.351 ms
