Hash Join  (cost=75460.45..440245.55 rows=12917 width=0) (actual time=1413.661..6241.572 rows=769 loops=1)
  Hash Cond: (mi.movie_id = t.id)
  ->  Seq Scan on movie_info mi  (cost=0.00..309384.22 rows=14739122 width=4) (actual time=0.017..3437.207 rows=14835720 loops=1)
  ->  Hash  (cost=75432.75..75432.75 rows=2216 width=8) (actual time=527.844..527.844 rows=151 loops=1)
        Buckets: 4096  Batches: 1  Memory Usage: 38kB
        ->  Nested Loop  (cost=0.43..75432.75 rows=2216 width=8) (actual time=232.318..527.753 rows=151 loops=1)
              ->  Seq Scan on movie_companies mc  (cost=0.00..57926.93 rows=2216 width=4) (actual time=232.213..525.669 rows=151 loops=1)
                    Filter: ((company_id = 258) AND (company_type_id = 2))
                    Rows Removed by Filter: 2608978
              ->  Index Only Scan using title_pkey on title t  (cost=0.43..7.89 rows=1 width=4) (actual time=0.013..0.013 rows=1 loops=151)
                    Index Cond: (id = mc.movie_id)
                    Heap Fetches: 151
Planning time: 1.274 ms
Execution time: 6255.668 ms
