Hash Join  (cost=107713.54..918565.27 rows=739905 width=0) (actual time=1928.738..22514.183 rows=1119752 loops=1)
  Hash Cond: (ci.movie_id = t.id)
  ->  Seq Scan on cast_info ci  (cost=0.00..705507.15 rows=26118812 width=4) (actual time=0.022..12951.488 rows=26340807 loops=1)
        Filter: (person_id > 974993)
        Rows Removed by Filter: 9903537
  ->  Hash  (cost=106818.18..106818.18 rows=71629 width=8) (actual time=1927.051..1927.051 rows=43838 loops=1)
        Buckets: 131072  Batches: 1  Memory Usage: 2737kB
        ->  Hash Join  (cost=74050.79..106818.18 rows=71629 width=8) (actual time=1162.561..1908.747 rows=43838 loops=1)
              Hash Cond: (mi_idx.movie_id = t.id)
              ->  Seq Scan on movie_info_idx mi_idx  (cost=0.00..25185.44 rows=460978 width=4) (actual time=0.015..443.204 rows=459925 loops=1)
                    Filter: (info_type_id = 99)
                    Rows Removed by Filter: 920110
              ->  Hash  (cost=67604.59..67604.59 rows=392896 width=4) (actual time=1161.322..1161.322 rows=391666 loops=1)
                    Buckets: 131072  Batches: 8  Memory Usage: 2753kB
                    ->  Seq Scan on title t  (cost=0.00..67604.59 rows=392896 width=4) (actual time=0.019..1029.573 rows=391666 loops=1)
                          Filter: (production_year > 2010)
                          Rows Removed by Filter: 2136646
Planning time: 1.240 ms
Execution time: 22666.079 ms
