Hash Join  (cost=151256.57..276795.11 rows=290251 width=0) (actual time=3049.163..6540.184 rows=1669720 loops=1)
  Hash Cond: (mk.movie_id = t.id)
  ->  Seq Scan on movie_keyword mk  (cost=0.00..69693.30 rows=4523930 width=4) (actual time=0.015..1436.401 rows=4523930 loops=1)
  ->  Hash  (cost=148594.72..148594.72 rows=162228 width=8) (actual time=3048.113..3048.113 rows=232365 loops=1)
        Buckets: 131072  Batches: 4  Memory Usage: 3301kB
        ->  Hash Join  (cost=78988.28..148594.72 rows=162228 width=8) (actual time=1227.746..2974.751 rows=232365 loops=1)
              Hash Cond: (mc.movie_id = t.id)
              ->  Seq Scan on movie_companies mc  (cost=0.00..51404.11 rows=1329612 width=4) (actual time=0.033..1017.207 rows=1334883 loops=1)
                    Filter: (company_type_id = 2)
                    Rows Removed by Filter: 1274246
              ->  Hash  (cost=73925.90..73925.90 rows=308510 width=4) (actual time=1226.770..1226.770 rows=266599 loops=1)
                    Buckets: 131072  Batches: 8  Memory Usage: 2191kB
                    ->  Seq Scan on title t  (cost=0.00..73925.90 rows=308510 width=4) (actual time=0.024..1141.144 rows=266599 loops=1)
                          Filter: ((kind_id < 7) AND (production_year > 2007))
                          Rows Removed by Filter: 2261713
Planning time: 1.295 ms
Execution time: 6734.815 ms
