Seq Scan on movie_keyword mk  (cost=0.00..81003.12 rows=246 width=0) (actual time=7.297..1269.414 rows=323 loops=1)
  Filter: (keyword_id = 11445)
  Rows Removed by Filter: 4523607
Planning time: 0.471 ms
Execution time: 1269.701 ms
