Hash Join  (cost=217517.61..364805.13 rows=2075348 width=0) (actual time=4945.094..10799.228 rows=8129759 loops=1)
  Hash Cond: (mk.movie_id = t.id)
  ->  Seq Scan on movie_keyword mk  (cost=0.00..69693.30 rows=4523930 width=4) (actual time=0.019..1514.193 rows=4523930 loops=1)
  ->  Hash  (cost=198486.13..198486.13 rows=1159959 width=8) (actual time=4943.975..4943.975 rows=1265771 loops=1)
        Buckets: 131072 (originally 131072)  Batches: 32 (originally 16)  Memory Usage: 3073kB
        ->  Hash Join  (cost=102767.86..198486.13 rows=1159959 width=8) (actual time=1951.512..4551.757 rows=1265771 loops=1)
              Hash Cond: (mc.movie_id = t.id)
              ->  Seq Scan on movie_companies mc  (cost=0.00..57926.93 rows=1159959 width=4) (actual time=0.018..1118.362 rows=1265771 loops=1)
                    Filter: ((company_id > 160) AND (company_type_id > 1))
                    Rows Removed by Filter: 1343358
              ->  Hash  (cost=61283.27..61283.27 rows=2528527 width=4) (actual time=1949.514..1949.514 rows=2528312 loops=1)
                    Buckets: 131072  Batches: 64  Memory Usage: 2415kB
                    ->  Seq Scan on title t  (cost=0.00..61283.27 rows=2528527 width=4) (actual time=0.023..1121.378 rows=2528312 loops=1)
Planning time: 1.262 ms
Execution time: 11704.811 ms
