Seq Scan on movie_info mi  (cost=0.00..346232.03 rows=8859586 width=75) (actual time=349.398..5839.283 rows=8966694 loops=1)
  Filter: (info_type_id < 15)
  Rows Removed by Filter: 5869026
Planning time: 0.483 ms
Execution time: 6305.659 ms
