Seq Scan on movie_keyword mk  (cost=0.00..81003.12 rows=3385522 width=0) (actual time=0.022..1550.723 rows=3376552 loops=1)
  Filter: (keyword_id > 1313)
  Rows Removed by Filter: 1147378
Planning time: 0.363 ms
Execution time: 1960.502 ms
