Hash Join  (cost=190230.21..345932.74 rows=2222441 width=0) (actual time=4706.034..10896.938 rows=9486902 loops=1)
  Hash Cond: (mk.movie_id = t.id)
  ->  Seq Scan on movie_keyword mk  (cost=0.00..81003.12 rows=4071999 width=4) (actual time=0.015..1830.001 rows=4058790 loops=1)
        Filter: (keyword_id > 353)
        Rows Removed by Filter: 465140
  ->  Hash  (cost=167588.78..167588.78 rows=1380035 width=8) (actual time=4704.636..4704.636 rows=1380035 loops=1)
        Buckets: 131072  Batches: 32  Memory Usage: 2726kB
        ->  Hash Join  (cost=102767.86..167588.78 rows=1380035 width=8) (actual time=2319.434..4310.348 rows=1380035 loops=1)
              Hash Cond: (mi_idx.movie_id = t.id)
              ->  Seq Scan on movie_info_idx mi_idx  (cost=0.00..21735.35 rows=1380035 width=4) (actual time=0.013..561.659 rows=1380035 loops=1)
              ->  Hash  (cost=61283.27..61283.27 rows=2528527 width=4) (actual time=1962.212..1962.212 rows=2528312 loops=1)
                    Buckets: 131072  Batches: 64  Memory Usage: 2415kB
                    ->  Seq Scan on title t  (cost=0.00..61283.27 rows=2528527 width=4) (actual time=0.011..1115.813 rows=2528312 loops=1)
Planning time: 1.098 ms
Execution time: 12051.231 ms
