Hash Join  (cost=88195.18..134032.37 rows=474671 width=0) (actual time=1478.882..2928.851 rows=915677 loops=1)
  Hash Cond: (mi_idx.movie_id = t.id)
  ->  Seq Scan on movie_info_idx mi_idx  (cost=0.00..21735.35 rows=1380035 width=4) (actual time=0.022..472.623 rows=1380035 loops=1)
  ->  Hash  (cost=73925.90..73925.90 rows=869702 width=4) (actual time=1477.913..1477.913 rows=896788 loops=1)
        Buckets: 131072  Batches: 16  Memory Usage: 2998kB
        ->  Seq Scan on title t  (cost=0.00..73925.90 rows=869702 width=4) (actual time=0.022..1196.326 rows=896788 loops=1)
              Filter: ((kind_id < 7) AND (production_year < 2012))
              Rows Removed by Filter: 1631524
Planning time: 0.599 ms
Execution time: 3029.182 ms
