Hash Join  (cost=82955.72..947136.27 rows=2479788 width=0) (actual time=6188.705..21312.335 rows=3477287 loops=1)
  Hash Cond: (ci.movie_id = t.id)
  ->  Seq Scan on cast_info ci  (cost=0.00..705507.15 rows=11392407 width=4) (actual time=4846.020..13063.277 rows=11381799 loops=1)
        Filter: (person_id > 2560909)
        Rows Removed by Filter: 24862545
  ->  Hash  (cost=73925.90..73925.90 rows=550385 width=4) (actual time=1341.522..1341.522 rows=602403 loops=1)
        Buckets: 131072  Batches: 8  Memory Usage: 3672kB
        ->  Seq Scan on title t  (cost=0.00..73925.90 rows=550385 width=4) (actual time=359.236..1154.791 rows=602403 loops=1)
              Filter: ((production_year > 2006) AND (kind_id = 7))
              Rows Removed by Filter: 1925909
Planning time: 4.759 ms
Execution time: 21724.109 ms
