Seq Scan on title t  (cost=0.00..73925.90 rows=31959 width=0) (actual time=343.118..1168.332 rows=18823 loops=1)
  Filter: ((production_year > 2007) AND (kind_id = 3))
  Rows Removed by Filter: 2509489
Planning time: 0.380 ms
Execution time: 1172.351 ms
