Hash Join  (cost=156632.57..1277708.82 rows=5673129 width=0) (actual time=3442.514..41933.070 rows=11367781 loops=1)
  Hash Cond: (ci.movie_id = t.id)
  ->  Seq Scan on cast_info ci  (cost=0.00..705507.15 rows=30877551 width=4) (actual time=0.060..16028.266 rows=30820509 loops=1)
        Filter: (person_id < 3114230)
        Rows Removed by Filter: 5423835
  ->  Hash  (cost=149010.49..149010.49 rows=464566 width=8) (actual time=3441.620..3441.620 rows=459925 loops=1)
        Buckets: 131072  Batches: 8  Memory Usage: 3275kB
        ->  Hash Join  (cost=102767.86..149010.49 rows=464566 width=8) (actual time=1960.693..3303.589 rows=459925 loops=1)
              Hash Cond: (mi_idx.movie_id = t.id)
              ->  Seq Scan on movie_info_idx mi_idx  (cost=0.00..25185.44 rows=464566 width=4) (actual time=0.019..497.999 rows=459925 loops=1)
                    Filter: (info_type_id = 101)
                    Rows Removed by Filter: 920110
              ->  Hash  (cost=61283.27..61283.27 rows=2528527 width=4) (actual time=1959.049..1959.049 rows=2528312 loops=1)
                    Buckets: 131072  Batches: 64  Memory Usage: 2415kB
                    ->  Seq Scan on title t  (cost=0.00..61283.27 rows=2528527 width=4) (actual time=0.023..1119.726 rows=2528312 loops=1)
Planning time: 1.142 ms
Execution time: 43291.915 ms
