Hash Join  (cost=102767.86..190000.04 rows=807338 width=0) (actual time=1942.659..4288.726 rows=1108561 loops=1)
  Hash Cond: (mc.movie_id = t.id)
  ->  Seq Scan on movie_companies mc  (cost=0.00..57926.93 rows=807338 width=4) (actual time=0.024..1045.736 rows=1108561 loops=1)
        Filter: ((company_id < 17600) AND (company_type_id < 2))
        Rows Removed by Filter: 1500568
  ->  Hash  (cost=61283.27..61283.27 rows=2528527 width=4) (actual time=1941.710..1941.710 rows=2528312 loops=1)
        Buckets: 131072  Batches: 64  Memory Usage: 2415kB
        ->  Seq Scan on title t  (cost=0.00..61283.27 rows=2528527 width=4) (actual time=0.013..1104.823 rows=2528312 loops=1)
Planning time: 0.785 ms
Execution time: 4428.301 ms
