Hash Join  (cost=139597.14..283696.22 rows=949510 width=0) (actual time=3758.979..9996.100 rows=9192816 loops=1)
  Hash Cond: (mk.movie_id = t.id)
  ->  Seq Scan on movie_keyword mk  (cost=0.00..81003.12 rows=4453563 width=4) (actual time=0.029..1971.611 rows=4449218 loops=1)
        Filter: (keyword_id > 66)
        Rows Removed by Filter: 74712
  ->  Hash  (cost=130752.54..130752.54 rows=539088 width=8) (actual time=3757.170..3757.170 rows=954317 loops=1)
        Buckets: 131072 (originally 131072)  Batches: 16 (originally 8)  Memory Usage: 3370kB
        ->  Hash Join  (cost=83810.17..130752.54 rows=539088 width=8) (actual time=1554.846..3458.667 rows=954317 loops=1)
              Hash Cond: (mi_idx.movie_id = t.id)
              ->  Seq Scan on movie_info_idx mi_idx  (cost=0.00..21735.35 rows=1380035 width=4) (actual time=0.015..548.077 rows=1380035 loops=1)
              ->  Hash  (cost=67604.59..67604.59 rows=987727 width=4) (actual time=1553.931..1553.931 rows=985048 loops=1)
                    Buckets: 131072  Batches: 16  Memory Usage: 3188kB
                    ->  Seq Scan on title t  (cost=0.00..67604.59 rows=987727 width=4) (actual time=0.027..1235.032 rows=985048 loops=1)
                          Filter: (kind_id < 7)
                          Rows Removed by Filter: 1543264
Planning time: 1.540 ms
Execution time: 11115.003 ms
