Seq Scan on movie_companies mc  (cost=0.00..57926.93 rows=921555 width=0) (actual time=0.017..1069.874 rows=1104169 loops=1)
  Filter: ((company_id > 1709) AND (company_type_id > 1))
  Rows Removed by Filter: 1504960
Planning time: 0.356 ms
Execution time: 1212.571 ms
