Hash Join  (cost=74787.47..102074.13 rows=37618 width=0) (actual time=1670.666..1943.440 rows=19569 loops=1)
  Hash Cond: (mi_idx.movie_id = t.id)
  ->  Seq Scan on movie_info_idx mi_idx  (cost=0.00..21735.35 rows=1380035 width=4) (actual time=0.014..339.678 rows=1380035 loops=1)
  ->  Hash  (cost=73925.90..73925.90 rows=68925 width=4) (actual time=1253.174..1253.174 rows=84076 loops=1)
        Buckets: 131072  Batches: 1  Memory Usage: 3980kB
        ->  Seq Scan on title t  (cost=0.00..73925.90 rows=68925 width=4) (actual time=0.031..1220.352 rows=84076 loops=1)
              Filter: ((kind_id = 7) AND (production_year = 2007))
              Rows Removed by Filter: 2444236
Planning time: 0.766 ms
Execution time: 1946.273 ms
