Hash Join  (cost=205402.59..352135.80 rows=1630384 width=0) (actual time=4462.839..12330.636 rows=18237718 loops=1)
  Hash Cond: (mk.movie_id = t.id)
  ->  Seq Scan on movie_keyword mk  (cost=0.00..81003.12 rows=3919264 width=4) (actual time=0.023..1803.080 rows=3914988 loops=1)
        Filter: (keyword_id < 30315)
        Rows Removed by Filter: 608942
  ->  Hash  (cost=188145.49..188145.49 rows=1051848 width=8) (actual time=4461.789..4461.789 rows=918259 loops=1)
        Buckets: 131072  Batches: 16  Memory Usage: 3311kB
        ->  Hash Join  (cost=101707.31..188145.49 rows=1051848 width=8) (actual time=1971.877..4199.086 rows=918259 loops=1)
              Hash Cond: (mc.movie_id = t.id)
              ->  Seq Scan on movie_companies mc  (cost=0.00..51404.11 rows=1279517 width=4) (actual time=0.017..1040.924 rows=1274246 loops=1)
                    Filter: (company_type_id = 1)
                    Rows Removed by Filter: 1334883
              ->  Hash  (cost=67604.59..67604.59 rows=2078618 width=4) (actual time=1970.460..1970.460 rows=2074788 loops=1)
                    Buckets: 131072  Batches: 32  Memory Usage: 3309kB
                    ->  Seq Scan on title t  (cost=0.00..67604.59 rows=2078618 width=4) (actual time=0.034..1308.772 rows=2074788 loops=1)
                          Filter: (production_year > 1970)
                          Rows Removed by Filter: 453524
Planning time: 1.198 ms
Execution time: 14443.295 ms
