Seq Scan on cast_info ci  (cost=0.00..796071.18 rows=21000494 width=0) (actual time=0.026..17352.190 rows=22529726 loops=1)
  Filter: ((person_id > 357578) AND (role_id > 1))
  Rows Removed by Filter: 13714618
Planning time: 0.403 ms
Execution time: 20110.378 ms
