Hash Join  (cost=102767.86..296407.67 rows=4270442 width=0) (actual time=1868.384..7281.867 rows=4272628 loops=1)
  Hash Cond: (mk.movie_id = t.id)
  ->  Seq Scan on movie_keyword mk  (cost=0.00..81003.12 rows=4270442 width=4) (actual time=0.022..1794.032 rows=4272628 loops=1)
        Filter: (keyword_id < 60312)
        Rows Removed by Filter: 251302
  ->  Hash  (cost=61283.27..61283.27 rows=2528527 width=4) (actual time=1866.251..1866.251 rows=2528312 loops=1)
        Buckets: 131072  Batches: 64  Memory Usage: 2425kB
        ->  Seq Scan on title t  (cost=0.00..61283.27 rows=2528527 width=4) (actual time=0.014..982.595 rows=2528312 loops=1)
Planning time: 0.750 ms
Execution time: 7797.559 ms
