Nested Loop  (cost=0.43..138090.71 rows=8445 width=0) (actual time=0.511..1598.503 rows=7552 loops=1)
  ->  Seq Scan on movie_keyword mk  (cost=0.00..81003.12 rows=8445 width=4) (actual time=0.477..1332.574 rows=7552 loops=1)
        Filter: (keyword_id = 910)
        Rows Removed by Filter: 4516378
  ->  Index Only Scan using title_pkey on title t  (cost=0.43..6.75 rows=1 width=4) (actual time=0.034..0.034 rows=1 loops=7552)
        Index Cond: (id = mk.movie_id)
        Heap Fetches: 7552
Planning time: 0.522 ms
Execution time: 1600.643 ms
