Seq Scan on movie_companies mc  (cost=0.00..51404.11 rows=104 width=0) (actual time=176.237..476.817 rows=18 loops=1)
  Filter: (company_id = 90358)
  Rows Removed by Filter: 2609111
Planning time: 0.396 ms
Execution time: 476.893 ms
