Seq Scan on movie_keyword mk  (cost=0.00..81003.12 rows=246 width=0) (actual time=1.034..1251.454 rows=547 loops=1)
  Filter: (keyword_id = 4831)
  Rows Removed by Filter: 4523383
Planning time: 0.404 ms
Execution time: 1251.783 ms
