Hash Join  (cost=106902.14..860372.85 rows=268157 width=0) (actual time=2091.088..20020.692 rows=406924 loops=1)
  Hash Cond: (ci.movie_id = t.id)
  ->  Seq Scan on cast_info ci  (cost=0.00..614943.12 rows=36225612 width=4) (actual time=0.021..9375.358 rows=36244344 loops=1)
  ->  Hash  (cost=106668.18..106668.18 rows=18717 width=8) (actual time=2090.788..2090.788 rows=11384 loops=1)
        Buckets: 32768  Batches: 1  Memory Usage: 701kB
        ->  Hash Join  (cost=75636.60..106668.18 rows=18717 width=8) (actual time=1378.602..2085.726 rows=11384 loops=1)
              Hash Cond: (mi_idx.movie_id = t.id)
              ->  Seq Scan on movie_info_idx mi_idx  (cost=0.00..25185.44 rows=454124 width=4) (actual time=0.019..501.919 rows=459925 loops=1)
                    Filter: (info_type_id = 100)
                    Rows Removed by Filter: 920110
              ->  Hash  (cost=73925.90..73925.90 rows=104216 width=4) (actual time=1377.489..1377.489 rows=108513 loops=1)
                    Buckets: 131072  Batches: 2  Memory Usage: 2931kB
                    ->  Seq Scan on title t  (cost=0.00..73925.90 rows=104216 width=4) (actual time=0.030..1336.256 rows=108513 loops=1)
                          Filter: ((kind_id > 1) AND (production_year = 2010))
                          Rows Removed by Filter: 2419799
Planning time: 1.076 ms
Execution time: 20081.933 ms
