Hash Join  (cost=79317.58..159041.99 rows=339089 width=0) (actual time=1515.278..3637.165 rows=148566 loops=1)
  Hash Cond: (mc.movie_id = t.id)
  ->  Seq Scan on movie_companies mc  (cost=0.00..44881.29 rows=2609129 width=4) (actual time=0.012..846.698 rows=2609129 loops=1)
  ->  Hash  (cost=73925.90..73925.90 rows=328614 width=4) (actual time=1514.271..1514.271 rows=350917 loops=1)
        Buckets: 131072  Batches: 8  Memory Usage: 2572kB
        ->  Seq Scan on title t  (cost=0.00..73925.90 rows=328614 width=4) (actual time=0.022..1402.972 rows=350917 loops=1)
              Filter: ((kind_id > 4) AND (production_year > 2009))
              Rows Removed by Filter: 2177395
Planning time: 0.751 ms
Execution time: 3655.424 ms
