Hash Join  (cost=216018.85..604440.22 rows=1159453 width=0) (actual time=5055.512..15505.719 rows=10885026 loops=1)
  Hash Cond: (mi.movie_id = t.id)
  ->  Seq Scan on movie_info mi  (cost=0.00..346232.03 rows=2194617 width=4) (actual time=0.021..5919.380 rows=2233850 loops=1)
        Filter: (info_type_id > 16)
        Rows Removed by Filter: 12601870
  ->  Hash  (cost=194101.56..194101.56 rows=1335863 width=8) (actual time=5054.176..5054.176 rows=1139384 loops=1)
        Buckets: 131072  Batches: 32  Memory Usage: 2456kB
        ->  Hash Join  (cost=99467.55..194101.56 rows=1335863 width=8) (actual time=2093.758..4726.385 rows=1139384 loops=1)
              Hash Cond: (mc.movie_id = t.id)
              ->  Seq Scan on movie_companies mc  (cost=0.00..51404.11 rows=1739254 width=4) (actual time=0.019..1030.264 rows=1744662 loops=1)
                    Filter: (company_id > 2560)
                    Rows Removed by Filter: 864467
              ->  Hash  (cost=67604.59..67604.59 rows=1942077 width=4) (actual time=2092.876..2092.876 rows=1932484 loops=1)
                    Buckets: 131072  Batches: 32  Memory Usage: 3155kB
                    ->  Seq Scan on title t  (cost=0.00..67604.59 rows=1942077 width=4) (actual time=0.020..1447.058 rows=1932484 loops=1)
                          Filter: (production_year > 1980)
                          Rows Removed by Filter: 595828
Planning time: 1.203 ms
Execution time: 16755.251 ms
