Hash Join  (cost=959562.03..1593828.97 rows=2389170 width=0) (actual time=25430.248..39995.383 rows=8135043 loops=1)
  Hash Cond: (mi.movie_id = t.id)
  ->  Seq Scan on movie_info mi  (cost=0.00..309384.22 rows=14739122 width=4) (actual time=3.104..5846.437 rows=14835720 loops=1)
  ->  Hash  (cost=952836.69..952836.69 rows=409867 width=8) (actual time=25426.040..25426.040 rows=376345 loops=1)
        Buckets: 131072  Batches: 8  Memory Usage: 2868kB
        ->  Hash Join  (cost=74547.77..952836.69 rows=409867 width=8) (actual time=5365.730..24498.951 rows=376345 loops=1)
              Hash Cond: (ci.movie_id = t.id)
              ->  Seq Scan on cast_info ci  (cost=0.00..796071.18 rows=20831752 width=4) (actual time=4277.763..17843.840 rows=20373832 loops=1)
                    Filter: ((person_id > 456378) AND (role_id < 4))
                    Rows Removed by Filter: 15870512
              ->  Hash  (cost=73925.90..73925.90 rows=49749 width=4) (actual time=1087.480..1087.480 rows=44012 loops=1)
                    Buckets: 65536  Batches: 1  Memory Usage: 2060kB
                    ->  Seq Scan on title t  (cost=0.00..73925.90 rows=49749 width=4) (actual time=0.160..1069.782 rows=44012 loops=1)
                          Filter: ((kind_id < 7) AND (production_year = 2009))
                          Rows Removed by Filter: 2484300
Planning time: 1.115 ms
Execution time: 40938.906 ms
