Hash Join  (cost=58358.64..85269.24 rows=11 width=0) (actual time=926.610..1439.631 rows=21 loops=1)
  Hash Cond: (mi_idx.movie_id = t.id)
  ->  Seq Scan on movie_info_idx mi_idx  (cost=0.00..21735.35 rows=1380035 width=4) (actual time=0.014..321.942 rows=1380035 loops=1)
  ->  Hash  (cost=58358.39..58358.39 rows=20 width=8) (actual time=863.352..863.352 rows=11 loops=1)
        Buckets: 1024  Batches: 1  Memory Usage: 9kB
        ->  Nested Loop  (cost=0.43..58358.39 rows=20 width=8) (actual time=358.762..863.328 rows=11 loops=1)
              ->  Seq Scan on movie_companies mc  (cost=0.00..57926.93 rows=51 width=4) (actual time=358.697..858.634 rows=21 loops=1)
                    Filter: ((company_id = 126) AND (company_type_id = 1))
                    Rows Removed by Filter: 2609108
              ->  Index Scan using title_pkey on title t  (cost=0.43..8.45 rows=1 width=4) (actual time=0.218..0.219 rows=1 loops=21)
                    Index Cond: (id = mc.movie_id)
                    Filter: (kind_id < 7)
                    Rows Removed by Filter: 0
Planning time: 1.167 ms
Execution time: 1439.792 ms
