Seq Scan on movie_keyword mk  (cost=0.00..81003.12 rows=246 width=0) (actual time=0.235..1286.197 rows=2384 loops=1)
  Filter: (keyword_id = 3009)
  Rows Removed by Filter: 4521546
Planning time: 0.452 ms
Execution time: 1286.966 ms
