Hash Join  (cost=92883.59..200276.40 rows=656552 width=0) (actual time=1751.193..4036.482 rows=179209 loops=1)
  Hash Cond: (mk.movie_id = t.id)
  ->  Seq Scan on movie_keyword mk  (cost=0.00..81003.12 rows=1077434 width=4) (actual time=0.025..1484.726 rows=1088237 loops=1)
        Filter: (keyword_id > 16264)
        Rows Removed by Filter: 3435693
  ->  Hash  (cost=67604.59..67604.59 rows=1540800 width=4) (actual time=1749.833..1749.833 rows=1543264 loops=1)
        Buckets: 131072  Batches: 32  Memory Usage: 2728kB
        ->  Seq Scan on title t  (cost=0.00..67604.59 rows=1540800 width=4) (actual time=0.013..1244.697 rows=1543264 loops=1)
              Filter: (kind_id = 7)
              Rows Removed by Filter: 985048
Planning time: 0.777 ms
Execution time: 4058.824 ms
