Seq Scan on movie_companies mc  (cost=0.00..57926.93 rows=1279142 width=0) (actual time=325.903..1142.418 rows=1274246 loops=1)
  Filter: ((company_id < 234296) AND (company_type_id = 1))
  Rows Removed by Filter: 1334883
Planning time: 0.396 ms
Execution time: 1299.349 ms
