Hash Join  (cost=84497.07..604379.03 rows=3755903 width=0) (actual time=1474.791..16646.295 rows=5998003 loops=1)
  Hash Cond: (mi.movie_id = t.id)
  ->  Seq Scan on movie_info mi  (cost=0.00..309384.22 rows=14739122 width=4) (actual time=0.361..5965.439 rows=14835720 loops=1)
  ->  Hash  (cost=73925.90..73925.90 rows=644333 width=4) (actual time=1473.534..1473.534 rows=544419 loops=1)
        Buckets: 131072  Batches: 16  Memory Usage: 2223kB
        ->  Seq Scan on title t  (cost=0.00..73925.90 rows=644333 width=4) (actual time=0.025..1285.896 rows=544419 loops=1)
              Filter: ((kind_id < 7) AND (production_year > 1994))
              Rows Removed by Filter: 1983893
Planning time: 0.807 ms
Execution time: 17383.143 ms
