Hash Join  (cost=89201.08..913097.48 rows=584232 width=0) (actual time=4849.623..15252.226 rows=1093856 loops=1)
  Hash Cond: (ci.movie_id = t.id)
  ->  Seq Scan on cast_info ci  (cost=0.00..796071.18 rows=1586639 width=4) (actual time=3279.259..11738.915 rows=3170211 loops=1)
        Filter: ((person_id < 424180) AND (role_id = 1))
        Rows Removed by Filter: 33074133
  ->  Hash  (cost=73925.90..73925.90 rows=931054 width=4) (actual time=1569.425..1569.425 rows=852178 loops=1)
        Buckets: 131072  Batches: 16  Memory Usage: 2899kB
        ->  Seq Scan on title t  (cost=0.00..73925.90 rows=931054 width=4) (actual time=0.031..1303.432 rows=852178 loops=1)
              Filter: ((kind_id > 1) AND (production_year < 2004))
              Rows Removed by Filter: 1676134
Planning time: 2.889 ms
Execution time: 15382.648 ms
