Seq Scan on movie_companies mc  (cost=0.00..57926.93 rows=952561 width=0) (actual time=0.010..1057.083 rows=640076 loops=1)
  Filter: ((company_id < 37964) AND (company_type_id = 2))
  Rows Removed by Filter: 1969053
Planning time: 0.423 ms
Execution time: 1135.834 ms
