Hash Join  (cost=73957.54..443618.60 rows=6237 width=0) (actual time=2147.188..8517.994 rows=14853 loops=1)
  Hash Cond: (mi.movie_id = t.id)
  ->  Seq Scan on movie_info mi  (cost=0.00..346232.03 rows=6231111 width=4) (actual time=979.730..6318.643 rows=6223494 loops=1)
        Filter: (info_type_id > 8)
        Rows Removed by Filter: 8612226
  ->  Hash  (cost=73925.90..73925.90 rows=2531 width=4) (actual time=1167.350..1167.350 rows=4338 loops=1)
        Buckets: 8192 (originally 4096)  Batches: 1 (originally 1)  Memory Usage: 217kB
        ->  Seq Scan on title t  (cost=0.00..73925.90 rows=2531 width=4) (actual time=1.177..1165.022 rows=4338 loops=1)
              Filter: ((kind_id < 4) AND (production_year = 1961))
              Rows Removed by Filter: 2523974
Planning time: 0.797 ms
Execution time: 8520.841 ms
