Hash Join  (cost=97193.44..542476.86 rows=3054397 width=0) (actual time=3983.483..11764.972 rows=1839642 loops=1)
  Hash Cond: (mi.movie_id = t.id)
  ->  Seq Scan on movie_info mi  (cost=0.00..346232.03 rows=5445713 width=4) (actual time=1648.140..5916.203 rows=5410520 loops=1)
        Filter: (info_type_id < 6)
        Rows Removed by Filter: 9425200
  ->  Hash  (cost=73925.90..73925.90 rows=1418203 width=4) (actual time=2334.242..2334.242 rows=1540108 loops=1)
        Buckets: 131072  Batches: 32  Memory Usage: 2733kB
        ->  Seq Scan on title t  (cost=0.00..73925.90 rows=1418203 width=4) (actual time=0.065..1581.893 rows=1540108 loops=1)
              Filter: ((kind_id > 1) AND (production_year > 1981))
              Rows Removed by Filter: 988204
Planning time: 0.816 ms
Execution time: 11996.422 ms
