Hash Join  (cost=178741.37..325315.28 rows=2016787 width=0) (actual time=4594.956..10301.496 rows=9883874 loops=1)
  Hash Cond: (mk.movie_id = t.id)
  ->  Seq Scan on movie_keyword mk  (cost=0.00..69693.30 rows=4523930 width=4) (actual time=0.014..1463.460 rows=4523930 loops=1)
  ->  Hash  (cost=160247.02..160247.02 rows=1127228 width=8) (actual time=4594.204..4594.204 rows=1248329 loops=1)
        Buckets: 131072 (originally 131072)  Batches: 32 (originally 16)  Memory Usage: 4092kB
        ->  Hash Join  (cost=101489.21..160247.02 rows=1127228 width=8) (actual time=2416.694..4244.032 rows=1248329 loops=1)
              Hash Cond: (mi_idx.movie_id = t.id)
              ->  Seq Scan on movie_info_idx mi_idx  (cost=0.00..21735.35 rows=1380035 width=4) (actual time=0.013..507.703 rows=1380035 loops=1)
              ->  Hash  (cost=67604.59..67604.59 rows=2065330 width=4) (actual time=2415.674..2415.674 rows=2064552 loops=1)
                    Buckets: 131072  Batches: 32  Memory Usage: 3289kB
                    ->  Seq Scan on title t  (cost=0.00..67604.59 rows=2065330 width=4) (actual time=0.015..1456.471 rows=2064552 loops=1)
                          Filter: (production_year < 2011)
                          Rows Removed by Filter: 463760
Planning time: 1.110 ms
Execution time: 11317.007 ms
