Hash Join  (cost=1266673.33..2620059.37 rows=64604709 width=0) (actual time=28829.012..81787.044 rows=145043415 loops=1)
  Hash Cond: (mi.movie_id = t.id)
  ->  Seq Scan on movie_info mi  (cost=0.00..309384.22 rows=14739122 width=4) (actual time=0.017..6200.805 rows=14835720 loops=1)
  ->  Hash  (cost=1084840.93..1084840.93 rows=11083072 width=8) (actual time=28823.703..28823.703 rows=11002784 loops=1)
        Buckets: 131072  Batches: 256  Memory Usage: 2774kB
        ->  Hash Join  (cost=102767.86..1084840.93 rows=11083072 width=8) (actual time=2309.574..24775.957 rows=11002784 loops=1)
              Hash Cond: (ci.movie_id = t.id)
              ->  Seq Scan on cast_info ci  (cost=0.00..705507.15 rows=11083072 width=4) (actual time=319.220..12869.784 rows=11002784 loops=1)
                    Filter: (person_id < 1080633)
                    Rows Removed by Filter: 25241560
              ->  Hash  (cost=61283.27..61283.27 rows=2528527 width=4) (actual time=1987.971..1987.971 rows=2528312 loops=1)
                    Buckets: 131072  Batches: 64  Memory Usage: 2415kB
                    ->  Seq Scan on title t  (cost=0.00..61283.27 rows=2528527 width=4) (actual time=0.022..1105.822 rows=2528312 loops=1)
Planning time: 0.744 ms
Execution time: 97157.684 ms
