Seq Scan on movie_companies mc  (cost=0.00..51404.11 rows=1446398 width=0) (actual time=0.021..908.364 rows=1437430 loops=1)
  Filter: (company_id < 12786)
  Rows Removed by Filter: 1171699
Planning time: 0.351 ms
Execution time: 1086.878 ms
