Hash Join  (cost=116252.10..192514.01 rows=87938 width=0) (actual time=2085.855..3900.285 rows=98215 loops=1)
  Hash Cond: (mc.movie_id = t.id)
  ->  Seq Scan on movie_companies mc  (cost=0.00..44881.29 rows=2609129 width=4) (actual time=0.021..945.250 rows=2609129 loops=1)
  ->  Hash  (cost=114853.84..114853.84 rows=85221 width=8) (actual time=2077.766..2077.766 rows=44690 loops=1)
        Buckets: 131072  Batches: 2  Memory Usage: 1900kB
        ->  Hash Join  (cost=81711.23..114853.84 rows=85221 width=8) (actual time=1333.629..2064.293 rows=44690 loops=1)
              Hash Cond: (mi_idx.movie_id = t.id)
              ->  Seq Scan on movie_info_idx mi_idx  (cost=0.00..25185.44 rows=454124 width=4) (actual time=0.027..482.746 rows=459925 loops=1)
                    Filter: (info_type_id = 100)
                    Rows Removed by Filter: 920110
              ->  Hash  (cost=73925.90..73925.90 rows=474506 width=4) (actual time=1332.741..1332.741 rows=360459 loops=1)
                    Buckets: 131072  Batches: 8  Memory Usage: 2595kB
                    ->  Seq Scan on title t  (cost=0.00..73925.90 rows=474506 width=4) (actual time=50.404..1218.264 rows=360459 loops=1)
                          Filter: ((production_year < 1994) AND (kind_id = 7))
                          Rows Removed by Filter: 2167853
Planning time: 1.006 ms
Execution time: 3912.070 ms
