Hash Join  (cost=118941.10..253026.44 rows=357007 width=0) (actual time=2450.765..5735.606 rows=495938 loops=1)
  Hash Cond: (mk.movie_id = t.id)
  ->  Seq Scan on movie_keyword mk  (cost=0.00..81003.12 rows=4209638 width=4) (actual time=0.025..1726.765 rows=4212338 loops=1)
        Filter: (keyword_id < 52377)
        Rows Removed by Filter: 311592
  ->  Hash  (cost=115422.64..115422.64 rows=214437 width=8) (actual time=2448.765..2448.765 rows=131526 loops=1)
        Buckets: 131072  Batches: 4  Memory Usage: 2318kB
        ->  Hash Join  (cost=74050.79..115422.64 rows=214437 width=8) (actual time=1328.226..2413.048 rows=131526 loops=1)
              Hash Cond: (mi_idx.movie_id = t.id)
              ->  Seq Scan on movie_info_idx mi_idx  (cost=0.00..21735.35 rows=1380035 width=4) (actual time=0.015..442.603 rows=1380035 loops=1)
              ->  Hash  (cost=67604.59..67604.59 rows=392896 width=4) (actual time=1327.397..1327.397 rows=391666 loops=1)
                    Buckets: 131072  Batches: 8  Memory Usage: 2753kB
                    ->  Seq Scan on title t  (cost=0.00..67604.59 rows=392896 width=4) (actual time=0.022..1185.607 rows=391666 loops=1)
                          Filter: (production_year > 2010)
                          Rows Removed by Filter: 2136646
Planning time: 3.537 ms
Execution time: 5789.506 ms
