Hash Join  (cost=102767.86..198101.46 rows=1144041 width=0) (actual time=2555.867..4438.041 rows=967284 loops=1)
  Hash Cond: (mc.movie_id = t.id)
  ->  Seq Scan on movie_companies mc  (cost=0.00..57926.93 rows=1144041 width=4) (actual time=519.649..1172.476 rows=967284 loops=1)
        Filter: ((company_id < 85905) AND (company_type_id > 1))
        Rows Removed by Filter: 1641845
  ->  Hash  (cost=61283.27..61283.27 rows=2528527 width=4) (actual time=2034.998..2034.998 rows=2528312 loops=1)
        Buckets: 131072  Batches: 64  Memory Usage: 2415kB
        ->  Seq Scan on title t  (cost=0.00..61283.27 rows=2528527 width=4) (actual time=0.015..1181.867 rows=2528312 loops=1)
Planning time: 0.793 ms
Execution time: 4549.733 ms
