Hash Join  (cost=96369.35..483146.43 rows=1121995 width=0) (actual time=2750.804..8896.543 rows=763270 loops=1)
  Hash Cond: (mi.movie_id = t.id)
  ->  Seq Scan on movie_info mi  (cost=0.00..346232.03 rows=2073893 width=4) (actual time=784.533..5375.227 rows=2091068 loops=1)
        Filter: (info_type_id < 3)
        Rows Removed by Filter: 12744652
  ->  Hash  (cost=73925.90..73925.90 rows=1367956 width=4) (actual time=1965.332..1965.332 rows=1492937 loops=1)
        Buckets: 131072  Batches: 32  Memory Usage: 2681kB
        ->  Seq Scan on title t  (cost=0.00..73925.90 rows=1367956 width=4) (actual time=0.028..1466.492 rows=1492937 loops=1)
              Filter: ((kind_id > 1) AND (production_year > 1985))
              Rows Removed by Filter: 1035375
Planning time: 0.832 ms
Execution time: 8981.312 ms
