Hash Join  (cost=74621.78..442522.79 rows=324508 width=0) (actual time=1617.536..10206.232 rows=546908 loops=1)
  Hash Cond: (mi.movie_id = t.id)
  ->  Seq Scan on movie_info mi  (cost=0.00..309384.22 rows=14739122 width=4) (actual time=0.023..4413.071 rows=14835720 loops=1)
  ->  Hash  (cost=73925.90..73925.90 rows=55670 width=4) (actual time=1209.578..1209.578 rows=60828 loops=1)
        Buckets: 65536  Batches: 1  Memory Usage: 2651kB
        ->  Seq Scan on title t  (cost=0.00..73925.90 rows=55670 width=4) (actual time=0.027..1184.858 rows=60828 loops=1)
              Filter: ((production_year < 2007) AND (kind_id = 2))
              Rows Removed by Filter: 2467484
Planning time: 0.806 ms
Execution time: 10275.566 ms
