Seq Scan on title t  (cost=0.00..73925.90 rows=1407161 width=0) (actual time=0.023..1293.616 rows=1478384 loops=1)
  Filter: ((production_year > 1945) AND (kind_id = 7))
  Rows Removed by Filter: 1049928
Planning time: 0.359 ms
Execution time: 1490.956 ms
