Hash Join  (cost=628733.49..2258223.88 rows=35947510 width=0) (actual time=18480.102..103838.854 rows=208674330 loops=1)
  Hash Cond: (ci.movie_id = t.id)
  ->  Seq Scan on cast_info ci  (cost=0.00..614943.12 rows=36225612 width=4) (actual time=0.024..13618.748 rows=36244344 loops=1)
  ->  Hash  (cost=587567.54..587567.54 rows=2509116 width=8) (actual time=18477.286..18477.286 rows=6210534 loops=1)
        Buckets: 131072 (originally 131072)  Batches: 128 (originally 64)  Memory Usage: 3073kB
        ->  Hash Join  (cost=80988.46..587567.54 rows=2509116 width=8) (actual time=1311.986..16493.831 rows=6210534 loops=1)
              Hash Cond: (mi.movie_id = t.id)
              ->  Seq Scan on movie_info mi  (cost=0.00..309384.22 rows=14739122 width=4) (actual time=0.023..5774.172 rows=14835720 loops=1)
              ->  Hash  (cost=73925.90..73925.90 rows=430444 width=4) (actual time=1311.063..1311.063 rows=527346 loops=1)
                    Buckets: 131072  Batches: 8  Memory Usage: 3362kB
                    ->  Seq Scan on title t  (cost=0.00..73925.90 rows=430444 width=4) (actual time=0.016..1139.622 rows=527346 loops=1)
                          Filter: ((kind_id < 4) AND (production_year < 2004))
                          Rows Removed by Filter: 2000966
Planning time: 1.204 ms
Execution time: 126520.161 ms
