Seq Scan on movie_keyword mk  (cost=0.00..81003.12 rows=246 width=0) (actual time=3.459..1248.421 rows=502 loops=1)
  Filter: (keyword_id = 997)
  Rows Removed by Filter: 4523428
Planning time: 0.390 ms
Execution time: 1248.740 ms
