Seq Scan on movie_companies mc  (cost=0.00..57926.93 rows=559987 width=0) (actual time=0.027..911.197 rows=343804 loops=1)
  Filter: ((company_id < 7288) AND (company_type_id = 2))
  Rows Removed by Filter: 2265325
Planning time: 0.366 ms
Execution time: 953.534 ms
