Nested Loop  (cost=0.43..130424.86 rows=430 width=0) (actual time=1.142..1573.826 rows=289 loops=1)
  ->  Seq Scan on movie_keyword mk  (cost=0.00..81003.12 rows=7087 width=4) (actual time=0.395..1350.067 rows=7495 loops=1)
        Filter: (keyword_id = 889)
        Rows Removed by Filter: 4516435
  ->  Index Scan using title_pkey on title t  (cost=0.43..6.96 rows=1 width=4) (actual time=0.029..0.029 rows=0 loops=7495)
        Index Cond: (id = mk.movie_id)
        Filter: ((kind_id < 7) AND (production_year > 2010))
        Rows Removed by Filter: 1
Planning time: 2.317 ms
Execution time: 1574.145 ms
