Hash Join  (cost=125475.38..212705.93 rows=57251 width=0) (actual time=2308.693..4172.031 rows=321050 loops=1)
  Hash Cond: (mk.movie_id = t.id)
  ->  Seq Scan on movie_keyword mk  (cost=0.00..69693.30 rows=4523930 width=4) (actual time=0.022..954.212 rows=4523930 loops=1)
  ->  Hash  (cost=125075.40..125075.40 rows=31999 width=8) (actual time=2307.747..2307.747 rows=29480 loops=1)
        Buckets: 32768  Batches: 1  Memory Usage: 1408kB
        ->  Hash Join  (cost=68365.25..125075.40 rows=31999 width=8) (actual time=1405.943..2296.954 rows=29480 loops=1)
              Hash Cond: (mc.movie_id = t.id)
              ->  Seq Scan on movie_companies mc  (cost=0.00..51404.11 rows=1329612 width=4) (actual time=372.155..895.855 rows=1334883 loops=1)
                    Filter: (company_type_id > 1)
                    Rows Removed by Filter: 1274246
              ->  Hash  (cost=67604.59..67604.59 rows=60853 width=4) (actual time=1033.265..1033.265 rows=62568 loops=1)
                    Buckets: 65536  Batches: 1  Memory Usage: 2712kB
                    ->  Seq Scan on title t  (cost=0.00..67604.59 rows=60853 width=4) (actual time=0.026..1007.119 rows=62568 loops=1)
                          Filter: (production_year = 2002)
                          Rows Removed by Filter: 2465744
Planning time: 1.134 ms
Execution time: 4211.468 ms
