Seq Scan on movie_keyword mk  (cost=0.00..81003.12 rows=734309 width=0) (actual time=0.014..1303.020 rows=742258 loops=1)
  Filter: (keyword_id > 25300)
  Rows Removed by Filter: 3781672
Planning time: 0.204 ms
Execution time: 1398.206 ms
