Hash Join  (cost=79605.72..951034.04 rows=1742145 width=0) (actual time=8427.489..21896.969 rows=1070968 loops=1)
  Hash Cond: (ci.movie_id = t.id)
  ->  Seq Scan on cast_info ci  (cost=0.00..705507.15 rows=12726058 width=4) (actual time=6982.354..14630.220 rows=12670688 loops=1)
        Filter: (role_id < 2)
        Rows Removed by Filter: 23573656
  ->  Hash  (cost=73925.90..73925.90 rows=346145 width=4) (actual time=1443.879..1443.879 rows=208615 loops=1)
        Buckets: 131072  Batches: 8  Memory Usage: 1935kB
        ->  Seq Scan on title t  (cost=0.00..73925.90 rows=346145 width=4) (actual time=0.041..1370.965 rows=208615 loops=1)
              Filter: ((kind_id > 1) AND (production_year < 1977))
              Rows Removed by Filter: 2319697
Planning time: 0.724 ms
Execution time: 22034.219 ms
