Hash Join  (cost=941012.51..1099417.34 rows=667123 width=0) (actual time=25173.379..27047.492 rows=670441 loops=1)
  Hash Cond: (mk.movie_id = t.id)
  ->  Seq Scan on movie_keyword mk  (cost=0.00..69693.30 rows=4523930 width=4) (actual time=0.025..1284.672 rows=4523930 loops=1)
  ->  Hash  (cost=934894.64..934894.64 rows=372870 width=8) (actual time=23962.312..23962.312 rows=359625 loops=1)
        Buckets: 131072  Batches: 8  Memory Usage: 2770kB
        ->  Hash Join  (cost=74657.14..934894.64 rows=372870 width=8) (actual time=1201.484..23318.311 rows=359625 loops=1)
              Hash Cond: (ci.movie_id = t.id)
              ->  Seq Scan on cast_info ci  (cost=0.00..796071.18 rows=16116697 width=4) (actual time=0.015..17240.907 rows=15907530 loops=1)
                    Filter: ((person_id < 4023967) AND (role_id > 2))
                    Rows Removed by Filter: 20336814
              ->  Hash  (cost=73925.90..73925.90 rows=58499 width=4) (actual time=1200.603..1200.603 rows=62752 loops=1)
                    Buckets: 65536  Batches: 1  Memory Usage: 2719kB
                    ->  Seq Scan on title t  (cost=0.00..73925.90 rows=58499 width=4) (actual time=103.738..1176.419 rows=62752 loops=1)
                          Filter: ((kind_id = 7) AND (production_year = 2005))
                          Rows Removed by Filter: 2465560
Planning time: 1.177 ms
Execution time: 27111.320 ms
