Hash Join  (cost=89192.22..135598.27 rows=507857 width=0) (actual time=1624.647..3117.126 rows=939326 loops=1)
  Hash Cond: (mi_idx.movie_id = t.id)
  ->  Seq Scan on movie_info_idx mi_idx  (cost=0.00..21735.35 rows=1380035 width=4) (actual time=0.017..475.094 rows=1380035 loops=1)
  ->  Hash  (cost=73925.90..73925.90 rows=930505 width=4) (actual time=1623.624..1623.624 rows=899914 loops=1)
        Buckets: 131072  Batches: 16  Memory Usage: 3002kB
        ->  Seq Scan on title t  (cost=0.00..73925.90 rows=930505 width=4) (actual time=0.023..1348.277 rows=899914 loops=1)
              Filter: ((kind_id < 7) AND (production_year > 1917))
              Rows Removed by Filter: 1628398
Planning time: 0.713 ms
Execution time: 3209.988 ms
