Hash Join  (cost=560448.63..1481397.41 rows=1909019 width=0) (actual time=18793.537..31984.827 rows=1322812 loops=1)
  Hash Cond: (ci.movie_id = t.id)
  ->  Seq Scan on cast_info ci  (cost=0.00..705507.15 rows=12726058 width=4) (actual time=6257.414..14141.271 rows=12670688 loops=1)
        Filter: (role_id = 1)
        Rows Removed by Filter: 23573656
  ->  Hash  (cost=554225.37..554225.37 rows=379301 width=8) (actual time=12535.243..12535.243 rows=181698 loops=1)
        Buckets: 131072  Batches: 8  Memory Usage: 1884kB
        ->  Hash Join  (cost=75342.47..554225.37 rows=379301 width=8) (actual time=1309.943..12469.123 rows=181698 loops=1)
              Hash Cond: (mi.movie_id = t.id)
              ->  Seq Scan on movie_info mi  (cost=0.00..346232.03 rows=11115165 width=4) (actual time=0.016..7385.622 rows=11210743 loops=1)
                    Filter: (info_type_id > 3)
                    Rows Removed by Filter: 3624977
              ->  Hash  (cost=73925.90..73925.90 rows=86285 width=4) (actual time=1249.993..1249.993 rows=92628 loops=1)
                    Buckets: 131072  Batches: 2  Memory Usage: 2659kB
                    ->  Seq Scan on title t  (cost=0.00..73925.90 rows=86285 width=4) (actual time=0.021..1213.939 rows=92628 loops=1)
                          Filter: ((kind_id = 7) AND (production_year = 2010))
                          Rows Removed by Filter: 2435684
Planning time: 1.152 ms
Execution time: 32123.150 ms
