Hash Join  (cost=73994.33..791226.92 rows=6730 width=0) (actual time=6007.032..12505.521 rows=13382 loops=1)
  Hash Cond: (ci.movie_id = t.id)
  ->  Seq Scan on cast_info ci  (cost=0.00..705507.15 rows=3108836 width=4) (actual time=2813.538..10764.988 rows=3017560 loops=1)
        Filter: (person_id < 293015)
        Rows Removed by Filter: 33226784
  ->  Hash  (cost=73925.90..73925.90 rows=5474 width=4) (actual time=1077.831..1077.831 rows=9371 loops=1)
        Buckets: 16384 (originally 8192)  Batches: 1 (originally 1)  Memory Usage: 458kB
        ->  Seq Scan on title t  (cost=0.00..73925.90 rows=5474 width=4) (actual time=0.522..1073.137 rows=9371 loops=1)
              Filter: ((kind_id > 1) AND (production_year = 1972))
              Rows Removed by Filter: 2518941
Planning time: 0.875 ms
Execution time: 12507.907 ms
