Seq Scan on movie_keyword mk  (cost=0.00..81003.12 rows=246 width=0) (actual time=161.957..1422.129 rows=10 loops=1)
  Filter: (keyword_id = 67032)
  Rows Removed by Filter: 4523920
Planning time: 0.578 ms
Execution time: 1422.220 ms
