Hash Join  (cost=102767.86..1191760.85 rows=11762819 width=0) (actual time=4305.049..28500.308 rows=10725237 loops=1)
  Hash Cond: (ci.movie_id = t.id)
  ->  Seq Scan on cast_info ci  (cost=0.00..796071.18 rows=11762819 width=4) (actual time=2283.630..16823.215 rows=10725237 loops=1)
        Filter: ((person_id > 259232) AND (role_id = 1))
        Rows Removed by Filter: 25519107
  ->  Hash  (cost=61283.27..61283.27 rows=2528527 width=4) (actual time=2019.225..2019.225 rows=2528312 loops=1)
        Buckets: 131072  Batches: 64  Memory Usage: 2415kB
        ->  Seq Scan on title t  (cost=0.00..61283.27 rows=2528527 width=4) (actual time=0.017..1167.253 rows=2528312 loops=1)
Planning time: 0.759 ms
Execution time: 29742.949 ms
