Hash Join  (cost=52284.99..79196.04 rows=57 width=0) (actual time=1322.061..1414.840 rows=3 loops=1)
  Hash Cond: (mi_idx.movie_id = t.id)
  ->  Seq Scan on movie_info_idx mi_idx  (cost=0.00..21735.35 rows=1380035 width=4) (actual time=0.023..304.471 rows=1380035 loops=1)
  ->  Hash  (cost=52283.69..52283.69 rows=104 width=8) (actual time=869.602..869.602 rows=5 loops=1)
        Buckets: 1024  Batches: 1  Memory Usage: 9kB
        ->  Nested Loop  (cost=0.43..52283.69 rows=104 width=8) (actual time=377.532..869.586 rows=5 loops=1)
              ->  Seq Scan on movie_companies mc  (cost=0.00..51404.11 rows=104 width=4) (actual time=377.434..869.261 rows=5 loops=1)
                    Filter: (company_id = 135685)
                    Rows Removed by Filter: 2609124
              ->  Index Only Scan using title_pkey on title t  (cost=0.43..8.45 rows=1 width=4) (actual time=0.054..0.055 rows=1 loops=5)
                    Index Cond: (id = mc.movie_id)
                    Heap Fetches: 5
Planning time: 1.192 ms
Execution time: 1414.924 ms
