Hash Join  (cost=102767.86..991296.13 rows=3431821 width=0) (actual time=6129.417..45494.466 rows=1717344 loops=1)
  Hash Cond: (ci.movie_id = t.id)
  ->  Seq Scan on cast_info ci  (cost=0.00..796071.18 rows=3431821 width=4) (actual time=439.853..37484.795 rows=1717344 loops=1)
        Filter: ((person_id < 1292229) AND (role_id > 4))
        Rows Removed by Filter: 34527000
  ->  Hash  (cost=61283.27..61283.27 rows=2528527 width=4) (actual time=5687.565..5687.565 rows=2528312 loops=1)
        Buckets: 131072  Batches: 64  Memory Usage: 2415kB
        ->  Seq Scan on title t  (cost=0.00..61283.27 rows=2528527 width=4) (actual time=0.023..4132.319 rows=2528312 loops=1)
Planning time: 0.769 ms
Execution time: 45717.447 ms
