Hash Join  (cost=94666.80..695489.68 rows=9614905 width=0) (actual time=1932.353..18310.727 rows=8453678 loops=1)
  Hash Cond: (mi.movie_id = t.id)
  ->  Seq Scan on movie_info mi  (cost=0.00..309384.22 rows=14739122 width=4) (actual time=0.021..6159.462 rows=14835720 loops=1)
  ->  Hash  (cost=67604.59..67604.59 rows=1649457 width=4) (actual time=1930.931..1930.931 rows=1643514 loops=1)
        Buckets: 131072  Batches: 32  Memory Usage: 2839kB
        ->  Seq Scan on title t  (cost=0.00..67604.59 rows=1649457 width=4) (actual time=0.024..1376.466 rows=1643514 loops=1)
              Filter: (production_year > 1994)
              Rows Removed by Filter: 884798
Planning time: 0.697 ms
Execution time: 19242.937 ms
