Hash Join  (cost=190563.56..245680.37 rows=45129 width=0) (actual time=10378.334..14063.083 rows=86305 loops=1)
  Hash Cond: (mc.movie_id = t.id)
  ->  Seq Scan on movie_companies mc  (cost=0.00..44881.29 rows=2609129 width=4) (actual time=0.014..2637.719 rows=2609129 loops=1)
  ->  Hash  (cost=190016.87..190016.87 rows=43735 width=8) (actual time=10377.913..10377.913 rows=38120 loops=1)
        Buckets: 65536  Batches: 1  Memory Usage: 2002kB
        ->  Hash Join  (cost=101224.08..190016.87 rows=43735 width=8) (actual time=6127.090..10350.209 rows=38120 loops=1)
              Hash Cond: (mk.movie_id = t.id)
              ->  Seq Scan on movie_keyword mk  (cost=0.00..81003.12 rows=66463 width=4) (actual time=0.014..3626.618 rows=67785 loops=1)
                    Filter: (keyword_id < 58)
                    Rows Removed by Filter: 4456145
              ->  Hash  (cost=73925.90..73925.90 rows=1663854 width=4) (actual time=6114.521..6114.521 rows=1774110 loops=1)
                    Buckets: 131072  Batches: 32  Memory Usage: 2984kB
                    ->  Seq Scan on title t  (cost=0.00..73925.90 rows=1663854 width=4) (actual time=0.017..5010.834 rows=1774110 loops=1)
                          Filter: ((kind_id > 1) AND (production_year > 1955))
                          Rows Removed by Filter: 754202
Planning time: 1.132 ms
Execution time: 14080.131 ms
