Hash Join  (cost=68365.25..865233.78 rows=550975 width=0) (actual time=1076.115..21754.797 rows=583825 loops=1)
  Hash Cond: (ci.movie_id = t.id)
  ->  Seq Scan on cast_info ci  (cost=0.00..705507.15 rows=22893767 width=4) (actual time=0.025..13119.441 rows=22777014 loops=1)
        Filter: (person_id < 2325503)
        Rows Removed by Filter: 13467330
  ->  Hash  (cost=67604.59..67604.59 rows=60853 width=4) (actual time=1075.707..1075.707 rows=62568 loops=1)
        Buckets: 65536  Batches: 1  Memory Usage: 2712kB
        ->  Seq Scan on title t  (cost=0.00..67604.59 rows=60853 width=4) (actual time=0.020..1049.871 rows=62568 loops=1)
              Filter: (production_year = 2002)
              Rows Removed by Filter: 2465744
Planning time: 0.757 ms
Execution time: 21837.367 ms
