Hash Join  (cost=451965.26..1520087.86 rows=3340841 width=0) (actual time=8493.594..41731.346 rows=10406865 loops=1)
  Hash Cond: (ci.movie_id = t.id)
  ->  Seq Scan on cast_info ci  (cost=0.00..614943.12 rows=36225612 width=4) (actual time=0.022..13453.407 rows=36244344 loops=1)
  ->  Hash  (cost=448139.40..448139.40 rows=233189 width=8) (actual time=8492.542..8492.542 rows=656154 loops=1)
        Buckets: 131072 (originally 131072)  Batches: 16 (originally 4)  Memory Usage: 3073kB
        ->  Hash Join  (cost=80166.74..448139.40 rows=233189 width=8) (actual time=3646.026..8273.499 rows=656154 loops=1)
              Hash Cond: (mi.movie_id = t.id)
              ->  Seq Scan on movie_info mi  (cost=0.00..346232.03 rows=1550064 width=4) (actual time=2180.441..5773.074 rows=1533909 loops=1)
                    Filter: (info_type_id = 3)
                    Rows Removed by Filter: 13301811
              ->  Hash  (cost=73925.90..73925.90 rows=380387 width=4) (actual time=1464.640..1464.640 rows=484820 loops=1)
                    Buckets: 131072  Batches: 8  Memory Usage: 3174kB
                    ->  Seq Scan on title t  (cost=0.00..73925.90 rows=380387 width=4) (actual time=0.034..1304.640 rows=484820 loops=1)
                          Filter: ((kind_id < 7) AND (production_year < 1999))
                          Rows Removed by Filter: 2043492
Planning time: 1.146 ms
Execution time: 42909.036 ms
