Hash Join  (cost=634946.67..2295032.11 rows=38925818 width=0) (actual time=17592.690..92284.939 rows=154048318 loops=1)
  Hash Cond: (ci.movie_id = t.id)
  ->  Seq Scan on cast_info ci  (cost=0.00..614943.12 rows=36225612 width=4) (actual time=0.020..13942.798 rows=36244344 loops=1)
  ->  Hash  (cost=590370.17..590370.17 rows=2717000 width=8) (actual time=17590.976..17590.976 rows=4230426 loops=1)
        Buckets: 131072  Batches: 64  Memory Usage: 3601kB
        ->  Hash Join  (cost=81573.24..590370.17 rows=2717000 width=8) (actual time=1339.759..15729.565 rows=4230426 loops=1)
              Hash Cond: (mi.movie_id = t.id)
              ->  Seq Scan on movie_info mi  (cost=0.00..309384.22 rows=14739122 width=4) (actual time=0.014..5751.851 rows=14835720 loops=1)
              ->  Hash  (cost=73925.90..73925.90 rows=466107 width=4) (actual time=1329.826..1329.826 rows=396359 loops=1)
                    Buckets: 131072  Batches: 8  Memory Usage: 2769kB
                    ->  Seq Scan on title t  (cost=0.00..73925.90 rows=466107 width=4) (actual time=0.047..1201.890 rows=396359 loops=1)
                          Filter: ((kind_id < 7) AND (production_year > 2003))
                          Rows Removed by Filter: 2131953
Planning time: 1.134 ms
Execution time: 110499.737 ms
