Seq Scan on cast_info ci  (cost=0.00..796071.18 rows=775002 width=0) (actual time=8344.098..11712.588 rows=3584947 loops=1)
  Filter: ((person_id > 3412383) AND (role_id > 6))
  Rows Removed by Filter: 32659397
Planning time: 0.338 ms
Execution time: 12164.923 ms
