Hash Join  (cost=144917.87..499554.23 rows=62723 width=0) (actual time=8963.869..27025.589 rows=518645 loops=1)
  Hash Cond: (mi.movie_id = t.id)
  ->  Seq Scan on movie_info mi  (cost=0.00..346232.03 rows=2073893 width=4) (actual time=272.834..16931.312 rows=2091068 loops=1)
        Filter: (info_type_id < 3)
        Rows Removed by Filter: 12744652
  ->  Hash  (cost=143961.96..143961.96 rows=76473 width=8) (actual time=8689.967..8689.967 rows=284540 loops=1)
        Buckets: 131072 (originally 131072)  Batches: 4 (originally 1)  Memory Usage: 3832kB
        ->  Hash Join  (cost=76405.93..143961.96 rows=76473 width=8) (actual time=4323.594..8576.537 rows=284540 loops=1)
              Hash Cond: (mc.movie_id = t.id)
              ->  Seq Scan on movie_companies mc  (cost=0.00..51404.11 rows=1279517 width=4) (actual time=0.029..3365.132 rows=1274246 loops=1)
                    Filter: (company_type_id < 2)
                    Rows Removed by Filter: 1334883
              ->  Hash  (cost=73925.90..73925.90 rows=151122 width=4) (actual time=4321.905..4321.905 rows=251875 loops=1)
                    Buckets: 131072 (originally 131072)  Batches: 4 (originally 2)  Memory Usage: 3239kB
                    ->  Seq Scan on title t  (cost=0.00..73925.90 rows=151122 width=4) (actual time=0.111..4199.360 rows=251875 loops=1)
                          Filter: ((kind_id < 7) AND (production_year < 1971))
                          Rows Removed by Filter: 2276437
Planning time: 1.122 ms
Execution time: 27098.145 ms
