Seq Scan on movie_companies mc  (cost=0.00..57926.93 rows=515231 width=0) (actual time=0.024..956.799 rows=826339 loops=1)
  Filter: ((company_id > 15985) AND (company_type_id = 2))
  Rows Removed by Filter: 1782790
Planning time: 0.363 ms
Execution time: 1061.838 ms
