Seq Scan on movie_keyword mk  (cost=0.00..81003.12 rows=1187692 width=0) (actual time=0.024..3322.762 rows=1193278 loops=1)
  Filter: (keyword_id < 1444)
  Rows Removed by Filter: 3330652
Planning time: 0.313 ms
Execution time: 3523.847 ms
