Hash Join  (cost=74050.79..214593.54 rows=687143 width=0) (actual time=3749.562..11696.804 rows=292918 loops=1)
  Hash Cond: (mk.movie_id = t.id)
  ->  Seq Scan on movie_keyword mk  (cost=0.00..81003.12 rows=4422187 width=4) (actual time=0.018..5062.448 rows=4407784 loops=1)
        Filter: (keyword_id > 110)
        Rows Removed by Filter: 116146
  ->  Hash  (cost=67604.59..67604.59 rows=392896 width=4) (actual time=3748.650..3748.650 rows=391666 loops=1)
        Buckets: 131072  Batches: 8  Memory Usage: 2759kB
        ->  Seq Scan on title t  (cost=0.00..67604.59 rows=392896 width=4) (actual time=0.025..3556.489 rows=391666 loops=1)
              Filter: (production_year > 2010)
              Rows Removed by Filter: 2136646
Planning time: 0.828 ms
Execution time: 11737.746 ms
