Hash Join  (cost=75230.78..151411.75 rows=82045 width=0) (actual time=3765.250..8048.977 rows=167035 loops=1)
  Hash Cond: (mc.movie_id = t.id)
  ->  Seq Scan on movie_companies mc  (cost=0.00..44881.29 rows=2609129 width=4) (actual time=0.026..2965.941 rows=2609129 loops=1)
  ->  Hash  (cost=73925.90..73925.90 rows=79510 width=4) (actual time=3764.372..3764.372 rows=79585 loops=1)
        Buckets: 131072  Batches: 2  Memory Usage: 2426kB
        ->  Seq Scan on title t  (cost=0.00..73925.90 rows=79510 width=4) (actual time=1600.732..3466.415 rows=79585 loops=1)
              Filter: ((production_year > 1978) AND (kind_id = 3))
              Rows Removed by Filter: 2448727
Planning time: 17.836 ms
Execution time: 8075.841 ms
