Seq Scan on movie_keyword mk  (cost=0.00..81003.12 rows=246 width=0) (actual time=631.672..3600.884 rows=2 loops=1)
  Filter: (keyword_id = 94916)
  Rows Removed by Filter: 4523928
Planning time: 4.619 ms
Execution time: 3601.017 ms
