Hash Join  (cost=320900.86..1908048.73 rows=45049767 width=0) (actual time=13385.879..132626.002 rows=152654909 loops=1)
  Hash Cond: (ci.movie_id = t.id)
  ->  Seq Scan on cast_info ci  (cost=0.00..614943.12 rows=36225612 width=4) (actual time=0.013..46647.622 rows=36244344 loops=1)
  ->  Hash  (cost=269312.26..269312.26 rows=3144448 width=8) (actual time=13383.959..13383.959 rows=3132911 loops=1)
        Buckets: 131072  Batches: 64  Memory Usage: 2960kB
        ->  Hash Join  (cost=102767.86..269312.26 rows=3144448 width=8) (actual time=4747.690..12355.955 rows=3132911 loops=1)
              Hash Cond: (mk.movie_id = t.id)
              ->  Seq Scan on movie_keyword mk  (cost=0.00..81003.12 rows=3144448 width=4) (actual time=0.021..4217.824 rows=3132911 loops=1)
                    Filter: (keyword_id > 1877)
                    Rows Removed by Filter: 1391019
              ->  Hash  (cost=61283.27..61283.27 rows=2528527 width=4) (actual time=4743.940..4743.940 rows=2528312 loops=1)
                    Buckets: 131072  Batches: 64  Memory Usage: 2425kB
                    ->  Seq Scan on title t  (cost=0.00..61283.27 rows=2528527 width=4) (actual time=0.013..3596.349 rows=2528312 loops=1)
Planning time: 8.351 ms
Execution time: 153539.689 ms
