Seq Scan on movie_keyword mk  (cost=0.00..81003.12 rows=2008382 width=0) (actual time=0.028..3968.186 rows=2015515 loops=1)
  Filter: (keyword_id > 6167)
  Rows Removed by Filter: 2508415
Planning time: 0.331 ms
Execution time: 4301.678 ms
