Hash Join  (cost=78058.28..179415.41 rows=153632 width=0) (actual time=3151.793..8786.809 rows=484862 loops=1)
  Hash Cond: (mk.movie_id = t.id)
  ->  Seq Scan on movie_keyword mk  (cost=0.00..81003.12 rows=1542316 width=4) (actual time=0.017..4253.180 rows=1556524 loops=1)
        Filter: (keyword_id > 10111)
        Rows Removed by Filter: 2967406
  ->  Hash  (cost=73925.90..73925.90 rows=251870 width=4) (actual time=3151.071..3151.071 rows=365623 loops=1)
        Buckets: 131072 (originally 131072)  Batches: 8 (originally 4)  Memory Usage: 3073kB
        ->  Seq Scan on title t  (cost=0.00..73925.90 rows=251870 width=4) (actual time=0.035..2972.556 rows=365623 loops=1)
              Filter: ((kind_id < 7) AND (production_year < 1988))
              Rows Removed by Filter: 2162689
Planning time: 0.858 ms
Execution time: 8848.115 ms
