Hash Join  (cost=80355.62..113164.21 rows=72003 width=0) (actual time=3438.982..5032.377 rows=94491 loops=1)
  Hash Cond: (mi_idx.movie_id = t.id)
  ->  Seq Scan on movie_info_idx mi_idx  (cost=0.00..25185.44 rows=464566 width=4) (actual time=0.016..1241.539 rows=459925 loops=1)
        Filter: (info_type_id = 101)
        Rows Removed by Filter: 920110
  ->  Hash  (cost=73925.90..73925.90 rows=391897 width=4) (actual time=3438.071..3438.071 rows=289693 loops=1)
        Buckets: 131072  Batches: 8  Memory Usage: 2301kB
        ->  Seq Scan on title t  (cost=0.00..73925.90 rows=391897 width=4) (actual time=881.275..3318.574 rows=289693 loops=1)
              Filter: ((production_year > 1998) AND (kind_id = 1))
              Rows Removed by Filter: 2238619
Planning time: 0.844 ms
Execution time: 5045.446 ms
