Hash Join  (cost=138647.91..217193.31 rows=253587 width=0) (actual time=2828.010..4954.744 rows=291661 loops=1)
  Hash Cond: (mc.movie_id = t.id)
  ->  Seq Scan on movie_companies mc  (cost=0.00..44881.29 rows=2609129 width=4) (actual time=0.008..923.123 rows=2609129 loops=1)
  ->  Hash  (cost=134616.00..134616.00 rows=245753 width=8) (actual time=2827.343..2827.343 rows=139414 loops=1)
        Buckets: 131072  Batches: 4  Memory Usage: 2383kB
        ->  Hash Join  (cost=96376.07..134616.00 rows=245753 width=8) (actual time=1899.041..2785.536 rows=139414 loops=1)
              Hash Cond: (mi_idx.movie_id = t.id)
              ->  Seq Scan on movie_info_idx mi_idx  (cost=0.00..25185.44 rows=454124 width=4) (actual time=0.012..514.138 rows=459925 loops=1)
                    Filter: (info_type_id = 100)
                    Rows Removed by Filter: 920110
              ->  Hash  (cost=73925.90..73925.90 rows=1368333 width=4) (actual time=1770.836..1770.836 rows=1444787 loops=1)
                    Buckets: 131072  Batches: 32  Memory Usage: 2613kB
                    ->  Seq Scan on title t  (cost=0.00..73925.90 rows=1368333 width=4) (actual time=0.020..1310.300 rows=1444787 loops=1)
                          Filter: ((production_year > 1957) AND (kind_id = 7))
                          Rows Removed by Filter: 1083525
Planning time: 0.795 ms
Execution time: 4990.350 ms
