Hash Join  (cost=201929.67..340821.32 rows=1386262 width=0) (actual time=11762.946..22045.241 rows=6580541 loops=1)
  Hash Cond: (mk.movie_id = t.id)
  ->  Seq Scan on movie_keyword mk  (cost=0.00..69693.30 rows=4523930 width=4) (actual time=0.020..5050.917 rows=4523930 loops=1)
  ->  Hash  (cost=189217.50..189217.50 rows=774813 width=8) (actual time=11761.726..11761.726 rows=994803 loops=1)
        Buckets: 131072  Batches: 16  Memory Usage: 3470kB
        ->  Hash Join  (cost=102767.86..189217.50 rows=774813 width=8) (actual time=6526.691..10813.783 rows=994803 loops=1)
              Hash Cond: (mc.movie_id = t.id)
              ->  Seq Scan on movie_companies mc  (cost=0.00..57926.93 rows=774813 width=4) (actual time=397.036..3133.217 rows=994803 loops=1)
                    Filter: ((company_id > 6978) AND (company_type_id = 2))
                    Rows Removed by Filter: 1614326
              ->  Hash  (cost=61283.27..61283.27 rows=2528527 width=4) (actual time=6128.405..6128.405 rows=2528312 loops=1)
                    Buckets: 131072  Batches: 64  Memory Usage: 2415kB
                    ->  Seq Scan on title t  (cost=0.00..61283.27 rows=2528527 width=4) (actual time=0.015..4450.726 rows=2528312 loops=1)
Planning time: 3.713 ms
Execution time: 22992.654 ms
