Hash Join  (cost=102767.86..198316.60 rows=1152973 width=0) (actual time=5227.103..9814.053 rows=983840 loops=1)
  Hash Cond: (mc.movie_id = t.id)
  ->  Seq Scan on movie_companies mc  (cost=0.00..57926.93 rows=1152973 width=4) (actual time=0.017..3189.330 rows=983840 loops=1)
        Filter: ((company_id < 88171) AND (company_type_id = 2))
        Rows Removed by Filter: 1625289
  ->  Hash  (cost=61283.27..61283.27 rows=2528527 width=4) (actual time=5225.475..5225.475 rows=2528312 loops=1)
        Buckets: 131072  Batches: 64  Memory Usage: 2415kB
        ->  Seq Scan on title t  (cost=0.00..61283.27 rows=2528527 width=4) (actual time=0.016..4032.584 rows=2528312 loops=1)
Planning time: 0.732 ms
Execution time: 9950.116 ms
