Seq Scan on movie_keyword mk  (cost=0.00..81003.12 rows=246 width=0) (actual time=1.182..3839.969 rows=335 loops=1)
  Filter: (keyword_id = 3939)
  Rows Removed by Filter: 4523595
Planning time: 8.336 ms
Execution time: 3840.296 ms
