Hash Join  (cost=260676.04..865558.07 rows=9995324 width=0) (actual time=15251.374..42813.545 rows=4268908 loops=1)
  Hash Cond: (mi.movie_id = t.id)
  ->  Seq Scan on movie_info mi  (cost=0.00..309384.22 rows=14739122 width=4) (actual time=0.019..19719.246 rows=14835720 loops=1)
  ->  Hash  (cost=232543.06..232543.06 rows=1714718 width=8) (actual time=12327.493..12327.493 rows=425562 loops=1)
        Buckets: 131072  Batches: 32  Memory Usage: 1568kB
        ->  Hash Join  (cost=89649.84..232543.06 rows=1714718 width=8) (actual time=5613.961..12157.527 rows=425562 loops=1)
              Hash Cond: (mk.movie_id = t.id)
              ->  Seq Scan on movie_keyword mk  (cost=0.00..69693.30 rows=4523930 width=4) (actual time=0.007..4498.359 rows=4523930 loops=1)
              ->  Hash  (cost=73925.90..73925.90 rows=958395 width=4) (actual time=4615.125..4615.125 rows=1050192 loops=1)
                    Buckets: 131072  Batches: 16  Memory Usage: 3346kB
                    ->  Seq Scan on title t  (cost=0.00..73925.90 rows=958395 width=4) (actual time=145.149..4181.930 rows=1050192 loops=1)
                          Filter: ((production_year > 1996) AND (kind_id = 7))
                          Rows Removed by Filter: 1478120
Planning time: 1.058 ms
Execution time: 43458.293 ms
