Hash Join  (cost=798791.46..885455.30 rows=580 width=0) (actual time=40446.166..43562.426 rows=38 loops=1)
  Hash Cond: (mk.movie_id = t.id)
  ->  Seq Scan on movie_keyword mk  (cost=0.00..69693.30 rows=4523930 width=4) (actual time=0.010..2900.203 rows=4523930 loops=1)
  ->  Hash  (cost=798787.41..798787.41 rows=324 width=8) (actual time=39642.448..39642.448 rows=1070 loops=1)
        Buckets: 2048 (originally 1024)  Batches: 1 (originally 1)  Memory Usage: 58kB
        ->  Nested Loop  (cost=0.43..798787.41 rows=324 width=8) (actual time=708.880..39641.866 rows=1070 loops=1)
              ->  Seq Scan on cast_info ci  (cost=0.00..796071.18 rows=324 width=4) (actual time=708.795..39566.847 rows=1070 loops=1)
                    Filter: ((role_id > 1) AND (person_id = 2361323))
                    Rows Removed by Filter: 36243274
              ->  Index Only Scan using title_pkey on title t  (cost=0.43..8.37 rows=1 width=4) (actual time=0.069..0.069 rows=1 loops=1070)
                    Index Cond: (id = ci.movie_id)
                    Heap Fetches: 1070
Planning time: 1.190 ms
Execution time: 43562.545 ms
