Seq Scan on movie_keyword mk  (cost=0.00..81003.12 rows=1423434 width=0) (actual time=0.020..4226.643 rows=1438169 loops=1)
  Filter: (keyword_id < 2003)
  Rows Removed by Filter: 3085761
Planning time: 0.312 ms
Execution time: 4500.235 ms
