Hash Join  (cost=118855.09..481646.21 rows=55958 width=0) (actual time=13219.066..24373.001 rows=183453 loops=1)
  Hash Cond: (mi.movie_id = t.id)
  ->  Seq Scan on movie_info mi  (cost=0.00..346232.03 rows=1348138 width=4) (actual time=6344.970..17501.681 rows=1298989 loops=1)
        Filter: (info_type_id = 4)
        Rows Removed by Filter: 13536731
  ->  Hash  (cost=117133.18..117133.18 rows=104953 width=8) (actual time=6006.423..6006.423 rows=164677 loops=1)
        Buckets: 131072 (originally 131072)  Batches: 4 (originally 2)  Memory Usage: 3073kB
        ->  Hash Join  (cost=83290.71..117133.18 rows=104953 width=8) (actual time=3805.339..5941.268 rows=164677 loops=1)
              Hash Cond: (mi_idx.movie_id = t.id)
              ->  Seq Scan on movie_info_idx mi_idx  (cost=0.00..25185.44 rows=464934 width=4) (actual time=0.033..1733.235 rows=460185 loops=1)
                    Filter: (info_type_id > 100)
                    Rows Removed by Filter: 919850
              ->  Hash  (cost=73925.90..73925.90 rows=570784 width=4) (actual time=3755.946..3755.946 rows=450312 loops=1)
                    Buckets: 131072  Batches: 8  Memory Usage: 3016kB
                    ->  Seq Scan on title t  (cost=0.00..73925.90 rows=570784 width=4) (actual time=697.526..3544.321 rows=450312 loops=1)
                          Filter: ((production_year > 1964) AND (kind_id = 1))
                          Rows Removed by Filter: 2078000
Planning time: 1.183 ms
Execution time: 24400.188 ms
