Seq Scan on title t  (cost=0.00..73925.90 rows=2905 width=0) (actual time=0.575..1012.144 rows=1826 loops=1)
  Filter: ((kind_id < 7) AND (production_year = 1944))
  Rows Removed by Filter: 2526486
Planning time: 0.524 ms
Execution time: 1012.751 ms
