Seq Scan on title t  (cost=0.00..73925.90 rows=2905 width=0) (actual time=0.026..2842.270 rows=5861 loops=1)
  Filter: ((kind_id < 7) AND (production_year = 1969))
  Rows Removed by Filter: 2522451
Planning time: 0.418 ms
Execution time: 2843.724 ms
