Hash Join  (cost=102767.86..263753.16 rows=2913365 width=0) (actual time=5196.699..13663.349 rows=2901616 loops=1)
  Hash Cond: (mk.movie_id = t.id)
  ->  Seq Scan on movie_keyword mk  (cost=0.00..81003.12 rows=2913365 width=4) (actual time=0.028..5166.899 rows=2901616 loops=1)
        Filter: (keyword_id < 9259)
        Rows Removed by Filter: 1622314
  ->  Hash  (cost=61283.27..61283.27 rows=2528527 width=4) (actual time=5186.389..5186.389 rows=2528312 loops=1)
        Buckets: 131072  Batches: 64  Memory Usage: 2425kB
        ->  Seq Scan on title t  (cost=0.00..61283.27 rows=2528527 width=4) (actual time=0.021..4017.421 rows=2528312 loops=1)
Planning time: 10.457 ms
Execution time: 14117.107 ms
