Hash Join  (cost=102767.86..872617.14 rows=2263393 width=0) (actual time=6106.096..37591.704 rows=2208505 loops=1)
  Hash Cond: (ci.movie_id = t.id)
  ->  Seq Scan on cast_info ci  (cost=0.00..705507.15 rows=2263393 width=4) (actual time=462.868..28570.257 rows=2208505 loops=1)
        Filter: (person_id < 215318)
        Rows Removed by Filter: 34035839
  ->  Hash  (cost=61283.27..61283.27 rows=2528527 width=4) (actual time=5641.069..5641.069 rows=2528312 loops=1)
        Buckets: 131072  Batches: 64  Memory Usage: 2415kB
        ->  Seq Scan on title t  (cost=0.00..61283.27 rows=2528527 width=4) (actual time=0.018..4158.501 rows=2528312 loops=1)
Planning time: 9.819 ms
Execution time: 37909.565 ms
