Seq Scan on movie_keyword mk  (cost=0.00..81003.12 rows=2019109 width=0) (actual time=0.019..3605.996 rows=2023603 loops=1)
  Filter: (keyword_id < 3627)
  Rows Removed by Filter: 2500327
Planning time: 0.353 ms
Execution time: 3915.686 ms
