Hash Join  (cost=52284.99..79196.04 rows=57 width=0) (actual time=2285.129..3733.189 rows=1387 loops=1)
  Hash Cond: (mi_idx.movie_id = t.id)
  ->  Seq Scan on movie_info_idx mi_idx  (cost=0.00..21735.35 rows=1380035 width=4) (actual time=0.014..1175.852 rows=1380035 loops=1)
  ->  Hash  (cost=52283.69..52283.69 rows=104 width=8) (actual time=2209.200..2209.200 rows=494 loops=1)
        Buckets: 1024  Batches: 1  Memory Usage: 28kB
        ->  Nested Loop  (cost=0.43..52283.69 rows=104 width=8) (actual time=1024.397..2208.910 rows=494 loops=1)
              ->  Seq Scan on movie_companies mc  (cost=0.00..51404.11 rows=104 width=4) (actual time=1024.298..2110.210 rows=494 loops=1)
                    Filter: (company_id = 70994)
                    Rows Removed by Filter: 2608635
              ->  Index Only Scan using title_pkey on title t  (cost=0.43..8.45 rows=1 width=4) (actual time=0.198..0.199 rows=1 loops=494)
                    Index Cond: (id = mc.movie_id)
                    Heap Fetches: 494
Planning time: 2.436 ms
Execution time: 3733.488 ms
