Seq Scan on movie_keyword mk  (cost=0.00..81003.12 rows=2504821 width=0) (actual time=0.024..1429.720 rows=2497466 loops=1)
  Filter: (keyword_id > 3627)
  Rows Removed by Filter: 2026464
Planning time: 0.346 ms
Execution time: 1742.351 ms
