Hash Join  (cost=102767.86..964714.22 rows=2327088 width=0) (actual time=5728.625..45145.659 rows=1155600 loops=1)
  Hash Cond: (ci.movie_id = t.id)
  ->  Seq Scan on cast_info ci  (cost=0.00..796071.18 rows=2327088 width=4) (actual time=107.313..37526.765 rows=1155600 loops=1)
        Filter: ((person_id < 864612) AND (role_id > 4))
        Rows Removed by Filter: 35088744
  ->  Hash  (cost=61283.27..61283.27 rows=2528527 width=4) (actual time=5619.865..5619.865 rows=2528312 loops=1)
        Buckets: 131072  Batches: 64  Memory Usage: 2415kB
        ->  Seq Scan on title t  (cost=0.00..61283.27 rows=2528527 width=4) (actual time=0.018..4327.698 rows=2528312 loops=1)
Planning time: 0.785 ms
Execution time: 45299.565 ms
