Hash Join  (cost=190910.82..595640.09 rows=1303940 width=0) (actual time=9819.020..27253.751 rows=617599 loops=1)
  Hash Cond: (mi.movie_id = t.id)
  ->  Seq Scan on movie_info mi  (cost=0.00..346232.03 rows=3623957 width=4) (actual time=812.067..15302.846 rows=3624977 loops=1)
        Filter: (info_type_id < 4)
        Rows Removed by Filter: 11210743
  ->  Hash  (cost=175984.42..175984.42 rows=909792 width=8) (actual time=8997.767..8997.767 rows=438217 loops=1)
        Buckets: 131072  Batches: 16  Memory Usage: 2093kB
        ->  Hash Join  (cost=88391.98..175984.42 rows=909792 width=8) (actual time=4524.156..8852.453 rows=438217 loops=1)
              Hash Cond: (mc.movie_id = t.id)
              ->  Seq Scan on movie_companies mc  (cost=0.00..44881.29 rows=2609129 width=4) (actual time=0.018..2576.669 rows=2609129 loops=1)
              ->  Hash  (cost=73925.90..73925.90 rows=881686 width=4) (actual time=4520.991..4520.991 rows=801513 loops=1)
                    Buckets: 131072  Batches: 16  Memory Usage: 2786kB
                    ->  Seq Scan on title t  (cost=0.00..73925.90 rows=881686 width=4) (actual time=0.018..4102.710 rows=801513 loops=1)
                          Filter: ((production_year < 2006) AND (kind_id = 7))
                          Rows Removed by Filter: 1726799
Planning time: 1.134 ms
Execution time: 27339.128 ms
