Seq Scan on movie_keyword mk  (cost=0.00..81003.12 rows=246 width=0) (actual time=305.309..3607.434 rows=24 loops=1)
  Filter: (keyword_id = 14021)
  Rows Removed by Filter: 4523906
Planning time: 0.405 ms
Execution time: 3607.565 ms
