Hash Join  (cost=190755.30..335505.54 rows=1867121 width=0) (actual time=9338.241..20343.229 rows=10326085 loops=1)
  Hash Cond: (mk.movie_id = t.id)
  ->  Seq Scan on movie_keyword mk  (cost=0.00..69693.30 rows=4523930 width=4) (actual time=0.020..4117.659 rows=4523930 loops=1)
  ->  Hash  (cost=173633.60..173633.60 rows=1043576 width=8) (actual time=9335.627..9335.627 rows=829639 loops=1)
        Buckets: 131072  Batches: 16  Memory Usage: 3074kB
        ->  Hash Join  (cost=84197.31..173633.60 rows=1043576 width=8) (actual time=4833.870..9040.499 rows=829639 loops=1)
              Hash Cond: (mc.movie_id = t.id)
              ->  Seq Scan on movie_companies mc  (cost=0.00..44881.29 rows=2609129 width=4) (actual time=0.022..2232.085 rows=2609129 loops=1)
              ->  Hash  (cost=67604.59..67604.59 rows=1011338 width=4) (actual time=4822.785..4822.785 rows=1012920 loops=1)
                    Buckets: 131072  Batches: 16  Memory Usage: 3250kB
                    ->  Seq Scan on title t  (cost=0.00..67604.59 rows=1011338 width=4) (actual time=0.026..4129.137 rows=1012920 loops=1)
                          Filter: (production_year > 2005)
                          Rows Removed by Filter: 1515392
Planning time: 4.440 ms
Execution time: 21766.105 ms
