Hash Join  (cost=158602.62..284549.39 rows=323773 width=0) (actual time=8792.888..18612.338 rows=3076663 loops=1)
  Hash Cond: (mk.movie_id = t.id)
  ->  Seq Scan on movie_keyword mk  (cost=0.00..69693.30 rows=4523930 width=4) (actual time=0.016..5139.307 rows=4523930 loops=1)
  ->  Hash  (cost=155633.57..155633.57 rows=180964 width=8) (actual time=8792.156..8792.156 rows=443422 loops=1)
        Buckets: 131072 (originally 131072)  Batches: 8 (originally 4)  Memory Usage: 3209kB
        ->  Hash Join  (cost=79863.89..155633.57 rows=180964 width=8) (actual time=4257.883..8623.777 rows=443422 loops=1)
              Hash Cond: (mc.movie_id = t.id)
              ->  Seq Scan on movie_companies mc  (cost=0.00..57926.93 rows=1264294 width=4) (actual time=0.019..3302.150 rows=1312144 loops=1)
                    Filter: ((company_id > 19) AND (company_type_id > 1))
                    Rows Removed by Filter: 1296985
              ->  Hash  (cost=73925.90..73925.90 rows=361919 width=4) (actual time=4256.961..4256.961 rows=470371 loops=1)
                    Buckets: 131072  Batches: 8  Memory Usage: 3103kB
                    ->  Seq Scan on title t  (cost=0.00..73925.90 rows=361919 width=4) (actual time=0.043..4051.555 rows=470371 loops=1)
                          Filter: ((kind_id < 7) AND (production_year < 1998))
                          Rows Removed by Filter: 2057941
Planning time: 1.629 ms
Execution time: 19109.310 ms
