Hash Join  (cost=174731.37..692249.62 rows=3534332 width=0) (actual time=9646.153..46511.326 rows=15195271 loops=1)
  Hash Cond: (mi.movie_id = t.id)
  ->  Seq Scan on movie_info mi  (cost=0.00..309384.22 rows=14739122 width=4) (actual time=0.017..21691.816 rows=14835720 loops=1)
  ->  Hash  (cost=164783.35..164783.35 rows=606322 width=8) (actual time=9644.891..9644.891 rows=707354 loops=1)
        Buckets: 131072 (originally 131072)  Batches: 16 (originally 8)  Memory Usage: 3073kB
        ->  Hash Join  (cost=88359.31..164783.35 rows=606322 width=8) (actual time=5327.710..9384.496 rows=707354 loops=1)
              Hash Cond: (mc.movie_id = t.id)
              ->  Seq Scan on movie_companies mc  (cost=0.00..51404.11 rows=1211921 width=4) (actual time=0.022..2818.966 rows=1222284 loops=1)
                    Filter: (company_id > 11994)
                    Rows Removed by Filter: 1386845
              ->  Hash  (cost=67604.59..67604.59 rows=1265018 width=4) (actual time=5325.944..5325.944 rows=1263700 loops=1)
                    Buckets: 131072  Batches: 32  Memory Usage: 2410kB
                    ->  Seq Scan on title t  (cost=0.00..67604.59 rows=1265018 width=4) (actual time=0.014..4213.267 rows=1263700 loops=1)
                          Filter: (production_year < 2004)
                          Rows Removed by Filter: 1264612
Planning time: 1.197 ms
Execution time: 48693.152 ms
