Seq Scan on movie_companies mc  (cost=0.00..51404.11 rows=2252730 width=0) (actual time=0.017..3209.854 rows=2258452 loops=1)
  Filter: (company_id > 166)
  Rows Removed by Filter: 350677
Planning time: 3.302 ms
Execution time: 3586.618 ms
