Hash Join  (cost=715603.10..2552896.49 rows=60634241 width=0) (actual time=47663.195..214122.583 rows=272542342 loops=1)
  Hash Cond: (ci.movie_id = t.id)
  ->  Seq Scan on cast_info ci  (cost=0.00..705507.15 rows=28310989 width=4) (actual time=0.014..50560.232 rows=28350766 loops=1)
        Filter: (person_id < 2889064)
        Rows Removed by Filter: 7893578
  ->  Hash  (cost=626756.61..626756.61 rows=5415399 width=8) (actual time=47661.237..47661.237 rows=9948436 loops=1)
        Buckets: 131072 (originally 131072)  Batches: 256 (originally 128)  Memory Usage: 4079kB
        ->  Hash Join  (cost=89167.69..626756.61 rows=5415399 width=8) (actual time=5553.538..43791.616 rows=9948436 loops=1)
              Hash Cond: (mi.movie_id = t.id)
              ->  Seq Scan on movie_info mi  (cost=0.00..309384.22 rows=14739122 width=4) (actual time=0.020..22834.847 rows=14835720 loops=1)
              ->  Hash  (cost=73925.90..73925.90 rows=929023 width=4) (actual time=5552.714..5552.714 rows=896133 loops=1)
                    Buckets: 131072  Batches: 16  Memory Usage: 3004kB
                    ->  Seq Scan on title t  (cost=0.00..73925.90 rows=929023 width=4) (actual time=0.014..4491.113 rows=896133 loops=1)
                          Filter: ((kind_id < 7) AND (production_year > 1918))
                          Rows Removed by Filter: 1632179
Planning time: 1.143 ms
Execution time: 253439.724 ms
