Hash Join  (cost=203339.03..955944.01 rows=1027105 width=209) (actual time=15821.954..34170.448 rows=5170248 loops=1)
  Hash Cond: (mi.movie_id = t.id)
  ->  Seq Scan on movie_info mi  (cost=0.00..309384.22 rows=14739122 width=75) (actual time=0.012..7408.868 rows=14835720 loops=1)
  ->  Hash  (cost=197694.50..197694.50 rows=176202 width=134) (actual time=15821.613..15821.613 rows=276309 loops=1)
        Buckets: 32768 (originally 32768)  Batches: 16 (originally 8)  Memory Usage: 3841kB
        ->  Merge Join  (cost=78120.22..197694.50 rows=176202 width=134) (actual time=1461.851..15490.640 rows=276309 loops=1)
              Merge Cond: (t.id = mc.movie_id)
              ->  Index Scan using title_pkey on title t  (cost=0.43..110313.87 rows=2528527 width=94) (actual time=0.006..13169.661 rows=2525668 loops=1)
              ->  Materialize  (cost=78099.68..78980.69 rows=176202 width=40) (actual time=1461.820..1706.722 rows=276309 loops=1)
                    ->  Sort  (cost=78099.68..78540.19 rows=176202 width=40) (actual time=1461.815..1656.239 rows=276309 loops=1)
                          Sort Key: mc.movie_id
                          Sort Method: external merge  Disk: 12976kB
                          ->  Seq Scan on movie_companies mc  (cost=0.00..57926.93 rows=176202 width=40) (actual time=0.027..1172.653 rows=276309 loops=1)
                                Filter: ((company_id < 176) AND (company_type_id < 2))
                                Rows Removed by Filter: 2332820
Planning time: 1.754 ms
Execution time: 34453.951 ms
