Hash Join  (cost=78171.87..156902.86 rows=267047 width=0) (actual time=4070.026..9104.786 rows=343195 loops=1)
  Hash Cond: (mc.movie_id = t.id)
  ->  Seq Scan on movie_companies mc  (cost=0.00..44881.29 rows=2609129 width=4) (actual time=0.026..3448.284 rows=2609129 loops=1)
  ->  Hash  (cost=73925.90..73925.90 rows=258797 width=4) (actual time=4065.078..4065.078 rows=227847 loops=1)
        Buckets: 131072  Batches: 4  Memory Usage: 3032kB
        ->  Seq Scan on title t  (cost=0.00..73925.90 rows=258797 width=4) (actual time=0.015..3940.723 rows=227847 loops=1)
              Filter: ((kind_id < 7) AND (production_year > 2008))
              Rows Removed by Filter: 2300465
Planning time: 1.225 ms
Execution time: 9156.839 ms
