Seq Scan on movie_keyword mk  (cost=0.00..81003.12 rows=246 width=0) (actual time=149.592..2888.165 rows=9 loops=1)
  Filter: (keyword_id = 53990)
  Rows Removed by Filter: 4523921
Planning time: 0.358 ms
Execution time: 2888.261 ms
