Hash Join  (cost=83074.74..815957.44 rows=710 width=0) (actual time=19250.005..44333.295 rows=332 loops=1)
  Hash Cond: (ci.movie_id = t.id)
  ->  Seq Scan on cast_info ci  (cost=0.00..705507.15 rows=7298253 width=4) (actual time=15361.456..39031.975 rows=7451973 loops=1)
        Filter: (role_id = 2)
        Rows Removed by Filter: 28792371
  ->  Hash  (cost=83071.67..83071.67 rows=246 width=8) (actual time=3819.423..3819.423 rows=90 loops=1)
        Buckets: 1024  Batches: 1  Memory Usage: 12kB
        ->  Nested Loop  (cost=0.43..83071.67 rows=246 width=8) (actual time=11.810..3819.317 rows=90 loops=1)
              ->  Seq Scan on movie_keyword mk  (cost=0.00..81003.12 rows=246 width=4) (actual time=11.722..3797.686 rows=90 loops=1)
                    Filter: (keyword_id = 10780)
                    Rows Removed by Filter: 4523840
              ->  Index Only Scan using title_pkey on title t  (cost=0.43..8.40 rows=1 width=4) (actual time=0.235..0.236 rows=1 loops=90)
                    Index Cond: (id = mk.movie_id)
                    Heap Fetches: 90
Planning time: 6.958 ms
Execution time: 44333.568 ms
