Seq Scan on movie_keyword mk  (cost=0.00..81003.12 rows=4194234 width=0) (actual time=0.027..4278.088 rows=4195244 loops=1)
  Filter: (keyword_id < 50165)
  Rows Removed by Filter: 328686
Planning time: 0.405 ms
Execution time: 4979.436 ms
