Hash Join  (cost=58375.53..85263.96 rows=3 width=0) (actual time=2526.628..3800.267 rows=14 loops=1)
  Hash Cond: (mi_idx.movie_id = t.id)
  ->  Seq Scan on movie_info_idx mi_idx  (cost=0.00..25185.44 rows=454124 width=4) (actual time=0.014..1420.377 rows=459925 loops=1)
        Filter: (info_type_id = 100)
        Rows Removed by Filter: 920110
  ->  Hash  (cost=58375.31..58375.31 rows=17 width=8) (actual time=2263.825..2263.825 rows=14 loops=1)
        Buckets: 1024  Batches: 1  Memory Usage: 9kB
        ->  Nested Loop  (cost=0.43..58375.31 rows=17 width=8) (actual time=24.852..2263.805 rows=14 loops=1)
              ->  Seq Scan on movie_companies mc  (cost=0.00..57926.93 rows=53 width=4) (actual time=24.782..2255.999 rows=113 loops=1)
                    Filter: ((company_id = 81741) AND (company_type_id = 2))
                    Rows Removed by Filter: 2609016
              ->  Index Scan using title_pkey on title t  (cost=0.43..8.45 rows=1 width=4) (actual time=0.068..0.068 rows=0 loops=113)
                    Index Cond: (id = mc.movie_id)
                    Filter: (production_year > 2007)
                    Rows Removed by Filter: 1
Planning time: 1.337 ms
Execution time: 3800.418 ms
