Hash Join  (cost=143219.63..627846.72 rows=451816 width=0) (actual time=8004.253..36087.336 rows=727086 loops=1)
  Hash Cond: (mi.movie_id = t.id)
  ->  Seq Scan on movie_info mi  (cost=0.00..309384.22 rows=14739122 width=4) (actual time=0.008..20712.485 rows=14835720 loops=1)
  ->  Hash  (cost=141947.75..141947.75 rows=77510 width=8) (actual time=8003.454..8003.454 rows=62261 loops=1)
        Buckets: 131072  Batches: 2  Memory Usage: 2253kB
        ->  Hash Join  (cost=77062.89..141947.75 rows=77510 width=8) (actual time=5536.223..7979.654 rows=62261 loops=1)
              Hash Cond: (mc.movie_id = t.id)
              ->  Seq Scan on movie_companies mc  (cost=0.00..57926.93 rows=339955 width=4) (actual time=489.718..2699.442 rows=186284 loops=1)
                    Filter: ((company_id < 966) AND (company_type_id > 1))
                    Rows Removed by Filter: 2422845
              ->  Hash  (cost=67604.59..67604.59 rows=576504 width=4) (actual time=5045.535..5045.535 rows=568449 loops=1)
                    Buckets: 131072  Batches: 8  Memory Usage: 3513kB
                    ->  Seq Scan on title t  (cost=0.00..67604.59 rows=576504 width=4) (actual time=0.043..4321.932 rows=568449 loops=1)
                          Filter: (production_year < 1984)
                          Rows Removed by Filter: 1959863
Planning time: 10.687 ms
Execution time: 36216.587 ms
