Hash Join  (cost=421824.92..1269233.25 rows=101711 width=0) (actual time=19784.637..57762.705 rows=183501 loops=1)
  Hash Cond: (ci.movie_id = t.id)
  ->  Seq Scan on cast_info ci  (cost=0.00..796071.18 rows=13418673 width=4) (actual time=3.340..36330.692 rows=7910085 loops=1)
        Filter: ((person_id < 2071592) AND (role_id > 1))
        Rows Removed by Filter: 28334259
  ->  Hash  (cost=421585.35..421585.35 rows=19166 width=8) (actual time=18898.983..18898.983 rows=21170 loops=1)
        Buckets: 32768  Batches: 1  Memory Usage: 1083kB
        ->  Hash Join  (cost=69283.60..421585.35 rows=19166 width=8) (actual time=3791.460..18889.635 rows=21170 loops=1)
              Hash Cond: (mi.movie_id = t.id)
              ->  Seq Scan on movie_info mi  (cost=0.00..346232.03 rows=473617 width=4) (actual time=461.113..15604.774 rows=486554 loops=1)
                    Filter: (info_type_id = 5)
                    Rows Removed by Filter: 14349166
              ->  Hash  (cost=67604.59..67604.59 rows=102321 width=4) (actual time=3006.171..3006.171 rows=100537 loops=1)
                    Buckets: 131072  Batches: 2  Memory Usage: 2803kB
                    ->  Seq Scan on title t  (cost=0.00..67604.59 rows=102321 width=4) (actual time=0.022..2967.806 rows=100537 loops=1)
                          Filter: (kind_id = 3)
                          Rows Removed by Filter: 2427775
Planning time: 1.745 ms
Execution time: 57818.532 ms
