Hash Join  (cost=167024.07..919314.67 rows=150143 width=0) (actual time=4788.226..47695.891 rows=204322 loops=1)
  Hash Cond: (ci.movie_id = t.id)
  ->  Seq Scan on cast_info ci  (cost=0.00..614943.12 rows=36225612 width=4) (actual time=0.014..31391.304 rows=36244344 loops=1)
  ->  Hash  (cost=166893.07..166893.07 rows=10480 width=8) (actual time=4787.863..4787.863 rows=7859 loops=1)
        Buckets: 16384  Batches: 1  Memory Usage: 435kB
        ->  Nested Loop  (cost=0.43..166893.07 rows=10480 width=8) (actual time=0.111..4783.150 rows=7859 loops=1)
              ->  Seq Scan on movie_keyword mk  (cost=0.00..81003.12 rows=14239 width=4) (actual time=0.064..3246.605 rows=14373 loops=1)
                    Filter: (keyword_id < 3)
                    Rows Removed by Filter: 4509557
              ->  Index Scan using title_pkey on title t  (cost=0.43..6.02 rows=1 width=4) (actual time=0.106..0.106 rows=1 loops=14373)
                    Index Cond: (id = mk.movie_id)
                    Filter: (kind_id > 1)
                    Rows Removed by Filter: 0
Planning time: 3.045 ms
Execution time: 47757.307 ms
