Seq Scan on movie_companies mc  (cost=0.00..57926.93 rows=1407 width=0) (actual time=0.089..2743.815 rows=3005 loops=1)
  Filter: ((company_type_id < 2) AND (company_id = 139))
  Rows Removed by Filter: 2606124
Planning time: 0.425 ms
Execution time: 2744.600 ms
