Hash Join  (cost=80738.05..586369.24 rows=2420326 width=0) (actual time=3812.785..36569.214 rows=3978099 loops=1)
  Hash Cond: (mi.movie_id = t.id)
  ->  Seq Scan on movie_info mi  (cost=0.00..309384.22 rows=14739122 width=4) (actual time=0.012..20850.587 rows=14835720 loops=1)
  ->  Hash  (cost=73925.90..73925.90 rows=415212 width=4) (actual time=3811.575..3811.575 rows=303236 loops=1)
        Buckets: 131072  Batches: 8  Memory Usage: 2367kB
        ->  Seq Scan on title t  (cost=0.00..73925.90 rows=415212 width=4) (actual time=711.546..3666.133 rows=303236 loops=1)
              Filter: ((production_year > 1996) AND (kind_id = 1))
              Rows Removed by Filter: 2225076
Planning time: 4.258 ms
Execution time: 37171.739 ms
