Hash Join  (cost=74245.23..102954.75 rows=9245 width=0) (actual time=3582.349..4781.709 rows=16134 loops=1)
  Hash Cond: (mi_idx.movie_id = t.id)
  ->  Seq Scan on movie_info_idx mi_idx  (cost=0.00..25185.44 rows=915101 width=4) (actual time=0.017..984.700 rows=919850 loops=1)
        Filter: (info_type_id < 101)
        Rows Removed by Filter: 460185
  ->  Hash  (cost=73925.90..73925.90 rows=25546 width=4) (actual time=3581.975..3581.975 rows=16319 loops=1)
        Buckets: 32768  Batches: 1  Memory Usage: 830kB
        ->  Seq Scan on title t  (cost=0.00..73925.90 rows=25546 width=4) (actual time=0.708..3573.012 rows=16319 loops=1)
              Filter: ((kind_id < 3) AND (production_year = 2004))
              Rows Removed by Filter: 2511993
Planning time: 0.699 ms
Execution time: 4784.356 ms
