Seq Scan on movie_keyword mk  (cost=0.00..81003.12 rows=246 width=0) (actual time=23.504..2197.173 rows=3038 loops=1)
  Filter: (keyword_id = 3654)
  Rows Removed by Filter: 4520892
Planning time: 0.329 ms
Execution time: 2197.990 ms
