Hash Join  (cost=131037.16..526737.53 rows=98466 width=0) (actual time=7270.725..30717.145 rows=1276264 loops=1)
  Hash Cond: (mi.movie_id = t.id)
  ->  Seq Scan on movie_info mi  (cost=0.00..346232.03 rows=12928982 width=4) (actual time=822.231..20339.985 rows=12970088 loops=1)
        Filter: (info_type_id < 18)
        Rows Removed by Filter: 1865632
  ->  Hash  (cost=130796.45..130796.45 rows=19257 width=8) (actual time=6436.657..6436.657 rows=27108 loops=1)
        Buckets: 32768  Batches: 1  Memory Usage: 1315kB
        ->  Hash Join  (cost=74401.58..130796.45 rows=19257 width=8) (actual time=3300.881..6422.273 rows=27108 loops=1)
              Hash Cond: (mc.movie_id = t.id)
              ->  Seq Scan on movie_companies mc  (cost=0.00..51404.11 rows=1279517 width=4) (actual time=0.022..2733.742 rows=1274246 loops=1)
                    Filter: (company_type_id < 2)
                    Rows Removed by Filter: 1334883
              ->  Hash  (cost=73925.90..73925.90 rows=38054 width=4) (actual time=3300.528..3300.528 rows=26139 loops=1)
                    Buckets: 65536  Batches: 1  Memory Usage: 1431kB
                    ->  Seq Scan on title t  (cost=0.00..73925.90 rows=38054 width=4) (actual time=0.071..3287.041 rows=26139 loops=1)
                          Filter: ((kind_id < 3) AND (production_year = 2008))
                          Rows Removed by Filter: 2502173
Planning time: 5.850 ms
Execution time: 30904.431 ms
