Nested Loop  (cost=0.43..709674.40 rows=124 width=0) (actual time=6690.013..29400.721 rows=5 loops=1)
  ->  Seq Scan on cast_info ci  (cost=0.00..705507.15 rows=500 width=4) (actual time=6689.923..29400.285 rows=12 loops=1)
        Filter: (person_id = 689976)
        Rows Removed by Filter: 36244332
  ->  Index Scan using title_pkey on title t  (cost=0.43..8.32 rows=1 width=4) (actual time=0.033..0.034 rows=0 loops=12)
        Index Cond: (id = ci.movie_id)
        Filter: ((kind_id < 7) AND (production_year > 1995))
        Rows Removed by Filter: 1
Planning time: 2.936 ms
Execution time: 29400.831 ms
