Seq Scan on movie_keyword mk  (cost=0.00..81003.12 rows=106036 width=0) (actual time=0.034..3757.809 rows=104802 loops=1)
  Filter: (keyword_id > 81193)
  Rows Removed by Filter: 4419128
Planning time: 0.258 ms
Execution time: 3773.730 ms
