Hash Join  (cost=156517.24..287664.17 rows=750589 width=0) (actual time=8122.345..15034.564 rows=3065550 loops=1)
  Hash Cond: (mk.movie_id = t.id)
  ->  Seq Scan on movie_keyword mk  (cost=0.00..69693.30 rows=4523930 width=4) (actual time=0.013..3990.578 rows=4523930 loops=1)
  ->  Hash  (cost=149634.23..149634.23 rows=419521 width=8) (actual time=8121.653..8121.653 rows=432244 loops=1)
        Buckets: 131072  Batches: 8  Memory Usage: 3150kB
        ->  Hash Join  (cost=105357.69..149634.23 rows=419521 width=8) (actual time=5674.184..7981.736 rows=432244 loops=1)
              Hash Cond: (mi_idx.movie_id = t.id)
              ->  Seq Scan on movie_info_idx mi_idx  (cost=0.00..25185.44 rows=460978 width=4) (actual time=0.021..1454.431 rows=459925 loops=1)
                    Filter: (info_type_id = 99)
                    Rows Removed by Filter: 920110
              ->  Hash  (cost=67604.59..67604.59 rows=2301128 width=4) (actual time=5673.220..5673.220 rows=2292034 loops=1)
                    Buckets: 131072  Batches: 32  Memory Usage: 3546kB
                    ->  Seq Scan on title t  (cost=0.00..67604.59 rows=2301128 width=4) (actual time=0.022..4722.942 rows=2292034 loops=1)
                          Filter: (production_year > 1949)
                          Rows Removed by Filter: 236278
Planning time: 1.095 ms
Execution time: 15385.275 ms
