Nested Loop  (cost=0.43..125035.30 rows=4551 width=0) (actual time=1.567..3892.382 rows=2401 loops=1)
  ->  Seq Scan on movie_keyword mk  (cost=0.00..81003.12 rows=6183 width=4) (actual time=0.201..3166.661 rows=5871 loops=1)
        Filter: (keyword_id = 2860)
        Rows Removed by Filter: 4518059
  ->  Index Scan using title_pkey on title t  (cost=0.43..7.11 rows=1 width=4) (actual time=0.123..0.123 rows=0 loops=5871)
        Index Cond: (id = mk.movie_id)
        Filter: (kind_id > 1)
        Rows Removed by Filter: 1
Planning time: 0.653 ms
Execution time: 3893.292 ms
