Hash Join  (cost=99841.01..1468099.34 rows=28149715 width=0) (actual time=6045.738..88127.828 rows=30097956 loops=1)
  Hash Cond: (ci.movie_id = t.id)
  ->  Seq Scan on cast_info ci  (cost=0.00..614943.12 rows=36225612 width=4) (actual time=0.011..46159.819 rows=36244344 loops=1)
  ->  Hash  (cost=67604.59..67604.59 rows=1964834 width=4) (actual time=6044.861..6044.861 rows=1962189 loops=1)
        Buckets: 131072  Batches: 32  Memory Usage: 3187kB
        ->  Seq Scan on title t  (cost=0.00..67604.59 rows=1964834 width=4) (actual time=0.016..4829.104 rows=1962189 loops=1)
              Filter: (production_year > 1978)
              Rows Removed by Filter: 566123
Planning time: 0.783 ms
Execution time: 92213.507 ms
