Seq Scan on cast_info ci  (cost=0.00..705507.15 rows=8519104 width=0) (actual time=0.021..12246.386 rows=8503655 loops=1)
  Filter: (person_id > 2835917)
  Rows Removed by Filter: 27740689
Planning time: 2.608 ms
Execution time: 13305.545 ms
