Nested Loop  (cost=0.43..798385.45 rows=276 width=0) (actual time=4283.448..37254.986 rows=9 loops=1)
  ->  Seq Scan on cast_info ci  (cost=0.00..796071.18 rows=276 width=4) (actual time=4283.306..37254.655 rows=9 loops=1)
        Filter: ((role_id < 3) AND (person_id = 2258668))
        Rows Removed by Filter: 36244335
  ->  Index Only Scan using title_pkey on title t  (cost=0.43..8.38 rows=1 width=4) (actual time=0.028..0.028 rows=1 loops=9)
        Index Cond: (id = ci.movie_id)
        Heap Fetches: 9
Planning time: 7.509 ms
Execution time: 37255.074 ms
