Seq Scan on cast_info ci  (cost=0.00..796071.18 rows=455732 width=0) (actual time=5467.886..26469.519 rows=851527 loops=1)
  Filter: ((person_id > 2207989) AND (role_id = 9))
  Rows Removed by Filter: 35392817
Planning time: 0.412 ms
Execution time: 26672.358 ms
