Hash Join  (cost=641222.03..2306340.12 rows=46196405 width=0) (actual time=17938.610..95028.683 rows=157050885 loops=1)
  Hash Cond: (ci.movie_id = t.id)
  ->  Seq Scan on cast_info ci  (cost=0.00..705507.15 rows=31554923 width=4) (actual time=0.017..17499.842 rows=31605208 loops=1)
        Filter: (role_id < 10)
        Rows Removed by Filter: 4639136
  ->  Hash  (cost=580489.00..580489.00 rows=3701763 width=8) (actual time=17935.460..17935.460 rows=7614311 loops=1)
        Buckets: 131072 (originally 131072)  Batches: 128 (originally 64)  Memory Usage: 3352kB
        ->  Hash Join  (cost=83810.17..580489.00 rows=3701763 width=8) (actual time=2356.325..15679.885 rows=7614311 loops=1)
              Hash Cond: (mi.movie_id = t.id)
              ->  Seq Scan on movie_info mi  (cost=0.00..346232.03 rows=9476311 width=4) (actual time=922.993..6846.756 rows=9565151 loops=1)
                    Filter: (info_type_id < 16)
                    Rows Removed by Filter: 5270569
              ->  Hash  (cost=67604.59..67604.59 rows=987727 width=4) (actual time=1432.133..1432.133 rows=985048 loops=1)
                    Buckets: 131072  Batches: 16  Memory Usage: 3197kB
                    ->  Seq Scan on title t  (cost=0.00..67604.59 rows=987727 width=4) (actual time=0.020..1124.362 rows=985048 loops=1)
                          Filter: (kind_id < 7)
                          Rows Removed by Filter: 1543264
Planning time: 1.169 ms
Execution time: 111832.013 ms
