Seq Scan on cast_info ci  (cost=0.00..796071.18 rows=3753507 width=0) (actual time=5118.130..15273.333 rows=4141431 loops=1)
  Filter: ((person_id > 450322) AND (role_id = 10))
  Rows Removed by Filter: 32102913
Planning time: 0.309 ms
Execution time: 15793.424 ms
