Hash Join  (cost=170942.72..539596.39 rows=399775 width=0) (actual time=3074.360..12433.320 rows=3744163 loops=1)
  Hash Cond: (mi.movie_id = t.id)
  ->  Seq Scan on movie_info mi  (cost=0.00..309384.22 rows=14739122 width=4) (actual time=0.016..4641.938 rows=14835720 loops=1)
  ->  Hash  (cost=170085.44..170085.44 rows=68582 width=8) (actual time=3070.247..3070.247 rows=66484 loops=1)
        Buckets: 131072  Batches: 1  Memory Usage: 3622kB
        ->  Hash Join  (cost=69374.09..170085.44 rows=68582 width=8) (actual time=954.472..3048.431 rows=66484 loops=1)
              Hash Cond: (mk.movie_id = t.id)
              ->  Seq Scan on movie_keyword mk  (cost=0.00..81003.12 rows=1608643 width=4) (actual time=0.025..1549.211 rows=1620931 loops=1)
                    Filter: (keyword_id > 9284)
                    Rows Removed by Filter: 2902999
              ->  Hash  (cost=67604.59..67604.59 rows=107800 width=4) (actual time=952.619..952.619 rows=108429 loops=1)
                    Buckets: 131072  Batches: 2  Memory Usage: 2938kB
                    ->  Seq Scan on title t  (cost=0.00..67604.59 rows=107800 width=4) (actual time=0.026..912.011 rows=108429 loops=1)
                          Filter: (production_year = 2006)
                          Rows Removed by Filter: 2419883
Planning time: 1.131 ms
Execution time: 12928.932 ms
