Nested Loop  (cost=0.43..124124.92 rows=3452 width=0) (actual time=839.615..1401.091 rows=983 loops=1)
  ->  Seq Scan on movie_keyword mk  (cost=0.00..81003.12 rows=6032 width=4) (actual time=0.027..1193.082 rows=6673 loops=1)
        Filter: (keyword_id = 2879)
        Rows Removed by Filter: 4517257
  ->  Index Scan using title_pkey on title t  (cost=0.43..7.14 rows=1 width=4) (actual time=0.030..0.031 rows=0 loops=6673)
        Index Cond: (id = mk.movie_id)
        Filter: ((production_year > 1919) AND (kind_id = 7))
        Rows Removed by Filter: 1
Planning time: 0.762 ms
Execution time: 1401.469 ms
