Nested Loop  (cost=0.43..83071.67 rows=246 width=0) (actual time=0.111..1385.169 rows=2682 loops=1)
  ->  Seq Scan on movie_keyword mk  (cost=0.00..81003.12 rows=246 width=4) (actual time=0.049..1283.631 rows=2682 loops=1)
        Filter: (keyword_id = 261)
        Rows Removed by Filter: 4521248
  ->  Index Only Scan using title_pkey on title t  (cost=0.43..8.40 rows=1 width=4) (actual time=0.036..0.037 rows=1 loops=2682)
        Index Cond: (id = mk.movie_id)
        Heap Fetches: 2682
Planning time: 0.765 ms
Execution time: 1386.159 ms
