Seq Scan on movie_keyword mk  (cost=0.00..81003.12 rows=1494566 width=0) (actual time=0.017..1398.288 rows=1514191 loops=1)
  Filter: (keyword_id > 10694)
  Rows Removed by Filter: 3009739
Planning time: 0.289 ms
Execution time: 1597.490 ms
