Seq Scan on cast_info ci  (cost=0.00..796071.18 rows=4962339 width=0) (actual time=6486.275..14047.956 rows=10178473 loops=1)
  Filter: ((person_id < 1387559) AND (role_id < 2))
  Rows Removed by Filter: 26065871
Planning time: 0.254 ms
Execution time: 15300.702 ms
