Hash Join  (cost=98137.04..201086.96 rows=1615378 width=0) (actual time=1926.316..5118.840 rows=1180561 loops=1)
  Hash Cond: (mc.movie_id = t.id)
  ->  Seq Scan on movie_companies mc  (cost=0.00..51404.11 rows=2194807 width=4) (actual time=0.029..1049.089 rows=2191761 loops=1)
        Filter: (company_id < 80297)
        Rows Removed by Filter: 417368
  ->  Hash  (cost=67604.59..67604.59 rows=1860996 width=4) (actual time=1925.263..1925.263 rows=1865487 loops=1)
        Buckets: 131072  Batches: 32  Memory Usage: 3079kB
        ->  Seq Scan on title t  (cost=0.00..67604.59 rows=1860996 width=4) (actual time=0.029..1333.774 rows=1865487 loops=1)
              Filter: (kind_id > 1)
              Rows Removed by Filter: 662825
Planning time: 0.754 ms
Execution time: 5262.522 ms
