Seq Scan on movie_keyword mk  (cost=0.00..81003.12 rows=1363276 width=0) (actual time=0.021..1268.420 rows=1376739 loops=1)
  Filter: (keyword_id < 1827)
  Rows Removed by Filter: 3147191
Planning time: 0.350 ms
Execution time: 1453.265 ms
