Hash Join  (cost=112229.14..480274.54 rows=338949 width=0) (actual time=1994.224..9756.304 rows=285316 loops=1)
  Hash Cond: (mi.movie_id = t.id)
  ->  Seq Scan on movie_info mi  (cost=0.00..309384.22 rows=14739122 width=4) (actual time=0.009..4137.247 rows=14835720 loops=1)
  ->  Hash  (cost=111502.30..111502.30 rows=58147 width=8) (actual time=1968.724..1968.724 rows=25035 loops=1)
        Buckets: 65536  Batches: 1  Memory Usage: 1490kB
        ->  Hash Join  (cost=79158.73..111502.30 rows=58147 width=8) (actual time=1333.909..1958.495 rows=25035 loops=1)
              Hash Cond: (mi_idx.movie_id = t.id)
              ->  Seq Scan on movie_info_idx mi_idx  (cost=0.00..25185.44 rows=460978 width=4) (actual time=0.030..473.936 rows=459925 loops=1)
                    Filter: (info_type_id = 99)
                    Rows Removed by Filter: 920110
              ->  Hash  (cost=73925.90..73925.90 rows=318946 width=4) (actual time=1231.846..1231.846 rows=209805 loops=1)
                    Buckets: 131072  Batches: 8  Memory Usage: 1936kB
                    ->  Seq Scan on title t  (cost=0.00..73925.90 rows=318946 width=4) (actual time=0.022..1162.050 rows=209805 loops=1)
                          Filter: ((production_year < 1981) AND (kind_id = 7))
                          Rows Removed by Filter: 2318507
Planning time: 1.321 ms
Execution time: 9792.761 ms
