Hash Join  (cost=102767.86..928611.22 rows=826719 width=0) (actual time=11452.437..13825.901 rows=1152 loops=1)
  Hash Cond: (ci.movie_id = t.id)
  ->  Seq Scan on cast_info ci  (cost=0.00..796071.18 rows=826719 width=4) (actual time=9483.630..11455.605 rows=1152 loops=1)
        Filter: ((person_id < 381302) AND (role_id = 2))
        Rows Removed by Filter: 36243192
  ->  Hash  (cost=61283.27..61283.27 rows=2528527 width=4) (actual time=1940.502..1940.502 rows=2528312 loops=1)
        Buckets: 131072  Batches: 64  Memory Usage: 2415kB
        ->  Seq Scan on title t  (cost=0.00..61283.27 rows=2528527 width=4) (actual time=0.024..1107.119 rows=2528312 loops=1)
Planning time: 10.351 ms
Execution time: 13826.185 ms
