Seq Scan on cast_info ci  (cost=0.00..796071.18 rows=176 width=0) (actual time=5939.099..10909.280 rows=50 loops=1)
  Filter: ((person_id = 155275) AND (role_id = 1))
  Rows Removed by Filter: 36244294
Planning time: 0.370 ms
Execution time: 10909.407 ms
