Hash Join  (cost=72333.74..594005.70 rows=1564386 width=0) (actual time=1077.422..14574.694 rows=2788084 loops=1)
  Hash Cond: (mi.movie_id = t.id)
  ->  Seq Scan on movie_info mi  (cost=0.00..346232.03 rows=13722687 width=4) (actual time=0.025..7006.933 rows=13763110 loops=1)
        Filter: (info_type_id < 75)
        Rows Removed by Filter: 1072610
  ->  Hash  (cost=67604.59..67604.59 rows=288252 width=4) (actual time=1076.742..1076.742 rows=285055 loops=1)
        Buckets: 131072  Batches: 4  Memory Usage: 3533kB
        ->  Seq Scan on title t  (cost=0.00..67604.59 rows=288252 width=4) (actual time=0.013..977.284 rows=285055 loops=1)
              Filter: (production_year < 1964)
              Rows Removed by Filter: 2243257
Planning time: 0.731 ms
Execution time: 14845.013 ms
