Hash Join  (cost=171645.95..669482.36 rows=3806621 width=0) (actual time=3812.185..16248.981 rows=4849620 loops=1)
  Hash Cond: (mi.movie_id = t.id)
  ->  Seq Scan on movie_info mi  (cost=0.00..346232.03 rows=9476311 width=4) (actual time=193.383..6675.971 rows=9565151 loops=1)
        Filter: (info_type_id < 16)
        Rows Removed by Filter: 5270569
  ->  Hash  (cost=154981.62..154981.62 rows=1015706 width=8) (actual time=3618.128..3618.128 rows=750135 loops=1)
        Buckets: 131072  Batches: 16  Memory Usage: 2874kB
        ->  Hash Join  (cost=98137.04..154981.62 rows=1015706 width=8) (actual time=1846.213..3395.078 rows=750135 loops=1)
              Hash Cond: (mi_idx.movie_id = t.id)
              ->  Seq Scan on movie_info_idx mi_idx  (cost=0.00..21735.35 rows=1380035 width=4) (actual time=0.022..403.155 rows=1380035 loops=1)
              ->  Hash  (cost=67604.59..67604.59 rows=1860996 width=4) (actual time=1845.339..1845.339 rows=1865487 loops=1)
                    Buckets: 131072  Batches: 32  Memory Usage: 3079kB
                    ->  Seq Scan on title t  (cost=0.00..67604.59 rows=1860996 width=4) (actual time=0.019..1248.698 rows=1865487 loops=1)
                          Filter: (kind_id > 1)
                          Rows Removed by Filter: 662825
Planning time: 0.866 ms
Execution time: 16813.730 ms
