Hash Join  (cost=647745.45..2247711.55 rows=36273498 width=0) (actual time=15911.081..55798.032 rows=25471773 loops=1)
  Hash Cond: (ci.movie_id = t.id)
  ->  Seq Scan on cast_info ci  (cost=0.00..705507.15 rows=29161403 width=4) (actual time=0.017..16021.926 rows=29110122 loops=1)
        Filter: (person_id < 2953805)
        Rows Removed by Filter: 7134222
  ->  Hash  (cost=596144.43..596144.43 rows=3145202 width=8) (actual time=15909.558..15909.558 rows=1616765 loops=1)
        Buckets: 131072  Batches: 64  Memory Usage: 1970kB
        ->  Hash Join  (cost=82778.48..596144.43 rows=3145202 width=8) (actual time=1647.928..15409.524 rows=1616765 loops=1)
              Hash Cond: (mi.movie_id = t.id)
              ->  Seq Scan on movie_info mi  (cost=0.00..309384.22 rows=14739122 width=4) (actual time=0.008..5908.901 rows=14835720 loops=1)
              ->  Hash  (cost=73925.90..73925.90 rows=539566 width=4) (actual time=1562.366..1562.366 rows=428248 loops=1)
                    Buckets: 131072  Batches: 8  Memory Usage: 2896kB
                    ->  Seq Scan on title t  (cost=0.00..73925.90 rows=539566 width=4) (actual time=0.019..1133.908 rows=428248 loops=1)
                          Filter: ((production_year < 1997) AND (kind_id = 7))
                          Rows Removed by Filter: 2100064
Planning time: 1.229 ms
Execution time: 58782.572 ms
