Hash Join  (cost=255495.18..745736.26 rows=4514038 width=0) (actual time=6275.497..15437.592 rows=1350857 loops=1)
  Hash Cond: (mi.movie_id = t.id)
  ->  Seq Scan on movie_info mi  (cost=0.00..346232.03 rows=7235534 width=4) (actual time=1019.508..5942.405 rows=7286865 loops=1)
        Filter: (info_type_id < 8)
        Rows Removed by Filter: 7548855
  ->  Hash  (cost=229613.76..229613.76 rows=1577474 width=8) (actual time=5252.588..5252.588 rows=355231 loops=1)
        Buckets: 131072  Batches: 32  Memory Usage: 1449kB
        ->  Hash Join  (cost=88391.98..229613.76 rows=1577474 width=8) (actual time=3311.634..5151.949 rows=355231 loops=1)
              Hash Cond: (mk.movie_id = t.id)
              ->  Seq Scan on movie_keyword mk  (cost=0.00..69693.30 rows=4523930 width=4) (actual time=0.027..1536.414 rows=4523930 loops=1)
              ->  Hash  (cost=73925.90..73925.90 rows=881686 width=4) (actual time=1564.679..1564.679 rows=801513 loops=1)
                    Buckets: 131072  Batches: 16  Memory Usage: 2792kB
                    ->  Seq Scan on title t  (cost=0.00..73925.90 rows=881686 width=4) (actual time=0.038..1301.114 rows=801513 loops=1)
                          Filter: ((production_year < 2006) AND (kind_id = 7))
                          Rows Removed by Filter: 1726799
Planning time: 0.842 ms
Execution time: 15604.549 ms
