Hash Join  (cost=93093.72..208418.48 rows=915703 width=0) (actual time=5299.146..11612.337 rows=270163 loops=1)
  Hash Cond: (mk.movie_id = t.id)
  ->  Seq Scan on movie_keyword mk  (cost=0.00..81003.12 rows=1490321 width=4) (actual time=0.027..4431.131 rows=1506585 loops=1)
        Filter: (keyword_id > 10752)
        Rows Removed by Filter: 3017345
  ->  Hash  (cost=67604.59..67604.59 rows=1553611 width=4) (actual time=5297.745..5297.745 rows=1555864 loops=1)
        Buckets: 131072  Batches: 32  Memory Usage: 2740kB
        ->  Seq Scan on title t  (cost=0.00..67604.59 rows=1553611 width=4) (actual time=0.019..4385.752 rows=1555864 loops=1)
              Filter: (kind_id > 4)
              Rows Removed by Filter: 972448
Planning time: 0.663 ms
Execution time: 11647.419 ms
