Seq Scan on movie_keyword mk  (cost=0.00..81003.12 rows=4480397 width=0) (actual time=0.026..1549.936 rows=4483722 loops=1)
  Filter: (keyword_id < 104508)
  Rows Removed by Filter: 40208
Planning time: 0.329 ms
Execution time: 2088.973 ms
