Hash Join  (cost=102767.86..188788.34 rows=1028084 width=0) (actual time=5671.759..10500.833 rows=1026886 loops=1)
  Hash Cond: (mc.movie_id = t.id)
  ->  Seq Scan on movie_companies mc  (cost=0.00..51404.11 rows=1028084 width=4) (actual time=0.013..3031.818 rows=1026886 loops=1)
        Filter: (company_id < 5593)
        Rows Removed by Filter: 1582243
  ->  Hash  (cost=61283.27..61283.27 rows=2528527 width=4) (actual time=5670.123..5670.123 rows=2528312 loops=1)
        Buckets: 131072  Batches: 64  Memory Usage: 2415kB
        ->  Seq Scan on title t  (cost=0.00..61283.27 rows=2528527 width=4) (actual time=0.004..3969.933 rows=2528312 loops=1)
Planning time: 0.671 ms
Execution time: 10652.381 ms
