Seq Scan on movie_companies mc  (cost=0.00..57926.93 rows=53 width=0) (actual time=9.541..949.198 rows=129 loops=1)
  Filter: ((company_type_id > 1) AND (company_id = 19176))
  Rows Removed by Filter: 2609000
Planning time: 0.463 ms
Execution time: 949.357 ms
