Hash Join  (cost=719511.94..2594187.92 rows=59256892 width=0) (actual time=58990.369..195310.995 rows=223880803 loops=1)
  Hash Cond: (ci.movie_id = t.id)
  ->  Seq Scan on cast_info ci  (cost=0.00..796071.18 rows=26023488 width=4) (actual time=9151.745..56689.377 rows=25912880 loops=1)
        Filter: ((person_id > 311842) AND (role_id < 8))
        Rows Removed by Filter: 10331464
  ->  Hash  (cost=625051.03..625051.03 rows=5757593 width=8) (actual time=49835.535..49835.535 rows=10872384 loops=1)
        Buckets: 131072 (originally 131072)  Batches: 256 (originally 128)  Memory Usage: 3073kB
        ->  Hash Join  (cost=83810.17..625051.03 rows=5757593 width=8) (actual time=4890.279..44854.371 rows=10872384 loops=1)
              Hash Cond: (mi.movie_id = t.id)
              ->  Seq Scan on movie_info mi  (cost=0.00..309384.22 rows=14739122 width=4) (actual time=0.028..22915.785 rows=14835720 loops=1)
              ->  Hash  (cost=67604.59..67604.59 rows=987727 width=4) (actual time=4889.329..4889.329 rows=985048 loops=1)
                    Buckets: 131072  Batches: 16  Memory Usage: 3197kB
                    ->  Seq Scan on title t  (cost=0.00..67604.59 rows=987727 width=4) (actual time=0.025..4117.113 rows=985048 loops=1)
                          Filter: (kind_id < 7)
                          Rows Removed by Filter: 1543264
Planning time: 3.004 ms
Execution time: 226226.450 ms
