Hash Join  (cost=158250.08..545710.82 rows=144873 width=0) (actual time=12329.183..27587.839 rows=191137 loops=1)
  Hash Cond: (mi.movie_id = t.id)
  ->  Seq Scan on movie_info mi  (cost=0.00..346232.03 rows=3068194 width=4) (actual time=4024.542..17644.120 rows=3036719 loops=1)
        Filter: (info_type_id = 16)
        Rows Removed by Filter: 11799001
  ->  Hash  (cost=156290.68..156290.68 rows=119392 width=8) (actual time=8289.012..8289.012 rows=44223 loops=1)
        Buckets: 131072  Batches: 2  Memory Usage: 1912kB
        ->  Hash Join  (cost=68438.72..156290.68 rows=119392 width=8) (actual time=3100.328..8244.771 rows=44223 loops=1)
              Hash Cond: (mk.movie_id = t.id)
              ->  Seq Scan on movie_keyword mk  (cost=0.00..69693.30 rows=4523930 width=4) (actual time=0.039..3950.788 rows=4523930 loops=1)
              ->  Hash  (cost=67604.59..67604.59 rows=66731 width=4) (actual time=3099.533..3099.533 rows=67342 loops=1)
                    Buckets: 131072  Batches: 1  Memory Usage: 3392kB
                    ->  Seq Scan on title t  (cost=0.00..67604.59 rows=66731 width=4) (actual time=0.029..3070.519 rows=67342 loops=1)
                          Filter: (production_year > 2012)
                          Rows Removed by Filter: 2460970
Planning time: 1.176 ms
Execution time: 27627.659 ms
