Seq Scan on movie_keyword mk  (cost=0.00..81003.12 rows=246 width=0) (actual time=1.606..3263.808 rows=4196 loops=1)
  Filter: (keyword_id = 1578)
  Rows Removed by Filter: 4519734
Planning time: 0.309 ms
Execution time: 3264.851 ms
