Seq Scan on movie_companies mc  (cost=0.00..51404.11 rows=104 width=0) (actual time=81.219..852.754 rows=1477 loops=1)
  Filter: (company_id = 2690)
  Rows Removed by Filter: 2607652
Planning time: 0.345 ms
Execution time: 853.143 ms
