Hash Join  (cost=102767.86..300487.70 rows=4440044 width=0) (actual time=2247.373..9446.380 rows=4434952 loops=1)
  Hash Cond: (mk.movie_id = t.id)
  ->  Seq Scan on movie_keyword mk  (cost=0.00..81003.12 rows=4440044 width=4) (actual time=0.022..3238.296 rows=4434952 loops=1)
        Filter: (keyword_id > 73)
        Rows Removed by Filter: 88978
  ->  Hash  (cost=61283.27..61283.27 rows=2528527 width=4) (actual time=2246.644..2246.644 rows=2528312 loops=1)
        Buckets: 131072  Batches: 64  Memory Usage: 2425kB
        ->  Seq Scan on title t  (cost=0.00..61283.27 rows=2528527 width=4) (actual time=0.017..1366.766 rows=2528312 loops=1)
Planning time: 1.107 ms
Execution time: 10029.010 ms
