Hash Join  (cost=92883.59..1120928.13 rows=7282758 width=0) (actual time=1774.491..28831.697 rows=7230604 loops=1)
  Hash Cond: (ci.movie_id = t.id)
  ->  Seq Scan on cast_info ci  (cost=0.00..796071.18 rows=11951357 width=4) (actual time=0.027..17652.070 rows=12670688 loops=1)
        Filter: ((person_id < 3623399) AND (role_id < 2))
        Rows Removed by Filter: 23573656
  ->  Hash  (cost=67604.59..67604.59 rows=1540800 width=4) (actual time=1773.385..1773.385 rows=1543264 loops=1)
        Buckets: 131072  Batches: 32  Memory Usage: 2722kB
        ->  Seq Scan on title t  (cost=0.00..67604.59 rows=1540800 width=4) (actual time=198.048..1265.360 rows=1543264 loops=1)
              Filter: (kind_id = 7)
              Rows Removed by Filter: 985048
Planning time: 0.777 ms
Execution time: 29567.813 ms
