Hash Join  (cost=102767.86..197421.55 rows=1115739 width=0) (actual time=6575.646..11010.676 rows=1274246 loops=1)
  Hash Cond: (mc.movie_id = t.id)
  ->  Seq Scan on movie_companies mc  (cost=0.00..57926.93 rows=1115739 width=4) (actual time=887.735..3656.522 rows=1274246 loops=1)
        Filter: ((company_id < 89765) AND (company_type_id < 2))
        Rows Removed by Filter: 1334883
  ->  Hash  (cost=61283.27..61283.27 rows=2528527 width=4) (actual time=5686.627..5686.627 rows=2528312 loops=1)
        Buckets: 131072  Batches: 64  Memory Usage: 2415kB
        ->  Seq Scan on title t  (cost=0.00..61283.27 rows=2528527 width=4) (actual time=0.020..4470.847 rows=2528312 loops=1)
Planning time: 0.738 ms
Execution time: 11197.037 ms
