Hash Join  (cost=229624.02..801119.44 rows=5995230 width=0) (actual time=5692.287..47824.215 rows=133681386 loops=1)
  Hash Cond: (mi.movie_id = t.id)
  ->  Seq Scan on movie_info mi  (cost=0.00..346232.03 rows=13929354 width=4) (actual time=0.009..7661.304 rows=14033580 loops=1)
        Filter: (info_type_id > 1)
        Rows Removed by Filter: 802140
  ->  Hash  (cost=211768.46..211768.46 rows=1088285 width=8) (actual time=5691.086..5691.086 rows=2403512 loops=1)
        Buckets: 131072 (originally 131072)  Batches: 32 (originally 16)  Memory Usage: 4023kB
        ->  Hash Join  (cost=83810.17..211768.46 rows=1088285 width=8) (actual time=1467.528..5083.483 rows=2403512 loops=1)
              Hash Cond: (mk.movie_id = t.id)
              ->  Seq Scan on movie_keyword mk  (cost=0.00..81003.12 rows=2785949 width=4) (actual time=0.020..1698.625 rows=2774943 loops=1)
                    Filter: (keyword_id < 7984)
                    Rows Removed by Filter: 1748987
              ->  Hash  (cost=67604.59..67604.59 rows=987727 width=4) (actual time=1466.504..1466.504 rows=985048 loops=1)
                    Buckets: 131072  Batches: 16  Memory Usage: 3197kB
                    ->  Seq Scan on title t  (cost=0.00..67604.59 rows=987727 width=4) (actual time=0.024..1132.486 rows=985048 loops=1)
                          Filter: (kind_id < 7)
                          Rows Removed by Filter: 1543264
Planning time: 21.586 ms
Execution time: 61517.681 ms
