Hash Join  (cost=94699.36..181430.02 rows=7262 width=0) (actual time=5174.922..10226.969 rows=51402 loops=1)
  Hash Cond: (mk.movie_id = t.id)
  ->  Seq Scan on movie_keyword mk  (cost=0.00..69693.30 rows=4523930 width=4) (actual time=0.014..3946.314 rows=4523930 loops=1)
  ->  Hash  (cost=94648.62..94648.62 rows=4059 width=8) (actual time=5170.713..5170.713 rows=8375 loops=1)
        Buckets: 16384 (originally 4096)  Batches: 1 (originally 1)  Memory Usage: 456kB
        ->  Hash Join  (cost=67697.55..94648.62 rows=4059 width=8) (actual time=3337.205..5166.932 rows=8375 loops=1)
              Hash Cond: (mi_idx.movie_id = t.id)
              ->  Seq Scan on movie_info_idx mi_idx  (cost=0.00..21735.35 rows=1380035 width=4) (actual time=0.025..1411.830 rows=1380035 loops=1)
              ->  Hash  (cost=67604.59..67604.59 rows=7437 width=4) (actual time=3334.489..3334.489 rows=11416 loops=1)
                    Buckets: 16384 (originally 8192)  Batches: 1 (originally 1)  Memory Usage: 530kB
                    ->  Seq Scan on title t  (cost=0.00..67604.59 rows=7437 width=4) (actual time=0.044..3328.392 rows=11416 loops=1)
                          Filter: (production_year = 1964)
                          Rows Removed by Filter: 2516896
Planning time: 2.232 ms
Execution time: 10234.729 ms
