Hash Join  (cost=796274.41..882932.71 rows=27 width=0) (actual time=32959.685..36084.946 rows=120 loops=1)
  Hash Cond: (mk.movie_id = t.id)
  ->  Seq Scan on movie_keyword mk  (cost=0.00..69693.30 rows=4523930 width=4) (actual time=0.021..3642.497 rows=4523930 loops=1)
  ->  Hash  (cost=796274.22..796274.22 rows=15 width=8) (actual time=31375.559..31375.559 rows=403 loops=1)
        Buckets: 1024  Batches: 1  Memory Usage: 24kB
        ->  Nested Loop  (cost=0.43..796274.22 rows=15 width=8) (actual time=21939.647..31375.372 rows=403 loops=1)
              ->  Seq Scan on cast_info ci  (cost=0.00..796071.18 rows=24 width=4) (actual time=21926.467..31342.991 rows=476 loops=1)
                    Filter: ((person_id = 102504) AND (role_id = 8))
                    Rows Removed by Filter: 36243868
              ->  Index Scan using title_pkey on title t  (cost=0.43..8.45 rows=1 width=4) (actual time=0.067..0.067 rows=1 loops=476)
                    Index Cond: (id = ci.movie_id)
                    Filter: (kind_id = 7)
                    Rows Removed by Filter: 0
Planning time: 1.137 ms
Execution time: 36085.093 ms
