Seq Scan on movie_keyword mk  (cost=0.00..81003.12 rows=2570646 width=0) (actual time=0.020..4374.673 rows=2560171 loops=1)
  Filter: (keyword_id > 3430)
  Rows Removed by Filter: 1963759
Planning time: 0.269 ms
Execution time: 4849.259 ms
