Nested Loop  (cost=0.43..54511.70 rows=202 width=0) (actual time=4.309..2163.905 rows=1279 loops=1)
  ->  Seq Scan on movie_companies mc  (cost=0.00..51404.11 rows=371 width=4) (actual time=4.261..1981.058 rows=1295 loops=1)
        Filter: (company_id < 2)
        Rows Removed by Filter: 2607834
  ->  Index Scan using title_pkey on title t  (cost=0.43..8.37 rows=1 width=4) (actual time=0.140..0.140 rows=1 loops=1295)
        Index Cond: (id = mc.movie_id)
        Filter: ((kind_id > 1) AND (production_year > 1984))
        Rows Removed by Filter: 0
Planning time: 1.320 ms
Execution time: 2164.504 ms
