Hash Join  (cost=83189.08..217498.23 rows=1010111 width=0) (actual time=4849.739..11790.900 rows=220988 loops=1)
  Hash Cond: (mk.movie_id = t.id)
  ->  Seq Scan on movie_keyword mk  (cost=0.00..69693.30 rows=4523930 width=4) (actual time=0.015..4485.464 rows=4523930 loops=1)
  ->  Hash  (cost=73925.90..73925.90 rows=564574 width=4) (actual time=4110.112..4110.112 rows=454234 loops=1)
        Buckets: 131072  Batches: 8  Memory Usage: 3010kB
        ->  Seq Scan on title t  (cost=0.00..73925.90 rows=564574 width=4) (actual time=0.031..3924.745 rows=454234 loops=1)
              Filter: ((production_year < 1998) AND (kind_id = 7))
              Rows Removed by Filter: 2074078
Planning time: 19.005 ms
Execution time: 11821.235 ms
