Hash Join  (cost=74476.62..798595.15 rows=82636 width=0) (actual time=7305.223..40119.977 rows=248423 loops=1)
  Hash Cond: (ci.movie_id = t.id)
  ->  Seq Scan on cast_info ci  (cost=0.00..705507.15 rows=4742673 width=4) (actual time=1.120..34062.521 rows=4640431 loops=1)
        Filter: (person_id < 449069)
        Rows Removed by Filter: 31603913
  ->  Hash  (cost=73925.90..73925.90 rows=44057 width=4) (actual time=3067.387..3067.387 rows=163828 loops=1)
        Buckets: 131072 (originally 65536)  Batches: 2 (originally 1)  Memory Usage: 3905kB
        ->  Seq Scan on title t  (cost=0.00..73925.90 rows=44057 width=4) (actual time=1551.067..2985.142 rows=163828 loops=1)
              Filter: ((production_year < 1951) AND (kind_id = 1))
              Rows Removed by Filter: 2364484
Planning time: 0.814 ms
Execution time: 40158.700 ms
