Seq Scan on movie_info mi  (cost=0.00..346232.03 rows=852012 width=0) (actual time=191.473..5523.217 rows=900340 loops=1)
  Filter: (info_type_id > 94)
  Rows Removed by Filter: 13935380
Planning time: 0.245 ms
Execution time: 5636.443 ms
