Seq Scan on cast_info ci  (cost=0.00..796071.18 rows=10829307 width=0) (actual time=15068.873..44141.513 rows=12670688 loops=1)
  Filter: ((person_id < 3107864) AND (role_id = 1))
  Rows Removed by Filter: 23573656
Planning time: 0.353 ms
Execution time: 46570.433 ms
