Seq Scan on movie_companies mc  (cost=0.00..51404.11 rows=376904 width=0) (actual time=106.722..2493.595 rows=380206 loops=1)
  Filter: (company_id > 84256)
  Rows Removed by Filter: 2228923
Planning time: 0.544 ms
Execution time: 2543.058 ms
