Seq Scan on cast_info ci  (cost=0.00..705507.15 rows=34343827 width=0) (actual time=0.012..44408.609 rows=34428943 loops=1)
  Filter: (person_id > 179868)
  Rows Removed by Filter: 1815401
Planning time: 2.193 ms
Execution time: 50465.285 ms
