Seq Scan on cast_info ci  (cost=0.00..705507.15 rows=500 width=0) (actual time=10761.112..31127.884 rows=82 loops=1)
  Filter: (person_id = 2383067)
  Rows Removed by Filter: 36244262
Planning time: 0.385 ms
Execution time: 31127.992 ms
