Hash Join  (cost=78048.33..1148827.20 rows=3599370 width=0) (actual time=3470.901..64454.079 rows=1201850 loops=1)
  Hash Cond: (ci.movie_id = t.id)
  ->  Seq Scan on cast_info ci  (cost=0.00..614943.12 rows=36225612 width=4) (actual time=0.017..41194.140 rows=36244344 loops=1)
  ->  Hash  (cost=73925.90..73925.90 rows=251234 width=4) (actual time=3469.881..3469.881 rows=120249 loops=1)
        Buckets: 131072  Batches: 4  Memory Usage: 2080kB
        ->  Seq Scan on title t  (cost=0.00..73925.90 rows=251234 width=4) (actual time=0.065..3414.204 rows=120249 loops=1)
              Filter: ((kind_id > 1) AND (production_year < 1968))
              Rows Removed by Filter: 2408063
Planning time: 1.643 ms
Execution time: 64634.568 ms
