Seq Scan on movie_companies mc  (cost=0.00..57926.93 rows=1224250 width=0) (actual time=1203.969..3166.347 rows=1126961 loops=1)
  Filter: ((company_id < 111117) AND (company_type_id = 2))
  Rows Removed by Filter: 1482168
Planning time: 8.509 ms
Execution time: 3386.615 ms
