Hash Join  (cost=307979.73..1010301.80 rows=17400735 width=0) (actual time=17466.967..109981.571 rows=193431858 loops=1)
  Hash Cond: (mi.movie_id = t.id)
  ->  Seq Scan on movie_info mi  (cost=0.00..309384.22 rows=14739122 width=4) (actual time=0.011..23419.672 rows=14835720 loops=1)
  ->  Hash  (cost=259004.58..259004.58 rows=2985132 width=8) (actual time=17464.803..17464.803 rows=3613802 loops=1)
        Buckets: 131072  Batches: 64  Memory Usage: 3306kB
        ->  Hash Join  (cost=94978.31..259004.58 rows=2985132 width=8) (actual time=5734.936..16111.652 rows=3613802 loops=1)
              Hash Cond: (mk.movie_id = t.id)
              ->  Seq Scan on movie_keyword mk  (cost=0.00..69693.30 rows=4523930 width=4) (actual time=0.020..5206.223 rows=4523930 loops=1)
              ->  Hash  (cost=67604.59..67604.59 rows=1668458 width=4) (actual time=5733.703..5733.703 rows=1671292 loops=1)
                    Buckets: 131072  Batches: 32  Memory Usage: 2866kB
                    ->  Seq Scan on title t  (cost=0.00..67604.59 rows=1668458 width=4) (actual time=0.034..4939.247 rows=1671292 loops=1)
                          Filter: (production_year < 2008)
                          Rows Removed by Filter: 857020
Planning time: 1.078 ms
Execution time: 138437.731 ms
