Hash Join  (cost=83073.50..447732.23 rows=279 width=0) (actual time=3620.942..21525.100 rows=31503 loops=1)
  Hash Cond: (mi.movie_id = t.id)
  ->  Seq Scan on movie_info mi  (cost=0.00..309384.22 rows=14739122 width=4) (actual time=0.027..14401.771 rows=14835720 loops=1)
  ->  Hash  (cost=83072.90..83072.90 rows=48 width=8) (actual time=3620.360..3620.360 rows=189 loops=1)
        Buckets: 1024  Batches: 1  Memory Usage: 16kB
        ->  Nested Loop  (cost=0.43..83072.90 rows=48 width=8) (actual time=27.890..3620.127 rows=189 loops=1)
              ->  Seq Scan on movie_keyword mk  (cost=0.00..81003.12 rows=246 width=4) (actual time=27.830..3565.159 rows=297 loops=1)
                    Filter: (keyword_id = 1724)
                    Rows Removed by Filter: 4523633
              ->  Index Scan using title_pkey on title t  (cost=0.43..8.40 rows=1 width=4) (actual time=0.182..0.182 rows=1 loops=297)
                    Index Cond: (id = mk.movie_id)
                    Filter: ((kind_id < 4) AND (production_year < 2006))
                    Rows Removed by Filter: 0
Planning time: 1.172 ms
Execution time: 21530.485 ms
