Nested Loop  (cost=0.43..83072.90 rows=48 width=0) (actual time=1088.886..3596.868 rows=2 loops=1)
  ->  Seq Scan on movie_keyword mk  (cost=0.00..81003.12 rows=246 width=4) (actual time=71.147..3585.584 rows=60 loops=1)
        Filter: (keyword_id = 18583)
        Rows Removed by Filter: 4523870
  ->  Index Scan using title_pkey on title t  (cost=0.43..8.40 rows=1 width=4) (actual time=0.184..0.184 rows=0 loops=60)
        Index Cond: (id = mk.movie_id)
        Filter: ((kind_id > 6) AND (production_year < 1995))
        Rows Removed by Filter: 1
Planning time: 0.834 ms
Execution time: 3597.002 ms
