Seq Scan on movie_companies mc  (cost=0.00..57926.93 rows=181822 width=0) (actual time=0.028..2491.452 rows=284832 loops=1)
  Filter: ((company_id < 200) AND (company_type_id = 1))
  Rows Removed by Filter: 2324297
Planning time: 0.379 ms
Execution time: 2561.882 ms
