Hash Join  (cost=126868.65..932501.39 rows=62813 width=0) (actual time=5515.650..43927.009 rows=170829 loops=1)
  Hash Cond: (ci.movie_id = t.id)
  ->  Seq Scan on cast_info ci  (cost=0.00..705507.15 rows=26532656 width=4) (actual time=0.016..31334.768 rows=26580101 loops=1)
        Filter: (person_id < 2742197)
        Rows Removed by Filter: 9664243
  ->  Hash  (cost=126793.83..126793.83 rows=5986 width=8) (actual time=5514.965..5514.965 rows=10228 loops=1)
        Buckets: 16384 (originally 8192)  Batches: 1 (originally 1)  Memory Usage: 528kB
        ->  Hash Join  (cost=67697.55..126793.83 rows=5986 width=8) (actual time=2723.495..5510.007 rows=10228 loops=1)
              Hash Cond: (mc.movie_id = t.id)
              ->  Seq Scan on movie_companies mc  (cost=0.00..51404.11 rows=2035281 width=4) (actual time=0.022..2298.713 rows=2035422 loops=1)
                    Filter: (company_id > 607)
                    Rows Removed by Filter: 573707
              ->  Hash  (cost=67604.59..67604.59 rows=7437 width=4) (actual time=2723.393..2723.393 rows=9768 loops=1)
                    Buckets: 16384 (originally 8192)  Batches: 1 (originally 1)  Memory Usage: 472kB
                    ->  Seq Scan on title t  (cost=0.00..67604.59 rows=7437 width=4) (actual time=0.194..2717.896 rows=9768 loops=1)
                          Filter: (production_year = 1958)
                          Rows Removed by Filter: 2518544
Planning time: 1.054 ms
Execution time: 43955.137 ms
