Seq Scan on movie_keyword mk  (cost=0.00..81003.12 rows=246 width=0) (actual time=0.484..3683.717 rows=328 loops=1)
  Filter: (keyword_id = 4886)
  Rows Removed by Filter: 4523602
Planning time: 0.279 ms
Execution time: 3684.037 ms
