Nested Loop  (cost=0.43..83071.67 rows=246 width=0) (actual time=31.356..3215.294 rows=457 loops=1)
  ->  Seq Scan on movie_keyword mk  (cost=0.00..81003.12 rows=246 width=4) (actual time=30.249..3130.364 rows=457 loops=1)
        Filter: (keyword_id = 1071)
        Rows Removed by Filter: 4523473
  ->  Index Only Scan using title_pkey on title t  (cost=0.43..8.40 rows=1 width=4) (actual time=0.183..0.183 rows=1 loops=457)
        Index Cond: (id = mk.movie_id)
        Heap Fetches: 457
Planning time: 0.691 ms
Execution time: 3215.645 ms
