Seq Scan on movie_companies mc  (cost=0.00..57926.93 rows=182360 width=0) (actual time=334.362..832.096 rows=77964 loops=1)
  Filter: ((company_id < 171) AND (company_type_id = 2))
  Rows Removed by Filter: 2531165
Planning time: 9.941 ms
Execution time: 842.865 ms
