Hash Join  (cost=104131.46..231472.68 rows=1533121 width=0) (actual time=5550.629..11470.795 rows=1685172 loops=1)
  Hash Cond: (mk.movie_id = t.id)
  ->  Seq Scan on movie_keyword mk  (cost=0.00..81003.12 rows=1741177 width=4) (actual time=0.020..4055.538 rows=1749729 loops=1)
        Filter: (keyword_id < 2857)
        Rows Removed by Filter: 2774201
  ->  Hash  (cost=67604.59..67604.59 rows=2226390 width=4) (actual time=5549.441..5549.441 rows=2224569 loops=1)
        Buckets: 131072  Batches: 32  Memory Usage: 3472kB
        ->  Seq Scan on title t  (cost=0.00..67604.59 rows=2226390 width=4) (actual time=0.018..4668.092 rows=2224569 loops=1)
              Filter: (production_year < 2012)
              Rows Removed by Filter: 303743
Planning time: 0.643 ms
Execution time: 11694.993 ms
