Seq Scan on movie_keyword mk  (cost=0.00..81003.12 rows=3127801 width=0) (actual time=0.028..4533.325 rows=3112978 loops=1)
  Filter: (keyword_id < 11852)
  Rows Removed by Filter: 1410952
Planning time: 7.779 ms
Execution time: 5100.337 ms
