Hash Join  (cost=169850.73..938536.61 rows=234457 width=0) (actual time=9907.274..61872.512 rows=2760530 loops=1)
  Hash Cond: (ci.movie_id = t.id)
  ->  Seq Scan on cast_info ci  (cost=0.00..705507.15 rows=16222438 width=4) (actual time=20.320..41597.286 rows=16097753 loops=1)
        Filter: (person_id < 1594288)
        Rows Removed by Filter: 20146591
  ->  Hash  (cost=169393.93..169393.93 rows=36544 width=8) (actual time=9150.502..9150.502 rows=112955 loops=1)
        Buckets: 131072 (originally 65536)  Batches: 2 (originally 1)  Memory Usage: 3245kB
        ->  Hash Join  (cost=83891.93..169393.93 rows=36544 width=8) (actual time=4722.699..9101.145 rows=112955 loops=1)
              Hash Cond: (mk.movie_id = t.id)
              ->  Seq Scan on movie_keyword mk  (cost=0.00..81003.12 rows=152117 width=4) (actual time=0.038..4095.400 rows=150783 loops=1)
                    Filter: (keyword_id > 73849)
                    Rows Removed by Filter: 4373147
              ->  Hash  (cost=73925.90..73925.90 rows=607442 width=4) (actual time=4721.440..4721.440 rows=675690 loops=1)
                    Buckets: 131072  Batches: 8  Memory Usage: 4020kB
                    ->  Seq Scan on title t  (cost=0.00..73925.90 rows=607442 width=4) (actual time=0.023..4162.466 rows=675690 loops=1)
                          Filter: ((kind_id < 7) AND (production_year < 2007))
                          Rows Removed by Filter: 1852622
Planning time: 2.037 ms
Execution time: 62354.268 ms
