Seq Scan on movie_companies mc  (cost=0.00..51404.11 rows=886713 width=0) (actual time=0.019..2527.374 rows=883350 loops=1)
  Filter: (company_id < 2653)
  Rows Removed by Filter: 1725779
Planning time: 0.326 ms
Execution time: 2686.611 ms
