Hash Join  (cost=75973.97..200696.97 rows=223296 width=0) (actual time=4829.962..8517.309 rows=14244 loops=1)
  Hash Cond: (mk.movie_id = t.id)
  ->  Seq Scan on movie_keyword mk  (cost=0.00..69693.30 rows=4523930 width=4) (actual time=0.021..3919.943 rows=4523930 loops=1)
  ->  Hash  (cost=73925.90..73925.90 rows=124805 width=4) (actual time=3036.346..3036.346 rows=22607 loops=1)
        Buckets: 131072  Batches: 2  Memory Usage: 1427kB
        ->  Seq Scan on title t  (cost=0.00..73925.90 rows=124805 width=4) (actual time=0.031..3025.150 rows=22607 loops=1)
              Filter: ((production_year < 1956) AND (kind_id = 7))
              Rows Removed by Filter: 2505705
Planning time: 18.289 ms
Execution time: 8519.279 ms
