Seq Scan on title t  (cost=0.00..73925.90 rows=307332 width=0) (actual time=0.047..1175.307 rows=252953 loops=1)
  Filter: ((kind_id < 4) AND (production_year > 2006))
  Rows Removed by Filter: 2275359
Planning time: 0.328 ms
Execution time: 1211.363 ms
