Seq Scan on movie_keyword mk  (cost=0.00..81003.12 rows=246 width=0) (actual time=7.177..3168.857 rows=229 loops=1)
  Filter: (keyword_id = 170)
  Rows Removed by Filter: 4523701
Planning time: 0.322 ms
Execution time: 3169.127 ms
