Hash Join  (cost=114767.63..191523.26 rows=123710 width=0) (actual time=5041.309..8734.999 rows=773084 loops=1)
  Hash Cond: (mc.movie_id = t.id)
  ->  Seq Scan on movie_companies mc  (cost=0.00..44881.29 rows=2609129 width=4) (actual time=0.013..2258.267 rows=2609129 loops=1)
  ->  Hash  (cost=112800.02..112800.02 rows=119889 width=8) (actual time=5040.623..5040.623 rows=209880 loops=1)
        Buckets: 131072 (originally 131072)  Batches: 4 (originally 2)  Memory Usage: 3075kB
        ->  Hash Join  (cost=78556.72..112800.02 rows=119889 width=8) (actual time=3621.432..4944.384 rows=209880 loops=1)
              Hash Cond: (mi_idx.movie_id = t.id)
              ->  Seq Scan on movie_info_idx mi_idx  (cost=0.00..25185.44 rows=454124 width=4) (actual time=0.032..1229.929 rows=459925 loops=1)
                    Filter: (info_type_id = 100)
                    Rows Removed by Filter: 920110
              ->  Hash  (cost=67604.59..67604.59 rows=667531 width=4) (actual time=3207.056..3207.056 rows=662825 loops=1)
                    Buckets: 131072  Batches: 16  Memory Usage: 2476kB
                    ->  Seq Scan on title t  (cost=0.00..67604.59 rows=667531 width=4) (actual time=271.674..2942.883 rows=662825 loops=1)
                          Filter: (kind_id = 1)
                          Rows Removed by Filter: 1865487
Planning time: 4.508 ms
Execution time: 8832.030 ms
