Seq Scan on movie_keyword mk  (cost=0.00..81003.12 rows=246 width=0) (actual time=1.018..3398.852 rows=288 loops=1)
  Filter: (keyword_id = 1979)
  Rows Removed by Filter: 4523642
Planning time: 0.287 ms
Execution time: 3399.155 ms
