Hash Join  (cost=441954.02..1397617.02 rows=1109307 width=0) (actual time=25667.426..72275.360 rows=5815594 loops=1)
  Hash Cond: (ci.movie_id = t.id)
  ->  Seq Scan on cast_info ci  (cost=0.00..796071.18 rows=8262173 width=4) (actual time=0.030..37584.446 rows=12855676 loops=1)
        Filter: ((person_id > 2393605) AND (role_id > 1))
        Rows Removed by Filter: 23388668
  ->  Hash  (cost=436383.41..436383.41 rows=339489 width=8) (actual time=25666.087..25666.087 rows=330059 loops=1)
        Buckets: 131072  Batches: 8  Memory Usage: 2597kB
        ->  Hash Join  (cost=68332.59..436383.41 rows=339489 width=8) (actual time=2915.493..24996.087 rows=330059 loops=1)
              Hash Cond: (mi.movie_id = t.id)
              ->  Seq Scan on movie_info mi  (cost=0.00..309384.22 rows=14739122 width=4) (actual time=0.020..16619.207 rows=14835720 loops=1)
              ->  Hash  (cost=67604.59..67604.59 rows=58240 width=4) (actual time=2915.141..2915.141 rows=58590 loops=1)
                    Buckets: 65536  Batches: 1  Memory Usage: 2572kB
                    ->  Seq Scan on title t  (cost=0.00..67604.59 rows=58240 width=4) (actual time=0.022..2891.056 rows=58590 loops=1)
                          Filter: (production_year = 2001)
                          Rows Removed by Filter: 2469722
Planning time: 1.211 ms
Execution time: 72968.105 ms
