Seq Scan on movie_info mi  (cost=0.00..346232.03 rows=17937 width=0) (actual time=8760.069..13066.488 rows=6272 loops=1)
  Filter: (info_type_id = 67)
  Rows Removed by Filter: 14829448
Planning time: 0.563 ms
Execution time: 13067.585 ms
