Seq Scan on movie_keyword mk  (cost=0.00..81003.12 rows=690392 width=0) (actual time=0.029..1300.879 rows=686312 loops=1)
  Filter: (keyword_id < 569)
  Rows Removed by Filter: 3837618
Planning time: 1.946 ms
Execution time: 1390.894 ms
