Seq Scan on movie_keyword mk  (cost=0.00..81003.12 rows=1556343 width=0) (actual time=0.020..1426.849 rows=1561478 loops=1)
  Filter: (keyword_id < 2342)
  Rows Removed by Filter: 2962452
Planning time: 0.212 ms
Execution time: 1615.335 ms
