Seq Scan on title t  (cost=0.00..73925.90 rows=141193 width=0) (actual time=274.658..1148.099 rows=132182 loops=1)
  Filter: ((production_year > 2009) AND (kind_id = 1))
  Rows Removed by Filter: 2396130
Planning time: 0.341 ms
Execution time: 1165.024 ms
