Hash Join  (cost=365418.15..2206476.75 rows=58049978 width=0) (actual time=8723.929..83642.729 rows=177650356 loops=1)
  Hash Cond: (ci.movie_id = t.id)
  ->  Seq Scan on cast_info ci  (cost=0.00..705507.15 rows=32445448 width=4) (actual time=0.021..16675.249 rows=32433424 loops=1)
        Filter: (person_id < 3364172)
        Rows Removed by Filter: 3810920
  ->  Hash  (cost=291197.02..291197.02 rows=4523930 width=8) (actual time=8722.853..8722.853 rows=4523930 loops=1)
        Buckets: 131072  Batches: 64  Memory Usage: 3816kB
        ->  Hash Join  (cost=102767.86..291197.02 rows=4523930 width=8) (actual time=1981.579..7367.634 rows=4523930 loops=1)
              Hash Cond: (mk.movie_id = t.id)
              ->  Seq Scan on movie_keyword mk  (cost=0.00..69693.30 rows=4523930 width=4) (actual time=0.013..1405.439 rows=4523930 loops=1)
              ->  Hash  (cost=61283.27..61283.27 rows=2528527 width=4) (actual time=1980.014..1980.014 rows=2528312 loops=1)
                    Buckets: 131072  Batches: 64  Memory Usage: 2425kB
                    ->  Seq Scan on title t  (cost=0.00..61283.27 rows=2528527 width=4) (actual time=0.022..1089.736 rows=2528312 loops=1)
Planning time: 2.212 ms
Execution time: 102484.774 ms
