Hash Join  (cost=83074.74..109986.57 rows=134 width=0) (actual time=1298.650..1919.358 rows=7587 loops=1)
  Hash Cond: (mi_idx.movie_id = t.id)
  ->  Seq Scan on movie_info_idx mi_idx  (cost=0.00..21735.35 rows=1380035 width=4) (actual time=0.026..340.935 rows=1380035 loops=1)
  ->  Hash  (cost=83071.67..83071.67 rows=246 width=8) (actual time=1296.432..1296.432 rows=2830 loops=1)
        Buckets: 4096 (originally 1024)  Batches: 1 (originally 1)  Memory Usage: 143kB
        ->  Nested Loop  (cost=0.43..83071.67 rows=246 width=8) (actual time=0.254..1294.399 rows=2830 loops=1)
              ->  Seq Scan on movie_keyword mk  (cost=0.00..81003.12 rows=246 width=4) (actual time=0.190..1195.869 rows=2830 loops=1)
                    Filter: (keyword_id = 2837)
                    Rows Removed by Filter: 4521100
              ->  Index Only Scan using title_pkey on title t  (cost=0.43..8.40 rows=1 width=4) (actual time=0.033..0.034 rows=1 loops=2830)
                    Index Cond: (id = mk.movie_id)
                    Heap Fetches: 2830
Planning time: 3.527 ms
Execution time: 1920.688 ms
