Hash Join  (cost=93117.31..206794.60 rows=862602 width=0) (actual time=1887.511..4559.631 rows=1089145 loops=1)
  Hash Cond: (mk.movie_id = t.id)
  ->  Seq Scan on movie_keyword mk  (cost=0.00..81003.12 rows=1402629 width=4) (actual time=0.036..1433.632 rows=1418954 loops=1)
        Filter: (keyword_id < 1951)
        Rows Removed by Filter: 3104976
  ->  Hash  (cost=67604.59..67604.59 rows=1555018 width=4) (actual time=1886.407..1886.407 rows=1551727 loops=1)
        Buckets: 131072  Batches: 32  Memory Usage: 2736kB
        ->  Seq Scan on title t  (cost=0.00..67604.59 rows=1555018 width=4) (actual time=0.019..1337.823 rows=1551727 loops=1)
              Filter: (production_year < 2007)
              Rows Removed by Filter: 976585
Planning time: 0.651 ms
Execution time: 4696.419 ms
