Seq Scan on cast_info ci  (cost=0.00..705507.15 rows=19948914 width=0) (actual time=0.021..12661.965 rows=20097987 loops=1)
  Filter: (person_id > 1599418)
  Rows Removed by Filter: 16146357
Planning time: 0.320 ms
Execution time: 15114.374 ms
