Seq Scan on title t  (cost=0.00..73925.90 rows=800125 width=0) (actual time=0.020..1143.897 rows=713741 loops=1)
  Filter: ((kind_id < 7) AND (production_year > 1972))
  Rows Removed by Filter: 1814571
Planning time: 0.232 ms
Execution time: 1229.777 ms
