Hash Join  (cost=102767.86..176619.72 rows=251257 width=0) (actual time=2245.177..3916.308 rows=375853 loops=1)
  Hash Cond: (mc.movie_id = t.id)
  ->  Seq Scan on movie_companies mc  (cost=0.00..57926.93 rows=251257 width=4) (actual time=0.022..994.021 rows=375853 loops=1)
        Filter: ((company_id < 474) AND (company_type_id = 1))
        Rows Removed by Filter: 2233276
  ->  Hash  (cost=61283.27..61283.27 rows=2528527 width=4) (actual time=2244.143..2244.143 rows=2528312 loops=1)
        Buckets: 131072  Batches: 64  Memory Usage: 2415kB
        ->  Seq Scan on title t  (cost=0.00..61283.27 rows=2528527 width=4) (actual time=0.008..1129.174 rows=2528312 loops=1)
Planning time: 0.696 ms
Execution time: 3955.803 ms
