Nested Loop  (cost=0.43..125019.85 rows=6183 width=106) (actual time=0.128..2106.002 rows=6763 loops=1)
  ->  Seq Scan on movie_keyword mk  (cost=0.00..81003.12 rows=6183 width=12) (actual time=0.081..1657.856 rows=6763 loops=1)
        Filter: (keyword_id = 4333)
        Rows Removed by Filter: 4517167
  ->  Index Scan using title_pkey on title t  (cost=0.43..7.11 rows=1 width=94) (actual time=0.065..0.065 rows=1 loops=6763)
        Index Cond: (id = mk.movie_id)
Planning time: 4.973 ms
Execution time: 2106.799 ms
