Seq Scan on movie_keyword mk  (cost=0.00..81003.12 rows=246 width=0) (actual time=16.714..1185.176 rows=255 loops=1)
  Filter: (keyword_id = 4963)
  Rows Removed by Filter: 4523675
Planning time: 0.287 ms
Execution time: 1185.408 ms
