Seq Scan on movie_companies mc  (cost=0.00..51404.11 rows=206582 width=0) (actual time=0.024..826.357 rows=207782 loops=1)
  Filter: (company_id > 111163)
  Rows Removed by Filter: 2401347
Planning time: 0.328 ms
Execution time: 852.210 ms
