Seq Scan on movie_companies mc  (cost=0.00..57926.93 rows=815247 width=0) (actual time=236.234..1076.180 rows=1028710 loops=1)
  Filter: ((company_id > 5016) AND (company_type_id = 2))
  Rows Removed by Filter: 1580419
Planning time: 2.146 ms
Execution time: 1205.680 ms
