Hash Join  (cost=101745.35..467568.27 rows=116699 width=0) (actual time=1757.511..10067.451 rows=641501 loops=1)
  Hash Cond: (mi.movie_id = t.id)
  ->  Seq Scan on movie_info mi  (cost=0.00..309384.22 rows=14739122 width=4) (actual time=0.018..4520.166 rows=14835720 loops=1)
  ->  Hash  (cost=101495.10..101495.10 rows=20020 width=8) (actual time=1755.126..1755.126 rows=34034 loops=1)
        Buckets: 65536 (originally 32768)  Batches: 1 (originally 1)  Memory Usage: 1842kB
        ->  Hash Join  (cost=74384.42..101495.10 rows=20020 width=8) (actual time=1082.717..1742.595 rows=34034 loops=1)
              Hash Cond: (mi_idx.movie_id = t.id)
              ->  Seq Scan on movie_info_idx mi_idx  (cost=0.00..21735.35 rows=1380035 width=4) (actual time=0.024..345.920 rows=1380035 loops=1)
              ->  Hash  (cost=73925.90..73925.90 rows=36681 width=4) (actual time=1082.224..1082.224 rows=24195 loops=1)
                    Buckets: 65536  Batches: 1  Memory Usage: 1363kB
                    ->  Seq Scan on title t  (cost=0.00..73925.90 rows=36681 width=4) (actual time=4.078..1071.557 rows=24195 loops=1)
                          Filter: ((kind_id < 4) AND (production_year = 2006))
                          Rows Removed by Filter: 2504117
Planning time: 1.428 ms
Execution time: 10153.497 ms
