Seq Scan on cast_info ci  (cost=0.00..796071.18 rows=10655846 width=0) (actual time=0.023..16156.691 rows=12670688 loops=1)
  Filter: ((person_id < 3052135) AND (role_id = 1))
  Rows Removed by Filter: 23573656
Planning time: 0.353 ms
Execution time: 17719.617 ms
