Hash Join  (cost=547692.12..1752053.00 rows=19799741 width=0) (actual time=10592.480..57272.320 rows=76337554 loops=1)
  Hash Cond: (ci.movie_id = t.id)
  ->  Seq Scan on cast_info ci  (cost=0.00..705507.15 rows=22812263 width=4) (actual time=0.031..14695.140 rows=22869080 loops=1)
        Filter: (person_id > 1319178)
        Rows Removed by Filter: 13375264
  ->  Hash  (cost=511686.41..511686.41 rows=2194617 width=8) (actual time=10591.455..10591.455 rows=2233850 loops=1)
        Buckets: 131072  Batches: 32  Memory Usage: 3598kB
        ->  Hash Join  (cost=102767.86..511686.41 rows=2194617 width=8) (actual time=3301.670..9944.745 rows=2233850 loops=1)
              Hash Cond: (mi.movie_id = t.id)
              ->  Seq Scan on movie_info mi  (cost=0.00..346232.03 rows=2194617 width=4) (actual time=1388.132..5869.744 rows=2233850 loops=1)
                    Filter: (info_type_id > 16)
                    Rows Removed by Filter: 12601870
              ->  Hash  (cost=61283.27..61283.27 rows=2528527 width=4) (actual time=1902.667..1902.667 rows=2528312 loops=1)
                    Buckets: 131072  Batches: 64  Memory Usage: 2425kB
                    ->  Seq Scan on title t  (cost=0.00..61283.27 rows=2528527 width=4) (actual time=0.017..1052.814 rows=2528312 loops=1)
Planning time: 1.164 ms
Execution time: 65855.909 ms
