Hash Join  (cost=142115.37..1246461.16 rows=6866961 width=0) (actual time=3335.079..35548.814 rows=10790181 loops=1)
  Hash Cond: (ci.movie_id = t.id)
  ->  Seq Scan on cast_info ci  (cost=0.00..614943.12 rows=36225612 width=4) (actual time=0.018..13238.331 rows=36244344 loops=1)
  ->  Hash  (cost=134251.00..134251.00 rows=479310 width=8) (actual time=3334.231..3334.231 rows=324597 loops=1)
        Buckets: 131072  Batches: 8  Memory Usage: 2604kB
        ->  Hash Join  (cost=88334.42..134251.00 rows=479310 width=8) (actual time=1681.824..3217.705 rows=324597 loops=1)
              Hash Cond: (mi_idx.movie_id = t.id)
              ->  Seq Scan on movie_info_idx mi_idx  (cost=0.00..21735.35 rows=1380035 width=4) (actual time=0.026..458.613 rows=1380035 loops=1)
              ->  Hash  (cost=73925.90..73925.90 rows=878201 width=4) (actual time=1680.887..1680.887 rows=947729 loops=1)
                    Buckets: 131072  Batches: 16  Memory Usage: 3113kB
                    ->  Seq Scan on title t  (cost=0.00..73925.90 rows=878201 width=4) (actual time=0.019..1378.949 rows=947729 loops=1)
                          Filter: ((kind_id > 1) AND (production_year > 2003))
                          Rows Removed by Filter: 1580583
Planning time: 1.143 ms
Execution time: 36845.019 ms
