Hash Join  (cost=102767.86..251556.72 rows=2406507 width=0) (actual time=1905.771..5901.715 rows=2402475 loops=1)
  Hash Cond: (mk.movie_id = t.id)
  ->  Seq Scan on movie_keyword mk  (cost=0.00..81003.12 rows=2406507 width=4) (actual time=0.014..1597.827 rows=2402475 loops=1)
        Filter: (keyword_id > 3894)
        Rows Removed by Filter: 2121455
  ->  Hash  (cost=61283.27..61283.27 rows=2528527 width=4) (actual time=1904.675..1904.675 rows=2528312 loops=1)
        Buckets: 131072  Batches: 64  Memory Usage: 2425kB
        ->  Seq Scan on title t  (cost=0.00..61283.27 rows=2528527 width=4) (actual time=0.006..1033.896 rows=2528312 loops=1)
Planning time: 0.510 ms
Execution time: 6172.638 ms
