Hash Join  (cost=195662.61..705933.23 rows=2855068 width=0) (actual time=4272.987..33533.153 rows=72536316 loops=1)
  Hash Cond: (mi.movie_id = t.id)
  ->  Seq Scan on movie_info mi  (cost=0.00..309384.22 rows=14739122 width=4) (actual time=0.014..5970.579 rows=14835720 loops=1)
  ->  Hash  (cost=187626.20..187626.20 rows=489793 width=8) (actual time=4272.132..4272.132 rows=1011885 loops=1)
        Buckets: 131072 (originally 131072)  Batches: 16 (originally 8)  Memory Usage: 3641kB
        ->  Hash Join  (cost=81720.25..187626.20 rows=489793 width=8) (actual time=1430.709..3975.932 rows=1011885 loops=1)
              Hash Cond: (mk.movie_id = t.id)
              ->  Seq Scan on movie_keyword mk  (cost=0.00..81003.12 rows=1439439 width=4) (actual time=0.021..1484.199 rows=1453529 loops=1)
                    Filter: (keyword_id > 11480)
                    Rows Removed by Filter: 3070401
              ->  Hash  (cost=67604.59..67604.59 rows=860373 width=4) (actual time=1429.025..1429.025 rows=854214 loops=1)
                    Buckets: 131072  Batches: 16  Memory Usage: 2906kB
                    ->  Seq Scan on title t  (cost=0.00..67604.59 rows=860373 width=4) (actual time=0.019..1149.783 rows=854214 loops=1)
                          Filter: (kind_id < 4)
                          Rows Removed by Filter: 1674098
Planning time: 1.177 ms
Execution time: 41199.399 ms
