Seq Scan on movie_companies mc  (cost=0.00..51404.11 rows=1775423 width=0) (actual time=0.023..419.166 rows=1779139 loops=1)
  Filter: (company_id > 2042)
  Rows Removed by Filter: 829990
Planning time: 0.327 ms
Execution time: 544.072 ms
