Hash Join  (cost=94009.45..692342.05 rows=9381577 width=0) (actual time=1858.316..18445.018 rows=8253895 loops=1)
  Hash Cond: (mi.movie_id = t.id)
  ->  Seq Scan on movie_info mi  (cost=0.00..309384.22 rows=14739122 width=4) (actual time=0.009..6065.455 rows=14835720 loops=1)
  ->  Hash  (cost=67604.59..67604.59 rows=1609429 width=4) (actual time=1857.169..1857.169 rows=1607077 loops=1)
        Buckets: 131072  Batches: 32  Memory Usage: 2799kB
        ->  Seq Scan on title t  (cost=0.00..67604.59 rows=1609429 width=4) (actual time=0.019..1316.230 rows=1607077 loops=1)
              Filter: (production_year > 1995)
              Rows Removed by Filter: 921235
Planning time: 0.582 ms
Execution time: 19434.410 ms
