Nested Loop  (cost=0.43..111570.07 rows=4072 width=0) (actual time=0.304..1370.294 rows=3792 loops=1)
  ->  Seq Scan on movie_keyword mk  (cost=0.00..81003.12 rows=4072 width=4) (actual time=0.247..1240.766 rows=3792 loops=1)
        Filter: (keyword_id = 1617)
        Rows Removed by Filter: 4520138
  ->  Index Only Scan using title_pkey on title t  (cost=0.43..7.50 rows=1 width=4) (actual time=0.033..0.033 rows=1 loops=3792)
        Index Cond: (id = mk.movie_id)
        Heap Fetches: 3792
Planning time: 0.724 ms
Execution time: 1371.567 ms
