Seq Scan on movie_companies mc  (cost=0.00..57926.93 rows=801343 width=0) (actual time=0.013..1024.879 rows=588923 loops=1)
  Filter: ((company_id > 4283) AND (company_type_id < 2))
  Rows Removed by Filter: 2020206
Planning time: 0.348 ms
Execution time: 1099.049 ms
