Hash Join  (cost=211982.96..253917.89 rows=247245 width=0) (actual time=4030.192..5709.576 rows=938397 loops=1)
  Hash Cond: (mi_idx.movie_id = t.id)
  ->  Seq Scan on movie_info_idx mi_idx  (cost=0.00..21735.35 rows=1380035 width=4) (actual time=0.024..453.053 rows=1380035 loops=1)
  ->  Hash  (cost=204550.36..204550.36 rows=453008 width=8) (actual time=4029.132..4029.132 rows=465401 loops=1)
        Buckets: 131072  Batches: 8  Memory Usage: 3328kB
        ->  Hash Join  (cost=102767.86..204550.36 rows=453008 width=8) (actual time=1798.978..3885.488 rows=465401 loops=1)
              Hash Cond: (mk.movie_id = t.id)
              ->  Seq Scan on movie_keyword mk  (cost=0.00..81003.12 rows=453008 width=4) (actual time=0.017..1292.430 rows=465401 loops=1)
                    Filter: (keyword_id < 355)
                    Rows Removed by Filter: 4058529
              ->  Hash  (cost=61283.27..61283.27 rows=2528527 width=4) (actual time=1795.648..1795.648 rows=2528312 loops=1)
                    Buckets: 131072  Batches: 64  Memory Usage: 2425kB
                    ->  Seq Scan on title t  (cost=0.00..61283.27 rows=2528527 width=4) (actual time=0.023..961.812 rows=2528312 loops=1)
Planning time: 1.148 ms
Execution time: 5822.442 ms
