Seq Scan on movie_companies mc  (cost=0.00..51404.11 rows=6610 width=0) (actual time=0.167..519.292 rows=7151 loops=1)
  Filter: (company_id = 7851)
  Rows Removed by Filter: 2601978
Planning time: 0.365 ms
Execution time: 520.314 ms
