Hash Join  (cost=190230.21..946698.79 rows=1461246 width=0) (actual time=12118.575..18059.861 rows=4070281 loops=1)
  Hash Cond: (ci.movie_id = t.id)
  ->  Seq Scan on cast_info ci  (cost=0.00..705507.15 rows=2677324 width=4) (actual time=7872.279..11293.332 rows=2718881 loops=1)
        Filter: (person_id > 3541395)
        Rows Removed by Filter: 33525463
  ->  Hash  (cost=167588.78..167588.78 rows=1380035 width=8) (actual time=4245.159..4245.159 rows=1380035 loops=1)
        Buckets: 131072  Batches: 32  Memory Usage: 2708kB
        ->  Hash Join  (cost=102767.86..167588.78 rows=1380035 width=8) (actual time=1937.433..3878.640 rows=1380035 loops=1)
              Hash Cond: (mi_idx.movie_id = t.id)
              ->  Seq Scan on movie_info_idx mi_idx  (cost=0.00..21735.35 rows=1380035 width=4) (actual time=0.025..505.689 rows=1380035 loops=1)
              ->  Hash  (cost=61283.27..61283.27 rows=2528527 width=4) (actual time=1936.237..1936.237 rows=2528312 loops=1)
                    Buckets: 131072  Batches: 64  Memory Usage: 2415kB
                    ->  Seq Scan on title t  (cost=0.00..61283.27 rows=2528527 width=4) (actual time=0.016..1084.667 rows=2528312 loops=1)
Planning time: 1.112 ms
Execution time: 18506.922 ms
