Seq Scan on movie_info mi  (cost=0.00..346232.03 rows=13786629 width=0) (actual time=203.282..6500.044 rows=13828707 loops=1)
  Filter: (info_type_id < 88)
  Rows Removed by Filter: 1007013
Planning time: 0.349 ms
Execution time: 8204.436 ms
