Hash Join  (cost=148710.42..532857.01 rows=184284 width=0) (actual time=8082.921..10094.475 rows=632430 loops=1)
  Hash Cond: (mi.movie_id = t.id)
  ->  Seq Scan on movie_info mi  (cost=0.00..346232.03 rows=3068194 width=4) (actual time=3945.062..5622.374 rows=3036719 loops=1)
        Filter: (info_type_id = 16)
        Rows Removed by Filter: 11799001
  ->  Hash  (cost=146218.04..146218.04 rows=151870 width=8) (actual time=3285.365..3285.365 rows=59884 loops=1)
        Buckets: 131072  Batches: 2  Memory Usage: 2191kB
        ->  Hash Join  (cost=76379.89..146218.04 rows=151870 width=8) (actual time=1783.117..3266.446 rows=59884 loops=1)
              Hash Cond: (mc.movie_id = t.id)
              ->  Seq Scan on movie_companies mc  (cost=0.00..57926.93 rows=718006 width=4) (actual time=0.043..1164.084 rows=504686 loops=1)
                    Filter: ((company_id > 8635) AND (company_type_id < 2))
                    Rows Removed by Filter: 2104443
              ->  Hash  (cost=67604.59..67604.59 rows=534824 width=4) (actual time=1782.128..1782.128 rows=533369 loops=1)
                    Buckets: 131072  Batches: 8  Memory Usage: 3369kB
                    ->  Seq Scan on title t  (cost=0.00..67604.59 rows=534824 width=4) (actual time=0.021..1300.046 rows=533369 loops=1)
                          Filter: (production_year > 2009)
                          Rows Removed by Filter: 1994943
Planning time: 1.189 ms
Execution time: 10172.313 ms
