Hash Join  (cost=93117.31..165128.33 rows=259737 width=0) (actual time=1809.199..3634.315 rows=437901 loops=1)
  Hash Cond: (mc.movie_id = t.id)
  ->  Seq Scan on movie_companies mc  (cost=0.00..57926.93 rows=422343 width=4) (actual time=0.018..1113.409 rows=605026 loops=1)
        Filter: ((company_id < 2440) AND (company_type_id = 1))
        Rows Removed by Filter: 2004103
  ->  Hash  (cost=67604.59..67604.59 rows=1555018 width=4) (actual time=1807.809..1807.809 rows=1551727 loops=1)
        Buckets: 131072  Batches: 32  Memory Usage: 2728kB
        ->  Seq Scan on title t  (cost=0.00..67604.59 rows=1555018 width=4) (actual time=0.011..1307.442 rows=1551727 loops=1)
              Filter: (production_year < 2007)
              Rows Removed by Filter: 976585
Planning time: 0.730 ms
Execution time: 3685.354 ms
