Hash Join  (cost=78183.26..214240.31 rows=1153601 width=0) (actual time=1366.892..5493.494 rows=1602058 loops=1)
  Hash Cond: (mk.movie_id = t.id)
  ->  Seq Scan on movie_keyword mk  (cost=0.00..69693.30 rows=4523930 width=4) (actual time=0.013..1470.061 rows=4523930 loops=1)
  ->  Hash  (cost=67604.59..67604.59 rows=644774 width=4) (actual time=1366.198..1366.198 rows=642973 loops=1)
        Buckets: 131072  Batches: 16  Memory Usage: 2439kB
        ->  Seq Scan on title t  (cost=0.00..67604.59 rows=644774 width=4) (actual time=0.021..1152.352 rows=642973 loops=1)
              Filter: (production_year < 1988)
              Rows Removed by Filter: 1885339
Planning time: 0.848 ms
Execution time: 5681.657 ms
