Hash Join  (cost=128695.20..493525.88 rows=17476 width=0) (actual time=2391.852..10520.930 rows=727498 loops=1)
  Hash Cond: (mi.movie_id = t.id)
  ->  Seq Scan on movie_info mi  (cost=0.00..309384.22 rows=14739122 width=4) (actual time=0.011..4643.721 rows=14835720 loops=1)
  ->  Hash  (cost=128657.72..128657.72 rows=2998 width=8) (actual time=2391.555..2391.555 rows=16815 loops=1)
        Buckets: 32768 (originally 4096)  Batches: 1 (originally 1)  Memory Usage: 913kB
        ->  Hash Join  (cost=73962.22..128657.72 rows=2998 width=8) (actual time=1107.434..2384.650 rows=16815 loops=1)
              Hash Cond: (mc.movie_id = t.id)
              ->  Seq Scan on movie_companies mc  (cost=0.00..44881.29 rows=2609129 width=4) (actual time=0.010..727.570 rows=2609129 loops=1)
              ->  Hash  (cost=73925.90..73925.90 rows=2905 width=4) (actual time=1107.389..1107.389 rows=8126 loops=1)
                    Buckets: 8192 (originally 4096)  Batches: 1 (originally 1)  Memory Usage: 350kB
                    ->  Seq Scan on title t  (cost=0.00..73925.90 rows=2905 width=4) (actual time=1.324..1103.516 rows=8126 loops=1)
                          Filter: ((kind_id < 7) AND (production_year = 1987))
                          Rows Removed by Filter: 2520186
Planning time: 1.171 ms
Execution time: 10616.309 ms
