Hash Join  (cost=99942.07..154209.08 rows=865449 width=0) (actual time=2048.357..3587.237 rows=711171 loops=1)
  Hash Cond: (mi_idx.movie_id = t.id)
  ->  Seq Scan on movie_info_idx mi_idx  (cost=0.00..21735.35 rows=1380035 width=4) (actual time=0.026..467.541 rows=1380035 loops=1)
  ->  Hash  (cost=73925.90..73925.90 rows=1585693 width=4) (actual time=2047.072..2047.072 rows=1700125 loops=1)
        Buckets: 131072  Batches: 32  Memory Usage: 2896kB
        ->  Seq Scan on title t  (cost=0.00..73925.90 rows=1585693 width=4) (actual time=0.020..1498.465 rows=1700125 loops=1)
              Filter: ((kind_id > 1) AND (production_year > 1965))
              Rows Removed by Filter: 828187
Planning time: 4.433 ms
Execution time: 3666.368 ms
