Hash Join  (cost=346270.12..2070957.91 rows=54030658 width=0) (actual time=8046.187..84182.146 rows=179066150 loops=1)
  Hash Cond: (ci.movie_id = t.id)
  ->  Seq Scan on cast_info ci  (cost=0.00..614943.12 rows=36225612 width=4) (actual time=0.022..13845.801 rows=36244344 loops=1)
  ->  Hash  (cost=284396.75..284396.75 rows=3771309 width=8) (actual time=8044.904..8044.904 rows=3763066 loops=1)
        Buckets: 131072  Batches: 64  Memory Usage: 3347kB
        ->  Hash Join  (cost=102767.86..284396.75 rows=3771309 width=8) (actual time=2058.623..7018.462 rows=3763066 loops=1)
              Hash Cond: (mk.movie_id = t.id)
              ->  Seq Scan on movie_keyword mk  (cost=0.00..81003.12 rows=3771309 width=4) (actual time=0.017..1820.989 rows=3763066 loops=1)
                    Filter: (keyword_id < 24653)
                    Rows Removed by Filter: 760864
              ->  Hash  (cost=61283.27..61283.27 rows=2528527 width=4) (actual time=2057.160..2057.160 rows=2528312 loops=1)
                    Buckets: 131072  Batches: 64  Memory Usage: 2425kB
                    ->  Seq Scan on title t  (cost=0.00..61283.27 rows=2528527 width=4) (actual time=0.017..1166.410 rows=2528312 loops=1)
Planning time: 0.969 ms
Execution time: 104324.147 ms
