Seq Scan on movie_companies mc  (cost=0.00..51404.11 rows=1022069 width=0) (actual time=0.025..864.762 rows=1032433 loops=1)
  Filter: (company_id > 15524)
  Rows Removed by Filter: 1576696
Planning time: 0.277 ms
Execution time: 993.580 ms
