Seq Scan on movie_keyword mk  (cost=0.00..81003.12 rows=246 width=0) (actual time=16.066..1230.500 rows=527 loops=1)
  Filter: (keyword_id = 901)
  Rows Removed by Filter: 4523403
Planning time: 0.325 ms
Execution time: 1230.806 ms
