Seq Scan on cast_info ci  (cost=0.00..705507.15 rows=23499554 width=0) (actual time=0.016..14090.278 rows=23573656 loops=1)
  Filter: (role_id > 1)
  Rows Removed by Filter: 12670688
Planning time: 1.860 ms
Execution time: 16936.555 ms
