Hash Join  (cost=155579.27..647511.32 rows=1136413 width=0) (actual time=3735.137..21554.794 rows=24056445 loops=1)
  Hash Cond: (mi.movie_id = t.id)
  ->  Seq Scan on movie_info mi  (cost=0.00..309384.22 rows=14739122 width=4) (actual time=0.018..5770.638 rows=14835720 loops=1)
  ->  Hash  (cost=152380.34..152380.34 rows=194954 width=8) (actual time=3734.270..3734.270 rows=516306 loops=1)
        Buckets: 131072 (originally 131072)  Batches: 8 (originally 4)  Memory Usage: 3592kB
        ->  Hash Join  (cost=78846.40..152380.34 rows=194954 width=8) (actual time=1375.081..3283.130 rows=516306 loops=1)
              Hash Cond: (mc.movie_id = t.id)
              ->  Seq Scan on movie_companies mc  (cost=0.00..51404.11 rows=1643809 width=4) (actual time=0.017..969.540 rows=1633426 loops=1)
                    Filter: (company_id < 17504)
                    Rows Removed by Filter: 975703
              ->  Hash  (cost=73925.90..73925.90 rows=299880 width=4) (actual time=1374.196..1374.196 rows=391036 loops=1)
                    Buckets: 131072 (originally 131072)  Batches: 8 (originally 4)  Memory Usage: 3073kB
                    ->  Seq Scan on title t  (cost=0.00..73925.90 rows=299880 width=4) (actual time=346.270..1244.020 rows=391036 loops=1)
                          Filter: ((production_year < 2002) AND (kind_id = 1))
                          Rows Removed by Filter: 2137276
Planning time: 1.139 ms
Execution time: 24044.550 ms
