Seq Scan on movie_keyword mk  (cost=0.00..81003.12 rows=1961892 width=0) (actual time=0.024..1403.907 rows=1965968 loops=1)
  Filter: (keyword_id > 6442)
  Rows Removed by Filter: 2557962
Planning time: 0.350 ms
Execution time: 1647.938 ms
