Seq Scan on cast_info ci  (cost=0.00..796071.18 rows=2350443 width=0) (actual time=5847.351..10861.295 rows=4769794 loops=1)
  Filter: ((person_id < 639709) AND (role_id = 1))
  Rows Removed by Filter: 31474550
Planning time: 0.396 ms
Execution time: 11368.356 ms
