Seq Scan on movie_companies mc  (cost=0.00..51404.11 rows=1943721 width=0) (actual time=0.026..847.862 rows=1938162 loops=1)
  Filter: (company_id < 50468)
  Rows Removed by Filter: 670967
Planning time: 0.331 ms
Execution time: 1070.743 ms
