Seq Scan on cast_info ci  (cost=0.00..796071.18 rows=22597030 width=0) (actual time=4126.618..14471.065 rows=23206755 loops=1)
  Filter: ((person_id > 131110) AND (role_id > 1))
  Rows Removed by Filter: 13037589
Planning time: 0.254 ms
Execution time: 16779.280 ms
