Seq Scan on title t  (cost=0.00..73925.90 rows=78162 width=0) (actual time=548.852..1157.164 rows=3 loops=1)
  Filter: ((kind_id > 1) AND (production_year < 1927))
  Rows Removed by Filter: 2528309
Planning time: 0.311 ms
Execution time: 1157.294 ms
