Seq Scan on cast_info ci  (cost=0.00..796071.18 rows=5340675 width=0) (actual time=2706.226..14084.526 rows=2498397 loops=1)
  Filter: ((person_id < 2044548) AND (role_id > 4))
  Rows Removed by Filter: 33745947
Planning time: 0.315 ms
Execution time: 14399.720 ms
