Hash Join  (cost=80562.70..794298.80 rows=109377 width=0) (actual time=4869.539..14374.753 rows=101695 loops=1)
  Hash Cond: (ci.movie_id = t.id)
  ->  Seq Scan on cast_info ci  (cost=0.00..705507.15 rows=350181 width=4) (actual time=3383.506..12587.961 rows=316118 loops=1)
        Filter: (role_id = 11)
        Rows Removed by Filter: 35928226
  ->  Hash  (cost=67604.59..67604.59 rows=789769 width=4) (actual time=1484.835..1484.835 rows=784926 loops=1)
        Buckets: 131072  Batches: 16  Memory Usage: 2749kB
        ->  Seq Scan on title t  (cost=0.00..67604.59 rows=789769 width=4) (actual time=0.043..1234.643 rows=784926 loops=1)
              Filter: (production_year > 2007)
              Rows Removed by Filter: 1743386
Planning time: 0.722 ms
Execution time: 14387.373 ms
