Seq Scan on movie_companies mc  (cost=0.00..57926.93 rows=457170 width=0) (actual time=0.021..903.079 rows=144611 loops=1)
  Filter: ((company_id > 19003) AND (company_type_id = 1))
  Rows Removed by Filter: 2464518
Planning time: 0.241 ms
Execution time: 921.620 ms
