Seq Scan on movie_companies mc  (cost=0.00..51404.11 rows=104 width=0) (actual time=372.922..771.172 rows=30 loops=1)
  Filter: (company_id = 9602)
  Rows Removed by Filter: 2609099
Planning time: 0.269 ms
Execution time: 771.257 ms
