Seq Scan on cast_info ci  (cost=0.00..705507.15 rows=23774621 width=0) (actual time=0.022..13256.568 rows=23690000 loops=1)
  Filter: (person_id < 2426977)
  Rows Removed by Filter: 12554344
Planning time: 0.331 ms
Execution time: 16155.177 ms
