Hash Join  (cost=130567.05..943777.87 rows=97313 width=0) (actual time=2645.015..15763.434 rows=139880 loops=1)
  Hash Cond: (ci.movie_id = t.id)
  ->  Seq Scan on cast_info ci  (cost=0.00..796071.18 rows=4311070 width=4) (actual time=68.730..12601.917 rows=1844535 loops=1)
        Filter: ((person_id < 635243) AND (role_id > 1))
        Rows Removed by Filter: 34399809
  ->  Hash  (cost=129853.60..129853.60 rows=57076 width=8) (actual time=2575.832..2575.832 rows=75154 loops=1)
        Buckets: 131072 (originally 65536)  Batches: 1 (originally 1)  Memory Usage: 3960kB
        ->  Hash Join  (cost=74617.32..129853.60 rows=57076 width=8) (actual time=1092.446..2545.907 rows=75154 loops=1)
              Hash Cond: (mc.movie_id = t.id)
              ->  Seq Scan on movie_companies mc  (cost=0.00..44881.29 rows=2609129 width=4) (actual time=0.022..692.903 rows=2609129 loops=1)
              ->  Hash  (cost=73925.90..73925.90 rows=55313 width=4) (actual time=1091.745..1091.745 rows=49075 loops=1)
                    Buckets: 65536  Batches: 1  Memory Usage: 2238kB
                    ->  Seq Scan on title t  (cost=0.00..73925.90 rows=55313 width=4) (actual time=0.020..1072.562 rows=49075 loops=1)
                          Filter: ((kind_id < 7) AND (production_year = 2010))
                          Rows Removed by Filter: 2479237
Planning time: 12.002 ms
Execution time: 15782.300 ms
