Hash Join  (cost=83072.93..109983.70 rows=28 width=0) (actual time=1297.377..1842.725 rows=150 loops=1)
  Hash Cond: (mi_idx.movie_id = t.id)
  ->  Seq Scan on movie_info_idx mi_idx  (cost=0.00..21735.35 rows=1380035 width=4) (actual time=0.015..311.196 rows=1380035 loops=1)
  ->  Hash  (cost=83072.29..83072.29 rows=52 width=8) (actual time=1287.782..1287.782 rows=51 loops=1)
        Buckets: 1024  Batches: 1  Memory Usage: 10kB
        ->  Nested Loop  (cost=0.43..83072.29 rows=52 width=8) (actual time=5.684..1287.707 rows=51 loops=1)
              ->  Seq Scan on movie_keyword mk  (cost=0.00..81003.12 rows=246 width=4) (actual time=1.864..1273.687 rows=437 loops=1)
                    Filter: (keyword_id = 11108)
                    Rows Removed by Filter: 4523493
              ->  Index Scan using title_pkey on title t  (cost=0.43..8.40 rows=1 width=4) (actual time=0.030..0.030 rows=0 loops=437)
                    Index Cond: (id = mk.movie_id)
                    Filter: (production_year > 2009)
                    Rows Removed by Filter: 1
Planning time: 1.076 ms
Execution time: 1842.894 ms
