Hash Join  (cost=75189.94..559787.81 rows=449094 width=0) (actual time=1205.102..14067.405 rows=2105816 loops=1)
  Hash Cond: (mi.movie_id = t.id)
  ->  Seq Scan on movie_info mi  (cost=0.00..309384.22 rows=14739122 width=4) (actual time=0.013..5853.158 rows=14835720 loops=1)
  ->  Hash  (cost=73925.90..73925.90 rows=77043 width=4) (actual time=1204.389..1204.389 rows=177073 loops=1)
        Buckets: 131072 (originally 131072)  Batches: 4 (originally 2)  Memory Usage: 3073kB
        ->  Seq Scan on title t  (cost=0.00..73925.90 rows=77043 width=4) (actual time=0.207..1134.427 rows=177073 loops=1)
              Filter: ((kind_id < 7) AND (production_year < 1955))
              Rows Removed by Filter: 2351239
Planning time: 0.542 ms
Execution time: 14339.208 ms
