Hash Join  (cost=157184.45..523107.57 rows=126717 width=0) (actual time=3012.340..11297.047 rows=871300 loops=1)
  Hash Cond: (mi.movie_id = t.id)
  ->  Seq Scan on movie_info mi  (cost=0.00..309384.22 rows=14739122 width=4) (actual time=0.018..4576.844 rows=14835720 loops=1)
  ->  Hash  (cost=156912.71..156912.71 rows=21739 width=8) (actual time=3011.766..3011.766 rows=21919 loops=1)
        Buckets: 32768  Batches: 1  Memory Usage: 1113kB
        ->  Hash Join  (cost=69374.09..156912.71 rows=21739 width=8) (actual time=1303.307..3003.225 rows=21919 loops=1)
              Hash Cond: (mk.movie_id = t.id)
              ->  Seq Scan on movie_keyword mk  (cost=0.00..81003.12 rows=509895 width=4) (actual time=0.020..1492.995 rows=509486 loops=1)
                    Filter: (keyword_id < 373)
                    Rows Removed by Filter: 4014444
              ->  Hash  (cost=67604.59..67604.59 rows=107800 width=4) (actual time=1302.476..1302.476 rows=108429 loops=1)
                    Buckets: 131072  Batches: 2  Memory Usage: 2938kB
                    ->  Seq Scan on title t  (cost=0.00..67604.59 rows=107800 width=4) (actual time=0.018..1256.524 rows=108429 loops=1)
                          Filter: (production_year = 2006)
                          Rows Removed by Filter: 2419883
Planning time: 2.839 ms
Execution time: 11407.178 ms
