Seq Scan on title t  (cost=0.00..73925.90 rows=106675 width=0) (actual time=0.211..1090.419 rows=207824 loops=1)
  Filter: ((kind_id < 7) AND (production_year < 1963))
  Rows Removed by Filter: 2320488
Planning time: 0.313 ms
Execution time: 1117.979 ms
