Hash Join  (cost=83074.74..139926.94 rows=141 width=0) (actual time=1301.474..2547.432 rows=4344 loops=1)
  Hash Cond: (mc.movie_id = t.id)
  ->  Seq Scan on movie_companies mc  (cost=0.00..51404.11 rows=1452447 width=4) (actual time=0.010..1029.383 rows=1444436 loops=1)
        Filter: (company_id < 12893)
        Rows Removed by Filter: 1164693
  ->  Hash  (cost=83071.67..83071.67 rows=246 width=8) (actual time=1301.299..1301.299 rows=1098 loops=1)
        Buckets: 2048 (originally 1024)  Batches: 1 (originally 1)  Memory Usage: 59kB
        ->  Nested Loop  (cost=0.43..83071.67 rows=246 width=8) (actual time=0.594..1300.359 rows=1098 loops=1)
              ->  Seq Scan on movie_keyword mk  (cost=0.00..81003.12 rows=246 width=4) (actual time=0.528..1247.478 rows=1098 loops=1)
                    Filter: (keyword_id = 527)
                    Rows Removed by Filter: 4522832
              ->  Index Only Scan using title_pkey on title t  (cost=0.43..8.40 rows=1 width=4) (actual time=0.046..0.047 rows=1 loops=1098)
                    Index Cond: (id = mk.movie_id)
                    Heap Fetches: 1098
Planning time: 0.787 ms
Execution time: 2548.238 ms
