Seq Scan on movie_companies mc  (cost=0.00..51404.11 rows=17456 width=0) (actual time=239.899..738.860 rows=16138 loops=1)
  Filter: (company_id > 219790)
  Rows Removed by Filter: 2592991
Planning time: 0.350 ms
Execution time: 741.181 ms
