Hash Join  (cost=123692.33..249391.96 rows=303459 width=0) (actual time=2503.410..6244.895 rows=2638360 loops=1)
  Hash Cond: (mk.movie_id = t.id)
  ->  Seq Scan on movie_keyword mk  (cost=0.00..69693.30 rows=4523930 width=4) (actual time=0.032..1482.463 rows=4523930 loops=1)
  ->  Hash  (cost=120909.21..120909.21 rows=169610 width=8) (actual time=2502.587..2502.587 rows=235098 loops=1)
        Buckets: 131072  Batches: 4  Memory Usage: 3327kB
        ->  Hash Join  (cost=81615.04..120909.21 rows=169610 width=8) (actual time=1499.904..2428.498 rows=235098 loops=1)
              Hash Cond: (mi_idx.movie_id = t.id)
              ->  Seq Scan on movie_info_idx mi_idx  (cost=0.00..25185.44 rows=915101 width=4) (actual time=0.024..539.478 rows=919850 loops=1)
                    Filter: (info_type_id < 101)
                    Rows Removed by Filter: 460185
              ->  Hash  (cost=73925.90..73925.90 rows=468651 width=4) (actual time=1360.448..1360.448 rows=340746 loops=1)
                    Buckets: 131072  Batches: 8  Memory Usage: 2526kB
                    ->  Seq Scan on title t  (cost=0.00..73925.90 rows=468651 width=4) (actual time=346.994..1255.466 rows=340746 loops=1)
                          Filter: ((production_year > 1989) AND (kind_id = 1))
                          Rows Removed by Filter: 2187566
Planning time: 1.560 ms
Execution time: 6549.085 ms
