Seq Scan on movie_companies mc  (cost=0.00..57926.93 rows=459829 width=0) (actual time=475.558..957.451 rows=148061 loops=1)
  Filter: ((company_id > 18757) AND (company_type_id = 1))
  Rows Removed by Filter: 2461068
Planning time: 0.382 ms
Execution time: 977.786 ms
