Hash Join  (cost=83074.74..109986.57 rows=134 width=0) (actual time=1346.668..1871.051 rows=93 loops=1)
  Hash Cond: (mi_idx.movie_id = t.id)
  ->  Seq Scan on movie_info_idx mi_idx  (cost=0.00..21735.35 rows=1380035 width=4) (actual time=0.024..323.483 rows=1380035 loops=1)
  ->  Hash  (cost=83071.67..83071.67 rows=246 width=8) (actual time=1314.460..1314.460 rows=33 loops=1)
        Buckets: 1024  Batches: 1  Memory Usage: 10kB
        ->  Nested Loop  (cost=0.43..83071.67 rows=246 width=8) (actual time=26.713..1314.403 rows=33 loops=1)
              ->  Seq Scan on movie_keyword mk  (cost=0.00..81003.12 rows=246 width=4) (actual time=26.604..1312.757 rows=33 loops=1)
                    Filter: (keyword_id = 39967)
                    Rows Removed by Filter: 4523897
              ->  Index Only Scan using title_pkey on title t  (cost=0.43..8.40 rows=1 width=4) (actual time=0.042..0.043 rows=1 loops=33)
                    Index Cond: (id = mk.movie_id)
                    Heap Fetches: 33
Planning time: 1.847 ms
Execution time: 1871.180 ms
