Hash Join  (cost=96027.47..1021743.03 rows=6779869 width=0) (actual time=3468.831..24946.303 rows=6884566 loops=1)
  Hash Cond: (ci.movie_id = t.id)
  ->  Seq Scan on cast_info ci  (cost=0.00..705507.15 rows=12726058 width=4) (actual time=1590.715..14316.542 rows=12670688 loops=1)
        Filter: (role_id = 1)
        Rows Removed by Filter: 23573656
  ->  Hash  (cost=73925.90..73925.90 rows=1347085 width=4) (actual time=1876.782..1876.782 rows=1424794 loops=1)
        Buckets: 131072  Batches: 32  Memory Usage: 2590kB
        ->  Seq Scan on title t  (cost=0.00..73925.90 rows=1347085 width=4) (actual time=0.037..1428.139 rows=1424794 loops=1)
              Filter: ((kind_id > 4) AND (production_year > 1962))
              Rows Removed by Filter: 1103518
Planning time: 0.521 ms
Execution time: 25702.185 ms
