Seq Scan on movie_keyword mk  (cost=0.00..81003.12 rows=2973737 width=0) (actual time=0.025..1527.091 rows=2959405 loops=1)
  Filter: (keyword_id < 10029)
  Rows Removed by Filter: 1564525
Planning time: 0.315 ms
Execution time: 1895.068 ms
