Seq Scan on movie_keyword mk  (cost=0.00..81003.12 rows=246 width=0) (actual time=153.434..1256.777 rows=13 loops=1)
  Filter: (keyword_id = 10094)
  Rows Removed by Filter: 4523917
Planning time: 1.287 ms
Execution time: 1256.879 ms
