Hash Join  (cost=74369.53..101473.71 rows=19370 width=0) (actual time=922.184..1260.249 rows=11868 loops=1)
  Hash Cond: (mi_idx.movie_id = t.id)
  ->  Seq Scan on movie_info_idx mi_idx  (cost=0.00..21735.35 rows=1380035 width=4) (actual time=0.015..300.407 rows=1380035 loops=1)
  ->  Hash  (cost=73925.90..73925.90 rows=35490 width=4) (actual time=640.288..640.288 rows=39698 loops=1)
        Buckets: 65536  Batches: 1  Memory Usage: 1908kB
        ->  Seq Scan on title t  (cost=0.00..73925.90 rows=35490 width=4) (actual time=0.054..626.653 rows=39698 loops=1)
              Filter: ((kind_id = 7) AND (production_year = 2001))
              Rows Removed by Filter: 2488614
Planning time: 0.772 ms
Execution time: 1262.107 ms
