Hash Join  (cost=102767.86..197841.73 rows=1133227 width=0) (actual time=2398.816..4579.670 rows=1243174 loops=1)
  Hash Cond: (mc.movie_id = t.id)
  ->  Seq Scan on movie_companies mc  (cost=0.00..57926.93 rows=1133227 width=4) (actual time=455.050..1144.850 rows=1243174 loops=1)
        Filter: ((company_id > 225) AND (company_type_id > 1))
        Rows Removed by Filter: 1365955
  ->  Hash  (cost=61283.27..61283.27 rows=2528527 width=4) (actual time=1942.613..1942.613 rows=2528312 loops=1)
        Buckets: 131072  Batches: 64  Memory Usage: 2415kB
        ->  Seq Scan on title t  (cost=0.00..61283.27 rows=2528527 width=4) (actual time=0.017..1097.964 rows=2528312 loops=1)
Planning time: 0.763 ms
Execution time: 4730.149 ms
