Hash Join  (cost=365418.15..1201181.92 rows=24503002 width=0) (actual time=8149.092..66522.174 rows=185502858 loops=1)
  Hash Cond: (mi.movie_id = t.id)
  ->  Seq Scan on movie_info mi  (cost=0.00..346232.03 rows=13695283 width=4) (actual time=0.031..7559.005 rows=13733400 loops=1)
        Filter: (info_type_id < 66)
        Rows Removed by Filter: 1102320
  ->  Hash  (cost=291197.02..291197.02 rows=4523930 width=8) (actual time=8146.805..8146.805 rows=4523930 loops=1)
        Buckets: 131072  Batches: 64  Memory Usage: 3893kB
        ->  Hash Join  (cost=102767.86..291197.02 rows=4523930 width=8) (actual time=2171.863..6949.943 rows=4523930 loops=1)
              Hash Cond: (mk.movie_id = t.id)
              ->  Seq Scan on movie_keyword mk  (cost=0.00..69693.30 rows=4523930 width=4) (actual time=0.020..1326.778 rows=4523930 loops=1)
              ->  Hash  (cost=61283.27..61283.27 rows=2528527 width=4) (actual time=2166.816..2166.816 rows=2528312 loops=1)
                    Buckets: 131072  Batches: 64  Memory Usage: 2425kB
                    ->  Seq Scan on title t  (cost=0.00..61283.27 rows=2528527 width=4) (actual time=0.019..996.110 rows=2528312 loops=1)
Planning time: 6.386 ms
Execution time: 87403.437 ms
