Hash Join  (cost=242963.69..1530008.92 rows=20244008 width=0) (actual time=5483.174..48126.431 rows=51579099 loops=1)
  Hash Cond: (ci.movie_id = t.id)
  ->  Seq Scan on cast_info ci  (cost=0.00..614943.12 rows=36225612 width=4) (actual time=0.021..13580.796 rows=36244344 loops=1)
  ->  Hash  (cost=219780.94..219780.94 rows=1413020 width=8) (actual time=5481.411..5481.411 rows=886170 loops=1)
        Buckets: 131072  Batches: 32  Memory Usage: 2122kB
        ->  Hash Join  (cost=80562.70..219780.94 rows=1413020 width=8) (actual time=1539.316..5224.143 rows=886170 loops=1)
              Hash Cond: (mk.movie_id = t.id)
              ->  Seq Scan on movie_keyword mk  (cost=0.00..69693.30 rows=4523930 width=4) (actual time=0.020..1386.583 rows=4523930 loops=1)
              ->  Hash  (cost=67604.59..67604.59 rows=789769 width=4) (actual time=1538.004..1538.004 rows=784926 loops=1)
                    Buckets: 131072  Batches: 16  Memory Usage: 2756kB
                    ->  Seq Scan on title t  (cost=0.00..67604.59 rows=789769 width=4) (actual time=0.008..1275.212 rows=784926 loops=1)
                          Filter: (production_year > 2007)
                          Rows Removed by Filter: 1743386
Planning time: 1.209 ms
Execution time: 53802.651 ms
