Hash Join  (cost=52284.69..138943.40 rows=68 width=0) (actual time=893.466..2666.800 rows=327 loops=1)
  Hash Cond: (mk.movie_id = t.id)
  ->  Seq Scan on movie_keyword mk  (cost=0.00..69693.30 rows=4523930 width=4) (actual time=0.018..1011.743 rows=4523930 loops=1)
  ->  Hash  (cost=52284.21..52284.21 rows=38 width=8) (actual time=888.761..888.761 rows=130 loops=1)
        Buckets: 1024  Batches: 1  Memory Usage: 14kB
        ->  Nested Loop  (cost=0.43..52284.21 rows=38 width=8) (actual time=3.373..888.616 rows=130 loops=1)
              ->  Seq Scan on movie_companies mc  (cost=0.00..51404.11 rows=104 width=4) (actual time=3.336..883.608 rows=171 loops=1)
                    Filter: (company_id = 536)
                    Rows Removed by Filter: 2608958
              ->  Index Scan using title_pkey on title t  (cost=0.43..8.45 rows=1 width=4) (actual time=0.027..0.027 rows=1 loops=171)
                    Index Cond: (id = mc.movie_id)
                    Filter: ((kind_id < 7) AND (production_year > 1916))
                    Rows Removed by Filter: 0
Planning time: 1.235 ms
Execution time: 2667.013 ms
