Seq Scan on title t  (cost=0.00..73925.90 rows=1081744 width=0) (actual time=0.022..1187.512 rows=1176905 loops=1)
  Filter: ((production_year > 1989) AND (kind_id = 7))
  Rows Removed by Filter: 1351407
Planning time: 0.405 ms
Execution time: 1342.923 ms
