Hash Join  (cost=188833.00..692297.03 rows=2217212 width=0) (actual time=3729.184..21782.006 rows=20824429 loops=1)
  Hash Cond: (mi.movie_id = t.id)
  ->  Seq Scan on movie_info mi  (cost=0.00..309384.22 rows=14739122 width=4) (actual time=0.014..5876.091 rows=14835720 loops=1)
  ->  Hash  (cost=182592.41..182592.41 rows=380367 width=8) (actual time=3728.158..3728.158 rows=525365 loops=1)
        Buckets: 131072  Batches: 8  Memory Usage: 3658kB
        ->  Hash Join  (cost=80874.21..182592.41 rows=380367 width=8) (actual time=1390.872..3565.816 rows=525365 loops=1)
              Hash Cond: (mk.movie_id = t.id)
              ->  Seq Scan on movie_keyword mk  (cost=0.00..81003.12 rows=1189175 width=4) (actual time=0.016..1310.736 rows=1194024 loops=1)
                    Filter: (keyword_id < 1450)
                    Rows Removed by Filter: 3329906
              ->  Hash  (cost=67604.59..67604.59 rows=808770 width=4) (actual time=1389.774..1389.774 rows=812704 loops=1)
                    Buckets: 131072  Batches: 16  Memory Usage: 2819kB
                    ->  Seq Scan on title t  (cost=0.00..67604.59 rows=808770 width=4) (actual time=0.017..1121.702 rows=812704 loops=1)
                          Filter: (production_year < 1995)
                          Rows Removed by Filter: 1715608
Planning time: 1.135 ms
Execution time: 24239.278 ms
