Hash Join  (cost=102767.86..917038.97 rows=345842 width=0) (actual time=4520.777..18222.610 rows=314867 loops=1)
  Hash Cond: (ci.movie_id = t.id)
  ->  Seq Scan on cast_info ci  (cost=0.00..796071.18 rows=345842 width=4) (actual time=2579.919..15522.653 rows=314867 loops=1)
        Filter: ((person_id > 43106) AND (role_id > 10))
        Rows Removed by Filter: 35929477
  ->  Hash  (cost=61283.27..61283.27 rows=2528527 width=4) (actual time=1939.562..1939.562 rows=2528312 loops=1)
        Buckets: 131072  Batches: 64  Memory Usage: 2415kB
        ->  Seq Scan on title t  (cost=0.00..61283.27 rows=2528527 width=4) (actual time=0.031..1071.555 rows=2528312 loops=1)
Planning time: 0.620 ms
Execution time: 18261.473 ms
