Seq Scan on movie_keyword mk  (cost=0.00..81003.12 rows=4154831 width=0) (actual time=0.019..1612.303 rows=4156150 loops=1)
  Filter: (keyword_id < 45836)
  Rows Removed by Filter: 367780
Planning time: 0.326 ms
Execution time: 2119.829 ms
