Seq Scan on cast_info ci  (cost=0.00..796071.18 rows=31138398 width=0) (actual time=0.026..18041.836 rows=31219045 loops=1)
  Filter: ((person_id > 45617) AND (role_id < 10))
  Rows Removed by Filter: 5025299
Planning time: 0.364 ms
Execution time: 21886.193 ms
