Seq Scan on movie_companies mc  (cost=0.00..57926.93 rows=234178 width=0) (actual time=0.026..874.378 rows=349086 loops=1)
  Filter: ((company_id < 419) AND (company_type_id < 2))
  Rows Removed by Filter: 2260043
Planning time: 0.362 ms
Execution time: 918.586 ms
