Hash Join  (cost=307959.69..1010248.05 rows=17397564 width=0) (actual time=6609.251..23018.324 rows=13613111 loops=1)
  Hash Cond: (mi.movie_id = t.id)
  ->  Seq Scan on movie_info mi  (cost=0.00..309384.22 rows=14739122 width=4) (actual time=0.016..6132.463 rows=14835720 loops=1)
  ->  Hash  (cost=258993.34..258993.34 rows=2984588 width=8) (actual time=6607.760..6607.760 rows=1203219 loops=1)
        Buckets: 131072  Batches: 64  Memory Usage: 1753kB
        ->  Hash Join  (cost=94973.51..258993.34 rows=2984588 width=8) (actual time=2127.765..6227.482 rows=1203219 loops=1)
              Hash Cond: (mk.movie_id = t.id)
              ->  Seq Scan on movie_keyword mk  (cost=0.00..69693.30 rows=4523930 width=4) (actual time=0.014..1447.212 rows=4523930 loops=1)
              ->  Hash  (cost=67604.59..67604.59 rows=1668154 width=4) (actual time=2117.571..2117.571 rows=1674098 loops=1)
                    Buckets: 131072  Batches: 32  Memory Usage: 2875kB
                    ->  Seq Scan on title t  (cost=0.00..67604.59 rows=1668154 width=4) (actual time=0.018..1287.830 rows=1674098 loops=1)
                          Filter: (kind_id > 3)
                          Rows Removed by Filter: 854214
Planning time: 1.211 ms
Execution time: 24520.616 ms
