Seq Scan on movie_keyword mk  (cost=0.00..81003.12 rows=1773818 width=0) (actual time=0.012..1348.383 rows=1776480 loops=1)
  Filter: (keyword_id > 7788)
  Rows Removed by Filter: 2747450
Planning time: 0.346 ms
Execution time: 1563.401 ms
