Hash Join  (cost=84197.31..150500.63 rows=113719 width=0) (actual time=1847.195..3066.706 rows=215047 loops=1)
  Hash Cond: (mc.movie_id = t.id)
  ->  Seq Scan on movie_companies mc  (cost=0.00..57926.93 rows=284318 width=4) (actual time=218.950..917.980 rows=563418 loops=1)
        Filter: ((company_id > 71574) AND (company_type_id = 2))
        Rows Removed by Filter: 2045711
  ->  Hash  (cost=67604.59..67604.59 rows=1011338 width=4) (actual time=1626.838..1626.838 rows=1012920 loops=1)
        Buckets: 131072  Batches: 16  Memory Usage: 3250kB
        ->  Seq Scan on title t  (cost=0.00..67604.59 rows=1011338 width=4) (actual time=0.026..1292.638 rows=1012920 loops=1)
              Filter: (production_year > 2005)
              Rows Removed by Filter: 1515392
Planning time: 0.774 ms
Execution time: 3091.925 ms
