Hash Join  (cost=428816.62..515926.01 rows=45135 width=0) (actual time=7033.627..8249.022 rows=9512 loops=1)
  Hash Cond: (mk.movie_id = t.id)
  ->  Seq Scan on movie_keyword mk  (cost=0.00..69693.30 rows=4523930 width=4) (actual time=0.023..941.121 rows=4523930 loops=1)
  ->  Hash  (cost=428501.28..428501.28 rows=25227 width=8) (actual time=6473.591..6473.591 rows=4350 loops=1)
        Buckets: 32768  Batches: 1  Memory Usage: 426kB
        ->  Hash Join  (cost=76243.83..428501.28 rows=25227 width=8) (actual time=2196.248..6471.457 rows=4350 loops=1)
              Hash Cond: (mi.movie_id = t.id)
              ->  Seq Scan on movie_info mi  (cost=0.00..346232.03 rows=451508 width=4) (actual time=1016.897..5070.136 rows=474443 loops=1)
                    Filter: (info_type_id = 6)
                    Rows Removed by Filter: 14361277
              ->  Hash  (cost=73925.90..73925.90 rows=141274 width=4) (actual time=1178.445..1178.445 rows=150659 loops=1)
                    Buckets: 131072  Batches: 2  Memory Usage: 3679kB
                    ->  Seq Scan on title t  (cost=0.00..73925.90 rows=141274 width=4) (actual time=0.031..1121.507 rows=150659 loops=1)
                          Filter: ((production_year > 2011) AND (kind_id = 7))
                          Rows Removed by Filter: 2377653
Planning time: 1.241 ms
Execution time: 8250.510 ms
