Seq Scan on movie_keyword mk  (cost=0.00..81003.12 rows=2189461 width=0) (actual time=0.014..1457.446 rows=2190239 loops=1)
  Filter: (keyword_id > 5156)
  Rows Removed by Filter: 2333691
Planning time: 0.321 ms
Execution time: 1738.465 ms
