Hash Join  (cost=75258.96..560116.37 rows=473349 width=0) (actual time=1583.514..13433.992 rows=753933 loops=1)
  Hash Cond: (mi.movie_id = t.id)
  ->  Seq Scan on movie_info mi  (cost=0.00..309384.22 rows=14739122 width=4) (actual time=0.021..6040.338 rows=14835720 loops=1)
  ->  Hash  (cost=73925.90..73925.90 rows=81204 width=4) (actual time=1221.577..1221.577 rows=89118 loops=1)
        Buckets: 131072  Batches: 2  Memory Usage: 2601kB
        ->  Seq Scan on title t  (cost=0.00..73925.90 rows=81204 width=4) (actual time=0.028..1183.507 rows=89118 loops=1)
              Filter: ((production_year > 1954) AND (kind_id = 2))
              Rows Removed by Filter: 2439194
Planning time: 2.606 ms
Execution time: 13532.534 ms
