Hash Join  (cost=74325.39..171201.46 rows=51755 width=0) (actual time=1100.560..3299.253 rows=28390 loops=1)
  Hash Cond: (mk.movie_id = t.id)
  ->  Seq Scan on movie_keyword mk  (cost=0.00..81003.12 rows=4094771 width=4) (actual time=0.018..1572.047 rows=4099880 loops=1)
        Filter: (keyword_id < 41212)
        Rows Removed by Filter: 424050
  ->  Hash  (cost=73925.90..73925.90 rows=31959 width=4) (actual time=1099.439..1099.439 rows=18823 loops=1)
        Buckets: 32768  Batches: 1  Memory Usage: 918kB
        ->  Seq Scan on title t  (cost=0.00..73925.90 rows=31959 width=4) (actual time=0.018..1091.440 rows=18823 loops=1)
              Filter: ((production_year > 2007) AND (kind_id = 3))
              Rows Removed by Filter: 2509489
Planning time: 0.801 ms
Execution time: 3303.159 ms
