Seq Scan on movie_companies mc  (cost=0.00..57926.93 rows=1101078 width=0) (actual time=0.018..1086.382 rows=1274246 loops=1)
  Filter: ((company_id < 85942) AND (company_type_id < 2))
  Rows Removed by Filter: 1334883
Planning time: 0.332 ms
Execution time: 1249.480 ms
