Hash Join  (cost=80408.18..594415.21 rows=1978840 width=0) (actual time=1841.789..16420.660 rows=2931954 loops=1)
  Hash Cond: (mi.movie_id = t.id)
  ->  Seq Scan on movie_info mi  (cost=0.00..346232.03 rows=12665229 width=4) (actual time=0.017..7628.130 rows=12744652 loops=1)
        Filter: (info_type_id > 2)
        Rows Removed by Filter: 2091068
  ->  Hash  (cost=73925.90..73925.90 rows=395062 width=4) (actual time=1840.415..1840.415 rows=335993 loops=1)
        Buckets: 131072  Batches: 8  Memory Usage: 2498kB
        ->  Seq Scan on title t  (cost=0.00..73925.90 rows=395062 width=4) (actual time=0.028..1230.419 rows=335993 loops=1)
              Filter: ((kind_id < 7) AND (production_year > 2005))
              Rows Removed by Filter: 2192319
Planning time: 0.772 ms
Execution time: 16729.033 ms
