Seq Scan on cast_info ci  (cost=0.00..796071.18 rows=332 width=0) (actual time=11881.687..14552.884 rows=115 loops=1)
  Filter: ((role_id < 4) AND (person_id = 2446607))
  Rows Removed by Filter: 36244229
Planning time: 0.794 ms
Execution time: 14553.014 ms
