Seq Scan on movie_keyword mk  (cost=0.00..81003.12 rows=1436609 width=0) (actual time=0.027..1394.109 rows=1452929 loops=1)
  Filter: (keyword_id < 2048)
  Rows Removed by Filter: 3071001
Planning time: 0.306 ms
Execution time: 1577.250 ms
