Hash Join  (cost=102602.93..157279.30 rows=1085 width=0) (actual time=1748.051..2799.855 rows=2162 loops=1)
  Hash Cond: (mc.movie_id = t.id)
  ->  Seq Scan on movie_companies mc  (cost=0.00..44881.29 rows=2609129 width=4) (actual time=0.023..589.394 rows=2609129 loops=1)
  ->  Hash  (cost=102589.79..102589.79 rows=1051 width=8) (actual time=1746.378..1746.378 rows=622 loops=1)
        Buckets: 2048  Batches: 1  Memory Usage: 41kB
        ->  Hash Join  (cost=73962.22..102589.79 rows=1051 width=8) (actual time=1093.339..1746.005 rows=622 loops=1)
              Hash Cond: (mi_idx.movie_id = t.id)
              ->  Seq Scan on movie_info_idx mi_idx  (cost=0.00..25185.44 rows=915101 width=4) (actual time=0.022..507.820 rows=919850 loops=1)
                    Filter: (info_type_id < 101)
                    Rows Removed by Filter: 460185
              ->  Hash  (cost=73925.90..73925.90 rows=2905 width=4) (actual time=1092.835..1092.835 rows=2615 loops=1)
                    Buckets: 4096  Batches: 1  Memory Usage: 124kB
                    ->  Seq Scan on title t  (cost=0.00..73925.90 rows=2905 width=4) (actual time=259.572..1091.495 rows=2615 loops=1)
                          Filter: ((kind_id < 7) AND (production_year = 1924))
                          Rows Removed by Filter: 2525697
Planning time: 0.803 ms
Execution time: 2800.323 ms
