Hash Join  (cost=462970.97..594085.13 rows=747912 width=0) (actual time=7848.193..11189.594 rows=679600 loops=1)
  Hash Cond: (mk.movie_id = t.id)
  ->  Seq Scan on movie_keyword mk  (cost=0.00..69693.30 rows=4523930 width=4) (actual time=0.017..1442.792 rows=4523930 loops=1)
  ->  Hash  (cost=456112.66..456112.66 rows=418025 width=8) (actual time=7846.711..7846.711 rows=131380 loops=1)
        Buckets: 131072  Batches: 8  Memory Usage: 1680kB
        ->  Hash Join  (cost=85113.64..456112.66 rows=418025 width=8) (actual time=2429.493..7805.644 rows=131380 loops=1)
              Hash Cond: (mi.movie_id = t.id)
              ->  Seq Scan on movie_info mi  (cost=0.00..346232.03 rows=1550064 width=4) (actual time=855.910..5434.348 rows=1533909 loops=1)
                    Filter: (info_type_id = 3)
                    Rows Removed by Filter: 13301811
              ->  Hash  (cost=73925.90..73925.90 rows=681899 width=4) (actual time=1572.594..1572.594 rows=565062 loops=1)
                    Buckets: 131072  Batches: 16  Memory Usage: 2272kB
                    ->  Seq Scan on title t  (cost=0.00..73925.90 rows=681899 width=4) (actual time=0.032..1374.866 rows=565062 loops=1)
                          Filter: ((kind_id > 1) AND (production_year < 1998))
                          Rows Removed by Filter: 1963250
Planning time: 1.166 ms
Execution time: 11267.708 ms
