Hash Join  (cost=150466.99..948812.25 rows=326 width=0) (actual time=7504.520..15161.830 rows=9 loops=1)
  Hash Cond: (ci.movie_id = t.id)
  ->  Seq Scan on cast_info ci  (cost=0.00..796071.18 rows=605553 width=4) (actual time=3762.219..12084.771 rows=3176559 loops=1)
        Filter: ((person_id > 3366834) AND (role_id > 8))
        Rows Removed by Filter: 33067785
  ->  Hash  (cost=150449.98..150449.98 rows=1361 width=8) (actual time=2607.481..2607.481 rows=814 loops=1)
        Buckets: 2048  Batches: 1  Memory Usage: 48kB
        ->  Hash Join  (cost=67697.55..150449.98 rows=1361 width=8) (actual time=1116.439..2606.790 rows=814 loops=1)
              Hash Cond: (mk.movie_id = t.id)
              ->  Seq Scan on movie_keyword mk  (cost=0.00..81003.12 rows=462851 width=4) (actual time=0.028..1400.328 rows=472545 loops=1)
                    Filter: (keyword_id < 359)
                    Rows Removed by Filter: 4051385
              ->  Hash  (cost=67604.59..67604.59 rows=7437 width=4) (actual time=1107.545..1107.545 rows=8902 loops=1)
                    Buckets: 16384 (originally 8192)  Batches: 1 (originally 1)  Memory Usage: 441kB
                    ->  Seq Scan on title t  (cost=0.00..67604.59 rows=7437 width=4) (actual time=208.190..1103.416 rows=8902 loops=1)
                          Filter: (production_year = 1913)
                          Rows Removed by Filter: 2519410
Planning time: 3.300 ms
Execution time: 15162.034 ms
