Hash Join  (cost=215833.08..1281174.38 rows=10801882 width=0) (actual time=4933.732..38440.863 rows=27497075 loops=1)
  Hash Cond: (ci.movie_id = t.id)
  ->  Seq Scan on cast_info ci  (cost=0.00..705507.15 rows=21346219 width=4) (actual time=0.015..14985.150 rows=21198731 loops=1)
        Filter: (person_id < 2142470)
        Rows Removed by Filter: 15045613
  ->  Hash  (cost=194840.12..194840.12 rows=1279517 width=8) (actual time=4933.022..4933.022 rows=1274246 loops=1)
        Buckets: 131072  Batches: 32  Memory Usage: 2553kB
        ->  Hash Join  (cost=102767.86..194840.12 rows=1279517 width=8) (actual time=2124.579..4560.596 rows=1274246 loops=1)
              Hash Cond: (mc.movie_id = t.id)
              ->  Seq Scan on movie_companies mc  (cost=0.00..51404.11 rows=1279517 width=4) (actual time=0.012..997.667 rows=1274246 loops=1)
                    Filter: (company_type_id = 1)
                    Rows Removed by Filter: 1334883
              ->  Hash  (cost=61283.27..61283.27 rows=2528527 width=4) (actual time=2123.048..2123.048 rows=2528312 loops=1)
                    Buckets: 131072  Batches: 64  Memory Usage: 2415kB
                    ->  Seq Scan on title t  (cost=0.00..61283.27 rows=2528527 width=4) (actual time=0.016..1204.060 rows=2528312 loops=1)
Planning time: 1.178 ms
Execution time: 41542.226 ms
