Hash Join  (cost=101413.64..185910.93 rows=2306 width=0) (actual time=1829.995..3324.913 rows=4700 loops=1)
  Hash Cond: (mk.movie_id = t.id)
  ->  Seq Scan on movie_keyword mk  (cost=0.00..81003.12 rows=925630 width=4) (actual time=0.025..1337.214 rows=922105 loops=1)
        Filter: (keyword_id > 20325)
        Rows Removed by Filter: 3601825
  ->  Hash  (cost=101334.90..101334.90 rows=6299 width=8) (actual time=1827.949..1827.949 rows=6274 loops=1)
        Buckets: 8192  Batches: 1  Memory Usage: 310kB
        ->  Hash Join  (cost=74357.80..101334.90 rows=6299 width=8) (actual time=1223.080..1825.183 rows=6274 loops=1)
              Hash Cond: (mi_idx.movie_id = t.id)
              ->  Seq Scan on movie_info_idx mi_idx  (cost=0.00..25185.44 rows=460978 width=4) (actual time=0.015..465.350 rows=459925 loops=1)
                    Filter: (info_type_id < 100)
                    Rows Removed by Filter: 920110
              ->  Hash  (cost=73925.90..73925.90 rows=34552 width=4) (actual time=1222.671..1222.671 rows=39508 loops=1)
                    Buckets: 65536  Batches: 1  Memory Usage: 1901kB
                    ->  Seq Scan on title t  (cost=0.00..73925.90 rows=34552 width=4) (actual time=0.061..1205.205 rows=39508 loops=1)
                          Filter: ((kind_id > 1) AND (production_year = 1998))
                          Rows Removed by Filter: 2488804
Planning time: 1.206 ms
Execution time: 3325.950 ms
