Hash Join  (cost=215833.08..369368.96 rows=2055861 width=0) (actual time=5163.040..14087.020 rows=23591600 loops=1)
  Hash Cond: (mk.movie_id = t.id)
  ->  Seq Scan on movie_keyword mk  (cost=0.00..81003.12 rows=4062704 width=4) (actual time=0.016..1799.414 rows=4066054 loops=1)
        Filter: (keyword_id < 38749)
        Rows Removed by Filter: 457876
  ->  Hash  (cost=194840.12..194840.12 rows=1279517 width=8) (actual time=5161.962..5161.962 rows=1274246 loops=1)
        Buckets: 131072  Batches: 32  Memory Usage: 2633kB
        ->  Hash Join  (cost=102767.86..194840.12 rows=1279517 width=8) (actual time=2032.047..4794.011 rows=1274246 loops=1)
              Hash Cond: (mc.movie_id = t.id)
              ->  Seq Scan on movie_companies mc  (cost=0.00..51404.11 rows=1279517 width=4) (actual time=0.020..1066.294 rows=1274246 loops=1)
                    Filter: (company_type_id = 1)
                    Rows Removed by Filter: 1334883
              ->  Hash  (cost=61283.27..61283.27 rows=2528527 width=4) (actual time=2030.850..2030.850 rows=2528312 loops=1)
                    Buckets: 131072  Batches: 64  Memory Usage: 2415kB
                    ->  Seq Scan on title t  (cost=0.00..61283.27 rows=2528527 width=4) (actual time=0.011..1196.080 rows=2528312 loops=1)
Planning time: 0.659 ms
Execution time: 16753.103 ms
