Seq Scan on cast_info ci  (cost=0.00..796071.18 rows=1883489 width=0) (actual time=1022.395..14468.479 rows=1936158 loops=1)
  Filter: ((person_id > 1099273) AND (role_id = 4))
  Rows Removed by Filter: 34308186
Planning time: 0.444 ms
Execution time: 14720.354 ms
