Seq Scan on cast_info ci  (cost=0.00..796071.18 rows=324 width=0) (actual time=285.794..14281.667 rows=427 loops=1)
  Filter: ((role_id > 1) AND (person_id = 2638982))
  Rows Removed by Filter: 36243917
Planning time: 0.402 ms
Execution time: 14281.878 ms
