Hash Join  (cost=477978.59..1305299.77 rows=408696 width=0) (actual time=16516.183..20704.273 rows=2176 loops=1)
  Hash Cond: (ci.movie_id = t.id)
  ->  Seq Scan on cast_info ci  (cost=0.00..796071.18 rows=2189611 width=4) (actual time=8227.279..12341.534 rows=1790 loops=1)
        Filter: ((person_id < 1054773) AND (role_id = 2))
        Rows Removed by Filter: 36242554
  ->  Hash  (cost=470235.15..470235.15 rows=471955 width=8) (actual time=8283.862..8283.862 rows=543367 loops=1)
        Buckets: 131072  Batches: 8  Memory Usage: 3673kB
        ->  Hash Join  (cost=102767.86..470235.15 rows=471955 width=8) (actual time=4315.043..8153.562 rows=543367 loops=1)
              Hash Cond: (mi.movie_id = t.id)
              ->  Seq Scan on movie_info mi  (cost=0.00..346232.03 rows=471955 width=4) (actual time=2195.128..5325.361 rows=543367 loops=1)
                    Filter: (info_type_id > 98)
                    Rows Removed by Filter: 14292353
              ->  Hash  (cost=61283.27..61283.27 rows=2528527 width=4) (actual time=2116.763..2116.763 rows=2528312 loops=1)
                    Buckets: 131072  Batches: 64  Memory Usage: 2425kB
                    ->  Seq Scan on title t  (cost=0.00..61283.27 rows=2528527 width=4) (actual time=0.018..1171.627 rows=2528312 loops=1)
Planning time: 1.174 ms
Execution time: 20704.949 ms
