Hash Join  (cost=101482.33..186348.86 rows=5711 width=0) (actual time=1801.211..3436.868 rows=5112 loops=1)
  Hash Cond: (mk.movie_id = t.id)
  ->  Seq Scan on movie_keyword mk  (cost=0.00..81003.12 rows=1015012 width=4) (actual time=0.020..1455.561 rows=1016985 loops=1)
        Filter: (keyword_id < 992)
        Rows Removed by Filter: 3506945
  ->  Hash  (cost=101304.49..101304.49 rows=14227 width=8) (actual time=1799.207..1799.207 rows=6543 loops=1)
        Buckets: 16384  Batches: 1  Memory Usage: 384kB
        ->  Hash Join  (cost=74251.74..101304.49 rows=14227 width=8) (actual time=1152.237..1796.410 rows=6543 loops=1)
              Hash Cond: (mi_idx.movie_id = t.id)
              ->  Seq Scan on movie_info_idx mi_idx  (cost=0.00..21735.35 rows=1380035 width=4) (actual time=0.014..317.855 rows=1380035 loops=1)
              ->  Hash  (cost=73925.90..73925.90 rows=26067 width=4) (actual time=1150.083..1150.083 rows=27085 loops=1)
                    Buckets: 32768  Batches: 1  Memory Usage: 1209kB
                    ->  Seq Scan on title t  (cost=0.00..73925.90 rows=26067 width=4) (actual time=0.500..1138.920 rows=27085 loops=1)
                          Filter: ((kind_id < 7) AND (production_year > 2012))
                          Rows Removed by Filter: 2501227
Planning time: 1.234 ms
Execution time: 3437.895 ms
