Hash Join  (cost=491650.71..1439535.87 rows=5188513 width=0) (actual time=10217.186..36412.319 rows=7505166 loops=1)
  Hash Cond: (ci.movie_id = t.id)
  ->  Seq Scan on cast_info ci  (cost=0.00..705507.15 rows=16201301 width=4) (actual time=1671.298..15278.328 rows=16121683 loops=1)
        Filter: (role_id > 2)
        Rows Removed by Filter: 20122661
  ->  Hash  (cost=478364.61..478364.61 rows=809768 width=8) (actual time=8544.751..8544.751 rows=802140 loops=1)
        Buckets: 131072  Batches: 16  Memory Usage: 2973kB
        ->  Hash Join  (cost=102767.86..478364.61 rows=809768 width=8) (actual time=3401.642..8311.432 rows=802140 loops=1)
              Hash Cond: (mi.movie_id = t.id)
              ->  Seq Scan on movie_info mi  (cost=0.00..346232.03 rows=809768 width=4) (actual time=1509.298..5284.794 rows=802140 loops=1)
                    Filter: (info_type_id < 2)
                    Rows Removed by Filter: 14033580
              ->  Hash  (cost=61283.27..61283.27 rows=2528527 width=4) (actual time=1891.298..1891.298 rows=2528312 loops=1)
                    Buckets: 131072  Batches: 64  Memory Usage: 2425kB
                    ->  Seq Scan on title t  (cost=0.00..61283.27 rows=2528527 width=4) (actual time=0.019..1051.323 rows=2528312 loops=1)
Planning time: 1.168 ms
Execution time: 37305.536 ms
