Hash Join  (cost=102767.86..227478.05 rows=1405850 width=0) (actual time=1916.607..5004.161 rows=1423926 loops=1)
  Hash Cond: (mk.movie_id = t.id)
  ->  Seq Scan on movie_keyword mk  (cost=0.00..81003.12 rows=1405850 width=4) (actual time=0.019..1598.966 rows=1423926 loops=1)
        Filter: (keyword_id < 1962)
        Rows Removed by Filter: 3100004
  ->  Hash  (cost=61283.27..61283.27 rows=2528527 width=4) (actual time=1915.626..1915.626 rows=2528312 loops=1)
        Buckets: 131072  Batches: 64  Memory Usage: 2425kB
        ->  Seq Scan on title t  (cost=0.00..61283.27 rows=2528527 width=4) (actual time=0.013..1065.452 rows=2528312 loops=1)
Planning time: 0.754 ms
Execution time: 5157.177 ms
