Hash Join  (cost=98137.04..1047028.94 rows=5310438 width=0) (actual time=6333.623..26037.682 rows=7941389 loops=1)
  Hash Cond: (ci.movie_id = t.id)
  ->  Seq Scan on cast_info ci  (cost=0.00..796071.18 rows=7215269 width=4) (actual time=4457.388..14447.421 rows=11110999 loops=1)
        Filter: ((person_id > 2591313) AND (role_id > 1))
        Rows Removed by Filter: 25133345
  ->  Hash  (cost=67604.59..67604.59 rows=1860996 width=4) (actual time=1874.754..1874.754 rows=1865487 loops=1)
        Buckets: 131072  Batches: 32  Memory Usage: 3079kB
        ->  Seq Scan on title t  (cost=0.00..67604.59 rows=1860996 width=4) (actual time=0.038..1267.139 rows=1865487 loops=1)
              Filter: (kind_id > 1)
              Rows Removed by Filter: 662825
Planning time: 0.848 ms
Execution time: 26874.914 ms
