Nested Loop  (cost=0.43..52283.69 rows=104 width=0) (actual time=484.783..706.968 rows=15 loops=1)
  ->  Seq Scan on movie_companies mc  (cost=0.00..51404.11 rows=104 width=4) (actual time=484.696..702.949 rows=15 loops=1)
        Filter: (company_id = 32480)
        Rows Removed by Filter: 2609114
  ->  Index Only Scan using title_pkey on title t  (cost=0.43..8.45 rows=1 width=4) (actual time=0.262..0.262 rows=1 loops=15)
        Index Cond: (id = mc.movie_id)
        Heap Fetches: 15
Planning time: 0.763 ms
Execution time: 707.046 ms
