Hash Join  (cost=78107.40..139750.34 rows=211146 width=144) (actual time=2473.426..3870.854 rows=227454 loops=1)
  Hash Cond: (mi_idx.movie_id = t.id)
  ->  Seq Scan on movie_info_idx mi_idx  (cost=0.00..21735.35 rows=1380035 width=50) (actual time=0.015..500.323 rows=1380035 loops=1)
  ->  Hash  (cost=67604.59..67604.59 rows=386865 width=94) (actual time=2472.792..2472.792 rows=381430 loops=1)
        Buckets: 32768  Batches: 16  Memory Usage: 2913kB
        ->  Seq Scan on title t  (cost=0.00..67604.59 rows=386865 width=94) (actual time=0.029..1632.812 rows=381430 loops=1)
              Filter: (production_year < 1971)
              Rows Removed by Filter: 2146882
Planning time: 10.767 ms
Execution time: 3883.736 ms
