Nested Loop  (cost=0.43..83072.90 rows=1 width=0) (actual time=201.417..1343.096 rows=2 loops=1)
  ->  Seq Scan on movie_keyword mk  (cost=0.00..81003.12 rows=246 width=4) (actual time=11.391..1333.855 rows=131 loops=1)
        Filter: (keyword_id = 9550)
        Rows Removed by Filter: 4523799
  ->  Index Scan using title_pkey on title t  (cost=0.43..8.40 rows=1 width=4) (actual time=0.066..0.066 rows=0 loops=131)
        Index Cond: (id = mk.movie_id)
        Filter: ((kind_id < 7) AND (production_year = 1981))
        Rows Removed by Filter: 1
Planning time: 0.761 ms
Execution time: 1343.234 ms
