Seq Scan on movie_companies mc  (cost=0.00..57926.93 rows=1289916 width=0) (actual time=0.026..1158.008 rows=1318337 loops=1)
  Filter: ((company_id > 11) AND (company_type_id = 2))
  Rows Removed by Filter: 1290792
Planning time: 2.284 ms
Execution time: 1322.507 ms
