Hash Join  (cost=74545.71..130066.66 rows=20458 width=0) (actual time=1184.285..2335.455 rows=39250 loops=1)
  Hash Cond: (mc.movie_id = t.id)
  ->  Seq Scan on movie_companies mc  (cost=0.00..51404.11 rows=1043271 width=4) (actual time=42.663..915.680 rows=1052739 loops=1)
        Filter: (company_id > 14898)
        Rows Removed by Filter: 1556390
  ->  Hash  (cost=73925.90..73925.90 rows=49584 width=4) (actual time=1141.218..1141.218 rows=38752 loops=1)
        Buckets: 65536  Batches: 1  Memory Usage: 1875kB
        ->  Seq Scan on title t  (cost=0.00..73925.90 rows=49584 width=4) (actual time=0.212..1125.000 rows=38752 loops=1)
              Filter: ((kind_id < 7) AND (production_year = 2008))
              Rows Removed by Filter: 2489560
Planning time: 4.218 ms
Execution time: 2341.281 ms
