Seq Scan on movie_companies mc  (cost=0.00..57926.93 rows=1322 width=0) (actual time=1.155..614.798 rows=1947 loops=1)
  Filter: ((company_type_id < 2) AND (company_id = 181))
  Rows Removed by Filter: 2607182
Planning time: 2.653 ms
Execution time: 615.224 ms
