Seq Scan on cast_info ci  (cost=0.00..796071.18 rows=2447823 width=0) (actual time=0.028..11933.879 rows=1223964 loops=1)
  Filter: ((person_id < 906439) AND (role_id > 4))
  Rows Removed by Filter: 35020380
Planning time: 0.343 ms
Execution time: 12072.699 ms
