Hash Join  (cost=495998.72..1607151.92 rows=3121599 width=0) (actual time=9940.187..36967.549 rows=2406736 loops=1)
  Hash Cond: (ci.movie_id = t.id)
  ->  Seq Scan on cast_info ci  (cost=0.00..614943.12 rows=36225612 width=4) (actual time=0.009..13079.990 rows=36244344 loops=1)
  ->  Hash  (cost=492423.14..492423.14 rows=217886 width=8) (actual time=9938.673..9938.673 rows=112254 loops=1)
        Buckets: 131072  Batches: 4  Memory Usage: 2112kB
        ->  Hash Join  (cost=75458.68..492423.14 rows=217886 width=8) (actual time=3163.767..9628.420 rows=112254 loops=1)
              Hash Cond: (mi.movie_id = t.id)
              ->  Seq Scan on movie_info mi  (cost=0.00..346232.03 rows=5897221 width=4) (actual time=1894.963..6212.332 rows=5884963 loops=1)
                    Filter: (info_type_id < 7)
                    Rows Removed by Filter: 8950757
              ->  Hash  (cost=73925.90..73925.90 rows=93422 width=4) (actual time=1266.468..1266.468 rows=100754 loops=1)
                    Buckets: 131072  Batches: 2  Memory Usage: 2808kB
                    ->  Seq Scan on title t  (cost=0.00..73925.90 rows=93422 width=4) (actual time=0.039..1226.463 rows=100754 loops=1)
                          Filter: ((kind_id > 1) AND (production_year = 2008))
                          Rows Removed by Filter: 2427558
Planning time: 0.680 ms
Execution time: 37218.206 ms
