Seq Scan on title t  (cost=0.00..67604.59 rows=189640 width=0) (actual time=0.022..1046.085 rows=187790 loops=1)
  Filter: (production_year < 1954)
  Rows Removed by Filter: 2340522
Planning time: 0.279 ms
Execution time: 1070.367 ms
