Hash Join  (cost=190230.21..1434859.11 rows=14210849 width=0) (actual time=4271.132..48642.874 rows=31107625 loops=1)
  Hash Cond: (ci.movie_id = t.id)
  ->  Seq Scan on cast_info ci  (cost=0.00..796071.18 rows=26037395 width=4) (actual time=0.020..20669.957 rows=28808107 loops=1)
        Filter: ((person_id < 3447372) AND (role_id < 8))
        Rows Removed by Filter: 7436237
  ->  Hash  (cost=167588.78..167588.78 rows=1380035 width=8) (actual time=4270.029..4270.029 rows=1380035 loops=1)
        Buckets: 131072  Batches: 32  Memory Usage: 2708kB
        ->  Hash Join  (cost=102767.86..167588.78 rows=1380035 width=8) (actual time=1810.814..3868.236 rows=1380035 loops=1)
              Hash Cond: (mi_idx.movie_id = t.id)
              ->  Seq Scan on movie_info_idx mi_idx  (cost=0.00..21735.35 rows=1380035 width=4) (actual time=0.024..536.497 rows=1380035 loops=1)
              ->  Hash  (cost=61283.27..61283.27 rows=2528527 width=4) (actual time=1808.872..1808.872 rows=2528312 loops=1)
                    Buckets: 131072  Batches: 64  Memory Usage: 2415kB
                    ->  Seq Scan on title t  (cost=0.00..61283.27 rows=2528527 width=4) (actual time=0.007..975.572 rows=2528312 loops=1)
Planning time: 1.097 ms
Execution time: 52146.433 ms
