Seq Scan on movie_keyword mk  (cost=0.00..81003.12 rows=246 width=0) (actual time=5.892..1303.855 rows=334 loops=1)
  Filter: (keyword_id = 15412)
  Rows Removed by Filter: 4523596
Planning time: 0.407 ms
Execution time: 1304.133 ms
