Hash Join  (cost=128171.17..493462.64 rows=63555 width=0) (actual time=2370.048..9742.752 rows=213012 loops=1)
  Hash Cond: (mi.movie_id = t.id)
  ->  Seq Scan on movie_info mi  (cost=0.00..309384.22 rows=14739122 width=4) (actual time=0.022..4034.544 rows=14835720 loops=1)
  ->  Hash  (cost=128034.88..128034.88 rows=10903 width=8) (actual time=2369.816..2369.816 rows=22073 loops=1)
        Buckets: 32768 (originally 16384)  Batches: 1 (originally 1)  Memory Usage: 1119kB
        ->  Hash Join  (cost=68426.36..128034.88 rows=10903 width=8) (actual time=1161.675..2360.558 rows=22073 loops=1)
              Hash Cond: (mc.movie_id = t.id)
              ->  Seq Scan on movie_companies mc  (cost=0.00..57926.93 rows=419347 width=4) (actual time=39.742..1036.001 rows=746732 loops=1)
                    Filter: ((company_id > 27140) AND (company_type_id > 1))
                    Rows Removed by Filter: 1862397
              ->  Hash  (cost=67604.59..67604.59 rows=65742 width=4) (actual time=1120.748..1120.748 rows=63827 loops=1)
                    Buckets: 131072  Batches: 1  Memory Usage: 3268kB
                    ->  Seq Scan on title t  (cost=0.00..67604.59 rows=65742 width=4) (actual time=0.025..1094.371 rows=63827 loops=1)
                          Filter: (production_year = 2013)
                          Rows Removed by Filter: 2464485
Planning time: 1.211 ms
Execution time: 9773.934 ms
