Hash Join  (cost=68426.36..160754.66 rows=73430 width=0) (actual time=1007.368..3039.535 rows=23247 loops=1)
  Hash Cond: (mk.movie_id = t.id)
  ->  Seq Scan on movie_keyword mk  (cost=0.00..81003.12 rows=2824232 width=4) (actual time=0.017..1540.835 rows=2813270 loops=1)
        Filter: (keyword_id < 8387)
        Rows Removed by Filter: 1710660
  ->  Hash  (cost=67604.59..67604.59 rows=65742 width=4) (actual time=1006.274..1006.274 rows=63827 loops=1)
        Buckets: 131072  Batches: 1  Memory Usage: 3268kB
        ->  Seq Scan on title t  (cost=0.00..67604.59 rows=65742 width=4) (actual time=0.020..977.460 rows=63827 loops=1)
              Filter: (production_year = 2013)
              Rows Removed by Filter: 2464485
Planning time: 0.746 ms
Execution time: 3043.189 ms
