Hash Join  (cost=119644.77..1172013.58 rows=1807271 width=0) (actual time=2483.187..32551.853 rows=7200520 loops=1)
  Hash Cond: (ci.movie_id = t.id)
  ->  Seq Scan on cast_info ci  (cost=0.00..614943.12 rows=36225612 width=4) (actual time=0.006..13203.421 rows=36244344 loops=1)
  ->  Hash  (cost=117574.95..117574.95 rows=126146 width=8) (actual time=2481.827..2481.827 rows=287836 loops=1)
        Buckets: 131072 (originally 131072)  Batches: 4 (originally 2)  Memory Usage: 3844kB
        ->  Hash Join  (cost=77718.01..117574.95 rows=126146 width=8) (actual time=1228.726..2389.511 rows=287836 loops=1)
              Hash Cond: (mi_idx.movie_id = t.id)
              ->  Seq Scan on movie_info_idx mi_idx  (cost=0.00..21735.35 rows=1380035 width=4) (actual time=0.008..441.818 rows=1380035 loops=1)
              ->  Hash  (cost=73925.90..73925.90 rows=231128 width=4) (actual time=1227.882..1227.882 rows=341868 loops=1)
                    Buckets: 131072  Batches: 4  Memory Usage: 4031kB
                    ->  Seq Scan on title t  (cost=0.00..73925.90 rows=231128 width=4) (actual time=0.019..1119.434 rows=341868 loops=1)
                          Filter: ((kind_id < 7) AND (production_year < 1985))
                          Rows Removed by Filter: 2186444
Planning time: 4.107 ms
Execution time: 33393.821 ms
