Seq Scan on movie_keyword mk  (cost=0.00..81003.12 rows=1909983 width=0) (actual time=0.021..1387.411 rows=1917093 loops=1)
  Filter: (keyword_id < 3304)
  Rows Removed by Filter: 2606837
Planning time: 4.522 ms
Execution time: 1638.807 ms
