Hash Join  (cost=152722.20..179653.60 rows=2092 width=0) (actual time=2466.505..2995.588 rows=219 loops=1)
  Hash Cond: (mi_idx.movie_id = t.id)
  ->  Seq Scan on movie_info_idx mi_idx  (cost=0.00..21735.35 rows=1380035 width=4) (actual time=0.011..308.191 rows=1380035 loops=1)
  ->  Hash  (cost=152674.28..152674.28 rows=3833 width=8) (actual time=2412.778..2412.778 rows=1289 loops=1)
        Buckets: 4096  Batches: 1  Memory Usage: 83kB
        ->  Hash Join  (cost=70308.29..152674.28 rows=3833 width=8) (actual time=1251.331..2412.035 rows=1289 loops=1)
              Hash Cond: (mk.movie_id = t.id)
              ->  Seq Scan on movie_keyword mk  (cost=0.00..81003.12 rows=58811 width=4) (actual time=0.132..1140.382 rows=58448 loops=1)
                    Filter: (keyword_id = 16264)
                    Rows Removed by Filter: 4465482
              ->  Hash  (cost=67604.59..67604.59 rows=164776 width=4) (actual time=1215.307..1215.307 rows=164307 loops=1)
                    Buckets: 131072  Batches: 4  Memory Usage: 2488kB
                    ->  Seq Scan on title t  (cost=0.00..67604.59 rows=164776 width=4) (actual time=0.022..1154.464 rows=164307 loops=1)
                          Filter: (production_year = 2012)
                          Rows Removed by Filter: 2364005
Planning time: 2.644 ms
Execution time: 2996.089 ms
