Seq Scan on movie_companies mc  (cost=0.00..51404.11 rows=1643510 width=0) (actual time=0.014..970.363 rows=1633120 loops=1)
  Filter: (company_id < 17494)
  Rows Removed by Filter: 976009
Planning time: 0.325 ms
Execution time: 1177.792 ms
