Seq Scan on cast_info ci  (cost=0.00..796071.18 rows=4201645 width=0) (actual time=9850.444..12900.457 rows=2761355 loops=1)
  Filter: ((person_id < 2088351) AND (role_id = 2))
  Rows Removed by Filter: 33482989
Planning time: 0.382 ms
Execution time: 13234.247 ms
