Hash Join  (cost=258836.51..1151502.21 rows=3232122 width=0) (actual time=6527.936..27663.017 rows=17242097 loops=1)
  Hash Cond: (ci.movie_id = t.id)
  ->  Seq Scan on cast_info ci  (cost=0.00..796071.18 rows=4457464 width=4) (actual time=0.017..12959.020 rows=5309959 loops=1)
        Filter: ((person_id < 642798) AND (role_id < 4))
        Rows Removed by Filter: 30934385
  ->  Hash  (cost=228756.47..228756.47 rows=1833443 width=8) (actual time=6526.409..6526.409 rows=2420800 loops=1)
        Buckets: 131072 (originally 131072)  Batches: 64 (originally 32)  Memory Usage: 3917kB
        ->  Hash Join  (cost=84417.00..228756.47 rows=1833443 width=8) (actual time=1546.449..5870.088 rows=2420800 loops=1)
              Hash Cond: (mk.movie_id = t.id)
              ->  Seq Scan on movie_keyword mk  (cost=0.00..69693.30 rows=4523930 width=4) (actual time=0.012..1414.268 rows=4523930 loops=1)
              ->  Hash  (cost=67604.59..67604.59 rows=1024753 width=4) (actual time=1545.485..1545.485 rows=1021752 loops=1)
                    Buckets: 131072  Batches: 16  Memory Usage: 3281kB
                    ->  Seq Scan on title t  (cost=0.00..67604.59 rows=1024753 width=4) (actual time=0.016..1207.365 rows=1021752 loops=1)
                          Filter: (production_year < 2000)
                          Rows Removed by Filter: 1506560
Planning time: 1.206 ms
Execution time: 29683.901 ms
