Seq Scan on title t  (cost=0.00..73925.90 rows=284418 width=0) (actual time=0.029..1227.616 rows=382296 loops=1)
  Filter: ((production_year < 2001) AND (kind_id = 1))
  Rows Removed by Filter: 2146016
Planning time: 0.365 ms
Execution time: 1278.659 ms
