Hash Join  (cost=116525.17..227383.66 rows=75934 width=0) (actual time=3005.336..4225.489 rows=38112 loops=1)
  Hash Cond: (mk.movie_id = t.id)
  ->  Seq Scan on movie_keyword mk  (cost=0.00..81003.12 rows=2490139 width=4) (actual time=0.024..1491.483 rows=2484867 loops=1)
        Filter: (keyword_id > 3642)
        Rows Removed by Filter: 2039063
  ->  Hash  (cost=115259.36..115259.36 rows=77105 width=8) (actual time=2044.256..2044.256 rows=30861 loops=1)
        Buckets: 131072  Batches: 2  Memory Usage: 1633kB
        ->  Hash Join  (cost=76243.83..115259.36 rows=77105 width=8) (actual time=1489.096..2033.664 rows=30861 loops=1)
              Hash Cond: (mi_idx.movie_id = t.id)
              ->  Seq Scan on movie_info_idx mi_idx  (cost=0.00..21735.35 rows=1380035 width=4) (actual time=0.014..432.150 rows=1380035 loops=1)
              ->  Hash  (cost=73925.90..73925.90 rows=141274 width=4) (actual time=1128.827..1128.827 rows=150659 loops=1)
                    Buckets: 131072  Batches: 2  Memory Usage: 3673kB
                    ->  Seq Scan on title t  (cost=0.00..73925.90 rows=141274 width=4) (actual time=0.024..1074.387 rows=150659 loops=1)
                          Filter: ((production_year > 2011) AND (kind_id = 7))
                          Rows Removed by Filter: 2377653
Planning time: 1.162 ms
Execution time: 4229.826 ms
