Hash Join  (cost=102767.86..1151055.34 rows=13834851 width=0) (actual time=1975.411..28001.746 rows=14008655 loops=1)
  Hash Cond: (ci.movie_id = t.id)
  ->  Seq Scan on cast_info ci  (cost=0.00..705507.15 rows=13834851 width=4) (actual time=0.015..13143.397 rows=14008655 loops=1)
        Filter: (person_id > 2265703)
        Rows Removed by Filter: 22235689
  ->  Hash  (cost=61283.27..61283.27 rows=2528527 width=4) (actual time=1973.915..1973.915 rows=2528312 loops=1)
        Buckets: 131072  Batches: 64  Memory Usage: 2415kB
        ->  Seq Scan on title t  (cost=0.00..61283.27 rows=2528527 width=4) (actual time=0.017..1134.641 rows=2528312 loops=1)
Planning time: 0.777 ms
Execution time: 29627.174 ms
