Hash Join  (cost=108632.59..924995.49 rows=616586 width=0) (actual time=2084.600..27266.642 rows=2638596 loops=1)
  Hash Cond: (ci.movie_id = t.id)
  ->  Seq Scan on cast_info ci  (cost=0.00..705507.15 rows=27917317 width=4) (actual time=0.015..13468.298 rows=28034910 loops=1)
        Filter: (person_id > 802072)
        Rows Removed by Filter: 8209434
  ->  Hash  (cost=107934.53..107934.53 rows=55845 width=8) (actual time=2083.535..2083.535 rows=111147 loops=1)
        Buckets: 131072 (originally 65536)  Batches: 2 (originally 1)  Memory Usage: 3195kB
        ->  Hash Join  (cost=69283.60..107934.53 rows=55845 width=8) (actual time=1087.981..2035.239 rows=111147 loops=1)
              Hash Cond: (mi_idx.movie_id = t.id)
              ->  Seq Scan on movie_info_idx mi_idx  (cost=0.00..21735.35 rows=1380035 width=4) (actual time=0.020..444.835 rows=1380035 loops=1)
              ->  Hash  (cost=67604.59..67604.59 rows=102321 width=4) (actual time=1087.301..1087.301 rows=100537 loops=1)
                    Buckets: 131072  Batches: 2  Memory Usage: 2797kB
                    ->  Seq Scan on title t  (cost=0.00..67604.59 rows=102321 width=4) (actual time=245.132..1051.030 rows=100537 loops=1)
                          Filter: (kind_id = 3)
                          Rows Removed by Filter: 2427775
Planning time: 1.275 ms
Execution time: 27608.840 ms
