Hash Join  (cost=104131.46..280319.01 rows=3983360 width=0) (actual time=2275.973..7484.890 rows=4348171 loops=1)
  Hash Cond: (mk.movie_id = t.id)
  ->  Seq Scan on movie_keyword mk  (cost=0.00..69693.30 rows=4523930 width=4) (actual time=0.020..1360.823 rows=4523930 loops=1)
  ->  Hash  (cost=67604.59..67604.59 rows=2226390 width=4) (actual time=2274.800..2274.800 rows=2224569 loops=1)
        Buckets: 131072  Batches: 32  Memory Usage: 3472kB
        ->  Seq Scan on title t  (cost=0.00..67604.59 rows=2226390 width=4) (actual time=0.021..1524.066 rows=2224569 loops=1)
              Filter: (production_year < 2012)
              Rows Removed by Filter: 303743
Planning time: 0.692 ms
Execution time: 8009.205 ms
