Hash Join  (cost=198212.25..1310832.54 rows=3264416 width=0) (actual time=3849.750..34027.017 rows=12084049 loops=1)
  Hash Cond: (ci.movie_id = t.id)
  ->  Seq Scan on cast_info ci  (cost=0.00..614943.12 rows=36225612 width=4) (actual time=0.015..12994.197 rows=36244344 loops=1)
  ->  Hash  (cost=194473.08..194473.08 rows=227854 width=8) (actual time=3848.578..3848.578 rows=208164 loops=1)
        Buckets: 131072  Batches: 4  Memory Usage: 2983kB
        ->  Hash Join  (cost=69694.50..194473.08 rows=227854 width=8) (actual time=1095.111..3789.324 rows=208164 loops=1)
              Hash Cond: (mk.movie_id = t.id)
              ->  Seq Scan on movie_keyword mk  (cost=0.00..69693.30 rows=4523930 width=4) (actual time=0.028..1328.920 rows=4523930 loops=1)
              ->  Hash  (cost=67604.59..67604.59 rows=127353 width=4) (actual time=1094.145..1094.145 rows=128696 loops=1)
                    Buckets: 131072  Batches: 2  Memory Usage: 3290kB
                    ->  Seq Scan on title t  (cost=0.00..67604.59 rows=127353 width=4) (actual time=0.021..1043.617 rows=128696 loops=1)
                          Filter: (production_year = 2009)
                          Rows Removed by Filter: 2399616
Planning time: 1.161 ms
Execution time: 35389.701 ms
