Hash Join  (cost=74747.02..159573.76 rows=24773 width=0) (actual time=1174.076..2693.110 rows=6877 loops=1)
  Hash Cond: (mk.movie_id = t.id)
  ->  Seq Scan on movie_keyword mk  (cost=0.00..81003.12 rows=953569 width=4) (actual time=0.020..1312.876 rows=954647 loops=1)
        Filter: (keyword_id < 894)
        Rows Removed by Filter: 3569283
  ->  Hash  (cost=73925.90..73925.90 rows=65689 width=4) (actual time=1173.237..1173.237 rows=74524 loops=1)
        Buckets: 131072  Batches: 1  Memory Usage: 3644kB
        ->  Seq Scan on title t  (cost=0.00..73925.90 rows=65689 width=4) (actual time=14.779..1143.861 rows=74524 loops=1)
              Filter: ((kind_id = 7) AND (production_year = 2006))
              Rows Removed by Filter: 2453788
Planning time: 0.810 ms
Execution time: 2694.256 ms
