Hash Join  (cost=74242.71..134936.11 rows=7202 width=0) (actual time=1550.821..2305.869 rows=2306 loops=1)
  Hash Cond: (mc.movie_id = t.id)
  ->  Seq Scan on movie_companies mc  (cost=0.00..57926.93 rows=718519 width=4) (actual time=91.752..1019.824 rows=450503 loops=1)
        Filter: ((company_id < 12194) AND (company_type_id = 2))
        Rows Removed by Filter: 2158626
  ->  Hash  (cost=73925.90..73925.90 rows=25344 width=4) (actual time=1182.279..1182.279 rows=15457 loops=1)
        Buckets: 32768  Batches: 1  Memory Usage: 800kB
        ->  Seq Scan on title t  (cost=0.00..73925.90 rows=25344 width=4) (actual time=0.721..1175.781 rows=15457 loops=1)
              Filter: ((kind_id = 1) AND (production_year = 2005))
              Rows Removed by Filter: 2512855
Planning time: 0.645 ms
Execution time: 2306.390 ms
