Hash Join  (cost=215833.08..361692.18 rows=1822165 width=0) (actual time=4877.407..13724.642 rows=22008899 loops=1)
  Hash Cond: (mk.movie_id = t.id)
  ->  Seq Scan on movie_keyword mk  (cost=0.00..81003.12 rows=3600885 width=4) (actual time=0.020..1852.297 rows=3593291 loops=1)
        Filter: (keyword_id > 870)
        Rows Removed by Filter: 930639
  ->  Hash  (cost=194840.12..194840.12 rows=1279517 width=8) (actual time=4876.548..4876.548 rows=1274246 loops=1)
        Buckets: 131072  Batches: 32  Memory Usage: 2633kB
        ->  Hash Join  (cost=102767.86..194840.12 rows=1279517 width=8) (actual time=2046.421..4516.019 rows=1274246 loops=1)
              Hash Cond: (mc.movie_id = t.id)
              ->  Seq Scan on movie_companies mc  (cost=0.00..51404.11 rows=1279517 width=4) (actual time=0.018..1010.808 rows=1274246 loops=1)
                    Filter: (company_type_id = 1)
                    Rows Removed by Filter: 1334883
              ->  Hash  (cost=61283.27..61283.27 rows=2528527 width=4) (actual time=2045.190..2045.190 rows=2528312 loops=1)
                    Buckets: 131072  Batches: 64  Memory Usage: 2415kB
                    ->  Seq Scan on title t  (cost=0.00..61283.27 rows=2528527 width=4) (actual time=0.008..1195.189 rows=2528312 loops=1)
Planning time: 1.073 ms
Execution time: 16212.778 ms
