Seq Scan on cast_info ci  (cost=0.00..796071.18 rows=4426633 width=0) (actual time=0.028..12441.830 rows=6907545 loops=1)
  Filter: ((person_id > 2973550) AND (role_id > 1))
  Rows Removed by Filter: 29336799
Planning time: 0.343 ms
Execution time: 13329.665 ms
