Hash Join  (cost=78988.28..158323.54 rows=255093 width=0) (actual time=1188.086..3525.067 rows=302045 loops=1)
  Hash Cond: (mc.movie_id = t.id)
  ->  Seq Scan on movie_companies mc  (cost=0.00..51404.11 rows=2090726 width=4) (actual time=0.025..1113.385 rows=2085545 loops=1)
        Filter: (company_id < 73128)
        Rows Removed by Filter: 523584
  ->  Hash  (cost=73925.90..73925.90 rows=308510 width=4) (actual time=1187.181..1187.181 rows=266599 loops=1)
        Buckets: 131072  Batches: 8  Memory Usage: 2191kB
        ->  Seq Scan on title t  (cost=0.00..73925.90 rows=308510 width=4) (actual time=0.026..1102.450 rows=266599 loops=1)
              Filter: ((kind_id < 7) AND (production_year > 2007))
              Rows Removed by Filter: 2261713
Planning time: 0.764 ms
Execution time: 3563.249 ms
