Seq Scan on movie_keyword mk  (cost=0.00..81003.12 rows=3922825 width=0) (actual time=0.024..1532.439 rows=3918846 loops=1)
  Filter: (keyword_id < 30518)
  Rows Removed by Filter: 605084
Planning time: 0.327 ms
Execution time: 2027.430 ms
