Hash Join  (cost=369658.71..1175247.50 rows=25352115 width=0) (actual time=9615.397..72406.779 rows=224388790 loops=1)
  Hash Cond: (mi.movie_id = t.id)
  ->  Seq Scan on movie_info mi  (cost=0.00..309384.22 rows=14739122 width=4) (actual time=0.012..6515.045 rows=14835720 loops=1)
  ->  Hash  (cost=298303.61..298303.61 rows=4349208 width=8) (actual time=9611.347..9611.347 rows=4354428 loops=1)
        Buckets: 131072  Batches: 64  Memory Usage: 3781kB
        ->  Hash Join  (cost=102767.86..298303.61 rows=4349208 width=8) (actual time=2020.564..8424.491 rows=4354428 loops=1)
              Hash Cond: (mk.movie_id = t.id)
              ->  Seq Scan on movie_keyword mk  (cost=0.00..81003.12 rows=4349208 width=4) (actual time=0.017..1801.688 rows=4354428 loops=1)
                    Filter: (keyword_id < 72119)
                    Rows Removed by Filter: 169502
              ->  Hash  (cost=61283.27..61283.27 rows=2528527 width=4) (actual time=2019.007..2019.007 rows=2528312 loops=1)
                    Buckets: 131072  Batches: 64  Memory Usage: 2425kB
                    ->  Seq Scan on title t  (cost=0.00..61283.27 rows=2528527 width=4) (actual time=0.022..1136.395 rows=2528312 loops=1)
Planning time: 2.908 ms
Execution time: 96651.237 ms
