Hash Join  (cost=193488.77..672725.02 rows=2122206 width=0) (actual time=3731.605..16241.026 rows=4828726 loops=1)
  Hash Cond: (mi.movie_id = t.id)
  ->  Seq Scan on movie_info mi  (cost=0.00..346232.03 rows=9476311 width=4) (actual time=0.025..6486.750 rows=9565151 loops=1)
        Filter: (info_type_id < 16)
        Rows Removed by Filter: 5270569
  ->  Hash  (cost=184198.52..184198.52 rows=566260 width=8) (actual time=3730.750..3730.750 rows=290310 loops=1)
        Buckets: 131072  Batches: 8  Memory Usage: 2464kB
        ->  Hash Join  (cost=102767.86..184198.52 rows=566260 width=8) (actual time=2195.635..3643.825 rows=290310 loops=1)
              Hash Cond: (mc.movie_id = t.id)
              ->  Seq Scan on movie_companies mc  (cost=0.00..57926.93 rows=566260 width=4) (actual time=218.606..1040.872 rows=290310 loops=1)
                    Filter: ((company_id > 12929) AND (company_type_id < 2))
                    Rows Removed by Filter: 2318819
              ->  Hash  (cost=61283.27..61283.27 rows=2528527 width=4) (actual time=1976.129..1976.129 rows=2528312 loops=1)
                    Buckets: 131072  Batches: 64  Memory Usage: 2415kB
                    ->  Seq Scan on title t  (cost=0.00..61283.27 rows=2528527 width=4) (actual time=0.015..1137.863 rows=2528312 loops=1)
Planning time: 1.300 ms
Execution time: 16860.438 ms
