Hash Join  (cost=359885.54..1150456.94 rows=23944776 width=0) (actual time=8985.213..71800.678 rows=212445834 loops=1)
  Hash Cond: (mi.movie_id = t.id)
  ->  Seq Scan on movie_info mi  (cost=0.00..309384.22 rows=14739122 width=4) (actual time=0.015..6769.575 rows=14835720 loops=1)
  ->  Hash  (cost=292492.34..292492.34 rows=4107776 width=8) (actual time=8983.047..8983.047 rows=4115627 loops=1)
        Buckets: 131072  Batches: 64  Memory Usage: 3635kB
        ->  Hash Join  (cost=102767.86..292492.34 rows=4107776 width=8) (actual time=1919.500..7822.044 rows=4115627 loops=1)
              Hash Cond: (mk.movie_id = t.id)
              ->  Seq Scan on movie_keyword mk  (cost=0.00..81003.12 rows=4107776 width=4) (actual time=0.018..1937.146 rows=4115627 loops=1)
                    Filter: (keyword_id < 42364)
                    Rows Removed by Filter: 408303
              ->  Hash  (cost=61283.27..61283.27 rows=2528527 width=4) (actual time=1918.407..1918.407 rows=2528312 loops=1)
                    Buckets: 131072  Batches: 64  Memory Usage: 2425kB
                    ->  Seq Scan on title t  (cost=0.00..61283.27 rows=2528527 width=4) (actual time=0.012..1038.041 rows=2528312 loops=1)
Planning time: 1.171 ms
Execution time: 95052.279 ms
