Hash Join  (cost=425611.26..1139429.15 rows=12430 width=0) (actual time=8207.787..17101.632 rows=10093 loops=1)
  Hash Cond: (ci.movie_id = t.id)
  ->  Seq Scan on cast_info ci  (cost=0.00..705507.15 rows=2183051 width=4) (actual time=1602.115..10114.912 rows=2122249 loops=1)
        Filter: (person_id < 208201)
        Rows Removed by Filter: 34122095
  ->  Hash  (cost=425431.29..425431.29 rows=14397 width=8) (actual time=6602.231..6602.231 rows=8702 loops=1)
        Buckets: 16384  Batches: 1  Memory Usage: 468kB
        ->  Hash Join  (cost=74283.51..425431.29 rows=14397 width=8) (actual time=4410.398..6600.228 rows=8702 loops=1)
              Hash Cond: (mi.movie_id = t.id)
              ->  Seq Scan on movie_info mi  (cost=0.00..346232.03 rows=1272478 width=4) (actual time=3303.616..5271.287 rows=1325361 loops=1)
                    Filter: (info_type_id = 8)
                    Rows Removed by Filter: 13510359
              ->  Hash  (cost=73925.90..73925.90 rows=28608 width=4) (actual time=1105.954..1105.954 rows=32134 loops=1)
                    Buckets: 32768  Batches: 1  Memory Usage: 1386kB
                    ->  Seq Scan on title t  (cost=0.00..73925.90 rows=28608 width=4) (actual time=0.038..1093.039 rows=32134 loops=1)
                          Filter: ((kind_id = 7) AND (production_year = 1998))
                          Rows Removed by Filter: 2496178
Planning time: 1.165 ms
Execution time: 17103.392 ms
