Hash Join  (cost=126150.59..491816.48 rows=100996 width=0) (actual time=2168.254..10025.486 rows=237331 loops=1)
  Hash Cond: (mi.movie_id = t.id)
  ->  Seq Scan on movie_info mi  (cost=0.00..309384.22 rows=14739122 width=4) (actual time=0.008..4183.460 rows=14835720 loops=1)
  ->  Hash  (cost=125934.02..125934.02 rows=17326 width=8) (actual time=2100.862..2100.862 rows=24769 loops=1)
        Buckets: 32768  Batches: 1  Memory Usage: 1224kB
        ->  Hash Join  (cost=69484.36..125934.02 rows=17326 width=8) (actual time=1233.895..2091.869 rows=24769 loops=1)
              Hash Cond: (mc.movie_id = t.id)
              ->  Seq Scan on movie_companies mc  (cost=0.00..51404.11 rows=382475 width=4) (actual time=67.194..844.897 rows=385899 loops=1)
                    Filter: (company_id > 83575)
                    Rows Removed by Filter: 2223230
              ->  Hash  (cost=67604.59..67604.59 rows=114542 width=4) (actual time=1081.779..1081.779 rows=118234 loops=1)
                    Buckets: 131072  Batches: 2  Memory Usage: 3101kB
                    ->  Seq Scan on title t  (cost=0.00..67604.59 rows=114542 width=4) (actual time=0.022..1043.286 rows=118234 loops=1)
                          Filter: (kind_id = 4)
                          Rows Removed by Filter: 2410078
Planning time: 1.185 ms
Execution time: 10061.862 ms
