Hash Join  (cost=95192.49..474836.70 rows=25505 width=0) (actual time=1675.264..9595.883 rows=77402 loops=1)
  Hash Cond: (mi.movie_id = t.id)
  ->  Seq Scan on movie_info mi  (cost=0.00..346232.03 rows=8841901 width=4) (actual time=0.017..6279.554 rows=8950757 loops=1)
        Filter: (info_type_id > 6)
        Rows Removed by Filter: 5884963
  ->  Hash  (cost=95101.31..95101.31 rows=7294 width=8) (actual time=1675.141..1675.141 rows=7816 loops=1)
        Buckets: 8192  Batches: 1  Memory Usage: 370kB
        ->  Hash Join  (cost=68100.81..95101.31 rows=7294 width=8) (actual time=1127.439..1671.615 rows=7816 loops=1)
              Hash Cond: (mi_idx.movie_id = t.id)
              ->  Seq Scan on movie_info_idx mi_idx  (cost=0.00..25185.44 rows=464566 width=4) (actual time=0.020..419.218 rows=459925 loops=1)
                    Filter: (info_type_id = 101)
                    Rows Removed by Filter: 920110
              ->  Hash  (cost=67604.59..67604.59 rows=39698 width=4) (actual time=1127.009..1127.009 rows=36437 loops=1)
                    Buckets: 65536  Batches: 1  Memory Usage: 1793kB
                    ->  Seq Scan on title t  (cost=0.00..67604.59 rows=39698 width=4) (actual time=0.018..1110.483 rows=36437 loops=1)
                          Filter: (production_year = 1995)
                          Rows Removed by Filter: 2491875
Planning time: 3.490 ms
Execution time: 9608.153 ms
