Seq Scan on movie_keyword mk  (cost=0.00..81003.12 rows=2669259 width=0) (actual time=0.023..1525.750 rows=2663984 loops=1)
  Filter: (keyword_id < 7423)
  Rows Removed by Filter: 1859946
Planning time: 0.327 ms
Execution time: 1866.459 ms
