Hash Join  (cost=102767.86..197295.51 rows=151540 width=0) (actual time=1899.957..3552.864 rows=163809 loops=1)
  Hash Cond: (mk.movie_id = t.id)
  ->  Seq Scan on movie_keyword mk  (cost=0.00..81003.12 rows=151540 width=4) (actual time=0.016..1246.339 rows=163809 loops=1)
        Filter: (keyword_id < 121)
        Rows Removed by Filter: 4360121
  ->  Hash  (cost=61283.27..61283.27 rows=2528527 width=4) (actual time=1897.816..1897.816 rows=2528312 loops=1)
        Buckets: 131072  Batches: 64  Memory Usage: 2425kB
        ->  Seq Scan on title t  (cost=0.00..61283.27 rows=2528527 width=4) (actual time=0.022..1044.030 rows=2528312 loops=1)
Planning time: 0.726 ms
Execution time: 3567.246 ms
