Seq Scan on title t  (cost=0.00..73925.90 rows=292424 width=0) (actual time=258.386..936.524 rows=231739 loops=1)
  Filter: ((production_year > 2004) AND (kind_id = 1))
  Rows Removed by Filter: 2296573
Planning time: 0.264 ms
Execution time: 966.023 ms
