Hash Join  (cost=73994.33..825567.74 rows=78425 width=0) (actual time=1219.259..19177.426 rows=127391 loops=1)
  Hash Cond: (ci.movie_id = t.id)
  ->  Seq Scan on cast_info ci  (cost=0.00..614943.12 rows=36225612 width=4) (actual time=0.011..9318.526 rows=36244344 loops=1)
  ->  Hash  (cost=73925.90..73925.90 rows=5474 width=4) (actual time=1218.893..1218.893 rows=10142 loops=1)
        Buckets: 16384 (originally 8192)  Batches: 1 (originally 1)  Memory Usage: 485kB
        ->  Seq Scan on title t  (cost=0.00..73925.90 rows=5474 width=4) (actual time=0.016..1213.762 rows=10142 loops=1)
              Filter: ((kind_id > 1) AND (production_year = 1973))
              Rows Removed by Filter: 2518170
Planning time: 0.751 ms
Execution time: 19199.762 ms
