Seq Scan on movie_keyword mk  (cost=0.00..81003.12 rows=4524 width=0) (actual time=0.073..1203.464 rows=5235 loops=1)
  Filter: (keyword_id = 816)
  Rows Removed by Filter: 4518695
Planning time: 0.368 ms
Execution time: 1204.850 ms
