Hash Join  (cost=206297.83..1169369.29 rows=1296507 width=0) (actual time=8378.810..22864.166 rows=2188969 loops=1)
  Hash Cond: (ci.movie_id = t.id)
  ->  Seq Scan on cast_info ci  (cost=0.00..796071.18 rows=11938445 width=4) (actual time=3658.426..15111.992 rows=5622625 loops=1)
        Filter: ((person_id < 1818563) AND (role_id > 1))
        Rows Removed by Filter: 30621719
  ->  Hash  (cost=201792.38..201792.38 rows=274596 width=8) (actual time=4719.351..4719.351 rows=215166 loops=1)
        Buckets: 131072  Batches: 4  Memory Usage: 3128kB
        ->  Hash Join  (cost=76444.38..201792.38 rows=274596 width=8) (actual time=1541.393..4654.638 rows=215166 loops=1)
              Hash Cond: (mk.movie_id = t.id)
              ->  Seq Scan on movie_keyword mk  (cost=0.00..69693.30 rows=4523930 width=4) (actual time=0.027..1394.873 rows=4523930 loops=1)
              ->  Hash  (cost=73925.90..73925.90 rows=153478 width=4) (actual time=1539.668..1539.668 rows=134760 loops=1)
                    Buckets: 131072  Batches: 4  Memory Usage: 2222kB
                    ->  Seq Scan on title t  (cost=0.00..73925.90 rows=153478 width=4) (actual time=0.073..1199.714 rows=134760 loops=1)
                          Filter: ((kind_id < 7) AND (production_year > 2010))
                          Rows Removed by Filter: 2393552
Planning time: 1.166 ms
Execution time: 23102.224 ms
