Seq Scan on movie_keyword mk  (cost=0.00..81003.12 rows=2016158 width=0) (actual time=0.024..1380.458 rows=2018525 loops=1)
  Filter: (keyword_id < 3617)
  Rows Removed by Filter: 2505405
Planning time: 0.347 ms
Execution time: 1622.109 ms
