Seq Scan on movie_keyword mk  (cost=0.00..81003.12 rows=2160057 width=0) (actual time=0.020..1522.836 rows=2158195 loops=1)
  Filter: (keyword_id > 5348)
  Rows Removed by Filter: 2365735
Planning time: 0.346 ms
Execution time: 1793.868 ms
