Hash Join  (cost=440331.54..1427375.18 rows=942421 width=0) (actual time=7510.868..32954.764 rows=2932435 loops=1)
  Hash Cond: (ci.movie_id = t.id)
  ->  Seq Scan on cast_info ci  (cost=0.00..705507.15 rows=23499554 width=4) (actual time=0.018..16186.061 rows=23573656 loops=1)
        Filter: (role_id > 1)
        Rows Removed by Filter: 12670688
  ->  Hash  (cost=438667.01..438667.01 rows=101403 width=8) (actual time=7510.070..7510.070 rows=87812 loops=1)
        Buckets: 131072  Batches: 2  Memory Usage: 2716kB
        ->  Hash Join  (cost=69928.56..438667.01 rows=101403 width=8) (actual time=2763.667..7479.779 rows=87812 loops=1)
              Hash Cond: (mi.movie_id = t.id)
              ->  Seq Scan on movie_info mi  (cost=0.00..346232.03 rows=1810770 width=4) (actual time=1727.545..5726.372 rows=1865632 loops=1)
                    Filter: (info_type_id > 17)
                    Rows Removed by Filter: 12970088
              ->  Hash  (cost=67604.59..67604.59 rows=141598 width=4) (actual time=1035.253..1035.253 rows=141703 loops=1)
                    Buckets: 131072  Batches: 2  Memory Usage: 3517kB
                    ->  Seq Scan on title t  (cost=0.00..67604.59 rows=141598 width=4) (actual time=0.024..980.198 rows=141703 loops=1)
                          Filter: (production_year = 2010)
                          Rows Removed by Filter: 2386609
Planning time: 1.124 ms
Execution time: 33305.557 ms
