Hash Join  (cost=185092.44..322326.94 rows=1250246 width=0) (actual time=3971.320..7554.632 rows=1356099 loops=1)
  Hash Cond: (mk.movie_id = t.id)
  ->  Seq Scan on movie_keyword mk  (cost=0.00..69693.30 rows=4523930 width=4) (actual time=0.024..1432.406 rows=4523930 loops=1)
  ->  Hash  (cost=173627.55..173627.55 rows=698791 width=8) (actual time=3968.632..3968.632 rows=450068 loops=1)
        Buckets: 131072  Batches: 16  Memory Usage: 2121kB
        ->  Hash Join  (cost=93362.60..173627.55 rows=698791 width=8) (actual time=1703.871..3832.055 rows=450068 loops=1)
              Hash Cond: (mc.movie_id = t.id)
              ->  Seq Scan on movie_companies mc  (cost=0.00..51404.11 rows=1491447 width=4) (actual time=0.012..1035.183 rows=1479861 loops=1)
                    Filter: (company_id < 13552)
                    Rows Removed by Filter: 1129268
              ->  Hash  (cost=73925.90..73925.90 rows=1184696 width=4) (actual time=1702.943..1702.943 rows=1143935 loops=1)
                    Buckets: 131072  Batches: 16  Memory Usage: 3541kB
                    ->  Seq Scan on title t  (cost=0.00..73925.90 rows=1184696 width=4) (actual time=0.107..1345.800 rows=1143935 loops=1)
                          Filter: ((kind_id > 3) AND (production_year < 2009))
                          Rows Removed by Filter: 1384377
Planning time: 1.191 ms
Execution time: 7689.026 ms
