Hash Join  (cost=84466.26..451155.08 rows=323301 width=0) (actual time=2741.685..7658.101 rows=140882 loops=1)
  Hash Cond: (mi.movie_id = t.id)
  ->  Seq Scan on movie_info mi  (cost=0.00..346232.03 rows=1272478 width=4) (actual time=1326.920..5536.047 rows=1325361 loops=1)
        Filter: (info_type_id = 8)
        Rows Removed by Filter: 13510359
  ->  Hash  (cost=73925.90..73925.90 rows=642428 width=4) (actual time=1413.619..1413.619 rows=516249 loops=1)
        Buckets: 131072  Batches: 16  Memory Usage: 2164kB
        ->  Seq Scan on title t  (cost=0.00..73925.90 rows=642428 width=4) (actual time=0.021..1238.884 rows=516249 loops=1)
              Filter: ((kind_id > 3) AND (production_year < 1999))
              Rows Removed by Filter: 2012063
Planning time: 0.771 ms
Execution time: 7675.050 ms
