Seq Scan on movie_keyword mk  (cost=0.00..81003.12 rows=2075837 width=0) (actual time=0.023..1558.027 rows=2086569 loops=1)
  Filter: (keyword_id < 3725)
  Rows Removed by Filter: 2437361
Planning time: 0.326 ms
Execution time: 1832.803 ms
