Hash Join  (cost=117693.49..1165545.84 rows=1367620 width=0) (actual time=2199.430..29008.246 rows=3361463 loops=1)
  Hash Cond: (ci.movie_id = t.id)
  ->  Seq Scan on cast_info ci  (cost=0.00..614943.12 rows=36225612 width=4) (actual time=0.015..12074.677 rows=36244344 loops=1)
  ->  Hash  (cost=116127.25..116127.25 rows=95459 width=8) (actual time=2198.663..2198.663 rows=105012 loops=1)
        Buckets: 131072  Batches: 2  Memory Usage: 3073kB
        ->  Hash Join  (cost=76796.18..116127.25 rows=95459 width=8) (actual time=1214.255..2165.792 rows=105012 loops=1)
              Hash Cond: (mi_idx.movie_id = t.id)
              ->  Seq Scan on movie_info_idx mi_idx  (cost=0.00..21735.35 rows=1380035 width=4) (actual time=0.026..482.404 rows=1380035 loops=1)
              ->  Hash  (cost=73925.90..73925.90 rows=174902 width=4) (actual time=1090.497..1090.497 rows=160286 loops=1)
                    Buckets: 131072  Batches: 4  Memory Usage: 2435kB
                    ->  Seq Scan on title t  (cost=0.00..73925.90 rows=174902 width=4) (actual time=379.312..1036.946 rows=160286 loops=1)
                          Filter: ((production_year > 2008) AND (kind_id = 1))
                          Rows Removed by Filter: 2368026
Planning time: 3.783 ms
Execution time: 29443.768 ms
