Seq Scan on title t  (cost=0.00..67604.59 rows=7437 width=0) (actual time=0.070..1033.538 rows=13711 loops=1)
  Filter: (production_year = 1966)
  Rows Removed by Filter: 2514601
Planning time: 0.369 ms
Execution time: 1036.731 ms
