Hash Join  (cost=73982.55..128694.84 rows=4676 width=0) (actual time=1192.118..2110.892 rows=5198 loops=1)
  Hash Cond: (mc.movie_id = t.id)
  ->  Seq Scan on movie_companies mc  (cost=0.00..44881.29 rows=2609129 width=4) (actual time=0.021..480.814 rows=2609129 loops=1)
  ->  Hash  (cost=73925.90..73925.90 rows=4532 width=4) (actual time=1191.880..1191.880 rows=7634 loops=1)
        Buckets: 8192  Batches: 1  Memory Usage: 333kB
        ->  Seq Scan on title t  (cost=0.00..73925.90 rows=4532 width=4) (actual time=241.834..1188.118 rows=7634 loops=1)
              Filter: ((kind_id = 7) AND (production_year = 1972))
              Rows Removed by Filter: 2520678
Planning time: 0.795 ms
Execution time: 2111.551 ms
