Hash Join  (cost=178057.44..209677.70 rows=33970 width=0) (actual time=3566.852..4383.304 rows=142405 loops=1)
  Hash Cond: (mi_idx.movie_id = t.id)
  ->  Seq Scan on movie_info_idx mi_idx  (cost=0.00..25185.44 rows=464566 width=4) (actual time=0.018..520.724 rows=459925 loops=1)
        Filter: (info_type_id = 101)
        Rows Removed by Filter: 920110
  ->  Hash  (cost=175023.29..175023.29 rows=184892 width=8) (actual time=3566.092..3566.092 rows=289588 loops=1)
        Buckets: 131072  Batches: 4  Memory Usage: 3855kB
        ->  Hash Join  (cost=102767.86..175023.29 rows=184892 width=8) (actual time=1978.896..3486.926 rows=289588 loops=1)
              Hash Cond: (mc.movie_id = t.id)
              ->  Seq Scan on movie_companies mc  (cost=0.00..57926.93 rows=184892 width=4) (actual time=0.030..936.996 rows=289588 loops=1)
                    Filter: ((company_id < 225) AND (company_type_id < 2))
                    Rows Removed by Filter: 2319541
              ->  Hash  (cost=61283.27..61283.27 rows=2528527 width=4) (actual time=1977.676..1977.676 rows=2528312 loops=1)
                    Buckets: 131072  Batches: 64  Memory Usage: 2415kB
                    ->  Seq Scan on title t  (cost=0.00..61283.27 rows=2528527 width=4) (actual time=0.021..1128.633 rows=2528312 loops=1)
Planning time: 1.920 ms
Execution time: 4402.342 ms
