Nested Loop  (cost=0.43..120366.89 rows=5429 width=0) (actual time=0.765..1191.972 rows=4702 loops=1)
  ->  Seq Scan on movie_keyword mk  (cost=0.00..81003.12 rows=5429 width=4) (actual time=0.710..1077.107 rows=4702 loops=1)
        Filter: (keyword_id = 275)
        Rows Removed by Filter: 4519228
  ->  Index Only Scan using title_pkey on title t  (cost=0.43..7.24 rows=1 width=4) (actual time=0.023..0.024 rows=1 loops=4702)
        Index Cond: (id = mk.movie_id)
        Heap Fetches: 4702
Planning time: 0.801 ms
Execution time: 1193.508 ms
