Hash Join  (cost=175486.28..699595.66 rows=4152045 width=0) (actual time=4458.658..23424.937 rows=22851532 loops=1)
  Hash Cond: (mi.movie_id = t.id)
  ->  Seq Scan on movie_info mi  (cost=0.00..309384.22 rows=14739122 width=4) (actual time=0.017..6063.007 rows=14835720 loops=1)
  ->  Hash  (cost=163799.63..163799.63 rows=712292 width=8) (actual time=4457.677..4457.677 rows=1051700 loops=1)
        Buckets: 131072  Batches: 16  Memory Usage: 3634kB
        ->  Hash Join  (cost=78930.19..163799.63 rows=712292 width=8) (actual time=1389.218..4125.071 rows=1051700 loops=1)
              Hash Cond: (mc.movie_id = t.id)
              ->  Seq Scan on movie_companies mc  (cost=0.00..44881.29 rows=2609129 width=4) (actual time=0.020..989.338 rows=2609129 loops=1)
              ->  Hash  (cost=67604.59..67604.59 rows=690288 width=4) (actual time=1388.128..1388.128 rows=684146 loops=1)
                    Buckets: 131072  Batches: 16  Memory Usage: 2525kB
                    ->  Seq Scan on title t  (cost=0.00..67604.59 rows=690288 width=4) (actual time=0.013..1165.167 rows=684146 loops=1)
                          Filter: (production_year < 1990)
                          Rows Removed by Filter: 1844166
Planning time: 1.135 ms
Execution time: 25946.887 ms
