Hash Join  (cost=73929.23..160592.03 rows=476 width=0) (actual time=1831.090..2722.658 rows=1718 loops=1)
  Hash Cond: (mk.movie_id = t.id)
  ->  Seq Scan on movie_keyword mk  (cost=0.00..69693.30 rows=4523930 width=4) (actual time=0.006..981.504 rows=4523930 loops=1)
  ->  Hash  (cost=73925.90..73925.90 rows=266 width=4) (actual time=989.464..989.464 rows=759 loops=1)
        Buckets: 1024  Batches: 1  Memory Usage: 35kB
        ->  Seq Scan on title t  (cost=0.00..73925.90 rows=266 width=4) (actual time=0.373..988.895 rows=759 loops=1)
              Filter: ((kind_id = 2) AND (production_year = 1980))
              Rows Removed by Filter: 2527553
Planning time: 0.540 ms
Execution time: 2722.999 ms
