Seq Scan on title t  (cost=0.00..73925.90 rows=383659 width=0) (actual time=321.271..1145.751 rows=265354 loops=1)
  Filter: ((production_year < 1987) AND (kind_id = 7))
  Rows Removed by Filter: 2262958
Planning time: 0.389 ms
Execution time: 1180.756 ms
