Hash Join  (cost=88458.98..585299.13 rows=3421478 width=0) (actual time=1485.770..14120.802 rows=2160139 loops=1)
  Hash Cond: (mi.movie_id = t.id)
  ->  Seq Scan on movie_info mi  (cost=0.00..346232.03 rows=9767026 width=4) (actual time=0.019..6935.125 rows=9911754 loops=1)
        Filter: (info_type_id > 4)
        Rows Removed by Filter: 4923966
  ->  Hash  (cost=73925.90..73925.90 rows=885766 width=4) (actual time=1484.272..1484.272 rows=802336 loops=1)
        Buckets: 131072  Batches: 16  Memory Usage: 2794kB
        ->  Seq Scan on title t  (cost=0.00..73925.90 rows=885766 width=4) (actual time=0.022..1234.659 rows=802336 loops=1)
              Filter: ((kind_id > 2) AND (production_year < 2004))
              Rows Removed by Filter: 1725976
Planning time: 0.777 ms
Execution time: 14384.560 ms
