Hash Join  (cost=88359.31..159569.27 rows=448906 width=0) (actual time=1654.310..3419.546 rows=492439 loops=1)
  Hash Cond: (mc.movie_id = t.id)
  ->  Seq Scan on movie_companies mc  (cost=0.00..51404.11 rows=897277 width=4) (actual time=0.024..930.925 rows=905239 loops=1)
        Filter: (company_id > 21092)
        Rows Removed by Filter: 1703890
  ->  Hash  (cost=67604.59..67604.59 rows=1265018 width=4) (actual time=1652.840..1652.840 rows=1263700 loops=1)
        Buckets: 131072  Batches: 32  Memory Usage: 2410kB
        ->  Seq Scan on title t  (cost=0.00..67604.59 rows=1265018 width=4) (actual time=0.014..1230.901 rows=1263700 loops=1)
              Filter: (production_year < 2004)
              Rows Removed by Filter: 1264612
Planning time: 0.818 ms
Execution time: 3478.298 ms
