Hash Join  (cost=127857.20..266554.87 rows=455202 width=0) (actual time=2933.055..8569.569 rows=6268484 loops=1)
  Hash Cond: (mk.movie_id = t.id)
  ->  Seq Scan on movie_keyword mk  (cost=0.00..81003.12 rows=4509740 width=4) (actual time=0.017..1864.452 rows=4512578 loops=1)
        Filter: (keyword_id < 123965)
        Rows Removed by Filter: 11352
  ->  Hash  (cost=123669.92..123669.92 rows=255223 width=8) (actual time=2932.016..2932.016 rows=571729 loops=1)
        Buckets: 131072 (originally 131072)  Batches: 8 (originally 4)  Memory Usage: 3846kB
        ->  Hash Join  (cost=81598.21..123669.92 rows=255223 width=8) (actual time=1480.783..2782.922 rows=571729 loops=1)
              Hash Cond: (mi_idx.movie_id = t.id)
              ->  Seq Scan on movie_info_idx mi_idx  (cost=0.00..21735.35 rows=1380035 width=4) (actual time=0.022..470.825 rows=1380035 loops=1)
              ->  Hash  (cost=73925.90..73925.90 rows=467624 width=4) (actual time=1479.740..1479.740 rows=557493 loops=1)
                    Buckets: 131072  Batches: 8  Memory Usage: 3486kB
                    ->  Seq Scan on title t  (cost=0.00..73925.90 rows=467624 width=4) (actual time=0.026..1299.787 rows=557493 loops=1)
                          Filter: ((kind_id < 7) AND (production_year < 2003))
                          Rows Removed by Filter: 1970819
Planning time: 1.266 ms
Execution time: 9343.120 ms
