Seq Scan on movie_companies mc  (cost=0.00..57926.93 rows=1182734 width=0) (actual time=0.370..1045.202 rows=1043156 loops=1)
  Filter: ((company_id < 94868) AND (company_type_id = 2))
  Rows Removed by Filter: 1565973
Planning time: 0.399 ms
Execution time: 1172.619 ms
