Hash Join  (cost=105772.75..1527245.65 rows=33329972 width=0) (actual time=2486.838..45469.070 rows=34912000 loops=1)
  Hash Cond: (ci.movie_id = t.id)
  ->  Seq Scan on cast_info ci  (cost=0.00..614943.12 rows=36225612 width=4) (actual time=0.011..13097.874 rows=36244344 loops=1)
  ->  Hash  (cost=67604.59..67604.59 rows=2326413 width=4) (actual time=2485.975..2485.975 rows=2320300 loops=1)
        Buckets: 131072  Batches: 32  Memory Usage: 3577kB
        ->  Seq Scan on title t  (cost=0.00..67604.59 rows=2326413 width=4) (actual time=0.019..1335.491 rows=2320300 loops=1)
              Filter: (production_year > 1937)
              Rows Removed by Filter: 208012
Planning time: 0.810 ms
Execution time: 49203.093 ms
