Seq Scan on title t  (cost=0.00..73925.90 rows=1465404 width=0) (actual time=0.011..1379.095 rows=1478439 loops=1)
  Filter: ((production_year > 1914) AND (kind_id = 7))
  Rows Removed by Filter: 1049873
Planning time: 0.402 ms
Execution time: 1567.041 ms
