Seq Scan on cast_info ci  (cost=0.00..796071.18 rows=1311027 width=0) (actual time=5195.281..11909.979 rows=2060426 loops=1)
  Filter: ((person_id > 3658150) AND (role_id > 1))
  Rows Removed by Filter: 34183918
Planning time: 0.353 ms
Execution time: 12166.932 ms
