Hash Join  (cost=74349.78..129365.21 rows=34991 width=0) (actual time=1251.693..2674.725 rows=49439 loops=1)
  Hash Cond: (mc.movie_id = t.id)
  ->  Seq Scan on movie_companies mc  (cost=0.00..44881.29 rows=2609129 width=4) (actual time=0.020..781.971 rows=2609129 loops=1)
  ->  Hash  (cost=73925.90..73925.90 rows=33910 width=4) (actual time=1251.161..1251.161 rows=21830 loops=1)
        Buckets: 65536  Batches: 1  Memory Usage: 1280kB
        ->  Seq Scan on title t  (cost=0.00..73925.90 rows=33910 width=4) (actual time=0.038..1241.142 rows=21830 loops=1)
              Filter: ((kind_id < 3) AND (production_year = 2007))
              Rows Removed by Filter: 2506482
Planning time: 0.748 ms
Execution time: 2682.181 ms
