Seq Scan on movie_companies mc  (cost=0.00..51404.11 rows=902092 width=0) (actual time=0.024..859.609 rows=910974 loops=1)
  Filter: (company_id > 20743)
  Rows Removed by Filter: 1698155
Planning time: 0.332 ms
Execution time: 976.843 ms
