Hash Join  (cost=74210.29..828258.94 rows=325948 width=0) (actual time=1225.965..20091.497 rows=331057 loops=1)
  Hash Cond: (ci.movie_id = t.id)
  ->  Seq Scan on cast_info ci  (cost=0.00..614943.12 rows=36225612 width=4) (actual time=0.013..9463.765 rows=36244344 loops=1)
  ->  Hash  (cost=73925.90..73925.90 rows=22751 width=4) (actual time=1225.648..1225.648 rows=18892 loops=1)
        Buckets: 32768  Batches: 1  Memory Usage: 921kB
        ->  Seq Scan on title t  (cost=0.00..73925.90 rows=22751 width=4) (actual time=0.059..1217.437 rows=18892 loops=1)
              Filter: ((kind_id < 7) AND (production_year = 2001))
              Rows Removed by Filter: 2509420
Planning time: 1.024 ms
Execution time: 20147.429 ms
