Hash Join  (cost=75580.59..561659.49 rows=587897 width=0) (actual time=1352.648..13131.413 rows=833290 loops=1)
  Hash Cond: (mi.movie_id = t.id)
  ->  Seq Scan on movie_info mi  (cost=0.00..309384.22 rows=14739122 width=4) (actual time=0.016..5965.269 rows=14835720 loops=1)
  ->  Hash  (cost=73925.90..73925.90 rows=100855 width=4) (actual time=1247.729..1247.729 rows=111586 loops=1)
        Buckets: 131072  Batches: 2  Memory Usage: 2988kB
        ->  Seq Scan on title t  (cost=0.00..73925.90 rows=100855 width=4) (actual time=0.014..1205.527 rows=111586 loops=1)
              Filter: ((production_year < 2012) AND (kind_id = 4))
              Rows Removed by Filter: 2416726
Planning time: 0.753 ms
Execution time: 13233.017 ms
