Hash Join  (cost=102587.25..157650.70 rows=39792 width=0) (actual time=1855.515..3177.708 rows=88011 loops=1)
  Hash Cond: (mc.movie_id = t.id)
  ->  Seq Scan on movie_companies mc  (cost=0.00..44881.29 rows=2609129 width=4) (actual time=0.016..653.149 rows=2609129 loops=1)
  ->  Hash  (cost=102105.22..102105.22 rows=38563 width=8) (actual time=1854.995..1854.995 rows=36360 loops=1)
        Buckets: 65536  Batches: 1  Memory Usage: 1933kB
        ->  Hash Join  (cost=74809.10..102105.22 rows=38563 width=8) (actual time=1219.289..1842.542 rows=36360 loops=1)
              Hash Cond: (mi_idx.movie_id = t.id)
              ->  Seq Scan on movie_info_idx mi_idx  (cost=0.00..21735.35 rows=1380035 width=4) (actual time=0.033..285.611 rows=1380035 loops=1)
              ->  Hash  (cost=73925.90..73925.90 rows=70656 width=4) (actual time=1218.218..1218.218 rows=79548 loops=1)
                    Buckets: 131072  Batches: 1  Memory Usage: 3821kB
                    ->  Seq Scan on title t  (cost=0.00..73925.90 rows=70656 width=4) (actual time=0.013..1184.105 rows=79548 loops=1)
                          Filter: ((kind_id > 1) AND (production_year = 2005))
                          Rows Removed by Filter: 2448764
Planning time: 5.106 ms
Execution time: 3189.688 ms
