Hash Join  (cost=89649.84..170236.81 rows=466986 width=0) (actual time=1909.477..3744.927 rows=171036 loops=1)
  Hash Cond: (mc.movie_id = t.id)
  ->  Seq Scan on movie_companies mc  (cost=0.00..57926.93 rows=1232047 width=4) (actual time=223.910..1309.552 rows=1274246 loops=1)
        Filter: ((company_id < 159103) AND (company_type_id = 1))
        Rows Removed by Filter: 1334883
  ->  Hash  (cost=73925.90..73925.90 rows=958395 width=4) (actual time=1684.234..1684.234 rows=1050192 loops=1)
        Buckets: 131072  Batches: 16  Memory Usage: 3340kB
        ->  Seq Scan on title t  (cost=0.00..73925.90 rows=958395 width=4) (actual time=0.034..1350.626 rows=1050192 loops=1)
              Filter: ((production_year > 1996) AND (kind_id = 7))
              Rows Removed by Filter: 1478120
Planning time: 0.726 ms
Execution time: 3763.468 ms
