Hash Join  (cost=135896.88..989902.69 rows=409431 width=0) (actual time=2801.488..17277.899 rows=342415 loops=1)
  Hash Cond: (ci.movie_id = t.id)
  ->  Seq Scan on cast_info ci  (cost=0.00..796071.18 rows=4580082 width=4) (actual time=0.024..13392.923 rows=2302750 loops=1)
        Filter: ((person_id < 1720093) AND (role_id > 4))
        Rows Removed by Filter: 33941594
  ->  Hash  (cost=132188.45..132188.45 rows=226035 width=8) (actual time=2800.547..2800.547 rows=123541 loops=1)
        Buckets: 131072  Batches: 4  Memory Usage: 2227kB
        ->  Hash Join  (cost=94574.69..132188.45 rows=226035 width=8) (actual time=1859.586..2766.756 rows=123541 loops=1)
              Hash Cond: (mi_idx.movie_id = t.id)
              ->  Seq Scan on movie_info_idx mi_idx  (cost=0.00..25185.44 rows=454124 width=4) (actual time=0.017..513.686 rows=459925 loops=1)
                    Filter: (info_type_id = 100)
                    Rows Removed by Filter: 920110
              ->  Hash  (cost=73925.90..73925.90 rows=1258543 width=4) (actual time=1839.299..1839.299 rows=1221534 loops=1)
                    Buckets: 131072  Batches: 32  Memory Usage: 2363kB
                    ->  Seq Scan on title t  (cost=0.00..73925.90 rows=1258543 width=4) (actual time=0.349..1448.756 rows=1221534 loops=1)
                          Filter: ((production_year < 2011) AND (kind_id = 7))
                          Rows Removed by Filter: 1306778
Planning time: 1.207 ms
Execution time: 17322.042 ms
