Hash Join  (cost=143336.50..510978.87 rows=298644 width=0) (actual time=2753.983..10723.804 rows=130126 loops=1)
  Hash Cond: (mi.movie_id = t.id)
  ->  Seq Scan on movie_info mi  (cost=0.00..309384.22 rows=14739122 width=4) (actual time=0.019..4521.628 rows=14835720 loops=1)
  ->  Hash  (cost=142696.09..142696.09 rows=51233 width=8) (actual time=2753.125..2753.125 rows=17670 loops=1)
        Buckets: 65536  Batches: 1  Memory Usage: 1203kB
        ->  Hash Join  (cost=75587.46..142696.09 rows=51233 width=8) (actual time=1499.195..2745.909 rows=17670 loops=1)
              Hash Cond: (mc.movie_id = t.id)
              ->  Seq Scan on movie_companies mc  (cost=0.00..51404.11 rows=1279517 width=4) (actual time=216.354..1001.856 rows=1274246 loops=1)
                    Filter: (company_type_id = 1)
                    Rows Removed by Filter: 1334883
              ->  Hash  (cost=73925.90..73925.90 rows=101244 width=4) (actual time=1279.690..1279.690 rows=110779 loops=1)
                    Buckets: 131072  Batches: 2  Memory Usage: 2970kB
                    ->  Seq Scan on title t  (cost=0.00..73925.90 rows=101244 width=4) (actual time=1.538..1239.104 rows=110779 loops=1)
                          Filter: ((kind_id > 4) AND (production_year = 2012))
                          Rows Removed by Filter: 2417533
Planning time: 4.190 ms
Execution time: 10742.206 ms
