Hash Join  (cost=166125.17..296237.58 rows=665638 width=0) (actual time=4069.589..6642.027 rows=288634 loops=1)
  Hash Cond: (mk.movie_id = t.id)
  ->  Seq Scan on movie_keyword mk  (cost=0.00..69693.30 rows=4523930 width=4) (actual time=0.017..1418.104 rows=4523930 loops=1)
  ->  Hash  (cost=160020.67..160020.67 rows=372040 width=8) (actual time=3346.459..3346.459 rows=236952 loops=1)
        Buckets: 131072  Batches: 8  Memory Usage: 2187kB
        ->  Hash Join  (cost=79841.74..160020.67 rows=372040 width=8) (actual time=1131.928..3270.504 rows=236952 loops=1)
              Hash Cond: (mc.movie_id = t.id)
              ->  Seq Scan on movie_companies mc  (cost=0.00..44881.29 rows=2609129 width=4) (actual time=0.022..920.032 rows=2609129 loops=1)
              ->  Hash  (cost=73925.90..73925.90 rows=360547 width=4) (actual time=1131.118..1131.118 rows=243152 loops=1)
                    Buckets: 131072  Batches: 8  Memory Usage: 2080kB
                    ->  Seq Scan on title t  (cost=0.00..73925.90 rows=360547 width=4) (actual time=0.018..1052.677 rows=243152 loops=1)
                          Filter: ((production_year < 1985) AND (kind_id = 7))
                          Rows Removed by Filter: 2285160
Planning time: 1.093 ms
Execution time: 6675.008 ms
