Seq Scan on movie_keyword mk  (cost=0.00..81003.12 rows=246 width=0) (actual time=3.259..1256.054 rows=269 loops=1)
  Filter: (keyword_id = 8221)
  Rows Removed by Filter: 4523661
Planning time: 0.362 ms
Execution time: 1256.310 ms
