Hash Join  (cost=131152.07..497072.39 rows=126440 width=0) (actual time=2579.297..10377.418 rows=261688 loops=1)
  Hash Cond: (mi.movie_id = t.id)
  ->  Seq Scan on movie_info mi  (cost=0.00..309384.22 rows=14739122 width=4) (actual time=0.016..4449.947 rows=14835720 loops=1)
  ->  Hash  (cost=130880.93..130880.93 rows=21691 width=8) (actual time=2579.112..2579.112 rows=14515 loops=1)
        Buckets: 32768  Batches: 1  Memory Usage: 823kB
        ->  Hash Join  (cost=74461.72..130880.93 rows=21691 width=8) (actual time=1289.478..2572.831 rows=14515 loops=1)
              Hash Cond: (mc.movie_id = t.id)
              ->  Seq Scan on movie_companies mc  (cost=0.00..51404.11 rows=1279517 width=4) (actual time=0.011..957.077 rows=1274246 loops=1)
                    Filter: (company_type_id = 1)
                    Rows Removed by Filter: 1334883
              ->  Hash  (cost=73925.90..73925.90 rows=42865 width=4) (actual time=1289.185..1289.185 rows=49850 loops=1)
                    Buckets: 65536  Batches: 1  Memory Usage: 2265kB
                    ->  Seq Scan on title t  (cost=0.00..73925.90 rows=42865 width=4) (actual time=0.014..1268.431 rows=49850 loops=1)
                          Filter: ((kind_id > 1) AND (production_year = 2001))
                          Rows Removed by Filter: 2478462
Planning time: 0.995 ms
Execution time: 10412.845 ms
