Hash Join  (cost=102767.86..284050.95 rows=3756921 width=0) (actual time=1844.731..7113.199 rows=3752639 loops=1)
  Hash Cond: (mk.movie_id = t.id)
  ->  Seq Scan on movie_keyword mk  (cost=0.00..81003.12 rows=3756921 width=4) (actual time=0.031..1969.577 rows=3752639 loops=1)
        Filter: (keyword_id > 724)
        Rows Removed by Filter: 771291
  ->  Hash  (cost=61283.27..61283.27 rows=2528527 width=4) (actual time=1843.496..1843.496 rows=2528312 loops=1)
        Buckets: 131072  Batches: 64  Memory Usage: 2425kB
        ->  Seq Scan on title t  (cost=0.00..61283.27 rows=2528527 width=4) (actual time=0.019..976.183 rows=2528312 loops=1)
Planning time: 0.696 ms
Execution time: 7518.254 ms
