Seq Scan on movie_companies mc  (cost=0.00..57926.93 rows=4990 width=0) (actual time=590.747..988.678 rows=7005 loops=1)
  Filter: ((company_type_id < 2) AND (company_id = 11141))
  Rows Removed by Filter: 2602124
Planning time: 3.602 ms
Execution time: 989.973 ms
