Hash Join  (cost=52284.99..805520.09 rows=523 width=0) (actual time=1800.906..16171.765 rows=87 loops=1)
  Hash Cond: (ci.movie_id = t.id)
  ->  Seq Scan on cast_info ci  (cost=0.00..705507.15 rows=12726058 width=4) (actual time=825.791..13608.185 rows=12670688 loops=1)
        Filter: (role_id = 1)
        Rows Removed by Filter: 23573656
  ->  Hash  (cost=52283.69..52283.69 rows=104 width=8) (actual time=862.380..862.380 rows=63 loops=1)
        Buckets: 1024  Batches: 1  Memory Usage: 11kB
        ->  Nested Loop  (cost=0.43..52283.69 rows=104 width=8) (actual time=10.055..862.285 rows=63 loops=1)
              ->  Seq Scan on movie_companies mc  (cost=0.00..51404.11 rows=104 width=4) (actual time=9.956..856.237 rows=63 loops=1)
                    Filter: (company_id = 10269)
                    Rows Removed by Filter: 2609066
              ->  Index Only Scan using title_pkey on title t  (cost=0.43..8.45 rows=1 width=4) (actual time=0.091..0.092 rows=1 loops=63)
                    Index Cond: (id = mc.movie_id)
                    Heap Fetches: 63
Planning time: 16.398 ms
Execution time: 16171.999 ms
