Seq Scan on movie_keyword mk  (cost=0.00..81003.12 rows=246 width=0) (actual time=0.545..1237.998 rows=311 loops=1)
  Filter: (keyword_id = 1110)
  Rows Removed by Filter: 4523619
Planning time: 0.346 ms
Execution time: 1238.248 ms
