Hash Join  (cost=137466.38..218294.93 rows=419203 width=0) (actual time=3066.468..5659.865 rows=642000 loops=1)
  Hash Cond: (mc.movie_id = t.id)
  ->  Seq Scan on movie_companies mc  (cost=0.00..44881.29 rows=2609129 width=4) (actual time=0.017..955.994 rows=2609129 loops=1)
  ->  Hash  (cost=130801.22..130801.22 rows=406253 width=8) (actual time=3065.260..3065.260 rows=256629 loops=1)
        Buckets: 131072  Batches: 8  Memory Usage: 2271kB
        ->  Hash Join  (cost=86138.21..130801.22 rows=406253 width=8) (actual time=1615.952..2989.521 rows=256629 loops=1)
              Hash Cond: (mi_idx.movie_id = t.id)
              ->  Seq Scan on movie_info_idx mi_idx  (cost=0.00..21735.35 rows=1380035 width=4) (actual time=0.023..521.602 rows=1380035 loops=1)
              ->  Hash  (cost=73925.90..73925.90 rows=744344 width=4) (actual time=1615.161..1615.161 rows=796638 loops=1)
                    Buckets: 131072  Batches: 16  Memory Usage: 2779kB
                    ->  Seq Scan on title t  (cost=0.00..73925.90 rows=744344 width=4) (actual time=0.012..1363.220 rows=796638 loops=1)
                          Filter: ((kind_id > 1) AND (production_year > 2005))
                          Rows Removed by Filter: 1731674
Planning time: 1.030 ms
Execution time: 5738.672 ms
