Hash Join  (cost=149956.58..638610.97 rows=829247 width=0) (actual time=3262.278..17711.455 rows=6342140 loops=1)
  Hash Cond: (mi.movie_id = t.id)
  ->  Seq Scan on movie_info mi  (cost=0.00..309384.22 rows=14739122 width=4) (actual time=0.016..6224.568 rows=14835720 loops=1)
  ->  Hash  (cost=147622.34..147622.34 rows=142259 width=8) (actual time=3261.455..3261.455 rows=357965 loops=1)
        Buckets: 131072 (originally 131072)  Batches: 8 (originally 2)  Memory Usage: 3073kB
        ->  Hash Join  (cost=78364.59..147622.34 rows=142259 width=8) (actual time=1338.619..3138.395 rows=357965 loops=1)
              Hash Cond: (mc.movie_id = t.id)
              ->  Seq Scan on movie_companies mc  (cost=0.00..51404.11 rows=1329612 width=4) (actual time=0.029..992.832 rows=1334883 loops=1)
                    Filter: (company_type_id = 2)
                    Rows Removed by Filter: 1274246
              ->  Hash  (cost=73925.90..73925.90 rows=270535 width=4) (actual time=1337.012..1337.012 rows=374196 loops=1)
                    Buckets: 131072 (originally 131072)  Batches: 8 (originally 4)  Memory Usage: 3073kB
                    ->  Seq Scan on title t  (cost=0.00..73925.90 rows=270535 width=4) (actual time=335.713..1214.592 rows=374196 loops=1)
                          Filter: ((production_year < 2000) AND (kind_id = 1))
                          Rows Removed by Filter: 2154116
Planning time: 1.165 ms
Execution time: 18408.585 ms
