Hash Join  (cost=155764.17..194975.70 rows=88505 width=0) (actual time=3390.208..4289.388 rows=86895 loops=1)
  Hash Cond: (mi_idx.movie_id = t.id)
  ->  Seq Scan on movie_info_idx mi_idx  (cost=0.00..21735.35 rows=1380035 width=4) (actual time=0.008..467.777 rows=1380035 loops=1)
  ->  Hash  (cost=153103.16..153103.16 rows=162161 width=8) (actual time=3269.111..3269.111 rows=81779 loops=1)
        Buckets: 131072  Batches: 4  Memory Usage: 1823kB
        ->  Hash Join  (cost=81821.64..153103.16 rows=162161 width=8) (actual time=2186.726..3241.024 rows=81779 loops=1)
              Hash Cond: (mc.movie_id = t.id)
              ->  Seq Scan on movie_companies mc  (cost=0.00..57926.93 rows=851992 width=4) (actual time=0.023..1146.213 rows=1059737 loops=1)
                    Filter: ((company_id > 3422) AND (company_type_id = 2))
                    Rows Removed by Filter: 1549392
              ->  Hash  (cost=73925.90..73925.90 rows=481259 width=4) (actual time=1498.066..1498.066 rows=518327 loops=1)
                    Buckets: 131072  Batches: 8  Memory Usage: 3301kB
                    ->  Seq Scan on title t  (cost=0.00..73925.90 rows=481259 width=4) (actual time=46.995..1337.358 rows=518327 loops=1)
                          Filter: ((production_year > 2007) AND (kind_id = 7))
                          Rows Removed by Filter: 2009985
Planning time: 1.140 ms
Execution time: 4301.244 ms
