Seq Scan on movie_keyword mk  (cost=0.00..81003.12 rows=856591 width=0) (actual time=0.017..1299.231 rows=864018 loops=1)
  Filter: (keyword_id > 21304)
  Rows Removed by Filter: 3659912
Planning time: 0.342 ms
Execution time: 1411.238 ms
