Hash Join  (cost=137552.91..1154248.50 rows=3788011 width=0) (actual time=2892.071..32677.917 rows=12198459 loops=1)
  Hash Cond: (ci.movie_id = t.id)
  ->  Seq Scan on cast_info ci  (cost=0.00..705507.15 rows=23499554 width=4) (actual time=0.020..15633.143 rows=23573656 loops=1)
        Filter: (role_id > 1)
        Rows Removed by Filter: 12670688
  ->  Hash  (cost=130865.08..130865.08 rows=407586 width=8) (actual time=2891.141..2891.141 rows=684373 loops=1)
        Buckets: 131072 (originally 131072)  Batches: 16 (originally 8)  Memory Usage: 3073kB
        ->  Hash Join  (cost=86178.74..130865.08 rows=407586 width=8) (actual time=1383.775..2699.295 rows=684373 loops=1)
              Hash Cond: (mi_idx.movie_id = t.id)
              ->  Seq Scan on movie_info_idx mi_idx  (cost=0.00..21735.35 rows=1380035 width=4) (actual time=0.029..409.418 rows=1380035 loops=1)
              ->  Hash  (cost=73925.90..73925.90 rows=746787 width=4) (actual time=1382.902..1382.902 rows=650324 loops=1)
                    Buckets: 131072  Batches: 16  Memory Usage: 2453kB
                    ->  Seq Scan on title t  (cost=0.00..73925.90 rows=746787 width=4) (actual time=0.020..1174.031 rows=650324 loops=1)
                          Filter: ((kind_id < 7) AND (production_year > 1982))
                          Rows Removed by Filter: 1877988
Planning time: 7.575 ms
Execution time: 34077.785 ms
