Hash Join  (cost=190230.21..977387.69 rows=2445365 width=0) (actual time=4240.907..19917.906 rows=6008069 loops=1)
  Hash Cond: (ci.movie_id = t.id)
  ->  Seq Scan on cast_info ci  (cost=0.00..705507.15 rows=4480446 width=4) (actual time=0.016..11714.821 rows=4514314 loops=1)
        Filter: (person_id > 3237717)
        Rows Removed by Filter: 31730030
  ->  Hash  (cost=167588.78..167588.78 rows=1380035 width=8) (actual time=4239.990..4239.990 rows=1380035 loops=1)
        Buckets: 131072  Batches: 32  Memory Usage: 2708kB
        ->  Hash Join  (cost=102767.86..167588.78 rows=1380035 width=8) (actual time=1881.455..3841.207 rows=1380035 loops=1)
              Hash Cond: (mi_idx.movie_id = t.id)
              ->  Seq Scan on movie_info_idx mi_idx  (cost=0.00..21735.35 rows=1380035 width=4) (actual time=0.027..470.354 rows=1380035 loops=1)
              ->  Hash  (cost=61283.27..61283.27 rows=2528527 width=4) (actual time=1879.401..1879.401 rows=2528312 loops=1)
                    Buckets: 131072  Batches: 64  Memory Usage: 2415kB
                    ->  Seq Scan on title t  (cost=0.00..61283.27 rows=2528527 width=4) (actual time=0.013..1029.354 rows=2528312 loops=1)
Planning time: 1.187 ms
Execution time: 20599.182 ms
