Seq Scan on cast_info ci  (cost=0.00..705507.15 rows=26052400 width=0) (actual time=0.015..12744.716 rows=26043497 loops=1)
  Filter: (person_id < 2694862)
  Rows Removed by Filter: 10200847
Planning time: 0.374 ms
Execution time: 15794.674 ms
