Hash Join  (cost=202326.01..234121.11 rows=39417 width=0) (actual time=3915.628..4625.124 rows=170416 loops=1)
  Hash Cond: (mi_idx.movie_id = t.id)
  ->  Seq Scan on movie_info_idx mi_idx  (cost=0.00..25185.44 rows=464934 width=4) (actual time=0.026..447.451 rows=460185 loops=1)
        Filter: (info_type_id > 100)
        Rows Removed by Filter: 919850
  ->  Hash  (cost=198808.43..198808.43 rows=214366 width=8) (actual time=3914.781..3914.781 rows=215812 loops=1)
        Buckets: 131072  Batches: 4  Memory Usage: 3140kB
        ->  Hash Join  (cost=102767.86..198808.43 rows=214366 width=8) (actual time=1936.813..3846.097 rows=215812 loops=1)
              Hash Cond: (mk.movie_id = t.id)
              ->  Seq Scan on movie_keyword mk  (cost=0.00..81003.12 rows=214366 width=4) (actual time=0.023..1305.379 rows=215812 loops=1)
                    Filter: (keyword_id > 65488)
                    Rows Removed by Filter: 4308118
              ->  Hash  (cost=61283.27..61283.27 rows=2528527 width=4) (actual time=1935.913..1935.913 rows=2528312 loops=1)
                    Buckets: 131072  Batches: 64  Memory Usage: 2425kB
                    ->  Seq Scan on title t  (cost=0.00..61283.27 rows=2528527 width=4) (actual time=0.013..1087.755 rows=2528312 loops=1)
Planning time: 1.180 ms
Execution time: 4645.239 ms
