Hash Join  (cost=184610.34..944454.28 rows=290207 width=0) (actual time=9029.200..17536.889 rows=1470799 loops=1)
  Hash Cond: (ci.movie_id = t.id)
  ->  Seq Scan on cast_info ci  (cost=0.00..705507.15 rows=4391924 width=4) (actual time=5471.848..11727.624 rows=4438544 loops=1)
        Filter: (person_id > 3251119)
        Rows Removed by Filter: 31805800
  ->  Hash  (cost=181868.85..181868.85 rows=167079 width=8) (actual time=3556.480..3556.480 rows=129376 loops=1)
        Buckets: 131072  Batches: 4  Memory Usage: 2287kB
        ->  Hash Join  (cost=90260.67..181868.85 rows=167079 width=8) (actual time=1762.804..3516.621 rows=129376 loops=1)
              Hash Cond: (mk.movie_id = t.id)
              ->  Seq Scan on movie_keyword mk  (cost=0.00..81003.12 rows=305936 width=4) (actual time=0.031..1333.155 rows=323736 loops=1)
                    Filter: (keyword_id < 262)
                    Rows Removed by Filter: 4200194
              ->  Hash  (cost=67604.59..67604.59 rows=1380887 width=4) (actual time=1758.478..1758.478 rows=1381453 loops=1)
                    Buckets: 131072  Batches: 32  Memory Usage: 2551kB
                    ->  Seq Scan on title t  (cost=0.00..67604.59 rows=1380887 width=4) (actual time=0.019..1298.140 rows=1381453 loops=1)
                          Filter: (production_year > 2000)
                          Rows Removed by Filter: 1146859
Planning time: 1.201 ms
Execution time: 17717.672 ms
