Seq Scan on movie_keyword mk  (cost=0.00..81003.12 rows=2252948 width=0) (actual time=0.017..1420.344 rows=2251924 loops=1)
  Filter: (keyword_id > 4777)
  Rows Removed by Filter: 2272006
Planning time: 0.325 ms
Execution time: 1711.023 ms
