Hash Join  (cost=102767.86..193733.37 rows=962497 width=0) (actual time=2093.202..4366.409 rows=1127999 loops=1)
  Hash Cond: (mc.movie_id = t.id)
  ->  Seq Scan on movie_companies mc  (cost=0.00..57926.93 rows=962497 width=4) (actual time=167.539..1136.935 rows=1127999 loops=1)
        Filter: ((company_id > 1347) AND (company_type_id > 1))
        Rows Removed by Filter: 1481130
  ->  Hash  (cost=61283.27..61283.27 rows=2528527 width=4) (actual time=1924.322..1924.322 rows=2528312 loops=1)
        Buckets: 131072  Batches: 64  Memory Usage: 2415kB
        ->  Seq Scan on title t  (cost=0.00..61283.27 rows=2528527 width=4) (actual time=0.016..1072.180 rows=2528312 loops=1)
Planning time: 0.766 ms
Execution time: 4502.183 ms
