Nested Loop  (cost=0.43..58358.27 rows=51 width=0) (actual time=210.869..829.500 rows=2398 loops=1)
  ->  Seq Scan on movie_companies mc  (cost=0.00..57926.93 rows=51 width=4) (actual time=210.771..771.606 rows=2398 loops=1)
        Filter: ((company_id = 575) AND (company_type_id = 1))
        Rows Removed by Filter: 2606731
  ->  Index Only Scan using title_pkey on title t  (cost=0.43..8.45 rows=1 width=4) (actual time=0.023..0.023 rows=1 loops=2398)
        Index Cond: (id = mc.movie_id)
        Heap Fetches: 2398
Planning time: 0.760 ms
Execution time: 830.260 ms
