Hash Join  (cost=73994.33..825567.74 rows=78425 width=0) (actual time=1196.800..18157.949 rows=125438 loops=1)
  Hash Cond: (ci.movie_id = t.id)
  ->  Seq Scan on cast_info ci  (cost=0.00..614943.12 rows=36225612 width=4) (actual time=0.012..8506.804 rows=36244344 loops=1)
  ->  Hash  (cost=73925.90..73925.90 rows=5474 width=4) (actual time=1196.466..1196.466 rows=9683 loops=1)
        Buckets: 16384 (originally 8192)  Batches: 1 (originally 1)  Memory Usage: 469kB
        ->  Seq Scan on title t  (cost=0.00..73925.90 rows=5474 width=4) (actual time=0.021..1191.203 rows=9683 loops=1)
              Filter: ((kind_id > 1) AND (production_year = 1975))
              Rows Removed by Filter: 2518629
Planning time: 0.568 ms
Execution time: 18179.862 ms
