Hash Join  (cost=69179.59..554956.48 rows=559597 width=0) (actual time=1038.197..12514.860 rows=522217 loops=1)
  Hash Cond: (mi.movie_id = t.id)
  ->  Seq Scan on movie_info mi  (cost=0.00..309384.22 rows=14739122 width=4) (actual time=0.013..5680.971 rows=14835720 loops=1)
  ->  Hash  (cost=67604.59..67604.59 rows=96000 width=4) (actual time=1037.346..1037.346 rows=95005 loops=1)
        Buckets: 131072  Batches: 2  Memory Usage: 2722kB
        ->  Seq Scan on title t  (cost=0.00..67604.59 rows=96000 width=4) (actual time=0.015..1000.171 rows=95005 loops=1)
              Filter: (production_year = 2005)
              Rows Removed by Filter: 2433307
Planning time: 0.762 ms
Execution time: 12591.146 ms
