Nested Loop  (cost=0.43..78531.56 rows=3566 width=0) (actual time=0.074..883.969 rows=3921 loops=1)
  ->  Seq Scan on movie_companies mc  (cost=0.00..51404.11 rows=3566 width=4) (actual time=0.030..790.341 rows=3921 loops=1)
        Filter: (company_id = 474)
        Rows Removed by Filter: 2605208
  ->  Index Only Scan using title_pkey on title t  (cost=0.43..7.60 rows=1 width=4) (actual time=0.022..0.023 rows=1 loops=3921)
        Index Cond: (id = mc.movie_id)
        Heap Fetches: 3921
Planning time: 0.545 ms
Execution time: 885.055 ms
