Hash Join  (cost=83073.68..447733.21 rows=363 width=0) (actual time=1338.316..8623.825 rows=34065 loops=1)
  Hash Cond: (mi.movie_id = t.id)
  ->  Seq Scan on movie_info mi  (cost=0.00..309384.22 rows=14739122 width=4) (actual time=0.020..4507.394 rows=14835720 loops=1)
  ->  Hash  (cost=83072.90..83072.90 rows=62 width=8) (actual time=1302.415..1302.415 rows=251 loops=1)
        Buckets: 1024  Batches: 1  Memory Usage: 18kB
        ->  Nested Loop  (cost=0.43..83072.90 rows=62 width=8) (actual time=23.772..1302.156 rows=251 loops=1)
              ->  Seq Scan on movie_keyword mk  (cost=0.00..81003.12 rows=246 width=4) (actual time=23.699..1281.027 rows=339 loops=1)
                    Filter: (keyword_id = 8782)
                    Rows Removed by Filter: 4523591
              ->  Index Scan using title_pkey on title t  (cost=0.43..8.40 rows=1 width=4) (actual time=0.059..0.060 rows=1 loops=339)
                    Index Cond: (id = mk.movie_id)
                    Filter: ((production_year > 1911) AND (kind_id = 1))
                    Rows Removed by Filter: 0
Planning time: 1.221 ms
Execution time: 8629.520 ms
