Seq Scan on movie_keyword mk  (cost=0.00..81003.12 rows=34180 width=0) (actual time=0.035..1168.050 rows=27507 loops=1)
  Filter: (keyword_id < 28)
  Rows Removed by Filter: 4496423
Planning time: 0.340 ms
Execution time: 1172.622 ms
