Hash Join  (cost=102123.10..856972.47 rows=406020 width=0) (actual time=1843.725..19561.068 rows=558987 loops=1)
  Hash Cond: (ci.movie_id = t.id)
  ->  Seq Scan on cast_info ci  (cost=0.00..614943.12 rows=36225612 width=4) (actual time=0.023..9220.421 rows=36244344 loops=1)
  ->  Hash  (cost=101768.85..101768.85 rows=28340 width=8) (actual time=1841.560..1841.560 rows=15120 loops=1)
        Buckets: 32768  Batches: 1  Memory Usage: 847kB
        ->  Hash Join  (cost=74574.97..101768.85 rows=28340 width=8) (actual time=1168.548..1836.414 rows=15120 loops=1)
              Hash Cond: (mi_idx.movie_id = t.id)
              ->  Seq Scan on movie_info_idx mi_idx  (cost=0.00..21735.35 rows=1380035 width=4) (actual time=0.015..317.411 rows=1380035 loops=1)
              ->  Hash  (cost=73925.90..73925.90 rows=51925 width=4) (actual time=1165.349..1165.349 rows=56480 loops=1)
                    Buckets: 65536  Batches: 1  Memory Usage: 2498kB
                    ->  Seq Scan on title t  (cost=0.00..73925.90 rows=51925 width=4) (actual time=153.113..1142.452 rows=56480 loops=1)
                          Filter: ((kind_id = 7) AND (production_year = 2004))
                          Rows Removed by Filter: 2471832
Planning time: 1.178 ms
Execution time: 19636.471 ms
