Hash Join  (cost=219874.45..1466200.15 rows=17706108 width=0) (actual time=5285.722..46550.204 rows=39514665 loops=1)
  Hash Cond: (ci.movie_id = t.id)
  ->  Seq Scan on cast_info ci  (cost=0.00..705507.15 rows=27901492 width=4) (actual time=0.023..15501.162 rows=28014437 loops=1)
        Filter: (person_id > 803879)
        Rows Removed by Filter: 8229907
  ->  Hash  (cost=193549.12..193549.12 rows=1604587 width=8) (actual time=5284.783..5284.783 rows=1853708 loops=1)
        Buckets: 131072  Batches: 32  Memory Usage: 3252kB
        ->  Hash Join  (cost=93117.31..193549.12 rows=1604587 width=8) (actual time=1706.858..4757.651 rows=1853708 loops=1)
              Hash Cond: (mc.movie_id = t.id)
              ->  Seq Scan on movie_companies mc  (cost=0.00..44881.29 rows=2609129 width=4) (actual time=0.024..922.399 rows=2609129 loops=1)
              ->  Hash  (cost=67604.59..67604.59 rows=1555018 width=4) (actual time=1705.476..1705.476 rows=1551727 loops=1)
                    Buckets: 131072  Batches: 32  Memory Usage: 2728kB
                    ->  Seq Scan on title t  (cost=0.00..67604.59 rows=1555018 width=4) (actual time=0.020..1205.265 rows=1551727 loops=1)
                          Filter: (production_year < 2007)
                          Rows Removed by Filter: 976585
Planning time: 1.169 ms
Execution time: 50881.362 ms
