Seq Scan on cast_info ci  (cost=0.00..796071.18 rows=168 width=0) (actual time=12611.205..12956.182 rows=1 loops=1)
  Filter: ((role_id > 3) AND (person_id = 2884744))
  Rows Removed by Filter: 36244343
Planning time: 0.402 ms
Execution time: 12956.297 ms
