Hash Join  (cost=83074.74..958324.14 rows=2054 width=0) (actual time=927.745..20552.573 rows=18502 loops=1)
  Hash Cond: (ci.movie_id = t.id)
  ->  Seq Scan on cast_info ci  (cost=0.00..796071.18 rows=21108713 width=4) (actual time=0.024..16171.605 rows=23179998 loops=1)
        Filter: ((person_id < 2482185) AND (role_id < 10))
        Rows Removed by Filter: 13064346
  ->  Hash  (cost=83071.67..83071.67 rows=246 width=8) (actual time=927.151..927.151 rows=557 loops=1)
        Buckets: 1024  Batches: 1  Memory Usage: 30kB
        ->  Nested Loop  (cost=0.43..83071.67 rows=246 width=8) (actual time=1.033..926.746 rows=557 loops=1)
              ->  Seq Scan on movie_keyword mk  (cost=0.00..81003.12 rows=246 width=4) (actual time=0.990..910.274 rows=557 loops=1)
                    Filter: (keyword_id = 11640)
                    Rows Removed by Filter: 4523373
              ->  Index Only Scan using title_pkey on title t  (cost=0.43..8.40 rows=1 width=4) (actual time=0.028..0.028 rows=1 loops=557)
                    Index Cond: (id = mk.movie_id)
                    Heap Fetches: 557
Planning time: 1.026 ms
Execution time: 20558.558 ms
