Hash Join  (cost=137223.76..231484.01 rows=72119 width=0) (actual time=2427.538..4672.198 rows=846440 loops=1)
  Hash Cond: (mk.movie_id = t.id)
  ->  Seq Scan on movie_keyword mk  (cost=0.00..81003.12 rows=3342915 width=4) (actual time=0.014..1499.552 rows=3334851 loops=1)
        Filter: (keyword_id > 1417)
        Rows Removed by Filter: 1189079
  ->  Hash  (cost=136541.89..136541.89 rows=54550 width=8) (actual time=2426.591..2426.591 rows=50503 loops=1)
        Buckets: 65536  Batches: 1  Memory Usage: 2485kB
        ->  Hash Join  (cost=69374.09..136541.89 rows=54550 width=8) (actual time=1213.994..2408.567 rows=50503 loops=1)
              Hash Cond: (mc.movie_id = t.id)
              ->  Seq Scan on movie_companies mc  (cost=0.00..51404.11 rows=1279517 width=4) (actual time=110.821..850.235 rows=1274246 loops=1)
                    Filter: (company_type_id < 2)
                    Rows Removed by Filter: 1334883
              ->  Hash  (cost=67604.59..67604.59 rows=107800 width=4) (actual time=1102.286..1102.286 rows=108429 loops=1)
                    Buckets: 131072  Batches: 2  Memory Usage: 2931kB
                    ->  Seq Scan on title t  (cost=0.00..67604.59 rows=107800 width=4) (actual time=0.026..1060.560 rows=108429 loops=1)
                          Filter: (production_year = 2006)
                          Rows Removed by Filter: 2419883
Planning time: 1.235 ms
Execution time: 4778.821 ms
