Seq Scan on title t  (cost=0.00..73925.90 rows=93422 width=0) (actual time=0.026..1152.411 rows=100754 loops=1)
  Filter: ((kind_id > 1) AND (production_year = 2008))
  Rows Removed by Filter: 2427558
Planning time: 0.398 ms
Execution time: 1167.610 ms
