Seq Scan on cast_info ci  (cost=0.00..796071.18 rows=13737956 width=0) (actual time=0.019..15407.493 rows=19400599 loops=1)
  Filter: ((person_id > 1474676) AND (role_id > 1))
  Rows Removed by Filter: 16843745
Planning time: 0.375 ms
Execution time: 17825.029 ms
