Hash Join  (cost=99467.55..157071.66 rows=1059959 width=0) (actual time=2125.921..4096.100 rows=1051116 loops=1)
  Hash Cond: (mi_idx.movie_id = t.id)
  ->  Seq Scan on movie_info_idx mi_idx  (cost=0.00..21735.35 rows=1380035 width=4) (actual time=0.022..439.826 rows=1380035 loops=1)
  ->  Hash  (cost=67604.59..67604.59 rows=1942077 width=4) (actual time=2125.090..2125.090 rows=1932484 loops=1)
        Buckets: 131072  Batches: 32  Memory Usage: 3155kB
        ->  Seq Scan on title t  (cost=0.00..67604.59 rows=1942077 width=4) (actual time=0.012..1496.437 rows=1932484 loops=1)
              Filter: (production_year > 1980)
              Rows Removed by Filter: 595828
Planning time: 4.177 ms
Execution time: 4213.733 ms
