Seq Scan on movie_companies mc  (cost=0.00..57926.93 rows=53 width=0) (actual time=1.109..970.136 rows=136 loops=1)
  Filter: ((company_type_id > 1) AND (company_id = 13009))
  Rows Removed by Filter: 2608993
Planning time: 0.371 ms
Execution time: 970.291 ms
