Hash Join  (cost=916652.29..1566266.75 rows=14187663 width=0) (actual time=16841.911..40018.532 rows=30887383 loops=1)
  Hash Cond: (mi.movie_id = t.id)
  ->  Seq Scan on movie_info mi  (cost=0.00..309384.22 rows=14739122 width=4) (actual time=0.016..6259.915 rows=14835720 loops=1)
  ->  Hash  (cost=876720.26..876720.26 rows=2433923 width=8) (actual time=16840.269..16840.269 rows=2373714 loops=1)
        Buckets: 131072  Batches: 32  Memory Usage: 3940kB
        ->  Hash Join  (cost=102767.86..876720.26 rows=2433923 width=8) (actual time=4319.511..16212.392 rows=2373714 loops=1)
              Hash Cond: (ci.movie_id = t.id)
              ->  Seq Scan on cast_info ci  (cost=0.00..705507.15 rows=2433923 width=4) (actual time=1778.287..11516.543 rows=2373714 loops=1)
                    Filter: (person_id < 231057)
                    Rows Removed by Filter: 33870630
              ->  Hash  (cost=61283.27..61283.27 rows=2528527 width=4) (actual time=2518.469..2518.469 rows=2528312 loops=1)
                    Buckets: 131072  Batches: 64  Memory Usage: 2415kB
                    ->  Seq Scan on title t  (cost=0.00..61283.27 rows=2528527 width=4) (actual time=0.027..1044.331 rows=2528312 loops=1)
Planning time: 1.169 ms
Execution time: 43472.420 ms
