Seq Scan on movie_companies mc  (cost=0.00..57926.93 rows=670688 width=0) (actual time=423.415..955.384 rows=426716 loops=1)
  Filter: ((company_id < 11327) AND (company_type_id = 2))
  Rows Removed by Filter: 2182413
Planning time: 0.280 ms
Execution time: 1005.853 ms
