Seq Scan on movie_companies mc  (cost=0.00..57926.93 rows=53 width=0) (actual time=11.280..883.025 rows=120 loops=1)
  Filter: ((company_id = 27150) AND (company_type_id = 2))
  Rows Removed by Filter: 2609009
Planning time: 0.444 ms
Execution time: 883.147 ms
