Hash Join  (cost=491644.87..1346508.70 rows=1206473 width=0) (actual time=15495.332..23183.429 rows=1129392 loops=1)
  Hash Cond: (ci.movie_id = t.id)
  ->  Seq Scan on cast_info ci  (cost=0.00..796071.18 rows=3767713 width=4) (actual time=6761.263..12824.544 rows=2309867 loops=1)
        Filter: ((person_id < 813685) AND (role_id > 2))
        Rows Removed by Filter: 33934477
  ->  Hash  (cost=478361.00..478361.00 rows=809669 width=8) (actual time=8733.041..8733.041 rows=802140 loops=1)
        Buckets: 131072  Batches: 16  Memory Usage: 2973kB
        ->  Hash Join  (cost=102767.86..478361.00 rows=809669 width=8) (actual time=3779.015..8478.237 rows=802140 loops=1)
              Hash Cond: (mi.movie_id = t.id)
              ->  Seq Scan on movie_info mi  (cost=0.00..346232.03 rows=809669 width=4) (actual time=1769.050..5384.451 rows=802140 loops=1)
                    Filter: (info_type_id = 1)
                    Rows Removed by Filter: 14033580
              ->  Hash  (cost=61283.27..61283.27 rows=2528527 width=4) (actual time=2008.831..2008.831 rows=2528312 loops=1)
                    Buckets: 131072  Batches: 64  Memory Usage: 2425kB
                    ->  Seq Scan on title t  (cost=0.00..61283.27 rows=2528527 width=4) (actual time=0.036..1120.170 rows=2528312 loops=1)
Planning time: 1.305 ms
Execution time: 23324.077 ms
