Seq Scan on cast_info ci  (cost=0.00..705507.15 rows=30248171 width=0) (actual time=547.669..13589.524 rows=30359244 loops=1)
  Filter: (person_id > 569717)
  Rows Removed by Filter: 5885100
Planning time: 0.496 ms
Execution time: 17435.285 ms
