Hash Join  (cost=75514.55..112010.85 rows=35023 width=0) (actual time=1422.969..2066.348 rows=6 loops=1)
  Hash Cond: (mi_idx.movie_id = t.id)
  ->  Seq Scan on movie_info_idx mi_idx  (cost=0.00..25185.44 rows=915101 width=4) (actual time=0.029..555.343 rows=919850 loops=1)
        Filter: (info_type_id < 101)
        Rows Removed by Filter: 460185
  ->  Hash  (cost=73925.90..73925.90 rows=96772 width=4) (actual time=1224.543..1224.543 rows=31 loops=1)
        Buckets: 131072  Batches: 2  Memory Usage: 1025kB
        ->  Seq Scan on title t  (cost=0.00..73925.90 rows=96772 width=4) (actual time=77.370..1224.415 rows=31 loops=1)
              Filter: ((kind_id > 1) AND (production_year < 1937))
              Rows Removed by Filter: 2528281
Planning time: 0.774 ms
Execution time: 2066.446 ms
