Hash Join  (cost=76435.78..144818.44 rows=49000 width=0) (actual time=1419.397..2720.191 rows=4687 loops=1)
  Hash Cond: (mc.movie_id = t.id)
  ->  Seq Scan on movie_companies mc  (cost=0.00..57926.93 rows=810060 width=4) (actual time=0.022..1061.569 rows=599876 loops=1)
        Filter: ((company_id > 3851) AND (company_type_id < 2))
        Rows Removed by Filter: 2009253
  ->  Hash  (cost=73925.90..73925.90 rows=152950 width=4) (actual time=1417.453..1417.453 rows=157522 loops=1)
        Buckets: 131072  Batches: 2  Memory Usage: 3795kB
        ->  Seq Scan on title t  (cost=0.00..73925.90 rows=152950 width=4) (actual time=0.009..1360.593 rows=157522 loops=1)
              Filter: ((kind_id > 3) AND (production_year > 2011))
              Rows Removed by Filter: 2370790
Planning time: 0.846 ms
Execution time: 2721.532 ms
