Seq Scan on movie_keyword mk  (cost=0.00..81003.12 rows=3542182 width=0) (actual time=0.020..1455.334 rows=3531621 loops=1)
  Filter: (keyword_id > 931)
  Rows Removed by Filter: 992309
Planning time: 0.345 ms
Execution time: 1847.062 ms
