Hash Join  (cost=190230.21..1037739.40 rows=1476573 width=0) (actual time=7337.121..22150.081 rows=6240823 loops=1)
  Hash Cond: (ci.movie_id = t.id)
  ->  Seq Scan on cast_info ci  (cost=0.00..796071.18 rows=2705406 width=4) (actual time=3130.952..13035.050 rows=5486207 loops=1)
        Filter: ((person_id < 736908) AND (role_id < 2))
        Rows Removed by Filter: 30758137
  ->  Hash  (cost=167588.78..167588.78 rows=1380035 width=8) (actual time=4202.683..4202.683 rows=1380035 loops=1)
        Buckets: 131072  Batches: 32  Memory Usage: 2708kB
        ->  Hash Join  (cost=102767.86..167588.78 rows=1380035 width=8) (actual time=1958.803..3831.949 rows=1380035 loops=1)
              Hash Cond: (mi_idx.movie_id = t.id)
              ->  Seq Scan on movie_info_idx mi_idx  (cost=0.00..21735.35 rows=1380035 width=4) (actual time=0.021..451.364 rows=1380035 loops=1)
              ->  Hash  (cost=61283.27..61283.27 rows=2528527 width=4) (actual time=1956.859..1956.859 rows=2528312 loops=1)
                    Buckets: 131072  Batches: 64  Memory Usage: 2415kB
                    ->  Seq Scan on title t  (cost=0.00..61283.27 rows=2528527 width=4) (actual time=0.023..1136.309 rows=2528312 loops=1)
Planning time: 0.779 ms
Execution time: 22850.990 ms
