Hash Join  (cost=70218.80..443832.25 rows=138261 width=0) (actual time=2131.398..6916.924 rows=174725 loops=1)
  Hash Cond: (mi.movie_id = t.id)
  ->  Seq Scan on movie_info mi  (cost=0.00..346232.03 rows=2194617 width=4) (actual time=1235.748..5094.022 rows=2233850 loops=1)
        Filter: (info_type_id > 16)
        Rows Removed by Filter: 12601870
  ->  Hash  (cost=67604.59..67604.59 rows=159297 width=4) (actual time=854.356..854.356 rows=164184 loops=1)
        Buckets: 131072  Batches: 4  Memory Usage: 2470kB
        ->  Seq Scan on title t  (cost=0.00..67604.59 rows=159297 width=4) (actual time=0.941..803.357 rows=164184 loops=1)
              Filter: (production_year < 1950)
              Rows Removed by Filter: 2364128
Planning time: 0.842 ms
Execution time: 6936.712 ms
