Hash Join  (cost=513437.85..671190.14 rows=2255932 width=0) (actual time=9366.599..14215.412 rows=4843313 loops=1)
  Hash Cond: (mk.movie_id = t.id)
  ->  Seq Scan on movie_keyword mk  (cost=0.00..81003.12 rows=4231158 width=4) (actual time=0.014..1783.118 rows=4234433 loops=1)
        Filter: (keyword_id < 55480)
        Rows Removed by Filter: 289497
  ->  Hash  (cost=491319.12..491319.12 rows=1348138 width=8) (actual time=9365.108..9365.108 rows=1298989 loops=1)
        Buckets: 131072  Batches: 32  Memory Usage: 2610kB
        ->  Hash Join  (cost=102767.86..491319.12 rows=1348138 width=8) (actual time=6294.322..8997.090 rows=1298989 loops=1)
              Hash Cond: (mi.movie_id = t.id)
              ->  Seq Scan on movie_info mi  (cost=0.00..346232.03 rows=1348138 width=4) (actual time=4316.392..5496.950 rows=1298989 loops=1)
                    Filter: (info_type_id = 4)
                    Rows Removed by Filter: 13536731
              ->  Hash  (cost=61283.27..61283.27 rows=2528527 width=4) (actual time=1976.663..1976.663 rows=2528312 loops=1)
                    Buckets: 131072  Batches: 64  Memory Usage: 2425kB
                    ->  Seq Scan on title t  (cost=0.00..61283.27 rows=2528527 width=4) (actual time=0.015..1116.580 rows=2528312 loops=1)
Planning time: 1.150 ms
Execution time: 14718.811 ms
