Hash Join  (cost=101326.86..156046.34 rows=5395 width=0) (actual time=1366.895..2593.956 rows=28313 loops=1)
  Hash Cond: (mc.movie_id = t.id)
  ->  Seq Scan on movie_companies mc  (cost=0.00..44881.29 rows=2609129 width=4) (actual time=0.019..666.270 rows=2609129 loops=1)
  ->  Hash  (cost=101261.49..101261.49 rows=5229 width=8) (actual time=1366.755..1366.755 rows=7499 loops=1)
        Buckets: 8192  Batches: 1  Memory Usage: 357kB
        ->  Hash Join  (cost=74281.64..101261.49 rows=5229 width=8) (actual time=813.306..1363.514 rows=7499 loops=1)
              Hash Cond: (mi_idx.movie_id = t.id)
              ->  Seq Scan on movie_info_idx mi_idx  (cost=0.00..25185.44 rows=464566 width=4) (actual time=0.023..483.240 rows=459925 loops=1)
                    Filter: (info_type_id = 101)
                    Rows Removed by Filter: 920110
              ->  Hash  (cost=73925.90..73925.90 rows=28459 width=4) (actual time=776.283..776.283 rows=16117 loops=1)
                    Buckets: 32768  Batches: 1  Memory Usage: 823kB
                    ->  Seq Scan on title t  (cost=0.00..73925.90 rows=28459 width=4) (actual time=0.017..770.998 rows=16117 loops=1)
                          Filter: ((kind_id = 1) AND (production_year = 2006))
                          Rows Removed by Filter: 2512195
Planning time: 1.194 ms
Execution time: 2598.492 ms
