Hash Join  (cost=52284.29..79194.92 rows=15 width=0) (actual time=1040.267..1499.919 rows=15 loops=1)
  Hash Cond: (mi_idx.movie_id = t.id)
  ->  Seq Scan on movie_info_idx mi_idx  (cost=0.00..21735.35 rows=1380035 width=4) (actual time=0.023..295.169 rows=1380035 loops=1)
  ->  Hash  (cost=52283.95..52283.95 rows=27 width=8) (actual time=959.969..959.969 rows=5 loops=1)
        Buckets: 1024  Batches: 1  Memory Usage: 9kB
        ->  Nested Loop  (cost=0.43..52283.95 rows=27 width=8) (actual time=641.852..959.952 rows=5 loops=1)
              ->  Seq Scan on movie_companies mc  (cost=0.00..51404.11 rows=104 width=4) (actual time=641.791..959.687 rows=5 loops=1)
                    Filter: (company_id = 97550)
                    Rows Removed by Filter: 2609124
              ->  Index Scan using title_pkey on title t  (cost=0.43..8.45 rows=1 width=4) (actual time=0.043..0.044 rows=1 loops=5)
                    Index Cond: (id = mc.movie_id)
                    Filter: (kind_id = 1)
Planning time: 0.790 ms
Execution time: 1500.023 ms
