Hash Join  (cost=126915.39..983451.43 rows=452266 width=0) (actual time=3212.672..19965.095 rows=892936 loops=1)
  Hash Cond: (ci.movie_id = t.id)
  ->  Seq Scan on cast_info ci  (cost=0.00..796071.18 rows=4756853 width=4) (actual time=272.978..15544.704 rows=2095979 loops=1)
        Filter: ((person_id < 2990032) AND (role_id > 8))
        Rows Removed by Filter: 34148365
  ->  Hash  (cost=122970.34..122970.34 rows=240404 width=8) (actual time=2938.305..2938.305 rows=500281 loops=1)
        Buckets: 131072 (originally 131072)  Batches: 8 (originally 4)  Memory Usage: 3481kB
        ->  Hash Join  (cost=81152.82..122970.34 rows=240404 width=8) (actual time=1369.262..2780.701 rows=500281 loops=1)
              Hash Cond: (mi_idx.movie_id = t.id)
              ->  Seq Scan on movie_info_idx mi_idx  (cost=0.00..21735.35 rows=1380035 width=4) (actual time=0.027..573.176 rows=1380035 loops=1)
              ->  Hash  (cost=73925.90..73925.90 rows=440473 width=4) (actual time=1368.608..1368.608 rows=473918 loops=1)
                    Buckets: 131072  Batches: 8  Memory Usage: 3117kB
                    ->  Seq Scan on title t  (cost=0.00..73925.90 rows=440473 width=4) (actual time=512.686..1234.974 rows=473918 loops=1)
                          Filter: ((production_year < 2008) AND (kind_id = 1))
                          Rows Removed by Filter: 2054394
Planning time: 1.263 ms
Execution time: 20075.158 ms
