Hash Join  (cost=102767.86..300364.08 rows=4434898 width=0) (actual time=2430.073..7814.839 rows=4423331 loops=1)
  Hash Cond: (mk.movie_id = t.id)
  ->  Seq Scan on movie_keyword mk  (cost=0.00..81003.12 rows=4434898 width=4) (actual time=0.027..1765.088 rows=4423331 loops=1)
        Filter: (keyword_id > 87)
        Rows Removed by Filter: 100599
  ->  Hash  (cost=61283.27..61283.27 rows=2528527 width=4) (actual time=2426.292..2426.292 rows=2528312 loops=1)
        Buckets: 131072  Batches: 64  Memory Usage: 2425kB
        ->  Seq Scan on title t  (cost=0.00..61283.27 rows=2528527 width=4) (actual time=0.017..1058.170 rows=2528312 loops=1)
Planning time: 0.729 ms
Execution time: 8356.071 ms
