Nested Loop  (cost=0.43..799702.19 rows=435 width=0) (actual time=6686.940..14109.217 rows=9 loops=1)
  ->  Seq Scan on cast_info ci  (cost=0.00..796071.18 rows=435 width=4) (actual time=6686.771..14108.767 rows=9 loops=1)
        Filter: ((role_id < 10) AND (person_id = 1922928))
        Rows Removed by Filter: 36244335
  ->  Index Only Scan using title_pkey on title t  (cost=0.43..8.34 rows=1 width=4) (actual time=0.041..0.041 rows=1 loops=9)
        Index Cond: (id = ci.movie_id)
        Heap Fetches: 9
Planning time: 0.914 ms
Execution time: 14109.320 ms
