Hash Join  (cost=102767.86..265442.73 rows=2983615 width=0) (actual time=1981.121..6343.957 rows=2973114 loops=1)
  Hash Cond: (mk.movie_id = t.id)
  ->  Seq Scan on movie_keyword mk  (cost=0.00..81003.12 rows=2983615 width=4) (actual time=0.025..1792.989 rows=2973114 loops=1)
        Filter: (keyword_id > 2282)
        Rows Removed by Filter: 1550816
  ->  Hash  (cost=61283.27..61283.27 rows=2528527 width=4) (actual time=1979.270..1979.270 rows=2528312 loops=1)
        Buckets: 131072  Batches: 64  Memory Usage: 2425kB
        ->  Seq Scan on title t  (cost=0.00..61283.27 rows=2528527 width=4) (actual time=0.009..1098.937 rows=2528312 loops=1)
Planning time: 0.811 ms
Execution time: 6689.267 ms
