Seq Scan on movie_keyword mk  (cost=0.00..81003.12 rows=1914879 width=0) (actual time=0.014..1520.639 rows=1928794 loops=1)
  Filter: (keyword_id < 3316)
  Rows Removed by Filter: 2595136
Planning time: 0.361 ms
Execution time: 1776.332 ms
