Hash Join  (cost=104131.46..196264.62 rows=99055 width=0) (actual time=2101.378..3783.530 rows=106378 loops=1)
  Hash Cond: (mk.movie_id = t.id)
  ->  Seq Scan on movie_keyword mk  (cost=0.00..81003.12 rows=112497 width=4) (actual time=0.027..1199.953 rows=111963 loops=1)
        Filter: (keyword_id > 79745)
        Rows Removed by Filter: 4411967
  ->  Hash  (cost=67604.59..67604.59 rows=2226390 width=4) (actual time=2099.377..2099.377 rows=2224569 loops=1)
        Buckets: 131072  Batches: 32  Memory Usage: 3472kB
        ->  Seq Scan on title t  (cost=0.00..67604.59 rows=2226390 width=4) (actual time=0.010..1366.774 rows=2224569 loops=1)
              Filter: (production_year < 2012)
              Rows Removed by Filter: 303743
Planning time: 6.600 ms
Execution time: 3797.496 ms
