Hash Join  (cost=69002.72..192862.32 rows=152456 width=0) (actual time=1153.356..4026.284 rows=154184 loops=1)
  Hash Cond: (mk.movie_id = t.id)
  ->  Seq Scan on movie_keyword mk  (cost=0.00..69693.30 rows=4523930 width=4) (actual time=0.015..1506.582 rows=4523930 loops=1)
  ->  Hash  (cost=67604.59..67604.59 rows=85211 width=4) (actual time=1152.619..1152.619 rows=84593 loops=1)
        Buckets: 131072  Batches: 2  Memory Usage: 2524kB
        ->  Seq Scan on title t  (cost=0.00..67604.59 rows=85211 width=4) (actual time=0.034..1118.897 rows=84593 loops=1)
              Filter: (production_year = 2004)
              Rows Removed by Filter: 2443719
Planning time: 1.054 ms
Execution time: 4046.097 ms
