Hash Join  (cost=762744.06..1117279.27 rows=7337 width=0) (actual time=10501.198..16817.784 rows=1655 loops=1)
  Hash Cond: (mi.movie_id = t.id)
  ->  Seq Scan on movie_info mi  (cost=0.00..346232.03 rows=2194617 width=4) (actual time=0.021..5928.797 rows=2233850 loops=1)
        Filter: (info_type_id > 16)
        Rows Removed by Filter: 12601870
  ->  Hash  (cost=762638.40..762638.40 rows=8453 width=8) (actual time=10498.024..10498.024 rows=7725 loops=1)
        Buckets: 16384  Batches: 1  Memory Usage: 430kB
        ->  Nested Loop  (cost=0.43..762638.40 rows=8453 width=8) (actual time=2755.053..10494.376 rows=7725 loops=1)
              ->  Seq Scan on cast_info ci  (cost=0.00..705507.15 rows=8453 width=4) (actual time=2754.869..10428.751 rows=7725 loops=1)
                    Filter: (person_id = 1495180)
                    Rows Removed by Filter: 36236619
              ->  Index Only Scan using title_pkey on title t  (cost=0.43..6.75 rows=1 width=4) (actual time=0.008..0.008 rows=1 loops=7725)
                    Index Cond: (id = ci.movie_id)
                    Heap Fetches: 7725
Planning time: 1.207 ms
Execution time: 16818.254 ms
