Hash Join  (cost=74369.53..135734.55 rows=35937 width=0) (actual time=1241.015..2619.959 rows=11333 loops=1)
  Hash Cond: (mc.movie_id = t.id)
  ->  Seq Scan on movie_companies mc  (cost=0.00..51404.11 rows=2560409 width=4) (actual time=0.016..1008.894 rows=2561489 loops=1)
        Filter: (company_id < 193307)
        Rows Removed by Filter: 47640
  ->  Hash  (cost=73925.90..73925.90 rows=35490 width=4) (actual time=1010.561..1010.561 rows=39698 loops=1)
        Buckets: 65536  Batches: 1  Memory Usage: 1908kB
        ->  Seq Scan on title t  (cost=0.00..73925.90 rows=35490 width=4) (actual time=74.814..994.403 rows=39698 loops=1)
              Filter: ((kind_id = 7) AND (production_year = 2001))
              Rows Removed by Filter: 2488614
Planning time: 0.792 ms
Execution time: 2621.615 ms
