Nested Loop  (cost=32749.09..740344.19 rows=24 width=0) (actual time=11360.277..11396.655 rows=8 loops=1)
  Join Filter: (ci.movie_id = t.id)
  ->  Hash Join  (cost=32748.66..740150.58 rows=227 width=8) (actual time=2221.773..11392.360 rows=9 loops=1)
        Hash Cond: (ci.movie_id = mi_idx.movie_id)
        ->  Seq Scan on cast_info ci  (cost=0.00..705507.15 rows=500 width=4) (actual time=1554.551..10681.437 rows=9 loops=1)
              Filter: (person_id = 1188064)
              Rows Removed by Filter: 36244335
        ->  Hash  (cost=25185.44..25185.44 rows=460978 width=4) (actual time=666.445..666.445 rows=459925 loops=1)
              Buckets: 131072  Batches: 8  Memory Usage: 3050kB
              ->  Seq Scan on movie_info_idx mi_idx  (cost=0.00..25185.44 rows=460978 width=4) (actual time=0.018..526.906 rows=459925 loops=1)
                    Filter: (info_type_id = 99)
                    Rows Removed by Filter: 920110
  ->  Index Scan using title_pkey on title t  (cost=0.43..0.84 rows=1 width=4) (actual time=0.467..0.468 rows=1 loops=9)
        Index Cond: (id = mi_idx.movie_id)
        Filter: (kind_id = 1)
        Rows Removed by Filter: 0
Planning time: 1.200 ms
Execution time: 11396.787 ms
