Hash Join  (cost=491650.71..591491.96 rows=339949 width=0) (actual time=9011.148..11257.989 rows=1082686 loops=1)
  Hash Cond: (mk.movie_id = t.id)
  ->  Seq Scan on movie_keyword mk  (cost=0.00..81003.12 rows=1061503 width=4) (actual time=0.027..1353.547 rows=1070337 loops=1)
        Filter: (keyword_id > 16486)
        Rows Removed by Filter: 3453593
  ->  Hash  (cost=478364.61..478364.61 rows=809768 width=8) (actual time=9010.363..9010.363 rows=802140 loops=1)
        Buckets: 131072  Batches: 16  Memory Usage: 2985kB
        ->  Hash Join  (cost=102767.86..478364.61 rows=809768 width=8) (actual time=5836.689..8764.478 rows=802140 loops=1)
              Hash Cond: (mi.movie_id = t.id)
              ->  Seq Scan on movie_info mi  (cost=0.00..346232.03 rows=809768 width=4) (actual time=3605.000..5451.315 rows=802140 loops=1)
                    Filter: (info_type_id < 2)
                    Rows Removed by Filter: 14033580
              ->  Hash  (cost=61283.27..61283.27 rows=2528527 width=4) (actual time=2230.698..2230.698 rows=2528312 loops=1)
                    Buckets: 131072  Batches: 64  Memory Usage: 2425kB
                    ->  Seq Scan on title t  (cost=0.00..61283.27 rows=2528527 width=4) (actual time=0.019..1113.562 rows=2528312 loops=1)
Planning time: 5.032 ms
Execution time: 11387.842 ms
