Hash Join  (cost=194989.79..718425.24 rows=4088852 width=0) (actual time=4500.750..20762.481 rows=12287173 loops=1)
  Hash Cond: (mi.movie_id = t.id)
  ->  Seq Scan on movie_info mi  (cost=0.00..309384.22 rows=14739122 width=4) (actual time=0.022..6079.304 rows=14835720 loops=1)
  ->  Hash  (cost=183480.65..183480.65 rows=701451 width=8) (actual time=4499.730..4499.730 rows=745028 loops=1)
        Buckets: 131072  Batches: 16  Memory Usage: 2854kB
        ->  Hash Join  (cost=99217.91..183480.65 rows=701451 width=8) (actual time=2429.695..4279.883 rows=745028 loops=1)
              Hash Cond: (mc.movie_id = t.id)
              ->  Seq Scan on movie_companies mc  (cost=0.00..57926.93 rows=920459 width=4) (actual time=384.140..1171.138 rows=1103972 loops=1)
                    Filter: ((company_id > 1728) AND (company_type_id = 2))
                    Rows Removed by Filter: 1505157
              ->  Hash  (cost=67604.59..67604.59 rows=1926906 width=4) (actual time=2044.739..2044.739 rows=1918028 loops=1)
                    Buckets: 131072  Batches: 32  Memory Usage: 3139kB
                    ->  Seq Scan on title t  (cost=0.00..67604.59 rows=1926906 width=4) (actual time=0.032..1433.687 rows=1918028 loops=1)
                          Filter: (production_year > 1981)
                          Rows Removed by Filter: 610284
Planning time: 1.177 ms
Execution time: 22139.319 ms
