Hash Join  (cost=83600.04..126704.43 rows=352833 width=0) (actual time=1761.719..3033.938 rows=624930 loops=1)
  Hash Cond: (mi_idx.movie_id = t.id)
  ->  Seq Scan on movie_info_idx mi_idx  (cost=0.00..25185.44 rows=915101 width=4) (actual time=0.028..474.925 rows=919850 loops=1)
        Filter: (info_type_id < 101)
        Rows Removed by Filter: 460185
  ->  Hash  (cost=67604.59..67604.59 rows=974916 width=4) (actual time=1760.850..1760.850 rows=972448 loops=1)
        Buckets: 131072  Batches: 16  Memory Usage: 3160kB
        ->  Seq Scan on title t  (cost=0.00..67604.59 rows=974916 width=4) (actual time=0.027..1173.165 rows=972448 loops=1)
              Filter: (kind_id < 6)
              Rows Removed by Filter: 1555864
Planning time: 0.720 ms
Execution time: 3112.845 ms
