Hash Join  (cost=70241.71..133111.45 rows=22478 width=0) (actual time=1355.019..2509.099 rows=23446 loops=1)
  Hash Cond: (mc.movie_id = t.id)
  ->  Seq Scan on movie_companies mc  (cost=0.00..57926.93 rows=353607 width=4) (actual time=97.937..1014.285 rows=502163 loops=1)
        Filter: ((company_id < 1352) AND (company_type_id < 2))
        Rows Removed by Filter: 2106966
  ->  Hash  (cost=67604.59..67604.59 rows=160730 width=4) (actual time=1256.228..1256.228 rows=160017 loops=1)
        Buckets: 131072  Batches: 4  Memory Usage: 2436kB
        ->  Seq Scan on title t  (cost=0.00..67604.59 rows=160730 width=4) (actual time=0.054..944.379 rows=160017 loops=1)
              Filter: (production_year = 2011)
              Rows Removed by Filter: 2368295
Planning time: 0.823 ms
Execution time: 2512.711 ms
