Hash Join  (cost=76440.79..159779.22 rows=3597 width=0) (actual time=1290.776..2506.786 rows=2452 loops=1)
  Hash Cond: (mk.movie_id = t.id)
  ->  Seq Scan on movie_keyword mk  (cost=0.00..81003.12 rows=16889 width=4) (actual time=0.030..1138.029 rows=14120 loops=1)
        Filter: (keyword_id = 1382)
        Rows Removed by Filter: 4509810
  ->  Hash  (cost=67604.59..67604.59 rows=538576 width=4) (actual time=1281.121..1281.121 rows=538190 loops=1)
        Buckets: 131072  Batches: 8  Memory Usage: 3387kB
        ->  Seq Scan on title t  (cost=0.00..67604.59 rows=538576 width=4) (actual time=0.018..1099.732 rows=538190 loops=1)
              Filter: (production_year < 1982)
              Rows Removed by Filter: 1990122
Planning time: 0.490 ms
Execution time: 2507.406 ms
