Hash Join  (cost=151821.89..263349.49 rows=110897 width=0) (actual time=2869.451..5309.062 rows=583533 loops=1)
  Hash Cond: (mk.movie_id = t.id)
  ->  Seq Scan on movie_keyword mk  (cost=0.00..81003.12 rows=2506001 width=4) (actual time=0.018..1521.040 rows=2501417 loops=1)
        Filter: (keyword_id > 3623)
        Rows Removed by Filter: 2022513
  ->  Hash  (cost=149985.22..149985.22 rows=111894 width=8) (actual time=2868.683..2868.683 rows=110625 loops=1)
        Buckets: 131072  Batches: 2  Memory Usage: 3206kB
        ->  Hash Join  (cost=89762.59..149985.22 rows=111894 width=8) (actual time=1918.493..2834.486 rows=110625 loops=1)
              Hash Cond: (mc.movie_id = t.id)
              ->  Seq Scan on movie_companies mc  (cost=0.00..51404.11 rows=209488 width=4) (actual time=215.539..800.252 rows=210456 loops=1)
                    Filter: (company_id > 110384)
                    Rows Removed by Filter: 2398673
              ->  Hash  (cost=67604.59..67604.59 rows=1350560 width=4) (actual time=1701.686..1701.686 rows=1348293 loops=1)
                    Buckets: 131072  Batches: 32  Memory Usage: 2505kB
                    ->  Seq Scan on title t  (cost=0.00..67604.59 rows=1350560 width=4) (actual time=0.036..1260.061 rows=1348293 loops=1)
                          Filter: (production_year < 2005)
                          Rows Removed by Filter: 1180019
Planning time: 1.172 ms
Execution time: 5388.358 ms
