Seq Scan on movie_companies mc  (cost=0.00..57926.93 rows=1182251 width=0) (actual time=0.016..1182.983 rows=1116836 loops=1)
  Filter: ((company_id > 52) AND (company_type_id < 2))
  Rows Removed by Filter: 1492293
Planning time: 0.342 ms
Execution time: 1324.092 ms
