Hash Join  (cost=69002.72..431611.59 rows=45432 width=0) (actual time=1113.018..7375.604 rows=42320 loops=1)
  Hash Cond: (mi.movie_id = t.id)
  ->  Seq Scan on movie_info mi  (cost=0.00..346232.03 rows=1348138 width=4) (actual time=0.023..5757.648 rows=1298989 loops=1)
        Filter: (info_type_id = 4)
        Rows Removed by Filter: 13536731
  ->  Hash  (cost=67604.59..67604.59 rows=85211 width=4) (actual time=1112.236..1112.236 rows=84593 loops=1)
        Buckets: 131072  Batches: 2  Memory Usage: 2524kB
        ->  Seq Scan on title t  (cost=0.00..67604.59 rows=85211 width=4) (actual time=0.028..1078.502 rows=84593 loops=1)
              Filter: (production_year = 2004)
              Rows Removed by Filter: 2443719
Planning time: 0.771 ms
Execution time: 7381.741 ms
