Hash Join  (cost=120605.43..897213.80 rows=325129 width=0) (actual time=2341.803..18719.394 rows=970555 loops=1)
  Hash Cond: (ci.movie_id = t.id)
  ->  Seq Scan on cast_info ci  (cost=0.00..705507.15 rows=5820248 width=4) (actual time=0.014..13448.054 rows=5732694 loops=1)
        Filter: (role_id > 8)
        Rows Removed by Filter: 30511650
  ->  Hash  (cost=118287.83..118287.83 rows=141248 width=8) (actual time=2341.025..2341.025 rows=155682 loops=1)
        Buckets: 131072  Batches: 2  Memory Usage: 4052kB
        ->  Hash Join  (cost=78171.87..118287.83 rows=141248 width=8) (actual time=1261.876..2293.374 rows=155682 loops=1)
              Hash Cond: (mi_idx.movie_id = t.id)
              ->  Seq Scan on movie_info_idx mi_idx  (cost=0.00..21735.35 rows=1380035 width=4) (actual time=0.013..420.310 rows=1380035 loops=1)
              ->  Hash  (cost=73925.90..73925.90 rows=258797 width=4) (actual time=1260.380..1260.380 rows=227847 loops=1)
                    Buckets: 131072  Batches: 4  Memory Usage: 3032kB
                    ->  Seq Scan on title t  (cost=0.00..73925.90 rows=258797 width=4) (actual time=0.025..1183.074 rows=227847 loops=1)
                          Filter: ((kind_id < 7) AND (production_year > 2008))
                          Rows Removed by Filter: 2300465
Planning time: 3.369 ms
Execution time: 18841.677 ms
