Hash Join  (cost=176304.94..1098057.24 rows=5753040 width=0) (actual time=4024.734..27661.145 rows=12363961 loops=1)
  Hash Cond: (ci.movie_id = t.id)
  ->  Seq Scan on cast_info ci  (cost=0.00..705507.15 rows=13358609 width=4) (actual time=0.014..12986.124 rows=13322639 loops=1)
        Filter: (person_id < 1313882)
        Rows Removed by Filter: 22921705
  ->  Hash  (cost=158439.20..158439.20 rows=1088939 width=8) (actual time=4023.779..4023.779 rows=1094400 loops=1)
        Buckets: 131072  Batches: 16  Memory Usage: 3707kB
        ->  Hash Join  (cost=100338.29..158439.20 rows=1088939 width=8) (actual time=1884.963..3703.984 rows=1094400 loops=1)
              Hash Cond: (mi_idx.movie_id = t.id)
              ->  Seq Scan on movie_info_idx mi_idx  (cost=0.00..21735.35 rows=1380035 width=4) (actual time=0.025..465.828 rows=1380035 loops=1)
              ->  Hash  (cost=67604.59..67604.59 rows=1995176 width=4) (actual time=1884.104..1884.104 rows=1990655 loops=1)
                    Buckets: 131072  Batches: 32  Memory Usage: 3218kB
                    ->  Seq Scan on title t  (cost=0.00..67604.59 rows=1995176 width=4) (actual time=0.018..1236.975 rows=1990655 loops=1)
                          Filter: (production_year > 1976)
                          Rows Removed by Filter: 537657
Planning time: 1.327 ms
Execution time: 29103.613 ms
