Seq Scan on movie_keyword mk  (cost=0.00..81003.12 rows=1108085 width=0) (actual time=0.029..1416.081 rows=1117528 loops=1)
  Filter: (keyword_id < 1167)
  Rows Removed by Filter: 3406402
Planning time: 0.309 ms
Execution time: 1560.375 ms
