Hash Join  (cost=97477.83..152370.61 rows=22725 width=0) (actual time=1857.294..3127.444 rows=78936 loops=1)
  Hash Cond: (mc.movie_id = t.id)
  ->  Seq Scan on movie_companies mc  (cost=0.00..44881.29 rows=2609129 width=4) (actual time=0.014..664.685 rows=2609129 loops=1)
  ->  Hash  (cost=97202.55..97202.55 rows=22023 width=8) (actual time=1841.640..1841.640 rows=27682 loops=1)
        Buckets: 32768  Batches: 1  Memory Usage: 1338kB
        ->  Hash Join  (cost=68365.25..97202.55 rows=22023 width=8) (actual time=1116.941..1832.052 rows=27682 loops=1)
              Hash Cond: (mi_idx.movie_id = t.id)
              ->  Seq Scan on movie_info_idx mi_idx  (cost=0.00..25185.44 rows=915101 width=4) (actual time=0.033..493.315 rows=919850 loops=1)
                    Filter: (info_type_id < 101)
                    Rows Removed by Filter: 460185
              ->  Hash  (cost=67604.59..67604.59 rows=60853 width=4) (actual time=1116.591..1116.591 rows=62568 loops=1)
                    Buckets: 65536  Batches: 1  Memory Usage: 2712kB
                    ->  Seq Scan on title t  (cost=0.00..67604.59 rows=60853 width=4) (actual time=0.019..1091.864 rows=62568 loops=1)
                          Filter: (production_year = 2002)
                          Rows Removed by Filter: 2465744
Planning time: 1.223 ms
Execution time: 3138.075 ms
