Hash Join  (cost=123028.54..987547.29 rows=396179 width=0) (actual time=8897.873..21472.606 rows=1979709 loops=1)
  Hash Cond: (ci.movie_id = t.id)
  ->  Seq Scan on cast_info ci  (cost=0.00..796071.18 rows=5515672 width=4) (actual time=6361.564..14394.544 rows=8377077 loops=1)
        Filter: ((person_id > 1978838) AND (role_id > 3))
        Rows Removed by Filter: 27867267
  ->  Hash  (cost=120048.30..120048.30 rows=181619 width=8) (actual time=2535.177..2535.177 rows=318279 loops=1)
        Buckets: 131072 (originally 131072)  Batches: 8 (originally 4)  Memory Usage: 3073kB
        ->  Hash Join  (cost=83810.17..120048.30 rows=181619 width=8) (actual time=1423.575..2431.412 rows=318279 loops=1)
              Hash Cond: (mi_idx.movie_id = t.id)
              ->  Seq Scan on movie_info_idx mi_idx  (cost=0.00..25185.44 rows=464934 width=4) (actual time=0.044..492.657 rows=460185 loops=1)
                    Filter: (info_type_id > 100)
                    Rows Removed by Filter: 919850
              ->  Hash  (cost=67604.59..67604.59 rows=987727 width=4) (actual time=1422.512..1422.512 rows=985048 loops=1)
                    Buckets: 131072  Batches: 16  Memory Usage: 3188kB
                    ->  Seq Scan on title t  (cost=0.00..67604.59 rows=987727 width=4) (actual time=0.017..1128.860 rows=985048 loops=1)
                          Filter: (kind_id < 7)
                          Rows Removed by Filter: 1543264
Planning time: 0.815 ms
Execution time: 21689.245 ms
