Hash Join  (cost=73950.44..133968.18 rows=1780 width=0) (actual time=1015.363..2317.825 rows=4896 loops=1)
  Hash Cond: (mc.movie_id = t.id)
  ->  Seq Scan on movie_companies mc  (cost=0.00..51404.11 rows=2292221 width=4) (actual time=0.021..932.488 rows=2292480 loops=1)
        Filter: (company_id < 91847)
        Rows Removed by Filter: 316649
  ->  Hash  (cost=73925.90..73925.90 rows=1963 width=4) (actual time=1014.814..1014.814 rows=3627 loops=1)
        Buckets: 4096 (originally 2048)  Batches: 1 (originally 1)  Memory Usage: 160kB
        ->  Seq Scan on title t  (cost=0.00..73925.90 rows=1963 width=4) (actual time=0.251..1012.985 rows=3627 loops=1)
              Filter: ((kind_id = 1) AND (production_year = 1921))
              Rows Removed by Filter: 2524685
Planning time: 0.794 ms
Execution time: 2318.922 ms
