Hash Join  (cost=69687.24..173212.63 rows=91643 width=0) (actual time=996.268..3117.786 rows=83331 loops=1)
  Hash Cond: (mk.movie_id = t.id)
  ->  Seq Scan on movie_keyword mk  (cost=0.00..81003.12 rows=1825558 width=4) (actual time=0.020..1520.244 rows=1831488 loops=1)
        Filter: (keyword_id > 7618)
        Rows Removed by Filter: 2692442
  ->  Hash  (cost=67604.59..67604.59 rows=126932 width=4) (actual time=995.483..995.483 rows=122861 loops=1)
        Buckets: 131072  Batches: 2  Memory Usage: 3197kB
        ->  Seq Scan on title t  (cost=0.00..67604.59 rows=126932 width=4) (actual time=0.015..949.183 rows=122861 loops=1)
              Filter: (production_year = 2008)
              Rows Removed by Filter: 2405451
Planning time: 0.998 ms
Execution time: 3128.685 ms
