Hash Join  (cost=80887.74..434756.59 rows=75767 width=0) (actual time=4433.171..7002.189 rows=96308 loops=1)
  Hash Cond: (mi.movie_id = t.id)
  ->  Seq Scan on movie_info mi  (cost=0.00..346232.03 rows=451508 width=4) (actual time=3079.604..5357.079 rows=474443 loops=1)
        Filter: (info_type_id = 6)
        Rows Removed by Filter: 14361277
  ->  Hash  (cost=73925.90..73925.90 rows=424307 width=4) (actual time=1352.516..1352.516 rows=281315 loops=1)
        Buckets: 131072  Batches: 8  Memory Usage: 2256kB
        ->  Seq Scan on title t  (cost=0.00..73925.90 rows=424307 width=4) (actual time=0.044..1252.836 rows=281315 loops=1)
              Filter: ((kind_id > 1) AND (production_year < 1984))
              Rows Removed by Filter: 2246997
Planning time: 0.848 ms
Execution time: 7014.151 ms
