Seq Scan on cast_info ci  (cost=0.00..796071.18 rows=6940798 width=0) (actual time=0.023..14012.077 rows=12670688 loops=1)
  Filter: ((person_id < 1968421) AND (role_id = 1))
  Rows Removed by Filter: 23573656
Planning time: 0.395 ms
Execution time: 15545.309 ms
