Hash Join  (cost=77602.93..155840.70 rows=231225 width=0) (actual time=1482.090..3769.643 rows=729523 loops=1)
  Hash Cond: (mc.movie_id = t.id)
  ->  Seq Scan on movie_companies mc  (cost=0.00..44881.29 rows=2609129 width=4) (actual time=0.013..967.137 rows=2609129 loops=1)
  ->  Hash  (cost=73925.90..73925.90 rows=224082 width=4) (actual time=1302.197..1302.197 rows=347213 loops=1)
        Buckets: 131072  Batches: 4  Memory Usage: 4080kB
        ->  Seq Scan on title t  (cost=0.00..73925.90 rows=224082 width=4) (actual time=0.018..1181.579 rows=347213 loops=1)
              Filter: ((production_year < 1996) AND (kind_id = 1))
              Rows Removed by Filter: 2181099
Planning time: 2.385 ms
Execution time: 3857.240 ms
