Hash Join  (cost=74539.83..162076.60 rows=87873 width=0) (actual time=1250.166..3143.379 rows=14899 loops=1)
  Hash Cond: (mk.movie_id = t.id)
  ->  Seq Scan on movie_keyword mk  (cost=0.00..69693.30 rows=4523930 width=4) (actual time=0.013..1039.129 rows=4523930 loops=1)
  ->  Hash  (cost=73925.90..73925.90 rows=49114 width=4) (actual time=1249.193..1249.193 rows=45321 loops=1)
        Buckets: 65536  Batches: 1  Memory Usage: 2106kB
        ->  Seq Scan on title t  (cost=0.00..73925.90 rows=49114 width=4) (actual time=0.055..1229.616 rows=45321 loops=1)
              Filter: ((kind_id > 1) AND (production_year > 2012))
              Rows Removed by Filter: 2482991
Planning time: 1.300 ms
Execution time: 3145.731 ms
