Seq Scan on movie_keyword mk  (cost=0.00..81003.12 rows=246 width=0) (actual time=1.882..1299.126 rows=947 loops=1)
  Filter: (keyword_id = 3481)
  Rows Removed by Filter: 4522983
Planning time: 0.441 ms
Execution time: 1299.554 ms
