Hash Join  (cost=234364.86..1072225.21 rows=3421291 width=0) (actual time=5315.339..24715.653 rows=6058538 loops=1)
  Hash Cond: (ci.movie_id = t.id)
  ->  Seq Scan on cast_info ci  (cost=0.00..705507.15 rows=7298253 width=4) (actual time=0.522..13468.170 rows=7451973 loops=1)
        Filter: (role_id = 2)
        Rows Removed by Filter: 28792371
  ->  Hash  (cost=214917.25..214917.25 rows=1185329 width=8) (actual time=5313.801..5313.801 rows=684042 loops=1)
        Buckets: 131072  Batches: 16  Memory Usage: 2706kB
        ->  Hash Join  (cost=78473.92..214917.25 rows=1185329 width=8) (actual time=1321.565..5104.200 rows=684042 loops=1)
              Hash Cond: (mk.movie_id = t.id)
              ->  Seq Scan on movie_keyword mk  (cost=0.00..69693.30 rows=4523930 width=4) (actual time=0.025..1298.739 rows=4523930 loops=1)
              ->  Hash  (cost=67604.59..67604.59 rows=662507 width=4) (actual time=1317.018..1317.018 rows=662065 loops=1)
                    Buckets: 131072  Batches: 16  Memory Usage: 2488kB
                    ->  Seq Scan on title t  (cost=0.00..67604.59 rows=662507 width=4) (actual time=0.024..1095.109 rows=662065 loops=1)
                          Filter: (production_year > 2008)
                          Rows Removed by Filter: 1866247
Planning time: 0.877 ms
Execution time: 25482.755 ms
