Hash Join  (cost=233273.36..793015.81 rows=5764862 width=0) (actual time=5755.493..58087.998 rows=177189785 loops=1)
  Hash Cond: (mi.movie_id = t.id)
  ->  Seq Scan on movie_info mi  (cost=0.00..309384.22 rows=14739122 width=4) (actual time=0.022..6355.475 rows=14835720 loops=1)
  ->  Hash  (cost=217047.18..217047.18 rows=988974 width=8) (actual time=5754.298..5754.298 rows=2033928 loops=1)
        Buckets: 131072 (originally 131072)  Batches: 32 (originally 16)  Memory Usage: 3501kB
        ->  Hash Join  (cost=82995.40..217047.18 rows=988974 width=8) (actual time=1346.995..5169.246 rows=2033928 loops=1)
              Hash Cond: (mk.movie_id = t.id)
              ->  Seq Scan on movie_keyword mk  (cost=0.00..69693.30 rows=4523930 width=4) (actual time=0.023..1442.336 rows=4523930 loops=1)
              ->  Hash  (cost=73925.90..73925.90 rows=552760 width=4) (actual time=1346.253..1346.253 rows=429855 loops=1)
                    Buckets: 131072  Batches: 8  Memory Usage: 2934kB
                    ->  Seq Scan on title t  (cost=0.00..73925.90 rows=552760 width=4) (actual time=45.307..1210.643 rows=429855 loops=1)
                          Filter: ((production_year > 1969) AND (kind_id = 1))
                          Rows Removed by Filter: 2098457
Planning time: 1.026 ms
Execution time: 77743.866 ms
