Seq Scan on cast_info ci  (cost=0.00..705507.15 rows=500 width=0) (actual time=938.369..11055.164 rows=1598 loops=1)
  Filter: (person_id = 706561)
  Rows Removed by Filter: 36242746
Planning time: 0.377 ms
Execution time: 11055.474 ms
