Hash Join  (cost=98137.04..467975.79 rows=595989 width=0) (actual time=4893.465..7552.576 rows=359100 loops=1)
  Hash Cond: (mi.movie_id = t.id)
  ->  Seq Scan on movie_info mi  (cost=0.00..346232.03 rows=809768 width=4) (actual time=3062.920..4969.110 rows=802140 loops=1)
        Filter: (info_type_id < 2)
        Rows Removed by Filter: 14033580
  ->  Hash  (cost=67604.59..67604.59 rows=1860996 width=4) (actual time=1829.452..1829.452 rows=1865487 loops=1)
        Buckets: 131072  Batches: 32  Memory Usage: 3085kB
        ->  Seq Scan on title t  (cost=0.00..67604.59 rows=1860996 width=4) (actual time=0.038..1203.626 rows=1865487 loops=1)
              Filter: (kind_id > 1)
              Rows Removed by Filter: 662825
Planning time: 1.870 ms
Execution time: 7588.592 ms
