Hash Join  (cost=797556.72..852222.35 rows=11 width=0) (actual time=10976.076..11627.959 rows=11 loops=1)
  Hash Cond: (mc.movie_id = t.id)
  ->  Seq Scan on movie_companies mc  (cost=0.00..44881.29 rows=2609129 width=4) (actual time=0.011..567.940 rows=2609129 loops=1)
  ->  Hash  (cost=797556.58..797556.58 rows=11 width=8) (actual time=10590.102..10590.102 rows=1 loops=1)
        Buckets: 1024  Batches: 1  Memory Usage: 9kB
        ->  Nested Loop  (cost=0.43..797556.58 rows=11 width=8) (actual time=6943.692..10590.062 rows=1 loops=1)
              ->  Seq Scan on cast_info ci  (cost=0.00..796071.18 rows=176 width=4) (actual time=6943.189..10582.995 rows=150 loops=1)
                    Filter: ((person_id = 630316) AND (role_id = 1))
                    Rows Removed by Filter: 36244194
              ->  Index Scan using title_pkey on title t  (cost=0.43..8.43 rows=1 width=4) (actual time=0.046..0.046 rows=0 loops=150)
                    Index Cond: (id = ci.movie_id)
                    Filter: ((kind_id < 7) AND (production_year < 1972))
                    Rows Removed by Filter: 1
Planning time: 2.480 ms
Execution time: 11628.127 ms
