Seq Scan on movie_companies mc  (cost=0.00..51404.11 rows=2259682 width=0) (actual time=0.025..1019.637 rows=2254616 loops=1)
  Filter: (company_id < 87806)
  Rows Removed by Filter: 354513
Planning time: 0.385 ms
Execution time: 1293.665 ms
