Hash Join  (cost=74341.98..101434.13 rows=18167 width=0) (actual time=1108.570..1759.774 rows=35988 loops=1)
  Hash Cond: (mi_idx.movie_id = t.id)
  ->  Seq Scan on movie_info_idx mi_idx  (cost=0.00..21735.35 rows=1380035 width=4) (actual time=0.024..330.779 rows=1380035 loops=1)
  ->  Hash  (cost=73925.90..73925.90 rows=33286 width=4) (actual time=1108.197..1108.197 rows=28113 loops=1)
        Buckets: 65536  Batches: 1  Memory Usage: 1501kB
        ->  Seq Scan on title t  (cost=0.00..73925.90 rows=33286 width=4) (actual time=0.049..1096.994 rows=28113 loops=1)
              Filter: ((kind_id < 7) AND (production_year = 2004))
              Rows Removed by Filter: 2500199
Planning time: 0.777 ms
Execution time: 1764.933 ms
