Hash Join  (cost=202937.05..1173446.03 rows=941170 width=0) (actual time=3830.813..30602.551 rows=7151605 loops=1)
  Hash Cond: (ci.movie_id = t.id)
  ->  Seq Scan on cast_info ci  (cost=0.00..796071.18 rows=12823421 width=4) (actual time=0.019..16594.915 rows=19024548 loops=1)
        Filter: ((person_id > 1615507) AND (role_id > 1))
        Rows Removed by Filter: 17219796
  ->  Hash  (cost=199892.30..199892.30 rows=185580 width=8) (actual time=3829.920..3829.920 rows=164339 loops=1)
        Buckets: 131072  Batches: 4  Memory Usage: 2617kB
        ->  Hash Join  (cost=75628.47..199892.30 rows=185580 width=8) (actual time=1076.826..3778.631 rows=164339 loops=1)
              Hash Cond: (mk.movie_id = t.id)
              ->  Seq Scan on movie_keyword mk  (cost=0.00..69693.30 rows=4523930 width=4) (actual time=0.013..1339.308 rows=4523930 loops=1)
              ->  Hash  (cost=73925.90..73925.90 rows=103725 width=4) (actual time=1075.918..1075.918 rows=98992 loops=1)
                    Buckets: 131072  Batches: 2  Memory Usage: 2766kB
                    ->  Seq Scan on title t  (cost=0.00..73925.90 rows=103725 width=4) (actual time=348.668..1039.465 rows=98992 loops=1)
                          Filter: ((production_year > 2010) AND (kind_id = 1))
                          Rows Removed by Filter: 2429320
Planning time: 1.251 ms
Execution time: 31529.915 ms
