Seq Scan on movie_companies mc  (cost=0.00..57926.93 rows=51 width=0) (actual time=402.951..947.500 rows=246 loops=1)
  Filter: ((company_type_id < 2) AND (company_id = 2203))
  Rows Removed by Filter: 2608883
Planning time: 0.425 ms
Execution time: 947.667 ms
