Seq Scan on cast_info ci  (cost=0.00..705507.15 rows=23420113 width=0) (actual time=0.013..12860.351 rows=23471792 loops=1)
  Filter: (person_id > 1259641)
  Rows Removed by Filter: 12772552
Planning time: 0.261 ms
Execution time: 15716.349 ms
