Hash Join  (cost=475884.40..514814.19 rows=152072 width=0) (actual time=8488.037..9737.603 rows=752666 loops=1)
  Hash Cond: (mi_idx.movie_id = t.id)
  ->  Seq Scan on movie_info_idx mi_idx  (cost=0.00..25185.44 rows=915101 width=4) (actual time=0.015..600.557 rows=919850 loops=1)
        Filter: (info_type_id < 101)
        Rows Removed by Filter: 460185
  ->  Hash  (cost=468990.00..468990.00 rows=420192 width=8) (actual time=8486.692..8486.692 rows=465636 loops=1)
        Buckets: 131072  Batches: 8  Memory Usage: 3299kB
        ->  Hash Join  (cost=102767.86..468990.00 rows=420192 width=8) (actual time=6623.254..8374.084 rows=465636 loops=1)
              Hash Cond: (mi.movie_id = t.id)
              ->  Seq Scan on movie_info mi  (cost=0.00..346232.03 rows=420192 width=4) (actual time=4257.244..5363.338 rows=465636 loops=1)
                    Filter: (info_type_id > 103)
                    Rows Removed by Filter: 14370084
              ->  Hash  (cost=61283.27..61283.27 rows=2528527 width=4) (actual time=2346.554..2346.554 rows=2528312 loops=1)
                    Buckets: 131072  Batches: 64  Memory Usage: 2425kB
                    ->  Seq Scan on title t  (cost=0.00..61283.27 rows=2528527 width=4) (actual time=0.022..1157.056 rows=2528312 loops=1)
Planning time: 1.176 ms
Execution time: 9823.795 ms
