Seq Scan on movie_keyword mk  (cost=0.00..81003.12 rows=246 width=0) (actual time=6.120..1262.738 rows=55 loops=1)
  Filter: (keyword_id = 102)
  Rows Removed by Filter: 4523875
Planning time: 0.366 ms
Execution time: 1262.877 ms
