Nested Loop  (cost=0.43..83072.29 rows=14 width=0) (actual time=645.952..1221.280 rows=2 loops=1)
  ->  Seq Scan on movie_keyword mk  (cost=0.00..81003.12 rows=246 width=4) (actual time=1.226..1211.755 rows=190 loops=1)
        Filter: (keyword_id = 5777)
        Rows Removed by Filter: 4523740
  ->  Index Scan using title_pkey on title t  (cost=0.43..8.40 rows=1 width=4) (actual time=0.047..0.047 rows=0 loops=190)
        Index Cond: (id = mk.movie_id)
        Filter: (production_year = 2010)
        Rows Removed by Filter: 1
Planning time: 0.788 ms
Execution time: 1221.390 ms
