Seq Scan on cast_info ci  (cost=0.00..796071.18 rows=176 width=0) (actual time=6066.922..11215.771 rows=2 loops=1)
  Filter: ((person_id = 109499) AND (role_id = 1))
  Rows Removed by Filter: 36244342
Planning time: 0.437 ms
Execution time: 11215.906 ms
