Seq Scan on cast_info ci  (cost=0.00..705507.15 rows=500 width=0) (actual time=794.347..11063.450 rows=846 loops=1)
  Filter: (person_id = 2979086)
  Rows Removed by Filter: 36243498
Planning time: 0.363 ms
Execution time: 11063.580 ms
