Hash Join  (cost=680482.36..2475332.99 rows=60860736 width=0) (actual time=15783.850..63538.536 rows=56629159 loops=1)
  Hash Cond: (ci.movie_id = t.id)
  ->  Seq Scan on cast_info ci  (cost=0.00..614943.12 rows=36225612 width=4) (actual time=0.024..13468.615 rows=36244344 loops=1)
  ->  Hash  (cost=610787.80..610787.80 rows=4248045 width=8) (actual time=15781.870..15781.870 rows=2102853 loops=1)
        Buckets: 131072  Batches: 64  Memory Usage: 2290kB
        ->  Hash Join  (cost=89780.46..610787.80 rows=4248045 width=8) (actual time=2153.118..15236.140 rows=2102853 loops=1)
              Hash Cond: (mi.movie_id = t.id)
              ->  Seq Scan on movie_info mi  (cost=0.00..346232.03 rows=11115165 width=4) (actual time=414.423..7511.776 rows=11210743 loops=1)
                    Filter: (info_type_id > 3)
                    Rows Removed by Filter: 3624977
              ->  Hash  (cost=73925.90..73925.90 rows=966364 width=4) (actual time=1737.548..1737.548 rows=1056944 loops=1)
                    Buckets: 131072  Batches: 16  Memory Usage: 3362kB
                    ->  Seq Scan on title t  (cost=0.00..73925.90 rows=966364 width=4) (actual time=0.022..1398.178 rows=1056944 loops=1)
                          Filter: ((kind_id > 4) AND (production_year > 1996))
                          Rows Removed by Filter: 1471368
Planning time: 2.412 ms
Execution time: 70131.394 ms
