Seq Scan on movie_keyword mk  (cost=0.00..81003.12 rows=3357918 width=0) (actual time=0.023..1623.225 rows=3342415 loops=1)
  Filter: (keyword_id < 15783)
  Rows Removed by Filter: 1181515
Planning time: 0.312 ms
Execution time: 2054.647 ms
