Seq Scan on movie_keyword mk  (cost=0.00..81003.12 rows=1600031 width=0) (actual time=0.013..1332.722 rows=1613252 loops=1)
  Filter: (keyword_id > 9396)
  Rows Removed by Filter: 2910678
Planning time: 0.334 ms
Execution time: 1527.521 ms
