Hash Join  (cost=74251.74..136176.58 rows=10697 width=0) (actual time=1475.213..2463.630 rows=26696 loops=1)
  Hash Cond: (mc.movie_id = t.id)
  ->  Seq Scan on movie_companies mc  (cost=0.00..57926.93 rows=1037582 width=4) (actual time=395.297..1101.176 rows=1178631 loops=1)
        Filter: ((company_id > 604) AND (company_type_id > 1))
        Rows Removed by Filter: 1430498
  ->  Hash  (cost=73925.90..73925.90 rows=26067 width=4) (actual time=1078.564..1078.564 rows=27085 loops=1)
        Buckets: 32768  Batches: 1  Memory Usage: 1209kB
        ->  Seq Scan on title t  (cost=0.00..73925.90 rows=26067 width=4) (actual time=0.538..1066.905 rows=27085 loops=1)
              Filter: ((kind_id < 7) AND (production_year > 2012))
              Rows Removed by Filter: 2501227
Planning time: 0.765 ms
Execution time: 2467.427 ms
