Nested Loop  (cost=0.43..58358.52 rows=11 width=0) (actual time=210.167..1066.265 rows=69 loops=1)
  ->  Seq Scan on movie_companies mc  (cost=0.00..57926.93 rows=51 width=4) (actual time=207.538..1025.003 rows=1502 loops=1)
        Filter: ((company_type_id < 2) AND (company_id = 1700))
        Rows Removed by Filter: 2607627
  ->  Index Scan using title_pkey on title t  (cost=0.43..8.45 rows=1 width=4) (actual time=0.027..0.027 rows=0 loops=1502)
        Index Cond: (id = mc.movie_id)
        Filter: ((kind_id < 7) AND (production_year < 2006))
        Rows Removed by Filter: 1
Planning time: 0.762 ms
Execution time: 1066.416 ms
