Hash Join  (cost=187882.23..694290.47 rows=2493132 width=0) (actual time=3894.235..18007.147 rows=3000865 loops=1)
  Hash Cond: (mi.movie_id = t.id)
  ->  Seq Scan on movie_info mi  (cost=0.00..309384.22 rows=14739122 width=4) (actual time=0.008..6156.123 rows=14835720 loops=1)
  ->  Hash  (cost=180864.95..180864.95 rows=427702 width=8) (actual time=3893.362..3893.362 rows=244618 loops=1)
        Buckets: 131072  Batches: 8  Memory Usage: 2233kB
        ->  Hash Join  (cost=102767.86..180864.95 rows=427702 width=8) (actual time=2588.103..3817.554 rows=244618 loops=1)
              Hash Cond: (mc.movie_id = t.id)
              ->  Seq Scan on movie_companies mc  (cost=0.00..57926.93 rows=427702 width=4) (actual time=367.657..986.132 rows=244618 loops=1)
                    Filter: ((company_id < 2122) AND (company_type_id = 2))
                    Rows Removed by Filter: 2364511
              ->  Hash  (cost=61283.27..61283.27 rows=2528527 width=4) (actual time=2219.259..2219.259 rows=2528312 loops=1)
                    Buckets: 131072  Batches: 64  Memory Usage: 2415kB
                    ->  Seq Scan on title t  (cost=0.00..61283.27 rows=2528527 width=4) (actual time=0.008..1144.431 rows=2528312 loops=1)
Planning time: 1.215 ms
Execution time: 18397.350 ms
