Seq Scan on cast_info ci  (cost=0.00..796071.18 rows=21675304 width=0) (actual time=5114.250..18334.761 rows=20715201 loops=1)
  Filter: ((person_id < 3522978) AND (role_id > 1))
  Rows Removed by Filter: 15529143
Planning time: 0.354 ms
Execution time: 20960.266 ms
