Seq Scan on cast_info ci  (cost=0.00..705507.15 rows=955127 width=0) (actual time=3134.698..10606.537 rows=987823 loops=1)
  Filter: (person_id > 3871793)
  Rows Removed by Filter: 35256521
Planning time: 0.244 ms
Execution time: 10706.675 ms
