Hash Join  (cost=91901.05..1163324.51 rows=7389223 width=0) (actual time=1857.020..34278.755 rows=10665176 loops=1)
  Hash Cond: (ci.movie_id = t.id)
  ->  Seq Scan on cast_info ci  (cost=0.00..796071.18 rows=17053345 width=4) (actual time=0.011..18318.905 rows=20841132 loops=1)
        Filter: ((person_id > 956755) AND (role_id > 1))
        Rows Removed by Filter: 15403212
  ->  Hash  (cost=73925.90..73925.90 rows=1095612 width=4) (actual time=1855.783..1855.783 rows=1189548 loops=1)
        Buckets: 131072  Batches: 16  Memory Usage: 3647kB
        ->  Seq Scan on title t  (cost=0.00..73925.90 rows=1095612 width=4) (actual time=373.723..1487.998 rows=1189548 loops=1)
              Filter: ((production_year > 1988) AND (kind_id = 7))
              Rows Removed by Filter: 1338764
Planning time: 0.904 ms
Execution time: 35528.206 ms
