Seq Scan on movie_keyword mk  (cost=0.00..81003.12 rows=1520819 width=0) (actual time=0.014..1374.525 rows=1533320 loops=1)
  Filter: (keyword_id < 2232)
  Rows Removed by Filter: 2990610
Planning time: 0.343 ms
Execution time: 1563.288 ms
