Hash Join  (cost=241711.70..654784.59 rows=1959603 width=0) (actual time=7200.466..14075.089 rows=4000323 loops=1)
  Hash Cond: (mi.movie_id = t.id)
  ->  Seq Scan on movie_info mi  (cost=0.00..346232.03 rows=3623957 width=4) (actual time=1989.056..5934.154 rows=3624977 loops=1)
        Filter: (info_type_id < 4)
        Rows Removed by Filter: 11210743
  ->  Hash  (cost=219279.89..219279.89 rows=1367265 width=8) (actual time=5210.393..5210.393 rows=1083765 loops=1)
        Buckets: 131072  Batches: 32  Memory Usage: 2444kB
        ->  Hash Join  (cost=90260.67..219279.89 rows=1367265 width=8) (actual time=1776.317..4924.339 rows=1083765 loops=1)
              Hash Cond: (mk.movie_id = t.id)
              ->  Seq Scan on movie_keyword mk  (cost=0.00..81003.12 rows=2503583 width=4) (actual time=0.039..1622.138 rows=2496739 loops=1)
                    Filter: (keyword_id < 6099)
                    Rows Removed by Filter: 2027191
              ->  Hash  (cost=67604.59..67604.59 rows=1380887 width=4) (actual time=1774.549..1774.549 rows=1381453 loops=1)
                    Buckets: 131072  Batches: 32  Memory Usage: 2551kB
                    ->  Seq Scan on title t  (cost=0.00..67604.59 rows=1380887 width=4) (actual time=0.028..1315.425 rows=1381453 loops=1)
                          Filter: (production_year > 2000)
                          Rows Removed by Filter: 1146859
Planning time: 0.826 ms
Execution time: 14540.154 ms
