Seq Scan on movie_companies mc  (cost=0.00..51404.11 rows=1279517 width=40) (actual time=0.017..1224.215 rows=1274246 loops=1)
  Filter: (company_type_id = 1)
  Rows Removed by Filter: 1334883
Planning time: 1.408 ms
Execution time: 1301.575 ms
