Nested Loop  (cost=0.43..83071.67 rows=246 width=0) (actual time=5.065..1292.072 rows=284 loops=1)
  ->  Seq Scan on movie_keyword mk  (cost=0.00..81003.12 rows=246 width=4) (actual time=4.992..1275.097 rows=284 loops=1)
        Filter: (keyword_id = 4557)
        Rows Removed by Filter: 4523646
  ->  Index Only Scan using title_pkey on title t  (cost=0.43..8.40 rows=1 width=4) (actual time=0.056..0.057 rows=1 loops=284)
        Index Cond: (id = mk.movie_id)
        Heap Fetches: 284
Planning time: 0.729 ms
Execution time: 1292.309 ms
