Hash Join  (cost=91959.31..188125.62 rows=1531778 width=0) (actual time=1815.017..4625.361 rows=1258718 loops=1)
  Hash Cond: (mc.movie_id = t.id)
  ->  Seq Scan on movie_companies mc  (cost=0.00..44881.29 rows=2609129 width=4) (actual time=0.015..932.467 rows=2609129 loops=1)
  ->  Hash  (cost=67604.59..67604.59 rows=1484458 width=4) (actual time=1813.344..1813.344 rows=1485030 loops=1)
        Buckets: 131072  Batches: 32  Memory Usage: 2655kB
        ->  Seq Scan on title t  (cost=0.00..67604.59 rows=1484458 width=4) (actual time=0.020..1331.314 rows=1485030 loops=1)
              Filter: (production_year > 1998)
              Rows Removed by Filter: 1043282
Planning time: 0.806 ms
Execution time: 4779.494 ms
