Seq Scan on movie_companies mc  (cost=0.00..57926.93 rows=1097572 width=0) (actual time=0.016..1057.164 rows=988633 loops=1)
  Filter: ((company_id > 201) AND (company_type_id = 1))
  Rows Removed by Filter: 1620496
Planning time: 0.394 ms
Execution time: 1181.392 ms
