Nested Loop  (cost=0.43..83072.90 rows=1 width=0) (actual time=414.307..988.172 rows=8 loops=1)
  ->  Seq Scan on movie_keyword mk  (cost=0.00..81003.12 rows=246 width=4) (actual time=1.150..972.158 rows=280 loops=1)
        Filter: (keyword_id = 5636)
        Rows Removed by Filter: 4523650
  ->  Index Scan using title_pkey on title t  (cost=0.43..8.40 rows=1 width=4) (actual time=0.055..0.055 rows=0 loops=280)
        Index Cond: (id = mk.movie_id)
        Filter: ((kind_id = 4) AND (production_year = 2000))
        Rows Removed by Filter: 1
Planning time: 0.824 ms
Execution time: 988.270 ms
