Seq Scan on movie_keyword mk  (cost=0.00..81003.12 rows=4485846 width=0) (actual time=0.014..1611.623 rows=4493824 loops=1)
  Filter: (keyword_id > 36)
  Rows Removed by Filter: 30106
Planning time: 0.361 ms
Execution time: 2169.870 ms
