Hash Join  (cost=91235.85..138808.58 rows=575824 width=0) (actual time=1883.908..3881.536 rows=426168 loops=1)
  Hash Cond: (mi_idx.movie_id = t.id)
  ->  Seq Scan on movie_info_idx mi_idx  (cost=0.00..21735.35 rows=1380035 width=4) (actual time=2.228..482.918 rows=1380035 loops=1)
  ->  Hash  (cost=73925.90..73925.90 rows=1055036 width=4) (actual time=1880.261..1880.261 rows=1152351 loops=1)
        Buckets: 131072  Batches: 16  Memory Usage: 3561kB
        ->  Seq Scan on title t  (cost=0.00..73925.90 rows=1055036 width=4) (actual time=0.016..1525.745 rows=1152351 loops=1)
              Filter: ((kind_id > 1) AND (production_year > 1999))
              Rows Removed by Filter: 1375961
Planning time: 0.520 ms
Execution time: 3929.617 ms
