Seq Scan on movie_keyword mk  (cost=0.00..81003.12 rows=4085661 width=0) (actual time=0.026..1645.429 rows=4089830 loops=1)
  Filter: (keyword_id < 40405)
  Rows Removed by Filter: 434100
Planning time: 0.343 ms
Execution time: 2142.306 ms
