Nested Loop  (cost=44377.22..150354.20 rows=143 width=0) (actual time=2297.500..2987.964 rows=84 loops=1)
  ->  Hash Join  (cost=44376.79..132886.55 rows=29586 width=8) (actual time=1140.232..2584.085 rows=25356 loops=1)
        Hash Cond: (mk.movie_id = mi_idx.movie_id)
        ->  Seq Scan on movie_keyword mk  (cost=0.00..81003.12 rows=9953 width=4) (actual time=0.112..1191.255 rows=10799 loops=1)
              Filter: (keyword_id = 347)
              Rows Removed by Filter: 4513131
        ->  Hash  (cost=21735.35..21735.35 rows=1380035 width=4) (actual time=1139.263..1139.263 rows=1380035 loops=1)
              Buckets: 131072  Batches: 32  Memory Usage: 2556kB
              ->  Seq Scan on movie_info_idx mi_idx  (cost=0.00..21735.35 rows=1380035 width=4) (actual time=0.022..434.417 rows=1380035 loops=1)
  ->  Index Scan using title_pkey on title t  (cost=0.43..0.58 rows=1 width=4) (actual time=0.016..0.016 rows=0 loops=25356)
        Index Cond: (id = mi_idx.movie_id)
        Filter: (production_year > 2012)
        Rows Removed by Filter: 1
Planning time: 8.110 ms
Execution time: 2988.149 ms
