Hash Join  (cost=86573.65..150490.51 rows=198235 width=0) (actual time=1678.344..2740.440 rows=92311 loops=1)
  Hash Cond: (mc.movie_id = t.id)
  ->  Seq Scan on movie_companies mc  (cost=0.00..51404.11 rows=650238 width=4) (actual time=126.543..894.505 rows=655107 loops=1)
        Filter: (company_id > 53603)
        Rows Removed by Filter: 1954022
  ->  Hash  (cost=73925.90..73925.90 rows=770860 width=4) (actual time=1427.288..1427.288 rows=682281 loops=1)
        Buckets: 131072  Batches: 16  Memory Usage: 2522kB
        ->  Seq Scan on title t  (cost=0.00..73925.90 rows=770860 width=4) (actual time=0.028..1214.941 rows=682281 loops=1)
              Filter: ((production_year < 2004) AND (kind_id = 7))
              Rows Removed by Filter: 1846031
Planning time: 0.758 ms
Execution time: 2749.628 ms
