Seq Scan on movie_keyword mk  (cost=0.00..81003.12 rows=246 width=0) (actual time=1.112..1280.694 rows=101 loops=1)
  Filter: (keyword_id = 13581)
  Rows Removed by Filter: 4523829
Planning time: 0.360 ms
Execution time: 1280.849 ms
