Seq Scan on cast_info ci  (cost=0.00..705507.15 rows=7492820 width=0) (actual time=0.014..11486.651 rows=7550177 loops=1)
  Filter: (person_id > 2918405)
  Rows Removed by Filter: 28694167
Planning time: 0.304 ms
Execution time: 12443.535 ms
