Hash Join  (cost=256337.17..865487.29 rows=9036120 width=0) (actual time=7369.191..60213.679 rows=162271380 loops=1)
  Hash Cond: (mi.movie_id = t.id)
  ->  Seq Scan on movie_info mi  (cost=0.00..346232.03 rows=12928982 width=4) (actual time=1.609..7188.511 rows=12970088 loops=1)
        Filter: (info_type_id < 18)
        Rows Removed by Filter: 1865632
  ->  Hash  (cost=227343.19..227343.19 rows=1767198 width=8) (actual time=7366.307..7366.307 rows=3878469 loops=1)
        Buckets: 131072 (originally 131072)  Batches: 64 (originally 32)  Memory Usage: 3516kB
        ->  Hash Join  (cost=83810.17..227343.19 rows=1767198 width=8) (actual time=1576.820..6192.647 rows=3878469 loops=1)
              Hash Cond: (mk.movie_id = t.id)
              ->  Seq Scan on movie_keyword mk  (cost=0.00..69693.30 rows=4523930 width=4) (actual time=0.036..1387.068 rows=4523930 loops=1)
              ->  Hash  (cost=67604.59..67604.59 rows=987727 width=4) (actual time=1575.631..1575.631 rows=985048 loops=1)
                    Buckets: 131072  Batches: 16  Memory Usage: 3197kB
                    ->  Seq Scan on title t  (cost=0.00..67604.59 rows=987727 width=4) (actual time=0.017..1260.021 rows=985048 loops=1)
                          Filter: (kind_id < 7)
                          Rows Removed by Filter: 1543264
Planning time: 1.133 ms
Execution time: 78675.567 ms
