Hash Join  (cost=102767.86..287461.72 rows=3898630 width=0) (actual time=2344.680..7085.097 rows=3900441 loops=1)
  Hash Cond: (mk.movie_id = t.id)
  ->  Seq Scan on movie_keyword mk  (cost=0.00..81003.12 rows=3898630 width=4) (actual time=0.016..1703.649 rows=3900441 loops=1)
        Filter: (keyword_id > 479)
        Rows Removed by Filter: 623489
  ->  Hash  (cost=61283.27..61283.27 rows=2528527 width=4) (actual time=2343.548..2343.548 rows=2528312 loops=1)
        Buckets: 131072  Batches: 64  Memory Usage: 2425kB
        ->  Seq Scan on title t  (cost=0.00..61283.27 rows=2528527 width=4) (actual time=0.029..1174.688 rows=2528312 loops=1)
Planning time: 6.063 ms
Execution time: 7499.005 ms
