Hash Join  (cost=73929.67..867380.02 rows=2791 width=0) (actual time=931.598..17578.699 rows=19485 loops=1)
  Hash Cond: (ci.movie_id = t.id)
  ->  Seq Scan on cast_info ci  (cost=0.00..705507.15 rows=23444079 width=4) (actual time=0.028..12414.212 rows=23340880 loops=1)
        Filter: (person_id < 2388392)
        Rows Removed by Filter: 12903464
  ->  Hash  (cost=73925.90..73925.90 rows=301 width=4) (actual time=930.977..930.977 rows=1360 loops=1)
        Buckets: 2048 (originally 1024)  Batches: 1 (originally 1)  Memory Usage: 64kB
        ->  Seq Scan on title t  (cost=0.00..73925.90 rows=301 width=4) (actual time=0.039..930.243 rows=1360 loops=1)
              Filter: ((kind_id = 3) AND (production_year = 1989))
              Rows Removed by Filter: 2526952
Planning time: 0.827 ms
Execution time: 17584.010 ms
