Hash Join  (cost=283525.71..1624479.33 rows=25248428 width=0) (actual time=5278.809..36381.012 rows=13188203 loops=1)
  Hash Cond: (ci.movie_id = t.id)
  ->  Seq Scan on cast_info ci  (cost=0.00..705507.15 rows=29223643 width=4) (actual time=0.026..15808.716 rows=29169160 loops=1)
        Filter: (person_id < 2958918)
        Rows Removed by Filter: 7075184
  ->  Hash  (cost=247684.48..247684.48 rows=2184578 width=8) (actual time=5277.396..5277.396 rows=493482 loops=1)
        Buckets: 131072  Batches: 32  Memory Usage: 1622kB
        ->  Hash Join  (cost=92883.59..247684.48 rows=2184578 width=8) (actual time=2510.653..5158.241 rows=493482 loops=1)
              Hash Cond: (mk.movie_id = t.id)
              ->  Seq Scan on movie_keyword mk  (cost=0.00..81003.12 rows=3584998 width=4) (actual time=0.014..1624.365 rows=3574941 loops=1)
                    Filter: (keyword_id < 20004)
                    Rows Removed by Filter: 948989
              ->  Hash  (cost=67604.59..67604.59 rows=1540800 width=4) (actual time=1780.351..1780.351 rows=1543264 loops=1)
                    Buckets: 131072  Batches: 32  Memory Usage: 2728kB
                    ->  Seq Scan on title t  (cost=0.00..67604.59 rows=1540800 width=4) (actual time=0.019..1278.803 rows=1543264 loops=1)
                          Filter: (kind_id = 7)
                          Rows Removed by Filter: 985048
Planning time: 2.235 ms
Execution time: 37618.763 ms
