Hash Join  (cost=74690.97..162444.05 rows=109505 width=0) (actual time=1154.000..3040.579 rows=86329 loops=1)
  Hash Cond: (mk.movie_id = t.id)
  ->  Seq Scan on movie_keyword mk  (cost=0.00..69693.30 rows=4523930 width=4) (actual time=0.021..971.924 rows=4523930 loops=1)
  ->  Hash  (cost=73925.90..73925.90 rows=61205 width=4) (actual time=1153.610..1153.610 rows=61581 loops=1)
        Buckets: 65536  Batches: 1  Memory Usage: 2677kB
        ->  Seq Scan on title t  (cost=0.00..73925.90 rows=61205 width=4) (actual time=120.460..1129.862 rows=61581 loops=1)
              Filter: ((production_year > 2011) AND (kind_id = 1))
              Rows Removed by Filter: 2466731
Planning time: 0.747 ms
Execution time: 3052.465 ms
