Hash Join  (cost=190230.21..1029454.82 rows=4114942 width=0) (actual time=5816.091..23110.641 rows=9020194 loops=1)
  Hash Cond: (ci.movie_id = t.id)
  ->  Seq Scan on cast_info ci  (cost=0.00..705507.15 rows=7539477 width=4) (actual time=1109.193..11823.369 rows=7586543 loops=1)
        Filter: (person_id > 2915194)
        Rows Removed by Filter: 28657801
  ->  Hash  (cost=167588.78..167588.78 rows=1380035 width=8) (actual time=4705.577..4705.577 rows=1380035 loops=1)
        Buckets: 131072  Batches: 32  Memory Usage: 2708kB
        ->  Hash Join  (cost=102767.86..167588.78 rows=1380035 width=8) (actual time=2272.196..4301.119 rows=1380035 loops=1)
              Hash Cond: (mi_idx.movie_id = t.id)
              ->  Seq Scan on movie_info_idx mi_idx  (cost=0.00..21735.35 rows=1380035 width=4) (actual time=0.026..481.621 rows=1380035 loops=1)
              ->  Hash  (cost=61283.27..61283.27 rows=2528527 width=4) (actual time=2270.506..2270.506 rows=2528312 loops=1)
                    Buckets: 131072  Batches: 64  Memory Usage: 2415kB
                    ->  Seq Scan on title t  (cost=0.00..61283.27 rows=2528527 width=4) (actual time=0.017..1123.387 rows=2528312 loops=1)
Planning time: 1.156 ms
Execution time: 24242.292 ms
