Seq Scan on cast_info ci  (cost=0.00..796071.18 rows=276 width=0) (actual time=9810.441..13409.480 rows=51 loops=1)
  Filter: ((role_id < 3) AND (person_id = 1247111))
  Rows Removed by Filter: 36244293
Planning time: 0.402 ms
Execution time: 13409.614 ms
