Hash Join  (cost=160971.88..248084.09 rows=874969 width=0) (actual time=3352.854..5650.467 rows=936393 loops=1)
  Hash Cond: (mc.movie_id = t.id)
  ->  Seq Scan on movie_companies mc  (cost=0.00..44881.29 rows=2609129 width=4) (actual time=0.014..894.942 rows=2609129 loops=1)
  ->  Hash  (cost=147059.64..147059.64 rows=847939 width=8) (actual time=3351.838..3351.838 rows=442380 loops=1)
        Buckets: 131072  Batches: 16  Memory Usage: 2104kB
        ->  Hash Join  (cost=93093.72..147059.64 rows=847939 width=8) (actual time=1743.427..3221.392 rows=442380 loops=1)
              Hash Cond: (mi_idx.movie_id = t.id)
              ->  Seq Scan on movie_info_idx mi_idx  (cost=0.00..21735.35 rows=1380035 width=4) (actual time=0.018..459.143 rows=1380035 loops=1)
              ->  Hash  (cost=67604.59..67604.59 rows=1553611 width=4) (actual time=1742.475..1742.475 rows=1555864 loops=1)
                    Buckets: 131072  Batches: 32  Memory Usage: 2734kB
                    ->  Seq Scan on title t  (cost=0.00..67604.59 rows=1553611 width=4) (actual time=0.020..1252.584 rows=1555864 loops=1)
                          Filter: (kind_id > 4)
                          Rows Removed by Filter: 972448
Planning time: 1.120 ms
Execution time: 5752.612 ms
