Hash Join  (cost=87245.25..641508.33 rows=6978015 width=0) (actual time=1706.646..18491.485 rows=8472723 loops=1)
  Hash Cond: (mi.movie_id = t.id)
  ->  Seq Scan on movie_info mi  (cost=0.00..309384.22 rows=14739122 width=4) (actual time=0.023..5722.832 rows=14835720 loops=1)
  ->  Hash  (cost=67604.59..67604.59 rows=1197093 width=4) (actual time=1705.842..1705.842 rows=1195923 loops=1)
        Buckets: 131072  Batches: 16  Memory Usage: 3662kB
        ->  Seq Scan on title t  (cost=0.00..67604.59 rows=1197093 width=4) (actual time=0.024..1315.112 rows=1195923 loops=1)
              Filter: (production_year < 2003)
              Rows Removed by Filter: 1332389
Planning time: 0.816 ms
Execution time: 19510.854 ms
