Hash Join  (cost=156209.36..983411.96 rows=394674 width=0) (actual time=6492.012..17969.047 rows=413175 loops=1)
  Hash Cond: (ci.movie_id = t.id)
  ->  Seq Scan on cast_info ci  (cost=0.00..796071.18 rows=2197514 width=4) (actual time=2700.892..13695.113 rows=710458 loops=1)
        Filter: ((person_id < 1820993) AND (role_id = 10))
        Rows Removed by Filter: 35533886
  ->  Hash  (cost=148758.81..148758.81 rows=454124 width=8) (actual time=3789.860..3789.860 rows=459925 loops=1)
        Buckets: 131072  Batches: 8  Memory Usage: 3275kB
        ->  Hash Join  (cost=102767.86..148758.81 rows=454124 width=8) (actual time=2260.096..3647.818 rows=459925 loops=1)
              Hash Cond: (mi_idx.movie_id = t.id)
              ->  Seq Scan on movie_info_idx mi_idx  (cost=0.00..25185.44 rows=454124 width=4) (actual time=0.032..517.857 rows=459925 loops=1)
                    Filter: (info_type_id = 100)
                    Rows Removed by Filter: 920110
              ->  Hash  (cost=61283.27..61283.27 rows=2528527 width=4) (actual time=2258.718..2258.718 rows=2528312 loops=1)
                    Buckets: 131072  Batches: 64  Memory Usage: 2415kB
                    ->  Seq Scan on title t  (cost=0.00..61283.27 rows=2528527 width=4) (actual time=0.021..1059.181 rows=2528312 loops=1)
Planning time: 1.938 ms
Execution time: 18009.782 ms
