Seq Scan on title t  (cost=0.00..73925.90 rows=36206 width=0) (actual time=175.756..1061.671 rows=33919 loops=1)
  Filter: ((production_year > 2005) AND (kind_id = 2))
  Rows Removed by Filter: 2494393
Planning time: 0.390 ms
Execution time: 1067.913 ms
