Hash Join  (cost=217858.32..604170.89 rows=1090545 width=0) (actual time=5504.984..11811.721 rows=2059988 loops=1)
  Hash Cond: (mi.movie_id = t.id)
  ->  Seq Scan on movie_info mi  (cost=0.00..346232.03 rows=2073893 width=4) (actual time=604.436..5142.377 rows=2091068 loops=1)
        Filter: (info_type_id < 3)
        Rows Removed by Filter: 12744652
  ->  Hash  (cost=196044.17..196044.17 rows=1329612 width=8) (actual time=4899.722..4899.722 rows=1334883 loops=1)
        Buckets: 131072  Batches: 32  Memory Usage: 2657kB
        ->  Hash Join  (cost=102767.86..196044.17 rows=1329612 width=8) (actual time=1931.349..4505.445 rows=1334883 loops=1)
              Hash Cond: (mc.movie_id = t.id)
              ->  Seq Scan on movie_companies mc  (cost=0.00..51404.11 rows=1329612 width=4) (actual time=0.021..1041.739 rows=1334883 loops=1)
                    Filter: (company_type_id > 1)
                    Rows Removed by Filter: 1274246
              ->  Hash  (cost=61283.27..61283.27 rows=2528527 width=4) (actual time=1929.375..1929.375 rows=2528312 loops=1)
                    Buckets: 131072  Batches: 64  Memory Usage: 2415kB
                    ->  Seq Scan on title t  (cost=0.00..61283.27 rows=2528527 width=4) (actual time=0.025..1076.280 rows=2528312 loops=1)
Planning time: 1.399 ms
Execution time: 12040.401 ms
