Seq Scan on movie_companies mc  (cost=0.00..57926.93 rows=50999 width=0) (actual time=411.842..735.742 rows=100912 loops=1)
  Filter: ((company_id > 156959) AND (company_type_id > 1))
  Rows Removed by Filter: 2508217
Planning time: 0.231 ms
Execution time: 748.563 ms
