Hash Join  (cost=207161.66..728893.45 rows=3929184 width=0) (actual time=4614.224..24060.737 rows=27631777 loops=1)
  Hash Cond: (mi.movie_id = t.id)
  ->  Seq Scan on movie_info mi  (cost=0.00..309384.22 rows=14739122 width=4) (actual time=0.015..6343.715 rows=14835720 loops=1)
  ->  Hash  (cost=196101.91..196101.91 rows=674060 width=8) (actual time=4612.950..4612.950 rows=522238 loops=1)
        Buckets: 131072  Batches: 16  Memory Usage: 2406kB
        ->  Hash Join  (cost=87180.69..196101.91 rows=674060 width=8) (actual time=2031.972..4473.395 rows=522238 loops=1)
              Hash Cond: (mk.movie_id = t.id)
              ->  Seq Scan on movie_keyword mk  (cost=0.00..81003.12 rows=1428400 width=4) (actual time=0.031..1496.700 rows=1439946 loops=1)
                    Filter: (keyword_id > 11591)
                    Rows Removed by Filter: 3083984
              ->  Hash  (cost=67604.59..67604.59 rows=1193208 width=4) (actual time=2031.067..2031.067 rows=1192518 loops=1)
                    Buckets: 131072  Batches: 16  Memory Usage: 3654kB
                    ->  Seq Scan on title t  (cost=0.00..67604.59 rows=1193208 width=4) (actual time=0.013..1349.236 rows=1192518 loops=1)
                          Filter: (production_year > 2003)
                          Rows Removed by Filter: 1335794
Planning time: 1.137 ms
Execution time: 27279.654 ms
