Hash Join  (cost=75251.13..151449.77 rows=83312 width=0) (actual time=1616.138..3468.120 rows=170916 loops=1)
  Hash Cond: (mc.movie_id = t.id)
  ->  Seq Scan on movie_companies mc  (cost=0.00..44881.29 rows=2609129 width=4) (actual time=0.015..869.896 rows=2609129 loops=1)
  ->  Hash  (cost=73925.90..73925.90 rows=80738 width=4) (actual time=1615.254..1615.254 rows=81833 loops=1)
        Buckets: 131072  Batches: 2  Memory Usage: 2465kB
        ->  Seq Scan on title t  (cost=0.00..73925.90 rows=80738 width=4) (actual time=696.140..1291.344 rows=81833 loops=1)
              Filter: ((production_year > 1976) AND (kind_id = 3))
              Rows Removed by Filter: 2446479
Planning time: 0.805 ms
Execution time: 3490.392 ms
