Seq Scan on cast_info ci  (cost=0.00..705507.15 rows=20078151 width=0) (actual time=1.867..11855.981 rows=19942230 loops=1)
  Filter: (person_id < 2003048)
  Rows Removed by Filter: 16302114
Planning time: 0.317 ms
Execution time: 14191.262 ms
