Hash Join  (cost=73982.55..868034.22 rows=42119 width=0) (actual time=4283.761..20921.267 rows=137907 loops=1)
  Hash Cond: (ci.movie_id = t.id)
  ->  Seq Scan on cast_info ci  (cost=0.00..705507.15 rows=23499554 width=4) (actual time=3193.966..14735.508 rows=23573656 loops=1)
        Filter: (role_id > 1)
        Rows Removed by Filter: 12670688
  ->  Hash  (cost=73925.90..73925.90 rows=4532 width=4) (actual time=1089.366..1089.366 rows=14325 loops=1)
        Buckets: 16384 (originally 8192)  Batches: 1 (originally 1)  Memory Usage: 632kB
        ->  Seq Scan on title t  (cost=0.00..73925.90 rows=4532 width=4) (actual time=0.256..1082.117 rows=14325 loops=1)
              Filter: ((kind_id = 7) AND (production_year = 1991))
              Rows Removed by Filter: 2513987
Planning time: 0.765 ms
Execution time: 20942.816 ms
