Hash Join  (cost=128188.10..214886.72 rows=4058 width=0) (actual time=995.368..2799.344 rows=5289 loops=1)
  Hash Cond: (mk.movie_id = t.id)
  ->  Seq Scan on movie_keyword mk  (cost=0.00..69693.30 rows=4523930 width=4) (actual time=0.015..943.997 rows=4523930 loops=1)
  ->  Hash  (cost=128159.75..128159.75 rows=2268 width=8) (actual time=993.277..993.277 rows=12948 loops=1)
        Buckets: 16384 (originally 4096)  Batches: 1 (originally 1)  Memory Usage: 634kB
        ->  Nested Loop  (cost=0.43..128159.75 rows=2268 width=8) (actual time=335.531..987.381 rows=12948 loops=1)
              ->  Seq Scan on movie_companies mc  (cost=0.00..51404.11 rows=12263 width=4) (actual time=335.462..747.071 rows=12948 loops=1)
                    Filter: (company_id = 11137)
                    Rows Removed by Filter: 2596181
              ->  Index Scan using title_pkey on title t  (cost=0.43..6.25 rows=1 width=4) (actual time=0.018..0.018 rows=1 loops=12948)
                    Index Cond: (id = mc.movie_id)
                    Filter: ((kind_id < 7) AND (production_year < 2003))
Planning time: 1.168 ms
Execution time: 2800.454 ms
