Hash Join  (cost=74574.97..159263.80 rows=19136 width=0) (actual time=1498.127..2747.697 rows=4372 loops=1)
  Hash Cond: (mk.movie_id = t.id)
  ->  Seq Scan on movie_keyword mk  (cost=0.00..81003.12 rows=931825 width=4) (actual time=0.023..1391.027 rows=937858 loops=1)
        Filter: (keyword_id > 20211)
        Rows Removed by Filter: 3586072
  ->  Hash  (cost=73925.90..73925.90 rows=51925 width=4) (actual time=1172.547..1172.547 rows=56480 loops=1)
        Buckets: 65536  Batches: 1  Memory Usage: 2498kB
        ->  Seq Scan on title t  (cost=0.00..73925.90 rows=51925 width=4) (actual time=0.011..1150.273 rows=56480 loops=1)
              Filter: ((kind_id = 7) AND (production_year = 2004))
              Rows Removed by Filter: 2471832
Planning time: 2.832 ms
Execution time: 2748.505 ms
