Seq Scan on movie_companies mc  (cost=0.00..51404.11 rows=104 width=0) (actual time=592.268..874.824 rows=4 loops=1)
  Filter: (company_id = 128550)
  Rows Removed by Filter: 2609125
Planning time: 0.405 ms
Execution time: 874.891 ms
