Seq Scan on movie_companies mc  (cost=0.00..57926.93 rows=398809 width=0) (actual time=378.548..996.103 rows=722704 loops=1)
  Filter: ((company_id > 31655) AND (company_type_id > 1))
  Rows Removed by Filter: 1886425
Planning time: 0.369 ms
Execution time: 1087.989 ms
