Hash Join  (cost=922782.27..1285357.26 rows=159180 width=0) (actual time=21233.961..24904.739 rows=640291 loops=1)
  Hash Cond: (mi.movie_id = t.id)
  ->  Seq Scan on movie_info mi  (cost=0.00..346232.03 rows=1158179 width=4) (actual time=2637.381..5575.747 rows=1204709 loops=1)
        Filter: (info_type_id > 18)
        Rows Removed by Filter: 13631011
  ->  Hash  (cost=917080.25..917080.25 rows=347521 width=8) (actual time=18535.631..18535.631 rows=315508 loops=1)
        Buckets: 131072  Batches: 8  Memory Usage: 2574kB
        ->  Hash Join  (cost=102767.86..917080.25 rows=347521 width=8) (actual time=11428.787..18445.547 rows=315508 loops=1)
              Hash Cond: (ci.movie_id = t.id)
              ->  Seq Scan on cast_info ci  (cost=0.00..796071.18 rows=347521 width=4) (actual time=9408.255..15826.482 rows=315508 loops=1)
                    Filter: ((person_id > 27062) AND (role_id > 10))
                    Rows Removed by Filter: 35928836
              ->  Hash  (cost=61283.27..61283.27 rows=2528527 width=4) (actual time=2019.617..2019.617 rows=2528312 loops=1)
                    Buckets: 131072  Batches: 64  Memory Usage: 2415kB
                    ->  Seq Scan on title t  (cost=0.00..61283.27 rows=2528527 width=4) (actual time=0.033..1206.828 rows=2528312 loops=1)
Planning time: 1.206 ms
Execution time: 24988.530 ms
