Hash Join  (cost=79715.19..159784.42 rows=364070 width=0) (actual time=1156.632..3280.598 rows=492287 loops=1)
  Hash Cond: (mc.movie_id = t.id)
  ->  Seq Scan on movie_companies mc  (cost=0.00..44881.29 rows=2609129 width=4) (actual time=0.009..821.922 rows=2609129 loops=1)
  ->  Hash  (cost=73925.90..73925.90 rows=352823 width=4) (actual time=1155.971..1155.971 rows=302088 loops=1)
        Buckets: 131072  Batches: 8  Memory Usage: 2342kB
        ->  Seq Scan on title t  (cost=0.00..73925.90 rows=352823 width=4) (actual time=0.008..1072.391 rows=302088 loops=1)
              Filter: ((kind_id < 7) AND (production_year > 2006))
              Rows Removed by Filter: 2226224
Planning time: 1.927 ms
Execution time: 3340.430 ms
