Hash Join  (cost=106491.61..193850.69 rows=70105 width=0) (actual time=1894.078..3852.598 rows=270570 loops=1)
  Hash Cond: (mk.movie_id = t.id)
  ->  Seq Scan on movie_keyword mk  (cost=0.00..69693.30 rows=4523930 width=4) (actual time=0.014..1028.658 rows=4523930 loops=1)
  ->  Hash  (cost=106001.82..106001.82 rows=39183 width=8) (actual time=1893.396..1893.396 rows=41051 loops=1)
        Buckets: 65536  Batches: 1  Memory Usage: 2116kB
        ->  Hash Join  (cost=69374.09..106001.82 rows=39183 width=8) (actual time=1074.964..1878.626 rows=41051 loops=1)
              Hash Cond: (mi_idx.movie_id = t.id)
              ->  Seq Scan on movie_info_idx mi_idx  (cost=0.00..25185.44 rows=919057 width=4) (actual time=0.023..470.510 rows=920110 loops=1)
                    Filter: (info_type_id > 99)
                    Rows Removed by Filter: 459925
              ->  Hash  (cost=67604.59..67604.59 rows=107800 width=4) (actual time=1074.135..1074.135 rows=108429 loops=1)
                    Buckets: 131072  Batches: 2  Memory Usage: 2931kB
                    ->  Seq Scan on title t  (cost=0.00..67604.59 rows=107800 width=4) (actual time=0.029..1033.068 rows=108429 loops=1)
                          Filter: (production_year = 2006)
                          Rows Removed by Filter: 2419883
Planning time: 1.146 ms
Execution time: 3887.941 ms
