Hash Join  (cost=218336.01..786091.17 rows=8242523 width=0) (actual time=5874.997..32304.416 rows=48813001 loops=1)
  Hash Cond: (mi.movie_id = t.id)
  ->  Seq Scan on movie_info mi  (cost=0.00..309384.22 rows=14739122 width=4) (actual time=0.012..5798.142 rows=14835720 loops=1)
  ->  Hash  (cost=195136.74..195136.74 rows=1414022 width=8) (actual time=5873.545..5873.545 rows=1610120 loops=1)
        Buckets: 131072  Batches: 32  Memory Usage: 3040kB
        ->  Hash Join  (cost=97066.09..195136.74 rows=1414022 width=8) (actual time=2476.839..5388.473 rows=1610120 loops=1)
              Hash Cond: (mc.movie_id = t.id)
              ->  Seq Scan on movie_companies mc  (cost=0.00..51404.11 rows=1991064 width=4) (actual time=0.021..1061.113 rows=1987217 loops=1)
                    Filter: (company_id < 61757)
                    Rows Removed by Filter: 621912
              ->  Hash  (cost=67604.59..67604.59 rows=1795720 width=4) (actual time=2475.305..2475.305 rows=1794153 loops=1)
                    Buckets: 131072  Batches: 32  Memory Usage: 2992kB
                    ->  Seq Scan on title t  (cost=0.00..67604.59 rows=1795720 width=4) (actual time=0.108..1367.213 rows=1794153 loops=1)
                          Filter: (production_year < 2009)
                          Rows Removed by Filter: 734159
Planning time: 1.198 ms
Execution time: 37860.581 ms
