Seq Scan on cast_info ci  (cost=0.00..705507.15 rows=6894773 width=0) (actual time=0.087..11518.909 rows=6974774 loops=1)
  Filter: (person_id > 2967724)
  Rows Removed by Filter: 29269570
Planning time: 0.333 ms
Execution time: 12393.787 ms
