Seq Scan on cast_info ci  (cost=0.00..705507.15 rows=500 width=0) (actual time=11392.819..11434.716 rows=59 loops=1)
  Filter: (person_id = 2637273)
  Rows Removed by Filter: 36244285
Planning time: 0.392 ms
Execution time: 11434.813 ms
