Seq Scan on cast_info ci  (cost=0.00..796071.18 rows=553456 width=0) (actual time=7335.087..11665.636 rows=983689 loops=1)
  Filter: ((person_id > 2931656) AND (role_id = 4))
  Rows Removed by Filter: 35260655
Planning time: 0.420 ms
Execution time: 11788.565 ms
