Hash Join  (cost=175027.18..267378.26 rows=893434 width=0) (actual time=4001.641..7069.630 rows=2573540 loops=1)
  Hash Cond: (mc.movie_id = t.id)
  ->  Seq Scan on movie_companies mc  (cost=0.00..51404.11 rows=2458033 width=4) (actual time=0.020..1116.402 rows=2459249 loops=1)
        Filter: (company_id < 132156)
        Rows Removed by Filter: 149880
  ->  Hash  (cost=159947.97..159947.97 rows=919057 width=8) (actual time=4000.709..4000.709 rows=920110 loops=1)
        Buckets: 131072  Batches: 16  Memory Usage: 3269kB
        ->  Hash Join  (cost=102767.86..159947.97 rows=919057 width=8) (actual time=2041.452..3732.881 rows=920110 loops=1)
              Hash Cond: (mi_idx.movie_id = t.id)
              ->  Seq Scan on movie_info_idx mi_idx  (cost=0.00..25185.44 rows=919057 width=4) (actual time=0.018..515.355 rows=920110 loops=1)
                    Filter: (info_type_id > 99)
                    Rows Removed by Filter: 459925
              ->  Hash  (cost=61283.27..61283.27 rows=2528527 width=4) (actual time=2040.424..2040.424 rows=2528312 loops=1)
                    Buckets: 131072  Batches: 64  Memory Usage: 2415kB
                    ->  Seq Scan on title t  (cost=0.00..61283.27 rows=2528527 width=4) (actual time=0.016..1199.172 rows=2528312 loops=1)
Planning time: 0.857 ms
Execution time: 7376.436 ms
