Hash Join  (cost=102767.86..252080.99 rows=2428308 width=0) (actual time=1982.182..6282.418 rows=2429152 loops=1)
  Hash Cond: (mk.movie_id = t.id)
  ->  Seq Scan on movie_keyword mk  (cost=0.00..81003.12 rows=2428308 width=4) (actual time=0.020..1479.718 rows=2429152 loops=1)
        Filter: (keyword_id < 5760)
        Rows Removed by Filter: 2094778
  ->  Hash  (cost=61283.27..61283.27 rows=2528527 width=4) (actual time=1979.901..1979.901 rows=2528312 loops=1)
        Buckets: 131072  Batches: 64  Memory Usage: 2425kB
        ->  Seq Scan on title t  (cost=0.00..61283.27 rows=2528527 width=4) (actual time=0.012..1091.818 rows=2528312 loops=1)
Planning time: 0.696 ms
Execution time: 6566.090 ms
