Seq Scan on movie_keyword mk  (cost=0.00..81003.12 rows=159461 width=0) (actual time=0.021..1447.671 rows=155289 loops=1)
  Filter: (keyword_id > 73287)
  Rows Removed by Filter: 4368641
Planning time: 0.370 ms
Execution time: 1469.129 ms
