Hash Join  (cost=158875.94..287019.77 rows=504079 width=0) (actual time=3524.078..10862.752 rows=18666794 loops=1)
  Hash Cond: (mk.movie_id = t.id)
  ->  Seq Scan on movie_keyword mk  (cost=0.00..69693.30 rows=4523930 width=4) (actual time=0.018..1563.232 rows=4523930 loops=1)
  ->  Hash  (cost=154253.18..154253.18 rows=281741 width=8) (actual time=3521.836..3521.836 rows=406124 loops=1)
        Buckets: 131072 (originally 131072)  Batches: 8 (originally 4)  Memory Usage: 3076kB
        ->  Hash Join  (cost=83060.47..154253.18 rows=281741 width=8) (actual time=1563.583..3407.264 rows=406124 loops=1)
              Hash Cond: (mc.movie_id = t.id)
              ->  Seq Scan on movie_companies mc  (cost=0.00..51404.11 rows=1279517 width=4) (actual time=0.023..1057.540 rows=1274246 loops=1)
                    Filter: (company_type_id < 2)
                    Rows Removed by Filter: 1334883
              ->  Hash  (cost=73925.90..73925.90 rows=556765 width=4) (actual time=1562.678..1562.678 rows=434157 loops=1)
                    Buckets: 131072  Batches: 8  Memory Usage: 2944kB
                    ->  Seq Scan on title t  (cost=0.00..73925.90 rows=556765 width=4) (actual time=388.668..1430.092 rows=434157 loops=1)
                          Filter: ((production_year > 1968) AND (kind_id = 1))
                          Rows Removed by Filter: 2094155
Planning time: 1.617 ms
Execution time: 12899.958 ms
