Hash Join  (cost=138196.28..503344.47 rows=49227 width=0) (actual time=1579.879..9234.588 rows=249930 loops=1)
  Hash Cond: (mi.movie_id = t.id)
  ->  Seq Scan on movie_info mi  (cost=0.00..309384.22 rows=14739122 width=4) (actual time=0.021..4469.087 rows=14835720 loops=1)
  ->  Hash  (cost=138090.71..138090.71 rows=8445 width=8) (actual time=1578.346..1578.346 rows=7552 loops=1)
        Buckets: 16384  Batches: 1  Memory Usage: 423kB
        ->  Nested Loop  (cost=0.43..138090.71 rows=8445 width=8) (actual time=0.158..1573.780 rows=7552 loops=1)
              ->  Seq Scan on movie_keyword mk  (cost=0.00..81003.12 rows=8445 width=4) (actual time=0.095..1386.239 rows=7552 loops=1)
                    Filter: (keyword_id = 910)
                    Rows Removed by Filter: 4516378
              ->  Index Only Scan using title_pkey on title t  (cost=0.43..6.75 rows=1 width=4) (actual time=0.024..0.024 rows=1 loops=7552)
                    Index Cond: (id = mk.movie_id)
                    Heap Fetches: 7552
Planning time: 1.153 ms
Execution time: 9270.360 ms
