Hash Join  (cost=121810.99..1106188.39 rows=1445261 width=0) (actual time=2667.180..31631.622 rows=7017998 loops=1)
  Hash Cond: (ci.movie_id = t.id)
  ->  Seq Scan on cast_info ci  (cost=0.00..705507.15 rows=22814292 width=4) (actual time=0.022..15322.085 rows=22693323 loops=1)
        Filter: (person_id < 2315988)
        Rows Removed by Filter: 13551021
  ->  Hash  (cost=119182.74..119182.74 rows=160180 width=8) (actual time=2666.209..2666.209 rows=377305 loops=1)
        Buckets: 131072 (originally 131072)  Batches: 8 (originally 4)  Memory Usage: 3073kB
        ->  Hash Join  (cost=78741.46..119182.74 rows=160180 width=8) (actual time=1287.057..2541.144 rows=377305 loops=1)
              Hash Cond: (mi_idx.movie_id = t.id)
              ->  Seq Scan on movie_info_idx mi_idx  (cost=0.00..21735.35 rows=1380035 width=4) (actual time=0.014..440.225 rows=1380035 loops=1)
              ->  Hash  (cost=73925.90..73925.90 rows=293484 width=4) (actual time=1286.254..1286.254 rows=411690 loops=1)
                    Buckets: 131072 (originally 131072)  Batches: 8 (originally 4)  Memory Usage: 3073kB
                    ->  Seq Scan on title t  (cost=0.00..73925.90 rows=293484 width=4) (actual time=0.010..1151.157 rows=411690 loops=1)
                          Filter: ((kind_id < 7) AND (production_year < 1993))
                          Rows Removed by Filter: 2116622
Planning time: 1.210 ms
Execution time: 32429.317 ms
