Seq Scan on movie_companies mc  (cost=0.00..57926.93 rows=51 width=0) (actual time=357.275..830.835 rows=3 loops=1)
  Filter: ((company_id = 31618) AND (company_type_id = 1))
  Rows Removed by Filter: 2609126
Planning time: 0.400 ms
Execution time: 830.928 ms
