Hash Join  (cost=328283.60..1049092.08 rows=19133277 width=0) (actual time=8304.601..63166.392 rows=181201747 loops=1)
  Hash Cond: (mi.movie_id = t.id)
  ->  Seq Scan on movie_info mi  (cost=0.00..309384.22 rows=14739122 width=4) (actual time=0.016..5333.036 rows=14835720 loops=1)
  ->  Hash  (cost=274432.19..274432.19 rows=3282353 width=8) (actual time=8303.493..8303.493 rows=3105484 loops=1)
        Buckets: 131072  Batches: 64  Memory Usage: 2961kB
        ->  Hash Join  (cost=103947.06..274432.19 rows=3282353 width=8) (actual time=2086.608..6784.207 rows=3105484 loops=1)
              Hash Cond: (mk.movie_id = t.id)
              ->  Seq Scan on movie_keyword mk  (cost=0.00..81003.12 rows=3746694 width=4) (actual time=0.018..1802.145 rows=3744598 loops=1)
                    Filter: (keyword_id > 743)
                    Rows Removed by Filter: 779332
              ->  Hash  (cost=67604.59..67604.59 rows=2215158 width=4) (actual time=2085.060..2085.060 rows=2203697 loops=1)
                    Buckets: 131072  Batches: 32  Memory Usage: 3457kB
                    ->  Seq Scan on title t  (cost=0.00..67604.59 rows=2215158 width=4) (actual time=0.031..1351.678 rows=2203697 loops=1)
                          Filter: (production_year > 1960)
                          Rows Removed by Filter: 324615
Planning time: 1.340 ms
Execution time: 83708.595 ms
