Seq Scan on movie_keyword mk  (cost=0.00..81003.12 rows=4103836 width=0) (actual time=0.019..1561.434 rows=4110776 loops=1)
  Filter: (keyword_id < 42015)
  Rows Removed by Filter: 413154
Planning time: 0.500 ms
Execution time: 2069.142 ms
