Hash Join  (cost=190230.21..1059441.53 rows=2172457 width=0) (actual time=9811.016..21630.668 rows=3036447 loops=1)
  Hash Cond: (ci.movie_id = t.id)
  ->  Seq Scan on cast_info ci  (cost=0.00..796071.18 rows=3980418 width=4) (actual time=5211.976..15074.680 rows=1866707 loops=1)
        Filter: ((person_id < 3113528) AND (role_id > 9))
        Rows Removed by Filter: 34377637
  ->  Hash  (cost=167588.78..167588.78 rows=1380035 width=8) (actual time=4590.274..4590.274 rows=1380035 loops=1)
        Buckets: 131072  Batches: 32  Memory Usage: 2708kB
        ->  Hash Join  (cost=102767.86..167588.78 rows=1380035 width=8) (actual time=2325.564..4216.400 rows=1380035 loops=1)
              Hash Cond: (mi_idx.movie_id = t.id)
              ->  Seq Scan on movie_info_idx mi_idx  (cost=0.00..21735.35 rows=1380035 width=4) (actual time=0.018..456.960 rows=1380035 loops=1)
              ->  Hash  (cost=61283.27..61283.27 rows=2528527 width=4) (actual time=2324.733..2324.733 rows=2528312 loops=1)
                    Buckets: 131072  Batches: 64  Memory Usage: 2415kB
                    ->  Seq Scan on title t  (cost=0.00..61283.27 rows=2528527 width=4) (actual time=0.023..1237.927 rows=2528312 loops=1)
Planning time: 1.221 ms
Execution time: 22003.989 ms
