Hash Join  (cost=80562.70..137458.90 rows=51172 width=0) (actual time=1490.930..2577.464 rows=22428 loops=1)
  Hash Cond: (mc.movie_id = t.id)
  ->  Seq Scan on movie_companies mc  (cost=0.00..51404.11 rows=163832 width=4) (actual time=0.040..863.030 rows=167708 loops=1)
        Filter: (company_id < 34)
        Rows Removed by Filter: 2441421
  ->  Hash  (cost=67604.59..67604.59 rows=789769 width=4) (actual time=1489.774..1489.774 rows=784926 loops=1)
        Buckets: 131072  Batches: 16  Memory Usage: 2749kB
        ->  Seq Scan on title t  (cost=0.00..67604.59 rows=789769 width=4) (actual time=0.011..1236.120 rows=784926 loops=1)
              Filter: (production_year > 2007)
              Rows Removed by Filter: 1743386
Planning time: 0.745 ms
Execution time: 2580.607 ms
