Hash Join  (cost=102767.86..1154248.54 rows=13967602 width=0) (actual time=2013.220..26926.261 rows=14149495 loops=1)
  Hash Cond: (ci.movie_id = t.id)
  ->  Seq Scan on cast_info ci  (cost=0.00..705507.15 rows=13967602 width=4) (actual time=0.024..13612.282 rows=14149495 loops=1)
        Filter: (person_id > 2250529)
        Rows Removed by Filter: 22094849
  ->  Hash  (cost=61283.27..61283.27 rows=2528527 width=4) (actual time=2012.146..2012.146 rows=2528312 loops=1)
        Buckets: 131072  Batches: 64  Memory Usage: 2415kB
        ->  Seq Scan on title t  (cost=0.00..61283.27 rows=2528527 width=4) (actual time=0.016..1171.199 rows=2528312 loops=1)
Planning time: 0.778 ms
Execution time: 28490.204 ms
