Seq Scan on movie_keyword mk  (cost=0.00..81003.12 rows=2310250 width=0) (actual time=0.024..1512.917 rows=2315952 loops=1)
  Filter: (keyword_id < 5008)
  Rows Removed by Filter: 2207978
Planning time: 0.321 ms
Execution time: 1791.873 ms
