Hash Join  (cost=458185.67..1258472.88 rows=27012 width=0) (actual time=11683.430..21319.864 rows=8326 loops=1)
  Hash Cond: (ci.movie_id = t.id)
  ->  Seq Scan on cast_info ci  (cost=0.00..796071.18 rows=248242 width=4) (actual time=4198.538..13780.239 rows=83444 loops=1)
        Filter: ((person_id < 2653874) AND (role_id > 10))
        Rows Removed by Filter: 36160900
  ->  Hash  (cost=453671.49..453671.49 rows=275134 width=8) (actual time=7482.930..7482.930 rows=127537 loops=1)
        Buckets: 131072  Batches: 4  Memory Usage: 2271kB
        ->  Hash Join  (cost=92883.59..453671.49 rows=275134 width=8) (actual time=3137.961..7444.385 rows=127537 loops=1)
              Hash Cond: (mi.movie_id = t.id)
              ->  Seq Scan on movie_info mi  (cost=0.00..346232.03 rows=451508 width=4) (actual time=1320.983..5113.013 rows=474443 loops=1)
                    Filter: (info_type_id = 6)
                    Rows Removed by Filter: 14361277
              ->  Hash  (cost=67604.59..67604.59 rows=1540800 width=4) (actual time=1815.782..1815.782 rows=1543264 loops=1)
                    Buckets: 131072  Batches: 32  Memory Usage: 2728kB
                    ->  Seq Scan on title t  (cost=0.00..67604.59 rows=1540800 width=4) (actual time=0.030..1304.587 rows=1543264 loops=1)
                          Filter: (kind_id = 7)
                          Rows Removed by Filter: 985048
Planning time: 1.141 ms
Execution time: 21321.105 ms
