Seq Scan on title t  (cost=0.00..73925.90 rows=5207 width=0) (actual time=0.049..1243.594 rows=7360 loops=1)
  Filter: ((kind_id > 2) AND (production_year = 1963))
  Rows Removed by Filter: 2520952
Planning time: 0.398 ms
Execution time: 1245.538 ms
