Hash Join  (cost=58375.79..854622.91 rows=364 width=0) (actual time=1126.034..17637.755 rows=3137 loops=1)
  Hash Cond: (ci.movie_id = t.id)
  ->  Seq Scan on cast_info ci  (cost=0.00..705507.15 rows=24196354 width=4) (actual time=0.032..12732.958 rows=24158388 loops=1)
        Filter: (person_id < 2478095)
        Rows Removed by Filter: 12085956
  ->  Hash  (cost=58375.31..58375.31 rows=38 width=8) (actual time=839.468..839.468 rows=288 loops=1)
        Buckets: 1024  Batches: 1  Memory Usage: 20kB
        ->  Nested Loop  (cost=0.43..58375.31 rows=38 width=8) (actual time=340.647..839.253 rows=288 loops=1)
              ->  Seq Scan on movie_companies mc  (cost=0.00..57926.93 rows=53 width=4) (actual time=340.589..830.747 rows=288 loops=1)
                    Filter: ((company_id = 5144) AND (company_type_id = 2))
                    Rows Removed by Filter: 2608841
              ->  Index Scan using title_pkey on title t  (cost=0.43..8.45 rows=1 width=4) (actual time=0.028..0.029 rows=1 loops=288)
                    Index Cond: (id = mc.movie_id)
                    Filter: (production_year < 2009)
Planning time: 1.225 ms
Execution time: 17638.826 ms
