Hash Join  (cost=74179.22..827871.70 rows=290332 width=0) (actual time=973.219..18075.593 rows=251622 loops=1)
  Hash Cond: (ci.movie_id = t.id)
  ->  Seq Scan on cast_info ci  (cost=0.00..614943.12 rows=36225612 width=4) (actual time=0.021..8632.522 rows=36244344 loops=1)
  ->  Hash  (cost=73925.90..73925.90 rows=20265 width=4) (actual time=972.633..972.633 rows=13840 loops=1)
        Buckets: 32768  Batches: 1  Memory Usage: 743kB
        ->  Seq Scan on title t  (cost=0.00..73925.90 rows=20265 width=4) (actual time=0.170..967.149 rows=13840 loops=1)
              Filter: ((kind_id < 3) AND (production_year = 2003))
              Rows Removed by Filter: 2514472
Planning time: 0.818 ms
Execution time: 18119.662 ms
