Hash Join  (cost=82213.80..164449.46 rows=521213 width=0) (actual time=1293.914..3629.364 rows=751393 loops=1)
  Hash Cond: (mc.movie_id = t.id)
  ->  Seq Scan on movie_companies mc  (cost=0.00..44881.29 rows=2609129 width=4) (actual time=0.024..936.911 rows=2609129 loops=1)
  ->  Hash  (cost=73925.90..73925.90 rows=505112 width=4) (actual time=1292.985..1292.985 rows=392485 loops=1)
        Buckets: 131072  Batches: 8  Memory Usage: 2748kB
        ->  Seq Scan on title t  (cost=0.00..73925.90 rows=505112 width=4) (actual time=0.019..1169.249 rows=392485 loops=1)
              Filter: ((kind_id < 4) AND (production_year > 1998))
              Rows Removed by Filter: 2135827
Planning time: 0.792 ms
Execution time: 3717.206 ms
