Hash Join  (cost=88257.79..889851.96 rows=48525 width=0) (actual time=5839.009..13274.541 rows=535367 loops=1)
  Hash Cond: (ci.movie_id = t.id)
  ->  Seq Scan on cast_info ci  (cost=0.00..796071.18 rows=140464 width=4) (actual time=4002.901..10617.248 rows=1034192 loops=1)
        Filter: ((person_id > 3828779) AND (role_id = 10))
        Rows Removed by Filter: 35210152
  ->  Hash  (cost=73925.90..73925.90 rows=873511 width=4) (actual time=1835.083..1835.083 rows=957299 loops=1)
        Buckets: 131072  Batches: 16  Memory Usage: 3134kB
        ->  Seq Scan on title t  (cost=0.00..73925.90 rows=873511 width=4) (actual time=0.023..1270.075 rows=957299 loops=1)
              Filter: ((production_year > 1999) AND (kind_id = 7))
              Rows Removed by Filter: 1571013
Planning time: 0.877 ms
Execution time: 13344.132 ms
