Hash Join  (cost=52284.99..416946.98 rows=606 width=0) (actual time=820.126..7882.995 rows=35906 loops=1)
  Hash Cond: (mi.movie_id = t.id)
  ->  Seq Scan on movie_info mi  (cost=0.00..309384.22 rows=14739122 width=4) (actual time=0.012..4167.184 rows=14835720 loops=1)
  ->  Hash  (cost=52283.69..52283.69 rows=104 width=8) (actual time=818.590..818.590 rows=750 loops=1)
        Buckets: 1024  Batches: 1  Memory Usage: 38kB
        ->  Nested Loop  (cost=0.43..52283.69 rows=104 width=8) (actual time=1.586..818.091 rows=750 loops=1)
              ->  Seq Scan on movie_companies mc  (cost=0.00..51404.11 rows=104 width=4) (actual time=1.516..794.023 rows=750 loops=1)
                    Filter: (company_id = 1627)
                    Rows Removed by Filter: 2608379
              ->  Index Only Scan using title_pkey on title t  (cost=0.43..8.45 rows=1 width=4) (actual time=0.030..0.031 rows=1 loops=750)
                    Index Cond: (id = mc.movie_id)
                    Heap Fetches: 750
Planning time: 1.219 ms
Execution time: 7889.182 ms
