Hash Join  (cost=83073.54..109984.57 rows=54 width=0) (actual time=1277.445..1873.801 rows=4861 loops=1)
  Hash Cond: (mi_idx.movie_id = t.id)
  ->  Seq Scan on movie_info_idx mi_idx  (cost=0.00..21735.35 rows=1380035 width=4) (actual time=0.017..311.759 rows=1380035 loops=1)
  ->  Hash  (cost=83072.29..83072.29 rows=100 width=8) (actual time=1276.056..1276.056 rows=2042 loops=1)
        Buckets: 2048 (originally 1024)  Batches: 1 (originally 1)  Memory Usage: 96kB
        ->  Nested Loop  (cost=0.43..83072.29 rows=100 width=8) (actual time=0.366..1274.625 rows=2042 loops=1)
              ->  Seq Scan on movie_keyword mk  (cost=0.00..81003.12 rows=246 width=4) (actual time=0.317..1187.917 rows=3050 loops=1)
                    Filter: (keyword_id = 2273)
                    Rows Removed by Filter: 4520880
              ->  Index Scan using title_pkey on title t  (cost=0.43..8.40 rows=1 width=4) (actual time=0.027..0.028 rows=1 loops=3050)
                    Index Cond: (id = mk.movie_id)
                    Filter: (production_year < 2000)
                    Rows Removed by Filter: 0
Planning time: 2.351 ms
Execution time: 1874.713 ms
