Seq Scan on movie_keyword mk  (cost=0.00..81003.12 rows=2863000 width=0) (actual time=0.021..1580.219 rows=2848025 loops=1)
  Filter: (keyword_id > 2567)
  Rows Removed by Filter: 1675905
Planning time: 0.239 ms
Execution time: 1941.782 ms
