Hash Join  (cost=108425.96..918937.87 rows=75618 width=0) (actual time=2243.396..13700.104 rows=173236 loops=1)
  Hash Cond: (ci.movie_id = t.id)
  ->  Seq Scan on cast_info ci  (cost=0.00..796071.18 rows=3649217 width=4) (actual time=321.033..10721.853 rows=3887616 loops=1)
        Filter: ((person_id < 389715) AND (role_id < 10))
        Rows Removed by Filter: 32356728
  ->  Hash  (cost=107771.02..107771.02 rows=52395 width=8) (actual time=1921.918..1921.918 rows=57870 loops=1)
        Buckets: 65536  Batches: 1  Memory Usage: 2773kB
        ->  Hash Join  (cost=69179.59..107771.02 rows=52395 width=8) (actual time=1136.748..1903.598 rows=57870 loops=1)
              Hash Cond: (mi_idx.movie_id = t.id)
              ->  Seq Scan on movie_info_idx mi_idx  (cost=0.00..21735.35 rows=1380035 width=4) (actual time=0.024..296.278 rows=1380035 loops=1)
              ->  Hash  (cost=67604.59..67604.59 rows=96000 width=4) (actual time=1135.929..1135.929 rows=95005 loops=1)
                    Buckets: 131072  Batches: 2  Memory Usage: 2716kB
                    ->  Seq Scan on title t  (cost=0.00..67604.59 rows=96000 width=4) (actual time=0.031..1098.777 rows=95005 loops=1)
                          Filter: (production_year = 2005)
                          Rows Removed by Filter: 2433307
Planning time: 1.273 ms
Execution time: 13723.102 ms
