Hash Join  (cost=102767.86..191963.03 rows=888876 width=0) (actual time=2495.038..4325.171 rows=567933 loops=1)
  Hash Cond: (mc.movie_id = t.id)
  ->  Seq Scan on movie_companies mc  (cost=0.00..57926.93 rows=888876 width=4) (actual time=547.382..1091.782 rows=567933 loops=1)
        Filter: ((company_id < 23512) AND (company_type_id > 1))
        Rows Removed by Filter: 2041196
  ->  Hash  (cost=61283.27..61283.27 rows=2528527 width=4) (actual time=1946.470..1946.470 rows=2528312 loops=1)
        Buckets: 131072  Batches: 64  Memory Usage: 2415kB
        ->  Seq Scan on title t  (cost=0.00..61283.27 rows=2528527 width=4) (actual time=0.047..1067.589 rows=2528312 loops=1)
Planning time: 0.734 ms
Execution time: 4388.533 ms
