Hash Join  (cost=222778.43..1398759.89 rows=13840427 width=0) (actual time=5574.547..62370.148 rows=107782481 loops=1)
  Hash Cond: (ci.movie_id = t.id)
  ->  Seq Scan on cast_info ci  (cost=0.00..614943.12 rows=36225612 width=4) (actual time=0.014..13280.301 rows=36244344 loops=1)
  ->  Hash  (cost=206928.76..206928.76 rows=966054 width=8) (actual time=5573.774..5573.774 rows=2090273 loops=1)
        Buckets: 131072 (originally 131072)  Batches: 32 (originally 16)  Memory Usage: 3563kB
        ->  Hash Join  (cost=83810.17..206928.76 rows=966054 width=8) (actual time=1491.961..4973.100 rows=2090273 loops=1)
              Hash Cond: (mk.movie_id = t.id)
              ->  Seq Scan on movie_keyword mk  (cost=0.00..81003.12 rows=2473045 width=4) (actual time=0.019..1653.909 rows=2465197 loops=1)
                    Filter: (keyword_id > 3660)
                    Rows Removed by Filter: 2058733
              ->  Hash  (cost=67604.59..67604.59 rows=987727 width=4) (actual time=1490.419..1490.419 rows=985048 loops=1)
                    Buckets: 131072  Batches: 16  Memory Usage: 3197kB
                    ->  Seq Scan on title t  (cost=0.00..67604.59 rows=987727 width=4) (actual time=0.023..1186.592 rows=985048 loops=1)
                          Filter: (kind_id < 7)
                          Rows Removed by Filter: 1543264
Planning time: 1.126 ms
Execution time: 74314.381 ms
