Seq Scan on movie_keyword mk  (cost=0.00..81003.12 rows=1836565 width=0) (actual time=0.018..1431.532 rows=1844796 loops=1)
  Filter: (keyword_id < 3061)
  Rows Removed by Filter: 2679134
Planning time: 0.243 ms
Execution time: 1659.108 ms
