Hash Join  (cost=102767.86..222061.29 rows=2410789 width=0) (actual time=1836.271..5249.994 rows=2412549 loops=1)
  Hash Cond: (mc.movie_id = t.id)
  ->  Seq Scan on movie_companies mc  (cost=0.00..51404.11 rows=2410789 width=4) (actual time=0.019..1119.114 rows=2412549 loops=1)
        Filter: (company_id > 52)
        Rows Removed by Filter: 196580
  ->  Hash  (cost=61283.27..61283.27 rows=2528527 width=4) (actual time=1835.228..1835.228 rows=2528312 loops=1)
        Buckets: 131072  Batches: 64  Memory Usage: 2415kB
        ->  Seq Scan on title t  (cost=0.00..61283.27 rows=2528527 width=4) (actual time=0.015..992.609 rows=2528312 loops=1)
Planning time: 0.613 ms
Execution time: 5502.014 ms
