Hash Join  (cost=248639.66..1512852.16 rows=17559522 width=0) (actual time=5878.338..50650.963 rows=53236141 loops=1)
  Hash Cond: (ci.movie_id = t.id)
  ->  Seq Scan on cast_info ci  (cost=0.00..705507.15 rows=32674702 width=4) (actual time=0.021..16663.593 rows=32693996 loops=1)
        Filter: (person_id < 3417434)
        Rows Removed by Filter: 3550348
  ->  Hash  (cost=226346.15..226346.15 rows=1358841 width=8) (actual time=5876.838..5876.838 rows=1372359 loops=1)
        Buckets: 131072  Batches: 32  Memory Usage: 2690kB
        ->  Hash Join  (cost=102767.86..226346.15 rows=1358841 width=8) (actual time=2458.558..5490.078 rows=1372359 loops=1)
              Hash Cond: (mk.movie_id = t.id)
              ->  Seq Scan on movie_keyword mk  (cost=0.00..81003.12 rows=1358841 width=4) (actual time=0.021..1562.717 rows=1372359 loops=1)
                    Filter: (keyword_id > 12169)
                    Rows Removed by Filter: 3151571
              ->  Hash  (cost=61283.27..61283.27 rows=2528527 width=4) (actual time=2457.285..2457.285 rows=2528312 loops=1)
                    Buckets: 131072  Batches: 64  Memory Usage: 2425kB
                    ->  Seq Scan on title t  (cost=0.00..61283.27 rows=2528527 width=4) (actual time=0.020..1237.646 rows=2528312 loops=1)
Planning time: 3.080 ms
Execution time: 56238.684 ms
