Hash Join  (cost=102767.86..605740.91 rows=6103325 width=0) (actual time=1976.811..13134.537 rows=6083429 loops=1)
  Hash Cond: (mi.movie_id = t.id)
  ->  Seq Scan on movie_info mi  (cost=0.00..346232.03 rows=6103325 width=4) (actual time=0.026..6429.597 rows=6083429 loops=1)
        Filter: (info_type_id > 9)
        Rows Removed by Filter: 8752291
  ->  Hash  (cost=61283.27..61283.27 rows=2528527 width=4) (actual time=1975.620..1975.620 rows=2528312 loops=1)
        Buckets: 131072  Batches: 64  Memory Usage: 2425kB
        ->  Seq Scan on title t  (cost=0.00..61283.27 rows=2528527 width=4) (actual time=0.019..1136.983 rows=2528312 loops=1)
Planning time: 0.819 ms
Execution time: 13736.755 ms
