Hash Join  (cost=116755.80..601583.64 rows=470592 width=0) (actual time=1941.717..12608.914 rows=125880 loops=1)
  Hash Cond: (mi.movie_id = t.id)
  ->  Seq Scan on movie_info mi  (cost=0.00..309384.22 rows=14739122 width=4) (actual time=0.024..5851.778 rows=14835720 loops=1)
  ->  Hash  (cost=115430.66..115430.66 rows=80731 width=8) (actual time=1927.850..1927.850 rows=11709 loops=1)
        Buckets: 131072  Batches: 2  Memory Usage: 1263kB
        ->  Hash Join  (cost=76352.87..115430.66 rows=80731 width=8) (actual time=1014.291..1922.306 rows=11709 loops=1)
              Hash Cond: (mi_idx.movie_id = t.id)
              ->  Seq Scan on movie_info_idx mi_idx  (cost=0.00..21735.35 rows=1380035 width=4) (actual time=0.005..464.101 rows=1380035 loops=1)
              ->  Hash  (cost=73925.90..73925.90 rows=147917 width=4) (actual time=1012.326..1012.326 rows=46427 loops=1)
                    Buckets: 131072  Batches: 2  Memory Usage: 1840kB
                    ->  Seq Scan on title t  (cost=0.00..73925.90 rows=147917 width=4) (actual time=280.163..990.040 rows=46427 loops=1)
                          Filter: ((production_year < 1960) AND (kind_id = 7))
                          Rows Removed by Filter: 2481885
Planning time: 1.151 ms
Execution time: 12625.237 ms
