Hash Join  (cost=135984.04..966031.67 rows=4459 width=0) (actual time=2510.631..16432.812 rows=13301 loops=1)
  Hash Cond: (ci.movie_id = t.id)
  ->  Seq Scan on cast_info ci  (cost=0.00..796071.18 rows=9048497 width=4) (actual time=8.731..13198.876 rows=3863014 loops=1)
        Filter: ((person_id < 1372658) AND (role_id > 1))
        Rows Removed by Filter: 32381330
  ->  Hash  (cost=135968.46..135968.46 rows=1246 width=8) (actual time=2501.393..2501.393 rows=5405 loops=1)
        Buckets: 8192 (originally 2048)  Batches: 1 (originally 1)  Memory Usage: 276kB
        ->  Hash Join  (cost=73962.22..135968.46 rows=1246 width=8) (actual time=1370.903..2498.975 rows=5405 loops=1)
              Hash Cond: (mc.movie_id = t.id)
              ->  Seq Scan on movie_companies mc  (cost=0.00..57926.93 rows=1084493 width=4) (actual time=163.640..1078.892 rows=1211307 loops=1)
                    Filter: ((company_id > 419) AND (company_type_id > 1))
                    Rows Removed by Filter: 1397822
              ->  Hash  (cost=73925.90..73925.90 rows=2905 width=4) (actual time=1207.165..1207.165 rows=6548 loops=1)
                    Buckets: 8192 (originally 4096)  Batches: 1 (originally 1)  Memory Usage: 295kB
                    ->  Seq Scan on title t  (cost=0.00..73925.90 rows=2905 width=4) (actual time=1.779..1203.810 rows=6548 loops=1)
                          Filter: ((kind_id < 7) AND (production_year = 1979))
                          Rows Removed by Filter: 2521764
Planning time: 1.352 ms
Execution time: 16435.989 ms
