Hash Join  (cost=180367.80..675225.24 rows=1410551 width=0) (actual time=3747.939..19439.834 rows=7755555 loops=1)
  Hash Cond: (mi.movie_id = t.id)
  ->  Seq Scan on movie_info mi  (cost=0.00..309384.22 rows=14739122 width=4) (actual time=0.019..6072.679 rows=14835720 loops=1)
  ->  Hash  (cost=176397.02..176397.02 rows=241983 width=8) (actual time=3746.263..3746.263 rows=478905 loops=1)
        Buckets: 131072 (originally 131072)  Batches: 8 (originally 4)  Memory Usage: 3386kB
        ->  Hash Join  (cost=102767.86..176397.02 rows=241983 width=8) (actual time=1780.826..3591.278 rows=478905 loops=1)
              Hash Cond: (mc.movie_id = t.id)
              ->  Seq Scan on movie_companies mc  (cost=0.00..57926.93 rows=241983 width=4) (actual time=0.016..982.968 rows=478905 loops=1)
                    Filter: ((company_id > 75400) AND (company_type_id > 1))
                    Rows Removed by Filter: 2130224
              ->  Hash  (cost=61283.27..61283.27 rows=2528527 width=4) (actual time=1779.376..1779.376 rows=2528312 loops=1)
                    Buckets: 131072  Batches: 64  Memory Usage: 2415kB
                    ->  Seq Scan on title t  (cost=0.00..61283.27 rows=2528527 width=4) (actual time=0.027..974.510 rows=2528312 loops=1)
Planning time: 1.256 ms
Execution time: 20374.826 ms
