Hash Join  (cost=834972.39..3598779.54 rows=133144486 width=0) (actual time=19945.506..141489.493 rows=343361558 loops=1)
  Hash Cond: (ci.movie_id = t.id)
  ->  Seq Scan on cast_info ci  (cost=0.00..614943.12 rows=36225612 width=4) (actual time=0.011..14060.714 rows=36244344 loops=1)
  ->  Hash  (cost=682501.78..682501.78 rows=9293409 width=8) (actual time=19944.539..19944.539 rows=9425200 loops=1)
        Buckets: 131072 (originally 131072)  Batches: 256 (originally 128)  Memory Usage: 3891kB
        ->  Hash Join  (cost=102767.86..682501.78 rows=9293409 width=8) (actual time=2078.933..17296.433 rows=9425200 loops=1)
              Hash Cond: (mi.movie_id = t.id)
              ->  Seq Scan on movie_info mi  (cost=0.00..346232.03 rows=9293409 width=4) (actual time=111.882..7050.569 rows=9425200 loops=1)
                    Filter: (info_type_id > 5)
                    Rows Removed by Filter: 5410520
              ->  Hash  (cost=61283.27..61283.27 rows=2528527 width=4) (actual time=1965.384..1965.384 rows=2528312 loops=1)
                    Buckets: 131072  Batches: 64  Memory Usage: 2425kB
                    ->  Seq Scan on title t  (cost=0.00..61283.27 rows=2528527 width=4) (actual time=0.027..1069.738 rows=2528312 loops=1)
Planning time: 1.222 ms
Execution time: 178526.172 ms
