Hash Join  (cost=232142.88..779987.94 rows=6376512 width=0) (actual time=5741.338..54542.327 rows=164989158 loops=1)
  Hash Cond: (mi.movie_id = t.id)
  ->  Seq Scan on movie_info mi  (cost=0.00..309384.22 rows=14739122 width=4) (actual time=0.012..6521.625 rows=14835720 loops=1)
  ->  Hash  (cost=214195.08..214195.08 rows=1093904 width=8) (actual time=5738.707..5738.707 rows=2328243 loops=1)
        Buckets: 131072 (originally 131072)  Batches: 32 (originally 16)  Memory Usage: 3942kB
        ->  Hash Join  (cost=81720.25..214195.08 rows=1093904 width=8) (actual time=1500.009..5169.819 rows=2328243 loops=1)
              Hash Cond: (mk.movie_id = t.id)
              ->  Seq Scan on movie_keyword mk  (cost=0.00..81003.12 rows=3214845 width=4) (actual time=0.021..1727.241 rows=3205705 loops=1)
                    Filter: (keyword_id > 1727)
                    Rows Removed by Filter: 1318225
              ->  Hash  (cost=67604.59..67604.59 rows=860373 width=4) (actual time=1498.712..1498.712 rows=854214 loops=1)
                    Buckets: 131072  Batches: 16  Memory Usage: 2906kB
                    ->  Seq Scan on title t  (cost=0.00..67604.59 rows=860373 width=4) (actual time=0.008..1221.767 rows=854214 loops=1)
                          Filter: (kind_id < 4)
                          Rows Removed by Filter: 1674098
Planning time: 1.049 ms
Execution time: 72319.013 ms
