Hash Join  (cost=83810.17..440886.10 rows=176374 width=0) (actual time=1980.354..7106.628 rows=346906 loops=1)
  Hash Cond: (mi.movie_id = t.id)
  ->  Seq Scan on movie_info mi  (cost=0.00..346232.03 rows=451508 width=4) (actual time=521.085..5167.322 rows=474443 loops=1)
        Filter: (info_type_id = 6)
        Rows Removed by Filter: 14361277
  ->  Hash  (cost=67604.59..67604.59 rows=987727 width=4) (actual time=1458.446..1458.446 rows=985048 loops=1)
        Buckets: 131072  Batches: 16  Memory Usage: 3197kB
        ->  Seq Scan on title t  (cost=0.00..67604.59 rows=987727 width=4) (actual time=0.033..1132.479 rows=985048 loops=1)
              Filter: (kind_id < 7)
              Rows Removed by Filter: 1543264
Planning time: 0.763 ms
Execution time: 7145.673 ms
