Seq Scan on movie_companies mc  (cost=0.00..51404.11 rows=104 width=0) (actual time=449.548..799.780 rows=1 loops=1)
  Filter: (company_id = 234541)
  Rows Removed by Filter: 2609128
Planning time: 1.883 ms
Execution time: 799.854 ms
