Seq Scan on movie_keyword mk  (cost=0.00..81003.12 rows=1282325 width=0) (actual time=0.015..1407.231 rows=1292579 loops=1)
  Filter: (keyword_id > 13669)
  Rows Removed by Filter: 3231351
Planning time: 0.266 ms
Execution time: 1573.010 ms
