Hash Join  (cost=127728.59..206379.65 rows=261254 width=0) (actual time=2454.499..4448.247 rows=303825 loops=1)
  Hash Cond: (mc.movie_id = t.id)
  ->  Seq Scan on movie_companies mc  (cost=0.00..44881.29 rows=2609129 width=4) (actual time=0.024..905.316 rows=2609129 loops=1)
  ->  Hash  (cost=123574.80..123574.80 rows=253183 width=8) (actual time=2453.370..2453.370 rows=124125 loops=1)
        Buckets: 131072  Batches: 4  Memory Usage: 2215kB
        ->  Hash Join  (cost=81537.49..123574.80 rows=253183 width=8) (actual time=1338.579..2413.415 rows=124125 loops=1)
              Hash Cond: (mi_idx.movie_id = t.id)
              ->  Seq Scan on movie_info_idx mi_idx  (cost=0.00..21735.35 rows=1380035 width=4) (actual time=0.020..380.501 rows=1380035 loops=1)
              ->  Hash  (cost=73925.90..73925.90 rows=463887 width=4) (actual time=1337.270..1337.270 rows=480042 loops=1)
                    Buckets: 131072  Batches: 8  Memory Usage: 3133kB
                    ->  Seq Scan on title t  (cost=0.00..73925.90 rows=463887 width=4) (actual time=0.015..1188.015 rows=480042 loops=1)
                          Filter: ((kind_id > 2) AND (production_year > 2008))
                          Rows Removed by Filter: 2048270
Planning time: 1.190 ms
Execution time: 4486.014 ms
