Seq Scan on movie_info_idx mi_idx  (cost=0.00..25185.44 rows=368 width=0) (actual time=114.546..409.335 rows=250 loops=1)
  Filter: (info_type_id = 112)
  Rows Removed by Filter: 1379785
Planning time: 0.300 ms
Execution time: 409.439 ms
