Hash Join  (cost=160103.04..552616.43 rows=817264 width=0) (actual time=3574.078..11078.329 rows=788506 loops=1)
  Hash Cond: (mi.movie_id = t.id)
  ->  Seq Scan on movie_info mi  (cost=0.00..346232.03 rows=3068194 width=4) (actual time=112.732..5735.945 rows=3036719 loops=1)
        Filter: (info_type_id = 16)
        Rows Removed by Filter: 11799001
  ->  Hash  (cost=149053.12..149053.12 rows=673514 width=8) (actual time=3460.279..3460.279 rows=500090 loops=1)
        Buckets: 131072  Batches: 16  Memory Usage: 2260kB
        ->  Hash Join  (cost=98137.04..149053.12 rows=673514 width=8) (actual time=1879.515..3325.187 rows=500090 loops=1)
              Hash Cond: (mi_idx.movie_id = t.id)
              ->  Seq Scan on movie_info_idx mi_idx  (cost=0.00..25185.44 rows=915101 width=4) (actual time=0.022..560.197 rows=919850 loops=1)
                    Filter: (info_type_id < 101)
                    Rows Removed by Filter: 460185
              ->  Hash  (cost=67604.59..67604.59 rows=1860996 width=4) (actual time=1878.538..1878.538 rows=1865487 loops=1)
                    Buckets: 131072  Batches: 32  Memory Usage: 3079kB
                    ->  Seq Scan on title t  (cost=0.00..67604.59 rows=1860996 width=4) (actual time=0.023..1288.712 rows=1865487 loops=1)
                          Filter: (kind_id > 1)
                          Rows Removed by Filter: 662825
Planning time: 1.182 ms
Execution time: 11166.703 ms
