Hash Join  (cost=206771.77..738938.37 rows=2555631 width=0) (actual time=4215.392..16786.223 rows=929429 loops=1)
  Hash Cond: (mi.movie_id = t.id)
  ->  Seq Scan on movie_info mi  (cost=0.00..346232.03 rows=13711268 width=4) (actual time=0.011..6792.662 rows=13746208 loops=1)
        Filter: (info_type_id < 70)
        Rows Removed by Filter: 1089512
  ->  Hash  (cost=199039.64..199039.64 rows=471290 width=8) (actual time=3914.677..3914.677 rows=88610 loops=1)
        Buckets: 131072  Batches: 8  Memory Usage: 1447kB
        ->  Hash Join  (cost=81437.64..199039.64 rows=471290 width=8) (actual time=2314.349..3887.843 rows=88610 loops=1)
              Hash Cond: (mk.movie_id = t.id)
              ->  Seq Scan on movie_keyword mk  (cost=0.00..81003.12 rows=2602927 width=4) (actual time=0.008..1599.311 rows=2591101 loops=1)
                    Filter: (keyword_id < 6898)
                    Rows Removed by Filter: 1932829
              ->  Hash  (cost=73925.90..73925.90 rows=457819 width=4) (actual time=1220.015..1220.015 rows=344212 loops=1)
                    Buckets: 131072  Batches: 8  Memory Usage: 2529kB
                    ->  Seq Scan on title t  (cost=0.00..73925.90 rows=457819 width=4) (actual time=352.358..1110.130 rows=344212 loops=1)
                          Filter: ((production_year < 1993) AND (kind_id = 7))
                          Rows Removed by Filter: 2184100
Planning time: 1.278 ms
Execution time: 16893.872 ms
