Hash Join  (cost=85894.26..520178.06 rows=1701320 width=0) (actual time=3942.096..10812.562 rows=683082 loops=1)
  Hash Cond: (mi.movie_id = t.id)
  ->  Seq Scan on movie_info mi  (cost=0.00..346232.03 rows=5897221 width=4) (actual time=2374.679..6006.255 rows=5884963 loops=1)
        Filter: (info_type_id < 7)
        Rows Removed by Filter: 8950757
  ->  Hash  (cost=73925.90..73925.90 rows=729468 width=4) (actual time=1566.364..1566.364 rows=638430 loops=1)
        Buckets: 131072  Batches: 16  Memory Usage: 2431kB
        ->  Seq Scan on title t  (cost=0.00..73925.90 rows=729468 width=4) (actual time=40.946..1354.038 rows=638430 loops=1)
              Filter: ((production_year < 2003) AND (kind_id = 7))
              Rows Removed by Filter: 1889882
Planning time: 0.817 ms
Execution time: 10894.352 ms
