Hash Join  (cost=83074.74..804788.00 rows=420 width=0) (actual time=3539.024..14933.039 rows=24193 loops=1)
  Hash Cond: (ci.movie_id = t.id)
  ->  Seq Scan on cast_info ci  (cost=0.00..705507.15 rows=4320508 width=4) (actual time=2314.623..13016.133 rows=4323018 loops=1)
        Filter: (role_id = 10)
        Rows Removed by Filter: 31921326
  ->  Hash  (cost=83071.67..83071.67 rows=246 width=8) (actual time=1224.130..1224.130 rows=876 loops=1)
        Buckets: 1024  Batches: 1  Memory Usage: 43kB
        ->  Nested Loop  (cost=0.43..83071.67 rows=246 width=8) (actual time=2.708..1223.478 rows=876 loops=1)
              ->  Seq Scan on movie_keyword mk  (cost=0.00..81003.12 rows=246 width=4) (actual time=2.590..1192.906 rows=876 loops=1)
                    Filter: (keyword_id = 1748)
                    Rows Removed by Filter: 4523054
              ->  Index Only Scan using title_pkey on title t  (cost=0.43..8.40 rows=1 width=4) (actual time=0.033..0.033 rows=1 loops=876)
                    Index Cond: (id = mk.movie_id)
                    Heap Fetches: 876
Planning time: 1.134 ms
Execution time: 14937.711 ms
