Hash Join  (cost=74574.97..832803.30 rows=743917 width=0) (actual time=1303.238..22519.932 rows=700082 loops=1)
  Hash Cond: (ci.movie_id = t.id)
  ->  Seq Scan on cast_info ci  (cost=0.00..614943.12 rows=36225612 width=4) (actual time=0.012..9144.692 rows=36244344 loops=1)
  ->  Hash  (cost=73925.90..73925.90 rows=51925 width=4) (actual time=1302.940..1302.940 rows=56480 loops=1)
        Buckets: 65536  Batches: 1  Memory Usage: 2498kB
        ->  Seq Scan on title t  (cost=0.00..73925.90 rows=51925 width=4) (actual time=0.018..1278.600 rows=56480 loops=1)
              Filter: ((kind_id = 7) AND (production_year = 2004))
              Rows Removed by Filter: 2471832
Planning time: 0.566 ms
Execution time: 22621.655 ms
