Nested Loop  (cost=0.43..28267.64 rows=91 width=0) (actual time=378.833..420.846 rows=258 loops=1)
  ->  Seq Scan on movie_info_idx mi_idx  (cost=0.00..25185.44 rows=368 width=4) (actual time=378.752..415.317 rows=260 loops=1)
        Filter: (info_type_id > 101)
        Rows Removed by Filter: 1379775
  ->  Index Scan using title_pkey on title t  (cost=0.43..8.37 rows=1 width=4) (actual time=0.020..0.021 rows=1 loops=260)
        Index Cond: (id = mi_idx.movie_id)
        Filter: ((production_year > 1923) AND (kind_id = 1))
        Rows Removed by Filter: 0
Planning time: 0.595 ms
Execution time: 420.992 ms
