Seq Scan on movie_keyword mk  (cost=0.00..81003.12 rows=246 width=0) (actual time=1.352..1311.262 rows=2365 loops=1)
  Filter: (keyword_id = 1884)
  Rows Removed by Filter: 4521565
Planning time: 0.375 ms
Execution time: 1312.025 ms
