Nested Loop  (cost=0.43..797958.22 rows=165 width=0) (actual time=1224.610..13097.561 rows=62 loops=1)
  ->  Seq Scan on cast_info ci  (cost=0.00..796071.18 rows=224 width=4) (actual time=1224.519..13086.014 rows=64 loops=1)
        Filter: ((role_id > 2) AND (person_id = 520421))
        Rows Removed by Filter: 36244280
  ->  Index Scan using title_pkey on title t  (cost=0.43..8.41 rows=1 width=4) (actual time=0.179..0.179 rows=1 loops=64)
        Index Cond: (id = ci.movie_id)
        Filter: (kind_id > 1)
        Rows Removed by Filter: 0
Planning time: 0.792 ms
Execution time: 13097.699 ms
