Seq Scan on cast_info ci  (cost=0.00..705507.15 rows=32417719 width=0) (actual time=0.021..13737.239 rows=32556881 loops=1)
  Filter: (person_id > 353216)
  Rows Removed by Filter: 3687463
Planning time: 0.351 ms
Execution time: 17734.442 ms
