Hash Join  (cost=93408.25..689461.12 rows=9167904 width=0) (actual time=1759.737..17918.885 rows=8044388 loops=1)
  Hash Cond: (mi.movie_id = t.id)
  ->  Seq Scan on movie_info mi  (cost=0.00..309384.22 rows=14739122 width=4) (actual time=0.023..5913.235 rows=14835720 loops=1)
  ->  Hash  (cost=67604.59..67604.59 rows=1572773 width=4) (actual time=1758.461..1758.461 rows=1570568 loops=1)
        Buckets: 131072  Batches: 32  Memory Usage: 2759kB
        ->  Seq Scan on title t  (cost=0.00..67604.59 rows=1572773 width=4) (actual time=0.023..1232.705 rows=1570568 loops=1)
              Filter: (production_year > 1996)
              Rows Removed by Filter: 957744
Planning time: 1.257 ms
Execution time: 18831.114 ms
