Hash Join  (cost=140191.58..625966.38 rows=559387 width=0) (actual time=3466.785..16938.277 rows=4845167 loops=1)
  Hash Cond: (mi.movie_id = t.id)
  ->  Seq Scan on movie_info mi  (cost=0.00..309384.22 rows=14739122 width=4) (actual time=0.024..5880.958 rows=14835720 loops=1)
  ->  Hash  (cost=138617.03..138617.03 rows=95964 width=8) (actual time=3465.951..3465.951 rows=214603 loops=1)
        Buckets: 131072 (originally 131072)  Batches: 4 (originally 2)  Memory Usage: 3149kB
        ->  Hash Join  (cost=70716.09..138617.03 rows=95964 width=8) (actual time=1635.743..3384.924 rows=214603 loops=1)
              Hash Cond: (mc.movie_id = t.id)
              ->  Seq Scan on movie_companies mc  (cost=0.00..51404.11 rows=1279517 width=4) (actual time=321.961..898.637 rows=1274246 loops=1)
                    Filter: (company_type_id < 2)
                    Rows Removed by Filter: 1334883
              ->  Hash  (cost=67604.59..67604.59 rows=189640 width=4) (actual time=1311.338..1311.338 rows=187790 loops=1)
                    Buckets: 131072  Batches: 4  Memory Usage: 2673kB
                    ->  Seq Scan on title t  (cost=0.00..67604.59 rows=189640 width=4) (actual time=0.104..1246.196 rows=187790 loops=1)
                          Filter: (production_year < 1954)
                          Rows Removed by Filter: 2340522
Planning time: 1.164 ms
Execution time: 17527.471 ms
