Hash Join  (cost=283635.21..468300.30 rows=2167764 width=156) (actual time=6827.270..15731.399 rows=9299243 loops=1)
  Hash Cond: (mk.movie_id = t.id)
  ->  Seq Scan on movie_keyword mk  (cost=0.00..81003.12 rows=3971819 width=12) (actual time=0.030..2093.026 rows=3972207 loops=1)
        Filter: (keyword_id > 394)
        Rows Removed by Filter: 551723
  ->  Hash  (cost=238082.78..238082.78 rows=1380035 width=144) (actual time=6825.346..6825.346 rows=1380035 loops=1)
        Buckets: 32768  Batches: 64  Memory Usage: 3137kB
        ->  Hash Join  (cost=129928.86..238082.78 rows=1380035 width=144) (actual time=2872.544..5925.899 rows=1380035 loops=1)
              Hash Cond: (mi_idx.movie_id = t.id)
              ->  Seq Scan on movie_info_idx mi_idx  (cost=0.00..21735.35 rows=1380035 width=50) (actual time=0.019..527.739 rows=1380035 loops=1)
              ->  Hash  (cost=61283.27..61283.27 rows=2528527 width=94) (actual time=2871.049..2871.049 rows=2528312 loops=1)
                    Buckets: 32768  Batches: 128  Memory Usage: 2453kB
                    ->  Seq Scan on title t  (cost=0.00..61283.27 rows=2528527 width=94) (actual time=0.033..1475.191 rows=2528312 loops=1)
Planning time: 1.386 ms
Execution time: 16246.910 ms
