Seq Scan on movie_keyword mk  (cost=0.00..81003.12 rows=1613256 width=0) (actual time=0.018..1505.925 rows=1624611 loops=1)
  Filter: (keyword_id > 9224)
  Rows Removed by Filter: 2899319
Planning time: 0.326 ms
Execution time: 1721.360 ms
