Seq Scan on movie_keyword mk  (cost=0.00..81003.12 rows=10103 width=0) (actual time=0.160..1217.568 rows=10544 loops=1)
  Filter: (keyword_id = 398)
  Rows Removed by Filter: 4513386
Planning time: 0.410 ms
Execution time: 1219.824 ms
