Hash Join  (cost=106809.92..1537586.34 rows=34235624 width=0) (actual time=2282.605..47120.654 rows=35595000 loops=1)
  Hash Cond: (ci.movie_id = t.id)
  ->  Seq Scan on cast_info ci  (cost=0.00..614943.12 rows=36225612 width=4) (actual time=0.017..13122.220 rows=36244344 loops=1)
  ->  Hash  (cost=67604.59..67604.59 rows=2389627 width=4) (actual time=2281.197..2281.197 rows=2382866 loops=1)
        Buckets: 131072  Batches: 32  Memory Usage: 3644kB
        ->  Seq Scan on title t  (cost=0.00..67604.59 rows=2389627 width=4) (actual time=0.018..1526.655 rows=2382866 loops=1)
              Filter: (production_year > 1916)
              Rows Removed by Filter: 145446
Planning time: 0.804 ms
Execution time: 51127.500 ms
