Seq Scan on movie_keyword mk  (cost=0.00..81003.12 rows=246 width=0) (actual time=50.647..1320.667 rows=28 loops=1)
  Filter: (keyword_id = 23538)
  Rows Removed by Filter: 4523902
Planning time: 0.423 ms
Execution time: 1320.790 ms
