Seq Scan on cast_info ci  (cost=0.00..796071.18 rows=19250653 width=0) (actual time=235.599..16535.587 rows=21765978 loops=1)
  Filter: ((person_id > 624500) AND (role_id > 1))
  Rows Removed by Filter: 14478366
Planning time: 0.365 ms
Execution time: 19203.888 ms
