Seq Scan on title t  (cost=0.00..73925.90 rows=1113 width=0) (actual time=0.063..821.963 rows=245 loops=1)
  Filter: ((production_year < 1896) AND (kind_id = 1))
  Rows Removed by Filter: 2528067
Planning time: 0.418 ms
Execution time: 822.213 ms
