Seq Scan on movie_companies mc  (cost=0.00..51404.11 rows=2025201 width=0) (actual time=0.017..991.413 rows=2017859 loops=1)
  Filter: (company_id < 70162)
  Rows Removed by Filter: 591270
Planning time: 1.088 ms
Execution time: 1248.889 ms
