Hash Join  (cost=102767.86..242052.65 rows=2011549 width=0) (actual time=1941.021..5479.820 rows=2017995 loops=1)
  Hash Cond: (mk.movie_id = t.id)
  ->  Seq Scan on movie_keyword mk  (cost=0.00..81003.12 rows=2011549 width=4) (actual time=0.022..1564.416 rows=2017995 loops=1)
        Filter: (keyword_id > 6149)
        Rows Removed by Filter: 2505935
  ->  Hash  (cost=61283.27..61283.27 rows=2528527 width=4) (actual time=1937.748..1937.748 rows=2528312 loops=1)
        Buckets: 131072  Batches: 64  Memory Usage: 2425kB
        ->  Seq Scan on title t  (cost=0.00..61283.27 rows=2528527 width=4) (actual time=0.017..1050.120 rows=2528312 loops=1)
Planning time: 1.249 ms
Execution time: 5726.755 ms
