Hash Join  (cost=156963.57..908379.39 rows=62671 width=0) (actual time=2527.067..18896.166 rows=103335 loops=1)
  Hash Cond: (ci.movie_id = t.id)
  ->  Seq Scan on cast_info ci  (cost=0.00..614943.12 rows=36225612 width=4) (actual time=0.017..8982.969 rows=36244344 loops=1)
  ->  Hash  (cost=156908.90..156908.90 rows=4374 width=8) (actual time=2526.948..2526.948 rows=2899 loops=1)
        Buckets: 8192  Batches: 1  Memory Usage: 178kB
        ->  Hash Join  (cost=74246.92..156908.90 rows=4374 width=8) (actual time=1120.308..2525.280 rows=2899 loops=1)
              Hash Cond: (mk.movie_id = t.id)
              ->  Seq Scan on movie_keyword mk  (cost=0.00..81003.12 rows=430697 width=4) (actual time=0.016..1294.268 rows=442531 loops=1)
                    Filter: (keyword_id < 347)
                    Rows Removed by Filter: 4081399
              ->  Hash  (cost=73925.90..73925.90 rows=25681 width=4) (actual time=1119.714..1119.714 rows=23707 loops=1)
                    Buckets: 32768  Batches: 1  Memory Usage: 1090kB
                    ->  Seq Scan on title t  (cost=0.00..73925.90 rows=25681 width=4) (actual time=0.027..1109.918 rows=23707 loops=1)
                          Filter: ((kind_id < 7) AND (production_year = 2013))
                          Rows Removed by Filter: 2504605
Planning time: 1.204 ms
Execution time: 18915.245 ms
