Hash Join  (cost=491650.71..626111.78 rows=1090856 width=0) (actual time=8289.224..12702.519 rows=3462945 loops=1)
  Hash Cond: (mk.movie_id = t.id)
  ->  Seq Scan on movie_keyword mk  (cost=0.00..81003.12 rows=3406235 width=4) (actual time=0.016..1735.120 rows=3399023 loops=1)
        Filter: (keyword_id > 1214)
        Rows Removed by Filter: 1124907
  ->  Hash  (cost=478364.61..478364.61 rows=809768 width=8) (actual time=8288.036..8288.036 rows=802140 loops=1)
        Buckets: 131072  Batches: 16  Memory Usage: 2985kB
        ->  Hash Join  (cost=102767.86..478364.61 rows=809768 width=8) (actual time=3603.007..8057.158 rows=802140 loops=1)
              Hash Cond: (mi.movie_id = t.id)
              ->  Seq Scan on movie_info mi  (cost=0.00..346232.03 rows=809768 width=4) (actual time=1770.637..5198.732 rows=802140 loops=1)
                    Filter: (info_type_id < 2)
                    Rows Removed by Filter: 14033580
              ->  Hash  (cost=61283.27..61283.27 rows=2528527 width=4) (actual time=1831.400..1831.400 rows=2528312 loops=1)
                    Buckets: 131072  Batches: 64  Memory Usage: 2425kB
                    ->  Seq Scan on title t  (cost=0.00..61283.27 rows=2528527 width=4) (actual time=0.024..1019.748 rows=2528312 loops=1)
Planning time: 0.867 ms
Execution time: 13098.984 ms
