Hash Join  (cost=251932.95..1252461.14 rows=8241555 width=0) (actual time=5821.444..30625.438 rows=7823012 loops=1)
  Hash Cond: (ci.movie_id = t.id)
  ->  Seq Scan on cast_info ci  (cost=0.00..705507.15 rows=16201301 width=4) (actual time=0.019..15338.369 rows=16121683 loops=1)
        Filter: (role_id > 2)
        Rows Removed by Filter: 20122661
  ->  Hash  (cost=230829.78..230829.78 rows=1286254 width=8) (actual time=5819.943..5819.943 rows=332084 loops=1)
        Buckets: 131072  Batches: 32  Memory Usage: 1444kB
        ->  Hash Join  (cost=87146.10..230829.78 rows=1286254 width=8) (actual time=2015.969..5729.646 rows=332084 loops=1)
              Hash Cond: (mk.movie_id = t.id)
              ->  Seq Scan on movie_keyword mk  (cost=0.00..81003.12 rows=4036269 width=4) (actual time=0.022..1838.632 rows=4041451 loops=1)
                    Filter: (keyword_id < 37127)
                    Rows Removed by Filter: 482479
              ->  Hash  (cost=73925.90..73925.90 rows=805776 width=4) (actual time=2014.820..2014.820 rows=881945 loops=1)
                    Buckets: 131072  Batches: 16  Memory Usage: 2976kB
                    ->  Seq Scan on title t  (cost=0.00..73925.90 rows=805776 width=4) (actual time=0.021..1452.203 rows=881945 loops=1)
                          Filter: ((production_year > 2001) AND (kind_id = 7))
                          Rows Removed by Filter: 1646367
Planning time: 1.291 ms
Execution time: 31561.200 ms
