Seq Scan on cast_info ci  (cost=0.00..705507.15 rows=11139996 width=0) (actual time=4365.318..12040.409 rows=11132618 loops=1)
  Filter: (person_id > 2589359)
  Rows Removed by Filter: 25111726
Planning time: 0.405 ms
Execution time: 13436.550 ms
