Hash Join  (cost=154654.97..952632.47 rows=190631 width=0) (actual time=2884.678..18910.453 rows=132855 loops=1)
  Hash Cond: (ci.movie_id = t.id)
  ->  Seq Scan on cast_info ci  (cost=0.00..614943.12 rows=36225612 width=4) (actual time=0.024..8719.682 rows=36244344 loops=1)
  ->  Hash  (cost=154488.65..154488.65 rows=13306 width=8) (actual time=2857.961..2857.961 rows=7819 loops=1)
        Buckets: 16384  Batches: 1  Memory Usage: 434kB
        ->  Hash Join  (cost=67697.55..154488.65 rows=13306 width=8) (actual time=1041.490..2854.834 rows=7819 loops=1)
              Hash Cond: (mk.movie_id = t.id)
              ->  Seq Scan on movie_keyword mk  (cost=0.00..69693.30 rows=4523930 width=4) (actual time=0.027..988.720 rows=4523930 loops=1)
              ->  Hash  (cost=67604.59..67604.59 rows=7437 width=4) (actual time=1041.175..1041.175 rows=2800 loops=1)
                    Buckets: 8192  Batches: 1  Memory Usage: 163kB
                    ->  Seq Scan on title t  (cost=0.00..67604.59 rows=7437 width=4) (actual time=0.211..1039.739 rows=2800 loops=1)
                          Filter: (production_year = 1929)
                          Rows Removed by Filter: 2525512
Planning time: 3.522 ms
Execution time: 18929.462 ms
