Hash Join  (cost=84005.63..167794.78 rows=633963 width=0) (actual time=1398.644..3940.804 rows=951965 loops=1)
  Hash Cond: (mc.movie_id = t.id)
  ->  Seq Scan on movie_companies mc  (cost=0.00..44881.29 rows=2609129 width=4) (actual time=0.004..982.463 rows=2609129 loops=1)
  ->  Hash  (cost=73925.90..73925.90 rows=614378 width=4) (actual time=1397.855..1397.855 rows=520376 loops=1)
        Buckets: 131072  Batches: 16  Memory Usage: 2162kB
        ->  Seq Scan on title t  (cost=0.00..73925.90 rows=614378 width=4) (actual time=0.020..1230.805 rows=520376 loops=1)
              Filter: ((kind_id < 7) AND (production_year > 1996))
              Rows Removed by Filter: 2007936
Planning time: 0.567 ms
Execution time: 4054.928 ms
