Hash Join  (cost=93093.72..1047422.29 rows=4932763 width=0) (actual time=1657.674..24469.319 rows=6803698 loops=1)
  Hash Cond: (ci.movie_id = t.id)
  ->  Seq Scan on cast_info ci  (cost=0.00..796071.18 rows=8028152 width=4) (actual time=0.069..15432.669 rows=11142343 loops=1)
        Filter: ((person_id > 1803062) AND (role_id > 2))
        Rows Removed by Filter: 25102001
  ->  Hash  (cost=67604.59..67604.59 rows=1553611 width=4) (actual time=1656.388..1656.388 rows=1555864 loops=1)
        Buckets: 131072  Batches: 32  Memory Usage: 2734kB
        ->  Seq Scan on title t  (cost=0.00..67604.59 rows=1553611 width=4) (actual time=0.011..1182.496 rows=1555864 loops=1)
              Filter: (kind_id > 4)
              Rows Removed by Filter: 972448
Planning time: 0.865 ms
Execution time: 25184.518 ms
