Hash Join  (cost=79110.05..148784.52 rows=166131 width=0) (actual time=1397.143..3227.034 rows=408598 loops=1)
  Hash Cond: (mc.movie_id = t.id)
  ->  Seq Scan on movie_companies mc  (cost=0.00..51404.11 rows=1329612 width=4) (actual time=0.011..1062.844 rows=1334883 loops=1)
        Filter: (company_type_id = 2)
        Rows Removed by Filter: 1274246
  ->  Hash  (cost=73925.90..73925.90 rows=315932 width=4) (actual time=1395.894..1395.894 rows=433359 loops=1)
        Buckets: 131072  Batches: 8  Memory Usage: 2939kB
        ->  Seq Scan on title t  (cost=0.00..73925.90 rows=315932 width=4) (actual time=0.025..1259.544 rows=433359 loops=1)
              Filter: ((kind_id < 7) AND (production_year < 1995))
              Rows Removed by Filter: 2094953
Planning time: 0.749 ms
Execution time: 3275.122 ms
