Hash Join  (cost=83074.55..882116.00 rows=57 width=0) (actual time=8573.641..13787.482 rows=435 loops=1)
  Hash Cond: (ci.movie_id = t.id)
  ->  Seq Scan on cast_info ci  (cost=0.00..796071.18 rows=791922 width=4) (actual time=7353.218..12257.944 rows=2395776 loops=1)
        Filter: ((person_id > 3594533) AND (role_id > 3))
        Rows Removed by Filter: 33848568
  ->  Hash  (cost=83072.29..83072.29 rows=181 width=8) (actual time=1219.910..1219.910 rows=132 loops=1)
        Buckets: 1024  Batches: 1  Memory Usage: 14kB
        ->  Nested Loop  (cost=0.43..83072.29 rows=181 width=8) (actual time=4.496..1219.776 rows=132 loops=1)
              ->  Seq Scan on movie_keyword mk  (cost=0.00..81003.12 rows=246 width=4) (actual time=4.437..1200.920 rows=443 loops=1)
                    Filter: (keyword_id = 6003)
                    Rows Removed by Filter: 4523487
              ->  Index Scan using title_pkey on title t  (cost=0.43..8.40 rows=1 width=4) (actual time=0.041..0.041 rows=0 loops=443)
                    Index Cond: (id = mk.movie_id)
                    Filter: (kind_id > 1)
                    Rows Removed by Filter: 1
Planning time: 1.303 ms
Execution time: 13787.875 ms
