Hash Join  (cost=149359.15..638261.31 rows=852423 width=0) (actual time=2726.651..12642.788 rows=2106975 loops=1)
  Hash Cond: (mi.movie_id = t.id)
  ->  Seq Scan on movie_info mi  (cost=0.00..309384.22 rows=14739122 width=4) (actual time=0.023..4365.752 rows=14835720 loops=1)
  ->  Hash  (cost=146959.22..146959.22 rows=146235 width=8) (actual time=2725.937..2725.937 rows=59930 loops=1)
        Buckets: 131072  Batches: 2  Memory Usage: 2205kB
        ->  Hash Join  (cost=78556.72..146959.22 rows=146235 width=8) (actual time=2057.972..2703.347 rows=59930 loops=1)
              Hash Cond: (mc.movie_id = t.id)
              ->  Seq Scan on movie_companies mc  (cost=0.00..57926.93 rows=553922 width=4) (actual time=407.226..1043.142 rows=338828 loops=1)
                    Filter: ((company_id < 6926) AND (company_type_id = 2))
                    Rows Removed by Filter: 2270301
              ->  Hash  (cost=67604.59..67604.59 rows=667531 width=4) (actual time=1367.737..1367.737 rows=662825 loops=1)
                    Buckets: 131072  Batches: 16  Memory Usage: 2476kB
                    ->  Seq Scan on title t  (cost=0.00..67604.59 rows=667531 width=4) (actual time=0.016..1161.719 rows=662825 loops=1)
                          Filter: (kind_id = 1)
                          Rows Removed by Filter: 1865487
Planning time: 1.239 ms
Execution time: 12891.981 ms
