Hash Join  (cost=101715.84..156581.23 rows=19987 width=0) (actual time=1760.331..2884.013 rows=18087 loops=1)
  Hash Cond: (mc.movie_id = t.id)
  ->  Seq Scan on movie_companies mc  (cost=0.00..44881.29 rows=2609129 width=4) (actual time=0.029..567.208 rows=2609129 loops=1)
  ->  Hash  (cost=101473.71..101473.71 rows=19370 width=8) (actual time=1757.670..1757.670 rows=11868 loops=1)
        Buckets: 32768  Batches: 1  Memory Usage: 720kB
        ->  Hash Join  (cost=74369.53..101473.71 rows=19370 width=8) (actual time=1479.974..1753.242 rows=11868 loops=1)
              Hash Cond: (mi_idx.movie_id = t.id)
              ->  Seq Scan on movie_info_idx mi_idx  (cost=0.00..21735.35 rows=1380035 width=4) (actual time=0.015..286.358 rows=1380035 loops=1)
              ->  Hash  (cost=73925.90..73925.90 rows=35490 width=4) (actual time=1132.929..1132.929 rows=39698 loops=1)
                    Buckets: 65536  Batches: 1  Memory Usage: 1908kB
                    ->  Seq Scan on title t  (cost=0.00..73925.90 rows=35490 width=4) (actual time=0.021..1116.455 rows=39698 loops=1)
                          Filter: ((kind_id = 7) AND (production_year = 2001))
                          Rows Removed by Filter: 2488614
Planning time: 1.184 ms
Execution time: 2886.700 ms
