Hash Join  (cost=207680.63..766704.10 rows=7424154 width=0) (actual time=4526.451..18243.710 rows=4573077 loops=1)
  Hash Cond: (mi.movie_id = t.id)
  ->  Seq Scan on movie_info mi  (cost=0.00..309384.22 rows=14739122 width=4) (actual time=0.008..5925.895 rows=14835720 loops=1)
  ->  Hash  (cost=186784.27..186784.27 rows=1273629 width=8) (actual time=4521.875..4521.875 rows=530254 loops=1)
        Buckets: 131072  Batches: 32  Memory Usage: 1662kB
        ->  Hash Join  (cost=94176.46..186784.27 rows=1273629 width=8) (actual time=1810.959..4354.731 rows=530254 loops=1)
              Hash Cond: (mc.movie_id = t.id)
              ->  Seq Scan on movie_companies mc  (cost=0.00..44881.29 rows=2609129 width=4) (actual time=0.024..942.798 rows=2609129 loops=1)
              ->  Hash  (cost=73925.90..73925.90 rows=1234284 width=4) (actual time=1809.209..1809.209 rows=1316754 loops=1)
                    Buckets: 131072  Batches: 32  Memory Usage: 2476kB
                    ->  Seq Scan on title t  (cost=0.00..73925.90 rows=1234284 width=4) (actual time=35.874..1391.965 rows=1316754 loops=1)
                          Filter: ((production_year > 1974) AND (kind_id = 7))
                          Rows Removed by Filter: 1211558
Planning time: 1.233 ms
Execution time: 18752.338 ms
