Seq Scan on movie_companies mc  (cost=0.00..57926.93 rows=739393 width=0) (actual time=15.536..1015.085 rows=958637 loops=1)
  Filter: ((company_id > 9154) AND (company_type_id > 1))
  Rows Removed by Filter: 1650492
Planning time: 0.335 ms
Execution time: 1137.257 ms
