Hash Join  (cost=67697.55..154488.65 rows=13306 width=0) (actual time=1065.231..2809.975 rows=18662 loops=1)
  Hash Cond: (mk.movie_id = t.id)
  ->  Seq Scan on movie_keyword mk  (cost=0.00..69693.30 rows=4523930 width=4) (actual time=0.026..975.275 rows=4523930 loops=1)
  ->  Hash  (cost=67604.59..67604.59 rows=7437 width=4) (actual time=1064.710..1064.710 rows=2291 loops=1)
        Buckets: 8192  Batches: 1  Memory Usage: 145kB
        ->  Seq Scan on title t  (cost=0.00..67604.59 rows=7437 width=4) (actual time=0.353..1063.428 rows=2291 loops=1)
              Filter: (production_year = 1947)
              Rows Removed by Filter: 2526021
Planning time: 1.095 ms
Execution time: 2812.482 ms
