Hash Join  (cost=78556.72..225627.34 rows=1179592 width=0) (actual time=1826.024..6426.158 rows=2841367 loops=1)
  Hash Cond: (mk.movie_id = t.id)
  ->  Seq Scan on movie_keyword mk  (cost=0.00..81003.12 rows=4468151 width=4) (actual time=0.021..1854.625 rows=4471640 loops=1)
        Filter: (keyword_id < 98536)
        Rows Removed by Filter: 52290
  ->  Hash  (cost=67604.59..67604.59 rows=667531 width=4) (actual time=1443.523..1443.523 rows=662825 loops=1)
        Buckets: 131072  Batches: 16  Memory Usage: 2486kB
        ->  Seq Scan on title t  (cost=0.00..67604.59 rows=667531 width=4) (actual time=467.116..1233.138 rows=662825 loops=1)
              Filter: (kind_id = 1)
              Rows Removed by Filter: 1865487
Planning time: 0.816 ms
Execution time: 6761.603 ms
