Hash Join  (cost=28268.52..87267.39 rows=16 width=0) (actual time=982.667..1245.563 rows=1 loops=1)
  Hash Cond: (mc.movie_id = t.id)
  ->  Seq Scan on movie_companies mc  (cost=0.00..57926.93 rows=285808 width=4) (actual time=577.055..840.312 rows=454 loops=1)
        Filter: ((company_id > 70447) AND (company_type_id = 1))
        Rows Removed by Filter: 2608675
  ->  Hash  (cost=28266.72..28266.72 rows=144 width=8) (actual time=405.061..405.061 rows=260 loops=1)
        Buckets: 1024  Batches: 1  Memory Usage: 19kB
        ->  Nested Loop  (cost=0.43..28266.72 rows=144 width=8) (actual time=219.884..404.947 rows=260 loops=1)
              ->  Seq Scan on movie_info_idx mi_idx  (cost=0.00..25185.44 rows=368 width=4) (actual time=219.807..399.671 rows=260 loops=1)
                    Filter: (info_type_id > 101)
                    Rows Removed by Filter: 1379775
              ->  Index Scan using title_pkey on title t  (cost=0.43..8.36 rows=1 width=4) (actual time=0.019..0.020 rows=1 loops=260)
                    Index Cond: (id = mi_idx.movie_id)
                    Filter: (kind_id < 7)
Planning time: 1.147 ms
Execution time: 1245.675 ms
