Seq Scan on movie_companies mc  (cost=0.00..51404.11 rows=447489 width=0) (actual time=0.027..834.601 rows=446597 loops=1)
  Filter: (company_id < 352)
  Rows Removed by Filter: 2162532
Planning time: 0.354 ms
Execution time: 887.200 ms
