Seq Scan on movie_info mi  (cost=0.00..346232.03 rows=1116916 width=0) (actual time=441.371..5195.910 rows=1172630 loops=1)
  Filter: (info_type_id > 45)
  Rows Removed by Filter: 13663090
Planning time: 0.367 ms
Execution time: 5345.882 ms
