Hash Join  (cost=179767.30..250207.84 rows=90411 width=0) (actual time=3184.899..4650.725 rows=51138 loops=1)
  Hash Cond: (mc.movie_id = t.id)
  ->  Seq Scan on movie_companies mc  (cost=0.00..51404.11 rows=1517155 width=4) (actual time=0.019..961.563 rows=1501483 loops=1)
        Filter: (company_id < 14007)
        Rows Removed by Filter: 1107646
  ->  Hash  (cost=177294.80..177294.80 rows=150680 width=8) (actual time=3183.483..3183.483 rows=27534 loops=1)
        Buckets: 131072  Batches: 2  Memory Usage: 1560kB
        ->  Hash Join  (cost=85894.26..177294.80 rows=150680 width=8) (actual time=2047.618..3173.733 rows=27534 loops=1)
              Hash Cond: (mk.movie_id = t.id)
              ->  Seq Scan on movie_keyword mk  (cost=0.00..81003.12 rows=522298 width=4) (actual time=0.023..1291.343 rows=512930 loops=1)
                    Filter: (keyword_id > 35325)
                    Rows Removed by Filter: 4011000
              ->  Hash  (cost=73925.90..73925.90 rows=729468 width=4) (actual time=1537.473..1537.473 rows=638430 loops=1)
                    Buckets: 131072  Batches: 16  Memory Usage: 2431kB
                    ->  Seq Scan on title t  (cost=0.00..73925.90 rows=729468 width=4) (actual time=0.021..1329.890 rows=638430 loops=1)
                          Filter: ((production_year < 2003) AND (kind_id = 7))
                          Rows Removed by Filter: 1889882
Planning time: 1.180 ms
Execution time: 4657.025 ms
