Hash Join  (cost=561997.53..1880866.81 rows=14525907 width=0) (actual time=14995.758..69392.401 rows=82285259 loops=1)
  Hash Cond: (ci.movie_id = t.id)
  ->  Seq Scan on cast_info ci  (cost=0.00..614943.12 rows=36225612 width=4) (actual time=0.023..13903.947 rows=36244344 loops=1)
  ->  Hash  (cost=545362.78..545362.78 rows=1013900 width=8) (actual time=14993.787..14993.787 rows=3337670 loops=1)
        Buckets: 131072 (originally 131072)  Batches: 64 (originally 16)  Memory Usage: 3076kB
        ->  Hash Join  (cost=78364.59..545362.78 rows=1013900 width=8) (actual time=1237.809..14028.035 rows=3337670 loops=1)
              Hash Cond: (mi.movie_id = t.id)
              ->  Seq Scan on movie_info mi  (cost=0.00..346232.03 rows=9476311 width=4) (actual time=0.026..6768.324 rows=9565151 loops=1)
                    Filter: (info_type_id < 16)
                    Rows Removed by Filter: 5270569
              ->  Hash  (cost=73925.90..73925.90 rows=270535 width=4) (actual time=1236.940..1236.940 rows=374196 loops=1)
                    Buckets: 131072 (originally 131072)  Batches: 8 (originally 4)  Memory Usage: 3073kB
                    ->  Seq Scan on title t  (cost=0.00..73925.90 rows=270535 width=4) (actual time=0.026..1113.086 rows=374196 loops=1)
                          Filter: ((production_year < 2000) AND (kind_id = 1))
                          Rows Removed by Filter: 2154116
Planning time: 1.194 ms
Execution time: 78275.783 ms
