Seq Scan on movie_keyword mk  (cost=0.00..81003.12 rows=3598181 width=0) (actual time=0.027..1613.934 rows=3597693 loops=1)
  Filter: (keyword_id < 20324)
  Rows Removed by Filter: 926237
Planning time: 0.339 ms
Execution time: 2059.619 ms
