Hash Join  (cost=174865.45..997196.23 rows=540751 width=0) (actual time=12031.828..19786.584 rows=3492924 loops=1)
  Hash Cond: (ci.movie_id = t.id)
  ->  Seq Scan on cast_info ci  (cost=0.00..796071.18 rows=1494157 width=4) (actual time=8178.353..13372.440 rows=3417492 loops=1)
        Filter: ((person_id > 2417762) AND (role_id = 10))
        Rows Removed by Filter: 32826852
  ->  Hash  (cost=159851.69..159851.69 rows=915101 width=8) (actual time=3852.337..3852.337 rows=919850 loops=1)
        Buckets: 131072  Batches: 16  Memory Usage: 3269kB
        ->  Hash Join  (cost=102767.86..159851.69 rows=915101 width=8) (actual time=2106.751..3613.544 rows=919850 loops=1)
              Hash Cond: (mi_idx.movie_id = t.id)
              ->  Seq Scan on movie_info_idx mi_idx  (cost=0.00..25185.44 rows=915101 width=4) (actual time=0.037..478.890 rows=919850 loops=1)
                    Filter: (info_type_id < 101)
                    Rows Removed by Filter: 460185
              ->  Hash  (cost=61283.27..61283.27 rows=2528527 width=4) (actual time=2105.735..2105.735 rows=2528312 loops=1)
                    Buckets: 131072  Batches: 64  Memory Usage: 2415kB
                    ->  Seq Scan on title t  (cost=0.00..61283.27 rows=2528527 width=4) (actual time=0.019..1244.155 rows=2528312 loops=1)
Planning time: 1.880 ms
Execution time: 20150.038 ms
