Seq Scan on movie_keyword mk  (cost=0.00..81003.12 rows=246 width=0) (actual time=2.909..1388.059 rows=354 loops=1)
  Filter: (keyword_id = 21144)
  Rows Removed by Filter: 4523576
Planning time: 0.403 ms
Execution time: 1388.345 ms
