Hash Join  (cost=452875.58..581215.31 rows=520169 width=0) (actual time=7852.348..13001.617 rows=10219633 loops=1)
  Hash Cond: (mk.movie_id = t.id)
  ->  Seq Scan on movie_keyword mk  (cost=0.00..69693.30 rows=4523930 width=4) (actual time=0.019..1502.230 rows=4523930 loops=1)
  ->  Hash  (cost=448105.41..448105.41 rows=290734 width=8) (actual time=7848.432..7848.432 rows=201615 loops=1)
        Buckets: 131072  Batches: 4  Memory Usage: 2975kB
        ->  Hash Join  (cost=87180.69..448105.41 rows=290734 width=8) (actual time=5172.048..7789.039 rows=201615 loops=1)
              Hash Cond: (mi.movie_id = t.id)
              ->  Seq Scan on movie_info mi  (cost=0.00..346232.03 rows=616095 width=4) (actual time=3412.091..5554.305 rows=598457 loops=1)
                    Filter: (info_type_id = 15)
                    Rows Removed by Filter: 14237263
              ->  Hash  (cost=67604.59..67604.59 rows=1193208 width=4) (actual time=1707.952..1707.952 rows=1192518 loops=1)
                    Buckets: 131072  Batches: 16  Memory Usage: 3653kB
                    ->  Seq Scan on title t  (cost=0.00..67604.59 rows=1193208 width=4) (actual time=0.033..1314.412 rows=1192518 loops=1)
                          Filter: (production_year > 2003)
                          Rows Removed by Filter: 1335794
Planning time: 1.476 ms
Execution time: 14069.814 ms
