Hash Join  (cost=104818.80..1517732.83 rows=32496785 width=0) (actual time=1993.643..45718.048 rows=33978140 loops=1)
  Hash Cond: (ci.movie_id = t.id)
  ->  Seq Scan on cast_info ci  (cost=0.00..614943.12 rows=36225612 width=4) (actual time=0.017..13726.394 rows=36244344 loops=1)
  ->  Hash  (cost=67604.59..67604.59 rows=2268257 width=4) (actual time=1992.426..1992.426 rows=2261229 loops=1)
        Buckets: 131072  Batches: 32  Memory Usage: 3511kB
        ->  Seq Scan on title t  (cost=0.00..67604.59 rows=2268257 width=4) (actual time=0.026..1307.045 rows=2261229 loops=1)
              Filter: (production_year > 1954)
              Rows Removed by Filter: 267083
Planning time: 0.737 ms
Execution time: 49775.258 ms
