Hash Join  (cost=101882.40..188745.24 rows=20480 width=0) (actual time=1805.705..3832.183 rows=74558 loops=1)
  Hash Cond: (mk.movie_id = t.id)
  ->  Seq Scan on movie_keyword mk  (cost=0.00..69693.30 rows=4523930 width=4) (actual time=0.019..1133.646 rows=4523930 loops=1)
  ->  Hash  (cost=101739.32..101739.32 rows=11447 width=8) (actual time=1805.401..1805.401 rows=12655 loops=1)
        Buckets: 16384  Batches: 1  Memory Usage: 623kB
        ->  Hash Join  (cost=74710.74..101739.32 rows=11447 width=8) (actual time=1178.966..1799.651 rows=12655 loops=1)
              Hash Cond: (mi_idx.movie_id = t.id)
              ->  Seq Scan on movie_info_idx mi_idx  (cost=0.00..25185.44 rows=460978 width=4) (actual time=0.008..458.633 rows=459925 loops=1)
                    Filter: (info_type_id = 99)
                    Rows Removed by Filter: 920110
              ->  Hash  (cost=73925.90..73925.90 rows=62787 width=4) (actual time=1178.627..1178.627 rows=53770 loops=1)
                    Buckets: 65536  Batches: 1  Memory Usage: 2403kB
                    ->  Seq Scan on title t  (cost=0.00..73925.90 rows=62787 width=4) (actual time=0.017..1157.423 rows=53770 loops=1)
                          Filter: ((kind_id < 7) AND (production_year = 2011))
                          Rows Removed by Filter: 2474542
Planning time: 1.215 ms
Execution time: 3842.241 ms
