Hash Join  (cost=67697.55..419787.91 rows=4559 width=0) (actual time=2991.162..6295.427 rows=4404 loops=1)
  Hash Cond: (mi.movie_id = t.id)
  ->  Seq Scan on movie_info mi  (cost=0.00..346232.03 rows=1550064 width=4) (actual time=2008.032..5044.220 rows=1533909 loops=1)
        Filter: (info_type_id = 3)
        Rows Removed by Filter: 13301811
  ->  Hash  (cost=67604.59..67604.59 rows=7437 width=4) (actual time=982.669..982.669 rows=8628 loops=1)
        Buckets: 16384 (originally 8192)  Batches: 1 (originally 1)  Memory Usage: 432kB
        ->  Seq Scan on title t  (cost=0.00..67604.59 rows=7437 width=4) (actual time=0.563..978.167 rows=8628 loops=1)
              Filter: (production_year = 1956)
              Rows Removed by Filter: 2519684
Planning time: 0.805 ms
Execution time: 6296.516 ms
