Hash Join  (cost=82400.67..215662.43 rows=924173 width=0) (actual time=1449.134..5000.897 rows=1490889 loops=1)
  Hash Cond: (mk.movie_id = t.id)
  ->  Seq Scan on movie_keyword mk  (cost=0.00..69693.30 rows=4523930 width=4) (actual time=0.022..1427.270 rows=4523930 loops=1)
  ->  Hash  (cost=73925.90..73925.90 rows=516541 width=4) (actual time=1448.434..1448.434 rows=440918 loops=1)
        Buckets: 131072  Batches: 8  Memory Usage: 2967kB
        ->  Seq Scan on title t  (cost=0.00..73925.90 rows=516541 width=4) (actual time=0.022..1311.225 rows=440918 loops=1)
              Filter: ((kind_id < 7) AND (production_year > 2001))
              Rows Removed by Filter: 2087394
Planning time: 0.638 ms
Execution time: 5150.251 ms
