Hash Join  (cost=89387.37..910162.84 rows=2719987 width=0) (actual time=7829.134..20258.674 rows=2822207 loops=1)
  Hash Cond: (ci.movie_id = t.id)
  ->  Seq Scan on cast_info ci  (cost=0.00..705507.15 rows=7298253 width=4) (actual time=6353.566..13423.677 rows=7451973 loops=1)
        Filter: (role_id = 2)
        Rows Removed by Filter: 28792371
  ->  Hash  (cost=73925.90..73925.90 rows=942357 width=4) (actual time=1474.264..1474.264 rows=926057 loops=1)
        Buckets: 131072  Batches: 16  Memory Usage: 3059kB
        ->  Seq Scan on title t  (cost=0.00..73925.90 rows=942357 width=4) (actual time=0.029..1189.335 rows=926057 loops=1)
              Filter: ((kind_id < 7) AND (production_year > 1913))
              Rows Removed by Filter: 1602255
Planning time: 0.755 ms
Execution time: 20580.619 ms
