Hash Join  (cost=365418.15..2142048.74 rows=50001528 width=0) (actual time=8241.406..77955.194 rows=144368329 loops=1)
  Hash Cond: (ci.movie_id = t.id)
  ->  Seq Scan on cast_info ci  (cost=0.00..796071.18 rows=27946987 width=4) (actual time=0.022..19916.177 rows=28094721 loops=1)
        Filter: ((person_id > 83312) AND (role_id < 8))
        Rows Removed by Filter: 8149623
  ->  Hash  (cost=291197.02..291197.02 rows=4523930 width=8) (actual time=8239.784..8239.784 rows=4523930 loops=1)
        Buckets: 131072  Batches: 64  Memory Usage: 3816kB
        ->  Hash Join  (cost=102767.86..291197.02 rows=4523930 width=8) (actual time=1896.627..7060.190 rows=4523930 loops=1)
              Hash Cond: (mk.movie_id = t.id)
              ->  Seq Scan on movie_keyword mk  (cost=0.00..69693.30 rows=4523930 width=4) (actual time=0.012..1137.731 rows=4523930 loops=1)
              ->  Hash  (cost=61283.27..61283.27 rows=2528527 width=4) (actual time=1895.196..1895.196 rows=2528312 loops=1)
                    Buckets: 131072  Batches: 64  Memory Usage: 2425kB
                    ->  Seq Scan on title t  (cost=0.00..61283.27 rows=2528527 width=4) (actual time=0.020..1028.704 rows=2528312 loops=1)
Planning time: 1.191 ms
Execution time: 94256.098 ms
