Seq Scan on movie_keyword mk  (cost=0.00..81003.12 rows=3509518 width=0) (actual time=0.014..1534.437 rows=3506945 loops=1)
  Filter: (keyword_id > 991)
  Rows Removed by Filter: 1016985
Planning time: 0.360 ms
Execution time: 1953.814 ms
