Seq Scan on cast_info ci  (cost=0.00..796071.18 rows=176 width=0) (actual time=4848.638..10691.120 rows=711 loops=1)
  Filter: ((person_id = 1254280) AND (role_id = 1))
  Rows Removed by Filter: 36243633
Planning time: 0.421 ms
Execution time: 10691.364 ms
