Seq Scan on title t  (cost=0.00..73925.90 rows=26405 width=0) (actual time=0.238..912.440 rows=23926 loops=1)
  Filter: ((kind_id < 7) AND (production_year = 2003))
  Rows Removed by Filter: 2504386
Planning time: 0.408 ms
Execution time: 915.832 ms
