Seq Scan on movie_companies mc  (cost=0.00..51404.11 rows=186617 width=0) (actual time=0.139..818.779 rows=186044 loops=1)
  Filter: (company_id < 49)
  Rows Removed by Filter: 2423085
Planning time: 0.329 ms
Execution time: 843.826 ms
