Seq Scan on movie_keyword mk  (cost=0.00..81003.12 rows=246 width=0) (actual time=6.830..1246.243 rows=248 loops=1)
  Filter: (keyword_id = 40091)
  Rows Removed by Filter: 4523682
Planning time: 0.304 ms
Execution time: 1246.473 ms
