Hash Join  (cost=137771.32..216854.19 rows=292534 width=0) (actual time=2863.091..5225.618 rows=987648 loops=1)
  Hash Cond: (mc.movie_id = t.id)
  ->  Seq Scan on movie_companies mc  (cost=0.00..44881.29 rows=2609129 width=4) (actual time=0.020..911.033 rows=2609129 loops=1)
  ->  Hash  (cost=133119.61..133119.61 rows=283497 width=8) (actual time=2862.239..2862.239 rows=336821 loops=1)
        Buckets: 131072 (originally 131072)  Batches: 8 (originally 4)  Memory Usage: 3073kB
        ->  Hash Join  (cost=93117.31..133119.61 rows=283497 width=8) (actual time=1675.534..2752.266 rows=336821 loops=1)
              Hash Cond: (mi_idx.movie_id = t.id)
              ->  Seq Scan on movie_info_idx mi_idx  (cost=0.00..25185.44 rows=460978 width=4) (actual time=0.021..466.346 rows=459925 loops=1)
                    Filter: (info_type_id < 100)
                    Rows Removed by Filter: 920110
              ->  Hash  (cost=67604.59..67604.59 rows=1555018 width=4) (actual time=1674.645..1674.645 rows=1551727 loops=1)
                    Buckets: 131072  Batches: 32  Memory Usage: 2728kB
                    ->  Seq Scan on title t  (cost=0.00..67604.59 rows=1555018 width=4) (actual time=0.014..1170.053 rows=1551727 loops=1)
                          Filter: (production_year < 2007)
                          Rows Removed by Filter: 976585
Planning time: 1.183 ms
Execution time: 5336.916 ms
