Seq Scan on movie_keyword mk  (cost=0.00..81003.12 rows=726765 width=0) (actual time=0.016..1270.401 rows=734443 loops=1)
  Filter: (keyword_id > 25623)
  Rows Removed by Filter: 3789487
Planning time: 0.346 ms
Execution time: 1365.659 ms
