Hash Join  (cost=251567.27..1503203.16 rows=21205068 width=0) (actual time=7043.057..80570.017 rows=167212998 loops=1)
  Hash Cond: (ci.movie_id = t.id)
  ->  Seq Scan on cast_info ci  (cost=0.00..614943.12 rows=36225612 width=4) (actual time=0.014..13384.553 rows=36244344 loops=1)
  ->  Hash  (cost=227283.99..227283.99 rows=1480102 width=8) (actual time=7041.103..7041.103 rows=3226678 loops=1)
        Buckets: 131072 (originally 131072)  Batches: 64 (originally 32)  Memory Usage: 3073kB
        ->  Hash Join  (cost=83810.17..227283.99 rows=1480102 width=8) (actual time=1535.157..6055.111 rows=3226678 loops=1)
              Hash Cond: (mk.movie_id = t.id)
              ->  Seq Scan on movie_keyword mk  (cost=0.00..81003.12 rows=3788979 width=4) (actual time=0.023..1721.312 rows=3786796 loops=1)
                    Filter: (keyword_id > 660)
                    Rows Removed by Filter: 737134
              ->  Hash  (cost=67604.59..67604.59 rows=987727 width=4) (actual time=1533.461..1533.461 rows=985048 loops=1)
                    Buckets: 131072  Batches: 16  Memory Usage: 3197kB
                    ->  Seq Scan on title t  (cost=0.00..67604.59 rows=987727 width=4) (actual time=0.037..1189.755 rows=985048 loops=1)
                          Filter: (kind_id < 7)
                          Rows Removed by Filter: 1543264
Planning time: 0.933 ms
Execution time: 99259.925 ms
