Seq Scan on title t  (cost=0.00..67604.59 rows=2354227 width=0) (actual time=0.012..1158.814 rows=2349391 loops=1)
  Filter: (production_year > 1926)
  Rows Removed by Filter: 178921
Planning time: 0.346 ms
Execution time: 1464.348 ms
