Hash Join  (cost=73962.22..163439.78 rows=2588 width=0) (actual time=1184.421..2980.713 rows=15299 loops=1)
  Hash Cond: (mk.movie_id = t.id)
  ->  Seq Scan on movie_keyword mk  (cost=0.00..81003.12 rows=2252948 width=4) (actual time=0.027..1435.508 rows=2251924 loops=1)
        Filter: (keyword_id > 4777)
        Rows Removed by Filter: 2272006
  ->  Hash  (cost=73925.90..73925.90 rows=2905 width=4) (actual time=1178.878..1178.878 rows=5989 loops=1)
        Buckets: 8192 (originally 4096)  Batches: 1 (originally 1)  Memory Usage: 275kB
        ->  Seq Scan on title t  (cost=0.00..73925.90 rows=2905 width=4) (actual time=1.559..1175.501 rows=5989 loops=1)
              Filter: ((kind_id < 7) AND (production_year = 1972))
              Rows Removed by Filter: 2522323
Planning time: 0.803 ms
Execution time: 2983.106 ms
