Hash Join  (cost=156209.36..1026395.18 rows=972569 width=0) (actual time=5362.450..19068.215 rows=1367993 loops=1)
  Hash Cond: (ci.movie_id = t.id)
  ->  Seq Scan on cast_info ci  (cost=0.00..796071.18 rows=5415188 width=4) (actual time=2016.595..13391.721 rows=3228910 loops=1)
        Filter: ((person_id < 1578785) AND (role_id > 3))
        Rows Removed by Filter: 33015434
  ->  Hash  (cost=148758.81..148758.81 rows=454124 width=8) (actual time=3344.877..3344.877 rows=459925 loops=1)
        Buckets: 131072  Batches: 8  Memory Usage: 3275kB
        ->  Hash Join  (cost=102767.86..148758.81 rows=454124 width=8) (actual time=1935.214..3211.144 rows=459925 loops=1)
              Hash Cond: (mi_idx.movie_id = t.id)
              ->  Seq Scan on movie_info_idx mi_idx  (cost=0.00..25185.44 rows=454124 width=4) (actual time=0.031..511.390 rows=459925 loops=1)
                    Filter: (info_type_id = 100)
                    Rows Removed by Filter: 920110
              ->  Hash  (cost=61283.27..61283.27 rows=2528527 width=4) (actual time=1933.549..1933.549 rows=2528312 loops=1)
                    Buckets: 131072  Batches: 64  Memory Usage: 2415kB
                    ->  Seq Scan on title t  (cost=0.00..61283.27 rows=2528527 width=4) (actual time=0.014..1110.763 rows=2528312 loops=1)
Planning time: 1.242 ms
Execution time: 19215.084 ms
