Seq Scan on cast_info ci  (cost=0.00..705507.15 rows=500 width=0) (actual time=3269.132..9964.875 rows=110 loops=1)
  Filter: (person_id = 3435115)
  Rows Removed by Filter: 36244234
Planning time: 0.404 ms
Execution time: 9964.984 ms
