Hash Join  (cost=74228.29..129143.44 rows=24962 width=0) (actual time=1577.701..2614.260 rows=8534 loops=1)
  Hash Cond: (mc.movie_id = t.id)
  ->  Seq Scan on movie_companies mc  (cost=0.00..44881.29 rows=2609129 width=4) (actual time=0.015..714.690 rows=2609129 loops=1)
  ->  Hash  (cost=73925.90..73925.90 rows=24191 width=4) (actual time=1258.477..1258.477 rows=24602 loops=1)
        Buckets: 32768  Batches: 1  Memory Usage: 1121kB
        ->  Seq Scan on title t  (cost=0.00..73925.90 rows=24191 width=4) (actual time=0.020..1247.746 rows=24602 loops=1)
              Filter: ((kind_id = 7) AND (production_year = 1995))
              Rows Removed by Filter: 2503710
Planning time: 1.044 ms
Execution time: 2615.569 ms
