Seq Scan on cast_info ci  (cost=0.00..705507.15 rows=26104545 width=0) (actual time=0.027..11552.835 rows=26093600 loops=1)
  Filter: (person_id < 2701090)
  Rows Removed by Filter: 10150744
Planning time: 0.357 ms
Execution time: 14531.177 ms
