Seq Scan on movie_companies mc  (cost=0.00..51404.11 rows=1943228 width=0) (actual time=0.014..1000.599 rows=1937873 loops=1)
  Filter: (company_id < 50377)
  Rows Removed by Filter: 671256
Planning time: 0.346 ms
Execution time: 1244.713 ms
