Hash Join  (cost=76067.34..1185785.82 rows=7390032 width=0) (actual time=1408.604..33827.185 rows=5957886 loops=1)
  Hash Cond: (ci.movie_id = t.id)
  ->  Seq Scan on cast_info ci  (cost=0.00..614943.12 rows=36225612 width=4) (actual time=0.027..13423.807 rows=36244344 loops=1)
  ->  Hash  (cost=67604.59..67604.59 rows=515820 width=4) (actual time=1407.259..1407.259 rows=508955 loops=1)
        Buckets: 131072  Batches: 8  Memory Usage: 3255kB
        ->  Seq Scan on title t  (cost=0.00..67604.59 rows=515820 width=4) (actual time=0.019..1240.264 rows=508955 loops=1)
              Filter: (production_year < 1980)
              Rows Removed by Filter: 2019357
Planning time: 0.827 ms
Execution time: 34526.430 ms
