Seq Scan on cast_info ci  (cost=0.00..705507.15 rows=3933195 width=0) (actual time=5101.714..11404.298 rows=3984154 loops=1)
  Filter: (person_id > 3328519)
  Rows Removed by Filter: 32260190
Planning time: 0.381 ms
Execution time: 11901.467 ms
