Hash Join  (cost=81821.64..156202.26 rows=205966 width=0) (actual time=1864.472..3090.997 rows=45133 loops=1)
  Hash Cond: (mc.movie_id = t.id)
  ->  Seq Scan on movie_companies mc  (cost=0.00..57926.93 rows=1082140 width=4) (actual time=460.204..1157.064 rows=967033 loops=1)
        Filter: ((company_id > 252) AND (company_type_id < 2))
        Rows Removed by Filter: 1642096
  ->  Hash  (cost=73925.90..73925.90 rows=481259 width=4) (actual time=1403.386..1403.386 rows=518327 loops=1)
        Buckets: 131072  Batches: 8  Memory Usage: 3301kB
        ->  Seq Scan on title t  (cost=0.00..73925.90 rows=481259 width=4) (actual time=0.024..1239.012 rows=518327 loops=1)
              Filter: ((production_year > 2007) AND (kind_id = 7))
              Rows Removed by Filter: 2009985
Planning time: 0.836 ms
Execution time: 3097.143 ms
