Hash Join  (cost=102767.86..264148.54 rows=2929819 width=0) (actual time=1978.359..6092.289 rows=2916092 loops=1)
  Hash Cond: (mk.movie_id = t.id)
  ->  Seq Scan on movie_keyword mk  (cost=0.00..81003.12 rows=2929819 width=4) (actual time=0.019..1700.485 rows=2916092 loops=1)
        Filter: (keyword_id < 9473)
        Rows Removed by Filter: 1607838
  ->  Hash  (cost=61283.27..61283.27 rows=2528527 width=4) (actual time=1977.253..1977.253 rows=2528312 loops=1)
        Buckets: 131072  Batches: 64  Memory Usage: 2425kB
        ->  Seq Scan on title t  (cost=0.00..61283.27 rows=2528527 width=4) (actual time=0.015..1138.872 rows=2528312 loops=1)
Planning time: 0.684 ms
Execution time: 6413.562 ms
