Hash Join  (cost=421426.66..517211.87 rows=61896 width=0) (actual time=7013.580..9359.070 rows=236051 loops=1)
  Hash Cond: (mk.movie_id = t.id)
  ->  Seq Scan on movie_keyword mk  (cost=0.00..81003.12 rows=3776834 width=4) (actual time=0.015..1691.954 rows=3768339 loops=1)
        Filter: (keyword_id > 687)
        Rows Removed by Filter: 755591
  ->  Hash  (cost=420908.68..420908.68 rows=41438 width=8) (actual time=7013.033..7013.033 rows=35701 loops=1)
        Buckets: 65536  Batches: 1  Memory Usage: 1907kB
        ->  Hash Join  (cost=68449.54..420908.68 rows=41438 width=8) (actual time=1107.973..6999.660 rows=35701 loops=1)
              Hash Cond: (mi.movie_id = t.id)
              ->  Seq Scan on movie_info mi  (cost=0.00..346232.03 rows=1550064 width=4) (actual time=0.014..5551.120 rows=1533909 loops=1)
                    Filter: (info_type_id = 3)
                    Rows Removed by Filter: 13301811
              ->  Hash  (cost=67604.59..67604.59 rows=67596 width=4) (actual time=1107.278..1107.278 rows=67777 loops=1)
                    Buckets: 131072  Batches: 1  Memory Usage: 3407kB
                    ->  Seq Scan on title t  (cost=0.00..67604.59 rows=67596 width=4) (actual time=0.024..1079.476 rows=67777 loops=1)
                          Filter: (production_year = 2003)
                          Rows Removed by Filter: 2460535
Planning time: 1.182 ms
Execution time: 9401.439 ms
