Hash Join  (cost=365418.15..1967784.64 rows=40952172 width=0) (actual time=9184.850..75004.970 rows=135689417 loops=1)
  Hash Cond: (ci.movie_id = t.id)
  ->  Seq Scan on cast_info ci  (cost=0.00..796071.18 rows=22889097 width=4) (actual time=701.327..19785.769 rows=23359105 loops=1)
        Filter: ((person_id > 86265) AND (role_id > 1))
        Rows Removed by Filter: 12885239
  ->  Hash  (cost=291197.02..291197.02 rows=4523930 width=8) (actual time=8482.200..8482.200 rows=4523930 loops=1)
        Buckets: 131072  Batches: 64  Memory Usage: 3816kB
        ->  Hash Join  (cost=102767.86..291197.02 rows=4523930 width=8) (actual time=2192.058..7243.406 rows=4523930 loops=1)
              Hash Cond: (mk.movie_id = t.id)
              ->  Seq Scan on movie_keyword mk  (cost=0.00..69693.30 rows=4523930 width=4) (actual time=0.026..1437.390 rows=4523930 loops=1)
              ->  Hash  (cost=61283.27..61283.27 rows=2528527 width=4) (actual time=2190.905..2190.905 rows=2528312 loops=1)
                    Buckets: 131072  Batches: 64  Memory Usage: 2425kB
                    ->  Seq Scan on title t  (cost=0.00..61283.27 rows=2528527 width=4) (actual time=0.016..1105.067 rows=2528312 loops=1)
Planning time: 1.203 ms
Execution time: 90271.923 ms
