Hash Join  (cost=102767.86..280354.96 rows=3603322 width=0) (actual time=1986.601..6986.251 rows=3608992 loops=1)
  Hash Cond: (mk.movie_id = t.id)
  ->  Seq Scan on movie_keyword mk  (cost=0.00..81003.12 rows=3603322 width=4) (actual time=0.015..1797.203 rows=3608992 loops=1)
        Filter: (keyword_id < 20333)
        Rows Removed by Filter: 914938
  ->  Hash  (cost=61283.27..61283.27 rows=2528527 width=4) (actual time=1985.716..1985.716 rows=2528312 loops=1)
        Buckets: 131072  Batches: 64  Memory Usage: 2425kB
        ->  Seq Scan on title t  (cost=0.00..61283.27 rows=2528527 width=4) (actual time=0.024..1163.700 rows=2528312 loops=1)
Planning time: 0.813 ms
Execution time: 7385.451 ms
