Hash Join  (cost=102767.86..262385.84 rows=2856545 width=0) (actual time=1847.965..5792.503 rows=2845358 loops=1)
  Hash Cond: (mk.movie_id = t.id)
  ->  Seq Scan on movie_keyword mk  (cost=0.00..81003.12 rows=2856545 width=4) (actual time=0.017..1654.024 rows=2845358 loops=1)
        Filter: (keyword_id < 8666)
        Rows Removed by Filter: 1678572
  ->  Hash  (cost=61283.27..61283.27 rows=2528527 width=4) (actual time=1844.382..1844.382 rows=2528312 loops=1)
        Buckets: 131072  Batches: 64  Memory Usage: 2425kB
        ->  Seq Scan on title t  (cost=0.00..61283.27 rows=2528527 width=4) (actual time=0.015..941.112 rows=2528312 loops=1)
Planning time: 3.001 ms
Execution time: 6071.352 ms
