Seq Scan on movie_keyword mk  (cost=0.00..81003.12 rows=246 width=0) (actual time=0.095..1209.863 rows=693 loops=1)
  Filter: (keyword_id = 410)
  Rows Removed by Filter: 4523237
Planning time: 3.542 ms
Execution time: 1210.214 ms
