Hash Join  (cost=101857.10..475865.68 rows=64332 width=0) (actual time=1850.521..8822.320 rows=28740 loops=1)
  Hash Cond: (mi.movie_id = t.id)
  ->  Seq Scan on movie_info mi  (cost=0.00..346232.03 rows=7235534 width=4) (actual time=0.022..5776.863 rows=7286865 loops=1)
        Filter: (info_type_id < 8)
        Rows Removed by Filter: 7548855
  ->  Hash  (cost=101576.08..101576.08 rows=22481 width=8) (actual time=1838.778..1838.778 rows=13509 loops=1)
        Buckets: 32768  Batches: 1  Memory Usage: 784kB
        ->  Hash Join  (cost=74440.79..101576.08 rows=22481 width=8) (actual time=1187.241..1833.947 rows=13509 loops=1)
              Hash Cond: (mi_idx.movie_id = t.id)
              ->  Seq Scan on movie_info_idx mi_idx  (cost=0.00..21735.35 rows=1380035 width=4) (actual time=0.014..324.717 rows=1380035 loops=1)
              ->  Hash  (cost=73925.90..73925.90 rows=41191 width=4) (actual time=1186.762..1186.762 rows=43851 loops=1)
                    Buckets: 65536  Batches: 1  Memory Usage: 2054kB
                    ->  Seq Scan on title t  (cost=0.00..73925.90 rows=41191 width=4) (actual time=0.023..1168.497 rows=43851 loops=1)
                          Filter: ((kind_id = 7) AND (production_year = 2003))
                          Rows Removed by Filter: 2484461
Planning time: 1.169 ms
Execution time: 8826.167 ms
