Hash Join  (cost=185335.33..315288.93 rows=652656 width=0) (actual time=3915.306..8633.925 rows=6798747 loops=1)
  Hash Cond: (mk.movie_id = t.id)
  ->  Seq Scan on movie_keyword mk  (cost=0.00..69693.30 rows=4523930 width=4) (actual time=0.022..1363.408 rows=4523930 loops=1)
  ->  Hash  (cost=179350.53..179350.53 rows=364784 width=8) (actual time=3914.588..3914.588 rows=519973 loops=1)
        Buckets: 131072  Batches: 8  Memory Usage: 3576kB
        ->  Hash Join  (cost=102767.86..179350.53 rows=364784 width=8) (actual time=2008.432..3762.753 rows=519973 loops=1)
              Hash Cond: (mc.movie_id = t.id)
              ->  Seq Scan on movie_companies mc  (cost=0.00..57926.93 rows=364784 width=4) (actual time=0.027..948.482 rows=519973 loops=1)
                    Filter: ((company_id < 1448) AND (company_type_id = 1))
                    Rows Removed by Filter: 2089156
              ->  Hash  (cost=61283.27..61283.27 rows=2528527 width=4) (actual time=2007.370..2007.370 rows=2528312 loops=1)
                    Buckets: 131072  Batches: 64  Memory Usage: 2415kB
                    ->  Seq Scan on title t  (cost=0.00..61283.27 rows=2528527 width=4) (actual time=0.022..1157.735 rows=2528312 loops=1)
Planning time: 1.272 ms
Execution time: 9397.075 ms
