Seq Scan on movie_companies mc  (cost=0.00..51404.11 rows=1947543 width=0) (actual time=0.025..925.324 rows=1952780 loops=1)
  Filter: (company_id > 917)
  Rows Removed by Filter: 656349
Planning time: 0.349 ms
Execution time: 1166.265 ms
