Seq Scan on movie_companies mc  (cost=0.00..51404.11 rows=104 width=0) (actual time=747.566..840.428 rows=1 loops=1)
  Filter: (company_id = 151434)
  Rows Removed by Filter: 2609128
Planning time: 0.426 ms
Execution time: 840.497 ms
