Hash Join  (cost=112320.48..478895.18 rows=191880 width=0) (actual time=1992.448..9997.998 rows=388045 loops=1)
  Hash Cond: (mi.movie_id = t.id)
  ->  Seq Scan on movie_info mi  (cost=0.00..309384.22 rows=14739122 width=4) (actual time=0.018..4400.857 rows=14835720 loops=1)
  ->  Hash  (cost=111909.01..111909.01 rows=32917 width=8) (actual time=1991.874..1991.874 rows=25742 loops=1)
        Buckets: 65536  Batches: 1  Memory Usage: 1518kB
        ->  Hash Join  (cost=75411.94..111909.01 rows=32917 width=8) (actual time=1150.028..1982.104 rows=25742 loops=1)
              Hash Cond: (mi_idx.movie_id = t.id)
              ->  Seq Scan on movie_info_idx mi_idx  (cost=0.00..25185.44 rows=919057 width=4) (actual time=0.016..503.677 rows=920110 loops=1)
                    Filter: (info_type_id > 99)
                    Rows Removed by Filter: 459925
              ->  Hash  (cost=73925.90..73925.90 rows=90563 width=4) (actual time=1149.259..1149.259 rows=80990 loops=1)
                    Buckets: 131072  Batches: 2  Memory Usage: 2450kB
                    ->  Seq Scan on title t  (cost=0.00..73925.90 rows=90563 width=4) (actual time=0.022..1119.190 rows=80990 loops=1)
                          Filter: ((kind_id < 7) AND (production_year > 2011))
                          Rows Removed by Filter: 2447322
Planning time: 1.176 ms
Execution time: 10052.284 ms
