Seq Scan on cast_info ci  (cost=0.00..796071.18 rows=1661455 width=0) (actual time=11661.592..15558.422 rows=1703543 loops=1)
  Filter: ((person_id < 3750675) AND (role_id = 8))
  Rows Removed by Filter: 34540801
Planning time: 0.433 ms
Execution time: 15775.238 ms
