Seq Scan on cast_info ci  (cost=0.00..705507.15 rows=500 width=0) (actual time=738.398..10875.877 rows=105 loops=1)
  Filter: (person_id = 1310687)
  Rows Removed by Filter: 36244239
Planning time: 1.060 ms
Execution time: 10876.010 ms
