Hash Join  (cost=83440.39..1202587.46 rows=8307790 width=0) (actual time=1470.758..33724.975 rows=8071471 loops=1)
  Hash Cond: (ci.movie_id = t.id)
  ->  Seq Scan on cast_info ci  (cost=0.00..614943.12 rows=36225612 width=4) (actual time=0.018..13245.768 rows=36244344 loops=1)
  ->  Hash  (cost=73925.90..73925.90 rows=579879 width=4) (actual time=1469.957..1469.957 rows=492958 loops=1)
        Buckets: 131072  Batches: 8  Memory Usage: 3188kB
        ->  Seq Scan on title t  (cost=0.00..73925.90 rows=579879 width=4) (actual time=0.018..1313.331 rows=492958 loops=1)
              Filter: ((kind_id < 7) AND (production_year > 1998))
              Rows Removed by Filter: 2035354
Planning time: 0.709 ms
Execution time: 34585.580 ms
