Seq Scan on movie_companies mc  (cost=0.00..57926.93 rows=952741 width=0) (actual time=0.026..1193.364 rows=1248132 loops=1)
  Filter: ((company_id < 50295) AND (company_type_id < 2))
  Rows Removed by Filter: 1360997
Planning time: 0.386 ms
Execution time: 1347.608 ms
