Seq Scan on movie_companies mc  (cost=0.00..51404.11 rows=104 width=0) (actual time=520.133..780.692 rows=47 loops=1)
  Filter: (company_id = 74872)
  Rows Removed by Filter: 2609082
Planning time: 0.371 ms
Execution time: 780.765 ms
