Hash Join  (cost=73950.44..131976.23 rows=1368 width=0) (actual time=1062.473..2029.289 rows=6664 loops=1)
  Hash Cond: (mc.movie_id = t.id)
  ->  Seq Scan on movie_companies mc  (cost=0.00..51404.11 rows=1762131 width=4) (actual time=0.017..733.625 rows=1753178 loops=1)
        Filter: (company_id < 24667)
        Rows Removed by Filter: 855951
  ->  Hash  (cost=73925.90..73925.90 rows=1963 width=4) (actual time=1062.412..1062.412 rows=5006 loops=1)
        Buckets: 8192 (originally 2048)  Batches: 1 (originally 1)  Memory Usage: 240kB
        ->  Seq Scan on title t  (cost=0.00..73925.90 rows=1963 width=4) (actual time=266.502..1060.050 rows=5006 loops=1)
              Filter: ((kind_id = 1) AND (production_year = 1991))
              Rows Removed by Filter: 2523306
Planning time: 0.816 ms
Execution time: 2030.452 ms
