Hash Join  (cost=176421.84..542022.30 rows=218092 width=0) (actual time=3579.863..9934.349 rows=141862 loops=1)
  Hash Cond: (mi.movie_id = t.id)
  ->  Seq Scan on movie_info mi  (cost=0.00..346232.03 rows=1348138 width=4) (actual time=0.020..5718.248 rows=1298989 loops=1)
        Filter: (info_type_id = 4)
        Rows Removed by Filter: 13536731
  ->  Hash  (cost=169710.77..169710.77 rows=409046 width=8) (actual time=3578.855..3578.855 rows=211381 loops=1)
        Buckets: 131072  Batches: 8  Memory Usage: 2063kB
        ->  Hash Join  (cost=93093.72..169710.77 rows=409046 width=8) (actual time=1808.277..3523.897 rows=211381 loops=1)
              Hash Cond: (mc.movie_id = t.id)
              ->  Seq Scan on movie_companies mc  (cost=0.00..57926.93 rows=665729 width=4) (actual time=0.023..1051.136 rows=912001 loops=1)
                    Filter: ((company_id > 11257) AND (company_type_id > 1))
                    Rows Removed by Filter: 1697128
              ->  Hash  (cost=67604.59..67604.59 rows=1553611 width=4) (actual time=1805.812..1805.812 rows=1555864 loops=1)
                    Buckets: 131072  Batches: 32  Memory Usage: 2734kB
                    ->  Seq Scan on title t  (cost=0.00..67604.59 rows=1553611 width=4) (actual time=0.018..1312.294 rows=1555864 loops=1)
                          Filter: (kind_id > 4)
                          Rows Removed by Filter: 972448
Planning time: 1.226 ms
Execution time: 9952.461 ms
