Seq Scan on cast_info ci  (cost=0.00..705507.15 rows=500 width=0) (actual time=3560.015..11639.897 rows=413 loops=1)
  Filter: (person_id = 1039328)
  Rows Removed by Filter: 36243931
Planning time: 0.413 ms
Execution time: 11640.047 ms
