Seq Scan on cast_info ci  (cost=0.00..796071.18 rows=22532964 width=0) (actual time=0.029..15758.237 rows=22544765 loops=1)
  Filter: ((person_id < 2308639) AND (role_id < 11))
  Rows Removed by Filter: 13699579
Planning time: 0.400 ms
Execution time: 18537.039 ms
