Hash Join  (cost=74730.49..172158.02 rows=104407 width=0) (actual time=1164.987..3396.009 rows=67018 loops=1)
  Hash Cond: (mk.movie_id = t.id)
  ->  Seq Scan on movie_keyword mk  (cost=0.00..81003.12 rows=4101421 width=4) (actual time=0.024..1551.684 rows=4107997 loops=1)
        Filter: (keyword_id < 41801)
        Rows Removed by Filter: 415933
  ->  Hash  (cost=73925.90..73925.90 rows=64367 width=4) (actual time=1164.450..1164.450 rows=53905 loops=1)
        Buckets: 65536  Batches: 1  Memory Usage: 2408kB
        ->  Seq Scan on title t  (cost=0.00..73925.90 rows=64367 width=4) (actual time=0.119..1141.448 rows=53905 loops=1)
              Filter: ((kind_id < 7) AND (production_year = 2012))
              Rows Removed by Filter: 2474407
Planning time: 0.878 ms
Execution time: 3405.087 ms
