Seq Scan on movie_companies mc  (cost=0.00..57926.93 rows=53 width=0) (actual time=604.966..886.587 rows=5 loops=1)
  Filter: ((company_id = 26431) AND (company_type_id = 2))
  Rows Removed by Filter: 2609124
Planning time: 0.437 ms
Execution time: 886.681 ms
