Hash Join  (cost=83921.32..219203.49 rows=1090013 width=0) (actual time=1505.701..5282.169 rows=2420807 loops=1)
  Hash Cond: (mk.movie_id = t.id)
  ->  Seq Scan on movie_keyword mk  (cost=0.00..69693.30 rows=4523930 width=4) (actual time=0.018..1410.479 rows=4523930 loops=1)
  ->  Hash  (cost=73925.90..73925.90 rows=609233 width=4) (actual time=1504.784..1504.784 rows=501593 loops=1)
        Buckets: 131072  Batches: 8  Memory Usage: 3251kB
        ->  Seq Scan on title t  (cost=0.00..73925.90 rows=609233 width=4) (actual time=0.019..1346.254 rows=501593 loops=1)
              Filter: ((production_year > 1946) AND (kind_id = 1))
              Rows Removed by Filter: 2026719
Planning time: 0.787 ms
Execution time: 5539.869 ms
