Seq Scan on movie_keyword mk  (cost=0.00..81003.12 rows=246 width=0) (actual time=24.747..1414.328 rows=193 loops=1)
  Filter: (keyword_id = 5449)
  Rows Removed by Filter: 4523737
Planning time: 0.395 ms
Execution time: 1414.529 ms
