Seq Scan on title t  (cost=0.00..73925.90 rows=1055036 width=0) (actual time=0.017..1337.507 rows=1152351 loops=1)
  Filter: ((kind_id > 1) AND (production_year > 1999))
  Rows Removed by Filter: 1375961
Planning time: 0.371 ms
Execution time: 1478.372 ms
