Hash Join  (cost=217222.53..260369.97 rows=317895 width=0) (actual time=4401.007..5773.208 rows=1360125 loops=1)
  Hash Cond: (mi_idx.movie_id = t.id)
  ->  Seq Scan on movie_info_idx mi_idx  (cost=0.00..21735.35 rows=1380035 width=4) (actual time=0.018..477.478 rows=1380035 loops=1)
  ->  Hash  (cost=207665.86..207665.86 rows=582454 width=8) (actual time=4400.182..4400.182 rows=580174 loops=1)
        Buckets: 131072  Batches: 8  Memory Usage: 3888kB
        ->  Hash Join  (cost=102767.86..207665.86 rows=582454 width=8) (actual time=1993.811..4215.691 rows=580174 loops=1)
              Hash Cond: (mk.movie_id = t.id)
              ->  Seq Scan on movie_keyword mk  (cost=0.00..81003.12 rows=582454 width=4) (actual time=0.026..1274.104 rows=580174 loops=1)
                    Filter: (keyword_id > 31602)
                    Rows Removed by Filter: 3943756
              ->  Hash  (cost=61283.27..61283.27 rows=2528527 width=4) (actual time=1990.479..1990.479 rows=2528312 loops=1)
                    Buckets: 131072  Batches: 64  Memory Usage: 2425kB
                    ->  Seq Scan on title t  (cost=0.00..61283.27 rows=2528527 width=4) (actual time=0.008..1103.803 rows=2528312 loops=1)
Planning time: 1.157 ms
Execution time: 5898.792 ms
