Hash Join  (cost=192367.62..1305429.14 rows=7715436 width=0) (actual time=3800.237..38014.555 rows=8544199 loops=1)
  Hash Cond: (ci.movie_id = t.id)
  ->  Seq Scan on cast_info ci  (cost=0.00..614943.12 rows=36225612 width=4) (actual time=0.030..13387.819 rows=36244344 loops=1)
  ->  Hash  (cost=183531.95..183531.95 rows=538533 width=8) (actual time=3799.297..3799.297 rows=325490 loops=1)
        Buckets: 131072  Batches: 8  Memory Usage: 2613kB
        ->  Hash Join  (cost=102767.86..183531.95 rows=538533 width=8) (actual time=1960.920..3706.975 rows=325490 loops=1)
              Hash Cond: (mc.movie_id = t.id)
              ->  Seq Scan on movie_companies mc  (cost=0.00..57926.93 rows=538533 width=4) (actual time=0.015..1086.962 rows=325490 loops=1)
                    Filter: ((company_id < 6192) AND (company_type_id > 1))
                    Rows Removed by Filter: 2283639
              ->  Hash  (cost=61283.27..61283.27 rows=2528527 width=4) (actual time=1960.024..1960.024 rows=2528312 loops=1)
                    Buckets: 131072  Batches: 64  Memory Usage: 2415kB
                    ->  Seq Scan on title t  (cost=0.00..61283.27 rows=2528527 width=4) (actual time=0.021..1080.284 rows=2528312 loops=1)
Planning time: 1.256 ms
Execution time: 39071.586 ms
