Hash Join  (cost=154883.12..513395.15 rows=131337 width=0) (actual time=8586.621..9644.918 rows=292019 loops=1)
  Hash Cond: (mi.movie_id = t.id)
  ->  Seq Scan on movie_info mi  (cost=0.00..346232.03 rows=809768 width=4) (actual time=5146.206..5664.631 rows=802140 loops=1)
        Filter: (info_type_id < 2)
        Rows Removed by Filter: 14033580
  ->  Hash  (cost=148154.84..148154.84 rows=410103 width=8) (actual time=3439.511..3439.511 rows=418112 loops=1)
        Buckets: 131072  Batches: 8  Memory Usage: 3082kB
        ->  Hash Join  (cost=104196.70..148154.84 rows=410103 width=8) (actual time=2060.098..3315.251 rows=418112 loops=1)
              Hash Cond: (mi_idx.movie_id = t.id)
              ->  Seq Scan on movie_info_idx mi_idx  (cost=0.00..25185.44 rows=464934 width=4) (actual time=0.037..513.356 rows=460185 loops=1)
                    Filter: (info_type_id > 100)
                    Rows Removed by Filter: 919850
              ->  Hash  (cost=67604.59..67604.59 rows=2230329 width=4) (actual time=2058.814..2058.814 rows=2225335 loops=1)
                    Buckets: 131072  Batches: 32  Memory Usage: 3472kB
                    ->  Seq Scan on title t  (cost=0.00..67604.59 rows=2230329 width=4) (actual time=0.023..1364.025 rows=2225335 loops=1)
                          Filter: (production_year > 1958)
                          Rows Removed by Filter: 302977
Planning time: 1.281 ms
Execution time: 9683.740 ms
