Seq Scan on cast_info ci  (cost=0.00..796071.18 rows=516727 width=0) (actual time=10123.792..11728.018 rows=931507 loops=1)
  Filter: ((person_id > 2971889) AND (role_id = 4))
  Rows Removed by Filter: 35312837
Planning time: 0.677 ms
Execution time: 11842.150 ms
