Hash Join  (cost=324608.33..1393482.24 rows=12395707 width=0) (actual time=7209.724..43708.171 rows=56584412 loops=1)
  Hash Cond: (ci.movie_id = t.id)
  ->  Seq Scan on cast_info ci  (cost=0.00..796071.18 rows=9685545 width=4) (actual time=0.010..16572.946 rows=12670688 loops=1)
        Filter: ((person_id < 2823624) AND (role_id < 2))
        Rows Removed by Filter: 23573656
  ->  Hash  (cost=271516.75..271516.75 rows=3236047 width=8) (actual time=7207.778..7207.778 rows=3225000 loops=1)
        Buckets: 131072  Batches: 64  Memory Usage: 3010kB
        ->  Hash Join  (cost=102767.86..271516.75 rows=3236047 width=8) (actual time=2220.461..6401.851 rows=3225000 loops=1)
              Hash Cond: (mk.movie_id = t.id)
              ->  Seq Scan on movie_keyword mk  (cost=0.00..81003.12 rows=3236047 width=4) (actual time=0.016..1599.769 rows=3225000 loops=1)
                    Filter: (keyword_id < 13580)
                    Rows Removed by Filter: 1298930
              ->  Hash  (cost=61283.27..61283.27 rows=2528527 width=4) (actual time=2219.289..2219.289 rows=2528312 loops=1)
                    Buckets: 131072  Batches: 64  Memory Usage: 2425kB
                    ->  Seq Scan on title t  (cost=0.00..61283.27 rows=2528527 width=4) (actual time=0.016..1074.994 rows=2528312 loops=1)
Planning time: 0.745 ms
Execution time: 49790.150 ms
