Seq Scan on movie_keyword mk  (cost=0.00..81003.12 rows=246 width=0) (actual time=308.765..1202.542 rows=20 loops=1)
  Filter: (keyword_id = 29859)
  Rows Removed by Filter: 4523910
Planning time: 0.255 ms
Execution time: 1202.645 ms
