Hash Join  (cost=74246.92..828715.34 rows=367926 width=0) (actual time=1187.286..19863.997 rows=433412 loops=1)
  Hash Cond: (ci.movie_id = t.id)
  ->  Seq Scan on cast_info ci  (cost=0.00..614943.12 rows=36225612 width=4) (actual time=0.021..8660.326 rows=36244344 loops=1)
  ->  Hash  (cost=73925.90..73925.90 rows=25681 width=4) (actual time=1186.953..1186.953 rows=23707 loops=1)
        Buckets: 32768  Batches: 1  Memory Usage: 1090kB
        ->  Seq Scan on title t  (cost=0.00..73925.90 rows=25681 width=4) (actual time=0.011..1176.705 rows=23707 loops=1)
              Filter: ((kind_id < 7) AND (production_year = 2013))
              Rows Removed by Filter: 2504605
Planning time: 0.743 ms
Execution time: 19934.351 ms
