Hash Join  (cost=469185.34..598032.90 rows=561852 width=0) (actual time=7894.513..12270.154 rows=6414799 loops=1)
  Hash Cond: (mk.movie_id = t.id)
  ->  Seq Scan on movie_keyword mk  (cost=0.00..69693.30 rows=4523930 width=4) (actual time=0.029..1447.833 rows=4523930 loops=1)
  ->  Hash  (cost=464032.94..464032.94 rows=314032 width=8) (actual time=7893.488..7893.488 rows=292496 loops=1)
        Buckets: 131072  Batches: 8  Memory Usage: 2457kB
        ->  Hash Join  (cost=78171.87..464032.94 rows=314032 width=8) (actual time=4829.701..7806.295 rows=292496 loops=1)
              Hash Cond: (mi.movie_id = t.id)
              ->  Seq Scan on movie_info mi  (cost=0.00..346232.03 rows=3068194 width=4) (actual time=3565.590..5155.261 rows=3036719 loops=1)
                    Filter: (info_type_id = 16)
                    Rows Removed by Filter: 11799001
              ->  Hash  (cost=73925.90..73925.90 rows=258797 width=4) (actual time=1263.064..1263.064 rows=227847 loops=1)
                    Buckets: 131072  Batches: 4  Memory Usage: 3038kB
                    ->  Seq Scan on title t  (cost=0.00..73925.90 rows=258797 width=4) (actual time=0.052..1182.347 rows=227847 loops=1)
                          Filter: ((kind_id < 7) AND (production_year > 2008))
                          Rows Removed by Filter: 2300465
Planning time: 1.233 ms
Execution time: 12893.320 ms
