Seq Scan on movie_info mi  (cost=0.00..346232.03 rows=1158179 width=75) (actual time=0.007..6733.610 rows=1204709 loops=1)
  Filter: (info_type_id > 18)
  Rows Removed by Filter: 13631011
Planning time: 1.963 ms
Execution time: 6803.923 ms
