Seq Scan on cast_info ci  (cost=0.00..796071.18 rows=6092194 width=0) (actual time=3057.651..15365.898 rows=7450666 loops=1)
  Filter: ((person_id > 570544) AND (role_id = 2))
  Rows Removed by Filter: 28793678
Planning time: 0.404 ms
Execution time: 16320.395 ms
