Hash Join  (cost=102767.86..223151.12 rows=2456071 width=0) (actual time=2037.545..5466.838 rows=2457431 loops=1)
  Hash Cond: (mc.movie_id = t.id)
  ->  Seq Scan on movie_companies mc  (cost=0.00..51404.11 rows=2456071 width=4) (actual time=0.024..1131.842 rows=2457431 loops=1)
        Filter: (company_id < 131340)
        Rows Removed by Filter: 151698
  ->  Hash  (cost=61283.27..61283.27 rows=2528527 width=4) (actual time=2036.411..2036.411 rows=2528312 loops=1)
        Buckets: 131072  Batches: 64  Memory Usage: 2415kB
        ->  Seq Scan on title t  (cost=0.00..61283.27 rows=2528527 width=4) (actual time=0.020..1185.771 rows=2528312 loops=1)
Planning time: 0.739 ms
Execution time: 5738.188 ms
