Hash Join  (cost=83810.17..185928.52 rows=435730 width=0) (actual time=1632.532..3898.298 rows=983920 loops=1)
  Hash Cond: (mk.movie_id = t.id)
  ->  Seq Scan on movie_keyword mk  (cost=0.00..81003.12 rows=1115446 width=4) (actual time=0.020..1278.062 rows=1123033 loops=1)
        Filter: (keyword_id < 1203)
        Rows Removed by Filter: 3400897
  ->  Hash  (cost=67604.59..67604.59 rows=987727 width=4) (actual time=1631.582..1631.582 rows=985048 loops=1)
        Buckets: 131072  Batches: 16  Memory Usage: 3197kB
        ->  Seq Scan on title t  (cost=0.00..67604.59 rows=987727 width=4) (actual time=0.018..1074.159 rows=985048 loops=1)
              Filter: (kind_id < 7)
              Rows Removed by Filter: 1543264
Planning time: 0.751 ms
Execution time: 4015.062 ms
