Seq Scan on cast_info ci  (cost=0.00..796071.18 rows=60 width=0) (actual time=7078.930..10928.334 rows=3 loops=1)
  Filter: ((person_id = 2116098) AND (role_id = 10))
  Rows Removed by Filter: 36244341
Planning time: 0.408 ms
Execution time: 10928.437 ms
