Seq Scan on movie_companies mc  (cost=0.00..57926.93 rows=374184 width=0) (actual time=457.344..976.865 rows=691107 loops=1)
  Filter: ((company_id > 39007) AND (company_type_id = 2))
  Rows Removed by Filter: 1918022
Planning time: 0.366 ms
Execution time: 1057.904 ms
