Hash Join  (cost=75195.76..559813.40 rows=450872 width=0) (actual time=1582.031..12357.124 rows=187492 loops=1)
  Hash Cond: (mi.movie_id = t.id)
  ->  Seq Scan on movie_info mi  (cost=0.00..309384.22 rows=14739122 width=4) (actual time=0.010..5955.928 rows=14835720 loops=1)
  ->  Hash  (cost=73925.90..73925.90 rows=77348 width=4) (actual time=1278.994..1278.994 rows=84109 loops=1)
        Buckets: 131072  Batches: 2  Memory Usage: 2515kB
        ->  Seq Scan on title t  (cost=0.00..73925.90 rows=77348 width=4) (actual time=0.018..1241.940 rows=84109 loops=1)
              Filter: ((kind_id = 7) AND (production_year = 2008))
              Rows Removed by Filter: 2444203
Planning time: 0.771 ms
Execution time: 12381.197 ms
