Hash Join  (cost=174865.45..255638.69 rows=614887 width=0) (actual time=4413.890..6792.918 rows=1681320 loops=1)
  Hash Cond: (mc.movie_id = t.id)
  ->  Seq Scan on movie_companies mc  (cost=0.00..51404.11 rows=1699002 width=4) (actual time=0.023..1100.209 rows=1699203 loops=1)
        Filter: (company_id > 3016)
        Rows Removed by Filter: 909926
  ->  Hash  (cost=159851.69..159851.69 rows=915101 width=8) (actual time=4413.004..4413.004 rows=919850 loops=1)
        Buckets: 131072  Batches: 16  Memory Usage: 3269kB
        ->  Hash Join  (cost=102767.86..159851.69 rows=915101 width=8) (actual time=2310.966..4133.195 rows=919850 loops=1)
              Hash Cond: (mi_idx.movie_id = t.id)
              ->  Seq Scan on movie_info_idx mi_idx  (cost=0.00..25185.44 rows=915101 width=4) (actual time=0.031..600.120 rows=919850 loops=1)
                    Filter: (info_type_id < 101)
                    Rows Removed by Filter: 460185
              ->  Hash  (cost=61283.27..61283.27 rows=2528527 width=4) (actual time=2309.899..2309.899 rows=2528312 loops=1)
                    Buckets: 131072  Batches: 64  Memory Usage: 2415kB
                    ->  Seq Scan on title t  (cost=0.00..61283.27 rows=2528527 width=4) (actual time=0.015..1191.182 rows=2528312 loops=1)
Planning time: 2.884 ms
Execution time: 6956.025 ms
