Hash Join  (cost=77354.40..949162.75 rows=499663 width=0) (actual time=1336.798..22704.981 rows=850788 loops=1)
  Hash Cond: (ci.movie_id = t.id)
  ->  Seq Scan on cast_info ci  (cost=0.00..796071.18 rows=6047342 width=4) (actual time=0.022..15106.913 rows=12316290 loops=1)
        Filter: ((person_id < 1688696) AND (role_id = 1))
        Rows Removed by Filter: 23928054
  ->  Hash  (cost=73925.90..73925.90 rows=208920 width=4) (actual time=1335.980..1335.980 rows=183835 loops=1)
        Buckets: 131072  Batches: 4  Memory Usage: 2649kB
        ->  Seq Scan on title t  (cost=0.00..73925.90 rows=208920 width=4) (actual time=0.021..1273.861 rows=183835 loops=1)
              Filter: ((kind_id < 7) AND (production_year > 2009))
              Rows Removed by Filter: 2344477
Planning time: 1.535 ms
Execution time: 22801.943 ms
