Nested Loop  (cost=0.43..83072.90 rows=10 width=0) (actual time=539.498..1107.377 rows=1 loops=1)
  ->  Seq Scan on movie_keyword mk  (cost=0.00..81003.12 rows=246 width=4) (actual time=71.943..1103.943 rows=54 loops=1)
        Filter: (keyword_id = 6360)
        Rows Removed by Filter: 4523876
  ->  Index Scan using title_pkey on title t  (cost=0.43..8.40 rows=1 width=4) (actual time=0.060..0.060 rows=0 loops=54)
        Index Cond: (id = mk.movie_id)
        Filter: ((kind_id < 7) AND (production_year < 1962))
        Rows Removed by Filter: 1
Planning time: 0.779 ms
Execution time: 1107.470 ms
