Nested Loop  (cost=0.43..58375.18 rows=53 width=0) (actual time=2.265..1152.737 rows=108 loops=1)
  ->  Seq Scan on movie_companies mc  (cost=0.00..57926.93 rows=53 width=4) (actual time=2.207..1133.357 rows=108 loops=1)
        Filter: ((company_type_id > 1) AND (company_id = 52454))
        Rows Removed by Filter: 2609021
  ->  Index Only Scan using title_pkey on title t  (cost=0.43..8.45 rows=1 width=4) (actual time=0.177..0.177 rows=1 loops=108)
        Index Cond: (id = mc.movie_id)
        Heap Fetches: 108
Planning time: 0.520 ms
Execution time: 1152.850 ms
