Hash Join  (cost=77939.33..878266.87 rows=25476 width=0) (actual time=12257.369..16575.625 rows=40439 loops=1)
  Hash Cond: (ci.movie_id = t.id)
  ->  Seq Scan on cast_info ci  (cost=0.00..796071.18 rows=263359 width=4) (actual time=10793.074..14894.747 rows=280496 loops=1)
        Filter: ((person_id > 871493) AND (role_id > 10))
        Rows Removed by Filter: 35963848
  ->  Hash  (cost=73925.90..73925.90 rows=244594 width=4) (actual time=1463.460..1463.460 rows=359543 loops=1)
        Buckets: 131072 (originally 131072)  Batches: 8 (originally 4)  Memory Usage: 3073kB
        ->  Seq Scan on title t  (cost=0.00..73925.90 rows=244594 width=4) (actual time=0.068..1345.301 rows=359543 loops=1)
              Filter: ((production_year < 1998) AND (kind_id = 1))
              Rows Removed by Filter: 2168769
Planning time: 1.743 ms
Execution time: 16580.831 ms
