Hash Join  (cost=58375.80..427975.45 rows=96 width=0) (actual time=2734.775..7700.842 rows=22 loops=1)
  Hash Cond: (mi.movie_id = t.id)
  ->  Seq Scan on movie_info mi  (cost=0.00..346232.03 rows=6231111 width=4) (actual time=0.018..5999.646 rows=6223494 loops=1)
        Filter: (info_type_id > 8)
        Rows Removed by Filter: 8612226
  ->  Hash  (cost=58375.31..58375.31 rows=39 width=8) (actual time=832.632..832.632 rows=14 loops=1)
        Buckets: 1024  Batches: 1  Memory Usage: 9kB
        ->  Nested Loop  (cost=0.43..58375.31 rows=39 width=8) (actual time=331.854..832.607 rows=14 loops=1)
              ->  Seq Scan on movie_companies mc  (cost=0.00..57926.93 rows=53 width=4) (actual time=331.788..828.530 rows=194 loops=1)
                    Filter: ((company_type_id > 1) AND (company_id = 12786))
                    Rows Removed by Filter: 2608935
              ->  Index Scan using title_pkey on title t  (cost=0.43..8.45 rows=1 width=4) (actual time=0.020..0.020 rows=0 loops=194)
                    Index Cond: (id = mc.movie_id)
                    Filter: (kind_id > 1)
                    Rows Removed by Filter: 1
Planning time: 1.189 ms
Execution time: 7701.011 ms
