Seq Scan on movie_keyword mk  (cost=0.00..81003.12 rows=1728321 width=0) (actual time=0.026..1402.955 rows=1737798 loops=1)
  Filter: (keyword_id > 8088)
  Rows Removed by Filter: 2786132
Planning time: 0.279 ms
Execution time: 1615.284 ms
