Hash Join  (cost=102767.86..1123761.00 rows=8936859 width=0) (actual time=3626.927..27410.391 rows=10180611 loops=1)
  Hash Cond: (ci.movie_id = t.id)
  ->  Seq Scan on cast_info ci  (cost=0.00..796071.18 rows=8936859 width=4) (actual time=1701.351..16658.925 rows=10180611 loops=1)
        Filter: ((person_id > 935629) AND (role_id > 3))
        Rows Removed by Filter: 26063733
  ->  Hash  (cost=61283.27..61283.27 rows=2528527 width=4) (actual time=1924.015..1924.015 rows=2528312 loops=1)
        Buckets: 131072  Batches: 64  Memory Usage: 2415kB
        ->  Seq Scan on title t  (cost=0.00..61283.27 rows=2528527 width=4) (actual time=0.023..1093.763 rows=2528312 loops=1)
Planning time: 0.794 ms
Execution time: 28639.064 ms
