Hash Join  (cost=129792.28..215407.40 rows=16279 width=0) (actual time=2430.192..3563.985 rows=333526 loops=1)
  Hash Cond: (mk.movie_id = t.id)
  ->  Seq Scan on movie_keyword mk  (cost=0.00..81003.12 rows=1186455 width=4) (actual time=0.017..897.698 rows=1192805 loops=1)
        Filter: (keyword_id < 1439)
        Rows Removed by Filter: 3331125
  ->  Hash  (cost=129358.62..129358.62 rows=34693 width=8) (actual time=2429.704..2429.704 rows=50341 loops=1)
        Buckets: 65536  Batches: 1  Memory Usage: 2479kB
        ->  Hash Join  (cost=74346.17..129358.62 rows=34693 width=8) (actual time=1132.127..2411.709 rows=50341 loops=1)
              Hash Cond: (mc.movie_id = t.id)
              ->  Seq Scan on movie_companies mc  (cost=0.00..44881.29 rows=2609129 width=4) (actual time=0.014..646.534 rows=2609129 loops=1)
              ->  Hash  (cost=73925.90..73925.90 rows=33621 width=4) (actual time=1131.824..1131.824 rows=28104 loops=1)
                    Buckets: 65536  Batches: 1  Memory Usage: 1501kB
                    ->  Seq Scan on title t  (cost=0.00..73925.90 rows=33621 width=4) (actual time=21.144..1120.246 rows=28104 loops=1)
                          Filter: ((kind_id = 1) AND (production_year = 2009))
                          Rows Removed by Filter: 2500208
Planning time: 0.745 ms
Execution time: 3596.260 ms
