Hash Join  (cost=125377.19..491972.36 rows=193924 width=0) (actual time=2360.196..10173.634 rows=279937 loops=1)
  Hash Cond: (mi.movie_id = t.id)
  ->  Seq Scan on movie_info mi  (cost=0.00..309384.22 rows=14739122 width=4) (actual time=0.012..4426.379 rows=14835720 loops=1)
  ->  Hash  (cost=124961.34..124961.34 rows=33268 width=8) (actual time=2359.621..2359.621 rows=15892 loops=1)
        Buckets: 65536  Batches: 1  Memory Usage: 1133kB
        ->  Hash Join  (cost=68426.36..124961.34 rows=33268 width=8) (actual time=1325.706..2353.363 rows=15892 loops=1)
              Hash Cond: (mc.movie_id = t.id)
              ->  Seq Scan on movie_companies mc  (cost=0.00..51404.11 rows=1279517 width=4) (actual time=160.501..899.368 rows=1274246 loops=1)
                    Filter: (company_type_id = 1)
                    Rows Removed by Filter: 1334883
              ->  Hash  (cost=67604.59..67604.59 rows=65742 width=4) (actual time=1164.640..1164.640 rows=63827 loops=1)
                    Buckets: 131072  Batches: 1  Memory Usage: 3268kB
                    ->  Seq Scan on title t  (cost=0.00..67604.59 rows=65742 width=4) (actual time=0.058..1137.861 rows=63827 loops=1)
                          Filter: (production_year = 2013)
                          Rows Removed by Filter: 2464485
Planning time: 1.177 ms
Execution time: 10213.242 ms
