Hash Join  (cost=709675.59..1060649.05 rows=97 width=0) (actual time=13071.195..17045.521 rows=1 loops=1)
  Hash Cond: (mi.movie_id = t.id)
  ->  Seq Scan on movie_info mi  (cost=0.00..346232.03 rows=1264125 width=4) (actual time=1119.909..5586.139 rows=1288928 loops=1)
        Filter: (info_type_id = 2)
        Rows Removed by Filter: 13546792
  ->  Hash  (cost=709673.15..709673.15 rows=195 width=8) (actual time=11264.487..11264.487 rows=1 loops=1)
        Buckets: 1024  Batches: 1  Memory Usage: 9kB
        ->  Nested Loop  (cost=0.43..709673.15 rows=195 width=8) (actual time=9985.834..11264.449 rows=1 loops=1)
              ->  Seq Scan on cast_info ci  (cost=0.00..705507.15 rows=500 width=4) (actual time=9985.694..11264.304 rows=1 loops=1)
                    Filter: (person_id = 2113396)
                    Rows Removed by Filter: 36244343
              ->  Index Scan using title_pkey on title t  (cost=0.43..8.32 rows=1 width=4) (actual time=0.057..0.058 rows=1 loops=1)
                    Index Cond: (id = ci.movie_id)
                    Filter: (kind_id < 7)
Planning time: 1.194 ms
Execution time: 17045.648 ms
