Hash Join  (cost=622568.66..2221704.53 rows=32992664 width=0) (actual time=15869.359..84408.210 rows=122690448 loops=1)
  Hash Cond: (ci.movie_id = t.id)
  ->  Seq Scan on cast_info ci  (cost=0.00..614943.12 rows=36225612 width=4) (actual time=0.019..13990.277 rows=36244344 loops=1)
  ->  Hash  (cost=584786.80..584786.80 rows=2302869 width=8) (actual time=15867.898..15867.898 rows=3513726 loops=1)
        Buckets: 131072 (originally 131072)  Batches: 64 (originally 32)  Memory Usage: 3200kB
        ->  Hash Join  (cost=80408.18..584786.80 rows=2302869 width=8) (actual time=1296.745..15009.422 rows=3513726 loops=1)
              Hash Cond: (mi.movie_id = t.id)
              ->  Seq Scan on movie_info mi  (cost=0.00..309384.22 rows=14739122 width=4) (actual time=0.013..5950.556 rows=14835720 loops=1)
              ->  Hash  (cost=73925.90..73925.90 rows=395062 width=4) (actual time=1295.791..1295.791 rows=335993 loops=1)
                    Buckets: 131072  Batches: 8  Memory Usage: 2498kB
                    ->  Seq Scan on title t  (cost=0.00..73925.90 rows=395062 width=4) (actual time=0.025..1191.860 rows=335993 loops=1)
                          Filter: ((kind_id < 7) AND (production_year > 2005))
                          Rows Removed by Filter: 2192319
Planning time: 0.980 ms
Execution time: 100367.349 ms
