Hash Join  (cost=92883.59..254383.10 rows=2400484 width=0) (actual time=3053.199..5740.455 rows=567005 loops=1)
  Hash Cond: (mk.movie_id = t.id)
  ->  Seq Scan on movie_keyword mk  (cost=0.00..81003.12 rows=3939310 width=4) (actual time=0.027..1811.149 rows=3941361 loops=1)
        Filter: (keyword_id < 31464)
        Rows Removed by Filter: 582569
  ->  Hash  (cost=67604.59..67604.59 rows=1540800 width=4) (actual time=1829.759..1829.759 rows=1543264 loops=1)
        Buckets: 131072  Batches: 32  Memory Usage: 2728kB
        ->  Seq Scan on title t  (cost=0.00..67604.59 rows=1540800 width=4) (actual time=0.022..1321.105 rows=1543264 loops=1)
              Filter: (kind_id = 7)
              Rows Removed by Filter: 985048
Planning time: 0.718 ms
Execution time: 5808.333 ms
