Seq Scan on movie_keyword mk  (cost=0.00..81003.12 rows=39060 width=0) (actual time=0.035..1377.070 rows=31860 loops=1)
  Filter: (keyword_id < 38)
  Rows Removed by Filter: 4492070
Planning time: 0.344 ms
Execution time: 1382.427 ms
