Hash Join  (cost=75570.05..1180823.36 rows=6955315 width=0) (actual time=1402.266..32532.365 rows=5525432 loops=1)
  Hash Cond: (ci.movie_id = t.id)
  ->  Seq Scan on cast_info ci  (cost=0.00..614943.12 rows=36225612 width=4) (actual time=0.023..13474.386 rows=36244344 loops=1)
  ->  Hash  (cost=67604.59..67604.59 rows=485477 width=4) (actual time=1401.320..1401.320 rows=479601 loops=1)
        Buckets: 131072  Batches: 8  Memory Usage: 3125kB
        ->  Seq Scan on title t  (cost=0.00..67604.59 rows=485477 width=4) (actual time=0.024..1232.720 rows=479601 loops=1)
              Filter: (production_year < 1978)
              Rows Removed by Filter: 2048711
Planning time: 0.697 ms
Execution time: 33154.964 ms
