Hash Join  (cost=920608.02..989443.08 rows=148676 width=0) (actual time=17068.293..18870.456 rows=218709 loops=1)
  Hash Cond: (mc.movie_id = t.id)
  ->  Seq Scan on movie_companies mc  (cost=0.00..51404.11 rows=1279517 width=4) (actual time=0.020..993.315 rows=1274246 loops=1)
        Filter: (company_type_id = 1)
        Rows Removed by Filter: 1334883
  ->  Hash  (cost=915787.42..915787.42 rows=293808 width=8) (actual time=17067.459..17067.459 rows=108740 loops=1)
        Buckets: 131072  Batches: 4  Memory Usage: 2082kB
        ->  Hash Join  (cost=102767.86..915787.42 rows=293808 width=8) (actual time=12259.886..17031.014 rows=108740 loops=1)
              Hash Cond: (ci.movie_id = t.id)
              ->  Seq Scan on cast_info ci  (cost=0.00..796071.18 rows=293808 width=4) (actual time=10352.912..14608.573 rows=108740 loops=1)
                    Filter: ((person_id < 3058016) AND (role_id > 10))
                    Rows Removed by Filter: 36135604
              ->  Hash  (cost=61283.27..61283.27 rows=2528527 width=4) (actual time=1905.464..1905.464 rows=2528312 loops=1)
                    Buckets: 131072  Batches: 64  Memory Usage: 2415kB
                    ->  Seq Scan on title t  (cost=0.00..61283.27 rows=2528527 width=4) (actual time=0.018..1082.878 rows=2528312 loops=1)
Planning time: 1.152 ms
Execution time: 18893.317 ms
