Hash Join  (cost=154768.44..520368.95 rows=218096 width=0) (actual time=15467.920..26554.078 rows=409037 loops=1)
  Hash Cond: (mi.movie_id = t.id)
  ->  Seq Scan on movie_info mi  (cost=0.00..346232.03 rows=1348138 width=4) (actual time=6678.691..16652.704 rows=1298989 loops=1)
        Filter: (info_type_id = 4)
        Rows Removed by Filter: 13536731
  ->  Hash  (cost=148057.27..148057.27 rows=409054 width=8) (actual time=8788.169..8788.169 rows=436710 loops=1)
        Buckets: 131072  Batches: 8  Memory Usage: 3172kB
        ->  Hash Join  (cost=104131.46..148057.27 rows=409054 width=8) (actual time=6116.006..8641.563 rows=436710 loops=1)
              Hash Cond: (mi_idx.movie_id = t.id)
              ->  Seq Scan on movie_info_idx mi_idx  (cost=0.00..25185.44 rows=464566 width=4) (actual time=0.032..1568.183 rows=459925 loops=1)
                    Filter: (info_type_id = 101)
                    Rows Removed by Filter: 920110
              ->  Hash  (cost=67604.59..67604.59 rows=2226390 width=4) (actual time=6104.222..6104.222 rows=2224569 loops=1)
                    Buckets: 131072  Batches: 32  Memory Usage: 3463kB
                    ->  Seq Scan on title t  (cost=0.00..67604.59 rows=2226390 width=4) (actual time=0.026..4865.894 rows=2224569 loops=1)
                          Filter: (production_year < 2012)
                          Rows Removed by Filter: 303743
Planning time: 1.125 ms
Execution time: 26620.518 ms
