Seq Scan on movie_keyword mk  (cost=0.00..81003.12 rows=246 width=0) (actual time=0.253..3769.909 rows=1280 loops=1)
  Filter: (keyword_id = 5952)
  Rows Removed by Filter: 4522650
Planning time: 0.347 ms
Execution time: 3770.555 ms
