Hash Join  (cost=78930.19..142784.53 rows=186265 width=0) (actual time=4602.256..8312.751 rows=268395 loops=1)
  Hash Cond: (mc.movie_id = t.id)
  ->  Seq Scan on movie_companies mc  (cost=0.00..51404.11 rows=682289 width=4) (actual time=0.026..3047.933 rows=674060 loops=1)
        Filter: (company_id < 1102)
        Rows Removed by Filter: 1935069
  ->  Hash  (cost=67604.59..67604.59 rows=690288 width=4) (actual time=4601.286..4601.286 rows=684146 loops=1)
        Buckets: 131072  Batches: 16  Memory Usage: 2525kB
        ->  Seq Scan on title t  (cost=0.00..67604.59 rows=690288 width=4) (actual time=0.018..4031.307 rows=684146 loops=1)
              Filter: (production_year < 1990)
              Rows Removed by Filter: 1844166
Planning time: 0.771 ms
Execution time: 8352.788 ms
