Seq Scan on cast_info ci  (cost=0.00..705507.15 rows=500 width=0) (actual time=1614.176..31758.339 rows=72 loops=1)
  Filter: (person_id = 977843)
  Rows Removed by Filter: 36244272
Planning time: 0.339 ms
Execution time: 31758.454 ms
