Hash Join  (cost=188530.90..266864.39 rows=238196 width=0) (actual time=10367.228..15254.868 rows=1675123 loops=1)
  Hash Cond: (mc.movie_id = t.id)
  ->  Seq Scan on movie_companies mc  (cost=0.00..44881.29 rows=2609129 width=4) (actual time=0.015..3029.420 rows=2609129 loops=1)
  ->  Hash  (cost=184743.43..184743.43 rows=230838 width=8) (actual time=10366.245..10366.245 rows=181469 loops=1)
        Buckets: 131072  Batches: 4  Memory Usage: 2800kB
        ->  Hash Join  (cost=91123.00..184743.43 rows=230838 width=8) (actual time=5667.635..10301.024 rows=181469 loops=1)
              Hash Cond: (mk.movie_id = t.id)
              ->  Seq Scan on movie_keyword mk  (cost=0.00..81003.12 rows=407179 width=4) (actual time=0.019..4123.330 rows=401955 loops=1)
                    Filter: (keyword_id > 43159)
                    Rows Removed by Filter: 4121975
              ->  Hash  (cost=67604.59..67604.59 rows=1433473 width=4) (actual time=5665.926..5665.926 rows=1434466 loops=1)
                    Buckets: 131072  Batches: 32  Memory Usage: 2608kB
                    ->  Seq Scan on title t  (cost=0.00..67604.59 rows=1433473 width=4) (actual time=0.022..4636.421 rows=1434466 loops=1)
                          Filter: (production_year > 1999)
                          Rows Removed by Filter: 1093846
Planning time: 1.135 ms
Execution time: 15496.720 ms
