Hash Join  (cost=102767.86..938096.35 rows=1220881 width=0) (actual time=5557.508..40681.654 rows=2413992 loops=1)
  Hash Cond: (ci.movie_id = t.id)
  ->  Seq Scan on cast_info ci  (cost=0.00..796071.18 rows=1220881 width=4) (actual time=0.019..32277.692 rows=2413992 loops=1)
        Filter: ((person_id < 322321) AND (role_id = 1))
        Rows Removed by Filter: 33830352
  ->  Hash  (cost=61283.27..61283.27 rows=2528527 width=4) (actual time=5555.986..5555.986 rows=2528312 loops=1)
        Buckets: 131072  Batches: 64  Memory Usage: 2415kB
        ->  Seq Scan on title t  (cost=0.00..61283.27 rows=2528527 width=4) (actual time=0.017..4061.872 rows=2528312 loops=1)
Planning time: 0.722 ms
Execution time: 41006.882 ms
