Hash Join  (cost=438912.72..1197183.47 rows=748157 width=0) (actual time=19563.862..68383.393 rows=360491 loops=1)
  Hash Cond: (ci.movie_id = t.id)
  ->  Seq Scan on cast_info ci  (cost=0.00..614943.12 rows=36225612 width=4) (actual time=0.012..35096.313 rows=36244344 loops=1)
  ->  Hash  (cost=438259.96..438259.96 rows=52221 width=8) (actual time=19563.461..19563.461 rows=13050 loops=1)
        Buckets: 65536  Batches: 1  Memory Usage: 1022kB
        ->  Hash Join  (cost=75533.21..438259.96 rows=52221 width=8) (actual time=11772.180..19557.828 rows=13050 loops=1)
              Hash Cond: (mi.movie_id = t.id)
              ->  Seq Scan on movie_info mi  (cost=0.00..346232.03 rows=1348138 width=4) (actual time=8915.255..16041.884 rows=1298989 loops=1)
                    Filter: (info_type_id = 4)
                    Rows Removed by Filter: 13536731
              ->  Hash  (cost=73925.90..73925.90 rows=97944 width=4) (actual time=2856.021..2856.021 rows=106247 loops=1)
                    Buckets: 131072  Batches: 2  Memory Usage: 2896kB
                    ->  Seq Scan on title t  (cost=0.00..73925.90 rows=97944 width=4) (actual time=274.183..2803.430 rows=106247 loops=1)
                          Filter: ((kind_id = 7) AND (production_year = 2011))
                          Rows Removed by Filter: 2422065
Planning time: 1.164 ms
Execution time: 68473.438 ms
