Nested Loop  (cost=0.43..83071.67 rows=246 width=0) (actual time=0.121..3719.300 rows=898 loops=1)
  ->  Seq Scan on movie_keyword mk  (cost=0.00..81003.12 rows=246 width=4) (actual time=0.080..3564.535 rows=898 loops=1)
        Filter: (keyword_id = 1527)
        Rows Removed by Filter: 4523032
  ->  Index Only Scan using title_pkey on title t  (cost=0.43..8.40 rows=1 width=4) (actual time=0.170..0.171 rows=1 loops=898)
        Index Cond: (id = mk.movie_id)
        Heap Fetches: 898
Planning time: 0.721 ms
Execution time: 3719.761 ms
