Nested Loop  (cost=0.43..83072.90 rows=47 width=0) (actual time=592.666..4050.266 rows=48 loops=1)
  ->  Seq Scan on movie_keyword mk  (cost=0.00..81003.12 rows=246 width=4) (actual time=25.049..3948.784 rows=519 loops=1)
        Filter: (keyword_id = 1923)
        Rows Removed by Filter: 4523411
  ->  Index Scan using title_pkey on title t  (cost=0.43..8.40 rows=1 width=4) (actual time=0.193..0.193 rows=0 loops=519)
        Index Cond: (id = mk.movie_id)
        Filter: ((production_year > 2007) AND (kind_id = 7))
        Rows Removed by Filter: 1
Planning time: 0.700 ms
Execution time: 4050.378 ms
