Hash Join  (cost=84240.62..118415.58 rows=115602 width=0) (actual time=1306.400..2150.595 rows=178135 loops=1)
  Hash Cond: (mi_idx.movie_id = t.id)
  ->  Seq Scan on movie_info_idx mi_idx  (cost=0.00..25185.44 rows=464934 width=4) (actual time=0.016..496.708 rows=460185 loops=1)
        Filter: (info_type_id > 100)
        Rows Removed by Filter: 919850
  ->  Hash  (cost=73925.90..73925.90 rows=628697 width=4) (actual time=1305.364..1305.364 rows=532584 loops=1)
        Buckets: 131072  Batches: 16  Memory Usage: 2188kB
        ->  Seq Scan on title t  (cost=0.00..73925.90 rows=628697 width=4) (actual time=0.028..1136.040 rows=532584 loops=1)
              Filter: ((kind_id < 7) AND (production_year > 1995))
              Rows Removed by Filter: 1995728
Planning time: 0.792 ms
Execution time: 2171.586 ms
