Hash Join  (cost=179511.57..682280.54 rows=2152005 width=0) (actual time=9021.645..42260.383 rows=6344027 loops=1)
  Hash Cond: (mi.movie_id = t.id)
  ->  Seq Scan on movie_info mi  (cost=0.00..309384.22 rows=14739122 width=4) (actual time=0.014..21620.351 rows=14835720 loops=1)
  ->  Hash  (cost=173453.80..173453.80 rows=369181 width=8) (actual time=9020.868..9020.868 rows=490645 loops=1)
        Buckets: 131072  Batches: 8  Memory Usage: 3404kB
        ->  Hash Join  (cost=98137.04..173453.80 rows=369181 width=8) (actual time=5660.519..8824.125 rows=490645 loops=1)
              Hash Cond: (mc.movie_id = t.id)
              ->  Seq Scan on movie_companies mc  (cost=0.00..57926.93 rows=501604 width=4) (actual time=971.093..2804.393 rows=712103 loops=1)
                    Filter: ((company_id < 5456) AND (company_type_id < 2))
                    Rows Removed by Filter: 1897026
              ->  Hash  (cost=67604.59..67604.59 rows=1860996 width=4) (actual time=4688.607..4688.607 rows=1865487 loops=1)
                    Buckets: 131072  Batches: 32  Memory Usage: 3079kB
                    ->  Seq Scan on title t  (cost=0.00..67604.59 rows=1860996 width=4) (actual time=0.026..3883.348 rows=1865487 loops=1)
                          Filter: (kind_id > 1)
                          Rows Removed by Filter: 662825
Planning time: 1.162 ms
Execution time: 43191.158 ms
