Seq Scan on cast_info ci  (cost=0.00..705507.15 rows=16478602 width=0) (actual time=0.023..34119.472 rows=16614371 loops=1)
  Filter: (person_id > 1967285)
  Rows Removed by Filter: 19629973
Planning time: 0.365 ms
Execution time: 36811.359 ms
