Nested Loop  (cost=0.43..83072.90 rows=71 width=0) (actual time=2208.847..3233.895 rows=12 loops=1)
  ->  Seq Scan on movie_keyword mk  (cost=0.00..81003.12 rows=246 width=4) (actual time=1.490..3206.746 rows=179 loops=1)
        Filter: (keyword_id = 4453)
        Rows Removed by Filter: 4523751
  ->  Index Scan using title_pkey on title t  (cost=0.43..8.40 rows=1 width=4) (actual time=0.148..0.148 rows=0 loops=179)
        Index Cond: (id = mk.movie_id)
        Filter: ((production_year < 2003) AND (kind_id = 7))
        Rows Removed by Filter: 1
Planning time: 0.746 ms
Execution time: 3233.994 ms
