Seq Scan on cast_info ci  (cost=0.00..705507.15 rows=33621358 width=0) (actual time=0.100..41542.795 rows=33688767 loops=1)
  Filter: (person_id > 246798)
  Rows Removed by Filter: 2555577
Planning time: 0.684 ms
Execution time: 47149.474 ms
