Hash Join  (cost=83074.74..109986.57 rows=134 width=0) (actual time=3058.429..4455.833 rows=512 loops=1)
  Hash Cond: (mi_idx.movie_id = t.id)
  ->  Seq Scan on movie_info_idx mi_idx  (cost=0.00..21735.35 rows=1380035 width=4) (actual time=0.017..1081.826 rows=1380035 loops=1)
  ->  Hash  (cost=83071.67..83071.67 rows=246 width=8) (actual time=3056.424..3056.424 rows=253 loops=1)
        Buckets: 1024  Batches: 1  Memory Usage: 18kB
        ->  Nested Loop  (cost=0.43..83071.67 rows=246 width=8) (actual time=13.941..3056.083 rows=253 loops=1)
              ->  Seq Scan on movie_keyword mk  (cost=0.00..81003.12 rows=246 width=4) (actual time=8.249..3017.045 rows=253 loops=1)
                    Filter: (keyword_id = 225)
                    Rows Removed by Filter: 4523677
              ->  Index Only Scan using title_pkey on title t  (cost=0.43..8.40 rows=1 width=4) (actual time=0.150..0.151 rows=1 loops=253)
                    Index Cond: (id = mk.movie_id)
                    Heap Fetches: 253
Planning time: 1.055 ms
Execution time: 4456.066 ms
