Seq Scan on movie_companies mc  (cost=0.00..57926.93 rows=629335 width=0) (actual time=512.267..2409.492 rows=399354 loops=1)
  Filter: ((company_id < 11141) AND (company_type_id > 1))
  Rows Removed by Filter: 2209775
Planning time: 14.872 ms
Execution time: 2477.655 ms
