Hash Join  (cost=83073.64..476805.68 rows=540 width=0) (actual time=3594.120..25192.268 rows=733 loops=1)
  Hash Cond: (mi.movie_id = t.id)
  ->  Seq Scan on movie_info mi  (cost=0.00..346232.03 rows=12665229 width=4) (actual time=1.632..19295.550 rows=12744652 loops=1)
        Filter: (info_type_id > 2)
        Rows Removed by Filter: 2091068
  ->  Hash  (cost=83072.29..83072.29 rows=108 width=8) (actual time=3590.108..3590.108 rows=19 loops=1)
        Buckets: 1024  Batches: 1  Memory Usage: 9kB
        ->  Nested Loop  (cost=0.43..83072.29 rows=108 width=8) (actual time=495.167..3590.073 rows=19 loops=1)
              ->  Seq Scan on movie_keyword mk  (cost=0.00..81003.12 rows=246 width=4) (actual time=0.632..3583.081 rows=62 loops=1)
                    Filter: (keyword_id = 3420)
                    Rows Removed by Filter: 4523868
              ->  Index Scan using title_pkey on title t  (cost=0.43..8.40 rows=1 width=4) (actual time=0.107..0.107 rows=0 loops=62)
                    Index Cond: (id = mk.movie_id)
                    Filter: (production_year > 2004)
                    Rows Removed by Filter: 1
Planning time: 1.163 ms
Execution time: 25192.625 ms
