Nested Loop  (cost=0.43..83071.67 rows=246 width=0) (actual time=35.931..3445.744 rows=155 loops=1)
  ->  Seq Scan on movie_keyword mk  (cost=0.00..81003.12 rows=246 width=4) (actual time=35.840..3388.278 rows=155 loops=1)
        Filter: (keyword_id = 13546)
        Rows Removed by Filter: 4523775
  ->  Index Only Scan using title_pkey on title t  (cost=0.43..8.40 rows=1 width=4) (actual time=0.365..0.366 rows=1 loops=155)
        Index Cond: (id = mk.movie_id)
        Heap Fetches: 155
Planning time: 4.427 ms
Execution time: 3445.941 ms
