Nested Loop  (cost=0.43..709671.90 rows=500 width=0) (actual time=3284.961..31612.949 rows=45 loops=1)
  ->  Seq Scan on cast_info ci  (cost=0.00..705507.15 rows=500 width=4) (actual time=3284.892..31609.948 rows=45 loops=1)
        Filter: (person_id = 3350210)
        Rows Removed by Filter: 36244299
  ->  Index Only Scan using title_pkey on title t  (cost=0.43..8.32 rows=1 width=4) (actual time=0.065..0.066 rows=1 loops=45)
        Index Cond: (id = ci.movie_id)
        Heap Fetches: 45
Planning time: 0.779 ms
Execution time: 31613.033 ms
