Hash Join  (cost=74251.74..101304.49 rows=14227 width=0) (actual time=3172.251..4988.547 rows=6543 loops=1)
  Hash Cond: (mi_idx.movie_id = t.id)
  ->  Seq Scan on movie_info_idx mi_idx  (cost=0.00..21735.35 rows=1380035 width=4) (actual time=0.017..1310.159 rows=1380035 loops=1)
  ->  Hash  (cost=73925.90..73925.90 rows=26067 width=4) (actual time=3167.388..3167.388 rows=27085 loops=1)
        Buckets: 32768  Batches: 1  Memory Usage: 1209kB
        ->  Seq Scan on title t  (cost=0.00..73925.90 rows=26067 width=4) (actual time=0.031..3152.962 rows=27085 loops=1)
              Filter: ((kind_id < 7) AND (production_year > 2012))
              Rows Removed by Filter: 2501227
Planning time: 0.682 ms
Execution time: 4989.814 ms
