Hash Join  (cost=102767.86..942217.54 rows=1392154 width=0) (actual time=5651.886..48324.603 rows=4526651 loops=1)
  Hash Cond: (ci.movie_id = t.id)
  ->  Seq Scan on cast_info ci  (cost=0.00..796071.18 rows=1392154 width=4) (actual time=0.027..37209.221 rows=4526651 loops=1)
        Filter: ((person_id > 3053078) AND (role_id > 5))
        Rows Removed by Filter: 31717693
  ->  Hash  (cost=61283.27..61283.27 rows=2528527 width=4) (actual time=5650.558..5650.558 rows=2528312 loops=1)
        Buckets: 131072  Batches: 64  Memory Usage: 2415kB
        ->  Seq Scan on title t  (cost=0.00..61283.27 rows=2528527 width=4) (actual time=0.030..4475.961 rows=2528312 loops=1)
Planning time: 0.723 ms
Execution time: 49069.485 ms
