Hash Join  (cost=217858.32..780363.10 rows=7750486 width=0) (actual time=9721.283..48183.310 rows=19468013 loops=1)
  Hash Cond: (mi.movie_id = t.id)
  ->  Seq Scan on movie_info mi  (cost=0.00..309384.22 rows=14739122 width=4) (actual time=0.020..20828.802 rows=14835720 loops=1)
  ->  Hash  (cost=196044.17..196044.17 rows=1329612 width=8) (actual time=9720.187..9720.187 rows=1334883 loops=1)
        Buckets: 131072  Batches: 32  Memory Usage: 2657kB
        ->  Hash Join  (cost=102767.86..196044.17 rows=1329612 width=8) (actual time=5768.602..9268.121 rows=1334883 loops=1)
              Hash Cond: (mc.movie_id = t.id)
              ->  Seq Scan on movie_companies mc  (cost=0.00..51404.11 rows=1329612 width=4) (actual time=1017.822..2697.792 rows=1334883 loops=1)
                    Filter: (company_type_id > 1)
                    Rows Removed by Filter: 1274246
              ->  Hash  (cost=61283.27..61283.27 rows=2528527 width=4) (actual time=4749.393..4749.393 rows=2528312 loops=1)
                    Buckets: 131072  Batches: 64  Memory Usage: 2415kB
                    ->  Seq Scan on title t  (cost=0.00..61283.27 rows=2528527 width=4) (actual time=0.014..3667.495 rows=2528312 loops=1)
Planning time: 1.223 ms
Execution time: 50935.152 ms
