Hash Join  (cost=76690.42..443628.39 rows=295242 width=0) (actual time=12502.010..21047.810 rows=372801 loops=1)
  Hash Cond: (mi.movie_id = t.id)
  ->  Seq Scan on movie_info mi  (cost=0.00..346232.03 rows=1348138 width=4) (actual time=8384.736..15746.424 rows=1298989 loops=1)
        Filter: (info_type_id = 4)
        Rows Removed by Filter: 13536731
  ->  Hash  (cost=67604.59..67604.59 rows=553747 width=4) (actual time=4112.941..4112.941 rows=552960 loops=1)
        Buckets: 131072  Batches: 8  Memory Usage: 3452kB
        ->  Seq Scan on title t  (cost=0.00..67604.59 rows=553747 width=4) (actual time=0.022..3851.590 rows=552960 loops=1)
              Filter: (production_year < 1983)
              Rows Removed by Filter: 1975352
Planning time: 1.771 ms
Execution time: 21116.283 ms
