Hash Join  (cost=77474.80..542228.85 rows=810685 width=0) (actual time=1285.903..13132.663 rows=2807738 loops=1)
  Hash Cond: (mi.movie_id = t.id)
  ->  Seq Scan on movie_info mi  (cost=0.00..346232.03 rows=9476311 width=4) (actual time=0.019..6333.923 rows=9565151 loops=1)
        Filter: (info_type_id < 16)
        Rows Removed by Filter: 5270569
  ->  Hash  (cost=73925.90..73925.90 rows=216312 width=4) (actual time=1285.166..1285.166 rows=327454 loops=1)
        Buckets: 131072  Batches: 4  Memory Usage: 3908kB
        ->  Seq Scan on title t  (cost=0.00..73925.90 rows=216312 width=4) (actual time=0.056..1177.304 rows=327454 loops=1)
              Filter: ((kind_id < 7) AND (production_year < 1983))
              Rows Removed by Filter: 2200858
Planning time: 0.671 ms
Execution time: 13471.787 ms
