Hash Join  (cost=349646.47..1936024.42 rows=43194878 width=0) (actual time=15460.165..137410.213 rows=146589878 loops=1)
  Hash Cond: (ci.movie_id = t.id)
  ->  Seq Scan on cast_info ci  (cost=0.00..705507.15 rows=28333869 width=4) (actual time=0.018..51975.333 rows=28472824 loops=1)
        Filter: (person_id > 756535)
        Rows Removed by Filter: 7771520
  ->  Hash  (cost=286404.34..286404.34 rows=3854730 width=8) (actual time=15458.668..15458.668 rows=3853167 loops=1)
        Buckets: 131072  Batches: 64  Memory Usage: 3401kB
        ->  Hash Join  (cost=102767.86..286404.34 rows=3854730 width=8) (actual time=5923.124..14177.524 rows=3853167 loops=1)
              Hash Cond: (mk.movie_id = t.id)
              ->  Seq Scan on movie_keyword mk  (cost=0.00..81003.12 rows=3854730 width=4) (actual time=0.024..4354.983 rows=3853167 loops=1)
                    Filter: (keyword_id > 527)
                    Rows Removed by Filter: 670763
              ->  Hash  (cost=61283.27..61283.27 rows=2528527 width=4) (actual time=5896.500..5896.500 rows=2528312 loops=1)
                    Buckets: 131072  Batches: 64  Memory Usage: 2425kB
                    ->  Seq Scan on title t  (cost=0.00..61283.27 rows=2528527 width=4) (actual time=0.013..4591.417 rows=2528312 loops=1)
Planning time: 1.123 ms
Execution time: 158481.889 ms
