Hash Join  (cost=254485.36..792746.66 rows=6074516 width=0) (actual time=12693.650..43304.347 rows=3558619 loops=1)
  Hash Cond: (mi.movie_id = t.id)
  ->  Seq Scan on movie_info mi  (cost=0.00..346232.03 rows=9767026 width=4) (actual time=0.022..23566.912 rows=9911754 loops=1)
        Filter: (info_type_id > 4)
        Rows Removed by Filter: 4923966
  ->  Hash  (cost=228684.92..228684.92 rows=1572595 width=8) (actual time=12584.900..12584.900 rows=380870 loops=1)
        Buckets: 131072  Batches: 32  Memory Usage: 1479kB
        ->  Hash Join  (cost=93093.72..228684.92 rows=1572595 width=8) (actual time=4725.312..12420.747 rows=380870 loops=1)
              Hash Cond: (mk.movie_id = t.id)
              ->  Seq Scan on movie_keyword mk  (cost=0.00..81003.12 rows=2559424 width=4) (actual time=0.020..5414.026 rows=2549988 loops=1)
                    Filter: (keyword_id < 6426)
                    Rows Removed by Filter: 1973942
              ->  Hash  (cost=67604.59..67604.59 rows=1553611 width=4) (actual time=4599.591..4599.591 rows=1555864 loops=1)
                    Buckets: 131072  Batches: 32  Memory Usage: 2740kB
                    ->  Seq Scan on title t  (cost=0.00..67604.59 rows=1553611 width=4) (actual time=0.015..3935.463 rows=1555864 loops=1)
                          Filter: (kind_id > 4)
                          Rows Removed by Filter: 972448
Planning time: 1.160 ms
Execution time: 43834.377 ms
