Hash Join  (cost=916606.99..1282718.67 rows=119492 width=0) (actual time=58111.658..64740.579 rows=71849 loops=1)
  Hash Cond: (mi.movie_id = t.id)
  ->  Seq Scan on movie_info mi  (cost=0.00..346232.03 rows=1550064 width=4) (actual time=10716.411..16533.958 rows=1533909 loops=1)
        Filter: (info_type_id = 3)
        Rows Removed by Filter: 13301811
  ->  Hash  (cost=913408.49..913408.49 rows=194920 width=8) (actual time=47394.210..47394.210 rows=74894 loops=1)
        Buckets: 131072  Batches: 4  Memory Usage: 1760kB
        ->  Hash Join  (cost=102767.86..913408.49 rows=194920 width=8) (actual time=36784.252..47364.714 rows=74894 loops=1)
              Hash Cond: (ci.movie_id = t.id)
              ->  Seq Scan on cast_info ci  (cost=0.00..796071.18 rows=194920 width=4) (actual time=31371.855..41375.446 rows=74894 loops=1)
                    Filter: ((person_id < 2012666) AND (role_id > 10))
                    Rows Removed by Filter: 36169450
              ->  Hash  (cost=61283.27..61283.27 rows=2528527 width=4) (actual time=5392.151..5392.151 rows=2528312 loops=1)
                    Buckets: 131072  Batches: 64  Memory Usage: 2415kB
                    ->  Seq Scan on title t  (cost=0.00..61283.27 rows=2528527 width=4) (actual time=0.036..4138.692 rows=2528312 loops=1)
Planning time: 1.786 ms
Execution time: 64751.347 ms
