Seq Scan on title t  (cost=0.00..73925.90 rows=4532 width=0) (actual time=0.073..4038.889 rows=9242 loops=1)
  Filter: ((kind_id = 7) AND (production_year = 1984))
  Rows Removed by Filter: 2519070
Planning time: 11.747 ms
Execution time: 4041.311 ms
