Nested Loop  (cost=0.43..52283.69 rows=104 width=0) (actual time=64.027..2144.858 rows=934 loops=1)
  ->  Seq Scan on movie_companies mc  (cost=0.00..51404.11 rows=104 width=4) (actual time=61.052..2009.717 rows=934 loops=1)
        Filter: (company_id = 323)
        Rows Removed by Filter: 2608195
  ->  Index Only Scan using title_pkey on title t  (cost=0.43..8.45 rows=1 width=4) (actual time=0.143..0.143 rows=1 loops=934)
        Index Cond: (id = mc.movie_id)
        Heap Fetches: 934
Planning time: 1.454 ms
Execution time: 2145.275 ms
