Hash Join  (cost=102767.86..910847.86 rows=88543 width=0) (actual time=26740.401..37882.528 rows=158068 loops=1)
  Hash Cond: (ci.movie_id = t.id)
  ->  Seq Scan on cast_info ci  (cost=0.00..796071.18 rows=88543 width=4) (actual time=21071.344..31613.234 rows=158068 loops=1)
        Filter: ((person_id < 24774) AND (role_id < 2))
        Rows Removed by Filter: 36086276
  ->  Hash  (cost=61283.27..61283.27 rows=2528527 width=4) (actual time=5667.768..5667.768 rows=2528312 loops=1)
        Buckets: 131072  Batches: 64  Memory Usage: 2415kB
        ->  Seq Scan on title t  (cost=0.00..61283.27 rows=2528527 width=4) (actual time=0.015..4483.841 rows=2528312 loops=1)
Planning time: 3.755 ms
Execution time: 37903.400 ms
