Seq Scan on movie_companies mc  (cost=0.00..57926.93 rows=915199 width=0) (actual time=0.020..3396.168 rows=593572 loops=1)
  Filter: ((company_id < 28339) AND (company_type_id > 1))
  Rows Removed by Filter: 2015557
Planning time: 0.334 ms
Execution time: 3472.057 ms
