Seq Scan on movie_keyword mk  (cost=0.00..81003.12 rows=246 width=0) (actual time=51.221..3892.746 rows=56 loops=1)
  Filter: (keyword_id = 33457)
  Rows Removed by Filter: 4523874
Planning time: 0.340 ms
Execution time: 3892.883 ms
