Seq Scan on movie_companies mc  (cost=0.00..51404.11 rows=104 width=0) (actual time=0.120..2162.318 rows=2274 loops=1)
  Filter: (company_id = 2042)
  Rows Removed by Filter: 2606855
Planning time: 0.383 ms
Execution time: 2162.782 ms
