Nested Loop  (cost=0.43..83071.67 rows=246 width=0) (actual time=2.752..3957.204 rows=269 loops=1)
  ->  Seq Scan on movie_keyword mk  (cost=0.00..81003.12 rows=246 width=4) (actual time=2.687..3874.619 rows=269 loops=1)
        Filter: (keyword_id = 2553)
        Rows Removed by Filter: 4523661
  ->  Index Only Scan using title_pkey on title t  (cost=0.43..8.40 rows=1 width=4) (actual time=0.302..0.303 rows=1 loops=269)
        Index Cond: (id = mk.movie_id)
        Heap Fetches: 269
Planning time: 20.403 ms
Execution time: 3957.504 ms
