Hash Join  (cost=832324.71..957121.24 rows=453792 width=0) (actual time=44793.555..51663.185 rows=1373913 loops=1)
  Hash Cond: (mk.movie_id = t.id)
  ->  Seq Scan on movie_keyword mk  (cost=0.00..81003.12 rows=3276663 width=4) (actual time=0.024..4458.988 rows=3264342 loops=1)
        Filter: (keyword_id < 14245)
        Rows Removed by Filter: 1259588
  ->  Hash  (cost=826579.45..826579.45 rows=350181 width=8) (actual time=44792.632..44792.632 rows=316118 loops=1)
        Buckets: 131072  Batches: 8  Memory Usage: 2577kB
        ->  Hash Join  (cost=102767.86..826579.45 rows=350181 width=8) (actual time=17379.959..44684.066 rows=316118 loops=1)
              Hash Cond: (ci.movie_id = t.id)
              ->  Seq Scan on cast_info ci  (cost=0.00..705507.15 rows=350181 width=4) (actual time=12061.502..38590.635 rows=316118 loops=1)
                    Filter: (role_id > 10)
                    Rows Removed by Filter: 35928226
              ->  Hash  (cost=61283.27..61283.27 rows=2528527 width=4) (actual time=5317.095..5317.095 rows=2528312 loops=1)
                    Buckets: 131072  Batches: 64  Memory Usage: 2415kB
                    ->  Seq Scan on title t  (cost=0.00..61283.27 rows=2528527 width=4) (actual time=0.042..4125.434 rows=2528312 loops=1)
Planning time: 1.085 ms
Execution time: 51846.817 ms
