Seq Scan on movie_keyword mk  (cost=0.00..81003.12 rows=1297408 width=0) (actual time=0.016..1392.538 rows=1313563 loops=1)
  Filter: (keyword_id > 13383)
  Rows Removed by Filter: 3210367
Planning time: 0.359 ms
Execution time: 1553.155 ms
