Hash Join  (cost=28267.69..120015.95 rows=88 width=0) (actual time=922.560..5325.637 rows=10970 loops=1)
  Hash Cond: (mk.movie_id = t.id)
  ->  Seq Scan on movie_keyword mk  (cost=0.00..81003.12 rows=2865135 width=4) (actual time=0.020..3931.297 rows=2851788 loops=1)
        Filter: (keyword_id > 2560)
        Rows Removed by Filter: 1672142
  ->  Hash  (cost=28266.72..28266.72 rows=78 width=8) (actual time=918.672..918.672 rows=115 loops=1)
        Buckets: 1024  Batches: 1  Memory Usage: 13kB
        ->  Nested Loop  (cost=0.43..28266.72 rows=78 width=8) (actual time=89.460..918.612 rows=115 loops=1)
              ->  Seq Scan on movie_info_idx mi_idx  (cost=0.00..25185.44 rows=368 width=4) (actual time=89.370..900.021 rows=260 loops=1)
                    Filter: (info_type_id > 101)
                    Rows Removed by Filter: 1379775
              ->  Index Scan using title_pkey on title t  (cost=0.43..8.36 rows=1 width=4) (actual time=0.071..0.071 rows=0 loops=260)
                    Index Cond: (id = mi_idx.movie_id)
                    Filter: (production_year < 1982)
                    Rows Removed by Filter: 1
Planning time: 3.649 ms
Execution time: 5327.265 ms
