Hash Join  (cost=68078.69..414524.46 rows=822 width=0) (actual time=3460.546..17976.769 rows=2 loops=1)
  Hash Cond: (mi.movie_id = t.id)
  ->  Seq Scan on movie_info mi  (cost=0.00..346232.03 rows=54808 width=4) (actual time=372.483..14998.538 rows=50267 loops=1)
        Filter: (info_type_id > 107)
        Rows Removed by Filter: 14785453
  ->  Hash  (cost=67604.59..67604.59 rows=37928 width=4) (actual time=2953.195..2953.195 rows=35050 loops=1)
        Buckets: 65536  Batches: 1  Memory Usage: 1745kB
        ->  Seq Scan on title t  (cost=0.00..67604.59 rows=37928 width=4) (actual time=5.317..2937.928 rows=35050 loops=1)
              Filter: (production_year < 1912)
              Rows Removed by Filter: 2493262
Planning time: 0.785 ms
Execution time: 17976.990 ms
