Hash Join  (cost=1463067.98..3034381.43 rows=79848779 width=0) (actual time=64761.677..136883.646 rows=106802868 loops=1)
  Hash Cond: (mi.movie_id = t.id)
  ->  Seq Scan on movie_info mi  (cost=0.00..309384.22 rows=14739122 width=4) (actual time=0.027..24232.652 rows=14835720 loops=1)
  ->  Hash  (cost=1238331.18..1238331.18 rows=13698224 width=8) (actual time=64760.514..64760.514 rows=8313827 loops=1)
        Buckets: 131072  Batches: 256  Memory Usage: 2357kB
        ->  Hash Join  (cost=102767.86..1238331.18 rows=13698224 width=8) (actual time=9429.797..61276.125 rows=8313827 loops=1)
              Hash Cond: (ci.movie_id = t.id)
              ->  Seq Scan on cast_info ci  (cost=0.00..796071.18 rows=13698224 width=4) (actual time=3646.288..45216.663 rows=8313827 loops=1)
                    Filter: ((person_id < 2116396) AND (role_id > 1))
                    Rows Removed by Filter: 27930517
              ->  Hash  (cost=61283.27..61283.27 rows=2528527 width=4) (actual time=5782.126..5782.126 rows=2528312 loops=1)
                    Buckets: 131072  Batches: 64  Memory Usage: 2415kB
                    ->  Seq Scan on title t  (cost=0.00..61283.27 rows=2528527 width=4) (actual time=0.023..4662.443 rows=2528312 loops=1)
Planning time: 18.993 ms
Execution time: 152065.343 ms
