Hash Join  (cost=102767.86..1105353.10 rows=8171819 width=0) (actual time=17874.072..43970.580 rows=4208056 loops=1)
  Hash Cond: (ci.movie_id = t.id)
  ->  Seq Scan on cast_info ci  (cost=0.00..796071.18 rows=8171819 width=4) (actual time=12625.710..33567.050 rows=4208056 loops=1)
        Filter: ((person_id > 2154649) AND (role_id < 3))
        Rows Removed by Filter: 32036288
  ->  Hash  (cost=61283.27..61283.27 rows=2528527 width=4) (actual time=5247.019..5247.019 rows=2528312 loops=1)
        Buckets: 131072  Batches: 64  Memory Usage: 2415kB
        ->  Seq Scan on title t  (cost=0.00..61283.27 rows=2528527 width=4) (actual time=0.017..4170.894 rows=2528312 loops=1)
Planning time: 0.762 ms
Execution time: 44551.111 ms
