Hash Join  (cost=100963.37..465782.34 rows=16302 width=0) (actual time=4625.545..24972.572 rows=54237 loops=1)
  Hash Cond: (mi.movie_id = t.id)
  ->  Seq Scan on movie_info mi  (cost=0.00..309384.22 rows=14739122 width=4) (actual time=0.022..16130.135 rows=14835720 loops=1)
  ->  Hash  (cost=100928.41..100928.41 rows=2797 width=8) (actual time=4624.668..4624.668 rows=4824 loops=1)
        Buckets: 8192 (originally 4096)  Batches: 1 (originally 1)  Memory Usage: 253kB
        ->  Hash Join  (cost=73989.96..100928.41 rows=2797 width=8) (actual time=2961.682..4622.609 rows=4824 loops=1)
              Hash Cond: (mi_idx.movie_id = t.id)
              ->  Seq Scan on movie_info_idx mi_idx  (cost=0.00..21735.35 rows=1380035 width=4) (actual time=0.010..1234.901 rows=1380035 loops=1)
              ->  Hash  (cost=73925.90..73925.90 rows=5124 width=4) (actual time=2961.586..2961.586 rows=9091 loops=1)
                    Buckets: 16384 (originally 8192)  Batches: 1 (originally 1)  Memory Usage: 448kB
                    ->  Seq Scan on title t  (cost=0.00..73925.90 rows=5124 width=4) (actual time=436.624..2957.382 rows=9091 loops=1)
                          Filter: ((kind_id = 4) AND (production_year = 2007))
                          Rows Removed by Filter: 2519221
Planning time: 1.177 ms
Execution time: 24983.080 ms
