Seq Scan on movie_companies mc  (cost=0.00..57926.93 rows=51 width=0) (actual time=2553.557..2814.902 rows=1 loops=1)
  Filter: ((company_type_id < 2) AND (company_id = 42565))
  Rows Removed by Filter: 2609128
Planning time: 5.668 ms
Execution time: 2815.001 ms
