Seq Scan on movie_companies mc  (cost=0.00..57926.93 rows=636596 width=0) (actual time=0.027..3021.439 rows=867607 loops=1)
  Filter: ((company_id < 11245) AND (company_type_id = 1))
  Rows Removed by Filter: 1741522
Planning time: 0.419 ms
Execution time: 3232.138 ms
