Seq Scan on movie_keyword mk  (cost=0.00..81003.12 rows=2343940 width=0) (actual time=0.025..4243.956 rows=2343710 loops=1)
  Filter: (keyword_id < 5215)
  Rows Removed by Filter: 2180220
Planning time: 0.326 ms
Execution time: 4625.682 ms
