Seq Scan on cast_info ci  (cost=0.00..796071.18 rows=11399008 width=0) (actual time=0.021..34635.009 rows=12483459 loops=1)
  Filter: ((person_id < 1288504) AND (role_id < 10))
  Rows Removed by Filter: 23760885
Planning time: 0.397 ms
Execution time: 36849.144 ms
