Hash Join  (cost=67697.55..160770.96 rows=9393 width=0) (actual time=1094.678..3091.315 rows=25153 loops=1)
  Hash Cond: (mk.movie_id = t.id)
  ->  Seq Scan on movie_keyword mk  (cost=0.00..81003.12 rows=3193696 width=4) (actual time=0.013..1479.780 rows=3174622 loops=1)
        Filter: (keyword_id > 1753)
        Rows Removed by Filter: 1349308
  ->  Hash  (cost=67604.59..67604.59 rows=7437 width=4) (actual time=1092.036..1092.036 rows=14770 loops=1)
        Buckets: 16384 (originally 8192)  Batches: 1 (originally 1)  Memory Usage: 648kB
        ->  Seq Scan on title t  (cost=0.00..67604.59 rows=7437 width=4) (actual time=0.026..1084.968 rows=14770 loops=1)
              Filter: (production_year = 1982)
              Rows Removed by Filter: 2513542
Planning time: 0.521 ms
Execution time: 3094.962 ms
