Seq Scan on movie_keyword mk  (cost=0.00..81003.12 rows=3249533 width=0) (actual time=0.017..4415.409 rows=3237625 loops=1)
  Filter: (keyword_id > 1661)
  Rows Removed by Filter: 1286305
Planning time: 0.330 ms
Execution time: 4999.973 ms
