Hash Join  (cost=139498.48..226266.11 rows=10959 width=0) (actual time=6916.798..12131.535 rows=68261 loops=1)
  Hash Cond: (mk.movie_id = t.id)
  ->  Seq Scan on movie_keyword mk  (cost=0.00..69693.30 rows=4523930 width=4) (actual time=0.013..3996.269 rows=4523930 loops=1)
  ->  Hash  (cost=139421.92..139421.92 rows=6125 width=8) (actual time=6911.733..6911.733 rows=1380 loops=1)
        Buckets: 8192  Batches: 1  Memory Usage: 118kB
        ->  Hash Join  (cost=78556.72..139421.92 rows=6125 width=8) (actual time=4324.663..6910.971 rows=1380 loops=1)
              Hash Cond: (mc.movie_id = t.id)
              ->  Seq Scan on movie_companies mc  (cost=0.00..57926.93 rows=23202 width=4) (actual time=0.237..2796.532 rows=42064 loops=1)
                    Filter: ((company_type_id = 1) AND (company_id = 19))
                    Rows Removed by Filter: 2567065
              ->  Hash  (cost=67604.59..67604.59 rows=667531 width=4) (actual time=3899.052..3899.052 rows=662825 loops=1)
                    Buckets: 131072  Batches: 16  Memory Usage: 2476kB
                    ->  Seq Scan on title t  (cost=0.00..67604.59 rows=667531 width=4) (actual time=208.391..3613.584 rows=662825 loops=1)
                          Filter: (kind_id = 1)
                          Rows Removed by Filter: 1865487
Planning time: 1.033 ms
Execution time: 12145.468 ms
