Hash Join  (cost=101489.21..586523.22 rows=5089643 width=0) (actual time=1985.525..13268.865 rows=5464910 loops=1)
  Hash Cond: (mi.movie_id = t.id)
  ->  Seq Scan on movie_info mi  (cost=0.00..346232.03 rows=6231111 width=4) (actual time=0.014..6414.540 rows=6223494 loops=1)
        Filter: (info_type_id > 8)
        Rows Removed by Filter: 8612226
  ->  Hash  (cost=67604.59..67604.59 rows=2065330 width=4) (actual time=1984.287..1984.287 rows=2064552 loops=1)
        Buckets: 131072  Batches: 32  Memory Usage: 3298kB
        ->  Seq Scan on title t  (cost=0.00..67604.59 rows=2065330 width=4) (actual time=0.011..1339.887 rows=2064552 loops=1)
              Filter: (production_year < 2011)
              Rows Removed by Filter: 463760
Planning time: 0.760 ms
Execution time: 13872.801 ms
