Hash Join  (cost=81025.55..122770.61 rows=236157 width=0) (actual time=1373.675..2546.628 rows=314770 loops=1)
  Hash Cond: (mi_idx.movie_id = t.id)
  ->  Seq Scan on movie_info_idx mi_idx  (cost=0.00..21735.35 rows=1380035 width=4) (actual time=0.024..418.681 rows=1380035 loops=1)
  ->  Hash  (cost=73925.90..73925.90 rows=432692 width=4) (actual time=1372.800..1372.800 rows=368246 loops=1)
        Buckets: 131072  Batches: 8  Memory Usage: 2639kB
        ->  Seq Scan on title t  (cost=0.00..73925.90 rows=432692 width=4) (actual time=0.035..1261.904 rows=368246 loops=1)
              Filter: ((kind_id < 7) AND (production_year > 2004))
              Rows Removed by Filter: 2160066
Planning time: 0.716 ms
Execution time: 2586.367 ms
