Hash Join  (cost=147765.61..1213425.35 rows=3101057 width=0) (actual time=6640.815..64101.111 rows=9826006 loops=1)
  Hash Cond: (ci.movie_id = t.id)
  ->  Seq Scan on cast_info ci  (cost=0.00..614943.12 rows=36225612 width=4) (actual time=0.017..36593.974 rows=36244344 loops=1)
  ->  Hash  (cost=144213.96..144213.96 rows=216452 width=8) (actual time=6640.141..6640.141 rows=179029 loops=1)
        Buckets: 131072  Batches: 4  Memory Usage: 2768kB
        ->  Hash Join  (cost=78556.72..144213.96 rows=216452 width=8) (actual time=3149.043..6586.393 rows=179029 loops=1)
              Hash Cond: (mc.movie_id = t.id)
              ->  Seq Scan on movie_companies mc  (cost=0.00..51404.11 rows=819894 width=4) (actual time=0.019..2184.820 rows=811770 loops=1)
                    Filter: (company_id < 1879)
                    Rows Removed by Filter: 1797359
              ->  Hash  (cost=67604.59..67604.59 rows=667531 width=4) (actual time=3148.234..3148.234 rows=662825 loops=1)
                    Buckets: 131072  Batches: 16  Memory Usage: 2476kB
                    ->  Seq Scan on title t  (cost=0.00..67604.59 rows=667531 width=4) (actual time=0.023..2896.104 rows=662825 loops=1)
                          Filter: (kind_id = 1)
                          Rows Removed by Filter: 1865487
Planning time: 2.583 ms
Execution time: 65242.083 ms
