Hash Join  (cost=83074.74..833899.15 rows=3524 width=0) (actual time=3871.033..47941.538 rows=20121 loops=1)
  Hash Cond: (ci.movie_id = t.id)
  ->  Seq Scan on cast_info ci  (cost=0.00..614943.12 rows=36225612 width=4) (actual time=0.026..34459.383 rows=36244344 loops=1)
  ->  Hash  (cost=83071.67..83071.67 rows=246 width=8) (actual time=3863.090..3863.090 rows=601 loops=1)
        Buckets: 1024  Batches: 1  Memory Usage: 32kB
        ->  Nested Loop  (cost=0.43..83071.67 rows=246 width=8) (actual time=9.052..3862.442 rows=601 loops=1)
              ->  Seq Scan on movie_keyword mk  (cost=0.00..81003.12 rows=246 width=4) (actual time=8.937..3704.353 rows=601 loops=1)
                    Filter: (keyword_id = 969)
                    Rows Removed by Filter: 4523329
              ->  Index Only Scan using title_pkey on title t  (cost=0.43..8.40 rows=1 width=4) (actual time=0.260..0.260 rows=1 loops=601)
                    Index Cond: (id = mk.movie_id)
                    Heap Fetches: 601
Planning time: 1.166 ms
Execution time: 47948.772 ms
