Hash Join  (cost=189208.30..616167.34 rows=1073943 width=0) (actual time=8982.320..29213.518 rows=1109382 loops=1)
  Hash Cond: (mi.movie_id = t.id)
  ->  Seq Scan on movie_info mi  (cost=0.00..346232.03 rows=5897221 width=4) (actual time=0.027..16651.359 rows=5884963 loops=1)
        Filter: (info_type_id < 7)
        Rows Removed by Filter: 8950757
  ->  Hash  (cost=181653.43..181653.43 rows=460470 width=8) (actual time=8981.399..8981.399 rows=262106 loops=1)
        Buckets: 131072  Batches: 8  Memory Usage: 2317kB
        ->  Hash Join  (cost=102767.86..181653.43 rows=460470 width=8) (actual time=5170.922..8900.495 rows=262106 loops=1)
              Hash Cond: (mc.movie_id = t.id)
              ->  Seq Scan on movie_companies mc  (cost=0.00..57926.93 rows=460470 width=4) (actual time=0.021..3060.945 rows=262106 loops=1)
                    Filter: ((company_id < 2893) AND (company_type_id = 2))
                    Rows Removed by Filter: 2347023
              ->  Hash  (cost=61283.27..61283.27 rows=2528527 width=4) (actual time=5168.837..5168.837 rows=2528312 loops=1)
                    Buckets: 131072  Batches: 64  Memory Usage: 2415kB
                    ->  Seq Scan on title t  (cost=0.00..61283.27 rows=2528527 width=4) (actual time=0.006..4112.099 rows=2528312 loops=1)
Planning time: 13.996 ms
Execution time: 29371.058 ms
