Hash Join  (cost=101154.56..852420.24 rows=47646 width=0) (actual time=1722.029..18934.623 rows=179727 loops=1)
  Hash Cond: (ci.movie_id = t.id)
  ->  Seq Scan on cast_info ci  (cost=0.00..614943.12 rows=36225612 width=4) (actual time=0.016..9006.395 rows=36244344 loops=1)
  ->  Hash  (cost=101112.99..101112.99 rows=3326 width=8) (actual time=1721.855..1721.855 rows=6116 loops=1)
        Buckets: 8192 (originally 4096)  Batches: 1 (originally 1)  Memory Usage: 303kB
        ->  Hash Join  (cost=74152.17..101112.99 rows=3326 width=8) (actual time=1146.458..1718.970 rows=6116 loops=1)
              Hash Cond: (mi_idx.movie_id = t.id)
              ->  Seq Scan on movie_info_idx mi_idx  (cost=0.00..25185.44 rows=464566 width=4) (actual time=0.023..472.331 rows=459925 loops=1)
                    Filter: (info_type_id = 101)
                    Rows Removed by Filter: 920110
              ->  Hash  (cost=73925.90..73925.90 rows=18101 width=4) (actual time=1146.075..1146.075 rows=14120 loops=1)
                    Buckets: 32768  Batches: 1  Memory Usage: 753kB
                    ->  Seq Scan on title t  (cost=0.00..73925.90 rows=18101 width=4) (actual time=0.364..1139.815 rows=14120 loops=1)
                          Filter: ((kind_id < 6) AND (production_year = 1998))
                          Rows Removed by Filter: 2514192
Planning time: 1.311 ms
Execution time: 18968.288 ms
