Hash Join  (cost=73950.44..438720.80 rows=11443 width=0) (actual time=1015.597..8545.248 rows=39103 loops=1)
  Hash Cond: (mi.movie_id = t.id)
  ->  Seq Scan on movie_info mi  (cost=0.00..309384.22 rows=14739122 width=4) (actual time=0.014..4447.749 rows=14835720 loops=1)
  ->  Hash  (cost=73925.90..73925.90 rows=1963 width=4) (actual time=1015.278..1015.278 rows=3338 loops=1)
        Buckets: 4096 (originally 2048)  Batches: 1 (originally 1)  Memory Usage: 150kB
        ->  Seq Scan on title t  (cost=0.00..73925.90 rows=1963 width=4) (actual time=0.063..1013.609 rows=3338 loops=1)
              Filter: ((kind_id = 1) AND (production_year = 1962))
              Rows Removed by Filter: 2524974
Planning time: 0.545 ms
Execution time: 8552.810 ms
