Seq Scan on movie_keyword mk  (cost=0.00..81003.12 rows=246 width=0) (actual time=88.541..1229.393 rows=12 loops=1)
  Filter: (keyword_id = 9537)
  Rows Removed by Filter: 4523918
Planning time: 1.334 ms
Execution time: 1229.500 ms
