Hash Join  (cost=58375.85..411398.64 rows=38 width=0) (actual time=1343.613..6603.379 rows=28 loops=1)
  Hash Cond: (mi.movie_id = t.id)
  ->  Seq Scan on movie_info mi  (cost=0.00..346232.03 rows=1810770 width=4) (actual time=444.850..5522.451 rows=1865632 loops=1)
        Filter: (info_type_id > 17)
        Rows Removed by Filter: 12970088
  ->  Hash  (cost=58375.18..58375.18 rows=53 width=8) (actual time=821.439..821.439 rows=17 loops=1)
        Buckets: 1024  Batches: 1  Memory Usage: 9kB
        ->  Nested Loop  (cost=0.43..58375.18 rows=53 width=8) (actual time=440.596..821.411 rows=17 loops=1)
              ->  Seq Scan on movie_companies mc  (cost=0.00..57926.93 rows=53 width=4) (actual time=440.504..820.543 rows=17 loops=1)
                    Filter: ((company_id = 4632) AND (company_type_id = 2))
                    Rows Removed by Filter: 2609112
              ->  Index Only Scan using title_pkey on title t  (cost=0.43..8.45 rows=1 width=4) (actual time=0.044..0.045 rows=1 loops=17)
                    Index Cond: (id = mc.movie_id)
                    Heap Fetches: 17
Planning time: 1.165 ms
Execution time: 6603.509 ms
