Hash Join  (cost=84832.42..221325.07 rows=1189361 width=0) (actual time=1509.477..5462.083 rows=478615 loops=1)
  Hash Cond: (mk.movie_id = t.id)
  ->  Seq Scan on movie_keyword mk  (cost=0.00..69693.30 rows=4523930 width=4) (actual time=0.018..1290.615 rows=4523930 loops=1)
  ->  Hash  (cost=73925.90..73925.90 rows=664761 width=4) (actual time=1506.441..1506.441 rows=704326 loops=1)
        Buckets: 131072  Batches: 16  Memory Usage: 2581kB
        ->  Seq Scan on title t  (cost=0.00..73925.90 rows=664761 width=4) (actual time=0.031..1261.493 rows=704326 loops=1)
              Filter: ((kind_id > 1) AND (production_year > 2006))
              Rows Removed by Filter: 1823986
Planning time: 0.770 ms
Execution time: 5514.202 ms
