Seq Scan on movie_keyword mk  (cost=0.00..81003.12 rows=2282032 width=0) (actual time=0.029..1548.655 rows=2283421 loops=1)
  Filter: (keyword_id < 4843)
  Rows Removed by Filter: 2240509
Planning time: 0.339 ms
Execution time: 1839.367 ms
