Seq Scan on movie_info mi  (cost=0.00..346232.03 rows=17937 width=0) (actual time=1213.997..5473.669 rows=18205 loops=1)
  Filter: (info_type_id = 11)
  Rows Removed by Filter: 14817515
Planning time: 0.333 ms
Execution time: 5476.039 ms
