Seq Scan on cast_info ci  (cost=0.00..705507.15 rows=13440470 width=0) (actual time=0.021..12358.546 rows=13587693 loops=1)
  Filter: (person_id > 2312498)
  Rows Removed by Filter: 22656651
Planning time: 0.354 ms
Execution time: 14075.078 ms
