Hash Join  (cost=153453.20..639300.50 rows=566137 width=0) (actual time=3502.699..19205.660 rows=10324020 loops=1)
  Hash Cond: (mi.movie_id = t.id)
  ->  Seq Scan on movie_info mi  (cost=0.00..309384.22 rows=14739122 width=4) (actual time=0.024..5964.095 rows=14835720 loops=1)
  ->  Hash  (cost=151859.17..151859.17 rows=97122 width=8) (actual time=3501.901..3501.901 rows=470857 loops=1)
        Buckets: 131072 (originally 131072)  Batches: 4 (originally 2)  Memory Usage: 5652kB
        ->  Hash Join  (cost=75470.43..151859.17 rows=97122 width=8) (actual time=1310.643..3341.712 rows=470857 loops=1)
              Hash Cond: (mc.movie_id = t.id)
              ->  Seq Scan on movie_companies mc  (cost=0.00..44881.29 rows=2609129 width=4) (actual time=0.026..844.975 rows=2609129 loops=1)
              ->  Hash  (cost=73925.90..73925.90 rows=94122 width=4) (actual time=1172.057..1172.057 rows=222154 loops=1)
                    Buckets: 131072 (originally 131072)  Batches: 4 (originally 2)  Memory Usage: 3073kB
                    ->  Seq Scan on title t  (cost=0.00..73925.90 rows=94122 width=4) (actual time=454.037..1091.773 rows=222154 loops=1)
                          Filter: ((production_year < 1969) AND (kind_id = 1))
                          Rows Removed by Filter: 2306158
Planning time: 1.237 ms
Execution time: 20391.205 ms
