Hash Join  (cost=83072.93..109987.04 rows=1 width=0) (actual time=1480.948..1871.114 rows=14 loops=1)
  Hash Cond: (mi_idx.movie_id = t.id)
  ->  Seq Scan on movie_info_idx mi_idx  (cost=0.00..25185.44 rows=460978 width=4) (actual time=0.030..413.571 rows=459925 loops=1)
        Filter: (info_type_id < 100)
        Rows Removed by Filter: 920110
  ->  Hash  (cost=83072.90..83072.90 rows=2 width=8) (actual time=1395.213..1395.213 rows=15 loops=1)
        Buckets: 1024  Batches: 1  Memory Usage: 9kB
        ->  Nested Loop  (cost=0.43..83072.90 rows=2 width=8) (actual time=103.596..1395.184 rows=15 loops=1)
              ->  Seq Scan on movie_keyword mk  (cost=0.00..81003.12 rows=246 width=4) (actual time=0.628..1328.320 rows=1442 loops=1)
                    Filter: (keyword_id = 837)
                    Rows Removed by Filter: 4522488
              ->  Index Scan using title_pkey on title t  (cost=0.43..8.40 rows=1 width=4) (actual time=0.045..0.045 rows=0 loops=1442)
                    Index Cond: (id = mk.movie_id)
                    Filter: ((kind_id < 7) AND (production_year = 2002))
                    Rows Removed by Filter: 1
Planning time: 1.215 ms
Execution time: 1871.258 ms
