Hash Join  (cost=89759.38..471644.96 rows=11738 width=0) (actual time=1302.518..8253.812 rows=21614 loops=1)
  Hash Cond: (mi.movie_id = t.id)
  ->  Seq Scan on movie_info mi  (cost=0.00..346232.03 rows=9476311 width=4) (actual time=295.194..5653.962 rows=9565151 loops=1)
        Filter: (info_type_id < 16)
        Rows Removed by Filter: 5270569
  ->  Hash  (cost=89720.24..89720.24 rows=3132 width=8) (actual time=1005.762..1005.762 rows=3777 loops=1)
        Buckets: 4096  Batches: 1  Memory Usage: 180kB
        ->  Nested Loop  (cost=0.43..89720.24 rows=3132 width=8) (actual time=0.446..1003.735 rows=3777 loops=1)
              ->  Seq Scan on movie_companies mc  (cost=0.00..57926.93 rows=4255 width=4) (actual time=0.400..868.464 rows=4675 loops=1)
                    Filter: ((company_type_id > 1) AND (company_id = 225))
                    Rows Removed by Filter: 2604454
              ->  Index Scan using title_pkey on title t  (cost=0.43..7.46 rows=1 width=4) (actual time=0.028..0.028 rows=1 loops=4675)
                    Index Cond: (id = mc.movie_id)
                    Filter: (kind_id > 1)
                    Rows Removed by Filter: 0
Planning time: 1.215 ms
Execution time: 8258.389 ms
