Seq Scan on movie_keyword mk  (cost=0.00..81003.12 rows=1282943 width=0) (actual time=0.019..1337.090 rows=1296072 loops=1)
  Filter: (keyword_id < 1682)
  Rows Removed by Filter: 3227858
Planning time: 0.236 ms
Execution time: 1495.469 ms
