Seq Scan on cast_info ci  (cost=0.00..705507.15 rows=14343420 width=0) (actual time=0.030..12047.441 rows=14498639 loops=1)
  Filter: (person_id > 2210243)
  Rows Removed by Filter: 21745705
Planning time: 0.255 ms
Execution time: 13774.185 ms
