Hash Join  (cost=174865.45..1045745.56 rows=1698089 width=0) (actual time=4019.543..22876.386 rows=5794206 loops=1)
  Hash Cond: (ci.movie_id = t.id)
  ->  Seq Scan on cast_info ci  (cost=0.00..796071.18 rows=4692010 width=4) (actual time=0.029..13451.897 rows=7295034 loops=1)
        Filter: ((person_id > 2939798) AND (role_id > 1))
        Rows Removed by Filter: 28949310
  ->  Hash  (cost=159851.69..159851.69 rows=915101 width=8) (actual time=4018.543..4018.543 rows=919850 loops=1)
        Buckets: 131072  Batches: 16  Memory Usage: 3269kB
        ->  Hash Join  (cost=102767.86..159851.69 rows=915101 width=8) (actual time=1954.014..3764.949 rows=919850 loops=1)
              Hash Cond: (mi_idx.movie_id = t.id)
              ->  Seq Scan on movie_info_idx mi_idx  (cost=0.00..25185.44 rows=915101 width=4) (actual time=0.016..652.107 rows=919850 loops=1)
                    Filter: (info_type_id < 101)
                    Rows Removed by Filter: 460185
              ->  Hash  (cost=61283.27..61283.27 rows=2528527 width=4) (actual time=1952.350..1952.350 rows=2528312 loops=1)
                    Buckets: 131072  Batches: 64  Memory Usage: 2415kB
                    ->  Seq Scan on title t  (cost=0.00..61283.27 rows=2528527 width=4) (actual time=0.032..1075.169 rows=2528312 loops=1)
Planning time: 1.845 ms
Execution time: 23539.424 ms
