Seq Scan on movie_companies mc  (cost=0.00..57926.93 rows=1684 width=0) (actual time=120.215..927.453 rows=1996 loops=1)
  Filter: ((company_type_id > 1) AND (company_id = 14002))
  Rows Removed by Filter: 2607133
Planning time: 0.375 ms
Execution time: 927.905 ms
