Hash Join  (cost=77232.60..155149.32 rows=207919 width=0) (actual time=1186.466..3589.465 rows=633203 loops=1)
  Hash Cond: (mc.movie_id = t.id)
  ->  Seq Scan on movie_companies mc  (cost=0.00..44881.29 rows=2609129 width=4) (actual time=0.025..979.053 rows=2609129 loops=1)
  ->  Hash  (cost=73925.90..73925.90 rows=201496 width=4) (actual time=1185.700..1185.700 rows=307194 loops=1)
        Buckets: 131072  Batches: 4  Memory Usage: 3727kB
        ->  Seq Scan on title t  (cost=0.00..73925.90 rows=201496 width=4) (actual time=0.018..1087.395 rows=307194 loops=1)
              Filter: ((kind_id < 7) AND (production_year < 1980))
              Rows Removed by Filter: 2221118
Planning time: 0.881 ms
Execution time: 3667.135 ms
