Seq Scan on movie_keyword mk  (cost=0.00..81003.12 rows=246 width=0) (actual time=4.458..1148.663 rows=71 loops=1)
  Filter: (keyword_id = 24707)
  Rows Removed by Filter: 4523859
Planning time: 0.336 ms
Execution time: 1148.805 ms
