Seq Scan on cast_info ci  (cost=0.00..705507.15 rows=31366635 width=0) (actual time=0.008..13221.265 rows=31500483 loops=1)
  Filter: (person_id > 460338)
  Rows Removed by Filter: 4743861
Planning time: 0.303 ms
Execution time: 17130.099 ms
