Hash Join  (cost=102767.86..301255.07 rows=4471882 width=0) (actual time=2806.093..9103.555 rows=4475978 loops=1)
  Hash Cond: (mk.movie_id = t.id)
  ->  Seq Scan on movie_keyword mk  (cost=0.00..81003.12 rows=4471882 width=4) (actual time=0.034..1862.563 rows=4475978 loops=1)
        Filter: (keyword_id > 47)
        Rows Removed by Filter: 47952
  ->  Hash  (cost=61283.27..61283.27 rows=2528527 width=4) (actual time=2804.909..2804.909 rows=2528312 loops=1)
        Buckets: 131072  Batches: 64  Memory Usage: 2425kB
        ->  Seq Scan on title t  (cost=0.00..61283.27 rows=2528527 width=4) (actual time=0.004..1173.192 rows=2528312 loops=1)
Planning time: 0.732 ms
Execution time: 9635.123 ms
