Seq Scan on cast_info ci  (cost=0.00..705507.15 rows=500 width=0) (actual time=892.725..9741.014 rows=312 loops=1)
  Filter: (person_id = 2818385)
  Rows Removed by Filter: 36244032
Planning time: 0.361 ms
Execution time: 9741.134 ms
