Hash Join  (cost=169379.39..1347425.17 rows=14041363 width=0) (actual time=4073.848..44994.808 rows=32379547 loops=1)
  Hash Cond: (ci.movie_id = t.id)
  ->  Seq Scan on cast_info ci  (cost=0.00..614943.12 rows=36225612 width=4) (actual time=0.025..13077.841 rows=36244344 loops=1)
  ->  Hash  (cost=153299.40..153299.40 rows=980079 width=8) (actual time=4072.730..4072.730 rows=1127306 loops=1)
        Buckets: 131072  Batches: 16  Memory Usage: 3788kB
        ->  Hash Join  (cost=97066.09..153299.40 rows=980079 width=8) (actual time=1926.044..3725.250 rows=1127306 loops=1)
              Hash Cond: (mi_idx.movie_id = t.id)
              ->  Seq Scan on movie_info_idx mi_idx  (cost=0.00..21735.35 rows=1380035 width=4) (actual time=0.030..406.002 rows=1380035 loops=1)
              ->  Hash  (cost=67604.59..67604.59 rows=1795720 width=4) (actual time=1925.030..1925.030 rows=1794153 loops=1)
                    Buckets: 131072  Batches: 32  Memory Usage: 2992kB
                    ->  Seq Scan on title t  (cost=0.00..67604.59 rows=1795720 width=4) (actual time=0.015..1348.408 rows=1794153 loops=1)
                          Filter: (production_year < 2009)
                          Rows Removed by Filter: 734159
Planning time: 1.115 ms
Execution time: 48695.488 ms
