Seq Scan on title t  (cost=0.00..73925.90 rows=284418 width=0) (actual time=187.441..1020.456 rows=382296 loops=1)
  Filter: ((kind_id < 2) AND (production_year < 2001))
  Rows Removed by Filter: 2146016
Planning time: 2.982 ms
Execution time: 1068.963 ms
