Seq Scan on movie_info mi  (cost=0.00..346232.03 rows=1550064 width=75) (actual time=0.019..7641.403 rows=1533909 loops=1)
  Filter: (info_type_id = 3)
  Rows Removed by Filter: 13301811
Planning time: 0.467 ms
Execution time: 7722.198 ms
