Hash Join  (cost=177628.28..326498.84 rows=840152 width=156) (actual time=4062.012..11799.789 rows=8583388 loops=1)
  Hash Cond: (mk.movie_id = t.id)
  ->  Seq Scan on movie_keyword mk  (cost=0.00..69693.30 rows=4523930 width=12) (actual time=12.894..1483.097 rows=4523930 loops=1)
  ->  Hash  (cost=162127.53..162127.53 rows=469580 width=144) (actual time=4047.739..4047.739 rows=854105 loops=1)
        Buckets: 32768  Batches: 32  Memory Usage: 3708kB
        ->  Hash Join  (cost=90963.25..162127.53 rows=469580 width=144) (actual time=1767.274..3547.482 rows=854105 loops=1)
              Hash Cond: (mi_idx.movie_id = t.id)
              ->  Seq Scan on movie_info_idx mi_idx  (cost=0.00..21735.35 rows=1380035 width=50) (actual time=0.015..435.862 rows=1380035 loops=1)
              ->  Hash  (cost=67604.59..67604.59 rows=860373 width=94) (actual time=1766.585..1766.585 rows=854214 loops=1)
                    Buckets: 32768  Batches: 32  Memory Usage: 3184kB
                    ->  Seq Scan on title t  (cost=0.00..67604.59 rows=860373 width=94) (actual time=0.018..1429.890 rows=854214 loops=1)
                          Filter: (kind_id < 4)
                          Rows Removed by Filter: 1674098
Planning time: 0.891 ms
Execution time: 12275.088 ms
