Hash Join  (cost=225992.76..674023.62 rows=2247372 width=0) (actual time=10379.407..30681.788 rows=13345998 loops=1)
  Hash Cond: (mi.movie_id = t.id)
  ->  Seq Scan on movie_info mi  (cost=0.00..346232.03 rows=5897221 width=4) (actual time=866.793..14814.326 rows=5884963 loops=1)
        Filter: (info_type_id < 7)
        Rows Removed by Filter: 8950757
  ->  Hash  (cost=210182.79..210182.79 rows=963597 width=8) (actual time=9468.648..9468.648 rows=1343967 loops=1)
        Buckets: 131072 (originally 131072)  Batches: 32 (originally 16)  Memory Usage: 3073kB
        ->  Hash Join  (cost=76440.79..210182.79 rows=963597 width=8) (actual time=3354.840..9045.687 rows=1343967 loops=1)
              Hash Cond: (mk.movie_id = t.id)
              ->  Seq Scan on movie_keyword mk  (cost=0.00..69693.30 rows=4523930 width=4) (actual time=0.023..3330.794 rows=4523930 loops=1)
              ->  Hash  (cost=67604.59..67604.59 rows=538576 width=4) (actual time=3354.088..3354.088 rows=538190 loops=1)
                    Buckets: 131072  Batches: 8  Memory Usage: 3387kB
                    ->  Seq Scan on title t  (cost=0.00..67604.59 rows=538576 width=4) (actual time=0.017..3139.794 rows=538190 loops=1)
                          Filter: (production_year < 1982)
                          Rows Removed by Filter: 1990122
Planning time: 3.389 ms
Execution time: 32260.505 ms
