Hash Join  (cost=148866.50..949531.96 rows=62 width=0) (actual time=7029.381..36061.612 rows=5 loops=1)
  Hash Cond: (ci.movie_id = t.id)
  ->  Seq Scan on cast_info ci  (cost=0.00..796071.18 rows=1224975 width=4) (actual time=284.830..30331.263 rows=716378 loops=1)
        Filter: ((person_id < 337385) AND (role_id > 3))
        Rows Removed by Filter: 35527966
  ->  Hash  (cost=148864.90..148864.90 rows=128 width=8) (actual time=5603.109..5603.109 rows=25 loops=1)
        Buckets: 1024  Batches: 1  Memory Usage: 9kB
        ->  Hash Join  (cost=67697.55..148864.90 rows=128 width=8) (actual time=3117.909..5603.028 rows=25 loops=1)
              Hash Cond: (mk.movie_id = t.id)
              ->  Seq Scan on movie_keyword mk  (cost=0.00..81003.12 rows=43452 width=4) (actual time=0.031..2729.308 rows=38892 loops=1)
                    Filter: (keyword_id < 47)
                    Rows Removed by Filter: 4485038
              ->  Hash  (cost=67604.59..67604.59 rows=7437 width=4) (actual time=2861.703..2861.703 rows=4597 loops=1)
                    Buckets: 8192  Batches: 1  Memory Usage: 226kB
                    ->  Seq Scan on title t  (cost=0.00..67604.59 rows=7437 width=4) (actual time=0.090..2859.418 rows=4597 loops=1)
                          Filter: (production_year = 1910)
                          Rows Removed by Filter: 2523715
Planning time: 7.889 ms
Execution time: 36061.709 ms
