Hash Join  (cost=108512.73..463441.71 rows=46714 width=0) (actual time=11652.271..21495.930 rows=36428 loops=1)
  Hash Cond: (mi.movie_id = t.id)
  ->  Seq Scan on movie_info mi  (cost=0.00..346232.03 rows=2194617 width=4) (actual time=6454.390..16149.847 rows=2233850 loops=1)
        Filter: (info_type_id > 16)
        Rows Removed by Filter: 12601870
  ->  Hash  (cost=107839.95..107839.95 rows=53822 width=8) (actual time=4820.624..4820.624 rows=19082 loops=1)
        Buckets: 65536  Batches: 1  Memory Usage: 1258kB
        ->  Hash Join  (cost=69223.25..107839.95 rows=53822 width=8) (actual time=3350.918..4813.959 rows=19082 loops=1)
              Hash Cond: (mi_idx.movie_id = t.id)
              ->  Seq Scan on movie_info_idx mi_idx  (cost=0.00..21735.35 rows=1380035 width=4) (actual time=0.028..1303.203 rows=1380035 loops=1)
              ->  Hash  (cost=67604.59..67604.59 rows=98613 width=4) (actual time=3009.469..3009.469 rows=98579 loops=1)
                    Buckets: 131072  Batches: 2  Memory Usage: 2754kB
                    ->  Seq Scan on title t  (cost=0.00..67604.59 rows=98613 width=4) (actual time=0.034..2903.765 rows=98579 loops=1)
                          Filter: (production_year < 1924)
                          Rows Removed by Filter: 2429733
Planning time: 1.529 ms
Execution time: 21502.049 ms
