Hash Join  (cost=102176.26..189362.30 rows=52800 width=0) (actual time=4469.624..9204.835 rows=1482722 loops=1)
  Hash Cond: (mk.movie_id = t.id)
  ->  Seq Scan on movie_keyword mk  (cost=0.00..69693.30 rows=4523930 width=4) (actual time=0.022..2736.526 rows=4523930 loops=1)
  ->  Hash  (cost=101807.37..101807.37 rows=29511 width=8) (actual time=4469.032..4469.032 rows=102096 loops=1)
        Buckets: 131072 (originally 32768)  Batches: 2 (originally 1)  Memory Usage: 3073kB
        ->  Hash Join  (cost=74601.78..101807.37 rows=29511 width=8) (actual time=2850.788..4431.829 rows=102096 loops=1)
              Hash Cond: (mi_idx.movie_id = t.id)
              ->  Seq Scan on movie_info_idx mi_idx  (cost=0.00..21735.35 rows=1380035 width=4) (actual time=0.022..1052.631 rows=1380035 loops=1)
              ->  Hash  (cost=73925.90..73925.90 rows=54070 width=4) (actual time=2669.725..2669.725 rows=177199 loops=1)
                    Buckets: 131072 (originally 65536)  Batches: 4 (originally 1)  Memory Usage: 3073kB
                    ->  Seq Scan on title t  (cost=0.00..73925.90 rows=54070 width=4) (actual time=7.762..2589.214 rows=177199 loops=1)
                          Filter: ((production_year < 1956) AND (kind_id = 1))
                          Rows Removed by Filter: 2351113
Planning time: 1.079 ms
Execution time: 9396.893 ms
