Hash Join  (cost=428839.18..526541.23 rows=108040 width=0) (actual time=16849.526..21108.650 rows=623732 loops=1)
  Hash Cond: (mk.movie_id = t.id)
  ->  Seq Scan on movie_keyword mk  (cost=0.00..81003.12 rows=4164941 width=4) (actual time=0.015..3315.026 rows=4167299 loops=1)
        Filter: (keyword_id < 46841)
        Rows Removed by Filter: 356631
  ->  Hash  (cost=428019.29..428019.29 rows=65591 width=8) (actual time=16848.808..16848.808 rows=70554 loops=1)
        Buckets: 131072  Batches: 1  Memory Usage: 3781kB
        ->  Hash Join  (cost=70965.72..428019.29 rows=65591 width=8) (actual time=14777.120..16822.644 rows=70554 loops=1)
              Hash Cond: (mi.movie_id = t.id)
              ->  Seq Scan on movie_info mi  (cost=0.00..346232.03 rows=809768 width=4) (actual time=10902.752..12509.534 rows=802140 loops=1)
                    Filter: (info_type_id < 2)
                    Rows Removed by Filter: 14033580
              ->  Hash  (cost=67604.59..67604.59 rows=204811 width=4) (actual time=3871.767..3871.767 rows=202996 loops=1)
                    Buckets: 131072  Batches: 4  Memory Usage: 2814kB
                    ->  Seq Scan on title t  (cost=0.00..67604.59 rows=204811 width=4) (actual time=0.224..3521.449 rows=202996 loops=1)
                          Filter: (production_year < 1956)
                          Rows Removed by Filter: 2325316
Planning time: 1.139 ms
Execution time: 21198.362 ms
