Seq Scan on movie_keyword mk  (cost=0.00..81003.12 rows=246 width=0) (actual time=1.301..2800.965 rows=2535 loops=1)
  Filter: (keyword_id = 1078)
  Rows Removed by Filter: 4521395
Planning time: 0.237 ms
Execution time: 2801.926 ms
