Hash Join  (cost=100948.70..465748.84 rows=14419 width=0) (actual time=6304.843..24301.634 rows=39414 loops=1)
  Hash Cond: (mi.movie_id = t.id)
  ->  Seq Scan on movie_info mi  (cost=0.00..309384.22 rows=14739122 width=4) (actual time=0.012..15446.554 rows=14835720 loops=1)
  ->  Hash  (cost=100917.78..100917.78 rows=2474 width=8) (actual time=5097.645..5097.645 rows=4527 loops=1)
        Buckets: 8192 (originally 4096)  Batches: 1 (originally 1)  Memory Usage: 241kB
        ->  Hash Join  (cost=73982.55..100917.78 rows=2474 width=8) (actual time=3433.265..5093.962 rows=4527 loops=1)
              Hash Cond: (mi_idx.movie_id = t.id)
              ->  Seq Scan on movie_info_idx mi_idx  (cost=0.00..21735.35 rows=1380035 width=4) (actual time=0.023..1303.677 rows=1380035 loops=1)
              ->  Hash  (cost=73925.90..73925.90 rows=4532 width=4) (actual time=3431.932..3431.932 rows=11996 loops=1)
                    Buckets: 16384 (originally 8192)  Batches: 1 (originally 1)  Memory Usage: 550kB
                    ->  Seq Scan on title t  (cost=0.00..73925.90 rows=4532 width=4) (actual time=0.392..3425.428 rows=11996 loops=1)
                          Filter: ((kind_id = 7) AND (production_year = 1987))
                          Rows Removed by Filter: 2516316
Planning time: 1.081 ms
Execution time: 24307.517 ms
