Seq Scan on movie_keyword mk  (cost=0.00..81003.12 rows=181438 width=0) (actual time=0.024..1416.696 rows=181372 loops=1)
  Filter: (keyword_id > 71605)
  Rows Removed by Filter: 4342558
Planning time: 1.052 ms
Execution time: 1440.992 ms
