Hash Join  (cost=102767.86..1234895.06 rows=17319142 width=0) (actual time=1815.093..30453.805 rows=17204150 loops=1)
  Hash Cond: (ci.movie_id = t.id)
  ->  Seq Scan on cast_info ci  (cost=0.00..705507.15 rows=17319142 width=4) (actual time=0.019..14032.279 rows=17204150 loops=1)
        Filter: (person_id < 1699284)
        Rows Removed by Filter: 19040194
  ->  Hash  (cost=61283.27..61283.27 rows=2528527 width=4) (actual time=1813.625..1813.625 rows=2528312 loops=1)
        Buckets: 131072  Batches: 64  Memory Usage: 2415kB
        ->  Seq Scan on title t  (cost=0.00..61283.27 rows=2528527 width=4) (actual time=0.008..997.975 rows=2528312 loops=1)
Planning time: 0.778 ms
Execution time: 32433.492 ms
