Seq Scan on cast_info ci  (cost=0.00..796071.18 rows=10381567 width=0) (actual time=8767.267..15920.543 rows=11038499 loops=1)
  Filter: ((person_id > 514649) AND (role_id > 3))
  Rows Removed by Filter: 25205845
Planning time: 0.413 ms
Execution time: 17251.977 ms
