Hash Join  (cost=169520.74..922778.70 rows=246875 width=0) (actual time=2957.262..22117.452 rows=2325648 loops=1)
  Hash Cond: (ci.movie_id = t.id)
  ->  Seq Scan on cast_info ci  (cost=0.00..614943.12 rows=36225612 width=4) (actual time=0.015..9127.561 rows=36244344 loops=1)
  ->  Hash  (cost=169305.35..169305.35 rows=17232 width=8) (actual time=2956.751..2956.751 rows=47494 loops=1)
        Buckets: 65536 (originally 32768)  Batches: 1 (originally 1)  Memory Usage: 2368kB
        ->  Hash Join  (cost=74071.18..169305.35 rows=17232 width=8) (actual time=1156.251..2942.494 rows=47494 loops=1)
              Hash Cond: (mk.movie_id = t.id)
              ->  Seq Scan on movie_keyword mk  (cost=0.00..81003.12 rows=3748992 width=4) (actual time=0.024..1254.899 rows=3740508 loops=1)
                    Filter: (keyword_id < 24057)
                    Rows Removed by Filter: 783422
              ->  Hash  (cost=73925.90..73925.90 rows=11622 width=4) (actual time=1155.260..1155.260 rows=11141 loops=1)
                    Buckets: 16384  Batches: 1  Memory Usage: 520kB
                    ->  Seq Scan on title t  (cost=0.00..73925.90 rows=11622 width=4) (actual time=0.056..1150.228 rows=11141 loops=1)
                          Filter: ((kind_id < 7) AND (production_year = 1994))
                          Rows Removed by Filter: 2517171
Planning time: 1.141 ms
Execution time: 22419.700 ms
