Hash Join  (cost=478612.02..563701.07 rows=728253 width=0) (actual time=8818.368..10430.871 rows=348443 loops=1)
  Hash Cond: (mc.movie_id = t.id)
  ->  Seq Scan on movie_companies mc  (cost=0.00..44881.29 rows=2609129 width=4) (actual time=0.035..899.435 rows=2609129 loops=1)
  ->  Hash  (cost=467033.07..467033.07 rows=705756 width=8) (actual time=8369.451..8369.451 rows=145883 loops=1)
        Buckets: 131072  Batches: 16  Memory Usage: 1380kB
        ->  Hash Join  (cost=92883.59..467033.07 rows=705756 width=8) (actual time=3088.629..8322.566 rows=145883 loops=1)
              Hash Cond: (mi.movie_id = t.id)
              ->  Seq Scan on movie_info mi  (cost=0.00..346232.03 rows=1158179 width=4) (actual time=1302.178..5447.628 rows=1204709 loops=1)
                    Filter: (info_type_id > 18)
                    Rows Removed by Filter: 13631011
              ->  Hash  (cost=67604.59..67604.59 rows=1540800 width=4) (actual time=1689.061..1689.061 rows=1543264 loops=1)
                    Buckets: 131072  Batches: 32  Memory Usage: 2728kB
                    ->  Seq Scan on title t  (cost=0.00..67604.59 rows=1540800 width=4) (actual time=0.035..1187.292 rows=1543264 loops=1)
                          Filter: (kind_id = 7)
                          Rows Removed by Filter: 985048
Planning time: 1.124 ms
Execution time: 10469.587 ms
