Seq Scan on movie_keyword mk  (cost=0.00..81003.12 rows=5278 width=0) (actual time=0.297..1355.491 rows=4458 loops=1)
  Filter: (keyword_id = 3434)
  Rows Removed by Filter: 4519472
Planning time: 0.401 ms
Execution time: 1356.567 ms
