Hash Join  (cost=69374.09..1008885.26 rows=508580 width=0) (actual time=1028.669..21866.913 rows=582265 loops=1)
  Hash Cond: (ci.movie_id = t.id)
  ->  Seq Scan on cast_info ci  (cost=0.00..796071.18 rows=11929117 width=4) (actual time=0.011..14736.080 rows=13672915 loops=1)
        Filter: ((person_id < 1529855) AND (role_id < 6))
        Rows Removed by Filter: 22571429
  ->  Hash  (cost=67604.59..67604.59 rows=107800 width=4) (actual time=1027.925..1027.925 rows=108429 loops=1)
        Buckets: 131072  Batches: 2  Memory Usage: 2931kB
        ->  Seq Scan on title t  (cost=0.00..67604.59 rows=107800 width=4) (actual time=0.029..987.837 rows=108429 loops=1)
              Filter: (production_year = 2006)
              Rows Removed by Filter: 2419883
Planning time: 0.724 ms
Execution time: 21946.680 ms
