Seq Scan on movie_keyword mk  (cost=0.00..81003.12 rows=4097872 width=0) (actual time=0.026..1487.243 rows=4085328 loops=1)
  Filter: (keyword_id > 338)
  Rows Removed by Filter: 438602
Planning time: 0.351 ms
Execution time: 1979.029 ms
