Hash Join  (cost=79930.86..124658.84 rows=410050 width=0) (actual time=1319.936..2633.624 rows=504823 loops=1)
  Hash Cond: (mi_idx.movie_id = t.id)
  ->  Seq Scan on movie_info_idx mi_idx  (cost=0.00..21735.35 rows=1380035 width=4) (actual time=0.011..424.240 rows=1380035 loops=1)
  ->  Hash  (cost=67604.59..67604.59 rows=751302 width=4) (actual time=1319.078..1319.078 rows=755902 loops=1)
        Buckets: 131072  Batches: 16  Memory Usage: 2685kB
        ->  Seq Scan on title t  (cost=0.00..67604.59 rows=751302 width=4) (actual time=0.019..1084.186 rows=755902 loops=1)
              Filter: (production_year < 1993)
              Rows Removed by Filter: 1772410
Planning time: 0.679 ms
Execution time: 2697.118 ms
