Hash Join  (cost=208059.02..353765.78 rows=1945672 width=0) (actual time=4602.798..10441.683 rows=10554476 loops=1)
  Hash Cond: (mk.movie_id = t.id)
  ->  Seq Scan on movie_keyword mk  (cost=0.00..69693.30 rows=4523930 width=4) (actual time=0.017..1509.618 rows=4523930 loops=1)
  ->  Hash  (cost=190217.52..190217.52 rows=1087480 width=8) (actual time=4601.801..4601.801 rows=1104018 loops=1)
        Buckets: 131072  Batches: 16  Memory Usage: 3750kB
        ->  Hash Join  (cost=102767.86..190217.52 rows=1087480 width=8) (actual time=1943.501..4254.061 rows=1104018 loops=1)
              Hash Cond: (mc.movie_id = t.id)
              ->  Seq Scan on movie_companies mc  (cost=0.00..51404.11 rows=1087480 width=4) (actual time=0.013..971.420 rows=1104018 loops=1)
                    Filter: (company_id > 14048)
                    Rows Removed by Filter: 1505111
              ->  Hash  (cost=61283.27..61283.27 rows=2528527 width=4) (actual time=1941.760..1941.760 rows=2528312 loops=1)
                    Buckets: 131072  Batches: 64  Memory Usage: 2415kB
                    ->  Seq Scan on title t  (cost=0.00..61283.27 rows=2528527 width=4) (actual time=0.024..1113.793 rows=2528312 loops=1)
Planning time: 1.063 ms
Execution time: 11580.829 ms
