Hash Join  (cost=148944.27..909786.66 rows=1005323 width=0) (actual time=2356.710..21287.413 rows=759062 loops=1)
  Hash Cond: (ci.movie_id = t.id)
  ->  Seq Scan on cast_info ci  (cost=0.00..614943.12 rows=36225612 width=4) (actual time=0.022..8149.369 rows=36244344 loops=1)
  ->  Hash  (cost=148067.13..148067.13 rows=70171 width=8) (actual time=2355.425..2355.425 rows=42052 loops=1)
        Buckets: 131072  Batches: 1  Memory Usage: 2667kB
        ->  Hash Join  (cost=83661.18..148067.13 rows=70171 width=8) (actual time=1564.653..2340.898 rows=42052 loops=1)
              Hash Cond: (mc.movie_id = t.id)
              ->  Seq Scan on movie_companies mc  (cost=0.00..57926.93 rows=299015 width=4) (actual time=202.761..816.969 rows=160992 loops=1)
                    Filter: ((company_id < 656) AND (company_type_id = 2))
                    Rows Removed by Filter: 2448137
              ->  Hash  (cost=73925.90..73925.90 rows=593382 width=4) (actual time=1360.897..1360.897 rows=486368 loops=1)
                    Buckets: 131072  Batches: 8  Memory Usage: 3147kB
                    ->  Seq Scan on title t  (cost=0.00..73925.90 rows=593382 width=4) (actual time=299.664..1203.258 rows=486368 loops=1)
                          Filter: ((production_year < 1999) AND (kind_id = 7))
                          Rows Removed by Filter: 2041944
Planning time: 1.332 ms
Execution time: 21388.724 ms
