Seq Scan on movie_companies mc  (cost=0.00..57926.93 rows=1091649 width=0) (actual time=0.029..1101.338 rows=1217735 loops=1)
  Filter: ((company_id > 394) AND (company_type_id > 1))
  Rows Removed by Filter: 1391394
Planning time: 0.300 ms
Execution time: 1253.221 ms
