Seq Scan on cast_info ci  (cost=0.00..705507.15 rows=3095109 width=0) (actual time=5282.318..11204.471 rows=3154786 loops=1)
  Filter: (person_id > 3480731)
  Rows Removed by Filter: 33089558
Planning time: 0.305 ms
Execution time: 11606.944 ms
