Hash Join  (cost=84571.72..567226.81 rows=2431790 width=0) (actual time=1707.248..14579.363 rows=5649320 loops=1)
  Hash Cond: (mi.movie_id = t.id)
  ->  Seq Scan on movie_info mi  (cost=0.00..346232.03 rows=9476311 width=4) (actual time=208.922..6723.661 rows=9565151 loops=1)
        Filter: (info_type_id < 16)
        Rows Removed by Filter: 5270569
  ->  Hash  (cost=73925.90..73925.90 rows=648865 width=4) (actual time=1386.120..1386.120 rows=656311 loops=1)
        Buckets: 131072  Batches: 16  Memory Usage: 2471kB
        ->  Seq Scan on title t  (cost=0.00..73925.90 rows=648865 width=4) (actual time=0.028..1184.718 rows=656311 loops=1)
              Filter: ((kind_id < 2) AND (production_year > 0))
              Rows Removed by Filter: 1872001
Planning time: 0.730 ms
Execution time: 15206.150 ms
