Hash Join  (cost=102767.86..270498.54 rows=3193696 width=0) (actual time=1994.586..6384.640 rows=3174622 loops=1)
  Hash Cond: (mk.movie_id = t.id)
  ->  Seq Scan on movie_keyword mk  (cost=0.00..81003.12 rows=3193696 width=4) (actual time=0.022..1727.494 rows=3174622 loops=1)
        Filter: (keyword_id > 1753)
        Rows Removed by Filter: 1349308
  ->  Hash  (cost=61283.27..61283.27 rows=2528527 width=4) (actual time=1992.785..1992.785 rows=2528312 loops=1)
        Buckets: 131072  Batches: 64  Memory Usage: 2425kB
        ->  Seq Scan on title t  (cost=0.00..61283.27 rows=2528527 width=4) (actual time=0.015..1143.516 rows=2528312 loops=1)
Planning time: 0.645 ms
Execution time: 6762.166 ms
