Seq Scan on title t  (cost=0.00..73925.90 rows=118297 width=0) (actual time=0.026..1195.707 rows=122606 loops=1)
  Filter: ((kind_id > 1) AND (production_year = 2011))
  Rows Removed by Filter: 2405706
Planning time: 0.414 ms
Execution time: 1213.328 ms
