Hash Join  (cost=83074.74..109963.59 rows=44 width=0) (actual time=1332.077..1903.758 rows=42 loops=1)
  Hash Cond: (mi_idx.movie_id = t.id)
  ->  Seq Scan on movie_info_idx mi_idx  (cost=0.00..25185.44 rows=454124 width=4) (actual time=0.026..511.048 rows=459925 loops=1)
        Filter: (info_type_id = 100)
        Rows Removed by Filter: 920110
  ->  Hash  (cost=83071.67..83071.67 rows=246 width=8) (actual time=1329.617..1329.617 rows=45 loops=1)
        Buckets: 1024  Batches: 1  Memory Usage: 10kB
        ->  Nested Loop  (cost=0.43..83071.67 rows=246 width=8) (actual time=12.862..1329.541 rows=45 loops=1)
              ->  Seq Scan on movie_keyword mk  (cost=0.00..81003.12 rows=246 width=4) (actual time=12.791..1326.587 rows=45 loops=1)
                    Filter: (keyword_id = 34856)
                    Rows Removed by Filter: 4523885
              ->  Index Only Scan using title_pkey on title t  (cost=0.43..8.40 rows=1 width=4) (actual time=0.058..0.059 rows=1 loops=45)
                    Index Cond: (id = mk.movie_id)
                    Heap Fetches: 45
Planning time: 1.437 ms
Execution time: 1903.915 ms
