Hash Join  (cost=67697.55..824654.36 rows=40039 width=0) (actual time=2641.420..16570.839 rows=61631 loops=1)
  Hash Cond: (ci.movie_id = t.id)
  ->  Seq Scan on cast_info ci  (cost=0.00..705507.15 rows=13613138 width=4) (actual time=1554.747..12127.329 rows=13774461 loops=1)
        Filter: (person_id > 2291894)
        Rows Removed by Filter: 22469883
  ->  Hash  (cost=67604.59..67604.59 rows=7437 width=4) (actual time=1086.433..1086.433 rows=13994 loops=1)
        Buckets: 16384 (originally 8192)  Batches: 1 (originally 1)  Memory Usage: 620kB
        ->  Seq Scan on title t  (cost=0.00..67604.59 rows=7437 width=4) (actual time=0.089..1079.595 rows=13994 loops=1)
              Filter: (production_year = 1976)
              Rows Removed by Filter: 2514318
Planning time: 0.756 ms
Execution time: 16582.048 ms
