Hash Join  (cost=82871.49..226917.21 rows=957443 width=0) (actual time=1670.751..5716.343 rows=2673389 loops=1)
  Hash Cond: (mk.movie_id = t.id)
  ->  Seq Scan on movie_keyword mk  (cost=0.00..81003.12 rows=4440044 width=4) (actual time=0.019..1786.172 rows=4434952 loops=1)
        Filter: (keyword_id > 73)
        Rows Removed by Filter: 88978
  ->  Hash  (cost=73925.90..73925.90 rows=545247 width=4) (actual time=1476.212..1476.212 rows=557319 loops=1)
        Buckets: 131072  Batches: 8  Memory Usage: 3494kB
        ->  Seq Scan on title t  (cost=0.00..73925.90 rows=545247 width=4) (actual time=261.009..1299.972 rows=557319 loops=1)
              Filter: ((production_year < 2011) AND (kind_id = 1))
              Rows Removed by Filter: 1970993
Planning time: 0.756 ms
Execution time: 6008.727 ms
