Seq Scan on cast_info ci  (cost=0.00..796071.18 rows=16789210 width=0) (actual time=0.095..15395.830 rows=21097900 loops=1)
  Filter: ((person_id < 2614884) AND (role_id < 4))
  Rows Removed by Filter: 15146444
Planning time: 0.332 ms
Execution time: 17941.450 ms
