Nested Loop  (cost=0.43..58358.27 rows=51 width=0) (actual time=4.111..894.229 rows=82 loops=1)
  ->  Seq Scan on movie_companies mc  (cost=0.00..57926.93 rows=51 width=4) (actual time=4.024..890.746 rows=82 loops=1)
        Filter: ((company_type_id < 2) AND (company_id = 12310))
        Rows Removed by Filter: 2609047
  ->  Index Only Scan using title_pkey on title t  (cost=0.43..8.45 rows=1 width=4) (actual time=0.039..0.040 rows=1 loops=82)
        Index Cond: (id = mc.movie_id)
        Heap Fetches: 82
Planning time: 0.532 ms
Execution time: 894.346 ms
