Hash Join  (cost=114969.38..602410.16 rows=715483 width=0) (actual time=2280.411..15766.905 rows=4608740 loops=1)
  Hash Cond: (mi.movie_id = t.id)
  ->  Seq Scan on movie_info mi  (cost=0.00..309384.22 rows=14739122 width=4) (actual time=0.012..5753.156 rows=14835720 loops=1)
  ->  Hash  (cost=112955.10..112955.10 rows=122743 width=8) (actual time=2279.609..2279.609 rows=210140 loops=1)
        Buckets: 131072 (originally 131072)  Batches: 4 (originally 2)  Memory Usage: 3086kB
        ->  Hash Join  (cost=78556.72..112955.10 rows=122743 width=8) (actual time=1321.763..2205.613 rows=210140 loops=1)
              Hash Cond: (mi_idx.movie_id = t.id)
              ->  Seq Scan on movie_info_idx mi_idx  (cost=0.00..25185.44 rows=464934 width=4) (actual time=0.022..496.297 rows=460185 loops=1)
                    Filter: (info_type_id > 100)
                    Rows Removed by Filter: 919850
              ->  Hash  (cost=67604.59..67604.59 rows=667531 width=4) (actual time=1321.062..1321.062 rows=662825 loops=1)
                    Buckets: 131072  Batches: 16  Memory Usage: 2476kB
                    ->  Seq Scan on title t  (cost=0.00..67604.59 rows=667531 width=4) (actual time=549.866..1111.505 rows=662825 loops=1)
                          Filter: (kind_id = 1)
                          Rows Removed by Filter: 1865487
Planning time: 1.151 ms
Execution time: 16257.344 ms
