Hash Join  (cost=200750.10..684738.29 rows=3177371 width=0) (actual time=4884.301..18173.982 rows=7969671 loops=1)
  Hash Cond: (mi.movie_id = t.id)
  ->  Seq Scan on movie_info mi  (cost=0.00..346232.03 rows=8859586 width=4) (actual time=0.014..6511.314 rows=8966694 loops=1)
        Filter: (info_type_id < 15)
        Rows Removed by Filter: 5869026
  ->  Hash  (cost=185871.83..185871.83 rows=906822 width=8) (actual time=4883.358..4883.358 rows=915291 loops=1)
        Buckets: 131072  Batches: 16  Memory Usage: 3284kB
        ->  Hash Join  (cost=102767.86..185871.83 rows=906822 width=8) (actual time=1944.033..4611.781 rows=915291 loops=1)
              Hash Cond: (mc.movie_id = t.id)
              ->  Seq Scan on movie_companies mc  (cost=0.00..51404.11 rows=906822 width=4) (actual time=0.019..958.692 rows=915291 loops=1)
                    Filter: (company_id > 20433)
                    Rows Removed by Filter: 1693838
              ->  Hash  (cost=61283.27..61283.27 rows=2528527 width=4) (actual time=1941.838..1941.838 rows=2528312 loops=1)
                    Buckets: 131072  Batches: 64  Memory Usage: 2415kB
                    ->  Seq Scan on title t  (cost=0.00..61283.27 rows=2528527 width=4) (actual time=0.014..1112.935 rows=2528312 loops=1)
Planning time: 1.231 ms
Execution time: 19045.003 ms
