Seq Scan on cast_info ci  (cost=0.00..796071.18 rows=269981 width=0) (actual time=8267.533..14157.544 rows=283025 loops=1)
  Filter: ((person_id > 800733) AND (role_id > 10))
  Rows Removed by Filter: 35961319
Planning time: 0.612 ms
Execution time: 14192.275 ms
