Hash Join  (cost=102767.86..296808.00 rows=4287078 width=0) (actual time=1949.879..7059.959 rows=4286563 loops=1)
  Hash Cond: (mk.movie_id = t.id)
  ->  Seq Scan on movie_keyword mk  (cost=0.00..81003.12 rows=4287078 width=4) (actual time=0.011..1719.684 rows=4286563 loops=1)
        Filter: (keyword_id < 62362)
        Rows Removed by Filter: 237367
  ->  Hash  (cost=61283.27..61283.27 rows=2528527 width=4) (actual time=1947.554..1947.554 rows=2528312 loops=1)
        Buckets: 131072  Batches: 64  Memory Usage: 2425kB
        ->  Seq Scan on title t  (cost=0.00..61283.27 rows=2528527 width=4) (actual time=0.012..1072.008 rows=2528312 loops=1)
Planning time: 0.497 ms
Execution time: 7552.354 ms
