Seq Scan on title t  (cost=0.00..73925.90 rows=404378 width=0) (actual time=130.708..1133.576 rows=296768 loops=1)
  Filter: ((production_year > 1997) AND (kind_id = 1))
  Rows Removed by Filter: 2231544
Planning time: 0.346 ms
Execution time: 1160.626 ms
