Hash Join  (cost=365418.15..1785295.23 rows=31475746 width=0) (actual time=14734.590..56573.579 rows=83647667 loops=1)
  Hash Cond: (ci.movie_id = t.id)
  ->  Seq Scan on cast_info ci  (cost=0.00..796071.18 rows=17592508 width=4) (actual time=6423.966..16944.573 rows=16545589 loops=1)
        Filter: ((person_id > 935629) AND (role_id < 4))
        Rows Removed by Filter: 19698755
  ->  Hash  (cost=291197.02..291197.02 rows=4523930 width=8) (actual time=8308.811..8308.811 rows=4523930 loops=1)
        Buckets: 131072  Batches: 64  Memory Usage: 3816kB
        ->  Hash Join  (cost=102767.86..291197.02 rows=4523930 width=8) (actual time=1960.646..7022.209 rows=4523930 loops=1)
              Hash Cond: (mk.movie_id = t.id)
              ->  Seq Scan on movie_keyword mk  (cost=0.00..69693.30 rows=4523930 width=4) (actual time=0.017..1405.472 rows=4523930 loops=1)
              ->  Hash  (cost=61283.27..61283.27 rows=2528527 width=4) (actual time=1959.908..1959.908 rows=2528312 loops=1)
                    Buckets: 131072  Batches: 64  Memory Usage: 2425kB
                    ->  Seq Scan on title t  (cost=0.00..61283.27 rows=2528527 width=4) (actual time=0.019..1113.547 rows=2528312 loops=1)
Planning time: 1.160 ms
Execution time: 66203.391 ms
