Hash Join  (cost=75195.76..1059909.78 rows=718855 width=0) (actual time=4396.795..26263.890 rows=975599 loops=1)
  Hash Cond: (ci.movie_id = t.id)
  ->  Seq Scan on cast_info ci  (cost=0.00..705507.15 rows=23499554 width=4) (actual time=3124.840..16252.456 rows=23573656 loops=1)
        Filter: (role_id > 1)
        Rows Removed by Filter: 12670688
  ->  Hash  (cost=73925.90..73925.90 rows=77348 width=4) (actual time=1270.863..1270.863 rows=84109 loops=1)
        Buckets: 131072  Batches: 2  Memory Usage: 2509kB
        ->  Seq Scan on title t  (cost=0.00..73925.90 rows=77348 width=4) (actual time=0.044..1240.277 rows=84109 loops=1)
              Filter: ((kind_id > 6) AND (production_year = 2008))
              Rows Removed by Filter: 2444203
Planning time: 1.107 ms
Execution time: 26393.438 ms
