Hash Join  (cost=78556.72..163236.68 rows=19865 width=0) (actual time=1327.365..2939.437 rows=17488 loops=1)
  Hash Cond: (mk.movie_id = t.id)
  ->  Seq Scan on movie_keyword mk  (cost=0.00..81003.12 rows=75248 width=4) (actual time=0.027..1472.912 rows=72496 loops=1)
        Filter: (keyword_id = 335)
        Rows Removed by Filter: 4451434
  ->  Hash  (cost=67604.59..67604.59 rows=667531 width=4) (actual time=1322.722..1322.722 rows=662825 loops=1)
        Buckets: 131072  Batches: 16  Memory Usage: 2486kB
        ->  Seq Scan on title t  (cost=0.00..67604.59 rows=667531 width=4) (actual time=239.131..1116.868 rows=662825 loops=1)
              Filter: (kind_id = 1)
              Rows Removed by Filter: 1865487
Planning time: 0.532 ms
Execution time: 2941.707 ms
