Hash Join  (cost=102767.86..222590.52 rows=2432772 width=0) (actual time=1904.586..5483.785 rows=2432475 loops=1)
  Hash Cond: (mc.movie_id = t.id)
  ->  Seq Scan on movie_companies mc  (cost=0.00..51404.11 rows=2432772 width=4) (actual time=0.019..1133.075 rows=2432475 loops=1)
        Filter: (company_id < 121506)
        Rows Removed by Filter: 176654
  ->  Hash  (cost=61283.27..61283.27 rows=2528527 width=4) (actual time=1903.114..1903.114 rows=2528312 loops=1)
        Buckets: 131072  Batches: 64  Memory Usage: 2415kB
        ->  Seq Scan on title t  (cost=0.00..61283.27 rows=2528527 width=4) (actual time=0.013..1092.881 rows=2528312 loops=1)
Planning time: 0.448 ms
Execution time: 5772.078 ms
