Hash Join  (cost=98137.04..1323338.15 rows=15391686 width=0) (actual time=1866.072..33747.174 rows=14248729 loops=1)
  Hash Cond: (ci.movie_id = t.id)
  ->  Seq Scan on cast_info ci  (cost=0.00..796071.18 rows=20912615 width=4) (actual time=0.018..17375.049 rows=19998815 loops=1)
        Filter: ((person_id > 1193919) AND (role_id < 10))
        Rows Removed by Filter: 16245529
  ->  Hash  (cost=67604.59..67604.59 rows=1860996 width=4) (actual time=1864.706..1864.706 rows=1865487 loops=1)
        Buckets: 131072  Batches: 32  Memory Usage: 3079kB
        ->  Seq Scan on title t  (cost=0.00..67604.59 rows=1860996 width=4) (actual time=0.025..1263.436 rows=1865487 loops=1)
              Filter: (kind_id > 1)
              Rows Removed by Filter: 662825
Planning time: 0.768 ms
Execution time: 35271.754 ms
