Hash Join  (cost=68100.81..155469.11 rows=71026 width=0) (actual time=1050.421..2920.246 rows=72797 loops=1)
  Hash Cond: (mk.movie_id = t.id)
  ->  Seq Scan on movie_keyword mk  (cost=0.00..69693.30 rows=4523930 width=4) (actual time=0.032..997.827 rows=4523930 loops=1)
  ->  Hash  (cost=67604.59..67604.59 rows=39698 width=4) (actual time=1048.943..1048.943 rows=36437 loops=1)
        Buckets: 65536  Batches: 1  Memory Usage: 1793kB
        ->  Seq Scan on title t  (cost=0.00..67604.59 rows=39698 width=4) (actual time=0.023..1028.928 rows=36437 loops=1)
              Filter: (production_year = 1995)
              Rows Removed by Filter: 2491875
Planning time: 0.539 ms
Execution time: 2930.437 ms
