Hash Join  (cost=1333163.18..2825586.87 rows=74181894 width=0) (actual time=32468.674..89039.703 rows=160233289 loops=1)
  Hash Cond: (mi.movie_id = t.id)
  ->  Seq Scan on movie_info mi  (cost=0.00..309384.22 rows=14739122 width=4) (actual time=0.025..6647.419 rows=14835720 loops=1)
  ->  Hash  (cost=1124375.45..1124375.45 rows=12726058 width=8) (actual time=32467.398..32467.398 rows=12670688 loops=1)
        Buckets: 131072  Batches: 256  Memory Usage: 3036kB
        ->  Hash Join  (cost=102767.86..1124375.45 rows=12726058 width=8) (actual time=1932.472..28485.334 rows=12670688 loops=1)
              Hash Cond: (ci.movie_id = t.id)
              ->  Seq Scan on cast_info ci  (cost=0.00..705507.15 rows=12726058 width=4) (actual time=0.013..15005.174 rows=12670688 loops=1)
                    Filter: (role_id = 1)
                    Rows Removed by Filter: 23573656
              ->  Hash  (cost=61283.27..61283.27 rows=2528527 width=4) (actual time=1930.116..1930.116 rows=2528312 loops=1)
                    Buckets: 131072  Batches: 64  Memory Usage: 2415kB
                    ->  Seq Scan on title t  (cost=0.00..61283.27 rows=2528527 width=4) (actual time=0.018..1081.216 rows=2528312 loops=1)
Planning time: 1.226 ms
Execution time: 105991.890 ms
