Hash Join  (cost=28271.19..82940.41 rows=369 width=0) (actual time=410.293..1635.702 rows=8429 loops=1)
  Hash Cond: (mc.movie_id = t.id)
  ->  Seq Scan on movie_companies mc  (cost=0.00..44881.29 rows=2609129 width=4) (actual time=0.024..755.576 rows=2609129 loops=1)
  ->  Hash  (cost=28266.72..28266.72 rows=358 width=8) (actual time=407.873..407.873 rows=260 loops=1)
        Buckets: 1024  Batches: 1  Memory Usage: 19kB
        ->  Nested Loop  (cost=0.43..28266.72 rows=358 width=8) (actual time=291.180..407.774 rows=260 loops=1)
              ->  Seq Scan on movie_info_idx mi_idx  (cost=0.00..25185.44 rows=368 width=4) (actual time=291.104..403.442 rows=260 loops=1)
                    Filter: (info_type_id > 101)
                    Rows Removed by Filter: 1379775
              ->  Index Scan using title_pkey on title t  (cost=0.43..8.36 rows=1 width=4) (actual time=0.016..0.016 rows=1 loops=260)
                    Index Cond: (id = mi_idx.movie_id)
                    Filter: (production_year > 0)
Planning time: 1.061 ms
Execution time: 1637.013 ms
