Hash Join  (cost=74430.83..101418.57 rows=7364 width=0) (actual time=1222.858..1852.637 rows=2784 loops=1)
  Hash Cond: (mi_idx.movie_id = t.id)
  ->  Seq Scan on movie_info_idx mi_idx  (cost=0.00..25185.44 rows=460978 width=4) (actual time=0.025..516.318 rows=459925 loops=1)
        Filter: (info_type_id < 100)
        Rows Removed by Filter: 920110
  ->  Hash  (cost=73925.90..73925.90 rows=40394 width=4) (actual time=1214.743..1214.743 rows=40264 loops=1)
        Buckets: 65536  Batches: 1  Memory Usage: 1928kB
        ->  Seq Scan on title t  (cost=0.00..73925.90 rows=40394 width=4) (actual time=0.272..1197.315 rows=40264 loops=1)
              Filter: ((kind_id > 4) AND (production_year = 2013))
              Rows Removed by Filter: 2488048
Planning time: 0.664 ms
Execution time: 1853.207 ms
