Seq Scan on movie_keyword mk  (cost=0.00..81003.12 rows=3685278 width=0) (actual time=0.018..1540.648 rows=3680325 loops=1)
  Filter: (keyword_id < 21739)
  Rows Removed by Filter: 843605
Planning time: 1.069 ms
Execution time: 2010.139 ms
