Seq Scan on movie_companies mc  (cost=0.00..51404.11 rows=104 width=0) (actual time=2.452..753.080 rows=1157 loops=1)
  Filter: (company_id = 461)
  Rows Removed by Filter: 2607972
Planning time: 0.309 ms
Execution time: 753.373 ms
