Hash Join  (cost=81282.57..499459.94 rows=933344 width=0) (actual time=3434.964..10474.219 rows=496618 loops=1)
  Hash Cond: (mi.movie_id = t.id)
  ->  Seq Scan on movie_info mi  (cost=0.00..346232.03 rows=5263441 width=4) (actual time=0.006..6323.399 rows=5270569 loops=1)
        Filter: (info_type_id > 15)
        Rows Removed by Filter: 9565151
  ->  Hash  (cost=73925.90..73925.90 rows=448373 width=4) (actual time=1381.248..1381.248 rows=329492 loops=1)
        Buckets: 131072  Batches: 8  Memory Usage: 2467kB
        ->  Seq Scan on title t  (cost=0.00..73925.90 rows=448373 width=4) (actual time=0.015..1268.573 rows=329492 loops=1)
              Filter: ((production_year < 1992) AND (kind_id = 7))
              Rows Removed by Filter: 2198820
Planning time: 0.812 ms
Execution time: 10530.127 ms
