Hash Join  (cost=309524.15..1004269.05 rows=16690617 width=0) (actual time=7132.550..53105.403 rows=145086112 loops=1)
  Hash Cond: (mi.movie_id = t.id)
  ->  Seq Scan on movie_info mi  (cost=0.00..309384.22 rows=14739122 width=4) (actual time=0.021..6333.219 rows=14835720 loops=1)
  ->  Hash  (cost=262547.77..262547.77 rows=2863310 width=8) (actual time=7130.133..7130.133 rows=2857270 loops=1)
        Buckets: 131072  Batches: 64  Memory Usage: 2866kB
        ->  Hash Join  (cost=102767.86..262547.77 rows=2863310 width=8) (actual time=1959.023..6276.455 rows=2857270 loops=1)
              Hash Cond: (mk.movie_id = t.id)
              ->  Seq Scan on movie_keyword mk  (cost=0.00..81003.12 rows=2863310 width=4) (actual time=0.014..1691.586 rows=2857270 loops=1)
                    Filter: (keyword_id < 8727)
                    Rows Removed by Filter: 1666660
              ->  Hash  (cost=61283.27..61283.27 rows=2528527 width=4) (actual time=1956.342..1956.342 rows=2528312 loops=1)
                    Buckets: 131072  Batches: 64  Memory Usage: 2425kB
                    ->  Seq Scan on title t  (cost=0.00..61283.27 rows=2528527 width=4) (actual time=0.027..1060.499 rows=2528312 loops=1)
Planning time: 1.065 ms
Execution time: 68643.267 ms
