Seq Scan on movie_companies mc  (cost=0.00..57926.93 rows=1061276 width=0) (actual time=180.006..1202.248 rows=1274246 loops=1)
  Filter: ((company_id < 77355) AND (company_type_id = 1))
  Rows Removed by Filter: 1334883
Planning time: 0.342 ms
Execution time: 1356.174 ms
