Hash Join  (cost=68332.59..882348.02 rows=103839 width=0) (actual time=1538.444..12865.972 rows=128181 loops=1)
  Hash Cond: (ci.movie_id = t.id)
  ->  Seq Scan on cast_info ci  (cost=0.00..796071.18 rows=4508231 width=4) (actual time=463.456..10199.646 rows=5796608 loops=1)
        Filter: ((person_id < 784655) AND (role_id < 3))
        Rows Removed by Filter: 30447736
  ->  Hash  (cost=67604.59..67604.59 rows=58240 width=4) (actual time=1074.369..1074.369 rows=58590 loops=1)
        Buckets: 65536  Batches: 1  Memory Usage: 2572kB
        ->  Seq Scan on title t  (cost=0.00..67604.59 rows=58240 width=4) (actual time=0.043..1048.451 rows=58590 loops=1)
              Filter: (production_year = 2001)
              Rows Removed by Filter: 2469722
Planning time: 10.237 ms
Execution time: 12883.164 ms
