Hash Join  (cost=74058.02..439330.03 rows=61608 width=0) (actual time=1201.296..8647.005 rows=115754 loops=1)
  Hash Cond: (mi.movie_id = t.id)
  ->  Seq Scan on movie_info mi  (cost=0.00..309384.22 rows=14739122 width=4) (actual time=0.009..4242.138 rows=14835720 loops=1)
  ->  Hash  (cost=73925.90..73925.90 rows=10569 width=4) (actual time=1200.945..1200.945 rows=10528 loops=1)
        Buckets: 16384  Batches: 1  Memory Usage: 499kB
        ->  Seq Scan on title t  (cost=0.00..73925.90 rows=10569 width=4) (actual time=1.551..1196.118 rows=10528 loops=1)
              Filter: ((kind_id < 7) AND (production_year = 1993))
              Rows Removed by Filter: 2517784
Planning time: 0.747 ms
Execution time: 8665.899 ms
