Seq Scan on movie_keyword mk  (cost=0.00..81003.12 rows=4455947 width=0) (actual time=0.022..1397.508 rows=4457669 loops=1)
  Filter: (keyword_id < 92584)
  Rows Removed by Filter: 66261
Planning time: 0.304 ms
Execution time: 1904.787 ms
