Seq Scan on movie_keyword mk  (cost=0.00..81003.12 rows=2302383 width=0) (actual time=0.016..1495.569 rows=2308751 loops=1)
  Filter: (keyword_id < 4962)
  Rows Removed by Filter: 2215179
Planning time: 0.303 ms
Execution time: 1771.329 ms
