Seq Scan on movie_keyword mk  (cost=0.00..81003.12 rows=246 width=0) (actual time=241.487..1239.531 rows=10 loops=1)
  Filter: (keyword_id = 8116)
  Rows Removed by Filter: 4523920
Planning time: 0.322 ms
Execution time: 1239.634 ms
