Seq Scan on movie_keyword mk  (cost=0.00..81003.12 rows=1262652 width=0) (actual time=0.026..1319.823 rows=1273221 loops=1)
  Filter: (keyword_id > 13984)
  Rows Removed by Filter: 3250709
Planning time: 1.310 ms
Execution time: 1476.956 ms
