Nested Loop  (cost=0.43..796747.78 rows=80 width=0) (actual time=2256.654..12082.171 rows=1 loops=1)
  ->  Seq Scan on cast_info ci  (cost=0.00..796071.18 rows=80 width=4) (actual time=2256.510..12082.022 rows=1 loops=1)
        Filter: ((role_id > 8) AND (person_id = 1366313))
        Rows Removed by Filter: 36244343
  ->  Index Only Scan using title_pkey on title t  (cost=0.43..8.45 rows=1 width=4) (actual time=0.088..0.089 rows=1 loops=1)
        Index Cond: (id = ci.movie_id)
        Heap Fetches: 1
Planning time: 0.743 ms
Execution time: 12082.263 ms
