Seq Scan on movie_companies mc  (cost=0.00..51404.11 rows=2325764 width=0) (actual time=0.022..974.715 rows=2330249 loops=1)
  Filter: (company_id > 149)
  Rows Removed by Filter: 278880
Planning time: 0.324 ms
Execution time: 1265.547 ms
