Hash Join  (cost=102767.86..1682985.20 rows=35941058 width=0) (actual time=2026.362..49282.169 rows=35932834 loops=1)
  Hash Cond: (ci.movie_id = t.id)
  ->  Seq Scan on cast_info ci  (cost=0.00..705507.15 rows=35941058 width=4) (actual time=0.019..17443.749 rows=35932834 loops=1)
        Filter: (person_id < 4004997)
        Rows Removed by Filter: 311510
  ->  Hash  (cost=61283.27..61283.27 rows=2528527 width=4) (actual time=2025.414..2025.414 rows=2528312 loops=1)
        Buckets: 131072  Batches: 64  Memory Usage: 2415kB
        ->  Seq Scan on title t  (cost=0.00..61283.27 rows=2528527 width=4) (actual time=0.012..1190.322 rows=2528312 loops=1)
Planning time: 0.925 ms
Execution time: 53518.979 ms
