Hash Join  (cost=74545.71..163225.98 rows=38151 width=0) (actual time=1072.741..2580.500 rows=70350 loops=1)
  Hash Cond: (mk.movie_id = t.id)
  ->  Seq Scan on movie_keyword mk  (cost=0.00..81003.12 rows=1945503 width=4) (actual time=0.009..1179.366 rows=1953956 loops=1)
        Filter: (keyword_id > 6574)
        Rows Removed by Filter: 2569974
  ->  Hash  (cost=73925.90..73925.90 rows=49584 width=4) (actual time=1072.358..1072.358 rows=38752 loops=1)
        Buckets: 65536  Batches: 1  Memory Usage: 1875kB
        ->  Seq Scan on title t  (cost=0.00..73925.90 rows=49584 width=4) (actual time=0.244..1056.208 rows=38752 loops=1)
              Filter: ((kind_id < 7) AND (production_year = 2008))
              Rows Removed by Filter: 2489560
Planning time: 0.779 ms
Execution time: 2589.114 ms
