Seq Scan on movie_keyword mk  (cost=0.00..81003.12 rows=246 width=0) (actual time=9.678..1379.127 rows=148 loops=1)
  Filter: (keyword_id = 12340)
  Rows Removed by Filter: 4523782
Planning time: 0.397 ms
Execution time: 1379.317 ms
