Hash Join  (cost=157662.60..982278.69 rows=77792 width=0) (actual time=2504.510..21411.086 rows=135821 loops=1)
  Hash Cond: (ci.movie_id = t.id)
  ->  Seq Scan on cast_info ci  (cost=0.00..705507.15 rows=31554923 width=4) (actual time=0.022..14009.506 rows=31605208 loops=1)
        Filter: (role_id < 10)
        Rows Removed by Filter: 4639136
  ->  Hash  (cost=157584.67..157584.67 rows=6234 width=8) (actual time=2503.295..2503.295 rows=5149 loops=1)
        Buckets: 8192  Batches: 1  Memory Usage: 266kB
        ->  Hash Join  (cost=74251.74..157584.67 rows=6234 width=8) (actual time=1085.890..2500.744 rows=5149 loops=1)
              Hash Cond: (mk.movie_id = t.id)
              ->  Seq Scan on movie_keyword mk  (cost=0.00..81003.12 rows=604658 width=4) (actual time=0.009..1264.715 rows=606746 loops=1)
                    Filter: (keyword_id < 460)
                    Rows Removed by Filter: 3917184
              ->  Hash  (cost=73925.90..73925.90 rows=26067 width=4) (actual time=1084.886..1084.886 rows=27085 loops=1)
                    Buckets: 32768  Batches: 1  Memory Usage: 1209kB
                    ->  Seq Scan on title t  (cost=0.00..73925.90 rows=26067 width=4) (actual time=0.153..1072.439 rows=27085 loops=1)
                          Filter: ((kind_id < 7) AND (production_year > 2012))
                          Rows Removed by Filter: 2501227
Planning time: 3.882 ms
Execution time: 21433.504 ms
