Hash Join  (cost=542808.31..694557.80 rows=2444965 width=0) (actual time=10194.577..15143.644 rows=5897835 loops=1)
  Hash Cond: (mk.movie_id = t.id)
  ->  Seq Scan on movie_keyword mk  (cost=0.00..81003.12 rows=2980944 width=4) (actual time=0.020..1756.140 rows=2971169 loops=1)
        Filter: (keyword_id > 2292)
        Rows Removed by Filter: 1552761
  ->  Hash  (cost=508782.64..508782.64 rows=2073893 width=8) (actual time=10193.260..10193.260 rows=2091068 loops=1)
        Buckets: 131072  Batches: 32  Memory Usage: 3569kB
        ->  Hash Join  (cost=102767.86..508782.64 rows=2073893 width=8) (actual time=2730.284..9598.201 rows=2091068 loops=1)
              Hash Cond: (mi.movie_id = t.id)
              ->  Seq Scan on movie_info mi  (cost=0.00..346232.03 rows=2073893 width=4) (actual time=846.232..5638.489 rows=2091068 loops=1)
                    Filter: (info_type_id < 3)
                    Rows Removed by Filter: 12744652
              ->  Hash  (cost=61283.27..61283.27 rows=2528527 width=4) (actual time=1883.041..1883.041 rows=2528312 loops=1)
                    Buckets: 131072  Batches: 64  Memory Usage: 2425kB
                    ->  Seq Scan on title t  (cost=0.00..61283.27 rows=2528527 width=4) (actual time=0.021..1030.372 rows=2528312 loops=1)
Planning time: 1.130 ms
Execution time: 15854.392 ms
