Seq Scan on movie_info mi  (cost=0.00..346232.03 rows=340474 width=0) (actual time=5099.444..5496.827 rows=328857 loops=1)
  Filter: (info_type_id = 98)
  Rows Removed by Filter: 14506863
Planning time: 0.389 ms
Execution time: 5539.904 ms
