Hash Join  (cost=94642.16..459377.13 rows=7903 width=0) (actual time=1576.847..8744.752 rows=55616 loops=1)
  Hash Cond: (mi.movie_id = t.id)
  ->  Seq Scan on movie_info mi  (cost=0.00..309384.22 rows=14739122 width=4) (actual time=0.017..4145.630 rows=14835720 loops=1)
  ->  Hash  (cost=94625.21..94625.21 rows=1356 width=8) (actual time=1575.903..1575.903 rows=3568 loops=1)
        Buckets: 4096 (originally 2048)  Batches: 1 (originally 1)  Memory Usage: 172kB
        ->  Hash Join  (cost=67697.55..94625.21 rows=1356 width=8) (actual time=1011.243..1574.015 rows=3568 loops=1)
              Hash Cond: (mi_idx.movie_id = t.id)
              ->  Seq Scan on movie_info_idx mi_idx  (cost=0.00..25185.44 rows=460978 width=4) (actual time=0.026..449.793 rows=459925 loops=1)
                    Filter: (info_type_id = 99)
                    Rows Removed by Filter: 920110
              ->  Hash  (cost=67604.59..67604.59 rows=7437 width=4) (actual time=1010.881..1010.881 rows=14456 loops=1)
                    Buckets: 16384 (originally 8192)  Batches: 1 (originally 1)  Memory Usage: 637kB
                    ->  Seq Scan on title t  (cost=0.00..67604.59 rows=7437 width=4) (actual time=0.037..1004.412 rows=14456 loops=1)
                          Filter: (production_year = 1981)
                          Rows Removed by Filter: 2513856
Planning time: 1.247 ms
Execution time: 8754.554 ms
