Hash Join  (cost=1082503.43..1876513.28 rows=24267022 width=0) (actual time=22618.535..54907.364 rows=64071723 loops=1)
  Hash Cond: (mi.movie_id = t.id)
  ->  Seq Scan on movie_info mi  (cost=0.00..309384.22 rows=14739122 width=4) (actual time=0.012..5886.797 rows=14835720 loops=1)
  ->  Hash  (cost=1014203.20..1014203.20 rows=4163058 width=8) (actual time=22615.221..22615.221 rows=5270774 loops=1)
        Buckets: 131072 (originally 131072)  Batches: 128 (originally 64)  Memory Usage: 3073kB
        ->  Hash Join  (cost=99467.55..1014203.20 rows=4163058 width=8) (actual time=6040.219..21028.868 rows=5270774 loops=1)
              Hash Cond: (ci.movie_id = t.id)
              ->  Seq Scan on cast_info ci  (cost=0.00..796071.18 rows=5420179 width=4) (actual time=4052.665..13189.377 rows=6911662 loops=1)
                    Filter: ((person_id < 944851) AND (role_id < 3))
                    Rows Removed by Filter: 29332682
              ->  Hash  (cost=67604.59..67604.59 rows=1942077 width=4) (actual time=1986.571..1986.571 rows=1932484 loops=1)
                    Buckets: 131072  Batches: 32  Memory Usage: 3155kB
                    ->  Seq Scan on title t  (cost=0.00..67604.59 rows=1942077 width=4) (actual time=0.038..1350.750 rows=1932484 loops=1)
                          Filter: (production_year > 1980)
                          Rows Removed by Filter: 595828
Planning time: 1.223 ms
Execution time: 61987.184 ms
