Hash Join  (cost=52284.99..803089.06 rows=1490 width=0) (actual time=755.285..16641.797 rows=31117 loops=1)
  Hash Cond: (ci.movie_id = t.id)
  ->  Seq Scan on cast_info ci  (cost=0.00..614943.12 rows=36225612 width=4) (actual time=0.017..8861.029 rows=36244344 loops=1)
  ->  Hash  (cost=52283.69..52283.69 rows=104 width=8) (actual time=754.940..754.940 rows=213 loops=1)
        Buckets: 1024  Batches: 1  Memory Usage: 17kB
        ->  Nested Loop  (cost=0.43..52283.69 rows=104 width=8) (actual time=0.842..754.794 rows=213 loops=1)
              ->  Seq Scan on movie_companies mc  (cost=0.00..51404.11 rows=104 width=4) (actual time=0.771..740.696 rows=213 loops=1)
                    Filter: (company_id = 3131)
                    Rows Removed by Filter: 2608916
              ->  Index Only Scan using title_pkey on title t  (cost=0.43..8.45 rows=1 width=4) (actual time=0.064..0.064 rows=1 loops=213)
                    Index Cond: (id = mc.movie_id)
                    Heap Fetches: 213
Planning time: 3.550 ms
Execution time: 16648.660 ms
