Seq Scan on cast_info ci  (cost=0.00..796071.18 rows=3075759 width=0) (actual time=2647.921..12150.836 rows=1528725 loops=1)
  Filter: ((person_id < 1279849) AND (role_id > 5))
  Rows Removed by Filter: 34715619
Planning time: 2.819 ms
Execution time: 12343.107 ms
