Hash Join  (cost=263115.61..438769.66 rows=3574466 width=0) (actual time=6684.331..17249.139 rows=27754540 loops=1)
  Hash Cond: (mk.movie_id = t.id)
  ->  Seq Scan on movie_keyword mk  (cost=0.00..81003.12 rows=3464043 width=4) (actual time=0.028..1767.424 rows=3457821 loops=1)
        Filter: (keyword_id > 1064)
        Rows Removed by Filter: 1066109
  ->  Hash  (cost=220309.49..220309.49 rows=2609129 width=8) (actual time=6683.325..6683.325 rows=2609129 loops=1)
        Buckets: 131072  Batches: 64  Memory Usage: 2691kB
        ->  Hash Join  (cost=102767.86..220309.49 rows=2609129 width=8) (actual time=1893.890..5893.603 rows=2609129 loops=1)
              Hash Cond: (mc.movie_id = t.id)
              ->  Seq Scan on movie_companies mc  (cost=0.00..44881.29 rows=2609129 width=4) (actual time=0.033..916.411 rows=2609129 loops=1)
              ->  Hash  (cost=61283.27..61283.27 rows=2528527 width=4) (actual time=1892.153..1892.153 rows=2528312 loops=1)
                    Buckets: 131072  Batches: 64  Memory Usage: 2415kB
                    ->  Seq Scan on title t  (cost=0.00..61283.27 rows=2528527 width=4) (actual time=0.006..1046.682 rows=2528312 loops=1)
Planning time: 7.516 ms
Execution time: 20537.658 ms
