Seq Scan on movie_keyword mk  (cost=0.00..81003.12 rows=3019667 width=0) (actual time=0.027..1496.441 rows=3009703 loops=1)
  Filter: (keyword_id > 2194)
  Rows Removed by Filter: 1514227
Planning time: 0.537 ms
Execution time: 1863.112 ms
