Hash Join  (cost=216304.60..370148.74 rows=2613510 width=0) (actual time=4907.385..9778.016 rows=4235178 loops=1)
  Hash Cond: (mk.movie_id = t.id)
  ->  Seq Scan on movie_keyword mk  (cost=0.00..69693.30 rows=4523930 width=4) (actual time=0.031..1479.869 rows=4523930 loops=1)
  ->  Hash  (cost=192338.23..192338.23 rows=1460750 width=8) (actual time=4905.984..4905.984 rows=1053378 loops=1)
        Buckets: 131072  Batches: 32  Memory Usage: 2289kB
        ->  Hash Join  (cost=97151.21..192338.23 rows=1460750 width=8) (actual time=1858.125..4576.828 rows=1053378 loops=1)
              Hash Cond: (mc.movie_id = t.id)
              ->  Seq Scan on movie_companies mc  (cost=0.00..44881.29 rows=2609129 width=4) (actual time=0.026..856.608 rows=2609129 loops=1)
              ->  Hash  (cost=73925.90..73925.90 rows=1415624 width=4) (actual time=1856.884..1856.884 rows=1398720 loops=1)
                    Buckets: 131072  Batches: 32  Memory Usage: 2560kB
                    ->  Seq Scan on title t  (cost=0.00..73925.90 rows=1415624 width=4) (actual time=0.018..1406.049 rows=1398720 loops=1)
                          Filter: ((kind_id > 1) AND (production_year < 2010))
                          Rows Removed by Filter: 1129592
Planning time: 1.086 ms
Execution time: 10279.840 ms
