Hash Join  (cost=832324.71..938653.05 rows=256254 width=0) (actual time=14663.204..17393.195 rows=743892 loops=1)
  Hash Cond: (mk.movie_id = t.id)
  ->  Seq Scan on movie_keyword mk  (cost=0.00..81003.12 rows=1850314 width=4) (actual time=0.020..1652.540 rows=1855775 loops=1)
        Filter: (keyword_id > 7453)
        Rows Removed by Filter: 2668155
  ->  Hash  (cost=826579.45..826579.45 rows=350181 width=8) (actual time=14660.476..14660.476 rows=316118 loops=1)
        Buckets: 131072  Batches: 8  Memory Usage: 2577kB
        ->  Hash Join  (cost=102767.86..826579.45 rows=350181 width=8) (actual time=3267.014..14563.816 rows=316118 loops=1)
              Hash Cond: (ci.movie_id = t.id)
              ->  Seq Scan on cast_info ci  (cost=0.00..705507.15 rows=350181 width=4) (actual time=1354.521..12015.880 rows=316118 loops=1)
                    Filter: (role_id > 10)
                    Rows Removed by Filter: 35928226
              ->  Hash  (cost=61283.27..61283.27 rows=2528527 width=4) (actual time=1911.490..1911.490 rows=2528312 loops=1)
                    Buckets: 131072  Batches: 64  Memory Usage: 2415kB
                    ->  Seq Scan on title t  (cost=0.00..61283.27 rows=2528527 width=4) (actual time=0.033..1084.944 rows=2528312 loops=1)
Planning time: 1.021 ms
Execution time: 17490.948 ms
