Seq Scan on movie_companies mc  (cost=0.00..57926.93 rows=1291580 width=0) (actual time=384.826..1148.472 rows=1260956 loops=1)
  Filter: ((company_id < 173976) AND (company_type_id > 1))
  Rows Removed by Filter: 1348173
Planning time: 0.370 ms
Execution time: 1303.290 ms
