Hash Join  (cost=103687.81..159923.16 rows=20323 width=0) (actual time=1947.959..3072.981 rows=31342 loops=1)
  Hash Cond: (mc.movie_id = t.id)
  ->  Seq Scan on movie_companies mc  (cost=0.00..51404.11 rows=1234136 width=4) (actual time=0.020..837.577 rows=1245787 loops=1)
        Filter: (company_id > 11705)
        Rows Removed by Filter: 1363342
  ->  Hash  (cost=103167.33..103167.33 rows=41638 width=8) (actual time=1947.575..1947.575 rows=23155 loops=1)
        Buckets: 65536  Batches: 1  Memory Usage: 1417kB
        ->  Hash Join  (cost=71408.55..103167.33 rows=41638 width=8) (actual time=1199.878..1938.498 rows=23155 loops=1)
              Hash Cond: (mi_idx.movie_id = t.id)
              ->  Seq Scan on movie_info_idx mi_idx  (cost=0.00..25185.44 rows=454124 width=4) (actual time=0.023..494.203 rows=459925 loops=1)
                    Filter: (info_type_id = 100)
                    Rows Removed by Filter: 920110
              ->  Hash  (cost=67604.59..67604.59 rows=231837 width=4) (actual time=1199.040..1199.040 rows=231649 loops=1)
                    Buckets: 131072  Batches: 4  Memory Usage: 3076kB
                    ->  Seq Scan on title t  (cost=0.00..67604.59 rows=231837 width=4) (actual time=0.017..1120.220 rows=231649 loops=1)
                          Filter: (production_year > 2011)
                          Rows Removed by Filter: 2296663
Planning time: 1.105 ms
Execution time: 3078.302 ms
