Hash Join  (cost=142236.73..224131.77 rows=496552 width=0) (actual time=2871.238..5295.079 rows=527025 loops=1)
  Hash Cond: (mc.movie_id = t.id)
  ->  Seq Scan on movie_companies mc  (cost=0.00..44881.29 rows=2609129 width=4) (actual time=0.016..907.259 rows=2609129 loops=1)
  ->  Hash  (cost=134341.58..134341.58 rows=481212 width=8) (actual time=2869.720..2869.720 rows=269931 loops=1)
        Buckets: 131072  Batches: 8  Memory Usage: 2347kB
        ->  Hash Join  (cost=88391.98..134341.58 rows=481212 width=8) (actual time=1791.243..2782.905 rows=269931 loops=1)
              Hash Cond: (mi_idx.movie_id = t.id)
              ->  Seq Scan on movie_info_idx mi_idx  (cost=0.00..21735.35 rows=1380035 width=4) (actual time=0.020..416.905 rows=1380035 loops=1)
              ->  Hash  (cost=73925.90..73925.90 rows=881686 width=4) (actual time=1524.719..1524.719 rows=801513 loops=1)
                    Buckets: 131072  Batches: 16  Memory Usage: 2786kB
                    ->  Seq Scan on title t  (cost=0.00..73925.90 rows=881686 width=4) (actual time=0.021..1271.464 rows=801513 loops=1)
                          Filter: ((production_year < 2006) AND (kind_id = 7))
                          Rows Removed by Filter: 1726799
Planning time: 1.158 ms
Execution time: 5352.431 ms
