Seq Scan on cast_info ci  (cost=0.00..796071.18 rows=101 width=0) (actual time=4068.469..10863.345 rows=21 loops=1)
  Filter: ((person_id = 1900173) AND (role_id = 2))
  Rows Removed by Filter: 36244323
Planning time: 0.443 ms
Execution time: 10863.448 ms
