Seq Scan on movie_keyword mk  (cost=0.00..81003.12 rows=142438 width=0) (actual time=216.309..1344.106 rows=140798 loops=1)
  Filter: (keyword_id > 74924)
  Rows Removed by Filter: 4383132
Planning time: 0.339 ms
Execution time: 1364.052 ms
