Hash Join  (cost=83074.19..447736.11 rows=598 width=0) (actual time=1403.493..8695.886 rows=94 loops=1)
  Hash Cond: (mi.movie_id = t.id)
  ->  Seq Scan on movie_info mi  (cost=0.00..309384.22 rows=14739122 width=4) (actual time=0.019..4772.185 rows=14835720 loops=1)
  ->  Hash  (cost=83072.90..83072.90 rows=103 width=8) (actual time=1244.580..1244.580 rows=8 loops=1)
        Buckets: 1024  Batches: 1  Memory Usage: 9kB
        ->  Nested Loop  (cost=0.43..83072.90 rows=103 width=8) (actual time=57.177..1244.559 rows=8 loops=1)
              ->  Seq Scan on movie_keyword mk  (cost=0.00..81003.12 rows=246 width=4) (actual time=8.330..1242.210 rows=46 loops=1)
                    Filter: (keyword_id = 4124)
                    Rows Removed by Filter: 4523884
              ->  Index Scan using title_pkey on title t  (cost=0.43..8.40 rows=1 width=4) (actual time=0.045..0.045 rows=0 loops=46)
                    Index Cond: (id = mk.movie_id)
                    Filter: ((kind_id > 1) AND (production_year > 1999))
                    Rows Removed by Filter: 1
Planning time: 1.191 ms
Execution time: 8696.091 ms
