Seq Scan on movie_companies mc  (cost=0.00..57926.93 rows=703496 width=0) (actual time=0.028..931.342 rows=488702 loops=1)
  Filter: ((company_id > 9774) AND (company_type_id < 2))
  Rows Removed by Filter: 2120427
Planning time: 0.355 ms
Execution time: 993.749 ms
