Hash Join  (cost=92815.53..644232.03 rows=6711257 width=0) (actual time=1786.059..16330.724 rows=2983036 loops=1)
  Hash Cond: (mi.movie_id = t.id)
  ->  Seq Scan on movie_info mi  (cost=0.00..309384.22 rows=14739122 width=4) (actual time=0.013..6028.711 rows=14835720 loops=1)
  ->  Hash  (cost=73925.90..73925.90 rows=1151330 width=4) (actual time=1781.904..1781.904 rows=1245557 loops=1)
        Buckets: 131072  Batches: 16  Memory Usage: 3779kB
        ->  Seq Scan on title t  (cost=0.00..73925.90 rows=1151330 width=4) (actual time=0.019..1382.209 rows=1245557 loops=1)
              Filter: ((kind_id > 4) AND (production_year > 1984))
              Rows Removed by Filter: 1282755
Planning time: 0.772 ms
Execution time: 16688.576 ms
