Seq Scan on movie_companies mc  (cost=0.00..57926.93 rows=514283 width=0) (actual time=0.022..887.557 rows=726043 loops=1)
  Filter: ((company_id < 6087) AND (company_type_id < 2))
  Rows Removed by Filter: 1883086
Planning time: 0.341 ms
Execution time: 976.608 ms
