Seq Scan on cast_info ci  (cost=0.00..796071.18 rows=5346053 width=0) (actual time=558.384..12237.912 rows=5786347 loops=1)
  Filter: ((person_id < 583814) AND (role_id < 10))
  Rows Removed by Filter: 30457997
Planning time: 1.292 ms
Execution time: 12947.926 ms
