Hash Join  (cost=202786.07..926109.34 rows=223680 width=0) (actual time=5113.935..15626.810 rows=425691 loops=1)
  Hash Cond: (ci.movie_id = t.id)
  ->  Seq Scan on cast_info ci  (cost=0.00..705507.15 rows=1186219 width=4) (actual time=941.584..10259.194 rows=1210460 loops=1)
        Filter: (person_id > 3827166)
        Rows Removed by Filter: 35033884
  ->  Hash  (cost=194963.14..194963.14 rows=476794 width=8) (actual time=4171.537..4171.537 rows=263305 loops=1)
        Buckets: 131072  Batches: 8  Memory Usage: 2303kB
        ->  Hash Join  (cost=92421.85..194963.14 rows=476794 width=8) (actual time=1964.931..4099.164 rows=263305 loops=1)
              Hash Cond: (mk.movie_id = t.id)
              ->  Seq Scan on movie_keyword mk  (cost=0.00..81003.12 rows=1069393 width=4) (actual time=0.016..1381.908 rows=1079173 loops=1)
                    Filter: (keyword_id < 1084)
                    Rows Removed by Filter: 3444757
              ->  Hash  (cost=73925.90..73925.90 rows=1127356 width=4) (actual time=1963.974..1963.974 rows=1234845 loops=1)
                    Buckets: 131072  Batches: 16  Memory Usage: 3752kB
                    ->  Seq Scan on title t  (cost=0.00..73925.90 rows=1127356 width=4) (actual time=0.012..1439.928 rows=1234845 loops=1)
                          Filter: ((kind_id > 1) AND (production_year > 1997))
                          Rows Removed by Filter: 1293467
Planning time: 1.222 ms
Execution time: 15678.773 ms
