Hash Join  (cost=78931.38..1060568.49 rows=1742139 width=0) (actual time=3346.423..26679.798 rows=884087 loops=1)
  Hash Cond: (ci.movie_id = t.id)
  ->  Seq Scan on cast_info ci  (cost=0.00..796071.18 rows=14439077 width=4) (actual time=1952.674..16877.769 rows=19705874 loops=1)
        Filter: ((person_id > 1374677) AND (role_id > 1))
        Rows Removed by Filter: 16538470
  ->  Hash  (cost=73925.90..73925.90 rows=305078 width=4) (actual time=1393.000..1393.000 rows=193383 loops=1)
        Buckets: 131072  Batches: 4  Memory Usage: 2718kB
        ->  Seq Scan on title t  (cost=0.00..73925.90 rows=305078 width=4) (actual time=0.029..1326.741 rows=193383 loops=1)
              Filter: ((production_year < 1979) AND (kind_id = 7))
              Rows Removed by Filter: 2334929
Planning time: 2.231 ms
Execution time: 26782.609 ms
