Seq Scan on cast_info ci  (cost=0.00..796071.18 rows=10118314 width=0) (actual time=757.215..13660.200 rows=5523142 loops=1)
  Filter: ((person_id < 2293284) AND (role_id > 2))
  Rows Removed by Filter: 30721202
Planning time: 0.381 ms
Execution time: 14317.205 ms
