Hash Join  (cost=102767.86..214084.40 rows=849195 width=0) (actual time=2131.526..4500.786 rows=853464 loops=1)
  Hash Cond: (mk.movie_id = t.id)
  ->  Seq Scan on movie_keyword mk  (cost=0.00..81003.12 rows=849195 width=4) (actual time=0.021..1339.825 rows=853464 loops=1)
        Filter: (keyword_id < 815)
        Rows Removed by Filter: 3670466
  ->  Hash  (cost=61283.27..61283.27 rows=2528527 width=4) (actual time=2129.376..2129.376 rows=2528312 loops=1)
        Buckets: 131072  Batches: 64  Memory Usage: 2425kB
        ->  Seq Scan on title t  (cost=0.00..61283.27 rows=2528527 width=4) (actual time=0.013..1254.609 rows=2528312 loops=1)
Planning time: 0.727 ms
Execution time: 4597.915 ms
