Seq Scan on cast_info ci  (cost=0.00..796071.18 rows=16643207 width=0) (actual time=0.509..15196.637 rows=18186285 loops=1)
  Filter: ((person_id < 1895871) AND (role_id < 10))
  Rows Removed by Filter: 18058059
Planning time: 1.603 ms
Execution time: 17400.279 ms
