Seq Scan on cast_info ci  (cost=0.00..796071.18 rows=276 width=0) (actual time=10146.901..14178.627 rows=5 loops=1)
  Filter: ((role_id < 3) AND (person_id = 1935912))
  Rows Removed by Filter: 36244339
Planning time: 0.411 ms
Execution time: 14178.757 ms
