Nested Loop  (cost=0.43..91106.15 rows=187 width=0) (actual time=533.146..994.463 rows=254 loops=1)
  ->  Seq Scan on movie_companies mc  (cost=0.00..51404.11 rows=5479 width=4) (actual time=0.119..842.653 rows=5166 loops=1)
        Filter: (company_id = 49)
        Rows Removed by Filter: 2603963
  ->  Index Scan using title_pkey on title t  (cost=0.43..7.24 rows=1 width=4) (actual time=0.029..0.029 rows=0 loops=5166)
        Index Cond: (id = mc.movie_id)
        Filter: ((kind_id = 7) AND (production_year = 2010))
        Rows Removed by Filter: 1
Planning time: 0.533 ms
Execution time: 994.635 ms
