Hash Join  (cost=165992.50..207033.66 rows=195168 width=0) (actual time=3426.103..4633.559 rows=352027 loops=1)
  Hash Cond: (mi_idx.movie_id = t.id)
  ->  Seq Scan on movie_info_idx mi_idx  (cost=0.00..21735.35 rows=1380035 width=4) (actual time=0.016..494.232 rows=1380035 loops=1)
  ->  Hash  (cost=160125.61..160125.61 rows=357591 width=8) (actual time=3425.305..3425.305 rows=318143 loops=1)
        Buckets: 131072  Batches: 8  Memory Usage: 2571kB
        ->  Hash Join  (cost=84417.00..160125.61 rows=357591 width=8) (actual time=1951.104..3333.559 rows=318143 loops=1)
              Hash Cond: (mc.movie_id = t.id)
              ->  Seq Scan on movie_companies mc  (cost=0.00..57926.93 rows=882338 width=4) (actual time=368.623..1211.534 rows=562243 loops=1)
                    Filter: ((company_id < 22534) AND (company_type_id = 2))
                    Rows Removed by Filter: 2046886
              ->  Hash  (cost=67604.59..67604.59 rows=1024753 width=4) (actual time=1581.399..1581.399 rows=1021752 loops=1)
                    Buckets: 131072  Batches: 16  Memory Usage: 3274kB
                    ->  Seq Scan on title t  (cost=0.00..67604.59 rows=1024753 width=4) (actual time=0.020..1250.974 rows=1021752 loops=1)
                          Filter: (production_year < 2000)
                          Rows Removed by Filter: 1506560
Planning time: 0.968 ms
Execution time: 4675.364 ms
