Seq Scan on cast_info ci  (cost=0.00..796071.18 rows=22843121 width=0) (actual time=651.353..16779.426 rows=25140009 loops=1)
  Filter: ((person_id < 2715394) AND (role_id < 10))
  Rows Removed by Filter: 11104335
Planning time: 0.372 ms
Execution time: 19869.881 ms
