Seq Scan on movie_keyword mk  (cost=0.00..81003.12 rows=1938244 width=0) (actual time=0.018..1398.462 rows=1947462 loops=1)
  Filter: (keyword_id > 6670)
  Rows Removed by Filter: 2576468
Planning time: 0.565 ms
Execution time: 1636.368 ms
