Seq Scan on cast_info ci  (cost=0.00..705507.15 rows=500 width=0) (actual time=10307.532..11665.022 rows=55 loops=1)
  Filter: (person_id = 3895337)
  Rows Removed by Filter: 36244289
Planning time: 0.377 ms
Execution time: 11665.109 ms
