Hash Join  (cost=119417.68..1011299.94 rows=592600 width=0) (actual time=8469.230..16523.144 rows=241024 loops=1)
  Hash Cond: (ci.movie_id = t.id)
  ->  Seq Scan on cast_info ci  (cost=0.00..796071.18 rows=7708024 width=4) (actual time=5915.480..12814.608 rows=2400087 loops=1)
        Filter: ((person_id > 1400605) AND (role_id = 1))
        Rows Removed by Filter: 33844257
  ->  Hash  (cost=116227.74..116227.74 rows=194395 width=8) (actual time=2552.504..2552.504 rows=128146 loops=1)
        Buckets: 131072  Batches: 4  Memory Usage: 2271kB
        ->  Hash Join  (cost=76379.89..116227.74 rows=194395 width=8) (actual time=1442.330..2511.118 rows=128146 loops=1)
              Hash Cond: (mi_idx.movie_id = t.id)
              ->  Seq Scan on movie_info_idx mi_idx  (cost=0.00..25185.44 rows=919057 width=4) (actual time=0.025..547.699 rows=920110 loops=1)
                    Filter: (info_type_id > 99)
                    Rows Removed by Filter: 459925
              ->  Hash  (cost=67604.59..67604.59 rows=534824 width=4) (actual time=1441.311..1441.311 rows=533369 loops=1)
                    Buckets: 131072  Batches: 8  Memory Usage: 3369kB
                    ->  Seq Scan on title t  (cost=0.00..67604.59 rows=534824 width=4) (actual time=0.021..1254.301 rows=533369 loops=1)
                          Filter: (production_year > 2009)
                          Rows Removed by Filter: 1994943
Planning time: 0.819 ms
Execution time: 16554.799 ms
