Nested Loop  (cost=0.43..709671.90 rows=500 width=0) (actual time=8402.514..10768.583 rows=13 loops=1)
  ->  Seq Scan on cast_info ci  (cost=0.00..705507.15 rows=500 width=4) (actual time=8402.403..10768.228 rows=13 loops=1)
        Filter: (person_id = 3084911)
        Rows Removed by Filter: 36244331
  ->  Index Only Scan using title_pkey on title t  (cost=0.43..8.32 rows=1 width=4) (actual time=0.023..0.024 rows=1 loops=13)
        Index Cond: (id = ci.movie_id)
        Heap Fetches: 13
Planning time: 0.753 ms
Execution time: 10768.652 ms
