Hash Join  (cost=200672.48..736764.56 rows=5275115 width=0) (actual time=4402.055..21162.761 rows=15298994 loops=1)
  Hash Cond: (mi.movie_id = t.id)
  ->  Seq Scan on movie_info mi  (cost=0.00..309384.22 rows=14739122 width=4) (actual time=0.023..5656.382 rows=14835720 loops=1)
  ->  Hash  (cost=185825.52..185825.52 rows=904957 width=8) (actual time=4400.874..4400.874 rows=913561 loops=1)
        Buckets: 131072  Batches: 16  Memory Usage: 3279kB
        ->  Hash Join  (cost=102767.86..185825.52 rows=904957 width=8) (actual time=1951.121..4130.705 rows=913561 loops=1)
              Hash Cond: (mc.movie_id = t.id)
              ->  Seq Scan on movie_companies mc  (cost=0.00..51404.11 rows=904957 width=4) (actual time=0.021..958.998 rows=913561 loops=1)
                    Filter: (company_id > 20548)
                    Rows Removed by Filter: 1695568
              ->  Hash  (cost=61283.27..61283.27 rows=2528527 width=4) (actual time=1949.294..1949.294 rows=2528312 loops=1)
                    Buckets: 131072  Batches: 64  Memory Usage: 2415kB
                    ->  Seq Scan on title t  (cost=0.00..61283.27 rows=2528527 width=4) (actual time=0.010..1095.780 rows=2528312 loops=1)
Planning time: 1.143 ms
Execution time: 22792.310 ms
