Seq Scan on movie_keyword mk  (cost=0.00..81003.12 rows=1277325 width=0) (actual time=0.024..1439.902 rows=1289891 loops=1)
  Filter: (keyword_id < 1669)
  Rows Removed by Filter: 3234039
Planning time: 5.904 ms
Execution time: 1601.557 ms
