Nested Loop  (cost=0.43..104319.40 rows=1856 width=0) (actual time=590.825..1332.550 rows=1591 loops=1)
  ->  Seq Scan on movie_keyword mk  (cost=0.00..81003.12 rows=3018 width=4) (actual time=590.778..1282.302 rows=2274 loops=1)
        Filter: (keyword_id > 131979)
        Rows Removed by Filter: 4521656
  ->  Index Scan using title_pkey on title t  (cost=0.43..7.72 rows=1 width=4) (actual time=0.021..0.021 rows=1 loops=2274)
        Index Cond: (id = mk.movie_id)
        Filter: (production_year < 2007)
        Rows Removed by Filter: 0
Planning time: 0.759 ms
Execution time: 1333.019 ms
