Hash Join  (cost=161637.73..295596.40 rows=1125791 width=0) (actual time=3907.311..7847.134 rows=3837928 loops=1)
  Hash Cond: (mk.movie_id = t.id)
  ->  Seq Scan on movie_keyword mk  (cost=0.00..81003.12 rows=3316169 width=4) (actual time=0.015..1675.462 rows=3314454 loops=1)
        Filter: (keyword_id > 1515)
        Rows Removed by Filter: 1209476
  ->  Hash  (cost=147553.76..147553.76 rows=858398 width=8) (actual time=3905.319..3905.319 rows=785768 loops=1)
        Buckets: 131072  Batches: 16  Memory Usage: 2955kB
        ->  Hash Join  (cost=93408.25..147553.76 rows=858398 width=8) (actual time=1771.247..3669.854 rows=785768 loops=1)
              Hash Cond: (mi_idx.movie_id = t.id)
              ->  Seq Scan on movie_info_idx mi_idx  (cost=0.00..21735.35 rows=1380035 width=4) (actual time=0.024..469.611 rows=1380035 loops=1)
              ->  Hash  (cost=67604.59..67604.59 rows=1572773 width=4) (actual time=1770.097..1770.097 rows=1570568 loops=1)
                    Buckets: 131072  Batches: 32  Memory Usage: 2751kB
                    ->  Seq Scan on title t  (cost=0.00..67604.59 rows=1572773 width=4) (actual time=0.012..1267.183 rows=1570568 loops=1)
                          Filter: (production_year > 1996)
                          Rows Removed by Filter: 957744
Planning time: 1.133 ms
Execution time: 8255.677 ms
