Hash Join  (cost=202061.21..341023.46 rows=1392021 width=0) (actual time=4452.446..9696.689 rows=6591245 loops=1)
  Hash Cond: (mk.movie_id = t.id)
  ->  Seq Scan on movie_keyword mk  (cost=0.00..69693.30 rows=4523930 width=4) (actual time=0.007..1501.151 rows=4523930 loops=1)
  ->  Hash  (cost=189295.81..189295.81 rows=778032 width=8) (actual time=4451.114..4451.114 rows=998488 loops=1)
        Buckets: 131072  Batches: 16  Memory Usage: 3479kB
        ->  Hash Join  (cost=102767.86..189295.81 rows=778032 width=8) (actual time=1920.241..4147.012 rows=998488 loops=1)
              Hash Cond: (mc.movie_id = t.id)
              ->  Seq Scan on movie_companies mc  (cost=0.00..57926.93 rows=778032 width=4) (actual time=0.034..984.043 rows=998488 loops=1)
                    Filter: ((company_id > 6857) AND (company_type_id = 2))
                    Rows Removed by Filter: 1610641
              ->  Hash  (cost=61283.27..61283.27 rows=2528527 width=4) (actual time=1918.893..1918.893 rows=2528312 loops=1)
                    Buckets: 131072  Batches: 64  Memory Usage: 2415kB
                    ->  Seq Scan on title t  (cost=0.00..61283.27 rows=2528527 width=4) (actual time=0.021..1099.304 rows=2528312 loops=1)
Planning time: 1.188 ms
Execution time: 10493.254 ms
