Seq Scan on movie_keyword mk  (cost=0.00..81003.12 rows=246 width=0) (actual time=6.801..1421.079 rows=163 loops=1)
  Filter: (keyword_id = 45408)
  Rows Removed by Filter: 4523767
Planning time: 0.383 ms
Execution time: 1421.234 ms
