Seq Scan on movie_keyword mk  (cost=0.00..81003.12 rows=246 width=0) (actual time=0.148..1274.317 rows=2899 loops=1)
  Filter: (keyword_id = 317)
  Rows Removed by Filter: 4521031
Planning time: 0.384 ms
Execution time: 1275.190 ms
