Seq Scan on movie_keyword mk  (cost=0.00..81003.12 rows=1398569 width=0) (actual time=0.027..1304.435 rows=1412551 loops=1)
  Filter: (keyword_id > 11829)
  Rows Removed by Filter: 3111379
Planning time: 0.319 ms
Execution time: 1475.795 ms
