Seq Scan on cast_info ci  (cost=0.00..796071.18 rows=10330476 width=0) (actual time=4891.892..16318.567 rows=12670688 loops=1)
  Filter: ((person_id < 2973933) AND (role_id < 2))
  Rows Removed by Filter: 23573656
Planning time: 0.353 ms
Execution time: 17805.848 ms
