Seq Scan on movie_companies mc  (cost=0.00..51404.11 rows=989727 width=0) (actual time=0.010..929.837 rows=1000160 loops=1)
  Filter: (company_id > 16708)
  Rows Removed by Filter: 1608969
Planning time: 0.223 ms
Execution time: 1049.491 ms
