Seq Scan on movie_keyword mk  (cost=0.00..81003.12 rows=246 width=0) (actual time=1.195..1214.151 rows=554 loops=1)
  Filter: (keyword_id = 3925)
  Rows Removed by Filter: 4523376
Planning time: 0.318 ms
Execution time: 1214.494 ms
