Hash Join  (cost=244545.28..294014.81 rows=686405 width=0) (actual time=5030.835..6874.261 rows=2801394 loops=1)
  Hash Cond: (mi_idx.movie_id = t.id)
  ->  Seq Scan on movie_info_idx mi_idx  (cost=0.00..21735.35 rows=1380035 width=4) (actual time=0.011..458.970 rows=1380035 loops=1)
  ->  Hash  (cost=223911.71..223911.71 rows=1257645 width=8) (actual time=5029.385..5029.385 rows=1270632 loops=1)
        Buckets: 131072  Batches: 32  Memory Usage: 2571kB
        ->  Hash Join  (cost=102767.86..223911.71 rows=1257645 width=8) (actual time=1925.996..4699.242 rows=1270632 loops=1)
              Hash Cond: (mk.movie_id = t.id)
              ->  Seq Scan on movie_keyword mk  (cost=0.00..81003.12 rows=1257645 width=4) (actual time=0.015..1465.997 rows=1270632 loops=1)
                    Filter: (keyword_id < 1628)
                    Rows Removed by Filter: 3253298
              ->  Hash  (cost=61283.27..61283.27 rows=2528527 width=4) (actual time=1923.792..1923.792 rows=2528312 loops=1)
                    Buckets: 131072  Batches: 64  Memory Usage: 2425kB
                    ->  Seq Scan on title t  (cost=0.00..61283.27 rows=2528527 width=4) (actual time=0.048..1066.341 rows=2528312 loops=1)
Planning time: 1.109 ms
Execution time: 7168.329 ms
