Hash Join  (cost=67697.55..154582.73 rows=4578 width=0) (actual time=1021.482..2763.199 rows=12045 loops=1)
  Hash Cond: (mk.movie_id = t.id)
  ->  Seq Scan on movie_keyword mk  (cost=0.00..81003.12 rows=1556340 width=4) (actual time=0.020..1467.681 rows=1573294 loops=1)
        Filter: (keyword_id > 9965)
        Rows Removed by Filter: 2950636
  ->  Hash  (cost=67604.59..67604.59 rows=7437 width=4) (actual time=1020.339..1020.339 rows=13736 loops=1)
        Buckets: 16384 (originally 8192)  Batches: 1 (originally 1)  Memory Usage: 611kB
        ->  Seq Scan on title t  (cost=0.00..67604.59 rows=7437 width=4) (actual time=0.016..1013.680 rows=13736 loops=1)
              Filter: (production_year = 1974)
              Rows Removed by Filter: 2514576
Planning time: 0.934 ms
Execution time: 2765.258 ms
