Seq Scan on movie_keyword mk  (cost=0.00..81003.12 rows=7389 width=0) (actual time=0.202..1213.278 rows=7328 loops=1)
  Filter: (keyword_id = 229)
  Rows Removed by Filter: 4516602
Planning time: 0.385 ms
Execution time: 1215.115 ms
