Seq Scan on cast_info ci  (cost=0.00..796071.18 rows=278660 width=0) (actual time=10313.520..14157.197 rows=96663 loops=1)
  Filter: ((person_id < 2925971) AND (role_id > 10))
  Rows Removed by Filter: 36147681
Planning time: 0.293 ms
Execution time: 14163.834 ms
