Hash Join  (cost=447930.14..527140.44 rows=301777 width=0) (actual time=8252.086..13152.591 rows=12118134 loops=1)
  Hash Cond: (mc.movie_id = t.id)
  ->  Seq Scan on movie_companies mc  (cost=0.00..44881.29 rows=2609129 width=4) (actual time=0.027..959.467 rows=2609129 loops=1)
  ->  Hash  (cost=443131.47..443131.47 rows=292454 width=8) (actual time=8196.060..8196.060 rows=894085 loops=1)
        Buckets: 131072 (originally 131072)  Batches: 16 (originally 4)  Memory Usage: 3168kB
        ->  Hash Join  (cost=78556.72..443131.47 rows=292454 width=8) (actual time=2090.715..7943.841 rows=894085 loops=1)
              Hash Cond: (mi.movie_id = t.id)
              ->  Seq Scan on movie_info mi  (cost=0.00..346232.03 rows=1107781 width=4) (actual time=634.044..5588.714 rows=1159902 loops=1)
                    Filter: (info_type_id > 47)
                    Rows Removed by Filter: 13675818
              ->  Hash  (cost=67604.59..67604.59 rows=667531 width=4) (actual time=1454.279..1454.279 rows=662825 loops=1)
                    Buckets: 131072  Batches: 16  Memory Usage: 2485kB
                    ->  Seq Scan on title t  (cost=0.00..67604.59 rows=667531 width=4) (actual time=303.074..1233.158 rows=662825 loops=1)
                          Filter: (kind_id = 1)
                          Rows Removed by Filter: 1865487
Planning time: 1.162 ms
Execution time: 14501.642 ms
