Hash Join  (cost=157571.80..295317.74 rows=1292190 width=0) (actual time=3949.969..7778.099 rows=2305818 loops=1)
  Hash Cond: (mk.movie_id = t.id)
  ->  Seq Scan on movie_keyword mk  (cost=0.00..69693.30 rows=4523930 width=4) (actual time=0.021..1453.312 rows=4523930 loops=1)
  ->  Hash  (cost=145721.88..145721.88 rows=722234 width=8) (actual time=3948.948..3948.948 rows=584877 loops=1)
        Buckets: 131072  Batches: 16  Memory Usage: 2471kB
        ->  Hash Join  (cost=95637.05..145721.88 rows=722234 width=8) (actual time=2274.501..3773.399 rows=584877 loops=1)
              Hash Cond: (mi_idx.movie_id = t.id)
              ->  Seq Scan on movie_info_idx mi_idx  (cost=0.00..21735.35 rows=1380035 width=4) (actual time=0.012..444.244 rows=1380035 loops=1)
              ->  Hash  (cost=73925.90..73925.90 rows=1323292 width=4) (actual time=2272.422..2272.422 rows=1447699 loops=1)
                    Buckets: 131072  Batches: 32  Memory Usage: 2623kB
                    ->  Seq Scan on title t  (cost=0.00..73925.90 rows=1323292 width=4) (actual time=0.023..1566.412 rows=1447699 loops=1)
                          Filter: ((kind_id > 1) AND (production_year > 1988))
                          Rows Removed by Filter: 1080613
Planning time: 1.070 ms
Execution time: 8013.504 ms
