Seq Scan on movie_keyword mk  (cost=0.00..81003.12 rows=1526082 width=0) (actual time=0.020..1528.628 rows=1542019 loops=1)
  Filter: (keyword_id > 10280)
  Rows Removed by Filter: 2981911
Planning time: 0.331 ms
Execution time: 1738.238 ms
