Hash Join  (cost=77561.16..184247.23 rows=400700 width=0) (actual time=1326.572..4134.876 rows=552785 loops=1)
  Hash Cond: (mk.movie_id = t.id)
  ->  Seq Scan on movie_keyword mk  (cost=0.00..81003.12 rows=1669585 width=4) (actual time=0.029..1597.040 rows=1681101 loops=1)
        Filter: (keyword_id > 8647)
        Rows Removed by Filter: 2842829
  ->  Hash  (cost=67604.59..67604.59 rows=606846 width=4) (actual time=1325.474..1325.474 rows=603411 loops=1)
        Buckets: 131072  Batches: 8  Memory Usage: 3675kB
        ->  Seq Scan on title t  (cost=0.00..67604.59 rows=606846 width=4) (actual time=0.020..1129.449 rows=603411 loops=1)
              Filter: (production_year < 1986)
              Rows Removed by Filter: 1924901
Planning time: 0.825 ms
Execution time: 4201.379 ms
