Seq Scan on cast_info ci  (cost=0.00..796071.18 rows=7824132 width=0) (actual time=0.019..14293.623 rows=12670688 loops=1)
  Filter: ((person_id < 2252009) AND (role_id < 2))
  Rows Removed by Filter: 23573656
Planning time: 0.345 ms
Execution time: 15811.948 ms
