Seq Scan on movie_keyword mk  (cost=0.00..81003.12 rows=3130059 width=0) (actual time=0.020..1565.669 rows=3114816 loops=1)
  Filter: (keyword_id > 1923)
  Rows Removed by Filter: 1409114
Planning time: 0.326 ms
Execution time: 1948.664 ms
