Seq Scan on cast_info ci  (cost=0.00..796071.18 rows=19387884 width=0) (actual time=0.026..16734.151 rows=18607678 loops=1)
  Filter: ((person_id > 669301) AND (role_id < 4))
  Rows Removed by Filter: 17636666
Planning time: 0.353 ms
Execution time: 18951.790 ms
