Seq Scan on movie_keyword mk  (cost=0.00..81003.12 rows=4021776 width=0) (actual time=0.024..1590.271 rows=4028579 loops=1)
  Filter: (keyword_id < 36417)
  Rows Removed by Filter: 495351
Planning time: 0.383 ms
Execution time: 2097.632 ms
