Hash Join  (cost=128430.66..622363.66 rows=1323907 width=0) (actual time=2844.187..18288.967 rows=8979889 loops=1)
  Hash Cond: (mi.movie_id = t.id)
  ->  Seq Scan on movie_info mi  (cost=0.00..309384.22 rows=14739122 width=4) (actual time=0.018..6083.787 rows=14835720 loops=1)
  ->  Hash  (cost=124703.67..124703.67 rows=227119 width=8) (actual time=2843.217..2843.217 rows=408279 loops=1)
        Buckets: 131072 (originally 131072)  Batches: 8 (originally 4)  Memory Usage: 3073kB
        ->  Hash Join  (cost=84177.58..124703.67 rows=227119 width=8) (actual time=1470.222..2701.804 rows=408279 loops=1)
              Hash Cond: (mi_idx.movie_id = t.id)
              ->  Seq Scan on movie_info_idx mi_idx  (cost=0.00..25185.44 rows=919057 width=4) (actual time=0.018..580.583 rows=920110 loops=1)
                    Filter: (info_type_id > 99)
                    Rows Removed by Filter: 459925
              ->  Hash  (cost=73925.90..73925.90 rows=624854 width=4) (actual time=1448.606..1448.606 rows=563414 loops=1)
                    Buckets: 131072  Batches: 16  Memory Usage: 2259kB
                    ->  Seq Scan on title t  (cost=0.00..73925.90 rows=624854 width=4) (actual time=0.022..1175.385 rows=563414 loops=1)
                          Filter: ((production_year > 1921) AND (kind_id = 1))
                          Rows Removed by Filter: 1964898
Planning time: 1.188 ms
Execution time: 19324.801 ms
