Seq Scan on movie_keyword mk  (cost=0.00..81003.12 rows=2201424 width=0) (actual time=0.022..1379.557 rows=2200957 loops=1)
  Filter: (keyword_id < 4412)
  Rows Removed by Filter: 2322973
Planning time: 0.334 ms
Execution time: 1646.892 ms
