Nested Loop  (cost=58136.35..139298.76 rows=2 width=0) (actual time=926.432..2150.029 rows=28 loops=1)
  ->  Hash Join  (cost=58135.92..139246.76 rows=9 width=8) (actual time=926.362..2148.393 rows=28 loops=1)
        Hash Cond: (mk.movie_id = mc.movie_id)
        ->  Seq Scan on movie_keyword mk  (cost=0.00..81003.12 rows=246 width=4) (actual time=0.343..1233.374 rows=646 loops=1)
              Filter: (keyword_id = 9841)
              Rows Removed by Filter: 4523284
        ->  Hash  (cost=57926.93..57926.93 rows=16719 width=4) (actual time=912.869..912.869 rows=35517 loops=1)
              Buckets: 65536 (originally 32768)  Batches: 1 (originally 1)  Memory Usage: 1761kB
              ->  Seq Scan on movie_companies mc  (cost=0.00..57926.93 rows=16719 width=4) (actual time=1.646..899.693 rows=35517 loops=1)
                    Filter: ((company_type_id < 2) AND (company_id = 160))
                    Rows Removed by Filter: 2573612
  ->  Index Only Scan using title_pkey on title t  (cost=0.43..5.77 rows=1 width=4) (actual time=0.052..0.052 rows=1 loops=28)
        Index Cond: (id = mc.movie_id)
        Heap Fetches: 28
Planning time: 1.371 ms
Execution time: 2150.338 ms
