Hash Join  (cost=102767.86..194484.35 rows=993696 width=0) (actual time=1992.950..3740.974 rows=694475 loops=1)
  Hash Cond: (mc.movie_id = t.id)
  ->  Seq Scan on movie_companies mc  (cost=0.00..57926.93 rows=993696 width=4) (actual time=76.320..1016.012 rows=694475 loops=1)
        Filter: ((company_id < 51677) AND (company_type_id > 1))
        Rows Removed by Filter: 1914654
  ->  Hash  (cost=61283.27..61283.27 rows=2528527 width=4) (actual time=1915.460..1915.460 rows=2528312 loops=1)
        Buckets: 131072  Batches: 64  Memory Usage: 2415kB
        ->  Seq Scan on title t  (cost=0.00..61283.27 rows=2528527 width=4) (actual time=0.030..1098.306 rows=2528312 loops=1)
Planning time: 0.771 ms
Execution time: 3807.796 ms
