Hash Join  (cost=88195.18..1249996.50 rows=12460016 width=0) (actual time=1535.765..37284.112 rows=13493841 loops=1)
  Hash Cond: (ci.movie_id = t.id)
  ->  Seq Scan on cast_info ci  (cost=0.00..614943.12 rows=36225612 width=4) (actual time=0.019..13256.263 rows=36244344 loops=1)
  ->  Hash  (cost=73925.90..73925.90 rows=869702 width=4) (actual time=1534.974..1534.974 rows=896788 loops=1)
        Buckets: 131072  Batches: 16  Memory Usage: 2998kB
        ->  Seq Scan on title t  (cost=0.00..73925.90 rows=869702 width=4) (actual time=0.013..1252.156 rows=896788 loops=1)
              Filter: ((kind_id < 7) AND (production_year < 2012))
              Rows Removed by Filter: 1631524
Planning time: 0.740 ms
Execution time: 38968.938 ms
