Hash Join  (cost=67612.84..432307.23 rows=3847 width=0) (actual time=1064.934..8454.525 rows=23133 loops=1)
  Hash Cond: (mi.movie_id = t.id)
  ->  Seq Scan on movie_info mi  (cost=0.00..309384.22 rows=14739122 width=4) (actual time=0.023..4363.647 rows=14835720 loops=1)
  ->  Hash  (cost=67604.59..67604.59 rows=660 width=4) (actual time=1062.662..1062.662 rows=3515 loops=1)
        Buckets: 4096 (originally 1024)  Batches: 1 (originally 1)  Memory Usage: 156kB
        ->  Seq Scan on title t  (cost=0.00..67604.59 rows=660 width=4) (actual time=0.429..1060.925 rows=3515 loops=1)
              Filter: (production_year > 2013)
              Rows Removed by Filter: 2524797
Planning time: 0.746 ms
Execution time: 8459.769 ms
