Hash Join  (cost=878061.73..936342.27 rows=30103 width=0) (actual time=14761.822..15994.730 rows=125778 loops=1)
  Hash Cond: (mc.movie_id = t.id)
  ->  Seq Scan on movie_companies mc  (cost=0.00..51404.11 rows=1753439 width=4) (actual time=0.022..862.226 rows=1747226 loops=1)
        Filter: (company_id < 24112)
        Rows Removed by Filter: 861903
  ->  Hash  (cost=877519.11..877519.11 rows=43409 width=8) (actual time=14761.211..14761.211 rows=43882 loops=1)
        Buckets: 65536  Batches: 1  Memory Usage: 2227kB
        ->  Hash Join  (cost=69484.36..877519.11 rows=43409 width=8) (actual time=1032.822..14741.550 rows=43882 loops=1)
              Hash Cond: (ci.movie_id = t.id)
              ->  Seq Scan on cast_info ci  (cost=0.00..796071.18 rows=958262 width=4) (actual time=0.058..12518.415 rows=2970698 loops=1)
                    Filter: ((person_id > 2879584) AND (role_id = 10))
                    Rows Removed by Filter: 33273646
              ->  Hash  (cost=67604.59..67604.59 rows=114542 width=4) (actual time=1031.839..1031.839 rows=118234 loops=1)
                    Buckets: 131072  Batches: 2  Memory Usage: 3101kB
                    ->  Seq Scan on title t  (cost=0.00..67604.59 rows=114542 width=4) (actual time=0.017..989.662 rows=118234 loops=1)
                          Filter: (kind_id = 4)
                          Rows Removed by Filter: 2410078
Planning time: 1.201 ms
Execution time: 16009.608 ms
