Seq Scan on cast_info ci  (cost=0.00..705507.15 rows=500 width=0) (actual time=5658.206..11357.303 rows=456 loops=1)
  Filter: (person_id = 1553601)
  Rows Removed by Filter: 36243888
Planning time: 0.404 ms
Execution time: 11357.450 ms
