Seq Scan on movie_companies mc  (cost=0.00..57926.93 rows=673037 width=0) (actual time=6.481..981.867 rows=916719 loops=1)
  Filter: ((company_id > 11219) AND (company_type_id > 1))
  Rows Removed by Filter: 1692410
Planning time: 3.670 ms
Execution time: 1093.579 ms
