Hash Join  (cost=160737.19..544119.96 rows=30298 width=0) (actual time=3029.846..11537.376 rows=2034753 loops=1)
  Hash Cond: (mi.movie_id = t.id)
  ->  Seq Scan on movie_info mi  (cost=0.00..309384.22 rows=14739122 width=4) (actual time=0.011..4755.696 rows=14835720 loops=1)
  ->  Hash  (cost=160672.23..160672.23 rows=5197 width=8) (actual time=3029.515..3029.515 rows=32557 loops=1)
        Buckets: 32768 (originally 8192)  Batches: 1 (originally 1)  Memory Usage: 1528kB
        ->  Hash Join  (cost=73962.22..160672.23 rows=5197 width=8) (actual time=1105.781..3018.511 rows=32557 loops=1)
              Hash Cond: (mk.movie_id = t.id)
              ->  Seq Scan on movie_keyword mk  (cost=0.00..69693.30 rows=4523930 width=4) (actual time=0.014..1086.200 rows=4523930 loops=1)
              ->  Hash  (cost=73925.90..73925.90 rows=2905 width=4) (actual time=1105.640..1105.640 rows=6875 loops=1)
                    Buckets: 8192 (originally 4096)  Batches: 1 (originally 1)  Memory Usage: 306kB
                    ->  Seq Scan on title t  (cost=0.00..73925.90 rows=2905 width=4) (actual time=0.327..1102.283 rows=6875 loops=1)
                          Filter: ((kind_id < 7) AND (production_year = 1982))
                          Rows Removed by Filter: 2521437
Planning time: 1.218 ms
Execution time: 11791.776 ms
