Hash Join  (cost=147696.86..584299.91 rows=319056 width=0) (actual time=3106.406..13125.953 rows=1665934 loops=1)
  Hash Cond: (mi.movie_id = t.id)
  ->  Seq Scan on movie_info mi  (cost=0.00..346232.03 rows=7503588 width=4) (actual time=0.010..6399.928 rows=7548855 loops=1)
        Filter: (info_type_id > 7)
        Rows Removed by Filter: 7286865
  ->  Hash  (cost=145932.94..145932.94 rows=107514 width=8) (actual time=3105.575..3105.575 rows=297395 loops=1)
        Buckets: 131072 (originally 131072)  Batches: 4 (originally 2)  Memory Usage: 3942kB
        ->  Hash Join  (cost=77280.64..145932.94 rows=107514 width=8) (actual time=1583.105..2996.891 rows=297395 loops=1)
              Hash Cond: (mc.movie_id = t.id)
              ->  Seq Scan on movie_companies mc  (cost=0.00..51404.11 rows=1329612 width=4) (actual time=329.432..1001.127 rows=1334883 loops=1)
                    Filter: (company_type_id > 1)
                    Rows Removed by Filter: 1274246
              ->  Hash  (cost=73925.90..73925.90 rows=204459 width=4) (actual time=1252.696..1252.696 rows=313929 loops=1)
                    Buckets: 131072  Batches: 4  Memory Usage: 3786kB
                    ->  Seq Scan on title t  (cost=0.00..73925.90 rows=204459 width=4) (actual time=0.087..1150.016 rows=313929 loops=1)
                          Filter: ((kind_id < 7) AND (production_year < 1981))
                          Rows Removed by Filter: 2214383
Planning time: 1.281 ms
Execution time: 13330.933 ms
