Hash Join  (cost=83810.17..892355.54 rows=217512 width=0) (actual time=8806.115..15136.556 rows=437242 loops=1)
  Hash Cond: (ci.movie_id = t.id)
  ->  Seq Scan on cast_info ci  (cost=0.00..796071.18 rows=556818 width=4) (actual time=7263.557..12889.241 rows=836006 loops=1)
        Filter: ((person_id > 2528719) AND (role_id = 8))
        Rows Removed by Filter: 35408338
  ->  Hash  (cost=67604.59..67604.59 rows=987727 width=4) (actual time=1541.341..1541.341 rows=985048 loops=1)
        Buckets: 131072  Batches: 16  Memory Usage: 3188kB
        ->  Seq Scan on title t  (cost=0.00..67604.59 rows=987727 width=4) (actual time=0.032..1236.423 rows=985048 loops=1)
              Filter: (kind_id < 7)
              Rows Removed by Filter: 1543264
Planning time: 0.853 ms
Execution time: 15182.074 ms
