Hash Join  (cost=80193.64..165128.52 rows=370205 width=0) (actual time=1395.247..4033.188 rows=944227 loops=1)
  Hash Cond: (mc.movie_id = t.id)
  ->  Seq Scan on movie_companies mc  (cost=0.00..51404.11 rows=2450590 width=4) (actual time=0.016..1116.216 rows=2447019 loops=1)
        Filter: (company_id > 27)
        Rows Removed by Filter: 162110
  ->  Hash  (cost=73925.90..73925.90 rows=381979 width=4) (actual time=1394.442..1394.442 rows=440029 loops=1)
        Buckets: 131072  Batches: 8  Memory Usage: 2968kB
        ->  Seq Scan on title t  (cost=0.00..73925.90 rows=381979 width=4) (actual time=395.275..1255.722 rows=440029 loops=1)
              Filter: ((kind_id < 2) AND (production_year < 2006))
              Rows Removed by Filter: 2088283
Planning time: 1.271 ms
Execution time: 4149.247 ms
