Hash Join  (cost=138937.14..957814.99 rows=61 width=0) (actual time=2455.885..16326.649 rows=230 loops=1)
  Hash Cond: (ci.movie_id = t.id)
  ->  Seq Scan on cast_info ci  (cost=0.00..796071.18 rows=6081619 width=4) (actual time=905.764..13254.272 rows=12389035 loops=1)
        Filter: ((person_id < 1698532) AND (role_id = 1))
        Rows Removed by Filter: 23855309
  ->  Hash  (cost=138936.83..138936.83 rows=25 width=8) (actual time=1525.421..1525.421 rows=13 loops=1)
        Buckets: 1024  Batches: 1  Memory Usage: 9kB
        ->  Nested Loop  (cost=0.43..138936.83 rows=25 width=8) (actual time=34.562..1525.352 rows=13 loops=1)
              ->  Seq Scan on movie_keyword mk  (cost=0.00..81003.12 rows=8595 width=4) (actual time=0.027..1280.389 rows=8337 loops=1)
                    Filter: (keyword_id = 865)
                    Rows Removed by Filter: 4515593
              ->  Index Scan using title_pkey on title t  (cost=0.43..6.73 rows=1 width=4) (actual time=0.029..0.029 rows=0 loops=8337)
                    Index Cond: (id = mk.movie_id)
                    Filter: (production_year = 1958)
                    Rows Removed by Filter: 1
Planning time: 2.216 ms
Execution time: 16327.040 ms
