Hash Join  (cost=73962.22..128835.18 rows=1060 width=0) (actual time=927.881..1975.751 rows=298 loops=1)
  Hash Cond: (mc.movie_id = t.id)
  ->  Seq Scan on movie_companies mc  (cost=0.00..51404.11 rows=922199 width=4) (actual time=0.022..941.719 rows=930934 loops=1)
        Filter: (company_id > 19485)
        Rows Removed by Filter: 1678195
  ->  Hash  (cost=73925.90..73925.90 rows=2905 width=4) (actual time=888.458..888.458 rows=1799 loops=1)
        Buckets: 4096  Batches: 1  Memory Usage: 96kB
        ->  Seq Scan on title t  (cost=0.00..73925.90 rows=2905 width=4) (actual time=420.399..887.715 rows=1799 loops=1)
              Filter: ((kind_id < 7) AND (production_year = 1902))
              Rows Removed by Filter: 2526513
Planning time: 3.464 ms
Execution time: 1975.930 ms
