Seq Scan on cast_info ci  (cost=0.00..796071.18 rows=1127883 width=0) (actual time=13394.264..15520.339 rows=1093558 loops=1)
  Filter: ((person_id < 3925429) AND (role_id = 9))
  Rows Removed by Filter: 35150786
Planning time: 0.440 ms
Execution time: 15655.671 ms
