Hash Join  (cost=84571.72..128340.62 rows=354142 width=0) (actual time=1420.348..2808.416 rows=629897 loops=1)
  Hash Cond: (mi_idx.movie_id = t.id)
  ->  Seq Scan on movie_info_idx mi_idx  (cost=0.00..21735.35 rows=1380035 width=4) (actual time=0.025..508.886 rows=1380035 loops=1)
  ->  Hash  (cost=73925.90..73925.90 rows=648865 width=4) (actual time=1419.557..1419.557 rows=656311 loops=1)
        Buckets: 131072  Batches: 16  Memory Usage: 2462kB
        ->  Seq Scan on title t  (cost=0.00..73925.90 rows=648865 width=4) (actual time=552.525..1213.552 rows=656311 loops=1)
              Filter: ((production_year > 0) AND (kind_id = 1))
              Rows Removed by Filter: 1872001
Planning time: 0.628 ms
Execution time: 2883.579 ms
