Hash Join  (cost=1044553.79..1769977.19 rows=19565767 width=0) (actual time=22195.062..60912.335 rows=86442844 loops=1)
  Hash Cond: (mi.movie_id = t.id)
  ->  Seq Scan on movie_info mi  (cost=0.00..309384.22 rows=14739122 width=4) (actual time=0.025..6003.812 rows=14835720 loops=1)
  ->  Hash  (cost=989484.94..989484.94 rows=3356548 width=8) (actual time=22192.561..22192.561 rows=6741091 loops=1)
        Buckets: 131072 (originally 131072)  Batches: 128 (originally 64)  Memory Usage: 3150kB
        ->  Hash Join  (cost=102767.86..989484.94 rows=3356548 width=8) (actual time=1905.950..20395.582 rows=6741091 loops=1)
              Hash Cond: (ci.movie_id = t.id)
              ->  Seq Scan on cast_info ci  (cost=0.00..796071.18 rows=3356548 width=4) (actual time=0.020..12870.404 rows=6741091 loops=1)
                    Filter: ((person_id < 922969) AND (role_id = 1))
                    Rows Removed by Filter: 29503253
              ->  Hash  (cost=61283.27..61283.27 rows=2528527 width=4) (actual time=1904.568..1904.568 rows=2528312 loops=1)
                    Buckets: 131072  Batches: 64  Memory Usage: 2415kB
                    ->  Seq Scan on title t  (cost=0.00..61283.27 rows=2528527 width=4) (actual time=0.013..1058.286 rows=2528312 loops=1)
Planning time: 1.845 ms
Execution time: 70638.716 ms
