Seq Scan on movie_companies mc  (cost=0.00..57926.93 rows=1154772 width=0) (actual time=0.020..1217.018 rows=1274246 loops=1)
  Filter: ((company_id < 99816) AND (company_type_id < 2))
  Rows Removed by Filter: 1334883
Planning time: 0.345 ms
Execution time: 1380.857 ms
