Hash Join  (cost=52284.29..803077.33 rows=387 width=0) (actual time=856.526..16866.367 rows=4248 loops=1)
  Hash Cond: (ci.movie_id = t.id)
  ->  Seq Scan on cast_info ci  (cost=0.00..614943.12 rows=36225612 width=4) (actual time=0.027..9137.035 rows=36244344 loops=1)
  ->  Hash  (cost=52283.95..52283.95 rows=27 width=8) (actual time=856.205..856.205 rows=38 loops=1)
        Buckets: 1024  Batches: 1  Memory Usage: 10kB
        ->  Nested Loop  (cost=0.43..52283.95 rows=27 width=8) (actual time=503.857..856.149 rows=38 loops=1)
              ->  Seq Scan on movie_companies mc  (cost=0.00..51404.11 rows=104 width=4) (actual time=343.097..854.528 rows=41 loops=1)
                    Filter: (company_id = 71878)
                    Rows Removed by Filter: 2609088
              ->  Index Scan using title_pkey on title t  (cost=0.43..8.45 rows=1 width=4) (actual time=0.035..0.036 rows=1 loops=41)
                    Index Cond: (id = mc.movie_id)
                    Filter: (kind_id = 1)
                    Rows Removed by Filter: 0
Planning time: 2.416 ms
Execution time: 16868.468 ms
