Seq Scan on title t  (cost=0.00..73925.90 rows=200988 width=0) (actual time=0.047..1293.052 rows=74956 loops=1)
  Filter: ((kind_id > 1) AND (production_year < 1963))
  Rows Removed by Filter: 2453356
Planning time: 0.357 ms
Execution time: 1304.446 ms
