Hash Join  (cost=227173.66..1240994.12 rows=6735754 width=0) (actual time=4695.972..34858.432 rows=22375535 loops=1)
  Hash Cond: (ci.movie_id = t.id)
  ->  Seq Scan on cast_info ci  (cost=0.00..705507.15 rows=20559407 width=4) (actual time=0.018..13421.608 rows=20691260 loops=1)
        Filter: (person_id > 1534386)
        Rows Removed by Filter: 15553084
  ->  Hash  (cost=213582.58..213582.58 rows=828406 width=8) (actual time=4695.059..4695.059 rows=836772 loops=1)
        Buckets: 131072  Batches: 16  Memory Usage: 3107kB
        ->  Hash Join  (cost=102767.86..213582.58 rows=828406 width=8) (actual time=2044.522..4448.812 rows=836772 loops=1)
              Hash Cond: (mk.movie_id = t.id)
              ->  Seq Scan on movie_keyword mk  (cost=0.00..81003.12 rows=828406 width=4) (actual time=0.017..1336.810 rows=836772 loops=1)
                    Filter: (keyword_id > 21996)
                    Rows Removed by Filter: 3687158
              ->  Hash  (cost=61283.27..61283.27 rows=2528527 width=4) (actual time=2043.259..2043.259 rows=2528312 loops=1)
                    Buckets: 131072  Batches: 64  Memory Usage: 2425kB
                    ->  Seq Scan on title t  (cost=0.00..61283.27 rows=2528527 width=4) (actual time=0.018..1144.581 rows=2528312 loops=1)
Planning time: 1.002 ms
Execution time: 37533.341 ms
