Seq Scan on movie_companies mc  (cost=0.00..57926.93 rows=53 width=0) (actual time=343.891..919.892 rows=721 loops=1)
  Filter: ((company_type_id > 1) AND (company_id = 9969))
  Rows Removed by Filter: 2608408
Planning time: 0.383 ms
Execution time: 920.121 ms
