Hash Join  (cost=80830.47..586812.02 rows=2453162 width=0) (actual time=1463.984..16680.199 rows=5829428 loops=1)
  Hash Cond: (mi.movie_id = t.id)
  ->  Seq Scan on movie_info mi  (cost=0.00..309384.22 rows=14739122 width=4) (actual time=0.019..6207.961 rows=14835720 loops=1)
  ->  Hash  (cost=73925.90..73925.90 rows=420845 width=4) (actual time=1463.100..1463.100 rows=517968 loops=1)
        Buckets: 131072  Batches: 8  Memory Usage: 3321kB
        ->  Seq Scan on title t  (cost=0.00..73925.90 rows=420845 width=4) (actual time=0.016..1281.740 rows=517968 loops=1)
              Filter: ((kind_id < 7) AND (production_year < 2001))
              Rows Removed by Filter: 2010344
Planning time: 2.281 ms
Execution time: 17369.229 ms
