Hash Join  (cost=83509.94..117429.01 rows=107413 width=0) (actual time=1519.994..2320.789 rows=60903 loops=1)
  Hash Cond: (mi_idx.movie_id = t.id)
  ->  Seq Scan on movie_info_idx mi_idx  (cost=0.00..25185.44 rows=464934 width=4) (actual time=0.026..500.229 rows=460185 loops=1)
        Filter: (info_type_id > 100)
        Rows Removed by Filter: 919850
  ->  Hash  (cost=73925.90..73925.90 rows=584163 width=4) (actual time=1519.083..1519.083 rows=452484 loops=1)
        Buckets: 131072  Batches: 8  Memory Usage: 3000kB
        ->  Seq Scan on title t  (cost=0.00..73925.90 rows=584163 width=4) (actual time=0.016..1376.738 rows=452484 loops=1)
              Filter: ((kind_id > 3) AND (production_year < 1997))
              Rows Removed by Filter: 2075828
Planning time: 0.735 ms
Execution time: 2333.842 ms
