Hash Join  (cost=58358.64..410403.53 rows=12 width=0) (actual time=5306.407..6392.509 rows=248 loops=1)
  Hash Cond: (mi.movie_id = t.id)
  ->  Seq Scan on movie_info mi  (cost=0.00..346232.03 rows=1550064 width=4) (actual time=4355.727..5310.585 rows=1533909 loops=1)
        Filter: (info_type_id = 3)
        Rows Removed by Filter: 13301811
  ->  Hash  (cost=58358.39..58358.39 rows=20 width=8) (actual time=867.669..867.669 rows=94 loops=1)
        Buckets: 1024  Batches: 1  Memory Usage: 12kB
        ->  Nested Loop  (cost=0.43..58358.39 rows=20 width=8) (actual time=223.177..867.563 rows=94 loops=1)
              ->  Seq Scan on movie_companies mc  (cost=0.00..57926.93 rows=51 width=4) (actual time=223.099..849.607 rows=94 loops=1)
                    Filter: ((company_id = 15325) AND (company_type_id = 1))
                    Rows Removed by Filter: 2609035
              ->  Index Scan using title_pkey on title t  (cost=0.43..8.45 rows=1 width=4) (actual time=0.186..0.187 rows=1 loops=94)
                    Index Cond: (id = mc.movie_id)
                    Filter: (kind_id < 7)
Planning time: 1.205 ms
Execution time: 6392.797 ms
