Seq Scan on cast_info ci  (cost=0.00..705507.15 rows=500 width=0) (actual time=8886.321..10631.490 rows=2 loops=1)
  Filter: (person_id = 2620836)
  Rows Removed by Filter: 36244342
Planning time: 4.278 ms
Execution time: 10631.572 ms
