Seq Scan on cast_info ci  (cost=0.00..796071.18 rows=5346321 width=0) (actual time=8186.532..15411.029 rows=7451973 loops=1)
  Filter: ((person_id < 2742569) AND (role_id = 2))
  Rows Removed by Filter: 28792371
Planning time: 2.223 ms
Execution time: 16309.946 ms
