Hash Join  (cost=188305.20..324772.31 rows=1187207 width=0) (actual time=5378.211..8060.114 rows=576109 loops=1)
  Hash Cond: (mk.movie_id = t.id)
  ->  Seq Scan on movie_keyword mk  (cost=0.00..69693.30 rows=4523930 width=4) (actual time=0.007..1515.317 rows=4523930 loops=1)
  ->  Hash  (cost=177417.74..177417.74 rows=663557 width=8) (actual time=4226.939..4226.939 rows=339982 loops=1)
        Buckets: 131072  Batches: 16  Memory Usage: 1846kB
        ->  Hash Join  (cost=92883.59..177417.74 rows=663557 width=8) (actual time=2173.847..4124.134 rows=339982 loops=1)
              Hash Cond: (mc.movie_id = t.id)
              ->  Seq Scan on movie_companies mc  (cost=0.00..57926.93 rows=1088929 width=4) (actual time=276.867..1296.490 rows=1213444 loops=1)
                    Filter: ((company_id > 401) AND (company_type_id = 2))
                    Rows Removed by Filter: 1395685
              ->  Hash  (cost=67604.59..67604.59 rows=1540800 width=4) (actual time=1895.766..1895.766 rows=1543264 loops=1)
                    Buckets: 131072  Batches: 32  Memory Usage: 2722kB
                    ->  Seq Scan on title t  (cost=0.00..67604.59 rows=1540800 width=4) (actual time=0.053..1415.460 rows=1543264 loops=1)
                          Filter: (kind_id = 7)
                          Rows Removed by Filter: 985048
Planning time: 9.234 ms
Execution time: 8127.042 ms
