Hash Join  (cost=491650.71..1310624.32 rows=2392430 width=0) (actual time=9207.232..26319.146 rows=3475059 loops=1)
  Hash Cond: (ci.movie_id = t.id)
  ->  Seq Scan on cast_info ci  (cost=0.00..705507.15 rows=7470441 width=4) (actual time=202.999..12233.850 rows=7399195 loops=1)
        Filter: (person_id < 716028)
        Rows Removed by Filter: 28845149
  ->  Hash  (cost=478364.61..478364.61 rows=809768 width=8) (actual time=9003.308..9003.308 rows=802140 loops=1)
        Buckets: 131072  Batches: 16  Memory Usage: 2973kB
        ->  Hash Join  (cost=102767.86..478364.61 rows=809768 width=8) (actual time=5570.571..8750.280 rows=802140 loops=1)
              Hash Cond: (mi.movie_id = t.id)
              ->  Seq Scan on movie_info mi  (cost=0.00..346232.03 rows=809768 width=4) (actual time=3503.362..5495.131 rows=802140 loops=1)
                    Filter: (info_type_id < 2)
                    Rows Removed by Filter: 14033580
              ->  Hash  (cost=61283.27..61283.27 rows=2528527 width=4) (actual time=2066.214..2066.214 rows=2528312 loops=1)
                    Buckets: 131072  Batches: 64  Memory Usage: 2425kB
                    ->  Seq Scan on title t  (cost=0.00..61283.27 rows=2528527 width=4) (actual time=0.016..1205.287 rows=2528312 loops=1)
Planning time: 0.739 ms
Execution time: 26703.646 ms
