Hash Join  (cost=206647.82..751922.40 rows=6135665 width=0) (actual time=4533.134..23252.058 rows=19500307 loops=1)
  Hash Cond: (mi.movie_id = t.id)
  ->  Seq Scan on movie_info mi  (cost=0.00..309384.22 rows=14739122 width=4) (actual time=0.016..6440.908 rows=14835720 loops=1)
  ->  Hash  (cost=189378.49..189378.49 rows=1052586 width=8) (actual time=4532.208..4532.208 rows=1062945 loops=1)
        Buckets: 131072  Batches: 16  Memory Usage: 3648kB
        ->  Hash Join  (cost=102767.86..189378.49 rows=1052586 width=8) (actual time=1993.617..4210.614 rows=1062945 loops=1)
              Hash Cond: (mc.movie_id = t.id)
              ->  Seq Scan on movie_companies mc  (cost=0.00..51404.11 rows=1052586 width=4) (actual time=78.387..963.913 rows=1062945 loops=1)
                    Filter: (company_id > 14675)
                    Rows Removed by Filter: 1546184
              ->  Hash  (cost=61283.27..61283.27 rows=2528527 width=4) (actual time=1912.923..1912.923 rows=2528312 loops=1)
                    Buckets: 131072  Batches: 64  Memory Usage: 2415kB
                    ->  Seq Scan on title t  (cost=0.00..61283.27 rows=2528527 width=4) (actual time=0.021..1082.596 rows=2528312 loops=1)
Planning time: 1.667 ms
Execution time: 25444.916 ms
