Seq Scan on movie_companies mc  (cost=0.00..57926.93 rows=114168 width=0) (actual time=171.207..809.151 rows=51259 loops=1)
  Filter: ((company_id < 82) AND (company_type_id > 1))
  Rows Removed by Filter: 2557870
Planning time: 0.330 ms
Execution time: 816.110 ms
