Nested Loop  (cost=0.43..83071.67 rows=246 width=0) (actual time=0.084..1435.773 rows=2773 loops=1)
  ->  Seq Scan on movie_keyword mk  (cost=0.00..81003.12 rows=246 width=4) (actual time=0.018..1323.467 rows=2773 loops=1)
        Filter: (keyword_id = 2215)
        Rows Removed by Filter: 4521157
  ->  Index Only Scan using title_pkey on title t  (cost=0.43..8.40 rows=1 width=4) (actual time=0.039..0.039 rows=1 loops=2773)
        Index Cond: (id = mk.movie_id)
        Heap Fetches: 2773
Planning time: 0.755 ms
Execution time: 1436.759 ms
