Seq Scan on title t  (cost=0.00..73925.90 rows=34044 width=0) (actual time=0.013..1233.900 rows=130314 loops=1)
  Filter: ((production_year < 1936) AND (kind_id = 1))
  Rows Removed by Filter: 2397998
Planning time: 0.277 ms
Execution time: 1248.999 ms
