Hash Join  (cost=445821.99..601626.41 rows=453682 width=0) (actual time=11035.119..15293.206 rows=4113213 loops=1)
  Hash Cond: (mk.movie_id = t.id)
  ->  Seq Scan on movie_keyword mk  (cost=0.00..69693.30 rows=4523930 width=4) (actual time=0.015..1313.450 rows=4523930 loops=1)
  ->  Hash  (cost=441661.32..441661.32 rows=253573 width=8) (actual time=11033.526..11033.526 rows=405218 loops=1)
        Buckets: 131072 (originally 131072)  Batches: 8 (originally 4)  Memory Usage: 3073kB
        ->  Hash Join  (cost=74469.67..441661.32 rows=253573 width=8) (actual time=1197.139..9732.735 rows=405218 loops=1)
              Hash Cond: (mi.movie_id = t.id)
              ->  Seq Scan on movie_info mi  (cost=0.00..309384.22 rows=14739122 width=4) (actual time=0.014..4593.673 rows=14835720 loops=1)
              ->  Hash  (cost=73925.90..73925.90 rows=43501 width=4) (actual time=1178.757..1178.757 rows=39560 loops=1)
                    Buckets: 65536  Batches: 1  Memory Usage: 1903kB
                    ->  Seq Scan on title t  (cost=0.00..73925.90 rows=43501 width=4) (actual time=7.114..1163.779 rows=39560 loops=1)
                          Filter: ((kind_id = 1) AND (production_year = 2012))
                          Rows Removed by Filter: 2488752
Planning time: 1.170 ms
Execution time: 15749.440 ms
