Hash Join  (cost=82423.69..835344.24 rows=1035725 width=0) (actual time=2173.757..14947.089 rows=1005046 loops=1)
  Hash Cond: (ci.movie_id = t.id)
  ->  Seq Scan on cast_info ci  (cost=0.00..705507.15 rows=2899508 width=4) (actual time=662.026..11570.394 rows=2846523 loops=1)
        Filter: (person_id < 275296)
        Rows Removed by Filter: 33397821
  ->  Hash  (cost=67604.59..67604.59 rows=903208 width=4) (actual time=1510.646..1510.646 rows=904491 loops=1)
        Buckets: 131072  Batches: 16  Memory Usage: 3010kB
        ->  Seq Scan on title t  (cost=0.00..67604.59 rows=903208 width=4) (actual time=0.020..1210.430 rows=904491 loops=1)
              Filter: (production_year > 2006)
              Rows Removed by Filter: 1623821
Planning time: 0.752 ms
Execution time: 15067.424 ms
