Hash Join  (cost=163239.08..582494.58 rows=5865 width=0) (actual time=3442.118..12313.927 rows=54153 loops=1)
  Hash Cond: (mi.movie_id = t.id)
  ->  Seq Scan on movie_info mi  (cost=0.00..346232.03 rows=14592968 width=4) (actual time=0.015..6703.350 rows=14637966 loops=1)
        Filter: (info_type_id < 107)
        Rows Removed by Filter: 197754
  ->  Hash  (cost=163226.38..163226.38 rows=1016 width=8) (actual time=3441.313..3441.313 rows=4666 loops=1)
        Buckets: 8192 (originally 1024)  Batches: 1 (originally 1)  Memory Usage: 247kB
        ->  Hash Join  (cost=67612.84..163226.38 rows=1016 width=8) (actual time=1145.479..3439.178 rows=4666 loops=1)
              Hash Cond: (mk.movie_id = t.id)
              ->  Seq Scan on movie_keyword mk  (cost=0.00..81003.12 rows=3893401 width=4) (actual time=0.019..1710.174 rows=3894383 loops=1)
                    Filter: (keyword_id > 490)
                    Rows Removed by Filter: 629547
              ->  Hash  (cost=67604.59..67604.59 rows=660 width=4) (actual time=1144.408..1144.408 rows=3515 loops=1)
                    Buckets: 4096 (originally 1024)  Batches: 1 (originally 1)  Memory Usage: 156kB
                    ->  Seq Scan on title t  (cost=0.00..67604.59 rows=660 width=4) (actual time=0.933..1142.568 rows=3515 loops=1)
                          Filter: (production_year > 2013)
                          Rows Removed by Filter: 2524797
Planning time: 1.196 ms
Execution time: 12321.639 ms
