Seq Scan on title t  (cost=0.00..73925.90 rows=1963 width=0) (actual time=218.015..1025.798 rows=4466 loops=1)
  Filter: ((kind_id = 1) AND (production_year = 1980))
  Rows Removed by Filter: 2523846
Planning time: 0.399 ms
Execution time: 1026.922 ms
