Hash Join  (cost=102767.86..929701.36 rows=872020 width=0) (actual time=10034.998..14712.910 rows=596669 loops=1)
  Hash Cond: (ci.movie_id = t.id)
  ->  Seq Scan on cast_info ci  (cost=0.00..796071.18 rows=872020 width=4) (actual time=8041.221..11427.539 rows=596669 loops=1)
        Filter: ((person_id < 757552) AND (role_id = 3))
        Rows Removed by Filter: 35647675
  ->  Hash  (cost=61283.27..61283.27 rows=2528527 width=4) (actual time=1992.572..1992.572 rows=2528312 loops=1)
        Buckets: 131072  Batches: 64  Memory Usage: 2415kB
        ->  Seq Scan on title t  (cost=0.00..61283.27 rows=2528527 width=4) (actual time=0.043..1141.283 rows=2528312 loops=1)
Planning time: 0.720 ms
Execution time: 14779.647 ms
