Seq Scan on movie_companies mc  (cost=0.00..57926.93 rows=53 width=0) (actual time=193.375..896.268 rows=1 loops=1)
  Filter: ((company_type_id > 1) AND (company_id = 99591))
  Rows Removed by Filter: 2609128
Planning time: 1.649 ms
Execution time: 896.359 ms
