Hash Join  (cost=52284.99..143108.03 rows=108 width=0) (actual time=1106.720..2762.147 rows=8 loops=1)
  Hash Cond: (mk.movie_id = t.id)
  ->  Seq Scan on movie_keyword mk  (cost=0.00..81003.12 rows=2618355 width=4) (actual time=0.016..1483.017 rows=2606582 loops=1)
        Filter: (keyword_id < 7075)
        Rows Removed by Filter: 1917348
  ->  Hash  (cost=52283.69..52283.69 rows=104 width=8) (actual time=930.604..930.604 rows=8 loops=1)
        Buckets: 1024  Batches: 1  Memory Usage: 9kB
        ->  Nested Loop  (cost=0.43..52283.69 rows=104 width=8) (actual time=11.697..930.589 rows=8 loops=1)
              ->  Seq Scan on movie_companies mc  (cost=0.00..51404.11 rows=104 width=4) (actual time=11.573..929.628 rows=8 loops=1)
                    Filter: (company_id = 58447)
                    Rows Removed by Filter: 2609121
              ->  Index Only Scan using title_pkey on title t  (cost=0.43..8.45 rows=1 width=4) (actual time=0.110..0.111 rows=1 loops=8)
                    Index Cond: (id = mc.movie_id)
                    Heap Fetches: 8
Planning time: 1.154 ms
Execution time: 2762.280 ms
