Hash Join  (cost=67697.55..432786.99 rows=43351 width=0) (actual time=1198.877..8704.549 rows=31801 loops=1)
  Hash Cond: (mi.movie_id = t.id)
  ->  Seq Scan on movie_info mi  (cost=0.00..309384.22 rows=14739122 width=4) (actual time=0.019..4547.778 rows=14835720 loops=1)
  ->  Hash  (cost=67604.59..67604.59 rows=7437 width=4) (actual time=1195.103..1195.103 rows=2773 loops=1)
        Buckets: 8192  Batches: 1  Memory Usage: 162kB
        ->  Seq Scan on title t  (cost=0.00..67604.59 rows=7437 width=4) (actual time=0.031..1193.694 rows=2773 loops=1)
              Filter: (production_year = 1928)
              Rows Removed by Filter: 2525539
Planning time: 0.812 ms
Execution time: 8710.607 ms
