Seq Scan on cast_info ci  (cost=0.00..796071.18 rows=3654820 width=0) (actual time=266.391..12218.786 rows=2231464 loops=1)
  Filter: ((person_id < 786517) AND (role_id > 2))
  Rows Removed by Filter: 34012880
Planning time: 0.296 ms
Execution time: 12506.374 ms
