Hash Join  (cost=80661.47..924979.88 rows=574285 width=0) (actual time=8163.584..19310.813 rows=1480309 loops=1)
  Hash Cond: (ci.movie_id = t.id)
  ->  Seq Scan on cast_info ci  (cost=0.00..796071.18 rows=3537168 width=4) (actual time=6822.482..13430.941 rows=7850498 loops=1)
        Filter: ((person_id > 2658697) AND (role_id > 3))
        Rows Removed by Filter: 28393846
  ->  Hash  (cost=73925.90..73925.90 rows=410525 width=4) (actual time=1339.971..1339.971 rows=456146 loops=1)
        Buckets: 131072  Batches: 8  Memory Usage: 3040kB
        ->  Seq Scan on title t  (cost=0.00..73925.90 rows=410525 width=4) (actual time=704.057..1213.246 rows=456146 loops=1)
              Filter: ((production_year < 2007) AND (kind_id = 1))
              Rows Removed by Filter: 2072166
Planning time: 0.573 ms
Execution time: 19498.274 ms
