Hash Join  (cost=361306.39..1180173.29 rows=24220267 width=0) (actual time=9028.508..65524.988 rows=199480657 loops=1)
  Hash Cond: (mi.movie_id = t.id)
  ->  Seq Scan on movie_info mi  (cost=0.00..346232.03 rows=13926693 width=4) (actual time=0.012..7453.021 rows=13963496 loops=1)
        Filter: (info_type_id < 98)
        Rows Removed by Filter: 872224
  ->  Hash  (cost=289160.56..289160.56 rows=4397426 width=8) (actual time=9026.723..9026.723 rows=4499972 loops=1)
        Buckets: 131072  Batches: 64  Memory Usage: 3874kB
        ->  Hash Join  (cost=107928.35..289160.56 rows=4397426 width=8) (actual time=2312.550..7662.949 rows=4499972 loops=1)
              Hash Cond: (mk.movie_id = t.id)
              ->  Seq Scan on movie_keyword mk  (cost=0.00..69693.30 rows=4523930 width=4) (actual time=0.023..1511.826 rows=4523930 loops=1)
              ->  Hash  (cost=67604.59..67604.59 rows=2457821 width=4) (actual time=2311.142..2311.142 rows=2456218 loops=1)
                    Buckets: 131072  Batches: 64  Memory Usage: 2385kB
                    ->  Seq Scan on title t  (cost=0.00..67604.59 rows=2457821 width=4) (actual time=0.021..1453.141 rows=2456218 loops=1)
                          Filter: (production_year > 0)
                          Rows Removed by Filter: 72094
Planning time: 1.147 ms
Execution time: 86431.572 ms
