Hash Join  (cost=102767.86..1058647.29 rows=6230785 width=0) (actual time=2243.222..23747.468 rows=9570734 loops=1)
  Hash Cond: (ci.movie_id = t.id)
  ->  Seq Scan on cast_info ci  (cost=0.00..796071.18 rows=6230785 width=4) (actual time=0.030..13658.047 rows=9570734 loops=1)
        Filter: ((person_id > 2749419) AND (role_id > 1))
        Rows Removed by Filter: 26673610
  ->  Hash  (cost=61283.27..61283.27 rows=2528527 width=4) (actual time=2241.526..2241.526 rows=2528312 loops=1)
        Buckets: 131072  Batches: 64  Memory Usage: 2415kB
        ->  Seq Scan on title t  (cost=0.00..61283.27 rows=2528527 width=4) (actual time=0.009..1009.010 rows=2528312 loops=1)
Planning time: 0.814 ms
Execution time: 24715.845 ms
