Seq Scan on title t  (cost=0.00..73925.90 rows=251870 width=0) (actual time=0.031..1211.750 rows=365623 loops=1)
  Filter: ((kind_id < 7) AND (production_year < 1988))
  Rows Removed by Filter: 2162689
Planning time: 0.370 ms
Execution time: 1258.959 ms
