Seq Scan on movie_companies mc  (cost=0.00..57926.93 rows=785297 width=0) (actual time=523.089..967.846 rows=491294 loops=1)
  Filter: ((company_id < 14376) AND (company_type_id > 1))
  Rows Removed by Filter: 2117835
Planning time: 0.247 ms
Execution time: 1024.453 ms
