Seq Scan on movie_companies mc  (cost=0.00..57926.93 rows=53 width=0) (actual time=82.336..851.220 rows=104 loops=1)
  Filter: ((company_id = 38680) AND (company_type_id = 2))
  Rows Removed by Filter: 2609025
Planning time: 0.303 ms
Execution time: 851.341 ms
