Hash Join  (cost=102767.86..250406.38 rows=2358732 width=0) (actual time=1917.343..5709.637 rows=2356186 loops=1)
  Hash Cond: (mk.movie_id = t.id)
  ->  Seq Scan on movie_keyword mk  (cost=0.00..81003.12 rows=2358732 width=4) (actual time=0.010..1645.058 rows=2356186 loops=1)
        Filter: (keyword_id > 4192)
        Rows Removed by Filter: 2167744
  ->  Hash  (cost=61283.27..61283.27 rows=2528527 width=4) (actual time=1916.034..1916.034 rows=2528312 loops=1)
        Buckets: 131072  Batches: 64  Memory Usage: 2425kB
        ->  Seq Scan on title t  (cost=0.00..61283.27 rows=2528527 width=4) (actual time=0.021..1043.530 rows=2528312 loops=1)
Planning time: 0.758 ms
Execution time: 5982.597 ms
