Hash Join  (cost=83073.90..143321.04 rows=20 width=0) (actual time=1387.432..2553.763 rows=7 loops=1)
  Hash Cond: (mc.movie_id = t.id)
  ->  Seq Scan on movie_companies mc  (cost=0.00..57926.93 rows=618668 width=4) (actual time=1.453..1138.648 rows=886998 loops=1)
        Filter: ((company_id > 11961) AND (company_type_id > 1))
        Rows Removed by Filter: 1722131
  ->  Hash  (cost=83072.90..83072.90 rows=80 width=8) (actual time=1275.653..1275.653 rows=22 loops=1)
        Buckets: 1024  Batches: 1  Memory Usage: 9kB
        ->  Nested Loop  (cost=0.43..83072.90 rows=80 width=8) (actual time=222.242..1275.614 rows=22 loops=1)
              ->  Seq Scan on movie_keyword mk  (cost=0.00..81003.12 rows=246 width=4) (actual time=0.697..1269.441 rows=177 loops=1)
                    Filter: (keyword_id = 3710)
                    Rows Removed by Filter: 4523753
              ->  Index Scan using title_pkey on title t  (cost=0.43..8.40 rows=1 width=4) (actual time=0.032..0.032 rows=0 loops=177)
                    Index Cond: (id = mk.movie_id)
                    Filter: ((production_year < 2005) AND (kind_id = 7))
                    Rows Removed by Filter: 1
Planning time: 1.192 ms
Execution time: 2553.897 ms
