Hash Join  (cost=345731.40..1114547.70 rows=21905867 width=0) (actual time=8436.826..71040.484 rows=204354364 loops=1)
  Hash Cond: (mi.movie_id = t.id)
  ->  Seq Scan on movie_info mi  (cost=0.00..309384.22 rows=14739122 width=4) (actual time=0.010..6547.540 rows=14835720 loops=1)
  ->  Hash  (cost=284076.43..284076.43 rows=3757997 width=8) (actual time=8435.567..8435.567 rows=3756987 loops=1)
        Buckets: 131072  Batches: 64  Memory Usage: 3422kB
        ->  Hash Join  (cost=102767.86..284076.43 rows=3757997 width=8) (actual time=2152.608..7348.782 rows=3756987 loops=1)
              Hash Cond: (mk.movie_id = t.id)
              ->  Seq Scan on movie_keyword mk  (cost=0.00..81003.12 rows=3757997 width=4) (actual time=0.015..1723.225 rows=3756987 loops=1)
                    Filter: (keyword_id > 722)
                    Rows Removed by Filter: 766943
              ->  Hash  (cost=61283.27..61283.27 rows=2528527 width=4) (actual time=2151.773..2151.773 rows=2528312 loops=1)
                    Buckets: 131072  Batches: 64  Memory Usage: 2425kB
                    ->  Seq Scan on title t  (cost=0.00..61283.27 rows=2528527 width=4) (actual time=0.014..1093.133 rows=2528312 loops=1)
Planning time: 1.153 ms
Execution time: 94886.906 ms
