Hash Join  (cost=172599.79..315649.00 rows=1081931 width=0) (actual time=4385.002..10585.791 rows=9905798 loops=1)
  Hash Cond: (mk.movie_id = t.id)
  ->  Seq Scan on movie_keyword mk  (cost=0.00..81003.12 rows=4210873 width=4) (actual time=0.015..1867.373 rows=4213292 loops=1)
        Filter: (keyword_id < 52555)
        Rows Removed by Filter: 310638
  ->  Hash  (cost=161940.88..161940.88 rows=649673 width=8) (actual time=4383.623..4383.623 rows=981090 loops=1)
        Buckets: 131072  Batches: 16  Memory Usage: 3457kB
        ->  Hash Join  (cost=77934.62..161940.88 rows=649673 width=8) (actual time=1407.282..4069.913 rows=981090 loops=1)
              Hash Cond: (mc.movie_id = t.id)
              ->  Seq Scan on movie_companies mc  (cost=0.00..44881.29 rows=2609129 width=4) (actual time=0.026..895.490 rows=2609129 loops=1)
              ->  Hash  (cost=67604.59..67604.59 rows=629603 width=4) (actual time=1406.220..1406.220 rows=622851 loops=1)
                    Buckets: 131072  Batches: 16  Memory Usage: 2387kB
                    ->  Seq Scan on title t  (cost=0.00..67604.59 rows=629603 width=4) (actual time=0.039..1201.462 rows=622851 loops=1)
                          Filter: (production_year < 1987)
                          Rows Removed by Filter: 1905461
Planning time: 1.769 ms
Execution time: 11645.685 ms
