Hash Join  (cost=87301.44..172359.73 rows=18962 width=0) (actual time=1640.254..3225.723 rows=23188 loops=1)
  Hash Cond: (mk.movie_id = t.id)
  ->  Seq Scan on movie_keyword mk  (cost=0.00..81003.12 rows=58811 width=4) (actual time=0.072..1399.493 rows=58448 loops=1)
        Filter: (keyword_id = 16264)
        Rows Removed by Filter: 4465482
  ->  Hash  (cost=73925.90..73925.90 rows=815243 width=4) (actual time=1638.058..1638.058 rows=876186 loops=1)
        Buckets: 131072  Batches: 16  Memory Usage: 2961kB
        ->  Seq Scan on title t  (cost=0.00..73925.90 rows=815243 width=4) (actual time=0.029..1340.501 rows=876186 loops=1)
              Filter: ((kind_id > 1) AND (production_year > 2004))
              Rows Removed by Filter: 1652126
Planning time: 0.775 ms
Execution time: 3228.975 ms
