Hash Join  (cost=84197.31..898079.42 rows=356216 width=0) (actual time=10431.589..14270.573 rows=142166 loops=1)
  Hash Cond: (ci.movie_id = t.id)
  ->  Seq Scan on cast_info ci  (cost=0.00..796071.18 rows=890604 width=4) (actual time=8549.429..12051.572 rows=295627 loops=1)
        Filter: ((person_id < 661226) AND (role_id > 9))
        Rows Removed by Filter: 35948717
  ->  Hash  (cost=67604.59..67604.59 rows=1011338 width=4) (actual time=1881.155..1881.155 rows=1012920 loops=1)
        Buckets: 131072  Batches: 16  Memory Usage: 3250kB
        ->  Seq Scan on title t  (cost=0.00..67604.59 rows=1011338 width=4) (actual time=0.022..1154.111 rows=1012920 loops=1)
              Filter: (production_year > 2005)
              Rows Removed by Filter: 1515392
Planning time: 0.817 ms
Execution time: 14287.386 ms
