Seq Scan on movie_keyword mk  (cost=0.00..81003.12 rows=837922 width=0) (actual time=0.024..1362.550 rows=838029 loops=1)
  Filter: (keyword_id < 800)
  Rows Removed by Filter: 3685901
Planning time: 0.344 ms
Execution time: 1471.315 ms
