Hash Join  (cost=83074.55..447741.02 rows=1055 width=0) (actual time=1355.897..8303.421 rows=3836 loops=1)
  Hash Cond: (mi.movie_id = t.id)
  ->  Seq Scan on movie_info mi  (cost=0.00..309384.22 rows=14739122 width=4) (actual time=0.013..4214.270 rows=14835720 loops=1)
  ->  Hash  (cost=83072.29..83072.29 rows=181 width=8) (actual time=1351.379..1351.379 rows=152 loops=1)
        Buckets: 1024  Batches: 1  Memory Usage: 14kB
        ->  Nested Loop  (cost=0.43..83072.29 rows=181 width=8) (actual time=13.030..1351.158 rows=152 loops=1)
              ->  Seq Scan on movie_keyword mk  (cost=0.00..81003.12 rows=246 width=4) (actual time=12.965..1307.697 rows=644 loops=1)
                    Filter: (keyword_id = 6257)
                    Rows Removed by Filter: 4523286
              ->  Index Scan using title_pkey on title t  (cost=0.43..8.40 rows=1 width=4) (actual time=0.066..0.066 rows=0 loops=644)
                    Index Cond: (id = mk.movie_id)
                    Filter: (kind_id > 1)
                    Rows Removed by Filter: 1
Planning time: 1.171 ms
Execution time: 8304.518 ms
