Hash Join  (cost=377722.87..1965869.56 rows=26408246 width=148) (actual time=7634.308..50026.900 rows=14868031 loops=1)
  Hash Cond: (ci.movie_id = t.id)
  ->  Seq Scan on cast_info ci  (cost=0.00..705507.15 rows=24022411 width=42) (actual time=0.026..20090.191 rows=24130698 loops=1)
        Filter: (role_id < 4)
        Rows Removed by Filter: 12113646
  ->  Hash  (cost=296830.21..296830.21 rows=2779653 width=106) (actual time=7630.061..7630.061 rows=730679 loops=1)
        Buckets: 32768  Batches: 128  Memory Usage: 1020kB
        ->  Hash Join  (cost=109782.72..296830.21 rows=2779653 width=106) (actual time=2375.508..7210.408 rows=730679 loops=1)
              Hash Cond: (mk.movie_id = t.id)
              ->  Seq Scan on movie_keyword mk  (cost=0.00..69693.30 rows=4523930 width=12) (actual time=0.012..1785.368 rows=4523930 loops=1)
              ->  Hash  (cost=67604.59..67604.59 rows=1553611 width=94) (actual time=2343.476..2343.476 rows=1555864 loops=1)
                    Buckets: 32768  Batches: 64  Memory Usage: 3037kB
                    ->  Seq Scan on title t  (cost=0.00..67604.59 rows=1553611 width=94) (actual time=0.006..1637.575 rows=1555864 loops=1)
                          Filter: (kind_id > 4)
                          Rows Removed by Filter: 972448
Planning time: 3.795 ms
Execution time: 50871.450 ms
