Hash Join  (cost=129159.30..215935.92 rows=9820 width=0) (actual time=2502.428..4211.217 rows=10180 loops=1)
  Hash Cond: (mk.movie_id = t.id)
  ->  Seq Scan on movie_keyword mk  (cost=0.00..81003.12 rows=1513412 width=4) (actual time=0.015..1437.103 rows=1524639 loops=1)
        Filter: (keyword_id < 2215)
        Rows Removed by Filter: 2999291
  ->  Hash  (cost=128954.23..128954.23 rows=16406 width=8) (actual time=2502.181..2502.181 rows=17786 loops=1)
        Buckets: 32768  Batches: 1  Memory Usage: 951kB
        ->  Hash Join  (cost=74124.64..128954.23 rows=16406 width=8) (actual time=1291.471..2494.840 rows=17786 loops=1)
              Hash Cond: (mc.movie_id = t.id)
              ->  Seq Scan on movie_companies mc  (cost=0.00..44881.29 rows=2609129 width=4) (actual time=0.012..664.261 rows=2609129 loops=1)
              ->  Hash  (cost=73925.90..73925.90 rows=15899 width=4) (actual time=1291.322..1291.322 rows=8276 loops=1)
                    Buckets: 16384  Batches: 1  Memory Usage: 419kB
                    ->  Seq Scan on title t  (cost=0.00..73925.90 rows=15899 width=4) (actual time=642.472..1287.664 rows=8276 loops=1)
                          Filter: ((production_year > 2010) AND (kind_id = 3))
                          Rows Removed by Filter: 2520036
Planning time: 4.705 ms
Execution time: 4212.833 ms
