Seq Scan on movie_companies mc  (cost=0.00..57926.93 rows=53 width=0) (actual time=45.799..959.323 rows=8 loops=1)
  Filter: ((company_type_id > 1) AND (company_id = 29846))
  Rows Removed by Filter: 2609121
Planning time: 0.384 ms
Execution time: 959.435 ms
