Hash Join  (cost=153250.71..679934.01 rows=4393237 width=0) (actual time=3483.426..18549.786 rows=9372178 loops=1)
  Hash Cond: (mi.movie_id = t.id)
  ->  Seq Scan on movie_info mi  (cost=0.00..309384.22 rows=14739122 width=4) (actual time=0.011..6223.163 rows=14835720 loops=1)
  ->  Hash  (cost=140884.85..140884.85 rows=753669 width=8) (actual time=3482.310..3482.310 rows=664016 loops=1)
        Buckets: 131072  Batches: 16  Memory Usage: 2649kB
        ->  Hash Join  (cost=90260.67..140884.85 rows=753669 width=8) (actual time=1758.291..3279.106 rows=664016 loops=1)
              Hash Cond: (mi_idx.movie_id = t.id)
              ->  Seq Scan on movie_info_idx mi_idx  (cost=0.00..21735.35 rows=1380035 width=4) (actual time=0.014..453.160 rows=1380035 loops=1)
              ->  Hash  (cost=67604.59..67604.59 rows=1380887 width=4) (actual time=1757.456..1757.456 rows=1381453 loops=1)
                    Buckets: 131072  Batches: 32  Memory Usage: 2543kB
                    ->  Seq Scan on title t  (cost=0.00..67604.59 rows=1380887 width=4) (actual time=0.012..1304.113 rows=1381453 loops=1)
                          Filter: (production_year > 2000)
                          Rows Removed by Filter: 1146859
Planning time: 1.224 ms
Execution time: 19557.832 ms
