Seq Scan on movie_companies mc  (cost=0.00..57926.93 rows=1022007 width=0) (actual time=0.017..1129.372 rows=1274246 loops=1)
  Filter: ((company_id < 72783) AND (company_type_id = 1))
  Rows Removed by Filter: 1334883
Planning time: 6.274 ms
Execution time: 1290.706 ms
