Seq Scan on movie_keyword mk  (cost=0.00..81003.12 rows=3461494 width=0) (actual time=0.027..1415.791 rows=3451965 loops=1)
  Filter: (keyword_id < 16473)
  Rows Removed by Filter: 1071965
Planning time: 0.332 ms
Execution time: 1820.056 ms
