Hash Join  (cost=74456.32..432708.97 rows=51490 width=0) (actual time=5168.678..6977.239 rows=53500 loops=1)
  Hash Cond: (mi.movie_id = t.id)
  ->  Seq Scan on movie_info mi  (cost=0.00..346232.03 rows=3068194 width=4) (actual time=3185.035..5471.472 rows=3036719 loops=1)
        Filter: (info_type_id = 16)
        Rows Removed by Filter: 11799001
  ->  Hash  (cost=73925.90..73925.90 rows=42433 width=4) (actual time=799.030..799.030 rows=37411 loops=1)
        Buckets: 65536  Batches: 1  Memory Usage: 1828kB
        ->  Seq Scan on title t  (cost=0.00..73925.90 rows=42433 width=4) (actual time=0.027..785.411 rows=37411 loops=1)
              Filter: ((kind_id = 1) AND (production_year = 2011))
              Rows Removed by Filter: 2490901
Planning time: 0.775 ms
Execution time: 6984.871 ms
