Hash Join  (cost=251142.92..842783.71 rows=8754395 width=0) (actual time=4928.481..18974.503 rows=3382422 loops=1)
  Hash Cond: (mi.movie_id = t.id)
  ->  Seq Scan on movie_info mi  (cost=0.00..309384.22 rows=14739122 width=4) (actual time=0.016..6120.943 rows=14835720 loops=1)
  ->  Hash  (cost=226502.98..226502.98 rows=1501835 width=8) (actual time=4927.417..4927.417 rows=330947 loops=1)
        Buckets: 131072  Batches: 32  Memory Usage: 1426kB
        ->  Hash Join  (cost=92883.59..226502.98 rows=1501835 width=8) (actual time=2272.691..4826.848 rows=330947 loops=1)
              Hash Cond: (mk.movie_id = t.id)
              ->  Seq Scan on movie_keyword mk  (cost=0.00..81003.12 rows=2464583 width=4) (actual time=0.025..1649.498 rows=2462496 loops=1)
                    Filter: (keyword_id < 5908)
                    Rows Removed by Filter: 2061434
              ->  Hash  (cost=67604.59..67604.59 rows=1540800 width=4) (actual time=1734.637..1734.637 rows=1543264 loops=1)
                    Buckets: 131072  Batches: 32  Memory Usage: 2728kB
                    ->  Seq Scan on title t  (cost=0.00..67604.59 rows=1540800 width=4) (actual time=0.028..1239.298 rows=1543264 loops=1)
                          Filter: (kind_id = 7)
                          Rows Removed by Filter: 985048
Planning time: 1.151 ms
Execution time: 19342.952 ms
