Hash Join  (cost=74300.43..165562.58 rows=31424 width=0) (actual time=1313.347..3353.950 rows=21536 loops=1)
  Hash Cond: (mk.movie_id = t.id)
  ->  Seq Scan on movie_keyword mk  (cost=0.00..81003.12 rows=2651942 width=4) (actual time=0.025..1576.151 rows=2643212 loops=1)
        Filter: (keyword_id < 7282)
        Rows Removed by Filter: 1880718
  ->  Hash  (cost=73925.90..73925.90 rows=29962 width=4) (actual time=1311.613..1311.613 rows=32487 loops=1)
        Buckets: 32768  Batches: 1  Memory Usage: 1399kB
        ->  Seq Scan on title t  (cost=0.00..73925.90 rows=29962 width=4) (actual time=0.086..1297.210 rows=32487 loops=1)
              Filter: ((kind_id > 1) AND (production_year = 1997))
              Rows Removed by Filter: 2495825
Planning time: 0.729 ms
Execution time: 3357.155 ms
