Hash Join  (cost=77793.68..109711.09 rows=43347 width=0) (actual time=1746.191..2268.042 rows=15210 loops=1)
  Hash Cond: (mi_idx.movie_id = t.id)
  ->  Seq Scan on movie_info_idx mi_idx  (cost=0.00..25185.44 rows=464934 width=4) (actual time=0.015..542.883 rows=460185 loops=1)
        Filter: (info_type_id > 100)
        Rows Removed by Filter: 919850
  ->  Hash  (cost=73925.90..73925.90 rows=235742 width=4) (actual time=1505.963..1505.963 rows=129555 loops=1)
        Buckets: 131072  Batches: 4  Memory Usage: 2160kB
        ->  Seq Scan on title t  (cost=0.00..73925.90 rows=235742 width=4) (actual time=0.024..1269.112 rows=129555 loops=1)
              Filter: ((production_year < 1971) AND (kind_id = 7))
              Rows Removed by Filter: 2398757
Planning time: 14.801 ms
Execution time: 2270.499 ms
