Hash Join  (cost=124113.06..844617.14 rows=407 width=0) (actual time=1375.163..15214.639 rows=261 loops=1)
  Hash Cond: (ci.movie_id = t.id)
  ->  Seq Scan on cast_info ci  (cost=0.00..705507.15 rows=3998100 width=4) (actual time=0.017..13285.363 rows=4008037 loops=1)
        Filter: (role_id = 3)
        Rows Removed by Filter: 32236307
  ->  Hash  (cost=124109.85..124109.85 rows=257 width=8) (actual time=1354.673..1354.673 rows=353 loops=1)
        Buckets: 1024  Batches: 1  Memory Usage: 22kB
        ->  Nested Loop  (cost=0.43..124109.85 rows=257 width=8) (actual time=7.676..1354.303 rows=353 loops=1)
              ->  Seq Scan on movie_keyword mk  (cost=0.00..81003.12 rows=6032 width=4) (actual time=0.570..1146.805 rows=6516 loops=1)
                    Filter: (keyword_id = 196)
                    Rows Removed by Filter: 4517414
              ->  Index Scan using title_pkey on title t  (cost=0.43..7.14 rows=1 width=4) (actual time=0.031..0.031 rows=0 loops=6516)
                    Index Cond: (id = mk.movie_id)
                    Filter: (production_year = 2006)
                    Rows Removed by Filter: 1
Planning time: 1.219 ms
Execution time: 15214.941 ms
