Seq Scan on movie_keyword mk  (cost=0.00..81003.12 rows=719436 width=0) (actual time=0.013..1348.083 rows=716445 loops=1)
  Filter: (keyword_id < 621)
  Rows Removed by Filter: 3807485
Planning time: 0.249 ms
Execution time: 1437.330 ms
