Seq Scan on movie_keyword mk  (cost=0.00..81003.12 rows=425543 width=0) (actual time=0.024..1404.230 rows=436224 loops=1)
  Filter: (keyword_id < 337)
  Rows Removed by Filter: 4087706
Planning time: 0.351 ms
Execution time: 1460.148 ms
