Seq Scan on movie_keyword mk  (cost=0.00..81003.12 rows=1777328 width=0) (actual time=0.030..1450.831 rows=1785516 loops=1)
  Filter: (keyword_id < 2891)
  Rows Removed by Filter: 2738414
Planning time: 0.340 ms
Execution time: 1663.946 ms
