Seq Scan on cast_info ci  (cost=0.00..796071.18 rows=2380065 width=0) (actual time=0.037..14250.955 rows=2897554 loops=1)
  Filter: ((person_id > 1436459) AND (role_id = 3))
  Rows Removed by Filter: 33346790
Planning time: 0.332 ms
Execution time: 14604.777 ms
