Hash Join  (cost=736769.47..3000020.01 rows=93233422 width=0) (actual time=17137.997..78276.340 rows=94017317 loops=1)
  Hash Cond: (ci.movie_id = t.id)
  ->  Seq Scan on cast_info ci  (cost=0.00..614943.12 rows=36225612 width=4) (actual time=0.014..13964.579 rows=36244344 loops=1)
  ->  Hash  (cost=630002.97..630002.97 rows=6507640 width=8) (actual time=17135.810..17135.810 rows=4088125 loops=1)
        Buckets: 131072  Batches: 128  Memory Usage: 2256kB
        ->  Hash Join  (cost=98137.04..630002.97 rows=6507640 width=8) (actual time=2231.301..15900.852 rows=4088125 loops=1)
              Hash Cond: (mi.movie_id = t.id)
              ->  Seq Scan on movie_info mi  (cost=0.00..346232.03 rows=8841901 width=4) (actual time=0.027..7274.718 rows=8950757 loops=1)
                    Filter: (info_type_id > 6)
                    Rows Removed by Filter: 5884963
              ->  Hash  (cost=67604.59..67604.59 rows=1860996 width=4) (actual time=2229.687..2229.687 rows=1865487 loops=1)
                    Buckets: 131072  Batches: 32  Memory Usage: 3085kB
                    ->  Seq Scan on title t  (cost=0.00..67604.59 rows=1860996 width=4) (actual time=0.011..1314.300 rows=1865487 loops=1)
                          Filter: (kind_id > 1)
                          Rows Removed by Filter: 662825
Planning time: 1.114 ms
Execution time: 89406.952 ms
