Hash Join  (cost=160842.77..1008338.24 rows=97901 width=0) (actual time=3306.134..21432.637 rows=21796 loops=1)
  Hash Cond: (ci.movie_id = t.id)
  ->  Seq Scan on cast_info ci  (cost=0.00..705507.15 rows=28201853 width=4) (actual time=0.021..13200.727 rows=28336856 loops=1)
        Filter: (person_id > 770856)
        Rows Removed by Filter: 7907488
  ->  Hash  (cost=160733.05..160733.05 rows=8778 width=8) (actual time=3290.703..3290.703 rows=3156 loops=1)
        Buckets: 16384  Batches: 1  Memory Usage: 252kB
        ->  Hash Join  (cost=73987.23..160733.05 rows=8778 width=8) (actual time=2804.818..3289.496 rows=3156 loops=1)
              Hash Cond: (mk.movie_id = t.id)
              ->  Seq Scan on movie_keyword mk  (cost=0.00..69693.30 rows=4523930 width=4) (actual time=0.011..1185.741 rows=4523930 loops=1)
              ->  Hash  (cost=73925.90..73925.90 rows=4906 width=4) (actual time=1304.058..1304.058 rows=3303 loops=1)
                    Buckets: 8192  Batches: 1  Memory Usage: 181kB
                    ->  Seq Scan on title t  (cost=0.00..73925.90 rows=4906 width=4) (actual time=0.113..1301.894 rows=3303 loops=1)
                          Filter: ((kind_id > 3) AND (production_year = 1952))
                          Rows Removed by Filter: 2525009
Planning time: 1.228 ms
Execution time: 21436.367 ms
