Hash Join  (cost=91879.05..170186.36 rows=616235 width=0) (actual time=2193.367..3677.593 rows=142103 loops=1)
  Hash Cond: (mc.movie_id = t.id)
  ->  Seq Scan on movie_companies mc  (cost=0.00..51404.11 rows=1423957 width=4) (actual time=0.022..955.538 rows=1429594 loops=1)
        Filter: (company_id > 10172)
        Rows Removed by Filter: 1179535
  ->  Hash  (cost=73925.90..73925.90 rows=1094252 width=4) (actual time=1885.547..1885.547 rows=1044222 loops=1)
        Buckets: 131072  Batches: 16  Memory Usage: 3319kB
        ->  Seq Scan on title t  (cost=0.00..73925.90 rows=1094252 width=4) (actual time=0.014..1555.676 rows=1044222 loops=1)
              Filter: ((production_year < 2009) AND (kind_id = 7))
              Rows Removed by Filter: 1484090
Planning time: 0.799 ms
Execution time: 3694.137 ms
