Hash Join  (cost=102767.86..193660.02 rows=959460 width=0) (actual time=1867.224..3958.815 rows=647986 loops=1)
  Hash Cond: (mc.movie_id = t.id)
  ->  Seq Scan on movie_companies mc  (cost=0.00..57926.93 rows=959460 width=4) (actual time=0.010..1106.470 rows=647986 loops=1)
        Filter: ((company_id < 40474) AND (company_type_id = 2))
        Rows Removed by Filter: 1961143
  ->  Hash  (cost=61283.27..61283.27 rows=2528527 width=4) (actual time=1866.493..1866.493 rows=2528312 loops=1)
        Buckets: 131072  Batches: 64  Memory Usage: 2415kB
        ->  Seq Scan on title t  (cost=0.00..61283.27 rows=2528527 width=4) (actual time=0.011..1026.265 rows=2528312 loops=1)
Planning time: 0.472 ms
Execution time: 4037.141 ms
