Hash Join  (cost=67697.55..122439.81 rows=7674 width=0) (actual time=1105.390..2168.135 rows=5235 loops=1)
  Hash Cond: (mc.movie_id = t.id)
  ->  Seq Scan on movie_companies mc  (cost=0.00..44881.29 rows=2609129 width=4) (actual time=0.025..575.661 rows=2609129 loops=1)
  ->  Hash  (cost=67604.59..67604.59 rows=7437 width=4) (actual time=1104.723..1104.723 rows=1965 loops=1)
        Buckets: 8192  Batches: 1  Memory Usage: 134kB
        ->  Seq Scan on title t  (cost=0.00..67604.59 rows=7437 width=4) (actual time=0.160..1103.612 rows=1965 loops=1)
              Filter: (production_year = 1946)
              Rows Removed by Filter: 2526347
Planning time: 2.932 ms
Execution time: 2169.173 ms
