Hash Join  (cost=195699.94..239206.88 rows=338846 width=0) (actual time=3727.205..5356.838 rows=670559 loops=1)
  Hash Cond: (mi_idx.movie_id = t.id)
  ->  Seq Scan on movie_info_idx mi_idx  (cost=0.00..21735.35 rows=1380035 width=4) (actual time=0.026..501.168 rows=1380035 loops=1)
  ->  Hash  (cost=185513.44..185513.44 rows=620840 width=8) (actual time=3674.204..3674.204 rows=377578 loops=1)
        Buckets: 131072  Batches: 16  Memory Usage: 1949kB
        ->  Hash Join  (cost=102767.86..185513.44 rows=620840 width=8) (actual time=2405.343..3568.266 rows=377578 loops=1)
              Hash Cond: (mc.movie_id = t.id)
              ->  Seq Scan on movie_companies mc  (cost=0.00..57926.93 rows=620840 width=4) (actual time=488.440..945.635 rows=377578 loops=1)
                    Filter: ((company_id > 11402) AND (company_type_id < 2))
                    Rows Removed by Filter: 2231551
              ->  Hash  (cost=61283.27..61283.27 rows=2528527 width=4) (actual time=1915.567..1915.567 rows=2528312 loops=1)
                    Buckets: 131072  Batches: 64  Memory Usage: 2415kB
                    ->  Seq Scan on title t  (cost=0.00..61283.27 rows=2528527 width=4) (actual time=0.025..1085.344 rows=2528312 loops=1)
Planning time: 1.146 ms
Execution time: 5440.366 ms
