Nested Loop  (cost=44377.22..147746.59 rows=45 width=0) (actual time=2292.733..2445.159 rows=12 loops=1)
  ->  Hash Join  (cost=44376.79..132598.53 rows=25549 width=8) (actual time=963.491..2338.335 rows=8067 loops=1)
        Hash Cond: (mk.movie_id = mi_idx.movie_id)
        ->  Seq Scan on movie_keyword mk  (cost=0.00..81003.12 rows=8595 width=4) (actual time=0.696..1173.286 rows=9060 loops=1)
              Filter: (keyword_id = 47)
              Rows Removed by Filter: 4514870
        ->  Hash  (cost=21735.35..21735.35 rows=1380035 width=4) (actual time=932.790..932.790 rows=1380035 loops=1)
              Buckets: 131072  Batches: 32  Memory Usage: 2556kB
              ->  Seq Scan on movie_info_idx mi_idx  (cost=0.00..21735.35 rows=1380035 width=4) (actual time=0.025..473.768 rows=1380035 loops=1)
  ->  Index Scan using title_pkey on title t  (cost=0.43..0.58 rows=1 width=4) (actual time=0.013..0.013 rows=0 loops=8067)
        Index Cond: (id = mi_idx.movie_id)
        Filter: ((production_year > 2009) AND (kind_id = 4))
        Rows Removed by Filter: 1
Planning time: 16.600 ms
Execution time: 2445.303 ms
