Seq Scan on movie_companies mc  (cost=0.00..51404.11 rows=282898 width=0) (actual time=3.751..841.561 rows=284612 loops=1)
  Filter: (company_id > 95331)
  Rows Removed by Filter: 2324517
Planning time: 0.236 ms
Execution time: 882.916 ms
