Seq Scan on movie_companies mc  (cost=0.00..57926.93 rows=51 width=0) (actual time=56.329..859.341 rows=52 loops=1)
  Filter: ((company_type_id < 2) AND (company_id = 3490))
  Rows Removed by Filter: 2609077
Planning time: 0.412 ms
Execution time: 859.475 ms
