Hash Join  (cost=101476.78..855052.62 rows=34595 width=0) (actual time=1817.684..17235.522 rows=90219 loops=1)
  Hash Cond: (ci.movie_id = t.id)
  ->  Seq Scan on cast_info ci  (cost=0.00..705507.15 rows=12726058 width=4) (actual time=0.017..13246.555 rows=12670688 loops=1)
        Filter: (role_id = 1)
        Rows Removed by Filter: 23573656
  ->  Hash  (cost=101390.86..101390.86 rows=6874 width=8) (actual time=1817.586..1817.586 rows=8849 loops=1)
        Buckets: 16384 (originally 8192)  Batches: 1 (originally 1)  Memory Usage: 474kB
        ->  Hash Join  (cost=74393.18..101390.86 rows=6874 width=8) (actual time=1312.700..1813.397 rows=8849 loops=1)
              Hash Cond: (mi_idx.movie_id = t.id)
              ->  Seq Scan on movie_info_idx mi_idx  (cost=0.00..25185.44 rows=464934 width=4) (actual time=0.021..501.291 rows=460185 loops=1)
                    Filter: (info_type_id > 100)
                    Rows Removed by Filter: 919850
              ->  Hash  (cost=73925.90..73925.90 rows=37382 width=4) (actual time=1172.136..1172.136 rows=33190 loops=1)
                    Buckets: 65536  Batches: 1  Memory Usage: 1679kB
                    ->  Seq Scan on title t  (cost=0.00..73925.90 rows=37382 width=4) (actual time=0.014..1159.389 rows=33190 loops=1)
                          Filter: ((kind_id = 1) AND (production_year = 2010))
                          Rows Removed by Filter: 2495122
Planning time: 0.755 ms
Execution time: 17250.500 ms
