Seq Scan on title t  (cost=0.00..67604.59 rows=371693 width=0) (actual time=0.024..1000.639 rows=366430 loops=1)
  Filter: (production_year < 1970)
  Rows Removed by Filter: 2161882
Planning time: 1.626 ms
Execution time: 1049.072 ms
