Hash Join  (cost=116680.41..604895.69 rows=788033 width=0) (actual time=2332.597..14815.982 rows=2674088 loops=1)
  Hash Cond: (mi.movie_id = t.id)
  ->  Seq Scan on movie_info mi  (cost=0.00..309384.22 rows=14739122 width=4) (actual time=0.017..5979.502 rows=14835720 loops=1)
  ->  Hash  (cost=114461.55..114461.55 rows=135189 width=8) (actual time=2331.686..2331.686 rows=162084 loops=1)
        Buckets: 131072 (originally 131072)  Batches: 4 (originally 2)  Memory Usage: 3073kB
        ->  Hash Join  (cost=79677.10..114461.55 rows=135189 width=8) (actual time=1350.265..2269.351 rows=162084 loops=1)
              Hash Cond: (mi_idx.movie_id = t.id)
              ->  Seq Scan on movie_info_idx mi_idx  (cost=0.00..25185.44 rows=464566 width=4) (actual time=0.023..497.139 rows=459925 loops=1)
                    Filter: (info_type_id = 101)
                    Rows Removed by Filter: 920110
              ->  Hash  (cost=67604.59..67604.59 rows=735801 width=4) (actual time=1348.928..1348.928 rows=730985 loops=1)
                    Buckets: 131072  Batches: 16  Memory Usage: 2631kB
                    ->  Seq Scan on title t  (cost=0.00..67604.59 rows=735801 width=4) (actual time=0.022..1118.313 rows=730985 loops=1)
                          Filter: (production_year < 1992)
                          Rows Removed by Filter: 1797327
Planning time: 1.124 ms
Execution time: 15107.199 ms
