Seq Scan on movie_keyword mk  (cost=0.00..81003.12 rows=849297 width=0) (actual time=0.024..1262.205 rows=855493 loops=1)
  Filter: (keyword_id > 21472)
  Rows Removed by Filter: 3668437
Planning time: 0.326 ms
Execution time: 1367.166 ms
