Hash Join  (cost=119598.42..924208.03 rows=39830 width=0) (actual time=5758.665..16709.703 rows=81594 loops=1)
  Hash Cond: (ci.movie_id = t.id)
  ->  Seq Scan on cast_info ci  (cost=0.00..796071.18 rows=651764 width=4) (actual time=3314.180..14074.862 rows=263446 loops=1)
        Filter: ((person_id < 2726703) AND (role_id = 5))
        Rows Removed by Filter: 35980898
  ->  Hash  (cost=117062.88..117062.88 rows=154523 width=8) (actual time=2443.538..2443.538 rows=284615 loops=1)
        Buckets: 131072  Batches: 4  Memory Usage: 3809kB
        ->  Hash Join  (cost=81720.25..117062.88 rows=154523 width=8) (actual time=1393.014..2354.768 rows=284615 loops=1)
              Hash Cond: (mi_idx.movie_id = t.id)
              ->  Seq Scan on movie_info_idx mi_idx  (cost=0.00..25185.44 rows=454124 width=4) (actual time=0.034..464.102 rows=459925 loops=1)
                    Filter: (info_type_id = 100)
                    Rows Removed by Filter: 920110
              ->  Hash  (cost=67604.59..67604.59 rows=860373 width=4) (actual time=1391.825..1391.825 rows=854214 loops=1)
                    Buckets: 131072  Batches: 16  Memory Usage: 2897kB
                    ->  Seq Scan on title t  (cost=0.00..67604.59 rows=860373 width=4) (actual time=0.015..1124.620 rows=854214 loops=1)
                          Filter: (kind_id < 4)
                          Rows Removed by Filter: 1674098
Planning time: 2.690 ms
Execution time: 16720.914 ms
