Nested Loop  (cost=0.43..709671.90 rows=500 width=0) (actual time=3337.909..10317.805 rows=3 loops=1)
  ->  Seq Scan on cast_info ci  (cost=0.00..705507.15 rows=500 width=4) (actual time=3337.793..10317.576 rows=3 loops=1)
        Filter: (person_id = 3561724)
        Rows Removed by Filter: 36244341
  ->  Index Only Scan using title_pkey on title t  (cost=0.43..8.32 rows=1 width=4) (actual time=0.057..0.058 rows=1 loops=3)
        Index Cond: (id = ci.movie_id)
        Heap Fetches: 3
Planning time: 0.769 ms
Execution time: 10317.870 ms
