Nested Loop  (cost=0.43..83071.67 rows=246 width=0) (actual time=1.664..1267.833 rows=349 loops=1)
  ->  Seq Scan on movie_keyword mk  (cost=0.00..81003.12 rows=246 width=4) (actual time=1.610..1256.132 rows=349 loops=1)
        Filter: (keyword_id = 3578)
        Rows Removed by Filter: 4523581
  ->  Index Only Scan using title_pkey on title t  (cost=0.43..8.40 rows=1 width=4) (actual time=0.031..0.031 rows=1 loops=349)
        Index Cond: (id = mk.movie_id)
        Heap Fetches: 349
Planning time: 0.621 ms
Execution time: 1268.064 ms
