Hash Join  (cost=696866.77..1874516.98 rows=20307585 width=0) (actual time=25315.276..41133.482 rows=29862265 loops=1)
  Hash Cond: (ci.movie_id = t.id)
  ->  Seq Scan on cast_info ci  (cost=0.00..796071.18 rows=8731518 width=4) (actual time=9088.490..14126.150 rows=4537273 loops=1)
        Filter: ((person_id > 1108316) AND (role_id = 1))
        Rows Removed by Filter: 31707071
  ->  Hash  (cost=600384.82..600384.82 rows=5880796 width=8) (actual time=16223.617..16223.617 rows=5869026 loops=1)
        Buckets: 131072  Batches: 128  Memory Usage: 2815kB
        ->  Hash Join  (cost=102767.86..600384.82 rows=5880796 width=8) (actual time=2745.385..14219.722 rows=5869026 loops=1)
              Hash Cond: (mi.movie_id = t.id)
              ->  Seq Scan on movie_info mi  (cost=0.00..346232.03 rows=5880796 width=4) (actual time=781.937..6542.198 rows=5869026 loops=1)
                    Filter: (info_type_id > 13)
                    Rows Removed by Filter: 8966694
              ->  Hash  (cost=61283.27..61283.27 rows=2528527 width=4) (actual time=1962.581..1962.581 rows=2528312 loops=1)
                    Buckets: 131072  Batches: 64  Memory Usage: 2425kB
                    ->  Seq Scan on title t  (cost=0.00..61283.27 rows=2528527 width=4) (actual time=0.014..1089.305 rows=2528312 loops=1)
Planning time: 0.816 ms
Execution time: 44531.968 ms
