Nested Loop  (cost=58101.88..139254.70 rows=1 width=0) (actual time=1617.623..1911.017 rows=3 loops=1)
  ->  Hash Join  (cost=58101.45..139212.27 rows=7 width=8) (actual time=1617.548..1910.700 rows=5 loops=1)
        Hash Cond: (mk.movie_id = mc.movie_id)
        ->  Seq Scan on movie_keyword mk  (cost=0.00..81003.12 rows=246 width=4) (actual time=1.749..1097.998 rows=941 loops=1)
              Filter: (keyword_id = 8816)
              Rows Removed by Filter: 4522989
        ->  Hash  (cost=57926.93..57926.93 rows=13961 width=4) (actual time=811.505..811.505 rows=14470 loops=1)
              Buckets: 16384  Batches: 1  Memory Usage: 637kB
              ->  Seq Scan on movie_companies mc  (cost=0.00..57926.93 rows=13961 width=4) (actual time=0.082..806.197 rows=14470 loops=1)
                    Filter: ((company_id = 27) AND (company_type_id = 2))
                    Rows Removed by Filter: 2594659
  ->  Index Scan using title_pkey on title t  (cost=0.43..6.05 rows=1 width=4) (actual time=0.054..0.054 rows=1 loops=5)
        Index Cond: (id = mc.movie_id)
        Filter: (kind_id = 7)
        Rows Removed by Filter: 0
Planning time: 1.170 ms
Execution time: 1911.178 ms
