Hash Join  (cost=193894.67..742844.97 rows=6480137 width=0) (actual time=5112.274..27596.402 rows=35774712 loops=1)
  Hash Cond: (mi.movie_id = t.id)
  ->  Seq Scan on movie_info mi  (cost=0.00..309384.22 rows=14739122 width=4) (actual time=0.046..6075.101 rows=14835720 loops=1)
  ->  Hash  (cost=175655.66..175655.66 rows=1111681 width=8) (actual time=5110.954..5110.954 rows=1414367 loops=1)
        Buckets: 131072 (originally 131072)  Batches: 32 (originally 16)  Memory Usage: 3073kB
        ->  Hash Join  (cost=85280.32..175655.66 rows=1111681 width=8) (actual time=1597.850..4637.848 rows=1414367 loops=1)
              Hash Cond: (mc.movie_id = t.id)
              ->  Seq Scan on movie_companies mc  (cost=0.00..44881.29 rows=2609129 width=4) (actual time=0.021..966.561 rows=2609129 loops=1)
              ->  Hash  (cost=67604.59..67604.59 rows=1077339 width=4) (actual time=1596.853..1596.853 rows=1074765 loops=1)
                    Buckets: 131072  Batches: 16  Memory Usage: 3388kB
                    ->  Seq Scan on title t  (cost=0.00..67604.59 rows=1077339 width=4) (actual time=0.016..1252.884 rows=1074765 loops=1)
                          Filter: (production_year < 2001)
                          Rows Removed by Filter: 1453547
Planning time: 1.159 ms
Execution time: 31633.763 ms
