Hash Join  (cost=116534.88..192832.76 rows=90536 width=0) (actual time=2192.491..3912.861 rows=91343 loops=1)
  Hash Cond: (mc.movie_id = t.id)
  ->  Seq Scan on movie_companies mc  (cost=0.00..44881.29 rows=2609129 width=4) (actual time=0.027..854.997 rows=2609129 loops=1)
  ->  Hash  (cost=115095.14..115095.14 rows=87739 width=8) (actual time=2155.840..2155.840 rows=38618 loops=1)
        Buckets: 131072  Batches: 2  Memory Usage: 1780kB
        ->  Hash Join  (cost=81821.64..115095.14 rows=87739 width=8) (actual time=1325.366..2142.095 rows=38618 loops=1)
              Hash Cond: (mi_idx.movie_id = t.id)
              ->  Seq Scan on movie_info_idx mi_idx  (cost=0.00..25185.44 rows=460978 width=4) (actual time=0.024..500.186 rows=459925 loops=1)
                    Filter: (info_type_id = 99)
                    Rows Removed by Filter: 920110
              ->  Hash  (cost=73925.90..73925.90 rows=481259 width=4) (actual time=1323.948..1323.948 rows=518327 loops=1)
                    Buckets: 131072  Batches: 8  Memory Usage: 3301kB
                    ->  Seq Scan on title t  (cost=0.00..73925.90 rows=481259 width=4) (actual time=0.025..1150.659 rows=518327 loops=1)
                          Filter: ((production_year > 2007) AND (kind_id = 7))
                          Rows Removed by Filter: 2009985
Planning time: 1.279 ms
Execution time: 3924.722 ms
