Nested Loop  (cost=0.43..87035.05 rows=3856 width=0) (actual time=214.306..1118.913 rows=8606 loops=1)
  ->  Seq Scan on movie_companies mc  (cost=0.00..57926.93 rows=3856 width=4) (actual time=214.227..946.645 rows=8606 loops=1)
        Filter: ((company_type_id > 1) AND (company_id = 596))
        Rows Removed by Filter: 2600523
  ->  Index Only Scan using title_pkey on title t  (cost=0.43..7.54 rows=1 width=4) (actual time=0.019..0.019 rows=1 loops=8606)
        Index Cond: (id = mc.movie_id)
        Heap Fetches: 8606
Planning time: 0.799 ms
Execution time: 1120.762 ms
