Seq Scan on movie_companies mc  (cost=0.00..57926.93 rows=6867 width=0) (actual time=17.351..852.633 rows=12787 loops=1)
  Filter: ((company_id = 34) AND (company_type_id = 1))
  Rows Removed by Filter: 2596342
Planning time: 0.424 ms
Execution time: 854.673 ms
