Seq Scan on title t  (cost=0.00..73925.90 rows=906799 width=0) (actual time=0.022..1158.336 rows=836680 loops=1)
  Filter: ((kind_id < 7) AND (production_year > 1939))
  Rows Removed by Filter: 1691632
Planning time: 0.360 ms
Execution time: 1263.423 ms
