Seq Scan on cast_info ci  (cost=0.00..705507.15 rows=14505528 width=0) (actual time=4964.264..12346.628 rows=14658963 loops=1)
  Filter: (person_id > 2189815)
  Rows Removed by Filter: 21585381
Planning time: 0.402 ms
Execution time: 14025.447 ms
