Hash Join  (cost=103837.63..190901.76 rows=40610 width=0) (actual time=2121.997..3994.838 rows=81352 loops=1)
  Hash Cond: (mk.movie_id = t.id)
  ->  Seq Scan on movie_keyword mk  (cost=0.00..69693.30 rows=4523930 width=4) (actual time=0.024..1026.204 rows=4523930 loops=1)
  ->  Hash  (cost=103553.90..103553.90 rows=22698 width=8) (actual time=2121.410..2121.410 rows=21072 loops=1)
        Buckets: 32768  Batches: 1  Memory Usage: 1080kB
        ->  Hash Join  (cost=74709.85..103553.90 rows=22698 width=8) (actual time=1364.816..2112.629 rows=21072 loops=1)
              Hash Cond: (mi_idx.movie_id = t.id)
              ->  Seq Scan on movie_info_idx mi_idx  (cost=0.00..25185.44 rows=915101 width=4) (actual time=0.020..518.068 rows=919850 loops=1)
                    Filter: (info_type_id < 101)
                    Rows Removed by Filter: 460185
              ->  Hash  (cost=73925.90..73925.90 rows=62716 width=4) (actual time=1364.428..1364.428 rows=71543 loops=1)
                    Buckets: 131072 (originally 65536)  Batches: 1 (originally 1)  Memory Usage: 3540kB
                    ->  Seq Scan on title t  (cost=0.00..73925.90 rows=62716 width=4) (actual time=0.023..1333.887 rows=71543 loops=1)
                          Filter: ((kind_id > 1) AND (production_year = 2004))
                          Rows Removed by Filter: 2456769
Planning time: 1.170 ms
Execution time: 4005.660 ms
