Hash Join  (cost=28268.78..82936.00 rows=171 width=0) (actual time=483.798..1603.848 rows=6208 loops=1)
  Hash Cond: (mc.movie_id = t.id)
  ->  Seq Scan on movie_companies mc  (cost=0.00..44881.29 rows=2609129 width=4) (actual time=0.015..664.097 rows=2609129 loops=1)
  ->  Hash  (cost=28266.72..28266.72 rows=165 width=8) (actual time=472.696..472.696 rows=192 loops=1)
        Buckets: 1024  Batches: 1  Memory Usage: 16kB
        ->  Nested Loop  (cost=0.43..28266.72 rows=165 width=8) (actual time=365.359..472.600 rows=192 loops=1)
              ->  Seq Scan on movie_info_idx mi_idx  (cost=0.00..25185.44 rows=368 width=4) (actual time=365.298..468.644 rows=260 loops=1)
                    Filter: (info_type_id > 101)
                    Rows Removed by Filter: 1379775
              ->  Index Scan using title_pkey on title t  (cost=0.43..8.36 rows=1 width=4) (actual time=0.014..0.015 rows=1 loops=260)
                    Index Cond: (id = mi_idx.movie_id)
                    Filter: (production_year < 2002)
                    Rows Removed by Filter: 0
Planning time: 2.601 ms
Execution time: 1604.806 ms
