Hash Join  (cost=108655.74..466773.90 rows=38041 width=0) (actual time=2101.681..8087.403 rows=23052 loops=1)
  Hash Cond: (mi.movie_id = t.id)
  ->  Seq Scan on movie_info mi  (cost=0.00..346232.03 rows=3068194 width=4) (actual time=0.017..5417.160 rows=3036719 loops=1)
        Filter: (info_type_id = 16)
        Rows Removed by Filter: 11799001
  ->  Hash  (cost=108263.86..108263.86 rows=31350 width=8) (actual time=2100.307..2100.307 rows=14204 loops=1)
        Buckets: 32768  Batches: 1  Memory Usage: 811kB
        ->  Hash Join  (cost=76725.80..108263.86 rows=31350 width=8) (actual time=1410.267..2094.555 rows=14204 loops=1)
              Hash Cond: (mi_idx.movie_id = t.id)
              ->  Seq Scan on movie_info_idx mi_idx  (cost=0.00..25185.44 rows=464566 width=4) (actual time=0.018..458.781 rows=459925 loops=1)
                    Filter: (info_type_id = 101)
                    Rows Removed by Filter: 920110
              ->  Hash  (cost=73925.90..73925.90 rows=170632 width=4) (actual time=1409.089..1409.089 rows=170068 loops=1)
                    Buckets: 131072  Batches: 4  Memory Usage: 2534kB
                    ->  Seq Scan on title t  (cost=0.00..73925.90 rows=170632 width=4) (actual time=0.019..1341.821 rows=170068 loops=1)
                          Filter: ((kind_id > 1) AND (production_year > 2011))
                          Rows Removed by Filter: 2358244
Planning time: 1.217 ms
Execution time: 8091.380 ms
