Hash Join  (cost=184333.48..1396972.90 rows=17408922 width=0) (actual time=4062.988..44692.223 rows=38524006 loops=1)
  Hash Cond: (ci.movie_id = t.id)
  ->  Seq Scan on cast_info ci  (cost=0.00..614943.12 rows=36225612 width=4) (actual time=0.019..12953.586 rows=36244344 loops=1)
  ->  Hash  (cost=164397.32..164397.32 rows=1215133 width=8) (actual time=4061.709..4061.709 rows=1310384 loops=1)
        Buckets: 131072 (originally 131072)  Batches: 32 (originally 16)  Memory Usage: 3073kB
        ->  Hash Join  (cost=104131.46..164397.32 rows=1215133 width=8) (actual time=1884.903..3701.796 rows=1310384 loops=1)
              Hash Cond: (mi_idx.movie_id = t.id)
              ->  Seq Scan on movie_info_idx mi_idx  (cost=0.00..21735.35 rows=1380035 width=4) (actual time=0.050..470.815 rows=1380035 loops=1)
              ->  Hash  (cost=67604.59..67604.59 rows=2226390 width=4) (actual time=1883.587..1883.587 rows=2224569 loops=1)
                    Buckets: 131072  Batches: 32  Memory Usage: 3463kB
                    ->  Seq Scan on title t  (cost=0.00..67604.59 rows=2226390 width=4) (actual time=0.012..1224.318 rows=2224569 loops=1)
                          Filter: (production_year < 2012)
                          Rows Removed by Filter: 303743
Planning time: 1.172 ms
Execution time: 48916.013 ms
