Seq Scan on movie_companies mc  (cost=0.00..51404.11 rows=2563678 width=0) (actual time=0.022..977.377 rows=2564671 loops=1)
  Filter: (company_id < 195848)
  Rows Removed by Filter: 44458
Planning time: 0.263 ms
Execution time: 1286.888 ms
