Hash Join  (cost=102767.86..933034.07 rows=1010525 width=0) (actual time=10907.147..15990.313 rows=695912 loops=1)
  Hash Cond: (ci.movie_id = t.id)
  ->  Seq Scan on cast_info ci  (cost=0.00..796071.18 rows=1010525 width=4) (actual time=8920.879..12501.709 rows=695912 loops=1)
        Filter: ((person_id < 887595) AND (role_id = 3))
        Rows Removed by Filter: 35548432
  ->  Hash  (cost=61283.27..61283.27 rows=2528527 width=4) (actual time=1985.080..1985.080 rows=2528312 loops=1)
        Buckets: 131072  Batches: 64  Memory Usage: 2415kB
        ->  Seq Scan on title t  (cost=0.00..61283.27 rows=2528527 width=4) (actual time=0.009..1138.479 rows=2528312 loops=1)
Planning time: 0.766 ms
Execution time: 16066.146 ms
