Hash Join  (cost=143949.07..1131036.50 rows=2799040 width=0) (actual time=8799.655..26265.185 rows=3877854 loops=1)
  Hash Cond: (ci.movie_id = t.id)
  ->  Seq Scan on cast_info ci  (cost=0.00..796071.18 rows=13927698 width=4) (actual time=5751.938..17108.393 rows=10980943 loops=1)
        Filter: ((person_id < 3152615) AND (role_id > 2))
        Rows Removed by Filter: 25263401
  ->  Hash  (cost=135612.12..135612.12 rows=508156 width=8) (actual time=3046.765..3046.765 rows=425361 loops=1)
        Buckets: 131072  Batches: 8  Memory Usage: 3115kB
        ->  Hash Join  (cost=89201.08..135612.12 rows=508156 width=8) (actual time=1644.709..2924.390 rows=425361 loops=1)
              Hash Cond: (mi_idx.movie_id = t.id)
              ->  Seq Scan on movie_info_idx mi_idx  (cost=0.00..21735.35 rows=1380035 width=4) (actual time=0.019..403.733 rows=1380035 loops=1)
              ->  Hash  (cost=73925.90..73925.90 rows=931054 width=4) (actual time=1643.899..1643.899 rows=852178 loops=1)
                    Buckets: 131072  Batches: 16  Memory Usage: 2899kB
                    ->  Seq Scan on title t  (cost=0.00..73925.90 rows=931054 width=4) (actual time=0.035..1361.975 rows=852178 loops=1)
                          Filter: ((kind_id > 1) AND (production_year < 2004))
                          Rows Removed by Filter: 1676134
Planning time: 1.223 ms
Execution time: 26706.084 ms
