Seq Scan on cast_info ci  (cost=0.00..796071.18 rows=3354609 width=0) (actual time=0.023..12483.918 rows=6737924 loops=1)
  Filter: ((person_id < 922471) AND (role_id = 1))
  Rows Removed by Filter: 29506420
Planning time: 0.461 ms
Execution time: 13330.126 ms
