Hash Join  (cost=102767.86..214173.57 rows=2083052 width=0) (actual time=1983.360..5677.064 rows=2081976 loops=1)
  Hash Cond: (mc.movie_id = t.id)
  ->  Seq Scan on movie_companies mc  (cost=0.00..51404.11 rows=2083052 width=4) (actual time=0.024..1091.997 rows=2081976 loops=1)
        Filter: (company_id > 483)
        Rows Removed by Filter: 527153
  ->  Hash  (cost=61283.27..61283.27 rows=2528527 width=4) (actual time=1982.566..1982.566 rows=2528312 loops=1)
        Buckets: 131072  Batches: 64  Memory Usage: 2415kB
        ->  Seq Scan on title t  (cost=0.00..61283.27 rows=2528527 width=4) (actual time=0.007..1136.907 rows=2528312 loops=1)
Planning time: 0.707 ms
Execution time: 5941.361 ms
