Seq Scan on title t  (cost=0.00..73925.90 rows=666782 width=0) (actual time=0.015..1169.492 rows=566088 loops=1)
  Filter: ((kind_id < 7) AND (production_year > 1992))
  Rows Removed by Filter: 1962224
Planning time: 0.286 ms
Execution time: 1241.955 ms
