Seq Scan on movie_keyword mk  (cost=0.00..81003.12 rows=4826 width=0) (actual time=0.048..1311.745 rows=4883 loops=1)
  Filter: (keyword_id = 508)
  Rows Removed by Filter: 4519047
Planning time: 0.404 ms
Execution time: 1313.130 ms
