Hash Join  (cost=438639.57..1187391.83 rows=4005 width=0) (actual time=10895.810..21785.948 rows=155 loops=1)
  Hash Cond: (ci.movie_id = t.id)
  ->  Seq Scan on cast_info ci  (cost=0.00..705507.15 rows=4320508 width=4) (actual time=2596.971..12920.511 rows=4323018 loops=1)
        Filter: (role_id = 10)
        Rows Removed by Filter: 31921326
  ->  Hash  (cost=438610.29..438610.29 rows=2343 width=8) (actual time=8280.598..8280.598 rows=152 loops=1)
        Buckets: 4096  Batches: 1  Memory Usage: 38kB
        ->  Hash Join  (cost=73930.93..438610.29 rows=2343 width=8) (actual time=1850.028..8280.325 rows=152 loops=1)
              Hash Cond: (mi.movie_id = t.id)
              ->  Seq Scan on movie_info mi  (cost=0.00..309384.22 rows=14739122 width=4) (actual time=0.032..4491.141 rows=14835720 loops=1)
              ->  Hash  (cost=73925.90..73925.90 rows=402 width=4) (actual time=1110.441..1110.441 rows=137 loops=1)
                    Buckets: 1024  Batches: 1  Memory Usage: 13kB
                    ->  Seq Scan on title t  (cost=0.00..73925.90 rows=402 width=4) (actual time=409.090..1110.281 rows=137 loops=1)
                          Filter: ((production_year > 2013) AND (kind_id = 7))
                          Rows Removed by Filter: 2528175
Planning time: 2.592 ms
Execution time: 21786.162 ms
