Hash Join  (cost=78483.93..206541.57 rows=496960 width=0) (actual time=1405.083..5438.756 rows=1741208 loops=1)
  Hash Cond: (mk.movie_id = t.id)
  ->  Seq Scan on movie_keyword mk  (cost=0.00..69693.30 rows=4523930 width=4) (actual time=0.023..1514.757 rows=4523930 loops=1)
  ->  Hash  (cost=73925.90..73925.90 rows=277762 width=4) (actual time=1404.009..1404.009 rows=394383 loops=1)
        Buckets: 131072 (originally 131072)  Batches: 8 (originally 4)  Memory Usage: 3073kB
        ->  Seq Scan on title t  (cost=0.00..73925.90 rows=277762 width=4) (actual time=0.017..1266.267 rows=394383 loops=1)
              Filter: ((kind_id < 3) AND (production_year < 1998))
              Rows Removed by Filter: 2133929
Planning time: 0.811 ms
Execution time: 5629.547 ms
