Seq Scan on movie_companies mc  (cost=0.00..51404.11 rows=2392025 width=0) (actual time=0.023..1038.547 rows=2390518 loops=1)
  Filter: (company_id < 108342)
  Rows Removed by Filter: 218611
Planning time: 0.341 ms
Execution time: 1336.635 ms
