Hash Join  (cost=935336.46..1078192.02 rows=1088710 width=0) (actual time=17392.011..29070.349 rows=32605589 loops=1)
  Hash Cond: (mk.movie_id = t.id)
  ->  Seq Scan on movie_keyword mk  (cost=0.00..81003.12 rows=4185422 width=4) (actual time=0.014..1858.121 rows=4188296 loops=1)
        Filter: (keyword_id < 49165)
        Rows Removed by Filter: 335634
  ->  Hash  (cost=924544.97..924544.97 rows=657719 width=8) (actual time=17390.070..17390.070 rows=3106939 loops=1)
        Buckets: 131072 (originally 131072)  Batches: 64 (originally 16)  Memory Usage: 3073kB
        ->  Hash Join  (cost=102767.86..924544.97 rows=657719 width=8) (actual time=5440.004..16451.961 rows=3106939 loops=1)
              Hash Cond: (ci.movie_id = t.id)
              ->  Seq Scan on cast_info ci  (cost=0.00..796071.18 rows=657719 width=4) (actual time=3488.443..11600.398 rows=3106939 loops=1)
                    Filter: ((person_id > 3489568) AND (role_id > 6))
                    Rows Removed by Filter: 33137405
              ->  Hash  (cost=61283.27..61283.27 rows=2528527 width=4) (actual time=1950.327..1950.327 rows=2528312 loops=1)
                    Buckets: 131072  Batches: 64  Memory Usage: 2415kB
                    ->  Seq Scan on title t  (cost=0.00..61283.27 rows=2528527 width=4) (actual time=0.019..1113.192 rows=2528312 loops=1)
Planning time: 1.178 ms
Execution time: 32673.990 ms
