Hash Join  (cost=132752.13..486762.74 rows=148 width=0) (actual time=2679.546..7754.483 rows=3719 loops=1)
  Hash Cond: (mi.movie_id = t.id)
  ->  Seq Scan on movie_info mi  (cost=0.00..346232.03 rows=2073893 width=4) (actual time=385.034..5373.900 rows=2091068 loops=1)
        Filter: (info_type_id < 3)
        Rows Removed by Filter: 12744652
  ->  Hash  (cost=132749.88..132749.88 rows=180 width=8) (actual time=2044.945..2044.945 rows=2040 loops=1)
        Buckets: 2048 (originally 1024)  Batches: 1 (originally 1)  Memory Usage: 96kB
        ->  Hash Join  (cost=73950.44..132749.88 rows=180 width=8) (actual time=1073.213..2043.966 rows=2040 loops=1)
              Hash Cond: (mc.movie_id = t.id)
              ->  Seq Scan on movie_companies mc  (cost=0.00..57926.93 rows=232188 width=4) (actual time=0.023..898.542 rows=459096 loops=1)
                    Filter: ((company_id > 76668) AND (company_type_id > 1))
                    Rows Removed by Filter: 2150033
              ->  Hash  (cost=73925.90..73925.90 rows=1963 width=4) (actual time=1061.588..1061.588 rows=3792 loops=1)
                    Buckets: 4096 (originally 2048)  Batches: 1 (originally 1)  Memory Usage: 166kB
                    ->  Seq Scan on title t  (cost=0.00..73925.90 rows=1963 width=4) (actual time=91.539..1059.615 rows=3792 loops=1)
                          Filter: ((kind_id = 1) AND (production_year = 1966))
                          Rows Removed by Filter: 2524520
Planning time: 1.203 ms
Execution time: 7755.345 ms
