Hash Join  (cost=258278.93..1156645.22 rows=3171585 width=0) (actual time=6068.261..30780.149 rows=19978690 loops=1)
  Hash Cond: (ci.movie_id = t.id)
  ->  Seq Scan on cast_info ci  (cost=0.00..796071.18 rows=5021653 width=4) (actual time=0.031..14891.293 rows=8246232 loops=1)
        Filter: ((person_id > 2138971) AND (role_id > 3))
        Rows Removed by Filter: 27998112
  ->  Hash  (cost=232077.78..232077.78 rows=1596972 width=8) (actual time=6066.537..6066.537 rows=1606189 loops=1)
        Buckets: 131072  Batches: 32  Memory Usage: 2966kB
        ->  Hash Join  (cost=102767.86..232077.78 rows=1596972 width=8) (actual time=2364.360..5578.219 rows=1606189 loops=1)
              Hash Cond: (mk.movie_id = t.id)
              ->  Seq Scan on movie_keyword mk  (cost=0.00..81003.12 rows=1596972 width=4) (actual time=0.014..1520.720 rows=1606189 loops=1)
                    Filter: (keyword_id < 2488)
                    Rows Removed by Filter: 2917741
              ->  Hash  (cost=61283.27..61283.27 rows=2528527 width=4) (actual time=2363.277..2363.277 rows=2528312 loops=1)
                    Buckets: 131072  Batches: 64  Memory Usage: 2425kB
                    ->  Seq Scan on title t  (cost=0.00..61283.27 rows=2528527 width=4) (actual time=0.012..1177.489 rows=2528312 loops=1)
Planning time: 1.218 ms
Execution time: 33167.739 ms
