Seq Scan on movie_keyword mk  (cost=0.00..81003.12 rows=3880472 width=0) (actual time=0.025..1666.569 rows=3869148 loops=1)
  Filter: (keyword_id < 28716)
  Rows Removed by Filter: 654782
Planning time: 0.359 ms
Execution time: 2156.037 ms
