Seq Scan on movie_keyword mk  (cost=0.00..81003.12 rows=246 width=0) (actual time=4.491..1241.383 rows=882 loops=1)
  Filter: (keyword_id = 1893)
  Rows Removed by Filter: 4523048
Planning time: 0.391 ms
Execution time: 1241.818 ms
