Nested Loop  (cost=44377.22..113596.17 rows=3608 width=0) (actual time=941.270..2000.221 rows=4683 loops=1)
  Join Filter: (mc.movie_id = t.id)
  ->  Hash Join  (cost=44376.79..102567.45 rows=18680 width=8) (actual time=941.192..1940.858 rows=4683 loops=1)
        Hash Cond: (mc.movie_id = mi_idx.movie_id)
        ->  Seq Scan on movie_companies mc  (cost=0.00..51404.11 rows=6610 width=4) (actual time=0.029..798.804 rows=7151 loops=1)
              Filter: (company_id = 7851)
              Rows Removed by Filter: 2601978
        ->  Hash  (cost=21735.35..21735.35 rows=1380035 width=4) (actual time=925.747..925.747 rows=1380035 loops=1)
              Buckets: 131072  Batches: 32  Memory Usage: 2540kB
              ->  Seq Scan on movie_info_idx mi_idx  (cost=0.00..21735.35 rows=1380035 width=4) (actual time=0.020..477.111 rows=1380035 loops=1)
  ->  Index Only Scan using title_pkey on title t  (cost=0.43..0.58 rows=1 width=4) (actual time=0.012..0.012 rows=1 loops=4683)
        Index Cond: (id = mi_idx.movie_id)
        Heap Fetches: 4683
Planning time: 1.199 ms
Execution time: 2001.132 ms
