Hash Join  (cost=102767.86..211220.36 rows=730177 width=0) (actual time=2018.039..4412.589 rows=725769 loops=1)
  Hash Cond: (mk.movie_id = t.id)
  ->  Seq Scan on movie_keyword mk  (cost=0.00..81003.12 rows=730177 width=4) (actual time=0.018..1438.369 rows=725769 loops=1)
        Filter: (keyword_id < 648)
        Rows Removed by Filter: 3798161
  ->  Hash  (cost=61283.27..61283.27 rows=2528527 width=4) (actual time=2017.327..2017.327 rows=2528312 loops=1)
        Buckets: 131072  Batches: 64  Memory Usage: 2425kB
        ->  Seq Scan on title t  (cost=0.00..61283.27 rows=2528527 width=4) (actual time=0.019..1137.824 rows=2528312 loops=1)
Planning time: 0.868 ms
Execution time: 4497.441 ms
