Hash Join  (cost=73962.22..438787.48 rows=16934 width=0) (actual time=1180.620..8561.811 rows=25249 loops=1)
  Hash Cond: (mi.movie_id = t.id)
  ->  Seq Scan on movie_info mi  (cost=0.00..309384.22 rows=14739122 width=4) (actual time=0.023..4540.405 rows=14835720 loops=1)
  ->  Hash  (cost=73925.90..73925.90 rows=2905 width=4) (actual time=1180.524..1180.524 rows=1724 loops=1)
        Buckets: 4096  Batches: 1  Memory Usage: 93kB
        ->  Seq Scan on title t  (cost=0.00..73925.90 rows=2905 width=4) (actual time=0.066..1179.654 rows=1724 loops=1)
              Filter: ((kind_id < 7) AND (production_year = 1945))
              Rows Removed by Filter: 2526588
Planning time: 0.829 ms
Execution time: 8566.783 ms
