Hash Join  (cost=128303.11..1215323.00 rows=5180374 width=0) (actual time=2698.417..33454.670 rows=8528519 loops=1)
  Hash Cond: (ci.movie_id = t.id)
  ->  Seq Scan on cast_info ci  (cost=0.00..614943.12 rows=36225612 width=4) (actual time=0.011..13271.000 rows=36244344 loops=1)
  ->  Hash  (cost=122370.28..122370.28 rows=361587 width=8) (actual time=2697.542..2697.542 rows=252549 loops=1)
        Buckets: 131072  Batches: 8  Memory Usage: 2244kB
        ->  Hash Join  (cost=78473.92..122370.28 rows=361587 width=8) (actual time=1389.098..2620.652 rows=252549 loops=1)
              Hash Cond: (mi_idx.movie_id = t.id)
              ->  Seq Scan on movie_info_idx mi_idx  (cost=0.00..21735.35 rows=1380035 width=4) (actual time=0.018..454.097 rows=1380035 loops=1)
              ->  Hash  (cost=67604.59..67604.59 rows=662507 width=4) (actual time=1387.762..1387.762 rows=662065 loops=1)
                    Buckets: 131072  Batches: 16  Memory Usage: 2481kB
                    ->  Seq Scan on title t  (cost=0.00..67604.59 rows=662507 width=4) (actual time=0.014..1171.400 rows=662065 loops=1)
                          Filter: (production_year > 2008)
                          Rows Removed by Filter: 1866247
Planning time: 1.157 ms
Execution time: 34374.325 ms
