Nested Loop  (cost=0.43..83072.29 rows=83 width=0) (actual time=162.361..1321.202 rows=1725 loops=1)
  ->  Seq Scan on movie_keyword mk  (cost=0.00..81003.12 rows=246 width=4) (actual time=58.404..1260.488 rows=4389 loops=1)
        Filter: (keyword_id = 29028)
        Rows Removed by Filter: 4519541
  ->  Index Scan using title_pkey on title t  (cost=0.43..8.40 rows=1 width=4) (actual time=0.013..0.013 rows=0 loops=4389)
        Index Cond: (id = mk.movie_id)
        Filter: (production_year < 1996)
        Rows Removed by Filter: 1
Planning time: 0.771 ms
Execution time: 1321.641 ms
