Hash Join  (cost=196520.67..988821.89 rows=460387 width=0) (actual time=4948.117..20395.549 rows=1933924 loops=1)
  Hash Cond: (ci.movie_id = t.id)
  ->  Seq Scan on cast_info ci  (cost=0.00..705507.15 rows=6358840 width=4) (actual time=605.217..12484.672 rows=6447152 loops=1)
        Filter: (person_id > 3011047)
        Rows Removed by Filter: 29797192
  ->  Hash  (cost=193516.32..193516.32 rows=183068 width=8) (actual time=4342.011..4342.011 rows=250907 loops=1)
        Buckets: 131072  Batches: 4  Memory Usage: 3464kB
        ->  Hash Join  (cost=69283.60..193516.32 rows=183068 width=8) (actual time=1068.353..4260.477 rows=250907 loops=1)
              Hash Cond: (mk.movie_id = t.id)
              ->  Seq Scan on movie_keyword mk  (cost=0.00..69693.30 rows=4523930 width=4) (actual time=0.032..1517.048 rows=4523930 loops=1)
              ->  Hash  (cost=67604.59..67604.59 rows=102321 width=4) (actual time=1067.345..1067.345 rows=100537 loops=1)
                    Buckets: 131072  Batches: 2  Memory Usage: 2803kB
                    ->  Seq Scan on title t  (cost=0.00..67604.59 rows=102321 width=4) (actual time=124.526..1032.121 rows=100537 loops=1)
                          Filter: (kind_id = 3)
                          Rows Removed by Filter: 2427775
Planning time: 1.270 ms
Execution time: 20638.480 ms
