Seq Scan on movie_keyword mk  (cost=0.00..81003.12 rows=246 width=0) (actual time=770.663..1264.237 rows=1 loops=1)
  Filter: (keyword_id = 129619)
  Rows Removed by Filter: 4523929
Planning time: 0.371 ms
Execution time: 1264.317 ms
