Seq Scan on title t  (cost=0.00..67604.59 rows=1835879 width=0) (actual time=0.017..1287.844 rows=1833367 loops=1)
  Filter: (production_year > 1986)
  Rows Removed by Filter: 694945
Planning time: 0.321 ms
Execution time: 1514.618 ms
