Hash Join  (cost=130717.84..157812.63 rows=18431 width=0) (actual time=2443.591..3029.716 rows=44739 loops=1)
  Hash Cond: (mi_idx.movie_id = t.id)
  ->  Seq Scan on movie_info_idx mi_idx  (cost=0.00..21735.35 rows=1380035 width=4) (actual time=0.025..328.181 rows=1380035 loops=1)
  ->  Hash  (cost=130295.71..130295.71 rows=33770 width=8) (actual time=2369.868..2369.868 rows=43540 loops=1)
        Buckets: 65536  Batches: 1  Memory Usage: 2213kB
        ->  Hash Join  (cost=69484.36..130295.71 rows=33770 width=8) (actual time=1149.714..2353.158 rows=43540 loops=1)
              Hash Cond: (mc.movie_id = t.id)
              ->  Seq Scan on movie_companies mc  (cost=0.00..51404.11 rows=745477 width=4) (actual time=0.029..845.519 rows=750463 loops=1)
                    Filter: (company_id > 37016)
                    Rows Removed by Filter: 1858666
              ->  Hash  (cost=67604.59..67604.59 rows=114542 width=4) (actual time=1148.918..1148.918 rows=118234 loops=1)
                    Buckets: 131072  Batches: 2  Memory Usage: 3101kB
                    ->  Seq Scan on title t  (cost=0.00..67604.59 rows=114542 width=4) (actual time=485.611..1109.660 rows=118234 loops=1)
                          Filter: (kind_id = 4)
                          Rows Removed by Filter: 2410078
Planning time: 1.304 ms
Execution time: 3036.235 ms
