Hash Join  (cost=461741.11..1410609.71 rows=2192124 width=0) (actual time=9859.254..34571.403 rows=6076525 loops=1)
  Hash Cond: (ci.movie_id = t.id)
  ->  Seq Scan on cast_info ci  (cost=0.00..796071.18 rows=11150984 width=4) (actual time=969.015..17130.586 rows=12670688 loops=1)
        Filter: ((person_id < 3237246) AND (role_id < 2))
        Rows Removed by Filter: 23573656
  ->  Hash  (cost=453585.71..453585.71 rows=497072 width=8) (actual time=8889.345..8889.345 rows=1038977 loops=1)
        Buckets: 131072 (originally 131072)  Batches: 16 (originally 8)  Memory Usage: 3560kB
        ->  Hash Join  (cost=83810.17..453585.71 rows=497072 width=8) (actual time=1601.733..8571.848 rows=1038977 loops=1)
              Hash Cond: (mi.movie_id = t.id)
              ->  Seq Scan on movie_info mi  (cost=0.00..346232.03 rows=1272478 width=4) (actual time=162.618..5958.787 rows=1325361 loops=1)
                    Filter: (info_type_id = 8)
                    Rows Removed by Filter: 13510359
              ->  Hash  (cost=67604.59..67604.59 rows=987727 width=4) (actual time=1438.246..1438.246 rows=985048 loops=1)
                    Buckets: 131072  Batches: 16  Memory Usage: 3197kB
                    ->  Seq Scan on title t  (cost=0.00..67604.59 rows=987727 width=4) (actual time=0.057..1142.506 rows=985048 loops=1)
                          Filter: (kind_id < 7)
                          Rows Removed by Filter: 1543264
Planning time: 0.798 ms
Execution time: 35267.648 ms
