Hash Join  (cost=124350.29..222615.65 rows=102887 width=0) (actual time=2476.012..4980.396 rows=993220 loops=1)
  Hash Cond: (mk.movie_id = t.id)
  ->  Seq Scan on movie_keyword mk  (cost=0.00..81003.12 rows=4328897 width=4) (actual time=0.022..1557.125 rows=4315625 loops=1)
        Filter: (keyword_id > 137)
        Rows Removed by Filter: 208305
  ->  Hash  (cost=123599.08..123599.08 rows=60097 width=8) (actual time=2475.590..2475.590 rows=52796 loops=1)
        Buckets: 65536  Batches: 1  Memory Usage: 2575kB
        ->  Hash Join  (cost=68332.59..123599.08 rows=60097 width=8) (actual time=1108.670..2456.609 rows=52796 loops=1)
              Hash Cond: (mc.movie_id = t.id)
              ->  Seq Scan on movie_companies mc  (cost=0.00..44881.29 rows=2609129 width=4) (actual time=0.022..599.777 rows=2609129 loops=1)
              ->  Hash  (cost=67604.59..67604.59 rows=58240 width=4) (actual time=1108.304..1108.304 rows=58590 loops=1)
                    Buckets: 65536  Batches: 1  Memory Usage: 2572kB
                    ->  Seq Scan on title t  (cost=0.00..67604.59 rows=58240 width=4) (actual time=0.019..1084.432 rows=58590 loops=1)
                          Filter: (production_year = 2001)
                          Rows Removed by Filter: 2469722
Planning time: 1.241 ms
Execution time: 5111.140 ms
