Seq Scan on movie_keyword mk  (cost=0.00..81003.12 rows=246 width=0) (actual time=124.746..964.493 rows=14 loops=1)
  Filter: (keyword_id = 72500)
  Rows Removed by Filter: 4523916
Planning time: 0.397 ms
Execution time: 964.603 ms
