Hash Join  (cost=128695.20..879913.88 rows=42952 width=0) (actual time=2271.762..19064.858 rows=207767 loops=1)
  Hash Cond: (ci.movie_id = t.id)
  ->  Seq Scan on cast_info ci  (cost=0.00..614943.12 rows=36225612 width=4) (actual time=0.020..9018.059 rows=36244344 loops=1)
  ->  Hash  (cost=128657.72..128657.72 rows=2998 width=8) (actual time=2270.206..2270.206 rows=8582 loops=1)
        Buckets: 16384 (originally 4096)  Batches: 1 (originally 1)  Memory Usage: 464kB
        ->  Hash Join  (cost=73962.22..128657.72 rows=2998 width=8) (actual time=1105.192..2266.131 rows=8582 loops=1)
              Hash Cond: (mc.movie_id = t.id)
              ->  Seq Scan on movie_companies mc  (cost=0.00..44881.29 rows=2609129 width=4) (actual time=0.016..635.220 rows=2609129 loops=1)
              ->  Hash  (cost=73925.90..73925.90 rows=2905 width=4) (actual time=1105.074..1105.074 rows=4593 loops=1)
                    Buckets: 8192 (originally 4096)  Batches: 1 (originally 1)  Memory Usage: 226kB
                    ->  Seq Scan on title t  (cost=0.00..73925.90 rows=2905 width=4) (actual time=2.549..1102.772 rows=4593 loops=1)
                          Filter: ((kind_id < 7) AND (production_year = 1963))
                          Rows Removed by Filter: 2523719
Planning time: 1.219 ms
Execution time: 19096.904 ms
