Seq Scan on movie_keyword mk  (cost=0.00..81003.12 rows=242060 width=0) (actual time=0.019..1328.978 rows=256327 loops=1)
  Filter: (keyword_id < 228)
  Rows Removed by Filter: 4267603
Planning time: 0.262 ms
Execution time: 1365.442 ms
