Seq Scan on movie_companies mc  (cost=0.00..51404.11 rows=280448 width=0) (actual time=258.467..825.805 rows=282802 loops=1)
  Filter: (company_id > 95544)
  Rows Removed by Filter: 2326327
Planning time: 0.354 ms
Execution time: 859.696 ms
