Hash Join  (cost=92703.08..141113.05 rows=624649 width=0) (actual time=1856.031..3561.868 rows=532401 loops=1)
  Hash Cond: (mi_idx.movie_id = t.id)
  ->  Seq Scan on movie_info_idx mi_idx  (cost=0.00..21735.35 rows=1380035 width=4) (actual time=0.017..451.659 rows=1380035 loops=1)
  ->  Hash  (cost=73925.90..73925.90 rows=1144494 width=4) (actual time=1854.912..1854.912 rows=1095581 loops=1)
        Buckets: 131072  Batches: 16  Memory Usage: 3437kB
        ->  Seq Scan on title t  (cost=0.00..73925.90 rows=1144494 width=4) (actual time=0.011..1510.957 rows=1095581 loops=1)
              Filter: ((kind_id > 1) AND (production_year < 2007))
              Rows Removed by Filter: 1432731
Planning time: 0.731 ms
Execution time: 3633.313 ms
