Hash Join  (cost=190230.21..331223.95 rows=1750810 width=0) (actual time=4567.260..9537.653 rows=7480900 loops=1)
  Hash Cond: (mk.movie_id = t.id)
  ->  Seq Scan on movie_keyword mk  (cost=0.00..81003.12 rows=3207869 width=4) (actual time=0.016..1686.344 rows=3197475 loops=1)
        Filter: (keyword_id > 1732)
        Rows Removed by Filter: 1326455
  ->  Hash  (cost=167588.78..167588.78 rows=1380035 width=8) (actual time=4565.406..4565.406 rows=1380035 loops=1)
        Buckets: 131072  Batches: 32  Memory Usage: 2726kB
        ->  Hash Join  (cost=102767.86..167588.78 rows=1380035 width=8) (actual time=1969.728..4151.240 rows=1380035 loops=1)
              Hash Cond: (mi_idx.movie_id = t.id)
              ->  Seq Scan on movie_info_idx mi_idx  (cost=0.00..21735.35 rows=1380035 width=4) (actual time=0.009..421.758 rows=1380035 loops=1)
              ->  Hash  (cost=61283.27..61283.27 rows=2528527 width=4) (actual time=1968.577..1968.577 rows=2528312 loops=1)
                    Buckets: 131072  Batches: 64  Memory Usage: 2415kB
                    ->  Seq Scan on title t  (cost=0.00..61283.27 rows=2528527 width=4) (actual time=0.017..1127.317 rows=2528312 loops=1)
Planning time: 1.164 ms
Execution time: 10355.257 ms
