Hash Join  (cost=136044.76..645909.03 rows=2817034 width=0) (actual time=2858.180..18629.076 rows=9678936 loops=1)
  Hash Cond: (mi.movie_id = t.id)
  ->  Seq Scan on movie_info mi  (cost=0.00..309384.22 rows=14739122 width=4) (actual time=0.028..6261.107 rows=14835720 loops=1)
  ->  Hash  (cost=128115.91..128115.91 rows=483268 width=8) (actual time=2857.467..2857.467 rows=594087 loops=1)
        Buckets: 131072  Batches: 8  Memory Usage: 3949kB
        ->  Hash Join  (cost=82131.75..128115.91 rows=483268 width=8) (actual time=1395.798..2681.201 rows=594087 loops=1)
              Hash Cond: (mi_idx.movie_id = t.id)
              ->  Seq Scan on movie_info_idx mi_idx  (cost=0.00..21735.35 rows=1380035 width=4) (actual time=4.793..404.236 rows=1380035 loops=1)
              ->  Hash  (cost=67604.59..67604.59 rows=885453 width=4) (actual time=1390.098..1390.098 rows=885650 loops=1)
                    Buckets: 131072  Batches: 16  Memory Usage: 2972kB
                    ->  Seq Scan on title t  (cost=0.00..67604.59 rows=885453 width=4) (actual time=0.022..1104.453 rows=885650 loops=1)
                          Filter: (production_year < 1997)
                          Rows Removed by Filter: 1642662
Planning time: 0.838 ms
Execution time: 19726.232 ms
