Seq Scan on movie_companies mc  (cost=0.00..57926.93 rows=837777 width=0) (actual time=0.024..1022.654 rows=638496 loops=1)
  Filter: ((company_id > 2840) AND (company_type_id < 2))
  Rows Removed by Filter: 1970633
Planning time: 0.371 ms
Execution time: 1096.856 ms
