Hash Join  (cost=83074.74..440815.49 rows=299 width=0) (actual time=3461.820..7040.754 rows=326 loops=1)
  Hash Cond: (mi.movie_id = t.id)
  ->  Seq Scan on movie_info mi  (cost=0.00..346232.03 rows=3068194 width=4) (actual time=2053.480..5396.026 rows=3036719 loops=1)
        Filter: (info_type_id = 16)
        Rows Removed by Filter: 11799001
  ->  Hash  (cost=83071.67..83071.67 rows=246 width=8) (actual time=1234.272..1234.272 rows=53 loops=1)
        Buckets: 1024  Batches: 1  Memory Usage: 11kB
        ->  Nested Loop  (cost=0.43..83071.67 rows=246 width=8) (actual time=18.650..1234.179 rows=53 loops=1)
              ->  Seq Scan on movie_keyword mk  (cost=0.00..81003.12 rows=246 width=4) (actual time=18.494..1231.478 rows=53 loops=1)
                    Filter: (keyword_id = 32308)
                    Rows Removed by Filter: 4523877
              ->  Index Only Scan using title_pkey on title t  (cost=0.43..8.40 rows=1 width=4) (actual time=0.043..0.044 rows=1 loops=53)
                    Index Cond: (id = mk.movie_id)
                    Heap Fetches: 53
Planning time: 1.683 ms
Execution time: 7040.928 ms
