Hash Join  (cost=82131.75..128115.91 rows=483268 width=0) (actual time=1388.748..2790.496 rows=594087 loops=1)
  Hash Cond: (mi_idx.movie_id = t.id)
  ->  Seq Scan on movie_info_idx mi_idx  (cost=0.00..21735.35 rows=1380035 width=4) (actual time=0.012..475.370 rows=1380035 loops=1)
  ->  Hash  (cost=67604.59..67604.59 rows=885453 width=4) (actual time=1387.586..1387.586 rows=885650 loops=1)
        Buckets: 131072  Batches: 16  Memory Usage: 2972kB
        ->  Seq Scan on title t  (cost=0.00..67604.59 rows=885453 width=4) (actual time=0.023..1104.654 rows=885650 loops=1)
              Filter: (production_year < 1997)
              Rows Removed by Filter: 1642662
Planning time: 0.713 ms
Execution time: 2859.451 ms
