Seq Scan on movie_keyword mk  (cost=0.00..81003.12 rows=7389 width=0) (actual time=0.123..1226.983 rows=7704 loops=1)
  Filter: (keyword_id = 797)
  Rows Removed by Filter: 4516226
Planning time: 0.374 ms
Execution time: 1228.832 ms
