Hash Join  (cost=133147.45..220430.78 rows=62529 width=0) (actual time=2518.414..4360.135 rows=15347 loops=1)
  Hash Cond: (mk.movie_id = t.id)
  ->  Seq Scan on movie_keyword mk  (cost=0.00..69693.30 rows=4523930 width=4) (actual time=0.012..1036.356 rows=4523930 loops=1)
  ->  Hash  (cost=132710.59..132710.59 rows=34949 width=8) (actual time=2507.370..2507.370 rows=6304 loops=1)
        Buckets: 65536  Batches: 1  Memory Usage: 759kB
        ->  Hash Join  (cost=74574.97..132710.59 rows=34949 width=8) (actual time=1138.776..2504.697 rows=6304 loops=1)
              Hash Cond: (mc.movie_id = t.id)
              ->  Seq Scan on movie_companies mc  (cost=0.00..51404.11 rows=1701871 width=4) (actual time=0.036..924.348 rows=1703912 loops=1)
                    Filter: (company_id > 2962)
                    Rows Removed by Filter: 905217
              ->  Hash  (cost=73925.90..73925.90 rows=51925 width=4) (actual time=1138.365..1138.365 rows=56480 loops=1)
                    Buckets: 65536  Batches: 1  Memory Usage: 2498kB
                    ->  Seq Scan on title t  (cost=0.00..73925.90 rows=51925 width=4) (actual time=185.545..1115.783 rows=56480 loops=1)
                          Filter: ((kind_id = 7) AND (production_year = 2004))
                          Rows Removed by Filter: 2471832
Planning time: 1.209 ms
Execution time: 4362.493 ms
