Hash Join  (cost=120305.15..1171109.17 rows=1654891 width=0) (actual time=2217.405..31770.904 rows=4955881 loops=1)
  Hash Cond: (ci.movie_id = t.id)
  ->  Seq Scan on cast_info ci  (cost=0.00..614943.12 rows=36225612 width=4) (actual time=0.010..12928.382 rows=36244344 loops=1)
  ->  Hash  (cost=118409.28..118409.28 rows=115510 width=8) (actual time=2216.639..2216.639 rows=178038 loops=1)
        Buckets: 131072 (originally 131072)  Batches: 4 (originally 2)  Memory Usage: 3073kB
        ->  Hash Join  (cost=84240.62..118409.28 rows=115510 width=8) (actual time=1398.649..2168.469 rows=178038 loops=1)
              Hash Cond: (mi_idx.movie_id = t.id)
              ->  Seq Scan on movie_info_idx mi_idx  (cost=0.00..25185.44 rows=464566 width=4) (actual time=0.014..455.522 rows=459925 loops=1)
                    Filter: (info_type_id = 101)
                    Rows Removed by Filter: 920110
              ->  Hash  (cost=73925.90..73925.90 rows=628697 width=4) (actual time=1396.822..1396.822 rows=532584 loops=1)
                    Buckets: 131072  Batches: 16  Memory Usage: 2188kB
                    ->  Seq Scan on title t  (cost=0.00..73925.90 rows=628697 width=4) (actual time=0.019..1229.402 rows=532584 loops=1)
                          Filter: ((kind_id < 7) AND (production_year > 1995))
                          Rows Removed by Filter: 1995728
Planning time: 1.170 ms
Execution time: 32322.272 ms
