Seq Scan on movie_companies mc  (cost=0.00..57926.93 rows=53 width=0) (actual time=605.118..836.587 rows=1 loops=1)
  Filter: ((company_type_id > 1) AND (company_id = 197522))
  Rows Removed by Filter: 2609128
Planning time: 0.435 ms
Execution time: 836.686 ms
