Hash Join  (cost=164950.27..701384.84 rows=5307166 width=0) (actual time=3455.430..17829.756 rows=4705659 loops=1)
  Hash Cond: (mi.movie_id = t.id)
  ->  Seq Scan on movie_info mi  (cost=0.00..309384.22 rows=14739122 width=4) (actual time=0.010..6227.350 rows=14835720 loops=1)
  ->  Hash  (cost=150012.59..150012.59 rows=910455 width=8) (actual time=3454.743..3454.743 rows=525930 loops=1)
        Buckets: 131072  Batches: 16  Memory Usage: 2319kB
        ->  Hash Join  (cost=94973.51..150012.59 rows=910455 width=8) (actual time=1789.613..3305.015 rows=525930 loops=1)
              Hash Cond: (mi_idx.movie_id = t.id)
              ->  Seq Scan on movie_info_idx mi_idx  (cost=0.00..21735.35 rows=1380035 width=4) (actual time=0.013..464.417 rows=1380035 loops=1)
              ->  Hash  (cost=67604.59..67604.59 rows=1668154 width=4) (actual time=1788.094..1788.094 rows=1674098 loops=1)
                    Buckets: 131072  Batches: 32  Memory Usage: 2869kB
                    ->  Seq Scan on title t  (cost=0.00..67604.59 rows=1668154 width=4) (actual time=0.022..1253.153 rows=1674098 loops=1)
                          Filter: (kind_id > 3)
                          Rows Removed by Filter: 854214
Planning time: 1.076 ms
Execution time: 18389.756 ms
