Hash Join  (cost=74730.49..889989.34 rows=697673 width=0) (actual time=1139.336..22348.010 rows=574773 loops=1)
  Hash Cond: (ci.movie_id = t.id)
  ->  Seq Scan on cast_info ci  (cost=0.00..705507.15 rows=27406657 width=4) (actual time=0.016..12827.958 rows=27420538 loops=1)
        Filter: (person_id < 2809481)
        Rows Removed by Filter: 8823806
  ->  Hash  (cost=73925.90..73925.90 rows=64367 width=4) (actual time=1138.431..1138.431 rows=53905 loops=1)
        Buckets: 65536  Batches: 1  Memory Usage: 2408kB
        ->  Seq Scan on title t  (cost=0.00..73925.90 rows=64367 width=4) (actual time=0.017..1116.211 rows=53905 loops=1)
              Filter: ((kind_id < 7) AND (production_year = 2012))
              Rows Removed by Filter: 2474407
Planning time: 3.100 ms
Execution time: 22432.369 ms
