Hash Join  (cost=244460.21..979058.03 rows=742503 width=0) (actual time=12878.315..18721.772 rows=5813511 loops=1)
  Hash Cond: (ci.movie_id = t.id)
  ->  Seq Scan on cast_info ci  (cost=0.00..705507.15 rows=1430034 width=4) (actual time=7317.521..10929.007 rows=1435613 loops=1)
        Filter: (person_id > 3780682)
        Rows Removed by Filter: 34808731
  ->  Hash  (cost=222920.41..222920.41 rows=1312864 width=8) (actual time=5559.454..5559.454 rows=1526886 loops=1)
        Buckets: 131072  Batches: 32  Memory Usage: 2874kB
        ->  Hash Join  (cost=99161.12..222920.41 rows=1312864 width=8) (actual time=1773.504..4915.358 rows=1526886 loops=1)
              Hash Cond: (mk.movie_id = t.id)
              ->  Seq Scan on movie_keyword mk  (cost=0.00..81003.12 rows=1725905 width=4) (actual time=0.031..1481.603 rows=1735511 loops=1)
                    Filter: (keyword_id > 8114)
                    Rows Removed by Filter: 2788419
              ->  Hash  (cost=67604.59..67604.59 rows=1923403 width=4) (actual time=1772.554..1772.554 rows=1922849 loops=1)
                    Buckets: 131072  Batches: 32  Memory Usage: 3141kB
                    ->  Seq Scan on title t  (cost=0.00..67604.59 rows=1923403 width=4) (actual time=0.018..1128.978 rows=1922849 loops=1)
                          Filter: (production_year < 2010)
                          Rows Removed by Filter: 605463
Planning time: 0.658 ms
Execution time: 19373.880 ms
