Hash Join  (cost=93093.72..1400830.10 rows=22258220 width=0) (actual time=1994.120..40846.629 rows=21630454 loops=1)
  Hash Cond: (ci.movie_id = t.id)
  ->  Seq Scan on cast_info ci  (cost=0.00..614943.12 rows=36225612 width=4) (actual time=0.025..13772.436 rows=36244344 loops=1)
  ->  Hash  (cost=67604.59..67604.59 rows=1553611 width=4) (actual time=1992.938..1992.938 rows=1555864 loops=1)
        Buckets: 131072  Batches: 32  Memory Usage: 2734kB
        ->  Seq Scan on title t  (cost=0.00..67604.59 rows=1553611 width=4) (actual time=0.020..1331.095 rows=1555864 loops=1)
              Filter: (kind_id > 4)
              Rows Removed by Filter: 972448
Planning time: 0.732 ms
Execution time: 43256.518 ms
