Hash Join  (cost=154613.32..520040.97 rows=77173 width=0) (actual time=2642.725..10640.310 rows=242799 loops=1)
  Hash Cond: (mi.movie_id = t.id)
  ->  Seq Scan on movie_info mi  (cost=0.00..309384.22 rows=14739122 width=4) (actual time=0.026..4553.371 rows=14835720 loops=1)
  ->  Hash  (cost=154447.83..154447.83 rows=13239 width=8) (actual time=2500.160..2500.160 rows=21736 loops=1)
        Buckets: 32768 (originally 16384)  Batches: 1 (originally 1)  Memory Usage: 1106kB
        ->  Hash Join  (cost=69484.36..154447.83 rows=13239 width=8) (actual time=1081.176..2491.650 rows=21736 loops=1)
              Hash Cond: (mk.movie_id = t.id)
              ->  Seq Scan on movie_keyword mk  (cost=0.00..81003.12 rows=292255 width=4) (actual time=0.041..1268.349 rows=311486 loops=1)
                    Filter: (keyword_id < 249)
                    Rows Removed by Filter: 4212444
              ->  Hash  (cost=67604.59..67604.59 rows=114542 width=4) (actual time=1080.446..1080.446 rows=118234 loops=1)
                    Buckets: 131072  Batches: 2  Memory Usage: 3107kB
                    ->  Seq Scan on title t  (cost=0.00..67604.59 rows=114542 width=4) (actual time=137.719..1037.523 rows=118234 loops=1)
                          Filter: (kind_id = 4)
                          Rows Removed by Filter: 2410078
Planning time: 0.780 ms
Execution time: 10674.594 ms
