Seq Scan on movie_companies mc  (cost=0.00..51404.11 rows=104 width=0) (actual time=2.790..781.489 rows=174 loops=1)
  Filter: (company_id = 13214)
  Rows Removed by Filter: 2608955
Planning time: 0.425 ms
Execution time: 781.635 ms
