Seq Scan on movie_keyword mk  (cost=0.00..81003.12 rows=188166 width=0) (actual time=0.015..1302.651 rows=191676 loops=1)
  Filter: (keyword_id > 70497)
  Rows Removed by Filter: 4332254
Planning time: 3.198 ms
Execution time: 1329.379 ms
