Hash Join  (cost=115670.52..903463.78 rows=7782840 width=169) (actual time=2512.961..23427.811 rows=4566302 loops=1)
  Hash Cond: (mi.movie_id = t.id)
  ->  Seq Scan on movie_info mi  (cost=0.00..346232.03 rows=11115165 width=75) (actual time=0.009..9458.406 rows=11210743 loops=1)
        Filter: (info_type_id > 3)
        Rows Removed by Filter: 3624977
  ->  Hash  (cost=67604.59..67604.59 rows=1770475 width=94) (actual time=2511.813..2511.813 rows=1774635 loops=1)
        Buckets: 32768  Batches: 64  Memory Usage: 3437kB
        ->  Seq Scan on title t  (cost=0.00..67604.59 rows=1770475 width=94) (actual time=0.021..1692.916 rows=1774635 loops=1)
              Filter: (kind_id > 2)
              Rows Removed by Filter: 753677
Planning time: 0.906 ms
Execution time: 23690.278 ms
