Seq Scan on movie_keyword mk  (cost=0.00..81003.12 rows=732564 width=0) (actual time=0.015..1342.968 rows=732672 loops=1)
  Filter: (keyword_id < 654)
  Rows Removed by Filter: 3791258
Planning time: 0.353 ms
Execution time: 1431.905 ms
