Hash Join  (cost=175027.18..1016347.75 rows=996324 width=0) (actual time=14359.048..19372.932 rows=1997050 loops=1)
  Hash Cond: (ci.movie_id = t.id)
  ->  Seq Scan on cast_info ci  (cost=0.00..796071.18 rows=2741105 width=4) (actual time=10614.317..13226.925 rows=3166503 loops=1)
        Filter: ((person_id > 2292767) AND (role_id = 2))
        Rows Removed by Filter: 33077841
  ->  Hash  (cost=159947.97..159947.97 rows=919057 width=8) (actual time=3743.827..3743.827 rows=920110 loops=1)
        Buckets: 131072  Batches: 16  Memory Usage: 3269kB
        ->  Hash Join  (cost=102767.86..159947.97 rows=919057 width=8) (actual time=1887.587..3491.632 rows=920110 loops=1)
              Hash Cond: (mi_idx.movie_id = t.id)
              ->  Seq Scan on movie_info_idx mi_idx  (cost=0.00..25185.44 rows=919057 width=4) (actual time=0.016..494.886 rows=920110 loops=1)
                    Filter: (info_type_id > 99)
                    Rows Removed by Filter: 459925
              ->  Hash  (cost=61283.27..61283.27 rows=2528527 width=4) (actual time=1886.408..1886.408 rows=2528312 loops=1)
                    Buckets: 131072  Batches: 64  Memory Usage: 2415kB
                    ->  Seq Scan on title t  (cost=0.00..61283.27 rows=2528527 width=4) (actual time=0.023..1044.462 rows=2528312 loops=1)
Planning time: 1.176 ms
Execution time: 19602.441 ms
