Hash Join  (cost=67697.55..94648.62 rows=4059 width=0) (actual time=1088.174..1716.593 rows=11393 loops=1)
  Hash Cond: (mi_idx.movie_id = t.id)
  ->  Seq Scan on movie_info_idx mi_idx  (cost=0.00..21735.35 rows=1380035 width=4) (actual time=0.028..326.263 rows=1380035 loops=1)
  ->  Hash  (cost=67604.59..67604.59 rows=7437 width=4) (actual time=1087.801..1087.801 rows=14926 loops=1)
        Buckets: 16384 (originally 8192)  Batches: 1 (originally 1)  Memory Usage: 653kB
        ->  Seq Scan on title t  (cost=0.00..67604.59 rows=7437 width=4) (actual time=0.105..1080.642 rows=14926 loops=1)
              Filter: (production_year = 1979)
              Rows Removed by Filter: 2513386
Planning time: 0.870 ms
Execution time: 1718.548 ms
