Seq Scan on movie_companies mc  (cost=0.00..57926.93 rows=886406 width=0) (actual time=213.857..1070.036 rows=1198904 loops=1)
  Filter: ((company_id < 29485) AND (company_type_id = 1))
  Rows Removed by Filter: 1410225
Planning time: 0.419 ms
Execution time: 1221.257 ms
