Seq Scan on movie_companies mc  (cost=0.00..57926.93 rows=1144398 width=0) (actual time=0.017..1045.372 rows=1252709 loops=1)
  Filter: ((company_id > 181) AND (company_type_id > 1))
  Rows Removed by Filter: 1356420
Planning time: 0.368 ms
Execution time: 1201.292 ms
