Hash Join  (cost=184472.09..1397428.53 rows=17439722 width=0) (actual time=4268.769..48161.955 rows=37814224 loops=1)
  Hash Cond: (ci.movie_id = t.id)
  ->  Seq Scan on cast_info ci  (cost=0.00..614943.12 rows=36225612 width=4) (actual time=0.021..13180.348 rows=36244344 loops=1)
  ->  Hash  (cost=164500.05..164500.05 rows=1217283 width=8) (actual time=4267.734..4267.734 rows=1253924 loops=1)
        Buckets: 131072 (originally 131072)  Batches: 32 (originally 16)  Memory Usage: 4091kB
        ->  Hash Join  (cost=104196.70..164500.05 rows=1217283 width=8) (actual time=2040.088..3913.431 rows=1253924 loops=1)
              Hash Cond: (mi_idx.movie_id = t.id)
              ->  Seq Scan on movie_info_idx mi_idx  (cost=0.00..21735.35 rows=1380035 width=4) (actual time=0.012..435.279 rows=1380035 loops=1)
              ->  Hash  (cost=67604.59..67604.59 rows=2230329 width=4) (actual time=2038.752..2038.752 rows=2225335 loops=1)
                    Buckets: 131072  Batches: 32  Memory Usage: 3472kB
                    ->  Seq Scan on title t  (cost=0.00..67604.59 rows=2230329 width=4) (actual time=0.026..1317.527 rows=2225335 loops=1)
                          Filter: (production_year > 1958)
                          Rows Removed by Filter: 302977
Planning time: 1.285 ms
Execution time: 52322.318 ms
