Hash Join  (cost=97476.44..1275408.04 rows=13483245 width=0) (actual time=1887.973..31981.467 rows=12773996 loops=1)
  Hash Cond: (ci.movie_id = t.id)
  ->  Seq Scan on cast_info ci  (cost=0.00..796071.18 rows=18724995 width=4) (actual time=0.011..17314.394 rows=16155580 loops=1)
        Filter: ((person_id < 2929182) AND (role_id > 1))
        Rows Removed by Filter: 20088764
  ->  Hash  (cost=67604.59..67604.59 rows=1820708 width=4) (actual time=1886.997..1886.997 rows=1813245 loops=1)
        Buckets: 131072  Batches: 32  Memory Usage: 3022kB
        ->  Seq Scan on title t  (cost=0.00..67604.59 rows=1820708 width=4) (actual time=0.021..1294.644 rows=1813245 loops=1)
              Filter: (production_year > 1987)
              Rows Removed by Filter: 715067
Planning time: 0.565 ms
Execution time: 33410.131 ms
