Seq Scan on movie_companies mc  (cost=0.00..51404.11 rows=104 width=0) (actual time=0.499..808.318 rows=1968 loops=1)
  Filter: (company_id = 425)
  Rows Removed by Filter: 2607161
Planning time: 0.385 ms
Execution time: 808.841 ms
