Seq Scan on movie_companies mc  (cost=0.00..51404.11 rows=636956 width=0) (actual time=0.015..803.966 rows=641667 loops=1)
  Filter: (company_id > 56699)
  Rows Removed by Filter: 1967462
Planning time: 0.363 ms
Execution time: 881.424 ms
