Seq Scan on movie_keyword mk  (cost=0.00..81003.12 rows=164990 width=0) (actual time=0.022..1246.315 rows=178240 loops=1)
  Filter: (keyword_id < 126)
  Rows Removed by Filter: 4345690
Planning time: 0.347 ms
Execution time: 1271.243 ms
