Hash Join  (cost=798855.22..825767.51 rows=181 width=0) (actual time=14531.906..14782.760 rows=102 loops=1)
  Hash Cond: (mi_idx.movie_id = t.id)
  ->  Seq Scan on movie_info_idx mi_idx  (cost=0.00..21735.35 rows=1380035 width=4) (actual time=0.013..129.285 rows=1380035 loops=1)
  ->  Hash  (cost=798851.07..798851.07 rows=332 width=8) (actual time=14525.914..14525.914 rows=322 loops=1)
        Buckets: 1024  Batches: 1  Memory Usage: 21kB
        ->  Nested Loop  (cost=0.43..798851.07 rows=332 width=8) (actual time=11349.608..14525.739 rows=322 loops=1)
              ->  Seq Scan on cast_info ci  (cost=0.00..796071.18 rows=332 width=4) (actual time=11349.413..14517.777 rows=322 loops=1)
                    Filter: ((role_id < 4) AND (person_id = 1332511))
                    Rows Removed by Filter: 36244022
              ->  Index Only Scan using title_pkey on title t  (cost=0.43..8.36 rows=1 width=4) (actual time=0.023..0.024 rows=1 loops=322)
                    Index Cond: (id = ci.movie_id)
                    Heap Fetches: 322
Planning time: 1.194 ms
Execution time: 14782.912 ms
