Hash Join  (cost=75553.24..448409.62 rows=86054 width=0) (actual time=2776.916..7823.230 rows=28258 loops=1)
  Hash Cond: (mi.movie_id = t.id)
  ->  Seq Scan on movie_info mi  (cost=0.00..346232.03 rows=2194617 width=4) (actual time=1460.145..5697.110 rows=2233850 loops=1)
        Filter: (info_type_id > 16)
        Rows Removed by Filter: 12601870
  ->  Hash  (cost=73925.90..73925.90 rows=99147 width=4) (actual time=1315.723..1315.723 rows=104093 loops=1)
        Buckets: 131072  Batches: 2  Memory Usage: 2861kB
        ->  Seq Scan on title t  (cost=0.00..73925.90 rows=99147 width=4) (actual time=0.034..1274.966 rows=104093 loops=1)
              Filter: ((kind_id > 2) AND (production_year = 2010))
              Rows Removed by Filter: 2424219
Planning time: 0.784 ms
Execution time: 7827.796 ms
