Hash Join  (cost=68438.72..828788.28 rows=956039 width=0) (actual time=1136.335..20227.727 rows=986696 loops=1)
  Hash Cond: (ci.movie_id = t.id)
  ->  Seq Scan on cast_info ci  (cost=0.00..614943.12 rows=36225612 width=4) (actual time=0.016..8075.087 rows=36244344 loops=1)
  ->  Hash  (cost=67604.59..67604.59 rows=66731 width=4) (actual time=1135.631..1135.631 rows=67342 loops=1)
        Buckets: 131072  Batches: 1  Memory Usage: 3392kB
        ->  Seq Scan on title t  (cost=0.00..67604.59 rows=66731 width=4) (actual time=0.011..1107.959 rows=67342 loops=1)
              Filter: (production_year > 2012)
              Rows Removed by Filter: 2460970
Planning time: 0.536 ms
Execution time: 20357.961 ms
