Nested Loop  (cost=44377.22..144663.15 rows=3868 width=0) (actual time=847.732..2525.086 rows=15586 loops=1)
  ->  Hash Join  (cost=44376.79..132277.81 rows=21067 width=8) (actual time=847.663..2316.375 rows=15586 loops=1)
        Hash Cond: (mk.movie_id = mi_idx.movie_id)
        ->  Seq Scan on movie_keyword mk  (cost=0.00..81003.12 rows=7087 width=4) (actual time=0.044..1231.067 rows=7495 loops=1)
              Filter: (keyword_id = 889)
              Rows Removed by Filter: 4516435
        ->  Hash  (cost=21735.35..21735.35 rows=1380035 width=4) (actual time=841.060..841.060 rows=1380035 loops=1)
              Buckets: 131072  Batches: 32  Memory Usage: 2556kB
              ->  Seq Scan on movie_info_idx mi_idx  (cost=0.00..21735.35 rows=1380035 width=4) (actual time=0.022..432.011 rows=1380035 loops=1)
  ->  Index Only Scan using title_pkey on title t  (cost=0.43..0.58 rows=1 width=4) (actual time=0.013..0.013 rows=1 loops=15586)
        Index Cond: (id = mi_idx.movie_id)
        Heap Fetches: 15586
Planning time: 1.311 ms
Execution time: 2528.112 ms
