Hash Join  (cost=114369.85..466870.08 rows=45546 width=0) (actual time=5998.758..7901.447 rows=182639 loops=1)
  Hash Cond: (mi.movie_id = t.id)
  ->  Seq Scan on movie_info mi  (cost=0.00..346232.03 rows=1550064 width=4) (actual time=3662.135..5054.851 rows=1533909 loops=1)
        Filter: (info_type_id = 3)
        Rows Removed by Filter: 13301811
  ->  Hash  (cost=113441.15..113441.15 rows=74296 width=8) (actual time=2250.851..2250.851 rows=97810 loops=1)
        Buckets: 131072 (originally 131072)  Batches: 2 (originally 1)  Memory Usage: 3073kB
        ->  Hash Join  (cost=80560.63..113441.15 rows=74296 width=8) (actual time=1515.673..2209.880 rows=97810 loops=1)
              Hash Cond: (mi_idx.movie_id = t.id)
              ->  Seq Scan on movie_info_idx mi_idx  (cost=0.00..25185.44 rows=464566 width=4) (actual time=0.026..462.750 rows=459925 loops=1)
                    Filter: (info_type_id = 101)
                    Rows Removed by Filter: 920110
              ->  Hash  (cost=73925.90..73925.90 rows=404378 width=4) (actual time=1435.443..1435.443 rows=296768 loops=1)
                    Buckets: 131072  Batches: 8  Memory Usage: 2332kB
                    ->  Seq Scan on title t  (cost=0.00..73925.90 rows=404378 width=4) (actual time=237.090..1339.277 rows=296768 loops=1)
                          Filter: ((production_year > 1997) AND (kind_id = 1))
                          Rows Removed by Filter: 2231544
Planning time: 3.649 ms
Execution time: 7925.343 ms
