Hash Join  (cost=72956.84..105388.69 rows=59929 width=0) (actual time=1138.412..1907.694 rows=63191 loops=1)
  Hash Cond: (mi_idx.movie_id = t.id)
  ->  Seq Scan on movie_info_idx mi_idx  (cost=0.00..25185.44 rows=464566 width=4) (actual time=0.022..479.027 rows=459925 loops=1)
        Filter: (info_type_id = 101)
        Rows Removed by Filter: 920110
  ->  Hash  (cost=67604.59..67604.59 rows=326180 width=4) (actual time=1136.904..1136.904 rows=323245 loops=1)
        Buckets: 131072  Batches: 8  Memory Usage: 2437kB
        ->  Seq Scan on title t  (cost=0.00..67604.59 rows=326180 width=4) (actual time=0.011..1031.099 rows=323245 loops=1)
              Filter: (production_year < 1967)
              Rows Removed by Filter: 2205067
Planning time: 0.777 ms
Execution time: 1915.911 ms
