Hash Join  (cost=1259560.69..2499500.48 rows=54634279 width=0) (actual time=27282.108..76594.589 rows=135211170 loops=1)
  Hash Cond: (mi.movie_id = t.id)
  ->  Seq Scan on movie_info mi  (cost=0.00..346232.03 rows=12665229 width=4) (actual time=0.019..7837.371 rows=12744652 loops=1)
        Filter: (info_type_id > 2)
        Rows Removed by Filter: 2091068
  ->  Hash  (cost=1080611.66..1080611.66 rows=10907363 width=8) (actual time=27280.223..27280.223 rows=10913750 loops=1)
        Buckets: 131072  Batches: 256  Memory Usage: 2762kB
        ->  Hash Join  (cost=102767.86..1080611.66 rows=10907363 width=8) (actual time=5207.263..24206.466 rows=10913750 loops=1)
              Hash Cond: (ci.movie_id = t.id)
              ->  Seq Scan on cast_info ci  (cost=0.00..705507.15 rows=10907363 width=4) (actual time=3261.779..12692.934 rows=10913750 loops=1)
                    Filter: (person_id > 2614911)
                    Rows Removed by Filter: 25330594
              ->  Hash  (cost=61283.27..61283.27 rows=2528527 width=4) (actual time=1943.434..1943.434 rows=2528312 loops=1)
                    Buckets: 131072  Batches: 64  Memory Usage: 2415kB
                    ->  Seq Scan on title t  (cost=0.00..61283.27 rows=2528527 width=4) (actual time=0.025..1078.966 rows=2528312 loops=1)
Planning time: 0.791 ms
Execution time: 91626.865 ms
