Hash Join  (cost=108983.92..868617.43 rows=884439 width=0) (actual time=1981.060..21817.480 rows=1896291 loops=1)
  Hash Cond: (ci.movie_id = t.id)
  ->  Seq Scan on cast_info ci  (cost=0.00..614943.12 rows=36225612 width=4) (actual time=0.011..8830.749 rows=36244344 loops=1)
  ->  Hash  (cost=108212.26..108212.26 rows=61733 width=8) (actual time=1980.623..1980.623 rows=58024 loops=1)
        Buckets: 65536  Batches: 1  Memory Usage: 2779kB
        ->  Hash Join  (cost=69460.45..108212.26 rows=61733 width=8) (actual time=1051.375..1961.076 rows=58024 loops=1)
              Hash Cond: (mi_idx.movie_id = t.id)
              ->  Seq Scan on movie_info_idx mi_idx  (cost=0.00..21735.35 rows=1380035 width=4) (actual time=0.023..427.617 rows=1380035 loops=1)
              ->  Hash  (cost=67604.59..67604.59 rows=113109 width=4) (actual time=1050.493..1050.493 rows=119565 loops=1)
                    Buckets: 131072  Batches: 2  Memory Usage: 3115kB
                    ->  Seq Scan on title t  (cost=0.00..67604.59 rows=113109 width=4) (actual time=0.021..1006.513 rows=119565 loops=1)
                          Filter: (production_year = 2007)
                          Rows Removed by Filter: 2408747
Planning time: 1.162 ms
Execution time: 22068.989 ms
