Hash Join  (cost=102767.86..266038.49 rows=3008339 width=0) (actual time=2186.684..6646.091 rows=2992497 loops=1)
  Hash Cond: (mk.movie_id = t.id)
  ->  Seq Scan on movie_keyword mk  (cost=0.00..81003.12 rows=3008339 width=4) (actual time=0.021..1763.318 rows=2992497 loops=1)
        Filter: (keyword_id > 2220)
        Rows Removed by Filter: 1531433
  ->  Hash  (cost=61283.27..61283.27 rows=2528527 width=4) (actual time=2184.595..2184.595 rows=2528312 loops=1)
        Buckets: 131072  Batches: 64  Memory Usage: 2425kB
        ->  Seq Scan on title t  (cost=0.00..61283.27 rows=2528527 width=4) (actual time=0.011..1040.836 rows=2528312 loops=1)
Planning time: 0.769 ms
Execution time: 7023.996 ms
