Hash Join  (cost=150090.35..514761.38 rows=1510 width=0) (actual time=1199.594..8074.415 rows=4083 loops=1)
  Hash Cond: (mi.movie_id = t.id)
  ->  Seq Scan on movie_info mi  (cost=0.00..309384.22 rows=14739122 width=4) (actual time=0.016..4158.750 rows=14835720 loops=1)
  ->  Hash  (cost=150087.11..150087.11 rows=259 width=8) (actual time=1197.567..1197.567 rows=228 loops=1)
        Buckets: 1024  Batches: 1  Memory Usage: 17kB
        ->  Nested Loop  (cost=0.43..150087.11 rows=259 width=8) (actual time=4.076..1197.368 rows=228 loops=1)
              ->  Seq Scan on movie_keyword mk  (cost=0.00..81003.12 rows=10707 width=4) (actual time=0.116..832.258 rows=10307 loops=1)
                    Filter: (keyword_id = 870)
                    Rows Removed by Filter: 4513623
              ->  Index Scan using title_pkey on title t  (cost=0.43..6.44 rows=1 width=4) (actual time=0.035..0.035 rows=0 loops=10307)
                    Index Cond: (id = mk.movie_id)
                    Filter: ((production_year < 2005) AND (kind_id = 4))
                    Rows Removed by Filter: 1
Planning time: 1.213 ms
Execution time: 8075.648 ms
