Seq Scan on cast_info ci  (cost=0.00..796071.18 rows=101 width=0) (actual time=6224.428..10653.167 rows=39 loops=1)
  Filter: ((person_id = 1831879) AND (role_id = 2))
  Rows Removed by Filter: 36244305
Planning time: 0.410 ms
Execution time: 10653.289 ms
