Seq Scan on movie_companies mc  (cost=0.00..51404.11 rows=1627285 width=0) (actual time=0.019..953.054 rows=1625132 loops=1)
  Filter: (company_id > 4441)
  Rows Removed by Filter: 983997
Planning time: 0.375 ms
Execution time: 1149.204 ms
