Hash Join  (cost=84832.42..973540.66 rows=3345737 width=0) (actual time=8745.407..22973.939 rows=3279304 loops=1)
  Hash Cond: (ci.movie_id = t.id)
  ->  Seq Scan on cast_info ci  (cost=0.00..705507.15 rows=12726058 width=4) (actual time=6731.887..13736.376 rows=12670688 loops=1)
        Filter: (role_id = 1)
        Rows Removed by Filter: 23573656
  ->  Hash  (cost=73925.90..73925.90 rows=664761 width=4) (actual time=2012.306..2012.306 rows=704326 loops=1)
        Buckets: 131072  Batches: 16  Memory Usage: 2575kB
        ->  Seq Scan on title t  (cost=0.00..73925.90 rows=664761 width=4) (actual time=0.037..1491.185 rows=704326 loops=1)
              Filter: ((kind_id > 1) AND (production_year > 2006))
              Rows Removed by Filter: 1823986
Planning time: 0.573 ms
Execution time: 23347.599 ms
