Hash Join  (cost=451202.28..1335625.91 rows=266984 width=0) (actual time=12681.802..30741.448 rows=972406 loops=1)
  Hash Cond: (ci.movie_id = t.id)
  ->  Seq Scan on cast_info ci  (cost=0.00..705507.15 rows=23499554 width=4) (actual time=3317.239..14832.063 rows=23573656 loops=1)
        Filter: (role_id > 1)
        Rows Removed by Filter: 12670688
  ->  Hash  (cost=450843.19..450843.19 rows=28727 width=8) (actual time=9363.724..9363.724 rows=62697 loops=1)
        Buckets: 65536 (originally 32768)  Batches: 1 (originally 1)  Memory Usage: 2962kB
        ->  Hash Join  (cost=67697.55..450843.19 rows=28727 width=8) (actual time=1145.843..9332.320 rows=62697 loops=1)
              Hash Cond: (mi.movie_id = t.id)
              ->  Seq Scan on movie_info mi  (cost=0.00..346232.03 rows=9767026 width=4) (actual time=117.908..6313.712 rows=9911754 loops=1)
                    Filter: (info_type_id > 4)
                    Rows Removed by Filter: 4923966
              ->  Hash  (cost=67604.59..67604.59 rows=7437 width=4) (actual time=1027.741..1027.741 rows=13994 loops=1)
                    Buckets: 16384 (originally 8192)  Batches: 1 (originally 1)  Memory Usage: 620kB
                    ->  Seq Scan on title t  (cost=0.00..67604.59 rows=7437 width=4) (actual time=0.160..1021.056 rows=13994 loops=1)
                          Filter: (production_year = 1976)
                          Rows Removed by Filter: 2514318
Planning time: 1.207 ms
Execution time: 30871.419 ms
