Seq Scan on title t  (cost=0.00..73925.90 rows=315007 width=0) (actual time=582.443..1191.662 rows=244789 loops=1)
  Filter: ((production_year > 2003) AND (kind_id = 1))
  Rows Removed by Filter: 2283523
Planning time: 4.585 ms
Execution time: 1223.861 ms
