Hash Join  (cost=104196.70..1511528.87 rows=31953399 width=0) (actual time=2168.829..45351.648 rows=33537998 loops=1)
  Hash Cond: (ci.movie_id = t.id)
  ->  Seq Scan on cast_info ci  (cost=0.00..614943.12 rows=36225612 width=4) (actual time=0.012..13162.176 rows=36244344 loops=1)
  ->  Hash  (cost=67604.59..67604.59 rows=2230329 width=4) (actual time=2167.548..2167.548 rows=2225335 loops=1)
        Buckets: 131072  Batches: 32  Memory Usage: 3472kB
        ->  Seq Scan on title t  (cost=0.00..67604.59 rows=2230329 width=4) (actual time=0.026..1437.299 rows=2225335 loops=1)
              Filter: (production_year > 1958)
              Rows Removed by Filter: 302977
Planning time: 0.764 ms
Execution time: 49281.719 ms
