Hash Join  (cost=102767.86..265448.12 rows=2983824 width=0) (actual time=1908.182..6031.491 rows=2968834 loops=1)
  Hash Cond: (mk.movie_id = t.id)
  ->  Seq Scan on movie_keyword mk  (cost=0.00..81003.12 rows=2983824 width=4) (actual time=0.007..1669.672 rows=2968834 loops=1)
        Filter: (keyword_id < 10134)
        Rows Removed by Filter: 1555096
  ->  Hash  (cost=61283.27..61283.27 rows=2528527 width=4) (actual time=1905.865..1905.865 rows=2528312 loops=1)
        Buckets: 131072  Batches: 64  Memory Usage: 2425kB
        ->  Seq Scan on title t  (cost=0.00..61283.27 rows=2528527 width=4) (actual time=0.019..1036.191 rows=2528312 loops=1)
Planning time: 0.579 ms
Execution time: 6340.165 ms
