Seq Scan on cast_info ci  (cost=0.00..796071.18 rows=7873059 width=0) (actual time=0.024..12187.899 rows=3347189 loops=1)
  Filter: ((person_id < 1186804) AND (role_id > 1))
  Rows Removed by Filter: 32897155
Planning time: 0.363 ms
Execution time: 12575.606 ms
