Hash Join  (cost=77429.84..570516.84 rows=1244607 width=0) (actual time=1228.516..14891.552 rows=4122733 loops=1)
  Hash Cond: (mi.movie_id = t.id)
  ->  Seq Scan on movie_info mi  (cost=0.00..309384.22 rows=14739122 width=4) (actual time=0.011..5723.167 rows=14835720 loops=1)
  ->  Hash  (cost=73925.90..73925.90 rows=213515 width=4) (actual time=1227.711..1227.711 rows=341626 loops=1)
        Buckets: 131072  Batches: 4  Memory Usage: 4038kB
        ->  Seq Scan on title t  (cost=0.00..73925.90 rows=213515 width=4) (actual time=347.998..1117.130 rows=341626 loops=1)
              Filter: ((production_year < 1995) AND (kind_id = 1))
              Rows Removed by Filter: 2186686
Planning time: 0.780 ms
Execution time: 15387.952 ms
