Hash Join  (cost=161341.26..292180.90 rows=725360 width=0) (actual time=3994.348..7767.539 rows=2116623 loops=1)
  Hash Cond: (mk.movie_id = t.id)
  ->  Seq Scan on movie_keyword mk  (cost=0.00..69693.30 rows=4523930 width=4) (actual time=0.011..1449.282 rows=4523930 loops=1)
  ->  Hash  (cost=154689.51..154689.51 rows=405420 width=8) (actual time=3992.867..3992.867 rows=294635 loops=1)
        Buckets: 131072  Batches: 8  Memory Usage: 2464kB
        ->  Hash Join  (cost=74050.79..154689.51 rows=405420 width=8) (actual time=1180.205..3902.311 rows=294635 loops=1)
              Hash Cond: (mc.movie_id = t.id)
              ->  Seq Scan on movie_companies mc  (cost=0.00..44881.29 rows=2609129 width=4) (actual time=0.022..872.184 rows=2609129 loops=1)
              ->  Hash  (cost=67604.59..67604.59 rows=392896 width=4) (actual time=1179.331..1179.331 rows=391666 loops=1)
                    Buckets: 131072  Batches: 8  Memory Usage: 2753kB
                    ->  Seq Scan on title t  (cost=0.00..67604.59 rows=392896 width=4) (actual time=0.023..1049.199 rows=391666 loops=1)
                          Filter: (production_year > 2010)
                          Rows Removed by Filter: 2136646
Planning time: 1.102 ms
Execution time: 8023.631 ms
