Hash Join  (cost=120747.46..1171961.48 rows=1694787 width=0) (actual time=2332.524..32684.003 rows=6202740 loops=1)
  Hash Cond: (ci.movie_id = t.id)
  ->  Seq Scan on cast_info ci  (cost=0.00..614943.12 rows=36225612 width=4) (actual time=0.012..12959.801 rows=36244344 loops=1)
  ->  Hash  (cost=118805.77..118805.77 rows=118295 width=8) (actual time=2331.810..2331.810 rows=209879 loops=1)
        Buckets: 131072 (originally 131072)  Batches: 4 (originally 2)  Memory Usage: 3075kB
        ->  Hash Join  (cost=84571.72..118805.77 rows=118295 width=8) (actual time=1435.222..2271.173 rows=209879 loops=1)
              Hash Cond: (mi_idx.movie_id = t.id)
              ->  Seq Scan on movie_info_idx mi_idx  (cost=0.00..25185.44 rows=460978 width=4) (actual time=0.019..466.728 rows=459925 loops=1)
                    Filter: (info_type_id = 99)
                    Rows Removed by Filter: 920110
              ->  Hash  (cost=73925.90..73925.90 rows=648865 width=4) (actual time=1434.395..1434.395 rows=656311 loops=1)
                    Buckets: 131072  Batches: 16  Memory Usage: 2462kB
                    ->  Seq Scan on title t  (cost=0.00..73925.90 rows=648865 width=4) (actual time=366.153..1224.980 rows=656311 loops=1)
                          Filter: ((production_year > 0) AND (kind_id = 1))
                          Rows Removed by Filter: 1872001
Planning time: 7.454 ms
Execution time: 33424.603 ms
