Seq Scan on cast_info ci  (cost=0.00..796071.18 rows=25137050 width=0) (actual time=0.024..17099.662 rows=24916973 loops=1)
  Filter: ((person_id > 418279) AND (role_id < 8))
  Rows Removed by Filter: 11327371
Planning time: 0.400 ms
Execution time: 20162.918 ms
