Hash Join  (cost=148034.06..272580.31 rows=208821 width=0) (actual time=3089.158..6208.420 rows=1549144 loops=1)
  Hash Cond: (mk.movie_id = t.id)
  ->  Seq Scan on movie_keyword mk  (cost=0.00..69693.30 rows=4523930 width=4) (actual time=0.024..1390.828 rows=4523930 loops=1)
  ->  Hash  (cost=146119.12..146119.12 rows=116715 width=8) (actual time=3086.792..3086.792 rows=100506 loops=1)
        Buckets: 131072  Batches: 2  Memory Usage: 3006kB
        ->  Hash Join  (cost=69460.45..146119.12 rows=116715 width=8) (actual time=1146.749..3042.100 rows=100506 loops=1)
              Hash Cond: (mc.movie_id = t.id)
              ->  Seq Scan on movie_companies mc  (cost=0.00..44881.29 rows=2609129 width=4) (actual time=0.022..859.259 rows=2609129 loops=1)
              ->  Hash  (cost=67604.59..67604.59 rows=113109 width=4) (actual time=1145.918..1145.918 rows=119565 loops=1)
                    Buckets: 131072  Batches: 2  Memory Usage: 3115kB
                    ->  Seq Scan on title t  (cost=0.00..67604.59 rows=113109 width=4) (actual time=0.037..1096.233 rows=119565 loops=1)
                          Filter: (production_year = 2007)
                          Rows Removed by Filter: 2408747
Planning time: 1.177 ms
Execution time: 6412.566 ms
