Hash Join  (cost=102767.86..239725.77 rows=1914879 width=0) (actual time=1809.427..5219.124 rows=1928794 loops=1)
  Hash Cond: (mk.movie_id = t.id)
  ->  Seq Scan on movie_keyword mk  (cost=0.00..81003.12 rows=1914879 width=4) (actual time=0.018..1609.961 rows=1928794 loops=1)
        Filter: (keyword_id < 3316)
        Rows Removed by Filter: 2595136
  ->  Hash  (cost=61283.27..61283.27 rows=2528527 width=4) (actual time=1808.352..1808.352 rows=2528312 loops=1)
        Buckets: 131072  Batches: 64  Memory Usage: 2425kB
        ->  Seq Scan on title t  (cost=0.00..61283.27 rows=2528527 width=4) (actual time=0.013..960.165 rows=2528312 loops=1)
Planning time: 0.733 ms
Execution time: 5440.197 ms
