Hash Join  (cost=143330.92..276131.09 rows=165609 width=0) (actual time=2424.562..5934.029 rows=1700220 loops=1)
  Hash Cond: (mk.movie_id = t.id)
  ->  Seq Scan on movie_keyword mk  (cost=0.00..81003.12 rows=4303454 width=4) (actual time=0.012..1909.628 rows=4302099 loops=1)
        Filter: (keyword_id < 64380)
        Rows Removed by Filter: 221831
  ->  Hash  (cost=141733.61..141733.61 rows=97305 width=8) (actual time=2423.787..2423.787 rows=36666 loops=1)
        Buckets: 131072  Batches: 2  Memory Usage: 1745kB
        ->  Hash Join  (cost=79094.49..141733.61 rows=97305 width=8) (actual time=1106.943..2408.614 rows=36666 loops=1)
              Hash Cond: (mc.movie_id = t.id)
              ->  Seq Scan on movie_companies mc  (cost=0.00..51404.11 rows=781054 width=4) (actual time=0.024..920.668 rows=770537 loops=1)
                    Filter: (company_id < 1639)
                    Rows Removed by Filter: 1838592
              ->  Hash  (cost=73925.90..73925.90 rows=315007 width=4) (actual time=1103.703..1103.703 rows=244789 loops=1)
                    Buckets: 131072  Batches: 8  Memory Usage: 2099kB
                    ->  Seq Scan on title t  (cost=0.00..73925.90 rows=315007 width=4) (actual time=0.010..1040.357 rows=244789 loops=1)
                          Filter: ((production_year > 2003) AND (kind_id = 1))
                          Rows Removed by Filter: 2283523
Planning time: 1.187 ms
Execution time: 6124.171 ms
