Hash Join  (cost=709678.15..1074363.23 rows=2915 width=0) (actual time=10969.883..17085.995 rows=350 loops=1)
  Hash Cond: (mi.movie_id = t.id)
  ->  Seq Scan on movie_info mi  (cost=0.00..309384.22 rows=14739122 width=4) (actual time=0.018..3782.573 rows=14835720 loops=1)
  ->  Hash  (cost=709671.90..709671.90 rows=500 width=8) (actual time=10765.788..10765.788 rows=45 loops=1)
        Buckets: 1024  Batches: 1  Memory Usage: 10kB
        ->  Nested Loop  (cost=0.43..709671.90 rows=500 width=8) (actual time=6988.040..10765.753 rows=45 loops=1)
              ->  Seq Scan on cast_info ci  (cost=0.00..705507.15 rows=500 width=4) (actual time=6987.917..10761.973 rows=45 loops=1)
                    Filter: (person_id = 1530520)
                    Rows Removed by Filter: 36244299
              ->  Index Only Scan using title_pkey on title t  (cost=0.43..8.32 rows=1 width=4) (actual time=0.082..0.082 rows=1 loops=45)
                    Index Cond: (id = ci.movie_id)
                    Heap Fetches: 45
Planning time: 1.119 ms
Execution time: 17086.312 ms
