Hash Join  (cost=220679.88..739879.76 rows=4081999 width=0) (actual time=5432.500..44501.614 rows=105837220 loops=1)
  Hash Cond: (mi.movie_id = t.id)
  ->  Seq Scan on movie_info mi  (cost=0.00..346232.03 rows=11115165 width=4) (actual time=0.015..7209.201 rows=11210743 loops=1)
        Filter: (info_type_id > 3)
        Rows Removed by Filter: 3624977
  ->  Hash  (cost=205444.50..205444.50 rows=928591 width=8) (actual time=5430.202..5430.202 rows=2058139 loops=1)
        Buckets: 131072 (originally 131072)  Batches: 32 (originally 16)  Memory Usage: 3609kB
        ->  Hash Join  (cost=83810.17..205444.50 rows=928591 width=8) (actual time=1446.661..4823.333 rows=2058139 loops=1)
              Hash Cond: (mk.movie_id = t.id)
              ->  Seq Scan on movie_keyword mk  (cost=0.00..81003.12 rows=2377143 width=4) (actual time=0.034..1571.796 rows=2377585 loops=1)
                    Filter: (keyword_id < 5443)
                    Rows Removed by Filter: 2146345
              ->  Hash  (cost=67604.59..67604.59 rows=987727 width=4) (actual time=1445.603..1445.603 rows=985048 loops=1)
                    Buckets: 131072  Batches: 16  Memory Usage: 3197kB
                    ->  Seq Scan on title t  (cost=0.00..67604.59 rows=987727 width=4) (actual time=0.029..1132.417 rows=985048 loops=1)
                          Filter: (kind_id < 7)
                          Rows Removed by Filter: 1543264
Planning time: 4.671 ms
Execution time: 56987.108 ms
