Hash Join  (cost=87162.74..122361.16 rows=148348 width=0) (actual time=1438.949..2414.502 rows=292734 loops=1)
  Hash Cond: (mi_idx.movie_id = t.id)
  ->  Seq Scan on movie_info_idx mi_idx  (cost=0.00..25185.44 rows=464934 width=4) (actual time=0.025..470.931 rows=460185 loops=1)
        Filter: (info_type_id > 100)
        Rows Removed by Filter: 919850
  ->  Hash  (cost=73925.90..73925.90 rows=806787 width=4) (actual time=1437.981..1437.981 rows=843018 loops=1)
        Buckets: 131072  Batches: 16  Memory Usage: 2879kB
        ->  Seq Scan on title t  (cost=0.00..73925.90 rows=806787 width=4) (actual time=0.017..1172.089 rows=843018 loops=1)
              Filter: ((kind_id < 7) AND (production_year < 2011))
              Rows Removed by Filter: 1685294
Planning time: 0.720 ms
Execution time: 2448.902 ms
