Hash Join  (cost=73950.44..825020.84 rows=28123 width=0) (actual time=1064.270..18574.345 rows=97101 loops=1)
  Hash Cond: (ci.movie_id = t.id)
  ->  Seq Scan on cast_info ci  (cost=0.00..614943.12 rows=36225612 width=4) (actual time=0.016..9443.611 rows=36244344 loops=1)
  ->  Hash  (cost=73925.90..73925.90 rows=1963 width=4) (actual time=1063.362..1063.362 rows=5190 loops=1)
        Buckets: 8192 (originally 2048)  Batches: 1 (originally 1)  Memory Usage: 247kB
        ->  Seq Scan on title t  (cost=0.00..73925.90 rows=1963 width=4) (actual time=67.096..1061.040 rows=5190 loops=1)
              Filter: ((kind_id = 1) AND (production_year = 1992))
              Rows Removed by Filter: 2523122
Planning time: 2.857 ms
Execution time: 18594.564 ms
