Hash Join  (cost=102689.68..527331.59 rows=2512710 width=0) (actual time=2740.789..10410.088 rows=1439292 loops=1)
  Hash Cond: (mi.movie_id = t.id)
  ->  Seq Scan on movie_info mi  (cost=0.00..346232.03 rows=3623957 width=4) (actual time=566.090..5631.396 rows=3624977 loops=1)
        Filter: (info_type_id < 4)
        Rows Removed by Filter: 11210743
  ->  Hash  (cost=73925.90..73925.90 rows=1753182 width=4) (actual time=2173.744..2173.744 rows=1799905 loops=1)
        Buckets: 131072  Batches: 32  Memory Usage: 3013kB
        ->  Seq Scan on title t  (cost=0.00..73925.90 rows=1753182 width=4) (actual time=0.032..1552.663 rows=1799905 loops=1)
              Filter: ((kind_id > 1) AND (production_year > 1917))
              Rows Removed by Filter: 728407
Planning time: 0.753 ms
Execution time: 10593.431 ms
