Seq Scan on movie_keyword mk  (cost=0.00..81003.12 rows=246 width=0) (actual time=0.118..1352.520 rows=1490 loops=1)
  Filter: (keyword_id = 132)
  Rows Removed by Filter: 4522440
Planning time: 0.374 ms
Execution time: 1353.095 ms
