Seq Scan on movie_keyword mk  (cost=0.00..81003.12 rows=2857815 width=0) (actual time=0.026..1567.619 rows=2845283 loops=1)
  Filter: (keyword_id > 2584)
  Rows Removed by Filter: 1678647
Planning time: 0.345 ms
Execution time: 1931.789 ms
