Seq Scan on title t  (cost=0.00..73925.90 rows=1638623 width=0) (actual time=0.013..1263.110 rows=1629839 loops=1)
  Filter: ((kind_id > 1) AND (production_year < 2012))
  Rows Removed by Filter: 898473
Planning time: 0.349 ms
Execution time: 1465.377 ms
