Hash Join  (cost=178149.75..727487.73 rows=6516506 width=0) (actual time=4335.604..21903.708 rows=16524664 loops=1)
  Hash Cond: (mi.movie_id = t.id)
  ->  Seq Scan on movie_info mi  (cost=0.00..309384.22 rows=14739122 width=4) (actual time=0.018..6014.373 rows=14835720 loops=1)
  ->  Hash  (cost=159808.75..159808.75 rows=1117920 width=8) (actual time=4334.839..4334.839 rows=1133996 loops=1)
        Buckets: 131072  Batches: 16  Memory Usage: 3814kB
        ->  Hash Join  (cost=101210.02..159808.75 rows=1117920 width=8) (actual time=2196.019..3995.762 rows=1133996 loops=1)
              Hash Cond: (mi_idx.movie_id = t.id)
              ->  Seq Scan on movie_info_idx mi_idx  (cost=0.00..21735.35 rows=1380035 width=4) (actual time=0.012..463.851 rows=1380035 loops=1)
              ->  Hash  (cost=67604.59..67604.59 rows=2048275 width=4) (actual time=2194.969..2194.969 rows=2046723 loops=1)
                    Buckets: 131072  Batches: 32  Memory Usage: 3276kB
                    ->  Seq Scan on title t  (cost=0.00..67604.59 rows=2048275 width=4) (actual time=0.011..1528.701 rows=2046723 loops=1)
                          Filter: (production_year > 1972)
                          Rows Removed by Filter: 481589
Planning time: 1.073 ms
Execution time: 23684.006 ms
