Hash Join  (cost=70308.29..206545.88 rows=291251 width=0) (actual time=1193.298..4346.726 rows=105767 loops=1)
  Hash Cond: (mk.movie_id = t.id)
  ->  Seq Scan on movie_keyword mk  (cost=0.00..81003.12 rows=4469322 width=4) (actual time=0.012..1708.779 rows=4472984 loops=1)
        Filter: (keyword_id < 99107)
        Rows Removed by Filter: 50946
  ->  Hash  (cost=67604.59..67604.59 rows=164776 width=4) (actual time=1191.881..1191.881 rows=164307 loops=1)
        Buckets: 131072  Batches: 4  Memory Usage: 2488kB
        ->  Seq Scan on title t  (cost=0.00..67604.59 rows=164776 width=4) (actual time=0.023..1131.972 rows=164307 loops=1)
              Filter: (production_year = 2012)
              Rows Removed by Filter: 2364005
Planning time: 0.816 ms
Execution time: 4356.472 ms
