Hash Join  (cost=79366.51..1161968.64 rows=4750297 width=0) (actual time=1338.739..34838.548 rows=6004566 loops=1)
  Hash Cond: (ci.movie_id = t.id)
  ->  Seq Scan on cast_info ci  (cost=0.00..614943.12 rows=36225612 width=4) (actual time=0.026..13841.259 rows=36244344 loops=1)
  ->  Hash  (cost=73925.90..73925.90 rows=331568 width=4) (actual time=1337.781..1337.781 rows=445194 loops=1)
        Buckets: 131072  Batches: 8  Memory Usage: 2992kB
        ->  Seq Scan on title t  (cost=0.00..73925.90 rows=331568 width=4) (actual time=0.019..1198.256 rows=445194 loops=1)
              Filter: ((kind_id < 7) AND (production_year < 1996))
              Rows Removed by Filter: 2083118
Planning time: 0.835 ms
Execution time: 35538.976 ms
