Seq Scan on cast_info ci  (cost=0.00..796071.18 rows=176 width=0) (actual time=2772.402..13669.265 rows=98 loops=1)
  Filter: ((role_id < 2) AND (person_id = 494998))
  Rows Removed by Filter: 36244246
Planning time: 0.359 ms
Execution time: 13669.408 ms
