Seq Scan on cast_info ci  (cost=0.00..796071.18 rows=5863516 width=0) (actual time=5208.826..15085.658 rows=7451973 loops=1)
  Filter: ((person_id < 2949098) AND (role_id = 2))
  Rows Removed by Filter: 28792371
Planning time: 0.411 ms
Execution time: 16030.343 ms
