Hash Join  (cost=82117.83..115549.81 rows=91804 width=0) (actual time=1297.428..2060.346 rows=52331 loops=1)
  Hash Cond: (mi_idx.movie_id = t.id)
  ->  Seq Scan on movie_info_idx mi_idx  (cost=0.00..25185.44 rows=464934 width=4) (actual time=0.017..507.044 rows=460185 loops=1)
        Filter: (info_type_id > 100)
        Rows Removed by Filter: 919850
  ->  Hash  (cost=73925.90..73925.90 rows=499274 width=4) (actual time=1296.457..1296.457 rows=361662 loops=1)
        Buckets: 131072  Batches: 8  Memory Usage: 2602kB
        ->  Seq Scan on title t  (cost=0.00..73925.90 rows=499274 width=4) (actual time=0.030..1184.782 rows=361662 loops=1)
              Filter: ((kind_id > 2) AND (production_year < 1991))
              Rows Removed by Filter: 2166650
Planning time: 0.572 ms
Execution time: 2066.952 ms
