Seq Scan on movie_keyword mk  (cost=0.00..81003.12 rows=1429991 width=0) (actual time=0.019..1504.236 rows=1443048 loops=1)
  Filter: (keyword_id > 11575)
  Rows Removed by Filter: 3080882
Planning time: 0.337 ms
Execution time: 1685.365 ms
