Hash Join  (cost=131141.74..497049.30 rows=125163 width=0) (actual time=2277.232..10498.168 rows=1434456 loops=1)
  Hash Cond: (mi.movie_id = t.id)
  ->  Seq Scan on movie_info mi  (cost=0.00..309384.22 rows=14739122 width=4) (actual time=0.012..4491.822 rows=14835720 loops=1)
  ->  Hash  (cost=130873.34..130873.34 rows=21472 width=8) (actual time=2276.936..2276.936 rows=22057 loops=1)
        Buckets: 32768  Batches: 1  Memory Usage: 1118kB
        ->  Hash Join  (cost=74456.32..130873.34 rows=21472 width=8) (actual time=1165.039..2268.636 rows=22057 loops=1)
              Hash Cond: (mc.movie_id = t.id)
              ->  Seq Scan on movie_companies mc  (cost=0.00..51404.11 rows=1279517 width=4) (actual time=0.012..816.980 rows=1274246 loops=1)
                    Filter: (company_type_id = 1)
                    Rows Removed by Filter: 1334883
              ->  Hash  (cost=73925.90..73925.90 rows=42433 width=4) (actual time=1164.610..1164.610 rows=37411 loops=1)
                    Buckets: 65536  Batches: 1  Memory Usage: 1828kB
                    ->  Seq Scan on title t  (cost=0.00..73925.90 rows=42433 width=4) (actual time=233.350..1149.193 rows=37411 loops=1)
                          Filter: ((kind_id = 1) AND (production_year = 2011))
                          Rows Removed by Filter: 2490901
Planning time: 1.250 ms
Execution time: 10687.099 ms
