Hash Join  (cost=102767.86..181025.48 rows=434381 width=0) (actual time=1892.952..3815.652 rows=624665 loops=1)
  Hash Cond: (mc.movie_id = t.id)
  ->  Seq Scan on movie_companies mc  (cost=0.00..57926.93 rows=434381 width=4) (actual time=55.134..1076.027 rows=624665 loops=1)
        Filter: ((company_id < 2640) AND (company_type_id < 2))
        Rows Removed by Filter: 1984464
  ->  Hash  (cost=61283.27..61283.27 rows=2528527 width=4) (actual time=1836.632..1836.632 rows=2528312 loops=1)
        Buckets: 131072  Batches: 64  Memory Usage: 2415kB
        ->  Seq Scan on title t  (cost=0.00..61283.27 rows=2528527 width=4) (actual time=0.030..1006.700 rows=2528312 loops=1)
Planning time: 0.746 ms
Execution time: 3888.709 ms
