Hash Join  (cost=92883.59..947195.99 rows=1683154 width=0) (actual time=8397.044..19987.999 rows=2575833 loops=1)
  Hash Cond: (ci.movie_id = t.id)
  ->  Seq Scan on cast_info ci  (cost=0.00..796071.18 rows=2762136 width=4) (actual time=6571.162..15081.294 rows=3816964 loops=1)
        Filter: ((person_id > 1286545) AND (role_id = 10))
        Rows Removed by Filter: 32427380
  ->  Hash  (cost=67604.59..67604.59 rows=1540800 width=4) (actual time=1824.334..1824.334 rows=1543264 loops=1)
        Buckets: 131072  Batches: 32  Memory Usage: 2722kB
        ->  Seq Scan on title t  (cost=0.00..67604.59 rows=1540800 width=4) (actual time=0.033..1350.858 rows=1543264 loops=1)
              Filter: (kind_id = 7)
              Rows Removed by Filter: 985048
Planning time: 0.816 ms
Execution time: 20286.309 ms
