Hash Join  (cost=107928.35..235065.90 rows=1575916 width=0) (actual time=2367.058..5538.430 rows=1622144 loops=1)
  Hash Cond: (mk.movie_id = t.id)
  ->  Seq Scan on movie_keyword mk  (cost=0.00..81003.12 rows=1621252 width=4) (actual time=0.026..1711.451 rows=1630946 loops=1)
        Filter: (keyword_id > 9120)
        Rows Removed by Filter: 2892984
  ->  Hash  (cost=67604.59..67604.59 rows=2457821 width=4) (actual time=2366.224..2366.224 rows=2456218 loops=1)
        Buckets: 131072  Batches: 64  Memory Usage: 2385kB
        ->  Seq Scan on title t  (cost=0.00..67604.59 rows=2457821 width=4) (actual time=0.026..1527.605 rows=2456218 loops=1)
              Filter: (production_year > 0)
              Rows Removed by Filter: 72094
Planning time: 0.818 ms
Execution time: 5706.043 ms
