Hash Join  (cost=209439.83..606555.18 rows=1165360 width=0) (actual time=4724.478..12647.146 rows=5857420 loops=1)
  Hash Cond: (mi.movie_id = t.id)
  ->  Seq Scan on movie_info mi  (cost=0.00..346232.03 rows=3068194 width=4) (actual time=350.257..5450.448 rows=3036719 loops=1)
        Filter: (info_type_id = 16)
        Rows Removed by Filter: 11799001
  ->  Hash  (cost=193683.03..193683.03 rows=960384 width=8) (actual time=4351.074..4351.074 rows=813876 loops=1)
        Buckets: 131072  Batches: 16  Memory Usage: 3057kB
        ->  Hash Join  (cost=102767.86..193683.03 rows=960384 width=8) (actual time=2195.823..4108.610 rows=813876 loops=1)
              Hash Cond: (mc.movie_id = t.id)
              ->  Seq Scan on movie_companies mc  (cost=0.00..57926.93 rows=960384 width=4) (actual time=257.426..1070.555 rows=813876 loops=1)
                    Filter: ((company_id > 846) AND (company_type_id = 1))
                    Rows Removed by Filter: 1795253
              ->  Hash  (cost=61283.27..61283.27 rows=2528527 width=4) (actual time=1937.298..1937.298 rows=2528312 loops=1)
                    Buckets: 131072  Batches: 64  Memory Usage: 2415kB
                    ->  Seq Scan on title t  (cost=0.00..61283.27 rows=2528527 width=4) (actual time=0.019..1116.356 rows=2528312 loops=1)
Planning time: 2.296 ms
Execution time: 13307.904 ms
