Seq Scan on movie_keyword mk  (cost=0.00..81003.12 rows=2645971 width=0) (actual time=0.021..1416.350 rows=2633936 loops=1)
  Filter: (keyword_id > 3234)
  Rows Removed by Filter: 1889994
Planning time: 0.343 ms
Execution time: 1734.807 ms
