Hash Join  (cost=101666.76..156521.01 rows=18872 width=0) (actual time=1942.248..3224.103 rows=94997 loops=1)
  Hash Cond: (mc.movie_id = t.id)
  ->  Seq Scan on movie_companies mc  (cost=0.00..44881.29 rows=2609129 width=4) (actual time=0.013..769.535 rows=2609129 loops=1)
  ->  Hash  (cost=101438.15..101438.15 rows=18289 width=8) (actual time=1847.401..1847.401 rows=24604 loops=1)
        Buckets: 32768  Batches: 1  Memory Usage: 1218kB
        ->  Hash Join  (cost=74344.78..101438.15 rows=18289 width=8) (actual time=1450.422..1839.200 rows=24604 loops=1)
              Hash Cond: (mi_idx.movie_id = t.id)
              ->  Seq Scan on movie_info_idx mi_idx  (cost=0.00..21735.35 rows=1380035 width=4) (actual time=0.023..321.372 rows=1380035 loops=1)
              ->  Hash  (cost=73925.90..73925.90 rows=33510 width=4) (actual time=1216.852..1216.852 rows=22107 loops=1)
                    Buckets: 65536  Batches: 1  Memory Usage: 1290kB
                    ->  Seq Scan on title t  (cost=0.00..73925.90 rows=33510 width=4) (actual time=203.178..1207.634 rows=22107 loops=1)
                          Filter: ((kind_id = 1) AND (production_year = 2008))
                          Rows Removed by Filter: 2506205
Planning time: 7.323 ms
Execution time: 3236.569 ms
