Seq Scan on movie_keyword mk  (cost=0.00..81003.12 rows=3630265 width=0) (actual time=0.036..1560.819 rows=3622528 loops=1)
  Filter: (keyword_id > 851)
  Rows Removed by Filter: 901402
Planning time: 2.221 ms
Execution time: 2020.085 ms
