Hash Join  (cost=160420.75..525743.88 rows=66722 width=0) (actual time=2882.058..10186.397 rows=24327 loops=1)
  Hash Cond: (mi.movie_id = t.id)
  ->  Seq Scan on movie_info mi  (cost=0.00..309384.22 rows=14739122 width=4) (actual time=0.023..4487.141 rows=14835720 loops=1)
  ->  Hash  (cost=160277.67..160277.67 rows=11446 width=8) (actual time=2881.745..2881.745 rows=1981 loops=1)
        Buckets: 16384  Batches: 1  Memory Usage: 206kB
        ->  Hash Join  (cost=75867.62..160277.67 rows=11446 width=8) (actual time=1325.376..2880.602 rows=1981 loops=1)
              Hash Cond: (mk.movie_id = t.id)
              ->  Seq Scan on movie_keyword mk  (cost=0.00..81003.12 rows=244659 width=4) (actual time=0.031..1466.650 rows=243281 loops=1)
                    Filter: (keyword_id > 61400)
                    Rows Removed by Filter: 4280649
              ->  Hash  (cost=73925.90..73925.90 rows=118297 width=4) (actual time=1315.626..1315.626 rows=122606 loops=1)
                    Buckets: 131072  Batches: 2  Memory Usage: 3185kB
                    ->  Seq Scan on title t  (cost=0.00..73925.90 rows=118297 width=4) (actual time=0.021..1266.887 rows=122606 loops=1)
                          Filter: ((kind_id > 1) AND (production_year = 2011))
                          Rows Removed by Filter: 2405706
Planning time: 1.179 ms
Execution time: 10190.744 ms
