Hash Join  (cost=83891.93..1207094.89 rows=8702679 width=0) (actual time=1421.231..35233.924 rows=9992342 loops=1)
  Hash Cond: (ci.movie_id = t.id)
  ->  Seq Scan on cast_info ci  (cost=0.00..614943.12 rows=36225612 width=4) (actual time=0.009..13152.549 rows=36244344 loops=1)
  ->  Hash  (cost=73925.90..73925.90 rows=607442 width=4) (actual time=1420.326..1420.326 rows=675690 loops=1)
        Buckets: 131072  Batches: 8  Memory Usage: 4012kB
        ->  Seq Scan on title t  (cost=0.00..73925.90 rows=607442 width=4) (actual time=0.021..1205.855 rows=675690 loops=1)
              Filter: ((kind_id < 7) AND (production_year < 2007))
              Rows Removed by Filter: 1852622
Planning time: 0.760 ms
Execution time: 36416.310 ms
