Seq Scan on movie_keyword mk  (cost=0.00..81003.12 rows=2793101 width=0) (actual time=0.025..1508.466 rows=2782237 loops=1)
  Filter: (keyword_id < 8061)
  Rows Removed by Filter: 1741693
Planning time: 0.345 ms
Execution time: 1857.277 ms
