Seq Scan on movie_keyword mk  (cost=0.00..81003.12 rows=4675 width=0) (actual time=0.133..1339.658 rows=4400 loops=1)
  Filter: (keyword_id = 7637)
  Rows Removed by Filter: 4519530
Planning time: 0.390 ms
Execution time: 1340.796 ms
