Hash Join  (cost=106021.40..167365.98 rows=1278005 width=0) (actual time=2205.053..4021.508 rows=1346250 loops=1)
  Hash Cond: (mi_idx.movie_id = t.id)
  ->  Seq Scan on movie_info_idx mi_idx  (cost=0.00..21735.35 rows=1380035 width=4) (actual time=0.028..507.214 rows=1380035 loops=1)
  ->  Hash  (cost=67604.59..67604.59 rows=2341585 width=4) (actual time=2204.227..2204.227 rows=2333286 loops=1)
        Buckets: 131072  Batches: 32  Memory Usage: 3591kB
        ->  Seq Scan on title t  (cost=0.00..67604.59 rows=2341585 width=4) (actual time=0.023..1453.014 rows=2333286 loops=1)
              Filter: (production_year > 1932)
              Rows Removed by Filter: 195026
Planning time: 0.795 ms
Execution time: 4162.384 ms
