Hash Join  (cost=67697.55..154488.65 rows=13306 width=0) (actual time=854.859..2675.157 rows=20063 loops=1)
  Hash Cond: (mk.movie_id = t.id)
  ->  Seq Scan on movie_keyword mk  (cost=0.00..69693.30 rows=4523930 width=4) (actual time=0.011..997.722 rows=4523930 loops=1)
  ->  Hash  (cost=67604.59..67604.59 rows=7437 width=4) (actual time=853.648..853.648 rows=11416 loops=1)
        Buckets: 16384 (originally 8192)  Batches: 1 (originally 1)  Memory Usage: 530kB
        ->  Seq Scan on title t  (cost=0.00..67604.59 rows=7437 width=4) (actual time=0.066..848.744 rows=11416 loops=1)
              Filter: (production_year = 1964)
              Rows Removed by Filter: 2516896
Planning time: 0.754 ms
Execution time: 2678.212 ms
