Seq Scan on movie_companies mc  (cost=0.00..51404.11 rows=2431294 width=0) (actual time=0.017..1020.145 rows=2428527 loops=1)
  Filter: (company_id > 34)
  Rows Removed by Filter: 180602
Planning time: 0.254 ms
Execution time: 1316.709 ms
