Hash Join  (cost=172077.28..977769.41 rows=93914 width=0) (actual time=10455.791..16371.677 rows=464629 loops=1)
  Hash Cond: (ci.movie_id = t.id)
  ->  Seq Scan on cast_info ci  (cost=0.00..796071.18 rows=621816 width=4) (actual time=6533.384..12124.751 rows=198042 loops=1)
        Filter: ((person_id < 494670) AND (role_id = 10))
        Rows Removed by Filter: 36046302
  ->  Hash  (cost=165811.67..165811.67 rows=381889 width=8) (actual time=3921.259..3921.259 rows=619541 loops=1)
        Buckets: 131072  Batches: 8  Memory Usage: 4021kB
        ->  Hash Join  (cost=86519.03..165811.67 rows=381889 width=8) (actual time=1531.668..3753.622 rows=619541 loops=1)
              Hash Cond: (mc.movie_id = t.id)
              ->  Seq Scan on movie_companies mc  (cost=0.00..57926.93 rows=1258083 width=4) (actual time=0.033..1372.235 rows=1274246 loops=1)
                    Filter: ((company_id < 197203) AND (company_type_id = 1))
                    Rows Removed by Filter: 1334883
              ->  Hash  (cost=73925.90..73925.90 rows=767530 width=4) (actual time=1530.975..1530.975 rows=677132 loops=1)
                    Buckets: 131072  Batches: 16  Memory Usage: 2512kB
                    ->  Seq Scan on title t  (cost=0.00..73925.90 rows=767530 width=4) (actual time=0.017..1311.499 rows=677132 loops=1)
                          Filter: ((kind_id < 7) AND (production_year > 1978))
                          Rows Removed by Filter: 1851180
Planning time: 1.419 ms
Execution time: 16432.162 ms
