Nested Loop  (cost=0.43..83071.67 rows=246 width=0) (actual time=19.986..1295.908 rows=697 loops=1)
  ->  Seq Scan on movie_keyword mk  (cost=0.00..81003.12 rows=246 width=4) (actual time=19.914..1269.790 rows=697 loops=1)
        Filter: (keyword_id = 890)
        Rows Removed by Filter: 4523233
  ->  Index Only Scan using title_pkey on title t  (cost=0.43..8.40 rows=1 width=4) (actual time=0.035..0.036 rows=1 loops=697)
        Index Cond: (id = mk.movie_id)
        Heap Fetches: 697
Planning time: 0.547 ms
Execution time: 1296.223 ms
