Hash Join  (cost=74124.68..128954.29 rows=16409 width=0) (actual time=1104.936..2392.241 rows=27286 loops=1)
  Hash Cond: (mc.movie_id = t.id)
  ->  Seq Scan on movie_companies mc  (cost=0.00..44881.29 rows=2609129 width=4) (actual time=0.015..678.065 rows=2609129 loops=1)
  ->  Hash  (cost=73925.90..73925.90 rows=15902 width=4) (actual time=1104.798..1104.798 rows=12969 loops=1)
        Buckets: 16384  Batches: 1  Memory Usage: 584kB
        ->  Seq Scan on title t  (cost=0.00..73925.90 rows=15902 width=4) (actual time=0.062..1098.905 rows=12969 loops=1)
              Filter: ((kind_id < 7) AND (production_year = 1997))
              Rows Removed by Filter: 2515343
Planning time: 0.588 ms
Execution time: 2396.706 ms
