Seq Scan on movie_keyword mk  (cost=0.00..81003.12 rows=246 width=0) (actual time=30.376..1283.183 rows=160 loops=1)
  Filter: (keyword_id = 299)
  Rows Removed by Filter: 4523770
Planning time: 0.388 ms
Execution time: 1283.388 ms
