Nested Loop  (cost=0.43..799702.19 rows=435 width=0) (actual time=2918.301..14318.810 rows=1 loops=1)
  ->  Seq Scan on cast_info ci  (cost=0.00..796071.18 rows=435 width=4) (actual time=2918.215..14318.719 rows=1 loops=1)
        Filter: ((role_id < 10) AND (person_id = 2651772))
        Rows Removed by Filter: 36244343
  ->  Index Only Scan using title_pkey on title t  (cost=0.43..8.34 rows=1 width=4) (actual time=0.067..0.067 rows=1 loops=1)
        Index Cond: (id = ci.movie_id)
        Heap Fetches: 1
Planning time: 0.726 ms
Execution time: 14318.889 ms
