Seq Scan on title t  (cost=0.00..73925.90 rows=54228 width=0) (actual time=506.228..1063.250 rows=39342 loops=1)
  Filter: ((production_year < 2003) AND (kind_id = 4))
  Rows Removed by Filter: 2488970
Planning time: 0.407 ms
Execution time: 1068.989 ms
