Seq Scan on title t  (cost=0.00..73925.90 rows=17497 width=0) (actual time=528.221..1136.488 rows=15533 loops=1)
  Filter: ((production_year < 1974) AND (kind_id = 3))
  Rows Removed by Filter: 2512779
Planning time: 0.395 ms
Execution time: 1139.256 ms
