Hash Join  (cost=52284.99..144720.70 rows=125 width=0) (actual time=803.989..2645.077 rows=116 loops=1)
  Hash Cond: (mk.movie_id = t.id)
  ->  Seq Scan on movie_keyword mk  (cost=0.00..81003.12 rows=3048356 width=4) (actual time=0.016..1462.766 rows=3031717 loops=1)
        Filter: (keyword_id > 2130)
        Rows Removed by Filter: 1492213
  ->  Hash  (cost=52283.69..52283.69 rows=104 width=8) (actual time=773.142..773.142 rows=62 loops=1)
        Buckets: 1024  Batches: 1  Memory Usage: 11kB
        ->  Nested Loop  (cost=0.43..52283.69 rows=104 width=8) (actual time=25.924..773.072 rows=62 loops=1)
              ->  Seq Scan on movie_companies mc  (cost=0.00..51404.11 rows=104 width=4) (actual time=25.723..769.833 rows=62 loops=1)
                    Filter: (company_id = 24008)
                    Rows Removed by Filter: 2609067
              ->  Index Only Scan using title_pkey on title t  (cost=0.43..8.45 rows=1 width=4) (actual time=0.048..0.048 rows=1 loops=62)
                    Index Cond: (id = mc.movie_id)
                    Heap Fetches: 62
Planning time: 1.184 ms
Execution time: 2645.220 ms
