Seq Scan on title t  (cost=0.00..67604.59 rows=160730 width=0) (actual time=0.020..1017.835 rows=160017 loops=1)
  Filter: (production_year = 2011)
  Rows Removed by Filter: 2368295
Planning time: 0.372 ms
Execution time: 1040.777 ms
