Hash Join  (cost=428357.83..483172.66 rows=14931 width=0) (actual time=6515.218..7649.932 rows=1012479 loops=1)
  Hash Cond: (mc.movie_id = t.id)
  ->  Seq Scan on movie_companies mc  (cost=0.00..44881.29 rows=2609129 width=4) (actual time=0.022..466.061 rows=2609129 loops=1)
  ->  Hash  (cost=428176.97..428176.97 rows=14469 width=8) (actual time=6515.045..6515.045 rows=49959 loops=1)
        Buckets: 65536 (originally 16384)  Batches: 1 (originally 1)  Memory Usage: 2464kB
        ->  Hash Join  (cost=78556.72..428176.97 rows=14469 width=8) (actual time=1729.981..6500.340 rows=49959 loops=1)
              Hash Cond: (mi.movie_id = t.id)
              ->  Seq Scan on movie_info mi  (cost=0.00..346232.03 rows=54808 width=4) (actual time=443.234..5104.558 rows=50267 loops=1)
                    Filter: (info_type_id > 107)
                    Rows Removed by Filter: 14785453
              ->  Hash  (cost=67604.59..67604.59 rows=667531 width=4) (actual time=1251.602..1251.602 rows=662825 loops=1)
                    Buckets: 131072  Batches: 16  Memory Usage: 2485kB
                    ->  Seq Scan on title t  (cost=0.00..67604.59 rows=667531 width=4) (actual time=0.033..1037.738 rows=662825 loops=1)
                          Filter: (kind_id = 1)
                          Rows Removed by Filter: 1865487
Planning time: 1.473 ms
Execution time: 7739.020 ms
