Hash Join  (cost=235020.43..840691.42 rows=10069316 width=0) (actual time=5944.886..31026.326 rows=46223741 loops=1)
  Hash Cond: (mi.movie_id = t.id)
  ->  Seq Scan on movie_info mi  (cost=0.00..309384.22 rows=14739122 width=4) (actual time=0.012..6348.264 rows=14835720 loops=1)
  ->  Hash  (cost=206679.78..206679.78 rows=1727412 width=8) (actual time=5944.129..5944.129 rows=1552464 loops=1)
        Buckets: 131072  Batches: 32  Memory Usage: 2973kB
        ->  Hash Join  (cost=104196.70..206679.78 rows=1727412 width=8) (actual time=2370.949..5401.783 rows=1552464 loops=1)
              Hash Cond: (mc.movie_id = t.id)
              ->  Seq Scan on movie_companies mc  (cost=0.00..51404.11 rows=1958369 width=4) (actual time=0.032..1032.003 rows=1966899 loops=1)
                    Filter: (company_id > 846)
                    Rows Removed by Filter: 642230
              ->  Hash  (cost=67604.59..67604.59 rows=2230329 width=4) (actual time=2370.064..2370.064 rows=2225335 loops=1)
                    Buckets: 131072  Batches: 32  Memory Usage: 3472kB
                    ->  Seq Scan on title t  (cost=0.00..67604.59 rows=2230329 width=4) (actual time=0.006..1528.064 rows=2225335 loops=1)
                          Filter: (production_year > 1958)
                          Rows Removed by Filter: 302977
Planning time: 1.220 ms
Execution time: 36313.699 ms
