Nested Loop  (cost=0.43..709671.90 rows=500 width=0) (actual time=3971.059..11526.015 rows=233 loops=1)
  ->  Seq Scan on cast_info ci  (cost=0.00..705507.15 rows=500 width=4) (actual time=3970.949..9001.663 rows=233 loops=1)
        Filter: (person_id = 369062)
        Rows Removed by Filter: 36244111
  ->  Index Only Scan using title_pkey on title t  (cost=0.43..8.32 rows=1 width=4) (actual time=10.833..10.833 rows=1 loops=233)
        Index Cond: (id = ci.movie_id)
        Heap Fetches: 233
Planning time: 0.833 ms
Execution time: 11526.143 ms
