Hash Join  (cost=83074.74..433651.07 rows=113 width=0) (actual time=1599.987..7135.429 rows=16292 loops=1)
  Hash Cond: (mi.movie_id = t.id)
  ->  Seq Scan on movie_info mi  (cost=0.00..346232.03 rows=1158179 width=4) (actual time=269.768..5659.703 rows=1204709 loops=1)
        Filter: (info_type_id > 18)
        Rows Removed by Filter: 13631011
  ->  Hash  (cost=83071.67..83071.67 rows=246 width=8) (actual time=1275.222..1275.222 rows=1999 loops=1)
        Buckets: 2048 (originally 1024)  Batches: 1 (originally 1)  Memory Usage: 95kB
        ->  Nested Loop  (cost=0.43..83071.67 rows=246 width=8) (actual time=0.916..1273.438 rows=1999 loops=1)
              ->  Seq Scan on movie_keyword mk  (cost=0.00..81003.12 rows=246 width=4) (actual time=0.843..1196.954 rows=1999 loops=1)
                    Filter: (keyword_id = 2551)
                    Rows Removed by Filter: 4521931
              ->  Index Only Scan using title_pkey on title t  (cost=0.43..8.40 rows=1 width=4) (actual time=0.037..0.037 rows=1 loops=1999)
                    Index Cond: (id = mk.movie_id)
                    Heap Fetches: 1999
Planning time: 1.206 ms
Execution time: 7138.035 ms
