Hash Join  (cost=484978.45..571424.95 rows=826698 width=0) (actual time=8559.216..10369.634 rows=469284 loops=1)
  Hash Cond: (mc.movie_id = t.id)
  ->  Seq Scan on movie_companies mc  (cost=0.00..44881.29 rows=2609129 width=4) (actual time=0.027..868.237 rows=2609129 loops=1)
  ->  Hash  (cost=471833.96..471833.96 rows=801159 width=8) (actual time=8273.777..8273.777 rows=198478 loops=1)
        Buckets: 131072  Batches: 16  Memory Usage: 1509kB
        ->  Hash Join  (cost=92280.96..471833.96 rows=801159 width=8) (actual time=2228.236..8223.142 rows=198478 loops=1)
              Hash Cond: (mi.movie_id = t.id)
              ->  Seq Scan on movie_info mi  (cost=0.00..346232.03 rows=1810770 width=4) (actual time=368.595..5428.821 rows=1865632 loops=1)
                    Filter: (info_type_id > 17)
                    Rows Removed by Filter: 12970088
              ->  Hash  (cost=73925.90..73925.90 rows=1118724 width=4) (actual time=1754.038..1754.038 rows=1213086 loops=1)
                    Buckets: 131072  Batches: 16  Memory Usage: 3707kB
                    ->  Seq Scan on title t  (cost=0.00..73925.90 rows=1118724 width=4) (actual time=0.038..1356.105 rows=1213086 loops=1)
                          Filter: ((production_year > 1986) AND (kind_id = 7))
                          Rows Removed by Filter: 1315226
Planning time: 1.226 ms
Execution time: 10414.688 ms
