Seq Scan on movie_companies mc  (cost=0.00..57926.93 rows=666119 width=0) (actual time=127.817..898.370 rows=425432 loops=1)
  Filter: ((company_id < 11280) AND (company_type_id > 1))
  Rows Removed by Filter: 2183697
Planning time: 0.335 ms
Execution time: 949.241 ms
