Hash Join  (cost=77793.68..572262.33 rows=1374172 width=0) (actual time=1160.116..12937.633 rows=661300 loops=1)
  Hash Cond: (mi.movie_id = t.id)
  ->  Seq Scan on movie_info mi  (cost=0.00..309384.22 rows=14739122 width=4) (actual time=0.020..5688.563 rows=14835720 loops=1)
  ->  Hash  (cost=73925.90..73925.90 rows=235742 width=4) (actual time=1154.605..1154.605 rows=129555 loops=1)
        Buckets: 131072  Batches: 4  Memory Usage: 2166kB
        ->  Seq Scan on title t  (cost=0.00..73925.90 rows=235742 width=4) (actual time=334.909..1107.139 rows=129555 loops=1)
              Filter: ((production_year < 1971) AND (kind_id = 7))
              Rows Removed by Filter: 2398757
Planning time: 0.777 ms
Execution time: 13020.687 ms
