Hash Join  (cost=83891.93..613048.65 rows=3106001 width=0) (actual time=1476.399..17246.840 rows=6651949 loops=1)
  Hash Cond: (mi.movie_id = t.id)
  ->  Seq Scan on movie_info mi  (cost=0.00..346232.03 rows=12928982 width=4) (actual time=0.021..7284.585 rows=12970088 loops=1)
        Filter: (info_type_id < 18)
        Rows Removed by Filter: 1865632
  ->  Hash  (cost=73925.90..73925.90 rows=607442 width=4) (actual time=1475.561..1475.561 rows=675690 loops=1)
        Buckets: 131072  Batches: 8  Memory Usage: 4021kB
        ->  Seq Scan on title t  (cost=0.00..73925.90 rows=607442 width=4) (actual time=0.011..1256.000 rows=675690 loops=1)
              Filter: ((kind_id < 7) AND (production_year < 2007))
              Rows Removed by Filter: 1852622
Planning time: 0.592 ms
Execution time: 17980.898 ms
