Hash Join  (cost=78550.50..829352.42 rows=1275 width=0) (actual time=982.020..16642.913 rows=782 loops=1)
  Hash Cond: (ci.movie_id = t.id)
  ->  Seq Scan on cast_info ci  (cost=0.00..614943.12 rows=36225612 width=4) (actual time=0.013..8808.648 rows=36244344 loops=1)
  ->  Hash  (cost=78549.39..78549.39 rows=89 width=8) (actual time=980.932..980.932 rows=27 loops=1)
        Buckets: 1024  Batches: 1  Memory Usage: 10kB
        ->  Nested Loop  (cost=0.43..78549.39 rows=89 width=8) (actual time=0.759..980.889 rows=27 loops=1)
              ->  Seq Scan on movie_companies mc  (cost=0.00..51404.11 rows=3566 width=4) (actual time=0.040..862.398 rows=3982 loops=1)
                    Filter: (company_id = 312)
                    Rows Removed by Filter: 2605147
              ->  Index Scan using title_pkey on title t  (cost=0.43..7.60 rows=1 width=4) (actual time=0.029..0.029 rows=0 loops=3982)
                    Index Cond: (id = mc.movie_id)
                    Filter: ((kind_id < 7) AND (production_year = 2011))
                    Rows Removed by Filter: 1
Planning time: 1.220 ms
Execution time: 16643.707 ms
