Seq Scan on movie_companies mc  (cost=0.00..57926.93 rows=1261606 width=0) (actual time=300.700..1201.588 rows=1274246 loops=1)
  Filter: ((company_id < 203132) AND (company_type_id = 1))
  Rows Removed by Filter: 1334883
Planning time: 0.408 ms
Execution time: 1361.917 ms
