Hash Join  (cost=451641.57..576316.44 rows=219383 width=0) (actual time=8000.042..10157.199 rows=55402 loops=1)
  Hash Cond: (mk.movie_id = t.id)
  ->  Seq Scan on movie_keyword mk  (cost=0.00..69693.30 rows=4523930 width=4) (actual time=0.021..1237.020 rows=4523930 loops=1)
  ->  Hash  (cost=449629.85..449629.85 rows=122618 width=8) (actual time=7632.079..7632.079 rows=21447 loops=1)
        Buckets: 131072  Batches: 2  Memory Usage: 1448kB
        ->  Hash Join  (cost=76243.83..449629.85 rows=122618 width=8) (actual time=1362.478..7622.458 rows=21447 loops=1)
              Hash Cond: (mi.movie_id = t.id)
              ->  Seq Scan on movie_info mi  (cost=0.00..346232.03 rows=2194617 width=4) (actual time=220.462..5670.148 rows=2233850 loops=1)
                    Filter: (info_type_id > 16)
                    Rows Removed by Filter: 12601870
              ->  Hash  (cost=73925.90..73925.90 rows=141274 width=4) (actual time=1129.512..1129.512 rows=150659 loops=1)
                    Buckets: 131072  Batches: 2  Memory Usage: 3679kB
                    ->  Seq Scan on title t  (cost=0.00..73925.90 rows=141274 width=4) (actual time=121.939..1074.627 rows=150659 loops=1)
                          Filter: ((production_year > 2011) AND (kind_id = 7))
                          Rows Removed by Filter: 2377653
Planning time: 1.223 ms
Execution time: 10164.187 ms
