Hash Join  (cost=880053.25..967969.84 rows=125856 width=0) (actual time=17072.718..19844.862 rows=1373153 loops=1)
  Hash Cond: (mk.movie_id = t.id)
  ->  Seq Scan on movie_keyword mk  (cost=0.00..69693.30 rows=4523930 width=4) (actual time=0.013..994.715 rows=4523930 loops=1)
  ->  Hash  (cost=879173.95..879173.95 rows=70344 width=8) (actual time=17070.865..17070.865 rows=141249 loops=1)
        Buckets: 131072 (originally 131072)  Batches: 2 (originally 1)  Memory Usage: 3813kB
        ->  Hash Join  (cost=68191.41..879173.95 rows=70344 width=8) (actual time=5732.754..16700.962 rows=141249 loops=1)
              Hash Cond: (ci.movie_id = t.id)
              ->  Seq Scan on cast_info ci  (cost=0.00..796071.18 rows=3788777 width=4) (actual time=4670.149..13177.745 rows=8449245 loops=1)
                    Filter: ((person_id > 2840675) AND (role_id > 2))
                    Rows Removed by Filter: 27795099
              ->  Hash  (cost=67604.59..67604.59 rows=46946 width=4) (actual time=1062.077..1062.077 rows=46583 loops=1)
                    Buckets: 65536  Batches: 1  Memory Usage: 2150kB
                    ->  Seq Scan on title t  (cost=0.00..67604.59 rows=46946 width=4) (actual time=0.034..1042.672 rows=46583 loops=1)
                          Filter: (production_year = 1998)
                          Rows Removed by Filter: 2481729
Planning time: 0.793 ms
Execution time: 20013.696 ms
