Seq Scan on movie_keyword mk  (cost=0.00..81003.12 rows=2135193 width=0) (actual time=0.025..1511.479 rows=2136601 loops=1)
  Filter: (keyword_id > 5526)
  Rows Removed by Filter: 2387329
Planning time: 0.332 ms
Execution time: 1782.002 ms
