Seq Scan on movie_companies mc  (cost=0.00..57926.93 rows=174334 width=0) (actual time=220.128..818.039 rows=345349 loops=1)
  Filter: ((company_id > 88756) AND (company_type_id = 2))
  Rows Removed by Filter: 2263780
Planning time: 0.382 ms
Execution time: 858.193 ms
