Hash Join  (cost=75533.21..1123751.58 rows=1403221 width=0) (actual time=1101.336..29107.111 rows=1663910 loops=1)
  Hash Cond: (ci.movie_id = t.id)
  ->  Seq Scan on cast_info ci  (cost=0.00..614943.12 rows=36225612 width=4) (actual time=0.023..12753.679 rows=36244344 loops=1)
  ->  Hash  (cost=73925.90..73925.90 rows=97944 width=4) (actual time=1099.986..1099.986 rows=106247 loops=1)
        Buckets: 131072  Batches: 2  Memory Usage: 2890kB
        ->  Seq Scan on title t  (cost=0.00..73925.90 rows=97944 width=4) (actual time=0.023..1059.788 rows=106247 loops=1)
              Filter: ((kind_id = 7) AND (production_year = 2011))
              Rows Removed by Filter: 2422065
Planning time: 0.822 ms
Execution time: 29324.917 ms
