Hash Join  (cost=160526.42..282463.41 rows=841014 width=0) (actual time=4770.917..6142.432 rows=674439 loops=1)
  Hash Cond: (mk.movie_id = t.id)
  ->  Seq Scan on movie_keyword mk  (cost=0.00..81003.12 rows=2528728 width=4) (actual time=0.027..1658.635 rows=2521326 loops=1)
        Filter: (keyword_id > 3546)
        Rows Removed by Filter: 2002604
  ->  Hash  (cost=146729.58..146729.58 rows=840947 width=8) (actual time=3164.677..3164.677 rows=425718 loops=1)
        Buckets: 131072  Batches: 16  Memory Usage: 2068kB
        ->  Hash Join  (cost=92883.59..146729.58 rows=840947 width=8) (actual time=2028.072..3045.287 rows=425718 loops=1)
              Hash Cond: (mi_idx.movie_id = t.id)
              ->  Seq Scan on movie_info_idx mi_idx  (cost=0.00..21735.35 rows=1380035 width=4) (actual time=0.019..423.215 rows=1380035 loops=1)
              ->  Hash  (cost=67604.59..67604.59 rows=1540800 width=4) (actual time=1622.995..1622.995 rows=1543264 loops=1)
                    Buckets: 131072  Batches: 32  Memory Usage: 2722kB
                    ->  Seq Scan on title t  (cost=0.00..67604.59 rows=1540800 width=4) (actual time=0.013..1115.529 rows=1543264 loops=1)
                          Filter: (kind_id = 7)
                          Rows Removed by Filter: 985048
Planning time: 1.168 ms
Execution time: 6222.099 ms
