Hash Join  (cost=167068.47..1274432.96 rows=7160832 width=0) (actual time=3963.788..48421.044 rows=37059001 loops=1)
  Hash Cond: (ci.movie_id = t.id)
  ->  Seq Scan on cast_info ci  (cost=0.00..614943.12 rows=36225612 width=4) (actual time=0.011..12829.683 rows=36244344 loops=1)
  ->  Hash  (cost=158867.70..158867.70 rows=499822 width=8) (actual time=3962.792..3962.792 rows=957407 loops=1)
        Buckets: 131072 (originally 131072)  Batches: 16 (originally 8)  Memory Usage: 3354kB
        ->  Hash Join  (cost=83810.17..158867.70 rows=499822 width=8) (actual time=1499.601..3675.429 rows=957407 loops=1)
              Hash Cond: (mc.movie_id = t.id)
              ->  Seq Scan on movie_companies mc  (cost=0.00..51404.11 rows=1279517 width=4) (actual time=0.028..1070.451 rows=1274246 loops=1)
                    Filter: (company_type_id = 1)
                    Rows Removed by Filter: 1334883
              ->  Hash  (cost=67604.59..67604.59 rows=987727 width=4) (actual time=1497.990..1497.990 rows=985048 loops=1)
                    Buckets: 131072  Batches: 16  Memory Usage: 3188kB
                    ->  Seq Scan on title t  (cost=0.00..67604.59 rows=987727 width=4) (actual time=0.021..1179.388 rows=985048 loops=1)
                          Filter: (kind_id < 7)
                          Rows Removed by Filter: 1543264
Planning time: 1.232 ms
Execution time: 52552.861 ms
