Hash Join  (cost=87301.44..154866.54 rows=140686 width=0) (actual time=1986.962..3208.350 rows=148275 loops=1)
  Hash Cond: (mc.movie_id = t.id)
  ->  Seq Scan on movie_companies mc  (cost=0.00..57926.93 rows=436347 width=4) (actual time=331.698..982.905 rows=762120 loops=1)
        Filter: ((company_id > 24076) AND (company_type_id > 1))
        Rows Removed by Filter: 1847009
  ->  Hash  (cost=73925.90..73925.90 rows=815243 width=4) (actual time=1654.355..1654.355 rows=876186 loops=1)
        Buckets: 131072  Batches: 16  Memory Usage: 2955kB
        ->  Seq Scan on title t  (cost=0.00..73925.90 rows=815243 width=4) (actual time=0.042..1367.331 rows=876186 loops=1)
              Filter: ((kind_id > 1) AND (production_year > 2004))
              Rows Removed by Filter: 1652126
Planning time: 7.561 ms
Execution time: 3226.440 ms
