Seq Scan on movie_keyword mk  (cost=0.00..81003.12 rows=246 width=12) (actual time=0.182..1433.693 rows=4200 loops=1)
  Filter: (keyword_id = 1002)
  Rows Removed by Filter: 4519730
Planning time: 0.394 ms
Execution time: 1434.097 ms
