Hash Join  (cost=74478.21..161926.76 rows=79052 width=0) (actual time=1101.334..3043.445 rows=154392 loops=1)
  Hash Cond: (mk.movie_id = t.id)
  ->  Seq Scan on movie_keyword mk  (cost=0.00..69693.30 rows=4523930 width=4) (actual time=0.025..1029.848 rows=4523930 loops=1)
  ->  Hash  (cost=73925.90..73925.90 rows=44184 width=4) (actual time=1098.947..1098.947 rows=35489 loops=1)
        Buckets: 65536  Batches: 1  Memory Usage: 1760kB
        ->  Seq Scan on title t  (cost=0.00..73925.90 rows=44184 width=4) (actual time=1.308..1084.808 rows=35489 loops=1)
              Filter: ((kind_id < 7) AND (production_year = 2007))
              Rows Removed by Filter: 2492823
Planning time: 0.866 ms
Execution time: 3064.058 ms
