Seq Scan on movie_companies mc  (cost=0.00..51404.11 rows=2451409 width=0) (actual time=0.016..849.044 rows=2452870 loops=1)
  Filter: (company_id < 129401)
  Rows Removed by Filter: 156259
Planning time: 0.333 ms
Execution time: 1115.960 ms
