Hash Join  (cost=115307.01..631848.27 rows=866514 width=0) (actual time=2407.400..16461.760 rows=2868505 loops=1)
  Hash Cond: (mi.movie_id = t.id)
  ->  Seq Scan on movie_info mi  (cost=0.00..346232.03 rows=13926693 width=4) (actual time=0.016..7459.799 rows=13963496 loops=1)
        Filter: (info_type_id < 98)
        Rows Removed by Filter: 872224
  ->  Hash  (cost=112725.46..112725.46 rows=157324 width=8) (actual time=2400.537..2400.537 rows=161776 loops=1)
        Buckets: 131072  Batches: 4  Memory Usage: 2610kB
        ->  Hash Join  (cost=72333.74..112725.46 rows=157324 width=8) (actual time=1236.678..2345.170 rows=161776 loops=1)
              Hash Cond: (mi_idx.movie_id = t.id)
              ->  Seq Scan on movie_info_idx mi_idx  (cost=0.00..21735.35 rows=1380035 width=4) (actual time=0.020..421.326 rows=1380035 loops=1)
              ->  Hash  (cost=67604.59..67604.59 rows=288252 width=4) (actual time=1236.008..1236.008 rows=285055 loops=1)
                    Buckets: 131072  Batches: 4  Memory Usage: 3527kB
                    ->  Seq Scan on title t  (cost=0.00..67604.59 rows=288252 width=4) (actual time=0.049..1129.570 rows=285055 loops=1)
                          Filter: (production_year < 1964)
                          Rows Removed by Filter: 2243257
Planning time: 0.902 ms
Execution time: 16809.901 ms
