Seq Scan on movie_companies mc  (cost=0.00..57926.93 rows=1241 width=0) (actual time=262.503..808.085 rows=1809 loops=1)
  Filter: ((company_id = 708) AND (company_type_id = 2))
  Rows Removed by Filter: 2607320
Planning time: 0.376 ms
Execution time: 808.533 ms
