Hash Join  (cost=92883.59..252900.18 rows=2352645 width=0) (actual time=1722.367..5980.832 rows=537315 loops=1)
  Hash Cond: (mk.movie_id = t.id)
  ->  Seq Scan on movie_keyword mk  (cost=0.00..81003.12 rows=3860803 width=4) (actual time=0.022..1820.058 rows=3854480 loops=1)
        Filter: (keyword_id < 27991)
        Rows Removed by Filter: 669450
  ->  Hash  (cost=67604.59..67604.59 rows=1540800 width=4) (actual time=1721.249..1721.249 rows=1543264 loops=1)
        Buckets: 131072  Batches: 32  Memory Usage: 2728kB
        ->  Seq Scan on title t  (cost=0.00..67604.59 rows=1540800 width=4) (actual time=0.024..1213.573 rows=1543264 loops=1)
              Filter: (kind_id = 7)
              Rows Removed by Filter: 985048
Planning time: 0.857 ms
Execution time: 6046.017 ms
