Hash Join  (cost=73962.22..133062.38 rows=2351 width=0) (actual time=1080.786..2390.904 rows=11754 loops=1)
  Hash Cond: (mc.movie_id = t.id)
  ->  Seq Scan on movie_companies mc  (cost=0.00..51404.11 rows=2046010 width=4) (actual time=0.778..1037.496 rows=2047451 loops=1)
        Filter: (company_id > 595)
        Rows Removed by Filter: 561678
  ->  Hash  (cost=73925.90..73925.90 rows=2905 width=4) (actual time=985.773..985.773 rows=5945 loops=1)
        Buckets: 8192 (originally 4096)  Batches: 1 (originally 1)  Memory Usage: 274kB
        ->  Seq Scan on title t  (cost=0.00..73925.90 rows=2905 width=4) (actual time=347.674..983.087 rows=5945 loops=1)
              Filter: ((kind_id < 7) AND (production_year = 1911))
              Rows Removed by Filter: 2522367
Planning time: 0.836 ms
Execution time: 2392.991 ms
