Hash Join  (cost=73962.22..171366.67 rows=5010 width=0) (actual time=1296.863..3452.379 rows=2631 loops=1)
  Hash Cond: (mk.movie_id = t.id)
  ->  Seq Scan on movie_keyword mk  (cost=0.00..81003.12 rows=4360326 width=4) (actual time=0.020..1630.355 rows=4346368 loops=1)
        Filter: (keyword_id > 121)
        Rows Removed by Filter: 177562
  ->  Hash  (cost=73925.90..73925.90 rows=2905 width=4) (actual time=1148.072..1148.072 rows=8125 loops=1)
        Buckets: 8192 (originally 4096)  Batches: 1 (originally 1)  Memory Usage: 350kB
        ->  Seq Scan on title t  (cost=0.00..73925.90 rows=2905 width=4) (actual time=28.216..1144.392 rows=8125 loops=1)
              Filter: ((kind_id < 7) AND (production_year = 1914))
              Rows Removed by Filter: 2520187
Planning time: 0.795 ms
Execution time: 3453.084 ms
