Hash Join  (cost=102767.86..245247.40 rows=2144272 width=0) (actual time=2167.495..5621.299 rows=2141525 loops=1)
  Hash Cond: (mk.movie_id = t.id)
  ->  Seq Scan on movie_keyword mk  (cost=0.00..81003.12 rows=2144272 width=4) (actual time=0.017..1518.226 rows=2141525 loops=1)
        Filter: (keyword_id > 5461)
        Rows Removed by Filter: 2382405
  ->  Hash  (cost=61283.27..61283.27 rows=2528527 width=4) (actual time=2164.943..2164.943 rows=2528312 loops=1)
        Buckets: 131072  Batches: 64  Memory Usage: 2425kB
        ->  Seq Scan on title t  (cost=0.00..61283.27 rows=2528527 width=4) (actual time=0.018..1060.252 rows=2528312 loops=1)
Planning time: 0.741 ms
Execution time: 5871.326 ms
