Hash Join  (cost=176458.06..1224122.75 rows=1349347 width=0) (actual time=3354.095..28678.278 rows=136161 loops=1)
  Hash Cond: (ci.movie_id = t.id)
  ->  Seq Scan on cast_info ci  (cost=0.00..614943.12 rows=36225612 width=4) (actual time=0.021..13391.585 rows=36244344 loops=1)
  ->  Hash  (cost=174912.76..174912.76 rows=94184 width=8) (actual time=3352.481..3352.481 rows=10625 loops=1)
        Buckets: 131072  Batches: 2  Memory Usage: 1232kB
        ->  Hash Join  (cost=76857.10..174912.76 rows=94184 width=8) (actual time=1277.322..3348.485 rows=10625 loops=1)
              Hash Cond: (mk.movie_id = t.id)
              ->  Seq Scan on movie_keyword mk  (cost=0.00..81003.12 rows=1332985 width=4) (actual time=0.029..1610.042 rows=1347207 loops=1)
                    Filter: (keyword_id > 12648)
                    Rows Removed by Filter: 3176723
              ->  Hash  (cost=73925.90..73925.90 rows=178656 width=4) (actual time=1257.546..1257.546 rows=52230 loops=1)
                    Buckets: 131072  Batches: 4  Memory Usage: 1492kB
                    ->  Seq Scan on title t  (cost=0.00..73925.90 rows=178656 width=4) (actual time=0.024..1236.527 rows=52230 loops=1)
                          Filter: ((kind_id > 1) AND (production_year < 1960))
                          Rows Removed by Filter: 2476082
Planning time: 2.069 ms
Execution time: 28699.022 ms
