Seq Scan on movie_keyword mk  (cost=0.00..81003.12 rows=246 width=0) (actual time=1.889..1258.727 rows=2495 loops=1)
  Filter: (keyword_id = 3337)
  Rows Removed by Filter: 4521435
Planning time: 0.383 ms
Execution time: 1259.449 ms
