Hash Join  (cost=190230.21..348534.53 rows=2305886 width=0) (actual time=4650.787..10972.787 rows=9734294 loops=1)
  Hash Cond: (mk.movie_id = t.id)
  ->  Seq Scan on movie_keyword mk  (cost=0.00..81003.12 rows=4224889 width=4) (actual time=0.022..1873.987 rows=4206711 loops=1)
        Filter: (keyword_id > 249)
        Rows Removed by Filter: 317219
  ->  Hash  (cost=167588.78..167588.78 rows=1380035 width=8) (actual time=4649.447..4649.447 rows=1380035 loops=1)
        Buckets: 131072  Batches: 32  Memory Usage: 2726kB
        ->  Hash Join  (cost=102767.86..167588.78 rows=1380035 width=8) (actual time=2237.114..4229.347 rows=1380035 loops=1)
              Hash Cond: (mi_idx.movie_id = t.id)
              ->  Seq Scan on movie_info_idx mi_idx  (cost=0.00..21735.35 rows=1380035 width=4) (actual time=0.024..478.292 rows=1380035 loops=1)
              ->  Hash  (cost=61283.27..61283.27 rows=2528527 width=4) (actual time=2236.003..2236.003 rows=2528312 loops=1)
                    Buckets: 131072  Batches: 64  Memory Usage: 2415kB
                    ->  Seq Scan on title t  (cost=0.00..61283.27 rows=2528527 width=4) (actual time=0.017..1134.193 rows=2528312 loops=1)
Planning time: 1.181 ms
Execution time: 12136.515 ms
