Hash Join  (cost=83810.17..151626.45 rows=152264 width=0) (actual time=1802.080..3340.852 rows=523596 loops=1)
  Hash Cond: (mc.movie_id = t.id)
  ->  Seq Scan on movie_companies mc  (cost=0.00..57926.93 rows=389787 width=4) (actual time=335.700..1182.578 rows=710234 loops=1)
        Filter: ((company_id > 33938) AND (company_type_id = 2))
        Rows Removed by Filter: 1898895
  ->  Hash  (cost=67604.59..67604.59 rows=987727 width=4) (actual time=1465.502..1465.502 rows=985048 loops=1)
        Buckets: 131072  Batches: 16  Memory Usage: 3188kB
        ->  Seq Scan on title t  (cost=0.00..67604.59 rows=987727 width=4) (actual time=0.041..1145.493 rows=985048 loops=1)
              Filter: (kind_id < 7)
              Rows Removed by Filter: 1543264
Planning time: 0.785 ms
Execution time: 3404.218 ms
