Seq Scan on movie_keyword mk  (cost=0.00..81003.12 rows=20374 width=0) (actual time=0.032..1291.337 rows=17066 loops=1)
  Filter: (keyword_id > 119529)
  Rows Removed by Filter: 4506864
Planning time: 0.323 ms
Execution time: 1294.262 ms
