Hash Join  (cost=113471.29..482057.05 rows=392983 width=0) (actual time=1993.527..10491.782 rows=341188 loops=1)
  Hash Cond: (mi.movie_id = t.id)
  ->  Seq Scan on movie_info mi  (cost=0.00..309384.22 rows=14739122 width=4) (actual time=0.019..4657.067 rows=14835720 loops=1)
  ->  Hash  (cost=112628.58..112628.58 rows=67417 width=8) (actual time=1992.746..1992.746 rows=30770 loops=1)
        Buckets: 131072  Batches: 1  Memory Usage: 2226kB
        ->  Hash Join  (cost=79993.30..112628.58 rows=67417 width=8) (actual time=1415.080..1980.076 rows=30770 loops=1)
              Hash Cond: (mi_idx.movie_id = t.id)
              ->  Seq Scan on movie_info_idx mi_idx  (cost=0.00..25185.44 rows=460978 width=4) (actual time=0.034..482.075 rows=459925 loops=1)
                    Filter: (info_type_id = 99)
                    Rows Removed by Filter: 920110
              ->  Hash  (cost=73925.90..73925.90 rows=369792 width=4) (actual time=1237.751..1237.751 rows=253766 loops=1)
                    Buckets: 131072  Batches: 8  Memory Usage: 2127kB
                    ->  Seq Scan on title t  (cost=0.00..73925.90 rows=369792 width=4) (actual time=0.012..1149.692 rows=253766 loops=1)
                          Filter: ((production_year < 1986) AND (kind_id = 7))
                          Rows Removed by Filter: 2274546
Planning time: 1.153 ms
Execution time: 10535.767 ms
