Seq Scan on movie_keyword mk  (cost=0.00..81003.12 rows=246 width=0) (actual time=3.283..1212.291 rows=281 loops=1)
  Filter: (keyword_id = 2689)
  Rows Removed by Filter: 4523649
Planning time: 0.322 ms
Execution time: 1212.543 ms
