Nested Loop  (cost=58762.75..420388.08 rows=474 width=0) (actual time=2177.516..6157.074 rows=31 loops=1)
  ->  Hash Join  (cost=58762.32..412866.29 rows=2450 width=8) (actual time=2177.361..6152.982 rows=31 loops=1)
        Hash Cond: (mi.movie_id = mc.movie_id)
        ->  Seq Scan on movie_info mi  (cost=0.00..346232.03 rows=17937 width=4) (actual time=1356.304..5330.647 rows=6482 loops=1)
              Filter: (info_type_id = 54)
              Rows Removed by Filter: 14829238
        ->  Hash  (cost=57926.93..57926.93 rows=66831 width=4) (actual time=819.995..819.995 rows=23541 loops=1)
              Buckets: 131072  Batches: 1  Memory Usage: 1852kB
              ->  Seq Scan on movie_companies mc  (cost=0.00..57926.93 rows=66831 width=4) (actual time=414.346..809.447 rows=23541 loops=1)
                    Filter: ((company_id < 27) AND (company_type_id = 2))
                    Rows Removed by Filter: 2585588
  ->  Index Only Scan using title_pkey on title t  (cost=0.43..3.06 rows=1 width=4) (actual time=0.129..0.129 rows=1 loops=31)
        Index Cond: (id = mc.movie_id)
        Heap Fetches: 31
Planning time: 1.189 ms
Execution time: 6157.422 ms
