Seq Scan on cast_info ci  (cost=0.00..705507.15 rows=5361032 width=0) (actual time=0.029..11230.940 rows=5271598 loops=1)
  Filter: (person_id < 509853)
  Rows Removed by Filter: 30972746
Planning time: 3.221 ms
Execution time: 11881.869 ms
