Hash Join  (cost=831370.67..1346528.65 rows=3313105 width=0) (actual time=13697.563..26366.563 rows=1941360 loops=1)
  Hash Cond: (mi.movie_id = t.id)
  ->  Seq Scan on movie_info mi  (cost=0.00..309384.22 rows=14739122 width=4) (actual time=0.012..5422.128 rows=14835720 loops=1)
  ->  Hash  (cost=822045.05..822045.05 rows=568370 width=8) (actual time=13673.911..13673.911 rows=458879 loops=1)
        Buckets: 131072  Batches: 8  Memory Usage: 3261kB
        ->  Hash Join  (cost=92883.59..822045.05 rows=568370 width=8) (actual time=1874.689..13537.806 rows=458879 loops=1)
              Hash Cond: (ci.movie_id = t.id)
              ->  Seq Scan on cast_info ci  (cost=0.00..705507.15 rows=932722 width=4) (actual time=109.305..10734.624 rows=810478 loops=1)
                    Filter: (person_id < 85411)
                    Rows Removed by Filter: 35433866
              ->  Hash  (cost=67604.59..67604.59 rows=1540800 width=4) (actual time=1764.088..1764.088 rows=1543264 loops=1)
                    Buckets: 131072  Batches: 32  Memory Usage: 2722kB
                    ->  Seq Scan on title t  (cost=0.00..67604.59 rows=1540800 width=4) (actual time=0.021..1259.422 rows=1543264 loops=1)
                          Filter: (kind_id = 7)
                          Rows Removed by Filter: 985048
Planning time: 2.321 ms
Execution time: 26586.934 ms
