Hash Join  (cost=547692.12..1470411.08 rows=4768351 width=0) (actual time=12117.704..37919.918 rows=34183578 loops=1)
  Hash Cond: (ci.movie_id = t.id)
  ->  Seq Scan on cast_info ci  (cost=0.00..796071.18 rows=5493854 width=4) (actual time=1410.763..13492.047 rows=8446369 loops=1)
        Filter: ((person_id > 2840932) AND (role_id > 1))
        Rows Removed by Filter: 27797975
  ->  Hash  (cost=511686.41..511686.41 rows=2194617 width=8) (actual time=10705.617..10705.617 rows=2233850 loops=1)
        Buckets: 131072  Batches: 32  Memory Usage: 3598kB
        ->  Hash Join  (cost=102767.86..511686.41 rows=2194617 width=8) (actual time=2264.139..10092.397 rows=2233850 loops=1)
              Hash Cond: (mi.movie_id = t.id)
              ->  Seq Scan on movie_info mi  (cost=0.00..346232.03 rows=2194617 width=4) (actual time=233.092..5881.546 rows=2233850 loops=1)
                    Filter: (info_type_id > 16)
                    Rows Removed by Filter: 12601870
              ->  Hash  (cost=61283.27..61283.27 rows=2528527 width=4) (actual time=2030.159..2030.159 rows=2528312 loops=1)
                    Buckets: 131072  Batches: 64  Memory Usage: 2425kB
                    ->  Seq Scan on title t  (cost=0.00..61283.27 rows=2528527 width=4) (actual time=0.022..1144.046 rows=2528312 loops=1)
Planning time: 2.486 ms
Execution time: 41704.514 ms
