Seq Scan on movie_keyword mk  (cost=0.00..81003.12 rows=3502919 width=0) (actual time=0.021..1680.443 rows=3495574 loops=1)
  Filter: (keyword_id > 1002)
  Rows Removed by Filter: 1028356
Planning time: 0.327 ms
Execution time: 2114.479 ms
