Seq Scan on movie_companies mc  (cost=0.00..57926.93 rows=364976 width=0) (actual time=278.609..919.006 rows=520065 loops=1)
  Filter: ((company_id < 1451) AND (company_type_id < 2))
  Rows Removed by Filter: 2089064
Planning time: 0.353 ms
Execution time: 986.189 ms
