Hash Join  (cost=950240.34..1664676.35 rows=18536027 width=0) (actual time=19210.563..39659.783 rows=24691066 loops=1)
  Hash Cond: (mi.movie_id = t.id)
  ->  Seq Scan on movie_info mi  (cost=0.00..309384.22 rows=14739122 width=4) (actual time=0.026..6176.483 rows=14835720 loops=1)
  ->  Hash  (cost=898069.67..898069.67 rows=3179894 width=8) (actual time=19208.762..19208.762 rows=3336932 loops=1)
        Buckets: 131072  Batches: 64  Memory Usage: 3039kB
        ->  Hash Join  (cost=98137.04..898069.67 rows=3179894 width=8) (actual time=9372.083..18274.464 rows=3336932 loops=1)
              Hash Cond: (ci.movie_id = t.id)
              ->  Seq Scan on cast_info ci  (cost=0.00..705507.15 rows=4320508 width=4) (actual time=7238.511..12712.449 rows=4323018 loops=1)
                    Filter: (role_id = 10)
                    Rows Removed by Filter: 31921326
              ->  Hash  (cost=67604.59..67604.59 rows=1860996 width=4) (actual time=2132.167..2132.167 rows=1865487 loops=1)
                    Buckets: 131072  Batches: 32  Memory Usage: 3079kB
                    ->  Seq Scan on title t  (cost=0.00..67604.59 rows=1860996 width=4) (actual time=0.028..1309.165 rows=1865487 loops=1)
                          Filter: (kind_id > 1)
                          Rows Removed by Filter: 662825
Planning time: 1.149 ms
Execution time: 42374.650 ms
