Hash Join  (cost=102767.86..260699.71 rows=2786506 width=0) (actual time=1930.621..5886.828 rows=2776753 loops=1)
  Hash Cond: (mk.movie_id = t.id)
  ->  Seq Scan on movie_keyword mk  (cost=0.00..81003.12 rows=2786506 width=4) (actual time=0.025..1635.232 rows=2776753 loops=1)
        Filter: (keyword_id < 7990)
        Rows Removed by Filter: 1747177
  ->  Hash  (cost=61283.27..61283.27 rows=2528527 width=4) (actual time=1929.712..1929.712 rows=2528312 loops=1)
        Buckets: 131072  Batches: 64  Memory Usage: 2425kB
        ->  Seq Scan on title t  (cost=0.00..61283.27 rows=2528527 width=4) (actual time=0.010..1093.511 rows=2528312 loops=1)
Planning time: 0.757 ms
Execution time: 6185.942 ms
