Seq Scan on movie_keyword mk  (cost=0.00..81003.12 rows=3312452 width=0) (actual time=0.019..1559.740 rows=3309950 loops=1)
  Filter: (keyword_id > 1528)
  Rows Removed by Filter: 1213980
Planning time: 0.243 ms
Execution time: 1992.888 ms
