Seq Scan on movie_keyword mk  (cost=0.00..81003.12 rows=1400054 width=0) (actual time=0.024..1376.068 rows=1414400 loops=1)
  Filter: (keyword_id > 11815)
  Rows Removed by Filter: 3109530
Planning time: 0.358 ms
Execution time: 1549.208 ms
