Hash Join  (cost=454654.69..1275938.15 rows=210622 width=0) (actual time=15321.573..21808.312 rows=157924 loops=1)
  Hash Cond: (ci.movie_id = t.id)
  ->  Seq Scan on cast_info ci  (cost=0.00..796071.18 rows=1903749 width=4) (actual time=7356.382..12279.664 rows=3861778 loops=1)
        Filter: ((person_id < 515841) AND (role_id < 2))
        Rows Removed by Filter: 32382566
  ->  Hash  (cost=450064.89..450064.89 rows=279744 width=8) (actual time=7964.301..7964.301 rows=67205 loops=1)
        Buckets: 131072  Batches: 4  Memory Usage: 1679kB
        ->  Hash Join  (cost=88257.79..450064.89 rows=279744 width=8) (actual time=3919.767..7942.826 rows=67205 loops=1)
              Hash Cond: (mi.movie_id = t.id)
              ->  Seq Scan on movie_info mi  (cost=0.00..346232.03 rows=809768 width=4) (actual time=2200.609..5672.205 rows=802140 loops=1)
                    Filter: (info_type_id < 2)
                    Rows Removed by Filter: 14033580
              ->  Hash  (cost=73925.90..73925.90 rows=873511 width=4) (actual time=1718.048..1718.048 rows=957299 loops=1)
                    Buckets: 131072  Batches: 16  Memory Usage: 3140kB
                    ->  Seq Scan on title t  (cost=0.00..73925.90 rows=873511 width=4) (actual time=0.025..1403.267 rows=957299 loops=1)
                          Filter: ((production_year > 1999) AND (kind_id = 7))
                          Rows Removed by Filter: 1571013
Planning time: 2.849 ms
Execution time: 21829.364 ms
