Hash Join  (cost=133375.20..498977.14 rows=94601 width=0) (actual time=2462.689..11427.997 rows=655517 loops=1)
  Hash Cond: (mi.movie_id = t.id)
  ->  Seq Scan on movie_info mi  (cost=0.00..309384.22 rows=14739122 width=4) (actual time=0.029..4432.007 rows=14835720 loops=1)
  ->  Hash  (cost=133172.34..133172.34 rows=16229 width=8) (actual time=2462.527..2462.527 rows=65139 loops=1)
        Buckets: 65536 (originally 16384)  Batches: 1 (originally 1)  Memory Usage: 3057kB
        ->  Hash Join  (cost=75203.83..133172.34 rows=16229 width=8) (actual time=1301.724..2439.753 rows=65139 loops=1)
              Hash Cond: (mc.movie_id = t.id)
              ->  Seq Scan on movie_companies mc  (cost=0.00..51404.11 rows=527229 width=4) (actual time=0.027..904.751 rows=527932 loops=1)
                    Filter: (company_id < 488)
                    Rows Removed by Filter: 2081197
              ->  Hash  (cost=73925.90..73925.90 rows=77834 width=4) (actual time=1301.051..1301.051 rows=88893 loops=1)
                    Buckets: 131072  Batches: 2  Memory Usage: 2591kB
                    ->  Seq Scan on title t  (cost=0.00..73925.90 rows=77834 width=4) (actual time=301.838..1269.546 rows=88893 loops=1)
                          Filter: ((production_year < 2010) AND (kind_id = 3))
                          Rows Removed by Filter: 2439419
Planning time: 1.901 ms
Execution time: 11517.575 ms
