Seq Scan on cast_info ci  (cost=0.00..705507.15 rows=674804 width=0) (actual time=3000.435..10902.791 rows=569435 loops=1)
  Filter: (person_id < 61447)
  Rows Removed by Filter: 35674909
Planning time: 0.432 ms
Execution time: 10972.455 ms
