Hash Join  (cost=102767.86..1302044.43 rows=16346055 width=0) (actual time=2552.024..31195.674 rows=12551684 loops=1)
  Hash Cond: (ci.movie_id = t.id)
  ->  Seq Scan on cast_info ci  (cost=0.00..796071.18 rows=16346055 width=4) (actual time=0.014..16938.392 rows=12551684 loops=1)
        Filter: ((person_id < 2601898) AND (role_id > 1))
        Rows Removed by Filter: 23692660
  ->  Hash  (cost=61283.27..61283.27 rows=2528527 width=4) (actual time=2550.872..2550.872 rows=2528312 loops=1)
        Buckets: 131072  Batches: 64  Memory Usage: 2415kB
        ->  Seq Scan on title t  (cost=0.00..61283.27 rows=2528527 width=4) (actual time=0.030..1041.077 rows=2528312 loops=1)
Planning time: 0.814 ms
Execution time: 32617.564 ms
