Hash Join  (cost=144959.02..1255883.29 rows=7507412 width=0) (actual time=3324.619..41293.953 rows=25762059 loops=1)
  Hash Cond: (ci.movie_id = t.id)
  ->  Seq Scan on cast_info ci  (cost=0.00..614943.12 rows=36225612 width=4) (actual time=0.023..13584.638 rows=36244344 loops=1)
  ->  Hash  (cost=136361.85..136361.85 rows=524013 width=8) (actual time=3323.648..3323.648 rows=954287 loops=1)
        Buckets: 131072 (originally 131072)  Batches: 16 (originally 8)  Memory Usage: 3354kB
        ->  Hash Join  (cost=89678.24..136361.85 rows=524013 width=8) (actual time=1566.878..3048.687 rows=954287 loops=1)
              Hash Cond: (mi_idx.movie_id = t.id)
              ->  Seq Scan on movie_info_idx mi_idx  (cost=0.00..21735.35 rows=1380035 width=4) (actual time=0.022..446.325 rows=1380035 loops=1)
              ->  Hash  (cost=73925.90..73925.90 rows=960107 width=4) (actual time=1565.275..1565.275 rows=977778 loops=1)
                    Buckets: 131072  Batches: 16  Memory Usage: 3172kB
                    ->  Seq Scan on title t  (cost=0.00..73925.90 rows=960107 width=4) (actual time=0.022..1273.862 rows=977778 loops=1)
                          Filter: ((kind_id < 7) AND (production_year > 0))
                          Rows Removed by Filter: 1550534
Planning time: 1.300 ms
Execution time: 44189.014 ms
