Hash Join  (cost=73994.33..825567.74 rows=78425 width=0) (actual time=1162.164..18774.291 rows=114863 loops=1)
  Hash Cond: (ci.movie_id = t.id)
  ->  Seq Scan on cast_info ci  (cost=0.00..614943.12 rows=36225612 width=4) (actual time=0.008..9130.579 rows=36244344 loops=1)
  ->  Hash  (cost=73925.90..73925.90 rows=5474 width=4) (actual time=1160.553..1160.553 rows=10548 loops=1)
        Buckets: 16384 (originally 8192)  Batches: 1 (originally 1)  Memory Usage: 499kB
        ->  Seq Scan on title t  (cost=0.00..73925.90 rows=5474 width=4) (actual time=0.241..1155.567 rows=10548 loops=1)
              Filter: ((kind_id > 1) AND (production_year = 1967))
              Rows Removed by Filter: 2517764
Planning time: 0.799 ms
Execution time: 18793.701 ms
