Hash Join  (cost=263115.61..1508000.93 rows=22396456 width=0) (actual time=6043.645..51259.395 rows=46878727 loops=1)
  Hash Cond: (ci.movie_id = t.id)
  ->  Seq Scan on cast_info ci  (cost=0.00..705507.15 rows=21704578 width=4) (actual time=0.016..14396.093 rows=21568323 loops=1)
        Filter: (person_id < 2187861)
        Rows Removed by Filter: 14676021
  ->  Hash  (cost=220309.49..220309.49 rows=2609129 width=8) (actual time=6042.330..6042.330 rows=2609129 loops=1)
        Buckets: 131072  Batches: 64  Memory Usage: 2610kB
        ->  Hash Join  (cost=102767.86..220309.49 rows=2609129 width=8) (actual time=1998.450..5331.046 rows=2609129 loops=1)
              Hash Cond: (mc.movie_id = t.id)
              ->  Seq Scan on movie_companies mc  (cost=0.00..44881.29 rows=2609129 width=4) (actual time=0.021..858.967 rows=2609129 loops=1)
              ->  Hash  (cost=61283.27..61283.27 rows=2528527 width=4) (actual time=1997.156..1997.156 rows=2528312 loops=1)
                    Buckets: 131072  Batches: 64  Memory Usage: 2415kB
                    ->  Seq Scan on title t  (cost=0.00..61283.27 rows=2528527 width=4) (actual time=0.012..1157.560 rows=2528312 loops=1)
Planning time: 1.175 ms
Execution time: 56599.359 ms
