Seq Scan on movie_companies mc  (cost=0.00..57926.93 rows=53 width=0) (actual time=229.395..869.042 rows=10 loops=1)
  Filter: ((company_id = 6060) AND (company_type_id = 2))
  Rows Removed by Filter: 2609119
Planning time: 0.387 ms
Execution time: 869.140 ms
