Hash Join  (cost=73454.11..142851.53 rows=180412 width=0) (actual time=1245.212..2964.951 rows=333352 loops=1)
  Hash Cond: (mc.movie_id = t.id)
  ->  Seq Scan on movie_companies mc  (cost=0.00..51404.11 rows=1279517 width=4) (actual time=0.010..980.505 rows=1274246 loops=1)
        Filter: (company_type_id = 1)
        Rows Removed by Filter: 1334883
  ->  Hash  (cost=67604.59..67604.59 rows=356522 width=4) (actual time=1244.276..1244.276 rows=352081 loops=1)
        Buckets: 131072  Batches: 8  Memory Usage: 2565kB
        ->  Seq Scan on title t  (cost=0.00..67604.59 rows=356522 width=4) (actual time=0.023..1124.956 rows=352081 loops=1)
              Filter: (production_year < 1969)
              Rows Removed by Filter: 2176231
Planning time: 2.549 ms
Execution time: 3007.342 ms
