Seq Scan on cast_info ci  (cost=0.00..796071.18 rows=7165959 width=0) (actual time=6191.455..16445.406 rows=7451973 loops=1)
  Filter: ((person_id < 3930831) AND (role_id = 2))
  Rows Removed by Filter: 28792371
Planning time: 0.309 ms
Execution time: 17327.917 ms
