Hash Join  (cost=269559.24..885949.91 rows=11073985 width=0) (actual time=6168.898..38589.748 rows=77501829 loops=1)
  Hash Cond: (mi.movie_id = t.id)
  ->  Seq Scan on movie_info mi  (cost=0.00..309384.22 rows=14739122 width=4) (actual time=0.013..6619.557 rows=14835720 loops=1)
  ->  Hash  (cost=238391.18..238391.18 rows=1899765 width=8) (actual time=6167.419..6167.419 rows=1416521 loops=1)
        Buckets: 131072  Batches: 32  Memory Usage: 2879kB
        ->  Hash Join  (cost=87180.69..238391.18 rows=1899765 width=8) (actual time=1742.053..5756.258 rows=1416521 loops=1)
              Hash Cond: (mk.movie_id = t.id)
              ->  Seq Scan on movie_keyword mk  (cost=0.00..81003.12 rows=4025792 width=4) (actual time=0.022..1745.943 rows=4021945 loops=1)
                    Filter: (keyword_id > 359)
                    Rows Removed by Filter: 501985
              ->  Hash  (cost=67604.59..67604.59 rows=1193208 width=4) (actual time=1741.237..1741.237 rows=1192518 loops=1)
                    Buckets: 131072  Batches: 16  Memory Usage: 3654kB
                    ->  Seq Scan on title t  (cost=0.00..67604.59 rows=1193208 width=4) (actual time=0.024..1347.401 rows=1192518 loops=1)
                          Filter: (production_year > 2003)
                          Rows Removed by Filter: 1335794
Planning time: 1.197 ms
Execution time: 47605.089 ms
