Seq Scan on movie_keyword mk  (cost=0.00..81003.12 rows=1290626 width=0) (actual time=0.016..1443.801 rows=1302480 loops=1)
  Filter: (keyword_id > 13527)
  Rows Removed by Filter: 3221450
Planning time: 0.347 ms
Execution time: 1611.781 ms
