Hash Join  (cost=73962.22..160672.23 rows=5197 width=0) (actual time=915.939..2656.481 rows=28533 loops=1)
  Hash Cond: (mk.movie_id = t.id)
  ->  Seq Scan on movie_keyword mk  (cost=0.00..69693.30 rows=4523930 width=4) (actual time=0.008..952.746 rows=4523930 loops=1)
  ->  Hash  (cost=73925.90..73925.90 rows=2905 width=4) (actual time=915.743..915.743 rows=6330 loops=1)
        Buckets: 8192 (originally 4096)  Batches: 1 (originally 1)  Memory Usage: 287kB
        ->  Seq Scan on title t  (cost=0.00..73925.90 rows=2905 width=4) (actual time=0.017..912.984 rows=6330 loops=1)
              Filter: ((kind_id < 7) AND (production_year = 1978))
              Rows Removed by Filter: 2521982
Planning time: 0.812 ms
Execution time: 2660.512 ms
