Hash Join  (cost=67942.77..149094.67 rows=413 width=0) (actual time=925.410..1905.521 rows=367 loops=1)
  Hash Cond: (mk.movie_id = t.id)
  ->  Seq Scan on movie_keyword mk  (cost=0.00..81003.12 rows=38572 width=4) (actual time=0.114..970.510 rows=30106 loops=1)
        Filter: (keyword_id < 37)
        Rows Removed by Filter: 4493824
  ->  Hash  (cost=67604.59..67604.59 rows=27055 width=4) (actual time=922.947..922.947 rows=26775 loops=1)
        Buckets: 32768  Batches: 1  Memory Usage: 1198kB
        ->  Seq Scan on title t  (cost=0.00..67604.59 rows=27055 width=4) (actual time=0.021..911.664 rows=26775 loops=1)
              Filter: (production_year = 1993)
              Rows Removed by Filter: 2501537
Planning time: 0.867 ms
Execution time: 1905.788 ms
