Seq Scan on movie_keyword mk  (cost=0.00..81003.12 rows=246 width=0) (actual time=9.830..1256.302 rows=336 loops=1)
  Filter: (keyword_id = 31663)
  Rows Removed by Filter: 4523594
Planning time: 0.404 ms
Execution time: 1256.598 ms
