Hash Join  (cost=86974.96..616250.71 rows=4636283 width=0) (actual time=1511.096..15732.347 rows=2824691 loops=1)
  Hash Cond: (mi.movie_id = t.id)
  ->  Seq Scan on movie_info mi  (cost=0.00..309384.22 rows=14739122 width=4) (actual time=0.022..6273.161 rows=14835720 loops=1)
  ->  Hash  (cost=73925.90..73925.90 rows=795364 width=4) (actual time=1510.057..1510.057 rows=698235 loops=1)
        Buckets: 131072  Batches: 16  Memory Usage: 2564kB
        ->  Seq Scan on title t  (cost=0.00..73925.90 rows=795364 width=4) (actual time=0.012..1277.556 rows=698235 loops=1)
              Filter: ((kind_id > 2) AND (production_year < 2002))
              Rows Removed by Filter: 1830077
Planning time: 0.785 ms
Execution time: 16077.630 ms
