Hash Join  (cost=107713.54..864874.31 rows=362798 width=0) (actual time=1812.683..17256.999 rows=636356 loops=1)
  Hash Cond: (ci.movie_id = t.id)
  ->  Seq Scan on cast_info ci  (cost=0.00..705507.15 rows=12806839 width=4) (actual time=0.021..11597.462 rows=12925807 loops=1)
        Filter: (person_id > 2385462)
        Rows Removed by Filter: 23318537
  ->  Hash  (cost=106818.18..106818.18 rows=71629 width=8) (actual time=1811.858..1811.858 rows=43838 loops=1)
        Buckets: 131072  Batches: 1  Memory Usage: 2737kB
        ->  Hash Join  (cost=74050.79..106818.18 rows=71629 width=8) (actual time=1110.036..1798.368 rows=43838 loops=1)
              Hash Cond: (mi_idx.movie_id = t.id)
              ->  Seq Scan on movie_info_idx mi_idx  (cost=0.00..25185.44 rows=460978 width=4) (actual time=0.024..443.022 rows=459925 loops=1)
                    Filter: (info_type_id < 100)
                    Rows Removed by Filter: 920110
              ->  Hash  (cost=67604.59..67604.59 rows=392896 width=4) (actual time=1109.116..1109.116 rows=391666 loops=1)
                    Buckets: 131072  Batches: 8  Memory Usage: 2753kB
                    ->  Seq Scan on title t  (cost=0.00..67604.59 rows=392896 width=4) (actual time=0.027..981.147 rows=391666 loops=1)
                          Filter: (production_year > 2010)
                          Rows Removed by Filter: 2136646
Planning time: 1.282 ms
Execution time: 17343.012 ms
