Hash Join  (cost=709675.10..796335.93 rows=279 width=0) (actual time=12194.931..12635.958 rows=1 loops=1)
  Hash Cond: (mk.movie_id = t.id)
  ->  Seq Scan on movie_keyword mk  (cost=0.00..69693.30 rows=4523930 width=4) (actual time=0.017..1013.917 rows=4523930 loops=1)
  ->  Hash  (cost=709673.15..709673.15 rows=156 width=8) (actual time=10864.502..10864.502 rows=12 loops=1)
        Buckets: 1024  Batches: 1  Memory Usage: 9kB
        ->  Nested Loop  (cost=0.43..709673.15 rows=156 width=8) (actual time=8830.652..10864.423 rows=12 loops=1)
              ->  Seq Scan on cast_info ci  (cost=0.00..705507.15 rows=500 width=4) (actual time=7942.741..10861.527 rows=145 loops=1)
                    Filter: (person_id = 3005452)
                    Rows Removed by Filter: 36244199
              ->  Index Scan using title_pkey on title t  (cost=0.43..8.32 rows=1 width=4) (actual time=0.019..0.019 rows=0 loops=145)
                    Index Cond: (id = ci.movie_id)
                    Filter: (production_year > 2007)
                    Rows Removed by Filter: 1
Planning time: 1.223 ms
Execution time: 12636.802 ms
