Seq Scan on movie_keyword mk  (cost=0.00..81003.12 rows=2671001 width=0) (actual time=0.028..1605.441 rows=2665954 loops=1)
  Filter: (keyword_id < 7435)
  Rows Removed by Filter: 1857976
Planning time: 1.186 ms
Execution time: 1937.357 ms
