Hash Join  (cost=100905.79..187573.90 rows=1007 width=0) (actual time=1629.338..3261.727 rows=12188 loops=1)
  Hash Cond: (mk.movie_id = t.id)
  ->  Seq Scan on movie_keyword mk  (cost=0.00..69693.30 rows=4523930 width=4) (actual time=0.014..929.980 rows=4523930 loops=1)
  ->  Hash  (cost=100898.75..100898.75 rows=563 width=8) (actual time=1553.757..1553.757 rows=1878 loops=1)
        Buckets: 2048 (originally 1024)  Batches: 1 (originally 1)  Memory Usage: 90kB
        ->  Hash Join  (cost=73964.18..100898.75 rows=563 width=8) (actual time=1004.550..1552.698 rows=1878 loops=1)
              Hash Cond: (mi_idx.movie_id = t.id)
              ->  Seq Scan on movie_info_idx mi_idx  (cost=0.00..25185.44 rows=464934 width=4) (actual time=0.019..449.235 rows=460185 loops=1)
                    Filter: (info_type_id > 100)
                    Rows Removed by Filter: 919850
              ->  Hash  (cost=73925.90..73925.90 rows=3062 width=4) (actual time=1004.386..1004.386 rows=6309 loops=1)
                    Buckets: 8192 (originally 4096)  Batches: 1 (originally 1)  Memory Usage: 286kB
                    ->  Seq Scan on title t  (cost=0.00..73925.90 rows=3062 width=4) (actual time=202.502..1001.519 rows=6309 loops=1)
                          Filter: ((kind_id = 4) AND (production_year = 2003))
                          Rows Removed by Filter: 2522003
Planning time: 1.284 ms
Execution time: 3263.652 ms
