Hash Join  (cost=122535.74..212718.72 rows=7370 width=0) (actual time=2522.320..4128.506 rows=7406 loops=1)
  Hash Cond: (mk.movie_id = t.id)
  ->  Seq Scan on movie_keyword mk  (cost=0.00..81003.12 rows=2428308 width=4) (actual time=0.019..1424.840 rows=2429152 loops=1)
        Filter: (keyword_id < 5760)
        Rows Removed by Filter: 2094778
  ->  Hash  (cost=122439.81..122439.81 rows=7674 width=8) (actual time=2309.367..2309.367 rows=6662 loops=1)
        Buckets: 8192  Batches: 1  Memory Usage: 325kB
        ->  Hash Join  (cost=67697.55..122439.81 rows=7674 width=8) (actual time=1079.629..2306.164 rows=6662 loops=1)
              Hash Cond: (mc.movie_id = t.id)
              ->  Seq Scan on movie_companies mc  (cost=0.00..44881.29 rows=2609129 width=4) (actual time=0.011..707.876 rows=2609129 loops=1)
              ->  Hash  (cost=67604.59..67604.59 rows=7437 width=4) (actual time=1079.556..1079.556 rows=3781 loops=1)
                    Buckets: 8192  Batches: 1  Memory Usage: 197kB
                    ->  Seq Scan on title t  (cost=0.00..67604.59 rows=7437 width=4) (actual time=278.404..1077.759 rows=3781 loops=1)
                          Filter: (production_year = 1918)
                          Rows Removed by Filter: 2524531
Planning time: 1.146 ms
Execution time: 4129.787 ms
