Hash Join  (cost=161021.74..275504.60 rows=678611 width=0) (actual time=3851.748..7300.531 rows=3709257 loops=1)
  Hash Cond: (mk.movie_id = t.id)
  ->  Seq Scan on movie_keyword mk  (cost=0.00..81003.12 rows=2021765 width=4) (actual time=0.022..1537.922 rows=2027533 loops=1)
        Filter: (keyword_id < 3636)
        Rows Removed by Filter: 2496397
  ->  Hash  (cost=147096.91..147096.91 rows=848707 width=8) (actual time=3850.819..3850.819 rows=1010682 loops=1)
        Buckets: 131072  Batches: 16  Memory Usage: 3518kB
        ->  Hash Join  (cost=93117.31..147096.91 rows=848707 width=8) (actual time=1884.396..3550.196 rows=1010682 loops=1)
              Hash Cond: (mi_idx.movie_id = t.id)
              ->  Seq Scan on movie_info_idx mi_idx  (cost=0.00..21735.35 rows=1380035 width=4) (actual time=0.024..428.298 rows=1380035 loops=1)
              ->  Hash  (cost=67604.59..67604.59 rows=1555018 width=4) (actual time=1882.860..1882.860 rows=1551727 loops=1)
                    Buckets: 131072  Batches: 32  Memory Usage: 2728kB
                    ->  Seq Scan on title t  (cost=0.00..67604.59 rows=1555018 width=4) (actual time=0.018..1114.222 rows=1551727 loops=1)
                          Filter: (production_year < 2007)
                          Rows Removed by Filter: 976585
Planning time: 3.453 ms
Execution time: 7722.014 ms
