Nested Loop  (cost=0.43..83071.67 rows=246 width=0) (actual time=7.634..1899.896 rows=816 loops=1)
  ->  Seq Scan on movie_keyword mk  (cost=0.00..81003.12 rows=246 width=4) (actual time=7.577..1327.288 rows=816 loops=1)
        Filter: (keyword_id = 2477)
        Rows Removed by Filter: 4523114
  ->  Index Only Scan using title_pkey on title t  (cost=0.43..8.40 rows=1 width=4) (actual time=0.700..0.700 rows=1 loops=816)
        Index Cond: (id = mk.movie_id)
        Heap Fetches: 816
Planning time: 0.686 ms
Execution time: 1900.309 ms
