Hash Join  (cost=73962.22..160672.23 rows=5197 width=0) (actual time=1185.368..3038.298 rows=33735 loops=1)
  Hash Cond: (mk.movie_id = t.id)
  ->  Seq Scan on movie_keyword mk  (cost=0.00..69693.30 rows=4523930 width=4) (actual time=0.025..1036.721 rows=4523930 loops=1)
  ->  Hash  (cost=73925.90..73925.90 rows=2905 width=4) (actual time=1185.043..1185.043 rows=6650 loops=1)
        Buckets: 8192 (originally 4096)  Batches: 1 (originally 1)  Memory Usage: 298kB
        ->  Seq Scan on title t  (cost=0.00..73925.90 rows=2905 width=4) (actual time=0.828..1181.553 rows=6650 loops=1)
              Filter: ((kind_id < 7) AND (production_year = 1981))
              Rows Removed by Filter: 2521662
Planning time: 0.795 ms
Execution time: 3042.829 ms
