Nested Loop  (cost=0.43..52283.69 rows=104 width=0) (actual time=2.098..741.475 rows=350 loops=1)
  ->  Seq Scan on movie_companies mc  (cost=0.00..51404.11 rows=104 width=4) (actual time=2.051..727.141 rows=350 loops=1)
        Filter: (company_id = 3757)
        Rows Removed by Filter: 2608779
  ->  Index Only Scan using title_pkey on title t  (cost=0.43..8.45 rows=1 width=4) (actual time=0.039..0.039 rows=1 loops=350)
        Index Cond: (id = mc.movie_id)
        Heap Fetches: 350
Planning time: 0.761 ms
Execution time: 741.671 ms
