Hash Join  (cost=167187.78..692207.41 rows=2721592 width=0) (actual time=4326.411..23579.431 rows=13473366 loops=1)
  Hash Cond: (mi.movie_id = t.id)
  ->  Seq Scan on movie_info mi  (cost=0.00..346232.03 rows=12928982 width=4) (actual time=156.077..7368.505 rows=12970088 loops=1)
        Filter: (info_type_id < 18)
        Rows Removed by Filter: 1865632
  ->  Hash  (cost=158454.49..158454.49 rows=532263 width=8) (actual time=4169.250..4169.250 rows=839922 loops=1)
        Buckets: 131072 (originally 131072)  Batches: 16 (originally 8)  Memory Usage: 3102kB
        ->  Hash Join  (cost=76067.34..158454.49 rows=532263 width=8) (actual time=1340.186..3885.753 rows=839922 loops=1)
              Hash Cond: (mc.movie_id = t.id)
              ->  Seq Scan on movie_companies mc  (cost=0.00..44881.29 rows=2609129 width=4) (actual time=0.028..887.635 rows=2609129 loops=1)
              ->  Hash  (cost=67604.59..67604.59 rows=515820 width=4) (actual time=1339.267..1339.267 rows=508955 loops=1)
                    Buckets: 131072  Batches: 8  Memory Usage: 3255kB
                    ->  Seq Scan on title t  (cost=0.00..67604.59 rows=515820 width=4) (actual time=0.035..1177.613 rows=508955 loops=1)
                          Filter: (production_year < 1980)
                          Rows Removed by Filter: 2019357
Planning time: 2.872 ms
Execution time: 25059.630 ms
