Hash Join  (cost=98137.04..984543.55 rows=3030661 width=0) (actual time=5573.356..21809.466 rows=3292870 loops=1)
  Hash Cond: (ci.movie_id = t.id)
  ->  Seq Scan on cast_info ci  (cost=0.00..796071.18 rows=4117745 width=4) (actual time=3754.180..16285.092 rows=4262926 loops=1)
        Filter: ((person_id > 162099) AND (role_id = 10))
        Rows Removed by Filter: 31981418
  ->  Hash  (cost=67604.59..67604.59 rows=1860996 width=4) (actual time=1817.459..1817.459 rows=1865487 loops=1)
        Buckets: 131072  Batches: 32  Memory Usage: 3079kB
        ->  Seq Scan on title t  (cost=0.00..67604.59 rows=1860996 width=4) (actual time=0.040..1241.879 rows=1865487 loops=1)
              Filter: (kind_id > 1)
              Rows Removed by Filter: 662825
Planning time: 0.833 ms
Execution time: 22184.027 ms
