Hash Join  (cost=365418.15..1361602.67 rows=9473869 width=0) (actual time=13850.970..44013.127 rows=64889989 loops=1)
  Hash Cond: (ci.movie_id = t.id)
  ->  Seq Scan on cast_info ci  (cost=0.00..796071.18 rows=5295160 width=4) (actual time=4749.672..14287.266 rows=10369267 loops=1)
        Filter: ((person_id > 2498332) AND (role_id > 2))
        Rows Removed by Filter: 25875077
  ->  Hash  (cost=291197.02..291197.02 rows=4523930 width=8) (actual time=9099.257..9099.257 rows=4523930 loops=1)
        Buckets: 131072  Batches: 64  Memory Usage: 3816kB
        ->  Hash Join  (cost=102767.86..291197.02 rows=4523930 width=8) (actual time=2326.786..7826.322 rows=4523930 loops=1)
              Hash Cond: (mk.movie_id = t.id)
              ->  Seq Scan on movie_keyword mk  (cost=0.00..69693.30 rows=4523930 width=4) (actual time=0.030..1355.850 rows=4523930 loops=1)
              ->  Hash  (cost=61283.27..61283.27 rows=2528527 width=4) (actual time=2324.679..2324.679 rows=2528312 loops=1)
                    Buckets: 131072  Batches: 64  Memory Usage: 2425kB
                    ->  Seq Scan on title t  (cost=0.00..61283.27 rows=2528527 width=4) (actual time=0.019..1102.097 rows=2528312 loops=1)
Planning time: 1.247 ms
Execution time: 51069.359 ms
