Hash Join  (cost=82257.13..881638.83 rows=19618 width=0) (actual time=9388.042..13450.565 rows=140752 loops=1)
  Hash Cond: (ci.movie_id = t.id)
  ->  Seq Scan on cast_info ci  (cost=0.00..796071.18 rows=97692 width=4) (actual time=8046.354..11766.446 rows=428216 loops=1)
        Filter: ((person_id > 3181729) AND (role_id = 6))
        Rows Removed by Filter: 35816128
  ->  Hash  (cost=73925.90..73925.90 rows=507778 width=4) (actual time=1340.718..1340.718 rows=524129 loops=1)
        Buckets: 131072  Batches: 8  Memory Usage: 3340kB
        ->  Seq Scan on title t  (cost=0.00..73925.90 rows=507778 width=4) (actual time=0.046..1184.425 rows=524129 loops=1)
              Filter: ((production_year < 2010) AND (kind_id = 1))
              Rows Removed by Filter: 2004183
Planning time: 0.907 ms
Execution time: 13469.178 ms
