Hash Join  (cost=102803.67..930275.57 rows=4051551 width=0) (actual time=2033.438..19626.025 rows=4044428 loops=1)
  Hash Cond: (ci.movie_id = t.id)
  ->  Seq Scan on cast_info ci  (cost=0.00..705507.15 rows=5820248 width=4) (actual time=0.015..13474.742 rows=5732694 loops=1)
        Filter: (role_id > 8)
        Rows Removed by Filter: 30511650
  ->  Hash  (cost=73925.90..73925.90 rows=1760141 width=4) (actual time=2031.978..2031.978 rows=1754586 loops=1)
        Buckets: 131072  Batches: 32  Memory Usage: 2955kB
        ->  Seq Scan on title t  (cost=0.00..73925.90 rows=1760141 width=4) (actual time=0.017..1453.739 rows=1754586 loops=1)
              Filter: ((kind_id > 1) AND (production_year < 2013))
              Rows Removed by Filter: 773726
Planning time: 0.653 ms
Execution time: 20065.759 ms
