Hash Join  (cost=73951.53..438726.96 rows=11950 width=0) (actual time=1061.792..8065.689 rows=20533 loops=1)
  Hash Cond: (mi.movie_id = t.id)
  ->  Seq Scan on movie_info mi  (cost=0.00..309384.22 rows=14739122 width=4) (actual time=0.013..4031.052 rows=14835720 loops=1)
  ->  Hash  (cost=73925.90..73925.90 rows=2050 width=4) (actual time=1059.259..1059.259 rows=2436 loops=1)
        Buckets: 4096  Batches: 1  Memory Usage: 118kB
        ->  Seq Scan on title t  (cost=0.00..73925.90 rows=2050 width=4) (actual time=0.113..1058.000 rows=2436 loops=1)
              Filter: ((kind_id = 3) AND (production_year = 1999))
              Rows Removed by Filter: 2525876
Planning time: 0.811 ms
Execution time: 8070.161 ms
