Hash Join  (cost=102767.86..189492.18 rows=786178 width=0) (actual time=2270.280..4101.520 rows=491349 loops=1)
  Hash Cond: (mc.movie_id = t.id)
  ->  Seq Scan on movie_companies mc  (cost=0.00..57926.93 rows=786178 width=4) (actual time=0.030..1042.807 rows=491349 loops=1)
        Filter: ((company_id < 14405) AND (company_type_id = 2))
        Rows Removed by Filter: 2117780
  ->  Hash  (cost=61283.27..61283.27 rows=2528527 width=4) (actual time=2267.994..2267.994 rows=2528312 loops=1)
        Buckets: 131072  Batches: 64  Memory Usage: 2415kB
        ->  Seq Scan on title t  (cost=0.00..61283.27 rows=2528527 width=4) (actual time=0.018..1134.040 rows=2528312 loops=1)
Planning time: 0.726 ms
Execution time: 4158.049 ms
