Seq Scan on movie_companies mc  (cost=0.00..57926.93 rows=664271 width=0) (actual time=461.316..1104.389 rows=909749 loops=1)
  Filter: ((company_id > 11272) AND (company_type_id > 1))
  Rows Removed by Filter: 1699380
Planning time: 0.324 ms
Execution time: 1221.361 ms
