Hash Join  (cost=97494.83..463440.11 rows=128932 width=0) (actual time=1903.000..9605.681 rows=429739 loops=1)
  Hash Cond: (mi.movie_id = t.id)
  ->  Seq Scan on movie_info mi  (cost=0.00..309384.22 rows=14739122 width=4) (actual time=0.015..4141.251 rows=14835720 loops=1)
  ->  Hash  (cost=97218.34..97218.34 rows=22119 width=8) (actual time=1902.632..1902.632 rows=27686 loops=1)
        Buckets: 32768  Batches: 1  Memory Usage: 1338kB
        ->  Hash Join  (cost=68365.25..97218.34 rows=22119 width=8) (actual time=1179.887..1892.815 rows=27686 loops=1)
              Hash Cond: (mi_idx.movie_id = t.id)
              ->  Seq Scan on movie_info_idx mi_idx  (cost=0.00..25185.44 rows=919057 width=4) (actual time=0.015..472.618 rows=920110 loops=1)
                    Filter: (info_type_id > 99)
                    Rows Removed by Filter: 459925
              ->  Hash  (cost=67604.59..67604.59 rows=60853 width=4) (actual time=1179.528..1179.528 rows=62568 loops=1)
                    Buckets: 65536  Batches: 1  Memory Usage: 2712kB
                    ->  Seq Scan on title t  (cost=0.00..67604.59 rows=60853 width=4) (actual time=0.015..1153.949 rows=62568 loops=1)
                          Filter: (production_year = 2002)
                          Rows Removed by Filter: 2465744
Planning time: 0.853 ms
Execution time: 9659.920 ms
