Seq Scan on title t  (cost=0.00..73925.90 rows=856425 width=0) (actual time=0.022..1199.253 rows=769954 loops=1)
  Filter: ((kind_id < 7) AND (production_year > 1962))
  Rows Removed by Filter: 1758358
Planning time: 0.335 ms
Execution time: 1292.610 ms
