Hash Join  (cost=909839.53..949319.39 rows=104138 width=0) (actual time=17129.797..18033.034 rows=81162 loops=1)
  Hash Cond: (mi_idx.movie_id = t.id)
  ->  Seq Scan on movie_info_idx mi_idx  (cost=0.00..21735.35 rows=1380035 width=4) (actual time=0.006..435.435 rows=1380035 loops=1)
  ->  Hash  (cost=906708.48..906708.48 rows=190804 width=8) (actual time=17128.740..17128.740 rows=53768 loops=1)
        Buckets: 131072  Batches: 4  Memory Usage: 1547kB
        ->  Hash Join  (cost=98137.04..906708.48 rows=190804 width=8) (actual time=11517.505..17111.744 rows=53768 loops=1)
              Hash Cond: (ci.movie_id = t.id)
              ->  Seq Scan on cast_info ci  (cost=0.00..796071.18 rows=259245 width=4) (actual time=9496.659..14740.102 rows=87959 loops=1)
                    Filter: ((person_id < 2764321) AND (role_id > 10))
                    Rows Removed by Filter: 36156385
              ->  Hash  (cost=67604.59..67604.59 rows=1860996 width=4) (actual time=2019.541..2019.541 rows=1865487 loops=1)
                    Buckets: 131072  Batches: 32  Memory Usage: 3079kB
                    ->  Seq Scan on title t  (cost=0.00..67604.59 rows=1860996 width=4) (actual time=0.028..1381.105 rows=1865487 loops=1)
                          Filter: (kind_id > 1)
                          Rows Removed by Filter: 662825
Planning time: 2.269 ms
Execution time: 18041.399 ms
