Hash Join  (cost=455960.51..581320.26 rows=275571 width=0) (actual time=8280.247..12064.079 rows=2135557 loops=1)
  Hash Cond: (mk.movie_id = t.id)
  ->  Seq Scan on movie_keyword mk  (cost=0.00..69693.30 rows=4523930 width=4) (actual time=0.027..1450.643 rows=4523930 loops=1)
  ->  Hash  (cost=453433.22..453433.22 rows=154023 width=8) (actual time=8279.155..8279.155 rows=171979 loops=1)
        Buckets: 131072  Batches: 4  Memory Usage: 2699kB
        ->  Hash Join  (cost=69687.24..453433.22 rows=154023 width=8) (actual time=3885.773..8217.081 rows=171979 loops=1)
              Hash Cond: (mi.movie_id = t.id)
              ->  Seq Scan on movie_info mi  (cost=0.00..346232.03 rows=3068194 width=4) (actual time=2706.371..5894.093 rows=3036719 loops=1)
                    Filter: (info_type_id = 16)
                    Rows Removed by Filter: 11799001
              ->  Hash  (cost=67604.59..67604.59 rows=126932 width=4) (actual time=1178.117..1178.117 rows=122861 loops=1)
                    Buckets: 131072  Batches: 2  Memory Usage: 3197kB
                    ->  Seq Scan on title t  (cost=0.00..67604.59 rows=126932 width=4) (actual time=0.030..1130.622 rows=122861 loops=1)
                          Filter: (production_year = 2008)
                          Rows Removed by Filter: 2405451
Planning time: 3.887 ms
Execution time: 12326.968 ms
