Hash Join  (cost=175027.18..1363052.28 rows=11454552 width=0) (actual time=3958.385..42268.319 rows=23138669 loops=1)
  Hash Cond: (ci.movie_id = t.id)
  ->  Seq Scan on cast_info ci  (cost=0.00..705507.15 rows=31513981 width=4) (actual time=0.027..16578.641 rows=31494574 loops=1)
        Filter: (person_id < 3204040)
        Rows Removed by Filter: 4749770
  ->  Hash  (cost=159947.97..159947.97 rows=919057 width=8) (actual time=3957.413..3957.413 rows=920110 loops=1)
        Buckets: 131072  Batches: 16  Memory Usage: 3269kB
        ->  Hash Join  (cost=102767.86..159947.97 rows=919057 width=8) (actual time=1985.822..3694.647 rows=920110 loops=1)
              Hash Cond: (mi_idx.movie_id = t.id)
              ->  Seq Scan on movie_info_idx mi_idx  (cost=0.00..25185.44 rows=919057 width=4) (actual time=0.014..566.948 rows=920110 loops=1)
                    Filter: (info_type_id > 99)
                    Rows Removed by Filter: 459925
              ->  Hash  (cost=61283.27..61283.27 rows=2528527 width=4) (actual time=1984.113..1984.113 rows=2528312 loops=1)
                    Buckets: 131072  Batches: 64  Memory Usage: 2415kB
                    ->  Seq Scan on title t  (cost=0.00..61283.27 rows=2528527 width=4) (actual time=0.011..1139.965 rows=2528312 loops=1)
Planning time: 1.222 ms
Execution time: 44811.614 ms
