Hash Join  (cost=85493.89..129789.38 rows=384801 width=0) (actual time=1472.243..2810.940 rows=719388 loops=1)
  Hash Cond: (mi_idx.movie_id = t.id)
  ->  Seq Scan on movie_info_idx mi_idx  (cost=0.00..21735.35 rows=1380035 width=4) (actual time=0.027..433.969 rows=1380035 loops=1)
  ->  Hash  (cost=73925.90..73925.90 rows=705039 width=4) (actual time=1471.270..1471.270 rows=637227 loops=1)
        Buckets: 131072  Batches: 16  Memory Usage: 2424kB
        ->  Seq Scan on title t  (cost=0.00..73925.90 rows=705039 width=4) (actual time=0.030..1275.579 rows=637227 loops=1)
              Filter: ((kind_id < 3) AND (production_year > 1927))
              Rows Removed by Filter: 1891085
Planning time: 0.758 ms
Execution time: 2890.896 ms
