Hash Join  (cost=437400.29..1489395.63 rows=1770915 width=0) (actual time=7323.285..35740.169 rows=1684195 loops=1)
  Hash Cond: (ci.movie_id = t.id)
  ->  Seq Scan on cast_info ci  (cost=0.00..614943.12 rows=36225612 width=4) (actual time=0.014..13386.410 rows=36244344 loops=1)
  ->  Hash  (cost=435372.18..435372.18 rows=123609 width=8) (actual time=7322.425..7322.425 rows=89619 loops=1)
        Buckets: 131072  Batches: 2  Memory Usage: 2776kB
        ->  Hash Join  (cost=71408.55..435372.18 rows=123609 width=8) (actual time=3577.590..7291.517 rows=89619 loops=1)
              Hash Cond: (mi.movie_id = t.id)
              ->  Seq Scan on movie_info mi  (cost=0.00..346232.03 rows=1348138 width=4) (actual time=2384.226..5252.557 rows=1298989 loops=1)
                    Filter: (info_type_id = 4)
                    Rows Removed by Filter: 13536731
              ->  Hash  (cost=67604.59..67604.59 rows=231837 width=4) (actual time=1192.443..1192.443 rows=231649 loops=1)
                    Buckets: 131072  Batches: 4  Memory Usage: 3082kB
                    ->  Seq Scan on title t  (cost=0.00..67604.59 rows=231837 width=4) (actual time=0.025..1108.635 rows=231649 loops=1)
                          Filter: (production_year > 2011)
                          Rows Removed by Filter: 2296663
Planning time: 1.210 ms
Execution time: 35968.333 ms
