Hash Join  (cost=70592.26..129663.28 rows=40766 width=0) (actual time=1083.438..2206.265 rows=56024 loops=1)
  Hash Cond: (mc.movie_id = t.id)
  ->  Seq Scan on movie_companies mc  (cost=0.00..51404.11 rows=566199 width=4) (actual time=0.029..835.765 rows=570573 loops=1)
        Filter: (company_id > 71348)
        Rows Removed by Filter: 2038556
  ->  Hash  (cost=67604.59..67604.59 rows=182054 width=4) (actual time=1082.612..1082.612 rows=180956 loops=1)
        Buckets: 131072  Batches: 4  Memory Usage: 2612kB
        ->  Seq Scan on title t  (cost=0.00..67604.59 rows=182054 width=4) (actual time=0.145..1022.469 rows=180956 loops=1)
              Filter: (production_year < 1953)
              Rows Removed by Filter: 2347356
Planning time: 0.797 ms
Execution time: 2213.386 ms
