Hash Join  (cost=198447.47..1101047.33 rows=5179971 width=0) (actual time=13236.055..26756.523 rows=6944172 loops=1)
  Hash Cond: (ci.movie_id = t.id)
  ->  Seq Scan on cast_info ci  (cost=0.00..705507.15 rows=12203201 width=4) (actual time=8606.452..14848.743 rows=12113646 loops=1)
        Filter: (role_id > 3)
        Rows Removed by Filter: 24130698
  ->  Hash  (cost=180838.22..180838.22 rows=1073300 width=8) (actual time=4628.131..4628.131 rows=416149 loops=1)
        Buckets: 131072  Batches: 16  Memory Usage: 2017kB
        ->  Hash Join  (cost=90991.69..180838.22 rows=1073300 width=8) (actual time=2050.045..4505.276 rows=416149 loops=1)
              Hash Cond: (mc.movie_id = t.id)
              ->  Seq Scan on movie_companies mc  (cost=0.00..44881.29 rows=2609129 width=4) (actual time=0.019..955.203 rows=2609129 loops=1)
              ->  Hash  (cost=73925.90..73925.90 rows=1040143 width=4) (actual time=1779.703..1779.703 rows=1134228 loops=1)
                    Buckets: 131072  Batches: 16  Memory Usage: 3525kB
                    ->  Seq Scan on title t  (cost=0.00..73925.90 rows=1040143 width=4) (actual time=0.022..1423.915 rows=1134228 loops=1)
                          Filter: ((production_year > 1992) AND (kind_id = 7))
                          Rows Removed by Filter: 1394084
Planning time: 1.277 ms
Execution time: 27533.013 ms
