Nested Loop  (cost=0.43..83072.29 rows=96 width=0) (actual time=538.643..1210.871 rows=4 loops=1)
  ->  Seq Scan on movie_keyword mk  (cost=0.00..81003.12 rows=246 width=4) (actual time=538.579..1210.664 rows=4 loops=1)
        Filter: (keyword_id = 81031)
        Rows Removed by Filter: 4523926
  ->  Index Scan using title_pkey on title t  (cost=0.43..8.40 rows=1 width=4) (actual time=0.043..0.044 rows=1 loops=4)
        Index Cond: (id = mk.movie_id)
        Filter: (kind_id < 7)
Planning time: 0.768 ms
Execution time: 1210.983 ms
