Seq Scan on cast_info ci  (cost=0.00..705507.15 rows=11502285 width=0) (actual time=0.025..12038.697 rows=11411321 loops=1)
  Filter: (person_id < 1121462)
  Rows Removed by Filter: 24833023
Planning time: 0.344 ms
Execution time: 13490.824 ms
