Seq Scan on title t  (cost=0.00..67604.59 rows=7437 width=0) (actual time=0.045..1151.811 rows=8628 loops=1)
  Filter: (production_year = 1956)
  Rows Removed by Filter: 2519684
Planning time: 0.431 ms
Execution time: 1154.037 ms
