Seq Scan on cast_info ci  (cost=0.00..796071.18 rows=19362739 width=0) (actual time=0.014..14753.196 rows=17105447 loops=1)
  Filter: ((person_id < 3009471) AND (role_id > 1))
  Rows Removed by Filter: 19138897
Planning time: 0.265 ms
Execution time: 16765.218 ms
