Nested Loop  (cost=0.43..798788.22 rows=197 width=0) (actual time=9688.821..14656.799 rows=33 loops=1)
  ->  Seq Scan on cast_info ci  (cost=0.00..796071.18 rows=324 width=4) (actual time=9688.647..14656.169 rows=34 loops=1)
        Filter: ((role_id > 1) AND (person_id = 3536345))
        Rows Removed by Filter: 36244310
  ->  Index Scan using title_pkey on title t  (cost=0.43..8.38 rows=1 width=4) (actual time=0.015..0.016 rows=1 loops=34)
        Index Cond: (id = ci.movie_id)
        Filter: (kind_id = 7)
        Rows Removed by Filter: 0
Planning time: 2.257 ms
Execution time: 14656.928 ms
