Hash Join  (cost=94574.69..160728.01 rows=99542 width=0) (actual time=2429.757..2958.413 rows=38671 loops=1)
  Hash Cond: (mc.movie_id = t.id)
  ->  Seq Scan on movie_companies mc  (cost=0.00..57926.93 rows=199989 width=4) (actual time=0.037..860.401 rows=92864 loops=1)
        Filter: ((company_id < 239) AND (company_type_id > 1))
        Rows Removed by Filter: 2516265
  ->  Hash  (cost=73925.90..73925.90 rows=1258543 width=4) (actual time=1849.653..1849.653 rows=1221534 loops=1)
        Buckets: 131072  Batches: 32  Memory Usage: 2363kB
        ->  Seq Scan on title t  (cost=0.00..73925.90 rows=1258543 width=4) (actual time=127.673..1444.109 rows=1221534 loops=1)
              Filter: ((production_year < 2011) AND (kind_id = 7))
              Rows Removed by Filter: 1306778
Planning time: 1.838 ms
Execution time: 2963.289 ms
