Hash Join  (cost=171645.95..1039242.45 rows=4076953 width=0) (actual time=3972.520..22925.267 rows=6140541 loops=1)
  Hash Cond: (ci.movie_id = t.id)
  ->  Seq Scan on cast_info ci  (cost=0.00..705507.15 rows=10149283 width=4) (actual time=0.026..12552.924 rows=9952513 loops=1)
        Filter: (person_id < 979763)
        Rows Removed by Filter: 26291831
  ->  Hash  (cost=154981.62..154981.62 rows=1015706 width=8) (actual time=3971.797..3971.797 rows=750135 loops=1)
        Buckets: 131072  Batches: 16  Memory Usage: 2867kB
        ->  Hash Join  (cost=98137.04..154981.62 rows=1015706 width=8) (actual time=2069.713..3747.794 rows=750135 loops=1)
              Hash Cond: (mi_idx.movie_id = t.id)
              ->  Seq Scan on movie_info_idx mi_idx  (cost=0.00..21735.35 rows=1380035 width=4) (actual time=0.018..444.094 rows=1380035 loops=1)
              ->  Hash  (cost=67604.59..67604.59 rows=1860996 width=4) (actual time=2068.345..2068.345 rows=1865487 loops=1)
                    Buckets: 131072  Batches: 32  Memory Usage: 3079kB
                    ->  Seq Scan on title t  (cost=0.00..67604.59 rows=1860996 width=4) (actual time=0.014..1445.677 rows=1865487 loops=1)
                          Filter: (kind_id > 1)
                          Rows Removed by Filter: 662825
Planning time: 1.220 ms
Execution time: 23647.579 ms
