Hash Join  (cost=1007291.98..1654937.11 rows=14003130 width=0) (actual time=15528.137..27894.768 rows=21630 loops=1)
  Hash Cond: (mi.movie_id = t.id)
  ->  Seq Scan on movie_info mi  (cost=0.00..309384.22 rows=14739122 width=4) (actual time=0.012..6097.023 rows=14835720 loops=1)
  ->  Hash  (cost=967879.66..967879.66 rows=2402266 width=8) (actual time=15506.068..15506.068 rows=1726 loops=1)
        Buckets: 131072  Batches: 32  Memory Usage: 1033kB
        ->  Hash Join  (cost=104131.46..967879.66 rows=2402266 width=8) (actual time=6989.546..15503.840 rows=1726 loops=1)
              Hash Cond: (ci.movie_id = t.id)
              ->  Seq Scan on cast_info ci  (cost=0.00..796071.18 rows=2728271 width=4) (actual time=4618.427..12778.957 rows=2242 loops=1)
                    Filter: ((person_id < 1330461) AND (role_id = 2))
                    Rows Removed by Filter: 36242102
              ->  Hash  (cost=67604.59..67604.59 rows=2226390 width=4) (actual time=2348.510..2348.510 rows=2224569 loops=1)
                    Buckets: 131072  Batches: 32  Memory Usage: 3463kB
                    ->  Seq Scan on title t  (cost=0.00..67604.59 rows=2226390 width=4) (actual time=0.024..1428.446 rows=2224569 loops=1)
                          Filter: (production_year < 2012)
                          Rows Removed by Filter: 303743
Planning time: 1.252 ms
Execution time: 27898.398 ms
