Hash Join  (cost=74346.17..440961.90 rows=195981 width=0) (actual time=858.352..9153.651 rows=359770 loops=1)
  Hash Cond: (mi.movie_id = t.id)
  ->  Seq Scan on movie_info mi  (cost=0.00..309384.22 rows=14739122 width=4) (actual time=0.027..4484.147 rows=14835720 loops=1)
  ->  Hash  (cost=73925.90..73925.90 rows=33621 width=4) (actual time=820.071..820.071 rows=28104 loops=1)
        Buckets: 65536  Batches: 1  Memory Usage: 1501kB
        ->  Seq Scan on title t  (cost=0.00..73925.90 rows=33621 width=4) (actual time=331.957..809.497 rows=28104 loops=1)
              Filter: ((kind_id = 1) AND (production_year = 2009))
              Rows Removed by Filter: 2500208
Planning time: 0.759 ms
Execution time: 9204.804 ms
