Seq Scan on movie_keyword mk  (cost=0.00..81003.12 rows=246 width=0) (actual time=0.660..1187.450 rows=1343 loops=1)
  Filter: (keyword_id = 2053)
  Rows Removed by Filter: 4522587
Planning time: 0.387 ms
Execution time: 1187.963 ms
