Seq Scan on movie_keyword mk  (cost=0.00..81003.12 rows=3975303 width=0) (actual time=0.020..1464.684 rows=3979478 loops=1)
  Filter: (keyword_id < 33756)
  Rows Removed by Filter: 544452
Planning time: 0.344 ms
Execution time: 1957.370 ms
