Hash Join  (cost=81703.78..121038.56 rows=171571 width=0) (actual time=1572.489..2792.767 rows=349768 loops=1)
  Hash Cond: (mi_idx.movie_id = t.id)
  ->  Seq Scan on movie_info_idx mi_idx  (cost=0.00..25185.44 rows=915101 width=4) (actual time=0.031..586.931 rows=919850 loops=1)
        Filter: (info_type_id < 101)
        Rows Removed by Filter: 460185
  ->  Hash  (cost=73925.90..73925.90 rows=474070 width=4) (actual time=1571.608..1571.608 rows=496025 loops=1)
        Buckets: 131072  Batches: 8  Memory Usage: 3214kB
        ->  Seq Scan on title t  (cost=0.00..73925.90 rows=474070 width=4) (actual time=256.982..1180.496 rows=496025 loops=1)
              Filter: ((production_year < 2009) AND (kind_id = 1))
              Rows Removed by Filter: 2032287
Planning time: 0.925 ms
Execution time: 2838.026 ms
