Hash Join  (cost=123236.43..506050.88 rows=104626 width=0) (actual time=2336.121..10171.247 rows=473125 loops=1)
  Hash Cond: (mi.movie_id = t.id)
  ->  Seq Scan on movie_info mi  (cost=0.00..346232.03 rows=9476311 width=4) (actual time=0.015..5809.578 rows=9565151 loops=1)
        Filter: (info_type_id < 16)
        Rows Removed by Filter: 5270569
  ->  Hash  (cost=122887.47..122887.47 rows=27917 width=8) (actual time=2335.873..2335.873 rows=26749 loops=1)
        Buckets: 32768  Batches: 1  Memory Usage: 1301kB
        ->  Hash Join  (cost=67942.77..122887.47 rows=27917 width=8) (actual time=1129.809..2325.852 rows=26749 loops=1)
              Hash Cond: (mc.movie_id = t.id)
              ->  Seq Scan on movie_companies mc  (cost=0.00..44881.29 rows=2609129 width=4) (actual time=0.016..578.085 rows=2609129 loops=1)
              ->  Hash  (cost=67604.59..67604.59 rows=27055 width=4) (actual time=1129.293..1129.293 rows=26775 loops=1)
                    Buckets: 32768  Batches: 1  Memory Usage: 1198kB
                    ->  Seq Scan on title t  (cost=0.00..67604.59 rows=27055 width=4) (actual time=0.025..1117.730 rows=26775 loops=1)
                          Filter: (production_year = 1993)
                          Rows Removed by Filter: 2501537
Planning time: 1.163 ms
Execution time: 10232.141 ms
