Hash Join  (cost=73982.55..910027.91 rows=62095 width=0) (actual time=1251.901..22421.832 rows=106472 loops=1)
  Hash Cond: (ci.movie_id = t.id)
  ->  Seq Scan on cast_info ci  (cost=0.00..705507.15 rows=34644602 width=4) (actual time=0.021..13736.625 rows=34737248 loops=1)
        Filter: (person_id > 150998)
        Rows Removed by Filter: 1507096
  ->  Hash  (cost=73925.90..73925.90 rows=4532 width=4) (actual time=1250.727..1250.727 rows=8098 loops=1)
        Buckets: 8192  Batches: 1  Memory Usage: 349kB
        ->  Seq Scan on title t  (cost=0.00..73925.90 rows=4532 width=4) (actual time=0.079..1246.827 rows=8098 loops=1)
              Filter: ((kind_id = 7) AND (production_year = 1978))
              Rows Removed by Filter: 2520214
Planning time: 0.918 ms
Execution time: 22440.112 ms
