Hash Join  (cost=73994.33..160750.31 rows=9794 width=0) (actual time=1203.068..3075.752 rows=6056 loops=1)
  Hash Cond: (mk.movie_id = t.id)
  ->  Seq Scan on movie_keyword mk  (cost=0.00..69693.30 rows=4523930 width=4) (actual time=0.015..979.102 rows=4523930 loops=1)
  ->  Hash  (cost=73925.90..73925.90 rows=5474 width=4) (actual time=1202.697..1202.697 rows=7744 loops=1)
        Buckets: 8192  Batches: 1  Memory Usage: 337kB
        ->  Seq Scan on title t  (cost=0.00..73925.90 rows=5474 width=4) (actual time=0.235..1198.780 rows=7744 loops=1)
              Filter: ((kind_id > 1) AND (production_year = 1961))
              Rows Removed by Filter: 2520568
Planning time: 1.000 ms
Execution time: 3076.732 ms
