Seq Scan on movie_companies mc  (cost=0.00..57926.93 rows=1102811 width=0) (actual time=389.331..1028.483 rows=885392 loops=1)
  Filter: ((company_id < 77353) AND (company_type_id > 1))
  Rows Removed by Filter: 1723737
Planning time: 2.158 ms
Execution time: 1132.116 ms
