Seq Scan on cast_info ci  (cost=0.00..796071.18 rows=11788059 width=0) (actual time=0.022..14659.331 rows=18327157 loops=1)
  Filter: ((person_id > 1775799) AND (role_id > 1))
  Rows Removed by Filter: 17917187
Planning time: 0.334 ms
Execution time: 16895.788 ms
