Hash Join  (cost=96168.68..180701.62 rows=13057 width=0) (actual time=1244.408..2754.848 rows=8157 loops=1)
  Hash Cond: (mk.movie_id = t.id)
  ->  Seq Scan on movie_keyword mk  (cost=0.00..81003.12 rows=906467 width=4) (actual time=0.025..1354.856 rows=902431 loops=1)
        Filter: (keyword_id > 20452)
        Rows Removed by Filter: 3621499
  ->  Hash  (cost=95713.42..95713.42 rows=36421 width=8) (actual time=1243.459..1243.459 rows=14811 loops=1)
        Buckets: 65536  Batches: 1  Memory Usage: 1091kB
        ->  Hash Join  (cost=68438.72..95713.42 rows=36421 width=8) (actual time=558.972..1237.426 rows=14811 loops=1)
              Hash Cond: (mi_idx.movie_id = t.id)
              ->  Seq Scan on movie_info_idx mi_idx  (cost=0.00..21735.35 rows=1380035 width=4) (actual time=0.006..342.950 rows=1380035 loops=1)
              ->  Hash  (cost=67604.59..67604.59 rows=66731 width=4) (actual time=558.256..558.256 rows=67342 loops=1)
                    Buckets: 131072  Batches: 1  Memory Usage: 3392kB
                    ->  Seq Scan on title t  (cost=0.00..67604.59 rows=66731 width=4) (actual time=0.023..539.558 rows=67342 loops=1)
                          Filter: (production_year > 2012)
                          Rows Removed by Filter: 2460970
Planning time: 1.323 ms
Execution time: 2756.474 ms
