Hash Join  (cost=102767.86..184096.74 rows=561966 width=0) (actual time=2171.374..3957.387 rows=857790 loops=1)
  Hash Cond: (mc.movie_id = t.id)
  ->  Seq Scan on movie_companies mc  (cost=0.00..57926.93 rows=561966 width=4) (actual time=252.081..974.505 rows=857790 loops=1)
        Filter: ((company_id > 13858) AND (company_type_id > 1))
        Rows Removed by Filter: 1751339
  ->  Hash  (cost=61283.27..61283.27 rows=2528527 width=4) (actual time=1917.736..1917.736 rows=2528312 loops=1)
        Buckets: 131072  Batches: 64  Memory Usage: 2415kB
        ->  Seq Scan on title t  (cost=0.00..61283.27 rows=2528527 width=4) (actual time=0.045..1063.708 rows=2528312 loops=1)
Planning time: 0.787 ms
Execution time: 4059.042 ms
