Seq Scan on title t  (cost=0.00..73925.90 rows=5474 width=94) (actual time=1.052..1602.161 rows=6736 loops=1)
  Filter: ((kind_id > 1) AND (production_year = 1958))
  Rows Removed by Filter: 2521576
Planning time: 0.506 ms
Execution time: 1602.731 ms
