Hash Join  (cost=104818.80..744129.36 rows=13221973 width=0) (actual time=2092.950..19676.853 rows=12581749 loops=1)
  Hash Cond: (mi.movie_id = t.id)
  ->  Seq Scan on movie_info mi  (cost=0.00..309384.22 rows=14739122 width=4) (actual time=0.021..5867.589 rows=14835720 loops=1)
  ->  Hash  (cost=67604.59..67604.59 rows=2268257 width=4) (actual time=2087.972..2087.972 rows=2261229 loops=1)
        Buckets: 131072  Batches: 32  Memory Usage: 3520kB
        ->  Seq Scan on title t  (cost=0.00..67604.59 rows=2268257 width=4) (actual time=0.020..1342.460 rows=2261229 loops=1)
              Filter: (production_year > 1954)
              Rows Removed by Filter: 267083
Planning time: 0.744 ms
Execution time: 21146.518 ms
