Hash Join  (cost=111559.86..199169.23 rows=95133 width=0) (actual time=1983.665..3693.866 rows=68641 loops=1)
  Hash Cond: (mk.movie_id = t.id)
  ->  Seq Scan on movie_keyword mk  (cost=0.00..69693.30 rows=4523930 width=4) (actual time=0.018..897.569 rows=4523930 loops=1)
  ->  Hash  (cost=110895.21..110895.21 rows=53172 width=8) (actual time=1982.525..1982.525 rows=26312 loops=1)
        Buckets: 65536  Batches: 1  Memory Usage: 1540kB
        ->  Hash Join  (cost=78670.55..110895.21 rows=53172 width=8) (actual time=1268.303..1971.079 rows=26312 loops=1)
              Hash Cond: (mi_idx.movie_id = t.id)
              ->  Seq Scan on movie_info_idx mi_idx  (cost=0.00..25185.44 rows=464934 width=4) (actual time=0.015..437.425 rows=460185 loops=1)
                    Filter: (info_type_id > 100)
                    Rows Removed by Filter: 919850
              ->  Hash  (cost=73925.90..73925.90 rows=289172 width=4) (actual time=1267.288..1267.288 rows=292674 loops=1)
                    Buckets: 131072  Batches: 4  Memory Usage: 3617kB
                    ->  Seq Scan on title t  (cost=0.00..73925.90 rows=289172 width=4) (actual time=0.021..1167.085 rows=292674 loops=1)
                          Filter: ((kind_id > 1) AND (production_year > 2010))
                          Rows Removed by Filter: 2235638
Planning time: 1.128 ms
Execution time: 3703.181 ms
