Hash Join  (cost=162757.01..535298.70 rows=144918 width=0) (actual time=4073.373..9258.137 rows=40907 loops=1)
  Hash Cond: (mi.movie_id = t.id)
  ->  Seq Scan on movie_info mi  (cost=0.00..346232.03 rows=4972096 width=4) (actual time=1078.242..5223.065 rows=4923966 loops=1)
        Filter: (info_type_id < 5)
        Rows Removed by Filter: 9911754
  ->  Hash  (cost=161835.80..161835.80 rows=73697 width=8) (actual time=2993.886..2993.886 rows=20743 loops=1)
        Buckets: 131072  Batches: 1  Memory Usage: 1835kB
        ->  Hash Join  (cost=74440.79..161835.80 rows=73697 width=8) (actual time=2372.098..2986.912 rows=20743 loops=1)
              Hash Cond: (mk.movie_id = t.id)
              ->  Seq Scan on movie_keyword mk  (cost=0.00..69693.30 rows=4523930 width=4) (actual time=0.027..1014.226 rows=4523930 loops=1)
              ->  Hash  (cost=73925.90..73925.90 rows=41191 width=4) (actual time=1100.222..1100.222 rows=43851 loops=1)
                    Buckets: 65536  Batches: 1  Memory Usage: 2054kB
                    ->  Seq Scan on title t  (cost=0.00..73925.90 rows=41191 width=4) (actual time=0.023..1081.688 rows=43851 loops=1)
                          Filter: ((kind_id = 7) AND (production_year = 2003))
                          Rows Removed by Filter: 2484461
Planning time: 1.082 ms
Execution time: 9263.710 ms
