Hash Join  (cost=521607.22..1632963.44 rows=12938172 width=0) (actual time=10878.913..39931.656 rows=14776336 loops=1)
  Hash Cond: (ci.movie_id = t.id)
  ->  Seq Scan on cast_info ci  (cost=0.00..705507.15 rows=21105269 width=4) (actual time=1396.887..14811.748 rows=21248662 loops=1)
        Filter: (person_id > 1480068)
        Rows Removed by Filter: 14995682
  ->  Hash  (cost=496176.42..496176.42 rows=1550064 width=8) (actual time=9480.587..9480.587 rows=1533909 loops=1)
        Buckets: 131072  Batches: 32  Memory Usage: 2883kB
        ->  Hash Join  (cost=102767.86..496176.42 rows=1550064 width=8) (actual time=2155.819..9038.694 rows=1533909 loops=1)
              Hash Cond: (mi.movie_id = t.id)
              ->  Seq Scan on movie_info mi  (cost=0.00..346232.03 rows=1550064 width=4) (actual time=211.690..5418.565 rows=1533909 loops=1)
                    Filter: (info_type_id = 3)
                    Rows Removed by Filter: 13301811
              ->  Hash  (cost=61283.27..61283.27 rows=2528527 width=4) (actual time=1943.095..1943.095 rows=2528312 loops=1)
                    Buckets: 131072  Batches: 64  Memory Usage: 2425kB
                    ->  Seq Scan on title t  (cost=0.00..61283.27 rows=2528527 width=4) (actual time=0.017..1082.756 rows=2528312 loops=1)
Planning time: 1.210 ms
Execution time: 41588.779 ms
