Hash Join  (cost=212974.86..760338.08 rows=5198393 width=0) (actual time=4438.558..25546.646 rows=26638324 loops=1)
  Hash Cond: (mi.movie_id = t.id)
  ->  Seq Scan on movie_info mi  (cost=0.00..346232.03 rows=12545135 width=4) (actual time=0.025..7188.982 rows=12601870 loops=1)
        Filter: (info_type_id < 17)
        Rows Removed by Filter: 2233850
  ->  Hash  (cost=195784.88..195784.88 rows=1047759 width=8) (actual time=4437.661..4437.661 rows=925984 loops=1)
        Buckets: 131072  Batches: 16  Memory Usage: 3340kB
        ->  Hash Join  (cost=102767.86..195784.88 rows=1047759 width=8) (actual time=2293.565..4162.212 rows=925984 loops=1)
              Hash Cond: (mc.movie_id = t.id)
              ->  Seq Scan on movie_companies mc  (cost=0.00..57926.93 rows=1047759 width=4) (actual time=385.772..1098.466 rows=925984 loops=1)
                    Filter: ((company_id > 402) AND (company_type_id < 2))
                    Rows Removed by Filter: 1683145
              ->  Hash  (cost=61283.27..61283.27 rows=2528527 width=4) (actual time=1906.001..1906.001 rows=2528312 loops=1)
                    Buckets: 131072  Batches: 64  Memory Usage: 2415kB
                    ->  Seq Scan on title t  (cost=0.00..61283.27 rows=2528527 width=4) (actual time=0.020..1044.316 rows=2528312 loops=1)
Planning time: 2.757 ms
Execution time: 28666.749 ms
