Hash Join  (cost=52284.99..416946.98 rows=606 width=0) (actual time=939.466..8470.025 rows=5976 loops=1)
  Hash Cond: (mi.movie_id = t.id)
  ->  Seq Scan on movie_info mi  (cost=0.00..309384.22 rows=14739122 width=4) (actual time=0.014..4797.829 rows=14835720 loops=1)
  ->  Hash  (cost=52283.69..52283.69 rows=104 width=8) (actual time=936.448..936.448 rows=339 loops=1)
        Buckets: 1024  Batches: 1  Memory Usage: 22kB
        ->  Nested Loop  (cost=0.43..52283.69 rows=104 width=8) (actual time=127.112..936.252 rows=339 loops=1)
              ->  Seq Scan on movie_companies mc  (cost=0.00..51404.11 rows=104 width=4) (actual time=127.062..911.765 rows=339 loops=1)
                    Filter: (company_id = 4283)
                    Rows Removed by Filter: 2608790
              ->  Index Only Scan using title_pkey on title t  (cost=0.43..8.45 rows=1 width=4) (actual time=0.071..0.071 rows=1 loops=339)
                    Index Cond: (id = mc.movie_id)
                    Heap Fetches: 339
Planning time: 1.136 ms
Execution time: 8471.086 ms
