Hash Join  (cost=70241.71..158248.71 rows=33219 width=0) (actual time=1237.671..2719.791 rows=13773 loops=1)
  Hash Cond: (mk.movie_id = t.id)
  ->  Seq Scan on movie_keyword mk  (cost=0.00..81003.12 rows=522581 width=4) (actual time=0.028..1246.104 rows=520878 loops=1)
        Filter: (keyword_id < 382)
        Rows Removed by Filter: 4003052
  ->  Hash  (cost=67604.59..67604.59 rows=160730 width=4) (actual time=1233.985..1233.985 rows=160017 loops=1)
        Buckets: 131072  Batches: 4  Memory Usage: 2442kB
        ->  Seq Scan on title t  (cost=0.00..67604.59 rows=160730 width=4) (actual time=0.015..1175.113 rows=160017 loops=1)
              Filter: (production_year = 2011)
              Rows Removed by Filter: 2368295
Planning time: 0.737 ms
Execution time: 2721.891 ms
