Seq Scan on movie_keyword mk  (cost=0.00..81003.12 rows=1933934 width=0) (actual time=0.019..1400.307 rows=1943548 loops=1)
  Filter: (keyword_id > 6727)
  Rows Removed by Filter: 2580382
Planning time: 0.350 ms
Execution time: 1633.853 ms
