Hash Join  (cost=83810.17..889105.05 rows=135445 width=0) (actual time=3287.559..14668.699 rows=133996 loops=1)
  Hash Cond: (ci.movie_id = t.id)
  ->  Seq Scan on cast_info ci  (cost=0.00..796071.18 rows=346731 width=4) (actual time=1909.904..12984.212 rows=189237 loops=1)
        Filter: ((person_id < 1378766) AND (role_id = 5))
        Rows Removed by Filter: 36055107
  ->  Hash  (cost=67604.59..67604.59 rows=987727 width=4) (actual time=1375.331..1375.331 rows=985048 loops=1)
        Buckets: 131072  Batches: 16  Memory Usage: 3188kB
        ->  Seq Scan on title t  (cost=0.00..67604.59 rows=987727 width=4) (actual time=0.020..1081.051 rows=985048 loops=1)
              Filter: (kind_id < 7)
              Rows Removed by Filter: 1543264
Planning time: 0.752 ms
Execution time: 14685.940 ms
