Hash Join  (cost=74050.79..1079872.33 rows=2466645 width=0) (actual time=1279.281..23918.537 rows=2501499 loops=1)
  Hash Cond: (ci.movie_id = t.id)
  ->  Seq Scan on cast_info ci  (cost=0.00..796071.18 rows=15874376 width=4) (actual time=0.023..15366.968 rows=14517490 loops=1)
        Filter: ((person_id > 1769139) AND (role_id < 10))
        Rows Removed by Filter: 21726854
  ->  Hash  (cost=67604.59..67604.59 rows=392896 width=4) (actual time=1278.250..1278.250 rows=391666 loops=1)
        Buckets: 131072  Batches: 8  Memory Usage: 2753kB
        ->  Seq Scan on title t  (cost=0.00..67604.59 rows=392896 width=4) (actual time=0.018..1144.631 rows=391666 loops=1)
              Filter: (production_year > 2010)
              Rows Removed by Filter: 2136646
Planning time: 0.824 ms
Execution time: 24199.469 ms
