Seq Scan on cast_info ci  (cost=0.00..796071.18 rows=1470211 width=0) (actual time=2941.473..12404.911 rows=4168147 loops=1)
  Filter: ((person_id > 2783868) AND (role_id > 8))
  Rows Removed by Filter: 32076197
Planning time: 0.352 ms
Execution time: 12919.740 ms
