Hash Join  (cost=166206.12..692502.77 rows=4357074 width=0) (actual time=4017.617..21744.796 rows=12852858 loops=1)
  Hash Cond: (mi.movie_id = t.id)
  ->  Seq Scan on movie_info mi  (cost=0.00..309384.22 rows=14739122 width=4) (actual time=0.013..6415.337 rows=14835720 loops=1)
  ->  Hash  (cost=153942.80..153942.80 rows=747465 width=8) (actual time=4016.565..4016.565 rows=832054 loops=1)
        Buckets: 131072  Batches: 16  Memory Usage: 3071kB
        ->  Hash Join  (cost=101489.21..153942.80 rows=747465 width=8) (actual time=1931.442..3778.579 rows=832054 loops=1)
              Hash Cond: (mi_idx.movie_id = t.id)
              ->  Seq Scan on movie_info_idx mi_idx  (cost=0.00..25185.44 rows=915101 width=4) (actual time=0.025..464.788 rows=919850 loops=1)
                    Filter: (info_type_id < 101)
                    Rows Removed by Filter: 460185
              ->  Hash  (cost=67604.59..67604.59 rows=2065330 width=4) (actual time=1930.086..1930.086 rows=2064552 loops=1)
                    Buckets: 131072  Batches: 32  Memory Usage: 3289kB
                    ->  Seq Scan on title t  (cost=0.00..67604.59 rows=2065330 width=4) (actual time=0.020..1299.232 rows=2064552 loops=1)
                          Filter: (production_year < 2011)
                          Rows Removed by Filter: 463760
Planning time: 1.198 ms
Execution time: 23333.505 ms
