Seq Scan on movie_companies mc  (cost=0.00..51404.11 rows=599017 width=0) (actual time=0.028..864.911 rows=595912 loops=1)
  Filter: (company_id < 687)
  Rows Removed by Filter: 2013217
Planning time: 0.356 ms
Execution time: 940.328 ms
