Hash Join  (cost=75798.76..908985.31 rows=137786 width=0) (actual time=1235.983..17784.318 rows=76128 loops=1)
  Hash Cond: (ci.movie_id = t.id)
  ->  Seq Scan on cast_info ci  (cost=0.00..796071.18 rows=3052137 width=4) (actual time=0.021..14812.216 rows=4103417 loops=1)
        Filter: ((person_id > 1231428) AND (role_id > 9))
        Rows Removed by Filter: 32140927
  ->  Hash  (cost=73925.90..73925.90 rows=114148 width=4) (actual time=1232.636..1232.636 rows=244041 loops=1)
        Buckets: 131072 (originally 131072)  Batches: 4 (originally 2)  Memory Usage: 3171kB
        ->  Seq Scan on title t  (cost=0.00..73925.90 rows=114148 width=4) (actual time=500.346..1144.214 rows=244041 loops=1)
              Filter: ((production_year < 1974) AND (kind_id = 1))
              Rows Removed by Filter: 2284271
Planning time: 0.819 ms
Execution time: 17794.847 ms
