Hash Join  (cost=102767.86..245434.53 rows=2152095 width=0) (actual time=2455.540..6698.914 rows=2149410 loops=1)
  Hash Cond: (mk.movie_id = t.id)
  ->  Seq Scan on movie_keyword mk  (cost=0.00..81003.12 rows=2152095 width=4) (actual time=0.020..1614.237 rows=2149410 loops=1)
        Filter: (keyword_id > 5405)
        Rows Removed by Filter: 2374520
  ->  Hash  (cost=61283.27..61283.27 rows=2528527 width=4) (actual time=2453.980..2453.980 rows=2528312 loops=1)
        Buckets: 131072  Batches: 64  Memory Usage: 2425kB
        ->  Seq Scan on title t  (cost=0.00..61283.27 rows=2528527 width=4) (actual time=0.018..1214.925 rows=2528312 loops=1)
Planning time: 0.789 ms
Execution time: 6958.295 ms
