Hash Join  (cost=95011.03..654749.91 rows=7491195 width=0) (actual time=1927.574..16953.430 rows=3338016 loops=1)
  Hash Cond: (mi.movie_id = t.id)
  ->  Seq Scan on movie_info mi  (cost=0.00..309384.22 rows=14739122 width=4) (actual time=0.013..6188.877 rows=14835720 loops=1)
  ->  Hash  (cost=73925.90..73925.90 rows=1285130 width=4) (actual time=1925.296..1925.296 rows=1366141 loops=1)
        Buckets: 131072  Batches: 32  Memory Usage: 2535kB
        ->  Seq Scan on title t  (cost=0.00..73925.90 rows=1285130 width=4) (actual time=0.019..1467.896 rows=1366141 loops=1)
              Filter: ((production_year > 1968) AND (kind_id = 7))
              Rows Removed by Filter: 1162171
Planning time: 2.918 ms
Execution time: 17358.422 ms
