Hash Join  (cost=102207.05..157184.09 rows=31151 width=0) (actual time=1914.418..3242.193 rows=127571 loops=1)
  Hash Cond: (mc.movie_id = t.id)
  ->  Seq Scan on movie_companies mc  (cost=0.00..44881.29 rows=2609129 width=4) (actual time=0.022..666.767 rows=2609129 loops=1)
  ->  Hash  (cost=101829.69..101829.69 rows=30189 width=8) (actual time=1914.095..1914.095 rows=39380 loops=1)
        Buckets: 65536 (originally 32768)  Batches: 1 (originally 1)  Memory Usage: 2051kB
        ->  Hash Join  (cost=74617.32..101829.69 rows=30189 width=8) (actual time=1234.714..1899.737 rows=39380 loops=1)
              Hash Cond: (mi_idx.movie_id = t.id)
              ->  Seq Scan on movie_info_idx mi_idx  (cost=0.00..21735.35 rows=1380035 width=4) (actual time=0.014..331.141 rows=1380035 loops=1)
              ->  Hash  (cost=73925.90..73925.90 rows=55313 width=4) (actual time=1234.340..1234.340 rows=49075 loops=1)
                    Buckets: 65536  Batches: 1  Memory Usage: 2238kB
                    ->  Seq Scan on title t  (cost=0.00..73925.90 rows=55313 width=4) (actual time=0.167..1214.155 rows=49075 loops=1)
                          Filter: ((kind_id < 7) AND (production_year = 2010))
                          Rows Removed by Filter: 2479237
Planning time: 1.120 ms
Execution time: 3259.655 ms
