Hash Join  (cost=104071.89..214001.81 rows=2293599 width=0) (actual time=2113.820..6147.260 rows=2108017 loops=1)
  Hash Cond: (mc.movie_id = t.id)
  ->  Seq Scan on movie_companies mc  (cost=0.00..44881.29 rows=2609129 width=4) (actual time=0.023..932.973 rows=2609129 loops=1)
  ->  Hash  (cost=67604.59..67604.59 rows=2222744 width=4) (actual time=2112.885..2112.885 rows=2214818 loops=1)
        Buckets: 131072  Batches: 32  Memory Usage: 3459kB
        ->  Seq Scan on title t  (cost=0.00..67604.59 rows=2222744 width=4) (actual time=0.022..1395.765 rows=2214818 loops=1)
              Filter: (production_year > 1959)
              Rows Removed by Filter: 313494
Planning time: 0.770 ms
Execution time: 6393.123 ms
