Hash Join  (cost=83074.56..834352.49 rows=880 width=0) (actual time=1285.227..16849.647 rows=174 loops=1)
  Hash Cond: (ci.movie_id = t.id)
  ->  Seq Scan on cast_info ci  (cost=0.00..705507.15 rows=12203201 width=4) (actual time=0.025..14008.334 rows=12113646 loops=1)
        Filter: (role_id > 3)
        Rows Removed by Filter: 24130698
  ->  Hash  (cost=83072.29..83072.29 rows=182 width=8) (actual time=1191.764..1191.764 rows=9 loops=1)
        Buckets: 1024  Batches: 1  Memory Usage: 9kB
        ->  Nested Loop  (cost=0.43..83072.29 rows=182 width=8) (actual time=52.131..1191.740 rows=9 loops=1)
              ->  Seq Scan on movie_keyword mk  (cost=0.00..81003.12 rows=246 width=4) (actual time=52.080..1190.617 rows=25 loops=1)
                    Filter: (keyword_id = 3370)
                    Rows Removed by Filter: 4523905
              ->  Index Scan using title_pkey on title t  (cost=0.43..8.40 rows=1 width=4) (actual time=0.039..0.040 rows=0 loops=25)
                    Index Cond: (id = mk.movie_id)
                    Filter: (production_year > 1984)
                    Rows Removed by Filter: 1
Planning time: 1.243 ms
Execution time: 16849.962 ms
