Hash Join  (cost=96369.51..146872.17 rows=746618 width=0) (actual time=1889.951..3361.325 rows=410817 loops=1)
  Hash Cond: (mi_idx.movie_id = t.id)
  ->  Seq Scan on movie_info_idx mi_idx  (cost=0.00..21735.35 rows=1380035 width=4) (actual time=0.013..494.169 rows=1380035 loops=1)
  ->  Hash  (cost=73925.90..73925.90 rows=1367968 width=4) (actual time=1873.436..1873.436 rows=1339686 loops=1)
        Buckets: 131072  Batches: 32  Memory Usage: 2491kB
        ->  Seq Scan on title t  (cost=0.00..73925.90 rows=1367968 width=4) (actual time=0.066..1447.162 rows=1339686 loops=1)
              Filter: ((kind_id > 4) AND (production_year < 2012))
              Rows Removed by Filter: 1188626
Planning time: 0.761 ms
Execution time: 3414.632 ms
