Hash Join  (cost=67697.55..128575.83 rows=2297 width=0) (actual time=1526.883..2123.445 rows=3259 loops=1)
  Hash Cond: (mc.movie_id = t.id)
  ->  Seq Scan on movie_companies mc  (cost=0.00..57926.93 rows=780901 width=4) (actual time=442.592..940.331 rows=565859 loops=1)
        Filter: ((company_id > 5258) AND (company_type_id = 1))
        Rows Removed by Filter: 2043270
  ->  Hash  (cost=67604.59..67604.59 rows=7437 width=4) (actual time=1081.509..1081.509 rows=13623 loops=1)
        Buckets: 16384 (originally 8192)  Batches: 1 (originally 1)  Memory Usage: 607kB
        ->  Seq Scan on title t  (cost=0.00..67604.59 rows=7437 width=4) (actual time=0.052..1074.364 rows=13623 loops=1)
              Filter: (production_year = 1972)
              Rows Removed by Filter: 2514689
Planning time: 1.055 ms
Execution time: 2124.203 ms
