Hash Join  (cost=79601.51..120533.80 rows=188781 width=0) (actual time=1469.613..2708.424 rows=436221 loops=1)
  Hash Cond: (mi_idx.movie_id = t.id)
  ->  Seq Scan on movie_info_idx mi_idx  (cost=0.00..21735.35 rows=1380035 width=4) (actual time=0.007..492.638 rows=1380035 loops=1)
  ->  Hash  (cost=73925.90..73925.90 rows=345888 width=4) (actual time=1468.668..1468.668 rows=457402 loops=1)
        Buckets: 131072  Batches: 8  Memory Usage: 3047kB
        ->  Seq Scan on title t  (cost=0.00..73925.90 rows=345888 width=4) (actual time=0.024..1323.638 rows=457402 loops=1)
              Filter: ((kind_id < 7) AND (production_year < 1997))
              Rows Removed by Filter: 2070910
Planning time: 1.701 ms
Execution time: 2755.265 ms
