Hash Join  (cost=102767.86..197945.83 rows=1137541 width=0) (actual time=2036.292..4467.611 rows=1274246 loops=1)
  Hash Cond: (mc.movie_id = t.id)
  ->  Seq Scan on movie_companies mc  (cost=0.00..57926.93 rows=1137541 width=4) (actual time=0.019..1195.565 rows=1274246 loops=1)
        Filter: ((company_id < 94756) AND (company_type_id < 2))
        Rows Removed by Filter: 1334883
  ->  Hash  (cost=61283.27..61283.27 rows=2528527 width=4) (actual time=2034.597..2034.597 rows=2528312 loops=1)
        Buckets: 131072  Batches: 64  Memory Usage: 2415kB
        ->  Seq Scan on title t  (cost=0.00..61283.27 rows=2528527 width=4) (actual time=0.034..1164.152 rows=2528312 loops=1)
Planning time: 0.803 ms
Execution time: 4598.528 ms
