Hash Join  (cost=75482.52..199552.55 rows=169700 width=0) (actual time=1637.277..4329.744 rows=467739 loops=1)
  Hash Cond: (mk.movie_id = t.id)
  ->  Seq Scan on movie_keyword mk  (cost=0.00..69693.30 rows=4523930 width=4) (actual time=0.017..1282.317 rows=4523930 loops=1)
  ->  Hash  (cost=73925.90..73925.90 rows=94849 width=4) (actual time=1146.975..1146.975 rows=117911 loops=1)
        Buckets: 131072  Batches: 2  Memory Usage: 3101kB
        ->  Seq Scan on title t  (cost=0.00..73925.90 rows=94849 width=4) (actual time=12.453..1103.720 rows=117911 loops=1)
              Filter: ((production_year > 1969) AND (kind_id = 4))
              Rows Removed by Filter: 2410401
Planning time: 2.542 ms
Execution time: 4386.503 ms
