Hash Join  (cost=73962.22..100888.56 rows=1586 width=0) (actual time=1053.424..1585.157 rows=663 loops=1)
  Hash Cond: (mi_idx.movie_id = t.id)
  ->  Seq Scan on movie_info_idx mi_idx  (cost=0.00..21735.35 rows=1380035 width=4) (actual time=0.024..249.956 rows=1380035 loops=1)
  ->  Hash  (cost=73925.90..73925.90 rows=2905 width=4) (actual time=1050.071..1050.071 rows=8902 loops=1)
        Buckets: 16384 (originally 4096)  Batches: 1 (originally 1)  Memory Usage: 441kB
        ->  Seq Scan on title t  (cost=0.00..73925.90 rows=2905 width=4) (actual time=74.634..1046.297 rows=8902 loops=1)
              Filter: ((kind_id < 7) AND (production_year = 1913))
              Rows Removed by Filter: 2519410
Planning time: 0.800 ms
Execution time: 1585.443 ms
