Hash Join  (cost=465578.79..548708.05 rows=586074 width=0) (actual time=8302.398..11111.750 rows=1703946 loops=1)
  Hash Cond: (mc.movie_id = t.id)
  ->  Seq Scan on movie_companies mc  (cost=0.00..44881.29 rows=2609129 width=4) (actual time=0.059..1024.568 rows=2609129 loops=1)
  ->  Hash  (cost=456260.20..456260.20 rows=567968 width=8) (actual time=8298.710..8298.710 rows=644937 loops=1)
        Buckets: 131072 (originally 131072)  Batches: 16 (originally 8)  Memory Usage: 3073kB
        ->  Hash Join  (cost=82805.75..456260.20 rows=567968 width=8) (actual time=4053.360..8110.711 rows=644937 loops=1)
              Hash Cond: (mi.movie_id = t.id)
              ->  Seq Scan on movie_info mi  (cost=0.00..346232.03 rows=1550064 width=4) (actual time=2265.693..5264.323 rows=1533909 loops=1)
                    Filter: (info_type_id = 3)
                    Rows Removed by Filter: 13301811
              ->  Hash  (cost=67604.59..67604.59 rows=926493 width=4) (actual time=1786.732..1786.732 rows=924605 loops=1)
                    Buckets: 131072  Batches: 16  Memory Usage: 3064kB
                    ->  Seq Scan on title t  (cost=0.00..67604.59 rows=926493 width=4) (actual time=0.011..1302.837 rows=924605 loops=1)
                          Filter: (production_year < 1998)
                          Rows Removed by Filter: 1603707
Planning time: 1.183 ms
Execution time: 11315.397 ms
