Hash Join  (cost=81282.57..114368.10 rows=81743 width=0) (actual time=1540.914..1972.661 rows=40539 loops=1)
  Hash Cond: (mi_idx.movie_id = t.id)
  ->  Seq Scan on movie_info_idx mi_idx  (cost=0.00..25185.44 rows=460978 width=4) (actual time=0.022..385.407 rows=459925 loops=1)
        Filter: (info_type_id = 99)
        Rows Removed by Filter: 920110
  ->  Hash  (cost=73925.90..73925.90 rows=448373 width=4) (actual time=1332.999..1332.999 rows=329492 loops=1)
        Buckets: 131072  Batches: 8  Memory Usage: 2461kB
        ->  Seq Scan on title t  (cost=0.00..73925.90 rows=448373 width=4) (actual time=211.977..1220.449 rows=329492 loops=1)
              Filter: ((production_year < 1992) AND (kind_id = 7))
              Rows Removed by Filter: 2198820
Planning time: 0.768 ms
Execution time: 1977.552 ms
