Hash Join  (cost=254580.12..354308.68 rows=1553563 width=0) (actual time=5156.728..10615.872 rows=11028087 loops=1)
  Hash Cond: (mc.movie_id = t.id)
  ->  Seq Scan on movie_companies mc  (cost=0.00..44881.29 rows=2609129 width=4) (actual time=0.009..1017.459 rows=2609129 loops=1)
  ->  Hash  (cost=229878.49..229878.49 rows=1505570 width=8) (actual time=5155.370..5155.370 rows=1514488 loops=1)
        Buckets: 131072  Batches: 32  Memory Usage: 2857kB
        ->  Hash Join  (cost=102767.86..229878.49 rows=1505570 width=8) (actual time=1701.061..4721.564 rows=1514488 loops=1)
              Hash Cond: (mk.movie_id = t.id)
              ->  Seq Scan on movie_keyword mk  (cost=0.00..81003.12 rows=1505570 width=4) (actual time=0.018..1447.987 rows=1514488 loops=1)
                    Filter: (keyword_id < 2197)
                    Rows Removed by Filter: 3009442
              ->  Hash  (cost=61283.27..61283.27 rows=2528527 width=4) (actual time=1700.002..1700.002 rows=2528312 loops=1)
                    Buckets: 131072  Batches: 64  Memory Usage: 2425kB
                    ->  Seq Scan on title t  (cost=0.00..61283.27 rows=2528527 width=4) (actual time=0.015..840.128 rows=2528312 loops=1)
Planning time: 1.134 ms
Execution time: 11897.942 ms
