Nested Loop  (cost=0.43..83071.67 rows=246 width=0) (actual time=118.729..1324.925 rows=105 loops=1)
  ->  Seq Scan on movie_keyword mk  (cost=0.00..81003.12 rows=246 width=4) (actual time=118.630..1322.480 rows=105 loops=1)
        Filter: (keyword_id = 36330)
        Rows Removed by Filter: 4523825
  ->  Index Only Scan using title_pkey on title t  (cost=0.43..8.40 rows=1 width=4) (actual time=0.021..0.021 rows=1 loops=105)
        Index Cond: (id = mk.movie_id)
        Heap Fetches: 105
Planning time: 0.774 ms
Execution time: 1325.033 ms
