Hash Join  (cost=90416.96..234329.23 rows=1798324 width=0) (actual time=2680.214..5154.521 rows=445579 loops=1)
  Hash Cond: (mk.movie_id = t.id)
  ->  Seq Scan on movie_keyword mk  (cost=0.00..69693.30 rows=4523930 width=4) (actual time=0.009..1349.809 rows=4523930 loops=1)
  ->  Hash  (cost=73925.90..73925.90 rows=1005124 width=4) (actual time=1608.307..1608.307 rows=1099095 loops=1)
        Buckets: 131072  Batches: 16  Memory Usage: 3453kB
        ->  Seq Scan on title t  (cost=0.00..73925.90 rows=1005124 width=4) (actual time=0.008..1256.139 rows=1099095 loops=1)
              Filter: ((production_year > 1994) AND (kind_id = 7))
              Rows Removed by Filter: 1429217
Planning time: 0.574 ms
Execution time: 5207.216 ms
