Seq Scan on movie_companies mc  (cost=0.00..57926.93 rows=439001 width=0) (actual time=0.028..957.645 rows=631770 loops=1)
  Filter: ((company_id < 2784) AND (company_type_id < 2))
  Rows Removed by Filter: 1977359
Planning time: 0.336 ms
Execution time: 1037.599 ms
