Seq Scan on cast_info ci  (cost=0.00..705507.15 rows=24800253 width=0) (actual time=2104.851..13296.634 rows=24911413 loops=1)
  Filter: (person_id > 1113257)
  Rows Removed by Filter: 11332931
Planning time: 0.323 ms
Execution time: 16364.035 ms
