Hash Join  (cost=266393.65..940340.97 rows=14741459 width=0) (actual time=6659.219..37015.242 rows=65982056 loops=1)
  Hash Cond: (mi.movie_id = t.id)
  ->  Seq Scan on movie_info mi  (cost=0.00..309384.22 rows=14739122 width=4) (actual time=0.019..6387.597 rows=14835720 loops=1)
  ->  Hash  (cost=224903.05..224903.05 rows=2528928 width=8) (actual time=6657.860..6657.860 rows=2528953 loops=1)
        Buckets: 131072  Batches: 64  Memory Usage: 2642kB
        ->  Hash Join  (cost=102767.86..224903.05 rows=2528928 width=8) (actual time=2291.977..5928.152 rows=2528953 loops=1)
              Hash Cond: (mc.movie_id = t.id)
              ->  Seq Scan on movie_companies mc  (cost=0.00..51404.11 rows=2528928 width=4) (actual time=0.027..1183.313 rows=2528953 loops=1)
                    Filter: (company_id < 169962)
                    Rows Removed by Filter: 80176
              ->  Hash  (cost=61283.27..61283.27 rows=2528527 width=4) (actual time=2290.142..2290.142 rows=2528312 loops=1)
                    Buckets: 131072  Batches: 64  Memory Usage: 2415kB
                    ->  Seq Scan on title t  (cost=0.00..61283.27 rows=2528527 width=4) (actual time=0.026..1187.955 rows=2528312 loops=1)
Planning time: 1.166 ms
Execution time: 44278.531 ms
