Hash Join  (cost=76379.89..902313.40 rows=429452 width=0) (actual time=3786.587..17795.508 rows=1567376 loops=1)
  Hash Cond: (ci.movie_id = t.id)
  ->  Seq Scan on cast_info ci  (cost=0.00..796071.18 rows=2030351 width=4) (actual time=2176.992..12902.516 rows=5687265 loops=1)
        Filter: ((person_id > 2899951) AND (role_id > 4))
        Rows Removed by Filter: 30557079
  ->  Hash  (cost=67604.59..67604.59 rows=534824 width=4) (actual time=1608.645..1608.645 rows=533369 loops=1)
        Buckets: 131072  Batches: 8  Memory Usage: 3369kB
        ->  Seq Scan on title t  (cost=0.00..67604.59 rows=534824 width=4) (actual time=0.021..1194.383 rows=533369 loops=1)
              Filter: (production_year > 2009)
              Rows Removed by Filter: 1994943
Planning time: 0.852 ms
Execution time: 17991.340 ms
