Hash Join  (cost=102767.86..246765.77 rows=2207433 width=0) (actual time=2410.145..6146.182 rows=2207478 loops=1)
  Hash Cond: (mk.movie_id = t.id)
  ->  Seq Scan on movie_keyword mk  (cost=0.00..81003.12 rows=2207433 width=4) (actual time=0.021..1648.679 rows=2207478 loops=1)
        Filter: (keyword_id < 4456)
        Rows Removed by Filter: 2316452
  ->  Hash  (cost=61283.27..61283.27 rows=2528527 width=4) (actual time=2408.001..2408.001 rows=2528312 loops=1)
        Buckets: 131072  Batches: 64  Memory Usage: 2425kB
        ->  Seq Scan on title t  (cost=0.00..61283.27 rows=2528527 width=4) (actual time=0.021..1092.493 rows=2528312 loops=1)
Planning time: 0.767 ms
Execution time: 6417.297 ms
