Nested Loop  (cost=0.43..797179.77 rows=65 width=0) (actual time=1473.261..13285.152 rows=119 loops=1)
  ->  Seq Scan on cast_info ci  (cost=0.00..796071.18 rows=131 width=4) (actual time=1473.076..13283.066 rows=135 loops=1)
        Filter: ((role_id > 4) AND (person_id = 3589533))
        Rows Removed by Filter: 36244209
  ->  Index Scan using title_pkey on title t  (cost=0.43..8.45 rows=1 width=4) (actual time=0.014..0.014 rows=1 loops=135)
        Index Cond: (id = ci.movie_id)
        Filter: ((production_year < 2011) AND (kind_id = 7))
        Rows Removed by Filter: 0
Planning time: 0.840 ms
Execution time: 13285.294 ms
