Hash Join  (cost=94978.31..1018600.16 rows=7192897 width=0) (actual time=1831.944..22208.888 rows=7391677 loops=1)
  Hash Cond: (ci.movie_id = t.id)
  ->  Seq Scan on cast_info ci  (cost=0.00..705507.15 rows=10900745 width=4) (actual time=0.012..12969.597 rows=10788313 loops=1)
        Filter: (person_id < 1059010)
        Rows Removed by Filter: 25456031
  ->  Hash  (cost=67604.59..67604.59 rows=1668458 width=4) (actual time=1830.811..1830.811 rows=1671292 loops=1)
        Buckets: 131072  Batches: 32  Memory Usage: 2858kB
        ->  Seq Scan on title t  (cost=0.00..67604.59 rows=1668458 width=4) (actual time=0.029..1297.833 rows=1671292 loops=1)
              Filter: (production_year < 2008)
              Rows Removed by Filter: 857020
Planning time: 2.521 ms
Execution time: 23002.718 ms
