Hash Join  (cost=75342.47..141029.19 rows=39975 width=0) (actual time=1349.210..2678.183 rows=27616 loops=1)
  Hash Cond: (mc.movie_id = t.id)
  ->  Seq Scan on movie_companies mc  (cost=0.00..51404.11 rows=1171429 width=4) (actual time=0.024..908.910 rows=1166503 loops=1)
        Filter: (company_id < 9749)
        Rows Removed by Filter: 1442626
  ->  Hash  (cost=73925.90..73925.90 rows=86285 width=4) (actual time=1283.365..1283.365 rows=92628 loops=1)
        Buckets: 131072  Batches: 2  Memory Usage: 2653kB
        ->  Seq Scan on title t  (cost=0.00..73925.90 rows=86285 width=4) (actual time=0.023..1248.569 rows=92628 loops=1)
              Filter: ((kind_id = 7) AND (production_year = 2010))
              Rows Removed by Filter: 2435684
Planning time: 0.867 ms
Execution time: 2682.394 ms
