Nested Loop  (cost=0.43..52283.95 rows=41 width=0) (actual time=21.134..549.095 rows=26 loops=1)
  ->  Seq Scan on movie_companies mc  (cost=0.00..51404.11 rows=104 width=4) (actual time=21.084..548.045 rows=26 loops=1)
        Filter: (company_id = 275)
        Rows Removed by Filter: 2609103
  ->  Index Scan using title_pkey on title t  (cost=0.43..8.45 rows=1 width=4) (actual time=0.036..0.037 rows=1 loops=26)
        Index Cond: (id = mc.movie_id)
        Filter: (kind_id < 7)
Planning time: 0.825 ms
Execution time: 549.213 ms
