Hash Join  (cost=83810.17..188654.06 rows=504585 width=0) (actual time=1387.791..3894.337 rows=1097703 loops=1)
  Hash Cond: (mk.movie_id = t.id)
  ->  Seq Scan on movie_keyword mk  (cost=0.00..81003.12 rows=1291709 width=4) (actual time=0.022..1437.572 rows=1303122 loops=1)
        Filter: (keyword_id > 13504)
        Rows Removed by Filter: 3220808
  ->  Hash  (cost=67604.59..67604.59 rows=987727 width=4) (actual time=1386.962..1386.962 rows=985048 loops=1)
        Buckets: 131072  Batches: 16  Memory Usage: 3197kB
        ->  Seq Scan on title t  (cost=0.00..67604.59 rows=987727 width=4) (actual time=0.029..1073.198 rows=985048 loops=1)
              Filter: (kind_id < 7)
              Rows Removed by Filter: 1543264
Planning time: 0.706 ms
Execution time: 4030.444 ms
