Seq Scan on movie_companies mc  (cost=0.00..57926.93 rows=939538 width=0) (actual time=378.349..1071.331 rows=1240629 loops=1)
  Filter: ((company_id < 45697) AND (company_type_id < 2))
  Rows Removed by Filter: 1368500
Planning time: 19.053 ms
Execution time: 1235.593 ms
