Hash Join  (cost=91985.12..640254.48 rows=6416343 width=0) (actual time=1969.187..15839.080 rows=3579731 loops=1)
  Hash Cond: (mi.movie_id = t.id)
  ->  Seq Scan on movie_info mi  (cost=0.00..309384.22 rows=14739122 width=4) (actual time=0.015..5534.686 rows=14835720 loops=1)
  ->  Hash  (cost=73925.90..73925.90 rows=1100737 width=4) (actual time=1966.788..1966.788 rows=1050853 loops=1)
        Buckets: 131072  Batches: 16  Memory Usage: 3343kB
        ->  Seq Scan on title t  (cost=0.00..73925.90 rows=1100737 width=4) (actual time=0.023..1332.015 rows=1050853 loops=1)
              Filter: ((kind_id > 3) AND (production_year < 2008))
              Rows Removed by Filter: 1477459
Planning time: 0.951 ms
Execution time: 16282.382 ms
