Seq Scan on movie_keyword mk  (cost=0.00..81003.12 rows=246 width=0) (actual time=23.119..1229.770 rows=43 loops=1)
  Filter: (keyword_id = 21124)
  Rows Removed by Filter: 4523887
Planning time: 0.365 ms
Execution time: 1229.893 ms
