Hash Join  (cost=77490.57..570809.46 rows=1266397 width=0) (actual time=1122.773..13010.301 rows=599328 loops=1)
  Hash Cond: (mi.movie_id = t.id)
  ->  Seq Scan on movie_info mi  (cost=0.00..309384.22 rows=14739122 width=4) (actual time=0.014..5912.942 rows=14835720 loops=1)
  ->  Hash  (cost=73925.90..73925.90 rows=217253 width=4) (actual time=1122.002..1122.002 rows=112299 loops=1)
        Buckets: 131072  Batches: 4  Memory Usage: 2014kB
        ->  Seq Scan on title t  (cost=0.00..73925.90 rows=217253 width=4) (actual time=0.031..1080.616 rows=112299 loops=1)
              Filter: ((production_year < 1969) AND (kind_id = 7))
              Rows Removed by Filter: 2416013
Planning time: 0.790 ms
Execution time: 13082.100 ms
