Hash Join  (cost=80599.54..161435.45 rows=419738 width=0) (actual time=1351.778..3284.286 rows=263174 loops=1)
  Hash Cond: (mc.movie_id = t.id)
  ->  Seq Scan on movie_companies mc  (cost=0.00..44881.29 rows=2609129 width=4) (actual time=0.022..881.502 rows=2609129 loops=1)
  ->  Hash  (cost=73925.90..73925.90 rows=406771 width=4) (actual time=1168.835..1168.835 rows=288892 loops=1)
        Buckets: 131072  Batches: 8  Memory Usage: 2281kB
        ->  Seq Scan on title t  (cost=0.00..73925.90 rows=406771 width=4) (actual time=0.013..1070.959 rows=288892 loops=1)
              Filter: ((production_year < 1989) AND (kind_id = 7))
              Rows Removed by Filter: 2239420
Planning time: 4.140 ms
Execution time: 3316.665 ms
