Hash Join  (cost=83072.40..437081.59 rows=8 width=0) (actual time=1353.927..5933.855 rows=81 loops=1)
  Hash Cond: (mi.movie_id = t.id)
  ->  Seq Scan on movie_info mi  (cost=0.00..346232.03 rows=2073893 width=4) (actual time=55.868..4375.570 rows=2091068 loops=1)
        Filter: (info_type_id < 3)
        Rows Removed by Filter: 12744652
  ->  Hash  (cost=83072.29..83072.29 rows=9 width=8) (actual time=1274.433..1274.433 rows=37 loops=1)
        Buckets: 1024  Batches: 1  Memory Usage: 10kB
        ->  Nested Loop  (cost=0.43..83072.29 rows=9 width=8) (actual time=7.605..1274.375 rows=37 loops=1)
              ->  Seq Scan on movie_keyword mk  (cost=0.00..81003.12 rows=246 width=4) (actual time=7.249..1209.660 rows=977 loops=1)
                    Filter: (keyword_id = 4966)
                    Rows Removed by Filter: 4522953
              ->  Index Scan using title_pkey on title t  (cost=0.43..8.40 rows=1 width=4) (actual time=0.065..0.065 rows=0 loops=977)
                    Index Cond: (id = mk.movie_id)
                    Filter: (production_year = 2005)
                    Rows Removed by Filter: 1
Planning time: 2.291 ms
Execution time: 5934.040 ms
