Hash Join  (cost=667686.19..2199093.00 rows=38228153 width=0) (actual time=19674.507..72524.699 rows=87278227 loops=1)
  Hash Cond: (ci.movie_id = t.id)
  ->  Seq Scan on cast_info ci  (cost=0.00..705507.15 rows=24022411 width=4) (actual time=1712.407..16210.591 rows=24130698 loops=1)
        Filter: (role_id < 4)
        Rows Removed by Filter: 12113646
  ->  Hash  (cost=601670.93..601670.93 rows=4023781 width=8) (actual time=17958.941..17958.941 rows=5543989 loops=1)
        Buckets: 131072 (originally 131072)  Batches: 128 (originally 64)  Memory Usage: 3073kB
        ->  Hash Join  (cost=78930.19..601670.93 rows=4023781 width=8) (actual time=1320.344..15949.375 rows=5543989 loops=1)
              Hash Cond: (mi.movie_id = t.id)
              ->  Seq Scan on movie_info mi  (cost=0.00..309384.22 rows=14739122 width=4) (actual time=0.031..5786.074 rows=14835720 loops=1)
              ->  Hash  (cost=67604.59..67604.59 rows=690288 width=4) (actual time=1319.165..1319.165 rows=684146 loops=1)
                    Buckets: 131072  Batches: 16  Memory Usage: 2532kB
                    ->  Seq Scan on title t  (cost=0.00..67604.59 rows=690288 width=4) (actual time=0.032..1082.014 rows=684146 loops=1)
                          Filter: (production_year < 1990)
                          Rows Removed by Filter: 1844166
Planning time: 1.198 ms
Execution time: 82689.567 ms
