Hash Join  (cost=79863.89..454459.47 rows=296845 width=0) (actual time=2519.467..7999.450 rows=690947 loops=1)
  Hash Cond: (mi.movie_id = t.id)
  ->  Seq Scan on movie_info mi  (cost=0.00..346232.03 rows=2073893 width=4) (actual time=1217.774..5421.645 rows=2091068 loops=1)
        Filter: (info_type_id < 3)
        Rows Removed by Filter: 12744652
  ->  Hash  (cost=73925.90..73925.90 rows=361919 width=4) (actual time=1300.614..1300.614 rows=470371 loops=1)
        Buckets: 131072  Batches: 8  Memory Usage: 3111kB
        ->  Seq Scan on title t  (cost=0.00..73925.90 rows=361919 width=4) (actual time=0.058..1133.442 rows=470371 loops=1)
              Filter: ((kind_id < 7) AND (production_year < 1998))
              Rows Removed by Filter: 2057941
Planning time: 0.778 ms
Execution time: 8079.961 ms
