Seq Scan on movie_keyword mk  (cost=0.00..81003.12 rows=246 width=0) (actual time=0.911..1290.935 rows=1065 loops=1)
  Filter: (keyword_id = 4037)
  Rows Removed by Filter: 4522865
Planning time: 0.381 ms
Execution time: 1291.466 ms
