Hash Join  (cost=102767.86..1469011.24 rows=27048630 width=0) (actual time=1945.970..41199.802 rows=27205217 loops=1)
  Hash Cond: (ci.movie_id = t.id)
  ->  Seq Scan on cast_info ci  (cost=0.00..705507.15 rows=27048630 width=4) (actual time=0.022..15111.485 rows=27205217 loops=1)
        Filter: (person_id > 889699)
        Rows Removed by Filter: 9039127
  ->  Hash  (cost=61283.27..61283.27 rows=2528527 width=4) (actual time=1943.979..1943.979 rows=2528312 loops=1)
        Buckets: 131072  Batches: 64  Memory Usage: 2415kB
        ->  Seq Scan on title t  (cost=0.00..61283.27 rows=2528527 width=4) (actual time=0.015..1128.225 rows=2528312 loops=1)
Planning time: 0.749 ms
Execution time: 44443.511 ms
