Hash Join  (cost=28270.40..87910.84 rows=66 width=0) (actual time=467.927..1403.620 rows=127 loops=1)
  Hash Cond: (mc.movie_id = t.id)
  ->  Seq Scan on movie_companies mc  (cost=0.00..57926.93 rows=456758 width=4) (actual time=0.024..929.215 rows=260124 loops=1)
        Filter: ((company_id < 2805) AND (company_type_id > 1))
        Rows Removed by Filter: 2349005
  ->  Hash  (cost=28265.80..28265.80 rows=368 width=8) (actual time=436.691..436.691 rows=260 loops=1)
        Buckets: 1024  Batches: 1  Memory Usage: 19kB
        ->  Nested Loop  (cost=0.43..28265.80 rows=368 width=8) (actual time=162.356..436.557 rows=260 loops=1)
              ->  Seq Scan on movie_info_idx mi_idx  (cost=0.00..25185.44 rows=368 width=4) (actual time=162.247..431.340 rows=260 loops=1)
                    Filter: (info_type_id > 101)
                    Rows Removed by Filter: 1379775
              ->  Index Only Scan using title_pkey on title t  (cost=0.43..8.36 rows=1 width=4) (actual time=0.019..0.019 rows=1 loops=260)
                    Index Cond: (id = mi_idx.movie_id)
                    Heap Fetches: 260
Planning time: 1.268 ms
Execution time: 1403.783 ms
