Seq Scan on movie_keyword mk  (cost=0.00..81003.12 rows=1469207 width=0) (actual time=0.020..1272.255 rows=1486357 loops=1)
  Filter: (keyword_id < 2128)
  Rows Removed by Filter: 3037573
Planning time: 0.317 ms
Execution time: 1454.140 ms
