Hash Join  (cost=79601.51..549718.75 rows=1296305 width=0) (actual time=2344.694..14658.650 rows=3777324 loops=1)
  Hash Cond: (mi.movie_id = t.id)
  ->  Seq Scan on movie_info mi  (cost=0.00..346232.03 rows=9476311 width=4) (actual time=564.892..6340.734 rows=9565151 loops=1)
        Filter: (info_type_id < 16)
        Rows Removed by Filter: 5270569
  ->  Hash  (cost=73925.90..73925.90 rows=345888 width=4) (actual time=1778.656..1778.656 rows=457402 loops=1)
        Buckets: 131072  Batches: 8  Memory Usage: 3055kB
        ->  Seq Scan on title t  (cost=0.00..73925.90 rows=345888 width=4) (actual time=0.087..1168.025 rows=457402 loops=1)
              Filter: ((kind_id < 7) AND (production_year < 1997))
              Rows Removed by Filter: 2070910
Planning time: 0.799 ms
Execution time: 15112.959 ms
