Hash Join  (cost=75772.69..114519.41 rows=61424 width=0) (actual time=1254.534..2189.348 rows=30267 loops=1)
  Hash Cond: (mi_idx.movie_id = t.id)
  ->  Seq Scan on movie_info_idx mi_idx  (cost=0.00..21735.35 rows=1380035 width=4) (actual time=0.040..457.952 rows=1380035 loops=1)
  ->  Hash  (cost=73925.90..73925.90 rows=112543 width=4) (actual time=1253.208..1253.208 rows=117253 loops=1)
        Buckets: 131072  Batches: 2  Memory Usage: 3085kB
        ->  Seq Scan on title t  (cost=0.00..73925.90 rows=112543 width=4) (actual time=0.026..1210.557 rows=117253 loops=1)
              Filter: ((kind_id > 2) AND (production_year = 2011))
              Rows Removed by Filter: 2411059
Planning time: 0.709 ms
Execution time: 2194.013 ms
