Seq Scan on movie_keyword mk  (cost=0.00..81003.12 rows=1891534 width=0) (actual time=0.016..1476.193 rows=1896868 loops=1)
  Filter: (keyword_id > 7134)
  Rows Removed by Filter: 2627062
Planning time: 0.345 ms
Execution time: 1720.569 ms
