Hash Join  (cost=209968.68..750321.72 rows=5674411 width=0) (actual time=4186.276..19871.728 rows=9284834 loops=1)
  Hash Cond: (mi.movie_id = t.id)
  ->  Seq Scan on movie_info mi  (cost=0.00..309384.22 rows=14739122 width=4) (actual time=0.021..6221.640 rows=14835720 loops=1)
  ->  Hash  (cost=193997.47..193997.47 rows=973457 width=8) (actual time=4185.321..4185.321 rows=666081 loops=1)
        Buckets: 131072  Batches: 16  Memory Usage: 2651kB
        ->  Hash Join  (cost=102767.86..193997.47 rows=973457 width=8) (actual time=2310.957..3977.829 rows=666081 loops=1)
              Hash Cond: (mc.movie_id = t.id)
              ->  Seq Scan on movie_companies mc  (cost=0.00..57926.93 rows=973457 width=4) (actual time=407.891..1082.519 rows=666081 loops=1)
                    Filter: ((company_id < 44832) AND (company_type_id = 2))
                    Rows Removed by Filter: 1943048
              ->  Hash  (cost=61283.27..61283.27 rows=2528527 width=4) (actual time=1901.920..1901.920 rows=2528312 loops=1)
                    Buckets: 131072  Batches: 64  Memory Usage: 2415kB
                    ->  Seq Scan on title t  (cost=0.00..61283.27 rows=2528527 width=4) (actual time=0.020..1077.821 rows=2528312 loops=1)
Planning time: 1.186 ms
Execution time: 20856.370 ms
