Seq Scan on title t  (cost=0.00..73925.90 rows=50177 width=0) (actual time=0.016..1219.564 rows=64542 loops=1)
  Filter: ((production_year > 2004) AND (kind_id = 4))
  Rows Removed by Filter: 2463770
Planning time: 0.376 ms
Execution time: 1228.778 ms
