Hash Join  (cost=88544.52..197122.74 rows=562745 width=0) (actual time=1571.491..3927.870 rows=208191 loops=1)
  Hash Cond: (mk.movie_id = t.id)
  ->  Seq Scan on movie_keyword mk  (cost=0.00..81003.12 rows=1596972 width=4) (actual time=0.025..1461.606 rows=1606189 loops=1)
        Filter: (keyword_id < 2488)
        Rows Removed by Filter: 2917741
  ->  Hash  (cost=73925.90..73925.90 rows=891009 width=4) (actual time=1570.293..1570.293 rows=800991 loops=1)
        Buckets: 131072  Batches: 16  Memory Usage: 2792kB
        ->  Seq Scan on title t  (cost=0.00..73925.90 rows=891009 width=4) (actual time=0.011..1305.805 rows=800991 loops=1)
              Filter: ((kind_id > 3) AND (production_year < 2005))
              Rows Removed by Filter: 1727321
Planning time: 0.774 ms
Execution time: 3952.520 ms
