Seq Scan on cast_info ci  (cost=0.00..705507.15 rows=35037057 width=0) (actual time=0.025..13360.704 rows=35031600 loops=1)
  Filter: (person_id < 3826722)
  Rows Removed by Filter: 1212744
Planning time: 0.341 ms
Execution time: 17577.779 ms
