Seq Scan on movie_keyword mk  (cost=0.00..81003.12 rows=92905 width=0) (actual time=72.192..1386.575 rows=90744 loops=1)
  Filter: (keyword_id > 84731)
  Rows Removed by Filter: 4433186
Planning time: 0.335 ms
Execution time: 1400.022 ms
