Hash Join  (cost=68365.25..153780.58 rows=26609 width=0) (actual time=1074.178..2676.142 rows=32691 loops=1)
  Hash Cond: (mk.movie_id = t.id)
  ->  Seq Scan on movie_keyword mk  (cost=0.00..81003.12 rows=1105632 width=4) (actual time=0.027..1348.360 rows=1114898 loops=1)
        Filter: (keyword_id < 1155)
        Rows Removed by Filter: 3409032
  ->  Hash  (cost=67604.59..67604.59 rows=60853 width=4) (actual time=1073.714..1073.714 rows=62568 loops=1)
        Buckets: 65536  Batches: 1  Memory Usage: 2712kB
        ->  Seq Scan on title t  (cost=0.00..67604.59 rows=60853 width=4) (actual time=0.027..1046.632 rows=62568 loops=1)
              Filter: (production_year = 2002)
              Rows Removed by Filter: 2465744
Planning time: 0.748 ms
Execution time: 2681.052 ms
