Seq Scan on movie_keyword mk  (cost=0.00..81003.12 rows=3582114 width=0) (actual time=0.020..1531.943 rows=3570983 loops=1)
  Filter: (keyword_id < 19920)
  Rows Removed by Filter: 952947
Planning time: 0.332 ms
Execution time: 1961.614 ms
