Hash Join  (cost=190230.21..318156.43 rows=1331772 width=0) (actual time=4810.951..8911.821 rows=5601430 loops=1)
  Hash Cond: (mk.movie_id = t.id)
  ->  Seq Scan on movie_keyword mk  (cost=0.00..81003.12 rows=2440098 width=4) (actual time=0.016..1694.888 rows=2438713 loops=1)
        Filter: (keyword_id < 5808)
        Rows Removed by Filter: 2085217
  ->  Hash  (cost=167588.78..167588.78 rows=1380035 width=8) (actual time=4809.784..4809.784 rows=1380035 loops=1)
        Buckets: 131072  Batches: 32  Memory Usage: 2726kB
        ->  Hash Join  (cost=102767.86..167588.78 rows=1380035 width=8) (actual time=2373.242..4388.454 rows=1380035 loops=1)
              Hash Cond: (mi_idx.movie_id = t.id)
              ->  Seq Scan on movie_info_idx mi_idx  (cost=0.00..21735.35 rows=1380035 width=4) (actual time=0.015..481.979 rows=1380035 loops=1)
              ->  Hash  (cost=61283.27..61283.27 rows=2528527 width=4) (actual time=2372.008..2372.008 rows=2528312 loops=1)
                    Buckets: 131072  Batches: 64  Memory Usage: 2415kB
                    ->  Seq Scan on title t  (cost=0.00..61283.27 rows=2528527 width=4) (actual time=0.023..1262.038 rows=2528312 loops=1)
Planning time: 1.157 ms
Execution time: 9452.355 ms
