Hash Join  (cost=906719.94..1441242.73 rows=6926978 width=0) (actual time=18372.151..30842.343 rows=5497141 loops=1)
  Hash Cond: (mi.movie_id = t.id)
  ->  Seq Scan on movie_info mi  (cost=0.00..346232.03 rows=8673596 width=4) (actual time=0.017..6487.724 rows=8786582 loops=1)
        Filter: (info_type_id < 13)
        Rows Removed by Filter: 6049138
  ->  Hash  (cost=873589.03..873589.03 rows=2019353 width=8) (actual time=18369.885..18369.885 rows=1961199 loops=1)
        Buckets: 131072  Batches: 32  Memory Usage: 3402kB
        ->  Hash Join  (cost=93315.44..873589.03 rows=2019353 width=8) (actual time=2577.413..17765.204 rows=1961199 loops=1)
              Hash Cond: (ci.movie_id = t.id)
              ->  Seq Scan on cast_info ci  (cost=0.00..705507.15 rows=4320508 width=4) (actual time=899.021..12990.088 rows=4323018 loops=1)
                    Filter: (role_id = 10)
                    Rows Removed by Filter: 31921326
              ->  Hash  (cost=73925.90..73925.90 rows=1181803 width=4) (actual time=1677.400..1677.400 rows=1139957 loops=1)
                    Buckets: 131072  Batches: 16  Memory Usage: 3528kB
                    ->  Seq Scan on title t  (cost=0.00..73925.90 rows=1181803 width=4) (actual time=0.031..1335.489 rows=1139957 loops=1)
                          Filter: ((kind_id > 4) AND (production_year < 2010))
                          Rows Removed by Filter: 1388355
Planning time: 1.175 ms
Execution time: 31463.582 ms
