Seq Scan on movie_keyword mk  (cost=0.00..81003.12 rows=246 width=0) (actual time=459.316..1439.474 rows=3 loops=1)
  Filter: (keyword_id = 107057)
  Rows Removed by Filter: 4523927
Planning time: 2.450 ms
Execution time: 1439.558 ms
