Hash Join  (cost=83661.18..167151.67 rows=612297 width=0) (actual time=1413.123..3534.029 rows=341035 loops=1)
  Hash Cond: (mc.movie_id = t.id)
  ->  Seq Scan on movie_companies mc  (cost=0.00..44881.29 rows=2609129 width=4) (actual time=0.536..912.369 rows=2609129 loops=1)
  ->  Hash  (cost=73925.90..73925.90 rows=593382 width=4) (actual time=1298.351..1298.351 rows=486368 loops=1)
        Buckets: 131072  Batches: 8  Memory Usage: 3147kB
        ->  Seq Scan on title t  (cost=0.00..73925.90 rows=593382 width=4) (actual time=0.030..1146.688 rows=486368 loops=1)
              Filter: ((production_year < 1999) AND (kind_id = 7))
              Rows Removed by Filter: 2041944
Planning time: 0.820 ms
Execution time: 3573.909 ms
