Seq Scan on movie_keyword mk  (cost=0.00..81003.12 rows=568135 width=0) (actual time=0.028..1282.657 rows=570298 loops=1)
  Filter: (keyword_id < 405)
  Rows Removed by Filter: 3953632
Planning time: 0.361 ms
Execution time: 1355.745 ms
