Seq Scan on movie_keyword mk  (cost=0.00..81003.12 rows=1416993 width=0) (actual time=0.023..1380.754 rows=1433452 loops=1)
  Filter: (keyword_id < 1981)
  Rows Removed by Filter: 3090478
Planning time: 0.364 ms
Execution time: 1553.918 ms
