Hash Join  (cost=128831.91..256731.05 rows=484010 width=0) (actual time=6128.227..13077.530 rows=419307 loops=1)
  Hash Cond: (mk.movie_id = t.id)
  ->  Seq Scan on movie_keyword mk  (cost=0.00..69693.30 rows=4523930 width=4) (actual time=0.014..4504.951 rows=4523930 loops=1)
  ->  Hash  (cost=124393.36..124393.36 rows=270524 width=8) (actual time=6126.451..6126.451 rows=141162 loops=1)
        Buckets: 131072  Batches: 4  Memory Usage: 2424kB
        ->  Hash Join  (cost=82058.64..124393.36 rows=270524 width=8) (actual time=3026.505..6073.796 rows=141162 loops=1)
              Hash Cond: (mi_idx.movie_id = t.id)
              ->  Seq Scan on movie_info_idx mi_idx  (cost=0.00..21735.35 rows=1380035 width=4) (actual time=0.023..1975.349 rows=1380035 loops=1)
              ->  Hash  (cost=73925.90..73925.90 rows=495659 width=4) (actual time=3025.241..3025.241 rows=357996 loops=1)
                    Buckets: 131072  Batches: 8  Memory Usage: 2585kB
                    ->  Seq Scan on title t  (cost=0.00..73925.90 rows=495659 width=4) (actual time=0.016..2435.142 rows=357996 loops=1)
                          Filter: ((kind_id > 3) AND (production_year < 1993))
                          Rows Removed by Filter: 2170316
Planning time: 1.170 ms
Execution time: 13138.626 ms
