Hash Join  (cost=205467.72..1321731.59 rows=3619175 width=0) (actual time=4135.756..37855.771 rows=19820394 loops=1)
  Hash Cond: (ci.movie_id = t.id)
  ->  Seq Scan on cast_info ci  (cost=0.00..614943.12 rows=36225612 width=4) (actual time=0.024..13779.841 rows=36244344 loops=1)
  ->  Hash  (cost=201323.02..201323.02 rows=252616 width=8) (actual time=4134.899..4134.899 rows=258618 loops=1)
        Buckets: 131072  Batches: 4  Memory Usage: 3513kB
        ->  Hash Join  (cost=76242.82..201323.02 rows=252616 width=8) (actual time=1604.185..4054.970 rows=258618 loops=1)
              Hash Cond: (mk.movie_id = t.id)
              ->  Seq Scan on movie_keyword mk  (cost=0.00..69693.30 rows=4523930 width=4) (actual time=0.015..1445.443 rows=4523930 loops=1)
              ->  Hash  (cost=73925.90..73925.90 rows=141193 width=4) (actual time=1167.577..1167.577 rows=132182 loops=1)
                    Buckets: 131072  Batches: 2  Memory Usage: 3346kB
                    ->  Seq Scan on title t  (cost=0.00..73925.90 rows=141193 width=4) (actual time=40.224..1121.525 rows=132182 loops=1)
                          Filter: ((production_year > 2009) AND (kind_id = 1))
                          Rows Removed by Filter: 2396130
Planning time: 1.227 ms
Execution time: 40087.716 ms
