Hash Join  (cost=448026.41..535005.37 rows=32092 width=0) (actual time=5955.284..11503.977 rows=13659933 loops=1)
  Hash Cond: (mk.movie_id = t.id)
  ->  Seq Scan on movie_keyword mk  (cost=0.00..69693.30 rows=4523930 width=4) (actual time=0.022..1131.646 rows=4523930 loops=1)
  ->  Hash  (cost=447802.20..447802.20 rows=17937 width=8) (actual time=5954.436..5954.436 rows=147487 loops=1)
        Buckets: 131072 (originally 32768)  Batches: 2 (originally 1)  Memory Usage: 3921kB
        ->  Nested Loop  (cost=0.43..447802.20 rows=17937 width=8) (actual time=212.967..5895.520 rows=147487 loops=1)
              ->  Seq Scan on movie_info mi  (cost=0.00..346232.03 rows=17937 width=4) (actual time=212.886..4185.801 rows=147487 loops=1)
                    Filter: (info_type_id = 107)
                    Rows Removed by Filter: 14688233
              ->  Index Only Scan using title_pkey on title t  (cost=0.43..5.65 rows=1 width=4) (actual time=0.011..0.011 rows=1 loops=147487)
                    Index Cond: (id = mi.movie_id)
                    Heap Fetches: 147487
Planning time: 1.090 ms
Execution time: 13104.725 ms
