Hash Join  (cost=163233.88..916704.58 rows=268154 width=0) (actual time=2927.171..20523.622 rows=532200 loops=1)
  Hash Cond: (ci.movie_id = t.id)
  ->  Seq Scan on cast_info ci  (cost=0.00..614943.12 rows=36225612 width=4) (actual time=0.019..9175.583 rows=36244344 loops=1)
  ->  Hash  (cost=162999.92..162999.92 rows=18717 width=8) (actual time=2926.818..2926.818 rows=12277 loops=1)
        Buckets: 32768  Batches: 1  Memory Usage: 736kB
        ->  Hash Join  (cost=75411.94..162999.92 rows=18717 width=8) (actual time=1293.615..2921.515 rows=12277 loops=1)
              Hash Cond: (mk.movie_id = t.id)
              ->  Seq Scan on movie_keyword mk  (cost=0.00..81003.12 rows=522581 width=4) (actual time=0.025..1429.983 rows=520878 loops=1)
                    Filter: (keyword_id < 382)
                    Rows Removed by Filter: 4003052
              ->  Hash  (cost=73925.90..73925.90 rows=90563 width=4) (actual time=1291.955..1291.955 rows=80990 loops=1)
                    Buckets: 131072  Batches: 2  Memory Usage: 2456kB
                    ->  Seq Scan on title t  (cost=0.00..73925.90 rows=90563 width=4) (actual time=0.121..1258.905 rows=80990 loops=1)
                          Filter: ((kind_id < 7) AND (production_year > 2011))
                          Rows Removed by Filter: 2447322
Planning time: 1.199 ms
Execution time: 20608.363 ms
