Hash Join  (cost=102767.86..282598.73 rows=3696600 width=0) (actual time=5234.768..14739.572 rows=3688253 loops=1)
  Hash Cond: (mk.movie_id = t.id)
  ->  Seq Scan on movie_keyword mk  (cost=0.00..81003.12 rows=3696600 width=4) (actual time=0.016..5459.398 rows=3688253 loops=1)
        Filter: (keyword_id < 22023)
        Rows Removed by Filter: 835677
  ->  Hash  (cost=61283.27..61283.27 rows=2528527 width=4) (actual time=5232.139..5232.139 rows=2528312 loops=1)
        Buckets: 131072  Batches: 64  Memory Usage: 2425kB
        ->  Seq Scan on title t  (cost=0.00..61283.27 rows=2528527 width=4) (actual time=0.016..4058.282 rows=2528312 loops=1)
Planning time: 0.781 ms
Execution time: 15243.475 ms
