Seq Scan on title t  (cost=0.00..73925.90 rows=2905 width=0) (actual time=0.022..3536.288 rows=7329 loops=1)
  Filter: ((kind_id < 7) AND (production_year = 1984))
  Rows Removed by Filter: 2520983
Planning time: 0.402 ms
Execution time: 3538.333 ms
