Hash Join  (cost=98659.04..146914.90 rows=545592 width=0) (actual time=5547.982..8546.876 rows=454114 loops=1)
  Hash Cond: (mi_idx.movie_id = t.id)
  ->  Seq Scan on movie_info_idx mi_idx  (cost=0.00..25185.44 rows=915101 width=4) (actual time=0.016..1651.441 rows=919850 loops=1)
        Filter: (info_type_id < 101)
        Rows Removed by Filter: 460185
  ->  Hash  (cost=73925.90..73925.90 rows=1507531 width=4) (actual time=5547.030..5547.030 rows=1630311 loops=1)
        Buckets: 131072  Batches: 32  Memory Usage: 2822kB
        ->  Seq Scan on title t  (cost=0.00..73925.90 rows=1507531 width=4) (actual time=0.011..4820.955 rows=1630311 loops=1)
              Filter: ((kind_id > 1) AND (production_year > 1972))
              Rows Removed by Filter: 898001
Planning time: 3.367 ms
Execution time: 8606.287 ms
