Seq Scan on cast_info ci  (cost=0.00..705507.15 rows=25781144 width=0) (actual time=0.020..41828.969 rows=25979214 loops=1)
  Filter: (person_id > 1009870)
  Rows Removed by Filter: 10265130
Planning time: 0.281 ms
Execution time: 46340.389 ms
