Hash Join  (cost=796579.38..883238.49 rows=107 width=0) (actual time=34096.703..36201.378 rows=10 loops=1)
  Hash Cond: (mk.movie_id = t.id)
  ->  Seq Scan on movie_keyword mk  (cost=0.00..69693.30 rows=4523930 width=4) (actual time=0.019..2991.925 rows=4523930 loops=1)
  ->  Hash  (cost=796578.63..796578.63 rows=60 width=8) (actual time=32175.418..32175.418 rows=14 loops=1)
        Buckets: 1024  Batches: 1  Memory Usage: 9kB
        ->  Nested Loop  (cost=0.43..796578.63 rows=60 width=8) (actual time=29875.059..32175.382 rows=14 loops=1)
              ->  Seq Scan on cast_info ci  (cost=0.00..796071.18 rows=60 width=4) (actual time=29874.855..32174.992 rows=14 loops=1)
                    Filter: ((person_id = 629096) AND (role_id = 10))
                    Rows Removed by Filter: 36244330
              ->  Index Only Scan using title_pkey on title t  (cost=0.43..8.45 rows=1 width=4) (actual time=0.019..0.019 rows=1 loops=14)
                    Index Cond: (id = ci.movie_id)
                    Heap Fetches: 14
Planning time: 6.757 ms
Execution time: 36201.471 ms
