Hash Join  (cost=102767.86..223682.35 rows=1248084 width=0) (actual time=5534.175..11579.826 rows=1262230 loops=1)
  Hash Cond: (mk.movie_id = t.id)
  ->  Seq Scan on movie_keyword mk  (cost=0.00..81003.12 rows=1248084 width=4) (actual time=0.022..4377.329 rows=1262230 loops=1)
        Filter: (keyword_id < 1613)
        Rows Removed by Filter: 3261700
  ->  Hash  (cost=61283.27..61283.27 rows=2528527 width=4) (actual time=5531.898..5531.898 rows=2528312 loops=1)
        Buckets: 131072  Batches: 64  Memory Usage: 2425kB
        ->  Seq Scan on title t  (cost=0.00..61283.27 rows=2528527 width=4) (actual time=0.013..3972.118 rows=2528312 loops=1)
Planning time: 0.698 ms
Execution time: 11765.022 ms
