Hash Join  (cost=102767.86..199992.24 rows=1493678 width=0) (actual time=5752.084..10808.692 rows=1482275 loops=1)
  Hash Cond: (mc.movie_id = t.id)
  ->  Seq Scan on movie_companies mc  (cost=0.00..51404.11 rows=1493678 width=4) (actual time=18.521..3310.169 rows=1482275 loops=1)
        Filter: (company_id < 13600)
        Rows Removed by Filter: 1126854
  ->  Hash  (cost=61283.27..61283.27 rows=2528527 width=4) (actual time=5732.046..5732.046 rows=2528312 loops=1)
        Buckets: 131072  Batches: 64  Memory Usage: 2415kB
        ->  Seq Scan on title t  (cost=0.00..61283.27 rows=2528527 width=4) (actual time=0.022..4579.850 rows=2528312 loops=1)
Planning time: 5.302 ms
Execution time: 11018.919 ms
