Hash Join  (cost=102767.86..226197.27 rows=1352633 width=0) (actual time=5412.915..11644.357 rows=1364141 loops=1)
  Hash Cond: (mk.movie_id = t.id)
  ->  Seq Scan on movie_keyword mk  (cost=0.00..81003.12 rows=1352633 width=4) (actual time=0.017..4381.933 rows=1364141 loops=1)
        Filter: (keyword_id > 12284)
        Rows Removed by Filter: 3159789
  ->  Hash  (cost=61283.27..61283.27 rows=2528527 width=4) (actual time=5411.934..5411.934 rows=2528312 loops=1)
        Buckets: 131072  Batches: 64  Memory Usage: 2425kB
        ->  Seq Scan on title t  (cost=0.00..61283.27 rows=2528527 width=4) (actual time=0.012..4251.051 rows=2528312 loops=1)
Planning time: 5.371 ms
Execution time: 11811.793 ms
