Seq Scan on cast_info ci  (cost=0.00..705507.15 rows=19658350 width=0) (actual time=0.026..34683.476 rows=19824554 loops=1)
  Filter: (person_id > 1625987)
  Rows Removed by Filter: 16419790
Planning time: 0.332 ms
Execution time: 37875.010 ms
