Hash Join  (cost=847522.46..1372466.57 rows=4230319 width=0) (actual time=42970.396..78063.499 rows=8348791 loops=1)
  Hash Cond: (mi.movie_id = t.id)
  ->  Seq Scan on movie_info mi  (cost=0.00..309384.22 rows=14739122 width=4) (actual time=0.010..20879.204 rows=14835720 loops=1)
  ->  Hash  (cost=835615.96..835615.96 rows=725720 width=8) (actual time=42969.286..42969.286 rows=773674 loops=1)
        Buckets: 131072  Batches: 16  Memory Usage: 2911kB
        ->  Hash Join  (cost=102767.86..835615.96 rows=725720 width=8) (actual time=38321.540..42644.236 rows=773674 loops=1)
              Hash Cond: (ci.movie_id = t.id)
              ->  Seq Scan on cast_info ci  (cost=0.00..705507.15 rows=725720 width=4) (actual time=32579.057..35404.298 rows=773674 loops=1)
                    Filter: (role_id = 6)
                    Rows Removed by Filter: 35470670
              ->  Hash  (cost=61283.27..61283.27 rows=2528527 width=4) (actual time=5740.224..5740.224 rows=2528312 loops=1)
                    Buckets: 131072  Batches: 64  Memory Usage: 2415kB
                    ->  Seq Scan on title t  (cost=0.00..61283.27 rows=2528527 width=4) (actual time=0.017..4123.052 rows=2528312 loops=1)
Planning time: 3.156 ms
Execution time: 79292.952 ms
