Hash Join  (cost=131520.27..260340.75 rows=559645 width=0) (actual time=7419.753..14879.898 rows=815985 loops=1)
  Hash Cond: (mk.movie_id = t.id)
  ->  Seq Scan on movie_keyword mk  (cost=0.00..69693.30 rows=4523930 width=4) (actual time=0.012..4831.041 rows=4523930 loops=1)
  ->  Hash  (cost=126388.29..126388.29 rows=312798 width=8) (actual time=7418.412..7418.412 rows=220596 loops=1)
        Buckets: 131072  Batches: 8  Memory Usage: 2110kB
        ->  Hash Join  (cost=83328.83..126388.29 rows=312798 width=8) (actual time=4283.496..7310.215 rows=220596 loops=1)
              Hash Cond: (mi_idx.movie_id = t.id)
              ->  Seq Scan on movie_info_idx mi_idx  (cost=0.00..21735.35 rows=1380035 width=4) (actual time=0.029..1594.221 rows=1380035 loops=1)
              ->  Hash  (cost=73925.90..73925.90 rows=573114 width=4) (actual time=4282.384..4282.384 rows=446387 loops=1)
                    Buckets: 131072  Batches: 8  Memory Usage: 2976kB
                    ->  Seq Scan on title t  (cost=0.00..73925.90 rows=573114 width=4) (actual time=0.013..4080.706 rows=446387 loops=1)
                          Filter: ((kind_id > 1) AND (production_year < 1994))
                          Rows Removed by Filter: 2081925
Planning time: 1.136 ms
Execution time: 15006.335 ms
