Hash Join  (cost=78988.28..876988.62 rows=6902 width=0) (actual time=3941.992..38181.314 rows=24777 loops=1)
  Hash Cond: (ci.movie_id = t.id)
  ->  Seq Scan on cast_info ci  (cost=0.00..796071.18 rows=56570 width=4) (actual time=0.017..34040.269 rows=207493 loops=1)
        Filter: ((person_id > 3056059) AND (role_id > 10))
        Rows Removed by Filter: 36036851
  ->  Hash  (cost=73925.90..73925.90 rows=308510 width=4) (actual time=3941.111..3941.111 rows=266599 loops=1)
        Buckets: 131072  Batches: 8  Memory Usage: 2191kB
        ->  Seq Scan on title t  (cost=0.00..73925.90 rows=308510 width=4) (actual time=0.019..3794.725 rows=266599 loops=1)
              Filter: ((kind_id < 7) AND (production_year > 2007))
              Rows Removed by Filter: 2261713
Planning time: 22.428 ms
Execution time: 38185.042 ms
