Hash Join  (cost=74103.28..161015.20 rows=25388 width=0) (actual time=2960.660..7738.503 rows=66025 loops=1)
  Hash Cond: (mk.movie_id = t.id)
  ->  Seq Scan on movie_keyword mk  (cost=0.00..69693.30 rows=4523930 width=4) (actual time=0.012..3636.903 rows=4523930 loops=1)
  ->  Hash  (cost=73925.90..73925.90 rows=14190 width=4) (actual time=2960.522..2960.522 rows=12208 loops=1)
        Buckets: 16384  Batches: 1  Memory Usage: 558kB
        ->  Seq Scan on title t  (cost=0.00..73925.90 rows=14190 width=4) (actual time=0.163..2952.529 rows=12208 loops=1)
              Filter: ((kind_id < 7) AND (production_year = 1996))
              Rows Removed by Filter: 2516104
Planning time: 0.769 ms
Execution time: 7751.885 ms
