Seq Scan on title t  (cost=0.00..67604.59 rows=121369 width=0) (actual time=963.678..3337.344 rows=125365 loops=1)
  Filter: (production_year < 1934)
  Rows Removed by Filter: 2402947
Planning time: 1.776 ms
Execution time: 3358.846 ms
