Seq Scan on title t  (cost=0.00..73925.90 rows=278539 width=0) (actual time=0.106..932.950 rows=392019 loops=1)
  Filter: ((kind_id < 7) AND (production_year < 1991))
  Rows Removed by Filter: 2136293
Planning time: 0.385 ms
Execution time: 970.493 ms
