Seq Scan on movie_keyword mk  (cost=0.00..81003.12 rows=3381585 width=0) (actual time=0.024..4562.129 rows=3372570 loops=1)
  Filter: (keyword_id < 16179)
  Rows Removed by Filter: 1151360
Planning time: 0.331 ms
Execution time: 5097.348 ms
