Seq Scan on movie_keyword mk  (cost=0.00..81003.12 rows=3430303 width=0) (actual time=0.016..4205.247 rows=3424516 loops=1)
  Filter: (keyword_id > 1128)
  Rows Removed by Filter: 1099414
Planning time: 0.340 ms
Execution time: 4763.960 ms
