Hash Join  (cost=114005.72..867131.01 rows=233613 width=186) (actual time=2616.574..20602.489 rows=7 loops=1)
  Hash Cond: (ci.movie_id = t.id)
  ->  Seq Scan on cast_info ci  (cost=0.00..614943.12 rows=36225612 width=42) (actual time=0.024..11510.219 rows=36244344 loops=1)
  ->  Hash  (cost=113801.90..113801.90 rows=16306 width=144) (actual time=2052.054..2052.054 rows=7 loops=1)
        Buckets: 16384  Batches: 1  Memory Usage: 129kB
        ->  Hash Join  (cost=76336.28..113801.90 rows=16306 width=144) (actual time=1763.894..2051.928 rows=7 loops=1)
              Hash Cond: (mi_idx.movie_id = t.id)
              ->  Seq Scan on movie_info_idx mi_idx  (cost=0.00..25185.44 rows=464566 width=50) (actual time=0.017..510.860 rows=459925 loops=1)
                    Filter: (info_type_id = 101)
                    Rows Removed by Filter: 920110
              ->  Hash  (cost=73925.90..73925.90 rows=88750 width=94) (actual time=1373.029..1373.029 rows=41 loops=1)
                    Buckets: 32768  Batches: 4  Memory Usage: 257kB
                    ->  Seq Scan on title t  (cost=0.00..73925.90 rows=88750 width=94) (actual time=170.964..1372.746 rows=41 loops=1)
                          Filter: ((production_year < 1943) AND (kind_id = 7))
                          Rows Removed by Filter: 2528271
Planning time: 1.509 ms
Execution time: 20602.723 ms
