Seq Scan on movie_keyword mk  (cost=0.00..81003.12 rows=246 width=0) (actual time=23.680..3640.265 rows=464 loops=1)
  Filter: (keyword_id = 1739)
  Rows Removed by Filter: 4523466
Planning time: 0.340 ms
Execution time: 3640.684 ms
