Hash Join  (cost=83810.17..925653.07 rows=1058415 width=0) (actual time=35912.061..50905.334 rows=1235246 loops=1)
  Hash Cond: (ci.movie_id = t.id)
  ->  Seq Scan on cast_info ci  (cost=0.00..796071.18 rows=2709485 width=4) (actual time=31789.075..42565.316 rows=3798909 loops=1)
        Filter: ((person_id > 1327142) AND (role_id = 10))
        Rows Removed by Filter: 32445435
  ->  Hash  (cost=67604.59..67604.59 rows=987727 width=4) (actual time=4122.140..4122.140 rows=985048 loops=1)
        Buckets: 131072  Batches: 16  Memory Usage: 3188kB
        ->  Seq Scan on title t  (cost=0.00..67604.59 rows=987727 width=4) (actual time=0.020..3649.555 rows=985048 loops=1)
              Filter: (kind_id < 7)
              Rows Removed by Filter: 1543264
Planning time: 0.747 ms
Execution time: 51120.396 ms
