Hash Join  (cost=266921.76..1615999.73 rows=26282582 width=0) (actual time=13228.638..91526.640 rows=15320605 loops=1)
  Hash Cond: (ci.movie_id = t.id)
  ->  Seq Scan on cast_info ci  (cost=0.00..614943.12 rows=36225612 width=4) (actual time=0.014..48129.469 rows=36244344 loops=1)
  ->  Hash  (cost=236823.39..236823.39 rows=1834509 width=8) (actual time=13227.579..13227.579 rows=451712 loops=1)
        Buckets: 131072  Batches: 32  Memory Usage: 1569kB
        ->  Hash Join  (cost=92883.59..236823.39 rows=1834509 width=8) (actual time=6891.236..13080.830 rows=451712 loops=1)
              Hash Cond: (mk.movie_id = t.id)
              ->  Seq Scan on movie_keyword mk  (cost=0.00..81003.12 rows=3010518 width=4) (actual time=0.016..5010.192 rows=2996518 loops=1)
                    Filter: (keyword_id > 2215)
                    Rows Removed by Filter: 1527412
              ->  Hash  (cost=67604.59..67604.59 rows=1540800 width=4) (actual time=5841.900..5841.900 rows=1543264 loops=1)
                    Buckets: 131072  Batches: 32  Memory Usage: 2728kB
                    ->  Seq Scan on title t  (cost=0.00..67604.59 rows=1540800 width=4) (actual time=0.016..4691.232 rows=1543264 loops=1)
                          Filter: (kind_id = 7)
                          Rows Removed by Filter: 985048
Planning time: 1.097 ms
Execution time: 93719.061 ms
