Hash Join  (cost=199590.97..1415191.92 rows=17697179 width=0) (actual time=5027.912..46321.916 rows=40302844 loops=1)
  Hash Cond: (ci.movie_id = t.id)
  ->  Seq Scan on cast_info ci  (cost=0.00..614943.12 rows=36225612 width=4) (actual time=0.018..13109.673 rows=36244344 loops=1)
  ->  Hash  (cost=179324.30..179324.30 rows=1235253 width=8) (actual time=5026.359..5026.359 rows=1526120 loops=1)
        Buckets: 131072  Batches: 32  Memory Usage: 2856kB
        ->  Hash Join  (cost=87245.25..179324.30 rows=1235253 width=8) (actual time=1531.041..4552.917 rows=1526120 loops=1)
              Hash Cond: (mc.movie_id = t.id)
              ->  Seq Scan on movie_companies mc  (cost=0.00..44881.29 rows=2609129 width=4) (actual time=0.019..941.585 rows=2609129 loops=1)
              ->  Hash  (cost=67604.59..67604.59 rows=1197093 width=4) (actual time=1530.055..1530.055 rows=1195923 loops=1)
                    Buckets: 131072  Batches: 16  Memory Usage: 3653kB
                    ->  Seq Scan on title t  (cost=0.00..67604.59 rows=1197093 width=4) (actual time=0.014..1161.920 rows=1195923 loops=1)
                          Filter: (production_year < 2003)
                          Rows Removed by Filter: 1332389
Planning time: 1.087 ms
Execution time: 50588.692 ms
