Hash Join  (cost=191212.67..656921.68 rows=897085 width=0) (actual time=9705.950..37883.949 rows=8662207 loops=1)
  Hash Cond: (mi.movie_id = t.id)
  ->  Seq Scan on movie_info mi  (cost=0.00..346232.03 rows=9476311 width=4) (actual time=209.396..20288.100 rows=9565151 loops=1)
        Filter: (info_type_id < 16)
        Rows Removed by Filter: 5270569
  ->  Hash  (cost=187284.61..187284.61 rows=239365 width=8) (actual time=9488.671..9488.671 rows=422732 loops=1)
        Buckets: 131072 (originally 131072)  Batches: 8 (originally 4)  Memory Usage: 3133kB
        ->  Hash Join  (cost=71214.36..187284.61 rows=239365 width=8) (actual time=3629.015..9321.311 rows=422732 loops=1)
              Hash Cond: (mk.movie_id = t.id)
              ->  Seq Scan on movie_keyword mk  (cost=0.00..81003.12 rows=2751325 width=4) (actual time=0.032..3900.979 rows=2743825 loops=1)
                    Filter: (keyword_id > 2879)
                    Rows Removed by Filter: 1780105
              ->  Hash  (cost=67604.59..67604.59 rows=219982 width=4) (actual time=3612.740..3612.740 rows=221115 loops=1)
                    Buckets: 131072  Batches: 4  Memory Usage: 2973kB
                    ->  Seq Scan on title t  (cost=0.00..67604.59 rows=219982 width=4) (actual time=0.022..2828.392 rows=221115 loops=1)
                          Filter: (production_year < 1958)
                          Rows Removed by Filter: 2307197
Planning time: 1.098 ms
Execution time: 39048.454 ms
