Hash Join  (cost=916658.64..994499.66 rows=202449 width=0) (actual time=45894.022..49926.975 rows=555827 loops=1)
  Hash Cond: (mc.movie_id = t.id)
  ->  Seq Scan on movie_companies mc  (cost=0.00..44881.29 rows=2609129 width=4) (actual time=0.019..2410.104 rows=2609129 loops=1)
  ->  Hash  (cost=913439.21..913439.21 rows=196195 width=8) (actual time=45893.378..45893.378 rows=253067 loops=1)
        Buckets: 131072  Batches: 4  Memory Usage: 3494kB
        ->  Hash Join  (cost=102767.86..913439.21 rows=196195 width=8) (actual time=43147.835..45810.334 rows=253067 loops=1)
              Hash Cond: (ci.movie_id = t.id)
              ->  Seq Scan on cast_info ci  (cost=0.00..796071.18 rows=196195 width=4) (actual time=38595.910..40587.567 rows=253067 loops=1)
                    Filter: ((person_id > 1564240) AND (role_id > 10))
                    Rows Removed by Filter: 35991277
              ->  Hash  (cost=61283.27..61283.27 rows=2528527 width=4) (actual time=4550.941..4550.941 rows=2528312 loops=1)
                    Buckets: 131072  Batches: 64  Memory Usage: 2415kB
                    ->  Seq Scan on title t  (cost=0.00..61283.27 rows=2528527 width=4) (actual time=0.027..3470.067 rows=2528312 loops=1)
Planning time: 1.082 ms
Execution time: 50019.179 ms
