Seq Scan on cast_info ci  (cost=0.00..796071.18 rows=11825316 width=0) (actual time=0.024..48360.708 rows=12670688 loops=1)
  Filter: ((person_id < 3556870) AND (role_id = 1))
  Rows Removed by Filter: 23573656
Planning time: 1.213 ms
Execution time: 50861.736 ms
