Hash Join  (cost=102767.86..950650.87 rows=1742636 width=0) (actual time=24887.593..46185.892 rows=1360086 loops=1)
  Hash Cond: (ci.movie_id = t.id)
  ->  Seq Scan on cast_info ci  (cost=0.00..796071.18 rows=1742636 width=4) (actual time=19010.763..37649.190 rows=1360086 loops=1)
        Filter: ((person_id < 2346575) AND (role_id = 4))
        Rows Removed by Filter: 34884258
  ->  Hash  (cost=61283.27..61283.27 rows=2528527 width=4) (actual time=5874.876..5874.876 rows=2528312 loops=1)
        Buckets: 131072  Batches: 64  Memory Usage: 2415kB
        ->  Seq Scan on title t  (cost=0.00..61283.27 rows=2528527 width=4) (actual time=0.019..4276.491 rows=2528312 loops=1)
Planning time: 0.721 ms
Execution time: 46395.952 ms
