Seq Scan on movie_companies mc  (cost=0.00..57926.93 rows=844587 width=0) (actual time=0.017..2687.086 rows=1157308 loops=1)
  Filter: ((company_id < 21845) AND (company_type_id < 2))
  Rows Removed by Filter: 1451821
Planning time: 0.350 ms
Execution time: 2871.686 ms
