Hash Join  (cost=75831.78..114612.19 rows=63393 width=0) (actual time=4116.437..6484.553 rows=187760 loops=1)
  Hash Cond: (mi_idx.movie_id = t.id)
  ->  Seq Scan on movie_info_idx mi_idx  (cost=0.00..21735.35 rows=1380035 width=4) (actual time=0.026..1512.363 rows=1380035 loops=1)
  ->  Hash  (cost=73925.90..73925.90 rows=116150 width=4) (actual time=3878.033..3878.033 rows=248210 loops=1)
        Buckets: 131072 (originally 131072)  Batches: 4 (originally 2)  Memory Usage: 3207kB
        ->  Seq Scan on title t  (cost=0.00..73925.90 rows=116150 width=4) (actual time=1026.148..3530.026 rows=248210 loops=1)
              Filter: ((production_year < 1975) AND (kind_id = 1))
              Rows Removed by Filter: 2280102
Planning time: 0.866 ms
Execution time: 6509.257 ms
