Hash Join  (cost=114191.20..481356.86 rows=250973 width=0) (actual time=6257.777..28281.549 rows=558247 loops=1)
  Hash Cond: (mi.movie_id = t.id)
  ->  Seq Scan on movie_info mi  (cost=0.00..309384.22 rows=14739122 width=4) (actual time=0.009..17071.355 rows=14835720 loops=1)
  ->  Hash  (cost=113653.01..113653.01 rows=43055 width=8) (actual time=6257.013..6257.013 rows=36582 loops=1)
        Buckets: 65536  Batches: 1  Memory Usage: 1941kB
        ->  Hash Join  (cost=75220.98..113653.01 rows=43055 width=8) (actual time=4232.587..6241.754 rows=36582 loops=1)
              Hash Cond: (mi_idx.movie_id = t.id)
              ->  Seq Scan on movie_info_idx mi_idx  (cost=0.00..21735.35 rows=1380035 width=4) (actual time=0.020..1441.415 rows=1380035 loops=1)
              ->  Hash  (cost=73925.90..73925.90 rows=78886 width=4) (actual time=3490.556..3490.556 rows=74127 loops=1)
                    Buckets: 131072  Batches: 2  Memory Usage: 2328kB
                    ->  Seq Scan on title t  (cost=0.00..73925.90 rows=78886 width=4) (actual time=0.077..3461.453 rows=74127 loops=1)
                          Filter: ((kind_id < 4) AND (production_year > 2011))
                          Rows Removed by Filter: 2454185
Planning time: 1.169 ms
Execution time: 28369.219 ms
