Seq Scan on cast_info ci  (cost=0.00..705507.15 rows=34600108 width=0) (actual time=0.016..43051.805 rows=34603360 loops=1)
  Filter: (person_id < 3736839)
  Rows Removed by Filter: 1640984
Planning time: 0.324 ms
Execution time: 49209.217 ms
