Hash Join  (cost=101210.02..273515.82 rows=3664684 width=0) (actual time=5603.563..14935.995 rows=3459576 loops=1)
  Hash Cond: (mk.movie_id = t.id)
  ->  Seq Scan on movie_keyword mk  (cost=0.00..69693.30 rows=4523930 width=4) (actual time=0.011..4897.421 rows=4523930 loops=1)
  ->  Hash  (cost=67604.59..67604.59 rows=2048275 width=4) (actual time=5602.710..5602.710 rows=2046723 loops=1)
        Buckets: 131072  Batches: 32  Memory Usage: 3285kB
        ->  Seq Scan on title t  (cost=0.00..67604.59 rows=2048275 width=4) (actual time=0.011..4567.809 rows=2046723 loops=1)
              Filter: (production_year > 1972)
              Rows Removed by Filter: 481589
Planning time: 1.016 ms
Execution time: 15417.245 ms
