Hash Join  (cost=310578.05..1884408.06 rows=43753279 width=0) (actual time=6851.847..74056.150 rows=148153602 loops=1)
  Hash Cond: (ci.movie_id = t.id)
  ->  Seq Scan on cast_info ci  (cost=0.00..614943.12 rows=36225612 width=4) (actual time=0.011..13511.344 rows=36244344 loops=1)
  ->  Hash  (cost=260473.63..260473.63 rows=3053954 width=8) (actual time=6850.067..6850.067 rows=2629445 loops=1)
        Buckets: 131072  Batches: 64  Memory Usage: 2622kB
        ->  Hash Join  (cost=95609.14..260473.63 rows=3053954 width=8) (actual time=2048.237..6194.899 rows=2629445 loops=1)
              Hash Cond: (mk.movie_id = t.id)
              ->  Seq Scan on movie_keyword mk  (cost=0.00..69693.30 rows=4523930 width=4) (actual time=0.013..1407.193 rows=4523930 loops=1)
              ->  Hash  (cost=67604.59..67604.59 rows=1706924 width=4) (actual time=2046.676..2046.676 rows=1700316 loops=1)
                    Buckets: 131072  Batches: 32  Memory Usage: 2903kB
                    ->  Seq Scan on title t  (cost=0.00..67604.59 rows=1706924 width=4) (actual time=0.020..1477.382 rows=1700316 loops=1)
                          Filter: (production_year > 1992)
                          Rows Removed by Filter: 827996
Planning time: 1.202 ms
Execution time: 90584.045 ms
