Hash Join  (cost=73994.33..825567.74 rows=78425 width=0) (actual time=3047.741..46832.323 rows=31311 loops=1)
  Hash Cond: (ci.movie_id = t.id)
  ->  Seq Scan on cast_info ci  (cost=0.00..614943.12 rows=36225612 width=4) (actual time=0.018..32759.512 rows=36244344 loops=1)
  ->  Hash  (cost=73925.90..73925.90 rows=5474 width=4) (actual time=2985.811..2985.811 rows=4098 loops=1)
        Buckets: 8192  Batches: 1  Memory Usage: 209kB
        ->  Seq Scan on title t  (cost=0.00..73925.90 rows=5474 width=4) (actual time=0.399..2983.292 rows=4098 loops=1)
              Filter: ((kind_id > 1) AND (production_year = 1953))
              Rows Removed by Filter: 2524214
Planning time: 0.781 ms
Execution time: 46842.102 ms
