Nested Loop  (cost=0.43..797556.14 rows=37 width=0) (actual time=10314.619..33405.089 rows=2 loops=1)
  ->  Seq Scan on cast_info ci  (cost=0.00..796071.18 rows=176 width=4) (actual time=10306.897..33365.190 rows=424 loops=1)
        Filter: ((person_id = 806001) AND (role_id = 1))
        Rows Removed by Filter: 36243920
  ->  Index Scan using title_pkey on title t  (cost=0.43..8.43 rows=1 width=4) (actual time=0.093..0.093 rows=0 loops=424)
        Index Cond: (id = ci.movie_id)
        Filter: (production_year > 2009)
        Rows Removed by Filter: 1
Planning time: 0.843 ms
Execution time: 33405.228 ms
