Seq Scan on movie_keyword mk  (cost=0.00..81003.12 rows=1572479 width=0) (actual time=0.019..3889.764 rows=1581203 loops=1)
  Filter: (keyword_id < 2401)
  Rows Removed by Filter: 2942727
Planning time: 0.364 ms
Execution time: 4160.708 ms
