Seq Scan on movie_companies mc  (cost=0.00..57926.93 rows=1329510 width=0) (actual time=592.098..2732.225 rows=1334685 loops=1)
  Filter: ((company_id < 234806) AND (company_type_id > 1))
  Rows Removed by Filter: 1274444
Planning time: 5.205 ms
Execution time: 2925.738 ms
