Hash Join  (cost=282124.56..922337.41 rows=13306499 width=0) (actual time=12466.491..43045.005 rows=5741735 loops=1)
  Hash Cond: (mi.movie_id = t.id)
  ->  Seq Scan on movie_info mi  (cost=0.00..309384.22 rows=14739122 width=4) (actual time=0.013..19763.761 rows=14835720 loops=1)
  ->  Hash  (cost=244672.08..244672.08 rows=2282758 width=8) (actual time=12215.747..12215.747 rows=566236 loops=1)
        Buckets: 131072  Batches: 32  Memory Usage: 1728kB
        ->  Hash Join  (cost=94858.47..244672.08 rows=2282758 width=8) (actual time=4856.315..12025.909 rows=566236 loops=1)
              Hash Cond: (mk.movie_id = t.id)
              ->  Seq Scan on movie_keyword mk  (cost=0.00..69693.30 rows=4523930 width=4) (actual time=0.022..4323.470 rows=4523930 loops=1)
              ->  Hash  (cost=73925.90..73925.90 rows=1275885 width=4) (actual time=4854.791..4854.791 rows=1357653 loops=1)
                    Buckets: 131072  Batches: 32  Memory Usage: 2525kB
                    ->  Seq Scan on title t  (cost=0.00..73925.90 rows=1275885 width=4) (actual time=0.024..4292.328 rows=1357653 loops=1)
                          Filter: ((production_year > 1969) AND (kind_id = 7))
                          Rows Removed by Filter: 1170659
Planning time: 8.513 ms
Execution time: 43800.107 ms
