Seq Scan on movie_keyword mk  (cost=0.00..81003.12 rows=974751 width=0) (actual time=0.014..3342.120 rows=979999 loops=1)
  Filter: (keyword_id < 918)
  Rows Removed by Filter: 3543931
Planning time: 0.312 ms
Execution time: 3483.446 ms
