Nested Loop  (cost=0.43..799266.90 rows=84 width=0) (actual time=23939.041..38846.560 rows=3 loops=1)
  ->  Seq Scan on cast_info ci  (cost=0.00..796071.18 rows=382 width=4) (actual time=23938.979..38846.402 rows=6 loops=1)
        Filter: ((role_id < 6) AND (person_id = 224547))
        Rows Removed by Filter: 36244338
  ->  Index Scan using title_pkey on title t  (cost=0.43..8.36 rows=1 width=4) (actual time=0.023..0.023 rows=0 loops=6)
        Index Cond: (id = ci.movie_id)
        Filter: (production_year < 1983)
        Rows Removed by Filter: 0
Planning time: 4.273 ms
Execution time: 38846.694 ms
