Hash Join  (cost=149932.60..285061.81 rows=1077417 width=0) (actual time=7399.963..14309.244 rows=934593 loops=1)
  Hash Cond: (mk.movie_id = t.id)
  ->  Seq Scan on movie_keyword mk  (cost=0.00..69693.30 rows=4523930 width=4) (actual time=0.016..4222.404 rows=4523930 loops=1)
  ->  Hash  (cost=140052.19..140052.19 rows=602193 width=8) (actual time=7395.959..7395.959 rows=342978 loops=1)
        Buckets: 131072  Batches: 8  Memory Usage: 2710kB
        ->  Hash Join  (cost=92027.78..140052.19 rows=602193 width=8) (actual time=4694.300..7265.377 rows=342978 loops=1)
              Hash Cond: (mi_idx.movie_id = t.id)
              ->  Seq Scan on movie_info_idx mi_idx  (cost=0.00..21735.35 rows=1380035 width=4) (actual time=0.022..1467.824 rows=1380035 loops=1)
              ->  Hash  (cost=73925.90..73925.90 rows=1103350 width=4) (actual time=4693.483..4693.483 rows=1054846 loops=1)
                    Buckets: 131072  Batches: 16  Memory Usage: 3343kB
                    ->  Seq Scan on title t  (cost=0.00..73925.90 rows=1103350 width=4) (actual time=0.008..3977.812 rows=1054846 loops=1)
                          Filter: ((kind_id > 4) AND (production_year < 2009))
                          Rows Removed by Filter: 1473466
Planning time: 1.287 ms
Execution time: 14454.692 ms
