Hash Join  (cost=151017.90..276805.15 rows=310621 width=0) (actual time=8307.918..14509.461 rows=1505946 loops=1)
  Hash Cond: (mk.movie_id = t.id)
  ->  Seq Scan on movie_keyword mk  (cost=0.00..69693.30 rows=4523930 width=4) (actual time=0.023..4036.748 rows=4523930 loops=1)
  ->  Hash  (cost=148168.74..148168.74 rows=173613 width=8) (actual time=8305.770..8305.770 rows=118438 loops=1)
        Buckets: 131072  Batches: 4  Memory Usage: 2185kB
        ->  Hash Join  (cost=74050.79..148168.74 rows=173613 width=8) (actual time=4281.965..8261.592 rows=118438 loops=1)
              Hash Cond: (mc.movie_id = t.id)
              ->  Seq Scan on movie_companies mc  (cost=0.00..57926.93 rows=1117304 width=4) (actual time=0.026..3131.968 rows=1274246 loops=1)
                    Filter: ((company_id < 90157) AND (company_type_id < 2))
                    Rows Removed by Filter: 1334883
              ->  Hash  (cost=67604.59..67604.59 rows=392896 width=4) (actual time=4281.076..4281.076 rows=391666 loops=1)
                    Buckets: 131072  Batches: 8  Memory Usage: 2753kB
                    ->  Seq Scan on title t  (cost=0.00..67604.59 rows=392896 width=4) (actual time=0.017..3655.194 rows=391666 loops=1)
                          Filter: (production_year > 2010)
                          Rows Removed by Filter: 2136646
Planning time: 1.099 ms
Execution time: 14689.649 ms
