Hash Join  (cost=68438.72..887198.78 rows=149178 width=0) (actual time=16971.640..34646.838 rows=97000 loops=1)
  Hash Cond: (ci.movie_id = t.id)
  ->  Seq Scan on cast_info ci  (cost=0.00..796071.18 rows=5652559 width=4) (actual time=14297.554..30811.948 rows=3484750 loops=1)
        Filter: ((person_id < 1241285) AND (role_id > 2))
        Rows Removed by Filter: 32759594
  ->  Hash  (cost=67604.59..67604.59 rows=66731 width=4) (actual time=2673.187..2673.187 rows=67342 loops=1)
        Buckets: 131072  Batches: 1  Memory Usage: 3392kB
        ->  Seq Scan on title t  (cost=0.00..67604.59 rows=66731 width=4) (actual time=0.040..2644.943 rows=67342 loops=1)
              Filter: (production_year > 2012)
              Rows Removed by Filter: 2460970
Planning time: 0.561 ms
Execution time: 34665.624 ms
