Hash Join  (cost=131200.65..623082.54 rows=1131695 width=0) (actual time=6609.966..34609.145 rows=1673694 loops=1)
  Hash Cond: (mi.movie_id = t.id)
  ->  Seq Scan on movie_info mi  (cost=0.00..309384.22 rows=14739122 width=4) (actual time=0.014..18980.187 rows=14835720 loops=1)
  ->  Hash  (cost=128014.83..128014.83 rows=194145 width=8) (actual time=6609.023..6609.023 rows=164443 loops=1)
        Buckets: 131072  Batches: 4  Memory Usage: 2642kB
        ->  Hash Join  (cost=91397.28..128014.83 rows=194145 width=8) (actual time=4373.765..6526.620 rows=164443 loops=1)
              Hash Cond: (mi_idx.movie_id = t.id)
              ->  Seq Scan on movie_info_idx mi_idx  (cost=0.00..25185.44 rows=460978 width=4) (actual time=0.031..1513.873 rows=459925 loops=1)
                    Filter: (info_type_id < 100)
                    Rows Removed by Filter: 920110
              ->  Hash  (cost=73925.90..73925.90 rows=1064910 width=4) (actual time=4372.635..4372.635 rows=1003269 loops=1)
                    Buckets: 131072  Batches: 16  Memory Usage: 3233kB
                    ->  Seq Scan on title t  (cost=0.00..73925.90 rows=1064910 width=4) (actual time=0.017..3990.370 rows=1003269 loops=1)
                          Filter: ((kind_id > 1) AND (production_year < 2006))
                          Rows Removed by Filter: 1525043
Planning time: 3.488 ms
Execution time: 34873.288 ms
