Hash Join  (cost=74477.30..879744.19 rows=40878 width=0) (actual time=4123.201..34304.229 rows=6839 loops=1)
  Hash Cond: (ci.movie_id = t.id)
  ->  Seq Scan on cast_info ci  (cost=0.00..796071.18 rows=2343179 width=4) (actual time=1141.724..30908.675 rows=1490843 loops=1)
        Filter: ((person_id < 2127820) AND (role_id = 3))
        Rows Removed by Filter: 34753501
  ->  Hash  (cost=73925.90..73925.90 rows=44112 width=4) (actual time=2980.857..2980.857 rows=23586 loops=1)
        Buckets: 65536  Batches: 1  Memory Usage: 1342kB
        ->  Seq Scan on title t  (cost=0.00..73925.90 rows=44112 width=4) (actual time=0.033..2971.075 rows=23586 loops=1)
              Filter: ((production_year < 1999) AND (kind_id = 4))
              Rows Removed by Filter: 2504726
Planning time: 0.759 ms
Execution time: 34305.813 ms
