Hash Join  (cost=85303.03..205993.83 rows=708919 width=0) (actual time=3286.063..8216.779 rows=1337367 loops=1)
  Hash Cond: (mk.movie_id = t.id)
  ->  Seq Scan on movie_keyword mk  (cost=0.00..81003.12 rows=2584930 width=4) (actual time=0.019..3349.020 rows=2575880 loops=1)
        Filter: (keyword_id < 6660)
        Rows Removed by Filter: 1948050
  ->  Hash  (cost=73925.90..73925.90 rows=693450 width=4) (actual time=3264.921..3264.921 rows=595167 loops=1)
        Buckets: 131072  Batches: 16  Memory Usage: 2338kB
        ->  Seq Scan on title t  (cost=0.00..73925.90 rows=693450 width=4) (actual time=0.021..3033.673 rows=595167 loops=1)
              Filter: ((kind_id < 7) AND (production_year > 1989))
              Rows Removed by Filter: 1933145
Planning time: 0.661 ms
Execution time: 8364.334 ms
