Hash Join  (cost=1048810.63..1559702.87 rows=7455551 width=0) (actual time=23025.756..35751.597 rows=11018396 loops=1)
  Hash Cond: (mi.movie_id = t.id)
  ->  Seq Scan on movie_info mi  (cost=0.00..346232.03 rows=5445713 width=4) (actual time=738.783..6468.789 rows=5410520 loops=1)
        Filter: (info_type_id < 6)
        Rows Removed by Filter: 9425200
  ->  Hash  (cost=992016.07..992016.07 rows=3461725 width=8) (actual time=22286.068..22286.068 rows=4008037 loops=1)
        Buckets: 131072  Batches: 64  Memory Usage: 3485kB
        ->  Hash Join  (cost=102767.86..992016.07 rows=3461725 width=8) (actual time=3105.335..21100.613 rows=4008037 loops=1)
              Hash Cond: (ci.movie_id = t.id)
              ->  Seq Scan on cast_info ci  (cost=0.00..796071.18 rows=3461725 width=4) (actual time=1250.565..15552.496 rows=4008037 loops=1)
                    Filter: ((person_id < 3183967) AND (role_id = 3))
                    Rows Removed by Filter: 32236307
              ->  Hash  (cost=61283.27..61283.27 rows=2528527 width=4) (actual time=1853.765..1853.765 rows=2528312 loops=1)
                    Buckets: 131072  Batches: 64  Memory Usage: 2415kB
                    ->  Seq Scan on title t  (cost=0.00..61283.27 rows=2528527 width=4) (actual time=0.014..1022.179 rows=2528312 loops=1)
Planning time: 1.162 ms
Execution time: 37008.767 ms
