Hash Join  (cost=177192.11..214447.61 rows=71544 width=0) (actual time=3228.031..4450.824 rows=121656 loops=1)
  Hash Cond: (mi_idx.movie_id = t.id)
  ->  Seq Scan on movie_info_idx mi_idx  (cost=0.00..25185.44 rows=915101 width=4) (actual time=0.024..551.546 rows=919850 loops=1)
        Filter: (info_type_id < 101)
        Rows Removed by Filter: 460185
  ->  Hash  (cost=173948.06..173948.06 rows=197684 width=8) (actual time=3226.821..3226.821 rows=107196 loops=1)
        Buckets: 131072  Batches: 4  Memory Usage: 2062kB
        ->  Hash Join  (cost=80562.70..173948.06 rows=197684 width=8) (actual time=1467.799..3195.015 rows=107196 loops=1)
              Hash Cond: (mk.movie_id = t.id)
              ->  Seq Scan on movie_keyword mk  (cost=0.00..81003.12 rows=632905 width=4) (actual time=0.021..1298.787 rows=632848 loops=1)
                    Filter: (keyword_id < 495)
                    Rows Removed by Filter: 3891082
              ->  Hash  (cost=67604.59..67604.59 rows=789769 width=4) (actual time=1465.879..1465.879 rows=784926 loops=1)
                    Buckets: 131072  Batches: 16  Memory Usage: 2756kB
                    ->  Seq Scan on title t  (cost=0.00..67604.59 rows=789769 width=4) (actual time=0.012..1205.555 rows=784926 loops=1)
                          Filter: (production_year > 2007)
                          Rows Removed by Filter: 1743386
Planning time: 1.090 ms
Execution time: 4465.881 ms
