Hash Join  (cost=101758.31..823639.68 rows=17231 width=0) (actual time=4522.979..37374.181 rows=62236 loops=1)
  Hash Cond: (ci.movie_id = t.id)
  ->  Seq Scan on cast_info ci  (cost=0.00..705507.15 rows=4320508 width=4) (actual time=0.015..31745.027 rows=4323018 loops=1)
        Filter: (role_id = 10)
        Rows Removed by Filter: 31921326
  ->  Hash  (cost=101632.26..101632.26 rows=10084 width=8) (actual time=4522.819..4522.819 rows=13124 loops=1)
        Buckets: 16384  Batches: 1  Memory Usage: 641kB
        ->  Hash Join  (cost=74617.32..101632.26 rows=10084 width=8) (actual time=3115.036..4516.679 rows=13124 loops=1)
              Hash Cond: (mi_idx.movie_id = t.id)
              ->  Seq Scan on movie_info_idx mi_idx  (cost=0.00..25185.44 rows=460978 width=4) (actual time=0.017..1244.608 rows=459925 loops=1)
                    Filter: (info_type_id = 99)
                    Rows Removed by Filter: 920110
              ->  Hash  (cost=73925.90..73925.90 rows=55313 width=4) (actual time=3114.682..3114.682 rows=49075 loops=1)
                    Buckets: 65536  Batches: 1  Memory Usage: 2238kB
                    ->  Seq Scan on title t  (cost=0.00..73925.90 rows=55313 width=4) (actual time=0.032..3092.465 rows=49075 loops=1)
                          Filter: ((kind_id < 7) AND (production_year = 2010))
                          Rows Removed by Filter: 2479237
Planning time: 1.083 ms
Execution time: 37388.801 ms
