Hash Join  (cost=92735.26..1201892.60 rows=9858665 width=0) (actual time=1825.385..31889.780 rows=10628233 loops=1)
  Hash Cond: (ci.movie_id = t.id)
  ->  Seq Scan on cast_info ci  (cost=0.00..796071.18 rows=16274301 width=4) (actual time=0.019..16206.768 rows=17785267 loops=1)
        Filter: ((person_id < 1849242) AND (role_id < 10))
        Rows Removed by Filter: 18459077
  ->  Hash  (cost=67604.59..67604.59 rows=1531734 width=4) (actual time=1824.577..1824.577 rows=1531613 loops=1)
        Buckets: 131072  Batches: 32  Memory Usage: 2708kB
        ->  Seq Scan on title t  (cost=0.00..67604.59 rows=1531734 width=4) (actual time=0.021..1315.377 rows=1531613 loops=1)
              Filter: (production_year > 1997)
              Rows Removed by Filter: 996699
Planning time: 3.165 ms
Execution time: 33205.556 ms
