Hash Join  (cost=90717.09..127159.91 rows=188188 width=0) (actual time=2211.579..2781.037 rows=97166 loops=1)
  Hash Cond: (mi_idx.movie_id = t.id)
  ->  Seq Scan on movie_info_idx mi_idx  (cost=0.00..25185.44 rows=464934 width=4) (actual time=0.026..431.867 rows=460185 loops=1)
        Filter: (info_type_id > 100)
        Rows Removed by Filter: 919850
  ->  Hash  (cost=73925.90..73925.90 rows=1023455 width=4) (actual time=1923.975..1923.975 rows=1117981 loops=1)
        Buckets: 131072  Batches: 16  Memory Usage: 3489kB
        ->  Seq Scan on title t  (cost=0.00..73925.90 rows=1023455 width=4) (actual time=0.018..1293.496 rows=1117981 loops=1)
              Filter: ((production_year > 1993) AND (kind_id = 7))
              Rows Removed by Filter: 1410331
Planning time: 0.723 ms
Execution time: 2791.564 ms
