Hash Join  (cost=102767.86..185163.95 rows=606348 width=0) (actual time=2450.177..3735.367 rows=392593 loops=1)
  Hash Cond: (mc.movie_id = t.id)
  ->  Seq Scan on movie_companies mc  (cost=0.00..57926.93 rows=606348 width=4) (actual time=489.618..1014.084 rows=392593 loops=1)
        Filter: ((company_id < 10339) AND (company_type_id > 1))
        Rows Removed by Filter: 2216536
  ->  Hash  (cost=61283.27..61283.27 rows=2528527 width=4) (actual time=1959.330..1959.330 rows=2528312 loops=1)
        Buckets: 131072  Batches: 64  Memory Usage: 2415kB
        ->  Seq Scan on title t  (cost=0.00..61283.27 rows=2528527 width=4) (actual time=0.023..1130.335 rows=2528312 loops=1)
Planning time: 0.698 ms
Execution time: 3782.472 ms
