Hash Join  (cost=90234.05..233903.52 rows=1778443 width=0) (actual time=1667.198..5480.843 rows=962873 loops=1)
  Hash Cond: (mk.movie_id = t.id)
  ->  Seq Scan on movie_keyword mk  (cost=0.00..69693.30 rows=4523930 width=4) (actual time=3.930..1491.097 rows=4523930 loops=1)
  ->  Hash  (cost=73925.90..73925.90 rows=994012 width=4) (actual time=1661.902..1661.902 rows=923721 loops=1)
        Buckets: 131072  Batches: 16  Memory Usage: 3063kB
        ->  Seq Scan on title t  (cost=0.00..73925.90 rows=994012 width=4) (actual time=0.024..1380.073 rows=923721 loops=1)
              Filter: ((kind_id > 1) AND (production_year < 2005))
              Rows Removed by Filter: 1604591
Planning time: 1.345 ms
Execution time: 5594.475 ms
