Seq Scan on movie_keyword mk  (cost=0.00..81003.12 rows=3984751 width=0) (actual time=0.014..1579.759 rows=3989904 loops=1)
  Filter: (keyword_id < 34319)
  Rows Removed by Filter: 534026
Planning time: 1.934 ms
Execution time: 2066.102 ms
