Seq Scan on movie_companies mc  (cost=0.00..51404.11 rows=2204067 width=0) (actual time=0.024..1142.117 rows=2200218 loops=1)
  Filter: (company_id < 81185)
  Rows Removed by Filter: 408911
Planning time: 0.311 ms
Execution time: 1408.798 ms
