Seq Scan on movie_keyword mk  (cost=0.00..81003.12 rows=979397 width=0) (actual time=0.014..1394.745 rows=983649 loops=1)
  Filter: (keyword_id > 18824)
  Rows Removed by Filter: 3540281
Planning time: 0.317 ms
Execution time: 1521.368 ms
