Hash Join  (cost=115444.08..600226.84 rows=466385 width=0) (actual time=2018.051..12760.526 rows=505333 loops=1)
  Hash Cond: (mi.movie_id = t.id)
  ->  Seq Scan on movie_info mi  (cost=0.00..309384.22 rows=14739122 width=4) (actual time=0.014..5716.317 rows=14835720 loops=1)
  ->  Hash  (cost=114130.97..114130.97 rows=80009 width=8) (actual time=2017.211..2017.211 rows=44084 loops=1)
        Buckets: 131072  Batches: 2  Memory Usage: 1898kB
        ->  Hash Join  (cost=81071.32..114130.97 rows=80009 width=8) (actual time=1266.866..2000.878 rows=44084 loops=1)
              Hash Cond: (mi_idx.movie_id = t.id)
              ->  Seq Scan on movie_info_idx mi_idx  (cost=0.00..25185.44 rows=464566 width=4) (actual time=0.017..465.889 rows=459925 loops=1)
                    Filter: (info_type_id = 101)
                    Rows Removed by Filter: 920110
              ->  Hash  (cost=73925.90..73925.90 rows=435473 width=4) (actual time=1265.934..1265.934 rows=293372 loops=1)
                    Buckets: 131072  Batches: 8  Memory Usage: 2303kB
                    ->  Seq Scan on title t  (cost=0.00..73925.90 rows=435473 width=4) (actual time=0.020..1174.302 rows=293372 loops=1)
                          Filter: ((kind_id > 1) AND (production_year < 1985))
                          Rows Removed by Filter: 2234940
Planning time: 1.133 ms
Execution time: 12831.032 ms
