Hash Join  (cost=227520.91..1429740.26 rows=11986522 width=0) (actual time=5873.660..64490.197 rows=107981564 loops=1)
  Hash Cond: (ci.movie_id = t.id)
  ->  Seq Scan on cast_info ci  (cost=0.00..614943.12 rows=36225612 width=4) (actual time=0.022..13215.533 rows=36244344 loops=1)
  ->  Hash  (cost=213793.76..213793.76 rows=836652 width=8) (actual time=5872.196..5872.196 rows=2486177 loops=1)
        Buckets: 131072 (originally 131072)  Batches: 64 (originally 16)  Memory Usage: 3986kB
        ->  Hash Join  (cost=81598.21..213793.76 rows=836652 width=8) (actual time=1297.356..5218.325 rows=2486177 loops=1)
              Hash Cond: (mk.movie_id = t.id)
              ->  Seq Scan on movie_keyword mk  (cost=0.00..69693.30 rows=4523930 width=4) (actual time=0.014..1464.386 rows=4523930 loops=1)
              ->  Hash  (cost=73925.90..73925.90 rows=467624 width=4) (actual time=1296.356..1296.356 rows=557493 loops=1)
                    Buckets: 131072  Batches: 8  Memory Usage: 3493kB
                    ->  Seq Scan on title t  (cost=0.00..73925.90 rows=467624 width=4) (actual time=0.031..1113.753 rows=557493 loops=1)
                          Filter: ((kind_id < 7) AND (production_year < 2003))
                          Rows Removed by Filter: 1970819
Planning time: 1.342 ms
Execution time: 76175.779 ms
