Hash Join  (cost=94574.69..685277.39 rows=7208910 width=0) (actual time=1833.447..17317.378 rows=3486774 loops=1)
  Hash Cond: (mi.movie_id = t.id)
  ->  Seq Scan on movie_info mi  (cost=0.00..346232.03 rows=14483353 width=4) (actual time=0.016..7600.374 rows=14528932 loops=1)
        Filter: (info_type_id < 106)
        Rows Removed by Filter: 306788
  ->  Hash  (cost=73925.90..73925.90 rows=1258543 width=4) (actual time=1830.446..1830.446 rows=1221534 loops=1)
        Buckets: 131072  Batches: 32  Memory Usage: 2369kB
        ->  Seq Scan on title t  (cost=0.00..73925.90 rows=1258543 width=4) (actual time=188.542..1408.726 rows=1221534 loops=1)
              Filter: ((production_year < 2011) AND (kind_id = 7))
              Rows Removed by Filter: 1306778
Planning time: 2.712 ms
Execution time: 17686.800 ms
