Seq Scan on movie_keyword mk  (cost=0.00..81003.12 rows=734553 width=0) (actual time=0.021..1372.088 rows=734912 loops=1)
  Filter: (keyword_id < 659)
  Rows Removed by Filter: 3789018
Planning time: 0.370 ms
Execution time: 1462.589 ms
