Seq Scan on cast_info ci  (cost=0.00..796071.18 rows=3553283 width=0) (actual time=1443.014..14748.037 rows=1337685 loops=1)
  Filter: ((person_id < 2822631) AND (role_id > 9))
  Rows Removed by Filter: 34906659
Planning time: 0.327 ms
Execution time: 14918.495 ms
