Hash Join  (cost=98595.81..267428.53 rows=3379677 width=0) (actual time=1873.965..6315.807 rows=3080164 loops=1)
  Hash Cond: (mk.movie_id = t.id)
  ->  Seq Scan on movie_keyword mk  (cost=0.00..69693.30 rows=4523930 width=4) (actual time=0.022..1426.024 rows=4523930 loops=1)
  ->  Hash  (cost=67604.59..67604.59 rows=1888978 width=4) (actual time=1872.459..1872.459 rows=1887769 loops=1)
        Buckets: 131072  Batches: 32  Memory Usage: 3114kB
        ->  Seq Scan on title t  (cost=0.00..67604.59 rows=1888978 width=4) (actual time=0.013..1248.263 rows=1887769 loops=1)
              Filter: (production_year > 1983)
              Rows Removed by Filter: 640543
Planning time: 0.668 ms
Execution time: 6663.945 ms
