Hash Join  (cost=83074.74..137742.81 rows=254 width=0) (actual time=1307.636..2378.108 rows=30987 loops=1)
  Hash Cond: (mc.movie_id = t.id)
  ->  Seq Scan on movie_companies mc  (cost=0.00..44881.29 rows=2609129 width=4) (actual time=0.014..547.233 rows=2609129 loops=1)
  ->  Hash  (cost=83071.67..83071.67 rows=246 width=8) (actual time=1307.493..1307.493 rows=4062 loops=1)
        Buckets: 4096 (originally 1024)  Batches: 1 (originally 1)  Memory Usage: 191kB
        ->  Nested Loop  (cost=0.43..83071.67 rows=246 width=8) (actual time=0.256..1304.575 rows=4062 loops=1)
              ->  Seq Scan on movie_keyword mk  (cost=0.00..81003.12 rows=246 width=4) (actual time=0.179..1209.948 rows=4062 loops=1)
                    Filter: (keyword_id = 266)
                    Rows Removed by Filter: 4519868
              ->  Index Only Scan using title_pkey on title t  (cost=0.43..8.40 rows=1 width=4) (actual time=0.021..0.022 rows=1 loops=4062)
                    Index Cond: (id = mk.movie_id)
                    Heap Fetches: 4062
Planning time: 1.117 ms
Execution time: 2382.782 ms
