Hash Join  (cost=484257.13..1643420.76 rows=9888142 width=0) (actual time=7953.757..41072.675 rows=5679424 loops=1)
  Hash Cond: (ci.movie_id = t.id)
  ->  Seq Scan on cast_info ci  (cost=0.00..705507.15 rows=30405364 width=4) (actual time=0.008..16908.211 rows=30511650 loops=1)
        Filter: (role_id < 9)
        Rows Removed by Filter: 5732694
  ->  Hash  (cost=470765.34..470765.34 rows=822303 width=8) (actual time=7952.914..7952.914 rows=310818 loops=1)
        Buckets: 131072  Batches: 16  Memory Usage: 1774kB
        ->  Hash Join  (cost=93093.72..470765.34 rows=822303 width=8) (actual time=4127.344..7877.068 rows=310818 loops=1)
              Hash Cond: (mi.movie_id = t.id)
              ->  Seq Scan on movie_info mi  (cost=0.00..346232.03 rows=1338312 width=4) (actual time=2394.652..5240.483 rows=1401902 loops=1)
                    Filter: (info_type_id = 7)
                    Rows Removed by Filter: 13433818
              ->  Hash  (cost=67604.59..67604.59 rows=1553611 width=4) (actual time=1731.382..1731.382 rows=1555864 loops=1)
                    Buckets: 131072  Batches: 32  Memory Usage: 2740kB
                    ->  Seq Scan on title t  (cost=0.00..67604.59 rows=1553611 width=4) (actual time=0.019..1217.270 rows=1555864 loops=1)
                          Filter: (kind_id > 4)
                          Rows Removed by Filter: 972448
Planning time: 1.272 ms
Execution time: 41744.248 ms
