Hash Join  (cost=73962.22..867862.68 rows=26998 width=0) (actual time=5553.019..20129.333 rows=40648 loops=1)
  Hash Cond: (ci.movie_id = t.id)
  ->  Seq Scan on cast_info ci  (cost=0.00..705507.15 rows=23499554 width=4) (actual time=4367.121..14983.267 rows=23573656 loops=1)
        Filter: (role_id > 1)
        Rows Removed by Filter: 12670688
  ->  Hash  (cost=73925.90..73925.90 rows=2905 width=4) (actual time=1183.702..1183.702 rows=4962 loops=1)
        Buckets: 8192 (originally 4096)  Batches: 1 (originally 1)  Memory Usage: 239kB
        ->  Seq Scan on title t  (cost=0.00..73925.90 rows=2905 width=4) (actual time=5.185..1181.097 rows=4962 loops=1)
              Filter: ((kind_id < 7) AND (production_year = 1964))
              Rows Removed by Filter: 2523350
Planning time: 0.829 ms
Execution time: 20140.466 ms
