Seq Scan on cast_info ci  (cost=0.00..705507.15 rows=500 width=0) (actual time=3299.203..11040.163 rows=17 loops=1)
  Filter: (person_id = 3596357)
  Rows Removed by Filter: 36244327
Planning time: 0.368 ms
Execution time: 11040.269 ms
