Hash Join  (cost=146730.98..282928.65 rows=1165163 width=0) (actual time=3123.331..7301.216 rows=3295225 loops=1)
  Hash Cond: (mk.movie_id = t.id)
  ->  Seq Scan on movie_keyword mk  (cost=0.00..69693.30 rows=4523930 width=4) (actual time=0.010..1468.535 rows=4523930 loops=1)
  ->  Hash  (cost=136046.53..136046.53 rows=651236 width=8) (actual time=3120.377..3120.377 rows=539725 loops=1)
        Buckets: 131072  Batches: 16  Memory Usage: 2344kB
        ->  Hash Join  (cost=87180.69..136046.53 rows=651236 width=8) (actual time=1559.954..2967.129 rows=539725 loops=1)
              Hash Cond: (mi_idx.movie_id = t.id)
              ->  Seq Scan on movie_info_idx mi_idx  (cost=0.00..21735.35 rows=1380035 width=4) (actual time=0.020..430.192 rows=1380035 loops=1)
              ->  Hash  (cost=67604.59..67604.59 rows=1193208 width=4) (actual time=1558.669..1558.669 rows=1192518 loops=1)
                    Buckets: 131072  Batches: 16  Memory Usage: 3646kB
                    ->  Seq Scan on title t  (cost=0.00..67604.59 rows=1193208 width=4) (actual time=0.023..1192.803 rows=1192518 loops=1)
                          Filter: (production_year > 2003)
                          Rows Removed by Filter: 1335794
Planning time: 6.212 ms
Execution time: 7597.319 ms
