Nested Loop  (cost=0.43..82813.79 rows=671 width=0) (actual time=387.045..897.646 rows=1682 loops=1)
  ->  Seq Scan on movie_companies mc  (cost=0.00..57926.93 rows=3241 width=4) (actual time=308.744..840.144 rows=2462 loops=1)
        Filter: ((company_type_id < 2) AND (company_id = 7851))
        Rows Removed by Filter: 2606667
  ->  Index Scan using title_pkey on title t  (cost=0.43..7.67 rows=1 width=4) (actual time=0.022..0.023 rows=1 loops=2462)
        Index Cond: (id = mc.movie_id)
        Filter: (production_year < 1981)
        Rows Removed by Filter: 0
Planning time: 0.809 ms
Execution time: 898.265 ms
