Hash Join  (cost=709678.15..764348.83 rows=516 width=0) (actual time=11791.451..12678.411 rows=12 loops=1)
  Hash Cond: (mc.movie_id = t.id)
  ->  Seq Scan on movie_companies mc  (cost=0.00..44881.29 rows=2609129 width=4) (actual time=0.023..652.897 rows=2609129 loops=1)
  ->  Hash  (cost=709671.90..709671.90 rows=500 width=8) (actual time=11546.790..11546.790 rows=79 loops=1)
        Buckets: 1024  Batches: 1  Memory Usage: 12kB
        ->  Nested Loop  (cost=0.43..709671.90 rows=500 width=8) (actual time=11495.278..11546.743 rows=79 loops=1)
              ->  Seq Scan on cast_info ci  (cost=0.00..705507.15 rows=500 width=4) (actual time=11495.174..11541.376 rows=79 loops=1)
                    Filter: (person_id = 857709)
                    Rows Removed by Filter: 36244265
              ->  Index Only Scan using title_pkey on title t  (cost=0.43..8.32 rows=1 width=4) (actual time=0.066..0.067 rows=1 loops=79)
                    Index Cond: (id = ci.movie_id)
                    Heap Fetches: 79
Planning time: 1.126 ms
Execution time: 12678.514 ms
