Seq Scan on cast_info ci  (cost=0.00..705507.15 rows=6726395 width=0) (actual time=205.172..11596.580 rows=6659886 loops=1)
  Filter: (person_id < 643252)
  Rows Removed by Filter: 29584458
Planning time: 0.316 ms
Execution time: 12436.715 ms
