Seq Scan on cast_info ci  (cost=0.00..705507.15 rows=28379144 width=0) (actual time=0.023..14875.810 rows=28531704 loops=1)
  Filter: (role_id < 7)
  Rows Removed by Filter: 7712640
Planning time: 0.308 ms
Execution time: 18432.800 ms
