Hash Join  (cost=109031.43..854703.37 rows=248430 width=0) (actual time=1927.118..18616.018 rows=492135 loops=1)
  Hash Cond: (ci.movie_id = t.id)
  ->  Seq Scan on cast_info ci  (cost=0.00..705507.15 rows=10048133 width=4) (actual time=0.025..12244.875 rows=9845317 loops=1)
        Filter: (person_id < 968406)
        Rows Removed by Filter: 26399027
  ->  Hash  (cost=108249.99..108249.99 rows=62515 width=8) (actual time=1926.234..1926.234 rows=83550 loops=1)
        Buckets: 131072 (originally 65536)  Batches: 2 (originally 1)  Memory Usage: 3073kB
        ->  Hash Join  (cost=69484.36..108249.99 rows=62515 width=8) (actual time=1303.397..1895.439 rows=83550 loops=1)
              Hash Cond: (mi_idx.movie_id = t.id)
              ->  Seq Scan on movie_info_idx mi_idx  (cost=0.00..21735.35 rows=1380035 width=4) (actual time=0.025..394.157 rows=1380035 loops=1)
              ->  Hash  (cost=67604.59..67604.59 rows=114542 width=4) (actual time=1020.626..1020.626 rows=118234 loops=1)
                    Buckets: 131072  Batches: 2  Memory Usage: 3101kB
                    ->  Seq Scan on title t  (cost=0.00..67604.59 rows=114542 width=4) (actual time=315.351..978.785 rows=118234 loops=1)
                          Filter: (kind_id = 4)
                          Rows Removed by Filter: 2410078
Planning time: 1.281 ms
Execution time: 18684.893 ms
