Hash Join  (cost=158248.79..286060.87 rows=476805 width=0) (actual time=3571.568..11706.864 rows=23321776 loops=1)
  Hash Cond: (mk.movie_id = t.id)
  ->  Seq Scan on movie_keyword mk  (cost=0.00..69693.30 rows=4523930 width=4) (actual time=0.019..1448.477 rows=4523930 loops=1)
  ->  Hash  (cost=153875.57..153875.57 rows=266497 width=8) (actual time=3570.353..3570.353 rows=706538 loops=1)
        Buckets: 131072 (originally 131072)  Batches: 16 (originally 4)  Memory Usage: 3073kB
        ->  Hash Join  (cost=80042.24..153875.57 rows=266497 width=8) (actual time=1479.767..3348.101 rows=706538 loops=1)
              Hash Cond: (mc.movie_id = t.id)
              ->  Seq Scan on movie_companies mc  (cost=0.00..57926.93 rows=888915 width=4) (actual time=130.618..1076.911 rows=1201198 loops=1)
                    Filter: ((company_id < 30071) AND (company_type_id < 2))
                    Rows Removed by Filter: 1407931
              ->  Hash  (cost=67604.59..67604.59 rows=758052 width=4) (actual time=1348.264..1348.264 rows=753677 loops=1)
                    Buckets: 131072  Batches: 16  Memory Usage: 2677kB
                    ->  Seq Scan on title t  (cost=0.00..67604.59 rows=758052 width=4) (actual time=0.026..1118.446 rows=753677 loops=1)
                          Filter: (kind_id < 3)
                          Rows Removed by Filter: 1774635
Planning time: 1.247 ms
Execution time: 14163.427 ms
