Hash Join  (cost=434162.72..1195867.17 rows=1091524 width=0) (actual time=7177.458..28290.384 rows=2979135 loops=1)
  Hash Cond: (ci.movie_id = t.id)
  ->  Seq Scan on cast_info ci  (cost=0.00..614943.12 rows=36225612 width=4) (actual time=0.017..9492.704 rows=36244344 loops=1)
  ->  Hash  (cost=433210.38..433210.38 rows=76188 width=8) (actual time=7176.692..7176.692 rows=68744 loops=1)
        Buckets: 131072  Batches: 1  Memory Usage: 3710kB
        ->  Hash Join  (cost=74710.74..433210.38 rows=76188 width=8) (actual time=1076.771..7151.249 rows=68744 loops=1)
              Hash Cond: (mi.movie_id = t.id)
              ->  Seq Scan on movie_info mi  (cost=0.00..346232.03 rows=3068194 width=4) (actual time=357.247..5622.117 rows=3036719 loops=1)
                    Filter: (info_type_id = 16)
                    Rows Removed by Filter: 11799001
              ->  Hash  (cost=73925.90..73925.90 rows=62787 width=4) (actual time=719.175..719.175 rows=53770 loops=1)
                    Buckets: 65536  Batches: 1  Memory Usage: 2403kB
                    ->  Seq Scan on title t  (cost=0.00..73925.90 rows=62787 width=4) (actual time=0.100..702.913 rows=53770 loops=1)
                          Filter: ((kind_id < 7) AND (production_year = 2011))
                          Rows Removed by Filter: 2474542
Planning time: 2.247 ms
Execution time: 28679.046 ms
