Hash Join  (cost=154654.97..538510.42 rows=77562 width=0) (actual time=2787.225..10316.952 rows=215161 loops=1)
  Hash Cond: (mi.movie_id = t.id)
  ->  Seq Scan on movie_info mi  (cost=0.00..309384.22 rows=14739122 width=4) (actual time=0.008..4561.998 rows=14835720 loops=1)
  ->  Hash  (cost=154488.65..154488.65 rows=13306 width=8) (actual time=2751.897..2751.897 rows=6784 loops=1)
        Buckets: 16384  Batches: 1  Memory Usage: 393kB
        ->  Hash Join  (cost=67697.55..154488.65 rows=13306 width=8) (actual time=1000.832..2749.030 rows=6784 loops=1)
              Hash Cond: (mk.movie_id = t.id)
              ->  Seq Scan on movie_keyword mk  (cost=0.00..69693.30 rows=4523930 width=4) (actual time=0.013..960.415 rows=4523930 loops=1)
              ->  Hash  (cost=67604.59..67604.59 rows=7437 width=4) (actual time=999.691..999.691 rows=2915 loops=1)
                    Buckets: 8192  Batches: 1  Memory Usage: 167kB
                    ->  Seq Scan on title t  (cost=0.00..67604.59 rows=7437 width=4) (actual time=329.952..998.202 rows=2915 loops=1)
                          Filter: (production_year = 1927)
                          Rows Removed by Filter: 2525397
Planning time: 1.165 ms
Execution time: 10344.890 ms
