Seq Scan on movie_keyword mk  (cost=0.00..81003.12 rows=246 width=0) (actual time=1.637..1177.696 rows=129 loops=1)
  Filter: (keyword_id = 4485)
  Rows Removed by Filter: 4523801
Planning time: 0.200 ms
Execution time: 1177.873 ms
