Hash Join  (cost=198212.25..672782.92 rows=837461 width=0) (actual time=3968.557..16701.981 rows=8665514 loops=1)
  Hash Cond: (mi.movie_id = t.id)
  ->  Seq Scan on movie_info mi  (cost=0.00..346232.03 rows=9293409 width=4) (actual time=0.016..7002.924 rows=9425200 loops=1)
        Filter: (info_type_id > 5)
        Rows Removed by Filter: 5410520
  ->  Hash  (cost=194473.08..194473.08 rows=227854 width=8) (actual time=3965.341..3965.341 rows=208164 loops=1)
        Buckets: 131072  Batches: 4  Memory Usage: 2997kB
        ->  Hash Join  (cost=69694.50..194473.08 rows=227854 width=8) (actual time=1182.432..3899.170 rows=208164 loops=1)
              Hash Cond: (mk.movie_id = t.id)
              ->  Seq Scan on movie_keyword mk  (cost=0.00..69693.30 rows=4523930 width=4) (actual time=0.023..1348.742 rows=4523930 loops=1)
              ->  Hash  (cost=67604.59..67604.59 rows=127353 width=4) (actual time=1181.613..1181.613 rows=128696 loops=1)
                    Buckets: 131072  Batches: 2  Memory Usage: 3290kB
                    ->  Seq Scan on title t  (cost=0.00..67604.59 rows=127353 width=4) (actual time=0.016..1131.768 rows=128696 loops=1)
                          Filter: (production_year = 2009)
                          Rows Removed by Filter: 2399616
Planning time: 1.171 ms
Execution time: 17670.873 ms
