Hash Join  (cost=189632.99..1023967.60 rows=886143 width=0) (actual time=5404.939..17743.945 rows=3175 loops=1)
  Hash Cond: (ci.movie_id = t.id)
  ->  Seq Scan on cast_info ci  (cost=0.00..796071.18 rows=2198399 width=4) (actual time=298.525..12355.497 rows=1790 loops=1)
        Filter: ((person_id < 1060479) AND (role_id = 2))
        Rows Removed by Filter: 36242554
  ->  Hash  (cost=172910.83..172910.83 rows=1019213 width=8) (actual time=5078.640..5078.640 rows=1891821 loops=1)
        Buckets: 131072 (originally 131072)  Batches: 32 (originally 16)  Memory Usage: 3321kB
        ->  Hash Join  (cost=83810.17..172910.83 rows=1019213 width=8) (actual time=1512.652..4536.104 rows=1891821 loops=1)
              Hash Cond: (mc.movie_id = t.id)
              ->  Seq Scan on movie_companies mc  (cost=0.00..44881.29 rows=2609129 width=4) (actual time=0.029..1022.921 rows=2609129 loops=1)
              ->  Hash  (cost=67604.59..67604.59 rows=987727 width=4) (actual time=1511.848..1511.848 rows=985048 loops=1)
                    Buckets: 131072  Batches: 16  Memory Usage: 3188kB
                    ->  Seq Scan on title t  (cost=0.00..67604.59 rows=987727 width=4) (actual time=0.027..1203.035 rows=985048 loops=1)
                          Filter: (kind_id < 7)
                          Rows Removed by Filter: 1543264
Planning time: 2.448 ms
Execution time: 17745.066 ms
