Seq Scan on movie_companies mc  (cost=0.00..57926.93 rows=332099 width=0) (actual time=0.033..973.560 rows=634967 loops=1)
  Filter: ((company_id > 53291) AND (company_type_id = 2))
  Rows Removed by Filter: 1974162
Planning time: 0.384 ms
Execution time: 1048.107 ms
