Hash Join  (cost=100908.38..936161.93 rows=21659 width=0) (actual time=1585.654..20991.963 rows=106228 loops=1)
  Hash Cond: (ci.movie_id = t.id)
  ->  Seq Scan on cast_info ci  (cost=0.00..705507.15 rows=34541262 width=4) (actual time=0.011..13243.716 rows=34632580 loops=1)
        Filter: (person_id > 160554)
        Rows Removed by Filter: 1611764
  ->  Hash  (cost=100888.56..100888.56 rows=1586 width=8) (actual time=1584.436..1584.436 rows=4260 loops=1)
        Buckets: 8192 (originally 2048)  Batches: 1 (originally 1)  Memory Usage: 231kB
        ->  Hash Join  (cost=73962.22..100888.56 rows=1586 width=8) (actual time=1018.950..1582.842 rows=4260 loops=1)
              Hash Cond: (mi_idx.movie_id = t.id)
              ->  Seq Scan on movie_info_idx mi_idx  (cost=0.00..21735.35 rows=1380035 width=4) (actual time=0.018..302.475 rows=1380035 loops=1)
              ->  Hash  (cost=73925.90..73925.90 rows=2905 width=4) (actual time=1018.847..1018.847 rows=3646 loops=1)
                    Buckets: 4096  Batches: 1  Memory Usage: 161kB
                    ->  Seq Scan on title t  (cost=0.00..73925.90 rows=2905 width=4) (actual time=0.202..1016.935 rows=3646 loops=1)
                          Filter: ((kind_id < 7) AND (production_year = 1957))
                          Rows Removed by Filter: 2524666
Planning time: 1.081 ms
Execution time: 21008.685 ms
