Hash Join  (cost=86252.72..130980.94 rows=410074 width=0) (actual time=1500.806..2893.635 rows=838326 loops=1)
  Hash Cond: (mi_idx.movie_id = t.id)
  ->  Seq Scan on movie_info_idx mi_idx  (cost=0.00..21735.35 rows=1380035 width=4) (actual time=0.015..470.743 rows=1380035 loops=1)
  ->  Hash  (cost=73925.90..73925.90 rows=751345 width=4) (actual time=1499.796..1499.796 rows=793943 loops=1)
        Buckets: 131072  Batches: 16  Memory Usage: 2771kB
        ->  Seq Scan on title t  (cost=0.00..73925.90 rows=751345 width=4) (actual time=0.019..1249.071 rows=793943 loops=1)
              Filter: ((kind_id < 7) AND (production_year < 2010))
              Rows Removed by Filter: 1734369
Planning time: 0.745 ms
Execution time: 2985.542 ms
