Hash Join  (cost=190230.21..301663.11 rows=802852 width=0) (actual time=4369.821..7659.257 rows=3353768 loops=1)
  Hash Cond: (mk.movie_id = t.id)
  ->  Seq Scan on movie_keyword mk  (cost=0.00..81003.12 rows=1471001 width=4) (actual time=0.021..1601.427 rows=1482952 loops=1)
        Filter: (keyword_id > 11039)
        Rows Removed by Filter: 3040978
  ->  Hash  (cost=167588.78..167588.78 rows=1380035 width=8) (actual time=4367.804..4367.804 rows=1380035 loops=1)
        Buckets: 131072  Batches: 32  Memory Usage: 2726kB
        ->  Hash Join  (cost=102767.86..167588.78 rows=1380035 width=8) (actual time=1936.100..3949.407 rows=1380035 loops=1)
              Hash Cond: (mi_idx.movie_id = t.id)
              ->  Seq Scan on movie_info_idx mi_idx  (cost=0.00..21735.35 rows=1380035 width=4) (actual time=0.029..498.050 rows=1380035 loops=1)
              ->  Hash  (cost=61283.27..61283.27 rows=2528527 width=4) (actual time=1934.830..1934.830 rows=2528312 loops=1)
                    Buckets: 131072  Batches: 64  Memory Usage: 2415kB
                    ->  Seq Scan on title t  (cost=0.00..61283.27 rows=2528527 width=4) (actual time=0.014..1051.758 rows=2528312 loops=1)
Planning time: 1.016 ms
Execution time: 8042.365 ms
