Seq Scan on cast_info ci  (cost=0.00..705507.15 rows=28767279 width=0) (actual time=0.025..14131.437 rows=28855984 loops=1)
  Filter: (person_id > 714932)
  Rows Removed by Filter: 7388360
Planning time: 0.406 ms
Execution time: 17807.648 ms
