Hash Join  (cost=79930.86..451626.34 rows=460571 width=0) (actual time=2336.453..8126.028 rows=570997 loops=1)
  Hash Cond: (mi.movie_id = t.id)
  ->  Seq Scan on movie_info mi  (cost=0.00..346232.03 rows=1550064 width=4) (actual time=920.983..5476.097 rows=1533909 loops=1)
        Filter: (info_type_id = 3)
        Rows Removed by Filter: 13301811
  ->  Hash  (cost=67604.59..67604.59 rows=751302 width=4) (actual time=1414.407..1414.407 rows=755902 loops=1)
        Buckets: 131072  Batches: 16  Memory Usage: 2692kB
        ->  Seq Scan on title t  (cost=0.00..67604.59 rows=751302 width=4) (actual time=0.027..1157.913 rows=755902 loops=1)
              Filter: (production_year < 1993)
              Rows Removed by Filter: 1772410
Planning time: 0.744 ms
Execution time: 8180.667 ms
