Hash Join  (cost=205270.43..754407.01 rows=2284606 width=0) (actual time=4468.813..19339.433 rows=4582864 loops=1)
  Hash Cond: (mi.movie_id = t.id)
  ->  Seq Scan on movie_info mi  (cost=0.00..346232.03 rows=13926693 width=4) (actual time=0.019..7828.705 rows=13963496 loops=1)
        Filter: (info_type_id < 98)
        Rows Removed by Filter: 872224
  ->  Hash  (cost=198464.52..198464.52 rows=414793 width=8) (actual time=4466.639..4466.639 rows=151801 loops=1)
        Buckets: 131072  Batches: 8  Memory Usage: 1734kB
        ->  Hash Join  (cost=71408.55..198464.52 rows=414793 width=8) (actual time=1129.181..4418.722 rows=151801 loops=1)
              Hash Cond: (mk.movie_id = t.id)
              ->  Seq Scan on movie_keyword mk  (cost=0.00..69693.30 rows=4523930 width=4) (actual time=0.005..1417.010 rows=4523930 loops=1)
              ->  Hash  (cost=67604.59..67604.59 rows=231837 width=4) (actual time=1127.361..1127.361 rows=231649 loops=1)
                    Buckets: 131072  Batches: 4  Memory Usage: 3082kB
                    ->  Seq Scan on title t  (cost=0.00..67604.59 rows=231837 width=4) (actual time=0.006..1043.006 rows=231649 loops=1)
                          Filter: (production_year > 2011)
                          Rows Removed by Filter: 2296663
Planning time: 0.823 ms
Execution time: 19849.933 ms
