Seq Scan on movie_keyword mk  (cost=0.00..81003.12 rows=246 width=0) (actual time=0.922..1199.615 rows=1572 loops=1)
  Filter: (keyword_id = 9980)
  Rows Removed by Filter: 4522358
Planning time: 0.715 ms
Execution time: 1200.136 ms
