Hash Join  (cost=80384.28..1172119.89 rows=5639444 width=0) (actual time=1439.361..32734.407 rows=5995694 loops=1)
  Hash Cond: (ci.movie_id = t.id)
  ->  Seq Scan on cast_info ci  (cost=0.00..614943.12 rows=36225612 width=4) (actual time=0.012..13336.020 rows=36244344 loops=1)
  ->  Hash  (cost=73925.90..73925.90 rows=393630 width=4) (actual time=1438.349..1438.349 rows=401187 loops=1)
        Buckets: 131072  Batches: 8  Memory Usage: 2794kB
        ->  Seq Scan on title t  (cost=0.00..73925.90 rows=393630 width=4) (actual time=0.025..1308.717 rows=401187 loops=1)
              Filter: ((kind_id > 1) AND (production_year > 2009))
              Rows Removed by Filter: 2127125
Planning time: 0.718 ms
Execution time: 33440.543 ms
