Hash Join  (cost=67697.55..821301.72 rows=37430 width=0) (actual time=1036.680..17417.301 rows=27313 loops=1)
  Hash Cond: (ci.movie_id = t.id)
  ->  Seq Scan on cast_info ci  (cost=0.00..705507.15 rows=12726058 width=4) (actual time=0.021..14338.964 rows=12670688 loops=1)
        Filter: (role_id = 1)
        Rows Removed by Filter: 23573656
  ->  Hash  (cost=67604.59..67604.59 rows=7437 width=4) (actual time=1036.159..1036.159 rows=3847 loops=1)
        Buckets: 8192  Batches: 1  Memory Usage: 200kB
        ->  Seq Scan on title t  (cost=0.00..67604.59 rows=7437 width=4) (actual time=0.352..1034.046 rows=3847 loops=1)
              Filter: (production_year = 1949)
              Rows Removed by Filter: 2524465
Planning time: 0.696 ms
Execution time: 17422.666 ms
