Hash Join  (cost=450053.29..1397425.03 rows=1967974 width=0) (actual time=10054.283..29737.474 rows=2149656 loops=1)
  Hash Cond: (ci.movie_id = t.id)
  ->  Seq Scan on cast_info ci  (cost=0.00..705507.15 rows=12385286 width=4) (actual time=0.017..13656.908 rows=12480903 loops=1)
        Filter: (person_id > 2435157)
        Rows Removed by Filter: 23763441
  ->  Hash  (cost=443461.12..443461.12 rows=401773 width=8) (actual time=10052.614..10052.614 rows=190618 loops=1)
        Buckets: 131072  Batches: 8  Memory Usage: 1950kB
        ->  Hash Join  (cost=74787.47..443461.12 rows=401773 width=8) (actual time=1306.026..9973.126 rows=190618 loops=1)
              Hash Cond: (mi.movie_id = t.id)
              ->  Seq Scan on movie_info mi  (cost=0.00..309384.22 rows=14739122 width=4) (actual time=0.026..4354.298 rows=14835720 loops=1)
              ->  Hash  (cost=73925.90..73925.90 rows=68925 width=4) (actual time=1305.224..1305.224 rows=84076 loops=1)
                    Buckets: 131072  Batches: 1  Memory Usage: 3980kB
                    ->  Seq Scan on title t  (cost=0.00..73925.90 rows=68925 width=4) (actual time=72.103..1272.009 rows=84076 loops=1)
                          Filter: ((kind_id = 7) AND (production_year = 2007))
                          Rows Removed by Filter: 2444236
Planning time: 1.192 ms
Execution time: 30000.258 ms
