Hash Join  (cost=79993.30..992890.79 rows=2312406 width=0) (actual time=3278.858..21907.513 rows=1037123 loops=1)
  Hash Cond: (ci.movie_id = t.id)
  ->  Seq Scan on cast_info ci  (cost=0.00..705507.15 rows=15811541 width=4) (actual time=2174.119..12893.208 rows=15923410 loops=1)
        Filter: (person_id > 2042232)
        Rows Removed by Filter: 20320934
  ->  Hash  (cost=73925.90..73925.90 rows=369792 width=4) (actual time=1103.520..1103.520 rows=253766 loops=1)
        Buckets: 131072  Batches: 8  Memory Usage: 2127kB
        ->  Seq Scan on title t  (cost=0.00..73925.90 rows=369792 width=4) (actual time=0.033..1022.136 rows=253766 loops=1)
              Filter: ((production_year < 1986) AND (kind_id = 7))
              Rows Removed by Filter: 2274546
Planning time: 0.738 ms
Execution time: 22033.943 ms
