Hash Join  (cost=146454.10..508337.57 rows=52765 width=0) (actual time=7337.195..8381.878 rows=47327 loops=1)
  Hash Cond: (mi.movie_id = t.id)
  ->  Seq Scan on movie_info mi  (cost=0.00..346232.03 rows=1272478 width=4) (actual time=4417.231..5246.000 rows=1325361 loops=1)
        Filter: (info_type_id = 8)
        Rows Removed by Filter: 13510359
  ->  Hash  (cost=144733.49..144733.49 rows=104849 width=8) (actual time=2699.413..2699.413 rows=36193 loops=1)
        Buckets: 131072  Batches: 2  Memory Usage: 1741kB
        ->  Hash Join  (cost=78556.72..144733.49 rows=104849 width=8) (actual time=1348.310..2688.627 rows=36193 loops=1)
              Hash Cond: (mc.movie_id = t.id)
              ->  Seq Scan on movie_companies mc  (cost=0.00..57926.93 rows=397157 width=4) (actual time=0.048..938.413 rows=229351 loops=1)
                    Filter: ((company_id < 1627) AND (company_type_id = 2))
                    Rows Removed by Filter: 2379778
              ->  Hash  (cost=67604.59..67604.59 rows=667531 width=4) (actual time=1347.091..1347.091 rows=662825 loops=1)
                    Buckets: 131072  Batches: 16  Memory Usage: 2476kB
                    ->  Seq Scan on title t  (cost=0.00..67604.59 rows=667531 width=4) (actual time=19.254..1129.095 rows=662825 loops=1)
                          Filter: (kind_id = 1)
                          Rows Removed by Filter: 1865487
Planning time: 1.122 ms
Execution time: 8387.732 ms
