Hash Join  (cost=200693.55..573014.42 rows=142774 width=0) (actual time=6384.591..10195.216 rows=342472 loops=1)
  Hash Cond: (mi.movie_id = t.id)
  ->  Seq Scan on movie_info mi  (cost=0.00..346232.03 rows=2073893 width=4) (actual time=2602.939..5400.282 rows=2091068 loops=1)
        Filter: (info_type_id < 3)
        Rows Removed by Filter: 12744652
  ->  Hash  (cost=197837.65..197837.65 rows=174072 width=8) (actual time=3780.651..3780.651 rows=188777 loops=1)
        Buckets: 131072  Batches: 4  Memory Usage: 2900kB
        ->  Hash Join  (cost=102767.86..197837.65 rows=174072 width=8) (actual time=1881.753..3721.474 rows=188777 loops=1)
              Hash Cond: (mk.movie_id = t.id)
              ->  Seq Scan on movie_keyword mk  (cost=0.00..81003.12 rows=174072 width=4) (actual time=0.025..1282.506 rows=188777 loops=1)
                    Filter: (keyword_id < 137)
                    Rows Removed by Filter: 4335153
              ->  Hash  (cost=61283.27..61283.27 rows=2528527 width=4) (actual time=1878.048..1878.048 rows=2528312 loops=1)
                    Buckets: 131072  Batches: 64  Memory Usage: 2425kB
                    ->  Seq Scan on title t  (cost=0.00..61283.27 rows=2528527 width=4) (actual time=0.026..1036.584 rows=2528312 loops=1)
Planning time: 1.087 ms
Execution time: 10239.069 ms
