Seq Scan on cast_info ci  (cost=0.00..705507.15 rows=500 width=0) (actual time=816.258..11127.808 rows=362 loops=1)
  Filter: (person_id = 1789161)
  Rows Removed by Filter: 36243982
Planning time: 0.310 ms
Execution time: 11127.940 ms
