Seq Scan on cast_info ci  (cost=0.00..796071.18 rows=8832572 width=0) (actual time=23.260..13036.018 rows=3760599 loops=1)
  Filter: ((person_id < 1337597) AND (role_id > 1))
  Rows Removed by Filter: 32483745
Planning time: 0.374 ms
Execution time: 13493.326 ms
