Hash Join  (cost=102767.86..226009.66 rows=1344780 width=0) (actual time=1888.964..4794.309 rows=1364075 loops=1)
  Hash Cond: (mk.movie_id = t.id)
  ->  Seq Scan on movie_keyword mk  (cost=0.00..81003.12 rows=1344780 width=4) (actual time=0.040..1530.337 rows=1364075 loops=1)
        Filter: (keyword_id < 1780)
        Rows Removed by Filter: 3159855
  ->  Hash  (cost=61283.27..61283.27 rows=2528527 width=4) (actual time=1887.819..1887.819 rows=2528312 loops=1)
        Buckets: 131072  Batches: 64  Memory Usage: 2425kB
        ->  Seq Scan on title t  (cost=0.00..61283.27 rows=2528527 width=4) (actual time=0.019..1025.998 rows=2528312 loops=1)
Planning time: 2.011 ms
Execution time: 4941.973 ms
