Hash Join  (cost=82412.27..203912.56 rows=578357 width=0) (actual time=2733.010..4455.812 rows=113125 loops=1)
  Hash Cond: (mk.movie_id = t.id)
  ->  Seq Scan on movie_keyword mk  (cost=0.00..81003.12 rows=2827359 width=4) (actual time=0.024..1710.720 rows=2815328 loops=1)
        Filter: (keyword_id < 8414)
        Rows Removed by Filter: 1708602
  ->  Hash  (cost=73925.90..73925.90 rows=517229 width=4) (actual time=1290.287..1290.287 rows=403947 loops=1)
        Buckets: 131072  Batches: 8  Memory Usage: 2790kB
        ->  Seq Scan on title t  (cost=0.00..73925.90 rows=517229 width=4) (actual time=0.023..1157.494 rows=403947 loops=1)
              Filter: ((production_year < 1996) AND (kind_id = 7))
              Rows Removed by Filter: 2124365
Planning time: 0.743 ms
Execution time: 4470.788 ms
