Seq Scan on movie_keyword mk  (cost=0.00..81003.12 rows=246 width=0) (actual time=266.880..1229.516 rows=17 loops=1)
  Filter: (keyword_id = 7248)
  Rows Removed by Filter: 4523913
Planning time: 0.415 ms
Execution time: 1229.620 ms
