Hash Join  (cost=460883.61..516114.69 rows=56555 width=0) (actual time=7313.854..8798.127 rows=1014222 loops=1)
  Hash Cond: (mc.movie_id = t.id)
  ->  Seq Scan on movie_companies mc  (cost=0.00..44881.29 rows=2609129 width=4) (actual time=0.024..631.055 rows=2609129 loops=1)
  ->  Hash  (cost=460198.51..460198.51 rows=54808 width=8) (actual time=7313.471..7313.471 rows=50267 loops=1)
        Buckets: 65536  Batches: 1  Memory Usage: 2476kB
        ->  Hash Join  (cost=102767.86..460198.51 rows=54808 width=8) (actual time=4027.138..7296.585 rows=50267 loops=1)
              Hash Cond: (mi.movie_id = t.id)
              ->  Seq Scan on movie_info mi  (cost=0.00..346232.03 rows=54808 width=4) (actual time=2047.055..4895.023 rows=50267 loops=1)
                    Filter: (info_type_id > 107)
                    Rows Removed by Filter: 14785453
              ->  Hash  (cost=61283.27..61283.27 rows=2528527 width=4) (actual time=1940.541..1940.541 rows=2528312 loops=1)
                    Buckets: 131072  Batches: 64  Memory Usage: 2425kB
                    ->  Seq Scan on title t  (cost=0.00..61283.27 rows=2528527 width=4) (actual time=0.029..1030.524 rows=2528312 loops=1)
Planning time: 1.531 ms
Execution time: 8921.817 ms
