Seq Scan on movie_keyword mk  (cost=0.00..81003.12 rows=1453709 width=0) (actual time=0.025..1019.525 rows=1464204 loops=1)
  Filter: (keyword_id > 11305)
  Rows Removed by Filter: 3059726
Planning time: 0.326 ms
Execution time: 1165.525 ms
