Hash Join  (cost=80874.21..172319.37 rows=799166 width=0) (actual time=1370.407..4250.576 rows=1148029 loops=1)
  Hash Cond: (mc.movie_id = t.id)
  ->  Seq Scan on movie_companies mc  (cost=0.00..51404.11 rows=2498502 width=4) (actual time=0.015..1245.310 rows=2498355 loops=1)
        Filter: (company_id < 151419)
        Rows Removed by Filter: 110774
  ->  Hash  (cost=67604.59..67604.59 rows=808770 width=4) (actual time=1369.226..1369.226 rows=812704 loops=1)
        Buckets: 131072  Batches: 16  Memory Usage: 2812kB
        ->  Seq Scan on title t  (cost=0.00..67604.59 rows=808770 width=4) (actual time=0.021..1113.795 rows=812704 loops=1)
              Filter: (production_year < 1995)
              Rows Removed by Filter: 1715608
Planning time: 0.741 ms
Execution time: 4380.995 ms
