Hash Join  (cost=94699.36..181430.02 rows=7262 width=0) (actual time=1650.807..3390.203 rows=3561 loops=1)
  Hash Cond: (mk.movie_id = t.id)
  ->  Seq Scan on movie_keyword mk  (cost=0.00..69693.30 rows=4523930 width=4) (actual time=0.014..986.925 rows=4523930 loops=1)
  ->  Hash  (cost=94648.62..94648.62 rows=4059 width=8) (actual time=1640.649..1640.649 rows=741 loops=1)
        Buckets: 4096  Batches: 1  Memory Usage: 61kB
        ->  Hash Join  (cost=67697.55..94648.62 rows=4059 width=8) (actual time=1074.261..1640.225 rows=741 loops=1)
              Hash Cond: (mi_idx.movie_id = t.id)
              ->  Seq Scan on movie_info_idx mi_idx  (cost=0.00..21735.35 rows=1380035 width=4) (actual time=0.014..283.150 rows=1380035 loops=1)
              ->  Hash  (cost=67604.59..67604.59 rows=7437 width=4) (actual time=1067.653..1067.653 rows=8125 loops=1)
                    Buckets: 8192  Batches: 1  Memory Usage: 350kB
                    ->  Seq Scan on title t  (cost=0.00..67604.59 rows=7437 width=4) (actual time=433.985..1064.250 rows=8125 loops=1)
                          Filter: (production_year = 1914)
                          Rows Removed by Filter: 2520187
Planning time: 1.129 ms
Execution time: 3390.807 ms
