Seq Scan on movie_companies mc  (cost=0.00..57926.93 rows=542419 width=0) (actual time=119.800..965.965 rows=329610 loops=1)
  Filter: ((company_id < 6334) AND (company_type_id > 1))
  Rows Removed by Filter: 2279519
Planning time: 0.323 ms
Execution time: 1005.210 ms
