Hash Join  (cost=140742.15..1219697.11 rows=4395286 width=0) (actual time=3628.489..37647.955 rows=10180254 loops=1)
  Hash Cond: (ci.movie_id = t.id)
  ->  Seq Scan on cast_info ci  (cost=0.00..614943.12 rows=36225612 width=4) (actual time=0.023..13156.948 rows=36244344 loops=1)
  ->  Hash  (cost=135708.30..135708.30 rows=306788 width=8) (actual time=3627.552..3627.552 rows=356386 loops=1)
        Buckets: 131072  Batches: 8  Memory Usage: 2773kB
        ->  Hash Join  (cost=94978.31..135708.30 rows=306788 width=8) (actual time=2389.874..3517.981 rows=356386 loops=1)
              Hash Cond: (mi_idx.movie_id = t.id)
              ->  Seq Scan on movie_info_idx mi_idx  (cost=0.00..25185.44 rows=464934 width=4) (actual time=0.021..474.379 rows=460185 loops=1)
                    Filter: (info_type_id > 100)
                    Rows Removed by Filter: 919850
              ->  Hash  (cost=67604.59..67604.59 rows=1668458 width=4) (actual time=2388.813..2388.813 rows=1671292 loops=1)
                    Buckets: 131072  Batches: 32  Memory Usage: 2858kB
                    ->  Seq Scan on title t  (cost=0.00..67604.59 rows=1668458 width=4) (actual time=0.018..1341.097 rows=1671292 loops=1)
                          Filter: (production_year < 2008)
                          Rows Removed by Filter: 857020
Planning time: 1.143 ms
Execution time: 38867.894 ms
