Seq Scan on movie_keyword mk  (cost=0.00..81003.12 rows=883678 width=0) (actual time=0.023..1351.151 rows=891734 loops=1)
  Filter: (keyword_id < 844)
  Rows Removed by Filter: 3632196
Planning time: 0.346 ms
Execution time: 1466.977 ms
