Hash Join  (cost=330748.74..1058112.83 rows=19747636 width=0) (actual time=7612.870..64321.411 rows=184522368 loops=1)
  Hash Cond: (mi.movie_id = t.id)
  ->  Seq Scan on movie_info mi  (cost=0.00..309384.22 rows=14739122 width=4) (actual time=0.014..6249.463 rows=14835720 loops=1)
  ->  Hash  (cost=275167.89..275167.89 rows=3387748 width=8) (actual time=7611.933..7611.933 rows=3378492 loops=1)
        Buckets: 131072  Batches: 64  Memory Usage: 3186kB
        ->  Hash Join  (cost=102767.86..275167.89 rows=3387748 width=8) (actual time=1980.755..6625.258 rows=3378492 loops=1)
              Hash Cond: (mk.movie_id = t.id)
              ->  Seq Scan on movie_keyword mk  (cost=0.00..81003.12 rows=3387748 width=4) (actual time=0.018..1730.418 rows=3378492 loops=1)
                    Filter: (keyword_id > 1304)
                    Rows Removed by Filter: 1145438
              ->  Hash  (cost=61283.27..61283.27 rows=2528527 width=4) (actual time=1979.590..1979.590 rows=2528312 loops=1)
                    Buckets: 131072  Batches: 64  Memory Usage: 2425kB
                    ->  Seq Scan on title t  (cost=0.00..61283.27 rows=2528527 width=4) (actual time=0.006..1086.670 rows=2528312 loops=1)
Planning time: 1.115 ms
Execution time: 85143.086 ms
