Seq Scan on movie_companies mc  (cost=0.00..51404.11 rows=104 width=40) (actual time=16.917..531.072 rows=62 loops=1)
  Filter: (company_id = 71881)
  Rows Removed by Filter: 2609067
Planning time: 0.412 ms
Execution time: 531.129 ms
