Hash Join  (cost=128695.20..210104.47 rows=128 width=0) (actual time=2283.085..3657.021 rows=3167 loops=1)
  Hash Cond: (mk.movie_id = t.id)
  ->  Seq Scan on movie_keyword mk  (cost=0.00..81003.12 rows=107966 width=4) (actual time=0.034..1354.917 rows=107371 loops=1)
        Filter: (keyword_id > 80673)
        Rows Removed by Filter: 4416559
  ->  Hash  (cost=128657.72..128657.72 rows=2998 width=8) (actual time=2275.750..2275.750 rows=8008 loops=1)
        Buckets: 8192 (originally 4096)  Batches: 1 (originally 1)  Memory Usage: 377kB
        ->  Hash Join  (cost=73962.22..128657.72 rows=2998 width=8) (actual time=1163.172..2272.007 rows=8008 loops=1)
              Hash Cond: (mc.movie_id = t.id)
              ->  Seq Scan on movie_companies mc  (cost=0.00..44881.29 rows=2609129 width=4) (actual time=0.022..597.370 rows=2609129 loops=1)
              ->  Hash  (cost=73925.90..73925.90 rows=2905 width=4) (actual time=1162.960..1162.960 rows=4339 loops=1)
                    Buckets: 8192 (originally 4096)  Batches: 1 (originally 1)  Memory Usage: 217kB
                    ->  Seq Scan on title t  (cost=0.00..73925.90 rows=2905 width=4) (actual time=1.899..1160.576 rows=4339 loops=1)
                          Filter: ((kind_id < 7) AND (production_year = 1961))
                          Rows Removed by Filter: 2523973
Planning time: 0.748 ms
Execution time: 3657.772 ms
