Hash Join  (cost=58358.90..796013.49 rows=173 width=0) (actual time=4741.214..15307.338 rows=8 loops=1)
  Hash Cond: (ci.movie_id = t.id)
  ->  Seq Scan on cast_info ci  (cost=0.00..705507.15 rows=8572187 width=4) (actual time=3633.949..13150.123 rows=8486314 loops=1)
        Filter: (role_id > 5)
        Rows Removed by Filter: 27758030
  ->  Hash  (cost=58358.27..58358.27 rows=51 width=8) (actual time=1004.659..1004.659 rows=4 loops=1)
        Buckets: 1024  Batches: 1  Memory Usage: 9kB
        ->  Nested Loop  (cost=0.43..58358.27 rows=51 width=8) (actual time=20.087..1004.648 rows=4 loops=1)
              ->  Seq Scan on movie_companies mc  (cost=0.00..57926.93 rows=51 width=4) (actual time=19.981..1004.379 rows=4 loops=1)
                    Filter: ((company_type_id < 2) AND (company_id = 41981))
                    Rows Removed by Filter: 2609125
              ->  Index Only Scan using title_pkey on title t  (cost=0.43..8.45 rows=1 width=4) (actual time=0.053..0.054 rows=1 loops=4)
                    Index Cond: (id = mc.movie_id)
                    Heap Fetches: 4
Planning time: 1.184 ms
Execution time: 15307.490 ms
