Hash Join  (cost=164702.16..923867.71 rows=194989 width=0) (actual time=5437.381..17464.979 rows=197471 loops=1)
  Hash Cond: (ci.movie_id = t.id)
  ->  Seq Scan on cast_info ci  (cost=0.00..705507.15 rows=3998100 width=4) (actual time=2293.433..12994.783 rows=4008037 loops=1)
        Filter: (role_id = 3)
        Rows Removed by Filter: 32236307
  ->  Hash  (cost=162678.68..162678.68 rows=123318 width=8) (actual time=3141.067..3141.067 rows=28888 loops=1)
        Buckets: 131072  Batches: 2  Memory Usage: 1613kB
        ->  Hash Join  (cost=74787.47..162678.68 rows=123318 width=8) (actual time=1213.132..3130.411 rows=28888 loops=1)
              Hash Cond: (mk.movie_id = t.id)
              ->  Seq Scan on movie_keyword mk  (cost=0.00..69693.30 rows=4523930 width=4) (actual time=0.038..1031.412 rows=4523930 loops=1)
              ->  Hash  (cost=73925.90..73925.90 rows=68925 width=4) (actual time=1212.286..1212.286 rows=84076 loops=1)
                    Buckets: 131072  Batches: 1  Memory Usage: 3980kB
                    ->  Seq Scan on title t  (cost=0.00..73925.90 rows=68925 width=4) (actual time=0.024..1178.926 rows=84076 loops=1)
                          Filter: ((kind_id = 7) AND (production_year = 2007))
                          Rows Removed by Filter: 2444236
Planning time: 1.926 ms
Execution time: 17486.825 ms
