Nested Loop  (cost=0.43..83071.67 rows=246 width=0) (actual time=4.997..1328.438 rows=623 loops=1)
  ->  Seq Scan on movie_keyword mk  (cost=0.00..81003.12 rows=246 width=4) (actual time=4.924..1299.245 rows=623 loops=1)
        Filter: (keyword_id = 133)
        Rows Removed by Filter: 4523307
  ->  Index Only Scan using title_pkey on title t  (cost=0.43..8.40 rows=1 width=4) (actual time=0.045..0.045 rows=1 loops=623)
        Index Cond: (id = mk.movie_id)
        Heap Fetches: 623
Planning time: 0.793 ms
Execution time: 1328.795 ms
