Seq Scan on cast_info ci  (cost=0.00..705507.15 rows=500 width=0) (actual time=2696.135..10623.690 rows=1743 loops=1)
  Filter: (person_id = 354496)
  Rows Removed by Filter: 36242601
Planning time: 0.374 ms
Execution time: 10624.002 ms
