Seq Scan on movie_keyword mk  (cost=0.00..81003.12 rows=2021765 width=0) (actual time=0.022..1492.488 rows=2027533 loops=1)
  Filter: (keyword_id < 3636)
  Rows Removed by Filter: 2496397
Planning time: 0.326 ms
Execution time: 1741.083 ms
