Nested Loop  (cost=32749.09..124290.05 rows=1540 width=0) (actual time=600.811..2061.324 rows=5670 loops=1)
  ->  Hash Join  (cost=32748.66..117180.51 rows=8385 width=8) (actual time=600.738..1912.473 rows=5670 loops=1)
        Hash Cond: (mk.movie_id = mi_idx.movie_id)
        ->  Seq Scan on movie_keyword mk  (cost=0.00..81003.12 rows=8445 width=4) (actual time=0.145..1222.696 rows=7552 loops=1)
              Filter: (keyword_id = 910)
              Rows Removed by Filter: 4516378
        ->  Hash  (cost=25185.44..25185.44 rows=460978 width=4) (actual time=598.760..598.760 rows=459925 loops=1)
              Buckets: 131072  Batches: 8  Memory Usage: 3059kB
              ->  Seq Scan on movie_info_idx mi_idx  (cost=0.00..25185.44 rows=460978 width=4) (actual time=0.019..451.498 rows=459925 loops=1)
                    Filter: (info_type_id < 100)
                    Rows Removed by Filter: 920110
  ->  Index Only Scan using title_pkey on title t  (cost=0.43..0.84 rows=1 width=4) (actual time=0.025..0.026 rows=1 loops=5670)
        Index Cond: (id = mi_idx.movie_id)
        Heap Fetches: 5670
Planning time: 1.140 ms
Execution time: 2063.268 ms
