Hash Join  (cost=106840.27..170946.84 rows=142639 width=0) (actual time=2107.392..3544.413 rows=140640 loops=1)
  Hash Cond: (mc.movie_id = t.id)
  ->  Seq Scan on movie_companies mc  (cost=0.00..51404.11 rows=150812 width=4) (actual time=0.029..874.910 rows=149551 loops=1)
        Filter: (company_id > 132274)
        Rows Removed by Filter: 2459578
  ->  Hash  (cost=67604.59..67604.59 rows=2391495 width=4) (actual time=2106.393..2106.393 rows=2388876 loops=1)
        Buckets: 131072  Batches: 32  Memory Usage: 3646kB
        ->  Seq Scan on title t  (cost=0.00..67604.59 rows=2391495 width=4) (actual time=0.020..1331.285 rows=2388876 loops=1)
              Filter: (production_year < 2013)
              Rows Removed by Filter: 139436
Planning time: 0.711 ms
Execution time: 3561.338 ms
