Seq Scan on movie_companies mc  (cost=0.00..57926.93 rows=51 width=0) (actual time=309.167..880.260 rows=277 loops=1)
  Filter: ((company_type_id < 2) AND (company_id = 11208))
  Rows Removed by Filter: 2608852
Planning time: 0.373 ms
Execution time: 880.445 ms
