Hash Join  (cost=200739.55..1136266.07 rows=1153569 width=0) (actual time=4822.332..20933.318 rows=798766 loops=1)
  Hash Cond: (ci.movie_id = t.id)
  ->  Seq Scan on cast_info ci  (cost=0.00..796071.18 rows=9893931 width=4) (actual time=0.027..13474.098 rows=4231089 loops=1)
        Filter: ((person_id < 1492343) AND (role_id > 1))
        Rows Removed by Filter: 32013255
  ->  Hash  (cost=195902.42..195902.42 rows=294810 width=8) (actual time=4821.177..4821.177 rows=107578 loops=1)
        Buckets: 131072  Batches: 4  Memory Usage: 2000kB
        ->  Hash Join  (cost=70308.29..195902.42 rows=294810 width=8) (actual time=1195.804..4785.728 rows=107578 loops=1)
              Hash Cond: (mk.movie_id = t.id)
              ->  Seq Scan on movie_keyword mk  (cost=0.00..69693.30 rows=4523930 width=4) (actual time=0.014..1400.373 rows=4523930 loops=1)
              ->  Hash  (cost=67604.59..67604.59 rows=164776 width=4) (actual time=1193.942..1193.942 rows=164307 loops=1)
                    Buckets: 131072  Batches: 4  Memory Usage: 2488kB
                    ->  Seq Scan on title t  (cost=0.00..67604.59 rows=164776 width=4) (actual time=0.042..1132.461 rows=164307 loops=1)
                          Filter: (production_year = 2012)
                          Rows Removed by Filter: 2364005
Planning time: 1.171 ms
Execution time: 21017.486 ms
