Hash Join  (cost=231748.98..1191039.08 rows=8419366 width=0) (actual time=8197.961..31402.475 rows=19080228 loops=1)
  Hash Cond: (ci.movie_id = t.id)
  ->  Seq Scan on cast_info ci  (cost=0.00..705507.15 rows=12726058 width=4) (actual time=2910.441..14438.823 rows=12670688 loops=1)
        Filter: (role_id = 1)
        Rows Removed by Filter: 23573656
  ->  Hash  (cost=204303.54..204303.54 rows=1672835 width=8) (actual time=5286.581..5286.581 rows=1664472 loops=1)
        Buckets: 131072  Batches: 32  Memory Usage: 3014kB
        ->  Hash Join  (cost=102767.86..204303.54 rows=1672835 width=8) (actual time=1917.345..4816.973 rows=1664472 loops=1)
              Hash Cond: (mc.movie_id = t.id)
              ->  Seq Scan on movie_companies mc  (cost=0.00..51404.11 rows=1672835 width=4) (actual time=0.029..1021.991 rows=1664472 loops=1)
                    Filter: (company_id < 18819)
                    Rows Removed by Filter: 944657
              ->  Hash  (cost=61283.27..61283.27 rows=2528527 width=4) (actual time=1915.849..1915.849 rows=2528312 loops=1)
                    Buckets: 131072  Batches: 64  Memory Usage: 2415kB
                    ->  Seq Scan on title t  (cost=0.00..61283.27 rows=2528527 width=4) (actual time=0.024..1057.027 rows=2528312 loops=1)
Planning time: 3.082 ms
Execution time: 33493.933 ms
