Hash Join  (cost=74009.26..136261.12 rows=3020 width=0) (actual time=1028.798..2354.395 rows=2259 loops=1)
  Hash Cond: (mc.movie_id = t.id)
  ->  Seq Scan on movie_companies mc  (cost=0.00..57926.93 rows=1145262 width=4) (actual time=0.015..1153.382 rows=1067394 loops=1)
        Filter: ((company_id > 139) AND (company_type_id = 1))
        Rows Removed by Filter: 1541735
  ->  Hash  (cost=73925.90..73925.90 rows=6668 width=4) (actual time=1028.528..1028.528 rows=3242 loops=1)
        Buckets: 8192  Batches: 1  Memory Usage: 178kB
        ->  Seq Scan on title t  (cost=0.00..73925.90 rows=6668 width=4) (actual time=0.120..1026.906 rows=3242 loops=1)
              Filter: ((kind_id = 3) AND (production_year = 2012))
              Rows Removed by Filter: 2525070
Planning time: 0.865 ms
Execution time: 2354.977 ms
