Hash Join  (cost=219810.74..775290.35 rows=7092068 width=0) (actual time=4866.040..29147.276 rows=46515385 loops=1)
  Hash Cond: (mi.movie_id = t.id)
  ->  Seq Scan on movie_info mi  (cost=0.00..309384.22 rows=14739122 width=4) (actual time=0.019..5822.733 rows=14835720 loops=1)
  ->  Hash  (cost=199849.50..199849.50 rows=1216659 width=8) (actual time=4865.325..4865.325 rows=1165662 loops=1)
        Buckets: 131072  Batches: 16  Memory Usage: 3923kB
        ->  Hash Join  (cost=102767.86..199849.50 rows=1216659 width=8) (actual time=1836.952..4508.563 rows=1165662 loops=1)
              Hash Cond: (mc.movie_id = t.id)
              ->  Seq Scan on movie_companies mc  (cost=0.00..57926.93 rows=1216659 width=4) (actual time=0.013..1298.626 rows=1165662 loops=1)
                    Filter: ((company_id > 19) AND (company_type_id < 2))
                    Rows Removed by Filter: 1443467
              ->  Hash  (cost=61283.27..61283.27 rows=2528527 width=4) (actual time=1834.851..1834.851 rows=2528312 loops=1)
                    Buckets: 131072  Batches: 64  Memory Usage: 2415kB
                    ->  Seq Scan on title t  (cost=0.00..61283.27 rows=2528527 width=4) (actual time=0.026..981.733 rows=2528312 loops=1)
Planning time: 1.185 ms
Execution time: 34088.819 ms
