Hash Join  (cost=52284.94..138944.39 rows=141 width=0) (actual time=874.645..2730.689 rows=2524 loops=1)
  Hash Cond: (mk.movie_id = t.id)
  ->  Seq Scan on movie_keyword mk  (cost=0.00..69693.30 rows=4523930 width=4) (actual time=0.021..1072.607 rows=4523930 loops=1)
  ->  Hash  (cost=52283.95..52283.95 rows=79 width=8) (actual time=860.667..860.667 rows=328 loops=1)
        Buckets: 1024  Batches: 1  Memory Usage: 21kB
        ->  Nested Loop  (cost=0.43..52283.95 rows=79 width=8) (actual time=4.706..860.367 rows=328 loops=1)
              ->  Seq Scan on movie_companies mc  (cost=0.00..51404.11 rows=104 width=4) (actual time=4.651..843.810 rows=328 loops=1)
                    Filter: (company_id = 15444)
                    Rows Removed by Filter: 2608801
              ->  Index Scan using title_pkey on title t  (cost=0.43..8.45 rows=1 width=4) (actual time=0.048..0.049 rows=1 loops=328)
                    Index Cond: (id = mc.movie_id)
                    Filter: (production_year < 2010)
Planning time: 1.178 ms
Execution time: 2731.195 ms
