Hash Join  (cost=329027.70..1262379.34 rows=10225060 width=0) (actual time=12751.230..31164.409 rows=28790660 loops=1)
  Hash Cond: (ci.movie_id = t.id)
  ->  Seq Scan on cast_info ci  (cost=0.00..705507.15 rows=7298253 width=4) (actual time=5439.190..13431.583 rows=7451973 loops=1)
        Filter: (role_id = 2)
        Rows Removed by Filter: 28792371
  ->  Hash  (cost=270906.98..270906.98 rows=3542538 width=8) (actual time=7310.922..7310.922 rows=3289886 loops=1)
        Buckets: 131072  Batches: 64  Memory Usage: 3028kB
        ->  Hash Join  (cost=100089.65..270906.98 rows=3542538 width=8) (actual time=1961.264..6431.626 rows=3289886 loops=1)
              Hash Cond: (mk.movie_id = t.id)
              ->  Seq Scan on movie_keyword mk  (cost=0.00..69693.30 rows=4523930 width=4) (actual time=0.029..1378.172 rows=4523930 loops=1)
              ->  Hash  (cost=67604.59..67604.59 rows=1980005 width=4) (actual time=1960.070..1960.070 rows=1976617 loops=1)
                    Buckets: 131072  Batches: 32  Memory Usage: 3212kB
                    ->  Seq Scan on title t  (cost=0.00..67604.59 rows=1980005 width=4) (actual time=0.020..1292.810 rows=1976617 loops=1)
                          Filter: (production_year > 1977)
                          Rows Removed by Filter: 551695
Planning time: 1.123 ms
Execution time: 34240.453 ms
