Nested Loop  (cost=0.43..83071.67 rows=246 width=0) (actual time=12.787..1328.726 rows=159 loops=1)
  ->  Seq Scan on movie_keyword mk  (cost=0.00..81003.12 rows=246 width=4) (actual time=12.699..1323.301 rows=159 loops=1)
        Filter: (keyword_id = 24132)
        Rows Removed by Filter: 4523771
  ->  Index Only Scan using title_pkey on title t  (cost=0.43..8.40 rows=1 width=4) (actual time=0.030..0.031 rows=1 loops=159)
        Index Cond: (id = mk.movie_id)
        Heap Fetches: 159
Planning time: 0.741 ms
Execution time: 1328.895 ms
