Nested Loop  (cost=0.43..83072.29 rows=79 width=0) (actual time=49.171..1216.834 rows=61 loops=1)
  ->  Seq Scan on movie_keyword mk  (cost=0.00..81003.12 rows=246 width=4) (actual time=4.033..1193.019 rows=249 loops=1)
        Filter: (keyword_id = 631)
        Rows Removed by Filter: 4523681
  ->  Index Scan using title_pkey on title t  (cost=0.43..8.40 rows=1 width=4) (actual time=0.093..0.093 rows=0 loops=249)
        Index Cond: (id = mk.movie_id)
        Filter: (production_year < 1995)
        Rows Removed by Filter: 1
Planning time: 0.992 ms
Execution time: 1217.012 ms
