Seq Scan on title t  (cost=0.00..67604.59 rows=662507 width=0) (actual time=0.017..1191.539 rows=662065 loops=1)
  Filter: (production_year > 2008)
  Rows Removed by Filter: 1866247
Planning time: 0.362 ms
Execution time: 1278.088 ms
