Hash Join  (cost=78964.21..163253.44 rows=19817 width=0) (actual time=1274.694..2643.637 rows=683 loops=1)
  Hash Cond: (mk.movie_id = t.id)
  ->  Seq Scan on movie_keyword mk  (cost=0.00..81003.12 rows=163185 width=4) (actual time=0.022..1291.359 rows=158051 loops=1)
        Filter: (keyword_id > 73002)
        Rows Removed by Filter: 4365879
  ->  Hash  (cost=73925.90..73925.90 rows=307064 width=4) (actual time=1273.860..1273.860 rows=169596 loops=1)
        Buckets: 131072  Batches: 8  Memory Usage: 1773kB
        ->  Seq Scan on title t  (cost=0.00..73925.90 rows=307064 width=4) (actual time=0.017..1213.904 rows=169596 loops=1)
              Filter: ((kind_id > 1) AND (production_year < 1973))
              Rows Removed by Filter: 2358716
Planning time: 0.571 ms
Execution time: 2643.810 ms
