Hash Join  (cost=102767.86..256910.95 rows=2629044 width=0) (actual time=1879.248..6017.233 rows=2616744 loops=1)
  Hash Cond: (mk.movie_id = t.id)
  ->  Seq Scan on movie_keyword mk  (cost=0.00..81003.12 rows=2629044 width=4) (actual time=0.015..1719.594 rows=2616744 loops=1)
        Filter: (keyword_id > 3271)
        Rows Removed by Filter: 1907186
  ->  Hash  (cost=61283.27..61283.27 rows=2528527 width=4) (actual time=1877.660..1877.660 rows=2528312 loops=1)
        Buckets: 131072  Batches: 64  Memory Usage: 2425kB
        ->  Seq Scan on title t  (cost=0.00..61283.27 rows=2528527 width=4) (actual time=0.019..1027.247 rows=2528312 loops=1)
Planning time: 0.737 ms
Execution time: 6288.998 ms
