Seq Scan on movie_companies mc  (cost=0.00..51404.11 rows=421064 width=0) (actual time=0.032..936.126 rows=422035 loops=1)
  Filter: (company_id < 302)
  Rows Removed by Filter: 2187094
Planning time: 0.255 ms
Execution time: 989.421 ms
