Hash Join  (cost=298370.98..729259.59 rows=3139938 width=0) (actual time=6739.695..18475.763 rows=20145937 loops=1)
  Hash Cond: (mi.movie_id = t.id)
  ->  Seq Scan on movie_info mi  (cost=0.00..346232.03 rows=3068194 width=4) (actual time=43.285..5698.269 rows=3036719 loops=1)
        Filter: (info_type_id = 16)
        Rows Removed by Filter: 11799001
  ->  Hash  (cost=255916.33..255916.33 rows=2587652 width=8) (actual time=6694.940..6694.940 rows=2578442 loops=1)
        Buckets: 131072  Batches: 64  Memory Usage: 2696kB
        ->  Hash Join  (cost=102767.86..255916.33 rows=2587652 width=8) (actual time=1962.019..5967.280 rows=2578442 loops=1)
              Hash Cond: (mk.movie_id = t.id)
              ->  Seq Scan on movie_keyword mk  (cost=0.00..81003.12 rows=2587652 width=4) (actual time=0.051..1721.674 rows=2578442 loops=1)
                    Filter: (keyword_id < 6696)
                    Rows Removed by Filter: 1945488
              ->  Hash  (cost=61283.27..61283.27 rows=2528527 width=4) (actual time=1960.205..1960.205 rows=2528312 loops=1)
                    Buckets: 131072  Batches: 64  Memory Usage: 2425kB
                    ->  Seq Scan on title t  (cost=0.00..61283.27 rows=2528527 width=4) (actual time=0.014..1105.196 rows=2528312 loops=1)
Planning time: 1.149 ms
Execution time: 20632.255 ms
