Seq Scan on movie_companies mc  (cost=0.00..57926.93 rows=436019 width=0) (actual time=0.016..903.758 rows=627038 loops=1)
  Filter: ((company_id < 2686) AND (company_type_id < 2))
  Rows Removed by Filter: 1982091
Planning time: 0.341 ms
Execution time: 982.220 ms
