Seq Scan on movie_keyword mk  (cost=0.00..81003.12 rows=2704743 width=0) (actual time=0.021..1561.401 rows=2698255 loops=1)
  Filter: (keyword_id > 2995)
  Rows Removed by Filter: 1825675
Planning time: 3.269 ms
Execution time: 1895.734 ms
