Hash Join  (cost=98137.04..907684.90 rows=226438 width=0) (actual time=2294.949..15126.185 rows=533617 loops=1)
  Hash Cond: (ci.movie_id = t.id)
  ->  Seq Scan on cast_info ci  (cost=0.00..796071.18 rows=307660 width=4) (actual time=350.895..12276.309 rows=809453 loops=1)
        Filter: ((person_id > 2742008) AND (role_id = 9))
        Rows Removed by Filter: 35434891
  ->  Hash  (cost=67604.59..67604.59 rows=1860996 width=4) (actual time=1942.819..1942.819 rows=1865487 loops=1)
        Buckets: 131072  Batches: 32  Memory Usage: 3079kB
        ->  Seq Scan on title t  (cost=0.00..67604.59 rows=1860996 width=4) (actual time=0.027..1326.512 rows=1865487 loops=1)
              Filter: (kind_id > 1)
              Rows Removed by Filter: 662825
Planning time: 0.638 ms
Execution time: 15191.298 ms
