Seq Scan on movie_keyword mk  (cost=0.00..81003.12 rows=2097480 width=0) (actual time=0.026..1451.902 rows=2107287 loops=1)
  Filter: (keyword_id < 3803)
  Rows Removed by Filter: 2416643
Planning time: 0.299 ms
Execution time: 1704.808 ms
