Hash Join  (cost=168797.93..224086.76 rows=62330 width=0) (actual time=2978.439..4271.739 rows=42538 loops=1)
  Hash Cond: (mc.movie_id = t.id)
  ->  Seq Scan on movie_companies mc  (cost=0.00..44881.29 rows=2609129 width=4) (actual time=0.025..696.319 rows=2609129 loops=1)
  ->  Hash  (cost=168042.88..168042.88 rows=60404 width=8) (actual time=2978.029..2978.029 rows=14556 loops=1)
        Buckets: 65536  Batches: 1  Memory Usage: 1081kB
        ->  Hash Join  (cost=80429.80..168042.88 rows=60404 width=8) (actual time=1389.480..2972.782 rows=14556 loops=1)
              Hash Cond: (mk.movie_id = t.id)
              ->  Seq Scan on movie_keyword mk  (cost=0.00..81003.12 rows=385310 width=4) (actual time=0.026..1393.027 rows=382448 loops=1)
                    Filter: (keyword_id > 44737)
                    Rows Removed by Filter: 4141482
              ->  Hash  (cost=73925.90..73925.90 rows=396392 width=4) (actual time=1387.981..1387.981 rows=259799 loops=1)
                    Buckets: 131072  Batches: 8  Memory Usage: 2163kB
                    ->  Seq Scan on title t  (cost=0.00..73925.90 rows=396392 width=4) (actual time=0.018..1297.187 rows=259799 loops=1)
                          Filter: ((kind_id > 1) AND (production_year < 1982))
                          Rows Removed by Filter: 2268513
Planning time: 1.164 ms
Execution time: 4280.712 ms
