Hash Join  (cost=73929.23..102547.26 rows=96 width=0) (actual time=1191.270..1803.716 rows=250 loops=1)
  Hash Cond: (mi_idx.movie_id = t.id)
  ->  Seq Scan on movie_info_idx mi_idx  (cost=0.00..25185.44 rows=915101 width=4) (actual time=0.025..483.391 rows=919850 loops=1)
        Filter: (info_type_id < 101)
        Rows Removed by Filter: 460185
  ->  Hash  (cost=73925.90..73925.90 rows=266 width=4) (actual time=1189.637..1189.637 rows=386 loops=1)
        Buckets: 1024  Batches: 1  Memory Usage: 22kB
        ->  Seq Scan on title t  (cost=0.00..73925.90 rows=266 width=4) (actual time=0.204..1189.252 rows=386 loops=1)
              Filter: ((kind_id = 2) AND (production_year = 1961))
              Rows Removed by Filter: 2527926
Planning time: 3.746 ms
Execution time: 1803.874 ms
