Hash Join  (cost=104818.80..763338.18 rows=12495558 width=0) (actual time=2908.254..21850.790 rows=11847287 loops=1)
  Hash Cond: (mi.movie_id = t.id)
  ->  Seq Scan on movie_info mi  (cost=0.00..346232.03 rows=13929354 width=4) (actual time=0.025..7438.752 rows=14033580 loops=1)
        Filter: (info_type_id > 1)
        Rows Removed by Filter: 802140
  ->  Hash  (cost=67604.59..67604.59 rows=2268257 width=4) (actual time=2906.829..2906.829 rows=2261229 loops=1)
        Buckets: 131072  Batches: 32  Memory Usage: 3520kB
        ->  Seq Scan on title t  (cost=0.00..67604.59 rows=2268257 width=4) (actual time=0.019..1466.741 rows=2261229 loops=1)
              Filter: (production_year > 1954)
              Rows Removed by Filter: 267083
Planning time: 0.689 ms
Execution time: 23153.127 ms
