Nested Loop  (cost=0.43..709671.90 rows=500 width=0) (actual time=7334.532..10855.728 rows=182 loops=1)
  ->  Seq Scan on cast_info ci  (cost=0.00..705507.15 rows=500 width=4) (actual time=7334.445..10842.248 rows=182 loops=1)
        Filter: (person_id = 54932)
        Rows Removed by Filter: 36244162
  ->  Index Only Scan using title_pkey on title t  (cost=0.43..8.32 rows=1 width=4) (actual time=0.073..0.073 rows=1 loops=182)
        Index Cond: (id = ci.movie_id)
        Heap Fetches: 182
Planning time: 0.782 ms
Execution time: 10855.844 ms
