Nested Loop  (cost=59757.03..766036.99 rows=22 width=0) (actual time=5935.540..12258.909 rows=30 loops=1)
  ->  Hash Join  (cost=59756.60..765923.05 rows=55 width=8) (actual time=5935.465..12258.217 rows=30 loops=1)
        Hash Cond: (ci.movie_id = mc.movie_id)
        ->  Seq Scan on cast_info ci  (cost=0.00..705507.15 rows=500 width=4) (actual time=4954.938..11244.450 rows=526 loops=1)
              Filter: (person_id = 938023)
              Rows Removed by Filter: 36243818
        ->  Hash  (cost=57926.93..57926.93 rows=111493 width=4) (actual time=979.611..979.611 rows=220294 loops=1)
              Buckets: 131072 (originally 131072)  Batches: 4 (originally 2)  Memory Usage: 3073kB
              ->  Seq Scan on movie_companies mc  (cost=0.00..57926.93 rows=111493 width=4) (actual time=146.790..900.444 rows=220294 loops=1)
                    Filter: ((company_id > 107891) AND (company_type_id > 1))
                    Rows Removed by Filter: 2388835
  ->  Index Only Scan using title_pkey on title t  (cost=0.43..2.06 rows=1 width=4) (actual time=0.021..0.021 rows=1 loops=30)
        Index Cond: (id = mc.movie_id)
        Heap Fetches: 30
Planning time: 1.156 ms
Execution time: 12259.274 ms
