Hash Join  (cost=123028.54..242285.51 rows=219583 width=0) (actual time=2647.556..6219.954 rows=2106145 loops=1)
  Hash Cond: (mk.movie_id = t.id)
  ->  Seq Scan on movie_keyword mk  (cost=0.00..81003.12 rows=3057069 width=4) (actual time=0.034..1700.602 rows=3039573 loops=1)
        Filter: (keyword_id > 2123)
        Rows Removed by Filter: 1484357
  ->  Hash  (cost=120048.30..120048.30 rows=181619 width=8) (actual time=2646.297..2646.297 rows=318279 loops=1)
        Buckets: 131072 (originally 131072)  Batches: 8 (originally 4)  Memory Usage: 3073kB
        ->  Hash Join  (cost=83810.17..120048.30 rows=181619 width=8) (actual time=1522.468..2539.353 rows=318279 loops=1)
              Hash Cond: (mi_idx.movie_id = t.id)
              ->  Seq Scan on movie_info_idx mi_idx  (cost=0.00..25185.44 rows=464934 width=4) (actual time=0.020..493.392 rows=460185 loops=1)
                    Filter: (info_type_id > 100)
                    Rows Removed by Filter: 919850
              ->  Hash  (cost=67604.59..67604.59 rows=987727 width=4) (actual time=1521.602..1521.602 rows=985048 loops=1)
                    Buckets: 131072  Batches: 16  Memory Usage: 3188kB
                    ->  Seq Scan on title t  (cost=0.00..67604.59 rows=987727 width=4) (actual time=0.028..1213.774 rows=985048 loops=1)
                          Filter: (kind_id < 7)
                          Rows Removed by Filter: 1543264
Planning time: 1.138 ms
Execution time: 6406.265 ms
