Nested Loop  (cost=0.43..709674.40 rows=101 width=0) (actual time=2926.102..10349.557 rows=18 loops=1)
  ->  Seq Scan on cast_info ci  (cost=0.00..705507.15 rows=500 width=4) (actual time=2925.952..10348.730 rows=29 loops=1)
        Filter: (person_id = 1698894)
        Rows Removed by Filter: 36244315
  ->  Index Scan using title_pkey on title t  (cost=0.43..8.32 rows=1 width=4) (actual time=0.025..0.025 rows=1 loops=29)
        Index Cond: (id = ci.movie_id)
        Filter: ((production_year > 1981) AND (kind_id = 1))
        Rows Removed by Filter: 0
Planning time: 0.684 ms
Execution time: 10349.687 ms
