Hash Join  (cost=116695.23..240635.76 rows=159049 width=0) (actual time=2220.183..5105.473 rows=164790 loops=1)
  Hash Cond: (mk.movie_id = t.id)
  ->  Seq Scan on movie_keyword mk  (cost=0.00..69693.30 rows=4523930 width=4) (actual time=0.014..1520.782 rows=4523930 loops=1)
  ->  Hash  (cost=115236.03..115236.03 rows=88896 width=8) (actual time=2218.655..2218.655 rows=49179 loops=1)
        Buckets: 131072  Batches: 2  Memory Usage: 1989kB
        ->  Hash Join  (cost=81925.97..115236.03 rows=88896 width=8) (actual time=1383.928..2200.336 rows=49179 loops=1)
              Hash Cond: (mi_idx.movie_id = t.id)
              ->  Seq Scan on movie_info_idx mi_idx  (cost=0.00..25185.44 rows=460978 width=4) (actual time=0.023..478.536 rows=459925 loops=1)
                    Filter: (info_type_id < 100)
                    Rows Removed by Filter: 920110
              ->  Hash  (cost=73925.90..73925.90 rows=487605 width=4) (actual time=1382.827..1382.827 rows=501779 loops=1)
                    Buckets: 131072  Batches: 8  Memory Usage: 3231kB
                    ->  Seq Scan on title t  (cost=0.00..73925.90 rows=487605 width=4) (actual time=0.024..1227.887 rows=501779 loops=1)
                          Filter: ((kind_id > 1) AND (production_year > 2008))
                          Rows Removed by Filter: 2026533
Planning time: 1.159 ms
Execution time: 5125.830 ms
