Seq Scan on cast_info ci  (cost=0.00..796071.18 rows=435 width=0) (actual time=3967.208..14112.529 rows=39 loops=1)
  Filter: ((role_id < 10) AND (person_id = 35102))
  Rows Removed by Filter: 36244305
Planning time: 0.491 ms
Execution time: 14112.658 ms
