Hash Join  (cost=102767.86..182870.18 rows=510978 width=0) (actual time=1957.130..3880.828 rows=721139 loops=1)
  Hash Cond: (mc.movie_id = t.id)
  ->  Seq Scan on movie_companies mc  (cost=0.00..57926.93 rows=510978 width=4) (actual time=0.017..974.677 rows=721139 loops=1)
        Filter: ((company_id < 5956) AND (company_type_id < 2))
        Rows Removed by Filter: 1887990
  ->  Hash  (cost=61283.27..61283.27 rows=2528527 width=4) (actual time=1955.380..1955.380 rows=2528312 loops=1)
        Buckets: 131072  Batches: 64  Memory Usage: 2415kB
        ->  Seq Scan on title t  (cost=0.00..61283.27 rows=2528527 width=4) (actual time=0.023..1111.970 rows=2528312 loops=1)
Planning time: 0.952 ms
Execution time: 3964.093 ms
