Seq Scan on movie_keyword mk  (cost=0.00..81003.12 rows=246 width=0) (actual time=0.531..1248.490 rows=419 loops=1)
  Filter: (keyword_id = 1710)
  Rows Removed by Filter: 4523511
Planning time: 0.294 ms
Execution time: 1248.756 ms
