Hash Join  (cost=138463.18..497010.85 rows=80992 width=0) (actual time=2811.017..8404.303 rows=192432 loops=1)
  Hash Cond: (mi.movie_id = t.id)
  ->  Seq Scan on movie_info mi  (cost=0.00..346232.03 rows=3068194 width=4) (actual time=0.015..4836.249 rows=3036719 loops=1)
        Filter: (info_type_id = 16)
        Rows Removed by Filter: 11799001
  ->  Hash  (cost=137628.85..137628.85 rows=66746 width=8) (actual time=2809.982..2809.982 rows=53697 loops=1)
        Buckets: 131072  Batches: 1  Memory Usage: 3122kB
        ->  Hash Join  (cost=69687.24..137628.85 rows=66746 width=8) (actual time=1421.747..2789.711 rows=53697 loops=1)
              Hash Cond: (mc.movie_id = t.id)
              ->  Seq Scan on movie_companies mc  (cost=0.00..51404.11 rows=1329612 width=4) (actual time=292.914..974.821 rows=1334883 loops=1)
                    Filter: (company_type_id = 2)
                    Rows Removed by Filter: 1274246
              ->  Hash  (cost=67604.59..67604.59 rows=126932 width=4) (actual time=1127.825..1127.825 rows=122861 loops=1)
                    Buckets: 131072  Batches: 2  Memory Usage: 3191kB
                    ->  Seq Scan on title t  (cost=0.00..67604.59 rows=126932 width=4) (actual time=0.029..1083.967 rows=122861 loops=1)
                          Filter: (production_year = 2008)
                          Rows Removed by Filter: 2405451
Planning time: 1.231 ms
Execution time: 8436.146 ms
