Hash Join  (cost=164960.81..284090.03 rows=820966 width=0) (actual time=3880.234..7762.943 rows=4369284 loops=1)
  Hash Cond: (mk.movie_id = t.id)
  ->  Seq Scan on movie_keyword mk  (cost=0.00..81003.12 rows=2279582 width=4) (actual time=0.015..1644.139 rows=2280808 loops=1)
        Filter: (keyword_id > 4618)
        Rows Removed by Filter: 2243122
  ->  Hash  (cost=150020.05..150020.05 rows=910621 width=8) (actual time=3878.919..3878.919 rows=1068706 loops=1)
        Buckets: 131072  Batches: 16  Memory Usage: 3660kB
        ->  Hash Join  (cost=94978.31..150020.05 rows=910621 width=8) (actual time=1945.544..3578.713 rows=1068706 loops=1)
              Hash Cond: (mi_idx.movie_id = t.id)
              ->  Seq Scan on movie_info_idx mi_idx  (cost=0.00..21735.35 rows=1380035 width=4) (actual time=0.021..408.886 rows=1380035 loops=1)
              ->  Hash  (cost=67604.59..67604.59 rows=1668458 width=4) (actual time=1944.510..1944.510 rows=1671292 loops=1)
                    Buckets: 131072  Batches: 32  Memory Usage: 2858kB
                    ->  Seq Scan on title t  (cost=0.00..67604.59 rows=1668458 width=4) (actual time=0.023..1391.081 rows=1671292 loops=1)
                          Filter: (production_year < 2008)
                          Rows Removed by Filter: 857020
Planning time: 0.929 ms
Execution time: 8275.038 ms
