Hash Join  (cost=709673.55..1074331.35 rows=187 width=0) (actual time=16339.126..17384.257 rows=11 loops=1)
  Hash Cond: (mi.movie_id = t.id)
  ->  Seq Scan on movie_info mi  (cost=0.00..309384.22 rows=14739122 width=4) (actual time=0.016..4045.183 rows=14835720 loops=1)
  ->  Hash  (cost=709673.15..709673.15 rows=32 width=8) (actual time=10843.099..10843.099 rows=11 loops=1)
        Buckets: 1024  Batches: 1  Memory Usage: 9kB
        ->  Nested Loop  (cost=0.43..709673.15 rows=32 width=8) (actual time=7175.132..10843.079 rows=11 loops=1)
              ->  Seq Scan on cast_info ci  (cost=0.00..705507.15 rows=500 width=4) (actual time=7174.614..10842.218 rows=41 loops=1)
                    Filter: (person_id = 247768)
                    Rows Removed by Filter: 36244303
              ->  Index Scan using title_pkey on title t  (cost=0.43..8.32 rows=1 width=4) (actual time=0.019..0.020 rows=0 loops=41)
                    Index Cond: (id = ci.movie_id)
                    Filter: (production_year = 2011)
                    Rows Removed by Filter: 1
Planning time: 0.790 ms
Execution time: 17384.380 ms
