Hash Join  (cost=163098.80..287455.59 rows=193275 width=0) (actual time=3365.668..5879.618 rows=400023 loops=1)
  Hash Cond: (mk.movie_id = t.id)
  ->  Seq Scan on movie_keyword mk  (cost=0.00..69693.30 rows=4523930 width=4) (actual time=0.021..1406.341 rows=4523930 loops=1)
  ->  Hash  (cost=161326.48..161326.48 rows=108026 width=8) (actual time=3150.459..3150.459 rows=156474 loops=1)
        Buckets: 131072  Batches: 2  Memory Usage: 4083kB
        ->  Hash Join  (cost=94858.47..161326.48 rows=108026 width=8) (actual time=1889.468..3098.148 rows=156474 loops=1)
              Hash Cond: (mc.movie_id = t.id)
              ->  Seq Scan on movie_companies mc  (cost=0.00..57926.93 rows=214084 width=4) (actual time=127.664..902.944 rows=332996 loops=1)
                    Filter: ((company_id < 321) AND (company_type_id < 2))
                    Rows Removed by Filter: 2276133
              ->  Hash  (cost=73925.90..73925.90 rows=1275885 width=4) (actual time=1760.326..1760.326 rows=1357653 loops=1)
                    Buckets: 131072  Batches: 32  Memory Usage: 2519kB
                    ->  Seq Scan on title t  (cost=0.00..73925.90 rows=1275885 width=4) (actual time=0.015..1322.788 rows=1357653 loops=1)
                          Filter: ((production_year > 1969) AND (kind_id = 7))
                          Rows Removed by Filter: 1170659
Planning time: 2.025 ms
Execution time: 5921.922 ms
