Hash Join  (cost=1061991.60..1283517.00 rows=6776363 width=0) (actual time=25389.850..41559.869 rows=48214022 loops=1)
  Hash Cond: (mk.movie_id = t.id)
  ->  Seq Scan on movie_keyword mk  (cost=0.00..69693.30 rows=4523930 width=4) (actual time=0.023..1606.599 rows=4523930 loops=1)
  ->  Hash  (cost=999853.31..999853.31 rows=3787463 width=8) (actual time=25387.787..25387.787 rows=7655203 loops=1)
        Buckets: 131072 (originally 131072)  Batches: 128 (originally 64)  Memory Usage: 3428kB
        ->  Hash Join  (cost=102767.86..999853.31 rows=3787463 width=8) (actual time=1971.264..22956.252 rows=7655203 loops=1)
              Hash Cond: (ci.movie_id = t.id)
              ->  Seq Scan on cast_info ci  (cost=0.00..796071.18 rows=3787463 width=4) (actual time=0.025..13728.665 rows=7655203 loops=1)
                    Filter: ((person_id < 1043384) AND (role_id = 1))
                    Rows Removed by Filter: 28589141
              ->  Hash  (cost=61283.27..61283.27 rows=2528527 width=4) (actual time=1969.420..1969.420 rows=2528312 loops=1)
                    Buckets: 131072  Batches: 64  Memory Usage: 2415kB
                    ->  Seq Scan on title t  (cost=0.00..61283.27 rows=2528527 width=4) (actual time=0.011..1130.156 rows=2528312 loops=1)
Planning time: 1.138 ms
Execution time: 46940.405 ms
