Hash Join  (cost=223202.07..766357.73 rows=4210386 width=0) (actual time=4629.993..17571.870 rows=1732672 loops=1)
  Hash Cond: (mi.movie_id = t.id)
  ->  Seq Scan on movie_info mi  (cost=0.00..309384.22 rows=14739122 width=4) (actual time=0.019..5918.343 rows=14835720 loops=1)
  ->  Hash  (cost=211351.32..211351.32 rows=722300 width=8) (actual time=4625.623..4625.623 rows=176814 loops=1)
        Buckets: 131072  Batches: 16  Memory Usage: 1464kB
        ->  Hash Join  (cost=80549.28..211351.32 rows=722300 width=8) (actual time=1242.946..4573.669 rows=176814 loops=1)
              Hash Cond: (mk.movie_id = t.id)
              ->  Seq Scan on movie_keyword mk  (cost=0.00..69693.30 rows=4523930 width=4) (actual time=0.030..1373.947 rows=4523930 loops=1)
              ->  Hash  (cost=73925.90..73925.90 rows=403710 width=4) (actual time=1241.201..1241.201 rows=434218 loops=1)
                    Buckets: 131072  Batches: 8  Memory Usage: 2941kB
                    ->  Seq Scan on title t  (cost=0.00..73925.90 rows=403710 width=4) (actual time=157.382..1098.208 rows=434218 loops=1)
                          Filter: ((production_year > 2008) AND (kind_id = 7))
                          Rows Removed by Filter: 2094094
Planning time: 1.157 ms
Execution time: 17757.865 ms
