Seq Scan on cast_info ci  (cost=0.00..796071.18 rows=12457165 width=0) (actual time=5077.790..16179.061 rows=12184203 loops=1)
  Filter: ((person_id > 69860) AND (role_id = 1))
  Rows Removed by Filter: 24060141
Planning time: 1.524 ms
Execution time: 17698.232 ms
