Seq Scan on movie_companies mc  (cost=0.00..51404.11 rows=1086128 width=0) (actual time=114.813..1003.823 rows=1098352 loops=1)
  Filter: (company_id > 14074)
  Rows Removed by Filter: 1510777
Planning time: 0.323 ms
Execution time: 1147.321 ms
