Seq Scan on movie_companies mc  (cost=0.00..51404.11 rows=3479 width=0) (actual time=241.753..818.430 rows=3601 loops=1)
  Filter: (company_id = 521)
  Rows Removed by Filter: 2605528
Planning time: 0.332 ms
Execution time: 819.198 ms
