Seq Scan on cast_info ci  (cost=0.00..796071.18 rows=316577 width=0) (actual time=3414.551..15257.701 rows=304544 loops=1)
  Filter: ((person_id > 322413) AND (role_id > 10))
  Rows Removed by Filter: 35939800
Planning time: 0.355 ms
Execution time: 15295.646 ms
