Hash Join  (cost=513038.35..1419741.87 rows=6153714 width=0) (actual time=8750.259..29903.940 rows=9792561 loops=1)
  Hash Cond: (ci.movie_id = t.id)
  ->  Seq Scan on cast_info ci  (cost=0.00..705507.15 rows=11626461 width=4) (actual time=0.025..12386.318 rows=11663052 loops=1)
        Filter: (person_id > 2527252)
        Rows Removed by Filter: 24581292
  ->  Hash  (cost=491081.45..491081.45 rows=1338312 width=8) (actual time=8749.169..8749.169 rows=1401902 loops=1)
        Buckets: 131072  Batches: 32  Memory Usage: 2687kB
        ->  Hash Join  (cost=102767.86..491081.45 rows=1338312 width=8) (actual time=5699.755..8358.969 rows=1401902 loops=1)
              Hash Cond: (mi.movie_id = t.id)
              ->  Seq Scan on movie_info mi  (cost=0.00..346232.03 rows=1338312 width=4) (actual time=3875.050..5063.402 rows=1401902 loops=1)
                    Filter: (info_type_id = 7)
                    Rows Removed by Filter: 13433818
              ->  Hash  (cost=61283.27..61283.27 rows=2528527 width=4) (actual time=1823.186..1823.186 rows=2528312 loops=1)
                    Buckets: 131072  Batches: 64  Memory Usage: 2425kB
                    ->  Seq Scan on title t  (cost=0.00..61283.27 rows=2528527 width=4) (actual time=0.014..985.658 rows=2528312 loops=1)
Planning time: 1.261 ms
Execution time: 31023.101 ms
