Hash Join  (cost=52284.99..138944.89 rows=186 width=0) (actual time=773.850..2608.353 rows=24400 loops=1)
  Hash Cond: (mk.movie_id = t.id)
  ->  Seq Scan on movie_keyword mk  (cost=0.00..69693.30 rows=4523930 width=4) (actual time=0.023..1049.195 rows=4523930 loops=1)
  ->  Hash  (cost=52283.69..52283.69 rows=104 width=8) (actual time=772.272..772.272 rows=399 loops=1)
        Buckets: 1024  Batches: 1  Memory Usage: 24kB
        ->  Nested Loop  (cost=0.43..52283.69 rows=104 width=8) (actual time=20.742..771.995 rows=399 loops=1)
              ->  Seq Scan on movie_companies mc  (cost=0.00..51404.11 rows=104 width=4) (actual time=20.645..751.121 rows=399 loops=1)
                    Filter: (company_id = 1711)
                    Rows Removed by Filter: 2608730
              ->  Index Only Scan using title_pkey on title t  (cost=0.43..8.45 rows=1 width=4) (actual time=0.051..0.051 rows=1 loops=399)
                    Index Cond: (id = mc.movie_id)
                    Heap Fetches: 399
Planning time: 1.820 ms
Execution time: 2611.696 ms
