Seq Scan on movie_companies mc  (cost=0.00..51404.11 rows=2410241 width=0) (actual time=0.023..1057.211 rows=2408904 loops=1)
  Filter: (company_id < 113342)
  Rows Removed by Filter: 200225
Planning time: 0.302 ms
Execution time: 1367.211 ms
