Hash Join  (cost=74794.72..162696.30 rows=124355 width=0) (actual time=1119.447..3036.705 rows=93887 loops=1)
  Hash Cond: (mk.movie_id = t.id)
  ->  Seq Scan on movie_keyword mk  (cost=0.00..69693.30 rows=4523930 width=4) (actual time=0.014..998.602 rows=4523930 loops=1)
  ->  Hash  (cost=73925.90..73925.90 rows=69505 width=4) (actual time=1118.750..1118.750 rows=69431 loops=1)
        Buckets: 131072  Batches: 1  Memory Usage: 3465kB
        ->  Seq Scan on title t  (cost=0.00..73925.90 rows=69505 width=4) (actual time=0.025..1091.592 rows=69431 loops=1)
              Filter: ((kind_id < 3) AND (production_year > 2011))
              Rows Removed by Filter: 2458881
Planning time: 2.945 ms
Execution time: 3050.034 ms
