Hash Join  (cost=102767.86..186814.16 rows=674915 width=0) (actual time=2073.509..4097.605 rows=918953 loops=1)
  Hash Cond: (mc.movie_id = t.id)
  ->  Seq Scan on movie_companies mc  (cost=0.00..57926.93 rows=674915 width=4) (actual time=130.909..1048.699 rows=918953 loops=1)
        Filter: ((company_id > 11203) AND (company_type_id > 1))
        Rows Removed by Filter: 1690176
  ->  Hash  (cost=61283.27..61283.27 rows=2528527 width=4) (actual time=1941.338..1941.338 rows=2528312 loops=1)
        Buckets: 131072  Batches: 64  Memory Usage: 2415kB
        ->  Seq Scan on title t  (cost=0.00..61283.27 rows=2528527 width=4) (actual time=0.021..1060.342 rows=2528312 loops=1)
Planning time: 0.780 ms
Execution time: 4202.748 ms
