Hash Join  (cost=72333.74..434405.25 rows=132032 width=0) (actual time=2648.025..7064.451 rows=153807 loops=1)
  Hash Cond: (mi.movie_id = t.id)
  ->  Seq Scan on movie_info mi  (cost=0.00..346232.03 rows=1158179 width=4) (actual time=1566.199..5379.575 rows=1204709 loops=1)
        Filter: (info_type_id > 18)
        Rows Removed by Filter: 13631011
  ->  Hash  (cost=67604.59..67604.59 rows=288252 width=4) (actual time=1080.992..1080.992 rows=285055 loops=1)
        Buckets: 131072  Batches: 4  Memory Usage: 3533kB
        ->  Seq Scan on title t  (cost=0.00..67604.59 rows=288252 width=4) (actual time=0.027..982.918 rows=285055 loops=1)
              Filter: (production_year < 1964)
              Rows Removed by Filter: 2243257
Planning time: 0.755 ms
Execution time: 7085.462 ms
