Hash Join  (cost=303889.34..989974.45 rows=15879038 width=0) (actual time=6769.185..53254.576 rows=148467337 loops=1)
  Hash Cond: (mi.movie_id = t.id)
  ->  Seq Scan on movie_info mi  (cost=0.00..309384.22 rows=14739122 width=4) (actual time=0.013..6303.148 rows=14835720 loops=1)
  ->  Hash  (cost=259197.32..259197.32 rows=2724082 width=8) (actual time=6764.380..6764.380 rows=2716578 loops=1)
        Buckets: 131072  Batches: 64  Memory Usage: 2785kB
        ->  Hash Join  (cost=102767.86..259197.32 rows=2724082 width=8) (actual time=1964.074..6009.937 rows=2716578 loops=1)
              Hash Cond: (mk.movie_id = t.id)
              ->  Seq Scan on movie_keyword mk  (cost=0.00..81003.12 rows=2724082 width=4) (actual time=0.023..1674.297 rows=2716578 loops=1)
                    Filter: (keyword_id > 2926)
                    Rows Removed by Filter: 1807352
              ->  Hash  (cost=61283.27..61283.27 rows=2528527 width=4) (actual time=1960.857..1960.857 rows=2528312 loops=1)
                    Buckets: 131072  Batches: 64  Memory Usage: 2425kB
                    ->  Seq Scan on title t  (cost=0.00..61283.27 rows=2528527 width=4) (actual time=0.015..1122.283 rows=2528312 loops=1)
Planning time: 1.171 ms
Execution time: 69646.371 ms
