Seq Scan on movie_companies mc  (cost=0.00..51404.11 rows=104 width=0) (actual time=2.526..907.117 rows=1143 loops=1)
  Filter: (company_id = 390)
  Rows Removed by Filter: 2607986
Planning time: 0.388 ms
Execution time: 907.450 ms
