Hash Join  (cost=263115.61..454762.10 rows=4251336 width=0) (actual time=6128.887..17943.482 rows=31595981 loops=1)
  Hash Cond: (mk.movie_id = t.id)
  ->  Seq Scan on movie_keyword mk  (cost=0.00..81003.12 rows=4120002 width=4) (actual time=0.014..1774.290 rows=4124873 loops=1)
        Filter: (keyword_id < 43447)
        Rows Removed by Filter: 399057
  ->  Hash  (cost=220309.49..220309.49 rows=2609129 width=8) (actual time=6127.007..6127.007 rows=2609129 loops=1)
        Buckets: 131072  Batches: 64  Memory Usage: 2691kB
        ->  Hash Join  (cost=102767.86..220309.49 rows=2609129 width=8) (actual time=1897.082..5367.850 rows=2609129 loops=1)
              Hash Cond: (mc.movie_id = t.id)
              ->  Seq Scan on movie_companies mc  (cost=0.00..44881.29 rows=2609129 width=4) (actual time=0.026..895.839 rows=2609129 loops=1)
              ->  Hash  (cost=61283.27..61283.27 rows=2528527 width=4) (actual time=1895.711..1895.711 rows=2528312 loops=1)
                    Buckets: 131072  Batches: 64  Memory Usage: 2415kB
                    ->  Seq Scan on title t  (cost=0.00..61283.27 rows=2528527 width=4) (actual time=0.025..1029.702 rows=2528312 loops=1)
Planning time: 1.153 ms
Execution time: 21556.146 ms
