Hash Join  (cost=709678.15..736591.36 rows=273 width=0) (actual time=10875.403..11442.229 rows=15 loops=1)
  Hash Cond: (mi_idx.movie_id = t.id)
  ->  Seq Scan on movie_info_idx mi_idx  (cost=0.00..21735.35 rows=1380035 width=4) (actual time=0.012..334.259 rows=1380035 loops=1)
  ->  Hash  (cost=709671.90..709671.90 rows=500 width=8) (actual time=10875.129..10875.129 rows=23 loops=1)
        Buckets: 1024  Batches: 1  Memory Usage: 9kB
        ->  Nested Loop  (cost=0.43..709671.90 rows=500 width=8) (actual time=7287.896..10875.112 rows=23 loops=1)
              ->  Seq Scan on cast_info ci  (cost=0.00..705507.15 rows=500 width=4) (actual time=7287.788..10874.727 rows=23 loops=1)
                    Filter: (person_id = 3843254)
                    Rows Removed by Filter: 36244321
              ->  Index Only Scan using title_pkey on title t  (cost=0.43..8.32 rows=1 width=4) (actual time=0.014..0.014 rows=1 loops=23)
                    Index Cond: (id = ci.movie_id)
                    Heap Fetches: 23
Planning time: 1.133 ms
Execution time: 11442.325 ms
