Hash Join  (cost=210831.80..991734.39 rows=2338856 width=0) (actual time=9436.048..21888.343 rows=5551265 loops=1)
  Hash Cond: (ci.movie_id = t.id)
  ->  Seq Scan on cast_info ci  (cost=0.00..705507.15 rows=3998100 width=4) (actual time=4228.525..12619.689 rows=4008037 loops=1)
        Filter: (role_id = 3)
        Rows Removed by Filter: 32236307
  ->  Hash  (cost=186564.20..186564.20 rows=1479168 width=8) (actual time=5206.588..5206.588 rows=1217080 loops=1)
        Buckets: 131072  Batches: 32  Memory Usage: 2489kB
        ->  Hash Join  (cost=91123.00..186564.20 rows=1479168 width=8) (actual time=1965.525..4848.775 rows=1217080 loops=1)
              Hash Cond: (mc.movie_id = t.id)
              ->  Seq Scan on movie_companies mc  (cost=0.00..44881.29 rows=2609129 width=4) (actual time=0.016..932.948 rows=2609129 loops=1)
              ->  Hash  (cost=67604.59..67604.59 rows=1433473 width=4) (actual time=1964.030..1964.030 rows=1434466 loops=1)
                    Buckets: 131072  Batches: 32  Memory Usage: 2600kB
                    ->  Seq Scan on title t  (cost=0.00..67604.59 rows=1433473 width=4) (actual time=0.028..1196.003 rows=1434466 loops=1)
                          Filter: (production_year > 1999)
                          Rows Removed by Filter: 1093846
Planning time: 1.154 ms
Execution time: 22596.900 ms
