Hash Join  (cost=73929.13..155840.23 rows=25 width=0) (actual time=1118.636..2449.911 rows=280 loops=1)
  Hash Cond: (mk.movie_id = t.id)
  ->  Seq Scan on movie_keyword mk  (cost=0.00..81003.12 rows=242060 width=4) (actual time=0.012..1267.783 rows=256327 loops=1)
        Filter: (keyword_id < 228)
        Rows Removed by Filter: 4267603
  ->  Hash  (cost=73925.90..73925.90 rows=258 width=4) (actual time=1115.746..1115.746 rows=3378 loops=1)
        Buckets: 4096 (originally 1024)  Batches: 1 (originally 1)  Memory Usage: 151kB
        ->  Seq Scan on title t  (cost=0.00..73925.90 rows=258 width=4) (actual time=0.300..1114.015 rows=3378 loops=1)
              Filter: ((kind_id < 7) AND (production_year > 2013))
              Rows Removed by Filter: 2524934
Planning time: 0.738 ms
Execution time: 2450.135 ms
