Seq Scan on movie_keyword mk  (cost=0.00..81003.12 rows=4095810 width=0) (actual time=0.020..854.794 rows=4082711 loops=1)
  Filter: (keyword_id > 342)
  Rows Removed by Filter: 441219
Planning time: 0.320 ms
Execution time: 1167.134 ms
