Hash Join  (cost=101871.51..475558.30 rows=32153 width=0) (actual time=3432.302..9395.019 rows=140589 loops=1)
  Hash Cond: (mi.movie_id = t.id)
  ->  Seq Scan on movie_info mi  (cost=0.00..346232.03 rows=7235534 width=4) (actual time=1649.627..5927.337 rows=7286865 loops=1)
        Filter: (info_type_id < 8)
        Rows Removed by Filter: 7548855
  ->  Hash  (cost=101731.06..101731.06 rows=11236 width=8) (actual time=1782.341..1782.341 rows=27162 loops=1)
        Buckets: 32768 (originally 16384)  Batches: 1 (originally 1)  Memory Usage: 1318kB
        ->  Hash Join  (cost=74689.76..101731.06 rows=11236 width=8) (actual time=1108.414..1771.646 rows=27162 loops=1)
              Hash Cond: (mi_idx.movie_id = t.id)
              ->  Seq Scan on movie_info_idx mi_idx  (cost=0.00..25185.44 rows=464934 width=4) (actual time=0.030..491.341 rows=460185 loops=1)
                    Filter: (info_type_id > 100)
                    Rows Removed by Filter: 919850
              ->  Hash  (cost=73925.90..73925.90 rows=61108 width=4) (actual time=1107.931..1107.931 rows=63731 loops=1)
                    Buckets: 65536  Batches: 1  Memory Usage: 2753kB
                    ->  Seq Scan on title t  (cost=0.00..73925.90 rows=61108 width=4) (actual time=17.614..1082.108 rows=63731 loops=1)
                          Filter: ((production_year > 1992) AND (kind_id = 2))
                          Rows Removed by Filter: 2464581
Planning time: 1.006 ms
Execution time: 9413.633 ms
