Hash Join  (cost=69484.36..831468.05 rows=211233 width=0) (actual time=2628.518..15159.000 rows=176274 loops=1)
  Hash Cond: (ci.movie_id = t.id)
  ->  Seq Scan on cast_info ci  (cost=0.00..705507.15 rows=4662989 width=4) (actual time=1465.121..11685.963 rows=4559812 loops=1)
        Filter: (person_id < 440301)
        Rows Removed by Filter: 31684532
  ->  Hash  (cost=67604.59..67604.59 rows=114542 width=4) (actual time=1159.960..1159.960 rows=118234 loops=1)
        Buckets: 131072  Batches: 2  Memory Usage: 3101kB
        ->  Seq Scan on title t  (cost=0.00..67604.59 rows=114542 width=4) (actual time=0.034..1118.904 rows=118234 loops=1)
              Filter: (kind_id = 4)
              Rows Removed by Filter: 2410078
Planning time: 0.750 ms
Execution time: 15182.301 ms
