Hash Join  (cost=89154.34..135538.78 rows=506596 width=0) (actual time=1698.214..3058.637 rows=353637 loops=1)
  Hash Cond: (mi_idx.movie_id = t.id)
  ->  Seq Scan on movie_info_idx mi_idx  (cost=0.00..21735.35 rows=1380035 width=4) (actual time=0.020..423.602 rows=1380035 loops=1)
  ->  Hash  (cost=73925.90..73925.90 rows=928195 width=4) (actual time=1697.357..1697.357 rows=1004724 loops=1)
        Buckets: 131072  Batches: 16  Memory Usage: 3239kB
        ->  Seq Scan on title t  (cost=0.00..73925.90 rows=928195 width=4) (actual time=0.021..1380.042 rows=1004724 loops=1)
              Filter: ((kind_id > 1) AND (production_year > 2002))
              Rows Removed by Filter: 1523588
Planning time: 0.798 ms
Execution time: 3102.335 ms
