Hash Join  (cost=74246.92..101297.56 rows=14016 width=0) (actual time=1036.688..1658.593 rows=6540 loops=1)
  Hash Cond: (mi_idx.movie_id = t.id)
  ->  Seq Scan on movie_info_idx mi_idx  (cost=0.00..21735.35 rows=1380035 width=4) (actual time=0.013..301.534 rows=1380035 loops=1)
  ->  Hash  (cost=73925.90..73925.90 rows=25681 width=4) (actual time=1036.280..1036.280 rows=23707 loops=1)
        Buckets: 32768  Batches: 1  Memory Usage: 1090kB
        ->  Seq Scan on title t  (cost=0.00..73925.90 rows=25681 width=4) (actual time=0.027..1026.902 rows=23707 loops=1)
              Filter: ((kind_id < 7) AND (production_year = 2013))
              Rows Removed by Filter: 2504605
Planning time: 0.749 ms
Execution time: 1659.828 ms
