Hash Join  (cost=82012.37..458193.73 rows=404224 width=0) (actual time=2469.007..8078.863 rows=227027 loops=1)
  Hash Cond: (mi.movie_id = t.id)
  ->  Seq Scan on movie_info mi  (cost=0.00..346232.03 rows=2073893 width=4) (actual time=1109.066..5619.983 rows=2091068 loops=1)
        Filter: (info_type_id < 3)
        Rows Removed by Filter: 12744652
  ->  Hash  (cost=73925.90..73925.90 rows=492837 width=4) (actual time=1358.925..1358.925 rows=379345 loops=1)
        Buckets: 131072  Batches: 8  Memory Usage: 2683kB
        ->  Seq Scan on title t  (cost=0.00..73925.90 rows=492837 width=4) (actual time=0.031..1233.854 rows=379345 loops=1)
              Filter: ((production_year < 1995) AND (kind_id = 7))
              Rows Removed by Filter: 2148967
Planning time: 0.796 ms
Execution time: 8108.172 ms
