Hash Join  (cost=91446.37..476494.77 rows=926856 width=0) (actual time=1727.215..8139.069 rows=219596 loops=1)
  Hash Cond: (mi.movie_id = t.id)
  ->  Seq Scan on movie_info mi  (cost=0.00..346232.03 rows=2194617 width=4) (actual time=120.671..5228.346 rows=2233850 loops=1)
        Filter: (info_type_id > 16)
        Rows Removed by Filter: 12601870
  ->  Hash  (cost=73925.90..73925.90 rows=1067877 width=4) (actual time=1599.912..1599.912 rows=1163273 loops=1)
        Buckets: 131072  Batches: 16  Memory Usage: 3594kB
        ->  Seq Scan on title t  (cost=0.00..73925.90 rows=1067877 width=4) (actual time=0.025..1223.415 rows=1163273 loops=1)
              Filter: ((production_year > 1990) AND (kind_id = 7))
              Rows Removed by Filter: 1365039
Planning time: 0.767 ms
Execution time: 8168.916 ms
