Hash Join  (cost=74299.17..422356.76 rows=5574 width=0) (actual time=3132.752..6668.124 rows=26811 loops=1)
  Hash Cond: (mi.movie_id = t.id)
  ->  Seq Scan on movie_info mi  (cost=0.00..346232.03 rows=471955 width=4) (actual time=1878.040..5446.994 rows=543367 loops=1)
        Filter: (info_type_id > 98)
        Rows Removed by Filter: 14292353
  ->  Hash  (cost=73925.90..73925.90 rows=29861 width=4) (actual time=1116.204..1116.204 rows=17772 loops=1)
        Buckets: 32768  Batches: 1  Memory Usage: 881kB
        ->  Seq Scan on title t  (cost=0.00..73925.90 rows=29861 width=4) (actual time=171.495..1108.632 rows=17772 loops=1)
              Filter: ((kind_id < 2) AND (production_year = 2007))
              Rows Removed by Filter: 2510540
Planning time: 0.792 ms
Execution time: 6671.963 ms
