Seq Scan on movie_keyword mk  (cost=0.00..81003.12 rows=4035370 width=0) (actual time=0.028..1604.968 rows=4040113 loops=1)
  Filter: (keyword_id < 37083)
  Rows Removed by Filter: 483817
Planning time: 0.323 ms
Execution time: 2111.815 ms
