Nested Loop  (cost=0.43..84385.58 rows=4436 width=0) (actual time=42.507..901.576 rows=3996 loops=1)
  ->  Seq Scan on movie_companies mc  (cost=0.00..51404.11 rows=4436 width=4) (actual time=42.433..829.966 rows=3996 loops=1)
        Filter: (company_id = 150)
        Rows Removed by Filter: 2605133
  ->  Index Only Scan using title_pkey on title t  (cost=0.43..7.42 rows=1 width=4) (actual time=0.017..0.017 rows=1 loops=3996)
        Index Cond: (id = mc.movie_id)
        Heap Fetches: 3996
Planning time: 0.822 ms
Execution time: 902.630 ms
