Hash Join  (cost=435572.54..560517.14 rows=241457 width=0) (actual time=7323.009..10819.408 rows=2467126 loops=1)
  Hash Cond: (mk.movie_id = t.id)
  ->  Seq Scan on movie_keyword mk  (cost=0.00..69693.30 rows=4523930 width=4) (actual time=0.019..1393.617 rows=4523930 loops=1)
  ->  Hash  (cost=433357.59..433357.59 rows=134956 width=8) (actual time=7322.338..7322.338 rows=169075 loops=1)
        Buckets: 131072 (originally 131072)  Batches: 4 (originally 2)  Memory Usage: 3073kB
        ->  Hash Join  (cost=76192.15..433357.59 rows=134956 width=8) (actual time=4367.321..7262.132 rows=169075 loops=1)
              Hash Cond: (mi.movie_id = t.id)
              ->  Seq Scan on movie_info mi  (cost=0.00..346232.03 rows=651960 width=4) (actual time=3063.109..5538.689 rows=660923 loops=1)
                    Filter: (info_type_id = 18)
                    Rows Removed by Filter: 14174797
              ->  Hash  (cost=67604.59..67604.59 rows=523405 width=4) (actual time=1303.245..1303.245 rows=523734 loops=1)
                    Buckets: 131072  Batches: 8  Memory Usage: 3326kB
                    ->  Seq Scan on title t  (cost=0.00..67604.59 rows=523405 width=4) (actual time=0.034..1132.075 rows=523734 loops=1)
                          Filter: (production_year < 1981)
                          Rows Removed by Filter: 2004578
Planning time: 0.757 ms
Execution time: 11085.494 ms
