Nested Loop  (cost=0.43..124094.77 rows=6032 width=0) (actual time=0.195..1368.569 rows=6303 loops=1)
  ->  Seq Scan on movie_keyword mk  (cost=0.00..81003.12 rows=6032 width=4) (actual time=0.150..1186.214 rows=6303 loops=1)
        Filter: (keyword_id = 135)
        Rows Removed by Filter: 4517627
  ->  Index Only Scan using title_pkey on title t  (cost=0.43..7.13 rows=1 width=4) (actual time=0.028..0.028 rows=1 loops=6303)
        Index Cond: (id = mk.movie_id)
        Heap Fetches: 6303
Planning time: 0.765 ms
Execution time: 1370.166 ms
