Seq Scan on title t  (cost=0.00..67604.59 rows=1752438 width=0) (actual time=0.019..932.433 rows=1749032 loops=1)
  Filter: (production_year > 1990)
  Rows Removed by Filter: 779280
Planning time: 0.296 ms
Execution time: 1123.397 ms
