Hash Join  (cost=78641.77..119026.00 rows=156875 width=0) (actual time=1274.812..2520.981 rows=364778 loops=1)
  Hash Cond: (mi_idx.movie_id = t.id)
  ->  Seq Scan on movie_info_idx mi_idx  (cost=0.00..21735.35 rows=1380035 width=4) (actual time=0.012..463.051 rows=1380035 loops=1)
  ->  Hash  (cost=73925.90..73925.90 rows=287429 width=4) (actual time=1273.965..1273.965 rows=401493 loops=1)
        Buckets: 131072 (originally 131072)  Batches: 8 (originally 4)  Memory Usage: 3073kB
        ->  Seq Scan on title t  (cost=0.00..73925.90 rows=287429 width=4) (actual time=0.018..1140.339 rows=401493 loops=1)
              Filter: ((kind_id < 7) AND (production_year < 1992))
              Rows Removed by Filter: 2126819
Planning time: 0.789 ms
Execution time: 2566.512 ms
