Hash Join  (cost=122535.74..487639.00 rows=44733 width=0) (actual time=2394.440..10225.147 rows=392963 loops=1)
  Hash Cond: (mi.movie_id = t.id)
  ->  Seq Scan on movie_info mi  (cost=0.00..309384.22 rows=14739122 width=4) (actual time=0.018..4239.367 rows=14835720 loops=1)
  ->  Hash  (cost=122439.81..122439.81 rows=7674 width=8) (actual time=2392.712..2392.712 rows=20384 loops=1)
        Buckets: 32768 (originally 8192)  Batches: 1 (originally 1)  Memory Usage: 1053kB
        ->  Hash Join  (cost=67697.55..122439.81 rows=7674 width=8) (actual time=1062.334..2384.067 rows=20384 loops=1)
              Hash Cond: (mc.movie_id = t.id)
              ->  Seq Scan on movie_companies mc  (cost=0.00..44881.29 rows=2609129 width=4) (actual time=0.015..724.224 rows=2609129 loops=1)
              ->  Hash  (cost=67604.59..67604.59 rows=7437 width=4) (actual time=1062.204..1062.204 rows=14601 loops=1)
                    Buckets: 16384 (originally 8192)  Batches: 1 (originally 1)  Memory Usage: 642kB
                    ->  Seq Scan on title t  (cost=0.00..67604.59 rows=7437 width=4) (actual time=0.074..1055.188 rows=14601 loops=1)
                          Filter: (production_year = 1967)
                          Rows Removed by Filter: 2513711
Planning time: 1.141 ms
Execution time: 10280.933 ms
