Hash Join  (cost=78022.37..597905.73 rows=1358424 width=0) (actual time=1480.284..14167.044 rows=649640 loops=1)
  Hash Cond: (mi.movie_id = t.id)
  ->  Seq Scan on movie_info mi  (cost=0.00..346232.03 rows=13759225 width=4) (actual time=26.316..7275.955 rows=13795839 loops=1)
        Filter: (info_type_id < 81)
        Rows Removed by Filter: 1039881
  ->  Hash  (cost=73925.90..73925.90 rows=249637 width=4) (actual time=1340.002..1340.002 rows=122701 loops=1)
        Buckets: 131072  Batches: 4  Memory Usage: 2105kB
        ->  Seq Scan on title t  (cost=0.00..73925.90 rows=249637 width=4) (actual time=0.089..1293.330 rows=122701 loops=1)
              Filter: ((kind_id > 2) AND (production_year < 1969))
              Rows Removed by Filter: 2405611
Planning time: 0.725 ms
Execution time: 14246.992 ms
