Hash Join  (cost=83074.74..456447.06 rows=704 width=0) (actual time=1935.713..8488.645 rows=115 loops=1)
  Hash Cond: (mi.movie_id = t.id)
  ->  Seq Scan on movie_info mi  (cost=0.00..346232.03 rows=7235534 width=4) (actual time=365.632..6190.550 rows=7286865 loops=1)
        Filter: (info_type_id < 8)
        Rows Removed by Filter: 7548855
  ->  Hash  (cost=83071.67..83071.67 rows=246 width=8) (actual time=1342.959..1342.959 rows=10 loops=1)
        Buckets: 1024  Batches: 1  Memory Usage: 9kB
        ->  Nested Loop  (cost=0.43..83071.67 rows=246 width=8) (actual time=297.265..1342.940 rows=10 loops=1)
              ->  Seq Scan on movie_keyword mk  (cost=0.00..81003.12 rows=246 width=4) (actual time=297.165..1342.407 rows=10 loops=1)
                    Filter: (keyword_id = 38952)
                    Rows Removed by Filter: 4523920
              ->  Index Only Scan using title_pkey on title t  (cost=0.43..8.40 rows=1 width=4) (actual time=0.043..0.044 rows=1 loops=10)
                    Index Cond: (id = mk.movie_id)
                    Heap Fetches: 10
Planning time: 1.137 ms
Execution time: 8488.812 ms
