Hash Join  (cost=899608.37..1268693.91 rows=442962 width=0) (actual time=16544.315..28184.707 rows=1513202 loops=1)
  Hash Cond: (mi.movie_id = t.id)
  ->  Seq Scan on movie_info mi  (cost=0.00..309384.22 rows=14739122 width=4) (actual time=0.022..4381.348 rows=14835720 loops=1)
  ->  Hash  (cost=898658.48..898658.48 rows=75991 width=8) (actual time=16543.502..16543.502 rows=145477 loops=1)
        Buckets: 131072 (originally 131072)  Batches: 2 (originally 1)  Memory Usage: 3872kB
        ->  Hash Join  (cost=94009.45..898658.48 rows=75991 width=8) (actual time=7855.124..16490.258 rows=145477 loops=1)
              Hash Cond: (ci.movie_id = t.id)
              ->  Seq Scan on cast_info ci  (cost=0.00..796071.18 rows=119388 width=4) (actual time=5525.158..13099.936 rows=235397 loops=1)
                    Filter: ((person_id > 2439489) AND (role_id = 11))
                    Rows Removed by Filter: 36008947
              ->  Hash  (cost=67604.59..67604.59 rows=1609429 width=4) (actual time=2328.563..2328.563 rows=1607077 loops=1)
                    Buckets: 131072  Batches: 32  Memory Usage: 2791kB
                    ->  Seq Scan on title t  (cost=0.00..67604.59 rows=1609429 width=4) (actual time=0.033..1508.527 rows=1607077 loops=1)
                          Filter: (production_year > 1995)
                          Rows Removed by Filter: 921235
Planning time: 1.208 ms
Execution time: 28370.469 ms
