Hash Join  (cost=190230.21..1403979.08 rows=16124686 width=0) (actual time=4361.101..45758.894 rows=32767382 loops=1)
  Hash Cond: (ci.movie_id = t.id)
  ->  Seq Scan on cast_info ci  (cost=0.00..705507.15 rows=29543963 width=4) (actual time=0.024..16583.993 rows=29477841 loops=1)
        Filter: (person_id < 2985019)
        Rows Removed by Filter: 6766503
  ->  Hash  (cost=167588.78..167588.78 rows=1380035 width=8) (actual time=4359.981..4359.981 rows=1380035 loops=1)
        Buckets: 131072  Batches: 32  Memory Usage: 2708kB
        ->  Hash Join  (cost=102767.86..167588.78 rows=1380035 width=8) (actual time=1923.615..3956.295 rows=1380035 loops=1)
              Hash Cond: (mi_idx.movie_id = t.id)
              ->  Seq Scan on movie_info_idx mi_idx  (cost=0.00..21735.35 rows=1380035 width=4) (actual time=0.009..450.523 rows=1380035 loops=1)
              ->  Hash  (cost=61283.27..61283.27 rows=2528527 width=4) (actual time=1922.594..1922.594 rows=2528312 loops=1)
                    Buckets: 131072  Batches: 64  Memory Usage: 2415kB
                    ->  Seq Scan on title t  (cost=0.00..61283.27 rows=2528527 width=4) (actual time=0.019..1065.835 rows=2528312 loops=1)
Planning time: 1.464 ms
Execution time: 49371.088 ms
