Hash Join  (cost=106809.92..286556.04 rows=4275416 width=0) (actual time=2144.847..7157.566 rows=4472337 loops=1)
  Hash Cond: (mk.movie_id = t.id)
  ->  Seq Scan on movie_keyword mk  (cost=0.00..69693.30 rows=4523930 width=4) (actual time=0.024..1385.597 rows=4523930 loops=1)
  ->  Hash  (cost=67604.59..67604.59 rows=2389627 width=4) (actual time=2143.712..2143.712 rows=2382866 loops=1)
        Buckets: 131072  Batches: 32  Memory Usage: 3653kB
        ->  Seq Scan on title t  (cost=0.00..67604.59 rows=2389627 width=4) (actual time=0.014..1396.751 rows=2382866 loops=1)
              Filter: (production_year > 1916)
              Rows Removed by Filter: 145446
Planning time: 0.802 ms
Execution time: 7698.107 ms
