Seq Scan on cast_info ci  (cost=0.00..705507.15 rows=30887477 width=0) (actual time=0.010..13804.843 rows=30829382 loops=1)
  Filter: (person_id < 3115469)
  Rows Removed by Filter: 5414962
Planning time: 0.320 ms
Execution time: 17627.369 ms
