Hash Join  (cost=128753.29..215494.99 rows=8366 width=0) (actual time=2311.248..4110.292 rows=13750 loops=1)
  Hash Cond: (mk.movie_id = t.id)
  ->  Seq Scan on movie_keyword mk  (cost=0.00..69693.30 rows=4523930 width=4) (actual time=0.020..959.370 rows=4523930 loops=1)
  ->  Hash  (cost=128694.84..128694.84 rows=4676 width=8) (actual time=2307.692..2307.692 rows=9159 loops=1)
        Buckets: 16384 (originally 8192)  Batches: 1 (originally 1)  Memory Usage: 486kB
        ->  Hash Join  (cost=73982.55..128694.84 rows=4676 width=8) (actual time=1157.294..2303.912 rows=9159 loops=1)
              Hash Cond: (mc.movie_id = t.id)
              ->  Seq Scan on movie_companies mc  (cost=0.00..44881.29 rows=2609129 width=4) (actual time=0.019..637.359 rows=2609129 loops=1)
              ->  Hash  (cost=73925.90..73925.90 rows=4532 width=4) (actual time=1118.494..1118.494 rows=6682 loops=1)
                    Buckets: 8192  Batches: 1  Memory Usage: 299kB
                    ->  Seq Scan on title t  (cost=0.00..73925.90 rows=4532 width=4) (actual time=0.034..1115.206 rows=6682 loops=1)
                          Filter: ((kind_id = 7) AND (production_year = 1959))
                          Rows Removed by Filter: 2521630
Planning time: 1.184 ms
Execution time: 4112.434 ms
