Hash Join  (cost=202636.32..652215.51 rows=3026618 width=0) (actual time=4868.451..17996.375 rows=16366748 loops=1)
  Hash Cond: (mi.movie_id = t.id)
  ->  Seq Scan on movie_info mi  (cost=0.00..346232.03 rows=5880796 width=4) (actual time=201.647..6424.933 rows=5869026 loops=1)
        Filter: (info_type_id > 13)
        Rows Removed by Filter: 8966694
  ->  Hash  (cost=181285.64..181285.64 rows=1301335 width=8) (actual time=4665.112..4665.112 rows=1058433 loops=1)
        Buckets: 131072  Batches: 32  Memory Usage: 2339kB
        ->  Hash Join  (cost=88295.76..181285.64 rows=1301335 width=8) (actual time=1719.139..4344.668 rows=1058433 loops=1)
              Hash Cond: (mc.movie_id = t.id)
              ->  Seq Scan on movie_companies mc  (cost=0.00..44881.29 rows=2609129 width=4) (actual time=0.022..880.041 rows=2609129 loops=1)
              ->  Hash  (cost=67604.59..67604.59 rows=1261134 width=4) (actual time=1717.897..1717.897 rows=1260295 loops=1)
                    Buckets: 131072  Batches: 32  Memory Usage: 2413kB
                    ->  Seq Scan on title t  (cost=0.00..67604.59 rows=1261134 width=4) (actual time=0.021..1306.389 rows=1260295 loops=1)
                          Filter: (production_year > 2002)
                          Rows Removed by Filter: 1268017
Planning time: 1.152 ms
Execution time: 19816.339 ms
