Nested Loop  (cost=0.43..111590.43 rows=122 width=0) (actual time=11.397..1354.106 rows=309 loops=1)
  ->  Seq Scan on movie_keyword mk  (cost=0.00..81003.12 rows=4072 width=4) (actual time=0.460..1263.243 rows=4211 loops=1)
        Filter: (keyword_id = 19735)
        Rows Removed by Filter: 4519719
  ->  Index Scan using title_pkey on title t  (cost=0.43..7.50 rows=1 width=4) (actual time=0.021..0.021 rows=0 loops=4211)
        Index Cond: (id = mk.movie_id)
        Filter: ((kind_id > 2) AND (production_year = 2006))
        Rows Removed by Filter: 1
Planning time: 1.378 ms
Execution time: 1357.076 ms
