Hash Join  (cost=224360.04..1414261.60 rows=10787444 width=0) (actual time=6019.164..60390.730 rows=94952332 loops=1)
  Hash Cond: (ci.movie_id = t.id)
  ->  Seq Scan on cast_info ci  (cost=0.00..614943.12 rows=36225612 width=4) (actual time=0.008..13562.408 rows=36244344 loops=1)
  ->  Hash  (cost=212006.08..212006.08 rows=752957 width=8) (actual time=6017.980..6017.980 rows=2271977 loops=1)
        Buckets: 131072 (originally 131072)  Batches: 32 (originally 16)  Memory Usage: 3736kB
        ->  Hash Join  (cost=80830.47..212006.08 rows=752957 width=8) (actual time=1341.272..5334.001 rows=2271977 loops=1)
              Hash Cond: (mk.movie_id = t.id)
              ->  Seq Scan on movie_keyword mk  (cost=0.00..69693.30 rows=4523930 width=4) (actual time=0.008..1466.056 rows=4523930 loops=1)
              ->  Hash  (cost=73925.90..73925.90 rows=420845 width=4) (actual time=1340.468..1340.468 rows=517968 loops=1)
                    Buckets: 131072  Batches: 8  Memory Usage: 3320kB
                    ->  Seq Scan on title t  (cost=0.00..73925.90 rows=420845 width=4) (actual time=0.010..1186.451 rows=517968 loops=1)
                          Filter: ((kind_id < 7) AND (production_year < 2001))
                          Rows Removed by Filter: 2010344
Planning time: 1.805 ms
Execution time: 70625.311 ms
