Hash Join  (cost=570010.41..1910370.77 rows=7801917 width=0) (actual time=12761.178..44666.239 rows=7827145 loops=1)
  Hash Cond: (ci.movie_id = t.id)
  ->  Seq Scan on cast_info ci  (cost=0.00..614943.12 rows=36225612 width=4) (actual time=0.012..12901.511 rows=36244344 loops=1)
  ->  Hash  (cost=561075.30..561075.30 rows=544569 width=8) (actual time=12759.700..12759.700 rows=318664 loops=1)
        Buckets: 131072  Batches: 8  Memory Usage: 2559kB
        ->  Hash Join  (cost=75458.68..561075.30 rows=544569 width=8) (actual time=1224.714..12403.235 rows=318664 loops=1)
              Hash Cond: (mi.movie_id = t.id)
              ->  Seq Scan on movie_info mi  (cost=0.00..309384.22 rows=14739122 width=4) (actual time=0.019..5752.912 rows=14835720 loops=1)
              ->  Hash  (cost=73925.90..73925.90 rows=93422 width=4) (actual time=1223.508..1223.508 rows=100754 loops=1)
                    Buckets: 131072  Batches: 2  Memory Usage: 2808kB
                    ->  Seq Scan on title t  (cost=0.00..73925.90 rows=93422 width=4) (actual time=0.030..1183.456 rows=100754 loops=1)
                          Filter: ((kind_id > 1) AND (production_year = 2008))
                          Rows Removed by Filter: 2427558
Planning time: 1.684 ms
Execution time: 45571.265 ms
