Seq Scan on title t  (cost=0.00..67604.59 rows=2048275 width=0) (actual time=0.015..1210.866 rows=2046723 loops=1)
  Filter: (production_year > 1972)
  Rows Removed by Filter: 481589
Planning time: 0.311 ms
Execution time: 1469.132 ms
