Seq Scan on movie_keyword mk  (cost=0.00..81003.12 rows=4435452 width=0) (actual time=0.015..1718.691 rows=4425682 loops=1)
  Filter: (keyword_id > 85)
  Rows Removed by Filter: 98248
Planning time: 0.316 ms
Execution time: 2253.262 ms
