Seq Scan on movie_keyword mk  (cost=0.00..81003.12 rows=4193609 width=0) (actual time=0.025..1654.640 rows=4194146 loops=1)
  Filter: (keyword_id < 50094)
  Rows Removed by Filter: 329784
Planning time: 0.343 ms
Execution time: 2181.591 ms
