Hash Join  (cost=75107.67..817173.32 rows=253573 width=169) (actual time=1443.011..14392.549 rows=405218 loops=1)
  Hash Cond: (mi.movie_id = t.id)
  ->  Seq Scan on movie_info mi  (cost=0.00..309384.22 rows=14739122 width=75) (actual time=0.010..5791.442 rows=14835720 loops=1)
  ->  Hash  (cost=73925.90..73925.90 rows=43501 width=94) (actual time=1442.508..1442.508 rows=39560 loops=1)
        Buckets: 32768  Batches: 2  Memory Usage: 2374kB
        ->  Seq Scan on title t  (cost=0.00..73925.90 rows=43501 width=94) (actual time=52.108..1424.962 rows=39560 loops=1)
              Filter: ((kind_id = 1) AND (production_year = 2012))
              Rows Removed by Filter: 2488752
Planning time: 0.991 ms
Execution time: 14416.321 ms
