Seq Scan on movie_keyword mk  (cost=0.00..81003.12 rows=3819260 width=0) (actual time=0.023..1495.440 rows=3812529 loops=1)
  Filter: (keyword_id < 26569)
  Rows Removed by Filter: 711401
Planning time: 0.314 ms
Execution time: 1964.666 ms
