Hash Join  (cost=118506.38..242868.24 rows=193682 width=0) (actual time=2211.210..6317.326 rows=3825539 loops=1)
  Hash Cond: (mk.movie_id = t.id)
  ->  Seq Scan on movie_keyword mk  (cost=0.00..69693.30 rows=4523930 width=4) (actual time=0.016..1348.920 rows=4523930 loops=1)
  ->  Hash  (cost=116730.22..116730.22 rows=108253 width=8) (actual time=2210.582..2210.582 rows=297064 loops=1)
        Buckets: 131072 (originally 131072)  Batches: 4 (originally 2)  Memory Usage: 3941kB
        ->  Hash Join  (cost=77180.21..116730.22 rows=108253 width=8) (actual time=1325.135..2136.879 rows=297064 loops=1)
              Hash Cond: (mi_idx.movie_id = t.id)
              ->  Seq Scan on movie_info_idx mi_idx  (cost=0.00..21735.35 rows=1380035 width=4) (actual time=0.015..355.043 rows=1380035 loops=1)
              ->  Hash  (cost=73925.90..73925.90 rows=198344 width=4) (actual time=1211.053..1211.053 rows=331222 loops=1)
                    Buckets: 131072  Batches: 4  Memory Usage: 3937kB
                    ->  Seq Scan on title t  (cost=0.00..73925.90 rows=198344 width=4) (actual time=28.191..1104.776 rows=331222 loops=1)
                          Filter: ((production_year < 1993) AND (kind_id = 1))
                          Rows Removed by Filter: 2197090
Planning time: 0.800 ms
Execution time: 6745.431 ms
