Hash Join  (cost=228909.05..316382.49 rows=901192 width=0) (actual time=4840.540..7246.652 rows=1390332 loops=1)
  Hash Cond: (mc.movie_id = t.id)
  ->  Seq Scan on movie_companies mc  (cost=0.00..44881.29 rows=2609129 width=4) (actual time=0.024..923.590 rows=2609129 loops=1)
  ->  Hash  (cost=214580.15..214580.15 rows=873352 width=8) (actual time=4839.328..4839.328 rows=500130 loops=1)
        Buckets: 131072  Batches: 16  Memory Usage: 2278kB
        ->  Hash Join  (cost=101407.65..214580.15 rows=873352 width=8) (actual time=2138.345..4676.793 rows=500130 loops=1)
              Hash Cond: (mk.movie_id = t.id)
              ->  Seq Scan on movie_keyword mk  (cost=0.00..81003.12 rows=1318369 width=4) (actual time=0.016..1446.926 rows=1331068 loops=1)
                    Filter: (keyword_id > 12938)
                    Rows Removed by Filter: 3192862
              ->  Hash  (cost=73925.90..73925.90 rows=1675020 width=4) (actual time=2137.332..2137.332 rows=1783803 loops=1)
                    Buckets: 131072  Batches: 32  Memory Usage: 2995kB
                    ->  Seq Scan on title t  (cost=0.00..73925.90 rows=1675020 width=4) (actual time=0.030..1542.311 rows=1783803 loops=1)
                          Filter: ((kind_id > 1) AND (production_year > 1953))
                          Rows Removed by Filter: 744509
Planning time: 1.192 ms
Execution time: 7395.307 ms
