Nested Loop  (cost=0.43..83072.90 rows=5 width=0) (actual time=357.252..1327.610 rows=8 loops=1)
  ->  Seq Scan on movie_keyword mk  (cost=0.00..81003.12 rows=246 width=4) (actual time=1.178..1267.484 rows=1246 loops=1)
        Filter: (keyword_id = 6314)
        Rows Removed by Filter: 4522684
  ->  Index Scan using title_pkey on title t  (cost=0.43..8.40 rows=1 width=4) (actual time=0.047..0.047 rows=0 loops=1246)
        Index Cond: (id = mk.movie_id)
        Filter: ((kind_id > 1) AND (production_year = 2003))
        Rows Removed by Filter: 1
Planning time: 0.788 ms
Execution time: 1327.726 ms
