Hash Join  (cost=444265.01..481424.65 rows=66957 width=0) (actual time=7582.156..9102.036 rows=749188 loops=1)
  Hash Cond: (mi_idx.movie_id = t.id)
  ->  Seq Scan on movie_info_idx mi_idx  (cost=0.00..25185.44 rows=915101 width=4) (actual time=0.015..574.638 rows=919850 loops=1)
        Filter: (info_type_id < 101)
        Rows Removed by Filter: 460185
  ->  Hash  (cost=441229.37..441229.37 rows=185011 width=8) (actual time=7581.488..7581.488 rows=428566 loops=1)
        Buckets: 131072 (originally 131072)  Batches: 8 (originally 4)  Memory Usage: 3106kB
        ->  Hash Join  (cost=83810.17..441229.37 rows=185011 width=8) (actual time=2141.140..7452.501 rows=428566 loops=1)
              Hash Cond: (mi.movie_id = t.id)
              ->  Seq Scan on movie_info mi  (cost=0.00..346232.03 rows=473617 width=4) (actual time=593.966..5378.829 rows=486554 loops=1)
                    Filter: (info_type_id = 5)
                    Rows Removed by Filter: 14349166
              ->  Hash  (cost=67604.59..67604.59 rows=987727 width=4) (actual time=1546.013..1546.013 rows=985048 loops=1)
                    Buckets: 131072  Batches: 16  Memory Usage: 3197kB
                    ->  Seq Scan on title t  (cost=0.00..67604.59 rows=987727 width=4) (actual time=0.029..1223.973 rows=985048 loops=1)
                          Filter: (kind_id < 7)
                          Rows Removed by Filter: 1543264
Planning time: 0.921 ms
Execution time: 9196.141 ms
