Hash Join  (cost=96451.85..661653.22 rows=8003144 width=0) (actual time=2644.961..16458.096 rows=3782350 loops=1)
  Hash Cond: (mi.movie_id = t.id)
  ->  Seq Scan on movie_info mi  (cost=0.00..309384.22 rows=14739122 width=4) (actual time=0.023..6176.119 rows=14835720 loops=1)
  ->  Hash  (cost=73925.90..73925.90 rows=1372956 width=4) (actual time=2045.131..2045.131 rows=1450632 loops=1)
        Buckets: 131072  Batches: 32  Memory Usage: 2626kB
        ->  Seq Scan on title t  (cost=0.00..73925.90 rows=1372956 width=4) (actual time=0.012..1406.646 rows=1450632 loops=1)
              Filter: ((production_year > 1956) AND (kind_id = 7))
              Rows Removed by Filter: 1077680
Planning time: 1.261 ms
Execution time: 16891.625 ms
