Hash Join  (cost=477150.74..545309.77 rows=200541 width=0) (actual time=7803.951..9599.451 rows=589509 loops=1)
  Hash Cond: (mc.movie_id = t.id)
  ->  Seq Scan on movie_companies mc  (cost=0.00..51404.11 rows=1123068 width=4) (actual time=0.018..989.035 rows=1134035 loops=1)
        Filter: (company_id > 13496)
        Rows Removed by Filter: 1475094
  ->  Hash  (cost=469742.89..469742.89 rows=451508 width=8) (actual time=7803.022..7803.022 rows=474443 loops=1)
        Buckets: 131072  Batches: 8  Memory Usage: 3338kB
        ->  Hash Join  (cost=102767.86..469742.89 rows=451508 width=8) (actual time=6384.521..7670.477 rows=474443 loops=1)
              Hash Cond: (mi.movie_id = t.id)
              ->  Seq Scan on movie_info mi  (cost=0.00..346232.03 rows=451508 width=4) (actual time=4399.137..4958.830 rows=474443 loops=1)
                    Filter: (info_type_id = 6)
                    Rows Removed by Filter: 14361277
              ->  Hash  (cost=61283.27..61283.27 rows=2528527 width=4) (actual time=1983.942..1983.942 rows=2528312 loops=1)
                    Buckets: 131072  Batches: 64  Memory Usage: 2425kB
                    ->  Seq Scan on title t  (cost=0.00..61283.27 rows=2528527 width=4) (actual time=0.023..1072.646 rows=2528312 loops=1)
Planning time: 1.151 ms
Execution time: 9676.042 ms
