Hash Join  (cost=89201.08..587966.58 rows=3596413 width=0) (actual time=1664.770..13284.136 rows=2423636 loops=1)
  Hash Cond: (mi.movie_id = t.id)
  ->  Seq Scan on movie_info mi  (cost=0.00..346232.03 rows=9767026 width=4) (actual time=0.015..6652.147 rows=9911754 loops=1)
        Filter: (info_type_id > 4)
        Rows Removed by Filter: 4923966
  ->  Hash  (cost=73925.90..73925.90 rows=931054 width=4) (actual time=1663.682..1663.682 rows=852178 loops=1)
        Buckets: 131072  Batches: 16  Memory Usage: 2905kB
        ->  Seq Scan on title t  (cost=0.00..73925.90 rows=931054 width=4) (actual time=0.013..1375.346 rows=852178 loops=1)
              Filter: ((kind_id > 1) AND (production_year < 2004))
              Rows Removed by Filter: 1676134
Planning time: 0.744 ms
Execution time: 13513.672 ms
