Hash Join  (cost=491407.68..1609809.81 rows=3827301 width=0) (actual time=10178.364..41132.466 rows=7009126 loops=1)
  Hash Cond: (ci.movie_id = t.id)
  ->  Seq Scan on cast_info ci  (cost=0.00..614943.12 rows=36225612 width=4) (actual time=0.027..13158.358 rows=36244344 loops=1)
  ->  Hash  (cost=487024.40..487024.40 rows=267143 width=8) (actual time=10177.437..10177.437 rows=525126 loops=1)
        Buckets: 131072 (originally 131072)  Batches: 8 (originally 4)  Memory Usage: 3589kB
        ->  Hash Join  (cost=69484.36..487024.40 rows=267143 width=8) (actual time=2079.463..8981.166 rows=525126 loops=1)
              Hash Cond: (mi.movie_id = t.id)
              ->  Seq Scan on movie_info mi  (cost=0.00..346232.03 rows=5897221 width=4) (actual time=1082.441..5655.620 rows=5884963 loops=1)
                    Filter: (info_type_id < 7)
                    Rows Removed by Filter: 8950757
              ->  Hash  (cost=67604.59..67604.59 rows=114542 width=4) (actual time=894.549..894.549 rows=118234 loops=1)
                    Buckets: 131072  Batches: 2  Memory Usage: 3107kB
                    ->  Seq Scan on title t  (cost=0.00..67604.59 rows=114542 width=4) (actual time=0.023..851.122 rows=118234 loops=1)
                          Filter: (kind_id = 4)
                          Rows Removed by Filter: 2410078
Planning time: 1.232 ms
Execution time: 41916.198 ms
