Hash Join  (cost=365418.15..1292101.60 rows=10567646 width=0) (actual time=8651.387..32044.680 rows=36279830 loops=1)
  Hash Cond: (ci.movie_id = t.id)
  ->  Seq Scan on cast_info ci  (cost=0.00..705507.15 rows=5906497 width=4) (actual time=255.521..12196.736 rows=5819500 loops=1)
        Filter: (person_id < 563724)
        Rows Removed by Filter: 30424844
  ->  Hash  (cost=291197.02..291197.02 rows=4523930 width=8) (actual time=8394.505..8394.505 rows=4523930 loops=1)
        Buckets: 131072  Batches: 64  Memory Usage: 3816kB
        ->  Hash Join  (cost=102767.86..291197.02 rows=4523930 width=8) (actual time=1978.148..7072.705 rows=4523930 loops=1)
              Hash Cond: (mk.movie_id = t.id)
              ->  Seq Scan on movie_keyword mk  (cost=0.00..69693.30 rows=4523930 width=4) (actual time=0.032..1400.528 rows=4523930 loops=1)
              ->  Hash  (cost=61283.27..61283.27 rows=2528527 width=4) (actual time=1977.334..1977.334 rows=2528312 loops=1)
                    Buckets: 131072  Batches: 64  Memory Usage: 2425kB
                    ->  Seq Scan on title t  (cost=0.00..61283.27 rows=2528527 width=4) (actual time=0.015..1127.464 rows=2528312 loops=1)
Planning time: 0.999 ms
Execution time: 35847.999 ms
