Hash Join  (cost=221262.13..374080.02 rows=2529286 width=0) (actual time=5203.459..12610.149 rows=17063899 loops=1)
  Hash Cond: (mk.movie_id = t.id)
  ->  Seq Scan on movie_keyword mk  (cost=0.00..69693.30 rows=4523930 width=4) (actual time=0.027..1316.344 rows=4523930 loops=1)
  ->  Hash  (cost=198068.19..198068.19 rows=1413675 width=8) (actual time=5202.004..5202.004 rows=1420835 loops=1)
        Buckets: 131072  Batches: 32  Memory Usage: 2797kB
        ->  Hash Join  (cost=102767.86..198068.19 rows=1413675 width=8) (actual time=1872.429..4728.414 rows=1420835 loops=1)
              Hash Cond: (mc.movie_id = t.id)
              ->  Seq Scan on movie_companies mc  (cost=0.00..51404.11 rows=1413675 width=4) (actual time=34.272..1023.635 rows=1420835 loops=1)
                    Filter: (company_id > 10539)
                    Rows Removed by Filter: 1188294
              ->  Hash  (cost=61283.27..61283.27 rows=2528527 width=4) (actual time=1833.031..1833.031 rows=2528312 loops=1)
                    Buckets: 131072  Batches: 64  Memory Usage: 2415kB
                    ->  Seq Scan on title t  (cost=0.00..61283.27 rows=2528527 width=4) (actual time=0.020..991.047 rows=2528312 loops=1)
Planning time: 1.177 ms
Execution time: 14583.891 ms
