Hash Join  (cost=134423.71..218310.53 rows=3154 width=0) (actual time=2357.569..3750.495 rows=8280 loops=1)
  Hash Cond: (mk.movie_id = t.id)
  ->  Seq Scan on movie_keyword mk  (cost=0.00..81003.12 rows=760574 width=4) (actual time=0.015..1325.505 rows=767914 loops=1)
        Filter: (keyword_id > 24382)
        Rows Removed by Filter: 3756016
  ->  Hash  (cost=134292.63..134292.63 rows=10487 width=8) (actual time=2284.429..2284.429 rows=12883 loops=1)
        Buckets: 16384  Batches: 1  Memory Usage: 632kB
        ->  Hash Join  (cost=74747.02..134292.63 rows=10487 width=8) (actual time=1566.259..2279.628 rows=12883 loops=1)
              Hash Cond: (mc.movie_id = t.id)
              ->  Seq Scan on movie_companies mc  (cost=0.00..57926.93 rows=403681 width=4) (actual time=0.021..946.680 rows=578362 loops=1)
                    Filter: ((company_id < 1891) AND (company_type_id < 2))
                    Rows Removed by Filter: 2030767
              ->  Hash  (cost=73925.90..73925.90 rows=65689 width=4) (actual time=1169.671..1169.671 rows=74524 loops=1)
                    Buckets: 131072  Batches: 1  Memory Usage: 3644kB
                    ->  Seq Scan on title t  (cost=0.00..73925.90 rows=65689 width=4) (actual time=0.020..1139.225 rows=74524 loops=1)
                          Filter: ((kind_id = 7) AND (production_year = 2006))
                          Rows Removed by Filter: 2453788
Planning time: 1.240 ms
Execution time: 3751.678 ms
