Hash Join  (cost=76379.89..175981.69 rows=255279 width=0) (actual time=1379.636..3411.841 rows=115792 loops=1)
  Hash Cond: (mk.movie_id = t.id)
  ->  Seq Scan on movie_keyword mk  (cost=0.00..81003.12 rows=1206903 width=4) (actual time=0.031..1436.917 rows=1203672 loops=1)
        Filter: (keyword_id < 1512)
        Rows Removed by Filter: 3320258
  ->  Hash  (cost=67604.59..67604.59 rows=534824 width=4) (actual time=1378.200..1378.200 rows=533369 loops=1)
        Buckets: 131072  Batches: 8  Memory Usage: 3376kB
        ->  Seq Scan on title t  (cost=0.00..67604.59 rows=534824 width=4) (actual time=0.014..1201.678 rows=533369 loops=1)
              Filter: (production_year > 2009)
              Rows Removed by Filter: 1994943
Planning time: 0.745 ms
Execution time: 3425.335 ms
