Hash Join  (cost=161637.73..694834.83 rows=5003715 width=0) (actual time=3606.866..18889.294 rows=11204609 loops=1)
  Hash Cond: (mi.movie_id = t.id)
  ->  Seq Scan on movie_info mi  (cost=0.00..309384.22 rows=14739122 width=4) (actual time=0.024..5874.661 rows=14835720 loops=1)
  ->  Hash  (cost=147553.76..147553.76 rows=858398 width=8) (actual time=3605.267..3605.267 rows=785768 loops=1)
        Buckets: 131072  Batches: 16  Memory Usage: 2954kB
        ->  Hash Join  (cost=93408.25..147553.76 rows=858398 width=8) (actual time=1813.497..3379.209 rows=785768 loops=1)
              Hash Cond: (mi_idx.movie_id = t.id)
              ->  Seq Scan on movie_info_idx mi_idx  (cost=0.00..21735.35 rows=1380035 width=4) (actual time=0.019..426.633 rows=1380035 loops=1)
              ->  Hash  (cost=67604.59..67604.59 rows=1572773 width=4) (actual time=1811.302..1811.302 rows=1570568 loops=1)
                    Buckets: 131072  Batches: 32  Memory Usage: 2751kB
                    ->  Seq Scan on title t  (cost=0.00..67604.59 rows=1572773 width=4) (actual time=0.006..1310.231 rows=1570568 loops=1)
                          Filter: (production_year > 1996)
                          Rows Removed by Filter: 957744
Planning time: 1.130 ms
Execution time: 20047.577 ms
