Seq Scan on movie_companies mc  (cost=0.00..57926.93 rows=743044 width=0) (actual time=0.020..871.231 rows=463623 loops=1)
  Filter: ((company_id < 12995) AND (company_type_id > 1))
  Rows Removed by Filter: 2145506
Planning time: 0.347 ms
Execution time: 922.614 ms
