Nested Loop  (cost=0.43..52284.21 rows=38 width=0) (actual time=8.449..966.443 rows=514 loops=1)
  ->  Seq Scan on movie_companies mc  (cost=0.00..51404.11 rows=104 width=4) (actual time=7.600..909.758 rows=2248 loops=1)
        Filter: (company_id = 21)
        Rows Removed by Filter: 2606881
  ->  Index Scan using title_pkey on title t  (cost=0.43..8.45 rows=1 width=4) (actual time=0.024..0.025 rows=0 loops=2248)
        Index Cond: (id = mc.movie_id)
        Filter: ((production_year > 1997) AND (kind_id = 7))
        Rows Removed by Filter: 1
Planning time: 1.352 ms
Execution time: 966.677 ms
