Seq Scan on movie_companies mc  (cost=0.00..51404.11 rows=2609 width=0) (actual time=0.634..845.764 rows=2407 loops=1)
  Filter: (company_id = 119)
  Rows Removed by Filter: 2606722
Planning time: 0.406 ms
Execution time: 846.360 ms
