Hash Join  (cost=132541.79..868716.72 rows=7044 width=0) (actual time=2356.979..15796.134 rows=124403 loops=1)
  Hash Cond: (ci.movie_id = t.id)
  ->  Seq Scan on cast_info ci  (cost=0.00..705507.15 rows=8159293 width=4) (actual time=0.014..11476.982 rows=8114969 loops=1)
        Filter: (person_id > 2869734)
        Rows Removed by Filter: 28129375
  ->  Hash  (cost=132514.50..132514.50 rows=2183 width=8) (actual time=2356.639..2356.639 rows=13729 loops=1)
        Buckets: 16384 (originally 4096)  Batches: 1 (originally 1)  Memory Usage: 665kB
        ->  Hash Join  (cost=73962.22..132514.50 rows=2183 width=8) (actual time=1100.964..2350.678 rows=13729 loops=1)
              Hash Cond: (mc.movie_id = t.id)
              ->  Seq Scan on movie_companies mc  (cost=0.00..51404.11 rows=1900357 width=4) (actual time=0.019..891.670 rows=1894103 loops=1)
                    Filter: (company_id < 43324)
                    Rows Removed by Filter: 715026
              ->  Hash  (cost=73925.90..73925.90 rows=2905 width=4) (actual time=1100.859..1100.859 rows=9474 loops=1)
                    Buckets: 16384 (originally 4096)  Batches: 1 (originally 1)  Memory Usage: 462kB
                    ->  Seq Scan on title t  (cost=0.00..73925.90 rows=2905 width=4) (actual time=0.018..1096.252 rows=9474 loops=1)
                          Filter: ((kind_id < 7) AND (production_year = 1991))
                          Rows Removed by Filter: 2518838
Planning time: 7.680 ms
Execution time: 15814.444 ms
