Seq Scan on movie_companies mc  (cost=0.00..51404.11 rows=104 width=0) (actual time=475.764..815.208 rows=9 loops=1)
  Filter: (company_id = 83944)
  Rows Removed by Filter: 2609120
Planning time: 0.415 ms
Execution time: 815.288 ms
