Hash Join  (cost=101895.85..142834.66 rows=313470 width=0) (actual time=2170.036..3282.692 rows=249969 loops=1)
  Hash Cond: (mi_idx.movie_id = t.id)
  ->  Seq Scan on movie_info_idx mi_idx  (cost=0.00..25185.44 rows=464934 width=4) (actual time=0.025..531.321 rows=460185 loops=1)
        Filter: (info_type_id > 100)
        Rows Removed by Filter: 919850
  ->  Hash  (cost=73925.90..73925.90 rows=1704796 width=4) (actual time=2168.949..2168.949 rows=1799550 loops=1)
        Buckets: 131072  Batches: 32  Memory Usage: 3006kB
        ->  Seq Scan on title t  (cost=0.00..73925.90 rows=1704796 width=4) (actual time=0.011..1597.242 rows=1799550 loops=1)
              Filter: ((kind_id > 1) AND (production_year > 1941))
              Rows Removed by Filter: 728762
Planning time: 0.827 ms
Execution time: 3311.176 ms
