Hash Join  (cost=140621.64..214413.53 rows=138295 width=0) (actual time=2915.389..4742.595 rows=317953 loops=1)
  Hash Cond: (mc.movie_id = t.id)
  ->  Seq Scan on movie_companies mc  (cost=0.00..57926.93 rows=1149599 width=4) (actual time=0.024..1201.725 rows=976996 loops=1)
        Filter: ((company_id < 87315) AND (company_type_id > 1))
        Rows Removed by Filter: 1632133
  ->  Hash  (cost=135630.42..135630.42 rows=304178 width=8) (actual time=2914.512..2914.512 rows=356160 loops=1)
        Buckets: 131072 (originally 131072)  Batches: 8 (originally 4)  Memory Usage: 3073kB
        ->  Hash Join  (cost=94978.31..135630.42 rows=304178 width=8) (actual time=1762.949..2822.965 rows=356160 loops=1)
              Hash Cond: (mi_idx.movie_id = t.id)
              ->  Seq Scan on movie_info_idx mi_idx  (cost=0.00..25185.44 rows=460978 width=4) (actual time=0.013..473.019 rows=459925 loops=1)
                    Filter: (info_type_id < 100)
                    Rows Removed by Filter: 920110
              ->  Hash  (cost=67604.59..67604.59 rows=1668458 width=4) (actual time=1761.669..1761.669 rows=1671292 loops=1)
                    Buckets: 131072  Batches: 32  Memory Usage: 2858kB
                    ->  Seq Scan on title t  (cost=0.00..67604.59 rows=1668458 width=4) (actual time=0.012..1229.589 rows=1671292 loops=1)
                          Filter: (production_year < 2008)
                          Rows Removed by Filter: 857020
Planning time: 1.202 ms
Execution time: 4781.160 ms
