Hash Join  (cost=160454.66..241878.90 rows=462371 width=0) (actual time=3803.099..6417.586 rows=1354809 loops=1)
  Hash Cond: (mc.movie_id = t.id)
  ->  Seq Scan on movie_companies mc  (cost=0.00..44881.29 rows=2609129 width=4) (actual time=0.028..999.099 rows=2609129 loops=1)
  ->  Hash  (cost=153102.56..153102.56 rows=448088 width=8) (actual time=3802.171..3802.171 rows=459865 loops=1)
        Buckets: 131072  Batches: 8  Memory Usage: 3275kB
        ->  Hash Join  (cost=107928.35..153102.56 rows=448088 width=8) (actual time=2228.452..3674.196 rows=459865 loops=1)
              Hash Cond: (mi_idx.movie_id = t.id)
              ->  Seq Scan on movie_info_idx mi_idx  (cost=0.00..25185.44 rows=460978 width=4) (actual time=0.019..453.441 rows=459925 loops=1)
                    Filter: (info_type_id = 99)
                    Rows Removed by Filter: 920110
              ->  Hash  (cost=67604.59..67604.59 rows=2457821 width=4) (actual time=2226.738..2226.738 rows=2456218 loops=1)
                    Buckets: 131072  Batches: 64  Memory Usage: 2375kB
                    ->  Seq Scan on title t  (cost=0.00..67604.59 rows=2457821 width=4) (actual time=0.010..1400.839 rows=2456218 loops=1)
                          Filter: (production_year > 0)
                          Rows Removed by Filter: 72094
Planning time: 1.213 ms
Execution time: 6571.844 ms
