Seq Scan on title t  (cost=0.00..73925.90 rows=168901 width=0) (actual time=0.020..1238.607 rows=269915 loops=1)
  Filter: ((kind_id < 7) AND (production_year < 1974))
  Rows Removed by Filter: 2258397
Planning time: 0.345 ms
Execution time: 1274.759 ms
