Nested Loop  (cost=0.43..52283.95 rows=49 width=0) (actual time=118.137..792.852 rows=17 loops=1)
  ->  Seq Scan on movie_companies mc  (cost=0.00..51404.11 rows=104 width=4) (actual time=118.062..791.024 rows=17 loops=1)
        Filter: (company_id = 43939)
        Rows Removed by Filter: 2609112
  ->  Index Scan using title_pkey on title t  (cost=0.43..8.45 rows=1 width=4) (actual time=0.103..0.103 rows=1 loops=17)
        Index Cond: (id = mc.movie_id)
        Filter: (production_year < 2003)
Planning time: 0.677 ms
Execution time: 792.930 ms
