Hash Join  (cost=92883.59..164485.61 rows=246747 width=0) (actual time=2181.456..3034.305 rows=119690 loops=1)
  Hash Cond: (mc.movie_id = t.id)
  ->  Seq Scan on movie_companies mc  (cost=0.00..57926.93 rows=404924 width=4) (actual time=443.193..890.518 rows=230369 loops=1)
        Filter: ((company_id < 1700) AND (company_type_id = 2))
        Rows Removed by Filter: 2378760
  ->  Hash  (cost=67604.59..67604.59 rows=1540800 width=4) (actual time=1736.982..1736.982 rows=1543264 loops=1)
        Buckets: 131072  Batches: 32  Memory Usage: 2722kB
        ->  Seq Scan on title t  (cost=0.00..67604.59 rows=1540800 width=4) (actual time=0.021..1255.303 rows=1543264 loops=1)
              Filter: (kind_id = 7)
              Rows Removed by Filter: 985048
Planning time: 0.810 ms
Execution time: 3048.469 ms
