Nested Loop  (cost=0.43..83071.67 rows=246 width=0) (actual time=144.690..1229.943 rows=10 loops=1)
  ->  Seq Scan on movie_keyword mk  (cost=0.00..81003.12 rows=246 width=4) (actual time=144.632..1229.456 rows=10 loops=1)
        Filter: (keyword_id = 48815)
        Rows Removed by Filter: 4523920
  ->  Index Only Scan using title_pkey on title t  (cost=0.43..8.40 rows=1 width=4) (actual time=0.040..0.041 rows=1 loops=10)
        Index Cond: (id = mk.movie_id)
        Heap Fetches: 10
Planning time: 0.723 ms
Execution time: 1230.016 ms
