Hash Join  (cost=162646.59..1240100.65 rows=4249190 width=0) (actual time=4087.144..40983.597 rows=18635819 loops=1)
  Hash Cond: (ci.movie_id = t.id)
  ->  Seq Scan on cast_info ci  (cost=0.00..614943.12 rows=36225612 width=4) (actual time=0.020..13178.395 rows=36244344 loops=1)
  ->  Hash  (cost=157780.20..157780.20 rows=296591 width=8) (actual time=4086.221..4086.221 rows=819499 loops=1)
        Buckets: 131072 (originally 131072)  Batches: 8 (originally 4)  Memory Usage: 5045kB
        ->  Hash Join  (cost=78641.77..157780.20 rows=296591 width=8) (actual time=1306.592..3838.135 rows=819499 loops=1)
              Hash Cond: (mc.movie_id = t.id)
              ->  Seq Scan on movie_companies mc  (cost=0.00..44881.29 rows=2609129 width=4) (actual time=0.022..975.144 rows=2609129 loops=1)
              ->  Hash  (cost=73925.90..73925.90 rows=287429 width=4) (actual time=1305.747..1305.747 rows=401493 loops=1)
                    Buckets: 131072 (originally 131072)  Batches: 8 (originally 4)  Memory Usage: 3073kB
                    ->  Seq Scan on title t  (cost=0.00..73925.90 rows=287429 width=4) (actual time=0.018..1167.457 rows=401493 loops=1)
                          Filter: ((kind_id < 7) AND (production_year < 1992))
                          Rows Removed by Filter: 2126819
Planning time: 1.368 ms
Execution time: 43180.727 ms
