Hash Join  (cost=74690.97..442914.61 rows=356772 width=0) (actual time=1167.900..9952.100 rows=601390 loops=1)
  Hash Cond: (mi.movie_id = t.id)
  ->  Seq Scan on movie_info mi  (cost=0.00..309384.22 rows=14739122 width=4) (actual time=0.017..4281.305 rows=14835720 loops=1)
  ->  Hash  (cost=73925.90..73925.90 rows=61205 width=4) (actual time=1167.338..1167.338 rows=61581 loops=1)
        Buckets: 65536  Batches: 1  Memory Usage: 2677kB
        ->  Seq Scan on title t  (cost=0.00..73925.90 rows=61205 width=4) (actual time=0.027..1143.594 rows=61581 loops=1)
              Filter: ((kind_id < 2) AND (production_year > 2011))
              Rows Removed by Filter: 2466731
Planning time: 0.736 ms
Execution time: 10031.306 ms
