Hash Join  (cost=86300.63..1300848.46 rows=10378540 width=0) (actual time=1621.746..37974.391 rows=8219018 loops=1)
  Hash Cond: (ci.movie_id = t.id)
  ->  Seq Scan on cast_info ci  (cost=0.00..705507.15 rows=34794209 width=4) (actual time=0.015..16638.708 rows=34806977 loops=1)
        Filter: (person_id < 3780375)
        Rows Removed by Filter: 1437367
  ->  Hash  (cost=73925.90..73925.90 rows=754218 width=4) (actual time=1620.716..1620.716 rows=647556 loops=1)
        Buckets: 131072  Batches: 16  Memory Usage: 2451kB
        ->  Seq Scan on title t  (cost=0.00..73925.90 rows=754218 width=4) (actual time=0.014..1388.947 rows=647556 loops=1)
              Filter: ((kind_id > 1) AND (production_year < 2000))
              Rows Removed by Filter: 1880756
Planning time: 0.709 ms
Execution time: 38899.991 ms
