Hash Join  (cost=156632.57..273482.15 rows=466599 width=0) (actual time=3207.232..7369.054 rows=1957874 loops=1)
  Hash Cond: (mk.movie_id = t.id)
  ->  Seq Scan on movie_keyword mk  (cost=0.00..81003.12 rows=2539590 width=4) (actual time=0.020..1721.215 rows=2536025 loops=1)
        Filter: (keyword_id > 3511)
        Rows Removed by Filter: 1987905
  ->  Hash  (cost=149010.49..149010.49 rows=464566 width=8) (actual time=3206.234..3206.234 rows=459925 loops=1)
        Buckets: 131072  Batches: 8  Memory Usage: 3284kB
        ->  Hash Join  (cost=102767.86..149010.49 rows=464566 width=8) (actual time=1830.602..3061.758 rows=459925 loops=1)
              Hash Cond: (mi_idx.movie_id = t.id)
              ->  Seq Scan on movie_info_idx mi_idx  (cost=0.00..25185.44 rows=464566 width=4) (actual time=0.017..440.179 rows=459925 loops=1)
                    Filter: (info_type_id = 101)
                    Rows Removed by Filter: 920110
              ->  Hash  (cost=61283.27..61283.27 rows=2528527 width=4) (actual time=1829.317..1829.317 rows=2528312 loops=1)
                    Buckets: 131072  Batches: 64  Memory Usage: 2415kB
                    ->  Seq Scan on title t  (cost=0.00..61283.27 rows=2528527 width=4) (actual time=0.018..972.413 rows=2528312 loops=1)
Planning time: 1.198 ms
Execution time: 7626.422 ms
