Seq Scan on movie_companies mc  (cost=0.00..57926.93 rows=1034505 width=0) (actual time=170.122..1069.279 rows=1274246 loops=1)
  Filter: ((company_id < 74132) AND (company_type_id = 1))
  Rows Removed by Filter: 1334883
Planning time: 0.379 ms
Execution time: 1237.759 ms
