Hash Join  (cost=267398.46..878974.33 rows=10622704 width=0) (actual time=5852.882..38739.347 rows=88127098 loops=1)
  Hash Cond: (mi.movie_id = t.id)
  ->  Seq Scan on movie_info mi  (cost=0.00..309384.22 rows=14739122 width=4) (actual time=0.022..5800.612 rows=14835720 loops=1)
  ->  Hash  (cost=237500.12..237500.12 rows=1822347 width=8) (actual time=5850.138..5850.138 rows=1827679 loops=1)
        Buckets: 131072  Batches: 32  Memory Usage: 3326kB
        ->  Hash Join  (cost=102767.86..237500.12 rows=1822347 width=8) (actual time=1909.736..5294.476 rows=1827679 loops=1)
              Hash Cond: (mk.movie_id = t.id)
              ->  Seq Scan on movie_keyword mk  (cost=0.00..81003.12 rows=1822347 width=4) (actual time=0.029..1503.920 rows=1827679 loops=1)
                    Filter: (keyword_id < 3007)
                    Rows Removed by Filter: 2696251
              ->  Hash  (cost=61283.27..61283.27 rows=2528527 width=4) (actual time=1908.233..1908.233 rows=2528312 loops=1)
                    Buckets: 131072  Batches: 64  Memory Usage: 2425kB
                    ->  Seq Scan on title t  (cost=0.00..61283.27 rows=2528527 width=4) (actual time=0.014..1030.092 rows=2528312 loops=1)
Planning time: 1.200 ms
Execution time: 48301.072 ms
