Seq Scan on movie_keyword mk  (cost=0.00..81003.12 rows=2380217 width=0) (actual time=0.025..1601.635 rows=2371248 loops=1)
  Filter: (keyword_id > 4047)
  Rows Removed by Filter: 2152682
Planning time: 0.309 ms
Execution time: 1916.490 ms
