Seq Scan on cast_info ci  (cost=0.00..705507.15 rows=11008568 width=0) (actual time=31.160..11997.528 rows=10921284 loops=1)
  Filter: (person_id < 1073113)
  Rows Removed by Filter: 25323060
Planning time: 0.358 ms
Execution time: 13367.482 ms
