Seq Scan on movie_keyword mk  (cost=0.00..81003.12 rows=4121390 width=0) (actual time=0.025..1634.063 rows=4127039 loops=1)
  Filter: (keyword_id < 43569)
  Rows Removed by Filter: 396891
Planning time: 0.334 ms
Execution time: 2146.720 ms
