Seq Scan on movie_companies mc  (cost=0.00..51404.11 rows=1584547 width=0) (actual time=0.025..885.170 rows=1574694 loops=1)
  Filter: (company_id < 15427)
  Rows Removed by Filter: 1034435
Planning time: 0.327 ms
Execution time: 1095.931 ms
