Hash Join  (cost=101304.71..466561.92 rows=60127 width=0) (actual time=1643.090..8785.588 rows=186 loops=1)
  Hash Cond: (mi.movie_id = t.id)
  ->  Seq Scan on movie_info mi  (cost=0.00..309384.22 rows=14739122 width=4) (actual time=0.012..4319.094 rows=14835720 loops=1)
  ->  Hash  (cost=101175.77..101175.77 rows=10315 width=8) (actual time=1606.321..1606.321 rows=27 loops=1)
        Buckets: 16384  Batches: 1  Memory Usage: 130kB
        ->  Hash Join  (cost=74162.14..101175.77 rows=10315 width=8) (actual time=1090.376..1606.270 rows=27 loops=1)
              Hash Cond: (mi_idx.movie_id = t.id)
              ->  Seq Scan on movie_info_idx mi_idx  (cost=0.00..21735.35 rows=1380035 width=4) (actual time=0.014..302.907 rows=1380035 loops=1)
              ->  Hash  (cost=73925.90..73925.90 rows=18899 width=4) (actual time=1030.917..1030.917 rows=21 loops=1)
                    Buckets: 32768  Batches: 1  Memory Usage: 257kB
                    ->  Seq Scan on title t  (cost=0.00..73925.90 rows=18899 width=4) (actual time=716.414..1030.871 rows=21 loops=1)
                          Filter: ((production_year < 1973) AND (kind_id = 4))
                          Rows Removed by Filter: 2528291
Planning time: 1.584 ms
Execution time: 8785.835 ms
