Hash Join  (cost=102767.86..168946.20 rows=203460 width=0) (actual time=2213.004..3644.153 rows=203291 loops=1)
  Hash Cond: (mc.movie_id = t.id)
  ->  Seq Scan on movie_companies mc  (cost=0.00..51404.11 rows=203460 width=4) (actual time=0.039..897.228 rows=203291 loops=1)
        Filter: (company_id < 67)
        Rows Removed by Filter: 2405838
  ->  Hash  (cost=61283.27..61283.27 rows=2528527 width=4) (actual time=2212.190..2212.190 rows=2528312 loops=1)
        Buckets: 131072  Batches: 64  Memory Usage: 2415kB
        ->  Seq Scan on title t  (cost=0.00..61283.27 rows=2528527 width=4) (actual time=0.017..1044.680 rows=2528312 loops=1)
Planning time: 0.723 ms
Execution time: 3668.279 ms
