Hash Join  (cost=91879.05..870314.65 rows=1869754 width=0) (actual time=1671.173..17983.739 rows=1654826 loops=1)
  Hash Cond: (ci.movie_id = t.id)
  ->  Seq Scan on cast_info ci  (cost=0.00..705507.15 rows=4320508 width=4) (actual time=0.020..13721.060 rows=4323018 loops=1)
        Filter: (role_id = 10)
        Rows Removed by Filter: 31921326
  ->  Hash  (cost=73925.90..73925.90 rows=1094252 width=4) (actual time=1670.001..1670.001 rows=1044222 loops=1)
        Buckets: 131072  Batches: 16  Memory Usage: 3319kB
        ->  Seq Scan on title t  (cost=0.00..73925.90 rows=1094252 width=4) (actual time=0.021..1352.182 rows=1044222 loops=1)
              Filter: ((production_year < 2009) AND (kind_id = 7))
              Rows Removed by Filter: 1484090
Planning time: 0.820 ms
Execution time: 18162.113 ms
