Seq Scan on title t  (cost=0.00..73925.90 rows=337 width=0) (actual time=74.662..924.827 rows=1974 loops=1)
  Filter: ((kind_id = 4) AND (production_year = 1992))
  Rows Removed by Filter: 2526338
Planning time: 0.410 ms
Execution time: 925.473 ms
