Hash Join  (cost=125192.68..976452.14 rows=342580 width=0) (actual time=2651.106..18581.892 rows=582446 loops=1)
  Hash Cond: (ci.movie_id = t.id)
  ->  Seq Scan on cast_info ci  (cost=0.00..796071.18 rows=4410262 width=4) (actual time=14.728..14174.345 rows=3647756 loops=1)
        Filter: ((person_id < 2211325) AND (role_id = 2))
        Rows Removed by Filter: 32596588
  ->  Hash  (cost=121969.54..121969.54 rows=196411 width=8) (actual time=2624.964..2624.964 rows=238551 loops=1)
        Buckets: 131072  Batches: 4  Memory Usage: 3360kB
        ->  Hash Join  (cost=85280.32..121969.54 rows=196411 width=8) (actual time=1544.503..2546.720 rows=238551 loops=1)
              Hash Cond: (mi_idx.movie_id = t.id)
              ->  Seq Scan on movie_info_idx mi_idx  (cost=0.00..25185.44 rows=460978 width=4) (actual time=0.022..447.454 rows=459925 loops=1)
                    Filter: (info_type_id = 99)
                    Rows Removed by Filter: 920110
              ->  Hash  (cost=67604.59..67604.59 rows=1077339 width=4) (actual time=1543.596..1543.596 rows=1074765 loops=1)
                    Buckets: 131072  Batches: 16  Memory Usage: 3388kB
                    ->  Seq Scan on title t  (cost=0.00..67604.59 rows=1077339 width=4) (actual time=0.045..1211.520 rows=1074765 loops=1)
                          Filter: (production_year < 2001)
                          Rows Removed by Filter: 1453547
Planning time: 1.222 ms
Execution time: 18649.007 ms
