Hash Join  (cost=69460.45..974944.77 rows=743204 width=0) (actual time=1302.548..21478.975 rows=787709 loops=1)
  Hash Cond: (ci.movie_id = t.id)
  ->  Seq Scan on cast_info ci  (cost=0.00..705507.15 rows=16614169 width=4) (actual time=15.919..13914.823 rows=16467150 loops=1)
        Filter: (person_id < 1630613)
        Rows Removed by Filter: 19777194
  ->  Hash  (cost=67604.59..67604.59 rows=113109 width=4) (actual time=1161.517..1161.517 rows=119565 loops=1)
        Buckets: 131072  Batches: 2  Memory Usage: 3115kB
        ->  Seq Scan on title t  (cost=0.00..67604.59 rows=113109 width=4) (actual time=0.034..1118.175 rows=119565 loops=1)
              Filter: (production_year = 2007)
              Rows Removed by Filter: 2408747
Planning time: 0.766 ms
Execution time: 21573.897 ms
