Hash Join  (cost=894707.17..982279.38 rows=91417 width=0) (actual time=14972.525..17354.038 rows=166019 loops=1)
  Hash Cond: (mk.movie_id = t.id)
  ->  Seq Scan on movie_keyword mk  (cost=0.00..69693.30 rows=4523930 width=4) (actual time=0.029..917.228 rows=4523930 loops=1)
  ->  Hash  (cost=894068.48..894068.48 rows=51095 width=8) (actual time=14971.895..14971.895 rows=90693 loops=1)
        Buckets: 131072 (originally 65536)  Batches: 2 (originally 1)  Memory Usage: 3073kB
        ->  Hash Join  (cost=91850.92..894068.48 rows=51095 width=8) (actual time=11745.894..14939.591 rows=90693 loops=1)
              Hash Cond: (ci.movie_id = t.id)
              ->  Seq Scan on cast_info ci  (cost=0.00..796071.18 rows=118250 width=4) (actual time=9580.769..12432.275 rows=235073 loops=1)
                    Filter: ((person_id > 2454146) AND (role_id > 10))
                    Rows Removed by Filter: 36009271
              ->  Hash  (cost=73925.90..73925.90 rows=1092561 width=4) (actual time=2164.011..2164.011 rows=1195337 loops=1)
                    Buckets: 131072  Batches: 16  Memory Usage: 3656kB
                    ->  Seq Scan on title t  (cost=0.00..73925.90 rows=1092561 width=4) (actual time=0.024..1505.350 rows=1195337 loops=1)
                          Filter: ((kind_id > 1) AND (production_year > 1998))
                          Rows Removed by Filter: 1332975
Planning time: 1.211 ms
Execution time: 17374.979 ms
