Seq Scan on movie_keyword mk  (cost=0.00..81003.12 rows=246 width=0) (actual time=10.515..1296.468 rows=143 loops=1)
  Filter: (keyword_id = 18688)
  Rows Removed by Filter: 4523787
Planning time: 0.364 ms
Execution time: 1296.669 ms
