Hash Join  (cost=237434.07..805293.36 rows=5505914 width=0) (actual time=6443.413..47130.943 rows=126309013 loops=1)
  Hash Cond: (mi.movie_id = t.id)
  ->  Seq Scan on movie_info mi  (cost=0.00..346232.03 rows=12665229 width=4) (actual time=0.018..7277.358 rows=12744652 loops=1)
        Filter: (info_type_id > 2)
        Rows Removed by Filter: 2091068
  ->  Hash  (cost=219399.85..219399.85 rows=1099218 width=8) (actual time=6442.387..6442.387 rows=1926005 loops=1)
        Buckets: 131072 (originally 131072)  Batches: 32 (originally 16)  Memory Usage: 3472kB
        ->  Hash Join  (cost=84005.63..219399.85 rows=1099218 width=8) (actual time=1438.230..5808.390 rows=1926005 loops=1)
              Hash Cond: (mk.movie_id = t.id)
              ->  Seq Scan on movie_keyword mk  (cost=0.00..69693.30 rows=4523930 width=4) (actual time=0.009..1476.002 rows=4523930 loops=1)
              ->  Hash  (cost=73925.90..73925.90 rows=614378 width=4) (actual time=1436.747..1436.747 rows=520376 loops=1)
                    Buckets: 131072  Batches: 16  Memory Usage: 2170kB
                    ->  Seq Scan on title t  (cost=0.00..73925.90 rows=614378 width=4) (actual time=0.013..1259.403 rows=520376 loops=1)
                          Filter: ((kind_id < 7) AND (production_year > 1996))
                          Rows Removed by Filter: 2007936
Planning time: 1.166 ms
Execution time: 60465.596 ms
