Hash Join  (cost=359518.72..1932013.25 rows=40180198 width=0) (actual time=8613.287..71870.703 rows=136525867 loops=1)
  Hash Cond: (ci.movie_id = t.id)
  ->  Seq Scan on cast_info ci  (cost=0.00..796071.18 rows=23355246 width=4) (actual time=0.015..19839.814 rows=23527534 loops=1)
        Filter: ((person_id > 21842) AND (role_id > 1))
        Rows Removed by Filter: 12716810
  ->  Hash  (cost=288149.97..288149.97 rows=4350060 width=8) (actual time=8611.943..8611.943 rows=4491605 loops=1)
        Buckets: 131072  Batches: 64  Memory Usage: 3792kB
        ->  Hash Join  (cost=107494.42..288149.97 rows=4350060 width=8) (actual time=2342.431..7320.596 rows=4491605 loops=1)
              Hash Cond: (mk.movie_id = t.id)
              ->  Seq Scan on movie_keyword mk  (cost=0.00..69693.30 rows=4523930 width=4) (actual time=0.013..1383.505 rows=4523930 loops=1)
              ->  Hash  (cost=67604.59..67604.59 rows=2431347 width=4) (actual time=2340.600..2340.600 rows=2427113 loops=1)
                    Buckets: 131072  Batches: 32  Memory Usage: 3700kB
                    ->  Seq Scan on title t  (cost=0.00..67604.59 rows=2431347 width=4) (actual time=0.025..1542.248 rows=2427113 loops=1)
                          Filter: (production_year > 1910)
                          Rows Removed by Filter: 101199
Planning time: 1.238 ms
Execution time: 86633.654 ms
