Hash Join  (cost=101640.01..156396.18 rows=9065 width=0) (actual time=1751.068..3006.260 rows=36617 loops=1)
  Hash Cond: (mc.movie_id = t.id)
  ->  Seq Scan on movie_companies mc  (cost=0.00..44881.29 rows=2609129 width=4) (actual time=0.014..660.392 rows=2609129 loops=1)
  ->  Hash  (cost=101530.20..101530.20 rows=8785 width=8) (actual time=1750.859..1750.859 rows=10594 loops=1)
        Buckets: 16384  Batches: 1  Memory Usage: 542kB
        ->  Hash Join  (cost=74528.24..101530.20 rows=8785 width=8) (actual time=1196.571..1746.469 rows=10594 loops=1)
              Hash Cond: (mi_idx.movie_id = t.id)
              ->  Seq Scan on movie_info_idx mi_idx  (cost=0.00..25185.44 rows=460978 width=4) (actual time=0.023..421.157 rows=459925 loops=1)
                    Filter: (info_type_id < 100)
                    Rows Removed by Filter: 920110
              ->  Hash  (cost=73925.90..73925.90 rows=48187 width=4) (actual time=1196.111..1196.111 rows=42764 loops=1)
                    Buckets: 65536  Batches: 1  Memory Usage: 2016kB
                    ->  Seq Scan on title t  (cost=0.00..73925.90 rows=48187 width=4) (actual time=0.072..1179.035 rows=42764 loops=1)
                          Filter: ((kind_id < 3) AND (production_year = 2011))
                          Rows Removed by Filter: 2485548
Planning time: 1.197 ms
Execution time: 3011.823 ms
