Seq Scan on movie_keyword mk  (cost=0.00..81003.12 rows=1871988 width=0) (actual time=0.025..1464.555 rows=1880483 loops=1)
  Filter: (keyword_id > 7282)
  Rows Removed by Filter: 2643447
Planning time: 0.334 ms
Execution time: 1709.772 ms
