Hash Join  (cost=97725.07..208817.25 rows=828894 width=0) (actual time=1906.794..4380.051 rows=753590 loops=1)
  Hash Cond: (mk.movie_id = t.id)
  ->  Seq Scan on movie_keyword mk  (cost=0.00..81003.12 rows=1141622 width=4) (actual time=0.024..1408.506 rows=1153148 loops=1)
        Filter: (keyword_id < 1326)
        Rows Removed by Filter: 3370782
  ->  Hash  (cost=67604.59..67604.59 rows=1835879 width=4) (actual time=1905.937..1905.937 rows=1833367 loops=1)
        Buckets: 131072  Batches: 32  Memory Usage: 3053kB
        ->  Seq Scan on title t  (cost=0.00..67604.59 rows=1835879 width=4) (actual time=0.023..1289.128 rows=1833367 loops=1)
              Filter: (production_year > 1986)
              Rows Removed by Filter: 694945
Planning time: 0.800 ms
Execution time: 4467.034 ms
