Hash Join  (cost=102205.59..145457.64 rows=387479 width=0) (actual time=2567.356..3772.785 rows=390088 loops=1)
  Hash Cond: (mi_idx.movie_id = t.id)
  ->  Seq Scan on movie_info_idx mi_idx  (cost=0.00..25185.44 rows=464566 width=4) (actual time=0.032..491.641 rows=459925 loops=1)
        Filter: (info_type_id = 101)
        Rows Removed by Filter: 920110
  ->  Hash  (cost=67604.59..67604.59 rows=2108960 width=4) (actual time=2566.181..2566.181 rows=2104137 loops=1)
        Buckets: 131072  Batches: 32  Memory Usage: 3341kB
        ->  Seq Scan on title t  (cost=0.00..67604.59 rows=2108960 width=4) (actual time=0.029..1371.046 rows=2104137 loops=1)
              Filter: (production_year > 1968)
              Rows Removed by Filter: 424175
Planning time: 0.830 ms
Execution time: 3817.771 ms
