Seq Scan on movie_keyword mk  (cost=0.00..81003.12 rows=246 width=0) (actual time=4.485..1195.879 rows=54 loops=1)
  Filter: (keyword_id = 27228)
  Rows Removed by Filter: 4523876
Planning time: 0.420 ms
Execution time: 1196.017 ms
