Seq Scan on movie_companies mc  (cost=0.00..57926.93 rows=313119 width=0) (actual time=294.359..906.039 rows=454362 loops=1)
  Filter: ((company_id < 846) AND (company_type_id = 1))
  Rows Removed by Filter: 2154767
Planning time: 0.577 ms
Execution time: 963.695 ms
