Hash Join  (cost=102767.86..1138025.90 rows=9529653 width=0) (actual time=1909.569..28206.360 rows=11986974 loops=1)
  Hash Cond: (ci.movie_id = t.id)
  ->  Seq Scan on cast_info ci  (cost=0.00..796071.18 rows=9529653 width=4) (actual time=0.030..15912.853 rows=11986974 loops=1)
        Filter: ((person_id > 1461532) AND (role_id > 2))
        Rows Removed by Filter: 24257370
  ->  Hash  (cost=61283.27..61283.27 rows=2528527 width=4) (actual time=1908.762..1908.762 rows=2528312 loops=1)
        Buckets: 131072  Batches: 64  Memory Usage: 2415kB
        ->  Seq Scan on title t  (cost=0.00..61283.27 rows=2528527 width=4) (actual time=0.016..1070.739 rows=2528312 loops=1)
Planning time: 0.775 ms
Execution time: 29596.488 ms
