Seq Scan on movie_keyword mk  (cost=0.00..81003.12 rows=1174585 width=0) (actual time=0.023..1367.285 rows=1177572 loops=1)
  Filter: (keyword_id < 1391)
  Rows Removed by Filter: 3346358
Planning time: 0.240 ms
Execution time: 1515.267 ms
