Hash Join  (cost=156487.41..875788.96 rows=163347 width=0) (actual time=11562.869..16510.106 rows=335981 loops=1)
  Hash Cond: (ci.movie_id = t.id)
  ->  Seq Scan on cast_info ci  (cost=0.00..705507.15 rows=895980 width=4) (actual time=8111.076..12448.211 rows=898389 loops=1)
        Filter: (role_id = 5)
        Rows Removed by Filter: 35345955
  ->  Hash  (cost=148924.19..148924.19 rows=460978 width=8) (actual time=3450.973..3450.973 rows=459925 loops=1)
        Buckets: 131072  Batches: 8  Memory Usage: 3275kB
        ->  Hash Join  (cost=102767.86..148924.19 rows=460978 width=8) (actual time=2092.214..3331.494 rows=459925 loops=1)
              Hash Cond: (mi_idx.movie_id = t.id)
              ->  Seq Scan on movie_info_idx mi_idx  (cost=0.00..25185.44 rows=460978 width=4) (actual time=0.035..470.219 rows=459925 loops=1)
                    Filter: (info_type_id = 99)
                    Rows Removed by Filter: 920110
              ->  Hash  (cost=61283.27..61283.27 rows=2528527 width=4) (actual time=2091.138..2091.138 rows=2528312 loops=1)
                    Buckets: 131072  Batches: 64  Memory Usage: 2415kB
                    ->  Seq Scan on title t  (cost=0.00..61283.27 rows=2528527 width=4) (actual time=0.012..1005.329 rows=2528312 loops=1)
Planning time: 0.734 ms
Execution time: 16550.718 ms
