Hash Join  (cost=74698.31..138291.94 rows=51228 width=0) (actual time=1933.865..2093.455 rows=1208 loops=1)
  Hash Cond: (mc.movie_id = t.id)
  ->  Seq Scan on movie_companies mc  (cost=0.00..57926.93 rows=299577 width=4) (actual time=737.629..823.377 rows=8284 loops=1)
        Filter: ((company_id > 63472) AND (company_type_id < 2))
        Rows Removed by Filter: 2600845
  ->  Hash  (cost=67604.59..67604.59 rows=432378 width=4) (actual time=1194.659..1194.659 rows=423779 loops=1)
        Buckets: 131072  Batches: 8  Memory Usage: 2885kB
        ->  Seq Scan on title t  (cost=0.00..67604.59 rows=432378 width=4) (actual time=0.028..1061.448 rows=423779 loops=1)
              Filter: (production_year < 1974)
              Rows Removed by Filter: 2104533
Planning time: 5.189 ms
Execution time: 2093.721 ms
