Hash Join  (cost=164960.81..701406.06 rows=5308133 width=0) (actual time=3750.997..21233.792 rows=16816470 loops=1)
  Hash Cond: (mi.movie_id = t.id)
  ->  Seq Scan on movie_info mi  (cost=0.00..309384.22 rows=14739122 width=4) (actual time=0.024..6062.476 rows=14835720 loops=1)
  ->  Hash  (cost=150020.05..150020.05 rows=910621 width=8) (actual time=3750.048..3750.048 rows=1068706 loops=1)
        Buckets: 131072  Batches: 16  Memory Usage: 3662kB
        ->  Hash Join  (cost=94978.31..150020.05 rows=910621 width=8) (actual time=1740.732..3420.902 rows=1068706 loops=1)
              Hash Cond: (mi_idx.movie_id = t.id)
              ->  Seq Scan on movie_info_idx mi_idx  (cost=0.00..21735.35 rows=1380035 width=4) (actual time=0.019..400.660 rows=1380035 loops=1)
              ->  Hash  (cost=67604.59..67604.59 rows=1668458 width=4) (actual time=1739.186..1739.186 rows=1671292 loops=1)
                    Buckets: 131072  Batches: 32  Memory Usage: 2858kB
                    ->  Seq Scan on title t  (cost=0.00..67604.59 rows=1668458 width=4) (actual time=0.017..1179.694 rows=1671292 loops=1)
                          Filter: (production_year < 2008)
                          Rows Removed by Filter: 857020
Planning time: 1.219 ms
Execution time: 23069.323 ms
