Hash Join  (cost=298619.76..976602.62 rows=15119613 width=0) (actual time=6239.933..51492.262 rows=140817081 loops=1)
  Hash Cond: (mi.movie_id = t.id)
  ->  Seq Scan on movie_info mi  (cost=0.00..309384.22 rows=14739122 width=4) (actual time=0.026..6258.729 rows=14835720 loops=1)
  ->  Hash  (cost=256064.25..256064.25 rows=2593801 width=8) (actual time=6237.902..6237.902 rows=2577402 loops=1)
        Buckets: 131072  Batches: 64  Memory Usage: 2698kB
        ->  Hash Join  (cost=102767.86..256064.25 rows=2593801 width=8) (actual time=2000.116..5627.036 rows=2577402 loops=1)
              Hash Cond: (mk.movie_id = t.id)
              ->  Seq Scan on movie_keyword mk  (cost=0.00..81003.12 rows=2593801 width=4) (actual time=0.029..1587.265 rows=2577402 loops=1)
                    Filter: (keyword_id > 3361)
                    Rows Removed by Filter: 1946528
              ->  Hash  (cost=61283.27..61283.27 rows=2528527 width=4) (actual time=1998.246..1998.246 rows=2528312 loops=1)
                    Buckets: 131072  Batches: 64  Memory Usage: 2425kB
                    ->  Seq Scan on title t  (cost=0.00..61283.27 rows=2528527 width=4) (actual time=0.016..1142.421 rows=2528312 loops=1)
Planning time: 1.426 ms
Execution time: 67110.379 ms
