Hash Join  (cost=91235.85..1112653.02 rows=8267822 width=0) (actual time=4694.035..29023.919 rows=10074446 loops=1)
  Hash Cond: (ci.movie_id = t.id)
  ->  Seq Scan on cast_info ci  (cost=0.00..705507.15 rows=19814879 width=4) (actual time=2961.065..14394.376 rows=19971583 loops=1)
        Filter: (person_id > 1611063)
        Rows Removed by Filter: 16272761
  ->  Hash  (cost=73925.90..73925.90 rows=1055036 width=4) (actual time=1731.750..1731.750 rows=1152351 loops=1)
        Buckets: 131072  Batches: 16  Memory Usage: 3561kB
        ->  Seq Scan on title t  (cost=0.00..73925.90 rows=1055036 width=4) (actual time=0.030..1363.896 rows=1152351 loops=1)
              Filter: ((kind_id > 1) AND (production_year > 1999))
              Rows Removed by Filter: 1375961
Planning time: 0.602 ms
Execution time: 30121.849 ms
