Seq Scan on movie_keyword mk  (cost=0.00..81003.12 rows=246 width=0) (actual time=2.945..1222.117 rows=434 loops=1)
  Filter: (keyword_id = 2750)
  Rows Removed by Filter: 4523496
Planning time: 0.400 ms
Execution time: 1222.445 ms
