Hash Join  (cost=83074.05..833876.40 rows=1321 width=0) (actual time=1340.657..16988.289 rows=3148 loops=1)
  Hash Cond: (ci.movie_id = t.id)
  ->  Seq Scan on cast_info ci  (cost=0.00..614943.12 rows=36225612 width=4) (actual time=0.017..8791.747 rows=36244344 loops=1)
  ->  Hash  (cost=83072.90..83072.90 rows=92 width=8) (actual time=1332.110..1332.110 rows=127 loops=1)
        Buckets: 1024  Batches: 1  Memory Usage: 13kB
        ->  Nested Loop  (cost=0.43..83072.90 rows=92 width=8) (actual time=225.629..1331.988 rows=127 loops=1)
              ->  Seq Scan on movie_keyword mk  (cost=0.00..81003.12 rows=246 width=4) (actual time=0.524..1241.035 rows=2563 loops=1)
                    Filter: (keyword_id = 2830)
                    Rows Removed by Filter: 4521367
              ->  Index Scan using title_pkey on title t  (cost=0.43..8.40 rows=1 width=4) (actual time=0.035..0.035 rows=0 loops=2563)
                    Index Cond: (id = mk.movie_id)
                    Filter: ((production_year < 2007) AND (kind_id = 7))
                    Rows Removed by Filter: 1
Planning time: 1.338 ms
Execution time: 16990.219 ms
