Hash Join  (cost=106153.60..861941.95 rows=499913 width=0) (actual time=2057.567..20362.886 rows=1171458 loops=1)
  Hash Cond: (ci.movie_id = t.id)
  ->  Seq Scan on cast_info ci  (cost=0.00..614943.12 rows=36225612 width=4) (actual time=0.020..8545.875 rows=36244344 loops=1)
  ->  Hash  (cost=105717.43..105717.43 rows=34894 width=8) (actual time=2056.968..2056.968 rows=38581 loops=1)
        Buckets: 65536  Batches: 1  Memory Usage: 2020kB
        ->  Hash Join  (cost=69179.59..105717.43 rows=34894 width=8) (actual time=1164.507..2043.292 rows=38581 loops=1)
              Hash Cond: (mi_idx.movie_id = t.id)
              ->  Seq Scan on movie_info_idx mi_idx  (cost=0.00..25185.44 rows=919057 width=4) (actual time=0.012..541.504 rows=920110 loops=1)
                    Filter: (info_type_id > 99)
                    Rows Removed by Filter: 459925
              ->  Hash  (cost=67604.59..67604.59 rows=96000 width=4) (actual time=1163.872..1163.872 rows=95005 loops=1)
                    Buckets: 131072  Batches: 2  Memory Usage: 2716kB
                    ->  Seq Scan on title t  (cost=0.00..67604.59 rows=96000 width=4) (actual time=0.005..1127.271 rows=95005 loops=1)
                          Filter: (production_year = 2005)
                          Rows Removed by Filter: 2433307
Planning time: 1.106 ms
Execution time: 20515.329 ms
