Hash Join  (cost=98347.17..643540.54 rows=7022578 width=0) (actual time=1969.484..15900.550 rows=5926005 loops=1)
  Hash Cond: (mi.movie_id = t.id)
  ->  Seq Scan on movie_info mi  (cost=0.00..346232.03 rows=9476311 width=4) (actual time=0.017..6715.023 rows=9565151 loops=1)
        Filter: (info_type_id < 16)
        Rows Removed by Filter: 5270569
  ->  Hash  (cost=67604.59..67604.59 rows=1873807 width=4) (actual time=1967.970..1967.970 rows=1871198 loops=1)
        Buckets: 131072  Batches: 32  Memory Usage: 3097kB
        ->  Seq Scan on title t  (cost=0.00..67604.59 rows=1873807 width=4) (actual time=0.008..1346.991 rows=1871198 loops=1)
              Filter: (production_year > 1984)
              Rows Removed by Filter: 657114
Planning time: 0.516 ms
Execution time: 16525.592 ms
