Seq Scan on movie_keyword mk  (cost=0.00..81003.12 rows=1143085 width=0) (actual time=0.021..1272.192 rows=1152097 loops=1)
  Filter: (keyword_id > 16167)
  Rows Removed by Filter: 3371833
Planning time: 0.350 ms
Execution time: 1409.771 ms
