Seq Scan on movie_keyword mk  (cost=0.00..81003.12 rows=3882995 width=0) (actual time=0.033..1559.086 rows=3871270 loops=1)
  Filter: (keyword_id < 28809)
  Rows Removed by Filter: 652660
Planning time: 0.351 ms
Execution time: 2042.502 ms
