Hash Join  (cost=83743.23..155671.46 rows=198139 width=0) (actual time=1309.741..3034.629 rows=413948 loops=1)
  Hash Cond: (mc.movie_id = t.id)
  ->  Seq Scan on movie_companies mc  (cost=0.00..57926.93 rows=837307 width=4) (actual time=0.023..1052.896 rows=1047784 loops=1)
        Filter: ((company_id > 4064) AND (company_type_id = 2))
        Rows Removed by Filter: 1561345
  ->  Hash  (cost=73925.90..73925.90 rows=598346 width=4) (actual time=1308.919..1308.919 rows=507407 loops=1)
        Buckets: 131072  Batches: 8  Memory Usage: 3251kB
        ->  Seq Scan on title t  (cost=0.00..73925.90 rows=598346 width=4) (actual time=0.022..1153.546 rows=507407 loops=1)
              Filter: ((kind_id < 7) AND (production_year > 1997))
              Rows Removed by Filter: 2020905
Planning time: 0.800 ms
Execution time: 3087.116 ms
