Hash Join  (cost=101631.31..856150.60 rows=373017 width=0) (actual time=1727.055..19933.047 rows=676509 loops=1)
  Hash Cond: (ci.movie_id = t.id)
  ->  Seq Scan on cast_info ci  (cost=0.00..614943.12 rows=36225612 width=4) (actual time=0.016..8823.344 rows=36244344 loops=1)
  ->  Hash  (cost=101305.86..101305.86 rows=26036 width=8) (actual time=1726.776..1726.776 rows=20233 loops=1)
        Buckets: 32768  Batches: 1  Memory Usage: 1047kB
        ->  Hash Join  (cost=69928.56..101305.86 rows=26036 width=8) (actual time=1069.229..1718.365 rows=20233 loops=1)
              Hash Cond: (mi_idx.movie_id = t.id)
              ->  Seq Scan on movie_info_idx mi_idx  (cost=0.00..25185.44 rows=464934 width=4) (actual time=0.022..434.539 rows=460185 loops=1)
                    Filter: (info_type_id > 100)
                    Rows Removed by Filter: 919850
              ->  Hash  (cost=67604.59..67604.59 rows=141598 width=4) (actual time=1068.474..1068.474 rows=141703 loops=1)
                    Buckets: 131072  Batches: 2  Memory Usage: 3511kB
                    ->  Seq Scan on title t  (cost=0.00..67604.59 rows=141598 width=4) (actual time=0.012..1016.324 rows=141703 loops=1)
                          Filter: (production_year = 2010)
                          Rows Removed by Filter: 2386609
Planning time: 1.154 ms
Execution time: 20034.537 ms
