Nested Loop  (cost=0.43..83072.29 rows=65 width=0) (actual time=2.843..1257.121 rows=422 loops=1)
  ->  Seq Scan on movie_keyword mk  (cost=0.00..81003.12 rows=246 width=4) (actual time=2.814..1242.352 rows=571 loops=1)
        Filter: (keyword_id = 3853)
        Rows Removed by Filter: 4523359
  ->  Index Scan using title_pkey on title t  (cost=0.43..8.40 rows=1 width=4) (actual time=0.024..0.024 rows=1 loops=571)
        Index Cond: (id = mk.movie_id)
        Filter: (kind_id = 1)
        Rows Removed by Filter: 0
Planning time: 0.725 ms
Execution time: 1257.422 ms
