Nested Loop  (cost=0.43..68366.82 rows=1285 width=0) (actual time=0.465..962.300 rows=2201 loops=1)
  ->  Seq Scan on movie_companies mc  (cost=0.00..57926.93 rows=1285 width=4) (actual time=0.407..898.357 rows=2201 loops=1)
        Filter: ((company_type_id > 1) AND (company_id = 13015))
        Rows Removed by Filter: 2606928
  ->  Index Only Scan using title_pkey on title t  (cost=0.43..8.11 rows=1 width=4) (actual time=0.028..0.028 rows=1 loops=2201)
        Index Cond: (id = mc.movie_id)
        Heap Fetches: 2201
Planning time: 0.993 ms
Execution time: 962.904 ms
