Hash Join  (cost=510374.62..603525.56 rows=1313041 width=0) (actual time=9228.472..12825.622 rows=2565724 loops=1)
  Hash Cond: (mc.movie_id = t.id)
  ->  Seq Scan on movie_companies mc  (cost=0.00..44881.29 rows=2609129 width=4) (actual time=0.012..930.325 rows=2609129 loops=1)
  ->  Hash  (cost=489497.65..489497.65 rows=1272478 width=8) (actual time=9227.280..9227.280 rows=1325361 loops=1)
        Buckets: 131072  Batches: 32  Memory Usage: 2635kB
        ->  Hash Join  (cost=102767.86..489497.65 rows=1272478 width=8) (actual time=5623.593..8866.395 rows=1325361 loops=1)
              Hash Cond: (mi.movie_id = t.id)
              ->  Seq Scan on movie_info mi  (cost=0.00..346232.03 rows=1272478 width=4) (actual time=3595.285..5383.427 rows=1325361 loops=1)
                    Filter: (info_type_id = 8)
                    Rows Removed by Filter: 13510359
              ->  Hash  (cost=61283.27..61283.27 rows=2528527 width=4) (actual time=2026.920..2026.920 rows=2528312 loops=1)
                    Buckets: 131072  Batches: 64  Memory Usage: 2425kB
                    ->  Seq Scan on title t  (cost=0.00..61283.27 rows=2528527 width=4) (actual time=0.033..1167.161 rows=2528312 loops=1)
Planning time: 1.200 ms
Execution time: 13118.715 ms
