Hash Join  (cost=150217.07..282921.87 rows=878476 width=0) (actual time=4203.115..6535.748 rows=696320 loops=1)
  Hash Cond: (mk.movie_id = t.id)
  ->  Seq Scan on movie_keyword mk  (cost=0.00..69693.30 rows=4523930 width=4) (actual time=0.015..1402.138 rows=4523930 loops=1)
  ->  Hash  (cost=142161.57..142161.57 rows=491000 width=8) (actual time=3164.908..3164.908 rows=263138 loops=1)
        Buckets: 131072  Batches: 8  Memory Usage: 2314kB
        ->  Hash Join  (cost=96184.51..142161.57 rows=491000 width=8) (actual time=2354.658..3083.247 rows=263138 loops=1)
              Hash Cond: (mi_idx.movie_id = t.id)
              ->  Seq Scan on movie_info_idx mi_idx  (cost=0.00..25185.44 rows=915101 width=4) (actual time=0.026..524.664 rows=919850 loops=1)
                    Filter: (info_type_id < 101)
                    Rows Removed by Filter: 460185
              ->  Hash  (cost=73925.90..73925.90 rows=1356688 width=4) (actual time=1831.959..1831.959 rows=1327781 loops=1)
                    Buckets: 131072  Batches: 32  Memory Usage: 2479kB
                    ->  Seq Scan on title t  (cost=0.00..73925.90 rows=1356688 width=4) (actual time=0.022..1401.073 rows=1327781 loops=1)
                          Filter: ((production_year < 2012) AND (kind_id = 7))
                          Rows Removed by Filter: 1200531
Planning time: 1.163 ms
Execution time: 6615.933 ms
