Seq Scan on cast_info ci  (cost=0.00..705507.15 rows=3125547 width=0) (actual time=596.564..11417.200 rows=3032352 loops=1)
  Filter: (person_id < 294384)
  Rows Removed by Filter: 33211992
Planning time: 0.368 ms
Execution time: 11792.973 ms
