Hash Join  (cost=89649.84..154645.17 rows=82056 width=0) (actual time=2364.123..2989.316 rows=31908 loops=1)
  Hash Cond: (mc.movie_id = t.id)
  ->  Seq Scan on movie_companies mc  (cost=0.00..57926.93 rows=216488 width=4) (actual time=0.013..900.825 rows=429370 loops=1)
        Filter: ((company_id > 79263) AND (company_type_id = 2))
        Rows Removed by Filter: 2179759
  ->  Hash  (cost=73925.90..73925.90 rows=958395 width=4) (actual time=1704.427..1704.427 rows=1050192 loops=1)
        Buckets: 131072  Batches: 16  Memory Usage: 3340kB
        ->  Seq Scan on title t  (cost=0.00..73925.90 rows=958395 width=4) (actual time=0.031..1382.536 rows=1050192 loops=1)
              Filter: ((production_year > 1996) AND (kind_id = 7))
              Rows Removed by Filter: 1478120
Planning time: 0.818 ms
Execution time: 2993.504 ms
