Seq Scan on cast_info ci  (cost=0.00..796071.18 rows=324 width=0) (actual time=6628.523..14226.781 rows=979 loops=1)
  Filter: ((role_id > 1) AND (person_id = 2073951))
  Rows Removed by Filter: 36243365
Planning time: 0.472 ms
Execution time: 14227.028 ms
