Seq Scan on cast_info ci  (cost=0.00..705507.15 rows=500 width=0) (actual time=6806.605..11079.926 rows=29 loops=1)
  Filter: (person_id = 3911413)
  Rows Removed by Filter: 36244315
Planning time: 0.273 ms
Execution time: 11080.034 ms
