Hash Join  (cost=130890.44..227527.98 rows=102346 width=0) (actual time=2571.692..4826.936 rows=608438 loops=1)
  Hash Cond: (mk.movie_id = t.id)
  ->  Seq Scan on movie_keyword mk  (cost=0.00..81003.12 rows=3896253 width=4) (actual time=0.017..1522.270 rows=3898499 loops=1)
        Filter: (keyword_id > 484)
        Rows Removed by Filter: 625431
  ->  Hash  (cost=130060.21..130060.21 rows=66419 width=8) (actual time=2570.790..2570.790 rows=68954 loops=1)
        Buckets: 131072  Batches: 1  Memory Usage: 3718kB
        ->  Hash Join  (cost=74730.49..130060.21 rows=66419 width=8) (actual time=1128.420..2543.202 rows=68954 loops=1)
              Hash Cond: (mc.movie_id = t.id)
              ->  Seq Scan on movie_companies mc  (cost=0.00..44881.29 rows=2609129 width=4) (actual time=0.009..646.339 rows=2609129 loops=1)
              ->  Hash  (cost=73925.90..73925.90 rows=64367 width=4) (actual time=1128.122..1128.122 rows=53905 loops=1)
                    Buckets: 65536  Batches: 1  Memory Usage: 2408kB
                    ->  Seq Scan on title t  (cost=0.00..73925.90 rows=64367 width=4) (actual time=0.042..1106.911 rows=53905 loops=1)
                          Filter: ((kind_id < 7) AND (production_year = 2012))
                          Rows Removed by Filter: 2474407
Planning time: 0.905 ms
Execution time: 4912.468 ms
