Seq Scan on movie_companies mc  (cost=0.00..51404.11 rows=2111851 width=0) (actual time=0.022..983.245 rows=2113185 loops=1)
  Filter: (company_id > 438)
  Rows Removed by Filter: 495944
Planning time: 0.303 ms
Execution time: 1255.068 ms
