Hash Join  (cost=83783.19..1154443.73 rows=4640990 width=0) (actual time=1584.988..29139.599 rows=4034853 loops=1)
  Hash Cond: (ci.movie_id = t.id)
  ->  Seq Scan on cast_info ci  (cost=0.00..796071.18 rows=19531322 width=4) (actual time=0.010..17984.408 rows=17383162 loops=1)
        Filter: ((person_id < 3031919) AND (role_id > 1))
        Rows Removed by Filter: 18861182
  ->  Hash  (cost=73925.90..73925.90 rows=600823 width=4) (actual time=1584.068..1584.068 rows=484625 loops=1)
        Buckets: 131072  Batches: 8  Memory Usage: 3168kB
        ->  Seq Scan on title t  (cost=0.00..73925.90 rows=600823 width=4) (actual time=0.012..1430.267 rows=484625 loops=1)
              Filter: ((production_year > 1953) AND (kind_id = 1))
              Rows Removed by Filter: 2043687
Planning time: 0.784 ms
Execution time: 29642.800 ms
