Seq Scan on movie_companies mc  (cost=0.00..51404.11 rows=1157964 width=0) (actual time=0.040..930.933 rows=1166567 loops=1)
  Filter: (company_id > 12870)
  Rows Removed by Filter: 1442562
Planning time: 0.374 ms
Execution time: 1077.210 ms
