Hash Join  (cost=102767.86..489497.65 rows=1272478 width=0) (actual time=2453.067..7268.029 rows=1325361 loops=1)
  Hash Cond: (mi.movie_id = t.id)
  ->  Seq Scan on movie_info mi  (cost=0.00..346232.03 rows=1272478 width=4) (actual time=328.035..3573.475 rows=1325361 loops=1)
        Filter: (info_type_id = 8)
        Rows Removed by Filter: 13510359
  ->  Hash  (cost=61283.27..61283.27 rows=2528527 width=4) (actual time=2124.038..2124.038 rows=2528312 loops=1)
        Buckets: 131072  Batches: 64  Memory Usage: 2425kB
        ->  Seq Scan on title t  (cost=0.00..61283.27 rows=2528527 width=4) (actual time=0.021..1042.910 rows=2528312 loops=1)
Planning time: 0.806 ms
Execution time: 7439.663 ms
