Hash Join  (cost=176937.73..310375.54 rows=938577 width=0) (actual time=3874.368..8074.125 rows=1077695 loops=1)
  Hash Cond: (mk.movie_id = t.id)
  ->  Seq Scan on movie_keyword mk  (cost=0.00..69693.30 rows=4523930 width=4) (actual time=0.018..1365.345 rows=4523930 loops=1)
  ->  Hash  (cost=168330.33..168330.33 rows=524592 width=8) (actual time=3869.686..3869.686 rows=419163 loops=1)
        Buckets: 131072  Batches: 8  Memory Usage: 3067kB
        ->  Hash Join  (cost=94973.51..168330.33 rows=524592 width=8) (actual time=1957.546..3746.437 rows=419163 loops=1)
              Hash Cond: (mc.movie_id = t.id)
              ->  Seq Scan on movie_companies mc  (cost=0.00..51404.11 rows=795157 width=4) (actual time=0.016..1012.895 rows=783881 loops=1)
                    Filter: (company_id < 1705)
                    Rows Removed by Filter: 1825248
              ->  Hash  (cost=67604.59..67604.59 rows=1668154 width=4) (actual time=1939.385..1939.385 rows=1674098 loops=1)
                    Buckets: 131072  Batches: 32  Memory Usage: 2869kB
                    ->  Seq Scan on title t  (cost=0.00..67604.59 rows=1668154 width=4) (actual time=0.024..1396.660 rows=1674098 loops=1)
                          Filter: (kind_id > 3)
                          Rows Removed by Filter: 854214
Planning time: 1.177 ms
Execution time: 8212.733 ms
