Seq Scan on movie_companies mc  (cost=0.00..57926.93 rows=639525 width=0) (actual time=0.018..1079.064 rows=871010 loops=1)
  Filter: ((company_id < 11264) AND (company_type_id < 2))
  Rows Removed by Filter: 1738119
Planning time: 0.380 ms
Execution time: 1193.264 ms
