Hash Join  (cost=186843.52..288376.00 rows=229150 width=0) (actual time=3876.568..6597.392 rows=2621807 loops=1)
  Hash Cond: (mk.movie_id = t.id)
  ->  Seq Scan on movie_keyword mk  (cost=0.00..81003.12 rows=1441294 width=4) (actual time=0.009..1568.567 rows=1458981 loops=1)
        Filter: (keyword_id < 2064)
        Rows Removed by Filter: 3064949
  ->  Hash  (cost=180247.42..180247.42 rows=402008 width=8) (actual time=3875.771..3875.771 rows=575687 loops=1)
        Buckets: 131072  Batches: 8  Memory Usage: 3846kB
        ->  Hash Join  (cost=102767.86..180247.42 rows=402008 width=8) (actual time=2294.629..3718.674 rows=575687 loops=1)
              Hash Cond: (mc.movie_id = t.id)
              ->  Seq Scan on movie_companies mc  (cost=0.00..57926.93 rows=402008 width=4) (actual time=384.750..988.698 rows=575687 loops=1)
                    Filter: ((company_id < 1877) AND (company_type_id = 1))
                    Rows Removed by Filter: 2033442
              ->  Hash  (cost=61283.27..61283.27 rows=2528527 width=4) (actual time=1908.608..1908.608 rows=2528312 loops=1)
                    Buckets: 131072  Batches: 64  Memory Usage: 2415kB
                    ->  Seq Scan on title t  (cost=0.00..61283.27 rows=2528527 width=4) (actual time=0.021..1056.789 rows=2528312 loops=1)
Planning time: 1.076 ms
Execution time: 6841.921 ms
