Seq Scan on movie_companies mc  (cost=0.00..57926.93 rows=51 width=0) (actual time=3.628..858.450 rows=167 loops=1)
  Filter: ((company_type_id < 2) AND (company_id = 283))
  Rows Removed by Filter: 2608962
Planning time: 0.396 ms
Execution time: 858.589 ms
