Nested Loop  (cost=0.43..121321.93 rows=3276 width=0) (actual time=1.317..1551.737 rows=3584 loops=1)
  ->  Seq Scan on movie_keyword mk  (cost=0.00..81003.12 rows=5580 width=4) (actual time=1.252..1331.594 rows=5762 loops=1)
        Filter: (keyword_id = 750)
        Rows Removed by Filter: 4518168
  ->  Index Scan using title_pkey on title t  (cost=0.43..7.22 rows=1 width=4) (actual time=0.037..0.037 rows=1 loops=5762)
        Index Cond: (id = mk.movie_id)
        Filter: (production_year > 1998)
        Rows Removed by Filter: 0
Planning time: 0.816 ms
Execution time: 1553.247 ms
