Seq Scan on movie_keyword mk  (cost=0.00..81003.12 rows=4230385 width=0) (actual time=0.019..1645.869 rows=4233368 loops=1)
  Filter: (keyword_id < 55369)
  Rows Removed by Filter: 290562
Planning time: 0.378 ms
Execution time: 2165.086 ms
