Hash Join  (cost=94616.01..149295.33 rows=1378 width=0) (actual time=1604.026..2619.173 rows=477 loops=1)
  Hash Cond: (mc.movie_id = t.id)
  ->  Seq Scan on movie_companies mc  (cost=0.00..44881.29 rows=2609129 width=4) (actual time=0.013..558.713 rows=2609129 loops=1)
  ->  Hash  (cost=94599.31..94599.31 rows=1336 width=8) (actual time=1603.914..1603.914 rows=208 loops=1)
        Buckets: 2048  Batches: 1  Memory Usage: 25kB
        ->  Hash Join  (cost=67697.55..94599.31 rows=1336 width=8) (actual time=1052.620..1603.723 rows=208 loops=1)
              Hash Cond: (mi_idx.movie_id = t.id)
              ->  Seq Scan on movie_info_idx mi_idx  (cost=0.00..25185.44 rows=454124 width=4) (actual time=0.020..463.760 rows=459925 loops=1)
                    Filter: (info_type_id = 100)
                    Rows Removed by Filter: 920110
              ->  Hash  (cost=67604.59..67604.59 rows=7437 width=4) (actual time=1051.199..1051.199 rows=5945 loops=1)
                    Buckets: 8192  Batches: 1  Memory Usage: 274kB
                    ->  Seq Scan on title t  (cost=0.00..67604.59 rows=7437 width=4) (actual time=569.541..1048.691 rows=5945 loops=1)
                          Filter: (production_year = 1911)
                          Rows Removed by Filter: 2522367
Planning time: 5.208 ms
Execution time: 2619.396 ms
