Hash Join  (cost=180218.49..1264290.66 rows=8182672 width=0) (actual time=4250.157..36168.082 rows=17573472 loops=1)
  Hash Cond: (ci.movie_id = t.id)
  ->  Seq Scan on cast_info ci  (cost=0.00..705507.15 rows=25388347 width=4) (actual time=0.024..15447.720 rows=25535346 loops=1)
        Filter: (person_id > 1050707)
        Rows Removed by Filter: 10708998
  ->  Hash  (cost=166847.67..166847.67 rows=814945 width=8) (actual time=4248.796..4248.796 rows=630339 loops=1)
        Buckets: 131072  Batches: 16  Memory Usage: 2532kB
        ->  Hash Join  (cost=80562.70..166847.67 rows=814945 width=8) (actual time=1534.362..4054.641 rows=630339 loops=1)
              Hash Cond: (mc.movie_id = t.id)
              ->  Seq Scan on movie_companies mc  (cost=0.00..44881.29 rows=2609129 width=4) (actual time=0.027..950.862 rows=2609129 loops=1)
              ->  Hash  (cost=67604.59..67604.59 rows=789769 width=4) (actual time=1533.307..1533.307 rows=784926 loops=1)
                    Buckets: 131072  Batches: 16  Memory Usage: 2749kB
                    ->  Seq Scan on title t  (cost=0.00..67604.59 rows=789769 width=4) (actual time=0.022..1269.255 rows=784926 loops=1)
                          Filter: (production_year > 2007)
                          Rows Removed by Filter: 1743386
Planning time: 1.891 ms
Execution time: 38107.876 ms
