Seq Scan on movie_keyword mk  (cost=0.00..81003.12 rows=4143222 width=0) (actual time=0.030..1470.251 rows=4145246 loops=1)
  Filter: (keyword_id < 45049)
  Rows Removed by Filter: 378684
Planning time: 0.323 ms
Execution time: 1965.468 ms
