Hash Join  (cost=263115.61..436728.26 rows=3488061 width=0) (actual time=5944.785..15242.036 rows=26084905 loops=1)
  Hash Cond: (mk.movie_id = t.id)
  ->  Seq Scan on movie_keyword mk  (cost=0.00..81003.12 rows=3380307 width=4) (actual time=0.049..1578.943 rows=3370315 loops=1)
        Filter: (keyword_id < 16158)
        Rows Removed by Filter: 1153615
  ->  Hash  (cost=220309.49..220309.49 rows=2609129 width=8) (actual time=5942.947..5942.947 rows=2609129 loops=1)
        Buckets: 131072  Batches: 64  Memory Usage: 2691kB
        ->  Hash Join  (cost=102767.86..220309.49 rows=2609129 width=8) (actual time=1919.126..5254.719 rows=2609129 loops=1)
              Hash Cond: (mc.movie_id = t.id)
              ->  Seq Scan on movie_companies mc  (cost=0.00..44881.29 rows=2609129 width=4) (actual time=0.018..949.693 rows=2609129 loops=1)
              ->  Hash  (cost=61283.27..61283.27 rows=2528527 width=4) (actual time=1918.325..1918.325 rows=2528312 loops=1)
                    Buckets: 131072  Batches: 64  Memory Usage: 2415kB
                    ->  Seq Scan on title t  (cost=0.00..61283.27 rows=2528527 width=4) (actual time=0.022..1093.689 rows=2528312 loops=1)
Planning time: 1.143 ms
Execution time: 17978.085 ms
