Hash Join  (cost=174943.47..308312.57 rows=121006 width=146) (actual time=3858.048..7165.415 rows=626759 loops=1)
  Hash Cond: (mk.movie_id = t.id)
  ->  Seq Scan on movie_keyword mk  (cost=0.00..69693.30 rows=4523930 width=12) (actual time=0.025..1430.917 rows=4523930 loops=1)
  ->  Hash  (cost=172777.06..172777.06 rows=67633 width=134) (actual time=3857.596..3857.596 rows=87690 loops=1)
        Buckets: 32768  Batches: 4  Memory Usage: 3377kB
        ->  Hash Join  (cost=75706.21..172777.06 rows=67633 width=134) (actual time=1623.205..3794.399 rows=87690 loops=1)
              Hash Cond: (mc.movie_id = t.id)
              ->  Seq Scan on movie_companies mc  (cost=0.00..44881.29 rows=2609129 width=40) (actual time=0.009..979.479 rows=2609129 loops=1)
              ->  Hash  (cost=73925.90..73925.90 rows=65544 width=94) (actual time=1622.886..1622.886 rows=62209 loops=1)
                    Buckets: 32768  Batches: 4  Memory Usage: 1994kB
                    ->  Seq Scan on title t  (cost=0.00..73925.90 rows=65544 width=94) (actual time=462.892..1597.183 rows=62209 loops=1)
                          Filter: ((production_year < 2006) AND (kind_id = 4))
                          Rows Removed by Filter: 2466103
Planning time: 1.186 ms
Execution time: 7199.221 ms
