Seq Scan on movie_companies mc  (cost=0.00..51404.11 rows=683377 width=0) (actual time=0.027..981.555 rows=676105 loops=1)
  Filter: (company_id < 1112)
  Rows Removed by Filter: 1933024
Planning time: 0.329 ms
Execution time: 1068.670 ms
