Nested Loop  (cost=0.43..796925.64 rows=73 width=0) (actual time=6114.182..10641.051 rows=2 loops=1)
  ->  Seq Scan on cast_info ci  (cost=0.00..796071.18 rows=101 width=4) (actual time=6113.992..10640.818 rows=5 loops=1)
        Filter: ((person_id = 2326582) AND (role_id = 2))
        Rows Removed by Filter: 36244339
  ->  Index Scan using title_pkey on title t  (cost=0.43..8.45 rows=1 width=4) (actual time=0.034..0.034 rows=0 loops=5)
        Index Cond: (id = ci.movie_id)
        Filter: (production_year > 1987)
        Rows Removed by Filter: 1
Planning time: 0.805 ms
Execution time: 10641.182 ms
