Hash Join  (cost=74235.99..428913.14 rows=21531 width=0) (actual time=2523.349..7304.942 rows=5775 loops=1)
  Hash Cond: (mi.movie_id = t.id)
  ->  Seq Scan on movie_info mi  (cost=0.00..346232.03 rows=2194617 width=4) (actual time=1333.548..5662.890 rows=2233850 loops=1)
        Filter: (info_type_id > 16)
        Rows Removed by Filter: 12601870
  ->  Hash  (cost=73925.90..73925.90 rows=24807 width=4) (actual time=1147.081..1147.081 rows=25986 loops=1)
        Buckets: 32768  Batches: 1  Memory Usage: 1170kB
        ->  Seq Scan on title t  (cost=0.00..73925.90 rows=24807 width=4) (actual time=193.971..1135.813 rows=25986 loops=1)
              Filter: ((kind_id = 7) AND (production_year = 1997))
              Rows Removed by Filter: 2502326
Planning time: 0.823 ms
Execution time: 7306.037 ms
