Hash Join  (cost=91959.31..143552.76 rows=810197 width=0) (actual time=1777.843..3411.720 rows=729984 loops=1)
  Hash Cond: (mi_idx.movie_id = t.id)
  ->  Seq Scan on movie_info_idx mi_idx  (cost=0.00..21735.35 rows=1380035 width=4) (actual time=0.007..474.933 rows=1380035 loops=1)
  ->  Hash  (cost=67604.59..67604.59 rows=1484458 width=4) (actual time=1776.941..1776.941 rows=1485030 loops=1)
        Buckets: 131072  Batches: 32  Memory Usage: 2655kB
        ->  Seq Scan on title t  (cost=0.00..67604.59 rows=1484458 width=4) (actual time=0.011..1297.970 rows=1485030 loops=1)
              Filter: (production_year > 1998)
              Rows Removed by Filter: 1043282
Planning time: 0.598 ms
Execution time: 3507.175 ms
