Hash Join  (cost=78178.99..915394.87 rows=326824 width=0) (actual time=1832.814..14001.948 rows=129804 loops=1)
  Hash Cond: (ci.movie_id = t.id)
  ->  Seq Scan on cast_info ci  (cost=0.00..796071.18 rows=3188121 width=4) (actual time=499.333..11988.862 rows=1326041 loops=1)
        Filter: ((person_id < 465655) AND (role_id > 1))
        Rows Removed by Filter: 34918303
  ->  Hash  (cost=73925.90..73925.90 rows=259207 width=4) (actual time=1332.564..1332.564 rows=271195 loops=1)
        Buckets: 131072  Batches: 4  Memory Usage: 3424kB
        ->  Seq Scan on title t  (cost=0.00..73925.90 rows=259207 width=4) (actual time=0.023..1244.469 rows=271195 loops=1)
              Filter: ((kind_id > 3) AND (production_year > 2010))
              Rows Removed by Filter: 2257117
Planning time: 0.682 ms
Execution time: 14019.462 ms
