Hash Join  (cost=241548.44..1602468.30 rows=27435368 width=0) (actual time=5780.503..54579.367 rows=58595757 loops=1)
  Hash Cond: (ci.movie_id = t.id)
  ->  Seq Scan on cast_info ci  (cost=0.00..614943.12 rows=36225612 width=4) (actual time=0.019..13823.438 rows=36244344 loops=1)
  ->  Hash  (cost=210130.28..210130.28 rows=1914973 width=8) (actual time=5779.786..5779.786 rows=1923815 loops=1)
        Buckets: 131072  Batches: 32  Memory Usage: 3353kB
        ->  Hash Join  (cost=102767.86..210130.28 rows=1914973 width=8) (actual time=1943.949..5189.094 rows=1923815 loops=1)
              Hash Cond: (mc.movie_id = t.id)
              ->  Seq Scan on movie_companies mc  (cost=0.00..51404.11 rows=1914973 width=4) (actual time=0.014..1192.198 rows=1923815 loops=1)
                    Filter: (company_id > 1211)
                    Rows Removed by Filter: 685314
              ->  Hash  (cost=61283.27..61283.27 rows=2528527 width=4) (actual time=1942.069..1942.069 rows=2528312 loops=1)
                    Buckets: 131072  Batches: 64  Memory Usage: 2415kB
                    ->  Seq Scan on title t  (cost=0.00..61283.27 rows=2528527 width=4) (actual time=0.020..1105.737 rows=2528312 loops=1)
Planning time: 1.240 ms
Execution time: 61275.143 ms
