Seq Scan on movie_keyword mk  (cost=0.00..81003.12 rows=2318545 width=0) (actual time=0.026..1445.683 rows=2319115 loops=1)
  Filter: (keyword_id > 4441)
  Rows Removed by Filter: 2204815
Planning time: 0.373 ms
Execution time: 1731.418 ms
