Hash Join  (cost=709678.15..1074363.23 rows=2915 width=0) (actual time=10351.526..17294.859 rows=581 loops=1)
  Hash Cond: (mi.movie_id = t.id)
  ->  Seq Scan on movie_info mi  (cost=0.00..309384.22 rows=14739122 width=4) (actual time=0.013..4249.312 rows=14835720 loops=1)
  ->  Hash  (cost=709671.90..709671.90 rows=500 width=8) (actual time=10348.793..10348.793 rows=22 loops=1)
        Buckets: 1024  Batches: 1  Memory Usage: 9kB
        ->  Nested Loop  (cost=0.43..709671.90 rows=500 width=8) (actual time=10113.621..10348.744 rows=22 loops=1)
              ->  Seq Scan on cast_info ci  (cost=0.00..705507.15 rows=500 width=4) (actual time=10113.422..10348.026 rows=22 loops=1)
                    Filter: (person_id = 544296)
                    Rows Removed by Filter: 36244322
              ->  Index Only Scan using title_pkey on title t  (cost=0.43..8.32 rows=1 width=4) (actual time=0.027..0.027 rows=1 loops=22)
                    Index Cond: (id = ci.movie_id)
                    Heap Fetches: 22
Planning time: 2.490 ms
Execution time: 17295.176 ms
