Seq Scan on movie_keyword mk  (cost=0.00..81003.12 rows=246 width=0) (actual time=4.490..1303.295 rows=330 loops=1)
  Filter: (keyword_id = 1190)
  Rows Removed by Filter: 4523600
Planning time: 0.422 ms
Execution time: 1303.578 ms
