Hash Join  (cost=134476.95..974947.12 rows=1108387 width=0) (actual time=4374.969..21845.669 rows=2390391 loops=1)
  Hash Cond: (ci.movie_id = t.id)
  ->  Seq Scan on cast_info ci  (cost=0.00..705507.15 rows=10624570 width=4) (actual time=1504.953..12919.584 rows=10625645 loops=1)
        Filter: (person_id > 2645423)
        Rows Removed by Filter: 25618699
  ->  Hash  (cost=130148.65..130148.65 rows=263784 width=8) (actual time=2869.260..2869.260 rows=316298 loops=1)
        Buckets: 131072 (originally 131072)  Batches: 8 (originally 4)  Memory Usage: 3073kB
        ->  Hash Join  (cost=91342.70..130148.65 rows=263784 width=8) (actual time=1746.962..2772.800 rows=316298 loops=1)
              Hash Cond: (mi_idx.movie_id = t.id)
              ->  Seq Scan on movie_info_idx mi_idx  (cost=0.00..25185.44 rows=460978 width=4) (actual time=0.030..481.003 rows=459925 loops=1)
                    Filter: (info_type_id < 100)
                    Rows Removed by Filter: 920110
              ->  Hash  (cost=67604.59..67604.59 rows=1446889 width=4) (actual time=1746.075..1746.075 rows=1443298 loops=1)
                    Buckets: 131072  Batches: 32  Memory Usage: 2608kB
                    ->  Seq Scan on title t  (cost=0.00..67604.59 rows=1446889 width=4) (actual time=0.020..1279.485 rows=1443298 loops=1)
                          Filter: (production_year < 2006)
                          Rows Removed by Filter: 1085014
Planning time: 1.741 ms
Execution time: 22146.881 ms
