Seq Scan on movie_companies mc  (cost=0.00..57926.93 rows=565745 width=0) (actual time=131.000..925.044 rows=351149 loops=1)
  Filter: ((company_id < 7642) AND (company_type_id > 1))
  Rows Removed by Filter: 2257980
Planning time: 0.359 ms
Execution time: 968.537 ms
