Hash Join  (cost=473931.93..1607764.54 rows=9737438 width=0) (actual time=8456.148..45957.994 rows=13437161 loops=1)
  Hash Cond: (ci.movie_id = t.id)
  ->  Seq Scan on cast_info ci  (cost=0.00..614943.12 rows=36225612 width=4) (actual time=0.022..13273.984 rows=36244344 loops=1)
  ->  Hash  (cost=462781.08..462781.08 rows=679668 width=8) (actual time=8455.377..8455.377 rows=812760 loops=1)
        Buckets: 131072  Batches: 16  Memory Usage: 3011kB
        ->  Hash Join  (cost=89762.59..462781.08 rows=679668 width=8) (actual time=2624.496..8237.524 rows=812760 loops=1)
              Hash Cond: (mi.movie_id = t.id)
              ->  Seq Scan on movie_info mi  (cost=0.00..346232.03 rows=1272478 width=4) (actual time=828.283..5333.234 rows=1325361 loops=1)
                    Filter: (info_type_id = 8)
                    Rows Removed by Filter: 13510359
              ->  Hash  (cost=67604.59..67604.59 rows=1350560 width=4) (actual time=1795.118..1795.118 rows=1348293 loops=1)
                    Buckets: 131072  Batches: 32  Memory Usage: 2514kB
                    ->  Seq Scan on title t  (cost=0.00..67604.59 rows=1350560 width=4) (actual time=0.023..1353.151 rows=1348293 loops=1)
                          Filter: (production_year < 2005)
                          Rows Removed by Filter: 1180019
Planning time: 1.194 ms
Execution time: 47504.101 ms
