Hash Join  (cost=73950.44..130162.67 rows=993 width=0) (actual time=1161.941..2087.611 rows=6025 loops=1)
  Hash Cond: (mc.movie_id = t.id)
  ->  Seq Scan on movie_companies mc  (cost=0.00..51404.11 rows=1279517 width=4) (actual time=0.021..723.282 rows=1274246 loops=1)
        Filter: (company_type_id < 2)
        Rows Removed by Filter: 1334883
  ->  Hash  (cost=73925.90..73925.90 rows=1963 width=4) (actual time=1161.485..1161.485 rows=4939 loops=1)
        Buckets: 8192 (originally 2048)  Batches: 1 (originally 1)  Memory Usage: 238kB
        ->  Seq Scan on title t  (cost=0.00..73925.90 rows=1963 width=4) (actual time=395.859..1159.125 rows=4939 loops=1)
              Filter: ((kind_id = 1) AND (production_year = 1989))
              Rows Removed by Filter: 2523373
Planning time: 0.832 ms
Execution time: 2088.702 ms
