Hash Join  (cost=204030.31..1174776.08 rows=7557946 width=0) (actual time=4874.371..28250.749 rows=8628485 loops=1)
  Hash Cond: (ci.movie_id = t.id)
  ->  Seq Scan on cast_info ci  (cost=0.00..705507.15 rows=15999241 width=4) (actual time=19.914..13460.419 rows=15901930 loops=1)
        Filter: (person_id < 1571966)
        Rows Removed by Filter: 20342414
  ->  Hash  (cost=184433.55..184433.55 rows=1194461 width=8) (actual time=4641.878..4641.878 rows=781657 loops=1)
        Buckets: 131072  Batches: 16  Memory Usage: 2902kB
        ->  Hash Join  (cost=92917.42..184433.55 rows=1194461 width=8) (actual time=1840.363..4413.668 rows=781657 loops=1)
              Hash Cond: (mc.movie_id = t.id)
              ->  Seq Scan on movie_companies mc  (cost=0.00..44881.29 rows=2609129 width=4) (actual time=0.024..881.439 rows=2609129 loops=1)
              ->  Hash  (cost=73925.90..73925.90 rows=1157561 width=4) (actual time=1839.507..1839.507 rows=1267332 loops=1)
                    Buckets: 131072  Batches: 16  Memory Usage: 3815kB
                    ->  Seq Scan on title t  (cost=0.00..73925.90 rows=1157561 width=4) (actual time=0.022..1441.426 rows=1267332 loops=1)
                          Filter: ((kind_id > 1) AND (production_year > 1996))
                          Rows Removed by Filter: 1260980
Planning time: 1.158 ms
Execution time: 29250.746 ms
