Seq Scan on movie_keyword mk  (cost=0.00..81003.12 rows=715671 width=0) (actual time=0.018..1335.285 rows=718629 loops=1)
  Filter: (keyword_id > 26098)
  Rows Removed by Filter: 3805301
Planning time: 0.333 ms
Execution time: 1432.001 ms
