Seq Scan on movie_keyword mk  (cost=0.00..81003.12 rows=1817871 width=0) (actual time=0.029..1346.671 rows=1824267 loops=1)
  Filter: (keyword_id < 2990)
  Rows Removed by Filter: 2699663
Planning time: 4.620 ms
Execution time: 1563.691 ms
