Hash Join  (cost=71463.00..1139874.99 rows=3368982 width=0) (actual time=1210.308..30862.056 rows=2297119 loops=1)
  Hash Cond: (ci.movie_id = t.id)
  ->  Seq Scan on cast_info ci  (cost=0.00..614943.12 rows=36225612 width=4) (actual time=0.016..12978.731 rows=36244344 loops=1)
  ->  Hash  (cost=67604.59..67604.59 rows=235153 width=4) (actual time=1209.227..1209.227 rows=230883 loops=1)
        Buckets: 131072  Batches: 4  Memory Usage: 3052kB
        ->  Seq Scan on title t  (cost=0.00..67604.59 rows=235153 width=4) (actual time=0.047..1131.560 rows=230883 loops=1)
              Filter: (production_year < 1959)
              Rows Removed by Filter: 2297429
Planning time: 0.773 ms
Execution time: 31162.336 ms
