Hash Join  (cost=359118.30..1820440.88 rows=38000478 width=0) (actual time=11441.657..67752.273 rows=123797087 loops=1)
  Hash Cond: (ci.movie_id = t.id)
  ->  Seq Scan on cast_info ci  (cost=0.00..705507.15 rows=23499554 width=4) (actual time=3057.652..16339.170 rows=23573656 loops=1)
        Filter: (role_id > 1)
        Rows Removed by Filter: 12670688
  ->  Hash  (cost=292036.16..292036.16 rows=4088811 width=8) (actual time=8382.787..8382.787 rows=4093968 loops=1)
        Buckets: 131072  Batches: 64  Memory Usage: 3543kB
        ->  Hash Join  (cost=102767.86..292036.16 rows=4088811 width=8) (actual time=1985.392..7203.244 rows=4093968 loops=1)
              Hash Cond: (mk.movie_id = t.id)
              ->  Seq Scan on movie_keyword mk  (cost=0.00..81003.12 rows=4088811 width=4) (actual time=0.026..1758.983 rows=4093968 loops=1)
                    Filter: (keyword_id < 40684)
                    Rows Removed by Filter: 429962
              ->  Hash  (cost=61283.27..61283.27 rows=2528527 width=4) (actual time=1983.604..1983.604 rows=2528312 loops=1)
                    Buckets: 131072  Batches: 64  Memory Usage: 2425kB
                    ->  Seq Scan on title t  (cost=0.00..61283.27 rows=2528527 width=4) (actual time=0.021..1081.307 rows=2528312 loops=1)
Planning time: 1.114 ms
Execution time: 81589.257 ms
