Hash Join  (cost=491644.87..578212.18 rows=835479 width=0) (actual time=8375.712..11235.427 rows=1945745 loops=1)
  Hash Cond: (mc.movie_id = t.id)
  ->  Seq Scan on movie_companies mc  (cost=0.00..44881.29 rows=2609129 width=4) (actual time=0.022..894.656 rows=2609129 loops=1)
  ->  Hash  (cost=478361.00..478361.00 rows=809669 width=8) (actual time=8374.931..8374.931 rows=802140 loops=1)
        Buckets: 131072  Batches: 16  Memory Usage: 2973kB
        ->  Hash Join  (cost=102767.86..478361.00 rows=809669 width=8) (actual time=4209.758..8149.863 rows=802140 loops=1)
              Hash Cond: (mi.movie_id = t.id)
              ->  Seq Scan on movie_info mi  (cost=0.00..346232.03 rows=809669 width=4) (actual time=2312.847..5197.813 rows=802140 loops=1)
                    Filter: (info_type_id = 1)
                    Rows Removed by Filter: 14033580
              ->  Hash  (cost=61283.27..61283.27 rows=2528527 width=4) (actual time=1895.804..1895.804 rows=2528312 loops=1)
                    Buckets: 131072  Batches: 64  Memory Usage: 2425kB
                    ->  Seq Scan on title t  (cost=0.00..61283.27 rows=2528527 width=4) (actual time=0.028..1011.643 rows=2528312 loops=1)
Planning time: 1.185 ms
Execution time: 11475.711 ms
