Seq Scan on movie_keyword mk  (cost=0.00..81003.12 rows=3869295 width=0) (actual time=0.022..1519.949 rows=3860358 loops=1)
  Filter: (keyword_id < 28304)
  Rows Removed by Filter: 663572
Planning time: 0.339 ms
Execution time: 2002.657 ms
