Hash Join  (cost=102767.86..226904.22 rows=1381984 width=0) (actual time=2588.357..5622.170 rows=1396481 loops=1)
  Hash Cond: (mk.movie_id = t.id)
  ->  Seq Scan on movie_keyword mk  (cost=0.00..81003.12 rows=1381984 width=4) (actual time=0.026..1492.991 rows=1396481 loops=1)
        Filter: (keyword_id < 1885)
        Rows Removed by Filter: 3127449
  ->  Hash  (cost=61283.27..61283.27 rows=2528527 width=4) (actual time=2585.385..2585.385 rows=2528312 loops=1)
        Buckets: 131072  Batches: 64  Memory Usage: 2425kB
        ->  Seq Scan on title t  (cost=0.00..61283.27 rows=2528527 width=4) (actual time=0.024..1058.142 rows=2528312 loops=1)
Planning time: 0.765 ms
Execution time: 5800.156 ms
