Hash Join  (cost=68113.45..824734.90 rows=583228 width=0) (actual time=990.917..20488.468 rows=604911 loops=1)
  Hash Cond: (ci.movie_id = t.id)
  ->  Seq Scan on cast_info ci  (cost=0.00..614943.12 rows=36225612 width=4) (actual time=0.014..8650.745 rows=36244344 loops=1)
  ->  Hash  (cost=67604.59..67604.59 rows=40709 width=4) (actual time=990.477..990.477 rows=38955 loops=1)
        Buckets: 65536  Batches: 1  Memory Usage: 1882kB
        ->  Seq Scan on title t  (cost=0.00..67604.59 rows=40709 width=4) (actual time=0.018..973.388 rows=38955 loops=1)
              Filter: (production_year = 1997)
              Rows Removed by Filter: 2489357
Planning time: 0.744 ms
Execution time: 20583.940 ms
