Hash Join  (cost=113144.11..168477.81 rows=66818 width=0) (actual time=1928.763..3007.914 rows=72352 loops=1)
  Hash Cond: (mc.movie_id = t.id)
  ->  Seq Scan on movie_companies mc  (cost=0.00..44881.29 rows=2609129 width=4) (actual time=0.022..526.581 rows=2609129 loops=1)
  ->  Hash  (cost=112334.68..112334.68 rows=64754 width=8) (actual time=1927.530..1927.530 rows=29278 loops=1)
        Buckets: 65536  Batches: 1  Memory Usage: 1656kB
        ->  Hash Join  (cost=79841.74..112334.68 rows=64754 width=8) (actual time=1247.534..1916.164 rows=29278 loops=1)
              Hash Cond: (mi_idx.movie_id = t.id)
              ->  Seq Scan on movie_info_idx mi_idx  (cost=0.00..25185.44 rows=454124 width=4) (actual time=0.019..524.961 rows=459925 loops=1)
                    Filter: (info_type_id = 100)
                    Rows Removed by Filter: 920110
              ->  Hash  (cost=73925.90..73925.90 rows=360547 width=4) (actual time=1126.350..1126.350 rows=243152 loops=1)
                    Buckets: 131072  Batches: 8  Memory Usage: 2080kB
                    ->  Seq Scan on title t  (cost=0.00..73925.90 rows=360547 width=4) (actual time=0.019..1045.947 rows=243152 loops=1)
                          Filter: ((production_year < 1985) AND (kind_id = 7))
                          Rows Removed by Filter: 2285160
Planning time: 0.936 ms
Execution time: 3015.112 ms
