Hash Join  (cost=78917.17..119458.83 rows=166018 width=0) (actual time=1208.996..2422.164 rows=390434 loops=1)
  Hash Cond: (mi_idx.movie_id = t.id)
  ->  Seq Scan on movie_info_idx mi_idx  (cost=0.00..21735.35 rows=1380035 width=4) (actual time=0.013..432.201 rows=1380035 loops=1)
  ->  Hash  (cost=73925.90..73925.90 rows=304181 width=4) (actual time=1207.883..1207.883 rows=422218 loops=1)
        Buckets: 131072 (originally 131072)  Batches: 8 (originally 4)  Memory Usage: 3073kB
        ->  Seq Scan on title t  (cost=0.00..73925.90 rows=304181 width=4) (actual time=0.015..1063.615 rows=422218 loops=1)
              Filter: ((kind_id < 7) AND (production_year < 1994))
              Rows Removed by Filter: 2106094
Planning time: 1.062 ms
Execution time: 2463.323 ms
