Seq Scan on title t  (cost=0.00..73925.90 rows=87130 width=0) (actual time=314.669..1258.876 rows=96838 loops=1)
  Filter: ((production_year < 2010) AND (kind_id = 4))
  Rows Removed by Filter: 2431474
Planning time: 3.479 ms
Execution time: 1271.611 ms
