Hash Join  (cost=78556.72..151426.66 rows=350505 width=0) (actual time=1432.610..3145.282 rows=466667 loops=1)
  Hash Cond: (mc.movie_id = t.id)
  ->  Seq Scan on movie_companies mc  (cost=0.00..51404.11 rows=1327672 width=4) (actual time=0.017..972.884 rows=1317791 loops=1)
        Filter: (company_id < 11373)
        Rows Removed by Filter: 1291338
  ->  Hash  (cost=67604.59..67604.59 rows=667531 width=4) (actual time=1302.838..1302.838 rows=662825 loops=1)
        Buckets: 131072  Batches: 16  Memory Usage: 2476kB
        ->  Seq Scan on title t  (cost=0.00..67604.59 rows=667531 width=4) (actual time=0.014..1100.128 rows=662825 loops=1)
              Filter: (kind_id = 1)
              Rows Removed by Filter: 1865487
Planning time: 0.802 ms
Execution time: 3203.693 ms
