Hash Join  (cost=89649.84..224173.84 rows=1228881 width=0) (actual time=3101.481..4943.876 rows=318690 loops=1)
  Hash Cond: (mk.movie_id = t.id)
  ->  Seq Scan on movie_keyword mk  (cost=0.00..81003.12 rows=3242149 width=4) (actual time=0.015..1709.901 rows=3229703 loops=1)
        Filter: (keyword_id > 1680)
        Rows Removed by Filter: 1294227
  ->  Hash  (cost=73925.90..73925.90 rows=958395 width=4) (actual time=1576.080..1576.080 rows=1050192 loops=1)
        Buckets: 131072  Batches: 16  Memory Usage: 3346kB
        ->  Seq Scan on title t  (cost=0.00..73925.90 rows=958395 width=4) (actual time=0.013..1231.767 rows=1050192 loops=1)
              Filter: ((production_year > 1996) AND (kind_id = 7))
              Rows Removed by Filter: 1478120
Planning time: 0.779 ms
Execution time: 4982.152 ms
