Hash Join  (cost=83265.76..1200850.61 rows=8155769 width=0) (actual time=1486.704..33715.709 rows=5955820 loops=1)
  Hash Cond: (ci.movie_id = t.id)
  ->  Seq Scan on cast_info ci  (cost=0.00..614943.12 rows=36225612 width=4) (actual time=0.016..13616.509 rows=36244344 loops=1)
  ->  Hash  (cost=73925.90..73925.90 rows=569268 width=4) (actual time=1485.728..1485.728 rows=460200 loops=1)
        Buckets: 131072  Batches: 8  Memory Usage: 3031kB
        ->  Seq Scan on title t  (cost=0.00..73925.90 rows=569268 width=4) (actual time=0.014..1336.565 rows=460200 loops=1)
              Filter: ((kind_id > 4) AND (production_year < 1998))
              Rows Removed by Filter: 2068112
Planning time: 0.765 ms
Execution time: 34422.893 ms
