Seq Scan on movie_companies mc  (cost=0.00..51404.11 rows=104 width=0) (actual time=27.209..775.394 rows=78 loops=1)
  Filter: (company_id = 7633)
  Rows Removed by Filter: 2609051
Planning time: 4.062 ms
Execution time: 775.505 ms
