Nested Loop  (cost=0.43..797179.44 rows=75 width=0) (actual time=1960.103..12883.886 rows=124 loops=1)
  ->  Seq Scan on cast_info ci  (cost=0.00..796071.18 rows=131 width=4) (actual time=1959.951..12879.839 rows=125 loops=1)
        Filter: ((role_id > 4) AND (person_id = 2987653))
        Rows Removed by Filter: 36244219
  ->  Index Scan using title_pkey on title t  (cost=0.43..8.45 rows=1 width=4) (actual time=0.031..0.031 rows=1 loops=125)
        Index Cond: (id = ci.movie_id)
        Filter: (production_year < 2006)
        Rows Removed by Filter: 0
Planning time: 0.798 ms
Execution time: 12884.027 ms
