Hash Join  (cost=187318.30..230394.88 rows=313810 width=0) (actual time=3884.790..5263.585 rows=803729 loops=1)
  Hash Cond: (mi_idx.movie_id = t.id)
  ->  Seq Scan on movie_info_idx mi_idx  (cost=0.00..21735.35 rows=1380035 width=4) (actual time=0.023..464.491 rows=1380035 loops=1)
  ->  Hash  (cost=177885.20..177885.20 rows=574968 width=8) (actual time=3883.871..3883.871 rows=579308 loops=1)
        Buckets: 131072  Batches: 8  Memory Usage: 3864kB
        ->  Hash Join  (cost=102767.86..177885.20 rows=574968 width=8) (actual time=1884.483..3702.013 rows=579308 loops=1)
              Hash Cond: (mc.movie_id = t.id)
              ->  Seq Scan on movie_companies mc  (cost=0.00..51404.11 rows=574968 width=4) (actual time=0.019..931.272 rows=579308 loops=1)
                    Filter: (company_id > 71095)
                    Rows Removed by Filter: 2029821
              ->  Hash  (cost=61283.27..61283.27 rows=2528527 width=4) (actual time=1883.277..1883.277 rows=2528312 loops=1)
                    Buckets: 131072  Batches: 64  Memory Usage: 2415kB
                    ->  Seq Scan on title t  (cost=0.00..61283.27 rows=2528527 width=4) (actual time=0.013..1074.282 rows=2528312 loops=1)
Planning time: 1.201 ms
Execution time: 5361.414 ms
