Seq Scan on movie_companies mc  (cost=0.00..51404.11 rows=104 width=0) (actual time=289.078..858.504 rows=153 loops=1)
  Filter: (company_id = 10897)
  Rows Removed by Filter: 2608976
Planning time: 0.416 ms
Execution time: 858.599 ms
