Hash Join  (cost=191689.47..683208.13 rows=1097675 width=0) (actual time=5085.961..28146.245 rows=44844348 loops=1)
  Hash Cond: (mi.movie_id = t.id)
  ->  Seq Scan on movie_info mi  (cost=0.00..309384.22 rows=14739122 width=4) (actual time=0.025..6332.960 rows=14835720 loops=1)
  ->  Hash  (cost=188599.62..188599.62 rows=188308 width=8) (actual time=4344.855..4344.855 rows=801072 loops=1)
        Buckets: 131072 (originally 131072)  Batches: 16 (originally 4)  Memory Usage: 3086kB
        ->  Hash Join  (cost=77180.21..188599.62 rows=188308 width=8) (actual time=1313.153..4078.036 rows=801072 loops=1)
              Hash Cond: (mk.movie_id = t.id)
              ->  Seq Scan on movie_keyword mk  (cost=0.00..81003.12 rows=2400590 width=4) (actual time=0.027..1560.251 rows=2393790 loops=1)
                    Filter: (keyword_id > 3921)
                    Rows Removed by Filter: 2130140
              ->  Hash  (cost=73925.90..73925.90 rows=198344 width=4) (actual time=1312.033..1312.033 rows=331222 loops=1)
                    Buckets: 131072  Batches: 4  Memory Usage: 3944kB
                    ->  Seq Scan on title t  (cost=0.00..73925.90 rows=198344 width=4) (actual time=623.823..1195.436 rows=331222 loops=1)
                          Filter: ((production_year < 1993) AND (kind_id = 1))
                          Rows Removed by Filter: 2197090
Planning time: 10.812 ms
Execution time: 33321.578 ms
