Hash Join  (cost=102767.86..788805.99 rows=13711268 width=0) (actual time=1979.954..21229.745 rows=13746208 loops=1)
  Hash Cond: (mi.movie_id = t.id)
  ->  Seq Scan on movie_info mi  (cost=0.00..346232.03 rows=13711268 width=4) (actual time=0.022..7145.135 rows=13746208 loops=1)
        Filter: (info_type_id < 70)
        Rows Removed by Filter: 1089512
  ->  Hash  (cost=61283.27..61283.27 rows=2528527 width=4) (actual time=1978.719..1978.719 rows=2528312 loops=1)
        Buckets: 131072  Batches: 64  Memory Usage: 2425kB
        ->  Seq Scan on title t  (cost=0.00..61283.27 rows=2528527 width=4) (actual time=0.027..1095.872 rows=2528312 loops=1)
Planning time: 0.705 ms
Execution time: 22838.097 ms
