Hash Join  (cost=152898.41..278987.92 rows=335447 width=0) (actual time=3330.288..7551.291 rows=4095069 loops=1)
  Hash Cond: (mk.movie_id = t.id)
  ->  Seq Scan on movie_keyword mk  (cost=0.00..69693.30 rows=4523930 width=4) (actual time=0.014..1369.960 rows=4523930 loops=1)
  ->  Hash  (cost=149821.80..149821.80 rows=187489 width=8) (actual time=3329.376..3329.376 rows=418454 loops=1)
        Buckets: 131072 (originally 131072)  Batches: 8 (originally 4)  Memory Usage: 3083kB
        ->  Hash Join  (cost=79775.76..149821.80 rows=187489 width=8) (actual time=1254.802..3186.667 rows=418454 loops=1)
              Hash Cond: (mc.movie_id = t.id)
              ->  Seq Scan on movie_companies mc  (cost=0.00..51404.11 rows=1329612 width=4) (actual time=0.021..1086.522 rows=1334883 loops=1)
                    Filter: (company_type_id = 2)
                    Rows Removed by Filter: 1274246
              ->  Hash  (cost=73925.90..73925.90 rows=356548 width=4) (actual time=1253.977..1253.977 rows=424572 loops=1)
                    Buckets: 131072  Batches: 8  Memory Usage: 2898kB
                    ->  Seq Scan on title t  (cost=0.00..73925.90 rows=356548 width=4) (actual time=160.855..1121.978 rows=424572 loops=1)
                          Filter: ((production_year < 2005) AND (kind_id = 1))
                          Rows Removed by Filter: 2103740
Planning time: 1.204 ms
Execution time: 8029.133 ms
