Seq Scan on movie_info mi  (cost=0.00..346232.03 rows=13754658 width=0) (actual time=0.012..6841.922 rows=13789404 loops=1)
  Filter: (info_type_id < 80)
  Rows Removed by Filter: 1046316
Planning time: 0.334 ms
Execution time: 8571.875 ms
