Hash Join  (cost=583046.46..1467446.64 rows=3536144 width=0) (actual time=12845.650..33256.232 rows=17743967 loops=1)
  Hash Cond: (ci.movie_id = t.id)
  ->  Seq Scan on cast_info ci  (cost=0.00..796071.18 rows=2914169 width=4) (actual time=879.106..14826.796 rows=3868568 loops=1)
        Filter: ((person_id > 1149368) AND (role_id = 10))
        Rows Removed by Filter: 32375776
  ->  Hash  (cost=532708.04..532708.04 rows=3068194 width=8) (actual time=11965.179..11965.179 rows=3036719 loops=1)
        Buckets: 131072  Batches: 64  Memory Usage: 2881kB
        ->  Hash Join  (cost=102767.86..532708.04 rows=3068194 width=8) (actual time=2950.069..11089.940 rows=3036719 loops=1)
              Hash Cond: (mi.movie_id = t.id)
              ->  Seq Scan on movie_info mi  (cost=0.00..346232.03 rows=3068194 width=4) (actual time=944.048..5853.413 rows=3036719 loops=1)
                    Filter: (info_type_id = 16)
                    Rows Removed by Filter: 11799001
              ->  Hash  (cost=61283.27..61283.27 rows=2528527 width=4) (actual time=2004.502..2004.502 rows=2528312 loops=1)
                    Buckets: 131072  Batches: 64  Memory Usage: 2425kB
                    ->  Seq Scan on title t  (cost=0.00..61283.27 rows=2528527 width=4) (actual time=0.024..1135.416 rows=2528312 loops=1)
Planning time: 3.044 ms
Execution time: 35162.781 ms
