Hash Join  (cost=101272.94..853439.62 rows=137754 width=0) (actual time=1768.615..18494.653 rows=170250 loops=1)
  Hash Cond: (ci.movie_id = t.id)
  ->  Seq Scan on cast_info ci  (cost=0.00..614943.12 rows=36225612 width=4) (actual time=0.012..9377.877 rows=36244344 loops=1)
  ->  Hash  (cost=101152.75..101152.75 rows=9615 width=8) (actual time=1767.868..1767.868 rows=4464 loops=1)
        Buckets: 16384  Batches: 1  Memory Usage: 303kB
        ->  Hash Join  (cost=74146.12..101152.75 rows=9615 width=8) (actual time=1319.901..1766.105 rows=4464 loops=1)
              Hash Cond: (mi_idx.movie_id = t.id)
              ->  Seq Scan on movie_info_idx mi_idx  (cost=0.00..21735.35 rows=1380035 width=4) (actual time=0.020..305.289 rows=1380035 loops=1)
              ->  Hash  (cost=73925.90..73925.90 rows=17617 width=4) (actual time=1151.423..1151.423 rows=22021 loops=1)
                    Buckets: 32768  Batches: 1  Memory Usage: 1031kB
                    ->  Seq Scan on title t  (cost=0.00..73925.90 rows=17617 width=4) (actual time=0.020..1142.728 rows=22021 loops=1)
                          Filter: ((production_year > 2012) AND (kind_id = 1))
                          Rows Removed by Filter: 2506291
Planning time: 1.155 ms
Execution time: 18524.983 ms
