Hash Join  (cost=102767.86..946129.48 rows=1554735 width=0) (actual time=3678.051..19113.724 rows=4764307 loops=1)
  Hash Cond: (ci.movie_id = t.id)
  ->  Seq Scan on cast_info ci  (cost=0.00..796071.18 rows=1554735 width=4) (actual time=1704.264..12692.805 rows=4764307 loops=1)
        Filter: ((person_id > 2993884) AND (role_id > 5))
        Rows Removed by Filter: 31480037
  ->  Hash  (cost=61283.27..61283.27 rows=2528527 width=4) (actual time=1972.085..1972.085 rows=2528312 loops=1)
        Buckets: 131072  Batches: 64  Memory Usage: 2415kB
        ->  Seq Scan on title t  (cost=0.00..61283.27 rows=2528527 width=4) (actual time=0.017..1135.741 rows=2528312 loops=1)
Planning time: 0.787 ms
Execution time: 19575.759 ms
