Hash Join  (cost=78034.52..205495.05 rows=447949 width=0) (actual time=1378.136..5659.405 rows=1574850 loops=1)
  Hash Cond: (mk.movie_id = t.id)
  ->  Seq Scan on movie_keyword mk  (cost=0.00..69693.30 rows=4523930 width=4) (actual time=0.013..1527.677 rows=4523930 loops=1)
  ->  Hash  (cost=73925.90..73925.90 rows=250369 width=4) (actual time=1377.211..1377.211 rows=389915 loops=1)
        Buckets: 131072 (originally 131072)  Batches: 8 (originally 4)  Memory Usage: 3073kB
        ->  Seq Scan on title t  (cost=0.00..73925.90 rows=250369 width=4) (actual time=0.016..1242.530 rows=389915 loops=1)
              Filter: ((kind_id < 4) AND (production_year < 1992))
              Rows Removed by Filter: 2138397
Planning time: 0.644 ms
Execution time: 5845.759 ms
