Hash Join  (cost=68438.72..866667.86 rows=14188 width=0) (actual time=9314.814..15309.283 rows=14718 loops=1)
  Hash Cond: (ci.movie_id = t.id)
  ->  Seq Scan on cast_info ci  (cost=0.00..796071.18 rows=537620 width=4) (actual time=8217.346..14030.215 rows=619126 loops=1)
        Filter: ((person_id > 908593) AND (role_id = 6))
        Rows Removed by Filter: 35625218
  ->  Hash  (cost=67604.59..67604.59 rows=66731 width=4) (actual time=1096.543..1096.543 rows=67342 loops=1)
        Buckets: 131072  Batches: 1  Memory Usage: 3392kB
        ->  Seq Scan on title t  (cost=0.00..67604.59 rows=66731 width=4) (actual time=0.086..1068.343 rows=67342 loops=1)
              Filter: (production_year > 2012)
              Rows Removed by Filter: 2460970
Planning time: 0.778 ms
Execution time: 15311.688 ms
