Nested Loop  (cost=0.43..83071.67 rows=246 width=0) (actual time=1.540..1380.328 rows=1922 loops=1)
  ->  Seq Scan on movie_keyword mk  (cost=0.00..81003.12 rows=246 width=4) (actual time=1.464..1287.727 rows=1922 loops=1)
        Filter: (keyword_id = 3338)
        Rows Removed by Filter: 4522008
  ->  Index Only Scan using title_pkey on title t  (cost=0.43..8.40 rows=1 width=4) (actual time=0.046..0.047 rows=1 loops=1922)
        Index Cond: (id = mk.movie_id)
        Heap Fetches: 1922
Planning time: 0.764 ms
Execution time: 1381.110 ms
