Seq Scan on title t  (cost=0.00..67604.59 rows=1077339 width=0) (actual time=0.022..1257.328 rows=1074765 loops=1)
  Filter: (production_year < 2001)
  Rows Removed by Filter: 1453547
Planning time: 0.315 ms
Execution time: 1394.260 ms
