Hash Join  (cost=134416.46..1220953.28 rows=5133364 width=0) (actual time=2740.948..34274.694 rows=5907855 loops=1)
  Hash Cond: (ci.movie_id = t.id)
  ->  Seq Scan on cast_info ci  (cost=0.00..614943.12 rows=36225612 width=4) (actual time=0.021..13068.029 rows=36244344 loops=1)
  ->  Hash  (cost=128537.63..128537.63 rows=358306 width=8) (actual time=2740.025..2740.025 rows=198525 loops=1)
        Buckets: 131072  Batches: 8  Memory Usage: 2004kB
        ->  Hash Join  (cost=84697.09..128537.63 rows=358306 width=8) (actual time=1813.645..2676.911 rows=198525 loops=1)
              Hash Cond: (mi_idx.movie_id = t.id)
              ->  Seq Scan on movie_info_idx mi_idx  (cost=0.00..21735.35 rows=1380035 width=4) (actual time=0.023..429.368 rows=1380035 loops=1)
              ->  Hash  (cost=73925.90..73925.90 rows=656495 width=4) (actual time=1463.394..1463.394 rows=556797 loops=1)
                    Buckets: 131072  Batches: 16  Memory Usage: 2246kB
                    ->  Seq Scan on title t  (cost=0.00..73925.90 rows=656495 width=4) (actual time=0.029..1284.508 rows=556797 loops=1)
                          Filter: ((production_year < 2001) AND (kind_id = 7))
                          Rows Removed by Filter: 1971515
Planning time: 2.469 ms
Execution time: 35012.308 ms
