Seq Scan on movie_keyword mk  (cost=0.00..81003.12 rows=612394 width=0) (actual time=0.016..1321.091 rows=612698 loops=1)
  Filter: (keyword_id < 462)
  Rows Removed by Filter: 3911232
Planning time: 0.365 ms
Execution time: 1401.596 ms
