Hash Join  (cost=207860.66..246322.92 rows=127636 width=0) (actual time=4107.842..5195.013 rows=541193 loops=1)
  Hash Cond: (mi_idx.movie_id = t.id)
  ->  Seq Scan on movie_info_idx mi_idx  (cost=0.00..25185.44 rows=919057 width=4) (actual time=0.018..511.828 rows=920110 loops=1)
        Filter: (info_type_id > 99)
        Rows Removed by Filter: 459925
  ->  Hash  (cost=202099.23..202099.23 rows=351154 width=8) (actual time=4106.936..4106.936 rows=348923 loops=1)
        Buckets: 131072  Batches: 8  Memory Usage: 2752kB
        ->  Hash Join  (cost=102767.86..202099.23 rows=351154 width=8) (actual time=1901.273..4001.006 rows=348923 loops=1)
              Hash Cond: (mk.movie_id = t.id)
              ->  Seq Scan on movie_keyword mk  (cost=0.00..81003.12 rows=351154 width=4) (actual time=0.015..1400.562 rows=348923 loops=1)
                    Filter: (keyword_id > 47730)
                    Rows Removed by Filter: 4175007
              ->  Hash  (cost=61283.27..61283.27 rows=2528527 width=4) (actual time=1899.815..1899.815 rows=2528312 loops=1)
                    Buckets: 131072  Batches: 64  Memory Usage: 2425kB
                    ->  Seq Scan on title t  (cost=0.00..61283.27 rows=2528527 width=4) (actual time=0.011..1030.697 rows=2528312 loops=1)
Planning time: 1.201 ms
Execution time: 5260.422 ms
