Hash Join  (cost=102767.86..174734.73 rows=172919 width=0) (actual time=2067.300..3254.876 rows=69339 loops=1)
  Hash Cond: (mc.movie_id = t.id)
  ->  Seq Scan on movie_companies mc  (cost=0.00..57926.93 rows=172919 width=4) (actual time=175.553..893.624 rows=69339 loops=1)
        Filter: ((company_id < 165) AND (company_type_id > 1))
        Rows Removed by Filter: 2539790
  ->  Hash  (cost=61283.27..61283.27 rows=2528527 width=4) (actual time=1890.434..1890.434 rows=2528312 loops=1)
        Buckets: 131072  Batches: 64  Memory Usage: 2415kB
        ->  Seq Scan on title t  (cost=0.00..61283.27 rows=2528527 width=4) (actual time=0.014..1037.095 rows=2528312 loops=1)
Planning time: 0.783 ms
Execution time: 3263.796 ms
