Hash Join  (cost=294066.65..842494.26 rows=8349253 width=0) (actual time=7601.832..26966.442 rows=36679149 loops=1)
  Hash Cond: (mi.movie_id = t.id)
  ->  Seq Scan on movie_info mi  (cost=0.00..346232.03 rows=8508011 width=4) (actual time=612.461..6461.516 rows=8612226 loops=1)
        Filter: (info_type_id < 9)
        Rows Removed by Filter: 6223494
  ->  Hash  (cost=253356.84..253356.84 rows=2481345 width=8) (actual time=6965.293..6965.293 rows=2473213 loops=1)
        Buckets: 131072  Batches: 64  Memory Usage: 2634kB
        ->  Hash Join  (cost=102767.86..253356.84 rows=2481345 width=8) (actual time=1967.342..6225.328 rows=2473213 loops=1)
              Hash Cond: (mk.movie_id = t.id)
              ->  Seq Scan on movie_keyword mk  (cost=0.00..81003.12 rows=2481345 width=4) (actual time=0.032..1555.916 rows=2473213 loops=1)
                    Filter: (keyword_id > 3658)
                    Rows Removed by Filter: 2050717
              ->  Hash  (cost=61283.27..61283.27 rows=2528527 width=4) (actual time=1965.507..1965.507 rows=2528312 loops=1)
                    Buckets: 131072  Batches: 64  Memory Usage: 2425kB
                    ->  Seq Scan on title t  (cost=0.00..61283.27 rows=2528527 width=4) (actual time=0.027..1103.193 rows=2528312 loops=1)
Planning time: 1.715 ms
Execution time: 31211.757 ms
