Hash Join  (cost=242966.99..1609044.67 rows=27937450 width=0) (actual time=5558.807..54877.009 rows=59471934 loops=1)
  Hash Cond: (ci.movie_id = t.id)
  ->  Seq Scan on cast_info ci  (cost=0.00..614943.12 rows=36225612 width=4) (actual time=0.023..13317.734 rows=36244344 loops=1)
  ->  Hash  (cost=210973.76..210973.76 rows=1950018 width=8) (actual time=5557.329..5557.329 rows=1956340 loops=1)
        Buckets: 131072  Batches: 32  Memory Usage: 3392kB
        ->  Hash Join  (cost=102767.86..210973.76 rows=1950018 width=8) (actual time=1900.225..4974.518 rows=1956340 loops=1)
              Hash Cond: (mc.movie_id = t.id)
              ->  Seq Scan on movie_companies mc  (cost=0.00..51404.11 rows=1950018 width=4) (actual time=0.032..1032.175 rows=1956340 loops=1)
                    Filter: (company_id > 895)
                    Rows Removed by Filter: 652789
              ->  Hash  (cost=61283.27..61283.27 rows=2528527 width=4) (actual time=1898.671..1898.671 rows=2528312 loops=1)
                    Buckets: 131072  Batches: 64  Memory Usage: 2415kB
                    ->  Seq Scan on title t  (cost=0.00..61283.27 rows=2528527 width=4) (actual time=0.012..1068.248 rows=2528312 loops=1)
Planning time: 1.131 ms
Execution time: 61699.056 ms
