Seq Scan on movie_keyword mk  (cost=0.00..81003.12 rows=133551 width=0) (actual time=159.009..1033.175 rows=130323 loops=1)
  Filter: (keyword_id > 76355)
  Rows Removed by Filter: 4393607
Planning time: 1.958 ms
Execution time: 1049.379 ms
