Hash Join  (cost=92883.59..193112.68 rows=1589916 width=0) (actual time=1777.889..4663.882 rows=717308 loops=1)
  Hash Cond: (mc.movie_id = t.id)
  ->  Seq Scan on movie_companies mc  (cost=0.00..44881.29 rows=2609129 width=4) (actual time=0.011..950.946 rows=2609129 loops=1)
  ->  Hash  (cost=67604.59..67604.59 rows=1540800 width=4) (actual time=1681.154..1681.154 rows=1543264 loops=1)
        Buckets: 131072  Batches: 32  Memory Usage: 2722kB
        ->  Seq Scan on title t  (cost=0.00..67604.59 rows=1540800 width=4) (actual time=89.325..1193.052 rows=1543264 loops=1)
              Filter: (kind_id > 6)
              Rows Removed by Filter: 985048
Planning time: 0.742 ms
Execution time: 4746.873 ms
