Seq Scan on cast_info ci  (cost=0.00..796071.18 rows=2175796 width=0) (actual time=4010.350..12074.021 rows=1081981 loops=1)
  Filter: ((person_id < 803944) AND (role_id > 4))
  Rows Removed by Filter: 35162363
Planning time: 0.411 ms
Execution time: 12208.175 ms
