Seq Scan on movie_companies mc  (cost=0.00..57926.93 rows=1109 width=0) (actual time=736.733..898.336 rows=4 loops=1)
  Filter: ((company_type_id < 2) AND (company_id = 6893))
  Rows Removed by Filter: 2609125
Planning time: 0.396 ms
Execution time: 898.431 ms
