Hash Join  (cost=84302.23..124885.84 rows=229871 width=0) (actual time=1490.092..2583.050 rows=121874 loops=1)
  Hash Cond: (mi_idx.movie_id = t.id)
  ->  Seq Scan on movie_info_idx mi_idx  (cost=0.00..25185.44 rows=919057 width=4) (actual time=0.015..540.158 rows=920110 loops=1)
        Filter: (info_type_id > 99)
        Rows Removed by Filter: 459925
  ->  Hash  (cost=73925.90..73925.90 rows=632426 width=4) (actual time=1487.502..1487.502 rows=674499 loops=1)
        Buckets: 131072  Batches: 16  Memory Usage: 2509kB
        ->  Seq Scan on title t  (cost=0.00..73925.90 rows=632426 width=4) (actual time=0.023..1266.838 rows=674499 loops=1)
              Filter: ((kind_id > 2) AND (production_year > 2006))
              Rows Removed by Filter: 1853813
Planning time: 0.768 ms
Execution time: 2599.743 ms
