Hash Join  (cost=83074.74..142538.70 rows=40 width=0) (actual time=1338.296..2248.807 rows=14 loops=1)
  Hash Cond: (mc.movie_id = t.id)
  ->  Seq Scan on movie_companies mc  (cost=0.00..57926.93 rows=409765 width=4) (actual time=0.015..935.311 rows=734057 loops=1)
        Filter: ((company_id > 29178) AND (company_type_id > 1))
        Rows Removed by Filter: 1875072
  ->  Hash  (cost=83071.67..83071.67 rows=246 width=8) (actual time=1211.943..1211.943 rows=15 loops=1)
        Buckets: 1024  Batches: 1  Memory Usage: 9kB
        ->  Nested Loop  (cost=0.43..83071.67 rows=246 width=8) (actual time=20.387..1211.914 rows=15 loops=1)
              ->  Seq Scan on movie_keyword mk  (cost=0.00..81003.12 rows=246 width=4) (actual time=20.274..1211.021 rows=15 loops=1)
                    Filter: (keyword_id = 17506)
                    Rows Removed by Filter: 4523915
              ->  Index Only Scan using title_pkey on title t  (cost=0.43..8.40 rows=1 width=4) (actual time=0.050..0.052 rows=1 loops=15)
                    Index Cond: (id = mk.movie_id)
                    Heap Fetches: 15
Planning time: 7.404 ms
Execution time: 2248.962 ms
