Hash Join  (cost=87301.44..173948.28 rows=841231 width=0) (actual time=1622.311..4028.662 rows=534381 loops=1)
  Hash Cond: (mc.movie_id = t.id)
  ->  Seq Scan on movie_companies mc  (cost=0.00..44881.29 rows=2609129 width=4) (actual time=0.014..873.345 rows=2609129 loops=1)
  ->  Hash  (cost=73925.90..73925.90 rows=815243 width=4) (actual time=1621.275..1621.275 rows=876186 loops=1)
        Buckets: 131072  Batches: 16  Memory Usage: 2955kB
        ->  Seq Scan on title t  (cost=0.00..73925.90 rows=815243 width=4) (actual time=0.016..1338.725 rows=876186 loops=1)
              Filter: ((kind_id > 1) AND (production_year > 2004))
              Rows Removed by Filter: 1652126
Planning time: 0.853 ms
Execution time: 4096.728 ms
