Hash Join  (cost=100978.37..482863.75 rows=11721 width=0) (actual time=2571.727..9619.453 rows=23376 loops=1)
  Hash Cond: (mi.movie_id = t.id)
  ->  Seq Scan on movie_info mi  (cost=0.00..346232.03 rows=9476311 width=4) (actual time=742.120..6413.092 rows=9565151 loops=1)
        Filter: (info_type_id < 16)
        Rows Removed by Filter: 5270569
  ->  Hash  (cost=100939.28..100939.28 rows=3127 width=8) (actual time=1736.177..1736.177 rows=3693 loops=1)
        Buckets: 4096  Batches: 1  Memory Usage: 177kB
        ->  Hash Join  (cost=73997.53..100939.28 rows=3127 width=8) (actual time=1237.009..1734.613 rows=3693 loops=1)
              Hash Cond: (mi_idx.movie_id = t.id)
              ->  Seq Scan on movie_info_idx mi_idx  (cost=0.00..21735.35 rows=1380035 width=4) (actual time=0.031..333.217 rows=1380035 loops=1)
              ->  Hash  (cost=73925.90..73925.90 rows=5730 width=4) (actual time=1134.444..1134.444 rows=3289 loops=1)
                    Buckets: 8192  Batches: 1  Memory Usage: 180kB
                    ->  Seq Scan on title t  (cost=0.00..73925.90 rows=5730 width=4) (actual time=0.063..1132.612 rows=3289 loops=1)
                          Filter: ((kind_id = 3) AND (production_year = 2010))
                          Rows Removed by Filter: 2525023
Planning time: 1.241 ms
Execution time: 9623.493 ms
