Hash Join  (cost=262390.74..1470131.38 rows=15075644 width=0) (actual time=8129.040..51523.843 rows=52850558 loops=1)
  Hash Cond: (ci.movie_id = t.id)
  ->  Seq Scan on cast_info ci  (cost=0.00..796071.18 rows=19776199 width=4) (actual time=777.561..18424.599 rows=22008842 loops=1)
        Filter: ((person_id > 547240) AND (role_id > 1))
        Rows Removed by Filter: 14235502
  ->  Hash  (cost=230766.64..230766.64 rows=1927528 width=8) (actual time=7350.158..7350.158 rows=2529592 loops=1)
        Buckets: 131072 (originally 131072)  Batches: 64 (originally 32)  Memory Usage: 4028kB
        ->  Hash Join  (cost=85280.32..230766.64 rows=1927528 width=8) (actual time=1967.240..6639.876 rows=2529592 loops=1)
              Hash Cond: (mk.movie_id = t.id)
              ->  Seq Scan on movie_keyword mk  (cost=0.00..69693.30 rows=4523930 width=4) (actual time=0.024..1358.848 rows=4523930 loops=1)
              ->  Hash  (cost=67604.59..67604.59 rows=1077339 width=4) (actual time=1966.049..1966.049 rows=1074765 loops=1)
                    Buckets: 131072  Batches: 16  Memory Usage: 3396kB
                    ->  Seq Scan on title t  (cost=0.00..67604.59 rows=1077339 width=4) (actual time=0.019..1151.687 rows=1074765 loops=1)
                          Filter: (production_year < 2001)
                          Rows Removed by Filter: 1453547
Planning time: 1.166 ms
Execution time: 57367.368 ms
