Seq Scan on movie_keyword mk  (cost=0.00..81003.12 rows=3507118 width=0) (actual time=0.021..1573.726 rows=3501170 loops=1)
  Filter: (keyword_id > 995)
  Rows Removed by Filter: 1022760
Planning time: 0.339 ms
Execution time: 2014.991 ms
