Seq Scan on movie_keyword mk  (cost=0.00..81003.12 rows=1832015 width=0) (actual time=0.014..1364.763 rows=1837988 loops=1)
  Filter: (keyword_id > 7579)
  Rows Removed by Filter: 2685942
Planning time: 0.252 ms
Execution time: 1599.837 ms
