Seq Scan on movie_keyword mk  (cost=0.00..81003.12 rows=1938320 width=0) (actual time=0.027..1379.597 rows=1947506 loops=1)
  Filter: (keyword_id > 6669)
  Rows Removed by Filter: 2576424
Planning time: 0.335 ms
Execution time: 1622.728 ms
