Seq Scan on movie_keyword mk  (cost=0.00..81003.12 rows=2316224 width=0) (actual time=0.020..1481.647 rows=2313606 loops=1)
  Filter: (keyword_id > 4458)
  Rows Removed by Filter: 2210324
Planning time: 0.354 ms
Execution time: 1774.840 ms
