Seq Scan on movie_keyword mk  (cost=0.00..81003.12 rows=873859 width=0) (actual time=0.024..1314.014 rows=880189 loops=1)
  Filter: (keyword_id < 833)
  Rows Removed by Filter: 3643741
Planning time: 0.337 ms
Execution time: 1422.338 ms
