Seq Scan on movie_companies mc  (cost=0.00..51404.11 rows=2118296 width=0) (actual time=0.032..563.887 rows=2121774 loops=1)
  Filter: (company_id > 425)
  Rows Removed by Filter: 487355
Planning time: 0.354 ms
Execution time: 746.619 ms
