Seq Scan on movie_companies mc  (cost=0.00..57926.93 rows=362883 width=0) (actual time=0.018..915.774 rows=519693 loops=1)
  Filter: ((company_id < 1435) AND (company_type_id < 2))
  Rows Removed by Filter: 2089436
Planning time: 0.304 ms
Execution time: 983.541 ms
