Seq Scan on movie_keyword mk  (cost=0.00..81003.12 rows=3220655 width=0) (actual time=0.026..1473.631 rows=3211796 loops=1)
  Filter: (keyword_id > 1717)
  Rows Removed by Filter: 1312134
Planning time: 0.382 ms
Execution time: 1881.843 ms
