Hash Join  (cost=74099.05..912973.70 rows=61630 width=0) (actual time=948.615..19176.039 rows=76304 loops=1)
  Hash Cond: (ci.movie_id = t.id)
  ->  Seq Scan on cast_info ci  (cost=0.00..796071.18 rows=11249910 width=4) (actual time=0.022..15614.662 rows=13049754 loops=1)
        Filter: ((person_id > 1079462) AND (role_id > 2))
        Rows Removed by Filter: 23194590
  ->  Hash  (cost=73925.90..73925.90 rows=13852 width=4) (actual time=948.008..948.008 rows=10385 loops=1)
        Buckets: 16384  Batches: 1  Memory Usage: 494kB
        ->  Seq Scan on title t  (cost=0.00..73925.90 rows=13852 width=4) (actual time=0.324..944.065 rows=10385 loops=1)
              Filter: ((kind_id < 4) AND (production_year = 1997))
              Rows Removed by Filter: 2517927
Planning time: 0.788 ms
Execution time: 19194.452 ms
