Hash Join  (cost=82131.75..464883.82 rows=768523 width=0) (actual time=2714.772..8586.115 rows=958789 loops=1)
  Hash Cond: (mi.movie_id = t.id)
  ->  Seq Scan on movie_info mi  (cost=0.00..346232.03 rows=2194617 width=4) (actual time=1245.729..5626.926 rows=2233850 loops=1)
        Filter: (info_type_id > 16)
        Rows Removed by Filter: 12601870
  ->  Hash  (cost=67604.59..67604.59 rows=885453 width=4) (actual time=1433.664..1433.664 rows=885650 loops=1)
        Buckets: 131072  Batches: 16  Memory Usage: 2979kB
        ->  Seq Scan on title t  (cost=0.00..67604.59 rows=885453 width=4) (actual time=0.047..1131.253 rows=885650 loops=1)
              Filter: (production_year < 1997)
              Rows Removed by Filter: 1642662
Planning time: 0.793 ms
Execution time: 8697.454 ms
