Seq Scan on cast_info ci  (cost=0.00..796071.18 rows=1245463 width=0) (actual time=5398.500..11947.839 rows=2461468 loops=1)
  Filter: ((person_id < 328866) AND (role_id = 1))
  Rows Removed by Filter: 33782876
Planning time: 0.400 ms
Execution time: 12248.303 ms
