Hash Join  (cost=102767.86..987179.54 rows=3260708 width=0) (actual time=8281.029..21396.604 rows=7582325 loops=1)
  Hash Cond: (ci.movie_id = t.id)
  ->  Seq Scan on cast_info ci  (cost=0.00..796071.18 rows=3260708 width=4) (actual time=6359.366..13685.618 rows=7582325 loops=1)
        Filter: ((person_id > 2743347) AND (role_id > 3))
        Rows Removed by Filter: 28662019
  ->  Hash  (cost=61283.27..61283.27 rows=2528527 width=4) (actual time=1919.531..1919.531 rows=2528312 loops=1)
        Buckets: 131072  Batches: 64  Memory Usage: 2415kB
        ->  Seq Scan on title t  (cost=0.00..61283.27 rows=2528527 width=4) (actual time=0.015..1119.062 rows=2528312 loops=1)
Planning time: 0.818 ms
Execution time: 22145.444 ms
