Seq Scan on movie_keyword mk  (cost=0.00..81003.12 rows=2078919 width=0) (actual time=0.029..1393.722 rows=2077905 loops=1)
  Filter: (keyword_id > 5828)
  Rows Removed by Filter: 2446025
Planning time: 0.323 ms
Execution time: 1650.245 ms
