Nested Loop  (cost=44377.22..132839.35 rows=6506 width=0) (actual time=1264.204..1898.912 rows=324 loops=1)
  Join Filter: (mc.movie_id = t.id)
  ->  Hash Join  (cost=44376.79..104715.61 rows=47434 width=8) (actual time=1264.081..1889.831 rows=561 loops=1)
        Hash Cond: (mc.movie_id = mi_idx.movie_id)
        ->  Seq Scan on movie_companies mc  (cost=0.00..51404.11 rows=16785 width=4) (actual time=4.897..891.806 rows=16220 loops=1)
              Filter: (company_id = 166)
              Rows Removed by Filter: 2592909
        ->  Hash  (cost=21735.35..21735.35 rows=1380035 width=4) (actual time=815.879..815.879 rows=1380035 loops=1)
              Buckets: 131072  Batches: 32  Memory Usage: 2540kB
              ->  Seq Scan on movie_info_idx mi_idx  (cost=0.00..21735.35 rows=1380035 width=4) (actual time=0.027..411.703 rows=1380035 loops=1)
  ->  Index Scan using title_pkey on title t  (cost=0.43..0.58 rows=1 width=4) (actual time=0.015..0.015 rows=1 loops=561)
        Index Cond: (id = mi_idx.movie_id)
        Filter: (production_year < 2009)
        Rows Removed by Filter: 0
Planning time: 0.904 ms
Execution time: 1899.077 ms
