Seq Scan on cast_info ci  (cost=0.00..796071.18 rows=176 width=0) (actual time=6800.523..10724.202 rows=126 loops=1)
  Filter: ((person_id = 1292461) AND (role_id = 1))
  Rows Removed by Filter: 36244218
Planning time: 0.418 ms
Execution time: 10724.326 ms
