Hash Join  (cost=74462.98..427793.09 rows=30770 width=0) (actual time=1666.105..7796.466 rows=45040 loops=1)
  Hash Cond: (mi.movie_id = t.id)
  ->  Seq Scan on movie_info mi  (cost=0.00..346232.03 rows=1810770 width=4) (actual time=323.634..5585.858 rows=1865632 loops=1)
        Filter: (info_type_id > 17)
        Rows Removed by Filter: 12970088
  ->  Hash  (cost=73925.90..73925.90 rows=42966 width=4) (actual time=1335.154..1335.154 rows=112512 loops=1)
        Buckets: 131072 (originally 65536)  Batches: 2 (originally 1)  Memory Usage: 3073kB
        ->  Seq Scan on title t  (cost=0.00..73925.90 rows=42966 width=4) (actual time=0.042..1287.759 rows=112512 loops=1)
              Filter: ((kind_id < 7) AND (production_year < 1929))
              Rows Removed by Filter: 2415800
Planning time: 0.741 ms
Execution time: 7804.031 ms
