Hash Join  (cost=230288.21..1402994.52 rows=13521618 width=0) (actual time=5212.765..49436.378 rows=46755837 loops=1)
  Hash Cond: (ci.movie_id = t.id)
  ->  Seq Scan on cast_info ci  (cost=0.00..614943.12 rows=36225612 width=4) (actual time=0.021..13811.767 rows=36244344 loops=1)
  ->  Hash  (cost=214803.70..214803.70 rows=943801 width=8) (actual time=5211.657..5211.657 rows=1083169 loops=1)
        Buckets: 131072  Batches: 16  Memory Usage: 3697kB
        ->  Hash Join  (cost=101489.21..214803.70 rows=943801 width=8) (actual time=2011.356..4871.903 rows=1083169 loops=1)
              Hash Cond: (mk.movie_id = t.id)
              ->  Seq Scan on movie_keyword mk  (cost=0.00..81003.12 rows=1155470 width=4) (actual time=0.027..1587.229 rows=1159861 loops=1)
                    Filter: (keyword_id < 1382)
                    Rows Removed by Filter: 3364069
              ->  Hash  (cost=67604.59..67604.59 rows=2065330 width=4) (actual time=2010.110..2010.110 rows=2064552 loops=1)
                    Buckets: 131072  Batches: 32  Memory Usage: 3298kB
                    ->  Seq Scan on title t  (cost=0.00..67604.59 rows=2065330 width=4) (actual time=0.014..1311.539 rows=2064552 loops=1)
                          Filter: (production_year < 2011)
                          Rows Removed by Filter: 463760
Planning time: 1.143 ms
Execution time: 54887.771 ms
