Hash Join  (cost=461452.96..589587.21 rows=503322 width=0) (actual time=8608.820..12174.908 rows=1264576 loops=1)
  Hash Cond: (mk.movie_id = t.id)
  ->  Seq Scan on movie_keyword mk  (cost=0.00..69693.30 rows=4523930 width=4) (actual time=0.012..1553.673 rows=4523930 loops=1)
  ->  Hash  (cost=456837.48..456837.48 rows=281318 width=8) (actual time=8605.317..8605.317 rows=246442 loops=1)
        Buckets: 131072  Batches: 4  Memory Usage: 3427kB
        ->  Hash Join  (cost=71408.55..456837.48 rows=281318 width=8) (actual time=3600.131..8515.738 rows=246442 loops=1)
              Hash Cond: (mi.movie_id = t.id)
              ->  Seq Scan on movie_info mi  (cost=0.00..346232.03 rows=3068194 width=4) (actual time=2423.669..5893.517 rows=3036719 loops=1)
                    Filter: (info_type_id = 16)
                    Rows Removed by Filter: 11799001
              ->  Hash  (cost=67604.59..67604.59 rows=231837 width=4) (actual time=1175.529..1175.529 rows=231649 loops=1)
                    Buckets: 131072  Batches: 4  Memory Usage: 3082kB
                    ->  Seq Scan on title t  (cost=0.00..67604.59 rows=231837 width=4) (actual time=0.023..1096.028 rows=231649 loops=1)
                          Filter: (production_year > 2011)
                          Rows Removed by Filter: 2296663
Planning time: 1.161 ms
Execution time: 12333.803 ms
