Hash Join  (cost=123741.96..1185586.92 rows=2729672 width=0) (actual time=2745.412..32400.989 rows=7667197 loops=1)
  Hash Cond: (ci.movie_id = t.id)
  ->  Seq Scan on cast_info ci  (cost=0.00..614943.12 rows=36225612 width=4) (actual time=0.020..12799.493 rows=36244344 loops=1)
  ->  Hash  (cost=120615.34..120615.34 rows=190530 width=8) (actual time=2744.649..2744.649 rows=246428 loops=1)
        Buckets: 131072  Batches: 4  Memory Usage: 3430kB
        ->  Hash Join  (cost=79653.55..120615.34 rows=190530 width=8) (actual time=1338.795..2684.251 rows=246428 loops=1)
              Hash Cond: (mi_idx.movie_id = t.id)
              ->  Seq Scan on movie_info_idx mi_idx  (cost=0.00..21735.35 rows=1380035 width=4) (actual time=0.015..500.115 rows=1380035 loops=1)
              ->  Hash  (cost=73925.90..73925.90 rows=349092 width=4) (actual time=1257.184..1257.184 rows=265275 loops=1)
                    Buckets: 131072  Batches: 8  Memory Usage: 2190kB
                    ->  Seq Scan on title t  (cost=0.00..73925.90 rows=349092 width=4) (actual time=140.015..1172.128 rows=265275 loops=1)
                          Filter: ((production_year > 2001) AND (kind_id = 1))
                          Rows Removed by Filter: 2263037
Planning time: 1.196 ms
Execution time: 33254.713 ms
