Hash Join  (cost=92883.59..193112.68 rows=1589916 width=0) (actual time=1839.654..4921.994 rows=717308 loops=1)
  Hash Cond: (mc.movie_id = t.id)
  ->  Seq Scan on movie_companies mc  (cost=0.00..44881.29 rows=2609129 width=4) (actual time=0.022..850.814 rows=2609129 loops=1)
  ->  Hash  (cost=67604.59..67604.59 rows=1540800 width=4) (actual time=1838.378..1838.378 rows=1543264 loops=1)
        Buckets: 131072  Batches: 32  Memory Usage: 2722kB
        ->  Seq Scan on title t  (cost=0.00..67604.59 rows=1540800 width=4) (actual time=0.012..1330.847 rows=1543264 loops=1)
              Filter: (kind_id = 7)
              Rows Removed by Filter: 985048
Planning time: 0.724 ms
Execution time: 5017.630 ms
