Seq Scan on movie_companies mc  (cost=0.00..51404.11 rows=1690206 width=0) (actual time=0.024..957.184 rows=1682544 loops=1)
  Filter: (company_id < 19687)
  Rows Removed by Filter: 926585
Planning time: 0.331 ms
Execution time: 1181.574 ms
