Hash Join  (cost=84618.08..168938.28 rows=672468 width=0) (actual time=1626.268..3938.174 rows=505607 loops=1)
  Hash Cond: (mc.movie_id = t.id)
  ->  Seq Scan on movie_companies mc  (cost=0.00..44881.29 rows=2609129 width=4) (actual time=0.008..898.480 rows=2609129 loops=1)
  ->  Hash  (cost=73925.90..73925.90 rows=651694 width=4) (actual time=1625.221..1625.221 rows=532575 loops=1)
        Buckets: 131072  Batches: 16  Memory Usage: 2197kB
        ->  Seq Scan on title t  (cost=0.00..73925.90 rows=651694 width=4) (actual time=0.026..1432.338 rows=532575 loops=1)
              Filter: ((kind_id > 1) AND (production_year < 1997))
              Rows Removed by Filter: 1995737
Planning time: 1.650 ms
Execution time: 3999.420 ms
