Seq Scan on movie_keyword mk  (cost=0.00..81003.12 rows=246 width=0) (actual time=2.556..1285.855 rows=681 loops=1)
  Filter: (keyword_id = 8177)
  Rows Removed by Filter: 4523249
Planning time: 0.361 ms
Execution time: 1286.217 ms
