Seq Scan on movie_keyword mk  (cost=0.00..81003.12 rows=246 width=0) (actual time=250.907..1279.076 rows=9 loops=1)
  Filter: (keyword_id = 44066)
  Rows Removed by Filter: 4523921
Planning time: 0.367 ms
Execution time: 1279.169 ms
