Seq Scan on movie_companies mc  (cost=0.00..51404.11 rows=801533 width=0) (actual time=0.025..841.034 rows=794209 loops=1)
  Filter: (company_id < 1716)
  Rows Removed by Filter: 1814920
Planning time: 0.368 ms
Execution time: 941.920 ms
