Seq Scan on cast_info ci  (cost=0.00..705507.15 rows=500 width=0) (actual time=827.361..10707.475 rows=121 loops=1)
  Filter: (person_id = 639035)
  Rows Removed by Filter: 36244223
Planning time: 0.376 ms
Execution time: 10707.565 ms
