Seq Scan on cast_info ci  (cost=0.00..796071.18 rows=10692721 width=0) (actual time=1762.478..15308.599 rows=8543456 loops=1)
  Filter: ((person_id > 552359) AND (role_id = 1))
  Rows Removed by Filter: 27700888
Planning time: 0.451 ms
Execution time: 16351.989 ms
