Hash Join  (cost=78556.72..887069.31 rows=182751 width=0) (actual time=12716.596..15048.473 rows=319662 loops=1)
  Hash Cond: (ci.movie_id = t.id)
  ->  Seq Scan on cast_info ci  (cost=0.00..796071.18 rows=692238 width=4) (actual time=11399.157..13089.659 rows=868340 loops=1)
        Filter: ((person_id > 2197861) AND (role_id = 8))
        Rows Removed by Filter: 35376004
  ->  Hash  (cost=67604.59..67604.59 rows=667531 width=4) (actual time=1316.200..1316.200 rows=662825 loops=1)
        Buckets: 131072  Batches: 16  Memory Usage: 2476kB
        ->  Seq Scan on title t  (cost=0.00..67604.59 rows=667531 width=4) (actual time=294.779..1102.676 rows=662825 loops=1)
              Filter: (kind_id < 2)
              Rows Removed by Filter: 1865487
Planning time: 0.796 ms
Execution time: 15089.158 ms
