Hash Join  (cost=77280.64..1141175.17 rows=2929236 width=0) (actual time=1192.170..32299.073 rows=3817231 loops=1)
  Hash Cond: (ci.movie_id = t.id)
  ->  Seq Scan on cast_info ci  (cost=0.00..614943.12 rows=36225612 width=4) (actual time=0.025..13155.672 rows=36244344 loops=1)
  ->  Hash  (cost=73925.90..73925.90 rows=204459 width=4) (actual time=1191.267..1191.267 rows=313929 loops=1)
        Buckets: 131072  Batches: 4  Memory Usage: 3786kB
        ->  Seq Scan on title t  (cost=0.00..73925.90 rows=204459 width=4) (actual time=0.068..1089.592 rows=313929 loops=1)
              Filter: ((kind_id < 7) AND (production_year < 1981))
              Rows Removed by Filter: 2214383
Planning time: 0.890 ms
Execution time: 32777.158 ms
