Hash Join  (cost=81925.97..863736.80 rows=1063461 width=0) (actual time=1541.017..16617.226 rows=1423781 loops=1)
  Hash Cond: (ci.movie_id = t.id)
  ->  Seq Scan on cast_info ci  (cost=0.00..705507.15 rows=5514687 width=4) (actual time=0.018..11874.689 rows=5589097 loops=1)
        Filter: (person_id > 3093501)
        Rows Removed by Filter: 30655247
  ->  Hash  (cost=73925.90..73925.90 rows=487605 width=4) (actual time=1540.204..1540.204 rows=501779 loops=1)
        Buckets: 131072  Batches: 8  Memory Usage: 3231kB
        ->  Seq Scan on title t  (cost=0.00..73925.90 rows=487605 width=4) (actual time=0.012..1382.503 rows=501779 loops=1)
              Filter: ((kind_id > 1) AND (production_year > 2008))
              Rows Removed by Filter: 2026533
Planning time: 0.553 ms
Execution time: 16802.335 ms
