Hash Join  (cost=58375.85..409348.60 rows=26 width=0) (actual time=1036.846..6233.124 rows=5 loops=1)
  Hash Cond: (mi.movie_id = t.id)
  ->  Seq Scan on movie_info mi  (cost=0.00..346232.03 rows=1264125 width=4) (actual time=31.306..5148.529 rows=1288928 loops=1)
        Filter: (info_type_id = 2)
        Rows Removed by Filter: 13546792
  ->  Hash  (cost=58375.18..58375.18 rows=53 width=8) (actual time=900.848..900.848 rows=444 loops=1)
        Buckets: 1024  Batches: 1  Memory Usage: 26kB
        ->  Nested Loop  (cost=0.43..58375.18 rows=53 width=8) (actual time=56.301..900.647 rows=444 loops=1)
              ->  Seq Scan on movie_companies mc  (cost=0.00..57926.93 rows=53 width=4) (actual time=56.208..895.518 rows=444 loops=1)
                    Filter: ((company_id = 80472) AND (company_type_id = 2))
                    Rows Removed by Filter: 2608685
              ->  Index Only Scan using title_pkey on title t  (cost=0.43..8.45 rows=1 width=4) (actual time=0.011..0.011 rows=1 loops=444)
                    Index Cond: (id = mc.movie_id)
                    Heap Fetches: 444
Planning time: 0.934 ms
Execution time: 6233.208 ms
