Hash Join  (cost=199350.98..656251.03 rows=790231 width=219) (actual time=8142.157..13915.492 rows=1604340 loops=1)
  Hash Cond: (mi.movie_id = t.id)
  ->  Seq Scan on movie_info mi  (cost=0.00..346232.03 rows=3068194 width=75) (actual time=4111.047..7534.017 rows=3036719 loops=1)
        Filter: (info_type_id = 16)
        Rows Removed by Filter: 11799001
  ->  Hash  (cost=177854.53..177854.53 rows=651236 width=144) (actual time=4030.426..4030.426 rows=539725 loops=1)
        Buckets: 32768  Batches: 32  Memory Usage: 2513kB
        ->  Hash Join  (cost=99998.69..177854.53 rows=651236 width=144) (actual time=2002.491..3700.663 rows=539725 loops=1)
              Hash Cond: (mi_idx.movie_id = t.id)
              ->  Seq Scan on movie_info_idx mi_idx  (cost=0.00..21735.35 rows=1380035 width=50) (actual time=0.018..454.127 rows=1380035 loops=1)
              ->  Hash  (cost=67604.59..67604.59 rows=1193208 width=94) (actual time=2000.291..2000.291 rows=1192518 loops=1)
                    Buckets: 32768  Batches: 64  Memory Usage: 2371kB
                    ->  Seq Scan on title t  (cost=0.00..67604.59 rows=1193208 width=94) (actual time=0.025..1455.425 rows=1192518 loops=1)
                          Filter: (production_year > 2003)
                          Rows Removed by Filter: 1335794
Planning time: 2.609 ms
Execution time: 13999.249 ms
