Hash Join  (cost=117446.07..209948.57 rows=1001997 width=144) (actual time=2591.270..4589.316 rows=975233 loops=1)
  Hash Cond: (mi_idx.movie_id = t.id)
  ->  Seq Scan on movie_info_idx mi_idx  (cost=0.00..21735.35 rows=1380035 width=50) (actual time=0.028..398.024 rows=1380035 loops=1)
  ->  Hash  (cost=67604.59..67604.59 rows=1835879 width=94) (actual time=2588.863..2588.863 rows=1833367 loops=1)
        Buckets: 32768  Batches: 64  Memory Usage: 3492kB
        ->  Seq Scan on title t  (cost=0.00..67604.59 rows=1835879 width=94) (actual time=0.014..1784.133 rows=1833367 loops=1)
              Filter: (production_year > 1986)
              Rows Removed by Filter: 694945
Planning time: 1.214 ms
Execution time: 4640.579 ms
