Seq Scan on title t  (cost=0.00..73925.90 rows=6504 width=0) (actual time=437.000..1050.273 rows=3580 loops=1)
  Filter: ((kind_id = 3) AND (production_year = 2011))
  Rows Removed by Filter: 2524732
Planning time: 3.530 ms
Execution time: 1051.222 ms
