Seq Scan on movie_keyword mk  (cost=0.00..81003.12 rows=2943086 width=0) (actual time=0.026..968.810 rows=2928143 loops=1)
  Filter: (keyword_id < 9647)
  Rows Removed by Filter: 1595787
Planning time: 0.334 ms
Execution time: 1251.364 ms
