Seq Scan on cast_info ci  (cost=0.00..705507.15 rows=6698516 width=0) (actual time=61.476..11476.965 rows=6782351 loops=1)
  Filter: (person_id > 2983677)
  Rows Removed by Filter: 29461993
Planning time: 0.327 ms
Execution time: 12324.003 ms
