Hash Join  (cost=77037.46..203173.52 rows=339303 width=0) (actual time=1272.479..4980.569 rows=1109562 loops=1)
  Hash Cond: (mk.movie_id = t.id)
  ->  Seq Scan on movie_keyword mk  (cost=0.00..69693.30 rows=4523930 width=4) (actual time=0.025..1588.964 rows=4523930 loops=1)
  ->  Hash  (cost=73925.90..73925.90 rows=189644 width=4) (actual time=1271.514..1271.514 rows=294316 loops=1)
        Buckets: 131072  Batches: 4  Memory Usage: 3621kB
        ->  Seq Scan on title t  (cost=0.00..73925.90 rows=189644 width=4) (actual time=0.073..1171.144 rows=294316 loops=1)
              Filter: ((kind_id < 7) AND (production_year < 1978))
              Rows Removed by Filter: 2233996
Planning time: 0.817 ms
Execution time: 5125.955 ms
