Hash Join  (cost=132876.29..880373.21 rows=442235 width=0) (actual time=3838.576..16709.189 rows=1543704 loops=1)
  Hash Cond: (ci.movie_id = t.id)
  ->  Seq Scan on cast_info ci  (cost=0.00..705507.15 rows=3128110 width=4) (actual time=537.088..11570.409 rows=3035289 loops=1)
        Filter: (person_id < 294594)
        Rows Removed by Filter: 33209055
  ->  Hash  (cost=127010.93..127010.93 rows=357469 width=8) (actual time=3300.319..3300.319 rows=636038 loops=1)
        Buckets: 131072 (originally 131072)  Batches: 16 (originally 8)  Memory Usage: 3073kB
        ->  Hash Join  (cost=83810.17..127010.93 rows=357469 width=8) (actual time=1490.173..3111.903 rows=636038 loops=1)
              Hash Cond: (mi_idx.movie_id = t.id)
              ->  Seq Scan on movie_info_idx mi_idx  (cost=0.00..25185.44 rows=915101 width=4) (actual time=0.030..536.348 rows=919850 loops=1)
                    Filter: (info_type_id < 101)
                    Rows Removed by Filter: 460185
              ->  Hash  (cost=67604.59..67604.59 rows=987727 width=4) (actual time=1488.786..1488.786 rows=985048 loops=1)
                    Buckets: 131072  Batches: 16  Memory Usage: 3188kB
                    ->  Seq Scan on title t  (cost=0.00..67604.59 rows=987727 width=4) (actual time=0.017..1180.664 rows=985048 loops=1)
                          Filter: (kind_id < 7)
                          Rows Removed by Filter: 1543264
Planning time: 1.209 ms
Execution time: 16880.712 ms
