Nested Loop  (cost=0.43..52283.95 rows=27 width=0) (actual time=30.836..911.636 rows=257 loops=1)
  ->  Seq Scan on movie_companies mc  (cost=0.00..51404.11 rows=104 width=4) (actual time=1.598..863.232 rows=1385 loops=1)
        Filter: (company_id = 398)
        Rows Removed by Filter: 2607744
  ->  Index Scan using title_pkey on title t  (cost=0.43..8.45 rows=1 width=4) (actual time=0.034..0.034 rows=0 loops=1385)
        Index Cond: (id = mc.movie_id)
        Filter: (kind_id = 1)
        Rows Removed by Filter: 1
Planning time: 0.751 ms
Execution time: 911.843 ms
