Nested Loop  (cost=25190.47..106244.59 rows=1 width=0) (actual time=1441.247..1671.631 rows=2 loops=1)
  ->  Hash Join  (cost=25190.04..106236.22 rows=1 width=8) (actual time=1441.133..1671.485 rows=2 loops=1)
        Hash Cond: (mk.movie_id = mi_idx.movie_id)
        ->  Seq Scan on movie_keyword mk  (cost=0.00..81003.12 rows=246 width=4) (actual time=2.546..1296.035 rows=250 loops=1)
              Filter: (keyword_id = 11786)
              Rows Removed by Filter: 4523680
        ->  Hash  (cost=25185.44..25185.44 rows=368 width=4) (actual time=375.184..375.184 rows=260 loops=1)
              Buckets: 1024  Batches: 1  Memory Usage: 18kB
              ->  Seq Scan on movie_info_idx mi_idx  (cost=0.00..25185.44 rows=368 width=4) (actual time=308.090..375.130 rows=260 loops=1)
                    Filter: (info_type_id > 101)
                    Rows Removed by Filter: 1379775
  ->  Index Only Scan using title_pkey on title t  (cost=0.43..8.36 rows=1 width=4) (actual time=0.047..0.048 rows=1 loops=2)
        Index Cond: (id = mi_idx.movie_id)
        Heap Fetches: 2
Planning time: 1.342 ms
Execution time: 1671.719 ms
