Hash Join  (cost=83074.63..109985.86 rows=75 width=0) (actual time=1393.190..1991.489 rows=7194 loops=1)
  Hash Cond: (mi_idx.movie_id = t.id)
  ->  Seq Scan on movie_info_idx mi_idx  (cost=0.00..21735.35 rows=1380035 width=4) (actual time=0.024..324.923 rows=1380035 loops=1)
  ->  Hash  (cost=83072.90..83072.90 rows=138 width=8) (actual time=1392.241..1392.241 rows=3958 loops=1)
        Buckets: 4096 (originally 1024)  Batches: 1 (originally 1)  Memory Usage: 187kB
        ->  Nested Loop  (cost=0.43..83072.90 rows=138 width=8) (actual time=0.663..1389.916 rows=3958 loops=1)
              ->  Seq Scan on movie_keyword mk  (cost=0.00..81003.12 rows=246 width=4) (actual time=0.625..1257.449 rows=4196 loops=1)
                    Filter: (keyword_id = 1578)
                    Rows Removed by Filter: 4519734
              ->  Index Scan using title_pkey on title t  (cost=0.43..8.40 rows=1 width=4) (actual time=0.030..0.031 rows=1 loops=4196)
                    Index Cond: (id = mk.movie_id)
                    Filter: ((kind_id > 1) AND (production_year < 2010))
                    Rows Removed by Filter: 0
Planning time: 1.222 ms
Execution time: 1992.622 ms
