Hash Join  (cost=102767.86..951169.40 rows=5527901 width=0) (actual time=2525.600..19095.178 rows=5448098 loops=1)
  Hash Cond: (ci.movie_id = t.id)
  ->  Seq Scan on cast_info ci  (cost=0.00..705507.15 rows=5527901 width=4) (actual time=563.796..12027.478 rows=5448098 loops=1)
        Filter: (person_id < 525566)
        Rows Removed by Filter: 30796246
  ->  Hash  (cost=61283.27..61283.27 rows=2528527 width=4) (actual time=1960.627..1960.627 rows=2528312 loops=1)
        Buckets: 131072  Batches: 64  Memory Usage: 2415kB
        ->  Seq Scan on title t  (cost=0.00..61283.27 rows=2528527 width=4) (actual time=0.026..1078.846 rows=2528312 loops=1)
Planning time: 0.735 ms
Execution time: 19718.467 ms
