Seq Scan on title t  (cost=0.00..73925.90 rows=516541 width=0) (actual time=0.028..1099.320 rows=440918 loops=1)
  Filter: ((kind_id < 7) AND (production_year > 2001))
  Rows Removed by Filter: 2087394
Planning time: 0.332 ms
Execution time: 1163.972 ms
