Hash Join  (cost=102767.86..1373201.66 rows=19303177 width=0) (actual time=1932.457..44066.817 rows=21790058 loops=1)
  Hash Cond: (ci.movie_id = t.id)
  ->  Seq Scan on cast_info ci  (cost=0.00..796071.18 rows=19303177 width=4) (actual time=0.015..18451.705 rows=21790058 loops=1)
        Filter: ((person_id > 615414) AND (role_id > 1))
        Rows Removed by Filter: 14454286
  ->  Hash  (cost=61283.27..61283.27 rows=2528527 width=4) (actual time=1931.542..1931.542 rows=2528312 loops=1)
        Buckets: 131072  Batches: 64  Memory Usage: 2415kB
        ->  Seq Scan on title t  (cost=0.00..61283.27 rows=2528527 width=4) (actual time=0.017..1082.925 rows=2528312 loops=1)
Planning time: 0.808 ms
Execution time: 46661.655 ms
