Seq Scan on movie_companies mc  (cost=0.00..57926.93 rows=304747 width=0) (actual time=227.106..1005.437 rows=598768 loops=1)
  Filter: ((company_id > 66589) AND (company_type_id = 2))
  Rows Removed by Filter: 2010361
Planning time: 0.478 ms
Execution time: 1087.234 ms
