Hash Join  (cost=164084.07..530423.74 rows=168376 width=0) (actual time=2752.365..12550.178 rows=4192699 loops=1)
  Hash Cond: (mi.movie_id = t.id)
  ->  Seq Scan on movie_info mi  (cost=0.00..309384.22 rows=14739122 width=4) (actual time=0.015..4612.571 rows=14835720 loops=1)
  ->  Hash  (cost=163723.00..163723.00 rows=28885 width=8) (actual time=2752.118..2752.118 rows=66018 loops=1)
        Buckets: 131072 (originally 32768)  Batches: 1 (originally 1)  Memory Usage: 3603kB
        ->  Hash Join  (cost=78556.72..163723.00 rows=28885 width=8) (actual time=1292.859..2732.440 rows=66018 loops=1)
              Hash Cond: (mk.movie_id = t.id)
              ->  Seq Scan on movie_keyword mk  (cost=0.00..81003.12 rows=109414 width=4) (actual time=0.027..1267.844 rows=121921 loops=1)
                    Filter: (keyword_id < 117)
                    Rows Removed by Filter: 4402009
              ->  Hash  (cost=67604.59..67604.59 rows=667531 width=4) (actual time=1291.477..1291.477 rows=662825 loops=1)
                    Buckets: 131072  Batches: 16  Memory Usage: 2486kB
                    ->  Seq Scan on title t  (cost=0.00..67604.59 rows=667531 width=4) (actual time=0.021..1072.223 rows=662825 loops=1)
                          Filter: (kind_id < 2)
                          Rows Removed by Filter: 1865487
Planning time: 1.210 ms
Execution time: 13095.520 ms
