Seq Scan on movie_keyword mk  (cost=0.00..81003.12 rows=2357366 width=0) (actual time=0.023..1598.404 rows=2353915 loops=1)
  Filter: (keyword_id > 4202)
  Rows Removed by Filter: 2170015
Planning time: 0.283 ms
Execution time: 1915.492 ms
