Hash Join  (cost=160526.42..1393881.84 rows=11717941 width=0) (actual time=3127.240..40452.024 rows=14811741 loops=1)
  Hash Cond: (ci.movie_id = t.id)
  ->  Seq Scan on cast_info ci  (cost=0.00..705507.15 rows=35233040 width=4) (actual time=0.021..17037.694 rows=35379997 loops=1)
        Filter: (person_id > 90931)
        Rows Removed by Filter: 864347
  ->  Hash  (cost=146729.58..146729.58 rows=840947 width=8) (actual time=3125.959..3125.959 rows=425718 loops=1)
        Buckets: 131072  Batches: 16  Memory Usage: 2062kB
        ->  Hash Join  (cost=92883.59..146729.58 rows=840947 width=8) (actual time=2051.242..3015.121 rows=425718 loops=1)
              Hash Cond: (mi_idx.movie_id = t.id)
              ->  Seq Scan on movie_info_idx mi_idx  (cost=0.00..21735.35 rows=1380035 width=4) (actual time=0.022..437.657 rows=1380035 loops=1)
              ->  Hash  (cost=67604.59..67604.59 rows=1540800 width=4) (actual time=1609.173..1609.173 rows=1543264 loops=1)
                    Buckets: 131072  Batches: 32  Memory Usage: 2722kB
                    ->  Seq Scan on title t  (cost=0.00..67604.59 rows=1540800 width=4) (actual time=0.017..1128.325 rows=1543264 loops=1)
                          Filter: (kind_id = 7)
                          Rows Removed by Filter: 985048
Planning time: 1.231 ms
Execution time: 42233.105 ms
