Seq Scan on movie_keyword mk  (cost=0.00..81003.12 rows=246 width=0) (actual time=206.336..1335.786 rows=5 loops=1)
  Filter: (keyword_id = 76890)
  Rows Removed by Filter: 4523925
Planning time: 0.367 ms
Execution time: 1335.880 ms
