Hash Join  (cost=102767.86..1153758.70 rows=10183487 width=0) (actual time=1989.174..30745.749 rows=12670688 loops=1)
  Hash Cond: (ci.movie_id = t.id)
  ->  Seq Scan on cast_info ci  (cost=0.00..796071.18 rows=10183487 width=4) (actual time=0.044..16672.671 rows=12670688 loops=1)
        Filter: ((person_id < 2939409) AND (role_id < 2))
        Rows Removed by Filter: 23573656
  ->  Hash  (cost=61283.27..61283.27 rows=2528527 width=4) (actual time=1987.841..1987.841 rows=2528312 loops=1)
        Buckets: 131072  Batches: 64  Memory Usage: 2415kB
        ->  Seq Scan on title t  (cost=0.00..61283.27 rows=2528527 width=4) (actual time=0.020..1106.252 rows=2528312 loops=1)
Planning time: 0.856 ms
Execution time: 32354.994 ms
