Hash Join  (cost=137547.92..223544.84 rows=30778 width=0) (actual time=2928.607..4568.656 rows=21074 loops=1)
  Hash Cond: (mk.movie_id = t.id)
  ->  Seq Scan on movie_keyword mk  (cost=0.00..81003.12 rows=324005 width=4) (actual time=0.018..1461.884 rows=343974 loops=1)
        Filter: (keyword_id < 286)
        Rows Removed by Filter: 4179956
  ->  Hash  (cost=133606.52..133606.52 rows=240192 width=8) (actual time=2927.851..2927.851 rows=133253 loops=1)
        Buckets: 131072  Batches: 4  Memory Usage: 2329kB
        ->  Hash Join  (cost=95541.49..133606.52 rows=240192 width=8) (actual time=1896.036..2882.473 rows=133253 loops=1)
              Hash Cond: (mi_idx.movie_id = t.id)
              ->  Seq Scan on movie_info_idx mi_idx  (cost=0.00..25185.44 rows=460978 width=4) (actual time=0.030..488.698 rows=459925 loops=1)
                    Filter: (info_type_id = 99)
                    Rows Removed by Filter: 920110
              ->  Hash  (cost=73925.90..73925.90 rows=1317487 width=4) (actual time=1894.477..1894.477 rows=1399348 loops=1)
                    Buckets: 131072  Batches: 32  Memory Usage: 2563kB
                    ->  Seq Scan on title t  (cost=0.00..73925.90 rows=1317487 width=4) (actual time=0.016..1439.073 rows=1399348 loops=1)
                          Filter: ((production_year > 1964) AND (kind_id = 7))
                          Rows Removed by Filter: 1128964
Planning time: 1.201 ms
Execution time: 4572.103 ms
