Seq Scan on cast_info ci  (cost=0.00..705507.15 rows=15928180 width=0) (actual time=0.249..11378.096 rows=16056243 loops=1)
  Filter: (person_id > 2028436)
  Rows Removed by Filter: 20188101
Planning time: 0.334 ms
Execution time: 13261.460 ms
