Nested Loop  (cost=0.43..83071.67 rows=246 width=0) (actual time=22.075..839.830 rows=79 loops=1)
  ->  Seq Scan on movie_keyword mk  (cost=0.00..81003.12 rows=246 width=4) (actual time=21.986..837.236 rows=79 loops=1)
        Filter: (keyword_id = 12880)
        Rows Removed by Filter: 4523851
  ->  Index Only Scan using title_pkey on title t  (cost=0.43..8.40 rows=1 width=4) (actual time=0.029..0.030 rows=1 loops=79)
        Index Cond: (id = mk.movie_id)
        Heap Fetches: 79
Planning time: 0.796 ms
Execution time: 839.943 ms
