Seq Scan on cast_info ci  (cost=0.00..796071.18 rows=55 width=0) (actual time=8701.683..10714.908 rows=5 loops=1)
  Filter: ((person_id = 1625371) AND (role_id = 3))
  Rows Removed by Filter: 36244339
Planning time: 0.492 ms
Execution time: 10715.041 ms
