Hash Join  (cost=219197.63..377076.41 rows=2326270 width=0) (actual time=5976.791..8374.461 rows=1259503 loops=1)
  Hash Cond: (mk.movie_id = t.id)
  ->  Seq Scan on movie_keyword mk  (cost=0.00..81003.12 rows=3699590 width=4) (actual time=0.008..1678.041 rows=3690905 loops=1)
        Filter: (keyword_id < 22098)
        Rows Removed by Filter: 833025
  ->  Hash  (cost=193112.68..193112.68 rows=1589916 width=8) (actual time=4714.804..4714.804 rows=717308 loops=1)
        Buckets: 131072  Batches: 32  Memory Usage: 1877kB
        ->  Hash Join  (cost=92883.59..193112.68 rows=1589916 width=8) (actual time=1968.769..4511.339 rows=717308 loops=1)
              Hash Cond: (mc.movie_id = t.id)
              ->  Seq Scan on movie_companies mc  (cost=0.00..44881.29 rows=2609129 width=4) (actual time=0.009..843.771 rows=2609129 loops=1)
              ->  Hash  (cost=67604.59..67604.59 rows=1540800 width=4) (actual time=1967.438..1967.438 rows=1543264 loops=1)
                    Buckets: 131072  Batches: 32  Memory Usage: 2722kB
                    ->  Seq Scan on title t  (cost=0.00..67604.59 rows=1540800 width=4) (actual time=0.007..1429.637 rows=1543264 loops=1)
                          Filter: (kind_id = 7)
                          Rows Removed by Filter: 985048
Planning time: 1.176 ms
Execution time: 8523.412 ms
