Seq Scan on movie_keyword mk  (cost=0.00..81003.12 rows=2034381 width=0) (actual time=0.014..1444.425 rows=2039123 loops=1)
  Filter: (keyword_id < 3644)
  Rows Removed by Filter: 2484807
Planning time: 0.323 ms
Execution time: 1701.810 ms
