Hash Join  (cost=89762.59..176736.61 rows=21908 width=0) (actual time=1624.230..3033.033 rows=35355 loops=1)
  Hash Cond: (mk.movie_id = t.id)
  ->  Seq Scan on movie_keyword mk  (cost=0.00..81003.12 rows=41017 width=4) (actual time=0.234..1146.188 rows=41840 loops=1)
        Filter: (keyword_id = 117)
        Rows Removed by Filter: 4482090
  ->  Hash  (cost=67604.59..67604.59 rows=1350560 width=4) (actual time=1623.082..1623.082 rows=1348293 loops=1)
        Buckets: 131072  Batches: 32  Memory Usage: 2513kB
        ->  Seq Scan on title t  (cost=0.00..67604.59 rows=1350560 width=4) (actual time=0.023..1170.609 rows=1348293 loops=1)
              Filter: (production_year < 2005)
              Rows Removed by Filter: 1180019
Planning time: 0.812 ms
Execution time: 3037.478 ms
