Hash Join  (cost=68332.59..156032.62 rows=104200 width=0) (actual time=1036.118..2984.430 rows=114472 loops=1)
  Hash Cond: (mk.movie_id = t.id)
  ->  Seq Scan on movie_keyword mk  (cost=0.00..69693.30 rows=4523930 width=4) (actual time=0.011..1016.829 rows=4523930 loops=1)
  ->  Hash  (cost=67604.59..67604.59 rows=58240 width=4) (actual time=1035.719..1035.719 rows=58590 loops=1)
        Buckets: 65536  Batches: 1  Memory Usage: 2572kB
        ->  Seq Scan on title t  (cost=0.00..67604.59 rows=58240 width=4) (actual time=0.026..1010.896 rows=58590 loops=1)
              Filter: (production_year = 2001)
              Rows Removed by Filter: 2469722
Planning time: 1.763 ms
Execution time: 2999.932 ms
