Hash Join  (cost=102767.86..219259.89 rows=1064302 width=0) (actual time=1975.288..4681.257 rows=1074122 loops=1)
  Hash Cond: (mk.movie_id = t.id)
  ->  Seq Scan on movie_keyword mk  (cost=0.00..81003.12 rows=1064302 width=4) (actual time=0.034..1468.854 rows=1074122 loops=1)
        Filter: (keyword_id > 16447)
        Rows Removed by Filter: 3449808
  ->  Hash  (cost=61283.27..61283.27 rows=2528527 width=4) (actual time=1971.054..1971.054 rows=2528312 loops=1)
        Buckets: 131072  Batches: 64  Memory Usage: 2425kB
        ->  Seq Scan on title t  (cost=0.00..61283.27 rows=2528527 width=4) (actual time=0.019..1110.370 rows=2528312 loops=1)
Planning time: 0.765 ms
Execution time: 4807.788 ms
