Seq Scan on movie_keyword mk  (cost=0.00..81003.12 rows=4415071 width=0) (actual time=0.018..1636.759 rows=4402019 loops=1)
  Filter: (keyword_id > 115)
  Rows Removed by Filter: 121911
Planning time: 0.267 ms
Execution time: 2185.369 ms
