Hash Join  (cost=73962.22..427995.17 rows=2383 width=0) (actual time=3359.302..6962.600 rows=9465 loops=1)
  Hash Cond: (mi.movie_id = t.id)
  ->  Seq Scan on movie_info mi  (cost=0.00..346232.03 rows=2073893 width=4) (actual time=2310.918..5535.227 rows=2091068 loops=1)
        Filter: (info_type_id < 3)
        Rows Removed by Filter: 12744652
  ->  Hash  (cost=73925.90..73925.90 rows=2905 width=4) (actual time=1048.069..1048.069 rows=5914 loops=1)
        Buckets: 8192 (originally 4096)  Batches: 1 (originally 1)  Memory Usage: 272kB
        ->  Seq Scan on title t  (cost=0.00..73925.90 rows=2905 width=4) (actual time=0.249..1044.955 rows=5914 loops=1)
              Filter: ((kind_id < 7) AND (production_year = 1974))
              Rows Removed by Filter: 2522398
Planning time: 0.583 ms
Execution time: 6964.567 ms
