Hash Join  (cost=103333.27..158139.45 rows=14065 width=0) (actual time=1858.633..3188.372 rows=84115 loops=1)
  Hash Cond: (mc.movie_id = t.id)
  ->  Seq Scan on movie_companies mc  (cost=0.00..44881.29 rows=2609129 width=4) (actual time=0.008..698.921 rows=2609129 loops=1)
  ->  Hash  (cost=103162.88..103162.88 rows=13631 width=8) (actual time=1858.454..1858.454 rows=26441 loops=1)
        Buckets: 32768 (originally 16384)  Batches: 1 (originally 1)  Memory Usage: 1289kB
        ->  Hash Join  (cost=74394.67..103162.88 rows=13631 width=8) (actual time=1134.062..1848.461 rows=26441 loops=1)
              Hash Cond: (mi_idx.movie_id = t.id)
              ->  Seq Scan on movie_info_idx mi_idx  (cost=0.00..25185.44 rows=919057 width=4) (actual time=0.024..503.918 rows=920110 loops=1)
                    Filter: (info_type_id > 99)
                    Rows Removed by Filter: 459925
              ->  Hash  (cost=73925.90..73925.90 rows=37501 width=4) (actual time=1133.690..1133.690 rows=32253 loops=1)
                    Buckets: 65536  Batches: 1  Memory Usage: 1646kB
                    ->  Seq Scan on title t  (cost=0.00..73925.90 rows=37501 width=4) (actual time=0.020..1120.240 rows=32253 loops=1)
                          Filter: ((kind_id < 7) AND (production_year = 2005))
                          Rows Removed by Filter: 2496059
Planning time: 1.143 ms
Execution time: 3200.004 ms
