Hash Join  (cost=83074.74..447745.01 rows=1434 width=0) (actual time=1455.876..8739.704 rows=49932 loops=1)
  Hash Cond: (mi.movie_id = t.id)
  ->  Seq Scan on movie_info mi  (cost=0.00..309384.22 rows=14739122 width=4) (actual time=0.014..4362.393 rows=14835720 loops=1)
  ->  Hash  (cost=83071.67..83071.67 rows=246 width=8) (actual time=1455.626..1455.626 rows=1514 loops=1)
        Buckets: 2048 (originally 1024)  Batches: 1 (originally 1)  Memory Usage: 76kB
        ->  Nested Loop  (cost=0.43..83071.67 rows=246 width=8) (actual time=0.942..1454.416 rows=1514 loops=1)
              ->  Seq Scan on movie_keyword mk  (cost=0.00..81003.12 rows=246 width=4) (actual time=0.876..1371.651 rows=1514 loops=1)
                    Filter: (keyword_id = 2359)
                    Rows Removed by Filter: 4522416
              ->  Index Only Scan using title_pkey on title t  (cost=0.43..8.40 rows=1 width=4) (actual time=0.053..0.053 rows=1 loops=1514)
                    Index Cond: (id = mk.movie_id)
                    Heap Fetches: 1514
Planning time: 1.096 ms
Execution time: 8748.488 ms
