Hash Join  (cost=223297.98..784135.21 rows=7594131 width=0) (actual time=5184.417..22841.592 rows=18550626 loops=1)
  Hash Cond: (mi.movie_id = t.id)
  ->  Seq Scan on movie_info mi  (cost=0.00..309384.22 rows=14739122 width=4) (actual time=0.019..6177.456 rows=14835720 loops=1)
  ->  Hash  (cost=201923.11..201923.11 rows=1302789 width=8) (actual time=5183.557..5183.557 rows=1283352 loops=1)
        Buckets: 131072  Batches: 32  Memory Usage: 2594kB
        ->  Hash Join  (cost=102767.86..201923.11 rows=1302789 width=8) (actual time=2258.449..4795.469 rows=1283352 loops=1)
              Hash Cond: (mc.movie_id = t.id)
              ->  Seq Scan on movie_companies mc  (cost=0.00..57926.93 rows=1302789 width=4) (actual time=338.182..1143.366 rows=1283352 loops=1)
                    Filter: ((company_id < 190263) AND (company_type_id = 2))
                    Rows Removed by Filter: 1325777
              ->  Hash  (cost=61283.27..61283.27 rows=2528527 width=4) (actual time=1918.942..1918.942 rows=2528312 loops=1)
                    Buckets: 131072  Batches: 64  Memory Usage: 2415kB
                    ->  Seq Scan on title t  (cost=0.00..61283.27 rows=2528527 width=4) (actual time=0.026..1052.565 rows=2528312 loops=1)
Planning time: 1.233 ms
Execution time: 24766.100 ms
