Seq Scan on cast_info ci  (cost=0.00..705507.15 rows=5991192 width=0) (actual time=3756.226..11606.899 rows=6059214 loops=1)
  Filter: (person_id > 3042716)
  Rows Removed by Filter: 30185130
Planning time: 0.363 ms
Execution time: 12358.720 ms
