Seq Scan on movie_companies mc  (cost=0.00..57926.93 rows=53 width=0) (actual time=393.611..862.851 rows=573 loops=1)
  Filter: ((company_id = 11208) AND (company_type_id = 2))
  Rows Removed by Filter: 2608556
Planning time: 0.378 ms
Execution time: 863.059 ms
