Hash Join  (cost=80562.70..973787.35 rows=2000611 width=0) (actual time=1463.797..22887.356 rows=2452780 loops=1)
  Hash Cond: (ci.movie_id = t.id)
  ->  Seq Scan on cast_info ci  (cost=0.00..796071.18 rows=6405163 width=4) (actual time=0.025..16808.196 rows=7451973 loops=1)
        Filter: ((person_id < 3244909) AND (role_id = 2))
        Rows Removed by Filter: 28792371
  ->  Hash  (cost=67604.59..67604.59 rows=789769 width=4) (actual time=1462.732..1462.732 rows=784926 loops=1)
        Buckets: 131072  Batches: 16  Memory Usage: 2749kB
        ->  Seq Scan on title t  (cost=0.00..67604.59 rows=789769 width=4) (actual time=0.014..1207.676 rows=784926 loops=1)
              Filter: (production_year > 2007)
              Rows Removed by Filter: 1743386
Planning time: 0.765 ms
Execution time: 23172.717 ms
