Hash Join  (cost=190230.21..1386044.30 rows=12645495 width=0) (actual time=4126.918..44914.613 rows=28515215 loops=1)
  Hash Cond: (ci.movie_id = t.id)
  ->  Seq Scan on cast_info ci  (cost=0.00..796071.18 rows=23169322 width=4) (actual time=0.020..19275.215 rows=26645334 loops=1)
        Filter: ((person_id < 3184258) AND (role_id < 5))
        Rows Removed by Filter: 9599010
  ->  Hash  (cost=167588.78..167588.78 rows=1380035 width=8) (actual time=4125.252..4125.252 rows=1380035 loops=1)
        Buckets: 131072  Batches: 32  Memory Usage: 2708kB
        ->  Hash Join  (cost=102767.86..167588.78 rows=1380035 width=8) (actual time=1857.209..3746.602 rows=1380035 loops=1)
              Hash Cond: (mi_idx.movie_id = t.id)
              ->  Seq Scan on movie_info_idx mi_idx  (cost=0.00..21735.35 rows=1380035 width=4) (actual time=0.014..424.335 rows=1380035 loops=1)
              ->  Hash  (cost=61283.27..61283.27 rows=2528527 width=4) (actual time=1855.704..1855.704 rows=2528312 loops=1)
                    Buckets: 131072  Batches: 64  Memory Usage: 2415kB
                    ->  Seq Scan on title t  (cost=0.00..61283.27 rows=2528527 width=4) (actual time=0.017..1043.223 rows=2528312 loops=1)
Planning time: 1.198 ms
Execution time: 48319.614 ms
