Nested Loop  (cost=0.43..28266.72 rows=157 width=0) (actual time=414.736..426.262 rows=186 loops=1)
  ->  Seq Scan on movie_info_idx mi_idx  (cost=0.00..25185.44 rows=368 width=4) (actual time=414.661..422.300 rows=260 loops=1)
        Filter: (info_type_id > 101)
        Rows Removed by Filter: 1379775
  ->  Index Scan using title_pkey on title t  (cost=0.43..8.36 rows=1 width=4) (actual time=0.015..0.015 rows=1 loops=260)
        Index Cond: (id = mi_idx.movie_id)
        Filter: (production_year < 2001)
        Rows Removed by Filter: 0
Planning time: 0.792 ms
Execution time: 426.418 ms
