Hash Join  (cost=102767.86..965921.17 rows=2377239 width=0) (actual time=6078.680..17784.315 rows=1503642 loops=1)
  Hash Cond: (ci.movie_id = t.id)
  ->  Seq Scan on cast_info ci  (cost=0.00..796071.18 rows=2377239 width=4) (actual time=4019.091..14263.495 rows=1503642 loops=1)
        Filter: ((person_id < 2167011) AND (role_id = 3))
        Rows Removed by Filter: 34740702
  ->  Hash  (cost=61283.27..61283.27 rows=2528527 width=4) (actual time=2058.435..2058.435 rows=2528312 loops=1)
        Buckets: 131072  Batches: 64  Memory Usage: 2415kB
        ->  Seq Scan on title t  (cost=0.00..61283.27 rows=2528527 width=4) (actual time=0.023..1218.038 rows=2528312 loops=1)
Planning time: 0.796 ms
Execution time: 17938.241 ms
