Seq Scan on cast_info ci  (cost=0.00..705507.15 rows=500 width=0) (actual time=320.569..11229.987 rows=2 loops=1)
  Filter: (person_id = 2499302)
  Rows Removed by Filter: 36244342
Planning time: 0.361 ms
Execution time: 11230.069 ms
