Nested Loop  (cost=0.43..797556.14 rows=69 width=0) (actual time=10616.264..10978.889 rows=22 loops=1)
  ->  Seq Scan on cast_info ci  (cost=0.00..796071.18 rows=176 width=4) (actual time=10616.189..10976.796 rows=22 loops=1)
        Filter: ((person_id = 310436) AND (role_id = 1))
        Rows Removed by Filter: 36244322
  ->  Index Scan using title_pkey on title t  (cost=0.43..8.43 rows=1 width=4) (actual time=0.093..0.094 rows=1 loops=22)
        Index Cond: (id = ci.movie_id)
        Filter: (kind_id < 7)
Planning time: 0.781 ms
Execution time: 10978.992 ms
