Nested Loop  (cost=0.43..709671.90 rows=500 width=0) (actual time=603.051..11076.953 rows=2 loops=1)
  ->  Seq Scan on cast_info ci  (cost=0.00..705507.15 rows=500 width=4) (actual time=602.982..11076.744 rows=2 loops=1)
        Filter: (person_id = 3205887)
        Rows Removed by Filter: 36244342
  ->  Index Only Scan using title_pkey on title t  (cost=0.43..8.32 rows=1 width=4) (actual time=0.056..0.056 rows=1 loops=2)
        Index Cond: (id = ci.movie_id)
        Heap Fetches: 2
Planning time: 0.751 ms
Execution time: 11077.025 ms
