Seq Scan on cast_info ci  (cost=0.00..796071.18 rows=225735 width=0) (actual time=5062.026..14356.057 rows=79884 loops=1)
  Filter: ((person_id < 2377633) AND (role_id = 11))
  Rows Removed by Filter: 36164460
Planning time: 3.720 ms
Execution time: 14365.775 ms
