Seq Scan on movie_keyword mk  (cost=0.00..81003.12 rows=246 width=0) (actual time=18.575..1229.101 rows=63 loops=1)
  Filter: (keyword_id = 10006)
  Rows Removed by Filter: 4523867
Planning time: 0.418 ms
Execution time: 1229.239 ms
