Hash Join  (cost=87180.69..224814.20 rows=1506210 width=0) (actual time=1797.224..5399.826 rows=1095804 loops=1)
  Hash Cond: (mk.movie_id = t.id)
  ->  Seq Scan on movie_keyword mk  (cost=0.00..81003.12 rows=3191809 width=4) (actual time=0.019..1723.246 rows=3177510 loops=1)
        Filter: (keyword_id < 12664)
        Rows Removed by Filter: 1346420
  ->  Hash  (cost=67604.59..67604.59 rows=1193208 width=4) (actual time=1795.996..1795.996 rows=1192518 loops=1)
        Buckets: 131072  Batches: 16  Memory Usage: 3654kB
        ->  Seq Scan on title t  (cost=0.00..67604.59 rows=1193208 width=4) (actual time=0.018..1411.871 rows=1192518 loops=1)
              Filter: (production_year > 2003)
              Rows Removed by Filter: 1335794
Planning time: 0.740 ms
Execution time: 5533.245 ms
