Hash Join  (cost=102767.86..863834.93 rows=1898457 width=0) (actual time=2214.772..15845.094 rows=1839794 loops=1)
  Hash Cond: (ci.movie_id = t.id)
  ->  Seq Scan on cast_info ci  (cost=0.00..705507.15 rows=1898457 width=4) (actual time=0.976..11762.089 rows=1839794 loops=1)
        Filter: (person_id < 181468)
        Rows Removed by Filter: 34404550
  ->  Hash  (cost=61283.27..61283.27 rows=2528527 width=4) (actual time=2211.862..2211.862 rows=2528312 loops=1)
        Buckets: 131072  Batches: 64  Memory Usage: 2415kB
        ->  Seq Scan on title t  (cost=0.00..61283.27 rows=2528527 width=4) (actual time=0.017..1119.481 rows=2528312 loops=1)
Planning time: 0.538 ms
Execution time: 16068.911 ms
