Hash Join  (cost=83073.53..939533.75 rows=320 width=0) (actual time=1654.291..18682.841 rows=1948 loops=1)
  Hash Cond: (ci.movie_id = t.id)
  ->  Seq Scan on cast_info ci  (cost=0.00..796071.18 rows=16102897 width=4) (actual time=369.173..15362.678 rows=15049866 loops=1)
        Filter: ((person_id > 679915) AND (role_id < 3))
        Rows Removed by Filter: 21194478
  ->  Hash  (cost=83072.90..83072.90 rows=50 width=8) (actual time=1272.790..1272.790 rows=70 loops=1)
        Buckets: 1024  Batches: 1  Memory Usage: 11kB
        ->  Nested Loop  (cost=0.43..83072.90 rows=50 width=8) (actual time=13.228..1272.648 rows=70 loops=1)
              ->  Seq Scan on movie_keyword mk  (cost=0.00..81003.12 rows=246 width=4) (actual time=1.025..1255.948 rows=206 loops=1)
                    Filter: (keyword_id = 69928)
                    Rows Removed by Filter: 4523724
              ->  Index Scan using title_pkey on title t  (cost=0.43..8.40 rows=1 width=4) (actual time=0.078..0.078 rows=0 loops=206)
                    Index Cond: (id = mk.movie_id)
                    Filter: ((kind_id < 7) AND (production_year > 2001))
                    Rows Removed by Filter: 1
Planning time: 1.291 ms
Execution time: 18684.148 ms
