Seq Scan on movie_companies mc  (cost=0.00..51404.11 rows=2131026 width=0) (actual time=0.017..882.830 rows=2128347 loops=1)
  Filter: (company_id < 75184)
  Rows Removed by Filter: 480782
Planning time: 0.382 ms
Execution time: 1116.274 ms
