Hash Join  (cost=102689.68..630364.50 rows=6130629 width=0) (actual time=2092.627..15259.127 rows=4073630 loops=1)
  Hash Cond: (mi.movie_id = t.id)
  ->  Seq Scan on movie_info mi  (cost=0.00..346232.03 rows=8841901 width=4) (actual time=15.402..6955.053 rows=8950757 loops=1)
        Filter: (info_type_id > 6)
        Rows Removed by Filter: 5884963
  ->  Hash  (cost=73925.90..73925.90 rows=1753182 width=4) (actual time=2076.458..2076.458 rows=1799905 loops=1)
        Buckets: 131072  Batches: 32  Memory Usage: 3013kB
        ->  Seq Scan on title t  (cost=0.00..73925.90 rows=1753182 width=4) (actual time=0.030..1503.673 rows=1799905 loops=1)
              Filter: ((kind_id > 1) AND (production_year > 1917))
              Rows Removed by Filter: 728407
Planning time: 0.514 ms
Execution time: 15758.760 ms
