Hash Join  (cost=165521.78..970619.57 rows=36115 width=0) (actual time=4029.583..15257.953 rows=4546 loops=1)
  Hash Cond: (ci.movie_id = t.id)
  ->  Seq Scan on cast_info ci  (cost=0.00..796071.18 rows=2310789 width=4) (actual time=1279.341..12214.724 rows=1373372 loops=1)
        Filter: ((person_id < 656479) AND (role_id > 3))
        Rows Removed by Filter: 34870972
  ->  Hash  (cost=165027.80..165027.80 rows=39518 width=8) (actual time=2749.625..2749.625 rows=6986 loops=1)
        Buckets: 65536  Batches: 1  Memory Usage: 785kB
        ->  Hash Join  (cost=77642.13..165027.80 rows=39518 width=8) (actual time=2199.837..2746.830 rows=6986 loops=1)
              Hash Cond: (mk.movie_id = t.id)
              ->  Seq Scan on movie_keyword mk  (cost=0.00..81003.12 rows=441165 width=4) (actual time=0.024..1307.947 rows=453330 loops=1)
                    Filter: (keyword_id < 348)
                    Rows Removed by Filter: 4070600
              ->  Hash  (cost=73925.90..73925.90 rows=226498 width=4) (actual time=1239.110..1239.110 rows=120787 loops=1)
                    Buckets: 131072  Batches: 4  Memory Usage: 2088kB
                    ->  Seq Scan on title t  (cost=0.00..73925.90 rows=226498 width=4) (actual time=0.021..1195.528 rows=120787 loops=1)
                          Filter: ((production_year < 1970) AND (kind_id = 7))
                          Rows Removed by Filter: 2407525
Planning time: 1.194 ms
Execution time: 15258.960 ms
