Seq Scan on movie_companies mc  (cost=0.00..51404.11 rows=2348713 width=0) (actual time=0.026..914.817 rows=2344707 loops=1)
  Filter: (company_id < 98685)
  Rows Removed by Filter: 264422
Planning time: 0.268 ms
Execution time: 1204.495 ms
