Hash Join  (cost=190230.21..316618.22 rows=1282444 width=0) (actual time=4208.215..8577.820 rows=5376065 loops=1)
  Hash Cond: (mk.movie_id = t.id)
  ->  Seq Scan on movie_keyword mk  (cost=0.00..81003.12 rows=2349719 width=4) (actual time=0.024..1620.820 rows=2347926 loops=1)
        Filter: (keyword_id < 5251)
        Rows Removed by Filter: 2176004
  ->  Hash  (cost=167588.78..167588.78 rows=1380035 width=8) (actual time=4206.939..4206.939 rows=1380035 loops=1)
        Buckets: 131072  Batches: 32  Memory Usage: 2726kB
        ->  Hash Join  (cost=102767.86..167588.78 rows=1380035 width=8) (actual time=1934.999..3824.315 rows=1380035 loops=1)
              Hash Cond: (mi_idx.movie_id = t.id)
              ->  Seq Scan on movie_info_idx mi_idx  (cost=0.00..21735.35 rows=1380035 width=4) (actual time=0.030..444.614 rows=1380035 loops=1)
              ->  Hash  (cost=61283.27..61283.27 rows=2528527 width=4) (actual time=1933.442..1933.442 rows=2528312 loops=1)
                    Buckets: 131072  Batches: 64  Memory Usage: 2415kB
                    ->  Seq Scan on title t  (cost=0.00..61283.27 rows=2528527 width=4) (actual time=0.017..1095.903 rows=2528312 loops=1)
Planning time: 1.273 ms
Execution time: 9215.397 ms
