Hash Join  (cost=74391.93..134681.14 rows=8937 width=0) (actual time=1414.736..2354.362 rows=7203 loops=1)
  Hash Cond: (mc.movie_id = t.id)
  ->  Seq Scan on movie_companies mc  (cost=0.00..57926.93 rows=606109 width=4) (actual time=291.766..997.988 rows=882158 loops=1)
        Filter: ((company_id > 12344) AND (company_type_id = 2))
        Rows Removed by Filter: 1726971
  ->  Hash  (cost=73925.90..73925.90 rows=37282 width=4) (actual time=1122.194..1122.194 rows=42986 loops=1)
        Buckets: 65536  Batches: 1  Memory Usage: 2024kB
        ->  Seq Scan on title t  (cost=0.00..73925.90 rows=37282 width=4) (actual time=0.067..1104.288 rows=42986 loops=1)
              Filter: ((kind_id > 1) AND (production_year = 1999))
              Rows Removed by Filter: 2485326
Planning time: 0.777 ms
Execution time: 2356.848 ms
