Seq Scan on movie_keyword mk  (cost=0.00..81003.12 rows=2555184 width=0) (actual time=0.030..1632.453 rows=2549507 loops=1)
  Filter: (keyword_id > 3462)
  Rows Removed by Filter: 1974423
Planning time: 0.369 ms
Execution time: 1944.669 ms
