Hash Join  (cost=82131.75..1246250.69 rows=12685677 width=0) (actual time=1398.376..35302.852 rows=11773996 loops=1)
  Hash Cond: (ci.movie_id = t.id)
  ->  Seq Scan on cast_info ci  (cost=0.00..614943.12 rows=36225612 width=4) (actual time=0.022..13256.827 rows=36244344 loops=1)
  ->  Hash  (cost=67604.59..67604.59 rows=885453 width=4) (actual time=1397.412..1397.412 rows=885650 loops=1)
        Buckets: 131072  Batches: 16  Memory Usage: 2972kB
        ->  Seq Scan on title t  (cost=0.00..67604.59 rows=885453 width=4) (actual time=0.025..1119.658 rows=885650 loops=1)
              Filter: (production_year < 1997)
              Rows Removed by Filter: 1642662
Planning time: 0.762 ms
Execution time: 36656.820 ms
