Hash Join  (cost=91522.40..236903.50 rows=1918906 width=0) (actual time=1842.465..5605.137 rows=949421 loops=1)
  Hash Cond: (mk.movie_id = t.id)
  ->  Seq Scan on movie_keyword mk  (cost=0.00..69693.30 rows=4523930 width=4) (actual time=0.024..1397.996 rows=4523930 loops=1)
  ->  Hash  (cost=73925.90..73925.90 rows=1072520 width=4) (actual time=1841.371..1841.371 rows=1179030 loops=1)
        Buckets: 131072  Batches: 16  Memory Usage: 3631kB
        ->  Seq Scan on title t  (cost=0.00..73925.90 rows=1072520 width=4) (actual time=0.020..1457.896 rows=1179030 loops=1)
              Filter: ((kind_id > 2) AND (production_year > 1997))
              Rows Removed by Filter: 1349282
Planning time: 0.771 ms
Execution time: 5718.917 ms
