Seq Scan on movie_companies mc  (cost=0.00..51404.11 rows=210215 width=0) (actual time=0.024..886.759 rows=210066 loops=1)
  Filter: (company_id < 69)
  Rows Removed by Filter: 2399063
Planning time: 0.319 ms
Execution time: 915.485 ms
