Hash Join  (cost=98595.81..221953.43 rows=1288186 width=0) (actual time=2016.564..4912.127 rows=1186852 loops=1)
  Hash Cond: (mk.movie_id = t.id)
  ->  Seq Scan on movie_keyword mk  (cost=0.00..81003.12 rows=1724326 width=4) (actual time=0.046..1464.081 rows=1734811 loops=1)
        Filter: (keyword_id > 8131)
        Rows Removed by Filter: 2789119
  ->  Hash  (cost=67604.59..67604.59 rows=1888978 width=4) (actual time=2014.496..2014.496 rows=1887769 loops=1)
        Buckets: 131072  Batches: 32  Memory Usage: 3114kB
        ->  Seq Scan on title t  (cost=0.00..67604.59 rows=1888978 width=4) (actual time=0.021..1384.087 rows=1887769 loops=1)
              Filter: (production_year > 1983)
              Rows Removed by Filter: 640543
Planning time: 0.709 ms
Execution time: 5054.255 ms
