Hash Join  (cost=203607.40..1268324.50 rows=3009291 width=0) (actual time=4465.809..35425.347 rows=10053850 loops=1)
  Hash Cond: (ci.movie_id = t.id)
  ->  Seq Scan on cast_info ci  (cost=0.00..614943.12 rows=36225612 width=4) (actual time=0.013..12968.950 rows=36244344 loops=1)
  ->  Hash  (cost=200160.81..200160.81 rows=210047 width=8) (actual time=4465.156..4465.156 rows=158445 loops=1)
        Buckets: 131072  Batches: 4  Memory Usage: 2570kB
        ->  Hash Join  (cost=76444.38..200160.81 rows=210047 width=8) (actual time=1146.466..4416.303 rows=158445 loops=1)
              Hash Cond: (mk.movie_id = t.id)
              ->  Seq Scan on movie_keyword mk  (cost=0.00..81003.12 rows=3460490 width=4) (actual time=0.012..1796.856 rows=3450385 loops=1)
                    Filter: (keyword_id < 16459)
                    Rows Removed by Filter: 1073545
              ->  Hash  (cost=73925.90..73925.90 rows=153478 width=4) (actual time=1142.932..1142.932 rows=134760 loops=1)
                    Buckets: 131072  Batches: 4  Memory Usage: 2222kB
                    ->  Seq Scan on title t  (cost=0.00..73925.90 rows=153478 width=4) (actual time=0.017..1094.498 rows=134760 loops=1)
                          Filter: ((kind_id < 7) AND (production_year > 2010))
                          Rows Removed by Filter: 2393552
Planning time: 0.830 ms
Execution time: 36516.042 ms
