Hash Join  (cost=84171.54..602817.55 rows=3640008 width=0) (actual time=1641.362..15257.068 rows=1864692 loops=1)
  Hash Cond: (mi.movie_id = t.id)
  ->  Seq Scan on movie_info mi  (cost=0.00..309384.22 rows=14739122 width=4) (actual time=0.029..6163.801 rows=14835720 loops=1)
  ->  Hash  (cost=73925.90..73925.90 rows=624451 width=4) (actual time=1640.504..1640.504 rows=521141 loops=1)
        Buckets: 131072  Batches: 16  Memory Usage: 2174kB
        ->  Seq Scan on title t  (cost=0.00..73925.90 rows=624451 width=4) (actual time=0.011..1461.556 rows=521141 loops=1)
              Filter: ((production_year < 2000) AND (kind_id = 7))
              Rows Removed by Filter: 2007171
Planning time: 0.785 ms
Execution time: 15484.632 ms
