Hash Join  (cost=166845.88..254871.71 rows=136779 width=0) (actual time=3569.236..5700.389 rows=623890 loops=1)
  Hash Cond: (mk.movie_id = t.id)
  ->  Seq Scan on movie_keyword mk  (cost=0.00..69693.30 rows=4523930 width=4) (actual time=0.026..1115.778 rows=4523930 loops=1)
  ->  Hash  (cost=165890.27..165890.27 rows=76449 width=8) (actual time=3568.523..3568.523 rows=75839 loops=1)
        Buckets: 131072  Batches: 1  Memory Usage: 3987kB
        ->  Hash Join  (cost=102767.86..165890.27 rows=76449 width=8) (actual time=1966.692..3542.520 rows=75839 loops=1)
              Hash Cond: (mc.movie_id = t.id)
              ->  Seq Scan on movie_companies mc  (cost=0.00..51404.11 rows=76449 width=4) (actual time=0.022..902.249 rows=75839 loops=1)
                    Filter: (company_id > 172665)
                    Rows Removed by Filter: 2533290
              ->  Hash  (cost=61283.27..61283.27 rows=2528527 width=4) (actual time=1965.834..1965.834 rows=2528312 loops=1)
                    Buckets: 131072  Batches: 64  Memory Usage: 2415kB
                    ->  Seq Scan on title t  (cost=0.00..61283.27 rows=2528527 width=4) (actual time=0.021..1129.608 rows=2528312 loops=1)
Planning time: 1.208 ms
Execution time: 5782.186 ms
