Hash Join  (cost=83074.74..434326.74 rows=130 width=0) (actual time=4478.968..6782.920 rows=6080 loops=1)
  Hash Cond: (mi.movie_id = t.id)
  ->  Seq Scan on movie_info mi  (cost=0.00..346232.03 rows=1338312 width=4) (actual time=3192.370..5285.224 rows=1401902 loops=1)
        Filter: (info_type_id = 7)
        Rows Removed by Filter: 13433818
  ->  Hash  (cost=83071.67..83071.67 rows=246 width=8) (actual time=1286.428..1286.428 rows=1628 loops=1)
        Buckets: 2048 (originally 1024)  Batches: 1 (originally 1)  Memory Usage: 80kB
        ->  Nested Loop  (cost=0.43..83071.67 rows=246 width=8) (actual time=0.396..1285.146 rows=1628 loops=1)
              ->  Seq Scan on movie_keyword mk  (cost=0.00..81003.12 rows=246 width=4) (actual time=0.309..1207.352 rows=1628 loops=1)
                    Filter: (keyword_id = 211)
                    Rows Removed by Filter: 4522302
              ->  Index Only Scan using title_pkey on title t  (cost=0.43..8.40 rows=1 width=4) (actual time=0.046..0.047 rows=1 loops=1628)
                    Index Cond: (id = mk.movie_id)
                    Heap Fetches: 1628
Planning time: 1.234 ms
Execution time: 6783.986 ms
