Hash Join  (cost=106021.40..832168.00 rows=482133 width=0) (actual time=3036.029..14946.916 rows=419357 loops=1)
  Hash Cond: (ci.movie_id = t.id)
  ->  Seq Scan on cast_info ci  (cost=0.00..705507.15 rows=520624 width=4) (actual time=605.700..11581.068 rows=431063 loops=1)
        Filter: (person_id < 48740)
        Rows Removed by Filter: 35813281
  ->  Hash  (cost=67604.59..67604.59 rows=2341585 width=4) (actual time=2429.388..2429.388 rows=2333286 loops=1)
        Buckets: 131072  Batches: 32  Memory Usage: 3591kB
        ->  Seq Scan on title t  (cost=0.00..67604.59 rows=2341585 width=4) (actual time=0.025..1399.782 rows=2333286 loops=1)
              Filter: (production_year > 1932)
              Rows Removed by Filter: 195026
Planning time: 4.190 ms
Execution time: 14991.123 ms
