Hash Join  (cost=151661.00..638082.21 rows=619928 width=0) (actual time=4027.463..19399.065 rows=11089409 loops=1)
  Hash Cond: (mi.movie_id = t.id)
  ->  Seq Scan on movie_info mi  (cost=0.00..309384.22 rows=14739122 width=4) (actual time=0.025..6399.417 rows=14835720 loops=1)
  ->  Hash  (cost=149915.63..149915.63 rows=106350 width=8) (actual time=3249.209..3249.209 rows=513225 loops=1)
        Buckets: 131072 (originally 131072)  Batches: 4 (originally 2)  Memory Usage: 6082kB
        ->  Hash Join  (cost=76423.37..149915.63 rows=106350 width=8) (actual time=995.047..3075.826 rows=513225 loops=1)
              Hash Cond: (mc.movie_id = t.id)
              ->  Seq Scan on movie_companies mc  (cost=0.00..51404.11 rows=1766839 width=4) (actual time=0.020..1014.846 rows=1772220 loops=1)
                    Filter: (company_id > 2165)
                    Rows Removed by Filter: 836909
              ->  Hash  (cost=73925.90..73925.90 rows=152197 width=4) (actual time=873.660..873.660 rows=287134 loops=1)
                    Buckets: 131072 (originally 131072)  Batches: 4 (originally 2)  Memory Usage: 3548kB
                    ->  Seq Scan on title t  (cost=0.00..73925.90 rows=152197 width=4) (actual time=2.001..774.989 rows=287134 loops=1)
                          Filter: ((production_year < 1984) AND (kind_id = 1))
                          Rows Removed by Filter: 2241178
Planning time: 1.253 ms
Execution time: 20708.722 ms
