Seq Scan on title t  (cost=0.00..73925.90 rows=152950 width=0) (actual time=0.022..1100.859 rows=157522 loops=1)
  Filter: ((kind_id > 3) AND (production_year > 2011))
  Rows Removed by Filter: 2370790
Planning time: 0.358 ms
Execution time: 1123.467 ms
