Hash Join  (cost=70443.90..99081.45 rows=564 width=0) (actual time=758.996..1369.488 rows=442 loops=1)
  Hash Cond: (mi_idx.movie_id = t.id)
  ->  Seq Scan on movie_info_idx mi_idx  (cost=0.00..25185.44 rows=919057 width=4) (actual time=0.026..487.631 rows=920110 loops=1)
        Filter: (info_type_id > 99)
        Rows Removed by Filter: 459925
  ->  Hash  (cost=70424.52..70424.52 rows=1551 width=8) (actual time=757.316..757.316 rows=295 loops=1)
        Buckets: 2048  Batches: 1  Memory Usage: 28kB
        ->  Nested Loop  (cost=0.43..70424.52 rows=1551 width=8) (actual time=2.415..757.098 rows=295 loops=1)
              ->  Seq Scan on movie_companies mc  (cost=0.00..57926.93 rows=1551 width=4) (actual time=2.364..746.931 rows=295 loops=1)
                    Filter: ((company_id = 292) AND (company_type_id = 2))
                    Rows Removed by Filter: 2608834
              ->  Index Only Scan using title_pkey on title t  (cost=0.43..8.05 rows=1 width=4) (actual time=0.033..0.033 rows=1 loops=295)
                    Index Cond: (id = mc.movie_id)
                    Heap Fetches: 295
Planning time: 1.204 ms
Execution time: 1369.703 ms
