Hash Join  (cost=587970.26..1482217.97 rows=7584348 width=0) (actual time=21432.950..36314.801 rows=17389261 loops=1)
  Hash Cond: (ci.movie_id = t.id)
  ->  Seq Scan on cast_info ci  (cost=0.00..705507.15 rows=7298253 width=4) (actual time=8060.057..13927.720 rows=7451973 loops=1)
        Filter: (role_id = 2)
        Rows Removed by Filter: 28792371
  ->  Hash  (cost=544859.69..544859.69 rows=2627646 width=8) (actual time=13370.637..13370.637 rows=2953531 loops=1)
        Buckets: 131072  Batches: 64  Memory Usage: 2831kB
        ->  Hash Join  (cost=82131.75..544859.69 rows=2627646 width=8) (actual time=1505.520..12498.694 rows=2953531 loops=1)
              Hash Cond: (mi.movie_id = t.id)
              ->  Seq Scan on movie_info mi  (cost=0.00..346232.03 rows=7503588 width=4) (actual time=0.024..6264.991 rows=7548855 loops=1)
                    Filter: (info_type_id > 7)
                    Rows Removed by Filter: 7286865
              ->  Hash  (cost=67604.59..67604.59 rows=885453 width=4) (actual time=1504.364..1504.364 rows=885650 loops=1)
                    Buckets: 131072  Batches: 16  Memory Usage: 2979kB
                    ->  Seq Scan on title t  (cost=0.00..67604.59 rows=885453 width=4) (actual time=0.025..1204.521 rows=885650 loops=1)
                          Filter: (production_year < 1997)
                          Rows Removed by Filter: 1642662
Planning time: 1.249 ms
Execution time: 38237.869 ms
