Hash Join  (cost=352336.71..2099081.16 rows=56177724 width=0) (actual time=7488.872..83590.781 rows=192043552 loops=1)
  Hash Cond: (ci.movie_id = t.id)
  ->  Seq Scan on cast_info ci  (cost=0.00..614943.12 rows=36225612 width=4) (actual time=0.010..13411.037 rows=36244344 loops=1)
  ->  Hash  (cost=288004.04..288004.04 rows=3921173 width=8) (actual time=7486.994..7486.994 rows=3917620 loops=1)
        Buckets: 131072  Batches: 64  Memory Usage: 3440kB
        ->  Hash Join  (cost=102767.86..288004.04 rows=3921173 width=8) (actual time=1928.997..6584.819 rows=3917620 loops=1)
              Hash Cond: (mk.movie_id = t.id)
              ->  Seq Scan on movie_keyword mk  (cost=0.00..81003.12 rows=3921173 width=4) (actual time=0.025..1751.987 rows=3917620 loops=1)
                    Filter: (keyword_id > 456)
                    Rows Removed by Filter: 606310
              ->  Hash  (cost=61283.27..61283.27 rows=2528527 width=4) (actual time=1928.071..1928.071 rows=2528312 loops=1)
                    Buckets: 131072  Batches: 64  Memory Usage: 2425kB
                    ->  Seq Scan on title t  (cost=0.00..61283.27 rows=2528527 width=4) (actual time=0.025..1063.234 rows=2528312 loops=1)
Planning time: 1.400 ms
Execution time: 103730.514 ms
