Nested Loop  (cost=0.43..83071.67 rows=246 width=0) (actual time=1.233..1341.860 rows=881 loops=1)
  ->  Seq Scan on movie_keyword mk  (cost=0.00..81003.12 rows=246 width=4) (actual time=1.171..1310.415 rows=881 loops=1)
        Filter: (keyword_id = 3181)
        Rows Removed by Filter: 4523049
  ->  Index Only Scan using title_pkey on title t  (cost=0.43..8.40 rows=1 width=4) (actual time=0.034..0.034 rows=1 loops=881)
        Index Cond: (id = mk.movie_id)
        Heap Fetches: 881
Planning time: 0.763 ms
Execution time: 1342.251 ms
