Seq Scan on movie_keyword mk  (cost=0.00..81003.12 rows=2579712 width=0) (actual time=0.015..1583.810 rows=2570984 loops=1)
  Filter: (keyword_id < 6591)
  Rows Removed by Filter: 1952946
Planning time: 0.332 ms
Execution time: 1909.545 ms
