Hash Join  (cost=102767.86..1003450.46 rows=3936949 width=0) (actual time=5184.250..21945.465 rows=6841827 loops=1)
  Hash Cond: (ci.movie_id = t.id)
  ->  Seq Scan on cast_info ci  (cost=0.00..796071.18 rows=3936949 width=4) (actual time=3443.805..13502.232 rows=6841827 loops=1)
        Filter: ((person_id > 2120463) AND (role_id > 4))
        Rows Removed by Filter: 29402517
  ->  Hash  (cost=61283.27..61283.27 rows=2528527 width=4) (actual time=1739.342..1739.342 rows=2528312 loops=1)
        Buckets: 131072  Batches: 64  Memory Usage: 2415kB
        ->  Seq Scan on title t  (cost=0.00..61283.27 rows=2528527 width=4) (actual time=0.023..931.500 rows=2528312 loops=1)
Planning time: 0.853 ms
Execution time: 22734.367 ms
