Hash Join  (cost=102767.86..1483565.16 rows=27653425 width=0) (actual time=3863.581..41396.198 rows=27758030 loops=1)
  Hash Cond: (ci.movie_id = t.id)
  ->  Seq Scan on cast_info ci  (cost=0.00..705507.15 rows=27653425 width=4) (actual time=1866.740..16701.066 rows=27758030 loops=1)
        Filter: (role_id < 6)
        Rows Removed by Filter: 8486314
  ->  Hash  (cost=61283.27..61283.27 rows=2528527 width=4) (actual time=1995.598..1995.598 rows=2528312 loops=1)
        Buckets: 131072  Batches: 64  Memory Usage: 2415kB
        ->  Seq Scan on title t  (cost=0.00..61283.27 rows=2528527 width=4) (actual time=0.028..1174.662 rows=2528312 loops=1)
Planning time: 0.793 ms
Execution time: 44509.945 ms
