Hash Join  (cost=97066.09..169945.04 rows=283034 width=0) (actual time=1936.098..3791.491 rows=524866 loops=1)
  Hash Cond: (mc.movie_id = t.id)
  ->  Seq Scan on movie_companies mc  (cost=0.00..57926.93 rows=398536 width=4) (actual time=0.022..980.225 rows=720480 loops=1)
        Filter: ((company_id > 31716) AND (company_type_id > 1))
        Rows Removed by Filter: 1888649
  ->  Hash  (cost=67604.59..67604.59 rows=1795720 width=4) (actual time=1934.849..1934.849 rows=1794153 loops=1)
        Buckets: 131072  Batches: 32  Memory Usage: 2992kB
        ->  Seq Scan on title t  (cost=0.00..67604.59 rows=1795720 width=4) (actual time=0.024..1357.899 rows=1794153 loops=1)
              Filter: (production_year < 2009)
              Rows Removed by Filter: 734159
Planning time: 0.912 ms
Execution time: 3852.106 ms
