Seq Scan on cast_info ci  (cost=0.00..796071.18 rows=820487 width=0) (actual time=8434.109..12267.448 rows=760248 loops=1)
  Filter: ((person_id < 1054646) AND (role_id = 4))
  Rows Removed by Filter: 35484096
Planning time: 0.400 ms
Execution time: 12361.990 ms
