Hash Join  (cost=185106.64..217727.02 rows=65982 width=0) (actual time=4121.894..5055.602 rows=310417 loops=1)
  Hash Cond: (mi_idx.movie_id = t.id)
  ->  Seq Scan on movie_info_idx mi_idx  (cost=0.00..25185.44 rows=464566 width=4) (actual time=0.026..484.141 rows=459925 loops=1)
        Filter: (info_type_id = 101)
        Rows Removed by Filter: 920110
  ->  Hash  (cost=179214.57..179214.57 rows=359125 width=8) (actual time=4121.129..4121.129 rows=672733 loops=1)
        Buckets: 131072 (originally 131072)  Batches: 16 (originally 8)  Memory Usage: 3073kB
        ->  Hash Join  (cost=102767.86..179214.57 rows=359125 width=8) (actual time=1933.261..3918.895 rows=672733 loops=1)
              Hash Cond: (mc.movie_id = t.id)
              ->  Seq Scan on movie_companies mc  (cost=0.00..57926.93 rows=359125 width=4) (actual time=0.025..996.405 rows=672733 loops=1)
                    Filter: ((company_id > 43941) AND (company_type_id = 2))
                    Rows Removed by Filter: 1936396
              ->  Hash  (cost=61283.27..61283.27 rows=2528527 width=4) (actual time=1931.522..1931.522 rows=2528312 loops=1)
                    Buckets: 131072  Batches: 64  Memory Usage: 2415kB
                    ->  Seq Scan on title t  (cost=0.00..61283.27 rows=2528527 width=4) (actual time=0.010..1118.692 rows=2528312 loops=1)
Planning time: 1.197 ms
Execution time: 5091.215 ms
