Hash Join  (cost=876957.91..964274.34 rows=65839 width=0) (actual time=13399.333..14872.873 rows=38464 loops=1)
  Hash Cond: (mk.movie_id = t.id)
  ->  Seq Scan on movie_keyword mk  (cost=0.00..69693.30 rows=4523930 width=4) (actual time=0.026..970.717 rows=4523930 loops=1)
  ->  Hash  (cost=876497.93..876497.93 rows=36799 width=8) (actual time=13040.876..13040.876 rows=15145 loops=1)
        Buckets: 65536  Batches: 1  Memory Usage: 1104kB
        ->  Hash Join  (cost=74747.02..876497.93 rows=36799 width=8) (actual time=4935.986..13035.754 rows=15145 loops=1)
              Hash Cond: (ci.movie_id = t.id)
              ->  Seq Scan on cast_info ci  (cost=0.00..796071.18 rows=1416464 width=4) (actual time=4250.669..12226.752 rows=457513 loops=1)
                    Filter: ((person_id < 1158774) AND (role_id = 10))
                    Rows Removed by Filter: 35786831
              ->  Hash  (cost=73925.90..73925.90 rows=65689 width=4) (actual time=684.524..684.524 rows=74524 loops=1)
                    Buckets: 131072  Batches: 1  Memory Usage: 3644kB
                    ->  Seq Scan on title t  (cost=0.00..73925.90 rows=65689 width=4) (actual time=0.044..661.859 rows=74524 loops=1)
                          Filter: ((kind_id = 7) AND (production_year = 2006))
                          Rows Removed by Filter: 2453788
Planning time: 1.308 ms
Execution time: 14878.454 ms
