Hash Join  (cost=1018504.83..4772688.70 rows=199596598 width=0) (actual time=25784.803..167681.762 rows=409658457 loops=1)
  Hash Cond: (ci.movie_id = t.id)
  ->  Seq Scan on cast_info ci  (cost=0.00..705507.15 rows=34241211 width=4) (actual time=0.021..17522.636 rows=34220197 loops=1)
        Filter: (person_id < 3664837)
        Rows Removed by Filter: 2024147
  ->  Hash  (cost=776690.81..776690.81 rows=14739122 width=8) (actual time=25779.925..25779.925 rows=14835720 loops=1)
        Buckets: 131072  Batches: 256  Memory Usage: 3268kB
        ->  Hash Join  (cost=102767.86..776690.81 rows=14739122 width=8) (actual time=2088.375..21315.462 rows=14835720 loops=1)
              Hash Cond: (mi.movie_id = t.id)
              ->  Seq Scan on movie_info mi  (cost=0.00..309384.22 rows=14739122 width=4) (actual time=0.020..6486.674 rows=14835720 loops=1)
              ->  Hash  (cost=61283.27..61283.27 rows=2528527 width=4) (actual time=2087.330..2087.330 rows=2528312 loops=1)
                    Buckets: 131072  Batches: 64  Memory Usage: 2425kB
                    ->  Seq Scan on title t  (cost=0.00..61283.27 rows=2528527 width=4) (actual time=0.012..1196.042 rows=2528312 loops=1)
Planning time: 1.119 ms
Execution time: 211474.350 ms
