Nested Loop  (cost=0.43..797488.46 rows=66 width=0) (actual time=7700.937..13734.986 rows=1 loops=1)
  ->  Seq Scan on cast_info ci  (cost=0.00..796071.18 rows=168 width=4) (actual time=7700.849..13734.568 rows=23 loops=1)
        Filter: ((role_id > 3) AND (person_id = 4033625))
        Rows Removed by Filter: 36244321
  ->  Index Scan using title_pkey on title t  (cost=0.43..8.43 rows=1 width=4) (actual time=0.017..0.017 rows=0 loops=23)
        Index Cond: (id = ci.movie_id)
        Filter: (kind_id < 7)
        Rows Removed by Filter: 1
Planning time: 0.857 ms
Execution time: 13735.535 ms
