Hash Join  (cost=92883.59..1267472.98 rows=12006060 width=0) (actual time=1818.314..31885.999 rows=11121202 loops=1)
  Hash Cond: (ci.movie_id = t.id)
  ->  Seq Scan on cast_info ci  (cost=0.00..796071.18 rows=19702523 width=4) (actual time=0.020..17154.253 rows=18655632 loops=1)
        Filter: ((person_id > 1079898) AND (role_id < 7))
        Rows Removed by Filter: 17588712
  ->  Hash  (cost=67604.59..67604.59 rows=1540800 width=4) (actual time=1816.929..1816.929 rows=1543264 loops=1)
        Buckets: 131072  Batches: 32  Memory Usage: 2722kB
        ->  Seq Scan on title t  (cost=0.00..67604.59 rows=1540800 width=4) (actual time=292.785..1309.300 rows=1543264 loops=1)
              Filter: (kind_id = 7)
              Rows Removed by Filter: 985048
Planning time: 0.749 ms
Execution time: 33131.234 ms
