Hash Join  (cost=83074.74..447745.01 rows=1434 width=0) (actual time=1335.324..8520.559 rows=71791 loops=1)
  Hash Cond: (mi.movie_id = t.id)
  ->  Seq Scan on movie_info mi  (cost=0.00..309384.22 rows=14739122 width=4) (actual time=0.022..4274.670 rows=14835720 loops=1)
  ->  Hash  (cost=83071.67..83071.67 rows=246 width=8) (actual time=1331.003..1331.003 rows=1026 loops=1)
        Buckets: 2048 (originally 1024)  Batches: 1 (originally 1)  Memory Usage: 57kB
        ->  Nested Loop  (cost=0.43..83071.67 rows=246 width=8) (actual time=0.570..1330.121 rows=1026 loops=1)
              ->  Seq Scan on movie_keyword mk  (cost=0.00..81003.12 rows=246 width=4) (actual time=0.510..1273.612 rows=1026 loops=1)
                    Filter: (keyword_id = 412)
                    Rows Removed by Filter: 4522904
              ->  Index Only Scan using title_pkey on title t  (cost=0.43..8.40 rows=1 width=4) (actual time=0.053..0.054 rows=1 loops=1026)
                    Index Cond: (id = mk.movie_id)
                    Heap Fetches: 1026
Planning time: 1.224 ms
Execution time: 8531.611 ms
