Seq Scan on cast_info ci  (cost=0.00..705507.15 rows=24754135 width=0) (actual time=0.024..11345.887 rows=24866331 loops=1)
  Filter: (person_id > 1118176)
  Rows Removed by Filter: 11378013
Planning time: 1.430 ms
Execution time: 14137.918 ms
