Seq Scan on cast_info ci  (cost=0.00..796071.18 rows=9714324 width=0) (actual time=5959.114..12787.743 rows=6599996 loops=1)
  Filter: ((person_id > 1845684) AND (role_id < 3))
  Rows Removed by Filter: 29644348
Planning time: 0.252 ms
Execution time: 13604.377 ms
