Seq Scan on movie_keyword mk  (cost=0.00..81003.12 rows=246 width=0) (actual time=11.702..1289.053 rows=219 loops=1)
  Filter: (keyword_id = 15837)
  Rows Removed by Filter: 4523711
Planning time: 0.350 ms
Execution time: 1289.270 ms
