Hash Join  (cost=244144.40..418256.27 rows=3812991 width=0) (actual time=6148.359..17539.129 rows=32710639 loops=1)
  Hash Cond: (mk.movie_id = t.id)
  ->  Seq Scan on movie_keyword mk  (cost=0.00..69693.30 rows=4523930 width=4) (actual time=0.029..1466.911 rows=4523930 loops=1)
  ->  Hash  (cost=209179.82..209179.82 rows=2131167 width=8) (actual time=6147.436..6147.436 rows=2289918 loops=1)
        Buckets: 131072  Batches: 32  Memory Usage: 3870kB
        ->  Hash Join  (cost=101489.21..209179.82 rows=2131167 width=8) (actual time=2096.303..5440.471 rows=2289918 loops=1)
              Hash Cond: (mc.movie_id = t.id)
              ->  Seq Scan on movie_companies mc  (cost=0.00..44881.29 rows=2609129 width=4) (actual time=0.014..935.020 rows=2609129 loops=1)
              ->  Hash  (cost=67604.59..67604.59 rows=2065330 width=4) (actual time=2095.163..2095.163 rows=2064552 loops=1)
                    Buckets: 131072  Batches: 32  Memory Usage: 3289kB
                    ->  Seq Scan on title t  (cost=0.00..67604.59 rows=2065330 width=4) (actual time=0.017..1422.601 rows=2064552 loops=1)
                          Filter: (production_year < 2011)
                          Rows Removed by Filter: 463760
Planning time: 1.156 ms
Execution time: 21264.101 ms
