Hash Join  (cost=106641.37..863320.56 rows=589007 width=0) (actual time=1912.904..20819.918 rows=1264620 loops=1)
  Hash Cond: (ci.movie_id = t.id)
  ->  Seq Scan on cast_info ci  (cost=0.00..614943.12 rows=36225612 width=4) (actual time=0.007..8529.681 rows=36244344 loops=1)
  ->  Hash  (cost=106127.47..106127.47 rows=41112 width=8) (actual time=1912.598..1912.598 rows=38685 loops=1)
        Buckets: 65536  Batches: 1  Memory Usage: 2024kB
        ->  Hash Join  (cost=69460.45..106127.47 rows=41112 width=8) (actual time=1044.947..1899.912 rows=38685 loops=1)
              Hash Cond: (mi_idx.movie_id = t.id)
              ->  Seq Scan on movie_info_idx mi_idx  (cost=0.00..25185.44 rows=919057 width=4) (actual time=0.033..518.242 rows=920110 loops=1)
                    Filter: (info_type_id > 99)
                    Rows Removed by Filter: 459925
              ->  Hash  (cost=67604.59..67604.59 rows=113109 width=4) (actual time=1044.293..1044.293 rows=119565 loops=1)
                    Buckets: 131072  Batches: 2  Memory Usage: 3115kB
                    ->  Seq Scan on title t  (cost=0.00..67604.59 rows=113109 width=4) (actual time=0.004..993.918 rows=119565 loops=1)
                          Filter: (production_year = 2007)
                          Rows Removed by Filter: 2408747
Planning time: 1.021 ms
Execution time: 20989.908 ms
