Seq Scan on cast_info ci  (cost=0.00..796071.18 rows=793123 width=0) (actual time=487.109..13092.838 rows=952369 loops=1)
  Filter: ((person_id > 1094703) AND (role_id = 9))
  Rows Removed by Filter: 35291975
Planning time: 0.406 ms
Execution time: 13207.343 ms
