Hash Join  (cost=465904.84..508048.68 rows=259436 width=0) (actual time=7944.703..9171.555 rows=469664 loops=1)
  Hash Cond: (mi_idx.movie_id = t.id)
  ->  Seq Scan on movie_info_idx mi_idx  (cost=0.00..21735.35 rows=1380035 width=4) (actual time=0.015..449.948 rows=1380035 loops=1)
  ->  Hash  (cost=458106.04..458106.04 rows=475344 width=8) (actual time=7943.866..7943.866 rows=433019 loops=1)
        Buckets: 131072  Batches: 8  Memory Usage: 3141kB
        ->  Hash Join  (cost=91959.31..458106.04 rows=475344 width=8) (actual time=4768.410..7825.468 rows=433019 loops=1)
              Hash Cond: (mi.movie_id = t.id)
              ->  Seq Scan on movie_info mi  (cost=0.00..346232.03 rows=809669 width=4) (actual time=2986.549..5284.061 rows=802140 loops=1)
                    Filter: (info_type_id = 1)
                    Rows Removed by Filter: 14033580
              ->  Hash  (cost=67604.59..67604.59 rows=1484458 width=4) (actual time=1781.045..1781.045 rows=1485030 loops=1)
                    Buckets: 131072  Batches: 32  Memory Usage: 2663kB
                    ->  Seq Scan on title t  (cost=0.00..67604.59 rows=1484458 width=4) (actual time=0.030..1292.313 rows=1485030 loops=1)
                          Filter: (production_year > 1998)
                          Rows Removed by Filter: 1043282
Planning time: 1.299 ms
Execution time: 9227.039 ms
