Seq Scan on title t  (cost=0.00..73925.90 rows=265 width=0) (actual time=0.682..1035.924 rows=429 loops=1)
  Filter: ((kind_id = 6) AND (production_year = 2000))
  Rows Removed by Filter: 2527883
Planning time: 0.535 ms
Execution time: 1036.370 ms
