Hash Join  (cost=210933.93..575586.48 rows=213506 width=0) (actual time=4165.565..10688.106 rows=415519 loops=1)
  Hash Cond: (mi.movie_id = t.id)
  ->  Seq Scan on movie_info mi  (cost=0.00..346232.03 rows=1264125 width=4) (actual time=0.015..5466.604 rows=1288928 loops=1)
        Filter: (info_type_id = 2)
        Rows Removed by Filter: 13546792
  ->  Hash  (cost=203926.69..203926.69 rows=427059 width=8) (actual time=4164.558..4164.558 rows=421675 loops=1)
        Buckets: 131072  Batches: 8  Memory Usage: 3156kB
        ->  Hash Join  (cost=102767.86..203926.69 rows=427059 width=8) (actual time=1921.844..4034.188 rows=421675 loops=1)
              Hash Cond: (mk.movie_id = t.id)
              ->  Seq Scan on movie_keyword mk  (cost=0.00..81003.12 rows=427059 width=4) (actual time=0.026..1354.371 rows=421675 loops=1)
                    Filter: (keyword_id > 41398)
                    Rows Removed by Filter: 4102255
              ->  Hash  (cost=61283.27..61283.27 rows=2528527 width=4) (actual time=1920.935..1920.935 rows=2528312 loops=1)
                    Buckets: 131072  Batches: 64  Memory Usage: 2425kB
                    ->  Seq Scan on title t  (cost=0.00..61283.27 rows=2528527 width=4) (actual time=0.025..1057.802 rows=2528312 loops=1)
Planning time: 1.203 ms
Execution time: 10738.645 ms
