Hash Join  (cost=83074.74..139466.19 rows=129 width=0) (actual time=1516.438..2383.734 rows=1070 loops=1)
  Hash Cond: (mc.movie_id = t.id)
  ->  Seq Scan on movie_companies mc  (cost=0.00..51404.11 rows=1329612 width=4) (actual time=217.208..891.786 rows=1334883 loops=1)
        Filter: (company_type_id = 2)
        Rows Removed by Filter: 1274246
  ->  Hash  (cost=83071.67..83071.67 rows=246 width=8) (actual time=1294.592..1294.592 rows=520 loops=1)
        Buckets: 1024  Batches: 1  Memory Usage: 29kB
        ->  Nested Loop  (cost=0.43..83071.67 rows=246 width=8) (actual time=7.908..1294.076 rows=520 loops=1)
              ->  Seq Scan on movie_keyword mk  (cost=0.00..81003.12 rows=246 width=4) (actual time=3.193..1246.307 rows=520 loops=1)
                    Filter: (keyword_id = 5398)
                    Rows Removed by Filter: 4523410
              ->  Index Only Scan using title_pkey on title t  (cost=0.43..8.40 rows=1 width=4) (actual time=0.089..0.090 rows=1 loops=520)
                    Index Cond: (id = mk.movie_id)
                    Heap Fetches: 520
Planning time: 1.213 ms
Execution time: 2384.056 ms
