Hash Join  (cost=143931.71..944776.76 rows=35335 width=0) (actual time=5832.953..13574.153 rows=40287 loops=1)
  Hash Cond: (ci.movie_id = t.id)
  ->  Seq Scan on cast_info ci  (cost=0.00..796071.18 rows=270805 width=4) (actual time=2848.690..10452.737 rows=119774 loops=1)
        Filter: ((person_id < 95397) AND (role_id > 4))
        Rows Removed by Filter: 36124570
  ->  Hash  (cost=138518.62..138518.62 rows=329927 width=8) (actual time=2983.184..2983.184 rows=375691 loops=1)
        Buckets: 131072  Batches: 8  Memory Usage: 2868kB
        ->  Hash Join  (cost=97066.09..138518.62 rows=329927 width=8) (actual time=1765.066..2871.636 rows=375691 loops=1)
              Hash Cond: (mi_idx.movie_id = t.id)
              ->  Seq Scan on movie_info_idx mi_idx  (cost=0.00..25185.44 rows=464566 width=4) (actual time=0.034..432.167 rows=459925 loops=1)
                    Filter: (info_type_id = 101)
                    Rows Removed by Filter: 920110
              ->  Hash  (cost=67604.59..67604.59 rows=1795720 width=4) (actual time=1763.882..1763.882 rows=1794153 loops=1)
                    Buckets: 131072  Batches: 32  Memory Usage: 2992kB
                    ->  Seq Scan on title t  (cost=0.00..67604.59 rows=1795720 width=4) (actual time=0.021..1173.593 rows=1794153 loops=1)
                          Filter: (production_year < 2009)
                          Rows Removed by Filter: 734159
Planning time: 1.223 ms
Execution time: 13579.760 ms
