Hash Join  (cost=134772.43..216412.24 rows=478029 width=0) (actual time=3096.621..5597.644 rows=1743755 loops=1)
  Hash Cond: (mc.movie_id = t.id)
  ->  Seq Scan on movie_companies mc  (cost=0.00..44881.29 rows=2609129 width=4) (actual time=0.014..864.620 rows=2609129 loops=1)
  ->  Hash  (cost=127171.65..127171.65 rows=463262 width=8) (actual time=3095.854..3095.854 rows=569398 loops=1)
        Buckets: 131072  Batches: 8  Memory Usage: 3815kB
        ->  Hash Join  (cost=81530.55..127171.65 rows=463262 width=8) (actual time=1506.439..2924.256 rows=569398 loops=1)
              Hash Cond: (mi_idx.movie_id = t.id)
              ->  Seq Scan on movie_info_idx mi_idx  (cost=0.00..21735.35 rows=1380035 width=4) (actual time=0.013..439.840 rows=1380035 loops=1)
              ->  Hash  (cost=67604.59..67604.59 rows=848797 width=4) (actual time=1504.110..1504.110 rows=849141 loops=1)
                    Buckets: 131072  Batches: 16  Memory Usage: 2892kB
                    ->  Seq Scan on title t  (cost=0.00..67604.59 rows=848797 width=4) (actual time=0.021..1224.648 rows=849141 loops=1)
                          Filter: (production_year < 1996)
                          Rows Removed by Filter: 1679171
Planning time: 1.187 ms
Execution time: 5795.175 ms
