Seq Scan on movie_keyword mk  (cost=0.00..81003.12 rows=114696 width=12) (actual time=0.030..1507.507 rows=113737 loops=1)
  Filter: (keyword_id > 79391)
  Rows Removed by Filter: 4410193
Planning time: 0.227 ms
Execution time: 1514.267 ms
