Hash Join  (cost=244247.11..1117823.95 rows=2218421 width=0) (actual time=12001.229..26688.874 rows=14045817 loops=1)
  Hash Cond: (ci.movie_id = t.id)
  ->  Seq Scan on cast_info ci  (cost=0.00..796071.18 rows=3876488 width=4) (actual time=4414.339..12874.435 rows=5005356 loops=1)
        Filter: ((person_id < 671711) AND (role_id < 3))
        Rows Removed by Filter: 31238988
  ->  Hash  (cost=220506.41..220506.41 rows=1447016 width=8) (actual time=7585.380..7585.380 rows=1999086 loops=1)
        Buckets: 131072  Batches: 32  Memory Usage: 3424kB
        ->  Hash Join  (cost=80874.21..220506.41 rows=1447016 width=8) (actual time=2248.395..7009.624 rows=1999086 loops=1)
              Hash Cond: (mk.movie_id = t.id)
              ->  Seq Scan on movie_keyword mk  (cost=0.00..69693.30 rows=4523930 width=4) (actual time=0.028..1449.964 rows=4523930 loops=1)
              ->  Hash  (cost=67604.59..67604.59 rows=808770 width=4) (actual time=2247.153..2247.153 rows=812704 loops=1)
                    Buckets: 131072  Batches: 16  Memory Usage: 2819kB
                    ->  Seq Scan on title t  (cost=0.00..67604.59 rows=808770 width=4) (actual time=0.023..1256.686 rows=812704 loops=1)
                          Filter: (production_year < 1995)
                          Rows Removed by Filter: 1715608
Planning time: 1.752 ms
Execution time: 28312.290 ms
