Hash Join  (cost=156649.15..274029.58 rows=474179 width=0) (actual time=3631.048..6768.840 rows=1984184 loops=1)
  Hash Cond: (mk.movie_id = t.id)
  ->  Seq Scan on movie_keyword mk  (cost=0.00..81003.12 rows=2578805 width=4) (actual time=0.016..1583.703 rows=2570146 loops=1)
        Filter: (keyword_id < 6579)
        Rows Removed by Filter: 1953784
  ->  Hash  (cost=149020.47..149020.47 rows=464934 width=8) (actual time=3630.171..3630.171 rows=460185 loops=1)
        Buckets: 131072  Batches: 8  Memory Usage: 3286kB
        ->  Hash Join  (cost=102767.86..149020.47 rows=464934 width=8) (actual time=2100.345..3486.726 rows=460185 loops=1)
              Hash Cond: (mi_idx.movie_id = t.id)
              ->  Seq Scan on movie_info_idx mi_idx  (cost=0.00..25185.44 rows=464934 width=4) (actual time=0.027..591.792 rows=460185 loops=1)
                    Filter: (info_type_id > 100)
                    Rows Removed by Filter: 919850
              ->  Hash  (cost=61283.27..61283.27 rows=2528527 width=4) (actual time=2099.142..2099.142 rows=2528312 loops=1)
                    Buckets: 131072  Batches: 64  Memory Usage: 2415kB
                    ->  Seq Scan on title t  (cost=0.00..61283.27 rows=2528527 width=4) (actual time=0.006..1024.149 rows=2528312 loops=1)
Planning time: 1.226 ms
Execution time: 6975.539 ms
