Hash Join  (cost=242963.69..1252109.28 rows=9053795 width=0) (actual time=5454.428..35167.308 rows=28265925 loops=1)
  Hash Cond: (ci.movie_id = t.id)
  ->  Seq Scan on cast_info ci  (cost=0.00..705507.15 rows=16201301 width=4) (actual time=0.015..15194.799 rows=16121683 loops=1)
        Filter: (role_id > 2)
        Rows Removed by Filter: 20122661
  ->  Hash  (cost=219780.94..219780.94 rows=1413020 width=8) (actual time=5452.672..5452.672 rows=886170 loops=1)
        Buckets: 131072  Batches: 32  Memory Usage: 2122kB
        ->  Hash Join  (cost=80562.70..219780.94 rows=1413020 width=8) (actual time=1465.858..5192.308 rows=886170 loops=1)
              Hash Cond: (mk.movie_id = t.id)
              ->  Seq Scan on movie_keyword mk  (cost=0.00..69693.30 rows=4523930 width=4) (actual time=0.017..1455.307 rows=4523930 loops=1)
              ->  Hash  (cost=67604.59..67604.59 rows=789769 width=4) (actual time=1464.487..1464.487 rows=784926 loops=1)
                    Buckets: 131072  Batches: 16  Memory Usage: 2756kB
                    ->  Seq Scan on title t  (cost=0.00..67604.59 rows=789769 width=4) (actual time=0.023..1199.373 rows=784926 loops=1)
                          Filter: (production_year > 2007)
                          Rows Removed by Filter: 1743386
Planning time: 1.188 ms
Execution time: 38422.537 ms
