Seq Scan on cast_info ci  (cost=0.00..705507.15 rows=500 width=0) (actual time=4509.785..10585.336 rows=48 loops=1)
  Filter: (person_id = 3163436)
  Rows Removed by Filter: 36244296
Planning time: 0.364 ms
Execution time: 10585.435 ms
