Hash Join  (cost=154720.86..550291.45 rows=85488 width=0) (actual time=1491.171..10953.201 rows=441064 loops=1)
  Hash Cond: (mi.movie_id = t.id)
  ->  Seq Scan on movie_info mi  (cost=0.00..346232.03 rows=12928982 width=4) (actual time=0.018..6431.684 rows=12970088 loops=1)
        Filter: (info_type_id < 18)
        Rows Removed by Filter: 1865632
  ->  Hash  (cost=154511.88..154511.88 rows=16719 width=8) (actual time=1490.844..1490.844 rows=35517 loops=1)
        Buckets: 65536 (originally 32768)  Batches: 1 (originally 1)  Memory Usage: 1900kB
        ->  Nested Loop  (cost=0.43..154511.88 rows=16719 width=8) (actual time=5.278..1472.150 rows=35517 loops=1)
              ->  Seq Scan on movie_companies mc  (cost=0.00..57926.93 rows=16719 width=4) (actual time=5.223..825.097 rows=35517 loops=1)
                    Filter: ((company_id = 160) AND (company_type_id = 1))
                    Rows Removed by Filter: 2573612
              ->  Index Only Scan using title_pkey on title t  (cost=0.43..5.77 rows=1 width=4) (actual time=0.017..0.018 rows=1 loops=35517)
                    Index Cond: (id = mc.movie_id)
                    Heap Fetches: 35517
Planning time: 1.196 ms
Execution time: 11011.733 ms
