Seq Scan on movie_companies mc  (cost=0.00..57926.93 rows=53 width=0) (actual time=453.527..875.304 rows=1 loops=1)
  Filter: ((company_id = 230936) AND (company_type_id = 2))
  Rows Removed by Filter: 2609128
Planning time: 0.434 ms
Execution time: 875.386 ms
