Seq Scan on movie_companies mc  (cost=0.00..57926.93 rows=51 width=0) (actual time=40.302..920.030 rows=101 loops=1)
  Filter: ((company_type_id < 2) AND (company_id = 12328))
  Rows Removed by Filter: 2609028
Planning time: 0.412 ms
Execution time: 920.196 ms
