Hash Join  (cost=160823.02..1000032.86 rows=27490 width=0) (actual time=2869.135..19380.105 rows=54892 loops=1)
  Hash Cond: (ci.movie_id = t.id)
  ->  Seq Scan on cast_info ci  (cost=0.00..796071.18 rows=8572754 width=4) (actual time=0.015..14340.095 rows=13344131 loops=1)
        Filter: ((person_id > 2338157) AND (role_id > 1))
        Rows Removed by Filter: 22900213
  ->  Hash  (cost=160721.67..160721.67 rows=8108 width=8) (actual time=2866.742..2866.742 rows=5374 loops=1)
        Buckets: 8192  Batches: 1  Memory Usage: 274kB
        ->  Hash Join  (cost=73982.55..160721.67 rows=8108 width=8) (actual time=1154.953..2864.956 rows=5374 loops=1)
              Hash Cond: (mk.movie_id = t.id)
              ->  Seq Scan on movie_keyword mk  (cost=0.00..69693.30 rows=4523930 width=4) (actual time=0.019..901.482 rows=4523930 loops=1)
              ->  Hash  (cost=73925.90..73925.90 rows=4532 width=4) (actual time=1154.067..1154.067 rows=11588 loops=1)
                    Buckets: 16384 (originally 8192)  Batches: 1 (originally 1)  Memory Usage: 536kB
                    ->  Seq Scan on title t  (cost=0.00..73925.90 rows=4532 width=4) (actual time=0.013..1148.431 rows=11588 loops=1)
                          Filter: ((kind_id = 7) AND (production_year = 1986))
                          Rows Removed by Filter: 2516724
Planning time: 1.269 ms
Execution time: 19388.513 ms
