Hash Join  (cost=102767.86..185786.27 rows=632214 width=0) (actual time=2055.331..4167.347 rows=894532 loops=1)
  Hash Cond: (mc.movie_id = t.id)
  ->  Seq Scan on movie_companies mc  (cost=0.00..57926.93 rows=632214 width=4) (actual time=83.046..1071.781 rows=894532 loops=1)
        Filter: ((company_id > 11630) AND (company_type_id > 1))
        Rows Removed by Filter: 1714597
  ->  Hash  (cost=61283.27..61283.27 rows=2528527 width=4) (actual time=1971.020..1971.020 rows=2528312 loops=1)
        Buckets: 131072  Batches: 64  Memory Usage: 2415kB
        ->  Seq Scan on title t  (cost=0.00..61283.27 rows=2528527 width=4) (actual time=0.026..1112.907 rows=2528312 loops=1)
Planning time: 0.754 ms
Execution time: 4274.417 ms
