Seq Scan on movie_keyword mk  (cost=0.00..81003.12 rows=246 width=0) (actual time=8.709..1191.658 rows=400 loops=1)
  Filter: (keyword_id = 6049)
  Rows Removed by Filter: 4523530
Planning time: 3.378 ms
Execution time: 1191.874 ms
