Nested Loop  (cost=0.43..80404.93 rows=1133 width=0) (actual time=0.132..917.111 rows=3112 loops=1)
  ->  Seq Scan on movie_companies mc  (cost=0.00..57926.93 rows=2900 width=4) (actual time=0.092..816.824 rows=3254 loops=1)
        Filter: ((company_id = 73) AND (company_type_id = 1))
        Rows Removed by Filter: 2605875
  ->  Index Scan using title_pkey on title t  (cost=0.43..7.74 rows=1 width=4) (actual time=0.030..0.030 rows=1 loops=3254)
        Index Cond: (id = mc.movie_id)
        Filter: (kind_id < 7)
        Rows Removed by Filter: 0
Planning time: 0.812 ms
Execution time: 918.012 ms
