Seq Scan on cast_info ci  (cost=0.00..796071.18 rows=2245189 width=0) (actual time=618.221..12087.179 rows=1353904 loops=1)
  Filter: ((person_id < 475738) AND (role_id > 2))
  Rows Removed by Filter: 34890440
Planning time: 0.249 ms
Execution time: 12258.666 ms
