Hash Join  (cost=191729.54..333950.92 rows=1659534 width=0) (actual time=4831.477..15518.837 rows=29913846 loops=1)
  Hash Cond: (mk.movie_id = t.id)
  ->  Seq Scan on movie_keyword mk  (cost=0.00..69693.30 rows=4523930 width=4) (actual time=0.015..1441.090 rows=4523930 loops=1)
  ->  Hash  (cost=176511.15..176511.15 rows=927551 width=8) (actual time=4830.404..4830.404 rows=1534792 loops=1)
        Buckets: 131072 (originally 131072)  Batches: 32 (originally 16)  Memory Usage: 3073kB
        ->  Hash Join  (cost=88674.12..176511.15 rows=927551 width=8) (actual time=1494.986..4163.639 rows=1534792 loops=1)
              Hash Cond: (mc.movie_id = t.id)
              ->  Seq Scan on movie_companies mc  (cost=0.00..44881.29 rows=2609129 width=4) (actual time=0.018..894.516 rows=2609129 loops=1)
              ->  Hash  (cost=73925.90..73925.90 rows=898897 width=4) (actual time=1493.941..1493.941 rows=815566 loops=1)
                    Buckets: 131072  Batches: 16  Memory Usage: 2818kB
                    ->  Seq Scan on title t  (cost=0.00..73925.90 rows=898897 width=4) (actual time=0.024..1229.380 rows=815566 loops=1)
                          Filter: ((kind_id < 7) AND (production_year > 1949))
                          Rows Removed by Filter: 1712746
Planning time: 1.170 ms
Execution time: 19041.696 ms
