Seq Scan on cast_info ci  (cost=0.00..796071.18 rows=22666082 width=0) (actual time=1759.393..16347.221 rows=22016249 loops=1)
  Filter: ((person_id > 985968) AND (role_id < 10))
  Rows Removed by Filter: 14228095
Planning time: 1.532 ms
Execution time: 18971.793 ms
