Seq Scan on movie_companies mc  (cost=0.00..57926.93 rows=669515 width=0) (actual time=235.320..1010.865 rows=910644 loops=1)
  Filter: ((company_id < 11594) AND (company_type_id < 2))
  Rows Removed by Filter: 1698485
Planning time: 0.353 ms
Execution time: 1122.197 ms
