Hash Join  (cost=474653.61..563429.82 rows=669022 width=0) (actual time=7768.389..10324.667 rows=1509887 loops=1)
  Hash Cond: (mc.movie_id = t.id)
  ->  Seq Scan on movie_companies mc  (cost=0.00..51404.11 rows=2417033 width=4) (actual time=0.024..1168.702 rows=2417919 loops=1)
        Filter: (company_id > 49)
        Rows Removed by Filter: 191210
  ->  Hash  (cost=463171.08..463171.08 rows=699883 width=8) (actual time=7767.167..7767.167 rows=256582 loops=1)
        Buckets: 131072  Batches: 16  Memory Usage: 1639kB
        ->  Hash Join  (cost=89299.55..463171.08 rows=699883 width=8) (actual time=1641.155..7689.636 rows=256582 loops=1)
              Hash Cond: (mi.movie_id = t.id)
              ->  Seq Scan on movie_info mi  (cost=0.00..346232.03 rows=1338312 width=4) (actual time=0.023..5118.561 rows=1401902 loops=1)
                    Filter: (info_type_id = 7)
                    Rows Removed by Filter: 13433818
              ->  Hash  (cost=67604.59..67604.59 rows=1322317 width=4) (actual time=1640.046..1640.046 rows=1322863 loops=1)
                    Buckets: 131072  Batches: 32  Memory Usage: 2488kB
                    ->  Seq Scan on title t  (cost=0.00..67604.59 rows=1322317 width=4) (actual time=0.019..1197.738 rows=1322863 loops=1)
                          Filter: (production_year > 2001)
                          Rows Removed by Filter: 1205449
Planning time: 1.201 ms
Execution time: 10486.924 ms
