Hash Join  (cost=219052.74..600157.72 rows=737786 width=0) (actual time=6530.279..13332.324 rows=4216188 loops=1)
  Hash Cond: (mi.movie_id = t.id)
  ->  Seq Scan on movie_info mi  (cost=0.00..346232.03 rows=2073893 width=4) (actual time=1175.469..5417.426 rows=2091068 loops=1)
        Filter: (info_type_id < 3)
        Rows Removed by Filter: 12744652
  ->  Hash  (cost=204294.73..204294.73 rows=899521 width=8) (actual time=5354.056..5354.056 rows=2002308 loops=1)
        Buckets: 131072 (originally 131072)  Batches: 32 (originally 16)  Memory Usage: 3541kB
        ->  Hash Join  (cost=83810.17..204294.73 rows=899521 width=8) (actual time=1499.547..4827.252 rows=2002308 loops=1)
              Hash Cond: (mk.movie_id = t.id)
              ->  Seq Scan on movie_keyword mk  (cost=0.00..81003.12 rows=2302725 width=4) (actual time=0.023..1711.172 rows=2310179 loops=1)
                    Filter: (keyword_id < 4964)
                    Rows Removed by Filter: 2213751
              ->  Hash  (cost=67604.59..67604.59 rows=987727 width=4) (actual time=1498.497..1498.497 rows=985048 loops=1)
                    Buckets: 131072  Batches: 16  Memory Usage: 3197kB
                    ->  Seq Scan on title t  (cost=0.00..67604.59 rows=987727 width=4) (actual time=0.014..1184.145 rows=985048 loops=1)
                          Filter: (kind_id < 7)
                          Rows Removed by Filter: 1543264
Planning time: 2.768 ms
Execution time: 13840.496 ms
