Hash Join  (cost=75533.21..429511.24 rows=23865 width=0) (actual time=2602.141..6572.125 rows=10367 loops=1)
  Hash Cond: (mi.movie_id = t.id)
  ->  Seq Scan on movie_info mi  (cost=0.00..346232.03 rows=616095 width=4) (actual time=1226.788..5050.481 rows=598457 loops=1)
        Filter: (info_type_id = 15)
        Rows Removed by Filter: 14237263
  ->  Hash  (cost=73925.90..73925.90 rows=97944 width=4) (actual time=1332.521..1332.521 rows=106247 loops=1)
        Buckets: 131072  Batches: 2  Memory Usage: 2896kB
        ->  Seq Scan on title t  (cost=0.00..73925.90 rows=97944 width=4) (actual time=47.810..1290.133 rows=106247 loops=1)
              Filter: ((kind_id = 7) AND (production_year = 2011))
              Rows Removed by Filter: 2422065
Planning time: 1.206 ms
Execution time: 6573.541 ms
