Hash Join  (cost=101707.31..154260.99 rows=752274 width=0) (actual time=1905.214..3543.427 rows=768150 loops=1)
  Hash Cond: (mi_idx.movie_id = t.id)
  ->  Seq Scan on movie_info_idx mi_idx  (cost=0.00..25185.44 rows=915101 width=4) (actual time=0.017..541.118 rows=919850 loops=1)
        Filter: (info_type_id < 101)
        Rows Removed by Filter: 460185
  ->  Hash  (cost=67604.59..67604.59 rows=2078618 width=4) (actual time=1903.885..1903.885 rows=2074788 loops=1)
        Buckets: 131072  Batches: 32  Memory Usage: 3309kB
        ->  Seq Scan on title t  (cost=0.00..67604.59 rows=2078618 width=4) (actual time=0.017..1267.971 rows=2074788 loops=1)
              Filter: (production_year > 1970)
              Rows Removed by Filter: 453524
Planning time: 0.774 ms
Execution time: 3643.016 ms
