Hash Join  (cost=88295.76..490235.52 rows=1530300 width=0) (actual time=5762.204..9613.118 rows=1633598 loops=1)
  Hash Cond: (mi.movie_id = t.id)
  ->  Seq Scan on movie_info mi  (cost=0.00..346232.03 rows=3068194 width=4) (actual time=3973.686..5599.987 rows=3036719 loops=1)
        Filter: (info_type_id = 16)
        Rows Removed by Filter: 11799001
  ->  Hash  (cost=67604.59..67604.59 rows=1261134 width=4) (actual time=1786.900..1786.900 rows=1260295 loops=1)
        Buckets: 131072  Batches: 32  Memory Usage: 2420kB
        ->  Seq Scan on title t  (cost=0.00..67604.59 rows=1261134 width=4) (actual time=0.019..1374.271 rows=1260295 loops=1)
              Filter: (production_year > 2002)
              Rows Removed by Filter: 1268017
Planning time: 0.833 ms
Execution time: 9814.441 ms
