Hash Join  (cost=100884.14..465559.83 rows=1975 width=0) (actual time=1585.271..8597.582 rows=7547 loops=1)
  Hash Cond: (mi.movie_id = t.id)
  ->  Seq Scan on movie_info mi  (cost=0.00..309384.22 rows=14739122 width=4) (actual time=0.011..4162.167 rows=14835720 loops=1)
  ->  Hash  (cost=100879.90..100879.90 rows=339 width=8) (actual time=1584.748..1584.748 rows=792 loops=1)
        Buckets: 1024  Batches: 1  Memory Usage: 39kB
        ->  Hash Join  (cost=73948.96..100879.90 rows=339 width=8) (actual time=1072.299..1584.278 rows=792 loops=1)
              Hash Cond: (mi_idx.movie_id = t.id)
              ->  Seq Scan on movie_info_idx mi_idx  (cost=0.00..25185.44 rows=464566 width=4) (actual time=0.017..439.307 rows=459925 loops=1)
                    Filter: (info_type_id = 101)
                    Rows Removed by Filter: 920110
              ->  Hash  (cost=73925.90..73925.90 rows=1844 width=4) (actual time=1072.120..1072.120 rows=2300 loops=1)
                    Buckets: 4096 (originally 2048)  Batches: 1 (originally 1)  Memory Usage: 113kB
                    ->  Seq Scan on title t  (cost=0.00..73925.90 rows=1844 width=4) (actual time=403.897..1070.880 rows=2300 loops=1)
                          Filter: ((kind_id = 4) AND (production_year = 1997))
                          Rows Removed by Filter: 2526012
Planning time: 0.773 ms
Execution time: 8599.578 ms
