Hash Join  (cost=972507.02..1531622.84 rows=3979509 width=0) (actual time=16084.118..29112.445 rows=2619059 loops=1)
  Hash Cond: (mi.movie_id = t.id)
  ->  Seq Scan on movie_info mi  (cost=0.00..309384.22 rows=14739122 width=4) (actual time=0.017..6030.638 rows=14835720 loops=1)
  ->  Hash  (cost=961306.36..961306.36 rows=682693 width=8) (actual time=16083.015..16083.015 rows=296108 loops=1)
        Buckets: 131072  Batches: 16  Memory Usage: 1744kB
        ->  Hash Join  (cost=71408.55..961306.36 rows=682693 width=8) (actual time=1112.819..15974.327 rows=296108 loops=1)
              Hash Cond: (ci.movie_id = t.id)
              ->  Seq Scan on cast_info ci  (cost=0.00..796071.18 rows=7445786 width=4) (actual time=9.299..13377.966 rows=3177682 loops=1)
                    Filter: ((person_id < 1118873) AND (role_id > 1))
                    Rows Removed by Filter: 33066662
              ->  Hash  (cost=67604.59..67604.59 rows=231837 width=4) (actual time=1073.400..1073.400 rows=231649 loops=1)
                    Buckets: 131072  Batches: 4  Memory Usage: 3076kB
                    ->  Seq Scan on title t  (cost=0.00..67604.59 rows=231837 width=4) (actual time=0.021..996.032 rows=231649 loops=1)
                          Filter: (production_year > 2011)
                          Rows Removed by Filter: 2296663
Planning time: 1.242 ms
Execution time: 29410.828 ms
