Hash Join  (cost=73955.37..825082.21 rows=33768 width=0) (actual time=1133.973..17671.715 rows=59701 loops=1)
  Hash Cond: (ci.movie_id = t.id)
  ->  Seq Scan on cast_info ci  (cost=0.00..614943.12 rows=36225612 width=4) (actual time=0.024..8929.486 rows=36244344 loops=1)
  ->  Hash  (cost=73925.90..73925.90 rows=2357 width=4) (actual time=1133.576..1133.576 rows=2995 loops=1)
        Buckets: 4096  Batches: 1  Memory Usage: 138kB
        ->  Seq Scan on title t  (cost=0.00..73925.90 rows=2357 width=4) (actual time=472.221..1132.218 rows=2995 loops=1)
              Filter: ((kind_id = 3) AND (production_year = 2001))
              Rows Removed by Filter: 2525317
Planning time: 0.821 ms
Execution time: 17685.332 ms
