Seq Scan on movie_keyword mk  (cost=0.00..81003.12 rows=3359888 width=0) (actual time=0.021..1612.010 rows=3344108 loops=1)
  Filter: (keyword_id < 15816)
  Rows Removed by Filter: 1179822
Planning time: 0.252 ms
Execution time: 2034.445 ms
