Seq Scan on cast_info ci  (cost=0.00..796071.18 rows=14882192 width=0) (actual time=0.019..15862.414 rows=15312512 loops=1)
  Filter: ((person_id > 280391) AND (role_id > 2))
  Rows Removed by Filter: 20931832
Planning time: 0.363 ms
Execution time: 17601.886 ms
