Seq Scan on movie_keyword mk  (cost=0.00..81003.12 rows=662205 width=0) (actual time=0.024..1393.379 rows=668489 loops=1)
  Filter: (keyword_id > 28025)
  Rows Removed by Filter: 3855441
Planning time: 0.377 ms
Execution time: 1478.783 ms
