Seq Scan on movie_keyword mk  (cost=0.00..81003.12 rows=2167601 width=0) (actual time=0.017..1607.405 rows=2168047 loops=1)
  Filter: (keyword_id > 5294)
  Rows Removed by Filter: 2355883
Planning time: 0.353 ms
Execution time: 1879.518 ms
