Hash Join  (cost=81720.25..169008.76 rows=887799 width=0) (actual time=1467.011..4222.992 rows=1702315 loops=1)
  Hash Cond: (mc.movie_id = t.id)
  ->  Seq Scan on movie_companies mc  (cost=0.00..44881.29 rows=2609129 width=4) (actual time=0.020..959.102 rows=2609129 loops=1)
  ->  Hash  (cost=67604.59..67604.59 rows=860373 width=4) (actual time=1466.258..1466.258 rows=854214 loops=1)
        Buckets: 131072  Batches: 16  Memory Usage: 2897kB
        ->  Seq Scan on title t  (cost=0.00..67604.59 rows=860373 width=4) (actual time=1.033..1195.204 rows=854214 loops=1)
              Filter: (kind_id < 4)
              Rows Removed by Filter: 1674098
Planning time: 0.607 ms
Execution time: 4409.222 ms
