Seq Scan on cast_info ci  (cost=0.00..705507.15 rows=1632504 width=0) (actual time=6873.950..10963.672 rows=1649569 loops=1)
  Filter: (person_id > 3735269)
  Rows Removed by Filter: 34594775
Planning time: 0.336 ms
Execution time: 11169.378 ms
