Hash Join  (cost=1205392.97..2026862.49 rows=26944365 width=0) (actual time=18468.748..34185.615 rows=15476462 loops=1)
  Hash Cond: (mi.movie_id = t.id)
  ->  Seq Scan on movie_info mi  (cost=0.00..346232.03 rows=9293409 width=4) (actual time=426.234..7221.976 rows=9425200 loops=1)
        Filter: (info_type_id > 5)
        Rows Removed by Filter: 5410520
  ->  Hash  (cost=1085119.04..1085119.04 rows=7330954 width=8) (actual time=18038.054..18038.054 rows=1695867 loops=1)
        Buckets: 131072  Batches: 128  Memory Usage: 1573kB
        ->  Hash Join  (cost=102767.86..1085119.04 rows=7330954 width=8) (actual time=3319.786..17549.158 rows=1695867 loops=1)
              Hash Cond: (ci.movie_id = t.id)
              ->  Seq Scan on cast_info ci  (cost=0.00..796071.18 rows=7330954 width=4) (actual time=1399.473..13873.555 rows=1695867 loops=1)
                    Filter: ((person_id > 1501405) AND (role_id = 1))
                    Rows Removed by Filter: 34548477
              ->  Hash  (cost=61283.27..61283.27 rows=2528527 width=4) (actual time=1919.064..1919.064 rows=2528312 loops=1)
                    Buckets: 131072  Batches: 64  Memory Usage: 2415kB
                    ->  Seq Scan on title t  (cost=0.00..61283.27 rows=2528527 width=4) (actual time=0.027..1105.255 rows=2528312 loops=1)
Planning time: 0.757 ms
Execution time: 35988.965 ms
