Seq Scan on cast_info ci  (cost=0.00..705507.15 rows=4949748 width=0) (actual time=2296.841..11310.255 rows=4985656 loops=1)
  Filter: (person_id > 3171811)
  Rows Removed by Filter: 31258688
Planning time: 0.358 ms
Execution time: 11935.937 ms
