Seq Scan on cast_info ci  (cost=0.00..705507.15 rows=7369427 width=0) (actual time=917.511..11953.733 rows=7426379 loops=1)
  Filter: (person_id > 2928412)
  Rows Removed by Filter: 28817965
Planning time: 0.337 ms
Execution time: 12894.152 ms
