Hash Join  (cost=83810.17..182004.48 rows=336645 width=0) (actual time=1586.523..3703.671 rows=725236 loops=1)
  Hash Cond: (mk.movie_id = t.id)
  ->  Seq Scan on movie_keyword mk  (cost=0.00..81003.12 rows=861794 width=4) (actual time=0.014..1411.364 rows=868909 loops=1)
        Filter: (keyword_id > 21189)
        Rows Removed by Filter: 3655021
  ->  Hash  (cost=67604.59..67604.59 rows=987727 width=4) (actual time=1585.646..1585.646 rows=985048 loops=1)
        Buckets: 131072  Batches: 16  Memory Usage: 3197kB
        ->  Seq Scan on title t  (cost=0.00..67604.59 rows=987727 width=4) (actual time=0.020..1273.112 rows=985048 loops=1)
              Filter: (kind_id < 7)
              Rows Removed by Filter: 1543264
Planning time: 0.760 ms
Execution time: 3778.377 ms
