Hash Join  (cost=190362.15..230963.78 rows=169514 width=0) (actual time=3889.740..5348.292 rows=1381083 loops=1)
  Hash Cond: (mi_idx.movie_id = t.id)
  ->  Seq Scan on movie_info_idx mi_idx  (cost=0.00..21735.35 rows=1380035 width=4) (actual time=0.015..467.996 rows=1380035 loops=1)
  ->  Hash  (cost=185265.82..185265.82 rows=310587 width=8) (actual time=3888.930..3888.930 rows=614310 loops=1)
        Buckets: 131072  Batches: 8  Memory Usage: 4039kB
        ->  Hash Join  (cost=85692.35..185265.82 rows=310587 width=8) (actual time=1469.491..3706.328 rows=614310 loops=1)
              Hash Cond: (mk.movie_id = t.id)
              ->  Seq Scan on movie_keyword mk  (cost=0.00..81003.12 rows=1095058 width=4) (actual time=0.025..1447.572 rows=1102686 loops=1)
                    Filter: (keyword_id < 1135)
                    Rows Removed by Filter: 3421244
              ->  Hash  (cost=73925.90..73925.90 rows=717156 width=4) (actual time=1468.499..1468.499 rows=620281 loops=1)
                    Buckets: 131072  Batches: 16  Memory Usage: 2394kB
                    ->  Seq Scan on title t  (cost=0.00..73925.90 rows=717156 width=4) (actual time=0.017..1262.801 rows=620281 loops=1)
                          Filter: ((kind_id < 7) AND (production_year > 1986))
                          Rows Removed by Filter: 1908031
Planning time: 1.210 ms
Execution time: 5511.805 ms
