Hash Join  (cost=796613.26..892552.33 rows=101 width=0) (actual time=14742.982..15025.636 rows=109 loops=1)
  Hash Cond: (mk.movie_id = t.id)
  ->  Seq Scan on movie_keyword mk  (cost=0.00..81003.12 rows=3982650 width=4) (actual time=0.020..1679.905 rows=3982530 loops=1)
        Filter: (keyword_id > 382)
        Rows Removed by Filter: 541400
  ->  Hash  (cost=796612.46..796612.46 rows=64 width=8) (actual time=12825.924..12825.924 rows=9 loops=1)
        Buckets: 1024  Batches: 1  Memory Usage: 9kB
        ->  Nested Loop  (cost=0.43..796612.46 rows=64 width=8) (actual time=4236.944..12825.907 rows=9 loops=1)
              ->  Seq Scan on cast_info ci  (cost=0.00..796071.18 rows=64 width=4) (actual time=4236.851..12825.575 rows=9 loops=1)
                    Filter: ((role_id > 9) AND (person_id = 2709555))
                    Rows Removed by Filter: 36244335
              ->  Index Only Scan using title_pkey on title t  (cost=0.43..8.45 rows=1 width=4) (actual time=0.031..0.032 rows=1 loops=9)
                    Index Cond: (id = ci.movie_id)
                    Heap Fetches: 9
Planning time: 4.621 ms
Execution time: 15025.755 ms
