Hash Join  (cost=78556.72..160105.55 rows=511834 width=0) (actual time=1296.108..3737.662 rows=1195083 loops=1)
  Hash Cond: (mc.movie_id = t.id)
  ->  Seq Scan on movie_companies mc  (cost=0.00..51404.11 rows=1938765 width=4) (actual time=0.017..1128.758 rows=1945341 loops=1)
        Filter: (company_id > 995)
        Rows Removed by Filter: 663788
  ->  Hash  (cost=67604.59..67604.59 rows=667531 width=4) (actual time=1295.269..1295.269 rows=662825 loops=1)
        Buckets: 131072  Batches: 16  Memory Usage: 2476kB
        ->  Seq Scan on title t  (cost=0.00..67604.59 rows=667531 width=4) (actual time=401.151..1092.839 rows=662825 loops=1)
              Filter: (kind_id = 1)
              Rows Removed by Filter: 1865487
Planning time: 0.790 ms
Execution time: 3872.908 ms
