Hash Join  (cost=797960.46..824872.16 rows=122 width=0) (actual time=13415.954..13944.334 rows=714 loops=1)
  Hash Cond: (mi_idx.movie_id = t.id)
  ->  Seq Scan on movie_info_idx mi_idx  (cost=0.00..21735.35 rows=1380035 width=4) (actual time=0.021..294.623 rows=1380035 loops=1)
  ->  Hash  (cost=797957.66..797957.66 rows=224 width=8) (actual time=13403.694..13403.694 rows=263 loops=1)
        Buckets: 1024  Batches: 1  Memory Usage: 19kB
        ->  Nested Loop  (cost=0.43..797957.66 rows=224 width=8) (actual time=2925.543..13403.534 rows=263 loops=1)
              ->  Seq Scan on cast_info ci  (cost=0.00..796071.18 rows=224 width=4) (actual time=2925.443..13385.984 rows=263 loops=1)
                    Filter: ((role_id > 2) AND (person_id = 180191))
                    Rows Removed by Filter: 36244081
              ->  Index Only Scan using title_pkey on title t  (cost=0.43..8.41 rows=1 width=4) (actual time=0.065..0.066 rows=1 loops=263)
                    Index Cond: (id = ci.movie_id)
                    Heap Fetches: 263
Planning time: 1.243 ms
Execution time: 13944.582 ms
