Hash Join  (cost=52284.99..79212.74 rows=19 width=0) (actual time=860.433..1263.471 rows=4 loops=1)
  Hash Cond: (mi_idx.movie_id = t.id)
  ->  Seq Scan on movie_info_idx mi_idx  (cost=0.00..25185.44 rows=464566 width=4) (actual time=0.023..436.094 rows=459925 loops=1)
        Filter: (info_type_id = 101)
        Rows Removed by Filter: 920110
  ->  Hash  (cost=52283.69..52283.69 rows=104 width=8) (actual time=758.116..758.116 rows=744 loops=1)
        Buckets: 1024  Batches: 1  Memory Usage: 38kB
        ->  Nested Loop  (cost=0.43..52283.69 rows=104 width=8) (actual time=7.105..757.710 rows=744 loops=1)
              ->  Seq Scan on movie_companies mc  (cost=0.00..51404.11 rows=104 width=4) (actual time=7.028..738.132 rows=744 loops=1)
                    Filter: (company_id = 12468)
                    Rows Removed by Filter: 2608385
              ->  Index Only Scan using title_pkey on title t  (cost=0.43..8.45 rows=1 width=4) (actual time=0.025..0.025 rows=1 loops=744)
                    Index Cond: (id = mc.movie_id)
                    Heap Fetches: 744
Planning time: 1.211 ms
Execution time: 1263.608 ms
