Seq Scan on movie_keyword mk  (cost=0.00..81003.12 rows=984657 width=0) (actual time=2.004..1364.874 rows=994054 loops=1)
  Filter: (keyword_id > 18607)
  Rows Removed by Filter: 3529876
Planning time: 8.208 ms
Execution time: 1492.165 ms
