Hash Join  (cost=161068.89..1233481.31 rows=3758426 width=0) (actual time=3390.148..30922.972 rows=2331297 loops=1)
  Hash Cond: (ci.movie_id = t.id)
  ->  Seq Scan on cast_info ci  (cost=0.00..614943.12 rows=36225612 width=4) (actual time=0.014..12716.625 rows=36244344 loops=1)
  ->  Hash  (cost=156764.69..156764.69 rows=262336 width=8) (actual time=3387.844..3387.844 rows=162696 loops=1)
        Buckets: 131072  Batches: 4  Memory Usage: 2608kB
        ->  Hash Join  (cost=78097.80..156764.69 rows=262336 width=8) (actual time=1262.724..3335.218 rows=162696 loops=1)
              Hash Cond: (mc.movie_id = t.id)
              ->  Seq Scan on movie_companies mc  (cost=0.00..44881.29 rows=2609129 width=4) (actual time=0.024..972.466 rows=2609129 loops=1)
              ->  Hash  (cost=73925.90..73925.90 rows=254232 width=4) (actual time=1261.893..1261.893 rows=145458 loops=1)
                    Buckets: 131072  Batches: 4  Memory Usage: 2301kB
                    ->  Seq Scan on title t  (cost=0.00..73925.90 rows=254232 width=4) (actual time=271.398..1211.008 rows=145458 loops=1)
                          Filter: ((production_year < 1973) AND (kind_id = 7))
                          Rows Removed by Filter: 2382854
Planning time: 1.190 ms
Execution time: 31185.869 ms
