Hash Join  (cost=133432.40..930948.55 rows=4105 width=0) (actual time=5820.844..15009.520 rows=9138 loops=1)
  Hash Cond: (ci.movie_id = t.id)
  ->  Seq Scan on cast_info ci  (cost=0.00..796071.18 rows=374379 width=4) (actual time=3268.165..12408.170 rows=146876 loops=1)
        Filter: ((person_id < 1150044) AND (role_id = 9))
        Rows Removed by Filter: 36097468
  ->  Hash  (cost=133085.85..133085.85 rows=27724 width=8) (actual time=2552.308..2552.308 rows=53136 loops=1)
        Buckets: 65536 (originally 32768)  Batches: 1 (originally 1)  Memory Usage: 2588kB
        ->  Hash Join  (cost=74394.67..133085.85 rows=27724 width=8) (actual time=1081.927..2529.917 rows=53136 loops=1)
              Hash Cond: (mc.movie_id = t.id)
              ->  Seq Scan on movie_companies mc  (cost=0.00..51404.11 rows=1869287 width=4) (actual time=0.034..1015.920 rows=1874047 loops=1)
                    Filter: (company_id > 1434)
                    Rows Removed by Filter: 735082
              ->  Hash  (cost=73925.90..73925.90 rows=37501 width=4) (actual time=1081.559..1081.559 rows=32253 loops=1)
                    Buckets: 65536  Batches: 1  Memory Usage: 1646kB
                    ->  Seq Scan on title t  (cost=0.00..73925.90 rows=37501 width=4) (actual time=0.057..1067.786 rows=32253 loops=1)
                          Filter: ((kind_id < 7) AND (production_year = 2005))
                          Rows Removed by Filter: 2496059
Planning time: 1.322 ms
Execution time: 15011.477 ms
