Seq Scan on cast_info ci  (cost=0.00..705507.15 rows=33058799 width=0) (actual time=0.015..14178.088 rows=33025418 loops=1)
  Filter: (person_id < 3469909)
  Rows Removed by Filter: 3218926
Planning time: 3.077 ms
Execution time: 18249.022 ms
