Hash Join  (cost=74148.38..130440.74 rows=9006 width=0) (actual time=1081.241..1971.852 rows=6919 loops=1)
  Hash Cond: (mc.movie_id = t.id)
  ->  Seq Scan on movie_companies mc  (cost=0.00..51404.11 rows=1279517 width=4) (actual time=0.013..668.695 rows=1274246 loops=1)
        Filter: (company_type_id < 2)
        Rows Removed by Filter: 1334883
  ->  Hash  (cost=73925.90..73925.90 rows=17798 width=4) (actual time=1080.997..1080.997 rows=13346 loops=1)
        Buckets: 32768  Batches: 1  Memory Usage: 726kB
        ->  Seq Scan on title t  (cost=0.00..73925.90 rows=17798 width=4) (actual time=18.592..1075.071 rows=13346 loops=1)
              Filter: ((production_year > 2010) AND (kind_id = 4))
              Rows Removed by Filter: 2514966
Planning time: 0.780 ms
Execution time: 1973.046 ms
