Hash Join  (cost=73950.44..438720.80 rows=11443 width=0) (actual time=1051.101..8518.133 rows=39378 loops=1)
  Hash Cond: (mi.movie_id = t.id)
  ->  Seq Scan on movie_info mi  (cost=0.00..309384.22 rows=14739122 width=4) (actual time=0.022..4369.376 rows=14835720 loops=1)
  ->  Hash  (cost=73925.90..73925.90 rows=1963 width=4) (actual time=1050.924..1050.924 rows=3781 loops=1)
        Buckets: 4096 (originally 2048)  Batches: 1 (originally 1)  Memory Usage: 165kB
        ->  Seq Scan on title t  (cost=0.00..73925.90 rows=1963 width=4) (actual time=664.468..1049.126 rows=3781 loops=1)
              Filter: ((kind_id = 1) AND (production_year = 1918))
              Rows Removed by Filter: 2524531
Planning time: 0.790 ms
Execution time: 8530.090 ms
