Hash Join  (cost=152963.56..588861.02 rows=256698 width=0) (actual time=3463.449..13381.996 rows=2094099 loops=1)
  Hash Cond: (mi.movie_id = t.id)
  ->  Seq Scan on movie_info mi  (cost=0.00..346232.03 rows=7503588 width=4) (actual time=0.010..6314.954 rows=7548855 loops=1)
        Filter: (info_type_id > 7)
        Rows Removed by Filter: 7286865
  ->  Hash  (cost=151544.30..151544.30 rows=86501 width=8) (actual time=3292.418..3292.418 rows=193970 loops=1)
        Buckets: 131072 (originally 131072)  Batches: 4 (originally 2)  Memory Usage: 3073kB
        ->  Hash Join  (cost=75301.77..151544.30 rows=86501 width=8) (actual time=1411.062..3220.359 rows=193970 loops=1)
              Hash Cond: (mc.movie_id = t.id)
              ->  Seq Scan on movie_companies mc  (cost=0.00..44881.29 rows=2609129 width=4) (actual time=0.031..840.786 rows=2609129 loops=1)
              ->  Hash  (cost=73925.90..73925.90 rows=83829 width=4) (actual time=1410.272..1410.272 rows=90654 loops=1)
                    Buckets: 131072  Batches: 2  Memory Usage: 2622kB
                    ->  Seq Scan on title t  (cost=0.00..73925.90 rows=83829 width=4) (actual time=0.027..1376.702 rows=90654 loops=1)
                          Filter: ((production_year > 1932) AND (kind_id = 2))
                          Rows Removed by Filter: 2437658
Planning time: 1.183 ms
Execution time: 13642.364 ms
