Seq Scan on movie_keyword mk  (cost=0.00..81003.12 rows=1439539 width=0) (actual time=0.017..1464.938 rows=1453702 loops=1)
  Filter: (keyword_id > 11479)
  Rows Removed by Filter: 3070228
Planning time: 0.234 ms
Execution time: 1649.561 ms
