Seq Scan on movie_companies mc  (cost=0.00..57926.93 rows=53 width=0) (actual time=341.665..933.422 rows=14 loops=1)
  Filter: ((company_type_id > 1) AND (company_id = 14432))
  Rows Removed by Filter: 2609115
Planning time: 0.403 ms
Execution time: 933.534 ms
