Hash Join  (cost=102767.86..197107.44 rows=1373752 width=0) (actual time=2294.069..4830.323 rows=1360461 loops=1)
  Hash Cond: (mc.movie_id = t.id)
  ->  Seq Scan on movie_companies mc  (cost=0.00..51404.11 rows=1373752 width=4) (actual time=0.021..1052.049 rows=1360461 loops=1)
        Filter: (company_id < 11690)
        Rows Removed by Filter: 1248668
  ->  Hash  (cost=61283.27..61283.27 rows=2528527 width=4) (actual time=2292.593..2292.593 rows=2528312 loops=1)
        Buckets: 131072  Batches: 64  Memory Usage: 2415kB
        ->  Seq Scan on title t  (cost=0.00..61283.27 rows=2528527 width=4) (actual time=0.017..1128.673 rows=2528312 loops=1)
Planning time: 0.791 ms
Execution time: 4990.100 ms
