Seq Scan on cast_info ci  (cost=0.00..796071.18 rows=4203821 width=0) (actual time=8146.199..13312.546 rows=8577966 loops=1)
  Filter: ((person_id < 1167946) AND (role_id = 1))
  Rows Removed by Filter: 27666378
Planning time: 0.415 ms
Execution time: 14422.213 ms
