Hash Join  (cost=101190.46..155894.39 rows=3841 width=0) (actual time=1807.806..2674.304 rows=11413 loops=1)
  Hash Cond: (mc.movie_id = t.id)
  ->  Seq Scan on movie_companies mc  (cost=0.00..44881.29 rows=2609129 width=4) (actual time=0.069..536.477 rows=2609129 loops=1)
  ->  Hash  (cost=101143.93..101143.93 rows=3722 width=8) (actual time=1624.030..1624.030 rows=4898 loops=1)
        Buckets: 8192 (originally 4096)  Batches: 1 (originally 1)  Memory Usage: 256kB
        ->  Hash Join  (cost=74179.15..101143.93 rows=3722 width=8) (actual time=1246.934..1621.818 rows=4898 loops=1)
              Hash Cond: (mi_idx.movie_id = t.id)
              ->  Seq Scan on movie_info_idx mi_idx  (cost=0.00..25185.44 rows=464566 width=4) (actual time=0.022..441.944 rows=459925 loops=1)
                    Filter: (info_type_id = 101)
                    Rows Removed by Filter: 920110
              ->  Hash  (cost=73925.90..73925.90 rows=20260 width=4) (actual time=1062.943..1062.943 rows=20873 loops=1)
                    Buckets: 32768  Batches: 1  Memory Usage: 990kB
                    ->  Seq Scan on title t  (cost=0.00..73925.90 rows=20260 width=4) (actual time=278.376..1054.983 rows=20873 loops=1)
                          Filter: ((production_year < 1979) AND (kind_id = 3))
                          Rows Removed by Filter: 2507439
Planning time: 1.188 ms
Execution time: 2676.521 ms
