Seq Scan on movie_companies mc  (cost=0.00..57926.93 rows=1207704 width=0) (actual time=0.020..1074.203 rows=1093177 loops=1)
  Filter: ((company_id < 102727) AND (company_type_id = 2))
  Rows Removed by Filter: 1515952
Planning time: 0.390 ms
Execution time: 1212.781 ms
