Seq Scan on cast_info ci  (cost=0.00..796071.18 rows=12124238 width=0) (actual time=1612.599..16389.801 rows=12076608 loops=1)
  Filter: ((person_id > 23026) AND (role_id > 3))
  Rows Removed by Filter: 24167736
Planning time: 0.560 ms
Execution time: 17891.482 ms
