Hash Join  (cost=83810.17..208442.45 rows=1004304 width=0) (actual time=1576.605..4911.129 rows=2177903 loops=1)
  Hash Cond: (mk.movie_id = t.id)
  ->  Seq Scan on movie_keyword mk  (cost=0.00..81003.12 rows=2570964 width=4) (actual time=0.023..1638.165 rows=2561803 loops=1)
        Filter: (keyword_id > 3429)
        Rows Removed by Filter: 1962127
  ->  Hash  (cost=67604.59..67604.59 rows=987727 width=4) (actual time=1575.241..1575.241 rows=985048 loops=1)
        Buckets: 131072  Batches: 16  Memory Usage: 3197kB
        ->  Seq Scan on title t  (cost=0.00..67604.59 rows=987727 width=4) (actual time=0.017..1248.488 rows=985048 loops=1)
              Filter: (kind_id < 7)
              Rows Removed by Filter: 1543264
Planning time: 0.695 ms
Execution time: 5135.483 ms
