Seq Scan on cast_info ci  (cost=0.00..796071.18 rows=5606812 width=0) (actual time=0.007..15764.700 rows=7451973 loops=1)
  Filter: ((person_id < 2847434) AND (role_id = 2))
  Rows Removed by Filter: 28792371
Planning time: 0.352 ms
Execution time: 16713.554 ms
