Seq Scan on cast_info ci  (cost=0.00..705507.15 rows=7019827 width=0) (actual time=0.020..11768.617 rows=7093793 loops=1)
  Filter: (person_id > 2957451)
  Rows Removed by Filter: 29150551
Planning time: 0.311 ms
Execution time: 12669.836 ms
