Seq Scan on movie_keyword mk  (cost=0.00..81003.12 rows=1490028 width=0) (actual time=0.026..1580.477 rows=1505870 loops=1)
  Filter: (keyword_id > 10756)
  Rows Removed by Filter: 3018060
Planning time: 0.327 ms
Execution time: 1770.091 ms
