Seq Scan on title t  (cost=0.00..73925.90 rows=2905 width=0) (actual time=0.211..1132.620 rows=3676 loops=1)
  Filter: ((kind_id < 7) AND (production_year = 1958))
  Rows Removed by Filter: 2524636
Planning time: 0.261 ms
Execution time: 1133.670 ms
