Hash Join  (cost=74341.98..129074.62 rows=11288 width=0) (actual time=1106.221..2229.127 rows=22055 loops=1)
  Hash Cond: (mc.movie_id = t.id)
  ->  Seq Scan on movie_companies mc  (cost=0.00..51404.11 rows=857507 width=4) (actual time=0.302..909.758 rows=864218 loops=1)
        Filter: (company_id > 23996)
        Rows Removed by Filter: 1744911
  ->  Hash  (cost=73925.90..73925.90 rows=33286 width=4) (actual time=1105.542..1105.542 rows=28113 loops=1)
        Buckets: 65536  Batches: 1  Memory Usage: 1501kB
        ->  Seq Scan on title t  (cost=0.00..73925.90 rows=33286 width=4) (actual time=0.019..1093.361 rows=28113 loops=1)
              Filter: ((kind_id < 7) AND (production_year = 2004))
              Rows Removed by Filter: 2500199
Planning time: 0.651 ms
Execution time: 2232.694 ms
