Hash Join  (cost=98137.04..269550.17 rows=3033321 width=0) (actual time=1835.912..6326.567 rows=1524077 loops=1)
  Hash Cond: (mk.movie_id = t.id)
  ->  Seq Scan on movie_keyword mk  (cost=0.00..81003.12 rows=4121360 width=4) (actual time=0.015..1733.302 rows=4126973 loops=1)
        Filter: (keyword_id < 43567)
        Rows Removed by Filter: 396957
  ->  Hash  (cost=67604.59..67604.59 rows=1860996 width=4) (actual time=1834.357..1834.357 rows=1865487 loops=1)
        Buckets: 131072  Batches: 32  Memory Usage: 3085kB
        ->  Seq Scan on title t  (cost=0.00..67604.59 rows=1860996 width=4) (actual time=0.026..1210.544 rows=1865487 loops=1)
              Filter: (kind_id > 1)
              Rows Removed by Filter: 662825
Planning time: 0.738 ms
Execution time: 6486.239 ms
