Hash Join  (cost=709673.31..1074330.00 rows=76 width=0) (actual time=11286.236..18514.149 rows=128 loops=1)
  Hash Cond: (mi.movie_id = t.id)
  ->  Seq Scan on movie_info mi  (cost=0.00..309384.22 rows=14739122 width=4) (actual time=0.019..4615.194 rows=14835720 loops=1)
  ->  Hash  (cost=709673.15..709673.15 rows=13 width=8) (actual time=11152.394..11152.394 rows=3 loops=1)
        Buckets: 1024  Batches: 1  Memory Usage: 9kB
        ->  Nested Loop  (cost=0.43..709673.15 rows=13 width=8) (actual time=8390.554..11152.310 rows=3 loops=1)
              ->  Seq Scan on cast_info ci  (cost=0.00..705507.15 rows=500 width=4) (actual time=4349.311..11139.823 rows=393 loops=1)
                    Filter: (person_id = 65736)
                    Rows Removed by Filter: 36243951
              ->  Index Scan using title_pkey on title t  (cost=0.43..8.32 rows=1 width=4) (actual time=0.031..0.031 rows=0 loops=393)
                    Index Cond: (id = ci.movie_id)
                    Filter: (production_year = 2003)
                    Rows Removed by Filter: 1
Planning time: 1.195 ms
Execution time: 18514.396 ms
