Hash Join  (cost=202134.05..1081539.88 rows=836499 width=0) (actual time=4874.951..27906.052 rows=11551100 loops=1)
  Hash Cond: (ci.movie_id = t.id)
  ->  Seq Scan on cast_info ci  (cost=0.00..705507.15 rows=12869539 width=4) (actual time=0.906..13777.794 rows=12840749 loops=1)
        Filter: (person_id < 1267020)
        Rows Removed by Filter: 23403595
  ->  Hash  (cost=199437.68..199437.68 rows=164350 width=8) (actual time=4761.490..4761.490 rows=677652 loops=1)
        Buckets: 131072 (originally 131072)  Batches: 16 (originally 4)  Memory Usage: 3073kB
        ->  Hash Join  (cost=75433.14..199437.68 rows=164350 width=8) (actual time=1137.870..4532.796 rows=677652 loops=1)
              Hash Cond: (mk.movie_id = t.id)
              ->  Seq Scan on movie_keyword mk  (cost=0.00..69693.30 rows=4523930 width=4) (actual time=0.018..1452.476 rows=4523930 loops=1)
              ->  Hash  (cost=73925.90..73925.90 rows=91859 width=4) (actual time=1136.627..1136.627 rows=191138 loops=1)
                    Buckets: 131072 (originally 131072)  Batches: 4 (originally 2)  Memory Usage: 3073kB
                    ->  Seq Scan on title t  (cost=0.00..73925.90 rows=91859 width=4) (actual time=0.090..1062.011 rows=191138 loops=1)
                          Filter: ((kind_id < 7) AND (production_year < 1959))
                          Rows Removed by Filter: 2337174
Planning time: 0.811 ms
Execution time: 29065.358 ms
