Hash Join  (cost=217078.60..1468336.74 rows=21168297 width=0) (actual time=11813.877..89507.347 rows=21380012 loops=1)
  Hash Cond: (ci.movie_id = t.id)
  ->  Seq Scan on cast_info ci  (cost=0.00..614943.12 rows=36225612 width=4) (actual time=0.013..45403.670 rows=36244344 loops=1)
  ->  Hash  (cost=192837.42..192837.42 rows=1477535 width=8) (actual time=11813.067..11813.067 rows=704352 loops=1)
        Buckets: 131072  Batches: 32  Memory Usage: 1857kB
        ->  Hash Join  (cost=97418.54..192837.42 rows=1477535 width=8) (actual time=5935.808..11545.693 rows=704352 loops=1)
              Hash Cond: (mc.movie_id = t.id)
              ->  Seq Scan on movie_companies mc  (cost=0.00..44881.29 rows=2609129 width=4) (actual time=0.020..2949.663 rows=2609129 loops=1)
              ->  Hash  (cost=73925.90..73925.90 rows=1431891 width=4) (actual time=5934.361..5934.361 rows=1478437 loops=1)
                    Buckets: 131072  Batches: 32  Memory Usage: 2651kB
                    ->  Seq Scan on title t  (cost=0.00..73925.90 rows=1431891 width=4) (actual time=313.232..4530.882 rows=1478437 loops=1)
                          Filter: ((production_year > 1928) AND (kind_id = 7))
                          Rows Removed by Filter: 1049875
Planning time: 1.882 ms
Execution time: 92596.592 ms
