Hash Join  (cost=971425.22..2968267.50 rows=81151274 width=0) (actual time=25060.762..109250.351 rows=206654270 loops=1)
  Hash Cond: (ci.movie_id = t.id)
  ->  Seq Scan on cast_info ci  (cost=0.00..705507.15 rows=16201301 width=4) (actual time=0.022..15403.898 rows=16121683 loops=1)
        Filter: (role_id > 2)
        Rows Removed by Filter: 20122661
  ->  Hash  (cost=763635.85..763635.85 rows=12665229 width=8) (actual time=25056.162..25056.162 rows=12744652 loops=1)
        Buckets: 131072  Batches: 256  Memory Usage: 2954kB
        ->  Hash Join  (cost=102767.86..763635.85 rows=12665229 width=8) (actual time=1937.302..20244.059 rows=12744652 loops=1)
              Hash Cond: (mi.movie_id = t.id)
              ->  Seq Scan on movie_info mi  (cost=0.00..346232.03 rows=12665229 width=4) (actual time=0.025..7601.488 rows=12744652 loops=1)
                    Filter: (info_type_id > 2)
                    Rows Removed by Filter: 2091068
              ->  Hash  (cost=61283.27..61283.27 rows=2528527 width=4) (actual time=1935.563..1935.563 rows=2528312 loops=1)
                    Buckets: 131072  Batches: 64  Memory Usage: 2425kB
                    ->  Seq Scan on title t  (cost=0.00..61283.27 rows=2528527 width=4) (actual time=0.016..1064.947 rows=2528312 loops=1)
Planning time: 1.187 ms
Execution time: 135298.155 ms
