Hash Join  (cost=160212.76..275372.90 rows=686859 width=0) (actual time=4105.517..7286.629 rows=2267062 loops=1)
  Hash Cond: (mk.movie_id = t.id)
  ->  Seq Scan on movie_keyword mk  (cost=0.00..81003.12 rows=2077446 width=4) (actual time=0.018..1641.508 rows=2075284 loops=1)
        Filter: (keyword_id > 5834)
        Rows Removed by Filter: 2448646
  ->  Hash  (cost=146496.78..146496.78 rows=835999 width=8) (actual time=4103.065..4103.065 rows=758770 loops=1)
        Buckets: 131072  Batches: 16  Memory Usage: 2888kB
        ->  Hash Join  (cost=92735.26..146496.78 rows=835999 width=8) (actual time=2289.789..3872.713 rows=758770 loops=1)
              Hash Cond: (mi_idx.movie_id = t.id)
              ->  Seq Scan on movie_info_idx mi_idx  (cost=0.00..21735.35 rows=1380035 width=4) (actual time=0.022..404.346 rows=1380035 loops=1)
              ->  Hash  (cost=67604.59..67604.59 rows=1531734 width=4) (actual time=2288.666..2288.666 rows=1531613 loops=1)
                    Buckets: 131072  Batches: 32  Memory Usage: 2708kB
                    ->  Seq Scan on title t  (cost=0.00..67604.59 rows=1531734 width=4) (actual time=0.027..1314.056 rows=1531613 loops=1)
                          Filter: (production_year > 1997)
                          Rows Removed by Filter: 996699
Planning time: 0.791 ms
Execution time: 7547.366 ms
