Nested Loop  (cost=0.43..70528.21 rows=155 width=0) (actual time=14.640..953.657 rows=157 loops=1)
  ->  Seq Scan on movie_companies mc  (cost=0.00..51404.11 rows=2435 width=4) (actual time=11.055..894.453 rows=2411 loops=1)
        Filter: (company_id = 708)
        Rows Removed by Filter: 2606718
  ->  Index Scan using title_pkey on title t  (cost=0.43..7.84 rows=1 width=4) (actual time=0.024..0.024 rows=0 loops=2411)
        Index Cond: (id = mc.movie_id)
        Filter: (production_year = 2011)
        Rows Removed by Filter: 1
Planning time: 0.816 ms
Execution time: 953.849 ms
