Hash Join  (cost=104131.46..241389.32 rows=1937026 width=0) (actual time=2036.898..5794.696 rows=2108080 loops=1)
  Hash Cond: (mk.movie_id = t.id)
  ->  Seq Scan on movie_keyword mk  (cost=0.00..81003.12 rows=2199894 width=4) (actual time=0.025..1578.436 rows=2197610 loops=1)
        Filter: (keyword_id > 5091)
        Rows Removed by Filter: 2326320
  ->  Hash  (cost=67604.59..67604.59 rows=2226390 width=4) (actual time=2035.996..2035.996 rows=2224569 loops=1)
        Buckets: 131072  Batches: 32  Memory Usage: 3472kB
        ->  Seq Scan on title t  (cost=0.00..67604.59 rows=2226390 width=4) (actual time=0.018..1313.877 rows=2224569 loops=1)
              Filter: (production_year < 2012)
              Rows Removed by Filter: 303743
Planning time: 0.552 ms
Execution time: 6038.382 ms
