Seq Scan on movie_companies mc  (cost=0.00..57926.93 rows=696852 width=0) (actual time=0.022..2944.859 rows=483020 loops=1)
  Filter: ((company_id > 10278) AND (company_type_id = 1))
  Rows Removed by Filter: 2126109
Planning time: 0.393 ms
Execution time: 3032.196 ms
