Hash Join  (cost=542808.31..1927117.27 rows=29712178 width=0) (actual time=26454.545..110952.449 rows=38637703 loops=1)
  Hash Cond: (ci.movie_id = t.id)
  ->  Seq Scan on cast_info ci  (cost=0.00..614943.12 rows=36225612 width=4) (actual time=0.011..44549.310 rows=36244344 loops=1)
  ->  Hash  (cost=508782.64..508782.64 rows=2073893 width=8) (actual time=26453.749..26453.749 rows=2091068 loops=1)
        Buckets: 131072  Batches: 32  Memory Usage: 3553kB
        ->  Hash Join  (cost=102767.86..508782.64 rows=2073893 width=8) (actual time=11844.098..25128.179 rows=2091068 loops=1)
              Hash Cond: (mi.movie_id = t.id)
              ->  Seq Scan on movie_info mi  (cost=0.00..346232.03 rows=2073893 width=4) (actual time=6086.363..16594.007 rows=2091068 loops=1)
                    Filter: (info_type_id < 3)
                    Rows Removed by Filter: 12744652
              ->  Hash  (cost=61283.27..61283.27 rows=2528527 width=4) (actual time=5756.408..5756.408 rows=2528312 loops=1)
                    Buckets: 131072  Batches: 64  Memory Usage: 2425kB
                    ->  Seq Scan on title t  (cost=0.00..61283.27 rows=2528527 width=4) (actual time=0.018..4333.675 rows=2528312 loops=1)
Planning time: 2.407 ms
Execution time: 116264.600 ms
