Hash Join  (cost=220694.83..1377166.87 rows=11941286 width=0) (actual time=4892.733..43769.074 rows=43817778 loops=1)
  Hash Cond: (ci.movie_id = t.id)
  ->  Seq Scan on cast_info ci  (cost=0.00..614943.12 rows=36225612 width=4) (actual time=0.028..13379.834 rows=36244344 loops=1)
  ->  Hash  (cost=207020.14..207020.14 rows=833495 width=8) (actual time=4891.815..4891.815 rows=999513 loops=1)
        Buckets: 131072  Batches: 16  Memory Usage: 3515kB
        ->  Hash Join  (cost=94978.31..207020.14 rows=833495 width=8) (actual time=1955.875..4610.076 rows=999513 loops=1)
              Hash Cond: (mk.movie_id = t.id)
              ->  Seq Scan on movie_keyword mk  (cost=0.00..81003.12 rows=1263151 width=4) (actual time=0.033..1517.821 rows=1273703 loops=1)
                    Filter: (keyword_id > 13976)
                    Rows Removed by Filter: 3250227
              ->  Hash  (cost=67604.59..67604.59 rows=1668458 width=4) (actual time=1954.704..1954.704 rows=1671292 loops=1)
                    Buckets: 131072  Batches: 32  Memory Usage: 2866kB
                    ->  Seq Scan on title t  (cost=0.00..67604.59 rows=1668458 width=4) (actual time=0.009..1415.078 rows=1671292 loops=1)
                          Filter: (production_year < 2008)
                          Rows Removed by Filter: 857020
Planning time: 1.152 ms
Execution time: 48067.083 ms
