Seq Scan on movie_keyword mk  (cost=0.00..81003.12 rows=246 width=0) (actual time=0.120..1380.388 rows=4062 loops=1)
  Filter: (keyword_id = 266)
  Rows Removed by Filter: 4519868
Planning time: 0.342 ms
Execution time: 1381.569 ms
