Hash Join  (cost=107183.38..287425.62 rows=4316130 width=0) (actual time=7182.664..17938.813 rows=4485751 loops=1)
  Hash Cond: (mk.movie_id = t.id)
  ->  Seq Scan on movie_keyword mk  (cost=0.00..69693.30 rows=4523930 width=4) (actual time=0.020..4919.860 rows=4523930 loops=1)
  ->  Hash  (cost=67604.59..67604.59 rows=2412383 width=4) (actual time=7176.704..7176.704 rows=2404496 loops=1)
        Buckets: 131072  Batches: 32  Memory Usage: 3675kB
        ->  Seq Scan on title t  (cost=0.00..67604.59 rows=2412383 width=4) (actual time=0.024..5504.889 rows=2404496 loops=1)
              Filter: (production_year > 1913)
              Rows Removed by Filter: 123816
Planning time: 4.688 ms
Execution time: 18707.489 ms
