Seq Scan on cast_info ci  (cost=0.00..705507.15 rows=16473153 width=0) (actual time=0.028..38372.491 rows=16608445 loops=1)
  Filter: (person_id > 1967877)
  Rows Removed by Filter: 19635899
Planning time: 0.407 ms
Execution time: 41354.659 ms
