Hash Join  (cost=92883.59..192628.65 rows=410043 width=0) (actual time=6885.543..9230.403 rows=75815 loops=1)
  Hash Cond: (mk.movie_id = t.id)
  ->  Seq Scan on movie_keyword mk  (cost=0.00..81003.12 rows=672901 width=4) (actual time=0.021..3667.472 rows=671159 loops=1)
        Filter: (keyword_id < 536)
        Rows Removed by Filter: 3852771
  ->  Hash  (cost=67604.59..67604.59 rows=1540800 width=4) (actual time=4867.271..4867.271 rows=1543264 loops=1)
        Buckets: 131072  Batches: 32  Memory Usage: 2728kB
        ->  Seq Scan on title t  (cost=0.00..67604.59 rows=1540800 width=4) (actual time=0.016..3872.349 rows=1543264 loops=1)
              Filter: (kind_id = 7)
              Rows Removed by Filter: 985048
Planning time: 3.073 ms
Execution time: 9240.463 ms
