Hash Join  (cost=74483.34..161939.25 rows=79787 width=0) (actual time=3749.794..8528.096 rows=53464 loops=1)
  Hash Cond: (mk.movie_id = t.id)
  ->  Seq Scan on movie_keyword mk  (cost=0.00..69693.30 rows=4523930 width=4) (actual time=0.016..3506.647 rows=4523930 loops=1)
  ->  Hash  (cost=73925.90..73925.90 rows=44595 width=4) (actual time=3748.004..3748.004 rows=50569 loops=1)
        Buckets: 65536  Batches: 1  Memory Usage: 2290kB
        ->  Seq Scan on title t  (cost=0.00..73925.90 rows=44595 width=4) (actual time=0.035..3722.117 rows=50569 loops=1)
              Filter: ((kind_id > 3) AND (production_year = 2003))
              Rows Removed by Filter: 2477743
Planning time: 0.555 ms
Execution time: 8546.597 ms
