Hash Join  (cost=462410.68..500226.71 rows=98496 width=0) (actual time=22139.738..24070.713 rows=526090 loops=1)
  Hash Cond: (mi_idx.movie_id = t.id)
  ->  Seq Scan on movie_info_idx mi_idx  (cost=0.00..25185.44 rows=915101 width=4) (actual time=0.021..1259.453 rows=919850 loops=1)
        Filter: (info_type_id < 101)
        Rows Removed by Filter: 460185
  ->  Hash  (cost=457944.75..457944.75 rows=272155 width=8) (actual time=22138.930..22138.930 rows=310937 loops=1)
        Buckets: 131072  Batches: 4  Memory Usage: 4072kB
        ->  Hash Join  (cost=97066.09..457944.75 rows=272155 width=8) (actual time=11323.315..22041.644 rows=310937 loops=1)
              Hash Cond: (mi.movie_id = t.id)
              ->  Seq Scan on movie_info mi  (cost=0.00..346232.03 rows=383217 width=4) (actual time=5574.771..15829.883 rows=368218 loops=1)
                    Filter: (info_type_id = 17)
                    Rows Removed by Filter: 14467502
              ->  Hash  (cost=67604.59..67604.59 rows=1795720 width=4) (actual time=5579.718..5579.718 rows=1794153 loops=1)
                    Buckets: 131072  Batches: 32  Memory Usage: 3001kB
                    ->  Seq Scan on title t  (cost=0.00..67604.59 rows=1795720 width=4) (actual time=0.026..4552.647 rows=1794153 loops=1)
                          Filter: (production_year < 2009)
                          Rows Removed by Filter: 734159
Planning time: 1.122 ms
Execution time: 24143.225 ms
