Nested Loop  (cost=0.43..83071.67 rows=246 width=0) (actual time=49.112..3355.290 rows=166 loops=1)
  ->  Seq Scan on movie_keyword mk  (cost=0.00..81003.12 rows=246 width=4) (actual time=49.028..3319.626 rows=166 loops=1)
        Filter: (keyword_id = 7421)
        Rows Removed by Filter: 4523764
  ->  Index Only Scan using title_pkey on title t  (cost=0.43..8.40 rows=1 width=4) (actual time=0.210..0.211 rows=1 loops=166)
        Index Cond: (id = mk.movie_id)
        Heap Fetches: 166
Planning time: 0.771 ms
Execution time: 3355.487 ms
