Hash Join  (cost=501860.49..1691978.37 rows=15216572 width=0) (actual time=25457.316..119820.218 rows=69452983 loops=1)
  Hash Cond: (ci.movie_id = t.id)
  ->  Seq Scan on cast_info ci  (cost=0.00..614943.12 rows=36225612 width=4) (actual time=0.018..44114.356 rows=36244344 loops=1)
  ->  Hash  (cost=484435.14..484435.14 rows=1062108 width=8) (actual time=25456.296..25456.296 rows=1115380 loops=1)
        Buckets: 131072  Batches: 16  Memory Usage: 3685kB
        ->  Hash Join  (cost=102767.86..484435.14 rows=1062108 width=8) (actual time=8755.218..25082.933 rows=1115380 loops=1)
              Hash Cond: (mi.movie_id = t.id)
              ->  Seq Scan on movie_info mi  (cost=0.00..346232.03 rows=1062108 width=4) (actual time=2685.073..17354.726 rows=1115380 loops=1)
                    Filter: (info_type_id > 63)
                    Rows Removed by Filter: 13720340
              ->  Hash  (cost=61283.27..61283.27 rows=2528527 width=4) (actual time=6060.213..6060.213 rows=2528312 loops=1)
                    Buckets: 131072  Batches: 64  Memory Usage: 2425kB
                    ->  Seq Scan on title t  (cost=0.00..61283.27 rows=2528527 width=4) (actual time=0.026..4486.396 rows=2528312 loops=1)
Planning time: 3.716 ms
Execution time: 130893.619 ms
