Hash Join  (cost=83072.30..137737.83 rows=1 width=0) (actual time=4156.043..7129.883 rows=156 loops=1)
  Hash Cond: (mc.movie_id = t.id)
  ->  Seq Scan on movie_companies mc  (cost=0.00..44881.29 rows=2609129 width=4) (actual time=0.019..2351.820 rows=2609129 loops=1)
  ->  Hash  (cost=83072.29..83072.29 rows=1 width=8) (actual time=4143.250..4143.250 rows=22 loops=1)
        Buckets: 1024  Batches: 1  Memory Usage: 9kB
        ->  Nested Loop  (cost=0.43..83072.29 rows=1 width=8) (actual time=72.576..4143.199 rows=22 loops=1)
              ->  Seq Scan on movie_keyword mk  (cost=0.00..81003.12 rows=246 width=4) (actual time=0.753..3719.639 rows=2048 loops=1)
                    Filter: (keyword_id = 724)
                    Rows Removed by Filter: 4521882
              ->  Index Scan using title_pkey on title t  (cost=0.43..8.40 rows=1 width=4) (actual time=0.206..0.206 rows=0 loops=2048)
                    Index Cond: (id = mk.movie_id)
                    Filter: (production_year = 1992)
                    Rows Removed by Filter: 1
Planning time: 1.105 ms
Execution time: 7130.055 ms
