Hash Join  (cost=52284.99..398722.57 rows=2 width=0) (actual time=1517.057..6010.401 rows=3 loops=1)
  Hash Cond: (mi.movie_id = t.id)
  ->  Seq Scan on movie_info mi  (cost=0.00..346232.03 rows=54808 width=4) (actual time=341.707..5028.340 rows=50267 loops=1)
        Filter: (info_type_id > 107)
        Rows Removed by Filter: 14785453
  ->  Hash  (cost=52283.69..52283.69 rows=104 width=8) (actual time=974.191..974.191 rows=458 loops=1)
        Buckets: 1024  Batches: 1  Memory Usage: 26kB
        ->  Nested Loop  (cost=0.43..52283.69 rows=104 width=8) (actual time=2.219..973.850 rows=458 loops=1)
              ->  Seq Scan on movie_companies mc  (cost=0.00..51404.11 rows=104 width=4) (actual time=2.149..955.851 rows=458 loops=1)
                    Filter: (company_id = 7608)
                    Rows Removed by Filter: 2608671
              ->  Index Only Scan using title_pkey on title t  (cost=0.43..8.45 rows=1 width=4) (actual time=0.037..0.038 rows=1 loops=458)
                    Index Cond: (id = mc.movie_id)
                    Heap Fetches: 458
Planning time: 1.243 ms
Execution time: 6010.537 ms
