Hash Join  (cost=442204.15..1494006.24 rows=1752089 width=0) (actual time=22340.676..104842.645 rows=20158679 loops=1)
  Hash Cond: (ci.movie_id = t.id)
  ->  Seq Scan on cast_info ci  (cost=0.00..614943.12 rows=36225612 width=4) (actual time=0.006..50263.165 rows=36244344 loops=1)
  ->  Hash  (cost=440197.46..440197.46 rows=122295 width=8) (actual time=22339.580..22339.580 rows=290105 loops=1)
        Buckets: 131072 (originally 131072)  Batches: 4 (originally 2)  Memory Usage: 3806kB
        ->  Hash Join  (cost=78306.32..440197.46 rows=122295 width=8) (actual time=3588.487..22153.752 rows=290105 loops=1)
              Hash Cond: (mi.movie_id = t.id)
              ->  Seq Scan on movie_info mi  (cost=0.00..346232.03 rows=1158179 width=4) (actual time=0.018..17629.651 rows=1204709 loops=1)
                    Filter: (info_type_id > 18)
                    Rows Removed by Filter: 13631011
              ->  Hash  (cost=73925.90..73925.90 rows=266993 width=4) (actual time=3587.722..3587.722 rows=216282 loops=1)
                    Buckets: 131072  Batches: 4  Memory Usage: 2934kB
                    ->  Seq Scan on title t  (cost=0.00..73925.90 rows=266993 width=4) (actual time=245.903..3457.001 rows=216282 loops=1)
                          Filter: ((production_year > 2005) AND (kind_id = 1))
                          Rows Removed by Filter: 2312030
Planning time: 1.201 ms
Execution time: 107845.803 ms
