Nested Loop  (cost=0.43..83071.67 rows=246 width=0) (actual time=343.780..3845.551 rows=33 loops=1)
  ->  Seq Scan on movie_keyword mk  (cost=0.00..81003.12 rows=246 width=4) (actual time=343.690..3823.064 rows=33 loops=1)
        Filter: (keyword_id = 58944)
        Rows Removed by Filter: 4523897
  ->  Index Only Scan using title_pkey on title t  (cost=0.43..8.40 rows=1 width=4) (actual time=0.375..0.376 rows=1 loops=33)
        Index Cond: (id = mk.movie_id)
        Heap Fetches: 33
Planning time: 0.717 ms
Execution time: 3845.686 ms
