Hash Join  (cost=102767.86..246575.07 rows=2199513 width=0) (actual time=6007.146..14147.095 rows=2199298 loops=1)
  Hash Cond: (mk.movie_id = t.id)
  ->  Seq Scan on movie_keyword mk  (cost=0.00..81003.12 rows=2199513 width=4) (actual time=0.015..4831.157 rows=2199298 loops=1)
        Filter: (keyword_id < 4398)
        Rows Removed by Filter: 2324632
  ->  Hash  (cost=61283.27..61283.27 rows=2528527 width=4) (actual time=6006.457..6006.457 rows=2528312 loops=1)
        Buckets: 131072  Batches: 64  Memory Usage: 2425kB
        ->  Seq Scan on title t  (cost=0.00..61283.27 rows=2528527 width=4) (actual time=0.020..4270.658 rows=2528312 loops=1)
Planning time: 0.732 ms
Execution time: 14469.852 ms
