Hash Join  (cost=214775.29..360585.96 rows=1954163 width=0) (actual time=9010.954..16476.776 rows=4982239 loops=1)
  Hash Cond: (mk.movie_id = t.id)
  ->  Seq Scan on movie_keyword mk  (cost=0.00..69693.30 rows=4523930 width=4) (actual time=0.018..3495.169 rows=4523930 loops=1)
  ->  Hash  (cost=196855.47..196855.47 rows=1092226 width=8) (actual time=9009.720..9009.720 rows=864368 loops=1)
        Buckets: 131072  Batches: 16  Memory Usage: 3134kB
        ->  Hash Join  (cost=102767.86..196855.47 rows=1092226 width=8) (actual time=4666.655..8715.641 rows=864368 loops=1)
              Hash Cond: (mc.movie_id = t.id)
              ->  Seq Scan on movie_companies mc  (cost=0.00..57926.93 rows=1092226 width=4) (actual time=0.022..2841.308 rows=864368 loops=1)
                    Filter: ((company_id < 75999) AND (company_type_id = 2))
                    Rows Removed by Filter: 1744761
              ->  Hash  (cost=61283.27..61283.27 rows=2528527 width=4) (actual time=4665.557..4665.557 rows=2528312 loops=1)
                    Buckets: 131072  Batches: 64  Memory Usage: 2415kB
                    ->  Seq Scan on title t  (cost=0.00..61283.27 rows=2528527 width=4) (actual time=0.010..3573.972 rows=2528312 loops=1)
Planning time: 1.182 ms
Execution time: 17180.069 ms
