Hash Join  (cost=102767.86..193768.12 rows=1234963 width=0) (actual time=5609.739..10289.031 rows=1246421 loops=1)
  Hash Cond: (mc.movie_id = t.id)
  ->  Seq Scan on movie_companies mc  (cost=0.00..51404.11 rows=1234963 width=4) (actual time=0.022..3048.718 rows=1246421 loops=1)
        Filter: (company_id > 11695)
        Rows Removed by Filter: 1362708
  ->  Hash  (cost=61283.27..61283.27 rows=2528527 width=4) (actual time=5608.258..5608.258 rows=2528312 loops=1)
        Buckets: 131072  Batches: 64  Memory Usage: 2415kB
        ->  Seq Scan on title t  (cost=0.00..61283.27 rows=2528527 width=4) (actual time=0.020..4212.729 rows=2528312 loops=1)
Planning time: 0.780 ms
Execution time: 10464.204 ms
