Hash Join  (cost=73950.44..160643.60 rows=3512 width=0) (actual time=3213.647..7774.924 rows=13252 loops=1)
  Hash Cond: (mk.movie_id = t.id)
  ->  Seq Scan on movie_keyword mk  (cost=0.00..69693.30 rows=4523930 width=4) (actual time=0.013..3349.742 rows=4523930 loops=1)
  ->  Hash  (cost=73925.90..73925.90 rows=1963 width=4) (actual time=3213.488..3213.488 rows=3032 loops=1)
        Buckets: 4096 (originally 2048)  Batches: 1 (originally 1)  Memory Usage: 139kB
        ->  Seq Scan on title t  (cost=0.00..73925.90 rows=1963 width=4) (actual time=0.076..3211.764 rows=3032 loops=1)
              Filter: ((kind_id = 1) AND (production_year = 1958))
              Rows Removed by Filter: 2525280
Planning time: 5.407 ms
Execution time: 7776.915 ms
