Seq Scan on movie_companies mc  (cost=0.00..51404.11 rows=1069621 width=0) (actual time=2.377..2967.846 rows=1067530 loops=1)
  Filter: (company_id < 6480)
  Rows Removed by Filter: 1541599
Planning time: 0.335 ms
Execution time: 3135.556 ms
