Seq Scan on movie_keyword mk  (cost=0.00..81003.12 rows=683593 width=12) (actual time=0.021..1588.507 rows=681653 loops=1)
  Filter: (keyword_id < 562)
  Rows Removed by Filter: 3842277
Planning time: 0.336 ms
Execution time: 1630.273 ms
