Seq Scan on movie_companies mc  (cost=0.00..57926.93 rows=1015414 width=0) (actual time=973.853..2798.439 rows=878247 loops=1)
  Filter: ((company_id > 521) AND (company_type_id < 2))
  Rows Removed by Filter: 1730882
Planning time: 0.342 ms
Execution time: 2957.600 ms
