Hash Join  (cost=709678.15..799036.35 rows=440 width=0) (actual time=32126.618..36491.931 rows=150 loops=1)
  Hash Cond: (mk.movie_id = t.id)
  ->  Seq Scan on movie_keyword mk  (cost=0.00..81003.12 rows=2226848 width=4) (actual time=0.017..4267.762 rows=2221086 loops=1)
        Filter: (keyword_id > 4931)
        Rows Removed by Filter: 2302844
  ->  Hash  (cost=709671.90..709671.90 rows=500 width=8) (actual time=31718.011..31718.011 rows=385 loops=1)
        Buckets: 1024  Batches: 1  Memory Usage: 24kB
        ->  Nested Loop  (cost=0.43..709671.90 rows=500 width=8) (actual time=10823.354..31717.786 rows=385 loops=1)
              ->  Seq Scan on cast_info ci  (cost=0.00..705507.15 rows=500 width=4) (actual time=10823.156..31654.840 rows=385 loops=1)
                    Filter: (person_id = 2322138)
                    Rows Removed by Filter: 36243959
              ->  Index Only Scan using title_pkey on title t  (cost=0.43..8.32 rows=1 width=4) (actual time=0.162..0.162 rows=1 loops=385)
                    Index Cond: (id = ci.movie_id)
                    Heap Fetches: 385
Planning time: 2.827 ms
Execution time: 36492.069 ms
