Hash Join  (cost=103324.96..467735.31 rows=388778 width=0) (actual time=3353.682..8023.091 rows=251000 loops=1)
  Hash Cond: (mi.movie_id = t.id)
  ->  Seq Scan on movie_info mi  (cost=0.00..346232.03 rows=451508 width=4) (actual time=984.698..4989.269 rows=474443 loops=1)
        Filter: (info_type_id = 6)
        Rows Removed by Filter: 14361277
  ->  Hash  (cost=67604.59..67604.59 rows=2177230 width=4) (actual time=2368.270..2368.270 rows=2171163 loops=1)
        Buckets: 131072  Batches: 32  Memory Usage: 3421kB
        ->  Seq Scan on title t  (cost=0.00..67604.59 rows=2177230 width=4) (actual time=0.027..1307.937 rows=2171163 loops=1)
              Filter: (production_year > 1963)
              Rows Removed by Filter: 357149
Planning time: 0.550 ms
Execution time: 8053.233 ms
