Hash Join  (cost=237252.21..285034.18 rows=588049 width=0) (actual time=11876.760..15081.815 rows=2509408 loops=1)
  Hash Cond: (mi_idx.movie_id = t.id)
  ->  Seq Scan on movie_info_idx mi_idx  (cost=0.00..21735.35 rows=1380035 width=4) (actual time=0.022..1436.838 rows=1380035 loops=1)
  ->  Hash  (cost=219575.29..219575.29 rows=1077434 width=8) (actual time=11875.986..11875.986 rows=1088237 loops=1)
        Buckets: 131072  Batches: 16  Memory Usage: 3741kB
        ->  Hash Join  (cost=102767.86..219575.29 rows=1077434 width=8) (actual time=5533.379..11495.240 rows=1088237 loops=1)
              Hash Cond: (mk.movie_id = t.id)
              ->  Seq Scan on movie_keyword mk  (cost=0.00..81003.12 rows=1077434 width=4) (actual time=0.028..3951.545 rows=1088237 loops=1)
                    Filter: (keyword_id > 16264)
                    Rows Removed by Filter: 3435693
              ->  Hash  (cost=61283.27..61283.27 rows=2528527 width=4) (actual time=5531.123..5531.123 rows=2528312 loops=1)
                    Buckets: 131072  Batches: 64  Memory Usage: 2425kB
                    ->  Seq Scan on title t  (cost=0.00..61283.27 rows=2528527 width=4) (actual time=0.018..4121.995 rows=2528312 loops=1)
Planning time: 1.198 ms
Execution time: 15429.076 ms
