Hash Join  (cost=127668.77..954714.26 rows=444147 width=0) (actual time=7142.726..61413.082 rows=899856 loops=1)
  Hash Cond: (ci.movie_id = t.id)
  ->  Seq Scan on cast_info ci  (cost=0.00..705507.15 rows=31225831 width=4) (actual time=0.013..41960.954 rows=31199177 loops=1)
        Filter: (person_id < 3164868)
        Rows Removed by Filter: 5045167
  ->  Hash  (cost=127219.21..127219.21 rows=35965 width=8) (actual time=7142.206..7142.206 rows=28615 loops=1)
        Buckets: 65536  Batches: 1  Memory Usage: 1630kB
        ->  Hash Join  (cost=68191.41..127219.21 rows=35965 width=8) (actual time=3262.582..7129.506 rows=28615 loops=1)
              Hash Cond: (mc.movie_id = t.id)
              ->  Seq Scan on movie_companies mc  (cost=0.00..51404.11 rows=1937076 width=4) (actual time=0.015..3130.259 rows=1943594 loops=1)
                    Filter: (company_id > 1010)
                    Rows Removed by Filter: 665535
              ->  Hash  (cost=67604.59..67604.59 rows=46946 width=4) (actual time=3258.667..3258.667 rows=46583 loops=1)
                    Buckets: 65536  Batches: 1  Memory Usage: 2150kB
                    ->  Seq Scan on title t  (cost=0.00..67604.59 rows=46946 width=4) (actual time=0.020..3238.235 rows=46583 loops=1)
                          Filter: (production_year = 1998)
                          Rows Removed by Filter: 2481729
Planning time: 6.945 ms
Execution time: 61624.412 ms
