Seq Scan on movie_keyword mk  (cost=0.00..81003.12 rows=246 width=0) (actual time=36.275..3497.447 rows=147 loops=1)
  Filter: (keyword_id = 3585)
  Rows Removed by Filter: 4523783
Planning time: 0.451 ms
Execution time: 3497.667 ms
