Seq Scan on movie_companies mc  (cost=0.00..57926.93 rows=53 width=0) (actual time=1118.503..2092.863 rows=1 loops=1)
  Filter: ((company_id = 12062) AND (company_type_id = 2))
  Rows Removed by Filter: 2609128
Planning time: 0.404 ms
Execution time: 2092.947 ms
