Hash Join  (cost=74384.42..830428.78 rows=525520 width=0) (actual time=3344.338..55615.045 rows=444033 loops=1)
  Hash Cond: (ci.movie_id = t.id)
  ->  Seq Scan on cast_info ci  (cost=0.00..614943.12 rows=36225612 width=4) (actual time=0.035..37471.459 rows=36244344 loops=1)
  ->  Hash  (cost=73925.90..73925.90 rows=36681 width=4) (actual time=3343.904..3343.904 rows=24195 loops=1)
        Buckets: 65536  Batches: 1  Memory Usage: 1363kB
        ->  Seq Scan on title t  (cost=0.00..73925.90 rows=36681 width=4) (actual time=0.038..3324.181 rows=24195 loops=1)
              Filter: ((kind_id < 4) AND (production_year = 2006))
              Rows Removed by Filter: 2504117
Planning time: 0.929 ms
Execution time: 55710.414 ms
