Hash Join  (cost=105998.30..861501.25 rows=471381 width=0) (actual time=5212.609..53272.399 rows=997242 loops=1)
  Hash Cond: (ci.movie_id = t.id)
  ->  Seq Scan on cast_info ci  (cost=0.00..614943.12 rows=36225612 width=4) (actual time=0.019..32518.290 rows=36244344 loops=1)
  ->  Hash  (cost=105587.02..105587.02 rows=32902 width=8) (actual time=5212.078..5212.078 rows=75372 loops=1)
        Buckets: 131072 (originally 65536)  Batches: 1 (originally 1)  Memory Usage: 3969kB
        ->  Hash Join  (cost=69090.10..105587.02 rows=32902 width=8) (actual time=3503.290..5177.784 rows=75372 loops=1)
              Hash Cond: (mi_idx.movie_id = t.id)
              ->  Seq Scan on movie_info_idx mi_idx  (cost=0.00..25185.44 rows=919057 width=4) (actual time=0.016..1264.566 rows=920110 loops=1)
                    Filter: (info_type_id > 99)
                    Rows Removed by Filter: 459925
              ->  Hash  (cost=67604.59..67604.59 rows=90521 width=4) (actual time=3502.531..3502.531 rows=90852 loops=1)
                    Buckets: 131072  Batches: 2  Memory Usage: 2626kB
                    ->  Seq Scan on title t  (cost=0.00..67604.59 rows=90521 width=4) (actual time=553.383..3001.631 rows=90852 loops=1)
                          Filter: (kind_id = 2)
                          Rows Removed by Filter: 2437460
Planning time: 1.254 ms
Execution time: 53460.351 ms
