Hash Join  (cost=102767.86..267448.48 rows=3066923 width=0) (actual time=4098.250..12091.103 rows=3050091 loops=1)
  Hash Cond: (mk.movie_id = t.id)
  ->  Seq Scan on movie_keyword mk  (cost=0.00..81003.12 rows=3066923 width=4) (actual time=0.014..4222.453 rows=3050091 loops=1)
        Filter: (keyword_id > 2102)
        Rows Removed by Filter: 1473839
  ->  Hash  (cost=61283.27..61283.27 rows=2528527 width=4) (actual time=4096.105..4096.105 rows=2528312 loops=1)
        Buckets: 131072  Batches: 64  Memory Usage: 2425kB
        ->  Seq Scan on title t  (cost=0.00..61283.27 rows=2528527 width=4) (actual time=0.012..2927.050 rows=2528312 loops=1)
Planning time: 5.101 ms
Execution time: 12492.387 ms
