Seq Scan on cast_info ci  (cost=0.00..796071.18 rows=3839368 width=0) (actual time=6656.564..40030.246 rows=4169780 loops=1)
  Filter: ((person_id > 374793) AND (role_id = 10))
  Rows Removed by Filter: 32074564
Planning time: 0.369 ms
Execution time: 40759.563 ms
