Hash Join  (cost=225875.26..705298.48 rows=2784506 width=0) (actual time=7222.180..23901.262 rows=25602208 loops=1)
  Hash Cond: (mi.movie_id = t.id)
  ->  Seq Scan on movie_info mi  (cost=0.00..346232.03 rows=8841901 width=4) (actual time=2181.802..8273.216 rows=8950757 loops=1)
        Filter: (info_type_id > 6)
        Rows Removed by Filter: 5884963
  ->  Hash  (cost=212810.66..212810.66 rows=796288 width=8) (actual time=5039.521..5039.521 rows=795406 loops=1)
        Buckets: 131072  Batches: 16  Memory Usage: 3051kB
        ->  Hash Join  (cost=102767.86..212810.66 rows=796288 width=8) (actual time=2484.739..4800.241 rows=795406 loops=1)
              Hash Cond: (mk.movie_id = t.id)
              ->  Seq Scan on movie_keyword mk  (cost=0.00..81003.12 rows=796288 width=4) (actual time=0.029..1282.380 rows=795406 loops=1)
                    Filter: (keyword_id < 766)
                    Rows Removed by Filter: 3728524
              ->  Hash  (cost=61283.27..61283.27 rows=2528527 width=4) (actual time=2484.023..2484.023 rows=2528312 loops=1)
                    Buckets: 131072  Batches: 64  Memory Usage: 2425kB
                    ->  Seq Scan on title t  (cost=0.00..61283.27 rows=2528527 width=4) (actual time=0.016..1295.988 rows=2528312 loops=1)
Planning time: 1.153 ms
Execution time: 26902.617 ms
