Seq Scan on title t  (cost=0.00..73925.90 rows=41191 width=0) (actual time=779.583..2837.541 rows=43851 loops=1)
  Filter: ((kind_id = 7) AND (production_year = 2003))
  Rows Removed by Filter: 2484461
Planning time: 5.321 ms
Execution time: 2847.512 ms
