Hash Join  (cost=78556.72..150742.95 rows=337792 width=0) (actual time=4023.378..7165.752 rows=531708 loops=1)
  Hash Cond: (mc.movie_id = t.id)
  ->  Seq Scan on movie_companies mc  (cost=0.00..51404.11 rows=1279517 width=4) (actual time=0.023..2130.365 rows=1274246 loops=1)
        Filter: (company_type_id < 2)
        Rows Removed by Filter: 1334883
  ->  Hash  (cost=67604.59..67604.59 rows=667531 width=4) (actual time=4022.288..4022.288 rows=662834 loops=1)
        Buckets: 131072  Batches: 16  Memory Usage: 2478kB
        ->  Seq Scan on title t  (cost=0.00..67604.59 rows=667531 width=4) (actual time=0.024..3086.170 rows=662834 loops=1)
              Filter: (production_year < 1989)
              Rows Removed by Filter: 1865478
Planning time: 3.808 ms
Execution time: 7233.313 ms
