Hash Join  (cost=102587.25..189935.24 rows=68995 width=0) (actual time=2022.069..3919.828 rows=143457 loops=1)
  Hash Cond: (mk.movie_id = t.id)
  ->  Seq Scan on movie_keyword mk  (cost=0.00..69693.30 rows=4523930 width=4) (actual time=0.008..1050.364 rows=4523930 loops=1)
  ->  Hash  (cost=102105.22..102105.22 rows=38563 width=8) (actual time=2021.580..2021.580 rows=36360 loops=1)
        Buckets: 65536  Batches: 1  Memory Usage: 1933kB
        ->  Hash Join  (cost=74809.10..102105.22 rows=38563 width=8) (actual time=1361.758..2009.847 rows=36360 loops=1)
              Hash Cond: (mi_idx.movie_id = t.id)
              ->  Seq Scan on movie_info_idx mi_idx  (cost=0.00..21735.35 rows=1380035 width=4) (actual time=0.005..315.155 rows=1380035 loops=1)
              ->  Hash  (cost=73925.90..73925.90 rows=70656 width=4) (actual time=1360.941..1360.941 rows=79548 loops=1)
                    Buckets: 131072  Batches: 1  Memory Usage: 3821kB
                    ->  Seq Scan on title t  (cost=0.00..73925.90 rows=70656 width=4) (actual time=0.011..1328.283 rows=79548 loops=1)
                          Filter: ((kind_id > 1) AND (production_year = 2005))
                          Rows Removed by Filter: 2448764
Planning time: 0.809 ms
Execution time: 3938.276 ms
