Hash Join  (cost=73930.12..162375.08 rows=264 width=0) (actual time=4618.049..6928.570 rows=3 loops=1)
  Hash Cond: (mk.movie_id = t.id)
  ->  Seq Scan on movie_keyword mk  (cost=0.00..81003.12 rows=1983786 width=4) (actual time=0.024..3806.213 rows=1989931 loops=1)
        Filter: (keyword_id > 6308)
        Rows Removed by Filter: 2533999
  ->  Hash  (cost=73925.90..73925.90 rows=337 width=4) (actual time=2742.705..2742.705 rows=5 loops=1)
        Buckets: 1024  Batches: 1  Memory Usage: 9kB
        ->  Seq Scan on title t  (cost=0.00..73925.90 rows=337 width=4) (actual time=51.842..2742.694 rows=5 loops=1)
              Filter: ((kind_id = 4) AND (production_year = 1972))
              Rows Removed by Filter: 2528307
Planning time: 0.751 ms
Execution time: 6928.671 ms
