Nested Loop  (cost=0.43..52283.69 rows=104 width=0) (actual time=743.323..2529.758 rows=11 loops=1)
  ->  Seq Scan on movie_companies mc  (cost=0.00..51404.11 rows=104 width=4) (actual time=743.216..2529.375 rows=11 loops=1)
        Filter: (company_id = 81252)
        Rows Removed by Filter: 2609118
  ->  Index Only Scan using title_pkey on title t  (cost=0.43..8.45 rows=1 width=4) (actual time=0.031..0.032 rows=1 loops=11)
        Index Cond: (id = mc.movie_id)
        Heap Fetches: 11
Planning time: 0.655 ms
Execution time: 2529.831 ms
