Hash Join  (cost=80562.70..179590.98 rows=317693 width=0) (actual time=4529.979..9887.123 rows=217116 loops=1)
  Hash Cond: (mk.movie_id = t.id)
  ->  Seq Scan on movie_keyword mk  (cost=0.00..81003.12 rows=1017128 width=4) (actual time=0.588..4585.847 rows=1023896 loops=1)
        Filter: (keyword_id > 17534)
        Rows Removed by Filter: 3500034
  ->  Hash  (cost=67604.59..67604.59 rows=789769 width=4) (actual time=4527.655..4527.655 rows=784926 loops=1)
        Buckets: 131072  Batches: 16  Memory Usage: 2756kB
        ->  Seq Scan on title t  (cost=0.00..67604.59 rows=789769 width=4) (actual time=0.023..4167.766 rows=784926 loops=1)
              Filter: (production_year > 2007)
              Rows Removed by Filter: 1743386
Planning time: 1.526 ms
Execution time: 9913.757 ms
