Hash Join  (cost=102767.86..276981.09 rows=3463145 width=0) (actual time=2311.927..7529.793 rows=3454275 loops=1)
  Hash Cond: (mk.movie_id = t.id)
  ->  Seq Scan on movie_keyword mk  (cost=0.00..81003.12 rows=3463145 width=4) (actual time=0.014..1979.585 rows=3454275 loops=1)
        Filter: (keyword_id < 16496)
        Rows Removed by Filter: 1069655
  ->  Hash  (cost=61283.27..61283.27 rows=2528527 width=4) (actual time=2310.175..2310.175 rows=2528312 loops=1)
        Buckets: 131072  Batches: 64  Memory Usage: 2425kB
        ->  Seq Scan on title t  (cost=0.00..61283.27 rows=2528527 width=4) (actual time=0.020..1118.872 rows=2528312 loops=1)
Planning time: 2.116 ms
Execution time: 7947.745 ms
