Hash Join  (cost=106934.74..168800.91 rows=1308365 width=0) (actual time=2074.990..3899.479 rows=1366172 loops=1)
  Hash Cond: (mi_idx.movie_id = t.id)
  ->  Seq Scan on movie_info_idx mi_idx  (cost=0.00..21735.35 rows=1380035 width=4) (actual time=0.015..427.357 rows=1380035 loops=1)
  ->  Hash  (cost=67604.59..67604.59 rows=2397212 width=4) (actual time=2073.483..2073.483 rows=2388701 loops=1)
        Buckets: 131072  Batches: 32  Memory Usage: 3650kB
        ->  Seq Scan on title t  (cost=0.00..67604.59 rows=2397212 width=4) (actual time=0.027..1315.627 rows=2388701 loops=1)
              Filter: (production_year > 1915)
              Rows Removed by Filter: 139611
Planning time: 0.757 ms
Execution time: 4045.921 ms
