Seq Scan on movie_keyword mk  (cost=0.00..81003.12 rows=2795609 width=0) (actual time=0.017..1617.346 rows=2786103 loops=1)
  Filter: (keyword_id < 8088)
  Rows Removed by Filter: 1737827
Planning time: 0.235 ms
Execution time: 1958.089 ms
