Seq Scan on movie_keyword mk  (cost=0.00..81003.12 rows=2956963 width=0) (actual time=0.022..1512.483 rows=2939711 loops=1)
  Filter: (keyword_id < 9829)
  Rows Removed by Filter: 1584219
Planning time: 0.310 ms
Execution time: 1866.917 ms
