Hash Join  (cost=365418.15..1033962.23 rows=15819543 width=0) (actual time=8631.308..57165.320 rows=188193349 loops=1)
  Hash Cond: (mi.movie_id = t.id)
  ->  Seq Scan on movie_info mi  (cost=0.00..346232.03 rows=8841901 width=4) (actual time=3.555..6601.569 rows=8950757 loops=1)
        Filter: (info_type_id > 6)
        Rows Removed by Filter: 5884963
  ->  Hash  (cost=291197.02..291197.02 rows=4523930 width=8) (actual time=8626.621..8626.621 rows=4523930 loops=1)
        Buckets: 131072  Batches: 64  Memory Usage: 3893kB
        ->  Hash Join  (cost=102767.86..291197.02 rows=4523930 width=8) (actual time=2226.101..7335.939 rows=4523930 loops=1)
              Hash Cond: (mk.movie_id = t.id)
              ->  Seq Scan on movie_keyword mk  (cost=0.00..69693.30 rows=4523930 width=4) (actual time=0.026..1411.703 rows=4523930 loops=1)
              ->  Hash  (cost=61283.27..61283.27 rows=2528527 width=4) (actual time=2224.983..2224.983 rows=2528312 loops=1)
                    Buckets: 131072  Batches: 64  Memory Usage: 2425kB
                    ->  Seq Scan on title t  (cost=0.00..61283.27 rows=2528527 width=4) (actual time=0.015..1322.842 rows=2528312 loops=1)
Planning time: 11.004 ms
Execution time: 76100.593 ms
