Hash Join  (cost=126537.92..484288.38 rows=1270 width=0) (actual time=5074.645..7739.529 rows=1275 loops=1)
  Hash Cond: (mi.movie_id = t.id)
  ->  Seq Scan on movie_info mi  (cost=0.00..346232.03 rows=3068194 width=4) (actual time=3078.149..5327.129 rows=3036719 loops=1)
        Filter: (info_type_id = 16)
        Rows Removed by Filter: 11799001
  ->  Hash  (cost=126524.84..126524.84 rows=1047 width=8) (actual time=1996.352..1996.352 rows=727 loops=1)
        Buckets: 2048  Batches: 1  Memory Usage: 45kB
        ->  Hash Join  (cost=68438.72..126524.84 rows=1047 width=8) (actual time=1085.938..1995.985 rows=727 loops=1)
              Hash Cond: (mc.movie_id = t.id)
              ->  Seq Scan on movie_companies mc  (cost=0.00..57926.93 rows=39655 width=4) (actual time=0.160..889.158 rows=66520 loops=1)
                    Filter: ((company_id < 19) AND (company_type_id < 2))
                    Rows Removed by Filter: 2542609
              ->  Hash  (cost=67604.59..67604.59 rows=66731 width=4) (actual time=1084.049..1084.049 rows=67342 loops=1)
                    Buckets: 131072  Batches: 1  Memory Usage: 3392kB
                    ->  Seq Scan on title t  (cost=0.00..67604.59 rows=66731 width=4) (actual time=0.027..1055.975 rows=67342 loops=1)
                          Filter: (production_year > 2012)
                          Rows Removed by Filter: 2460970
Planning time: 1.207 ms
Execution time: 7740.061 ms
