Seq Scan on movie_keyword mk  (cost=0.00..81003.12 rows=1226670 width=0) (actual time=0.028..985.961 rows=1236529 loops=1)
  Filter: (keyword_id > 14635)
  Rows Removed by Filter: 3287401
Planning time: 0.344 ms
Execution time: 1108.168 ms
