Nested Loop  (cost=72397.51..460139.62 rows=9077 width=0) (actual time=1436.070..23554.735 rows=2504573 loops=1)
  ->  Hash Join  (cost=72397.08..432086.54 rows=46900 width=8) (actual time=1435.993..8615.431 rows=2504573 loops=1)
        Hash Cond: (mi.movie_id = mc.movie_id)
        ->  Seq Scan on movie_info mi  (cost=0.00..346232.03 rows=17937 width=4) (actual time=68.431..5509.906 rows=147487 loops=1)
              Filter: (info_type_id = 107)
              Rows Removed by Filter: 14688233
        ->  Hash  (cost=51404.11..51404.11 rows=1279517 width=4) (actual time=1305.996..1305.996 rows=1274246 loops=1)
              Buckets: 131072  Batches: 32  Memory Usage: 2477kB
              ->  Seq Scan on movie_companies mc  (cost=0.00..51404.11 rows=1279517 width=4) (actual time=0.030..909.004 rows=1274246 loops=1)
                    Filter: (company_type_id < 2)
                    Rows Removed by Filter: 1334883
  ->  Index Only Scan using title_pkey on title t  (cost=0.43..0.59 rows=1 width=4) (actual time=0.005..0.005 rows=1 loops=2504573)
        Index Cond: (id = mc.movie_id)
        Heap Fetches: 2504573
Planning time: 1.242 ms
Execution time: 23960.758 ms
