Seq Scan on movie_keyword mk  (cost=0.00..81003.12 rows=2300068 width=0) (actual time=0.025..1461.654 rows=2303318 loops=1)
  Filter: (keyword_id > 4529)
  Rows Removed by Filter: 2220612
Planning time: 0.290 ms
Execution time: 1758.028 ms
