Nested Loop  (cost=0.43..83071.67 rows=246 width=0) (actual time=2.181..1234.588 rows=740 loops=1)
  ->  Seq Scan on movie_keyword mk  (cost=0.00..81003.12 rows=246 width=4) (actual time=2.116..1209.914 rows=740 loops=1)
        Filter: (keyword_id = 7876)
        Rows Removed by Filter: 4523190
  ->  Index Only Scan using title_pkey on title t  (cost=0.43..8.40 rows=1 width=4) (actual time=0.031..0.032 rows=1 loops=740)
        Index Cond: (id = mk.movie_id)
        Heap Fetches: 740
Planning time: 0.807 ms
Execution time: 1234.955 ms
