Seq Scan on movie_keyword mk  (cost=0.00..81003.12 rows=1918946 width=0) (actual time=0.014..1159.961 rows=1936064 loops=1)
  Filter: (keyword_id < 3328)
  Rows Removed by Filter: 2587866
Planning time: 0.310 ms
Execution time: 1365.163 ms
