Seq Scan on movie_keyword mk  (cost=0.00..81003.12 rows=1566662 width=0) (actual time=0.026..1381.150 rows=1583532 loops=1)
  Filter: (keyword_id > 9833)
  Rows Removed by Filter: 2940398
Planning time: 0.323 ms
Execution time: 1583.260 ms
