Nested Loop  (cost=0.43..83071.67 rows=246 width=0) (actual time=1.779..1231.712 rows=613 loops=1)
  ->  Seq Scan on movie_keyword mk  (cost=0.00..81003.12 rows=246 width=4) (actual time=1.723..1204.999 rows=613 loops=1)
        Filter: (keyword_id = 14001)
        Rows Removed by Filter: 4523317
  ->  Index Only Scan using title_pkey on title t  (cost=0.43..8.40 rows=1 width=4) (actual time=0.042..0.042 rows=1 loops=613)
        Index Cond: (id = mk.movie_id)
        Heap Fetches: 613
Planning time: 0.747 ms
Execution time: 1232.020 ms
