Hash Join  (cost=110320.14..477536.74 rows=256069 width=0) (actual time=2136.262..13787.070 rows=2338012 loops=1)
  Hash Cond: (mi.movie_id = t.id)
  ->  Seq Scan on movie_info mi  (cost=0.00..309384.22 rows=14739122 width=4) (actual time=0.031..4940.341 rows=14835720 loops=1)
  ->  Hash  (cost=109771.02..109771.02 rows=43929 width=8) (actual time=2135.829..2135.829 rows=112069 loops=1)
        Buckets: 131072 (originally 65536)  Batches: 2 (originally 1)  Memory Usage: 3214kB
        ->  Hash Join  (cost=77939.33..109771.02 rows=43929 width=8) (actual time=1363.740..2102.440 rows=112069 loops=1)
              Hash Cond: (mi_idx.movie_id = t.id)
              ->  Seq Scan on movie_info_idx mi_idx  (cost=0.00..25185.44 rows=454124 width=4) (actual time=0.019..494.198 rows=459925 loops=1)
                    Filter: (info_type_id = 100)
                    Rows Removed by Filter: 920110
              ->  Hash  (cost=73925.90..73925.90 rows=244594 width=4) (actual time=1293.617..1293.617 rows=359543 loops=1)
                    Buckets: 131072 (originally 131072)  Batches: 8 (originally 4)  Memory Usage: 3073kB
                    ->  Seq Scan on title t  (cost=0.00..73925.90 rows=244594 width=4) (actual time=1.393..1172.002 rows=359543 loops=1)
                          Filter: ((production_year < 1998) AND (kind_id = 1))
                          Rows Removed by Filter: 2168769
Planning time: 1.164 ms
Execution time: 14048.366 ms
