Hash Join  (cost=175027.18..316037.28 rows=1349307 width=0) (actual time=4049.179..9242.196 rows=5694244 loops=1)
  Hash Cond: (mk.movie_id = t.id)
  ->  Seq Scan on movie_keyword mk  (cost=0.00..81003.12 rows=3712239 width=4) (actual time=0.016..1879.637 rows=3708682 loops=1)
        Filter: (keyword_id < 22477)
        Rows Removed by Filter: 815248
  ->  Hash  (cost=159947.97..159947.97 rows=919057 width=8) (actual time=4041.490..4041.490 rows=920110 loops=1)
        Buckets: 131072  Batches: 16  Memory Usage: 3283kB
        ->  Hash Join  (cost=102767.86..159947.97 rows=919057 width=8) (actual time=2056.042..3765.312 rows=920110 loops=1)
              Hash Cond: (mi_idx.movie_id = t.id)
              ->  Seq Scan on movie_info_idx mi_idx  (cost=0.00..25185.44 rows=919057 width=4) (actual time=0.029..560.702 rows=920110 loops=1)
                    Filter: (info_type_id > 99)
                    Rows Removed by Filter: 459925
              ->  Hash  (cost=61283.27..61283.27 rows=2528527 width=4) (actual time=2055.002..2055.002 rows=2528312 loops=1)
                    Buckets: 131072  Batches: 64  Memory Usage: 2415kB
                    ->  Seq Scan on title t  (cost=0.00..61283.27 rows=2528527 width=4) (actual time=0.024..1203.353 rows=2528312 loops=1)
Planning time: 4.727 ms
Execution time: 9912.469 ms
