Hash Join  (cost=920899.85..961411.35 rows=164302 width=0) (actual time=15874.500..17205.643 rows=538142 loops=1)
  Hash Cond: (mi_idx.movie_id = t.id)
  ->  Seq Scan on movie_info_idx mi_idx  (cost=0.00..21735.35 rows=1380035 width=4) (actual time=0.020..460.923 rows=1380035 loops=1)
  ->  Hash  (cost=915960.89..915960.89 rows=301037 width=8) (actual time=15873.648..15873.648 rows=470741 loops=1)
        Buckets: 131072 (originally 131072)  Batches: 8 (originally 4)  Memory Usage: 3314kB
        ->  Hash Join  (cost=102767.86..915960.89 rows=301037 width=8) (actual time=6240.512..15743.969 rows=470741 loops=1)
              Hash Cond: (ci.movie_id = t.id)
              ->  Seq Scan on cast_info ci  (cost=0.00..796071.18 rows=301037 width=4) (actual time=4338.035..13050.719 rows=470741 loops=1)
                    Filter: ((person_id > 2124350) AND (role_id = 6))
                    Rows Removed by Filter: 35773603
              ->  Hash  (cost=61283.27..61283.27 rows=2528527 width=4) (actual time=1900.698..1900.698 rows=2528312 loops=1)
                    Buckets: 131072  Batches: 64  Memory Usage: 2415kB
                    ->  Seq Scan on title t  (cost=0.00..61283.27 rows=2528527 width=4) (actual time=0.018..1066.540 rows=2528312 loops=1)
Planning time: 7.199 ms
Execution time: 17271.820 ms
