Hash Join  (cost=510374.62..665221.69 rows=2088575 width=0) (actual time=9584.255..15191.075 rows=4647911 loops=1)
  Hash Cond: (mk.movie_id = t.id)
  ->  Seq Scan on movie_keyword mk  (cost=0.00..81003.12 rows=4150185 width=4) (actual time=0.020..1944.718 rows=4152034 loops=1)
        Filter: (keyword_id < 45521)
        Rows Removed by Filter: 371896
  ->  Hash  (cost=489497.65..489497.65 rows=1272478 width=8) (actual time=9583.578..9583.578 rows=1325361 loops=1)
        Buckets: 131072  Batches: 32  Memory Usage: 2648kB
        ->  Hash Join  (cost=102767.86..489497.65 rows=1272478 width=8) (actual time=2809.543..9183.907 rows=1325361 loops=1)
              Hash Cond: (mi.movie_id = t.id)
              ->  Seq Scan on movie_info mi  (cost=0.00..346232.03 rows=1272478 width=4) (actual time=855.660..5469.727 rows=1325361 loops=1)
                    Filter: (info_type_id = 8)
                    Rows Removed by Filter: 13510359
              ->  Hash  (cost=61283.27..61283.27 rows=2528527 width=4) (actual time=1952.600..1952.600 rows=2528312 loops=1)
                    Buckets: 131072  Batches: 64  Memory Usage: 2425kB
                    ->  Seq Scan on title t  (cost=0.00..61283.27 rows=2528527 width=4) (actual time=0.024..1061.136 rows=2528312 loops=1)
Planning time: 0.772 ms
Execution time: 15776.538 ms
