Seq Scan on cast_info ci  (cost=0.00..705507.15 rows=500 width=0) (actual time=1073.550..10321.349 rows=3 loops=1)
  Filter: (person_id = 3232583)
  Rows Removed by Filter: 36244341
Planning time: 0.273 ms
Execution time: 10321.428 ms
