Seq Scan on movie_companies mc  (cost=0.00..57926.93 rows=1104739 width=0) (actual time=319.020..1053.351 rows=1001060 loops=1)
  Filter: ((company_id > 166) AND (company_type_id = 1))
  Rows Removed by Filter: 1608069
Planning time: 0.354 ms
Execution time: 1195.505 ms
