Hash Join  (cost=74539.83..832365.44 rows=703645 width=0) (actual time=1197.846..21271.685 rows=575647 loops=1)
  Hash Cond: (ci.movie_id = t.id)
  ->  Seq Scan on cast_info ci  (cost=0.00..614943.12 rows=36225612 width=4) (actual time=0.021..8749.599 rows=36244344 loops=1)
  ->  Hash  (cost=73925.90..73925.90 rows=49114 width=4) (actual time=1197.487..1197.487 rows=45321 loops=1)
        Buckets: 65536  Batches: 1  Memory Usage: 2106kB
        ->  Seq Scan on title t  (cost=0.00..73925.90 rows=49114 width=4) (actual time=0.155..1177.735 rows=45321 loops=1)
              Filter: ((kind_id > 1) AND (production_year > 2012))
              Rows Removed by Filter: 2482991
Planning time: 0.768 ms
Execution time: 21355.997 ms
