Seq Scan on movie_keyword mk  (cost=0.00..81003.12 rows=246 width=0) (actual time=12.454..1250.573 rows=80 loops=1)
  Filter: (keyword_id = 23078)
  Rows Removed by Filter: 4523850
Planning time: 1.076 ms
Execution time: 1250.711 ms
