Hash Join  (cost=74698.31..155898.45 rows=446161 width=0) (actual time=4229.899..9381.765 rows=728714 loops=1)
  Hash Cond: (mc.movie_id = t.id)
  ->  Seq Scan on movie_companies mc  (cost=0.00..44881.29 rows=2609129 width=4) (actual time=0.023..2954.706 rows=2609129 loops=1)
  ->  Hash  (cost=67604.59..67604.59 rows=432378 width=4) (actual time=4229.029..4229.029 rows=423779 loops=1)
        Buckets: 131072  Batches: 8  Memory Usage: 2885kB
        ->  Seq Scan on title t  (cost=0.00..67604.59 rows=432378 width=4) (actual time=0.024..3394.649 rows=423779 loops=1)
              Filter: (production_year < 1974)
              Rows Removed by Filter: 2104533
Planning time: 21.174 ms
Execution time: 9489.363 ms
