Hash Join  (cost=67697.55..821301.72 rows=37430 width=0) (actual time=993.511..16923.733 rows=87646 loops=1)
  Hash Cond: (ci.movie_id = t.id)
  ->  Seq Scan on cast_info ci  (cost=0.00..705507.15 rows=12726058 width=4) (actual time=0.025..13317.990 rows=12670688 loops=1)
        Filter: (role_id = 1)
        Rows Removed by Filter: 23573656
  ->  Hash  (cost=67604.59..67604.59 rows=7437 width=4) (actual time=992.996..992.996 rows=13994 loops=1)
        Buckets: 16384 (originally 8192)  Batches: 1 (originally 1)  Memory Usage: 620kB
        ->  Seq Scan on title t  (cost=0.00..67604.59 rows=7437 width=4) (actual time=0.021..986.191 rows=13994 loops=1)
              Filter: (production_year = 1976)
              Rows Removed by Filter: 2514318
Planning time: 0.788 ms
Execution time: 16938.669 ms
