Seq Scan on movie_companies mc  (cost=0.00..51404.11 rows=2261 width=0) (actual time=29.010..2493.144 rows=2437 loops=1)
  Filter: (company_id = 3139)
  Rows Removed by Filter: 2606692
Planning time: 0.350 ms
Execution time: 2493.813 ms
