Hash Join  (cost=73955.49..911864.02 rows=10418 width=0) (actual time=1022.059..18481.513 rows=12192 loops=1)
  Hash Cond: (ci.movie_id = t.id)
  ->  Seq Scan on cast_info ci  (cost=0.00..796071.18 rows=11128844 width=4) (actual time=0.025..15879.766 rows=9474980 loops=1)
        Filter: ((person_id > 427492) AND (role_id = 1))
        Rows Removed by Filter: 26769364
  ->  Hash  (cost=73925.90..73925.90 rows=2367 width=4) (actual time=1021.847..1021.847 rows=3811 loops=1)
        Buckets: 4096  Batches: 1  Memory Usage: 166kB
        ->  Seq Scan on title t  (cost=0.00..73925.90 rows=2367 width=4) (actual time=299.094..1020.079 rows=3811 loops=1)
              Filter: ((kind_id = 4) AND (production_year = 2000))
              Rows Removed by Filter: 2524501
Planning time: 0.789 ms
Execution time: 18484.372 ms
