Hash Join  (cost=168501.82..1344519.66 rows=13843963 width=0) (actual time=8647.552..88501.986 rows=20775360 loops=1)
  Hash Cond: (ci.movie_id = t.id)
  ->  Seq Scan on cast_info ci  (cost=0.00..614943.12 rows=36225612 width=4) (actual time=0.026..47308.794 rows=36244344 loops=1)
  ->  Hash  (cost=152648.06..152648.06 rows=966301 width=8) (actual time=8646.695..8646.695 rows=637077 loops=1)
        Buckets: 131072  Batches: 16  Memory Usage: 2587kB
        ->  Hash Join  (cost=96651.52..152648.06 rows=966301 width=8) (actual time=5250.815..8443.284 rows=637077 loops=1)
              Hash Cond: (mi_idx.movie_id = t.id)
              ->  Seq Scan on movie_info_idx mi_idx  (cost=0.00..21735.35 rows=1380035 width=4) (actual time=0.014..1827.916 rows=1380035 loops=1)
              ->  Hash  (cost=67604.59..67604.59 rows=1770475 width=4) (actual time=5249.241..5249.241 rows=1774635 loops=1)
                    Buckets: 131072  Batches: 32  Memory Usage: 2978kB
                    ->  Seq Scan on title t  (cost=0.00..67604.59 rows=1770475 width=4) (actual time=0.012..4424.338 rows=1774635 loops=1)
                          Filter: (kind_id > 2)
                          Rows Removed by Filter: 753677
Planning time: 1.046 ms
Execution time: 91609.617 ms
