Hash Join  (cost=73962.22..891960.58 rows=6697 width=0) (actual time=5633.892..28841.650 rows=14895 loops=1)
  Hash Cond: (ci.movie_id = t.id)
  ->  Seq Scan on cast_info ci  (cost=0.00..796071.18 rows=5829390 width=4) (actual time=4576.702..26285.244 rows=7558781 loops=1)
        Filter: ((person_id > 1369756) AND (role_id > 4))
        Rows Removed by Filter: 28685563
  ->  Hash  (cost=73925.90..73925.90 rows=2905 width=4) (actual time=1057.021..1057.021 rows=6173 loops=1)
        Buckets: 8192 (originally 4096)  Batches: 1 (originally 1)  Memory Usage: 282kB
        ->  Seq Scan on title t  (cost=0.00..73925.90 rows=2905 width=4) (actual time=0.043..1053.987 rows=6173 loops=1)
              Filter: ((kind_id < 7) AND (production_year = 1971))
              Rows Removed by Filter: 2522139
Planning time: 1.076 ms
Execution time: 28845.214 ms
