Seq Scan on movie_keyword mk  (cost=0.00..81003.12 rows=246 width=0) (actual time=0.579..1265.509 rows=2120 loops=1)
  Filter: (keyword_id = 66)
  Rows Removed by Filter: 4521810
Planning time: 1.619 ms
Execution time: 1266.180 ms
