Seq Scan on title t  (cost=0.00..73925.90 rows=813746 width=0) (actual time=0.018..2866.866 rows=821639 loops=1)
  Filter: ((kind_id < 4) AND (production_year < 2013))
  Rows Removed by Filter: 1706673
Planning time: 0.212 ms
Execution time: 2988.127 ms
