Seq Scan on title t  (cost=0.00..67604.59 rows=690288 width=0) (actual time=0.018..2049.486 rows=684146 loops=1)
  Filter: (production_year < 1990)
  Rows Removed by Filter: 1844166
Planning time: 4.050 ms
Execution time: 2146.819 ms
