Hash Join  (cost=67697.55..94599.31 rows=1336 width=0) (actual time=3091.439..4618.106 rows=3905 loops=1)
  Hash Cond: (mi_idx.movie_id = t.id)
  ->  Seq Scan on movie_info_idx mi_idx  (cost=0.00..25185.44 rows=454124 width=4) (actual time=0.028..1346.445 rows=459925 loops=1)
        Filter: (info_type_id = 100)
        Rows Removed by Filter: 920110
  ->  Hash  (cost=67604.59..67604.59 rows=7437 width=4) (actual time=3091.167..3091.167 rows=14770 loops=1)
        Buckets: 16384 (originally 8192)  Batches: 1 (originally 1)  Memory Usage: 648kB
        ->  Seq Scan on title t  (cost=0.00..67604.59 rows=7437 width=4) (actual time=0.024..3082.847 rows=14770 loops=1)
              Filter: (production_year = 1982)
              Rows Removed by Filter: 2513542
Planning time: 5.883 ms
Execution time: 4619.091 ms
