Nested Loop  (cost=0.43..799702.19 rows=435 width=0) (actual time=33319.293..34801.358 rows=377 loops=1)
  ->  Seq Scan on cast_info ci  (cost=0.00..796071.18 rows=435 width=4) (actual time=33319.145..34768.663 rows=377 loops=1)
        Filter: ((role_id < 10) AND (person_id = 3039002))
        Rows Removed by Filter: 36243967
  ->  Index Only Scan using title_pkey on title t  (cost=0.43..8.34 rows=1 width=4) (actual time=0.086..0.086 rows=1 loops=377)
        Index Cond: (id = ci.movie_id)
        Heap Fetches: 377
Planning time: 0.631 ms
Execution time: 34801.519 ms
