Hash Join  (cost=102685.54..470216.15 rows=87715 width=0) (actual time=8340.469..22794.720 rows=62886 loops=1)
  Hash Cond: (mi.movie_id = t.id)
  ->  Seq Scan on movie_info mi  (cost=0.00..346232.03 rows=5445713 width=4) (actual time=2677.667..15720.514 rows=5410520 loops=1)
        Filter: (info_type_id < 6)
        Rows Removed by Filter: 9425200
  ->  Hash  (cost=102176.44..102176.44 rows=40728 width=8) (actual time=5635.149..5635.149 rows=25137 loops=1)
        Buckets: 65536  Batches: 1  Memory Usage: 1494kB
        ->  Hash Join  (cost=74858.68..102176.44 rows=40728 width=8) (actual time=3962.377..5625.694 rows=25137 loops=1)
              Hash Cond: (mi_idx.movie_id = t.id)
              ->  Seq Scan on movie_info_idx mi_idx  (cost=0.00..21735.35 rows=1380035 width=4) (actual time=0.022..1078.523 rows=1380035 loops=1)
              ->  Hash  (cost=73925.90..73925.90 rows=74622 width=4) (actual time=3961.617..3961.617 rows=93597 loops=1)
                    Buckets: 131072 (originally 131072)  Batches: 2 (originally 1)  Memory Usage: 3073kB
                    ->  Seq Scan on title t  (cost=0.00..73925.90 rows=74622 width=4) (actual time=0.023..3912.526 rows=93597 loops=1)
                          Filter: ((kind_id > 3) AND (production_year = 2007))
                          Rows Removed by Filter: 2434715
Planning time: 1.105 ms
Execution time: 22806.575 ms
