Seq Scan on cast_info ci  (cost=0.00..705507.15 rows=500 width=0) (actual time=1618.525..30268.505 rows=32 loops=1)
  Filter: (person_id = 3080319)
  Rows Removed by Filter: 36244312
Planning time: 0.344 ms
Execution time: 30268.578 ms
