Seq Scan on movie_companies mc  (cost=0.00..57926.93 rows=53 width=0) (actual time=323.255..2161.950 rows=2 loops=1)
  Filter: ((company_type_id > 1) AND (company_id = 90108))
  Rows Removed by Filter: 2609127
Planning time: 0.262 ms
Execution time: 2162.017 ms
