Seq Scan on title t  (cost=0.00..67604.59 rows=36327 width=0) (actual time=0.056..1161.740 rows=36509 loops=1)
  Filter: (production_year = 1996)
  Rows Removed by Filter: 2491803
Planning time: 0.383 ms
Execution time: 1168.384 ms
