Seq Scan on cast_info ci  (cost=0.00..705507.15 rows=500 width=0) (actual time=10615.620..11175.515 rows=106 loops=1)
  Filter: (person_id = 3712238)
  Rows Removed by Filter: 36244238
Planning time: 0.361 ms
Execution time: 11175.655 ms
