Nested Loop  (cost=0.43..52284.21 rows=35 width=0) (actual time=547.917..847.727 rows=4 loops=1)
  ->  Seq Scan on movie_companies mc  (cost=0.00..51404.11 rows=104 width=4) (actual time=0.049..792.243 rows=1710 loops=1)
        Filter: (company_id = 1705)
        Rows Removed by Filter: 2607419
  ->  Index Scan using title_pkey on title t  (cost=0.43..8.45 rows=1 width=4) (actual time=0.032..0.032 rows=0 loops=1710)
        Index Cond: (id = mc.movie_id)
        Filter: ((kind_id > 4) AND (production_year > 2000))
        Rows Removed by Filter: 1
Planning time: 0.781 ms
Execution time: 847.827 ms
