Seq Scan on cast_info ci  (cost=0.00..796071.18 rows=176 width=0) (actual time=6108.331..11097.901 rows=227 loops=1)
  Filter: ((person_id = 93991) AND (role_id = 1))
  Rows Removed by Filter: 36244117
Planning time: 0.415 ms
Execution time: 11098.072 ms
