Hash Join  (cost=102767.86..1142851.32 rows=13493927 width=0) (actual time=6111.821..28125.185 rows=13642058 loops=1)
  Hash Cond: (ci.movie_id = t.id)
  ->  Seq Scan on cast_info ci  (cost=0.00..705507.15 rows=13493927 width=4) (actual time=3770.997..13296.212 rows=13642058 loops=1)
        Filter: (person_id > 2306098)
        Rows Removed by Filter: 22602286
  ->  Hash  (cost=61283.27..61283.27 rows=2528527 width=4) (actual time=2339.568..2339.568 rows=2528312 loops=1)
        Buckets: 131072  Batches: 64  Memory Usage: 2415kB
        ->  Seq Scan on title t  (cost=0.00..61283.27 rows=2528527 width=4) (actual time=0.024..1232.290 rows=2528312 loops=1)
Planning time: 0.790 ms
Execution time: 29619.335 ms
