Nested Loop  (cost=0.43..83071.67 rows=246 width=0) (actual time=16.537..1305.769 rows=313 loops=1)
  ->  Seq Scan on movie_keyword mk  (cost=0.00..81003.12 rows=246 width=4) (actual time=16.442..1289.968 rows=313 loops=1)
        Filter: (keyword_id = 8576)
        Rows Removed by Filter: 4523617
  ->  Index Only Scan using title_pkey on title t  (cost=0.43..8.40 rows=1 width=4) (actual time=0.047..0.048 rows=1 loops=313)
        Index Cond: (id = mk.movie_id)
        Heap Fetches: 313
Planning time: 0.719 ms
Execution time: 1306.031 ms
