Hash Join  (cost=83072.95..109987.07 rows=1 width=0) (actual time=1328.470..1786.299 rows=1 loops=1)
  Hash Cond: (mi_idx.movie_id = t.id)
  ->  Seq Scan on movie_info_idx mi_idx  (cost=0.00..25185.44 rows=460978 width=4) (actual time=0.025..414.918 rows=459925 loops=1)
        Filter: (info_type_id < 100)
        Rows Removed by Filter: 920110
  ->  Hash  (cost=83072.90..83072.90 rows=4 width=8) (actual time=1311.237..1311.237 rows=1 loops=1)
        Buckets: 1024  Batches: 1  Memory Usage: 9kB
        ->  Nested Loop  (cost=0.43..83072.90 rows=4 width=8) (actual time=784.105..1311.228 rows=1 loops=1)
              ->  Seq Scan on movie_keyword mk  (cost=0.00..81003.12 rows=246 width=4) (actual time=10.565..1309.918 rows=24 loops=1)
                    Filter: (keyword_id = 17356)
                    Rows Removed by Filter: 4523906
              ->  Index Scan using title_pkey on title t  (cost=0.43..8.40 rows=1 width=4) (actual time=0.049..0.049 rows=0 loops=24)
                    Index Cond: (id = mk.movie_id)
                    Filter: ((kind_id > 2) AND (production_year = 2000))
                    Rows Removed by Filter: 1
Planning time: 1.146 ms
Execution time: 1786.428 ms
