Seq Scan on cast_info ci  (cost=0.00..705507.15 rows=32996049 width=0) (actual time=0.018..13390.958 rows=32978785 loops=1)
  Filter: (person_id < 3460772)
  Rows Removed by Filter: 3265559
Planning time: 0.222 ms
Execution time: 17246.468 ms
