Seq Scan on cast_info ci  (cost=0.00..796071.18 rows=1176258 width=0) (actual time=4186.695..31037.326 rows=2325429 loops=1)
  Filter: ((person_id < 312360) AND (role_id < 2))
  Rows Removed by Filter: 33918915
Planning time: 1.090 ms
Execution time: 31350.261 ms
