Hash Join  (cost=82423.69..224114.52 rows=1615980 width=0) (actual time=1550.665..5136.217 rows=1069450 loops=1)
  Hash Cond: (mk.movie_id = t.id)
  ->  Seq Scan on movie_keyword mk  (cost=0.00..69693.30 rows=4523930 width=4) (actual time=0.022..1354.721 rows=4523930 loops=1)
  ->  Hash  (cost=67604.59..67604.59 rows=903208 width=4) (actual time=1549.205..1549.205 rows=904491 loops=1)
        Buckets: 131072  Batches: 16  Memory Usage: 3017kB
        ->  Seq Scan on title t  (cost=0.00..67604.59 rows=903208 width=4) (actual time=0.011..1237.391 rows=904491 loops=1)
              Filter: (production_year > 2006)
              Rows Removed by Filter: 1623821
Planning time: 0.684 ms
Execution time: 5257.018 ms
