Hash Join  (cost=211858.24..1148853.57 rows=4162128 width=0) (actual time=4167.069..27257.658 rows=3782122 loops=1)
  Hash Cond: (ci.movie_id = t.id)
  ->  Seq Scan on cast_info ci  (cost=0.00..705507.15 rows=16201301 width=4) (actual time=0.019..15327.081 rows=16121683 loops=1)
        Filter: (role_id > 2)
        Rows Removed by Filter: 20122661
  ->  Hash  (cost=201200.47..201200.47 rows=649581 width=8) (actual time=4164.356..4164.356 rows=178568 loops=1)
        Buckets: 131072  Batches: 16  Memory Usage: 1483kB
        ->  Hash Join  (cost=92508.29..201200.47 rows=649581 width=8) (actual time=2031.769..4106.065 rows=178568 loops=1)
              Hash Cond: (mk.movie_id = t.id)
              ->  Seq Scan on movie_keyword mk  (cost=0.00..81003.12 rows=1450199 width=4) (actual time=0.024..1453.190 rows=1461476 loops=1)
                    Filter: (keyword_id > 11359)
                    Rows Removed by Filter: 3062454
              ->  Hash  (cost=73925.90..73925.90 rows=1132591 width=4) (actual time=1720.722..1720.722 rows=1224674 loops=1)
                    Buckets: 131072  Batches: 16  Memory Usage: 3733kB
                    ->  Seq Scan on title t  (cost=0.00..73925.90 rows=1132591 width=4) (actual time=207.018..1327.008 rows=1224674 loops=1)
                          Filter: ((production_year > 1985) AND (kind_id = 7))
                          Rows Removed by Filter: 1303638
Planning time: 0.927 ms
Execution time: 27662.666 ms
