Seq Scan on cast_info ci  (cost=0.00..705507.15 rows=13873629 width=0) (actual time=240.865..12100.757 rows=13859409 loops=1)
  Filter: (person_id < 1365115)
  Rows Removed by Filter: 22384935
Planning time: 0.232 ms
Execution time: 13818.847 ms
