Seq Scan on movie_keyword mk  (cost=0.00..81003.12 rows=2566613 width=0) (actual time=0.023..1429.037 rows=2560183 loops=1)
  Filter: (keyword_id < 6470)
  Rows Removed by Filter: 1963747
Planning time: 0.296 ms
Execution time: 1745.372 ms
