Seq Scan on movie_keyword mk  (cost=0.00..81003.12 rows=3725061 width=0) (actual time=0.027..1511.295 rows=3719671 loops=1)
  Filter: (keyword_id < 23040)
  Rows Removed by Filter: 804259
Planning time: 9.034 ms
Execution time: 1987.257 ms
