Hash Join  (cost=130426.33..495221.17 rows=13891 width=0) (actual time=2286.207..9617.475 rows=30835 loops=1)
  Hash Cond: (mi.movie_id = t.id)
  ->  Seq Scan on movie_info mi  (cost=0.00..309384.22 rows=14739122 width=4) (actual time=0.017..4318.535 rows=14835720 loops=1)
  ->  Hash  (cost=130396.54..130396.54 rows=2383 width=8) (actual time=2285.734..2285.734 rows=3888 loops=1)
        Buckets: 4096  Batches: 1  Memory Usage: 184kB
        ->  Hash Join  (cost=73982.55..130396.54 rows=2383 width=8) (actual time=1084.735..2284.403 rows=3888 loops=1)
              Hash Cond: (mc.movie_id = t.id)
              ->  Seq Scan on movie_companies mc  (cost=0.00..51404.11 rows=1329612 width=4) (actual time=23.448..952.616 rows=1334883 loops=1)
                    Filter: (company_type_id = 2)
                    Rows Removed by Filter: 1274246
              ->  Hash  (cost=73925.90..73925.90 rows=4532 width=4) (actual time=1061.162..1061.162 rows=14720 loops=1)
                    Buckets: 16384 (originally 8192)  Batches: 1 (originally 1)  Memory Usage: 646kB
                    ->  Seq Scan on title t  (cost=0.00..73925.90 rows=4532 width=4) (actual time=0.041..1054.615 rows=14720 loops=1)
                          Filter: ((kind_id = 7) AND (production_year = 1992))
                          Rows Removed by Filter: 2513592
Planning time: 1.141 ms
Execution time: 9622.223 ms
