Seq Scan on movie_keyword mk  (cost=0.00..81003.12 rows=4178521 width=0) (actual time=0.019..1612.509 rows=4180212 loops=1)
  Filter: (keyword_id < 48382)
  Rows Removed by Filter: 343718
Planning time: 0.227 ms
Execution time: 2118.875 ms
