Hash Join  (cost=77490.57..117217.79 rows=118574 width=0) (actual time=1129.589..2046.138 rows=40716 loops=1)
  Hash Cond: (mi_idx.movie_id = t.id)
  ->  Seq Scan on movie_info_idx mi_idx  (cost=0.00..21735.35 rows=1380035 width=4) (actual time=0.020..412.496 rows=1380035 loops=1)
  ->  Hash  (cost=73925.90..73925.90 rows=217253 width=4) (actual time=1128.757..1128.757 rows=112299 loops=1)
        Buckets: 131072  Batches: 4  Memory Usage: 2008kB
        ->  Seq Scan on title t  (cost=0.00..73925.90 rows=217253 width=4) (actual time=0.021..1089.891 rows=112299 loops=1)
              Filter: ((production_year < 1969) AND (kind_id = 7))
              Rows Removed by Filter: 2416013
Planning time: 0.519 ms
Execution time: 2050.531 ms
