Hash Join  (cost=92883.59..944057.24 rows=4500984 width=0) (actual time=1993.126..19033.075 rows=4247445 loops=1)
  Hash Cond: (ci.movie_id = t.id)
  ->  Seq Scan on cast_info ci  (cost=0.00..705507.15 rows=7386332 width=4) (actual time=27.004..12248.395 rows=7328807 loops=1)
        Filter: (person_id < 708415)
        Rows Removed by Filter: 28915537
  ->  Hash  (cost=67604.59..67604.59 rows=1540800 width=4) (actual time=1769.826..1769.826 rows=1543264 loops=1)
        Buckets: 131072  Batches: 32  Memory Usage: 2722kB
        ->  Seq Scan on title t  (cost=0.00..67604.59 rows=1540800 width=4) (actual time=0.030..1269.378 rows=1543264 loops=1)
              Filter: (kind_id = 7)
              Rows Removed by Filter: 985048
Planning time: 0.748 ms
Execution time: 19495.629 ms
