Seq Scan on movie_keyword mk  (cost=0.00..81003.12 rows=2929492 width=0) (actual time=0.022..1567.573 rows=2923141 loops=1)
  Filter: (keyword_id > 2479)
  Rows Removed by Filter: 1600789
Planning time: 0.287 ms
Execution time: 1928.567 ms
