Seq Scan on cast_info ci  (cost=0.00..796071.18 rows=6817951 width=0) (actual time=5941.811..16045.183 rows=7451973 loops=1)
  Filter: ((person_id < 3587955) AND (role_id = 2))
  Rows Removed by Filter: 28792371
Planning time: 0.395 ms
Execution time: 16988.387 ms
