Hash Join  (cost=94666.80..506670.83 rows=2001503 width=0) (actual time=4893.324..9926.623 rows=2109178 loops=1)
  Hash Cond: (mi.movie_id = t.id)
  ->  Seq Scan on movie_info mi  (cost=0.00..346232.03 rows=3068194 width=4) (actual time=3066.799..5687.091 rows=3036719 loops=1)
        Filter: (info_type_id = 16)
        Rows Removed by Filter: 11799001
  ->  Hash  (cost=67604.59..67604.59 rows=1649457 width=4) (actual time=1825.015..1825.015 rows=1643514 loops=1)
        Buckets: 131072  Batches: 32  Memory Usage: 2839kB
        ->  Seq Scan on title t  (cost=0.00..67604.59 rows=1649457 width=4) (actual time=0.035..1283.141 rows=1643514 loops=1)
              Filter: (production_year > 1994)
              Rows Removed by Filter: 884798
Planning time: 1.998 ms
Execution time: 10158.775 ms
