Hash Join  (cost=84417.00..924545.55 rows=1039549 width=0) (actual time=10506.776..20196.568 rows=1073966 loops=1)
  Hash Cond: (ci.movie_id = t.id)
  ->  Seq Scan on cast_info ci  (cost=0.00..796071.18 rows=2565035 width=4) (actual time=8813.130..16469.658 rows=2566613 loops=1)
        Filter: ((person_id > 214193) AND (role_id = 4))
        Rows Removed by Filter: 33677731
  ->  Hash  (cost=67604.59..67604.59 rows=1024753 width=4) (actual time=1692.488..1692.488 rows=1021752 loops=1)
        Buckets: 131072  Batches: 16  Memory Usage: 3274kB
        ->  Seq Scan on title t  (cost=0.00..67604.59 rows=1024753 width=4) (actual time=0.045..1315.827 rows=1021752 loops=1)
              Filter: (production_year < 2000)
              Rows Removed by Filter: 1506560
Planning time: 0.809 ms
Execution time: 20322.265 ms
