Hash Join  (cost=121661.12..611283.94 rows=919989 width=0) (actual time=2339.679..14191.970 rows=554763 loops=1)
  Hash Cond: (mi.movie_id = t.id)
  ->  Seq Scan on movie_info mi  (cost=0.00..309384.22 rows=14739122 width=4) (actual time=0.027..5908.834 rows=14835720 loops=1)
  ->  Hash  (cost=119071.30..119071.30 rows=157826 width=8) (actual time=2338.064..2338.064 rows=78936 loops=1)
        Buckets: 131072  Batches: 4  Memory Usage: 1803kB
        ->  Hash Join  (cost=78670.55..119071.30 rows=157826 width=8) (actual time=1371.611..2314.657 rows=78936 loops=1)
              Hash Cond: (mi_idx.movie_id = t.id)
              ->  Seq Scan on movie_info_idx mi_idx  (cost=0.00..21735.35 rows=1380035 width=4) (actual time=0.021..388.892 rows=1380035 loops=1)
              ->  Hash  (cost=73925.90..73925.90 rows=289172 width=4) (actual time=1370.823..1370.823 rows=292674 loops=1)
                    Buckets: 131072  Batches: 4  Memory Usage: 3617kB
                    ->  Seq Scan on title t  (cost=0.00..73925.90 rows=289172 width=4) (actual time=0.024..1272.623 rows=292674 loops=1)
                          Filter: ((kind_id > 1) AND (production_year > 2010))
                          Rows Removed by Filter: 2235638
Planning time: 1.109 ms
Execution time: 14256.611 ms
