Hash Join  (cost=83074.74..137742.81 rows=254 width=0) (actual time=1226.777..2366.837 rows=1880 loops=1)
  Hash Cond: (mc.movie_id = t.id)
  ->  Seq Scan on movie_companies mc  (cost=0.00..44881.29 rows=2609129 width=4) (actual time=0.006..659.346 rows=2609129 loops=1)
  ->  Hash  (cost=83071.67..83071.67 rows=246 width=8) (actual time=1226.528..1226.528 rows=243 loops=1)
        Buckets: 1024  Batches: 1  Memory Usage: 18kB
        ->  Nested Loop  (cost=0.43..83071.67 rows=246 width=8) (actual time=1.838..1226.253 rows=243 loops=1)
              ->  Seq Scan on movie_keyword mk  (cost=0.00..81003.12 rows=246 width=4) (actual time=1.753..1218.035 rows=243 loops=1)
                    Filter: (keyword_id = 5703)
                    Rows Removed by Filter: 4523687
              ->  Index Only Scan using title_pkey on title t  (cost=0.43..8.40 rows=1 width=4) (actual time=0.030..0.031 rows=1 loops=243)
                    Index Cond: (id = mk.movie_id)
                    Heap Fetches: 243
Planning time: 1.193 ms
Execution time: 2367.315 ms
