Hash Join  (cost=78670.55..465019.21 rows=350890 width=0) (actual time=1921.165..8607.722 rows=315508 loops=1)
  Hash Cond: (mi.movie_id = t.id)
  ->  Seq Scan on movie_info mi  (cost=0.00..346232.03 rows=3068194 width=4) (actual time=595.954..5846.216 rows=3036719 loops=1)
        Filter: (info_type_id = 16)
        Rows Removed by Filter: 11799001
  ->  Hash  (cost=73925.90..73925.90 rows=289172 width=4) (actual time=1324.316..1324.316 rows=292674 loops=1)
        Buckets: 131072  Batches: 4  Memory Usage: 3623kB
        ->  Seq Scan on title t  (cost=0.00..73925.90 rows=289172 width=4) (actual time=0.028..1220.676 rows=292674 loops=1)
              Filter: ((kind_id > 1) AND (production_year > 2010))
              Rows Removed by Filter: 2235638
Planning time: 0.796 ms
Execution time: 8644.272 ms
