Seq Scan on cast_info ci  (cost=0.00..705507.15 rows=17568306 width=0) (actual time=0.022..12274.373 rows=17689770 loops=1)
  Filter: (person_id > 1846326)
  Rows Removed by Filter: 18554574
Planning time: 0.347 ms
Execution time: 14393.932 ms
