Hash Join  (cost=102767.86..214935.24 rows=884570 width=0) (actual time=1960.062..4334.916 rows=892828 loops=1)
  Hash Cond: (mk.movie_id = t.id)
  ->  Seq Scan on movie_keyword mk  (cost=0.00..81003.12 rows=884570 width=4) (actual time=0.028..1339.504 rows=892828 loops=1)
        Filter: (keyword_id < 845)
        Rows Removed by Filter: 3631102
  ->  Hash  (cost=61283.27..61283.27 rows=2528527 width=4) (actual time=1958.318..1958.318 rows=2528312 loops=1)
        Buckets: 131072  Batches: 64  Memory Usage: 2425kB
        ->  Seq Scan on title t  (cost=0.00..61283.27 rows=2528527 width=4) (actual time=0.023..1105.343 rows=2528312 loops=1)
Planning time: 0.666 ms
Execution time: 4431.751 ms
