Hash Join  (cost=709678.15..799936.27 rows=488 width=0) (actual time=11499.399..13037.813 rows=31 loops=1)
  Hash Cond: (mk.movie_id = t.id)
  ->  Seq Scan on movie_keyword mk  (cost=0.00..81003.12 rows=2466698 width=4) (actual time=0.025..1479.061 rows=2453967 loops=1)
        Filter: (keyword_id > 3664)
        Rows Removed by Filter: 2069963
  ->  Hash  (cost=709671.90..709671.90 rows=500 width=8) (actual time=11217.724..11217.724 rows=19 loops=1)
        Buckets: 1024  Batches: 1  Memory Usage: 9kB
        ->  Nested Loop  (cost=0.43..709671.90 rows=500 width=8) (actual time=8531.910..11217.696 rows=19 loops=1)
              ->  Seq Scan on cast_info ci  (cost=0.00..705507.15 rows=500 width=4) (actual time=8531.814..11217.175 rows=19 loops=1)
                    Filter: (person_id = 3241325)
                    Rows Removed by Filter: 36244325
              ->  Index Only Scan using title_pkey on title t  (cost=0.43..8.32 rows=1 width=4) (actual time=0.024..0.025 rows=1 loops=19)
                    Index Cond: (id = ci.movie_id)
                    Heap Fetches: 19
Planning time: 1.177 ms
Execution time: 13037.922 ms
