Seq Scan on cast_info ci  (cost=0.00..796071.18 rows=3162777 width=0) (actual time=5788.907..12352.311 rows=6397163 loops=1)
  Filter: ((person_id < 872805) AND (role_id < 2))
  Rows Removed by Filter: 29847181
Planning time: 0.351 ms
Execution time: 13098.822 ms
