Hash Join  (cost=263115.61..427817.50 rows=3110980 width=0) (actual time=6474.426..15202.176 rows=23777877 loops=1)
  Hash Cond: (mk.movie_id = t.id)
  ->  Seq Scan on movie_keyword mk  (cost=0.00..81003.12 rows=3014875 width=4) (actual time=0.018..1720.846 rows=3001532 loops=1)
        Filter: (keyword_id > 2205)
        Rows Removed by Filter: 1522398
  ->  Hash  (cost=220309.49..220309.49 rows=2609129 width=8) (actual time=6473.200..6473.200 rows=2609129 loops=1)
        Buckets: 131072  Batches: 64  Memory Usage: 2691kB
        ->  Hash Join  (cost=102767.86..220309.49 rows=2609129 width=8) (actual time=1877.989..5633.914 rows=2609129 loops=1)
              Hash Cond: (mc.movie_id = t.id)
              ->  Seq Scan on movie_companies mc  (cost=0.00..44881.29 rows=2609129 width=4) (actual time=0.023..932.074 rows=2609129 loops=1)
              ->  Hash  (cost=61283.27..61283.27 rows=2528527 width=4) (actual time=1876.037..1876.037 rows=2528312 loops=1)
                    Buckets: 131072  Batches: 64  Memory Usage: 2415kB
                    ->  Seq Scan on title t  (cost=0.00..61283.27 rows=2528527 width=4) (actual time=0.012..1039.994 rows=2528312 loops=1)
Planning time: 1.107 ms
Execution time: 17724.032 ms
