Hash Join  (cost=97066.09..189318.33 rows=150942 width=0) (actual time=1807.420..3902.009 rows=201611 loops=1)
  Hash Cond: (mk.movie_id = t.id)
  ->  Seq Scan on movie_keyword mk  (cost=0.00..81003.12 rows=212539 width=4) (actual time=0.030..1404.189 rows=226927 loops=1)
        Filter: (keyword_id < 186)
        Rows Removed by Filter: 4297003
  ->  Hash  (cost=67604.59..67604.59 rows=1795720 width=4) (actual time=1806.165..1806.165 rows=1794153 loops=1)
        Buckets: 131072  Batches: 32  Memory Usage: 3001kB
        ->  Seq Scan on title t  (cost=0.00..67604.59 rows=1795720 width=4) (actual time=0.021..1217.439 rows=1794153 loops=1)
              Filter: (production_year < 2009)
              Rows Removed by Filter: 734159
Planning time: 1.587 ms
Execution time: 3923.112 ms
