Hash Join  (cost=110027.13..461240.54 rows=20959 width=0) (actual time=4765.797..7344.973 rows=7441 loops=1)
  Hash Cond: (mi.movie_id = t.id)
  ->  Seq Scan on movie_info mi  (cost=0.00..346232.03 rows=1272478 width=4) (actual time=2867.774..5192.322 rows=1325361 loops=1)
        Filter: (info_type_id = 8)
        Rows Removed by Filter: 13510359
  ->  Hash  (cost=109506.54..109506.54 rows=41647 width=8) (actual time=1896.734..1896.734 rows=14477 loops=1)
        Buckets: 65536  Batches: 1  Memory Usage: 1078kB
        ->  Hash Join  (cost=77642.13..109506.54 rows=41647 width=8) (actual time=1223.987..1882.017 rows=14477 loops=1)
              Hash Cond: (mi_idx.movie_id = t.id)
              ->  Seq Scan on movie_info_idx mi_idx  (cost=0.00..25185.44 rows=464934 width=4) (actual time=0.040..455.646 rows=460185 loops=1)
                    Filter: (info_type_id > 100)
                    Rows Removed by Filter: 919850
              ->  Hash  (cost=73925.90..73925.90 rows=226498 width=4) (actual time=1213.475..1213.475 rows=120787 loops=1)
                    Buckets: 131072  Batches: 4  Memory Usage: 2083kB
                    ->  Seq Scan on title t  (cost=0.00..73925.90 rows=226498 width=4) (actual time=0.036..1172.520 rows=120787 loops=1)
                          Filter: ((production_year < 1970) AND (kind_id = 7))
                          Rows Removed by Filter: 2407525
Planning time: 17.010 ms
Execution time: 7346.049 ms
