Hash Join  (cost=98137.04..184640.01 rows=777328 width=0) (actual time=1939.401..4562.689 rows=607176 loops=1)
  Hash Cond: (mc.movie_id = t.id)
  ->  Seq Scan on movie_companies mc  (cost=0.00..57926.93 rows=1056152 width=4) (actual time=0.022..1248.144 rows=1274246 loops=1)
        Filter: ((company_id < 76678) AND (company_type_id = 1))
        Rows Removed by Filter: 1334883
  ->  Hash  (cost=67604.59..67604.59 rows=1860996 width=4) (actual time=1938.015..1938.015 rows=1865487 loops=1)
        Buckets: 131072  Batches: 32  Memory Usage: 3079kB
        ->  Seq Scan on title t  (cost=0.00..67604.59 rows=1860996 width=4) (actual time=0.020..1323.700 rows=1865487 loops=1)
              Filter: (kind_id > 1)
              Rows Removed by Filter: 662825
Planning time: 0.746 ms
Execution time: 4633.595 ms
