Hash Join  (cost=211584.70..754421.36 rows=5907174 width=0) (actual time=4934.315..24126.434 rows=17513908 loops=1)
  Hash Cond: (mi.movie_id = t.id)
  ->  Seq Scan on movie_info mi  (cost=0.00..309384.22 rows=14739122 width=4) (actual time=0.019..5685.744 rows=14835720 loops=1)
  ->  Hash  (cost=194958.35..194958.35 rows=1013388 width=8) (actual time=4933.319..4933.319 rows=1161765 loops=1)
        Buckets: 131072  Batches: 16  Memory Usage: 3867kB
        ->  Hash Join  (cost=102767.86..194958.35 rows=1013388 width=8) (actual time=2232.650..4587.988 rows=1161765 loops=1)
              Hash Cond: (mc.movie_id = t.id)
              ->  Seq Scan on movie_companies mc  (cost=0.00..57926.93 rows=1013388 width=4) (actual time=166.307..1151.768 rows=1161765 loops=1)
                    Filter: ((company_id > 759) AND (company_type_id > 1))
                    Rows Removed by Filter: 1447364
              ->  Hash  (cost=61283.27..61283.27 rows=2528527 width=4) (actual time=2065.041..2065.041 rows=2528312 loops=1)
                    Buckets: 131072  Batches: 64  Memory Usage: 2415kB
                    ->  Seq Scan on title t  (cost=0.00..61283.27 rows=2528527 width=4) (actual time=0.027..1214.783 rows=2528312 loops=1)
Planning time: 4.907 ms
Execution time: 26119.442 ms
