Nested Loop  (cost=0.43..797958.78 rows=109 width=0) (actual time=4853.352..13965.108 rows=1 loops=1)
  ->  Seq Scan on cast_info ci  (cost=0.00..796071.18 rows=224 width=4) (actual time=4853.277..13964.788 rows=9 loops=1)
        Filter: ((role_id > 2) AND (person_id = 3048486))
        Rows Removed by Filter: 36244335
  ->  Index Scan using title_pkey on title t  (cost=0.43..8.42 rows=1 width=4) (actual time=0.031..0.031 rows=0 loops=9)
        Index Cond: (id = ci.movie_id)
        Filter: ((kind_id > 1) AND (production_year < 2008))
        Rows Removed by Filter: 1
Planning time: 0.781 ms
Execution time: 13965.210 ms
