Hash Join  (cost=172411.27..540981.80 rows=391462 width=0) (actual time=3353.828..10524.544 rows=75408 loops=1)
  Hash Cond: (mi.movie_id = t.id)
  ->  Seq Scan on movie_info mi  (cost=0.00..309384.22 rows=14739122 width=4) (actual time=0.018..4181.008 rows=14835720 loops=1)
  ->  Hash  (cost=171571.82..171571.82 rows=67156 width=8) (actual time=2874.643..2874.643 rows=7599 loops=1)
        Buckets: 131072  Batches: 1  Memory Usage: 1321kB
        ->  Hash Join  (cost=76428.64..171571.82 rows=67156 width=8) (actual time=2404.056..2870.573 rows=7599 loops=1)
              Hash Cond: (mk.movie_id = t.id)
              ->  Seq Scan on movie_keyword mk  (cost=0.00..81003.12 rows=1113197 width=4) (actual time=0.017..1395.304 rows=1119988 loops=1)
                    Filter: (keyword_id < 1192)
                    Rows Removed by Filter: 3403942
              ->  Hash  (cost=73925.90..73925.90 rows=152539 width=4) (actual time=1112.699..1112.699 rows=53426 loops=1)
                    Buckets: 131072  Batches: 2  Memory Usage: 1969kB
                    ->  Seq Scan on title t  (cost=0.00..73925.90 rows=152539 width=4) (actual time=0.053..1090.634 rows=53426 loops=1)
                          Filter: ((production_year < 1961) AND (kind_id = 7))
                          Rows Removed by Filter: 2474886
Planning time: 1.133 ms
Execution time: 10535.156 ms
