Hash Join  (cost=1189221.52..2329486.92 rows=25923976 width=211) (actual time=31073.277..61293.079 rows=15835414 loops=1)
  Hash Cond: (mi.movie_id = t.id)
  ->  Seq Scan on movie_info mi  (cost=0.00..309384.22 rows=14739122 width=75) (actual time=0.015..8260.225 rows=14835720 loops=1)
  ->  Hash  (cost=1046768.12..1046768.12 rows=4447312 width=136) (actual time=31065.276..31065.276 rows=4601727 loops=1)
        Buckets: 32768  Batches: 256  Memory Usage: 2731kB
        ->  Hash Join  (cost=109435.59..1046768.12 rows=4447312 width=136) (actual time=6880.377..26877.201 rows=4601727 loops=1)
              Hash Cond: (ci.movie_id = t.id)
              ->  Seq Scan on cast_info ci  (cost=0.00..705507.15 rows=7298253 width=42) (actual time=4627.409..17398.049 rows=7451973 loops=1)
                    Filter: (role_id = 2)
                    Rows Removed by Filter: 28792371
              ->  Hash  (cost=67604.59..67604.59 rows=1540800 width=94) (actual time=2252.145..2252.145 rows=1543264 loops=1)
                    Buckets: 32768  Batches: 64  Memory Usage: 3011kB
                    ->  Seq Scan on title t  (cost=0.00..67604.59 rows=1540800 width=94) (actual time=0.026..1592.290 rows=1543264 loops=1)
                          Filter: (kind_id = 7)
                          Rows Removed by Filter: 985048
Planning time: 1.566 ms
Execution time: 62179.778 ms
