Nested Loop  (cost=0.43..709674.40 rows=145 width=0) (actual time=600.942..10310.016 rows=88 loops=1)
  ->  Seq Scan on cast_info ci  (cost=0.00..705507.15 rows=500 width=4) (actual time=600.744..10307.599 rows=181 loops=1)
        Filter: (person_id = 3437965)
        Rows Removed by Filter: 36244163
  ->  Index Scan using title_pkey on title t  (cost=0.43..8.32 rows=1 width=4) (actual time=0.013..0.013 rows=0 loops=181)
        Index Cond: (id = ci.movie_id)
        Filter: ((kind_id > 4) AND (production_year > 2003))
        Rows Removed by Filter: 1
Planning time: 0.759 ms
Execution time: 10310.141 ms
