Hash Join  (cost=78930.19..1071431.48 rows=5430305 width=0) (actual time=1609.298..27331.558 rows=5500210 loops=1)
  Hash Cond: (ci.movie_id = t.id)
  ->  Seq Scan on cast_info ci  (cost=0.00..705507.15 rows=19891225 width=4) (actual time=0.391..14689.432 rows=19776445 loops=1)
        Filter: (person_id < 1983162)
        Rows Removed by Filter: 16467899
  ->  Hash  (cost=67604.59..67604.59 rows=690288 width=4) (actual time=1477.763..1477.763 rows=684146 loops=1)
        Buckets: 131072  Batches: 16  Memory Usage: 2525kB
        ->  Seq Scan on title t  (cost=0.00..67604.59 rows=690288 width=4) (actual time=0.010..1249.743 rows=684146 loops=1)
              Filter: (production_year < 1990)
              Rows Removed by Filter: 1844166
Planning time: 0.547 ms
Execution time: 27988.136 ms
