Seq Scan on cast_info ci  (cost=0.00..705507.15 rows=500 width=0) (actual time=8465.085..10864.379 rows=34 loops=1)
  Filter: (person_id = 1211415)
  Rows Removed by Filter: 36244310
Planning time: 0.365 ms
Execution time: 10864.479 ms
