Hash Join  (cost=102207.05..189405.22 rows=54013 width=0) (actual time=2094.331..4062.766 rows=712783 loops=1)
  Hash Cond: (mk.movie_id = t.id)
  ->  Seq Scan on movie_keyword mk  (cost=0.00..69693.30 rows=4523930 width=4) (actual time=0.016..957.512 rows=4523930 loops=1)
  ->  Hash  (cost=101829.69..101829.69 rows=30189 width=8) (actual time=2093.874..2093.874 rows=57820 loops=1)
        Buckets: 65536 (originally 32768)  Batches: 1 (originally 1)  Memory Usage: 2771kB
        ->  Hash Join  (cost=74617.32..101829.69 rows=30189 width=8) (actual time=1199.537..2074.771 rows=57820 loops=1)
              Hash Cond: (mi_idx.movie_id = t.id)
              ->  Seq Scan on movie_info_idx mi_idx  (cost=0.00..21735.35 rows=1380035 width=4) (actual time=0.069..359.214 rows=1380035 loops=1)
              ->  Hash  (cost=73925.90..73925.90 rows=55313 width=4) (actual time=1199.049..1199.049 rows=143299 loops=1)
                    Buckets: 131072 (originally 65536)  Batches: 2 (originally 1)  Memory Usage: 3540kB
                    ->  Seq Scan on title t  (cost=0.00..73925.90 rows=55313 width=4) (actual time=18.530..1143.966 rows=143299 loops=1)
                          Filter: ((kind_id < 7) AND (production_year < 1941))
                          Rows Removed by Filter: 2385013
Planning time: 1.220 ms
Execution time: 4148.453 ms
