Hash Join  (cost=158467.91..286042.03 rows=457308 width=0) (actual time=4468.862..6105.514 rows=154878 loops=1)
  Hash Cond: (mk.movie_id = t.id)
  ->  Seq Scan on movie_keyword mk  (cost=0.00..69693.30 rows=4523930 width=4) (actual time=0.012..1378.048 rows=4523930 loops=1)
  ->  Hash  (cost=154273.91..154273.91 rows=255600 width=8) (actual time=2911.531..2911.531 rows=108228 loops=1)
        Buckets: 131072  Batches: 4  Memory Usage: 2089kB
        ->  Hash Join  (cost=88391.98..154273.91 rows=255600 width=8) (actual time=2196.468..2877.035 rows=108228 loops=1)
              Hash Cond: (mc.movie_id = t.id)
              ->  Seq Scan on movie_companies mc  (cost=0.00..51404.11 rows=733019 width=4) (actual time=0.014..891.110 rows=737226 loops=1)
                    Filter: (company_id > 39239)
                    Rows Removed by Filter: 1871903
              ->  Hash  (cost=73925.90..73925.90 rows=881686 width=4) (actual time=1470.604..1470.604 rows=801513 loops=1)
                    Buckets: 131072  Batches: 16  Memory Usage: 2786kB
                    ->  Seq Scan on title t  (cost=0.00..73925.90 rows=881686 width=4) (actual time=0.015..1216.119 rows=801513 loops=1)
                          Filter: ((production_year < 2006) AND (kind_id = 7))
                          Rows Removed by Filter: 1726799
Planning time: 1.146 ms
Execution time: 6125.557 ms
