Nested Loop  (cost=0.43..83072.90 rows=3 width=0) (actual time=34.920..1292.466 rows=2 loops=1)
  ->  Seq Scan on movie_keyword mk  (cost=0.00..81003.12 rows=246 width=4) (actual time=5.135..1265.210 rows=651 loops=1)
        Filter: (keyword_id = 2874)
        Rows Removed by Filter: 4523279
  ->  Index Scan using title_pkey on title t  (cost=0.43..8.40 rows=1 width=4) (actual time=0.041..0.041 rows=0 loops=651)
        Index Cond: (id = mk.movie_id)
        Filter: ((kind_id = 7) AND (production_year = 1999))
        Rows Removed by Filter: 1
Planning time: 0.764 ms
Execution time: 1292.596 ms
