Hash Join  (cost=72583.38..571262.23 rows=1768693 width=0) (actual time=1441.560..14808.139 rows=2997185 loops=1)
  Hash Cond: (mi.movie_id = t.id)
  ->  Seq Scan on movie_info mi  (cost=0.00..309384.22 rows=14739122 width=4) (actual time=0.021..6100.879 rows=14835720 loops=1)
  ->  Hash  (cost=67604.59..67604.59 rows=303423 width=4) (actual time=1439.253..1439.253 rows=296471 loops=1)
        Buckets: 131072  Batches: 4  Memory Usage: 3632kB
        ->  Seq Scan on title t  (cost=0.00..67604.59 rows=303423 width=4) (actual time=0.030..1060.764 rows=296471 loops=1)
              Filter: (production_year < 1965)
              Rows Removed by Filter: 2231841
Planning time: 7.623 ms
Execution time: 15181.425 ms
