Seq Scan on movie_keyword mk  (cost=0.00..81003.12 rows=2059977 width=0) (actual time=0.015..1431.288 rows=2074639 loops=1)
  Filter: (keyword_id < 3673)
  Rows Removed by Filter: 2449291
Planning time: 0.302 ms
Execution time: 1687.840 ms
