Hash Join  (cost=156487.41..1074454.78 rows=1635669 width=0) (actual time=10666.785..28102.472 rows=4798120 loops=1)
  Hash Cond: (ci.movie_id = t.id)
  ->  Seq Scan on cast_info ci  (cost=0.00..796071.18 rows=8971867 width=4) (actual time=7053.844..16828.178 rows=12670688 loops=1)
        Filter: ((person_id < 2638806) AND (role_id < 2))
        Rows Removed by Filter: 23573656
  ->  Hash  (cost=148924.19..148924.19 rows=460978 width=8) (actual time=3612.218..3612.218 rows=459925 loops=1)
        Buckets: 131072  Batches: 8  Memory Usage: 3275kB
        ->  Hash Join  (cost=102767.86..148924.19 rows=460978 width=8) (actual time=2154.969..3474.348 rows=459925 loops=1)
              Hash Cond: (mi_idx.movie_id = t.id)
              ->  Seq Scan on movie_info_idx mi_idx  (cost=0.00..25185.44 rows=460978 width=4) (actual time=0.025..504.943 rows=459925 loops=1)
                    Filter: (info_type_id < 100)
                    Rows Removed by Filter: 920110
              ->  Hash  (cost=61283.27..61283.27 rows=2528527 width=4) (actual time=2153.545..2153.545 rows=2528312 loops=1)
                    Buckets: 131072  Batches: 64  Memory Usage: 2415kB
                    ->  Seq Scan on title t  (cost=0.00..61283.27 rows=2528527 width=4) (actual time=0.024..1107.782 rows=2528312 loops=1)
Planning time: 1.216 ms
Execution time: 28631.860 ms
