Hash Join  (cost=96527.63..932781.54 rows=1114532 width=0) (actual time=7012.466..15746.236 rows=413411 loops=1)
  Hash Cond: (ci.movie_id = t.id)
  ->  Seq Scan on cast_info ci  (cost=0.00..796071.18 rows=2045709 width=4) (actual time=5087.555..12794.317 rows=660229 loops=1)
        Filter: ((person_id < 1682535) AND (role_id = 10))
        Rows Removed by Filter: 35584115
  ->  Hash  (cost=73925.90..73925.90 rows=1377578 width=4) (actual time=1923.060..1923.060 rows=1455833 loops=1)
        Buckets: 131072  Batches: 32  Memory Usage: 2626kB
        ->  Seq Scan on title t  (cost=0.00..73925.90 rows=1377578 width=4) (actual time=0.036..1419.171 rows=1455833 loops=1)
              Filter: ((production_year > 1955) AND (kind_id = 7))
              Rows Removed by Filter: 1072479
Planning time: 0.768 ms
Execution time: 15791.644 ms
