Hash Join  (cost=97725.07..476672.53 rows=923904 width=0) (actual time=3573.278..8074.217 rows=897964 loops=1)
  Hash Cond: (mi.movie_id = t.id)
  ->  Seq Scan on movie_info mi  (cost=0.00..346232.03 rows=1272478 width=4) (actual time=1735.815..5055.083 rows=1325361 loops=1)
        Filter: (info_type_id = 8)
        Rows Removed by Filter: 13510359
  ->  Hash  (cost=67604.59..67604.59 rows=1835879 width=4) (actual time=1836.355..1836.355 rows=1833367 loops=1)
        Buckets: 131072  Batches: 32  Memory Usage: 3053kB
        ->  Seq Scan on title t  (cost=0.00..67604.59 rows=1835879 width=4) (actual time=0.036..1240.837 rows=1833367 loops=1)
              Filter: (production_year > 1986)
              Rows Removed by Filter: 694945
Planning time: 0.897 ms
Execution time: 8171.675 ms
