Hash Join  (cost=74242.71..881651.51 rows=29515 width=0) (actual time=4036.207..15924.805 rows=9720 loops=1)
  Hash Cond: (ci.movie_id = t.id)
  ->  Seq Scan on cast_info ci  (cost=0.00..796071.18 rows=2944659 width=4) (actual time=2981.271..14632.341 rows=947779 loops=1)
        Filter: ((person_id < 2540590) AND (role_id = 10))
        Rows Removed by Filter: 35296565
  ->  Hash  (cost=73925.90..73925.90 rows=25344 width=4) (actual time=1054.360..1054.360 rows=15457 loops=1)
        Buckets: 32768  Batches: 1  Memory Usage: 800kB
        ->  Seq Scan on title t  (cost=0.00..73925.90 rows=25344 width=4) (actual time=0.078..1048.652 rows=15457 loops=1)
              Filter: ((kind_id = 1) AND (production_year = 2005))
              Rows Removed by Filter: 2512855
Planning time: 0.978 ms
Execution time: 15927.071 ms
