Nested Loop  (cost=0.43..83071.67 rows=246 width=0) (actual time=0.271..1438.656 rows=2216 loops=1)
  ->  Seq Scan on movie_keyword mk  (cost=0.00..81003.12 rows=246 width=4) (actual time=0.209..1336.142 rows=2216 loops=1)
        Filter: (keyword_id = 8717)
        Rows Removed by Filter: 4521714
  ->  Index Only Scan using title_pkey on title t  (cost=0.43..8.40 rows=1 width=4) (actual time=0.045..0.045 rows=1 loops=2216)
        Index Cond: (id = mk.movie_id)
        Heap Fetches: 2216
Planning time: 0.720 ms
Execution time: 1439.796 ms
