Seq Scan on movie_keyword mk  (cost=0.00..81003.12 rows=246 width=0) (actual time=16.549..1271.774 rows=276 loops=1)
  Filter: (keyword_id = 9585)
  Rows Removed by Filter: 4523654
Planning time: 0.366 ms
Execution time: 1272.023 ms
