Hash Join  (cost=447787.85..1359162.28 rows=761862 width=0) (actual time=10840.535..32277.994 rows=4642879 loops=1)
  Hash Cond: (ci.movie_id = t.id)
  ->  Seq Scan on cast_info ci  (cost=0.00..796071.18 rows=5974662 width=4) (actual time=0.022..14896.791 rows=12167474 loops=1)
        Filter: ((person_id < 1668788) AND (role_id = 1))
        Rows Removed by Filter: 24076870
  ->  Hash  (cost=442497.52..442497.52 rows=322427 width=8) (actual time=10839.478..10839.478 rows=502535 loops=1)
        Buckets: 131072  Batches: 8  Memory Usage: 3418kB
        ->  Hash Join  (cost=74617.32..442497.52 rows=322427 width=8) (actual time=1276.809..10453.088 rows=502535 loops=1)
              Hash Cond: (mi.movie_id = t.id)
              ->  Seq Scan on movie_info mi  (cost=0.00..309384.22 rows=14739122 width=4) (actual time=0.016..4874.494 rows=14835720 loops=1)
              ->  Hash  (cost=73925.90..73925.90 rows=55313 width=4) (actual time=1276.375..1276.375 rows=49075 loops=1)
                    Buckets: 65536  Batches: 1  Memory Usage: 2238kB
                    ->  Seq Scan on title t  (cost=0.00..73925.90 rows=55313 width=4) (actual time=0.055..1256.634 rows=49075 loops=1)
                          Filter: ((kind_id < 7) AND (production_year = 2010))
                          Rows Removed by Filter: 2479237
Planning time: 1.119 ms
Execution time: 32815.720 ms
