Hash Join  (cost=168584.42..536795.60 rows=355523 width=0) (actual time=3149.228..14529.447 rows=6812885 loops=1)
  Hash Cond: (mi.movie_id = t.id)
  ->  Seq Scan on movie_info mi  (cost=0.00..309384.22 rows=14739122 width=4) (actual time=0.020..4443.549 rows=14835720 loops=1)
  ->  Hash  (cost=167822.03..167822.03 rows=60991 width=8) (actual time=3148.682..3148.682 rows=107649 loops=1)
        Buckets: 131072 (originally 65536)  Batches: 2 (originally 1)  Memory Usage: 3127kB
        ->  Hash Join  (cost=74545.71..167822.03 rows=60991 width=8) (actual time=1022.885..3109.065 rows=107649 loops=1)
              Hash Cond: (mk.movie_id = t.id)
              ->  Seq Scan on movie_keyword mk  (cost=0.00..81003.12 rows=3110211 width=4) (actual time=0.023..1536.483 rows=3096262 loops=1)
                    Filter: (keyword_id < 11681)
                    Rows Removed by Filter: 1427668
              ->  Hash  (cost=73925.90..73925.90 rows=49584 width=4) (actual time=1022.351..1022.351 rows=38752 loops=1)
                    Buckets: 65536  Batches: 1  Memory Usage: 1875kB
                    ->  Seq Scan on title t  (cost=0.00..73925.90 rows=49584 width=4) (actual time=0.111..1006.266 rows=38752 loops=1)
                          Filter: ((kind_id < 7) AND (production_year = 2008))
                          Rows Removed by Filter: 2489560
Planning time: 1.141 ms
Execution time: 15259.075 ms
