Hash Join  (cost=85595.27..440122.15 rows=107915 width=0) (actual time=2731.713..7338.800 rows=388156 loops=1)
  Hash Cond: (mi.movie_id = t.id)
  ->  Seq Scan on movie_info mi  (cost=0.00..346232.03 rows=383654 width=4) (actual time=1066.508..5373.607 rows=428651 loops=1)
        Filter: (info_type_id > 104)
        Rows Removed by Filter: 14407069
  ->  Hash  (cost=73925.90..73925.90 rows=711229 width=4) (actual time=1544.852..1544.852 rows=612155 loops=1)
        Buckets: 131072  Batches: 16  Memory Usage: 2376kB
        ->  Seq Scan on title t  (cost=0.00..73925.90 rows=711229 width=4) (actual time=0.036..1338.705 rows=612155 loops=1)
              Filter: ((kind_id < 7) AND (production_year > 1987))
              Rows Removed by Filter: 1916157
Planning time: 0.482 ms
Execution time: 7389.055 ms
