Hash Join  (cost=222690.39..365018.35 rows=1828749 width=0) (actual time=7473.613..15506.229 rows=19111248 loops=1)
  Hash Cond: (mk.movie_id = t.id)
  ->  Seq Scan on movie_keyword mk  (cost=0.00..81003.12 rows=3239825 width=4) (actual time=0.027..1740.090 rows=3224947 loops=1)
        Filter: (keyword_id > 1684)
        Rows Removed by Filter: 1298983
  ->  Hash  (cost=199273.77..199273.77 rows=1427250 width=8) (actual time=7471.730..7471.730 rows=1516201 loops=1)
        Buckets: 131072  Batches: 32  Memory Usage: 2917kB
        ->  Hash Join  (cost=104131.46..199273.77 rows=1427250 width=8) (actual time=2049.117..7025.508 rows=1516201 loops=1)
              Hash Cond: (mc.movie_id = t.id)
              ->  Seq Scan on movie_companies mc  (cost=0.00..51404.11 rows=1620938 width=4) (actual time=0.028..1059.249 rows=1611419 loops=1)
                    Filter: (company_id < 16754)
                    Rows Removed by Filter: 997710
              ->  Hash  (cost=67604.59..67604.59 rows=2226390 width=4) (actual time=2048.223..2048.223 rows=2224569 loops=1)
                    Buckets: 131072  Batches: 32  Memory Usage: 3463kB
                    ->  Seq Scan on title t  (cost=0.00..67604.59 rows=2226390 width=4) (actual time=0.024..1355.414 rows=2224569 loops=1)
                          Filter: (production_year < 2012)
                          Rows Removed by Filter: 303743
Planning time: 1.067 ms
Execution time: 17509.019 ms
