Seq Scan on movie_keyword mk  (cost=0.00..81003.12 rows=3661676 width=0) (actual time=0.021..1625.963 rows=3659178 loops=1)
  Filter: (keyword_id > 820)
  Rows Removed by Filter: 864752
Planning time: 0.363 ms
Execution time: 2092.194 ms
