Nested Loop  (cost=0.43..58358.39 rows=13 width=0) (actual time=20.343..999.630 rows=22 loops=1)
  ->  Seq Scan on movie_companies mc  (cost=0.00..57926.93 rows=51 width=4) (actual time=1.852..954.057 rows=1393 loops=1)
        Filter: ((company_type_id < 2) AND (company_id = 239))
        Rows Removed by Filter: 2607736
  ->  Index Scan using title_pkey on title t  (cost=0.43..8.45 rows=1 width=4) (actual time=0.032..0.032 rows=0 loops=1393)
        Index Cond: (id = mc.movie_id)
        Filter: (kind_id = 1)
        Rows Removed by Filter: 1
Planning time: 0.774 ms
Execution time: 999.758 ms
