Seq Scan on cast_info ci  (cost=0.00..796071.18 rows=1754141 width=0) (actual time=0.035..12164.645 rows=1060861 loops=1)
  Filter: ((person_id < 364416) AND (role_id > 2))
  Rows Removed by Filter: 35183483
Planning time: 0.349 ms
Execution time: 12301.785 ms
