Hash Join  (cost=79303.65..216849.18 rows=1275749 width=0) (actual time=1842.200..5701.194 rows=1757302 loops=1)
  Hash Cond: (mk.movie_id = t.id)
  ->  Seq Scan on movie_keyword mk  (cost=0.00..69693.30 rows=4523930 width=4) (actual time=0.019..1361.274 rows=4523930 loops=1)
  ->  Hash  (cost=67604.59..67604.59 rows=713045 width=4) (actual time=1841.123..1841.123 rows=707186 loops=1)
        Buckets: 131072  Batches: 16  Memory Usage: 2584kB
        ->  Seq Scan on title t  (cost=0.00..67604.59 rows=713045 width=4) (actual time=0.016..1166.218 rows=707186 loops=1)
              Filter: (production_year < 1991)
              Rows Removed by Filter: 1821126
Planning time: 1.623 ms
Execution time: 5912.088 ms
