Hash Join  (cost=461804.96..1542755.26 rows=1747318 width=0) (actual time=8254.865..36723.491 rows=4720491 loops=1)
  Hash Cond: (ci.movie_id = t.id)
  ->  Seq Scan on cast_info ci  (cost=0.00..705507.15 rows=30911196 width=4) (actual time=0.024..16250.162 rows=30853480 loops=1)
        Filter: (person_id < 3118932)
        Rows Removed by Filter: 5390864
  ->  Hash  (cost=459459.33..459459.33 rows=142930 width=8) (actual time=8253.821..8253.821 rows=133343 loops=1)
        Buckets: 131072  Batches: 2  Memory Usage: 3611kB
        ->  Hash Join  (cost=75859.28..459459.33 rows=142930 width=8) (actual time=5023.547..8208.622 rows=133343 loops=1)
              Hash Cond: (mi.movie_id = t.id)
              ->  Seq Scan on movie_info mi  (cost=0.00..346232.03 rows=3068194 width=4) (actual time=3805.468..5810.894 rows=3036719 loops=1)
                    Filter: (info_type_id = 16)
                    Rows Removed by Filter: 11799001
              ->  Hash  (cost=73925.90..73925.90 rows=117790 width=4) (actual time=1217.143..1217.143 rows=112195 loops=1)
                    Buckets: 131072  Batches: 2  Memory Usage: 3000kB
                    ->  Seq Scan on title t  (cost=0.00..73925.90 rows=117790 width=4) (actual time=0.036..1167.451 rows=112195 loops=1)
                          Filter: ((kind_id < 3) AND (production_year > 2010))
                          Rows Removed by Filter: 2416117
Planning time: 1.553 ms
Execution time: 37258.667 ms
