Hash Join  (cost=1352687.65..2699080.29 rows=63949269 width=0) (actual time=37733.761..112315.956 rows=212910559 loops=1)
  Hash Cond: (mi.movie_id = t.id)
  ->  Seq Scan on movie_info mi  (cost=0.00..309384.22 rows=14739122 width=4) (actual time=0.019..6139.546 rows=14835720 loops=1)
  ->  Hash  (cost=1172699.77..1172699.77 rows=10970630 width=8) (actual time=37730.290..37730.290 rows=17029118 loops=1)
        Buckets: 131072  Batches: 256  Memory Usage: 3675kB
        ->  Hash Join  (cost=102767.86..1172699.77 rows=10970630 width=8) (actual time=3626.126..32708.898 rows=17029118 loops=1)
              Hash Cond: (ci.movie_id = t.id)
              ->  Seq Scan on cast_info ci  (cost=0.00..796071.18 rows=10970630 width=4) (actual time=1648.411..15688.032 rows=17029118 loops=1)
                    Filter: ((person_id > 1920459) AND (role_id > 1))
                    Rows Removed by Filter: 19215226
              ->  Hash  (cost=61283.27..61283.27 rows=2528527 width=4) (actual time=1976.099..1976.099 rows=2528312 loops=1)
                    Buckets: 131072  Batches: 64  Memory Usage: 2415kB
                    ->  Seq Scan on title t  (cost=0.00..61283.27 rows=2528527 width=4) (actual time=0.025..1149.429 rows=2528312 loops=1)
Planning time: 2.304 ms
Execution time: 136810.033 ms
