Hash Join  (cost=83074.74..447745.01 rows=1434 width=0) (actual time=1226.722..8584.547 rows=147338 loops=1)
  Hash Cond: (mi.movie_id = t.id)
  ->  Seq Scan on movie_info mi  (cost=0.00..309384.22 rows=14739122 width=4) (actual time=0.012..4309.834 rows=14835720 loops=1)
  ->  Hash  (cost=83071.67..83071.67 rows=246 width=8) (actual time=1226.498..1226.498 rows=3040 loops=1)
        Buckets: 4096 (originally 1024)  Batches: 1 (originally 1)  Memory Usage: 151kB
        ->  Nested Loop  (cost=0.43..83071.67 rows=246 width=8) (actual time=0.230..1224.736 rows=3040 loops=1)
              ->  Seq Scan on movie_keyword mk  (cost=0.00..81003.12 rows=246 width=4) (actual time=0.162..1108.551 rows=3040 loops=1)
                    Filter: (keyword_id = 580)
                    Rows Removed by Filter: 4520890
              ->  Index Only Scan using title_pkey on title t  (cost=0.43..8.40 rows=1 width=4) (actual time=0.037..0.037 rows=1 loops=3040)
                    Index Cond: (id = mk.movie_id)
                    Heap Fetches: 3040
Planning time: 1.166 ms
Execution time: 8606.754 ms
