Seq Scan on cast_info ci  (cost=0.00..796071.18 rows=168 width=0) (actual time=10583.370..12952.726 rows=1 loops=1)
  Filter: ((role_id > 3) AND (person_id = 4060627))
  Rows Removed by Filter: 36244343
Planning time: 0.392 ms
Execution time: 12952.866 ms
