Seq Scan on movie_keyword mk  (cost=0.00..81003.12 rows=3466518 width=0) (actual time=0.025..1533.910 rows=3463547 loops=1)
  Filter: (keyword_id < 16543)
  Rows Removed by Filter: 1060383
Planning time: 0.336 ms
Execution time: 1965.821 ms
