Seq Scan on movie_keyword mk  (cost=0.00..81003.12 rows=3196613 width=0) (actual time=0.021..1462.609 rows=3181813 loops=1)
  Filter: (keyword_id < 12753)
  Rows Removed by Filter: 1342117
Planning time: 0.682 ms
Execution time: 1860.618 ms
