Hash Join  (cost=75199.97..198894.48 rows=138847 width=0) (actual time=1125.631..3841.731 rows=43633 loops=1)
  Hash Cond: (mk.movie_id = t.id)
  ->  Seq Scan on movie_keyword mk  (cost=0.00..69693.30 rows=4523930 width=4) (actual time=0.023..1407.914 rows=4523930 loops=1)
  ->  Hash  (cost=73925.90..73925.90 rows=77605 width=4) (actual time=1124.927..1124.927 rows=84684 loops=1)
        Buckets: 131072  Batches: 2  Memory Usage: 2518kB
        ->  Seq Scan on title t  (cost=0.00..73925.90 rows=77605 width=4) (actual time=0.023..1092.087 rows=84684 loops=1)
              Filter: ((kind_id = 7) AND (production_year = 2009))
              Rows Removed by Filter: 2443628
Planning time: 0.737 ms
Execution time: 3846.397 ms
