Hash Join  (cost=83074.74..109986.57 rows=134 width=0) (actual time=1403.823..2011.820 rows=327 loops=1)
  Hash Cond: (mi_idx.movie_id = t.id)
  ->  Seq Scan on movie_info_idx mi_idx  (cost=0.00..21735.35 rows=1380035 width=4) (actual time=0.013..373.903 rows=1380035 loops=1)
  ->  Hash  (cost=83071.67..83071.67 rows=246 width=8) (actual time=1392.775..1392.775 rows=112 loops=1)
        Buckets: 1024  Batches: 1  Memory Usage: 13kB
        ->  Nested Loop  (cost=0.43..83071.67 rows=246 width=8) (actual time=6.367..1392.634 rows=112 loops=1)
              ->  Seq Scan on movie_keyword mk  (cost=0.00..81003.12 rows=246 width=4) (actual time=6.292..1387.234 rows=112 loops=1)
                    Filter: (keyword_id = 17213)
                    Rows Removed by Filter: 4523818
              ->  Index Only Scan using title_pkey on title t  (cost=0.43..8.40 rows=1 width=4) (actual time=0.043..0.044 rows=1 loops=112)
                    Index Cond: (id = mk.movie_id)
                    Heap Fetches: 112
Planning time: 1.224 ms
Execution time: 2011.997 ms
