Seq Scan on movie_companies mc  (cost=0.00..57926.93 rows=53 width=0) (actual time=262.804..781.616 rows=1 loops=1)
  Filter: ((company_id = 201546) AND (company_type_id = 2))
  Rows Removed by Filter: 2609128
Planning time: 0.400 ms
Execution time: 781.709 ms
