Hash Join  (cost=73982.55..102630.93 rows=1647 width=0) (actual time=1227.002..1907.869 rows=1824 loops=1)
  Hash Cond: (mi_idx.movie_id = t.id)
  ->  Seq Scan on movie_info_idx mi_idx  (cost=0.00..25185.44 rows=919057 width=4) (actual time=0.026..532.317 rows=920110 loops=1)
        Filter: (info_type_id > 99)
        Rows Removed by Filter: 459925
  ->  Hash  (cost=73925.90..73925.90 rows=4532 width=4) (actual time=1213.126..1213.126 rows=8406 loops=1)
        Buckets: 16384 (originally 8192)  Batches: 1 (originally 1)  Memory Usage: 424kB
        ->  Seq Scan on title t  (cost=0.00..73925.90 rows=4532 width=4) (actual time=0.106..1208.974 rows=8406 loops=1)
              Filter: ((kind_id = 7) AND (production_year = 1973))
              Rows Removed by Filter: 2519906
Planning time: 0.758 ms
Execution time: 1908.345 ms
