Hash Join  (cost=128102.74..254967.26 rows=399048 width=0) (actual time=2769.974..6124.491 rows=324062 loops=1)
  Hash Cond: (mk.movie_id = t.id)
  ->  Seq Scan on movie_keyword mk  (cost=0.00..69693.30 rows=4523930 width=4) (actual time=0.011..1526.916 rows=4523930 loops=1)
  ->  Hash  (cost=124442.78..124442.78 rows=223037 width=8) (actual time=2611.020..2611.020 rows=103758 loops=1)
        Buckets: 131072  Batches: 4  Memory Usage: 2033kB
        ->  Hash Join  (cost=84037.34..124442.78 rows=223037 width=8) (actual time=1562.983..2575.936 rows=103758 loops=1)
              Hash Cond: (mi_idx.movie_id = t.id)
              ->  Seq Scan on movie_info_idx mi_idx  (cost=0.00..25185.44 rows=915101 width=4) (actual time=0.017..466.913 rows=919850 loops=1)
                    Filter: (info_type_id < 101)
                    Rows Removed by Filter: 460185
              ->  Hash  (cost=73925.90..73925.90 rows=616275 width=4) (actual time=1562.095..1562.095 rows=676927 loops=1)
                    Buckets: 131072  Batches: 16  Memory Usage: 2516kB
                    ->  Seq Scan on title t  (cost=0.00..73925.90 rows=616275 width=4) (actual time=0.016..1347.721 rows=676927 loops=1)
                          Filter: ((production_year > 2005) AND (kind_id = 7))
                          Rows Removed by Filter: 1851385
Planning time: 0.688 ms
Execution time: 6162.499 ms
