Hash Join  (cost=219197.63..1233104.27 rows=6966695 width=0) (actual time=13417.193..25711.716 rows=4324888 loops=1)
  Hash Cond: (ci.movie_id = t.id)
  ->  Seq Scan on cast_info ci  (cost=0.00..796071.18 rows=11079502 width=4) (actual time=8698.096..15751.910 rows=9361090 loops=1)
        Filter: ((person_id > 442947) AND (role_id = 1))
        Rows Removed by Filter: 26883254
  ->  Hash  (cost=193112.68..193112.68 rows=1589916 width=8) (actual time=4716.122..4716.122 rows=717308 loops=1)
        Buckets: 131072  Batches: 32  Memory Usage: 1871kB
        ->  Hash Join  (cost=92883.59..193112.68 rows=1589916 width=8) (actual time=2284.318..4470.684 rows=717308 loops=1)
              Hash Cond: (mc.movie_id = t.id)
              ->  Seq Scan on movie_companies mc  (cost=0.00..44881.29 rows=2609129 width=4) (actual time=0.017..867.796 rows=2609129 loops=1)
              ->  Hash  (cost=67604.59..67604.59 rows=1540800 width=4) (actual time=1708.394..1708.394 rows=1543264 loops=1)
                    Buckets: 131072  Batches: 32  Memory Usage: 2722kB
                    ->  Seq Scan on title t  (cost=0.00..67604.59 rows=1540800 width=4) (actual time=0.023..1193.764 rows=1543264 loops=1)
                          Filter: (kind_id = 7)
                          Rows Removed by Filter: 985048
Planning time: 1.207 ms
Execution time: 26162.966 ms
