Seq Scan on title t  (cost=0.00..73925.90 rows=487605 width=0) (actual time=0.033..1165.143 rows=501779 loops=1)
  Filter: ((kind_id > 1) AND (production_year > 2008))
  Rows Removed by Filter: 2026533
Planning time: 0.323 ms
Execution time: 1232.244 ms
