Seq Scan on cast_info ci  (cost=0.00..705507.15 rows=5383454 width=0) (actual time=7163.015..11516.951 rows=5458019 loops=1)
  Filter: (person_id > 3109827)
  Rows Removed by Filter: 30786325
Planning time: 0.336 ms
Execution time: 12210.038 ms
