Hash Join  (cost=424336.95..1249324.68 rows=114964 width=0) (actual time=6234.084..28913.542 rows=2017039 loops=1)
  Hash Cond: (ci.movie_id = t.id)
  ->  Seq Scan on cast_info ci  (cost=0.00..705507.15 rows=31554923 width=4) (actual time=0.027..15501.918 rows=31605208 loops=1)
        Filter: (role_id < 10)
        Rows Removed by Filter: 4639136
  ->  Hash  (cost=424221.80..424221.80 rows=9212 width=8) (actual time=6233.726..6233.726 rows=36170 loops=1)
        Buckets: 65536 (originally 16384)  Batches: 1 (originally 1)  Memory Usage: 1925kB
        ->  Hash Join  (cost=74223.04..424221.80 rows=9212 width=8) (actual time=2681.435..6219.692 rows=36170 loops=1)
              Hash Cond: (mi.movie_id = t.id)
              ->  Seq Scan on movie_info mi  (cost=0.00..346232.03 rows=979897 width=4) (actual time=1403.311..4817.719 rows=1033261 loops=1)
                    Filter: (info_type_id > 81)
                    Rows Removed by Filter: 13802459
              ->  Hash  (cost=73925.90..73925.90 rows=23771 width=4) (actual time=1185.797..1185.797 rows=20633 loops=1)
                    Buckets: 32768  Batches: 1  Memory Usage: 982kB
                    ->  Seq Scan on title t  (cost=0.00..73925.90 rows=23771 width=4) (actual time=0.537..1176.655 rows=20633 loops=1)
                          Filter: ((kind_id < 7) AND (production_year = 2002))
                          Rows Removed by Filter: 2507679
Planning time: 1.251 ms
Execution time: 29169.710 ms
