Hash Join  (cost=83073.01..109983.54 rows=5 width=0) (actual time=1331.365..1688.959 rows=12 loops=1)
  Hash Cond: (mi_idx.movie_id = t.id)
  ->  Seq Scan on movie_info_idx mi_idx  (cost=0.00..21735.35 rows=1380035 width=4) (actual time=0.030..226.076 rows=1380035 loops=1)
  ->  Hash  (cost=83072.90..83072.90 rows=9 width=8) (actual time=1260.412..1260.412 rows=5 loops=1)
        Buckets: 1024  Batches: 1  Memory Usage: 9kB
        ->  Nested Loop  (cost=0.43..83072.90 rows=9 width=8) (actual time=307.613..1260.400 rows=5 loops=1)
              ->  Seq Scan on movie_keyword mk  (cost=0.00..81003.12 rows=246 width=4) (actual time=6.238..1252.938 rows=155 loops=1)
                    Filter: (keyword_id = 2883)
                    Rows Removed by Filter: 4523775
              ->  Index Scan using title_pkey on title t  (cost=0.43..8.40 rows=1 width=4) (actual time=0.045..0.045 rows=0 loops=155)
                    Index Cond: (id = mk.movie_id)
                    Filter: ((production_year < 2011) AND (kind_id = 4))
                    Rows Removed by Filter: 1
Planning time: 1.167 ms
Execution time: 1689.090 ms
