Seq Scan on movie_keyword mk  (cost=0.00..81003.12 rows=4494629 width=0) (actual time=0.022..1563.514 rows=4497668 loops=1)
  Filter: (keyword_id > 18)
  Rows Removed by Filter: 26262
Planning time: 0.278 ms
Execution time: 2127.870 ms
