Seq Scan on movie_companies mc  (cost=0.00..51404.11 rows=644947 width=0) (actual time=213.596..823.978 rows=650201 loops=1)
  Filter: (company_id > 54743)
  Rows Removed by Filter: 1958928
Planning time: 0.381 ms
Execution time: 904.080 ms
