Hash Join  (cost=315736.22..1015975.53 rows=17205556 width=0) (actual time=6578.871..25193.801 rows=21769178 loops=1)
  Hash Cond: (mi.movie_id = t.id)
  ->  Seq Scan on movie_info mi  (cost=0.00..309384.22 rows=14739122 width=4) (actual time=0.025..6115.007 rows=14835720 loops=1)
  ->  Hash  (cost=267310.61..267310.61 rows=2951649 width=8) (actual time=6571.947..6571.947 rows=1485415 loops=1)
        Buckets: 131072  Batches: 64  Memory Usage: 1939kB
        ->  Hash Join  (cost=98137.04..267310.61 rows=2951649 width=8) (actual time=1914.595..6167.245 rows=1485415 loops=1)
              Hash Cond: (mk.movie_id = t.id)
              ->  Seq Scan on movie_keyword mk  (cost=0.00..81003.12 rows=4010392 width=4) (actual time=0.022..1890.397 rows=4018423 loops=1)
                    Filter: (keyword_id < 35847)
                    Rows Removed by Filter: 505507
              ->  Hash  (cost=67604.59..67604.59 rows=1860996 width=4) (actual time=1913.430..1913.430 rows=1865487 loops=1)
                    Buckets: 131072  Batches: 32  Memory Usage: 3085kB
                    ->  Seq Scan on title t  (cost=0.00..67604.59 rows=1860996 width=4) (actual time=0.008..1304.290 rows=1865487 loops=1)
                          Filter: (kind_id > 1)
                          Rows Removed by Filter: 662825
Planning time: 3.685 ms
Execution time: 27708.705 ms
