Hash Join  (cost=163411.24..295142.91 rows=798563 width=0) (actual time=4217.748..8791.581 rows=2981052 loops=1)
  Hash Cond: (mk.movie_id = t.id)
  ->  Seq Scan on movie_keyword mk  (cost=0.00..69693.30 rows=4523930 width=4) (actual time=0.028..1507.931 rows=4523930 loops=1)
  ->  Hash  (cost=156088.06..156088.06 rows=446335 width=8) (actual time=4216.791..4216.791 rows=591337 loops=1)
        Buckets: 131072  Batches: 8  Memory Usage: 3925kB
        ->  Hash Join  (cost=81530.55..156088.06 rows=446335 width=8) (actual time=2127.390..4045.690 rows=591337 loops=1)
              Hash Cond: (mc.movie_id = t.id)
              ->  Seq Scan on movie_companies mc  (cost=0.00..51404.11 rows=1329612 width=4) (actual time=0.028..959.781 rows=1334883 loops=1)
                    Filter: (company_type_id = 2)
                    Rows Removed by Filter: 1274246
              ->  Hash  (cost=67604.59..67604.59 rows=848797 width=4) (actual time=2126.141..2126.141 rows=849141 loops=1)
                    Buckets: 131072  Batches: 16  Memory Usage: 2892kB
                    ->  Seq Scan on title t  (cost=0.00..67604.59 rows=848797 width=4) (actual time=0.024..1354.529 rows=849141 loops=1)
                          Filter: (production_year < 1996)
                          Rows Removed by Filter: 1679171
Planning time: 1.173 ms
Execution time: 9125.908 ms
