Seq Scan on cast_info ci  (cost=0.00..705507.15 rows=500 width=0) (actual time=3669.381..10295.556 rows=77 loops=1)
  Filter: (person_id = 2216565)
  Rows Removed by Filter: 36244267
Planning time: 0.413 ms
Execution time: 10295.640 ms
