Hash Join  (cost=88674.12..227814.51 rows=1284538 width=0) (actual time=1538.136..6118.952 rows=2703360 loops=1)
  Hash Cond: (mk.movie_id = t.id)
  ->  Seq Scan on movie_keyword mk  (cost=0.00..81003.12 rows=3613304 width=4) (actual time=0.010..1693.842 rows=3620028 loops=1)
        Filter: (keyword_id < 20417)
        Rows Removed by Filter: 903902
  ->  Hash  (cost=73925.90..73925.90 rows=898897 width=4) (actual time=1536.660..1536.660 rows=815566 loops=1)
        Buckets: 131072  Batches: 16  Memory Usage: 2827kB
        ->  Seq Scan on title t  (cost=0.00..73925.90 rows=898897 width=4) (actual time=0.021..1270.457 rows=815566 loops=1)
              Filter: ((kind_id < 7) AND (production_year > 1949))
              Rows Removed by Filter: 1712746
Planning time: 2.558 ms
Execution time: 6430.201 ms
