Hash Join  (cost=101478.54..475044.47 rows=20065 width=0) (actual time=2518.831..9142.245 rows=29355 loops=1)
  Hash Cond: (mi.movie_id = t.id)
  ->  Seq Scan on movie_info mi  (cost=0.00..346232.03 rows=7235534 width=4) (actual time=692.209..6037.992 rows=7286865 loops=1)
        Filter: (info_type_id < 8)
        Rows Removed by Filter: 7548855
  ->  Hash  (cost=101390.89..101390.89 rows=7012 width=8) (actual time=1825.527..1825.527 rows=7314 loops=1)
        Buckets: 8192  Batches: 1  Memory Usage: 350kB
        ->  Hash Join  (cost=74406.67..101390.89 rows=7012 width=8) (actual time=1205.134..1822.163 rows=7314 loops=1)
              Hash Cond: (mi_idx.movie_id = t.id)
              ->  Seq Scan on movie_info_idx mi_idx  (cost=0.00..25185.44 rows=460978 width=4) (actual time=0.028..472.736 rows=459925 loops=1)
                    Filter: (info_type_id = 99)
                    Rows Removed by Filter: 920110
              ->  Hash  (cost=73925.90..73925.90 rows=38461 width=4) (actual time=1204.550..1204.550 rows=44913 loops=1)
                    Buckets: 65536  Batches: 1  Memory Usage: 2091kB
                    ->  Seq Scan on title t  (cost=0.00..73925.90 rows=38461 width=4) (actual time=0.066..1186.117 rows=44913 loops=1)
                          Filter: ((kind_id > 1) AND (production_year = 2000))
                          Rows Removed by Filter: 2483399
Planning time: 1.200 ms
Execution time: 9147.718 ms
