Hash Join  (cost=133965.90..499070.14 rows=44832 width=0) (actual time=1462.918..9298.696 rows=111835 loops=1)
  Hash Cond: (mi.movie_id = t.id)
  ->  Seq Scan on movie_info mi  (cost=0.00..309384.22 rows=14739122 width=4) (actual time=0.012..4513.202 rows=14835720 loops=1)
  ->  Hash  (cost=133869.76..133869.76 rows=7691 width=8) (actual time=1462.496..1462.496 rows=7640 loops=1)
        Buckets: 8192  Batches: 1  Memory Usage: 363kB
        ->  Nested Loop  (cost=0.43..133869.76 rows=7691 width=8) (actual time=0.271..1458.019 rows=7640 loops=1)
              ->  Seq Scan on movie_keyword mk  (cost=0.00..81003.12 rows=7691 width=4) (actual time=0.194..1270.426 rows=7640 loops=1)
                    Filter: (keyword_id = 3660)
                    Rows Removed by Filter: 4516290
              ->  Index Only Scan using title_pkey on title t  (cost=0.43..6.86 rows=1 width=4) (actual time=0.023..0.024 rows=1 loops=7640)
                    Index Cond: (id = mk.movie_id)
                    Heap Fetches: 7640
Planning time: 1.222 ms
Execution time: 9316.075 ms
