Hash Join  (cost=74050.79..140220.26 rows=79439 width=0) (actual time=1585.795..2352.746 rows=21941 loops=1)
  Hash Cond: (mc.movie_id = t.id)
  ->  Seq Scan on movie_companies mc  (cost=0.00..57926.93 rows=511239 width=4) (actual time=345.505..950.586 rows=216119 loops=1)
        Filter: ((company_id > 14920) AND (company_type_id = 1))
        Rows Removed by Filter: 2393010
  ->  Hash  (cost=67604.59..67604.59 rows=392896 width=4) (actual time=1239.219..1239.219 rows=391666 loops=1)
        Buckets: 131072  Batches: 8  Memory Usage: 2753kB
        ->  Seq Scan on title t  (cost=0.00..67604.59 rows=392896 width=4) (actual time=0.033..1107.628 rows=391666 loops=1)
              Filter: (production_year > 2010)
              Rows Removed by Filter: 2136646
Planning time: 2.444 ms
Execution time: 2355.720 ms
