Seq Scan on cast_info ci  (cost=0.00..705507.15 rows=28833170 width=0) (actual time=0.016..12896.543 rows=28796100 loops=1)
  Filter: (person_id < 2926492)
  Rows Removed by Filter: 7448244
Planning time: 0.275 ms
Execution time: 16424.634 ms
