Hash Join  (cost=74291.13..161471.93 rows=52276 width=0) (actual time=1175.314..3122.591 rows=33422 loops=1)
  Hash Cond: (mk.movie_id = t.id)
  ->  Seq Scan on movie_keyword mk  (cost=0.00..69693.30 rows=4523930 width=4) (actual time=0.012..1064.581 rows=4523930 loops=1)
  ->  Hash  (cost=73925.90..73925.90 rows=29218 width=4) (actual time=1172.732..1172.732 rows=30850 loops=1)
        Buckets: 32768  Batches: 1  Memory Usage: 1341kB
        ->  Seq Scan on title t  (cost=0.00..73925.90 rows=29218 width=4) (actual time=0.046..1159.771 rows=30850 loops=1)
              Filter: ((kind_id > 1) AND (production_year = 1995))
              Rows Removed by Filter: 2497462
Planning time: 0.807 ms
Execution time: 3127.254 ms
