Seq Scan on title t  (cost=0.00..73925.90 rows=2905 width=0) (actual time=0.922..1075.496 rows=6173 loops=1)
  Filter: ((kind_id < 7) AND (production_year = 1971))
  Rows Removed by Filter: 2522139
Planning time: 0.383 ms
Execution time: 1076.953 ms
