Hash Join  (cost=310660.87..1016499.06 rows=15620860 width=0) (actual time=6817.719..47780.012 rows=121134429 loops=1)
  Hash Cond: (mi.movie_id = t.id)
  ->  Seq Scan on movie_info mi  (cost=0.00..346232.03 rows=13660571 width=4) (actual time=0.017..7819.367 rows=13694485 loops=1)
        Filter: (info_type_id < 57)
        Rows Removed by Filter: 1141235
  ->  Hash  (cost=263223.74..263223.74 rows=2891370 width=8) (actual time=6816.124..6816.124 rows=2883031 loops=1)
        Buckets: 131072  Batches: 64  Memory Usage: 2889kB
        ->  Hash Join  (cost=102767.86..263223.74 rows=2891370 width=8) (actual time=1987.774..6065.986 rows=2883031 loops=1)
              Hash Cond: (mk.movie_id = t.id)
              ->  Seq Scan on movie_keyword mk  (cost=0.00..81003.12 rows=2891370 width=4) (actual time=0.014..1692.752 rows=2883031 loops=1)
                    Filter: (keyword_id > 2488)
                    Rows Removed by Filter: 1640899
              ->  Hash  (cost=61283.27..61283.27 rows=2528527 width=4) (actual time=1984.275..1984.275 rows=2528312 loops=1)
                    Buckets: 131072  Batches: 64  Memory Usage: 2425kB
                    ->  Seq Scan on title t  (cost=0.00..61283.27 rows=2528527 width=4) (actual time=0.010..1106.587 rows=2528312 loops=1)
Planning time: 1.127 ms
Execution time: 60497.318 ms
