Hash Join  (cost=74730.49..834741.37 rows=922171 width=0) (actual time=1220.806..21593.688 rows=813766 loops=1)
  Hash Cond: (ci.movie_id = t.id)
  ->  Seq Scan on cast_info ci  (cost=0.00..614943.12 rows=36225612 width=4) (actual time=0.022..8942.874 rows=36244344 loops=1)
  ->  Hash  (cost=73925.90..73925.90 rows=64367 width=4) (actual time=1220.426..1220.426 rows=53905 loops=1)
        Buckets: 65536  Batches: 1  Memory Usage: 2408kB
        ->  Seq Scan on title t  (cost=0.00..73925.90 rows=64367 width=4) (actual time=0.024..1199.150 rows=53905 loops=1)
              Filter: ((kind_id < 7) AND (production_year = 2012))
              Rows Removed by Filter: 2474407
Planning time: 0.775 ms
Execution time: 21713.100 ms
