Hash Join  (cost=82423.69..124988.56 rows=326881 width=0) (actual time=1946.694..3145.293 rows=246088 loops=1)
  Hash Cond: (mi_idx.movie_id = t.id)
  ->  Seq Scan on movie_info_idx mi_idx  (cost=0.00..25185.44 rows=915101 width=4) (actual time=0.011..542.727 rows=919850 loops=1)
        Filter: (info_type_id < 101)
        Rows Removed by Filter: 460185
  ->  Hash  (cost=67604.59..67604.59 rows=903208 width=4) (actual time=1945.610..1945.610 rows=904491 loops=1)
        Buckets: 131072  Batches: 16  Memory Usage: 3010kB
        ->  Seq Scan on title t  (cost=0.00..67604.59 rows=903208 width=4) (actual time=0.027..1366.531 rows=904491 loops=1)
              Filter: (production_year > 2006)
              Rows Removed by Filter: 1623821
Planning time: 2.698 ms
Execution time: 3176.315 ms
