Hash Join  (cost=73980.43..438890.63 rows=25427 width=0) (actual time=1003.956..7323.009 rows=34879 loops=1)
  Hash Cond: (mi.movie_id = t.id)
  ->  Seq Scan on movie_info mi  (cost=0.00..309384.22 rows=14739122 width=4) (actual time=0.023..3698.937 rows=14835720 loops=1)
  ->  Hash  (cost=73925.90..73925.90 rows=4362 width=4) (actual time=1003.504..1003.504 rows=3986 loops=1)
        Buckets: 8192  Batches: 1  Memory Usage: 205kB
        ->  Seq Scan on title t  (cost=0.00..73925.90 rows=4362 width=4) (actual time=0.031..1001.504 rows=3986 loops=1)
              Filter: ((kind_id = 3) AND (production_year = 2006))
              Rows Removed by Filter: 2524326
Planning time: 0.711 ms
Execution time: 7329.437 ms
