Hash Join  (cost=86678.77..225624.36 rows=1390656 width=0) (actual time=1575.378..4996.524 rows=371629 loops=1)
  Hash Cond: (mk.movie_id = t.id)
  ->  Seq Scan on movie_keyword mk  (cost=0.00..69693.30 rows=4523930 width=4) (actual time=0.023..1406.461 rows=4523930 loops=1)
  ->  Hash  (cost=73925.90..73925.90 rows=777269 width=4) (actual time=1571.136..1571.136 rows=690703 loops=1)
        Buckets: 131072  Batches: 16  Memory Usage: 2547kB
        ->  Seq Scan on title t  (cost=0.00..73925.90 rows=777269 width=4) (actual time=0.015..1171.099 rows=690703 loops=1)
              Filter: ((kind_id > 4) AND (production_year < 2004))
              Rows Removed by Filter: 1837609
Planning time: 0.726 ms
Execution time: 5041.268 ms
