Seq Scan on title t  (cost=0.00..67604.59 rows=778687 width=0) (actual time=0.022..880.524 rows=782677 loops=1)
  Filter: (production_year < 1994)
  Rows Removed by Filter: 1745635
Planning time: 0.368 ms
Execution time: 983.364 ms
