Seq Scan on movie_companies mc  (cost=0.00..57926.93 rows=636483 width=0) (actual time=134.860..979.083 rows=895985 loops=1)
  Filter: ((company_id > 11538) AND (company_type_id = 2))
  Rows Removed by Filter: 1713144
Planning time: 0.376 ms
Execution time: 1095.005 ms
