Hash Join  (cost=716506.52..2778165.06 rows=78017330 width=0) (actual time=21559.043..143925.606 rows=363546198 loops=1)
  Hash Cond: (ci.movie_id = t.id)
  ->  Seq Scan on cast_info ci  (cost=0.00..614943.12 rows=36225612 width=4) (actual time=0.014..14134.000 rows=36244344 loops=1)
  ->  Hash  (cost=627164.96..627164.96 rows=5445565 width=8) (actual time=21557.133..21557.133 rows=10610762 loops=1)
        Buckets: 131072 (originally 131072)  Batches: 256 (originally 128)  Memory Usage: 3073kB
        ->  Hash Join  (cost=89253.38..627164.96 rows=5445565 width=8) (actual time=1528.941..18577.012 rows=10610762 loops=1)
              Hash Cond: (mi.movie_id = t.id)
              ->  Seq Scan on movie_info mi  (cost=0.00..309384.22 rows=14739122 width=4) (actual time=0.007..6406.089 rows=14835720 loops=1)
              ->  Hash  (cost=73925.90..73925.90 rows=934198 width=4) (actual time=1528.084..1528.084 rows=950693 loops=1)
                    Buckets: 131072  Batches: 16  Memory Usage: 3123kB
                    ->  Seq Scan on title t  (cost=0.00..73925.90 rows=934198 width=4) (actual time=0.016..1208.560 rows=950693 loops=1)
                          Filter: ((kind_id < 7) AND (production_year < 2013))
                          Rows Removed by Filter: 1577619
Planning time: 5.742 ms
Execution time: 182546.455 ms
