Seq Scan on movie_info mi  (cost=0.00..346232.03 rows=1107781 width=0) (actual time=307.227..3602.130 rows=1159902 loops=1)
  Filter: (info_type_id > 47)
  Rows Removed by Filter: 13675818
Planning time: 0.379 ms
Execution time: 3754.001 ms
