Hash Join  (cost=264123.86..1707145.72 rows=35427668 width=0) (actual time=6541.508..60959.147 rows=76744736 loops=1)
  Hash Cond: (ci.movie_id = t.id)
  ->  Seq Scan on cast_info ci  (cost=0.00..614943.12 rows=36225612 width=4) (actual time=0.025..13719.264 rows=36244344 loops=1)
  ->  Hash  (cost=223553.47..223553.47 rows=2472831 width=8) (actual time=6539.239..6539.239 rows=2473778 loops=1)
        Buckets: 131072  Batches: 64  Memory Usage: 2525kB
        ->  Hash Join  (cost=102767.86..223553.47 rows=2472831 width=8) (actual time=1989.073..5817.657 rows=2473778 loops=1)
              Hash Cond: (mc.movie_id = t.id)
              ->  Seq Scan on movie_companies mc  (cost=0.00..51404.11 rows=2472831 width=4) (actual time=0.025..1223.018 rows=2473778 loops=1)
                    Filter: (company_id < 138585)
                    Rows Removed by Filter: 135351
              ->  Hash  (cost=61283.27..61283.27 rows=2528527 width=4) (actual time=1987.725..1987.725 rows=2528312 loops=1)
                    Buckets: 131072  Batches: 64  Memory Usage: 2415kB
                    ->  Seq Scan on title t  (cost=0.00..61283.27 rows=2528527 width=4) (actual time=0.006..1101.599 rows=2528312 loops=1)
Planning time: 1.125 ms
Execution time: 70116.886 ms
