Seq Scan on movie_companies mc  (cost=0.00..51404.11 rows=1587208 width=0) (actual time=0.025..1023.592 rows=1586812 loops=1)
  Filter: (company_id > 5427)
  Rows Removed by Filter: 1022317
Planning time: 0.334 ms
Execution time: 1222.102 ms
