Hash Join  (cost=130345.65..228733.85 rows=88207 width=0) (actual time=2347.677..4514.373 rows=31337 loops=1)
  Hash Cond: (mk.movie_id = t.id)
  ->  Seq Scan on movie_keyword mk  (cost=0.00..81003.12 rows=4400800 width=4) (actual time=0.025..1524.848 rows=4403772 loops=1)
        Filter: (keyword_id < 78033)
        Rows Removed by Filter: 120158
  ->  Hash  (cost=129712.15..129712.15 rows=50680 width=8) (actual time=2329.839..2329.839 rows=22540 loops=1)
        Buckets: 65536  Batches: 1  Memory Usage: 1393kB
        ->  Hash Join  (cost=74539.83..129712.15 rows=50680 width=8) (actual time=1225.915..2321.494 rows=22540 loops=1)
              Hash Cond: (mc.movie_id = t.id)
              ->  Seq Scan on movie_companies mc  (cost=0.00..44881.29 rows=2609129 width=4) (actual time=0.013..549.002 rows=2609129 loops=1)
              ->  Hash  (cost=73925.90..73925.90 rows=49114 width=4) (actual time=1225.331..1225.331 rows=45321 loops=1)
                    Buckets: 65536  Batches: 1  Memory Usage: 2106kB
                    ->  Seq Scan on title t  (cost=0.00..73925.90 rows=49114 width=4) (actual time=0.113..1206.029 rows=45321 loops=1)
                          Filter: ((kind_id > 1) AND (production_year > 2012))
                          Rows Removed by Filter: 2482991
Planning time: 1.206 ms
Execution time: 4518.676 ms
