Seq Scan on cast_info ci  (cost=0.00..796071.18 rows=16888807 width=0) (actual time=0.009..15556.223 rows=15625856 loops=1)
  Filter: ((person_id > 1652585) AND (role_id < 10))
  Rows Removed by Filter: 20618488
Planning time: 0.368 ms
Execution time: 17499.778 ms
