Hash Join  (cost=128753.29..215494.99 rows=8366 width=0) (actual time=3603.656..4391.610 rows=11727 loops=1)
  Hash Cond: (mk.movie_id = t.id)
  ->  Seq Scan on movie_keyword mk  (cost=0.00..69693.30 rows=4523930 width=4) (actual time=0.024..965.338 rows=4523930 loops=1)
  ->  Hash  (cost=128694.84..128694.84 rows=4676 width=8) (actual time=2618.057..2618.057 rows=6594 loops=1)
        Buckets: 8192  Batches: 1  Memory Usage: 322kB
        ->  Hash Join  (cost=73982.55..128694.84 rows=4676 width=8) (actual time=1569.244..2615.347 rows=6594 loops=1)
              Hash Cond: (mc.movie_id = t.id)
              ->  Seq Scan on movie_companies mc  (cost=0.00..44881.29 rows=2609129 width=4) (actual time=0.021..738.201 rows=2609129 loops=1)
              ->  Hash  (cost=73925.90..73925.90 rows=4532 width=4) (actual time=1318.333..1318.333 rows=7945 loops=1)
                    Buckets: 8192  Batches: 1  Memory Usage: 344kB
                    ->  Seq Scan on title t  (cost=0.00..73925.90 rows=4532 width=4) (actual time=0.381..1314.483 rows=7945 loops=1)
                          Filter: ((kind_id = 7) AND (production_year = 1977))
                          Rows Removed by Filter: 2520367
Planning time: 1.145 ms
Execution time: 4393.191 ms
