Hash Join  (cost=67657.26..819050.16 rows=60373 width=0) (actual time=1137.171..15659.497 rows=820 loops=1)
  Hash Cond: (ci.movie_id = t.id)
  ->  Seq Scan on cast_info ci  (cost=0.00..614943.12 rows=36225612 width=4) (actual time=0.021..7894.019 rows=36244344 loops=1)
  ->  Hash  (cost=67604.59..67604.59 rows=4214 width=4) (actual time=987.303..987.303 rows=245 loops=1)
        Buckets: 8192  Batches: 1  Memory Usage: 73kB
        ->  Seq Scan on title t  (cost=0.00..67604.59 rows=4214 width=4) (actual time=0.376..987.047 rows=245 loops=1)
              Filter: (production_year < 1896)
              Rows Removed by Filter: 2528067
Planning time: 1.153 ms
Execution time: 15659.863 ms
