Hash Join  (cost=73928.08..100839.51 rows=95 width=0) (actual time=1208.632..1714.131 rows=3 loops=1)
  Hash Cond: (mi_idx.movie_id = t.id)
  ->  Seq Scan on movie_info_idx mi_idx  (cost=0.00..21735.35 rows=1380035 width=4) (actual time=0.028..279.330 rows=1380035 loops=1)
  ->  Hash  (cost=73925.90..73925.90 rows=174 width=4) (actual time=1156.047..1156.047 rows=3217 loops=1)
        Buckets: 4096 (originally 1024)  Batches: 1 (originally 1)  Memory Usage: 146kB
        ->  Seq Scan on title t  (cost=0.00..73925.90 rows=174 width=4) (actual time=318.038..1154.462 rows=3217 loops=1)
              Filter: ((production_year > 2013) AND (kind_id = 1))
              Rows Removed by Filter: 2525095
Planning time: 0.798 ms
Execution time: 1714.204 ms
