Seq Scan on cast_info ci  (cost=0.00..705507.15 rows=22220796 width=0) (actual time=0.012..12830.697 rows=22262090 loops=1)
  Filter: (person_id > 1377616)
  Rows Removed by Filter: 13982254
Planning time: 0.355 ms
Execution time: 15562.499 ms
