Seq Scan on movie_keyword mk  (cost=0.00..81003.12 rows=2951170 width=0) (actual time=0.021..1590.082 rows=2941811 loops=1)
  Filter: (keyword_id > 2402)
  Rows Removed by Filter: 1582119
Planning time: 0.322 ms
Execution time: 1964.801 ms
