Hash Join  (cost=58375.85..85286.62 rows=29 width=0) (actual time=410.098..597.686 rows=3 loops=1)
  Hash Cond: (mi_idx.movie_id = t.id)
  ->  Seq Scan on movie_info_idx mi_idx  (cost=0.00..21735.35 rows=1380035 width=4) (actual time=0.018..115.877 rows=1380035 loops=1)
  ->  Hash  (cost=58375.18..58375.18 rows=53 width=8) (actual time=365.215..365.215 rows=4 loops=1)
        Buckets: 1024  Batches: 1  Memory Usage: 9kB
        ->  Nested Loop  (cost=0.43..58375.18 rows=53 width=8) (actual time=89.534..365.207 rows=4 loops=1)
              ->  Seq Scan on movie_companies mc  (cost=0.00..57926.93 rows=53 width=4) (actual time=89.448..365.006 rows=4 loops=1)
                    Filter: ((company_id = 24092) AND (company_type_id = 2))
                    Rows Removed by Filter: 2609125
              ->  Index Only Scan using title_pkey on title t  (cost=0.43..8.45 rows=1 width=4) (actual time=0.044..0.045 rows=1 loops=4)
                    Index Cond: (id = mc.movie_id)
                    Heap Fetches: 4
Planning time: 1.115 ms
Execution time: 597.769 ms
