Seq Scan on cast_info ci  (cost=0.00..705507.15 rows=500 width=0) (actual time=1804.317..11776.732 rows=535 loops=1)
  Filter: (person_id = 2804744)
  Rows Removed by Filter: 36243809
Planning time: 0.394 ms
Execution time: 11776.934 ms
