Seq Scan on movie_companies mc  (cost=0.00..51404.11 rows=2386621 width=0) (actual time=0.006..1058.090 rows=2385095 loops=1)
  Filter: (company_id < 106929)
  Rows Removed by Filter: 224034
Planning time: 0.239 ms
Execution time: 1349.957 ms
