Hash Join  (cost=88295.76..197620.33 rows=704990 width=0) (actual time=1753.340..4152.683 rows=537552 loops=1)
  Hash Cond: (mk.movie_id = t.id)
  ->  Seq Scan on movie_keyword mk  (cost=0.00..81003.12 rows=1413479 width=4) (actual time=0.016..1435.686 rows=1430031 loops=1)
        Filter: (keyword_id < 1969)
        Rows Removed by Filter: 3093899
  ->  Hash  (cost=67604.59..67604.59 rows=1261134 width=4) (actual time=1752.147..1752.147 rows=1260295 loops=1)
        Buckets: 131072  Batches: 32  Memory Usage: 2421kB
        ->  Seq Scan on title t  (cost=0.00..67604.59 rows=1261134 width=4) (actual time=0.020..1307.161 rows=1260295 loops=1)
              Filter: (production_year > 2002)
              Rows Removed by Filter: 1268017
Planning time: 0.850 ms
Execution time: 4214.258 ms
