Seq Scan on cast_info ci  (cost=0.00..796071.18 rows=3661051 width=0) (actual time=0.013..13605.571 rows=7876813 loops=1)
  Filter: ((person_id > 2619182) AND (role_id > 3))
  Rows Removed by Filter: 28367531
Planning time: 0.586 ms
Execution time: 14592.259 ms
