Hash Join  (cost=67697.55..819552.20 rows=106548 width=0) (actual time=1037.234..17569.658 rows=37822 loops=1)
  Hash Cond: (ci.movie_id = t.id)
  ->  Seq Scan on cast_info ci  (cost=0.00..614943.12 rows=36225612 width=4) (actual time=0.022..9231.006 rows=36244344 loops=1)
  ->  Hash  (cost=67604.59..67604.59 rows=7437 width=4) (actual time=1036.457..1036.457 rows=1965 loops=1)
        Buckets: 8192  Batches: 1  Memory Usage: 134kB
        ->  Seq Scan on title t  (cost=0.00..67604.59 rows=7437 width=4) (actual time=16.045..1035.399 rows=1965 loops=1)
              Filter: (production_year = 1946)
              Rows Removed by Filter: 2526347
Planning time: 0.830 ms
Execution time: 17578.028 ms
