Hash Join  (cost=69283.60..127765.59 rows=22576 width=0) (actual time=1135.491..2301.843 rows=76062 loops=1)
  Hash Cond: (mc.movie_id = t.id)
  ->  Seq Scan on movie_companies mc  (cost=0.00..51404.11 rows=557899 width=4) (actual time=0.964..949.022 rows=552862 loops=1)
        Filter: (company_id < 575)
        Rows Removed by Filter: 2056267
  ->  Hash  (cost=67604.59..67604.59 rows=102321 width=4) (actual time=1133.784..1133.784 rows=100537 loops=1)
        Buckets: 131072  Batches: 2  Memory Usage: 2797kB
        ->  Seq Scan on title t  (cost=0.00..67604.59 rows=102321 width=4) (actual time=0.013..1095.159 rows=100537 loops=1)
              Filter: (kind_id = 3)
              Rows Removed by Filter: 2427775
Planning time: 0.779 ms
Execution time: 2310.160 ms
