Hash Join  (cost=83072.66..110001.66 rows=5 width=0) (actual time=1550.373..1841.654 rows=3 loops=1)
  Hash Cond: (mi_idx.movie_id = t.id)
  ->  Seq Scan on movie_info_idx mi_idx  (cost=0.00..25185.44 rows=464934 width=4) (actual time=0.030..464.259 rows=460185 loops=1)
        Filter: (info_type_id > 100)
        Rows Removed by Filter: 919850
  ->  Hash  (cost=83072.29..83072.29 rows=30 width=8) (actual time=1316.102..1316.102 rows=5 loops=1)
        Buckets: 1024  Batches: 1  Memory Usage: 9kB
        ->  Nested Loop  (cost=0.43..83072.29 rows=30 width=8) (actual time=291.394..1316.086 rows=5 loops=1)
              ->  Seq Scan on movie_keyword mk  (cost=0.00..81003.12 rows=246 width=4) (actual time=43.362..1313.686 rows=18 loops=1)
                    Filter: (keyword_id = 22325)
                    Rows Removed by Filter: 4523912
              ->  Index Scan using title_pkey on title t  (cost=0.43..8.40 rows=1 width=4) (actual time=0.127..0.127 rows=0 loops=18)
                    Index Cond: (id = mk.movie_id)
                    Filter: (production_year < 1965)
                    Rows Removed by Filter: 1
Planning time: 1.152 ms
Execution time: 1841.802 ms
