Hash Join  (cost=73982.55..100917.78 rows=2474 width=0) (actual time=1582.204..1904.974 rows=3276 loops=1)
  Hash Cond: (mi_idx.movie_id = t.id)
  ->  Seq Scan on movie_info_idx mi_idx  (cost=0.00..21735.35 rows=1380035 width=4) (actual time=0.021..331.037 rows=1380035 loops=1)
  ->  Hash  (cost=73925.90..73925.90 rows=4532 width=4) (actual time=1293.465..1293.465 rows=9242 loops=1)
        Buckets: 16384 (originally 8192)  Batches: 1 (originally 1)  Memory Usage: 453kB
        ->  Seq Scan on title t  (cost=0.00..73925.90 rows=4532 width=4) (actual time=0.028..1288.797 rows=9242 loops=1)
              Filter: ((kind_id = 7) AND (production_year = 1984))
              Rows Removed by Filter: 2519070
Planning time: 0.813 ms
Execution time: 1905.610 ms
