Hash Join  (cost=605537.65..1658949.02 rows=11757099 width=0) (actual time=12670.380..38060.254 rows=17329536 loops=1)
  Hash Cond: (ci.movie_id = t.id)
  ->  Seq Scan on cast_info ci  (cost=0.00..796071.18 rows=8203227 width=4) (actual time=0.026..15247.344 rows=8757776 loops=1)
        Filter: ((person_id > 458498) AND (role_id > 4))
        Rows Removed by Filter: 27486568
  ->  Hash  (cost=546081.18..546081.18 rows=3623957 width=8) (actual time=12668.382..12668.382 rows=3624977 loops=1)
        Buckets: 131072  Batches: 64  Memory Usage: 3234kB
        ->  Hash Join  (cost=102767.86..546081.18 rows=3623957 width=8) (actual time=4818.788..11348.039 rows=3624977 loops=1)
              Hash Cond: (mi.movie_id = t.id)
              ->  Seq Scan on movie_info mi  (cost=0.00..346232.03 rows=3623957 width=4) (actual time=2977.363..5819.419 rows=3624977 loops=1)
                    Filter: (info_type_id < 4)
                    Rows Removed by Filter: 11210743
              ->  Hash  (cost=61283.27..61283.27 rows=2528527 width=4) (actual time=1839.966..1839.966 rows=2528312 loops=1)
                    Buckets: 131072  Batches: 64  Memory Usage: 2425kB
                    ->  Seq Scan on title t  (cost=0.00..61283.27 rows=2528527 width=4) (actual time=0.019..974.111 rows=2528312 loops=1)
Planning time: 1.161 ms
Execution time: 40065.005 ms
