Seq Scan on title t  (cost=0.00..73925.90 rows=481259 width=94) (actual time=0.023..934.994 rows=518327 loops=1)
  Filter: ((production_year > 2007) AND (kind_id = 7))
  Rows Removed by Filter: 2009985
Planning time: 0.538 ms
Execution time: 958.125 ms
