Hash Join  (cost=432626.51..1187621.16 rows=420550 width=0) (actual time=7350.501..26174.585 rows=353153 loops=1)
  Hash Cond: (ci.movie_id = t.id)
  ->  Seq Scan on cast_info ci  (cost=0.00..614943.12 rows=36225612 width=4) (actual time=0.011..9069.333 rows=36244344 loops=1)
  ->  Hash  (cost=432259.58..432259.58 rows=29354 width=8) (actual time=7349.929..7349.929 rows=25827 loops=1)
        Buckets: 32768  Batches: 1  Memory Usage: 1265kB
        ->  Hash Join  (cost=74228.29..432259.58 rows=29354 width=8) (actual time=3722.355..7339.550 rows=25827 loops=1)
              Hash Cond: (mi.movie_id = t.id)
              ->  Seq Scan on movie_info mi  (cost=0.00..346232.03 rows=3068194 width=4) (actual time=2580.130..5555.602 rows=3036719 loops=1)
                    Filter: (info_type_id = 16)
                    Rows Removed by Filter: 11799001
              ->  Hash  (cost=73925.90..73925.90 rows=24191 width=4) (actual time=1141.434..1141.434 rows=24602 loops=1)
                    Buckets: 32768  Batches: 1  Memory Usage: 1121kB
                    ->  Seq Scan on title t  (cost=0.00..73925.90 rows=24191 width=4) (actual time=0.029..1130.846 rows=24602 loops=1)
                          Filter: ((kind_id = 7) AND (production_year = 1995))
                          Rows Removed by Filter: 2503710
Planning time: 1.267 ms
Execution time: 26225.843 ms
