Seq Scan on movie_companies mc  (cost=0.00..57926.93 rows=432993 width=0) (actual time=223.620..1043.767 rows=620568 loops=1)
  Filter: ((company_id < 2601) AND (company_type_id = 1))
  Rows Removed by Filter: 1988561
Planning time: 0.557 ms
Execution time: 1121.121 ms
