Hash Join  (cost=52284.66..401553.44 rows=12 width=0) (actual time=2625.075..6329.717 rows=2 loops=1)
  Hash Cond: (mi.movie_id = t.id)
  ->  Seq Scan on movie_info mi  (cost=0.00..346232.03 rows=809768 width=4) (actual time=1560.399..5382.991 rows=802140 loops=1)
        Filter: (info_type_id < 2)
        Rows Removed by Filter: 14033580
  ->  Hash  (cost=52284.21..52284.21 rows=36 width=8) (actual time=836.006..836.006 rows=2 loops=1)
        Buckets: 1024  Batches: 1  Memory Usage: 9kB
        ->  Nested Loop  (cost=0.43..52284.21 rows=36 width=8) (actual time=624.824..835.994 rows=2 loops=1)
              ->  Seq Scan on movie_companies mc  (cost=0.00..51404.11 rows=104 width=4) (actual time=346.237..817.748 rows=217 loops=1)
                    Filter: (company_id = 11347)
                    Rows Removed by Filter: 2608912
              ->  Index Scan using title_pkey on title t  (cost=0.43..8.45 rows=1 width=4) (actual time=0.083..0.083 rows=0 loops=217)
                    Index Cond: (id = mc.movie_id)
                    Filter: ((kind_id > 1) AND (production_year > 2003))
                    Rows Removed by Filter: 1
Planning time: 1.220 ms
Execution time: 6329.866 ms
