Seq Scan on movie_keyword mk  (cost=0.00..81003.12 rows=1836663 width=0) (actual time=0.028..1497.117 rows=1841718 loops=1)
  Filter: (keyword_id > 7547)
  Rows Removed by Filter: 2682212
Planning time: 0.338 ms
Execution time: 1726.084 ms
