Hash Join  (cost=171429.69..662574.31 rows=1062569 width=0) (actual time=3403.821..16146.955 rows=3253423 loops=1)
  Hash Cond: (mi.movie_id = t.id)
  ->  Seq Scan on movie_info mi  (cost=0.00..309384.22 rows=14739122 width=4) (actual time=0.007..5979.657 rows=14835720 loops=1)
  ->  Hash  (cost=168438.12..168438.12 rows=182286 width=8) (actual time=3403.114..3403.114 rows=182418 loops=1)
        Buckets: 131072  Batches: 4  Memory Usage: 2825kB
        ->  Hash Join  (cost=102767.86..168438.12 rows=182286 width=8) (actual time=1882.849..3343.498 rows=182418 loops=1)
              Hash Cond: (mc.movie_id = t.id)
              ->  Seq Scan on movie_companies mc  (cost=0.00..51404.11 rows=182286 width=4) (actual time=0.020..879.639 rows=182418 loops=1)
                    Filter: (company_id < 46)
                    Rows Removed by Filter: 2426711
              ->  Hash  (cost=61283.27..61283.27 rows=2528527 width=4) (actual time=1881.052..1881.052 rows=2528312 loops=1)
                    Buckets: 131072  Batches: 64  Memory Usage: 2415kB
                    ->  Seq Scan on title t  (cost=0.00..61283.27 rows=2528527 width=4) (actual time=0.027..1045.057 rows=2528312 loops=1)
Planning time: 1.052 ms
Execution time: 16512.385 ms
