Nested Loop  (cost=0.43..83072.29 rows=201 width=0) (actual time=5.576..1343.587 rows=101 loops=1)
  ->  Seq Scan on movie_keyword mk  (cost=0.00..81003.12 rows=246 width=4) (actual time=5.532..1340.000 rows=106 loops=1)
        Filter: (keyword_id = 14742)
        Rows Removed by Filter: 4523824
  ->  Index Scan using title_pkey on title t  (cost=0.43..8.40 rows=1 width=4) (actual time=0.029..0.030 rows=1 loops=106)
        Index Cond: (id = mk.movie_id)
        Filter: (production_year < 2011)
        Rows Removed by Filter: 0
Planning time: 0.813 ms
Execution time: 1343.756 ms
