Hash Join  (cost=374077.22..2072373.92 rows=52203035 width=0) (actual time=8919.881..81923.263 rows=173065318 loops=1)
  Hash Cond: (ci.movie_id = t.id)
  ->  Seq Scan on cast_info ci  (cost=0.00..705507.15 rows=29606027 width=4) (actual time=0.015..15827.676 rows=29690634 loops=1)
        Filter: (person_id > 632323)
        Rows Removed by Filter: 6553710
  ->  Hash  (cost=300930.68..300930.68 rows=4458443 width=8) (actual time=8917.925..8917.925 rows=4456385 loops=1)
        Buckets: 131072  Batches: 64  Memory Usage: 3773kB
        ->  Hash Join  (cost=102767.86..300930.68 rows=4458443 width=8) (actual time=1939.465..7606.761 rows=4456385 loops=1)
              Hash Cond: (mk.movie_id = t.id)
              ->  Seq Scan on movie_keyword mk  (cost=0.00..81003.12 rows=4458443 width=4) (actual time=0.024..1856.627 rows=4456385 loops=1)
                    Filter: (keyword_id > 56)
                    Rows Removed by Filter: 67545
              ->  Hash  (cost=61283.27..61283.27 rows=2528527 width=4) (actual time=1937.312..1937.312 rows=2528312 loops=1)
                    Buckets: 131072  Batches: 64  Memory Usage: 2425kB
                    ->  Seq Scan on title t  (cost=0.00..61283.27 rows=2528527 width=4) (actual time=0.024..1063.680 rows=2528312 loops=1)
Planning time: 0.915 ms
Execution time: 101070.162 ms
