Seq Scan on movie_companies mc  (cost=0.00..57926.93 rows=989485 width=0) (actual time=399.598..1074.568 rows=1148146 loops=1)
  Filter: ((company_id > 969) AND (company_type_id = 2))
  Rows Removed by Filter: 1460983
Planning time: 0.371 ms
Execution time: 1209.930 ms
