Hash Join  (cost=74393.18..165838.01 rows=39604 width=0) (actual time=1054.224..2982.073 rows=53016 loops=1)
  Hash Cond: (mk.movie_id = t.id)
  ->  Seq Scan on movie_keyword mk  (cost=0.00..81003.12 rows=2678844 width=4) (actual time=0.013..1486.055 rows=2675197 loops=1)
        Filter: (keyword_id < 7489)
        Rows Removed by Filter: 1848733
  ->  Hash  (cost=73925.90..73925.90 rows=37382 width=4) (actual time=1053.717..1053.717 rows=33190 loops=1)
        Buckets: 65536  Batches: 1  Memory Usage: 1679kB
        ->  Seq Scan on title t  (cost=0.00..73925.90 rows=37382 width=4) (actual time=496.979..1040.884 rows=33190 loops=1)
              Filter: ((kind_id = 1) AND (production_year = 2010))
              Rows Removed by Filter: 2495122
Planning time: 0.791 ms
Execution time: 2988.939 ms
