Seq Scan on movie_keyword mk  (cost=0.00..81003.12 rows=369600 width=0) (actual time=0.016..1363.580 rows=368367 loops=1)
  Filter: (keyword_id > 45802)
  Rows Removed by Filter: 4155563
Planning time: 0.361 ms
Execution time: 1415.656 ms
