Hash Join  (cost=198183.05..675229.83 rows=851121 width=0) (actual time=4582.898..15434.886 rows=4922592 loops=1)
  Hash Cond: (mi.movie_id = t.id)
  ->  Seq Scan on movie_info mi  (cost=0.00..346232.03 rows=9476311 width=4) (actual time=827.929..6729.489 rows=9565151 loops=1)
        Filter: (info_type_id < 16)
        Rows Removed by Filter: 5270569
  ->  Hash  (cost=194456.28..194456.28 rows=227101 width=8) (actual time=3754.004..3754.004 rows=202128 loops=1)
        Buckets: 131072  Batches: 4  Memory Usage: 2989kB
        ->  Hash Join  (cost=69687.24..194456.28 rows=227101 width=8) (actual time=821.676..3684.076 rows=202128 loops=1)
              Hash Cond: (mk.movie_id = t.id)
              ->  Seq Scan on movie_keyword mk  (cost=0.00..69693.30 rows=4523930 width=4) (actual time=0.015..1411.950 rows=4523930 loops=1)
              ->  Hash  (cost=67604.59..67604.59 rows=126932 width=4) (actual time=820.744..820.744 rows=122861 loops=1)
                    Buckets: 131072  Batches: 2  Memory Usage: 3197kB
                    ->  Seq Scan on title t  (cost=0.00..67604.59 rows=126932 width=4) (actual time=0.032..771.979 rows=122861 loops=1)
                          Filter: (production_year = 2008)
                          Rows Removed by Filter: 2405451
Planning time: 1.146 ms
Execution time: 16025.751 ms
