Hash Join  (cost=69179.59..528954.63 rows=359785 width=0) (actual time=1108.638..11303.631 rows=303224 loops=1)
  Hash Cond: (mi.movie_id = t.id)
  ->  Seq Scan on movie_info mi  (cost=0.00..346232.03 rows=9476311 width=4) (actual time=0.013..6647.617 rows=9565151 loops=1)
        Filter: (info_type_id < 16)
        Rows Removed by Filter: 5270569
  ->  Hash  (cost=67604.59..67604.59 rows=96000 width=4) (actual time=1107.935..1107.935 rows=95005 loops=1)
        Buckets: 131072  Batches: 2  Memory Usage: 2722kB
        ->  Seq Scan on title t  (cost=0.00..67604.59 rows=96000 width=4) (actual time=0.014..1069.686 rows=95005 loops=1)
              Filter: (production_year = 2005)
              Rows Removed by Filter: 2433307
Planning time: 0.807 ms
Execution time: 11347.156 ms
