Hash Join  (cost=102767.86..203231.03 rows=1628250 width=0) (actual time=2034.506..4767.040 rows=1627366 loops=1)
  Hash Cond: (mc.movie_id = t.id)
  ->  Seq Scan on movie_companies mc  (cost=0.00..51404.11 rows=1628250 width=4) (actual time=0.019..1061.195 rows=1627366 loops=1)
        Filter: (company_id > 4419)
        Rows Removed by Filter: 981763
  ->  Hash  (cost=61283.27..61283.27 rows=2528527 width=4) (actual time=2033.632..2033.632 rows=2528312 loops=1)
        Buckets: 131072  Batches: 64  Memory Usage: 2415kB
        ->  Seq Scan on title t  (cost=0.00..61283.27 rows=2528527 width=4) (actual time=0.015..1200.744 rows=2528312 loops=1)
Planning time: 0.526 ms
Execution time: 4962.115 ms
