Seq Scan on movie_companies mc  (cost=0.00..57926.93 rows=320756 width=0) (actual time=0.008..785.976 rows=463432 loops=1)
  Filter: ((company_id < 865) AND (company_type_id < 2))
  Rows Removed by Filter: 2145697
Planning time: 0.334 ms
Execution time: 841.589 ms
