Hash Join  (cost=440734.72..1241865.73 rows=13900 width=0) (actual time=16335.349..20392.543 rows=65379 loops=1)
  Hash Cond: (ci.movie_id = t.id)
  ->  Seq Scan on cast_info ci  (cost=0.00..796071.18 rows=395421 width=4) (actual time=8643.458..12481.635 rows=369057 loops=1)
        Filter: ((person_id < 795346) AND (role_id = 8))
        Rows Removed by Filter: 35875287
  ->  Hash  (cost=439275.65..439275.65 rows=88886 width=8) (actual time=7690.956..7690.956 rows=264448 loops=1)
        Buckets: 131072 (originally 131072)  Batches: 4 (originally 2)  Memory Usage: 3608kB
        ->  Hash Join  (cost=76843.29..439275.65 rows=88886 width=8) (actual time=3181.914..7602.432 rows=264448 loops=1)
              Hash Cond: (mi.movie_id = t.id)
              ->  Seq Scan on movie_info mi  (cost=0.00..346232.03 rows=1264125 width=4) (actual time=1707.686..5410.647 rows=1288928 loops=1)
                    Filter: (info_type_id = 2)
                    Rows Removed by Filter: 13546792
              ->  Hash  (cost=73925.90..73925.90 rows=177791 width=4) (actual time=1473.028..1473.028 rows=282025 loops=1)
                    Buckets: 131072  Batches: 4  Memory Usage: 3514kB
                    ->  Seq Scan on title t  (cost=0.00..73925.90 rows=177791 width=4) (actual time=0.077..1115.027 rows=282025 loops=1)
                          Filter: ((kind_id < 7) AND (production_year < 1976))
                          Rows Removed by Filter: 2246287
Planning time: 1.687 ms
Execution time: 20400.912 ms
