Hash Join  (cost=84618.84..220827.80 rows=1166092 width=0) (actual time=1494.134..5681.884 rows=3197072 loops=1)
  Hash Cond: (mk.movie_id = t.id)
  ->  Seq Scan on movie_keyword mk  (cost=0.00..69693.30 rows=4523930 width=4) (actual time=0.024..1349.311 rows=4523930 loops=1)
  ->  Hash  (cost=73925.90..73925.90 rows=651755 width=4) (actual time=1493.084..1493.084 rows=711179 loops=1)
        Buckets: 131072  Batches: 16  Memory Usage: 2598kB
        ->  Seq Scan on title t  (cost=0.00..73925.90 rows=651755 width=4) (actual time=0.022..1260.918 rows=711179 loops=1)
              Filter: ((kind_id < 7) AND (production_year < 2008))
              Rows Removed by Filter: 1817133
Planning time: 0.732 ms
Execution time: 6064.183 ms
