Hash Join  (cost=74255.97..130784.98 rows=13885 width=0) (actual time=1152.560..2307.903 rows=25032 loops=1)
  Hash Cond: (mc.movie_id = t.id)
  ->  Seq Scan on movie_companies mc  (cost=0.00..51404.11 rows=1329612 width=4) (actual time=0.024..875.116 rows=1334883 loops=1)
        Filter: (company_type_id = 2)
        Rows Removed by Filter: 1274246
  ->  Hash  (cost=73925.90..73925.90 rows=26405 width=4) (actual time=1152.266..1152.266 rows=23926 loops=1)
        Buckets: 32768  Batches: 1  Memory Usage: 1098kB
        ->  Seq Scan on title t  (cost=0.00..73925.90 rows=26405 width=4) (actual time=0.039..1142.082 rows=23926 loops=1)
              Filter: ((kind_id < 7) AND (production_year = 2003))
              Rows Removed by Filter: 2504386
Planning time: 0.766 ms
Execution time: 2311.726 ms
