Hash Join  (cost=106988.21..472751.68 rows=110752 width=0) (actual time=1910.596..9511.328 rows=102199 loops=1)
  Hash Cond: (mi.movie_id = t.id)
  ->  Seq Scan on movie_info mi  (cost=0.00..309384.22 rows=14739122 width=4) (actual time=0.013..4264.337 rows=14835720 loops=1)
  ->  Hash  (cost=106750.71..106750.71 rows=19000 width=8) (actual time=1910.235..1910.235 rows=11384 loops=1)
        Buckets: 32768  Batches: 1  Memory Usage: 701kB
        ->  Hash Join  (cost=75636.60..106750.71 rows=19000 width=8) (actual time=1268.690..1905.630 rows=11384 loops=1)
              Hash Cond: (mi_idx.movie_id = t.id)
              ->  Seq Scan on movie_info_idx mi_idx  (cost=0.00..25185.44 rows=460978 width=4) (actual time=0.021..451.817 rows=459925 loops=1)
                    Filter: (info_type_id = 99)
                    Rows Removed by Filter: 920110
              ->  Hash  (cost=73925.90..73925.90 rows=104216 width=4) (actual time=1267.756..1267.756 rows=108513 loops=1)
                    Buckets: 131072  Batches: 2  Memory Usage: 2931kB
                    ->  Seq Scan on title t  (cost=0.00..73925.90 rows=104216 width=4) (actual time=0.012..1224.035 rows=108513 loops=1)
                          Filter: ((kind_id > 1) AND (production_year = 2010))
                          Rows Removed by Filter: 2419799
Planning time: 1.276 ms
Execution time: 9528.032 ms
