Seq Scan on movie_keyword mk  (cost=0.00..81003.12 rows=2932307 width=0) (actual time=0.025..1479.940 rows=2924334 loops=1)
  Filter: (keyword_id > 2469)
  Rows Removed by Filter: 1599596
Planning time: 0.320 ms
Execution time: 1837.023 ms
