Hash Join  (cost=76580.21..515005.74 rows=480106 width=0) (actual time=1186.573..10599.787 rows=113667 loops=1)
  Hash Cond: (mi.movie_id = t.id)
  ->  Seq Scan on movie_info mi  (cost=0.00..346232.03 rows=7503588 width=4) (actual time=0.006..6409.103 rows=7548855 loops=1)
        Filter: (info_type_id > 7)
        Rows Removed by Filter: 7286865
  ->  Hash  (cost=73925.90..73925.90 rows=161784 width=4) (actual time=1136.813..1136.813 rows=60160 loops=1)
        Buckets: 131072  Batches: 4  Memory Usage: 1558kB
        ->  Seq Scan on title t  (cost=0.00..73925.90 rows=161784 width=4) (actual time=0.016..1113.900 rows=60160 loops=1)
              Filter: ((production_year < 1962) AND (kind_id = 7))
              Rows Removed by Filter: 2468152
Planning time: 0.776 ms
Execution time: 10611.959 ms
