Hash Join  (cost=82805.75..129174.90 rows=505667 width=0) (actual time=1508.720..2895.228 rows=621085 loops=1)
  Hash Cond: (mi_idx.movie_id = t.id)
  ->  Seq Scan on movie_info_idx mi_idx  (cost=0.00..21735.35 rows=1380035 width=4) (actual time=0.018..467.415 rows=1380035 loops=1)
  ->  Hash  (cost=67604.59..67604.59 rows=926493 width=4) (actual time=1507.871..1507.871 rows=924605 loops=1)
        Buckets: 131072  Batches: 16  Memory Usage: 3056kB
        ->  Seq Scan on title t  (cost=0.00..67604.59 rows=926493 width=4) (actual time=0.013..1216.756 rows=924605 loops=1)
              Filter: (production_year < 1998)
              Rows Removed by Filter: 1603707
Planning time: 0.714 ms
Execution time: 2969.210 ms
