Hash Join  (cost=78473.92..1045841.70 rows=3116723 width=0) (actual time=8847.338..24910.862 rows=2709543 loops=1)
  Hash Cond: (ci.movie_id = t.id)
  ->  Seq Scan on cast_info ci  (cost=0.00..796071.18 rows=11895297 width=4) (actual time=7301.269..17276.385 rows=11021963 loops=1)
        Filter: ((person_id > 224445) AND (role_id < 2))
        Rows Removed by Filter: 25222381
  ->  Hash  (cost=67604.59..67604.59 rows=662507 width=4) (actual time=1544.695..1544.695 rows=662065 loops=1)
        Buckets: 131072  Batches: 16  Memory Usage: 2481kB
        ->  Seq Scan on title t  (cost=0.00..67604.59 rows=662507 width=4) (actual time=0.030..1331.159 rows=662065 loops=1)
              Filter: (production_year > 2008)
              Rows Removed by Filter: 1866247
Planning time: 0.810 ms
Execution time: 25196.913 ms
