Seq Scan on movie_keyword mk  (cost=0.00..81003.12 rows=1310246 width=0) (actual time=0.036..1341.187 rows=1318382 loops=1)
  Filter: (keyword_id < 1729)
  Rows Removed by Filter: 3205548
Planning time: 0.311 ms
Execution time: 1498.220 ms
