Seq Scan on cast_info ci  (cost=0.00..705507.15 rows=3406214 width=0) (actual time=660.050..10614.172 rows=3295449 loops=1)
  Filter: (person_id < 317777)
  Rows Removed by Filter: 32948895
Planning time: 0.337 ms
Execution time: 11033.262 ms
