Hash Join  (cost=72707.20..152180.95 rows=320923 width=0) (actual time=1246.604..3475.993 rows=579908 loops=1)
  Hash Cond: (mc.movie_id = t.id)
  ->  Seq Scan on movie_companies mc  (cost=0.00..44881.29 rows=2609129 width=4) (actual time=0.007..959.797 rows=2609129 loops=1)
  ->  Hash  (cost=67604.59..67604.59 rows=311009 width=4) (actual time=1245.845..1245.845 rows=309534 loops=1)
        Buckets: 131072  Batches: 8  Memory Usage: 2378kB
        ->  Seq Scan on title t  (cost=0.00..67604.59 rows=311009 width=4) (actual time=0.033..1140.517 rows=309534 loops=1)
              Filter: (production_year < 1966)
              Rows Removed by Filter: 2218778
Planning time: 0.814 ms
Execution time: 3534.818 ms
