Hash Join  (cost=102767.86..1019917.27 rows=8385001 width=0) (actual time=3418.495..21675.206 rows=8345810 loops=1)
  Hash Cond: (ci.movie_id = t.id)
  ->  Seq Scan on cast_info ci  (cost=0.00..705507.15 rows=8385001 width=4) (actual time=1439.796..12411.041 rows=8345810 loops=1)
        Filter: (person_id > 2848499)
        Rows Removed by Filter: 27898534
  ->  Hash  (cost=61283.27..61283.27 rows=2528527 width=4) (actual time=1977.160..1977.160 rows=2528312 loops=1)
        Buckets: 131072  Batches: 64  Memory Usage: 2415kB
        ->  Seq Scan on title t  (cost=0.00..61283.27 rows=2528527 width=4) (actual time=0.023..1147.972 rows=2528312 loops=1)
Planning time: 0.812 ms
Execution time: 22735.248 ms
