Hash Join  (cost=92883.59..245736.96 rows=2121765 width=0) (actual time=3404.224..5471.310 rows=516810 loops=1)
  Hash Cond: (mk.movie_id = t.id)
  ->  Seq Scan on movie_keyword mk  (cost=0.00..81003.12 rows=3481919 width=4) (actual time=0.017..1857.722 rows=3481153 loops=1)
        Filter: (keyword_id > 1037)
        Rows Removed by Filter: 1042777
  ->  Hash  (cost=67604.59..67604.59 rows=1540800 width=4) (actual time=1794.681..1794.681 rows=1543264 loops=1)
        Buckets: 131072  Batches: 32  Memory Usage: 2728kB
        ->  Seq Scan on title t  (cost=0.00..67604.59 rows=1540800 width=4) (actual time=78.938..1287.603 rows=1543264 loops=1)
              Filter: (kind_id = 7)
              Rows Removed by Filter: 985048
Planning time: 0.796 ms
Execution time: 5524.790 ms
