Hash Join  (cost=1018504.83..4556553.55 rows=185173864 width=0) (actual time=23384.906..164932.367 rows=403621139 loops=1)
  Hash Cond: (ci.movie_id = t.id)
  ->  Seq Scan on cast_info ci  (cost=0.00..705507.15 rows=31766961 width=4) (actual time=0.019..16604.804 rows=31913037 loops=1)
        Filter: (person_id > 417817)
        Rows Removed by Filter: 4331307
  ->  Hash  (cost=776690.81..776690.81 rows=14739122 width=8) (actual time=23381.481..23381.481 rows=14835720 loops=1)
        Buckets: 131072  Batches: 256  Memory Usage: 3268kB
        ->  Hash Join  (cost=102767.86..776690.81 rows=14739122 width=8) (actual time=2045.433..19409.282 rows=14835720 loops=1)
              Hash Cond: (mi.movie_id = t.id)
              ->  Seq Scan on movie_info mi  (cost=0.00..309384.22 rows=14739122 width=4) (actual time=0.011..5794.111 rows=14835720 loops=1)
              ->  Hash  (cost=61283.27..61283.27 rows=2528527 width=4) (actual time=2044.362..2044.362 rows=2528312 loops=1)
                    Buckets: 131072  Batches: 64  Memory Usage: 2425kB
                    ->  Seq Scan on title t  (cost=0.00..61283.27 rows=2528527 width=4) (actual time=0.023..1198.895 rows=2528312 loops=1)
Planning time: 0.940 ms
Execution time: 211272.694 ms
