Hash Join  (cost=122535.74..1024848.31 rows=85294 width=0) (actual time=2470.414..27459.195 rows=543958 loops=1)
  Hash Cond: (ci.movie_id = t.id)
  ->  Seq Scan on cast_info ci  (cost=0.00..796071.18 rows=28103587 width=4) (actual time=0.018..18685.904 rows=27955728 loops=1)
        Filter: ((person_id > 259279) AND (role_id < 9))
        Rows Removed by Filter: 8288616
  ->  Hash  (cost=122439.81..122439.81 rows=7674 width=8) (actual time=2470.268..2470.268 rows=22696 loops=1)
        Buckets: 32768 (originally 8192)  Batches: 1 (originally 1)  Memory Usage: 1143kB
        ->  Hash Join  (cost=67697.55..122439.81 rows=7674 width=8) (actual time=1087.085..2460.523 rows=22696 loops=1)
              Hash Cond: (mc.movie_id = t.id)
              ->  Seq Scan on movie_companies mc  (cost=0.00..44881.29 rows=2609129 width=4) (actual time=0.027..740.056 rows=2609129 loops=1)
              ->  Hash  (cost=67604.59..67604.59 rows=7437 width=4) (actual time=1086.386..1086.386 rows=19861 loops=1)
                    Buckets: 32768 (originally 8192)  Batches: 1 (originally 1)  Memory Usage: 955kB
                    ->  Seq Scan on title t  (cost=0.00..67604.59 rows=7437 width=4) (actual time=0.015..1077.178 rows=19861 loops=1)
                          Filter: (production_year = 1988)
                          Rows Removed by Filter: 2508451
Planning time: 1.328 ms
Execution time: 27535.687 ms
