Hash Join  (cost=69928.56..146993.21 rows=146112 width=0) (actual time=1148.642..2981.571 rows=114616 loops=1)
  Hash Cond: (mc.movie_id = t.id)
  ->  Seq Scan on movie_companies mc  (cost=0.00..44881.29 rows=2609129 width=4) (actual time=0.015..847.894 rows=2609129 loops=1)
  ->  Hash  (cost=67604.59..67604.59 rows=141598 width=4) (actual time=1147.860..1147.860 rows=141703 loops=1)
        Buckets: 131072  Batches: 2  Memory Usage: 3511kB
        ->  Seq Scan on title t  (cost=0.00..67604.59 rows=141598 width=4) (actual time=0.021..1091.315 rows=141703 loops=1)
              Filter: (production_year = 2010)
              Rows Removed by Filter: 2386609
Planning time: 0.712 ms
Execution time: 2996.762 ms
