Hash Join  (cost=80042.24..936314.41 rows=1178540 width=0) (actual time=6993.141..19928.516 rows=1028969 loops=1)
  Hash Cond: (ci.movie_id = t.id)
  ->  Seq Scan on cast_info ci  (cost=0.00..796071.18 rows=3931090 width=4) (actual time=5449.029..16071.455 rows=4198347 loops=1)
        Filter: ((person_id > 305223) AND (role_id = 10))
        Rows Removed by Filter: 32045997
  ->  Hash  (cost=67604.59..67604.59 rows=758052 width=4) (actual time=1543.198..1543.198 rows=753677 loops=1)
        Buckets: 131072  Batches: 16  Memory Usage: 2677kB
        ->  Seq Scan on title t  (cost=0.00..67604.59 rows=758052 width=4) (actual time=0.039..1303.477 rows=753677 loops=1)
              Filter: (kind_id < 3)
              Rows Removed by Filter: 1774635
Planning time: 1.580 ms
Execution time: 20053.356 ms
