Hash Join  (cost=74477.30..831586.29 rows=631982 width=0) (actual time=1157.154..20266.379 rows=261817 loops=1)
  Hash Cond: (ci.movie_id = t.id)
  ->  Seq Scan on cast_info ci  (cost=0.00..614943.12 rows=36225612 width=4) (actual time=0.014..9446.222 rows=36244344 loops=1)
  ->  Hash  (cost=73925.90..73925.90 rows=44112 width=4) (actual time=1156.750..1156.750 rows=23586 loops=1)
        Buckets: 65536  Batches: 1  Memory Usage: 1342kB
        ->  Seq Scan on title t  (cost=0.00..73925.90 rows=44112 width=4) (actual time=448.098..1146.721 rows=23586 loops=1)
              Filter: ((production_year < 1999) AND (kind_id = 4))
              Rows Removed by Filter: 2504726
Planning time: 0.554 ms
Execution time: 20308.094 ms
