Hash Join  (cost=817414.98..3455671.86 rows=117503314 width=0) (actual time=19909.423..107414.675 rows=186054927 loops=1)
  Hash Cond: (ci.movie_id = t.id)
  ->  Seq Scan on cast_info ci  (cost=0.00..705507.15 rows=33535461 width=4) (actual time=0.015..17403.159 rows=33512341 loops=1)
        Filter: (person_id < 3539643)
        Rows Removed by Filter: 2732003
  ->  Hash  (cost=672062.16..672062.16 rows=8859586 width=8) (actual time=19906.642..19906.642 rows=8966694 loops=1)
        Buckets: 131072  Batches: 128  Memory Usage: 3745kB
        ->  Hash Join  (cost=102767.86..672062.16 rows=8859586 width=8) (actual time=1991.289..17309.151 rows=8966694 loops=1)
              Hash Cond: (mi.movie_id = t.id)
              ->  Seq Scan on movie_info mi  (cost=0.00..346232.03 rows=8859586 width=4) (actual time=0.016..6735.225 rows=8966694 loops=1)
                    Filter: (info_type_id < 15)
                    Rows Removed by Filter: 5869026
              ->  Hash  (cost=61283.27..61283.27 rows=2528527 width=4) (actual time=1989.952..1989.952 rows=2528312 loops=1)
                    Buckets: 131072  Batches: 64  Memory Usage: 2425kB
                    ->  Seq Scan on title t  (cost=0.00..61283.27 rows=2528527 width=4) (actual time=0.006..1115.707 rows=2528312 loops=1)
Planning time: 2.203 ms
Execution time: 127760.368 ms
