Hash Join  (cost=74056.90..160902.44 rows=18750 width=0) (actual time=1169.130..2722.019 rows=39375 loops=1)
  Hash Cond: (mk.movie_id = t.id)
  ->  Seq Scan on movie_keyword mk  (cost=0.00..69693.30 rows=4523930 width=4) (actual time=0.024..856.393 rows=4523930 loops=1)
  ->  Hash  (cost=73925.90..73925.90 rows=10480 width=4) (actual time=1167.165..1167.165 rows=5587 loops=1)
        Buckets: 16384  Batches: 1  Memory Usage: 325kB
        ->  Seq Scan on title t  (cost=0.00..73925.90 rows=10480 width=4) (actual time=641.370..1164.671 rows=5587 loops=1)
              Filter: ((kind_id = 1) AND (production_year = 1995))
              Rows Removed by Filter: 2522725
Planning time: 0.753 ms
Execution time: 2727.945 ms
