Hash Join  (cost=74434.21..161819.78 rows=72754 width=0) (actual time=2021.424..3071.855 rows=8805 loops=1)
  Hash Cond: (mk.movie_id = t.id)
  ->  Seq Scan on movie_keyword mk  (cost=0.00..69693.30 rows=4523930 width=4) (actual time=0.010..1025.691 rows=4523930 loops=1)
  ->  Hash  (cost=73925.90..73925.90 rows=40664 width=4) (actual time=1149.192..1149.192 rows=40257 loops=1)
        Buckets: 65536  Batches: 1  Memory Usage: 1928kB
        ->  Seq Scan on title t  (cost=0.00..73925.90 rows=40664 width=4) (actual time=0.026..1132.837 rows=40257 loops=1)
              Filter: ((kind_id > 6) AND (production_year > 2012))
              Rows Removed by Filter: 2488055
Planning time: 0.712 ms
Execution time: 3073.274 ms
