Hash Join  (cost=102767.86..218089.57 rows=2245760 width=0) (actual time=1829.957..5230.984 rows=2242504 loops=1)
  Hash Cond: (mc.movie_id = t.id)
  ->  Seq Scan on movie_companies mc  (cost=0.00..51404.11 rows=2245760 width=4) (actual time=0.010..1207.788 rows=2242504 loops=1)
        Filter: (company_id < 86006)
        Rows Removed by Filter: 366625
  ->  Hash  (cost=61283.27..61283.27 rows=2528527 width=4) (actual time=1828.858..1828.858 rows=2528312 loops=1)
        Buckets: 131072  Batches: 64  Memory Usage: 2415kB
        ->  Seq Scan on title t  (cost=0.00..61283.27 rows=2528527 width=4) (actual time=0.007..992.258 rows=2528312 loops=1)
Planning time: 0.727 ms
Execution time: 5497.775 ms
