Seq Scan on movie_keyword mk  (cost=0.00..81003.12 rows=1334956 width=0) (actual time=0.022..1525.804 rows=1353292 loops=1)
  Filter: (keyword_id < 1765)
  Rows Removed by Filter: 3170638
Planning time: 0.310 ms
Execution time: 1704.555 ms
