Seq Scan on movie_keyword mk  (cost=0.00..81003.12 rows=246 width=0) (actual time=0.656..1220.805 rows=289 loops=1)
  Filter: (keyword_id = 7537)
  Rows Removed by Filter: 4523641
Planning time: 0.304 ms
Execution time: 1221.038 ms
