Hash Join  (cost=83462.78..167799.94 rows=508505 width=0) (actual time=1500.386..3804.065 rows=278429 loops=1)
  Hash Cond: (mc.movie_id = t.id)
  ->  Seq Scan on movie_companies mc  (cost=0.00..51404.11 rows=2212000 width=4) (actual time=0.014..1167.838 rows=2212199 loops=1)
        Filter: (company_id > 240)
        Rows Removed by Filter: 396930
  ->  Hash  (cost=73925.90..73925.90 rows=581270 width=4) (actual time=1499.172..1499.172 rows=602533 loops=1)
        Buckets: 131072  Batches: 8  Memory Usage: 3669kB
        ->  Seq Scan on title t  (cost=0.00..73925.90 rows=581270 width=4) (actual time=0.019..1306.948 rows=602533 loops=1)
              Filter: ((kind_id > 1) AND (production_year > 2007))
              Rows Removed by Filter: 1925779
Planning time: 0.800 ms
Execution time: 3838.528 ms
