Hash Join  (cost=183588.67..221776.50 rows=116376 width=0) (actual time=3737.535..4723.277 rows=149118 loops=1)
  Hash Cond: (mi_idx.movie_id = t.id)
  ->  Seq Scan on movie_info_idx mi_idx  (cost=0.00..25185.44 rows=915101 width=4) (actual time=0.030..542.202 rows=919850 loops=1)
        Filter: (info_type_id < 101)
        Rows Removed by Filter: 460185
  ->  Hash  (cost=178312.16..178312.16 rows=321561 width=8) (actual time=3736.659..3736.659 rows=174804 loops=1)
        Buckets: 131072  Batches: 8  Memory Usage: 1888kB
        ->  Hash Join  (cost=102767.86..178312.16 rows=321561 width=8) (actual time=2161.342..3679.280 rows=174804 loops=1)
              Hash Cond: (mc.movie_id = t.id)
              ->  Seq Scan on movie_companies mc  (cost=0.00..57926.93 rows=321561 width=4) (actual time=0.026..947.152 rows=174804 loops=1)
                    Filter: ((company_id < 803) AND (company_type_id = 2))
                    Rows Removed by Filter: 2434325
              ->  Hash  (cost=61283.27..61283.27 rows=2528527 width=4) (actual time=2160.451..2160.451 rows=2528312 loops=1)
                    Buckets: 131072  Batches: 64  Memory Usage: 2415kB
                    ->  Seq Scan on title t  (cost=0.00..61283.27 rows=2528527 width=4) (actual time=0.012..1057.682 rows=2528312 loops=1)
Planning time: 1.203 ms
Execution time: 4742.252 ms
