Hash Join  (cost=1053693.14..1802120.05 rows=21391880 width=0) (actual time=22968.826..60782.819 rows=101949449 loops=1)
  Hash Cond: (mi.movie_id = t.id)
  ->  Seq Scan on movie_info mi  (cost=0.00..346232.03 rows=9293409 width=4) (actual time=405.531..7100.586 rows=9425200 loops=1)
        Filter: (info_type_id > 5)
        Rows Removed by Filter: 5410520
  ->  Hash  (cost=958204.04..958204.04 rows=5820248 width=8) (actual time=22560.192..22560.192 rows=5732694 loops=1)
        Buckets: 131072  Batches: 128  Memory Usage: 2810kB
        ->  Hash Join  (cost=102767.86..958204.04 rows=5820248 width=8) (actual time=1836.899..20549.263 rows=5732694 loops=1)
              Hash Cond: (ci.movie_id = t.id)
              ->  Seq Scan on cast_info ci  (cost=0.00..705507.15 rows=5820248 width=4) (actual time=0.032..13693.513 rows=5732694 loops=1)
                    Filter: (role_id > 8)
                    Rows Removed by Filter: 30511650
              ->  Hash  (cost=61283.27..61283.27 rows=2528527 width=4) (actual time=1835.253..1835.253 rows=2528312 loops=1)
                    Buckets: 131072  Batches: 64  Memory Usage: 2415kB
                    ->  Seq Scan on title t  (cost=0.00..61283.27 rows=2528527 width=4) (actual time=0.016..973.911 rows=2528312 loops=1)
Planning time: 0.992 ms
Execution time: 72257.732 ms
