Hash Join  (cost=564838.47..754320.66 rows=4610432 width=0) (actual time=11068.387..17127.180 rows=10694918 loops=1)
  Hash Cond: (mk.movie_id = t.id)
  ->  Seq Scan on movie_keyword mk  (cost=0.00..69693.30 rows=4523930 width=4) (actual time=0.013..1382.192 rows=4523930 loops=1)
  ->  Hash  (cost=522561.54..522561.54 rows=2576875 width=8) (actual time=11066.395..11066.395 rows=2352065 loops=1)
        Buckets: 131072  Batches: 64  Memory Usage: 2478kB
        ->  Hash Join  (cost=97102.97..522561.54 rows=2576875 width=8) (actual time=1836.609..10319.058 rows=2352065 loops=1)
              Hash Cond: (mi.movie_id = t.id)
              ->  Seq Scan on movie_info mi  (cost=0.00..346232.03 rows=3623957 width=4) (actual time=0.026..5515.622 rows=3624977 loops=1)
                    Filter: (info_type_id < 4)
                    Rows Removed by Filter: 11210743
              ->  Hash  (cost=67604.59..67604.59 rows=1797951 width=4) (actual time=1835.678..1835.678 rows=1793384 loops=1)
                    Buckets: 131072  Batches: 32  Memory Usage: 3007kB
                    ->  Seq Scan on title t  (cost=0.00..67604.59 rows=1797951 width=4) (actual time=0.027..1259.303 rows=1793384 loops=1)
                          Filter: (production_year > 1988)
                          Rows Removed by Filter: 734928
Planning time: 1.111 ms
Execution time: 18268.309 ms
