Hash Join  (cost=92883.59..903112.00 rows=262245 width=0) (actual time=6197.380..13129.116 rows=132887 loops=1)
  Hash Cond: (ci.movie_id = t.id)
  ->  Seq Scan on cast_info ci  (cost=0.00..796071.18 rows=430357 width=4) (actual time=4404.654..10892.456 rows=236199 loops=1)
        Filter: ((person_id < 119929) AND (role_id > 3))
        Rows Removed by Filter: 36008145
  ->  Hash  (cost=67604.59..67604.59 rows=1540800 width=4) (actual time=1790.991..1790.991 rows=1543264 loops=1)
        Buckets: 131072  Batches: 32  Memory Usage: 2722kB
        ->  Seq Scan on title t  (cost=0.00..67604.59 rows=1540800 width=4) (actual time=0.037..1294.750 rows=1543264 loops=1)
              Filter: (kind_id = 7)
              Rows Removed by Filter: 985048
Planning time: 0.753 ms
Execution time: 13148.131 ms
