Hash Join  (cost=145857.80..522376.51 rows=214823 width=0) (actual time=3543.225..13306.780 rows=1849687 loops=1)
  Hash Cond: (mi.movie_id = t.id)
  ->  Seq Scan on movie_info mi  (cost=0.00..346232.03 rows=7503588 width=4) (actual time=0.018..6049.204 rows=7548855 loops=1)
        Filter: (info_type_id > 7)
        Rows Removed by Filter: 7286865
  ->  Hash  (cost=144952.92..144952.92 rows=72390 width=8) (actual time=3306.500..3306.500 rows=159115 loops=1)
        Buckets: 131072 (originally 131072)  Batches: 2 (originally 1)  Memory Usage: 4146kB
        ->  Hash Join  (cost=69090.10..144952.92 rows=72390 width=8) (actual time=1423.320..3250.657 rows=159115 loops=1)
              Hash Cond: (mc.movie_id = t.id)
              ->  Seq Scan on movie_companies mc  (cost=0.00..51404.11 rows=2022083 width=4) (actual time=0.023..1121.983 rows=2014749 loops=1)
                    Filter: (company_id < 69371)
                    Rows Removed by Filter: 594380
              ->  Hash  (cost=67604.59..67604.59 rows=90521 width=4) (actual time=1057.626..1057.626 rows=90852 loops=1)
                    Buckets: 131072  Batches: 2  Memory Usage: 2626kB
                    ->  Seq Scan on title t  (cost=0.00..67604.59 rows=90521 width=4) (actual time=0.031..1023.195 rows=90852 loops=1)
                          Filter: (kind_id = 2)
                          Rows Removed by Filter: 2437460
Planning time: 11.779 ms
Execution time: 13534.012 ms
