Hash Join  (cost=81598.21..213793.76 rows=836652 width=0) (actual time=1342.432..5163.565 rows=2486177 loops=1)
  Hash Cond: (mk.movie_id = t.id)
  ->  Seq Scan on movie_keyword mk  (cost=0.00..69693.30 rows=4523930 width=4) (actual time=0.030..1385.705 rows=4523930 loops=1)
  ->  Hash  (cost=73925.90..73925.90 rows=467624 width=4) (actual time=1341.624..1341.624 rows=557493 loops=1)
        Buckets: 131072  Batches: 8  Memory Usage: 3493kB
        ->  Seq Scan on title t  (cost=0.00..73925.90 rows=467624 width=4) (actual time=0.012..1152.287 rows=557493 loops=1)
              Filter: ((kind_id < 7) AND (production_year < 2003))
              Rows Removed by Filter: 1970819
Planning time: 5.966 ms
Execution time: 5440.700 ms
