Hash Join  (cost=141487.68..893573.14 rows=129629 width=0) (actual time=1287.508..18748.141 rows=468122 loops=1)
  Hash Cond: (ci.movie_id = t.id)
  ->  Seq Scan on cast_info ci  (cost=0.00..614943.12 rows=36225612 width=4) (actual time=0.014..8956.781 rows=36244344 loops=1)
  ->  Hash  (cost=141374.58..141374.58 rows=9048 width=8) (actual time=1287.126..1287.126 rows=9234 loops=1)
        Buckets: 16384  Batches: 1  Memory Usage: 489kB
        ->  Nested Loop  (cost=0.43..141374.58 rows=9048 width=8) (actual time=0.142..1282.208 rows=9234 loops=1)
              ->  Seq Scan on movie_keyword mk  (cost=0.00..81003.12 rows=9048 width=4) (actual time=0.085..1090.122 rows=9234 loops=1)
                    Filter: (keyword_id = 784)
                    Rows Removed by Filter: 4514696
              ->  Index Only Scan using title_pkey on title t  (cost=0.43..6.66 rows=1 width=4) (actual time=0.020..0.020 rows=1 loops=9234)
                    Index Cond: (id = mk.movie_id)
                    Heap Fetches: 9234
Planning time: 1.077 ms
Execution time: 18823.758 ms
