Hash Join  (cost=90416.96..235129.90 rows=1529452 width=0) (actual time=1624.685..5471.013 rows=371439 loops=1)
  Hash Cond: (mk.movie_id = t.id)
  ->  Seq Scan on movie_keyword mk  (cost=0.00..81003.12 rows=3847547 width=4) (actual time=0.015..1704.829 rows=3841631 loops=1)
        Filter: (keyword_id < 27549)
        Rows Removed by Filter: 682299
  ->  Hash  (cost=73925.90..73925.90 rows=1005124 width=4) (actual time=1623.690..1623.690 rows=1099095 loops=1)
        Buckets: 131072  Batches: 16  Memory Usage: 3453kB
        ->  Seq Scan on title t  (cost=0.00..73925.90 rows=1005124 width=4) (actual time=0.021..1296.284 rows=1099095 loops=1)
              Filter: ((production_year > 1994) AND (kind_id = 7))
              Rows Removed by Filter: 1429217
Planning time: 0.779 ms
Execution time: 5510.235 ms
