Hash Join  (cost=84037.34..1208540.78 rows=8829227 width=0) (actual time=1783.405..35507.633 rows=10621611 loops=1)
  Hash Cond: (ci.movie_id = t.id)
  ->  Seq Scan on cast_info ci  (cost=0.00..614943.12 rows=36225612 width=4) (actual time=0.021..13165.158 rows=36244344 loops=1)
  ->  Hash  (cost=73925.90..73925.90 rows=616275 width=4) (actual time=1782.621..1782.621 rows=676927 loops=1)
        Buckets: 131072  Batches: 16  Memory Usage: 2516kB
        ->  Seq Scan on title t  (cost=0.00..73925.90 rows=616275 width=4) (actual time=28.955..1322.647 rows=676927 loops=1)
              Filter: ((production_year > 2005) AND (kind_id = 7))
              Rows Removed by Filter: 1851385
Planning time: 0.789 ms
Execution time: 36811.167 ms
