Seq Scan on title t  (cost=0.00..73925.90 rows=1211123 width=0) (actual time=0.016..1371.651 rows=1329951 loops=1)
  Filter: ((kind_id > 2) AND (production_year > 1991))
  Rows Removed by Filter: 1198361
Planning time: 0.353 ms
Execution time: 1541.820 ms
