Nested Loop  (cost=0.43..796392.56 rows=38 width=0) (actual time=9362.162..10022.720 rows=15 loops=1)
  ->  Seq Scan on cast_info ci  (cost=0.00..796071.18 rows=38 width=4) (actual time=9361.972..10022.298 rows=15 loops=1)
        Filter: ((person_id = 2774094) AND (role_id = 4))
        Rows Removed by Filter: 36244329
  ->  Index Only Scan using title_pkey on title t  (cost=0.43..8.45 rows=1 width=4) (actual time=0.022..0.022 rows=1 loops=15)
        Index Cond: (id = ci.movie_id)
        Heap Fetches: 15
Planning time: 0.795 ms
Execution time: 10022.805 ms
