Hash Join  (cost=284849.60..1689555.31 rows=31697757 width=0) (actual time=6009.915..40648.938 rows=18443039 loops=1)
  Hash Cond: (ci.movie_id = t.id)
  ->  Seq Scan on cast_info ci  (cost=0.00..614943.12 rows=36225612 width=4) (actual time=0.013..13007.901 rows=36244344 loops=1)
  ->  Hash  (cost=248550.54..248550.54 rows=2212485 width=8) (actual time=6008.356..6008.356 rows=535631 loops=1)
        Buckets: 131072  Batches: 32  Memory Usage: 1668kB
        ->  Hash Join  (cost=92883.59..248550.54 rows=2212485 width=8) (actual time=2813.279..5851.738 rows=535631 loops=1)
              Hash Cond: (mk.movie_id = t.id)
              ->  Seq Scan on movie_keyword mk  (cost=0.00..81003.12 rows=3630795 width=4) (actual time=0.020..1791.352 rows=3625200 loops=1)
                    Filter: (keyword_id > 850)
                    Rows Removed by Filter: 898730
              ->  Hash  (cost=67604.59..67604.59 rows=1540800 width=4) (actual time=2068.401..2068.401 rows=1543264 loops=1)
                    Buckets: 131072  Batches: 32  Memory Usage: 2728kB
                    ->  Seq Scan on title t  (cost=0.00..67604.59 rows=1540800 width=4) (actual time=0.031..1296.961 rows=1543264 loops=1)
                          Filter: (kind_id = 7)
                          Rows Removed by Filter: 985048
Planning time: 0.771 ms
Execution time: 42739.087 ms
