Hash Join  (cost=83074.74..110004.13 rows=45 width=0) (actual time=1317.185..1809.785 rows=1036 loops=1)
  Hash Cond: (mi_idx.movie_id = t.id)
  ->  Seq Scan on movie_info_idx mi_idx  (cost=0.00..25185.44 rows=464934 width=4) (actual time=0.014..422.017 rows=460185 loops=1)
        Filter: (info_type_id > 100)
        Rows Removed by Filter: 919850
  ->  Hash  (cost=83071.67..83071.67 rows=246 width=8) (actual time=1316.415..1316.415 rows=1092 loops=1)
        Buckets: 2048 (originally 1024)  Batches: 1 (originally 1)  Memory Usage: 59kB
        ->  Nested Loop  (cost=0.43..83071.67 rows=246 width=8) (actual time=1.439..1315.568 rows=1092 loops=1)
              ->  Seq Scan on movie_keyword mk  (cost=0.00..81003.12 rows=246 width=4) (actual time=1.401..1268.416 rows=1092 loops=1)
                    Filter: (keyword_id = 3448)
                    Rows Removed by Filter: 4522838
              ->  Index Only Scan using title_pkey on title t  (cost=0.43..8.40 rows=1 width=4) (actual time=0.041..0.042 rows=1 loops=1092)
                    Index Cond: (id = mk.movie_id)
                    Heap Fetches: 1092
Planning time: 0.785 ms
Execution time: 1810.150 ms
