Hash Join  (cost=74469.67..423258.70 rows=11216 width=0) (actual time=3225.618..6537.434 rows=20249 loops=1)
  Hash Cond: (mi.movie_id = t.id)
  ->  Seq Scan on movie_info mi  (cost=0.00..346232.03 rows=651960 width=4) (actual time=1907.104..5219.646 rows=660923 loops=1)
        Filter: (info_type_id = 18)
        Rows Removed by Filter: 14174797
  ->  Hash  (cost=73925.90..73925.90 rows=43501 width=4) (actual time=1158.675..1158.675 rows=39560 loops=1)
        Buckets: 65536  Batches: 1  Memory Usage: 1903kB
        ->  Seq Scan on title t  (cost=0.00..73925.90 rows=43501 width=4) (actual time=425.803..1143.152 rows=39560 loops=1)
              Filter: ((kind_id < 2) AND (production_year = 2012))
              Rows Removed by Filter: 2488752
Planning time: 0.805 ms
Execution time: 6540.480 ms
