Hash Join  (cost=82805.75..940503.26 rows=1395866 width=0) (actual time=1787.928..19091.879 rows=1825209 loops=1)
  Hash Cond: (ci.movie_id = t.id)
  ->  Seq Scan on cast_info ci  (cost=0.00..796071.18 rows=3809511 width=4) (actual time=0.018..13399.724 rows=6810183 loops=1)
        Filter: ((person_id > 2181016) AND (role_id > 4))
        Rows Removed by Filter: 29434161
  ->  Hash  (cost=67604.59..67604.59 rows=926493 width=4) (actual time=1786.910..1786.910 rows=924605 loops=1)
        Buckets: 131072  Batches: 16  Memory Usage: 3056kB
        ->  Seq Scan on title t  (cost=0.00..67604.59 rows=926493 width=4) (actual time=0.013..1161.968 rows=924605 loops=1)
              Filter: (production_year < 1998)
              Rows Removed by Filter: 1603707
Planning time: 1.088 ms
Execution time: 19310.986 ms
