Seq Scan on movie_keyword mk  (cost=0.00..81003.12 rows=1620483 width=0) (actual time=0.016..1518.411 rows=1629251 loops=1)
  Filter: (keyword_id > 9130)
  Rows Removed by Filter: 2894679
Planning time: 0.260 ms
Execution time: 1726.932 ms
