Seq Scan on movie_companies mc  (cost=0.00..51404.11 rows=1014802 width=0) (actual time=0.019..881.302 rows=1023093 loops=1)
  Filter: (company_id > 15828)
  Rows Removed by Filter: 1586036
Planning time: 0.359 ms
Execution time: 1010.365 ms
