Seq Scan on movie_companies mc  (cost=0.00..51404.11 rows=1264847 width=0) (actual time=0.014..1028.843 rows=1257407 loops=1)
  Filter: (company_id < 11165)
  Rows Removed by Filter: 1351722
Planning time: 0.331 ms
Execution time: 1190.525 ms
