Seq Scan on cast_info ci  (cost=0.00..796071.18 rows=11129955 width=0) (actual time=0.013..15769.340 rows=9477143 loops=1)
  Filter: ((person_id > 427144) AND (role_id = 1))
  Rows Removed by Filter: 26767201
Planning time: 0.422 ms
Execution time: 16906.320 ms
