Hash Join  (cost=80738.05..122318.71 rows=226617 width=0) (actual time=1626.631..2515.496 rows=302786 loops=1)
  Hash Cond: (mi_idx.movie_id = t.id)
  ->  Seq Scan on movie_info_idx mi_idx  (cost=0.00..21735.35 rows=1380035 width=4) (actual time=0.021..492.586 rows=1380035 loops=1)
  ->  Hash  (cost=73925.90..73925.90 rows=415212 width=4) (actual time=1293.855..1293.855 rows=303236 loops=1)
        Buckets: 131072  Batches: 8  Memory Usage: 2359kB
        ->  Seq Scan on title t  (cost=0.00..73925.90 rows=415212 width=4) (actual time=371.323..1192.924 rows=303236 loops=1)
              Filter: ((production_year > 1996) AND (kind_id = 1))
              Rows Removed by Filter: 2225076
Planning time: 0.798 ms
Execution time: 2550.448 ms
