Hash Join  (cost=92883.59..972073.59 rows=2484989 width=0) (actual time=6225.143..20844.551 rows=2851603 loops=1)
  Hash Cond: (ci.movie_id = t.id)
  ->  Seq Scan on cast_info ci  (cost=0.00..796071.18 rows=4077987 width=4) (actual time=4462.315..15981.390 rows=4247834 loops=1)
        Filter: ((person_id > 193842) AND (role_id = 10))
        Rows Removed by Filter: 31996510
  ->  Hash  (cost=67604.59..67604.59 rows=1540800 width=4) (actual time=1761.170..1761.170 rows=1543264 loops=1)
        Buckets: 131072  Batches: 32  Memory Usage: 2722kB
        ->  Seq Scan on title t  (cost=0.00..67604.59 rows=1540800 width=4) (actual time=0.034..1264.652 rows=1543264 loops=1)
              Filter: (kind_id = 7)
              Rows Removed by Filter: 985048
Planning time: 0.810 ms
Execution time: 21166.854 ms
