Hash Join  (cost=190230.21..1072178.32 rows=2580901 width=0) (actual time=5946.978..25641.348 rows=7068185 loops=1)
  Hash Cond: (ci.movie_id = t.id)
  ->  Seq Scan on cast_info ci  (cost=0.00..796071.18 rows=4728777 width=4) (actual time=1559.827..15404.041 rows=7449746 loops=1)
        Filter: ((person_id > 1253690) AND (role_id = 2))
        Rows Removed by Filter: 28794598
  ->  Hash  (cost=167588.78..167588.78 rows=1380035 width=8) (actual time=4386.222..4386.222 rows=1380035 loops=1)
        Buckets: 131072  Batches: 32  Memory Usage: 2708kB
        ->  Hash Join  (cost=102767.86..167588.78 rows=1380035 width=8) (actual time=1901.926..3990.832 rows=1380035 loops=1)
              Hash Cond: (mi_idx.movie_id = t.id)
              ->  Seq Scan on movie_info_idx mi_idx  (cost=0.00..21735.35 rows=1380035 width=4) (actual time=0.026..565.528 rows=1380035 loops=1)
              ->  Hash  (cost=61283.27..61283.27 rows=2528527 width=4) (actual time=1901.018..1901.018 rows=2528312 loops=1)
                    Buckets: 131072  Batches: 64  Memory Usage: 2415kB
                    ->  Seq Scan on title t  (cost=0.00..61283.27 rows=2528527 width=4) (actual time=0.015..1061.884 rows=2528312 loops=1)
Planning time: 1.502 ms
Execution time: 26425.484 ms
