Hash Join  (cost=102767.86..262761.96 rows=2872183 width=0) (actual time=1925.226..6127.530 rows=2864315 loops=1)
  Hash Cond: (mk.movie_id = t.id)
  ->  Seq Scan on movie_keyword mk  (cost=0.00..81003.12 rows=2872183 width=4) (actual time=0.018..1662.586 rows=2864315 loops=1)
        Filter: (keyword_id < 8807)
        Rows Removed by Filter: 1659615
  ->  Hash  (cost=61283.27..61283.27 rows=2528527 width=4) (actual time=1924.546..1924.546 rows=2528312 loops=1)
        Buckets: 131072  Batches: 64  Memory Usage: 2425kB
        ->  Seq Scan on title t  (cost=0.00..61283.27 rows=2528527 width=4) (actual time=0.008..1075.602 rows=2528312 loops=1)
Planning time: 0.718 ms
Execution time: 6476.172 ms
