Hash Join  (cost=119934.21..255093.11 rows=229505 width=0) (actual time=4300.498..5253.494 rows=141990 loops=1)
  Hash Cond: (mk.movie_id = t.id)
  ->  Seq Scan on movie_keyword mk  (cost=0.00..81003.12 rows=4440994 width=4) (actual time=0.021..1716.692 rows=4442588 loops=1)
        Filter: (keyword_id < 87417)
        Rows Removed by Filter: 81342
  ->  Hash  (cost=117789.82..117789.82 rows=130671 width=8) (actual time=2223.273..2223.273 rows=54945 loops=1)
        Buckets: 131072  Batches: 2  Memory Usage: 2102kB
        ->  Hash Join  (cost=77854.63..117789.82 rows=130671 width=8) (actual time=1135.399..2204.196 rows=54945 loops=1)
              Hash Cond: (mi_idx.movie_id = t.id)
              ->  Seq Scan on movie_info_idx mi_idx  (cost=0.00..21735.35 rows=1380035 width=4) (actual time=0.015..474.527 rows=1380035 loops=1)
              ->  Hash  (cost=73925.90..73925.90 rows=239418 width=4) (actual time=1131.541..1131.541 rows=256906 loops=1)
                    Buckets: 131072  Batches: 4  Memory Usage: 3296kB
                    ->  Seq Scan on title t  (cost=0.00..73925.90 rows=239418 width=4) (actual time=0.233..1048.898 rows=256906 loops=1)
                          Filter: ((production_year > 2010) AND (kind_id = 7))
                          Rows Removed by Filter: 2271406
Planning time: 7.937 ms
Execution time: 5271.161 ms
