Hash Join  (cost=52284.99..80902.44 rows=38 width=0) (actual time=893.008..1522.979 rows=2266 loops=1)
  Hash Cond: (mi_idx.movie_id = t.id)
  ->  Seq Scan on movie_info_idx mi_idx  (cost=0.00..25185.44 rows=915101 width=4) (actual time=0.030..500.465 rows=919850 loops=1)
        Filter: (info_type_id < 101)
        Rows Removed by Filter: 460185
  ->  Hash  (cost=52283.69..52283.69 rows=104 width=8) (actual time=890.878..890.878 rows=1302 loops=1)
        Buckets: 2048 (originally 1024)  Batches: 1 (originally 1)  Memory Usage: 67kB
        ->  Nested Loop  (cost=0.43..52283.69 rows=104 width=8) (actual time=2.515..889.957 rows=1302 loops=1)
              ->  Seq Scan on movie_companies mc  (cost=0.00..51404.11 rows=104 width=4) (actual time=2.442..825.305 rows=1302 loops=1)
                    Filter: (company_id = 1475)
                    Rows Removed by Filter: 2607827
              ->  Index Only Scan using title_pkey on title t  (cost=0.43..8.45 rows=1 width=4) (actual time=0.048..0.049 rows=1 loops=1302)
                    Index Cond: (id = mc.movie_id)
                    Heap Fetches: 1302
Planning time: 1.216 ms
Execution time: 1523.526 ms
