Hash Join  (cost=76709.34..202409.42 rows=303504 width=0) (actual time=1295.990..5108.281 rows=1021517 loops=1)
  Hash Cond: (mk.movie_id = t.id)
  ->  Seq Scan on movie_keyword mk  (cost=0.00..69693.30 rows=4523930 width=4) (actual time=0.023..1413.914 rows=4523930 loops=1)
  ->  Hash  (cost=73925.90..73925.90 rows=169635 width=4) (actual time=1295.020..1295.020 rows=275697 loops=1)
        Buckets: 131072  Batches: 4  Memory Usage: 3458kB
        ->  Seq Scan on title t  (cost=0.00..73925.90 rows=169635 width=4) (actual time=0.022..1204.598 rows=275697 loops=1)
              Filter: ((kind_id < 6) AND (production_year < 1975))
              Rows Removed by Filter: 2252615
Planning time: 0.764 ms
Execution time: 5223.315 ms
