Hash Join  (cost=52284.75..803080.08 rows=616 width=0) (actual time=1606.514..16070.417 rows=48 loops=1)
  Hash Cond: (ci.movie_id = t.id)
  ->  Seq Scan on cast_info ci  (cost=0.00..614943.12 rows=36225612 width=4) (actual time=0.015..8646.901 rows=36244344 loops=1)
  ->  Hash  (cost=52284.21..52284.21 rows=43 width=8) (actual time=925.595..925.595 rows=1 loops=1)
        Buckets: 1024  Batches: 1  Memory Usage: 9kB
        ->  Nested Loop  (cost=0.43..52284.21 rows=43 width=8) (actual time=255.191..925.586 rows=1 loops=1)
              ->  Seq Scan on movie_companies mc  (cost=0.00..51404.11 rows=104 width=4) (actual time=2.712..912.630 rows=117 loops=1)
                    Filter: (company_id = 307)
                    Rows Removed by Filter: 2609012
              ->  Index Scan using title_pkey on title t  (cost=0.43..8.45 rows=1 width=4) (actual time=0.107..0.107 rows=0 loops=117)
                    Index Cond: (id = mc.movie_id)
                    Filter: ((production_year > 1991) AND (kind_id = 7))
                    Rows Removed by Filter: 1
Planning time: 1.333 ms
Execution time: 16072.536 ms
