Hash Join  (cost=527034.04..693955.85 rows=3222786 width=0) (actual time=11337.631..20359.866 rows=23834365 loops=1)
  Hash Cond: (mk.movie_id = t.id)
  ->  Seq Scan on movie_keyword mk  (cost=0.00..69693.30 rows=4523930 width=4) (actual time=0.018..1519.283 rows=4523930 loops=1)
  ->  Hash  (cost=497480.95..497480.95 rows=1801288 width=8) (actual time=11334.273..11334.273 rows=1926778 loops=1)
        Buckets: 131072  Batches: 32  Memory Usage: 3451kB
        ->  Hash Join  (cost=91959.31..497480.95 rows=1801288 width=8) (actual time=5840.256..10744.506 rows=1926778 loops=1)
              Hash Cond: (mi.movie_id = t.id)
              ->  Seq Scan on movie_info mi  (cost=0.00..346232.03 rows=3068194 width=4) (actual time=3691.572..6137.271 rows=3036719 loops=1)
                    Filter: (info_type_id = 16)
                    Rows Removed by Filter: 11799001
              ->  Hash  (cost=67604.59..67604.59 rows=1484458 width=4) (actual time=2147.112..2147.112 rows=1485030 loops=1)
                    Buckets: 131072  Batches: 32  Memory Usage: 2663kB
                    ->  Seq Scan on title t  (cost=0.00..67604.59 rows=1484458 width=4) (actual time=0.024..1346.107 rows=1485030 loops=1)
                          Filter: (production_year > 1998)
                          Rows Removed by Filter: 1043282
Planning time: 0.844 ms
Execution time: 23053.595 ms
