Hash Join  (cost=78556.72..152733.14 rows=253567 width=0) (actual time=2032.410..3405.178 rows=650988 loops=1)
  Hash Cond: (mc.movie_id = t.id)
  ->  Seq Scan on movie_companies mc  (cost=0.00..57926.93 rows=960483 width=4) (actual time=286.616..1160.951 rows=1252916 loops=1)
        Filter: ((company_id < 53534) AND (company_type_id < 2))
        Rows Removed by Filter: 1356213
  ->  Hash  (cost=67604.59..67604.59 rows=667531 width=4) (actual time=1385.099..1385.099 rows=662825 loops=1)
        Buckets: 131072  Batches: 16  Memory Usage: 2476kB
        ->  Seq Scan on title t  (cost=0.00..67604.59 rows=667531 width=4) (actual time=432.459..1174.972 rows=662825 loops=1)
              Filter: (kind_id = 1)
              Rows Removed by Filter: 1865487
Planning time: 0.755 ms
Execution time: 3485.245 ms
