Seq Scan on cast_info ci  (cost=0.00..705507.15 rows=28046173 width=0) (actual time=0.025..13783.025 rows=28195247 loops=1)
  Filter: (person_id > 787359)
  Rows Removed by Filter: 8049097
Planning time: 0.391 ms
Execution time: 17293.622 ms
