Hash Join  (cost=83074.74..802414.10 rows=359 width=0) (actual time=8821.210..12722.262 rows=36460 loops=1)
  Hash Cond: (ci.movie_id = t.id)
  ->  Seq Scan on cast_info ci  (cost=0.00..705507.15 rows=3687632 width=4) (actual time=7395.530..10567.194 rows=3713430 loops=1)
        Filter: (person_id > 3386242)
        Rows Removed by Filter: 32530914
  ->  Hash  (cost=83071.67..83071.67 rows=246 width=8) (actual time=1425.446..1425.446 rows=3076 loops=1)
        Buckets: 4096 (originally 1024)  Batches: 1 (originally 1)  Memory Usage: 153kB
        ->  Nested Loop  (cost=0.43..83071.67 rows=246 width=8) (actual time=0.896..1423.266 rows=3076 loops=1)
              ->  Seq Scan on movie_keyword mk  (cost=0.00..81003.12 rows=246 width=4) (actual time=0.822..1299.523 rows=3076 loops=1)
                    Filter: (keyword_id = 2199)
                    Rows Removed by Filter: 4520854
              ->  Index Only Scan using title_pkey on title t  (cost=0.43..8.40 rows=1 width=4) (actual time=0.039..0.039 rows=1 loops=3076)
                    Index Cond: (id = mk.movie_id)
                    Heap Fetches: 3076
Planning time: 0.862 ms
Execution time: 12728.948 ms
