Seq Scan on movie_keyword mk  (cost=0.00..81003.12 rows=2164161 width=0) (actual time=0.026..1292.008 rows=2165781 loops=1)
  Filter: (keyword_id < 4185)
  Rows Removed by Filter: 2358149
Planning time: 0.369 ms
Execution time: 1553.259 ms
