Seq Scan on movie_keyword mk  (cost=0.00..81003.12 rows=246 width=0) (actual time=5.104..1202.378 rows=1376 loops=1)
  Filter: (keyword_id = 5591)
  Rows Removed by Filter: 4522554
Planning time: 0.422 ms
Execution time: 1202.909 ms
