Seq Scan on title t  (cost=0.00..73925.90 rows=103711 width=0) (actual time=0.084..1170.842 rows=203434 loops=1)
  Filter: ((kind_id < 7) AND (production_year < 1962))
  Rows Removed by Filter: 2324878
Planning time: 0.343 ms
Execution time: 1197.707 ms
