Hash Join  (cost=75369.78..113886.50 rows=48024 width=0) (actual time=1669.505..2262.211 rows=113040 loops=1)
  Hash Cond: (mi_idx.movie_id = t.id)
  ->  Seq Scan on movie_info_idx mi_idx  (cost=0.00..21735.35 rows=1380035 width=4) (actual time=0.019..486.745 rows=1380035 loops=1)
  ->  Hash  (cost=73925.90..73925.90 rows=87990 width=4) (actual time=1324.292..1324.292 rows=90655 loops=1)
        Buckets: 131072  Batches: 2  Memory Usage: 2622kB
        ->  Seq Scan on title t  (cost=0.00..73925.90 rows=87990 width=4) (actual time=171.708..1290.579 rows=90655 loops=1)
              Filter: ((production_year > 0) AND (kind_id = 2))
              Rows Removed by Filter: 2437657
Planning time: 0.711 ms
Execution time: 2274.478 ms
