Seq Scan on title t  (cost=0.00..67604.59 rows=113784 width=0) (actual time=0.015..1058.101 rows=117858 loops=1)
  Filter: (production_year < 1931)
  Rows Removed by Filter: 2410454
Planning time: 0.345 ms
Execution time: 1072.807 ms
