Hash Join  (cost=73929.23..102562.10 rows=97 width=0) (actual time=1408.164..1779.826 rows=166 loops=1)
  Hash Cond: (mi_idx.movie_id = t.id)
  ->  Seq Scan on movie_info_idx mi_idx  (cost=0.00..25185.44 rows=919057 width=4) (actual time=0.019..511.551 rows=920110 loops=1)
        Filter: (info_type_id > 99)
        Rows Removed by Filter: 459925
  ->  Hash  (cost=73925.90..73925.90 rows=266 width=4) (actual time=1134.220..1134.220 rows=251 loops=1)
        Buckets: 1024  Batches: 1  Memory Usage: 17kB
        ->  Seq Scan on title t  (cost=0.00..73925.90 rows=266 width=4) (actual time=11.256..1133.986 rows=251 loops=1)
              Filter: ((kind_id = 2) AND (production_year = 1952))
              Rows Removed by Filter: 2528061
Planning time: 0.783 ms
Execution time: 1779.943 ms
