Seq Scan on movie_keyword mk  (cost=0.00..81003.12 rows=1245630 width=0) (actual time=0.021..1462.775 rows=1257671 loops=1)
  Filter: (keyword_id > 14276)
  Rows Removed by Filter: 3266259
Planning time: 0.350 ms
Execution time: 1628.360 ms
