Seq Scan on movie_keyword mk  (cost=0.00..81003.12 rows=4208723 width=0) (actual time=0.029..1508.263 rows=4211343 loops=1)
  Filter: (keyword_id < 52245)
  Rows Removed by Filter: 312587
Planning time: 0.356 ms
Execution time: 2012.868 ms
