Nested Loop  (cost=0.43..58358.52 rows=19 width=0) (actual time=0.318..938.055 rows=17 loops=1)
  ->  Seq Scan on movie_companies mc  (cost=0.00..57926.93 rows=51 width=4) (actual time=0.280..937.032 rows=25 loops=1)
        Filter: ((company_type_id < 2) AND (company_id = 18584))
        Rows Removed by Filter: 2609104
  ->  Index Scan using title_pkey on title t  (cost=0.43..8.45 rows=1 width=4) (actual time=0.037..0.037 rows=1 loops=25)
        Index Cond: (id = mc.movie_id)
        Filter: ((kind_id < 7) AND (production_year > 1917))
        Rows Removed by Filter: 0
Planning time: 0.758 ms
Execution time: 938.161 ms
