Hash Join  (cost=286596.26..1355817.38 rows=14716147 width=0) (actual time=8850.486..41602.499 rows=50017721 loops=1)
  Hash Cond: (ci.movie_id = t.id)
  ->  Seq Scan on cast_info ci  (cost=0.00..705507.15 rows=16201301 width=4) (actual time=2363.458..15324.014 rows=16121683 loops=1)
        Filter: (role_id > 2)
        Rows Removed by Filter: 20122661
  ->  Hash  (cost=248915.01..248915.01 rows=2296740 width=8) (actual time=6485.868..6485.868 rows=2301714 loops=1)
        Buckets: 131072  Batches: 32  Memory Usage: 3818kB
        ->  Hash Join  (cost=102767.86..248915.01 rows=2296740 width=8) (actual time=1874.358..5812.402 rows=2301714 loops=1)
              Hash Cond: (mk.movie_id = t.id)
              ->  Seq Scan on movie_keyword mk  (cost=0.00..81003.12 rows=2296740 width=4) (actual time=0.029..1717.191 rows=2301714 loops=1)
                    Filter: (keyword_id < 4929)
                    Rows Removed by Filter: 2222216
              ->  Hash  (cost=61283.27..61283.27 rows=2528527 width=4) (actual time=1871.333..1871.333 rows=2528312 loops=1)
                    Buckets: 131072  Batches: 64  Memory Usage: 2425kB
                    ->  Seq Scan on title t  (cost=0.00..61283.27 rows=2528527 width=4) (actual time=0.014..1013.353 rows=2528312 loops=1)
Planning time: 1.230 ms
Execution time: 46846.290 ms
