Hash Join  (cost=83580.70..900511.34 rows=2688880 width=0) (actual time=1532.656..18814.425 rows=2873263 loops=1)
  Hash Cond: (ci.movie_id = t.id)
  ->  Seq Scan on cast_info ci  (cost=0.00..705507.15 rows=6982051 width=4) (actual time=0.012..12436.695 rows=6916026 loops=1)
        Filter: (person_id < 668628)
        Rows Removed by Filter: 29328318
  ->  Hash  (cost=67604.59..67604.59 rows=973769 width=4) (actual time=1531.725..1531.725 rows=971188 loops=1)
        Buckets: 131072  Batches: 16  Memory Usage: 3161kB
        ->  Seq Scan on title t  (cost=0.00..67604.59 rows=973769 width=4) (actual time=0.017..1231.262 rows=971188 loops=1)
              Filter: (production_year < 1999)
              Rows Removed by Filter: 1557124
Planning time: 2.343 ms
Execution time: 19099.637 ms
