Hash Join  (cost=195474.18..222657.12 rows=27246 width=0) (actual time=3873.307..4447.321 rows=116744 loops=1)
  Hash Cond: (mi_idx.movie_id = t.id)
  ->  Seq Scan on movie_info_idx mi_idx  (cost=0.00..21735.35 rows=1380035 width=4) (actual time=0.014..290.869 rows=1380035 loops=1)
  ->  Hash  (cost=194850.18..194850.18 rows=49920 width=8) (actual time=3823.320..3823.320 rows=46225 loops=1)
        Buckets: 65536  Batches: 1  Memory Usage: 2318kB
        ->  Hash Join  (cost=102767.86..194850.18 rows=49920 width=8) (actual time=2551.009..3807.768 rows=46225 loops=1)
              Hash Cond: (mk.movie_id = t.id)
              ->  Seq Scan on movie_keyword mk  (cost=0.00..81003.12 rows=49920 width=4) (actual time=507.444..1288.133 rows=46225 loops=1)
                    Filter: (keyword_id > 101393)
                    Rows Removed by Filter: 4477705
              ->  Hash  (cost=61283.27..61283.27 rows=2528527 width=4) (actual time=2032.521..2032.521 rows=2528312 loops=1)
                    Buckets: 131072  Batches: 64  Memory Usage: 2425kB
                    ->  Seq Scan on title t  (cost=0.00..61283.27 rows=2528527 width=4) (actual time=0.023..1168.131 rows=2528312 loops=1)
Planning time: 1.486 ms
Execution time: 4461.119 ms
