Hash Join  (cost=701209.10..2624173.73 rows=67373890 width=0) (actual time=14331.226..56101.245 rows=32900582 loops=1)
  Hash Cond: (ci.movie_id = t.id)
  ->  Seq Scan on cast_info ci  (cost=0.00..705507.15 rows=31554923 width=4) (actual time=0.023..17808.461 rows=31605208 loops=1)
        Filter: (role_id < 10)
        Rows Removed by Filter: 4639136
  ->  Hash  (cost=612635.90..612635.90 rows=5398736 width=8) (actual time=14326.857..14326.857 rows=1716908 loops=1)
        Buckets: 131072  Batches: 128  Memory Usage: 1524kB
        ->  Hash Join  (cost=92883.59..612635.90 rows=5398736 width=8) (actual time=1953.172..13847.026 rows=1716908 loops=1)
              Hash Cond: (mi.movie_id = t.id)
              ->  Seq Scan on movie_info mi  (cost=0.00..346232.03 rows=8859586 width=4) (actual time=138.008..6484.880 rows=8966694 loops=1)
                    Filter: (info_type_id < 15)
                    Rows Removed by Filter: 5869026
              ->  Hash  (cost=67604.59..67604.59 rows=1540800 width=4) (actual time=1813.627..1813.627 rows=1543264 loops=1)
                    Buckets: 131072  Batches: 32  Memory Usage: 2728kB
                    ->  Seq Scan on title t  (cost=0.00..67604.59 rows=1540800 width=4) (actual time=0.020..1308.686 rows=1543264 loops=1)
                          Filter: (kind_id = 7)
                          Rows Removed by Filter: 985048
Planning time: 1.162 ms
Execution time: 59887.690 ms
