Hash Join  (cost=100930.24..155604.36 rows=860 width=0) (actual time=1376.932..2106.033 rows=2705 loops=1)
  Hash Cond: (mc.movie_id = t.id)
  ->  Seq Scan on movie_companies mc  (cost=0.00..44881.29 rows=2609129 width=4) (actual time=0.019..373.754 rows=2609129 loops=1)
  ->  Hash  (cost=100919.82..100919.82 rows=833 width=8) (actual time=1375.103..1375.103 rows=1011 loops=1)
        Buckets: 1024  Batches: 1  Memory Usage: 48kB
        ->  Hash Join  (cost=73982.55..100919.82 rows=833 width=8) (actual time=1128.729..1374.807 rows=1011 loops=1)
              Hash Cond: (mi_idx.movie_id = t.id)
              ->  Seq Scan on movie_info_idx mi_idx  (cost=0.00..25185.44 rows=464934 width=4) (actual time=0.025..225.681 rows=460185 loops=1)
                    Filter: (info_type_id > 100)
                    Rows Removed by Filter: 919850
              ->  Hash  (cost=73925.90..73925.90 rows=4532 width=4) (actual time=1094.425..1094.425 rows=6454 loops=1)
                    Buckets: 8192  Batches: 1  Memory Usage: 291kB
                    ->  Seq Scan on title t  (cost=0.00..73925.90 rows=4532 width=4) (actual time=0.076..1091.396 rows=6454 loops=1)
                          Filter: ((kind_id = 7) AND (production_year = 1964))
                          Rows Removed by Filter: 2521858
Planning time: 1.205 ms
Execution time: 2106.360 ms
