Hash Join  (cost=101490.70..193757.84 rows=16863 width=0) (actual time=1735.576..3701.418 rows=193272 loops=1)
  Hash Cond: (mk.movie_id = t.id)
  ->  Seq Scan on movie_keyword mk  (cost=0.00..81003.12 rows=2958771 width=4) (actual time=0.011..1436.522 rows=2949101 loops=1)
        Filter: (keyword_id > 2375)
        Rows Removed by Filter: 1574829
  ->  Hash  (cost=101310.56..101310.56 rows=14411 width=8) (actual time=1735.410..1735.410 rows=31800 loops=1)
        Buckets: 32768 (originally 16384)  Batches: 1 (originally 1)  Memory Usage: 1499kB
        ->  Hash Join  (cost=74255.97..101310.56 rows=14411 width=8) (actual time=1140.738..1723.578 rows=31800 loops=1)
              Hash Cond: (mi_idx.movie_id = t.id)
              ->  Seq Scan on movie_info_idx mi_idx  (cost=0.00..21735.35 rows=1380035 width=4) (actual time=0.019..254.817 rows=1380035 loops=1)
              ->  Hash  (cost=73925.90..73925.90 rows=26405 width=4) (actual time=1140.177..1140.177 rows=23926 loops=1)
                    Buckets: 32768  Batches: 1  Memory Usage: 1098kB
                    ->  Seq Scan on title t  (cost=0.00..73925.90 rows=26405 width=4) (actual time=0.016..1130.040 rows=23926 loops=1)
                          Filter: ((kind_id < 7) AND (production_year = 2003))
                          Rows Removed by Filter: 2504386
Planning time: 0.802 ms
Execution time: 3726.312 ms
