Hash Join  (cost=238582.72..807071.04 rows=6584548 width=0) (actual time=6453.739..66845.846 rows=210416718 loops=1)
  Hash Cond: (mi.movie_id = t.id)
  ->  Seq Scan on movie_info mi  (cost=0.00..309384.22 rows=14739122 width=4) (actual time=0.003..6326.222 rows=14835720 loops=1)
  ->  Hash  (cost=220049.81..220049.81 rows=1129593 width=8) (actual time=6359.962..6359.962 rows=2848951 loops=1)
        Buckets: 131072 (originally 131072)  Batches: 64 (originally 16)  Memory Usage: 3073kB
        ->  Hash Join  (cost=84284.84..220049.81 rows=1129593 width=8) (actual time=1214.412..5484.278 rows=2848951 loops=1)
              Hash Cond: (mk.movie_id = t.id)
              ->  Seq Scan on movie_keyword mk  (cost=0.00..69693.30 rows=4523930 width=4) (actual time=0.035..1413.742 rows=4523930 loops=1)
              ->  Hash  (cost=73925.90..73925.90 rows=631355 width=4) (actual time=1213.120..1213.120 rows=634290 loops=1)
                    Buckets: 131072  Batches: 16  Memory Usage: 2425kB
                    ->  Seq Scan on title t  (cost=0.00..73925.90 rows=631355 width=4) (actual time=0.015..1029.137 rows=634290 loops=1)
                          Filter: ((kind_id < 2) AND (production_year < 2013))
                          Rows Removed by Filter: 1894022
Planning time: 0.952 ms
Execution time: 89710.331 ms
