Nested Loop  (cost=0.43..709674.40 rows=91 width=0) (actual time=316.493..10692.272 rows=535 loops=1)
  ->  Seq Scan on cast_info ci  (cost=0.00..705507.15 rows=500 width=4) (actual time=316.340..10673.877 rows=558 loops=1)
        Filter: (person_id = 1510737)
        Rows Removed by Filter: 36243786
  ->  Index Scan using title_pkey on title t  (cost=0.43..8.32 rows=1 width=4) (actual time=0.032..0.032 rows=1 loops=558)
        Index Cond: (id = ci.movie_id)
        Filter: ((production_year < 1993) AND (kind_id = 7))
        Rows Removed by Filter: 0
Planning time: 4.083 ms
Execution time: 10692.591 ms
