Hash Join  (cost=149088.94..913925.25 rows=1872 width=0) (actual time=2440.916..16827.721 rows=6734 loops=1)
  Hash Cond: (ci.movie_id = t.id)
  ->  Seq Scan on cast_info ci  (cost=0.00..705507.15 rows=15816124 width=4) (actual time=0.267..11605.090 rows=15927440 loops=1)
        Filter: (person_id > 2041690)
        Rows Removed by Filter: 20316904
  ->  Hash  (cost=149085.20..149085.20 rows=299 width=8) (actual time=2431.499..2431.499 rows=778 loops=1)
        Buckets: 1024  Batches: 1  Memory Usage: 39kB
        ->  Hash Join  (cost=67697.55..149085.20 rows=299 width=8) (actual time=1077.839..2430.967 rows=778 loops=1)
              Hash Cond: (mk.movie_id = t.id)
              ->  Seq Scan on movie_keyword mk  (cost=0.00..81003.12 rows=101743 width=4) (actual time=0.020..1320.527 rows=111546 loops=1)
                    Filter: (keyword_id < 110)
                    Rows Removed by Filter: 4412384
              ->  Hash  (cost=67604.59..67604.59 rows=7437 width=4) (actual time=1077.168..1077.168 rows=13994 loops=1)
                    Buckets: 16384 (originally 8192)  Batches: 1 (originally 1)  Memory Usage: 620kB
                    ->  Seq Scan on title t  (cost=0.00..67604.59 rows=7437 width=4) (actual time=0.061..1065.048 rows=13994 loops=1)
                          Filter: (production_year = 1976)
                          Rows Removed by Filter: 2514318
Planning time: 1.204 ms
Execution time: 16829.907 ms
