Hash Join  (cost=83074.74..481168.52 rows=1345 width=0) (actual time=1359.150..8970.684 rows=205174 loops=1)
  Hash Cond: (mi.movie_id = t.id)
  ->  Seq Scan on movie_info mi  (cost=0.00..346232.03 rows=13826212 width=4) (actual time=0.023..5607.505 rows=13865243 loops=1)
        Filter: (info_type_id < 93)
        Rows Removed by Filter: 970477
  ->  Hash  (cost=83071.67..83071.67 rows=246 width=8) (actual time=1359.077..1359.077 rows=2614 loops=1)
        Buckets: 4096 (originally 1024)  Batches: 1 (originally 1)  Memory Usage: 135kB
        ->  Nested Loop  (cost=0.43..83071.67 rows=246 width=8) (actual time=4.649..1357.337 rows=2614 loops=1)
              ->  Seq Scan on movie_keyword mk  (cost=0.00..81003.12 rows=246 width=4) (actual time=4.588..1280.885 rows=2614 loops=1)
                    Filter: (keyword_id = 869)
                    Rows Removed by Filter: 4521316
              ->  Index Only Scan using title_pkey on title t  (cost=0.43..8.40 rows=1 width=4) (actual time=0.028..0.028 rows=1 loops=2614)
                    Index Cond: (id = mk.movie_id)
                    Heap Fetches: 2614
Planning time: 1.148 ms
Execution time: 8998.321 ms
