Seq Scan on cast_info ci  (cost=0.00..705507.15 rows=500 width=0) (actual time=4295.150..11052.984 rows=6 loops=1)
  Filter: (person_id = 143544)
  Rows Removed by Filter: 36244338
Planning time: 0.370 ms
Execution time: 11053.089 ms
