Seq Scan on movie_keyword mk  (cost=0.00..81003.12 rows=246 width=12) (actual time=1514.098..1674.023 rows=2 loops=1)
  Filter: (keyword_id = 103168)
  Rows Removed by Filter: 4523928
Planning time: 0.362 ms
Execution time: 1674.056 ms
