Seq Scan on cast_info ci  (cost=0.00..796071.18 rows=324 width=0) (actual time=1796.173..14559.461 rows=9 loops=1)
  Filter: ((role_id > 1) AND (person_id = 527610))
  Rows Removed by Filter: 36244335
Planning time: 0.417 ms
Execution time: 14559.558 ms
