Seq Scan on title t  (cost=0.00..73925.90 rows=251234 width=0) (actual time=0.014..1250.034 rows=120249 loops=1)
  Filter: ((kind_id > 1) AND (production_year < 1968))
  Rows Removed by Filter: 2408063
Planning time: 0.278 ms
Execution time: 1268.200 ms
