Hash Join  (cost=75203.83..198903.44 rows=139257 width=0) (actual time=1512.182..4391.116 rows=234670 loops=1)
  Hash Cond: (mk.movie_id = t.id)
  ->  Seq Scan on movie_keyword mk  (cost=0.00..69693.30 rows=4523930 width=4) (actual time=0.020..1460.870 rows=4523930 loops=1)
  ->  Hash  (cost=73925.90..73925.90 rows=77834 width=4) (actual time=1511.360..1511.360 rows=88893 loops=1)
        Buckets: 131072  Batches: 2  Memory Usage: 2597kB
        ->  Seq Scan on title t  (cost=0.00..73925.90 rows=77834 width=4) (actual time=0.022..1478.947 rows=88893 loops=1)
              Filter: ((production_year < 2010) AND (kind_id = 3))
              Rows Removed by Filter: 2439419
Planning time: 1.640 ms
Execution time: 4421.315 ms
