Hash Join  (cost=192370.39..1076917.15 rows=2617841 width=0) (actual time=8682.914..24855.560 rows=7067628 loops=1)
  Hash Cond: (ci.movie_id = t.id)
  ->  Seq Scan on cast_info ci  (cost=0.00..796071.18 rows=4934443 width=4) (actual time=4041.443..14483.335 rows=7450071 loops=1)
        Filter: ((person_id > 1144526) AND (role_id = 2))
        Rows Removed by Filter: 28794273
  ->  Hash  (cost=170361.33..170361.33 rows=1341445 width=8) (actual time=4640.524..4640.524 rows=1379855 loops=1)
        Buckets: 131072  Batches: 32  Memory Usage: 2708kB
        ->  Hash Join  (cost=107928.35..170361.33 rows=1341445 width=8) (actual time=2311.324..4244.977 rows=1379855 loops=1)
              Hash Cond: (mi_idx.movie_id = t.id)
              ->  Seq Scan on movie_info_idx mi_idx  (cost=0.00..21735.35 rows=1380035 width=4) (actual time=0.031..466.967 rows=1380035 loops=1)
              ->  Hash  (cost=67604.59..67604.59 rows=2457821 width=4) (actual time=2309.335..2309.335 rows=2456218 loops=1)
                    Buckets: 131072  Batches: 64  Memory Usage: 2375kB
                    ->  Seq Scan on title t  (cost=0.00..67604.59 rows=2457821 width=4) (actual time=0.021..1483.529 rows=2456218 loops=1)
                          Filter: (production_year > 0)
                          Rows Removed by Filter: 72094
Planning time: 8.127 ms
Execution time: 25658.310 ms
