Hash Join  (cost=102767.86..962276.19 rows=2225794 width=0) (actual time=11059.824..18509.781 rows=1809349 loops=1)
  Hash Cond: (ci.movie_id = t.id)
  ->  Seq Scan on cast_info ci  (cost=0.00..796071.18 rows=2225794 width=4) (actual time=8981.598..14612.982 rows=1809349 loops=1)
        Filter: ((person_id < 2979987) AND (role_id = 4))
        Rows Removed by Filter: 34434995
  ->  Hash  (cost=61283.27..61283.27 rows=2528527 width=4) (actual time=2076.128..2076.128 rows=2528312 loops=1)
        Buckets: 131072  Batches: 64  Memory Usage: 2415kB
        ->  Seq Scan on title t  (cost=0.00..61283.27 rows=2528527 width=4) (actual time=0.016..1086.821 rows=2528312 loops=1)
Planning time: 0.780 ms
Execution time: 18727.043 ms
