Hash Join  (cost=130904.67..217790.31 rows=22760 width=0) (actual time=3300.136..4188.604 rows=6282 loops=1)
  Hash Cond: (mk.movie_id = t.id)
  ->  Seq Scan on movie_keyword mk  (cost=0.00..69693.30 rows=4523930 width=4) (actual time=0.022..1033.266 rows=4523930 loops=1)
  ->  Hash  (cost=130745.66..130745.66 rows=12721 width=8) (actual time=2380.610..2380.610 rows=5165 loops=1)
        Buckets: 16384  Batches: 1  Memory Usage: 330kB
        ->  Hash Join  (cost=74228.29..130745.66 rows=12721 width=8) (actual time=1447.968..2378.500 rows=5165 loops=1)
              Hash Cond: (mc.movie_id = t.id)
              ->  Seq Scan on movie_companies mc  (cost=0.00..51404.11 rows=1329612 width=4) (actual time=274.331..920.061 rows=1334883 loops=1)
                    Filter: (company_type_id = 2)
                    Rows Removed by Filter: 1274246
              ->  Hash  (cost=73925.90..73925.90 rows=24191 width=4) (actual time=1171.625..1171.625 rows=24602 loops=1)
                    Buckets: 32768  Batches: 1  Memory Usage: 1121kB
                    ->  Seq Scan on title t  (cost=0.00..73925.90 rows=24191 width=4) (actual time=0.045..1160.715 rows=24602 loops=1)
                          Filter: ((kind_id = 7) AND (production_year = 1995))
                          Rows Removed by Filter: 2503710
Planning time: 1.223 ms
Execution time: 4189.608 ms
