Hash Join  (cost=102767.86..1084769.11 rows=7316435 width=0) (actual time=1889.422..21365.917 rows=4130666 loops=1)
  Hash Cond: (ci.movie_id = t.id)
  ->  Seq Scan on cast_info ci  (cost=0.00..796071.18 rows=7316435 width=4) (actual time=0.028..15785.087 rows=4130666 loops=1)
        Filter: ((person_id < 3120052) AND (role_id > 5))
        Rows Removed by Filter: 32113678
  ->  Hash  (cost=61283.27..61283.27 rows=2528527 width=4) (actual time=1887.714..1887.714 rows=2528312 loops=1)
        Buckets: 131072  Batches: 64  Memory Usage: 2415kB
        ->  Seq Scan on title t  (cost=0.00..61283.27 rows=2528527 width=4) (actual time=0.021..1075.083 rows=2528312 loops=1)
Planning time: 0.754 ms
Execution time: 21840.002 ms
