Hash Join  (cost=92883.59..925091.38 rows=970688 width=0) (actual time=4583.121..14892.467 rows=334640 loops=1)
  Hash Cond: (ci.movie_id = t.id)
  ->  Seq Scan on cast_info ci  (cost=0.00..796071.18 rows=1592946 width=4) (actual time=2836.281..12516.549 rows=519926 loops=1)
        Filter: ((person_id < 1313646) AND (role_id = 10))
        Rows Removed by Filter: 35724418
  ->  Hash  (cost=67604.59..67604.59 rows=1540800 width=4) (actual time=1745.890..1745.890 rows=1543264 loops=1)
        Buckets: 131072  Batches: 32  Memory Usage: 2722kB
        ->  Seq Scan on title t  (cost=0.00..67604.59 rows=1540800 width=4) (actual time=0.028..1261.833 rows=1543264 loops=1)
              Filter: (kind_id = 7)
              Rows Removed by Filter: 985048
Planning time: 1.446 ms
Execution time: 14932.135 ms
