Seq Scan on cast_info ci  (cost=0.00..796071.18 rows=7621787 width=0) (actual time=8.095..13541.324 rows=9944816 loops=1)
  Filter: ((person_id < 1355801) AND (role_id < 3))
  Rows Removed by Filter: 26299528
Planning time: 0.377 ms
Execution time: 14714.288 ms
