Nested Loop  (cost=0.43..709674.40 rows=190 width=0) (actual time=8306.443..10056.901 rows=15 loops=1)
  ->  Seq Scan on cast_info ci  (cost=0.00..705507.15 rows=500 width=4) (actual time=8306.349..10043.336 rows=152 loops=1)
        Filter: (person_id = 1765732)
        Rows Removed by Filter: 36244192
  ->  Index Scan using title_pkey on title t  (cost=0.43..8.32 rows=1 width=4) (actual time=0.089..0.089 rows=0 loops=152)
        Index Cond: (id = ci.movie_id)
        Filter: ((kind_id < 7) AND (production_year > 0))
        Rows Removed by Filter: 1
Planning time: 0.834 ms
Execution time: 10057.022 ms
