Hash Join  (cost=149841.86..1272062.50 rows=8607047 width=0) (actual time=3097.725..37035.981 rows=11889105 loops=1)
  Hash Cond: (ci.movie_id = t.id)
  ->  Seq Scan on cast_info ci  (cost=0.00..614943.12 rows=36225612 width=4) (actual time=0.019..13197.850 rows=36244344 loops=1)
  ->  Hash  (cost=139985.27..139985.27 rows=600767 width=8) (actual time=3096.818..3096.818 rows=392661 loops=1)
        Buckets: 131072  Batches: 8  Memory Usage: 2945kB
        ->  Hash Join  (cost=91985.12..139985.27 rows=600767 width=8) (actual time=1692.785..2985.519 rows=392661 loops=1)
              Hash Cond: (mi_idx.movie_id = t.id)
              ->  Seq Scan on movie_info_idx mi_idx  (cost=0.00..21735.35 rows=1380035 width=4) (actual time=0.029..437.109 rows=1380035 loops=1)
              ->  Hash  (cost=73925.90..73925.90 rows=1100737 width=4) (actual time=1691.595..1691.595 rows=1050853 loops=1)
                    Buckets: 131072  Batches: 16  Memory Usage: 3337kB
                    ->  Seq Scan on title t  (cost=0.00..73925.90 rows=1100737 width=4) (actual time=0.029..1366.219 rows=1050853 loops=1)
                          Filter: ((kind_id > 3) AND (production_year < 2008))
                          Rows Removed by Filter: 1477459
Planning time: 1.201 ms
Execution time: 38489.086 ms
