Hash Join  (cost=75292.52..446514.45 rows=68281 width=0) (actual time=4247.042..8215.991 rows=48612 loops=1)
  Hash Cond: (mi.movie_id = t.id)
  ->  Seq Scan on movie_info mi  (cost=0.00..346232.03 rows=2073893 width=4) (actual time=2604.190..5758.716 rows=2091068 loops=1)
        Filter: (info_type_id < 3)
        Rows Removed by Filter: 12744652
  ->  Hash  (cost=73925.90..73925.90 rows=83249 width=4) (actual time=1641.701..1641.701 rows=101793 loops=1)
        Buckets: 131072  Batches: 2  Memory Usage: 2809kB
        ->  Seq Scan on title t  (cost=0.00..73925.90 rows=83249 width=4) (actual time=0.043..1282.094 rows=101793 loops=1)
              Filter: ((kind_id > 1) AND (production_year = 2007))
              Rows Removed by Filter: 2426519
Planning time: 1.712 ms
Execution time: 8222.907 ms
