Seq Scan on title t  (cost=0.00..73925.90 rows=145196 width=0) (actual time=0.089..1090.066 rows=245643 loops=1)
  Filter: ((kind_id < 7) AND (production_year < 1970))
  Rows Removed by Filter: 2282669
Planning time: 0.336 ms
Execution time: 1122.061 ms
