Hash Join  (cost=86372.90..1231828.64 rows=10868857 width=0) (actual time=1503.790..34906.383 rows=10963952 loops=1)
  Hash Cond: (ci.movie_id = t.id)
  ->  Seq Scan on cast_info ci  (cost=0.00..614943.12 rows=36225612 width=4) (actual time=0.021..13215.845 rows=36244344 loops=1)
  ->  Hash  (cost=73925.90..73925.90 rows=758640 width=4) (actual time=1502.681..1502.681 rows=663849 loops=1)
        Buckets: 131072  Batches: 16  Memory Usage: 2483kB
        ->  Seq Scan on title t  (cost=0.00..73925.90 rows=758640 width=4) (actual time=0.023..1287.437 rows=663849 loops=1)
              Filter: ((kind_id < 7) AND (production_year > 1980))
              Rows Removed by Filter: 1864463
Planning time: 6.209 ms
Execution time: 36169.995 ms
