Hash Join  (cost=709677.14..736588.82 rows=120 width=0) (actual time=10608.258..11114.227 rows=114 loops=1)
  Hash Cond: (mi_idx.movie_id = t.id)
  ->  Seq Scan on movie_info_idx mi_idx  (cost=0.00..21735.35 rows=1380035 width=4) (actual time=0.024..292.694 rows=1380035 loops=1)
  ->  Hash  (cost=709674.40..709674.40 rows=219 width=8) (actual time=10570.146..10570.146 rows=200 loops=1)
        Buckets: 1024  Batches: 1  Memory Usage: 16kB
        ->  Nested Loop  (cost=0.43..709674.40 rows=219 width=8) (actual time=3479.475..10570.045 rows=200 loops=1)
              ->  Seq Scan on cast_info ci  (cost=0.00..705507.15 rows=500 width=4) (actual time=3479.019..10566.363 rows=224 loops=1)
                    Filter: (person_id = 1060942)
                    Rows Removed by Filter: 36244120
              ->  Index Scan using title_pkey on title t  (cost=0.43..8.32 rows=1 width=4) (actual time=0.015..0.016 rows=1 loops=224)
                    Index Cond: (id = ci.movie_id)
                    Filter: ((production_year > 1987) AND (kind_id = 7))
                    Rows Removed by Filter: 0
Planning time: 1.247 ms
Execution time: 11114.381 ms
