Hash Join  (cost=107376.84..861709.24 rows=110251 width=0) (actual time=6715.039..20282.473 rows=823397 loops=1)
  Hash Cond: (ci.movie_id = t.id)
  ->  Seq Scan on cast_info ci  (cost=0.00..705507.15 rows=12726058 width=4) (actual time=4651.174..14134.906 rows=12670688 loops=1)
        Filter: (role_id < 2)
        Rows Removed by Filter: 23573656
  ->  Hash  (cost=107103.02..107103.02 rows=21906 width=8) (actual time=2063.549..2063.549 rows=64258 loops=1)
        Buckets: 65536 (originally 32768)  Batches: 1 (originally 1)  Memory Usage: 3023kB
        ->  Hash Join  (cost=75897.85..107103.02 rows=21906 width=8) (actual time=1452.050..2045.289 rows=64258 loops=1)
              Hash Cond: (mi_idx.movie_id = t.id)
              ->  Seq Scan on movie_info_idx mi_idx  (cost=0.00..25185.44 rows=460978 width=4) (actual time=0.030..507.092 rows=459925 loops=1)
                    Filter: (info_type_id < 100)
                    Rows Removed by Filter: 920110
              ->  Hash  (cost=73925.90..73925.90 rows=120156 width=4) (actual time=1290.477..1290.477 rows=252581 loops=1)
                    Buckets: 131072 (originally 131072)  Batches: 4 (originally 2)  Memory Usage: 3246kB
                    ->  Seq Scan on title t  (cost=0.00..73925.90 rows=120156 width=4) (actual time=0.019..1198.326 rows=252581 loops=1)
                          Filter: ((production_year < 1976) AND (kind_id = 1))
                          Rows Removed by Filter: 2275731
Planning time: 1.195 ms
Execution time: 20389.731 ms
