Hash Join  (cost=205270.43..661572.68 rows=1230927 width=0) (actual time=4395.241..14948.518 rows=4098944 loops=1)
  Hash Cond: (mi.movie_id = t.id)
  ->  Seq Scan on movie_info mi  (cost=0.00..346232.03 rows=7503588 width=4) (actual time=0.017..6369.051 rows=7548855 loops=1)
        Filter: (info_type_id > 7)
        Rows Removed by Filter: 7286865
  ->  Hash  (cost=198464.52..198464.52 rows=414793 width=8) (actual time=4394.322..4394.322 rows=151801 loops=1)
        Buckets: 131072  Batches: 8  Memory Usage: 1734kB
        ->  Hash Join  (cost=71408.55..198464.52 rows=414793 width=8) (actual time=1200.237..4342.133 rows=151801 loops=1)
              Hash Cond: (mk.movie_id = t.id)
              ->  Seq Scan on movie_keyword mk  (cost=0.00..69693.30 rows=4523930 width=4) (actual time=0.014..1492.078 rows=4523930 loops=1)
              ->  Hash  (cost=67604.59..67604.59 rows=231837 width=4) (actual time=1198.806..1198.806 rows=231649 loops=1)
                    Buckets: 131072  Batches: 4  Memory Usage: 3082kB
                    ->  Seq Scan on title t  (cost=0.00..67604.59 rows=231837 width=4) (actual time=0.012..1116.674 rows=231649 loops=1)
                          Filter: (production_year > 2011)
                          Rows Removed by Filter: 2296663
Planning time: 3.411 ms
Execution time: 15448.262 ms
