Hash Join  (cost=219197.63..364568.51 rows=1914506 width=0) (actual time=6121.150..7796.700 rows=1028623 loops=1)
  Hash Cond: (mk.movie_id = t.id)
  ->  Seq Scan on movie_keyword mk  (cost=0.00..81003.12 rows=3044739 width=4) (actual time=0.019..1620.164 rows=3033088 loops=1)
        Filter: (keyword_id < 10913)
        Rows Removed by Filter: 1490842
  ->  Hash  (cost=193112.68..193112.68 rows=1589916 width=8) (actual time=4649.206..4649.206 rows=717308 loops=1)
        Buckets: 131072  Batches: 32  Memory Usage: 1877kB
        ->  Hash Join  (cost=92883.59..193112.68 rows=1589916 width=8) (actual time=1698.353..4432.087 rows=717308 loops=1)
              Hash Cond: (mc.movie_id = t.id)
              ->  Seq Scan on movie_companies mc  (cost=0.00..44881.29 rows=2609129 width=4) (actual time=0.013..952.353 rows=2609129 loops=1)
              ->  Hash  (cost=67604.59..67604.59 rows=1540800 width=4) (actual time=1697.310..1697.310 rows=1543264 loops=1)
                    Buckets: 131072  Batches: 32  Memory Usage: 2722kB
                    ->  Seq Scan on title t  (cost=0.00..67604.59 rows=1540800 width=4) (actual time=0.025..1207.023 rows=1543264 loops=1)
                          Filter: (kind_id = 7)
                          Rows Removed by Filter: 985048
Planning time: 1.170 ms
Execution time: 7890.559 ms
