Hash Join  (cost=219407.85..1284222.21 rows=10359758 width=0) (actual time=4792.699..36033.871 rows=16074222 loops=1)
  Hash Cond: (ci.movie_id = t.id)
  ->  Seq Scan on cast_info ci  (cost=0.00..705507.15 rows=21707635 width=4) (actual time=0.020..15432.294 rows=21804181 loops=1)
        Filter: (person_id > 1422521)
        Rows Removed by Filter: 14440163
  ->  Hash  (cost=199609.91..199609.91 rows=1206715 width=8) (actual time=4791.766..4791.766 rows=1091289 loops=1)
        Buckets: 131072  Batches: 16  Memory Usage: 3675kB
        ->  Hash Join  (cost=102767.86..199609.91 rows=1206715 width=8) (actual time=1926.284..4469.660 rows=1091289 loops=1)
              Hash Cond: (mc.movie_id = t.id)
              ->  Seq Scan on movie_companies mc  (cost=0.00..57926.93 rows=1206715 width=4) (actual time=0.030..1216.965 rows=1091289 loops=1)
                    Filter: ((company_id < 102289) AND (company_type_id > 1))
                    Rows Removed by Filter: 1517840
              ->  Hash  (cost=61283.27..61283.27 rows=2528527 width=4) (actual time=1924.745..1924.745 rows=2528312 loops=1)
                    Buckets: 131072  Batches: 64  Memory Usage: 2415kB
                    ->  Seq Scan on title t  (cost=0.00..61283.27 rows=2528527 width=4) (actual time=0.009..1078.397 rows=2528312 loops=1)
Planning time: 1.314 ms
Execution time: 37840.989 ms
