Hash Join  (cost=89472.60..184311.50 rows=972520 width=0) (actual time=1938.870..4786.688 rows=465794 loops=1)
  Hash Cond: (mc.movie_id = t.id)
  ->  Seq Scan on movie_companies mc  (cost=0.00..51404.11 rows=2595089 width=4) (actual time=0.020..1255.773 rows=2596207 loops=1)
        Filter: (company_id < 222758)
        Rows Removed by Filter: 12922
  ->  Hash  (cost=73925.90..73925.90 rows=947576 width=4) (actual time=1616.047..1616.047 rows=876037 loops=1)
        Buckets: 131072  Batches: 16  Memory Usage: 2949kB
        ->  Seq Scan on title t  (cost=0.00..73925.90 rows=947576 width=4) (actual time=213.984..1340.120 rows=876037 loops=1)
              Filter: ((production_year < 2007) AND (kind_id = 7))
              Rows Removed by Filter: 1652275
Planning time: 1.450 ms
Execution time: 4843.166 ms
