Hash Join  (cost=189632.99..319185.71 rows=1152014 width=0) (actual time=5020.631..12923.825 rows=20727347 loops=1)
  Hash Cond: (mk.movie_id = t.id)
  ->  Seq Scan on movie_keyword mk  (cost=0.00..81003.12 rows=2857987 width=4) (actual time=0.008..1658.802 rows=2847203 loops=1)
        Filter: (keyword_id < 8679)
        Rows Removed by Filter: 1676727
  ->  Hash  (cost=172910.83..172910.83 rows=1019213 width=8) (actual time=5018.543..5018.543 rows=1891821 loops=1)
        Buckets: 131072 (originally 131072)  Batches: 32 (originally 16)  Memory Usage: 3402kB
        ->  Hash Join  (cost=83810.17..172910.83 rows=1019213 width=8) (actual time=1525.820..4454.466 rows=1891821 loops=1)
              Hash Cond: (mc.movie_id = t.id)
              ->  Seq Scan on movie_companies mc  (cost=0.00..44881.29 rows=2609129 width=4) (actual time=0.022..946.805 rows=2609129 loops=1)
              ->  Hash  (cost=67604.59..67604.59 rows=987727 width=4) (actual time=1524.314..1524.314 rows=985048 loops=1)
                    Buckets: 131072  Batches: 16  Memory Usage: 3188kB
                    ->  Seq Scan on title t  (cost=0.00..67604.59 rows=987727 width=4) (actual time=0.012..1194.353 rows=985048 loops=1)
                          Filter: (kind_id < 7)
                          Rows Removed by Filter: 1543264
Planning time: 1.173 ms
Execution time: 15191.335 ms
