Hash Join  (cost=73950.44..162591.87 rows=1578 width=0) (actual time=1062.453..2857.293 rows=7261 loops=1)
  Hash Cond: (mk.movie_id = t.id)
  ->  Seq Scan on movie_keyword mk  (cost=0.00..81003.12 rows=2032673 width=4) (actual time=0.018..1475.006 rows=2039268 loops=1)
        Filter: (keyword_id > 6037)
        Rows Removed by Filter: 2484662
  ->  Hash  (cost=73925.90..73925.90 rows=1963 width=4) (actual time=1061.636..1061.636 rows=3753 loops=1)
        Buckets: 4096 (originally 2048)  Batches: 1 (originally 1)  Memory Usage: 164kB
        ->  Seq Scan on title t  (cost=0.00..73925.90 rows=1963 width=4) (actual time=439.563..1059.782 rows=3753 loops=1)
              Filter: ((kind_id = 1) AND (production_year = 1965))
              Rows Removed by Filter: 2524559
Planning time: 0.745 ms
Execution time: 2858.481 ms
