Seq Scan on cast_info ci  (cost=0.00..796071.18 rows=4386455 width=0) (actual time=5578.688..14240.755 rows=3543870 loops=1)
  Filter: ((person_id < 2196434) AND (role_id = 2))
  Rows Removed by Filter: 32700474
Planning time: 0.523 ms
Execution time: 14669.605 ms
