Hash Join  (cost=84810.47..438464.57 rows=89330 width=0) (actual time=1502.289..6840.435 rows=147248 loops=1)
  Hash Cond: (mi.movie_id = t.id)
  ->  Seq Scan on movie_info mi  (cost=0.00..346232.03 rows=340474 width=4) (actual time=196.857..5225.817 rows=328857 loops=1)
        Filter: (info_type_id = 98)
        Rows Removed by Filter: 14506863
  ->  Hash  (cost=73925.90..73925.90 rows=663405 width=4) (actual time=1304.365..1304.365 rows=541239 loops=1)
        Buckets: 131072  Batches: 16  Memory Usage: 2218kB
        ->  Seq Scan on title t  (cost=0.00..73925.90 rows=663405 width=4) (actual time=0.046..1126.145 rows=541239 loops=1)
              Filter: ((kind_id < 4) AND (production_year > 1979))
              Rows Removed by Filter: 1987073
Planning time: 0.829 ms
Execution time: 6859.705 ms
