Hash Join  (cost=69694.50..108580.06 rows=69508 width=0) (actual time=1100.819..2050.382 rows=60340 loops=1)
  Hash Cond: (mi_idx.movie_id = t.id)
  ->  Seq Scan on movie_info_idx mi_idx  (cost=0.00..21735.35 rows=1380035 width=4) (actual time=0.023..446.826 rows=1380035 loops=1)
  ->  Hash  (cost=67604.59..67604.59 rows=127353 width=4) (actual time=1100.128..1100.128 rows=128696 loops=1)
        Buckets: 131072  Batches: 2  Memory Usage: 3284kB
        ->  Seq Scan on title t  (cost=0.00..67604.59 rows=127353 width=4) (actual time=0.028..1048.524 rows=128696 loops=1)
              Filter: (production_year = 2009)
              Rows Removed by Filter: 2399616
Planning time: 5.193 ms
Execution time: 2058.590 ms
