Seq Scan on cast_info ci  (cost=0.00..796071.18 rows=24 width=0) (actual time=6777.981..10618.408 rows=68 loops=1)
  Filter: ((person_id = 2816138) AND (role_id = 8))
  Rows Removed by Filter: 36244276
Planning time: 0.413 ms
Execution time: 10618.505 ms
