Seq Scan on movie_keyword mk  (cost=0.00..81003.12 rows=3643543 width=0) (actual time=0.026..1508.899 rows=3635563 loops=1)
  Filter: (keyword_id < 20778)
  Rows Removed by Filter: 888367
Planning time: 0.309 ms
Execution time: 1949.529 ms
