Seq Scan on movie_companies mc  (cost=0.00..57926.93 rows=53 width=0) (actual time=240.228..957.360 rows=4 loops=1)
  Filter: ((company_type_id > 1) AND (company_id = 146015))
  Rows Removed by Filter: 2609125
Planning time: 0.399 ms
Execution time: 957.454 ms
