Seq Scan on movie_companies mc  (cost=0.00..57926.93 rows=1160897 width=0) (actual time=0.024..1090.873 rows=1090382 loops=1)
  Filter: ((company_id > 93) AND (company_type_id < 2))
  Rows Removed by Filter: 1518747
Planning time: 0.344 ms
Execution time: 1227.237 ms
