Nested Loop  (cost=32749.09..157991.94 rows=7478 width=0) (actual time=624.426..2448.234 rows=25275 loops=1)
  ->  Hash Join  (cost=32748.66..123460.03 rows=40727 width=8) (actual time=624.338..1988.052 rows=25275 loops=1)
        Hash Cond: (mk.movie_id = mi_idx.movie_id)
        ->  Seq Scan on movie_keyword mk  (cost=0.00..81003.12 rows=41017 width=4) (actual time=0.391..1244.843 rows=41840 loops=1)
              Filter: (keyword_id = 117)
              Rows Removed by Filter: 4482090
        ->  Hash  (cost=25185.44..25185.44 rows=460978 width=4) (actual time=623.202..623.202 rows=459925 loops=1)
              Buckets: 131072  Batches: 8  Memory Usage: 3059kB
              ->  Seq Scan on movie_info_idx mi_idx  (cost=0.00..25185.44 rows=460978 width=4) (actual time=0.020..474.031 rows=459925 loops=1)
                    Filter: (info_type_id = 99)
                    Rows Removed by Filter: 920110
  ->  Index Only Scan using title_pkey on title t  (cost=0.43..0.84 rows=1 width=4) (actual time=0.017..0.018 rows=1 loops=25275)
        Index Cond: (id = mi_idx.movie_id)
        Heap Fetches: 25275
Planning time: 1.242 ms
Execution time: 2454.435 ms
