Seq Scan on movie_companies mc  (cost=0.00..57926.93 rows=296077 width=0) (actual time=0.028..907.135 rows=586294 loops=1)
  Filter: ((company_id > 70905) AND (company_type_id = 2))
  Rows Removed by Filter: 2022835
Planning time: 0.441 ms
Execution time: 976.433 ms
