Hash Join  (cost=79513.73..146467.93 rows=80285 width=0) (actual time=1519.947..2616.490 rows=75884 loops=1)
  Hash Cond: (mc.movie_id = t.id)
  ->  Seq Scan on movie_companies mc  (cost=0.00..57926.93 rows=596110 width=4) (actual time=190.227..1025.563 rows=380764 loops=1)
        Filter: ((company_id < 9674) AND (company_type_id > 1))
        Rows Removed by Filter: 2228365
  ->  Hash  (cost=73925.90..73925.90 rows=340546 width=4) (actual time=1328.720..1328.720 rows=435120 loops=1)
        Buckets: 131072  Batches: 8  Memory Usage: 2946kB
        ->  Seq Scan on title t  (cost=0.00..73925.90 rows=340546 width=4) (actual time=0.036..1189.798 rows=435120 loops=1)
              Filter: ((kind_id < 3) AND (production_year < 2002))
              Rows Removed by Filter: 2093192
Planning time: 2.558 ms
Execution time: 2626.157 ms
