Seq Scan on cast_info ci  (cost=0.00..796071.18 rows=14645034 width=0) (actual time=3512.412..15327.914 rows=19798222 loops=1)
  Filter: ((person_id > 1340627) AND (role_id > 1))
  Rows Removed by Filter: 16446122
Planning time: 1.702 ms
Execution time: 17722.986 ms
