Seq Scan on movie_keyword mk  (cost=0.00..81003.12 rows=246 width=0) (actual time=675.506..1237.413 rows=3 loops=1)
  Filter: (keyword_id = 100891)
  Rows Removed by Filter: 4523927
Planning time: 0.382 ms
Execution time: 1237.499 ms
