Seq Scan on movie_keyword mk  (cost=0.00..81003.12 rows=1282362 width=0) (actual time=0.016..1311.927 rows=1294227 loops=1)
  Filter: (keyword_id < 1681)
  Rows Removed by Filter: 3229703
Planning time: 0.240 ms
Execution time: 1470.243 ms
