Hash Join  (cost=98137.04..193236.38 rows=249038 width=0) (actual time=1964.507..3847.031 rows=91087 loops=1)
  Hash Cond: (mk.movie_id = t.id)
  ->  Seq Scan on movie_keyword mk  (cost=0.00..81003.12 rows=338367 width=4) (actual time=0.018..1357.076 rows=335385 loops=1)
        Filter: (keyword_id > 49181)
        Rows Removed by Filter: 4188545
  ->  Hash  (cost=67604.59..67604.59 rows=1860996 width=4) (actual time=1963.052..1963.052 rows=1865487 loops=1)
        Buckets: 131072  Batches: 32  Memory Usage: 3085kB
        ->  Seq Scan on title t  (cost=0.00..67604.59 rows=1860996 width=4) (actual time=0.017..1335.680 rows=1865487 loops=1)
              Filter: (kind_id > 1)
              Rows Removed by Filter: 662825
Planning time: 0.804 ms
Execution time: 3858.184 ms
