Seq Scan on movie_keyword mk  (cost=0.00..81003.12 rows=246 width=0) (actual time=0.544..1273.027 rows=2936 loops=1)
  Filter: (keyword_id = 17222)
  Rows Removed by Filter: 4520994
Planning time: 0.412 ms
Execution time: 1273.812 ms
