Hash Join  (cost=87180.69..889220.35 rows=37861 width=0) (actual time=2749.613..13502.271 rows=15400 loops=1)
  Hash Cond: (ci.movie_id = t.id)
  ->  Seq Scan on cast_info ci  (cost=0.00..796071.18 rows=80232 width=4) (actual time=511.792..11066.359 rows=33099 loops=1)
        Filter: ((person_id < 801103) AND (role_id > 10))
        Rows Removed by Filter: 36211245
  ->  Hash  (cost=67604.59..67604.59 rows=1193208 width=4) (actual time=2236.873..2236.873 rows=1192518 loops=1)
        Buckets: 131072  Batches: 16  Memory Usage: 3646kB
        ->  Seq Scan on title t  (cost=0.00..67604.59 rows=1193208 width=4) (actual time=0.022..1260.922 rows=1192518 loops=1)
              Filter: (production_year > 2003)
              Rows Removed by Filter: 1335794
Planning time: 0.815 ms
Execution time: 13504.033 ms
