Seq Scan on cast_info ci  (cost=0.00..796071.18 rows=9867392 width=0) (actual time=4067.815..13484.273 rows=6802742 loops=1)
  Filter: ((person_id > 2142399) AND (role_id < 4))
  Rows Removed by Filter: 29441602
Planning time: 0.368 ms
Execution time: 14324.497 ms
