Hash Join  (cost=67697.55..160113.25 rows=8882 width=0) (actual time=1028.580..2924.108 rows=13076 loops=1)
  Hash Cond: (mk.movie_id = t.id)
  ->  Seq Scan on movie_keyword mk  (cost=0.00..81003.12 rows=3019667 width=4) (actual time=0.014..1455.264 rows=3009703 loops=1)
        Filter: (keyword_id > 2194)
        Rows Removed by Filter: 1514227
  ->  Hash  (cost=67604.59..67604.59 rows=7437 width=4) (actual time=1026.100..1026.100 rows=1831 loops=1)
        Buckets: 8192  Batches: 1  Memory Usage: 129kB
        ->  Seq Scan on title t  (cost=0.00..67604.59 rows=7437 width=4) (actual time=238.388..1025.136 rows=1831 loops=1)
              Filter: (production_year = 1944)
              Rows Removed by Filter: 2526481
Planning time: 0.812 ms
Execution time: 2926.257 ms
