Seq Scan on movie_companies mc  (cost=0.00..57926.93 rows=1293530 width=0) (actual time=0.013..1037.013 rows=1264833 loops=1)
  Filter: ((company_id < 176737) AND (company_type_id = 2))
  Rows Removed by Filter: 1344296
Planning time: 0.372 ms
Execution time: 1188.996 ms
