Seq Scan on movie_companies mc  (cost=0.00..51404.11 rows=1165115 width=0) (actual time=0.023..868.951 rows=1172974 loops=1)
  Filter: (company_id > 12744)
  Rows Removed by Filter: 1436155
Planning time: 0.336 ms
Execution time: 1023.627 ms
