Seq Scan on movie_companies mc  (cost=0.00..51404.11 rows=655637 width=0) (actual time=0.015..879.520 rows=648656 loops=1)
  Filter: (company_id < 874)
  Rows Removed by Filter: 1960473
Planning time: 0.347 ms
Execution time: 962.239 ms
