Hash Join  (cost=74060.24..101029.38 rows=5866 width=0) (actual time=1132.683..1681.145 rows=9265 loops=1)
  Hash Cond: (mi_idx.movie_id = t.id)
  ->  Seq Scan on movie_info_idx mi_idx  (cost=0.00..21735.35 rows=1380035 width=4) (actual time=0.031..303.727 rows=1380035 loops=1)
  ->  Hash  (cost=73925.90..73925.90 rows=10747 width=4) (actual time=1101.774..1101.774 rows=6468 loops=1)
        Buckets: 16384  Batches: 1  Memory Usage: 356kB
        ->  Seq Scan on title t  (cost=0.00..73925.90 rows=10747 width=4) (actual time=36.378..1098.679 rows=6468 loops=1)
              Filter: ((kind_id = 1) AND (production_year = 1997))
              Rows Removed by Filter: 2521844
Planning time: 0.810 ms
Execution time: 1682.717 ms
