Hash Join  (cost=854138.88..2365020.60 rows=42541559 width=0) (actual time=26830.158..69421.205 rows=93193435 loops=1)
  Hash Cond: (ci.movie_id = t.id)
  ->  Seq Scan on cast_info ci  (cost=0.00..796071.18 rows=11013330 width=4) (actual time=7157.233..15694.530 rows=9228613 loops=1)
        Filter: ((person_id > 461907) AND (role_id = 1))
        Rows Removed by Filter: 27015731
  ->  Hash  (cost=693898.06..693898.06 rows=9767026 width=8) (actual time=19671.097..19671.097 rows=9911754 loops=1)
        Buckets: 131072 (originally 131072)  Batches: 256 (originally 128)  Memory Usage: 4036kB
        ->  Hash Join  (cost=102767.86..693898.06 rows=9767026 width=8) (actual time=1929.505..16821.728 rows=9911754 loops=1)
              Hash Cond: (mi.movie_id = t.id)
              ->  Seq Scan on movie_info mi  (cost=0.00..346232.03 rows=9767026 width=4) (actual time=0.032..6548.671 rows=9911754 loops=1)
                    Filter: (info_type_id > 4)
                    Rows Removed by Filter: 4923966
              ->  Hash  (cost=61283.27..61283.27 rows=2528527 width=4) (actual time=1928.127..1928.127 rows=2528312 loops=1)
                    Buckets: 131072  Batches: 64  Memory Usage: 2425kB
                    ->  Seq Scan on title t  (cost=0.00..61283.27 rows=2528527 width=4) (actual time=0.024..1033.822 rows=2528312 loops=1)
Planning time: 1.136 ms
Execution time: 80384.370 ms
