Hash Join  (cost=237252.21..1429625.81 rows=15436144 width=0) (actual time=4870.486..49826.002 rows=52616843 loops=1)
  Hash Cond: (ci.movie_id = t.id)
  ->  Seq Scan on cast_info ci  (cost=0.00..614943.12 rows=36225612 width=4) (actual time=0.023..13129.682 rows=36244344 loops=1)
  ->  Hash  (cost=219575.29..219575.29 rows=1077434 width=8) (actual time=4869.416..4869.416 rows=1088237 loops=1)
        Buckets: 131072  Batches: 16  Memory Usage: 3741kB
        ->  Hash Join  (cost=102767.86..219575.29 rows=1077434 width=8) (actual time=1947.627..4550.079 rows=1088237 loops=1)
              Hash Cond: (mk.movie_id = t.id)
              ->  Seq Scan on movie_keyword mk  (cost=0.00..81003.12 rows=1077434 width=4) (actual time=0.016..1345.821 rows=1088237 loops=1)
                    Filter: (keyword_id > 16264)
                    Rows Removed by Filter: 3435693
              ->  Hash  (cost=61283.27..61283.27 rows=2528527 width=4) (actual time=1946.456..1946.456 rows=2528312 loops=1)
                    Buckets: 131072  Batches: 64  Memory Usage: 2425kB
                    ->  Seq Scan on title t  (cost=0.00..61283.27 rows=2528527 width=4) (actual time=0.018..1058.622 rows=2528312 loops=1)
Planning time: 1.165 ms
Execution time: 55970.100 ms
