Seq Scan on cast_info ci  (cost=0.00..705507.15 rows=9622129 width=0) (actual time=0.023..12318.735 rows=9438565 loops=1)
  Filter: (person_id < 929010)
  Rows Removed by Filter: 26805779
Planning time: 0.348 ms
Execution time: 13533.546 ms
