Hash Join  (cost=156487.41..283977.93 rows=608598 width=0) (actual time=3339.242..7439.816 rows=2581856 loops=1)
  Hash Cond: (mk.movie_id = t.id)
  ->  Seq Scan on movie_keyword mk  (cost=0.00..81003.12 rows=3338244 width=4) (actual time=0.013..1866.233 rows=3328397 loops=1)
        Filter: (keyword_id < 15434)
        Rows Removed by Filter: 1195533
  ->  Hash  (cost=148924.19..148924.19 rows=460978 width=8) (actual time=3338.472..3338.472 rows=459925 loops=1)
        Buckets: 131072  Batches: 8  Memory Usage: 3284kB
        ->  Hash Join  (cost=102767.86..148924.19 rows=460978 width=8) (actual time=1817.951..3192.192 rows=459925 loops=1)
              Hash Cond: (mi_idx.movie_id = t.id)
              ->  Seq Scan on movie_info_idx mi_idx  (cost=0.00..25185.44 rows=460978 width=4) (actual time=0.023..537.249 rows=459925 loops=1)
                    Filter: (info_type_id = 99)
                    Rows Removed by Filter: 920110
              ->  Hash  (cost=61283.27..61283.27 rows=2528527 width=4) (actual time=1816.607..1816.607 rows=2528312 loops=1)
                    Buckets: 131072  Batches: 64  Memory Usage: 2415kB
                    ->  Seq Scan on title t  (cost=0.00..61283.27 rows=2528527 width=4) (actual time=0.007..1001.133 rows=2528312 loops=1)
Planning time: 1.129 ms
Execution time: 7775.341 ms
