Hash Join  (cost=187736.42..1275104.42 rows=5214282 width=0) (actual time=3667.244..35655.777 rows=14296653 loops=1)
  Hash Cond: (ci.movie_id = t.id)
  ->  Seq Scan on cast_info ci  (cost=0.00..614943.12 rows=36225612 width=4) (actual time=0.029..13736.960 rows=36244344 loops=1)
  ->  Hash  (cost=181765.00..181765.00 rows=363954 width=8) (actual time=3666.148..3666.148 rows=247298 loops=1)
        Buckets: 131072  Batches: 8  Memory Usage: 2210kB
        ->  Hash Join  (cost=80562.70..181765.00 rows=363954 width=8) (actual time=1380.247..3590.432 rows=247298 loops=1)
              Hash Cond: (mk.movie_id = t.id)
              ->  Seq Scan on movie_keyword mk  (cost=0.00..81003.12 rows=1165236 width=4) (actual time=0.025..1470.991 rows=1180275 loops=1)
                    Filter: (keyword_id > 15796)
                    Rows Removed by Filter: 3343655
              ->  Hash  (cost=67604.59..67604.59 rows=789769 width=4) (actual time=1378.838..1378.838 rows=784926 loops=1)
                    Buckets: 131072  Batches: 16  Memory Usage: 2756kB
                    ->  Seq Scan on title t  (cost=0.00..67604.59 rows=789769 width=4) (actual time=0.013..1123.498 rows=784926 loops=1)
                          Filter: (production_year > 2007)
                          Rows Removed by Filter: 1743386
Planning time: 1.108 ms
Execution time: 37163.236 ms
