Seq Scan on cast_info ci  (cost=0.00..796071.18 rows=13678323 width=0) (actual time=383.170..14763.583 rows=15439492 loops=1)
  Filter: ((person_id < 1695677) AND (role_id < 8))
  Rows Removed by Filter: 20804852
Planning time: 0.362 ms
Execution time: 16622.029 ms
