Hash Join  (cost=178640.28..690779.28 rows=1805536 width=0) (actual time=3850.886..18121.502 rows=5486442 loops=1)
  Hash Cond: (mi.movie_id = t.id)
  ->  Seq Scan on movie_info mi  (cost=0.00..346232.03 rows=12665229 width=4) (actual time=0.014..6840.312 rows=12744652 loops=1)
        Filter: (info_type_id > 2)
        Rows Removed by Filter: 2091068
  ->  Hash  (cost=172725.49..172725.49 rows=360463 width=8) (actual time=3849.711..3849.711 rows=356356 loops=1)
        Buckets: 131072  Batches: 8  Memory Usage: 2784kB
        ->  Hash Join  (cost=102767.86..172725.49 rows=360463 width=8) (actual time=2205.318..3750.755 rows=356356 loops=1)
              Hash Cond: (mc.movie_id = t.id)
              ->  Seq Scan on movie_companies mc  (cost=0.00..51404.11 rows=360463 width=4) (actual time=0.014..893.537 rows=356356 loops=1)
                    Filter: (company_id < 180)
                    Rows Removed by Filter: 2252773
              ->  Hash  (cost=61283.27..61283.27 rows=2528527 width=4) (actual time=2201.990..2201.990 rows=2528312 loops=1)
                    Buckets: 131072  Batches: 64  Memory Usage: 2415kB
                    ->  Seq Scan on title t  (cost=0.00..61283.27 rows=2528527 width=4) (actual time=0.020..1081.063 rows=2528312 loops=1)
Planning time: 0.790 ms
Execution time: 18795.998 ms
