Seq Scan on movie_companies mc  (cost=0.00..51404.11 rows=1473813 width=0) (actual time=52.463..838.027 rows=1478004 loops=1)
  Filter: (company_id > 8278)
  Rows Removed by Filter: 1131125
Planning time: 0.349 ms
Execution time: 1016.052 ms
