Hash Join  (cost=104693.99..617153.19 rows=6469051 width=0) (actual time=2916.724..14542.917 rows=5710268 loops=1)
  Hash Cond: (mi.movie_id = t.id)
  ->  Seq Scan on movie_info mi  (cost=0.00..346232.03 rows=7235534 width=4) (actual time=817.973..6099.339 rows=7286865 loops=1)
        Filter: (info_type_id < 8)
        Rows Removed by Filter: 7548855
  ->  Hash  (cost=67604.59..67604.59 rows=2260672 width=4) (actual time=2097.829..2097.829 rows=2253222 loops=1)
        Buckets: 131072  Batches: 32  Memory Usage: 3512kB
        ->  Seq Scan on title t  (cost=0.00..67604.59 rows=2260672 width=4) (actual time=0.020..1329.532 rows=2253222 loops=1)
              Filter: (production_year > 1955)
              Rows Removed by Filter: 275090
Planning time: 7.964 ms
Execution time: 15289.928 ms
