Hash Join  (cost=73962.22..160672.23 rows=5197 width=0) (actual time=1118.690..2942.270 rows=24942 loops=1)
  Hash Cond: (mk.movie_id = t.id)
  ->  Seq Scan on movie_keyword mk  (cost=0.00..69693.30 rows=4523930 width=4) (actual time=0.026..1025.572 rows=4523930 loops=1)
  ->  Hash  (cost=73925.90..73925.90 rows=2905 width=4) (actual time=1117.520..1117.520 rows=2787 loops=1)
        Buckets: 4096  Batches: 1  Memory Usage: 130kB
        ->  Seq Scan on title t  (cost=0.00..73925.90 rows=2905 width=4) (actual time=37.444..1116.164 rows=2787 loops=1)
              Filter: ((kind_id < 7) AND (production_year = 1936))
              Rows Removed by Filter: 2525525
Planning time: 0.764 ms
Execution time: 2945.651 ms
