Hash Join  (cost=74300.43..829382.19 rows=429259 width=0) (actual time=1263.997..20881.022 rows=472035 loops=1)
  Hash Cond: (ci.movie_id = t.id)
  ->  Seq Scan on cast_info ci  (cost=0.00..614943.12 rows=36225612 width=4) (actual time=0.021..9040.131 rows=36244344 loops=1)
  ->  Hash  (cost=73925.90..73925.90 rows=29962 width=4) (actual time=1263.721..1263.721 rows=32487 loops=1)
        Buckets: 32768  Batches: 1  Memory Usage: 1399kB
        ->  Seq Scan on title t  (cost=0.00..73925.90 rows=29962 width=4) (actual time=0.018..1249.485 rows=32487 loops=1)
              Filter: ((kind_id > 1) AND (production_year = 1997))
              Rows Removed by Filter: 2495825
Planning time: 2.618 ms
Execution time: 20951.985 ms
