Hash Join  (cost=75587.46..114228.52 rows=55258 width=0) (actual time=1252.787..2234.831 rows=23061 loops=1)
  Hash Cond: (mi_idx.movie_id = t.id)
  ->  Seq Scan on movie_info_idx mi_idx  (cost=0.00..21735.35 rows=1380035 width=4) (actual time=0.022..521.549 rows=1380035 loops=1)
  ->  Hash  (cost=73925.90..73925.90 rows=101244 width=4) (actual time=1251.989..1251.989 rows=110779 loops=1)
        Buckets: 131072  Batches: 2  Memory Usage: 2970kB
        ->  Seq Scan on title t  (cost=0.00..73925.90 rows=101244 width=4) (actual time=6.700..1209.907 rows=110779 loops=1)
              Filter: ((kind_id > 4) AND (production_year = 2012))
              Rows Removed by Filter: 2417533
Planning time: 0.824 ms
Execution time: 2238.340 ms
