Hash Join  (cost=709675.59..799823.59 rows=188 width=0) (actual time=10383.878..12179.744 rows=429 loops=1)
  Hash Cond: (mk.movie_id = t.id)
  ->  Seq Scan on movie_keyword mk  (cost=0.00..81003.12 rows=2438133 width=4) (actual time=0.024..1518.256 rows=2437610 loops=1)
        Filter: (keyword_id < 5800)
        Rows Removed by Filter: 2086320
  ->  Hash  (cost=709673.15..709673.15 rows=195 width=8) (actual time=10332.927..10332.927 rows=19 loops=1)
        Buckets: 1024  Batches: 1  Memory Usage: 9kB
        ->  Nested Loop  (cost=0.43..709673.15 rows=195 width=8) (actual time=4872.625..10332.906 rows=19 loops=1)
              ->  Seq Scan on cast_info ci  (cost=0.00..705507.15 rows=500 width=4) (actual time=4872.558..10323.585 rows=262 loops=1)
                    Filter: (person_id = 3891800)
                    Rows Removed by Filter: 36244082
              ->  Index Scan using title_pkey on title t  (cost=0.43..8.32 rows=1 width=4) (actual time=0.035..0.035 rows=0 loops=262)
                    Index Cond: (id = ci.movie_id)
                    Filter: (kind_id < 7)
                    Rows Removed by Filter: 1
Planning time: 1.254 ms
Execution time: 12179.934 ms
