Seq Scan on movie_companies mc  (cost=0.00..57926.93 rows=5374 width=0) (actual time=8.897..940.692 rows=2411 loops=1)
  Filter: ((company_type_id < 2) AND (company_id = 11))
  Rows Removed by Filter: 2606718
Planning time: 0.404 ms
Execution time: 941.221 ms
