Seq Scan on movie_keyword mk  (cost=0.00..81003.12 rows=246 width=0) (actual time=5.127..1373.456 rows=305 loops=1)
  Filter: (keyword_id = 5353)
  Rows Removed by Filter: 4523625
Planning time: 2.614 ms
Execution time: 1373.775 ms
