Hash Join  (cost=191600.13..231601.09 rows=134546 width=0) (actual time=3697.591..4727.675 rows=81348 loops=1)
  Hash Cond: (mi_idx.movie_id = t.id)
  ->  Seq Scan on movie_info_idx mi_idx  (cost=0.00..21735.35 rows=1380035 width=4) (actual time=0.015..452.875 rows=1380035 loops=1)
  ->  Hash  (cost=187555.65..187555.65 rows=246519 width=8) (actual time=3695.135..3695.135 rows=42676 loops=1)
        Buckets: 131072  Batches: 4  Memory Usage: 1450kB
        ->  Hash Join  (cost=92883.59..187555.65 rows=246519 width=8) (actual time=2421.002..3681.275 rows=42676 loops=1)
              Hash Cond: (mk.movie_id = t.id)
              ->  Seq Scan on movie_keyword mk  (cost=0.00..81003.12 rows=404549 width=4) (actual time=0.011..1286.418 rows=399731 loops=1)
                    Filter: (keyword_id > 43392)
                    Rows Removed by Filter: 4124199
              ->  Hash  (cost=67604.59..67604.59 rows=1540800 width=4) (actual time=1919.765..1919.765 rows=1543264 loops=1)
                    Buckets: 131072  Batches: 32  Memory Usage: 2728kB
                    ->  Seq Scan on title t  (cost=0.00..67604.59 rows=1540800 width=4) (actual time=213.847..1401.375 rows=1543264 loops=1)
                          Filter: (kind_id = 7)
                          Rows Removed by Filter: 985048
Planning time: 20.482 ms
Execution time: 4738.621 ms
