Seq Scan on movie_keyword mk  (cost=0.00..81003.12 rows=1877797 width=0) (actual time=0.026..1352.148 rows=1886100 loops=1)
  Filter: (keyword_id > 7268)
  Rows Removed by Filter: 2637830
Planning time: 0.338 ms
Execution time: 1595.176 ms
