Hash Join  (cost=68912.20..565888.40 rows=398957 width=0) (actual time=1136.313..13541.634 rows=770890 loops=1)
  Hash Cond: (mi.movie_id = t.id)
  ->  Seq Scan on movie_info mi  (cost=0.00..346232.03 rows=12665229 width=4) (actual time=0.024..7338.907 rows=12744652 loops=1)
        Filter: (info_type_id > 2)
        Rows Removed by Filter: 2091068
  ->  Hash  (cost=67604.59..67604.59 rows=79649 width=4) (actual time=1086.152..1086.152 rows=77866 loops=1)
        Buckets: 131072  Batches: 2  Memory Usage: 2395kB
        ->  Seq Scan on title t  (cost=0.00..67604.59 rows=79649 width=4) (actual time=42.341..1055.474 rows=77866 loops=1)
              Filter: (production_year < 1918)
              Rows Removed by Filter: 2450446
Planning time: 0.825 ms
Execution time: 13635.573 ms
