Hash Join  (cost=74281.64..161448.86 rows=50918 width=0) (actual time=1146.238..2440.813 rows=91520 loops=1)
  Hash Cond: (mk.movie_id = t.id)
  ->  Seq Scan on movie_keyword mk  (cost=0.00..69693.30 rows=4523930 width=4) (actual time=0.012..682.047 rows=4523930 loops=1)
  ->  Hash  (cost=73925.90..73925.90 rows=28459 width=4) (actual time=1146.034..1146.034 rows=16117 loops=1)
        Buckets: 32768  Batches: 1  Memory Usage: 823kB
        ->  Seq Scan on title t  (cost=0.00..73925.90 rows=28459 width=4) (actual time=219.885..1139.349 rows=16117 loops=1)
              Filter: ((kind_id = 1) AND (production_year = 2006))
              Rows Removed by Filter: 2512195
Planning time: 0.783 ms
Execution time: 2449.085 ms
