Seq Scan on cast_info ci  (cost=0.00..796071.18 rows=5866175 width=0) (actual time=7535.569..15270.063 rows=7451973 loops=1)
  Filter: ((person_id < 2950186) AND (role_id = 2))
  Rows Removed by Filter: 28792371
Planning time: 0.396 ms
Execution time: 16196.238 ms
