Seq Scan on movie_keyword mk  (cost=0.00..81003.12 rows=246 width=0) (actual time=2.293..1232.471 rows=716 loops=1)
  Filter: (keyword_id = 6431)
  Rows Removed by Filter: 4523214
Planning time: 0.351 ms
Execution time: 1232.818 ms
