Hash Join  (cost=113349.02..211612.23 rows=69547 width=0) (actual time=2379.097..4322.817 rows=80704 loops=1)
  Hash Cond: (mk.movie_id = t.id)
  ->  Seq Scan on movie_keyword mk  (cost=0.00..81003.12 rows=1389764 width=4) (actual time=0.017..1492.576 rows=1405185 loops=1)
        Filter: (keyword_id > 11912)
        Rows Removed by Filter: 3118745
  ->  Hash  (cost=111272.36..111272.36 rows=126533 width=8) (actual time=2376.356..2376.356 rows=69471 loops=1)
        Buckets: 131072  Batches: 2  Memory Usage: 2383kB
        ->  Hash Join  (cost=71408.55..111272.36 rows=126533 width=8) (actual time=1330.216..2352.579 rows=69471 loops=1)
              Hash Cond: (mi_idx.movie_id = t.id)
              ->  Seq Scan on movie_info_idx mi_idx  (cost=0.00..21735.35 rows=1380035 width=4) (actual time=0.027..443.894 rows=1380035 loops=1)
              ->  Hash  (cost=67604.59..67604.59 rows=231837 width=4) (actual time=1328.866..1328.866 rows=231649 loops=1)
                    Buckets: 131072  Batches: 4  Memory Usage: 3076kB
                    ->  Seq Scan on title t  (cost=0.00..67604.59 rows=231837 width=4) (actual time=0.032..1246.327 rows=231649 loops=1)
                          Filter: (production_year > 2011)
                          Rows Removed by Filter: 2296663
Planning time: 1.222 ms
Execution time: 4333.448 ms
