Seq Scan on cast_info ci  (cost=0.00..705507.15 rows=500 width=0) (actual time=2302.155..11337.101 rows=967 loops=1)
  Filter: (person_id = 2927018)
  Rows Removed by Filter: 36243377
Planning time: 0.289 ms
Execution time: 11337.348 ms
