Hash Join  (cost=138065.72..897484.03 rows=862915 width=0) (actual time=2852.597..23744.729 rows=1109426 loops=1)
  Hash Cond: (ci.movie_id = t.id)
  ->  Seq Scan on cast_info ci  (cost=0.00..614943.12 rows=36225612 width=4) (actual time=0.023..9441.727 rows=36244344 loops=1)
  ->  Hash  (cost=137312.83..137312.83 rows=60231 width=8) (actual time=2852.108..2852.108 rows=69964 loops=1)
        Buckets: 131072 (originally 65536)  Batches: 1 (originally 1)  Memory Usage: 3757kB
        ->  Hash Join  (cost=69484.36..137312.83 rows=60231 width=8) (actual time=1186.172..2823.255 rows=69964 loops=1)
              Hash Cond: (mc.movie_id = t.id)
              ->  Seq Scan on movie_companies mc  (cost=0.00..51404.11 rows=1329612 width=4) (actual time=0.020..1105.791 rows=1334883 loops=1)
                    Filter: (company_type_id > 1)
                    Rows Removed by Filter: 1274246
              ->  Hash  (cost=67604.59..67604.59 rows=114542 width=4) (actual time=1185.401..1185.401 rows=118234 loops=1)
                    Buckets: 131072  Batches: 2  Memory Usage: 3101kB
                    ->  Seq Scan on title t  (cost=0.00..67604.59 rows=114542 width=4) (actual time=0.730..1145.086 rows=118234 loops=1)
                          Filter: (kind_id = 4)
                          Rows Removed by Filter: 2410078
Planning time: 1.153 ms
Execution time: 23896.421 ms
