Seq Scan on movie_companies mc  (cost=0.00..57926.93 rows=51 width=0) (actual time=13.630..873.811 rows=81 loops=1)
  Filter: ((company_type_id < 2) AND (company_id = 14664))
  Rows Removed by Filter: 2609048
Planning time: 0.357 ms
Execution time: 873.944 ms
