Seq Scan on movie_keyword mk  (cost=0.00..81003.12 rows=2675939 width=0) (actual time=0.024..1495.447 rows=2670883 loops=1)
  Filter: (keyword_id < 7469)
  Rows Removed by Filter: 1853047
Planning time: 0.329 ms
Execution time: 1822.226 ms
