Seq Scan on movie_keyword mk  (cost=0.00..81003.12 rows=2713151 width=0) (actual time=0.022..1600.043 rows=2710357 loops=1)
  Filter: (keyword_id < 7663)
  Rows Removed by Filter: 1813573
Planning time: 0.362 ms
Execution time: 1942.053 ms
