Hash Join  (cost=82871.49..499446.62 rows=1072174 width=0) (actual time=2910.210..10700.525 rows=2289593 loops=1)
  Hash Cond: (mi.movie_id = t.id)
  ->  Seq Scan on movie_info mi  (cost=0.00..346232.03 rows=4972096 width=4) (actual time=1192.506..5862.254 rows=4923966 loops=1)
        Filter: (info_type_id < 5)
        Rows Removed by Filter: 9911754
  ->  Hash  (cost=73925.90..73925.90 rows=545247 width=4) (actual time=1356.828..1356.828 rows=557319 loops=1)
        Buckets: 131072  Batches: 8  Memory Usage: 3494kB
        ->  Seq Scan on title t  (cost=0.00..73925.90 rows=545247 width=4) (actual time=0.474..1180.664 rows=557319 loops=1)
              Filter: ((production_year < 2011) AND (kind_id = 1))
              Rows Removed by Filter: 1970993
Planning time: 0.830 ms
Execution time: 10986.785 ms
