Hash Join  (cost=101692.59..158262.50 rows=10074 width=0) (actual time=1836.469..3034.149 rows=13329 loops=1)
  Hash Cond: (mc.movie_id = t.id)
  ->  Seq Scan on movie_companies mc  (cost=0.00..51404.11 rows=1350682 width=4) (actual time=0.027..927.886 rows=1357836 loops=1)
        Filter: (company_id > 11151)
        Rows Removed by Filter: 1251293
  ->  Hash  (cost=101456.87..101456.87 rows=18858 width=8) (actual time=1836.162..1836.162 rows=18822 loops=1)
        Buckets: 32768  Batches: 1  Memory Usage: 992kB
        ->  Hash Join  (cost=74357.80..101456.87 rows=18858 width=8) (actual time=1198.448..1829.497 rows=18822 loops=1)
              Hash Cond: (mi_idx.movie_id = t.id)
              ->  Seq Scan on movie_info_idx mi_idx  (cost=0.00..21735.35 rows=1380035 width=4) (actual time=0.023..306.941 rows=1380035 loops=1)
              ->  Hash  (cost=73925.90..73925.90 rows=34552 width=4) (actual time=1197.591..1197.591 rows=39508 loops=1)
                    Buckets: 65536  Batches: 1  Memory Usage: 1901kB
                    ->  Seq Scan on title t  (cost=0.00..73925.90 rows=34552 width=4) (actual time=0.039..1180.248 rows=39508 loops=1)
                          Filter: ((kind_id > 1) AND (production_year = 1998))
                          Rows Removed by Filter: 2488804
Planning time: 1.217 ms
Execution time: 3036.327 ms
