Hash Join  (cost=157596.62..908485.93 rows=10020 width=0) (actual time=2519.674..17375.644 rows=114816 loops=1)
  Hash Cond: (ci.movie_id = t.id)
  ->  Seq Scan on cast_info ci  (cost=0.00..614943.12 rows=36225612 width=4) (actual time=0.018..7695.222 rows=36244344 loops=1)
  ->  Hash  (cost=157587.88..157587.88 rows=699 width=8) (actual time=2519.360..2519.360 rows=3994 loops=1)
        Buckets: 4096 (originally 1024)  Batches: 1 (originally 1)  Memory Usage: 189kB
        ->  Hash Join  (cost=73957.54..157587.88 rows=699 width=8) (actual time=1102.296..2517.432 rows=3994 loops=1)
              Hash Cond: (mk.movie_id = t.id)
              ->  Seq Scan on movie_keyword mk  (cost=0.00..81003.12 rows=698727 width=4) (actual time=0.058..1282.800 rows=695709 loops=1)
                    Filter: (keyword_id < 579)
                    Rows Removed by Filter: 3828221
              ->  Hash  (cost=73925.90..73925.90 rows=2531 width=4) (actual time=1101.980..1101.980 rows=5858 loops=1)
                    Buckets: 8192 (originally 4096)  Batches: 1 (originally 1)  Memory Usage: 270kB
                    ->  Seq Scan on title t  (cost=0.00..73925.90 rows=2531 width=4) (actual time=0.162..1098.877 rows=5858 loops=1)
                          Filter: ((kind_id < 4) AND (production_year = 1969))
                          Rows Removed by Filter: 2522454
Planning time: 1.205 ms
Execution time: 17393.206 ms
