Hash Join  (cost=251805.02..674201.92 rows=2787690 width=0) (actual time=8470.704..15581.826 rows=10289676 loops=1)
  Hash Cond: (mi.movie_id = t.id)
  ->  Seq Scan on movie_info mi  (cost=0.00..346232.03 rows=3068194 width=4) (actual time=2344.094..4750.130 rows=3036719 loops=1)
        Filter: (info_type_id = 16)
        Rows Removed by Filter: 11799001
  ->  Hash  (cost=214113.01..214113.01 rows=2297361 width=8) (actual time=6125.405..6125.405 rows=2416390 loops=1)
        Buckets: 131072  Batches: 32  Memory Usage: 4024kB
        ->  Hash Join  (cost=104131.46..214113.01 rows=2297361 width=8) (actual time=2002.302..5390.543 rows=2416390 loops=1)
              Hash Cond: (mc.movie_id = t.id)
              ->  Seq Scan on movie_companies mc  (cost=0.00..44881.29 rows=2609129 width=4) (actual time=0.024..894.009 rows=2609129 loops=1)
              ->  Hash  (cost=67604.59..67604.59 rows=2226390 width=4) (actual time=2001.351..2001.351 rows=2224569 loops=1)
                    Buckets: 131072  Batches: 32  Memory Usage: 3463kB
                    ->  Seq Scan on title t  (cost=0.00..67604.59 rows=2226390 width=4) (actual time=0.016..1299.743 rows=2224569 loops=1)
                          Filter: (production_year < 2012)
                          Rows Removed by Filter: 303743
Planning time: 1.156 ms
Execution time: 16798.082 ms
