Hash Join  (cost=267005.29..1743678.64 rows=31748593 width=0) (actual time=6427.306..57205.265 rows=60535154 loops=1)
  Hash Cond: (ci.movie_id = t.id)
  ->  Seq Scan on cast_info ci  (cost=0.00..705507.15 rows=31554923 width=4) (actual time=0.019..17505.825 rows=31605208 loops=1)
        Filter: (role_id < 10)
        Rows Removed by Filter: 4639136
  ->  Hash  (cost=225266.72..225266.72 rows=2544046 width=8) (actual time=6426.546..6426.546 rows=2542342 loops=1)
        Buckets: 131072  Batches: 64  Memory Usage: 2572kB
        ->  Hash Join  (cost=102767.86..225266.72 rows=2544046 width=8) (actual time=1942.058..5686.755 rows=2542342 loops=1)
              Hash Cond: (mc.movie_id = t.id)
              ->  Seq Scan on movie_companies mc  (cost=0.00..51404.11 rows=2544046 width=4) (actual time=0.035..1242.793 rows=2542342 loops=1)
                    Filter: (company_id > 6)
                    Rows Removed by Filter: 66787
              ->  Hash  (cost=61283.27..61283.27 rows=2528527 width=4) (actual time=1940.985..1940.985 rows=2528312 loops=1)
                    Buckets: 131072  Batches: 64  Memory Usage: 2415kB
                    ->  Seq Scan on title t  (cost=0.00..61283.27 rows=2528527 width=4) (actual time=0.009..1115.817 rows=2528312 loops=1)
Planning time: 1.110 ms
Execution time: 64149.565 ms
