Hash Join  (cost=118128.04..211135.62 rows=1015706 width=144) (actual time=2683.110..5000.160 rows=750135 loops=1)
  Hash Cond: (mi_idx.movie_id = t.id)
  ->  Seq Scan on movie_info_idx mi_idx  (cost=0.00..21735.35 rows=1380035 width=50) (actual time=0.028..463.011 rows=1380035 loops=1)
  ->  Hash  (cost=67604.59..67604.59 rows=1860996 width=94) (actual time=2680.767..2680.767 rows=1865487 loops=1)
        Buckets: 32768  Batches: 64  Memory Usage: 3598kB
        ->  Seq Scan on title t  (cost=0.00..67604.59 rows=1860996 width=94) (actual time=0.026..1857.348 rows=1865487 loops=1)
              Filter: (kind_id > 1)
              Rows Removed by Filter: 662825
Planning time: 0.937 ms
Execution time: 5039.700 ms
