Seq Scan on movie_companies mc  (cost=0.00..51404.11 rows=896306 width=0) (actual time=0.020..824.462 rows=892966 loops=1)
  Filter: (company_id < 2805)
  Rows Removed by Filter: 1716163
Planning time: 0.334 ms
Execution time: 938.601 ms
