Hash Join  (cost=583046.46..780084.75 rows=4819530 width=0) (actual time=12414.061..23868.272 rows=33103929 loops=1)
  Hash Cond: (mk.movie_id = t.id)
  ->  Seq Scan on movie_keyword mk  (cost=0.00..81003.12 rows=3971819 width=4) (actual time=0.015..1804.884 rows=3972207 loops=1)
        Filter: (keyword_id > 394)
        Rows Removed by Filter: 551723
  ->  Hash  (cost=532708.04..532708.04 rows=3068194 width=8) (actual time=12412.646..12412.646 rows=3036719 loops=1)
        Buckets: 131072  Batches: 64  Memory Usage: 2960kB
        ->  Hash Join  (cost=102767.86..532708.04 rows=3068194 width=8) (actual time=6077.637..11475.206 rows=3036719 loops=1)
              Hash Cond: (mi.movie_id = t.id)
              ->  Seq Scan on movie_info mi  (cost=0.00..346232.03 rows=3068194 width=4) (actual time=4141.300..5825.113 rows=3036719 loops=1)
                    Filter: (info_type_id = 16)
                    Rows Removed by Filter: 11799001
              ->  Hash  (cost=61283.27..61283.27 rows=2528527 width=4) (actual time=1934.437..1934.437 rows=2528312 loops=1)
                    Buckets: 131072  Batches: 64  Memory Usage: 2425kB
                    ->  Seq Scan on title t  (cost=0.00..61283.27 rows=2528527 width=4) (actual time=0.013..1050.900 rows=2528312 loops=1)
Planning time: 1.182 ms
Execution time: 27526.982 ms
