Seq Scan on movie_keyword mk  (cost=0.00..81003.12 rows=4055384 width=0) (actual time=0.026..1683.750 rows=4057919 loops=1)
  Filter: (keyword_id < 38226)
  Rows Removed by Filter: 466011
Planning time: 0.364 ms
Execution time: 2198.009 ms
