Hash Join  (cost=210027.31..251509.62 rows=220883 width=0) (actual time=4245.149..5496.594 rows=930832 loops=1)
  Hash Cond: (mi_idx.movie_id = t.id)
  ->  Seq Scan on movie_info_idx mi_idx  (cost=0.00..21735.35 rows=1380035 width=4) (actual time=0.024..454.859 rows=1380035 loops=1)
  ->  Hash  (cost=203387.47..203387.47 rows=404707 width=8) (actual time=4244.228..4244.228 rows=399881 loops=1)
        Buckets: 131072  Batches: 8  Memory Usage: 3002kB
        ->  Hash Join  (cost=102767.86..203387.47 rows=404707 width=8) (actual time=1995.734..4120.274 rows=399881 loops=1)
              Hash Cond: (mk.movie_id = t.id)
              ->  Seq Scan on movie_keyword mk  (cost=0.00..81003.12 rows=404707 width=4) (actual time=0.031..1322.126 rows=399881 loops=1)
                    Filter: (keyword_id > 43378)
                    Rows Removed by Filter: 4124049
              ->  Hash  (cost=61283.27..61283.27 rows=2528527 width=4) (actual time=1994.909..1994.909 rows=2528312 loops=1)
                    Buckets: 131072  Batches: 64  Memory Usage: 2425kB
                    ->  Seq Scan on title t  (cost=0.00..61283.27 rows=2528527 width=4) (actual time=0.015..1105.880 rows=2528312 loops=1)
Planning time: 1.177 ms
Execution time: 5588.790 ms
