Hash Join  (cost=102767.86..284051.34 rows=3756945 width=0) (actual time=2024.677..6702.520 rows=3748800 loops=1)
  Hash Cond: (mk.movie_id = t.id)
  ->  Seq Scan on movie_keyword mk  (cost=0.00..81003.12 rows=3756945 width=4) (actual time=0.017..1660.743 rows=3748800 loops=1)
        Filter: (keyword_id < 24328)
        Rows Removed by Filter: 775130
  ->  Hash  (cost=61283.27..61283.27 rows=2528527 width=4) (actual time=2022.093..2022.093 rows=2528312 loops=1)
        Buckets: 131072  Batches: 64  Memory Usage: 2425kB
        ->  Seq Scan on title t  (cost=0.00..61283.27 rows=2528527 width=4) (actual time=0.006..1146.725 rows=2528312 loops=1)
Planning time: 0.843 ms
Execution time: 7106.307 ms
