Hash Join  (cost=74291.13..172632.93 rows=51831 width=0) (actual time=1319.549..3389.301 rows=33363 loops=1)
  Hash Cond: (mk.movie_id = t.id)
  ->  Seq Scan on movie_keyword mk  (cost=0.00..81003.12 rows=4485431 width=4) (actual time=0.018..1438.511 rows=4488046 loops=1)
        Filter: (keyword_id < 106963)
        Rows Removed by Filter: 35884
  ->  Hash  (cost=73925.90..73925.90 rows=29218 width=4) (actual time=1319.286..1319.286 rows=30850 loops=1)
        Buckets: 32768  Batches: 1  Memory Usage: 1341kB
        ->  Seq Scan on title t  (cost=0.00..73925.90 rows=29218 width=4) (actual time=0.355..1306.145 rows=30850 loops=1)
              Filter: ((kind_id > 1) AND (production_year = 1995))
              Rows Removed by Filter: 2497462
Planning time: 0.736 ms
Execution time: 3393.717 ms
