Seq Scan on movie_companies mc  (cost=0.00..51404.11 rows=1327672 width=0) (actual time=0.016..893.117 rows=1317791 loops=1)
  Filter: (company_id < 11373)
  Rows Removed by Filter: 1291338
Planning time: 0.311 ms
Execution time: 1064.766 ms
