Hash Join  (cost=227285.54..772182.81 rows=6100335 width=0) (actual time=5765.136..47910.645 rows=141353515 loops=1)
  Hash Cond: (mi.movie_id = t.id)
  ->  Seq Scan on movie_info mi  (cost=0.00..309384.22 rows=14739122 width=4) (actual time=0.015..6078.161 rows=14835720 loops=1)
  ->  Hash  (cost=210115.98..210115.98 rows=1046525 width=8) (actual time=5761.831..5761.831 rows=2268683 loops=1)
        Buckets: 131072 (originally 131072)  Batches: 32 (originally 16)  Memory Usage: 3864kB
        ->  Hash Join  (cost=83810.17..210115.98 rows=1046525 width=8) (actual time=1485.488..5102.978 rows=2268683 loops=1)
              Hash Cond: (mk.movie_id = t.id)
              ->  Seq Scan on movie_keyword mk  (cost=0.00..81003.12 rows=2679047 width=4) (actual time=0.020..1682.498 rows=2665808 loops=1)
                    Filter: (keyword_id > 3095)
                    Rows Removed by Filter: 1858122
              ->  Hash  (cost=67604.59..67604.59 rows=987727 width=4) (actual time=1484.210..1484.210 rows=985048 loops=1)
                    Buckets: 131072  Batches: 16  Memory Usage: 3197kB
                    ->  Seq Scan on title t  (cost=0.00..67604.59 rows=987727 width=4) (actual time=0.017..1179.468 rows=985048 loops=1)
                          Filter: (kind_id < 7)
                          Rows Removed by Filter: 1543264
Planning time: 1.181 ms
Execution time: 62259.816 ms
