Seq Scan on movie_companies mc  (cost=0.00..51404.11 rows=104 width=0) (actual time=39.604..861.516 rows=161 loops=1)
  Filter: (company_id = 5499)
  Rows Removed by Filter: 2608968
Planning time: 0.551 ms
Execution time: 861.682 ms
