Seq Scan on cast_info ci  (cost=0.00..705507.15 rows=24589524 width=0) (actual time=0.024..12726.917 rows=24572169 loops=1)
  Filter: (person_id < 2525834)
  Rows Removed by Filter: 11672175
Planning time: 0.356 ms
Execution time: 15776.242 ms
