Seq Scan on title t  (cost=0.00..67604.59 rows=432378 width=0) (actual time=0.028..1107.030 rows=423779 loops=1)
  Filter: (production_year < 1974)
  Rows Removed by Filter: 2104533
Planning time: 0.325 ms
Execution time: 1165.701 ms
