Seq Scan on movie_keyword mk  (cost=0.00..81003.12 rows=2679134 width=0) (actual time=0.013..1580.274 rows=2675471 loops=1)
  Filter: (keyword_id < 7491)
  Rows Removed by Filter: 1848459
Planning time: 0.350 ms
Execution time: 1922.731 ms
