Hash Join  (cost=102767.86..880624.93 rows=2596180 width=0) (actual time=2090.309..16367.377 rows=2546040 loops=1)
  Hash Cond: (ci.movie_id = t.id)
  ->  Seq Scan on cast_info ci  (cost=0.00..705507.15 rows=2596180 width=4) (actual time=218.918..11833.529 rows=2546040 loops=1)
        Filter: (person_id < 245975)
        Rows Removed by Filter: 33698304
  ->  Hash  (cost=61283.27..61283.27 rows=2528527 width=4) (actual time=1870.235..1870.235 rows=2528312 loops=1)
        Buckets: 131072  Batches: 64  Memory Usage: 2415kB
        ->  Seq Scan on title t  (cost=0.00..61283.27 rows=2528527 width=4) (actual time=0.023..1043.531 rows=2528312 loops=1)
Planning time: 0.529 ms
Execution time: 16676.134 ms
