Hash Join  (cost=280629.39..389514.46 rows=2217814 width=0) (actual time=6322.473..12677.242 rows=17094842 loops=1)
  Hash Cond: (mc.movie_id = t.id)
  ->  Seq Scan on movie_companies mc  (cost=0.00..44881.29 rows=2609129 width=4) (actual time=0.015..853.875 rows=2609129 loops=1)
  ->  Hash  (cost=245367.12..245367.12 rows=2149301 width=8) (actual time=6321.319..6321.319 rows=2147525 loops=1)
        Buckets: 131072  Batches: 32  Memory Usage: 3630kB
        ->  Hash Join  (cost=102767.86..245367.12 rows=2149301 width=8) (actual time=2074.253..5731.785 rows=2147525 loops=1)
              Hash Cond: (mk.movie_id = t.id)
              ->  Seq Scan on movie_keyword mk  (cost=0.00..81003.12 rows=2149301 width=4) (actual time=0.016..1657.403 rows=2147525 loops=1)
                    Filter: (keyword_id > 5425)
                    Rows Removed by Filter: 2376405
              ->  Hash  (cost=61283.27..61283.27 rows=2528527 width=4) (actual time=2072.890..2072.890 rows=2528312 loops=1)
                    Buckets: 131072  Batches: 64  Memory Usage: 2425kB
                    ->  Seq Scan on title t  (cost=0.00..61283.27 rows=2528527 width=4) (actual time=0.022..1202.416 rows=2528312 loops=1)
Planning time: 1.298 ms
Execution time: 14654.263 ms
