Seq Scan on movie_companies mc  (cost=0.00..57926.93 rows=34111 width=0) (actual time=119.016..901.568 rows=8290 loops=1)
  Filter: ((company_id < 11) AND (company_type_id > 1))
  Rows Removed by Filter: 2600839
Planning time: 0.259 ms
Execution time: 902.828 ms
