Nested Loop  (cost=0.43..83071.67 rows=246 width=0) (actual time=5.551..1424.576 rows=41 loops=1)
  ->  Seq Scan on movie_keyword mk  (cost=0.00..81003.12 rows=246 width=4) (actual time=5.481..1422.846 rows=41 loops=1)
        Filter: (keyword_id = 20742)
        Rows Removed by Filter: 4523889
  ->  Index Only Scan using title_pkey on title t  (cost=0.43..8.40 rows=1 width=4) (actual time=0.037..0.038 rows=1 loops=41)
        Index Cond: (id = mk.movie_id)
        Heap Fetches: 41
Planning time: 0.695 ms
Execution time: 1424.668 ms
