Seq Scan on movie_keyword mk  (cost=0.00..81003.12 rows=1739603 width=0) (actual time=0.027..1570.269 rows=1747071 loops=1)
  Filter: (keyword_id < 2853)
  Rows Removed by Filter: 2776859
Planning time: 0.330 ms
Execution time: 1796.072 ms
