Seq Scan on movie_keyword mk  (cost=0.00..81003.12 rows=3820147 width=0) (actual time=0.016..1637.298 rows=3813640 loops=1)
  Filter: (keyword_id < 26607)
  Rows Removed by Filter: 710290
Planning time: 0.209 ms
Execution time: 2114.115 ms
