Hash Join  (cost=130406.85..1201146.47 rows=3595545 width=0) (actual time=2660.204..37047.568 rows=11366680 loops=1)
  Hash Cond: (ci.movie_id = t.id)
  ->  Seq Scan on cast_info ci  (cost=0.00..614943.12 rows=36225612 width=4) (actual time=0.021..13697.510 rows=36244344 loops=1)
  ->  Hash  (cost=126288.77..126288.77 rows=250967 width=8) (actual time=2659.370..2659.370 rows=408290 loops=1)
        Buckets: 131072 (originally 131072)  Batches: 8 (originally 4)  Memory Usage: 3073kB
        ->  Hash Join  (cost=85303.03..126288.77 rows=250967 width=8) (actual time=1393.073..2533.662 rows=408290 loops=1)
              Hash Cond: (mi_idx.movie_id = t.id)
              ->  Seq Scan on movie_info_idx mi_idx  (cost=0.00..25185.44 rows=915101 width=4) (actual time=0.030..482.331 rows=919850 loops=1)
                    Filter: (info_type_id < 101)
                    Rows Removed by Filter: 460185
              ->  Hash  (cost=73925.90..73925.90 rows=693450 width=4) (actual time=1390.226..1390.226 rows=595167 loops=1)
                    Buckets: 131072  Batches: 16  Memory Usage: 2330kB
                    ->  Seq Scan on title t  (cost=0.00..73925.90 rows=693450 width=4) (actual time=0.024..1216.750 rows=595167 loops=1)
                          Filter: ((kind_id < 7) AND (production_year > 1989))
                          Rows Removed by Filter: 1933145
Planning time: 1.136 ms
Execution time: 38457.652 ms
