Hash Join  (cost=290595.59..1168919.68 rows=3098732 width=0) (actual time=17989.314..26587.367 rows=7441889 loops=1)
  Hash Cond: (ci.movie_id = t.id)
  ->  Seq Scan on cast_info ci  (cost=0.00..796071.18 rows=3270717 width=4) (actual time=11336.824..15727.279 rows=3538387 loops=1)
        Filter: ((person_id < 2992263) AND (role_id = 3))
        Rows Removed by Filter: 32705957
  ->  Hash  (cost=251292.98..251292.98 rows=2395569 width=8) (actual time=6651.465..6651.465 rows=2396249 loops=1)
        Buckets: 131072  Batches: 32  Memory Usage: 3932kB
        ->  Hash Join  (cost=102767.86..251292.98 rows=2395569 width=8) (actual time=1937.025..6018.115 rows=2396249 loops=1)
              Hash Cond: (mk.movie_id = t.id)
              ->  Seq Scan on movie_keyword mk  (cost=0.00..81003.12 rows=2395569 width=4) (actual time=0.031..1680.236 rows=2396249 loops=1)
                    Filter: (keyword_id < 5569)
                    Rows Removed by Filter: 2127681
              ->  Hash  (cost=61283.27..61283.27 rows=2528527 width=4) (actual time=1934.980..1934.980 rows=2528312 loops=1)
                    Buckets: 131072  Batches: 64  Memory Usage: 2425kB
                    ->  Seq Scan on title t  (cost=0.00..61283.27 rows=2528527 width=4) (actual time=0.009..1071.350 rows=2528312 loops=1)
Planning time: 1.113 ms
Execution time: 27427.410 ms
