Hash Join  (cost=132188.11..496965.52 rows=12146 width=0) (actual time=1471.863..8818.464 rows=137190 loops=1)
  Hash Cond: (mi.movie_id = t.id)
  ->  Seq Scan on movie_info mi  (cost=0.00..309384.22 rows=14739122 width=4) (actual time=0.013..4359.047 rows=14835720 loops=1)
  ->  Hash  (cost=132162.07..132162.07 rows=2084 width=8) (actual time=1471.507..1471.507 rows=3558 loops=1)
        Buckets: 4096  Batches: 1  Memory Usage: 171kB
        ->  Nested Loop  (cost=0.43..132162.07 rows=2084 width=8) (actual time=0.579..1469.327 rows=3558 loops=1)
              ->  Seq Scan on movie_keyword mk  (cost=0.00..81003.12 rows=7389 width=4) (actual time=0.305..1254.809 rows=7704 loops=1)
                    Filter: (keyword_id = 797)
                    Rows Removed by Filter: 4516226
              ->  Index Scan using title_pkey on title t  (cost=0.43..6.91 rows=1 width=4) (actual time=0.027..0.027 rows=0 loops=7704)
                    Index Cond: (id = mk.movie_id)
                    Filter: (production_year < 1991)
                    Rows Removed by Filter: 1
Planning time: 2.365 ms
Execution time: 8839.457 ms
