Hash Join  (cost=202668.98..594869.82 rows=319398 width=0) (actual time=6144.566..11659.684 rows=855167 loops=1)
  Hash Cond: (mi.movie_id = t.id)
  ->  Seq Scan on movie_info mi  (cost=0.00..346232.03 rows=3623957 width=4) (actual time=2091.361..5844.677 rows=3624977 loops=1)
        Filter: (info_type_id < 4)
        Rows Removed by Filter: 11210743
  ->  Hash  (cost=199012.33..199012.33 rows=222852 width=8) (actual time=4052.333..4052.333 rows=235890 loops=1)
        Buckets: 131072  Batches: 4  Memory Usage: 3360kB
        ->  Hash Join  (cost=102767.86..199012.33 rows=222852 width=8) (actual time=1938.615..3977.698 rows=235890 loops=1)
              Hash Cond: (mk.movie_id = t.id)
              ->  Seq Scan on movie_keyword mk  (cost=0.00..81003.12 rows=222852 width=4) (actual time=0.032..1420.681 rows=235890 loops=1)
                    Filter: (keyword_id < 196)
                    Rows Removed by Filter: 4288040
              ->  Hash  (cost=61283.27..61283.27 rows=2528527 width=4) (actual time=1937.225..1937.225 rows=2528312 loops=1)
                    Buckets: 131072  Batches: 64  Memory Usage: 2425kB
                    ->  Seq Scan on title t  (cost=0.00..61283.27 rows=2528527 width=4) (actual time=0.016..1084.808 rows=2528312 loops=1)
Planning time: 4.246 ms
Execution time: 11755.870 ms
