Seq Scan on movie_keyword mk  (cost=0.00..81003.12 rows=1181757 width=0) (actual time=0.019..1418.269 rows=1189861 loops=1)
  Filter: (keyword_id < 1420)
  Rows Removed by Filter: 3334069
Planning time: 0.335 ms
Execution time: 1570.998 ms
