Hash Join  (cost=132923.18..262224.08 rows=599086 width=0) (actual time=2973.050..7701.384 rows=6958996 loops=1)
  Hash Cond: (mk.movie_id = t.id)
  ->  Seq Scan on movie_keyword mk  (cost=0.00..69693.30 rows=4523930 width=4) (actual time=0.014..1390.169 rows=4523930 loops=1)
  ->  Hash  (cost=127429.64..127429.64 rows=334843 width=8) (actual time=2972.259..2972.259 rows=578053 loops=1)
        Buckets: 131072  Batches: 8  Memory Usage: 3875kB
        ->  Hash Join  (cost=83991.73..127429.64 rows=334843 width=8) (actual time=1613.698..2808.676 rows=578053 loops=1)
              Hash Cond: (mi_idx.movie_id = t.id)
              ->  Seq Scan on movie_info_idx mi_idx  (cost=0.00..21735.35 rows=1380035 width=4) (actual time=0.013..441.019 rows=1380035 loops=1)
              ->  Hash  (cost=73925.90..73925.90 rows=613506 width=4) (actual time=1506.751..1506.751 rows=517883 loops=1)
                    Buckets: 131072  Batches: 16  Memory Usage: 2160kB
                    ->  Seq Scan on title t  (cost=0.00..73925.90 rows=613506 width=4) (actual time=0.023..1352.313 rows=517883 loops=1)
                          Filter: ((production_year > 1938) AND (kind_id = 1))
                          Rows Removed by Filter: 2010429
Planning time: 1.206 ms
Execution time: 8450.874 ms
