Seq Scan on movie_companies mc  (cost=0.00..57926.93 rows=924423 width=0) (actual time=0.030..1021.874 rows=768386 loops=1)
  Filter: ((company_id > 1375) AND (company_type_id < 2))
  Rows Removed by Filter: 1840743
Planning time: 0.376 ms
Execution time: 1117.252 ms
