Hash Join  (cost=913129.68..1011746.36 rows=61790 width=0) (actual time=15160.299..17153.701 rows=152106 loops=1)
  Hash Cond: (mk.movie_id = t.id)
  ->  Seq Scan on movie_keyword mk  (cost=0.00..81003.12 rows=1432975 width=4) (actual time=0.015..1523.144 rows=1446966 loops=1)
        Filter: (keyword_id > 11545)
        Rows Removed by Filter: 3076964
  ->  Hash  (cost=911340.79..911340.79 rows=109031 width=8) (actual time=15159.681..15159.681 rows=44656 loops=1)
        Buckets: 131072  Batches: 2  Memory Usage: 1902kB
        ->  Hash Join  (cost=102767.86..911340.79 rows=109031 width=8) (actual time=7957.229..15143.052 rows=44656 loops=1)
              Hash Cond: (ci.movie_id = t.id)
              ->  Seq Scan on cast_info ci  (cost=0.00..796071.18 rows=109031 width=4) (actual time=6066.501..12838.232 rows=44656 loops=1)
                    Filter: ((person_id < 1099305) AND (role_id > 10))
                    Rows Removed by Filter: 36199688
              ->  Hash  (cost=61283.27..61283.27 rows=2528527 width=4) (actual time=1888.923..1888.923 rows=2528312 loops=1)
                    Buckets: 131072  Batches: 64  Memory Usage: 2415kB
                    ->  Seq Scan on title t  (cost=0.00..61283.27 rows=2528527 width=4) (actual time=0.025..1027.019 rows=2528312 loops=1)
Planning time: 0.835 ms
Execution time: 17171.877 ms
