Hash Join  (cost=84095.99..219610.06 rows=1109003 width=0) (actual time=1444.846..5129.523 rows=2776227 loops=1)
  Hash Cond: (mk.movie_id = t.id)
  ->  Seq Scan on movie_keyword mk  (cost=0.00..69693.30 rows=4523930 width=4) (actual time=0.008..1411.797 rows=4523930 loops=1)
  ->  Hash  (cost=73925.90..73925.90 rows=619847 width=4) (actual time=1443.196..1443.196 rows=541000 loops=1)
        Buckets: 131072  Batches: 16  Memory Usage: 2221kB
        ->  Seq Scan on title t  (cost=0.00..73925.90 rows=619847 width=4) (actual time=516.697..1246.334 rows=541000 loops=1)
              Filter: ((production_year > 1929) AND (kind_id = 1))
              Rows Removed by Filter: 1987312
Planning time: 0.710 ms
Execution time: 5361.849 ms
