Nested Loop  (cost=0.43..69888.19 rows=479 width=0) (actual time=0.404..916.988 rows=6 loops=1)
  ->  Seq Scan on movie_companies mc  (cost=0.00..51404.11 rows=2348 width=4) (actual time=0.330..837.676 rows=2436 loops=1)
        Filter: (company_id = 252)
        Rows Removed by Filter: 2606693
  ->  Index Scan using title_pkey on title t  (cost=0.43..7.86 rows=1 width=4) (actual time=0.032..0.032 rows=0 loops=2436)
        Index Cond: (id = mc.movie_id)
        Filter: (production_year < 1980)
        Rows Removed by Filter: 1
Planning time: 0.773 ms
Execution time: 917.095 ms
