Hash Join  (cost=107928.35..208457.01 rows=1704954 width=0) (actual time=2432.449..5253.978 rows=1736090 loops=1)
  Hash Cond: (mc.movie_id = t.id)
  ->  Seq Scan on movie_companies mc  (cost=0.00..51404.11 rows=1754002 width=4) (actual time=0.040..1065.017 rows=1747633 loops=1)
        Filter: (company_id < 24148)
        Rows Removed by Filter: 861496
  ->  Hash  (cost=67604.59..67604.59 rows=2457821 width=4) (actual time=2431.128..2431.128 rows=2456218 loops=1)
        Buckets: 131072  Batches: 64  Memory Usage: 2375kB
        ->  Seq Scan on title t  (cost=0.00..67604.59 rows=2457821 width=4) (actual time=0.025..1458.332 rows=2456218 loops=1)
              Filter: (production_year > 0)
              Rows Removed by Filter: 72094
Planning time: 0.761 ms
Execution time: 5459.806 ms
