Hash Join  (cost=307979.73..853044.22 rows=8542137 width=0) (actual time=8533.521..31980.665 rows=49751406 loops=1)
  Hash Cond: (mi.movie_id = t.id)
  ->  Seq Scan on movie_info mi  (cost=0.00..346232.03 rows=7235534 width=4) (actual time=66.575..6868.935 rows=7286865 loops=1)
        Filter: (info_type_id < 8)
        Rows Removed by Filter: 7548855
  ->  Hash  (cost=259004.58..259004.58 rows=2985132 width=8) (actual time=8465.945..8465.945 rows=3613802 loops=1)
        Buckets: 131072  Batches: 64  Memory Usage: 3306kB
        ->  Hash Join  (cost=94978.31..259004.58 rows=2985132 width=8) (actual time=1868.929..7350.590 rows=3613802 loops=1)
              Hash Cond: (mk.movie_id = t.id)
              ->  Seq Scan on movie_keyword mk  (cost=0.00..69693.30 rows=4523930 width=4) (actual time=0.023..1433.700 rows=4523930 loops=1)
              ->  Hash  (cost=67604.59..67604.59 rows=1668458 width=4) (actual time=1867.599..1867.599 rows=1671292 loops=1)
                    Buckets: 131072  Batches: 32  Memory Usage: 2866kB
                    ->  Seq Scan on title t  (cost=0.00..67604.59 rows=1668458 width=4) (actual time=0.018..1309.988 rows=1671292 loops=1)
                          Filter: (production_year < 2008)
                          Rows Removed by Filter: 857020
Planning time: 1.240 ms
Execution time: 37543.018 ms
