Seq Scan on movie_keyword mk  (cost=0.00..81003.12 rows=3935551 width=0) (actual time=0.027..1418.741 rows=3927217 loops=1)
  Filter: (keyword_id > 434)
  Rows Removed by Filter: 596713
Planning time: 0.316 ms
Execution time: 1863.239 ms
