Hash Join  (cost=102767.86..181866.38 rows=469267 width=0) (actual time=1873.145..3943.746 rows=791265 loops=1)
  Hash Cond: (mc.movie_id = t.id)
  ->  Seq Scan on movie_companies mc  (cost=0.00..57926.93 rows=469267 width=4) (actual time=0.014..993.148 rows=791265 loops=1)
        Filter: ((company_id > 19568) AND (company_type_id > 1))
        Rows Removed by Filter: 1817864
  ->  Hash  (cost=61283.27..61283.27 rows=2528527 width=4) (actual time=1871.602..1871.602 rows=2528312 loops=1)
        Buckets: 131072  Batches: 64  Memory Usage: 2415kB
        ->  Seq Scan on title t  (cost=0.00..61283.27 rows=2528527 width=4) (actual time=0.006..1046.888 rows=2528312 loops=1)
Planning time: 0.742 ms
Execution time: 4041.452 ms
