Seq Scan on cast_info ci  (cost=0.00..796071.18 rows=8696293 width=0) (actual time=2454.374..16350.618 rows=6365347 loops=1)
  Filter: ((person_id < 3502145) AND (role_id > 4))
  Rows Removed by Filter: 29878997
Planning time: 0.367 ms
Execution time: 17172.379 ms
