Hash Join  (cost=156662.60..521622.64 rows=30410 width=0) (actual time=2523.045..9886.422 rows=407177 loops=1)
  Hash Cond: (mi.movie_id = t.id)
  ->  Seq Scan on movie_info mi  (cost=0.00..309384.22 rows=14739122 width=4) (actual time=0.021..4134.136 rows=14835720 loops=1)
  ->  Hash  (cost=156597.39..156597.39 rows=5217 width=8) (actual time=2522.710..2522.710 rows=7585 loops=1)
        Buckets: 8192  Batches: 1  Memory Usage: 361kB
        ->  Hash Join  (cost=74547.77..156597.39 rows=5217 width=8) (actual time=1222.724..2519.400 rows=7585 loops=1)
              Hash Cond: (mk.movie_id = t.id)
              ->  Seq Scan on movie_keyword mk  (cost=0.00..81003.12 rows=265153 width=4) (actual time=0.027..1215.335 rows=283847 loops=1)
                    Filter: (keyword_id < 236)
                    Rows Removed by Filter: 4240083
              ->  Hash  (cost=73925.90..73925.90 rows=49749 width=4) (actual time=1222.224..1222.224 rows=44012 loops=1)
                    Buckets: 65536  Batches: 1  Memory Usage: 2060kB
                    ->  Seq Scan on title t  (cost=0.00..73925.90 rows=49749 width=4) (actual time=0.038..1204.267 rows=44012 loops=1)
                          Filter: ((kind_id < 7) AND (production_year = 2009))
                          Rows Removed by Filter: 2484300
Planning time: 1.444 ms
Execution time: 9940.590 ms
