Seq Scan on cast_info ci  (cost=0.00..796071.18 rows=5679568 width=0) (actual time=5204.012..14335.002 rows=11566763 loops=1)
  Filter: ((person_id < 1589010) AND (role_id < 2))
  Rows Removed by Filter: 24677581
Planning time: 0.335 ms
Execution time: 15798.504 ms
