Hash Join  (cost=80042.24..165875.92 rows=782216 width=0) (actual time=1486.449..4228.789 rows=1501947 loops=1)
  Hash Cond: (mc.movie_id = t.id)
  ->  Seq Scan on movie_companies mc  (cost=0.00..44881.29 rows=2609129 width=4) (actual time=0.006..957.855 rows=2609129 loops=1)
  ->  Hash  (cost=67604.59..67604.59 rows=758052 width=4) (actual time=1485.545..1485.545 rows=753677 loops=1)
        Buckets: 131072  Batches: 16  Memory Usage: 2677kB
        ->  Seq Scan on title t  (cost=0.00..67604.59 rows=758052 width=4) (actual time=0.021..1247.356 rows=753677 loops=1)
              Filter: (kind_id < 3)
              Rows Removed by Filter: 1774635
Planning time: 0.517 ms
Execution time: 4403.554 ms
