Seq Scan on movie_companies mc  (cost=0.00..51404.11 rows=59714 width=0) (actual time=520.094..804.255 rows=58723 loops=1)
  Filter: (company_id > 184762)
  Rows Removed by Filter: 2550406
Planning time: 0.333 ms
Execution time: 812.139 ms
