Hash Join  (cost=181244.14..549467.15 rows=156956 width=0) (actual time=5265.752..12093.670 rows=1079195 loops=1)
  Hash Cond: (mi.movie_id = t.id)
  ->  Seq Scan on movie_info mi  (cost=0.00..346232.03 rows=5445713 width=4) (actual time=1519.700..6084.564 rows=5410520 loops=1)
        Filter: (info_type_id < 6)
        Rows Removed by Filter: 9425200
  ->  Hash  (cost=180333.18..180333.18 rows=72877 width=8) (actual time=3666.016..3666.016 rows=204288 loops=1)
        Buckets: 131072 (originally 131072)  Batches: 2 (originally 1)  Memory Usage: 4985kB
        ->  Hash Join  (cost=75461.39..180333.18 rows=72877 width=8) (actual time=1308.771..3592.614 rows=204288 loops=1)
              Hash Cond: (mk.movie_id = t.id)
              ->  Seq Scan on movie_keyword mk  (cost=0.00..81003.12 rows=1969571 width=4) (actual time=0.035..1578.227 rows=1978035 loops=1)
                    Filter: (keyword_id > 6395)
                    Rows Removed by Filter: 2545895
              ->  Hash  (cost=73925.90..73925.90 rows=93559 width=4) (actual time=1307.895..1307.895 rows=104574 loops=1)
                    Buckets: 131072  Batches: 2  Memory Usage: 2863kB
                    ->  Seq Scan on title t  (cost=0.00..73925.90 rows=93559 width=4) (actual time=0.031..1112.564 rows=104574 loops=1)
                          Filter: ((production_year < 2011) AND (kind_id = 4))
                          Rows Removed by Filter: 2423738
Planning time: 1.198 ms
Execution time: 12230.923 ms
