Hash Join  (cost=205270.43..1367699.47 rows=4139854 width=0) (actual time=4517.567..36562.834 rows=4705523 loops=1)
  Hash Cond: (ci.movie_id = t.id)
  ->  Seq Scan on cast_info ci  (cost=0.00..796071.18 rows=25236059 width=4) (actual time=0.020..19843.178 rows=25115865 loops=1)
        Filter: ((person_id > 196366) AND (role_id < 5))
        Rows Removed by Filter: 11128479
  ->  Hash  (cost=198464.52..198464.52 rows=414793 width=8) (actual time=4515.886..4515.886 rows=151801 loops=1)
        Buckets: 131072  Batches: 8  Memory Usage: 1716kB
        ->  Hash Join  (cost=71408.55..198464.52 rows=414793 width=8) (actual time=1348.231..4465.916 rows=151801 loops=1)
              Hash Cond: (mk.movie_id = t.id)
              ->  Seq Scan on movie_keyword mk  (cost=0.00..69693.30 rows=4523930 width=4) (actual time=0.013..1380.645 rows=4523930 loops=1)
              ->  Hash  (cost=67604.59..67604.59 rows=231837 width=4) (actual time=1346.931..1346.931 rows=231649 loops=1)
                    Buckets: 131072  Batches: 4  Memory Usage: 3082kB
                    ->  Seq Scan on title t  (cost=0.00..67604.59 rows=231837 width=4) (actual time=0.027..972.509 rows=231649 loops=1)
                          Filter: (production_year > 2011)
                          Rows Removed by Filter: 2296663
Planning time: 1.968 ms
Execution time: 37034.037 ms
