Seq Scan on movie_keyword mk  (cost=0.00..81003.12 rows=246 width=0) (actual time=41.130..1262.043 rows=44 loops=1)
  Filter: (keyword_id = 33725)
  Rows Removed by Filter: 4523886
Planning time: 0.405 ms
Execution time: 1262.177 ms
