Hash Join  (cost=69090.10..163260.12 rows=38474 width=0) (actual time=1090.907..2723.033 rows=29676 loops=1)
  Hash Cond: (mk.movie_id = t.id)
  ->  Seq Scan on movie_keyword mk  (cost=0.00..81003.12 rows=1074707 width=4) (actual time=0.016..1409.126 rows=1084514 loops=1)
        Filter: (keyword_id > 16302)
        Rows Removed by Filter: 3439416
  ->  Hash  (cost=67604.59..67604.59 rows=90521 width=4) (actual time=963.168..963.168 rows=90852 loops=1)
        Buckets: 131072  Batches: 2  Memory Usage: 2632kB
        ->  Seq Scan on title t  (cost=0.00..67604.59 rows=90521 width=4) (actual time=231.433..927.330 rows=90852 loops=1)
              Filter: (kind_id = 2)
              Rows Removed by Filter: 2437460
Planning time: 0.746 ms
Execution time: 2726.704 ms
