Nested Loop  (cost=0.43..903170.36 rows=19784 width=0) (actual time=4811.929..15357.134 rows=177008 loops=1)
  ->  Seq Scan on cast_info ci  (cost=0.00..796071.18 rows=19784 width=4) (actual time=4811.795..11714.006 rows=177008 loops=1)
        Filter: ((person_id > 3653467) AND (role_id = 11))
        Rows Removed by Filter: 36067336
  ->  Index Only Scan using title_pkey on title t  (cost=0.43..5.40 rows=1 width=4) (actual time=0.020..0.020 rows=1 loops=177008)
        Index Cond: (id = ci.movie_id)
        Heap Fetches: 177008
Planning time: 0.796 ms
Execution time: 15398.715 ms
