Hash Join  (cost=583975.82..1921057.04 rows=16298803 width=0) (actual time=14454.902..60031.169 rows=58221432 loops=1)
  Hash Cond: (ci.movie_id = t.id)
  ->  Seq Scan on cast_info ci  (cost=0.00..614943.12 rows=36225612 width=4) (actual time=0.016..12668.196 rows=36244344 loops=1)
  ->  Hash  (cost=565311.23..565311.23 rows=1137647 width=8) (actual time=14452.823..14452.823 rows=1411952 loops=1)
        Buckets: 131072 (originally 131072)  Batches: 32 (originally 16)  Memory Usage: 3073kB
        ->  Hash Join  (cost=78171.87..565311.23 rows=1137647 width=8) (actual time=1194.285..13990.119 rows=1411952 loops=1)
              Hash Cond: (mi.movie_id = t.id)
              ->  Seq Scan on movie_info mi  (cost=0.00..346232.03 rows=11115165 width=4) (actual time=0.014..7287.498 rows=11210743 loops=1)
                    Filter: (info_type_id > 3)
                    Rows Removed by Filter: 3624977
              ->  Hash  (cost=73925.90..73925.90 rows=258797 width=4) (actual time=1193.400..1193.400 rows=227847 loops=1)
                    Buckets: 131072  Batches: 4  Memory Usage: 3038kB
                    ->  Seq Scan on title t  (cost=0.00..73925.90 rows=258797 width=4) (actual time=0.041..1114.599 rows=227847 loops=1)
                          Filter: ((kind_id < 7) AND (production_year > 2008))
                          Rows Removed by Filter: 2300465
Planning time: 1.174 ms
Execution time: 66687.693 ms
