Seq Scan on cast_info ci  (cost=0.00..796071.18 rows=80 width=0) (actual time=3772.910..13288.085 rows=27 loops=1)
  Filter: ((role_id > 8) AND (person_id = 2542133))
  Rows Removed by Filter: 36244317
Planning time: 0.410 ms
Execution time: 13288.234 ms
