Hash Join  (cost=365418.15..2185172.53 rows=56943760 width=0) (actual time=8728.652..85692.438 rows=189261104 loops=1)
  Hash Cond: (ci.movie_id = t.id)
  ->  Seq Scan on cast_info ci  (cost=0.00..705507.15 rows=31827158 width=4) (actual time=0.021..16869.466 rows=31977066 loops=1)
        Filter: (person_id > 411315)
        Rows Removed by Filter: 4267278
  ->  Hash  (cost=291197.02..291197.02 rows=4523930 width=8) (actual time=8727.592..8727.592 rows=4523930 loops=1)
        Buckets: 131072  Batches: 64  Memory Usage: 3816kB
        ->  Hash Join  (cost=102767.86..291197.02 rows=4523930 width=8) (actual time=1975.711..7416.769 rows=4523930 loops=1)
              Hash Cond: (mk.movie_id = t.id)
              ->  Seq Scan on movie_keyword mk  (cost=0.00..69693.30 rows=4523930 width=4) (actual time=0.014..1459.120 rows=4523930 loops=1)
              ->  Hash  (cost=61283.27..61283.27 rows=2528527 width=4) (actual time=1974.235..1974.235 rows=2528312 loops=1)
                    Buckets: 131072  Batches: 64  Memory Usage: 2425kB
                    ->  Seq Scan on title t  (cost=0.00..61283.27 rows=2528527 width=4) (actual time=0.022..1121.328 rows=2528312 loops=1)
Planning time: 1.168 ms
Execution time: 105632.372 ms
