Hash Join  (cost=229263.77..1574483.98 rows=25907103 width=0) (actual time=5853.012..51985.263 rows=56965403 loops=1)
  Hash Cond: (ci.movie_id = t.id)
  ->  Seq Scan on cast_info ci  (cost=0.00..614943.12 rows=36225612 width=4) (actual time=0.016..13895.403 rows=36244344 loops=1)
  ->  Hash  (cost=199596.01..199596.01 rows=1808301 width=8) (actual time=5851.828..5851.828 rows=1508127 loops=1)
        Buckets: 131072  Batches: 32  Memory Usage: 2836kB
        ->  Hash Join  (cost=96356.06..199596.01 rows=1808301 width=8) (actual time=2045.364..5406.901 rows=1508127 loops=1)
              Hash Cond: (mc.movie_id = t.id)
              ->  Seq Scan on movie_companies mc  (cost=0.00..44881.29 rows=2609129 width=4) (actual time=0.014..965.912 rows=2609129 loops=1)
              ->  Hash  (cost=67604.59..67604.59 rows=1752438 width=4) (actual time=2044.176..2044.176 rows=1749032 loops=1)
                    Buckets: 131072  Batches: 32  Memory Usage: 2950kB
                    ->  Seq Scan on title t  (cost=0.00..67604.59 rows=1752438 width=4) (actual time=0.018..1473.963 rows=1749032 loops=1)
                          Filter: (production_year > 1990)
                          Rows Removed by Filter: 779280
Planning time: 1.181 ms
Execution time: 58325.621 ms
