Hash Join  (cost=102767.86..183856.70 rows=551994 width=0) (actual time=2896.671..4158.492 rows=336445 loops=1)
  Hash Cond: (mc.movie_id = t.id)
  ->  Seq Scan on movie_companies mc  (cost=0.00..57926.93 rows=551994 width=4) (actual time=437.345..1035.335 rows=336445 loops=1)
        Filter: ((company_id < 6881) AND (company_type_id > 1))
        Rows Removed by Filter: 2272684
  ->  Hash  (cost=61283.27..61283.27 rows=2528527 width=4) (actual time=2458.026..2458.026 rows=2528312 loops=1)
        Buckets: 131072  Batches: 64  Memory Usage: 2415kB
        ->  Seq Scan on title t  (cost=0.00..61283.27 rows=2528527 width=4) (actual time=0.022..1117.544 rows=2528312 loops=1)
Planning time: 0.756 ms
Execution time: 4197.764 ms
