Hash Join  (cost=98044.23..252090.33 rows=2630106 width=0) (actual time=3150.914..5991.084 rows=635485 loops=1)
  Hash Cond: (mk.movie_id = t.id)
  ->  Seq Scan on movie_keyword mk  (cost=0.00..69693.30 rows=4523930 width=4) (actual time=0.008..1425.179 rows=4523930 loops=1)
  ->  Hash  (cost=73925.90..73925.90 rows=1470026 width=4) (actual time=1911.598..1911.598 rows=1478439 loops=1)
        Buckets: 131072  Batches: 32  Memory Usage: 2656kB
        ->  Seq Scan on title t  (cost=0.00..73925.90 rows=1470026 width=4) (actual time=0.023..1431.179 rows=1478439 loops=1)
              Filter: ((production_year > 1913) AND (kind_id = 7))
              Rows Removed by Filter: 1049873
Planning time: 0.754 ms
Execution time: 6068.054 ms
