Hash Join  (cost=108983.92..922236.36 rows=105023 width=0) (actual time=2336.767..14904.789 rows=108965 loops=1)
  Hash Cond: (ci.movie_id = t.id)
  ->  Seq Scan on cast_info ci  (cost=0.00..796071.18 rows=4301611 width=4) (actual time=325.399..12317.125 rows=1839668 loops=1)
        Filter: ((person_id < 633618) AND (role_id > 1))
        Rows Removed by Filter: 34404676
  ->  Hash  (cost=108212.26..108212.26 rows=61733 width=8) (actual time=2010.771..2010.771 rows=58024 loops=1)
        Buckets: 65536  Batches: 1  Memory Usage: 2779kB
        ->  Hash Join  (cost=69460.45..108212.26 rows=61733 width=8) (actual time=1068.038..1990.316 rows=58024 loops=1)
              Hash Cond: (mi_idx.movie_id = t.id)
              ->  Seq Scan on movie_info_idx mi_idx  (cost=0.00..21735.35 rows=1380035 width=4) (actual time=0.037..416.880 rows=1380035 loops=1)
              ->  Hash  (cost=67604.59..67604.59 rows=113109 width=4) (actual time=1067.322..1067.322 rows=119565 loops=1)
                    Buckets: 131072  Batches: 2  Memory Usage: 3115kB
                    ->  Seq Scan on title t  (cost=0.00..67604.59 rows=113109 width=4) (actual time=0.024..1020.250 rows=119565 loops=1)
                          Filter: (production_year = 2007)
                          Rows Removed by Filter: 2408747
Planning time: 5.927 ms
Execution time: 14920.673 ms
