Hash Join  (cost=242214.05..1168625.76 rows=3755865 width=0) (actual time=6482.796..29114.212 rows=20699784 loops=1)
  Hash Cond: (ci.movie_id = t.id)
  ->  Seq Scan on cast_info ci  (cost=0.00..796071.18 rows=6816576 width=4) (actual time=0.020..13646.717 rows=8070290 loops=1)
        Filter: ((person_id < 994366) AND (role_id < 4))
        Rows Removed by Filter: 28174054
  ->  Hash  (cost=219356.14..219356.14 rows=1393193 width=8) (actual time=6481.873..6481.873 rows=1934051 loops=1)
        Buckets: 131072  Batches: 32  Memory Usage: 3336kB
        ->  Hash Join  (cost=80380.17..219356.14 rows=1393193 width=8) (actual time=1430.805..5891.472 rows=1934051 loops=1)
              Hash Cond: (mk.movie_id = t.id)
              ->  Seq Scan on movie_keyword mk  (cost=0.00..69693.30 rows=4523930 width=4) (actual time=0.022..1485.310 rows=4523930 loops=1)
              ->  Hash  (cost=67604.59..67604.59 rows=778687 width=4) (actual time=1428.143..1428.143 rows=782677 loops=1)
                    Buckets: 131072  Batches: 16  Memory Usage: 2751kB
                    ->  Seq Scan on title t  (cost=0.00..67604.59 rows=778687 width=4) (actual time=0.031..1163.150 rows=782677 loops=1)
                          Filter: (production_year < 1994)
                          Rows Removed by Filter: 1745635
Planning time: 1.243 ms
Execution time: 31453.484 ms
