Seq Scan on movie_keyword mk  (cost=0.00..81003.12 rows=1412015 width=0) (actual time=0.028..1390.515 rows=1428825 loops=1)
  Filter: (keyword_id < 1964)
  Rows Removed by Filter: 3095105
Planning time: 0.399 ms
Execution time: 1571.403 ms
