Hash Join  (cost=131941.87..221084.58 rows=14 width=0) (actual time=2172.141..3986.044 rows=108 loops=1)
  Hash Cond: (mk.movie_id = t.id)
  ->  Seq Scan on movie_keyword mk  (cost=0.00..81003.12 rows=2170519 width=4) (actual time=0.019..1582.492 rows=2170065 loops=1)
        Filter: (keyword_id > 5274)
        Rows Removed by Filter: 2353865
  ->  Hash  (cost=131941.67..131941.67 rows=16 width=8) (actual time=2103.183..2103.183 rows=93 loops=1)
        Buckets: 1024  Batches: 1  Memory Usage: 12kB
        ->  Hash Join  (cost=73962.22..131941.67 rows=16 width=8) (actual time=1493.897..2103.076 rows=93 loops=1)
              Hash Cond: (mc.movie_id = t.id)
              ->  Seq Scan on movie_companies mc  (cost=0.00..57926.93 rows=13961 width=4) (actual time=277.531..884.121 rows=14470 loops=1)
                    Filter: ((company_id = 27) AND (company_type_id = 2))
                    Rows Removed by Filter: 2594659
              ->  Hash  (cost=73925.90..73925.90 rows=2905 width=4) (actual time=1214.370..1214.370 rows=7329 loops=1)
                    Buckets: 8192 (originally 4096)  Batches: 1 (originally 1)  Memory Usage: 322kB
                    ->  Seq Scan on title t  (cost=0.00..73925.90 rows=2905 width=4) (actual time=0.130..1210.788 rows=7329 loops=1)
                          Filter: ((kind_id < 7) AND (production_year = 1984))
                          Rows Removed by Filter: 2520983
Planning time: 1.110 ms
Execution time: 3986.220 ms
