Hash Join  (cost=74184.73..129063.91 rows=21366 width=0) (actual time=846.605..2037.836 rows=36924 loops=1)
  Hash Cond: (mc.movie_id = t.id)
  ->  Seq Scan on movie_companies mc  (cost=0.00..44881.29 rows=2609129 width=4) (actual time=0.019..606.780 rows=2609129 loops=1)
  ->  Hash  (cost=73925.90..73925.90 rows=20706 width=4) (actual time=846.327..846.327 rows=15444 loops=1)
        Buckets: 32768  Batches: 1  Memory Usage: 799kB
        ->  Seq Scan on title t  (cost=0.00..73925.90 rows=20706 width=4) (actual time=0.030..839.762 rows=15444 loops=1)
              Filter: ((kind_id < 4) AND (production_year = 2002))
              Rows Removed by Filter: 2512868
Planning time: 1.506 ms
Execution time: 2043.615 ms
