Seq Scan on movie_companies mc  (cost=0.00..57926.93 rows=985184 width=0) (actual time=0.019..1159.417 rows=1145040 loops=1)
  Filter: ((company_id > 1044) AND (company_type_id > 1))
  Rows Removed by Filter: 1464089
Planning time: 0.432 ms
Execution time: 1304.272 ms
