Seq Scan on title t  (cost=0.00..67604.59 rows=2412383 width=0) (actual time=0.016..1216.467 rows=2404496 loops=1)
  Filter: (production_year > 1913)
  Rows Removed by Filter: 123816
Planning time: 0.331 ms
Execution time: 1509.689 ms
