Hash Join  (cost=102767.86..219222.49 rows=1062739 width=0) (actual time=2065.238..4846.945 rows=1067777 loops=1)
  Hash Cond: (mk.movie_id = t.id)
  ->  Seq Scan on movie_keyword mk  (cost=0.00..81003.12 rows=1062739 width=4) (actual time=0.023..1492.497 rows=1067777 loops=1)
        Filter: (keyword_id < 1070)
        Rows Removed by Filter: 3456153
  ->  Hash  (cost=61283.27..61283.27 rows=2528527 width=4) (actual time=2063.568..2063.568 rows=2528312 loops=1)
        Buckets: 131072  Batches: 64  Memory Usage: 2425kB
        ->  Seq Scan on title t  (cost=0.00..61283.27 rows=2528527 width=4) (actual time=0.014..1182.519 rows=2528312 loops=1)
Planning time: 0.775 ms
Execution time: 4974.032 ms
