Hash Join  (cost=1070586.17..1778472.17 rows=17582724 width=0) (actual time=24612.111..63016.722 rows=100334166 loops=1)
  Hash Cond: (mi.movie_id = t.id)
  ->  Seq Scan on movie_info mi  (cost=0.00..346232.03 rows=11115165 width=4) (actual time=0.017..7465.539 rows=11210743 loops=1)
        Filter: (info_type_id > 3)
        Rows Removed by Filter: 3624977
  ->  Hash  (cost=1004963.72..1004963.72 rows=3999796 width=8) (actual time=24609.486..24609.486 rows=6300726 loops=1)
        Buckets: 131072 (originally 131072)  Batches: 128 (originally 64)  Memory Usage: 3073kB
        ->  Hash Join  (cost=102767.86..1004963.72 rows=3999796 width=8) (actual time=9888.434..22450.590 rows=6300726 loops=1)
              Hash Cond: (ci.movie_id = t.id)
              ->  Seq Scan on cast_info ci  (cost=0.00..796071.18 rows=3999796 width=4) (actual time=7849.648..14673.623 rows=6300726 loops=1)
                    Filter: ((person_id > 1921502) AND (role_id > 5))
                    Rows Removed by Filter: 29943618
              ->  Hash  (cost=61283.27..61283.27 rows=2528527 width=4) (actual time=2037.102..2037.102 rows=2528312 loops=1)
                    Buckets: 131072  Batches: 64  Memory Usage: 2415kB
                    ->  Seq Scan on title t  (cost=0.00..61283.27 rows=2528527 width=4) (actual time=0.020..1181.093 rows=2528312 loops=1)
Planning time: 12.063 ms
Execution time: 73566.025 ms
