Seq Scan on movie_companies mc  (cost=0.00..57926.93 rows=381715 width=0) (actual time=0.051..1006.889 rows=700304 loops=1)
  Filter: ((company_id > 36426) AND (company_type_id > 1))
  Rows Removed by Filter: 1908825
Planning time: 0.361 ms
Execution time: 1090.088 ms
