Hash Join  (cost=922547.44..963440.16 rows=186524 width=0) (actual time=13889.031..14972.036 rows=345171 loops=1)
  Hash Cond: (mi_idx.movie_id = t.id)
  ->  Seq Scan on movie_info_idx mi_idx  (cost=0.00..21735.35 rows=1380035 width=4) (actual time=0.014..384.775 rows=1380035 loops=1)
  ->  Hash  (cost=916940.52..916940.52 rows=341753 width=8) (actual time=13888.254..13888.254 rows=306842 loops=1)
        Buckets: 131072  Batches: 8  Memory Usage: 2527kB
        ->  Hash Join  (cost=102767.86..916940.52 rows=341753 width=8) (actual time=3979.523..13793.693 rows=306842 loops=1)
              Hash Cond: (ci.movie_id = t.id)
              ->  Seq Scan on cast_info ci  (cost=0.00..796071.18 rows=341753 width=4) (actual time=2091.964..11247.051 rows=306842 loops=1)
                    Filter: ((person_id < 425286) AND (role_id = 4))
                    Rows Removed by Filter: 35937502
              ->  Hash  (cost=61283.27..61283.27 rows=2528527 width=4) (actual time=1885.603..1885.603 rows=2528312 loops=1)
                    Buckets: 131072  Batches: 64  Memory Usage: 2415kB
                    ->  Seq Scan on title t  (cost=0.00..61283.27 rows=2528527 width=4) (actual time=0.034..1048.991 rows=2528312 loops=1)
Planning time: 6.681 ms
Execution time: 15014.869 ms
