Hash Join  (cost=86573.65..159686.76 rows=390080 width=0) (actual time=1822.447..3256.347 rows=177958 loops=1)
  Hash Cond: (mc.movie_id = t.id)
  ->  Seq Scan on movie_companies mc  (cost=0.00..51404.11 rows=1279517 width=4) (actual time=332.187..989.506 rows=1274246 loops=1)
        Filter: (company_type_id = 1)
        Rows Removed by Filter: 1334883
  ->  Hash  (cost=73925.90..73925.90 rows=770860 width=4) (actual time=1488.929..1488.929 rows=682281 loops=1)
        Buckets: 131072  Batches: 16  Memory Usage: 2522kB
        ->  Seq Scan on title t  (cost=0.00..73925.90 rows=770860 width=4) (actual time=213.415..1272.926 rows=682281 loops=1)
              Filter: ((production_year < 2004) AND (kind_id = 7))
              Rows Removed by Filter: 1846031
Planning time: 0.812 ms
Execution time: 3280.208 ms
