Hash Join  (cost=102767.86..212663.15 rows=2020257 width=0) (actual time=1998.459..5160.348 rows=2022784 loops=1)
  Hash Cond: (mc.movie_id = t.id)
  ->  Seq Scan on movie_companies mc  (cost=0.00..51404.11 rows=2020257 width=4) (actual time=0.017..1135.196 rows=2022784 loops=1)
        Filter: (company_id > 664)
        Rows Removed by Filter: 586345
  ->  Hash  (cost=61283.27..61283.27 rows=2528527 width=4) (actual time=1997.381..1997.381 rows=2528312 loops=1)
        Buckets: 131072  Batches: 64  Memory Usage: 2415kB
        ->  Seq Scan on title t  (cost=0.00..61283.27 rows=2528527 width=4) (actual time=0.014..1141.419 rows=2528312 loops=1)
Planning time: 0.694 ms
Execution time: 5393.970 ms
