Hash Join  (cost=102767.86..1128767.89 rows=9144914 width=0) (actual time=2051.395..29578.571 rows=14265355 loops=1)
  Hash Cond: (ci.movie_id = t.id)
  ->  Seq Scan on cast_info ci  (cost=0.00..796071.18 rows=9144914 width=4) (actual time=0.082..14728.779 rows=14265355 loops=1)
        Filter: ((person_id > 2236748) AND (role_id > 1))
        Rows Removed by Filter: 21978989
  ->  Hash  (cost=61283.27..61283.27 rows=2528527 width=4) (actual time=2049.876..2049.876 rows=2528312 loops=1)
        Buckets: 131072  Batches: 64  Memory Usage: 2415kB
        ->  Seq Scan on title t  (cost=0.00..61283.27 rows=2528527 width=4) (actual time=0.019..1200.466 rows=2528312 loops=1)
Planning time: 0.749 ms
Execution time: 31218.036 ms
