Hash Join  (cost=235393.06..1468298.71 rows=14973746 width=0) (actual time=5051.889..36338.383 rows=6788430 loops=1)
  Hash Cond: (ci.movie_id = t.id)
  ->  Seq Scan on cast_info ci  (cost=0.00..614943.12 rows=36225612 width=4) (actual time=0.017..13544.818 rows=36244344 loops=1)
  ->  Hash  (cost=218245.57..218245.57 rows=1045159 width=8) (actual time=5050.604..5050.604 rows=345675 loops=1)
        Buckets: 131072  Batches: 16  Memory Usage: 1849kB
        ->  Hash Join  (cost=83509.94..218245.57 rows=1045159 width=8) (actual time=1519.887..4928.000 rows=345675 loops=1)
              Hash Cond: (mk.movie_id = t.id)
              ->  Seq Scan on movie_keyword mk  (cost=0.00..69693.30 rows=4523930 width=4) (actual time=0.015..1395.636 rows=4523930 loops=1)
              ->  Hash  (cost=73925.90..73925.90 rows=584163 width=4) (actual time=1518.514..1518.514 rows=452484 loops=1)
                    Buckets: 131072  Batches: 8  Memory Usage: 3006kB
                    ->  Seq Scan on title t  (cost=0.00..73925.90 rows=584163 width=4) (actual time=0.026..1358.311 rows=452484 loops=1)
                          Filter: ((kind_id > 3) AND (production_year < 1997))
                          Rows Removed by Filter: 2075828
Planning time: 1.169 ms
Execution time: 37144.849 ms
