Hash Join  (cost=100836.57..518872.85 rows=2457828 width=0) (actual time=2968.093..10478.001 rows=2517624 loops=1)
  Hash Cond: (mi.movie_id = t.id)
  ->  Seq Scan on movie_info mi  (cost=0.00..346232.03 rows=3068194 width=4) (actual time=972.844..5882.318 rows=3036719 loops=1)
        Filter: (info_type_id = 16)
        Rows Removed by Filter: 11799001
  ->  Hash  (cost=67604.59..67604.59 rows=2025519 width=4) (actual time=1993.845..1993.845 rows=2018703 loops=1)
        Buckets: 131072  Batches: 32  Memory Usage: 3256kB
        ->  Seq Scan on title t  (cost=0.00..67604.59 rows=2025519 width=4) (actual time=0.032..1288.247 rows=2018703 loops=1)
              Filter: (production_year > 1974)
              Rows Removed by Filter: 509609
Planning time: 0.823 ms
Execution time: 10783.508 ms
