Hash Join  (cost=536267.46..1366769.66 rows=1166115 width=0) (actual time=12639.860..28933.544 rows=1758463 loops=1)
  Hash Cond: (ci.movie_id = t.id)
  ->  Seq Scan on cast_info ci  (cost=0.00..705507.15 rows=7298253 width=4) (actual time=1296.703..13940.250 rows=7451973 loops=1)
        Filter: (role_id = 2)
        Rows Removed by Filter: 28792371
  ->  Hash  (cost=529638.36..529638.36 rows=404008 width=8) (actual time=11342.220..11342.220 rows=323414 loops=1)
        Buckets: 131072  Batches: 8  Memory Usage: 2620kB
        ->  Hash Join  (cost=69374.09..529638.36 rows=404008 width=8) (actual time=1709.250..11231.584 rows=323414 loops=1)
              Hash Cond: (mi.movie_id = t.id)
              ->  Seq Scan on movie_info mi  (cost=0.00..346232.03 rows=9476311 width=4) (actual time=763.763..6828.616 rows=9565151 loops=1)
                    Filter: (info_type_id < 16)
                    Rows Removed by Filter: 5270569
              ->  Hash  (cost=67604.59..67604.59 rows=107800 width=4) (actual time=630.725..630.725 rows=108429 loops=1)
                    Buckets: 131072  Batches: 2  Memory Usage: 2938kB
                    ->  Seq Scan on title t  (cost=0.00..67604.59 rows=107800 width=4) (actual time=0.028..551.511 rows=108429 loops=1)
                          Filter: (production_year = 2006)
                          Rows Removed by Filter: 2419883
Planning time: 2.476 ms
Execution time: 29135.600 ms
