Seq Scan on cast_info ci  (cost=0.00..796071.18 rows=12609398 width=0) (actual time=7.220..14610.053 rows=15250449 loops=1)
  Filter: ((person_id < 1885343) AND (role_id < 4))
  Rows Removed by Filter: 20993895
Planning time: 0.303 ms
Execution time: 16501.419 ms
