Hash Join  (cost=156649.15..1040170.75 rows=1174940 width=0) (actual time=3320.623..24175.039 rows=2359361 loops=1)
  Hash Cond: (ci.movie_id = t.id)
  ->  Seq Scan on cast_info ci  (cost=0.00..796071.18 rows=6389872 width=4) (actual time=0.016..15916.572 rows=7451973 loops=1)
        Filter: ((person_id < 3233418) AND (role_id = 2))
        Rows Removed by Filter: 28792371
  ->  Hash  (cost=149020.47..149020.47 rows=464934 width=8) (actual time=3319.697..3319.697 rows=460185 loops=1)
        Buckets: 131072  Batches: 8  Memory Usage: 3276kB
        ->  Hash Join  (cost=102767.86..149020.47 rows=464934 width=8) (actual time=1941.450..3195.159 rows=460185 loops=1)
              Hash Cond: (mi_idx.movie_id = t.id)
              ->  Seq Scan on movie_info_idx mi_idx  (cost=0.00..25185.44 rows=464934 width=4) (actual time=0.021..483.388 rows=460185 loops=1)
                    Filter: (info_type_id > 100)
                    Rows Removed by Filter: 919850
              ->  Hash  (cost=61283.27..61283.27 rows=2528527 width=4) (actual time=1940.134..1940.134 rows=2528312 loops=1)
                    Buckets: 131072  Batches: 64  Memory Usage: 2415kB
                    ->  Seq Scan on title t  (cost=0.00..61283.27 rows=2528527 width=4) (actual time=0.023..1096.707 rows=2528312 loops=1)
Planning time: 1.622 ms
Execution time: 24451.346 ms
