Hash Join  (cost=79715.19..581466.64 rows=2056652 width=0) (actual time=1171.276..15065.396 rows=3117949 loops=1)
  Hash Cond: (mi.movie_id = t.id)
  ->  Seq Scan on movie_info mi  (cost=0.00..309384.22 rows=14739122 width=4) (actual time=0.009..5866.182 rows=14835720 loops=1)
  ->  Hash  (cost=73925.90..73925.90 rows=352823 width=4) (actual time=1160.148..1160.148 rows=302088 loops=1)
        Buckets: 131072  Batches: 8  Memory Usage: 2348kB
        ->  Seq Scan on title t  (cost=0.00..73925.90 rows=352823 width=4) (actual time=0.025..1058.305 rows=302088 loops=1)
              Filter: ((kind_id < 7) AND (production_year > 2006))
              Rows Removed by Filter: 2226224
Planning time: 0.723 ms
Execution time: 15467.898 ms
