Seq Scan on movie_keyword mk  (cost=0.00..81003.12 rows=2764554 width=0) (actual time=0.023..1419.083 rows=2758823 loops=1)
  Filter: (keyword_id < 7861)
  Rows Removed by Filter: 1765107
Planning time: 0.352 ms
Execution time: 1750.264 ms
