Hash Join  (cost=137413.28..266421.66 rows=411181 width=0) (actual time=4446.947..6072.596 rows=294885 loops=1)
  Hash Cond: (mk.movie_id = t.id)
  ->  Seq Scan on movie_keyword mk  (cost=0.00..81003.12 rows=3701185 width=4) (actual time=0.017..1656.235 rows=3692214 loops=1)
        Filter: (keyword_id < 22138)
        Rows Removed by Filter: 831716
  ->  Hash  (cost=132803.96..132803.96 rows=280905 width=8) (actual time=3049.128..3049.128 rows=141906 loops=1)
        Buckets: 131072  Batches: 4  Memory Usage: 2413kB
        ->  Hash Join  (cost=92883.59..132803.96 rows=280905 width=8) (actual time=2161.730..3009.839 rows=141906 loops=1)
              Hash Cond: (mi_idx.movie_id = t.id)
              ->  Seq Scan on movie_info_idx mi_idx  (cost=0.00..25185.44 rows=460978 width=4) (actual time=0.010..458.079 rows=459925 loops=1)
                    Filter: (info_type_id = 99)
                    Rows Removed by Filter: 920110
              ->  Hash  (cost=67604.59..67604.59 rows=1540800 width=4) (actual time=2055.292..2055.292 rows=1543264 loops=1)
                    Buckets: 131072  Batches: 32  Memory Usage: 2722kB
                    ->  Seq Scan on title t  (cost=0.00..67604.59 rows=1540800 width=4) (actual time=0.022..1226.771 rows=1543264 loops=1)
                          Filter: (kind_id = 7)
                          Rows Removed by Filter: 985048
Planning time: 1.212 ms
Execution time: 6104.745 ms
