Seq Scan on movie_keyword mk  (cost=0.00..81003.12 rows=246 width=0) (actual time=0.413..1170.910 rows=332 loops=1)
  Filter: (keyword_id = 9478)
  Rows Removed by Filter: 4523598
Planning time: 0.349 ms
Execution time: 1171.166 ms
