Hash Join  (cost=136869.09..217564.54 rows=409492 width=0) (actual time=2808.301..4930.473 rows=429573 loops=1)
  Hash Cond: (mc.movie_id = t.id)
  ->  Seq Scan on movie_companies mc  (cost=0.00..44881.29 rows=2609129 width=4) (actual time=0.017..857.119 rows=2609129 loops=1)
  ->  Hash  (cost=130357.57..130357.57 rows=396842 width=8) (actual time=2807.390..2807.390 rows=188967 loops=1)
        Buckets: 131072  Batches: 8  Memory Usage: 1940kB
        ->  Hash Join  (cost=85855.67..130357.57 rows=396842 width=8) (actual time=1929.900..2749.845 rows=188967 loops=1)
              Hash Cond: (mi_idx.movie_id = t.id)
              ->  Seq Scan on movie_info_idx mi_idx  (cost=0.00..21735.35 rows=1380035 width=4) (actual time=0.032..443.132 rows=1380035 loops=1)
              ->  Hash  (cost=73925.90..73925.90 rows=727101 width=4) (actual time=1465.020..1465.020 rows=796159 loops=1)
                    Buckets: 131072  Batches: 16  Memory Usage: 2780kB
                    ->  Seq Scan on title t  (cost=0.00..73925.90 rows=727101 width=4) (actual time=356.066..1206.330 rows=796159 loops=1)
                          Filter: ((production_year > 2003) AND (kind_id = 7))
                          Rows Removed by Filter: 1732153
Planning time: 1.226 ms
Execution time: 4991.343 ms
