Hash Join  (cost=69803.74..557945.41 rows=781174 width=0) (actual time=952.894..12679.831 rows=1518867 loops=1)
  Hash Cond: (mi.movie_id = t.id)
  ->  Seq Scan on movie_info mi  (cost=0.00..309384.22 rows=14739122 width=4) (actual time=0.019..5917.384 rows=14835720 loops=1)
  ->  Hash  (cost=67604.59..67604.59 rows=134012 width=4) (actual time=951.936..951.936 rows=135918 loops=1)
        Buckets: 131072  Batches: 2  Memory Usage: 3415kB
        ->  Seq Scan on title t  (cost=0.00..67604.59 rows=134012 width=4) (actual time=24.194..904.716 rows=135918 loops=1)
              Filter: (production_year < 1938)
              Rows Removed by Filter: 2392394
Planning time: 0.845 ms
Execution time: 12855.234 ms
