Hash Join  (cost=353520.94..2104576.41 rows=56597426 width=0) (actual time=8096.030..86805.486 rows=187995793 loops=1)
  Hash Cond: (ci.movie_id = t.id)
  ->  Seq Scan on cast_info ci  (cost=0.00..614943.12 rows=36225612 width=4) (actual time=0.017..13431.656 rows=36244344 loops=1)
  ->  Hash  (cost=288708.09..288708.09 rows=3950468 width=8) (actual time=8094.298..8094.298 rows=3952836 loops=1)
        Buckets: 131072  Batches: 64  Memory Usage: 3460kB
        ->  Hash Join  (cost=102767.86..288708.09 rows=3950468 width=8) (actual time=1883.050..6962.973 rows=3952836 loops=1)
              Hash Cond: (mk.movie_id = t.id)
              ->  Seq Scan on movie_keyword mk  (cost=0.00..81003.12 rows=3950468 width=4) (actual time=0.017..1729.510 rows=3952836 loops=1)
                    Filter: (keyword_id < 32175)
                    Rows Removed by Filter: 571094
              ->  Hash  (cost=61283.27..61283.27 rows=2528527 width=4) (actual time=1881.757..1881.757 rows=2528312 loops=1)
                    Buckets: 131072  Batches: 64  Memory Usage: 2425kB
                    ->  Seq Scan on title t  (cost=0.00..61283.27 rows=2528527 width=4) (actual time=0.012..1013.300 rows=2528312 loops=1)
Planning time: 1.134 ms
Execution time: 107784.589 ms
