Hash Join  (cost=167962.95..306722.06 rows=1375407 width=0) (actual time=3750.352..8863.154 rows=5523364 loops=1)
  Hash Cond: (mk.movie_id = t.id)
  ->  Seq Scan on movie_keyword mk  (cost=0.00..69693.30 rows=4523930 width=4) (actual time=0.025..1400.655 rows=4523930 loops=1)
  ->  Hash  (cost=155350.63..155350.63 rows=768746 width=8) (actual time=3748.036..3748.036 rows=786334 loops=1)
        Buckets: 131072  Batches: 16  Memory Usage: 2960kB
        ->  Hash Join  (cost=102454.22..155350.63 rows=768746 width=8) (actual time=1872.717..3496.036 rows=786334 loops=1)
              Hash Cond: (mi_idx.movie_id = t.id)
              ->  Seq Scan on movie_info_idx mi_idx  (cost=0.00..25185.44 rows=915101 width=4) (actual time=0.015..512.602 rows=919850 loops=1)
                    Filter: (info_type_id < 101)
                    Rows Removed by Filter: 460185
              ->  Hash  (cost=67604.59..67604.59 rows=2124131 width=4) (actual time=1871.778..1871.778 rows=2118372 loops=1)
                    Buckets: 131072  Batches: 32  Memory Usage: 3356kB
                    ->  Seq Scan on title t  (cost=0.00..67604.59 rows=2124131 width=4) (actual time=0.014..1221.234 rows=2118372 loops=1)
                          Filter: (production_year > 1967)
                          Rows Removed by Filter: 409940
Planning time: 1.144 ms
Execution time: 9520.672 ms
