Seq Scan on cast_info ci  (cost=0.00..796071.18 rows=224 width=0) (actual time=5060.746..11634.979 rows=28 loops=1)
  Filter: ((role_id > 2) AND (person_id = 1224879))
  Rows Removed by Filter: 36244316
Planning time: 3.349 ms
Execution time: 11635.116 ms
