Seq Scan on movie_keyword mk  (cost=0.00..81003.12 rows=3921 width=0) (actual time=0.498..1210.383 rows=4189 loops=1)
  Filter: (keyword_id = 613)
  Rows Removed by Filter: 4519741
Planning time: 0.360 ms
Execution time: 1211.562 ms
