Hash Join  (cost=132877.89..217663.29 rows=361 width=0) (actual time=1954.633..3371.643 rows=556 loops=1)
  Hash Cond: (mk.movie_id = t.id)
  ->  Seq Scan on movie_keyword mk  (cost=0.00..81003.12 rows=1007644 width=4) (actual time=0.020..1275.146 rows=1013714 loops=1)
        Filter: (keyword_id > 17839)
        Rows Removed by Filter: 3510216
  ->  Hash  (cost=132866.58..132866.58 rows=905 width=8) (actual time=1950.393..1950.393 rows=563 loops=1)
        Buckets: 1024  Batches: 1  Memory Usage: 30kB
        ->  Hash Join  (cost=74809.10..132866.58 rows=905 width=8) (actual time=1532.990..1950.099 rows=563 loops=1)
              Hash Cond: (mc.movie_id = t.id)
              ->  Seq Scan on movie_companies mc  (cost=0.00..57926.93 rows=32396 width=4) (actual time=399.028..795.756 rows=62544 loops=1)
                    Filter: ((company_id > 181957) AND (company_type_id = 2))
                    Rows Removed by Filter: 2546585
              ->  Hash  (cost=73925.90..73925.90 rows=70656 width=4) (actual time=1132.584..1132.584 rows=79548 loops=1)
                    Buckets: 131072  Batches: 1  Memory Usage: 3821kB
                    ->  Seq Scan on title t  (cost=0.00..73925.90 rows=70656 width=4) (actual time=0.035..1100.328 rows=79548 loops=1)
                          Filter: ((kind_id > 1) AND (production_year = 2005))
                          Rows Removed by Filter: 2448764
Planning time: 1.244 ms
Execution time: 3371.996 ms
