Hash Join  (cost=263115.61..1299067.06 rows=9720933 width=0) (actual time=6807.740..28524.307 rows=12787322 loops=1)
  Hash Cond: (ci.movie_id = t.id)
  ->  Seq Scan on cast_info ci  (cost=0.00..796071.18 rows=9420631 width=4) (actual time=194.833..15271.125 rows=6020827 loops=1)
        Filter: ((person_id > 910379) AND (role_id < 2))
        Rows Removed by Filter: 30223517
  ->  Hash  (cost=220309.49..220309.49 rows=2609129 width=8) (actual time=6611.620..6611.620 rows=2609129 loops=1)
        Buckets: 131072  Batches: 64  Memory Usage: 2610kB
        ->  Hash Join  (cost=102767.86..220309.49 rows=2609129 width=8) (actual time=1864.031..5854.247 rows=2609129 loops=1)
              Hash Cond: (mc.movie_id = t.id)
              ->  Seq Scan on movie_companies mc  (cost=0.00..44881.29 rows=2609129 width=4) (actual time=0.022..933.710 rows=2609129 loops=1)
              ->  Hash  (cost=61283.27..61283.27 rows=2528527 width=4) (actual time=1862.930..1862.930 rows=2528312 loops=1)
                    Buckets: 131072  Batches: 64  Memory Usage: 2415kB
                    ->  Seq Scan on title t  (cost=0.00..61283.27 rows=2528527 width=4) (actual time=0.014..1036.652 rows=2528312 loops=1)
Planning time: 1.247 ms
Execution time: 29909.438 ms
