Hash Join  (cost=114895.04..1058100.33 rows=586075 width=0) (actual time=2256.068..26853.268 rows=3052883 loops=1)
  Hash Cond: (ci.movie_id = t.id)
  ->  Seq Scan on cast_info ci  (cost=0.00..796071.18 rows=12176900 width=4) (actual time=0.012..16083.326 rows=16437086 loops=1)
        Filter: ((person_id < 2226195) AND (role_id < 3))
        Rows Removed by Filter: 19807258
  ->  Hash  (cost=112897.81..112897.81 rows=121698 width=8) (actual time=2255.329..2255.329 rows=209880 loops=1)
        Buckets: 131072 (originally 131072)  Batches: 4 (originally 2)  Memory Usage: 3075kB
        ->  Hash Join  (cost=78556.72..112897.81 rows=121698 width=8) (actual time=1242.471..2184.153 rows=209880 loops=1)
              Hash Cond: (mi_idx.movie_id = t.id)
              ->  Seq Scan on movie_info_idx mi_idx  (cost=0.00..25185.44 rows=460978 width=4) (actual time=0.019..519.248 rows=459925 loops=1)
                    Filter: (info_type_id < 100)
                    Rows Removed by Filter: 920110
              ->  Hash  (cost=67604.59..67604.59 rows=667531 width=4) (actual time=1241.617..1241.617 rows=662825 loops=1)
                    Buckets: 131072  Batches: 16  Memory Usage: 2476kB
                    ->  Seq Scan on title t  (cost=0.00..67604.59 rows=667531 width=4) (actual time=466.903..1037.118 rows=662825 loops=1)
                          Filter: (kind_id = 1)
                          Rows Removed by Filter: 1865487
Planning time: 1.211 ms
Execution time: 27231.529 ms
