Hash Join  (cost=74060.24..910912.25 rows=45704 width=0) (actual time=1924.234..19740.249 rows=45771 loops=1)
  Hash Cond: (ci.movie_id = t.id)
  ->  Seq Scan on cast_info ci  (cost=0.00..796071.18 rows=10753010 width=4) (actual time=767.891..16362.191 rows=12670688 loops=1)
        Filter: ((person_id < 3080845) AND (role_id < 2))
        Rows Removed by Filter: 23573656
  ->  Hash  (cost=73925.90..73925.90 rows=10747 width=4) (actual time=1156.115..1156.115 rows=6468 loops=1)
        Buckets: 16384  Batches: 1  Memory Usage: 356kB
        ->  Seq Scan on title t  (cost=0.00..73925.90 rows=10747 width=4) (actual time=152.907..1152.935 rows=6468 loops=1)
              Filter: ((kind_id = 1) AND (production_year = 1997))
              Rows Removed by Filter: 2521844
Planning time: 2.091 ms
Execution time: 19749.892 ms
