Seq Scan on movie_companies mc  (cost=0.00..57926.93 rows=992525 width=0) (actual time=0.018..1126.421 rows=1150061 loops=1)
  Filter: ((company_id > 916) AND (company_type_id = 2))
  Rows Removed by Filter: 1459068
Planning time: 0.298 ms
Execution time: 1271.773 ms
