Seq Scan on movie_keyword mk  (cost=0.00..81003.12 rows=1428704 width=0) (actual time=0.009..1029.198 rows=1441940 loops=1)
  Filter: (keyword_id < 2021)
  Rows Removed by Filter: 3081990
Planning time: 0.341 ms
Execution time: 1171.273 ms
