Seq Scan on cast_info ci  (cost=0.00..705507.15 rows=13209965 width=0) (actual time=8.168..12443.741 rows=13166497 loops=1)
  Filter: (person_id < 1300041)
  Rows Removed by Filter: 23077847
Planning time: 0.313 ms
Execution time: 14121.986 ms
