Hash Join  (cost=170194.61..309544.34 rows=396570 width=156) (actual time=4320.835..6979.671 rows=313045 loops=1)
  Hash Cond: (mk.movie_id = t.id)
  ->  Seq Scan on movie_keyword mk  (cost=0.00..69693.30 rows=4523930 width=12) (actual time=0.021..1460.198 rows=4523930 loops=1)
  ->  Hash  (cost=162877.96..162877.96 rows=221652 width=144) (actual time=3640.494..3640.494 rows=121269 loops=1)
        Buckets: 32768  Batches: 16  Memory Usage: 1371kB
        ->  Hash Join  (cost=106933.33..162877.96 rows=221652 width=144) (actual time=2412.198..3566.119 rows=121269 loops=1)
              Hash Cond: (mi_idx.movie_id = t.id)
              ->  Seq Scan on movie_info_idx mi_idx  (cost=0.00..25185.44 rows=460978 width=50) (actual time=0.025..548.817 rows=459925 loops=1)
                    Filter: (info_type_id = 99)
                    Rows Removed by Filter: 920110
              ->  Hash  (cost=73925.90..73925.90 rows=1215794 width=94) (actual time=2390.897..2390.897 rows=1301100 loops=1)
                    Buckets: 32768  Batches: 64  Memory Usage: 2573kB
                    ->  Seq Scan on title t  (cost=0.00..73925.90 rows=1215794 width=94) (actual time=0.021..1810.862 rows=1301100 loops=1)
                          Filter: ((production_year > 1976) AND (kind_id = 7))
                          Rows Removed by Filter: 1227212
Planning time: 1.182 ms
Execution time: 6995.145 ms
