Hash Join  (cost=762539.04..2615926.79 rows=61027975 width=0) (actual time=18927.867..78394.473 rows=119162453 loops=1)
  Hash Cond: (ci.movie_id = t.id)
  ->  Seq Scan on cast_info ci  (cost=0.00..796071.18 rows=20564946 width=4) (actual time=465.961..16931.240 rows=19580082 loops=1)
        Filter: ((person_id > 1238720) AND (role_id < 10))
        Rows Removed by Filter: 16664262
  ->  Hash  (cost=639433.19..639433.19 rows=7503588 width=8) (actual time=18459.217..18459.217 rows=7548855 loops=1)
        Buckets: 131072  Batches: 128  Memory Usage: 3325kB
        ->  Hash Join  (cost=102767.86..639433.19 rows=7503588 width=8) (actual time=2041.253..15389.554 rows=7548855 loops=1)
              Hash Cond: (mi.movie_id = t.id)
              ->  Seq Scan on movie_info mi  (cost=0.00..346232.03 rows=7503588 width=4) (actual time=0.028..6894.189 rows=7548855 loops=1)
                    Filter: (info_type_id > 7)
                    Rows Removed by Filter: 7286865
              ->  Hash  (cost=61283.27..61283.27 rows=2528527 width=4) (actual time=2039.902..2039.902 rows=2528312 loops=1)
                    Buckets: 131072  Batches: 64  Memory Usage: 2425kB
                    ->  Seq Scan on title t  (cost=0.00..61283.27 rows=2528527 width=4) (actual time=0.016..1176.522 rows=2528312 loops=1)
Planning time: 1.163 ms
Execution time: 92010.632 ms
