Seq Scan on title t  (cost=0.00..73925.90 rows=27934 width=0) (actual time=548.804..1201.872 rows=35197 loops=1)
  Filter: ((production_year < 1990) AND (kind_id = 3))
  Rows Removed by Filter: 2493115
Planning time: 0.401 ms
Execution time: 1207.346 ms
