Hash Join  (cost=113349.02..1118540.54 rows=865462 width=0) (actual time=3807.104..24972.920 rows=899483 loops=1)
  Hash Cond: (ci.movie_id = t.id)
  ->  Seq Scan on cast_info ci  (cost=0.00..796071.18 rows=17294599 width=4) (actual time=1481.972..17116.967 rows=14038859 loops=1)
        Filter: ((person_id < 2752418) AND (role_id > 1))
        Rows Removed by Filter: 22205485
  ->  Hash  (cost=111272.36..111272.36 rows=126533 width=8) (actual time=2324.235..2324.235 rows=69471 loops=1)
        Buckets: 131072  Batches: 2  Memory Usage: 2377kB
        ->  Hash Join  (cost=71408.55..111272.36 rows=126533 width=8) (actual time=1295.882..2301.685 rows=69471 loops=1)
              Hash Cond: (mi_idx.movie_id = t.id)
              ->  Seq Scan on movie_info_idx mi_idx  (cost=0.00..21735.35 rows=1380035 width=4) (actual time=0.011..399.742 rows=1380035 loops=1)
              ->  Hash  (cost=67604.59..67604.59 rows=231837 width=4) (actual time=1295.065..1295.065 rows=231649 loops=1)
                    Buckets: 131072  Batches: 4  Memory Usage: 3076kB
                    ->  Seq Scan on title t  (cost=0.00..67604.59 rows=231837 width=4) (actual time=0.031..1211.702 rows=231649 loops=1)
                          Filter: (production_year > 2011)
                          Rows Removed by Filter: 2296663
Planning time: 2.134 ms
Execution time: 25079.816 ms
