Hash Join  (cost=459123.10..587072.20 rows=488107 width=0) (actual time=8316.890..10880.332 rows=255639 loops=1)
  Hash Cond: (mk.movie_id = t.id)
  ->  Seq Scan on movie_keyword mk  (cost=0.00..69693.30 rows=4523930 width=4) (actual time=0.020..1461.913 rows=4523930 loops=1)
  ->  Hash  (cost=454646.92..454646.92 rows=272814 width=8) (actual time=7782.135..7782.135 rows=106448 loops=1)
        Buckets: 131072  Batches: 4  Memory Usage: 2064kB
        ->  Hash Join  (cost=79082.94..454646.92 rows=272814 width=8) (actual time=1201.152..7739.403 rows=106448 loops=1)
              Hash Cond: (mi.movie_id = t.id)
              ->  Seq Scan on movie_info mi  (cost=0.00..346232.03 rows=2194617 width=4) (actual time=0.027..5543.986 rows=2233850 loops=1)
                    Filter: (info_type_id > 16)
                    Rows Removed by Filter: 12601870
              ->  Hash  (cost=73925.90..73925.90 rows=314323 width=4) (actual time=1200.078..1200.078 rows=201761 loops=1)
                    Buckets: 131072  Batches: 8  Memory Usage: 1908kB
                    ->  Seq Scan on title t  (cost=0.00..73925.90 rows=314323 width=4) (actual time=0.021..1131.138 rows=201761 loops=1)
                          Filter: ((production_year < 1980) AND (kind_id = 7))
                          Rows Removed by Filter: 2326551
Planning time: 1.227 ms
Execution time: 10912.859 ms
