Hash Join  (cost=209684.67..688442.47 rows=2078861 width=0) (actual time=4739.564..16950.777 rows=3076125 loops=1)
  Hash Cond: (mi.movie_id = t.id)
  ->  Seq Scan on movie_info mi  (cost=0.00..346232.03 rows=9476311 width=4) (actual time=0.020..6926.577 rows=9565151 loops=1)
        Filter: (info_type_id < 16)
        Rows Removed by Filter: 5270569
  ->  Hash  (cost=200584.00..200584.00 rows=554694 width=8) (actual time=4738.690..4738.690 rows=338068 loops=1)
        Buckets: 131072  Batches: 8  Memory Usage: 2689kB
        ->  Hash Join  (cost=97010.87..200584.00 rows=554694 width=8) (actual time=2351.076..4636.249 rows=338068 loops=1)
              Hash Cond: (mk.movie_id = t.id)
              ->  Seq Scan on movie_keyword mk  (cost=0.00..81003.12 rows=996818 width=4) (actual time=0.024..1469.542 rows=1004619 loops=1)
                    Filter: (keyword_id < 959)
                    Rows Removed by Filter: 3519311
              ->  Hash  (cost=73925.90..73925.90 rows=1407037 width=4) (actual time=2349.806..2349.806 rows=1529626 loops=1)
                    Buckets: 131072  Batches: 32  Memory Usage: 2721kB
                    ->  Seq Scan on title t  (cost=0.00..73925.90 rows=1407037 width=4) (actual time=0.020..1581.979 rows=1529626 loops=1)
                          Filter: ((kind_id > 1) AND (production_year > 1982))
                          Rows Removed by Filter: 998686
Planning time: 1.236 ms
Execution time: 17308.053 ms
