Seq Scan on movie_keyword mk  (cost=0.00..81003.12 rows=246 width=0) (actual time=4.473..1315.241 rows=408 loops=1)
  Filter: (keyword_id = 7591)
  Rows Removed by Filter: 4523522
Planning time: 0.404 ms
Execution time: 1315.520 ms
