Hash Join  (cost=219874.45..1311998.62 rows=9598659 width=0) (actual time=11844.983..38853.226 rows=22869085 loops=1)
  Hash Cond: (ci.movie_id = t.id)
  ->  Seq Scan on cast_info ci  (cost=0.00..796071.18 rows=15125680 width=4) (actual time=6358.679..17682.504 rows=15454379 loops=1)
        Filter: ((person_id > 228295) AND (role_id > 2))
        Rows Removed by Filter: 20789965
  ->  Hash  (cost=193549.12..193549.12 rows=1604587 width=8) (actual time=5485.202..5485.202 rows=1853708 loops=1)
        Buckets: 131072  Batches: 32  Memory Usage: 3252kB
        ->  Hash Join  (cost=93117.31..193549.12 rows=1604587 width=8) (actual time=1969.760..4974.826 rows=1853708 loops=1)
              Hash Cond: (mc.movie_id = t.id)
              ->  Seq Scan on movie_companies mc  (cost=0.00..44881.29 rows=2609129 width=4) (actual time=0.026..935.625 rows=2609129 loops=1)
              ->  Hash  (cost=67604.59..67604.59 rows=1555018 width=4) (actual time=1968.440..1968.440 rows=1551727 loops=1)
                    Buckets: 131072  Batches: 32  Memory Usage: 2728kB
                    ->  Seq Scan on title t  (cost=0.00..67604.59 rows=1555018 width=4) (actual time=0.052..1458.306 rows=1551727 loops=1)
                          Filter: (production_year < 2007)
                          Rows Removed by Filter: 976585
Planning time: 1.251 ms
Execution time: 41399.743 ms
