Hash Join  (cost=77232.60..203627.72 rows=360508 width=0) (actual time=1175.059..4643.476 rows=1166381 loops=1)
  Hash Cond: (mk.movie_id = t.id)
  ->  Seq Scan on movie_keyword mk  (cost=0.00..69693.30 rows=4523930 width=4) (actual time=0.024..1447.807 rows=4523930 loops=1)
  ->  Hash  (cost=73925.90..73925.90 rows=201496 width=4) (actual time=1174.175..1174.175 rows=307194 loops=1)
        Buckets: 131072  Batches: 4  Memory Usage: 3733kB
        ->  Seq Scan on title t  (cost=0.00..73925.90 rows=201496 width=4) (actual time=0.017..1069.738 rows=307194 loops=1)
              Filter: ((kind_id < 7) AND (production_year < 1980))
              Rows Removed by Filter: 2221118
Planning time: 2.871 ms
Execution time: 4780.954 ms
