Hash Join  (cost=78473.92..1209780.91 rows=9491582 width=0) (actual time=1819.350..34253.927 rows=10427342 loops=1)
  Hash Cond: (ci.movie_id = t.id)
  ->  Seq Scan on cast_info ci  (cost=0.00..614943.12 rows=36225612 width=4) (actual time=0.018..13415.635 rows=36244344 loops=1)
  ->  Hash  (cost=67604.59..67604.59 rows=662507 width=4) (actual time=1818.136..1818.136 rows=662065 loops=1)
        Buckets: 131072  Batches: 16  Memory Usage: 2481kB
        ->  Seq Scan on title t  (cost=0.00..67604.59 rows=662507 width=4) (actual time=0.019..1197.087 rows=662065 loops=1)
              Filter: (production_year > 2008)
              Rows Removed by Filter: 1866247
Planning time: 2.236 ms
Execution time: 35296.805 ms
