Seq Scan on movie_companies mc  (cost=0.00..51404.11 rows=1766907 width=0) (actual time=0.024..942.264 rows=1772600 loops=1)
  Filter: (company_id > 2164)
  Rows Removed by Filter: 836529
Planning time: 0.349 ms
Execution time: 1166.889 ms
