Hash Join  (cost=83072.49..109983.06 rows=9 width=0) (actual time=1763.684..1947.710 rows=6 loops=1)
  Hash Cond: (mi_idx.movie_id = t.id)
  ->  Seq Scan on movie_info_idx mi_idx  (cost=0.00..21735.35 rows=1380035 width=4) (actual time=0.030..370.421 rows=1380035 loops=1)
  ->  Hash  (cost=83072.29..83072.29 rows=16 width=8) (actual time=1339.417..1339.417 rows=3 loops=1)
        Buckets: 1024  Batches: 1  Memory Usage: 9kB
        ->  Nested Loop  (cost=0.43..83072.29 rows=16 width=8) (actual time=87.120..1339.401 rows=3 loops=1)
              ->  Seq Scan on movie_keyword mk  (cost=0.00..81003.12 rows=246 width=4) (actual time=87.074..1319.791 rows=42 loops=1)
                    Filter: (keyword_id = 13595)
                    Rows Removed by Filter: 4523888
              ->  Index Scan using title_pkey on title t  (cost=0.43..8.40 rows=1 width=4) (actual time=0.463..0.463 rows=0 loops=42)
                    Index Cond: (id = mk.movie_id)
                    Filter: (production_year = 2012)
                    Rows Removed by Filter: 1
Planning time: 1.293 ms
Execution time: 1947.890 ms
