Hash Join  (cost=75397.84..560782.05 rows=522728 width=0) (actual time=1905.448..11107.537 rows=49 loops=1)
  Hash Cond: (mi.movie_id = t.id)
  ->  Seq Scan on movie_info mi  (cost=0.00..309384.22 rows=14739122 width=4) (actual time=0.012..5504.081 rows=14835720 loops=1)
  ->  Hash  (cost=73925.90..73925.90 rows=89675 width=4) (actual time=1025.446..1025.446 rows=45 loops=1)
        Buckets: 131072  Batches: 2  Memory Usage: 1031kB
        ->  Seq Scan on title t  (cost=0.00..73925.90 rows=89675 width=4) (actual time=22.874..1025.325 rows=45 loops=1)
              Filter: ((production_year < 1944) AND (kind_id = 7))
              Rows Removed by Filter: 2528267
Planning time: 0.793 ms
Execution time: 11107.684 ms
