Seq Scan on movie_keyword mk  (cost=0.00..81003.12 rows=811532 width=0) (actual time=0.016..1247.443 rows=814790 loops=1)
  Filter: (keyword_id > 22484)
  Rows Removed by Filter: 3709140
Planning time: 0.359 ms
Execution time: 1349.584 ms
