Hash Join  (cost=102767.86..1622605.33 rows=33431774 width=0) (actual time=1921.466..45756.243 rows=33405269 loops=1)
  Hash Cond: (ci.movie_id = t.id)
  ->  Seq Scan on cast_info ci  (cost=0.00..705507.15 rows=33431774 width=4) (actual time=0.031..16870.853 rows=33405269 loops=1)
        Filter: (person_id < 3525481)
        Rows Removed by Filter: 2839075
  ->  Hash  (cost=61283.27..61283.27 rows=2528527 width=4) (actual time=1920.631..1920.631 rows=2528312 loops=1)
        Buckets: 131072  Batches: 64  Memory Usage: 2415kB
        ->  Seq Scan on title t  (cost=0.00..61283.27 rows=2528527 width=4) (actual time=0.020..1092.273 rows=2528312 loops=1)
Planning time: 0.816 ms
Execution time: 49496.135 ms
