Hash Join  (cost=101625.48..467797.92 rows=151650 width=0) (actual time=1909.449..10413.577 rows=269340 loops=1)
  Hash Cond: (mi.movie_id = t.id)
  ->  Seq Scan on movie_info mi  (cost=0.00..309384.22 rows=14739122 width=4) (actual time=0.011..4798.586 rows=14835720 loops=1)
  ->  Hash  (cost=101300.28..101300.28 rows=26016 width=8) (actual time=1908.769..1908.769 rows=20225 loops=1)
        Buckets: 32768  Batches: 1  Memory Usage: 1047kB
        ->  Hash Join  (cost=69928.56..101300.28 rows=26016 width=8) (actual time=1203.634..1900.693 rows=20225 loops=1)
              Hash Cond: (mi_idx.movie_id = t.id)
              ->  Seq Scan on movie_info_idx mi_idx  (cost=0.00..25185.44 rows=464566 width=4) (actual time=0.027..494.165 rows=459925 loops=1)
                    Filter: (info_type_id = 101)
                    Rows Removed by Filter: 920110
              ->  Hash  (cost=67604.59..67604.59 rows=141598 width=4) (actual time=1202.849..1202.849 rows=141703 loops=1)
                    Buckets: 131072  Batches: 2  Memory Usage: 3511kB
                    ->  Seq Scan on title t  (cost=0.00..67604.59 rows=141598 width=4) (actual time=0.014..1149.197 rows=141703 loops=1)
                          Filter: (production_year = 2010)
                          Rows Removed by Filter: 2386609
Planning time: 1.180 ms
Execution time: 10454.183 ms
