Hash Join  (cost=458185.67..1401943.57 rows=2040022 width=0) (actual time=7610.609..30146.385 rows=1586341 loops=1)
  Hash Cond: (ci.movie_id = t.id)
  ->  Seq Scan on cast_info ci  (cost=0.00..705507.15 rows=18748141 width=4) (actual time=0.010..13874.667 rows=18642347 loops=1)
        Filter: (person_id < 1856514)
        Rows Removed by Filter: 17601997
  ->  Hash  (cost=453671.49..453671.49 rows=275134 width=8) (actual time=7609.669..7609.669 rows=127537 loops=1)
        Buckets: 131072  Batches: 4  Memory Usage: 2271kB
        ->  Hash Join  (cost=92883.59..453671.49 rows=275134 width=8) (actual time=4048.920..7569.674 rows=127537 loops=1)
              Hash Cond: (mi.movie_id = t.id)
              ->  Seq Scan on movie_info mi  (cost=0.00..346232.03 rows=451508 width=4) (actual time=2333.588..5309.114 rows=474443 loops=1)
                    Filter: (info_type_id = 6)
                    Rows Removed by Filter: 14361277
              ->  Hash  (cost=67604.59..67604.59 rows=1540800 width=4) (actual time=1714.103..1714.103 rows=1543264 loops=1)
                    Buckets: 131072  Batches: 32  Memory Usage: 2728kB
                    ->  Seq Scan on title t  (cost=0.00..67604.59 rows=1540800 width=4) (actual time=0.024..1211.613 rows=1543264 loops=1)
                          Filter: (kind_id = 7)
                          Rows Removed by Filter: 985048
Planning time: 1.261 ms
Execution time: 30325.983 ms
