Hash Join  (cost=101489.21..1172345.66 rows=10383692 width=0) (actual time=2016.098..28592.005 rows=12263864 loops=1)
  Hash Cond: (ci.movie_id = t.id)
  ->  Seq Scan on cast_info ci  (cost=0.00..796071.18 rows=12712470 width=4) (actual time=0.014..15107.934 rows=14461109 loops=1)
        Filter: ((person_id < 1594748) AND (role_id < 7))
        Rows Removed by Filter: 21783235
  ->  Hash  (cost=67604.59..67604.59 rows=2065330 width=4) (actual time=2014.691..2014.691 rows=2064552 loops=1)
        Buckets: 131072  Batches: 32  Memory Usage: 3289kB
        ->  Seq Scan on title t  (cost=0.00..67604.59 rows=2065330 width=4) (actual time=0.022..1350.130 rows=2064552 loops=1)
              Filter: (production_year < 2011)
              Rows Removed by Filter: 463760
Planning time: 0.775 ms
Execution time: 30021.158 ms
