Seq Scan on movie_keyword mk  (cost=0.00..81003.12 rows=204460 width=0) (actual time=0.024..1400.104 rows=220327 loops=1)
  Filter: (keyword_id < 171)
  Rows Removed by Filter: 4303603
Planning time: 0.354 ms
Execution time: 1430.161 ms
