Hash Join  (cost=937517.23..1473108.54 rows=5228138 width=0) (actual time=16864.081..33303.754 rows=6704796 loops=1)
  Hash Cond: (mi.movie_id = t.id)
  ->  Seq Scan on movie_info mi  (cost=0.00..309384.22 rows=14739122 width=4) (actual time=0.013..6331.410 rows=14835720 loops=1)
  ->  Hash  (cost=922802.01..922802.01 rows=896898 width=8) (actual time=16863.128..16863.128 rows=1694140 loops=1)
        Buckets: 131072 (originally 131072)  Batches: 32 (originally 16)  Memory Usage: 3091kB
        ->  Hash Join  (cost=92883.59..922802.01 rows=896898 width=8) (actual time=2314.364..16372.527 rows=1694140 loops=1)
              Hash Cond: (ci.movie_id = t.id)
              ->  Seq Scan on cast_info ci  (cost=0.00..796071.18 rows=1471852 width=4) (actual time=0.017..11177.668 rows=2930274 loops=1)
                    Filter: ((person_id < 389754) AND (role_id < 2))
                    Rows Removed by Filter: 33314070
              ->  Hash  (cost=67604.59..67604.59 rows=1540800 width=4) (actual time=2313.181..2313.181 rows=1543264 loops=1)
                    Buckets: 131072  Batches: 32  Memory Usage: 2722kB
                    ->  Seq Scan on title t  (cost=0.00..67604.59 rows=1540800 width=4) (actual time=132.512..1266.901 rows=1543264 loops=1)
                          Filter: (kind_id = 7)
                          Rows Removed by Filter: 985048
Planning time: 2.529 ms
Execution time: 34053.402 ms
