Seq Scan on movie_keyword mk  (cost=0.00..81003.12 rows=1496103 width=0) (actual time=0.029..1450.199 rows=1516057 loops=1)
  Filter: (keyword_id > 10673)
  Rows Removed by Filter: 3007873
Planning time: 0.378 ms
Execution time: 1642.587 ms
