Seq Scan on movie_keyword mk  (cost=0.00..81003.12 rows=246 width=0) (actual time=1.397..957.098 rows=147 loops=1)
  Filter: (keyword_id = 19197)
  Rows Removed by Filter: 4523783
Planning time: 0.363 ms
Execution time: 957.281 ms
