Hash Join  (cost=322665.52..1926770.67 rows=42016421 width=0) (actual time=7667.938..50206.206 rows=40444997 loops=1)
  Hash Cond: (ci.movie_id = t.id)
  ->  Seq Scan on cast_info ci  (cost=0.00..705507.15 rows=33131159 width=4) (actual time=0.019..16853.729 rows=33090132 loops=1)
        Filter: (person_id < 3480830)
        Rows Removed by Filter: 3154212
  ->  Hash  (cost=270056.53..270056.53 rows=3206639 width=8) (actual time=7665.771..7665.771 rows=1621697 loops=1)
        Buckets: 131072  Batches: 64  Memory Usage: 1989kB
        ->  Hash Join  (cost=103331.19..270056.53 rows=3206639 width=8) (actual time=2736.911..7190.118 rows=1621697 loops=1)
              Hash Cond: (mk.movie_id = t.id)
              ->  Seq Scan on movie_keyword mk  (cost=0.00..69693.30 rows=4523930 width=4) (actual time=0.029..1363.096 rows=4523930 loops=1)
              ->  Hash  (cost=73925.90..73925.90 rows=1792263 width=4) (actual time=2734.219..2734.219 rows=1799906 loops=1)
                    Buckets: 131072  Batches: 32  Memory Usage: 3013kB
                    ->  Seq Scan on title t  (cost=0.00..73925.90 rows=1792263 width=4) (actual time=0.018..1502.477 rows=1799906 loops=1)
                          Filter: ((kind_id > 1) AND (production_year > 1909))
                          Rows Removed by Filter: 728406
Planning time: 1.893 ms
Execution time: 54663.169 ms
