Seq Scan on title t  (cost=0.00..73925.90 rows=61180 width=0) (actual time=233.345..1229.671 rows=53378 loops=1)
  Filter: ((production_year < 2005) AND (kind_id = 4))
  Rows Removed by Filter: 2474934
Planning time: 0.403 ms
Execution time: 1237.273 ms
