Hash Join  (cost=92883.59..181796.46 rows=804655 width=0) (actual time=2704.844..3828.606 rows=400469 loops=1)
  Hash Cond: (mc.movie_id = t.id)
  ->  Seq Scan on movie_companies mc  (cost=0.00..57926.93 rows=1320478 width=4) (actual time=0.026..1126.317 rows=1318296 loops=1)
        Filter: ((company_id < 219383) AND (company_type_id = 2))
        Rows Removed by Filter: 1290833
  ->  Hash  (cost=67604.59..67604.59 rows=1540800 width=4) (actual time=1672.241..1672.241 rows=1543264 loops=1)
        Buckets: 131072  Batches: 32  Memory Usage: 2722kB
        ->  Seq Scan on title t  (cost=0.00..67604.59 rows=1540800 width=4) (actual time=0.016..1187.911 rows=1543264 loops=1)
              Filter: (kind_id = 7)
              Rows Removed by Filter: 985048
Planning time: 2.118 ms
Execution time: 3874.470 ms
