Hash Join  (cost=102767.86..1175691.32 rows=11095033 width=0) (actual time=1847.376..29999.696 rows=12670688 loops=1)
  Hash Cond: (ci.movie_id = t.id)
  ->  Seq Scan on cast_info ci  (cost=0.00..796071.18 rows=11095033 width=4) (actual time=0.025..17238.019 rows=12670688 loops=1)
        Filter: ((person_id < 3213353) AND (role_id = 1))
        Rows Removed by Filter: 23573656
  ->  Hash  (cost=61283.27..61283.27 rows=2528527 width=4) (actual time=1846.035..1846.035 rows=2528312 loops=1)
        Buckets: 131072  Batches: 64  Memory Usage: 2415kB
        ->  Seq Scan on title t  (cost=0.00..61283.27 rows=2528527 width=4) (actual time=0.010..1005.574 rows=2528312 loops=1)
Planning time: 1.615 ms
Execution time: 31510.585 ms
