Hash Join  (cost=97968.46..503184.88 rows=1778167 width=0) (actual time=3837.601..9712.563 rows=1641307 loops=1)
  Hash Cond: (mi.movie_id = t.id)
  ->  Seq Scan on movie_info mi  (cost=0.00..346232.03 rows=3068194 width=4) (actual time=2060.283..5459.997 rows=3036719 loops=1)
        Filter: (info_type_id = 16)
        Rows Removed by Filter: 11799001
  ->  Hash  (cost=73925.90..73925.90 rows=1465404 width=4) (actual time=1775.848..1775.848 rows=1478439 loops=1)
        Buckets: 131072  Batches: 32  Memory Usage: 2656kB
        ->  Seq Scan on title t  (cost=0.00..73925.90 rows=1465404 width=4) (actual time=0.040..1272.564 rows=1478439 loops=1)
              Filter: ((production_year > 1914) AND (kind_id = 7))
              Rows Removed by Filter: 1049873
Planning time: 1.595 ms
Execution time: 9910.040 ms
