Nested Loop  (cost=0.43..83072.90 rows=5 width=0) (actual time=575.532..913.371 rows=1 loops=1)
  ->  Seq Scan on movie_keyword mk  (cost=0.00..81003.12 rows=246 width=4) (actual time=37.242..912.478 rows=19 loops=1)
        Filter: (keyword_id = 54081)
        Rows Removed by Filter: 4523911
  ->  Index Scan using title_pkey on title t  (cost=0.43..8.40 rows=1 width=4) (actual time=0.043..0.043 rows=0 loops=19)
        Index Cond: (id = mk.movie_id)
        Filter: ((kind_id < 7) AND (production_year = 2009))
        Rows Removed by Filter: 1
Planning time: 0.767 ms
Execution time: 913.467 ms
