Hash Join  (cost=922488.85..963368.30 rows=185697 width=0) (actual time=14041.610..15530.169 rows=1183817 loops=1)
  Hash Cond: (mi_idx.movie_id = t.id)
  ->  Seq Scan on movie_info_idx mi_idx  (cost=0.00..21735.35 rows=1380035 width=4) (actual time=0.022..437.026 rows=1380035 loops=1)
  ->  Hash  (cost=916905.89..916905.89 rows=340237 width=8) (actual time=14040.811..14040.811 rows=792669 loops=1)
        Buckets: 131072 (originally 131072)  Batches: 16 (originally 8)  Memory Usage: 3073kB
        ->  Hash Join  (cost=102767.86..916905.89 rows=340237 width=8) (actual time=11090.576..13852.024 rows=792669 loops=1)
              Hash Cond: (ci.movie_id = t.id)
              ->  Seq Scan on cast_info ci  (cost=0.00..796071.18 rows=340237 width=4) (actual time=9090.747..10928.111 rows=792669 loops=1)
                    Filter: ((person_id > 3909922) AND (role_id > 2))
                    Rows Removed by Filter: 35451675
              ->  Hash  (cost=61283.27..61283.27 rows=2528527 width=4) (actual time=1998.404..1998.404 rows=2528312 loops=1)
                    Buckets: 131072  Batches: 64  Memory Usage: 2415kB
                    ->  Seq Scan on title t  (cost=0.00..61283.27 rows=2528527 width=4) (actual time=0.027..1139.830 rows=2528312 loops=1)
Planning time: 3.711 ms
Execution time: 15662.296 ms
