Seq Scan on movie_keyword mk  (cost=0.00..81003.12 rows=1782227 width=0) (actual time=0.030..1362.631 rows=1789167 loops=1)
  Filter: (keyword_id > 7768)
  Rows Removed by Filter: 2734763
Planning time: 0.324 ms
Execution time: 1584.095 ms
