Seq Scan on movie_keyword mk  (cost=0.00..81003.12 rows=6032 width=0) (actual time=0.049..1201.536 rows=6673 loops=1)
  Filter: (keyword_id = 2879)
  Rows Removed by Filter: 4517257
Planning time: 0.272 ms
Execution time: 1203.163 ms
