Hash Join  (cost=74106.24..442789.33 rows=33648 width=0) (actual time=2574.848..8176.399 rows=39860 loops=1)
  Hash Cond: (mi.movie_id = t.id)
  ->  Seq Scan on movie_info mi  (cost=0.00..346232.03 rows=5897221 width=4) (actual time=1279.997..5898.234 rows=5884963 loops=1)
        Filter: (info_type_id < 7)
        Rows Removed by Filter: 8950757
  ->  Hash  (cost=73925.90..73925.90 rows=14427 width=4) (actual time=1199.911..1199.911 rows=10391 loops=1)
        Buckets: 16384  Batches: 1  Memory Usage: 494kB
        ->  Seq Scan on title t  (cost=0.00..73925.90 rows=14427 width=4) (actual time=485.858..1195.033 rows=10391 loops=1)
              Filter: ((production_year < 1969) AND (kind_id = 3))
              Rows Removed by Filter: 2517921
Planning time: 0.796 ms
Execution time: 8182.920 ms
