Hash Join  (cost=82798.22..516517.62 rows=1332571 width=0) (actual time=1444.758..12153.816 rows=2399838 loops=1)
  Hash Cond: (mi.movie_id = t.id)
  ->  Seq Scan on movie_info mi  (cost=0.00..346232.03 rows=6231111 width=4) (actual time=0.025..6464.944 rows=6223494 loops=1)
        Filter: (info_type_id > 8)
        Rows Removed by Filter: 8612226
  ->  Hash  (cost=73925.90..73925.90 rows=540745 width=4) (actual time=1443.666..1443.666 rows=416412 loops=1)
        Buckets: 131072  Batches: 8  Memory Usage: 2870kB
        ->  Seq Scan on title t  (cost=0.00..73925.90 rows=540745 width=4) (actual time=260.721..1311.506 rows=416412 loops=1)
              Filter: ((production_year > 1972) AND (kind_id = 1))
              Rows Removed by Filter: 2111900
Planning time: 0.756 ms
Execution time: 12432.836 ms
