Hash Join  (cost=148256.38..527112.03 rows=499782 width=0) (actual time=3282.590..10262.990 rows=593742 loops=1)
  Hash Cond: (mi.movie_id = t.id)
  ->  Seq Scan on movie_info mi  (cost=0.00..346232.03 rows=2194617 width=4) (actual time=188.283..5745.809 rows=2233850 loops=1)
        Filter: (info_type_id > 16)
        Rows Removed by Filter: 12601870
  ->  Hash  (cost=138808.58..138808.58 rows=575824 width=8) (actual time=3093.480..3093.480 rows=426168 loops=1)
        Buckets: 131072  Batches: 8  Memory Usage: 3108kB
        ->  Hash Join  (cost=91235.85..138808.58 rows=575824 width=8) (actual time=1683.148..2972.090 rows=426168 loops=1)
              Hash Cond: (mi_idx.movie_id = t.id)
              ->  Seq Scan on movie_info_idx mi_idx  (cost=0.00..21735.35 rows=1380035 width=4) (actual time=0.030..394.790 rows=1380035 loops=1)
              ->  Hash  (cost=73925.90..73925.90 rows=1055036 width=4) (actual time=1682.457..1682.457 rows=1152351 loops=1)
                    Buckets: 131072  Batches: 16  Memory Usage: 3561kB
                    ->  Seq Scan on title t  (cost=0.00..73925.90 rows=1055036 width=4) (actual time=0.028..1334.775 rows=1152351 loops=1)
                          Filter: ((kind_id > 1) AND (production_year > 1999))
                          Rows Removed by Filter: 1375961
Planning time: 1.139 ms
Execution time: 10334.818 ms
