Hash Join  (cost=162689.84..218925.28 rows=8988 width=0) (actual time=3167.281..4072.952 rows=8242 loops=1)
  Hash Cond: (mc.movie_id = t.id)
  ->  Seq Scan on movie_companies mc  (cost=0.00..51404.11 rows=1264386 width=4) (actual time=0.016..942.480 rows=1256511 loops=1)
        Filter: (company_id < 11163)
        Rows Removed by Filter: 1352618
  ->  Hash  (cost=162465.16..162465.16 rows=17974 width=8) (actual time=2908.950..2908.950 rows=3914 loops=1)
        Buckets: 32768  Batches: 1  Memory Usage: 409kB
        ->  Hash Join  (cost=75533.21..162465.16 rows=17974 width=8) (actual time=1366.630..2907.183 rows=3914 loops=1)
              Hash Cond: (mk.movie_id = t.id)
              ->  Seq Scan on movie_keyword mk  (cost=0.00..81003.12 rows=464025 width=4) (actual time=0.044..1369.069 rows=460750 loops=1)
                    Filter: (keyword_id > 38549)
                    Rows Removed by Filter: 4063180
              ->  Hash  (cost=73925.90..73925.90 rows=97944 width=4) (actual time=1365.201..1365.201 rows=106247 loops=1)
                    Buckets: 131072  Batches: 2  Memory Usage: 2896kB
                    ->  Seq Scan on title t  (cost=0.00..73925.90 rows=97944 width=4) (actual time=0.042..1325.773 rows=106247 loops=1)
                          Filter: ((kind_id = 7) AND (production_year = 2011))
                          Rows Removed by Filter: 2422065
Planning time: 1.160 ms
Execution time: 4074.222 ms
