Hash Join  (cost=96375.19..182230.84 rows=1374 width=0) (actual time=1771.666..3318.484 rows=17508 loops=1)
  Hash Cond: (mk.movie_id = t.id)
  ->  Seq Scan on movie_keyword mk  (cost=0.00..81003.12 rows=1290343 width=4) (actual time=0.023..1321.976 rows=1302069 loops=1)
        Filter: (keyword_id > 13533)
        Rows Removed by Filter: 3221861
  ->  Hash  (cost=96341.54..96341.54 rows=2692 width=8) (actual time=1769.683..1769.683 rows=7136 loops=1)
        Buckets: 8192 (originally 4096)  Batches: 1 (originally 1)  Memory Usage: 343kB
        ->  Hash Join  (cost=67697.55..96341.54 rows=2692 width=8) (actual time=1009.813..1766.413 rows=7136 loops=1)
              Hash Cond: (mi_idx.movie_id = t.id)
              ->  Seq Scan on movie_info_idx mi_idx  (cost=0.00..25185.44 rows=915101 width=4) (actual time=0.018..565.558 rows=919850 loops=1)
                    Filter: (info_type_id < 101)
                    Rows Removed by Filter: 460185
              ->  Hash  (cost=67604.59..67604.59 rows=7437 width=4) (actual time=1009.672..1009.672 rows=14456 loops=1)
                    Buckets: 16384 (originally 8192)  Batches: 1 (originally 1)  Memory Usage: 637kB
                    ->  Seq Scan on title t  (cost=0.00..67604.59 rows=7437 width=4) (actual time=0.038..1002.963 rows=14456 loops=1)
                          Filter: (production_year = 1981)
                          Rows Removed by Filter: 2513856
Planning time: 1.121 ms
Execution time: 3321.171 ms
