Nested Loop  (cost=0.43..83071.67 rows=246 width=0) (actual time=11.492..1393.845 rows=58 loops=1)
  ->  Seq Scan on movie_keyword mk  (cost=0.00..81003.12 rows=246 width=4) (actual time=11.395..1390.731 rows=58 loops=1)
        Filter: (keyword_id = 21669)
        Rows Removed by Filter: 4523872
  ->  Index Only Scan using title_pkey on title t  (cost=0.43..8.40 rows=1 width=4) (actual time=0.048..0.048 rows=1 loops=58)
        Index Cond: (id = mk.movie_id)
        Heap Fetches: 58
Planning time: 0.519 ms
Execution time: 1393.958 ms
