Hash Join  (cost=79930.86..606466.19 rows=4379440 width=0) (actual time=1420.738..17079.677 rows=5982172 loops=1)
  Hash Cond: (mi.movie_id = t.id)
  ->  Seq Scan on movie_info mi  (cost=0.00..309384.22 rows=14739122 width=4) (actual time=0.021..6369.355 rows=14835720 loops=1)
  ->  Hash  (cost=67604.59..67604.59 rows=751302 width=4) (actual time=1419.847..1419.847 rows=755902 loops=1)
        Buckets: 131072  Batches: 16  Memory Usage: 2692kB
        ->  Seq Scan on title t  (cost=0.00..67604.59 rows=751302 width=4) (actual time=0.019..1169.252 rows=755902 loops=1)
              Filter: (production_year < 1993)
              Rows Removed by Filter: 1772410
Planning time: 0.757 ms
Execution time: 17825.182 ms
