Seq Scan on cast_info ci  (cost=0.00..796071.18 rows=11114744 width=0) (actual time=6628.231..15341.325 rows=5828506 loops=1)
  Filter: ((person_id < 2563053) AND (role_id > 2))
  Rows Removed by Filter: 30415838
Planning time: 0.373 ms
Execution time: 16068.216 ms
