Hash Join  (cost=73962.22..426024.79 rows=1781 width=0) (actual time=2789.532..6522.090 rows=7259 loops=1)
  Hash Cond: (mi.movie_id = t.id)
  ->  Seq Scan on movie_info mi  (cost=0.00..346232.03 rows=1550064 width=4) (actual time=1857.507..5321.348 rows=1533909 loops=1)
        Filter: (info_type_id = 3)
        Rows Removed by Filter: 13301811
  ->  Hash  (cost=73925.90..73925.90 rows=2905 width=4) (actual time=931.653..931.653 rows=6093 loops=1)
        Buckets: 8192 (originally 4096)  Batches: 1 (originally 1)  Memory Usage: 279kB
        ->  Seq Scan on title t  (cost=0.00..73925.90 rows=2905 width=4) (actual time=1.743..928.738 rows=6093 loops=1)
              Filter: ((kind_id < 7) AND (production_year = 1977))
              Rows Removed by Filter: 2522219
Planning time: 0.734 ms
Execution time: 6523.553 ms
