Seq Scan on movie_keyword mk  (cost=0.00..81003.12 rows=20859 width=0) (actual time=521.353..1201.097 rows=17503 loops=1)
  Filter: (keyword_id > 119181)
  Rows Removed by Filter: 4506427
Planning time: 0.336 ms
Execution time: 1203.946 ms
