Hash Join  (cost=90601.07..137811.55 rows=554700 width=0) (actual time=4306.366..6795.891 rows=404226 loops=1)
  Hash Cond: (mi_idx.movie_id = t.id)
  ->  Seq Scan on movie_info_idx mi_idx  (cost=0.00..21735.35 rows=1380035 width=4) (actual time=0.014..1348.883 rows=1380035 loops=1)
  ->  Hash  (cost=73925.90..73925.90 rows=1016333 width=4) (actual time=4300.936..4300.936 rows=1107438 loops=1)
        Buckets: 131072  Batches: 16  Memory Usage: 3463kB
        ->  Seq Scan on title t  (cost=0.00..73925.90 rows=1016333 width=4) (actual time=0.018..3613.638 rows=1107438 loops=1)
              Filter: ((kind_id > 1) AND (production_year > 2000))
              Rows Removed by Filter: 1420874
Planning time: 0.775 ms
Execution time: 6848.898 ms
