Hash Join  (cost=102767.86..496176.42 rows=1550064 width=0) (actual time=3722.230..8389.922 rows=1533909 loops=1)
  Hash Cond: (mi.movie_id = t.id)
  ->  Seq Scan on movie_info mi  (cost=0.00..346232.03 rows=1550064 width=4) (actual time=1716.216..4813.483 rows=1533909 loops=1)
        Filter: (info_type_id = 3)
        Rows Removed by Filter: 13301811
  ->  Hash  (cost=61283.27..61283.27 rows=2528527 width=4) (actual time=2004.855..2004.855 rows=2528312 loops=1)
        Buckets: 131072  Batches: 64  Memory Usage: 2425kB
        ->  Seq Scan on title t  (cost=0.00..61283.27 rows=2528527 width=4) (actual time=0.033..1118.135 rows=2528312 loops=1)
Planning time: 0.876 ms
Execution time: 8573.652 ms
