Seq Scan on movie_companies mc  (cost=0.00..51404.11 rows=2003844 width=0) (actual time=0.021..955.924 rows=2007959 loops=1)
  Filter: (company_id > 688)
  Rows Removed by Filter: 601170
Planning time: 0.310 ms
Execution time: 1202.518 ms
