Hash Join  (cost=52284.99..803089.06 rows=1490 width=0) (actual time=2139.063..43164.867 rows=22225 loops=1)
  Hash Cond: (ci.movie_id = t.id)
  ->  Seq Scan on cast_info ci  (cost=0.00..614943.12 rows=36225612 width=4) (actual time=0.022..31573.259 rows=36244344 loops=1)
  ->  Hash  (cost=52283.69..52283.69 rows=104 width=8) (actual time=2138.909..2138.909 rows=314 loops=1)
        Buckets: 1024  Batches: 1  Memory Usage: 21kB
        ->  Nested Loop  (cost=0.43..52283.69 rows=104 width=8) (actual time=65.062..2138.666 rows=314 loops=1)
              ->  Seq Scan on movie_companies mc  (cost=0.00..51404.11 rows=104 width=4) (actual time=64.964..2101.080 rows=314 loops=1)
                    Filter: (company_id = 7540)
                    Rows Removed by Filter: 2608815
              ->  Index Only Scan using title_pkey on title t  (cost=0.43..8.45 rows=1 width=4) (actual time=0.118..0.118 rows=1 loops=314)
                    Index Cond: (id = mc.movie_id)
                    Heap Fetches: 314
Planning time: 1.214 ms
Execution time: 43179.478 ms
