Hash Join  (cost=495825.05..583861.68 rows=942011 width=0) (actual time=9025.714..14263.330 rows=9877566 loops=1)
  Hash Cond: (mc.movie_id = t.id)
  ->  Seq Scan on movie_companies mc  (cost=0.00..44881.29 rows=2609129 width=4) (actual time=0.020..915.490 rows=2609129 loops=1)
  ->  Hash  (cost=480846.67..480846.67 rows=912910 width=8) (actual time=9024.737..9024.737 rows=968365 loops=1)
        Buckets: 131072  Batches: 16  Memory Usage: 3358kB
        ->  Hash Join  (cost=102767.86..480846.67 rows=912910 width=8) (actual time=3572.102..8742.338 rows=968365 loops=1)
              Hash Cond: (mi.movie_id = t.id)
              ->  Seq Scan on movie_info mi  (cost=0.00..346232.03 rows=912910 width=4) (actual time=1672.239..5646.166 rows=968365 loops=1)
                    Filter: (info_type_id > 93)
                    Rows Removed by Filter: 13867355
              ->  Hash  (cost=61283.27..61283.27 rows=2528527 width=4) (actual time=1897.508..1897.508 rows=2528312 loops=1)
                    Buckets: 131072  Batches: 64  Memory Usage: 2425kB
                    ->  Seq Scan on title t  (cost=0.00..61283.27 rows=2528527 width=4) (actual time=0.031..1021.629 rows=2528312 loops=1)
Planning time: 1.147 ms
Execution time: 15448.578 ms
