Hash Join  (cost=420631.91..518683.84 rows=30486 width=0) (actual time=11392.865..17102.909 rows=130965 loops=1)
  Hash Cond: (mk.movie_id = t.id)
  ->  Seq Scan on movie_keyword mk  (cost=0.00..81003.12 rows=4465053 width=4) (actual time=0.014..4738.011 rows=4468320 loops=1)
        Filter: (keyword_id < 97025)
        Rows Removed by Filter: 55610
  ->  Hash  (cost=420416.11..420416.11 rows=17264 width=8) (actual time=11392.017..11392.017 rows=1871 loops=1)
        Buckets: 32768  Batches: 1  Memory Usage: 330kB
        ->  Hash Join  (cost=70218.80..420416.11 rows=17264 width=8) (actual time=8971.833..11391.160 rows=1871 loops=1)
              Hash Cond: (mi.movie_id = t.id)
              ->  Seq Scan on movie_info mi  (cost=0.00..346232.03 rows=274038 width=4) (actual time=4988.370..7296.348 rows=306788 loops=1)
                    Filter: (info_type_id > 105)
                    Rows Removed by Filter: 14528932
              ->  Hash  (cost=67604.59..67604.59 rows=159297 width=4) (actual time=3857.923..3857.923 rows=164184 loops=1)
                    Buckets: 131072  Batches: 4  Memory Usage: 2470kB
                    ->  Seq Scan on title t  (cost=0.00..67604.59 rows=159297 width=4) (actual time=0.460..3765.154 rows=164184 loops=1)
                          Filter: (production_year < 1950)
                          Rows Removed by Filter: 2364128
Planning time: 1.156 ms
Execution time: 17127.183 ms
