Seq Scan on cast_info ci  (cost=0.00..705507.15 rows=500 width=0) (actual time=4223.990..10731.821 rows=107 loops=1)
  Filter: (person_id = 2676046)
  Rows Removed by Filter: 36244237
Planning time: 0.803 ms
Execution time: 10731.913 ms
