Seq Scan on movie_companies mc  (cost=0.00..57926.93 rows=122058 width=0) (actual time=0.021..2622.242 rows=187170 loops=1)
  Filter: ((company_id < 114) AND (company_type_id = 1))
  Rows Removed by Filter: 2421959
Planning time: 0.381 ms
Execution time: 2647.647 ms
