Seq Scan on cast_info ci  (cost=0.00..796071.18 rows=20180642 width=0) (actual time=12490.789..46141.792 rows=22190220 loops=1)
  Filter: ((person_id > 484917) AND (role_id > 1))
  Rows Removed by Filter: 14054124
Planning time: 0.318 ms
Execution time: 50187.637 ms
