Hash Join  (cost=83073.41..464843.14 rows=153 width=0) (actual time=3338.896..23151.021 rows=1502 loops=1)
  Hash Cond: (mi.movie_id = t.id)
  ->  Seq Scan on movie_info mi  (cost=0.00..346232.03 rows=9476311 width=4) (actual time=0.015..17979.402 rows=9565151 loops=1)
        Filter: (info_type_id < 16)
        Rows Removed by Filter: 5270569
  ->  Hash  (cost=83072.90..83072.90 rows=41 width=8) (actual time=3331.182..3331.182 rows=45 loops=1)
        Buckets: 1024  Batches: 1  Memory Usage: 10kB
        ->  Nested Loop  (cost=0.43..83072.90 rows=41 width=8) (actual time=113.572..3331.100 rows=45 loops=1)
              ->  Seq Scan on movie_keyword mk  (cost=0.00..81003.12 rows=246 width=4) (actual time=100.302..3317.669 rows=93 loops=1)
                    Filter: (keyword_id = 1804)
                    Rows Removed by Filter: 4523837
              ->  Index Scan using title_pkey on title t  (cost=0.43..8.40 rows=1 width=4) (actual time=0.138..0.139 rows=0 loops=93)
                    Index Cond: (id = mk.movie_id)
                    Filter: ((kind_id < 7) AND (production_year < 2001))
                    Rows Removed by Filter: 1
Planning time: 1.092 ms
Execution time: 23151.659 ms
