Hash Join  (cost=306271.85..1220229.51 rows=4698343 width=0) (actual time=32927.329..59418.474 rows=9082777 loops=1)
  Hash Cond: (ci.movie_id = t.id)
  ->  Seq Scan on cast_info ci  (cost=0.00..796071.18 rows=4268808 width=4) (actual time=18324.771..38602.649 rows=3025813 loops=1)
        Filter: ((person_id < 2123258) AND (role_id = 2))
        Rows Removed by Filter: 33218531
  ->  Hash  (cost=260613.95..260613.95 rows=2782952 width=8) (actual time=14601.031..14601.031 rows=2772331 loops=1)
        Buckets: 131072  Batches: 64  Memory Usage: 2732kB
        ->  Hash Join  (cost=102767.86..260613.95 rows=2782952 width=8) (actual time=5024.050..13762.864 rows=2772331 loops=1)
              Hash Cond: (mk.movie_id = t.id)
              ->  Seq Scan on movie_keyword mk  (cost=0.00..81003.12 rows=2782952 width=4) (actual time=0.040..5235.160 rows=2772331 loops=1)
                    Filter: (keyword_id < 7954)
                    Rows Removed by Filter: 1751599
              ->  Hash  (cost=61283.27..61283.27 rows=2528527 width=4) (actual time=5017.970..5017.970 rows=2528312 loops=1)
                    Buckets: 131072  Batches: 64  Memory Usage: 2425kB
                    ->  Seq Scan on title t  (cost=0.00..61283.27 rows=2528527 width=4) (actual time=0.022..3750.254 rows=2528312 loops=1)
Planning time: 1.153 ms
Execution time: 60722.080 ms
