Seq Scan on movie_companies mc  (cost=0.00..57926.93 rows=53 width=0) (actual time=335.645..2585.130 rows=1 loops=1)
  Filter: ((company_id = 207440) AND (company_type_id = 2))
  Rows Removed by Filter: 2609128
Planning time: 15.450 ms
Execution time: 2585.230 ms
