Hash Join  (cost=156649.15..227689.14 rows=244483 width=0) (actual time=8453.914..12600.027 rows=584959 loops=1)
  Hash Cond: (mc.movie_id = t.id)
  ->  Seq Scan on movie_companies mc  (cost=0.00..51404.11 rows=1329612 width=4) (actual time=0.024..3062.198 rows=1334883 loops=1)
        Filter: (company_type_id = 2)
        Rows Removed by Filter: 1274246
  ->  Hash  (cost=149020.47..149020.47 rows=464934 width=8) (actual time=8452.980..8452.980 rows=460185 loops=1)
        Buckets: 131072  Batches: 8  Memory Usage: 3276kB
        ->  Hash Join  (cost=102767.86..149020.47 rows=464934 width=8) (actual time=5542.812..8246.986 rows=460185 loops=1)
              Hash Cond: (mi_idx.movie_id = t.id)
              ->  Seq Scan on movie_info_idx mi_idx  (cost=0.00..25185.44 rows=464934 width=4) (actual time=0.014..1693.612 rows=460185 loops=1)
                    Filter: (info_type_id > 100)
                    Rows Removed by Filter: 919850
              ->  Hash  (cost=61283.27..61283.27 rows=2528527 width=4) (actual time=5541.247..5541.247 rows=2528312 loops=1)
                    Buckets: 131072  Batches: 64  Memory Usage: 2415kB
                    ->  Seq Scan on title t  (cost=0.00..61283.27 rows=2528527 width=4) (actual time=0.021..4325.236 rows=2528312 loops=1)
Planning time: 1.091 ms
Execution time: 12685.050 ms
