Hash Join  (cost=102767.86..1049798.28 rows=5863092 width=0) (actual time=6093.619..49125.134 rows=3493372 loops=1)
  Hash Cond: (ci.movie_id = t.id)
  ->  Seq Scan on cast_info ci  (cost=0.00..796071.18 rows=5863092 width=4) (actual time=0.021..38116.535 rows=3493372 loops=1)
        Filter: ((person_id < 1708001) AND (role_id > 3))
        Rows Removed by Filter: 32750972
  ->  Hash  (cost=61283.27..61283.27 rows=2528527 width=4) (actual time=6092.176..6092.176 rows=2528312 loops=1)
        Buckets: 131072  Batches: 64  Memory Usage: 2415kB
        ->  Seq Scan on title t  (cost=0.00..61283.27 rows=2528527 width=4) (actual time=0.017..4839.559 rows=2528312 loops=1)
Planning time: 0.798 ms
Execution time: 49654.990 ms
