Hash Join  (cost=164049.45..918904.26 rows=406559 width=0) (actual time=2975.388..29342.838 rows=5601417 loops=1)
  Hash Cond: (ci.movie_id = t.id)
  ->  Seq Scan on cast_info ci  (cost=0.00..614943.12 rows=36225612 width=4) (actual time=0.013..9757.618 rows=36244344 loops=1)
  ->  Hash  (cost=163694.72..163694.72 rows=28378 width=8) (actual time=2975.162..2975.162 rows=91836 loops=1)
        Buckets: 131072 (originally 32768)  Batches: 2 (originally 1)  Memory Usage: 3073kB
        ->  Hash Join  (cost=78556.72..163694.72 rows=28378 width=8) (actual time=1494.516..2946.308 rows=91836 loops=1)
              Hash Cond: (mk.movie_id = t.id)
              ->  Seq Scan on movie_keyword mk  (cost=0.00..81003.12 rows=107491 width=4) (actual time=0.021..1268.452 rows=106737 loops=1)
                    Filter: (keyword_id > 80801)
                    Rows Removed by Filter: 4417193
              ->  Hash  (cost=67604.59..67604.59 rows=667531 width=4) (actual time=1493.621..1493.621 rows=662825 loops=1)
                    Buckets: 131072  Batches: 16  Memory Usage: 2486kB
                    ->  Seq Scan on title t  (cost=0.00..67604.59 rows=667531 width=4) (actual time=0.013..1281.572 rows=662825 loops=1)
                          Filter: (kind_id = 1)
                          Rows Removed by Filter: 1865487
Planning time: 1.032 ms
Execution time: 30051.224 ms
