Nested Loop  (cost=0.43..72786.34 rows=1861 width=0) (actual time=0.846..2401.363 rows=1248 loops=1)
  ->  Seq Scan on movie_companies mc  (cost=0.00..57926.93 rows=1861 width=4) (actual time=0.797..2251.254 rows=1248 loops=1)
        Filter: ((company_id = 133) AND (company_type_id = 2))
        Rows Removed by Filter: 2607881
  ->  Index Only Scan using title_pkey on title t  (cost=0.43..7.97 rows=1 width=4) (actual time=0.119..0.119 rows=1 loops=1248)
        Index Cond: (id = mc.movie_id)
        Heap Fetches: 1248
Planning time: 0.713 ms
Execution time: 2401.843 ms
