Seq Scan on movie_keyword mk  (cost=0.00..81003.12 rows=533004 width=0) (actual time=0.029..3576.426 rows=521857 loops=1)
  Filter: (keyword_id > 34687)
  Rows Removed by Filter: 4002073
Planning time: 16.575 ms
Execution time: 3680.848 ms
