Hash Join  (cost=102767.86..1457017.79 rows=22786508 width=0) (actual time=4244.398..90535.077 rows=25817759 loops=1)
  Hash Cond: (ci.movie_id = t.id)
  ->  Seq Scan on cast_info ci  (cost=0.00..796071.18 rows=22786508 width=4) (actual time=0.031..54934.724 rows=25817759 loops=1)
        Filter: ((person_id < 2947641) AND (role_id < 7))
        Rows Removed by Filter: 10426585
  ->  Hash  (cost=61283.27..61283.27 rows=2528527 width=4) (actual time=4242.900..4242.900 rows=2528312 loops=1)
        Buckets: 131072  Batches: 64  Memory Usage: 2415kB
        ->  Seq Scan on title t  (cost=0.00..61283.27 rows=2528527 width=4) (actual time=0.023..3238.973 rows=2528312 loops=1)
Planning time: 6.515 ms
Execution time: 94414.145 ms
