Seq Scan on movie_keyword mk  (cost=0.00..81003.12 rows=246 width=0) (actual time=0.137..2935.369 rows=2312 loops=1)
  Filter: (keyword_id = 479)
  Rows Removed by Filter: 4521618
Planning time: 11.796 ms
Execution time: 2936.248 ms
