Hash Join  (cost=102767.86..209162.06 rows=1874713 width=0) (actual time=6633.172..11829.945 rows=1870553 loops=1)
  Hash Cond: (mc.movie_id = t.id)
  ->  Seq Scan on movie_companies mc  (cost=0.00..51404.11 rows=1874713 width=4) (actual time=0.013..2874.597 rows=1870553 loops=1)
        Filter: (company_id < 38980)
        Rows Removed by Filter: 738576
  ->  Hash  (cost=61283.27..61283.27 rows=2528527 width=4) (actual time=6625.949..6625.949 rows=2528312 loops=1)
        Buckets: 131072  Batches: 64  Memory Usage: 2415kB
        ->  Seq Scan on title t  (cost=0.00..61283.27 rows=2528527 width=4) (actual time=0.023..5133.062 rows=2528312 loops=1)
Planning time: 0.684 ms
Execution time: 12081.203 ms
