Hash Join  (cost=74787.47..459138.80 rows=258314 width=0) (actual time=3079.077..24102.087 rows=75148 loops=1)
  Hash Cond: (mi.movie_id = t.id)
  ->  Seq Scan on movie_info mi  (cost=0.00..346232.03 rows=9476311 width=4) (actual time=152.577..17807.579 rows=9565151 loops=1)
        Filter: (info_type_id < 16)
        Rows Removed by Filter: 5270569
  ->  Hash  (cost=73925.90..73925.90 rows=68925 width=4) (actual time=2922.555..2922.555 rows=84076 loops=1)
        Buckets: 131072  Batches: 1  Memory Usage: 3980kB
        ->  Seq Scan on title t  (cost=0.00..73925.90 rows=68925 width=4) (actual time=254.481..2887.413 rows=84076 loops=1)
              Filter: ((kind_id = 7) AND (production_year = 2007))
              Rows Removed by Filter: 2444236
Planning time: 0.548 ms
Execution time: 24112.937 ms
