Hash Join  (cost=160737.19..514751.39 rows=3186 width=0) (actual time=10665.481..25146.680 rows=96988 loops=1)
  Hash Cond: (mi.movie_id = t.id)
  ->  Seq Scan on movie_info mi  (cost=0.00..346232.03 rows=1550064 width=4) (actual time=2024.460..15996.853 rows=1533909 loops=1)
        Filter: (info_type_id = 3)
        Rows Removed by Filter: 13301811
  ->  Hash  (cost=160672.23..160672.23 rows=5197 width=8) (actual time=8640.450..8640.450 rows=43904 loops=1)
        Buckets: 65536 (originally 8192)  Batches: 1 (originally 1)  Memory Usage: 2227kB
        ->  Hash Join  (cost=73962.22..160672.23 rows=5197 width=8) (actual time=3469.023..8620.321 rows=43904 loops=1)
              Hash Cond: (mk.movie_id = t.id)
              ->  Seq Scan on movie_keyword mk  (cost=0.00..69693.30 rows=4523930 width=4) (actual time=0.027..3732.599 rows=4523930 loops=1)
              ->  Hash  (cost=73925.90..73925.90 rows=2905 width=4) (actual time=3468.151..3468.151 rows=8126 loops=1)
                    Buckets: 8192 (originally 4096)  Batches: 1 (originally 1)  Memory Usage: 350kB
                    ->  Seq Scan on title t  (cost=0.00..73925.90 rows=2905 width=4) (actual time=0.054..3463.798 rows=8126 loops=1)
                          Filter: ((kind_id < 7) AND (production_year = 1987))
                          Rows Removed by Filter: 2520186
Planning time: 1.116 ms
Execution time: 25165.105 ms
