Seq Scan on cast_info ci  (cost=0.00..705507.15 rows=15672821 width=0) (actual time=6266.867..35389.499 rows=15788608 loops=1)
  Filter: (person_id > 2057912)
  Rows Removed by Filter: 20455736
Planning time: 0.364 ms
Execution time: 37974.902 ms
