Nested Loop  (cost=0.43..797555.70 rows=176 width=0) (actual time=10706.376..29755.908 rows=1395 loops=1)
  ->  Seq Scan on cast_info ci  (cost=0.00..796071.18 rows=176 width=4) (actual time=10706.241..29655.895 rows=1395 loops=1)
        Filter: ((person_id = 20804) AND (role_id = 1))
        Rows Removed by Filter: 36242949
  ->  Index Only Scan using title_pkey on title t  (cost=0.43..8.42 rows=1 width=4) (actual time=0.071..0.071 rows=1 loops=1395)
        Index Cond: (id = ci.movie_id)
        Heap Fetches: 1395
Planning time: 7.500 ms
Execution time: 29756.357 ms
