Seq Scan on cast_info ci  (cost=0.00..705507.15 rows=24292156 width=0) (actual time=6013.020..36967.964 rows=24392808 loops=1)
  Filter: (person_id > 1164288)
  Rows Removed by Filter: 11851536
Planning time: 1.216 ms
Execution time: 41107.118 ms
