Hash Join  (cost=102767.86..1158429.72 rows=14141336 width=0) (actual time=5086.548..28430.001 rows=14304893 loops=1)
  Hash Cond: (ci.movie_id = t.id)
  ->  Seq Scan on cast_info ci  (cost=0.00..705507.15 rows=14141336 width=4) (actual time=3122.607..13822.314 rows=14304893 loops=1)
        Filter: (person_id > 2232068)
        Rows Removed by Filter: 21939451
  ->  Hash  (cost=61283.27..61283.27 rows=2528527 width=4) (actual time=1962.282..1962.282 rows=2528312 loops=1)
        Buckets: 131072  Batches: 64  Memory Usage: 2415kB
        ->  Seq Scan on title t  (cost=0.00..61283.27 rows=2528527 width=4) (actual time=0.024..1127.163 rows=2528312 loops=1)
Planning time: 0.744 ms
Execution time: 30036.734 ms
