Hash Join  (cost=203773.92..721645.91 rows=3567503 width=0) (actual time=13269.882..73324.174 rows=91440503 loops=1)
  Hash Cond: (mi.movie_id = t.id)
  ->  Seq Scan on movie_info mi  (cost=0.00..309384.22 rows=14739122 width=4) (actual time=0.012..23293.681 rows=14835720 loops=1)
  ->  Hash  (cost=193732.76..193732.76 rows=612013 width=8) (actual time=13265.807..13265.807 rows=1408268 loops=1)
        Buckets: 131072 (originally 131072)  Batches: 32 (originally 8)  Memory Usage: 3073kB
        ->  Hash Join  (cost=80042.24..193732.76 rows=612013 width=8) (actual time=4704.541..12750.308 rows=1408268 loops=1)
              Hash Cond: (mk.movie_id = t.id)
              ->  Seq Scan on movie_keyword mk  (cost=0.00..81003.12 rows=2041404 width=4) (actual time=0.015..5621.863 rows=2043678 loops=1)
                    Filter: (keyword_id < 3654)
                    Rows Removed by Filter: 2480252
              ->  Hash  (cost=67604.59..67604.59 rows=758052 width=4) (actual time=4703.275..4703.275 rows=753677 loops=1)
                    Buckets: 131072  Batches: 16  Memory Usage: 2686kB
                    ->  Seq Scan on title t  (cost=0.00..67604.59 rows=758052 width=4) (actual time=0.005..3663.646 rows=753677 loops=1)
                          Filter: (kind_id < 3)
                          Rows Removed by Filter: 1774635
Planning time: 3.014 ms
Execution time: 86008.535 ms
