Seq Scan on cast_info ci  (cost=0.00..796071.18 rows=11499520 width=0) (actual time=0.025..44536.479 rows=17844628 loops=1)
  Filter: ((person_id > 1829260) AND (role_id > 1))
  Rows Removed by Filter: 18399716
Planning time: 1.762 ms
Execution time: 47722.465 ms
