Seq Scan on cast_info ci  (cost=0.00..705507.15 rows=12469410 width=0) (actual time=0.015..38263.494 rows=12574807 loops=1)
  Filter: (person_id > 2424684)
  Rows Removed by Filter: 23669537
Planning time: 0.346 ms
Execution time: 40761.663 ms
