Hash Join  (cost=156209.36..974141.42 rows=270044 width=0) (actual time=16203.956..51359.291 rows=389539 loops=1)
  Hash Cond: (ci.movie_id = t.id)
  ->  Seq Scan on cast_info ci  (cost=0.00..796071.18 rows=1503583 width=4) (actual time=7884.413..41211.005 rows=1481622 loops=1)
        Filter: ((person_id > 460187) AND (role_id = 8))
        Rows Removed by Filter: 34762722
  ->  Hash  (cost=148758.81..148758.81 rows=454124 width=8) (actual time=8317.943..8317.943 rows=459925 loops=1)
        Buckets: 131072  Batches: 8  Memory Usage: 3275kB
        ->  Hash Join  (cost=102767.86..148758.81 rows=454124 width=8) (actual time=6135.842..8181.145 rows=459925 loops=1)
              Hash Cond: (mi_idx.movie_id = t.id)
              ->  Seq Scan on movie_info_idx mi_idx  (cost=0.00..25185.44 rows=454124 width=4) (actual time=0.039..1228.092 rows=459925 loops=1)
                    Filter: (info_type_id = 100)
                    Rows Removed by Filter: 920110
              ->  Hash  (cost=61283.27..61283.27 rows=2528527 width=4) (actual time=6133.734..6133.734 rows=2528312 loops=1)
                    Buckets: 131072  Batches: 64  Memory Usage: 2415kB
                    ->  Seq Scan on title t  (cost=0.00..61283.27 rows=2528527 width=4) (actual time=0.029..4358.611 rows=2528312 loops=1)
Planning time: 3.833 ms
Execution time: 51429.667 ms
