Hash Join  (cost=190230.21..301890.42 rows=810161 width=0) (actual time=9834.431..17891.706 rows=3391258 loops=1)
  Hash Cond: (mk.movie_id = t.id)
  ->  Seq Scan on movie_keyword mk  (cost=0.00..81003.12 rows=1484392 width=4) (actual time=0.014..5203.234 rows=1496861 loops=1)
        Filter: (keyword_id > 10833)
        Rows Removed by Filter: 3027069
  ->  Hash  (cost=167588.78..167588.78 rows=1380035 width=8) (actual time=9832.955..9832.955 rows=1380035 loops=1)
        Buckets: 131072  Batches: 32  Memory Usage: 2726kB
        ->  Hash Join  (cost=102767.86..167588.78 rows=1380035 width=8) (actual time=5318.269..9347.012 rows=1380035 loops=1)
              Hash Cond: (mi_idx.movie_id = t.id)
              ->  Seq Scan on movie_info_idx mi_idx  (cost=0.00..21735.35 rows=1380035 width=4) (actual time=0.009..1793.823 rows=1380035 loops=1)
              ->  Hash  (cost=61283.27..61283.27 rows=2528527 width=4) (actual time=5313.378..5313.378 rows=2528312 loops=1)
                    Buckets: 131072  Batches: 64  Memory Usage: 2415kB
                    ->  Seq Scan on title t  (cost=0.00..61283.27 rows=2528527 width=4) (actual time=0.023..4082.061 rows=2528312 loops=1)
Planning time: 1.095 ms
Execution time: 18419.136 ms
