Hash Join  (cost=58358.90..145017.85 rows=91 width=0) (actual time=2938.107..8182.462 rows=2026 loops=1)
  Hash Cond: (mk.movie_id = t.id)
  ->  Seq Scan on movie_keyword mk  (cost=0.00..69693.30 rows=4523930 width=4) (actual time=0.014..4018.429 rows=4523930 loops=1)
  ->  Hash  (cost=58358.27..58358.27 rows=51 width=8) (actual time=2851.731..2851.731 rows=1420 loops=1)
        Buckets: 2048 (originally 1024)  Batches: 1 (originally 1)  Memory Usage: 72kB
        ->  Nested Loop  (cost=0.43..58358.27 rows=51 width=8) (actual time=0.110..2850.702 rows=1420 loops=1)
              ->  Seq Scan on movie_companies mc  (cost=0.00..57926.93 rows=51 width=4) (actual time=0.052..2651.586 rows=1420 loops=1)
                    Filter: ((company_type_id < 2) AND (company_id = 2))
                    Rows Removed by Filter: 2607709
              ->  Index Only Scan using title_pkey on title t  (cost=0.43..8.45 rows=1 width=4) (actual time=0.138..0.138 rows=1 loops=1420)
                    Index Cond: (id = mc.movie_id)
                    Heap Fetches: 1420
Planning time: 1.237 ms
Execution time: 8183.017 ms
