Hash Join  (cost=704367.87..2752674.27 rows=75703002 width=0) (actual time=35645.549..171257.291 rows=187070802 loops=1)
  Hash Cond: (ci.movie_id = t.id)
  ->  Seq Scan on cast_info ci  (cost=0.00..705507.15 rows=31554923 width=4) (actual time=0.018..51014.758 rows=31605208 loops=1)
        Filter: (role_id < 10)
        Rows Removed by Filter: 4639136
  ->  Hash  (cost=604844.92..604844.92 rows=6066156 width=8) (actual time=35644.338..35644.338 rows=6049138 loops=1)
        Buckets: 131072  Batches: 128  Memory Usage: 2863kB
        ->  Hash Join  (cost=102767.86..604844.92 rows=6066156 width=8) (actual time=5586.879..33635.687 rows=6049138 loops=1)
              Hash Cond: (mi.movie_id = t.id)
              ->  Seq Scan on movie_info mi  (cost=0.00..346232.03 rows=6066156 width=4) (actual time=0.025..20838.306 rows=6049138 loops=1)
                    Filter: (info_type_id > 12)
                    Rows Removed by Filter: 8786582
              ->  Hash  (cost=61283.27..61283.27 rows=2528527 width=4) (actual time=5584.381..5584.381 rows=2528312 loops=1)
                    Buckets: 131072  Batches: 64  Memory Usage: 2425kB
                    ->  Seq Scan on title t  (cost=0.00..61283.27 rows=2528527 width=4) (actual time=0.013..4340.090 rows=2528312 loops=1)
Planning time: 8.284 ms
Execution time: 197125.831 ms
