Hash Join  (cost=102097.62..189284.42 rows=52877 width=0) (actual time=5549.350..10133.822 rows=101489 loops=1)
  Hash Cond: (mk.movie_id = t.id)
  ->  Seq Scan on movie_keyword mk  (cost=0.00..69693.30 rows=4523930 width=4) (actual time=0.013..3454.435 rows=4523930 loops=1)
  ->  Hash  (cost=101728.19..101728.19 rows=29554 width=8) (actual time=5547.907..5547.907 rows=20689 loops=1)
        Buckets: 32768  Batches: 1  Memory Usage: 1065kB
        ->  Hash Join  (cost=70241.71..101728.19 rows=29554 width=8) (actual time=3791.801..5539.791 rows=20689 loops=1)
              Hash Cond: (mi_idx.movie_id = t.id)
              ->  Seq Scan on movie_info_idx mi_idx  (cost=0.00..25185.44 rows=464934 width=4) (actual time=0.014..1458.479 rows=460185 loops=1)
                    Filter: (info_type_id > 100)
                    Rows Removed by Filter: 919850
              ->  Hash  (cost=67604.59..67604.59 rows=160730 width=4) (actual time=3790.970..3790.970 rows=160017 loops=1)
                    Buckets: 131072  Batches: 4  Memory Usage: 2436kB
                    ->  Seq Scan on title t  (cost=0.00..67604.59 rows=160730 width=4) (actual time=0.022..3722.826 rows=160017 loops=1)
                          Filter: (production_year = 2011)
                          Rows Removed by Filter: 2368295
Planning time: 1.173 ms
Execution time: 10158.868 ms
