Seq Scan on cast_info ci  (cost=0.00..796071.18 rows=276 width=0) (actual time=34109.388..40725.346 rows=8 loops=1)
  Filter: ((role_id < 3) AND (person_id = 8924))
  Rows Removed by Filter: 36244336
Planning time: 0.567 ms
Execution time: 40725.466 ms
