Hash Join  (cost=70592.26..196563.53 rows=325723 width=0) (actual time=2946.365..9550.020 rows=580760 loops=1)
  Hash Cond: (mk.movie_id = t.id)
  ->  Seq Scan on movie_keyword mk  (cost=0.00..69693.30 rows=4523930 width=4) (actual time=0.018..3922.219 rows=4523930 loops=1)
  ->  Hash  (cost=67604.59..67604.59 rows=182054 width=4) (actual time=2945.511..2945.511 rows=180956 loops=1)
        Buckets: 131072  Batches: 4  Memory Usage: 2618kB
        ->  Seq Scan on title t  (cost=0.00..67604.59 rows=182054 width=4) (actual time=0.007..2873.944 rows=180956 loops=1)
              Filter: (production_year < 1953)
              Rows Removed by Filter: 2347356
Planning time: 12.277 ms
Execution time: 9657.881 ms
