Hash Join  (cost=52284.99..890039.56 rows=1450 width=0) (actual time=2674.400..55188.655 rows=12285 loops=1)
  Hash Cond: (ci.movie_id = t.id)
  ->  Seq Scan on cast_info ci  (cost=0.00..705507.15 rows=35262110 width=4) (actual time=16.224..44125.997 rows=35247459 loops=1)
        Filter: (person_id < 3870150)
        Rows Removed by Filter: 996885
  ->  Hash  (cost=52283.69..52283.69 rows=104 width=8) (actual time=2646.373..2646.373 rows=641 loops=1)
        Buckets: 1024  Batches: 1  Memory Usage: 34kB
        ->  Nested Loop  (cost=0.43..52283.69 rows=104 width=8) (actual time=2.877..2645.871 rows=641 loops=1)
              ->  Seq Scan on movie_companies mc  (cost=0.00..51404.11 rows=104 width=4) (actual time=2.788..2527.571 rows=641 loops=1)
                    Filter: (company_id = 1236)
                    Rows Removed by Filter: 2608488
              ->  Index Only Scan using title_pkey on title t  (cost=0.43..8.45 rows=1 width=4) (actual time=0.182..0.183 rows=1 loops=641)
                    Index Cond: (id = mc.movie_id)
                    Heap Fetches: 641
Planning time: 10.051 ms
Execution time: 55198.043 ms
