Hash Join  (cost=118204.69..966385.20 rows=332961 width=0) (actual time=33685.818..54838.254 rows=167422 loops=1)
  Hash Cond: (ci.movie_id = t.id)
  ->  Seq Scan on cast_info ci  (cost=0.00..796071.18 rows=4150057 width=4) (actual time=27190.784..45179.125 rows=3058930 loops=1)
        Filter: ((person_id < 3780879) AND (role_id = 10))
        Rows Removed by Filter: 33185414
  ->  Hash  (cost=114875.88..114875.88 rows=202865 width=8) (actual time=6493.777..6493.777 rows=218781 loops=1)
        Buckets: 131072  Batches: 4  Memory Usage: 3166kB
        ->  Hash Join  (cost=73702.75..114875.88 rows=202865 width=8) (actual time=3907.039..6417.436 rows=218781 loops=1)
              Hash Cond: (mi_idx.movie_id = t.id)
              ->  Seq Scan on movie_info_idx mi_idx  (cost=0.00..21735.35 rows=1380035 width=4) (actual time=0.028..1577.485 rows=1380035 loops=1)
              ->  Hash  (cost=67604.59..67604.59 rows=371693 width=4) (actual time=3906.216..3906.216 rows=366430 loops=1)
                    Buckets: 131072  Batches: 8  Memory Usage: 2627kB
                    ->  Seq Scan on title t  (cost=0.00..67604.59 rows=371693 width=4) (actual time=0.024..3761.090 rows=366430 loops=1)
                          Filter: (production_year < 1970)
                          Rows Removed by Filter: 2161882
Planning time: 1.059 ms
Execution time: 54863.515 ms
