Nested Loop  (cost=0.43..83072.29 rows=199 width=0) (actual time=1242.427..3589.843 rows=5 loops=1)
  ->  Seq Scan on movie_keyword mk  (cost=0.00..81003.12 rows=246 width=4) (actual time=1185.663..3583.456 rows=10 loops=1)
        Filter: (keyword_id = 95355)
        Rows Removed by Filter: 4523920
  ->  Index Scan using title_pkey on title t  (cost=0.43..8.40 rows=1 width=4) (actual time=0.631..0.631 rows=0 loops=10)
        Index Cond: (id = mk.movie_id)
        Filter: (production_year > 1972)
        Rows Removed by Filter: 0
Planning time: 22.284 ms
Execution time: 3589.963 ms
