Seq Scan on movie_keyword mk  (cost=0.00..81003.12 rows=246 width=0) (actual time=0.660..3909.607 rows=3178 loops=1)
  Filter: (keyword_id = 3235)
  Rows Removed by Filter: 4520752
Planning time: 0.346 ms
Execution time: 3910.601 ms
