Seq Scan on movie_companies mc  (cost=0.00..57926.93 rows=51 width=0) (actual time=1376.557..2542.211 rows=2 loops=1)
  Filter: ((company_id = 51960) AND (company_type_id = 1))
  Rows Removed by Filter: 2609127
Planning time: 11.623 ms
Execution time: 2542.320 ms
