Hash Join  (cost=460883.61..548522.25 rows=98060 width=0) (actual time=7784.142..10576.048 rows=4263424 loops=1)
  Hash Cond: (mk.movie_id = t.id)
  ->  Seq Scan on movie_keyword mk  (cost=0.00..69693.30 rows=4523930 width=4) (actual time=0.021..980.104 rows=4523930 loops=1)
  ->  Hash  (cost=460198.51..460198.51 rows=54808 width=8) (actual time=7783.742..7783.742 rows=50267 loops=1)
        Buckets: 65536  Batches: 1  Memory Usage: 2476kB
        ->  Hash Join  (cost=102767.86..460198.51 rows=54808 width=8) (actual time=5445.559..7768.824 rows=50267 loops=1)
              Hash Cond: (mi.movie_id = t.id)
              ->  Seq Scan on movie_info mi  (cost=0.00..346232.03 rows=54808 width=4) (actual time=2954.048..4915.134 rows=50267 loops=1)
                    Filter: (info_type_id > 107)
                    Rows Removed by Filter: 14785453
              ->  Hash  (cost=61283.27..61283.27 rows=2528527 width=4) (actual time=2454.898..2454.898 rows=2528312 loops=1)
                    Buckets: 131072  Batches: 64  Memory Usage: 2425kB
                    ->  Seq Scan on title t  (cost=0.00..61283.27 rows=2528527 width=4) (actual time=0.016..1160.612 rows=2528312 loops=1)
Planning time: 1.069 ms
Execution time: 11078.033 ms
