Hash Join  (cost=984101.58..1590764.61 rows=9241833 width=0) (actual time=46022.163..78771.079 rows=10484310 loops=1)
  Hash Cond: (mi.movie_id = t.id)
  ->  Seq Scan on movie_info mi  (cost=0.00..346232.03 rows=12545135 width=4) (actual time=0.020..20483.738 rows=12601870 loops=1)
        Filter: (info_type_id < 17)
        Rows Removed by Filter: 2233850
  ->  Hash  (cost=953540.43..953540.43 rows=1862732 width=8) (actual time=46021.267..46021.267 rows=1402866 loops=1)
        Buckets: 131072  Batches: 32  Memory Usage: 2742kB
        ->  Hash Join  (cost=102767.86..953540.43 rows=1862732 width=8) (actual time=5084.262..45550.099 rows=1402866 loops=1)
              Hash Cond: (ci.movie_id = t.id)
              ->  Seq Scan on cast_info ci  (cost=0.00..796071.18 rows=1862732 width=4) (actual time=139.245..38841.760 rows=1402866 loops=1)
                    Filter: ((person_id < 2537974) AND (role_id = 4))
                    Rows Removed by Filter: 34841478
              ->  Hash  (cost=61283.27..61283.27 rows=2528527 width=4) (actual time=4943.188..4943.188 rows=2528312 loops=1)
                    Buckets: 131072  Batches: 64  Memory Usage: 2415kB
                    ->  Seq Scan on title t  (cost=0.00..61283.27 rows=2528527 width=4) (actual time=0.018..3916.434 rows=2528312 loops=1)
Planning time: 1.078 ms
Execution time: 80184.552 ms
