Seq Scan on cast_info ci  (cost=0.00..796071.18 rows=13826437 width=0) (actual time=0.021..15069.032 rows=19437218 loops=1)
  Filter: ((person_id > 1460921) AND (role_id > 1))
  Rows Removed by Filter: 16807126
Planning time: 0.341 ms
Execution time: 17489.785 ms
