Hash Join  (cost=818327.93..1326064.93 rows=2617607 width=0) (actual time=15019.683..31031.840 rows=8477695 loops=1)
  Hash Cond: (mi.movie_id = t.id)
  ->  Seq Scan on movie_info mi  (cost=0.00..309384.22 rows=14739122 width=4) (actual time=0.020..5898.233 rows=14835720 loops=1)
  ->  Hash  (cost=810959.73..810959.73 rows=449056 width=8) (actual time=15018.839..15018.839 rows=560823 loops=1)
        Buckets: 131072  Batches: 8  Memory Usage: 3778kB
        ->  Hash Join  (cost=83810.17..810959.73 rows=449056 width=8) (actual time=7450.510..14842.273 rows=560823 loops=1)
              Hash Cond: (ci.movie_id = t.id)
              ->  Seq Scan on cast_info ci  (cost=0.00..705507.15 rows=1149559 width=4) (actual time=6016.058..12439.120 rows=1093558 loops=1)
                    Filter: (role_id = 9)
                    Rows Removed by Filter: 35150786
              ->  Hash  (cost=67604.59..67604.59 rows=987727 width=4) (actual time=1433.125..1433.125 rows=985048 loops=1)
                    Buckets: 131072  Batches: 16  Memory Usage: 3188kB
                    ->  Seq Scan on title t  (cost=0.00..67604.59 rows=987727 width=4) (actual time=0.033..1123.517 rows=985048 loops=1)
                          Filter: (kind_id < 7)
                          Rows Removed by Filter: 1543264
Planning time: 7.076 ms
Execution time: 32039.157 ms
