Hash Join  (cost=102767.86..271055.06 rows=3216866 width=0) (actual time=2031.606..6381.370 rows=3204790 loops=1)
  Hash Cond: (mk.movie_id = t.id)
  ->  Seq Scan on movie_keyword mk  (cost=0.00..81003.12 rows=3216866 width=4) (actual time=0.020..1633.797 rows=3204790 loops=1)
        Filter: (keyword_id < 13178)
        Rows Removed by Filter: 1319140
  ->  Hash  (cost=61283.27..61283.27 rows=2528527 width=4) (actual time=2030.522..2030.522 rows=2528312 loops=1)
        Buckets: 131072  Batches: 64  Memory Usage: 2425kB
        ->  Seq Scan on title t  (cost=0.00..61283.27 rows=2528527 width=4) (actual time=0.023..1151.911 rows=2528312 loops=1)
Planning time: 0.752 ms
Execution time: 6762.401 ms
