Hash Join  (cost=230268.54..776112.42 rows=6188994 width=0) (actual time=9784.035..39257.132 rows=2208429 loops=1)
  Hash Cond: (mi.movie_id = t.id)
  ->  Seq Scan on movie_info mi  (cost=0.00..309384.22 rows=14739122 width=4) (actual time=0.018..20745.950 rows=14835720 loops=1)
  ->  Hash  (cost=212848.85..212848.85 rows=1061735 width=8) (actual time=9777.555..9777.555 rows=219932 loops=1)
        Buckets: 131072  Batches: 16  Memory Usage: 1562kB
        ->  Hash Join  (cost=92883.59..212848.85 rows=1061735 width=8) (actual time=6556.148..9702.423 rows=219932 loops=1)
              Hash Cond: (mk.movie_id = t.id)
              ->  Seq Scan on movie_keyword mk  (cost=0.00..81003.12 rows=1742358 width=4) (actual time=0.027..4088.668 rows=1751800 loops=1)
                    Filter: (keyword_id < 2860)
                    Rows Removed by Filter: 2772130
              ->  Hash  (cost=67604.59..67604.59 rows=1540800 width=4) (actual time=4045.869..4045.869 rows=1543264 loops=1)
                    Buckets: 131072  Batches: 32  Memory Usage: 2728kB
                    ->  Seq Scan on title t  (cost=0.00..67604.59 rows=1540800 width=4) (actual time=254.368..3188.036 rows=1543264 loops=1)
                          Filter: (kind_id = 7)
                          Rows Removed by Filter: 985048
Planning time: 1.150 ms
Execution time: 39529.917 ms
