Hash Join  (cost=100899.10..157296.51 rows=726 width=0) (actual time=3586.826..6309.861 rows=720 loops=1)
  Hash Cond: (mc.movie_id = t.id)
  ->  Seq Scan on movie_companies mc  (cost=0.00..51404.11 rows=1329612 width=4) (actual time=0.035..2457.320 rows=1334883 loops=1)
        Filter: (company_type_id = 2)
        Rows Removed by Filter: 1274246
  ->  Hash  (cost=100881.83..100881.83 rows=1381 width=8) (actual time=3584.940..3584.940 rows=741 loops=1)
        Buckets: 2048  Batches: 1  Memory Usage: 45kB
        ->  Hash Join  (cost=73957.54..100881.83 rows=1381 width=8) (actual time=1879.276..3584.476 rows=741 loops=1)
              Hash Cond: (mi_idx.movie_id = t.id)
              ->  Seq Scan on movie_info_idx mi_idx  (cost=0.00..21735.35 rows=1380035 width=4) (actual time=0.012..1332.610 rows=1380035 loops=1)
              ->  Hash  (cost=73925.90..73925.90 rows=2531 width=4) (actual time=1820.544..1820.544 rows=8125 loops=1)
                    Buckets: 8192 (originally 4096)  Batches: 1 (originally 1)  Memory Usage: 350kB
                    ->  Seq Scan on title t  (cost=0.00..73925.90 rows=2531 width=4) (actual time=1213.664..1817.031 rows=8125 loops=1)
                          Filter: ((kind_id < 4) AND (production_year = 1914))
                          Rows Removed by Filter: 2520187
Planning time: 1.184 ms
Execution time: 6310.196 ms
