Seq Scan on title t  (cost=0.00..73925.90 rows=664761 width=0) (actual time=0.017..3211.927 rows=704326 loops=1)
  Filter: ((kind_id > 1) AND (production_year > 2006))
  Rows Removed by Filter: 1823986
Planning time: 0.317 ms
Execution time: 3303.152 ms
