Hash Join  (cost=182196.19..260859.53 rows=262082 width=0) (actual time=3623.747..5657.359 rows=869206 loops=1)
  Hash Cond: (mc.movie_id = t.id)
  ->  Seq Scan on movie_companies mc  (cost=0.00..44881.29 rows=2609129 width=4) (actual time=0.016..915.349 rows=2609129 loops=1)
  ->  Hash  (cost=178028.36..178028.36 rows=253986 width=8) (actual time=3607.613..3607.613 rows=119894 loops=1)
        Buckets: 131072  Batches: 4  Memory Usage: 2208kB
        ->  Hash Join  (cost=74050.79..178028.36 rows=253986 width=8) (actual time=1228.261..3571.316 rows=119894 loops=1)
              Hash Cond: (mk.movie_id = t.id)
              ->  Seq Scan on movie_keyword mk  (cost=0.00..81003.12 rows=1634557 width=4) (actual time=0.021..1561.288 rows=1644105 loops=1)
                    Filter: (keyword_id > 8962)
                    Rows Removed by Filter: 2879825
              ->  Hash  (cost=67604.59..67604.59 rows=392896 width=4) (actual time=1227.219..1227.219 rows=391666 loops=1)
                    Buckets: 131072  Batches: 8  Memory Usage: 2759kB
                    ->  Seq Scan on title t  (cost=0.00..67604.59 rows=392896 width=4) (actual time=0.018..1090.279 rows=391666 loops=1)
                          Filter: (production_year > 2010)
                          Rows Removed by Filter: 2136646
Planning time: 1.112 ms
Execution time: 5747.743 ms
