Hash Join  (cost=190230.21..1044714.60 rows=4604294 width=0) (actual time=4720.175..24021.259 rows=9852923 loops=1)
  Hash Cond: (ci.movie_id = t.id)
  ->  Seq Scan on cast_info ci  (cost=0.00..705507.15 rows=8436078 width=4) (actual time=0.021..12361.539 rows=8323792 loops=1)
        Filter: (person_id < 815008)
        Rows Removed by Filter: 27920552
  ->  Hash  (cost=167588.78..167588.78 rows=1380035 width=8) (actual time=4719.138..4719.138 rows=1380035 loops=1)
        Buckets: 131072  Batches: 32  Memory Usage: 2708kB
        ->  Hash Join  (cost=102767.86..167588.78 rows=1380035 width=8) (actual time=2033.039..4267.794 rows=1380035 loops=1)
              Hash Cond: (mi_idx.movie_id = t.id)
              ->  Seq Scan on movie_info_idx mi_idx  (cost=0.00..21735.35 rows=1380035 width=4) (actual time=0.011..487.619 rows=1380035 loops=1)
              ->  Hash  (cost=61283.27..61283.27 rows=2528527 width=4) (actual time=2030.932..2030.932 rows=2528312 loops=1)
                    Buckets: 131072  Batches: 64  Memory Usage: 2415kB
                    ->  Seq Scan on title t  (cost=0.00..61283.27 rows=2528527 width=4) (actual time=0.031..1158.558 rows=2528312 loops=1)
Planning time: 7.372 ms
Execution time: 25120.256 ms
