Nested Loop  (cost=0.43..58375.31 rows=3 width=0) (actual time=112.288..752.293 rows=1 loops=1)
  ->  Seq Scan on movie_companies mc  (cost=0.00..57926.93 rows=53 width=4) (actual time=55.544..751.610 rows=14 loops=1)
        Filter: ((company_id = 38611) AND (company_type_id = 2))
        Rows Removed by Filter: 2609115
  ->  Index Scan using title_pkey on title t  (cost=0.43..8.45 rows=1 width=4) (actual time=0.044..0.044 rows=0 loops=14)
        Index Cond: (id = mc.movie_id)
        Filter: (production_year = 2012)
        Rows Removed by Filter: 1
Planning time: 1.076 ms
Execution time: 752.419 ms
