Hash Join  (cost=92883.59..1230676.98 rows=10820028 width=0) (actual time=2160.508..29748.697 rows=8929463 loops=1)
  Hash Cond: (ci.movie_id = t.id)
  ->  Seq Scan on cast_info ci  (cost=0.00..796071.18 rows=17756187 width=4) (actual time=0.022..16949.826 rows=14707604 loops=1)
        Filter: ((person_id < 2806487) AND (role_id > 1))
        Rows Removed by Filter: 21536740
  ->  Hash  (cost=67604.59..67604.59 rows=1540800 width=4) (actual time=1803.856..1803.856 rows=1543264 loops=1)
        Buckets: 131072  Batches: 32  Memory Usage: 2722kB
        ->  Seq Scan on title t  (cost=0.00..67604.59 rows=1540800 width=4) (actual time=0.019..1285.983 rows=1543264 loops=1)
              Filter: (kind_id = 7)
              Rows Removed by Filter: 985048
Planning time: 0.771 ms
Execution time: 30727.280 ms
