Hash Join  (cost=158059.55..523018.01 rows=30255 width=0) (actual time=2453.800..9791.827 rows=101576 loops=1)
  Hash Cond: (mi.movie_id = t.id)
  ->  Seq Scan on movie_info mi  (cost=0.00..309384.22 rows=14739122 width=4) (actual time=0.016..4328.965 rows=14835720 loops=1)
  ->  Hash  (cost=157994.68..157994.68 rows=5190 width=8) (actual time=2451.829..2451.829 rows=4777 loops=1)
        Buckets: 8192  Batches: 1  Memory Usage: 251kB
        ->  Hash Join  (cost=74146.12..157994.68 rows=5190 width=8) (actual time=992.989..2449.661 rows=4777 loops=1)
              Hash Cond: (mk.movie_id = t.id)
              ->  Seq Scan on movie_keyword mk  (cost=0.00..81003.12 rows=744943 width=4) (actual time=0.027..1284.710 rows=750555 loops=1)
                    Filter: (keyword_id < 683)
                    Rows Removed by Filter: 3773375
              ->  Hash  (cost=73925.90..73925.90 rows=17617 width=4) (actual time=992.600..992.600 rows=22021 loops=1)
                    Buckets: 32768  Batches: 1  Memory Usage: 1031kB
                    ->  Seq Scan on title t  (cost=0.00..73925.90 rows=17617 width=4) (actual time=62.176..984.201 rows=22021 loops=1)
                          Filter: ((production_year > 2012) AND (kind_id = 1))
                          Rows Removed by Filter: 2506291
Planning time: 1.221 ms
Execution time: 9807.042 ms
