Hash Join  (cost=365418.15..1432351.36 rows=17850627 width=0) (actual time=11216.781..40477.644 rows=62676575 loops=1)
  Hash Cond: (ci.movie_id = t.id)
  ->  Seq Scan on cast_info ci  (cost=0.00..705507.15 rows=9977120 width=4) (actual time=2727.041..13262.398 rows=9965901 loops=1)
        Filter: (person_id > 2717874)
        Rows Removed by Filter: 26278443
  ->  Hash  (cost=291197.02..291197.02 rows=4523930 width=8) (actual time=8487.003..8487.003 rows=4523930 loops=1)
        Buckets: 131072  Batches: 64  Memory Usage: 3816kB
        ->  Hash Join  (cost=102767.86..291197.02 rows=4523930 width=8) (actual time=1941.915..7193.497 rows=4523930 loops=1)
              Hash Cond: (mk.movie_id = t.id)
              ->  Seq Scan on movie_keyword mk  (cost=0.00..69693.30 rows=4523930 width=4) (actual time=0.034..1510.029 rows=4523930 loops=1)
              ->  Hash  (cost=61283.27..61283.27 rows=2528527 width=4) (actual time=1940.589..1940.589 rows=2528312 loops=1)
                    Buckets: 131072  Batches: 64  Memory Usage: 2425kB
                    ->  Seq Scan on title t  (cost=0.00..61283.27 rows=2528527 width=4) (actual time=0.023..1111.689 rows=2528312 loops=1)
Planning time: 1.113 ms
Execution time: 46914.259 ms
