Hash Join  (cost=84084.73..219583.98 rows=1107821 width=0) (actual time=1456.909..5682.182 rows=2883154 loops=1)
  Hash Cond: (mk.movie_id = t.id)
  ->  Seq Scan on movie_keyword mk  (cost=0.00..69693.30 rows=4523930 width=4) (actual time=0.030..1405.964 rows=4523930 loops=1)
  ->  Hash  (cost=73925.90..73925.90 rows=619186 width=4) (actual time=1455.713..1455.713 rows=634771 loops=1)
        Buckets: 131072  Batches: 16  Memory Usage: 2427kB
        ->  Seq Scan on title t  (cost=0.00..73925.90 rows=619186 width=4) (actual time=0.030..1248.755 rows=634771 loops=1)
              Filter: ((kind_id < 3) AND (production_year < 2011))
              Rows Removed by Filter: 1893541
Planning time: 4.945 ms
Execution time: 6006.032 ms
