Seq Scan on movie_keyword mk  (cost=0.00..81003.12 rows=246 width=0) (actual time=0.418..1266.337 rows=694 loops=1)
  Filter: (keyword_id = 9859)
  Rows Removed by Filter: 4523236
Planning time: 0.493 ms
Execution time: 1266.721 ms
