Hash Join  (cost=155390.96..520067.41 rows=2054 width=0) (actual time=2323.446..8983.431 rows=4592 loops=1)
  Hash Cond: (mi.movie_id = t.id)
  ->  Seq Scan on movie_info mi  (cost=0.00..309384.22 rows=14739122 width=4) (actual time=0.017..3994.179 rows=14835720 loops=1)
  ->  Hash  (cost=155386.56..155386.56 rows=352 width=8) (actual time=2310.104..2310.104 rows=499 loops=1)
        Buckets: 1024  Batches: 1  Memory Usage: 28kB
        ->  Hash Join  (cost=74251.74..155386.56 rows=352 width=8) (actual time=1171.460..2309.735 rows=499 loops=1)
              Hash Cond: (mk.movie_id = t.id)
              ->  Seq Scan on movie_keyword mk  (cost=0.00..81003.12 rows=34180 width=4) (actual time=0.041..1137.871 rows=27507 loops=1)
                    Filter: (keyword_id < 28)
                    Rows Removed by Filter: 4496423
              ->  Hash  (cost=73925.90..73925.90 rows=26067 width=4) (actual time=1159.889..1159.889 rows=27085 loops=1)
                    Buckets: 32768  Batches: 1  Memory Usage: 1209kB
                    ->  Seq Scan on title t  (cost=0.00..73925.90 rows=26067 width=4) (actual time=0.508..1148.570 rows=27085 loops=1)
                          Filter: ((kind_id < 7) AND (production_year > 2012))
                          Rows Removed by Filter: 2501227
Planning time: 1.163 ms
Execution time: 8984.960 ms
