Hash Join  (cost=176145.07..265652.77 rows=68020 width=0) (actual time=3613.246..5453.863 rows=268545 loops=1)
  Hash Cond: (mk.movie_id = t.id)
  ->  Seq Scan on movie_keyword mk  (cost=0.00..81003.12 rows=575565 width=4) (actual time=0.016..1488.631 rows=573502 loops=1)
        Filter: (keyword_id > 32041)
        Rows Removed by Filter: 3950428
  ->  Hash  (cost=171241.81..171241.81 rows=298821 width=8) (actual time=3612.354..3612.354 rows=292877 loops=1)
        Buckets: 131072  Batches: 4  Memory Usage: 3895kB
        ->  Hash Join  (cost=102767.86..171241.81 rows=298821 width=8) (actual time=1862.653..3517.693 rows=292877 loops=1)
              Hash Cond: (mc.movie_id = t.id)
              ->  Seq Scan on movie_companies mc  (cost=0.00..51404.11 rows=298821 width=4) (actual time=0.029..821.758 rows=292877 loops=1)
                    Filter: (company_id < 160)
                    Rows Removed by Filter: 2316252
              ->  Hash  (cost=61283.27..61283.27 rows=2528527 width=4) (actual time=1861.319..1861.319 rows=2528312 loops=1)
                    Buckets: 131072  Batches: 64  Memory Usage: 2415kB
                    ->  Seq Scan on title t  (cost=0.00..61283.27 rows=2528527 width=4) (actual time=0.009..1028.872 rows=2528312 loops=1)
Planning time: 1.457 ms
Execution time: 5490.301 ms
