Hash Join  (cost=365418.15..1340718.63 rows=8389422 width=0) (actual time=9131.582..38094.315 rows=35795683 loops=1)
  Hash Cond: (ci.movie_id = t.id)
  ->  Seq Scan on cast_info ci  (cost=0.00..796071.18 rows=4689038 width=4) (actual time=0.019..15136.885 rows=7449743 loops=1)
        Filter: ((person_id > 1275251) AND (role_id = 2))
        Rows Removed by Filter: 28794601
  ->  Hash  (cost=291197.02..291197.02 rows=4523930 width=8) (actual time=9130.165..9130.165 rows=4523930 loops=1)
        Buckets: 131072  Batches: 64  Memory Usage: 3816kB
        ->  Hash Join  (cost=102767.86..291197.02 rows=4523930 width=8) (actual time=1938.922..7810.767 rows=4523930 loops=1)
              Hash Cond: (mk.movie_id = t.id)
              ->  Seq Scan on movie_keyword mk  (cost=0.00..69693.30 rows=4523930 width=4) (actual time=0.015..1539.499 rows=4523930 loops=1)
              ->  Hash  (cost=61283.27..61283.27 rows=2528527 width=4) (actual time=1936.575..1936.575 rows=2528312 loops=1)
                    Buckets: 131072  Batches: 64  Memory Usage: 2425kB
                    ->  Seq Scan on title t  (cost=0.00..61283.27 rows=2528527 width=4) (actual time=0.027..1066.543 rows=2528312 loops=1)
Planning time: 1.197 ms
Execution time: 42288.953 ms
