Hash Join  (cost=68237.77..975084.05 rows=561776 width=0) (actual time=4625.031..65794.721 rows=537849 loops=1)
  Hash Cond: (ci.movie_id = t.id)
  ->  Seq Scan on cast_info ci  (cost=0.00..796071.18 rows=28041955 width=4) (actual time=1219.682..50565.568 rows=27860076 loops=1)
        Filter: ((person_id > 374675) AND (role_id < 10))
        Rows Removed by Filter: 8384268
  ->  Hash  (cost=67604.59..67604.59 rows=50655 width=4) (actual time=3403.931..3403.931 rows=50564 loops=1)
        Buckets: 65536  Batches: 1  Memory Usage: 2290kB
        ->  Seq Scan on title t  (cost=0.00..67604.59 rows=50655 width=4) (actual time=0.045..3380.680 rows=50564 loops=1)
              Filter: (production_year = 1999)
              Rows Removed by Filter: 2477748
Planning time: 1.941 ms
Execution time: 65908.071 ms
