Seq Scan on movie_companies mc  (cost=0.00..51404.11 rows=815748 width=0) (actual time=0.020..688.604 rows=824419 loops=1)
  Filter: (company_id > 28025)
  Rows Removed by Filter: 1784710
Planning time: 0.153 ms
Execution time: 755.578 ms
