Hash Join  (cost=131064.36..629879.29 rows=1781497 width=0) (actual time=2818.322..17558.086 rows=8043825 loops=1)
  Hash Cond: (mi.movie_id = t.id)
  ->  Seq Scan on movie_info mi  (cost=0.00..309384.22 rows=14739122 width=4) (actual time=0.022..6237.481 rows=14835720 loops=1)
  ->  Hash  (cost=126050.11..126050.11 rows=305620 width=8) (actual time=2817.261..2817.261 rows=460642 loops=1)
        Buckets: 131072 (originally 131072)  Batches: 8 (originally 4)  Memory Usage: 3292kB
        ->  Hash Join  (cost=83113.43..126050.11 rows=305620 width=8) (actual time=1385.136..2679.368 rows=460642 loops=1)
              Hash Cond: (mi_idx.movie_id = t.id)
              ->  Seq Scan on movie_info_idx mi_idx  (cost=0.00..21735.35 rows=1380035 width=4) (actual time=0.014..511.090 rows=1380035 loops=1)
              ->  Hash  (cost=73925.90..73925.90 rows=559962 width=4) (actual time=1384.194..1384.194 rows=477167 loops=1)
                    Buckets: 131072  Batches: 8  Memory Usage: 3118kB
                    ->  Seq Scan on title t  (cost=0.00..73925.90 rows=559962 width=4) (actual time=0.031..1219.542 rows=477167 loops=1)
                          Filter: ((kind_id < 7) AND (production_year > 1999))
                          Rows Removed by Filter: 2051145
Planning time: 3.584 ms
Execution time: 18455.391 ms
