Hash Join  (cost=58375.85..809172.60 rows=759 width=0) (actual time=1295.422..16586.996 rows=10 loops=1)
  Hash Cond: (ci.movie_id = t.id)
  ->  Seq Scan on cast_info ci  (cost=0.00..614943.12 rows=36225612 width=4) (actual time=0.015..9034.487 rows=36244344 loops=1)
  ->  Hash  (cost=58375.18..58375.18 rows=53 width=8) (actual time=846.404..846.404 rows=1 loops=1)
        Buckets: 1024  Batches: 1  Memory Usage: 9kB
        ->  Nested Loop  (cost=0.43..58375.18 rows=53 width=8) (actual time=792.233..846.400 rows=1 loops=1)
              ->  Seq Scan on movie_companies mc  (cost=0.00..57926.93 rows=53 width=4) (actual time=792.137..846.301 rows=1 loops=1)
                    Filter: ((company_type_id > 1) AND (company_id = 194191))
                    Rows Removed by Filter: 2609128
              ->  Index Only Scan using title_pkey on title t  (cost=0.43..8.45 rows=1 width=4) (actual time=0.080..0.081 rows=1 loops=1)
                    Index Cond: (id = mc.movie_id)
                    Heap Fetches: 1
Planning time: 1.225 ms
Execution time: 16587.126 ms
