Seq Scan on movie_companies mc  (cost=0.00..57926.93 rows=954744 width=0) (actual time=1155.073..2685.577 rows=802843 loops=1)
  Filter: ((company_id > 923) AND (company_type_id = 1))
  Rows Removed by Filter: 1806286
Planning time: 12.427 ms
Execution time: 2807.921 ms
