Hash Join  (cost=73962.22..877748.17 rows=2356 width=0) (actual time=4821.330..14773.140 rows=1068 loops=1)
  Hash Cond: (ci.movie_id = t.id)
  ->  Seq Scan on cast_info ci  (cost=0.00..796071.18 rows=2050989 width=4) (actual time=3617.523..13300.071 rows=1390290 loops=1)
        Filter: ((person_id < 1838817) AND (role_id = 3))
        Rows Removed by Filter: 34854054
  ->  Hash  (cost=73925.90..73925.90 rows=2905 width=4) (actual time=1201.596..1201.596 rows=5835 loops=1)
        Buckets: 8192 (originally 4096)  Batches: 1 (originally 1)  Memory Usage: 270kB
        ->  Seq Scan on title t  (cost=0.00..73925.90 rows=2905 width=4) (actual time=0.070..1198.712 rows=5835 loops=1)
              Filter: ((kind_id < 7) AND (production_year = 1916))
              Rows Removed by Filter: 2522477
Planning time: 0.872 ms
Execution time: 14773.524 ms
