Seq Scan on movie_companies mc  (cost=0.00..57926.93 rows=53 width=0) (actual time=1565.929..2231.603 rows=1 loops=1)
  Filter: ((company_id = 10999) AND (company_type_id = 2))
  Rows Removed by Filter: 2609128
Planning time: 7.016 ms
Execution time: 2231.687 ms
