Hash Join  (cost=463397.85..545939.52 rows=543415 width=0) (actual time=8602.123..11519.921 rows=2058205 loops=1)
  Hash Cond: (mc.movie_id = t.id)
  ->  Seq Scan on movie_companies mc  (cost=0.00..44881.29 rows=2609129 width=4) (actual time=0.013..1047.027 rows=2609129 loops=1)
  ->  Hash  (cost=454757.00..454757.00 rows=526628 width=8) (actual time=8601.147..8601.147 rows=940676 loops=1)
        Buckets: 131072 (originally 131072)  Batches: 16 (originally 8)  Memory Usage: 3314kB
        ->  Hash Join  (cost=83810.17..454757.00 rows=526628 width=8) (actual time=6263.337..8326.555 rows=940676 loops=1)
              Hash Cond: (mi.movie_id = t.id)
              ->  Seq Scan on movie_info mi  (cost=0.00..346232.03 rows=1348138 width=4) (actual time=4791.176..5709.147 rows=1298989 loops=1)
                    Filter: (info_type_id = 4)
                    Rows Removed by Filter: 13536731
              ->  Hash  (cost=67604.59..67604.59 rows=987727 width=4) (actual time=1471.300..1471.300 rows=985048 loops=1)
                    Buckets: 131072  Batches: 16  Memory Usage: 3197kB
                    ->  Seq Scan on title t  (cost=0.00..67604.59 rows=987727 width=4) (actual time=0.028..1157.555 rows=985048 loops=1)
                          Filter: (kind_id < 7)
                          Rows Removed by Filter: 1543264
Planning time: 1.194 ms
Execution time: 11756.437 ms
