Hash Join  (cost=641158.42..2060815.26 rows=33262864 width=0) (actual time=17848.347..82001.752 rows=120504100 loops=1)
  Hash Cond: (ci.movie_id = t.id)
  ->  Seq Scan on cast_info ci  (cost=0.00..705507.15 rows=24022411 width=4) (actual time=0.014..16105.193 rows=24130698 loops=1)
        Filter: (role_id < 4)
        Rows Removed by Filter: 12113646
  ->  Hash  (cost=583717.06..583717.06 rows=3501149 width=8) (actual time=17845.992..17845.992 rows=7424778 loops=1)
        Buckets: 131072 (originally 131072)  Batches: 128 (originally 64)  Memory Usage: 3295kB
        ->  Hash Join  (cost=89253.38..583717.06 rows=3501149 width=8) (actual time=1784.616..15316.982 rows=7424778 loops=1)
              Hash Cond: (mi.movie_id = t.id)
              ->  Seq Scan on movie_info mi  (cost=0.00..346232.03 rows=9476311 width=4) (actual time=347.761..6216.859 rows=9565151 loops=1)
                    Filter: (info_type_id < 16)
                    Rows Removed by Filter: 5270569
              ->  Hash  (cost=73925.90..73925.90 rows=934198 width=4) (actual time=1435.682..1435.682 rows=950693 loops=1)
                    Buckets: 131072  Batches: 16  Memory Usage: 3123kB
                    ->  Seq Scan on title t  (cost=0.00..73925.90 rows=934198 width=4) (actual time=0.026..1120.469 rows=950693 loops=1)
                          Filter: ((kind_id < 7) AND (production_year < 2013))
                          Rows Removed by Filter: 1577619
Planning time: 1.712 ms
Execution time: 95676.886 ms
