Seq Scan on title t  (cost=0.00..73925.90 rows=917911 width=0) (actual time=0.020..4358.681 rows=865266 loops=1)
  Filter: ((kind_id < 7) AND (production_year > 1928))
  Rows Removed by Filter: 1663046
Planning time: 0.335 ms
Execution time: 4512.544 ms
