Seq Scan on cast_info ci  (cost=0.00..796071.18 rows=135799 width=0) (actual time=16532.277..38829.970 rows=53634 loops=1)
  Filter: ((person_id < 1381180) AND (role_id > 10))
  Rows Removed by Filter: 36190710
Planning time: 0.329 ms
Execution time: 38836.987 ms
