Hash Join  (cost=73950.44..130350.92 rows=1032 width=0) (actual time=4095.912..6832.534 rows=1978 loops=1)
  Hash Cond: (mc.movie_id = t.id)
  ->  Seq Scan on movie_companies mc  (cost=0.00..51404.11 rows=1329612 width=4) (actual time=0.057..3125.601 rows=1334883 loops=1)
        Filter: (company_type_id = 2)
        Rows Removed by Filter: 1274246
  ->  Hash  (cost=73925.90..73925.90 rows=1963 width=4) (actual time=3365.665..3365.665 rows=1954 loops=1)
        Buckets: 2048  Batches: 1  Memory Usage: 85kB
        ->  Seq Scan on title t  (cost=0.00..73925.90 rows=1963 width=4) (actual time=118.054..3364.555 rows=1954 loops=1)
              Filter: ((kind_id = 1) AND (production_year = 1943))
              Rows Removed by Filter: 2526358
Planning time: 4.433 ms
Execution time: 6833.073 ms
