Seq Scan on movie_keyword mk  (cost=0.00..81003.12 rows=3247226 width=0) (actual time=0.020..4039.368 rows=3239110 loops=1)
  Filter: (keyword_id < 13759)
  Rows Removed by Filter: 1284820
Planning time: 0.288 ms
Execution time: 4708.307 ms
