Seq Scan on movie_companies mc  (cost=0.00..57926.93 rows=1330 width=0) (actual time=1.652..2136.449 rows=1156 loops=1)
  Filter: ((company_id = 119) AND (company_type_id = 2))
  Rows Removed by Filter: 2607973
Planning time: 0.386 ms
Execution time: 2136.815 ms
