Hash Join  (cost=89678.24..136361.85 rows=524013 width=0) (actual time=4348.548..7371.592 rows=954287 loops=1)
  Hash Cond: (mi_idx.movie_id = t.id)
  ->  Seq Scan on movie_info_idx mi_idx  (cost=0.00..21735.35 rows=1380035 width=4) (actual time=0.023..1659.322 rows=1380035 loops=1)
  ->  Hash  (cost=73925.90..73925.90 rows=960107 width=4) (actual time=4347.348..4347.348 rows=977778 loops=1)
        Buckets: 131072  Batches: 16  Memory Usage: 3172kB
        ->  Seq Scan on title t  (cost=0.00..73925.90 rows=960107 width=4) (actual time=0.025..3876.907 rows=977778 loops=1)
              Filter: ((kind_id < 7) AND (production_year > 0))
              Rows Removed by Filter: 1550534
Planning time: 0.765 ms
Execution time: 7521.858 ms
