Hash Join  (cost=92280.96..491936.66 rows=1357495 width=0) (actual time=13993.618..26132.283 rows=1364524 loops=1)
  Hash Cond: (mi.movie_id = t.id)
  ->  Seq Scan on movie_info mi  (cost=0.00..346232.03 rows=3068194 width=4) (actual time=8361.542..16443.336 rows=3036719 loops=1)
        Filter: (info_type_id = 16)
        Rows Removed by Filter: 11799001
  ->  Hash  (cost=73925.90..73925.90 rows=1118724 width=4) (actual time=5628.466..5628.466 rows=1213086 loops=1)
        Buckets: 131072  Batches: 16  Memory Usage: 3707kB
        ->  Seq Scan on title t  (cost=0.00..73925.90 rows=1118724 width=4) (actual time=0.035..4864.247 rows=1213086 loops=1)
              Filter: ((production_year > 1986) AND (kind_id = 7))
              Rows Removed by Filter: 1315226
Planning time: 0.854 ms
Execution time: 26376.127 ms
