Seq Scan on movie_keyword mk  (cost=0.00..81003.12 rows=246 width=0) (actual time=73.396..3753.170 rows=178 loops=1)
  Filter: (keyword_id = 45850)
  Rows Removed by Filter: 4523752
Planning time: 2.501 ms
Execution time: 3753.363 ms
