Hash Join  (cost=84571.72..144691.93 rows=112261 width=0) (actual time=4961.305..7991.434 rows=295876 loops=1)
  Hash Cond: (mc.movie_id = t.id)
  ->  Seq Scan on movie_companies mc  (cost=0.00..51404.11 rows=437465 width=4) (actual time=77.766..2784.429 rows=442440 loops=1)
        Filter: (company_id > 77967)
        Rows Removed by Filter: 2166689
  ->  Hash  (cost=73925.90..73925.90 rows=648865 width=4) (actual time=4378.819..4378.819 rows=656311 loops=1)
        Buckets: 131072  Batches: 16  Memory Usage: 2462kB
        ->  Seq Scan on title t  (cost=0.00..73925.90 rows=648865 width=4) (actual time=1675.230..4076.258 rows=656311 loops=1)
              Filter: ((production_year > 0) AND (kind_id = 1))
              Rows Removed by Filter: 1872001
Planning time: 20.272 ms
Execution time: 8043.603 ms
