Hash Join  (cost=207785.32..240355.47 rows=64221 width=0) (actual time=10254.792..12316.716 rows=270959 loops=1)
  Hash Cond: (mi_idx.movie_id = t.id)
  ->  Seq Scan on movie_info_idx mi_idx  (cost=0.00..25185.44 rows=464934 width=4) (actual time=0.022..1552.760 rows=460185 loops=1)
        Filter: (info_type_id > 100)
        Rows Removed by Filter: 919850
  ->  Hash  (cost=202054.52..202054.52 rows=349264 width=8) (actual time=10253.967..10253.967 rows=363692 loops=1)
        Buckets: 131072  Batches: 8  Memory Usage: 2828kB
        ->  Hash Join  (cost=102767.86..202054.52 rows=349264 width=8) (actual time=5305.188..10134.297 rows=363692 loops=1)
              Hash Cond: (mk.movie_id = t.id)
              ->  Seq Scan on movie_keyword mk  (cost=0.00..81003.12 rows=349264 width=4) (actual time=0.016..3803.620 rows=363692 loops=1)
                    Filter: (keyword_id < 335)
                    Rows Removed by Filter: 4160238
              ->  Hash  (cost=61283.27..61283.27 rows=2528527 width=4) (actual time=5303.380..5303.380 rows=2528312 loops=1)
                    Buckets: 131072  Batches: 64  Memory Usage: 2425kB
                    ->  Seq Scan on title t  (cost=0.00..61283.27 rows=2528527 width=4) (actual time=0.019..4137.521 rows=2528312 loops=1)
Planning time: 9.162 ms
Execution time: 12375.803 ms
