Hash Join  (cost=156487.41..285910.93 rows=634932 width=0) (actual time=8205.814..16571.214 rows=2659026 loops=1)
  Hash Cond: (mk.movie_id = t.id)
  ->  Seq Scan on movie_keyword mk  (cost=0.00..81003.12 rows=3482686 width=4) (actual time=0.015..5383.186 rows=3472312 loops=1)
        Filter: (keyword_id < 16852)
        Rows Removed by Filter: 1051618
  ->  Hash  (cost=148924.19..148924.19 rows=460978 width=8) (actual time=8204.090..8204.090 rows=459925 loops=1)
        Buckets: 131072  Batches: 8  Memory Usage: 3284kB
        ->  Hash Join  (cost=102767.86..148924.19 rows=460978 width=8) (actual time=5630.901..8037.846 rows=459925 loops=1)
              Hash Cond: (mi_idx.movie_id = t.id)
              ->  Seq Scan on movie_info_idx mi_idx  (cost=0.00..25185.44 rows=460978 width=4) (actual time=0.020..1369.779 rows=459925 loops=1)
                    Filter: (info_type_id = 99)
                    Rows Removed by Filter: 920110
              ->  Hash  (cost=61283.27..61283.27 rows=2528527 width=4) (actual time=5625.777..5625.777 rows=2528312 loops=1)
                    Buckets: 131072  Batches: 64  Memory Usage: 2415kB
                    ->  Seq Scan on title t  (cost=0.00..61283.27 rows=2528527 width=4) (actual time=0.019..4201.350 rows=2528312 loops=1)
Planning time: 1.089 ms
Execution time: 16958.024 ms
