Seq Scan on title t  (cost=0.00..67604.59 rows=1024753 width=0) (actual time=0.022..3789.007 rows=1021752 loops=1)
  Filter: (production_year < 2000)
  Rows Removed by Filter: 1506560
Planning time: 0.288 ms
Execution time: 3950.723 ms
