Hash Join  (cost=73979.67..426050.80 rows=2637 width=0) (actual time=12715.898..19799.433 rows=7149 loops=1)
  Hash Cond: (mi.movie_id = t.id)
  ->  Seq Scan on movie_info mi  (cost=0.00..346232.03 rows=1550064 width=4) (actual time=9091.710..15955.158 rows=1533909 loops=1)
        Filter: (info_type_id = 3)
        Rows Removed by Filter: 13301811
  ->  Hash  (cost=73925.90..73925.90 rows=4301 width=4) (actual time=3464.122..3464.122 rows=5360 loops=1)
        Buckets: 8192  Batches: 1  Memory Usage: 253kB
        ->  Seq Scan on title t  (cost=0.00..73925.90 rows=4301 width=4) (actual time=0.063..3461.601 rows=5360 loops=1)
              Filter: ((production_year < 1996) AND (kind_id = 6))
              Rows Removed by Filter: 2522952
Planning time: 5.284 ms
Execution time: 19800.801 ms
