Hash Join  (cost=163886.32..194960.90 rows=17748 width=0) (actual time=9585.771..11085.676 rows=103072 loops=1)
  Hash Cond: (mi_idx.movie_id = t.id)
  ->  Seq Scan on movie_info_idx mi_idx  (cost=0.00..25185.44 rows=460978 width=4) (actual time=0.023..1430.908 rows=459925 loops=1)
        Filter: (info_type_id < 100)
        Rows Removed by Filter: 920110
  ->  Hash  (cost=162288.43..162288.43 rows=97351 width=8) (actual time=9292.476..9292.476 rows=204896 loops=1)
        Buckets: 131072 (originally 131072)  Batches: 4 (originally 2)  Memory Usage: 3073kB
        ->  Hash Join  (cost=94978.31..162288.43 rows=97351 width=8) (actual time=6244.467..9206.381 rows=204896 loops=1)
              Hash Cond: (mc.movie_id = t.id)
              ->  Seq Scan on movie_companies mc  (cost=0.00..57926.93 rows=147534 width=4) (actual time=773.153..2691.771 rows=295705 loops=1)
                    Filter: ((company_id > 94756) AND (company_type_id > 1))
                    Rows Removed by Filter: 2313424
              ->  Hash  (cost=67604.59..67604.59 rows=1668458 width=4) (actual time=5470.128..5470.128 rows=1671292 loops=1)
                    Buckets: 131072  Batches: 32  Memory Usage: 2858kB
                    ->  Seq Scan on title t  (cost=0.00..67604.59 rows=1668458 width=4) (actual time=0.027..4748.097 rows=1671292 loops=1)
                          Filter: (production_year < 2008)
                          Rows Removed by Filter: 857020
Planning time: 1.141 ms
Execution time: 11099.564 ms
