Hash Join  (cost=439368.21..1421138.98 rows=457150 width=0) (actual time=25068.987..67668.812 rows=75 loops=1)
  Hash Cond: (ci.movie_id = t.id)
  ->  Seq Scan on cast_info ci  (cost=0.00..614943.12 rows=36225612 width=4) (actual time=0.018..32891.459 rows=36244344 loops=1)
  ->  Hash  (cost=438969.35..438969.35 rows=31909 width=8) (actual time=24506.637..24506.637 rows=34 loops=1)
        Buckets: 32768  Batches: 1  Memory Usage: 258kB
        ->  Hash Join  (cost=73994.33..438969.35 rows=31909 width=8) (actual time=4154.269..24506.348 rows=34 loops=1)
              Hash Cond: (mi.movie_id = t.id)
              ->  Seq Scan on movie_info mi  (cost=0.00..309384.22 rows=14739122 width=4) (actual time=0.008..17304.695 rows=14835720 loops=1)
              ->  Hash  (cost=73925.90..73925.90 rows=5474 width=4) (actual time=3572.461..3572.461 rows=9 loops=1)
                    Buckets: 8192  Batches: 1  Memory Usage: 65kB
                    ->  Seq Scan on title t  (cost=0.00..73925.90 rows=5474 width=4) (actual time=328.534..3572.438 rows=9 loops=1)
                          Filter: ((kind_id > 1) AND (production_year = 1944))
                          Rows Removed by Filter: 2528303
Planning time: 5.330 ms
Execution time: 67668.985 ms
