Hash Join  (cost=74809.10..130203.71 rows=72908 width=0) (actual time=1272.692..2474.827 rows=53760 loops=1)
  Hash Cond: (mc.movie_id = t.id)
  ->  Seq Scan on movie_companies mc  (cost=0.00..44881.29 rows=2609129 width=4) (actual time=0.018..521.385 rows=2609129 loops=1)
  ->  Hash  (cost=73925.90..73925.90 rows=70656 width=4) (actual time=1272.000..1272.000 rows=79548 loops=1)
        Buckets: 131072  Batches: 1  Memory Usage: 3821kB
        ->  Seq Scan on title t  (cost=0.00..73925.90 rows=70656 width=4) (actual time=0.026..1240.597 rows=79548 loops=1)
              Filter: ((kind_id > 1) AND (production_year = 2005))
              Rows Removed by Filter: 2448764
Planning time: 0.817 ms
Execution time: 2482.276 ms
