Nested Loop  (cost=0.43..83071.67 rows=246 width=0) (actual time=0.199..3605.767 rows=3021 loops=1)
  ->  Seq Scan on movie_keyword mk  (cost=0.00..81003.12 rows=246 width=4) (actual time=0.147..3193.147 rows=3021 loops=1)
        Filter: (keyword_id = 643)
        Rows Removed by Filter: 4520909
  ->  Index Only Scan using title_pkey on title t  (cost=0.43..8.40 rows=1 width=4) (actual time=0.135..0.135 rows=1 loops=3021)
        Index Cond: (id = mk.movie_id)
        Heap Fetches: 3021
Planning time: 0.687 ms
Execution time: 3606.896 ms
