Seq Scan on movie_keyword mk  (cost=0.00..81003.12 rows=2580695 width=0) (actual time=0.024..4548.636 rows=2571518 loops=1)
  Filter: (keyword_id < 6604)
  Rows Removed by Filter: 1952412
Planning time: 1.368 ms
Execution time: 4992.732 ms
