Hash Join  (cost=102767.86..1214872.37 rows=12723282 width=0) (actual time=23663.080..66193.435 rows=12665258 loops=1)
  Hash Cond: (ci.movie_id = t.id)
  ->  Seq Scan on cast_info ci  (cost=0.00..796071.18 rows=12723282 width=4) (actual time=19138.441..46715.782 rows=12665258 loops=1)
        Filter: ((person_id > 1179) AND (role_id = 1))
        Rows Removed by Filter: 23579086
  ->  Hash  (cost=61283.27..61283.27 rows=2528527 width=4) (actual time=4523.344..4523.344 rows=2528312 loops=1)
        Buckets: 131072  Batches: 64  Memory Usage: 2415kB
        ->  Seq Scan on title t  (cost=0.00..61283.27 rows=2528527 width=4) (actual time=0.024..3339.499 rows=2528312 loops=1)
Planning time: 0.730 ms
Execution time: 67943.662 ms
