Hash Join  (cost=82423.69..1280502.99 rows=11542389 width=0) (actual time=1490.895..39326.145 rows=12444018 loops=1)
  Hash Cond: (ci.movie_id = t.id)
  ->  Seq Scan on cast_info ci  (cost=0.00..705507.15 rows=32312869 width=4) (actual time=0.022..16577.480 rows=32279975 loops=1)
        Filter: (person_id < 3332550)
        Rows Removed by Filter: 3964369
  ->  Hash  (cost=67604.59..67604.59 rows=903208 width=4) (actual time=1490.086..1490.086 rows=904491 loops=1)
        Buckets: 131072  Batches: 16  Memory Usage: 3010kB
        ->  Seq Scan on title t  (cost=0.00..67604.59 rows=903208 width=4) (actual time=0.028..1205.199 rows=904491 loops=1)
              Filter: (production_year > 2006)
              Rows Removed by Filter: 1623821
Planning time: 0.786 ms
Execution time: 40817.541 ms
