Seq Scan on movie_companies mc  (cost=0.00..57926.93 rows=847884 width=0) (actual time=1026.443..2509.022 rows=533978 loops=1)
  Filter: ((company_id < 18409) AND (company_type_id > 1))
  Rows Removed by Filter: 2075151
Planning time: 0.290 ms
Execution time: 2581.943 ms
