Seq Scan on movie_keyword mk  (cost=0.00..81003.12 rows=862563 width=0) (actual time=0.024..3740.092 rows=872250 loops=1)
  Filter: (keyword_id > 21172)
  Rows Removed by Filter: 3651680
Planning time: 7.743 ms
Execution time: 3875.301 ms
