Hash Join  (cost=269833.84..885153.08 rows=10973542 width=0) (actual time=12274.133..72353.101 rows=91786769 loops=1)
  Hash Cond: (mi.movie_id = t.id)
  ->  Seq Scan on movie_info mi  (cost=0.00..309384.22 rows=14739122 width=4) (actual time=0.352..22254.008 rows=14835720 loops=1)
  ->  Hash  (cost=238948.16..238948.16 rows=1882534 width=8) (actual time=12272.543..12272.543 rows=1894831 loops=1)
        Buckets: 131072  Batches: 32  Memory Usage: 3407kB
        ->  Hash Join  (cost=102767.86..238948.16 rows=1882534 width=8) (actual time=5317.908..11652.733 rows=1894831 loops=1)
              Hash Cond: (mk.movie_id = t.id)
              ->  Seq Scan on movie_keyword mk  (cost=0.00..81003.12 rows=1882534 width=4) (actual time=0.026..4136.041 rows=1894831 loops=1)
                    Filter: (keyword_id < 3244)
                    Rows Removed by Filter: 2629099
              ->  Hash  (cost=61283.27..61283.27 rows=2528527 width=4) (actual time=5316.204..5316.204 rows=2528312 loops=1)
                    Buckets: 131072  Batches: 64  Memory Usage: 2425kB
                    ->  Seq Scan on title t  (cost=0.00..61283.27 rows=2528527 width=4) (actual time=0.012..3607.202 rows=2528312 loops=1)
Planning time: 3.351 ms
Execution time: 85629.369 ms
