Hash Join  (cost=170425.80..516747.80 rows=29 width=0) (actual time=21818.914..24218.398 rows=1813 loops=1)
  Hash Cond: (mi.movie_id = t.id)
  ->  Seq Scan on movie_info mi  (cost=0.00..346232.03 rows=17937 width=4) (actual time=13299.983..15906.262 rows=16603 loops=1)
        Filter: (info_type_id = 102)
        Rows Removed by Filter: 14819117
  ->  Hash  (cost=170374.52..170374.52 rows=4103 width=8) (actual time=8296.162..8296.162 rows=17607 loops=1)
        Buckets: 32768 (originally 8192)  Batches: 1 (originally 1)  Memory Usage: 944kB
        ->  Hash Join  (cost=73957.54..170374.52 rows=4103 width=8) (actual time=3249.290..8285.146 rows=17607 loops=1)
              Hash Cond: (mk.movie_id = t.id)
              ->  Seq Scan on movie_keyword mk  (cost=0.00..81003.12 rows=4099418 width=4) (actual time=0.038..4156.089 rows=4087742 loops=1)
                    Filter: (keyword_id > 335)
                    Rows Removed by Filter: 436188
              ->  Hash  (cost=73925.90..73925.90 rows=2531 width=4) (actual time=3247.706..3247.706 rows=2720 loops=1)
                    Buckets: 4096  Batches: 1  Memory Usage: 128kB
                    ->  Seq Scan on title t  (cost=0.00..73925.90 rows=2531 width=4) (actual time=16.810..3246.052 rows=2720 loops=1)
                          Filter: ((kind_id < 4) AND (production_year = 1950))
                          Rows Removed by Filter: 2525592
Planning time: 1.521 ms
Execution time: 24218.861 ms
