Hash Join  (cost=156487.41..515926.79 rows=155331 width=0) (actual time=17973.132..23371.346 rows=641185 loops=1)
  Hash Cond: (mi.movie_id = t.id)
  ->  Seq Scan on movie_info mi  (cost=0.00..346232.03 rows=852012 width=4) (actual time=10591.475..15209.605 rows=900340 loops=1)
        Filter: (info_type_id > 94)
        Rows Removed by Filter: 13935380
  ->  Hash  (cost=148924.19..148924.19 rows=460978 width=8) (actual time=7380.700..7380.700 rows=459925 loops=1)
        Buckets: 131072  Batches: 8  Memory Usage: 3284kB
        ->  Hash Join  (cost=102767.86..148924.19 rows=460978 width=8) (actual time=4876.178..7231.122 rows=459925 loops=1)
              Hash Cond: (mi_idx.movie_id = t.id)
              ->  Seq Scan on movie_info_idx mi_idx  (cost=0.00..25185.44 rows=460978 width=4) (actual time=0.028..1525.321 rows=459925 loops=1)
                    Filter: (info_type_id < 100)
                    Rows Removed by Filter: 920110
              ->  Hash  (cost=61283.27..61283.27 rows=2528527 width=4) (actual time=4874.171..4874.171 rows=2528312 loops=1)
                    Buckets: 131072  Batches: 64  Memory Usage: 2415kB
                    ->  Seq Scan on title t  (cost=0.00..61283.27 rows=2528527 width=4) (actual time=0.035..3792.807 rows=2528312 loops=1)
Planning time: 1.127 ms
Execution time: 23459.998 ms
