Hash Join  (cost=156632.57..253884.23 rows=197878 width=0) (actual time=7224.614..12270.304 rows=831494 loops=1)
  Hash Cond: (mk.movie_id = t.id)
  ->  Seq Scan on movie_keyword mk  (cost=0.00..81003.12 rows=1077003 width=4) (actual time=0.027..4138.230 rows=1086771 loops=1)
        Filter: (keyword_id > 16270)
        Rows Removed by Filter: 3437159
  ->  Hash  (cost=149010.49..149010.49 rows=464566 width=8) (actual time=7223.766..7223.766 rows=459925 loops=1)
        Buckets: 131072  Batches: 8  Memory Usage: 3284kB
        ->  Hash Join  (cost=102767.86..149010.49 rows=464566 width=8) (actual time=4852.867..7061.094 rows=459925 loops=1)
              Hash Cond: (mi_idx.movie_id = t.id)
              ->  Seq Scan on movie_info_idx mi_idx  (cost=0.00..25185.44 rows=464566 width=4) (actual time=0.026..1298.065 rows=459925 loops=1)
                    Filter: (info_type_id = 101)
                    Rows Removed by Filter: 920110
              ->  Hash  (cost=61283.27..61283.27 rows=2528527 width=4) (actual time=4851.739..4851.739 rows=2528312 loops=1)
                    Buckets: 131072  Batches: 64  Memory Usage: 2415kB
                    ->  Seq Scan on title t  (cost=0.00..61283.27 rows=2528527 width=4) (actual time=0.013..3711.558 rows=2528312 loops=1)
Planning time: 1.159 ms
Execution time: 12388.973 ms
