Seq Scan on movie_keyword mk  (cost=0.00..81003.12 rows=3177126 width=0) (actual time=0.025..4309.085 rows=3167578 loops=1)
  Filter: (keyword_id < 12392)
  Rows Removed by Filter: 1356352
Planning time: 0.262 ms
Execution time: 4848.491 ms
