Seq Scan on movie_companies mc  (cost=0.00..51404.11 rows=1894452 width=0) (actual time=0.012..2892.842 rows=1889593 loops=1)
  Filter: (company_id < 42425)
  Rows Removed by Filter: 719536
Planning time: 0.377 ms
Execution time: 3238.258 ms
