Hash Join  (cost=74449.67..155434.26 rows=430506 width=0) (actual time=4441.472..10110.365 rows=711132 loops=1)
  Hash Cond: (mc.movie_id = t.id)
  ->  Seq Scan on movie_companies mc  (cost=0.00..44881.29 rows=2609129 width=4) (actual time=0.022..3725.357 rows=2609129 loops=1)
  ->  Hash  (cost=67604.59..67604.59 rows=417207 width=4) (actual time=4440.722..4440.722 rows=409495 loops=1)
        Buckets: 131072  Batches: 8  Memory Usage: 2821kB
        ->  Seq Scan on title t  (cost=0.00..67604.59 rows=417207 width=4) (actual time=0.014..3703.114 rows=409495 loops=1)
              Filter: (production_year < 1973)
              Rows Removed by Filter: 2118817
Planning time: 2.215 ms
Execution time: 10251.754 ms
