Seq Scan on cast_info ci  (cost=0.00..796071.18 rows=4206758 width=0) (actual time=25662.841..44156.327 rows=5182262 loops=1)
  Filter: ((person_id > 967770) AND (role_id > 8))
  Rows Removed by Filter: 31062082
Planning time: 0.389 ms
Execution time: 45067.822 ms
