Hash Join  (cost=102767.86..194465.86 rows=992927 width=0) (actual time=7603.555..11667.143 rows=1150315 loops=1)
  Hash Cond: (mc.movie_id = t.id)
  ->  Seq Scan on movie_companies mc  (cost=0.00..57926.93 rows=992927 width=4) (actual time=875.708..3328.779 rows=1150315 loops=1)
        Filter: ((company_id > 909) AND (company_type_id > 1))
        Rows Removed by Filter: 1458814
  ->  Hash  (cost=61283.27..61283.27 rows=2528527 width=4) (actual time=6726.507..6726.507 rows=2528312 loops=1)
        Buckets: 131072  Batches: 64  Memory Usage: 2415kB
        ->  Seq Scan on title t  (cost=0.00..61283.27 rows=2528527 width=4) (actual time=0.030..4700.142 rows=2528312 loops=1)
Planning time: 3.294 ms
Execution time: 11820.663 ms
