Hash Join  (cost=263115.61..1680112.46 rows=25847771 width=0) (actual time=12346.528..110031.822 rows=55164649 loops=1)
  Hash Cond: (ci.movie_id = t.id)
  ->  Seq Scan on cast_info ci  (cost=0.00..796071.18 rows=25049274 width=4) (actual time=0.017..57662.122 rows=27688935 loops=1)
        Filter: ((person_id < 3223589) AND (role_id < 8))
        Rows Removed by Filter: 8555409
  ->  Hash  (cost=220309.49..220309.49 rows=2609129 width=8) (actual time=12341.774..12341.774 rows=2609129 loops=1)
        Buckets: 131072  Batches: 64  Memory Usage: 2610kB
        ->  Hash Join  (cost=102767.86..220309.49 rows=2609129 width=8) (actual time=5120.920..11472.059 rows=2609129 loops=1)
              Hash Cond: (mc.movie_id = t.id)
              ->  Seq Scan on movie_companies mc  (cost=0.00..44881.29 rows=2609129 width=4) (actual time=0.027..3054.962 rows=2609129 loops=1)
              ->  Hash  (cost=61283.27..61283.27 rows=2528527 width=4) (actual time=5119.510..5119.510 rows=2528312 loops=1)
                    Buckets: 131072  Batches: 64  Memory Usage: 2415kB
                    ->  Seq Scan on title t  (cost=0.00..61283.27 rows=2528527 width=4) (actual time=0.021..4011.051 rows=2528312 loops=1)
Planning time: 17.623 ms
Execution time: 117665.236 ms
