Nested Loop  (cost=32636.42..97660.66 rows=372 width=0) (actual time=1815.034..4562.004 rows=511 loops=1)
  Join Filter: (mc.movie_id = t.id)
  ->  Hash Join  (cost=32635.99..93369.34 rows=4997 width=8) (actual time=1814.976..4301.555 rows=1278 loops=1)
        Hash Cond: (mc.movie_id = mi_idx.movie_id)
        ->  Seq Scan on movie_companies mc  (cost=0.00..57926.93 rows=5374 width=4) (actual time=0.676..2405.444 rows=2411 loops=1)
              Filter: ((company_type_id < 2) AND (company_id = 11))
              Rows Removed by Filter: 2606718
        ->  Hash  (cost=25185.44..25185.44 rows=454124 width=4) (actual time=1797.292..1797.292 rows=459925 loops=1)
              Buckets: 131072  Batches: 8  Memory Usage: 3050kB
              ->  Seq Scan on movie_info_idx mi_idx  (cost=0.00..25185.44 rows=454124 width=4) (actual time=0.015..1581.921 rows=459925 loops=1)
                    Filter: (info_type_id = 100)
                    Rows Removed by Filter: 920110
  ->  Index Scan using title_pkey on title t  (cost=0.43..0.85 rows=1 width=4) (actual time=0.203..0.203 rows=0 loops=1278)
        Index Cond: (id = mi_idx.movie_id)
        Filter: (production_year < 1999)
        Rows Removed by Filter: 1
Planning time: 8.701 ms
Execution time: 4562.590 ms
