Hash Join  (cost=102767.86..921615.13 rows=4299700 width=0) (actual time=8065.286..44553.194 rows=4167245 loops=1)
  Hash Cond: (ci.movie_id = t.id)
  ->  Seq Scan on cast_info ci  (cost=0.00..705507.15 rows=4299700 width=4) (actual time=2762.531..33956.519 rows=4167245 loops=1)
        Filter: (person_id < 400747)
        Rows Removed by Filter: 32077099
  ->  Hash  (cost=61283.27..61283.27 rows=2528527 width=4) (actual time=5221.524..5221.524 rows=2528312 loops=1)
        Buckets: 131072  Batches: 64  Memory Usage: 2415kB
        ->  Seq Scan on title t  (cost=0.00..61283.27 rows=2528527 width=4) (actual time=0.027..3912.103 rows=2528312 loops=1)
Planning time: 6.747 ms
Execution time: 45122.500 ms
