Seq Scan on title t  (cost=0.00..73925.90 rows=128409 width=0) (actual time=0.281..3429.882 rows=8317 loops=1)
  Filter: ((kind_id > 1) AND (production_year < 1952))
  Rows Removed by Filter: 2519995
Planning time: 0.317 ms
Execution time: 3432.152 ms
