Nested Loop  (cost=0.43..797957.66 rows=224 width=0) (actual time=9521.856..37395.349 rows=2 loops=1)
  ->  Seq Scan on cast_info ci  (cost=0.00..796071.18 rows=224 width=4) (actual time=9515.980..37389.404 rows=2 loops=1)
        Filter: ((role_id > 2) AND (person_id = 3007510))
        Rows Removed by Filter: 36244342
  ->  Index Only Scan using title_pkey on title t  (cost=0.43..8.41 rows=1 width=4) (actual time=2.926..2.928 rows=1 loops=2)
        Index Cond: (id = ci.movie_id)
        Heap Fetches: 2
Planning time: 5.135 ms
Execution time: 37395.456 ms
