Seq Scan on movie_keyword mk  (cost=0.00..81003.12 rows=2768313 width=0) (actual time=0.022..4077.568 rows=2765423 loops=1)
  Filter: (keyword_id < 7880)
  Rows Removed by Filter: 1758507
Planning time: 0.269 ms
Execution time: 4536.464 ms
