Seq Scan on title t  (cost=0.00..67604.59 rows=164776 width=0) (actual time=0.024..989.666 rows=164307 loops=1)
  Filter: (production_year = 2012)
  Rows Removed by Filter: 2364005
Planning time: 0.415 ms
Execution time: 1015.440 ms
