Seq Scan on movie_keyword mk  (cost=0.00..81003.12 rows=246 width=0) (actual time=19.442..3537.312 rows=75 loops=1)
  Filter: (keyword_id = 9592)
  Rows Removed by Filter: 4523855
Planning time: 0.410 ms
Execution time: 3537.477 ms
