Nested Loop  (cost=0.43..58375.18 rows=53 width=0) (actual time=50.466..1843.709 rows=20 loops=1)
  ->  Seq Scan on movie_companies mc  (cost=0.00..57926.93 rows=53 width=4) (actual time=50.379..1833.940 rows=20 loops=1)
        Filter: ((company_id = 183) AND (company_type_id = 2))
        Rows Removed by Filter: 2609109
  ->  Index Only Scan using title_pkey on title t  (cost=0.43..8.45 rows=1 width=4) (actual time=0.481..0.482 rows=1 loops=20)
        Index Cond: (id = mc.movie_id)
        Heap Fetches: 20
Planning time: 1.586 ms
Execution time: 1843.788 ms
