Seq Scan on cast_info ci  (cost=0.00..796071.18 rows=10220137 width=0) (actual time=0.019..43050.362 rows=12427606 loops=1)
  Filter: ((person_id > 1315342) AND (role_id > 2))
  Rows Removed by Filter: 23816738
Planning time: 0.293 ms
Execution time: 45111.222 ms
