Seq Scan on cast_info ci  (cost=0.00..796071.18 rows=35321 width=0) (actual time=15597.484..29485.730 rows=12784 loops=1)
  Filter: ((person_id < 339026) AND (role_id > 10))
  Rows Removed by Filter: 36231560
Planning time: 0.679 ms
Execution time: 29487.532 ms
