Hash Join  (cost=82995.40..116584.57 rows=99276 width=0) (actual time=4803.974..6739.479 rows=156321 loops=1)
  Hash Cond: (mi_idx.movie_id = t.id)
  ->  Seq Scan on movie_info_idx mi_idx  (cost=0.00..25185.44 rows=454124 width=4) (actual time=0.026..1361.447 rows=459925 loops=1)
        Filter: (info_type_id = 100)
        Rows Removed by Filter: 920110
  ->  Hash  (cost=73925.90..73925.90 rows=552760 width=4) (actual time=4802.991..4802.991 rows=429855 loops=1)
        Buckets: 131072  Batches: 8  Memory Usage: 2925kB
        ->  Seq Scan on title t  (cost=0.00..73925.90 rows=552760 width=4) (actual time=219.316..4176.683 rows=429855 loops=1)
              Filter: ((production_year > 1969) AND (kind_id = 1))
              Rows Removed by Filter: 2098457
Planning time: 1.845 ms
Execution time: 6763.691 ms
