Seq Scan on cast_info ci  (cost=0.00..796071.18 rows=7234623 width=0) (actual time=12614.733..31978.133 rows=1497006 loops=1)
  Filter: ((person_id > 1530406) AND (role_id < 2))
  Rows Removed by Filter: 34747338
Planning time: 0.687 ms
Execution time: 32184.956 ms
