Hash Join  (cost=263115.61..1735126.39 rows=32008974 width=0) (actual time=12561.005..65366.276 rows=64996956 loops=1)
  Hash Cond: (ci.movie_id = t.id)
  ->  Seq Scan on cast_info ci  (cost=0.00..705507.15 rows=31020143 width=4) (actual time=0.021..17779.622 rows=30978589 loops=1)
        Filter: (person_id < 3134838)
        Rows Removed by Filter: 5265755
  ->  Hash  (cost=220309.49..220309.49 rows=2609129 width=8) (actual time=12559.919..12559.919 rows=2609129 loops=1)
        Buckets: 131072  Batches: 64  Memory Usage: 2610kB
        ->  Hash Join  (cost=102767.86..220309.49 rows=2609129 width=8) (actual time=5741.556..11814.080 rows=2609129 loops=1)
              Hash Cond: (mc.movie_id = t.id)
              ->  Seq Scan on movie_companies mc  (cost=0.00..44881.29 rows=2609129 width=4) (actual time=0.022..3027.546 rows=2609129 loops=1)
              ->  Hash  (cost=61283.27..61283.27 rows=2528527 width=4) (actual time=5739.646..5739.646 rows=2528312 loops=1)
                    Buckets: 131072  Batches: 64  Memory Usage: 2415kB
                    ->  Seq Scan on title t  (cost=0.00..61283.27 rows=2528527 width=4) (actual time=0.020..3952.759 rows=2528312 loops=1)
Planning time: 4.314 ms
Execution time: 73036.876 ms
