Seq Scan on title t  (cost=0.00..73925.90 rows=1963 width=0) (actual time=178.507..2684.942 rows=2928 loops=1)
  Filter: ((kind_id = 1) AND (production_year = 1956))
  Rows Removed by Filter: 2525384
Planning time: 0.408 ms
Execution time: 2685.860 ms
