Hash Join  (cost=91446.37..139139.17 rows=582832 width=0) (actual time=2107.458..3076.618 rows=309480 loops=1)
  Hash Cond: (mi_idx.movie_id = t.id)
  ->  Seq Scan on movie_info_idx mi_idx  (cost=0.00..21735.35 rows=1380035 width=4) (actual time=0.020..443.971 rows=1380035 loops=1)
  ->  Hash  (cost=73925.90..73925.90 rows=1067877 width=4) (actual time=1742.751..1742.751 rows=1163273 loops=1)
        Buckets: 131072  Batches: 16  Memory Usage: 3588kB
        ->  Seq Scan on title t  (cost=0.00..73925.90 rows=1067877 width=4) (actual time=0.014..1380.856 rows=1163273 loops=1)
              Filter: ((production_year > 1990) AND (kind_id = 7))
              Rows Removed by Filter: 1365039
Planning time: 0.696 ms
Execution time: 3112.852 ms
