Hash Join  (cost=83074.74..833899.15 rows=3524 width=0) (actual time=3188.704..41267.185 rows=48893 loops=1)
  Hash Cond: (ci.movie_id = t.id)
  ->  Seq Scan on cast_info ci  (cost=0.00..614943.12 rows=36225612 width=4) (actual time=0.012..29480.299 rows=36244344 loops=1)
  ->  Hash  (cost=83071.67..83071.67 rows=246 width=8) (actual time=3187.877..3187.877 rows=1020 loops=1)
        Buckets: 1024  Batches: 1  Memory Usage: 48kB
        ->  Nested Loop  (cost=0.43..83071.67 rows=246 width=8) (actual time=0.474..3186.903 rows=1020 loops=1)
              ->  Seq Scan on movie_keyword mk  (cost=0.00..81003.12 rows=246 width=4) (actual time=0.412..3013.463 rows=1020 loops=1)
                    Filter: (keyword_id = 850)
                    Rows Removed by Filter: 4522910
              ->  Index Only Scan using title_pkey on title t  (cost=0.43..8.40 rows=1 width=4) (actual time=0.165..0.168 rows=1 loops=1020)
                    Index Cond: (id = mk.movie_id)
                    Heap Fetches: 1020
Planning time: 2.263 ms
Execution time: 41282.441 ms
