Hash Join  (cost=445024.85..1519943.88 rows=1728772 width=0) (actual time=7311.639..44105.270 rows=13703433 loops=1)
  Hash Cond: (ci.movie_id = t.id)
  ->  Seq Scan on cast_info ci  (cost=0.00..705507.15 rows=30405364 width=4) (actual time=0.025..17310.999 rows=30511650 loops=1)
        Filter: (role_id < 9)
        Rows Removed by Filter: 5732694
  ->  Hash  (cost=442665.78..442665.78 rows=143766 width=8) (actual time=7310.916..7310.916 rows=314180 loops=1)
        Buckets: 131072 (originally 131072)  Batches: 8 (originally 2)  Memory Usage: 4037kB
        ->  Hash Join  (cost=86519.03..442665.78 rows=143766 width=8) (actual time=2965.393..7229.912 rows=314180 loops=1)
              Hash Cond: (mi.movie_id = t.id)
              ->  Seq Scan on movie_info mi  (cost=0.00..346232.03 rows=473617 width=4) (actual time=1425.902..5311.298 rows=486554 loops=1)
                    Filter: (info_type_id = 5)
                    Rows Removed by Filter: 14349166
              ->  Hash  (cost=73925.90..73925.90 rows=767530 width=4) (actual time=1538.332..1538.332 rows=677132 loops=1)
                    Buckets: 131072  Batches: 16  Memory Usage: 2521kB
                    ->  Seq Scan on title t  (cost=0.00..73925.90 rows=767530 width=4) (actual time=0.022..1316.620 rows=677132 loops=1)
                          Filter: ((kind_id < 7) AND (production_year > 1978))
                          Rows Removed by Filter: 1851180
Planning time: 0.760 ms
Execution time: 45656.639 ms
