Seq Scan on title t  (cost=0.00..73925.90 rows=66236 width=0) (actual time=0.040..596.714 rows=74971 loops=1)
  Filter: ((kind_id > 4) AND (production_year = 2006))
  Rows Removed by Filter: 2453341
Planning time: 0.352 ms
Execution time: 604.952 ms
