Seq Scan on movie_companies mc  (cost=0.00..57926.93 rows=51 width=0) (actual time=1086.132..2505.296 rows=1 loops=1)
  Filter: ((company_type_id < 2) AND (company_id = 10922))
  Rows Removed by Filter: 2609128
Planning time: 0.438 ms
Execution time: 2505.384 ms
