Seq Scan on movie_companies mc  (cost=0.00..51404.11 rows=796927 width=0) (actual time=65.464..874.962 rows=803601 loops=1)
  Filter: (company_id > 30022)
  Rows Removed by Filter: 1805528
Planning time: 0.295 ms
Execution time: 974.546 ms
