Seq Scan on cast_info ci  (cost=0.00..796071.18 rows=9413195 width=0) (actual time=0.023..15212.941 rows=12670688 loops=1)
  Filter: ((person_id < 2762580) AND (role_id = 1))
  Rows Removed by Filter: 23573656
Planning time: 0.390 ms
Execution time: 16768.137 ms
