Hash Join  (cost=129778.61..885156.65 rows=292002 width=0) (actual time=17375.090..41932.802 rows=670155 loops=1)
  Hash Cond: (ci.movie_id = t.id)
  ->  Seq Scan on cast_info ci  (cost=0.00..705507.15 rows=3998100 width=4) (actual time=10654.115..33126.300 rows=4008037 loops=1)
        Filter: (role_id = 3)
        Rows Removed by Filter: 32236307
  ->  Hash  (cost=126748.23..126748.23 rows=184671 width=8) (actual time=6719.385..6719.385 rows=94759 loops=1)
        Buckets: 131072  Batches: 4  Memory Usage: 1943kB
        ->  Hash Join  (cost=90416.96..126748.23 rows=184671 width=8) (actual time=4782.378..6687.103 rows=94759 loops=1)
              Hash Cond: (mi_idx.movie_id = t.id)
              ->  Seq Scan on movie_info_idx mi_idx  (cost=0.00..25185.44 rows=464566 width=4) (actual time=0.027..1405.990 rows=459925 loops=1)
                    Filter: (info_type_id = 101)
                    Rows Removed by Filter: 920110
              ->  Hash  (cost=73925.90..73925.90 rows=1005124 width=4) (actual time=4781.546..4781.546 rows=1099095 loops=1)
                    Buckets: 131072  Batches: 16  Memory Usage: 3447kB
                    ->  Seq Scan on title t  (cost=0.00..73925.90 rows=1005124 width=4) (actual time=0.026..4330.587 rows=1099095 loops=1)
                          Filter: ((production_year > 1994) AND (kind_id = 7))
                          Rows Removed by Filter: 1429217
Planning time: 1.130 ms
Execution time: 42024.372 ms
