Seq Scan on movie_keyword mk  (cost=0.00..81003.12 rows=2407165 width=0) (actual time=0.009..1462.669 rows=2402970 loops=1)
  Filter: (keyword_id > 3891)
  Rows Removed by Filter: 2120960
Planning time: 1.054 ms
Execution time: 1761.903 ms
