Hash Join  (cost=244247.11..832478.44 rows=8434849 width=0) (actual time=6467.686..38467.166 rows=91749969 loops=1)
  Hash Cond: (mi.movie_id = t.id)
  ->  Seq Scan on movie_info mi  (cost=0.00..309384.22 rows=14739122 width=4) (actual time=0.019..5756.548 rows=14835720 loops=1)
  ->  Hash  (cost=220506.41..220506.41 rows=1447016 width=8) (actual time=6466.553..6466.553 rows=1999086 loops=1)
        Buckets: 131072  Batches: 32  Memory Usage: 3506kB
        ->  Hash Join  (cost=80874.21..220506.41 rows=1447016 width=8) (actual time=1450.191..5899.518 rows=1999086 loops=1)
              Hash Cond: (mk.movie_id = t.id)
              ->  Seq Scan on movie_keyword mk  (cost=0.00..69693.30 rows=4523930 width=4) (actual time=0.020..1425.050 rows=4523930 loops=1)
              ->  Hash  (cost=67604.59..67604.59 rows=808770 width=4) (actual time=1449.069..1449.069 rows=812704 loops=1)
                    Buckets: 131072  Batches: 16  Memory Usage: 2819kB
                    ->  Seq Scan on title t  (cost=0.00..67604.59 rows=808770 width=4) (actual time=0.030..1179.391 rows=812704 loops=1)
                          Filter: (production_year < 1995)
                          Rows Removed by Filter: 1715608
Planning time: 1.745 ms
Execution time: 47443.843 ms
