Hash Join  (cost=52284.99..138944.89 rows=186 width=0) (actual time=1002.859..2521.313 rows=107050 loops=1)
  Hash Cond: (mk.movie_id = t.id)
  ->  Seq Scan on movie_keyword mk  (cost=0.00..69693.30 rows=4523930 width=4) (actual time=0.022..823.166 rows=4523930 loops=1)
  ->  Hash  (cost=52283.69..52283.69 rows=104 width=8) (actual time=1001.576..1001.576 rows=1923 loops=1)
        Buckets: 2048 (originally 1024)  Batches: 1 (originally 1)  Memory Usage: 92kB
        ->  Nested Loop  (cost=0.43..52283.69 rows=104 width=8) (actual time=1.539..1000.379 rows=1923 loops=1)
              ->  Seq Scan on movie_companies mc  (cost=0.00..51404.11 rows=104 width=4) (actual time=1.471..915.515 rows=1923 loops=1)
                    Filter: (company_id = 1434)
                    Rows Removed by Filter: 2607206
              ->  Index Only Scan using title_pkey on title t  (cost=0.43..8.45 rows=1 width=4) (actual time=0.043..0.043 rows=1 loops=1923)
                    Index Cond: (id = mc.movie_id)
                    Heap Fetches: 1923
Planning time: 1.130 ms
Execution time: 2533.455 ms
