Hash Join  (cost=99161.12..226718.11 rows=1454280 width=0) (actual time=2124.848..5245.054 rows=1714760 loops=1)
  Hash Cond: (mk.movie_id = t.id)
  ->  Seq Scan on movie_keyword mk  (cost=0.00..81003.12 rows=1911813 width=4) (actual time=0.019..1486.672 rows=1919595 loops=1)
        Filter: (keyword_id < 3308)
        Rows Removed by Filter: 2604335
  ->  Hash  (cost=67604.59..67604.59 rows=1923403 width=4) (actual time=2123.078..2123.078 rows=1922849 loops=1)
        Buckets: 131072  Batches: 32  Memory Usage: 3141kB
        ->  Seq Scan on title t  (cost=0.00..67604.59 rows=1923403 width=4) (actual time=0.008..1461.870 rows=1922849 loops=1)
              Filter: (production_year < 2010)
              Rows Removed by Filter: 605463
Planning time: 1.030 ms
Execution time: 5439.734 ms
