Seq Scan on movie_companies mc  (cost=0.00..57926.93 rows=869161 width=0) (actual time=376.829..1067.243 rows=684811 loops=1)
  Filter: ((company_id > 2086) AND (company_type_id < 2))
  Rows Removed by Filter: 1924318
Planning time: 0.940 ms
Execution time: 1157.497 ms
