Hash Join  (cost=90991.69..127468.09 rows=189629 width=0) (actual time=2377.290..2953.375 rows=99350 loops=1)
  Hash Cond: (mi_idx.movie_id = t.id)
  ->  Seq Scan on movie_info_idx mi_idx  (cost=0.00..25185.44 rows=460978 width=4) (actual time=0.022..435.648 rows=459925 loops=1)
        Filter: (info_type_id < 100)
        Rows Removed by Filter: 920110
  ->  Hash  (cost=73925.90..73925.90 rows=1040143 width=4) (actual time=2162.683..2162.683 rows=1134228 loops=1)
        Buckets: 131072  Batches: 16  Memory Usage: 3525kB
        ->  Seq Scan on title t  (cost=0.00..73925.90 rows=1040143 width=4) (actual time=0.015..1514.112 rows=1134228 loops=1)
              Filter: ((production_year > 1992) AND (kind_id = 7))
              Rows Removed by Filter: 1394084
Planning time: 0.713 ms
Execution time: 2962.876 ms
