Hash Join  (cost=81516.96..1183410.04 rows=6628192 width=0) (actual time=1478.105..32172.358 rows=6128900 loops=1)
  Hash Cond: (ci.movie_id = t.id)
  ->  Seq Scan on cast_info ci  (cost=0.00..614943.12 rows=36225612 width=4) (actual time=0.011..13056.030 rows=36244344 loops=1)
  ->  Hash  (cost=73925.90..73925.90 rows=462644 width=4) (actual time=1477.077..1477.077 rows=335285 loops=1)
        Buckets: 131072  Batches: 8  Memory Usage: 2503kB
        ->  Seq Scan on title t  (cost=0.00..73925.90 rows=462644 width=4) (actual time=62.413..1369.163 rows=335285 loops=1)
              Filter: ((production_year > 1990) AND (kind_id = 1))
              Rows Removed by Filter: 2193027
Planning time: 0.578 ms
Execution time: 32878.827 ms
