Hash Join  (cost=83073.46..833869.08 rows=652 width=0) (actual time=1252.501..17207.558 rows=22078 loops=1)
  Hash Cond: (ci.movie_id = t.id)
  ->  Seq Scan on cast_info ci  (cost=0.00..614943.12 rows=36225612 width=4) (actual time=0.022..8838.470 rows=36244344 loops=1)
  ->  Hash  (cost=83072.90..83072.90 rows=45 width=8) (actual time=1250.390..1250.390 rows=418 loops=1)
        Buckets: 1024  Batches: 1  Memory Usage: 25kB
        ->  Nested Loop  (cost=0.43..83072.90 rows=45 width=8) (actual time=0.745..1249.991 rows=418 loops=1)
              ->  Seq Scan on movie_keyword mk  (cost=0.00..81003.12 rows=246 width=4) (actual time=0.535..1202.990 rows=852 loops=1)
                    Filter: (keyword_id = 1651)
                    Rows Removed by Filter: 4523078
              ->  Index Scan using title_pkey on title t  (cost=0.43..8.40 rows=1 width=4) (actual time=0.054..0.054 rows=0 loops=852)
                    Index Cond: (id = mk.movie_id)
                    Filter: ((kind_id < 7) AND (production_year < 2003))
                    Rows Removed by Filter: 1
Planning time: 1.202 ms
Execution time: 17213.808 ms
