Hash Join  (cost=83074.74..447745.01 rows=1434 width=0) (actual time=1235.133..8549.255 rows=38184 loops=1)
  Hash Cond: (mi.movie_id = t.id)
  ->  Seq Scan on movie_info mi  (cost=0.00..309384.22 rows=14739122 width=4) (actual time=0.025..4504.934 rows=14835720 loops=1)
  ->  Hash  (cost=83071.67..83071.67 rows=246 width=8) (actual time=1234.226..1234.226 rows=547 loops=1)
        Buckets: 1024  Batches: 1  Memory Usage: 30kB
        ->  Nested Loop  (cost=0.43..83071.67 rows=246 width=8) (actual time=0.472..1233.732 rows=547 loops=1)
              ->  Seq Scan on movie_keyword mk  (cost=0.00..81003.12 rows=246 width=4) (actual time=0.404..1210.536 rows=547 loops=1)
                    Filter: (keyword_id = 9837)
                    Rows Removed by Filter: 4523383
              ->  Index Only Scan using title_pkey on title t  (cost=0.43..8.40 rows=1 width=4) (actual time=0.040..0.040 rows=1 loops=547)
                    Index Cond: (id = mk.movie_id)
                    Heap Fetches: 547
Planning time: 1.126 ms
Execution time: 8555.454 ms
