Hash Join  (cost=74201.27..440141.29 rows=128410 width=0) (actual time=1072.574..10036.519 rows=893595 loops=1)
  Hash Cond: (mi.movie_id = t.id)
  ->  Seq Scan on movie_info mi  (cost=0.00..309384.22 rows=14739122 width=4) (actual time=0.010..4423.780 rows=14835720 loops=1)
  ->  Hash  (cost=73925.90..73925.90 rows=22029 width=4) (actual time=1072.362..1072.362 rows=81645 loops=1)
        Buckets: 131072 (originally 32768)  Batches: 1 (originally 1)  Memory Usage: 3895kB
        ->  Seq Scan on title t  (cost=0.00..73925.90 rows=22029 width=4) (actual time=69.369..1043.170 rows=81645 loops=1)
              Filter: ((production_year < 1919) AND (kind_id = 1))
              Rows Removed by Filter: 2446667
Planning time: 0.751 ms
Execution time: 10151.310 ms
