Seq Scan on title t  (cost=0.00..73925.90 rows=7464 width=94) (actual time=828.459..1523.516 rows=5186 loops=1)
  Filter: ((kind_id = 4) AND (production_year = 2012))
  Rows Removed by Filter: 2523126
Planning time: 0.576 ms
Execution time: 1523.973 ms
