Nested Loop  (cost=0.43..83071.67 rows=246 width=0) (actual time=4.599..1113.994 rows=98 loops=1)
  ->  Seq Scan on movie_keyword mk  (cost=0.00..81003.12 rows=246 width=4) (actual time=4.544..1108.929 rows=98 loops=1)
        Filter: (keyword_id = 14577)
        Rows Removed by Filter: 4523832
  ->  Index Only Scan using title_pkey on title t  (cost=0.43..8.40 rows=1 width=4) (actual time=0.047..0.048 rows=1 loops=98)
        Index Cond: (id = mk.movie_id)
        Heap Fetches: 98
Planning time: 0.662 ms
Execution time: 1114.143 ms
