Hash Join  (cost=144743.13..663109.59 rows=3613853 width=0) (actual time=3321.594..19478.502 rows=12091674 loops=1)
  Hash Cond: (mi.movie_id = t.id)
  ->  Seq Scan on movie_info mi  (cost=0.00..309384.22 rows=14739122 width=4) (actual time=0.021..5938.724 rows=14835720 loops=1)
  ->  Hash  (cost=134571.58..134571.58 rows=619964 width=8) (actual time=3320.135..3320.135 rows=753294 loops=1)
        Buckets: 131072  Batches: 16  Memory Usage: 2881kB
        ->  Hash Join  (cost=86241.46..134571.58 rows=619964 width=8) (actual time=1515.423..3091.600 rows=753294 loops=1)
              Hash Cond: (mi_idx.movie_id = t.id)
              ->  Seq Scan on movie_info_idx mi_idx  (cost=0.00..21735.35 rows=1380035 width=4) (actual time=0.018..524.282 rows=1380035 loops=1)
              ->  Hash  (cost=67604.59..67604.59 rows=1135910 width=4) (actual time=1514.240..1514.240 rows=1133355 loops=1)
                    Buckets: 131072  Batches: 16  Memory Usage: 3516kB
                    ->  Seq Scan on title t  (cost=0.00..67604.59 rows=1135910 width=4) (actual time=0.019..1160.752 rows=1133355 loops=1)
                          Filter: (production_year < 2002)
                          Rows Removed by Filter: 1394957
Planning time: 1.099 ms
Execution time: 20947.854 ms
