Hash Join  (cost=74124.68..885060.62 rows=24518 width=0) (actual time=12831.553..17293.648 rows=33471 loops=1)
  Hash Cond: (ci.movie_id = t.id)
  ->  Seq Scan on cast_info ci  (cost=0.00..796071.18 rows=3898554 width=4) (actual time=11684.245..15240.714 rows=4187127 loops=1)
        Filter: ((person_id > 328174) AND (role_id = 10))
        Rows Removed by Filter: 32057217
  ->  Hash  (cost=73925.90..73925.90 rows=15902 width=4) (actual time=1146.821..1146.821 rows=12969 loops=1)
        Buckets: 16384  Batches: 1  Memory Usage: 584kB
        ->  Seq Scan on title t  (cost=0.00..73925.90 rows=15902 width=4) (actual time=0.234..1140.767 rows=12969 loops=1)
              Filter: ((kind_id < 7) AND (production_year = 1997))
              Rows Removed by Filter: 2515343
Planning time: 16.709 ms
Execution time: 17299.771 ms
