Hash Join  (cost=104570.16..214932.18 rows=2324908 width=0) (actual time=2586.996..5954.001 rows=2156214 loops=1)
  Hash Cond: (mc.movie_id = t.id)
  ->  Seq Scan on movie_companies mc  (cost=0.00..44881.29 rows=2609129 width=4) (actual time=0.012..985.679 rows=2609129 loops=1)
  ->  Hash  (cost=67604.59..67604.59 rows=2253086 width=4) (actual time=2585.956..2585.956 rows=2244594 loops=1)
        Buckets: 131072  Batches: 32  Memory Usage: 3493kB
        ->  Seq Scan on title t  (cost=0.00..67604.59 rows=2253086 width=4) (actual time=0.023..1563.937 rows=2244594 loops=1)
              Filter: (production_year > 1956)
              Rows Removed by Filter: 283718
Planning time: 0.650 ms
Execution time: 6206.594 ms
