Hash Join  (cost=224534.01..386382.57 rows=2806361 width=0) (actual time=5514.767..10094.825 rows=4504097 loops=1)
  Hash Cond: (mk.movie_id = t.id)
  ->  Seq Scan on movie_keyword mk  (cost=0.00..69693.30 rows=4523930 width=4) (actual time=0.022..1449.427 rows=4523930 loops=1)
  ->  Hash  (cost=198799.27..198799.27 rows=1568539 width=8) (actual time=5512.738..5512.738 rows=1119781 loops=1)
        Buckets: 131072  Batches: 32  Memory Usage: 2370kB
        ->  Hash Join  (cost=98864.94..198799.27 rows=1568539 width=8) (actual time=2402.249..5178.043 rows=1119781 loops=1)
              Hash Cond: (mc.movie_id = t.id)
              ->  Seq Scan on movie_companies mc  (cost=0.00..44881.29 rows=2609129 width=4) (actual time=0.019..917.890 rows=2609129 loops=1)
              ->  Hash  (cost=73925.90..73925.90 rows=1520083 width=4) (actual time=2400.828..2400.828 rows=1507233 loops=1)
                    Buckets: 131072  Batches: 32  Memory Usage: 2679kB
                    ->  Seq Scan on title t  (cost=0.00..73925.90 rows=1520083 width=4) (actual time=0.027..1604.644 rows=1507233 loops=1)
                          Filter: ((kind_id > 1) AND (production_year < 2011))
                          Rows Removed by Filter: 1021079
Planning time: 1.132 ms
Execution time: 10584.947 ms
