Hash Join  (cost=192242.43..569242.15 rows=371788 width=0) (actual time=4917.282..18484.784 rows=30521181 loops=1)
  Hash Cond: (mi.movie_id = t.id)
  ->  Seq Scan on movie_info mi  (cost=0.00..346232.03 rows=2194617 width=4) (actual time=0.019..5663.655 rows=2233850 loops=1)
        Filter: (info_type_id > 16)
        Rows Removed by Filter: 12601870
  ->  Hash  (cost=185214.00..185214.00 rows=428355 width=8) (actual time=4766.946..4766.946 rows=1018370 loops=1)
        Buckets: 131072 (originally 131072)  Batches: 16 (originally 8)  Memory Usage: 3643kB
        ->  Hash Join  (cost=78556.72..185214.00 rows=428355 width=8) (actual time=1313.585..4386.578 rows=1018370 loops=1)
              Hash Cond: (mk.movie_id = t.id)
              ->  Seq Scan on movie_keyword mk  (cost=0.00..81003.12 rows=1622559 width=4) (actual time=0.023..1457.022 rows=1631930 loops=1)
                    Filter: (keyword_id > 9103)
                    Rows Removed by Filter: 2892000
              ->  Hash  (cost=67604.59..67604.59 rows=667531 width=4) (actual time=1312.360..1312.360 rows=662825 loops=1)
                    Buckets: 131072  Batches: 16  Memory Usage: 2486kB
                    ->  Seq Scan on title t  (cost=0.00..67604.59 rows=667531 width=4) (actual time=286.417..1103.490 rows=662825 loops=1)
                          Filter: (kind_id < 2)
                          Rows Removed by Filter: 1865487
Planning time: 1.078 ms
Execution time: 21859.540 ms
