Seq Scan on cast_info ci  (cost=0.00..705507.15 rows=500 width=0) (actual time=1151.034..10514.370 rows=313 loops=1)
  Filter: (person_id = 220268)
  Rows Removed by Filter: 36244031
Planning time: 0.354 ms
Execution time: 10514.486 ms
