Hash Join  (cost=160250.35..287584.86 rows=437647 width=0) (actual time=4148.167..10135.695 rows=10090191 loops=1)
  Hash Cond: (mk.movie_id = t.id)
  ->  Seq Scan on movie_keyword mk  (cost=0.00..69693.30 rows=4523930 width=4) (actual time=0.022..1339.744 rows=4523930 loops=1)
  ->  Hash  (cost=156236.71..156236.71 rows=244611 width=8) (actual time=4147.060..4147.060 rows=714534 loops=1)
        Buckets: 131072 (originally 131072)  Batches: 8 (originally 4)  Memory Usage: 4567kB
        ->  Hash Join  (cost=77815.08..156236.71 rows=244611 width=8) (actual time=1460.061..3897.535 rows=714534 loops=1)
              Hash Cond: (mc.movie_id = t.id)
              ->  Seq Scan on movie_companies mc  (cost=0.00..44881.29 rows=2609129 width=4) (actual time=0.023..891.377 rows=2609129 loops=1)
              ->  Hash  (cost=73925.90..73925.90 rows=237054 width=4) (actual time=1459.205..1459.205 rows=349645 loops=1)
                    Buckets: 131072 (originally 131072)  Batches: 8 (originally 4)  Memory Usage: 3073kB
                    ->  Seq Scan on title t  (cost=0.00..73925.90 rows=237054 width=4) (actual time=0.026..1078.435 rows=349645 loops=1)
                          Filter: ((kind_id < 7) AND (production_year < 1986))
                          Rows Removed by Filter: 2178667
Planning time: 1.095 ms
Execution time: 11365.245 ms
