Seq Scan on cast_info ci  (cost=0.00..796071.18 rows=25670277 width=0) (actual time=3391.999..17479.599 rows=25514716 loops=1)
  Filter: ((person_id > 351372) AND (role_id < 8))
  Rows Removed by Filter: 10729628
Planning time: 0.361 ms
Execution time: 20620.900 ms
