Hash Join  (cost=74050.79..204617.35 rows=702952 width=0) (actual time=1167.977..4455.985 rows=299534 loops=1)
  Hash Cond: (mk.movie_id = t.id)
  ->  Seq Scan on movie_keyword mk  (cost=0.00..69693.30 rows=4523930 width=4) (actual time=0.023..1364.267 rows=4523930 loops=1)
  ->  Hash  (cost=67604.59..67604.59 rows=392896 width=4) (actual time=1162.342..1162.342 rows=391666 loops=1)
        Buckets: 131072  Batches: 8  Memory Usage: 2759kB
        ->  Seq Scan on title t  (cost=0.00..67604.59 rows=392896 width=4) (actual time=0.024..1031.973 rows=391666 loops=1)
              Filter: (production_year > 2010)
              Rows Removed by Filter: 2136646
Planning time: 0.812 ms
Execution time: 4494.061 ms
