Seq Scan on movie_companies mc  (cost=0.00..57926.93 rows=356732 width=0) (actual time=101.235..897.835 rows=197691 loops=1)
  Filter: ((company_id < 1263) AND (company_type_id > 1))
  Rows Removed by Filter: 2411438
Planning time: 0.310 ms
Execution time: 923.159 ms
