Nested Loop  (cost=0.43..58375.18 rows=53 width=0) (actual time=553.525..800.699 rows=5 loops=1)
  ->  Seq Scan on movie_companies mc  (cost=0.00..57926.93 rows=53 width=4) (actual time=553.425..800.353 rows=5 loops=1)
        Filter: ((company_id = 1710) AND (company_type_id = 2))
        Rows Removed by Filter: 2609124
  ->  Index Only Scan using title_pkey on title t  (cost=0.43..8.45 rows=1 width=4) (actual time=0.061..0.062 rows=1 loops=5)
        Index Cond: (id = mc.movie_id)
        Heap Fetches: 5
Planning time: 0.747 ms
Execution time: 800.773 ms
