Hash Join  (cost=255495.18..851841.08 rows=9195308 width=0) (actual time=5268.401..18721.792 rows=3715016 loops=1)
  Hash Cond: (mi.movie_id = t.id)
  ->  Seq Scan on movie_info mi  (cost=0.00..309384.22 rows=14739122 width=4) (actual time=0.018..6103.705 rows=14835720 loops=1)
  ->  Hash  (cost=229613.76..229613.76 rows=1577474 width=8) (actual time=5208.756..5208.756 rows=355231 loops=1)
        Buckets: 131072  Batches: 32  Memory Usage: 1449kB
        ->  Hash Join  (cost=88391.98..229613.76 rows=1577474 width=8) (actual time=2949.172..5097.794 rows=355231 loops=1)
              Hash Cond: (mk.movie_id = t.id)
              ->  Seq Scan on movie_keyword mk  (cost=0.00..69693.30 rows=4523930 width=4) (actual time=0.030..1385.932 rows=4523930 loops=1)
              ->  Hash  (cost=73925.90..73925.90 rows=881686 width=4) (actual time=1588.950..1588.950 rows=801513 loops=1)
                    Buckets: 131072  Batches: 16  Memory Usage: 2792kB
                    ->  Seq Scan on title t  (cost=0.00..73925.90 rows=881686 width=4) (actual time=0.022..1330.118 rows=801513 loops=1)
                          Filter: ((production_year < 2006) AND (kind_id = 7))
                          Rows Removed by Filter: 1726799
Planning time: 1.156 ms
Execution time: 19108.102 ms
