Hash Join  (cost=102767.86..249795.01 rows=2333294 width=0) (actual time=2219.820..5835.927 rows=2332909 loops=1)
  Hash Cond: (mk.movie_id = t.id)
  ->  Seq Scan on movie_keyword mk  (cost=0.00..81003.12 rows=2333294 width=4) (actual time=0.023..1602.259 rows=2332909 loops=1)
        Filter: (keyword_id > 4333)
        Rows Removed by Filter: 2191021
  ->  Hash  (cost=61283.27..61283.27 rows=2528527 width=4) (actual time=2217.385..2217.385 rows=2528312 loops=1)
        Buckets: 131072  Batches: 64  Memory Usage: 2425kB
        ->  Seq Scan on title t  (cost=0.00..61283.27 rows=2528527 width=4) (actual time=0.015..1075.749 rows=2528312 loops=1)
Planning time: 0.706 ms
Execution time: 6085.555 ms
