Hash Join  (cost=96190.11..156445.83 rows=8722 width=0) (actual time=1807.497..3032.099 rows=46982 loops=1)
  Hash Cond: (mc.movie_id = t.id)
  ->  Seq Scan on movie_companies mc  (cost=0.00..57926.93 rows=597749 width=4) (actual time=76.103..1099.903 rows=806930 loops=1)
        Filter: ((company_id < 11137) AND (company_type_id = 1))
        Rows Removed by Filter: 1802199
  ->  Hash  (cost=95728.95..95728.95 rows=36893 width=8) (actual time=1730.879..1730.879 rows=45309 loops=1)
        Buckets: 65536  Batches: 1  Memory Usage: 2282kB
        ->  Hash Join  (cost=68449.54..95728.95 rows=36893 width=8) (actual time=1086.464..1715.183 rows=45309 loops=1)
              Hash Cond: (mi_idx.movie_id = t.id)
              ->  Seq Scan on movie_info_idx mi_idx  (cost=0.00..21735.35 rows=1380035 width=4) (actual time=0.020..283.790 rows=1380035 loops=1)
              ->  Hash  (cost=67604.59..67604.59 rows=67596 width=4) (actual time=1085.770..1085.770 rows=67777 loops=1)
                    Buckets: 131072  Batches: 1  Memory Usage: 3407kB
                    ->  Seq Scan on title t  (cost=0.00..67604.59 rows=67596 width=4) (actual time=0.034..1057.406 rows=67777 loops=1)
                          Filter: (production_year = 2003)
                          Rows Removed by Filter: 2460535
Planning time: 0.972 ms
Execution time: 3038.668 ms
