Seq Scan on title t  (cost=0.00..73925.90 rows=529121 width=0) (actual time=0.012..1218.437 rows=594471 loops=1)
  Filter: ((kind_id < 4) AND (production_year < 2007))
  Rows Removed by Filter: 1933841
Planning time: 0.324 ms
Execution time: 1297.429 ms
