Hash Join  (cost=561776.99..1686827.89 rows=16924519 width=0) (actual time=12789.570..47463.066 rows=33454883 loops=1)
  Hash Cond: (ci.movie_id = t.id)
  ->  Seq Scan on cast_info ci  (cost=0.00..705507.15 rows=18842919 width=4) (actual time=0.019..14679.873 rows=18734110 loops=1)
        Filter: (person_id < 1867093)
        Rows Removed by Filter: 17510234
  ->  Hash  (cost=524516.27..524516.27 rows=2271097 width=8) (actual time=12788.460..12788.460 rows=2874211 loops=1)
        Buckets: 131072 (originally 131072)  Batches: 64 (originally 32)  Memory Usage: 3073kB
        ->  Hash Join  (cost=83580.70..524516.27 rows=2271097 width=8) (actual time=2426.262..11911.241 rows=2874211 loops=1)
              Hash Cond: (mi.movie_id = t.id)
              ->  Seq Scan on movie_info mi  (cost=0.00..346232.03 rows=5897221 width=4) (actual time=959.030..6319.598 rows=5884963 loops=1)
                    Filter: (info_type_id < 7)
                    Rows Removed by Filter: 8950757
              ->  Hash  (cost=67604.59..67604.59 rows=973769 width=4) (actual time=1466.341..1466.341 rows=971188 loops=1)
                    Buckets: 131072  Batches: 16  Memory Usage: 3169kB
                    ->  Seq Scan on title t  (cost=0.00..67604.59 rows=973769 width=4) (actual time=0.018..1135.272 rows=971188 loops=1)
                          Filter: (production_year < 1999)
                          Rows Removed by Filter: 1557124
Planning time: 2.193 ms
Execution time: 51029.712 ms
