Nested Loop  (cost=0.43..709674.40 rows=161 width=0) (actual time=7335.568..10911.654 rows=15 loops=1)
  ->  Seq Scan on cast_info ci  (cost=0.00..705507.15 rows=500 width=4) (actual time=7335.510..10910.883 rows=32 loops=1)
        Filter: (person_id = 2409943)
        Rows Removed by Filter: 36244312
  ->  Index Scan using title_pkey on title t  (cost=0.43..8.32 rows=1 width=4) (actual time=0.023..0.023 rows=0 loops=32)
        Index Cond: (id = ci.movie_id)
        Filter: ((kind_id > 1) AND (production_year > 2004))
        Rows Removed by Filter: 1
Planning time: 0.813 ms
Execution time: 10911.769 ms
