Hash Join  (cost=170550.96..208968.55 rows=42211 width=0) (actual time=2876.605..3774.965 rows=170800 loops=1)
  Hash Cond: (mi_idx.movie_id = t.id)
  ->  Seq Scan on movie_info_idx mi_idx  (cost=0.00..21735.35 rows=1380035 width=4) (actual time=0.015..411.565 rows=1380035 loops=1)
  ->  Hash  (cost=169281.21..169281.21 rows=77340 width=8) (actual time=2875.744..2875.744 rows=93287 loops=1)
        Buckets: 131072  Batches: 2  Memory Usage: 2826kB
        ->  Hash Join  (cost=79715.19..169281.21 rows=77340 width=8) (actual time=1246.277..2846.383 rows=93287 loops=1)
              Hash Cond: (mk.movie_id = t.id)
              ->  Seq Scan on movie_keyword mk  (cost=0.00..81003.12 rows=554264 width=4) (actual time=0.022..1285.688 rows=555726 loops=1)
                    Filter: (keyword_id < 398)
                    Rows Removed by Filter: 3968204
              ->  Hash  (cost=73925.90..73925.90 rows=352823 width=4) (actual time=1245.007..1245.007 rows=302088 loops=1)
                    Buckets: 131072  Batches: 8  Memory Usage: 2349kB
                    ->  Seq Scan on title t  (cost=0.00..73925.90 rows=352823 width=4) (actual time=0.031..1143.167 rows=302088 loops=1)
                          Filter: ((kind_id < 7) AND (production_year > 2006))
                          Rows Removed by Filter: 2226224
Planning time: 1.154 ms
Execution time: 3797.749 ms
