Hash Join  (cost=69460.45..187984.09 rows=138106 width=0) (actual time=1150.440..3780.289 rows=123881 loops=1)
  Hash Cond: (mk.movie_id = t.id)
  ->  Seq Scan on movie_keyword mk  (cost=0.00..81003.12 rows=3087321 width=4) (actual time=0.015..1655.365 rows=3068778 loops=1)
        Filter: (keyword_id > 2048)
        Rows Removed by Filter: 1455152
  ->  Hash  (cost=67604.59..67604.59 rows=113109 width=4) (actual time=1149.633..1149.633 rows=119565 loops=1)
        Buckets: 131072  Batches: 2  Memory Usage: 3121kB
        ->  Seq Scan on title t  (cost=0.00..67604.59 rows=113109 width=4) (actual time=0.021..1102.884 rows=119565 loops=1)
              Filter: (production_year = 2007)
              Rows Removed by Filter: 2408747
Planning time: 0.711 ms
Execution time: 3796.540 ms
