Hash Join  (cost=80166.74..953451.46 rows=1914485 width=0) (actual time=1336.659..22839.836 rows=2855035 loops=1)
  Hash Cond: (ci.movie_id = t.id)
  ->  Seq Scan on cast_info ci  (cost=0.00..705507.15 rows=12726058 width=4) (actual time=0.016..14523.028 rows=12670688 loops=1)
        Filter: (role_id < 2)
        Rows Removed by Filter: 23573656
  ->  Hash  (cost=73925.90..73925.90 rows=380387 width=4) (actual time=1335.695..1335.695 rows=484820 loops=1)
        Buckets: 131072  Batches: 8  Memory Usage: 3166kB
        ->  Seq Scan on title t  (cost=0.00..73925.90 rows=380387 width=4) (actual time=0.021..1195.944 rows=484820 loops=1)
              Filter: ((kind_id < 7) AND (production_year < 1999))
              Rows Removed by Filter: 2043492
Planning time: 0.608 ms
Execution time: 23169.550 ms
