Hash Join  (cost=250365.47..1541625.75 rows=20654312 width=0) (actual time=5449.589..39574.329 rows=14911663 loops=1)
  Hash Cond: (ci.movie_id = t.id)
  ->  Seq Scan on cast_info ci  (cost=0.00..614943.12 rows=36225612 width=4) (actual time=0.014..13641.264 rows=36244344 loops=1)
  ->  Hash  (cost=226712.73..226712.73 rows=1441659 width=8) (actual time=5447.957..5447.957 rows=365019 loops=1)
        Buckets: 131072  Batches: 32  Memory Usage: 1483kB
        ->  Hash Join  (cost=87146.10..226712.73 rows=1441659 width=8) (actual time=3304.191..5348.468 rows=365019 loops=1)
              Hash Cond: (mk.movie_id = t.id)
              ->  Seq Scan on movie_keyword mk  (cost=0.00..69693.30 rows=4523930 width=4) (actual time=0.027..1551.903 rows=4523930 loops=1)
              ->  Hash  (cost=73925.90..73925.90 rows=805776 width=4) (actual time=1713.932..1713.932 rows=881945 loops=1)
                    Buckets: 131072  Batches: 16  Memory Usage: 2976kB
                    ->  Seq Scan on title t  (cost=0.00..73925.90 rows=805776 width=4) (actual time=0.030..1422.226 rows=881945 loops=1)
                          Filter: ((production_year > 2001) AND (kind_id = 7))
                          Rows Removed by Filter: 1646367
Planning time: 1.234 ms
Execution time: 41340.798 ms
