Seq Scan on cast_info ci  (cost=0.00..705507.15 rows=24350189 width=0) (actual time=0.024..12756.215 rows=24291844 loops=1)
  Filter: (person_id < 2494377)
  Rows Removed by Filter: 11952500
Planning time: 0.308 ms
Execution time: 15736.132 ms
