Hash Join  (cost=110878.98..1157593.16 rows=1256804 width=0) (actual time=2369.936..28598.868 rows=2090545 loops=1)
  Hash Cond: (ci.movie_id = t.id)
  ->  Seq Scan on cast_info ci  (cost=0.00..614943.12 rows=36225612 width=4) (actual time=0.018..13418.061 rows=36244344 loops=1)
  ->  Hash  (cost=109439.43..109439.43 rows=87724 width=8) (actual time=2368.989..2368.989 rows=62055 loops=1)
        Buckets: 131072  Batches: 2  Memory Usage: 2230kB
        ->  Hash Join  (cost=70241.71..109439.43 rows=87724 width=8) (actual time=1238.734..2348.340 rows=62055 loops=1)
              Hash Cond: (mi_idx.movie_id = t.id)
              ->  Seq Scan on movie_info_idx mi_idx  (cost=0.00..21735.35 rows=1380035 width=4) (actual time=0.029..544.874 rows=1380035 loops=1)
              ->  Hash  (cost=67604.59..67604.59 rows=160730 width=4) (actual time=1237.836..1237.836 rows=160017 loops=1)
                    Buckets: 131072  Batches: 4  Memory Usage: 2436kB
                    ->  Seq Scan on title t  (cost=0.00..67604.59 rows=160730 width=4) (actual time=0.022..1178.882 rows=160017 loops=1)
                          Filter: (production_year = 2011)
                          Rows Removed by Filter: 2368295
Planning time: 1.028 ms
Execution time: 28858.278 ms
