Hash Join  (cost=219289.06..671936.59 rows=2966384 width=0) (actual time=5191.098..15808.728 rows=7413531 loops=1)
  Hash Cond: (mi.movie_id = t.id)
  ->  Seq Scan on movie_info mi  (cost=0.00..346232.03 rows=6231111 width=4) (actual time=0.024..5605.070 rows=6223494 loops=1)
        Filter: (info_type_id > 8)
        Rows Removed by Filter: 8612226
  ->  Hash  (cost=199539.42..199539.42 rows=1203731 width=8) (actual time=5190.134..5190.134 rows=1084896 loops=1)
        Buckets: 131072  Batches: 16  Memory Usage: 3675kB
        ->  Hash Join  (cost=102767.86..199539.42 rows=1203731 width=8) (actual time=2494.619..4869.118 rows=1084896 loops=1)
              Hash Cond: (mc.movie_id = t.id)
              ->  Seq Scan on movie_companies mc  (cost=0.00..57926.93 rows=1203731 width=4) (actual time=175.033..1256.130 rows=1084896 loops=1)
                    Filter: ((company_id < 101193) AND (company_type_id = 2))
                    Rows Removed by Filter: 1524233
              ->  Hash  (cost=61283.27..61283.27 rows=2528527 width=4) (actual time=2318.192..2318.192 rows=2528312 loops=1)
                    Buckets: 131072  Batches: 64  Memory Usage: 2415kB
                    ->  Seq Scan on title t  (cost=0.00..61283.27 rows=2528527 width=4) (actual time=0.021..1176.074 rows=2528312 loops=1)
Planning time: 1.173 ms
Execution time: 16608.296 ms
