Hash Join  (cost=102767.86..280380.35 rows=3604392 width=0) (actual time=2305.391..9313.819 rows=3612388 loops=1)
  Hash Cond: (mk.movie_id = t.id)
  ->  Seq Scan on movie_keyword mk  (cost=0.00..81003.12 rows=3604392 width=4) (actual time=0.027..1790.324 rows=3612388 loops=1)
        Filter: (keyword_id < 20342)
        Rows Removed by Filter: 911542
  ->  Hash  (cost=61283.27..61283.27 rows=2528527 width=4) (actual time=2302.827..2302.827 rows=2528312 loops=1)
        Buckets: 131072  Batches: 64  Memory Usage: 2425kB
        ->  Seq Scan on title t  (cost=0.00..61283.27 rows=2528527 width=4) (actual time=0.026..1140.728 rows=2528312 loops=1)
Planning time: 0.644 ms
Execution time: 9731.469 ms
