Seq Scan on title t  (cost=0.00..73925.90 rows=28608 width=0) (actual time=0.025..1222.701 rows=32134 loops=1)
  Filter: ((kind_id = 7) AND (production_year = 1998))
  Rows Removed by Filter: 2496178
Planning time: 0.416 ms
Execution time: 1228.430 ms
