Seq Scan on title t  (cost=0.00..73925.90 rows=1674525 width=0) (actual time=0.015..1332.873 rows=1666241 loops=1)
  Filter: ((kind_id > 2) AND (production_year < 2013))
  Rows Removed by Filter: 862071
Planning time: 0.349 ms
Execution time: 1548.460 ms
