Hash Join  (cost=128753.29..493681.79 rows=27257 width=0) (actual time=2655.499..10184.392 rows=51961 loops=1)
  Hash Cond: (mi.movie_id = t.id)
  ->  Seq Scan on movie_info mi  (cost=0.00..309384.22 rows=14739122 width=4) (actual time=0.017..4812.042 rows=14835720 loops=1)
  ->  Hash  (cost=128694.84..128694.84 rows=4676 width=8) (actual time=2253.899..2253.899 rows=6221 loops=1)
        Buckets: 8192  Batches: 1  Memory Usage: 308kB
        ->  Hash Join  (cost=73982.55..128694.84 rows=4676 width=8) (actual time=1616.934..2251.877 rows=6221 loops=1)
              Hash Cond: (mc.movie_id = t.id)
              ->  Seq Scan on movie_companies mc  (cost=0.00..44881.29 rows=2609129 width=4) (actual time=0.024..556.118 rows=2609129 loops=1)
              ->  Hash  (cost=73925.90..73925.90 rows=4532 width=4) (actual time=1210.265..1210.265 rows=13632 loops=1)
                    Buckets: 16384 (originally 8192)  Batches: 1 (originally 1)  Memory Usage: 608kB
                    ->  Seq Scan on title t  (cost=0.00..73925.90 rows=4532 width=4) (actual time=0.076..1203.731 rows=13632 loops=1)
                          Filter: ((kind_id = 7) AND (production_year = 1990))
                          Rows Removed by Filter: 2514680
Planning time: 2.362 ms
Execution time: 10191.880 ms
