Seq Scan on title t  (cost=0.00..73925.90 rows=779382 width=0) (actual time=0.022..1327.816 rows=689555 loops=1)
  Filter: ((kind_id < 7) AND (production_year > 1976))
  Rows Removed by Filter: 1838757
Planning time: 0.352 ms
Execution time: 1414.205 ms
