Seq Scan on cast_info ci  (cost=0.00..796071.18 rows=3035454 width=0) (actual time=11949.544..14011.476 rows=2430553 loops=1)
  Filter: ((person_id < 2817824) AND (role_id = 3))
  Rows Removed by Filter: 33813791
Planning time: 0.375 ms
Execution time: 14271.921 ms
