Hash Join  (cost=78593.13..206795.85 rows=508868 width=0) (actual time=4622.201..8236.865 rows=1825104 loops=1)
  Hash Cond: (mk.movie_id = t.id)
  ->  Seq Scan on movie_keyword mk  (cost=0.00..69693.30 rows=4523930 width=4) (actual time=0.016..1355.278 rows=4523930 loops=1)
  ->  Hash  (cost=73925.90..73925.90 rows=284418 width=4) (actual time=4277.977..4277.977 rows=382296 loops=1)
        Buckets: 131072 (originally 131072)  Batches: 8 (originally 4)  Memory Usage: 3073kB
        ->  Seq Scan on title t  (cost=0.00..73925.90 rows=284418 width=4) (actual time=0.010..4127.880 rows=382296 loops=1)
              Filter: ((production_year < 2001) AND (kind_id = 1))
              Rows Removed by Filter: 2146016
Planning time: 2.470 ms
Execution time: 8450.515 ms
