Hash Join  (cost=101266.48..157516.72 rows=4794 width=0) (actual time=2124.811..2862.884 rows=7224 loops=1)
  Hash Cond: (mc.movie_id = t.id)
  ->  Seq Scan on movie_companies mc  (cost=0.00..51404.11 rows=1279517 width=4) (actual time=157.124..916.933 rows=1274246 loops=1)
        Filter: (company_type_id = 1)
        Rows Removed by Filter: 1334883
  ->  Hash  (cost=101148.07..101148.07 rows=9473 width=8) (actual time=1741.349..1741.349 rows=4461 loops=1)
        Buckets: 16384  Batches: 1  Memory Usage: 303kB
        ->  Hash Join  (cost=74142.85..101148.07 rows=9473 width=8) (actual time=1195.732..1739.440 rows=4461 loops=1)
              Hash Cond: (mi_idx.movie_id = t.id)
              ->  Seq Scan on movie_info_idx mi_idx  (cost=0.00..21735.35 rows=1380035 width=4) (actual time=0.031..317.225 rows=1380035 loops=1)
              ->  Hash  (cost=73925.90..73925.90 rows=17356 width=4) (actual time=1129.338..1129.338 rows=18804 loops=1)
                    Buckets: 32768  Batches: 1  Memory Usage: 918kB
                    ->  Seq Scan on title t  (cost=0.00..73925.90 rows=17356 width=4) (actual time=0.048..1121.650 rows=18804 loops=1)
                          Filter: ((kind_id = 1) AND (production_year = 2013))
                          Rows Removed by Filter: 2509508
Planning time: 1.196 ms
Execution time: 2864.036 ms
