Seq Scan on title t  (cost=0.00..73925.90 rows=548755 width=0) (actual time=69.842..1159.122 rows=425249 loops=1)
  Filter: ((production_year > 1970) AND (kind_id = 1))
  Rows Removed by Filter: 2103063
Planning time: 0.350 ms
Execution time: 1209.681 ms
