Seq Scan on movie_companies mc  (cost=0.00..51404.11 rows=1184407 width=0) (actual time=0.026..1053.800 rows=1195058 loops=1)
  Filter: (company_id > 12420)
  Rows Removed by Filter: 1414071
Planning time: 1.584 ms
Execution time: 1209.728 ms
