Seq Scan on movie_companies mc  (cost=0.00..57926.93 rows=674915 width=0) (actual time=0.056..999.764 rows=918953 loops=1)
  Filter: ((company_id > 11203) AND (company_type_id > 1))
  Rows Removed by Filter: 1690176
Planning time: 0.314 ms
Execution time: 1109.412 ms
