Hash Join  (cost=78930.19..113453.02 rows=126827 width=0) (actual time=1323.534..2188.813 rows=150725 loops=1)
  Hash Cond: (mi_idx.movie_id = t.id)
  ->  Seq Scan on movie_info_idx mi_idx  (cost=0.00..25185.44 rows=464566 width=4) (actual time=0.023..527.532 rows=459925 loops=1)
        Filter: (info_type_id = 101)
        Rows Removed by Filter: 920110
  ->  Hash  (cost=67604.59..67604.59 rows=690288 width=4) (actual time=1322.455..1322.455 rows=684146 loops=1)
        Buckets: 131072  Batches: 16  Memory Usage: 2525kB
        ->  Seq Scan on title t  (cost=0.00..67604.59 rows=690288 width=4) (actual time=0.021..1094.465 rows=684146 loops=1)
              Filter: (production_year < 1990)
              Rows Removed by Filter: 1844166
Planning time: 0.663 ms
Execution time: 2203.419 ms
