Seq Scan on cast_info ci  (cost=0.00..705507.15 rows=7493554 width=0) (actual time=321.868..10837.047 rows=7420848 loops=1)
  Filter: (person_id < 718120)
  Rows Removed by Filter: 28823496
Planning time: 0.256 ms
Execution time: 11780.426 ms
