Nested Loop  (cost=0.43..797555.70 rows=176 width=0) (actual time=1075.718..10631.922 rows=213 loops=1)
  ->  Seq Scan on cast_info ci  (cost=0.00..796071.18 rows=176 width=4) (actual time=1075.616..10614.271 rows=213 loops=1)
        Filter: ((person_id = 1439241) AND (role_id = 1))
        Rows Removed by Filter: 36244131
  ->  Index Only Scan using title_pkey on title t  (cost=0.43..8.42 rows=1 width=4) (actual time=0.082..0.082 rows=1 loops=213)
        Index Cond: (id = ci.movie_id)
        Heap Fetches: 213
Planning time: 0.744 ms
Execution time: 10632.074 ms
