Hash Join  (cost=73962.22..424949.23 rows=1452 width=0) (actual time=2904.782..6925.635 rows=3343 loops=1)
  Hash Cond: (mi.movie_id = t.id)
  ->  Seq Scan on movie_info mi  (cost=0.00..346232.03 rows=1264125 width=4) (actual time=1670.893..5485.351 rows=1288928 loops=1)
        Filter: (info_type_id = 2)
        Rows Removed by Filter: 13546792
  ->  Hash  (cost=73925.90..73925.90 rows=2905 width=4) (actual time=1232.894..1232.894 rows=3835 loops=1)
        Buckets: 4096  Batches: 1  Memory Usage: 167kB
        ->  Seq Scan on title t  (cost=0.00..73925.90 rows=2905 width=4) (actual time=0.763..1230.793 rows=3835 loops=1)
              Filter: ((kind_id < 7) AND (production_year = 1959))
              Rows Removed by Filter: 2524477
Planning time: 0.776 ms
Execution time: 6926.481 ms
