Hash Join  (cost=92128.39..140210.25 rows=605538 width=0) (actual time=2083.666..3021.411 rows=324600 loops=1)
  Hash Cond: (mi_idx.movie_id = t.id)
  ->  Seq Scan on movie_info_idx mi_idx  (cost=0.00..21735.35 rows=1380035 width=4) (actual time=0.028..448.005 rows=1380035 loops=1)
  ->  Hash  (cost=73925.90..73925.90 rows=1109479 width=4) (actual time=1659.781..1659.781 rows=1201090 loops=1)
        Buckets: 131072  Batches: 16  Memory Usage: 3674kB
        ->  Seq Scan on title t  (cost=0.00..73925.90 rows=1109479 width=4) (actual time=0.030..1284.493 rows=1201090 loops=1)
              Filter: ((production_year > 1987) AND (kind_id = 7))
              Rows Removed by Filter: 1327222
Planning time: 0.794 ms
Execution time: 3059.323 ms
