Nested Loop  (cost=0.43..709671.90 rows=500 width=0) (actual time=974.591..11119.743 rows=43 loops=1)
  ->  Seq Scan on cast_info ci  (cost=0.00..705507.15 rows=500 width=4) (actual time=974.501..11119.066 rows=43 loops=1)
        Filter: (person_id = 3207623)
        Rows Removed by Filter: 36244301
  ->  Index Only Scan using title_pkey on title t  (cost=0.43..8.32 rows=1 width=4) (actual time=0.014..0.015 rows=1 loops=43)
        Index Cond: (id = ci.movie_id)
        Heap Fetches: 43
Planning time: 0.694 ms
Execution time: 11119.828 ms
