Seq Scan on movie_keyword mk  (cost=0.00..81003.12 rows=246 width=0) (actual time=0.645..1295.951 rows=977 loops=1)
  Filter: (keyword_id = 4966)
  Rows Removed by Filter: 4522953
Planning time: 0.415 ms
Execution time: 1296.373 ms
