Hash Join  (cost=162456.25..541408.60 rows=156478 width=0) (actual time=4678.572..10110.509 rows=68223 loops=1)
  Hash Cond: (mi.movie_id = t.id)
  ->  Seq Scan on movie_info mi  (cost=0.00..346232.03 rows=6231111 width=4) (actual time=0.010..5969.272 rows=6223494 loops=1)
        Filter: (info_type_id > 8)
        Rows Removed by Filter: 8612226
  ->  Hash  (cost=161662.54..161662.54 rows=63497 width=8) (actual time=3020.446..3020.446 rows=12851 loops=1)
        Buckets: 65536  Batches: 1  Memory Usage: 1014kB
        ->  Hash Join  (cost=74369.53..161662.54 rows=63497 width=8) (actual time=1365.483..3017.562 rows=12851 loops=1)
              Hash Cond: (mk.movie_id = t.id)
              ->  Seq Scan on movie_keyword mk  (cost=0.00..69693.30 rows=4523930 width=4) (actual time=0.016..867.312 rows=4523930 loops=1)
              ->  Hash  (cost=73925.90..73925.90 rows=35490 width=4) (actual time=1364.099..1364.099 rows=39698 loops=1)
                    Buckets: 65536  Batches: 1  Memory Usage: 1908kB
                    ->  Seq Scan on title t  (cost=0.00..73925.90 rows=35490 width=4) (actual time=0.047..1347.557 rows=39698 loops=1)
                          Filter: ((kind_id = 7) AND (production_year = 2001))
                          Rows Removed by Filter: 2488614
Planning time: 1.105 ms
Execution time: 10119.790 ms
