Hash Join  (cost=218817.17..1038380.10 rows=2140237 width=0) (actual time=11068.313..21421.964 rows=4353894 loops=1)
  Hash Cond: (ci.movie_id = t.id)
  ->  Seq Scan on cast_info ci  (cost=0.00..705507.15 rows=6995481 width=4) (actual time=5905.763..11945.282 rows=7063846 loops=1)
        Filter: (person_id > 2959451)
        Rows Removed by Filter: 29180498
  ->  Hash  (cost=206125.27..206125.27 rows=773592 width=8) (actual time=5161.281..5161.281 rows=1076130 loops=1)
        Buckets: 131072  Batches: 16  Memory Usage: 3704kB
        ->  Hash Join  (cost=74698.31..206125.27 rows=773592 width=8) (actual time=1300.936..4863.002 rows=1076130 loops=1)
              Hash Cond: (mk.movie_id = t.id)
              ->  Seq Scan on movie_keyword mk  (cost=0.00..69693.30 rows=4523930 width=4) (actual time=0.026..1510.290 rows=4523930 loops=1)
              ->  Hash  (cost=67604.59..67604.59 rows=432378 width=4) (actual time=1299.719..1299.719 rows=423779 loops=1)
                    Buckets: 131072  Batches: 8  Memory Usage: 2891kB
                    ->  Seq Scan on title t  (cost=0.00..67604.59 rows=432378 width=4) (actual time=0.026..1141.148 rows=423779 loops=1)
                          Filter: (production_year < 1974)
                          Rows Removed by Filter: 2104533
Planning time: 0.809 ms
Execution time: 21844.060 ms
