Hash Join  (cost=74050.79..154689.51 rows=405420 width=0) (actual time=1378.448..4030.266 rows=294635 loops=1)
  Hash Cond: (mc.movie_id = t.id)
  ->  Seq Scan on movie_companies mc  (cost=0.00..44881.29 rows=2609129 width=4) (actual time=0.026..860.512 rows=2609129 loops=1)
  ->  Hash  (cost=67604.59..67604.59 rows=392896 width=4) (actual time=1377.166..1377.166 rows=391666 loops=1)
        Buckets: 131072  Batches: 8  Memory Usage: 2753kB
        ->  Seq Scan on title t  (cost=0.00..67604.59 rows=392896 width=4) (actual time=2.015..1249.623 rows=391666 loops=1)
              Filter: (production_year > 2010)
              Rows Removed by Filter: 2136646
Planning time: 0.717 ms
Execution time: 4068.422 ms
