Seq Scan on title t  (cost=0.00..73925.90 rows=420638 width=0) (actual time=0.012..1215.131 rows=301535 loops=1)
  Filter: ((production_year < 1990) AND (kind_id = 7))
  Rows Removed by Filter: 2226777
Planning time: 0.388 ms
Execution time: 1255.949 ms
