Seq Scan on cast_info ci  (cost=0.00..705507.15 rows=8045532 width=0) (actual time=675.514..12318.451 rows=7925830 loops=1)
  Filter: (person_id < 773218)
  Rows Removed by Filter: 28318514
Planning time: 0.341 ms
Execution time: 13316.162 ms
