Seq Scan on cast_info ci  (cost=0.00..796071.18 rows=234638 width=0) (actual time=1304.610..11101.794 rows=101030 loops=1)
  Filter: ((person_id < 81822) AND (role_id > 4))
  Rows Removed by Filter: 36143314
Planning time: 0.365 ms
Execution time: 11115.308 ms
