Hash Join  (cost=313114.75..1865986.30 rows=41713033 width=0) (actual time=7979.931..79382.040 rows=160387645 loops=1)
  Hash Cond: (ci.movie_id = t.id)
  ->  Seq Scan on cast_info ci  (cost=0.00..614943.12 rows=36225612 width=4) (actual time=0.024..13654.028 rows=36244344 loops=1)
  ->  Hash  (cost=265346.43..265346.43 rows=2911546 width=8) (actual time=7979.132..7979.132 rows=3298593 loops=1)
        Buckets: 131072  Batches: 64  Memory Usage: 3055kB
        ->  Hash Join  (cost=101489.21..265346.43 rows=2911546 width=8) (actual time=1996.004..6726.629 rows=3298593 loops=1)
              Hash Cond: (mk.movie_id = t.id)
              ->  Seq Scan on movie_keyword mk  (cost=0.00..81003.12 rows=3564526 width=4) (actual time=0.032..1699.327 rows=3559072 loops=1)
                    Filter: (keyword_id > 905)
                    Rows Removed by Filter: 964858
              ->  Hash  (cost=67604.59..67604.59 rows=2065330 width=4) (actual time=1995.169..1995.169 rows=2064552 loops=1)
                    Buckets: 131072  Batches: 32  Memory Usage: 3298kB
                    ->  Seq Scan on title t  (cost=0.00..67604.59 rows=2065330 width=4) (actual time=0.023..1300.315 rows=2064552 loops=1)
                          Filter: (production_year < 2011)
                          Rows Removed by Filter: 463760
Planning time: 1.165 ms
Execution time: 97014.342 ms
