Hash Join  (cost=156487.41..999602.52 rows=616205 width=0) (actual time=13956.214..20848.321 rows=1344108 loops=1)
  Hash Cond: (ci.movie_id = t.id)
  ->  Seq Scan on cast_info ci  (cost=0.00..796071.18 rows=3379967 width=4) (actual time=10529.005..15276.614 rows=3589764 loops=1)
        Filter: ((person_id > 533281) AND (role_id = 3))
        Rows Removed by Filter: 32654580
  ->  Hash  (cost=148924.19..148924.19 rows=460978 width=8) (actual time=3426.233..3426.233 rows=459925 loops=1)
        Buckets: 131072  Batches: 8  Memory Usage: 3275kB
        ->  Hash Join  (cost=102767.86..148924.19 rows=460978 width=8) (actual time=1997.492..3288.047 rows=459925 loops=1)
              Hash Cond: (mi_idx.movie_id = t.id)
              ->  Seq Scan on movie_info_idx mi_idx  (cost=0.00..25185.44 rows=460978 width=4) (actual time=0.030..464.553 rows=459925 loops=1)
                    Filter: (info_type_id = 99)
                    Rows Removed by Filter: 920110
              ->  Hash  (cost=61283.27..61283.27 rows=2528527 width=4) (actual time=1995.483..1995.483 rows=2528312 loops=1)
                    Buckets: 131072  Batches: 64  Memory Usage: 2415kB
                    ->  Seq Scan on title t  (cost=0.00..61283.27 rows=2528527 width=4) (actual time=0.020..1111.113 rows=2528312 loops=1)
Planning time: 1.237 ms
Execution time: 21007.856 ms
