Seq Scan on movie_companies mc  (cost=0.00..51404.11 rows=799947 width=0) (actual time=166.785..984.357 rows=806509 loops=1)
  Filter: (company_id > 29678)
  Rows Removed by Filter: 1802620
Planning time: 0.363 ms
Execution time: 1087.073 ms
