Seq Scan on movie_keyword mk  (cost=0.00..81003.12 rows=648151 width=0) (actual time=0.034..1281.571 rows=658910 loops=1)
  Filter: (keyword_id > 28543)
  Rows Removed by Filter: 3865020
Planning time: 0.328 ms
Execution time: 1367.498 ms
