Seq Scan on movie_companies mc  (cost=0.00..51404.11 rows=1087645 width=0) (actual time=0.013..1049.952 rows=1082362 loops=1)
  Filter: (company_id < 6946)
  Rows Removed by Filter: 1526767
Planning time: 0.349 ms
Execution time: 1195.551 ms
