Seq Scan on title t  (cost=0.00..73925.90 rows=4532 width=0) (actual time=8.140..1195.520 rows=8378 loops=1)
  Filter: ((kind_id = 7) AND (production_year = 1979))
  Rows Removed by Filter: 2519934
Planning time: 0.291 ms
Execution time: 1197.654 ms
