Hash Join  (cost=709678.15..764348.83 rows=516 width=0) (actual time=10734.493..11881.709 rows=59 loops=1)
  Hash Cond: (mc.movie_id = t.id)
  ->  Seq Scan on movie_companies mc  (cost=0.00..44881.29 rows=2609129 width=4) (actual time=0.010..690.465 rows=2609129 loops=1)
  ->  Hash  (cost=709671.90..709671.90 rows=500 width=8) (actual time=10703.074..10703.074 rows=267 loops=1)
        Buckets: 1024  Batches: 1  Memory Usage: 19kB
        ->  Nested Loop  (cost=0.43..709671.90 rows=500 width=8) (actual time=4134.778..10702.959 rows=267 loops=1)
              ->  Seq Scan on cast_info ci  (cost=0.00..705507.15 rows=500 width=4) (actual time=4134.639..10697.850 rows=267 loops=1)
                    Filter: (person_id = 1270458)
                    Rows Removed by Filter: 36244077
              ->  Index Only Scan using title_pkey on title t  (cost=0.43..8.32 rows=1 width=4) (actual time=0.018..0.018 rows=1 loops=267)
                    Index Cond: (id = ci.movie_id)
                    Heap Fetches: 267
Planning time: 4.248 ms
Execution time: 11881.825 ms
