Hash Join  (cost=83810.17..993241.47 rows=2765188 width=0) (actual time=5975.923..22865.468 rows=2850179 loops=1)
  Hash Cond: (ci.movie_id = t.id)
  ->  Seq Scan on cast_info ci  (cost=0.00..796071.18 rows=7078730 width=4) (actual time=4503.774..16312.521 rows=7451807 loops=1)
        Filter: ((person_id > 100267) AND (role_id = 2))
        Rows Removed by Filter: 28792537
  ->  Hash  (cost=67604.59..67604.59 rows=987727 width=4) (actual time=1470.697..1470.697 rows=985048 loops=1)
        Buckets: 131072  Batches: 16  Memory Usage: 3188kB
        ->  Seq Scan on title t  (cost=0.00..67604.59 rows=987727 width=4) (actual time=0.041..1165.080 rows=985048 loops=1)
              Filter: (kind_id < 7)
              Rows Removed by Filter: 1543264
Planning time: 0.799 ms
Execution time: 23196.202 ms
