Hash Join  (cost=82131.75..617010.92 rows=5161424 width=0) (actual time=1831.460..16867.918 rows=6734987 loops=1)
  Hash Cond: (mi.movie_id = t.id)
  ->  Seq Scan on movie_info mi  (cost=0.00..309384.22 rows=14739122 width=4) (actual time=0.011..5817.918 rows=14835720 loops=1)
  ->  Hash  (cost=67604.59..67604.59 rows=885453 width=4) (actual time=1830.393..1830.393 rows=885650 loops=1)
        Buckets: 131072  Batches: 16  Memory Usage: 2979kB
        ->  Seq Scan on title t  (cost=0.00..67604.59 rows=885453 width=4) (actual time=0.016..1226.071 rows=885650 loops=1)
              Filter: (production_year < 1997)
              Rows Removed by Filter: 1642662
Planning time: 0.740 ms
Execution time: 17688.131 ms
