Hash Join  (cost=74097.72..128905.07 rows=14183 width=0) (actual time=1457.338..2245.195 rows=3 loops=1)
  Hash Cond: (mc.movie_id = t.id)
  ->  Seq Scan on movie_companies mc  (cost=0.00..44881.29 rows=2609129 width=4) (actual time=0.010..641.825 rows=2609129 loops=1)
  ->  Hash  (cost=73925.90..73925.90 rows=13745 width=4) (actual time=1130.245..1130.245 rows=3 loops=1)
        Buckets: 16384  Batches: 1  Memory Usage: 129kB
        ->  Seq Scan on title t  (cost=0.00..73925.90 rows=13745 width=4) (actual time=152.418..1130.230 rows=3 loops=1)
              Filter: ((production_year < 1965) AND (kind_id = 4))
              Rows Removed by Filter: 2528309
Planning time: 0.770 ms
Execution time: 2245.360 ms
