Seq Scan on movie_keyword mk  (cost=0.00..81003.12 rows=246 width=0) (actual time=8.181..1105.967 rows=1385 loops=1)
  Filter: (keyword_id = 2163)
  Rows Removed by Filter: 4522545
Planning time: 0.450 ms
Execution time: 1106.513 ms
