Seq Scan on movie_keyword mk  (cost=0.00..81003.12 rows=1986568 width=0) (actual time=0.025..1384.479 rows=1988987 loops=1)
  Filter: (keyword_id < 3518)
  Rows Removed by Filter: 2534943
Planning time: 0.332 ms
Execution time: 1630.919 ms
