Hash Join  (cost=88359.31..1398412.95 rows=18108771 width=0) (actual time=1606.873..43516.810 rows=17272885 loops=1)
  Hash Cond: (ci.movie_id = t.id)
  ->  Seq Scan on cast_info ci  (cost=0.00..705507.15 rows=36195941 width=4) (actual time=0.024..17243.524 rows=36203973 loops=1)
        Filter: (person_id < 4055689)
        Rows Removed by Filter: 40371
  ->  Hash  (cost=67604.59..67604.59 rows=1265018 width=4) (actual time=1605.656..1605.656 rows=1263700 loops=1)
        Buckets: 131072  Batches: 32  Memory Usage: 2410kB
        ->  Seq Scan on title t  (cost=0.00..67604.59 rows=1265018 width=4) (actual time=0.016..1207.331 rows=1263700 loops=1)
              Filter: (production_year < 2004)
              Rows Removed by Filter: 1264612
Planning time: 0.571 ms
Execution time: 45442.001 ms
