Seq Scan on movie_companies mc  (cost=0.00..57926.93 rows=274221 width=0) (actual time=0.028..978.140 rows=541734 loops=1)
  Filter: ((company_id > 72131) AND (company_type_id > 1))
  Rows Removed by Filter: 2067395
Planning time: 0.336 ms
Execution time: 1045.937 ms
