Seq Scan on movie_companies mc  (cost=0.00..51404.11 rows=1526751 width=0) (actual time=0.025..905.016 rows=1532379 loops=1)
  Filter: (company_id > 6857)
  Rows Removed by Filter: 1076750
Planning time: 0.317 ms
Execution time: 1101.233 ms
