Hash Join  (cost=86099.10..172823.54 rows=6640 width=0) (actual time=947.460..2634.406 rows=314 loops=1)
  Hash Cond: (mk.movie_id = t.id)
  ->  Seq Scan on movie_keyword mk  (cost=0.00..69693.30 rows=4523930 width=4) (actual time=0.021..958.858 rows=4523930 loops=1)
  ->  Hash  (cost=86052.72..86052.72 rows=3711 width=8) (actual time=902.263..902.263 rows=96 loops=1)
        Buckets: 4096  Batches: 1  Memory Usage: 36kB
        ->  Nested Loop  (cost=0.43..86052.72 rows=3711 width=8) (actual time=203.400..902.171 rows=96 loops=1)
              ->  Seq Scan on movie_companies mc  (cost=0.00..57926.93 rows=3711 width=4) (actual time=203.304..898.916 rows=96 loops=1)
                    Filter: ((company_type_id < 2) AND (company_id = 596))
                    Rows Removed by Filter: 2609033
              ->  Index Only Scan using title_pkey on title t  (cost=0.43..7.57 rows=1 width=4) (actual time=0.031..0.031 rows=1 loops=96)
                    Index Cond: (id = mc.movie_id)
                    Heap Fetches: 96
Planning time: 2.300 ms
Execution time: 2634.569 ms
