Hash Join  (cost=28270.77..392945.59 rows=1889 width=0) (actual time=449.410..7564.261 rows=91561 loops=1)
  Hash Cond: (mi.movie_id = t.id)
  ->  Seq Scan on movie_info mi  (cost=0.00..309384.22 rows=14739122 width=4) (actual time=0.010..4350.617 rows=14835720 loops=1)
  ->  Hash  (cost=28266.72..28266.72 rows=324 width=8) (actual time=448.025..448.025 rows=254 loops=1)
        Buckets: 1024  Batches: 1  Memory Usage: 18kB
        ->  Nested Loop  (cost=0.43..28266.72 rows=324 width=8) (actual time=167.478..447.906 rows=254 loops=1)
              ->  Seq Scan on movie_info_idx mi_idx  (cost=0.00..25185.44 rows=368 width=4) (actual time=167.408..424.425 rows=260 loops=1)
                    Filter: (info_type_id > 101)
                    Rows Removed by Filter: 1379775
              ->  Index Scan using title_pkey on title t  (cost=0.43..8.36 rows=1 width=4) (actual time=0.089..0.090 rows=1 loops=260)
                    Index Cond: (id = mi_idx.movie_id)
                    Filter: (production_year < 2012)
                    Rows Removed by Filter: 0
Planning time: 1.174 ms
Execution time: 7577.078 ms
