Hash Join  (cost=185642.17..538324.54 rows=56429 width=0) (actual time=4119.885..9730.655 rows=389441 loops=1)
  Hash Cond: (mi.movie_id = t.id)
  ->  Seq Scan on movie_info mi  (cost=0.00..346232.03 rows=383217 width=4) (actual time=0.021..5167.738 rows=368218 loops=1)
        Filter: (info_type_id = 17)
        Rows Removed by Filter: 14467502
  ->  Hash  (cost=179533.09..179533.09 rows=372326 width=8) (actual time=4118.661..4118.661 rows=689329 loops=1)
        Buckets: 131072 (originally 131072)  Batches: 16 (originally 8)  Memory Usage: 3073kB
        ->  Hash Join  (cost=102767.86..179533.09 rows=372326 width=8) (actual time=1886.848..3895.266 rows=689329 loops=1)
              Hash Cond: (mc.movie_id = t.id)
              ->  Seq Scan on movie_companies mc  (cost=0.00..57926.93 rows=372326 width=4) (actual time=0.035..986.071 rows=689329 loops=1)
                    Filter: ((company_id > 39683) AND (company_type_id > 1))
                    Rows Removed by Filter: 1919800
              ->  Hash  (cost=61283.27..61283.27 rows=2528527 width=4) (actual time=1885.266..1885.266 rows=2528312 loops=1)
                    Buckets: 131072  Batches: 64  Memory Usage: 2415kB
                    ->  Seq Scan on title t  (cost=0.00..61283.27 rows=2528527 width=4) (actual time=0.021..1029.028 rows=2528312 loops=1)
Planning time: 1.138 ms
Execution time: 9779.549 ms
