Nested Loop  (cost=0.43..797555.70 rows=176 width=0) (actual time=601.942..11049.535 rows=237 loops=1)
  ->  Seq Scan on cast_info ci  (cost=0.00..796071.18 rows=176 width=4) (actual time=601.853..11045.999 rows=237 loops=1)
        Filter: ((person_id = 247668) AND (role_id = 1))
        Rows Removed by Filter: 36244107
  ->  Index Only Scan using title_pkey on title t  (cost=0.43..8.42 rows=1 width=4) (actual time=0.014..0.014 rows=1 loops=237)
        Index Cond: (id = ci.movie_id)
        Heap Fetches: 237
Planning time: 0.560 ms
Execution time: 11049.673 ms
