Hash Join  (cost=142593.89..275208.12 rows=871019 width=0) (actual time=3118.334..8303.720 rows=7974294 loops=1)
  Hash Cond: (mk.movie_id = t.id)
  ->  Seq Scan on movie_keyword mk  (cost=0.00..69693.30 rows=4523930 width=4) (actual time=0.023..1415.394 rows=4523930 loops=1)
  ->  Hash  (cost=134606.49..134606.49 rows=486832 width=8) (actual time=3117.537..3117.537 rows=861379 loops=1)
        Buckets: 131072 (originally 131072)  Batches: 16 (originally 8)  Memory Usage: 3144kB
        ->  Hash Join  (cost=88560.69..134606.49 rows=486832 width=8) (actual time=1478.798..2886.625 rows=861379 loops=1)
              Hash Cond: (mi_idx.movie_id = t.id)
              ->  Seq Scan on movie_info_idx mi_idx  (cost=0.00..21735.35 rows=1380035 width=4) (actual time=0.019..451.928 rows=1380035 loops=1)
              ->  Hash  (cost=73925.90..73925.90 rows=891983 width=4) (actual time=1477.913..1477.913 rows=807055 loops=1)
                    Buckets: 131072  Batches: 16  Memory Usage: 2799kB
                    ->  Seq Scan on title t  (cost=0.00..73925.90 rows=891983 width=4) (actual time=0.019..1230.034 rows=807055 loops=1)
                          Filter: ((kind_id < 7) AND (production_year > 1952))
                          Rows Removed by Filter: 1721257
Planning time: 1.065 ms
Execution time: 9191.200 ms
