Hash Join  (cost=917806.42..957602.38 rows=122548 width=0) (actual time=16216.731..17123.102 rows=139978 loops=1)
  Hash Cond: (mi_idx.movie_id = t.id)
  ->  Seq Scan on movie_info_idx mi_idx  (cost=0.00..21735.35 rows=1380035 width=4) (actual time=0.015..401.457 rows=1380035 loops=1)
  ->  Hash  (cost=914121.73..914121.73 rows=224535 width=8) (actual time=16215.883..16215.883 rows=79763 loops=1)
        Buckets: 131072  Batches: 4  Memory Usage: 1801kB
        ->  Hash Join  (cost=102767.86..914121.73 rows=224535 width=8) (actual time=2735.181..16189.520 rows=79763 loops=1)
              Hash Cond: (ci.movie_id = t.id)
              ->  Seq Scan on cast_info ci  (cost=0.00..796071.18 rows=224535 width=4) (actual time=759.507..13733.304 rows=79763 loops=1)
                    Filter: ((person_id < 2362926) AND (role_id > 10))
                    Rows Removed by Filter: 36164581
              ->  Hash  (cost=61283.27..61283.27 rows=2528527 width=4) (actual time=1974.469..1974.469 rows=2528312 loops=1)
                    Buckets: 131072  Batches: 64  Memory Usage: 2415kB
                    ->  Seq Scan on title t  (cost=0.00..61283.27 rows=2528527 width=4) (actual time=0.032..1135.854 rows=2528312 loops=1)
Planning time: 1.197 ms
Execution time: 17135.989 ms
