Hash Join  (cost=175027.18..1014400.82 rows=3115778 width=0) (actual time=12142.001..24065.157 rows=7487293 loops=1)
  Hash Cond: (ci.movie_id = t.id)
  ->  Seq Scan on cast_info ci  (cost=0.00..705507.15 rows=8572187 width=4) (actual time=8254.671..13980.913 rows=8486314 loops=1)
        Filter: (role_id > 5)
        Rows Removed by Filter: 27758030
  ->  Hash  (cost=159947.97..159947.97 rows=919057 width=8) (actual time=3886.517..3886.517 rows=920110 loops=1)
        Buckets: 131072  Batches: 16  Memory Usage: 3269kB
        ->  Hash Join  (cost=102767.86..159947.97 rows=919057 width=8) (actual time=1919.763..3625.207 rows=920110 loops=1)
              Hash Cond: (mi_idx.movie_id = t.id)
              ->  Seq Scan on movie_info_idx mi_idx  (cost=0.00..25185.44 rows=919057 width=4) (actual time=0.022..554.816 rows=920110 loops=1)
                    Filter: (info_type_id > 99)
                    Rows Removed by Filter: 459925
              ->  Hash  (cost=61283.27..61283.27 rows=2528527 width=4) (actual time=1918.367..1918.367 rows=2528312 loops=1)
                    Buckets: 131072  Batches: 64  Memory Usage: 2415kB
                    ->  Seq Scan on title t  (cost=0.00..61283.27 rows=2528527 width=4) (actual time=0.017..1065.680 rows=2528312 loops=1)
Planning time: 1.205 ms
Execution time: 24876.951 ms
