Hash Join  (cost=141205.99..168290.49 rows=17402 width=0) (actual time=2547.605..3631.970 rows=300631 loops=1)
  Hash Cond: (mi_idx.movie_id = t.id)
  ->  Seq Scan on movie_info_idx mi_idx  (cost=0.00..21735.35 rows=1380035 width=4) (actual time=0.026..386.042 rows=1380035 loops=1)
  ->  Hash  (cost=140807.42..140807.42 rows=31885 width=8) (actual time=2547.375..2547.375 rows=202667 loops=1)
        Buckets: 131072 (originally 32768)  Batches: 4 (originally 1)  Memory Usage: 3073kB
        ->  Hash Join  (cost=78556.72..140807.42 rows=31885 width=8) (actual time=1298.106..2475.928 rows=202667 loops=1)
              Hash Cond: (mc.movie_id = t.id)
              ->  Seq Scan on movie_companies mc  (cost=0.00..57926.93 rows=120777 width=4) (actual time=0.025..864.452 rows=239360 loops=1)
                    Filter: ((company_id > 103285) AND (company_type_id = 2))
                    Rows Removed by Filter: 2369769
              ->  Hash  (cost=67604.59..67604.59 rows=667531 width=4) (actual time=1297.091..1297.091 rows=662825 loops=1)
                    Buckets: 131072  Batches: 16  Memory Usage: 2476kB
                    ->  Seq Scan on title t  (cost=0.00..67604.59 rows=667531 width=4) (actual time=0.012..1096.285 rows=662825 loops=1)
                          Filter: (kind_id = 1)
                          Rows Removed by Filter: 1865487
Planning time: 2.668 ms
Execution time: 3669.670 ms
