Hash Join  (cost=234659.62..777493.73 rows=5906918 width=0) (actual time=5623.481..32554.039 rows=55239816 loops=1)
  Hash Cond: (mi.movie_id = t.id)
  ->  Seq Scan on movie_info mi  (cost=0.00..309384.22 rows=14739122 width=4) (actual time=0.017..6303.697 rows=14835720 loops=1)
  ->  Hash  (cost=218033.82..218033.82 rows=1013344 width=8) (actual time=5622.464..5622.464 rows=1020253 loops=1)
        Buckets: 131072  Batches: 16  Memory Usage: 3651kB
        ->  Hash Join  (cost=102767.86..218033.82 rows=1013344 width=8) (actual time=1928.288..5312.047 rows=1020253 loops=1)
              Hash Cond: (mk.movie_id = t.id)
              ->  Seq Scan on movie_keyword mk  (cost=0.00..81003.12 rows=1013344 width=4) (actual time=0.014..1522.140 rows=1020253 loops=1)
                    Filter: (keyword_id > 17641)
                    Rows Removed by Filter: 3503677
              ->  Hash  (cost=61283.27..61283.27 rows=2528527 width=4) (actual time=1925.707..1925.707 rows=2528312 loops=1)
                    Buckets: 131072  Batches: 64  Memory Usage: 2425kB
                    ->  Seq Scan on title t  (cost=0.00..61283.27 rows=2528527 width=4) (actual time=0.007..1056.530 rows=2528312 loops=1)
Planning time: 0.921 ms
Execution time: 38780.324 ms
