Hash Join  (cost=83072.87..109983.61 rows=26 width=0) (actual time=1262.467..1807.567 rows=60 loops=1)
  Hash Cond: (mi_idx.movie_id = t.id)
  ->  Seq Scan on movie_info_idx mi_idx  (cost=0.00..21735.35 rows=1380035 width=4) (actual time=0.020..320.983 rows=1380035 loops=1)
  ->  Hash  (cost=83072.29..83072.29 rows=47 width=8) (actual time=1242.737..1242.737 rows=28 loops=1)
        Buckets: 1024  Batches: 1  Memory Usage: 10kB
        ->  Nested Loop  (cost=0.43..83072.29 rows=47 width=8) (actual time=56.011..1242.678 rows=28 loops=1)
              ->  Seq Scan on movie_keyword mk  (cost=0.00..81003.12 rows=246 width=4) (actual time=29.798..1239.619 rows=80 loops=1)
                    Filter: (keyword_id = 4594)
                    Rows Removed by Filter: 4523850
              ->  Index Scan using title_pkey on title t  (cost=0.43..8.40 rows=1 width=4) (actual time=0.034..0.034 rows=0 loops=80)
                    Index Cond: (id = mk.movie_id)
                    Filter: (production_year < 1978)
                    Rows Removed by Filter: 1
Planning time: 1.225 ms
Execution time: 1807.727 ms
