Hash Join  (cost=102767.86..297548.53 rows=4317880 width=0) (actual time=2050.424..7362.052 rows=4316201 loops=1)
  Hash Cond: (mk.movie_id = t.id)
  ->  Seq Scan on movie_keyword mk  (cost=0.00..81003.12 rows=4317880 width=4) (actual time=0.024..1762.338 rows=4316201 loops=1)
        Filter: (keyword_id < 67078)
        Rows Removed by Filter: 207729
  ->  Hash  (cost=61283.27..61283.27 rows=2528527 width=4) (actual time=2048.819..2048.819 rows=2528312 loops=1)
        Buckets: 131072  Batches: 64  Memory Usage: 2425kB
        ->  Seq Scan on title t  (cost=0.00..61283.27 rows=2528527 width=4) (actual time=0.015..1154.797 rows=2528312 loops=1)
Planning time: 0.945 ms
Execution time: 7876.030 ms
