Hash Join  (cost=73951.53..160646.25 rows=3668 width=0) (actual time=1021.847..2787.962 rows=9034 loops=1)
  Hash Cond: (mk.movie_id = t.id)
  ->  Seq Scan on movie_keyword mk  (cost=0.00..69693.30 rows=4523930 width=4) (actual time=0.016..984.516 rows=4523930 loops=1)
  ->  Hash  (cost=73925.90..73925.90 rows=2050 width=4) (actual time=1021.588..1021.588 rows=2436 loops=1)
        Buckets: 4096  Batches: 1  Memory Usage: 118kB
        ->  Seq Scan on title t  (cost=0.00..73925.90 rows=2050 width=4) (actual time=151.224..1020.272 rows=2436 loops=1)
              Filter: ((kind_id = 3) AND (production_year = 1999))
              Rows Removed by Filter: 2525876
Planning time: 0.795 ms
Execution time: 2789.427 ms
