Seq Scan on cast_info ci  (cost=0.00..796071.18 rows=10468483 width=0) (actual time=0.023..15909.176 rows=8113096 loops=1)
  Filter: ((person_id > 610638) AND (role_id = 1))
  Rows Removed by Filter: 28131248
Planning time: 0.388 ms
Execution time: 16934.632 ms
