Hash Join  (cost=73985.17..100921.53 rows=2588 width=0) (actual time=1176.955..1548.025 rows=5049 loops=1)
  Hash Cond: (mi_idx.movie_id = t.id)
  ->  Seq Scan on movie_info_idx mi_idx  (cost=0.00..21735.35 rows=1380035 width=4) (actual time=0.023..168.264 rows=1380035 loops=1)
  ->  Hash  (cost=73925.90..73925.90 rows=4741 width=4) (actual time=1176.658..1176.658 rows=11233 loops=1)
        Buckets: 16384 (originally 8192)  Batches: 1 (originally 1)  Memory Usage: 523kB
        ->  Seq Scan on title t  (cost=0.00..73925.90 rows=4741 width=4) (actual time=717.970..1171.692 rows=11233 loops=1)
              Filter: ((kind_id < 7) AND (production_year < 1903))
              Rows Removed by Filter: 2517079
Planning time: 0.780 ms
Execution time: 1548.827 ms
