Hash Join  (cost=100836.57..187840.83 rows=1065108 width=0) (actual time=1996.125..4219.764 rows=955836 loops=1)
  Hash Cond: (mc.movie_id = t.id)
  ->  Seq Scan on movie_companies mc  (cost=0.00..51404.11 rows=1329612 width=4) (actual time=93.467..1070.547 rows=1334883 loops=1)
        Filter: (company_type_id > 1)
        Rows Removed by Filter: 1274246
  ->  Hash  (cost=67604.59..67604.59 rows=2025519 width=4) (actual time=1901.835..1901.835 rows=2018703 loops=1)
        Buckets: 131072  Batches: 32  Memory Usage: 3247kB
        ->  Seq Scan on title t  (cost=0.00..67604.59 rows=2025519 width=4) (actual time=0.032..1274.751 rows=2018703 loops=1)
              Filter: (production_year > 1974)
              Rows Removed by Filter: 509609
Planning time: 3.210 ms
Execution time: 4324.097 ms
