Hash Join  (cost=175152.67..1058609.41 rows=2858388 width=0) (actual time=3720.587..22997.103 rows=2141745 loops=1)
  Hash Cond: (ci.movie_id = t.id)
  ->  Seq Scan on cast_info ci  (cost=0.00..705507.15 rows=12726058 width=4) (actual time=0.023..13485.544 rows=12670688 loops=1)
        Filter: (role_id = 1)
        Rows Removed by Filter: 23573656
  ->  Hash  (cost=165834.54..165834.54 rows=567930 width=8) (actual time=3719.746..3719.746 rows=238558 loops=1)
        Buckets: 131072  Batches: 8  Memory Usage: 2172kB
        ->  Hash Join  (cost=82955.72..165834.54 rows=567930 width=8) (actual time=1681.438..3646.540 rows=238558 loops=1)
              Hash Cond: (mc.movie_id = t.id)
              ->  Seq Scan on movie_companies mc  (cost=0.00..44881.29 rows=2609129 width=4) (actual time=0.018..952.728 rows=2609129 loops=1)
              ->  Hash  (cost=73925.90..73925.90 rows=550385 width=4) (actual time=1250.964..1250.964 rows=602403 loops=1)
                    Buckets: 131072  Batches: 8  Memory Usage: 3672kB
                    ->  Seq Scan on title t  (cost=0.00..73925.90 rows=550385 width=4) (actual time=0.020..1080.639 rows=602403 loops=1)
                          Filter: ((production_year > 2006) AND (kind_id = 7))
                          Rows Removed by Filter: 1925909
Planning time: 1.204 ms
Execution time: 23229.084 ms
