Hash Join  (cost=137653.88..935394.19 rows=10154 width=0) (actual time=7141.583..12419.280 rows=3643 loops=1)
  Hash Cond: (ci.movie_id = t.id)
  ->  Seq Scan on cast_info ci  (cost=0.00..796071.18 rows=418022 width=4) (actual time=3445.589..10584.328 rows=135551 loops=1)
        Filter: ((person_id < 58839) AND (role_id > 1))
        Rows Removed by Filter: 36108793
  ->  Hash  (cost=136886.17..136886.17 rows=61417 width=8) (actual time=1631.350..1631.350 rows=121888 loops=1)
        Buckets: 131072 (originally 65536)  Batches: 2 (originally 1)  Memory Usage: 3405kB
        ->  Hash Join  (cost=69596.70..136886.17 rows=61417 width=8) (actual time=527.578..1592.730 rows=121888 loops=1)
              Hash Cond: (mc.movie_id = t.id)
              ->  Seq Scan on movie_companies mc  (cost=0.00..51404.11 rows=1279517 width=4) (actual time=0.032..630.910 rows=1274246 loops=1)
                    Filter: (company_type_id < 2)
                    Rows Removed by Filter: 1334883
              ->  Hash  (cost=67604.59..67604.59 rows=121369 width=4) (actual time=526.793..526.793 rows=125365 loops=1)
                    Buckets: 131072  Batches: 2  Memory Usage: 3222kB
                    ->  Seq Scan on title t  (cost=0.00..67604.59 rows=121369 width=4) (actual time=17.116..494.056 rows=125365 loops=1)
                          Filter: (production_year < 1934)
                          Rows Removed by Filter: 2402947
Planning time: 3.557 ms
Execution time: 12419.945 ms
