Hash Join  (cost=458221.89..595101.51 rows=292776 width=0) (actual time=12024.939..16550.439 rows=2629621 loops=1)
  Hash Cond: (mk.movie_id = t.id)
  ->  Seq Scan on movie_keyword mk  (cost=0.00..69693.30 rows=4523930 width=4) (actual time=0.018..1543.055 rows=4523930 loops=1)
  ->  Hash  (cost=455536.40..455536.40 rows=163639 width=8) (actual time=12023.390..12023.390 rows=813292 loops=1)
        Buckets: 131072 (originally 131072)  Batches: 16 (originally 4)  Memory Usage: 3073kB
        ->  Hash Join  (cost=74510.85..455536.40 rows=163639 width=8) (actual time=1363.269..11738.207 rows=813292 loops=1)
              Hash Cond: (mi.movie_id = t.id)
              ->  Seq Scan on movie_info mi  (cost=0.00..346232.03 rows=8841901 width=4) (actual time=0.022..6720.419 rows=8950757 loops=1)
                    Filter: (info_type_id > 6)
                    Rows Removed by Filter: 5884963
              ->  Hash  (cost=73925.90..73925.90 rows=46796 width=4) (actual time=1160.565..1160.565 rows=125362 loops=1)
                    Buckets: 131072 (originally 65536)  Batches: 2 (originally 1)  Memory Usage: 3222kB
                    ->  Seq Scan on title t  (cost=0.00..73925.90 rows=46796 width=4) (actual time=0.030..1112.477 rows=125362 loops=1)
                          Filter: ((kind_id < 6) AND (production_year < 1934))
                          Rows Removed by Filter: 2402950
Planning time: 2.152 ms
Execution time: 16864.178 ms
