Seq Scan on movie_keyword mk  (cost=0.00..81003.12 rows=3718197 width=0) (actual time=0.009..880.877 rows=3715618 loops=1)
  Filter: (keyword_id > 782)
  Rows Removed by Filter: 808312
Planning time: 0.349 ms
Execution time: 1188.994 ms
