Hash Join  (cost=234427.15..1152725.33 rows=7639894 width=0) (actual time=5155.417..26388.988 rows=11018959 loops=1)
  Hash Cond: (ci.movie_id = t.id)
  ->  Seq Scan on cast_info ci  (cost=0.00..705507.15 rows=10059619 width=4) (actual time=0.025..13135.663 rows=10071309 loops=1)
        Filter: (person_id > 2708429)
        Rows Removed by Filter: 26173035
  ->  Hash  (cost=202921.16..202921.16 rows=1920319 width=8) (actual time=5154.257..5154.257 rows=1301439 loops=1)
        Buckets: 131072  Batches: 32  Memory Usage: 2584kB
        ->  Hash Join  (cost=98137.04..202921.16 rows=1920319 width=8) (actual time=1800.444..4784.039 rows=1301439 loops=1)
              Hash Cond: (mc.movie_id = t.id)
              ->  Seq Scan on movie_companies mc  (cost=0.00..44881.29 rows=2609129 width=4) (actual time=0.018..946.370 rows=2609129 loops=1)
              ->  Hash  (cost=67604.59..67604.59 rows=1860996 width=4) (actual time=1799.081..1799.081 rows=1865487 loops=1)
                    Buckets: 131072  Batches: 32  Memory Usage: 3079kB
                    ->  Seq Scan on title t  (cost=0.00..67604.59 rows=1860996 width=4) (actual time=0.020..1212.232 rows=1865487 loops=1)
                          Filter: (kind_id > 1)
                          Rows Removed by Filter: 662825
Planning time: 1.177 ms
Execution time: 27582.073 ms
