Nested Loop  (cost=0.43..52283.69 rows=104 width=0) (actual time=0.304..934.219 rows=2012 loops=1)
  ->  Seq Scan on movie_companies mc  (cost=0.00..51404.11 rows=104 width=4) (actual time=0.241..898.838 rows=2012 loops=1)
        Filter: (company_id = 31716)
        Rows Removed by Filter: 2607117
  ->  Index Only Scan using title_pkey on title t  (cost=0.43..8.45 rows=1 width=4) (actual time=0.017..0.017 rows=1 loops=2012)
        Index Cond: (id = mc.movie_id)
        Heap Fetches: 2012
Planning time: 0.766 ms
Execution time: 934.738 ms
