Hash Join  (cost=102767.86..1440379.30 rows=25858726 width=0) (actual time=1918.943..41605.396 rows=25865012 loops=1)
  Hash Cond: (ci.movie_id = t.id)
  ->  Seq Scan on cast_info ci  (cost=0.00..705507.15 rows=25858726 width=4) (actual time=0.026..15992.938 rows=25865012 loops=1)
        Filter: (person_id < 2672926)
        Rows Removed by Filter: 10379332
  ->  Hash  (cost=61283.27..61283.27 rows=2528527 width=4) (actual time=1917.067..1917.067 rows=2528312 loops=1)
        Buckets: 131072  Batches: 64  Memory Usage: 2415kB
        ->  Seq Scan on title t  (cost=0.00..61283.27 rows=2528527 width=4) (actual time=0.017..1066.491 rows=2528312 loops=1)
Planning time: 1.377 ms
Execution time: 44593.667 ms
