Hash Join  (cost=97102.97..219656.70 rows=1232209 width=0) (actual time=1912.466..4875.799 rows=1102537 loops=1)
  Hash Cond: (mk.movie_id = t.id)
  ->  Seq Scan on movie_keyword mk  (cost=0.00..81003.12 rows=1732902 width=4) (actual time=0.014..1483.521 rows=1742119 loops=1)
        Filter: (keyword_id < 2849)
        Rows Removed by Filter: 2781811
  ->  Hash  (cost=67604.59..67604.59 rows=1797951 width=4) (actual time=1910.573..1910.573 rows=1793384 loops=1)
        Buckets: 131072  Batches: 32  Memory Usage: 3007kB
        ->  Seq Scan on title t  (cost=0.00..67604.59 rows=1797951 width=4) (actual time=0.021..1311.285 rows=1793384 loops=1)
              Filter: (production_year > 1988)
              Rows Removed by Filter: 734928
Planning time: 0.762 ms
Execution time: 5011.063 ms
