Hash Join  (cost=97012.42..249687.77 rows=2517631 width=0) (actual time=3623.527..5641.945 rows=635479 loops=1)
  Hash Cond: (mk.movie_id = t.id)
  ->  Seq Scan on movie_keyword mk  (cost=0.00..69693.30 rows=4523930 width=4) (actual time=0.023..1427.095 rows=4523930 loops=1)
  ->  Hash  (cost=73925.90..73925.90 rows=1407161 width=4) (actual time=1985.374..1985.374 rows=1478384 loops=1)
        Buckets: 131072  Batches: 32  Memory Usage: 2656kB
        ->  Seq Scan on title t  (cost=0.00..73925.90 rows=1407161 width=4) (actual time=0.020..1494.390 rows=1478384 loops=1)
              Filter: ((production_year > 1945) AND (kind_id = 7))
              Rows Removed by Filter: 1049928
Planning time: 0.771 ms
Execution time: 5708.063 ms
