Hash Join  (cost=102767.86..244663.31 rows=2120020 width=0) (actual time=2012.439..5929.557 rows=2116981 loops=1)
  Hash Cond: (mk.movie_id = t.id)
  ->  Seq Scan on movie_keyword mk  (cost=0.00..81003.12 rows=2120020 width=4) (actual time=0.019..1596.841 rows=2116981 loops=1)
        Filter: (keyword_id > 5618)
        Rows Removed by Filter: 2406949
  ->  Hash  (cost=61283.27..61283.27 rows=2528527 width=4) (actual time=2011.547..2011.547 rows=2528312 loops=1)
        Buckets: 131072  Batches: 64  Memory Usage: 2425kB
        ->  Seq Scan on title t  (cost=0.00..61283.27 rows=2528527 width=4) (actual time=0.012..1115.840 rows=2528312 loops=1)
Planning time: 0.771 ms
Execution time: 6166.196 ms
