Hash Join  (cost=344432.77..2062433.76 rows=53379678 width=0) (actual time=8065.629..83869.350 rows=182917062 loops=1)
  Hash Cond: (ci.movie_id = t.id)
  ->  Seq Scan on cast_info ci  (cost=0.00..614943.12 rows=36225612 width=4) (actual time=0.019..13942.887 rows=36244344 loops=1)
  ->  Hash  (cost=283304.39..283304.39 rows=3725871 width=8) (actual time=8063.949..8063.949 rows=3722905 loops=1)
        Buckets: 131072  Batches: 64  Memory Usage: 3319kB
        ->  Hash Join  (cost=102767.86..283304.39 rows=3725871 width=8) (actual time=2014.531..7028.330 rows=3722905 loops=1)
              Hash Cond: (mk.movie_id = t.id)
              ->  Seq Scan on movie_keyword mk  (cost=0.00..81003.12 rows=3725871 width=4) (actual time=0.015..1893.791 rows=3722905 loops=1)
                    Filter: (keyword_id > 769)
                    Rows Removed by Filter: 801025
              ->  Hash  (cost=61283.27..61283.27 rows=2528527 width=4) (actual time=2012.622..2012.622 rows=2528312 loops=1)
                    Buckets: 131072  Batches: 64  Memory Usage: 2425kB
                    ->  Seq Scan on title t  (cost=0.00..61283.27 rows=2528527 width=4) (actual time=0.004..1151.520 rows=2528312 loops=1)
Planning time: 1.094 ms
Execution time: 103649.605 ms
