Seq Scan on cast_info ci  (cost=0.00..796071.18 rows=20917492 width=0) (actual time=614.289..17034.685 rows=19554289 loops=1)
  Filter: ((person_id < 3320279) AND (role_id > 1))
  Rows Removed by Filter: 16690055
Planning time: 0.338 ms
Execution time: 19464.727 ms
