Hash Join  (cost=102767.86..269253.60 rows=3141946 width=0) (actual time=2031.006..6119.530 rows=3126713 loops=1)
  Hash Cond: (mk.movie_id = t.id)
  ->  Seq Scan on movie_keyword mk  (cost=0.00..81003.12 rows=3141946 width=4) (actual time=0.018..1683.452 rows=3126713 loops=1)
        Filter: (keyword_id > 1885)
        Rows Removed by Filter: 1397217
  ->  Hash  (cost=61283.27..61283.27 rows=2528527 width=4) (actual time=2030.078..2030.078 rows=2528312 loops=1)
        Buckets: 131072  Batches: 64  Memory Usage: 2425kB
        ->  Seq Scan on title t  (cost=0.00..61283.27 rows=2528527 width=4) (actual time=0.015..1184.273 rows=2528312 loops=1)
Planning time: 0.729 ms
Execution time: 6433.971 ms
