Hash Join  (cost=190230.21..343872.33 rows=2156385 width=0) (actual time=4360.023..10057.162 rows=9090222 loops=1)
  Hash Cond: (mk.movie_id = t.id)
  ->  Seq Scan on movie_keyword mk  (cost=0.00..81003.12 rows=3950971 width=4) (actual time=0.015..1790.919 rows=3953918 loops=1)
        Filter: (keyword_id < 32207)
        Rows Removed by Filter: 570012
  ->  Hash  (cost=167588.78..167588.78 rows=1380035 width=8) (actual time=4358.899..4358.899 rows=1380035 loops=1)
        Buckets: 131072  Batches: 32  Memory Usage: 2726kB
        ->  Hash Join  (cost=102767.86..167588.78 rows=1380035 width=8) (actual time=1888.225..3935.417 rows=1380035 loops=1)
              Hash Cond: (mi_idx.movie_id = t.id)
              ->  Seq Scan on movie_info_idx mi_idx  (cost=0.00..21735.35 rows=1380035 width=4) (actual time=0.018..465.422 rows=1380035 loops=1)
              ->  Hash  (cost=61283.27..61283.27 rows=2528527 width=4) (actual time=1886.414..1886.414 rows=2528312 loops=1)
                    Buckets: 131072  Batches: 64  Memory Usage: 2415kB
                    ->  Seq Scan on title t  (cost=0.00..61283.27 rows=2528527 width=4) (actual time=0.016..1055.707 rows=2528312 loops=1)
Planning time: 1.250 ms
Execution time: 11029.018 ms
