Seq Scan on movie_info mi  (cost=0.00..346232.03 rows=2194617 width=75) (actual time=1072.547..7673.128 rows=2233850 loops=1)
  Filter: (info_type_id > 16)
  Rows Removed by Filter: 12601870
Planning time: 0.464 ms
Execution time: 7800.611 ms
