Hash Join  (cost=184257.44..1601208.12 rows=2585652 width=176) (actual time=4915.239..46321.311 rows=10284786 loops=1)
  Hash Cond: (ci.movie_id = t.id)
  ->  Seq Scan on cast_info ci  (cost=0.00..614943.12 rows=36225612 width=42) (actual time=0.014..14888.438 rows=36244344 loops=1)
  ->  Hash  (cost=178476.47..178476.47 rows=180477 width=134) (actual time=4914.087..4914.087 rows=225706 loops=1)
        Buckets: 32768 (originally 32768)  Batches: 16 (originally 8)  Memory Usage: 3841kB
        ->  Hash Join  (cost=78675.18..178476.47 rows=180477 width=134) (actual time=2346.285..4758.904 rows=225706 loops=1)
              Hash Cond: (mc.movie_id = t.id)
              ->  Seq Scan on movie_companies mc  (cost=0.00..44881.29 rows=2609129 width=40) (actual time=0.010..1003.280 rows=2609129 loops=1)
              ->  Hash  (cost=73925.90..73925.90 rows=174902 width=94) (actual time=2289.645..2289.645 rows=160286 loops=1)
                    Buckets: 32768  Batches: 8  Memory Usage: 2385kB
                    ->  Seq Scan on title t  (cost=0.00..73925.90 rows=174902 width=94) (actual time=620.660..1756.756 rows=160286 loops=1)
                          Filter: ((production_year > 2008) AND (kind_id = 1))
                          Rows Removed by Filter: 2368026
Planning time: 1.517 ms
Execution time: 46889.756 ms
