Nested Loop  (cost=0.43..141419.83 rows=158 width=0) (actual time=0.265..1712.074 rows=456 loops=1)
  ->  Seq Scan on movie_keyword mk  (cost=0.00..81003.12 rows=9048 width=4) (actual time=0.217..1326.817 rows=9942 loops=1)
        Filter: (keyword_id = 56)
        Rows Removed by Filter: 4513988
  ->  Index Scan using title_pkey on title t  (cost=0.43..6.67 rows=1 width=4) (actual time=0.038..0.038 rows=0 loops=9942)
        Index Cond: (id = mk.movie_id)
        Filter: ((kind_id < 7) AND (production_year = 2007))
        Rows Removed by Filter: 1
Planning time: 0.783 ms
Execution time: 1712.511 ms
