Hash Join  (cost=74440.79..829355.20 rows=205696 width=0) (actual time=1240.073..17274.909 rows=205167 loops=1)
  Hash Cond: (ci.movie_id = t.id)
  ->  Seq Scan on cast_info ci  (cost=0.00..705507.15 rows=12626747 width=4) (actual time=0.018..12217.271 rows=12573180 loops=1)
        Filter: (person_id < 1239879)
        Rows Removed by Filter: 23671164
  ->  Hash  (cost=73925.90..73925.90 rows=41191 width=4) (actual time=1239.136..1239.136 rows=43851 loops=1)
        Buckets: 65536  Batches: 1  Memory Usage: 2054kB
        ->  Seq Scan on title t  (cost=0.00..73925.90 rows=41191 width=4) (actual time=0.016..1220.776 rows=43851 loops=1)
              Filter: ((kind_id = 7) AND (production_year = 2003))
              Rows Removed by Filter: 2484461
Planning time: 0.747 ms
Execution time: 17304.345 ms
