Hash Join  (cost=68268.32..95468.62 rows=28981 width=0) (actual time=1192.321..1672.772 rows=12165 loops=1)
  Hash Cond: (mi_idx.movie_id = t.id)
  ->  Seq Scan on movie_info_idx mi_idx  (cost=0.00..21735.35 rows=1380035 width=4) (actual time=0.024..262.315 rows=1380035 loops=1)
  ->  Hash  (cost=67604.59..67604.59 rows=53099 width=4) (actual time=1091.935..1091.935 rows=51722 loops=1)
        Buckets: 65536  Batches: 1  Memory Usage: 2331kB
        ->  Seq Scan on title t  (cost=0.00..67604.59 rows=53099 width=4) (actual time=194.653..1072.156 rows=51722 loops=1)
              Filter: (production_year < 1914)
              Rows Removed by Filter: 2476590
Planning time: 0.733 ms
Execution time: 1674.702 ms
