Hash Join  (cost=88511.62..134529.23 rows=485213 width=0) (actual time=1595.710..3498.101 rows=281865 loops=1)
  Hash Cond: (mi_idx.movie_id = t.id)
  ->  Seq Scan on movie_info_idx mi_idx  (cost=0.00..21735.35 rows=1380035 width=4) (actual time=0.041..469.070 rows=1380035 loops=1)
  ->  Hash  (cost=73925.90..73925.90 rows=889017 width=4) (actual time=1584.980..1584.980 rows=810813 loops=1)
        Buckets: 131072  Batches: 16  Memory Usage: 2806kB
        ->  Seq Scan on title t  (cost=0.00..73925.90 rows=889017 width=4) (actual time=0.074..1320.168 rows=810813 loops=1)
              Filter: ((kind_id > 4) AND (production_year < 2006))
              Rows Removed by Filter: 1717499
Planning time: 0.745 ms
Execution time: 3532.357 ms
