Hash Join  (cost=73959.65..825135.64 rows=38682 width=0) (actual time=1056.703..17030.910 rows=30804 loops=1)
  Hash Cond: (ci.movie_id = t.id)
  ->  Seq Scan on cast_info ci  (cost=0.00..614943.12 rows=36225612 width=4) (actual time=0.018..8687.663 rows=36244344 loops=1)
  ->  Hash  (cost=73925.90..73925.90 rows=2700 width=4) (actual time=1055.787..1055.787 rows=1454 loops=1)
        Buckets: 4096  Batches: 1  Memory Usage: 84kB
        ->  Seq Scan on title t  (cost=0.00..73925.90 rows=2700 width=4) (actual time=0.383..1054.963 rows=1454 loops=1)
              Filter: ((production_year > 2012) AND (kind_id = 3))
              Rows Removed by Filter: 2526858
Planning time: 0.752 ms
Execution time: 17039.158 ms
