Hash Join  (cost=104570.16..1515251.68 rows=32279434 width=0) (actual time=2109.491..45527.286 rows=33769737 loops=1)
  Hash Cond: (ci.movie_id = t.id)
  ->  Seq Scan on cast_info ci  (cost=0.00..614943.12 rows=36225612 width=4) (actual time=0.022..13475.621 rows=36244344 loops=1)
  ->  Hash  (cost=67604.59..67604.59 rows=2253086 width=4) (actual time=2108.712..2108.712 rows=2244594 loops=1)
        Buckets: 131072  Batches: 32  Memory Usage: 3493kB
        ->  Seq Scan on title t  (cost=0.00..67604.59 rows=2253086 width=4) (actual time=0.020..1376.557 rows=2244594 loops=1)
              Filter: (production_year > 1956)
              Rows Removed by Filter: 283718
Planning time: 0.718 ms
Execution time: 49442.500 ms
