Seq Scan on movie_companies mc  (cost=0.00..57926.93 rows=740741 width=0) (actual time=161.672..926.021 rows=526853 loops=1)
  Filter: ((company_id > 7281) AND (company_type_id < 2))
  Rows Removed by Filter: 2082276
Planning time: 0.343 ms
Execution time: 994.178 ms
