Hash Join  (cost=103324.96..736973.44 rows=12691365 width=0) (actual time=2114.834..20326.524 rows=11866180 loops=1)
  Hash Cond: (mi.movie_id = t.id)
  ->  Seq Scan on movie_info mi  (cost=0.00..309384.22 rows=14739122 width=4) (actual time=0.012..6050.675 rows=14835720 loops=1)
  ->  Hash  (cost=67604.59..67604.59 rows=2177230 width=4) (actual time=2113.958..2113.958 rows=2171163 loops=1)
        Buckets: 131072  Batches: 32  Memory Usage: 3421kB
        ->  Seq Scan on title t  (cost=0.00..67604.59 rows=2177230 width=4) (actual time=0.026..1377.667 rows=2171163 loops=1)
              Filter: (production_year > 1963)
              Rows Removed by Filter: 357149
Planning time: 0.765 ms
Execution time: 21780.935 ms
