Seq Scan on title t  (cost=0.00..73925.90 rows=235742 width=0) (actual time=52.135..1061.061 rows=129555 loops=1)
  Filter: ((production_year < 1971) AND (kind_id = 7))
  Rows Removed by Filter: 2398757
Planning time: 0.389 ms
Execution time: 1079.635 ms
