Seq Scan on title t  (cost=0.00..73925.90 rows=752714 width=0) (actual time=0.022..1166.178 rows=657199 loops=1)
  Filter: ((kind_id < 7) AND (production_year > 1981))
  Rows Removed by Filter: 1871113
Planning time: 0.339 ms
Execution time: 1245.098 ms
