Hash Join  (cost=178335.39..699760.09 rows=3900477 width=0) (actual time=3912.570..21904.772 rows=20344132 loops=1)
  Hash Cond: (mi.movie_id = t.id)
  ->  Seq Scan on movie_info mi  (cost=0.00..309384.22 rows=14739122 width=4) (actual time=0.017..6269.048 rows=14835720 loops=1)
  ->  Hash  (cost=167357.20..167357.20 rows=669135 width=8) (actual time=3911.625..3911.625 rows=524254 loops=1)
        Buckets: 131072  Batches: 16  Memory Usage: 2316kB
        ->  Hash Join  (cost=89299.55..167357.20 rows=669135 width=8) (actual time=2086.277..3752.637 rows=524254 loops=1)
              Hash Cond: (mc.movie_id = t.id)
              ->  Seq Scan on movie_companies mc  (cost=0.00..51404.11 rows=1279517 width=4) (actual time=355.502..1038.111 rows=1274246 loops=1)
                    Filter: (company_type_id < 2)
                    Rows Removed by Filter: 1334883
              ->  Hash  (cost=67604.59..67604.59 rows=1322317 width=4) (actual time=1729.954..1729.954 rows=1322863 loops=1)
                    Buckets: 131072  Batches: 32  Memory Usage: 2481kB
                    ->  Seq Scan on title t  (cost=0.00..67604.59 rows=1322317 width=4) (actual time=0.032..1281.601 rows=1322863 loops=1)
                          Filter: (production_year > 2001)
                          Rows Removed by Filter: 1205449
Planning time: 1.292 ms
Execution time: 24268.361 ms
