Hash Join  (cost=134939.67..932056.88 rows=736 width=0) (actual time=15710.321..16023.331 rows=408 loops=1)
  Hash Cond: (ci.movie_id = t.id)
  ->  Seq Scan on cast_info ci  (cost=0.00..796071.18 rows=276979 width=4) (actual time=13343.446..13642.817 rows=96062 loops=1)
        Filter: ((person_id < 2913413) AND (role_id > 10))
        Rows Removed by Filter: 36148282
  ->  Hash  (cost=134855.70..134855.70 rows=6718 width=8) (actual time=2363.725..2363.725 rows=2615 loops=1)
        Buckets: 8192  Batches: 1  Memory Usage: 167kB
        ->  Hash Join  (cost=74228.29..134855.70 rows=6718 width=8) (actual time=1701.623..2362.925 rows=2615 loops=1)
              Hash Cond: (mc.movie_id = t.id)
              ->  Seq Scan on movie_companies mc  (cost=0.00..57926.93 rows=702211 width=4) (actual time=447.017..909.294 rows=935587 loops=1)
                    Filter: ((company_id > 11137) AND (company_type_id = 2))
                    Rows Removed by Filter: 1673542
              ->  Hash  (cost=73925.90..73925.90 rows=24191 width=4) (actual time=1251.297..1251.297 rows=24602 loops=1)
                    Buckets: 32768  Batches: 1  Memory Usage: 1121kB
                    ->  Seq Scan on title t  (cost=0.00..73925.90 rows=24191 width=4) (actual time=0.053..1240.921 rows=24602 loops=1)
                          Filter: ((kind_id = 7) AND (production_year = 1995))
                          Rows Removed by Filter: 2503710
Planning time: 1.329 ms
Execution time: 16024.641 ms
