Hash Join  (cost=83810.17..210176.32 rows=1048073 width=0) (actual time=1665.368..5261.406 rows=2275277 loops=1)
  Hash Cond: (mk.movie_id = t.id)
  ->  Seq Scan on movie_keyword mk  (cost=0.00..81003.12 rows=2683010 width=4) (actual time=0.018..1728.889 rows=2673698 loops=1)
        Filter: (keyword_id > 3078)
        Rows Removed by Filter: 1850232
  ->  Hash  (cost=67604.59..67604.59 rows=987727 width=4) (actual time=1663.946..1663.946 rows=985048 loops=1)
        Buckets: 131072  Batches: 16  Memory Usage: 3197kB
        ->  Seq Scan on title t  (cost=0.00..67604.59 rows=987727 width=4) (actual time=0.021..1340.326 rows=985048 loops=1)
              Filter: (kind_id < 7)
              Rows Removed by Filter: 1543264
Planning time: 3.363 ms
Execution time: 5514.554 ms
