Seq Scan on cast_info ci  (cost=0.00..705507.15 rows=500 width=0) (actual time=5114.647..11212.407 rows=396 loops=1)
  Filter: (person_id = 1764093)
  Rows Removed by Filter: 36243948
Planning time: 0.394 ms
Execution time: 11212.544 ms
