Hash Join  (cost=250433.81..1541960.26 rows=20680228 width=0) (actual time=7227.262..84813.264 rows=180053662 loops=1)
  Hash Cond: (ci.movie_id = t.id)
  ->  Seq Scan on cast_info ci  (cost=0.00..614943.12 rows=36225612 width=4) (actual time=0.027..13565.778 rows=36244344 loops=1)
  ->  Hash  (cost=226751.46..226751.46 rows=1443468 width=8) (actual time=7225.594..7225.594 rows=3649321 loops=1)
        Buckets: 131072 (originally 131072)  Batches: 64 (originally 32)  Memory Usage: 3287kB
        ->  Hash Join  (cost=87162.74..226751.46 rows=1443468 width=8) (actual time=1836.010..6194.292 rows=3649321 loops=1)
              Hash Cond: (mk.movie_id = t.id)
              ->  Seq Scan on movie_keyword mk  (cost=0.00..69693.30 rows=4523930 width=4) (actual time=0.023..1363.421 rows=4523930 loops=1)
              ->  Hash  (cost=73925.90..73925.90 rows=806787 width=4) (actual time=1835.330..1835.330 rows=843018 loops=1)
                    Buckets: 131072  Batches: 16  Memory Usage: 2888kB
                    ->  Seq Scan on title t  (cost=0.00..73925.90 rows=806787 width=4) (actual time=0.025..1282.309 rows=843018 loops=1)
                          Filter: ((kind_id < 7) AND (production_year < 2011))
                          Rows Removed by Filter: 1685294
Planning time: 4.739 ms
Execution time: 104820.381 ms
