Seq Scan on title t  (cost=0.00..73925.90 rows=25681 width=0) (actual time=0.007..1188.993 rows=23707 loops=1)
  Filter: ((kind_id < 7) AND (production_year = 2013))
  Rows Removed by Filter: 2504605
Planning time: 0.353 ms
Execution time: 1193.192 ms
