Hash Join  (cost=102767.86..219747.78 rows=1084603 width=0) (actual time=2159.732..4806.559 rows=1089221 loops=1)
  Hash Cond: (mk.movie_id = t.id)
  ->  Seq Scan on movie_keyword mk  (cost=0.00..81003.12 rows=1084603 width=4) (actual time=0.019..1507.432 rows=1089221 loops=1)
        Filter: (keyword_id < 1116)
        Rows Removed by Filter: 3434709
  ->  Hash  (cost=61283.27..61283.27 rows=2528527 width=4) (actual time=2158.440..2158.440 rows=2528312 loops=1)
        Buckets: 131072  Batches: 64  Memory Usage: 2425kB
        ->  Seq Scan on title t  (cost=0.00..61283.27 rows=2528527 width=4) (actual time=0.010..1299.867 rows=2528312 loops=1)
Planning time: 0.546 ms
Execution time: 4921.831 ms
