Seq Scan on cast_info ci  (cost=0.00..796071.18 rows=24190723 width=0) (actual time=0.027..16908.215 rows=23806161 loops=1)
  Filter: ((person_id > 538647) AND (role_id < 8))
  Rows Removed by Filter: 12438183
Planning time: 0.405 ms
Execution time: 19809.225 ms
