Seq Scan on movie_companies mc  (cost=0.00..57926.93 rows=424857 width=0) (actual time=215.597..871.876 rows=241243 loops=1)
  Filter: ((company_id < 2042) AND (company_type_id > 1))
  Rows Removed by Filter: 2367886
Planning time: 0.315 ms
Execution time: 901.668 ms
