Hash Join  (cost=75238.98..198985.45 rows=143143 width=0) (actual time=1124.551..4704.888 rows=630924 loops=1)
  Hash Cond: (mk.movie_id = t.id)
  ->  Seq Scan on movie_keyword mk  (cost=0.00..69693.30 rows=4523930 width=4) (actual time=0.018..1488.145 rows=4523930 loops=1)
  ->  Hash  (cost=73925.90..73925.90 rows=80006 width=4) (actual time=1123.747..1123.747 rows=180389 loops=1)
        Buckets: 131072 (originally 131072)  Batches: 4 (originally 2)  Memory Usage: 3073kB
        ->  Seq Scan on title t  (cost=0.00..73925.90 rows=80006 width=4) (actual time=0.880..1054.405 rows=180389 loops=1)
              Filter: ((kind_id < 7) AND (production_year < 1956))
              Rows Removed by Filter: 2347923
Planning time: 0.799 ms
Execution time: 4777.020 ms
