Hash Join  (cost=71711.64..567087.28 rows=1459172 width=0) (actual time=1371.708..14253.266 rows=2667224 loops=1)
  Hash Cond: (mi.movie_id = t.id)
  ->  Seq Scan on movie_info mi  (cost=0.00..309384.22 rows=14739122 width=4) (actual time=0.020..6111.622 rows=14835720 loops=1)
  ->  Hash  (cost=67604.59..67604.59 rows=250324 width=4) (actual time=1370.789..1370.789 rows=252521 loops=1)
        Buckets: 131072  Batches: 4  Memory Usage: 3250kB
        ->  Seq Scan on title t  (cost=0.00..67604.59 rows=250324 width=4) (actual time=0.026..1278.412 rows=252521 loops=1)
              Filter: (production_year < 1961)
              Rows Removed by Filter: 2275791
Planning time: 0.752 ms
Execution time: 14547.823 ms
