Hash Join  (cost=246932.97..816056.78 rows=8370789 width=0) (actual time=6062.230..30623.382 rows=52243937 loops=1)
  Hash Cond: (mi.movie_id = t.id)
  ->  Seq Scan on movie_info mi  (cost=0.00..309384.22 rows=14739122 width=4) (actual time=0.015..6265.421 rows=14835720 loops=1)
  ->  Hash  (cost=223372.64..223372.64 rows=1436026 width=8) (actual time=6060.253..6060.253 rows=1013707 loops=1)
        Buckets: 131072  Batches: 32  Memory Usage: 2362kB
        ->  Hash Join  (cost=85777.42..223372.64 rows=1436026 width=8) (actual time=1676.545..5743.168 rows=1013707 loops=1)
              Hash Cond: (mk.movie_id = t.id)
              ->  Seq Scan on movie_keyword mk  (cost=0.00..81003.12 rows=3278089 width=4) (actual time=0.014..1881.303 rows=3265823 loops=1)
                    Filter: (keyword_id < 14272)
                    Rows Removed by Filter: 1258107
              ->  Hash  (cost=67604.59..67604.59 rows=1107667 width=4) (actual time=1675.461..1675.461 rows=1107925 loops=1)
                    Buckets: 131072  Batches: 16  Memory Usage: 3467kB
                    ->  Seq Scan on title t  (cost=0.00..67604.59 rows=1107667 width=4) (actual time=0.026..1317.612 rows=1107925 loops=1)
                          Filter: (production_year > 2004)
                          Rows Removed by Filter: 1420387
Planning time: 14.681 ms
Execution time: 36336.109 ms
