Nested Loop  (cost=0.43..709673.15 rows=18 width=0) (actual time=4489.107..9146.708 rows=3 loops=1)
  ->  Seq Scan on cast_info ci  (cost=0.00..705507.15 rows=500 width=4) (actual time=4488.572..9145.872 rows=29 loops=1)
        Filter: (person_id = 2683701)
        Rows Removed by Filter: 36244315
  ->  Index Scan using title_pkey on title t  (cost=0.43..8.32 rows=1 width=4) (actual time=0.027..0.027 rows=0 loops=29)
        Index Cond: (id = ci.movie_id)
        Filter: (kind_id = 2)
        Rows Removed by Filter: 1
Planning time: 0.788 ms
Execution time: 9146.842 ms
