Hash Join  (cost=98137.04..949465.65 rows=1750765 width=0) (actual time=8971.746..18118.326 rows=2755236 loops=1)
  Hash Cond: (ci.movie_id = t.id)
  ->  Seq Scan on cast_info ci  (cost=0.00..796071.18 rows=2378756 width=4) (actual time=6614.468..12167.233 rows=3691091 loops=1)
        Filter: ((person_id > 3391173) AND (role_id > 1))
        Rows Removed by Filter: 32553253
  ->  Hash  (cost=67604.59..67604.59 rows=1860996 width=4) (actual time=2355.954..2355.954 rows=1865487 loops=1)
        Buckets: 131072  Batches: 32  Memory Usage: 3079kB
        ->  Seq Scan on title t  (cost=0.00..67604.59 rows=1860996 width=4) (actual time=0.025..1443.757 rows=1865487 loops=1)
              Filter: (kind_id > 1)
              Rows Removed by Filter: 662825
Planning time: 1.489 ms
Execution time: 18431.549 ms
