Seq Scan on cast_info ci  (cost=0.00..796071.18 rows=133332 width=0) (actual time=7654.178..11831.689 rows=67568 loops=1)
  Filter: ((person_id < 512916) AND (role_id = 5))
  Rows Removed by Filter: 36176776
Planning time: 2.192 ms
Execution time: 11843.255 ms
