Seq Scan on movie_keyword mk  (cost=0.00..81003.12 rows=2148184 width=0) (actual time=0.008..1496.457 rows=2147107 loops=1)
  Filter: (keyword_id > 5433)
  Rows Removed by Filter: 2376823
Planning time: 0.323 ms
Execution time: 1767.132 ms
