Hash Join  (cost=219566.08..263255.70 rows=349514 width=0) (actual time=4597.235..6469.859 rows=1322117 loops=1)
  Hash Cond: (mi_idx.movie_id = t.id)
  ->  Seq Scan on movie_info_idx mi_idx  (cost=0.00..21735.35 rows=1380035 width=4) (actual time=0.015..454.916 rows=1380035 loops=1)
  ->  Hash  (cost=209059.26..209059.26 rows=640386 width=8) (actual time=4595.797..4595.797 rows=641726 loops=1)
        Buckets: 131072  Batches: 16  Memory Usage: 2617kB
        ->  Hash Join  (cost=102767.86..209059.26 rows=640386 width=8) (actual time=1946.868..4393.627 rows=641726 loops=1)
              Hash Cond: (mk.movie_id = t.id)
              ->  Seq Scan on movie_keyword mk  (cost=0.00..81003.12 rows=640386 width=4) (actual time=0.027..1463.572 rows=641726 loops=1)
                    Filter: (keyword_id < 498)
                    Rows Removed by Filter: 3882204
              ->  Hash  (cost=61283.27..61283.27 rows=2528527 width=4) (actual time=1945.514..1945.514 rows=2528312 loops=1)
                    Buckets: 131072  Batches: 64  Memory Usage: 2425kB
                    ->  Seq Scan on title t  (cost=0.00..61283.27 rows=2528527 width=4) (actual time=0.010..1097.981 rows=2528312 loops=1)
Planning time: 1.172 ms
Execution time: 6612.686 ms
