Hash Join  (cost=120817.76..223226.15 rows=110697 width=0) (actual time=2422.880..4735.580 rows=292695 loops=1)
  Hash Cond: (mk.movie_id = t.id)
  ->  Seq Scan on movie_keyword mk  (cost=0.00..81003.12 rows=1699814 width=4) (actual time=0.025..1569.206 rows=1710660 loops=1)
        Filter: (keyword_id > 8386)
        Rows Removed by Filter: 2813270
  ->  Hash  (cost=118115.44..118115.44 rows=164665 width=8) (actual time=2421.964..2421.964 rows=123044 loops=1)
        Buckets: 131072  Batches: 4  Memory Usage: 2225kB
        ->  Hash Join  (cost=82423.69..118115.44 rows=164665 width=8) (actual time=1522.518..2383.478 rows=123044 loops=1)
              Hash Cond: (mi_idx.movie_id = t.id)
              ->  Seq Scan on movie_info_idx mi_idx  (cost=0.00..25185.44 rows=460978 width=4) (actual time=0.013..467.495 rows=459925 loops=1)
                    Filter: (info_type_id < 100)
                    Rows Removed by Filter: 920110
              ->  Hash  (cost=67604.59..67604.59 rows=903208 width=4) (actual time=1521.535..1521.535 rows=904491 loops=1)
                    Buckets: 131072  Batches: 16  Memory Usage: 3010kB
                    ->  Seq Scan on title t  (cost=0.00..67604.59 rows=903208 width=4) (actual time=0.022..1227.204 rows=904491 loops=1)
                          Filter: (production_year > 2006)
                          Rows Removed by Filter: 1623821
Planning time: 1.113 ms
Execution time: 4771.475 ms
