Nested Loop  (cost=32807.94..197265.60 rows=16680 width=0) (actual time=688.616..2351.226 rows=47931 loops=1)
  Join Filter: (mc.movie_id = t.id)
  ->  Hash Join  (cost=32807.51..107404.35 rows=105735 width=8) (actual time=688.563..1767.762 rows=54014 loops=1)
        Hash Cond: (mc.movie_id = mi_idx.movie_id)
        ->  Seq Scan on movie_companies mc  (cost=0.00..51404.11 rows=111145 width=4) (actual time=0.035..911.103 rows=111318 loops=1)
              Filter: (company_id > 151148)
              Rows Removed by Filter: 2497811
        ->  Hash  (cost=25185.44..25185.44 rows=464566 width=4) (actual time=687.750..687.750 rows=459925 loops=1)
              Buckets: 131072  Batches: 8  Memory Usage: 3050kB
              ->  Seq Scan on movie_info_idx mi_idx  (cost=0.00..25185.44 rows=464566 width=4) (actual time=0.023..540.437 rows=459925 loops=1)
                    Filter: (info_type_id = 101)
                    Rows Removed by Filter: 920110
  ->  Index Scan using title_pkey on title t  (cost=0.43..0.84 rows=1 width=4) (actual time=0.010..0.010 rows=1 loops=54014)
        Index Cond: (id = mi_idx.movie_id)
        Filter: (production_year < 2011)
        Rows Removed by Filter: 0
Planning time: 1.578 ms
Execution time: 2359.511 ms
