Seq Scan on movie_keyword mk  (cost=0.00..81003.12 rows=2128600 width=0) (actual time=0.027..1527.820 rows=2132848 loops=1)
  Filter: (keyword_id < 3945)
  Rows Removed by Filter: 2391082
Planning time: 0.398 ms
Execution time: 1786.169 ms
