Hash Join  (cost=161637.73..297185.32 rows=1161851 width=0) (actual time=4186.484..8728.180 rows=3964391 loops=1)
  Hash Cond: (mk.movie_id = t.id)
  ->  Seq Scan on movie_keyword mk  (cost=0.00..81003.12 rows=3422388 width=4) (actual time=0.023..1751.518 rows=3414464 loops=1)
        Filter: (keyword_id > 1135)
        Rows Removed by Filter: 1109466
  ->  Hash  (cost=147553.76..147553.76 rows=858398 width=8) (actual time=4184.802..4184.802 rows=785768 loops=1)
        Buckets: 131072  Batches: 16  Memory Usage: 2955kB
        ->  Hash Join  (cost=93408.25..147553.76 rows=858398 width=8) (actual time=1899.275..3947.548 rows=785768 loops=1)
              Hash Cond: (mi_idx.movie_id = t.id)
              ->  Seq Scan on movie_info_idx mi_idx  (cost=0.00..21735.35 rows=1380035 width=4) (actual time=0.021..491.555 rows=1380035 loops=1)
              ->  Hash  (cost=67604.59..67604.59 rows=1572773 width=4) (actual time=1897.763..1897.763 rows=1570568 loops=1)
                    Buckets: 131072  Batches: 32  Memory Usage: 2751kB
                    ->  Seq Scan on title t  (cost=0.00..67604.59 rows=1572773 width=4) (actual time=0.045..1357.061 rows=1570568 loops=1)
                          Filter: (production_year > 1996)
                          Rows Removed by Filter: 957744
Planning time: 6.285 ms
Execution time: 9229.740 ms
