Hash Join  (cost=274477.24..910016.66 rows=10736113 width=0) (actual time=6027.273..38826.443 rows=82732487 loops=1)
  Hash Cond: (mi.movie_id = t.id)
  ->  Seq Scan on movie_info mi  (cost=0.00..346232.03 rows=13591652 width=4) (actual time=0.010..7404.881 rows=13631011 loops=1)
        Filter: (info_type_id < 35)
        Rows Removed by Filter: 1204709
  ->  Hash  (cost=241709.04..241709.04 rows=1997296 width=8) (actual time=6025.668..6025.668 rows=2007349 loops=1)
        Buckets: 131072  Batches: 32  Memory Usage: 3541kB
        ->  Hash Join  (cost=102767.86..241709.04 rows=1997296 width=8) (actual time=1926.577..5436.490 rows=2007349 loops=1)
              Hash Cond: (mk.movie_id = t.id)
              ->  Seq Scan on movie_keyword mk  (cost=0.00..81003.12 rows=1997296 width=4) (actual time=0.014..1523.791 rows=2007349 loops=1)
                    Filter: (keyword_id > 6230)
                    Rows Removed by Filter: 2516581
              ->  Hash  (cost=61283.27..61283.27 rows=2528527 width=4) (actual time=1925.216..1925.216 rows=2528312 loops=1)
                    Buckets: 131072  Batches: 64  Memory Usage: 2425kB
                    ->  Seq Scan on title t  (cost=0.00..61283.27 rows=2528527 width=4) (actual time=0.016..1030.527 rows=2528312 loops=1)
Planning time: 1.151 ms
Execution time: 47678.784 ms
