Nested Loop  (cost=0.43..83072.90 rows=67 width=0) (actual time=633.095..1270.526 rows=12 loops=1)
  ->  Seq Scan on movie_keyword mk  (cost=0.00..81003.12 rows=246 width=4) (actual time=5.931..1258.165 rows=259 loops=1)
        Filter: (keyword_id = 305)
        Rows Removed by Filter: 4523671
  ->  Index Scan using title_pkey on title t  (cost=0.43..8.40 rows=1 width=4) (actual time=0.045..0.045 rows=0 loops=259)
        Index Cond: (id = mk.movie_id)
        Filter: ((production_year < 2002) AND (kind_id = 7))
        Rows Removed by Filter: 1
Planning time: 0.746 ms
Execution time: 1270.652 ms
