Hash Join  (cost=83074.50..109985.95 rows=97 width=0) (actual time=1128.778..1492.280 rows=3834 loops=1)
  Hash Cond: (mi_idx.movie_id = t.id)
  ->  Seq Scan on movie_info_idx mi_idx  (cost=0.00..21735.35 rows=1380035 width=4) (actual time=0.017..185.663 rows=1380035 loops=1)
  ->  Hash  (cost=83072.29..83072.29 rows=177 width=8) (actual time=1123.358..1123.358 rows=1901 loops=1)
        Buckets: 2048 (originally 1024)  Batches: 1 (originally 1)  Memory Usage: 91kB
        ->  Nested Loop  (cost=0.43..83072.29 rows=177 width=8) (actual time=0.802..1122.189 rows=1901 loops=1)
              ->  Seq Scan on movie_keyword mk  (cost=0.00..81003.12 rows=246 width=4) (actual time=0.771..1052.922 rows=3040 loops=1)
                    Filter: (keyword_id = 580)
                    Rows Removed by Filter: 4520890
              ->  Index Scan using title_pkey on title t  (cost=0.43..8.40 rows=1 width=4) (actual time=0.022..0.022 rows=1 loops=3040)
                    Index Cond: (id = mk.movie_id)
                    Filter: (production_year > 1987)
                    Rows Removed by Filter: 0
Planning time: 2.318 ms
Execution time: 1492.975 ms
