Hash Join  (cost=128766.65..523741.19 rows=25883 width=0) (actual time=2717.198..11454.864 rows=66682 loops=1)
  Hash Cond: (mi.movie_id = t.id)
  ->  Seq Scan on movie_info mi  (cost=0.00..346232.03 rows=12928982 width=4) (actual time=228.100..6649.701 rows=12970088 loops=1)
        Filter: (info_type_id < 18)
        Rows Removed by Filter: 1865632
  ->  Hash  (cost=128703.37..128703.37 rows=5062 width=8) (actual time=2487.997..2487.997 rows=8112 loops=1)
        Buckets: 8192  Batches: 1  Memory Usage: 381kB
        ->  Hash Join  (cost=73987.23..128703.37 rows=5062 width=8) (actual time=1238.339..2484.619 rows=8112 loops=1)
              Hash Cond: (mc.movie_id = t.id)
              ->  Seq Scan on movie_companies mc  (cost=0.00..44881.29 rows=2609129 width=4) (actual time=0.015..705.734 rows=2609129 loops=1)
              ->  Hash  (cost=73925.90..73925.90 rows=4906 width=4) (actual time=1236.327..1236.327 rows=5919 loops=1)
                    Buckets: 8192  Batches: 1  Memory Usage: 273kB
                    ->  Seq Scan on title t  (cost=0.00..73925.90 rows=4906 width=4) (actual time=146.707..1233.444 rows=5919 loops=1)
                          Filter: ((kind_id > 3) AND (production_year = 1962))
                          Rows Removed by Filter: 2522393
Planning time: 1.155 ms
Execution time: 11464.966 ms
