Seq Scan on movie_keyword mk  (cost=0.00..81003.12 rows=246 width=0) (actual time=16.463..1321.251 rows=356 loops=1)
  Filter: (keyword_id = 2572)
  Rows Removed by Filter: 4523574
Planning time: 2.364 ms
Execution time: 1321.507 ms
