Hash Join  (cost=92883.59..264379.98 rows=2722637 width=0) (actual time=3225.623..5836.750 rows=633461 loops=1)
  Hash Cond: (mk.movie_id = t.id)
  ->  Seq Scan on movie_keyword mk  (cost=0.00..81003.12 rows=4467979 width=4) (actual time=0.020..1842.401 rows=4466327 loops=1)
        Filter: (keyword_id > 55)
        Rows Removed by Filter: 57603
  ->  Hash  (cost=67604.59..67604.59 rows=1540800 width=4) (actual time=1705.038..1705.038 rows=1543264 loops=1)
        Buckets: 131072  Batches: 32  Memory Usage: 2728kB
        ->  Seq Scan on title t  (cost=0.00..67604.59 rows=1540800 width=4) (actual time=304.114..1208.029 rows=1543264 loops=1)
              Filter: (kind_id = 7)
              Rows Removed by Filter: 985048
Planning time: 0.769 ms
Execution time: 5909.581 ms
