Hash Join  (cost=67697.55..432786.99 rows=43351 width=0) (actual time=1102.276..9189.291 rows=93390 loops=1)
  Hash Cond: (mi.movie_id = t.id)
  ->  Seq Scan on movie_info mi  (cost=0.00..309384.22 rows=14739122 width=4) (actual time=0.008..4634.302 rows=14835720 loops=1)
  ->  Hash  (cost=67604.59..67604.59 rows=7437 width=4) (actual time=1100.843..1100.843 rows=15000 loops=1)
        Buckets: 16384 (originally 8192)  Batches: 1 (originally 1)  Memory Usage: 656kB
        ->  Seq Scan on title t  (cost=0.00..67604.59 rows=7437 width=4) (actual time=0.074..1094.141 rows=15000 loops=1)
              Filter: (production_year = 1970)
              Rows Removed by Filter: 2513312
Planning time: 0.792 ms
Execution time: 9204.999 ms
