Hash Join  (cost=104048.65..159170.82 rows=45665 width=0) (actual time=2017.997..3381.920 rows=161051 loops=1)
  Hash Cond: (mc.movie_id = t.id)
  ->  Seq Scan on movie_companies mc  (cost=0.00..44881.29 rows=2609129 width=4) (actual time=0.015..617.989 rows=2609129 loops=1)
  ->  Hash  (cost=103495.47..103495.47 rows=44254 width=8) (actual time=2017.395..2017.395 rows=44155 loops=1)
        Buckets: 65536  Batches: 1  Memory Usage: 2237kB
        ->  Hash Join  (cost=71587.82..103495.47 rows=44254 width=8) (actual time=1217.859..2000.020 rows=44155 loops=1)
              Hash Cond: (mi_idx.movie_id = t.id)
              ->  Seq Scan on movie_info_idx mi_idx  (cost=0.00..25185.44 rows=460978 width=4) (actual time=0.015..497.137 rows=459925 loops=1)
                    Filter: (info_type_id = 99)
                    Rows Removed by Filter: 920110
              ->  Hash  (cost=67604.59..67604.59 rows=242739 width=4) (actual time=1216.588..1216.588 rows=241400 loops=1)
                    Buckets: 131072  Batches: 4  Memory Usage: 3146kB
                    ->  Seq Scan on title t  (cost=0.00..67604.59 rows=242739 width=4) (actual time=0.022..1135.239 rows=241400 loops=1)
                          Filter: (production_year < 1960)
                          Rows Removed by Filter: 2286912
Planning time: 1.076 ms
Execution time: 3403.731 ms
