Seq Scan on movie_companies mc  (cost=0.00..51404.11 rows=753026 width=0) (actual time=0.027..972.874 rows=757749 loops=1)
  Filter: (company_id > 35769)
  Rows Removed by Filter: 1851380
Planning time: 0.342 ms
Execution time: 1068.902 ms
