Hash Join  (cost=162379.97..1027407.15 rows=733214 width=0) (actual time=4888.148..28979.517 rows=3654428 loops=1)
  Hash Cond: (ci.movie_id = t.id)
  ->  Seq Scan on cast_info ci  (cost=0.00..705507.15 rows=30437577 width=4) (actual time=1209.614..12714.185 rows=30538219 loops=1)
        Filter: (person_id > 552359)
        Rows Removed by Filter: 5706125
  ->  Hash  (cost=161618.59..161618.59 rows=60910 width=8) (actual time=3677.975..3677.975 rows=210466 loops=1)
        Buckets: 131072 (originally 65536)  Batches: 2 (originally 1)  Memory Usage: 5064kB
        ->  Hash Join  (cost=74351.46..161618.59 rows=60910 width=8) (actual time=1099.598..3609.584 rows=210466 loops=1)
              Hash Cond: (mk.movie_id = t.id)
              ->  Seq Scan on movie_keyword mk  (cost=0.00..69693.30 rows=4523930 width=4) (actual time=0.039..1076.387 rows=4523930 loops=1)
              ->  Hash  (cost=73925.90..73925.90 rows=34044 width=4) (actual time=1095.229..1095.229 rows=130314 loops=1)
                    Buckets: 131072 (originally 65536)  Batches: 2 (originally 1)  Memory Usage: 3310kB
                    ->  Seq Scan on title t  (cost=0.00..73925.90 rows=34044 width=4) (actual time=0.022..1041.976 rows=130314 loops=1)
                          Filter: ((production_year < 1936) AND (kind_id = 1))
                          Rows Removed by Filter: 2397998
Planning time: 1.185 ms
Execution time: 29402.916 ms
