Seq Scan on title t  (cost=0.00..73925.90 rows=3448 width=0) (actual time=475.529..1021.861 rows=3637 loops=1)
  Filter: ((kind_id = 3) AND (production_year = 2004))
  Rows Removed by Filter: 2524675
Planning time: 0.401 ms
Execution time: 1022.821 ms
