Hash Join  (cost=190321.90..550533.57 rows=207902 width=0) (actual time=5661.805..9875.842 rows=451069 loops=1)
  Hash Cond: (mi.movie_id = t.id)
  ->  Seq Scan on movie_info mi  (cost=0.00..346232.03 rows=809768 width=4) (actual time=1661.256..5233.526 rows=802140 loops=1)
        Filter: (info_type_id < 2)
        Rows Removed by Filter: 14033580
  ->  Hash  (cost=179671.15..179671.15 rows=649180 width=8) (actual time=3999.642..3999.642 rows=654207 loops=1)
        Buckets: 131072  Batches: 16  Memory Usage: 2646kB
        ->  Hash Join  (cost=102767.86..179671.15 rows=649180 width=8) (actual time=1974.189..3798.015 rows=654207 loops=1)
              Hash Cond: (mc.movie_id = t.id)
              ->  Seq Scan on movie_companies mc  (cost=0.00..51404.11 rows=649180 width=4) (actual time=0.031..872.692 rows=654207 loops=1)
                    Filter: (company_id > 53831)
                    Rows Removed by Filter: 1954922
              ->  Hash  (cost=61283.27..61283.27 rows=2528527 width=4) (actual time=1972.695..1972.695 rows=2528312 loops=1)
                    Buckets: 131072  Batches: 64  Memory Usage: 2415kB
                    ->  Seq Scan on title t  (cost=0.00..61283.27 rows=2528527 width=4) (actual time=0.020..1125.177 rows=2528312 loops=1)
Planning time: 1.156 ms
Execution time: 9937.286 ms
