Hash Join  (cost=128303.11..602847.63 rows=1396715 width=0) (actual time=2676.157..14221.192 rows=2348505 loops=1)
  Hash Cond: (mi.movie_id = t.id)
  ->  Seq Scan on movie_info mi  (cost=0.00..346232.03 rows=9767026 width=4) (actual time=0.857..6695.095 rows=9911754 loops=1)
        Filter: (info_type_id > 4)
        Rows Removed by Filter: 4923966
  ->  Hash  (cost=122370.28..122370.28 rows=361587 width=8) (actual time=2674.355..2674.355 rows=252549 loops=1)
        Buckets: 131072  Batches: 8  Memory Usage: 2250kB
        ->  Hash Join  (cost=78473.92..122370.28 rows=361587 width=8) (actual time=1385.702..2592.430 rows=252549 loops=1)
              Hash Cond: (mi_idx.movie_id = t.id)
              ->  Seq Scan on movie_info_idx mi_idx  (cost=0.00..21735.35 rows=1380035 width=4) (actual time=0.015..409.264 rows=1380035 loops=1)
              ->  Hash  (cost=67604.59..67604.59 rows=662507 width=4) (actual time=1384.488..1384.488 rows=662065 loops=1)
                    Buckets: 131072  Batches: 16  Memory Usage: 2481kB
                    ->  Seq Scan on title t  (cost=0.00..67604.59 rows=662507 width=4) (actual time=0.029..1159.045 rows=662065 loops=1)
                          Filter: (production_year > 2008)
                          Rows Removed by Filter: 1866247
Planning time: 1.236 ms
Execution time: 14494.989 ms
