Hash Join  (cost=101699.99..853842.17 rows=135295 width=0) (actual time=1862.329..21071.561 rows=395070 loops=1)
  Hash Cond: (ci.movie_id = t.id)
  ->  Seq Scan on cast_info ci  (cost=0.00..614943.12 rows=36225612 width=4) (actual time=0.013..9221.751 rows=36244344 loops=1)
  ->  Hash  (cost=101581.94..101581.94 rows=9444 width=8) (actual time=1861.843..1861.843 rows=24031 loops=1)
        Buckets: 32768 (originally 16384)  Batches: 1 (originally 1)  Memory Usage: 1195kB
        ->  Hash Join  (cost=74573.39..101581.94 rows=9444 width=8) (actual time=1537.724..1852.627 rows=24031 loops=1)
              Hash Cond: (mi_idx.movie_id = t.id)
              ->  Seq Scan on movie_info_idx mi_idx  (cost=0.00..25185.44 rows=460978 width=4) (actual time=0.017..461.971 rows=459925 loops=1)
                    Filter: (info_type_id = 99)
                    Rows Removed by Filter: 920110
              ->  Hash  (cost=73925.90..73925.90 rows=51799 width=4) (actual time=1226.882..1226.882 rows=56736 loops=1)
                    Buckets: 65536  Batches: 1  Memory Usage: 2507kB
                    ->  Seq Scan on title t  (cost=0.00..73925.90 rows=51799 width=4) (actual time=0.023..1204.528 rows=56736 loops=1)
                          Filter: ((production_year < 2006) AND (kind_id = 2))
                          Rows Removed by Filter: 2471576
Planning time: 1.242 ms
Execution time: 21136.917 ms
