Hash Join  (cost=83074.74..833899.15 rows=3524 width=0) (actual time=1353.181..16949.002 rows=8525 loops=1)
  Hash Cond: (ci.movie_id = t.id)
  ->  Seq Scan on cast_info ci  (cost=0.00..614943.12 rows=36225612 width=4) (actual time=0.024..8710.720 rows=36244344 loops=1)
  ->  Hash  (cost=83071.67..83071.67 rows=246 width=8) (actual time=1347.458..1347.458 rows=205 loops=1)
        Buckets: 1024  Batches: 1  Memory Usage: 17kB
        ->  Nested Loop  (cost=0.43..83071.67 rows=246 width=8) (actual time=0.779..1347.220 rows=205 loops=1)
              ->  Seq Scan on movie_keyword mk  (cost=0.00..81003.12 rows=246 width=4) (actual time=0.690..1335.293 rows=205 loops=1)
                    Filter: (keyword_id = 18717)
                    Rows Removed by Filter: 4523725
              ->  Index Only Scan using title_pkey on title t  (cost=0.43..8.40 rows=1 width=4) (actual time=0.054..0.055 rows=1 loops=205)
                    Index Cond: (id = mk.movie_id)
                    Heap Fetches: 205
Planning time: 1.268 ms
Execution time: 16952.606 ms
