Hash Join  (cost=83810.17..182967.57 rows=360987 width=0) (actual time=1478.385..3620.847 rows=817849 loops=1)
  Hash Cond: (mk.movie_id = t.id)
  ->  Seq Scan on movie_keyword mk  (cost=0.00..81003.12 rows=924106 width=4) (actual time=0.032..1266.307 rows=930708 loops=1)
        Filter: (keyword_id < 872)
        Rows Removed by Filter: 3593222
  ->  Hash  (cost=67604.59..67604.59 rows=987727 width=4) (actual time=1477.498..1477.498 rows=985048 loops=1)
        Buckets: 131072  Batches: 16  Memory Usage: 3197kB
        ->  Seq Scan on title t  (cost=0.00..67604.59 rows=987727 width=4) (actual time=0.007..1163.854 rows=985048 loops=1)
              Filter: (kind_id < 7)
              Rows Removed by Filter: 1543264
Planning time: 0.752 ms
Execution time: 3725.525 ms
