Hash Join  (cost=110878.98..228553.85 rows=105825 width=0) (actual time=2381.165..4844.910 rows=190136 loops=1)
  Hash Cond: (mk.movie_id = t.id)
  ->  Seq Scan on movie_keyword mk  (cost=0.00..81003.12 rows=3050264 width=4) (actual time=0.015..1533.241 rows=3038175 loops=1)
        Filter: (keyword_id < 10998)
        Rows Removed by Filter: 1485755
  ->  Hash  (cost=109439.43..109439.43 rows=87724 width=8) (actual time=2380.115..2380.115 rows=62055 loops=1)
        Buckets: 131072  Batches: 2  Memory Usage: 2236kB
        ->  Hash Join  (cost=70241.71..109439.43 rows=87724 width=8) (actual time=1328.014..2358.180 rows=62055 loops=1)
              Hash Cond: (mi_idx.movie_id = t.id)
              ->  Seq Scan on movie_info_idx mi_idx  (cost=0.00..21735.35 rows=1380035 width=4) (actual time=0.014..454.496 rows=1380035 loops=1)
              ->  Hash  (cost=67604.59..67604.59 rows=160730 width=4) (actual time=1119.116..1119.116 rows=160017 loops=1)
                    Buckets: 131072  Batches: 4  Memory Usage: 2436kB
                    ->  Seq Scan on title t  (cost=0.00..67604.59 rows=160730 width=4) (actual time=0.024..1032.323 rows=160017 loops=1)
                          Filter: (production_year = 2011)
                          Rows Removed by Filter: 2368295
Planning time: 1.177 ms
Execution time: 4868.856 ms
