Seq Scan on movie_companies mc  (cost=0.00..57926.93 rows=377926 width=0) (actual time=466.644..903.173 rows=62550 loops=1)
  Filter: ((company_id > 33188) AND (company_type_id = 1))
  Rows Removed by Filter: 2546579
Planning time: 0.404 ms
Execution time: 911.726 ms
