Seq Scan on movie_keyword mk  (cost=0.00..81003.12 rows=2401016 width=0) (actual time=0.017..1484.351 rows=2403696 loops=1)
  Filter: (keyword_id < 5601)
  Rows Removed by Filter: 2120234
Planning time: 0.385 ms
Execution time: 1786.010 ms
