Hash Join  (cost=89762.59..232697.81 rows=1790171 width=0) (actual time=1807.250..5609.938 rows=2263677 loops=1)
  Hash Cond: (mk.movie_id = t.id)
  ->  Seq Scan on movie_keyword mk  (cost=0.00..81003.12 rows=3351570 width=4) (actual time=0.023..1699.500 rows=3349949 loops=1)
        Filter: (keyword_id > 1382)
        Rows Removed by Filter: 1173981
  ->  Hash  (cost=67604.59..67604.59 rows=1350560 width=4) (actual time=1805.764..1805.764 rows=1348293 loops=1)
        Buckets: 131072  Batches: 32  Memory Usage: 2513kB
        ->  Seq Scan on title t  (cost=0.00..67604.59 rows=1350560 width=4) (actual time=0.014..1359.361 rows=1348293 loops=1)
              Filter: (production_year < 2005)
              Rows Removed by Filter: 1180019
Planning time: 7.503 ms
Execution time: 5834.053 ms
