Hash Join  (cost=797960.46..852628.29 rows=231 width=0) (actual time=13840.408..14901.994 rows=269 loops=1)
  Hash Cond: (mc.movie_id = t.id)
  ->  Seq Scan on movie_companies mc  (cost=0.00..44881.29 rows=2609129 width=4) (actual time=0.020..615.907 rows=2609129 loops=1)
  ->  Hash  (cost=797957.66..797957.66 rows=224 width=8) (actual time=13811.929..13811.929 rows=171 loops=1)
        Buckets: 1024  Batches: 1  Memory Usage: 15kB
        ->  Nested Loop  (cost=0.43..797957.66 rows=224 width=8) (actual time=9773.171..13811.842 rows=171 loops=1)
              ->  Seq Scan on cast_info ci  (cost=0.00..796071.18 rows=224 width=4) (actual time=9773.079..13805.495 rows=171 loops=1)
                    Filter: ((role_id > 2) AND (person_id = 3418931))
                    Rows Removed by Filter: 36244173
              ->  Index Only Scan using title_pkey on title t  (cost=0.43..8.41 rows=1 width=4) (actual time=0.036..0.036 rows=1 loops=171)
                    Index Cond: (id = ci.movie_id)
                    Heap Fetches: 171
Planning time: 1.188 ms
Execution time: 14902.144 ms
