Hash Join  (cost=83074.73..833884.81 rows=2088 width=0) (actual time=1130.833..16806.908 rows=2669 loops=1)
  Hash Cond: (ci.movie_id = t.id)
  ->  Seq Scan on cast_info ci  (cost=0.00..614943.12 rows=36225612 width=4) (actual time=0.023..8814.458 rows=36244344 loops=1)
  ->  Hash  (cost=83072.90..83072.90 rows=146 width=8) (actual time=1124.788..1124.788 rows=59 loops=1)
        Buckets: 1024  Batches: 1  Memory Usage: 11kB
        ->  Nested Loop  (cost=0.43..83072.90 rows=146 width=8) (actual time=962.129..1124.739 rows=59 loops=1)
              ->  Seq Scan on movie_keyword mk  (cost=0.00..81003.12 rows=246 width=4) (actual time=1.687..1073.972 rows=2223 loops=1)
                    Filter: (keyword_id = 11172)
                    Rows Removed by Filter: 4521707
              ->  Index Scan using title_pkey on title t  (cost=0.43..8.40 rows=1 width=4) (actual time=0.022..0.022 rows=0 loops=2223)
                    Index Cond: (id = mk.movie_id)
                    Filter: ((production_year > 0) AND (kind_id = 7))
                    Rows Removed by Filter: 1
Planning time: 1.239 ms
Execution time: 16808.714 ms
