Hash Join  (cost=101266.48..156029.75 rows=9774 width=0) (actual time=1833.570..2866.154 rows=15414 loops=1)
  Hash Cond: (mc.movie_id = t.id)
  ->  Seq Scan on movie_companies mc  (cost=0.00..44881.29 rows=2609129 width=4) (actual time=0.023..646.850 rows=2609129 loops=1)
  ->  Hash  (cost=101148.07..101148.07 rows=9473 width=8) (actual time=1712.750..1712.750 rows=4461 loops=1)
        Buckets: 16384  Batches: 1  Memory Usage: 303kB
        ->  Hash Join  (cost=74142.85..101148.07 rows=9473 width=8) (actual time=1079.926..1710.863 rows=4461 loops=1)
              Hash Cond: (mi_idx.movie_id = t.id)
              ->  Seq Scan on movie_info_idx mi_idx  (cost=0.00..21735.35 rows=1380035 width=4) (actual time=0.016..315.138 rows=1380035 loops=1)
              ->  Hash  (cost=73925.90..73925.90 rows=17356 width=4) (actual time=1079.583..1079.583 rows=18804 loops=1)
                    Buckets: 32768  Batches: 1  Memory Usage: 918kB
                    ->  Seq Scan on title t  (cost=0.00..73925.90 rows=17356 width=4) (actual time=40.514..1071.717 rows=18804 loops=1)
                          Filter: ((kind_id = 1) AND (production_year = 2013))
                          Rows Removed by Filter: 2509508
Planning time: 1.221 ms
Execution time: 2868.515 ms
