Hash Join  (cost=83074.74..954084.53 rows=1944 width=0) (actual time=1361.867..22241.709 rows=1558 loops=1)
  Hash Cond: (ci.movie_id = t.id)
  ->  Seq Scan on cast_info ci  (cost=0.00..796071.18 rows=19978443 width=4) (actual time=0.012..18123.373 rows=20122661 loops=1)
        Filter: ((person_id < 4045087) AND (role_id < 3))
        Rows Removed by Filter: 16121683
  ->  Hash  (cost=83071.67..83071.67 rows=246 width=8) (actual time=1355.024..1355.024 rows=111 loops=1)
        Buckets: 1024  Batches: 1  Memory Usage: 13kB
        ->  Nested Loop  (cost=0.43..83071.67 rows=246 width=8) (actual time=5.366..1354.868 rows=111 loops=1)
              ->  Seq Scan on movie_keyword mk  (cost=0.00..81003.12 rows=246 width=4) (actual time=5.307..1347.283 rows=111 loops=1)
                    Filter: (keyword_id = 3043)
                    Rows Removed by Filter: 4523819
              ->  Index Only Scan using title_pkey on title t  (cost=0.43..8.40 rows=1 width=4) (actual time=0.063..0.064 rows=1 loops=111)
                    Index Cond: (id = mk.movie_id)
                    Heap Fetches: 111
Planning time: 1.170 ms
Execution time: 22242.952 ms
