Hash Join  (cost=892050.20..1017286.36 rows=265412 width=0) (actual time=12780.175..15527.863 rows=314 loops=1)
  Hash Cond: (mk.movie_id = t.id)
  ->  Seq Scan on movie_keyword mk  (cost=0.00..69693.30 rows=4523930 width=4) (actual time=0.028..1532.934 rows=4523930 loops=1)
  ->  Hash  (cost=889615.89..889615.89 rows=148345 width=8) (actual time=12705.188..12705.188 rows=99 loops=1)
        Buckets: 131072  Batches: 2  Memory Usage: 1032kB
        ->  Hash Join  (cost=83810.17..889615.89 rows=148345 width=8) (actual time=10611.443..12705.013 rows=99 loops=1)
              Hash Cond: (ci.movie_id = t.id)
              ->  Seq Scan on cast_info ci  (cost=0.00..796071.18 rows=379755 width=4) (actual time=9048.652..11010.466 rows=228 loops=1)
                    Filter: ((person_id < 180172) AND (role_id = 2))
                    Rows Removed by Filter: 36244116
              ->  Hash  (cost=67604.59..67604.59 rows=987727 width=4) (actual time=1547.292..1547.292 rows=985048 loops=1)
                    Buckets: 131072  Batches: 16  Memory Usage: 3188kB
                    ->  Seq Scan on title t  (cost=0.00..67604.59 rows=987727 width=4) (actual time=0.031..1221.213 rows=985048 loops=1)
                          Filter: (kind_id < 7)
                          Rows Removed by Filter: 1543264
Planning time: 1.140 ms
Execution time: 15528.178 ms
