Hash Join  (cost=249970.81..624649.39 rows=742004 width=0) (actual time=5631.741..12647.257 rows=1604048 loops=1)
  Hash Cond: (mi.movie_id = t.id)
  ->  Seq Scan on movie_info mi  (cost=0.00..346232.03 rows=1348138 width=4) (actual time=0.023..5728.957 rows=1298989 loops=1)
        Filter: (info_type_id = 4)
        Rows Removed by Filter: 13536731
  ->  Hash  (cost=227137.80..227137.80 rows=1391681 width=8) (actual time=5631.036..5631.036 rows=1407786 loops=1)
        Buckets: 131072  Batches: 32  Memory Usage: 2813kB
        ->  Hash Join  (cost=102767.86..227137.80 rows=1391681 width=8) (actual time=2102.085..5205.471 rows=1407786 loops=1)
              Hash Cond: (mk.movie_id = t.id)
              ->  Seq Scan on movie_keyword mk  (cost=0.00..81003.12 rows=1391681 width=4) (actual time=0.022..1540.768 rows=1407786 loops=1)
                    Filter: (keyword_id < 1916)
                    Rows Removed by Filter: 3116144
              ->  Hash  (cost=61283.27..61283.27 rows=2528527 width=4) (actual time=2099.669..2099.669 rows=2528312 loops=1)
                    Buckets: 131072  Batches: 64  Memory Usage: 2425kB
                    ->  Seq Scan on title t  (cost=0.00..61283.27 rows=2528527 width=4) (actual time=0.042..1219.495 rows=2528312 loops=1)
Planning time: 2.571 ms
Execution time: 12843.773 ms
