Hash Join  (cost=97204.67..1339827.71 rows=20327688 width=0) (actual time=1859.391..39649.407 rows=21264347 loops=1)
  Hash Cond: (ci.movie_id = t.id)
  ->  Seq Scan on cast_info ci  (cost=0.00..614943.12 rows=36225612 width=4) (actual time=0.022..13683.282 rows=36244344 loops=1)
  ->  Hash  (cost=73925.90..73925.90 rows=1418861 width=4) (actual time=1858.681..1858.681 rows=1490818 loops=1)
        Buckets: 131072  Batches: 32  Memory Usage: 2663kB
        ->  Seq Scan on title t  (cost=0.00..73925.90 rows=1418861 width=4) (actual time=0.083..1385.097 rows=1490818 loops=1)
              Filter: ((kind_id > 4) AND (production_year > 1945))
              Rows Removed by Filter: 1037494
Planning time: 0.796 ms
Execution time: 41975.303 ms
