Seq Scan on title t  (cost=0.00..73925.90 rows=124805 width=0) (actual time=0.135..995.465 rows=22607 loops=1)
  Filter: ((production_year < 1956) AND (kind_id = 7))
  Rows Removed by Filter: 2505705
Planning time: 0.423 ms
Execution time: 999.679 ms
