Hash Join  (cost=1294464.17..2708989.26 rows=68608024 width=0) (actual time=29685.322..86260.475 rows=157118827 loops=1)
  Hash Cond: (mi.movie_id = t.id)
  ->  Seq Scan on movie_info mi  (cost=0.00..309384.22 rows=14739122 width=4) (actual time=0.014..6270.388 rows=14835720 loops=1)
  ->  Hash  (cost=1101365.05..1101365.05 rows=11769849 width=8) (actual time=29684.455..29684.455 rows=11840230 loops=1)
        Buckets: 131072  Batches: 256  Memory Usage: 2905kB
        ->  Hash Join  (cost=102767.86..1101365.05 rows=11769849 width=8) (actual time=2152.821..26102.798 rows=11840230 loops=1)
              Hash Cond: (ci.movie_id = t.id)
              ->  Seq Scan on cast_info ci  (cost=0.00..705507.15 rows=11769849 width=4) (actual time=241.828..13255.546 rows=11840230 loops=1)
                    Filter: (person_id > 2506132)
                    Rows Removed by Filter: 24404114
              ->  Hash  (cost=61283.27..61283.27 rows=2528527 width=4) (actual time=1909.182..1909.182 rows=2528312 loops=1)
                    Buckets: 131072  Batches: 64  Memory Usage: 2415kB
                    ->  Seq Scan on title t  (cost=0.00..61283.27 rows=2528527 width=4) (actual time=0.034..1043.429 rows=2528312 loops=1)
Planning time: 1.132 ms
Execution time: 103505.263 ms
