Hash Join  (cost=601085.26..1989112.73 rows=16850127 width=0) (actual time=16526.591..65899.714 rows=66002092 loops=1)
  Hash Cond: (ci.movie_id = t.id)
  ->  Seq Scan on cast_info ci  (cost=0.00..614943.12 rows=36225612 width=4) (actual time=0.015..13642.782 rows=36244344 loops=1)
  ->  Hash  (cost=581788.65..581788.65 rows=1176129 width=8) (actual time=16524.171..16524.171 rows=3408877 loops=1)
        Buckets: 131072 (originally 131072)  Batches: 64 (originally 16)  Memory Usage: 3144kB
        ->  Hash Join  (cost=77815.08..581788.65 rows=1176129 width=8) (actual time=1579.140..15520.016 rows=3408877 loops=1)
              Hash Cond: (mi.movie_id = t.id)
              ->  Seq Scan on movie_info mi  (cost=0.00..346232.03 rows=12545135 width=4) (actual time=141.024..7138.975 rows=12601870 loops=1)
                    Filter: (info_type_id < 17)
                    Rows Removed by Filter: 2233850
              ->  Hash  (cost=73925.90..73925.90 rows=237054 width=4) (actual time=1430.410..1430.410 rows=349645 loops=1)
                    Buckets: 131072 (originally 131072)  Batches: 8 (originally 4)  Memory Usage: 3073kB
                    ->  Seq Scan on title t  (cost=0.00..73925.90 rows=237054 width=4) (actual time=0.022..1286.091 rows=349645 loops=1)
                          Filter: ((kind_id < 7) AND (production_year < 1986))
                          Rows Removed by Filter: 2178667
Planning time: 1.280 ms
Execution time: 73290.459 ms
