Nested Loop  (cost=0.43..83072.90 rows=111 width=0) (actual time=0.175..1166.577 rows=752 loops=1)
  ->  Seq Scan on movie_keyword mk  (cost=0.00..81003.12 rows=246 width=4) (actual time=0.137..1125.780 rows=1391 loops=1)
        Filter: (keyword_id = 21369)
        Rows Removed by Filter: 4522539
  ->  Index Scan using title_pkey on title t  (cost=0.43..8.40 rows=1 width=4) (actual time=0.028..0.028 rows=1 loops=1391)
        Index Cond: (id = mk.movie_id)
        Filter: ((kind_id > 1) AND (production_year < 2007))
        Rows Removed by Filter: 0
Planning time: 1.131 ms
Execution time: 1166.920 ms
