Hash Join  (cost=216386.65..771881.65 rows=7093508 width=0) (actual time=4731.847..28653.192 rows=47187669 loops=1)
  Hash Cond: (mi.movie_id = t.id)
  ->  Seq Scan on movie_info mi  (cost=0.00..309384.22 rows=14739122 width=4) (actual time=0.013..6101.169 rows=14835720 loops=1)
  ->  Hash  (cost=196421.32..196421.32 rows=1216906 width=8) (actual time=4730.984..4730.984 rows=1211739 loops=1)
        Buckets: 131072  Batches: 16  Memory Usage: 4040kB
        ->  Hash Join  (cost=107058.56..196421.32 rows=1216906 width=8) (actual time=2156.239..4416.783 rows=1211739 loops=1)
              Hash Cond: (mc.movie_id = t.id)
              ->  Seq Scan on movie_companies mc  (cost=0.00..51404.11 rows=1279517 width=4) (actual time=0.025..1004.624 rows=1274246 loops=1)
                    Filter: (company_type_id = 1)
                    Rows Removed by Filter: 1334883
              ->  Hash  (cost=67604.59..67604.59 rows=2404798 width=4) (actual time=2155.181..2155.181 rows=2396371 loops=1)
                    Buckets: 131072  Batches: 32  Memory Usage: 3657kB
                    ->  Seq Scan on title t  (cost=0.00..67604.59 rows=2404798 width=4) (actual time=0.015..1397.459 rows=2396371 loops=1)
                          Filter: (production_year > 1914)
                          Rows Removed by Filter: 131941
Planning time: 5.930 ms
Execution time: 33734.544 ms
