Hash Join  (cost=478612.02..1369543.54 rows=3552063 width=0) (actual time=14612.329..28792.010 rows=1387223 loops=1)
  Hash Cond: (ci.movie_id = t.id)
  ->  Seq Scan on cast_info ci  (cost=0.00..705507.15 rows=12726058 width=4) (actual time=6130.052..14373.480 rows=12670688 loops=1)
        Filter: (role_id = 1)
        Rows Removed by Filter: 23573656
  ->  Hash  (cost=467033.07..467033.07 rows=705756 width=8) (actual time=8481.021..8481.021 rows=145883 loops=1)
        Buckets: 131072  Batches: 16  Memory Usage: 1380kB
        ->  Hash Join  (cost=92883.59..467033.07 rows=705756 width=8) (actual time=4662.392..8440.041 rows=145883 loops=1)
              Hash Cond: (mi.movie_id = t.id)
              ->  Seq Scan on movie_info mi  (cost=0.00..346232.03 rows=1158179 width=4) (actual time=2211.781..5284.809 rows=1204709 loops=1)
                    Filter: (info_type_id > 18)
                    Rows Removed by Filter: 13631011
              ->  Hash  (cost=67604.59..67604.59 rows=1540800 width=4) (actual time=2329.159..2329.159 rows=1543264 loops=1)
                    Buckets: 131072  Batches: 32  Memory Usage: 2728kB
                    ->  Seq Scan on title t  (cost=0.00..67604.59 rows=1540800 width=4) (actual time=0.693..1303.068 rows=1543264 loops=1)
                          Filter: (kind_id = 7)
                          Rows Removed by Filter: 985048
Planning time: 1.182 ms
Execution time: 28938.008 ms
