Seq Scan on movie_keyword mk  (cost=0.00..81003.12 rows=3144761 width=0) (actual time=0.037..1497.273 rows=3133124 loops=1)
  Filter: (keyword_id > 1876)
  Rows Removed by Filter: 1390806
Planning time: 0.334 ms
Execution time: 1877.820 ms
