Seq Scan on cast_info ci  (cost=0.00..705507.15 rows=35972750 width=0) (actual time=0.026..13334.866 rows=36033205 loops=1)
  Filter: (person_id > 24855)
  Rows Removed by Filter: 211139
Planning time: 0.349 ms
Execution time: 17751.952 ms
