Hash Join  (cost=67697.55..122439.81 rows=7674 width=0) (actual time=1120.026..2212.072 rows=7665 loops=1)
  Hash Cond: (mc.movie_id = t.id)
  ->  Seq Scan on movie_companies mc  (cost=0.00..44881.29 rows=2609129 width=4) (actual time=0.026..606.017 rows=2609129 loops=1)
  ->  Hash  (cost=67604.59..67604.59 rows=7437 width=4) (actual time=1119.800..1119.800 rows=2730 loops=1)
        Buckets: 8192  Batches: 1  Memory Usage: 160kB
        ->  Seq Scan on title t  (cost=0.00..67604.59 rows=7437 width=4) (actual time=0.182..1118.354 rows=2730 loops=1)
              Filter: (production_year = 1938)
              Rows Removed by Filter: 2525582
Planning time: 0.768 ms
Execution time: 2213.561 ms
