Hash Join  (cost=263115.61..1667585.76 rows=29150479 width=0) (actual time=6106.352..53473.708 rows=59779158 loops=1)
  Hash Cond: (ci.movie_id = t.id)
  ->  Seq Scan on cast_info ci  (cost=0.00..705507.15 rows=28249954 width=4) (actual time=0.027..16378.937 rows=28292502 loops=1)
        Filter: (person_id < 2884242)
        Rows Removed by Filter: 7951842
  ->  Hash  (cost=220309.49..220309.49 rows=2609129 width=8) (actual time=6105.508..6105.508 rows=2609129 loops=1)
        Buckets: 131072  Batches: 64  Memory Usage: 2610kB
        ->  Hash Join  (cost=102767.86..220309.49 rows=2609129 width=8) (actual time=1971.012..5375.136 rows=2609129 loops=1)
              Hash Cond: (mc.movie_id = t.id)
              ->  Seq Scan on movie_companies mc  (cost=0.00..44881.29 rows=2609129 width=4) (actual time=0.019..905.440 rows=2609129 loops=1)
              ->  Hash  (cost=61283.27..61283.27 rows=2528527 width=4) (actual time=1969.641..1969.641 rows=2528312 loops=1)
                    Buckets: 131072  Batches: 64  Memory Usage: 2415kB
                    ->  Seq Scan on title t  (cost=0.00..61283.27 rows=2528527 width=4) (actual time=0.019..1114.471 rows=2528312 loops=1)
Planning time: 1.184 ms
Execution time: 60262.618 ms
