Hash Join  (cost=102767.86..1029852.56 rows=8797880 width=0) (actual time=1979.236..22124.022 rows=8683804 loops=1)
  Hash Cond: (ci.movie_id = t.id)
  ->  Seq Scan on cast_info ci  (cost=0.00..705507.15 rows=8797880 width=4) (actual time=32.228..12913.151 rows=8683804 loops=1)
        Filter: (person_id < 854639)
        Rows Removed by Filter: 27560540
  ->  Hash  (cost=61283.27..61283.27 rows=2528527 width=4) (actual time=1945.730..1945.730 rows=2528312 loops=1)
        Buckets: 131072  Batches: 64  Memory Usage: 2415kB
        ->  Seq Scan on title t  (cost=0.00..61283.27 rows=2528527 width=4) (actual time=0.020..1087.415 rows=2528312 loops=1)
Planning time: 3.601 ms
Execution time: 23114.018 ms
