Nested Loop  (cost=0.43..52283.69 rows=104 width=0) (actual time=0.961..891.088 rows=162 loops=1)
  ->  Seq Scan on movie_companies mc  (cost=0.00..51404.11 rows=104 width=4) (actual time=0.905..879.894 rows=162 loops=1)
        Filter: (company_id = 14539)
        Rows Removed by Filter: 2608967
  ->  Index Only Scan using title_pkey on title t  (cost=0.43..8.45 rows=1 width=4) (actual time=0.067..0.067 rows=1 loops=162)
        Index Cond: (id = mc.movie_id)
        Heap Fetches: 162
Planning time: 0.769 ms
Execution time: 891.226 ms
