Hash Join  (cost=458185.67..1552361.64 rows=2554831 width=0) (actual time=7720.369..38308.358 rows=1890064 loops=1)
  Hash Cond: (ci.movie_id = t.id)
  ->  Seq Scan on cast_info ci  (cost=0.00..796071.18 rows=23479325 width=4) (actual time=0.024..19922.765 rows=23531453 loops=1)
        Filter: ((person_id < 4055388) AND (role_id > 1))
        Rows Removed by Filter: 12712891
  ->  Hash  (cost=453671.49..453671.49 rows=275134 width=8) (actual time=7719.346..7719.346 rows=127537 loops=1)
        Buckets: 131072  Batches: 4  Memory Usage: 2271kB
        ->  Hash Join  (cost=92883.59..453671.49 rows=275134 width=8) (actual time=4074.980..7677.219 rows=127537 loops=1)
              Hash Cond: (mi.movie_id = t.id)
              ->  Seq Scan on movie_info mi  (cost=0.00..346232.03 rows=451508 width=4) (actual time=1879.320..3807.648 rows=474443 loops=1)
                    Filter: (info_type_id = 6)
                    Rows Removed by Filter: 14361277
              ->  Hash  (cost=67604.59..67604.59 rows=1540800 width=4) (actual time=2194.453..2194.453 rows=1543264 loops=1)
                    Buckets: 131072  Batches: 32  Memory Usage: 2728kB
                    ->  Seq Scan on title t  (cost=0.00..67604.59 rows=1540800 width=4) (actual time=0.029..1241.274 rows=1543264 loops=1)
                          Filter: (kind_id = 7)
                          Rows Removed by Filter: 985048
Planning time: 1.283 ms
Execution time: 38546.668 ms
