Seq Scan on cast_info ci  (cost=0.00..705507.15 rows=19410198 width=0) (actual time=0.013..12617.310 rows=19572777 loops=1)
  Filter: (person_id > 1650460)
  Rows Removed by Filter: 16671567
Planning time: 0.244 ms
Execution time: 15034.523 ms
