Hash Join  (cost=195335.91..347406.49 rows=1871923 width=0) (actual time=4647.504..10864.442 rows=10691341 loops=1)
  Hash Cond: (mk.movie_id = t.id)
  ->  Seq Scan on movie_keyword mk  (cost=0.00..81003.12 rows=4141127 width=4) (actual time=0.020..1809.537 rows=4143463 loops=1)
        Filter: (keyword_id < 44907)
        Rows Removed by Filter: 380467
  ->  Hash  (cost=176583.71..176583.71 rows=1142976 width=8) (actual time=4646.346..4646.346 rows=917132 loops=1)
        Buckets: 131072  Batches: 16  Memory Usage: 3294kB
        ->  Hash Join  (cost=85777.42..176583.71 rows=1142976 width=8) (actual time=1597.539..4348.166 rows=917132 loops=1)
              Hash Cond: (mc.movie_id = t.id)
              ->  Seq Scan on movie_companies mc  (cost=0.00..44881.29 rows=2609129 width=4) (actual time=0.021..939.386 rows=2609129 loops=1)
              ->  Hash  (cost=67604.59..67604.59 rows=1107667 width=4) (actual time=1596.245..1596.245 rows=1107925 loops=1)
                    Buckets: 131072  Batches: 16  Memory Usage: 3460kB
                    ->  Seq Scan on title t  (cost=0.00..67604.59 rows=1107667 width=4) (actual time=0.021..1248.101 rows=1107925 loops=1)
                          Filter: (production_year > 2004)
                          Rows Removed by Filter: 1420387
Planning time: 1.196 ms
Execution time: 12127.723 ms
