Seq Scan on title t  (cost=0.00..67604.59 rows=1775195 width=0) (actual time=0.024..1215.777 rows=1772072 loops=1)
  Filter: (production_year > 1989)
  Rows Removed by Filter: 756240
Planning time: 7.339 ms
Execution time: 1443.314 ms
