Hash Join  (cost=135058.39..215349.27 rows=380135 width=0) (actual time=2990.742..4815.736 rows=401031 loops=1)
  Hash Cond: (mc.movie_id = t.id)
  ->  Seq Scan on movie_companies mc  (cost=0.00..44881.29 rows=2609129 width=4) (actual time=0.029..906.510 rows=2609129 loops=1)
  ->  Hash  (cost=129013.49..129013.49 rows=368392 width=8) (actual time=2788.875..2788.875 rows=173847 loops=1)
        Buckets: 131072  Batches: 8  Memory Usage: 1866kB
        ->  Hash Join  (cost=85000.09..129013.49 rows=368392 width=8) (actual time=1764.400..2738.712 rows=173847 loops=1)
              Hash Cond: (mi_idx.movie_id = t.id)
              ->  Seq Scan on movie_info_idx mi_idx  (cost=0.00..21735.35 rows=1380035 width=4) (actual time=0.022..439.224 rows=1380035 loops=1)
              ->  Hash  (cost=73925.90..73925.90 rows=674975 width=4) (actual time=1538.762..1538.762 rows=739679 loops=1)
                    Buckets: 131072  Batches: 16  Memory Usage: 2654kB
                    ->  Seq Scan on title t  (cost=0.00..73925.90 rows=674975 width=4) (actual time=268.313..1297.129 rows=739679 loops=1)
                          Filter: ((production_year > 2004) AND (kind_id = 7))
                          Rows Removed by Filter: 1788633
Planning time: 1.180 ms
Execution time: 4860.184 ms
