Hash Join  (cost=58375.77..423033.22 rows=152 width=0) (actual time=2710.435..7839.288 rows=16 loops=1)
  Hash Cond: (mi.movie_id = t.id)
  ->  Seq Scan on movie_info mi  (cost=0.00..309384.22 rows=14739122 width=4) (actual time=0.020..4403.295 rows=14835720 loops=1)
  ->  Hash  (cost=58375.45..58375.45 rows=26 width=8) (actual time=762.510..762.510 rows=2 loops=1)
        Buckets: 1024  Batches: 1  Memory Usage: 9kB
        ->  Nested Loop  (cost=0.43..58375.45 rows=26 width=8) (actual time=523.259..762.498 rows=2 loops=1)
              ->  Seq Scan on movie_companies mc  (cost=0.00..57926.93 rows=53 width=4) (actual time=0.675..741.762 rows=441 loops=1)
                    Filter: ((company_id = 24761) AND (company_type_id = 2))
                    Rows Removed by Filter: 2608688
              ->  Index Scan using title_pkey on title t  (cost=0.43..8.45 rows=1 width=4) (actual time=0.046..0.046 rows=0 loops=441)
                    Index Cond: (id = mc.movie_id)
                    Filter: ((production_year < 2011) AND (kind_id = 7))
                    Rows Removed by Filter: 1
Planning time: 1.242 ms
Execution time: 7839.445 ms
