Hash Join  (cost=842372.82..2185340.66 rows=32366247 width=0) (actual time=26216.933..66807.685 rows=81247872 loops=1)
  Hash Cond: (ci.movie_id = t.id)
  ->  Seq Scan on cast_info ci  (cost=0.00..796071.18 rows=8636159 width=4) (actual time=5904.608..15951.305 rows=10003493 loops=1)
        Filter: ((person_id > 1023755) AND (role_id > 3))
        Rows Removed by Filter: 26240851
  ->  Hash  (cost=686901.94..686901.94 rows=9476311 width=8) (actual time=20308.757..20308.757 rows=9565151 loops=1)
        Buckets: 131072  Batches: 128  Memory Usage: 3919kB
        ->  Hash Join  (cost=102767.86..686901.94 rows=9476311 width=8) (actual time=2786.356..17566.192 rows=9565151 loops=1)
              Hash Cond: (mi.movie_id = t.id)
              ->  Seq Scan on movie_info mi  (cost=0.00..346232.03 rows=9476311 width=4) (actual time=758.766..6451.009 rows=9565151 loops=1)
                    Filter: (info_type_id < 16)
                    Rows Removed by Filter: 5270569
              ->  Hash  (cost=61283.27..61283.27 rows=2528527 width=4) (actual time=2026.683..2026.683 rows=2528312 loops=1)
                    Buckets: 131072  Batches: 64  Memory Usage: 2425kB
                    ->  Seq Scan on title t  (cost=0.00..61283.27 rows=2528527 width=4) (actual time=0.023..1118.132 rows=2528312 loops=1)
Planning time: 1.163 ms
Execution time: 75601.510 ms
