Hash Join  (cost=479275.27..618936.84 rows=1449453 width=0) (actual time=9124.950..15227.088 rows=8224112 loops=1)
  Hash Cond: (mk.movie_id = t.id)
  ->  Seq Scan on movie_keyword mk  (cost=0.00..69693.30 rows=4523930 width=4) (actual time=0.019..1439.094 rows=4523930 loops=1)
  ->  Hash  (cost=465983.62..465983.62 rows=810132 width=8) (actual time=9123.402..9123.402 rows=1570027 loops=1)
        Buckets: 131072 (originally 131072)  Batches: 32 (originally 16)  Memory Usage: 3073kB
        ->  Hash Join  (cost=83810.17..465983.62 rows=810132 width=8) (actual time=3793.593..8630.129 rows=1570027 loops=1)
              Hash Cond: (mi.movie_id = t.id)
              ->  Seq Scan on movie_info mi  (cost=0.00..346232.03 rows=2073893 width=4) (actual time=2267.828..5252.202 rows=2091068 loops=1)
                    Filter: (info_type_id < 3)
                    Rows Removed by Filter: 12744652
              ->  Hash  (cost=67604.59..67604.59 rows=987727 width=4) (actual time=1524.792..1524.792 rows=985048 loops=1)
                    Buckets: 131072  Batches: 16  Memory Usage: 3197kB
                    ->  Seq Scan on title t  (cost=0.00..67604.59 rows=987727 width=4) (actual time=0.024..1213.821 rows=985048 loops=1)
                          Filter: (kind_id < 7)
                          Rows Removed by Filter: 1543264
Planning time: 1.182 ms
Execution time: 16175.833 ms
