Hash Join  (cost=215833.08..340498.27 rows=1176931 width=0) (actual time=4831.365..10312.050 rows=12993922 loops=1)
  Hash Cond: (mk.movie_id = t.id)
  ->  Seq Scan on movie_keyword mk  (cost=0.00..81003.12 rows=2325801 width=4) (actual time=0.020..1589.404 rows=2327377 loops=1)
        Filter: (keyword_id < 5102)
        Rows Removed by Filter: 2196553
  ->  Hash  (cost=194840.12..194840.12 rows=1279517 width=8) (actual time=4829.494..4829.494 rows=1274246 loops=1)
        Buckets: 131072  Batches: 32  Memory Usage: 2633kB
        ->  Hash Join  (cost=102767.86..194840.12 rows=1279517 width=8) (actual time=2093.277..4450.760 rows=1274246 loops=1)
              Hash Cond: (mc.movie_id = t.id)
              ->  Seq Scan on movie_companies mc  (cost=0.00..51404.11 rows=1279517 width=4) (actual time=83.695..1035.992 rows=1274246 loops=1)
                    Filter: (company_type_id = 1)
                    Rows Removed by Filter: 1334883
              ->  Hash  (cost=61283.27..61283.27 rows=2528527 width=4) (actual time=2008.217..2008.217 rows=2528312 loops=1)
                    Buckets: 131072  Batches: 64  Memory Usage: 2415kB
                    ->  Seq Scan on title t  (cost=0.00..61283.27 rows=2528527 width=4) (actual time=0.036..1166.370 rows=2528312 loops=1)
Planning time: 1.160 ms
Execution time: 11689.406 ms
