Seq Scan on movie_keyword mk  (cost=0.00..81003.12 rows=246 width=0) (actual time=0.636..1196.942 rows=395 loops=1)
  Filter: (keyword_id = 3328)
  Rows Removed by Filter: 4523535
Planning time: 0.410 ms
Execution time: 1197.215 ms
