Seq Scan on movie_companies mc  (cost=0.00..51404.11 rows=334075 width=0) (actual time=0.023..924.673 rows=329920 loops=1)
  Filter: (company_id < 164)
  Rows Removed by Filter: 2279209
Planning time: 0.334 ms
Execution time: 967.931 ms
