Hash Join  (cost=162729.21..969223.68 rows=1042334 width=0) (actual time=3019.620..20831.128 rows=363648 loops=1)
  Hash Cond: (ci.movie_id = t.id)
  ->  Seq Scan on cast_info ci  (cost=0.00..614943.12 rows=36225612 width=4) (actual time=0.020..8960.019 rows=36244344 loops=1)
  ->  Hash  (cost=161819.78..161819.78 rows=72754 width=8) (actual time=3018.842..3018.842 rows=8805 loops=1)
        Buckets: 131072  Batches: 1  Memory Usage: 1368kB
        ->  Hash Join  (cost=74434.21..161819.78 rows=72754 width=8) (actual time=1325.789..3015.589 rows=8805 loops=1)
              Hash Cond: (mk.movie_id = t.id)
              ->  Seq Scan on movie_keyword mk  (cost=0.00..69693.30 rows=4523930 width=4) (actual time=0.015..1035.981 rows=4523930 loops=1)
              ->  Hash  (cost=73925.90..73925.90 rows=40664 width=4) (actual time=1121.507..1121.507 rows=40257 loops=1)
                    Buckets: 65536  Batches: 1  Memory Usage: 1928kB
                    ->  Seq Scan on title t  (cost=0.00..73925.90 rows=40664 width=4) (actual time=0.024..1104.981 rows=40257 loops=1)
                          Filter: ((production_year > 2012) AND (kind_id = 7))
                          Rows Removed by Filter: 2488055
Planning time: 2.217 ms
Execution time: 20882.384 ms
