Nested Loop  (cost=0.43..141397.20 rows=5970 width=0) (actual time=0.114..1586.955 rows=8119 loops=1)
  ->  Seq Scan on movie_keyword mk  (cost=0.00..81003.12 rows=9048 width=4) (actual time=0.066..1307.564 rows=9942 loops=1)
        Filter: (keyword_id = 56)
        Rows Removed by Filter: 4513988
  ->  Index Scan using title_pkey on title t  (cost=0.43..6.66 rows=1 width=4) (actual time=0.027..0.027 rows=1 loops=9942)
        Index Cond: (id = mk.movie_id)
        Filter: (production_year < 2008)
        Rows Removed by Filter: 0
Planning time: 0.793 ms
Execution time: 1589.280 ms
