Hash Join  (cost=107183.38..169191.35 rows=1316645 width=0) (actual time=2202.933..4271.114 rows=1367690 loops=1)
  Hash Cond: (mi_idx.movie_id = t.id)
  ->  Seq Scan on movie_info_idx mi_idx  (cost=0.00..21735.35 rows=1380035 width=4) (actual time=0.024..513.852 rows=1380035 loops=1)
  ->  Hash  (cost=67604.59..67604.59 rows=2412383 width=4) (actual time=2201.671..2201.671 rows=2404496 loops=1)
        Buckets: 131072  Batches: 32  Memory Usage: 3666kB
        ->  Seq Scan on title t  (cost=0.00..67604.59 rows=2412383 width=4) (actual time=0.020..1421.667 rows=2404496 loops=1)
              Filter: (production_year > 1913)
              Rows Removed by Filter: 123816
Planning time: 0.763 ms
Execution time: 4451.473 ms
