Seq Scan on movie_keyword mk  (cost=0.00..81003.12 rows=3680254 width=0) (actual time=0.021..1636.283 rows=3674370 loops=1)
  Filter: (keyword_id < 21613)
  Rows Removed by Filter: 849560
Planning time: 0.343 ms
Execution time: 2090.684 ms
