Hash Join  (cost=172558.61..213356.78 rows=180969 width=0) (actual time=3590.040..4376.681 rows=173769 loops=1)
  Hash Cond: (mi_idx.movie_id = t.id)
  ->  Seq Scan on movie_info_idx mi_idx  (cost=0.00..21735.35 rows=1380035 width=4) (actual time=0.022..427.555 rows=1380035 loops=1)
  ->  Hash  (cost=167117.92..167117.92 rows=331575 width=8) (actual time=3326.311..3326.311 rows=167688 loops=1)
        Buckets: 131072  Batches: 8  Memory Usage: 1841kB
        ->  Hash Join  (cost=92883.59..167117.92 rows=331575 width=8) (actual time=1927.709..3272.597 rows=167688 loops=1)
              Hash Cond: (mc.movie_id = t.id)
              ->  Seq Scan on movie_companies mc  (cost=0.00..57926.93 rows=544130 width=4) (actual time=85.371..932.948 rows=330889 loops=1)
                    Filter: ((company_id < 6425) AND (company_type_id = 2))
                    Rows Removed by Filter: 2278240
              ->  Hash  (cost=67604.59..67604.59 rows=1540800 width=4) (actual time=1841.246..1841.246 rows=1543264 loops=1)
                    Buckets: 131072  Batches: 32  Memory Usage: 2722kB
                    ->  Seq Scan on title t  (cost=0.00..67604.59 rows=1540800 width=4) (actual time=0.026..1360.429 rows=1543264 loops=1)
                          Filter: (kind_id = 7)
                          Rows Removed by Filter: 985048
Planning time: 1.183 ms
Execution time: 4398.665 ms
