Seq Scan on movie_companies mc  (cost=0.00..57926.93 rows=691382 width=0) (actual time=0.019..987.923 rows=478362 loops=1)
  Filter: ((company_id > 10583) AND (company_type_id = 1))
  Rows Removed by Filter: 2130767
Planning time: 0.771 ms
Execution time: 1046.461 ms
