Hash Join  (cost=74058.02..874351.98 rows=4655 width=0) (actual time=1513.011..14821.191 rows=5122 loops=1)
  Hash Cond: (ci.movie_id = t.id)
  ->  Seq Scan on cast_info ci  (cost=0.00..796071.18 rows=1113663 width=4) (actual time=403.396..13419.338 rows=1411949 loops=1)
        Filter: ((person_id > 2158838) AND (role_id = 4))
        Rows Removed by Filter: 34832395
  ->  Hash  (cost=73925.90..73925.90 rows=10569 width=4) (actual time=1108.638..1108.638 rows=10528 loops=1)
        Buckets: 16384  Batches: 1  Memory Usage: 499kB
        ->  Seq Scan on title t  (cost=0.00..73925.90 rows=10569 width=4) (actual time=0.069..1103.571 rows=10528 loops=1)
              Filter: ((kind_id < 7) AND (production_year = 1993))
              Rows Removed by Filter: 2517784
Planning time: 0.881 ms
Execution time: 14822.451 ms
