Hash Join  (cost=94973.51..1159440.52 rows=11979353 width=0) (actual time=1769.886..29012.907 rows=11135791 loops=1)
  Hash Cond: (ci.movie_id = t.id)
  ->  Seq Scan on cast_info ci  (cost=0.00..705507.15 rows=18157866 width=4) (actual time=0.043..13886.462 rows=18016404 loops=1)
        Filter: (person_id < 1788142)
        Rows Removed by Filter: 18227940
  ->  Hash  (cost=67604.59..67604.59 rows=1668154 width=4) (actual time=1768.813..1768.813 rows=1674098 loops=1)
        Buckets: 131072  Batches: 32  Memory Usage: 2869kB
        ->  Seq Scan on title t  (cost=0.00..67604.59 rows=1668154 width=4) (actual time=0.011..1224.888 rows=1674098 loops=1)
              Filter: (kind_id > 3)
              Rows Removed by Filter: 854214
Planning time: 3.347 ms
Execution time: 30335.648 ms
