Seq Scan on movie_info mi  (cost=0.00..346232.03 rows=17937 width=75) (actual time=461.828..4979.451 rows=121863 loops=1)
  Filter: (info_type_id = 105)
  Rows Removed by Filter: 14713857
Planning time: 0.501 ms
Execution time: 4986.450 ms
