Hash Join  (cost=92735.26..996915.57 rows=3278392 width=0) (actual time=3530.610..22651.485 rows=5266094 loops=1)
  Hash Cond: (ci.movie_id = t.id)
  ->  Seq Scan on cast_info ci  (cost=0.00..796071.18 rows=5411842 width=4) (actual time=1697.702..14915.254 rows=7350856 loops=1)
        Filter: ((person_id > 1517459) AND (role_id > 4))
        Rows Removed by Filter: 28893488
  ->  Hash  (cost=67604.59..67604.59 rows=1531734 width=4) (actual time=1831.885..1831.885 rows=1531613 loops=1)
        Buckets: 131072  Batches: 32  Memory Usage: 2708kB
        ->  Seq Scan on title t  (cost=0.00..67604.59 rows=1531734 width=4) (actual time=0.035..1355.581 rows=1531613 loops=1)
              Filter: (production_year > 1997)
              Rows Removed by Filter: 996699
Planning time: 1.805 ms
Execution time: 23273.436 ms
