Hash Join  (cost=347260.57..1994083.73 rows=45864822 width=0) (actual time=7955.461..72387.789 rows=148045915 loops=1)
  Hash Cond: (ci.movie_id = t.id)
  ->  Seq Scan on cast_info ci  (cost=0.00..705507.15 rows=30552772 width=4) (actual time=0.007..16593.717 rows=30511015 loops=1)
        Filter: (person_id < 3073826)
        Rows Removed by Filter: 5733329
  ->  Hash  (cost=284985.79..284985.79 rows=3795742 width=8) (actual time=7953.804..7953.804 rows=3799422 loops=1)
        Buckets: 131072  Batches: 64  Memory Usage: 3366kB
        ->  Hash Join  (cost=102767.86..284985.79 rows=3795742 width=8) (actual time=2005.815..6937.983 rows=3799422 loops=1)
              Hash Cond: (mk.movie_id = t.id)
              ->  Seq Scan on movie_keyword mk  (cost=0.00..81003.12 rows=3795742 width=4) (actual time=0.018..1859.042 rows=3799422 loops=1)
                    Filter: (keyword_id > 643)
                    Rows Removed by Filter: 724508
              ->  Hash  (cost=61283.27..61283.27 rows=2528527 width=4) (actual time=2004.294..2004.294 rows=2528312 loops=1)
                    Buckets: 131072  Batches: 64  Memory Usage: 2425kB
                    ->  Seq Scan on title t  (cost=0.00..61283.27 rows=2528527 width=4) (actual time=0.012..1131.722 rows=2528312 loops=1)
Planning time: 0.795 ms
Execution time: 87527.147 ms
