Hash Join  (cost=92883.59..236933.93 rows=1838054 width=0) (actual time=1829.069..5405.023 rows=406902 loops=1)
  Hash Cond: (mk.movie_id = t.id)
  ->  Seq Scan on movie_keyword mk  (cost=0.00..81003.12 rows=3016335 width=4) (actual time=0.024..1887.408 rows=2997978 loops=1)
        Filter: (keyword_id < 10516)
        Rows Removed by Filter: 1525952
  ->  Hash  (cost=67604.59..67604.59 rows=1540800 width=4) (actual time=1827.831..1827.831 rows=1543264 loops=1)
        Buckets: 131072  Batches: 32  Memory Usage: 2728kB
        ->  Seq Scan on title t  (cost=0.00..67604.59 rows=1540800 width=4) (actual time=0.018..1317.938 rows=1543264 loops=1)
              Filter: (kind_id = 7)
              Rows Removed by Filter: 985048
Planning time: 0.768 ms
Execution time: 5453.162 ms
