Hash Join  (cost=102767.86..197839.65 rows=1133099 width=0) (actual time=1903.688..4425.993 rows=1243174 loops=1)
  Hash Cond: (mc.movie_id = t.id)
  ->  Seq Scan on movie_companies mc  (cost=0.00..57926.93 rows=1133099 width=4) (actual time=0.027..1188.930 rows=1243174 loops=1)
        Filter: ((company_id > 226) AND (company_type_id > 1))
        Rows Removed by Filter: 1365955
  ->  Hash  (cost=61283.27..61283.27 rows=2528527 width=4) (actual time=1902.835..1902.835 rows=2528312 loops=1)
        Buckets: 131072  Batches: 64  Memory Usage: 2415kB
        ->  Seq Scan on title t  (cost=0.00..61283.27 rows=2528527 width=4) (actual time=0.010..1059.729 rows=2528312 loops=1)
Planning time: 0.739 ms
Execution time: 4560.592 ms
