Hash Join  (cost=98595.81..149803.51 rows=686597 width=0) (actual time=1836.182..3301.395 rows=677760 loops=1)
  Hash Cond: (mi_idx.movie_id = t.id)
  ->  Seq Scan on movie_info_idx mi_idx  (cost=0.00..25185.44 rows=919057 width=4) (actual time=0.033..524.248 rows=920110 loops=1)
        Filter: (info_type_id > 99)
        Rows Removed by Filter: 459925
  ->  Hash  (cost=67604.59..67604.59 rows=1888978 width=4) (actual time=1834.633..1834.633 rows=1887769 loops=1)
        Buckets: 131072  Batches: 32  Memory Usage: 3106kB
        ->  Seq Scan on title t  (cost=0.00..67604.59 rows=1888978 width=4) (actual time=0.019..1230.353 rows=1887769 loops=1)
              Filter: (production_year > 1983)
              Rows Removed by Filter: 640543
Planning time: 0.707 ms
Execution time: 3377.524 ms
