Hash Join  (cost=85855.67..610886.28 rows=4238369 width=0) (actual time=1903.581..15462.445 rows=1681012 loops=1)
  Hash Cond: (mi.movie_id = t.id)
  ->  Seq Scan on movie_info mi  (cost=0.00..309384.22 rows=14739122 width=4) (actual time=0.011..6159.672 rows=14835720 loops=1)
  ->  Hash  (cost=73925.90..73925.90 rows=727101 width=4) (actual time=1503.778..1503.778 rows=796159 loops=1)
        Buckets: 131072  Batches: 16  Memory Usage: 2786kB
        ->  Seq Scan on title t  (cost=0.00..73925.90 rows=727101 width=4) (actual time=0.015..1248.049 rows=796159 loops=1)
              Filter: ((production_year > 2003) AND (kind_id = 7))
              Rows Removed by Filter: 1732153
Planning time: 0.821 ms
Execution time: 15658.789 ms
