Hash Join  (cost=76125.53..201049.93 rows=239836 width=0) (actual time=2312.155..3604.770 rows=21829 loops=1)
  Hash Cond: (mk.movie_id = t.id)
  ->  Seq Scan on movie_keyword mk  (cost=0.00..69693.30 rows=4523930 width=4) (actual time=0.007..1227.499 rows=4523930 loops=1)
  ->  Hash  (cost=73925.90..73925.90 rows=134050 width=4) (actual time=1148.658..1148.658 rows=33653 loops=1)
        Buckets: 131072  Batches: 2  Memory Usage: 1623kB
        ->  Seq Scan on title t  (cost=0.00..73925.90 rows=134050 width=4) (actual time=0.026..1134.112 rows=33653 loops=1)
              Filter: ((production_year < 1958) AND (kind_id = 7))
              Rows Removed by Filter: 2494659
Planning time: 0.746 ms
Execution time: 3607.738 ms
