Seq Scan on movie_companies mc  (cost=0.00..57926.93 rows=605870 width=0) (actual time=0.012..461.145 rows=355832 loops=1)
  Filter: ((company_id > 11689) AND (company_type_id < 2))
  Rows Removed by Filter: 2253297
Planning time: 0.273 ms
Execution time: 488.221 ms
