Nested Loop  (cost=0.43..83072.90 rows=32 width=0) (actual time=607.342..1381.778 rows=41 loops=1)
  ->  Seq Scan on movie_keyword mk  (cost=0.00..81003.12 rows=246 width=4) (actual time=0.232..1313.748 rows=1704 loops=1)
        Filter: (keyword_id = 793)
        Rows Removed by Filter: 4522226
  ->  Index Scan using title_pkey on title t  (cost=0.43..8.40 rows=1 width=4) (actual time=0.039..0.039 rows=0 loops=1704)
        Index Cond: (id = mk.movie_id)
        Filter: ((production_year < 1982) AND (kind_id = 7))
        Rows Removed by Filter: 1
Planning time: 0.545 ms
Execution time: 1381.881 ms
