Nested Loop  (cost=0.43..798788.22 rows=222 width=0) (actual time=13322.512..13658.623 rows=9 loops=1)
  ->  Seq Scan on cast_info ci  (cost=0.00..796071.18 rows=324 width=4) (actual time=13322.450..13658.383 rows=10 loops=1)
        Filter: ((role_id > 1) AND (person_id = 2392263))
        Rows Removed by Filter: 36244334
  ->  Index Scan using title_pkey on title t  (cost=0.43..8.38 rows=1 width=4) (actual time=0.022..0.022 rows=1 loops=10)
        Index Cond: (id = ci.movie_id)
        Filter: (production_year > 1991)
        Rows Removed by Filter: 0
Planning time: 0.853 ms
Execution time: 13658.735 ms
