Hash Join  (cost=74823.14..116635.88 rows=240126 width=0) (actual time=1247.953..2395.621 rows=265529 loops=1)
  Hash Cond: (mi_idx.movie_id = t.id)
  ->  Seq Scan on movie_info_idx mi_idx  (cost=0.00..21735.35 rows=1380035 width=4) (actual time=0.025..449.949 rows=1380035 loops=1)
  ->  Hash  (cost=67604.59..67604.59 rows=439964 width=4) (actual time=1247.023..1247.023 rows=437515 loops=1)
        Buckets: 131072  Batches: 8  Memory Usage: 2944kB
        ->  Seq Scan on title t  (cost=0.00..67604.59 rows=439964 width=4) (actual time=0.010..1106.204 rows=437515 loops=1)
              Filter: (production_year < 1975)
              Rows Removed by Filter: 2090797
Planning time: 1.818 ms
Execution time: 2427.718 ms
