Hash Join  (cost=149746.97..502313.10 rows=28327 width=0) (actual time=6408.346..8945.606 rows=1292746 loops=1)
  Hash Cond: (mi.movie_id = t.id)
  ->  Seq Scan on movie_info mi  (cost=0.00..346232.03 rows=471955 width=4) (actual time=3156.357..5178.876 rows=543367 loops=1)
        Filter: (info_type_id > 98)
        Rows Removed by Filter: 14292353
  ->  Hash  (cost=147256.96..147256.96 rows=151761 width=8) (actual time=3250.959..3250.959 rows=242347 loops=1)
        Buckets: 131072 (originally 131072)  Batches: 4 (originally 2)  Memory Usage: 3413kB
        ->  Hash Join  (cost=78556.72..147256.96 rows=151761 width=8) (actual time=1799.697..3178.264 rows=242347 loops=1)
              Hash Cond: (mc.movie_id = t.id)
              ->  Seq Scan on movie_companies mc  (cost=0.00..57926.93 rows=574851 width=4) (actual time=0.032..1037.148 rows=302312 loops=1)
                    Filter: ((company_id > 12619) AND (company_type_id = 1))
                    Rows Removed by Filter: 2306817
              ->  Hash  (cost=67604.59..67604.59 rows=667531 width=4) (actual time=1798.510..1798.510 rows=662825 loops=1)
                    Buckets: 131072  Batches: 16  Memory Usage: 2476kB
                    ->  Seq Scan on title t  (cost=0.00..67604.59 rows=667531 width=4) (actual time=110.734..1324.137 rows=662825 loops=1)
                          Filter: (kind_id = 1)
                          Rows Removed by Filter: 1865487
Planning time: 1.260 ms
Execution time: 9075.527 ms
