Hash Join  (cost=155602.97..644172.01 rows=2670364 width=0) (actual time=4083.568..14928.249 rows=2517030 loops=1)
  Hash Cond: (mi.movie_id = t.id)
  ->  Seq Scan on movie_info mi  (cost=0.00..346232.03 rows=9767026 width=4) (actual time=0.019..6735.002 rows=9911754 loops=1)
        Filter: (info_type_id > 4)
        Rows Removed by Filter: 4923966
  ->  Hash  (cost=144260.54..144260.54 rows=691315 width=8) (actual time=3438.090..3438.090 rows=379938 loops=1)
        Buckets: 131072  Batches: 16  Memory Usage: 1961kB
        ->  Hash Join  (cost=94706.90..144260.54 rows=691315 width=8) (actual time=1885.868..3322.600 rows=379938 loops=1)
              Hash Cond: (mi_idx.movie_id = t.id)
              ->  Seq Scan on movie_info_idx mi_idx  (cost=0.00..21735.35 rows=1380035 width=4) (actual time=0.019..464.520 rows=1380035 loops=1)
              ->  Hash  (cost=73925.90..73925.90 rows=1266640 width=4) (actual time=1884.947..1884.947 rows=1348885 loops=1)
                    Buckets: 131072  Batches: 32  Memory Usage: 2511kB
                    ->  Seq Scan on title t  (cost=0.00..73925.90 rows=1266640 width=4) (actual time=309.808..1441.421 rows=1348885 loops=1)
                          Filter: ((production_year > 1970) AND (kind_id = 7))
                          Rows Removed by Filter: 1179427
Planning time: 0.899 ms
Execution time: 15186.791 ms
