Hash Join  (cost=74394.67..129447.15 rows=38696 width=0) (actual time=1235.652..2605.393 rows=66078 loops=1)
  Hash Cond: (mc.movie_id = t.id)
  ->  Seq Scan on movie_companies mc  (cost=0.00..44881.29 rows=2609129 width=4) (actual time=0.014..694.743 rows=2609129 loops=1)
  ->  Hash  (cost=73925.90..73925.90 rows=37501 width=4) (actual time=1235.265..1235.265 rows=32253 loops=1)
        Buckets: 65536  Batches: 1  Memory Usage: 1646kB
        ->  Seq Scan on title t  (cost=0.00..73925.90 rows=37501 width=4) (actual time=0.387..1221.540 rows=32253 loops=1)
              Filter: ((kind_id < 7) AND (production_year = 2005))
              Rows Removed by Filter: 2496059
Planning time: 0.819 ms
Execution time: 2614.929 ms
