Seq Scan on movie_companies mc  (cost=0.00..51404.11 rows=104 width=0) (actual time=94.439..755.781 rows=102 loops=1)
  Filter: (company_id = 6424)
  Rows Removed by Filter: 2609027
Planning time: 1.352 ms
Execution time: 755.913 ms
