Seq Scan on movie_companies mc  (cost=0.00..57926.93 rows=520366 width=0) (actual time=0.031..914.574 rows=310534 loops=1)
  Filter: ((company_id < 5401) AND (company_type_id > 1))
  Rows Removed by Filter: 2298595
Planning time: 0.368 ms
Execution time: 954.408 ms
