Hash Join  (cost=74574.97..907708.85 rows=662621 width=0) (actual time=1336.120..25633.242 rows=626297 loops=1)
  Hash Cond: (ci.movie_id = t.id)
  ->  Seq Scan on cast_info ci  (cost=0.00..705507.15 rows=32266806 width=4) (actual time=0.018..14304.880 rows=32239951 loops=1)
        Filter: (person_id < 3324045)
        Rows Removed by Filter: 4004393
  ->  Hash  (cost=73925.90..73925.90 rows=51925 width=4) (actual time=1335.672..1335.672 rows=56480 loops=1)
        Buckets: 65536  Batches: 1  Memory Usage: 2498kB
        ->  Seq Scan on title t  (cost=0.00..73925.90 rows=51925 width=4) (actual time=0.015..1307.736 rows=56480 loops=1)
              Filter: ((kind_id = 7) AND (production_year = 2004))
              Rows Removed by Filter: 2471832
Planning time: 0.815 ms
Execution time: 25723.666 ms
