Hash Join  (cost=84197.31..161742.96 rows=402655 width=0) (actual time=2034.837..3691.261 rows=379083 loops=1)
  Hash Cond: (mc.movie_id = t.id)
  ->  Seq Scan on movie_companies mc  (cost=0.00..57926.93 rows=1006709 width=4) (actual time=452.172..1222.422 rows=1274246 loops=1)
        Filter: ((company_id < 71614) AND (company_type_id < 2))
        Rows Removed by Filter: 1334883
  ->  Hash  (cost=67604.59..67604.59 rows=1011338 width=4) (actual time=1581.758..1581.758 rows=1012920 loops=1)
        Buckets: 131072  Batches: 16  Memory Usage: 3250kB
        ->  Seq Scan on title t  (cost=0.00..67604.59 rows=1011338 width=4) (actual time=0.050..1260.878 rows=1012920 loops=1)
              Filter: (production_year > 2005)
              Rows Removed by Filter: 1515392
Planning time: 0.750 ms
Execution time: 3736.682 ms
