Hash Join  (cost=83074.74..137742.81 rows=254 width=0) (actual time=1425.538..2646.004 rows=26022 loops=1)
  Hash Cond: (mc.movie_id = t.id)
  ->  Seq Scan on movie_companies mc  (cost=0.00..44881.29 rows=2609129 width=4) (actual time=0.021..692.896 rows=2609129 loops=1)
  ->  Hash  (cost=83071.67..83071.67 rows=246 width=8) (actual time=1425.366..1425.366 rows=2186 loops=1)
        Buckets: 4096 (originally 1024)  Batches: 1 (originally 1)  Memory Usage: 118kB
        ->  Nested Loop  (cost=0.43..83071.67 rows=246 width=8) (actual time=0.403..1423.646 rows=2186 loops=1)
              ->  Seq Scan on movie_keyword mk  (cost=0.00..81003.12 rows=246 width=4) (actual time=0.330..1305.413 rows=2186 loops=1)
                    Filter: (keyword_id = 745)
                    Rows Removed by Filter: 4521744
              ->  Index Only Scan using title_pkey on title t  (cost=0.43..8.40 rows=1 width=4) (actual time=0.053..0.053 rows=1 loops=2186)
                    Index Cond: (id = mk.movie_id)
                    Heap Fetches: 2186
Planning time: 1.188 ms
Execution time: 2649.865 ms
