Seq Scan on title t  (cost=0.00..73925.90 rows=332939 width=0) (actual time=606.583..1262.619 rows=255571 loops=1)
  Filter: ((production_year > 2002) AND (kind_id = 1))
  Rows Removed by Filter: 2272741
Planning time: 0.372 ms
Execution time: 1296.564 ms
