Seq Scan on movie_companies mc  (cost=0.00..57926.93 rows=1154991 width=0) (actual time=382.563..1088.097 rows=988810 loops=1)
  Filter: ((company_id < 88683) AND (company_type_id = 2))
  Rows Removed by Filter: 1620319
Planning time: 0.428 ms
Execution time: 1207.073 ms
