Seq Scan on movie_keyword mk  (cost=0.00..81003.12 rows=104210 width=0) (actual time=0.025..1286.174 rows=102543 loops=1)
  Filter: (keyword_id > 81685)
  Rows Removed by Filter: 4421387
Planning time: 0.319 ms
Execution time: 1301.075 ms
