Seq Scan on movie_keyword mk  (cost=0.00..81003.12 rows=246 width=0) (actual time=0.647..1225.144 rows=589 loops=1)
  Filter: (keyword_id = 11565)
  Rows Removed by Filter: 4523341
Planning time: 0.381 ms
Execution time: 1225.470 ms
