Seq Scan on movie_keyword mk  (cost=0.00..81003.12 rows=1255449 width=0) (actual time=0.020..1416.561 rows=1269796 loops=1)
  Filter: (keyword_id < 1622)
  Rows Removed by Filter: 3254134
Planning time: 0.338 ms
Execution time: 1579.843 ms
