Seq Scan on movie_companies mc  (cost=0.00..57926.93 rows=243639 width=0) (actual time=0.045..839.164 rows=360878 loops=1)
  Filter: ((company_id < 436) AND (company_type_id = 1))
  Rows Removed by Filter: 2248251
Planning time: 0.425 ms
Execution time: 884.938 ms
