Hash Join  (cost=52284.99..875392.24 rows=297 width=0) (actual time=10732.989..17637.433 rows=907 loops=1)
  Hash Cond: (ci.movie_id = t.id)
  ->  Seq Scan on cast_info ci  (cost=0.00..796071.18 rows=7208827 width=4) (actual time=9820.061..15720.418 rows=7277982 loops=1)
        Filter: ((person_id > 158897) AND (role_id > 7))
        Rows Removed by Filter: 28966362
  ->  Hash  (cost=52283.69..52283.69 rows=104 width=8) (actual time=900.893..900.893 rows=94 loops=1)
        Buckets: 1024  Batches: 1  Memory Usage: 12kB
        ->  Nested Loop  (cost=0.43..52283.69 rows=104 width=8) (actual time=435.948..900.815 rows=94 loops=1)
              ->  Seq Scan on movie_companies mc  (cost=0.00..51404.11 rows=104 width=4) (actual time=435.843..896.508 rows=94 loops=1)
                    Filter: (company_id = 5333)
                    Rows Removed by Filter: 2609035
              ->  Index Only Scan using title_pkey on title t  (cost=0.43..8.45 rows=1 width=4) (actual time=0.044..0.044 rows=1 loops=94)
                    Index Cond: (id = mc.movie_id)
                    Heap Fetches: 94
Planning time: 1.268 ms
Execution time: 17637.792 ms
