Nested Loop  (cost=0.43..58375.18 rows=53 width=0) (actual time=176.311..761.929 rows=496 loops=1)
  ->  Seq Scan on movie_companies mc  (cost=0.00..57926.93 rows=53 width=4) (actual time=176.217..741.031 rows=496 loops=1)
        Filter: ((company_id = 82573) AND (company_type_id = 2))
        Rows Removed by Filter: 2608633
  ->  Index Only Scan using title_pkey on title t  (cost=0.43..8.45 rows=1 width=4) (actual time=0.041..0.041 rows=1 loops=496)
        Index Cond: (id = mc.movie_id)
        Heap Fetches: 496
Planning time: 3.272 ms
Execution time: 762.112 ms
