Hash Join  (cost=711045.32..1876203.39 rows=20010510 width=0) (actual time=23484.052..65067.403 rows=94208244 loops=1)
  Hash Cond: (ci.movie_id = t.id)
  ->  Seq Scan on cast_info ci  (cost=0.00..796071.18 rows=8120079 width=4) (actual time=7079.392..15716.784 rows=12670688 loops=1)
        Filter: ((person_id < 2350496) AND (role_id = 1))
        Rows Removed by Filter: 23573656
  ->  Hash  (cost=608815.44..608815.44 rows=6231111 width=8) (actual time=16403.263..16403.263 rows=6223494 loops=1)
        Buckets: 131072  Batches: 128  Memory Usage: 2920kB
        ->  Hash Join  (cost=102767.86..608815.44 rows=6231111 width=8) (actual time=1992.750..14535.350 rows=6223494 loops=1)
              Hash Cond: (mi.movie_id = t.id)
              ->  Seq Scan on movie_info mi  (cost=0.00..346232.03 rows=6231111 width=4) (actual time=0.028..6465.849 rows=6223494 loops=1)
                    Filter: (info_type_id > 8)
                    Rows Removed by Filter: 8612226
              ->  Hash  (cost=61283.27..61283.27 rows=2528527 width=4) (actual time=1991.523..1991.523 rows=2528312 loops=1)
                    Buckets: 131072  Batches: 64  Memory Usage: 2425kB
                    ->  Seq Scan on title t  (cost=0.00..61283.27 rows=2528527 width=4) (actual time=0.018..1121.220 rows=2528312 loops=1)
Planning time: 1.133 ms
Execution time: 75861.568 ms
