Hash Join  (cost=90606.68..180119.31 rows=1049111 width=0) (actual time=2092.317..4175.224 rows=494102 loops=1)
  Hash Cond: (mc.movie_id = t.id)
  ->  Seq Scan on movie_companies mc  (cost=0.00..44881.29 rows=2609129 width=4) (actual time=0.013..961.262 rows=2609129 loops=1)
  ->  Hash  (cost=73925.90..73925.90 rows=1016702 width=4) (actual time=1707.379..1707.379 rows=960113 loops=1)
        Buckets: 131072  Batches: 16  Memory Usage: 3135kB
        ->  Seq Scan on title t  (cost=0.00..73925.90 rows=1016702 width=4) (actual time=236.220..1403.732 rows=960113 loops=1)
              Filter: ((production_year < 2008) AND (kind_id = 7))
              Rows Removed by Filter: 1568199
Planning time: 0.573 ms
Execution time: 4234.459 ms
