Hash Join  (cost=797557.90..884219.09 rows=315 width=0) (actual time=11776.335..12388.859 rows=6 loops=1)
  Hash Cond: (mk.movie_id = t.id)
  ->  Seq Scan on movie_keyword mk  (cost=0.00..69693.30 rows=4523930 width=4) (actual time=0.013..960.893 rows=4523930 loops=1)
  ->  Hash  (cost=797555.70..797555.70 rows=176 width=8) (actual time=10701.246..10701.246 rows=2 loops=1)
        Buckets: 1024  Batches: 1  Memory Usage: 9kB
        ->  Nested Loop  (cost=0.43..797555.70 rows=176 width=8) (actual time=1512.405..10701.232 rows=2 loops=1)
              ->  Seq Scan on cast_info ci  (cost=0.00..796071.18 rows=176 width=4) (actual time=1511.719..10700.505 rows=2 loops=1)
                    Filter: ((person_id = 299906) AND (role_id = 1))
                    Rows Removed by Filter: 36244342
              ->  Index Only Scan using title_pkey on title t  (cost=0.43..8.42 rows=1 width=4) (actual time=0.344..0.344 rows=1 loops=2)
                    Index Cond: (id = ci.movie_id)
                    Heap Fetches: 2
Planning time: 1.256 ms
Execution time: 12388.973 ms
