Nested Loop  (cost=0.43..83072.90 rows=25 width=0) (actual time=529.238..981.337 rows=1 loops=1)
  ->  Seq Scan on movie_keyword mk  (cost=0.00..81003.12 rows=246 width=4) (actual time=138.997..980.820 rows=11 loops=1)
        Filter: (keyword_id = 20094)
        Rows Removed by Filter: 4523919
  ->  Index Scan using title_pkey on title t  (cost=0.43..8.40 rows=1 width=4) (actual time=0.042..0.042 rows=0 loops=11)
        Index Cond: (id = mk.movie_id)
        Filter: ((kind_id < 7) AND (production_year > 2008))
        Rows Removed by Filter: 1
Planning time: 0.790 ms
Execution time: 981.445 ms
