Seq Scan on title t  (cost=0.00..73925.90 rows=945662 width=0) (actual time=0.024..1259.487 rows=870610 loops=1)
  Filter: ((kind_id > 2) AND (production_year < 2005))
  Rows Removed by Filter: 1657702
Planning time: 0.261 ms
Execution time: 1371.544 ms
