Hash Join  (cost=83810.17..225161.52 rows=1426506 width=0) (actual time=1524.114..6049.421 rows=3143680 loops=1)
  Hash Cond: (mk.movie_id = t.id)
  ->  Seq Scan on movie_keyword mk  (cost=0.00..81003.12 rows=3651777 width=4) (actual time=0.009..1654.312 rows=3643944 loops=1)
        Filter: (keyword_id < 20960)
        Rows Removed by Filter: 879986
  ->  Hash  (cost=67604.59..67604.59 rows=987727 width=4) (actual time=1523.343..1523.343 rows=985048 loops=1)
        Buckets: 131072  Batches: 16  Memory Usage: 3197kB
        ->  Seq Scan on title t  (cost=0.00..67604.59 rows=987727 width=4) (actual time=0.025..1200.074 rows=985048 loops=1)
              Filter: (kind_id < 7)
              Rows Removed by Filter: 1543264
Planning time: 0.546 ms
Execution time: 6352.643 ms
