Hash Join  (cost=96168.68..852175.79 rows=521793 width=0) (actual time=1727.696..19594.318 rows=526827 loops=1)
  Hash Cond: (ci.movie_id = t.id)
  ->  Seq Scan on cast_info ci  (cost=0.00..614943.12 rows=36225612 width=4) (actual time=0.019..9025.198 rows=36244344 loops=1)
  ->  Hash  (cost=95713.42..95713.42 rows=36421 width=8) (actual time=1727.183..1727.183 rows=14811 loops=1)
        Buckets: 65536  Batches: 1  Memory Usage: 1091kB
        ->  Hash Join  (cost=68438.72..95713.42 rows=36421 width=8) (actual time=1046.788..1721.457 rows=14811 loops=1)
              Hash Cond: (mi_idx.movie_id = t.id)
              ->  Seq Scan on movie_info_idx mi_idx  (cost=0.00..21735.35 rows=1380035 width=4) (actual time=0.023..335.832 rows=1380035 loops=1)
              ->  Hash  (cost=67604.59..67604.59 rows=66731 width=4) (actual time=1045.995..1045.995 rows=67342 loops=1)
                    Buckets: 131072  Batches: 1  Memory Usage: 3392kB
                    ->  Seq Scan on title t  (cost=0.00..67604.59 rows=66731 width=4) (actual time=0.060..1019.124 rows=67342 loops=1)
                          Filter: (production_year > 2012)
                          Rows Removed by Filter: 2460970
Planning time: 1.177 ms
Execution time: 19669.608 ms
