Seq Scan on title t  (cost=0.00..73925.90 rows=391897 width=0) (actual time=0.021..1178.455 rows=289693 loops=1)
  Filter: ((production_year > 1998) AND (kind_id = 1))
  Rows Removed by Filter: 2238619
Planning time: 0.376 ms
Execution time: 1232.755 ms
