Hash Join  (cost=97010.87..664331.86 rows=8201807 width=0) (actual time=1968.462..16670.877 rows=5164046 loops=1)
  Hash Cond: (mi.movie_id = t.id)
  ->  Seq Scan on movie_info mi  (cost=0.00..309384.22 rows=14739122 width=4) (actual time=0.018..5781.472 rows=14835720 loops=1)
  ->  Hash  (cost=73925.90..73925.90 rows=1407037 width=4) (actual time=1967.769..1967.769 rows=1529626 loops=1)
        Buckets: 131072  Batches: 32  Memory Usage: 2721kB
        ->  Seq Scan on title t  (cost=0.00..73925.90 rows=1407037 width=4) (actual time=0.014..1434.380 rows=1529626 loops=1)
              Filter: ((kind_id > 1) AND (production_year > 1982))
              Rows Removed by Filter: 998686
Planning time: 0.732 ms
Execution time: 17239.230 ms
