Seq Scan on movie_companies mc  (cost=0.00..51404.11 rows=2180237 width=0) (actual time=0.044..1068.127 rows=2180408 loops=1)
  Filter: (company_id > 302)
  Rows Removed by Filter: 428721
Planning time: 0.331 ms
Execution time: 1340.284 ms
