Hash Join  (cost=83073.10..833871.57 rows=930 width=0) (actual time=1120.434..15855.042 rows=875 loops=1)
  Hash Cond: (ci.movie_id = t.id)
  ->  Seq Scan on cast_info ci  (cost=0.00..614943.12 rows=36225612 width=4) (actual time=0.013..8071.148 rows=36244344 loops=1)
  ->  Hash  (cost=83072.29..83072.29 rows=65 width=8) (actual time=1098.082..1098.082 rows=22 loops=1)
        Buckets: 1024  Batches: 1  Memory Usage: 9kB
        ->  Nested Loop  (cost=0.43..83072.29 rows=65 width=8) (actual time=220.227..1098.039 rows=22 loops=1)
              ->  Seq Scan on movie_keyword mk  (cost=0.00..81003.12 rows=246 width=4) (actual time=3.796..1096.448 rows=42 loops=1)
                    Filter: (keyword_id = 26913)
                    Rows Removed by Filter: 4523888
              ->  Index Scan using title_pkey on title t  (cost=0.43..8.40 rows=1 width=4) (actual time=0.033..0.033 rows=1 loops=42)
                    Index Cond: (id = mk.movie_id)
                    Filter: (kind_id = 1)
                    Rows Removed by Filter: 0
Planning time: 0.802 ms
Execution time: 15855.793 ms
