Hash Join  (cost=159492.32..648200.61 rows=834236 width=0) (actual time=3381.361..16268.474 rows=4439522 loops=1)
  Hash Cond: (mi.movie_id = t.id)
  ->  Seq Scan on movie_info mi  (cost=0.00..309384.22 rows=14739122 width=4) (actual time=0.016..5659.996 rows=14835720 loops=1)
  ->  Hash  (cost=157143.39..157143.39 rows=143115 width=8) (actual time=3380.531..3380.531 rows=182784 loops=1)
        Buckets: 131072 (originally 131072)  Batches: 4 (originally 2)  Memory Usage: 3073kB
        ->  Hash Join  (cost=76444.38..157143.39 rows=143115 width=8) (actual time=1136.421..3307.418 rows=182784 loops=1)
              Hash Cond: (mc.movie_id = t.id)
              ->  Seq Scan on movie_companies mc  (cost=0.00..51404.11 rows=2357798 width=4) (actual time=0.028..1125.397 rows=2363087 loops=1)
                    Filter: (company_id > 114)
                    Rows Removed by Filter: 246042
              ->  Hash  (cost=73925.90..73925.90 rows=153478 width=4) (actual time=1135.615..1135.615 rows=134760 loops=1)
                    Buckets: 131072  Batches: 4  Memory Usage: 2216kB
                    ->  Seq Scan on title t  (cost=0.00..73925.90 rows=153478 width=4) (actual time=0.018..1089.203 rows=134760 loops=1)
                          Filter: ((kind_id < 7) AND (production_year > 2010))
                          Rows Removed by Filter: 2393552
Planning time: 1.323 ms
Execution time: 16803.429 ms
