Hash Join  (cost=101625.45..467294.43 rows=101307 width=0) (actual time=1693.259..8889.938 rows=82245 loops=1)
  Hash Cond: (mi.movie_id = t.id)
  ->  Seq Scan on movie_info mi  (cost=0.00..309384.22 rows=14739122 width=4) (actual time=0.021..4152.709 rows=14835720 loops=1)
  ->  Hash  (cost=101408.21..101408.21 rows=17379 width=8) (actual time=1686.306..1686.306 rows=10878 loops=1)
        Buckets: 32768  Batches: 1  Memory Usage: 681kB
        ->  Hash Join  (cost=74323.94..101408.21 rows=17379 width=8) (actual time=1043.811..1682.593 rows=10878 loops=1)
              Hash Cond: (mi_idx.movie_id = t.id)
              ->  Seq Scan on movie_info_idx mi_idx  (cost=0.00..21735.35 rows=1380035 width=4) (actual time=0.027..329.160 rows=1380035 loops=1)
              ->  Hash  (cost=73925.90..73925.90 rows=31843 width=4) (actual time=1043.338..1043.338 rows=35656 loops=1)
                    Buckets: 65536 (originally 32768)  Batches: 1 (originally 1)  Memory Usage: 1766kB
                    ->  Seq Scan on title t  (cost=0.00..73925.90 rows=31843 width=4) (actual time=0.024..1027.704 rows=35656 loops=1)
                          Filter: ((kind_id = 7) AND (production_year = 2000))
                          Rows Removed by Filter: 2492656
Planning time: 4.146 ms
Execution time: 8900.884 ms
