Hash Join  (cost=201084.66..1401274.21 rows=16196938 width=0) (actual time=4337.267..39131.373 rows=16652302 loops=1)
  Hash Cond: (ci.movie_id = t.id)
  ->  Seq Scan on cast_info ci  (cost=0.00..614943.12 rows=36225612 width=4) (actual time=0.022..13073.953 rows=36244344 loops=1)
  ->  Hash  (cost=182535.95..182535.95 rows=1130537 width=8) (actual time=4336.148..4336.148 rows=441178 loops=1)
        Buckets: 131072  Batches: 16  Memory Usage: 2081kB
        ->  Hash Join  (cost=91901.05..182535.95 rows=1130537 width=8) (actual time=1776.822..4212.098 rows=441178 loops=1)
              Hash Cond: (mc.movie_id = t.id)
              ->  Seq Scan on movie_companies mc  (cost=0.00..44881.29 rows=2609129 width=4) (actual time=0.021..945.279 rows=2609129 loops=1)
              ->  Hash  (cost=73925.90..73925.90 rows=1095612 width=4) (actual time=1775.731..1775.731 rows=1189548 loops=1)
                    Buckets: 131072  Batches: 16  Memory Usage: 3647kB
                    ->  Seq Scan on title t  (cost=0.00..73925.90 rows=1095612 width=4) (actual time=0.021..1407.772 rows=1189548 loops=1)
                          Filter: ((production_year > 1988) AND (kind_id = 7))
                          Rows Removed by Filter: 1338764
Planning time: 1.393 ms
Execution time: 41039.689 ms
