Seq Scan on cast_info ci  (cost=0.00..705507.15 rows=27837025 width=0) (actual time=0.024..12354.565 rows=27893034 loops=1)
  Filter: (person_id < 2848140)
  Rows Removed by Filter: 8351310
Planning time: 0.356 ms
Execution time: 15751.134 ms
