Hash Join  (cost=190230.21..311390.18 rows=1114815 width=0) (actual time=4400.687..8288.874 rows=4650575 loops=1)
  Hash Cond: (mk.movie_id = t.id)
  ->  Seq Scan on movie_keyword mk  (cost=0.00..81003.12 rows=2042585 width=4) (actual time=0.015..1549.174 rows=2046795 loops=1)
        Filter: (keyword_id < 3658)
        Rows Removed by Filter: 2477135
  ->  Hash  (cost=167588.78..167588.78 rows=1380035 width=8) (actual time=4399.308..4399.308 rows=1380035 loops=1)
        Buckets: 131072  Batches: 32  Memory Usage: 2726kB
        ->  Hash Join  (cost=102767.86..167588.78 rows=1380035 width=8) (actual time=2011.435..3971.362 rows=1380035 loops=1)
              Hash Cond: (mi_idx.movie_id = t.id)
              ->  Seq Scan on movie_info_idx mi_idx  (cost=0.00..21735.35 rows=1380035 width=4) (actual time=0.026..415.778 rows=1380035 loops=1)
              ->  Hash  (cost=61283.27..61283.27 rows=2528527 width=4) (actual time=2010.623..2010.623 rows=2528312 loops=1)
                    Buckets: 131072  Batches: 64  Memory Usage: 2415kB
                    ->  Seq Scan on title t  (cost=0.00..61283.27 rows=2528527 width=4) (actual time=0.019..1160.625 rows=2528312 loops=1)
Planning time: 1.001 ms
Execution time: 8758.007 ms
