Hash Join  (cost=74093.07..169904.72 rows=20595 width=0) (actual time=1103.011..3169.007 rows=46709 loops=1)
  Hash Cond: (mk.movie_id = t.id)
  ->  Seq Scan on movie_keyword mk  (cost=0.00..81003.12 rows=3894022 width=4) (actual time=0.025..1464.225 rows=3883666 loops=1)
        Filter: (keyword_id < 29032)
        Rows Removed by Filter: 640264
  ->  Hash  (cost=73925.90..73925.90 rows=13373 width=4) (actual time=1102.590..1102.590 rows=7578 loops=1)
        Buckets: 16384  Batches: 1  Memory Usage: 395kB
        ->  Seq Scan on title t  (cost=0.00..73925.90 rows=13373 width=4) (actual time=0.030..1099.180 rows=7578 loops=1)
              Filter: ((kind_id = 1) AND (production_year = 1999))
              Rows Removed by Filter: 2520734
Planning time: 0.774 ms
Execution time: 3175.287 ms
