Hash Join  (cost=146730.98..514428.57 rows=344690 width=0) (actual time=5838.058..9548.494 rows=429802 loops=1)
  Hash Cond: (mi.movie_id = t.id)
  ->  Seq Scan on movie_info mi  (cost=0.00..346232.03 rows=1338312 width=4) (actual time=2318.020..5220.110 rows=1401902 loops=1)
        Filter: (info_type_id = 7)
        Rows Removed by Filter: 13433818
  ->  Hash  (cost=136046.53..136046.53 rows=651236 width=8) (actual time=3519.104..3519.104 rows=539725 loops=1)
        Buckets: 131072  Batches: 16  Memory Usage: 2341kB
        ->  Hash Join  (cost=87180.69..136046.53 rows=651236 width=8) (actual time=1581.384..3365.019 rows=539725 loops=1)
              Hash Cond: (mi_idx.movie_id = t.id)
              ->  Seq Scan on movie_info_idx mi_idx  (cost=0.00..21735.35 rows=1380035 width=4) (actual time=0.037..516.413 rows=1380035 loops=1)
              ->  Hash  (cost=67604.59..67604.59 rows=1193208 width=4) (actual time=1580.553..1580.553 rows=1192518 loops=1)
                    Buckets: 131072  Batches: 16  Memory Usage: 3646kB
                    ->  Seq Scan on title t  (cost=0.00..67604.59 rows=1193208 width=4) (actual time=0.019..1203.063 rows=1192518 loops=1)
                          Filter: (production_year > 2003)
                          Rows Removed by Filter: 1335794
Planning time: 4.020 ms
Execution time: 9600.239 ms
