Hash Join  (cost=80380.17..219356.14 rows=1393193 width=0) (actual time=1390.742..5387.075 rows=1934051 loops=1)
  Hash Cond: (mk.movie_id = t.id)
  ->  Seq Scan on movie_keyword mk  (cost=0.00..69693.30 rows=4523930 width=4) (actual time=0.022..1403.268 rows=4523930 loops=1)
  ->  Hash  (cost=67604.59..67604.59 rows=778687 width=4) (actual time=1389.510..1389.510 rows=782677 loops=1)
        Buckets: 131072  Batches: 16  Memory Usage: 2751kB
        ->  Seq Scan on title t  (cost=0.00..67604.59 rows=778687 width=4) (actual time=0.017..1125.099 rows=782677 loops=1)
              Filter: (production_year < 1994)
              Rows Removed by Filter: 1745635
Planning time: 0.766 ms
Execution time: 5629.797 ms
