Seq Scan on cast_info ci  (cost=0.00..705507.15 rows=500 width=0) (actual time=6808.000..10970.060 rows=441 loops=1)
  Filter: (person_id = 2837288)
  Rows Removed by Filter: 36243903
Planning time: 0.419 ms
Execution time: 10970.260 ms
