Hash Join  (cost=92883.59..1139512.94 rows=7881751 width=0) (actual time=5483.818..24074.349 rows=5253680 loops=1)
  Hash Cond: (ci.movie_id = t.id)
  ->  Seq Scan on cast_info ci  (cost=0.00..796071.18 rows=12934333 width=4) (actual time=3797.748..16133.813 rows=8755179 loops=1)
        Filter: ((person_id < 2933800) AND (role_id > 2))
        Rows Removed by Filter: 27489165
  ->  Hash  (cost=67604.59..67604.59 rows=1540800 width=4) (actual time=1684.961..1684.961 rows=1543264 loops=1)
        Buckets: 131072  Batches: 32  Memory Usage: 2722kB
        ->  Seq Scan on title t  (cost=0.00..67604.59 rows=1540800 width=4) (actual time=146.157..1206.205 rows=1543264 loops=1)
              Filter: (kind_id = 7)
              Rows Removed by Filter: 985048
Planning time: 0.797 ms
Execution time: 24644.475 ms
