Hash Join  (cost=139154.15..220360.28 rows=446561 width=0) (actual time=2816.475..5563.597 rows=768471 loops=1)
  Hash Cond: (mc.movie_id = t.id)
  ->  Seq Scan on movie_companies mc  (cost=0.00..44881.29 rows=2609129 width=4) (actual time=0.008..912.659 rows=2609129 loops=1)
  ->  Hash  (cost=132053.57..132053.57 rows=432766 width=8) (actual time=2815.711..2815.711 rows=345732 loops=1)
        Buckets: 131072  Batches: 8  Memory Usage: 2729kB
        ->  Hash Join  (cost=86935.43..132053.57 rows=432766 width=8) (actual time=1538.624..2712.466 rows=345732 loops=1)
              Hash Cond: (mi_idx.movie_id = t.id)
              ->  Seq Scan on movie_info_idx mi_idx  (cost=0.00..21735.35 rows=1380035 width=4) (actual time=0.010..370.043 rows=1380035 loops=1)
              ->  Hash  (cost=73925.90..73925.90 rows=792922 width=4) (actual time=1537.571..1537.571 rows=692469 loops=1)
                    Buckets: 131072  Batches: 16  Memory Usage: 2548kB
                    ->  Seq Scan on title t  (cost=0.00..73925.90 rows=792922 width=4) (actual time=0.016..1326.630 rows=692469 loops=1)
                          Filter: ((kind_id > 1) AND (production_year < 2001))
                          Rows Removed by Filter: 1835843
Planning time: 0.785 ms
Execution time: 5655.844 ms
