Hash Join  (cost=93093.08..158662.03 rows=87877 width=0) (actual time=1892.620..3156.080 rows=57862 loops=1)
  Hash Cond: (mc.movie_id = t.id)
  ->  Seq Scan on movie_companies mc  (cost=0.00..57926.93 rows=190198 width=4) (actual time=3.312..853.338 rows=377054 loops=1)
        Filter: ((company_id > 84731) AND (company_type_id = 2))
        Rows Removed by Filter: 2232075
  ->  Hash  (cost=73925.90..73925.90 rows=1168254 width=4) (actual time=1887.715..1887.715 rows=1132488 loops=1)
        Buckets: 131072  Batches: 16  Memory Usage: 3518kB
        ->  Seq Scan on title t  (cost=0.00..73925.90 rows=1168254 width=4) (actual time=0.044..1523.883 rows=1132488 loops=1)
              Filter: ((kind_id > 2) AND (production_year < 2008))
              Rows Removed by Filter: 1395824
Planning time: 0.859 ms
Execution time: 3163.696 ms
