Hash Join  (cost=28270.97..422014.63 rows=1705 width=0) (actual time=396.997..8617.361 rows=91973 loops=1)
  Hash Cond: (mi.movie_id = t.id)
  ->  Seq Scan on movie_info mi  (cost=0.00..346232.03 rows=12665229 width=4) (actual time=0.011..6389.595 rows=12744652 loops=1)
        Filter: (info_type_id > 2)
        Rows Removed by Filter: 2091068
  ->  Hash  (cost=28266.72..28266.72 rows=340 width=8) (actual time=394.554..394.554 rows=252 loops=1)
        Buckets: 1024  Batches: 1  Memory Usage: 18kB
        ->  Nested Loop  (cost=0.43..28266.72 rows=340 width=8) (actual time=80.036..394.485 rows=252 loops=1)
              ->  Seq Scan on movie_info_idx mi_idx  (cost=0.00..25185.44 rows=368 width=4) (actual time=79.966..387.775 rows=260 loops=1)
                    Filter: (info_type_id > 101)
                    Rows Removed by Filter: 1379775
              ->  Index Scan using title_pkey on title t  (cost=0.43..8.36 rows=1 width=4) (actual time=0.025..0.025 rows=1 loops=260)
                    Index Cond: (id = mi_idx.movie_id)
                    Filter: (production_year > 1933)
                    Rows Removed by Filter: 0
Planning time: 1.218 ms
Execution time: 8629.828 ms
