Seq Scan on cast_info ci  (cost=0.00..796071.18 rows=8512767 width=0) (actual time=3551.407..13778.863 rows=4709370 loops=1)
  Filter: ((person_id > 2085262) AND (role_id < 3))
  Rows Removed by Filter: 31534974
Planning time: 0.370 ms
Execution time: 14343.099 ms
