Hash Join  (cost=113176.82..200997.83 rows=116297 width=0) (actual time=2238.785..5139.056 rows=1685601 loops=1)
  Hash Cond: (mk.movie_id = t.id)
  ->  Seq Scan on movie_keyword mk  (cost=0.00..69693.30 rows=4523930 width=4) (actual time=0.024..1018.058 rows=4523930 loops=1)
  ->  Hash  (cost=112364.30..112364.30 rows=65001 width=8) (actual time=2238.290..2238.290 rows=151163 loops=1)
        Buckets: 131072 (originally 65536)  Batches: 2 (originally 1)  Memory Usage: 3980kB
        ->  Hash Join  (cost=79863.89..112364.30 rows=65001 width=8) (actual time=1393.878..2188.400 rows=151163 loops=1)
              Hash Cond: (mi_idx.movie_id = t.id)
              ->  Seq Scan on movie_info_idx mi_idx  (cost=0.00..25185.44 rows=454124 width=4) (actual time=0.025..458.225 rows=459925 loops=1)
                    Filter: (info_type_id = 100)
                    Rows Removed by Filter: 920110
              ->  Hash  (cost=73925.90..73925.90 rows=361919 width=4) (actual time=1392.697..1392.697 rows=470371 loops=1)
                    Buckets: 131072  Batches: 8  Memory Usage: 3103kB
                    ->  Seq Scan on title t  (cost=0.00..73925.90 rows=361919 width=4) (actual time=0.029..1249.118 rows=470371 loops=1)
                          Filter: ((kind_id < 7) AND (production_year < 1998))
                          Rows Removed by Filter: 2057941
Planning time: 1.203 ms
Execution time: 5360.917 ms
