Hash Join  (cost=234225.51..281307.19 rows=547220 width=0) (actual time=5475.321..7360.258 rows=2318671 loops=1)
  Hash Cond: (mi_idx.movie_id = t.id)
  ->  Seq Scan on movie_info_idx mi_idx  (cost=0.00..21735.35 rows=1380035 width=4) (actual time=0.012..484.878 rows=1380035 loops=1)
  ->  Hash  (cost=217775.67..217775.67 rows=1002627 width=8) (actual time=5473.711..5473.711 rows=1010423 loops=1)
        Buckets: 131072  Batches: 16  Memory Usage: 3546kB
        ->  Hash Join  (cost=102767.86..217775.67 rows=1002627 width=8) (actual time=1971.048..5185.224 rows=1010423 loops=1)
              Hash Cond: (mk.movie_id = t.id)
              ->  Seq Scan on movie_keyword mk  (cost=0.00..81003.12 rows=1002627 width=4) (actual time=0.027..1480.945 rows=1010423 loops=1)
                    Filter: (keyword_id > 18046)
                    Rows Removed by Filter: 3513507
              ->  Hash  (cost=61283.27..61283.27 rows=2528527 width=4) (actual time=1969.752..1969.752 rows=2528312 loops=1)
                    Buckets: 131072  Batches: 64  Memory Usage: 2425kB
                    ->  Seq Scan on title t  (cost=0.00..61283.27 rows=2528527 width=4) (actual time=0.023..1133.353 rows=2528312 loops=1)
Planning time: 1.385 ms
Execution time: 7651.764 ms
