Seq Scan on movie_keyword mk  (cost=0.00..81003.12 rows=246 width=0) (actual time=1.998..1323.041 rows=12 loops=1)
  Filter: (keyword_id = 13201)
  Rows Removed by Filter: 4523918
Planning time: 0.378 ms
Execution time: 1323.135 ms
