Hash Join  (cost=542808.31..650621.27 rows=2140003 width=0) (actual time=10006.222..13869.449 rows=4336790 loops=1)
  Hash Cond: (mc.movie_id = t.id)
  ->  Seq Scan on movie_companies mc  (cost=0.00..44881.29 rows=2609129 width=4) (actual time=0.012..1003.304 rows=2609129 loops=1)
  ->  Hash  (cost=508782.64..508782.64 rows=2073893 width=8) (actual time=10005.061..10005.061 rows=2091068 loops=1)
        Buckets: 131072  Batches: 32  Memory Usage: 3553kB
        ->  Hash Join  (cost=102767.86..508782.64 rows=2073893 width=8) (actual time=2385.113..9434.223 rows=2091068 loops=1)
              Hash Cond: (mi.movie_id = t.id)
              ->  Seq Scan on movie_info mi  (cost=0.00..346232.03 rows=2073893 width=4) (actual time=291.613..5244.926 rows=2091068 loops=1)
                    Filter: (info_type_id < 3)
                    Rows Removed by Filter: 12744652
              ->  Hash  (cost=61283.27..61283.27 rows=2528527 width=4) (actual time=2092.457..2092.457 rows=2528312 loops=1)
                    Buckets: 131072  Batches: 64  Memory Usage: 2425kB
                    ->  Seq Scan on title t  (cost=0.00..61283.27 rows=2528527 width=4) (actual time=0.021..1217.357 rows=2528312 loops=1)
Planning time: 1.091 ms
Execution time: 14396.673 ms
