Nested Loop  (cost=0.43..83072.90 rows=78 width=0) (actual time=0.526..1197.545 rows=2440 loops=1)
  ->  Seq Scan on movie_keyword mk  (cost=0.00..81003.12 rows=246 width=4) (actual time=0.134..1034.267 rows=4606 loops=1)
        Filter: (keyword_id = 228)
        Rows Removed by Filter: 4519324
  ->  Index Scan using title_pkey on title t  (cost=0.43..8.40 rows=1 width=4) (actual time=0.035..0.035 rows=1 loops=4606)
        Index Cond: (id = mk.movie_id)
        Filter: ((kind_id < 7) AND (production_year > 1972))
        Rows Removed by Filter: 0
Planning time: 0.780 ms
Execution time: 1198.340 ms
