Hash Join  (cost=99758.49..1410573.45 rows=22557878 width=0) (actual time=2006.047..42122.661 rows=24391862 loops=1)
  Hash Cond: (ci.movie_id = t.id)
  ->  Seq Scan on cast_info ci  (cost=0.00..614943.12 rows=36225612 width=4) (actual time=0.014..13882.891 rows=36244344 loops=1)
  ->  Hash  (cost=73925.90..73925.90 rows=1574527 width=4) (actual time=2004.896..2004.896 rows=1690206 loops=1)
        Buckets: 131072  Batches: 32  Memory Usage: 2886kB
        ->  Seq Scan on title t  (cost=0.00..73925.90 rows=1574527 width=4) (actual time=0.014..1483.912 rows=1690206 loops=1)
              Filter: ((kind_id > 1) AND (production_year > 1966))
              Rows Removed by Filter: 838106
Planning time: 1.381 ms
Execution time: 44846.965 ms
