Hash Join  (cost=102767.86..1417291.49 rows=24899230 width=0) (actual time=2038.180..38758.097 rows=24996335 loops=1)
  Hash Cond: (ci.movie_id = t.id)
  ->  Seq Scan on cast_info ci  (cost=0.00..705507.15 rows=24899230 width=4) (actual time=0.014..15421.711 rows=24996335 loops=1)
        Filter: (person_id > 1103956)
        Rows Removed by Filter: 11248009
  ->  Hash  (cost=61283.27..61283.27 rows=2528527 width=4) (actual time=2036.700..2036.700 rows=2528312 loops=1)
        Buckets: 131072  Batches: 64  Memory Usage: 2415kB
        ->  Seq Scan on title t  (cost=0.00..61283.27 rows=2528527 width=4) (actual time=0.019..1221.720 rows=2528312 loops=1)
Planning time: 0.773 ms
Execution time: 41554.032 ms
