Hash Join  (cost=74555.58..101740.99 rows=27493 width=0) (actual time=1071.167..1897.908 rows=42237 loops=1)
  Hash Cond: (mi_idx.movie_id = t.id)
  ->  Seq Scan on movie_info_idx mi_idx  (cost=0.00..21735.35 rows=1380035 width=4) (actual time=0.014..329.468 rows=1380035 loops=1)
  ->  Hash  (cost=73925.90..73925.90 rows=50374 width=4) (actual time=1070.724..1070.724 rows=130321 loops=1)
        Buckets: 131072 (originally 65536)  Batches: 2 (originally 1)  Memory Usage: 3310kB
        ->  Seq Scan on title t  (cost=0.00..73925.90 rows=50374 width=4) (actual time=150.291..1019.723 rows=130321 loops=1)
              Filter: ((kind_id < 7) AND (production_year < 1936))
              Rows Removed by Filter: 2397991
Planning time: 0.575 ms
Execution time: 1903.019 ms
