Hash Join  (cost=937708.41..1472858.63 rows=3662751 width=0) (actual time=15795.638..37774.069 rows=29115389 loops=1)
  Hash Cond: (mi.movie_id = t.id)
  ->  Seq Scan on movie_info mi  (cost=0.00..346232.03 rows=12928982 width=4) (actual time=0.023..7560.362 rows=12970088 loops=1)
        Filter: (info_type_id < 18)
        Rows Removed by Filter: 1865632
  ->  Hash  (cost=925955.33..925955.33 rows=716326 width=8) (actual time=15794.532..15794.532 rows=1615037 loops=1)
        Buckets: 131072 (originally 131072)  Batches: 32 (originally 16)  Memory Usage: 3073kB
        ->  Hash Join  (cost=102767.86..925955.33 rows=716326 width=8) (actual time=7534.030..15288.873 rows=1615037 loops=1)
              Hash Cond: (ci.movie_id = t.id)
              ->  Seq Scan on cast_info ci  (cost=0.00..796071.18 rows=716326 width=4) (actual time=5698.694..11711.601 rows=1615037 loops=1)
                    Filter: ((person_id > 3742182) AND (role_id > 2))
                    Rows Removed by Filter: 34629307
              ->  Hash  (cost=61283.27..61283.27 rows=2528527 width=4) (actual time=1833.558..1833.558 rows=2528312 loops=1)
                    Buckets: 131072  Batches: 64  Memory Usage: 2415kB
                    ->  Seq Scan on title t  (cost=0.00..61283.27 rows=2528527 width=4) (actual time=0.017..998.470 rows=2528312 loops=1)
Planning time: 1.198 ms
Execution time: 41241.961 ms
