Hash Join  (cost=156649.15..918829.59 rows=752652 width=0) (actual time=4353.428..17784.570 rows=1542227 loops=1)
  Hash Cond: (ci.movie_id = t.id)
  ->  Seq Scan on cast_info ci  (cost=0.00..705507.15 rows=4093272 width=4) (actual time=659.072..11619.227 rows=3968618 loops=1)
        Filter: (person_id < 380207)
        Rows Removed by Filter: 32275726
  ->  Hash  (cost=149020.47..149020.47 rows=464934 width=8) (actual time=3693.366..3693.366 rows=460185 loops=1)
        Buckets: 131072  Batches: 8  Memory Usage: 3276kB
        ->  Hash Join  (cost=102767.86..149020.47 rows=464934 width=8) (actual time=2013.416..3557.268 rows=460185 loops=1)
              Hash Cond: (mi_idx.movie_id = t.id)
              ->  Seq Scan on movie_info_idx mi_idx  (cost=0.00..25185.44 rows=464934 width=4) (actual time=0.028..498.620 rows=460185 loops=1)
                    Filter: (info_type_id > 100)
                    Rows Removed by Filter: 919850
              ->  Hash  (cost=61283.27..61283.27 rows=2528527 width=4) (actual time=2011.692..2011.692 rows=2528312 loops=1)
                    Buckets: 131072  Batches: 64  Memory Usage: 2415kB
                    ->  Seq Scan on title t  (cost=0.00..61283.27 rows=2528527 width=4) (actual time=0.026..1156.998 rows=2528312 loops=1)
Planning time: 1.178 ms
Execution time: 17967.446 ms
