Hash Join  (cost=102767.86..206488.52 rows=1763603 width=0) (actual time=1935.626..4888.020 rows=1754268 loops=1)
  Hash Cond: (mc.movie_id = t.id)
  ->  Seq Scan on movie_companies mc  (cost=0.00..51404.11 rows=1763603 width=4) (actual time=0.014..1155.499 rows=1754268 loops=1)
        Filter: (company_id < 24761)
        Rows Removed by Filter: 854861
  ->  Hash  (cost=61283.27..61283.27 rows=2528527 width=4) (actual time=1934.195..1934.195 rows=2528312 loops=1)
        Buckets: 131072  Batches: 64  Memory Usage: 2415kB
        ->  Seq Scan on title t  (cost=0.00..61283.27 rows=2528527 width=4) (actual time=0.013..1097.390 rows=2528312 loops=1)
Planning time: 0.807 ms
Execution time: 5090.746 ms
