Seq Scan on cast_info ci  (cost=0.00..796071.18 rows=23404 width=0) (actual time=5044.486..10370.846 rows=180098 loops=1)
  Filter: ((person_id > 3580607) AND (role_id > 10))
  Rows Removed by Filter: 36064246
Planning time: 0.373 ms
Execution time: 10394.344 ms
