Seq Scan on movie_keyword mk  (cost=0.00..81003.12 rows=246 width=0) (actual time=3.000..1225.296 rows=235 loops=1)
  Filter: (keyword_id = 12742)
  Rows Removed by Filter: 4523695
Planning time: 0.416 ms
Execution time: 1225.529 ms
