Seq Scan on movie_companies mc  (cost=0.00..57926.93 rows=919190 width=0) (actual time=0.023..1154.625 rows=1102426 loops=1)
  Filter: ((company_id > 1750) AND (company_type_id > 1))
  Rows Removed by Filter: 1506703
Planning time: 0.364 ms
Execution time: 1293.804 ms
