Seq Scan on movie_companies mc  (cost=0.00..57926.93 rows=554445 width=0) (actual time=299.799..996.829 rows=275187 loops=1)
  Filter: ((company_id > 13334) AND (company_type_id = 1))
  Rows Removed by Filter: 2333942
Planning time: 0.398 ms
Execution time: 1031.529 ms
