Hash Join  (cost=92883.59..199962.29 rows=646439 width=0) (actual time=1818.689..3952.646 rows=131427 loops=1)
  Hash Cond: (mk.movie_id = t.id)
  ->  Seq Scan on movie_keyword mk  (cost=0.00..81003.12 rows=1060837 width=4) (actual time=0.024..1370.258 rows=1066431 loops=1)
        Filter: (keyword_id < 1066)
        Rows Removed by Filter: 3457499
  ->  Hash  (cost=67604.59..67604.59 rows=1540800 width=4) (actual time=1817.086..1817.086 rows=1543264 loops=1)
        Buckets: 131072  Batches: 32  Memory Usage: 2728kB
        ->  Seq Scan on title t  (cost=0.00..67604.59 rows=1540800 width=4) (actual time=0.034..1318.715 rows=1543264 loops=1)
              Filter: (kind_id = 7)
              Rows Removed by Filter: 985048
Planning time: 0.720 ms
Execution time: 3967.759 ms
