Hash Join  (cost=106568.31..193233.38 rows=9548 width=0) (actual time=1890.843..3483.168 rows=21061 loops=1)
  Hash Cond: (mk.movie_id = t.id)
  ->  Seq Scan on movie_keyword mk  (cost=0.00..81003.12 rows=1484392 width=4) (actual time=0.021..1327.042 rows=1496861 loops=1)
        Filter: (keyword_id > 10833)
        Rows Removed by Filter: 3027069
  ->  Hash  (cost=106365.00..106365.00 rows=16265 width=8) (actual time=1889.992..1889.992 rows=12868 loops=1)
        Buckets: 16384  Batches: 1  Memory Usage: 631kB
        ->  Hash Join  (cost=75411.94..106365.00 rows=16265 width=8) (actual time=1255.975..1884.785 rows=12868 loops=1)
              Hash Cond: (mi_idx.movie_id = t.id)
              ->  Seq Scan on movie_info_idx mi_idx  (cost=0.00..25185.44 rows=454124 width=4) (actual time=0.016..446.224 rows=459925 loops=1)
                    Filter: (info_type_id = 100)
                    Rows Removed by Filter: 920110
              ->  Hash  (cost=73925.90..73925.90 rows=90563 width=4) (actual time=1254.931..1254.931 rows=80990 loops=1)
                    Buckets: 131072  Batches: 2  Memory Usage: 2450kB
                    ->  Seq Scan on title t  (cost=0.00..73925.90 rows=90563 width=4) (actual time=0.148..1216.583 rows=80990 loops=1)
                          Filter: ((kind_id < 7) AND (production_year > 2011))
                          Rows Removed by Filter: 2447322
Planning time: 1.262 ms
Execution time: 3486.316 ms
