Seq Scan on cast_info ci  (cost=0.00..796071.18 rows=30214903 width=0) (actual time=1181.082..18119.762 rows=30205321 loops=1)
  Filter: ((person_id > 146810) AND (role_id < 10))
  Rows Removed by Filter: 6039023
Planning time: 0.388 ms
Execution time: 21792.636 ms
