Hash Join  (cost=85777.42..176583.71 rows=1142976 width=0) (actual time=1602.493..4038.733 rows=917132 loops=1)
  Hash Cond: (mc.movie_id = t.id)
  ->  Seq Scan on movie_companies mc  (cost=0.00..44881.29 rows=2609129 width=4) (actual time=0.009..895.897 rows=2609129 loops=1)
  ->  Hash  (cost=67604.59..67604.59 rows=1107667 width=4) (actual time=1601.477..1601.477 rows=1107925 loops=1)
        Buckets: 131072  Batches: 16  Memory Usage: 3460kB
        ->  Seq Scan on title t  (cost=0.00..67604.59 rows=1107667 width=4) (actual time=0.021..1252.118 rows=1107925 loops=1)
              Filter: (production_year > 2004)
              Rows Removed by Filter: 1420387
Planning time: 0.741 ms
Execution time: 4134.076 ms
