Hash Join  (cost=98498.33..199971.12 rows=495174 width=0) (actual time=2602.090..3889.403 rows=136435 loops=1)
  Hash Cond: (mk.movie_id = t.id)
  ->  Seq Scan on movie_keyword mk  (cost=0.00..81003.12 rows=835981 width=4) (actual time=0.025..1349.049 rows=841220 loops=1)
        Filter: (keyword_id > 21806)
        Rows Removed by Filter: 3682710
  ->  Hash  (cost=73925.90..73925.90 rows=1497714 width=4) (actual time=1879.772..1879.772 rows=1478440 loops=1)
        Buckets: 131072  Batches: 32  Memory Usage: 2656kB
        ->  Seq Scan on title t  (cost=0.00..73925.90 rows=1497714 width=4) (actual time=0.019..1399.759 rows=1478440 loops=1)
              Filter: ((production_year > 0) AND (kind_id = 7))
              Rows Removed by Filter: 1049872
Planning time: 1.137 ms
Execution time: 3904.908 ms
