Hash Join  (cost=83072.66..447730.34 rows=176 width=0) (actual time=1224.599..8203.595 rows=12322 loops=1)
  Hash Cond: (mi.movie_id = t.id)
  ->  Seq Scan on movie_info mi  (cost=0.00..309384.22 rows=14739122 width=4) (actual time=0.020..4238.239 rows=14835720 loops=1)
  ->  Hash  (cost=83072.29..83072.29 rows=30 width=8) (actual time=1219.240..1219.240 rows=426 loops=1)
        Buckets: 1024  Batches: 1  Memory Usage: 25kB
        ->  Nested Loop  (cost=0.43..83072.29 rows=30 width=8) (actual time=2.789..1218.856 rows=426 loops=1)
              ->  Seq Scan on movie_keyword mk  (cost=0.00..81003.12 rows=246 width=4) (actual time=2.738..1169.551 rows=1987 loops=1)
                    Filter: (keyword_id = 432)
                    Rows Removed by Filter: 4521943
              ->  Index Scan using title_pkey on title t  (cost=0.43..8.40 rows=1 width=4) (actual time=0.024..0.024 rows=0 loops=1987)
                    Index Cond: (id = mk.movie_id)
                    Filter: (production_year < 1966)
                    Rows Removed by Filter: 1
Planning time: 1.191 ms
Execution time: 8206.438 ms
