Hash Join  (cost=28267.93..82934.45 rows=100 width=0) (actual time=449.864..1537.775 rows=8429 loops=1)
  Hash Cond: (mc.movie_id = t.id)
  ->  Seq Scan on movie_companies mc  (cost=0.00..44881.29 rows=2609129 width=4) (actual time=0.013..666.206 rows=2609129 loops=1)
  ->  Hash  (cost=28266.72..28266.72 rows=97 width=8) (actual time=396.247..396.247 rows=260 loops=1)
        Buckets: 1024  Batches: 1  Memory Usage: 19kB
        ->  Nested Loop  (cost=0.43..28266.72 rows=97 width=8) (actual time=108.468..396.129 rows=260 loops=1)
              ->  Seq Scan on movie_info_idx mi_idx  (cost=0.00..25185.44 rows=368 width=4) (actual time=108.394..388.401 rows=260 loops=1)
                    Filter: (info_type_id > 101)
                    Rows Removed by Filter: 1379775
              ->  Index Scan using title_pkey on title t  (cost=0.43..8.36 rows=1 width=4) (actual time=0.029..0.029 rows=1 loops=260)
                    Index Cond: (id = mi_idx.movie_id)
                    Filter: (kind_id = 1)
Planning time: 5.656 ms
Execution time: 1539.141 ms
