Hash Join  (cost=190230.21..315040.09 rows=1231816 width=0) (actual time=4299.927..8671.728 rows=5247511 loops=1)
  Hash Cond: (mk.movie_id = t.id)
  ->  Seq Scan on movie_keyword mk  (cost=0.00..81003.12 rows=2256958 width=4) (actual time=0.015..1581.196 rows=2255165 loops=1)
        Filter: (keyword_id > 4753)
        Rows Removed by Filter: 2268765
  ->  Hash  (cost=167588.78..167588.78 rows=1380035 width=8) (actual time=4298.070..4298.070 rows=1380035 loops=1)
        Buckets: 131072  Batches: 32  Memory Usage: 2726kB
        ->  Hash Join  (cost=102767.86..167588.78 rows=1380035 width=8) (actual time=1870.862..3894.322 rows=1380035 loops=1)
              Hash Cond: (mi_idx.movie_id = t.id)
              ->  Seq Scan on movie_info_idx mi_idx  (cost=0.00..21735.35 rows=1380035 width=4) (actual time=0.027..497.349 rows=1380035 loops=1)
              ->  Hash  (cost=61283.27..61283.27 rows=2528527 width=4) (actual time=1869.977..1869.977 rows=2528312 loops=1)
                    Buckets: 131072  Batches: 64  Memory Usage: 2415kB
                    ->  Seq Scan on title t  (cost=0.00..61283.27 rows=2528527 width=4) (actual time=0.016..1016.982 rows=2528312 loops=1)
Planning time: 1.164 ms
Execution time: 9289.362 ms
