Hash Join  (cost=102767.86..183400.89 rows=533052 width=0) (actual time=1928.248..3900.368 rows=741624 loops=1)
  Hash Cond: (mc.movie_id = t.id)
  ->  Seq Scan on movie_companies mc  (cost=0.00..57926.93 rows=533052 width=4) (actual time=0.028..1010.089 rows=741624 loops=1)
        Filter: ((company_id < 6926) AND (company_type_id = 1))
        Rows Removed by Filter: 1867505
  ->  Hash  (cost=61283.27..61283.27 rows=2528527 width=4) (actual time=1925.992..1925.992 rows=2528312 loops=1)
        Buckets: 131072  Batches: 64  Memory Usage: 2415kB
        ->  Seq Scan on title t  (cost=0.00..61283.27 rows=2528527 width=4) (actual time=0.018..1104.388 rows=2528312 loops=1)
Planning time: 0.772 ms
Execution time: 3981.227 ms
