Hash Join  (cost=187121.23..1281097.38 rows=5857498 width=0) (actual time=4054.003..40331.231 rows=21440624 loops=1)
  Hash Cond: (ci.movie_id = t.id)
  ->  Seq Scan on cast_info ci  (cost=0.00..614943.12 rows=36225612 width=4) (actual time=0.018..13230.731 rows=36244344 loops=1)
  ->  Hash  (cost=180412.61..180412.61 rows=408850 width=8) (actual time=4053.184..4053.184 rows=586473 loops=1)
        Buckets: 131072  Batches: 8  Memory Usage: 3868kB
        ->  Hash Join  (cost=102767.86..180412.61 rows=408850 width=8) (actual time=1930.021..3883.608 rows=586473 loops=1)
              Hash Cond: (mc.movie_id = t.id)
              ->  Seq Scan on movie_companies mc  (cost=0.00..57926.93 rows=408850 width=4) (actual time=0.025..1060.198 rows=586473 loops=1)
                    Filter: ((company_id < 2042) AND (company_type_id = 1))
                    Rows Removed by Filter: 2022656
              ->  Hash  (cost=61283.27..61283.27 rows=2528527 width=4) (actual time=1928.363..1928.363 rows=2528312 loops=1)
                    Buckets: 131072  Batches: 64  Memory Usage: 2415kB
                    ->  Seq Scan on title t  (cost=0.00..61283.27 rows=2528527 width=4) (actual time=0.010..1119.560 rows=2528312 loops=1)
Planning time: 1.302 ms
Execution time: 42760.575 ms
