Hash Join  (cost=263115.61..433269.37 rows=3341651 width=0) (actual time=6658.525..15578.168 rows=24939998 loops=1)
  Hash Cond: (mk.movie_id = t.id)
  ->  Seq Scan on movie_keyword mk  (cost=0.00..81003.12 rows=3238420 width=4) (actual time=0.021..1723.095 rows=3227060 loops=1)
        Filter: (keyword_id < 13618)
        Rows Removed by Filter: 1296870
  ->  Hash  (cost=220309.49..220309.49 rows=2609129 width=8) (actual time=6657.437..6657.437 rows=2609129 loops=1)
        Buckets: 131072  Batches: 64  Memory Usage: 2691kB
        ->  Hash Join  (cost=102767.86..220309.49 rows=2609129 width=8) (actual time=1820.731..5943.933 rows=2609129 loops=1)
              Hash Cond: (mc.movie_id = t.id)
              ->  Seq Scan on movie_companies mc  (cost=0.00..44881.29 rows=2609129 width=4) (actual time=0.007..998.307 rows=2609129 loops=1)
              ->  Hash  (cost=61283.27..61283.27 rows=2528527 width=4) (actual time=1819.185..1819.185 rows=2528312 loops=1)
                    Buckets: 131072  Batches: 64  Memory Usage: 2415kB
                    ->  Seq Scan on title t  (cost=0.00..61283.27 rows=2528527 width=4) (actual time=0.026..1004.218 rows=2528312 loops=1)
Planning time: 1.141 ms
Execution time: 18258.994 ms
