Hash Join  (cost=161694.47..290713.68 rows=575917 width=0) (actual time=3503.625..7334.348 rows=1482434 loops=1)
  Hash Cond: (mk.movie_id = t.id)
  ->  Seq Scan on movie_keyword mk  (cost=0.00..69693.30 rows=4523930 width=4) (actual time=0.014..1390.490 rows=4523930 loops=1)
  ->  Hash  (cost=156412.81..156412.81 rows=321893 width=8) (actual time=3502.665..3502.665 rows=294484 loops=1)
        Buckets: 131072  Batches: 8  Memory Usage: 2462kB
        ->  Hash Join  (cost=78473.92..156412.81 rows=321893 width=8) (actual time=1467.127..3401.092 rows=294484 loops=1)
              Hash Cond: (mc.movie_id = t.id)
              ->  Seq Scan on movie_companies mc  (cost=0.00..57926.93 rows=1228538 width=4) (actual time=0.029..1123.843 rows=1295713 loops=1)
                    Filter: ((company_id > 52) AND (company_type_id > 1))
                    Rows Removed by Filter: 1313416
              ->  Hash  (cost=67604.59..67604.59 rows=662507 width=4) (actual time=1466.068..1466.068 rows=662065 loops=1)
                    Buckets: 131072  Batches: 16  Memory Usage: 2481kB
                    ->  Seq Scan on title t  (cost=0.00..67604.59 rows=662507 width=4) (actual time=0.020..1183.961 rows=662065 loops=1)
                          Filter: (production_year > 2008)
                          Rows Removed by Filter: 1866247
Planning time: 1.188 ms
Execution time: 7531.055 ms
