Seq Scan on movie_companies mc  (cost=0.00..51404.11 rows=1576280 width=0) (actual time=0.018..921.711 rows=1566941 loops=1)
  Filter: (company_id < 15193)
  Rows Removed by Filter: 1042188
Planning time: 0.336 ms
Execution time: 1115.688 ms
