Hash Join  (cost=58358.90..423017.80 rows=297 width=0) (actual time=900.427..7642.642 rows=9836 loops=1)
  Hash Cond: (mi.movie_id = t.id)
  ->  Seq Scan on movie_info mi  (cost=0.00..309384.22 rows=14739122 width=4) (actual time=0.022..4101.515 rows=14835720 loops=1)
  ->  Hash  (cost=58358.27..58358.27 rows=51 width=8) (actual time=900.220..900.220 rows=114 loops=1)
        Buckets: 1024  Batches: 1  Memory Usage: 13kB
        ->  Nested Loop  (cost=0.43..58358.27 rows=51 width=8) (actual time=339.966..900.121 rows=114 loops=1)
              ->  Seq Scan on movie_companies mc  (cost=0.00..57926.93 rows=51 width=4) (actual time=339.898..896.786 rows=114 loops=1)
                    Filter: ((company_type_id < 2) AND (company_id = 14099))
                    Rows Removed by Filter: 2609015
              ->  Index Only Scan using title_pkey on title t  (cost=0.43..8.45 rows=1 width=4) (actual time=0.026..0.027 rows=1 loops=114)
                    Index Cond: (id = mc.movie_id)
                    Heap Fetches: 114
Planning time: 1.187 ms
Execution time: 7644.577 ms
