Seq Scan on movie_keyword mk  (cost=0.00..81003.12 rows=246 width=0) (actual time=0.436..1295.772 rows=617 loops=1)
  Filter: (keyword_id = 8233)
  Rows Removed by Filter: 4523313
Planning time: 0.402 ms
Execution time: 1296.132 ms
