Hash Join  (cost=83074.52..109985.98 rows=97 width=0) (actual time=1332.640..1903.875 rows=3848 loops=1)
  Hash Cond: (mi_idx.movie_id = t.id)
  ->  Seq Scan on movie_info_idx mi_idx  (cost=0.00..21735.35 rows=1380035 width=4) (actual time=0.022..316.868 rows=1380035 loops=1)
  ->  Hash  (cost=83072.29..83072.29 rows=179 width=8) (actual time=1332.506..1332.506 rows=1340 loops=1)
        Buckets: 2048 (originally 1024)  Batches: 1 (originally 1)  Memory Usage: 69kB
        ->  Nested Loop  (cost=0.43..83072.29 rows=179 width=8) (actual time=0.100..1331.559 rows=1340 loops=1)
              ->  Seq Scan on movie_keyword mk  (cost=0.00..81003.12 rows=246 width=4) (actual time=0.044..1254.750 rows=1726 loops=1)
                    Filter: (keyword_id = 3779)
                    Rows Removed by Filter: 4522204
              ->  Index Scan using title_pkey on title t  (cost=0.43..8.40 rows=1 width=4) (actual time=0.043..0.043 rows=1 loops=1726)
                    Index Cond: (id = mk.movie_id)
                    Filter: (production_year > 1986)
                    Rows Removed by Filter: 0
Planning time: 1.193 ms
Execution time: 1904.616 ms
