Hash Join  (cost=73962.22..133888.25 rows=611 width=0) (actual time=1161.409..2320.050 rows=1240 loops=1)
  Hash Cond: (mc.movie_id = t.id)
  ->  Seq Scan on movie_companies mc  (cost=0.00..57926.93 rows=531463 width=4) (actual time=0.022..1096.140 rows=319115 loops=1)
        Filter: ((company_id < 5979) AND (company_type_id > 1))
        Rows Removed by Filter: 2290014
  ->  Hash  (cost=73925.90..73925.90 rows=2905 width=4) (actual time=1160.364..1160.364 rows=5239 loops=1)
        Buckets: 8192 (originally 4096)  Batches: 1 (originally 1)  Memory Usage: 249kB
        ->  Seq Scan on title t  (cost=0.00..73925.90 rows=2905 width=4) (actual time=7.673..1157.607 rows=5239 loops=1)
              Filter: ((kind_id < 7) AND (production_year = 1965))
              Rows Removed by Filter: 2523073
Planning time: 0.811 ms
Execution time: 2320.528 ms
