Hash Join  (cost=1018504.83..3783761.54 rows=127561970 width=0) (actual time=29348.228..137915.898 rows=288002327 loops=1)
  Hash Cond: (ci.movie_id = t.id)
  ->  Seq Scan on cast_info ci  (cost=0.00..796071.18 rows=21883521 width=4) (actual time=2462.977..19124.385 rows=25482667 loops=1)
        Filter: ((person_id < 2991629) AND (role_id < 5))
        Rows Removed by Filter: 10761677
  ->  Hash  (cost=776690.81..776690.81 rows=14739122 width=8) (actual time=26883.753..26883.753 rows=14835720 loops=1)
        Buckets: 131072  Batches: 256  Memory Usage: 3268kB
        ->  Hash Join  (cost=102767.86..776690.81 rows=14739122 width=8) (actual time=1978.122..21989.737 rows=14835720 loops=1)
              Hash Cond: (mi.movie_id = t.id)
              ->  Seq Scan on movie_info mi  (cost=0.00..309384.22 rows=14739122 width=4) (actual time=0.026..5875.348 rows=14835720 loops=1)
              ->  Hash  (cost=61283.27..61283.27 rows=2528527 width=4) (actual time=1976.719..1976.719 rows=2528312 loops=1)
                    Buckets: 131072  Batches: 64  Memory Usage: 2425kB
                    ->  Seq Scan on title t  (cost=0.00..61283.27 rows=2528527 width=4) (actual time=0.019..1077.398 rows=2528312 loops=1)
Planning time: 1.170 ms
Execution time: 170952.169 ms
