Hash Join  (cost=940601.31..1474277.18 rows=5048595 width=0) (actual time=19542.127..34148.789 rows=5049952 loops=1)
  Hash Cond: (mi.movie_id = t.id)
  ->  Seq Scan on movie_info mi  (cost=0.00..309384.22 rows=14739122 width=4) (actual time=0.010..6086.589 rows=14835720 loops=1)
  ->  Hash  (cost=926391.09..926391.09 rows=866097 width=8) (actual time=19540.983..19540.983 rows=417924 loops=1)
        Buckets: 131072  Batches: 16  Memory Usage: 2046kB
        ->  Hash Join  (cost=77561.16..926391.09 rows=866097 width=8) (actual time=10292.521..19393.055 rows=417924 loops=1)
              Hash Cond: (ci.movie_id = t.id)
              ->  Seq Scan on cast_info ci  (cost=0.00..796071.18 rows=3608742 width=4) (actual time=8860.204..16024.402 rows=3744985 loops=1)
                    Filter: ((person_id > 327235) AND (role_id = 3))
                    Rows Removed by Filter: 32499359
              ->  Hash  (cost=67604.59..67604.59 rows=606846 width=4) (actual time=1431.185..1431.185 rows=603411 loops=1)
                    Buckets: 131072  Batches: 8  Memory Usage: 3668kB
                    ->  Seq Scan on title t  (cost=0.00..67604.59 rows=606846 width=4) (actual time=0.021..1232.851 rows=603411 loops=1)
                          Filter: (production_year < 1986)
                          Rows Removed by Filter: 1924901
Planning time: 2.945 ms
Execution time: 34807.150 ms
