Seq Scan on movie_keyword mk  (cost=0.00..81003.12 rows=460680 width=0) (actual time=0.019..1318.320 rows=457328 loops=1)
  Filter: (keyword_id > 38788)
  Rows Removed by Filter: 4066602
Planning time: 0.332 ms
Execution time: 1378.485 ms
