Hash Join  (cost=74056.90..101024.59 rows=5720 width=0) (actual time=1172.333..1680.933 rows=7646 loops=1)
  Hash Cond: (mi_idx.movie_id = t.id)
  ->  Seq Scan on movie_info_idx mi_idx  (cost=0.00..21735.35 rows=1380035 width=4) (actual time=0.012..329.198 rows=1380035 loops=1)
  ->  Hash  (cost=73925.90..73925.90 rows=10480 width=4) (actual time=1061.643..1061.643 rows=5587 loops=1)
        Buckets: 16384  Batches: 1  Memory Usage: 325kB
        ->  Seq Scan on title t  (cost=0.00..73925.90 rows=10480 width=4) (actual time=115.238..1059.033 rows=5587 loops=1)
              Filter: ((kind_id = 1) AND (production_year = 1995))
              Rows Removed by Filter: 2522725
Planning time: 0.907 ms
Execution time: 1682.240 ms
