Seq Scan on movie_keyword mk  (cost=0.00..81003.12 rows=54487 width=0) (actual time=0.042..1281.234 rows=51698 loops=1)
  Filter: (keyword_id < 52)
  Rows Removed by Filter: 4472232
Planning time: 1.021 ms
Execution time: 1289.128 ms
