Hash Join  (cost=76352.87..1131925.75 rows=2119172 width=0) (actual time=1265.890..26682.926 rows=407667 loops=1)
  Hash Cond: (ci.movie_id = t.id)
  ->  Seq Scan on cast_info ci  (cost=0.00..614943.12 rows=36225612 width=4) (actual time=0.019..12594.483 rows=36244344 loops=1)
  ->  Hash  (cost=73925.90..73925.90 rows=147917 width=4) (actual time=992.770..992.770 rows=46427 loops=1)
        Buckets: 131072  Batches: 2  Memory Usage: 1840kB
        ->  Seq Scan on title t  (cost=0.00..73925.90 rows=147917 width=4) (actual time=116.575..974.887 rows=46427 loops=1)
              Filter: ((production_year < 1960) AND (kind_id = 7))
              Rows Removed by Filter: 2481885
Planning time: 0.782 ms
Execution time: 26735.438 ms
