Hash Join  (cost=70308.29..179949.07 rows=149348 width=0) (actual time=1165.122..3645.830 rows=50757 loops=1)
  Hash Cond: (mk.movie_id = t.id)
  ->  Seq Scan on movie_keyword mk  (cost=0.00..81003.12 rows=2291780 width=4) (actual time=0.013..1589.298 rows=2292919 loops=1)
        Filter: (keyword_id < 4900)
        Rows Removed by Filter: 2231011
  ->  Hash  (cost=67604.59..67604.59 rows=164776 width=4) (actual time=1163.947..1163.947 rows=164307 loops=1)
        Buckets: 131072  Batches: 4  Memory Usage: 2488kB
        ->  Seq Scan on title t  (cost=0.00..67604.59 rows=164776 width=4) (actual time=0.014..1099.252 rows=164307 loops=1)
              Filter: (production_year = 2012)
              Rows Removed by Filter: 2364005
Planning time: 0.738 ms
Execution time: 3652.987 ms
