Seq Scan on movie_info_idx mi_idx  (cost=0.00..25185.44 rows=460978 width=50) (actual time=0.021..504.793 rows=459925 loops=1)
  Filter: (info_type_id = 99)
  Rows Removed by Filter: 920110
Planning time: 0.222 ms
Execution time: 531.871 ms
