Seq Scan on cast_info ci  (cost=0.00..796071.18 rows=18196888 width=0) (actual time=1059.527..14587.372 rows=17042402 loops=1)
  Filter: ((person_id > 1499327) AND (role_id < 10))
  Rows Removed by Filter: 19201942
Planning time: 0.382 ms
Execution time: 16575.171 ms
