Seq Scan on movie_keyword mk  (cost=0.00..81003.12 rows=2116765 width=0) (actual time=0.020..1514.811 rows=2120110 loops=1)
  Filter: (keyword_id < 3891)
  Rows Removed by Filter: 2403820
Planning time: 0.254 ms
Execution time: 1776.646 ms
