Hash Join  (cost=79677.10..218165.24 rows=1098023 width=0) (actual time=1474.509..5203.217 rows=1494739 loops=1)
  Hash Cond: (mk.movie_id = t.id)
  ->  Seq Scan on movie_keyword mk  (cost=0.00..81003.12 rows=3773276 width=4) (actual time=0.018..1761.061 rows=3766601 loops=1)
        Filter: (keyword_id < 24720)
        Rows Removed by Filter: 757329
  ->  Hash  (cost=67604.59..67604.59 rows=735801 width=4) (actual time=1473.398..1473.398 rows=730985 loops=1)
        Buckets: 131072  Batches: 16  Memory Usage: 2638kB
        ->  Seq Scan on title t  (cost=0.00..67604.59 rows=735801 width=4) (actual time=0.023..1231.278 rows=730985 loops=1)
              Filter: (production_year < 1992)
              Rows Removed by Filter: 1797327
Planning time: 0.786 ms
Execution time: 5356.928 ms
