Seq Scan on movie_companies mc  (cost=0.00..51404.11 rows=104 width=0) (actual time=6.201..770.708 rows=28 loops=1)
  Filter: (company_id = 16717)
  Rows Removed by Filter: 2609101
Planning time: 0.399 ms
Execution time: 770.804 ms
