Hash Join  (cost=730785.10..2820433.85 rows=80742058 width=0) (actual time=19535.144..94854.521 rows=166014516 loops=1)
  Hash Cond: (ci.movie_id = t.id)
  ->  Seq Scan on cast_info ci  (cost=0.00..614943.12 rows=36225612 width=4) (actual time=0.016..14137.401 rows=36244344 loops=1)
  ->  Hash  (cost=638323.23..638323.23 rows=5635749 width=8) (actual time=19532.735..19532.735 rows=6924962 loops=1)
        Buckets: 131072  Batches: 128  Memory Usage: 3112kB
        ->  Hash Join  (cost=86241.46..638323.23 rows=5635749 width=8) (actual time=1660.786..17566.828 rows=6924962 loops=1)
              Hash Cond: (mi.movie_id = t.id)
              ->  Seq Scan on movie_info mi  (cost=0.00..346232.03 rows=12545135 width=4) (actual time=122.944..7330.007 rows=12601870 loops=1)
                    Filter: (info_type_id < 17)
                    Rows Removed by Filter: 2233850
              ->  Hash  (cost=67604.59..67604.59 rows=1135910 width=4) (actual time=1536.999..1536.999 rows=1133355 loops=1)
                    Buckets: 131072  Batches: 16  Memory Usage: 3524kB
                    ->  Seq Scan on title t  (cost=0.00..67604.59 rows=1135910 width=4) (actual time=0.027..1163.386 rows=1133355 loops=1)
                          Filter: (production_year < 2002)
                          Rows Removed by Filter: 1394957
Planning time: 2.236 ms
Execution time: 113256.151 ms
