Hash Join  (cost=799584.58..895559.80 rows=663 width=0) (actual time=15253.344..16969.750 rows=472 loops=1)
  Hash Cond: (mk.movie_id = t.id)
  ->  Seq Scan on movie_keyword mk  (cost=0.00..81003.12 rows=3990792 width=4) (actual time=0.019..1567.186 rows=4001688 loops=1)
        Filter: (keyword_id < 34679)
        Rows Removed by Filter: 522242
  ->  Hash  (cost=799579.33..799579.33 rows=420 width=8) (actual time=14811.622..14811.622 rows=208 loops=1)
        Buckets: 1024  Batches: 1  Memory Usage: 17kB
        ->  Nested Loop  (cost=0.43..799579.33 rows=420 width=8) (actual time=4960.575..14811.505 rows=208 loops=1)
              ->  Seq Scan on cast_info ci  (cost=0.00..796071.18 rows=420 width=4) (actual time=4960.478..14807.950 rows=208 loops=1)
                    Filter: ((role_id < 9) AND (person_id = 1723546))
                    Rows Removed by Filter: 36244136
              ->  Index Only Scan using title_pkey on title t  (cost=0.43..8.34 rows=1 width=4) (actual time=0.016..0.016 rows=1 loops=208)
                    Index Cond: (id = ci.movie_id)
                    Heap Fetches: 208
Planning time: 1.223 ms
Execution time: 16969.959 ms
