Hash Join  (cost=102767.86..227401.70 rows=1402629 width=0) (actual time=2344.285..5431.669 rows=1418954 loops=1)
  Hash Cond: (mk.movie_id = t.id)
  ->  Seq Scan on movie_keyword mk  (cost=0.00..81003.12 rows=1402629 width=4) (actual time=0.017..1517.649 rows=1418954 loops=1)
        Filter: (keyword_id < 1951)
        Rows Removed by Filter: 3104976
  ->  Hash  (cost=61283.27..61283.27 rows=2528527 width=4) (actual time=2343.107..2343.107 rows=2528312 loops=1)
        Buckets: 131072  Batches: 64  Memory Usage: 2425kB
        ->  Seq Scan on title t  (cost=0.00..61283.27 rows=2528527 width=4) (actual time=0.016..1258.865 rows=2528312 loops=1)
Planning time: 0.608 ms
Execution time: 5593.311 ms
