Hash Join  (cost=102767.86..283312.84 rows=3726268 width=0) (actual time=2011.233..6673.626 rows=3722750 loops=1)
  Hash Cond: (mk.movie_id = t.id)
  ->  Seq Scan on movie_keyword mk  (cost=0.00..81003.12 rows=3726268 width=4) (actual time=0.025..1785.701 rows=3722750 loops=1)
        Filter: (keyword_id < 23093)
        Rows Removed by Filter: 801180
  ->  Hash  (cost=61283.27..61283.27 rows=2528527 width=4) (actual time=2009.069..2009.069 rows=2528312 loops=1)
        Buckets: 131072  Batches: 64  Memory Usage: 2425kB
        ->  Seq Scan on title t  (cost=0.00..61283.27 rows=2528527 width=4) (actual time=0.021..1143.935 rows=2528312 loops=1)
Planning time: 0.739 ms
Execution time: 7067.043 ms
