Seq Scan on movie_keyword mk  (cost=0.00..81003.12 rows=1282887 width=0) (actual time=0.048..1401.287 rows=1293252 loops=1)
  Filter: (keyword_id > 13660)
  Rows Removed by Filter: 3230678
Planning time: 0.343 ms
Execution time: 1562.893 ms
