Hash Join  (cost=856491.93..3039784.86 rows=90371642 width=0) (actual time=18628.599..68204.097 rows=74230909 loops=1)
  Hash Cond: (ci.movie_id = t.id)
  ->  Seq Scan on cast_info ci  (cost=0.00..705507.15 rows=23499554 width=4) (actual time=0.025..15970.325 rows=23573656 loops=1)
        Filter: (role_id > 1)
        Rows Removed by Filter: 12670688
  ->  Hash  (cost=696959.27..696959.27 rows=9723893 width=8) (actual time=18626.444..18626.444 rows=4961386 loops=1)
        Buckets: 131072  Batches: 128  Memory Usage: 2533kB
        ->  Hash Join  (cost=94973.51..696959.27 rows=9723893 width=8) (actual time=1725.040..17055.023 rows=4961386 loops=1)
              Hash Cond: (mi.movie_id = t.id)
              ->  Seq Scan on movie_info mi  (cost=0.00..309384.22 rows=14739122 width=4) (actual time=0.023..5913.904 rows=14835720 loops=1)
              ->  Hash  (cost=67604.59..67604.59 rows=1668154 width=4) (actual time=1723.626..1723.626 rows=1674098 loops=1)
                    Buckets: 131072  Batches: 32  Memory Usage: 2875kB
                    ->  Seq Scan on title t  (cost=0.00..67604.59 rows=1668154 width=4) (actual time=0.030..1191.078 rows=1674098 loops=1)
                          Filter: (kind_id > 3)
                          Rows Removed by Filter: 854214
Planning time: 1.140 ms
Execution time: 76154.524 ms
