Hash Join  (cost=893765.24..1383544.95 rows=934678 width=0) (actual time=13435.137..24815.947 rows=8931 loops=1)
  Hash Cond: (mi.movie_id = t.id)
  ->  Seq Scan on movie_info mi  (cost=0.00..309384.22 rows=14739122 width=4) (actual time=0.025..6095.395 rows=14835720 loops=1)
  ->  Hash  (cost=891133.91..891133.91 rows=160346 width=8) (actual time=13418.812..13418.812 rows=227 loops=1)
        Buckets: 131072  Batches: 4  Memory Usage: 1033kB
        ->  Hash Join  (cost=81516.96..891133.91 rows=160346 width=8) (actual time=7463.150..13418.482 rows=227 loops=1)
              Hash Cond: (ci.movie_id = t.id)
              ->  Seq Scan on cast_info ci  (cost=0.00..796071.18 rows=876352 width=4) (actual time=5503.371..11413.742 rows=1164 loops=1)
                    Filter: ((person_id < 406115) AND (role_id = 2))
                    Rows Removed by Filter: 36243180
              ->  Hash  (cost=73925.90..73925.90 rows=462644 width=4) (actual time=1379.516..1379.516 rows=335285 loops=1)
                    Buckets: 131072  Batches: 8  Memory Usage: 2503kB
                    ->  Seq Scan on title t  (cost=0.00..73925.90 rows=462644 width=4) (actual time=236.233..1274.936 rows=335285 loops=1)
                          Filter: ((production_year > 1990) AND (kind_id = 1))
                          Rows Removed by Filter: 2193027
Planning time: 1.300 ms
Execution time: 24817.891 ms
