Hash Join  (cost=175379.31..543214.04 rows=317879 width=0) (actual time=3592.140..17560.619 rows=7998360 loops=1)
  Hash Cond: (mi.movie_id = t.id)
  ->  Seq Scan on movie_info mi  (cost=0.00..309384.22 rows=14739122 width=4) (actual time=0.020..5160.321 rows=14835720 loops=1)
  ->  Hash  (cost=174697.65..174697.65 rows=54533 width=8) (actual time=3591.622..3591.622 rows=216142 loops=1)
        Buckets: 131072 (originally 65536)  Batches: 4 (originally 1)  Memory Usage: 3153kB
        ->  Hash Join  (cost=75433.14..174697.65 rows=54533 width=8) (actual time=1279.755..3524.752 rows=216142 loops=1)
              Hash Cond: (mk.movie_id = t.id)
              ->  Seq Scan on movie_keyword mk  (cost=0.00..81003.12 rows=1501081 width=4) (actual time=0.016..1583.156 rows=1521135 loops=1)
                    Filter: (keyword_id > 10605)
                    Rows Removed by Filter: 3002795
              ->  Hash  (cost=73925.90..73925.90 rows=91859 width=4) (actual time=1278.818..1278.818 rows=191138 loops=1)
                    Buckets: 131072 (originally 131072)  Batches: 4 (originally 2)  Memory Usage: 3073kB
                    ->  Seq Scan on title t  (cost=0.00..73925.90 rows=91859 width=4) (actual time=0.021..1200.891 rows=191138 loops=1)
                          Filter: ((kind_id < 7) AND (production_year < 1959))
                          Rows Removed by Filter: 2337174
Planning time: 1.121 ms
Execution time: 18419.604 ms
