Seq Scan on movie_keyword mk  (cost=0.00..81003.12 rows=3726746 width=0) (actual time=0.016..1452.829 rows=3724247 loops=1)
  Filter: (keyword_id < 23114)
  Rows Removed by Filter: 799683
Planning time: 0.262 ms
Execution time: 1887.522 ms
