Seq Scan on movie_companies mc  (cost=0.00..57926.93 rows=324332 width=0) (actual time=222.132..909.826 rows=470405 loops=1)
  Filter: ((company_id < 915) AND (company_type_id < 2))
  Rows Removed by Filter: 2138724
Planning time: 0.360 ms
Execution time: 969.959 ms
