Hash Join  (cost=798789.30..885448.87 rows=154 width=0) (actual time=14456.487..16038.624 rows=251 loops=1)
  Hash Cond: (mk.movie_id = t.id)
  ->  Seq Scan on movie_keyword mk  (cost=0.00..69693.30 rows=4523930 width=4) (actual time=0.027..1059.373 rows=4523930 loops=1)
  ->  Hash  (cost=798788.22..798788.22 rows=86 width=8) (actual time=14219.260..14219.260 rows=10 loops=1)
        Buckets: 1024  Batches: 1  Memory Usage: 9kB
        ->  Nested Loop  (cost=0.43..798788.22 rows=86 width=8) (actual time=5131.921..14219.189 rows=10 loops=1)
              ->  Seq Scan on cast_info ci  (cost=0.00..796071.18 rows=324 width=4) (actual time=5131.764..14218.624 rows=12 loops=1)
                    Filter: ((role_id > 1) AND (person_id = 1180910))
                    Rows Removed by Filter: 36244332
              ->  Index Scan using title_pkey on title t  (cost=0.43..8.38 rows=1 width=4) (actual time=0.038..0.038 rows=1 loops=12)
                    Index Cond: (id = ci.movie_id)
                    Filter: (kind_id = 1)
                    Rows Removed by Filter: 0
Planning time: 0.864 ms
Execution time: 16038.779 ms
