Hash Join  (cost=256770.64..1574352.48 rows=23216561 width=0) (actual time=5010.970..37792.229 rows=12260640 loops=1)
  Hash Cond: (ci.movie_id = t.id)
  ->  Seq Scan on cast_info ci  (cost=0.00..614943.12 rows=36225612 width=4) (actual time=0.010..13589.239 rows=36244344 loops=1)
  ->  Hash  (cost=230183.36..230183.36 rows=1620503 width=8) (actual time=5009.846..5009.846 rows=357575 loops=1)
        Buckets: 131072  Batches: 32  Memory Usage: 1453kB
        ->  Hash Join  (cost=92883.59..230183.36 rows=1620503 width=8) (actual time=2885.694..4913.183 rows=357575 loops=1)
              Hash Cond: (mk.movie_id = t.id)
              ->  Seq Scan on movie_keyword mk  (cost=0.00..81003.12 rows=2659323 width=4) (actual time=0.017..1631.288 rows=2652563 loops=1)
                    Filter: (keyword_id < 7354)
                    Rows Removed by Filter: 1871367
              ->  Hash  (cost=67604.59..67604.59 rows=1540800 width=4) (actual time=1784.460..1784.460 rows=1543264 loops=1)
                    Buckets: 131072  Batches: 32  Memory Usage: 2728kB
                    ->  Seq Scan on title t  (cost=0.00..67604.59 rows=1540800 width=4) (actual time=0.011..1272.881 rows=1543264 loops=1)
                          Filter: (kind_id = 7)
                          Rows Removed by Filter: 985048
Planning time: 1.186 ms
Execution time: 39131.165 ms
