Seq Scan on movie_keyword mk  (cost=0.00..81003.12 rows=1776934 width=0) (actual time=0.024..1523.157 rows=1785156 loops=1)
  Filter: (keyword_id < 2890)
  Rows Removed by Filter: 2738774
Planning time: 0.293 ms
Execution time: 1747.531 ms
