Hash Join  (cost=99208.77..199441.22 rows=1590152 width=0) (actual time=1972.399..5018.648 rows=1109475 loops=1)
  Hash Cond: (mc.movie_id = t.id)
  ->  Seq Scan on movie_companies mc  (cost=0.00..44881.29 rows=2609129 width=4) (actual time=0.018..895.325 rows=2609129 loops=1)
  ->  Hash  (cost=73925.90..73925.90 rows=1541029 width=4) (actual time=1971.478..1971.478 rows=1659933 loops=1)
        Buckets: 131072  Batches: 32  Memory Usage: 2854kB
        ->  Seq Scan on title t  (cost=0.00..73925.90 rows=1541029 width=4) (actual time=0.019..1423.065 rows=1659933 loops=1)
              Filter: ((kind_id > 1) AND (production_year > 1969))
              Rows Removed by Filter: 868379
Planning time: 0.801 ms
Execution time: 5151.821 ms
