Hash Join  (cost=124000.08..538359.88 rows=611887 width=0) (actual time=2616.937..11953.198 rows=1991831 loops=1)
  Hash Cond: (mi.movie_id = t.id)
  ->  Seq Scan on movie_info mi  (cost=0.00..346232.03 rows=5263441 width=4) (actual time=0.028..6193.116 rows=5270569 loops=1)
        Filter: (info_type_id > 15)
        Rows Removed by Filter: 9565151
  ->  Hash  (cost=119176.74..119176.74 rows=293947 width=8) (actual time=2615.926..2615.926 rows=339445 loops=1)
        Buckets: 131072 (originally 131072)  Batches: 8 (originally 4)  Memory Usage: 3073kB
        ->  Hash Join  (cost=76440.79..119176.74 rows=293947 width=8) (actual time=1291.014..2502.840 rows=339445 loops=1)
              Hash Cond: (mi_idx.movie_id = t.id)
              ->  Seq Scan on movie_info_idx mi_idx  (cost=0.00..21735.35 rows=1380035 width=4) (actual time=0.018..426.357 rows=1380035 loops=1)
              ->  Hash  (cost=67604.59..67604.59 rows=538576 width=4) (actual time=1290.139..1290.139 rows=538190 loops=1)
                    Buckets: 131072  Batches: 8  Memory Usage: 3380kB
                    ->  Seq Scan on title t  (cost=0.00..67604.59 rows=538576 width=4) (actual time=0.024..1118.064 rows=538190 loops=1)
                          Filter: (production_year < 1982)
                          Rows Removed by Filter: 1990122
Planning time: 2.689 ms
Execution time: 12178.109 ms
