Hash Join  (cost=28267.87..779070.21 rows=1313 width=0) (actual time=443.164..15262.519 rows=10367 loops=1)
  Hash Cond: (ci.movie_id = t.id)
  ->  Seq Scan on cast_info ci  (cost=0.00..614943.12 rows=36225612 width=4) (actual time=0.015..7894.330 rows=36244344 loops=1)
  ->  Hash  (cost=28266.72..28266.72 rows=92 width=8) (actual time=440.926..440.926 rows=129 loops=1)
        Buckets: 1024  Batches: 1  Memory Usage: 14kB
        ->  Nested Loop  (cost=0.43..28266.72 rows=92 width=8) (actual time=14.235..440.859 rows=129 loops=1)
              ->  Seq Scan on movie_info_idx mi_idx  (cost=0.00..25185.44 rows=368 width=4) (actual time=14.134..435.247 rows=260 loops=1)
                    Filter: (info_type_id > 101)
                    Rows Removed by Filter: 1379775
              ->  Index Scan using title_pkey on title t  (cost=0.43..8.36 rows=1 width=4) (actual time=0.021..0.021 rows=0 loops=260)
                    Index Cond: (id = mi_idx.movie_id)
                    Filter: (production_year < 1987)
                    Rows Removed by Filter: 1
Planning time: 1.126 ms
Execution time: 15265.913 ms
