Seq Scan on title t  (cost=0.00..73925.90 rows=54691 width=0) (actual time=0.029..788.949 rows=46344 loops=1)
  Filter: ((kind_id < 4) AND (production_year = 2011))
  Rows Removed by Filter: 2481968
Planning time: 0.380 ms
Execution time: 795.114 ms
