Hash Join  (cost=101410.87..188179.07 rows=11016 width=0) (actual time=1609.482..3459.972 rows=92251 loops=1)
  Hash Cond: (mk.movie_id = t.id)
  ->  Seq Scan on movie_keyword mk  (cost=0.00..69693.30 rows=4523930 width=4) (actual time=0.023..960.776 rows=4523930 loops=1)
  ->  Hash  (cost=101333.91..101333.91 rows=6157 width=8) (actual time=1609.341..1609.341 rows=8199 loops=1)
        Buckets: 16384 (originally 8192)  Batches: 1 (originally 1)  Memory Usage: 449kB
        ->  Hash Join  (cost=74344.78..101333.91 rows=6157 width=8) (actual time=1066.563..1605.774 rows=8199 loops=1)
              Hash Cond: (mi_idx.movie_id = t.id)
              ->  Seq Scan on movie_info_idx mi_idx  (cost=0.00..25185.44 rows=464566 width=4) (actual time=0.017..434.135 rows=459925 loops=1)
                    Filter: (info_type_id = 101)
                    Rows Removed by Filter: 920110
              ->  Hash  (cost=73925.90..73925.90 rows=33510 width=4) (actual time=1066.053..1066.053 rows=22107 loops=1)
                    Buckets: 65536  Batches: 1  Memory Usage: 1290kB
                    ->  Seq Scan on title t  (cost=0.00..73925.90 rows=33510 width=4) (actual time=0.031..1056.902 rows=22107 loops=1)
                          Filter: ((kind_id = 1) AND (production_year = 2008))
                          Rows Removed by Filter: 2506205
Planning time: 1.638 ms
Execution time: 3472.334 ms
