Hash Join  (cost=102767.86..167724.24 rows=152632 width=0) (actual time=2604.305..3677.723 rows=151273 loops=1)
  Hash Cond: (mc.movie_id = t.id)
  ->  Seq Scan on movie_companies mc  (cost=0.00..51404.11 rows=152632 width=4) (actual time=333.656..814.429 rows=151273 loops=1)
        Filter: (company_id > 131517)
        Rows Removed by Filter: 2457856
  ->  Hash  (cost=61283.27..61283.27 rows=2528527 width=4) (actual time=2269.673..2269.673 rows=2528312 loops=1)
        Buckets: 131072  Batches: 64  Memory Usage: 2415kB
        ->  Seq Scan on title t  (cost=0.00..61283.27 rows=2528527 width=4) (actual time=0.022..1154.348 rows=2528312 loops=1)
Planning time: 0.686 ms
Execution time: 3696.918 ms
