Hash Join  (cost=454976.12..1210086.85 rows=323302 width=0) (actual time=13889.193..21566.032 rows=557280 loops=1)
  Hash Cond: (ci.movie_id = t.id)
  ->  Seq Scan on cast_info ci  (cost=0.00..705507.15 rows=3940150 width=4) (actual time=6176.139..11670.882 rows=3989470 loops=1)
        Filter: (person_id > 3327304)
        Rows Removed by Filter: 32254874
  ->  Hash  (cost=451571.71..451571.71 rows=207473 width=8) (actual time=7711.947..7711.947 rows=114207 loops=1)
        Buckets: 131072  Batches: 4  Memory Usage: 2135kB
        ->  Hash Join  (cost=92883.59..451571.71 rows=207473 width=8) (actual time=3257.879..7685.655 rows=114207 loops=1)
              Hash Cond: (mi.movie_id = t.id)
              ->  Seq Scan on movie_info mi  (cost=0.00..346232.03 rows=340474 width=4) (actual time=1471.293..5279.911 rows=328857 loops=1)
                    Filter: (info_type_id = 98)
                    Rows Removed by Filter: 14506863
              ->  Hash  (cost=67604.59..67604.59 rows=1540800 width=4) (actual time=1785.444..1785.444 rows=1543264 loops=1)
                    Buckets: 131072  Batches: 32  Memory Usage: 2728kB
                    ->  Seq Scan on title t  (cost=0.00..67604.59 rows=1540800 width=4) (actual time=36.094..1264.369 rows=1543264 loops=1)
                          Filter: (kind_id = 7)
                          Rows Removed by Filter: 985048
Planning time: 1.304 ms
Execution time: 21635.053 ms
