Hash Join  (cost=58375.63..423032.43 rows=87 width=0) (actual time=1001.812..8136.686 rows=10 loops=1)
  Hash Cond: (mi.movie_id = t.id)
  ->  Seq Scan on movie_info mi  (cost=0.00..309384.22 rows=14739122 width=4) (actual time=0.019..4493.978 rows=14835720 loops=1)
  ->  Hash  (cost=58375.45..58375.45 rows=15 width=8) (actual time=990.458..990.458 rows=1 loops=1)
        Buckets: 1024  Batches: 1  Memory Usage: 9kB
        ->  Nested Loop  (cost=0.43..58375.45 rows=15 width=8) (actual time=604.645..990.449 rows=1 loops=1)
              ->  Seq Scan on movie_companies mc  (cost=0.00..57926.93 rows=53 width=4) (actual time=604.558..990.360 rows=1 loops=1)
                    Filter: ((company_id = 17380) AND (company_type_id = 2))
                    Rows Removed by Filter: 2609128
              ->  Index Scan using title_pkey on title t  (cost=0.43..8.45 rows=1 width=4) (actual time=0.079..0.079 rows=1 loops=1)
                    Index Cond: (id = mc.movie_id)
                    Filter: ((kind_id < 3) AND (production_year > 1928))
Planning time: 8.138 ms
Execution time: 8136.864 ms
