Hash Join  (cost=107058.56..152018.50 rows=442183 width=0) (actual time=2167.000..3501.660 rows=455823 loops=1)
  Hash Cond: (mi_idx.movie_id = t.id)
  ->  Seq Scan on movie_info_idx mi_idx  (cost=0.00..25185.44 rows=464934 width=4) (actual time=0.022..475.725 rows=460185 loops=1)
        Filter: (info_type_id > 100)
        Rows Removed by Filter: 919850
  ->  Hash  (cost=67604.59..67604.59 rows=2404798 width=4) (actual time=2165.685..2165.685 rows=2396371 loops=1)
        Buckets: 131072  Batches: 32  Memory Usage: 3657kB
        ->  Seq Scan on title t  (cost=0.00..67604.59 rows=2404798 width=4) (actual time=0.018..1404.040 rows=2396371 loops=1)
              Filter: (production_year > 1914)
              Rows Removed by Filter: 131941
Planning time: 0.820 ms
Execution time: 3559.589 ms
