Hash Join  (cost=75342.47..1075043.79 rows=582779 width=0) (actual time=2707.358..24385.324 rows=679171 loops=1)
  Hash Cond: (ci.movie_id = t.id)
  ->  Seq Scan on cast_info ci  (cost=0.00..796071.18 rows=17077962 width=4) (actual time=1481.428..15918.636 rows=18667350 loops=1)
        Filter: ((person_id < 1951943) AND (role_id < 10))
        Rows Removed by Filter: 17576994
  ->  Hash  (cost=73925.90..73925.90 rows=86285 width=4) (actual time=1225.040..1225.040 rows=92628 loops=1)
        Buckets: 131072  Batches: 2  Memory Usage: 2653kB
        ->  Seq Scan on title t  (cost=0.00..73925.90 rows=86285 width=4) (actual time=114.262..1187.705 rows=92628 loops=1)
              Filter: ((kind_id = 7) AND (production_year = 2010))
              Rows Removed by Filter: 2435684
Planning time: 0.831 ms
Execution time: 24478.574 ms
