Hash Join  (cost=470967.58..1414439.00 rows=4270213 width=0) (actual time=8380.007..31627.960 rows=4488279 loops=1)
  Hash Cond: (ci.movie_id = t.id)
  ->  Seq Scan on cast_info ci  (cost=0.00..705507.15 rows=16668569 width=4) (actual time=2.641..14024.968 rows=16521630 loops=1)
        Filter: (person_id < 1635978)
        Rows Removed by Filter: 19722714
  ->  Hash  (cost=460339.49..460339.49 rows=647767 width=8) (actual time=8337.933..8337.933 rows=568230 loops=1)
        Buckets: 131072  Batches: 16  Memory Usage: 2400kB
        ->  Hash Join  (cost=80562.70..460339.49 rows=647767 width=8) (actual time=2875.077..8149.451 rows=568230 loops=1)
              Hash Cond: (mi.movie_id = t.id)
              ->  Seq Scan on movie_info mi  (cost=0.00..346232.03 rows=2073893 width=4) (actual time=1473.583..5364.333 rows=2091068 loops=1)
                    Filter: (info_type_id < 3)
                    Rows Removed by Filter: 12744652
              ->  Hash  (cost=67604.59..67604.59 rows=789769 width=4) (actual time=1400.615..1400.615 rows=784926 loops=1)
                    Buckets: 131072  Batches: 16  Memory Usage: 2755kB
                    ->  Seq Scan on title t  (cost=0.00..67604.59 rows=789769 width=4) (actual time=0.033..1138.930 rows=784926 loops=1)
                          Filter: (production_year > 2007)
                          Rows Removed by Filter: 1743386
Planning time: 9.538 ms
Execution time: 32184.305 ms
