Hash Join  (cost=780480.12..1146279.13 rows=114309 width=0) (actual time=14650.029..22694.751 rows=202416 loops=1)
  Hash Cond: (mi.movie_id = t.id)
  ->  Seq Scan on movie_info mi  (cost=0.00..309384.22 rows=14739122 width=4) (actual time=0.023..4495.664 rows=14835720 loops=1)
  ->  Hash  (cost=780234.99..780234.99 rows=19610 width=8) (actual time=14595.434..14595.434 rows=18451 loops=1)
        Buckets: 32768  Batches: 1  Memory Usage: 977kB
        ->  Hash Join  (cost=69928.56..780234.99 rows=19610 width=8) (actual time=9635.430..14588.317 rows=18451 loops=1)
              Hash Cond: (ci.movie_id = t.id)
              ->  Seq Scan on cast_info ci  (cost=0.00..705507.15 rows=350181 width=4) (actual time=8207.157..12836.056 rows=316118 loops=1)
                    Filter: (role_id > 10)
                    Rows Removed by Filter: 35928226
              ->  Hash  (cost=67604.59..67604.59 rows=141598 width=4) (actual time=1427.568..1427.568 rows=141703 loops=1)
                    Buckets: 131072  Batches: 2  Memory Usage: 3511kB
                    ->  Seq Scan on title t  (cost=0.00..67604.59 rows=141598 width=4) (actual time=0.024..1128.683 rows=141703 loops=1)
                          Filter: (production_year = 2010)
                          Rows Removed by Filter: 2386609
Planning time: 1.261 ms
Execution time: 22727.906 ms
