Hash Join  (cost=468538.12..601295.59 rows=882743 width=0) (actual time=9568.753..10990.533 rows=311695 loops=1)
  Hash Cond: (mk.movie_id = t.id)
  ->  Seq Scan on movie_keyword mk  (cost=0.00..69693.30 rows=4523930 width=4) (actual time=0.007..1485.110 rows=4523930 loops=1)
  ->  Hash  (cost=460442.81..460442.81 rows=493385 width=8) (actual time=7737.093..7737.093 rows=169038 loops=1)
        Buckets: 131072  Batches: 8  Memory Usage: 1845kB
        ->  Hash Join  (cost=92883.59..460442.81 rows=493385 width=8) (actual time=2373.524..7681.747 rows=169038 loops=1)
              Hash Cond: (mi.movie_id = t.id)
              ->  Seq Scan on movie_info mi  (cost=0.00..346232.03 rows=809669 width=4) (actual time=629.535..5185.509 rows=802140 loops=1)
                    Filter: (info_type_id = 1)
                    Rows Removed by Filter: 14033580
              ->  Hash  (cost=67604.59..67604.59 rows=1540800 width=4) (actual time=1742.966..1742.966 rows=1543264 loops=1)
                    Buckets: 131072  Batches: 32  Memory Usage: 2728kB
                    ->  Seq Scan on title t  (cost=0.00..67604.59 rows=1540800 width=4) (actual time=0.027..1220.661 rows=1543264 loops=1)
                          Filter: (kind_id = 7)
                          Rows Removed by Filter: 985048
Planning time: 1.162 ms
Execution time: 11023.568 ms
