Hash Join  (cost=101682.02..266216.36 rows=3026839 width=0) (actual time=2315.644..6534.701 rows=1618574 loops=1)
  Hash Cond: (mk.movie_id = t.id)
  ->  Seq Scan on movie_keyword mk  (cost=0.00..69693.30 rows=4523930 width=4) (actual time=0.013..1600.729 rows=4523930 loops=1)
  ->  Hash  (cost=73925.90..73925.90 rows=1691769 width=4) (actual time=2314.377..2314.377 rows=1794788 loops=1)
        Buckets: 131072  Batches: 32  Memory Usage: 3007kB
        ->  Seq Scan on title t  (cost=0.00..73925.90 rows=1691769 width=4) (actual time=0.012..1690.940 rows=1794788 loops=1)
              Filter: ((kind_id > 1) AND (production_year > 1950))
              Rows Removed by Filter: 733524
Planning time: 0.824 ms
Execution time: 6708.628 ms
