Hash Join  (cost=102767.86..1188509.65 rows=15391424 width=0) (actual time=1913.068..29245.635 rows=15523347 loops=1)
  Hash Cond: (ci.movie_id = t.id)
  ->  Seq Scan on cast_info ci  (cost=0.00..705507.15 rows=15391424 width=4) (actual time=0.020..13688.978 rows=15523347 loops=1)
        Filter: (person_id > 2086176)
        Rows Removed by Filter: 20720997
  ->  Hash  (cost=61283.27..61283.27 rows=2528527 width=4) (actual time=1912.394..1912.394 rows=2528312 loops=1)
        Buckets: 131072  Batches: 64  Memory Usage: 2415kB
        ->  Seq Scan on title t  (cost=0.00..61283.27 rows=2528527 width=4) (actual time=0.010..1078.777 rows=2528312 loops=1)
Planning time: 0.777 ms
Execution time: 31075.013 ms
