Seq Scan on movie_keyword mk  (cost=0.00..81003.12 rows=2562202 width=0) (actual time=0.027..1642.768 rows=2557962 loops=1)
  Filter: (keyword_id < 6443)
  Rows Removed by Filter: 1965968
Planning time: 0.408 ms
Execution time: 1961.535 ms
