Hash Join  (cost=102767.86..276296.09 rows=3434653 width=0) (actual time=1803.507..6438.826 rows=3429799 loops=1)
  Hash Cond: (mk.movie_id = t.id)
  ->  Seq Scan on movie_keyword mk  (cost=0.00..81003.12 rows=3434653 width=4) (actual time=0.020..1781.983 rows=3429799 loops=1)
        Filter: (keyword_id > 1116)
        Rows Removed by Filter: 1094131
  ->  Hash  (cost=61283.27..61283.27 rows=2528527 width=4) (actual time=1800.930..1800.930 rows=2528312 loops=1)
        Buckets: 131072  Batches: 64  Memory Usage: 2425kB
        ->  Seq Scan on title t  (cost=0.00..61283.27 rows=2528527 width=4) (actual time=0.029..953.881 rows=2528312 loops=1)
Planning time: 12.355 ms
Execution time: 6836.727 ms
