Hash Join  (cost=199979.69..244476.88 rows=396571 width=0) (actual time=3615.923..4863.033 rows=573534 loops=1)
  Hash Cond: (mi_idx.movie_id = t.id)
  ->  Seq Scan on movie_info_idx mi_idx  (cost=0.00..21735.35 rows=1380035 width=4) (actual time=0.029..400.272 rows=1380035 loops=1)
  ->  Hash  (cost=188058.12..188058.12 rows=726605 width=8) (actual time=3614.873..3614.873 rows=453647 loops=1)
        Buckets: 131072  Batches: 16  Memory Usage: 2123kB
        ->  Hash Join  (cost=102767.86..188058.12 rows=726605 width=8) (actual time=1899.347..3509.507 rows=453647 loops=1)
              Hash Cond: (mc.movie_id = t.id)
              ->  Seq Scan on movie_companies mc  (cost=0.00..57926.93 rows=726605 width=4) (actual time=0.024..916.913 rows=453647 loops=1)
                    Filter: ((company_id < 12437) AND (company_type_id = 2))
                    Rows Removed by Filter: 2155482
              ->  Hash  (cost=61283.27..61283.27 rows=2528527 width=4) (actual time=1897.555..1897.555 rows=2528312 loops=1)
                    Buckets: 131072  Batches: 64  Memory Usage: 2415kB
                    ->  Seq Scan on title t  (cost=0.00..61283.27 rows=2528527 width=4) (actual time=0.031..1054.870 rows=2528312 loops=1)
Planning time: 1.148 ms
Execution time: 4933.091 ms
