Seq Scan on movie_companies mc  (cost=0.00..57926.93 rows=53 width=0) (actual time=187.342..855.078 rows=978 loops=1)
  Filter: ((company_id = 11264) AND (company_type_id = 2))
  Rows Removed by Filter: 2608151
Planning time: 0.417 ms
Execution time: 855.389 ms
