Seq Scan on movie_companies mc  (cost=0.00..57926.93 rows=1061231 width=0) (actual time=24.398..1138.009 rows=1274246 loops=1)
  Filter: ((company_id < 77349) AND (company_type_id < 2))
  Rows Removed by Filter: 1334883
Planning time: 0.337 ms
Execution time: 1294.696 ms
