Seq Scan on title t  (cost=0.00..73925.90 rows=1151080 width=0) (actual time=0.029..1272.084 rows=1244530 loops=1)
  Filter: ((production_year > 1983) AND (kind_id = 7))
  Rows Removed by Filter: 1283782
Planning time: 0.434 ms
Execution time: 1433.775 ms
