Hash Join  (cost=102767.86..608815.44 rows=6231111 width=0) (actual time=1929.207..14344.752 rows=6223494 loops=1)
  Hash Cond: (mi.movie_id = t.id)
  ->  Seq Scan on movie_info mi  (cost=0.00..346232.03 rows=6231111 width=4) (actual time=0.025..6567.482 rows=6223494 loops=1)
        Filter: (info_type_id > 8)
        Rows Removed by Filter: 8612226
  ->  Hash  (cost=61283.27..61283.27 rows=2528527 width=4) (actual time=1928.424..1928.424 rows=2528312 loops=1)
        Buckets: 131072  Batches: 64  Memory Usage: 2425kB
        ->  Seq Scan on title t  (cost=0.00..61283.27 rows=2528527 width=4) (actual time=2.289..1086.779 rows=2528312 loops=1)
Planning time: 0.788 ms
Execution time: 15045.479 ms
