Hash Join  (cost=438999.16..1418624.49 rows=242603 width=0) (actual time=8688.642..28128.881 rows=1812819 loops=1)
  Hash Cond: (ci.movie_id = t.id)
  ->  Seq Scan on cast_info ci  (cost=0.00..614943.12 rows=36225612 width=4) (actual time=0.020..9153.986 rows=36244344 loops=1)
  ->  Hash  (cost=438787.48..438787.48 rows=16934 width=8) (actual time=8687.486..8687.486 rows=40856 loops=1)
        Buckets: 65536 (originally 32768)  Batches: 1 (originally 1)  Memory Usage: 2108kB
        ->  Hash Join  (cost=73962.22..438787.48 rows=16934 width=8) (actual time=1075.486..8667.102 rows=40856 loops=1)
              Hash Cond: (mi.movie_id = t.id)
              ->  Seq Scan on movie_info mi  (cost=0.00..309384.22 rows=14739122 width=4) (actual time=0.017..4564.267 rows=14835720 loops=1)
              ->  Hash  (cost=73925.90..73925.90 rows=2905 width=4) (actual time=1069.052..1069.052 rows=3427 loops=1)
                    Buckets: 4096  Batches: 1  Memory Usage: 153kB
                    ->  Seq Scan on title t  (cost=0.00..73925.90 rows=2905 width=4) (actual time=0.073..1067.179 rows=3427 loops=1)
                          Filter: ((kind_id < 7) AND (production_year = 1956))
                          Rows Removed by Filter: 2524885
Planning time: 1.313 ms
Execution time: 28354.929 ms
