Seq Scan on movie_keyword mk  (cost=0.00..81003.12 rows=3027510 width=0) (actual time=0.014..1563.500 rows=3016391 loops=1)
  Filter: (keyword_id > 2176)
  Rows Removed by Filter: 1507539
Planning time: 0.347 ms
Execution time: 1935.355 ms
