Seq Scan on cast_info ci  (cost=0.00..796071.18 rows=1735078 width=0) (actual time=0.023..12079.782 rows=3484840 loops=1)
  Filter: ((person_id < 467985) AND (role_id = 1))
  Rows Removed by Filter: 32759504
Planning time: 0.425 ms
Execution time: 12548.206 ms
