Hash Join  (cost=1401877.59..2842295.90 rows=71034645 width=0) (actual time=33608.914..93919.857 rows=184844976 loops=1)
  Hash Cond: (mi.movie_id = t.id)
  ->  Seq Scan on movie_info mi  (cost=0.00..309384.22 rows=14739122 width=4) (actual time=0.023..6581.224 rows=14835720 loops=1)
  ->  Hash  (cost=1201947.83..1201947.83 rows=12186141 width=8) (actual time=33606.527..33606.527 rows=12046388 loops=1)
        Buckets: 131072  Batches: 256  Memory Usage: 2919kB
        ->  Hash Join  (cost=102767.86..1201947.83 rows=12186141 width=8) (actual time=7668.719..30151.264 rows=12046388 loops=1)
              Hash Cond: (ci.movie_id = t.id)
              ->  Seq Scan on cast_info ci  (cost=0.00..796071.18 rows=12186141 width=4) (actual time=5641.342..17959.598 rows=12046388 loops=1)
                    Filter: ((person_id < 4051518) AND (role_id > 3))
                    Rows Removed by Filter: 24197956
              ->  Hash  (cost=61283.27..61283.27 rows=2528527 width=4) (actual time=2025.235..2025.235 rows=2528312 loops=1)
                    Buckets: 131072  Batches: 64  Memory Usage: 2415kB
                    ->  Seq Scan on title t  (cost=0.00..61283.27 rows=2528527 width=4) (actual time=0.030..1179.210 rows=2528312 loops=1)
Planning time: 0.843 ms
Execution time: 113508.903 ms
