Hash Join  (cost=95609.14..852446.85 rows=1541165 width=0) (actual time=2756.515..16377.705 rows=1968818 loops=1)
  Hash Cond: (ci.movie_id = t.id)
  ->  Seq Scan on cast_info ci  (cost=0.00..705507.15 rows=2282982 width=4) (actual time=410.966..11893.258 rows=2328469 loops=1)
        Filter: (person_id > 3607987)
        Rows Removed by Filter: 33915875
  ->  Hash  (cost=67604.59..67604.59 rows=1706924 width=4) (actual time=2344.586..2344.586 rows=1700316 loops=1)
        Buckets: 131072  Batches: 32  Memory Usage: 2895kB
        ->  Seq Scan on title t  (cost=0.00..67604.59 rows=1706924 width=4) (actual time=0.031..1454.488 rows=1700316 loops=1)
              Filter: (production_year > 1992)
              Rows Removed by Filter: 827996
Planning time: 0.775 ms
Execution time: 16628.679 ms
