Hash Join  (cost=186667.17..219515.29 rows=73118 width=0) (actual time=3318.397..4032.753 rows=40288 loops=1)
  Hash Cond: (mi_idx.movie_id = t.id)
  ->  Seq Scan on movie_info_idx mi_idx  (cost=0.00..25185.44 rows=464934 width=4) (actual time=0.023..490.831 rows=460185 loops=1)
        Filter: (info_type_id > 100)
        Rows Removed by Filter: 919850
  ->  Hash  (cost=180142.57..180142.57 rows=397648 width=8) (actual time=3317.498..3317.498 rows=80133 loops=1)
        Buckets: 131072  Batches: 8  Memory Usage: 1427kB
        ->  Hash Join  (cost=102767.86..180142.57 rows=397648 width=8) (actual time=1900.245..3291.482 rows=80133 loops=1)
              Hash Cond: (mc.movie_id = t.id)
              ->  Seq Scan on movie_companies mc  (cost=0.00..57926.93 rows=397648 width=4) (actual time=0.021..940.001 rows=80133 loops=1)
                    Filter: ((company_id > 28339) AND (company_type_id < 2))
                    Rows Removed by Filter: 2528996
              ->  Hash  (cost=61283.27..61283.27 rows=2528527 width=4) (actual time=1898.804..1898.804 rows=2528312 loops=1)
                    Buckets: 131072  Batches: 64  Memory Usage: 2415kB
                    ->  Seq Scan on title t  (cost=0.00..61283.27 rows=2528527 width=4) (actual time=0.014..1027.708 rows=2528312 loops=1)
Planning time: 1.160 ms
Execution time: 4038.346 ms
