Hash Join  (cost=78988.28..158427.24 rows=318344 width=0) (actual time=1337.980..3652.150 rows=420089 loops=1)
  Hash Cond: (mc.movie_id = t.id)
  ->  Seq Scan on movie_companies mc  (cost=0.00..44881.29 rows=2609129 width=4) (actual time=0.020..993.868 rows=2609129 loops=1)
  ->  Hash  (cost=73925.90..73925.90 rows=308510 width=4) (actual time=1337.058..1337.058 rows=266599 loops=1)
        Buckets: 131072  Batches: 8  Memory Usage: 2191kB
        ->  Seq Scan on title t  (cost=0.00..73925.90 rows=308510 width=4) (actual time=0.015..1217.421 rows=266599 loops=1)
              Filter: ((kind_id < 7) AND (production_year > 2007))
              Rows Removed by Filter: 2261713
Planning time: 0.819 ms
Execution time: 3707.581 ms
