Hash Join  (cost=102767.86..205401.40 rows=1718488 width=0) (actual time=1911.979..4794.006 rows=1711819 loops=1)
  Hash Cond: (mc.movie_id = t.id)
  ->  Seq Scan on movie_companies mc  (cost=0.00..51404.11 rows=1718488 width=4) (actual time=0.024..1051.804 rows=1711819 loops=1)
        Filter: (company_id < 21573)
        Rows Removed by Filter: 897310
  ->  Hash  (cost=61283.27..61283.27 rows=2528527 width=4) (actual time=1909.694..1909.694 rows=2528312 loops=1)
        Buckets: 131072  Batches: 64  Memory Usage: 2415kB
        ->  Seq Scan on title t  (cost=0.00..61283.27 rows=2528527 width=4) (actual time=0.012..1030.485 rows=2528312 loops=1)
Planning time: 0.769 ms
Execution time: 4999.485 ms
