Hash Join  (cost=124175.70..846153.19 rows=6766 width=0) (actual time=2790.328..14484.272 rows=21765 loops=1)
  Hash Cond: (ci.movie_id = t.id)
  ->  Seq Scan on cast_info ci  (cost=0.00..705507.15 rows=4374046 width=4) (actual time=276.196..11424.864 rows=4235408 loops=1)
        Filter: (person_id < 408703)
        Rows Removed by Filter: 32008936
  ->  Hash  (cost=124126.82..124126.82 rows=3911 width=8) (actual time=2153.766..2153.766 rows=8702 loops=1)
        Buckets: 16384 (originally 4096)  Batches: 1 (originally 1)  Memory Usage: 468kB
        ->  Hash Join  (cost=67697.55..124126.82 rows=3911 width=8) (actual time=1017.300..2150.297 rows=8702 loops=1)
              Hash Cond: (mc.movie_id = t.id)
              ->  Seq Scan on movie_companies mc  (cost=0.00..51404.11 rows=1329612 width=4) (actual time=0.031..915.213 rows=1334883 loops=1)
                    Filter: (company_type_id > 1)
                    Rows Removed by Filter: 1274246
              ->  Hash  (cost=67604.59..67604.59 rows=7437 width=4) (actual time=1017.157..1017.157 rows=10308 loops=1)
                    Buckets: 16384 (originally 8192)  Batches: 1 (originally 1)  Memory Usage: 491kB
                    ->  Seq Scan on title t  (cost=0.00..67604.59 rows=7437 width=4) (actual time=0.169..1011.786 rows=10308 loops=1)
                          Filter: (production_year = 1962)
                          Rows Removed by Filter: 2518004
Planning time: 1.165 ms
Execution time: 14488.219 ms
