Hash Join  (cost=74430.83..129513.17 rows=41682 width=0) (actual time=1260.918..2602.655 rows=13577 loops=1)
  Hash Cond: (mc.movie_id = t.id)
  ->  Seq Scan on movie_companies mc  (cost=0.00..44881.29 rows=2609129 width=4) (actual time=0.014..661.979 rows=2609129 loops=1)
  ->  Hash  (cost=73925.90..73925.90 rows=40394 width=4) (actual time=1259.240..1259.240 rows=40264 loops=1)
        Buckets: 65536  Batches: 1  Memory Usage: 1928kB
        ->  Seq Scan on title t  (cost=0.00..73925.90 rows=40394 width=4) (actual time=0.012..1242.378 rows=40264 loops=1)
              Filter: ((kind_id > 4) AND (production_year = 2013))
              Rows Removed by Filter: 2488048
Planning time: 0.854 ms
Execution time: 2604.755 ms
