Hash Join  (cost=129252.22..1203843.29 rows=3970494 width=0) (actual time=2757.721..39255.108 rows=16101680 loops=1)
  Hash Cond: (ci.movie_id = t.id)
  ->  Seq Scan on cast_info ci  (cost=0.00..614943.12 rows=36225612 width=4) (actual time=0.017..13487.759 rows=36244344 loops=1)
  ->  Hash  (cost=124704.99..124704.99 rows=277138 width=8) (actual time=2752.178..2752.178 rows=550776 loops=1)
        Buckets: 131072 (originally 131072)  Batches: 8 (originally 4)  Memory Usage: 3724kB
        ->  Hash Join  (cost=82257.13..124704.99 rows=277138 width=8) (actual time=1328.142..2597.040 rows=550776 loops=1)
              Hash Cond: (mi_idx.movie_id = t.id)
              ->  Seq Scan on movie_info_idx mi_idx  (cost=0.00..21735.35 rows=1380035 width=4) (actual time=0.016..428.009 rows=1380035 loops=1)
              ->  Hash  (cost=73925.90..73925.90 rows=507778 width=4) (actual time=1324.565..1324.565 rows=524129 loops=1)
                    Buckets: 131072  Batches: 8  Memory Usage: 3340kB
                    ->  Seq Scan on title t  (cost=0.00..73925.90 rows=507778 width=4) (actual time=241.452..1157.161 rows=524129 loops=1)
                          Filter: ((production_year < 2010) AND (kind_id = 1))
                          Rows Removed by Filter: 2004183
Planning time: 1.185 ms
Execution time: 41165.367 ms
