Hash Join  (cost=1340032.62..2666977.78 rows=62126721 width=0) (actual time=27351.682..62731.801 rows=75827738 loops=1)
  Hash Cond: (mi.movie_id = t.id)
  ->  Seq Scan on movie_info mi  (cost=0.00..309384.22 rows=14739122 width=4) (actual time=0.020..6548.148 rows=14835720 loops=1)
  ->  Hash  (cost=1165175.02..1165175.02 rows=10657968 width=8) (actual time=27346.732..27346.732 rows=8679647 loops=1)
        Buckets: 131072  Batches: 256  Memory Usage: 2369kB
        ->  Hash Join  (cost=102767.86..1165175.02 rows=10657968 width=8) (actual time=5445.876..24331.128 rows=8679647 loops=1)
              Hash Cond: (ci.movie_id = t.id)
              ->  Seq Scan on cast_info ci  (cost=0.00..796071.18 rows=10657968 width=4) (actual time=3372.376..14384.106 rows=8679647 loops=1)
                    Filter: ((person_id > 2453800) AND (role_id < 10))
                    Rows Removed by Filter: 27564697
              ->  Hash  (cost=61283.27..61283.27 rows=2528527 width=4) (actual time=2072.227..2072.227 rows=2528312 loops=1)
                    Buckets: 131072  Batches: 64  Memory Usage: 2415kB
                    ->  Seq Scan on title t  (cost=0.00..61283.27 rows=2528527 width=4) (actual time=0.017..1060.968 rows=2528312 loops=1)
Planning time: 1.171 ms
Execution time: 71213.011 ms
