Seq Scan on title t  (cost=0.00..73925.90 rows=111339 width=0) (actual time=626.389..1173.074 rows=117920 loops=1)
  Filter: ((production_year > 0) AND (kind_id = 4))
  Rows Removed by Filter: 2410392
Planning time: 0.411 ms
Execution time: 1188.676 ms
