Nested Loop  (cost=0.43..709674.40 rows=162 width=0) (actual time=1754.682..10581.663 rows=2 loops=1)
  ->  Seq Scan on cast_info ci  (cost=0.00..705507.15 rows=500 width=4) (actual time=1754.574..10581.520 rows=2 loops=1)
        Filter: (person_id = 281606)
        Rows Removed by Filter: 36244342
  ->  Index Scan using title_pkey on title t  (cost=0.43..8.32 rows=1 width=4) (actual time=0.050..0.050 rows=1 loops=2)
        Index Cond: (id = ci.movie_id)
        Filter: ((kind_id < 7) AND (production_year > 1969))
Planning time: 0.855 ms
Execution time: 10581.769 ms
