Hash Join  (cost=477317.51..1606633.36 rows=9297673 width=0) (actual time=8765.575..43725.901 rows=17334154 loops=1)
  Hash Cond: (ci.movie_id = t.id)
  ->  Seq Scan on cast_info ci  (cost=0.00..614943.12 rows=36225612 width=4) (actual time=0.012..13399.079 rows=36244344 loops=1)
  ->  Hash  (cost=466669.36..466669.36 rows=648972 width=8) (actual time=8764.541..8764.541 rows=613227 loops=1)
        Buckets: 131072  Batches: 16  Memory Usage: 2521kB
        ->  Hash Join  (cost=76379.89..466669.36 rows=648972 width=8) (actual time=2149.779..8569.226 rows=613227 loops=1)
              Hash Cond: (mi.movie_id = t.id)
              ->  Seq Scan on movie_info mi  (cost=0.00..346232.03 rows=3068194 width=4) (actual time=913.531..5634.760 rows=3036719 loops=1)
                    Filter: (info_type_id = 16)
                    Rows Removed by Filter: 11799001
              ->  Hash  (cost=67604.59..67604.59 rows=534824 width=4) (actual time=1235.335..1235.335 rows=533369 loops=1)
                    Buckets: 131072  Batches: 8  Memory Usage: 3376kB
                    ->  Seq Scan on title t  (cost=0.00..67604.59 rows=534824 width=4) (actual time=0.025..1054.629 rows=533369 loops=1)
                          Filter: (production_year > 2009)
                          Rows Removed by Filter: 1994943
Planning time: 1.201 ms
Execution time: 45732.829 ms
