Nested Loop  (cost=0.43..83072.29 rows=65 width=0) (actual time=0.167..1478.459 rows=1702 loops=1)
  ->  Seq Scan on movie_keyword mk  (cost=0.00..81003.12 rows=246 width=4) (actual time=0.128..1391.258 rows=2305 loops=1)
        Filter: (keyword_id = 835)
        Rows Removed by Filter: 4521625
  ->  Index Scan using title_pkey on title t  (cost=0.43..8.40 rows=1 width=4) (actual time=0.036..0.037 rows=1 loops=2305)
        Index Cond: (id = mk.movie_id)
        Filter: (kind_id = 1)
        Rows Removed by Filter: 0
Planning time: 0.807 ms
Execution time: 1479.185 ms
