Seq Scan on cast_info ci  (cost=0.00..796071.18 rows=8682079 width=0) (actual time=0.029..12427.525 rows=9780587 loops=1)
  Filter: ((person_id < 1068138) AND (role_id < 8))
  Rows Removed by Filter: 26463757
Planning time: 0.375 ms
Execution time: 13528.073 ms
