Seq Scan on movie_companies mc  (cost=0.00..51404.11 rows=1495089 width=0) (actual time=0.015..912.431 rows=1498451 loops=1)
  Filter: (company_id > 7774)
  Rows Removed by Filter: 1110678
Planning time: 0.571 ms
Execution time: 1096.910 ms
