Hash Join  (cost=137552.91..1231342.96 rows=5839389 width=0) (actual time=3162.671..38441.424 rows=19036592 loops=1)
  Hash Cond: (ci.movie_id = t.id)
  ->  Seq Scan on cast_info ci  (cost=0.00..614943.12 rows=36225612 width=4) (actual time=0.024..13012.939 rows=36244344 loops=1)
  ->  Hash  (cost=130865.08..130865.08 rows=407586 width=8) (actual time=3161.725..3161.725 rows=684373 loops=1)
        Buckets: 131072 (originally 131072)  Batches: 16 (originally 8)  Memory Usage: 3073kB
        ->  Hash Join  (cost=86178.74..130865.08 rows=407586 width=8) (actual time=1527.487..2927.825 rows=684373 loops=1)
              Hash Cond: (mi_idx.movie_id = t.id)
              ->  Seq Scan on movie_info_idx mi_idx  (cost=0.00..21735.35 rows=1380035 width=4) (actual time=0.021..414.622 rows=1380035 loops=1)
              ->  Hash  (cost=73925.90..73925.90 rows=746787 width=4) (actual time=1526.524..1526.524 rows=650324 loops=1)
                    Buckets: 131072  Batches: 16  Memory Usage: 2453kB
                    ->  Seq Scan on title t  (cost=0.00..73925.90 rows=746787 width=4) (actual time=0.020..1210.372 rows=650324 loops=1)
                          Filter: ((kind_id < 7) AND (production_year > 1982))
                          Rows Removed by Filter: 1877988
Planning time: 1.168 ms
Execution time: 40484.389 ms
