Seq Scan on movie_companies mc  (cost=0.00..57926.93 rows=959273 width=0) (actual time=0.030..1036.946 rows=647651 loops=1)
  Filter: ((company_id < 40406) AND (company_type_id = 2))
  Rows Removed by Filter: 1961478
Planning time: 0.394 ms
Execution time: 1115.576 ms
