Seq Scan on movie_companies mc  (cost=0.00..51404.11 rows=1435502 width=0) (actual time=0.010..1009.148 rows=1426998 loops=1)
  Filter: (company_id < 12594)
  Rows Removed by Filter: 1182131
Planning time: 0.321 ms
Execution time: 1195.755 ms
