Hash Join  (cost=52284.99..138944.89 rows=186 width=0) (actual time=806.637..2501.952 rows=25150 loops=1)
  Hash Cond: (mk.movie_id = t.id)
  ->  Seq Scan on movie_keyword mk  (cost=0.00..69693.30 rows=4523930 width=4) (actual time=0.019..932.636 rows=4523930 loops=1)
  ->  Hash  (cost=52283.69..52283.69 rows=104 width=8) (actual time=806.083..806.083 rows=475 loops=1)
        Buckets: 1024  Batches: 1  Memory Usage: 27kB
        ->  Nested Loop  (cost=0.43..52283.69 rows=104 width=8) (actual time=23.804..805.747 rows=475 loops=1)
              ->  Seq Scan on movie_companies mc  (cost=0.00..51404.11 rows=104 width=4) (actual time=23.689..775.608 rows=475 loops=1)
                    Filter: (company_id = 2451)
                    Rows Removed by Filter: 2608654
              ->  Index Only Scan using title_pkey on title t  (cost=0.43..8.45 rows=1 width=4) (actual time=0.062..0.062 rows=1 loops=475)
                    Index Cond: (id = mc.movie_id)
                    Heap Fetches: 475
Planning time: 1.195 ms
Execution time: 2505.089 ms
