Hash Join  (cost=77854.63..146593.23 rows=124112 width=0) (actual time=1211.529..2772.935 rows=73128 loops=1)
  Hash Cond: (mc.movie_id = t.id)
  ->  Seq Scan on movie_companies mc  (cost=0.00..51404.11 rows=1310766 width=4) (actual time=0.024..1004.738 rows=1299948 loops=1)
        Filter: (company_id < 11299)
        Rows Removed by Filter: 1309181
  ->  Hash  (cost=73925.90..73925.90 rows=239418 width=4) (actual time=1210.708..1210.708 rows=256906 loops=1)
        Buckets: 131072  Batches: 4  Memory Usage: 3296kB
        ->  Seq Scan on title t  (cost=0.00..73925.90 rows=239418 width=4) (actual time=200.245..1124.376 rows=256906 loops=1)
              Filter: ((production_year > 2010) AND (kind_id = 7))
              Rows Removed by Filter: 2271406
Planning time: 0.777 ms
Execution time: 2779.634 ms
