Hash Join  (cost=141820.76..651150.90 rows=2766922 width=0) (actual time=3634.098..20884.666 rows=16670290 loops=1)
  Hash Cond: (mi.movie_id = t.id)
  ->  Seq Scan on movie_info mi  (cost=0.00..309384.22 rows=14739122 width=4) (actual time=0.022..6216.186 rows=14835720 loops=1)
  ->  Hash  (cost=134032.37..134032.37 rows=474671 width=8) (actual time=3633.096..3633.096 rows=915677 loops=1)
        Buckets: 131072 (originally 131072)  Batches: 16 (originally 8)  Memory Usage: 3282kB
        ->  Hash Join  (cost=88195.18..134032.37 rows=474671 width=8) (actual time=1542.527..3052.852 rows=915677 loops=1)
              Hash Cond: (mi_idx.movie_id = t.id)
              ->  Seq Scan on movie_info_idx mi_idx  (cost=0.00..21735.35 rows=1380035 width=4) (actual time=0.031..438.933 rows=1380035 loops=1)
              ->  Hash  (cost=73925.90..73925.90 rows=869702 width=4) (actual time=1541.703..1541.703 rows=896788 loops=1)
                    Buckets: 131072  Batches: 16  Memory Usage: 2998kB
                    ->  Seq Scan on title t  (cost=0.00..73925.90 rows=869702 width=4) (actual time=0.026..1277.453 rows=896788 loops=1)
                          Filter: ((kind_id < 7) AND (production_year < 2012))
                          Rows Removed by Filter: 1631524
Planning time: 1.401 ms
Execution time: 22766.739 ms
