Hash Join  (cost=128382.66..212178.38 rows=625 width=0) (actual time=1722.655..3110.841 rows=398 loops=1)
  Hash Cond: (mk.movie_id = t.id)
  ->  Seq Scan on movie_keyword mk  (cost=0.00..81003.12 rows=743024 width=4) (actual time=0.023..1269.453 rows=748629 loops=1)
        Filter: (keyword_id > 24980)
        Rows Removed by Filter: 3775301
  ->  Hash  (cost=128356.09..128356.09 rows=2126 width=8) (actual time=1704.931..1704.931 rows=7669 loops=1)
        Buckets: 8192 (originally 4096)  Batches: 1 (originally 1)  Memory Usage: 364kB
        ->  Hash Join  (cost=67697.55..128356.09 rows=2126 width=8) (actual time=653.888..1701.683 rows=7669 loops=1)
              Hash Cond: (mc.movie_id = t.id)
              ->  Seq Scan on movie_companies mc  (cost=0.00..57926.93 rows=722758 width=4) (actual time=0.010..942.546 rows=509607 loops=1)
                    Filter: ((company_id > 8278) AND (company_type_id = 1))
                    Rows Removed by Filter: 2099522
              ->  Hash  (cost=67604.59..67604.59 rows=7437 width=4) (actual time=653.427..653.427 rows=7770 loops=1)
                    Buckets: 8192  Batches: 1  Memory Usage: 338kB
                    ->  Seq Scan on title t  (cost=0.00..67604.59 rows=7437 width=4) (actual time=187.081..651.377 rows=7770 loops=1)
                          Filter: (production_year = 1912)
                          Rows Removed by Filter: 2520542
Planning time: 1.155 ms
Execution time: 3111.202 ms
