Hash Join  (cost=102767.86..226520.99 rows=1366031 width=0) (actual time=2013.969..4865.334 rows=1380913 loops=1)
  Hash Cond: (mk.movie_id = t.id)
  ->  Seq Scan on movie_keyword mk  (cost=0.00..81003.12 rows=1366031 width=4) (actual time=0.022..1321.222 rows=1380913 loops=1)
        Filter: (keyword_id < 1834)
        Rows Removed by Filter: 3143017
  ->  Hash  (cost=61283.27..61283.27 rows=2528527 width=4) (actual time=2012.694..2012.694 rows=2528312 loops=1)
        Buckets: 131072  Batches: 64  Memory Usage: 2425kB
        ->  Seq Scan on title t  (cost=0.00..61283.27 rows=2528527 width=4) (actual time=0.023..1139.484 rows=2528312 loops=1)
Planning time: 0.734 ms
Execution time: 5037.359 ms
