Hash Join  (cost=133203.89..219904.60 rows=4267 width=0) (actual time=2568.664..4523.272 rows=297068 loops=1)
  Hash Cond: (mk.movie_id = t.id)
  ->  Seq Scan on movie_keyword mk  (cost=0.00..69693.30 rows=4523930 width=4) (actual time=0.018..1053.315 rows=4523930 loops=1)
  ->  Hash  (cost=133174.08..133174.08 rows=2385 width=8) (actual time=2568.568..2568.568 rows=12330 loops=1)
        Buckets: 16384 (originally 4096)  Batches: 1 (originally 1)  Memory Usage: 610kB
        ->  Hash Join  (cost=73962.22..133174.08 rows=2385 width=8) (actual time=1095.586..2563.003 rows=12330 loops=1)
              Hash Cond: (mc.movie_id = t.id)
              ->  Seq Scan on movie_companies mc  (cost=0.00..51404.11 rows=2075707 width=4) (actual time=0.018..1074.098 rows=2073052 loops=1)
                    Filter: (company_id < 72366)
                    Rows Removed by Filter: 536077
              ->  Hash  (cost=73925.90..73925.90 rows=2905 width=4) (actual time=1095.362..1095.362 rows=7777 loops=1)
                    Buckets: 8192 (originally 4096)  Batches: 1 (originally 1)  Memory Usage: 338kB
                    ->  Seq Scan on title t  (cost=0.00..73925.90 rows=2905 width=4) (actual time=1.216..1091.597 rows=7777 loops=1)
                          Filter: ((kind_id < 7) AND (production_year = 1985))
                          Rows Removed by Filter: 2520535
Planning time: 1.171 ms
Execution time: 4560.684 ms
