Nested Loop  (cost=0.43..83071.67 rows=246 width=0) (actual time=0.486..1302.234 rows=2485 loops=1)
  ->  Seq Scan on movie_keyword mk  (cost=0.00..81003.12 rows=246 width=4) (actual time=0.446..1206.300 rows=2485 loops=1)
        Filter: (keyword_id = 6069)
        Rows Removed by Filter: 4521445
  ->  Index Only Scan using title_pkey on title t  (cost=0.43..8.40 rows=1 width=4) (actual time=0.037..0.038 rows=1 loops=2485)
        Index Cond: (id = mk.movie_id)
        Heap Fetches: 2485
Planning time: 0.780 ms
Execution time: 1303.042 ms
