Seq Scan on movie_keyword mk  (cost=0.00..81003.12 rows=64883 width=0) (actual time=175.952..1253.173 rows=62621 loops=1)
  Filter: (keyword_id > 94096)
  Rows Removed by Filter: 4461309
Planning time: 0.336 ms
Execution time: 1263.869 ms
