Seq Scan on movie_keyword mk  (cost=0.00..81003.12 rows=4188069 width=0) (actual time=0.014..1623.648 rows=4171879 loops=1)
  Filter: (keyword_id > 309)
  Rows Removed by Filter: 352051
Planning time: 1.991 ms
Execution time: 2143.511 ms
