Hash Join  (cost=133213.39..486259.01 rows=2320 width=0) (actual time=2174.892..8002.236 rows=70647 loops=1)
  Hash Cond: (mi.movie_id = t.id)
  ->  Seq Scan on movie_info mi  (cost=0.00..346232.03 rows=1810770 width=4) (actual time=0.018..5474.134 rows=1865632 loops=1)
        Filter: (info_type_id > 17)
        Rows Removed by Filter: 12970088
  ->  Hash  (cost=133172.91..133172.91 rows=3239 width=8) (actual time=2135.498..2135.498 rows=13256 loops=1)
        Buckets: 16384 (originally 4096)  Batches: 1 (originally 1)  Memory Usage: 646kB
        ->  Hash Join  (cost=74394.67..133172.91 rows=3239 width=8) (actual time=1322.375..2130.363 rows=13256 loops=1)
              Hash Cond: (mc.movie_id = t.id)
              ->  Seq Scan on movie_companies mc  (cost=0.00..57926.93 rows=218377 width=4) (actual time=178.476..866.845 rows=432568 loops=1)
                    Filter: ((company_id > 78883) AND (company_type_id > 1))
                    Rows Removed by Filter: 2176561
              ->  Hash  (cost=73925.90..73925.90 rows=37501 width=4) (actual time=1143.039..1143.039 rows=32253 loops=1)
                    Buckets: 65536  Batches: 1  Memory Usage: 1646kB
                    ->  Seq Scan on title t  (cost=0.00..73925.90 rows=37501 width=4) (actual time=0.035..1129.515 rows=32253 loops=1)
                          Filter: ((kind_id < 7) AND (production_year = 2005))
                          Rows Removed by Filter: 2496059
Planning time: 6.212 ms
Execution time: 8012.720 ms
