Seq Scan on movie_keyword mk  (cost=0.00..81003.12 rows=2594760 width=0) (actual time=0.033..1499.866 rows=2583663 loops=1)
  Filter: (keyword_id < 6790)
  Rows Removed by Filter: 1940267
Planning time: 3.003 ms
Execution time: 1832.255 ms
