Seq Scan on cast_info ci  (cost=0.00..796071.18 rows=11038013 width=0) (actual time=7592.592..13972.419 rows=8366970 loops=1)
  Filter: ((person_id > 1949180) AND (role_id < 4))
  Rows Removed by Filter: 27877374
Planning time: 0.366 ms
Execution time: 15008.152 ms
