Hash Join  (cost=104943.62..1518974.48 rows=32605468 width=0) (actual time=2101.293..47237.301 rows=34065476 loops=1)
  Hash Cond: (ci.movie_id = t.id)
  ->  Seq Scan on cast_info ci  (cost=0.00..614943.12 rows=36225612 width=4) (actual time=0.026..13638.729 rows=36244344 loops=1)
  ->  Hash  (cost=67604.59..67604.59 rows=2275843 width=4) (actual time=2100.279..2100.279 rows=2268428 loops=1)
        Buckets: 131072  Batches: 32  Memory Usage: 3520kB
        ->  Seq Scan on title t  (cost=0.00..67604.59 rows=2275843 width=4) (actual time=0.016..1369.651 rows=2268428 loops=1)
              Filter: (production_year > 1953)
              Rows Removed by Filter: 259884
Planning time: 0.816 ms
Execution time: 51036.852 ms
