Hash Join  (cost=67697.55..165758.10 rows=13275 width=0) (actual time=1170.985..3501.277 rows=57808 loops=1)
  Hash Cond: (mk.movie_id = t.id)
  ->  Seq Scan on movie_keyword mk  (cost=0.00..81003.12 rows=4513248 width=4) (actual time=0.020..1602.344 rows=4515527 loops=1)
        Filter: (keyword_id < 126481)
        Rows Removed by Filter: 8403
  ->  Hash  (cost=67604.59..67604.59 rows=7437 width=4) (actual time=1170.658..1170.658 rows=24917 loops=1)
        Buckets: 32768 (originally 8192)  Batches: 1 (originally 1)  Memory Usage: 1132kB
        ->  Seq Scan on title t  (cost=0.00..67604.59 rows=7437 width=4) (actual time=0.022..1159.351 rows=24917 loops=1)
              Filter: (production_year = 1992)
              Rows Removed by Filter: 2503395
Planning time: 1.424 ms
Execution time: 3509.289 ms
