Hash Join  (cost=28270.40..119777.51 rows=408 width=0) (actual time=392.956..2221.891 rows=22018 loops=1)
  Hash Cond: (mk.movie_id = t.id)
  ->  Seq Scan on movie_keyword mk  (cost=0.00..81003.12 rows=2799975 width=4) (actual time=0.028..1447.069 rows=2789219 loops=1)
        Filter: (keyword_id < 8135)
        Rows Removed by Filter: 1734711
  ->  Hash  (cost=28265.80..28265.80 rows=368 width=8) (actual time=382.866..382.866 rows=260 loops=1)
        Buckets: 1024  Batches: 1  Memory Usage: 19kB
        ->  Nested Loop  (cost=0.43..28265.80 rows=368 width=8) (actual time=14.976..382.763 rows=260 loops=1)
              ->  Seq Scan on movie_info_idx mi_idx  (cost=0.00..25185.44 rows=368 width=4) (actual time=14.873..378.033 rows=260 loops=1)
                    Filter: (info_type_id > 101)
                    Rows Removed by Filter: 1379775
              ->  Index Only Scan using title_pkey on title t  (cost=0.43..8.36 rows=1 width=4) (actual time=0.017..0.018 rows=1 loops=260)
                    Index Cond: (id = mi_idx.movie_id)
                    Heap Fetches: 260
Planning time: 1.132 ms
Execution time: 2224.811 ms
