Seq Scan on movie_keyword mk  (cost=0.00..81003.12 rows=1488578 width=0) (actual time=0.023..1526.824 rows=1498466 loops=1)
  Filter: (keyword_id < 2158)
  Rows Removed by Filter: 3025464
Planning time: 0.343 ms
Execution time: 1716.359 ms
