Hash Join  (cost=190230.21..933579.18 rows=1040543 width=0) (actual time=5013.795..18313.607 rows=2982989 loops=1)
  Hash Cond: (ci.movie_id = t.id)
  ->  Seq Scan on cast_info ci  (cost=0.00..705507.15 rows=1906504 width=4) (actual time=580.510..11825.278 rows=1946336 loops=1)
        Filter: (person_id > 3679067)
        Rows Removed by Filter: 34298008
  ->  Hash  (cost=167588.78..167588.78 rows=1380035 width=8) (actual time=4431.938..4431.938 rows=1380035 loops=1)
        Buckets: 131072  Batches: 32  Memory Usage: 2708kB
        ->  Hash Join  (cost=102767.86..167588.78 rows=1380035 width=8) (actual time=1977.615..4010.905 rows=1380035 loops=1)
              Hash Cond: (mi_idx.movie_id = t.id)
              ->  Seq Scan on movie_info_idx mi_idx  (cost=0.00..21735.35 rows=1380035 width=4) (actual time=0.016..457.773 rows=1380035 loops=1)
              ->  Hash  (cost=61283.27..61283.27 rows=2528527 width=4) (actual time=1975.778..1975.778 rows=2528312 loops=1)
                    Buckets: 131072  Batches: 64  Memory Usage: 2415kB
                    ->  Seq Scan on title t  (cost=0.00..61283.27 rows=2528527 width=4) (actual time=3.916..1151.512 rows=2528312 loops=1)
Planning time: 1.169 ms
Execution time: 18696.870 ms
