Seq Scan on movie_keyword mk  (cost=0.00..81003.12 rows=728844 width=0) (actual time=0.024..1403.046 rows=737876 loops=1)
  Filter: (keyword_id > 25534)
  Rows Removed by Filter: 3786054
Planning time: 0.442 ms
Execution time: 1497.407 ms
