Hash Join  (cost=83073.00..437534.91 rows=7 width=0) (actual time=3324.919..6535.988 rows=1 loops=1)
  Hash Cond: (mi.movie_id = t.id)
  ->  Seq Scan on movie_info mi  (cost=0.00..346232.03 rows=2194617 width=4) (actual time=944.298..4870.679 rows=2233850 loops=1)
        Filter: (info_type_id > 16)
        Rows Removed by Filter: 12601870
  ->  Hash  (cost=83072.90..83072.90 rows=8 width=8) (actual time=1357.414..1357.414 rows=2 loops=1)
        Buckets: 1024  Batches: 1  Memory Usage: 9kB
        ->  Nested Loop  (cost=0.43..83072.90 rows=8 width=8) (actual time=1140.295..1357.383 rows=2 loops=1)
              ->  Seq Scan on movie_keyword mk  (cost=0.00..81003.12 rows=246 width=4) (actual time=0.038..1331.309 rows=397 loops=1)
                    Filter: (keyword_id = 18409)
                    Rows Removed by Filter: 4523533
              ->  Index Scan using title_pkey on title t  (cost=0.43..8.40 rows=1 width=4) (actual time=0.064..0.064 rows=0 loops=397)
                    Index Cond: (id = mk.movie_id)
                    Filter: ((kind_id = 7) AND (production_year = 2010))
                    Rows Removed by Filter: 1
Planning time: 1.265 ms
Execution time: 6536.159 ms
