Hash Join  (cost=135012.21..495481.51 rows=64743 width=0) (actual time=2769.564..10034.857 rows=406747 loops=1)
  Hash Cond: (mi.movie_id = t.id)
  ->  Seq Scan on movie_info mi  (cost=0.00..346232.03 rows=3623957 width=4) (actual time=0.016..5873.190 rows=3624977 loops=1)
        Filter: (info_type_id < 4)
        Rows Removed by Filter: 11210743
  ->  Hash  (cost=134447.55..134447.55 rows=45173 width=8) (actual time=2769.221..2769.221 rows=130634 loops=1)
        Buckets: 131072 (originally 65536)  Batches: 2 (originally 1)  Memory Usage: 3578kB
        ->  Hash Join  (cost=69283.60..134447.55 rows=45173 width=8) (actual time=1164.011..2719.276 rows=130634 loops=1)
              Hash Cond: (mc.movie_id = t.id)
              ->  Seq Scan on movie_companies mc  (cost=0.00..51404.11 rows=1116295 width=4) (actual time=0.008..1074.004 rows=1113656 loops=1)
                    Filter: (company_id < 7851)
                    Rows Removed by Filter: 1495473
              ->  Hash  (cost=67604.59..67604.59 rows=102321 width=4) (actual time=1163.308..1163.308 rows=100537 loops=1)
                    Buckets: 131072  Batches: 2  Memory Usage: 2797kB
                    ->  Seq Scan on title t  (cost=0.00..67604.59 rows=102321 width=4) (actual time=0.022..1128.250 rows=100537 loops=1)
                          Filter: (kind_id = 3)
                          Rows Removed by Filter: 2427775
Planning time: 0.789 ms
Execution time: 10083.082 ms
