Hash Join  (cost=96835.83..894240.91 rows=1498 width=0) (actual time=11258.589..13367.287 rows=2378 loops=1)
  Hash Cond: (ci.movie_id = t.id)
  ->  Seq Scan on cast_info ci  (cost=0.00..796071.18 rows=351710 width=4) (actual time=9424.065..11503.744 rows=113622 loops=1)
        Filter: ((person_id < 280335) AND (role_id = 10))
        Rows Removed by Filter: 36130722
  ->  Hash  (cost=96701.23..96701.23 rows=10768 width=8) (actual time=1833.000..1833.000 rows=14288 loops=1)
        Buckets: 16384  Batches: 1  Memory Usage: 687kB
        ->  Hash Join  (cost=67976.49..96701.23 rows=10768 width=8) (actual time=1095.338..1827.294 rows=14288 loops=1)
              Hash Cond: (mi_idx.movie_id = t.id)
              ->  Seq Scan on movie_info_idx mi_idx  (cost=0.00..25185.44 rows=915101 width=4) (actual time=0.025..515.007 rows=919850 loops=1)
                    Filter: (info_type_id < 101)
                    Rows Removed by Filter: 460185
              ->  Hash  (cost=67604.59..67604.59 rows=29752 width=4) (actual time=1094.802..1094.802 rows=30027 loops=1)
                    Buckets: 32768  Batches: 1  Memory Usage: 1312kB
                    ->  Seq Scan on title t  (cost=0.00..67604.59 rows=29752 width=4) (actual time=0.056..1081.153 rows=30027 loops=1)
                          Filter: (production_year = 1994)
                          Rows Removed by Filter: 2498285
Planning time: 0.809 ms
Execution time: 13367.923 ms
