Seq Scan on movie_keyword mk  (cost=0.00..81003.12 rows=246 width=0) (actual time=0.092..1332.534 rows=887 loops=1)
  Filter: (keyword_id = 2606)
  Rows Removed by Filter: 4523043
Planning time: 0.404 ms
Execution time: 1332.975 ms
