Hash Join  (cost=430104.67..517791.28 rows=102857 width=0) (actual time=8042.599..11029.647 rows=1499136 loops=1)
  Hash Cond: (mk.movie_id = t.id)
  ->  Seq Scan on movie_keyword mk  (cost=0.00..69693.30 rows=4523930 width=4) (actual time=0.041..1000.717 rows=4523930 loops=1)
  ->  Hash  (cost=429386.06..429386.06 rows=57489 width=8) (actual time=8042.054..8042.054 rows=262656 loops=1)
        Buckets: 131072 (originally 65536)  Batches: 4 (originally 1)  Memory Usage: 3583kB
        ->  Hash Join  (cost=74802.04..429386.06 rows=57489 width=8) (actual time=2052.649..7941.882 rows=262656 loops=1)
              Hash Cond: (mi.movie_id = t.id)
              ->  Seq Scan on movie_info mi  (cost=0.00..346232.03 rows=2073893 width=4) (actual time=582.822..5744.328 rows=2091068 loops=1)
                    Filter: (info_type_id < 3)
                    Rows Removed by Filter: 12744652
              ->  Hash  (cost=73925.90..73925.90 rows=70091 width=4) (actual time=1158.590..1158.590 rows=195608 loops=1)
                    Buckets: 131072 (originally 131072)  Batches: 4 (originally 1)  Memory Usage: 3073kB
                    ->  Seq Scan on title t  (cost=0.00..73925.90 rows=70091 width=4) (actual time=27.147..1006.532 rows=195608 loops=1)
                          Filter: ((production_year < 1962) AND (kind_id = 1))
                          Rows Removed by Filter: 2332704
Planning time: 3.224 ms
Execution time: 11197.521 ms
