Hash Join  (cost=78593.13..157689.49 rows=293484 width=0) (actual time=1503.431..3700.612 rows=811511 loops=1)
  Hash Cond: (mc.movie_id = t.id)
  ->  Seq Scan on movie_companies mc  (cost=0.00..44881.29 rows=2609129 width=4) (actual time=0.021..865.401 rows=2609129 loops=1)
  ->  Hash  (cost=73925.90..73925.90 rows=284418 width=4) (actual time=1302.174..1302.174 rows=382296 loops=1)
        Buckets: 131072 (originally 131072)  Batches: 8 (originally 4)  Memory Usage: 3073kB
        ->  Seq Scan on title t  (cost=0.00..73925.90 rows=284418 width=4) (actual time=0.022..1178.297 rows=382296 loops=1)
              Filter: ((production_year < 2001) AND (kind_id = 1))
              Rows Removed by Filter: 2146016
Planning time: 0.767 ms
Execution time: 3799.651 ms
