Seq Scan on movie_companies mc  (cost=0.00..51404.11 rows=834431 width=0) (actual time=0.020..875.590 rows=842962 loops=1)
  Filter: (company_id > 25880)
  Rows Removed by Filter: 1766167
Planning time: 0.359 ms
Execution time: 977.486 ms
