Hash Join  (cost=190048.46..552906.22 rows=107594 width=0) (actual time=6284.528..8594.530 rows=15498 loops=1)
  Hash Cond: (mi.movie_id = t.id)
  ->  Seq Scan on movie_info mi  (cost=0.00..346232.03 rows=1272478 width=4) (actual time=2567.302..4501.917 rows=1325361 loops=1)
        Filter: (info_type_id = 8)
        Rows Removed by Filter: 13510359
  ->  Hash  (cost=186539.98..186539.98 rows=213799 width=8) (actual time=3579.027..3579.027 rows=33828 loops=1)
        Buckets: 131072  Batches: 4  Memory Usage: 1366kB
        ->  Hash Join  (cost=92883.59..186539.98 rows=213799 width=8) (actual time=2931.590..3570.738 rows=33828 loops=1)
              Hash Cond: (mk.movie_id = t.id)
              ->  Seq Scan on movie_keyword mk  (cost=0.00..81003.12 rows=350855 width=4) (actual time=0.038..1499.574 rows=348571 loops=1)
                    Filter: (keyword_id > 47764)
                    Rows Removed by Filter: 4175359
              ->  Hash  (cost=67604.59..67604.59 rows=1540800 width=4) (actual time=1720.852..1720.852 rows=1543264 loops=1)
                    Buckets: 131072  Batches: 32  Memory Usage: 2728kB
                    ->  Seq Scan on title t  (cost=0.00..67604.59 rows=1540800 width=4) (actual time=185.618..1229.947 rows=1543264 loops=1)
                          Filter: (kind_id = 7)
                          Rows Removed by Filter: 985048
Planning time: 0.776 ms
Execution time: 8596.687 ms
