Hash Join  (cost=114215.85..483125.88 rows=425408 width=0) (actual time=2305.349..15141.221 rows=3047547 loops=1)
  Hash Cond: (mi.movie_id = t.id)
  ->  Seq Scan on movie_info mi  (cost=0.00..309384.22 rows=14739122 width=4) (actual time=0.009..4861.626 rows=14835720 loops=1)
  ->  Hash  (cost=113303.60..113303.60 rows=72980 width=8) (actual time=2304.706..2304.706 rows=164488 loops=1)
        Buckets: 131072 (originally 131072)  Batches: 4 (originally 1)  Memory Usage: 3073kB
        ->  Hash Join  (cost=80493.69..113303.60 rows=72980 width=8) (actual time=1361.526..2238.626 rows=164488 loops=1)
              Hash Cond: (mi_idx.movie_id = t.id)
              ->  Seq Scan on movie_info_idx mi_idx  (cost=0.00..25185.44 rows=460978 width=4) (actual time=0.011..506.494 rows=459925 loops=1)
                    Filter: (info_type_id < 100)
                    Rows Removed by Filter: 920110
              ->  Hash  (cost=73925.90..73925.90 rows=400303 width=4) (actual time=1360.609..1360.609 rows=500611 loops=1)
                    Buckets: 131072  Batches: 8  Memory Usage: 3236kB
                    ->  Seq Scan on title t  (cost=0.00..73925.90 rows=400303 width=4) (actual time=0.025..1200.310 rows=500611 loops=1)
                          Filter: ((kind_id < 7) AND (production_year < 2000))
                          Rows Removed by Filter: 2027701
Planning time: 0.798 ms
Execution time: 15495.548 ms
