Hash Join  (cost=52284.99..416946.98 rows=606 width=0) (actual time=666.065..7620.348 rows=2007 loops=1)
  Hash Cond: (mi.movie_id = t.id)
  ->  Seq Scan on movie_info mi  (cost=0.00..309384.22 rows=14739122 width=4) (actual time=0.009..4262.297 rows=14835720 loops=1)
  ->  Hash  (cost=52283.69..52283.69 rows=104 width=8) (actual time=664.824..664.824 rows=98 loops=1)
        Buckets: 1024  Batches: 1  Memory Usage: 12kB
        ->  Nested Loop  (cost=0.43..52283.69 rows=104 width=8) (actual time=15.190..664.764 rows=98 loops=1)
              ->  Seq Scan on movie_companies mc  (cost=0.00..51404.11 rows=104 width=4) (actual time=15.111..661.962 rows=98 loops=1)
                    Filter: (company_id = 74811)
                    Rows Removed by Filter: 2609031
              ->  Index Only Scan using title_pkey on title t  (cost=0.43..8.45 rows=1 width=4) (actual time=0.027..0.027 rows=1 loops=98)
                    Index Cond: (id = mc.movie_id)
                    Heap Fetches: 98
Planning time: 1.181 ms
Execution time: 7620.780 ms
