Seq Scan on cast_info ci  (cost=0.00..796071.18 rows=165496 width=0) (actual time=280.479..11453.929 rows=78420 loops=1)
  Filter: ((person_id < 46741) AND (role_id > 3))
  Rows Removed by Filter: 36165924
Planning time: 0.399 ms
Execution time: 11470.022 ms
