Hash Join  (cost=79863.89..1084758.10 rows=2284722 width=0) (actual time=4656.027..25873.133 rows=2349761 loops=1)
  Hash Cond: (ci.movie_id = t.id)
  ->  Seq Scan on cast_info ci  (cost=0.00..796071.18 rows=15962083 width=4) (actual time=3312.326..16675.231 rows=14239566 loops=1)
        Filter: ((person_id > 1432038) AND (role_id < 5))
        Rows Removed by Filter: 22004778
  ->  Hash  (cost=73925.90..73925.90 rows=361919 width=4) (actual time=1342.359..1342.359 rows=470371 loops=1)
        Buckets: 131072  Batches: 8  Memory Usage: 3103kB
        ->  Seq Scan on title t  (cost=0.00..73925.90 rows=361919 width=4) (actual time=0.031..1195.810 rows=470371 loops=1)
              Filter: ((kind_id < 7) AND (production_year < 1998))
              Rows Removed by Filter: 2057941
Planning time: 0.885 ms
Execution time: 26185.425 ms
