Hash Join  (cost=422613.68..1174494.11 rows=109123 width=0) (actual time=6386.850..22214.384 rows=47114 loops=1)
  Hash Cond: (ci.movie_id = t.id)
  ->  Seq Scan on cast_info ci  (cost=0.00..614943.12 rows=36225612 width=4) (actual time=0.019..9011.122 rows=36244344 loops=1)
  ->  Hash  (cost=422518.46..422518.46 rows=7617 width=8) (actual time=6383.660..6383.660 rows=1083 loops=1)
        Buckets: 8192  Batches: 1  Memory Usage: 107kB
        ->  Hash Join  (cost=74434.21..422518.46 rows=7617 width=8) (actual time=4948.308..6383.091 rows=1083 loops=1)
              Hash Cond: (mi.movie_id = t.id)
              ->  Seq Scan on movie_info mi  (cost=0.00..346232.03 rows=473617 width=4) (actual time=4192.004..5511.872 rows=486554 loops=1)
                    Filter: (info_type_id = 5)
                    Rows Removed by Filter: 14349166
              ->  Hash  (cost=73925.90..73925.90 rows=40664 width=4) (actual time=754.757..754.757 rows=40257 loops=1)
                    Buckets: 65536  Batches: 1  Memory Usage: 1928kB
                    ->  Seq Scan on title t  (cost=0.00..73925.90 rows=40664 width=4) (actual time=0.033..741.141 rows=40257 loops=1)
                          Filter: ((production_year > 2012) AND (kind_id = 7))
                          Rows Removed by Filter: 2488055
Planning time: 1.146 ms
Execution time: 22223.351 ms
