Hash Join  (cost=454190.08..580473.49 rows=351337 width=0) (actual time=9032.554..11885.772 rows=64761 loops=1)
  Hash Cond: (mk.movie_id = t.id)
  ->  Seq Scan on movie_keyword mk  (cost=0.00..69693.30 rows=4523930 width=4) (actual time=0.013..1477.731 rows=4523930 loops=1)
  ->  Hash  (cost=450967.45..450967.45 rows=196370 width=8) (actual time=8747.604..8747.604 rows=38979 loops=1)
        Buckets: 131072  Batches: 4  Memory Usage: 1417kB
        ->  Hash Join  (cost=77854.63..450967.45 rows=196370 width=8) (actual time=1274.671..8732.861 rows=38979 loops=1)
              Hash Cond: (mi.movie_id = t.id)
              ->  Seq Scan on movie_info mi  (cost=0.00..346232.03 rows=2073893 width=4) (actual time=86.420..4636.891 rows=2091068 loops=1)
                    Filter: (info_type_id < 3)
                    Rows Removed by Filter: 12744652
              ->  Hash  (cost=73925.90..73925.90 rows=239418 width=4) (actual time=1187.446..1187.446 rows=256906 loops=1)
                    Buckets: 131072  Batches: 4  Memory Usage: 3302kB
                    ->  Seq Scan on title t  (cost=0.00..73925.90 rows=239418 width=4) (actual time=0.028..1099.357 rows=256906 loops=1)
                          Filter: ((production_year > 2010) AND (kind_id = 7))
                          Rows Removed by Filter: 2271406
Planning time: 1.233 ms
Execution time: 11893.853 ms
