Hash Join  (cost=92917.42..156451.25 rows=30723 width=0) (actual time=2310.817..3074.558 rows=14983 loops=1)
  Hash Cond: (mc.movie_id = t.id)
  ->  Seq Scan on movie_companies mc  (cost=0.00..57926.93 rows=67111 width=4) (actual time=410.714..886.669 rows=130891 loops=1)
        Filter: ((company_id > 140821) AND (company_type_id > 1))
        Rows Removed by Filter: 2478238
  ->  Hash  (cost=73925.90..73925.90 rows=1157561 width=4) (actual time=1898.832..1898.832 rows=1267332 loops=1)
        Buckets: 131072  Batches: 16  Memory Usage: 3815kB
        ->  Seq Scan on title t  (cost=0.00..73925.90 rows=1157561 width=4) (actual time=0.020..1490.295 rows=1267332 loops=1)
              Filter: ((kind_id > 1) AND (production_year > 1996))
              Rows Removed by Filter: 1260980
Planning time: 1.157 ms
Execution time: 3076.731 ms
