Hash Join  (cost=87731.24..218465.29 rows=1037969 width=0) (actual time=2054.599..5244.437 rows=254901 loops=1)
  Hash Cond: (mk.movie_id = t.id)
  ->  Seq Scan on movie_keyword mk  (cost=0.00..81003.12 rows=3118996 width=4) (actual time=0.024..1677.008 rows=3105885 loops=1)
        Filter: (keyword_id < 11769)
        Rows Removed by Filter: 1418045
  ->  Hash  (cost=73925.90..73925.90 rows=841467 width=4) (actual time=1779.671..1779.671 rows=921643 loops=1)
        Buckets: 131072  Batches: 16  Memory Usage: 3062kB
        ->  Seq Scan on title t  (cost=0.00..73925.90 rows=841467 width=4) (actual time=0.020..1478.810 rows=921643 loops=1)
              Filter: ((production_year > 2000) AND (kind_id = 7))
              Rows Removed by Filter: 1606669
Planning time: 0.765 ms
Execution time: 5275.048 ms
