Hash Join  (cost=58358.92..147311.77 rows=35 width=146) (actual time=1373.976..3411.454 rows=1136 loops=1)
  Hash Cond: (mk.movie_id = t.id)
  ->  Seq Scan on movie_keyword mk  (cost=0.00..81003.12 rows=2119833 width=12) (actual time=0.028..1731.981 rows=2122472 loops=1)
        Filter: (keyword_id < 3905)
        Rows Removed by Filter: 2401458
  ->  Hash  (cost=58358.39..58358.39 rows=42 width=134) (actual time=1372.382..1372.382 rows=520 loops=1)
        Buckets: 1024  Batches: 1  Memory Usage: 85kB
        ->  Nested Loop  (cost=0.43..58358.39 rows=42 width=134) (actual time=564.528..1371.729 rows=520 loops=1)
              ->  Seq Scan on movie_companies mc  (cost=0.00..57926.93 rows=51 width=40) (actual time=560.927..1336.755 rows=633 loops=1)
                    Filter: ((company_type_id < 2) AND (company_id = 12929))
                    Rows Removed by Filter: 2608496
              ->  Index Scan using title_pkey on title t  (cost=0.43..8.45 rows=1 width=94) (actual time=0.054..0.054 rows=1 loops=633)
                    Index Cond: (id = mc.movie_id)
                    Filter: (production_year < 2011)
                    Rows Removed by Filter: 0
Planning time: 1.391 ms
Execution time: 3411.694 ms
