Seq Scan on cast_info ci  (cost=0.00..705507.15 rows=20146234 width=0) (actual time=0.019..11830.976 rows=20017835 loops=1)
  Filter: (person_id < 2010583)
  Rows Removed by Filter: 16226509
Planning time: 0.369 ms
Execution time: 14250.445 ms
