Seq Scan on cast_info ci  (cost=0.00..796071.18 rows=332 width=0) (actual time=1613.780..14747.810 rows=277 loops=1)
  Filter: ((role_id < 4) AND (person_id = 2740516))
  Rows Removed by Filter: 36244067
Planning time: 0.446 ms
Execution time: 14747.956 ms
