Hash Join  (cost=75574.02..166567.59 rows=31862 width=0) (actual time=1469.769..2957.498 rows=6717 loops=1)
  Hash Cond: (mk.movie_id = t.id)
  ->  Seq Scan on movie_keyword mk  (cost=0.00..81003.12 rows=802354 width=4) (actual time=0.025..1401.021 rows=808443 loops=1)
        Filter: (keyword_id > 22887)
        Rows Removed by Filter: 3715487
  ->  Hash  (cost=73925.90..73925.90 rows=100409 width=4) (actual time=1283.885..1283.885 rows=110402 loops=1)
        Buckets: 131072  Batches: 2  Memory Usage: 2970kB
        ->  Seq Scan on title t  (cost=0.00..73925.90 rows=100409 width=4) (actual time=0.028..1239.058 rows=110402 loops=1)
              Filter: ((kind_id = 7) AND (production_year = 2012))
              Rows Removed by Filter: 2417910
Planning time: 0.742 ms
Execution time: 2958.499 ms
