Hash Join  (cost=97151.21..148099.97 rows=772628 width=0) (actual time=1960.302..3528.509 rows=636870 loops=1)
  Hash Cond: (mi_idx.movie_id = t.id)
  ->  Seq Scan on movie_info_idx mi_idx  (cost=0.00..21735.35 rows=1380035 width=4) (actual time=0.024..519.707 rows=1380035 loops=1)
  ->  Hash  (cost=73925.90..73925.90 rows=1415624 width=4) (actual time=1958.777..1958.777 rows=1398720 loops=1)
        Buckets: 131072  Batches: 32  Memory Usage: 2560kB
        ->  Seq Scan on title t  (cost=0.00..73925.90 rows=1415624 width=4) (actual time=0.023..1496.376 rows=1398720 loops=1)
              Filter: ((kind_id > 1) AND (production_year < 2010))
              Rows Removed by Filter: 1129592
Planning time: 0.708 ms
Execution time: 3604.589 ms
