Nested Loop  (cost=32749.09..123823.58 rows=1457 width=0) (actual time=658.644..2293.997 rows=5079 loops=1)
  ->  Hash Join  (cost=32748.66..117094.75 rows=7936 width=8) (actual time=658.579..2162.154 rows=5079 loops=1)
        Hash Cond: (mk.movie_id = mi_idx.movie_id)
        ->  Seq Scan on movie_keyword mk  (cost=0.00..81003.12 rows=7992 width=4) (actual time=0.244..1419.358 rows=7673 loops=1)
              Filter: (keyword_id = 7078)
              Rows Removed by Filter: 4516257
        ->  Hash  (cost=25185.44..25185.44 rows=460978 width=4) (actual time=653.989..653.989 rows=459925 loops=1)
              Buckets: 131072  Batches: 8  Memory Usage: 3059kB
              ->  Seq Scan on movie_info_idx mi_idx  (cost=0.00..25185.44 rows=460978 width=4) (actual time=0.021..503.492 rows=459925 loops=1)
                    Filter: (info_type_id = 99)
                    Rows Removed by Filter: 920110
  ->  Index Only Scan using title_pkey on title t  (cost=0.43..0.84 rows=1 width=4) (actual time=0.025..0.025 rows=1 loops=5079)
        Index Cond: (id = mi_idx.movie_id)
        Heap Fetches: 5079
Planning time: 1.172 ms
Execution time: 2295.413 ms
