Hash Join  (cost=74547.77..167175.25 rows=57949 width=0) (actual time=1179.048..2558.579 rows=103181 loops=1)
  Hash Cond: (mk.movie_id = t.id)
  ->  Seq Scan on movie_keyword mk  (cost=0.00..81003.12 rows=2945297 width=4) (actual time=0.016..987.394 rows=2930287 loops=1)
        Filter: (keyword_id < 9676)
        Rows Removed by Filter: 1593643
  ->  Hash  (cost=73925.90..73925.90 rows=49749 width=4) (actual time=1178.449..1178.449 rows=44012 loops=1)
        Buckets: 65536  Batches: 1  Memory Usage: 2060kB
        ->  Seq Scan on title t  (cost=0.00..73925.90 rows=49749 width=4) (actual time=0.040..1160.477 rows=44012 loops=1)
              Filter: ((kind_id < 7) AND (production_year = 2009))
              Rows Removed by Filter: 2484300
Planning time: 0.782 ms
Execution time: 2568.623 ms
