Seq Scan on title t  (cost=0.00..73925.90 rows=1963 width=0) (actual time=164.968..1201.300 rows=8902 loops=1)
  Filter: ((kind_id = 1) AND (production_year = 1913))
  Rows Removed by Filter: 2519410
Planning time: 3.775 ms
Execution time: 1203.050 ms
