Hash Join  (cost=263115.61..415537.40 rows=2591198 width=0) (actual time=6966.056..14555.358 rows=18790117 loops=1)
  Hash Cond: (mk.movie_id = t.id)
  ->  Seq Scan on movie_keyword mk  (cost=0.00..81003.12 rows=2511150 width=4) (actual time=0.024..1706.752 rows=2505588 loops=1)
        Filter: (keyword_id < 6142)
        Rows Removed by Filter: 2018342
  ->  Hash  (cost=220309.49..220309.49 rows=2609129 width=8) (actual time=6964.799..6964.799 rows=2609129 loops=1)
        Buckets: 131072  Batches: 64  Memory Usage: 2691kB
        ->  Hash Join  (cost=102767.86..220309.49 rows=2609129 width=8) (actual time=2020.797..6123.162 rows=2609129 loops=1)
              Hash Cond: (mc.movie_id = t.id)
              ->  Seq Scan on movie_companies mc  (cost=0.00..44881.29 rows=2609129 width=4) (actual time=0.022..1001.418 rows=2609129 loops=1)
              ->  Hash  (cost=61283.27..61283.27 rows=2528527 width=4) (actual time=2019.598..2019.598 rows=2528312 loops=1)
                    Buckets: 131072  Batches: 64  Memory Usage: 2415kB
                    ->  Seq Scan on title t  (cost=0.00..61283.27 rows=2528527 width=4) (actual time=0.011..1171.002 rows=2528312 loops=1)
Planning time: 1.177 ms
Execution time: 16706.444 ms
