Seq Scan on movie_companies mc  (cost=0.00..57926.93 rows=702252 width=0) (actual time=378.788..1074.629 rows=487340 loops=1)
  Filter: ((company_id > 9885) AND (company_type_id = 1))
  Rows Removed by Filter: 2121789
Planning time: 0.466 ms
Execution time: 1133.935 ms
