Hash Join  (cost=165639.82..650570.14 rows=480237 width=0) (actual time=3098.842..16071.096 rows=4068967 loops=1)
  Hash Cond: (mi.movie_id = t.id)
  ->  Seq Scan on movie_info mi  (cost=0.00..309384.22 rows=14739122 width=4) (actual time=0.022..6402.344 rows=14835720 loops=1)
  ->  Hash  (cost=164288.00..164288.00 rows=82386 width=8) (actual time=3098.226..3098.226 rows=136226 loops=1)
        Buckets: 131072  Batches: 2  Memory Usage: 3724kB
        ->  Hash Join  (cost=71587.82..164288.00 rows=82386 width=8) (actual time=1274.950..3056.923 rows=136226 loops=1)
              Hash Cond: (mk.movie_id = t.id)
              ->  Seq Scan on movie_keyword mk  (cost=0.00..81003.12 rows=858183 width=4) (actual time=0.013..1373.403 rows=861326 loops=1)
                    Filter: (keyword_id < 820)
                    Rows Removed by Filter: 3662604
              ->  Hash  (cost=67604.59..67604.59 rows=242739 width=4) (actual time=1274.353..1274.353 rows=241400 loops=1)
                    Buckets: 131072  Batches: 4  Memory Usage: 3153kB
                    ->  Seq Scan on title t  (cost=0.00..67604.59 rows=242739 width=4) (actual time=0.018..1192.605 rows=241400 loops=1)
                          Filter: (production_year < 1960)
                          Rows Removed by Filter: 2286912
Planning time: 1.194 ms
Execution time: 16559.186 ms
