Hash Join  (cost=74478.21..441709.67 rows=257554 width=0) (actual time=824.282..9277.392 rows=406792 loops=1)
  Hash Cond: (mi.movie_id = t.id)
  ->  Seq Scan on movie_info mi  (cost=0.00..309384.22 rows=14739122 width=4) (actual time=0.009..4576.674 rows=14835720 loops=1)
  ->  Hash  (cost=73925.90..73925.90 rows=44184 width=4) (actual time=823.864..823.864 rows=35489 loops=1)
        Buckets: 65536  Batches: 1  Memory Usage: 1760kB
        ->  Seq Scan on title t  (cost=0.00..73925.90 rows=44184 width=4) (actual time=0.138..810.600 rows=35489 loops=1)
              Filter: ((kind_id < 7) AND (production_year = 2007))
              Rows Removed by Filter: 2492823
Planning time: 0.805 ms
Execution time: 9333.740 ms
