Nested Loop  (cost=0.43..100940.41 rows=274 width=0) (actual time=606.534..1075.739 rows=2 loops=1)
  ->  Seq Scan on movie_companies mc  (cost=0.00..57926.93 rows=6014 width=4) (actual time=0.028..938.961 rows=6008 loops=1)
        Filter: ((company_type_id < 2) AND (company_id = 846))
        Rows Removed by Filter: 2603121
  ->  Index Scan using title_pkey on title t  (cost=0.43..7.14 rows=1 width=4) (actual time=0.022..0.022 rows=0 loops=6008)
        Index Cond: (id = mc.movie_id)
        Filter: ((kind_id > 2) AND (production_year = 2012))
        Rows Removed by Filter: 1
Planning time: 0.886 ms
Execution time: 1075.830 ms
