Nested Loop  (cost=0.43..58358.52 rows=26 width=0) (actual time=734.260..842.555 rows=1 loops=1)
  ->  Seq Scan on movie_companies mc  (cost=0.00..57926.93 rows=51 width=4) (actual time=0.724..839.923 rows=94 loops=1)
        Filter: ((company_id = 12871) AND (company_type_id = 1))
        Rows Removed by Filter: 2609035
  ->  Index Scan using title_pkey on title t  (cost=0.43..8.45 rows=1 width=4) (actual time=0.026..0.026 rows=0 loops=94)
        Index Cond: (id = mc.movie_id)
        Filter: ((kind_id > 1) AND (production_year > 1990))
        Rows Removed by Filter: 1
Planning time: 0.598 ms
Execution time: 842.625 ms
