Hash Join  (cost=203272.95..1310983.11 rows=2786493 width=0) (actual time=4087.049..31911.863 rows=1433057 loops=1)
  Hash Cond: (ci.movie_id = t.id)
  ->  Seq Scan on cast_info ci  (cost=0.00..614943.12 rows=36225612 width=4) (actual time=0.017..13691.207 rows=36244344 loops=1)
  ->  Hash  (cost=200081.75..200081.75 rows=194496 width=8) (actual time=4084.743..4084.743 rows=41551 loops=1)
        Buckets: 131072  Batches: 4  Memory Usage: 1426kB
        ->  Hash Join  (cost=75709.76..200081.75 rows=194496 width=8) (actual time=1331.639..4068.710 rows=41551 loops=1)
              Hash Cond: (mk.movie_id = t.id)
              ->  Seq Scan on movie_keyword mk  (cost=0.00..69693.30 rows=4523930 width=4) (actual time=0.013..1435.442 rows=4523930 loops=1)
              ->  Hash  (cost=73925.90..73925.90 rows=108708 width=4) (actual time=1329.685..1329.685 rows=115965 loops=1)
                    Buckets: 131072  Batches: 2  Memory Usage: 3068kB
                    ->  Seq Scan on title t  (cost=0.00..73925.90 rows=108708 width=4) (actual time=0.019..1283.502 rows=115965 loops=1)
                          Filter: ((kind_id > 3) AND (production_year = 2012))
                          Rows Removed by Filter: 2412347
Planning time: 0.759 ms
Execution time: 32076.568 ms
