Hash Join  (cost=87678.46..123051.04 rows=154003 width=0) (actual time=1496.946..2377.468 rows=112872 loops=1)
  Hash Cond: (mi_idx.movie_id = t.id)
  ->  Seq Scan on movie_info_idx mi_idx  (cost=0.00..25185.44 rows=464566 width=4) (actual time=0.028..496.190 rows=459925 loops=1)
        Filter: (info_type_id = 101)
        Rows Removed by Filter: 920110
  ->  Hash  (cost=73925.90..73925.90 rows=838204 width=4) (actual time=1495.691..1495.691 rows=748399 loops=1)
        Buckets: 131072  Batches: 16  Memory Usage: 2668kB
        ->  Seq Scan on title t  (cost=0.00..73925.90 rows=838204 width=4) (actual time=0.018..1272.992 rows=748399 loops=1)
              Filter: ((kind_id > 2) AND (production_year < 2003))
              Rows Removed by Filter: 1779913
Planning time: 0.944 ms
Execution time: 2392.691 ms
