Hash Join  (cost=95159.82..234896.15 rows=1781218 width=0) (actual time=1883.412..5866.810 rows=1525487 loops=1)
  Hash Cond: (mk.movie_id = t.id)
  ->  Seq Scan on movie_keyword mk  (cost=0.00..81003.12 rows=2681603 width=4) (actual time=0.015..1706.653 rows=2677859 loops=1)
        Filter: (keyword_id < 7508)
        Rows Removed by Filter: 1846071
  ->  Hash  (cost=67604.59..67604.59 rows=1679539 width=4) (actual time=1882.265..1882.265 rows=1673541 loops=1)
        Buckets: 131072  Batches: 32  Memory Usage: 2874kB
        ->  Seq Scan on title t  (cost=0.00..67604.59 rows=1679539 width=4) (actual time=0.010..1335.681 rows=1673541 loops=1)
              Filter: (production_year > 1993)
              Rows Removed by Filter: 854771
Planning time: 0.981 ms
Execution time: 6065.909 ms
