Seq Scan on movie_companies mc  (cost=0.00..57926.93 rows=856668 width=0) (actual time=96.828..1049.241 rows=667380 loops=1)
  Filter: ((company_id > 2455) AND (company_type_id < 2))
  Rows Removed by Filter: 1941749
Planning time: 0.323 ms
Execution time: 1139.825 ms
