Hash Join  (cost=162910.07..304060.12 rows=1571602 width=0) (actual time=3751.001..8539.722 rows=5344763 loops=1)
  Hash Cond: (mk.movie_id = t.id)
  ->  Seq Scan on movie_keyword mk  (cost=0.00..69693.30 rows=4523930 width=4) (actual time=0.019..1374.673 rows=4523930 loops=1)
  ->  Hash  (cost=148498.02..148498.02 rows=878404 width=8) (actual time=3750.179..3750.179 rows=810457 loops=1)
        Buckets: 131072  Batches: 16  Memory Usage: 3015kB
        ->  Hash Join  (cost=94009.45..148498.02 rows=878404 width=8) (actual time=1888.679..3508.705 rows=810457 loops=1)
              Hash Cond: (mi_idx.movie_id = t.id)
              ->  Seq Scan on movie_info_idx mi_idx  (cost=0.00..21735.35 rows=1380035 width=4) (actual time=0.018..468.084 rows=1380035 loops=1)
              ->  Hash  (cost=67604.59..67604.59 rows=1609429 width=4) (actual time=1887.087..1887.087 rows=1607077 loops=1)
                    Buckets: 131072  Batches: 32  Memory Usage: 2791kB
                    ->  Seq Scan on title t  (cost=0.00..67604.59 rows=1609429 width=4) (actual time=0.025..1363.655 rows=1607077 loops=1)
                          Filter: (production_year > 1995)
                          Rows Removed by Filter: 921235
Planning time: 1.132 ms
Execution time: 9195.147 ms
