Seq Scan on cast_info ci  (cost=0.00..796071.18 rows=1413459 width=0) (actual time=3626.793..12493.474 rows=456094 loops=1)
  Filter: ((person_id < 1155982) AND (role_id = 10))
  Rows Removed by Filter: 35788250
Planning time: 0.316 ms
Execution time: 12553.808 ms
