Hash Join  (cost=74485.76..441752.43 rows=261075 width=0) (actual time=1234.383..9422.315 rows=189390 loops=1)
  Hash Cond: (mi.movie_id = t.id)
  ->  Seq Scan on movie_info mi  (cost=0.00..309384.22 rows=14739122 width=4) (actual time=0.005..4028.124 rows=14835720 loops=1)
  ->  Hash  (cost=73925.90..73925.90 rows=44788 width=4) (actual time=1234.006..1234.006 rows=52864 loops=1)
        Buckets: 65536  Batches: 1  Memory Usage: 2371kB
        ->  Seq Scan on title t  (cost=0.00..73925.90 rows=44788 width=4) (actual time=0.038..1212.388 rows=52864 loops=1)
              Filter: ((kind_id > 1) AND (production_year = 2002))
              Rows Removed by Filter: 2475448
Planning time: 0.735 ms
Execution time: 9451.325 ms
