Hash Join  (cost=1403476.34..2846353.43 rows=71265124 width=0) (actual time=37279.632..106878.026 rows=199903175 loops=1)
  Hash Cond: (mi.movie_id = t.id)
  ->  Seq Scan on movie_info mi  (cost=0.00..309384.22 rows=14739122 width=4) (actual time=0.015..6060.578 rows=14835720 loops=1)
  ->  Hash  (cost=1202898.34..1202898.34 rows=12225680 width=8) (actual time=37277.246..37277.246 rows=16508693 loops=1)
        Buckets: 131072  Batches: 256  Memory Usage: 3615kB
        ->  Hash Join  (cost=102767.86..1202898.34 rows=12225680 width=8) (actual time=5502.534..32230.942 rows=16508693 loops=1)
              Hash Cond: (ci.movie_id = t.id)
              ->  Seq Scan on cast_info ci  (cost=0.00..796071.18 rows=12225680 width=4) (actual time=3552.614..16335.137 rows=16508693 loops=1)
                    Filter: ((person_id < 2235572) AND (role_id < 3))
                    Rows Removed by Filter: 19735651
              ->  Hash  (cost=61283.27..61283.27 rows=2528527 width=4) (actual time=1947.860..1947.860 rows=2528312 loops=1)
                    Buckets: 131072  Batches: 64  Memory Usage: 2415kB
                    ->  Seq Scan on title t  (cost=0.00..61283.27 rows=2528527 width=4) (actual time=0.022..1095.256 rows=2528312 loops=1)
Planning time: 1.183 ms
Execution time: 129466.960 ms
