Hash Join  (cost=129131.74..495743.23 rows=195556 width=0) (actual time=2253.147..10629.119 rows=439130 loops=1)
  Hash Cond: (mi.movie_id = t.id)
  ->  Seq Scan on movie_info mi  (cost=0.00..309384.22 rows=14739122 width=4) (actual time=0.013..4570.717 rows=14835720 loops=1)
  ->  Hash  (cost=128712.39..128712.39 rows=33548 width=8) (actual time=2252.622..2252.622 rows=31842 loops=1)
        Buckets: 65536  Batches: 1  Memory Usage: 1756kB
        ->  Hash Join  (cost=70241.71..128712.39 rows=33548 width=8) (actual time=1356.634..2240.431 rows=31842 loops=1)
              Hash Cond: (mc.movie_id = t.id)
              ->  Seq Scan on movie_companies mc  (cost=0.00..51404.11 rows=527756 width=4) (actual time=176.496..816.035 rows=531440 loops=1)
                    Filter: (company_id > 72650)
                    Rows Removed by Filter: 2077689
              ->  Hash  (cost=67604.59..67604.59 rows=160730 width=4) (actual time=1179.388..1179.388 rows=160017 loops=1)
                    Buckets: 131072  Batches: 4  Memory Usage: 2436kB
                    ->  Seq Scan on title t  (cost=0.00..67604.59 rows=160730 width=4) (actual time=0.034..1124.467 rows=160017 loops=1)
                          Filter: (production_year = 2011)
                          Rows Removed by Filter: 2368295
Planning time: 4.878 ms
Execution time: 10691.485 ms
