Hash Join  (cost=277424.70..1661171.95 rows=29657507 width=0) (actual time=6008.781..61910.511 rows=100387778 loops=1)
  Hash Cond: (ci.movie_id = t.id)
  ->  Seq Scan on cast_info ci  (cost=0.00..614943.12 rows=36225612 width=4) (actual time=0.007..13676.921 rows=36244344 loops=1)
  ->  Hash  (cost=243461.73..243461.73 rows=2070077 width=8) (actual time=6007.704..6007.704 rows=2071916 loops=1)
        Buckets: 131072  Batches: 32  Memory Usage: 3539kB
        ->  Hash Join  (cost=102767.86..243461.73 rows=2070077 width=8) (actual time=1929.532..5457.018 rows=2071916 loops=1)
              Hash Cond: (mk.movie_id = t.id)
              ->  Seq Scan on movie_keyword mk  (cost=0.00..81003.12 rows=2070077 width=4) (actual time=0.024..1607.405 rows=2071916 loops=1)
                    Filter: (keyword_id > 5864)
                    Rows Removed by Filter: 2452014
              ->  Hash  (cost=61283.27..61283.27 rows=2528527 width=4) (actual time=1928.457..1928.457 rows=2528312 loops=1)
                    Buckets: 131072  Batches: 64  Memory Usage: 2425kB
                    ->  Seq Scan on title t  (cost=0.00..61283.27 rows=2528527 width=4) (actual time=0.019..1053.317 rows=2528312 loops=1)
Planning time: 1.137 ms
Execution time: 73067.343 ms
