Hash Join  (cost=200887.99..679102.46 rows=621232 width=0) (actual time=4214.544..15935.349 rows=3060267 loops=1)
  Hash Cond: (mi.movie_id = t.id)
  ->  Seq Scan on movie_info mi  (cost=0.00..346232.03 rows=9767026 width=4) (actual time=0.012..6686.883 rows=9911754 loops=1)
        Filter: (info_type_id > 4)
        Rows Removed by Filter: 4923966
  ->  Hash  (cost=198248.65..198248.65 rows=160827 width=8) (actual time=4090.811..4090.811 rows=222385 loops=1)
        Buckets: 131072  Batches: 4  Memory Usage: 3192kB
        ->  Hash Join  (cost=69283.60..198248.65 rows=160827 width=8) (actual time=1080.758..4018.807 rows=222385 loops=1)
              Hash Cond: (mk.movie_id = t.id)
              ->  Seq Scan on movie_keyword mk  (cost=0.00..81003.12 rows=3974308 width=4) (actual time=0.016..1675.170 rows=3978013 loops=1)
                    Filter: (keyword_id < 33694)
                    Rows Removed by Filter: 545917
              ->  Hash  (cost=67604.59..67604.59 rows=102321 width=4) (actual time=1080.003..1080.003 rows=100537 loops=1)
                    Buckets: 131072  Batches: 2  Memory Usage: 2803kB
                    ->  Seq Scan on title t  (cost=0.00..67604.59 rows=102321 width=4) (actual time=409.051..1042.816 rows=100537 loops=1)
                          Filter: (kind_id = 3)
                          Rows Removed by Filter: 2427775
Planning time: 1.370 ms
Execution time: 16307.866 ms
