Hash Join  (cost=433328.88..1324137.77 rows=159689 width=0) (actual time=9763.095..25647.807 rows=1684387 loops=1)
  Hash Cond: (ci.movie_id = t.id)
  ->  Seq Scan on cast_info ci  (cost=0.00..796071.18 rows=9314084 width=4) (actual time=405.036..12444.052 rows=10679036 loops=1)
        Filter: ((person_id < 1192112) AND (role_id < 6))
        Rows Removed by Filter: 25565308
  ->  Hash  (cost=432786.99..432786.99 rows=43351 width=8) (actual time=8989.764..8989.764 rows=150185 loops=1)
        Buckets: 131072 (originally 65536)  Batches: 2 (originally 1)  Memory Usage: 3979kB
        ->  Hash Join  (cost=67697.55..432786.99 rows=43351 width=8) (actual time=992.071..8920.752 rows=150185 loops=1)
              Hash Cond: (mi.movie_id = t.id)
              ->  Seq Scan on movie_info mi  (cost=0.00..309384.22 rows=14739122 width=4) (actual time=0.026..4229.080 rows=14835720 loops=1)
              ->  Hash  (cost=67604.59..67604.59 rows=7437 width=4) (actual time=991.947..991.947 rows=24917 loops=1)
                    Buckets: 32768 (originally 8192)  Batches: 1 (originally 1)  Memory Usage: 1132kB
                    ->  Seq Scan on title t  (cost=0.00..67604.59 rows=7437 width=4) (actual time=0.030..979.520 rows=24917 loops=1)
                          Filter: (production_year = 1992)
                          Rows Removed by Filter: 2503395
Planning time: 2.047 ms
Execution time: 25829.687 ms
