Hash Join  (cost=103930.57..858205.00 rows=348531 width=0) (actual time=1916.257..20176.842 rows=694378 loops=1)
  Hash Cond: (ci.movie_id = t.id)
  ->  Seq Scan on cast_info ci  (cost=0.00..614943.12 rows=36225612 width=4) (actual time=0.023..9350.931 rows=36244344 loops=1)
  ->  Hash  (cost=103626.48..103626.48 rows=24327 width=8) (actual time=1915.374..1915.374 rows=20622 loops=1)
        Buckets: 32768  Batches: 1  Memory Usage: 1062kB
        ->  Hash Join  (cost=74766.14..103626.48 rows=24327 width=8) (actual time=1208.677..1907.674 rows=20622 loops=1)
              Hash Cond: (mi_idx.movie_id = t.id)
              ->  Seq Scan on movie_info_idx mi_idx  (cost=0.00..25185.44 rows=915101 width=4) (actual time=0.011..470.069 rows=919850 loops=1)
                    Filter: (info_type_id < 101)
                    Rows Removed by Filter: 460185
              ->  Hash  (cost=73925.90..73925.90 rows=67219 width=4) (actual time=1208.021..1208.021 rows=75923 loops=1)
                    Buckets: 131072  Batches: 1  Memory Usage: 3694kB
                    ->  Seq Scan on title t  (cost=0.00..73925.90 rows=67219 width=4) (actual time=0.033..1177.815 rows=75923 loops=1)
                          Filter: ((kind_id > 2) AND (production_year = 2005))
                          Rows Removed by Filter: 2452389
Planning time: 1.179 ms
Execution time: 20276.473 ms
