Hash Join  (cost=170498.46..931959.48 rows=1067190 width=0) (actual time=3152.314..34509.870 rows=10235109 loops=1)
  Hash Cond: (ci.movie_id = t.id)
  ->  Seq Scan on cast_info ci  (cost=0.00..614943.12 rows=36225612 width=4) (actual time=0.017..10101.279 rows=36244344 loops=1)
  ->  Hash  (cost=169567.35..169567.35 rows=74489 width=8) (actual time=3151.463..3151.463 rows=205692 loops=1)
        Buckets: 131072 (originally 131072)  Batches: 4 (originally 1)  Memory Usage: 3073kB
        ->  Hash Join  (cost=81152.82..169567.35 rows=74489 width=8) (actual time=1392.383..3080.850 rows=205692 loops=1)
              Hash Cond: (mk.movie_id = t.id)
              ->  Seq Scan on movie_keyword mk  (cost=0.00..81003.12 rows=427604 width=4) (actual time=0.019..1318.329 rows=439454 loops=1)
                    Filter: (keyword_id < 341)
                    Rows Removed by Filter: 4084476
              ->  Hash  (cost=73925.90..73925.90 rows=440473 width=4) (actual time=1391.605..1391.605 rows=473918 loops=1)
                    Buckets: 131072  Batches: 8  Memory Usage: 3125kB
                    ->  Seq Scan on title t  (cost=0.00..73925.90 rows=440473 width=4) (actual time=0.015..1248.219 rows=473918 loops=1)
                          Filter: ((production_year < 2008) AND (kind_id = 1))
                          Rows Removed by Filter: 2054394
Planning time: 1.055 ms
Execution time: 35796.479 ms
