Hash Join  (cost=216150.24..1114683.34 rows=3392595 width=0) (actual time=4746.569..24878.413 rows=7908638 loops=1)
  Hash Cond: (ci.movie_id = t.id)
  ->  Seq Scan on cast_info ci  (cost=0.00..705507.15 rows=12203201 width=4) (actual time=263.446..12277.859 rows=12113646 loops=1)
        Filter: (role_id > 3)
        Rows Removed by Filter: 24130698
  ->  Hash  (cost=204617.35..204617.35 rows=702952 width=8) (actual time=4481.835..4481.835 rows=299534 loops=1)
        Buckets: 131072  Batches: 16  Memory Usage: 1768kB
        ->  Hash Join  (cost=74050.79..204617.35 rows=702952 width=8) (actual time=1152.135..4400.987 rows=299534 loops=1)
              Hash Cond: (mk.movie_id = t.id)
              ->  Seq Scan on movie_keyword mk  (cost=0.00..69693.30 rows=4523930 width=4) (actual time=0.019..1494.890 rows=4523930 loops=1)
              ->  Hash  (cost=67604.59..67604.59 rows=392896 width=4) (actual time=1150.794..1150.794 rows=391666 loops=1)
                    Buckets: 131072  Batches: 8  Memory Usage: 2759kB
                    ->  Seq Scan on title t  (cost=0.00..67604.59 rows=392896 width=4) (actual time=0.025..1015.492 rows=391666 loops=1)
                          Filter: (production_year > 2010)
                          Rows Removed by Filter: 2136646
Planning time: 1.237 ms
Execution time: 25850.069 ms
