Hash Join  (cost=83074.74..137742.81 rows=254 width=0) (actual time=1301.155..2347.391 rows=948 loops=1)
  Hash Cond: (mc.movie_id = t.id)
  ->  Seq Scan on movie_companies mc  (cost=0.00..44881.29 rows=2609129 width=4) (actual time=0.019..584.797 rows=2609129 loops=1)
  ->  Hash  (cost=83071.67..83071.67 rows=246 width=8) (actual time=1300.901..1300.901 rows=409 loops=1)
        Buckets: 1024  Batches: 1  Memory Usage: 24kB
        ->  Nested Loop  (cost=0.43..83071.67 rows=246 width=8) (actual time=443.255..1300.682 rows=409 loops=1)
              ->  Seq Scan on movie_keyword mk  (cost=0.00..81003.12 rows=246 width=4) (actual time=443.157..1261.759 rows=409 loops=1)
                    Filter: (keyword_id = 7176)
                    Rows Removed by Filter: 4523521
              ->  Index Only Scan using title_pkey on title t  (cost=0.43..8.40 rows=1 width=4) (actual time=0.094..0.094 rows=1 loops=409)
                    Index Cond: (id = mk.movie_id)
                    Heap Fetches: 409
Planning time: 1.160 ms
Execution time: 2347.635 ms
