Hash Join  (cost=119259.60..193016.33 rows=150051 width=0) (actual time=2632.667..4558.118 rows=512649 loops=1)
  Hash Cond: (mc.movie_id = t.id)
  ->  Seq Scan on movie_companies mc  (cost=0.00..51404.11 rows=1729093 width=4) (actual time=0.028..1047.937 rows=1734502 loops=1)
        Filter: (company_id > 2561)
        Rows Removed by Filter: 874627
  ->  Hash  (cost=115658.78..115658.78 rows=219426 width=8) (actual time=2631.333..2631.333 rows=236422 loops=1)
        Buckets: 131072  Batches: 4  Memory Usage: 3341kB
        ->  Hash Join  (cost=74201.04..115658.78 rows=219426 width=8) (actual time=1328.565..2558.436 rows=236422 loops=1)
              Hash Cond: (mi_idx.movie_id = t.id)
              ->  Seq Scan on movie_info_idx mi_idx  (cost=0.00..21735.35 rows=1380035 width=4) (actual time=0.021..501.710 rows=1380035 loops=1)
              ->  Hash  (cost=67604.59..67604.59 rows=402036 width=4) (actual time=1327.673..1327.673 rows=395872 loops=1)
                    Buckets: 131072  Batches: 8  Memory Usage: 2759kB
                    ->  Seq Scan on title t  (cost=0.00..67604.59 rows=402036 width=4) (actual time=0.017..1194.563 rows=395872 loops=1)
                          Filter: (production_year < 1972)
                          Rows Removed by Filter: 2132440
Planning time: 1.166 ms
Execution time: 4620.532 ms
