Seq Scan on movie_keyword mk  (cost=0.00..81003.12 rows=4065349 width=0) (actual time=0.026..1611.728 rows=4068923 loops=1)
  Filter: (keyword_id < 38938)
  Rows Removed by Filter: 455007
Planning time: 0.334 ms
Execution time: 2103.892 ms
