Hash Join  (cost=76379.89..196419.15 rows=571317 width=0) (actual time=1323.013..4272.443 rows=291466 loops=1)
  Hash Cond: (mk.movie_id = t.id)
  ->  Seq Scan on movie_keyword mk  (cost=0.00..81003.12 rows=2701057 width=4) (actual time=0.024..1675.621 rows=2692831 loops=1)
        Filter: (keyword_id > 3009)
        Rows Removed by Filter: 1831099
  ->  Hash  (cost=67604.59..67604.59 rows=534824 width=4) (actual time=1321.803..1321.803 rows=533369 loops=1)
        Buckets: 131072  Batches: 8  Memory Usage: 3376kB
        ->  Seq Scan on title t  (cost=0.00..67604.59 rows=534824 width=4) (actual time=0.029..1144.172 rows=533369 loops=1)
              Filter: (production_year > 2009)
              Rows Removed by Filter: 1994943
Planning time: 0.808 ms
Execution time: 4308.509 ms
