Hash Join  (cost=76600.09..153968.32 rows=168170 width=0) (actual time=1064.459..3446.957 rows=548436 loops=1)
  Hash Cond: (mc.movie_id = t.id)
  ->  Seq Scan on movie_companies mc  (cost=0.00..44881.29 rows=2609129 width=4) (actual time=0.015..996.735 rows=2609129 loops=1)
  ->  Hash  (cost=73925.90..73925.90 rows=162975 width=4) (actual time=1063.649..1063.649 rows=264037 loops=1)
        Buckets: 131072  Batches: 4  Memory Usage: 3348kB
        ->  Seq Scan on title t  (cost=0.00..73925.90 rows=162975 width=4) (actual time=0.018..978.260 rows=264037 loops=1)
              Filter: ((kind_id < 7) AND (production_year < 1973))
              Rows Removed by Filter: 2264275
Planning time: 0.764 ms
Execution time: 3518.016 ms
