Nested Loop  (cost=0.43..83071.67 rows=246 width=0) (actual time=74.874..1338.170 rows=12 loops=1)
  ->  Seq Scan on movie_keyword mk  (cost=0.00..81003.12 rows=246 width=4) (actual time=74.804..1337.537 rows=12 loops=1)
        Filter: (keyword_id = 16353)
        Rows Removed by Filter: 4523918
  ->  Index Only Scan using title_pkey on title t  (cost=0.43..8.40 rows=1 width=4) (actual time=0.045..0.046 rows=1 loops=12)
        Index Cond: (id = mk.movie_id)
        Heap Fetches: 12
Planning time: 0.751 ms
Execution time: 1338.250 ms
