Hash Join  (cost=709678.15..796345.14 rows=895 width=0) (actual time=12534.052..12753.526 rows=36 loops=1)
  Hash Cond: (mk.movie_id = t.id)
  ->  Seq Scan on movie_keyword mk  (cost=0.00..69693.30 rows=4523930 width=4) (actual time=0.027..1060.094 rows=4523930 loops=1)
  ->  Hash  (cost=709671.90..709671.90 rows=500 width=8) (actual time=10968.392..10968.392 rows=3 loops=1)
        Buckets: 1024  Batches: 1  Memory Usage: 9kB
        ->  Nested Loop  (cost=0.43..709671.90 rows=500 width=8) (actual time=10361.166..10968.380 rows=3 loops=1)
              ->  Seq Scan on cast_info ci  (cost=0.00..705507.15 rows=500 width=4) (actual time=10361.044..10968.213 rows=3 loops=1)
                    Filter: (person_id = 7883)
                    Rows Removed by Filter: 36244341
              ->  Index Only Scan using title_pkey on title t  (cost=0.43..8.32 rows=1 width=4) (actual time=0.041..0.042 rows=1 loops=3)
                    Index Cond: (id = ci.movie_id)
                    Heap Fetches: 3
Planning time: 1.243 ms
Execution time: 12753.617 ms
