Hash Join  (cost=102767.86..181247.94 rows=443640 width=0) (actual time=1899.186..3258.467 rows=127646 loops=1)
  Hash Cond: (mc.movie_id = t.id)
  ->  Seq Scan on movie_companies mc  (cost=0.00..57926.93 rows=443640 width=4) (actual time=10.444..895.402 rows=127646 loops=1)
        Filter: ((company_id > 20567) AND (company_type_id = 1))
        Rows Removed by Filter: 2481483
  ->  Hash  (cost=61283.27..61283.27 rows=2528527 width=4) (actual time=1887.789..1887.789 rows=2528312 loops=1)
        Buckets: 131072  Batches: 64  Memory Usage: 2415kB
        ->  Seq Scan on title t  (cost=0.00..61283.27 rows=2528527 width=4) (actual time=0.015..1024.001 rows=2528312 loops=1)
Planning time: 0.873 ms
Execution time: 3272.644 ms
