Nested Loop  (cost=0.43..71611.43 rows=1706 width=0) (actual time=419.821..1121.928 rows=2396 loops=1)
  ->  Seq Scan on movie_companies mc  (cost=0.00..57926.93 rows=1706 width=4) (actual time=419.707..988.840 rows=2396 loops=1)
        Filter: ((company_type_id < 2) AND (company_id = 419))
        Rows Removed by Filter: 2606733
  ->  Index Only Scan using title_pkey on title t  (cost=0.43..8.01 rows=1 width=4) (actual time=0.054..0.055 rows=1 loops=2396)
        Index Cond: (id = mc.movie_id)
        Heap Fetches: 2396
Planning time: 0.723 ms
Execution time: 1122.745 ms
