Hash Join  (cost=89508.97..1046911.31 rows=6085531 width=0) (actual time=2076.309..26689.860 rows=6473314 loops=1)
  Hash Cond: (ci.movie_id = t.id)
  ->  Seq Scan on cast_info ci  (cost=0.00..705507.15 rows=16201301 width=4) (actual time=495.701..15148.174 rows=16121683 loops=1)
        Filter: (role_id > 2)
        Rows Removed by Filter: 20122661
  ->  Hash  (cost=73925.90..73925.90 rows=949765 width=4) (actual time=1579.677..1579.677 rows=948674 loops=1)
        Buckets: 131072  Batches: 16  Memory Usage: 3108kB
        ->  Seq Scan on title t  (cost=0.00..73925.90 rows=949765 width=4) (actual time=0.022..1279.468 rows=948674 loops=1)
              Filter: ((kind_id < 7) AND (production_year > 1910))
              Rows Removed by Filter: 1579638
Planning time: 0.620 ms
Execution time: 27444.731 ms
