Seq Scan on movie_keyword mk  (cost=0.00..81003.12 rows=3736493 width=0) (actual time=0.017..1609.262 rows=3730755 loops=1)
  Filter: (keyword_id < 23542)
  Rows Removed by Filter: 793175
Planning time: 0.344 ms
Execution time: 2063.891 ms
