Hash Join  (cost=75411.94..1122543.86 rows=1297475 width=0) (actual time=1545.380..28307.490 rows=1287342 loops=1)
  Hash Cond: (ci.movie_id = t.id)
  ->  Seq Scan on cast_info ci  (cost=0.00..614943.12 rows=36225612 width=4) (actual time=0.026..12820.329 rows=36244344 loops=1)
  ->  Hash  (cost=73925.90..73925.90 rows=90563 width=4) (actual time=1544.392..1544.392 rows=80990 loops=1)
        Buckets: 131072  Batches: 2  Memory Usage: 2450kB
        ->  Seq Scan on title t  (cost=0.00..73925.90 rows=90563 width=4) (actual time=0.029..1167.063 rows=80990 loops=1)
              Filter: ((kind_id < 7) AND (production_year > 2011))
              Rows Removed by Filter: 2447322
Planning time: 0.846 ms
Execution time: 28483.168 ms
