Hash Join  (cost=73962.22..825167.57 rows=41619 width=0) (actual time=1182.328..18072.005 rows=44233 loops=1)
  Hash Cond: (ci.movie_id = t.id)
  ->  Seq Scan on cast_info ci  (cost=0.00..614943.12 rows=36225612 width=4) (actual time=0.023..9371.979 rows=36244344 loops=1)
  ->  Hash  (cost=73925.90..73925.90 rows=2905 width=4) (actual time=1180.942..1180.942 rows=1956 loops=1)
        Buckets: 4096  Batches: 1  Memory Usage: 101kB
        ->  Seq Scan on title t  (cost=0.00..73925.90 rows=2905 width=4) (actual time=277.200..1179.917 rows=1956 loops=1)
              Filter: ((kind_id < 7) AND (production_year = 1943))
              Rows Removed by Filter: 2526356
Planning time: 0.784 ms
Execution time: 18081.307 ms
