Hash Join  (cost=140650.34..260464.26 rows=499856 width=0) (actual time=2963.783..5907.641 rows=885900 loops=1)
  Hash Cond: (mk.movie_id = t.id)
  ->  Seq Scan on movie_keyword mk  (cost=0.00..81003.12 rows=2769928 width=4) (actual time=0.013..1582.173 rows=2762187 loops=1)
        Filter: (keyword_id > 2862)
        Rows Removed by Filter: 1761743
  ->  Hash  (cost=133163.68..133163.68 rows=456293 width=8) (actual time=2962.904..2962.904 rows=369825 loops=1)
        Buckets: 131072  Batches: 8  Memory Usage: 2848kB
        ->  Hash Join  (cost=87642.27..133163.68 rows=456293 width=8) (actual time=1643.700..2847.537 rows=369825 loops=1)
              Hash Cond: (mi_idx.movie_id = t.id)
              ->  Seq Scan on movie_info_idx mi_idx  (cost=0.00..21735.35 rows=1380035 width=4) (actual time=0.014..385.604 rows=1380035 loops=1)
              ->  Hash  (cost=73925.90..73925.90 rows=836029 width=4) (actual time=1642.436..1642.436 rows=742319 loops=1)
                    Buckets: 131072  Batches: 16  Memory Usage: 2657kB
                    ->  Seq Scan on title t  (cost=0.00..73925.90 rows=836029 width=4) (actual time=0.020..1404.984 rows=742319 loops=1)
                          Filter: ((kind_id > 1) AND (production_year < 2002))
                          Rows Removed by Filter: 1785993
Planning time: 1.292 ms
Execution time: 6013.413 ms
