Hash Join  (cost=74823.14..522590.87 rows=1305625 width=0) (actual time=2044.273..11483.384 rows=1447754 loops=1)
  Hash Cond: (mi.movie_id = t.id)
  ->  Seq Scan on movie_info mi  (cost=0.00..346232.03 rows=7503588 width=4) (actual time=695.308..6170.469 rows=7548855 loops=1)
        Filter: (info_type_id > 7)
        Rows Removed by Filter: 7286865
  ->  Hash  (cost=67604.59..67604.59 rows=439964 width=4) (actual time=1348.114..1348.114 rows=437515 loops=1)
        Buckets: 131072  Batches: 8  Memory Usage: 2950kB
        ->  Seq Scan on title t  (cost=0.00..67604.59 rows=439964 width=4) (actual time=0.023..1202.361 rows=437515 loops=1)
              Filter: (production_year < 1975)
              Rows Removed by Filter: 2090797
Planning time: 0.800 ms
Execution time: 11651.515 ms
