Hash Join  (cost=96144.17..151110.17 rows=12987 width=0) (actual time=1710.594..2778.951 rows=13437 loops=1)
  Hash Cond: (mc.movie_id = t.id)
  ->  Seq Scan on movie_companies mc  (cost=0.00..51404.11 rows=915206 width=4) (actual time=0.010..885.274 rows=914896 loops=1)
        Filter: (company_id < 3111)
        Rows Removed by Filter: 1694233
  ->  Hash  (cost=95695.65..95695.65 rows=35881 width=8) (actual time=1709.926..1709.926 rows=14808 loops=1)
        Buckets: 65536  Batches: 1  Memory Usage: 1091kB
        ->  Hash Join  (cost=68426.36..95695.65 rows=35881 width=8) (actual time=1107.987..1704.039 rows=14808 loops=1)
              Hash Cond: (mi_idx.movie_id = t.id)
              ->  Seq Scan on movie_info_idx mi_idx  (cost=0.00..21735.35 rows=1380035 width=4) (actual time=0.022..277.059 rows=1380035 loops=1)
              ->  Hash  (cost=67604.59..67604.59 rows=65742 width=4) (actual time=1106.794..1106.794 rows=63827 loops=1)
                    Buckets: 131072  Batches: 1  Memory Usage: 3268kB
                    ->  Seq Scan on title t  (cost=0.00..67604.59 rows=65742 width=4) (actual time=0.063..1079.758 rows=63827 loops=1)
                          Filter: (production_year = 2013)
                          Rows Removed by Filter: 2464485
Planning time: 1.322 ms
Execution time: 2781.168 ms
