Seq Scan on cast_info ci  (cost=0.00..705507.15 rows=500 width=0) (actual time=5565.003..11298.462 rows=43 loops=1)
  Filter: (person_id = 1907455)
  Rows Removed by Filter: 36244301
Planning time: 0.417 ms
Execution time: 11298.564 ms
