Hash Join  (cost=456125.87..587048.44 rows=732153 width=0) (actual time=7055.570..12243.892 rows=7011299 loops=1)
  Hash Cond: (mk.movie_id = t.id)
  ->  Seq Scan on movie_keyword mk  (cost=0.00..69693.30 rows=4523930 width=4) (actual time=0.020..1439.706 rows=4523930 loops=1)
  ->  Hash  (cost=449411.66..449411.66 rows=409217 width=8) (actual time=7054.089..7054.089 rows=1109857 loops=1)
        Buckets: 131072 (originally 131072)  Batches: 16 (originally 8)  Memory Usage: 3747kB
        ->  Hash Join  (cost=78556.72..449411.66 rows=409217 width=8) (actual time=2182.197..6727.624 rows=1109857 loops=1)
              Hash Cond: (mi.movie_id = t.id)
              ->  Seq Scan on movie_info mi  (cost=0.00..346232.03 rows=1550064 width=4) (actual time=827.872..4256.047 rows=1533909 loops=1)
                    Filter: (info_type_id = 3)
                    Rows Removed by Filter: 13301811
              ->  Hash  (cost=67604.59..67604.59 rows=667531 width=4) (actual time=1237.971..1237.971 rows=662825 loops=1)
                    Buckets: 131072  Batches: 16  Memory Usage: 2485kB
                    ->  Seq Scan on title t  (cost=0.00..67604.59 rows=667531 width=4) (actual time=116.835..921.461 rows=662825 loops=1)
                          Filter: (kind_id = 1)
                          Rows Removed by Filter: 1865487
Planning time: 6.578 ms
Execution time: 13066.815 ms
