Nested Loop  (cost=0.43..83071.67 rows=246 width=0) (actual time=2.412..1430.680 rows=2840 loops=1)
  ->  Seq Scan on movie_keyword mk  (cost=0.00..81003.12 rows=246 width=4) (actual time=2.369..1319.316 rows=2840 loops=1)
        Filter: (keyword_id = 569)
        Rows Removed by Filter: 4521090
  ->  Index Only Scan using title_pkey on title t  (cost=0.43..8.40 rows=1 width=4) (actual time=0.038..0.038 rows=1 loops=2840)
        Index Cond: (id = mk.movie_id)
        Heap Fetches: 2840
Planning time: 0.788 ms
Execution time: 1431.632 ms
