Nested Loop  (cost=0.43..797958.78 rows=3 width=0) (actual time=3176.903..13517.370 rows=9 loops=1)
  ->  Seq Scan on cast_info ci  (cost=0.00..796071.18 rows=224 width=4) (actual time=3176.721..13516.620 rows=40 loops=1)
        Filter: ((role_id > 2) AND (person_id = 446951))
        Rows Removed by Filter: 36244304
  ->  Index Scan using title_pkey on title t  (cost=0.43..8.42 rows=1 width=4) (actual time=0.016..0.017 rows=0 loops=40)
        Index Cond: (id = ci.movie_id)
        Filter: ((kind_id < 3) AND (production_year = 2007))
        Rows Removed by Filter: 1
Planning time: 0.855 ms
Execution time: 13517.529 ms
