Nested Loop  (cost=0.43..796925.39 rows=101 width=0) (actual time=9660.327..10841.181 rows=12 loops=1)
  ->  Seq Scan on cast_info ci  (cost=0.00..796071.18 rows=101 width=4) (actual time=9660.238..10840.929 rows=12 loops=1)
        Filter: ((person_id = 2395101) AND (role_id = 2))
        Rows Removed by Filter: 36244332
  ->  Index Only Scan using title_pkey on title t  (cost=0.43..8.45 rows=1 width=4) (actual time=0.018..0.018 rows=1 loops=12)
        Index Cond: (id = ci.movie_id)
        Heap Fetches: 12
Planning time: 8.441 ms
Execution time: 10841.259 ms
