Hash Join  (cost=85282.22..129456.55 rows=377785 width=0) (actual time=1646.265..2597.500 rows=210393 loops=1)
  Hash Cond: (mi_idx.movie_id = t.id)
  ->  Seq Scan on movie_info_idx mi_idx  (cost=0.00..21735.35 rows=1380035 width=4) (actual time=0.020..399.176 rows=1380035 loops=1)
  ->  Hash  (cost=73925.90..73925.90 rows=692185 width=4) (actual time=1439.152..1439.152 rows=596495 loops=1)
        Buckets: 131072  Batches: 16  Memory Usage: 2332kB
        ->  Seq Scan on title t  (cost=0.00..73925.90 rows=692185 width=4) (actual time=324.962..1242.259 rows=596495 loops=1)
              Filter: ((production_year < 2002) AND (kind_id = 7))
              Rows Removed by Filter: 1931817
Planning time: 0.823 ms
Execution time: 2623.559 ms
