Seq Scan on cast_info ci  (cost=0.00..705507.15 rows=500 width=0) (actual time=1882.882..9564.500 rows=205 loops=1)
  Filter: (person_id = 1921253)
  Rows Removed by Filter: 36244139
Planning time: 1.031 ms
Execution time: 9564.594 ms
