Hash Join  (cost=809889.77..3482476.76 rows=124264571 width=0) (actual time=19073.592..104095.566 rows=191080519 loops=1)
  Hash Cond: (ci.movie_id = t.id)
  ->  Seq Scan on cast_info ci  (cost=0.00..614943.12 rows=36225612 width=4) (actual time=0.026..14055.473 rows=36244344 loops=1)
  ->  Hash  (cost=667587.82..667587.82 rows=8673596 width=8) (actual time=19070.482..19070.482 rows=8786582 loops=1)
        Buckets: 131072  Batches: 128  Memory Usage: 3697kB
        ->  Hash Join  (cost=102767.86..667587.82 rows=8673596 width=8) (actual time=1813.896..16351.197 rows=8786582 loops=1)
              Hash Cond: (mi.movie_id = t.id)
              ->  Seq Scan on movie_info mi  (cost=0.00..346232.03 rows=8673596 width=4) (actual time=0.029..6694.199 rows=8786582 loops=1)
                    Filter: (info_type_id < 13)
                    Rows Removed by Filter: 6049138
              ->  Hash  (cost=61283.27..61283.27 rows=2528527 width=4) (actual time=1812.640..1812.640 rows=2528312 loops=1)
                    Buckets: 131072  Batches: 64  Memory Usage: 2425kB
                    ->  Seq Scan on title t  (cost=0.00..61283.27 rows=2528527 width=4) (actual time=0.014..918.195 rows=2528312 loops=1)
Planning time: 1.084 ms
Execution time: 124046.227 ms
