Seq Scan on title t  (cost=0.00..67604.59 rows=455135 width=0) (actual time=0.015..1147.384 rows=451569 loops=1)
  Filter: (production_year < 1976)
  Rows Removed by Filter: 2076743
Planning time: 0.372 ms
Execution time: 1205.701 ms
