Hash Join  (cost=83074.74..451427.09 rows=574 width=0) (actual time=1184.667..7485.546 rows=1811 loops=1)
  Hash Cond: (mi.movie_id = t.id)
  ->  Seq Scan on movie_info mi  (cost=0.00..346232.03 rows=5897221 width=4) (actual time=0.019..5512.117 rows=5884963 loops=1)
        Filter: (info_type_id < 7)
        Rows Removed by Filter: 8950757
  ->  Hash  (cost=83071.67..83071.67 rows=246 width=8) (actual time=1166.978..1166.978 rows=202 loops=1)
        Buckets: 1024  Batches: 1  Memory Usage: 16kB
        ->  Nested Loop  (cost=0.43..83071.67 rows=246 width=8) (actual time=1.610..1166.746 rows=202 loops=1)
              ->  Seq Scan on movie_keyword mk  (cost=0.00..81003.12 rows=246 width=4) (actual time=1.564..1152.134 rows=202 loops=1)
                    Filter: (keyword_id = 21710)
                    Rows Removed by Filter: 4523728
              ->  Index Only Scan using title_pkey on title t  (cost=0.43..8.40 rows=1 width=4) (actual time=0.068..0.069 rows=1 loops=202)
                    Index Cond: (id = mk.movie_id)
                    Heap Fetches: 202
Planning time: 0.756 ms
Execution time: 7486.187 ms
