Seq Scan on movie_companies mc  (cost=0.00..51404.11 rows=2378060 width=0) (actual time=0.022..1000.103 rows=2380676 loops=1)
  Filter: (company_id > 89)
  Rows Removed by Filter: 228453
Planning time: 0.374 ms
Execution time: 1295.831 ms
