Seq Scan on cast_info ci  (cost=0.00..705507.15 rows=28236422 width=0) (actual time=0.019..13791.720 rows=28373830 loops=1)
  Filter: (person_id > 767106)
  Rows Removed by Filter: 7870514
Planning time: 0.360 ms
Execution time: 17261.495 ms
