Hash Join  (cost=74131.99..128967.65 rows=17013 width=0) (actual time=1559.247..2334.106 rows=6985 loops=1)
  Hash Cond: (mc.movie_id = t.id)
  ->  Seq Scan on movie_companies mc  (cost=0.00..44881.29 rows=2609129 width=4) (actual time=0.021..574.536 rows=2609129 loops=1)
  ->  Hash  (cost=73925.90..73925.90 rows=16487 width=4) (actual time=1185.898..1185.898 rows=16247 loops=1)
        Buckets: 32768  Batches: 1  Memory Usage: 828kB
        ->  Seq Scan on title t  (cost=0.00..73925.90 rows=16487 width=4) (actual time=275.259..1178.639 rows=16247 loops=1)
              Filter: ((kind_id = 7) AND (production_year = 1993))
              Rows Removed by Filter: 2512065
Planning time: 0.749 ms
Execution time: 2335.101 ms
