Hash Join  (cost=67697.55..861921.35 rows=69042 width=0) (actual time=925.774..18778.150 rows=19149 loops=1)
  Hash Cond: (ci.movie_id = t.id)
  ->  Seq Scan on cast_info ci  (cost=0.00..705507.15 rows=23473661 width=4) (actual time=0.023..13508.528 rows=23370744 loops=1)
        Filter: (person_id < 2391817)
        Rows Removed by Filter: 12873600
  ->  Hash  (cost=67604.59..67604.59 rows=7437 width=4) (actual time=924.155..924.155 rows=2847 loops=1)
        Buckets: 8192  Batches: 1  Memory Usage: 165kB
        ->  Seq Scan on title t  (cost=0.00..67604.59 rows=7437 width=4) (actual time=544.145..922.836 rows=2847 loops=1)
              Filter: (production_year = 1926)
              Rows Removed by Filter: 2525465
Planning time: 0.773 ms
Execution time: 18782.816 ms
