Seq Scan on cast_info ci  (cost=0.00..705507.15 rows=500 width=0) (actual time=687.225..10840.104 rows=1 loops=1)
  Filter: (person_id = 2891721)
  Rows Removed by Filter: 36244343
Planning time: 0.433 ms
Execution time: 10840.183 ms
