Hash Join  (cost=847768.32..1472769.06 rows=2955069 width=0) (actual time=24199.905..36911.471 rows=3299370 loops=1)
  Hash Cond: (mi.movie_id = t.id)
  ->  Seq Scan on movie_info mi  (cost=0.00..346232.03 rows=8841901 width=4) (actual time=0.019..6986.633 rows=8950757 loops=1)
        Filter: (info_type_id > 6)
        Rows Removed by Filter: 5884963
  ->  Hash  (cost=833903.02..833903.02 rows=845064 width=8) (actual time=24198.610..24198.610 rows=850568 loops=1)
        Buckets: 131072  Batches: 16  Memory Usage: 3135kB
        ->  Hash Join  (cost=74663.22..833903.02 rows=845064 width=8) (actual time=1200.137..23550.093 rows=850568 loops=1)
              Hash Cond: (ci.movie_id = t.id)
              ->  Seq Scan on cast_info ci  (cost=0.00..614943.12 rows=36225612 width=4) (actual time=0.014..9614.977 rows=36244344 loops=1)
              ->  Hash  (cost=73925.90..73925.90 rows=58985 width=4) (actual time=1199.781..1199.781 rows=63200 loops=1)
                    Buckets: 65536  Batches: 1  Memory Usage: 2734kB
                    ->  Seq Scan on title t  (cost=0.00..73925.90 rows=58985 width=4) (actual time=0.016..1174.972 rows=63200 loops=1)
                          Filter: ((kind_id > 4) AND (production_year = 2005))
                          Rows Removed by Filter: 2465112
Planning time: 1.226 ms
Execution time: 37319.234 ms
