Nested Loop  (cost=0.43..100940.41 rows=1445 width=0) (actual time=229.186..1177.068 rows=12948 loops=1)
  ->  Seq Scan on movie_companies mc  (cost=0.00..57926.93 rows=6014 width=4) (actual time=229.124..892.718 rows=12948 loops=1)
        Filter: ((company_type_id < 2) AND (company_id = 11137))
        Rows Removed by Filter: 2596181
  ->  Index Scan using title_pkey on title t  (cost=0.43..7.14 rows=1 width=4) (actual time=0.021..0.021 rows=1 loops=12948)
        Index Cond: (id = mc.movie_id)
        Filter: ((kind_id < 7) AND (production_year < 2007))
Planning time: 0.760 ms
Execution time: 1180.201 ms
