Hash Join  (cost=74500.48..904267.08 rows=155794 width=0) (actual time=2106.214..19117.793 rows=459895 loops=1)
  Hash Cond: (ci.movie_id = t.id)
  ->  Seq Scan on cast_info ci  (cost=0.00..796071.18 rows=8569995 width=4) (actual time=999.139..14530.434 rows=12670688 loops=1)
        Filter: ((person_id < 2499364) AND (role_id = 1))
        Rows Removed by Filter: 23573656
  ->  Hash  (cost=73925.90..73925.90 rows=45966 width=4) (actual time=1106.521..1106.521 rows=59574 loops=1)
        Buckets: 65536  Batches: 1  Memory Usage: 2607kB
        ->  Seq Scan on title t  (cost=0.00..73925.90 rows=45966 width=4) (actual time=156.835..1085.607 rows=59574 loops=1)
              Filter: ((production_year < 2002) AND (kind_id = 3))
              Rows Removed by Filter: 2468738
Planning time: 0.860 ms
Execution time: 19176.387 ms
