Hash Join  (cost=204121.93..715847.81 rows=1264805 width=0) (actual time=4601.552..15191.973 rows=452274 loops=1)
  Hash Cond: (mi.movie_id = t.id)
  ->  Seq Scan on movie_info mi  (cost=0.00..309384.22 rows=14739122 width=4) (actual time=0.020..5265.651 rows=14835720 loops=1)
  ->  Hash  (cost=200561.68..200561.68 rows=216980 width=8) (actual time=4577.840..4577.840 rows=50573 loops=1)
        Buckets: 131072  Batches: 4  Memory Usage: 1511kB
        ->  Hash Join  (cost=75915.84..200561.68 rows=216980 width=8) (actual time=1347.866..4562.592 rows=50573 loops=1)
              Hash Cond: (mk.movie_id = t.id)
              ->  Seq Scan on movie_keyword mk  (cost=0.00..69693.30 rows=4523930 width=4) (actual time=0.013..1401.415 rows=4523930 loops=1)
              ->  Hash  (cost=73925.90..73925.90 rows=121275 width=4) (actual time=1342.732..1342.732 rows=124747 loops=1)
                    Buckets: 131072  Batches: 2  Memory Usage: 3225kB
                    ->  Seq Scan on title t  (cost=0.00..73925.90 rows=121275 width=4) (actual time=0.017..1292.636 rows=124747 loops=1)
                          Filter: ((kind_id > 1) AND (production_year = 2012))
                          Rows Removed by Filter: 2403565
Planning time: 1.991 ms
Execution time: 15246.012 ms
