Hash Join  (cost=83073.82..447736.92 rows=717 width=0) (actual time=1278.218..8338.894 rows=12245 loops=1)
  Hash Cond: (mi.movie_id = t.id)
  ->  Seq Scan on movie_info mi  (cost=0.00..309384.22 rows=14739122 width=4) (actual time=0.012..4344.613 rows=14835720 loops=1)
  ->  Hash  (cost=83072.29..83072.29 rows=123 width=8) (actual time=1268.107..1268.107 rows=252 loops=1)
        Buckets: 1024  Batches: 1  Memory Usage: 18kB
        ->  Nested Loop  (cost=0.43..83072.29 rows=123 width=8) (actual time=8.492..1267.848 rows=252 loops=1)
              ->  Seq Scan on movie_keyword mk  (cost=0.00..81003.12 rows=246 width=4) (actual time=1.873..1242.612 rows=367 loops=1)
                    Filter: (keyword_id = 4745)
                    Rows Removed by Filter: 4523563
              ->  Index Scan using title_pkey on title t  (cost=0.43..8.40 rows=1 width=4) (actual time=0.066..0.067 rows=1 loops=367)
                    Index Cond: (id = mk.movie_id)
                    Filter: (production_year < 2004)
                    Rows Removed by Filter: 0
Planning time: 1.188 ms
Execution time: 8341.436 ms
