Seq Scan on title t  (cost=0.00..73925.90 rows=77834 width=0) (actual time=0.019..1060.503 rows=88893 loops=1)
  Filter: ((production_year < 2010) AND (kind_id = 3))
  Rows Removed by Filter: 2439419
Planning time: 0.413 ms
Execution time: 1071.396 ms
