Hash Join  (cost=77854.63..203073.82 rows=327594 width=0) (actual time=7154.037..11949.140 rows=69560 loops=1)
  Hash Cond: (mk.movie_id = t.id)
  ->  Seq Scan on movie_keyword mk  (cost=0.00..81003.12 rows=3459766 width=4) (actual time=0.014..4881.895 rows=3454532 loops=1)
        Filter: (keyword_id > 1073)
        Rows Removed by Filter: 1069398
  ->  Hash  (cost=73925.90..73925.90 rows=239418 width=4) (actual time=4783.004..4783.004 rows=256906 loops=1)
        Buckets: 131072  Batches: 4  Memory Usage: 3302kB
        ->  Seq Scan on title t  (cost=0.00..73925.90 rows=239418 width=4) (actual time=0.015..3997.116 rows=256906 loops=1)
              Filter: ((production_year > 2010) AND (kind_id = 7))
              Rows Removed by Filter: 2271406
Planning time: 0.690 ms
Execution time: 11958.445 ms
