Hash Join  (cost=77602.93..109403.56 rows=40853 width=0) (actual time=4642.810..6609.814 rows=106232 loops=1)
  Hash Cond: (mi_idx.movie_id = t.id)
  ->  Seq Scan on movie_info_idx mi_idx  (cost=0.00..25185.44 rows=460978 width=4) (actual time=0.015..1545.257 rows=459925 loops=1)
        Filter: (info_type_id < 100)
        Rows Removed by Filter: 920110
  ->  Hash  (cost=73925.90..73925.90 rows=224082 width=4) (actual time=4641.963..4641.963 rows=347213 loops=1)
        Buckets: 131072  Batches: 4  Memory Usage: 4080kB
        ->  Seq Scan on title t  (cost=0.00..73925.90 rows=224082 width=4) (actual time=0.022..4471.478 rows=347213 loops=1)
              Filter: ((production_year < 1996) AND (kind_id = 1))
              Rows Removed by Filter: 2181099
Planning time: 2.101 ms
Execution time: 6635.825 ms
