Hash Join  (cost=70135.59..109272.89 rows=84182 width=0) (actual time=1576.271..2520.822 rows=76717 loops=1)
  Hash Cond: (mi_idx.movie_id = t.id)
  ->  Seq Scan on movie_info_idx mi_idx  (cost=0.00..21735.35 rows=1380035 width=4) (actual time=0.019..462.313 rows=1380035 loops=1)
  ->  Hash  (cost=67604.59..67604.59 rows=154240 width=4) (actual time=1574.408..1574.408 rows=157497 loops=1)
        Buckets: 131072  Batches: 4  Memory Usage: 2405kB
        ->  Seq Scan on title t  (cost=0.00..67604.59 rows=154240 width=4) (actual time=0.012..1516.784 rows=157497 loops=1)
              Filter: (production_year < 1948)
              Rows Removed by Filter: 2370815
Planning time: 0.703 ms
Execution time: 2528.222 ms
