Nested Loop  (cost=0.43..110562.79 rows=1401 width=0) (actual time=1.552..1259.636 rows=935 loops=1)
  ->  Seq Scan on movie_keyword mk  (cost=0.00..81003.12 rows=3921 width=4) (actual time=1.324..1167.721 rows=3129 loops=1)
        Filter: (keyword_id = 1767)
        Rows Removed by Filter: 4520801
  ->  Index Scan using title_pkey on title t  (cost=0.43..7.53 rows=1 width=4) (actual time=0.028..0.029 rows=0 loops=3129)
        Index Cond: (id = mk.movie_id)
        Filter: (production_year > 2006)
        Rows Removed by Filter: 1
Planning time: 0.760 ms
Execution time: 1260.110 ms
