Seq Scan on title t  (cost=0.00..73925.90 rows=795364 width=0) (actual time=0.014..3455.774 rows=698235 loops=1)
  Filter: ((kind_id > 2) AND (production_year < 2002))
  Rows Removed by Filter: 1830077
Planning time: 0.361 ms
Execution time: 3561.165 ms
