Hash Join  (cost=52284.99..851470.91 rows=34 width=0) (actual time=4486.914..38698.753 rows=3671 loops=1)
  Hash Cond: (ci.movie_id = t.id)
  ->  Seq Scan on cast_info ci  (cost=0.00..796071.18 rows=830505 width=4) (actual time=1977.187..35707.654 rows=2811745 loops=1)
        Filter: ((person_id > 2962084) AND (role_id = 10))
        Rows Removed by Filter: 33432599
  ->  Hash  (cost=52283.69..52283.69 rows=104 width=8) (actual time=2508.217..2508.217 rows=73 loops=1)
        Buckets: 1024  Batches: 1  Memory Usage: 11kB
        ->  Nested Loop  (cost=0.43..52283.69 rows=104 width=8) (actual time=952.708..2508.148 rows=73 loops=1)
              ->  Seq Scan on movie_companies mc  (cost=0.00..51404.11 rows=104 width=4) (actual time=952.462..2485.842 rows=73 loops=1)
                    Filter: (company_id = 6161)
                    Rows Removed by Filter: 2609056
              ->  Index Only Scan using title_pkey on title t  (cost=0.43..8.45 rows=1 width=4) (actual time=0.304..0.304 rows=1 loops=73)
                    Index Cond: (id = mc.movie_id)
                    Heap Fetches: 73
Planning time: 2.242 ms
Execution time: 38699.382 ms
