Seq Scan on movie_keyword mk  (cost=0.00..81003.12 rows=765933 width=0) (actual time=0.017..4394.067 rows=765423 loops=1)
  Filter: (keyword_id < 722)
  Rows Removed by Filter: 3758507
Planning time: 0.345 ms
Execution time: 4527.076 ms
