Hash Join  (cost=75458.68..114026.04 rows=50988 width=0) (actual time=4233.676..6275.205 rows=33996 loops=1)
  Hash Cond: (mi_idx.movie_id = t.id)
  ->  Seq Scan on movie_info_idx mi_idx  (cost=0.00..21735.35 rows=1380035 width=4) (actual time=0.014..1411.888 rows=1380035 loops=1)
  ->  Hash  (cost=73925.90..73925.90 rows=93422 width=4) (actual time=4154.590..4154.590 rows=100754 loops=1)
        Buckets: 131072  Batches: 2  Memory Usage: 2802kB
        ->  Seq Scan on title t  (cost=0.00..73925.90 rows=93422 width=4) (actual time=0.023..4079.517 rows=100754 loops=1)
              Filter: ((kind_id > 1) AND (production_year = 2008))
              Rows Removed by Filter: 2427558
Planning time: 0.677 ms
Execution time: 6280.408 ms
