Nested Loop  (cost=0.43..709673.15 rows=179 width=0) (actual time=18491.302..29397.391 rows=1 loops=1)
  ->  Seq Scan on cast_info ci  (cost=0.00..705507.15 rows=500 width=4) (actual time=18484.191..29387.623 rows=87 loops=1)
        Filter: (person_id = 614317)
        Rows Removed by Filter: 36244257
  ->  Index Scan using title_pkey on title t  (cost=0.43..8.32 rows=1 width=4) (actual time=0.110..0.110 rows=0 loops=87)
        Index Cond: (id = ci.movie_id)
        Filter: (production_year > 2006)
        Rows Removed by Filter: 1
Planning time: 2.322 ms
Execution time: 29397.495 ms
