Seq Scan on movie_keyword mk  (cost=0.00..81003.12 rows=3599824 width=0) (actual time=0.014..4710.947 rows=3589820 loops=1)
  Filter: (keyword_id > 872)
  Rows Removed by Filter: 934110
Planning time: 7.393 ms
Execution time: 5318.613 ms
