Seq Scan on cast_info ci  (cost=0.00..705507.15 rows=500 width=0) (actual time=14122.862..29899.620 rows=17 loops=1)
  Filter: (person_id = 989091)
  Rows Removed by Filter: 36244327
Planning time: 0.354 ms
Execution time: 29899.740 ms
