Hash Join  (cost=67697.55..159065.24 rows=8066 width=0) (actual time=2925.021..7961.140 rows=20739 loops=1)
  Hash Cond: (mk.movie_id = t.id)
  ->  Seq Scan on movie_keyword mk  (cost=0.00..81003.12 rows=2742376 width=4) (actual time=0.028..4313.658 rows=2734818 loops=1)
        Filter: (keyword_id < 7771)
        Rows Removed by Filter: 1789112
  ->  Hash  (cost=67604.59..67604.59 rows=7437 width=4) (actual time=2924.655..2924.655 rows=14442 loops=1)
        Buckets: 16384 (originally 8192)  Batches: 1 (originally 1)  Memory Usage: 636kB
        ->  Seq Scan on title t  (cost=0.00..67604.59 rows=7437 width=4) (actual time=0.041..2909.229 rows=14442 loops=1)
              Filter: (production_year = 1971)
              Rows Removed by Filter: 2513870
Planning time: 0.675 ms
Execution time: 7964.419 ms
