Hash Join  (cost=1137522.59..2061103.22 rows=32956919 width=0) (actual time=29482.120..82965.497 rows=143755982 loops=1)
  Hash Cond: (mi.movie_id = t.id)
  ->  Seq Scan on movie_info mi  (cost=0.00..309384.22 rows=14739122 width=4) (actual time=0.028..5684.972 rows=14835720 loops=1)
  ->  Hash  (cost=1044763.74..1044763.74 rows=5653828 width=8) (actual time=29475.102..29475.102 rows=10477320 loops=1)
        Buckets: 131072 (originally 131072)  Batches: 256 (originally 128)  Memory Usage: 3073kB
        ->  Hash Join  (cost=102767.86..1044763.74 rows=5653828 width=8) (actual time=1986.205..26405.190 rows=10477320 loops=1)
              Hash Cond: (ci.movie_id = t.id)
              ->  Seq Scan on cast_info ci  (cost=0.00..796071.18 rows=5653828 width=4) (actual time=0.023..14721.966 rows=10477320 loops=1)
                    Filter: ((person_id > 2404572) AND (role_id > 2))
                    Rows Removed by Filter: 25767024
              ->  Hash  (cost=61283.27..61283.27 rows=2528527 width=4) (actual time=1984.564..1984.564 rows=2528312 loops=1)
                    Buckets: 131072  Batches: 64  Memory Usage: 2415kB
                    ->  Seq Scan on title t  (cost=0.00..61283.27 rows=2528527 width=4) (actual time=0.015..1144.006 rows=2528312 loops=1)
Planning time: 1.183 ms
Execution time: 98917.072 ms
