Hash Join  (cost=375331.87..2205712.03 rows=64319395 width=0) (actual time=18586.778..153886.846 rows=213757381 loops=1)
  Hash Cond: (ci.movie_id = t.id)
  ->  Seq Scan on cast_info ci  (cost=0.00..614943.12 rows=36225612 width=4) (actual time=0.024..46432.036 rows=36244344 loops=1)
  ->  Hash  (cost=301676.66..301676.66 rows=4489457 width=8) (actual time=18585.052..18585.052 rows=4492210 loops=1)
        Buckets: 131072  Batches: 64  Memory Usage: 3795kB
        ->  Hash Join  (cost=102767.86..301676.66 rows=4489457 width=8) (actual time=5572.806..16687.108 rows=4492210 loops=1)
              Hash Cond: (mk.movie_id = t.id)
              ->  Seq Scan on movie_keyword mk  (cost=0.00..81003.12 rows=4489457 width=4) (actual time=0.023..5697.234 rows=4492210 loops=1)
                    Filter: (keyword_id < 109415)
                    Rows Removed by Filter: 31720
              ->  Hash  (cost=61283.27..61283.27 rows=2528527 width=4) (actual time=5569.152..5569.152 rows=2528312 loops=1)
                    Buckets: 131072  Batches: 64  Memory Usage: 2425kB
                    ->  Seq Scan on title t  (cost=0.00..61283.27 rows=2528527 width=4) (actual time=0.014..4393.789 rows=2528312 loops=1)
Planning time: 1.148 ms
Execution time: 183610.555 ms
