Seq Scan on movie_companies mc  (cost=0.00..51404.11 rows=694920 width=0) (actual time=0.015..2650.635 rows=700728 loops=1)
  Filter: (company_id > 45443)
  Rows Removed by Filter: 1908401
Planning time: 7.166 ms
Execution time: 2757.661 ms
