Hash Join  (cost=58358.90..85269.67 rows=28 width=0) (actual time=2787.708..4444.371 rows=121 loops=1)
  Hash Cond: (mi_idx.movie_id = t.id)
  ->  Seq Scan on movie_info_idx mi_idx  (cost=0.00..21735.35 rows=1380035 width=4) (actual time=0.013..1300.969 rows=1380035 loops=1)
  ->  Hash  (cost=58358.27..58358.27 rows=51 width=8) (actual time=2770.426..2770.426 rows=43 loops=1)
        Buckets: 1024  Batches: 1  Memory Usage: 10kB
        ->  Nested Loop  (cost=0.43..58358.27 rows=51 width=8) (actual time=0.389..2770.365 rows=43 loops=1)
              ->  Seq Scan on movie_companies mc  (cost=0.00..57926.93 rows=51 width=4) (actual time=0.331..2761.172 rows=43 loops=1)
                    Filter: ((company_type_id < 2) AND (company_id = 1496))
                    Rows Removed by Filter: 2609086
              ->  Index Only Scan using title_pkey on title t  (cost=0.43..8.45 rows=1 width=4) (actual time=0.208..0.209 rows=1 loops=43)
                    Index Cond: (id = mc.movie_id)
                    Heap Fetches: 43
Planning time: 1.090 ms
Execution time: 4444.524 ms
