Hash Join  (cost=71711.64..968049.24 rows=783069 width=0) (actual time=18688.304..54169.568 rows=1214726 loops=1)
  Hash Cond: (ci.movie_id = t.id)
  ->  Seq Scan on cast_info ci  (cost=0.00..796071.18 rows=7909795 width=4) (actual time=14960.525..42790.238 rows=12670688 loops=1)
        Filter: ((person_id < 2280472) AND (role_id < 2))
        Rows Removed by Filter: 23573656
  ->  Hash  (cost=67604.59..67604.59 rows=250324 width=4) (actual time=3724.689..3724.689 rows=252521 loops=1)
        Buckets: 131072  Batches: 4  Memory Usage: 3244kB
        ->  Seq Scan on title t  (cost=0.00..67604.59 rows=250324 width=4) (actual time=0.051..3355.700 rows=252521 loops=1)
              Filter: (production_year < 1961)
              Rows Removed by Filter: 2275791
Planning time: 5.064 ms
Execution time: 54346.936 ms
