Seq Scan on cast_info ci  (cost=0.00..796071.18 rows=324 width=0) (actual time=19782.081..38764.665 rows=111 loops=1)
  Filter: ((role_id > 1) AND (person_id = 3389517))
  Rows Removed by Filter: 36244233
Planning time: 0.446 ms
Execution time: 38764.805 ms
