Hash Join  (cost=73986.94..160732.34 rows=8736 width=0) (actual time=2916.176..7515.173 rows=39448 loops=1)
  Hash Cond: (mk.movie_id = t.id)
  ->  Seq Scan on movie_keyword mk  (cost=0.00..69693.30 rows=4523930 width=4) (actual time=0.015..3496.911 rows=4523930 loops=1)
  ->  Hash  (cost=73925.90..73925.90 rows=4883 width=4) (actual time=2911.745..2911.745 rows=9263 loops=1)
        Buckets: 16384 (originally 8192)  Batches: 1 (originally 1)  Memory Usage: 454kB
        ->  Seq Scan on title t  (cost=0.00..73925.90 rows=4883 width=4) (actual time=656.313..2906.626 rows=9263 loops=1)
              Filter: ((kind_id = 4) AND (production_year = 2006))
              Rows Removed by Filter: 2519049
Planning time: 0.726 ms
Execution time: 7521.029 ms
