Hash Join  (cost=81206.46..184006.34 rows=264361 width=0) (actual time=4680.935..10369.440 rows=820902 loops=1)
  Hash Cond: (mk.movie_id = t.id)
  ->  Seq Scan on movie_keyword mk  (cost=0.00..81003.12 rows=1506441 width=4) (actual time=0.029..4243.166 rows=1517580 loops=1)
        Filter: (keyword_id < 2199)
        Rows Removed by Filter: 3006350
  ->  Hash  (cost=73925.90..73925.90 rows=443724 width=4) (actual time=4680.061..4680.061 rows=536860 loops=1)
        Buckets: 131072  Batches: 8  Memory Usage: 3402kB
        ->  Seq Scan on title t  (cost=0.00..73925.90 rows=443724 width=4) (actual time=0.017..4176.756 rows=536860 loops=1)
              Filter: ((kind_id < 7) AND (production_year < 2002))
              Rows Removed by Filter: 1991452
Planning time: 0.689 ms
Execution time: 10491.776 ms
