Hash Join  (cost=129928.86..238082.78 rows=1380035 width=144) (actual time=684.756..1582.628 rows=1380035 loops=1)
  Hash Cond: (mi_idx.movie_id = t.id)
  ->  Seq Scan on movie_info_idx mi_idx  (cost=0.00..21735.35 rows=1380035 width=50) (actual time=0.030..100.938 rows=1380035 loops=1)
  ->  Hash  (cost=61283.27..61283.27 rows=2528527 width=94) (actual time=684.487..684.487 rows=2528312 loops=1)
        Buckets: 32768  Batches: 128  Memory Usage: 2453kB
        ->  Seq Scan on title t  (cost=0.00..61283.27 rows=2528527 width=94) (actual time=0.009..246.375 rows=2528312 loops=1)
Planning time: 0.500 ms
Execution time: 1617.895 ms
