Seq Scan on movie_keyword mk  (cost=0.00..81003.12 rows=4063809 width=0) (actual time=0.015..3348.287 rows=4067253 loops=1)
  Filter: (keyword_id < 38828)
  Rows Removed by Filter: 456677
Planning time: 0.352 ms
Execution time: 3997.273 ms
