Hash Join  (cost=92883.59..954020.36 rows=1903111 width=0) (actual time=7283.787..18663.428 rows=2653715 loops=1)
  Hash Cond: (ci.movie_id = t.id)
  ->  Seq Scan on cast_info ci  (cost=0.00..796071.18 rows=3123096 width=4) (actual time=5582.065..14118.690 rows=3937862 loops=1)
        Filter: ((person_id > 967469) AND (role_id = 10))
        Rows Removed by Filter: 32306482
  ->  Hash  (cost=67604.59..67604.59 rows=1540800 width=4) (actual time=1700.358..1700.358 rows=1543264 loops=1)
        Buckets: 131072  Batches: 32  Memory Usage: 2722kB
        ->  Seq Scan on title t  (cost=0.00..67604.59 rows=1540800 width=4) (actual time=0.024..1200.886 rows=1543264 loops=1)
              Filter: (kind_id = 7)
              Rows Removed by Filter: 985048
Planning time: 0.806 ms
Execution time: 18934.723 ms
