Seq Scan on cast_info ci  (cost=0.00..796071.18 rows=662243 width=0) (actual time=18559.499..35686.260 rows=1139866 loops=1)
  Filter: ((person_id > 2813581) AND (role_id = 4))
  Rows Removed by Filter: 35104478
Planning time: 21.920 ms
Execution time: 35889.735 ms
