Hash Join  (cost=98137.04..1009656.48 rows=3946905 width=0) (actual time=5135.321..55500.334 rows=7626188 loops=1)
  Hash Cond: (ci.movie_id = t.id)
  ->  Seq Scan on cast_info ci  (cost=0.00..796071.18 rows=5362642 width=4) (actual time=0.021..38716.198 rows=10904819 loops=1)
        Filter: ((person_id < 1493574) AND (role_id < 2))
        Rows Removed by Filter: 25339525
  ->  Hash  (cost=67604.59..67604.59 rows=1860996 width=4) (actual time=5134.474..5134.474 rows=1865487 loops=1)
        Buckets: 131072  Batches: 32  Memory Usage: 3079kB
        ->  Seq Scan on title t  (cost=0.00..67604.59 rows=1860996 width=4) (actual time=0.015..4296.497 rows=1865487 loops=1)
              Filter: (kind_id > 1)
              Rows Removed by Filter: 662825
Planning time: 0.772 ms
Execution time: 56698.498 ms
