Hash Join  (cost=477754.65..615355.95 rows=918931 width=0) (actual time=23240.989..31423.084 rows=910184 loops=1)
  Hash Cond: (mk.movie_id = t.id)
  ->  Seq Scan on movie_keyword mk  (cost=0.00..81003.12 rows=3898630 width=4) (actual time=0.029..5618.106 rows=3900441 loops=1)
        Filter: (keyword_id > 479)
        Rows Removed by Filter: 623489
  ->  Hash  (cost=467975.79..467975.79 rows=595989 width=8) (actual time=23240.039..23240.039 rows=359100 loops=1)
        Buckets: 131072  Batches: 8  Memory Usage: 2777kB
        ->  Hash Join  (cost=98137.04..467975.79 rows=595989 width=8) (actual time=8813.136..23113.991 rows=359100 loops=1)
              Hash Cond: (mi.movie_id = t.id)
              ->  Seq Scan on movie_info mi  (cost=0.00..346232.03 rows=809768 width=4) (actual time=3417.861..16570.943 rows=802140 loops=1)
                    Filter: (info_type_id < 2)
                    Rows Removed by Filter: 14033580
              ->  Hash  (cost=67604.59..67604.59 rows=1860996 width=4) (actual time=5394.365..5394.365 rows=1865487 loops=1)
                    Buckets: 131072  Batches: 32  Memory Usage: 3085kB
                    ->  Seq Scan on title t  (cost=0.00..67604.59 rows=1860996 width=4) (actual time=0.030..4524.676 rows=1865487 loops=1)
                          Filter: (kind_id > 1)
                          Rows Removed by Filter: 662825
Planning time: 1.131 ms
Execution time: 31555.056 ms
