Hash Join  (cost=156645.15..597869.15 rows=727352 width=0) (actual time=8461.299..36880.202 rows=4085577 loops=1)
  Hash Cond: (mi.movie_id = t.id)
  ->  Seq Scan on movie_info mi  (cost=0.00..346232.03 rows=7503588 width=4) (actual time=0.010..21673.635 rows=7548855 loops=1)
        Filter: (info_type_id > 7)
        Rows Removed by Filter: 7286865
  ->  Hash  (cost=152623.40..152623.40 rows=245100 width=8) (actual time=8460.389..8460.389 rows=363711 loops=1)
        Buckets: 131072 (originally 131072)  Batches: 8 (originally 4)  Memory Usage: 3073kB
        ->  Hash Join  (cost=81573.24..152623.40 rows=245100 width=8) (actual time=5030.050..8323.494 rows=363711 loops=1)
              Hash Cond: (mc.movie_id = t.id)
              ->  Seq Scan on movie_companies mc  (cost=0.00..51404.11 rows=1329612 width=4) (actual time=918.047..3224.389 rows=1334883 loops=1)
                    Filter: (company_type_id = 2)
                    Rows Removed by Filter: 1274246
              ->  Hash  (cost=73925.90..73925.90 rows=466107 width=4) (actual time=4111.125..4111.125 rows=396359 loops=1)
                    Buckets: 131072  Batches: 8  Memory Usage: 2762kB
                    ->  Seq Scan on title t  (cost=0.00..73925.90 rows=466107 width=4) (actual time=16.558..3869.899 rows=396359 loops=1)
                          Filter: ((kind_id < 7) AND (production_year > 2003))
                          Rows Removed by Filter: 2131953
Planning time: 1.216 ms
Execution time: 37473.512 ms
