Hash Join  (cost=263115.61..448837.85 rows=4000587 width=0) (actual time=14024.690..32066.297 rows=29665109 loops=1)
  Hash Cond: (mk.movie_id = t.id)
  ->  Seq Scan on movie_keyword mk  (cost=0.00..81003.12 rows=3877000 width=4) (actual time=0.016..5907.287 rows=3865848 loops=1)
        Filter: (keyword_id < 28588)
        Rows Removed by Filter: 658082
  ->  Hash  (cost=220309.49..220309.49 rows=2609129 width=8) (actual time=14023.521..14023.521 rows=2609129 loops=1)
        Buckets: 131072  Batches: 64  Memory Usage: 2691kB
        ->  Hash Join  (cost=102767.86..220309.49 rows=2609129 width=8) (actual time=5978.373..13072.205 rows=2609129 loops=1)
              Hash Cond: (mc.movie_id = t.id)
              ->  Seq Scan on movie_companies mc  (cost=0.00..44881.29 rows=2609129 width=4) (actual time=0.010..3344.516 rows=2609129 loops=1)
              ->  Hash  (cost=61283.27..61283.27 rows=2528527 width=4) (actual time=5975.984..5975.984 rows=2528312 loops=1)
                    Buckets: 131072  Batches: 64  Memory Usage: 2415kB
                    ->  Seq Scan on title t  (cost=0.00..61283.27 rows=2528527 width=4) (actual time=0.009..4599.948 rows=2528312 loops=1)
Planning time: 21.360 ms
Execution time: 36437.235 ms
