Hash Join  (cost=91362.58..139007.53 rows=580047 width=0) (actual time=5637.505..9206.208 rows=318240 loops=1)
  Hash Cond: (mi_idx.movie_id = t.id)
  ->  Seq Scan on movie_info_idx mi_idx  (cost=0.00..21735.35 rows=1380035 width=4) (actual time=0.009..1724.410 rows=1380035 loops=1)
  ->  Hash  (cost=73925.90..73925.90 rows=1062774 width=4) (actual time=5628.390..5628.390 rows=1157083 loops=1)
        Buckets: 131072  Batches: 16  Memory Usage: 3575kB
        ->  Seq Scan on title t  (cost=0.00..73925.90 rows=1062774 width=4) (actual time=0.035..5132.121 rows=1157083 loops=1)
              Filter: ((kind_id > 4) AND (production_year > 1991))
              Rows Removed by Filter: 1371229
Planning time: 0.789 ms
Execution time: 9275.480 ms
