Seq Scan on movie_companies mc  (cost=0.00..51404.11 rows=104 width=0) (actual time=1391.030..2521.735 rows=130 loops=1)
  Filter: (company_id = 9892)
  Rows Removed by Filter: 2608999
Planning time: 0.367 ms
Execution time: 2521.880 ms
