Hash Join  (cost=1120921.10..1919400.30 rows=24685857 width=0) (actual time=57248.941..117582.481 rows=85490329 loops=1)
  Hash Cond: (mi.movie_id = t.id)
  ->  Seq Scan on movie_info mi  (cost=0.00..309384.22 rows=14739122 width=4) (actual time=0.014..22618.411 rows=14835720 loops=1)
  ->  Hash  (cost=1051441.72..1051441.72 rows=4234910 width=8) (actual time=57248.105..57248.105 rows=3600740 loops=1)
        Buckets: 131072  Batches: 64  Memory Usage: 3297kB
        ->  Hash Join  (cost=83810.17..1051441.72 rows=4234910 width=8) (actual time=24031.925..55921.052 rows=3600740 loops=1)
              Hash Cond: (ci.movie_id = t.id)
              ->  Seq Scan on cast_info ci  (cost=0.00..796071.18 rows=10841138 width=4) (actual time=19264.850..43029.240 rows=8035146 loops=1)
                    Filter: ((person_id < 3309280) AND (role_id > 3))
                    Rows Removed by Filter: 28209198
              ->  Hash  (cost=67604.59..67604.59 rows=987727 width=4) (actual time=4766.066..4766.066 rows=985048 loops=1)
                    Buckets: 131072  Batches: 16  Memory Usage: 3188kB
                    ->  Seq Scan on title t  (cost=0.00..67604.59 rows=987727 width=4) (actual time=0.026..3594.379 rows=985048 loops=1)
                          Filter: (kind_id < 7)
                          Rows Removed by Filter: 1543264
Planning time: 1.277 ms
Execution time: 129416.874 ms
