Nested Loop  (cost=0.43..83071.67 rows=246 width=0) (actual time=30.693..3618.108 rows=185 loops=1)
  ->  Seq Scan on movie_keyword mk  (cost=0.00..81003.12 rows=246 width=4) (actual time=30.613..3578.897 rows=185 loops=1)
        Filter: (keyword_id = 37001)
        Rows Removed by Filter: 4523745
  ->  Index Only Scan using title_pkey on title t  (cost=0.43..8.40 rows=1 width=4) (actual time=0.207..0.208 rows=1 loops=185)
        Index Cond: (id = mk.movie_id)
        Heap Fetches: 185
Planning time: 16.269 ms
Execution time: 3619.852 ms
