Seq Scan on movie_keyword mk  (cost=0.00..81003.12 rows=1317615 width=0) (actual time=0.014..4705.825 rows=1329475 loops=1)
  Filter: (keyword_id > 12954)
  Rows Removed by Filter: 3194455
Planning time: 0.344 ms
Execution time: 4965.445 ms
