Hash Join  (cost=73982.55..167275.81 rows=5846 width=0) (actual time=7661.049..8528.734 rows=2738 loops=1)
  Hash Cond: (mk.movie_id = t.id)
  ->  Seq Scan on movie_keyword mk  (cost=0.00..81003.12 rows=3261778 width=4) (actual time=0.020..4174.156 rows=3250907 loops=1)
        Filter: (keyword_id < 13992)
        Rows Removed by Filter: 1273023
  ->  Hash  (cost=73925.90..73925.90 rows=4532 width=4) (actual time=3619.224..3619.224 rows=8406 loops=1)
        Buckets: 16384 (originally 8192)  Batches: 1 (originally 1)  Memory Usage: 424kB
        ->  Seq Scan on title t  (cost=0.00..73925.90 rows=4532 width=4) (actual time=0.127..3614.704 rows=8406 loops=1)
              Filter: ((kind_id = 7) AND (production_year = 1973))
              Rows Removed by Filter: 2519906
Planning time: 0.828 ms
Execution time: 8529.312 ms
