Seq Scan on movie_keyword mk  (cost=0.00..81003.12 rows=2274993 width=0) (actual time=0.024..4834.340 rows=2274770 loops=1)
  Filter: (keyword_id < 4801)
  Rows Removed by Filter: 2249160
Planning time: 1.198 ms
Execution time: 5236.699 ms
