Hash Join  (cost=313852.90..1875364.98 rows=42554188 width=0) (actual time=17544.692..135737.463 rows=143621794 loops=1)
  Hash Cond: (ci.movie_id = t.id)
  ->  Seq Scan on cast_info ci  (cost=0.00..614943.12 rows=36225612 width=4) (actual time=0.011..47194.610 rows=36244344 loops=1)
  ->  Hash  (cost=265121.68..265121.68 rows=2970258 width=8) (actual time=17543.108..17543.108 rows=2966148 loops=1)
        Buckets: 131072  Batches: 64  Memory Usage: 2862kB
        ->  Hash Join  (cost=102767.86..265121.68 rows=2970258 width=8) (actual time=6679.882..16492.064 rows=2966148 loops=1)
              Hash Cond: (mk.movie_id = t.id)
              ->  Seq Scan on movie_keyword mk  (cost=0.00..81003.12 rows=2970258 width=4) (actual time=0.016..5327.942 rows=2966148 loops=1)
                    Filter: (keyword_id > 2332)
                    Rows Removed by Filter: 1557782
              ->  Hash  (cost=61283.27..61283.27 rows=2528527 width=4) (actual time=6678.680..6678.680 rows=2528312 loops=1)
                    Buckets: 131072  Batches: 64  Memory Usage: 2425kB
                    ->  Seq Scan on title t  (cost=0.00..61283.27 rows=2528527 width=4) (actual time=0.011..4728.078 rows=2528312 loops=1)
Planning time: 2.090 ms
Execution time: 155729.902 ms
