Seq Scan on cast_info ci  (cost=0.00..705507.15 rows=725720 width=0) (actual time=0.022..12580.863 rows=773674 loops=1)
  Filter: (role_id = 6)
  Rows Removed by Filter: 35470670
Planning time: 5.791 ms
Execution time: 12670.789 ms
