Seq Scan on movie_keyword mk  (cost=0.00..81003.12 rows=246 width=0) (actual time=2.934..3853.970 rows=1083 loops=1)
  Filter: (keyword_id = 32586)
  Rows Removed by Filter: 4522847
Planning time: 0.424 ms
Execution time: 3854.478 ms
