Seq Scan on cast_info ci  (cost=0.00..796071.18 rows=7787514 width=0) (actual time=2345.438..37309.337 rows=12670688 loops=1)
  Filter: ((person_id < 2240933) AND (role_id = 1))
  Rows Removed by Filter: 23573656
Planning time: 5.394 ms
Execution time: 39593.704 ms
