Seq Scan on cast_info ci  (cost=0.00..705507.15 rows=2553694 width=0) (actual time=11509.910..29591.787 rows=2596447 loops=1)
  Filter: (person_id > 3558281)
  Rows Removed by Filter: 33647897
Planning time: 0.308 ms
Execution time: 29984.660 ms
