Seq Scan on title t  (cost=0.00..73925.90 rows=1206549 width=0) (actual time=429.040..3783.178 rows=1293155 loops=1)
  Filter: ((production_year > 1977) AND (kind_id = 7))
  Rows Removed by Filter: 1235157
Planning time: 12.296 ms
Execution time: 3984.707 ms
