Hash Join  (cost=81821.64..156165.24 rows=205460 width=0) (actual time=7212.032..8635.825 rows=99788 loops=1)
  Hash Cond: (mc.movie_id = t.id)
  ->  Seq Scan on movie_companies mc  (cost=0.00..57926.93 rows=1079484 width=4) (actual time=0.014..3619.976 rows=1203151 loops=1)
        Filter: ((company_id > 425) AND (company_type_id = 2))
        Rows Removed by Filter: 1405978
  ->  Hash  (cost=73925.90..73925.90 rows=481259 width=4) (actual time=3885.558..3885.558 rows=518327 loops=1)
        Buckets: 131072  Batches: 8  Memory Usage: 3301kB
        ->  Seq Scan on title t  (cost=0.00..73925.90 rows=481259 width=4) (actual time=0.013..3685.229 rows=518327 loops=1)
              Filter: ((production_year > 2007) AND (kind_id = 7))
              Rows Removed by Filter: 2009985
Planning time: 0.804 ms
Execution time: 8648.888 ms
