Seq Scan on movie_keyword mk  (cost=0.00..81003.12 rows=872651 width=0) (actual time=0.015..4009.867 rows=880468 loops=1)
  Filter: (keyword_id > 20949)
  Rows Removed by Filter: 3643462
Planning time: 0.351 ms
Execution time: 4162.879 ms
