Hash Join  (cost=160971.88..235521.87 rows=445884 width=0) (actual time=8588.878..12527.257 rows=452070 loops=1)
  Hash Cond: (mc.movie_id = t.id)
  ->  Seq Scan on movie_companies mc  (cost=0.00..51404.11 rows=1329612 width=4) (actual time=814.845..3173.628 rows=1334883 loops=1)
        Filter: (company_type_id > 1)
        Rows Removed by Filter: 1274246
  ->  Hash  (cost=147059.64..147059.64 rows=847939 width=8) (actual time=7772.933..7772.933 rows=442380 loops=1)
        Buckets: 131072  Batches: 16  Memory Usage: 2104kB
        ->  Hash Join  (cost=93093.72..147059.64 rows=847939 width=8) (actual time=4879.665..7628.816 rows=442380 loops=1)
              Hash Cond: (mi_idx.movie_id = t.id)
              ->  Seq Scan on movie_info_idx mi_idx  (cost=0.00..21735.35 rows=1380035 width=4) (actual time=0.011..1402.264 rows=1380035 loops=1)
              ->  Hash  (cost=67604.59..67604.59 rows=1553611 width=4) (actual time=4866.657..4866.657 rows=1555864 loops=1)
                    Buckets: 131072  Batches: 32  Memory Usage: 2734kB
                    ->  Seq Scan on title t  (cost=0.00..67604.59 rows=1553611 width=4) (actual time=0.023..4111.626 rows=1555864 loops=1)
                          Filter: (kind_id > 4)
                          Rows Removed by Filter: 972448
Planning time: 1.156 ms
Execution time: 12587.224 ms
