Hash Join  (cost=87053.47..156958.22 rows=190192 width=0) (actual time=4969.706..8891.422 rows=500358 loops=1)
  Hash Cond: (mc.movie_id = t.id)
  ->  Seq Scan on movie_companies mc  (cost=0.00..57926.93 rows=601039 width=4) (actual time=0.012..3054.254 rows=879599 loops=1)
        Filter: ((company_id > 12496) AND (company_type_id > 1))
        Rows Removed by Filter: 1729530
  ->  Hash  (cost=73925.90..73925.90 rows=800125 width=4) (actual time=4968.605..4968.605 rows=713741 loops=1)
        Buckets: 131072  Batches: 16  Memory Usage: 2592kB
        ->  Seq Scan on title t  (cost=0.00..73925.90 rows=800125 width=4) (actual time=0.025..4364.848 rows=713741 loops=1)
              Filter: ((kind_id < 7) AND (production_year > 1972))
              Rows Removed by Filter: 1814571
Planning time: 1.155 ms
Execution time: 8955.874 ms
