Hash Join  (cost=114333.31..201804.27 rows=81292 width=0) (actual time=5873.387..10592.915 rows=128460 loops=1)
  Hash Cond: (mk.movie_id = t.id)
  ->  Seq Scan on movie_keyword mk  (cost=0.00..69693.30 rows=4523930 width=4) (actual time=0.008..3597.240 rows=4523930 loops=1)
  ->  Hash  (cost=113765.36..113765.36 rows=45436 width=8) (actual time=5872.626..5872.626 rows=36024 loops=1)
        Buckets: 65536  Batches: 1  Memory Usage: 1920kB
        ->  Hash Join  (cost=75292.52..113765.36 rows=45436 width=8) (actual time=3984.137..5859.761 rows=36024 loops=1)
              Hash Cond: (mi_idx.movie_id = t.id)
              ->  Seq Scan on movie_info_idx mi_idx  (cost=0.00..21735.35 rows=1380035 width=4) (actual time=0.012..1377.244 rows=1380035 loops=1)
              ->  Hash  (cost=73925.90..73925.90 rows=83249 width=4) (actual time=3982.662..3982.662 rows=101793 loops=1)
                    Buckets: 131072  Batches: 2  Memory Usage: 2803kB
                    ->  Seq Scan on title t  (cost=0.00..73925.90 rows=83249 width=4) (actual time=0.027..3937.983 rows=101793 loops=1)
                          Filter: ((kind_id > 1) AND (production_year = 2007))
                          Rows Removed by Filter: 2426519
Planning time: 5.478 ms
Execution time: 10610.492 ms
