Seq Scan on title t  (cost=0.00..73925.90 rows=115560 width=0) (actual time=0.037..2869.084 rows=13895 loops=1)
  Filter: ((production_year < 1954) AND (kind_id = 7))
  Rows Removed by Filter: 2514417
Planning time: 0.363 ms
Execution time: 2872.141 ms
