Hash Join  (cost=928837.23..1129496.79 rows=4737734 width=0) (actual time=49036.897..60801.375 rows=8593938 loops=1)
  Hash Cond: (mk.movie_id = t.id)
  ->  Seq Scan on movie_keyword mk  (cost=0.00..81003.12 rows=4380014 width=4) (actual time=0.028..5625.798 rows=4381684 loops=1)
        Filter: (keyword_id < 74686)
        Rows Removed by Filter: 142246
  ->  Hash  (cost=883965.31..883965.31 rows=2735034 width=8) (actual time=49035.864..49035.864 rows=2728943 loops=1)
        Buckets: 131072  Batches: 64  Memory Usage: 2692kB
        ->  Hash Join  (cost=102767.86..883965.31 rows=2735034 width=8) (actual time=38033.264..48141.572 rows=2728943 loops=1)
              Hash Cond: (ci.movie_id = t.id)
              ->  Seq Scan on cast_info ci  (cost=0.00..705507.15 rows=2735034 width=4) (actual time=32217.756..38571.401 rows=2728943 loops=1)
                    Filter: (role_id = 4)
                    Rows Removed by Filter: 33515401
              ->  Hash  (cost=61283.27..61283.27 rows=2528527 width=4) (actual time=5813.403..5813.403 rows=2528312 loops=1)
                    Buckets: 131072  Batches: 64  Memory Usage: 2415kB
                    ->  Seq Scan on title t  (cost=0.00..61283.27 rows=2528527 width=4) (actual time=0.026..4757.265 rows=2528312 loops=1)
Planning time: 1.053 ms
Execution time: 61968.985 ms
