Hash Join  (cost=74440.79..161835.80 rows=73697 width=0) (actual time=4209.894..7551.535 rows=20743 loops=1)
  Hash Cond: (mk.movie_id = t.id)
  ->  Seq Scan on movie_keyword mk  (cost=0.00..69693.30 rows=4523930 width=4) (actual time=0.013..3126.985 rows=4523930 loops=1)
  ->  Hash  (cost=73925.90..73925.90 rows=41191 width=4) (actual time=3293.650..3293.650 rows=43851 loops=1)
        Buckets: 65536  Batches: 1  Memory Usage: 2054kB
        ->  Seq Scan on title t  (cost=0.00..73925.90 rows=41191 width=4) (actual time=88.680..3274.800 rows=43851 loops=1)
              Filter: ((kind_id = 7) AND (production_year = 2003))
              Rows Removed by Filter: 2484461
Planning time: 5.762 ms
Execution time: 7554.755 ms
