Hash Join  (cost=175027.18..996968.90 rows=532830 width=0) (actual time=6585.937..17620.979 rows=2351602 loops=1)
  Hash Cond: (ci.movie_id = t.id)
  ->  Seq Scan on cast_info ci  (cost=0.00..796071.18 rows=1465931 width=4) (actual time=2474.728..11520.648 rows=2299539 loops=1)
        Filter: ((person_id > 3612583) AND (role_id > 1))
        Rows Removed by Filter: 33944805
  ->  Hash  (cost=159947.97..159947.97 rows=919057 width=8) (actual time=4110.059..4110.059 rows=920110 loops=1)
        Buckets: 131072  Batches: 16  Memory Usage: 3269kB
        ->  Hash Join  (cost=102767.86..159947.97 rows=919057 width=8) (actual time=1943.568..3855.665 rows=920110 loops=1)
              Hash Cond: (mi_idx.movie_id = t.id)
              ->  Seq Scan on movie_info_idx mi_idx  (cost=0.00..25185.44 rows=919057 width=4) (actual time=0.019..531.019 rows=920110 loops=1)
                    Filter: (info_type_id > 99)
                    Rows Removed by Filter: 459925
              ->  Hash  (cost=61283.27..61283.27 rows=2528527 width=4) (actual time=1942.526..1942.526 rows=2528312 loops=1)
                    Buckets: 131072  Batches: 64  Memory Usage: 2415kB
                    ->  Seq Scan on title t  (cost=0.00..61283.27 rows=2528527 width=4) (actual time=0.025..1108.710 rows=2528312 loops=1)
Planning time: 1.197 ms
Execution time: 17937.759 ms
