Hash Join  (cost=102767.86..192748.06 rows=921555 width=0) (actual time=3562.687..5665.250 rows=1104169 loops=1)
  Hash Cond: (mc.movie_id = t.id)
  ->  Seq Scan on movie_companies mc  (cost=0.00..57926.93 rows=921555 width=4) (actual time=600.654..1443.656 rows=1104169 loops=1)
        Filter: ((company_id > 1709) AND (company_type_id = 2))
        Rows Removed by Filter: 1504960
  ->  Hash  (cost=61283.27..61283.27 rows=2528527 width=4) (actual time=2960.676..2960.676 rows=2528312 loops=1)
        Buckets: 131072  Batches: 64  Memory Usage: 2415kB
        ->  Seq Scan on title t  (cost=0.00..61283.27 rows=2528527 width=4) (actual time=0.010..1814.131 rows=2528312 loops=1)
Planning time: 0.670 ms
Execution time: 5785.216 ms
