Hash Join  (cost=74283.51..161453.38 rows=51184 width=0) (actual time=6253.935..8090.698 rows=11342 loops=1)
  Hash Cond: (mk.movie_id = t.id)
  ->  Seq Scan on movie_keyword mk  (cost=0.00..69693.30 rows=4523930 width=4) (actual time=0.007..3533.001 rows=4523930 loops=1)
  ->  Hash  (cost=73925.90..73925.90 rows=28608 width=4) (actual time=3418.861..3418.861 rows=32134 loops=1)
        Buckets: 32768  Batches: 1  Memory Usage: 1386kB
        ->  Seq Scan on title t  (cost=0.00..73925.90 rows=28608 width=4) (actual time=0.024..3403.840 rows=32134 loops=1)
              Filter: ((kind_id = 7) AND (production_year = 1998))
              Rows Removed by Filter: 2496178
Planning time: 0.622 ms
Execution time: 8092.447 ms
