Hash Join  (cost=128786.93..221760.79 rows=7088 width=0) (actual time=2297.126..4420.411 rows=7961 loops=1)
  Hash Cond: (mk.movie_id = t.id)
  ->  Seq Scan on movie_keyword mk  (cost=0.00..81003.12 rows=3173294 width=4) (actual time=0.014..1615.402 rows=3161861 loops=1)
        Filter: (keyword_id < 12321)
        Rows Removed by Filter: 1362069
  ->  Hash  (cost=128716.33..128716.33 rows=5648 width=8) (actual time=2296.243..2296.243 rows=7966 loops=1)
        Buckets: 8192  Batches: 1  Memory Usage: 376kB
        ->  Hash Join  (cost=73994.33..128716.33 rows=5648 width=8) (actual time=1151.215..2292.881 rows=7966 loops=1)
              Hash Cond: (mc.movie_id = t.id)
              ->  Seq Scan on movie_companies mc  (cost=0.00..44881.29 rows=2609129 width=4) (actual time=0.019..632.589 rows=2609129 loops=1)
              ->  Hash  (cost=73925.90..73925.90 rows=5474 width=4) (actual time=1130.837..1130.837 rows=5206 loops=1)
                    Buckets: 8192  Batches: 1  Memory Usage: 248kB
                    ->  Seq Scan on title t  (cost=0.00..73925.90 rows=5474 width=4) (actual time=0.648..1128.105 rows=5206 loops=1)
                          Filter: ((kind_id > 1) AND (production_year = 1955))
                          Rows Removed by Filter: 2523106
Planning time: 1.275 ms
Execution time: 4421.742 ms
