Hash Join  (cost=99591.38..935507.35 rows=4613347 width=0) (actual time=25059.539..51189.060 rows=5161641 loops=1)
  Hash Cond: (ci.movie_id = t.id)
  ->  Seq Scan on cast_info ci  (cost=0.00..705507.15 rows=5983071 width=4) (actual time=18418.393..37636.565 rows=6050071 loops=1)
        Filter: (person_id > 3043495)
        Rows Removed by Filter: 30194273
  ->  Hash  (cost=67604.59..67604.59 rows=1949663 width=4) (actual time=6640.220..6640.220 rows=1947263 loops=1)
        Buckets: 131072  Batches: 32  Memory Usage: 3171kB
        ->  Seq Scan on title t  (cost=0.00..67604.59 rows=1949663 width=4) (actual time=0.029..4860.266 rows=1947263 loops=1)
              Filter: (production_year > 1979)
              Rows Removed by Filter: 581049
Planning time: 1.117 ms
Execution time: 51948.865 ms
