Seq Scan on movie_keyword mk  (cost=0.00..81003.12 rows=246 width=0) (actual time=6.120..1016.264 rows=474 loops=1)
  Filter: (keyword_id = 9976)
  Rows Removed by Filter: 4523456
Planning time: 3.644 ms
Execution time: 1016.551 ms
