Hash Join  (cost=160737.19..544119.96 rows=30298 width=0) (actual time=2828.759..10684.305 rows=813810 loops=1)
  Hash Cond: (mi.movie_id = t.id)
  ->  Seq Scan on movie_info mi  (cost=0.00..309384.22 rows=14739122 width=4) (actual time=0.015..4591.823 rows=14835720 loops=1)
  ->  Hash  (cost=160672.23..160672.23 rows=5197 width=8) (actual time=2828.650..2828.650 rows=18749 loops=1)
        Buckets: 32768 (originally 8192)  Batches: 1 (originally 1)  Memory Usage: 989kB
        ->  Hash Join  (cost=73962.22..160672.23 rows=5197 width=8) (actual time=1096.641..2821.873 rows=18749 loops=1)
              Hash Cond: (mk.movie_id = t.id)
              ->  Seq Scan on movie_keyword mk  (cost=0.00..69693.30 rows=4523930 width=4) (actual time=0.014..944.093 rows=4523930 loops=1)
              ->  Hash  (cost=73925.90..73925.90 rows=2905 width=4) (actual time=1096.065..1096.065 rows=2748 loops=1)
                    Buckets: 4096  Batches: 1  Memory Usage: 129kB
                    ->  Seq Scan on title t  (cost=0.00..73925.90 rows=2905 width=4) (actual time=0.028..1094.613 rows=2748 loops=1)
                          Filter: ((kind_id < 7) AND (production_year = 1951))
                          Rows Removed by Filter: 2525564
Planning time: 1.107 ms
Execution time: 10786.219 ms
