Seq Scan on movie_keyword mk  (cost=0.00..81003.12 rows=246 width=0) (actual time=0.740..1223.383 rows=858 loops=1)
  Filter: (keyword_id = 8556)
  Rows Removed by Filter: 4523072
Planning time: 0.341 ms
Execution time: 1223.800 ms
