Hash Join  (cost=162225.07..290492.47 rows=514236 width=0) (actual time=3986.121..9752.611 rows=11899950 loops=1)
  Hash Cond: (mk.movie_id = t.id)
  ->  Seq Scan on movie_keyword mk  (cost=0.00..69693.30 rows=4523930 width=4) (actual time=0.904..1477.109 rows=4523930 loops=1)
  ->  Hash  (cost=157509.35..157509.35 rows=287418 width=8) (actual time=3984.411..3984.411 rows=800670 loops=1)
        Buckets: 131072 (originally 131072)  Batches: 8 (originally 4)  Memory Usage: 4975kB
        ->  Hash Join  (cost=78496.64..157509.35 rows=287418 width=8) (actual time=1257.692..3727.811 rows=800670 loops=1)
              Hash Cond: (mc.movie_id = t.id)
              ->  Seq Scan on movie_companies mc  (cost=0.00..44881.29 rows=2609129 width=4) (actual time=0.034..957.965 rows=2609129 loops=1)
              ->  Hash  (cost=73925.90..73925.90 rows=278539 width=4) (actual time=1256.816..1256.816 rows=392019 loops=1)
                    Buckets: 131072 (originally 131072)  Batches: 8 (originally 4)  Memory Usage: 3073kB
                    ->  Seq Scan on title t  (cost=0.00..73925.90 rows=278539 width=4) (actual time=0.043..1117.987 rows=392019 loops=1)
                          Filter: ((kind_id < 7) AND (production_year < 1991))
                          Rows Removed by Filter: 2136293
Planning time: 1.196 ms
Execution time: 10977.549 ms
