Hash Join  (cost=312612.26..1012103.78 rows=17135479 width=0) (actual time=6908.014..58120.529 rows=158002185 loops=1)
  Hash Cond: (mi.movie_id = t.id)
  ->  Seq Scan on movie_info mi  (cost=0.00..309384.22 rows=14739122 width=4) (actual time=0.020..6265.866 rows=14835720 loops=1)
  ->  Hash  (cost=264383.92..264383.92 rows=2939627 width=8) (actual time=6906.346..6906.346 rows=2928605 loops=1)
        Buckets: 131072  Batches: 64  Memory Usage: 2920kB
        ->  Hash Join  (cost=102767.86..264383.92 rows=2939627 width=8) (actual time=1845.871..6085.383 rows=2928605 loops=1)
              Hash Cond: (mk.movie_id = t.id)
              ->  Seq Scan on movie_keyword mk  (cost=0.00..81003.12 rows=2939627 width=4) (actual time=0.022..1711.694 rows=2928605 loops=1)
                    Filter: (keyword_id > 2443)
                    Rows Removed by Filter: 1595325
              ->  Hash  (cost=61283.27..61283.27 rows=2528527 width=4) (actual time=1844.677..1844.677 rows=2528312 loops=1)
                    Buckets: 131072  Batches: 64  Memory Usage: 2425kB
                    ->  Seq Scan on title t  (cost=0.00..61283.27 rows=2528527 width=4) (actual time=0.016..963.514 rows=2528312 loops=1)
Planning time: 1.122 ms
Execution time: 76191.347 ms
