Hash Join  (cost=101490.70..186892.68 rows=6585 width=0) (actual time=1707.224..3342.541 rows=77874 loops=1)
  Hash Cond: (mk.movie_id = t.id)
  ->  Seq Scan on movie_keyword mk  (cost=0.00..81003.12 rows=1155470 width=4) (actual time=0.027..1392.036 rows=1159861 loops=1)
        Filter: (keyword_id < 1382)
        Rows Removed by Filter: 3364069
  ->  Hash  (cost=101310.56..101310.56 rows=14411 width=8) (actual time=1706.967..1706.967 rows=31800 loops=1)
        Buckets: 32768 (originally 16384)  Batches: 1 (originally 1)  Memory Usage: 1499kB
        ->  Hash Join  (cost=74255.97..101310.56 rows=14411 width=8) (actual time=1045.103..1695.473 rows=31800 loops=1)
              Hash Cond: (mi_idx.movie_id = t.id)
              ->  Seq Scan on movie_info_idx mi_idx  (cost=0.00..21735.35 rows=1380035 width=4) (actual time=0.034..334.276 rows=1380035 loops=1)
              ->  Hash  (cost=73925.90..73925.90 rows=26405 width=4) (actual time=1044.858..1044.858 rows=23926 loops=1)
                    Buckets: 32768  Batches: 1  Memory Usage: 1098kB
                    ->  Seq Scan on title t  (cost=0.00..73925.90 rows=26405 width=4) (actual time=0.381..1034.895 rows=23926 loops=1)
                          Filter: ((kind_id < 7) AND (production_year = 2003))
                          Rows Removed by Filter: 2504386
Planning time: 1.179 ms
Execution time: 3353.122 ms
