Hash Join  (cost=138967.94..889867.42 rows=11030 width=0) (actual time=1506.213..17275.659 rows=829 loops=1)
  Hash Cond: (ci.movie_id = t.id)
  ->  Seq Scan on cast_info ci  (cost=0.00..614943.12 rows=36225612 width=4) (actual time=0.012..8836.459 rows=36244344 loops=1)
  ->  Hash  (cost=138958.31..138958.31 rows=770 width=8) (actual time=1488.932..1488.932 rows=153 loops=1)
        Buckets: 1024  Batches: 1  Memory Usage: 14kB
        ->  Nested Loop  (cost=0.43..138958.31 rows=770 width=8) (actual time=462.114..1488.837 rows=153 loops=1)
              ->  Seq Scan on movie_keyword mk  (cost=0.00..81003.12 rows=8595 width=4) (actual time=0.416..1268.064 rows=9060 loops=1)
                    Filter: (keyword_id = 47)
                    Rows Removed by Filter: 4514870
              ->  Index Scan using title_pkey on title t  (cost=0.43..6.73 rows=1 width=4) (actual time=0.024..0.024 rows=0 loops=9060)
                    Index Cond: (id = mk.movie_id)
                    Filter: ((production_year < 1970) AND (kind_id = 7))
                    Rows Removed by Filter: 1
Planning time: 1.211 ms
Execution time: 17276.114 ms
