Nested Loop  (cost=0.43..83072.29 rows=96 width=0) (actual time=18.706..1296.328 rows=32 loops=1)
  ->  Seq Scan on movie_keyword mk  (cost=0.00..81003.12 rows=246 width=4) (actual time=18.639..1284.759 rows=34 loops=1)
        Filter: (keyword_id = 37686)
        Rows Removed by Filter: 4523896
  ->  Index Scan using title_pkey on title t  (cost=0.43..8.40 rows=1 width=4) (actual time=0.333..0.334 rows=1 loops=34)
        Index Cond: (id = mk.movie_id)
        Filter: (kind_id < 7)
        Rows Removed by Filter: 0
Planning time: 2.248 ms
Execution time: 1296.464 ms
