Seq Scan on title t  (cost=0.00..73925.90 rows=1415624 width=0) (actual time=0.025..548.067 rows=1398720 loops=1)
  Filter: ((kind_id > 1) AND (production_year < 2010))
  Rows Removed by Filter: 1129592
Planning time: 0.352 ms
Execution time: 637.376 ms
