Seq Scan on title t  (cost=0.00..73925.90 rows=811977 width=0) (actual time=0.023..1093.892 rows=725903 loops=1)
  Filter: ((kind_id < 7) AND (production_year > 1970))
  Rows Removed by Filter: 1802409
Planning time: 0.355 ms
Execution time: 1189.929 ms
