Hash Join  (cost=500782.11..1642434.31 rows=3087949 width=0) (actual time=9680.827..39975.481 rows=2312557 loops=1)
  Hash Cond: (ci.movie_id = t.id)
  ->  Seq Scan on cast_info ci  (cost=0.00..705507.15 rows=31554923 width=4) (actual time=0.024..17097.029 rows=31605208 loops=1)
        Filter: (role_id < 10)
        Rows Removed by Filter: 4639136
  ->  Hash  (cost=496722.11..496722.11 rows=247440 width=8) (actual time=9679.752..9679.752 rows=142046 loops=1)
        Buckets: 131072  Batches: 4  Memory Usage: 2421kB
        ->  Hash Join  (cost=75574.02..496722.11 rows=247440 width=8) (actual time=3138.644..9632.200 rows=142046 loops=1)
              Hash Cond: (mi.movie_id = t.id)
              ->  Seq Scan on movie_info mi  (cost=0.00..346232.03 rows=6231111 width=4) (actual time=1855.470..6300.627 rows=6223494 loops=1)
                    Filter: (info_type_id > 8)
                    Rows Removed by Filter: 8612226
              ->  Hash  (cost=73925.90..73925.90 rows=100409 width=4) (actual time=1282.204..1282.204 rows=110402 loops=1)
                    Buckets: 131072  Batches: 2  Memory Usage: 2970kB
                    ->  Seq Scan on title t  (cost=0.00..73925.90 rows=100409 width=4) (actual time=0.037..1239.965 rows=110402 loops=1)
                          Filter: ((kind_id = 7) AND (production_year = 2012))
                          Rows Removed by Filter: 2417910
Planning time: 1.169 ms
Execution time: 40252.075 ms
