Hash Join  (cost=215685.06..1449264.51 rows=7313935 width=0) (actual time=4134.468..51115.692 rows=60254097 loops=1)
  Hash Cond: (ci.movie_id = t.id)
  ->  Seq Scan on cast_info ci  (cost=0.00..705507.15 rows=35347395 width=4) (actual time=0.014..16736.341 rows=35493134 loops=1)
        Filter: (person_id > 79820)
        Rows Removed by Filter: 751210
  ->  Hash  (cost=207101.16..207101.16 rows=523192 width=8) (actual time=4133.052..4133.052 rows=769466 loops=1)
        Buckets: 131072 (originally 131072)  Batches: 16 (originally 8)  Memory Usage: 3073kB
        ->  Hash Join  (cost=78724.21..207101.16 rows=523192 width=8) (actual time=956.712..3897.391 rows=769466 loops=1)
              Hash Cond: (mk.movie_id = t.id)
              ->  Seq Scan on movie_keyword mk  (cost=0.00..69693.30 rows=4523930 width=4) (actual time=0.027..1178.662 rows=4523930 loops=1)
              ->  Hash  (cost=73925.90..73925.90 rows=292424 width=4) (actual time=955.698..955.698 rows=231739 loops=1)
                    Buckets: 131072  Batches: 4  Memory Usage: 3074kB
                    ->  Seq Scan on title t  (cost=0.00..73925.90 rows=292424 width=4) (actual time=0.017..880.514 rows=231739 loops=1)
                          Filter: ((production_year > 2004) AND (kind_id = 1))
                          Rows Removed by Filter: 2296573
Planning time: 1.127 ms
Execution time: 57627.492 ms
