Hash Join  (cost=128775.51..899879.02 rows=36585 width=0) (actual time=2279.587..18271.682 rows=105677 loops=1)
  Hash Cond: (ci.movie_id = t.id)
  ->  Seq Scan on cast_info ci  (cost=0.00..705507.15 rows=17394804 width=4) (actual time=0.020..12339.805 rows=17288320 loops=1)
        Filter: (person_id < 1706985)
        Rows Removed by Filter: 18956024
  ->  Hash  (cost=128709.03..128709.03 rows=5318 width=8) (actual time=2279.472..2279.472 rows=8456 loops=1)
        Buckets: 16384 (originally 8192)  Batches: 1 (originally 1)  Memory Usage: 459kB
        ->  Hash Join  (cost=73990.33..128709.03 rows=5318 width=8) (actual time=1122.056..2275.573 rows=8456 loops=1)
              Hash Cond: (mc.movie_id = t.id)
              ->  Seq Scan on movie_companies mc  (cost=0.00..44881.29 rows=2609129 width=4) (actual time=0.018..649.819 rows=2609129 loops=1)
              ->  Hash  (cost=73925.90..73925.90 rows=5154 width=4) (actual time=1101.089..1101.089 rows=3618 loops=1)
                    Buckets: 8192  Batches: 1  Memory Usage: 192kB
                    ->  Seq Scan on title t  (cost=0.00..73925.90 rows=5154 width=4) (actual time=125.084..1099.391 rows=3618 loops=1)
                          Filter: ((kind_id = 3) AND (production_year = 2009))
                          Rows Removed by Filter: 2524694
Planning time: 1.186 ms
Execution time: 18288.768 ms
