Hash Join  (cost=209332.88..770584.98 rows=7633017 width=0) (actual time=4446.624..18871.474 rows=5811150 loops=1)
  Hash Cond: (mi.movie_id = t.id)
  ->  Seq Scan on movie_info mi  (cost=0.00..309384.22 rows=14739122 width=4) (actual time=0.012..5938.283 rows=14835720 loops=1)
  ->  Hash  (cost=187848.63..187848.63 rows=1309460 width=8) (actual time=4438.322..4438.322 rows=625982 loops=1)
        Buckets: 131072  Batches: 32  Memory Usage: 1769kB
        ->  Hash Join  (cost=94746.51..187848.63 rows=1309460 width=8) (actual time=1717.655..4250.791 rows=625982 loops=1)
              Hash Cond: (mc.movie_id = t.id)
              ->  Seq Scan on movie_companies mc  (cost=0.00..44881.29 rows=2609129 width=4) (actual time=0.022..907.654 rows=2609129 loops=1)
              ->  Hash  (cost=73925.90..73925.90 rows=1269008 width=4) (actual time=1715.791..1715.791 rows=1233025 loops=1)
                    Buckets: 131072  Batches: 32  Memory Usage: 2375kB
                    ->  Seq Scan on title t  (cost=0.00..73925.90 rows=1269008 width=4) (actual time=0.020..1299.759 rows=1233025 loops=1)
                          Filter: ((kind_id > 4) AND (production_year < 2011))
                          Rows Removed by Filter: 1295287
Planning time: 1.121 ms
Execution time: 19530.246 ms
