Seq Scan on movie_keyword mk  (cost=0.00..81003.12 rows=289170 width=0) (actual time=124.734..1365.614 rows=285846 loops=1)
  Filter: (keyword_id > 55923)
  Rows Removed by Filter: 4238084
Planning time: 0.287 ms
Execution time: 1402.990 ms
