Hash Join  (cost=162212.36..515084.70 rows=27793 width=0) (actual time=3523.518..8547.414 rows=7817 loops=1)
  Hash Cond: (mi.movie_id = t.id)
  ->  Seq Scan on movie_info mi  (cost=0.00..346232.03 rows=1272478 width=4) (actual time=578.069..5356.046 rows=1325361 loops=1)
        Filter: (info_type_id = 8)
        Rows Removed by Filter: 13510359
  ->  Hash  (cost=161522.04..161522.04 rows=55226 width=8) (actual time=2943.471..2943.471 rows=12613 loops=1)
        Buckets: 65536  Batches: 1  Memory Usage: 1005kB
        ->  Hash Join  (cost=74311.74..161522.04 rows=55226 width=8) (actual time=1883.502..2938.944 rows=12613 loops=1)
              Hash Cond: (mk.movie_id = t.id)
              ->  Seq Scan on movie_keyword mk  (cost=0.00..69693.30 rows=4523930 width=4) (actual time=0.028..948.046 rows=4523930 loops=1)
              ->  Hash  (cost=73925.90..73925.90 rows=30867 width=4) (actual time=1112.328..1112.328 rows=34773 loops=1)
                    Buckets: 65536 (originally 32768)  Batches: 1 (originally 1)  Memory Usage: 1735kB
                    ->  Seq Scan on title t  (cost=0.00..73925.90 rows=30867 width=4) (actual time=0.060..1096.302 rows=34773 loops=1)
                          Filter: ((kind_id = 7) AND (production_year = 1999))
                          Rows Removed by Filter: 2493539
Planning time: 5.398 ms
Execution time: 8548.710 ms
