Hash Join  (cost=814531.90..941185.79 rows=381786 width=0) (actual time=14991.857..17985.700 rows=226189 loops=1)
  Hash Cond: (mk.movie_id = t.id)
  ->  Seq Scan on movie_keyword mk  (cost=0.00..69693.30 rows=4523930 width=4) (actual time=0.020..1310.730 rows=4523930 loops=1)
  ->  Hash  (cost=811030.53..811030.53 rows=213389 width=8) (actual time=14990.851..14990.851 rows=174853 loops=1)
        Buckets: 131072  Batches: 4  Memory Usage: 2735kB
        ->  Hash Join  (cost=92883.59..811030.53 rows=213389 width=8) (actual time=4115.602..14938.325 rows=174853 loops=1)
              Hash Cond: (ci.movie_id = t.id)
              ->  Seq Scan on cast_info ci  (cost=0.00..705507.15 rows=350181 width=4) (actual time=2330.854..12579.798 rows=316118 loops=1)
                    Filter: (role_id > 10)
                    Rows Removed by Filter: 35928226
              ->  Hash  (cost=67604.59..67604.59 rows=1540800 width=4) (actual time=1782.255..1782.255 rows=1543264 loops=1)
                    Buckets: 131072  Batches: 32  Memory Usage: 2722kB
                    ->  Seq Scan on title t  (cost=0.00..67604.59 rows=1540800 width=4) (actual time=99.151..1276.335 rows=1543264 loops=1)
                          Filter: (kind_id = 7)
                          Rows Removed by Filter: 985048
Planning time: 2.675 ms
Execution time: 18013.464 ms
