Hash Join  (cost=225686.54..1136990.74 rows=3966375 width=0) (actual time=12566.281..42424.664 rows=51821839 loops=1)
  Hash Cond: (ci.movie_id = t.id)
  ->  Seq Scan on cast_info ci  (cost=0.00..705507.15 rows=12726058 width=4) (actual time=4533.343..13840.067 rows=12670688 loops=1)
        Filter: (role_id < 2)
        Rows Removed by Filter: 23573656
  ->  Hash  (cost=212756.61..212756.61 rows=788075 width=8) (actual time=8030.967..8030.967 rows=2387922 loops=1)
        Buckets: 131072 (originally 131072)  Batches: 64 (originally 16)  Memory Usage: 3923kB
        ->  Hash Join  (cost=81152.82..212756.61 rows=788075 width=8) (actual time=3407.942..7312.823 rows=2387922 loops=1)
              Hash Cond: (mk.movie_id = t.id)
              ->  Seq Scan on movie_keyword mk  (cost=0.00..69693.30 rows=4523930 width=4) (actual time=0.025..1337.439 rows=4523930 loops=1)
              ->  Hash  (cost=73925.90..73925.90 rows=440473 width=4) (actual time=3405.494..3405.494 rows=473918 loops=1)
                    Buckets: 131072  Batches: 8  Memory Usage: 3125kB
                    ->  Seq Scan on title t  (cost=0.00..73925.90 rows=440473 width=4) (actual time=2351.206..3243.436 rows=473918 loops=1)
                          Filter: ((production_year < 2008) AND (kind_id = 1))
                          Rows Removed by Filter: 2054394
Planning time: 1.120 ms
Execution time: 48406.836 ms
