Hash Join  (cost=74118.09..827110.00 rows=220274 width=0) (actual time=1042.189..18187.547 rows=178931 loops=1)
  Hash Cond: (ci.movie_id = t.id)
  ->  Seq Scan on cast_info ci  (cost=0.00..614943.12 rows=36225612 width=4) (actual time=0.019..9032.378 rows=36244344 loops=1)
  ->  Hash  (cost=73925.90..73925.90 rows=15375 width=4) (actual time=1041.752..1041.752 rows=8740 loops=1)
        Buckets: 16384  Batches: 1  Memory Usage: 436kB
        ->  Seq Scan on title t  (cost=0.00..73925.90 rows=15375 width=4) (actual time=0.051..1038.044 rows=8740 loops=1)
              Filter: ((kind_id = 1) AND (production_year = 2001))
              Rows Removed by Filter: 2519572
Planning time: 0.848 ms
Execution time: 18221.341 ms
