Hash Join  (cost=129651.62..884828.92 rows=438814 width=0) (actual time=7067.667..73765.435 rows=671822 loops=1)
  Hash Cond: (ci.movie_id = t.id)
  ->  Seq Scan on cast_info ci  (cost=0.00..614943.12 rows=36225612 width=4) (actual time=0.022..41439.370 rows=36244344 loops=1)
  ->  Hash  (cost=129268.76..129268.76 rows=30629 width=8) (actual time=7067.153..7067.153 rows=163305 loops=1)
        Buckets: 131072 (originally 32768)  Batches: 4 (originally 1)  Memory Usage: 3073kB
        ->  Hash Join  (cost=74296.94..129268.76 rows=30629 width=8) (actual time=3817.120..6966.009 rows=163305 loops=1)
              Hash Cond: (mc.movie_id = t.id)
              ->  Seq Scan on movie_companies mc  (cost=0.00..44881.29 rows=2609129 width=4) (actual time=0.017..2389.262 rows=2609129 loops=1)
              ->  Hash  (cost=73925.90..73925.90 rows=29683 width=4) (actual time=3391.751..3391.751 rows=85258 loops=1)
                    Buckets: 131072 (originally 32768)  Batches: 1 (originally 1)  Memory Usage: 4022kB
                    ->  Seq Scan on title t  (cost=0.00..73925.90 rows=29683 width=4) (actual time=1064.424..3351.622 rows=85258 loops=1)
                          Filter: ((kind_id < 4) AND (production_year < 1920))
                          Rows Removed by Filter: 2443054
Planning time: 1.144 ms
Execution time: 73884.891 ms
