Seq Scan on cast_info ci  (cost=0.00..796071.18 rows=224 width=0) (actual time=20621.442..38568.792 rows=1 loops=1)
  Filter: ((role_id > 2) AND (person_id = 3454766))
  Rows Removed by Filter: 36244343
Planning time: 0.331 ms
Execution time: 38568.913 ms
