Hash Join  (cost=483811.61..567625.48 rows=635734 width=0) (actual time=21521.598..28272.225 rows=6445512 loops=1)
  Hash Cond: (mc.movie_id = t.id)
  ->  Seq Scan on movie_companies mc  (cost=0.00..44881.29 rows=2609129 width=4) (actual time=0.007..3333.243 rows=2609129 loops=1)
  ->  Hash  (cost=473703.43..473703.43 rows=616095 width=8) (actual time=21519.246..21519.246 rows=598457 loops=1)
        Buckets: 131072  Batches: 16  Memory Usage: 2474kB
        ->  Hash Join  (cost=102767.86..473703.43 rows=616095 width=8) (actual time=17466.535..21299.038 rows=598457 loops=1)
              Hash Cond: (mi.movie_id = t.id)
              ->  Seq Scan on movie_info mi  (cost=0.00..346232.03 rows=616095 width=4) (actual time=12579.306..15501.336 rows=598457 loops=1)
                    Filter: (info_type_id = 15)
                    Rows Removed by Filter: 14237263
              ->  Hash  (cost=61283.27..61283.27 rows=2528527 width=4) (actual time=4739.705..4739.705 rows=2528312 loops=1)
                    Buckets: 131072  Batches: 64  Memory Usage: 2425kB
                    ->  Seq Scan on title t  (cost=0.00..61283.27 rows=2528527 width=4) (actual time=0.026..3661.015 rows=2528312 loops=1)
Planning time: 1.083 ms
Execution time: 29156.742 ms
