Hash Join  (cost=455306.52..536064.20 rows=414015 width=0) (actual time=8454.384..11619.293 rows=4190937 loops=1)
  Hash Cond: (mc.movie_id = t.id)
  ->  Seq Scan on movie_companies mc  (cost=0.00..44881.29 rows=2609129 width=4) (actual time=0.022..950.068 rows=2609129 loops=1)
  ->  Hash  (cost=448723.19..448723.19 rows=401226 width=8) (actual time=8452.746..8452.746 rows=1020248 loops=1)
        Buckets: 131072 (originally 131072)  Batches: 16 (originally 8)  Memory Usage: 3507kB
        ->  Hash Join  (cost=80042.24..448723.19 rows=401226 width=8) (actual time=2759.884..8150.285 rows=1020248 loops=1)
              Hash Cond: (mi.movie_id = t.id)
              ->  Seq Scan on movie_info mi  (cost=0.00..346232.03 rows=1338312 width=4) (actual time=1020.417..5354.171 rows=1401902 loops=1)
                    Filter: (info_type_id = 7)
                    Rows Removed by Filter: 13433818
              ->  Hash  (cost=67604.59..67604.59 rows=758052 width=4) (actual time=1738.762..1738.762 rows=753677 loops=1)
                    Buckets: 131072  Batches: 16  Memory Usage: 2686kB
                    ->  Seq Scan on title t  (cost=0.00..67604.59 rows=758052 width=4) (actual time=0.029..1205.702 rows=753677 loops=1)
                          Filter: (kind_id < 3)
                          Rows Removed by Filter: 1774635
Planning time: 0.797 ms
Execution time: 12060.158 ms
