Hash Join  (cost=101270.99..450554.00 rows=1473 width=0) (actual time=13008.786..21682.603 rows=1134 loops=1)
  Hash Cond: (mi.movie_id = t.id)
  ->  Seq Scan on movie_info mi  (cost=0.00..346232.03 rows=809669 width=4) (actual time=7828.838..16347.647 rows=802140 loops=1)
        Filter: (info_type_id = 1)
        Rows Removed by Filter: 14033580
  ->  Hash  (cost=101213.50..101213.50 rows=4599 width=8) (actual time=5166.348..5166.348 rows=3361 loops=1)
        Buckets: 8192  Batches: 1  Memory Usage: 196kB
        ->  Hash Join  (cost=74238.57..101213.50 rows=4599 width=8) (actual time=3673.471..5164.645 rows=3361 loops=1)
              Hash Cond: (mi_idx.movie_id = t.id)
              ->  Seq Scan on movie_info_idx mi_idx  (cost=0.00..25185.44 rows=464934 width=4) (actual time=0.026..1296.295 rows=460185 loops=1)
                    Filter: (info_type_id > 100)
                    Rows Removed by Filter: 919850
              ->  Hash  (cost=73925.90..73925.90 rows=25013 width=4) (actual time=3672.609..3672.609 rows=26270 loops=1)
                    Buckets: 32768  Batches: 1  Memory Usage: 1180kB
                    ->  Seq Scan on title t  (cost=0.00..73925.90 rows=25013 width=4) (actual time=0.037..3660.690 rows=26270 loops=1)
                          Filter: ((kind_id > 4) AND (production_year = 1997))
                          Rows Removed by Filter: 2502042
Planning time: 1.269 ms
Execution time: 21682.985 ms
