Hash Join  (cost=75743.82..200161.11 rows=198226 width=0) (actual time=4002.297..11992.900 rows=467744 loops=1)
  Hash Cond: (mk.movie_id = t.id)
  ->  Seq Scan on movie_keyword mk  (cost=0.00..69693.30 rows=4523930 width=4) (actual time=0.024..4724.543 rows=4523930 loops=1)
  ->  Hash  (cost=73925.90..73925.90 rows=110793 width=4) (actual time=4001.385..4001.385 rows=117920 loops=1)
        Buckets: 131072  Batches: 2  Memory Usage: 3101kB
        ->  Seq Scan on title t  (cost=0.00..73925.90 rows=110793 width=4) (actual time=516.188..3934.256 rows=117920 loops=1)
              Filter: ((production_year > 1903) AND (kind_id = 4))
              Rows Removed by Filter: 2410392
Planning time: 11.378 ms
Execution time: 12109.939 ms
