Seq Scan on movie_keyword mk  (cost=0.00..81003.12 rows=246 width=0) (actual time=1.918..1212.584 rows=1176 loops=1)
  Filter: (keyword_id = 1947)
  Rows Removed by Filter: 4522754
Planning time: 0.360 ms
Execution time: 1213.052 ms
