Hash Join  (cost=511261.84..1668312.63 rows=3181566 width=0) (actual time=27752.270..93798.956 rows=1710030 loops=1)
  Hash Cond: (ci.movie_id = t.id)
  ->  Seq Scan on cast_info ci  (cost=0.00..614943.12 rows=36225612 width=4) (actual time=0.025..45334.779 rows=36244344 loops=1)
  ->  Hash  (cost=507617.96..507617.96 rows=222071 width=8) (actual time=27751.326..27751.326 rows=50239 loops=1)
        Buckets: 131072  Batches: 4  Memory Usage: 1514kB
        ->  Hash Join  (cost=75199.97..507617.96 rows=222071 width=8) (actual time=5098.217..27725.091 rows=50239 loops=1)
              Hash Cond: (mi.movie_id = t.id)
              ->  Seq Scan on movie_info mi  (cost=0.00..346232.03 rows=7235534 width=4) (actual time=1212.291..19927.298 rows=7286865 loops=1)
                    Filter: (info_type_id < 8)
                    Rows Removed by Filter: 7548855
              ->  Hash  (cost=73925.90..73925.90 rows=77605 width=4) (actual time=3878.136..3878.136 rows=84684 loops=1)
                    Buckets: 131072  Batches: 2  Memory Usage: 2518kB
                    ->  Seq Scan on title t  (cost=0.00..73925.90 rows=77605 width=4) (actual time=483.454..3838.997 rows=84684 loops=1)
                          Filter: ((kind_id = 7) AND (production_year = 2009))
                          Rows Removed by Filter: 2443628
Planning time: 17.483 ms
Execution time: 94046.470 ms
