Seq Scan on title t  (cost=0.00..73925.90 rows=5334 width=0) (actual time=998.965..3488.067 rows=13851 loops=1)
  Filter: ((kind_id < 7) AND (production_year < 1904))
  Rows Removed by Filter: 2514461
Planning time: 2.790 ms
Execution time: 3490.575 ms
