Hash Join  (cost=96375.19..847550.03 rows=38561 width=0) (actual time=4782.887..49635.623 rows=159850 loops=1)
  Hash Cond: (ci.movie_id = t.id)
  ->  Seq Scan on cast_info ci  (cost=0.00..614943.12 rows=36225612 width=4) (actual time=0.016..33965.621 rows=36244344 loops=1)
  ->  Hash  (cost=96341.54..96341.54 rows=2692 width=8) (actual time=4782.664..4782.664 rows=6476 loops=1)
        Buckets: 8192 (originally 4096)  Batches: 1 (originally 1)  Memory Usage: 317kB
        ->  Hash Join  (cost=67697.55..96341.54 rows=2692 width=8) (actual time=2968.222..4779.704 rows=6476 loops=1)
              Hash Cond: (mi_idx.movie_id = t.id)
              ->  Seq Scan on movie_info_idx mi_idx  (cost=0.00..25185.44 rows=915101 width=4) (actual time=0.015..1544.430 rows=919850 loops=1)
                    Filter: (info_type_id < 101)
                    Rows Removed by Filter: 460185
              ->  Hash  (cost=67604.59..67604.59 rows=7437 width=4) (actual time=2967.221..2967.221 rows=14054 loops=1)
                    Buckets: 16384 (originally 8192)  Batches: 1 (originally 1)  Memory Usage: 623kB
                    ->  Seq Scan on title t  (cost=0.00..67604.59 rows=7437 width=4) (actual time=0.044..2960.329 rows=14054 loops=1)
                          Filter: (production_year = 1975)
                          Rows Removed by Filter: 2514258
Planning time: 1.552 ms
Execution time: 49689.077 ms
