Nested Loop  (cost=32814.54..438202.46 rows=612 width=0) (actual time=13147.992..20743.938 rows=2656 loops=1)
  Join Filter: (mi.movie_id = t.id)
  ->  Hash Join  (cost=32814.11..391433.43 rows=54889 width=8) (actual time=12201.723..18509.730 rows=51124 loops=1)
        Hash Cond: (mi.movie_id = mi_idx.movie_id)
        ->  Seq Scan on movie_info mi  (cost=0.00..346232.03 rows=54808 width=4) (actual time=10470.364..16488.595 rows=50267 loops=1)
              Filter: (info_type_id > 107)
              Rows Removed by Filter: 14785453
        ->  Hash  (cost=25185.44..25185.44 rows=464934 width=4) (actual time=1631.504..1631.504 rows=460185 loops=1)
              Buckets: 131072  Batches: 8  Memory Usage: 3060kB
              ->  Seq Scan on movie_info_idx mi_idx  (cost=0.00..25185.44 rows=464934 width=4) (actual time=0.031..1429.103 rows=460185 loops=1)
                    Filter: (info_type_id > 100)
                    Rows Removed by Filter: 919850
  ->  Index Scan using title_pkey on title t  (cost=0.43..0.84 rows=1 width=4) (actual time=0.043..0.043 rows=0 loops=51124)
        Index Cond: (id = mi_idx.movie_id)
        Filter: ((kind_id < 7) AND (production_year > 2010))
        Rows Removed by Filter: 1
Planning time: 1.137 ms
Execution time: 20744.641 ms
