Seq Scan on cast_info ci  (cost=0.00..796071.18 rows=104 width=0) (actual time=26573.955..35748.985 rows=1 loops=1)
  Filter: ((role_id > 7) AND (person_id = 664446))
  Rows Removed by Filter: 36244343
Planning time: 0.422 ms
Execution time: 35749.100 ms
