Hash Join  (cost=79841.74..135164.89 rows=27550 width=0) (actual time=4359.338..7134.274 rows=77122 loops=1)
  Hash Cond: (mc.movie_id = t.id)
  ->  Seq Scan on movie_companies mc  (cost=0.00..51404.11 rows=193209 width=4) (actual time=0.032..2439.863 rows=192038 loops=1)
        Filter: (company_id < 52)
        Rows Removed by Filter: 2417091
  ->  Hash  (cost=73925.90..73925.90 rows=360547 width=4) (actual time=4358.229..4358.229 rows=243152 loops=1)
        Buckets: 131072  Batches: 8  Memory Usage: 2080kB
        ->  Seq Scan on title t  (cost=0.00..73925.90 rows=360547 width=4) (actual time=0.024..3794.997 rows=243152 loops=1)
              Filter: ((production_year < 1985) AND (kind_id = 7))
              Rows Removed by Filter: 2285160
Planning time: 1.052 ms
Execution time: 7144.651 ms
