Seq Scan on movie_keyword mk  (cost=0.00..81003.12 rows=242590 width=0) (actual time=0.027..3873.075 rows=260933 loops=1)
  Filter: (keyword_id < 229)
  Rows Removed by Filter: 4262997
Planning time: 0.198 ms
Execution time: 3937.710 ms
