Hash Join  (cost=92883.59..179425.67 rows=728260 width=0) (actual time=5668.158..9663.929 rows=400469 loops=1)
  Hash Cond: (mc.movie_id = t.id)
  ->  Seq Scan on movie_companies mc  (cost=0.00..57926.93 rows=1195110 width=4) (actual time=270.866..3074.768 rows=1067245 loops=1)
        Filter: ((company_id < 98133) AND (company_type_id > 1))
        Rows Removed by Filter: 1541884
  ->  Hash  (cost=67604.59..67604.59 rows=1540800 width=4) (actual time=5396.021..5396.021 rows=1543264 loops=1)
        Buckets: 131072  Batches: 32  Memory Usage: 2722kB
        ->  Seq Scan on title t  (cost=0.00..67604.59 rows=1540800 width=4) (actual time=52.323..4628.858 rows=1543264 loops=1)
              Filter: (kind_id = 7)
              Rows Removed by Filter: 985048
Planning time: 0.744 ms
Execution time: 9725.095 ms
