Seq Scan on movie_keyword mk  (cost=0.00..81003.12 rows=246 width=0) (actual time=0.117..3599.503 rows=1670 loops=1)
  Filter: (keyword_id = 1198)
  Rows Removed by Filter: 4522260
Planning time: 13.893 ms
Execution time: 3600.481 ms
