Seq Scan on movie_companies mc  (cost=0.00..51404.11 rows=1141875 width=0) (actual time=0.012..2564.777 rows=1149136 loops=1)
  Filter: (company_id > 13115)
  Rows Removed by Filter: 1459993
Planning time: 0.424 ms
Execution time: 2757.860 ms
