Hash Join  (cost=71185.45..435988.39 rows=14701 width=0) (actual time=2396.837..22241.325 rows=33604 loops=1)
  Hash Cond: (mi.movie_id = t.id)
  ->  Seq Scan on movie_info mi  (cost=0.00..309384.22 rows=14739122 width=4) (actual time=0.015..16273.722 rows=14835720 loops=1)
  ->  Hash  (cost=71153.93..71153.93 rows=2522 width=8) (actual time=1991.384..1991.384 rows=2805 loops=1)
        Buckets: 4096  Batches: 1  Memory Usage: 142kB
        ->  Nested Loop  (cost=0.43..71153.93 rows=2522 width=8) (actual time=2.043..1989.754 rows=2805 loops=1)
              ->  Seq Scan on movie_companies mc  (cost=0.00..51404.11 rows=2522 width=4) (actual time=1.997..1744.472 rows=2805 loops=1)
                    Filter: (company_id = 13015)
                    Rows Removed by Filter: 2606324
              ->  Index Only Scan using title_pkey on title t  (cost=0.43..7.82 rows=1 width=4) (actual time=0.086..0.087 rows=1 loops=2805)
                    Index Cond: (id = mc.movie_id)
                    Heap Fetches: 2805
Planning time: 1.125 ms
Execution time: 22249.740 ms
