Hash Join  (cost=71463.00..198591.29 rows=420725 width=0) (actual time=2851.951..10146.857 rows=703478 loops=1)
  Hash Cond: (mk.movie_id = t.id)
  ->  Seq Scan on movie_keyword mk  (cost=0.00..69693.30 rows=4523930 width=4) (actual time=0.019..4212.225 rows=4523930 loops=1)
  ->  Hash  (cost=67604.59..67604.59 rows=235153 width=4) (actual time=2850.909..2850.909 rows=230883 loops=1)
        Buckets: 131072  Batches: 4  Memory Usage: 3058kB
        ->  Seq Scan on title t  (cost=0.00..67604.59 rows=235153 width=4) (actual time=0.024..2762.301 rows=230883 loops=1)
              Filter: (production_year < 1959)
              Rows Removed by Filter: 2297429
Planning time: 0.709 ms
Execution time: 10253.632 ms
