Seq Scan on cast_info ci  (cost=0.00..705507.15 rows=25640554 width=0) (actual time=3558.170..38196.772 rows=25822288 loops=1)
  Filter: (person_id > 1023387)
  Rows Removed by Filter: 10422056
Planning time: 0.308 ms
Execution time: 42631.723 ms
