Hash Join  (cost=207387.69..651639.50 rows=2241712 width=0) (actual time=14036.764..45070.967 rows=32365506 loops=1)
  Hash Cond: (mi.movie_id = t.id)
  ->  Seq Scan on movie_info mi  (cost=0.00..346232.03 rows=6231111 width=4) (actual time=2950.837..20733.321 rows=6223494 loops=1)
        Filter: (info_type_id > 8)
        Rows Removed by Filter: 8612226
  ->  Hash  (cost=192462.87..192462.87 rows=909666 width=8) (actual time=11085.107..11085.107 rows=1218768 loops=1)
        Buckets: 131072  Batches: 16  Memory Usage: 4052kB
        ->  Hash Join  (cost=102767.86..192462.87 rows=909666 width=8) (actual time=5064.202..10670.500 rows=1218768 loops=1)
              Hash Cond: (mc.movie_id = t.id)
              ->  Seq Scan on movie_companies mc  (cost=0.00..57926.93 rows=909666 width=4) (actual time=0.035..3278.960 rows=1218768 loops=1)
                    Filter: ((company_id < 35578) AND (company_type_id = 1))
                    Rows Removed by Filter: 1390361
              ->  Hash  (cost=61283.27..61283.27 rows=2528527 width=4) (actual time=5062.945..5062.945 rows=2528312 loops=1)
                    Buckets: 131072  Batches: 64  Memory Usage: 2415kB
                    ->  Seq Scan on title t  (cost=0.00..61283.27 rows=2528527 width=4) (actual time=0.017..3954.338 rows=2528312 loops=1)
Planning time: 1.193 ms
Execution time: 49439.409 ms
