Nested Loop  (cost=32749.09..124536.82 rows=5874 width=0) (actual time=2564.894..4660.703 rows=2641 loops=1)
  Join Filter: (mc.movie_id = t.id)
  ->  Hash Join  (cost=32748.66..98671.43 rows=30416 width=8) (actual time=2564.832..4381.069 rows=2641 loops=1)
        Hash Cond: (mc.movie_id = mi_idx.movie_id)
        ->  Seq Scan on movie_companies mc  (cost=0.00..57926.93 rows=32221 width=4) (actual time=834.256..2543.527 rows=6578 loops=1)
              Filter: ((company_type_id > 1) AND (company_id = 6))
              Rows Removed by Filter: 2602551
        ->  Hash  (cost=25185.44..25185.44 rows=460978 width=4) (actual time=1688.009..1688.009 rows=459925 loops=1)
              Buckets: 131072  Batches: 8  Memory Usage: 3050kB
              ->  Seq Scan on movie_info_idx mi_idx  (cost=0.00..25185.44 rows=460978 width=4) (actual time=0.023..1489.499 rows=459925 loops=1)
                    Filter: (info_type_id = 99)
                    Rows Removed by Filter: 920110
  ->  Index Only Scan using title_pkey on title t  (cost=0.43..0.84 rows=1 width=4) (actual time=0.104..0.105 rows=1 loops=2641)
        Index Cond: (id = mi_idx.movie_id)
        Heap Fetches: 2641
Planning time: 1.802 ms
Execution time: 4661.439 ms
