Seq Scan on movie_keyword mk  (cost=0.00..81003.12 rows=435232 width=0) (actual time=0.028..3365.619 rows=430007 loops=1)
  Filter: (keyword_id > 40674)
  Rows Removed by Filter: 4093923
Planning time: 0.320 ms
Execution time: 3424.457 ms
