Hash Join  (cost=58358.69..809151.30 rows=344 width=0) (actual time=795.821..16609.484 rows=2090 loops=1)
  Hash Cond: (ci.movie_id = t.id)
  ->  Seq Scan on cast_info ci  (cost=0.00..614943.12 rows=36225612 width=4) (actual time=0.020..8893.149 rows=36244344 loops=1)
  ->  Hash  (cost=58358.39..58358.39 rows=24 width=8) (actual time=752.909..752.909 rows=94 loops=1)
        Buckets: 1024  Batches: 1  Memory Usage: 12kB
        ->  Nested Loop  (cost=0.43..58358.39 rows=24 width=8) (actual time=394.940..752.832 rows=94 loops=1)
              ->  Seq Scan on movie_companies mc  (cost=0.00..57926.93 rows=51 width=4) (actual time=394.879..749.423 rows=94 loops=1)
                    Filter: ((company_id = 1104) AND (company_type_id = 1))
                    Rows Removed by Filter: 2609035
              ->  Index Scan using title_pkey on title t  (cost=0.43..8.45 rows=1 width=4) (actual time=0.034..0.035 rows=1 loops=94)
                    Index Cond: (id = mc.movie_id)
                    Filter: (production_year < 2003)
Planning time: 1.204 ms
Execution time: 16610.472 ms
