Seq Scan on movie_companies mc  (cost=0.00..57926.93 rows=1086754 width=0) (actual time=0.041..3090.991 rows=1274246 loops=1)
  Filter: ((company_id < 82428) AND (company_type_id = 1))
  Rows Removed by Filter: 1334883
Planning time: 0.337 ms
Execution time: 3289.983 ms
