Hash Join  (cost=117484.79..241497.15 rows=164932 width=0) (actual time=6394.543..14933.706 rows=2459640 loops=1)
  Hash Cond: (mk.movie_id = t.id)
  ->  Seq Scan on movie_keyword mk  (cost=0.00..69693.30 rows=4523930 width=4) (actual time=0.025..4994.349 rows=4523930 loops=1)
  ->  Hash  (cost=115971.49..115971.49 rows=92184 width=8) (actual time=6393.722..6393.722 rows=202617 loops=1)
        Buckets: 131072 (originally 131072)  Batches: 4 (originally 2)  Memory Usage: 3073kB
        ->  Hash Join  (cost=76697.17..115971.49 rows=92184 width=8) (actual time=3896.056..6285.882 rows=202617 loops=1)
              Hash Cond: (mi_idx.movie_id = t.id)
              ->  Seq Scan on movie_info_idx mi_idx  (cost=0.00..21735.35 rows=1380035 width=4) (actual time=0.024..1499.143 rows=1380035 loops=1)
              ->  Hash  (cost=73925.90..73925.90 rows=168901 width=4) (actual time=3895.133..3895.133 rows=269915 loops=1)
                    Buckets: 131072  Batches: 4  Memory Usage: 3401kB
                    ->  Seq Scan on title t  (cost=0.00..73925.90 rows=168901 width=4) (actual time=0.014..3261.842 rows=269915 loops=1)
                          Filter: ((kind_id < 7) AND (production_year < 1974))
                          Rows Removed by Filter: 2258397
Planning time: 1.461 ms
Execution time: 15363.506 ms
