Seq Scan on title t  (cost=0.00..67604.59 rows=7437 width=0) (actual time=1.247..3168.196 rows=6834 loops=1)
  Filter: (production_year = 1953)
  Rows Removed by Filter: 2521478
Planning time: 5.195 ms
Execution time: 3170.227 ms
