Seq Scan on cast_info ci  (cost=0.00..796071.18 rows=2735620 width=0) (actual time=6925.476..40291.743 rows=882316 loops=1)
  Filter: ((person_id < 2329378) AND (role_id = 10))
  Rows Removed by Filter: 35362028
Planning time: 0.347 ms
Execution time: 40425.603 ms
