Seq Scan on cast_info ci  (cost=0.00..705507.15 rows=12476631 width=0) (actual time=4028.709..38663.404 rows=12581860 loops=1)
  Filter: (person_id > 2423785)
  Rows Removed by Filter: 23662484
Planning time: 0.265 ms
Execution time: 41049.629 ms
