Hash Join  (cost=80661.47..211612.43 rows=734493 width=0) (actual time=4298.224..12535.613 rows=2287440 loops=1)
  Hash Cond: (mk.movie_id = t.id)
  ->  Seq Scan on movie_keyword mk  (cost=0.00..69693.30 rows=4523930 width=4) (actual time=0.020..4971.009 rows=4523930 loops=1)
  ->  Hash  (cost=73925.90..73925.90 rows=410525 width=4) (actual time=4297.302..4297.302 rows=456146 loops=1)
        Buckets: 131072  Batches: 8  Memory Usage: 3048kB
        ->  Seq Scan on title t  (cost=0.00..73925.90 rows=410525 width=4) (actual time=945.130..3951.958 rows=456146 loops=1)
              Filter: ((production_year < 2007) AND (kind_id = 1))
              Rows Removed by Filter: 2072166
Planning time: 0.727 ms
Execution time: 12872.489 ms
