Seq Scan on movie_keyword mk  (cost=0.00..81003.12 rows=10254 width=0) (actual time=0.123..3877.864 rows=8567 loops=1)
  Filter: (keyword_id = 3636)
  Rows Removed by Filter: 4515363
Planning time: 0.311 ms
Execution time: 3879.998 ms
