Seq Scan on movie_keyword mk  (cost=0.00..81003.12 rows=722491 width=0) (actual time=0.014..3626.033 rows=726893 loops=1)
  Filter: (keyword_id > 25806)
  Rows Removed by Filter: 3797037
Planning time: 0.309 ms
Execution time: 3736.488 ms
