Seq Scan on movie_keyword mk  (cost=0.00..81003.12 rows=3687779 width=0) (actual time=0.024..1649.678 rows=3685986 loops=1)
  Filter: (keyword_id > 797)
  Rows Removed by Filter: 837944
Planning time: 0.359 ms
Execution time: 2137.577 ms
