Seq Scan on cast_info ci  (cost=0.00..796071.18 rows=324 width=0) (actual time=16334.694..40907.717 rows=12 loops=1)
  Filter: ((role_id > 1) AND (person_id = 1499092))
  Rows Removed by Filter: 36244332
Planning time: 0.393 ms
Execution time: 40907.860 ms
