Hash Join  (cost=157435.94..924059.80 rows=36181 width=148) (actual time=9918.668..23053.503 rows=70355 loops=1)
  Hash Cond: (ci.movie_id = t.id)
  ->  Seq Scan on cast_info ci  (cost=0.00..705507.15 rows=16201301 width=42) (actual time=6580.700..16687.688 rows=16121683 loops=1)
        Filter: (role_id > 2)
        Rows Removed by Filter: 20122661
  ->  Hash  (cost=157365.35..157365.35 rows=5647 width=106) (actual time=3337.333..3337.333 rows=4491 loops=1)
        Buckets: 8192  Batches: 1  Memory Usage: 609kB
        ->  Hash Join  (cost=74251.74..157365.35 rows=5647 width=106) (actual time=1646.480..3333.083 rows=4491 loops=1)
              Hash Cond: (mk.movie_id = t.id)
              ->  Seq Scan on movie_keyword mk  (cost=0.00..81003.12 rows=547738 width=12) (actual time=0.027..1542.981 rows=547506 loops=1)
                    Filter: (keyword_id < 394)
                    Rows Removed by Filter: 3976424
              ->  Hash  (cost=73925.90..73925.90 rows=26067 width=94) (actual time=1645.756..1645.756 rows=27085 loops=1)
                    Buckets: 32768  Batches: 1  Memory Usage: 3179kB
                    ->  Seq Scan on title t  (cost=0.00..73925.90 rows=26067 width=94) (actual time=0.823..1631.893 rows=27085 loops=1)
                          Filter: ((kind_id < 7) AND (production_year > 2012))
                          Rows Removed by Filter: 2501227
Planning time: 4.397 ms
Execution time: 23059.210 ms
