Hash Join  (cost=74710.74..134266.75 rows=10117 width=0) (actual time=4499.143..5923.450 rows=5112 loops=1)
  Hash Cond: (mc.movie_id = t.id)
  ->  Seq Scan on movie_companies mc  (cost=0.00..57926.93 rows=407441 width=4) (actual time=1052.738..2435.355 rows=89334 loops=1)
        Filter: ((company_id > 26269) AND (company_type_id = 1))
        Rows Removed by Filter: 2519795
  ->  Hash  (cost=73925.90..73925.90 rows=62787 width=4) (actual time=3445.827..3445.827 rows=53770 loops=1)
        Buckets: 65536  Batches: 1  Memory Usage: 2403kB
        ->  Seq Scan on title t  (cost=0.00..73925.90 rows=62787 width=4) (actual time=0.077..3406.410 rows=53770 loops=1)
              Filter: ((kind_id < 7) AND (production_year = 2011))
              Rows Removed by Filter: 2474542
Planning time: 0.644 ms
Execution time: 5924.544 ms
