Hash Join  (cost=188384.08..1230029.03 rows=6182347 width=0) (actual time=7309.449..64976.195 rows=6817490 loops=1)
  Hash Cond: (ci.movie_id = t.id)
  ->  Seq Scan on cast_info ci  (cost=0.00..705507.15 rows=23499554 width=4) (actual time=0.021..42856.804 rows=23573656 loops=1)
        Filter: (role_id > 1)
        Rows Removed by Filter: 12670688
  ->  Hash  (cost=177469.91..177469.91 rows=665214 width=8) (actual time=7308.458..7308.458 rows=341340 loops=1)
        Buckets: 131072  Batches: 16  Memory Usage: 1844kB
        ->  Hash Join  (cost=92883.59..177469.91 rows=665214 width=8) (actual time=4678.953..7200.109 rows=341340 loops=1)
              Hash Cond: (mc.movie_id = t.id)
              ->  Seq Scan on movie_companies mc  (cost=0.00..57926.93 rows=1091649 width=4) (actual time=0.014..2454.841 rows=1217735 loops=1)
                    Filter: ((company_id > 394) AND (company_type_id = 2))
                    Rows Removed by Filter: 1391394
              ->  Hash  (cost=67604.59..67604.59 rows=1540800 width=4) (actual time=3408.767..3408.767 rows=1543264 loops=1)
                    Buckets: 131072  Batches: 32  Memory Usage: 2722kB
                    ->  Seq Scan on title t  (cost=0.00..67604.59 rows=1540800 width=4) (actual time=0.027..2826.307 rows=1543264 loops=1)
                          Filter: (kind_id = 7)
                          Rows Removed by Filter: 985048
Planning time: 1.111 ms
Execution time: 65782.133 ms
