Hash Join  (cost=102767.86..200995.57 rows=1264294 width=0) (actual time=1914.486..4590.071 rows=1312144 loops=1)
  Hash Cond: (mc.movie_id = t.id)
  ->  Seq Scan on movie_companies mc  (cost=0.00..57926.93 rows=1264294 width=4) (actual time=0.014..1242.622 rows=1312144 loops=1)
        Filter: ((company_id > 19) AND (company_type_id = 2))
        Rows Removed by Filter: 1296985
  ->  Hash  (cost=61283.27..61283.27 rows=2528527 width=4) (actual time=1913.399..1913.399 rows=2528312 loops=1)
        Buckets: 131072  Batches: 64  Memory Usage: 2415kB
        ->  Seq Scan on title t  (cost=0.00..61283.27 rows=2528527 width=4) (actual time=0.013..1098.483 rows=2528312 loops=1)
Planning time: 1.609 ms
Execution time: 4741.617 ms
