Seq Scan on movie_keyword mk  (cost=0.00..81003.12 rows=246 width=0) (actual time=10.849..1198.504 rows=320 loops=1)
  Filter: (keyword_id = 7080)
  Rows Removed by Filter: 4523610
Planning time: 0.348 ms
Execution time: 1198.784 ms
