Hash Join  (cost=193802.86..1273283.29 rows=4446421 width=0) (actual time=8133.830..65032.117 rows=3599387 loops=1)
  Hash Cond: (ci.movie_id = t.id)
  ->  Seq Scan on cast_info ci  (cost=0.00..614943.12 rows=36225612 width=4) (actual time=0.022..37753.753 rows=36244344 loops=1)
  ->  Hash  (cost=188710.39..188710.39 rows=310358 width=8) (actual time=8124.895..8124.895 rows=82002 loops=1)
        Buckets: 131072  Batches: 8  Memory Usage: 1433kB
        ->  Hash Join  (cost=80549.28..188710.39 rows=310358 width=8) (actual time=5537.381..8100.157 rows=82002 loops=1)
              Hash Cond: (mk.movie_id = t.id)
              ->  Seq Scan on movie_keyword mk  (cost=0.00..81003.12 rows=1943840 width=4) (actual time=0.016..3703.855 rows=1952693 loops=1)
                    Filter: (keyword_id > 6596)
                    Rows Removed by Filter: 2571237
              ->  Hash  (cost=73925.90..73925.90 rows=403710 width=4) (actual time=3404.241..3404.241 rows=434218 loops=1)
                    Buckets: 131072  Batches: 8  Memory Usage: 2941kB
                    ->  Seq Scan on title t  (cost=0.00..73925.90 rows=403710 width=4) (actual time=0.019..3229.253 rows=434218 loops=1)
                          Filter: ((production_year > 2008) AND (kind_id = 7))
                          Rows Removed by Filter: 2094094
Planning time: 3.068 ms
Execution time: 65497.827 ms
