Hash Join  (cost=67697.55..819552.20 rows=106548 width=0) (actual time=3084.776..46621.576 rows=358739 loops=1)
  Hash Cond: (ci.movie_id = t.id)
  ->  Seq Scan on cast_info ci  (cost=0.00..614943.12 rows=36225612 width=4) (actual time=1.782..31240.683 rows=36244344 loops=1)
  ->  Hash  (cost=67604.59..67604.59 rows=7437 width=4) (actual time=3081.665..3081.665 rows=23040 loops=1)
        Buckets: 32768 (originally 8192)  Batches: 1 (originally 1)  Memory Usage: 1066kB
        ->  Seq Scan on title t  (cost=0.00..67604.59 rows=7437 width=4) (actual time=0.107..3057.391 rows=23040 loops=1)
              Filter: (production_year = 1990)
              Rows Removed by Filter: 2505272
Planning time: 0.687 ms
Execution time: 46695.907 ms
