Hash Join  (cost=116159.50..172949.35 rows=39970 width=0) (actual time=2432.819..3942.997 rows=192043 loops=1)
  Hash Cond: (mc.movie_id = t.id)
  ->  Seq Scan on movie_companies mc  (cost=0.00..51404.11 rows=1329612 width=4) (actual time=0.012..927.091 rows=1334883 loops=1)
        Filter: (company_type_id = 2)
        Rows Removed by Filter: 1274246
  ->  Hash  (cost=115209.36..115209.36 rows=76011 width=8) (actual time=2431.905..2431.905 rows=168697 loops=1)
        Buckets: 131072 (originally 131072)  Batches: 4 (originally 1)  Memory Usage: 3073kB
        ->  Hash Join  (cost=76211.77..115209.36 rows=76011 width=8) (actual time=1310.678..2379.784 rows=168697 loops=1)
              Hash Cond: (mi_idx.movie_id = t.id)
              ->  Seq Scan on movie_info_idx mi_idx  (cost=0.00..21735.35 rows=1380035 width=4) (actual time=0.023..486.231 rows=1380035 loops=1)
              ->  Hash  (cost=73925.90..73925.90 rows=139269 width=4) (actual time=1309.624..1309.624 rows=239782 loops=1)
                    Buckets: 131072 (originally 131072)  Batches: 4 (originally 2)  Memory Usage: 3133kB
                    ->  Seq Scan on title t  (cost=0.00..73925.90 rows=139269 width=4) (actual time=0.048..1219.895 rows=239782 loops=1)
                          Filter: ((kind_id < 7) AND (production_year < 1969))
                          Rows Removed by Filter: 2288530
Planning time: 3.843 ms
Execution time: 3968.574 ms
