Seq Scan on movie_companies mc  (cost=0.00..51404.11 rows=3305 width=0) (actual time=6.772..814.134 rows=3362 loops=1)
  Filter: (company_id = 401)
  Rows Removed by Filter: 2605767
Planning time: 0.711 ms
Execution time: 814.926 ms
