Hash Join  (cost=184265.49..1116422.09 rows=3706057 width=0) (actual time=5792.924..27792.177 rows=5988342 loops=1)
  Hash Cond: (ci.movie_id = t.id)
  ->  Seq Scan on cast_info ci  (cost=0.00..705507.15 rows=16201301 width=4) (actual time=1752.954..14941.393 rows=16121683 loops=1)
        Filter: (role_id > 2)
        Rows Removed by Filter: 20122661
  ->  Hash  (cost=174775.47..174775.47 rows=578402 width=8) (actual time=4038.525..4038.525 rows=316839 loops=1)
        Buckets: 131072  Batches: 8  Memory Usage: 2557kB
        ->  Hash Join  (cost=92883.59..174775.47 rows=578402 width=8) (actual time=2163.347..3946.800 rows=316839 loops=1)
              Hash Cond: (mc.movie_id = t.id)
              ->  Seq Scan on movie_companies mc  (cost=0.00..57926.93 rows=949185 width=4) (actual time=327.829..1175.246 rows=1246132 loops=1)
                    Filter: ((company_id < 48955) AND (company_type_id < 2))
                    Rows Removed by Filter: 1362997
              ->  Hash  (cost=67604.59..67604.59 rows=1540800 width=4) (actual time=1833.753..1833.753 rows=1543264 loops=1)
                    Buckets: 131072  Batches: 32  Memory Usage: 2722kB
                    ->  Seq Scan on title t  (cost=0.00..67604.59 rows=1540800 width=4) (actual time=0.023..1333.593 rows=1543264 loops=1)
                          Filter: (kind_id = 7)
                          Rows Removed by Filter: 985048
Planning time: 1.140 ms
Execution time: 28448.691 ms
