Seq Scan on cast_info ci  (cost=0.00..796071.18 rows=324 width=0) (actual time=11393.216..14118.237 rows=291 loops=1)
  Filter: ((role_id > 1) AND (person_id = 2833043))
  Rows Removed by Filter: 36244053
Planning time: 0.376 ms
Execution time: 14118.376 ms
