Hash Join  (cost=160701.59..544014.00 rows=23257 width=0) (actual time=2406.410..10557.075 rows=2504920 loops=1)
  Hash Cond: (mi.movie_id = t.id)
  ->  Seq Scan on movie_info mi  (cost=0.00..309384.22 rows=14739122 width=4) (actual time=0.006..4236.947 rows=14835720 loops=1)
  ->  Hash  (cost=160651.72..160651.72 rows=3990 width=8) (actual time=2405.354..2405.354 rows=33972 loops=1)
        Buckets: 65536 (originally 4096)  Batches: 1 (originally 1)  Memory Usage: 1840kB
        ->  Hash Join  (cost=73953.78..160651.72 rows=3990 width=8) (actual time=942.936..2395.551 rows=33972 loops=1)
              Hash Cond: (mk.movie_id = t.id)
              ->  Seq Scan on movie_keyword mk  (cost=0.00..69693.30 rows=4523930 width=4) (actual time=0.026..787.691 rows=4523930 loops=1)
              ->  Hash  (cost=73925.90..73925.90 rows=2230 width=4) (actual time=942.717..942.717 rows=5852 loops=1)
                    Buckets: 8192 (originally 4096)  Batches: 1 (originally 1)  Memory Usage: 270kB
                    ->  Seq Scan on title t  (cost=0.00..73925.90 rows=2230 width=4) (actual time=0.595..939.953 rows=5852 loops=1)
                          Filter: ((kind_id < 3) AND (production_year = 1988))
                          Rows Removed by Filter: 2522460
Planning time: 1.126 ms
Execution time: 10873.646 ms
