Hash Join  (cost=74255.97..134015.54 rows=4965 width=0) (actual time=1583.411..2419.048 rows=16685 loops=1)
  Hash Cond: (mc.movie_id = t.id)
  ->  Seq Scan on movie_companies mc  (cost=0.00..57926.93 rows=475462 width=4) (actual time=347.047..983.344 rows=796153 loops=1)
        Filter: ((company_id > 18968) AND (company_type_id > 1))
        Rows Removed by Filter: 1812976
  ->  Hash  (cost=73925.90..73925.90 rows=26405 width=4) (actual time=1235.567..1235.567 rows=23926 loops=1)
        Buckets: 32768  Batches: 1  Memory Usage: 1098kB
        ->  Seq Scan on title t  (cost=0.00..73925.90 rows=26405 width=4) (actual time=0.036..1224.803 rows=23926 loops=1)
              Filter: ((kind_id < 7) AND (production_year = 2003))
              Rows Removed by Filter: 2504386
Planning time: 0.743 ms
Execution time: 2421.707 ms
