Hash Join  (cost=103954.14..860989.20 rows=624589 width=0) (actual time=1964.172..21598.360 rows=1081483 loops=1)
  Hash Cond: (ci.movie_id = t.id)
  ->  Seq Scan on cast_info ci  (cost=0.00..614943.12 rows=36225612 width=4) (actual time=0.005..8412.225 rows=36244344 loops=1)
  ->  Hash  (cost=103409.19..103409.19 rows=43596 width=8) (actual time=1963.846..1963.846 rows=44155 loops=1)
        Buckets: 65536  Batches: 1  Memory Usage: 2237kB
        ->  Hash Join  (cost=71587.82..103409.19 rows=43596 width=8) (actual time=1212.516..1947.701 rows=44155 loops=1)
              Hash Cond: (mi_idx.movie_id = t.id)
              ->  Seq Scan on movie_info_idx mi_idx  (cost=0.00..25185.44 rows=454124 width=4) (actual time=0.006..488.610 rows=459925 loops=1)
                    Filter: (info_type_id = 100)
                    Rows Removed by Filter: 920110
              ->  Hash  (cost=67604.59..67604.59 rows=242739 width=4) (actual time=1211.505..1211.505 rows=241400 loops=1)
                    Buckets: 131072  Batches: 4  Memory Usage: 3146kB
                    ->  Seq Scan on title t  (cost=0.00..67604.59 rows=242739 width=4) (actual time=0.034..1128.617 rows=241400 loops=1)
                          Filter: (production_year < 1960)
                          Rows Removed by Filter: 2286912
Planning time: 1.105 ms
Execution time: 21741.946 ms
