Hash Join  (cost=154654.97..1037967.58 rows=185185 width=0) (actual time=2796.237..24554.999 rows=1153818 loops=1)
  Hash Cond: (ci.movie_id = t.id)
  ->  Seq Scan on cast_info ci  (cost=0.00..705507.15 rows=35190720 width=4) (actual time=0.018..13804.627 rows=35330447 loops=1)
        Filter: (person_id > 95272)
        Rows Removed by Filter: 913897
  ->  Hash  (cost=154488.65..154488.65 rows=13306 width=8) (actual time=2795.970..2795.970 rows=35734 loops=1)
        Buckets: 65536 (originally 16384)  Batches: 1 (originally 1)  Memory Usage: 1908kB
        ->  Hash Join  (cost=67697.55..154488.65 rows=13306 width=8) (actual time=1015.113..2784.000 rows=35734 loops=1)
              Hash Cond: (mk.movie_id = t.id)
              ->  Seq Scan on movie_keyword mk  (cost=0.00..69693.30 rows=4523930 width=4) (actual time=0.014..907.191 rows=4523930 loops=1)
              ->  Hash  (cost=67604.59..67604.59 rows=7437 width=4) (actual time=1014.432..1014.432 rows=14284 loops=1)
                    Buckets: 16384 (originally 8192)  Batches: 1 (originally 1)  Memory Usage: 631kB
                    ->  Seq Scan on title t  (cost=0.00..67604.59 rows=7437 width=4) (actual time=0.129..1007.916 rows=14284 loops=1)
                          Filter: (production_year = 1973)
                          Rows Removed by Filter: 2514028
Planning time: 1.179 ms
Execution time: 24703.041 ms
