Hash Join  (cost=205883.77..251747.16 rows=476191 width=0) (actual time=3917.026..5219.797 rows=679927 loops=1)
  Hash Cond: (mi_idx.movie_id = t.id)
  ->  Seq Scan on movie_info_idx mi_idx  (cost=0.00..21735.35 rows=1380035 width=4) (actual time=0.019..446.327 rows=1380035 loops=1)
  ->  Hash  (cost=191568.69..191568.69 rows=872486 width=8) (actual time=3916.101..3916.101 rows=553375 loops=1)
        Buckets: 131072  Batches: 16  Memory Usage: 2366kB
        ->  Hash Join  (cost=102767.86..191568.69 rows=872486 width=8) (actual time=1893.676..3767.291 rows=553375 loops=1)
              Hash Cond: (mc.movie_id = t.id)
              ->  Seq Scan on movie_companies mc  (cost=0.00..57926.93 rows=872486 width=4) (actual time=0.034..1051.530 rows=553375 loops=1)
                    Filter: ((company_id < 21110) AND (company_type_id = 2))
                    Rows Removed by Filter: 2055754
              ->  Hash  (cost=61283.27..61283.27 rows=2528527 width=4) (actual time=1891.861..1891.861 rows=2528312 loops=1)
                    Buckets: 131072  Batches: 64  Memory Usage: 2415kB
                    ->  Seq Scan on title t  (cost=0.00..61283.27 rows=2528527 width=4) (actual time=0.016..1043.498 rows=2528312 loops=1)
Planning time: 1.192 ms
Execution time: 5297.506 ms
