Seq Scan on movie_companies mc  (cost=0.00..57926.93 rows=51 width=0) (actual time=788.968..918.571 rows=1 loops=1)
  Filter: ((company_type_id < 2) AND (company_id = 4608))
  Rows Removed by Filter: 2609128
Planning time: 0.368 ms
Execution time: 918.651 ms
