Hash Join  (cost=342350.53..2085302.25 rows=55808548 width=0) (actual time=8644.696..81970.557 rows=189244914 loops=1)
  Hash Cond: (ci.movie_id = t.id)
  ->  Seq Scan on cast_info ci  (cost=0.00..614943.12 rows=36225612 width=4) (actual time=0.019..13394.859 rows=36244344 loops=1)
  ->  Hash  (cost=278440.96..278440.96 rows=3895405 width=8) (actual time=8642.554..8642.554 rows=3702125 loops=1)
        Buckets: 131072  Batches: 64  Memory Usage: 3249kB
        ->  Hash Join  (cost=103324.96..278440.96 rows=3895405 width=8) (actual time=2066.608..7089.985 rows=3702125 loops=1)
              Hash Cond: (mk.movie_id = t.id)
              ->  Seq Scan on movie_keyword mk  (cost=0.00..69693.30 rows=4523930 width=4) (actual time=0.012..1475.346 rows=4523930 loops=1)
              ->  Hash  (cost=67604.59..67604.59 rows=2177230 width=4) (actual time=2065.473..2065.473 rows=2171163 loops=1)
                    Buckets: 131072  Batches: 32  Memory Usage: 3421kB
                    ->  Seq Scan on title t  (cost=0.00..67604.59 rows=2177230 width=4) (actual time=0.027..1350.169 rows=2171163 loops=1)
                          Filter: (production_year > 1963)
                          Rows Removed by Filter: 357149
Planning time: 1.116 ms
Execution time: 101419.474 ms
