Hash Join  (cost=173407.26..318153.31 rows=1866802 width=0) (actual time=3983.661..9413.980 rows=7041037 loops=1)
  Hash Cond: (mk.movie_id = t.id)
  ->  Seq Scan on movie_keyword mk  (cost=0.00..69693.30 rows=4523930 width=4) (actual time=0.022..1513.455 rows=4523930 loops=1)
  ->  Hash  (cost=156288.78..156288.78 rows=1043398 width=8) (actual time=3982.531..3982.531 rows=1028692 loops=1)
        Buckets: 131072  Batches: 16  Memory Usage: 3558kB
        ->  Hash Join  (cost=98969.27..156288.78 rows=1043398 width=8) (actual time=1950.755..3678.842 rows=1028692 loops=1)
              Hash Cond: (mi_idx.movie_id = t.id)
              ->  Seq Scan on movie_info_idx mi_idx  (cost=0.00..21735.35 rows=1380035 width=4) (actual time=0.030..448.697 rows=1380035 loops=1)
              ->  Hash  (cost=67604.59..67604.59 rows=1911735 width=4) (actual time=1949.580..1949.580 rows=1903258 loops=1)
                    Buckets: 131072  Batches: 32  Memory Usage: 3122kB
                    ->  Seq Scan on title t  (cost=0.00..67604.59 rows=1911735 width=4) (actual time=0.018..1337.388 rows=1903258 loops=1)
                          Filter: (production_year > 1982)
                          Rows Removed by Filter: 625054
Planning time: 1.045 ms
Execution time: 10227.516 ms
