Seq Scan on cast_info ci  (cost=0.00..796071.18 rows=332 width=0) (actual time=2510.439..13889.980 rows=46 loops=1)
  Filter: ((role_id < 4) AND (person_id = 1356414))
  Rows Removed by Filter: 36244298
Planning time: 0.387 ms
Execution time: 13890.106 ms
