Hash Join  (cost=28270.40..87192.89 rows=39 width=0) (actual time=492.338..1378.693 rows=1253 loops=1)
  Hash Cond: (mc.movie_id = t.id)
  ->  Seq Scan on movie_companies mc  (cost=0.00..57926.93 rows=265378 width=4) (actual time=0.012..947.922 rows=399181 loops=1)
        Filter: ((company_id < 531) AND (company_type_id < 2))
        Rows Removed by Filter: 2209948
  ->  Hash  (cost=28265.80..28265.80 rows=368 width=8) (actual time=371.288..371.288 rows=260 loops=1)
        Buckets: 1024  Batches: 1  Memory Usage: 19kB
        ->  Nested Loop  (cost=0.43..28265.80 rows=368 width=8) (actual time=362.702..371.170 rows=260 loops=1)
              ->  Seq Scan on movie_info_idx mi_idx  (cost=0.00..25185.44 rows=368 width=4) (actual time=362.596..366.645 rows=260 loops=1)
                    Filter: (info_type_id > 101)
                    Rows Removed by Filter: 1379775
              ->  Index Only Scan using title_pkey on title t  (cost=0.43..8.36 rows=1 width=4) (actual time=0.016..0.017 rows=1 loops=260)
                    Index Cond: (id = mi_idx.movie_id)
                    Heap Fetches: 260
Planning time: 1.097 ms
Execution time: 1379.039 ms
