Seq Scan on movie_companies mc  (cost=0.00..57926.93 rows=53 width=0) (actual time=208.659..957.717 rows=53 loops=1)
  Filter: ((company_type_id > 1) AND (company_id = 82976))
  Rows Removed by Filter: 2609076
Planning time: 0.386 ms
Execution time: 957.812 ms
