Seq Scan on movie_companies mc  (cost=0.00..57926.93 rows=997985 width=0) (actual time=96.510..1115.613 rows=1153023 loops=1)
  Filter: ((company_id > 846) AND (company_type_id = 2))
  Rows Removed by Filter: 1456106
Planning time: 0.365 ms
Execution time: 1265.767 ms
