Seq Scan on movie_companies mc  (cost=0.00..57926.93 rows=267637 width=0) (actual time=0.019..934.256 rows=403360 loops=1)
  Filter: ((company_id < 537) AND (company_type_id = 1))
  Rows Removed by Filter: 2205769
Planning time: 0.277 ms
Execution time: 985.838 ms
