Hash Join  (cost=72085.10..151019.48 rows=281786 width=0) (actual time=1214.995..3627.137 rows=528325 loops=1)
  Hash Cond: (mc.movie_id = t.id)
  ->  Seq Scan on movie_companies mc  (cost=0.00..44881.29 rows=2609129 width=4) (actual time=0.016..838.834 rows=2609129 loops=1)
  ->  Hash  (cost=67604.59..67604.59 rows=273081 width=4) (actual time=1214.147..1214.147 rows=273902 loops=1)
        Buckets: 131072  Batches: 4  Memory Usage: 3428kB
        ->  Seq Scan on title t  (cost=0.00..67604.59 rows=273081 width=4) (actual time=0.022..1119.738 rows=273902 loops=1)
              Filter: (production_year < 1963)
              Rows Removed by Filter: 2254410
Planning time: 0.824 ms
Execution time: 3694.661 ms
