Hash Join  (cost=103239.40..144432.34 rows=320888 width=0) (actual time=2229.586..3267.620 rows=249986 loops=1)
  Hash Cond: (mi_idx.movie_id = t.id)
  ->  Seq Scan on movie_info_idx mi_idx  (cost=0.00..25185.44 rows=454124 width=4) (actual time=0.336..460.050 rows=459925 loops=1)
        Filter: (info_type_id = 100)
        Rows Removed by Filter: 920110
  ->  Hash  (cost=73925.90..73925.90 rows=1786680 width=4) (actual time=2227.853..2227.853 rows=1799906 loops=1)
        Buckets: 131072  Batches: 32  Memory Usage: 3007kB
        ->  Seq Scan on title t  (cost=0.00..73925.90 rows=1786680 width=4) (actual time=1.063..1635.776 rows=1799906 loops=1)
              Filter: ((kind_id > 1) AND (production_year > 1911))
              Rows Removed by Filter: 728406
Planning time: 2.537 ms
Execution time: 3294.322 ms
