Hash Join  (cost=217848.50..365314.19 rows=2089965 width=0) (actual time=4974.588..9927.779 rows=5724563 loops=1)
  Hash Cond: (mk.movie_id = t.id)
  ->  Seq Scan on movie_keyword mk  (cost=0.00..69693.30 rows=4523930 width=4) (actual time=0.014..1494.734 rows=4523930 loops=1)
  ->  Hash  (cost=198682.89..198682.89 rows=1168129 width=8) (actual time=4973.343..4973.343 rows=1018290 loops=1)
        Buckets: 131072  Batches: 16  Memory Usage: 3510kB
        ->  Hash Join  (cost=102767.86..198682.89 rows=1168129 width=8) (actual time=2252.079..4658.919 rows=1018290 loops=1)
              Hash Cond: (mc.movie_id = t.id)
              ->  Seq Scan on movie_companies mc  (cost=0.00..57926.93 rows=1168129 width=4) (actual time=0.016..1130.467 rows=1018290 loops=1)
                    Filter: ((company_id < 91850) AND (company_type_id = 2))
                    Rows Removed by Filter: 1590839
              ->  Hash  (cost=61283.27..61283.27 rows=2528527 width=4) (actual time=2251.068..2251.068 rows=2528312 loops=1)
                    Buckets: 131072  Batches: 64  Memory Usage: 2415kB
                    ->  Seq Scan on title t  (cost=0.00..61283.27 rows=2528527 width=4) (actual time=0.021..1074.882 rows=2528312 loops=1)
Planning time: 1.749 ms
Execution time: 10581.777 ms
