Seq Scan on movie_keyword mk  (cost=0.00..81003.12 rows=1657270 width=0) (actual time=0.026..1418.097 rows=1669235 loops=1)
  Filter: (keyword_id < 2555)
  Rows Removed by Filter: 2854695
Planning time: 0.319 ms
Execution time: 1624.624 ms
