Hash Join  (cost=497876.57..1577977.39 rows=9300860 width=0) (actual time=9675.353..46700.191 rows=28957488 loops=1)
  Hash Cond: (ci.movie_id = t.id)
  ->  Seq Scan on cast_info ci  (cost=0.00..705507.15 rows=24022411 width=4) (actual time=0.015..16625.371 rows=24130698 loops=1)
        Filter: (role_id < 4)
        Rows Removed by Filter: 12113646
  ->  Hash  (cost=481814.30..481814.30 rows=978981 width=8) (actual time=9674.131..9674.131 rows=1239981 loops=1)
        Buckets: 131072 (originally 131072)  Batches: 32 (originally 16)  Memory Usage: 4091kB
        ->  Hash Join  (cost=87162.74..481814.30 rows=978981 width=8) (actual time=4477.074..9338.750 rows=1239981 loops=1)
              Hash Cond: (mi.movie_id = t.id)
              ->  Seq Scan on movie_info mi  (cost=0.00..346232.03 rows=3068194 width=4) (actual time=2947.796..5875.592 rows=3036719 loops=1)
                    Filter: (info_type_id = 16)
                    Rows Removed by Filter: 11799001
              ->  Hash  (cost=73925.90..73925.90 rows=806787 width=4) (actual time=1528.019..1528.019 rows=843018 loops=1)
                    Buckets: 131072  Batches: 16  Memory Usage: 2888kB
                    ->  Seq Scan on title t  (cost=0.00..73925.90 rows=806787 width=4) (actual time=0.032..1259.328 rows=843018 loops=1)
                          Filter: ((kind_id < 7) AND (production_year < 2011))
                          Rows Removed by Filter: 1685294
Planning time: 10.814 ms
Execution time: 49988.223 ms
