Hash Join  (cost=74769.87..991745.46 rows=803681 width=0) (actual time=1196.364..29762.654 rows=1362931 loops=1)
  Hash Cond: (ci.movie_id = t.id)
  ->  Seq Scan on cast_info ci  (cost=0.00..796071.18 rows=30098028 width=4) (actual time=0.026..18746.263 rows=31605208 loops=1)
        Filter: ((person_id < 3726289) AND (role_id < 10))
        Rows Removed by Filter: 4639136
  ->  Hash  (cost=73925.90..73925.90 rows=67517 width=4) (actual time=1195.311..1195.311 rows=81635 loops=1)
        Buckets: 131072  Batches: 1  Memory Usage: 3894kB
        ->  Seq Scan on title t  (cost=0.00..73925.90 rows=67517 width=4) (actual time=370.904..1164.744 rows=81635 loops=1)
              Filter: ((production_year < 2008) AND (kind_id = 3))
              Rows Removed by Filter: 2446677
Planning time: 1.663 ms
Execution time: 29947.579 ms
