Hash Join  (cost=75411.94..146122.34 rows=37345 width=0) (actual time=1160.024..2749.282 rows=41299 loops=1)
  Hash Cond: (mc.movie_id = t.id)
  ->  Seq Scan on movie_companies mc  (cost=0.00..57926.93 rows=1042670 width=4) (actual time=0.015..1143.592 rows=1274246 loops=1)
        Filter: ((company_id < 74905) AND (company_type_id = 1))
        Rows Removed by Filter: 1334883
  ->  Hash  (cost=73925.90..73925.90 rows=90563 width=4) (actual time=1158.743..1158.743 rows=80990 loops=1)
        Buckets: 131072  Batches: 2  Memory Usage: 2450kB
        ->  Seq Scan on title t  (cost=0.00..73925.90 rows=90563 width=4) (actual time=0.025..1127.382 rows=80990 loops=1)
              Filter: ((kind_id < 7) AND (production_year > 2011))
              Rows Removed by Filter: 2447322
Planning time: 0.750 ms
Execution time: 2755.580 ms
