Seq Scan on cast_info ci  (cost=0.00..796071.18 rows=877872 width=0) (actual time=7527.399..11236.582 rows=811499 loops=1)
  Filter: ((person_id < 1134812) AND (role_id = 4))
  Rows Removed by Filter: 35432845
Planning time: 0.472 ms
Execution time: 11335.426 ms
