Hash Join  (cost=83074.47..435120.31 rows=107 width=0) (actual time=3673.356..6798.304 rows=4540 loops=1)
  Hash Cond: (mi.movie_id = t.id)
  ->  Seq Scan on movie_info mi  (cost=0.00..346232.03 rows=1550064 width=4) (actual time=2238.136..5103.755 rows=1533909 loops=1)
        Filter: (info_type_id = 3)
        Rows Removed by Filter: 13301811
  ->  Hash  (cost=83072.29..83072.29 rows=175 width=8) (actual time=1434.422..1434.422 rows=3227 loops=1)
        Buckets: 4096 (originally 1024)  Batches: 1 (originally 1)  Memory Usage: 159kB
        ->  Nested Loop  (cost=0.43..83072.29 rows=175 width=8) (actual time=0.141..1432.401 rows=3227 loops=1)
              ->  Seq Scan on movie_keyword mk  (cost=0.00..81003.12 rows=246 width=4) (actual time=0.083..1317.656 rows=3515 loops=1)
                    Filter: (keyword_id = 2440)
                    Rows Removed by Filter: 4520415
              ->  Index Scan using title_pkey on title t  (cost=0.43..8.40 rows=1 width=4) (actual time=0.031..0.032 rows=1 loops=3515)
                    Index Cond: (id = mk.movie_id)
                    Filter: (production_year < 2009)
                    Rows Removed by Filter: 0
Planning time: 1.219 ms
Execution time: 6799.293 ms
