Seq Scan on cast_info ci  (cost=0.00..705507.15 rows=30503745 width=0) (actual time=0.027..13264.628 rows=30472334 loops=1)
  Filter: (person_id < 3068551)
  Rows Removed by Filter: 5772010
Planning time: 0.319 ms
Execution time: 16924.585 ms
