Seq Scan on cast_info ci  (cost=0.00..705507.15 rows=15918805 width=0) (actual time=0.024..12711.841 rows=15816572 loops=1)
  Filter: (person_id < 1563038)
  Rows Removed by Filter: 20427772
Planning time: 7.265 ms
Execution time: 14679.566 ms
