Hash Join  (cost=69803.74..1123330.48 rows=1919958 width=0) (actual time=1127.329..28261.223 rows=923117 loops=1)
  Hash Cond: (ci.movie_id = t.id)
  ->  Seq Scan on cast_info ci  (cost=0.00..614943.12 rows=36225612 width=4) (actual time=0.009..12945.854 rows=36244344 loops=1)
  ->  Hash  (cost=67604.59..67604.59 rows=134012 width=4) (actual time=1125.585..1125.585 rows=135918 loops=1)
        Buckets: 131072  Batches: 2  Memory Usage: 3410kB
        ->  Seq Scan on title t  (cost=0.00..67604.59 rows=134012 width=4) (actual time=175.701..1078.835 rows=135918 loops=1)
              Filter: (production_year < 1938)
              Rows Removed by Filter: 2392394
Planning time: 0.670 ms
Execution time: 28391.626 ms
