Seq Scan on cast_info ci  (cost=0.00..796071.18 rows=1776863 width=0) (actual time=5644.229..14077.061 rows=2564382 loops=1)
  Filter: ((person_id > 2008341) AND (role_id = 3))
  Rows Removed by Filter: 33679962
Planning time: 0.354 ms
Execution time: 14396.754 ms
