Hash Join  (cost=102767.86..226398.06 rows=2591021 width=0) (actual time=2005.921..5628.539 rows=2592359 loops=1)
  Hash Cond: (mc.movie_id = t.id)
  ->  Seq Scan on movie_companies mc  (cost=0.00..51404.11 rows=2591021 width=4) (actual time=0.035..1228.002 rows=2592359 loops=1)
        Filter: (company_id < 219223)
        Rows Removed by Filter: 16770
  ->  Hash  (cost=61283.27..61283.27 rows=2528527 width=4) (actual time=2005.090..2005.090 rows=2528312 loops=1)
        Buckets: 131072  Batches: 64  Memory Usage: 2415kB
        ->  Seq Scan on title t  (cost=0.00..61283.27 rows=2528527 width=4) (actual time=0.014..1123.776 rows=2528312 loops=1)
Planning time: 8.567 ms
Execution time: 5913.211 ms
