Hash Join  (cost=74181.07..914279.56 rows=92785 width=0) (actual time=1155.573..17205.315 rows=48014 loops=1)
  Hash Cond: (ci.movie_id = t.id)
  ->  Seq Scan on cast_info ci  (cost=0.00..796071.18 rows=11493189 width=4) (actual time=0.025..14517.090 rows=5919680 loops=1)
        Filter: ((person_id < 2655816) AND (role_id > 2))
        Rows Removed by Filter: 30324664
  ->  Hash  (cost=73925.90..73925.90 rows=20413 width=4) (actual time=1155.334..1155.334 rows=17357 loops=1)
        Buckets: 32768  Batches: 1  Memory Usage: 867kB
        ->  Seq Scan on title t  (cost=0.00..73925.90 rows=20413 width=4) (actual time=0.180..1147.624 rows=17357 loops=1)
              Filter: ((kind_id < 7) AND (production_year = 2000))
              Rows Removed by Filter: 2510955
Planning time: 0.745 ms
Execution time: 17215.078 ms
