Hash Join  (cost=975471.36..1077246.81 rows=1702052 width=0) (actual time=14126.915..16092.903 rows=3799 loops=1)
  Hash Cond: (mc.movie_id = t.id)
  ->  Seq Scan on movie_companies mc  (cost=0.00..44881.29 rows=2609129 width=4) (actual time=0.023..975.432 rows=2609129 loops=1)
  ->  Hash  (cost=948408.96..948408.96 rows=1649472 width=8) (actual time=14035.725..14035.725 rows=1540 loops=1)
        Buckets: 131072  Batches: 32  Memory Usage: 1026kB
        ->  Hash Join  (cost=102767.86..948408.96 rows=1649472 width=8) (actual time=3191.399..14033.933 rows=1540 loops=1)
              Hash Cond: (ci.movie_id = t.id)
              ->  Seq Scan on cast_info ci  (cost=0.00..796071.18 rows=1649472 width=4) (actual time=1091.803..11567.035 rows=1540 loops=1)
                    Filter: ((person_id < 788259) AND (role_id = 2))
                    Rows Removed by Filter: 36242804
              ->  Hash  (cost=61283.27..61283.27 rows=2528527 width=4) (actual time=2066.012..2066.012 rows=2528312 loops=1)
                    Buckets: 131072  Batches: 64  Memory Usage: 2415kB
                    ->  Seq Scan on title t  (cost=0.00..61283.27 rows=2528527 width=4) (actual time=0.017..1197.503 rows=2528312 loops=1)
Planning time: 1.129 ms
Execution time: 16093.652 ms
