Hash Join  (cost=709678.15..796515.22 rows=307 width=0) (actual time=11208.112..12891.869 rows=82 loops=1)
  Hash Cond: (mk.movie_id = t.id)
  ->  Seq Scan on movie_keyword mk  (cost=0.00..81003.12 rows=1554899 width=4) (actual time=0.018..1507.017 rows=1570307 loops=1)
        Filter: (keyword_id > 9980)
        Rows Removed by Filter: 2953623
  ->  Hash  (cost=709671.90..709671.90 rows=500 width=8) (actual time=11140.060..11140.060 rows=2347 loops=1)
        Buckets: 4096 (originally 1024)  Batches: 1 (originally 1)  Memory Usage: 124kB
        ->  Nested Loop  (cost=0.43..709671.90 rows=500 width=8) (actual time=237.222..11138.895 rows=2347 loops=1)
              ->  Seq Scan on cast_info ci  (cost=0.00..705507.15 rows=500 width=4) (actual time=237.120..11095.015 rows=2347 loops=1)
                    Filter: (person_id = 742222)
                    Rows Removed by Filter: 36241997
              ->  Index Only Scan using title_pkey on title t  (cost=0.43..8.32 rows=1 width=4) (actual time=0.018..0.018 rows=1 loops=2347)
                    Index Cond: (id = ci.movie_id)
                    Heap Fetches: 2347
Planning time: 0.767 ms
Execution time: 12891.972 ms
