Hash Join  (cost=230861.70..724717.96 rows=3446207 width=0) (actual time=4778.220..21927.187 rows=23883130 loops=1)
  Hash Cond: (mi.movie_id = t.id)
  ->  Seq Scan on movie_info mi  (cost=0.00..346232.03 rows=9476311 width=4) (actual time=0.014..6795.864 rows=9565151 loops=1)
        Filter: (info_type_id < 16)
        Rows Removed by Filter: 5270569
  ->  Hash  (cost=215775.48..215775.48 rows=919538 width=8) (actual time=4777.046..4777.046 rows=909252 loops=1)
        Buckets: 131072  Batches: 16  Memory Usage: 3367kB
        ->  Hash Join  (cost=102767.86..215775.48 rows=919538 width=8) (actual time=1952.081..4516.152 rows=909252 loops=1)
              Hash Cond: (mk.movie_id = t.id)
              ->  Seq Scan on movie_keyword mk  (cost=0.00..81003.12 rows=919538 width=4) (actual time=8.452..1477.882 rows=909252 loops=1)
                    Filter: (keyword_id > 20342)
                    Rows Removed by Filter: 3614678
              ->  Hash  (cost=61283.27..61283.27 rows=2528527 width=4) (actual time=1941.906..1941.906 rows=2528312 loops=1)
                    Buckets: 131072  Batches: 64  Memory Usage: 2425kB
                    ->  Seq Scan on title t  (cost=0.00..61283.27 rows=2528527 width=4) (actual time=0.020..1090.942 rows=2528312 loops=1)
Planning time: 0.844 ms
Execution time: 24604.197 ms
