Nested Loop  (cost=0.43..798385.45 rows=276 width=0) (actual time=13499.168..14616.614 rows=1 loops=1)
  ->  Seq Scan on cast_info ci  (cost=0.00..796071.18 rows=276 width=4) (actual time=13498.992..14616.435 rows=1 loops=1)
        Filter: ((role_id < 3) AND (person_id = 1689677))
        Rows Removed by Filter: 36244343
  ->  Index Only Scan using title_pkey on title t  (cost=0.43..8.38 rows=1 width=4) (actual time=0.113..0.114 rows=1 loops=1)
        Index Cond: (id = ci.movie_id)
        Heap Fetches: 1
Planning time: 2.324 ms
Execution time: 14616.686 ms
