Hash Join  (cost=28270.40..89471.80 rows=127 width=0) (actual time=431.269..1602.187 rows=290 loops=1)
  Hash Cond: (mc.movie_id = t.id)
  ->  Seq Scan on movie_companies mc  (cost=0.00..57926.93 rows=872852 width=4) (actual time=0.041..1093.337 rows=553710 loops=1)
        Filter: ((company_id < 21162) AND (company_type_id > 1))
        Rows Removed by Filter: 2055419
  ->  Hash  (cost=28265.80..28265.80 rows=368 width=8) (actual time=428.908..428.908 rows=260 loops=1)
        Buckets: 1024  Batches: 1  Memory Usage: 19kB
        ->  Nested Loop  (cost=0.43..28265.80 rows=368 width=8) (actual time=422.894..428.841 rows=260 loops=1)
              ->  Seq Scan on movie_info_idx mi_idx  (cost=0.00..25185.44 rows=368 width=4) (actual time=422.804..425.297 rows=260 loops=1)
                    Filter: (info_type_id > 101)
                    Rows Removed by Filter: 1379775
              ->  Index Only Scan using title_pkey on title t  (cost=0.43..8.36 rows=1 width=4) (actual time=0.013..0.013 rows=1 loops=260)
                    Index Cond: (id = mi_idx.movie_id)
                    Heap Fetches: 260
Planning time: 1.080 ms
Execution time: 1602.403 ms
