Hash Join  (cost=67697.55..122439.81 rows=7674 width=0) (actual time=681.721..1828.006 rows=23502 loops=1)
  Hash Cond: (mc.movie_id = t.id)
  ->  Seq Scan on movie_companies mc  (cost=0.00..44881.29 rows=2609129 width=4) (actual time=0.013..566.535 rows=2609129 loops=1)
  ->  Hash  (cost=67604.59..67604.59 rows=7437 width=4) (actual time=681.633..681.633 rows=20122 loops=1)
        Buckets: 32768 (originally 8192)  Batches: 1 (originally 1)  Memory Usage: 964kB
        ->  Seq Scan on title t  (cost=0.00..67604.59 rows=7437 width=4) (actual time=0.027..675.334 rows=20122 loops=1)
              Filter: (production_year = 1987)
              Rows Removed by Filter: 2508190
Planning time: 0.680 ms
Execution time: 1831.741 ms
