Hash Join  (cost=882848.37..1479897.54 rows=9261234 width=0) (actual time=17942.839..33407.283 rows=7684888 loops=1)
  Hash Cond: (mi.movie_id = t.id)
  ->  Seq Scan on movie_info mi  (cost=0.00..309384.22 rows=14739122 width=4) (actual time=0.015..5979.676 rows=14835720 loops=1)
  ->  Hash  (cost=856781.57..856781.57 rows=1588784 width=8) (actual time=17941.974..17941.974 rows=1598708 loops=1)
        Buckets: 131072  Batches: 32  Memory Usage: 2956kB
        ->  Hash Join  (cost=98024.21..856781.57 rows=1588784 width=8) (actual time=9667.471..17213.765 rows=1598708 loops=1)
              Hash Cond: (ci.movie_id = t.id)
              ->  Seq Scan on cast_info ci  (cost=0.00..705507.15 rows=2735034 width=4) (actual time=7670.503..13078.820 rows=2728943 loops=1)
                    Filter: (role_id = 4)
                    Rows Removed by Filter: 33515401
              ->  Hash  (cost=73925.90..73925.90 rows=1468824 width=4) (actual time=1995.241..1995.241 rows=1451272 loops=1)
                    Buckets: 131072  Batches: 32  Memory Usage: 2618kB
                    ->  Seq Scan on title t  (cost=0.00..73925.90 rows=1468824 width=4) (actual time=0.036..1540.098 rows=1451272 loops=1)
                          Filter: ((kind_id > 3) AND (production_year < 2012))
                          Rows Removed by Filter: 1077040
Planning time: 1.238 ms
Execution time: 34282.081 ms
