Seq Scan on movie_companies mc  (cost=0.00..57926.93 rows=507104 width=0) (actual time=0.006..873.851 rows=819693 loops=1)
  Filter: ((company_id > 16547) AND (company_type_id > 1))
  Rows Removed by Filter: 1789436
Planning time: 0.241 ms
Execution time: 968.900 ms
