Hash Join  (cost=79841.74..139403.60 rows=2477 width=0) (actual time=1395.256..2179.609 rows=124 loops=1)
  Hash Cond: (mc.movie_id = t.id)
  ->  Seq Scan on movie_companies mc  (cost=0.00..57926.93 rows=17374 width=4) (actual time=38.607..923.690 rows=619 loops=1)
        Filter: ((company_id = 160) AND (company_type_id = 2))
        Rows Removed by Filter: 2608510
  ->  Hash  (cost=73925.90..73925.90 rows=360547 width=4) (actual time=1226.314..1226.314 rows=243152 loops=1)
        Buckets: 131072  Batches: 8  Memory Usage: 2080kB
        ->  Seq Scan on title t  (cost=0.00..73925.90 rows=360547 width=4) (actual time=208.214..1147.786 rows=243152 loops=1)
              Filter: ((production_year < 1985) AND (kind_id = 7))
              Rows Removed by Filter: 2285160
Planning time: 3.736 ms
Execution time: 2179.710 ms
