Hash Join  (cost=91219.03..1280145.74 rows=15100554 width=0) (actual time=1628.260..40147.604 rows=16909725 loops=1)
  Hash Cond: (ci.movie_id = t.id)
  ->  Seq Scan on cast_info ci  (cost=0.00..614943.12 rows=36225612 width=4) (actual time=0.017..13246.964 rows=36244344 loops=1)
  ->  Hash  (cost=73925.90..73925.90 rows=1054010 width=4) (actual time=1627.431..1627.431 rows=1148948 loops=1)
        Buckets: 131072  Batches: 16  Memory Usage: 3556kB
        ->  Seq Scan on title t  (cost=0.00..73925.90 rows=1054010 width=4) (actual time=0.020..1291.796 rows=1148948 loops=1)
              Filter: ((production_year > 1991) AND (kind_id = 7))
              Rows Removed by Filter: 1379364
Planning time: 1.725 ms
Execution time: 42159.844 ms
