Hash Join  (cost=144265.79..268959.18 rows=143709 width=0) (actual time=2773.380..5276.204 rows=46937 loops=1)
  Hash Cond: (mk.movie_id = t.id)
  ->  Seq Scan on movie_keyword mk  (cost=0.00..81003.12 rows=3620314 width=4) (actual time=0.025..1540.943 rows=3622121 loops=1)
        Filter: (keyword_id < 20476)
        Rows Removed by Filter: 901809
  ->  Hash  (cost=142618.17..142618.17 rows=100370 width=8) (actual time=2769.437..2769.437 rows=44153 loops=1)
        Buckets: 131072  Batches: 2  Memory Usage: 1892kB
        ->  Hash Join  (cost=78414.48..142618.17 rows=100370 width=8) (actual time=1361.910..2752.512 rows=44153 loops=1)
              Hash Cond: (mc.movie_id = t.id)
              ->  Seq Scan on movie_companies mc  (cost=0.00..51404.11 rows=927700 width=4) (actual time=0.051..976.743 rows=935659 loops=1)
                    Filter: (company_id > 19209)
                    Rows Removed by Filter: 1673470
              ->  Hash  (cost=73925.90..73925.90 rows=273566 width=4) (actual time=1360.183..1360.183 rows=139974 loops=1)
                    Buckets: 131072  Batches: 4  Memory Usage: 2253kB
                    ->  Seq Scan on title t  (cost=0.00..73925.90 rows=273566 width=4) (actual time=0.028..1311.175 rows=139974 loops=1)
                          Filter: ((kind_id > 1) AND (production_year < 1970))
                          Rows Removed by Filter: 2388338
Planning time: 1.085 ms
Execution time: 5281.477 ms
