Hash Join  (cost=101400.16..189743.03 rows=9487 width=0) (actual time=867.327..1601.157 rows=103018 loops=1)
  Hash Cond: (mk.movie_id = t.id)
  ->  Seq Scan on movie_keyword mk  (cost=0.00..81003.12 rows=1931968 width=4) (actual time=0.033..567.760 rows=1941574 loops=1)
        Filter: (keyword_id > 6753)
        Rows Removed by Filter: 2582356
  ->  Hash  (cost=101244.94..101244.94 rows=12417 width=8) (actual time=866.658..866.658 rows=25587 loops=1)
        Buckets: 32768 (originally 16384)  Batches: 1 (originally 1)  Memory Usage: 1256kB
        ->  Hash Join  (cost=74210.29..101244.94 rows=12417 width=8) (actual time=561.368..860.954 rows=25587 loops=1)
              Hash Cond: (mi_idx.movie_id = t.id)
              ->  Seq Scan on movie_info_idx mi_idx  (cost=0.00..21735.35 rows=1380035 width=4) (actual time=0.012..127.391 rows=1380035 loops=1)
              ->  Hash  (cost=73925.90..73925.90 rows=22751 width=4) (actual time=561.175..561.175 rows=18892 loops=1)
                    Buckets: 32768  Batches: 1  Memory Usage: 921kB
                    ->  Seq Scan on title t  (cost=0.00..73925.90 rows=22751 width=4) (actual time=0.053..555.680 rows=18892 loops=1)
                          Filter: ((kind_id < 7) AND (production_year = 2001))
                          Rows Removed by Filter: 2509420
Planning time: 1.089 ms
Execution time: 1607.934 ms
