Seq Scan on cast_info ci  (cost=0.00..705507.15 rows=500 width=0) (actual time=3195.033..11273.071 rows=966 loops=1)
  Filter: (person_id = 780136)
  Rows Removed by Filter: 36243378
Planning time: 0.339 ms
Execution time: 11273.297 ms
