Nested Loop  (cost=0.43..77935.75 rows=3479 width=0) (actual time=0.215..900.449 rows=3529 loops=1)
  ->  Seq Scan on movie_companies mc  (cost=0.00..51404.11 rows=3479 width=4) (actual time=0.163..801.906 rows=3529 loops=1)
        Filter: (company_id = 419)
        Rows Removed by Filter: 2605600
  ->  Index Only Scan using title_pkey on title t  (cost=0.43..7.62 rows=1 width=4) (actual time=0.027..0.027 rows=1 loops=3529)
        Index Cond: (id = mc.movie_id)
        Heap Fetches: 3529
Planning time: 0.728 ms
Execution time: 901.478 ms
