Hash Join  (cost=83073.49..137740.00 rows=99 width=0) (actual time=1483.646..2424.185 rows=35 loops=1)
  Hash Cond: (mc.movie_id = t.id)
  ->  Seq Scan on movie_companies mc  (cost=0.00..44881.29 rows=2609129 width=4) (actual time=0.025..694.786 rows=2609129 loops=1)
  ->  Hash  (cost=83072.29..83072.29 rows=96 width=8) (actual time=1265.506..1265.506 rows=6 loops=1)
        Buckets: 1024  Batches: 1  Memory Usage: 9kB
        ->  Nested Loop  (cost=0.43..83072.29 rows=96 width=8) (actual time=122.848..1265.483 rows=6 loops=1)
              ->  Seq Scan on movie_keyword mk  (cost=0.00..81003.12 rows=246 width=4) (actual time=122.779..1265.049 rows=7 loops=1)
                    Filter: (keyword_id = 45697)
                    Rows Removed by Filter: 4523923
              ->  Index Scan using title_pkey on title t  (cost=0.43..8.40 rows=1 width=4) (actual time=0.054..0.055 rows=1 loops=7)
                    Index Cond: (id = mk.movie_id)
                    Filter: (kind_id < 7)
                    Rows Removed by Filter: 0
Planning time: 2.526 ms
Execution time: 2424.364 ms
