Seq Scan on movie_keyword mk  (cost=0.00..81003.12 rows=604658 width=0) (actual time=0.021..1420.629 rows=606746 loops=1)
  Filter: (keyword_id < 460)
  Rows Removed by Filter: 3917184
Planning time: 0.337 ms
Execution time: 1498.556 ms
