Hash Join  (cost=102767.86..179119.05 rows=355093 width=0) (actual time=2114.703..3892.398 rows=505266 loops=1)
  Hash Cond: (mc.movie_id = t.id)
  ->  Seq Scan on movie_companies mc  (cost=0.00..57926.93 rows=355093 width=4) (actual time=100.010..809.290 rows=505266 loops=1)
        Filter: ((company_id < 1375) AND (company_type_id < 2))
        Rows Removed by Filter: 2103863
  ->  Hash  (cost=61283.27..61283.27 rows=2528527 width=4) (actual time=2013.342..2013.342 rows=2528312 loops=1)
        Buckets: 131072  Batches: 64  Memory Usage: 2415kB
        ->  Seq Scan on title t  (cost=0.00..61283.27 rows=2528527 width=4) (actual time=0.025..1144.111 rows=2528312 loops=1)
Planning time: 0.748 ms
Execution time: 3950.294 ms
