Nested Loop  (cost=0.43..83072.90 rows=39 width=0) (actual time=121.335..1236.003 rows=55 loops=1)
  ->  Seq Scan on movie_keyword mk  (cost=0.00..81003.12 rows=246 width=4) (actual time=9.996..1208.815 rows=467 loops=1)
        Filter: (keyword_id = 8533)
        Rows Removed by Filter: 4523463
  ->  Index Scan using title_pkey on title t  (cost=0.43..8.40 rows=1 width=4) (actual time=0.057..0.057 rows=0 loops=467)
        Index Cond: (id = mk.movie_id)
        Filter: ((production_year > 2008) AND (kind_id = 7))
        Rows Removed by Filter: 1
Planning time: 0.888 ms
Execution time: 1236.109 ms
