Hash Join  (cost=74050.79..142335.84 rows=104505 width=0) (actual time=1619.289..3182.340 rows=85103 loops=1)
  Hash Cond: (mc.movie_id = t.id)
  ->  Seq Scan on movie_companies mc  (cost=0.00..57926.93 rows=672551 width=4) (actual time=0.026..1069.079 rows=916334 loops=1)
        Filter: ((company_id < 11662) AND (company_type_id = 1))
        Rows Removed by Filter: 1692795
  ->  Hash  (cost=67604.59..67604.59 rows=392896 width=4) (actual time=1618.232..1618.232 rows=391666 loops=1)
        Buckets: 131072  Batches: 8  Memory Usage: 2753kB
        ->  Seq Scan on title t  (cost=0.00..67604.59 rows=392896 width=4) (actual time=0.005..1063.963 rows=391666 loops=1)
              Filter: (production_year > 2010)
              Rows Removed by Filter: 2136646
Planning time: 4.841 ms
Execution time: 3193.943 ms
