Hash Join  (cost=200108.58..331891.84 rows=957429 width=0) (actual time=4600.615..11903.715 rows=16425539 loops=1)
  Hash Cond: (mk.movie_id = t.id)
  ->  Seq Scan on movie_keyword mk  (cost=0.00..81003.12 rows=3317027 width=4) (actual time=0.023..1793.115 rows=3319318 loops=1)
        Filter: (keyword_id > 1512)
        Rows Removed by Filter: 1204612
  ->  Hash  (cost=188134.63..188134.63 rows=729836 width=8) (actual time=4599.706..4599.706 rows=1005821 loops=1)
        Buckets: 131072  Batches: 16  Memory Usage: 3522kB
        ->  Hash Join  (cost=102767.86..188134.63 rows=729836 width=8) (actual time=1975.907..4307.542 rows=1005821 loops=1)
              Hash Cond: (mc.movie_id = t.id)
              ->  Seq Scan on movie_companies mc  (cost=0.00..57926.93 rows=729836 width=4) (actual time=0.031..1094.191 rows=1005821 loops=1)
                    Filter: ((company_id < 13543) AND (company_type_id = 1))
                    Rows Removed by Filter: 1603308
              ->  Hash  (cost=61283.27..61283.27 rows=2528527 width=4) (actual time=1974.705..1974.705 rows=2528312 loops=1)
                    Buckets: 131072  Batches: 64  Memory Usage: 2415kB
                    ->  Seq Scan on title t  (cost=0.00..61283.27 rows=2528527 width=4) (actual time=0.016..1132.859 rows=2528312 loops=1)
Planning time: 1.504 ms
Execution time: 13888.155 ms
