Seq Scan on movie_companies mc  (cost=0.00..57926.93 rows=219449 width=0) (actual time=308.389..949.749 rows=338110 loops=1)
  Filter: ((company_id < 352) AND (company_type_id = 1))
  Rows Removed by Filter: 2271019
Planning time: 0.389 ms
Execution time: 991.094 ms
