Seq Scan on title t  (cost=0.00..73925.90 rows=9590 width=0) (actual time=4.304..1175.785 rows=5862 loops=1)
  Filter: ((kind_id = 1) AND (production_year = 1996))
  Rows Removed by Filter: 2522450
Planning time: 0.367 ms
Execution time: 1177.099 ms
