Seq Scan on cast_info ci  (cost=0.00..796071.18 rows=9341218 width=0) (actual time=1801.998..15748.544 rows=12670688 loops=1)
  Filter: ((person_id < 2747142) AND (role_id < 2))
  Rows Removed by Filter: 23573656
Planning time: 0.388 ms
Execution time: 17244.641 ms
