Hash Join  (cost=105939.19..217488.22 rows=2411010 width=0) (actual time=2102.337..5521.492 rows=2336343 loops=1)
  Hash Cond: (mc.movie_id = t.id)
  ->  Seq Scan on movie_companies mc  (cost=0.00..44881.29 rows=2609129 width=4) (actual time=0.021..951.238 rows=2609129 loops=1)
  ->  Hash  (cost=67604.59..67604.59 rows=2336528 width=4) (actual time=2101.496..2101.496 rows=2328360 loops=1)
        Buckets: 131072  Batches: 32  Memory Usage: 3585kB
        ->  Seq Scan on title t  (cost=0.00..67604.59 rows=2336528 width=4) (actual time=0.031..1365.854 rows=2328360 loops=1)
              Filter: (production_year > 1934)
              Rows Removed by Filter: 199952
Planning time: 0.757 ms
Execution time: 5810.260 ms
