Seq Scan on movie_companies mc  (cost=0.00..51404.11 rows=232070 width=0) (actual time=0.042..799.832 rows=229604 loops=1)
  Filter: (company_id < 92)
  Rows Removed by Filter: 2379525
Planning time: 0.244 ms
Execution time: 829.441 ms
