Hash Join  (cost=88171.38..621982.40 rows=5061309 width=0) (actual time=1532.928..17230.865 rows=8525193 loops=1)
  Hash Cond: (mi.movie_id = t.id)
  ->  Seq Scan on movie_info mi  (cost=0.00..309384.22 rows=14739122 width=4) (actual time=0.019..5882.157 rows=14835720 loops=1)
  ->  Hash  (cost=73925.90..73925.90 rows=868278 width=4) (actual time=1525.323..1525.323 rows=782805 loops=1)
        Buckets: 131072  Batches: 16  Memory Usage: 2755kB
        ->  Seq Scan on title t  (cost=0.00..73925.90 rows=868278 width=4) (actual time=0.018..1274.856 rows=782805 loops=1)
              Filter: ((kind_id < 7) AND (production_year > 1959))
              Rows Removed by Filter: 1745507
Planning time: 0.734 ms
Execution time: 18211.686 ms
