Hash Join  (cost=52284.99..416946.98 rows=606 width=0) (actual time=941.001..7980.020 rows=576 loops=1)
  Hash Cond: (mi.movie_id = t.id)
  ->  Seq Scan on movie_info mi  (cost=0.00..309384.22 rows=14739122 width=4) (actual time=0.018..4441.896 rows=14835720 loops=1)
  ->  Hash  (cost=52283.69..52283.69 rows=104 width=8) (actual time=812.064..812.064 rows=59 loops=1)
        Buckets: 1024  Batches: 1  Memory Usage: 11kB
        ->  Nested Loop  (cost=0.43..52283.69 rows=104 width=8) (actual time=4.699..812.008 rows=59 loops=1)
              ->  Seq Scan on movie_companies mc  (cost=0.00..51404.11 rows=104 width=4) (actual time=4.608..809.222 rows=59 loops=1)
                    Filter: (company_id = 4175)
                    Rows Removed by Filter: 2609070
              ->  Index Only Scan using title_pkey on title t  (cost=0.43..8.45 rows=1 width=4) (actual time=0.044..0.045 rows=1 loops=59)
                    Index Cond: (id = mc.movie_id)
                    Heap Fetches: 59
Planning time: 1.194 ms
Execution time: 7980.355 ms
