Hash Join  (cost=73953.78..100876.43 rows=1217 width=0) (actual time=1022.165..1584.868 rows=4113 loops=1)
  Hash Cond: (mi_idx.movie_id = t.id)
  ->  Seq Scan on movie_info_idx mi_idx  (cost=0.00..21735.35 rows=1380035 width=4) (actual time=0.036..273.592 rows=1380035 loops=1)
  ->  Hash  (cost=73925.90..73925.90 rows=2230 width=4) (actual time=1021.487..1021.487 rows=3390 loops=1)
        Buckets: 4096  Batches: 1  Memory Usage: 152kB
        ->  Seq Scan on title t  (cost=0.00..73925.90 rows=2230 width=4) (actual time=0.094..1019.778 rows=3390 loops=1)
              Filter: ((kind_id < 3) AND (production_year = 1957))
              Rows Removed by Filter: 2524922
Planning time: 0.671 ms
Execution time: 1585.596 ms
