Hash Join  (cost=186630.14..307887.10 rows=824029 width=0) (actual time=4417.000..7873.007 rows=4801649 loops=1)
  Hash Cond: (mk.movie_id = t.id)
  ->  Seq Scan on movie_keyword mk  (cost=0.00..81003.12 rows=2485478 width=4) (actual time=0.024..1479.449 rows=2480656 loops=1)
        Filter: (keyword_id > 3644)
        Rows Removed by Filter: 2043274
  ->  Hash  (cost=172876.38..172876.38 rows=838301 width=8) (actual time=4415.153..4415.153 rows=636550 loops=1)
        Buckets: 131072  Batches: 16  Memory Usage: 2592kB
        ->  Hash Join  (cost=82423.69..172876.38 rows=838301 width=8) (actual time=1381.303..4169.432 rows=636550 loops=1)
              Hash Cond: (mc.movie_id = t.id)
              ->  Seq Scan on movie_companies mc  (cost=0.00..51404.11 rows=2346819 width=4) (actual time=0.023..1103.434 rows=2342621 loops=1)
                    Filter: (company_id < 98388)
                    Rows Removed by Filter: 266508
              ->  Hash  (cost=67604.59..67604.59 rows=903208 width=4) (actual time=1380.198..1380.198 rows=904491 loops=1)
                    Buckets: 131072  Batches: 16  Memory Usage: 3010kB
                    ->  Seq Scan on title t  (cost=0.00..67604.59 rows=903208 width=4) (actual time=0.011..1095.066 rows=904491 loops=1)
                          Filter: (production_year > 2006)
                          Rows Removed by Filter: 1623821
Planning time: 1.156 ms
Execution time: 8347.735 ms
