Seq Scan on cast_info ci  (cost=0.00..705507.15 rows=21084739 width=0) (actual time=0.022..12609.517 rows=20954848 loops=1)
  Filter: (person_id < 2112987)
  Rows Removed by Filter: 15289496
Planning time: 0.319 ms
Execution time: 15143.438 ms
