Hash Join  (cost=89678.24..232609.09 rows=1717781 width=0) (actual time=1776.274..6421.833 rows=3864487 loops=1)
  Hash Cond: (mk.movie_id = t.id)
  ->  Seq Scan on movie_keyword mk  (cost=0.00..69693.30 rows=4523930 width=4) (actual time=0.024..1530.085 rows=4523930 loops=1)
  ->  Hash  (cost=73925.90..73925.90 rows=960107 width=4) (actual time=1774.974..1774.974 rows=977778 loops=1)
        Buckets: 131072  Batches: 16  Memory Usage: 3181kB
        ->  Seq Scan on title t  (cost=0.00..73925.90 rows=960107 width=4) (actual time=0.018..1208.859 rows=977778 loops=1)
              Filter: ((kind_id < 7) AND (production_year > 0))
              Rows Removed by Filter: 1550534
Planning time: 0.738 ms
Execution time: 6892.361 ms
