Hash Join  (cost=74823.14..438182.56 rows=201523 width=0) (actual time=4789.731..7386.059 rows=216557 loops=1)
  Hash Cond: (mi.movie_id = t.id)
  ->  Seq Scan on movie_info mi  (cost=0.00..346232.03 rows=1158179 width=4) (actual time=3216.911..5124.225 rows=1204709 loops=1)
        Filter: (info_type_id > 18)
        Rows Removed by Filter: 13631011
  ->  Hash  (cost=67604.59..67604.59 rows=439964 width=4) (actual time=1571.774..1571.774 rows=437515 loops=1)
        Buckets: 131072  Batches: 8  Memory Usage: 2950kB
        ->  Seq Scan on title t  (cost=0.00..67604.59 rows=439964 width=4) (actual time=0.045..1137.967 rows=437515 loops=1)
              Filter: (production_year < 1975)
              Rows Removed by Filter: 2090797
Planning time: 0.799 ms
Execution time: 7413.296 ms
