Hash Join  (cost=102767.86..1056097.61 rows=6124835 width=0) (actual time=3166.318..22457.108 rows=7111997 loops=1)
  Hash Cond: (ci.movie_id = t.id)
  ->  Seq Scan on cast_info ci  (cost=0.00..796071.18 rows=6124835 width=4) (actual time=733.392..12876.481 rows=7111997 loops=1)
        Filter: ((person_id < 800225) AND (role_id < 5))
        Rows Removed by Filter: 29132347
  ->  Hash  (cost=61283.27..61283.27 rows=2528527 width=4) (actual time=2401.963..2401.963 rows=2528312 loops=1)
        Buckets: 131072  Batches: 64  Memory Usage: 2415kB
        ->  Seq Scan on title t  (cost=0.00..61283.27 rows=2528527 width=4) (actual time=0.024..1139.878 rows=2528312 loops=1)
Planning time: 0.839 ms
Execution time: 23193.952 ms
