Hash Join  (cost=918287.04..1406365.83 rows=775286 width=0) (actual time=15032.069..25993.200 rows=1600863 loops=1)
  Hash Cond: (mi.movie_id = t.id)
  ->  Seq Scan on movie_info mi  (cost=0.00..309384.22 rows=14739122 width=4) (actual time=0.016..5444.259 rows=14835720 loops=1)
  ->  Hash  (cost=916104.52..916104.52 rows=133002 width=8) (actual time=15031.222..15031.222 rows=84999 loops=1)
        Buckets: 131072  Batches: 2  Memory Usage: 2681kB
        ->  Hash Join  (cost=75411.94..916104.52 rows=133002 width=8) (actual time=4695.359..14994.419 rows=84999 loops=1)
              Hash Cond: (ci.movie_id = t.id)
              ->  Seq Scan on cast_info ci  (cost=0.00..796071.18 rows=3713434 width=4) (actual time=3559.362..13102.128 rows=1868194 loops=1)
                    Filter: ((person_id < 1394316) AND (role_id > 4))
                    Rows Removed by Filter: 34376150
              ->  Hash  (cost=73925.90..73925.90 rows=90563 width=4) (actual time=1135.216..1135.216 rows=80990 loops=1)
                    Buckets: 131072  Batches: 2  Memory Usage: 2450kB
                    ->  Seq Scan on title t  (cost=0.00..73925.90 rows=90563 width=4) (actual time=0.140..1103.261 rows=80990 loops=1)
                          Filter: ((kind_id < 7) AND (production_year > 2011))
                          Rows Removed by Filter: 2447322
Planning time: 1.166 ms
Execution time: 26193.374 ms
