Hash Join  (cost=263115.61..1792394.91 rows=34432758 width=0) (actual time=6292.759..60981.227 rows=74062143 loops=1)
  Hash Cond: (ci.movie_id = t.id)
  ->  Seq Scan on cast_info ci  (cost=0.00..705507.15 rows=33369051 width=4) (actual time=0.020..16238.747 rows=33433186 loops=1)
        Filter: (person_id > 270918)
        Rows Removed by Filter: 2811158
  ->  Hash  (cost=220309.49..220309.49 rows=2609129 width=8) (actual time=6291.291..6291.291 rows=2609129 loops=1)
        Buckets: 131072  Batches: 64  Memory Usage: 2610kB
        ->  Hash Join  (cost=102767.86..220309.49 rows=2609129 width=8) (actual time=1822.610..5501.836 rows=2609129 loops=1)
              Hash Cond: (mc.movie_id = t.id)
              ->  Seq Scan on movie_companies mc  (cost=0.00..44881.29 rows=2609129 width=4) (actual time=0.020..957.292 rows=2609129 loops=1)
              ->  Hash  (cost=61283.27..61283.27 rows=2528527 width=4) (actual time=1821.261..1821.261 rows=2528312 loops=1)
                    Buckets: 131072  Batches: 64  Memory Usage: 2415kB
                    ->  Seq Scan on title t  (cost=0.00..61283.27 rows=2528527 width=4) (actual time=0.013..984.417 rows=2528312 loops=1)
Planning time: 1.196 ms
Execution time: 69231.169 ms
