Hash Join  (cost=74207.10..101240.37 rows=12278 width=0) (actual time=1472.383..1855.755 rows=19500 loops=1)
  Hash Cond: (mi_idx.movie_id = t.id)
  ->  Seq Scan on movie_info_idx mi_idx  (cost=0.00..21735.35 rows=1380035 width=4) (actual time=0.020..318.721 rows=1380035 loops=1)
  ->  Hash  (cost=73925.90..73925.90 rows=22496 width=4) (actual time=1245.478..1245.478 rows=13050 loops=1)
        Buckets: 32768  Batches: 1  Memory Usage: 715kB
        ->  Seq Scan on title t  (cost=0.00..73925.90 rows=22496 width=4) (actual time=0.051..1239.775 rows=13050 loops=1)
              Filter: ((kind_id = 1) AND (production_year = 2004))
              Rows Removed by Filter: 2515262
Planning time: 0.732 ms
Execution time: 1858.447 ms
