Hash Join  (cost=171344.52..938378.29 rows=941772 width=0) (actual time=4195.737..20578.560 rows=4808899 loops=1)
  Hash Cond: (ci.movie_id = t.id)
  ->  Seq Scan on cast_info ci  (cost=0.00..705507.15 rows=4320508 width=4) (actual time=0.025..13201.686 rows=4323018 loops=1)
        Filter: (role_id = 10)
        Rows Removed by Filter: 31921326
  ->  Hash  (cost=162302.01..162302.01 rows=551161 width=8) (actual time=4194.608..4194.608 rows=394457 loops=1)
        Buckets: 131072  Batches: 8  Memory Usage: 2928kB
        ->  Hash Join  (cost=78473.92..162302.01 rows=551161 width=8) (actual time=1762.040..4079.114 rows=394457 loops=1)
              Hash Cond: (mc.movie_id = t.id)
              ->  Seq Scan on movie_companies mc  (cost=0.00..51404.11 rows=2103562 width=4) (actual time=0.016..1099.115 rows=2099682 loops=1)
                    Filter: (company_id < 73820)
                    Rows Removed by Filter: 509447
              ->  Hash  (cost=67604.59..67604.59 rows=662507 width=4) (actual time=1761.035..1761.035 rows=662065 loops=1)
                    Buckets: 131072  Batches: 16  Memory Usage: 2481kB
                    ->  Seq Scan on title t  (cost=0.00..67604.59 rows=662507 width=4) (actual time=0.022..1234.936 rows=662065 loops=1)
                          Filter: (production_year > 2008)
                          Rows Removed by Filter: 1866247
Planning time: 1.679 ms
Execution time: 21068.865 ms
