Hash Join  (cost=83810.17..153819.29 rows=372351 width=0) (actual time=2006.588..3916.199 rows=765318 loops=1)
  Hash Cond: (mc.movie_id = t.id)
  ->  Seq Scan on movie_companies mc  (cost=0.00..51404.11 rows=953197 width=4) (actual time=0.021..965.155 rows=961548 loops=1)
        Filter: (company_id > 18045)
        Rows Removed by Filter: 1647581
  ->  Hash  (cost=67604.59..67604.59 rows=987727 width=4) (actual time=2005.555..2005.555 rows=985048 loops=1)
        Buckets: 131072  Batches: 16  Memory Usage: 3188kB
        ->  Seq Scan on title t  (cost=0.00..67604.59 rows=987727 width=4) (actual time=0.053..1188.703 rows=985048 loops=1)
              Filter: (kind_id < 7)
              Rows Removed by Filter: 1543264
Planning time: 13.101 ms
Execution time: 4017.640 ms
