Seq Scan on movie_keyword mk  (cost=0.00..81003.12 rows=3923966 width=0) (actual time=0.024..1551.725 rows=3921701 loops=1)
  Filter: (keyword_id < 30583)
  Rows Removed by Filter: 602229
Planning time: 0.332 ms
Execution time: 2035.136 ms
