Seq Scan on title t  (cost=0.00..73925.90 rows=614378 width=0) (actual time=0.013..1119.083 rows=520376 loops=1)
  Filter: ((kind_id < 7) AND (production_year > 1996))
  Rows Removed by Filter: 2007936
Planning time: 0.329 ms
Execution time: 1186.960 ms
