Seq Scan on movie_keyword mk  (cost=0.00..81003.12 rows=2955666 width=0) (actual time=0.015..1448.215 rows=2938843 loops=1)
  Filter: (keyword_id < 9812)
  Rows Removed by Filter: 1585087
Planning time: 0.320 ms
Execution time: 1815.890 ms
