Hash Join  (cost=67697.55..124126.82 rows=3911 width=0) (actual time=1053.712..2382.648 rows=8291 loops=1)
  Hash Cond: (mc.movie_id = t.id)
  ->  Seq Scan on movie_companies mc  (cost=0.00..51404.11 rows=1329612 width=4) (actual time=0.017..1049.550 rows=1334883 loops=1)
        Filter: (company_type_id > 1)
        Rows Removed by Filter: 1274246
  ->  Hash  (cost=67604.59..67604.59 rows=7437 width=4) (actual time=1053.435..1053.435 rows=14284 loops=1)
        Buckets: 16384 (originally 8192)  Batches: 1 (originally 1)  Memory Usage: 631kB
        ->  Seq Scan on title t  (cost=0.00..67604.59 rows=7437 width=4) (actual time=0.087..1046.544 rows=14284 loops=1)
              Filter: (production_year = 1973)
              Rows Removed by Filter: 2514028
Planning time: 0.812 ms
Execution time: 2384.219 ms
