Hash Join  (cost=161379.05..289247.21 rows=481412 width=0) (actual time=3594.378..9102.093 rows=11142174 loops=1)
  Hash Cond: (mk.movie_id = t.id)
  ->  Seq Scan on movie_keyword mk  (cost=0.00..69693.30 rows=4523930 width=4) (actual time=0.023..1400.569 rows=4523930 loops=1)
  ->  Hash  (cost=156963.65..156963.65 rows=269072 width=8) (actual time=3593.368..3593.368 rows=764114 loops=1)
        Buckets: 131072 (originally 131072)  Batches: 8 (originally 4)  Memory Usage: 4806kB
        ->  Hash Join  (cost=78204.40..156963.65 rows=269072 width=8) (actual time=1230.127..3418.268 rows=764114 loops=1)
              Hash Cond: (mc.movie_id = t.id)
              ->  Seq Scan on movie_companies mc  (cost=0.00..44881.29 rows=2609129 width=4) (actual time=0.027..861.802 rows=2609129 loops=1)
              ->  Hash  (cost=73925.90..73925.90 rows=260760 width=4) (actual time=1229.119..1229.119 rows=373942 loops=1)
                    Buckets: 131072 (originally 131072)  Batches: 8 (originally 4)  Memory Usage: 3073kB
                    ->  Seq Scan on title t  (cost=0.00..73925.90 rows=260760 width=4) (actual time=0.206..1102.647 rows=373942 loops=1)
                          Filter: ((kind_id < 7) AND (production_year < 1989))
                          Rows Removed by Filter: 2154370
Planning time: 1.117 ms
Execution time: 10230.185 ms
