Seq Scan on movie_companies mc  (cost=0.00..57926.93 rows=51 width=0) (actual time=215.828..818.350 rows=71 loops=1)
  Filter: ((company_id = 19203) AND (company_type_id = 1))
  Rows Removed by Filter: 2609058
Planning time: 0.229 ms
Execution time: 818.447 ms
