Hash Join  (cost=918285.02..1045440.30 rows=422924 width=0) (actual time=17379.394..20736.718 rows=1358977 loops=1)
  Hash Cond: (mk.movie_id = t.id)
  ->  Seq Scan on movie_keyword mk  (cost=0.00..69693.30 rows=4523930 width=4) (actual time=0.023..1510.612 rows=4523930 loops=1)
  ->  Hash  (cost=914406.24..914406.24 rows=236382 width=8) (actual time=17378.552..17378.552 rows=269937 loops=1)
        Buckets: 131072  Batches: 4  Memory Usage: 3664kB
        ->  Hash Join  (cost=102767.86..914406.24 rows=236382 width=8) (actual time=11419.132..17306.073 rows=269937 loops=1)
              Hash Cond: (ci.movie_id = t.id)
              ->  Seq Scan on cast_info ci  (cost=0.00..796071.18 rows=236382 width=4) (actual time=9510.303..14398.725 rows=269937 loops=1)
                    Filter: ((person_id > 1147296) AND (role_id > 10))
                    Rows Removed by Filter: 35974407
              ->  Hash  (cost=61283.27..61283.27 rows=2528527 width=4) (actual time=1907.865..1907.865 rows=2528312 loops=1)
                    Buckets: 131072  Batches: 64  Memory Usage: 2415kB
                    ->  Seq Scan on title t  (cost=0.00..61283.27 rows=2528527 width=4) (actual time=0.016..1093.275 rows=2528312 loops=1)
Planning time: 1.279 ms
Execution time: 20863.717 ms
