Seq Scan on movie_keyword mk  (cost=0.00..81003.12 rows=1922335 width=0) (actual time=0.026..1454.546 rows=1939647 loops=1)
  Filter: (keyword_id < 3338)
  Rows Removed by Filter: 2584283
Planning time: 0.350 ms
Execution time: 1686.147 ms
