Seq Scan on movie_companies mc  (cost=0.00..57926.93 rows=353685 width=0) (actual time=297.215..890.651 rows=41845 loops=1)
  Filter: ((company_id > 41427) AND (company_type_id = 1))
  Rows Removed by Filter: 2567284
Planning time: 1.497 ms
Execution time: 896.479 ms
