Nested Loop  (cost=0.43..83072.29 rows=96 width=0) (actual time=23.017..1248.350 rows=47 loops=1)
  ->  Seq Scan on movie_keyword mk  (cost=0.00..81003.12 rows=246 width=4) (actual time=22.950..1245.902 rows=90 loops=1)
        Filter: (keyword_id = 12857)
        Rows Removed by Filter: 4523840
  ->  Index Scan using title_pkey on title t  (cost=0.43..8.40 rows=1 width=4) (actual time=0.024..0.024 rows=1 loops=90)
        Index Cond: (id = mk.movie_id)
        Filter: (kind_id < 7)
        Rows Removed by Filter: 0
Planning time: 0.765 ms
Execution time: 1248.503 ms
