Hash Join  (cost=111443.53..240530.59 rows=151755 width=0) (actual time=2240.750..5059.583 rows=262689 loops=1)
  Hash Cond: (mk.movie_id = t.id)
  ->  Seq Scan on movie_keyword mk  (cost=0.00..81003.12 rows=3994769 width=4) (actual time=0.014..1615.903 rows=4005654 loops=1)
        Filter: (keyword_id < 34916)
        Rows Removed by Filter: 518276
  ->  Hash  (cost=109866.84..109866.84 rows=96055 width=8) (actual time=2239.978..2239.978 rows=64063 loops=1)
        Buckets: 131072  Batches: 2  Memory Usage: 2278kB
        ->  Hash Join  (cost=76379.89..109866.84 rows=96055 width=8) (actual time=1365.003..2217.565 rows=64063 loops=1)
              Hash Cond: (mi_idx.movie_id = t.id)
              ->  Seq Scan on movie_info_idx mi_idx  (cost=0.00..25185.44 rows=454124 width=4) (actual time=0.020..517.739 rows=459925 loops=1)
                    Filter: (info_type_id = 100)
                    Rows Removed by Filter: 920110
              ->  Hash  (cost=67604.59..67604.59 rows=534824 width=4) (actual time=1364.139..1364.139 rows=533369 loops=1)
                    Buckets: 131072  Batches: 8  Memory Usage: 3369kB
                    ->  Seq Scan on title t  (cost=0.00..67604.59 rows=534824 width=4) (actual time=0.023..1194.963 rows=533369 loops=1)
                          Filter: (production_year > 2009)
                          Rows Removed by Filter: 1994943
Planning time: 1.129 ms
Execution time: 5091.574 ms
