Seq Scan on title t  (cost=0.00..73925.90 rows=1354466 width=0) (actual time=0.016..1349.479 rows=1432013 loops=1)
  Filter: ((production_year > 1959) AND (kind_id = 7))
  Rows Removed by Filter: 1096299
Planning time: 0.401 ms
Execution time: 1525.234 ms
