Hash Join  (cost=101451.10..188351.37 rows=24223 width=0) (actual time=1854.895..3604.694 rows=20901 loops=1)
  Hash Cond: (mk.movie_id = t.id)
  ->  Seq Scan on movie_keyword mk  (cost=0.00..69693.30 rows=4523930 width=4) (actual time=0.024..928.317 rows=4523930 loops=1)
  ->  Hash  (cost=101281.86..101281.86 rows=13539 width=8) (actual time=1853.394..1853.394 rows=9561 loops=1)
        Buckets: 16384  Batches: 1  Memory Usage: 502kB
        ->  Hash Join  (cost=74235.99..101281.86 rows=13539 width=8) (actual time=1400.922..1850.151 rows=9561 loops=1)
              Hash Cond: (mi_idx.movie_id = t.id)
              ->  Seq Scan on movie_info_idx mi_idx  (cost=0.00..21735.35 rows=1380035 width=4) (actual time=0.014..289.945 rows=1380035 loops=1)
              ->  Hash  (cost=73925.90..73925.90 rows=24807 width=4) (actual time=1239.205..1239.205 rows=25986 loops=1)
                    Buckets: 32768  Batches: 1  Memory Usage: 1170kB
                    ->  Seq Scan on title t  (cost=0.00..73925.90 rows=24807 width=4) (actual time=117.279..1227.994 rows=25986 loops=1)
                          Filter: ((kind_id = 7) AND (production_year = 1997))
                          Rows Removed by Filter: 2502326
Planning time: 1.169 ms
Execution time: 3607.386 ms
