Seq Scan on movie_keyword mk  (cost=0.00..81003.12 rows=2238649 width=0) (actual time=0.019..1416.653 rows=2235292 loops=1)
  Filter: (keyword_id > 4862)
  Rows Removed by Filter: 2288638
Planning time: 0.353 ms
Execution time: 1697.070 ms
