Seq Scan on title t  (cost=0.00..73925.90 rows=67025 width=0) (actual time=441.598..1020.428 rows=3 loops=1)
  Filter: ((production_year < 1929) AND (kind_id = 7))
  Rows Removed by Filter: 2528309
Planning time: 0.376 ms
Execution time: 1020.551 ms
