Seq Scan on movie_keyword mk  (cost=0.00..81003.12 rows=3550778 width=0) (actual time=0.023..1450.454 rows=3548715 loops=1)
  Filter: (keyword_id > 915)
  Rows Removed by Filter: 975215
Planning time: 0.324 ms
Execution time: 1885.314 ms
