Hash Join  (cost=102767.86..1055921.97 rows=6117596 width=0) (actual time=2858.615..23022.847 rows=9421589 loops=1)
  Hash Cond: (ci.movie_id = t.id)
  ->  Seq Scan on cast_info ci  (cost=0.00..796071.18 rows=6117596 width=4) (actual time=1019.726..13459.661 rows=9421589 loops=1)
        Filter: ((person_id > 2762561) AND (role_id > 1))
        Rows Removed by Filter: 26822755
  ->  Hash  (cost=61283.27..61283.27 rows=2528527 width=4) (actual time=1837.553..1837.553 rows=2528312 loops=1)
        Buckets: 131072  Batches: 64  Memory Usage: 2415kB
        ->  Seq Scan on title t  (cost=0.00..61283.27 rows=2528527 width=4) (actual time=0.021..1002.385 rows=2528312 loops=1)
Planning time: 0.791 ms
Execution time: 24048.522 ms
