Hash Join  (cost=700492.21..1917360.53 rows=10540268 width=211) (actual time=22280.636..104149.063 rows=102251910 loops=1)
  Hash Cond: (ci.movie_id = t.id)
  ->  Seq Scan on cast_info ci  (cost=0.00..705507.15 rows=16201301 width=42) (actual time=1691.406..19218.202 rows=16121683 loops=1)
        Filter: (role_id > 2)
        Rows Removed by Filter: 20122661
  ->  Hash  (cost=639767.55..639767.55 rows=1645013 width=169) (actual time=20585.496..20585.496 rows=3164552 loops=1)
        Buckets: 32768 (originally 32768)  Batches: 256 (originally 128)  Memory Usage: 3841kB
        ->  Hash Join  (cost=85727.72..639767.55 rows=1645013 width=169) (actual time=1797.781..17634.234 rows=3164552 loops=1)
              Hash Cond: (mi.movie_id = t.id)
              ->  Seq Scan on movie_info mi  (cost=0.00..346232.03 rows=6231111 width=75) (actual time=0.026..9143.830 rows=6223494 loops=1)
                    Filter: (info_type_id > 8)
                    Rows Removed by Filter: 8612226
              ->  Hash  (cost=67604.59..67604.59 rows=667531 width=94) (actual time=1707.461..1707.461 rows=662825 loops=1)
                    Buckets: 32768  Batches: 32  Memory Usage: 2505kB
                    ->  Seq Scan on title t  (cost=0.00..67604.59 rows=667531 width=94) (actual time=96.862..1450.430 rows=662825 loops=1)
                          Filter: (kind_id = 1)
                          Rows Removed by Filter: 1865487
Planning time: 4.215 ms
Execution time: 109658.364 ms
