Seq Scan on movie_keyword mk  (cost=0.00..81003.12 rows=3940456 width=0) (actual time=0.008..1440.070 rows=3942585 loops=1)
  Filter: (keyword_id < 31537)
  Rows Removed by Filter: 581345
Planning time: 0.329 ms
Execution time: 1919.842 ms
