Seq Scan on movie_keyword mk  (cost=0.00..81003.12 rows=1735287 width=0) (actual time=0.010..1415.051 rows=1744842 loops=1)
  Filter: (keyword_id > 8013)
  Rows Removed by Filter: 2779088
Planning time: 0.232 ms
Execution time: 1640.402 ms
