Hash Join  (cost=102767.86..184956.21 rows=597749 width=0) (actual time=1880.712..3842.682 rows=806930 loops=1)
  Hash Cond: (mc.movie_id = t.id)
  ->  Seq Scan on movie_companies mc  (cost=0.00..57926.93 rows=597749 width=4) (actual time=0.017..955.524 rows=806930 loops=1)
        Filter: ((company_id < 11137) AND (company_type_id = 1))
        Rows Removed by Filter: 1802199
  ->  Hash  (cost=61283.27..61283.27 rows=2528527 width=4) (actual time=1878.697..1878.697 rows=2528312 loops=1)
        Buckets: 131072  Batches: 64  Memory Usage: 2415kB
        ->  Seq Scan on title t  (cost=0.00..61283.27 rows=2528527 width=4) (actual time=0.016..1042.490 rows=2528312 loops=1)
Planning time: 0.799 ms
Execution time: 3936.319 ms
