Hash Join  (cost=102767.86..790839.05 rows=13795764 width=0) (actual time=1939.551..22479.748 rows=13838458 loops=1)
  Hash Cond: (mi.movie_id = t.id)
  ->  Seq Scan on movie_info mi  (cost=0.00..346232.03 rows=13795764 width=4) (actual time=0.015..7502.400 rows=13838458 loops=1)
        Filter: (info_type_id < 90)
        Rows Removed by Filter: 997262
  ->  Hash  (cost=61283.27..61283.27 rows=2528527 width=4) (actual time=1937.892..1937.892 rows=2528312 loops=1)
        Buckets: 131072  Batches: 64  Memory Usage: 2425kB
        ->  Seq Scan on title t  (cost=0.00..61283.27 rows=2528527 width=4) (actual time=0.023..1098.069 rows=2528312 loops=1)
Planning time: 0.812 ms
Execution time: 24072.266 ms
