Hash Join  (cost=248896.22..813611.92 rows=7957677 width=0) (actual time=5254.367..34083.915 rows=73232004 loops=1)
  Hash Cond: (mi.movie_id = t.id)
  ->  Seq Scan on movie_info mi  (cost=0.00..309384.22 rows=14739122 width=4) (actual time=0.011..6029.904 rows=14835720 loops=1)
  ->  Hash  (cost=226498.77..226498.77 rows=1365156 width=8) (actual time=5253.048..5253.048 rows=1382424 loops=1)
        Buckets: 131072  Batches: 32  Memory Usage: 2783kB
        ->  Hash Join  (cost=102767.86..226498.77 rows=1365156 width=8) (actual time=1951.398..4862.051 rows=1382424 loops=1)
              Hash Cond: (mk.movie_id = t.id)
              ->  Seq Scan on movie_keyword mk  (cost=0.00..81003.12 rows=1365156 width=4) (actual time=0.026..1475.481 rows=1382424 loops=1)
                    Filter: (keyword_id > 12080)
                    Rows Removed by Filter: 3141506
              ->  Hash  (cost=61283.27..61283.27 rows=2528527 width=4) (actual time=1949.622..1949.622 rows=2528312 loops=1)
                    Buckets: 131072  Batches: 64  Memory Usage: 2425kB
                    ->  Seq Scan on title t  (cost=0.00..61283.27 rows=2528527 width=4) (actual time=0.013..1105.292 rows=2528312 loops=1)
Planning time: 1.184 ms
Execution time: 41769.462 ms
