Seq Scan on title t  (cost=0.00..67604.59 rows=667531 width=0) (actual time=0.013..1106.159 rows=662834 loops=1)
  Filter: (production_year < 1989)
  Rows Removed by Filter: 1865478
Planning time: 0.315 ms
Execution time: 1194.971 ms
