Seq Scan on movie_companies mc  (cost=0.00..51404.11 rows=104 width=0) (actual time=170.607..837.679 rows=5 loops=1)
  Filter: (company_id = 59548)
  Rows Removed by Filter: 2609124
Planning time: 0.415 ms
Execution time: 837.753 ms
