Seq Scan on movie_keyword mk  (cost=0.00..81003.12 rows=1419920 width=0) (actual time=0.016..1408.040 rows=1434984 loops=1)
  Filter: (keyword_id < 1991)
  Rows Removed by Filter: 3088946
Planning time: 0.337 ms
Execution time: 1593.939 ms
