Hash Join  (cost=709675.59..797898.13 rows=148 width=0) (actual time=11435.645..12465.086 rows=2 loops=1)
  Hash Cond: (mk.movie_id = t.id)
  ->  Seq Scan on movie_keyword mk  (cost=0.00..81003.12 rows=1924784 width=4) (actual time=0.034..1455.848 rows=1935429 loops=1)
        Filter: (keyword_id > 6848)
        Rows Removed by Filter: 2588501
  ->  Hash  (cost=709673.15..709673.15 rows=195 width=8) (actual time=10740.597..10740.597 rows=17 loops=1)
        Buckets: 1024  Batches: 1  Memory Usage: 9kB
        ->  Nested Loop  (cost=0.43..709673.15 rows=195 width=8) (actual time=719.261..10740.572 rows=17 loops=1)
              ->  Seq Scan on cast_info ci  (cost=0.00..705507.15 rows=500 width=4) (actual time=719.202..10732.211 rows=376 loops=1)
                    Filter: (person_id = 2359022)
                    Rows Removed by Filter: 36243968
              ->  Index Scan using title_pkey on title t  (cost=0.43..8.32 rows=1 width=4) (actual time=0.022..0.022 rows=0 loops=376)
                    Index Cond: (id = ci.movie_id)
                    Filter: (kind_id < 7)
                    Rows Removed by Filter: 1
Planning time: 3.146 ms
Execution time: 12465.230 ms
