Hash Join  (cost=99161.12..1071939.45 rows=9676741 width=0) (actual time=2580.788..25496.670 rows=10009878 loops=1)
  Hash Cond: (ci.movie_id = t.id)
  ->  Seq Scan on cast_info ci  (cost=0.00..705507.15 rows=12721152 width=4) (actual time=650.234..13726.026 rows=12674674 loops=1)
        Filter: (person_id < 1249922)
        Rows Removed by Filter: 23569670
  ->  Hash  (cost=67604.59..67604.59 rows=1923403 width=4) (actual time=1898.731..1898.731 rows=1922849 loops=1)
        Buckets: 131072  Batches: 32  Memory Usage: 3132kB
        ->  Seq Scan on title t  (cost=0.00..67604.59 rows=1923403 width=4) (actual time=0.026..1269.947 rows=1922849 loops=1)
              Filter: (production_year < 2010)
              Rows Removed by Filter: 605463
Planning time: 0.763 ms
Execution time: 26605.974 ms
