Seq Scan on movie_keyword mk  (cost=0.00..81003.12 rows=3640252 width=0) (actual time=0.023..1509.705 rows=3631102 loops=1)
  Filter: (keyword_id > 844)
  Rows Removed by Filter: 892828
Planning time: 0.328 ms
Execution time: 1960.014 ms
