Nested Loop  (cost=0.43..83071.67 rows=246 width=0) (actual time=0.265..1296.011 rows=1159 loops=1)
  ->  Seq Scan on movie_keyword mk  (cost=0.00..81003.12 rows=246 width=4) (actual time=0.210..1236.196 rows=1159 loops=1)
        Filter: (keyword_id = 7695)
        Rows Removed by Filter: 4522771
  ->  Index Only Scan using title_pkey on title t  (cost=0.43..8.40 rows=1 width=4) (actual time=0.050..0.050 rows=1 loops=1159)
        Index Cond: (id = mk.movie_id)
        Heap Fetches: 1159
Planning time: 0.798 ms
Execution time: 1296.568 ms
