Hash Join  (cost=75321.41..207575.96 rows=841451 width=0) (actual time=1277.828..4814.067 rows=1177634 loops=1)
  Hash Cond: (mk.movie_id = t.id)
  ->  Seq Scan on movie_keyword mk  (cost=0.00..69693.30 rows=4523930 width=4) (actual time=0.011..1417.399 rows=4523930 loops=1)
  ->  Hash  (cost=67604.59..67604.59 rows=470306 width=4) (actual time=1277.146..1277.146 rows=465563 loops=1)
        Buckets: 131072  Batches: 8  Memory Usage: 3070kB
        ->  Seq Scan on title t  (cost=0.00..67604.59 rows=470306 width=4) (actual time=0.025..1121.715 rows=465563 loops=1)
              Filter: (production_year < 1977)
              Rows Removed by Filter: 2062749
Planning time: 1.811 ms
Execution time: 4952.180 ms
