Hash Join  (cost=74223.04..159867.67 rows=11352 width=0) (actual time=1214.987..2823.328 rows=28960 loops=1)
  Hash Cond: (mk.movie_id = t.id)
  ->  Seq Scan on movie_keyword mk  (cost=0.00..81003.12 rows=1207462 width=4) (actual time=0.018..1373.967 rows=1216368 loops=1)
        Filter: (keyword_id > 15005)
        Rows Removed by Filter: 3307562
  ->  Hash  (cost=73925.90..73925.90 rows=23771 width=4) (actual time=1214.429..1214.429 rows=20633 loops=1)
        Buckets: 32768  Batches: 1  Memory Usage: 982kB
        ->  Seq Scan on title t  (cost=0.00..73925.90 rows=23771 width=4) (actual time=0.567..1205.222 rows=20633 loops=1)
              Filter: ((kind_id < 7) AND (production_year = 2002))
              Rows Removed by Filter: 2507679
Planning time: 0.787 ms
Execution time: 2827.619 ms
