Hash Join  (cost=73962.22..904120.97 rows=10412 width=0) (actual time=1096.611..17879.835 rows=13891 loops=1)
  Hash Cond: (ci.movie_id = t.id)
  ->  Seq Scan on cast_info ci  (cost=0.00..796071.18 rows=9062254 width=4) (actual time=0.024..14814.944 rows=11688651 loops=1)
        Filter: ((person_id > 1567909) AND (role_id > 2))
        Rows Removed by Filter: 24555693
  ->  Hash  (cost=73925.90..73925.90 rows=2905 width=4) (actual time=1092.038..1092.038 rows=3646 loops=1)
        Buckets: 4096  Batches: 1  Memory Usage: 161kB
        ->  Seq Scan on title t  (cost=0.00..73925.90 rows=2905 width=4) (actual time=2.746..1090.144 rows=3646 loops=1)
              Filter: ((kind_id < 7) AND (production_year = 1957))
              Rows Removed by Filter: 2524666
Planning time: 0.805 ms
Execution time: 17883.593 ms
