Seq Scan on movie_companies mc  (cost=0.00..51404.11 rows=2105249 width=0) (actual time=0.029..1044.640 rows=2101449 loops=1)
  Filter: (company_id < 73911)
  Rows Removed by Filter: 507680
Planning time: 0.323 ms
Execution time: 1318.667 ms
