Seq Scan on movie_keyword mk  (cost=0.00..81003.12 rows=4028879 width=0) (actual time=0.021..1602.788 rows=4034739 loops=1)
  Filter: (keyword_id < 36765)
  Rows Removed by Filter: 489191
Planning time: 0.353 ms
Execution time: 2092.196 ms
