Hash Join  (cost=132723.69..936742.82 rows=1244153 width=0) (actual time=10644.633..20615.039 rows=1643151 loops=1)
  Hash Cond: (ci.movie_id = t.id)
  ->  Seq Scan on cast_info ci  (cost=0.00..705507.15 rows=7298253 width=4) (actual time=7721.271..13543.089 rows=7451973 loops=1)
        Filter: (role_id = 2)
        Rows Removed by Filter: 28792371
  ->  Hash  (cost=125651.63..125651.63 rows=431045 width=8) (actual time=2922.251..2922.251 rows=311149 loops=1)
        Buckets: 131072  Batches: 8  Memory Usage: 2532kB
        ->  Hash Join  (cost=80562.70..125651.63 rows=431045 width=8) (actual time=1527.780..2832.315 rows=311149 loops=1)
              Hash Cond: (mi_idx.movie_id = t.id)
              ->  Seq Scan on movie_info_idx mi_idx  (cost=0.00..21735.35 rows=1380035 width=4) (actual time=0.026..477.494 rows=1380035 loops=1)
              ->  Hash  (cost=67604.59..67604.59 rows=789769 width=4) (actual time=1526.708..1526.708 rows=784926 loops=1)
                    Buckets: 131072  Batches: 16  Memory Usage: 2749kB
                    ->  Seq Scan on title t  (cost=0.00..67604.59 rows=789769 width=4) (actual time=0.023..1266.383 rows=784926 loops=1)
                          Filter: (production_year > 2007)
                          Rows Removed by Filter: 1743386
Planning time: 1.149 ms
Execution time: 20795.801 ms
