Hash Join  (cost=74629.65..162294.98 rows=100729 width=0) (actual time=1171.895..3730.627 rows=359219 loops=1)
  Hash Cond: (mk.movie_id = t.id)
  ->  Seq Scan on movie_keyword mk  (cost=0.00..69693.30 rows=4523930 width=4) (actual time=0.013..1098.244 rows=4523930 loops=1)
  ->  Hash  (cost=73925.90..73925.90 rows=56300 width=4) (actual time=1171.538..1171.538 rows=145502 loops=1)
        Buckets: 131072 (originally 65536)  Batches: 2 (originally 1)  Memory Usage: 3579kB
        ->  Seq Scan on title t  (cost=0.00..73925.90 rows=56300 width=4) (actual time=0.024..1116.413 rows=145502 loops=1)
              Filter: ((kind_id < 7) AND (production_year < 1942))
              Rows Removed by Filter: 2382810
Planning time: 0.818 ms
Execution time: 3774.796 ms
