Hash Join  (cost=206676.33..754032.10 rows=6330684 width=0) (actual time=4557.237..22017.187 rows=17480491 loops=1)
  Hash Cond: (mi.movie_id = t.id)
  ->  Seq Scan on movie_info mi  (cost=0.00..309384.22 rows=14739122 width=4) (actual time=0.015..5868.328 rows=14835720 loops=1)
  ->  Hash  (cost=188857.80..188857.80 rows=1086042 width=8) (actual time=4556.605..4556.605 rows=1138593 loops=1)
        Buckets: 131072  Batches: 16  Memory Usage: 3820kB
        ->  Hash Join  (cost=101489.21..188857.80 rows=1086042 width=8) (actual time=2083.893..4266.230 rows=1138593 loops=1)
              Hash Cond: (mc.movie_id = t.id)
              ->  Seq Scan on movie_companies mc  (cost=0.00..51404.11 rows=1329612 width=4) (actual time=0.020..937.772 rows=1334883 loops=1)
                    Filter: (company_type_id = 2)
                    Rows Removed by Filter: 1274246
              ->  Hash  (cost=67604.59..67604.59 rows=2065330 width=4) (actual time=2082.976..2082.976 rows=2064552 loops=1)
                    Buckets: 131072  Batches: 32  Memory Usage: 3289kB
                    ->  Seq Scan on title t  (cost=0.00..67604.59 rows=2065330 width=4) (actual time=0.018..1410.129 rows=2064552 loops=1)
                          Filter: (production_year < 2011)
                          Rows Removed by Filter: 463760
Planning time: 0.938 ms
Execution time: 23928.289 ms
