Hash Join  (cost=205988.55..689364.10 rows=2497033 width=0) (actual time=5706.635..25974.935 rows=38892168 loops=1)
  Hash Cond: (mi.movie_id = t.id)
  ->  Seq Scan on movie_info mi  (cost=0.00..346232.03 rows=9476311 width=4) (actual time=541.189..6887.511 rows=9565151 loops=1)
        Filter: (info_type_id < 16)
        Rows Removed by Filter: 5270569
  ->  Hash  (cost=195057.13..195057.13 rows=666274 width=8) (actual time=5164.108..5164.108 rows=1497572 loops=1)
        Buckets: 131072 (originally 131072)  Batches: 32 (originally 16)  Memory Usage: 3073kB
        ->  Hash Join  (cost=83810.17..195057.13 rows=666274 width=8) (actual time=1410.697..4706.941 rows=1497572 loops=1)
              Hash Cond: (mk.movie_id = t.id)
              ->  Seq Scan on movie_keyword mk  (cost=0.00..81003.12 rows=1705624 width=4) (actual time=0.031..1549.374 rows=1711677 loops=1)
                    Filter: (keyword_id < 2727)
                    Rows Removed by Filter: 2812253
              ->  Hash  (cost=67604.59..67604.59 rows=987727 width=4) (actual time=1410.116..1410.116 rows=985048 loops=1)
                    Buckets: 131072  Batches: 16  Memory Usage: 3197kB
                    ->  Seq Scan on title t  (cost=0.00..67604.59 rows=987727 width=4) (actual time=0.016..1093.535 rows=985048 loops=1)
                          Filter: (kind_id < 7)
                          Rows Removed by Filter: 1543264
Planning time: 1.146 ms
Execution time: 30375.279 ms
