Hash Join  (cost=102454.22..1494156.67 rows=30431926 width=0) (actual time=2028.104..43810.752 rows=32205620 loops=1)
  Hash Cond: (ci.movie_id = t.id)
  ->  Seq Scan on cast_info ci  (cost=0.00..614943.12 rows=36225612 width=4) (actual time=0.015..12984.522 rows=36244344 loops=1)
  ->  Hash  (cost=67604.59..67604.59 rows=2124131 width=4) (actual time=2026.931..2026.931 rows=2118372 loops=1)
        Buckets: 131072  Batches: 32  Memory Usage: 3356kB
        ->  Seq Scan on title t  (cost=0.00..67604.59 rows=2124131 width=4) (actual time=0.016..1353.281 rows=2118372 loops=1)
              Filter: (production_year > 1967)
              Rows Removed by Filter: 409940
Planning time: 0.585 ms
Execution time: 47575.477 ms
