Hash Join  (cost=92027.78..238080.48 rows=1974066 width=0) (actual time=1760.574..5656.667 rows=536138 loops=1)
  Hash Cond: (mk.movie_id = t.id)
  ->  Seq Scan on movie_keyword mk  (cost=0.00..69693.30 rows=4523930 width=4) (actual time=0.049..1406.842 rows=4523930 loops=1)
  ->  Hash  (cost=73925.90..73925.90 rows=1103350 width=4) (actual time=1757.199..1757.199 rows=1054846 loops=1)
        Buckets: 131072  Batches: 16  Memory Usage: 3349kB
        ->  Seq Scan on title t  (cost=0.00..73925.90 rows=1103350 width=4) (actual time=0.013..1422.469 rows=1054846 loops=1)
              Filter: ((kind_id > 4) AND (production_year < 2009))
              Rows Removed by Filter: 1473466
Planning time: 0.781 ms
Execution time: 5717.166 ms
