Hash Join  (cost=83074.74..137742.81 rows=254 width=0) (actual time=1086.316..1939.432 rows=23874 loops=1)
  Hash Cond: (mc.movie_id = t.id)
  ->  Seq Scan on movie_companies mc  (cost=0.00..44881.29 rows=2609129 width=4) (actual time=0.018..453.645 rows=2609129 loops=1)
  ->  Hash  (cost=83071.67..83071.67 rows=246 width=8) (actual time=1086.219..1086.219 rows=2543 loops=1)
        Buckets: 4096 (originally 1024)  Batches: 1 (originally 1)  Memory Usage: 132kB
        ->  Nested Loop  (cost=0.43..83071.67 rows=246 width=8) (actual time=0.178..1084.723 rows=2543 loops=1)
              ->  Seq Scan on movie_keyword mk  (cost=0.00..81003.12 rows=246 width=4) (actual time=0.123..1016.270 rows=2543 loops=1)
                    Filter: (keyword_id = 1082)
                    Rows Removed by Filter: 4521387
              ->  Index Only Scan using title_pkey on title t  (cost=0.43..8.40 rows=1 width=4) (actual time=0.026..0.026 rows=1 loops=2543)
                    Index Cond: (id = mk.movie_id)
                    Heap Fetches: 2543
Planning time: 1.087 ms
Execution time: 1942.427 ms
