Seq Scan on movie_companies mc  (cost=0.00..57926.93 rows=1028048 width=0) (actual time=0.025..957.580 rows=1274246 loops=1)
  Filter: ((company_id < 73431) AND (company_type_id < 2))
  Rows Removed by Filter: 1334883
Planning time: 0.352 ms
Execution time: 1110.042 ms
