Seq Scan on movie_keyword mk  (cost=0.00..81003.12 rows=246 width=0) (actual time=106.790..1128.556 rows=6 loops=1)
  Filter: (keyword_id = 29094)
  Rows Removed by Filter: 4523924
Planning time: 0.381 ms
Execution time: 1128.639 ms
