Hash Join  (cost=112593.61..863403.55 rows=2072 width=0) (actual time=1370.778..17484.620 rows=2005 loops=1)
  Hash Cond: (ci.movie_id = t.id)
  ->  Seq Scan on cast_info ci  (cost=0.00..614943.12 rows=36225612 width=4) (actual time=0.010..9338.431 rows=36244344 loops=1)
  ->  Hash  (cost=112591.80..112591.80 rows=145 width=8) (actual time=1360.710..1360.710 rows=50 loops=1)
        Buckets: 1024  Batches: 1  Memory Usage: 10kB
        ->  Nested Loop  (cost=0.43..112591.80 rows=145 width=8) (actual time=8.079..1360.626 rows=50 loops=1)
              ->  Seq Scan on movie_keyword mk  (cost=0.00..81003.12 rows=4222 width=4) (actual time=0.075..1226.669 rows=3351 loops=1)
                    Filter: (keyword_id = 571)
                    Rows Removed by Filter: 4520579
              ->  Index Scan using title_pkey on title t  (cost=0.43..7.47 rows=1 width=4) (actual time=0.039..0.039 rows=0 loops=3351)
                    Index Cond: (id = mk.movie_id)
                    Filter: ((production_year > 1982) AND (kind_id = 4))
                    Rows Removed by Filter: 1
Planning time: 1.132 ms
Execution time: 17486.178 ms
