Hash Join  (cost=96735.51..1082424.15 rows=8854646 width=0) (actual time=2079.481..27832.170 rows=10470084 loops=1)
  Hash Cond: (ci.movie_id = t.id)
  ->  Seq Scan on cast_info ci  (cost=0.00..705507.15 rows=16104009 width=4) (actual time=0.023..13646.436 rows=16253254 loops=1)
        Filter: (person_id > 2007857)
        Rows Removed by Filter: 19991090
  ->  Hash  (cost=73925.90..73925.90 rows=1390288 width=4) (actual time=2078.498..2078.498 rows=1518592 loops=1)
        Buckets: 131072  Batches: 32  Memory Usage: 2703kB
        ->  Seq Scan on title t  (cost=0.00..73925.90 rows=1390288 width=4) (actual time=0.013..1566.082 rows=1518592 loops=1)
              Filter: ((kind_id > 1) AND (production_year > 1983))
              Rows Removed by Filter: 1009720
Planning time: 0.664 ms
Execution time: 29051.545 ms
