Nested Loop  (cost=32807.94..157701.26 rows=7445 width=0) (actual time=644.520..2386.108 rows=20079 loops=1)
  ->  Hash Join  (cost=32807.51..123440.85 rows=40551 width=8) (actual time=644.459..1915.823 rows=20079 loops=1)
        Hash Cond: (mk.movie_id = mi_idx.movie_id)
        ->  Seq Scan on movie_keyword mk  (cost=0.00..81003.12 rows=40524 width=4) (actual time=0.262..1163.639 rows=33199 loops=1)
              Filter: (keyword_id < 41)
              Rows Removed by Filter: 4490731
        ->  Hash  (cost=25185.44..25185.44 rows=464566 width=4) (actual time=641.715..641.715 rows=459925 loops=1)
              Buckets: 131072  Batches: 8  Memory Usage: 3059kB
              ->  Seq Scan on movie_info_idx mi_idx  (cost=0.00..25185.44 rows=464566 width=4) (actual time=0.021..497.792 rows=459925 loops=1)
                    Filter: (info_type_id = 101)
                    Rows Removed by Filter: 920110
  ->  Index Only Scan using title_pkey on title t  (cost=0.43..0.83 rows=1 width=4) (actual time=0.023..0.023 rows=1 loops=20079)
        Index Cond: (id = mi_idx.movie_id)
        Heap Fetches: 20079
Planning time: 1.169 ms
Execution time: 2391.542 ms
