Hash Join  (cost=459383.91..539655.50 rows=378806 width=0) (actual time=8218.901..10456.413 rows=169415 loops=1)
  Hash Cond: (mc.movie_id = t.id)
  ->  Seq Scan on movie_companies mc  (cost=0.00..44881.29 rows=2609129 width=4) (actual time=0.011..1026.466 rows=2609129 loops=1)
  ->  Hash  (cost=453361.11..453361.11 rows=367104 width=8) (actual time=8056.875..8056.875 rows=151525 loops=1)
        Buckets: 131072  Batches: 8  Memory Usage: 1764kB
        ->  Hash Join  (cost=85894.26..453361.11 rows=367104 width=8) (actual time=6018.593..8004.480 rows=151525 loops=1)
              Hash Cond: (mi.movie_id = t.id)
              ->  Seq Scan on movie_info mi  (cost=0.00..346232.03 rows=1272478 width=4) (actual time=4569.539..5773.922 rows=1325361 loops=1)
                    Filter: (info_type_id = 8)
                    Rows Removed by Filter: 13510359
              ->  Hash  (cost=73925.90..73925.90 rows=729468 width=4) (actual time=1447.950..1447.950 rows=638430 loops=1)
                    Buckets: 131072  Batches: 16  Memory Usage: 2431kB
                    ->  Seq Scan on title t  (cost=0.00..73925.90 rows=729468 width=4) (actual time=0.029..1236.585 rows=638430 loops=1)
                          Filter: ((production_year < 2003) AND (kind_id = 7))
                          Rows Removed by Filter: 1889882
Planning time: 1.174 ms
Execution time: 10474.989 ms
