Seq Scan on cast_info ci  (cost=0.00..796071.18 rows=7689054 width=0) (actual time=5997.245..13631.587 rows=4761234 loops=1)
  Filter: ((person_id < 1686533) AND (role_id > 2))
  Rows Removed by Filter: 31483110
Planning time: 0.345 ms
Execution time: 14234.926 ms
