Hash Join  (cost=79082.94..158603.90 rows=324343 width=0) (actual time=1259.775..3298.185 rows=206719 loops=1)
  Hash Cond: (mc.movie_id = t.id)
  ->  Seq Scan on movie_companies mc  (cost=0.00..44881.29 rows=2609129 width=4) (actual time=0.023..894.023 rows=2609129 loops=1)
  ->  Hash  (cost=73925.90..73925.90 rows=314323 width=4) (actual time=1258.843..1258.843 rows=201761 loops=1)
        Buckets: 131072  Batches: 8  Memory Usage: 1902kB
        ->  Seq Scan on title t  (cost=0.00..73925.90 rows=314323 width=4) (actual time=0.033..1193.551 rows=201761 loops=1)
              Filter: ((production_year < 1980) AND (kind_id = 7))
              Rows Removed by Filter: 2326551
Planning time: 2.061 ms
Execution time: 3318.952 ms
