Hash Join  (cost=709678.51..736590.79 rows=180 width=0) (actual time=11446.930..11791.855 rows=3 loops=1)
  Hash Cond: (mi_idx.movie_id = t.id)
  ->  Seq Scan on movie_info_idx mi_idx  (cost=0.00..21735.35 rows=1380035 width=4) (actual time=0.013..321.093 rows=1380035 loops=1)
  ->  Hash  (cost=709674.40..709674.40 rows=329 width=8) (actual time=11222.326..11222.326 rows=92 loops=1)
        Buckets: 1024  Batches: 1  Memory Usage: 12kB
        ->  Nested Loop  (cost=0.43..709674.40 rows=329 width=8) (actual time=10449.116..11222.256 rows=92 loops=1)
              ->  Seq Scan on cast_info ci  (cost=0.00..705507.15 rows=500 width=4) (actual time=10448.977..11220.691 rows=92 loops=1)
                    Filter: (person_id = 2236718)
                    Rows Removed by Filter: 36244252
              ->  Index Scan using title_pkey on title t  (cost=0.43..8.32 rows=1 width=4) (actual time=0.015..0.016 rows=1 loops=92)
                    Index Cond: (id = ci.movie_id)
                    Filter: ((kind_id > 1) AND (production_year > 1955))
Planning time: 1.832 ms
Execution time: 11791.958 ms
