Seq Scan on cast_info ci  (cost=0.00..796071.18 rows=27184413 width=0) (actual time=0.015..17623.499 rows=29813051 loops=1)
  Filter: ((person_id < 3350494) AND (role_id < 9))
  Rows Removed by Filter: 6431293
Planning time: 0.396 ms
Execution time: 21283.864 ms
