Hash Join  (cost=83073.09..833871.42 rows=923 width=0) (actual time=1360.286..16083.458 rows=5852 loops=1)
  Hash Cond: (ci.movie_id = t.id)
  ->  Seq Scan on cast_info ci  (cost=0.00..614943.12 rows=36225612 width=4) (actual time=0.028..8226.764 rows=36244344 loops=1)
  ->  Hash  (cost=83072.29..83072.29 rows=64 width=8) (actual time=1358.707..1358.707 rows=148 loops=1)
        Buckets: 1024  Batches: 1  Memory Usage: 14kB
        ->  Nested Loop  (cost=0.43..83072.29 rows=64 width=8) (actual time=1.414..1358.513 rows=148 loops=1)
              ->  Seq Scan on movie_keyword mk  (cost=0.00..81003.12 rows=246 width=4) (actual time=1.385..1295.535 rows=954 loops=1)
                    Filter: (keyword_id = 641)
                    Rows Removed by Filter: 4522976
              ->  Index Scan using title_pkey on title t  (cost=0.43..8.40 rows=1 width=4) (actual time=0.065..0.065 rows=0 loops=954)
                    Index Cond: (id = mk.movie_id)
                    Filter: (production_year > 2008)
                    Rows Removed by Filter: 1
Planning time: 1.231 ms
Execution time: 16086.009 ms
