Hash Join  (cost=467495.93..1542229.25 rows=3984318 width=0) (actual time=8206.964..40939.148 rows=8708102 loops=1)
  Hash Cond: (ci.movie_id = t.id)
  ->  Seq Scan on cast_info ci  (cost=0.00..614943.12 rows=36225612 width=4) (actual time=0.027..13079.104 rows=36244344 loops=1)
  ->  Hash  (cost=462932.64..462932.64 rows=278103 width=8) (actual time=8206.128..8206.128 rows=266606 loops=1)
        Buckets: 131072  Batches: 4  Memory Usage: 3622kB
        ->  Hash Join  (cost=101489.21..462932.64 rows=278103 width=8) (actual time=2608.420..8133.934 rows=266606 loops=1)
              Hash Cond: (mi.movie_id = t.id)
              ->  Seq Scan on movie_info mi  (cost=0.00..346232.03 rows=340474 width=4) (actual time=395.428..5365.324 rows=328857 loops=1)
                    Filter: (info_type_id = 98)
                    Rows Removed by Filter: 14506863
              ->  Hash  (cost=67604.59..67604.59 rows=2065330 width=4) (actual time=2211.974..2211.974 rows=2064552 loops=1)
                    Buckets: 131072  Batches: 32  Memory Usage: 3298kB
                    ->  Seq Scan on title t  (cost=0.00..67604.59 rows=2065330 width=4) (actual time=0.023..1484.357 rows=2064552 loops=1)
                          Filter: (production_year < 2011)
                          Rows Removed by Filter: 463760
Planning time: 1.244 ms
Execution time: 42034.259 ms
