Seq Scan on cast_info ci  (cost=0.00..796071.18 rows=28661545 width=0) (actual time=0.023..18423.970 rows=30879455 loops=1)
  Filter: ((person_id < 3447868) AND (role_id < 10))
  Rows Removed by Filter: 5364889
Planning time: 0.357 ms
Execution time: 22220.419 ms
