Seq Scan on cast_info ci  (cost=0.00..796071.18 rows=14065519 width=0) (actual time=3105.724..14986.649 rows=12466826 loops=1)
  Filter: ((person_id > 1043209) AND (role_id < 3))
  Rows Removed by Filter: 23777518
Planning time: 0.388 ms
Execution time: 16564.389 ms
