Hash Join  (cost=129238.98..483863.19 rows=16237 width=0) (actual time=4730.421..8012.952 rows=10703 loops=1)
  Hash Cond: (mi.movie_id = t.id)
  ->  Seq Scan on movie_info mi  (cost=0.00..346232.03 rows=2194617 width=4) (actual time=0.010..5284.030 rows=2233850 loops=1)
        Filter: (info_type_id > 16)
        Rows Removed by Filter: 12601870
  ->  Hash  (cost=129005.13..129005.13 rows=18708 width=8) (actual time=2350.594..2350.594 rows=7599 loops=1)
        Buckets: 32768  Batches: 1  Memory Usage: 553kB
        ->  Hash Join  (cost=74152.53..129005.13 rows=18708 width=8) (actual time=1298.651..2347.582 rows=7599 loops=1)
              Hash Cond: (mc.movie_id = t.id)
              ->  Seq Scan on movie_companies mc  (cost=0.00..44881.29 rows=2609129 width=4) (actual time=0.013..596.507 rows=2609129 loops=1)
              ->  Hash  (cost=73925.90..73925.90 rows=18130 width=4) (actual time=1142.873..1142.873 rows=18886 loops=1)
                    Buckets: 32768  Batches: 1  Memory Usage: 920kB
                    ->  Seq Scan on title t  (cost=0.00..73925.90 rows=18130 width=4) (actual time=209.980..1134.677 rows=18886 loops=1)
                          Filter: ((kind_id = 7) AND (production_year = 1994))
                          Rows Removed by Filter: 2509426
Planning time: 0.799 ms
Execution time: 8015.066 ms
