Seq Scan on movie_companies mc  (cost=0.00..51404.11 rows=104 width=0) (actual time=11.992..799.358 rows=8 loops=1)
  Filter: (company_id = 114222)
  Rows Removed by Filter: 2609121
Planning time: 0.361 ms
Execution time: 799.436 ms
