Seq Scan on movie_keyword mk  (cost=0.00..81003.12 rows=246 width=0) (actual time=0.554..1161.107 rows=655 loops=1)
  Filter: (keyword_id = 6351)
  Rows Removed by Filter: 4523275
Planning time: 0.466 ms
Execution time: 1161.408 ms
