Seq Scan on movie_keyword mk  (cost=0.00..81003.12 rows=3198706 width=0) (actual time=0.024..1544.598 rows=3178672 loops=1)
  Filter: (keyword_id > 1751)
  Rows Removed by Filter: 1345258
Planning time: 0.343 ms
Execution time: 1949.108 ms
