Seq Scan on title t  (cost=0.00..73925.90 rows=254232 width=0) (actual time=0.018..1106.187 rows=145458 loops=1)
  Filter: ((production_year < 1973) AND (kind_id = 7))
  Rows Removed by Filter: 2382854
Planning time: 0.435 ms
Execution time: 1126.543 ms
