Hash Join  (cost=178103.94..694358.53 rows=3415867 width=0) (actual time=3662.923..17197.883 rows=1526242 loops=1)
  Hash Cond: (mi.movie_id = t.id)
  ->  Seq Scan on movie_info mi  (cost=0.00..309384.22 rows=14739122 width=4) (actual time=0.019..6018.915 rows=14835720 loops=1)
  ->  Hash  (cost=168488.95..168488.95 rows=585999 width=8) (actual time=3632.803..3632.803 rows=196390 loops=1)
        Buckets: 131072  Batches: 8  Memory Usage: 1989kB
        ->  Hash Join  (cost=92883.59..168488.95 rows=585999 width=8) (actual time=2334.255..3573.974 rows=196390 loops=1)
              Hash Cond: (mc.movie_id = t.id)
              ->  Seq Scan on movie_companies mc  (cost=0.00..51404.11 rows=961652 width=4) (actual time=0.026..954.782 rows=971245 loops=1)
                    Filter: (company_id > 17655)
                    Rows Removed by Filter: 1637884
              ->  Hash  (cost=67604.59..67604.59 rows=1540800 width=4) (actual time=1799.904..1799.904 rows=1543264 loops=1)
                    Buckets: 131072  Batches: 32  Memory Usage: 2722kB
                    ->  Seq Scan on title t  (cost=0.00..67604.59 rows=1540800 width=4) (actual time=0.015..1309.377 rows=1543264 loops=1)
                          Filter: (kind_id = 7)
                          Rows Removed by Filter: 985048
Planning time: 1.168 ms
Execution time: 17375.136 ms
