Hash Join  (cost=102767.86..232345.92 rows=1608181 width=0) (actual time=1995.511..5377.265 rows=1620429 loops=1)
  Hash Cond: (mk.movie_id = t.id)
  ->  Seq Scan on movie_keyword mk  (cost=0.00..81003.12 rows=1608181 width=4) (actual time=0.015..1562.065 rows=1620429 loops=1)
        Filter: (keyword_id > 9290)
        Rows Removed by Filter: 2903501
  ->  Hash  (cost=61283.27..61283.27 rows=2528527 width=4) (actual time=1993.907..1993.907 rows=2528312 loops=1)
        Buckets: 131072  Batches: 64  Memory Usage: 2425kB
        ->  Seq Scan on title t  (cost=0.00..61283.27 rows=2528527 width=4) (actual time=0.006..1116.646 rows=2528312 loops=1)
Planning time: 0.775 ms
Execution time: 5575.221 ms
