Hash Join  (cost=138355.28..1004224.59 rows=1226346 width=0) (actual time=3003.976..23704.391 rows=1326960 loops=1)
  Hash Cond: (ci.movie_id = t.id)
  ->  Seq Scan on cast_info ci  (cost=0.00..705507.15 rows=12726058 width=4) (actual time=291.475..14089.052 rows=12670688 loops=1)
        Filter: (role_id < 2)
        Rows Removed by Filter: 23573656
  ->  Hash  (cost=134357.52..134357.52 rows=243661 width=8) (actual time=2711.625..2711.625 rows=131569 loops=1)
        Buckets: 131072  Batches: 4  Memory Usage: 2306kB
        ->  Hash Join  (cost=96184.51..134357.52 rows=243661 width=8) (actual time=1715.293..2667.752 rows=131569 loops=1)
              Hash Cond: (mi_idx.movie_id = t.id)
              ->  Seq Scan on movie_info_idx mi_idx  (cost=0.00..25185.44 rows=454124 width=4) (actual time=0.021..460.447 rows=459925 loops=1)
                    Filter: (info_type_id = 100)
                    Rows Removed by Filter: 920110
              ->  Hash  (cost=73925.90..73925.90 rows=1356688 width=4) (actual time=1713.890..1713.890 rows=1327781 loops=1)
                    Buckets: 131072  Batches: 32  Memory Usage: 2479kB
                    ->  Seq Scan on title t  (cost=0.00..73925.90 rows=1356688 width=4) (actual time=0.025..1303.417 rows=1327781 loops=1)
                          Filter: ((production_year < 2012) AND (kind_id = 7))
                          Rows Removed by Filter: 1200531
Planning time: 1.260 ms
Execution time: 23864.412 ms
