Seq Scan on cast_info ci  (cost=0.00..796071.18 rows=12127777 width=0) (actual time=3242.498..15164.721 rows=18709859 loops=1)
  Filter: ((person_id > 1720756) AND (role_id > 1))
  Rows Removed by Filter: 17534485
Planning time: 0.337 ms
Execution time: 17524.813 ms
