Seq Scan on movie_keyword mk  (cost=0.00..81003.12 rows=3199886 width=0) (actual time=0.017..1592.701 rows=3183145 loops=1)
  Filter: (keyword_id > 1748)
  Rows Removed by Filter: 1340785
Planning time: 0.343 ms
Execution time: 1976.708 ms
