Seq Scan on movie_companies mc  (cost=0.00..51404.11 rows=2146359 width=0) (actual time=0.027..1029.336 rows=2141558 loops=1)
  Filter: (company_id < 76202)
  Rows Removed by Filter: 467571
Planning time: 0.325 ms
Execution time: 1306.509 ms
