Hash Join  (cost=76033.02..1080661.71 rows=875355 width=0) (actual time=5388.886..21629.551 rows=20739 loops=1)
  Hash Cond: (ci.movie_id = t.id)
  ->  Seq Scan on cast_info ci  (cost=0.00..796071.18 rows=17236790 width=4) (actual time=4071.014..15217.838 rows=16009814 loops=1)
        Filter: ((person_id > 1613591) AND (role_id < 10))
        Rows Removed by Filter: 20234530
  ->  Hash  (cost=73925.90..73925.90 rows=128409 width=4) (actual time=1316.895..1316.895 rows=8317 loops=1)
        Buckets: 131072  Batches: 2  Memory Usage: 1172kB
        ->  Seq Scan on title t  (cost=0.00..73925.90 rows=128409 width=4) (actual time=0.696..1312.618 rows=8317 loops=1)
              Filter: ((kind_id > 1) AND (production_year < 1952))
              Rows Removed by Filter: 2519995
Planning time: 0.859 ms
Execution time: 21633.911 ms
