Nested Loop  (cost=0.43..83072.29 rows=11 width=0) (actual time=21.212..1320.015 rows=6 loops=1)
  ->  Seq Scan on movie_keyword mk  (cost=0.00..81003.12 rows=246 width=4) (actual time=0.896..1292.270 rows=976 loops=1)
        Filter: (keyword_id = 8454)
        Rows Removed by Filter: 4522954
  ->  Index Scan using title_pkey on title t  (cost=0.43..8.40 rows=1 width=4) (actual time=0.027..0.027 rows=0 loops=976)
        Index Cond: (id = mk.movie_id)
        Filter: (production_year = 2007)
        Rows Removed by Filter: 1
Planning time: 0.769 ms
Execution time: 1320.142 ms
