Hash Join  (cost=102767.86..181061.81 rows=435878 width=0) (actual time=1874.783..3407.392 rows=118116 loops=1)
  Hash Cond: (mc.movie_id = t.id)
  ->  Seq Scan on movie_companies mc  (cost=0.00..57926.93 rows=435878 width=4) (actual time=0.027..1017.293 rows=118116 loops=1)
        Filter: ((company_id > 21705) AND (company_type_id = 1))
        Rows Removed by Filter: 2491013
  ->  Hash  (cost=61283.27..61283.27 rows=2528527 width=4) (actual time=1873.675..1873.675 rows=2528312 loops=1)
        Buckets: 131072  Batches: 64  Memory Usage: 2415kB
        ->  Seq Scan on title t  (cost=0.00..61283.27 rows=2528527 width=4) (actual time=0.021..1013.951 rows=2528312 loops=1)
Planning time: 0.824 ms
Execution time: 3421.733 ms
