Hash Join  (cost=459241.89..591106.48 rows=809455 width=0) (actual time=8126.178..23419.881 rows=57095658 loops=1)
  Hash Cond: (mk.movie_id = t.id)
  ->  Seq Scan on movie_keyword mk  (cost=0.00..69693.30 rows=4523930 width=4) (actual time=0.013..1338.098 rows=4523930 loops=1)
  ->  Hash  (cost=451818.60..451818.60 rows=452423 width=8) (actual time=8124.617..8124.617 rows=1058826 loops=1)
        Buckets: 131072 (originally 131072)  Batches: 16 (originally 8)  Memory Usage: 3596kB
        ->  Hash Join  (cost=83810.17..451818.60 rows=452423 width=8) (actual time=1430.077..7788.755 rows=1058826 loops=1)
              Hash Cond: (mi.movie_id = t.id)
              ->  Seq Scan on movie_info mi  (cost=0.00..346232.03 rows=1158179 width=4) (actual time=0.021..5286.164 rows=1204709 loops=1)
                    Filter: (info_type_id > 18)
                    Rows Removed by Filter: 13631011
              ->  Hash  (cost=67604.59..67604.59 rows=987727 width=4) (actual time=1429.259..1429.259 rows=985048 loops=1)
                    Buckets: 131072  Batches: 16  Memory Usage: 3197kB
                    ->  Seq Scan on title t  (cost=0.00..67604.59 rows=987727 width=4) (actual time=0.025..1115.626 rows=985048 loops=1)
                          Filter: (kind_id < 7)
                          Rows Removed by Filter: 1543264
Planning time: 1.136 ms
Execution time: 29497.516 ms
