Seq Scan on movie_keyword mk  (cost=0.00..81003.12 rows=246 width=0) (actual time=0.925..1306.621 rows=1302 loops=1)
  Filter: (keyword_id = 2661)
  Rows Removed by Filter: 4522628
Planning time: 0.380 ms
Execution time: 1307.202 ms
