Hash Join  (cost=438863.84..1461348.26 rows=142796 width=0) (actual time=8714.051..31586.340 rows=1670380 loops=1)
  Hash Cond: (ci.movie_id = t.id)
  ->  Seq Scan on cast_info ci  (cost=0.00..705507.15 rows=31554923 width=4) (actual time=0.028..15052.201 rows=31605208 loops=1)
        Filter: (role_id < 10)
        Rows Removed by Filter: 4639136
  ->  Hash  (cost=438720.80..438720.80 rows=11443 width=8) (actual time=8713.754..8713.754 rows=51407 loops=1)
        Buckets: 65536 (originally 16384)  Batches: 1 (originally 1)  Memory Usage: 2521kB
        ->  Hash Join  (cost=73950.44..438720.80 rows=11443 width=8) (actual time=1156.572..8689.598 rows=51407 loops=1)
              Hash Cond: (mi.movie_id = t.id)
              ->  Seq Scan on movie_info mi  (cost=0.00..309384.22 rows=14739122 width=4) (actual time=0.022..4474.240 rows=14835720 loops=1)
              ->  Hash  (cost=73925.90..73925.90 rows=1963 width=4) (actual time=1156.524..1156.524 rows=4382 loops=1)
                    Buckets: 8192 (originally 2048)  Batches: 1 (originally 1)  Memory Usage: 219kB
                    ->  Seq Scan on title t  (cost=0.00..73925.90 rows=1963 width=4) (actual time=52.306..1154.369 rows=4382 loops=1)
                          Filter: ((kind_id = 1) AND (production_year = 1979))
                          Rows Removed by Filter: 2523930
Planning time: 1.252 ms
Execution time: 31802.073 ms
