Nested Loop  (cost=0.43..709671.90 rows=500 width=0) (actual time=9367.713..11542.471 rows=36 loops=1)
  ->  Seq Scan on cast_info ci  (cost=0.00..705507.15 rows=500 width=4) (actual time=9367.520..11541.428 rows=36 loops=1)
        Filter: (person_id = 1164583)
        Rows Removed by Filter: 36244308
  ->  Index Only Scan using title_pkey on title t  (cost=0.43..8.32 rows=1 width=4) (actual time=0.025..0.026 rows=1 loops=36)
        Index Cond: (id = ci.movie_id)
        Heap Fetches: 36
Planning time: 0.767 ms
Execution time: 11542.546 ms
