Hash Join  (cost=58375.85..942366.66 rows=491 width=0) (actual time=5652.880..22064.253 rows=65 loops=1)
  Hash Cond: (ci.movie_id = t.id)
  ->  Seq Scan on cast_info ci  (cost=0.00..796071.18 rows=23443926 width=4) (actual time=4245.341..18012.588 rows=23464142 loops=1)
        Filter: ((person_id < 4044535) AND (role_id > 1))
        Rows Removed by Filter: 12780202
  ->  Hash  (cost=58375.18..58375.18 rows=53 width=8) (actual time=923.014..923.014 rows=16 loops=1)
        Buckets: 1024  Batches: 1  Memory Usage: 9kB
        ->  Nested Loop  (cost=0.43..58375.18 rows=53 width=8) (actual time=165.124..922.994 rows=16 loops=1)
              ->  Seq Scan on movie_companies mc  (cost=0.00..57926.93 rows=53 width=4) (actual time=164.983..922.254 rows=16 loops=1)
                    Filter: ((company_id = 23552) AND (company_type_id = 2))
                    Rows Removed by Filter: 2609113
              ->  Index Only Scan using title_pkey on title t  (cost=0.43..8.45 rows=1 width=4) (actual time=0.039..0.039 rows=1 loops=16)
                    Index Cond: (id = mc.movie_id)
                    Heap Fetches: 16
Planning time: 1.161 ms
Execution time: 22064.411 ms
