Seq Scan on cast_info ci  (cost=0.00..705507.15 rows=500 width=0) (actual time=368.420..10599.067 rows=542 loops=1)
  Filter: (person_id = 1482476)
  Rows Removed by Filter: 36243802
Planning time: 0.845 ms
Execution time: 10599.281 ms
