Hash Join  (cost=890067.48..1376898.43 rows=658302 width=0) (actual time=13048.271..24368.191 rows=1679525 loops=1)
  Hash Cond: (mi.movie_id = t.id)
  ->  Seq Scan on movie_info mi  (cost=0.00..309384.22 rows=14739122 width=4) (actual time=0.012..5768.488 rows=14835720 loops=1)
  ->  Hash  (cost=888213.82..888213.82 rows=112933 width=8) (actual time=13047.157..13047.157 rows=86099 loops=1)
        Buckets: 131072  Batches: 2  Memory Usage: 2715kB
        ->  Hash Join  (cost=83810.17..888213.82 rows=112933 width=8) (actual time=4624.495..13015.565 rows=86099 loops=1)
              Hash Cond: (ci.movie_id = t.id)
              ->  Seq Scan on cast_info ci  (cost=0.00..796071.18 rows=289102 width=4) (actual time=3084.270..11150.584 rows=260972 loops=1)
                    Filter: ((person_id < 355300) AND (role_id = 4))
                    Rows Removed by Filter: 35983372
              ->  Hash  (cost=67604.59..67604.59 rows=987727 width=4) (actual time=1539.419..1539.419 rows=985048 loops=1)
                    Buckets: 131072  Batches: 16  Memory Usage: 3188kB
                    ->  Seq Scan on title t  (cost=0.00..67604.59 rows=987727 width=4) (actual time=0.027..1063.292 rows=985048 loops=1)
                          Filter: (kind_id < 7)
                          Rows Removed by Filter: 1543264
Planning time: 1.222 ms
Execution time: 24565.268 ms
