Seq Scan on movie_keyword mk  (cost=0.00..81003.12 rows=246 width=0) (actual time=2.361..1379.378 rows=1065 loops=1)
  Filter: (keyword_id = 6428)
  Rows Removed by Filter: 4522865
Planning time: 0.408 ms
Execution time: 1379.801 ms
