Hash Join  (cost=146069.04..960571.33 rows=17450 width=0) (actual time=8059.217..18274.628 rows=48288 loops=1)
  Hash Cond: (ci.movie_id = t.id)
  ->  Seq Scan on cast_info ci  (cost=0.00..796071.18 rows=4868430 width=4) (actual time=5455.935..13827.439 rows=10241045 loops=1)
        Filter: ((person_id > 2617263) AND (role_id > 2))
        Rows Removed by Filter: 26003299
  ->  Hash  (cost=145955.75..145955.75 rows=9063 width=8) (actual time=2602.815..2602.815 rows=6309 loops=1)
        Buckets: 16384  Batches: 1  Memory Usage: 375kB
        ->  Hash Join  (cost=83810.17..145955.75 rows=9063 width=8) (actual time=1496.719..2600.263 rows=6309 loops=1)
              Hash Cond: (mc.movie_id = t.id)
              ->  Seq Scan on movie_companies mc  (cost=0.00..57926.93 rows=23202 width=4) (actual time=0.222..895.010 rows=42064 loops=1)
                    Filter: ((company_id = 19) AND (company_type_id = 1))
                    Rows Removed by Filter: 2567065
              ->  Hash  (cost=67604.59..67604.59 rows=987727 width=4) (actual time=1495.031..1495.031 rows=985048 loops=1)
                    Buckets: 131072  Batches: 16  Memory Usage: 3188kB
                    ->  Seq Scan on title t  (cost=0.00..67604.59 rows=987727 width=4) (actual time=0.016..1191.020 rows=985048 loops=1)
                          Filter: (kind_id < 7)
                          Rows Removed by Filter: 1543264
Planning time: 5.517 ms
Execution time: 18289.457 ms
