Hash Join  (cost=73929.67..128598.30 rows=311 width=0) (actual time=1085.581..2216.389 rows=1734 loops=1)
  Hash Cond: (mc.movie_id = t.id)
  ->  Seq Scan on movie_companies mc  (cost=0.00..44881.29 rows=2609129 width=4) (actual time=0.017..645.495 rows=2609129 loops=1)
  ->  Hash  (cost=73925.90..73925.90 rows=301 width=4) (actual time=1082.963..1082.963 rows=1055 loops=1)
        Buckets: 2048 (originally 1024)  Batches: 1 (originally 1)  Memory Usage: 54kB
        ->  Seq Scan on title t  (cost=0.00..73925.90 rows=301 width=4) (actual time=403.498..1082.301 rows=1055 loops=1)
              Filter: ((kind_id = 3) AND (production_year = 1973))
              Rows Removed by Filter: 2527257
Planning time: 0.738 ms
Execution time: 2216.885 ms
