Hash Join  (cost=88657.78..176480.63 rows=926533 width=0) (actual time=1521.412..4229.975 rows=1528192 loops=1)
  Hash Cond: (mc.movie_id = t.id)
  ->  Seq Scan on movie_companies mc  (cost=0.00..44881.29 rows=2609129 width=4) (actual time=0.018..948.877 rows=2609129 loops=1)
  ->  Hash  (cost=73925.90..73925.90 rows=897910 width=4) (actual time=1520.492..1520.492 rows=812846 loops=1)
        Buckets: 131072  Batches: 16  Memory Usage: 2812kB
        ->  Seq Scan on title t  (cost=0.00..73925.90 rows=897910 width=4) (actual time=0.013..1260.351 rows=812846 loops=1)
              Filter: ((kind_id < 7) AND (production_year > 1950))
              Rows Removed by Filter: 1715466
Planning time: 0.985 ms
Execution time: 4398.696 ms
