Hash Join  (cost=1338976.79..2664299.65 rows=61974691 width=0) (actual time=24019.604..61175.532 rows=80977436 loops=1)
  Hash Cond: (mi.movie_id = t.id)
  ->  Seq Scan on movie_info mi  (cost=0.00..309384.22 rows=14739122 width=4) (actual time=0.021..6435.140 rows=14835720 loops=1)
  ->  Hash  (cost=1164547.20..1164547.20 rows=10631887 width=8) (actual time=24017.050..24017.050 rows=5671560 loops=1)
        Buckets: 131072  Batches: 256  Memory Usage: 1962kB
        ->  Hash Join  (cost=102767.86..1164547.20 rows=10631887 width=8) (actual time=1878.773..22404.548 rows=5671560 loops=1)
              Hash Cond: (ci.movie_id = t.id)
              ->  Seq Scan on cast_info ci  (cost=0.00..796071.18 rows=10631887 width=4) (actual time=0.048..15064.707 rows=5671560 loops=1)
                    Filter: ((person_id < 2426722) AND (role_id > 2))
                    Rows Removed by Filter: 30572784
              ->  Hash  (cost=61283.27..61283.27 rows=2528527 width=4) (actual time=1876.782..1876.782 rows=2528312 loops=1)
                    Buckets: 131072  Batches: 64  Memory Usage: 2415kB
                    ->  Seq Scan on title t  (cost=0.00..61283.27 rows=2528527 width=4) (actual time=0.020..1028.012 rows=2528312 loops=1)
Planning time: 1.261 ms
Execution time: 70688.558 ms
