Hash Join  (cost=175370.11..309854.79 rows=1024564 width=0) (actual time=3898.326..7281.775 rows=775558 loops=1)
  Hash Cond: (mk.movie_id = t.id)
  ->  Seq Scan on movie_keyword mk  (cost=0.00..69693.30 rows=4523930 width=4) (actual time=0.023..1435.432 rows=4523930 loops=1)
  ->  Hash  (cost=165974.96..165974.96 rows=572652 width=8) (actual time=3892.486..3892.486 rows=244642 loops=1)
        Buckets: 131072  Batches: 8  Memory Usage: 2208kB
        ->  Hash Join  (cost=83030.92..165974.96 rows=572652 width=8) (actual time=1552.201..3812.074 rows=244642 loops=1)
              Hash Cond: (mc.movie_id = t.id)
              ->  Seq Scan on movie_companies mc  (cost=0.00..44881.29 rows=2609129 width=4) (actual time=0.013..926.973 rows=2609129 loops=1)
              ->  Hash  (cost=73925.90..73925.90 rows=554961 width=4) (actual time=1543.718..1543.718 rows=605090 loops=1)
                    Buckets: 131072  Batches: 8  Memory Usage: 3684kB
                    ->  Seq Scan on title t  (cost=0.00..73925.90 rows=554961 width=4) (actual time=0.025..1353.085 rows=605090 loops=1)
                          Filter: ((kind_id > 4) AND (production_year > 2006))
                          Rows Removed by Filter: 1923222
Planning time: 1.226 ms
Execution time: 7369.870 ms
