Seq Scan on cast_info ci  (cost=0.00..796071.18 rows=5960323 width=0) (actual time=0.024..12423.391 rows=9192200 loops=1)
  Filter: ((person_id > 2780984) AND (role_id > 1))
  Rows Removed by Filter: 27052144
Planning time: 0.342 ms
Execution time: 13562.721 ms
