Seq Scan on cast_info ci  (cost=0.00..705507.15 rows=23240125 width=0) (actual time=0.020..12830.542 rows=23127832 loops=1)
  Filter: (person_id < 2364392)
  Rows Removed by Filter: 13116512
Planning time: 0.323 ms
Execution time: 15671.738 ms
