Hash Join  (cost=84618.84..1214343.42 rows=9337541 width=0) (actual time=1531.078..34386.537 rows=10570786 loops=1)
  Hash Cond: (ci.movie_id = t.id)
  ->  Seq Scan on cast_info ci  (cost=0.00..614943.12 rows=36225612 width=4) (actual time=0.013..13207.083 rows=36244344 loops=1)
  ->  Hash  (cost=73925.90..73925.90 rows=651755 width=4) (actual time=1530.081..1530.081 rows=711179 loops=1)
        Buckets: 131072  Batches: 16  Memory Usage: 2590kB
        ->  Seq Scan on title t  (cost=0.00..73925.90 rows=651755 width=4) (actual time=0.026..1307.609 rows=711179 loops=1)
              Filter: ((kind_id < 7) AND (production_year < 2008))
              Rows Removed by Filter: 1817133
Planning time: 0.783 ms
Execution time: 35536.970 ms
