Hash Join  (cost=73962.22..825167.57 rows=41619 width=0) (actual time=1106.488..18997.503 rows=163220 loops=1)
  Hash Cond: (ci.movie_id = t.id)
  ->  Seq Scan on cast_info ci  (cost=0.00..614943.12 rows=36225612 width=4) (actual time=0.014..9422.639 rows=36244344 loops=1)
  ->  Hash  (cost=73925.90..73925.90 rows=2905 width=4) (actual time=1106.410..1106.410 rows=10197 loops=1)
        Buckets: 16384 (originally 4096)  Batches: 1 (originally 1)  Memory Usage: 487kB
        ->  Seq Scan on title t  (cost=0.00..73925.90 rows=2905 width=4) (actual time=0.143..1101.892 rows=10197 loops=1)
              Filter: ((kind_id < 7) AND (production_year = 1992))
              Rows Removed by Filter: 2518115
Planning time: 0.789 ms
Execution time: 19028.382 ms
