Seq Scan on cast_info ci  (cost=0.00..796071.18 rows=20590049 width=0) (actual time=4414.451..17621.082 rows=24130698 loops=1)
  Filter: ((person_id < 3139144) AND (role_id < 4))
  Rows Removed by Filter: 12113646
Planning time: 0.375 ms
Execution time: 20625.091 ms
