Seq Scan on cast_info ci  (cost=0.00..705507.15 rows=500 width=0) (actual time=635.858..10023.163 rows=63 loops=1)
  Filter: (person_id = 893689)
  Rows Removed by Filter: 36244281
Planning time: 0.350 ms
Execution time: 10023.283 ms
