Hash Join  (cost=107928.35..1548740.77 rows=35212624 width=0) (actual time=2168.564..47885.903 rows=35835117 loops=1)
  Hash Cond: (ci.movie_id = t.id)
  ->  Seq Scan on cast_info ci  (cost=0.00..614943.12 rows=36225612 width=4) (actual time=0.012..13507.048 rows=36244344 loops=1)
  ->  Hash  (cost=67604.59..67604.59 rows=2457821 width=4) (actual time=2167.529..2167.529 rows=2456218 loops=1)
        Buckets: 131072  Batches: 64  Memory Usage: 2375kB
        ->  Seq Scan on title t  (cost=0.00..67604.59 rows=2457821 width=4) (actual time=0.016..1385.822 rows=2456218 loops=1)
              Filter: (production_year > 0)
              Rows Removed by Filter: 72094
Planning time: 0.766 ms
Execution time: 52295.403 ms
