Hash Join  (cost=220044.34..299279.11 rows=342157 width=0) (actual time=4404.365..6619.596 rows=1242293 loops=1)
  Hash Cond: (mc.movie_id = t.id)
  ->  Seq Scan on movie_companies mc  (cost=0.00..57926.93 rows=1326472 width=4) (actual time=0.022..1281.569 rows=1329302 loops=1)
        Filter: ((company_id < 229605) AND (company_type_id > 1))
        Rows Removed by Filter: 1279827
  ->  Hash  (cost=209343.57..209343.57 rows=652221 width=8) (actual time=4403.456..4403.456 rows=662055 loops=1)
        Buckets: 131072  Batches: 16  Memory Usage: 2677kB
        ->  Hash Join  (cost=102767.86..209343.57 rows=652221 width=8) (actual time=1864.674..4232.340 rows=662055 loops=1)
              Hash Cond: (mk.movie_id = t.id)
              ->  Seq Scan on movie_keyword mk  (cost=0.00..81003.12 rows=652221 width=4) (actual time=0.021..1510.511 rows=662055 loops=1)
                    Filter: (keyword_id > 28393)
                    Rows Removed by Filter: 3861875
              ->  Hash  (cost=61283.27..61283.27 rows=2528527 width=4) (actual time=1862.198..1862.198 rows=2528312 loops=1)
                    Buckets: 131072  Batches: 64  Memory Usage: 2425kB
                    ->  Seq Scan on title t  (cost=0.00..61283.27 rows=2528527 width=4) (actual time=0.022..1015.916 rows=2528312 loops=1)
Planning time: 1.147 ms
Execution time: 6745.782 ms
