Nested Loop  (cost=0.43..83072.29 rows=150 width=0) (actual time=165.663..1255.983 rows=73 loops=1)
  ->  Seq Scan on movie_keyword mk  (cost=0.00..81003.12 rows=246 width=4) (actual time=0.657..1193.222 rows=1366 loops=1)
        Filter: (keyword_id = 16986)
        Rows Removed by Filter: 4522564
  ->  Index Scan using title_pkey on title t  (cost=0.43..8.40 rows=1 width=4) (actual time=0.045..0.045 rows=0 loops=1366)
        Index Cond: (id = mk.movie_id)
        Filter: (kind_id = 7)
        Rows Removed by Filter: 1
Planning time: 0.839 ms
Execution time: 1256.107 ms
