Seq Scan on cast_info ci  (cost=0.00..705507.15 rows=500 width=0) (actual time=7891.362..11035.654 rows=37 loops=1)
  Filter: (person_id = 2403955)
  Rows Removed by Filter: 36244307
Planning time: 0.381 ms
Execution time: 11035.774 ms
