Hash Join  (cost=81530.55..889289.92 rows=2226066 width=0) (actual time=5956.539..17174.176 rows=1745765 loops=1)
  Hash Cond: (ci.movie_id = t.id)
  ->  Seq Scan on cast_info ci  (cost=0.00..705507.15 rows=6631349 width=4) (actual time=4483.053..12007.843 rows=6718878 loops=1)
        Filter: (person_id > 2989021)
        Rows Removed by Filter: 29525466
  ->  Hash  (cost=67604.59..67604.59 rows=848797 width=4) (actual time=1472.703..1472.703 rows=849141 loops=1)
        Buckets: 131072  Batches: 16  Memory Usage: 2892kB
        ->  Seq Scan on title t  (cost=0.00..67604.59 rows=848797 width=4) (actual time=0.039..1190.263 rows=849141 loops=1)
              Filter: (production_year < 1996)
              Rows Removed by Filter: 1679171
Planning time: 1.796 ms
Execution time: 17372.967 ms
