Hash Join  (cost=308728.33..995321.45 rows=15051641 width=0) (actual time=7492.095..52159.927 rows=142514011 loops=1)
  Hash Cond: (mi.movie_id = t.id)
  ->  Seq Scan on movie_info mi  (cost=0.00..346232.03 rows=12665229 width=4) (actual time=228.260..7656.484 rows=12744652 loops=1)
        Filter: (info_type_id > 2)
        Rows Removed by Filter: 2091068
  ->  Hash  (cost=259427.36..259427.36 rows=3004958 width=8) (actual time=7262.540..7262.540 rows=2565921 loops=1)
        Buckets: 131072  Batches: 64  Memory Usage: 2655kB
        ->  Hash Join  (cost=95159.82..259427.36 rows=3004958 width=8) (actual time=1984.934..6500.131 rows=2565921 loops=1)
              Hash Cond: (mk.movie_id = t.id)
              ->  Seq Scan on movie_keyword mk  (cost=0.00..69693.30 rows=4523930 width=4) (actual time=0.023..1470.936 rows=4523930 loops=1)
              ->  Hash  (cost=67604.59..67604.59 rows=1679539 width=4) (actual time=1983.773..1983.773 rows=1673541 loops=1)
                    Buckets: 131072  Batches: 32  Memory Usage: 2874kB
                    ->  Seq Scan on title t  (cost=0.00..67604.59 rows=1679539 width=4) (actual time=0.021..1407.694 rows=1673541 loops=1)
                          Filter: (production_year > 1993)
                          Rows Removed by Filter: 854771
Planning time: 1.122 ms
Execution time: 67495.770 ms
