Hash Join  (cost=102767.86..1201754.09 rows=12178157 width=0) (actual time=8216.733..29713.069 rows=11605987 loops=1)
  Hash Cond: (ci.movie_id = t.id)
  ->  Seq Scan on cast_info ci  (cost=0.00..796071.18 rows=12178157 width=4) (actual time=6364.580..17507.995 rows=11605987 loops=1)
        Filter: ((person_id > 148899) AND (role_id < 2))
        Rows Removed by Filter: 24638357
  ->  Hash  (cost=61283.27..61283.27 rows=2528527 width=4) (actual time=1850.392..1850.392 rows=2528312 loops=1)
        Buckets: 131072  Batches: 64  Memory Usage: 2415kB
        ->  Seq Scan on title t  (cost=0.00..61283.27 rows=2528527 width=4) (actual time=0.015..1010.398 rows=2528312 loops=1)
Planning time: 0.801 ms
Execution time: 31066.466 ms
