Hash Join  (cost=129302.67..496398.66 rows=44254 width=0) (actual time=4229.876..8561.071 rows=63624 loops=1)
  Hash Cond: (mi.movie_id = t.id)
  ->  Seq Scan on movie_info mi  (cost=0.00..346232.03 rows=5445713 width=4) (actual time=1781.327..5026.495 rows=5410520 loops=1)
        Filter: (info_type_id < 6)
        Rows Removed by Filter: 9425200
  ->  Hash  (cost=129045.82..129045.82 rows=20548 width=8) (actual time=2448.056..2448.056 rows=15678 loops=1)
        Buckets: 32768  Batches: 1  Memory Usage: 869kB
        ->  Hash Join  (cost=74174.82..129045.82 rows=20548 width=8) (actual time=1208.032..2441.683 rows=15678 loops=1)
              Hash Cond: (mc.movie_id = t.id)
              ->  Seq Scan on movie_companies mc  (cost=0.00..44881.29 rows=2609129 width=4) (actual time=0.021..594.458 rows=2609129 loops=1)
              ->  Hash  (cost=73925.90..73925.90 rows=19913 width=4) (actual time=1207.805..1207.805 rows=21707 loops=1)
                    Buckets: 32768  Batches: 1  Memory Usage: 1020kB
                    ->  Seq Scan on title t  (cost=0.00..73925.90 rows=19913 width=4) (actual time=0.436..1197.895 rows=21707 loops=1)
                          Filter: ((kind_id > 1) AND (production_year = 1993))
                          Rows Removed by Filter: 2506605
Planning time: 1.306 ms
Execution time: 8570.332 ms
