Hash Join  (cost=139880.55..263725.77 rows=151218 width=0) (actual time=2683.229..5391.432 rows=322623 loops=1)
  Hash Cond: (mk.movie_id = t.id)
  ->  Seq Scan on movie_keyword mk  (cost=0.00..69693.30 rows=4523930 width=4) (actual time=0.023..1305.020 rows=4523930 loops=1)
  ->  Hash  (cost=138493.06..138493.06 rows=84519 width=8) (actual time=2680.970..2680.970 rows=71191 loops=1)
        Buckets: 131072  Batches: 2  Memory Usage: 2418kB
        ->  Hash Join  (cost=70241.71..138493.06 rows=84519 width=8) (actual time=1125.716..2654.290 rows=71191 loops=1)
              Hash Cond: (mc.movie_id = t.id)
              ->  Seq Scan on movie_companies mc  (cost=0.00..51404.11 rows=1329612 width=4) (actual time=0.021..956.307 rows=1334883 loops=1)
                    Filter: (company_type_id > 1)
                    Rows Removed by Filter: 1274246
              ->  Hash  (cost=67604.59..67604.59 rows=160730 width=4) (actual time=1124.679..1124.679 rows=160017 loops=1)
                    Buckets: 131072  Batches: 4  Memory Usage: 2436kB
                    ->  Seq Scan on title t  (cost=0.00..67604.59 rows=160730 width=4) (actual time=0.021..1062.069 rows=160017 loops=1)
                          Filter: (production_year = 2011)
                          Rows Removed by Filter: 2368295
Planning time: 1.176 ms
Execution time: 5432.235 ms
