Hash Join  (cost=190230.21..302383.62 rows=825999 width=0) (actual time=4305.531..7920.745 rows=3453685 loops=1)
  Hash Cond: (mk.movie_id = t.id)
  ->  Seq Scan on movie_keyword mk  (cost=0.00..81003.12 rows=1513412 width=4) (actual time=0.030..1568.081 rows=1524639 loops=1)
        Filter: (keyword_id < 2215)
        Rows Removed by Filter: 2999291
  ->  Hash  (cost=167588.78..167588.78 rows=1380035 width=8) (actual time=4304.505..4304.505 rows=1380035 loops=1)
        Buckets: 131072  Batches: 32  Memory Usage: 2726kB
        ->  Hash Join  (cost=102767.86..167588.78 rows=1380035 width=8) (actual time=1943.748..3889.392 rows=1380035 loops=1)
              Hash Cond: (mi_idx.movie_id = t.id)
              ->  Seq Scan on movie_info_idx mi_idx  (cost=0.00..21735.35 rows=1380035 width=4) (actual time=0.026..419.521 rows=1380035 loops=1)
              ->  Hash  (cost=61283.27..61283.27 rows=2528527 width=4) (actual time=1941.259..1941.259 rows=2528312 loops=1)
                    Buckets: 131072  Batches: 64  Memory Usage: 2415kB
                    ->  Seq Scan on title t  (cost=0.00..61283.27 rows=2528527 width=4) (actual time=0.018..1113.253 rows=2528312 loops=1)
Planning time: 1.196 ms
Execution time: 8330.194 ms
