Nested Loop  (cost=0.43..83071.67 rows=246 width=0) (actual time=20.634..1289.489 rows=229 loops=1)
  ->  Seq Scan on movie_keyword mk  (cost=0.00..81003.12 rows=246 width=4) (actual time=20.546..1275.348 rows=229 loops=1)
        Filter: (keyword_id = 4056)
        Rows Removed by Filter: 4523701
  ->  Index Only Scan using title_pkey on title t  (cost=0.43..8.40 rows=1 width=4) (actual time=0.058..0.059 rows=1 loops=229)
        Index Cond: (id = mk.movie_id)
        Heap Fetches: 229
Planning time: 1.395 ms
Execution time: 1289.712 ms
