Hash Join  (cost=102767.86..301957.78 rows=4501095 width=0) (actual time=1839.114..7132.953 rows=4501684 loops=1)
  Hash Cond: (mk.movie_id = t.id)
  ->  Seq Scan on movie_keyword mk  (cost=0.00..81003.12 rows=4501095 width=4) (actual time=0.025..1768.158 rows=4501684 loops=1)
        Filter: (keyword_id > 3)
        Rows Removed by Filter: 22246
  ->  Hash  (cost=61283.27..61283.27 rows=2528527 width=4) (actual time=1837.263..1837.263 rows=2528312 loops=1)
        Buckets: 131072  Batches: 64  Memory Usage: 2425kB
        ->  Seq Scan on title t  (cost=0.00..61283.27 rows=2528527 width=4) (actual time=0.016..991.133 rows=2528312 loops=1)
Planning time: 0.803 ms
Execution time: 7647.068 ms
