Seq Scan on cast_info ci  (cost=0.00..796071.18 rows=324 width=0) (actual time=3469.939..13520.101 rows=14 loops=1)
  Filter: ((role_id > 1) AND (person_id = 1329910))
  Rows Removed by Filter: 36244330
Planning time: 0.394 ms
Execution time: 13520.239 ms
