Hash Join  (cost=70308.29..962314.55 rows=991598 width=0) (actual time=1208.223..21510.390 rows=899730 loops=1)
  Hash Cond: (ci.movie_id = t.id)
  ->  Seq Scan on cast_info ci  (cost=0.00..705507.15 rows=15216302 width=4) (actual time=0.024..13494.729 rows=15092169 loops=1)
        Filter: (person_id < 1489019)
        Rows Removed by Filter: 21152175
  ->  Hash  (cost=67604.59..67604.59 rows=164776 width=4) (actual time=1207.216..1207.216 rows=164307 loops=1)
        Buckets: 131072  Batches: 4  Memory Usage: 2482kB
        ->  Seq Scan on title t  (cost=0.00..67604.59 rows=164776 width=4) (actual time=0.018..1149.413 rows=164307 loops=1)
              Filter: (production_year = 2012)
              Rows Removed by Filter: 2364005
Planning time: 0.737 ms
Execution time: 21611.893 ms
