Hash Join  (cost=97835.13..163773.89 rows=77110 width=0) (actual time=2938.559..3338.845 rows=33069 loops=1)
  Hash Cond: (mc.movie_id = t.id)
  ->  Seq Scan on movie_companies mc  (cost=0.00..57926.93 rows=133792 width=4) (actual time=0.072..725.073 rows=60301 loops=1)
        Filter: ((company_id < 133) AND (company_type_id > 1))
        Rows Removed by Filter: 2548828
  ->  Hash  (cost=73925.90..73925.90 rows=1457298 width=4) (actual time=2337.331..2337.331 rows=1438183 loops=1)
        Buckets: 131072  Batches: 32  Memory Usage: 2604kB
        ->  Seq Scan on title t  (cost=0.00..73925.90 rows=1457298 width=4) (actual time=0.016..1564.953 rows=1438183 loops=1)
              Filter: ((production_year < 2013) AND (kind_id = 7))
              Rows Removed by Filter: 1090129
Planning time: 0.825 ms
Execution time: 3343.381 ms
