Seq Scan on cast_info ci  (cost=0.00..796071.18 rows=4730159 width=0) (actual time=2122.483..12742.861 rows=7352347 loops=1)
  Filter: ((person_id > 2934892) AND (role_id > 1))
  Rows Removed by Filter: 28891997
Planning time: 0.375 ms
Execution time: 13679.426 ms
