Seq Scan on movie_companies mc  (cost=0.00..57926.93 rows=374160 width=0) (actual time=614.604..994.789 rows=59463 loops=1)
  Filter: ((company_id > 34188) AND (company_type_id < 2))
  Rows Removed by Filter: 2549666
Planning time: 0.338 ms
Execution time: 1002.940 ms
