Seq Scan on cast_info ci  (cost=0.00..796071.18 rows=9830123 width=0) (actual time=0.463..14164.823 rows=10965285 loops=1)
  Filter: ((person_id < 1142266) AND (role_id < 9))
  Rows Removed by Filter: 25279059
Planning time: 0.363 ms
Execution time: 15575.239 ms
