Hash Join  (cost=175486.28..556059.41 rows=618229 width=0) (actual time=5783.218..13295.659 rows=6608026 loops=1)
  Hash Cond: (mi.movie_id = t.id)
  ->  Seq Scan on movie_info mi  (cost=0.00..346232.03 rows=2194617 width=4) (actual time=1179.570..5439.026 rows=2233850 loops=1)
        Filter: (info_type_id > 16)
        Rows Removed by Filter: 12601870
  ->  Hash  (cost=163799.63..163799.63 rows=712292 width=8) (actual time=4560.405..4560.405 rows=1051700 loops=1)
        Buckets: 131072  Batches: 16  Memory Usage: 3634kB
        ->  Hash Join  (cost=78930.19..163799.63 rows=712292 width=8) (actual time=1364.076..4228.329 rows=1051700 loops=1)
              Hash Cond: (mc.movie_id = t.id)
              ->  Seq Scan on movie_companies mc  (cost=0.00..44881.29 rows=2609129 width=4) (actual time=0.021..1044.541 rows=2609129 loops=1)
              ->  Hash  (cost=67604.59..67604.59 rows=690288 width=4) (actual time=1362.761..1362.761 rows=684146 loops=1)
                    Buckets: 131072  Batches: 16  Memory Usage: 2525kB
                    ->  Seq Scan on title t  (cost=0.00..67604.59 rows=690288 width=4) (actual time=0.025..1135.030 rows=684146 loops=1)
                          Filter: (production_year < 1990)
                          Rows Removed by Filter: 1844166
Planning time: 1.153 ms
Execution time: 14117.742 ms
