Seq Scan on title t  (cost=0.00..67604.59 rows=534824 width=0) (actual time=0.018..1060.260 rows=533369 loops=1)
  Filter: (production_year > 2009)
  Rows Removed by Filter: 1994943
Planning time: 0.313 ms
Execution time: 1132.788 ms
