Seq Scan on cast_info ci  (cost=0.00..796071.18 rows=396 width=42) (actual time=4794.404..16854.825 rows=101 loops=1)
  Filter: ((role_id < 8) AND (person_id = 642522))
  Rows Removed by Filter: 36244243
Planning time: 0.532 ms
Execution time: 16854.907 ms
