Hash Join  (cost=803188.20..2133089.21 rows=30508749 width=0) (actual time=23815.503..45599.952 rows=30270917 loops=1)
  Hash Cond: (ci.movie_id = t.id)
  ->  Seq Scan on cast_info ci  (cost=0.00..796071.18 rows=9067007 width=4) (actual time=4809.908..13529.576 rows=6851729 loops=1)
        Filter: ((person_id > 2668422) AND (role_id < 10))
        Rows Removed by Filter: 29392615
  ->  Hash  (cost=663603.06..663603.06 rows=8508011 width=8) (actual time=19003.372..19003.372 rows=8612226 loops=1)
        Buckets: 131072  Batches: 128  Memory Usage: 3640kB
        ->  Hash Join  (cost=102767.86..663603.06 rows=8508011 width=8) (actual time=2041.104..16502.331 rows=8612226 loops=1)
              Hash Cond: (mi.movie_id = t.id)
              ->  Seq Scan on movie_info mi  (cost=0.00..346232.03 rows=8508011 width=4) (actual time=123.377..7018.851 rows=8612226 loops=1)
                    Filter: (info_type_id < 9)
                    Rows Removed by Filter: 6223494
              ->  Hash  (cost=61283.27..61283.27 rows=2528527 width=4) (actual time=1916.889..1916.889 rows=2528312 loops=1)
                    Buckets: 131072  Batches: 64  Memory Usage: 2425kB
                    ->  Seq Scan on title t  (cost=0.00..61283.27 rows=2528527 width=4) (actual time=0.029..1082.105 rows=2528312 loops=1)
Planning time: 1.499 ms
Execution time: 48931.390 ms
