Hash Join  (cost=100948.70..852092.31 rows=35437 width=0) (actual time=1805.007..17988.200 rows=99846 loops=1)
  Hash Cond: (ci.movie_id = t.id)
  ->  Seq Scan on cast_info ci  (cost=0.00..614943.12 rows=36225612 width=4) (actual time=0.018..8791.519 rows=36244344 loops=1)
  ->  Hash  (cost=100917.78..100917.78 rows=2474 width=8) (actual time=1804.697..1804.697 rows=3276 loops=1)
        Buckets: 4096  Batches: 1  Memory Usage: 160kB
        ->  Hash Join  (cost=73982.55..100917.78 rows=2474 width=8) (actual time=1208.899..1803.486 rows=3276 loops=1)
              Hash Cond: (mi_idx.movie_id = t.id)
              ->  Seq Scan on movie_info_idx mi_idx  (cost=0.00..21735.35 rows=1380035 width=4) (actual time=0.022..300.428 rows=1380035 loops=1)
              ->  Hash  (cost=73925.90..73925.90 rows=4532 width=4) (actual time=1206.903..1206.903 rows=9242 loops=1)
                    Buckets: 16384 (originally 8192)  Batches: 1 (originally 1)  Memory Usage: 453kB
                    ->  Seq Scan on title t  (cost=0.00..73925.90 rows=4532 width=4) (actual time=0.027..1202.141 rows=9242 loops=1)
                          Filter: ((kind_id = 7) AND (production_year = 1984))
                          Rows Removed by Filter: 2519070
Planning time: 1.168 ms
Execution time: 18003.662 ms
