Hash Join  (cost=709678.15..802274.72 rows=611 width=0) (actual time=12365.532..12906.252 rows=3 loops=1)
  Hash Cond: (mk.movie_id = t.id)
  ->  Seq Scan on movie_keyword mk  (cost=0.00..81003.12 rows=3089956 width=4) (actual time=0.034..1583.750 rows=3073628 loops=1)
        Filter: (keyword_id > 2039)
        Rows Removed by Filter: 1450302
  ->  Hash  (cost=709671.90..709671.90 rows=500 width=8) (actual time=10881.471..10881.471 rows=30 loops=1)
        Buckets: 1024  Batches: 1  Memory Usage: 10kB
        ->  Nested Loop  (cost=0.43..709671.90 rows=500 width=8) (actual time=2233.909..10881.430 rows=30 loops=1)
              ->  Seq Scan on cast_info ci  (cost=0.00..705507.15 rows=500 width=4) (actual time=2233.754..10880.923 rows=30 loops=1)
                    Filter: (person_id = 1056067)
                    Rows Removed by Filter: 36244314
              ->  Index Only Scan using title_pkey on title t  (cost=0.43..8.32 rows=1 width=4) (actual time=0.013..0.014 rows=1 loops=30)
                    Index Cond: (id = ci.movie_id)
                    Heap Fetches: 30
Planning time: 1.182 ms
Execution time: 12906.373 ms
