Hash Join  (cost=100862.77..851735.18 rows=8328 width=0) (actual time=1483.665..17798.799 rows=31239 loops=1)
  Hash Cond: (ci.movie_id = t.id)
  ->  Seq Scan on cast_info ci  (cost=0.00..614943.12 rows=36225612 width=4) (actual time=0.023..9076.858 rows=36244344 loops=1)
  ->  Hash  (cost=100855.51..100855.51 rows=581 width=8) (actual time=1482.649..1482.649 rows=1890 loops=1)
        Buckets: 2048 (originally 1024)  Batches: 1 (originally 1)  Memory Usage: 90kB
        ->  Hash Join  (cost=73939.22..100855.51 rows=581 width=8) (actual time=1207.977..1481.866 rows=1890 loops=1)
              Hash Cond: (mi_idx.movie_id = t.id)
              ->  Seq Scan on movie_info_idx mi_idx  (cost=0.00..21735.35 rows=1380035 width=4) (actual time=0.016..310.129 rows=1380035 loops=1)
              ->  Hash  (cost=73925.90..73925.90 rows=1065 width=4) (actual time=912.758..912.758 rows=1452 loops=1)
                    Buckets: 2048  Batches: 1  Memory Usage: 68kB
                    ->  Seq Scan on title t  (cost=0.00..73925.90 rows=1065 width=4) (actual time=88.949..911.883 rows=1452 loops=1)
                          Filter: ((kind_id = 2) AND (production_year = 1994))
                          Rows Removed by Filter: 2526860
Planning time: 1.200 ms
Execution time: 17805.097 ms
