Hash Join  (cost=102144.29..163635.87 rows=10946 width=0) (actual time=2194.622..3197.854 rows=21902 loops=1)
  Hash Cond: (mc.movie_id = t.id)
  ->  Seq Scan on movie_companies mc  (cost=0.00..57926.93 rows=921381 width=4) (actual time=329.429..1101.731 rows=1104128 loops=1)
        Filter: ((company_id > 1712) AND (company_type_id = 2))
        Rows Removed by Filter: 1505001
  ->  Hash  (cost=101768.79..101768.79 rows=30040 width=8) (actual time=1864.925..1864.925 rows=18218 loops=1)
        Buckets: 32768  Batches: 1  Memory Usage: 968kB
        ->  Hash Join  (cost=70308.29..101768.79 rows=30040 width=8) (actual time=1146.352..1857.366 rows=18218 loops=1)
              Hash Cond: (mi_idx.movie_id = t.id)
              ->  Seq Scan on movie_info_idx mi_idx  (cost=0.00..25185.44 rows=460978 width=4) (actual time=0.028..492.663 rows=459925 loops=1)
                    Filter: (info_type_id = 99)
                    Rows Removed by Filter: 920110
              ->  Hash  (cost=67604.59..67604.59 rows=164776 width=4) (actual time=1145.471..1145.471 rows=164307 loops=1)
                    Buckets: 131072  Batches: 4  Memory Usage: 2482kB
                    ->  Seq Scan on title t  (cost=0.00..67604.59 rows=164776 width=4) (actual time=0.018..1082.015 rows=164307 loops=1)
                          Filter: (production_year = 2012)
                          Rows Removed by Filter: 2364005
Planning time: 0.793 ms
Execution time: 3201.343 ms
