Seq Scan on cast_info ci  (cost=0.00..796071.18 rows=16573711 width=0) (actual time=0.026..16343.184 rows=20632448 loops=1)
  Filter: ((person_id > 1031732) AND (role_id > 1))
  Rows Removed by Filter: 15611896
Planning time: 0.366 ms
Execution time: 18895.956 ms
