Hash Join  (cost=359082.36..1649295.17 rows=29208722 width=0) (actual time=7990.449..53403.698 rows=94335408 loops=1)
  Hash Cond: (ci.movie_id = t.id)
  ->  Seq Scan on cast_info ci  (cost=0.00..705507.15 rows=18066859 width=4) (actual time=0.012..14170.400 rows=18225857 loops=1)
        Filter: (person_id > 1788255)
        Rows Removed by Filter: 18018487
  ->  Hash  (cost=292014.93..292014.93 rows=4087874 width=8) (actual time=7988.447..7988.447 rows=4092641 loops=1)
        Buckets: 131072  Batches: 64  Memory Usage: 3542kB
        ->  Hash Join  (cost=102767.86..292014.93 rows=4087874 width=8) (actual time=1952.054..7027.914 rows=4092641 loops=1)
              Hash Cond: (mk.movie_id = t.id)
              ->  Seq Scan on movie_keyword mk  (cost=0.00..81003.12 rows=4087874 width=4) (actual time=0.017..1765.717 rows=4092641 loops=1)
                    Filter: (keyword_id < 40601)
                    Rows Removed by Filter: 431289
              ->  Hash  (cost=61283.27..61283.27 rows=2528527 width=4) (actual time=1951.285..1951.285 rows=2528312 loops=1)
                    Buckets: 131072  Batches: 64  Memory Usage: 2425kB
                    ->  Seq Scan on title t  (cost=0.00..61283.27 rows=2528527 width=4) (actual time=0.010..1106.011 rows=2528312 loops=1)
Planning time: 6.578 ms
Execution time: 63419.341 ms
