Seq Scan on movie_keyword mk  (cost=0.00..81003.12 rows=3822736 width=0) (actual time=0.021..1578.233 rows=3820132 loops=1)
  Filter: (keyword_id > 585)
  Rows Removed by Filter: 703798
Planning time: 0.315 ms
Execution time: 2041.715 ms
