Seq Scan on movie_companies mc  (cost=0.00..57926.93 rows=53 width=0) (actual time=0.574..932.689 rows=501 loops=1)
  Filter: ((company_id = 11675) AND (company_type_id = 2))
  Rows Removed by Filter: 2608628
Planning time: 0.412 ms
Execution time: 932.920 ms
