Hash Join  (cost=102767.86..192067.83 rows=893233 width=0) (actual time=1973.939..3921.447 rows=572731 loops=1)
  Hash Cond: (mc.movie_id = t.id)
  ->  Seq Scan on movie_companies mc  (cost=0.00..57926.93 rows=893233 width=4) (actual time=0.027..1070.135 rows=572731 loops=1)
        Filter: ((company_id < 24072) AND (company_type_id = 2))
        Rows Removed by Filter: 2036398
  ->  Hash  (cost=61283.27..61283.27 rows=2528527 width=4) (actual time=1971.898..1971.898 rows=2528312 loops=1)
        Buckets: 131072  Batches: 64  Memory Usage: 2415kB
        ->  Seq Scan on title t  (cost=0.00..61283.27 rows=2528527 width=4) (actual time=0.024..1128.756 rows=2528312 loops=1)
Planning time: 0.710 ms
Execution time: 3990.891 ms
