Seq Scan on cast_info ci  (cost=0.00..705507.15 rows=26273085 width=0) (actual time=0.013..13119.483 rows=26494319 loops=1)
  Filter: (person_id > 958485)
  Rows Removed by Filter: 9750025
Planning time: 0.314 ms
Execution time: 16317.147 ms
