Nested Loop  (cost=44377.22..154588.31 rows=105 width=0) (actual time=1840.994..2665.547 rows=84 loops=1)
  Join Filter: (mc.movie_id = t.id)
  ->  Hash Join  (cost=44376.79..112922.05 rows=69980 width=8) (actual time=1456.530..2031.544 rows=68964 loops=1)
        Hash Cond: (mc.movie_id = mi_idx.movie_id)
        ->  Seq Scan on movie_companies mc  (cost=0.00..57926.93 rows=24763 width=4) (actual time=522.583..814.582 rows=47518 loops=1)
              Filter: ((company_id > 193406) AND (company_type_id > 1))
              Rows Removed by Filter: 2561611
        ->  Hash  (cost=21735.35..21735.35 rows=1380035 width=4) (actual time=932.911..932.911 rows=1380035 loops=1)
              Buckets: 131072  Batches: 32  Memory Usage: 2540kB
              ->  Seq Scan on movie_info_idx mi_idx  (cost=0.00..21735.35 rows=1380035 width=4) (actual time=0.046..507.161 rows=1380035 loops=1)
  ->  Index Scan using title_pkey on title t  (cost=0.43..0.58 rows=1 width=4) (actual time=0.009..0.009 rows=0 loops=68964)
        Index Cond: (id = mi_idx.movie_id)
        Filter: ((kind_id > 3) AND (production_year = 1994))
        Rows Removed by Filter: 1
Planning time: 1.204 ms
Execution time: 2665.723 ms
