Hash Join  (cost=73980.27..135309.40 rows=1553 width=0) (actual time=1109.374..2439.958 rows=7090 loops=1)
  Hash Cond: (mc.movie_id = t.id)
  ->  Seq Scan on movie_companies mc  (cost=0.00..57926.93 rows=903112 width=4) (actual time=0.033..1111.842 rows=1212937 loops=1)
        Filter: ((company_id < 33592) AND (company_type_id < 2))
        Rows Removed by Filter: 1396192
  ->  Hash  (cost=73925.90..73925.90 rows=4349 width=4) (actual time=1108.832..1108.832 rows=8831 loops=1)
        Buckets: 16384 (originally 8192)  Batches: 1 (originally 1)  Memory Usage: 439kB
        ->  Seq Scan on title t  (cost=0.00..73925.90 rows=4349 width=4) (actual time=0.024..1104.822 rows=8831 loops=1)
              Filter: ((kind_id = 4) AND (production_year = 2005))
              Rows Removed by Filter: 2519481
Planning time: 0.879 ms
Execution time: 2441.357 ms
