Hash Join  (cost=174724.13..720714.80 rows=6202775 width=0) (actual time=4150.729..21755.275 rows=15390551 loops=1)
  Hash Cond: (mi.movie_id = t.id)
  ->  Seq Scan on movie_info mi  (cost=0.00..309384.22 rows=14739122 width=4) (actual time=0.021..6077.660 rows=14835720 loops=1)
  ->  Hash  (cost=157265.89..157265.89 rows=1064099 width=8) (actual time=4149.911..4149.911 rows=1061443 loops=1)
        Buckets: 131072  Batches: 16  Memory Usage: 3642kB
        ->  Hash Join  (cost=99591.38..157265.89 rows=1064099 width=8) (actual time=2125.278..3848.660 rows=1061443 loops=1)
              Hash Cond: (mi_idx.movie_id = t.id)
              ->  Seq Scan on movie_info_idx mi_idx  (cost=0.00..21735.35 rows=1380035 width=4) (actual time=0.023..473.056 rows=1380035 loops=1)
              ->  Hash  (cost=67604.59..67604.59 rows=1949663 width=4) (actual time=2124.220..2124.220 rows=1947263 loops=1)
                    Buckets: 131072  Batches: 32  Memory Usage: 3171kB
                    ->  Seq Scan on title t  (cost=0.00..67604.59 rows=1949663 width=4) (actual time=0.016..1481.420 rows=1947263 loops=1)
                          Filter: (production_year > 1979)
                          Rows Removed by Filter: 581049
Planning time: 1.150 ms
Execution time: 23581.777 ms
