Hash Join  (cost=196313.49..697632.18 rows=2016075 width=0) (actual time=3948.014..16244.985 rows=789798 loops=1)
  Hash Cond: (mi.movie_id = t.id)
  ->  Seq Scan on movie_info mi  (cost=0.00..309384.22 rows=14739122 width=4) (actual time=0.015..6041.525 rows=14835720 loops=1)
  ->  Hash  (cost=190638.21..190638.21 rows=345862 width=8) (actual time=3827.593..3827.593 rows=75056 loops=1)
        Buckets: 131072  Batches: 8  Memory Usage: 1399kB
        ->  Hash Join  (cost=92883.59..190638.21 rows=345862 width=8) (actual time=2188.150..3802.576 rows=75056 loops=1)
              Hash Cond: (mk.movie_id = t.id)
              ->  Seq Scan on movie_keyword mk  (cost=0.00..81003.12 rows=567576 width=4) (actual time=0.018..1266.728 rows=564738 loops=1)
                    Filter: (keyword_id > 32550)
                    Rows Removed by Filter: 3959192
              ->  Hash  (cost=67604.59..67604.59 rows=1540800 width=4) (actual time=1743.489..1743.489 rows=1543264 loops=1)
                    Buckets: 131072  Batches: 32  Memory Usage: 2728kB
                    ->  Seq Scan on title t  (cost=0.00..67604.59 rows=1540800 width=4) (actual time=0.018..1245.742 rows=1543264 loops=1)
                          Filter: (kind_id = 7)
                          Rows Removed by Filter: 985048
Planning time: 1.401 ms
Execution time: 16343.711 ms
