Seq Scan on movie_keyword mk  (cost=0.00..81003.12 rows=3785399 width=0) (actual time=0.027..1377.092 rows=3781566 loops=1)
  Filter: (keyword_id > 669)
  Rows Removed by Filter: 742364
Planning time: 5.590 ms
Execution time: 1810.584 ms
