Seq Scan on cast_info ci  (cost=0.00..796071.18 rows=1129987 width=0) (actual time=613.572..11371.688 rows=659881 loops=1)
  Filter: ((person_id < 312931) AND (role_id > 3))
  Rows Removed by Filter: 35584463
Planning time: 0.386 ms
Execution time: 11453.666 ms
