Seq Scan on movie_companies mc  (cost=0.00..51404.11 rows=104 width=0) (actual time=580.989..806.025 rows=2 loops=1)
  Filter: (company_id = 109581)
  Rows Removed by Filter: 2609127
Planning time: 0.406 ms
Execution time: 806.101 ms
