Hash Join  (cost=83072.95..447729.11 rows=25 width=0) (actual time=1292.890..8566.130 rows=271 loops=1)
  Hash Cond: (mi.movie_id = t.id)
  ->  Seq Scan on movie_info mi  (cost=0.00..309384.22 rows=14739122 width=4) (actual time=0.022..4560.249 rows=14835720 loops=1)
  ->  Hash  (cost=83072.90..83072.90 rows=4 width=8) (actual time=1292.503..1292.503 rows=8 loops=1)
        Buckets: 1024  Batches: 1  Memory Usage: 9kB
        ->  Nested Loop  (cost=0.43..83072.90 rows=4 width=8) (actual time=289.913..1292.483 rows=8 loops=1)
              ->  Seq Scan on movie_keyword mk  (cost=0.00..81003.12 rows=246 width=4) (actual time=0.274..1263.032 rows=469 loops=1)
                    Filter: (keyword_id = 14586)
                    Rows Removed by Filter: 4523461
              ->  Index Scan using title_pkey on title t  (cost=0.43..8.40 rows=1 width=4) (actual time=0.061..0.061 rows=0 loops=469)
                    Index Cond: (id = mk.movie_id)
                    Filter: ((kind_id > 1) AND (production_year = 2002))
                    Rows Removed by Filter: 1
Planning time: 1.131 ms
Execution time: 8566.379 ms
