Hash Join  (cost=77793.68..204934.51 rows=421779 width=0) (actual time=1398.646..4080.022 rows=72660 loops=1)
  Hash Cond: (mk.movie_id = t.id)
  ->  Seq Scan on movie_keyword mk  (cost=0.00..69693.30 rows=4523930 width=4) (actual time=0.020..1341.356 rows=4523930 loops=1)
  ->  Hash  (cost=73925.90..73925.90 rows=235742 width=4) (actual time=1152.822..1152.822 rows=129555 loops=1)
        Buckets: 131072  Batches: 4  Memory Usage: 2166kB
        ->  Seq Scan on title t  (cost=0.00..73925.90 rows=235742 width=4) (actual time=268.522..1101.867 rows=129555 loops=1)
              Filter: ((production_year < 1971) AND (kind_id = 7))
              Rows Removed by Filter: 2398757
Planning time: 0.772 ms
Execution time: 4089.535 ms
