Nested Loop  (cost=0.43..138936.83 rows=5671 width=0) (actual time=0.527..1557.790 rows=8423 loops=1)
  ->  Seq Scan on movie_keyword mk  (cost=0.00..81003.12 rows=8595 width=4) (actual time=0.486..1285.025 rows=9060 loops=1)
        Filter: (keyword_id = 47)
        Rows Removed by Filter: 4514870
  ->  Index Scan using title_pkey on title t  (cost=0.43..6.73 rows=1 width=4) (actual time=0.029..0.029 rows=1 loops=9060)
        Index Cond: (id = mk.movie_id)
        Filter: (production_year < 2008)
        Rows Removed by Filter: 0
Planning time: 0.775 ms
Execution time: 1560.088 ms
