Hash Join  (cost=130680.86..221370.83 rows=57977 width=0) (actual time=2574.221..4407.394 rows=41785 loops=1)
  Hash Cond: (mk.movie_id = t.id)
  ->  Seq Scan on movie_keyword mk  (cost=0.00..81003.12 rows=2428554 width=4) (actual time=0.023..1421.577 rows=2429646 loops=1)
        Filter: (keyword_id < 5761)
        Rows Removed by Filter: 2094284
  ->  Hash  (cost=129926.31..129926.31 rows=60364 width=8) (actual time=2568.231..2568.231 rows=21415 loops=1)
        Buckets: 65536  Batches: 1  Memory Usage: 1349kB
        ->  Hash Join  (cost=74657.14..129926.31 rows=60364 width=8) (actual time=1121.809..2559.842 rows=21415 loops=1)
              Hash Cond: (mc.movie_id = t.id)
              ->  Seq Scan on movie_companies mc  (cost=0.00..44881.29 rows=2609129 width=4) (actual time=0.019..670.660 rows=2609129 loops=1)
              ->  Hash  (cost=73925.90..73925.90 rows=58499 width=4) (actual time=1120.987..1120.987 rows=62752 loops=1)
                    Buckets: 65536  Batches: 1  Memory Usage: 2719kB
                    ->  Seq Scan on title t  (cost=0.00..73925.90 rows=58499 width=4) (actual time=0.007..1095.771 rows=62752 loops=1)
                          Filter: ((kind_id = 7) AND (production_year = 2005))
                          Rows Removed by Filter: 2465560
Planning time: 2.637 ms
Execution time: 4422.515 ms
