Seq Scan on cast_info ci  (cost=0.00..705507.15 rows=500 width=0) (actual time=1656.474..10726.219 rows=10 loops=1)
  Filter: (person_id = 2903590)
  Rows Removed by Filter: 36244334
Planning time: 5.433 ms
Execution time: 10726.308 ms
