Hash Join  (cost=491650.71..602147.06 rows=571051 width=0) (actual time=8038.021..11056.339 rows=1771965 loops=1)
  Hash Cond: (mk.movie_id = t.id)
  ->  Seq Scan on movie_keyword mk  (cost=0.00..81003.12 rows=1783124 width=4) (actual time=0.031..1591.382 rows=1792468 loops=1)
        Filter: (keyword_id < 2895)
        Rows Removed by Filter: 2731462
  ->  Hash  (cost=478364.61..478364.61 rows=809768 width=8) (actual time=8037.131..8037.131 rows=802140 loops=1)
        Buckets: 131072  Batches: 16  Memory Usage: 2985kB
        ->  Hash Join  (cost=102767.86..478364.61 rows=809768 width=8) (actual time=4149.698..7791.018 rows=802140 loops=1)
              Hash Cond: (mi.movie_id = t.id)
              ->  Seq Scan on movie_info mi  (cost=0.00..346232.03 rows=809768 width=4) (actual time=2127.439..4674.513 rows=802140 loops=1)
                    Filter: (info_type_id < 2)
                    Rows Removed by Filter: 14033580
              ->  Hash  (cost=61283.27..61283.27 rows=2528527 width=4) (actual time=2021.217..2021.217 rows=2528312 loops=1)
                    Buckets: 131072  Batches: 64  Memory Usage: 2425kB
                    ->  Seq Scan on title t  (cost=0.00..61283.27 rows=2528527 width=4) (actual time=0.031..1133.863 rows=2528312 loops=1)
Planning time: 1.339 ms
Execution time: 11273.189 ms
