Seq Scan on cast_info ci  (cost=0.00..705507.15 rows=23964524 width=0) (actual time=0.020..12238.576 rows=23893719 loops=1)
  Filter: (person_id < 2450619)
  Rows Removed by Filter: 12350625
Planning time: 0.625 ms
Execution time: 15128.797 ms
