Hash Join  (cost=125953.18..203875.47 rows=208377 width=0) (actual time=2592.654..4664.596 rows=482208 loops=1)
  Hash Cond: (mc.movie_id = t.id)
  ->  Seq Scan on movie_companies mc  (cost=0.00..44881.29 rows=2609129 width=4) (actual time=0.015..891.304 rows=2609129 loops=1)
  ->  Hash  (cost=122639.93..122639.93 rows=201940 width=8) (actual time=2591.985..2591.985 rows=162856 loops=1)
        Buckets: 131072  Batches: 4  Memory Usage: 2610kB
        ->  Hash Join  (cost=85777.42..122639.93 rows=201940 width=8) (actual time=1550.646..2540.301 rows=162856 loops=1)
              Hash Cond: (mi_idx.movie_id = t.id)
              ->  Seq Scan on movie_info_idx mi_idx  (cost=0.00..25185.44 rows=460978 width=4) (actual time=0.015..491.951 rows=459925 loops=1)
                    Filter: (info_type_id < 100)
                    Rows Removed by Filter: 920110
              ->  Hash  (cost=67604.59..67604.59 rows=1107667 width=4) (actual time=1549.486..1549.486 rows=1107925 loops=1)
                    Buckets: 131072  Batches: 16  Memory Usage: 3460kB
                    ->  Seq Scan on title t  (cost=0.00..67604.59 rows=1107667 width=4) (actual time=0.018..1194.937 rows=1107925 loops=1)
                          Filter: (production_year > 2004)
                          Rows Removed by Filter: 1420387
Planning time: 1.115 ms
Execution time: 4725.777 ms
