Hash Join  (cost=135867.91..262793.38 rows=404043 width=0) (actual time=3943.922..5947.410 rows=327323 loops=1)
  Hash Cond: (mk.movie_id = t.id)
  ->  Seq Scan on movie_keyword mk  (cost=0.00..69693.30 rows=4523930 width=4) (actual time=0.012..1379.127 rows=4523930 loops=1)
  ->  Hash  (cost=132162.05..132162.05 rows=225829 width=8) (actual time=2870.547..2870.547 rows=125961 loops=1)
        Buckets: 131072  Batches: 4  Memory Usage: 2257kB
        ->  Hash Join  (cost=94555.35..132162.05 rows=225829 width=8) (actual time=2012.328..2828.182 rows=125961 loops=1)
              Hash Cond: (mi_idx.movie_id = t.id)
              ->  Seq Scan on movie_info_idx mi_idx  (cost=0.00..25185.44 rows=454124 width=4) (actual time=0.034..488.244 rows=459925 loops=1)
                    Filter: (info_type_id = 100)
                    Rows Removed by Filter: 920110
              ->  Hash  (cost=73925.90..73925.90 rows=1257396 width=4) (actual time=1818.457..1818.457 rows=1340616 loops=1)
                    Buckets: 131072  Batches: 32  Memory Usage: 2502kB
                    ->  Seq Scan on title t  (cost=0.00..73925.90 rows=1257396 width=4) (actual time=0.011..1393.287 rows=1340616 loops=1)
                          Filter: ((production_year > 1971) AND (kind_id = 7))
                          Rows Removed by Filter: 1187696
Planning time: 1.206 ms
Execution time: 5987.368 ms
