Seq Scan on movie_keyword mk  (cost=0.00..81003.12 rows=3362217 width=0) (actual time=0.030..1487.096 rows=3346045 loops=1)
  Filter: (keyword_id < 15855)
  Rows Removed by Filter: 1177885
Planning time: 0.383 ms
Execution time: 1890.540 ms
