Hash Join  (cost=709678.15..764348.83 rows=516 width=0) (actual time=11332.105..12086.282 rows=20 loops=1)
  Hash Cond: (mc.movie_id = t.id)
  ->  Seq Scan on movie_companies mc  (cost=0.00..44881.29 rows=2609129 width=4) (actual time=0.022..622.339 rows=2609129 loops=1)
  ->  Hash  (cost=709671.90..709671.90 rows=500 width=8) (actual time=11005.569..11005.569 rows=8 loops=1)
        Buckets: 1024  Batches: 1  Memory Usage: 9kB
        ->  Nested Loop  (cost=0.43..709671.90 rows=500 width=8) (actual time=6905.488..11005.528 rows=8 loops=1)
              ->  Seq Scan on cast_info ci  (cost=0.00..705507.15 rows=500 width=4) (actual time=6905.332..11005.072 rows=8 loops=1)
                    Filter: (person_id = 966371)
                    Rows Removed by Filter: 36244336
              ->  Index Only Scan using title_pkey on title t  (cost=0.43..8.32 rows=1 width=4) (actual time=0.043..0.044 rows=1 loops=8)
                    Index Cond: (id = ci.movie_id)
                    Heap Fetches: 8
Planning time: 1.247 ms
Execution time: 12086.470 ms
