Seq Scan on title t  (cost=0.00..73925.90 rows=410525 width=0) (actual time=361.903..1152.534 rows=456146 loops=1)
  Filter: ((kind_id < 2) AND (production_year < 2007))
  Rows Removed by Filter: 2072166
Planning time: 0.359 ms
Execution time: 1210.845 ms
