Hash Join  (cost=89678.24..629201.09 rows=5596592 width=0) (actual time=1525.329..17905.368 rows=10842031 loops=1)
  Hash Cond: (mi.movie_id = t.id)
  ->  Seq Scan on movie_info mi  (cost=0.00..309384.22 rows=14739122 width=4) (actual time=0.015..5615.381 rows=14835720 loops=1)
  ->  Hash  (cost=73925.90..73925.90 rows=960107 width=4) (actual time=1524.484..1524.484 rows=977778 loops=1)
        Buckets: 131072  Batches: 16  Memory Usage: 3181kB
        ->  Seq Scan on title t  (cost=0.00..73925.90 rows=960107 width=4) (actual time=0.025..1199.731 rows=977778 loops=1)
              Filter: ((kind_id < 7) AND (production_year > 0))
              Rows Removed by Filter: 1550534
Planning time: 0.765 ms
Execution time: 19149.913 ms
