Hash Join  (cost=130838.97..940455.88 rows=86815 width=0) (actual time=6504.711..16223.048 rows=523889 loops=1)
  Hash Cond: (ci.movie_id = t.id)
  ->  Seq Scan on cast_info ci  (cost=0.00..796071.18 rows=3380688 width=4) (actual time=3667.324..11503.083 rows=4351021 loops=1)
        Filter: ((person_id < 581836) AND (role_id < 3))
        Rows Removed by Filter: 31893323
  ->  Hash  (cost=130027.32..130027.32 rows=64932 width=8) (actual time=2836.786..2836.786 rows=148869 loops=1)
        Buckets: 131072 (originally 65536)  Batches: 2 (originally 1)  Memory Usage: 3938kB
        ->  Hash Join  (cost=74712.48..130027.32 rows=64932 width=8) (actual time=1262.767..2778.634 rows=148869 loops=1)
              Hash Cond: (mc.movie_id = t.id)
              ->  Seq Scan on movie_companies mc  (cost=0.00..44881.29 rows=2609129 width=4) (actual time=0.024..718.120 rows=2609129 loops=1)
              ->  Hash  (cost=73925.90..73925.90 rows=62926 width=4) (actual time=1262.401..1262.401 rows=77497 loops=1)
                    Buckets: 131072 (originally 65536)  Batches: 1 (originally 1)  Memory Usage: 3749kB
                    ->  Seq Scan on title t  (cost=0.00..73925.90 rows=62926 width=4) (actual time=0.024..1228.591 rows=77497 loops=1)
                          Filter: ((production_year < 2007) AND (kind_id = 3))
                          Rows Removed by Filter: 2450815
Planning time: 1.587 ms
Execution time: 16290.296 ms
