Hash Join  (cost=909963.23..1412387.40 rows=2119724 width=0) (actual time=14602.742..31806.469 rows=15996185 loops=1)
  Hash Cond: (mi.movie_id = t.id)
  ->  Seq Scan on movie_info mi  (cost=0.00..309384.22 rows=14739122 width=4) (actual time=0.017..6209.521 rows=14835720 loops=1)
  ->  Hash  (cost=903996.69..903996.69 rows=363643 width=8) (actual time=14601.817..14601.817 rows=635709 loops=1)
        Buckets: 131072 (originally 131072)  Batches: 16 (originally 8)  Memory Usage: 3073kB
        ->  Hash Join  (cost=83113.43..903996.69 rows=363643 width=8) (actual time=7868.292..14400.471 rows=635709 loops=1)
              Hash Cond: (ci.movie_id = t.id)
              ->  Seq Scan on cast_info ci  (cost=0.00..796071.18 rows=1642041 width=4) (actual time=6470.323..11214.833 rows=3300004 loops=1)
                    Filter: ((person_id < 441533) AND (role_id = 1))
                    Rows Removed by Filter: 32944340
              ->  Hash  (cost=73925.90..73925.90 rows=559962 width=4) (actual time=1397.009..1397.009 rows=477167 loops=1)
                    Buckets: 131072  Batches: 8  Memory Usage: 3118kB
                    ->  Seq Scan on title t  (cost=0.00..73925.90 rows=559962 width=4) (actual time=0.032..1248.234 rows=477167 loops=1)
                          Filter: ((kind_id < 7) AND (production_year > 1999))
                          Rows Removed by Filter: 2051145
Planning time: 1.189 ms
Execution time: 33692.374 ms
