Hash Join  (cost=103076.32..162740.07 rows=1180022 width=0) (actual time=2059.916..3898.334 rows=1209704 loops=1)
  Hash Cond: (mi_idx.movie_id = t.id)
  ->  Seq Scan on movie_info_idx mi_idx  (cost=0.00..21735.35 rows=1380035 width=4) (actual time=0.013..461.201 rows=1380035 loops=1)
  ->  Hash  (cost=67604.59..67604.59 rows=2162059 width=4) (actual time=2058.478..2058.478 rows=2159747 loops=1)
        Buckets: 131072  Batches: 32  Memory Usage: 3400kB
        ->  Seq Scan on title t  (cost=0.00..67604.59 rows=2162059 width=4) (actual time=0.012..1372.777 rows=2159747 loops=1)
              Filter: (production_year > 1964)
              Rows Removed by Filter: 368565
Planning time: 0.777 ms
Execution time: 4046.864 ms
