Hash Join  (cost=116625.88..242509.07 rows=318515 width=0) (actual time=2422.704..5931.089 rows=2042312 loops=1)
  Hash Cond: (mk.movie_id = t.id)
  ->  Seq Scan on movie_keyword mk  (cost=0.00..69693.30 rows=4523930 width=4) (actual time=0.022..1400.338 rows=4523930 loops=1)
  ->  Hash  (cost=113704.57..113704.57 rows=178025 width=8) (actual time=2421.367..2421.367 rows=189650 loops=1)
        Buckets: 131072  Batches: 4  Memory Usage: 2879kB
        ->  Hash Join  (cost=72956.84..113704.57 rows=178025 width=8) (actual time=1233.696..2358.837 rows=189650 loops=1)
              Hash Cond: (mi_idx.movie_id = t.id)
              ->  Seq Scan on movie_info_idx mi_idx  (cost=0.00..21735.35 rows=1380035 width=4) (actual time=0.020..429.455 rows=1380035 loops=1)
              ->  Hash  (cost=67604.59..67604.59 rows=326180 width=4) (actual time=1231.831..1231.831 rows=323245 loops=1)
                    Buckets: 131072  Batches: 8  Memory Usage: 2437kB
                    ->  Seq Scan on title t  (cost=0.00..67604.59 rows=326180 width=4) (actual time=0.030..1126.720 rows=323245 loops=1)
                          Filter: (production_year < 1967)
                          Rows Removed by Filter: 2205067
Planning time: 1.174 ms
Execution time: 6170.861 ms
