Nested Loop  (cost=0.43..83072.29 rows=16 width=0) (actual time=313.559..1265.678 rows=5 loops=1)
  ->  Seq Scan on movie_keyword mk  (cost=0.00..81003.12 rows=246 width=4) (actual time=21.592..1239.827 rows=97 loops=1)
        Filter: (keyword_id = 12475)
        Rows Removed by Filter: 4523833
  ->  Index Scan using title_pkey on title t  (cost=0.43..8.40 rows=1 width=4) (actual time=0.263..0.263 rows=0 loops=97)
        Index Cond: (id = mk.movie_id)
        Filter: (production_year = 2011)
        Rows Removed by Filter: 1
Planning time: 0.779 ms
Execution time: 1265.801 ms
