Hash Join  (cost=84571.72..1213871.24 rows=9296136 width=0) (actual time=1441.663..36010.393 rows=10356268 loops=1)
  Hash Cond: (ci.movie_id = t.id)
  ->  Seq Scan on cast_info ci  (cost=0.00..614943.12 rows=36225612 width=4) (actual time=0.024..13449.020 rows=36244344 loops=1)
  ->  Hash  (cost=73925.90..73925.90 rows=648865 width=4) (actual time=1440.759..1440.759 rows=656311 loops=1)
        Buckets: 131072  Batches: 16  Memory Usage: 2462kB
        ->  Seq Scan on title t  (cost=0.00..73925.90 rows=648865 width=4) (actual time=0.013..1239.222 rows=656311 loops=1)
              Filter: ((production_year > 0) AND (kind_id = 1))
              Rows Removed by Filter: 1872001
Planning time: 0.743 ms
Execution time: 37170.317 ms
