Hash Join  (cost=797490.14..884151.19 rows=301 width=0) (actual time=13975.431..14738.196 rows=18 loops=1)
  Hash Cond: (mk.movie_id = t.id)
  ->  Seq Scan on movie_keyword mk  (cost=0.00..69693.30 rows=4523930 width=4) (actual time=0.022..811.678 rows=4523930 loops=1)
  ->  Hash  (cost=797488.04..797488.04 rows=168 width=8) (actual time=13255.612..13255.612 rows=10 loops=1)
        Buckets: 1024  Batches: 1  Memory Usage: 9kB
        ->  Nested Loop  (cost=0.43..797488.04 rows=168 width=8) (actual time=249.426..13255.597 rows=10 loops=1)
              ->  Seq Scan on cast_info ci  (cost=0.00..796071.18 rows=168 width=4) (actual time=249.351..13255.229 rows=10 loops=1)
                    Filter: ((role_id > 3) AND (person_id = 3265436))
                    Rows Removed by Filter: 36244334
              ->  Index Only Scan using title_pkey on title t  (cost=0.43..8.42 rows=1 width=4) (actual time=0.033..0.033 rows=1 loops=10)
                    Index Cond: (id = ci.movie_id)
                    Heap Fetches: 10
Planning time: 1.165 ms
Execution time: 14738.332 ms
