Hash Join  (cost=68100.81..874260.54 rows=40540 width=0) (actual time=4502.455..13671.223 rows=19128 loops=1)
  Hash Cond: (ci.movie_id = t.id)
  ->  Seq Scan on cast_info ci  (cost=0.00..796071.18 rows=2582173 width=4) (actual time=3486.478..12282.038 rows=1283012 loops=1)
        Filter: ((person_id < 951456) AND (role_id > 4))
        Rows Removed by Filter: 34961332
  ->  Hash  (cost=67604.59..67604.59 rows=39698 width=4) (actual time=1015.388..1015.388 rows=36437 loops=1)
        Buckets: 65536  Batches: 1  Memory Usage: 1793kB
        ->  Seq Scan on title t  (cost=0.00..67604.59 rows=39698 width=4) (actual time=0.073..999.510 rows=36437 loops=1)
              Filter: (production_year = 1995)
              Rows Removed by Filter: 2491875
Planning time: 0.577 ms
Execution time: 13674.697 ms
