Seq Scan on movie_keyword mk  (cost=0.00..81003.12 rows=705465 width=0) (actual time=0.020..1323.394 rows=711935 loops=1)
  Filter: (keyword_id > 26535)
  Rows Removed by Filter: 3811995
Planning time: 0.335 ms
Execution time: 1419.994 ms
