Hash Join  (cost=107998.09..202984.71 rows=81156 width=0) (actual time=2120.465..3887.085 rows=166578 loops=1)
  Hash Cond: (mk.movie_id = t.id)
  ->  Seq Scan on movie_keyword mk  (cost=0.00..81003.12 rows=3512518 width=4) (actual time=0.019..1285.463 rows=3509561 loops=1)
        Filter: (keyword_id > 986)
        Rows Removed by Filter: 1014369
  ->  Hash  (cost=107267.82..107267.82 rows=58421 width=8) (actual time=2119.535..2119.535 rows=41372 loops=1)
        Buckets: 65536  Batches: 1  Memory Usage: 2129kB
        ->  Hash Join  (cost=70241.71..107267.82 rows=58421 width=8) (actual time=1131.809..2104.654 rows=41372 loops=1)
              Hash Cond: (mi_idx.movie_id = t.id)
              ->  Seq Scan on movie_info_idx mi_idx  (cost=0.00..25185.44 rows=919057 width=4) (actual time=0.015..564.637 rows=920110 loops=1)
                    Filter: (info_type_id > 99)
                    Rows Removed by Filter: 459925
              ->  Hash  (cost=67604.59..67604.59 rows=160730 width=4) (actual time=1130.880..1130.880 rows=160017 loops=1)
                    Buckets: 131072  Batches: 4  Memory Usage: 2436kB
                    ->  Seq Scan on title t  (cost=0.00..67604.59 rows=160730 width=4) (actual time=0.008..1074.737 rows=160017 loops=1)
                          Filter: (production_year = 2011)
                          Rows Removed by Filter: 2368295
Planning time: 1.151 ms
Execution time: 3904.880 ms
