Hash Join  (cost=882500.84..1249875.77 rows=271900 width=0) (actual time=14911.479..23823.104 rows=167685 loops=1)
  Hash Cond: (mi.movie_id = t.id)
  ->  Seq Scan on movie_info mi  (cost=0.00..309384.22 rows=14739122 width=4) (actual time=0.016..4617.281 rows=14835720 loops=1)
  ->  Hash  (cost=881917.78..881917.78 rows=46645 width=8) (actual time=14910.260..14910.260 rows=76761 loops=1)
        Buckets: 131072 (originally 65536)  Batches: 1 (originally 1)  Memory Usage: 4023kB
        ->  Hash Join  (cost=74430.83..881917.78 rows=46645 width=8) (actual time=4011.666..14874.410 rows=76761 loops=1)
              Hash Cond: (ci.movie_id = t.id)
              ->  Seq Scan on cast_info ci  (cost=0.00..796071.18 rows=2919818 width=4) (actual time=2730.999..12228.700 rows=5929563 loops=1)
                    Filter: ((person_id < 802434) AND (role_id = 1))
                    Rows Removed by Filter: 30314781
              ->  Hash  (cost=73925.90..73925.90 rows=40394 width=4) (actual time=1279.988..1279.988 rows=40264 loops=1)
                    Buckets: 65536  Batches: 1  Memory Usage: 1928kB
                    ->  Seq Scan on title t  (cost=0.00..73925.90 rows=40394 width=4) (actual time=2.950..1263.259 rows=40264 loops=1)
                          Filter: ((kind_id > 4) AND (production_year = 2013))
                          Rows Removed by Filter: 2488048
Planning time: 1.231 ms
Execution time: 23845.305 ms
