Seq Scan on movie_companies mc  (cost=0.00..51404.11 rows=1937302 width=0) (actual time=0.030..780.306 rows=1944255 loops=1)
  Filter: (company_id > 1008)
  Rows Removed by Filter: 664874
Planning time: 0.331 ms
Execution time: 992.768 ms
