Hash Join  (cost=74677.51..134805.45 rows=13125 width=0) (actual time=1307.277..2391.186 rows=66674 loops=1)
  Hash Cond: (mc.movie_id = t.id)
  ->  Seq Scan on movie_companies mc  (cost=0.00..57926.93 rows=551936 width=4) (actual time=0.022..876.540 rows=761271 loops=1)
        Filter: ((company_id < 7939) AND (company_type_id = 1))
        Rows Removed by Filter: 1847858
  ->  Hash  (cost=73925.90..73925.90 rows=60128 width=4) (actual time=1306.272..1306.272 rows=62397 loops=1)
        Buckets: 65536  Batches: 1  Memory Usage: 2706kB
        ->  Seq Scan on title t  (cost=0.00..73925.90 rows=60128 width=4) (actual time=0.016..1281.299 rows=62397 loops=1)
              Filter: ((production_year > 1993) AND (kind_id = 2))
              Rows Removed by Filter: 2465915
Planning time: 0.776 ms
Execution time: 2399.272 ms
