Seq Scan on movie_keyword mk  (cost=0.00..81003.12 rows=3776834 width=0) (actual time=0.012..1620.113 rows=3768339 loops=1)
  Filter: (keyword_id > 687)
  Rows Removed by Filter: 755591
Planning time: 0.329 ms
Execution time: 2094.574 ms
