Hash Join  (cost=229814.85..304783.30 rows=469929 width=0) (actual time=4647.556..7039.422 rows=1553809 loops=1)
  Hash Cond: (mc.movie_id = t.id)
  ->  Seq Scan on movie_companies mc  (cost=0.00..51404.11 rows=1329612 width=4) (actual time=0.019..952.007 rows=1334883 loops=1)
        Filter: (company_type_id = 2)
        Rows Removed by Filter: 1274246
  ->  Hash  (cost=215153.04..215153.04 rows=893665 width=8) (actual time=4646.255..4646.255 rows=898730 loops=1)
        Buckets: 131072  Batches: 16  Memory Usage: 3246kB
        ->  Hash Join  (cost=102767.86..215153.04 rows=893665 width=8) (actual time=1895.296..4394.839 rows=898730 loops=1)
              Hash Cond: (mk.movie_id = t.id)
              ->  Seq Scan on movie_keyword mk  (cost=0.00..81003.12 rows=893665 width=4) (actual time=0.015..1421.190 rows=898730 loops=1)
                    Filter: (keyword_id < 851)
                    Rows Removed by Filter: 3625200
              ->  Hash  (cost=61283.27..61283.27 rows=2528527 width=4) (actual time=1893.036..1893.036 rows=2528312 loops=1)
                    Buckets: 131072  Batches: 64  Memory Usage: 2425kB
                    ->  Seq Scan on title t  (cost=0.00..61283.27 rows=2528527 width=4) (actual time=0.015..1026.084 rows=2528312 loops=1)
Planning time: 1.154 ms
Execution time: 7222.249 ms
