Hash Join  (cost=798854.64..825766.32 rows=120 width=0) (actual time=13474.452..13935.990 rows=174 loops=1)
  Hash Cond: (mi_idx.movie_id = t.id)
  ->  Seq Scan on movie_info_idx mi_idx  (cost=0.00..21735.35 rows=1380035 width=4) (actual time=0.012..327.162 rows=1380035 loops=1)
  ->  Hash  (cost=798851.90..798851.90 rows=219 width=8) (actual time=13362.315..13362.315 rows=78 loops=1)
        Buckets: 1024  Batches: 1  Memory Usage: 12kB
        ->  Nested Loop  (cost=0.43..798851.90 rows=219 width=8) (actual time=2452.041..13362.266 rows=78 loops=1)
              ->  Seq Scan on cast_info ci  (cost=0.00..796071.18 rows=332 width=4) (actual time=2451.826..13359.634 rows=89 loops=1)
                    Filter: ((role_id < 4) AND (person_id = 2489515))
                    Rows Removed by Filter: 36244255
              ->  Index Scan using title_pkey on title t  (cost=0.43..8.37 rows=1 width=4) (actual time=0.028..0.029 rows=1 loops=89)
                    Index Cond: (id = ci.movie_id)
                    Filter: (kind_id > 3)
                    Rows Removed by Filter: 0
Planning time: 1.170 ms
Execution time: 13936.177 ms
