Hash Join  (cost=77945.24..117931.83 rows=133711 width=0) (actual time=1170.813..2228.551 rows=47685 loops=1)
  Hash Cond: (mi_idx.movie_id = t.id)
  ->  Seq Scan on movie_info_idx mi_idx  (cost=0.00..21735.35 rows=1380035 width=4) (actual time=0.016..488.878 rows=1380035 loops=1)
  ->  Hash  (cost=73925.90..73925.90 rows=244987 width=4) (actual time=1169.160..1169.160 rows=137824 loops=1)
        Buckets: 131072  Batches: 4  Memory Usage: 2233kB
        ->  Seq Scan on title t  (cost=0.00..73925.90 rows=244987 width=4) (actual time=0.025..1124.651 rows=137824 loops=1)
              Filter: ((production_year < 1972) AND (kind_id = 7))
              Rows Removed by Filter: 2390488
Planning time: 0.766 ms
Execution time: 2234.388 ms
