Hash Join  (cost=156487.41..1061256.43 rows=2689397 width=0) (actual time=5892.065..26731.019 rows=5505558 loops=1)
  Hash Cond: (ci.movie_id = t.id)
  ->  Seq Scan on cast_info ci  (cost=0.00..705507.15 rows=14751706 width=4) (actual time=2290.846..14101.350 rows=14914676 loops=1)
        Filter: (person_id > 2158685)
        Rows Removed by Filter: 21329668
  ->  Hash  (cost=148924.19..148924.19 rows=460978 width=8) (actual time=3600.231..3600.231 rows=459925 loops=1)
        Buckets: 131072  Batches: 8  Memory Usage: 3275kB
        ->  Hash Join  (cost=102767.86..148924.19 rows=460978 width=8) (actual time=2070.877..3461.122 rows=459925 loops=1)
              Hash Cond: (mi_idx.movie_id = t.id)
              ->  Seq Scan on movie_info_idx mi_idx  (cost=0.00..25185.44 rows=460978 width=4) (actual time=0.041..568.838 rows=459925 loops=1)
                    Filter: (info_type_id < 100)
                    Rows Removed by Filter: 920110
              ->  Hash  (cost=61283.27..61283.27 rows=2528527 width=4) (actual time=2069.374..2069.374 rows=2528312 loops=1)
                    Buckets: 131072  Batches: 64  Memory Usage: 2415kB
                    ->  Seq Scan on title t  (cost=0.00..61283.27 rows=2528527 width=4) (actual time=0.026..1208.459 rows=2528312 loops=1)
Planning time: 1.279 ms
Execution time: 27359.041 ms
