Hash Join  (cost=128753.29..880212.37 rows=66992 width=0) (actual time=2446.975..19727.834 rows=130135 loops=1)
  Hash Cond: (ci.movie_id = t.id)
  ->  Seq Scan on cast_info ci  (cost=0.00..614943.12 rows=36225612 width=4) (actual time=0.014..9242.809 rows=36244344 loops=1)
  ->  Hash  (cost=128694.84..128694.84 rows=4676 width=8) (actual time=2446.484..2446.484 rows=6217 loops=1)
        Buckets: 8192  Batches: 1  Memory Usage: 307kB
        ->  Hash Join  (cost=73982.55..128694.84 rows=4676 width=8) (actual time=1285.125..2443.961 rows=6217 loops=1)
              Hash Cond: (mc.movie_id = t.id)
              ->  Seq Scan on movie_companies mc  (cost=0.00..44881.29 rows=2609129 width=4) (actual time=0.038..690.437 rows=2609129 loops=1)
              ->  Hash  (cost=73925.90..73925.90 rows=4532 width=4) (actual time=1187.843..1187.843 rows=7858 loops=1)
                    Buckets: 8192  Batches: 1  Memory Usage: 341kB
                    ->  Seq Scan on title t  (cost=0.00..73925.90 rows=4532 width=4) (actual time=1.474..1183.915 rows=7858 loops=1)
                          Filter: ((kind_id = 7) AND (production_year = 1975))
                          Rows Removed by Filter: 2520454
Planning time: 4.293 ms
Execution time: 19747.562 ms
