Nested Loop  (cost=44377.22..150872.03 rows=5596 width=0) (actual time=950.155..2784.617 rows=7942 loops=1)
  ->  Hash Join  (cost=44376.79..132952.17 rows=30481 width=8) (actual time=950.090..2614.573 rows=7942 loops=1)
        Hash Cond: (mk.movie_id = mi_idx.movie_id)
        ->  Seq Scan on movie_keyword mk  (cost=0.00..81003.12 rows=10254 width=4) (actual time=0.213..1442.328 rows=8567 loops=1)
              Filter: (keyword_id = 3636)
              Rows Removed by Filter: 4515363
        ->  Hash  (cost=21735.35..21735.35 rows=1380035 width=4) (actual time=947.261..947.261 rows=1380035 loops=1)
              Buckets: 131072  Batches: 32  Memory Usage: 2556kB
              ->  Seq Scan on movie_info_idx mi_idx  (cost=0.00..21735.35 rows=1380035 width=4) (actual time=0.021..496.202 rows=1380035 loops=1)
  ->  Index Only Scan using title_pkey on title t  (cost=0.43..0.58 rows=1 width=4) (actual time=0.021..0.021 rows=1 loops=7942)
        Index Cond: (id = mi_idx.movie_id)
        Heap Fetches: 7942
Planning time: 1.213 ms
Execution time: 2786.506 ms
