Seq Scan on cast_info ci  (cost=0.00..705507.15 rows=19336724 width=0) (actual time=0.021..12729.817 rows=19244314 loops=1)
  Filter: (person_id < 1923168)
  Rows Removed by Filter: 17000030
Planning time: 0.335 ms
Execution time: 15127.028 ms
