Hash Join  (cost=127611.39..256021.98 rows=525955 width=0) (actual time=2618.413..6873.041 rows=3273932 loops=1)
  Hash Cond: (mk.movie_id = t.id)
  ->  Seq Scan on movie_keyword mk  (cost=0.00..69693.30 rows=4523930 width=4) (actual time=0.009..1481.387 rows=4523930 loops=1)
  ->  Hash  (cost=122787.79..122787.79 rows=293968 width=8) (actual time=2617.698..2617.698 rows=364013 loops=1)
        Buckets: 131072 (originally 131072)  Batches: 8 (originally 4)  Memory Usage: 3073kB
        ->  Hash Join  (cost=80874.21..122787.79 rows=293968 width=8) (actual time=1478.373..2529.214 rows=364013 loops=1)
              Hash Cond: (mi_idx.movie_id = t.id)
              ->  Seq Scan on movie_info_idx mi_idx  (cost=0.00..25185.44 rows=919057 width=4) (actual time=0.018..477.960 rows=920110 loops=1)
                    Filter: (info_type_id > 99)
                    Rows Removed by Filter: 459925
              ->  Hash  (cost=67604.59..67604.59 rows=808770 width=4) (actual time=1477.391..1477.391 rows=812704 loops=1)
                    Buckets: 131072  Batches: 16  Memory Usage: 2812kB
                    ->  Seq Scan on title t  (cost=0.00..67604.59 rows=808770 width=4) (actual time=0.008..1215.413 rows=812704 loops=1)
                          Filter: (production_year < 1995)
                          Rows Removed by Filter: 1715608
Planning time: 2.324 ms
Execution time: 7285.351 ms
