Nested Loop  (cost=0.43..58375.18 rows=53 width=0) (actual time=398.166..984.717 rows=1814 loops=1)
  ->  Seq Scan on movie_companies mc  (cost=0.00..57926.93 rows=53 width=4) (actual time=398.107..912.262 rows=1814 loops=1)
        Filter: ((company_id = 4226) AND (company_type_id = 2))
        Rows Removed by Filter: 2607315
  ->  Index Only Scan using title_pkey on title t  (cost=0.43..8.45 rows=1 width=4) (actual time=0.039..0.039 rows=1 loops=1814)
        Index Cond: (id = mc.movie_id)
        Heap Fetches: 1814
Planning time: 0.604 ms
Execution time: 985.257 ms
