Seq Scan on cast_info ci  (cost=0.00..796071.18 rows=17649361 width=0) (actual time=0.013..16074.924 rows=14547103 loops=1)
  Filter: ((person_id < 2794071) AND (role_id > 1))
  Rows Removed by Filter: 21697241
Planning time: 0.378 ms
Execution time: 17891.017 ms
