Seq Scan on movie_keyword mk  (cost=0.00..81003.12 rows=246 width=0) (actual time=28.973..1102.486 rows=19 loops=1)
  Filter: (keyword_id = 78419)
  Rows Removed by Filter: 4523911
Planning time: 1.563 ms
Execution time: 1102.590 ms
