Seq Scan on movie_companies mc  (cost=0.00..57926.93 rows=469134 width=0) (actual time=0.008..1034.518 rows=791177 loops=1)
  Filter: ((company_id > 19584) AND (company_type_id > 1))
  Rows Removed by Filter: 1817952
Planning time: 5.478 ms
Execution time: 1133.159 ms
