Seq Scan on movie_companies mc  (cost=0.00..51404.11 rows=605285 width=0) (actual time=0.030..707.997 rows=600160 loops=1)
  Filter: (company_id < 688)
  Rows Removed by Filter: 2008969
Planning time: 0.385 ms
Execution time: 775.511 ms
