Seq Scan on cast_info ci  (cost=0.00..705507.15 rows=500 width=0) (actual time=6295.564..11173.194 rows=615 loops=1)
  Filter: (person_id = 2372971)
  Rows Removed by Filter: 36243729
Planning time: 0.398 ms
Execution time: 11173.387 ms
