Seq Scan on cast_info ci  (cost=0.00..796071.18 rows=18847614 width=0) (actual time=0.016..17185.515 rows=21578674 loops=1)
  Filter: ((person_id > 687689) AND (role_id > 1))
  Rows Removed by Filter: 14665670
Planning time: 0.387 ms
Execution time: 19860.258 ms
