Hash Join  (cost=102767.86..1463373.30 rows=23050601 width=0) (actual time=2380.199..41085.782 rows=23423976 loops=1)
  Hash Cond: (ci.movie_id = t.id)
  ->  Seq Scan on cast_info ci  (cost=0.00..796071.18 rows=23050601 width=4) (actual time=0.020..19805.119 rows=23423976 loops=1)
        Filter: ((person_id > 62929) AND (role_id > 1))
        Rows Removed by Filter: 12820368
  ->  Hash  (cost=61283.27..61283.27 rows=2528527 width=4) (actual time=2379.291..2379.291 rows=2528312 loops=1)
        Buckets: 131072  Batches: 64  Memory Usage: 2415kB
        ->  Seq Scan on title t  (cost=0.00..61283.27 rows=2528527 width=4) (actual time=0.009..1066.057 rows=2528312 loops=1)
Planning time: 0.797 ms
Execution time: 43428.397 ms
