Hash Join  (cost=158094.43..653173.45 rows=1431309 width=0) (actual time=3451.890..20460.677 rows=17598098 loops=1)
  Hash Cond: (mi.movie_id = t.id)
  ->  Seq Scan on movie_info mi  (cost=0.00..309384.22 rows=14739122 width=4) (actual time=0.009..6290.381 rows=14835720 loops=1)
  ->  Hash  (cost=154065.13..154065.13 rows=245544 width=8) (actual time=3426.519..3426.519 rows=420872 loops=1)
        Buckets: 131072 (originally 131072)  Batches: 8 (originally 4)  Memory Usage: 3102kB
        ->  Hash Join  (cost=80355.62..154065.13 rows=245544 width=8) (actual time=1305.633..3291.700 rows=420872 loops=1)
              Hash Cond: (mc.movie_id = t.id)
              ->  Seq Scan on movie_companies mc  (cost=0.00..51404.11 rows=1584257 width=4) (actual time=0.023..1067.030 rows=1583689 loops=1)
                    Filter: (company_id > 5509)
                    Rows Removed by Filter: 1025440
              ->  Hash  (cost=73925.90..73925.90 rows=391897 width=4) (actual time=1304.600..1304.600 rows=289693 loops=1)
                    Buckets: 131072  Batches: 8  Memory Usage: 2301kB
                    ->  Seq Scan on title t  (cost=0.00..73925.90 rows=391897 width=4) (actual time=0.047..1214.343 rows=289693 loops=1)
                          Filter: ((production_year > 1998) AND (kind_id = 1))
                          Rows Removed by Filter: 2238619
Planning time: 1.074 ms
Execution time: 22431.366 ms
