Hash Join  (cost=525136.70..1928254.25 rows=23871289 width=0) (actual time=10337.642..54495.781 rows=28082308 loops=1)
  Hash Cond: (ci.movie_id = t.id)
  ->  Seq Scan on cast_info ci  (cost=0.00..705507.15 rows=35294893 width=4) (actual time=0.021..17210.689 rows=35280605 loops=1)
        Filter: (person_id < 3876581)
        Rows Removed by Filter: 963739
  ->  Hash  (cost=497078.95..497078.95 rows=1710140 width=8) (actual time=10336.473..10336.473 rows=1590171 loops=1)
        Buckets: 131072  Batches: 32  Memory Usage: 2952kB
        ->  Hash Join  (cost=87180.69..497078.95 rows=1710140 width=8) (actual time=1523.654..9853.540 rows=1590171 loops=1)
              Hash Cond: (mi.movie_id = t.id)
              ->  Seq Scan on movie_info mi  (cost=0.00..346232.03 rows=3623957 width=4) (actual time=0.023..5600.807 rows=3624977 loops=1)
                    Filter: (info_type_id < 4)
                    Rows Removed by Filter: 11210743
              ->  Hash  (cost=67604.59..67604.59 rows=1193208 width=4) (actual time=1522.526..1522.526 rows=1192518 loops=1)
                    Buckets: 131072  Batches: 16  Memory Usage: 3653kB
                    ->  Seq Scan on title t  (cost=0.00..67604.59 rows=1193208 width=4) (actual time=0.020..1142.532 rows=1192518 loops=1)
                          Filter: (production_year > 2003)
                          Rows Removed by Filter: 1335794
Planning time: 5.138 ms
Execution time: 57875.161 ms
