Seq Scan on movie_keyword mk  (cost=0.00..81003.12 rows=4267724 width=0) (actual time=0.024..1612.152 rows=4268017 loops=1)
  Filter: (keyword_id < 59977)
  Rows Removed by Filter: 255913
Planning time: 0.331 ms
Execution time: 2138.363 ms
