Hash Join  (cost=135385.93..500836.43 rows=79457 width=0) (actual time=2029.646..9940.803 rows=628919 loops=1)
  Hash Cond: (mi.movie_id = t.id)
  ->  Seq Scan on movie_info mi  (cost=0.00..309384.22 rows=14739122 width=4) (actual time=0.021..3871.390 rows=14835720 loops=1)
  ->  Hash  (cost=135215.54..135215.54 rows=13631 width=8) (actual time=2028.956..2028.956 rows=31784 loops=1)
        Buckets: 32768 (originally 16384)  Batches: 1 (originally 1)  Memory Usage: 1498kB
        ->  Hash Join  (cost=74545.71..135215.54 rows=13631 width=8) (actual time=1185.625..2016.171 rows=31784 loops=1)
              Hash Cond: (mc.movie_id = t.id)
              ->  Seq Scan on movie_companies mc  (cost=0.00..57926.93 rows=695092 width=4) (actual time=347.498..922.532 rows=933304 loops=1)
                    Filter: ((company_id > 11141) AND (company_type_id = 2))
                    Rows Removed by Filter: 1675825
              ->  Hash  (cost=73925.90..73925.90 rows=49584 width=4) (actual time=837.612..837.612 rows=38752 loops=1)
                    Buckets: 65536  Batches: 1  Memory Usage: 1875kB
                    ->  Seq Scan on title t  (cost=0.00..73925.90 rows=49584 width=4) (actual time=0.253..823.955 rows=38752 loops=1)
                          Filter: ((kind_id < 7) AND (production_year = 2008))
                          Rows Removed by Filter: 2489560
Planning time: 1.191 ms
Execution time: 10026.761 ms
