Hash Join  (cost=83073.41..109984.38 rows=49 width=0) (actual time=1456.513..1549.382 rows=3 loops=1)
  Hash Cond: (mi_idx.movie_id = t.id)
  ->  Seq Scan on movie_info_idx mi_idx  (cost=0.00..21735.35 rows=1380035 width=4) (actual time=0.010..175.024 rows=1380035 loops=1)
  ->  Hash  (cost=83072.29..83072.29 rows=90 width=8) (actual time=1208.831..1208.831 rows=1 loops=1)
        Buckets: 1024  Batches: 1  Memory Usage: 9kB
        ->  Nested Loop  (cost=0.43..83072.29 rows=90 width=8) (actual time=1036.889..1208.807 rows=1 loops=1)
              ->  Seq Scan on movie_keyword mk  (cost=0.00..81003.12 rows=246 width=4) (actual time=1036.809..1208.724 rows=1 loops=1)
                    Filter: (keyword_id = 107835)
                    Rows Removed by Filter: 4523929
              ->  Index Scan using title_pkey on title t  (cost=0.43..8.40 rows=1 width=4) (actual time=0.070..0.072 rows=1 loops=1)
                    Index Cond: (id = mk.movie_id)
                    Filter: (production_year < 1998)
Planning time: 1.242 ms
Execution time: 1549.528 ms
