Seq Scan on cast_info ci  (cost=0.00..796071.18 rows=5913999 width=0) (actual time=2597.641..14702.415 rows=7608160 loops=1)
  Filter: ((person_id > 1335913) AND (role_id > 4))
  Rows Removed by Filter: 28636184
Planning time: 0.438 ms
Execution time: 15637.952 ms
