Hash Join  (cost=102767.86..201930.75 rows=1574202 width=0) (actual time=1959.668..4629.011 rows=1576581 loops=1)
  Hash Cond: (mc.movie_id = t.id)
  ->  Seq Scan on movie_companies mc  (cost=0.00..51404.11 rows=1574202 width=4) (actual time=0.024..988.480 rows=1576581 loops=1)
        Filter: (company_id > 5772)
        Rows Removed by Filter: 1032548
  ->  Hash  (cost=61283.27..61283.27 rows=2528527 width=4) (actual time=1958.392..1958.392 rows=2528312 loops=1)
        Buckets: 131072  Batches: 64  Memory Usage: 2415kB
        ->  Seq Scan on title t  (cost=0.00..61283.27 rows=2528527 width=4) (actual time=0.010..1099.682 rows=2528312 loops=1)
Planning time: 0.786 ms
Execution time: 4816.214 ms
