Hash Join  (cost=152221.81..643984.14 rows=1120540 width=0) (actual time=3017.163..17291.634 rows=9588987 loops=1)
  Hash Cond: (mi.movie_id = t.id)
  ->  Seq Scan on movie_info mi  (cost=0.00..309384.22 rows=14739122 width=4) (actual time=0.027..6024.482 rows=14835720 loops=1)
  ->  Hash  (cost=149067.92..149067.92 rows=192231 width=8) (actual time=3016.294..3016.294 rows=218169 loops=1)
        Buckets: 131072  Batches: 4  Memory Usage: 3152kB
        ->  Hash Join  (cost=80966.93..149067.92 rows=192231 width=8) (actual time=1269.869..2946.516 rows=218169 loops=1)
              Hash Cond: (mc.movie_id = t.id)
              ->  Seq Scan on movie_companies mc  (cost=0.00..51404.11 rows=1132686 width=4) (actual time=0.017..1028.239 rows=1128023 loops=1)
                    Filter: (company_id < 8185)
                    Rows Removed by Filter: 1481106
              ->  Hash  (cost=73925.90..73925.90 rows=429122 width=4) (actual time=1269.004..1269.004 rows=337286 loops=1)
                    Buckets: 131072  Batches: 8  Memory Usage: 2501kB
                    ->  Seq Scan on title t  (cost=0.00..73925.90 rows=429122 width=4) (actual time=0.052..1160.654 rows=337286 loops=1)
                          Filter: ((kind_id < 4) AND (production_year > 2002))
                          Rows Removed by Filter: 2191026
Planning time: 1.187 ms
Execution time: 18346.929 ms
