Hash Join  (cost=583046.46..1509020.38 rows=5461849 width=0) (actual time=21923.677..36151.231 rows=14797144 loops=1)
  Hash Cond: (ci.movie_id = t.id)
  ->  Seq Scan on cast_info ci  (cost=0.00..796071.18 rows=4501160 width=4) (actual time=10067.670..15165.243 rows=7449343 loops=1)
        Filter: ((person_id > 1366211) AND (role_id = 2))
        Rows Removed by Filter: 28795001
  ->  Hash  (cost=532708.04..532708.04 rows=3068194 width=8) (actual time=11854.749..11854.749 rows=3036719 loops=1)
        Buckets: 131072  Batches: 64  Memory Usage: 2881kB
        ->  Hash Join  (cost=102767.86..532708.04 rows=3068194 width=8) (actual time=4093.400..10941.256 rows=3036719 loops=1)
              Hash Cond: (mi.movie_id = t.id)
              ->  Seq Scan on movie_info mi  (cost=0.00..346232.03 rows=3068194 width=4) (actual time=1896.578..5767.903 rows=3036719 loops=1)
                    Filter: (info_type_id = 16)
                    Rows Removed by Filter: 11799001
              ->  Hash  (cost=61283.27..61283.27 rows=2528527 width=4) (actual time=2195.337..2195.337 rows=2528312 loops=1)
                    Buckets: 131072  Batches: 64  Memory Usage: 2425kB
                    ->  Seq Scan on title t  (cost=0.00..61283.27 rows=2528527 width=4) (actual time=0.013..994.517 rows=2528312 loops=1)
Planning time: 1.387 ms
Execution time: 37910.425 ms
