Seq Scan on movie_keyword mk  (cost=0.00..81003.12 rows=1320724 width=0) (actual time=0.030..1500.977 rows=1334437 loops=1)
  Filter: (keyword_id > 12888)
  Rows Removed by Filter: 3189493
Planning time: 0.345 ms
Execution time: 1670.914 ms
