Hash Join  (cost=102767.86..1594376.85 rows=32258575 width=0) (actual time=1808.955..46076.710 rows=32402241 loops=1)
  Hash Cond: (ci.movie_id = t.id)
  ->  Seq Scan on cast_info ci  (cost=0.00..705507.15 rows=32258575 width=4) (actual time=0.015..16599.501 rows=32402241 loops=1)
        Filter: (person_id > 368217)
        Rows Removed by Filter: 3842103
  ->  Hash  (cost=61283.27..61283.27 rows=2528527 width=4) (actual time=1807.332..1807.332 rows=2528312 loops=1)
        Buckets: 131072  Batches: 64  Memory Usage: 2415kB
        ->  Seq Scan on title t  (cost=0.00..61283.27 rows=2528527 width=4) (actual time=0.012..1003.548 rows=2528312 loops=1)
Planning time: 0.676 ms
Execution time: 50033.108 ms
