Hash Join  (cost=245774.46..869606.29 rows=11771300 width=0) (actual time=6092.294..33924.384 rows=58275712 loops=1)
  Hash Cond: (mi.movie_id = t.id)
  ->  Seq Scan on movie_info mi  (cost=0.00..309384.22 rows=14739122 width=4) (actual time=0.018..6116.392 rows=14835720 loops=1)
  ->  Hash  (cost=212643.07..212643.07 rows=2019391 width=8) (actual time=6091.318..6091.318 rows=2012376 loops=1)
        Buckets: 131072  Batches: 32  Memory Usage: 3523kB
        ->  Hash Join  (cost=102767.86..212643.07 rows=2019391 width=8) (actual time=1982.143..5494.732 rows=2012376 loops=1)
              Hash Cond: (mc.movie_id = t.id)
              ->  Seq Scan on movie_companies mc  (cost=0.00..51404.11 rows=2019391 width=4) (actual time=0.030..1119.896 rows=2012376 loops=1)
                    Filter: (company_id < 68688)
                    Rows Removed by Filter: 596753
              ->  Hash  (cost=61283.27..61283.27 rows=2528527 width=4) (actual time=1980.449..1980.449 rows=2528312 loops=1)
                    Buckets: 131072  Batches: 64  Memory Usage: 2415kB
                    ->  Seq Scan on title t  (cost=0.00..61283.27 rows=2528527 width=4) (actual time=0.015..1110.542 rows=2528312 loops=1)
Planning time: 1.182 ms
Execution time: 40487.717 ms
