Seq Scan on movie_companies mc  (cost=0.00..51404.11 rows=3566 width=0) (actual time=0.359..745.305 rows=4279 loops=1)
  Filter: (company_id = 69)
  Rows Removed by Filter: 2604850
Planning time: 0.381 ms
Execution time: 746.218 ms
