Nested Loop  (cost=0.43..83071.67 rows=246 width=0) (actual time=1.186..1344.374 rows=912 loops=1)
  ->  Seq Scan on movie_keyword mk  (cost=0.00..81003.12 rows=246 width=4) (actual time=1.124..1301.880 rows=912 loops=1)
        Filter: (keyword_id = 142)
        Rows Removed by Filter: 4523018
  ->  Index Only Scan using title_pkey on title t  (cost=0.43..8.40 rows=1 width=4) (actual time=0.045..0.045 rows=1 loops=912)
        Index Cond: (id = mk.movie_id)
        Heap Fetches: 912
Planning time: 0.823 ms
Execution time: 1344.800 ms
