Seq Scan on movie_companies mc  (cost=0.00..57926.93 rows=1102654 width=0) (actual time=89.321..1014.305 rows=884667 loops=1)
  Filter: ((company_id < 77333) AND (company_type_id = 2))
  Rows Removed by Filter: 1724462
Planning time: 0.381 ms
Execution time: 1119.967 ms
