Seq Scan on cast_info ci  (cost=0.00..705507.15 rows=22294420 width=0) (actual time=0.017..12251.776 rows=22129878 loops=1)
  Filter: (person_id < 2254398)
  Rows Removed by Filter: 14114466
Planning time: 0.374 ms
Execution time: 14903.959 ms
