Hash Join  (cost=796536.74..883195.16 rows=38 width=0) (actual time=10735.664..12419.166 rows=3 loops=1)
  Hash Cond: (mk.movie_id = t.id)
  ->  Seq Scan on movie_keyword mk  (cost=0.00..69693.30 rows=4523930 width=4) (actual time=0.014..1010.146 rows=4523930 loops=1)
  ->  Hash  (cost=796536.48..796536.48 rows=21 width=8) (actual time=10650.089..10650.089 rows=2 loops=1)
        Buckets: 1024  Batches: 1  Memory Usage: 9kB
        ->  Nested Loop  (cost=0.43..796536.48 rows=21 width=8) (actual time=1364.673..10650.029 rows=2 loops=1)
              ->  Seq Scan on cast_info ci  (cost=0.00..796071.18 rows=55 width=4) (actual time=1364.542..10632.348 rows=1870 loops=1)
                    Filter: ((person_id = 896422) AND (role_id = 3))
                    Rows Removed by Filter: 36242474
              ->  Index Scan using title_pkey on title t  (cost=0.43..8.45 rows=1 width=4) (actual time=0.009..0.009 rows=0 loops=1870)
                    Index Cond: (id = ci.movie_id)
                    Filter: (kind_id < 7)
                    Rows Removed by Filter: 1
Planning time: 1.195 ms
Execution time: 12419.289 ms
