Seq Scan on cast_info ci  (cost=0.00..796071.18 rows=2260402 width=0) (actual time=9487.465..12292.034 rows=937540 loops=1)
  Filter: ((person_id > 2580372) AND (role_id = 2))
  Rows Removed by Filter: 35306804
Planning time: 0.417 ms
Execution time: 12405.597 ms
