Seq Scan on movie_keyword mk  (cost=0.00..81003.12 rows=2610406 width=0) (actual time=0.015..1460.967 rows=2596347 loops=1)
  Filter: (keyword_id > 3312)
  Rows Removed by Filter: 1927583
Planning time: 0.342 ms
Execution time: 1793.281 ms
