Hash Join  (cost=102767.86..208929.62 rows=634993 width=0) (actual time=2078.400..4408.315 rows=644711 loops=1)
  Hash Cond: (mk.movie_id = t.id)
  ->  Seq Scan on movie_keyword mk  (cost=0.00..81003.12 rows=634993 width=4) (actual time=0.026..1374.630 rows=644711 loops=1)
        Filter: (keyword_id > 29028)
        Rows Removed by Filter: 3879219
  ->  Hash  (cost=61283.27..61283.27 rows=2528527 width=4) (actual time=2076.972..2076.972 rows=2528312 loops=1)
        Buckets: 131072  Batches: 64  Memory Usage: 2425kB
        ->  Seq Scan on title t  (cost=0.00..61283.27 rows=2528527 width=4) (actual time=0.028..1205.230 rows=2528312 loops=1)
Planning time: 0.804 ms
Execution time: 4491.940 ms
