Hash Join  (cost=956334.70..1645044.47 rows=16125004 width=0) (actual time=21758.825..38858.276 rows=10586318 loops=1)
  Hash Cond: (mi.movie_id = t.id)
  ->  Seq Scan on movie_info mi  (cost=0.00..309384.22 rows=14739122 width=4) (actual time=0.015..6584.396 rows=14835720 loops=1)
  ->  Hash  (cost=910950.22..910950.22 rows=2766278 width=8) (actual time=21743.162..21743.162 rows=3423949 loops=1)
        Buckets: 131072  Batches: 64  Memory Usage: 3092kB
        ->  Hash Join  (cost=89649.84..910950.22 rows=2766278 width=8) (actual time=10165.308..20735.604 rows=3423949 loops=1)
              Hash Cond: (ci.movie_id = t.id)
              ->  Seq Scan on cast_info ci  (cost=0.00..705507.15 rows=7298253 width=4) (actual time=8477.664..13832.998 rows=7451973 loops=1)
                    Filter: (role_id = 2)
                    Rows Removed by Filter: 28792371
              ->  Hash  (cost=73925.90..73925.90 rows=958395 width=4) (actual time=1686.709..1686.709 rows=1050192 loops=1)
                    Buckets: 131072  Batches: 16  Memory Usage: 3340kB
                    ->  Seq Scan on title t  (cost=0.00..73925.90 rows=958395 width=4) (actual time=0.026..1356.006 rows=1050192 loops=1)
                          Filter: ((production_year > 1996) AND (kind_id = 7))
                          Rows Removed by Filter: 1478120
Planning time: 3.340 ms
Execution time: 40070.802 ms
