Nested Loop  (cost=0.43..83072.29 rows=181 width=0) (actual time=0.666..1383.114 rows=408 loops=1)
  ->  Seq Scan on movie_keyword mk  (cost=0.00..81003.12 rows=246 width=4) (actual time=0.623..1215.835 rows=1286 loops=1)
        Filter: (keyword_id = 1595)
        Rows Removed by Filter: 4522644
  ->  Index Scan using title_pkey on title t  (cost=0.43..8.40 rows=1 width=4) (actual time=0.129..0.129 rows=0 loops=1286)
        Index Cond: (id = mk.movie_id)
        Filter: (kind_id > 1)
        Rows Removed by Filter: 1
Planning time: 0.755 ms
Execution time: 1383.452 ms
