Hash Join  (cost=104131.46..214113.01 rows=2297361 width=0) (actual time=1926.773..5269.968 rows=2416390 loops=1)
  Hash Cond: (mc.movie_id = t.id)
  ->  Seq Scan on movie_companies mc  (cost=0.00..44881.29 rows=2609129 width=4) (actual time=0.018..941.316 rows=2609129 loops=1)
  ->  Hash  (cost=67604.59..67604.59 rows=2226390 width=4) (actual time=1925.504..1925.504 rows=2224569 loops=1)
        Buckets: 131072  Batches: 32  Memory Usage: 3463kB
        ->  Seq Scan on title t  (cost=0.00..67604.59 rows=2226390 width=4) (actual time=0.017..1250.749 rows=2224569 loops=1)
              Filter: (production_year < 2012)
              Rows Removed by Filter: 303743
Planning time: 0.789 ms
Execution time: 5551.423 ms
