Seq Scan on movie_info mi  (cost=0.00..346232.03 rows=1057541 width=0) (actual time=2795.323..5485.318 rows=1108940 loops=1)
  Filter: (info_type_id > 64)
  Rows Removed by Filter: 13726780
Planning time: 0.329 ms
Execution time: 5621.493 ms
