Seq Scan on title t  (cost=0.00..73925.90 rows=873511 width=0) (actual time=0.024..1347.010 rows=957299 loops=1)
  Filter: ((production_year > 1999) AND (kind_id = 7))
  Rows Removed by Filter: 1571013
Planning time: 0.387 ms
Execution time: 1468.742 ms
