Seq Scan on cast_info ci  (cost=0.00..705507.15 rows=18933433 width=0) (actual time=0.020..11955.953 rows=18844020 loops=1)
  Filter: (person_id < 1877196)
  Rows Removed by Filter: 17400324
Planning time: 0.353 ms
Execution time: 14194.982 ms
