Hash Join  (cost=135335.10..162357.42 rows=11183 width=0) (actual time=2911.207..3491.886 rows=6043 loops=1)
  Hash Cond: (mi_idx.movie_id = t.id)
  ->  Seq Scan on movie_info_idx mi_idx  (cost=0.00..21735.35 rows=1380035 width=4) (actual time=0.019..294.320 rows=1380035 loops=1)
  ->  Hash  (cost=135078.98..135078.98 rows=20490 width=8) (actual time=2910.399..2910.399 rows=4070 loops=1)
        Buckets: 32768  Batches: 1  Memory Usage: 415kB
        ->  Hash Join  (cost=80408.18..135078.98 rows=20490 width=8) (actual time=1388.708..2908.381 rows=4070 loops=1)
              Hash Cond: (mc.movie_id = t.id)
              ->  Seq Scan on movie_companies mc  (cost=0.00..51404.11 rows=131143 width=4) (actual time=0.020..951.895 rows=134807 loops=1)
                    Filter: (company_id < 27)
                    Rows Removed by Filter: 2474322
              ->  Hash  (cost=73925.90..73925.90 rows=395062 width=4) (actual time=1387.770..1387.770 rows=335993 loops=1)
                    Buckets: 131072  Batches: 8  Memory Usage: 2492kB
                    ->  Seq Scan on title t  (cost=0.00..73925.90 rows=395062 width=4) (actual time=0.019..1289.634 rows=335993 loops=1)
                          Filter: ((kind_id < 7) AND (production_year > 2005))
                          Rows Removed by Filter: 2192319
Planning time: 1.367 ms
Execution time: 3493.106 ms
