Hash Join  (cost=102767.86..180560.27 rows=414983 width=0) (actual time=2030.550..4141.803 rows=594915 loops=1)
  Hash Cond: (mc.movie_id = t.id)
  ->  Seq Scan on movie_companies mc  (cost=0.00..57926.93 rows=414983 width=4) (actual time=198.644..963.228 rows=594915 loops=1)
        Filter: ((company_id < 2222) AND (company_type_id < 2))
        Rows Removed by Filter: 2014214
  ->  Hash  (cost=61283.27..61283.27 rows=2528527 width=4) (actual time=1830.500..1830.500 rows=2528312 loops=1)
        Buckets: 131072  Batches: 64  Memory Usage: 2415kB
        ->  Seq Scan on title t  (cost=0.00..61283.27 rows=2528527 width=4) (actual time=0.009..998.074 rows=2528312 loops=1)
Planning time: 0.771 ms
Execution time: 4211.919 ms
