Hash Join  (cost=83074.74..464852.16 rows=922 width=0) (actual time=1442.863..8596.702 rows=12518 loops=1)
  Hash Cond: (mi.movie_id = t.id)
  ->  Seq Scan on movie_info mi  (cost=0.00..346232.03 rows=9476311 width=4) (actual time=124.121..5911.828 rows=9565151 loops=1)
        Filter: (info_type_id < 16)
        Rows Removed by Filter: 5270569
  ->  Hash  (cost=83071.67..83071.67 rows=246 width=8) (actual time=1317.856..1317.856 rows=335 loops=1)
        Buckets: 1024  Batches: 1  Memory Usage: 22kB
        ->  Nested Loop  (cost=0.43..83071.67 rows=246 width=8) (actual time=25.334..1317.514 rows=335 loops=1)
              ->  Seq Scan on movie_keyword mk  (cost=0.00..81003.12 rows=246 width=4) (actual time=25.243..1301.811 rows=335 loops=1)
                    Filter: (keyword_id = 7455)
                    Rows Removed by Filter: 4523595
              ->  Index Only Scan using title_pkey on title t  (cost=0.43..8.40 rows=1 width=4) (actual time=0.044..0.044 rows=1 loops=335)
                    Index Cond: (id = mk.movie_id)
                    Heap Fetches: 335
Planning time: 1.147 ms
Execution time: 8598.845 ms
