Hash Join  (cost=852032.45..2056882.20 rows=3804356 width=211) (actual time=20468.792..51283.466 rows=9832710 loops=1)
  Hash Cond: (ci.movie_id = t.id)
  ->  Seq Scan on cast_info ci  (cost=0.00..705507.15 rows=16201301 width=42) (actual time=0.015..16207.938 rows=16121683 loops=1)
        Filter: (role_id > 2)
        Rows Removed by Filter: 20122661
  ->  Hash  (cost=830114.65..830114.65 rows=593744 width=169) (actual time=20463.933..20463.933 rows=524564 loops=1)
        Buckets: 32768  Batches: 64  Memory Usage: 1599kB
        ->  Hash Join  (cost=70532.09..830114.65 rows=593744 width=169) (actual time=1587.334..18005.455 rows=524564 loops=1)
              Hash Cond: (mi.movie_id = t.id)
              ->  Seq Scan on movie_info mi  (cost=0.00..346232.03 rows=13926693 width=75) (actual time=0.019..8526.956 rows=13963496 loops=1)
                    Filter: (info_type_id < 98)
                    Rows Removed by Filter: 872224
              ->  Hash  (cost=67604.59..67604.59 rows=107800 width=94) (actual time=1586.850..1586.850 rows=108429 loops=1)
                    Buckets: 32768  Batches: 4  Memory Usage: 3292kB
                    ->  Seq Scan on title t  (cost=0.00..67604.59 rows=107800 width=94) (actual time=0.028..1536.755 rows=108429 loops=1)
                          Filter: (production_year = 2006)
                          Rows Removed by Filter: 2419883
Planning time: 3.831 ms
Execution time: 51829.707 ms
