Hash Join  (cost=83810.17..922421.42 rows=976799 width=0) (actual time=1456.174..17786.340 rows=1210621 loops=1)
  Hash Cond: (ci.movie_id = t.id)
  ->  Seq Scan on cast_info ci  (cost=0.00..796071.18 rows=2500553 width=4) (actual time=0.029..13695.641 rows=3730121 loops=1)
        Filter: ((person_id > 1493053) AND (role_id = 10))
        Rows Removed by Filter: 32514223
  ->  Hash  (cost=67604.59..67604.59 rows=987727 width=4) (actual time=1454.970..1454.970 rows=985048 loops=1)
        Buckets: 131072  Batches: 16  Memory Usage: 3188kB
        ->  Seq Scan on title t  (cost=0.00..67604.59 rows=987727 width=4) (actual time=0.032..1164.823 rows=985048 loops=1)
              Filter: (kind_id < 7)
              Rows Removed by Filter: 1543264
Planning time: 0.749 ms
Execution time: 17911.582 ms
