Hash Join  (cost=150167.42..508035.09 rows=12992 width=0) (actual time=3681.069..7692.842 rows=85532 loops=1)
  Hash Cond: (mi.movie_id = t.id)
  ->  Seq Scan on movie_info mi  (cost=0.00..346232.03 rows=3068194 width=4) (actual time=2134.288..5560.755 rows=3036719 loops=1)
        Filter: (info_type_id = 16)
        Rows Removed by Filter: 11799001
  ->  Hash  (cost=150033.58..150033.58 rows=10707 width=8) (actual time=1544.447..1544.447 rows=9226 loops=1)
        Buckets: 16384  Batches: 1  Memory Usage: 489kB
        ->  Nested Loop  (cost=0.43..150033.58 rows=10707 width=8) (actual time=0.308..1537.958 rows=9226 loops=1)
              ->  Seq Scan on movie_keyword mk  (cost=0.00..81003.12 rows=10707 width=4) (actual time=0.184..1269.205 rows=9226 loops=1)
                    Filter: (keyword_id = 875)
                    Rows Removed by Filter: 4514704
              ->  Index Only Scan using title_pkey on title t  (cost=0.43..6.44 rows=1 width=4) (actual time=0.028..0.028 rows=1 loops=9226)
                    Index Cond: (id = mk.movie_id)
                    Heap Fetches: 9226
Planning time: 1.183 ms
Execution time: 7704.513 ms
