Hash Join  (cost=126564.63..204522.29 rows=210914 width=0) (actual time=3046.096..5308.454 rows=1185510 loops=1)
  Hash Cond: (mc.movie_id = t.id)
  ->  Seq Scan on movie_companies mc  (cost=0.00..44881.29 rows=2609129 width=4) (actual time=0.009..909.966 rows=2609129 loops=1)
  ->  Hash  (cost=123210.65..123210.65 rows=204398 width=8) (actual time=2821.450..2821.450 rows=322960 loops=1)
        Buckets: 131072 (originally 131072)  Batches: 8 (originally 4)  Memory Usage: 3073kB
        ->  Hash Join  (cost=83192.60..123210.65 rows=204398 width=8) (actual time=1604.102..2726.078 rows=322960 loops=1)
              Hash Cond: (mi_idx.movie_id = t.id)
              ->  Seq Scan on movie_info_idx mi_idx  (cost=0.00..25185.44 rows=915101 width=4) (actual time=0.017..569.795 rows=919850 loops=1)
                    Filter: (info_type_id < 101)
                    Rows Removed by Filter: 460185
              ->  Hash  (cost=73925.90..73925.90 rows=564776 width=4) (actual time=1603.177..1603.177 rows=442767 loops=1)
                    Buckets: 131072  Batches: 8  Memory Usage: 2984kB
                    ->  Seq Scan on title t  (cost=0.00..73925.90 rows=564776 width=4) (actual time=397.405..1275.968 rows=442767 loops=1)
                          Filter: ((production_year > 1966) AND (kind_id = 1))
                          Rows Removed by Filter: 2085545
Planning time: 1.186 ms
Execution time: 5466.550 ms
