Hash Join  (cost=244733.08..339216.32 rows=1409671 width=0) (actual time=6000.133..11585.536 rows=13051676 loops=1)
  Hash Cond: (mc.movie_id = t.id)
  ->  Seq Scan on movie_companies mc  (cost=0.00..44881.29 rows=2609129 width=4) (actual time=0.022..956.800 rows=2609129 loops=1)
  ->  Hash  (cost=222319.55..222319.55 rows=1366123 width=8) (actual time=5999.065..5999.065 rows=1666346 loops=1)
        Buckets: 131072  Batches: 32  Memory Usage: 3006kB
        ->  Hash Join  (cost=93117.31..222319.55 rows=1366123 width=8) (actual time=1894.107..5512.944 rows=1666346 loops=1)
              Hash Cond: (mk.movie_id = t.id)
              ->  Seq Scan on movie_keyword mk  (cost=0.00..81003.12 rows=2221376 width=4) (actual time=0.031..1588.212 rows=2213751 loops=1)
                    Filter: (keyword_id > 4963)
                    Rows Removed by Filter: 2310179
              ->  Hash  (cost=67604.59..67604.59 rows=1555018 width=4) (actual time=1893.063..1893.063 rows=1551727 loops=1)
                    Buckets: 131072  Batches: 32  Memory Usage: 2736kB
                    ->  Seq Scan on title t  (cost=0.00..67604.59 rows=1555018 width=4) (actual time=0.011..1362.855 rows=1551727 loops=1)
                          Filter: (production_year < 2007)
                          Rows Removed by Filter: 976585
Planning time: 3.957 ms
Execution time: 13180.622 ms
