Hash Join  (cost=68058.67..121555.30 rows=7721 width=0) (actual time=1175.945..2015.770 rows=6386 loops=1)
  Hash Cond: (mc.movie_id = t.id)
  ->  Seq Scan on movie_companies mc  (cost=0.00..51404.11 rows=537413 width=4) (actual time=80.269..786.706 rows=540024 loops=1)
        Filter: (company_id > 72166)
        Rows Removed by Filter: 2069105
  ->  Hash  (cost=67604.59..67604.59 rows=36327 width=4) (actual time=1095.255..1095.255 rows=36509 loops=1)
        Buckets: 65536  Batches: 1  Memory Usage: 1796kB
        ->  Seq Scan on title t  (cost=0.00..67604.59 rows=36327 width=4) (actual time=0.031..1079.369 rows=36509 loops=1)
              Filter: (production_year = 1996)
              Rows Removed by Filter: 2491803
Planning time: 0.763 ms
Execution time: 2016.936 ms
