Hash Join  (cost=190230.21..337586.06 rows=1954838 width=0) (actual time=4314.704..9501.648 rows=8388989 loops=1)
  Hash Cond: (mk.movie_id = t.id)
  ->  Seq Scan on movie_keyword mk  (cost=0.00..81003.12 rows=3581692 width=4) (actual time=0.026..1665.951 rows=3578443 loops=1)
        Filter: (keyword_id > 886)
        Rows Removed by Filter: 945487
  ->  Hash  (cost=167588.78..167588.78 rows=1380035 width=8) (actual time=4313.401..4313.401 rows=1380035 loops=1)
        Buckets: 131072  Batches: 32  Memory Usage: 2726kB
        ->  Hash Join  (cost=102767.86..167588.78 rows=1380035 width=8) (actual time=1838.217..3945.913 rows=1380035 loops=1)
              Hash Cond: (mi_idx.movie_id = t.id)
              ->  Seq Scan on movie_info_idx mi_idx  (cost=0.00..21735.35 rows=1380035 width=4) (actual time=0.023..505.984 rows=1380035 loops=1)
              ->  Hash  (cost=61283.27..61283.27 rows=2528527 width=4) (actual time=1836.350..1836.350 rows=2528312 loops=1)
                    Buckets: 131072  Batches: 64  Memory Usage: 2415kB
                    ->  Seq Scan on title t  (cost=0.00..61283.27 rows=2528527 width=4) (actual time=0.017..992.038 rows=2528312 loops=1)
Planning time: 1.090 ms
Execution time: 10389.243 ms
