Hash Join  (cost=74260.10..133710.16 rows=4177 width=0) (actual time=1263.944..2383.178 rows=4889 loops=1)
  Hash Cond: (mc.movie_id = t.id)
  ->  Seq Scan on movie_companies mc  (cost=0.00..57926.93 rows=395028 width=4) (actual time=0.024..940.337 rows=716222 loops=1)
        Filter: ((company_id > 32599) AND (company_type_id = 2))
        Rows Removed by Filter: 1892907
  ->  Hash  (cost=73925.90..73925.90 rows=26736 width=4) (actual time=1263.696..1263.696 rows=30647 loops=1)
        Buckets: 32768  Batches: 1  Memory Usage: 1334kB
        ->  Seq Scan on title t  (cost=0.00..73925.90 rows=26736 width=4) (actual time=0.196..1250.351 rows=30647 loops=1)
              Filter: ((kind_id > 1) AND (production_year = 1996))
              Rows Removed by Filter: 2497665
Planning time: 0.795 ms
Execution time: 2384.129 ms
