Seq Scan on cast_info ci  (cost=0.00..705507.15 rows=35152336 width=0) (actual time=0.019..13648.806 rows=35292429 loops=1)
  Filter: (person_id > 98590)
  Rows Removed by Filter: 951915
Planning time: 0.362 ms
Execution time: 18034.127 ms
