Hash Join  (cost=190230.21..1298854.05 rows=12753716 width=0) (actual time=4392.449..38980.823 rows=25812991 loops=1)
  Hash Cond: (ci.movie_id = t.id)
  ->  Seq Scan on cast_info ci  (cost=0.00..705507.15 rows=23367607 width=4) (actual time=0.012..15340.235 rows=23414684 loops=1)
        Filter: (person_id > 1265691)
        Rows Removed by Filter: 12829660
  ->  Hash  (cost=167588.78..167588.78 rows=1380035 width=8) (actual time=4391.126..4391.126 rows=1380035 loops=1)
        Buckets: 131072  Batches: 32  Memory Usage: 2708kB
        ->  Hash Join  (cost=102767.86..167588.78 rows=1380035 width=8) (actual time=1986.212..3991.593 rows=1380035 loops=1)
              Hash Cond: (mi_idx.movie_id = t.id)
              ->  Seq Scan on movie_info_idx mi_idx  (cost=0.00..21735.35 rows=1380035 width=4) (actual time=0.026..495.315 rows=1380035 loops=1)
              ->  Hash  (cost=61283.27..61283.27 rows=2528527 width=4) (actual time=1984.916..1984.916 rows=2528312 loops=1)
                    Buckets: 131072  Batches: 64  Memory Usage: 2415kB
                    ->  Seq Scan on title t  (cost=0.00..61283.27 rows=2528527 width=4) (actual time=0.021..1144.972 rows=2528312 loops=1)
Planning time: 1.183 ms
Execution time: 41915.365 ms
