Seq Scan on movie_keyword mk  (cost=0.00..81003.12 rows=541713 width=0) (actual time=0.014..1427.128 rows=538091 loops=1)
  Filter: (keyword_id > 34168)
  Rows Removed by Filter: 3985839
Planning time: 0.338 ms
Execution time: 1501.015 ms
