Hash Join  (cost=79303.65..123673.83 rows=389170 width=0) (actual time=1418.655..2620.743 rows=469277 loops=1)
  Hash Cond: (mi_idx.movie_id = t.id)
  ->  Seq Scan on movie_info_idx mi_idx  (cost=0.00..21735.35 rows=1380035 width=4) (actual time=0.024..439.908 rows=1380035 loops=1)
  ->  Hash  (cost=67604.59..67604.59 rows=713045 width=4) (actual time=1416.916..1416.916 rows=707186 loops=1)
        Buckets: 131072  Batches: 16  Memory Usage: 2578kB
        ->  Seq Scan on title t  (cost=0.00..67604.59 rows=713045 width=4) (actual time=0.029..1192.649 rows=707186 loops=1)
              Filter: (production_year < 1991)
              Rows Removed by Filter: 1821126
Planning time: 0.803 ms
Execution time: 2665.496 ms
