Hash Join  (cost=98864.94..242477.09 rows=1809843 width=0) (actual time=2007.814..5853.263 rows=973161 loops=1)
  Hash Cond: (mk.movie_id = t.id)
  ->  Seq Scan on movie_keyword mk  (cost=0.00..81003.12 rows=3010518 width=4) (actual time=0.025..1798.862 rows=2996518 loops=1)
        Filter: (keyword_id > 2215)
        Rows Removed by Filter: 1527412
  ->  Hash  (cost=73925.90..73925.90 rows=1520083 width=4) (actual time=2006.111..2006.111 rows=1507233 loops=1)
        Buckets: 131072  Batches: 32  Memory Usage: 2686kB
        ->  Seq Scan on title t  (cost=0.00..73925.90 rows=1520083 width=4) (actual time=0.015..1505.588 rows=1507233 loops=1)
              Filter: ((kind_id > 1) AND (production_year < 2011))
              Rows Removed by Filter: 1021079
Planning time: 0.781 ms
Execution time: 5978.553 ms
