Hash Join  (cost=77377.73..147647.59 rows=77337 width=0) (actual time=1656.925..3233.458 rows=346539 loops=1)
  Hash Cond: (mc.movie_id = t.id)
  ->  Seq Scan on movie_companies mc  (cost=0.00..57926.93 rows=929481 width=4) (actual time=312.472..1208.522 rows=1234641 loops=1)
        Filter: ((company_id < 42562) AND (company_type_id = 1))
        Rows Removed by Filter: 1374488
  ->  Hash  (cost=73925.90..73925.90 rows=210386 width=4) (actual time=1343.211..1343.211 rows=320579 loops=1)
        Buckets: 131072  Batches: 4  Memory Usage: 3842kB
        ->  Seq Scan on title t  (cost=0.00..73925.90 rows=210386 width=4) (actual time=0.035..1240.183 rows=320579 loops=1)
              Filter: ((kind_id < 7) AND (production_year < 1982))
              Rows Removed by Filter: 2207733
Planning time: 0.831 ms
Execution time: 3277.053 ms
