Hash Join  (cost=122535.74..487639.00 rows=44733 width=0) (actual time=2294.559..10479.559 rows=813937 loops=1)
  Hash Cond: (mi.movie_id = t.id)
  ->  Seq Scan on movie_info mi  (cost=0.00..309384.22 rows=14739122 width=4) (actual time=0.019..4410.811 rows=14835720 loops=1)
  ->  Hash  (cost=122439.81..122439.81 rows=7674 width=8) (actual time=2292.028..2292.028 rows=24927 loops=1)
        Buckets: 32768 (originally 8192)  Batches: 1 (originally 1)  Memory Usage: 1230kB
        ->  Hash Join  (cost=67697.55..122439.81 rows=7674 width=8) (actual time=1051.608..2281.668 rows=24927 loops=1)
              Hash Cond: (mc.movie_id = t.id)
              ->  Seq Scan on movie_companies mc  (cost=0.00..44881.29 rows=2609129 width=4) (actual time=0.015..613.438 rows=2609129 loops=1)
              ->  Hash  (cost=67604.59..67604.59 rows=7437 width=4) (actual time=1051.527..1051.527 rows=23799 loops=1)
                    Buckets: 32768 (originally 8192)  Batches: 1 (originally 1)  Memory Usage: 1093kB
                    ->  Seq Scan on title t  (cost=0.00..67604.59 rows=7437 width=4) (actual time=0.056..1040.503 rows=23799 loops=1)
                          Filter: (production_year = 1991)
                          Rows Removed by Filter: 2504513
Planning time: 1.204 ms
Execution time: 10585.614 ms
