Hash Join  (cost=211413.85..358927.48 rows=2093959 width=0) (actual time=4812.604..12588.671 rows=17410928 loops=1)
  Hash Cond: (mk.movie_id = t.id)
  ->  Seq Scan on movie_keyword mk  (cost=0.00..69693.30 rows=4523930 width=4) (actual time=0.026..1497.316 rows=4523930 loops=1)
  ->  Hash  (cost=192212.34..192212.34 rows=1170361 width=8) (actual time=4811.175..4811.175 rows=1165422 loops=1)
        Buckets: 131072  Batches: 16  Memory Usage: 3890kB
        ->  Hash Join  (cost=102767.86..192212.34 rows=1170361 width=8) (actual time=2052.106..4468.348 rows=1165422 loops=1)
              Hash Cond: (mc.movie_id = t.id)
              ->  Seq Scan on movie_companies mc  (cost=0.00..51404.11 rows=1170361 width=4) (actual time=0.018..1000.984 rows=1165422 loops=1)
                    Filter: (company_id < 9701)
                    Rows Removed by Filter: 1443707
              ->  Hash  (cost=61283.27..61283.27 rows=2528527 width=4) (actual time=2050.675..2050.675 rows=2528312 loops=1)
                    Buckets: 131072  Batches: 64  Memory Usage: 2415kB
                    ->  Seq Scan on title t  (cost=0.00..61283.27 rows=2528527 width=4) (actual time=0.019..1179.341 rows=2528312 loops=1)
Planning time: 1.236 ms
Execution time: 14564.138 ms
