Seq Scan on movie_companies mc  (cost=0.00..51404.11 rows=495897 width=0) (actual time=0.019..925.830 rows=492015 loops=1)
  Filter: (company_id < 432)
  Rows Removed by Filter: 2117114
Planning time: 1.819 ms
Execution time: 1005.594 ms
