Hash Join  (cost=191863.26..1210047.31 rows=3930858 width=0) (actual time=4746.583..40198.183 rows=37806351 loops=1)
  Hash Cond: (ci.movie_id = t.id)
  ->  Seq Scan on cast_info ci  (cost=0.00..705507.15 rows=23499554 width=4) (actual time=635.293..16348.525 rows=23573656 loops=1)
        Filter: (role_id > 1)
        Rows Removed by Filter: 12670688
  ->  Hash  (cost=184923.31..184923.31 rows=422956 width=8) (actual time=4110.214..4110.214 rows=1006119 loops=1)
        Buckets: 131072 (originally 131072)  Batches: 16 (originally 8)  Memory Usage: 3530kB
        ->  Hash Join  (cost=78556.72..184923.31 rows=422956 width=8) (actual time=1285.400..3841.299 rows=1006119 loops=1)
              Hash Cond: (mk.movie_id = t.id)
              ->  Seq Scan on movie_keyword mk  (cost=0.00..81003.12 rows=1602107 width=4) (actual time=0.029..1495.705 rows=1614664 loops=1)
                    Filter: (keyword_id > 9369)
                    Rows Removed by Filter: 2909266
              ->  Hash  (cost=67604.59..67604.59 rows=667531 width=4) (actual time=1284.478..1284.478 rows=662825 loops=1)
                    Buckets: 131072  Batches: 16  Memory Usage: 2486kB
                    ->  Seq Scan on title t  (cost=0.00..67604.59 rows=667531 width=4) (actual time=436.291..1068.948 rows=662825 loops=1)
                          Filter: (kind_id < 2)
                          Rows Removed by Filter: 1865487
Planning time: 0.961 ms
Execution time: 44338.154 ms
