Hash Join  (cost=164542.49..293086.88 rows=536935 width=0) (actual time=3489.969..6397.666 rows=200328 loops=1)
  Hash Cond: (mk.movie_id = t.id)
  ->  Seq Scan on movie_keyword mk  (cost=0.00..69693.30 rows=4523930 width=4) (actual time=0.019..1373.696 rows=4523930 loops=1)
  ->  Hash  (cost=159618.18..159618.18 rows=300105 width=8) (actual time=3315.686..3315.686 rows=102896 loops=1)
        Buckets: 131072  Batches: 4  Memory Usage: 2036kB
        ->  Hash Join  (cost=92883.59..159618.18 rows=300105 width=8) (actual time=2172.439..3283.449 rows=102896 loops=1)
              Hash Cond: (mc.movie_id = t.id)
              ->  Seq Scan on movie_companies mc  (cost=0.00..51404.11 rows=492486 width=4) (actual time=377.613..956.467 rows=494287 loops=1)
                    Filter: (company_id > 74463)
                    Rows Removed by Filter: 2114842
              ->  Hash  (cost=67604.59..67604.59 rows=1540800 width=4) (actual time=1793.608..1793.608 rows=1543264 loops=1)
                    Buckets: 131072  Batches: 32  Memory Usage: 2722kB
                    ->  Seq Scan on title t  (cost=0.00..67604.59 rows=1540800 width=4) (actual time=227.728..1305.278 rows=1543264 loops=1)
                          Filter: (kind_id = 7)
                          Rows Removed by Filter: 985048
Planning time: 1.262 ms
Execution time: 6424.394 ms
