Seq Scan on movie_companies mc  (cost=0.00..51404.11 rows=1132657 width=0) (actual time=0.013..900.123 rows=1127942 loops=1)
  Filter: (company_id < 8184)
  Rows Removed by Filter: 1481187
Planning time: 0.868 ms
Execution time: 1052.256 ms
