Hash Join  (cost=468072.59..1304401.01 rows=628362 width=0) (actual time=20050.749..22938.887 rows=5555 loops=1)
  Hash Cond: (ci.movie_id = t.id)
  ->  Seq Scan on cast_info ci  (cost=0.00..796071.18 rows=2742298 width=4) (actual time=10253.538..13356.327 rows=2245 loops=1)
        Filter: ((person_id < 1337197) AND (role_id = 2))
        Rows Removed by Filter: 36242099
  ->  Hash  (cost=458566.35..458566.35 rows=579379 width=8) (actual time=9421.895..9421.895 rows=1545912 loops=1)
        Buckets: 131072 (originally 131072)  Batches: 32 (originally 8)  Memory Usage: 3073kB
        ->  Hash Join  (cost=78556.72..458566.35 rows=579379 width=8) (actual time=2974.464..8966.262 rows=1545912 loops=1)
              Hash Cond: (mi.movie_id = t.id)
              ->  Seq Scan on movie_info mi  (cost=0.00..346232.03 rows=2194617 width=4) (actual time=1410.040..5697.757 rows=2233850 loops=1)
                    Filter: (info_type_id > 16)
                    Rows Removed by Filter: 12601870
              ->  Hash  (cost=67604.59..67604.59 rows=667531 width=4) (actual time=1365.456..1365.456 rows=662825 loops=1)
                    Buckets: 131072  Batches: 16  Memory Usage: 2485kB
                    ->  Seq Scan on title t  (cost=0.00..67604.59 rows=667531 width=4) (actual time=0.024..1158.943 rows=662825 loops=1)
                          Filter: (kind_id = 1)
                          Rows Removed by Filter: 1865487
Planning time: 1.174 ms
Execution time: 22939.548 ms
