Hash Join  (cost=455283.86..583950.24 rows=546934 width=0) (actual time=8120.172..12249.497 rows=3676609 loops=1)
  Hash Cond: (mk.movie_id = t.id)
  ->  Seq Scan on movie_keyword mk  (cost=0.00..69693.30 rows=4523930 width=4) (actual time=0.014..1286.898 rows=4523930 loops=1)
  ->  Hash  (cost=450267.69..450267.69 rows=305694 width=8) (actual time=8119.416..8119.416 rows=709290 loops=1)
        Buckets: 131072 (originally 131072)  Batches: 16 (originally 4)  Memory Usage: 3073kB
        ->  Hash Join  (cost=83891.93..450267.69 rows=305694 width=8) (actual time=1431.978..7878.150 rows=709290 loops=1)
              Hash Cond: (mi.movie_id = t.id)
              ->  Seq Scan on movie_info mi  (cost=0.00..346232.03 rows=1272478 width=4) (actual time=0.015..5362.976 rows=1325361 loops=1)
                    Filter: (info_type_id = 8)
                    Rows Removed by Filter: 13510359
              ->  Hash  (cost=73925.90..73925.90 rows=607442 width=4) (actual time=1431.276..1431.276 rows=675690 loops=1)
                    Buckets: 131072  Batches: 8  Memory Usage: 4021kB
                    ->  Seq Scan on title t  (cost=0.00..73925.90 rows=607442 width=4) (actual time=0.006..1213.814 rows=675690 loops=1)
                          Filter: ((kind_id < 7) AND (production_year < 2007))
                          Rows Removed by Filter: 1852622
Planning time: 0.873 ms
Execution time: 12664.151 ms
