Hash Join  (cost=201155.52..707993.17 rows=806680 width=0) (actual time=3808.165..14530.189 rows=440671 loops=1)
  Hash Cond: (mi.movie_id = t.id)
  ->  Seq Scan on movie_info mi  (cost=0.00..309384.22 rows=14739122 width=4) (actual time=0.016..5697.271 rows=14835720 loops=1)
  ->  Hash  (cost=198884.67..198884.67 rows=138388 width=8) (actual time=3807.072..3807.072 rows=41941 loops=1)
        Buckets: 131072  Batches: 2  Memory Usage: 1843kB
        ->  Hash Join  (cost=75195.76..198884.67 rows=138388 width=8) (actual time=1127.921..3794.460 rows=41941 loops=1)
              Hash Cond: (mk.movie_id = t.id)
              ->  Seq Scan on movie_keyword mk  (cost=0.00..69693.30 rows=4523930 width=4) (actual time=0.012..1375.193 rows=4523930 loops=1)
              ->  Hash  (cost=73925.90..73925.90 rows=77348 width=4) (actual time=1123.297..1123.297 rows=84109 loops=1)
                    Buckets: 131072  Batches: 2  Memory Usage: 2515kB
                    ->  Seq Scan on title t  (cost=0.00..73925.90 rows=77348 width=4) (actual time=0.031..1089.210 rows=84109 loops=1)
                          Filter: ((kind_id = 7) AND (production_year = 2008))
                          Rows Removed by Filter: 2444203
Planning time: 1.184 ms
Execution time: 14585.934 ms
