Hash Join  (cost=697320.83..2307110.48 rows=46610400 width=0) (actual time=21832.434..113431.069 rows=225991875 loops=1)
  Hash Cond: (ci.movie_id = t.id)
  ->  Seq Scan on cast_info ci  (cost=0.00..705507.15 rows=23499554 width=4) (actual time=0.029..16341.395 rows=23573656 loops=1)
        Filter: (role_id > 1)
        Rows Removed by Filter: 12670688
  ->  Hash  (cost=615039.47..615039.47 rows=5015229 width=8) (actual time=21830.621..21830.621 rows=9874334 loops=1)
        Buckets: 131072 (originally 131072)  Batches: 256 (originally 128)  Memory Usage: 4028kB
        ->  Hash Join  (cost=81720.25..615039.47 rows=5015229 width=8) (actual time=1481.217..18594.562 rows=9874334 loops=1)
              Hash Cond: (mi.movie_id = t.id)
              ->  Seq Scan on movie_info mi  (cost=0.00..309384.22 rows=14739122 width=4) (actual time=0.021..6291.425 rows=14835720 loops=1)
              ->  Hash  (cost=67604.59..67604.59 rows=860373 width=4) (actual time=1478.725..1478.725 rows=854214 loops=1)
                    Buckets: 131072  Batches: 16  Memory Usage: 2906kB
                    ->  Seq Scan on title t  (cost=0.00..67604.59 rows=860373 width=4) (actual time=0.024..1213.194 rows=854214 loops=1)
                          Filter: (kind_id < 4)
                          Rows Removed by Filter: 1674098
Planning time: 1.235 ms
Execution time: 139022.566 ms
