Nested Loop  (cost=0.43..799702.19 rows=435 width=0) (actual time=735.081..14097.853 rows=232 loops=1)
  ->  Seq Scan on cast_info ci  (cost=0.00..796071.18 rows=435 width=4) (actual time=734.992..14094.487 rows=232 loops=1)
        Filter: ((role_id < 10) AND (person_id = 3034761))
        Rows Removed by Filter: 36244112
  ->  Index Only Scan using title_pkey on title t  (cost=0.43..8.34 rows=1 width=4) (actual time=0.013..0.014 rows=1 loops=232)
        Index Cond: (id = ci.movie_id)
        Heap Fetches: 232
Planning time: 0.755 ms
Execution time: 14098.002 ms
