Hash Join  (cost=75533.21..143574.27 rows=31543 width=0) (actual time=1204.755..2254.281 rows=13545 loops=1)
  Hash Cond: (mc.movie_id = t.id)
  ->  Seq Scan on movie_companies mc  (cost=0.00..57926.93 rows=814321 width=4) (actual time=74.866..930.947 rows=508485 loops=1)
        Filter: ((company_id < 15980) AND (company_type_id = 2))
        Rows Removed by Filter: 2100644
  ->  Hash  (cost=73925.90..73925.90 rows=97944 width=4) (actual time=1129.038..1129.038 rows=106247 loops=1)
        Buckets: 131072  Batches: 2  Memory Usage: 2890kB
        ->  Seq Scan on title t  (cost=0.00..73925.90 rows=97944 width=4) (actual time=0.042..1089.943 rows=106247 loops=1)
              Filter: ((kind_id = 7) AND (production_year = 2011))
              Rows Removed by Filter: 2422065
Planning time: 0.927 ms
Execution time: 2256.138 ms
