Hash Join  (cost=76243.83..1102522.34 rows=1058582 width=0) (actual time=1707.933..27352.137 rows=1100643 loops=1)
  Hash Cond: (ci.movie_id = t.id)
  ->  Seq Scan on cast_info ci  (cost=0.00..796071.18 rows=18946536 width=4) (actual time=594.430..18146.415 rows=20122661 loops=1)
        Filter: ((person_id < 3671161) AND (role_id < 3))
        Rows Removed by Filter: 16121683
  ->  Hash  (cost=73925.90..73925.90 rows=141274 width=4) (actual time=1112.604..1112.604 rows=150659 loops=1)
        Buckets: 131072  Batches: 2  Memory Usage: 3673kB
        ->  Seq Scan on title t  (cost=0.00..73925.90 rows=141274 width=4) (actual time=0.033..1058.046 rows=150659 loops=1)
              Filter: ((production_year > 2011) AND (kind_id = 7))
              Rows Removed by Filter: 2377653
Planning time: 0.803 ms
Execution time: 27487.615 ms
