Seq Scan on movie_companies mc  (cost=0.00..57926.93 rows=51 width=0) (actual time=227.156..790.545 rows=1262 loops=1)
  Filter: ((company_type_id < 2) AND (company_id = 3929))
  Rows Removed by Filter: 2607867
Planning time: 0.296 ms
Execution time: 790.911 ms
