Hash Join  (cost=83074.74..137742.81 rows=254 width=0) (actual time=1322.451..2416.170 rows=4335 loops=1)
  Hash Cond: (mc.movie_id = t.id)
  ->  Seq Scan on movie_companies mc  (cost=0.00..44881.29 rows=2609129 width=4) (actual time=0.017..633.721 rows=2609129 loops=1)
  ->  Hash  (cost=83071.67..83071.67 rows=246 width=8) (actual time=1319.990..1319.990 rows=316 loops=1)
        Buckets: 1024  Batches: 1  Memory Usage: 21kB
        ->  Nested Loop  (cost=0.43..83071.67 rows=246 width=8) (actual time=14.893..1319.653 rows=316 loops=1)
              ->  Seq Scan on movie_keyword mk  (cost=0.00..81003.12 rows=246 width=4) (actual time=14.809..1305.388 rows=316 loops=1)
                    Filter: (keyword_id = 4323)
                    Rows Removed by Filter: 4523614
              ->  Index Only Scan using title_pkey on title t  (cost=0.43..8.40 rows=1 width=4) (actual time=0.042..0.042 rows=1 loops=316)
                    Index Cond: (id = mk.movie_id)
                    Heap Fetches: 316
Planning time: 1.136 ms
Execution time: 2416.980 ms
