Hash Join  (cost=533818.82..701953.01 rows=2921073 width=0) (actual time=13051.516..15459.646 rows=1221396 loops=1)
  Hash Cond: (mk.movie_id = t.id)
  ->  Seq Scan on movie_keyword mk  (cost=0.00..81003.12 rows=3950468 width=4) (actual time=0.015..1873.634 rows=3952836 loops=1)
        Filter: (keyword_id < 32175)
        Rows Removed by Filter: 571094
  ->  Hash  (cost=503144.13..503144.13 rows=1869655 width=8) (actual time=10665.391..10665.391 rows=1641804 loops=1)
        Buckets: 131072  Batches: 32  Memory Usage: 3031kB
        ->  Hash Join  (cost=92883.59..503144.13 rows=1869655 width=8) (actual time=2277.843..10093.228 rows=1641804 loops=1)
              Hash Cond: (mi.movie_id = t.id)
              ->  Seq Scan on movie_info mi  (cost=0.00..346232.03 rows=3068194 width=4) (actual time=544.269..5553.522 rows=3036719 loops=1)
                    Filter: (info_type_id = 16)
                    Rows Removed by Filter: 11799001
              ->  Hash  (cost=67604.59..67604.59 rows=1540800 width=4) (actual time=1732.081..1732.081 rows=1543264 loops=1)
                    Buckets: 131072  Batches: 32  Memory Usage: 2728kB
                    ->  Seq Scan on title t  (cost=0.00..67604.59 rows=1540800 width=4) (actual time=0.024..1223.366 rows=1543264 loops=1)
                          Filter: (kind_id = 7)
                          Rows Removed by Filter: 985048
Planning time: 1.077 ms
Execution time: 15589.196 ms
