Hash Join  (cost=162514.28..549410.15 rows=381606 width=0) (actual time=3110.500..10866.459 rows=585233 loops=1)
  Hash Cond: (mi.movie_id = t.id)
  ->  Seq Scan on movie_info mi  (cost=0.00..309384.22 rows=14739122 width=4) (actual time=0.019..4128.154 rows=14835720 loops=1)
  ->  Hash  (cost=161695.97..161695.97 rows=65465 width=8) (actual time=3109.889..3109.889 rows=44649 loops=1)
        Buckets: 65536  Batches: 1  Memory Usage: 2257kB
        ->  Hash Join  (cost=74383.28..161695.97 rows=65465 width=8) (actual time=1207.558..3093.893 rows=44649 loops=1)
              Hash Cond: (mk.movie_id = t.id)
              ->  Seq Scan on movie_keyword mk  (cost=0.00..69693.30 rows=4523930 width=4) (actual time=0.019..992.623 rows=4523930 loops=1)
              ->  Hash  (cost=73925.90..73925.90 rows=36590 width=4) (actual time=1205.746..1205.746 rows=42576 loops=1)
                    Buckets: 65536  Batches: 1  Memory Usage: 2009kB
                    ->  Seq Scan on title t  (cost=0.00..73925.90 rows=36590 width=4) (actual time=0.022..1187.610 rows=42576 loops=1)
                          Filter: ((kind_id > 2) AND (production_year = 2000))
                          Rows Removed by Filter: 2485736
Planning time: 1.145 ms
Execution time: 10940.687 ms
