Hash Join  (cost=82778.48..1004371.56 rows=1922796 width=0) (actual time=9132.708..18012.320 rows=845278 loops=1)
  Hash Cond: (ci.movie_id = t.id)
  ->  Seq Scan on cast_info ci  (cost=0.00..796071.18 rows=9010651 width=4) (actual time=7800.386..13012.854 rows=6788368 loops=1)
        Filter: ((person_id > 2675427) AND (role_id < 10))
        Rows Removed by Filter: 29455976
  ->  Hash  (cost=73925.90..73925.90 rows=539566 width=4) (actual time=1331.131..1331.131 rows=428248 loops=1)
        Buckets: 131072  Batches: 8  Memory Usage: 2890kB
        ->  Seq Scan on title t  (cost=0.00..73925.90 rows=539566 width=4) (actual time=305.241..1193.649 rows=428248 loops=1)
              Filter: ((production_year < 1997) AND (kind_id = 7))
              Rows Removed by Filter: 2100064
Planning time: 0.802 ms
Execution time: 18110.306 ms
