Hash Join  (cost=75897.85..152657.24 rows=123986 width=0) (actual time=1199.277..3653.454 rows=533161 loops=1)
  Hash Cond: (mc.movie_id = t.id)
  ->  Seq Scan on movie_companies mc  (cost=0.00..44881.29 rows=2609129 width=4) (actual time=0.020..893.820 rows=2609129 loops=1)
  ->  Hash  (cost=73925.90..73925.90 rows=120156 width=4) (actual time=1198.500..1198.500 rows=252581 loops=1)
        Buckets: 131072 (originally 131072)  Batches: 4 (originally 2)  Memory Usage: 3246kB
        ->  Seq Scan on title t  (cost=0.00..73925.90 rows=120156 width=4) (actual time=0.015..1111.854 rows=252581 loops=1)
              Filter: ((production_year < 1976) AND (kind_id = 1))
              Rows Removed by Filter: 2275731
Planning time: 0.702 ms
Execution time: 3720.977 ms
