Seq Scan on movie_keyword mk  (cost=0.00..81003.12 rows=246 width=0) (actual time=4.401..1284.517 rows=240 loops=1)
  Filter: (keyword_id = 12022)
  Rows Removed by Filter: 4523690
Planning time: 0.405 ms
Execution time: 1284.755 ms
