Hash Join  (cost=225270.24..1176947.54 rows=8309015 width=0) (actual time=5199.418..31660.993 rows=21068605 loops=1)
  Hash Cond: (ci.movie_id = t.id)
  ->  Seq Scan on cast_info ci  (cost=0.00..705507.15 rows=12203201 width=4) (actual time=0.015..14342.732 rows=12113646 loops=1)
        Filter: (role_id > 3)
        Rows Removed by Filter: 24130698
  ->  Hash  (cost=197023.69..197023.69 rows=1721644 width=8) (actual time=5197.937..5197.937 rows=1954214 loops=1)
        Buckets: 131072  Batches: 32  Memory Usage: 3380kB
        ->  Hash Join  (cost=94978.31..197023.69 rows=1721644 width=8) (actual time=1723.747..4711.274 rows=1954214 loops=1)
              Hash Cond: (mc.movie_id = t.id)
              ->  Seq Scan on movie_companies mc  (cost=0.00..44881.29 rows=2609129 width=4) (actual time=0.021..920.339 rows=2609129 loops=1)
              ->  Hash  (cost=67604.59..67604.59 rows=1668458 width=4) (actual time=1722.913..1722.913 rows=1671292 loops=1)
                    Buckets: 131072  Batches: 32  Memory Usage: 2858kB
                    ->  Seq Scan on title t  (cost=0.00..67604.59 rows=1668458 width=4) (actual time=0.014..1189.233 rows=1671292 loops=1)
                          Filter: (production_year < 2008)
                          Rows Removed by Filter: 857020
Planning time: 1.311 ms
Execution time: 33996.309 ms
