Hash Join  (cost=85529.96..189715.80 rows=397746 width=0) (actual time=1439.909..3838.103 rows=719572 loops=1)
  Hash Cond: (mk.movie_id = t.id)
  ->  Seq Scan on movie_keyword mk  (cost=0.00..81003.12 rows=1421936 width=4) (actual time=0.021..1549.820 rows=1434113 loops=1)
        Filter: (keyword_id > 11656)
        Rows Removed by Filter: 3089817
  ->  Hash  (cost=73925.90..73925.90 rows=707284 width=4) (actual time=1438.428..1438.428 rows=595567 loops=1)
        Buckets: 131072  Batches: 16  Memory Usage: 2340kB
        ->  Seq Scan on title t  (cost=0.00..73925.90 rows=707284 width=4) (actual time=0.015..1221.385 rows=595567 loops=1)
              Filter: ((kind_id < 4) AND (production_year > 1970))
              Rows Removed by Filter: 1932745
Planning time: 0.752 ms
Execution time: 3906.621 ms
