Hash Join  (cost=124528.01..623132.16 rows=1761724 width=0) (actual time=2787.012..17315.185 rows=6009963 loops=1)
  Hash Cond: (mi.movie_id = t.id)
  ->  Seq Scan on movie_info mi  (cost=0.00..309384.22 rows=14739122 width=4) (actual time=0.019..5917.441 rows=14835720 loops=1)
  ->  Hash  (cost=119569.18..119569.18 rows=302227 width=8) (actual time=2786.120..2786.120 rows=351163 loops=1)
        Buckets: 131072 (originally 131072)  Batches: 8 (originally 4)  Memory Usage: 3073kB
        ->  Hash Join  (cost=76690.42..119569.18 rows=302227 width=8) (actual time=1409.885..2669.246 rows=351163 loops=1)
              Hash Cond: (mi_idx.movie_id = t.id)
              ->  Seq Scan on movie_info_idx mi_idx  (cost=0.00..21735.35 rows=1380035 width=4) (actual time=0.020..417.590 rows=1380035 loops=1)
              ->  Hash  (cost=67604.59..67604.59 rows=553747 width=4) (actual time=1408.575..1408.575 rows=552960 loops=1)
                    Buckets: 131072  Batches: 8  Memory Usage: 3445kB
                    ->  Seq Scan on title t  (cost=0.00..67604.59 rows=553747 width=4) (actual time=0.029..1222.556 rows=552960 loops=1)
                          Filter: (production_year < 1983)
                          Rows Removed by Filter: 1975352
Planning time: 1.131 ms
Execution time: 18039.652 ms
