Seq Scan on movie_companies mc  (cost=0.00..57926.93 rows=675754 width=0) (actual time=577.812..1065.953 rows=454368 loops=1)
  Filter: ((company_id > 11137) AND (company_type_id = 1))
  Rows Removed by Filter: 2154761
Planning time: 0.404 ms
Execution time: 1123.253 ms
