Hash Join  (cost=99467.55..718490.65 rows=11320627 width=0) (actual time=2135.575..19378.317 rows=10287088 loops=1)
  Hash Cond: (mi.movie_id = t.id)
  ->  Seq Scan on movie_info mi  (cost=0.00..309384.22 rows=14739122 width=4) (actual time=0.008..6143.838 rows=14835720 loops=1)
  ->  Hash  (cost=67604.59..67604.59 rows=1942077 width=4) (actual time=2134.153..2134.153 rows=1932484 loops=1)
        Buckets: 131072  Batches: 32  Memory Usage: 3163kB
        ->  Seq Scan on title t  (cost=0.00..67604.59 rows=1942077 width=4) (actual time=0.010..1484.394 rows=1932484 loops=1)
              Filter: (production_year > 1980)
              Rows Removed by Filter: 595828
Planning time: 0.775 ms
Execution time: 20640.054 ms
