Seq Scan on title t  (cost=0.00..73925.90 rows=587767 width=0) (actual time=233.144..1225.867 rows=594730 loops=1)
  Filter: ((production_year < 2012) AND (kind_id = 1))
  Rows Removed by Filter: 1933582
Planning time: 0.407 ms
Execution time: 1290.170 ms
