Hash Join  (cost=83198.94..1110524.19 rows=5177805 width=0) (actual time=1492.508..31227.077 rows=6358495 loops=1)
  Hash Cond: (ci.movie_id = t.id)
  ->  Seq Scan on cast_info ci  (cost=0.00..705507.15 rows=23163746 width=4) (actual time=0.025..15297.718 rows=23057770 loops=1)
        Filter: (person_id < 2356345)
        Rows Removed by Filter: 13186574
  ->  Hash  (cost=73925.90..73925.90 rows=565203 width=4) (actual time=1491.596..1491.596 rows=641785 loops=1)
        Buckets: 131072  Batches: 8  Memory Usage: 3862kB
        ->  Seq Scan on title t  (cost=0.00..73925.90 rows=565203 width=4) (actual time=0.034..1287.327 rows=641785 loops=1)
              Filter: ((kind_id < 7) AND (production_year < 2006))
              Rows Removed by Filter: 1886527
Planning time: 0.865 ms
Execution time: 31907.858 ms
