Hash Join  (cost=191164.97..267812.05 rows=88818 width=0) (actual time=3768.733..5576.091 rows=65456 loops=1)
  Hash Cond: (mc.movie_id = t.id)
  ->  Seq Scan on movie_companies mc  (cost=0.00..51404.11 rows=2069543 width=4) (actual time=0.022..1170.009 rows=2070506 loops=1)
        Filter: (company_id > 525)
        Rows Removed by Filter: 538623
  ->  Hash  (cost=189384.52..189384.52 rows=108516 width=8) (actual time=3767.987..3767.987 rows=22283 loops=1)
        Buckets: 131072  Batches: 2  Memory Usage: 1453kB
        ->  Hash Join  (cost=98137.04..189384.52 rows=108516 width=8) (actual time=1970.588..3759.018 rows=22283 loops=1)
              Hash Cond: (mk.movie_id = t.id)
              ->  Seq Scan on movie_keyword mk  (cost=0.00..81003.12 rows=147440 width=4) (actual time=0.025..1390.290 rows=146520 loops=1)
                    Filter: (keyword_id > 74207)
                    Rows Removed by Filter: 4377410
              ->  Hash  (cost=67604.59..67604.59 rows=1860996 width=4) (actual time=1964.214..1964.214 rows=1865487 loops=1)
                    Buckets: 131072  Batches: 32  Memory Usage: 3085kB
                    ->  Seq Scan on title t  (cost=0.00..67604.59 rows=1860996 width=4) (actual time=0.018..1330.964 rows=1865487 loops=1)
                          Filter: (kind_id > 1)
                          Rows Removed by Filter: 662825
Planning time: 0.982 ms
Execution time: 5583.243 ms
