Seq Scan on movie_companies mc  (cost=0.00..51404.11 rows=2348 width=0) (actual time=1.016..925.106 rows=1887 loops=1)
  Filter: (company_id = 4599)
  Rows Removed by Filter: 2607242
Planning time: 0.362 ms
Execution time: 925.456 ms
