Hash Join  (cost=96424.57..248318.90 rows=2453529 width=0) (actual time=1945.069..5903.175 rows=1115117 loops=1)
  Hash Cond: (mk.movie_id = t.id)
  ->  Seq Scan on movie_keyword mk  (cost=0.00..69693.30 rows=4523930 width=4) (actual time=0.026..1419.487 rows=4523930 loops=1)
  ->  Hash  (cost=73925.90..73925.90 rows=1371333 width=4) (actual time=1936.428..1936.428 rows=1479221 loops=1)
        Buckets: 131072  Batches: 32  Memory Usage: 2663kB
        ->  Seq Scan on title t  (cost=0.00..73925.90 rows=1371333 width=4) (actual time=0.029..1445.276 rows=1479221 loops=1)
              Filter: ((kind_id > 3) AND (production_year > 1970))
              Rows Removed by Filter: 1049091
Planning time: 0.819 ms
Execution time: 6038.739 ms
