Hash Join  (cost=156497.88..950686.92 rows=55851 width=0) (actual time=2915.080..22141.306 rows=268138 loops=1)
  Hash Cond: (ci.movie_id = t.id)
  ->  Seq Scan on cast_info ci  (cost=0.00..705507.15 rows=23499554 width=4) (actual time=0.014..15029.286 rows=23573656 loops=1)
        Filter: (role_id > 1)
        Rows Removed by Filter: 12670688
  ->  Hash  (cost=156422.76..156422.76 rows=6010 width=8) (actual time=2914.742..2914.742 rows=15284 loops=1)
        Buckets: 16384 (originally 8192)  Batches: 1 (originally 1)  Memory Usage: 726kB
        ->  Hash Join  (cost=67697.55..156422.76 rows=6010 width=8) (actual time=1054.328..2908.756 rows=15284 loops=1)
              Hash Cond: (mk.movie_id = t.id)
              ->  Seq Scan on movie_keyword mk  (cost=0.00..81003.12 rows=2043195 width=4) (actual time=0.008..1503.919 rows=2051093 loops=1)
                    Filter: (keyword_id < 3660)
                    Rows Removed by Filter: 2472837
              ->  Hash  (cost=67604.59..67604.59 rows=7437 width=4) (actual time=1054.109..1054.109 rows=13736 loops=1)
                    Buckets: 16384 (originally 8192)  Batches: 1 (originally 1)  Memory Usage: 611kB
                    ->  Seq Scan on title t  (cost=0.00..67604.59 rows=7437 width=4) (actual time=5.677..1047.339 rows=13736 loops=1)
                          Filter: (production_year = 1974)
                          Rows Removed by Filter: 2514576
Planning time: 1.187 ms
Execution time: 22178.201 ms
