Seq Scan on movie_keyword mk  (cost=0.00..81003.12 rows=246 width=0) (actual time=1.131..1273.969 rows=724 loops=1)
  Filter: (keyword_id = 1056)
  Rows Removed by Filter: 4523206
Planning time: 0.378 ms
Execution time: 1274.368 ms
