Hash Join  (cost=174865.45..278800.86 rows=461420 width=0) (actual time=3886.612..6641.942 rows=1901380 loops=1)
  Hash Cond: (mk.movie_id = t.id)
  ->  Seq Scan on movie_keyword mk  (cost=0.00..81003.12 rows=1274955 width=4) (actual time=0.019..1515.346 rows=1281573 loops=1)
        Filter: (keyword_id > 13787)
        Rows Removed by Filter: 3242357
  ->  Hash  (cost=159851.69..159851.69 rows=915101 width=8) (actual time=3884.998..3884.998 rows=919850 loops=1)
        Buckets: 131072  Batches: 16  Memory Usage: 3282kB
        ->  Hash Join  (cost=102767.86..159851.69 rows=915101 width=8) (actual time=1951.515..3620.997 rows=919850 loops=1)
              Hash Cond: (mi_idx.movie_id = t.id)
              ->  Seq Scan on movie_info_idx mi_idx  (cost=0.00..25185.44 rows=915101 width=4) (actual time=0.009..549.163 rows=919850 loops=1)
                    Filter: (info_type_id < 101)
                    Rows Removed by Filter: 460185
              ->  Hash  (cost=61283.27..61283.27 rows=2528527 width=4) (actual time=1950.294..1950.294 rows=2528312 loops=1)
                    Buckets: 131072  Batches: 64  Memory Usage: 2415kB
                    ->  Seq Scan on title t  (cost=0.00..61283.27 rows=2528527 width=4) (actual time=0.015..1115.496 rows=2528312 loops=1)
Planning time: 9.093 ms
Execution time: 6887.235 ms
