Seq Scan on cast_info ci  (cost=0.00..705507.15 rows=500 width=0) (actual time=3456.253..10920.837 rows=9 loops=1)
  Filter: (person_id = 1242505)
  Rows Removed by Filter: 36244335
Planning time: 0.925 ms
Execution time: 10920.939 ms
