Hash Join  (cost=261315.50..863541.50 rows=9746417 width=0) (actual time=5919.845..39150.076 rows=91254671 loops=1)
  Hash Cond: (mi.movie_id = t.id)
  ->  Seq Scan on movie_info mi  (cost=0.00..309384.22 rows=14739122 width=4) (actual time=0.011..6204.179 rows=14835720 loops=1)
  ->  Hash  (cost=233883.28..233883.28 rows=1672018 width=8) (actual time=5918.661..5918.661 rows=1683146 loops=1)
        Buckets: 131072  Batches: 32  Memory Usage: 3149kB
        ->  Hash Join  (cost=102767.86..233883.28 rows=1672018 width=8) (actual time=1970.378..5443.885 rows=1683146 loops=1)
              Hash Cond: (mk.movie_id = t.id)
              ->  Seq Scan on movie_keyword mk  (cost=0.00..81003.12 rows=1672018 width=4) (actual time=0.021..1495.248 rows=1683146 loops=1)
                    Filter: (keyword_id > 8626)
                    Rows Removed by Filter: 2840784
              ->  Hash  (cost=61283.27..61283.27 rows=2528527 width=4) (actual time=1968.685..1968.685 rows=2528312 loops=1)
                    Buckets: 131072  Batches: 64  Memory Usage: 2425kB
                    ->  Seq Scan on title t  (cost=0.00..61283.27 rows=2528527 width=4) (actual time=0.023..1113.280 rows=2528312 loops=1)
Planning time: 2.509 ms
Execution time: 48870.171 ms
