Hash Join  (cost=102767.86..1176189.78 rows=11115738 width=0) (actual time=2007.754..28367.874 rows=12670688 loops=1)
  Hash Cond: (ci.movie_id = t.id)
  ->  Seq Scan on cast_info ci  (cost=0.00..796071.18 rows=11115738 width=4) (actual time=0.013..15946.958 rows=12670688 loops=1)
        Filter: ((person_id < 3222056) AND (role_id < 2))
        Rows Removed by Filter: 23573656
  ->  Hash  (cost=61283.27..61283.27 rows=2528527 width=4) (actual time=2006.651..2006.651 rows=2528312 loops=1)
        Buckets: 131072  Batches: 64  Memory Usage: 2415kB
        ->  Seq Scan on title t  (cost=0.00..61283.27 rows=2528527 width=4) (actual time=0.017..1156.853 rows=2528312 loops=1)
Planning time: 1.491 ms
Execution time: 29813.828 ms
