Seq Scan on cast_info ci  (cost=0.00..705507.15 rows=500 width=0) (actual time=3074.497..10677.807 rows=41 loops=1)
  Filter: (person_id = 3181668)
  Rows Removed by Filter: 36244303
Planning time: 0.399 ms
Execution time: 10677.943 ms
