Hash Join  (cost=73962.22..901012.79 rows=9462 width=0) (actual time=8725.264..15652.104 rows=7786 loops=1)
  Hash Cond: (ci.movie_id = t.id)
  ->  Seq Scan on cast_info ci  (cost=0.00..796071.18 rows=8235940 width=4) (actual time=7621.422..13994.601 rows=3461290 loops=1)
        Filter: ((person_id > 1256868) AND (role_id = 1))
        Rows Removed by Filter: 32783054
  ->  Hash  (cost=73925.90..73925.90 rows=2905 width=4) (actual time=1103.328..1103.328 rows=4122 loops=1)
        Buckets: 8192 (originally 4096)  Batches: 1 (originally 1)  Memory Usage: 209kB
        ->  Seq Scan on title t  (cost=0.00..73925.90 rows=2905 width=4) (actual time=0.102..1101.176 rows=4122 loops=1)
              Filter: ((kind_id < 7) AND (production_year = 1960))
              Rows Removed by Filter: 2524190
Planning time: 0.785 ms
Execution time: 15653.753 ms
