Nested Loop  (cost=44377.22..163875.58 rows=9218 width=0) (actual time=871.512..2807.518 rows=28616 loops=1)
  ->  Hash Join  (cost=44376.79..134360.53 rows=50204 width=8) (actual time=871.445..2428.926 rows=28616 loops=1)
        Hash Cond: (mk.movie_id = mi_idx.movie_id)
        ->  Seq Scan on movie_keyword mk  (cost=0.00..81003.12 rows=16889 width=4) (actual time=0.035..1308.830 rows=14120 loops=1)
              Filter: (keyword_id = 1382)
              Rows Removed by Filter: 4509810
        ->  Hash  (cost=21735.35..21735.35 rows=1380035 width=4) (actual time=869.109..869.109 rows=1380035 loops=1)
              Buckets: 131072  Batches: 32  Memory Usage: 2556kB
              ->  Seq Scan on movie_info_idx mi_idx  (cost=0.00..21735.35 rows=1380035 width=4) (actual time=0.027..460.761 rows=1380035 loops=1)
  ->  Index Only Scan using title_pkey on title t  (cost=0.43..0.58 rows=1 width=4) (actual time=0.012..0.013 rows=1 loops=28616)
        Index Cond: (id = mi_idx.movie_id)
        Heap Fetches: 28616
Planning time: 1.213 ms
Execution time: 2813.065 ms
