Hash Join  (cost=102767.86..171733.18 rows=48147 width=0) (actual time=2224.966..3257.768 rows=94949 loops=1)
  Hash Cond: (mc.movie_id = t.id)
  ->  Seq Scan on movie_companies mc  (cost=0.00..57926.93 rows=48147 width=4) (actual time=266.257..788.509 rows=94949 loops=1)
        Filter: ((company_id > 160620) AND (company_type_id = 2))
        Rows Removed by Filter: 2514180
  ->  Hash  (cost=61283.27..61283.27 rows=2528527 width=4) (actual time=1957.528..1957.528 rows=2528312 loops=1)
        Buckets: 131072  Batches: 64  Memory Usage: 2415kB
        ->  Seq Scan on title t  (cost=0.00..61283.27 rows=2528527 width=4) (actual time=0.029..1131.079 rows=2528312 loops=1)
Planning time: 0.798 ms
Execution time: 3269.878 ms
