Hash Join  (cost=1091018.29..1837253.57 rows=19789565 width=0) (actual time=21820.457..38349.721 rows=10564355 loops=1)
  Hash Cond: (mi.movie_id = t.id)
  ->  Seq Scan on movie_info mi  (cost=0.00..309384.22 rows=14739122 width=4) (actual time=0.023..5941.221 rows=14835720 loops=1)
  ->  Hash  (cost=1035319.52..1035319.52 rows=3394941 width=8) (actual time=21819.300..21819.300 rows=3046728 loops=1)
        Buckets: 131072  Batches: 64  Memory Usage: 2857kB
        ->  Hash Join  (cost=88257.79..1035319.52 rows=3394941 width=8) (actual time=1684.812..20868.919 rows=3046728 loops=1)
              Hash Cond: (ci.movie_id = t.id)
              ->  Seq Scan on cast_info ci  (cost=0.00..796071.18 rows=9827238 width=4) (actual time=0.028..13756.514 rows=7675175 loops=1)
                    Filter: ((person_id > 2573371) AND (role_id < 10))
                    Rows Removed by Filter: 28569169
              ->  Hash  (cost=73925.90..73925.90 rows=873511 width=4) (actual time=1683.836..1683.836 rows=957299 loops=1)
                    Buckets: 131072  Batches: 16  Memory Usage: 3134kB
                    ->  Seq Scan on title t  (cost=0.00..73925.90 rows=873511 width=4) (actual time=0.016..1376.538 rows=957299 loops=1)
                          Filter: ((production_year > 1999) AND (kind_id = 7))
                          Rows Removed by Filter: 1571013
Planning time: 1.997 ms
Execution time: 39487.723 ms
