Hash Join  (cost=208827.36..1112747.93 rows=4757371 width=0) (actual time=4912.127..30395.030 rows=16146507 loops=1)
  Hash Cond: (ci.movie_id = t.id)
  ->  Seq Scan on cast_info ci  (cost=0.00..705507.15 rows=12726058 width=4) (actual time=0.010..14610.566 rows=12670688 loops=1)
        Filter: (role_id = 1)
        Rows Removed by Filter: 23573656
  ->  Hash  (cost=193318.89..193318.89 rows=945237 width=8) (actual time=4911.079..4911.079 rows=1243754 loops=1)
        Buckets: 131072  Batches: 16  Memory Usage: 4035kB
        ->  Hash Join  (cost=102767.86..193318.89 rows=945237 width=8) (actual time=2061.599..4566.938 rows=1243754 loops=1)
              Hash Cond: (mc.movie_id = t.id)
              ->  Seq Scan on movie_companies mc  (cost=0.00..57926.93 rows=945237 width=4) (actual time=0.029..1147.966 rows=1243754 loops=1)
                    Filter: ((company_id < 47485) AND (company_type_id = 1))
                    Rows Removed by Filter: 1365375
              ->  Hash  (cost=61283.27..61283.27 rows=2528527 width=4) (actual time=2060.096..2060.096 rows=2528312 loops=1)
                    Buckets: 131072  Batches: 64  Memory Usage: 2415kB
                    ->  Seq Scan on title t  (cost=0.00..61283.27 rows=2528527 width=4) (actual time=0.023..1085.388 rows=2528312 loops=1)
Planning time: 1.199 ms
Execution time: 32087.111 ms
