Hash Join  (cost=160526.42..290050.50 rows=1010463 width=0) (actual time=5393.433..6240.869 rows=702810 loops=1)
  Hash Cond: (mk.movie_id = t.id)
  ->  Seq Scan on movie_keyword mk  (cost=0.00..81003.12 rows=3038221 width=4) (actual time=0.019..1684.457 rows=3022311 loops=1)
        Filter: (keyword_id < 10815)
        Rows Removed by Filter: 1501619
  ->  Hash  (cost=146729.58..146729.58 rows=840947 width=8) (actual time=3181.011..3181.011 rows=425718 loops=1)
        Buckets: 131072  Batches: 16  Memory Usage: 2068kB
        ->  Hash Join  (cost=92883.59..146729.58 rows=840947 width=8) (actual time=2065.742..3054.545 rows=425718 loops=1)
              Hash Cond: (mi_idx.movie_id = t.id)
              ->  Seq Scan on movie_info_idx mi_idx  (cost=0.00..21735.35 rows=1380035 width=4) (actual time=0.025..415.490 rows=1380035 loops=1)
              ->  Hash  (cost=67604.59..67604.59 rows=1540800 width=4) (actual time=1650.097..1650.097 rows=1543264 loops=1)
                    Buckets: 131072  Batches: 32  Memory Usage: 2722kB
                    ->  Seq Scan on title t  (cost=0.00..67604.59 rows=1540800 width=4) (actual time=108.018..1160.001 rows=1543264 loops=1)
                          Filter: (kind_id = 7)
                          Rows Removed by Filter: 985048
Planning time: 1.265 ms
Execution time: 6318.093 ms
