Hash Join  (cost=101220.66..489506.63 rows=37205 width=0) (actual time=1935.659..10273.452 rows=235872 loops=1)
  Hash Cond: (mi.movie_id = t.id)
  ->  Seq Scan on movie_info mi  (cost=0.00..346232.03 rows=11115165 width=4) (actual time=168.177..6451.618 rows=11210743 loops=1)
        Filter: (info_type_id > 3)
        Rows Removed by Filter: 3624977
  ->  Hash  (cost=101114.86..101114.86 rows=8464 width=8) (actual time=1766.836..1766.836 rows=15425 loops=1)
        Buckets: 16384  Batches: 1  Memory Usage: 731kB
        ->  Hash Join  (cost=74119.74..101114.86 rows=8464 width=8) (actual time=1153.003..1760.742 rows=15425 loops=1)
              Hash Cond: (mi_idx.movie_id = t.id)
              ->  Seq Scan on movie_info_idx mi_idx  (cost=0.00..21735.35 rows=1380035 width=4) (actual time=0.030..312.581 rows=1380035 loops=1)
              ->  Hash  (cost=73925.90..73925.90 rows=15507 width=4) (actual time=1152.756..1152.756 rows=11835 loops=1)
                    Buckets: 16384  Batches: 1  Memory Usage: 545kB
                    ->  Seq Scan on title t  (cost=0.00..73925.90 rows=15507 width=4) (actual time=0.070..1147.366 rows=11835 loops=1)
                          Filter: ((kind_id < 7) AND (production_year = 1995))
                          Rows Removed by Filter: 2516477
Planning time: 1.205 ms
Execution time: 10305.398 ms
