Hash Join  (cost=83810.17..1081806.97 rows=5001716 width=0) (actual time=9670.736..28177.325 rows=5658241 loops=1)
  Hash Cond: (ci.movie_id = t.id)
  ->  Seq Scan on cast_info ci  (cost=0.00..796071.18 rows=12804120 width=4) (actual time=7985.478..17304.211 rows=14032287 loops=1)
        Filter: ((person_id > 727392) AND (role_id > 2))
        Rows Removed by Filter: 22212057
  ->  Hash  (cost=67604.59..67604.59 rows=987727 width=4) (actual time=1684.170..1684.170 rows=985048 loops=1)
        Buckets: 131072  Batches: 16  Memory Usage: 3188kB
        ->  Seq Scan on title t  (cost=0.00..67604.59 rows=987727 width=4) (actual time=0.035..1379.043 rows=985048 loops=1)
              Filter: (kind_id < 7)
              Rows Removed by Filter: 1543264
Planning time: 0.889 ms
Execution time: 28838.922 ms
