Hash Join  (cost=449985.82..576953.06 rows=407521 width=0) (actual time=7715.424..11694.176 rows=2523853 loops=1)
  Hash Cond: (mk.movie_id = t.id)
  ->  Seq Scan on movie_keyword mk  (cost=0.00..69693.30 rows=4523930 width=4) (actual time=0.009..1495.049 rows=4523930 loops=1)
  ->  Hash  (cost=446248.65..446248.65 rows=227773 width=8) (actual time=7714.668..7714.668 rows=440675 loops=1)
        Buckets: 131072 (originally 131072)  Batches: 8 (originally 4)  Memory Usage: 3199kB
        ->  Hash Join  (cost=85595.27..446248.65 rows=227773 width=8) (actual time=2426.709..7582.834 rows=440675 loops=1)
              Hash Cond: (mi.movie_id = t.id)
              ->  Seq Scan on movie_info mi  (cost=0.00..346232.03 rows=809768 width=4) (actual time=1029.652..5556.667 rows=802140 loops=1)
                    Filter: (info_type_id < 2)
                    Rows Removed by Filter: 14033580
              ->  Hash  (cost=73925.90..73925.90 rows=711229 width=4) (actual time=1396.212..1396.212 rows=612155 loops=1)
                    Buckets: 131072  Batches: 16  Memory Usage: 2376kB
                    ->  Seq Scan on title t  (cost=0.00..73925.90 rows=711229 width=4) (actual time=0.039..1196.515 rows=612155 loops=1)
                          Filter: ((kind_id < 7) AND (production_year > 1987))
                          Rows Removed by Filter: 1916157
Planning time: 1.390 ms
Execution time: 11981.210 ms
