Hash Join  (cost=103767.46..833770.80 rows=53727 width=0) (actual time=1969.986..11998.070 rows=74228 loops=1)
  Hash Cond: (ci.movie_id = t.id)
  ->  Seq Scan on cast_info ci  (cost=0.00..705507.15 rows=6389044 width=4) (actual time=0.015..8860.104 rows=6296388 loops=1)
        Filter: (person_id < 607130)
        Rows Removed by Filter: 29947956
  ->  Hash  (cost=103501.67..103501.67 rows=21263 width=8) (actual time=1969.505..1969.505 rows=12140 loops=1)
        Buckets: 32768  Batches: 1  Memory Usage: 731kB
        ->  Hash Join  (cost=74657.14..103501.67 rows=21263 width=8) (actual time=1499.556..1965.041 rows=12140 loops=1)
              Hash Cond: (mi_idx.movie_id = t.id)
              ->  Seq Scan on movie_info_idx mi_idx  (cost=0.00..25185.44 rows=919057 width=4) (actual time=0.013..506.656 rows=920110 loops=1)
                    Filter: (info_type_id > 99)
                    Rows Removed by Filter: 459925
              ->  Hash  (cost=73925.90..73925.90 rows=58499 width=4) (actual time=1226.922..1226.922 rows=62752 loops=1)
                    Buckets: 65536  Batches: 1  Memory Usage: 2719kB
                    ->  Seq Scan on title t  (cost=0.00..73925.90 rows=58499 width=4) (actual time=0.033..1200.953 rows=62752 loops=1)
                          Filter: ((kind_id = 7) AND (production_year = 2005))
                          Rows Removed by Filter: 2465560
Planning time: 1.257 ms
Execution time: 12007.434 ms
