Hash Join  (cost=115988.18..171408.65 rows=75495 width=0) (actual time=1890.502..3112.480 rows=15534 loops=1)
  Hash Cond: (mc.movie_id = t.id)
  ->  Seq Scan on movie_companies mc  (cost=0.00..44881.29 rows=2609129 width=4) (actual time=0.022..621.883 rows=2609129 loops=1)
  ->  Hash  (cost=115073.64..115073.64 rows=73163 width=8) (actual time=1888.163..1888.163 rows=7326 loops=1)
        Buckets: 131072  Batches: 1  Memory Usage: 1311kB
        ->  Hash Join  (cost=76125.53..115073.64 rows=73163 width=8) (actual time=1053.342..1884.870 rows=7326 loops=1)
              Hash Cond: (mi_idx.movie_id = t.id)
              ->  Seq Scan on movie_info_idx mi_idx  (cost=0.00..21735.35 rows=1380035 width=4) (actual time=0.011..452.772 rows=1380035 loops=1)
              ->  Hash  (cost=73925.90..73925.90 rows=134050 width=4) (actual time=1003.326..1003.326 rows=33653 loops=1)
                    Buckets: 131072  Batches: 2  Memory Usage: 1617kB
                    ->  Seq Scan on title t  (cost=0.00..73925.90 rows=134050 width=4) (actual time=0.048..989.790 rows=33653 loops=1)
                          Filter: ((production_year < 1958) AND (kind_id = 7))
                          Rows Removed by Filter: 2494659
Planning time: 1.190 ms
Execution time: 3114.867 ms
