Hash Join  (cost=114088.82..202035.48 rows=128862 width=0) (actual time=2528.493..5172.820 rows=688646 loops=1)
  Hash Cond: (mk.movie_id = t.id)
  ->  Seq Scan on movie_keyword mk  (cost=0.00..69693.30 rows=4523930 width=4) (actual time=0.542..1104.072 rows=4523930 loops=1)
  ->  Hash  (cost=113188.52..113188.52 rows=72024 width=8) (actual time=2527.081..2527.081 rows=91688 loops=1)
        Buckets: 131072 (originally 131072)  Batches: 2 (originally 1)  Memory Usage: 3073kB
        ->  Hash Join  (cost=80408.18..113188.52 rows=72024 width=8) (actual time=1746.158..2495.058 rows=91688 loops=1)
              Hash Cond: (mi_idx.movie_id = t.id)
              ->  Seq Scan on movie_info_idx mi_idx  (cost=0.00..25185.44 rows=460978 width=4) (actual time=0.024..471.104 rows=459925 loops=1)
                    Filter: (info_type_id < 100)
                    Rows Removed by Filter: 920110
              ->  Hash  (cost=73925.90..73925.90 rows=395062 width=4) (actual time=1745.360..1745.360 rows=335993 loops=1)
                    Buckets: 131072  Batches: 8  Memory Usage: 2492kB
                    ->  Seq Scan on title t  (cost=0.00..73925.90 rows=395062 width=4) (actual time=0.014..1219.909 rows=335993 loops=1)
                          Filter: ((kind_id < 7) AND (production_year > 2005))
                          Rows Removed by Filter: 2192319
Planning time: 1.284 ms
Execution time: 5251.803 ms
