Seq Scan on movie_companies mc  (cost=0.00..57926.93 rows=958505 width=0) (actual time=0.031..1131.153 rows=808087 loops=1)
  Filter: ((company_id > 868) AND (company_type_id < 2))
  Rows Removed by Filter: 1801042
Planning time: 0.368 ms
Execution time: 1231.700 ms
