Seq Scan on movie_companies mc  (cost=0.00..57926.93 rows=569618 width=0) (actual time=370.432..1008.850 rows=861574 loops=1)
  Filter: ((company_id > 13550) AND (company_type_id > 1))
  Rows Removed by Filter: 1747555
Planning time: 0.327 ms
Execution time: 1118.586 ms
