Seq Scan on movie_keyword mk  (cost=0.00..81003.12 rows=1019851 width=0) (actual time=0.033..1390.365 rows=1025732 loops=1)
  Filter: (keyword_id > 17457)
  Rows Removed by Filter: 3498198
Planning time: 0.405 ms
Execution time: 1521.140 ms
