Hash Join  (cost=75210.03..170933.56 rows=37571 width=0) (actual time=1206.490..3052.549 rows=11026 loops=1)
  Hash Cond: (mk.movie_id = t.id)
  ->  Seq Scan on movie_keyword mk  (cost=0.00..81003.12 rows=1214051 width=4) (actual time=0.025..1460.822 rows=1221463 loops=1)
        Filter: (keyword_id < 1537)
        Rows Removed by Filter: 3302467
  ->  Hash  (cost=73925.90..73925.90 rows=78250 width=4) (actual time=1185.657..1185.657 rows=85111 loops=1)
        Buckets: 131072  Batches: 2  Memory Usage: 2526kB
        ->  Seq Scan on title t  (cost=0.00..73925.90 rows=78250 width=4) (actual time=0.009..1148.272 rows=85111 loops=1)
              Filter: ((kind_id > 4) AND (production_year = 2009))
              Rows Removed by Filter: 2443201
Planning time: 0.762 ms
Execution time: 3054.236 ms
