Hash Join  (cost=107649.95..493483.49 rows=1291895 width=0) (actual time=5084.630..9228.563 rows=1353933 loops=1)
  Hash Cond: (mi.movie_id = t.id)
  ->  Seq Scan on movie_info mi  (cost=0.00..346232.03 rows=1338312 width=4) (actual time=2826.960..5525.496 rows=1401902 loops=1)
        Filter: (info_type_id = 7)
        Rows Removed by Filter: 13433818
  ->  Hash  (cost=67604.59..67604.59 rows=2440829 width=4) (actual time=2256.759..2256.759 rows=2439326 loops=1)
        Buckets: 131072  Batches: 32  Memory Usage: 3713kB
        ->  Seq Scan on title t  (cost=0.00..67604.59 rows=2440829 width=4) (actual time=0.037..1447.321 rows=2439326 loops=1)
              Filter: (production_year > 1906)
              Rows Removed by Filter: 88986
Planning time: 0.782 ms
Execution time: 9384.068 ms
