Hash Join  (cost=73950.44..423225.02 rows=629 width=0) (actual time=3509.618..6181.016 rows=2661 loops=1)
  Hash Cond: (mi.movie_id = t.id)
  ->  Seq Scan on movie_info mi  (cost=0.00..346232.03 rows=809669 width=4) (actual time=2282.984..4929.175 rows=802140 loops=1)
        Filter: (info_type_id = 1)
        Rows Removed by Filter: 14033580
  ->  Hash  (cost=73925.90..73925.90 rows=1963 width=4) (actual time=1119.139..1119.139 rows=3692 loops=1)
        Buckets: 4096 (originally 2048)  Batches: 1 (originally 1)  Memory Usage: 162kB
        ->  Seq Scan on title t  (cost=0.00..73925.90 rows=1963 width=4) (actual time=467.945..1117.318 rows=3692 loops=1)
              Filter: ((kind_id = 1) AND (production_year = 1964))
              Rows Removed by Filter: 2524620
Planning time: 0.859 ms
Execution time: 6181.584 ms
