Seq Scan on movie_companies mc  (cost=0.00..57926.93 rows=779091 width=0) (actual time=0.031..1039.728 rows=1074160 loops=1)
  Filter: ((company_id < 15592) AND (company_type_id < 2))
  Rows Removed by Filter: 1534969
Planning time: 0.402 ms
Execution time: 1173.614 ms
