Seq Scan on cast_info ci  (cost=0.00..705507.15 rows=29390535 width=0) (actual time=0.029..12676.962 rows=29328034 loops=1)
  Filter: (person_id < 2972628)
  Rows Removed by Filter: 6916310
Planning time: 0.423 ms
Execution time: 16293.407 ms
