Hash Join  (cost=664003.23..2467148.85 rows=52852138 width=0) (actual time=19668.727..135715.764 rows=317084368 loops=1)
  Hash Cond: (ci.movie_id = t.id)
  ->  Seq Scan on cast_info ci  (cost=0.00..614943.12 rows=36225612 width=4) (actual time=0.024..13447.068 rows=36244344 loops=1)
  ->  Hash  (cost=603479.12..603479.12 rows=3689049 width=8) (actual time=19664.858..19664.858 rows=7530793 loops=1)
        Buckets: 131072 (originally 131072)  Batches: 128 (originally 64)  Memory Usage: 3329kB
        ->  Hash Join  (cost=84309.71..603479.12 rows=3689049 width=8) (actual time=1714.222..17484.855 rows=7530793 loops=1)
              Hash Cond: (mi.movie_id = t.id)
              ->  Seq Scan on movie_info mi  (cost=0.00..309384.22 rows=14739122 width=4) (actual time=0.015..6406.094 rows=14835720 loops=1)
              ->  Hash  (cost=73925.90..73925.90 rows=632864 width=4) (actual time=1713.030..1713.030 rows=588795 loops=1)
                    Buckets: 131072  Batches: 16  Memory Usage: 2324kB
                    ->  Seq Scan on title t  (cost=0.00..73925.90 rows=632864 width=4) (actual time=176.989..1277.861 rows=588795 loops=1)
                          Filter: ((production_year > 1915) AND (kind_id = 1))
                          Rows Removed by Filter: 1939517
Planning time: 4.609 ms
Execution time: 171108.610 ms
