Seq Scan on movie_keyword mk  (cost=0.00..81003.12 rows=246 width=0) (actual time=45.191..1051.237 rows=41 loops=1)
  Filter: (keyword_id = 29127)
  Rows Removed by Filter: 4523889
Planning time: 0.250 ms
Execution time: 1051.336 ms
