Hash Join  (cost=76113.69..564213.36 rows=777274 width=0) (actual time=1172.724..14390.367 rows=2719538 loops=1)
  Hash Cond: (mi.movie_id = t.id)
  ->  Seq Scan on movie_info mi  (cost=0.00..309384.22 rows=14739122 width=4) (actual time=0.021..6146.242 rows=14835720 loops=1)
  ->  Hash  (cost=73925.90..73925.90 rows=133343 width=4) (actual time=1171.693..1171.693 rows=233692 loops=1)
        Buckets: 131072 (originally 131072)  Batches: 4 (originally 2)  Memory Usage: 3085kB
        ->  Seq Scan on title t  (cost=0.00..73925.90 rows=133343 width=4) (actual time=0.029..1081.360 rows=233692 loops=1)
              Filter: ((kind_id < 7) AND (production_year < 1968))
              Rows Removed by Filter: 2294620
Planning time: 0.768 ms
Execution time: 14712.541 ms
