Nested Loop  (cost=0.43..83072.29 rows=111 width=0) (actual time=122.800..1255.255 rows=5 loops=1)
  ->  Seq Scan on movie_keyword mk  (cost=0.00..81003.12 rows=246 width=4) (actual time=10.794..1254.782 rows=9 loops=1)
        Filter: (keyword_id = 37922)
        Rows Removed by Filter: 4523921
  ->  Index Scan using title_pkey on title t  (cost=0.43..8.40 rows=1 width=4) (actual time=0.045..0.046 rows=1 loops=9)
        Index Cond: (id = mk.movie_id)
        Filter: (production_year < 2002)
        Rows Removed by Filter: 0
Planning time: 0.767 ms
Execution time: 1255.371 ms
