Hash Join  (cost=200172.87..645536.97 rows=1361183 width=0) (actual time=4232.950..14984.064 rows=8364868 loops=1)
  Hash Cond: (mi.movie_id = t.id)
  ->  Seq Scan on movie_info mi  (cost=0.00..346232.03 rows=7235534 width=4) (actual time=0.023..5582.485 rows=7286865 loops=1)
        Filter: (info_type_id < 8)
        Rows Removed by Filter: 7548855
  ->  Hash  (cost=192367.89..192367.89 rows=475678 width=8) (actual time=4232.089..4232.089 rows=589950 loops=1)
        Buckets: 131072  Batches: 8  Memory Usage: 4019kB
        ->  Hash Join  (cost=91342.70..192367.89 rows=475678 width=8) (actual time=1798.804..4056.144 rows=589950 loops=1)
              Hash Cond: (mk.movie_id = t.id)
              ->  Seq Scan on movie_keyword mk  (cost=0.00..81003.12 rows=831277 width=4) (actual time=0.034..1410.782 rows=838599 loops=1)
                    Filter: (keyword_id > 21924)
                    Rows Removed by Filter: 3685331
              ->  Hash  (cost=67604.59..67604.59 rows=1446889 width=4) (actual time=1797.524..1797.524 rows=1443298 loops=1)
                    Buckets: 131072  Batches: 32  Memory Usage: 2616kB
                    ->  Seq Scan on title t  (cost=0.00..67604.59 rows=1446889 width=4) (actual time=0.016..1311.880 rows=1443298 loops=1)
                          Filter: (production_year < 2006)
                          Rows Removed by Filter: 1085014
Planning time: 1.216 ms
Execution time: 15857.557 ms
