Hash Join  (cost=257731.40..1312413.67 rows=8287227 width=0) (actual time=7585.387..36783.197 rows=30250268 loops=1)
  Hash Cond: (ci.movie_id = t.id)
  ->  Seq Scan on cast_info ci  (cost=0.00..796071.18 rows=13233365 width=4) (actual time=1878.836..17229.767 rows=14280793 loops=1)
        Filter: ((person_id > 634189) AND (role_id > 2))
        Rows Removed by Filter: 21963551
  ->  Hash  (cost=231752.18..231752.18 rows=1583458 width=8) (actual time=5704.933..5704.933 rows=1591002 loops=1)
        Buckets: 131072  Batches: 32  Memory Usage: 2948kB
        ->  Hash Join  (cost=102767.86..231752.18 rows=1583458 width=8) (actual time=1993.620..5250.131 rows=1591002 loops=1)
              Hash Cond: (mk.movie_id = t.id)
              ->  Seq Scan on movie_keyword mk  (cost=0.00..81003.12 rows=1583458 width=4) (actual time=0.029..1609.594 rows=1591002 loops=1)
                    Filter: (keyword_id < 2440)
                    Rows Removed by Filter: 2932928
              ->  Hash  (cost=61283.27..61283.27 rows=2528527 width=4) (actual time=1991.707..1991.707 rows=2528312 loops=1)
                    Buckets: 131072  Batches: 64  Memory Usage: 2425kB
                    ->  Seq Scan on title t  (cost=0.00..61283.27 rows=2528527 width=4) (actual time=0.021..1116.980 rows=2528312 loops=1)
Planning time: 1.270 ms
Execution time: 39743.857 ms
