Hash Join  (cost=534288.82..1501610.41 rows=6122182 width=0) (actual time=10873.231..36309.799 rows=10107574 loops=1)
  Hash Cond: (ci.movie_id = t.id)
  ->  Seq Scan on cast_info ci  (cost=0.00..796071.18 rows=7997320 width=4) (actual time=0.021..16012.865 rows=11132728 loops=1)
        Filter: ((person_id > 1811826) AND (role_id > 2))
        Rows Removed by Filter: 25111616
  ->  Hash  (cost=502531.06..502531.06 rows=1935661 width=8) (actual time=10871.765..10871.765 rows=2122070 loops=1)
        Buckets: 131072  Batches: 32  Memory Usage: 3595kB
        ->  Hash Join  (cost=89762.59..502531.06 rows=1935661 width=8) (actual time=1717.557..10241.861 rows=2122070 loops=1)
              Hash Cond: (mi.movie_id = t.id)
              ->  Seq Scan on movie_info mi  (cost=0.00..346232.03 rows=3623957 width=4) (actual time=0.022..5780.991 rows=3624977 loops=1)
                    Filter: (info_type_id < 4)
                    Rows Removed by Filter: 11210743
              ->  Hash  (cost=67604.59..67604.59 rows=1350560 width=4) (actual time=1715.838..1715.838 rows=1348293 loops=1)
                    Buckets: 131072  Batches: 32  Memory Usage: 2514kB
                    ->  Seq Scan on title t  (cost=0.00..67604.59 rows=1350560 width=4) (actual time=0.039..1249.053 rows=1348293 loops=1)
                          Filter: (production_year < 2005)
                          Rows Removed by Filter: 1180019
Planning time: 1.266 ms
Execution time: 37540.164 ms
