Hash Join  (cost=102767.86..195520.48 rows=1036781 width=0) (actual time=1974.773..4111.319 rows=914017 loops=1)
  Hash Cond: (mc.movie_id = t.id)
  ->  Seq Scan on movie_companies mc  (cost=0.00..57926.93 rows=1036781 width=4) (actual time=188.445..1159.524 rows=914017 loops=1)
        Filter: ((company_id > 428) AND (company_type_id = 1))
        Rows Removed by Filter: 1695112
  ->  Hash  (cost=61283.27..61283.27 rows=2528527 width=4) (actual time=1785.274..1785.274 rows=2528312 loops=1)
        Buckets: 131072  Batches: 64  Memory Usage: 2415kB
        ->  Seq Scan on title t  (cost=0.00..61283.27 rows=2528527 width=4) (actual time=0.024..976.655 rows=2528312 loops=1)
Planning time: 0.545 ms
Execution time: 4223.528 ms
