Hash Join  (cost=94973.51..1443464.73 rows=21633256 width=0) (actual time=2245.762..41634.716 rows=20942922 loops=1)
  Hash Cond: (ci.movie_id = t.id)
  ->  Seq Scan on cast_info ci  (cost=0.00..705507.15 rows=32790901 width=4) (actual time=0.016..16625.245 rows=32929902 loops=1)
        Filter: (person_id > 319200)
        Rows Removed by Filter: 3314442
  ->  Hash  (cost=67604.59..67604.59 rows=1668154 width=4) (actual time=2244.312..2244.312 rows=1674098 loops=1)
        Buckets: 131072  Batches: 32  Memory Usage: 2869kB
        ->  Seq Scan on title t  (cost=0.00..67604.59 rows=1668154 width=4) (actual time=0.014..1292.758 rows=1674098 loops=1)
              Filter: (kind_id > 3)
              Rows Removed by Filter: 854214
Planning time: 0.746 ms
Execution time: 44028.011 ms
