Hash Join  (cost=190014.69..681434.31 rows=1088367 width=0) (actual time=4380.898..16946.718 rows=3159431 loops=1)
  Hash Cond: (mi.movie_id = t.id)
  ->  Seq Scan on movie_info mi  (cost=0.00..309384.22 rows=14739122 width=4) (actual time=0.023..6110.884 rows=14835720 loops=1)
  ->  Hash  (cost=186950.79..186950.79 rows=186712 width=8) (actual time=4379.010..4379.010 rows=71520 loops=1)
        Buckets: 131072  Batches: 4  Memory Usage: 1679kB
        ->  Hash Join  (cost=70308.29..186950.79 rows=186712 width=8) (actual time=1313.252..4354.045 rows=71520 loops=1)
              Hash Cond: (mk.movie_id = t.id)
              ->  Seq Scan on movie_keyword mk  (cost=0.00..81003.12 rows=2865135 width=4) (actual time=0.027..1661.088 rows=2851788 loops=1)
                    Filter: (keyword_id > 2560)
                    Rows Removed by Filter: 1672142
              ->  Hash  (cost=67604.59..67604.59 rows=164776 width=4) (actual time=1311.095..1311.095 rows=164307 loops=1)
                    Buckets: 131072  Batches: 4  Memory Usage: 2488kB
                    ->  Seq Scan on title t  (cost=0.00..67604.59 rows=164776 width=4) (actual time=0.026..1250.160 rows=164307 loops=1)
                          Filter: (production_year = 2012)
                          Rows Removed by Filter: 2364005
Planning time: 1.230 ms
Execution time: 17337.412 ms
