Seq Scan on movie_keyword mk  (cost=0.00..81003.12 rows=1219752 width=0) (actual time=0.023..1463.146 rows=1228930 loops=1)
  Filter: (keyword_id > 14766)
  Rows Removed by Filter: 3295000
Planning time: 0.326 ms
Execution time: 1623.055 ms
