Seq Scan on movie_companies mc  (cost=0.00..51404.11 rows=104 width=0) (actual time=0.703..759.632 rows=441 loops=1)
  Filter: (company_id = 12432)
  Rows Removed by Filter: 2608688
Planning time: 0.371 ms
Execution time: 759.834 ms
