Seq Scan on movie_companies mc  (cost=0.00..51404.11 rows=104 width=0) (actual time=63.653..827.022 rows=10 loops=1)
  Filter: (company_id = 13428)
  Rows Removed by Filter: 2609119
Planning time: 0.389 ms
Execution time: 827.098 ms
