Hash Join  (cost=195711.91..558782.39 rows=252500 width=0) (actual time=7266.252..10139.114 rows=614166 loops=1)
  Hash Cond: (mi.movie_id = t.id)
  ->  Seq Scan on movie_info mi  (cost=0.00..346232.03 rows=1027854 width=4) (actual time=3498.537..5658.133 rows=1083166 loops=1)
        Filter: (info_type_id > 70)
        Rows Removed by Filter: 13752554
  ->  Hash  (cost=185520.51..185520.51 rows=621152 width=8) (actual time=3734.472..3734.472 rows=399296 loops=1)
        Buckets: 131072  Batches: 16  Memory Usage: 2001kB
        ->  Hash Join  (cost=102767.86..185520.51 rows=621152 width=8) (actual time=2040.850..3637.698 rows=399296 loops=1)
              Hash Cond: (mc.movie_id = t.id)
              ->  Seq Scan on movie_companies mc  (cost=0.00..57926.93 rows=621152 width=4) (actual time=118.701..1009.832 rows=399296 loops=1)
                    Filter: ((company_id < 11137) AND (company_type_id > 1))
                    Rows Removed by Filter: 2209833
              ->  Hash  (cost=61283.27..61283.27 rows=2528527 width=4) (actual time=1920.868..1920.868 rows=2528312 loops=1)
                    Buckets: 131072  Batches: 64  Memory Usage: 2415kB
                    ->  Seq Scan on title t  (cost=0.00..61283.27 rows=2528527 width=4) (actual time=0.018..1093.311 rows=2528312 loops=1)
Planning time: 1.125 ms
Execution time: 10214.759 ms
