Hash Join  (cost=468906.57..601753.45 rows=890084 width=0) (actual time=8655.724..11820.643 rows=311771 loops=1)
  Hash Cond: (mk.movie_id = t.id)
  ->  Seq Scan on movie_keyword mk  (cost=0.00..69693.30 rows=4523930 width=4) (actual time=0.015..1465.031 rows=4523930 loops=1)
  ->  Hash  (cost=460743.97..460743.97 rows=497488 width=8) (actual time=8528.271..8528.271 rows=169078 loops=1)
        Buckets: 131072  Batches: 8  Memory Usage: 1845kB
        ->  Hash Join  (cost=93093.72..460743.97 rows=497488 width=8) (actual time=2675.761..8477.280 rows=169078 loops=1)
              Hash Cond: (mi.movie_id = t.id)
              ->  Seq Scan on movie_info mi  (cost=0.00..346232.03 rows=809669 width=4) (actual time=705.847..5823.585 rows=802140 loops=1)
                    Filter: (info_type_id = 1)
                    Rows Removed by Filter: 14033580
              ->  Hash  (cost=67604.59..67604.59 rows=1553611 width=4) (actual time=1968.798..1968.798 rows=1555864 loops=1)
                    Buckets: 131072  Batches: 32  Memory Usage: 2740kB
                    ->  Seq Scan on title t  (cost=0.00..67604.59 rows=1553611 width=4) (actual time=0.028..1250.005 rows=1555864 loops=1)
                          Filter: (kind_id > 4)
                          Rows Removed by Filter: 972448
Planning time: 1.166 ms
Execution time: 11857.640 ms
