Seq Scan on movie_keyword mk  (cost=0.00..81003.12 rows=827581 width=0) (actual time=0.019..1452.419 rows=828582 loops=1)
  Filter: (keyword_id < 795)
  Rows Removed by Filter: 3695348
Planning time: 0.251 ms
Execution time: 1554.368 ms
