Seq Scan on movie_keyword mk  (cost=0.00..81003.12 rows=246 width=0) (actual time=0.039..1194.868 rows=3249 loops=1)
  Filter: (keyword_id = 1714)
  Rows Removed by Filter: 4520681
Planning time: 0.368 ms
Execution time: 1195.812 ms
