Hash Join  (cost=435094.54..1481828.35 rows=1258661 width=0) (actual time=6935.661..33938.145 rows=1119399 loops=1)
  Hash Cond: (ci.movie_id = t.id)
  ->  Seq Scan on cast_info ci  (cost=0.00..614943.12 rows=36225612 width=4) (actual time=0.021..13126.949 rows=36244344 loops=1)
  ->  Hash  (cost=433652.37..433652.37 rows=87854 width=8) (actual time=6934.894..6934.894 rows=61778 loops=1)
        Buckets: 131072  Batches: 2  Memory Usage: 2233kB
        ->  Hash Join  (cost=70308.29..433652.37 rows=87854 width=8) (actual time=3417.395..6911.497 rows=61778 loops=1)
              Hash Cond: (mi.movie_id = t.id)
              ->  Seq Scan on movie_info mi  (cost=0.00..346232.03 rows=1348138 width=4) (actual time=2279.340..5176.397 rows=1298989 loops=1)
                    Filter: (info_type_id = 4)
                    Rows Removed by Filter: 13536731
              ->  Hash  (cost=67604.59..67604.59 rows=164776 width=4) (actual time=1137.024..1137.024 rows=164307 loops=1)
                    Buckets: 131072  Batches: 4  Memory Usage: 2488kB
                    ->  Seq Scan on title t  (cost=0.00..67604.59 rows=164776 width=4) (actual time=0.022..1076.204 rows=164307 loops=1)
                          Filter: (production_year = 2012)
                          Rows Removed by Filter: 2364005
Planning time: 1.172 ms
Execution time: 34094.495 ms
