Hash Join  (cost=237112.27..1088601.57 rows=1730708 width=0) (actual time=6333.766..20541.937 rows=4170772 loops=1)
  Hash Cond: (ci.movie_id = t.id)
  ->  Seq Scan on cast_info ci  (cost=0.00..796071.18 rows=2424009 width=4) (actual time=974.478..12229.666 rows=2826661 loops=1)
        Filter: ((person_id < 339163) AND (role_id < 4))
        Rows Removed by Filter: 33417683
  ->  Hash  (cost=207492.62..207492.62 rows=1805332 width=8) (actual time=5358.429..5358.429 rows=1810713 loops=1)
        Buckets: 131072  Batches: 32  Memory Usage: 3219kB
        ->  Hash Join  (cost=102767.86..207492.62 rows=1805332 width=8) (actual time=1984.830..4876.562 rows=1810713 loops=1)
              Hash Cond: (mc.movie_id = t.id)
              ->  Seq Scan on movie_companies mc  (cost=0.00..51404.11 rows=1805332 width=4) (actual time=0.032..1067.719 rows=1810713 loops=1)
                    Filter: (company_id > 1736)
                    Rows Removed by Filter: 798416
              ->  Hash  (cost=61283.27..61283.27 rows=2528527 width=4) (actual time=1983.087..1983.087 rows=2528312 loops=1)
                    Buckets: 131072  Batches: 64  Memory Usage: 2415kB
                    ->  Seq Scan on title t  (cost=0.00..61283.27 rows=2528527 width=4) (actual time=0.007..1121.924 rows=2528312 loops=1)
Planning time: 1.459 ms
Execution time: 21043.119 ms
