Hash Join  (cost=102767.86..183400.89 rows=533052 width=0) (actual time=2255.393..4168.123 rows=741624 loops=1)
  Hash Cond: (mc.movie_id = t.id)
  ->  Seq Scan on movie_companies mc  (cost=0.00..57926.93 rows=533052 width=4) (actual time=0.023..1005.338 rows=741624 loops=1)
        Filter: ((company_id < 6926) AND (company_type_id < 2))
        Rows Removed by Filter: 1867505
  ->  Hash  (cost=61283.27..61283.27 rows=2528527 width=4) (actual time=2253.606..2253.606 rows=2528312 loops=1)
        Buckets: 131072  Batches: 64  Memory Usage: 2415kB
        ->  Seq Scan on title t  (cost=0.00..61283.27 rows=2528527 width=4) (actual time=0.022..1122.451 rows=2528312 loops=1)
Planning time: 0.754 ms
Execution time: 4247.546 ms
