Hash Join  (cost=709677.59..736590.01 rows=194 width=0) (actual time=11262.457..11780.792 rows=39 loops=1)
  Hash Cond: (mi_idx.movie_id = t.id)
  ->  Seq Scan on movie_info_idx mi_idx  (cost=0.00..21735.35 rows=1380035 width=4) (actual time=0.013..375.740 rows=1380035 loops=1)
  ->  Hash  (cost=709673.15..709673.15 rows=355 width=8) (actual time=11158.060..11158.060 rows=47 loops=1)
        Buckets: 1024  Batches: 1  Memory Usage: 10kB
        ->  Nested Loop  (cost=0.43..709673.15 rows=355 width=8) (actual time=2511.322..11158.028 rows=47 loops=1)
              ->  Seq Scan on cast_info ci  (cost=0.00..705507.15 rows=500 width=4) (actual time=2511.179..11157.039 rows=48 loops=1)
                    Filter: (person_id = 2618284)
                    Rows Removed by Filter: 36244296
              ->  Index Scan using title_pkey on title t  (cost=0.43..8.32 rows=1 width=4) (actual time=0.019..0.019 rows=1 loops=48)
                    Index Cond: (id = ci.movie_id)
                    Filter: (production_year < 2009)
                    Rows Removed by Filter: 0
Planning time: 1.644 ms
Execution time: 11783.940 ms
