Seq Scan on movie_companies mc  (cost=0.00..57926.93 rows=565957 width=0) (actual time=0.025..1045.240 rows=859043 loops=1)
  Filter: ((company_id > 13702) AND (company_type_id > 1))
  Rows Removed by Filter: 1750086
Planning time: 0.329 ms
Execution time: 1151.198 ms
