Seq Scan on movie_companies mc  (cost=0.00..51404.11 rows=1947655 width=0) (actual time=0.023..987.871 rows=1953832 loops=1)
  Filter: (company_id > 916)
  Rows Removed by Filter: 655297
Planning time: 0.306 ms
Execution time: 1225.429 ms
