Seq Scan on cast_info ci  (cost=0.00..796071.18 rows=17194046 width=0) (actual time=437.020..17301.228 rows=20122661 loops=1)
  Filter: ((person_id < 3147290) AND (role_id < 3))
  Rows Removed by Filter: 16121683
Planning time: 0.357 ms
Execution time: 19831.647 ms
