Nested Loop  (cost=0.43..83072.29 rows=84 width=0) (actual time=7.324..1318.092 rows=266 loops=1)
  ->  Seq Scan on movie_keyword mk  (cost=0.00..81003.12 rows=246 width=4) (actual time=7.288..1305.186 rows=296 loops=1)
        Filter: (keyword_id = 7905)
        Rows Removed by Filter: 4523634
  ->  Index Scan using title_pkey on title t  (cost=0.43..8.40 rows=1 width=4) (actual time=0.040..0.041 rows=1 loops=296)
        Index Cond: (id = mk.movie_id)
        Filter: (kind_id < 4)
        Rows Removed by Filter: 0
Planning time: 0.763 ms
Execution time: 1318.379 ms
