Hash Join  (cost=106840.27..271828.59 rows=3169934 width=0) (actual time=2630.425..6935.378 rows=3300083 loops=1)
  Hash Cond: (mk.movie_id = t.id)
  ->  Seq Scan on movie_keyword mk  (cost=0.00..81003.12 rows=3351570 width=4) (actual time=0.015..1816.080 rows=3349949 loops=1)
        Filter: (keyword_id > 1382)
        Rows Removed by Filter: 1173981
  ->  Hash  (cost=67604.59..67604.59 rows=2391495 width=4) (actual time=2628.833..2628.833 rows=2388876 loops=1)
        Buckets: 131072  Batches: 32  Memory Usage: 3656kB
        ->  Seq Scan on title t  (cost=0.00..67604.59 rows=2391495 width=4) (actual time=0.022..1472.167 rows=2388876 loops=1)
              Filter: (production_year < 2013)
              Rows Removed by Filter: 139436
Planning time: 0.787 ms
Execution time: 7261.127 ms
