Hash Join  (cost=197920.72..649791.11 rows=1933711 width=0) (actual time=4555.215..16425.272 rows=5367917 loops=1)
  Hash Cond: (mi.movie_id = t.id)
  ->  Seq Scan on movie_info mi  (cost=0.00..346232.03 rows=7235534 width=4) (actual time=283.824..6537.495 rows=7286865 loops=1)
        Filter: (info_type_id < 8)
        Rows Removed by Filter: 7548855
  ->  Hash  (cost=186833.80..186833.80 rows=675754 width=8) (actual time=4173.613..4173.613 rows=454368 loops=1)
        Buckets: 131072  Batches: 16  Memory Usage: 2168kB
        ->  Hash Join  (cost=102767.86..186833.80 rows=675754 width=8) (actual time=2594.115..4030.251 rows=454368 loops=1)
              Hash Cond: (mc.movie_id = t.id)
              ->  Seq Scan on movie_companies mc  (cost=0.00..57926.93 rows=675754 width=4) (actual time=231.607..866.840 rows=454368 loops=1)
                    Filter: ((company_id > 11137) AND (company_type_id = 1))
                    Rows Removed by Filter: 2154761
              ->  Hash  (cost=61283.27..61283.27 rows=2528527 width=4) (actual time=2361.497..2361.497 rows=2528312 loops=1)
                    Buckets: 131072  Batches: 64  Memory Usage: 2415kB
                    ->  Seq Scan on title t  (cost=0.00..61283.27 rows=2528527 width=4) (actual time=0.022..1055.402 rows=2528312 loops=1)
Planning time: 4.188 ms
Execution time: 17021.055 ms
