Hash Join  (cost=69687.24..868035.41 rows=7402 width=0) (actual time=14063.191..14425.899 rows=2709 loops=1)
  Hash Cond: (ci.movie_id = t.id)
  ->  Seq Scan on cast_info ci  (cost=0.00..796071.18 rows=147460 width=4) (actual time=12998.793..13326.054 rows=58650 loops=1)
        Filter: ((person_id < 1492579) AND (role_id > 10))
        Rows Removed by Filter: 36185694
  ->  Hash  (cost=67604.59..67604.59 rows=126932 width=4) (actual time=1062.876..1062.876 rows=122861 loops=1)
        Buckets: 131072  Batches: 2  Memory Usage: 3191kB
        ->  Seq Scan on title t  (cost=0.00..67604.59 rows=126932 width=4) (actual time=0.030..1017.170 rows=122861 loops=1)
              Filter: (production_year = 2008)
              Rows Removed by Filter: 2405451
Planning time: 0.793 ms
Execution time: 14426.567 ms
