Seq Scan on movie_keyword mk  (cost=0.00..81003.12 rows=246 width=12) (actual time=25.641..1512.561 rows=16 loops=1)
  Filter: (keyword_id = 15488)
  Rows Removed by Filter: 4523914
Planning time: 9.642 ms
Execution time: 1512.605 ms
