Seq Scan on cast_info ci  (cost=0.00..705507.15 rows=26735783 width=0) (actual time=0.019..12917.451 rows=26766283 loops=1)
  Filter: (person_id < 2758096)
  Rows Removed by Filter: 9478061
Planning time: 0.330 ms
Execution time: 16268.321 ms
