Hash Join  (cost=102767.86..219267.38 rows=1064640 width=0) (actual time=1891.629..4485.524 rows=1069398 loops=1)
  Hash Cond: (mk.movie_id = t.id)
  ->  Seq Scan on movie_keyword mk  (cost=0.00..81003.12 rows=1064640 width=4) (actual time=0.022..1426.641 rows=1069398 loops=1)
        Filter: (keyword_id < 1074)
        Rows Removed by Filter: 3454532
  ->  Hash  (cost=61283.27..61283.27 rows=2528527 width=4) (actual time=1890.705..1890.705 rows=2528312 loops=1)
        Buckets: 131072  Batches: 64  Memory Usage: 2425kB
        ->  Seq Scan on title t  (cost=0.00..61283.27 rows=2528527 width=4) (actual time=0.009..1034.582 rows=2528312 loops=1)
Planning time: 0.753 ms
Execution time: 4604.708 ms
