Hash Join  (cost=82257.13..451508.73 rows=311283 width=0) (actual time=5617.471..8024.582 rows=799950 loops=1)
  Hash Cond: (mi.movie_id = t.id)
  ->  Seq Scan on movie_info mi  (cost=0.00..346232.03 rows=1550064 width=4) (actual time=4023.970..5508.914 rows=1533909 loops=1)
        Filter: (info_type_id = 3)
        Rows Removed by Filter: 13301811
  ->  Hash  (cost=73925.90..73925.90 rows=507778 width=4) (actual time=1496.951..1496.951 rows=524129 loops=1)
        Buckets: 131072  Batches: 8  Memory Usage: 3348kB
        ->  Seq Scan on title t  (cost=0.00..73925.90 rows=507778 width=4) (actual time=6.787..1300.216 rows=524129 loops=1)
              Filter: ((production_year < 2010) AND (kind_id = 1))
              Rows Removed by Filter: 2004183
Planning time: 0.821 ms
Execution time: 8111.164 ms
