Hash Join  (cost=98024.21..1151307.95 rows=8409265 width=0) (actual time=1827.942..24685.589 rows=5478581 loops=1)
  Hash Cond: (ci.movie_id = t.id)
  ->  Seq Scan on cast_info ci  (cost=0.00..796071.18 rows=14476244 width=4) (actual time=7.151..15892.775 rows=9485211 loops=1)
        Filter: ((person_id < 2256845) AND (role_id > 1))
        Rows Removed by Filter: 26759133
  ->  Hash  (cost=73925.90..73925.90 rows=1468824 width=4) (actual time=1819.844..1819.844 rows=1451272 loops=1)
        Buckets: 131072  Batches: 32  Memory Usage: 2618kB
        ->  Seq Scan on title t  (cost=0.00..73925.90 rows=1468824 width=4) (actual time=0.021..1346.867 rows=1451272 loops=1)
              Filter: ((kind_id > 3) AND (production_year < 2012))
              Rows Removed by Filter: 1077040
Planning time: 0.861 ms
Execution time: 25262.710 ms
