Hash Join  (cost=83074.74..995909.11 rows=3029 width=0) (actual time=1421.567..24741.091 rows=94893 loops=1)
  Hash Cond: (ci.movie_id = t.id)
  ->  Seq Scan on cast_info ci  (cost=0.00..796071.18 rows=31128771 width=4) (actual time=0.017..18305.428 rows=31210704 loops=1)
        Filter: ((person_id > 46565) AND (role_id < 10))
        Rows Removed by Filter: 5033640
  ->  Hash  (cost=83071.67..83071.67 rows=246 width=8) (actual time=1420.007..1420.007 rows=2777 loops=1)
        Buckets: 4096 (originally 1024)  Batches: 1 (originally 1)  Memory Usage: 141kB
        ->  Nested Loop  (cost=0.43..83071.67 rows=246 width=8) (actual time=0.204..1418.068 rows=2777 loops=1)
              ->  Seq Scan on movie_keyword mk  (cost=0.00..81003.12 rows=246 width=4) (actual time=0.144..1259.931 rows=2777 loops=1)
                    Filter: (keyword_id = 55)
                    Rows Removed by Filter: 4521153
              ->  Index Only Scan using title_pkey on title t  (cost=0.43..8.40 rows=1 width=4) (actual time=0.055..0.056 rows=1 loops=2777)
                    Index Cond: (id = mk.movie_id)
                    Heap Fetches: 2777
Planning time: 1.264 ms
Execution time: 24760.242 ms
