Hash Join  (cost=217858.32..344936.42 rows=1277946 width=0) (actual time=4832.897..8993.939 rows=4529467 loops=1)
  Hash Cond: (mk.movie_id = t.id)
  ->  Seq Scan on movie_keyword mk  (cost=0.00..81003.12 rows=2430273 width=4) (actual time=0.024..1538.018 rows=2433027 loops=1)
        Filter: (keyword_id < 5768)
        Rows Removed by Filter: 2090903
  ->  Hash  (cost=196044.17..196044.17 rows=1329612 width=8) (actual time=4831.768..4831.768 rows=1334883 loops=1)
        Buckets: 131072  Batches: 32  Memory Usage: 2660kB
        ->  Hash Join  (cost=102767.86..196044.17 rows=1329612 width=8) (actual time=1901.433..4443.084 rows=1334883 loops=1)
              Hash Cond: (mc.movie_id = t.id)
              ->  Seq Scan on movie_companies mc  (cost=0.00..51404.11 rows=1329612 width=4) (actual time=0.009..984.672 rows=1334883 loops=1)
                    Filter: (company_type_id = 2)
                    Rows Removed by Filter: 1274246
              ->  Hash  (cost=61283.27..61283.27 rows=2528527 width=4) (actual time=1899.961..1899.961 rows=2528312 loops=1)
                    Buckets: 131072  Batches: 64  Memory Usage: 2415kB
                    ->  Seq Scan on title t  (cost=0.00..61283.27 rows=2528527 width=4) (actual time=0.011..1064.403 rows=2528312 loops=1)
Planning time: 1.570 ms
Execution time: 9498.213 ms
