Seq Scan on cast_info ci  (cost=0.00..705507.15 rows=23800456 width=0) (actual time=0.028..13039.919 rows=23895184 loops=1)
  Filter: (person_id > 1217027)
  Rows Removed by Filter: 12349160
Planning time: 5.510 ms
Execution time: 16046.971 ms
