Hash Join  (cost=102767.86..1554862.21 rows=30616443 width=0) (actual time=1918.187..44829.183 rows=30567228 loops=1)
  Hash Cond: (ci.movie_id = t.id)
  ->  Seq Scan on cast_info ci  (cost=0.00..705507.15 rows=30616443 width=4) (actual time=0.022..16041.316 rows=30567228 loops=1)
        Filter: (person_id < 3081747)
        Rows Removed by Filter: 5677116
  ->  Hash  (cost=61283.27..61283.27 rows=2528527 width=4) (actual time=1917.264..1917.264 rows=2528312 loops=1)
        Buckets: 131072  Batches: 64  Memory Usage: 2415kB
        ->  Seq Scan on title t  (cost=0.00..61283.27 rows=2528527 width=4) (actual time=0.023..1073.005 rows=2528312 loops=1)
Planning time: 0.753 ms
Execution time: 48362.276 ms
