Seq Scan on cast_info ci  (cost=0.00..705507.15 rows=15025581 width=0) (actual time=2284.495..12470.792 rows=15193749 loops=1)
  Filter: (person_id > 2124482)
  Rows Removed by Filter: 21050595
Planning time: 0.346 ms
Execution time: 14376.378 ms
