Seq Scan on movie_keyword mk  (cost=0.00..81003.12 rows=1446500 width=0) (actual time=0.020..1341.616 rows=1458264 loops=1)
  Filter: (keyword_id > 11409)
  Rows Removed by Filter: 3065666
Planning time: 0.349 ms
Execution time: 1518.425 ms
