Hash Join  (cost=102767.86..241360.65 rows=1982749 width=0) (actual time=1973.186..5419.259 rows=1982942 loops=1)
  Hash Cond: (mk.movie_id = t.id)
  ->  Seq Scan on movie_keyword mk  (cost=0.00..81003.12 rows=1982749 width=4) (actual time=0.025..1609.208 rows=1982942 loops=1)
        Filter: (keyword_id < 3506)
        Rows Removed by Filter: 2540988
  ->  Hash  (cost=61283.27..61283.27 rows=2528527 width=4) (actual time=1972.211..1972.211 rows=2528312 loops=1)
        Buckets: 131072  Batches: 64  Memory Usage: 2425kB
        ->  Seq Scan on title t  (cost=0.00..61283.27 rows=2528527 width=4) (actual time=0.026..1108.572 rows=2528312 loops=1)
Planning time: 1.084 ms
Execution time: 5646.325 ms
