Hash Join  (cost=102767.86..191775.42 rows=881146 width=0) (actual time=1860.894..4291.352 rows=1078882 loops=1)
  Hash Cond: (mc.movie_id = t.id)
  ->  Seq Scan on movie_companies mc  (cost=0.00..57926.93 rows=881146 width=4) (actual time=0.029..1126.754 rows=1078882 loops=1)
        Filter: ((company_id > 2561) AND (company_type_id > 1))
        Rows Removed by Filter: 1530247
  ->  Hash  (cost=61283.27..61283.27 rows=2528527 width=4) (actual time=1859.771..1859.771 rows=2528312 loops=1)
        Buckets: 131072  Batches: 64  Memory Usage: 2415kB
        ->  Seq Scan on title t  (cost=0.00..61283.27 rows=2528527 width=4) (actual time=0.011..1011.565 rows=2528312 loops=1)
Planning time: 0.775 ms
Execution time: 4419.370 ms
