Seq Scan on cast_info ci  (cost=0.00..705507.15 rows=7727510 width=0) (actual time=4505.126..11826.839 rows=7746581 loops=1)
  Filter: (person_id > 2902752)
  Rows Removed by Filter: 28497763
Planning time: 0.523 ms
Execution time: 12808.887 ms
