Hash Join  (cost=102767.86..278715.74 rows=3535185 width=0) (actual time=2205.060..7079.632 rows=3526835 loops=1)
  Hash Cond: (mk.movie_id = t.id)
  ->  Seq Scan on movie_keyword mk  (cost=0.00..81003.12 rows=3535185 width=4) (actual time=0.020..1777.206 rows=3526835 loops=1)
        Filter: (keyword_id > 944)
        Rows Removed by Filter: 997095
  ->  Hash  (cost=61283.27..61283.27 rows=2528527 width=4) (actual time=2203.299..2203.299 rows=2528312 loops=1)
        Buckets: 131072  Batches: 64  Memory Usage: 2425kB
        ->  Seq Scan on title t  (cost=0.00..61283.27 rows=2528527 width=4) (actual time=0.018..1034.476 rows=2528312 loops=1)
Planning time: 0.768 ms
Execution time: 7510.619 ms
