Seq Scan on movie_keyword mk  (cost=0.00..81003.12 rows=274133 width=0) (actual time=0.026..652.623 rows=293882 loops=1)
  Filter: (keyword_id < 239)
  Rows Removed by Filter: 4230048
Planning time: 0.341 ms
Execution time: 676.135 ms
