Hash Join  (cost=69694.50..146556.15 rows=131413 width=0) (actual time=1062.107..2878.553 rows=115325 loops=1)
  Hash Cond: (mc.movie_id = t.id)
  ->  Seq Scan on movie_companies mc  (cost=0.00..44881.29 rows=2609129 width=4) (actual time=0.017..769.642 rows=2609129 loops=1)
  ->  Hash  (cost=67604.59..67604.59 rows=127353 width=4) (actual time=1061.295..1061.295 rows=128696 loops=1)
        Buckets: 131072  Batches: 2  Memory Usage: 3284kB
        ->  Seq Scan on title t  (cost=0.00..67604.59 rows=127353 width=4) (actual time=0.030..1012.305 rows=128696 loops=1)
              Filter: (production_year = 2009)
              Rows Removed by Filter: 2399616
Planning time: 1.110 ms
Execution time: 2895.838 ms
