Seq Scan on cast_info ci  (cost=0.00..705507.15 rows=500 width=0) (actual time=1571.752..10769.326 rows=101 loops=1)
  Filter: (person_id = 1208027)
  Rows Removed by Filter: 36244243
Planning time: 0.368 ms
Execution time: 10769.435 ms
