Seq Scan on movie_companies mc  (cost=0.00..57926.93 rows=1220438 width=0) (actual time=338.601..1206.102 rows=1274246 loops=1)
  Filter: ((company_id < 146272) AND (company_type_id = 1))
  Rows Removed by Filter: 1334883
Planning time: 0.415 ms
Execution time: 1365.427 ms
