Hash Join  (cost=187810.04..324029.60 rows=1166952 width=0) (actual time=4504.306..9859.521 rows=7312353 loops=1)
  Hash Cond: (mk.movie_id = t.id)
  ->  Seq Scan on movie_keyword mk  (cost=0.00..69693.30 rows=4523930 width=4) (actual time=0.016..1494.753 rows=4523930 loops=1)
  ->  Hash  (cost=177109.09..177109.09 rows=652236 width=8) (actual time=4503.148..4503.148 rows=585833 loops=1)
        Buckets: 131072  Batches: 16  Memory Usage: 2464kB
        ->  Hash Join  (cost=100836.57..177109.09 rows=652236 width=8) (actual time=2382.219..4323.617 rows=585833 loops=1)
              Hash Cond: (mc.movie_id = t.id)
              ->  Seq Scan on movie_companies mc  (cost=0.00..51404.11 rows=814209 width=4) (actual time=0.025..950.553 rows=806015 loops=1)
                    Filter: (company_id < 1828)
                    Rows Removed by Filter: 1803114
              ->  Hash  (cost=67604.59..67604.59 rows=2025519 width=4) (actual time=2381.305..2381.305 rows=2018703 loops=1)
                    Buckets: 131072  Batches: 32  Memory Usage: 3247kB
                    ->  Seq Scan on title t  (cost=0.00..67604.59 rows=2025519 width=4) (actual time=0.016..1462.054 rows=2018703 loops=1)
                          Filter: (production_year > 1974)
                          Rows Removed by Filter: 509609
Planning time: 1.165 ms
Execution time: 10700.542 ms
