Seq Scan on cast_info ci  (cost=0.00..705507.15 rows=500 width=0) (actual time=376.118..11133.971 rows=547 loops=1)
  Filter: (person_id = 994060)
  Rows Removed by Filter: 36243797
Planning time: 0.407 ms
Execution time: 11134.177 ms
