Seq Scan on movie_keyword mk  (cost=0.00..81003.12 rows=246 width=0) (actual time=3.256..1266.828 rows=88 loops=1)
  Filter: (keyword_id = 16964)
  Rows Removed by Filter: 4523842
Planning time: 0.392 ms
Execution time: 1266.976 ms
