Hash Join  (cost=145399.99..274788.59 rows=606256 width=0) (actual time=3002.116..6909.019 rows=2235384 loops=1)
  Hash Cond: (mk.movie_id = t.id)
  ->  Seq Scan on movie_keyword mk  (cost=0.00..69693.30 rows=4523930 width=4) (actual time=0.021..1441.874 rows=4523930 loops=1)
  ->  Hash  (cost=139840.36..139840.36 rows=338850 width=8) (actual time=3001.422..3001.422 rows=329797 loops=1)
        Buckets: 131072  Batches: 8  Memory Usage: 2645kB
        ->  Hash Join  (cost=98098.54..139840.36 rows=338850 width=8) (actual time=1796.628..2908.945 rows=329797 loops=1)
              Hash Cond: (mi_idx.movie_id = t.id)
              ->  Seq Scan on movie_info_idx mi_idx  (cost=0.00..25185.44 rows=460978 width=4) (actual time=0.026..483.814 rows=459925 loops=1)
                    Filter: (info_type_id < 100)
                    Rows Removed by Filter: 920110
              ->  Hash  (cost=67604.59..67604.59 rows=1858636 width=4) (actual time=1794.858..1794.858 rows=1852807 loops=1)
                    Buckets: 131072  Batches: 32  Memory Usage: 3067kB
                    ->  Seq Scan on title t  (cost=0.00..67604.59 rows=1858636 width=4) (actual time=0.027..1217.164 rows=1852807 loops=1)
                          Filter: (production_year > 1985)
                          Rows Removed by Filter: 675505
Planning time: 1.129 ms
Execution time: 7193.843 ms
