Seq Scan on movie_info mi  (cost=0.00..346232.03 rows=13899289 width=0) (actual time=0.011..6357.201 rows=13940177 loops=1)
  Filter: (info_type_id < 96)
  Rows Removed by Filter: 895543
Planning time: 0.262 ms
Execution time: 8072.194 ms
