Hash Join  (cost=102767.86..1132260.20 rows=9290041 width=0) (actual time=7917.560..26255.640 rows=10397734 loops=1)
  Hash Cond: (ci.movie_id = t.id)
  ->  Seq Scan on cast_info ci  (cost=0.00..796071.18 rows=9290041 width=4) (actual time=5831.479..15053.067 rows=10397734 loops=1)
        Filter: ((person_id > 837946) AND (role_id > 3))
        Rows Removed by Filter: 25846610
  ->  Hash  (cost=61283.27..61283.27 rows=2528527 width=4) (actual time=2084.033..2084.033 rows=2528312 loops=1)
        Buckets: 131072  Batches: 64  Memory Usage: 2415kB
        ->  Seq Scan on title t  (cost=0.00..61283.27 rows=2528527 width=4) (actual time=0.017..1249.259 rows=2528312 loops=1)
Planning time: 0.780 ms
Execution time: 27424.999 ms
