Seq Scan on cast_info ci  (cost=0.00..705507.15 rows=16918483 width=0) (actual time=794.508..12542.472 rows=17036518 loops=1)
  Filter: (person_id > 1919656)
  Rows Removed by Filter: 19207826
Planning time: 0.327 ms
Execution time: 14675.542 ms
