Seq Scan on cast_info ci  (cost=0.00..796071.18 rows=5734452 width=0) (actual time=0.021..13578.253 rows=3544606 loops=1)
  Filter: ((person_id < 1261549) AND (role_id > 2))
  Rows Removed by Filter: 32699738
Planning time: 0.267 ms
Execution time: 14027.199 ms
