Hash Join  (cost=92883.59..172983.48 rows=520617 width=0) (actual time=1892.817..3573.392 rows=261035 loops=1)
  Hash Cond: (mc.movie_id = t.id)
  ->  Seq Scan on movie_companies mc  (cost=0.00..57926.93 rows=854358 width=4) (actual time=331.545..1119.412 rows=1061660 loops=1)
        Filter: ((company_id > 3349) AND (company_type_id > 1))
        Rows Removed by Filter: 1547469
  ->  Hash  (cost=67604.59..67604.59 rows=1540800 width=4) (actual time=1560.025..1560.025 rows=1543264 loops=1)
        Buckets: 131072  Batches: 32  Memory Usage: 2722kB
        ->  Seq Scan on title t  (cost=0.00..67604.59 rows=1540800 width=4) (actual time=76.695..1084.825 rows=1543264 loops=1)
              Filter: (kind_id = 7)
              Rows Removed by Filter: 985048
Planning time: 0.803 ms
Execution time: 3601.995 ms
