Seq Scan on movie_companies mc  (cost=0.00..57926.93 rows=66831 width=0) (actual time=248.802..833.190 rows=23541 loops=1)
  Filter: ((company_id < 27) AND (company_type_id = 2))
  Rows Removed by Filter: 2585588
Planning time: 0.407 ms
Execution time: 836.657 ms
