Seq Scan on movie_keyword mk  (cost=0.00..81003.12 rows=4387379 width=0) (actual time=0.024..1655.916 rows=4390689 loops=1)
  Filter: (keyword_id < 75872)
  Rows Removed by Filter: 133241
Planning time: 0.331 ms
Execution time: 2198.883 ms
