Hash Join  (cost=73987.23..825479.27 rows=70287 width=0) (actual time=1219.643..19324.989 rows=190910 loops=1)
  Hash Cond: (ci.movie_id = t.id)
  ->  Seq Scan on cast_info ci  (cost=0.00..614943.12 rows=36225612 width=4) (actual time=0.017..9137.102 rows=36244344 loops=1)
  ->  Hash  (cost=73925.90..73925.90 rows=4906 width=4) (actual time=1218.845..1218.845 rows=13185 loops=1)
        Buckets: 16384 (originally 8192)  Batches: 1 (originally 1)  Memory Usage: 592kB
        ->  Seq Scan on title t  (cost=0.00..73925.90 rows=4906 width=4) (actual time=0.057..1212.402 rows=13185 loops=1)
              Filter: ((kind_id > 3) AND (production_year = 1987))
              Rows Removed by Filter: 2515127
Planning time: 0.831 ms
Execution time: 19355.648 ms
