Hash Join  (cost=798388.90..853057.27 rows=285 width=0) (actual time=14467.456..15118.988 rows=3 loops=1)
  Hash Cond: (mc.movie_id = t.id)
  ->  Seq Scan on movie_companies mc  (cost=0.00..44881.29 rows=2609129 width=4) (actual time=0.025..650.786 rows=2609129 loops=1)
  ->  Hash  (cost=798385.45..798385.45 rows=276 width=8) (actual time=13972.401..13972.401 rows=1 loops=1)
        Buckets: 1024  Batches: 1  Memory Usage: 9kB
        ->  Nested Loop  (cost=0.43..798385.45 rows=276 width=8) (actual time=8749.619..13972.388 rows=1 loops=1)
              ->  Seq Scan on cast_info ci  (cost=0.00..796071.18 rows=276 width=4) (actual time=8749.500..13972.265 rows=1 loops=1)
                    Filter: ((role_id < 3) AND (person_id = 2055099))
                    Rows Removed by Filter: 36244343
              ->  Index Only Scan using title_pkey on title t  (cost=0.43..8.38 rows=1 width=4) (actual time=0.079..0.080 rows=1 loops=1)
                    Index Cond: (id = ci.movie_id)
                    Heap Fetches: 1
Planning time: 3.890 ms
Execution time: 15119.093 ms
