Seq Scan on movie_keyword mk  (cost=0.00..81003.12 rows=2641396 width=0) (actual time=0.029..1422.380 rows=2626515 loops=1)
  Filter: (keyword_id > 3244)
  Rows Removed by Filter: 1897415
Planning time: 0.342 ms
Execution time: 1732.781 ms
