Hash Join  (cost=236097.02..1424262.45 rows=15026427 width=0) (actual time=5050.882..47253.831 rows=44727066 loops=1)
  Hash Cond: (ci.movie_id = t.id)
  ->  Seq Scan on cast_info ci  (cost=0.00..614943.12 rows=36225612 width=4) (actual time=0.018..13461.908 rows=36244344 loops=1)
  ->  Hash  (cost=218888.57..218888.57 rows=1048836 width=8) (actual time=5049.815..5049.815 rows=1053393 loops=1)
        Buckets: 131072  Batches: 16  Memory Usage: 3624kB
        ->  Hash Join  (cost=102767.86..218888.57 rows=1048836 width=8) (actual time=1979.120..4759.515 rows=1053393 loops=1)
              Hash Cond: (mk.movie_id = t.id)
              ->  Seq Scan on movie_keyword mk  (cost=0.00..81003.12 rows=1048836 width=4) (actual time=0.019..1519.556 rows=1053393 loops=1)
                    Filter: (keyword_id < 1049)
                    Rows Removed by Filter: 3470537
              ->  Hash  (cost=61283.27..61283.27 rows=2528527 width=4) (actual time=1976.717..1976.717 rows=2528312 loops=1)
                    Buckets: 131072  Batches: 64  Memory Usage: 2425kB
                    ->  Seq Scan on title t  (cost=0.00..61283.27 rows=2528527 width=4) (actual time=0.023..1143.756 rows=2528312 loops=1)
Planning time: 8.264 ms
Execution time: 51841.791 ms
