Seq Scan on movie_keyword mk  (cost=0.00..81003.12 rows=1695065 width=0) (actual time=0.007..1427.959 rows=1707073 loops=1)
  Filter: (keyword_id > 8427)
  Rows Removed by Filter: 2816857
Planning time: 0.295 ms
Execution time: 1644.210 ms
