Hash Join  (cost=102767.86..184866.50 rows=593951 width=0) (actual time=2028.449..3725.107 rows=334930 loops=1)
  Hash Cond: (mc.movie_id = t.id)
  ->  Seq Scan on movie_companies mc  (cost=0.00..57926.93 rows=593951 width=4) (actual time=0.026..1008.566 rows=334930 loops=1)
        Filter: ((company_id > 12006) AND (company_type_id < 2))
        Rows Removed by Filter: 2274199
  ->  Hash  (cost=61283.27..61283.27 rows=2528527 width=4) (actual time=2026.012..2026.012 rows=2528312 loops=1)
        Buckets: 131072  Batches: 64  Memory Usage: 2415kB
        ->  Seq Scan on title t  (cost=0.00..61283.27 rows=2528527 width=4) (actual time=0.021..1176.384 rows=2528312 loops=1)
Planning time: 0.793 ms
Execution time: 3766.113 ms
