Hash Join  (cost=895425.31..1482613.81 rows=6610477 width=0) (actual time=19209.055..34465.764 rows=7408094 loops=1)
  Hash Cond: (mi.movie_id = t.id)
  ->  Seq Scan on movie_info mi  (cost=0.00..309384.22 rows=14739122 width=4) (actual time=0.014..5981.616 rows=14835720 loops=1)
  ->  Hash  (cost=876819.80..876819.80 rows=1134041 width=8) (actual time=19207.875..19207.875 rows=1127791 loops=1)
        Buckets: 131072  Batches: 16  Memory Usage: 3807kB
        ->  Hash Join  (cost=74050.79..876819.80 rows=1134041 width=8) (actual time=4993.397..18871.189 rows=1127791 loops=1)
              Hash Cond: (ci.movie_id = t.id)
              ->  Seq Scan on cast_info ci  (cost=0.00..705507.15 rows=7298253 width=4) (actual time=3633.410..13821.045 rows=7451973 loops=1)
                    Filter: (role_id = 2)
                    Rows Removed by Filter: 28792371
              ->  Hash  (cost=67604.59..67604.59 rows=392896 width=4) (actual time=1358.868..1358.868 rows=391666 loops=1)
                    Buckets: 131072  Batches: 8  Memory Usage: 2753kB
                    ->  Seq Scan on title t  (cost=0.00..67604.59 rows=392896 width=4) (actual time=0.049..1227.888 rows=391666 loops=1)
                          Filter: (production_year > 2010)
                          Rows Removed by Filter: 2136646
Planning time: 1.080 ms
Execution time: 35233.970 ms
