Seq Scan on movie_keyword mk  (cost=0.00..81003.12 rows=1040289 width=0) (actual time=0.033..1427.420 rows=1050117 loops=1)
  Filter: (keyword_id > 16879)
  Rows Removed by Filter: 3473813
Planning time: 0.320 ms
Execution time: 1561.209 ms
