Hash Join  (cost=52284.34..79194.87 rows=5 width=0) (actual time=878.495..1437.812 rows=138 loops=1)
  Hash Cond: (mi_idx.movie_id = t.id)
  ->  Seq Scan on movie_info_idx mi_idx  (cost=0.00..21735.35 rows=1380035 width=4) (actual time=0.021..296.089 rows=1380035 loops=1)
  ->  Hash  (cost=52284.21..52284.21 rows=10 width=8) (actual time=872.818..872.818 rows=49 loops=1)
        Buckets: 1024  Batches: 1  Memory Usage: 10kB
        ->  Nested Loop  (cost=0.43..52284.21 rows=10 width=8) (actual time=345.319..872.752 rows=49 loops=1)
              ->  Seq Scan on movie_companies mc  (cost=0.00..51404.11 rows=104 width=4) (actual time=345.244..845.393 rows=994 loops=1)
                    Filter: (company_id = 65419)
                    Rows Removed by Filter: 2608135
              ->  Index Scan using title_pkey on title t  (cost=0.43..8.45 rows=1 width=4) (actual time=0.027..0.027 rows=0 loops=994)
                    Index Cond: (id = mc.movie_id)
                    Filter: ((kind_id < 7) AND (production_year < 1986))
                    Rows Removed by Filter: 1
Planning time: 1.190 ms
Execution time: 1438.004 ms
