Hash Join  (cost=75676.34..535893.45 rows=399792 width=0) (actual time=2379.469..12761.241 rows=1923335 loops=1)
  Hash Cond: (mi.movie_id = t.id)
  ->  Seq Scan on movie_info mi  (cost=0.00..346232.03 rows=9476311 width=4) (actual time=929.212..6763.799 rows=9565151 loops=1)
        Filter: (info_type_id < 16)
        Rows Removed by Filter: 5270569
  ->  Hash  (cost=73925.90..73925.90 rows=106675 width=4) (actual time=1445.709..1445.709 rows=207824 loops=1)
        Buckets: 131072 (originally 131072)  Batches: 4 (originally 2)  Memory Usage: 3073kB
        ->  Seq Scan on title t  (cost=0.00..73925.90 rows=106675 width=4) (actual time=0.029..1359.859 rows=207824 loops=1)
              Filter: ((kind_id < 7) AND (production_year < 1963))
              Rows Removed by Filter: 2320488
Planning time: 0.798 ms
Execution time: 12992.233 ms
