Hash Join  (cost=74144.15..101149.93 rows=9529 width=0) (actual time=1028.253..1632.159 rows=16833 loops=1)
  Hash Cond: (mi_idx.movie_id = t.id)
  ->  Seq Scan on movie_info_idx mi_idx  (cost=0.00..21735.35 rows=1380035 width=4) (actual time=0.025..305.320 rows=1380035 loops=1)
  ->  Hash  (cost=73925.90..73925.90 rows=17460 width=4) (actual time=1027.473..1027.473 rows=11362 loops=1)
        Buckets: 32768  Batches: 1  Memory Usage: 656kB
        ->  Seq Scan on title t  (cost=0.00..73925.90 rows=17460 width=4) (actual time=0.033..1022.250 rows=11362 loops=1)
              Filter: ((kind_id < 3) AND (production_year = 2001))
              Rows Removed by Filter: 2516950
Planning time: 0.849 ms
Execution time: 1634.868 ms
