Hash Join  (cost=86372.90..224912.20 rows=1357326 width=0) (actual time=1568.177..5665.908 rows=2667057 loops=1)
  Hash Cond: (mk.movie_id = t.id)
  ->  Seq Scan on movie_keyword mk  (cost=0.00..69693.30 rows=4523930 width=4) (actual time=0.019..1390.271 rows=4523930 loops=1)
  ->  Hash  (cost=73925.90..73925.90 rows=758640 width=4) (actual time=1567.315..1567.315 rows=663849 loops=1)
        Buckets: 131072  Batches: 16  Memory Usage: 2491kB
        ->  Seq Scan on title t  (cost=0.00..73925.90 rows=758640 width=4) (actual time=0.015..1340.885 rows=663849 loops=1)
              Filter: ((kind_id < 7) AND (production_year > 1980))
              Rows Removed by Filter: 1864463
Planning time: 0.759 ms
Execution time: 5989.946 ms
