Hash Join  (cost=709676.99..1074350.81 rows=1790 width=0) (actual time=11697.875..18483.971 rows=26 loops=1)
  Hash Cond: (mi.movie_id = t.id)
  ->  Seq Scan on movie_info mi  (cost=0.00..309384.22 rows=14739122 width=4) (actual time=0.018..4499.754 rows=14835720 loops=1)
  ->  Hash  (cost=709673.15..709673.15 rows=307 width=8) (actual time=11298.341..11298.341 rows=1 loops=1)
        Buckets: 1024  Batches: 1  Memory Usage: 9kB
        ->  Nested Loop  (cost=0.43..709673.15 rows=307 width=8) (actual time=7826.499..11298.304 rows=1 loops=1)
              ->  Seq Scan on cast_info ci  (cost=0.00..705507.15 rows=500 width=4) (actual time=7826.412..11298.188 rows=2 loops=1)
                    Filter: (person_id = 758968)
                    Rows Removed by Filter: 36244342
              ->  Index Scan using title_pkey on title t  (cost=0.43..8.32 rows=1 width=4) (actual time=0.044..0.045 rows=0 loops=2)
                    Index Cond: (id = ci.movie_id)
                    Filter: (production_year < 2007)
                    Rows Removed by Filter: 0
Planning time: 1.252 ms
Execution time: 18484.127 ms
