Seq Scan on cast_info ci  (cost=0.00..705507.15 rows=18997611 width=0) (actual time=0.022..12565.053 rows=18900255 loops=1)
  Filter: (person_id < 1883416)
  Rows Removed by Filter: 17344089
Planning time: 0.344 ms
Execution time: 14879.770 ms
