Hash Join  (cost=102767.86..196098.31 rows=101743 width=0) (actual time=2170.729..3996.822 rows=111546 loops=1)
  Hash Cond: (mk.movie_id = t.id)
  ->  Seq Scan on movie_keyword mk  (cost=0.00..81003.12 rows=101743 width=4) (actual time=0.026..1394.325 rows=111546 loops=1)
        Filter: (keyword_id < 110)
        Rows Removed by Filter: 4412384
  ->  Hash  (cost=61283.27..61283.27 rows=2528527 width=4) (actual time=2167.541..2167.541 rows=2528312 loops=1)
        Buckets: 131072  Batches: 64  Memory Usage: 2425kB
        ->  Seq Scan on title t  (cost=0.00..61283.27 rows=2528527 width=4) (actual time=0.014..1284.076 rows=2528312 loops=1)
Planning time: 0.768 ms
Execution time: 4009.666 ms
