Hash Join  (cost=83113.43..1199329.03 rows=8022444 width=0) (actual time=1393.393..34235.619 rows=7797091 loops=1)
  Hash Cond: (ci.movie_id = t.id)
  ->  Seq Scan on cast_info ci  (cost=0.00..614943.12 rows=36225612 width=4) (actual time=0.013..13756.569 rows=36244344 loops=1)
  ->  Hash  (cost=73925.90..73925.90 rows=559962 width=4) (actual time=1392.448..1392.448 rows=477167 loops=1)
        Buckets: 131072  Batches: 8  Memory Usage: 3118kB
        ->  Seq Scan on title t  (cost=0.00..73925.90 rows=559962 width=4) (actual time=0.035..1242.438 rows=477167 loops=1)
              Filter: ((kind_id < 7) AND (production_year > 1999))
              Rows Removed by Filter: 2051145
Planning time: 0.808 ms
Execution time: 35083.678 ms
