Seq Scan on cast_info ci  (cost=0.00..796071.18 rows=4098722 width=0) (actual time=11033.380..15269.480 rows=5143350 loops=1)
  Filter: ((person_id > 1035965) AND (role_id > 8))
  Rows Removed by Filter: 31100994
Planning time: 0.318 ms
Execution time: 15895.892 ms
