Nested Loop  (cost=0.43..709673.15 rows=305 width=0) (actual time=7362.453..10567.705 rows=20 loops=1)
  ->  Seq Scan on cast_info ci  (cost=0.00..705507.15 rows=500 width=4) (actual time=2847.432..10565.796 rows=29 loops=1)
        Filter: (person_id = 619059)
        Rows Removed by Filter: 36244315
  ->  Index Scan using title_pkey on title t  (cost=0.43..8.32 rows=1 width=4) (actual time=0.058..0.058 rows=1 loops=29)
        Index Cond: (id = ci.movie_id)
        Filter: (kind_id = 7)
        Rows Removed by Filter: 0
Planning time: 0.821 ms
Execution time: 10567.831 ms
