Seq Scan on movie_keyword mk  (cost=0.00..81003.12 rows=2662868 width=0) (actual time=0.026..1426.477 rows=2657025 loops=1)
  Filter: (keyword_id < 7379)
  Rows Removed by Filter: 1866905
Planning time: 0.334 ms
Execution time: 1748.621 ms
