Hash Join  (cost=80086.07..438352.12 rows=120240 width=0) (actual time=1512.356..7463.346 rows=270042 loops=1)
  Hash Cond: (mi.movie_id = t.id)
  ->  Seq Scan on movie_info mi  (cost=0.00..346232.03 rows=809768 width=4) (actual time=214.709..5592.453 rows=802140 loops=1)
        Filter: (info_type_id < 2)
        Rows Removed by Filter: 14033580
  ->  Hash  (cost=73925.90..73925.90 rows=375453 width=4) (actual time=1296.594..1296.594 rows=478525 loops=1)
        Buckets: 131072  Batches: 8  Memory Usage: 3145kB
        ->  Seq Scan on title t  (cost=0.00..73925.90 rows=375453 width=4) (actual time=0.034..1128.072 rows=478525 loops=1)
              Filter: ((kind_id < 6) AND (production_year < 1999))
              Rows Removed by Filter: 2049787
Planning time: 1.261 ms
Execution time: 7497.987 ms
