Hash Join  (cost=81253.89..162657.19 rows=460877 width=0) (actual time=1379.238..3467.674 rows=338944 loops=1)
  Hash Cond: (mc.movie_id = t.id)
  ->  Seq Scan on movie_companies mc  (cost=0.00..44881.29 rows=2609129 width=4) (actual time=0.026..906.573 rows=2609129 loops=1)
  ->  Hash  (cost=73925.90..73925.90 rows=446639 width=4) (actual time=1378.009..1378.009 rows=306970 loops=1)
        Buckets: 131072  Batches: 8  Memory Usage: 2364kB
        ->  Seq Scan on title t  (cost=0.00..73925.90 rows=446639 width=4) (actual time=0.022..1274.616 rows=306970 loops=1)
              Filter: ((kind_id > 1) AND (production_year < 1986))
              Rows Removed by Filter: 2221342
Planning time: 0.777 ms
Execution time: 3500.884 ms
