Nested Loop  (cost=0.43..799704.37 rows=50 width=0) (actual time=11410.563..14722.753 rows=1 loops=1)
  ->  Seq Scan on cast_info ci  (cost=0.00..796071.18 rows=435 width=4) (actual time=3276.271..14711.836 rows=642 loops=1)
        Filter: ((role_id < 10) AND (person_id = 633689))
        Rows Removed by Filter: 36243702
  ->  Index Scan using title_pkey on title t  (cost=0.43..8.34 rows=1 width=4) (actual time=0.016..0.016 rows=0 loops=642)
        Index Cond: (id = ci.movie_id)
        Filter: ((production_year > 2004) AND (kind_id = 1))
        Rows Removed by Filter: 1
Planning time: 1.463 ms
Execution time: 14722.860 ms
