Seq Scan on movie_keyword mk  (cost=0.00..81003.12 rows=1266586 width=0) (actual time=0.022..1413.557 rows=1275396 loops=1)
  Filter: (keyword_id > 13921)
  Rows Removed by Filter: 3248534
Planning time: 0.329 ms
Execution time: 1580.409 ms
