Hash Join  (cost=160500.48..912906.57 rows=161697 width=0) (actual time=1619.051..19510.511 rows=531314 loops=1)
  Hash Cond: (ci.movie_id = t.id)
  ->  Seq Scan on cast_info ci  (cost=0.00..614943.12 rows=36225612 width=4) (actual time=0.020..9092.640 rows=36244344 loops=1)
  ->  Hash  (cost=160359.40..160359.40 rows=11286 width=8) (actual time=1618.692..1618.692 rows=11992 loops=1)
        Buckets: 16384  Batches: 1  Memory Usage: 597kB
        ->  Nested Loop  (cost=0.43..160359.40 rows=11286 width=8) (actual time=0.620..1612.105 rows=11992 loops=1)
              ->  Seq Scan on movie_keyword mk  (cost=0.00..81003.12 rows=12818 width=4) (actual time=0.580..1284.538 rows=12645 loops=1)
                    Filter: (keyword_id = 245)
                    Rows Removed by Filter: 4511285
              ->  Index Scan using title_pkey on title t  (cost=0.43..6.18 rows=1 width=4) (actual time=0.025..0.025 rows=1 loops=12645)
                    Index Cond: (id = mk.movie_id)
                    Filter: (production_year < 2012)
                    Rows Removed by Filter: 0
Planning time: 1.245 ms
Execution time: 19596.797 ms
