Hash Join  (cost=73962.22..825167.57 rows=41619 width=0) (actual time=976.151..17764.552 rows=100172 loops=1)
  Hash Cond: (ci.movie_id = t.id)
  ->  Seq Scan on cast_info ci  (cost=0.00..614943.12 rows=36225612 width=4) (actual time=0.017..8648.413 rows=36244344 loops=1)
  ->  Hash  (cost=73925.90..73925.90 rows=2905 width=4) (actual time=975.655..975.655 rows=6330 loops=1)
        Buckets: 8192 (originally 4096)  Batches: 1 (originally 1)  Memory Usage: 287kB
        ->  Seq Scan on title t  (cost=0.00..73925.90 rows=2905 width=4) (actual time=0.059..972.664 rows=6330 loops=1)
              Filter: ((kind_id < 7) AND (production_year = 1978))
              Rows Removed by Filter: 2521982
Planning time: 0.792 ms
Execution time: 17784.857 ms
