Hash Join  (cost=201943.72..1319578.79 rows=9908551 width=0) (actual time=4756.288..39457.283 rows=16665785 loops=1)
  Hash Cond: (ci.movie_id = t.id)
  ->  Seq Scan on cast_info ci  (cost=0.00..705507.15 rows=26757444 width=4) (actual time=412.276..16098.977 rows=26859641 loops=1)
        Filter: (role_id < 5)
        Rows Removed by Filter: 9384703
  ->  Hash  (cost=186581.48..186581.48 rows=936339 width=8) (actual time=4343.141..4343.141 rows=944662 loops=1)
        Buckets: 131072  Batches: 16  Memory Usage: 3342kB
        ->  Hash Join  (cost=102767.86..186581.48 rows=936339 width=8) (actual time=1911.841..4055.961 rows=944662 loops=1)
              Hash Cond: (mc.movie_id = t.id)
              ->  Seq Scan on movie_companies mc  (cost=0.00..51404.11 rows=936339 width=4) (actual time=0.033..938.646 rows=944662 loops=1)
                    Filter: (company_id > 18817)
                    Rows Removed by Filter: 1664467
              ->  Hash  (cost=61283.27..61283.27 rows=2528527 width=4) (actual time=1910.889..1910.889 rows=2528312 loops=1)
                    Buckets: 131072  Batches: 64  Memory Usage: 2415kB
                    ->  Seq Scan on title t  (cost=0.00..61283.27 rows=2528527 width=4) (actual time=0.031..1070.844 rows=2528312 loops=1)
Planning time: 1.182 ms
Execution time: 41333.982 ms
