Hash Join  (cost=141675.23..626308.21 rows=452306 width=0) (actual time=2744.636..15372.565 rows=2254740 loops=1)
  Hash Cond: (mi.movie_id = t.id)
  ->  Seq Scan on movie_info mi  (cost=0.00..309384.22 rows=14739122 width=4) (actual time=0.023..5750.523 rows=14835720 loops=1)
  ->  Hash  (cost=140401.30..140401.30 rows=77594 width=8) (actual time=2743.924..2743.924 rows=181077 loops=1)
        Buckets: 131072 (originally 131072)  Batches: 4 (originally 2)  Memory Usage: 3073kB
        ->  Hash Join  (cost=74823.14..140401.30 rows=77594 width=8) (actual time=1221.104..2688.858 rows=181077 loops=1)
              Hash Cond: (mc.movie_id = t.id)
              ->  Seq Scan on movie_companies mc  (cost=0.00..57926.93 rows=445944 width=4) (actual time=0.029..1009.026 rows=771707 loops=1)
                    Filter: ((company_id > 22733) AND (company_type_id > 1))
                    Rows Removed by Filter: 1837422
              ->  Hash  (cost=67604.59..67604.59 rows=439964 width=4) (actual time=1220.180..1220.180 rows=437515 loops=1)
                    Buckets: 131072  Batches: 8  Memory Usage: 2944kB
                    ->  Seq Scan on title t  (cost=0.00..67604.59 rows=439964 width=4) (actual time=0.015..1071.751 rows=437515 loops=1)
                          Filter: (production_year < 1975)
                          Rows Removed by Filter: 2090797
Planning time: 1.227 ms
Execution time: 15630.046 ms
