Seq Scan on movie_keyword mk  (cost=0.00..81003.12 rows=1780565 width=0) (actual time=0.020..1335.163 rows=1780712 loops=1)
  Filter: (keyword_id > 7776)
  Rows Removed by Filter: 2743218
Planning time: 0.348 ms
Execution time: 1563.384 ms
