Hash Join  (cost=98098.54..154921.24 rows=1014418 width=0) (actual time=1914.958..3677.422 rows=989525 loops=1)
  Hash Cond: (mi_idx.movie_id = t.id)
  ->  Seq Scan on movie_info_idx mi_idx  (cost=0.00..21735.35 rows=1380035 width=4) (actual time=0.018..471.159 rows=1380035 loops=1)
  ->  Hash  (cost=67604.59..67604.59 rows=1858636 width=4) (actual time=1913.795..1913.795 rows=1852807 loops=1)
        Buckets: 131072  Batches: 32  Memory Usage: 3067kB
        ->  Seq Scan on title t  (cost=0.00..67604.59 rows=1858636 width=4) (actual time=0.013..1305.336 rows=1852807 loops=1)
              Filter: (production_year > 1985)
              Rows Removed by Filter: 675505
Planning time: 0.753 ms
Execution time: 3793.845 ms
