Hash Join  (cost=82008.92..214750.08 rows=881412 width=0) (actual time=1378.278..5191.428 rows=1378310 loops=1)
  Hash Cond: (mk.movie_id = t.id)
  ->  Seq Scan on movie_keyword mk  (cost=0.00..69693.30 rows=4523930 width=4) (actual time=0.011..1345.616 rows=4523930 loops=1)
  ->  Hash  (cost=73925.90..73925.90 rows=492641 width=4) (actual time=1377.063..1377.063 rows=420285 loops=1)
        Buckets: 131072  Batches: 8  Memory Usage: 2876kB
        ->  Seq Scan on title t  (cost=0.00..73925.90 rows=492641 width=4) (actual time=0.014..1239.170 rows=420285 loops=1)
              Filter: ((kind_id < 7) AND (production_year > 2002))
              Rows Removed by Filter: 2108027
Planning time: 2.267 ms
Execution time: 5351.430 ms
