Seq Scan on movie_keyword mk  (cost=0.00..81003.12 rows=430697 width=0) (actual time=0.024..1179.591 rows=442531 loops=1)
  Filter: (keyword_id < 347)
  Rows Removed by Filter: 4081399
Planning time: 0.305 ms
Execution time: 1233.006 ms
