Hash Join  (cost=74118.09..439670.25 rows=89623 width=0) (actual time=1060.769..8593.003 rows=145557 loops=1)
  Hash Cond: (mi.movie_id = t.id)
  ->  Seq Scan on movie_info mi  (cost=0.00..309384.22 rows=14739122 width=4) (actual time=0.013..4300.941 rows=14835720 loops=1)
  ->  Hash  (cost=73925.90..73925.90 rows=15375 width=4) (actual time=1058.073..1058.073 rows=8740 loops=1)
        Buckets: 16384  Batches: 1  Memory Usage: 436kB
        ->  Seq Scan on title t  (cost=0.00..73925.90 rows=15375 width=4) (actual time=311.500..1054.536 rows=8740 loops=1)
              Filter: ((kind_id = 1) AND (production_year = 2001))
              Rows Removed by Filter: 2519572
Planning time: 0.644 ms
Execution time: 8615.620 ms
