Hash Join  (cost=137466.38..235718.53 rows=191062 width=0) (actual time=2819.595..5195.091 rows=208443 loops=1)
  Hash Cond: (mk.movie_id = t.id)
  ->  Seq Scan on movie_keyword mk  (cost=0.00..81003.12 rows=1189175 width=4) (actual time=0.022..1510.701 rows=1194024 loops=1)
        Filter: (keyword_id < 1450)
        Rows Removed by Filter: 3329906
  ->  Hash  (cost=130801.22..130801.22 rows=406253 width=8) (actual time=2818.424..2818.424 rows=256629 loops=1)
        Buckets: 131072  Batches: 8  Memory Usage: 2277kB
        ->  Hash Join  (cost=86138.21..130801.22 rows=406253 width=8) (actual time=1618.988..2757.348 rows=256629 loops=1)
              Hash Cond: (mi_idx.movie_id = t.id)
              ->  Seq Scan on movie_info_idx mi_idx  (cost=0.00..21735.35 rows=1380035 width=4) (actual time=0.020..428.703 rows=1380035 loops=1)
              ->  Hash  (cost=73925.90..73925.90 rows=744344 width=4) (actual time=1617.472..1617.472 rows=796638 loops=1)
                    Buckets: 131072  Batches: 16  Memory Usage: 2779kB
                    ->  Seq Scan on title t  (cost=0.00..73925.90 rows=744344 width=4) (actual time=0.012..1362.572 rows=796638 loops=1)
                          Filter: ((kind_id > 1) AND (production_year > 2005))
                          Rows Removed by Filter: 1731674
Planning time: 1.231 ms
Execution time: 5222.069 ms
