Hash Join  (cost=102767.86..205657.73 rows=1729093 width=0) (actual time=1794.449..4554.665 rows=1734502 loops=1)
  Hash Cond: (mc.movie_id = t.id)
  ->  Seq Scan on movie_companies mc  (cost=0.00..51404.11 rows=1729093 width=4) (actual time=0.013..1048.889 rows=1734502 loops=1)
        Filter: (company_id > 2561)
        Rows Removed by Filter: 874627
  ->  Hash  (cost=61283.27..61283.27 rows=2528527 width=4) (actual time=1792.599..1792.599 rows=2528312 loops=1)
        Buckets: 131072  Batches: 64  Memory Usage: 2415kB
        ->  Seq Scan on title t  (cost=0.00..61283.27 rows=2528527 width=4) (actual time=0.019..977.865 rows=2528312 loops=1)
Planning time: 0.530 ms
Execution time: 4750.365 ms
