Seq Scan on movie_keyword mk  (cost=0.00..81003.12 rows=1379794 width=0) (actual time=0.017..1444.164 rows=1391019 loops=1)
  Filter: (keyword_id < 1878)
  Rows Removed by Filter: 3132911
Planning time: 2.635 ms
Execution time: 1617.030 ms
