Hash Join  (cost=97835.13..162063.57 rows=237198 width=0) (actual time=1765.642..3110.644 rows=251539 loops=1)
  Hash Cond: (mc.movie_id = t.id)
  ->  Seq Scan on movie_companies mc  (cost=0.00..51404.11 rows=411558 width=4) (actual time=0.016..785.071 rows=412364 loops=1)
        Filter: (company_id < 272)
        Rows Removed by Filter: 2196765
  ->  Hash  (cost=73925.90..73925.90 rows=1457298 width=4) (actual time=1763.697..1763.697 rows=1438183 loops=1)
        Buckets: 131072  Batches: 32  Memory Usage: 2604kB
        ->  Seq Scan on title t  (cost=0.00..73925.90 rows=1457298 width=4) (actual time=0.021..1305.460 rows=1438183 loops=1)
              Filter: ((production_year < 2013) AND (kind_id = 7))
              Rows Removed by Filter: 1090129
Planning time: 0.787 ms
Execution time: 3142.379 ms
