Hash Join  (cost=70308.29..1207476.51 rows=2299621 width=0) (actual time=1424.451..34028.474 rows=2416611 loops=1)
  Hash Cond: (ci.movie_id = t.id)
  ->  Seq Scan on cast_info ci  (cost=0.00..705507.15 rows=35288230 width=4) (actual time=7.724..16657.835 rows=35428504 loops=1)
        Filter: (person_id > 85889)
        Rows Removed by Filter: 815840
  ->  Hash  (cost=67604.59..67604.59 rows=164776 width=4) (actual time=1415.896..1415.896 rows=164307 loops=1)
        Buckets: 131072  Batches: 4  Memory Usage: 2482kB
        ->  Seq Scan on title t  (cost=0.00..67604.59 rows=164776 width=4) (actual time=0.057..1092.845 rows=164307 loops=1)
              Filter: (production_year = 2012)
              Rows Removed by Filter: 2364005
Planning time: 0.837 ms
Execution time: 34335.491 ms
