Hash Join  (cost=175027.18..317445.49 rows=1382984 width=0) (actual time=4208.448..9133.250 rows=5969720 loops=1)
  Hash Cond: (mk.movie_id = t.id)
  ->  Seq Scan on movie_keyword mk  (cost=0.00..81003.12 rows=3804892 width=4) (actual time=0.018..1821.232 rows=3807485 loops=1)
        Filter: (keyword_id > 620)
        Rows Removed by Filter: 716445
  ->  Hash  (cost=159947.97..159947.97 rows=919057 width=8) (actual time=4206.988..4206.988 rows=920110 loops=1)
        Buckets: 131072  Batches: 16  Memory Usage: 3283kB
        ->  Hash Join  (cost=102767.86..159947.97 rows=919057 width=8) (actual time=2179.113..3934.457 rows=920110 loops=1)
              Hash Cond: (mi_idx.movie_id = t.id)
              ->  Seq Scan on movie_info_idx mi_idx  (cost=0.00..25185.44 rows=919057 width=4) (actual time=0.025..559.452 rows=920110 loops=1)
                    Filter: (info_type_id > 99)
                    Rows Removed by Filter: 459925
              ->  Hash  (cost=61283.27..61283.27 rows=2528527 width=4) (actual time=2177.698..2177.698 rows=2528312 loops=1)
                    Buckets: 131072  Batches: 64  Memory Usage: 2415kB
                    ->  Seq Scan on title t  (cost=0.00..61283.27 rows=2528527 width=4) (actual time=0.015..1035.558 rows=2528312 loops=1)
Planning time: 0.970 ms
Execution time: 9777.766 ms
