Seq Scan on movie_companies mc  (cost=0.00..57926.93 rows=957207 width=0) (actual time=0.020..1067.265 rows=1124994 loops=1)
  Filter: ((company_id > 1402) AND (company_type_id = 2))
  Rows Removed by Filter: 1484135
Planning time: 0.437 ms
Execution time: 1202.255 ms
