Nested Loop  (cost=0.43..83071.67 rows=246 width=0) (actual time=122.684..1348.112 rows=28 loops=1)
  ->  Seq Scan on movie_keyword mk  (cost=0.00..81003.12 rows=246 width=4) (actual time=122.589..1347.096 rows=28 loops=1)
        Filter: (keyword_id = 77728)
        Rows Removed by Filter: 4523902
  ->  Index Only Scan using title_pkey on title t  (cost=0.43..8.40 rows=1 width=4) (actual time=0.031..0.032 rows=1 loops=28)
        Index Cond: (id = mk.movie_id)
        Heap Fetches: 28
Planning time: 0.815 ms
Execution time: 1348.203 ms
