Seq Scan on movie_keyword mk  (cost=0.00..81003.12 rows=101743 width=0) (actual time=0.028..1302.859 rows=111546 loops=1)
  Filter: (keyword_id < 110)
  Rows Removed by Filter: 4412384
Planning time: 0.357 ms
Execution time: 1319.264 ms
