Hash Join  (cost=194044.22..337360.31 rows=1749405 width=0) (actual time=5157.340..8216.162 rows=819332 loops=1)
  Hash Cond: (mk.movie_id = t.id)
  ->  Seq Scan on movie_keyword mk  (cost=0.00..69693.30 rows=4523930 width=4) (actual time=0.007..1379.991 rows=4523930 loops=1)
  ->  Hash  (cost=178001.95..178001.95 rows=977782 width=8) (actual time=4044.103..4044.103 rows=465794 loops=1)
        Buckets: 131072  Batches: 16  Memory Usage: 2160kB
        ->  Hash Join  (cost=89472.60..178001.95 rows=977782 width=8) (actual time=1677.479..3900.741 rows=465794 loops=1)
              Hash Cond: (mc.movie_id = t.id)
              ->  Seq Scan on movie_companies mc  (cost=0.00..44881.29 rows=2609129 width=4) (actual time=0.014..860.499 rows=2609129 loops=1)
              ->  Hash  (cost=73925.90..73925.90 rows=947576 width=4) (actual time=1512.045..1512.045 rows=876037 loops=1)
                    Buckets: 131072  Batches: 16  Memory Usage: 2949kB
                    ->  Seq Scan on title t  (cost=0.00..73925.90 rows=947576 width=4) (actual time=0.019..1231.332 rows=876037 loops=1)
                          Filter: ((production_year < 2007) AND (kind_id = 7))
                          Rows Removed by Filter: 1652275
Planning time: 1.167 ms
Execution time: 8309.091 ms
