Hash Join  (cost=81253.89..588840.00 rows=2603518 width=0) (actual time=1257.679..13681.778 rows=1505176 loops=1)
  Hash Cond: (mi.movie_id = t.id)
  ->  Seq Scan on movie_info mi  (cost=0.00..309384.22 rows=14739122 width=4) (actual time=0.014..5707.128 rows=14835720 loops=1)
  ->  Hash  (cost=73925.90..73925.90 rows=446639 width=4) (actual time=1257.027..1257.027 rows=306970 loops=1)
        Buckets: 131072  Batches: 8  Memory Usage: 2370kB
        ->  Seq Scan on title t  (cost=0.00..73925.90 rows=446639 width=4) (actual time=0.006..1151.490 rows=306970 loops=1)
              Filter: ((kind_id > 1) AND (production_year < 1986))
              Rows Removed by Filter: 2221342
Planning time: 0.534 ms
Execution time: 13858.275 ms
