Hash Join  (cost=87428.23..1048414.63 rows=5541279 width=0) (actual time=1485.432..25891.460 rows=4835563 loops=1)
  Hash Cond: (ci.movie_id = t.id)
  ->  Seq Scan on cast_info ci  (cost=0.00..705507.15 rows=17024922 width=4) (actual time=0.016..14236.801 rows=16897352 loops=1)
        Filter: (person_id < 1670546)
        Rows Removed by Filter: 19346992
  ->  Hash  (cost=73925.90..73925.90 rows=822986 width=4) (actual time=1483.274..1483.274 rows=738761 loops=1)
        Buckets: 131072  Batches: 16  Memory Usage: 2648kB
        ->  Seq Scan on title t  (cost=0.00..73925.90 rows=822986 width=4) (actual time=0.017..1245.282 rows=738761 loops=1)
              Filter: ((production_year < 2005) AND (kind_id = 7))
              Rows Removed by Filter: 1789551
Planning time: 0.830 ms
Execution time: 26471.330 ms
