Seq Scan on cast_info ci  (cost=0.00..796071.18 rows=1702575 width=0) (actual time=5331.030..13059.437 rows=2536374 loops=1)
  Filter: ((person_id > 2082556) AND (role_id = 3))
  Rows Removed by Filter: 33707970
Planning time: 0.480 ms
Execution time: 13384.400 ms
