Seq Scan on movie_companies mc  (cost=0.00..57926.93 rows=1209592 width=0) (actual time=279.001..880.069 rows=1274246 loops=1)
  Filter: ((company_id < 135695) AND (company_type_id < 2))
  Rows Removed by Filter: 1334883
Planning time: 0.323 ms
Execution time: 1027.350 ms
