Hash Join  (cost=169322.64..209689.38 rows=155826 width=0) (actual time=3368.377..4662.079 rows=128358 loops=1)
  Hash Cond: (mi_idx.movie_id = t.id)
  ->  Seq Scan on movie_info_idx mi_idx  (cost=0.00..21735.35 rows=1380035 width=4) (actual time=0.041..445.595 rows=1380035 loops=1)
  ->  Hash  (cost=164637.80..164637.80 rows=285507 width=8) (actual time=3367.171..3367.171 rows=101609 loops=1)
        Buckets: 131072  Batches: 4  Memory Usage: 2022kB
        ->  Hash Join  (cost=98137.04..164637.80 rows=285507 width=8) (actual time=1921.943..3334.421 rows=101609 loops=1)
              Hash Cond: (mc.movie_id = t.id)
              ->  Seq Scan on movie_companies mc  (cost=0.00..51404.11 rows=387917 width=4) (actual time=11.176..867.809 rows=393354 loops=1)
                    Filter: (company_id > 82986)
                    Rows Removed by Filter: 2215775
              ->  Hash  (cost=67604.59..67604.59 rows=1860996 width=4) (actual time=1909.493..1909.493 rows=1865487 loops=1)
                    Buckets: 131072  Batches: 32  Memory Usage: 3079kB
                    ->  Seq Scan on title t  (cost=0.00..67604.59 rows=1860996 width=4) (actual time=0.019..1316.490 rows=1865487 loops=1)
                          Filter: (kind_id > 1)
                          Rows Removed by Filter: 662825
Planning time: 1.226 ms
Execution time: 4677.355 ms
