Hash Join  (cost=709678.15..736591.36 rows=273 width=0) (actual time=10313.481..10883.467 rows=1025 loops=1)
  Hash Cond: (mi_idx.movie_id = t.id)
  ->  Seq Scan on movie_info_idx mi_idx  (cost=0.00..21735.35 rows=1380035 width=4) (actual time=0.016..314.117 rows=1380035 loops=1)
  ->  Hash  (cost=709671.90..709671.90 rows=500 width=8) (actual time=10312.694..10312.694 rows=455 loops=1)
        Buckets: 1024  Batches: 1  Memory Usage: 26kB
        ->  Nested Loop  (cost=0.43..709671.90 rows=500 width=8) (actual time=8700.072..10312.469 rows=455 loops=1)
              ->  Seq Scan on cast_info ci  (cost=0.00..705507.15 rows=500 width=4) (actual time=8699.900..10298.556 rows=455 loops=1)
                    Filter: (person_id = 242487)
                    Rows Removed by Filter: 36243889
              ->  Index Only Scan using title_pkey on title t  (cost=0.43..8.32 rows=1 width=4) (actual time=0.029..0.030 rows=1 loops=455)
                    Index Cond: (id = ci.movie_id)
                    Heap Fetches: 455
Planning time: 1.205 ms
Execution time: 10883.800 ms
