Seq Scan on movie_companies mc  (cost=0.00..51404.11 rows=3566 width=0) (actual time=0.245..816.849 rows=3982 loops=1)
  Filter: (company_id = 312)
  Rows Removed by Filter: 2605147
Planning time: 0.382 ms
Execution time: 817.770 ms
