Hash Join  (cost=95454.94..490218.48 rows=103688 width=0) (actual time=1833.802..8757.263 rows=91668 loops=1)
  Hash Cond: (mi.movie_id = t.id)
  ->  Seq Scan on movie_info mi  (cost=0.00..346232.03 rows=12665229 width=4) (actual time=0.018..4962.958 rows=12744652 loops=1)
        Filter: (info_type_id > 2)
        Rows Removed by Filter: 2091068
  ->  Hash  (cost=95196.18..95196.18 rows=20701 width=8) (actual time=1832.797..1832.797 rows=10662 loops=1)
        Buckets: 32768  Batches: 1  Memory Usage: 673kB
        ->  Hash Join  (cost=68078.69..95196.18 rows=20701 width=8) (actual time=1220.959..1828.836 rows=10662 loops=1)
              Hash Cond: (mi_idx.movie_id = t.id)
              ->  Seq Scan on movie_info_idx mi_idx  (cost=0.00..21735.35 rows=1380035 width=4) (actual time=0.012..305.188 rows=1380035 loops=1)
              ->  Hash  (cost=67604.59..67604.59 rows=37928 width=4) (actual time=1195.064..1195.064 rows=35050 loops=1)
                    Buckets: 65536  Batches: 1  Memory Usage: 1745kB
                    ->  Seq Scan on title t  (cost=0.00..67604.59 rows=37928 width=4) (actual time=0.017..1181.507 rows=35050 loops=1)
                          Filter: (production_year < 1912)
                          Rows Removed by Filter: 2493262
Planning time: 1.248 ms
Execution time: 8769.377 ms
