Seq Scan on movie_keyword mk  (cost=0.00..81003.12 rows=246 width=0) (actual time=2.414..1271.203 rows=651 loops=1)
  Filter: (keyword_id = 2874)
  Rows Removed by Filter: 4523279
Planning time: 0.388 ms
Execution time: 1271.569 ms
