Seq Scan on movie_keyword mk  (cost=0.00..81003.12 rows=246 width=0) (actual time=4.399..1249.437 rows=24 loops=1)
  Filter: (keyword_id = 52891)
  Rows Removed by Filter: 4523906
Planning time: 0.376 ms
Execution time: 1249.536 ms
