Hash Join  (cost=75482.18..114063.19 rows=51753 width=0) (actual time=1162.508..2273.048 rows=120816 loops=1)
  Hash Cond: (mi_idx.movie_id = t.id)
  ->  Seq Scan on movie_info_idx mi_idx  (cost=0.00..21735.35 rows=1380035 width=4) (actual time=0.021..479.966 rows=1380035 loops=1)
  ->  Hash  (cost=73925.90..73925.90 rows=94822 width=4) (actual time=1161.239..1161.239 rows=194973 loops=1)
        Buckets: 131072 (originally 131072)  Batches: 4 (originally 2)  Memory Usage: 3073kB
        ->  Seq Scan on title t  (cost=0.00..73925.90 rows=94822 width=4) (actual time=0.150..1090.709 rows=194973 loops=1)
              Filter: ((kind_id < 7) AND (production_year < 1960))
              Rows Removed by Filter: 2333339
Planning time: 0.819 ms
Execution time: 2288.642 ms
