Seq Scan on movie_keyword mk  (cost=0.00..81003.12 rows=850088 width=0) (actual time=0.022..1287.157 rows=854176 loops=1)
  Filter: (keyword_id < 816)
  Rows Removed by Filter: 3669754
Planning time: 0.345 ms
Execution time: 1401.328 ms
