Hash Join  (cost=940329.72..1079358.90 rows=1397514 width=0) (actual time=16567.119..20685.342 rows=2743301 loops=1)
  Hash Cond: (mk.movie_id = t.id)
  ->  Seq Scan on movie_keyword mk  (cost=0.00..69693.30 rows=4523930 width=4) (actual time=0.020..1481.391 rows=4523930 loops=1)
  ->  Hash  (cost=927513.94..927513.94 rows=781102 width=8) (actual time=16566.252..16566.252 rows=726757 loops=1)
        Buckets: 131072  Batches: 16  Memory Usage: 2804kB
        ->  Hash Join  (cost=102767.86..927513.94 rows=781102 width=8) (actual time=5533.210..16341.551 rows=726757 loops=1)
              Hash Cond: (ci.movie_id = t.id)
              ->  Seq Scan on cast_info ci  (cost=0.00..796071.18 rows=781102 width=4) (actual time=3493.345..13255.106 rows=726757 loops=1)
                    Filter: ((person_id < 1601204) AND (role_id = 8))
                    Rows Removed by Filter: 35517587
              ->  Hash  (cost=61283.27..61283.27 rows=2528527 width=4) (actual time=2038.694..2038.694 rows=2528312 loops=1)
                    Buckets: 131072  Batches: 64  Memory Usage: 2415kB
                    ->  Seq Scan on title t  (cost=0.00..61283.27 rows=2528527 width=4) (actual time=0.022..1212.480 rows=2528312 loops=1)
Planning time: 1.214 ms
Execution time: 20989.145 ms
