Hash Join  (cost=67697.55..432786.99 rows=43351 width=0) (actual time=1143.575..8415.293 rows=15431 loops=1)
  Hash Cond: (mi.movie_id = t.id)
  ->  Seq Scan on movie_info mi  (cost=0.00..309384.22 rows=14739122 width=4) (actual time=0.021..4480.119 rows=14835720 loops=1)
  ->  Hash  (cost=67604.59..67604.59 rows=7437 width=4) (actual time=1142.519..1142.519 rows=1747 loops=1)
        Buckets: 8192  Batches: 1  Memory Usage: 126kB
        ->  Seq Scan on title t  (cost=0.00..67604.59 rows=7437 width=4) (actual time=0.096..1141.523 rows=1747 loops=1)
              Filter: (production_year = 1901)
              Rows Removed by Filter: 2526565
Planning time: 0.797 ms
Execution time: 8418.422 ms
