Hash Join  (cost=154654.97..1074573.54 rows=128987 width=0) (actual time=3004.984..25472.205 rows=694451 loops=1)
  Hash Cond: (ci.movie_id = t.id)
  ->  Seq Scan on cast_info ci  (cost=0.00..796071.18 rows=24511501 width=4) (actual time=0.019..17416.484 rows=23989527 loops=1)
        Filter: ((person_id > 777652) AND (role_id < 10))
        Rows Removed by Filter: 12254817
  ->  Hash  (cost=154488.65..154488.65 rows=13306 width=8) (actual time=3004.757..3004.757 rows=33512 loops=1)
        Buckets: 65536 (originally 16384)  Batches: 1 (originally 1)  Memory Usage: 1822kB
        ->  Hash Join  (cost=67697.55..154488.65 rows=13306 width=8) (actual time=1034.271..2993.100 rows=33512 loops=1)
              Hash Cond: (mk.movie_id = t.id)
              ->  Seq Scan on movie_keyword mk  (cost=0.00..69693.30 rows=4523930 width=4) (actual time=0.017..1117.061 rows=4523930 loops=1)
              ->  Hash  (cost=67604.59..67604.59 rows=7437 width=4) (actual time=1034.103..1034.103 rows=13994 loops=1)
                    Buckets: 16384 (originally 8192)  Batches: 1 (originally 1)  Memory Usage: 620kB
                    ->  Seq Scan on title t  (cost=0.00..67604.59 rows=7437 width=4) (actual time=0.056..1027.356 rows=13994 loops=1)
                          Filter: (production_year = 1976)
                          Rows Removed by Filter: 2514318
Planning time: 1.267 ms
Execution time: 25561.393 ms
