Seq Scan on movie_keyword mk  (cost=0.00..81003.12 rows=3480719 width=0) (actual time=0.016..1385.480 rows=3478953 loops=1)
  Filter: (keyword_id > 1039)
  Rows Removed by Filter: 1044977
Planning time: 0.357 ms
Execution time: 1790.494 ms
