Hash Join  (cost=74346.17..161605.73 rows=60153 width=0) (actual time=1037.217..2995.208 rows=121076 loops=1)
  Hash Cond: (mk.movie_id = t.id)
  ->  Seq Scan on movie_keyword mk  (cost=0.00..69693.30 rows=4523930 width=4) (actual time=0.022..1070.472 rows=4523930 loops=1)
  ->  Hash  (cost=73925.90..73925.90 rows=33621 width=4) (actual time=1036.718..1036.718 rows=28104 loops=1)
        Buckets: 65536  Batches: 1  Memory Usage: 1501kB
        ->  Seq Scan on title t  (cost=0.00..73925.90 rows=33621 width=4) (actual time=0.035..1025.494 rows=28104 loops=1)
              Filter: ((kind_id < 2) AND (production_year = 2009))
              Rows Removed by Filter: 2500208
Planning time: 0.795 ms
Execution time: 3010.942 ms
