Seq Scan on movie_companies mc  (cost=0.00..57926.93 rows=141564 width=0) (actual time=205.751..747.629 rows=218656 loops=1)
  Filter: ((company_id < 152) AND (company_type_id = 1))
  Rows Removed by Filter: 2390473
Planning time: 0.428 ms
Execution time: 775.583 ms
