Seq Scan on movie_keyword mk  (cost=0.00..81003.12 rows=975156 width=0) (actual time=0.025..1419.192 rows=979455 loops=1)
  Filter: (keyword_id > 18999)
  Rows Removed by Filter: 3544475
Planning time: 0.318 ms
Execution time: 1540.850 ms
