Hash Join  (cost=156487.41..1153471.97 rows=3945349 width=0) (actual time=3205.594..31516.933 rows=8183022 loops=1)
  Hash Cond: (ci.movie_id = t.id)
  ->  Seq Scan on cast_info ci  (cost=0.00..705507.15 rows=21640777 width=4) (actual time=0.028..15255.953 rows=21506042 loops=1)
        Filter: (person_id < 2179821)
        Rows Removed by Filter: 14738302
  ->  Hash  (cost=148924.19..148924.19 rows=460978 width=8) (actual time=3204.696..3204.696 rows=459925 loops=1)
        Buckets: 131072  Batches: 8  Memory Usage: 3275kB
        ->  Hash Join  (cost=102767.86..148924.19 rows=460978 width=8) (actual time=1867.739..3059.315 rows=459925 loops=1)
              Hash Cond: (mi_idx.movie_id = t.id)
              ->  Seq Scan on movie_info_idx mi_idx  (cost=0.00..25185.44 rows=460978 width=4) (actual time=0.015..395.202 rows=459925 loops=1)
                    Filter: (info_type_id = 99)
                    Rows Removed by Filter: 920110
              ->  Hash  (cost=61283.27..61283.27 rows=2528527 width=4) (actual time=1865.452..1865.452 rows=2528312 loops=1)
                    Buckets: 131072  Batches: 64  Memory Usage: 2415kB
                    ->  Seq Scan on title t  (cost=0.00..61283.27 rows=2528527 width=4) (actual time=0.009..1035.785 rows=2528312 loops=1)
Planning time: 1.156 ms
Execution time: 32484.208 ms
