Hash Join  (cost=58375.85..423034.86 rows=309 width=0) (actual time=1334.435..8370.385 rows=3597 loops=1)
  Hash Cond: (mi.movie_id = t.id)
  ->  Seq Scan on movie_info mi  (cost=0.00..309384.22 rows=14739122 width=4) (actual time=0.008..4475.739 rows=14835720 loops=1)
  ->  Hash  (cost=58375.18..58375.18 rows=53 width=8) (actual time=1062.687..1062.687 rows=342 loops=1)
        Buckets: 1024  Batches: 1  Memory Usage: 22kB
        ->  Nested Loop  (cost=0.43..58375.18 rows=53 width=8) (actual time=325.184..1062.502 rows=342 loops=1)
              ->  Seq Scan on movie_companies mc  (cost=0.00..57926.93 rows=53 width=4) (actual time=325.105..1053.955 rows=342 loops=1)
                    Filter: ((company_type_id > 1) AND (company_id = 10))
                    Rows Removed by Filter: 2608787
              ->  Index Only Scan using title_pkey on title t  (cost=0.43..8.45 rows=1 width=4) (actual time=0.023..0.024 rows=1 loops=342)
                    Index Cond: (id = mc.movie_id)
                    Heap Fetches: 342
Planning time: 1.234 ms
Execution time: 8371.243 ms
