Seq Scan on cast_info ci  (cost=0.00..705507.15 rows=500 width=0) (actual time=6769.794..10959.670 rows=18 loops=1)
  Filter: (person_id = 1751973)
  Rows Removed by Filter: 36244326
Planning time: 0.404 ms
Execution time: 10959.756 ms
