Hash Join  (cost=83074.74..833899.15 rows=3524 width=0) (actual time=1257.147..16639.887 rows=13768 loops=1)
  Hash Cond: (ci.movie_id = t.id)
  ->  Seq Scan on cast_info ci  (cost=0.00..614943.12 rows=36225612 width=4) (actual time=0.027..8445.091 rows=36244344 loops=1)
  ->  Hash  (cost=83071.67..83071.67 rows=246 width=8) (actual time=1256.660..1256.660 rows=285 loops=1)
        Buckets: 1024  Batches: 1  Memory Usage: 20kB
        ->  Nested Loop  (cost=0.43..83071.67 rows=246 width=8) (actual time=19.699..1256.347 rows=285 loops=1)
              ->  Seq Scan on movie_keyword mk  (cost=0.00..81003.12 rows=246 width=4) (actual time=19.584..1232.195 rows=285 loops=1)
                    Filter: (keyword_id = 2221)
                    Rows Removed by Filter: 4523645
              ->  Index Only Scan using title_pkey on title t  (cost=0.43..8.40 rows=1 width=4) (actual time=0.081..0.082 rows=1 loops=285)
                    Index Cond: (id = mk.movie_id)
                    Heap Fetches: 285
Planning time: 1.150 ms
Execution time: 16644.330 ms
