Seq Scan on movie_keyword mk  (cost=0.00..81003.12 rows=246 width=0) (actual time=24.817..753.536 rows=71 loops=1)
  Filter: (keyword_id = 27173)
  Rows Removed by Filter: 4523859
Planning time: 0.395 ms
Execution time: 753.683 ms
