Seq Scan on movie_info mi  (cost=0.00..346232.03 rows=9476311 width=75) (actual time=343.049..7928.271 rows=9565151 loops=1)
  Filter: (info_type_id < 16)
  Rows Removed by Filter: 5270569
Planning time: 0.836 ms
Execution time: 8475.929 ms
