Merge Join  (cost=84308.23..208890.48 rows=460978 width=144) (actual time=957.406..16995.196 rows=459925 loops=1)
  Merge Cond: (t.id = mi_idx.movie_id)
  ->  Index Scan using title_pkey on title t  (cost=0.43..110313.87 rows=2528527 width=94) (actual time=0.006..15027.280 rows=2525794 loops=1)
  ->  Materialize  (cost=84307.42..86612.31 rows=460978 width=50) (actual time=957.367..1245.404 rows=459925 loops=1)
        ->  Sort  (cost=84307.42..85459.86 rows=460978 width=50) (actual time=957.361..1173.311 rows=459925 loops=1)
              Sort Key: mi_idx.movie_id
              Sort Method: external merge  Disk: 14832kB
              ->  Seq Scan on movie_info_idx mi_idx  (cost=0.00..25185.44 rows=460978 width=50) (actual time=0.025..522.823 rows=459925 loops=1)
                    Filter: (info_type_id < 100)
                    Rows Removed by Filter: 920110
Planning time: 2.680 ms
Execution time: 17027.857 ms
