Hash Join  (cost=101241.62..461126.70 rows=6321 width=0) (actual time=2420.672..8353.685 rows=2758 loops=1)
  Hash Cond: (mi.movie_id = t.id)
  ->  Seq Scan on movie_info mi  (cost=0.00..346232.03 rows=3623957 width=4) (actual time=0.019..6005.426 rows=3624977 loops=1)
        Filter: (info_type_id < 4)
        Rows Removed by Filter: 11210743
  ->  Hash  (cost=101186.50..101186.50 rows=4410 width=8) (actual time=1833.143..1833.143 rows=2677 loops=1)
        Buckets: 8192  Batches: 1  Memory Usage: 169kB
        ->  Hash Join  (cost=74228.29..101186.50 rows=4410 width=8) (actual time=1325.503..1831.813 rows=2677 loops=1)
              Hash Cond: (mi_idx.movie_id = t.id)
              ->  Seq Scan on movie_info_idx mi_idx  (cost=0.00..25185.44 rows=460978 width=4) (actual time=0.011..424.587 rows=459925 loops=1)
                    Filter: (info_type_id = 99)
                    Rows Removed by Filter: 920110
              ->  Hash  (cost=73925.90..73925.90 rows=24191 width=4) (actual time=1292.134..1292.134 rows=24602 loops=1)
                    Buckets: 32768  Batches: 1  Memory Usage: 1121kB
                    ->  Seq Scan on title t  (cost=0.00..73925.90 rows=24191 width=4) (actual time=0.076..1281.818 rows=24602 loops=1)
                          Filter: ((kind_id = 7) AND (production_year = 1995))
                          Rows Removed by Filter: 2503710
Planning time: 1.229 ms
Execution time: 8354.297 ms
