Hash Join  (cost=83810.17..211630.06 rows=1084795 width=0) (actual time=1485.788..5142.645 rows=2399378 loops=1)
  Hash Cond: (mk.movie_id = t.id)
  ->  Seq Scan on movie_keyword mk  (cost=0.00..81003.12 rows=2777017 width=4) (actual time=0.020..1752.391 rows=2769980 loops=1)
        Filter: (keyword_id < 7924)
        Rows Removed by Filter: 1753950
  ->  Hash  (cost=67604.59..67604.59 rows=987727 width=4) (actual time=1484.796..1484.796 rows=985048 loops=1)
        Buckets: 131072  Batches: 16  Memory Usage: 3197kB
        ->  Seq Scan on title t  (cost=0.00..67604.59 rows=987727 width=4) (actual time=0.025..1159.242 rows=985048 loops=1)
              Filter: (kind_id < 7)
              Rows Removed by Filter: 1543264
Planning time: 1.096 ms
Execution time: 5400.837 ms
