Nested Loop  (cost=0.43..184901.92 rows=18699 width=0) (actual time=0.109..1745.064 rows=20522 loops=1)
  ->  Seq Scan on movie_keyword mk  (cost=0.00..81003.12 rows=18699 width=4) (actual time=0.041..1296.914 rows=20522 loops=1)
        Filter: (keyword_id = 382)
        Rows Removed by Filter: 4503408
  ->  Index Only Scan using title_pkey on title t  (cost=0.43..5.55 rows=1 width=4) (actual time=0.021..0.021 rows=1 loops=20522)
        Index Cond: (id = mk.movie_id)
        Heap Fetches: 20522
Planning time: 0.733 ms
Execution time: 1750.149 ms
