Hash Join  (cost=155331.22..520909.44 rows=92226 width=0) (actual time=2513.615..10590.103 rows=278267 loops=1)
  Hash Cond: (mi.movie_id = t.id)
  ->  Seq Scan on movie_info mi  (cost=0.00..309384.22 rows=14739122 width=4) (actual time=0.023..4475.443 rows=14835720 loops=1)
  ->  Hash  (cost=155133.45..155133.45 rows=15822 width=8) (actual time=2513.391..2513.391 rows=23815 loops=1)
        Buckets: 32768 (originally 16384)  Batches: 1 (originally 1)  Memory Usage: 1187kB
        ->  Hash Join  (cost=69484.36..155133.45 rows=15822 width=8) (actual time=1159.805..2504.760 rows=23815 loops=1)
              Hash Cond: (mk.movie_id = t.id)
              ->  Seq Scan on movie_keyword mk  (cost=0.00..81003.12 rows=349264 width=4) (actual time=0.018..1196.746 rows=363692 loops=1)
                    Filter: (keyword_id < 335)
                    Rows Removed by Filter: 4160238
              ->  Hash  (cost=67604.59..67604.59 rows=114542 width=4) (actual time=1158.872..1158.872 rows=118234 loops=1)
                    Buckets: 131072  Batches: 2  Memory Usage: 3107kB
                    ->  Seq Scan on title t  (cost=0.00..67604.59 rows=114542 width=4) (actual time=0.019..1115.940 rows=118234 loops=1)
                          Filter: (kind_id = 4)
                          Rows Removed by Filter: 2410078
Planning time: 0.926 ms
Execution time: 10628.288 ms
