Seq Scan on movie_keyword mk  (cost=0.00..81003.12 rows=959071 width=0) (actual time=0.011..1358.448 rows=969843 loops=1)
  Filter: (keyword_id > 19536)
  Rows Removed by Filter: 3554087
Planning time: 0.220 ms
Execution time: 1480.223 ms
