Hash Join  (cost=550583.33..724044.54 rows=3435193 width=0) (actual time=11040.799..15227.017 rows=2666942 loops=1)
  Hash Cond: (mk.movie_id = t.id)
  ->  Seq Scan on movie_keyword mk  (cost=0.00..81003.12 rows=3846432 width=4) (actual time=0.014..1886.400 rows=3839471 loops=1)
        Filter: (keyword_id < 27512)
        Rows Removed by Filter: 684459
  ->  Hash  (cost=513533.94..513533.94 rows=2258191 width=8) (actual time=11039.842..11039.842 rows=1953122 loops=1)
        Buckets: 131072  Batches: 32  Memory Usage: 3413kB
        ->  Hash Join  (cost=98137.04..513533.94 rows=2258191 width=8) (actual time=4136.815..10422.415 rows=1953122 loops=1)
              Hash Cond: (mi.movie_id = t.id)
              ->  Seq Scan on movie_info mi  (cost=0.00..346232.03 rows=3068194 width=4) (actual time=2320.070..5714.241 rows=3036719 loops=1)
                    Filter: (info_type_id = 16)
                    Rows Removed by Filter: 11799001
              ->  Hash  (cost=67604.59..67604.59 rows=1860996 width=4) (actual time=1815.165..1815.165 rows=1865487 loops=1)
                    Buckets: 131072  Batches: 32  Memory Usage: 3085kB
                    ->  Seq Scan on title t  (cost=0.00..67604.59 rows=1860996 width=4) (actual time=0.030..1218.526 rows=1865487 loops=1)
                          Filter: (kind_id > 1)
                          Rows Removed by Filter: 662825
Planning time: 1.574 ms
Execution time: 15469.975 ms
