Hash Join  (cost=75342.47..960316.52 rows=253887 width=0) (actual time=10252.707..16769.287 rows=147727 loops=1)
  Hash Cond: (ci.movie_id = t.id)
  ->  Seq Scan on cast_info ci  (cost=0.00..796071.18 rows=7440002 width=4) (actual time=9007.473..13975.529 rows=3932907 loops=1)
        Filter: ((person_id < 2232240) AND (role_id > 3))
        Rows Removed by Filter: 32311437
  ->  Hash  (cost=73925.90..73925.90 rows=86285 width=4) (actual time=1243.870..1243.870 rows=92628 loops=1)
        Buckets: 131072  Batches: 2  Memory Usage: 2653kB
        ->  Seq Scan on title t  (cost=0.00..73925.90 rows=86285 width=4) (actual time=287.292..1210.171 rows=92628 loops=1)
              Filter: ((kind_id = 7) AND (production_year = 2010))
              Rows Removed by Filter: 2435684
Planning time: 0.811 ms
Execution time: 16790.212 ms
