Seq Scan on movie_companies mc  (cost=0.00..51404.11 rows=104 width=0) (actual time=409.150..868.611 rows=2 loops=1)
  Filter: (company_id = 58106)
  Rows Removed by Filter: 2609127
Planning time: 0.388 ms
Execution time: 868.686 ms
