Hash Join  (cost=91235.85..229773.03 rows=1416314 width=0) (actual time=1832.643..5244.966 rows=715626 loops=1)
  Hash Cond: (mk.movie_id = t.id)
  ->  Seq Scan on movie_keyword mk  (cost=0.00..81003.12 rows=3394376 width=4) (actual time=0.025..1618.736 rows=3386140 loops=1)
        Filter: (keyword_id > 1272)
        Rows Removed by Filter: 1137790
  ->  Hash  (cost=73925.90..73925.90 rows=1055036 width=4) (actual time=1829.279..1829.279 rows=1152351 loops=1)
        Buckets: 131072  Batches: 16  Memory Usage: 3567kB
        ->  Seq Scan on title t  (cost=0.00..73925.90 rows=1055036 width=4) (actual time=0.023..1436.801 rows=1152351 loops=1)
              Filter: ((kind_id > 1) AND (production_year > 1999))
              Rows Removed by Filter: 1375961
Planning time: 0.808 ms
Execution time: 5331.351 ms
