Hash Join  (cost=151983.74..240672.88 rows=30012 width=0) (actual time=3810.829..4748.252 rows=29687 loops=1)
  Hash Cond: (mk.movie_id = t.id)
  ->  Seq Scan on movie_keyword mk  (cost=0.00..81003.12 rows=1969571 width=4) (actual time=0.024..1475.054 rows=1978035 loops=1)
        Filter: (keyword_id > 6395)
        Rows Removed by Filter: 2545895
  ->  Hash  (cost=151502.13..151502.13 rows=38529 width=8) (actual time=2911.033..2911.033 rows=55491 loops=1)
        Buckets: 65536  Batches: 1  Memory Usage: 2680kB
        ->  Hash Join  (cost=92883.59..151502.13 rows=38529 width=8) (actual time=1903.062..2892.888 rows=55491 loops=1)
              Hash Cond: (mc.movie_id = t.id)
              ->  Seq Scan on movie_companies mc  (cost=0.00..51404.11 rows=63228 width=4) (actual time=0.019..826.329 rows=62075 loops=1)
                    Filter: (company_id = 6)
                    Rows Removed by Filter: 2547054
              ->  Hash  (cost=67604.59..67604.59 rows=1540800 width=4) (actual time=1808.687..1808.687 rows=1543264 loops=1)
                    Buckets: 131072  Batches: 32  Memory Usage: 2722kB
                    ->  Seq Scan on title t  (cost=0.00..67604.59 rows=1540800 width=4) (actual time=0.020..1318.015 rows=1543264 loops=1)
                          Filter: (kind_id = 7)
                          Rows Removed by Filter: 985048
Planning time: 1.139 ms
Execution time: 4752.365 ms
