Seq Scan on movie_companies mc  (cost=0.00..57926.93 rows=53 width=0) (actual time=492.420..753.363 rows=6 loops=1)
  Filter: ((company_id = 7456) AND (company_type_id = 2))
  Rows Removed by Filter: 2609123
Planning time: 0.440 ms
Execution time: 753.447 ms
