Seq Scan on cast_info ci  (cost=0.00..705507.15 rows=500 width=0) (actual time=9821.880..11228.653 rows=134 loops=1)
  Filter: (person_id = 2460591)
  Rows Removed by Filter: 36244210
Planning time: 2.655 ms
Execution time: 11228.769 ms
