Seq Scan on title t  (cost=0.00..67604.59 rows=50655 width=0) (actual time=0.012..1128.508 rows=50564 loops=1)
  Filter: (production_year = 1999)
  Rows Removed by Filter: 2477748
Planning time: 0.401 ms
Execution time: 1141.954 ms
