Hash Join  (cost=128478.61..1059667.09 rows=1481417 width=0) (actual time=3091.067..28718.537 rows=7421510 loops=1)
  Hash Cond: (ci.movie_id = t.id)
  ->  Seq Scan on cast_info ci  (cost=0.00..796071.18 rows=10281370 width=4) (actual time=248.877..17086.183 rows=12670688 loops=1)
        Filter: ((person_id < 2962450) AND (role_id = 1))
        Rows Removed by Filter: 23573656
  ->  Hash  (cost=122500.50..122500.50 rows=364329 width=8) (actual time=2841.220..2841.220 rows=629900 loops=1)
        Buckets: 131072 (originally 131072)  Batches: 16 (originally 8)  Memory Usage: 3073kB
        ->  Hash Join  (cost=78556.72..122500.50 rows=364329 width=8) (actual time=1334.678..2657.705 rows=629900 loops=1)
              Hash Cond: (mi_idx.movie_id = t.id)
              ->  Seq Scan on movie_info_idx mi_idx  (cost=0.00..21735.35 rows=1380035 width=4) (actual time=0.012..427.733 rows=1380035 loops=1)
              ->  Hash  (cost=67604.59..67604.59 rows=667531 width=4) (actual time=1334.010..1334.010 rows=662825 loops=1)
                    Buckets: 131072  Batches: 16  Memory Usage: 2476kB
                    ->  Seq Scan on title t  (cost=0.00..67604.59 rows=667531 width=4) (actual time=0.023..1128.439 rows=662825 loops=1)
                          Filter: (kind_id = 1)
                          Rows Removed by Filter: 1865487
Planning time: 1.150 ms
Execution time: 29566.223 ms
