Hash Join  (cost=83074.70..833884.50 rows=2070 width=0) (actual time=1398.835..16944.486 rows=1056 loops=1)
  Hash Cond: (ci.movie_id = t.id)
  ->  Seq Scan on cast_info ci  (cost=0.00..614943.12 rows=36225612 width=4) (actual time=0.028..8938.048 rows=36244344 loops=1)
  ->  Hash  (cost=83072.90..83072.90 rows=144 width=8) (actual time=1395.715..1395.715 rows=36 loops=1)
        Buckets: 1024  Batches: 1  Memory Usage: 10kB
        ->  Nested Loop  (cost=0.43..83072.90 rows=144 width=8) (actual time=871.311..1395.662 rows=36 loops=1)
              ->  Seq Scan on movie_keyword mk  (cost=0.00..81003.12 rows=246 width=4) (actual time=0.035..1278.336 rows=2667 loops=1)
                    Filter: (keyword_id = 1415)
                    Rows Removed by Filter: 4521263
              ->  Index Scan using title_pkey on title t  (cost=0.43..8.40 rows=1 width=4) (actual time=0.043..0.043 rows=0 loops=2667)
                    Index Cond: (id = mk.movie_id)
                    Filter: ((production_year > 1908) AND (kind_id = 7))
                    Rows Removed by Filter: 1
Planning time: 1.306 ms
Execution time: 16945.236 ms
