Hash Join  (cost=215995.01..1415997.17 rows=13595532 width=0) (actual time=5435.933..45230.012 rows=40050505 loops=1)
  Hash Cond: (ci.movie_id = t.id)
  ->  Seq Scan on cast_info ci  (cost=0.00..705507.15 rows=30629517 width=4) (actual time=0.012..16480.796 rows=30724151 loops=1)
        Filter: (person_id > 532791)
        Rows Removed by Filter: 5520193
  ->  Hash  (cost=197580.79..197580.79 rows=1122338 width=8) (actual time=5434.732..5434.732 rows=1274246 loops=1)
        Buckets: 131072 (originally 131072)  Batches: 32 (originally 16)  Memory Usage: 3073kB
        ->  Hash Join  (cost=102767.86..197580.79 rows=1122338 width=8) (actual time=2109.109..5043.176 rows=1274246 loops=1)
              Hash Cond: (mc.movie_id = t.id)
              ->  Seq Scan on movie_companies mc  (cost=0.00..57926.93 rows=1122338 width=4) (actual time=237.335..1399.535 rows=1274246 loops=1)
                    Filter: ((company_id < 91418) AND (company_type_id < 2))
                    Rows Removed by Filter: 1334883
              ->  Hash  (cost=61283.27..61283.27 rows=2528527 width=4) (actual time=1870.409..1870.409 rows=2528312 loops=1)
                    Buckets: 131072  Batches: 64  Memory Usage: 2415kB
                    ->  Seq Scan on title t  (cost=0.00..61283.27 rows=2528527 width=4) (actual time=0.020..1054.861 rows=2528312 loops=1)
Planning time: 0.959 ms
Execution time: 49163.446 ms
