Seq Scan on movie_keyword mk  (cost=0.00..81003.12 rows=239173 width=0) (actual time=0.027..1324.188 rows=238745 loops=1)
  Filter: (keyword_id > 62076)
  Rows Removed by Filter: 4285185
Planning time: 0.328 ms
Execution time: 1355.275 ms
