Hash Join  (cost=157555.27..214484.78 rows=972 width=0) (actual time=2665.256..3780.918 rows=1681 loops=1)
  Hash Cond: (mc.movie_id = t.id)
  ->  Seq Scan on movie_companies mc  (cost=0.00..51404.11 rows=1470851 width=4) (actual time=0.016..908.350 rows=1463794 loops=1)
        Filter: (company_id < 13180)
        Rows Removed by Filter: 1145335
  ->  Hash  (cost=157534.39..157534.39 rows=1670 width=8) (actual time=2664.988..2664.988 rows=776 loops=1)
        Buckets: 2048  Batches: 1  Memory Usage: 47kB
        ->  Hash Join  (cost=75636.60..157534.39 rows=1670 width=8) (actual time=1349.478..2664.564 rows=776 loops=1)
              Hash Cond: (mk.movie_id = t.id)
              ->  Seq Scan on movie_keyword mk  (cost=0.00..81003.12 rows=40524 width=4) (actual time=0.144..1292.847 rows=33199 loops=1)
                    Filter: (keyword_id < 41)
                    Rows Removed by Filter: 4490731
              ->  Hash  (cost=73925.90..73925.90 rows=104216 width=4) (actual time=1340.032..1340.032 rows=108513 loops=1)
                    Buckets: 131072  Batches: 2  Memory Usage: 2937kB
                    ->  Seq Scan on title t  (cost=0.00..73925.90 rows=104216 width=4) (actual time=0.010..1296.468 rows=108513 loops=1)
                          Filter: ((kind_id > 1) AND (production_year = 2010))
                          Rows Removed by Filter: 2419799
Planning time: 13.579 ms
Execution time: 3781.345 ms
