Hash Join  (cost=76192.15..132408.53 rows=42014 width=0) (actual time=1720.481..2296.242 rows=44976 loops=1)
  Hash Cond: (mc.movie_id = t.id)
  ->  Seq Scan on movie_companies mc  (cost=0.00..51404.11 rows=202968 width=4) (actual time=445.437..848.968 rows=204428 loops=1)
        Filter: (company_id > 112132)
        Rows Removed by Filter: 2404701
  ->  Hash  (cost=67604.59..67604.59 rows=523405 width=4) (actual time=1274.064..1274.064 rows=523734 loops=1)
        Buckets: 131072  Batches: 8  Memory Usage: 3319kB
        ->  Seq Scan on title t  (cost=0.00..67604.59 rows=523405 width=4) (actual time=0.024..1101.510 rows=523734 loops=1)
              Filter: (production_year < 1981)
              Rows Removed by Filter: 2004578
Planning time: 0.827 ms
Execution time: 2301.401 ms
