Hash Join  (cost=102767.86..174100.10 rows=146542 width=0) (actual time=2100.610..3351.867 rows=224384 loops=1)
  Hash Cond: (mc.movie_id = t.id)
  ->  Seq Scan on movie_companies mc  (cost=0.00..57926.93 rows=146542 width=4) (actual time=214.274..856.209 rows=224384 loops=1)
        Filter: ((company_id < 160) AND (company_type_id < 2))
        Rows Removed by Filter: 2384745
  ->  Hash  (cost=61283.27..61283.27 rows=2528527 width=4) (actual time=1884.957..1884.957 rows=2528312 loops=1)
        Buckets: 131072  Batches: 64  Memory Usage: 2415kB
        ->  Seq Scan on title t  (cost=0.00..61283.27 rows=2528527 width=4) (actual time=0.026..1048.850 rows=2528312 loops=1)
Planning time: 0.752 ms
Execution time: 3380.253 ms
