Hash Join  (cost=80220.64..583889.57 rows=2236400 width=0) (actual time=1201.676..13577.847 rows=1131042 loops=1)
  Hash Cond: (mi.movie_id = t.id)
  ->  Seq Scan on movie_info mi  (cost=0.00..309384.22 rows=14739122 width=4) (actual time=0.008..5688.778 rows=14835720 loops=1)
  ->  Hash  (cost=73925.90..73925.90 rows=383659 width=4) (actual time=1200.735..1200.735 rows=265354 loops=1)
        Buckets: 131072  Batches: 8  Memory Usage: 2184kB
        ->  Seq Scan on title t  (cost=0.00..73925.90 rows=383659 width=4) (actual time=0.031..1107.903 rows=265354 loops=1)
              Filter: ((production_year < 1987) AND (kind_id = 7))
              Rows Removed by Filter: 2262958
Planning time: 0.841 ms
Execution time: 13697.236 ms
