Hash Join  (cost=102767.86..213237.46 rows=814060 width=0) (actual time=2003.652..4391.639 rows=817844 loops=1)
  Hash Cond: (mk.movie_id = t.id)
  ->  Seq Scan on movie_keyword mk  (cost=0.00..81003.12 rows=814060 width=4) (actual time=0.020..1356.932 rows=817844 loops=1)
        Filter: (keyword_id > 22373)
        Rows Removed by Filter: 3706086
  ->  Hash  (cost=61283.27..61283.27 rows=2528527 width=4) (actual time=2001.581..2001.581 rows=2528312 loops=1)
        Buckets: 131072  Batches: 64  Memory Usage: 2425kB
        ->  Seq Scan on title t  (cost=0.00..61283.27 rows=2528527 width=4) (actual time=0.015..1158.538 rows=2528312 loops=1)
Planning time: 0.666 ms
Execution time: 4489.780 ms
