Hash Join  (cost=79572.46..111971.91 rows=61805 width=0) (actual time=1092.176..1857.377 rows=81638 loops=1)
  Hash Cond: (mi_idx.movie_id = t.id)
  ->  Seq Scan on movie_info_idx mi_idx  (cost=0.00..25185.44 rows=454124 width=4) (actual time=0.016..494.648 rows=459925 loops=1)
        Filter: (info_type_id = 100)
        Rows Removed by Filter: 920110
  ->  Hash  (cost=73925.90..73925.90 rows=344124 width=4) (actual time=1091.332..1091.332 rows=277148 loops=1)
        Buckets: 131072  Batches: 8  Memory Usage: 2235kB
        ->  Seq Scan on title t  (cost=0.00..73925.90 rows=344124 width=4) (actual time=0.026..1000.846 rows=277148 loops=1)
              Filter: ((kind_id < 4) AND (production_year > 2005))
              Rows Removed by Filter: 2251164
Planning time: 0.783 ms
Execution time: 1868.364 ms
