Hash Join  (cost=102767.86..260433.07 rows=2775390 width=0) (actual time=1925.733..6120.722 rows=2766259 loops=1)
  Hash Cond: (mk.movie_id = t.id)
  ->  Seq Scan on movie_keyword mk  (cost=0.00..81003.12 rows=2775390 width=4) (actual time=0.025..1719.565 rows=2766259 loops=1)
        Filter: (keyword_id > 2860)
        Rows Removed by Filter: 1757671
  ->  Hash  (cost=61283.27..61283.27 rows=2528527 width=4) (actual time=1924.370..1924.370 rows=2528312 loops=1)
        Buckets: 131072  Batches: 64  Memory Usage: 2425kB
        ->  Seq Scan on title t  (cost=0.00..61283.27 rows=2528527 width=4) (actual time=0.022..1074.389 rows=2528312 loops=1)
Planning time: 0.694 ms
Execution time: 6448.140 ms
