Hash Join  (cost=171645.95..310578.06 rows=1391285 width=0) (actual time=3693.927..7601.827 rows=2207988 loops=1)
  Hash Cond: (mk.movie_id = t.id)
  ->  Seq Scan on movie_keyword mk  (cost=0.00..81003.12 rows=3463504 width=4) (actual time=0.019..1774.402 rows=3455780 loops=1)
        Filter: (keyword_id < 16501)
        Rows Removed by Filter: 1068150
  ->  Hash  (cost=154981.62..154981.62 rows=1015706 width=8) (actual time=3693.135..3693.135 rows=750135 loops=1)
        Buckets: 131072  Batches: 16  Memory Usage: 2873kB
        ->  Hash Join  (cost=98137.04..154981.62 rows=1015706 width=8) (actual time=1826.092..3469.396 rows=750135 loops=1)
              Hash Cond: (mi_idx.movie_id = t.id)
              ->  Seq Scan on movie_info_idx mi_idx  (cost=0.00..21735.35 rows=1380035 width=4) (actual time=0.012..456.248 rows=1380035 loops=1)
              ->  Hash  (cost=67604.59..67604.59 rows=1860996 width=4) (actual time=1824.336..1824.336 rows=1865487 loops=1)
                    Buckets: 131072  Batches: 32  Memory Usage: 3079kB
                    ->  Seq Scan on title t  (cost=0.00..67604.59 rows=1860996 width=4) (actual time=0.010..1245.533 rows=1865487 loops=1)
                          Filter: (kind_id > 1)
                          Rows Removed by Filter: 662825
Planning time: 1.300 ms
Execution time: 7874.969 ms
