Hash Join  (cost=109031.43..205910.46 rows=98196 width=0) (actual time=2447.583..5265.526 rows=516621 loops=1)
  Hash Cond: (mk.movie_id = t.id)
  ->  Seq Scan on movie_keyword mk  (cost=0.00..81003.12 rows=3971718 width=4) (actual time=0.024..1586.424 rows=3974411 loops=1)
        Filter: (keyword_id < 33529)
        Rows Removed by Filter: 549519
  ->  Hash  (cost=108249.99..108249.99 rows=62515 width=8) (actual time=2446.955..2446.955 rows=83550 loops=1)
        Buckets: 131072 (originally 65536)  Batches: 2 (originally 1)  Memory Usage: 3073kB
        ->  Hash Join  (cost=69484.36..108249.99 rows=62515 width=8) (actual time=1146.052..2415.103 rows=83550 loops=1)
              Hash Cond: (mi_idx.movie_id = t.id)
              ->  Seq Scan on movie_info_idx mi_idx  (cost=0.00..21735.35 rows=1380035 width=4) (actual time=0.018..471.241 rows=1380035 loops=1)
              ->  Hash  (cost=67604.59..67604.59 rows=114542 width=4) (actual time=1139.157..1139.157 rows=118234 loops=1)
                    Buckets: 131072  Batches: 2  Memory Usage: 3101kB
                    ->  Seq Scan on title t  (cost=0.00..67604.59 rows=114542 width=4) (actual time=0.026..1096.657 rows=118234 loops=1)
                          Filter: (kind_id = 4)
                          Rows Removed by Filter: 2410078
Planning time: 1.102 ms
Execution time: 5330.064 ms
