Hash Join  (cost=190230.21..301046.27 rows=783123 width=0) (actual time=4312.894..7990.576 rows=3270687 loops=1)
  Hash Cond: (mk.movie_id = t.id)
  ->  Seq Scan on movie_keyword mk  (cost=0.00..81003.12 rows=1434853 width=4) (actual time=0.027..1515.665 rows=1450815 loops=1)
        Filter: (keyword_id < 2042)
        Rows Removed by Filter: 3073115
  ->  Hash  (cost=167588.78..167588.78 rows=1380035 width=8) (actual time=4311.728..4311.728 rows=1380035 loops=1)
        Buckets: 131072  Batches: 32  Memory Usage: 2726kB
        ->  Hash Join  (cost=102767.86..167588.78 rows=1380035 width=8) (actual time=1928.359..3897.206 rows=1380035 loops=1)
              Hash Cond: (mi_idx.movie_id = t.id)
              ->  Seq Scan on movie_info_idx mi_idx  (cost=0.00..21735.35 rows=1380035 width=4) (actual time=0.018..423.380 rows=1380035 loops=1)
              ->  Hash  (cost=61283.27..61283.27 rows=2528527 width=4) (actual time=1926.951..1926.951 rows=2528312 loops=1)
                    Buckets: 131072  Batches: 64  Memory Usage: 2415kB
                    ->  Seq Scan on title t  (cost=0.00..61283.27 rows=2528527 width=4) (actual time=0.010..1079.927 rows=2528312 loops=1)
Planning time: 1.182 ms
Execution time: 8308.211 ms
