Hash Join  (cost=446064.34..1503562.46 rows=2306588 width=0) (actual time=7828.871..41163.955 rows=13095738 loops=1)
  Hash Cond: (ci.movie_id = t.id)
  ->  Seq Scan on cast_info ci  (cost=0.00..614943.12 rows=36225612 width=4) (actual time=0.010..13219.005 rows=36244344 loops=1)
  ->  Hash  (cost=443422.85..443422.85 rows=160999 width=8) (actual time=7827.740..7827.740 rows=797516 loops=1)
        Buckets: 131072 (originally 131072)  Batches: 16 (originally 4)  Memory Usage: 3073kB
        ->  Hash Join  (cost=78917.17..443422.85 rows=160999 width=8) (actual time=1891.178..7646.484 rows=797516 loops=1)
              Hash Cond: (mi.movie_id = t.id)
              ->  Seq Scan on movie_info mi  (cost=0.00..346232.03 rows=1338312 width=4) (actual time=548.687..5488.816 rows=1401902 loops=1)
                    Filter: (info_type_id = 7)
                    Rows Removed by Filter: 13433818
              ->  Hash  (cost=73925.90..73925.90 rows=304181 width=4) (actual time=1341.576..1341.576 rows=422218 loops=1)
                    Buckets: 131072 (originally 131072)  Batches: 8 (originally 4)  Memory Usage: 3073kB
                    ->  Seq Scan on title t  (cost=0.00..73925.90 rows=304181 width=4) (actual time=0.038..1186.656 rows=422218 loops=1)
                          Filter: ((kind_id < 7) AND (production_year < 1994))
                          Rows Removed by Filter: 2106094
Planning time: 1.988 ms
Execution time: 42580.064 ms
