Hash Join  (cost=89201.08..522089.73 rows=2005220 width=0) (actual time=3938.992..11413.295 rows=1283072 loops=1)
  Hash Cond: (mi.movie_id = t.id)
  ->  Seq Scan on movie_info mi  (cost=0.00..346232.03 rows=5445713 width=4) (actual time=1820.189..5639.279 rows=5410520 loops=1)
        Filter: (info_type_id < 6)
        Rows Removed by Filter: 9425200
  ->  Hash  (cost=73925.90..73925.90 rows=931054 width=4) (actual time=2117.742..2117.742 rows=852178 loops=1)
        Buckets: 131072  Batches: 16  Memory Usage: 2905kB
        ->  Seq Scan on title t  (cost=0.00..73925.90 rows=931054 width=4) (actual time=0.038..1424.996 rows=852178 loops=1)
              Filter: ((kind_id > 1) AND (production_year < 2004))
              Rows Removed by Filter: 1676134
Planning time: 0.850 ms
Execution time: 11572.311 ms
