Seq Scan on movie_companies mc  (cost=0.00..57926.93 rows=960384 width=0) (actual time=0.029..1107.047 rows=813876 loops=1)
  Filter: ((company_id > 846) AND (company_type_id = 1))
  Rows Removed by Filter: 1795253
Planning time: 0.475 ms
Execution time: 1202.291 ms
