Seq Scan on cast_info ci  (cost=0.00..705507.15 rows=500 width=0) (actual time=11643.962..11796.365 rows=32 loops=1)
  Filter: (person_id = 546624)
  Rows Removed by Filter: 36244312
Planning time: 1.923 ms
Execution time: 11796.477 ms
