Seq Scan on movie_companies mc  (cost=0.00..57926.93 rows=848295 width=0) (actual time=389.697..1083.707 rows=1056561 loops=1)
  Filter: ((company_id > 3577) AND (company_type_id > 1))
  Rows Removed by Filter: 1552568
Planning time: 0.296 ms
Execution time: 1219.713 ms
