Hash Join  (cost=709678.15..796345.14 rows=895 width=0) (actual time=9562.336..11255.173 rows=276 loops=1)
  Hash Cond: (mk.movie_id = t.id)
  ->  Seq Scan on movie_keyword mk  (cost=0.00..69693.30 rows=4523930 width=4) (actual time=0.022..1020.625 rows=4523930 loops=1)
  ->  Hash  (cost=709671.90..709671.90 rows=500 width=8) (actual time=9498.326..9498.326 rows=78 loops=1)
        Buckets: 1024  Batches: 1  Memory Usage: 12kB
        ->  Nested Loop  (cost=0.43..709671.90 rows=500 width=8) (actual time=8299.195..9498.265 rows=78 loops=1)
              ->  Seq Scan on cast_info ci  (cost=0.00..705507.15 rows=500 width=4) (actual time=8299.077..9493.169 rows=78 loops=1)
                    Filter: (person_id = 2601251)
                    Rows Removed by Filter: 36244266
              ->  Index Only Scan using title_pkey on title t  (cost=0.43..8.32 rows=1 width=4) (actual time=0.064..0.064 rows=1 loops=78)
                    Index Cond: (id = ci.movie_id)
                    Heap Fetches: 78
Planning time: 1.182 ms
Execution time: 11255.381 ms
