Hash Join  (cost=94666.80..1067044.45 rows=5730656 width=0) (actual time=8012.516..19575.854 rows=4007436 loops=1)
  Hash Cond: (ci.movie_id = t.id)
  ->  Seq Scan on cast_info ci  (cost=0.00..796071.18 rows=8784781 width=4) (actual time=6213.985..13407.923 rows=5283402 loops=1)
        Filter: ((person_id > 2334314) AND (role_id < 4))
        Rows Removed by Filter: 30960942
  ->  Hash  (cost=67604.59..67604.59 rows=1649457 width=4) (actual time=1797.175..1797.175 rows=1643514 loops=1)
        Buckets: 131072  Batches: 32  Memory Usage: 2831kB
        ->  Seq Scan on title t  (cost=0.00..67604.59 rows=1649457 width=4) (actual time=0.026..1243.348 rows=1643514 loops=1)
              Filter: (production_year > 1994)
              Rows Removed by Filter: 884798
Planning time: 0.589 ms
Execution time: 20047.417 ms
