Nested Loop  (cost=0.43..797488.04 rows=168 width=0) (actual time=10011.716..13770.795 rows=157 loops=1)
  ->  Seq Scan on cast_info ci  (cost=0.00..796071.18 rows=168 width=4) (actual time=10011.604..13762.179 rows=157 loops=1)
        Filter: ((role_id > 3) AND (person_id = 2826057))
        Rows Removed by Filter: 36244187
  ->  Index Only Scan using title_pkey on title t  (cost=0.43..8.42 rows=1 width=4) (actual time=0.054..0.054 rows=1 loops=157)
        Index Cond: (id = ci.movie_id)
        Heap Fetches: 157
Planning time: 0.772 ms
Execution time: 13770.922 ms
