Hash Join  (cost=177794.84..307200.09 rows=607621 width=0) (actual time=3638.894..7645.041 rows=2282155 loops=1)
  Hash Cond: (mk.movie_id = t.id)
  ->  Seq Scan on movie_keyword mk  (cost=0.00..69693.30 rows=4523930 width=4) (actual time=0.023..1501.064 rows=4523930 loops=1)
  ->  Hash  (cost=172222.68..172222.68 rows=339613 width=8) (actual time=3637.774..3637.774 rows=334457 loops=1)
        Buckets: 131072  Batches: 8  Memory Usage: 2671kB
        ->  Hash Join  (cost=102767.86..172222.68 rows=339613 width=8) (actual time=1997.261..3531.748 rows=334457 loops=1)
              Hash Cond: (mc.movie_id = t.id)
              ->  Seq Scan on movie_companies mc  (cost=0.00..51404.11 rows=339613 width=4) (actual time=0.010..818.418 rows=334457 loops=1)
                    Filter: (company_id < 166)
                    Rows Removed by Filter: 2274672
              ->  Hash  (cost=61283.27..61283.27 rows=2528527 width=4) (actual time=1995.833..1995.833 rows=2528312 loops=1)
                    Buckets: 131072  Batches: 64  Memory Usage: 2415kB
                    ->  Seq Scan on title t  (cost=0.00..61283.27 rows=2528527 width=4) (actual time=0.027..1111.654 rows=2528312 loops=1)
Planning time: 1.139 ms
Execution time: 7931.635 ms
