Hash Join  (cost=569636.83..1543013.43 rows=7094984 width=0) (actual time=12721.294..40638.956 rows=38445516 loops=1)
  Hash Cond: (ci.movie_id = t.id)
  ->  Seq Scan on cast_info ci  (cost=0.00..796071.18 rows=6833695 width=4) (actual time=0.122..13591.807 rows=10541521 loops=1)
        Filter: ((person_id > 2655042) AND (role_id > 1))
        Rows Removed by Filter: 25702823
  ->  Hash  (cost=526566.75..526566.75 rows=2625206 width=8) (actual time=12718.614..12718.614 rows=2604513 loops=1)
        Buckets: 131072  Batches: 64  Memory Usage: 2608kB
        ->  Hash Join  (cost=88295.76..526566.75 rows=2625206 width=8) (actual time=3490.975..11918.955 rows=2604513 loops=1)
              Hash Cond: (mi.movie_id = t.id)
              ->  Seq Scan on movie_info mi  (cost=0.00..346232.03 rows=5263441 width=4) (actual time=1601.400..6396.064 rows=5270569 loops=1)
                    Filter: (info_type_id > 15)
                    Rows Removed by Filter: 9565151
              ->  Hash  (cost=67604.59..67604.59 rows=1261134 width=4) (actual time=1888.622..1888.622 rows=1260295 loops=1)
                    Buckets: 131072  Batches: 32  Memory Usage: 2420kB
                    ->  Seq Scan on title t  (cost=0.00..67604.59 rows=1261134 width=4) (actual time=0.034..1145.180 rows=1260295 loops=1)
                          Filter: (production_year > 2002)
                          Rows Removed by Filter: 1268017
Planning time: 1.292 ms
Execution time: 44554.638 ms
