Seq Scan on movie_companies mc  (cost=0.00..57926.93 rows=586992 width=0) (actual time=0.048..1008.871 rows=871290 loops=1)
  Filter: ((company_id > 12980) AND (company_type_id = 2))
  Rows Removed by Filter: 1737839
Planning time: 0.398 ms
Execution time: 1117.675 ms
