Hash Join  (cost=94699.36..152895.15 rows=115 width=0) (actual time=1792.257..2604.350 rows=1587 loops=1)
  Hash Cond: (mc.movie_id = t.id)
  ->  Seq Scan on movie_companies mc  (cost=0.00..57926.93 rows=71388 width=4) (actual time=0.014..784.814 rows=139219 loops=1)
        Filter: ((company_id > 136745) AND (company_type_id > 1))
        Rows Removed by Filter: 2469910
  ->  Hash  (cost=94648.62..94648.62 rows=4059 width=8) (actual time=1791.896..1791.896 rows=12122 loops=1)
        Buckets: 16384 (originally 4096)  Batches: 1 (originally 1)  Memory Usage: 602kB
        ->  Hash Join  (cost=67697.55..94648.62 rows=4059 width=8) (actual time=1174.632..1787.071 rows=12122 loops=1)
              Hash Cond: (mi_idx.movie_id = t.id)
              ->  Seq Scan on movie_info_idx mi_idx  (cost=0.00..21735.35 rows=1380035 width=4) (actual time=0.012..295.983 rows=1380035 loops=1)
              ->  Hash  (cost=67604.59..67604.59 rows=7437 width=4) (actual time=1174.442..1174.442 rows=15489 loops=1)
                    Buckets: 16384 (originally 8192)  Batches: 1 (originally 1)  Memory Usage: 673kB
                    ->  Seq Scan on title t  (cost=0.00..67604.59 rows=7437 width=4) (actual time=0.072..1167.050 rows=15489 loops=1)
                          Filter: (production_year = 1983)
                          Rows Removed by Filter: 2512823
Planning time: 1.028 ms
Execution time: 2604.896 ms
