Seq Scan on movie_keyword mk  (cost=0.00..81003.12 rows=888643 width=0) (actual time=0.024..1333.222 rows=895451 loops=1)
  Filter: (keyword_id > 20602)
  Rows Removed by Filter: 3628479
Planning time: 0.319 ms
Execution time: 1442.578 ms
