Hash Join  (cost=183745.63..1262700.01 rows=4395216 width=0) (actual time=4067.986..37419.314 rows=13625271 loops=1)
  Hash Cond: (ci.movie_id = t.id)
  ->  Seq Scan on cast_info ci  (cost=0.00..614943.12 rows=36225612 width=4) (actual time=0.019..13054.140 rows=36244344 loops=1)
  ->  Hash  (cost=178711.83..178711.83 rows=306784 width=8) (actual time=4066.650..4066.650 rows=420430 loops=1)
        Buckets: 131072  Batches: 8  Memory Usage: 3111kB
        ->  Hash Join  (cost=77934.62..178711.83 rows=306784 width=8) (actual time=1756.878..3943.879 rows=420430 loops=1)
              Hash Cond: (mk.movie_id = t.id)
              ->  Seq Scan on movie_keyword mk  (cost=0.00..81003.12 rows=1232063 width=4) (actual time=0.028..1391.758 rows=1244431 loops=1)
                    Filter: (keyword_id < 1582)
                    Rows Removed by Filter: 3279499
              ->  Hash  (cost=67604.59..67604.59 rows=629603 width=4) (actual time=1756.066..1756.066 rows=622851 loops=1)
                    Buckets: 131072  Batches: 16  Memory Usage: 2394kB
                    ->  Seq Scan on title t  (cost=0.00..67604.59 rows=629603 width=4) (actual time=0.012..1131.042 rows=622851 loops=1)
                          Filter: (production_year < 1987)
                          Rows Removed by Filter: 1905461
Planning time: 1.169 ms
Execution time: 39064.475 ms
