Seq Scan on movie_companies mc  (cost=0.00..57926.93 rows=1051365 width=0) (actual time=201.929..1024.438 rows=1192744 loops=1)
  Filter: ((company_id > 538) AND (company_type_id = 2))
  Rows Removed by Filter: 1416385
Planning time: 0.401 ms
Execution time: 1153.121 ms
