Seq Scan on movie_companies mc  (cost=0.00..57926.93 rows=51 width=0) (actual time=498.032..768.908 rows=915 loops=1)
  Filter: ((company_id = 14712) AND (company_type_id = 1))
  Rows Removed by Filter: 2608214
Planning time: 0.398 ms
Execution time: 769.202 ms
