Hash Join  (cost=102767.86..229530.85 rows=1491192 width=0) (actual time=2065.988..5207.065 rows=1502245 loops=1)
  Hash Cond: (mk.movie_id = t.id)
  ->  Seq Scan on movie_keyword mk  (cost=0.00..81003.12 rows=1491192 width=4) (actual time=0.017..1634.239 rows=1502245 loops=1)
        Filter: (keyword_id < 2164)
        Rows Removed by Filter: 3021685
  ->  Hash  (cost=61283.27..61283.27 rows=2528527 width=4) (actual time=2059.552..2059.552 rows=2528312 loops=1)
        Buckets: 131072  Batches: 64  Memory Usage: 2425kB
        ->  Seq Scan on title t  (cost=0.00..61283.27 rows=2528527 width=4) (actual time=0.017..1188.128 rows=2528312 loops=1)
Planning time: 0.685 ms
Execution time: 5373.799 ms
