Hash Join  (cost=175857.92..1295496.64 rows=8355656 width=0) (actual time=4469.970..44779.291 rows=38222009 loops=1)
  Hash Cond: (ci.movie_id = t.id)
  ->  Seq Scan on cast_info ci  (cost=0.00..614943.12 rows=36225612 width=4) (actual time=0.016..13392.593 rows=36244344 loops=1)
  ->  Hash  (cost=166288.67..166288.67 rows=583220 width=8) (actual time=4469.010..4469.010 rows=1316697 loops=1)
        Buckets: 131072 (originally 131072)  Batches: 32 (originally 8)  Memory Usage: 3073kB
        ->  Hash Join  (cost=83198.94..166288.67 rows=583220 width=8) (actual time=1460.555..4111.757 rows=1316697 loops=1)
              Hash Cond: (mc.movie_id = t.id)
              ->  Seq Scan on movie_companies mc  (cost=0.00..44881.29 rows=2609129 width=4) (actual time=0.020..976.094 rows=2609129 loops=1)
              ->  Hash  (cost=73925.90..73925.90 rows=565203 width=4) (actual time=1459.646..1459.646 rows=641785 loops=1)
                    Buckets: 131072  Batches: 8  Memory Usage: 3862kB
                    ->  Seq Scan on title t  (cost=0.00..73925.90 rows=565203 width=4) (actual time=0.019..1264.325 rows=641785 loops=1)
                          Filter: ((kind_id < 7) AND (production_year < 2006))
                          Rows Removed by Filter: 1886527
Planning time: 1.188 ms
Execution time: 48804.177 ms
