Hash Join  (cost=83072.30..109982.79 rows=1 width=0) (actual time=1349.022..1860.991 rows=45 loops=1)
  Hash Cond: (mi_idx.movie_id = t.id)
  ->  Seq Scan on movie_info_idx mi_idx  (cost=0.00..21735.35 rows=1380035 width=4) (actual time=0.022..270.308 rows=1380035 loops=1)
  ->  Hash  (cost=83072.29..83072.29 rows=1 width=8) (actual time=1333.099..1333.099 rows=16 loops=1)
        Buckets: 1024  Batches: 1  Memory Usage: 9kB
        ->  Nested Loop  (cost=0.43..83072.29 rows=1 width=8) (actual time=206.054..1333.043 rows=16 loops=1)
              ->  Seq Scan on movie_keyword mk  (cost=0.00..81003.12 rows=246 width=4) (actual time=0.158..1297.991 rows=1763 loops=1)
                    Filter: (keyword_id = 7877)
                    Rows Removed by Filter: 4522167
              ->  Index Scan using title_pkey on title t  (cost=0.43..8.40 rows=1 width=4) (actual time=0.019..0.019 rows=0 loops=1763)
                    Index Cond: (id = mk.movie_id)
                    Filter: (production_year = 1953)
                    Rows Removed by Filter: 1
Planning time: 4.379 ms
Execution time: 1861.134 ms
