Seq Scan on movie_keyword mk  (cost=0.00..81003.12 rows=2940753 width=0) (actual time=0.019..1600.149 rows=2932928 loops=1)
  Filter: (keyword_id > 2439)
  Rows Removed by Filter: 1591002
Planning time: 0.340 ms
Execution time: 1974.108 ms
