Hash Join  (cost=135940.83..487303.02 rows=7465 width=0) (actual time=5998.486..7944.177 rows=3158 loops=1)
  Hash Cond: (mi.movie_id = t.id)
  ->  Seq Scan on movie_info mi  (cost=0.00..346232.03 rows=1348138 width=4) (actual time=3554.743..5291.079 rows=1298989 loops=1)
        Filter: (info_type_id = 4)
        Rows Removed by Filter: 13536731
  ->  Hash  (cost=135765.81..135765.81 rows=14001 width=8) (actual time=2443.001..2443.001 rows=6264 loops=1)
        Buckets: 16384  Batches: 1  Memory Usage: 373kB
        ->  Hash Join  (cost=74434.21..135765.81 rows=14001 width=8) (actual time=1148.468..2440.676 rows=6264 loops=1)
              Hash Cond: (mc.movie_id = t.id)
              ->  Seq Scan on movie_companies mc  (cost=0.00..57926.93 rows=870577 width=4) (actual time=98.405..1126.660 rows=1073227 loops=1)
                    Filter: ((company_id > 2840) AND (company_type_id = 2))
                    Rows Removed by Filter: 1535902
              ->  Hash  (cost=73925.90..73925.90 rows=40664 width=4) (actual time=1048.459..1048.459 rows=40257 loops=1)
                    Buckets: 65536  Batches: 1  Memory Usage: 1928kB
                    ->  Seq Scan on title t  (cost=0.00..73925.90 rows=40664 width=4) (actual time=0.022..1031.340 rows=40257 loops=1)
                          Filter: ((production_year > 2012) AND (kind_id = 7))
                          Rows Removed by Filter: 2488055
Planning time: 1.150 ms
Execution time: 7944.926 ms
