Seq Scan on movie_companies mc  (cost=0.00..57926.93 rows=53 width=0) (actual time=50.008..2259.654 rows=28 loops=1)
  Filter: ((company_id = 97429) AND (company_type_id = 2))
  Rows Removed by Filter: 2609101
Planning time: 0.390 ms
Execution time: 2259.751 ms
