Seq Scan on cast_info ci  (cost=0.00..796071.18 rows=3254706 width=0) (actual time=1415.008..42644.310 rows=1198825 loops=1)
  Filter: ((person_id < 2800395) AND (role_id = 10))
  Rows Removed by Filter: 35045519
Planning time: 0.421 ms
Execution time: 42863.278 ms
