Seq Scan on movie_keyword mk  (cost=0.00..81003.12 rows=2650141 width=0) (actual time=0.020..1502.332 rows=2639405 loops=1)
  Filter: (keyword_id > 3219)
  Rows Removed by Filter: 1884525
Planning time: 0.312 ms
Execution time: 1843.679 ms
