Hash Join  (cost=513038.35..664212.88 rows=2394449 width=0) (actual time=9661.487..15823.343 rows=13013811 loops=1)
  Hash Cond: (mk.movie_id = t.id)
  ->  Seq Scan on movie_keyword mk  (cost=0.00..69693.30 rows=4523930 width=4) (actual time=0.019..1390.760 rows=4523930 loops=1)
  ->  Hash  (cost=491081.45..491081.45 rows=1338312 width=8) (actual time=9660.246..9660.246 rows=1401902 loops=1)
        Buckets: 131072  Batches: 32  Memory Usage: 2722kB
        ->  Hash Join  (cost=102767.86..491081.45 rows=1338312 width=8) (actual time=4299.605..9247.375 rows=1401902 loops=1)
              Hash Cond: (mi.movie_id = t.id)
              ->  Seq Scan on movie_info mi  (cost=0.00..346232.03 rows=1338312 width=4) (actual time=1911.922..5322.280 rows=1401902 loops=1)
                    Filter: (info_type_id = 7)
                    Rows Removed by Filter: 13433818
              ->  Hash  (cost=61283.27..61283.27 rows=2528527 width=4) (actual time=2386.285..2386.285 rows=2528312 loops=1)
                    Buckets: 131072  Batches: 64  Memory Usage: 2425kB
                    ->  Seq Scan on title t  (cost=0.00..61283.27 rows=2528527 width=4) (actual time=0.018..936.024 rows=2528312 loops=1)
Planning time: 1.229 ms
Execution time: 17201.861 ms
