Seq Scan on movie_companies mc  (cost=0.00..57926.93 rows=609734 width=0) (actual time=631.820..2716.879 rows=362804 loops=1)
  Filter: ((company_id > 11600) AND (company_type_id = 1))
  Rows Removed by Filter: 2246325
Planning time: 1.605 ms
Execution time: 2765.382 ms
