Hash Join  (cost=102767.86..971474.14 rows=2608068 width=0) (actual time=13836.927..45198.514 rows=4053262 loops=1)
  Hash Cond: (ci.movie_id = t.id)
  ->  Seq Scan on cast_info ci  (cost=0.00..796071.18 rows=2608068 width=4) (actual time=8254.941..34668.912 rows=4053262 loops=1)
        Filter: ((person_id > 3313276) AND (role_id > 1))
        Rows Removed by Filter: 32191082
  ->  Hash  (cost=61283.27..61283.27 rows=2528527 width=4) (actual time=5580.203..5580.203 rows=2528312 loops=1)
        Buckets: 131072  Batches: 64  Memory Usage: 2415kB
        ->  Seq Scan on title t  (cost=0.00..61283.27 rows=2528527 width=4) (actual time=0.023..4269.818 rows=2528312 loops=1)
Planning time: 0.779 ms
Execution time: 45792.664 ms
