Hash Join  (cost=127075.56..213806.10 rows=7251 width=0) (actual time=1917.906..3761.344 rows=66442 loops=1)
  Hash Cond: (mk.movie_id = t.id)
  ->  Seq Scan on movie_keyword mk  (cost=0.00..69693.30 rows=4523930 width=4) (actual time=0.024..1004.335 rows=4523930 loops=1)
  ->  Hash  (cost=127024.89..127024.89 rows=4053 width=8) (actual time=1917.078..1917.078 rows=6462 loops=1)
        Buckets: 8192 (originally 4096)  Batches: 1 (originally 1)  Memory Usage: 317kB
        ->  Hash Join  (cost=68113.45..127024.89 rows=4053 width=8) (actual time=1023.905..1914.463 rows=6462 loops=1)
              Hash Cond: (mc.movie_id = t.id)
              ->  Seq Scan on movie_companies mc  (cost=0.00..57926.93 rows=251728 width=4) (actual time=9.721..785.904 rows=496203 loops=1)
                    Filter: ((company_id > 74394) AND (company_type_id > 1))
                    Rows Removed by Filter: 2112926
              ->  Hash  (cost=67604.59..67604.59 rows=40709 width=4) (actual time=1013.569..1013.569 rows=38955 loops=1)
                    Buckets: 65536  Batches: 1  Memory Usage: 1882kB
                    ->  Seq Scan on title t  (cost=0.00..67604.59 rows=40709 width=4) (actual time=0.031..997.188 rows=38955 loops=1)
                          Filter: (production_year = 1997)
                          Rows Removed by Filter: 2489357
Planning time: 1.160 ms
Execution time: 3770.168 ms
