Hash Join  (cost=100910.17..851932.15 rows=23286 width=0) (actual time=1446.779..17618.899 rows=2889 loops=1)
  Hash Cond: (ci.movie_id = t.id)
  ->  Seq Scan on cast_info ci  (cost=0.00..614943.12 rows=36225612 width=4) (actual time=0.010..9340.018 rows=36244344 loops=1)
  ->  Hash  (cost=100889.86..100889.86 rows=1625 width=8) (actual time=1442.297..1442.297 rows=132 loops=1)
        Buckets: 2048  Batches: 1  Memory Usage: 22kB
        ->  Hash Join  (cost=73963.13..100889.86 rows=1625 width=8) (actual time=911.040..1442.195 rows=132 loops=1)
              Hash Cond: (mi_idx.movie_id = t.id)
              ->  Seq Scan on movie_info_idx mi_idx  (cost=0.00..21735.35 rows=1380035 width=4) (actual time=0.016..291.209 rows=1380035 loops=1)
              ->  Hash  (cost=73925.90..73925.90 rows=2978 width=4) (actual time=902.189..902.189 rows=1136 loops=1)
                    Buckets: 4096  Batches: 1  Memory Usage: 72kB
                    ->  Seq Scan on title t  (cost=0.00..73925.90 rows=2978 width=4) (actual time=0.047..901.580 rows=1136 loops=1)
                          Filter: ((kind_id = 4) AND (production_year = 2013))
                          Rows Removed by Filter: 2527176
Planning time: 0.805 ms
Execution time: 17620.050 ms
