Hash Join  (cost=74179.22..132224.92 rows=249 width=0) (actual time=4132.032..5988.450 rows=15 loops=1)
  Hash Cond: (mc.movie_id = t.id)
  ->  Seq Scan on movie_companies mc  (cost=0.00..57926.93 rows=31007 width=4) (actual time=687.667..2625.898 rows=55497 loops=1)
        Filter: ((company_id = 6) AND (company_type_id = 1))
        Rows Removed by Filter: 2553632
  ->  Hash  (cost=73925.90..73925.90 rows=20265 width=4) (actual time=3328.092..3328.092 rows=13840 loops=1)
        Buckets: 32768  Batches: 1  Memory Usage: 743kB
        ->  Seq Scan on title t  (cost=0.00..73925.90 rows=20265 width=4) (actual time=2.638..3321.107 rows=13840 loops=1)
              Filter: ((kind_id < 3) AND (production_year = 2003))
              Rows Removed by Filter: 2514472
Planning time: 12.614 ms
Execution time: 5988.594 ms
