Hash Join  (cost=96376.07..189581.54 rows=1162188 width=0) (actual time=5832.159..10934.178 rows=585787 loops=1)
  Hash Cond: (mc.movie_id = t.id)
  ->  Seq Scan on movie_companies mc  (cost=0.00..51404.11 rows=2147594 width=4) (actual time=0.023..3280.564 rows=2142888 loops=1)
        Filter: (company_id < 76284)
        Rows Removed by Filter: 466241
  ->  Hash  (cost=73925.90..73925.90 rows=1368333 width=4) (actual time=5831.155..5831.155 rows=1444787 loops=1)
        Buckets: 131072  Batches: 32  Memory Usage: 2613kB
        ->  Seq Scan on title t  (cost=0.00..73925.90 rows=1368333 width=4) (actual time=337.200..4848.646 rows=1444787 loops=1)
              Filter: ((production_year > 1957) AND (kind_id = 7))
              Rows Removed by Filter: 1083525
Planning time: 0.845 ms
Execution time: 11014.839 ms
