Seq Scan on title t  (cost=0.00..73925.90 rows=1434952 width=0) (actual time=0.011..4201.184 rows=1560688 loops=1)
  Filter: ((kind_id > 1) AND (production_year > 1979))
  Rows Removed by Filter: 967624
Planning time: 0.330 ms
Execution time: 4459.463 ms
