Hash Join  (cost=102767.86..165996.01 rows=80864 width=0) (actual time=1992.524..3287.126 rows=84071 loops=1)
  Hash Cond: (mc.movie_id = t.id)
  ->  Seq Scan on movie_companies mc  (cost=0.00..51404.11 rows=80864 width=4) (actual time=0.019..834.469 rows=84071 loops=1)
        Filter: (company_id < 19)
        Rows Removed by Filter: 2525058
  ->  Hash  (cost=61283.27..61283.27 rows=2528527 width=4) (actual time=1990.130..1990.130 rows=2528312 loops=1)
        Buckets: 131072  Batches: 64  Memory Usage: 2415kB
        ->  Seq Scan on title t  (cost=0.00..61283.27 rows=2528527 width=4) (actual time=0.015..1115.334 rows=2528312 loops=1)
Planning time: 0.796 ms
Execution time: 3297.432 ms
