Hash Join  (cost=208252.44..256173.13 rows=596121 width=0) (actual time=9212.675..11906.883 rows=1573889 loops=1)
  Hash Cond: (mi_idx.movie_id = t.id)
  ->  Seq Scan on movie_info_idx mi_idx  (cost=0.00..21735.35 rows=1380035 width=4) (actual time=0.020..1132.017 rows=1380035 loops=1)
  ->  Hash  (cost=190332.63..190332.63 rows=1092225 width=8) (actual time=9211.902..9211.902 rows=1107710 loops=1)
        Buckets: 131072  Batches: 16  Memory Usage: 3732kB
        ->  Hash Join  (cost=102767.86..190332.63 rows=1092225 width=8) (actual time=4716.637..8825.307 rows=1107710 loops=1)
              Hash Cond: (mc.movie_id = t.id)
              ->  Seq Scan on movie_companies mc  (cost=0.00..51404.11 rows=1092225 width=4) (actual time=0.023..2557.053 rows=1107710 loops=1)
                    Filter: (company_id > 14002)
                    Rows Removed by Filter: 1501419
              ->  Hash  (cost=61283.27..61283.27 rows=2528527 width=4) (actual time=4715.875..4715.875 rows=2528312 loops=1)
                    Buckets: 131072  Batches: 64  Memory Usage: 2415kB
                    ->  Seq Scan on title t  (cost=0.00..61283.27 rows=2528527 width=4) (actual time=0.023..3640.568 rows=2528312 loops=1)
Planning time: 1.605 ms
Execution time: 12177.178 ms
