Hash Join  (cost=150232.76..275818.73 rows=294093 width=0) (actual time=9305.827..18576.103 rows=3361858 loops=1)
  Hash Cond: (mk.movie_id = t.id)
  ->  Seq Scan on movie_keyword mk  (cost=0.00..69693.30 rows=4523930 width=4) (actual time=0.017..4850.530 rows=4523930 loops=1)
  ->  Hash  (cost=147535.07..147535.07 rows=164375 width=8) (actual time=9258.311..9258.311 rows=346798 loops=1)
        Buckets: 131072 (originally 131072)  Batches: 8 (originally 4)  Memory Usage: 3073kB
        ->  Hash Join  (cost=70218.80..147535.07 rows=164375 width=8) (actual time=3590.123..9094.299 rows=346798 loops=1)
              Hash Cond: (mc.movie_id = t.id)
              ->  Seq Scan on movie_companies mc  (cost=0.00..44881.29 rows=2609129 width=4) (actual time=0.015..3198.007 rows=2609129 loops=1)
              ->  Hash  (cost=67604.59..67604.59 rows=159297 width=4) (actual time=3589.364..3589.364 rows=164184 loops=1)
                    Buckets: 131072  Batches: 4  Memory Usage: 2464kB
                    ->  Seq Scan on title t  (cost=0.00..67604.59 rows=159297 width=4) (actual time=0.756..3519.158 rows=164184 loops=1)
                          Filter: (production_year < 1950)
                          Rows Removed by Filter: 2364128
Planning time: 1.094 ms
Execution time: 19096.407 ms
