Hash Join  (cost=274045.81..895836.35 rows=11579971 width=0) (actual time=15188.810..77383.807 rows=96587587 loops=1)
  Hash Cond: (mi.movie_id = t.id)
  ->  Seq Scan on movie_info mi  (cost=0.00..309384.22 rows=14739122 width=4) (actual time=0.020..22340.155 rows=14835720 loops=1)
  ->  Hash  (cost=241452.71..241452.71 rows=1986568 width=8) (actual time=15187.803..15187.803 rows=1988987 loops=1)
        Buckets: 131072  Batches: 32  Memory Usage: 3515kB
        ->  Hash Join  (cost=102767.86..241452.71 rows=1986568 width=8) (actual time=5695.918..14238.448 rows=1988987 loops=1)
              Hash Cond: (mk.movie_id = t.id)
              ->  Seq Scan on movie_keyword mk  (cost=0.00..81003.12 rows=1986568 width=4) (actual time=0.008..5321.958 rows=1988987 loops=1)
                    Filter: (keyword_id < 3518)
                    Rows Removed by Filter: 2534943
              ->  Hash  (cost=61283.27..61283.27 rows=2528527 width=4) (actual time=5691.991..5691.991 rows=2528312 loops=1)
                    Buckets: 131072  Batches: 64  Memory Usage: 2425kB
                    ->  Seq Scan on title t  (cost=0.00..61283.27 rows=2528527 width=4) (actual time=0.007..4397.882 rows=2528312 loops=1)
Planning time: 1.014 ms
Execution time: 91395.408 ms
