Hash Join  (cost=170247.60..259433.06 rows=1025394 width=0) (actual time=9953.662..16019.707 rows=2732784 loops=1)
  Hash Cond: (mc.movie_id = t.id)
  ->  Seq Scan on movie_companies mc  (cost=0.00..44881.29 rows=2609129 width=4) (actual time=0.023..3320.696 rows=2609129 loops=1)
  ->  Hash  (cost=153944.13..153944.13 rows=993717 width=8) (actual time=9952.733..9952.733 rows=959771 loops=1)
        Buckets: 131072  Batches: 16  Memory Usage: 3369kB
        ->  Hash Join  (cost=97476.44..153944.13 rows=993717 width=8) (actual time=5676.093..9527.976 rows=959771 loops=1)
              Hash Cond: (mi_idx.movie_id = t.id)
              ->  Seq Scan on movie_info_idx mi_idx  (cost=0.00..21735.35 rows=1380035 width=4) (actual time=0.016..1866.258 rows=1380035 loops=1)
              ->  Hash  (cost=67604.59..67604.59 rows=1820708 width=4) (actual time=5674.670..5674.670 rows=1813245 loops=1)
                    Buckets: 131072  Batches: 32  Memory Usage: 3022kB
                    ->  Seq Scan on title t  (cost=0.00..67604.59 rows=1820708 width=4) (actual time=0.022..4494.176 rows=1813245 loops=1)
                          Filter: (production_year > 1987)
                          Rows Removed by Filter: 715067
Planning time: 1.079 ms
Execution time: 16416.010 ms
