Seq Scan on movie_companies mc  (cost=0.00..57926.93 rows=152279 width=0) (actual time=0.037..2197.106 rows=68493 loops=1)
  Filter: ((company_id < 160) AND (company_type_id = 2))
  Rows Removed by Filter: 2540636
Planning time: 0.404 ms
Execution time: 2206.916 ms
