Hash Join  (cost=101955.95..144899.46 rows=376045 width=0) (actual time=5102.176..7010.661 rows=386966 loops=1)
  Hash Cond: (mi_idx.movie_id = t.id)
  ->  Seq Scan on movie_info_idx mi_idx  (cost=0.00..25185.44 rows=454124 width=4) (actual time=0.014..1141.801 rows=459925 loops=1)
        Filter: (info_type_id = 100)
        Rows Removed by Filter: 920110
  ->  Hash  (cost=67604.59..67604.59 rows=2093789 width=4) (actual time=5101.097..5101.097 rows=2089788 loops=1)
        Buckets: 131072  Batches: 32  Memory Usage: 3324kB
        ->  Seq Scan on title t  (cost=0.00..67604.59 rows=2093789 width=4) (actual time=0.015..4202.509 rows=2089788 loops=1)
              Filter: (production_year > 1969)
              Rows Removed by Filter: 438524
Planning time: 1.203 ms
Execution time: 7060.103 ms
