Hash Join  (cost=417928.64..504610.74 rows=2406 width=0) (actual time=19154.180..23312.120 rows=81781 loops=1)
  Hash Cond: (mk.movie_id = t.id)
  ->  Seq Scan on movie_keyword mk  (cost=0.00..69693.30 rows=4523930 width=4) (actual time=0.017..3609.856 rows=4523930 loops=1)
  ->  Hash  (cost=417911.83..417911.83 rows=1345 width=8) (actual time=18554.604..18554.604 rows=1138 loops=1)
        Buckets: 2048  Batches: 1  Memory Usage: 61kB
        ->  Hash Join  (cost=70716.09..417911.83 rows=1345 width=8) (actual time=17184.602..18554.200 rows=1138 loops=1)
              Hash Cond: (mi.movie_id = t.id)
              ->  Seq Scan on movie_info mi  (cost=0.00..346232.03 rows=17937 width=4) (actual time=13784.206..15190.059 rows=147487 loops=1)
                    Filter: (info_type_id = 107)
                    Rows Removed by Filter: 14688233
              ->  Hash  (cost=67604.59..67604.59 rows=189640 width=4) (actual time=3232.730..3232.730 rows=187790 loops=1)
                    Buckets: 131072  Batches: 4  Memory Usage: 2679kB
                    ->  Seq Scan on title t  (cost=0.00..67604.59 rows=189640 width=4) (actual time=0.028..3142.623 rows=187790 loops=1)
                          Filter: (production_year < 1954)
                          Rows Removed by Filter: 2340522
Planning time: 1.270 ms
Execution time: 23329.191 ms
