Hash Join  (cost=234427.15..415047.86 rows=3428058 width=0) (actual time=11210.201..21580.975 rows=4908840 loops=1)
  Hash Cond: (mk.movie_id = t.id)
  ->  Seq Scan on movie_keyword mk  (cost=0.00..81003.12 rows=4513801 width=4) (actual time=0.015..5619.387 rows=4515989 loops=1)
        Filter: (keyword_id < 126878)
        Rows Removed by Filter: 7941
  ->  Hash  (cost=202921.16..202921.16 rows=1920319 width=8) (actual time=11208.161..11208.161 rows=1301439 loops=1)
        Buckets: 131072  Batches: 32  Memory Usage: 2591kB
        ->  Hash Join  (cost=98137.04..202921.16 rows=1920319 width=8) (actual time=5460.995..10760.780 rows=1301439 loops=1)
              Hash Cond: (mc.movie_id = t.id)
              ->  Seq Scan on movie_companies mc  (cost=0.00..44881.29 rows=2609129 width=4) (actual time=0.017..2808.907 rows=2609129 loops=1)
              ->  Hash  (cost=67604.59..67604.59 rows=1860996 width=4) (actual time=5460.166..5460.166 rows=1865487 loops=1)
                    Buckets: 131072  Batches: 32  Memory Usage: 3079kB
                    ->  Seq Scan on title t  (cost=0.00..67604.59 rows=1860996 width=4) (actual time=0.014..4303.354 rows=1865487 loops=1)
                          Filter: (kind_id > 1)
                          Rows Removed by Filter: 662825
Planning time: 1.187 ms
Execution time: 22299.603 ms
