Seq Scan on cast_info ci  (cost=0.00..796071.18 rows=8049279 width=0) (actual time=5848.998..36908.898 rows=12508997 loops=1)
  Filter: ((person_id > 2432289) AND (role_id > 1))
  Rows Removed by Filter: 23735347
Planning time: 0.320 ms
Execution time: 39132.779 ms
