Hash Join  (cost=545842.40..720328.69 rows=3843734 width=0) (actual time=27008.269..35459.938 rows=2766471 loops=1)
  Hash Cond: (mk.movie_id = t.id)
  ->  Seq Scan on movie_keyword mk  (cost=0.00..69693.30 rows=4523930 width=4) (actual time=0.025..3743.925 rows=4523930 loops=1)
  ->  Hash  (cost=510596.02..510596.02 rows=2148350 width=8) (actual time=27006.696..27006.696 rows=1867596 loops=1)
        Buckets: 131072  Batches: 32  Memory Usage: 3308kB
        ->  Hash Join  (cost=96651.52..510596.02 rows=2148350 width=8) (actual time=13125.024..26239.472 rows=1867596 loops=1)
              Hash Cond: (mi.movie_id = t.id)
              ->  Seq Scan on movie_info mi  (cost=0.00..346232.03 rows=3068194 width=4) (actual time=7882.830..17076.428 rows=3036719 loops=1)
                    Filter: (info_type_id = 16)
                    Rows Removed by Filter: 11799001
              ->  Hash  (cost=67604.59..67604.59 rows=1770475 width=4) (actual time=5240.620..5240.620 rows=1774635 loops=1)
                    Buckets: 131072  Batches: 32  Memory Usage: 2984kB
                    ->  Seq Scan on title t  (cost=0.00..67604.59 rows=1770475 width=4) (actual time=0.032..4342.150 rows=1774635 loops=1)
                          Filter: (kind_id > 2)
                          Rows Removed by Filter: 753677
Planning time: 6.687 ms
Execution time: 35887.687 ms
