Hash Join  (cost=71961.27..178198.51 rows=201427 width=0) (actual time=1263.431..3780.887 rows=331814 loops=1)
  Hash Cond: (mk.movie_id = t.id)
  ->  Seq Scan on movie_keyword mk  (cost=0.00..81003.12 rows=1918357 width=4) (actual time=0.026..1501.321 rows=1928024 loops=1)
        Filter: (keyword_id > 6933)
        Rows Removed by Filter: 2595906
  ->  Hash  (cost=67604.59..67604.59 rows=265495 width=4) (actual time=1262.676..1262.676 rows=263594 loops=1)
        Buckets: 131072  Batches: 4  Memory Usage: 3346kB
        ->  Seq Scan on title t  (cost=0.00..67604.59 rows=265495 width=4) (actual time=0.023..1170.320 rows=263594 loops=1)
              Filter: (production_year < 1962)
              Rows Removed by Filter: 2264718
Planning time: 0.700 ms
Execution time: 3812.177 ms
