Seq Scan on movie_companies mc  (cost=0.00..51404.11 rows=2544046 width=0) (actual time=0.016..3052.572 rows=2542342 loops=1)
  Filter: (company_id > 6)
  Rows Removed by Filter: 66787
Planning time: 0.358 ms
Execution time: 3481.656 ms
