Seq Scan on movie_keyword mk  (cost=0.00..81003.12 rows=246 width=0) (actual time=26.376..2989.029 rows=286 loops=1)
  Filter: (keyword_id = 4033)
  Rows Removed by Filter: 4523644
Planning time: 2.698 ms
Execution time: 2989.331 ms
