Seq Scan on movie_companies mc  (cost=0.00..57926.93 rows=51 width=0) (actual time=217.888..2359.572 rows=1242 loops=1)
  Filter: ((company_type_id < 2) AND (company_id = 1877))
  Rows Removed by Filter: 2607887
Planning time: 2.975 ms
Execution time: 2359.974 ms
