Hash Join  (cost=101857.10..467823.47 rows=131048 width=0) (actual time=5586.016..26581.134 rows=98241 loops=1)
  Hash Cond: (mi.movie_id = t.id)
  ->  Seq Scan on movie_info mi  (cost=0.00..309384.22 rows=14739122 width=4) (actual time=0.008..16903.052 rows=14835720 loops=1)
  ->  Hash  (cost=101576.08..101576.08 rows=22481 width=8) (actual time=5328.453..5328.453 rows=13509 loops=1)
        Buckets: 32768  Batches: 1  Memory Usage: 784kB
        ->  Hash Join  (cost=74440.79..101576.08 rows=22481 width=8) (actual time=4232.068..5323.507 rows=13509 loops=1)
              Hash Cond: (mi_idx.movie_id = t.id)
              ->  Seq Scan on movie_info_idx mi_idx  (cost=0.00..21735.35 rows=1380035 width=4) (actual time=0.017..1193.273 rows=1380035 loops=1)
              ->  Hash  (cost=73925.90..73925.90 rows=41191 width=4) (actual time=3625.293..3625.293 rows=43851 loops=1)
                    Buckets: 65536  Batches: 1  Memory Usage: 2054kB
                    ->  Seq Scan on title t  (cost=0.00..73925.90 rows=41191 width=4) (actual time=0.037..3600.023 rows=43851 loops=1)
                          Filter: ((kind_id = 7) AND (production_year = 2003))
                          Rows Removed by Filter: 2484461
Planning time: 1.256 ms
Execution time: 26595.234 ms
