Seq Scan on movie_companies mc  (cost=0.00..51404.11 rows=104 width=0) (actual time=5.226..2015.224 rows=157 loops=1)
  Filter: (company_id = 9509)
  Rows Removed by Filter: 2608972
Planning time: 12.774 ms
Execution time: 2015.366 ms
