Hash Join  (cost=98137.04..1133213.19 rows=8454888 width=0) (actual time=6031.361..80124.478 rows=12984063 loops=1)
  Hash Cond: (ci.movie_id = t.id)
  ->  Seq Scan on cast_info ci  (cost=0.00..796071.18 rows=11487619 width=4) (actual time=0.019..51487.796 rows=17825392 loops=1)
        Filter: ((person_id > 1831327) AND (role_id > 1))
        Rows Removed by Filter: 18418952
  ->  Hash  (cost=67604.59..67604.59 rows=1860996 width=4) (actual time=6030.305..6030.305 rows=1865487 loops=1)
        Buckets: 131072  Batches: 32  Memory Usage: 3079kB
        ->  Seq Scan on title t  (cost=0.00..67604.59 rows=1860996 width=4) (actual time=0.005..4736.130 rows=1865487 loops=1)
              Filter: (kind_id > 1)
              Rows Removed by Filter: 662825
Planning time: 0.723 ms
Execution time: 82147.629 ms
