Hash Join  (cost=77718.01..571899.69 rows=1347276 width=0) (actual time=4140.167..39118.118 rows=3846399 loops=1)
  Hash Cond: (mi.movie_id = t.id)
  ->  Seq Scan on movie_info mi  (cost=0.00..309384.22 rows=14739122 width=4) (actual time=2.361..22259.530 rows=14835720 loops=1)
  ->  Hash  (cost=73925.90..73925.90 rows=231128 width=4) (actual time=4133.355..4133.355 rows=341868 loops=1)
        Buckets: 131072  Batches: 4  Memory Usage: 4038kB
        ->  Seq Scan on title t  (cost=0.00..73925.90 rows=231128 width=4) (actual time=0.029..3553.503 rows=341868 loops=1)
              Filter: ((kind_id < 7) AND (production_year < 1985))
              Rows Removed by Filter: 2186444
Planning time: 9.250 ms
Execution time: 39741.763 ms
