Hash Join  (cost=154261.08..675753.86 rows=3906786 width=0) (actual time=7394.516..39212.944 rows=5741397 loops=1)
  Hash Cond: (mi.movie_id = t.id)
  ->  Seq Scan on movie_info mi  (cost=0.00..309384.22 rows=14739122 width=4) (actual time=0.017..20930.219 rows=14835720 loops=1)
  ->  Hash  (cost=143264.37..143264.37 rows=670217 width=8) (actual time=7392.857..7392.857 rows=568425 loops=1)
        Buckets: 131072  Batches: 16  Memory Usage: 2438kB
        ->  Hash Join  (cost=94072.72..143264.37 rows=670217 width=8) (actual time=4743.233..7196.537 rows=568425 loops=1)
              Hash Cond: (mi_idx.movie_id = t.id)
              ->  Seq Scan on movie_info_idx mi_idx  (cost=0.00..21735.35 rows=1380035 width=4) (actual time=0.014..1241.232 rows=1380035 loops=1)
              ->  Hash  (cost=73925.90..73925.90 rows=1227985 width=4) (actual time=4741.831..4741.831 rows=1197374 loops=1)
                    Buckets: 131072  Batches: 32  Memory Usage: 2340kB
                    ->  Seq Scan on title t  (cost=0.00..73925.90 rows=1227985 width=4) (actual time=0.014..4180.890 rows=1197374 loops=1)
                          Filter: ((kind_id > 1) AND (production_year < 2008))
                          Rows Removed by Filter: 1330938
Planning time: 1.132 ms
Execution time: 39972.998 ms
