Hash Join  (cost=160526.42..304393.44 rows=1330878 width=0) (actual time=8966.890..16548.434 rows=983802 loops=1)
  Hash Cond: (mk.movie_id = t.id)
  ->  Seq Scan on movie_keyword mk  (cost=0.00..81003.12 rows=4001632 width=4) (actual time=0.021..5622.086 rows=4010986 loops=1)
        Filter: (keyword_id < 35325)
        Rows Removed by Filter: 512944
  ->  Hash  (cost=146729.58..146729.58 rows=840947 width=8) (actual time=7891.205..7891.205 rows=425718 loops=1)
        Buckets: 131072  Batches: 16  Memory Usage: 2068kB
        ->  Hash Join  (cost=92883.59..146729.58 rows=840947 width=8) (actual time=5937.393..7713.403 rows=425718 loops=1)
              Hash Cond: (mi_idx.movie_id = t.id)
              ->  Seq Scan on movie_info_idx mi_idx  (cost=0.00..21735.35 rows=1380035 width=4) (actual time=0.020..1651.776 rows=1380035 loops=1)
              ->  Hash  (cost=67604.59..67604.59 rows=1540800 width=4) (actual time=4700.012..4700.012 rows=1543264 loops=1)
                    Buckets: 131072  Batches: 32  Memory Usage: 2722kB
                    ->  Seq Scan on title t  (cost=0.00..67604.59 rows=1540800 width=4) (actual time=0.014..3981.926 rows=1543264 loops=1)
                          Filter: (kind_id = 7)
                          Rows Removed by Filter: 985048
Planning time: 8.273 ms
Execution time: 16679.066 ms
