Hash Join  (cost=206696.83..685303.11 rows=2065108 width=0) (actual time=11345.789..53203.266 rows=43872386 loops=1)
  Hash Cond: (mi.movie_id = t.id)
  ->  Seq Scan on movie_info mi  (cost=0.00..346232.03 rows=9476311 width=4) (actual time=0.019..22184.631 rows=9565151 loops=1)
        Filter: (info_type_id < 16)
        Rows Removed by Filter: 5270569
  ->  Hash  (cost=197656.02..197656.02 rows=551025 width=8) (actual time=11344.347..11344.347 rows=1446649 loops=1)
        Buckets: 131072 (originally 131072)  Batches: 32 (originally 8)  Memory Usage: 3073kB
        ->  Hash Join  (cost=85435.26..197656.02 rows=551025 width=8) (actual time=3600.008..10385.350 rows=1446649 loops=1)
              Hash Cond: (mk.movie_id = t.id)
              ->  Seq Scan on movie_keyword mk  (cost=0.00..81003.12 rows=1986236 width=4) (actual time=0.023..4944.116 rows=1992052 loops=1)
                    Filter: (keyword_id > 6293)
                    Rows Removed by Filter: 2531878
              ->  Hash  (cost=73925.90..73925.90 rows=701468 width=4) (actual time=3598.853..3598.853 rows=749931 loops=1)
                    Buckets: 131072  Batches: 16  Memory Usage: 2682kB
                    ->  Seq Scan on title t  (cost=0.00..73925.90 rows=701468 width=4) (actual time=0.046..3263.592 rows=749931 loops=1)
                          Filter: ((kind_id < 7) AND (production_year < 2009))
                          Rows Removed by Filter: 1778381
Planning time: 1.125 ms
Execution time: 59453.251 ms
