Hash Join  (cost=216673.07..363506.10 rows=2038100 width=0) (actual time=4865.185..10218.062 rows=8089605 loops=1)
  Hash Cond: (mk.movie_id = t.id)
  ->  Seq Scan on movie_keyword mk  (cost=0.00..69693.30 rows=4523930 width=4) (actual time=0.024..1417.447 rows=4523930 loops=1)
  ->  Hash  (cost=197983.82..197983.82 rows=1139140 width=8) (actual time=4864.378..4864.378 rows=1248624 loops=1)
        Buckets: 131072  Batches: 16  Memory Usage: 4083kB
        ->  Hash Join  (cost=102767.86..197983.82 rows=1139140 width=8) (actual time=1897.863..4490.531 rows=1248624 loops=1)
              Hash Cond: (mc.movie_id = t.id)
              ->  Seq Scan on movie_companies mc  (cost=0.00..57926.93 rows=1139140 width=4) (actual time=0.015..1118.565 rows=1248624 loops=1)
                    Filter: ((company_id > 212) AND (company_type_id = 2))
                    Rows Removed by Filter: 1360505
              ->  Hash  (cost=61283.27..61283.27 rows=2528527 width=4) (actual time=1896.135..1896.135 rows=2528312 loops=1)
                    Buckets: 131072  Batches: 64  Memory Usage: 2415kB
                    ->  Seq Scan on title t  (cost=0.00..61283.27 rows=2528527 width=4) (actual time=0.024..1029.844 rows=2528312 loops=1)
Planning time: 1.175 ms
Execution time: 11144.639 ms
