Hash Join  (cost=102767.86..255713.94 rows=2579259 width=0) (actual time=6333.459..15558.783 rows=2570382 loops=1)
  Hash Cond: (mk.movie_id = t.id)
  ->  Seq Scan on movie_keyword mk  (cost=0.00..81003.12 rows=2579259 width=4) (actual time=0.014..5648.585 rows=2570382 loops=1)
        Filter: (keyword_id < 6585)
        Rows Removed by Filter: 1953548
  ->  Hash  (cost=61283.27..61283.27 rows=2528527 width=4) (actual time=6332.578..6332.578 rows=2528312 loops=1)
        Buckets: 131072  Batches: 64  Memory Usage: 2425kB
        ->  Seq Scan on title t  (cost=0.00..61283.27 rows=2528527 width=4) (actual time=0.023..4784.643 rows=2528312 loops=1)
Planning time: 0.734 ms
Execution time: 15949.291 ms
