Hash Join  (cost=135260.62..887396.08 rows=134629 width=0) (actual time=6731.135..51330.475 rows=1123 loops=1)
  Hash Cond: (ci.movie_id = t.id)
  ->  Seq Scan on cast_info ci  (cost=0.00..614943.12 rows=36225612 width=4) (actual time=0.017..34482.020 rows=36244344 loops=1)
  ->  Hash  (cost=135143.16..135143.16 rows=9397 width=8) (actual time=6683.842..6683.842 rows=61 loops=1)
        Buckets: 16384  Batches: 1  Memory Usage: 131kB
        ->  Hash Join  (cost=74323.94..135143.16 rows=9397 width=8) (actual time=5022.659..6683.686 rows=61 loops=1)
              Hash Cond: (mc.movie_id = t.id)
              ->  Seq Scan on movie_companies mc  (cost=0.00..57926.93 rows=746216 width=4) (actual time=0.021..2850.700 rows=531343 loops=1)
                    Filter: ((company_id > 6941) AND (company_type_id < 2))
                    Rows Removed by Filter: 2077786
              ->  Hash  (cost=73925.90..73925.90 rows=31843 width=4) (actual time=3672.886..3672.886 rows=35656 loops=1)
                    Buckets: 65536 (originally 32768)  Batches: 1 (originally 1)  Memory Usage: 1766kB
                    ->  Seq Scan on title t  (cost=0.00..73925.90 rows=31843 width=4) (actual time=624.354..3656.217 rows=35656 loops=1)
                          Filter: ((kind_id = 7) AND (production_year = 2000))
                          Rows Removed by Filter: 2492656
Planning time: 5.764 ms
Execution time: 51331.356 ms
