Seq Scan on movie_keyword mk  (cost=0.00..81003.12 rows=1593196 width=0) (actual time=0.019..4781.900 rows=1606394 loops=1)
  Filter: (keyword_id > 9485)
  Rows Removed by Filter: 2917536
Planning time: 0.326 ms
Execution time: 5052.452 ms
