Hash Join  (cost=128048.46..538632.04 rows=712921 width=169) (actual time=7226.272..11157.091 rows=738107 loops=1)
  Hash Cond: (mi.movie_id = t.id)
  ->  Seq Scan on movie_info mi  (cost=0.00..346232.03 rows=809669 width=75) (actual time=4131.237..6795.433 rows=802140 loops=1)
        Filter: (info_type_id = 1)
        Rows Removed by Filter: 14033580
  ->  Hash  (cost=67604.59..67604.59 rows=2226390 width=94) (actual time=3094.342..3094.342 rows=2224569 loops=1)
        Buckets: 32768  Batches: 128  Memory Usage: 2207kB
        ->  Seq Scan on title t  (cost=0.00..67604.59 rows=2226390 width=94) (actual time=0.032..1691.599 rows=2224569 loops=1)
              Filter: (production_year < 2012)
              Rows Removed by Filter: 303743
Planning time: 3.089 ms
Execution time: 11193.490 ms
