Hash Join  (cost=70308.29..195902.42 rows=294810 width=0) (actual time=1251.473..4275.444 rows=107578 loops=1)
  Hash Cond: (mk.movie_id = t.id)
  ->  Seq Scan on movie_keyword mk  (cost=0.00..69693.30 rows=4523930 width=4) (actual time=0.017..1373.817 rows=4523930 loops=1)
  ->  Hash  (cost=67604.59..67604.59 rows=164776 width=4) (actual time=1250.231..1250.231 rows=164307 loops=1)
        Buckets: 131072  Batches: 4  Memory Usage: 2488kB
        ->  Seq Scan on title t  (cost=0.00..67604.59 rows=164776 width=4) (actual time=0.011..1191.315 rows=164307 loops=1)
              Filter: (production_year = 2012)
              Rows Removed by Filter: 2364005
Planning time: 0.517 ms
Execution time: 4289.325 ms
