Seq Scan on movie_keyword mk  (cost=0.00..81003.12 rows=6032 width=0) (actual time=0.095..3355.302 rows=6525 loops=1)
  Filter: (keyword_id = 70)
  Rows Removed by Filter: 4517405
Planning time: 2.052 ms
Execution time: 3357.112 ms
