Hash Join  (cost=103574.60..192108.39 rows=1152862 width=0) (actual time=4872.454..8716.965 rows=1068766 loops=1)
  Hash Cond: (mc.movie_id = t.id)
  ->  Seq Scan on movie_companies mc  (cost=0.00..51404.11 rows=1329612 width=4) (actual time=215.733..2373.160 rows=1334883 loops=1)
        Filter: (company_type_id = 2)
        Rows Removed by Filter: 1274246
  ->  Hash  (cost=67604.59..67604.59 rows=2192401 width=4) (actual time=4655.779..4655.779 rows=2182316 loops=1)
        Buckets: 131072  Batches: 32  Memory Usage: 3425kB
        ->  Seq Scan on title t  (cost=0.00..67604.59 rows=2192401 width=4) (actual time=0.024..3763.718 rows=2182316 loops=1)
              Filter: (production_year > 1962)
              Rows Removed by Filter: 345996
Planning time: 0.789 ms
Execution time: 8886.249 ms
