Hash Join  (cost=231253.65..395108.60 rows=2971100 width=0) (actual time=11860.387..26608.374 rows=26928243 loops=1)
  Hash Cond: (mk.movie_id = t.id)
  ->  Seq Scan on movie_keyword mk  (cost=0.00..69693.30 rows=4523930 width=4) (actual time=0.018..4484.523 rows=4523930 loops=1)
  ->  Hash  (cost=204008.96..204008.96 rows=1660615 width=8) (actual time=11859.384..11859.384 rows=1651874 loops=1)
        Buckets: 131072  Batches: 32  Memory Usage: 3080kB
        ->  Hash Join  (cost=102767.86..204008.96 rows=1660615 width=8) (actual time=5730.305..11238.094 rows=1651874 loops=1)
              Hash Cond: (mc.movie_id = t.id)
              ->  Seq Scan on movie_companies mc  (cost=0.00..51404.11 rows=1660615 width=4) (actual time=0.017..3081.694 rows=1651874 loops=1)
                    Filter: (company_id < 18261)
                    Rows Removed by Filter: 957255
              ->  Hash  (cost=61283.27..61283.27 rows=2528527 width=4) (actual time=5728.735..5728.735 rows=2528312 loops=1)
                    Buckets: 131072  Batches: 64  Memory Usage: 2415kB
                    ->  Seq Scan on title t  (cost=0.00..61283.27 rows=2528527 width=4) (actual time=0.011..4559.615 rows=2528312 loops=1)
Planning time: 1.057 ms
Execution time: 30259.253 ms
