Seq Scan on movie_keyword mk  (cost=0.00..81003.12 rows=246 width=0) (actual time=1.141..3899.731 rows=1893 loops=1)
  Filter: (keyword_id = 2487)
  Rows Removed by Filter: 4522037
Planning time: 0.367 ms
Execution time: 3900.518 ms
