Seq Scan on movie_companies mc  (cost=0.00..51404.11 rows=1571546 width=0) (actual time=0.006..3070.562 rows=1562593 loops=1)
  Filter: (company_id < 15059)
  Rows Removed by Filter: 1046536
Planning time: 2.363 ms
Execution time: 3339.574 ms
