Hash Join  (cost=222539.83..266917.53 rows=389622 width=0) (actual time=11027.066..14049.750 rows=1651515 loops=1)
  Hash Cond: (mi_idx.movie_id = t.id)
  ->  Seq Scan on movie_info_idx mi_idx  (cost=0.00..21735.35 rows=1380035 width=4) (actual time=0.024..1691.964 rows=1380035 loops=1)
  ->  Hash  (cost=210827.42..210827.42 rows=713873 width=8) (actual time=10983.547..10983.547 rows=717821 loops=1)
        Buckets: 131072  Batches: 16  Memory Usage: 2810kB
        ->  Hash Join  (cost=102767.86..210827.42 rows=713873 width=8) (actual time=5507.891..10758.115 rows=717821 loops=1)
              Hash Cond: (mk.movie_id = t.id)
              ->  Seq Scan on movie_keyword mk  (cost=0.00..81003.12 rows=713873 width=4) (actual time=0.018..3859.527 rows=717821 loops=1)
                    Filter: (keyword_id > 26175)
                    Rows Removed by Filter: 3806109
              ->  Hash  (cost=61283.27..61283.27 rows=2528527 width=4) (actual time=5506.711..5506.711 rows=2528312 loops=1)
                    Buckets: 131072  Batches: 64  Memory Usage: 2425kB
                    ->  Seq Scan on title t  (cost=0.00..61283.27 rows=2528527 width=4) (actual time=0.019..4275.114 rows=2528312 loops=1)
Planning time: 1.033 ms
Execution time: 14278.977 ms
