Seq Scan on movie_keyword mk  (cost=0.00..81003.12 rows=246 width=0) (actual time=0.068..3011.026 rows=734 loops=1)
  Filter: (keyword_id = 6058)
  Rows Removed by Filter: 4523196
Planning time: 0.360 ms
Execution time: 3011.476 ms
