Hash Join  (cost=100944.16..155634.19 rows=2449 width=0) (actual time=4836.542..8042.682 rows=14331 loops=1)
  Hash Cond: (mc.movie_id = t.id)
  ->  Seq Scan on movie_companies mc  (cost=0.00..44881.29 rows=2609129 width=4) (actual time=0.028..2466.509 rows=2609129 loops=1)
  ->  Hash  (cost=100914.49..100914.49 rows=2374 width=8) (actual time=4836.073..4836.073 rows=6408 loops=1)
        Buckets: 8192 (originally 4096)  Batches: 1 (originally 1)  Memory Usage: 315kB
        ->  Hash Join  (cost=73980.27..100914.49 rows=2374 width=8) (actual time=3295.667..4833.317 rows=6408 loops=1)
              Hash Cond: (mi_idx.movie_id = t.id)
              ->  Seq Scan on movie_info_idx mi_idx  (cost=0.00..21735.35 rows=1380035 width=4) (actual time=0.025..1131.392 rows=1380035 loops=1)
              ->  Hash  (cost=73925.90..73925.90 rows=4349 width=4) (actual time=3295.168..3295.168 rows=8831 loops=1)
                    Buckets: 16384 (originally 8192)  Batches: 1 (originally 1)  Memory Usage: 439kB
                    ->  Seq Scan on title t  (cost=0.00..73925.90 rows=4349 width=4) (actual time=0.030..3290.887 rows=8831 loops=1)
                          Filter: ((kind_id = 4) AND (production_year = 2005))
                          Rows Removed by Filter: 2519481
Planning time: 1.352 ms
Execution time: 8045.226 ms
