Seq Scan on cast_info ci  (cost=0.00..796071.18 rows=88154 width=0) (actual time=13315.970..32692.939 rows=66935 loops=1)
  Filter: ((person_id < 411520) AND (role_id = 6))
  Rows Removed by Filter: 36177409
Planning time: 0.409 ms
Execution time: 32708.935 ms
