Hash Join  (cost=74434.21..980168.45 rows=450957 width=0) (actual time=3116.226..61652.601 rows=401733 loops=1)
  Hash Cond: (ci.movie_id = t.id)
  ->  Seq Scan on cast_info ci  (cost=0.00..796071.18 rows=28040931 width=4) (actual time=0.021..48236.170 rows=28531704 loops=1)
        Filter: ((person_id < 3975308) AND (role_id < 7))
        Rows Removed by Filter: 7712640
  ->  Hash  (cost=73925.90..73925.90 rows=40664 width=4) (actual time=3115.809..3115.809 rows=40257 loops=1)
        Buckets: 65536  Batches: 1  Memory Usage: 1928kB
        ->  Seq Scan on title t  (cost=0.00..73925.90 rows=40664 width=4) (actual time=0.090..3097.084 rows=40257 loops=1)
              Filter: ((production_year > 2012) AND (kind_id = 7))
              Rows Removed by Filter: 2488055
Planning time: 2.457 ms
Execution time: 61739.811 ms
