Seq Scan on movie_keyword mk  (cost=0.00..81003.12 rows=3724100 width=0) (actual time=0.022..4227.746 rows=3720556 loops=1)
  Filter: (keyword_id > 772)
  Rows Removed by Filter: 803374
Planning time: 0.336 ms
Execution time: 4935.436 ms
