Hash Join  (cost=130849.36..211611.80 rows=414391 width=0) (actual time=3228.843..5677.893 rows=1522152 loops=1)
  Hash Cond: (mc.movie_id = t.id)
  ->  Seq Scan on movie_companies mc  (cost=0.00..44881.29 rows=2609129 width=4) (actual time=0.020..905.235 rows=2609129 loops=1)
  ->  Hash  (cost=124260.48..124260.48 rows=401590 width=8) (actual time=3227.970..3227.970 rows=486395 loops=1)
        Buckets: 131072  Batches: 8  Memory Usage: 3406kB
        ->  Hash Join  (cost=79677.10..124260.48 rows=401590 width=8) (actual time=1469.979..3081.381 rows=486395 loops=1)
              Hash Cond: (mi_idx.movie_id = t.id)
              ->  Seq Scan on movie_info_idx mi_idx  (cost=0.00..21735.35 rows=1380035 width=4) (actual time=0.016..418.811 rows=1380035 loops=1)
              ->  Hash  (cost=67604.59..67604.59 rows=735801 width=4) (actual time=1469.122..1469.122 rows=730985 loops=1)
                    Buckets: 131072  Batches: 16  Memory Usage: 2631kB
                    ->  Seq Scan on title t  (cost=0.00..67604.59 rows=735801 width=4) (actual time=0.036..1239.916 rows=730985 loops=1)
                          Filter: (production_year < 1992)
                          Rows Removed by Filter: 1797327
Planning time: 1.144 ms
Execution time: 5853.267 ms
