Hash Join  (cost=76242.82..201323.02 rows=252616 width=0) (actual time=3713.444..10238.274 rows=258618 loops=1)
  Hash Cond: (mk.movie_id = t.id)
  ->  Seq Scan on movie_keyword mk  (cost=0.00..69693.30 rows=4523930 width=4) (actual time=0.022..4741.027 rows=4523930 loops=1)
  ->  Hash  (cost=73925.90..73925.90 rows=141193 width=4) (actual time=3264.614..3264.614 rows=132182 loops=1)
        Buckets: 131072  Batches: 2  Memory Usage: 3346kB
        ->  Seq Scan on title t  (cost=0.00..73925.90 rows=141193 width=4) (actual time=17.503..3194.340 rows=132182 loops=1)
              Filter: ((production_year > 2009) AND (kind_id = 1))
              Rows Removed by Filter: 2396130
Planning time: 0.746 ms
Execution time: 10273.371 ms
