Seq Scan on movie_companies mc  (cost=0.00..57926.93 rows=631333 width=0) (actual time=0.022..2859.560 rows=894045 loops=1)
  Filter: ((company_id > 11649) AND (company_type_id > 1))
  Rows Removed by Filter: 1715084
Planning time: 0.319 ms
Execution time: 2998.719 ms
