Hash Join  (cost=108812.38..204784.56 rows=87457 width=0) (actual time=5487.118..11059.389 rows=336975 loops=1)
  Hash Cond: (mk.movie_id = t.id)
  ->  Seq Scan on movie_keyword mk  (cost=0.00..81003.12 rows=3758530 width=4) (actual time=0.014..4647.579 rows=3751112 loops=1)
        Filter: (keyword_id < 24382)
        Rows Removed by Filter: 772818
  ->  Hash  (cost=108076.93..108076.93 rows=58836 width=8) (actual time=5467.796..5467.796 rows=61574 loops=1)
        Buckets: 65536  Batches: 1  Memory Usage: 2918kB
        ->  Hash Join  (cost=69374.09..108076.93 rows=58836 width=8) (actual time=3081.771..5437.127 rows=61574 loops=1)
              Hash Cond: (mi_idx.movie_id = t.id)
              ->  Seq Scan on movie_info_idx mi_idx  (cost=0.00..21735.35 rows=1380035 width=4) (actual time=0.016..1583.283 rows=1380035 loops=1)
              ->  Hash  (cost=67604.59..67604.59 rows=107800 width=4) (actual time=3080.550..3080.550 rows=108429 loops=1)
                    Buckets: 131072  Batches: 2  Memory Usage: 2931kB
                    ->  Seq Scan on title t  (cost=0.00..67604.59 rows=107800 width=4) (actual time=0.014..3032.636 rows=108429 loops=1)
                          Filter: (production_year = 2006)
                          Rows Removed by Filter: 2419883
Planning time: 1.271 ms
Execution time: 11113.313 ms
