Seq Scan on movie_keyword mk  (cost=0.00..81003.12 rows=869122 width=0) (actual time=0.027..4081.508 rows=877316 loops=1)
  Filter: (keyword_id > 21027)
  Rows Removed by Filter: 3646614
Planning time: 16.296 ms
Execution time: 4233.090 ms
