Hash Join  (cost=634946.67..2022167.15 rows=25251178 width=0) (actual time=33215.398..129999.271 rows=107388039 loops=1)
  Hash Cond: (ci.movie_id = t.id)
  ->  Seq Scan on cast_info ci  (cost=0.00..705507.15 rows=23499554 width=4) (actual time=0.011..45104.556 rows=23573656 loops=1)
        Filter: (role_id > 1)
        Rows Removed by Filter: 12670688
  ->  Hash  (cost=590370.17..590370.17 rows=2717000 width=8) (actual time=33213.725..33213.725 rows=4230426 loops=1)
        Buckets: 131072  Batches: 64  Memory Usage: 3601kB
        ->  Hash Join  (cost=81573.24..590370.17 rows=2717000 width=8) (actual time=3033.916..31679.067 rows=4230426 loops=1)
              Hash Cond: (mi.movie_id = t.id)
              ->  Seq Scan on movie_info mi  (cost=0.00..309384.22 rows=14739122 width=4) (actual time=0.009..18509.706 rows=14835720 loops=1)
              ->  Hash  (cost=73925.90..73925.90 rows=466107 width=4) (actual time=3031.861..3031.861 rows=396359 loops=1)
                    Buckets: 131072  Batches: 8  Memory Usage: 2769kB
                    ->  Seq Scan on title t  (cost=0.00..73925.90 rows=466107 width=4) (actual time=0.014..2868.555 rows=396359 loops=1)
                          Filter: ((kind_id < 7) AND (production_year > 2003))
                          Rows Removed by Filter: 2131953
Planning time: 1.904 ms
Execution time: 144992.750 ms
