Seq Scan on cast_info ci  (cost=0.00..705507.15 rows=500 width=0) (actual time=383.938..30259.068 rows=180 loops=1)
  Filter: (person_id = 2518996)
  Rows Removed by Filter: 36244164
Planning time: 0.309 ms
Execution time: 30259.169 ms
