Hash Join  (cost=66239.96..152931.19 rows=3319 width=0) (actual time=2607.165..6909.430 rows=17135 loops=1)
  Hash Cond: (mk.movie_id = t.id)
  ->  Seq Scan on movie_keyword mk  (cost=0.00..69693.30 rows=4523930 width=4) (actual time=0.023..3285.944 rows=4523930 loops=1)
  ->  Hash  (cost=66216.77..66216.77 rows=1855 width=8) (actual time=2606.946..2606.946 rows=4712 loops=1)
        Buckets: 8192 (originally 2048)  Batches: 1 (originally 1)  Memory Usage: 249kB
        ->  Nested Loop  (cost=0.43..66216.77 rows=1855 width=8) (actual time=0.130..2604.151 rows=4712 loops=1)
              ->  Seq Scan on movie_companies mc  (cost=0.00..51404.11 rows=1855 width=4) (actual time=0.063..2057.713 rows=4712 loops=1)
                    Filter: (company_id < 6)
                    Rows Removed by Filter: 2604417
              ->  Index Only Scan using title_pkey on title t  (cost=0.43..7.98 rows=1 width=4) (actual time=0.115..0.115 rows=1 loops=4712)
                    Index Cond: (id = mc.movie_id)
                    Heap Fetches: 4712
Planning time: 1.368 ms
Execution time: 6911.967 ms
