Hash Join  (cost=709678.15..764348.83 rows=516 width=0) (actual time=31511.025..34930.223 rows=397 loops=1)
  Hash Cond: (mc.movie_id = t.id)
  ->  Seq Scan on movie_companies mc  (cost=0.00..44881.29 rows=2609129 width=4) (actual time=0.020..2733.506 rows=2609129 loops=1)
  ->  Hash  (cost=709671.90..709671.90 rows=500 width=8) (actual time=31472.371..31472.371 rows=408 loops=1)
        Buckets: 1024  Batches: 1  Memory Usage: 24kB
        ->  Nested Loop  (cost=0.43..709671.90 rows=500 width=8) (actual time=8161.293..31472.183 rows=408 loops=1)
              ->  Seq Scan on cast_info ci  (cost=0.00..705507.15 rows=500 width=4) (actual time=8161.107..31444.129 rows=408 loops=1)
                    Filter: (person_id = 3988776)
                    Rows Removed by Filter: 36243936
              ->  Index Only Scan using title_pkey on title t  (cost=0.43..8.32 rows=1 width=4) (actual time=0.067..0.068 rows=1 loops=408)
                    Index Cond: (id = ci.movie_id)
                    Heap Fetches: 408
Planning time: 1.081 ms
Execution time: 34930.557 ms
