Hash Join  (cost=84112.51..156581.36 rows=326470 width=0) (actual time=5972.727..8677.994 rows=526735 loops=1)
  Hash Cond: (mc.movie_id = t.id)
  ->  Seq Scan on movie_companies mc  (cost=0.00..51404.11 rows=1329612 width=4) (actual time=779.678..3274.378 rows=1334883 loops=1)
        Filter: (company_type_id > 1)
        Rows Removed by Filter: 1274246
  ->  Hash  (cost=73925.90..73925.90 rows=620848 width=4) (actual time=4310.258..4310.258 rows=546572 loops=1)
        Buckets: 131072  Batches: 16  Memory Usage: 2224kB
        ->  Seq Scan on title t  (cost=0.00..73925.90 rows=620848 width=4) (actual time=0.034..4046.416 rows=546572 loops=1)
              Filter: ((production_year > 1927) AND (kind_id = 1))
              Rows Removed by Filter: 1981740
Planning time: 0.646 ms
Execution time: 8755.248 ms
