Hash Join  (cost=122940.92..248868.75 rows=322179 width=0) (actual time=6889.120..14713.455 rows=3092652 loops=1)
  Hash Cond: (mk.movie_id = t.id)
  ->  Seq Scan on movie_keyword mk  (cost=0.00..69693.30 rows=4523930 width=4) (actual time=0.014..4054.675 rows=4523930 loops=1)
  ->  Hash  (cost=119986.01..119986.01 rows=180073 width=8) (actual time=6888.028..6888.028 rows=318019 loops=1)
        Buckets: 131072 (originally 131072)  Batches: 8 (originally 4)  Memory Usage: 3073kB
        ->  Hash Join  (cost=83810.17..119986.01 rows=180073 width=8) (actual time=4489.195..6769.393 rows=318019 loops=1)
              Hash Cond: (mi_idx.movie_id = t.id)
              ->  Seq Scan on movie_info_idx mi_idx  (cost=0.00..25185.44 rows=460978 width=4) (actual time=0.017..1404.360 rows=459925 loops=1)
                    Filter: (info_type_id < 100)
                    Rows Removed by Filter: 920110
              ->  Hash  (cost=67604.59..67604.59 rows=987727 width=4) (actual time=4470.691..4470.691 rows=985048 loops=1)
                    Buckets: 131072  Batches: 16  Memory Usage: 3188kB
                    ->  Seq Scan on title t  (cost=0.00..67604.59 rows=987727 width=4) (actual time=0.044..3959.832 rows=985048 loops=1)
                          Filter: (kind_id < 7)
                          Rows Removed by Filter: 1543264
Planning time: 1.162 ms
Execution time: 15095.030 ms
