Hash Join  (cost=187035.85..692967.92 rows=1229746 width=0) (actual time=11479.893..39859.440 rows=402877 loops=1)
  Hash Cond: (mi.movie_id = t.id)
  ->  Seq Scan on movie_info mi  (cost=0.00..346232.03 rows=12665229 width=4) (actual time=0.019..21842.725 rows=12744652 loops=1)
        Filter: (info_type_id > 2)
        Rows Removed by Filter: 2091068
  ->  Hash  (cost=183006.97..183006.97 rows=245510 width=8) (actual time=10372.868..10372.868 rows=49946 loops=1)
        Buckets: 131072  Batches: 4  Memory Usage: 1527kB
        ->  Hash Join  (cost=87731.24..183006.97 rows=245510 width=8) (actual time=5173.102..10354.175 rows=49946 loops=1)
              Hash Cond: (mk.movie_id = t.id)
              ->  Seq Scan on movie_keyword mk  (cost=0.00..81003.12 rows=737735 width=4) (actual time=0.035..4751.023 rows=739498 loops=1)
                    Filter: (keyword_id < 667)
                    Rows Removed by Filter: 3784432
              ->  Hash  (cost=73925.90..73925.90 rows=841467 width=4) (actual time=4853.895..4853.895 rows=921643 loops=1)
                    Buckets: 131072  Batches: 16  Memory Usage: 3062kB
                    ->  Seq Scan on title t  (cost=0.00..73925.90 rows=841467 width=4) (actual time=5.270..4415.848 rows=921643 loops=1)
                          Filter: ((production_year > 2000) AND (kind_id = 7))
                          Rows Removed by Filter: 1606669
Planning time: 1.146 ms
Execution time: 39925.225 ms
