Hash Join  (cost=174403.47..314314.61 rows=1071922 width=0) (actual time=9515.779..21509.682 rows=25760447 loops=1)
  Hash Cond: (mk.movie_id = t.id)
  ->  Seq Scan on movie_keyword mk  (cost=0.00..81003.12 rows=3934879 width=4) (actual time=0.020..4794.347 rows=3935509 loops=1)
        Filter: (keyword_id < 31205)
        Rows Removed by Filter: 588421
  ->  Hash  (cost=163102.35..163102.35 rows=688810 width=8) (actual time=8347.457..8347.457 rows=1307690 loops=1)
        Buckets: 131072 (originally 131072)  Batches: 32 (originally 16)  Memory Usage: 3073kB
        ->  Hash Join  (cost=78556.72..163102.35 rows=688810 width=8) (actual time=3228.346..7949.817 rows=1307690 loops=1)
              Hash Cond: (mc.movie_id = t.id)
              ->  Seq Scan on movie_companies mc  (cost=0.00..44881.29 rows=2609129 width=4) (actual time=0.024..2806.789 rows=2609129 loops=1)
              ->  Hash  (cost=67604.59..67604.59 rows=667531 width=4) (actual time=3227.137..3227.137 rows=662825 loops=1)
                    Buckets: 131072  Batches: 16  Memory Usage: 2476kB
                    ->  Seq Scan on title t  (cost=0.00..67604.59 rows=667531 width=4) (actual time=0.020..2957.233 rows=662825 loops=1)
                          Filter: (kind_id = 1)
                          Rows Removed by Filter: 1865487
Planning time: 4.252 ms
Execution time: 24699.499 ms
