Hash Join  (cost=97066.09..1155070.69 rows=9090877 width=0) (actual time=11658.618..47260.460 rows=7388857 loops=1)
  Hash Cond: (ci.movie_id = t.id)
  ->  Seq Scan on cast_info ci  (cost=0.00..796071.18 rows=12800731 width=4) (actual time=7623.878..34188.660 rows=10729735 loops=1)
        Filter: ((person_id > 1661026) AND (role_id < 4))
        Rows Removed by Filter: 25514609
  ->  Hash  (cost=67604.59..67604.59 rows=1795720 width=4) (actual time=4033.735..4033.735 rows=1794153 loops=1)
        Buckets: 131072  Batches: 32  Memory Usage: 2992kB
        ->  Seq Scan on title t  (cost=0.00..67604.59 rows=1795720 width=4) (actual time=0.025..3390.254 rows=1794153 loops=1)
              Filter: (production_year < 2009)
              Rows Removed by Filter: 734159
Planning time: 0.555 ms
Execution time: 48120.252 ms
