Hash Join  (cost=709675.47..1074336.41 rows=501 width=0) (actual time=11136.828..18187.255 rows=89 loops=1)
  Hash Cond: (mi.movie_id = t.id)
  ->  Seq Scan on movie_info mi  (cost=0.00..309384.22 rows=14739122 width=4) (actual time=0.022..4615.561 rows=14835720 loops=1)
  ->  Hash  (cost=709674.40..709674.40 rows=86 width=8) (actual time=10929.142..10929.142 rows=27 loops=1)
        Buckets: 1024  Batches: 1  Memory Usage: 10kB
        ->  Nested Loop  (cost=0.43..709674.40 rows=86 width=8) (actual time=1314.044..10929.073 rows=27 loops=1)
              ->  Seq Scan on cast_info ci  (cost=0.00..705507.15 rows=500 width=4) (actual time=1313.174..10927.302 rows=83 loops=1)
                    Filter: (person_id = 372463)
                    Rows Removed by Filter: 36244261
              ->  Index Scan using title_pkey on title t  (cost=0.43..8.32 rows=1 width=4) (actual time=0.020..0.020 rows=0 loops=83)
                    Index Cond: (id = ci.movie_id)
                    Filter: ((kind_id > 3) AND (production_year > 2008))
                    Rows Removed by Filter: 1
Planning time: 1.167 ms
Execution time: 18187.426 ms
