Hash Join  (cost=102767.86..236562.42 rows=1783350 width=0) (actual time=5437.530..11652.316 rows=1792776 loops=1)
  Hash Cond: (mk.movie_id = t.id)
  ->  Seq Scan on movie_keyword mk  (cost=0.00..81003.12 rows=1783350 width=4) (actual time=0.030..4336.704 rows=1792776 loops=1)
        Filter: (keyword_id > 7763)
        Rows Removed by Filter: 2731154
  ->  Hash  (cost=61283.27..61283.27 rows=2528527 width=4) (actual time=5436.723..5436.723 rows=2528312 loops=1)
        Buckets: 131072  Batches: 64  Memory Usage: 2425kB
        ->  Seq Scan on title t  (cost=0.00..61283.27 rows=2528527 width=4) (actual time=0.024..4140.908 rows=2528312 loops=1)
Planning time: 8.263 ms
Execution time: 11888.967 ms
