Hash Join  (cost=175027.18..245279.00 rows=364851 width=0) (actual time=6619.082..9790.353 rows=1159752 loops=1)
  Hash Cond: (mc.movie_id = t.id)
  ->  Seq Scan on movie_companies mc  (cost=0.00..51404.11 rows=1003785 width=4) (actual time=0.018..2214.081 rows=1006212 loops=1)
        Filter: (company_id < 4834)
        Rows Removed by Filter: 1602917
  ->  Hash  (cost=159947.97..159947.97 rows=919057 width=8) (actual time=6618.163..6618.163 rows=920110 loops=1)
        Buckets: 131072  Batches: 16  Memory Usage: 3269kB
        ->  Hash Join  (cost=102767.86..159947.97 rows=919057 width=8) (actual time=4070.328..6365.607 rows=920110 loops=1)
              Hash Cond: (mi_idx.movie_id = t.id)
              ->  Seq Scan on movie_info_idx mi_idx  (cost=0.00..25185.44 rows=919057 width=4) (actual time=0.022..1063.995 rows=920110 loops=1)
                    Filter: (info_type_id > 99)
                    Rows Removed by Filter: 459925
              ->  Hash  (cost=61283.27..61283.27 rows=2528527 width=4) (actual time=4068.653..4068.653 rows=2528312 loops=1)
                    Buckets: 131072  Batches: 64  Memory Usage: 2415kB
                    ->  Seq Scan on title t  (cost=0.00..61283.27 rows=2528527 width=4) (actual time=0.017..3174.704 rows=2528312 loops=1)
Planning time: 1.123 ms
Execution time: 9924.433 ms
