Hash Join  (cost=336704.36..1124211.44 rows=20401080 width=0) (actual time=8409.405..63088.682 rows=167823614 loops=1)
  Hash Cond: (mi.movie_id = t.id)
  ->  Seq Scan on movie_info mi  (cost=0.00..346232.03 rows=14592968 width=4) (actual time=0.028..7891.570 rows=14637966 loops=1)
        Filter: (info_type_id < 107)
        Rows Removed by Filter: 197754
  ->  Hash  (cost=278709.11..278709.11 rows=3534900 width=8) (actual time=8408.247..8408.247 rows=3525529 loops=1)
        Buckets: 131072  Batches: 64  Memory Usage: 3278kB
        ->  Hash Join  (cost=102767.86..278709.11 rows=3534900 width=8) (actual time=2153.720..7366.396 rows=3525529 loops=1)
              Hash Cond: (mk.movie_id = t.id)
              ->  Seq Scan on movie_keyword mk  (cost=0.00..81003.12 rows=3534900 width=4) (actual time=0.023..1864.548 rows=3525529 loops=1)
                    Filter: (keyword_id < 18607)
                    Rows Removed by Filter: 998401
              ->  Hash  (cost=61283.27..61283.27 rows=2528527 width=4) (actual time=2151.121..2151.121 rows=2528312 loops=1)
                    Buckets: 131072  Batches: 64  Memory Usage: 2425kB
                    ->  Seq Scan on title t  (cost=0.00..61283.27 rows=2528527 width=4) (actual time=0.025..1214.462 rows=2528312 loops=1)
Planning time: 1.081 ms
Execution time: 82042.492 ms
