Seq Scan on movie_info mi  (cost=0.00..346232.03 rows=1132140 width=0) (actual time=0.033..10321.208 rows=1180649 loops=1)
  Filter: (info_type_id > 42)
  Rows Removed by Filter: 13655071
Planning time: 0.335 ms
Execution time: 10478.755 ms
