Hash Join  (cost=94642.16..875347.87 rows=10737 width=0) (actual time=4841.039..43931.583 rows=20009 loops=1)
  Hash Cond: (ci.movie_id = t.id)
  ->  Seq Scan on cast_info ci  (cost=0.00..705507.15 rows=20024311 width=4) (actual time=0.026..35429.211 rows=20122661 loops=1)
        Filter: (role_id < 3)
        Rows Removed by Filter: 16121683
  ->  Hash  (cost=94625.21..94625.21 rows=1356 width=8) (actual time=4838.102..4838.102 rows=879 loops=1)
        Buckets: 2048  Batches: 1  Memory Usage: 51kB
        ->  Hash Join  (cost=67697.55..94625.21 rows=1356 width=8) (actual time=3381.451..4837.529 rows=879 loops=1)
              Hash Cond: (mi_idx.movie_id = t.id)
              ->  Seq Scan on movie_info_idx mi_idx  (cost=0.00..25185.44 rows=460978 width=4) (actual time=0.019..1355.156 rows=459925 loops=1)
                    Filter: (info_type_id < 100)
                    Rows Removed by Filter: 920110
              ->  Hash  (cost=67604.59..67604.59 rows=7437 width=4) (actual time=3378.522..3378.522 rows=2291 loops=1)
                    Buckets: 8192  Batches: 1  Memory Usage: 145kB
                    ->  Seq Scan on title t  (cost=0.00..67604.59 rows=7437 width=4) (actual time=0.094..3377.122 rows=2291 loops=1)
                          Filter: (production_year = 1947)
                          Rows Removed by Filter: 2526021
Planning time: 8.738 ms
Execution time: 43937.069 ms
