Hash Join  (cost=76242.82..427677.78 rows=21423 width=0) (actual time=10626.483..13926.796 rows=70903 loops=1)
  Hash Cond: (mi.movie_id = t.id)
  ->  Seq Scan on movie_info mi  (cost=0.00..346232.03 rows=383654 width=4) (actual time=6614.910..10161.231 rows=428651 loops=1)
        Filter: (info_type_id > 104)
        Rows Removed by Filter: 14407069
  ->  Hash  (cost=73925.90..73925.90 rows=141193 width=4) (actual time=3508.257..3508.257 rows=132182 loops=1)
        Buckets: 131072  Batches: 2  Memory Usage: 3346kB
        ->  Seq Scan on title t  (cost=0.00..73925.90 rows=141193 width=4) (actual time=0.028..3423.188 rows=132182 loops=1)
              Filter: ((production_year > 2009) AND (kind_id = 1))
              Rows Removed by Filter: 2396130
Planning time: 0.824 ms
Execution time: 13940.505 ms
