Hash Join  (cost=156632.57..1051467.08 rows=1329293 width=0) (actual time=7564.756..17786.438 rows=565079 loops=1)
  Hash Cond: (ci.movie_id = t.id)
  ->  Seq Scan on cast_info ci  (cost=0.00..796071.18 rows=7235040 width=4) (actual time=4216.235..13456.689 rows=1498464 loops=1)
        Filter: ((person_id > 1530269) AND (role_id = 1))
        Rows Removed by Filter: 34745880
  ->  Hash  (cost=149010.49..149010.49 rows=464566 width=8) (actual time=3347.721..3347.721 rows=459925 loops=1)
        Buckets: 131072  Batches: 8  Memory Usage: 3275kB
        ->  Hash Join  (cost=102767.86..149010.49 rows=464566 width=8) (actual time=1936.787..3220.333 rows=459925 loops=1)
              Hash Cond: (mi_idx.movie_id = t.id)
              ->  Seq Scan on movie_info_idx mi_idx  (cost=0.00..25185.44 rows=464566 width=4) (actual time=0.032..515.085 rows=459925 loops=1)
                    Filter: (info_type_id = 101)
                    Rows Removed by Filter: 920110
              ->  Hash  (cost=61283.27..61283.27 rows=2528527 width=4) (actual time=1936.050..1936.050 rows=2528312 loops=1)
                    Buckets: 131072  Batches: 64  Memory Usage: 2415kB
                    ->  Seq Scan on title t  (cost=0.00..61283.27 rows=2528527 width=4) (actual time=0.023..1090.244 rows=2528312 loops=1)
Planning time: 1.192 ms
Execution time: 17857.561 ms
