Nested Loop  (cost=0.43..58358.39 rows=43 width=0) (actual time=3.378..2478.079 rows=107 loops=1)
  ->  Seq Scan on movie_companies mc  (cost=0.00..57926.93 rows=51 width=4) (actual time=3.340..2427.040 rows=109 loops=1)
        Filter: ((company_type_id < 2) AND (company_id = 15524))
        Rows Removed by Filter: 2609020
  ->  Index Scan using title_pkey on title t  (cost=0.43..8.45 rows=1 width=4) (actual time=0.464..0.464 rows=1 loops=109)
        Index Cond: (id = mc.movie_id)
        Filter: (production_year > 1965)
        Rows Removed by Filter: 0
Planning time: 0.656 ms
Execution time: 2478.267 ms
