Hash Join  (cost=107833.07..868967.02 rows=1034475 width=0) (actual time=5752.971..57745.716 rows=1882958 loops=1)
  Hash Cond: (ci.movie_id = t.id)
  ->  Seq Scan on cast_info ci  (cost=0.00..614943.12 rows=36225612 width=4) (actual time=0.016..32858.439 rows=36244344 loops=1)
  ->  Hash  (cost=106930.50..106930.50 rows=72206 width=8) (actual time=5752.216..5752.216 rows=78779 loops=1)
        Buckets: 131072 (originally 131072)  Batches: 2 (originally 1)  Memory Usage: 3073kB
        ->  Hash Join  (cost=74201.04..106930.50 rows=72206 width=8) (actual time=3932.695..5714.074 rows=78779 loops=1)
              Hash Cond: (mi_idx.movie_id = t.id)
              ->  Seq Scan on movie_info_idx mi_idx  (cost=0.00..25185.44 rows=454124 width=4) (actual time=0.022..1405.277 rows=459925 loops=1)
                    Filter: (info_type_id = 100)
                    Rows Removed by Filter: 920110
              ->  Hash  (cost=67604.59..67604.59 rows=402036 width=4) (actual time=3931.768..3931.768 rows=395872 loops=1)
                    Buckets: 131072  Batches: 8  Memory Usage: 2759kB
                    ->  Seq Scan on title t  (cost=0.00..67604.59 rows=402036 width=4) (actual time=0.018..3772.488 rows=395872 loops=1)
                          Filter: (production_year < 1972)
                          Rows Removed by Filter: 2132440
Planning time: 1.143 ms
Execution time: 58005.284 ms
