Seq Scan on movie_companies mc  (cost=0.00..57926.93 rows=51 width=0) (actual time=343.342..2202.411 rows=1 loops=1)
  Filter: ((company_id = 64037) AND (company_type_id = 1))
  Rows Removed by Filter: 2609128
Planning time: 11.949 ms
Execution time: 2202.501 ms
