Seq Scan on title t  (cost=0.00..73925.90 rows=43501 width=0) (actual time=0.025..1059.902 rows=39560 loops=1)
  Filter: ((kind_id = 1) AND (production_year = 2012))
  Rows Removed by Filter: 2488752
Planning time: 0.352 ms
Execution time: 1065.515 ms
