Seq Scan on movie_keyword mk  (cost=0.00..81003.12 rows=4344870 width=0) (actual time=0.026..1618.787 rows=4347659 loops=1)
  Filter: (keyword_id < 71787)
  Rows Removed by Filter: 176271
Planning time: 0.294 ms
Execution time: 2149.735 ms
