Hash Join  (cost=276310.30..1656010.83 rows=29263635 width=0) (actual time=5751.291..61871.845 rows=95252170 loops=1)
  Hash Cond: (ci.movie_id = t.id)
  ->  Seq Scan on cast_info ci  (cost=0.00..614943.12 rows=36225612 width=4) (actual time=0.021..13510.430 rows=36244344 loops=1)
  ->  Hash  (cost=242798.99..242798.99 rows=2042585 width=8) (actual time=5750.212..5750.212 rows=2046795 loops=1)
        Buckets: 131072  Batches: 32  Memory Usage: 3508kB
        ->  Hash Join  (cost=102767.86..242798.99 rows=2042585 width=8) (actual time=1864.576..5246.891 rows=2046795 loops=1)
              Hash Cond: (mk.movie_id = t.id)
              ->  Seq Scan on movie_keyword mk  (cost=0.00..81003.12 rows=2042585 width=4) (actual time=0.024..1605.563 rows=2046795 loops=1)
                    Filter: (keyword_id < 3658)
                    Rows Removed by Filter: 2477135
              ->  Hash  (cost=61283.27..61283.27 rows=2528527 width=4) (actual time=1861.805..1861.805 rows=2528312 loops=1)
                    Buckets: 131072  Batches: 64  Memory Usage: 2425kB
                    ->  Seq Scan on title t  (cost=0.00..61283.27 rows=2528527 width=4) (actual time=0.018..1030.999 rows=2528312 loops=1)
Planning time: 1.161 ms
Execution time: 72631.757 ms
