Hash Join  (cost=917392.85..1420150.69 rows=1063356 width=0) (actual time=16815.095..28917.319 rows=1074904 loops=1)
  Hash Cond: (mi.movie_id = t.id)
  ->  Seq Scan on movie_info mi  (cost=0.00..346232.03 rows=12545135 width=4) (actual time=0.024..7180.463 rows=12601870 loops=1)
        Filter: (info_type_id < 17)
        Rows Removed by Filter: 2233850
  ->  Hash  (cost=913875.80..913875.80 rows=214324 width=8) (actual time=16811.239..16811.239 rows=69841 loops=1)
        Buckets: 131072  Batches: 4  Memory Usage: 1716kB
        ->  Hash Join  (cost=102767.86..913875.80 rows=214324 width=8) (actual time=3493.777..16788.644 rows=69841 loops=1)
              Hash Cond: (ci.movie_id = t.id)
              ->  Seq Scan on cast_info ci  (cost=0.00..796071.18 rows=214324 width=4) (actual time=1614.196..14473.187 rows=69841 loops=1)
                    Filter: ((person_id < 2762216) AND (role_id = 7))
                    Rows Removed by Filter: 36174503
              ->  Hash  (cost=61283.27..61283.27 rows=2528527 width=4) (actual time=1878.618..1878.618 rows=2528312 loops=1)
                    Buckets: 131072  Batches: 64  Memory Usage: 2415kB
                    ->  Seq Scan on title t  (cost=0.00..61283.27 rows=2528527 width=4) (actual time=0.024..1039.234 rows=2528312 loops=1)
Planning time: 1.141 ms
Execution time: 29036.729 ms
