Hash Join  (cost=102767.86..243537.62 rows=2073270 width=0) (actual time=1888.455..5629.722 rows=2073764 loops=1)
  Hash Cond: (mk.movie_id = t.id)
  ->  Seq Scan on movie_keyword mk  (cost=0.00..81003.12 rows=2073270 width=4) (actual time=0.022..1621.164 rows=2073764 loops=1)
        Filter: (keyword_id > 5851)
        Rows Removed by Filter: 2450166
  ->  Hash  (cost=61283.27..61283.27 rows=2528527 width=4) (actual time=1885.349..1885.349 rows=2528312 loops=1)
        Buckets: 131072  Batches: 64  Memory Usage: 2425kB
        ->  Seq Scan on title t  (cost=0.00..61283.27 rows=2528527 width=4) (actual time=0.022..1021.029 rows=2528312 loops=1)
Planning time: 0.724 ms
Execution time: 5861.704 ms
