Seq Scan on movie_keyword mk  (cost=0.00..81003.12 rows=3921 width=0) (actual time=0.266..3021.599 rows=3426 loops=1)
  Filter: (keyword_id = 562)
  Rows Removed by Filter: 4520504
Planning time: 0.385 ms
Execution time: 3022.753 ms
