Seq Scan on cast_info ci  (cost=0.00..796071.18 rows=1737220 width=0) (actual time=3158.944..11423.925 rows=3934527 loops=1)
  Filter: ((person_id > 3339317) AND (role_id > 2))
  Rows Removed by Filter: 32309817
Planning time: 0.344 ms
Execution time: 11909.743 ms
