Seq Scan on cast_info ci  (cost=0.00..796071.18 rows=287878 width=0) (actual time=9722.685..11053.671 rows=888192 loops=1)
  Filter: ((person_id > 3891518) AND (role_id > 3))
  Rows Removed by Filter: 35356152
Planning time: 0.329 ms
Execution time: 11158.143 ms
