Seq Scan on cast_info ci  (cost=0.00..705507.15 rows=32517687 width=0) (actual time=0.023..13202.175 rows=32510662 loops=1)
  Filter: (person_id < 3381402)
  Rows Removed by Filter: 3733682
Planning time: 0.331 ms
Execution time: 17268.108 ms
