Hash Join  (cost=78900.89..577565.70 rows=1767388 width=0) (actual time=1374.544..14859.827 rows=2839057 loops=1)
  Hash Cond: (mi.movie_id = t.id)
  ->  Seq Scan on movie_info mi  (cost=0.00..309384.22 rows=14739122 width=4) (actual time=0.025..6191.135 rows=14835720 loops=1)
  ->  Hash  (cost=73925.90..73925.90 rows=303199 width=4) (actual time=1373.685..1373.685 rows=250201 loops=1)
        Buckets: 131072  Batches: 4  Memory Usage: 3231kB
        ->  Seq Scan on title t  (cost=0.00..73925.90 rows=303199 width=4) (actual time=0.026..1286.708 rows=250201 loops=1)
              Filter: ((kind_id < 3) AND (production_year > 2005))
              Rows Removed by Filter: 2278111
Planning time: 0.773 ms
Execution time: 15212.093 ms
