Hash Join  (cost=365418.15..1436037.64 rows=18042042 width=0) (actual time=8504.036..42553.376 rows=62018710 loops=1)
  Hash Cond: (ci.movie_id = t.id)
  ->  Seq Scan on cast_info ci  (cost=0.00..705507.15 rows=10084106 width=4) (actual time=0.020..12876.705 rows=9881450 loops=1)
        Filter: (person_id < 972445)
        Rows Removed by Filter: 26362894
  ->  Hash  (cost=291197.02..291197.02 rows=4523930 width=8) (actual time=8502.211..8502.211 rows=4523930 loops=1)
        Buckets: 131072  Batches: 64  Memory Usage: 3816kB
        ->  Hash Join  (cost=102767.86..291197.02 rows=4523930 width=8) (actual time=1935.218..7233.310 rows=4523930 loops=1)
              Hash Cond: (mk.movie_id = t.id)
              ->  Seq Scan on movie_keyword mk  (cost=0.00..69693.30 rows=4523930 width=4) (actual time=0.026..1532.702 rows=4523930 loops=1)
              ->  Hash  (cost=61283.27..61283.27 rows=2528527 width=4) (actual time=1934.134..1934.134 rows=2528312 loops=1)
                    Buckets: 131072  Batches: 64  Memory Usage: 2425kB
                    ->  Seq Scan on title t  (cost=0.00..61283.27 rows=2528527 width=4) (actual time=0.017..1051.227 rows=2528312 loops=1)
Planning time: 1.229 ms
Execution time: 49470.706 ms
