Hash Join  (cost=83074.74..447745.01 rows=1434 width=0) (actual time=1618.295..8232.013 rows=471 loops=1)
  Hash Cond: (mi.movie_id = t.id)
  ->  Seq Scan on movie_info mi  (cost=0.00..309384.22 rows=14739122 width=4) (actual time=0.022..4285.628 rows=14835720 loops=1)
  ->  Hash  (cost=83071.67..83071.67 rows=246 width=8) (actual time=1267.086..1267.086 rows=21 loops=1)
        Buckets: 1024  Batches: 1  Memory Usage: 9kB
        ->  Nested Loop  (cost=0.43..83071.67 rows=246 width=8) (actual time=136.329..1267.052 rows=21 loops=1)
              ->  Seq Scan on movie_keyword mk  (cost=0.00..81003.12 rows=246 width=4) (actual time=136.259..1266.046 rows=21 loops=1)
                    Filter: (keyword_id = 76303)
                    Rows Removed by Filter: 4523909
              ->  Index Only Scan using title_pkey on title t  (cost=0.43..8.40 rows=1 width=4) (actual time=0.041..0.042 rows=1 loops=21)
                    Index Cond: (id = mk.movie_id)
                    Heap Fetches: 21
Planning time: 1.159 ms
Execution time: 8232.345 ms
