Seq Scan on movie_keyword mk  (cost=0.00..81003.12 rows=3487212 width=0) (actual time=0.015..1582.104 rows=3478715 loops=1)
  Filter: (keyword_id < 16980)
  Rows Removed by Filter: 1045215
Planning time: 0.321 ms
Execution time: 2042.445 ms
