Hash Join  (cost=158890.22..288570.24 rows=630198 width=0) (actual time=7909.245..17086.328 rows=5844115 loops=1)
  Hash Cond: (mk.movie_id = t.id)
  ->  Seq Scan on movie_keyword mk  (cost=0.00..69693.30 rows=4523930 width=4) (actual time=0.024..4670.417 rows=4523930 loops=1)
  ->  Hash  (cost=153111.32..153111.32 rows=352232 width=8) (actual time=7907.990..7907.990 rows=619717 loops=1)
        Buckets: 131072  Batches: 8  Memory Usage: 4059kB
        ->  Hash Join  (cost=73205.47..153111.32 rows=352232 width=8) (actual time=3377.080..7666.761 rows=619717 loops=1)
              Hash Cond: (mc.movie_id = t.id)
              ->  Seq Scan on movie_companies mc  (cost=0.00..44881.29 rows=2609129 width=4) (actual time=0.022..2662.553 rows=2609129 loops=1)
              ->  Hash  (cost=67604.59..67604.59 rows=341351 width=4) (actual time=3376.355..3376.355 rows=337846 loops=1)
                    Buckets: 131072  Batches: 8  Memory Usage: 2501kB
                    ->  Seq Scan on title t  (cost=0.00..67604.59 rows=341351 width=4) (actual time=0.023..3005.272 rows=337846 loops=1)
                          Filter: (production_year < 1968)
                          Rows Removed by Filter: 2190466
Planning time: 10.540 ms
Execution time: 17951.246 ms
