Hash Join  (cost=143380.78..511019.01 rows=298230 width=0) (actual time=3036.853..14111.549 rows=1098271 loops=1)
  Hash Cond: (mi.movie_id = t.id)
  ->  Seq Scan on movie_info mi  (cost=0.00..309384.22 rows=14739122 width=4) (actual time=0.016..4637.676 rows=14835720 loops=1)
  ->  Hash  (cost=142741.26..142741.26 rows=51162 width=8) (actual time=3036.220..3036.220 rows=110525 loops=1)
        Buckets: 131072 (originally 65536)  Batches: 2 (originally 1)  Memory Usage: 3185kB
        ->  Hash Join  (cost=69283.60..142741.26 rows=51162 width=8) (actual time=1218.354..2994.881 rows=110525 loops=1)
              Hash Cond: (mc.movie_id = t.id)
              ->  Seq Scan on movie_companies mc  (cost=0.00..57926.93 rows=1264294 width=4) (actual time=0.019..1266.142 rows=1312144 loops=1)
                    Filter: ((company_id > 19) AND (company_type_id = 2))
                    Rows Removed by Filter: 1296985
              ->  Hash  (cost=67604.59..67604.59 rows=102321 width=4) (actual time=1217.592..1217.592 rows=100537 loops=1)
                    Buckets: 131072  Batches: 2  Memory Usage: 2797kB
                    ->  Seq Scan on title t  (cost=0.00..67604.59 rows=102321 width=4) (actual time=0.011..1165.199 rows=100537 loops=1)
                          Filter: (kind_id = 3)
                          Rows Removed by Filter: 2427775
Planning time: 1.155 ms
Execution time: 14250.626 ms
