Hash Join  (cost=183575.52..316094.42 rows=863186 width=0) (actual time=4090.604..8179.718 rows=3198350 loops=1)
  Hash Cond: (mk.movie_id = t.id)
  ->  Seq Scan on movie_keyword mk  (cost=0.00..69693.30 rows=4523930 width=4) (actual time=0.013..1450.140 rows=4523930 loops=1)
  ->  Hash  (cost=175659.85..175659.85 rows=482454 width=8) (actual time=4089.125..4089.125 rows=477152 loops=1)
        Buckets: 131072  Batches: 8  Memory Usage: 3373kB
        ->  Hash Join  (cost=102767.86..175659.85 rows=482454 width=8) (actual time=2187.327..3942.291 rows=477152 loops=1)
              Hash Cond: (mc.movie_id = t.id)
              ->  Seq Scan on movie_companies mc  (cost=0.00..51404.11 rows=482454 width=4) (actual time=0.027..925.405 rows=477152 loops=1)
                    Filter: (company_id < 424)
                    Rows Removed by Filter: 2131977
              ->  Hash  (cost=61283.27..61283.27 rows=2528527 width=4) (actual time=2186.495..2186.495 rows=2528312 loops=1)
                    Buckets: 131072  Batches: 64  Memory Usage: 2415kB
                    ->  Seq Scan on title t  (cost=0.00..61283.27 rows=2528527 width=4) (actual time=0.020..1042.365 rows=2528312 loops=1)
Planning time: 1.115 ms
Execution time: 8556.642 ms
