Seq Scan on movie_keyword mk  (cost=0.00..81003.12 rows=3351570 width=0) (actual time=0.015..3975.575 rows=3349949 loops=1)
  Filter: (keyword_id > 1382)
  Rows Removed by Filter: 1173981
Planning time: 0.388 ms
Execution time: 4538.239 ms
