Seq Scan on movie_companies mc  (cost=0.00..57926.93 rows=874858 width=0) (actual time=288.683..1062.591 rows=1075899 loops=1)
  Filter: ((company_id > 2731) AND (company_type_id > 1))
  Rows Removed by Filter: 1533230
Planning time: 0.339 ms
Execution time: 1199.781 ms
