Seq Scan on movie_keyword mk  (cost=0.00..81003.12 rows=1095058 width=0) (actual time=0.016..1508.182 rows=1102686 loops=1)
  Filter: (keyword_id < 1135)
  Rows Removed by Filter: 3421244
Planning time: 0.353 ms
Execution time: 1647.397 ms
