Hash Join  (cost=83074.74..833899.15 rows=3524 width=0) (actual time=1247.927..17716.194 rows=35062 loops=1)
  Hash Cond: (ci.movie_id = t.id)
  ->  Seq Scan on cast_info ci  (cost=0.00..614943.12 rows=36225612 width=4) (actual time=0.013..9219.259 rows=36244344 loops=1)
  ->  Hash  (cost=83071.67..83071.67 rows=246 width=8) (actual time=1247.579..1247.579 rows=635 loops=1)
        Buckets: 1024  Batches: 1  Memory Usage: 33kB
        ->  Nested Loop  (cost=0.43..83071.67 rows=246 width=8) (actual time=0.065..1247.065 rows=635 loops=1)
              ->  Seq Scan on movie_keyword mk  (cost=0.00..81003.12 rows=246 width=4) (actual time=0.022..1202.045 rows=635 loops=1)
                    Filter: (keyword_id = 2503)
                    Rows Removed by Filter: 4523295
              ->  Index Only Scan using title_pkey on title t  (cost=0.43..8.40 rows=1 width=4) (actual time=0.069..0.069 rows=1 loops=635)
                    Index Cond: (id = mk.movie_id)
                    Heap Fetches: 635
Planning time: 0.816 ms
Execution time: 17725.290 ms
