Seq Scan on movie_keyword mk  (cost=0.00..81003.12 rows=246 width=0) (actual time=0.177..1282.873 rows=2620 loops=1)
  Filter: (keyword_id = 1013)
  Rows Removed by Filter: 4521310
Planning time: 0.314 ms
Execution time: 1283.717 ms
