Seq Scan on cast_info ci  (cost=0.00..796071.18 rows=5945684 width=0) (actual time=0.016..13165.837 rows=7642970 loops=1)
  Filter: ((person_id < 1041371) AND (role_id < 3))
  Rows Removed by Filter: 28601374
Planning time: 0.316 ms
Execution time: 14084.784 ms
