Hash Join  (cost=433328.88..1416738.92 rows=621083 width=0) (actual time=8829.949..37168.390 rows=5254814 loops=1)
  Hash Cond: (ci.movie_id = t.id)
  ->  Seq Scan on cast_info ci  (cost=0.00..614943.12 rows=36225612 width=4) (actual time=0.016..9936.522 rows=36244344 loops=1)
  ->  Hash  (cost=432786.99..432786.99 rows=43351 width=8) (actual time=8828.912..8828.912 rows=142701 loops=1)
        Buckets: 131072 (originally 65536)  Batches: 2 (originally 1)  Memory Usage: 3793kB
        ->  Hash Join  (cost=67697.55..432786.99 rows=43351 width=8) (actual time=957.435..8743.045 rows=142701 loops=1)
              Hash Cond: (mi.movie_id = t.id)
              ->  Seq Scan on movie_info mi  (cost=0.00..309384.22 rows=14739122 width=4) (actual time=0.027..4168.796 rows=14835720 loops=1)
              ->  Hash  (cost=67604.59..67604.59 rows=7437 width=4) (actual time=957.242..957.242 rows=23040 loops=1)
                    Buckets: 32768 (originally 8192)  Batches: 1 (originally 1)  Memory Usage: 1066kB
                    ->  Seq Scan on title t  (cost=0.00..67604.59 rows=7437 width=4) (actual time=0.023..946.804 rows=23040 loops=1)
                          Filter: (production_year = 1990)
                          Rows Removed by Filter: 2505272
Planning time: 1.155 ms
Execution time: 37802.488 ms
