Hash Join  (cost=118506.38..195095.94 rows=111704 width=0) (actual time=2639.686..5162.156 rows=1077239 loops=1)
  Hash Cond: (mc.movie_id = t.id)
  ->  Seq Scan on movie_companies mc  (cost=0.00..44881.29 rows=2609129 width=4) (actual time=0.022..941.971 rows=2609129 loops=1)
  ->  Hash  (cost=116730.22..116730.22 rows=108253 width=8) (actual time=2603.703..2603.703 rows=297064 loops=1)
        Buckets: 131072 (originally 131072)  Batches: 4 (originally 2)  Memory Usage: 3932kB
        ->  Hash Join  (cost=77180.21..116730.22 rows=108253 width=8) (actual time=1369.382..2507.663 rows=297064 loops=1)
              Hash Cond: (mi_idx.movie_id = t.id)
              ->  Seq Scan on movie_info_idx mi_idx  (cost=0.00..21735.35 rows=1380035 width=4) (actual time=0.017..464.100 rows=1380035 loops=1)
              ->  Hash  (cost=73925.90..73925.90 rows=198344 width=4) (actual time=1343.392..1343.392 rows=331222 loops=1)
                    Buckets: 131072  Batches: 4  Memory Usage: 3937kB
                    ->  Seq Scan on title t  (cost=0.00..73925.90 rows=198344 width=4) (actual time=59.523..1235.979 rows=331222 loops=1)
                          Filter: ((production_year < 1993) AND (kind_id = 1))
                          Rows Removed by Filter: 2197090
Planning time: 1.388 ms
Execution time: 5298.614 ms
