Seq Scan on movie_keyword mk  (cost=0.00..81003.12 rows=239938 width=0) (actual time=0.032..1377.000 rows=254471 loops=1)
  Filter: (keyword_id < 224)
  Rows Removed by Filter: 4269459
Planning time: 0.301 ms
Execution time: 1412.249 ms
