Hash Join  (cost=195854.54..331473.58 rows=1117600 width=0) (actual time=3844.800..8916.070 rows=9303449 loops=1)
  Hash Cond: (mk.movie_id = t.id)
  ->  Seq Scan on movie_keyword mk  (cost=0.00..69693.30 rows=4523930 width=4) (actual time=0.020..1445.806 rows=4523930 loops=1)
  ->  Hash  (cost=185605.39..185605.39 rows=624652 width=8) (actual time=3843.283..3843.283 rows=381377 loops=1)
        Buckets: 131072  Batches: 16  Memory Usage: 1990kB
        ->  Hash Join  (cost=102767.86..185605.39 rows=624652 width=8) (actual time=2205.012..3729.871 rows=381377 loops=1)
              Hash Cond: (mc.movie_id = t.id)
              ->  Seq Scan on movie_companies mc  (cost=0.00..57926.93 rows=624652 width=4) (actual time=114.043..967.041 rows=381377 loops=1)
                    Filter: ((company_id > 11385) AND (company_type_id = 1))
                    Rows Removed by Filter: 2227752
              ->  Hash  (cost=61283.27..61283.27 rows=2528527 width=4) (actual time=2089.542..2089.542 rows=2528312 loops=1)
                    Buckets: 131072  Batches: 64  Memory Usage: 2415kB
                    ->  Seq Scan on title t  (cost=0.00..61283.27 rows=2528527 width=4) (actual time=0.020..1225.581 rows=2528312 loops=1)
Planning time: 1.041 ms
Execution time: 9810.436 ms
