Hash Join  (cost=83074.74..139466.19 rows=129 width=0) (actual time=1666.042..2611.705 rows=451 loops=1)
  Hash Cond: (mc.movie_id = t.id)
  ->  Seq Scan on movie_companies mc  (cost=0.00..51404.11 rows=1329612 width=4) (actual time=270.136..1027.346 rows=1334883 loops=1)
        Filter: (company_type_id = 2)
        Rows Removed by Filter: 1274246
  ->  Hash  (cost=83071.67..83071.67 rows=246 width=8) (actual time=1393.726..1393.726 rows=121 loops=1)
        Buckets: 1024  Batches: 1  Memory Usage: 13kB
        ->  Nested Loop  (cost=0.43..83071.67 rows=246 width=8) (actual time=14.154..1393.536 rows=121 loops=1)
              ->  Seq Scan on movie_keyword mk  (cost=0.00..81003.12 rows=246 width=4) (actual time=14.075..1382.499 rows=121 loops=1)
                    Filter: (keyword_id = 2165)
                    Rows Removed by Filter: 4523809
              ->  Index Only Scan using title_pkey on title t  (cost=0.43..8.40 rows=1 width=4) (actual time=0.086..0.086 rows=1 loops=121)
                    Index Cond: (id = mk.movie_id)
                    Heap Fetches: 121
Planning time: 0.898 ms
Execution time: 2611.893 ms
