Seq Scan on movie_companies mc  (cost=0.00..51404.11 rows=1954816 width=0) (actual time=0.029..1099.854 rows=1950170 loops=1)
  Filter: (company_id < 52725)
  Rows Removed by Filter: 658959
Planning time: 0.281 ms
Execution time: 1342.599 ms
