Hash Join  (cost=832324.71..1273606.63 rows=1002064 width=0) (actual time=15324.151..25490.942 rows=1513978 loops=1)
  Hash Cond: (mi.movie_id = t.id)
  ->  Seq Scan on movie_info mi  (cost=0.00..346232.03 rows=7235534 width=4) (actual time=0.028..6400.838 rows=7286865 loops=1)
        Filter: (info_type_id < 8)
        Rows Removed by Filter: 7548855
  ->  Hash  (cost=826579.45..826579.45 rows=350181 width=8) (actual time=15323.134..15323.134 rows=316118 loops=1)
        Buckets: 131072  Batches: 8  Memory Usage: 2577kB
        ->  Hash Join  (cost=102767.86..826579.45 rows=350181 width=8) (actual time=5547.016..15217.690 rows=316118 loops=1)
              Hash Cond: (ci.movie_id = t.id)
              ->  Seq Scan on cast_info ci  (cost=0.00..705507.15 rows=350181 width=4) (actual time=3573.605..12521.222 rows=316118 loops=1)
                    Filter: (role_id > 10)
                    Rows Removed by Filter: 35928226
              ->  Hash  (cost=61283.27..61283.27 rows=2528527 width=4) (actual time=1971.784..1971.784 rows=2528312 loops=1)
                    Buckets: 131072  Batches: 64  Memory Usage: 2415kB
                    ->  Seq Scan on title t  (cost=0.00..61283.27 rows=2528527 width=4) (actual time=0.027..1156.096 rows=2528312 loops=1)
Planning time: 7.633 ms
Execution time: 25670.278 ms
