Nested Loop  (cost=0.43..83071.67 rows=246 width=0) (actual time=0.365..1457.242 rows=1903 loops=1)
  ->  Seq Scan on movie_keyword mk  (cost=0.00..81003.12 rows=246 width=4) (actual time=0.290..1364.544 rows=1903 loops=1)
        Filter: (keyword_id = 866)
        Rows Removed by Filter: 4522027
  ->  Index Only Scan using title_pkey on title t  (cost=0.43..8.40 rows=1 width=4) (actual time=0.047..0.048 rows=1 loops=1903)
        Index Cond: (id = mk.movie_id)
        Heap Fetches: 1903
Planning time: 0.664 ms
Execution time: 1457.964 ms
