Hash Join  (cost=115162.18..874451.56 rows=850026 width=0) (actual time=2176.011..20119.241 rows=969531 loops=1)
  Hash Cond: (ci.movie_id = t.id)
  ->  Seq Scan on cast_info ci  (cost=0.00..614943.12 rows=36225612 width=4) (actual time=0.017..8834.595 rows=36244344 loops=1)
  ->  Hash  (cost=114420.55..114420.55 rows=59331 width=8) (actual time=2175.658..2175.658 rows=24405 loops=1)
        Buckets: 65536  Batches: 1  Memory Usage: 1466kB
        ->  Hash Join  (cost=75709.76..114420.55 rows=59331 width=8) (actual time=1236.434..2167.528 rows=24405 loops=1)
              Hash Cond: (mi_idx.movie_id = t.id)
              ->  Seq Scan on movie_info_idx mi_idx  (cost=0.00..21735.35 rows=1380035 width=4) (actual time=0.011..472.249 rows=1380035 loops=1)
              ->  Hash  (cost=73925.90..73925.90 rows=108708 width=4) (actual time=1235.762..1235.762 rows=115965 loops=1)
                    Buckets: 131072  Batches: 2  Memory Usage: 3062kB
                    ->  Seq Scan on title t  (cost=0.00..73925.90 rows=108708 width=4) (actual time=0.035..1192.620 rows=115965 loops=1)
                          Filter: ((kind_id > 3) AND (production_year = 2012))
                          Rows Removed by Filter: 2412347
Planning time: 0.788 ms
Execution time: 20248.394 ms
