Seq Scan on cast_info ci  (cost=0.00..705507.15 rows=500 width=0) (actual time=3519.163..10344.914 rows=14 loops=1)
  Filter: (person_id = 195472)
  Rows Removed by Filter: 36244330
Planning time: 0.246 ms
Execution time: 10345.025 ms
