Seq Scan on movie_companies mc  (cost=0.00..57926.93 rows=868165 width=0) (actual time=373.479..1087.497 rows=548802 loops=1)
  Filter: ((company_id < 20514) AND (company_type_id > 1))
  Rows Removed by Filter: 2060327
Planning time: 0.318 ms
Execution time: 1155.182 ms
