Seq Scan on cast_info ci  (cost=0.00..796071.18 rows=6394562 width=0) (actual time=5486.357..43211.662 rows=12670688 loops=1)
  Filter: ((person_id < 1793840) AND (role_id = 1))
  Rows Removed by Filter: 23573656
Planning time: 0.446 ms
Execution time: 45494.937 ms
