Hash Join  (cost=74349.78..136255.77 rows=13739 width=0) (actual time=1072.519..1778.724 rows=23323 loops=1)
  Hash Cond: (mc.movie_id = t.id)
  ->  Seq Scan on movie_companies mc  (cost=0.00..57926.93 rows=1024445 width=4) (actual time=0.029..537.653 rows=1169544 loops=1)
        Filter: ((company_id > 686) AND (company_type_id = 2))
        Rows Removed by Filter: 1439585
  ->  Hash  (cost=73925.90..73925.90 rows=33910 width=4) (actual time=1072.129..1072.129 rows=21830 loops=1)
        Buckets: 65536  Batches: 1  Memory Usage: 1280kB
        ->  Seq Scan on title t  (cost=0.00..73925.90 rows=33910 width=4) (actual time=0.089..1062.492 rows=21830 loops=1)
              Filter: ((kind_id < 3) AND (production_year = 2007))
              Rows Removed by Filter: 2506482
Planning time: 0.736 ms
Execution time: 1781.468 ms
