Hash Join  (cost=74173.24..872356.52 rows=4317 width=0) (actual time=4820.054..12794.893 rows=7186 loops=1)
  Hash Cond: (ci.movie_id = t.id)
  ->  Seq Scan on cast_info ci  (cost=0.00..796071.18 rows=551713 width=4) (actual time=3877.091..11678.202 rows=834994 loops=1)
        Filter: ((person_id > 2544404) AND (role_id = 8))
        Rows Removed by Filter: 35409350
  ->  Hash  (cost=73925.90..73925.90 rows=19787 width=4) (actual time=942.622..942.622 rows=15791 loops=1)
        Buckets: 32768  Batches: 1  Memory Usage: 812kB
        ->  Seq Scan on title t  (cost=0.00..73925.90 rows=19787 width=4) (actual time=0.126..935.387 rows=15791 loops=1)
              Filter: ((kind_id < 7) AND (production_year = 1999))
              Rows Removed by Filter: 2512521
Planning time: 0.810 ms
Execution time: 12796.425 ms
