Hash Join  (cost=1211838.03..2268061.67 rows=43661529 width=0) (actual time=19454.055..45708.196 rows=45400636 loops=1)
  Hash Cond: (mi.movie_id = t.id)
  ->  Seq Scan on movie_info mi  (cost=0.00..309384.22 rows=14739122 width=4) (actual time=0.008..6060.546 rows=14835720 loops=1)
  ->  Hash  (cost=1088951.21..1088951.21 rows=7490226 width=8) (actual time=19450.592..19450.592 rows=3199153 loops=1)
        Buckets: 131072  Batches: 128  Memory Usage: 2043kB
        ->  Hash Join  (cost=102767.86..1088951.21 rows=7490226 width=8) (actual time=3235.930..18477.078 rows=3199153 loops=1)
              Hash Cond: (ci.movie_id = t.id)
              ->  Seq Scan on cast_info ci  (cost=0.00..796071.18 rows=7490226 width=4) (actual time=1105.306..12889.138 rows=3199153 loops=1)
                    Filter: ((person_id < 1126180) AND (role_id > 1))
                    Rows Removed by Filter: 33045191
              ->  Hash  (cost=61283.27..61283.27 rows=2528527 width=4) (actual time=2090.164..2090.164 rows=2528312 loops=1)
                    Buckets: 131072  Batches: 64  Memory Usage: 2415kB
                    ->  Seq Scan on title t  (cost=0.00..61283.27 rows=2528527 width=4) (actual time=0.035..1022.959 rows=2528312 loops=1)
Planning time: 1.211 ms
Execution time: 50806.797 ms
