Hash Join  (cost=102767.86..994924.45 rows=3582610 width=0) (actual time=6869.625..16522.598 rows=1795561 loops=1)
  Hash Cond: (ci.movie_id = t.id)
  ->  Seq Scan on cast_info ci  (cost=0.00..796071.18 rows=3582610 width=4) (actual time=4980.440..12602.586 rows=1795561 loops=1)
        Filter: ((person_id < 1346922) AND (role_id > 4))
        Rows Removed by Filter: 34448783
  ->  Hash  (cost=61283.27..61283.27 rows=2528527 width=4) (actual time=1887.640..1887.640 rows=2528312 loops=1)
        Buckets: 131072  Batches: 64  Memory Usage: 2415kB
        ->  Seq Scan on title t  (cost=0.00..61283.27 rows=2528527 width=4) (actual time=0.024..1040.364 rows=2528312 loops=1)
Planning time: 2.182 ms
Execution time: 16703.422 ms
