Seq Scan on movie_companies mc  (cost=0.00..51404.11 rows=104 width=0) (actual time=40.238..755.580 rows=2012 loops=1)
  Filter: (company_id = 31716)
  Rows Removed by Filter: 2607117
Planning time: 0.366 ms
Execution time: 755.939 ms
