Hash Join  (cost=74764.77..102041.52 rows=36627 width=0) (actual time=1314.895..2279.051 rows=100196 loops=1)
  Hash Cond: (mi_idx.movie_id = t.id)
  ->  Seq Scan on movie_info_idx mi_idx  (cost=0.00..21735.35 rows=1380035 width=4) (actual time=0.031..353.685 rows=1380035 loops=1)
  ->  Hash  (cost=73925.90..73925.90 rows=67109 width=4) (actual time=1314.127..1314.127 rows=177071 loops=1)
        Buckets: 131072 (originally 131072)  Batches: 4 (originally 1)  Memory Usage: 3073kB
        ->  Seq Scan on title t  (cost=0.00..73925.90 rows=67109 width=4) (actual time=0.014..1239.472 rows=177071 loops=1)
              Filter: ((kind_id < 4) AND (production_year < 1955))
              Rows Removed by Filter: 2351241
Planning time: 0.674 ms
Execution time: 2290.023 ms
