Hash Join  (cost=105772.75..160191.23 rows=841954 width=0) (actual time=2414.435..4047.284 rows=887302 loops=1)
  Hash Cond: (mi_idx.movie_id = t.id)
  ->  Seq Scan on movie_info_idx mi_idx  (cost=0.00..25185.44 rows=915101 width=4) (actual time=0.031..518.998 rows=919850 loops=1)
        Filter: (info_type_id < 101)
        Rows Removed by Filter: 460185
  ->  Hash  (cost=67604.59..67604.59 rows=2326413 width=4) (actual time=2413.492..2413.492 rows=2320300 loops=1)
        Buckets: 131072  Batches: 32  Memory Usage: 3577kB
        ->  Seq Scan on title t  (cost=0.00..67604.59 rows=2326413 width=4) (actual time=0.024..1393.020 rows=2320300 loops=1)
              Filter: (production_year > 1937)
              Rows Removed by Filter: 208012
Planning time: 0.660 ms
Execution time: 4151.749 ms
