Hash Join  (cost=100957.97..196046.83 rows=3967 width=0) (actual time=2400.840..3781.324 rows=4962 loops=1)
  Hash Cond: (mk.movie_id = t.id)
  ->  Seq Scan on movie_keyword mk  (cost=0.00..81003.12 rows=3745618 width=4) (actual time=0.022..1524.375 rows=3742364 loops=1)
        Filter: (keyword_id > 745)
        Rows Removed by Filter: 781566
  ->  Hash  (cost=100924.49..100924.49 rows=2678 width=8) (actual time=1717.610..1717.610 rows=1971 loops=1)
        Buckets: 4096  Batches: 1  Memory Usage: 109kB
        ->  Hash Join  (cost=73987.23..100924.49 rows=2678 width=8) (actual time=1128.361..1716.750 rows=1971 loops=1)
              Hash Cond: (mi_idx.movie_id = t.id)
              ->  Seq Scan on movie_info_idx mi_idx  (cost=0.00..21735.35 rows=1380035 width=4) (actual time=0.018..296.526 rows=1380035 loops=1)
              ->  Hash  (cost=73925.90..73925.90 rows=4906 width=4) (actual time=1121.878..1121.878 rows=6093 loops=1)
                    Buckets: 8192  Batches: 1  Memory Usage: 279kB
                    ->  Seq Scan on title t  (cost=0.00..73925.90 rows=4906 width=4) (actual time=0.126..1118.788 rows=6093 loops=1)
                          Filter: ((kind_id > 3) AND (production_year = 1958))
                          Rows Removed by Filter: 2522219
Planning time: 1.188 ms
Execution time: 3782.119 ms
