Hash Join  (cost=228223.01..761492.73 rows=5942714 width=0) (actual time=5777.648..22222.330 rows=20498797 loops=1)
  Hash Cond: (mi.movie_id = t.id)
  ->  Seq Scan on movie_info mi  (cost=0.00..346232.03 rows=9476311 width=4) (actual time=504.354..6491.564 rows=9565151 loops=1)
        Filter: (info_type_id < 16)
        Rows Removed by Filter: 5270569
  ->  Hash  (cost=202207.12..202207.12 rows=1585671 width=8) (actual time=5272.637..5272.637 rows=1585505 loops=1)
        Buckets: 131072  Batches: 32  Memory Usage: 2999kB
        ->  Hash Join  (cost=102767.86..202207.12 rows=1585671 width=8) (actual time=2067.708..4818.292 rows=1585505 loops=1)
              Hash Cond: (mc.movie_id = t.id)
              ->  Seq Scan on movie_companies mc  (cost=0.00..51404.11 rows=1585671 width=4) (actual time=0.021..1046.211 rows=1585505 loops=1)
                    Filter: (company_id > 5472)
                    Rows Removed by Filter: 1023624
              ->  Hash  (cost=61283.27..61283.27 rows=2528527 width=4) (actual time=2066.574..2066.574 rows=2528312 loops=1)
                    Buckets: 131072  Batches: 64  Memory Usage: 2415kB
                    ->  Seq Scan on title t  (cost=0.00..61283.27 rows=2528527 width=4) (actual time=0.011..1237.644 rows=2528312 loops=1)
Planning time: 1.124 ms
Execution time: 24459.890 ms
