Hash Join  (cost=832324.71..961960.04 rows=626529 width=0) (actual time=42373.577..49615.429 rows=1859874 loops=1)
  Hash Cond: (mk.movie_id = t.id)
  ->  Seq Scan on movie_keyword mk  (cost=0.00..69693.30 rows=4523930 width=4) (actual time=0.028..3898.926 rows=4523930 loops=1)
  ->  Hash  (cost=826579.45..826579.45 rows=350181 width=8) (actual time=42372.576..42372.576 rows=316118 loops=1)
        Buckets: 131072  Batches: 8  Memory Usage: 2577kB
        ->  Hash Join  (cost=102767.86..826579.45 rows=350181 width=8) (actual time=8373.322..42242.289 rows=316118 loops=1)
              Hash Cond: (ci.movie_id = t.id)
              ->  Seq Scan on cast_info ci  (cost=0.00..705507.15 rows=350181 width=4) (actual time=2439.497..35503.720 rows=316118 loops=1)
                    Filter: (role_id > 10)
                    Rows Removed by Filter: 35928226
              ->  Hash  (cost=61283.27..61283.27 rows=2528527 width=4) (actual time=5932.815..5932.815 rows=2528312 loops=1)
                    Buckets: 131072  Batches: 64  Memory Usage: 2415kB
                    ->  Seq Scan on title t  (cost=0.00..61283.27 rows=2528527 width=4) (actual time=0.015..4534.131 rows=2528312 loops=1)
Planning time: 1.107 ms
Execution time: 49925.289 ms
