Seq Scan on cast_info ci  (cost=0.00..796071.18 rows=5394240 width=0) (actual time=0.026..12309.376 rows=10396098 loops=1)
  Filter: ((person_id > 2474530) AND (role_id > 2))
  Rows Removed by Filter: 25848246
Planning time: 0.377 ms
Execution time: 13539.363 ms
