Hash Join  (cost=75458.68..1123011.20 rows=1338435 width=0) (actual time=1210.350..28231.539 rows=1624547 loops=1)
  Hash Cond: (ci.movie_id = t.id)
  ->  Seq Scan on cast_info ci  (cost=0.00..614943.12 rows=36225612 width=4) (actual time=0.016..12758.087 rows=36244344 loops=1)
  ->  Hash  (cost=73925.90..73925.90 rows=93422 width=4) (actual time=1209.426..1209.426 rows=100754 loops=1)
        Buckets: 131072  Batches: 2  Memory Usage: 2802kB
        ->  Seq Scan on title t  (cost=0.00..73925.90 rows=93422 width=4) (actual time=0.052..1170.838 rows=100754 loops=1)
              Filter: ((kind_id > 1) AND (production_year = 2008))
              Rows Removed by Filter: 2427558
Planning time: 0.728 ms
Execution time: 28453.685 ms
