Hash Join  (cost=94699.36..494926.03 rows=23015 width=0) (actual time=1782.961..10999.506 rows=163155 loops=1)
  Hash Cond: (mi.movie_id = t.id)
  ->  Seq Scan on movie_info mi  (cost=0.00..346232.03 rows=14337199 width=4) (actual time=0.020..6706.368 rows=14370084 loops=1)
        Filter: (info_type_id < 104)
        Rows Removed by Filter: 465636
  ->  Hash  (cost=94648.62..94648.62 rows=4059 width=8) (actual time=1782.730..1782.730 rows=10327 loops=1)
        Buckets: 16384 (originally 4096)  Batches: 1 (originally 1)  Memory Usage: 532kB
        ->  Hash Join  (cost=67697.55..94648.62 rows=4059 width=8) (actual time=1199.180..1778.828 rows=10327 loops=1)
              Hash Cond: (mi_idx.movie_id = t.id)
              ->  Seq Scan on movie_info_idx mi_idx  (cost=0.00..21735.35 rows=1380035 width=4) (actual time=0.023..277.498 rows=1380035 loops=1)
              ->  Hash  (cost=67604.59..67604.59 rows=7437 width=4) (actual time=1198.769..1198.769 rows=14779 loops=1)
                    Buckets: 16384 (originally 8192)  Batches: 1 (originally 1)  Memory Usage: 648kB
                    ->  Seq Scan on title t  (cost=0.00..67604.59 rows=7437 width=4) (actual time=0.064..1191.516 rows=14779 loops=1)
                          Filter: (production_year = 1980)
                          Rows Removed by Filter: 2513533
Planning time: 1.131 ms
Execution time: 11022.417 ms
