Hash Join  (cost=72476.92..823526.41 rows=26032 width=0) (actual time=810.313..15864.223 rows=21273 loops=1)
  Hash Cond: (ci.movie_id = t.id)
  ->  Seq Scan on cast_info ci  (cost=0.00..614943.12 rows=36225612 width=4) (actual time=0.015..8161.346 rows=36244344 loops=1)
  ->  Hash  (cost=72454.21..72454.21 rows=1817 width=8) (actual time=809.659..809.659 rows=1033 loops=1)
        Buckets: 2048  Batches: 1  Memory Usage: 57kB
        ->  Nested Loop  (cost=0.43..72454.21 rows=1817 width=8) (actual time=285.881..809.081 rows=1033 loops=1)
              ->  Seq Scan on movie_companies mc  (cost=0.00..57926.93 rows=1817 width=4) (actual time=285.783..781.724 rows=1033 loops=1)
                    Filter: ((company_id = 228) AND (company_type_id = 2))
                    Rows Removed by Filter: 2608096
              ->  Index Only Scan using title_pkey on title t  (cost=0.43..7.99 rows=1 width=4) (actual time=0.025..0.026 rows=1 loops=1033)
                    Index Cond: (id = mc.movie_id)
                    Heap Fetches: 1033
Planning time: 0.801 ms
Execution time: 15868.752 ms
