Hash Join  (cost=83810.17..217673.56 rows=1237424 width=0) (actual time=1540.671..5007.136 rows=2673035 loops=1)
  Hash Cond: (mk.movie_id = t.id)
  ->  Seq Scan on movie_keyword mk  (cost=0.00..81003.12 rows=3167738 width=4) (actual time=0.025..1570.364 rows=3149104 loops=1)
        Filter: (keyword_id > 1809)
        Rows Removed by Filter: 1374826
  ->  Hash  (cost=67604.59..67604.59 rows=987727 width=4) (actual time=1539.728..1539.728 rows=985048 loops=1)
        Buckets: 131072  Batches: 16  Memory Usage: 3197kB
        ->  Seq Scan on title t  (cost=0.00..67604.59 rows=987727 width=4) (actual time=0.019..1231.969 rows=985048 loops=1)
              Filter: (kind_id < 7)
              Rows Removed by Filter: 1543264
Planning time: 1.144 ms
Execution time: 5264.178 ms
