Hash Join  (cost=224774.35..1754850.03 rows=6464254 width=186) (actual time=13836.303..63424.843 rows=13274183 loops=1)
  Hash Cond: (ci.movie_id = t.id)
  ->  Seq Scan on cast_info ci  (cost=0.00..705507.15 rows=35183464 width=42) (actual time=0.028..17881.360 rows=35319310 loops=1)
        Filter: (person_id > 95397)
        Rows Removed by Filter: 925034
  ->  Hash  (cost=209439.28..209439.28 rows=464566 width=144) (actual time=13835.372..13835.372 rows=459925 loops=1)
        Buckets: 32768  Batches: 32  Memory Usage: 2137kB
        ->  Merge Join  (cost=84794.24..209439.28 rows=464566 width=144) (actual time=1074.031..12621.892 rows=459925 loops=1)
              Merge Cond: (t.id = mi_idx.movie_id)
              ->  Index Scan using title_pkey on title t  (cost=0.43..110313.87 rows=2528527 width=94) (actual time=0.006..10477.389 rows=2525794 loops=1)
              ->  Materialize  (cost=84793.43..87116.26 rows=464566 width=50) (actual time=1073.975..1358.148 rows=459925 loops=1)
                    ->  Sort  (cost=84793.43..85954.84 rows=464566 width=50) (actual time=1073.970..1280.166 rows=459925 loops=1)
                          Sort Key: mi_idx.movie_id
                          Sort Method: external merge  Disk: 11696kB
                          ->  Seq Scan on movie_info_idx mi_idx  (cost=0.00..25185.44 rows=464566 width=50) (actual time=0.025..600.444 rows=459925 loops=1)
                                Filter: (info_type_id = 101)
                                Rows Removed by Filter: 920110
Planning time: 1.697 ms
Execution time: 64159.347 ms
