Hash Join  (cost=796579.38..1161238.81 rows=350 width=0) (actual time=11299.567..17681.188 rows=60 loops=1)
  Hash Cond: (mi.movie_id = t.id)
  ->  Seq Scan on movie_info mi  (cost=0.00..309384.22 rows=14739122 width=4) (actual time=0.014..4078.360 rows=14835720 loops=1)
  ->  Hash  (cost=796578.63..796578.63 rows=60 width=8) (actual time=10979.978..10979.978 rows=4 loops=1)
        Buckets: 1024  Batches: 1  Memory Usage: 9kB
        ->  Nested Loop  (cost=0.43..796578.63 rows=60 width=8) (actual time=5703.013..10979.966 rows=4 loops=1)
              ->  Seq Scan on cast_info ci  (cost=0.00..796071.18 rows=60 width=4) (actual time=5702.929..10979.798 rows=4 loops=1)
                    Filter: ((person_id = 3505874) AND (role_id = 10))
                    Rows Removed by Filter: 36244340
              ->  Index Only Scan using title_pkey on title t  (cost=0.43..8.45 rows=1 width=4) (actual time=0.033..0.033 rows=1 loops=4)
                    Index Cond: (id = ci.movie_id)
                    Heap Fetches: 4
Planning time: 1.149 ms
Execution time: 17681.348 ms
