Seq Scan on movie_keyword mk  (cost=0.00..81003.12 rows=4157723 width=0) (actual time=0.027..1572.894 rows=4159501 loops=1)
  Filter: (keyword_id < 46032)
  Rows Removed by Filter: 364429
Planning time: 0.370 ms
Execution time: 2106.051 ms
