Seq Scan on movie_companies mc  (cost=0.00..51404.11 rows=2112311 width=0) (actual time=0.017..905.637 rows=2114217 loops=1)
  Filter: (company_id > 436)
  Rows Removed by Filter: 494912
Planning time: 1.474 ms
Execution time: 1166.632 ms
