Nested Loop  (cost=0.43..799702.19 rows=435 width=0) (actual time=480.319..13978.468 rows=234 loops=1)
  ->  Seq Scan on cast_info ci  (cost=0.00..796071.18 rows=435 width=4) (actual time=480.219..13973.396 rows=234 loops=1)
        Filter: ((role_id < 10) AND (person_id = 470023))
        Rows Removed by Filter: 36244110
  ->  Index Only Scan using title_pkey on title t  (cost=0.43..8.34 rows=1 width=4) (actual time=0.020..0.021 rows=1 loops=234)
        Index Cond: (id = ci.movie_id)
        Heap Fetches: 234
Planning time: 0.765 ms
Execution time: 13978.634 ms
