Hash Join  (cost=263115.61..1737515.23 rows=32110042 width=0) (actual time=5898.051..56718.422 rows=65167301 loops=1)
  Hash Cond: (ci.movie_id = t.id)
  ->  Seq Scan on cast_info ci  (cost=0.00..705507.15 rows=31118089 width=4) (actual time=0.020..16301.434 rows=31080153 loops=1)
        Filter: (person_id < 3149138)
        Rows Removed by Filter: 5164191
  ->  Hash  (cost=220309.49..220309.49 rows=2609129 width=8) (actual time=5896.287..5896.287 rows=2609129 loops=1)
        Buckets: 131072  Batches: 64  Memory Usage: 2610kB
        ->  Hash Join  (cost=102767.86..220309.49 rows=2609129 width=8) (actual time=1855.934..5164.349 rows=2609129 loops=1)
              Hash Cond: (mc.movie_id = t.id)
              ->  Seq Scan on movie_companies mc  (cost=0.00..44881.29 rows=2609129 width=4) (actual time=0.030..869.647 rows=2609129 loops=1)
              ->  Hash  (cost=61283.27..61283.27 rows=2528527 width=4) (actual time=1855.046..1855.046 rows=2528312 loops=1)
                    Buckets: 131072  Batches: 64  Memory Usage: 2415kB
                    ->  Seq Scan on title t  (cost=0.00..61283.27 rows=2528527 width=4) (actual time=0.867..994.282 rows=2528312 loops=1)
Planning time: 1.133 ms
Execution time: 64278.865 ms
