Seq Scan on movie_companies mc  (cost=0.00..57926.93 rows=1075162 width=0) (actual time=0.026..1027.982 rows=833599 loops=1)
  Filter: ((company_id < 74146) AND (company_type_id > 1))
  Rows Removed by Filter: 1775530
Planning time: 0.327 ms
Execution time: 1131.230 ms
