Hash Join  (cost=102767.86..268256.04 rows=3100496 width=0) (actual time=1965.498..6695.262 rows=3084333 loops=1)
  Hash Cond: (mk.movie_id = t.id)
  ->  Seq Scan on movie_keyword mk  (cost=0.00..81003.12 rows=3100496 width=4) (actual time=0.029..1703.542 rows=3084333 loops=1)
        Filter: (keyword_id > 2003)
        Rows Removed by Filter: 1439597
  ->  Hash  (cost=61283.27..61283.27 rows=2528527 width=4) (actual time=1963.821..1963.821 rows=2528312 loops=1)
        Buckets: 131072  Batches: 64  Memory Usage: 2425kB
        ->  Seq Scan on title t  (cost=0.00..61283.27 rows=2528527 width=4) (actual time=0.027..1088.607 rows=2528312 loops=1)
Planning time: 0.698 ms
Execution time: 7063.070 ms
