Seq Scan on cast_info ci  (cost=0.00..796071.18 rows=324 width=0) (actual time=12072.215..13369.387 rows=152 loops=1)
  Filter: ((role_id > 1) AND (person_id = 3377006))
  Rows Removed by Filter: 36244192
Planning time: 0.420 ms
Execution time: 13369.518 ms
