Hash Join  (cost=162095.92..872040.58 rows=12666 width=0) (actual time=11559.088..16025.885 rows=17558 loops=1)
  Hash Cond: (ci.movie_id = t.id)
  ->  Seq Scan on cast_info ci  (cost=0.00..705507.15 rows=1149559 width=4) (actual time=9049.439..13245.836 rows=1093558 loops=1)
        Filter: (role_id = 9)
        Rows Removed by Filter: 35150786
  ->  Hash  (cost=161747.67..161747.67 rows=27860 width=8) (actual time=2509.331..2509.331 rows=40253 loops=1)
        Buckets: 65536 (originally 32768)  Batches: 1 (originally 1)  Memory Usage: 2085kB
        ->  Hash Join  (cost=74477.30..161747.67 rows=27860 width=8) (actual time=925.294..2493.738 rows=40253 loops=1)
              Hash Cond: (mk.movie_id = t.id)
              ->  Seq Scan on movie_keyword mk  (cost=0.00..81003.12 rows=1596972 width=4) (actual time=0.031..1288.651 rows=1606189 loops=1)
                    Filter: (keyword_id < 2488)
                    Rows Removed by Filter: 2917741
              ->  Hash  (cost=73925.90..73925.90 rows=44112 width=4) (actual time=924.908..924.908 rows=23586 loops=1)
                    Buckets: 65536  Batches: 1  Memory Usage: 1342kB
                    ->  Seq Scan on title t  (cost=0.00..73925.90 rows=44112 width=4) (actual time=0.052..917.756 rows=23586 loops=1)
                          Filter: ((production_year < 1999) AND (kind_id = 4))
                          Rows Removed by Filter: 2504726
Planning time: 1.245 ms
Execution time: 16028.710 ms
