Nested Loop  (cost=0.43..58358.39 rows=3 width=0) (actual time=58.853..2817.306 rows=15 loops=1)
  ->  Seq Scan on movie_companies mc  (cost=0.00..57926.93 rows=51 width=4) (actual time=58.714..2781.819 rows=238 loops=1)
        Filter: ((company_type_id < 2) AND (company_id = 364))
        Rows Removed by Filter: 2608891
  ->  Index Scan using title_pkey on title t  (cost=0.43..8.45 rows=1 width=4) (actual time=0.148..0.148 rows=0 loops=238)
        Index Cond: (id = mc.movie_id)
        Filter: (production_year = 2010)
        Rows Removed by Filter: 1
Planning time: 1.426 ms
Execution time: 2817.417 ms
