Hash Join  (cost=74124.68..871352.09 rows=1907 width=0) (actual time=8819.282..15411.840 rows=2342 loops=1)
  Hash Cond: (ci.movie_id = t.id)
  ->  Seq Scan on cast_info ci  (cost=0.00..796071.18 rows=303243 width=4) (actual time=7620.005..14150.454 rows=297321 loops=1)
        Filter: ((person_id > 460019) AND (role_id > 10))
        Rows Removed by Filter: 35947023
  ->  Hash  (cost=73925.90..73925.90 rows=15902 width=4) (actual time=1198.969..1198.969 rows=12969 loops=1)
        Buckets: 16384  Batches: 1  Memory Usage: 584kB
        ->  Seq Scan on title t  (cost=0.00..73925.90 rows=15902 width=4) (actual time=0.382..1193.097 rows=12969 loops=1)
              Filter: ((kind_id < 7) AND (production_year = 1997))
              Rows Removed by Filter: 2515343
Planning time: 0.559 ms
Execution time: 15412.374 ms
