Hash Join  (cost=74486.21..129614.26 rows=46253 width=0) (actual time=1119.127..2383.023 rows=69799 loops=1)
  Hash Cond: (mc.movie_id = t.id)
  ->  Seq Scan on movie_companies mc  (cost=0.00..44881.29 rows=2609129 width=4) (actual time=0.019..611.812 rows=2609129 loops=1)
  ->  Hash  (cost=73925.90..73925.90 rows=44824 width=4) (actual time=1118.664..1118.664 rows=30839 loops=1)
        Buckets: 65536  Batches: 1  Memory Usage: 1597kB
        ->  Seq Scan on title t  (cost=0.00..73925.90 rows=44824 width=4) (actual time=44.540..1106.275 rows=30839 loops=1)
              Filter: ((production_year > 2004) AND (kind_id = 3))
              Rows Removed by Filter: 2497473
Planning time: 0.615 ms
Execution time: 2392.957 ms
