Hash Join  (cost=144021.49..628877.27 rows=473186 width=0) (actual time=2895.244..15568.746 rows=3711115 loops=1)
  Hash Cond: (mi.movie_id = t.id)
  ->  Seq Scan on movie_info mi  (cost=0.00..309384.22 rows=14739122 width=4) (actual time=0.021..5796.473 rows=14835720 loops=1)
  ->  Hash  (cost=142688.79..142688.79 rows=81176 width=8) (actual time=2741.556..2741.556 rows=184477 loops=1)
        Buckets: 131072 (originally 131072)  Batches: 4 (originally 2)  Memory Usage: 3073kB
        ->  Hash Join  (cost=84240.62..142688.79 rows=81176 width=8) (actual time=1568.037..2676.101 rows=184477 loops=1)
              Hash Cond: (mc.movie_id = t.id)
              ->  Seq Scan on movie_companies mc  (cost=0.00..51404.11 rows=326479 width=4) (actual time=144.187..926.739 rows=330066 loops=1)
                    Filter: (company_id > 90685)
                    Rows Removed by Filter: 2279063
              ->  Hash  (cost=73925.90..73925.90 rows=628697 width=4) (actual time=1422.896..1422.896 rows=532584 loops=1)
                    Buckets: 131072  Batches: 16  Memory Usage: 2188kB
                    ->  Seq Scan on title t  (cost=0.00..73925.90 rows=628697 width=4) (actual time=0.029..1246.486 rows=532584 loops=1)
                          Filter: ((kind_id < 7) AND (production_year > 1995))
                          Rows Removed by Filter: 1995728
Planning time: 1.180 ms
Execution time: 15990.744 ms
