Hash Join  (cost=106934.74..754266.26 rows=13973669 width=0) (actual time=2063.122..19443.049 rows=14035850 loops=1)
  Hash Cond: (mi.movie_id = t.id)
  ->  Seq Scan on movie_info mi  (cost=0.00..309384.22 rows=14739122 width=4) (actual time=0.024..5846.366 rows=14835720 loops=1)
  ->  Hash  (cost=67604.59..67604.59 rows=2397212 width=4) (actual time=2061.932..2061.932 rows=2388701 loops=1)
        Buckets: 131072  Batches: 32  Memory Usage: 3659kB
        ->  Seq Scan on title t  (cost=0.00..67604.59 rows=2397212 width=4) (actual time=0.029..1293.240 rows=2388701 loops=1)
              Filter: (production_year > 1915)
              Rows Removed by Filter: 139611
Planning time: 0.789 ms
Execution time: 20893.303 ms
