Hash Join  (cost=102767.86..179969.31 rows=390432 width=0) (actual time=1989.095..3277.941 rows=224701 loops=1)
  Hash Cond: (mc.movie_id = t.id)
  ->  Seq Scan on movie_companies mc  (cost=0.00..57926.93 rows=390432 width=4) (actual time=0.026..880.628 rows=224701 loops=1)
        Filter: ((company_id < 1532) AND (company_type_id = 2))
        Rows Removed by Filter: 2384428
  ->  Hash  (cost=61283.27..61283.27 rows=2528527 width=4) (actual time=1987.799..1987.799 rows=2528312 loops=1)
        Buckets: 131072  Batches: 64  Memory Usage: 2415kB
        ->  Seq Scan on title t  (cost=0.00..61283.27 rows=2528527 width=4) (actual time=0.018..1140.052 rows=2528312 loops=1)
Planning time: 0.715 ms
Execution time: 3296.336 ms
