Hash Join  (cost=246687.92..705084.22 rows=3135216 width=0) (actual time=6724.046..24948.271 rows=41879156 loops=1)
  Hash Cond: (mi.movie_id = t.id)
  ->  Seq Scan on movie_info mi  (cost=0.00..346232.03 rows=5897221 width=4) (actual time=0.022..5955.214 rows=5884963 loops=1)
        Filter: (info_type_id < 7)
        Rows Removed by Filter: 8950757
  ->  Hash  (cost=224632.49..224632.49 rows=1344274 width=8) (actual time=6722.786..6722.786 rows=3521790 loops=1)
        Buckets: 131072 (originally 131072)  Batches: 64 (originally 32)  Memory Usage: 3281kB
        ->  Hash Join  (cost=86252.72..224632.49 rows=1344274 width=8) (actual time=1419.438..5741.080 rows=3521790 loops=1)
              Hash Cond: (mk.movie_id = t.id)
              ->  Seq Scan on movie_keyword mk  (cost=0.00..69693.30 rows=4523930 width=4) (actual time=0.023..1360.095 rows=4523930 loops=1)
              ->  Hash  (cost=73925.90..73925.90 rows=751345 width=4) (actual time=1418.358..1418.358 rows=793943 loops=1)
                    Buckets: 131072  Batches: 16  Memory Usage: 2779kB
                    ->  Seq Scan on title t  (cost=0.00..73925.90 rows=751345 width=4) (actual time=0.015..1163.750 rows=793943 loops=1)
                          Filter: ((kind_id < 7) AND (production_year < 2010))
                          Rows Removed by Filter: 1734369
Planning time: 1.198 ms
Execution time: 29184.508 ms
