Hash Join  (cost=76725.80..113826.92 rows=62021 width=0) (actual time=1342.602..2300.888 rows=28408 loops=1)
  Hash Cond: (mi_idx.movie_id = t.id)
  ->  Seq Scan on movie_info_idx mi_idx  (cost=0.00..25185.44 rows=919057 width=4) (actual time=0.019..573.903 rows=920110 loops=1)
        Filter: (info_type_id > 99)
        Rows Removed by Filter: 459925
  ->  Hash  (cost=73925.90..73925.90 rows=170632 width=4) (actual time=1341.802..1341.802 rows=170068 loops=1)
        Buckets: 131072  Batches: 4  Memory Usage: 2534kB
        ->  Seq Scan on title t  (cost=0.00..73925.90 rows=170632 width=4) (actual time=0.007..1283.877 rows=170068 loops=1)
              Filter: ((kind_id > 1) AND (production_year > 2011))
              Rows Removed by Filter: 2358244
Planning time: 0.533 ms
Execution time: 2305.088 ms
