Seq Scan on cast_info ci  (cost=0.00..705507.15 rows=12724059 width=0) (actual time=0.016..12336.048 rows=12677399 loops=1)
  Filter: (person_id < 1250257)
  Rows Removed by Filter: 23566945
Planning time: 0.347 ms
Execution time: 13895.016 ms
