Seq Scan on movie_companies mc  (cost=0.00..57926.93 rows=99777 width=0) (actual time=46.583..872.184 rows=161275 loops=1)
  Filter: ((company_id < 67) AND (company_type_id = 1))
  Rows Removed by Filter: 2447854
Planning time: 0.411 ms
Execution time: 893.567 ms
