Hash Join  (cost=308010.46..1848275.99 rows=40485933 width=0) (actual time=16037.935..128137.014 rows=137345659 loops=1)
  Hash Cond: (ci.movie_id = t.id)
  ->  Seq Scan on cast_info ci  (cost=0.00..614943.12 rows=36225612 width=4) (actual time=0.021..46501.421 rows=36244344 loops=1)
  ->  Hash  (cost=261647.78..261647.78 rows=2825895 width=8) (actual time=16036.885..16036.885 rows=2817382 loops=1)
        Buckets: 131072  Batches: 64  Memory Usage: 2768kB
        ->  Hash Join  (cost=102767.86..261647.78 rows=2825895 width=8) (actual time=5939.362..14708.142 rows=2817382 loops=1)
              Hash Cond: (mk.movie_id = t.id)
              ->  Seq Scan on movie_keyword mk  (cost=0.00..81003.12 rows=2825895 width=4) (actual time=0.018..4618.031 rows=2817382 loops=1)
                    Filter: (keyword_id > 2682)
                    Rows Removed by Filter: 1706548
              ->  Hash  (cost=61283.27..61283.27 rows=2528527 width=4) (actual time=5937.246..5937.246 rows=2528312 loops=1)
                    Buckets: 131072  Batches: 64  Memory Usage: 2425kB
                    ->  Seq Scan on title t  (cost=0.00..61283.27 rows=2528527 width=4) (actual time=0.021..4645.952 rows=2528312 loops=1)
Planning time: 1.185 ms
Execution time: 146968.002 ms
