Hash Join  (cost=74015.19..439087.50 rows=41638 width=0) (actual time=1172.165..8788.382 rows=71153 loops=1)
  Hash Cond: (mi.movie_id = t.id)
  ->  Seq Scan on movie_info mi  (cost=0.00..309384.22 rows=14739122 width=4) (actual time=0.024..4517.598 rows=14835720 loops=1)
  ->  Hash  (cost=73925.90..73925.90 rows=7143 width=4) (actual time=1171.719..1171.719 rows=5068 loops=1)
        Buckets: 8192  Batches: 1  Memory Usage: 243kB
        ->  Seq Scan on title t  (cost=0.00..73925.90 rows=7143 width=4) (actual time=168.243..1169.208 rows=5068 loops=1)
              Filter: ((kind_id = 1) AND (production_year = 1993))
              Rows Removed by Filter: 2523244
Planning time: 1.157 ms
Execution time: 8800.412 ms
