Seq Scan on movie_companies mc  (cost=0.00..57926.93 rows=51 width=0) (actual time=291.556..827.664 rows=15 loops=1)
  Filter: ((company_id = 17610) AND (company_type_id = 1))
  Rows Removed by Filter: 2609114
Planning time: 0.387 ms
Execution time: 827.763 ms
