Seq Scan on movie_keyword mk  (cost=0.00..81003.12 rows=1374164 width=0) (actual time=0.024..1432.721 rows=1383861 loops=1)
  Filter: (keyword_id < 1860)
  Rows Removed by Filter: 3140069
Planning time: 0.352 ms
Execution time: 1606.167 ms
