Hash Join  (cost=92659.85..1294512.18 rows=16358816 width=0) (actual time=1768.975..38444.309 rows=18208072 loops=1)
  Hash Cond: (ci.movie_id = t.id)
  ->  Seq Scan on cast_info ci  (cost=0.00..614943.12 rows=36225612 width=4) (actual time=0.028..13473.380 rows=36244344 loops=1)
  ->  Hash  (cost=73925.90..73925.90 rows=1141836 width=4) (actual time=1768.275..1768.275 rows=1235288 loops=1)
        Buckets: 131072  Batches: 16  Memory Usage: 3750kB
        ->  Seq Scan on title t  (cost=0.00..73925.90 rows=1141836 width=4) (actual time=0.014..1383.314 rows=1235288 loops=1)
              Filter: ((production_year > 1984) AND (kind_id = 7))
              Rows Removed by Filter: 1293024
Planning time: 0.774 ms
Execution time: 40440.564 ms
