Nested Loop  (cost=0.43..709671.90 rows=500 width=0) (actual time=4054.393..11263.492 rows=4 loops=1)
  ->  Seq Scan on cast_info ci  (cost=0.00..705507.15 rows=500 width=4) (actual time=4054.288..11263.315 rows=4 loops=1)
        Filter: (person_id = 2747905)
        Rows Removed by Filter: 36244340
  ->  Index Only Scan using title_pkey on title t  (cost=0.43..8.32 rows=1 width=4) (actual time=0.036..0.036 rows=1 loops=4)
        Index Cond: (id = ci.movie_id)
        Heap Fetches: 4
Planning time: 0.792 ms
Execution time: 11263.561 ms
