Hash Join  (cost=179148.05..309017.18 rows=645710 width=0) (actual time=3730.345..6936.779 rows=291232 loops=1)
  Hash Cond: (mk.movie_id = t.id)
  ->  Seq Scan on movie_keyword mk  (cost=0.00..69693.30 rows=4523930 width=4) (actual time=0.029..1442.502 rows=4523930 loops=1)
  ->  Hash  (cost=173226.77..173226.77 rows=360902 width=8) (actual time=3728.454..3728.454 rows=43902 loops=1)
        Buckets: 131072  Batches: 8  Memory Usage: 1248kB
        ->  Hash Join  (cost=98137.04..173226.77 rows=360902 width=8) (actual time=2014.483..3474.037 rows=43902 loops=1)
              Hash Cond: (mc.movie_id = t.id)
              ->  Seq Scan on movie_companies mc  (cost=0.00..57926.93 rows=490356 width=4) (actual time=0.029..1042.232 rows=186756 loops=1)
                    Filter: ((company_id > 16403) AND (company_type_id < 2))
                    Rows Removed by Filter: 2422373
              ->  Hash  (cost=67604.59..67604.59 rows=1860996 width=4) (actual time=2009.461..2009.461 rows=1865487 loops=1)
                    Buckets: 131072  Batches: 32  Memory Usage: 3079kB
                    ->  Seq Scan on title t  (cost=0.00..67604.59 rows=1860996 width=4) (actual time=0.026..1412.977 rows=1865487 loops=1)
                          Filter: (kind_id > 1)
                          Rows Removed by Filter: 662825
Planning time: 1.109 ms
Execution time: 6968.392 ms
