Nested Loop  (cost=32814.54..158339.90 rows=2566 width=0) (actual time=603.077..2574.885 rows=19510 loops=1)
  ->  Hash Join  (cost=32814.11..123544.98 rows=41077 width=8) (actual time=603.017..2001.170 rows=25329 loops=1)
        Hash Cond: (mk.movie_id = mi_idx.movie_id)
        ->  Seq Scan on movie_keyword mk  (cost=0.00..81003.12 rows=41017 width=4) (actual time=0.020..1278.507 rows=41840 loops=1)
              Filter: (keyword_id = 117)
              Rows Removed by Filter: 4482090
        ->  Hash  (cost=25185.44..25185.44 rows=464934 width=4) (actual time=601.834..601.834 rows=460185 loops=1)
              Buckets: 131072  Batches: 8  Memory Usage: 3060kB
              ->  Seq Scan on movie_info_idx mi_idx  (cost=0.00..25185.44 rows=464934 width=4) (actual time=0.020..467.683 rows=460185 loops=1)
                    Filter: (info_type_id > 100)
                    Rows Removed by Filter: 919850
  ->  Index Scan using title_pkey on title t  (cost=0.43..0.84 rows=1 width=4) (actual time=0.022..0.022 rows=1 loops=25329)
        Index Cond: (id = mi_idx.movie_id)
        Filter: (kind_id < 4)
        Rows Removed by Filter: 0
Planning time: 1.175 ms
Execution time: 2579.651 ms
