Seq Scan on movie_keyword mk  (cost=0.00..81003.12 rows=246 width=0) (actual time=868.747..3510.034 rows=6 loops=1)
  Filter: (keyword_id = 67502)
  Rows Removed by Filter: 4523924
Planning time: 2.459 ms
Execution time: 3510.138 ms
