Hash Join  (cost=81537.49..213652.19 rows=829966 width=0) (actual time=1490.138..5147.251 rows=276999 loops=1)
  Hash Cond: (mk.movie_id = t.id)
  ->  Seq Scan on movie_keyword mk  (cost=0.00..69693.30 rows=4523930 width=4) (actual time=0.027..1395.092 rows=4523930 loops=1)
  ->  Hash  (cost=73925.90..73925.90 rows=463887 width=4) (actual time=1487.661..1487.661 rows=480042 loops=1)
        Buckets: 131072  Batches: 8  Memory Usage: 3139kB
        ->  Seq Scan on title t  (cost=0.00..73925.90 rows=463887 width=4) (actual time=0.022..1327.976 rows=480042 loops=1)
              Filter: ((kind_id > 2) AND (production_year > 2008))
              Rows Removed by Filter: 2048270
Planning time: 0.811 ms
Execution time: 5182.640 ms
