Seq Scan on movie_keyword mk  (cost=0.00..81003.12 rows=77306 width=0) (actual time=0.023..1228.730 rows=76261 loops=1)
  Filter: (keyword_id > 88934)
  Rows Removed by Filter: 4447669
Planning time: 0.324 ms
Execution time: 1239.832 ms
