Hash Join  (cost=100948.70..187651.00 rows=4426 width=0) (actual time=1791.722..3307.614 rows=5616 loops=1)
  Hash Cond: (mk.movie_id = t.id)
  ->  Seq Scan on movie_keyword mk  (cost=0.00..69693.30 rows=4523930 width=4) (actual time=0.025..821.506 rows=4523930 loops=1)
  ->  Hash  (cost=100917.78..100917.78 rows=2474 width=8) (actual time=1777.632..1777.632 rows=1437 loops=1)
        Buckets: 4096  Batches: 1  Memory Usage: 89kB
        ->  Hash Join  (cost=73982.55..100917.78 rows=2474 width=8) (actual time=1396.541..1777.047 rows=1437 loops=1)
              Hash Cond: (mi_idx.movie_id = t.id)
              ->  Seq Scan on movie_info_idx mi_idx  (cost=0.00..21735.35 rows=1380035 width=4) (actual time=0.008..288.460 rows=1380035 loops=1)
              ->  Hash  (cost=73925.90..73925.90 rows=4532 width=4) (actual time=1212.736..1212.736 rows=5845 loops=1)
                    Buckets: 8192  Batches: 1  Memory Usage: 270kB
                    ->  Seq Scan on title t  (cost=0.00..73925.90 rows=4532 width=4) (actual time=230.126..1209.787 rows=5845 loops=1)
                          Filter: ((kind_id = 7) AND (production_year = 1957))
                          Rows Removed by Filter: 2522467
Planning time: 1.105 ms
Execution time: 3308.442 ms
