Hash Join  (cost=74050.79..450603.74 rows=341011 width=0) (actual time=3491.945..8105.285 rows=248948 loops=1)
  Hash Cond: (mi.movie_id = t.id)
  ->  Seq Scan on movie_info mi  (cost=0.00..346232.03 rows=2194617 width=4) (actual time=2078.714..5632.461 rows=2233850 loops=1)
        Filter: (info_type_id > 16)
        Rows Removed by Filter: 12601870
  ->  Hash  (cost=67604.59..67604.59 rows=392896 width=4) (actual time=1403.028..1403.028 rows=391666 loops=1)
        Buckets: 131072  Batches: 8  Memory Usage: 2759kB
        ->  Seq Scan on title t  (cost=0.00..67604.59 rows=392896 width=4) (actual time=0.028..1268.241 rows=391666 loops=1)
              Filter: (production_year > 2010)
              Rows Removed by Filter: 2136646
Planning time: 3.685 ms
Execution time: 8138.648 ms
