Hash Join  (cost=800388.03..3052350.44 rows=93331385 width=0) (actual time=19163.653..73917.328 rows=92110698 loops=1)
  Hash Cond: (ci.movie_id = t.id)
  ->  Seq Scan on cast_info ci  (cost=0.00..705507.15 rows=28598508 width=4) (actual time=0.030..15294.500 rows=28713027 loops=1)
        Filter: (person_id > 730208)
        Rows Removed by Filter: 7531317
  ->  Hash  (cost=665005.75..665005.75 rows=8251862 width=8) (actual time=19162.851..19162.851 rows=5459611 loops=1)
        Buckets: 131072  Batches: 128  Memory Usage: 2668kB
        ->  Hash Join  (cost=97151.21..665005.75 rows=8251862 width=8) (actual time=1872.086..17392.753 rows=5459611 loops=1)
              Hash Cond: (mi.movie_id = t.id)
              ->  Seq Scan on movie_info mi  (cost=0.00..309384.22 rows=14739122 width=4) (actual time=0.012..6369.547 rows=14835720 loops=1)
              ->  Hash  (cost=73925.90..73925.90 rows=1415624 width=4) (actual time=1870.495..1870.495 rows=1398720 loops=1)
                    Buckets: 131072  Batches: 32  Memory Usage: 2566kB
                    ->  Seq Scan on title t  (cost=0.00..73925.90 rows=1415624 width=4) (actual time=0.015..1418.977 rows=1398720 loops=1)
                          Filter: ((kind_id > 1) AND (production_year < 2010))
                          Rows Removed by Filter: 1129592
Planning time: 1.176 ms
Execution time: 84266.530 ms
