Hash Join  (cost=139137.64..207969.72 rows=148478 width=0) (actual time=3247.408..5067.204 rows=418422 loops=1)
  Hash Cond: (mc.movie_id = t.id)
  ->  Seq Scan on movie_companies mc  (cost=0.00..51404.11 rows=1279517 width=4) (actual time=0.022..1125.417 rows=1274246 loops=1)
        Filter: (company_type_id < 2)
        Rows Removed by Filter: 1334883
  ->  Hash  (cost=134322.94..134322.94 rows=293416 width=8) (actual time=3246.557..3246.557 rows=270120 loops=1)
        Buckets: 131072  Batches: 4  Memory Usage: 3654kB
        ->  Hash Join  (cost=94009.45..134322.94 rows=293416 width=8) (actual time=1994.415..3158.808 rows=270120 loops=1)
              Hash Cond: (mi_idx.movie_id = t.id)
              ->  Seq Scan on movie_info_idx mi_idx  (cost=0.00..25185.44 rows=460978 width=4) (actual time=0.026..511.047 rows=459925 loops=1)
                    Filter: (info_type_id < 100)
                    Rows Removed by Filter: 920110
              ->  Hash  (cost=67604.59..67604.59 rows=1609429 width=4) (actual time=1992.916..1992.916 rows=1607077 loops=1)
                    Buckets: 131072  Batches: 32  Memory Usage: 2791kB
                    ->  Seq Scan on title t  (cost=0.00..67604.59 rows=1609429 width=4) (actual time=0.013..1463.608 rows=1607077 loops=1)
                          Filter: (production_year > 1995)
                          Rows Removed by Filter: 921235
Planning time: 1.239 ms
Execution time: 5119.486 ms
