Hash Join  (cost=590136.35..2029582.23 rows=17447460 width=0) (actual time=14903.889..62599.096 rows=54078924 loops=1)
  Hash Cond: (ci.movie_id = t.id)
  ->  Seq Scan on cast_info ci  (cost=0.00..614943.12 rows=36225612 width=4) (actual time=0.013..13839.739 rows=36244344 loops=1)
  ->  Hash  (cost=570155.56..570155.56 rows=1217823 width=8) (actual time=14902.445..14902.445 rows=1778790 loops=1)
        Buckets: 131072 (originally 131072)  Batches: 32 (originally 16)  Memory Usage: 3134kB
        ->  Hash Join  (cost=77354.40..570155.56 rows=1217823 width=8) (actual time=1254.335..14372.749 rows=1778790 loops=1)
              Hash Cond: (mi.movie_id = t.id)
              ->  Seq Scan on movie_info mi  (cost=0.00..309384.22 rows=14739122 width=4) (actual time=0.016..5944.956 rows=14835720 loops=1)
              ->  Hash  (cost=73925.90..73925.90 rows=208920 width=4) (actual time=1253.462..1253.462 rows=183835 loops=1)
                    Buckets: 131072  Batches: 4  Memory Usage: 2655kB
                    ->  Seq Scan on title t  (cost=0.00..73925.90 rows=208920 width=4) (actual time=0.039..1191.606 rows=183835 loops=1)
                          Filter: ((kind_id < 7) AND (production_year > 2009))
                          Rows Removed by Filter: 2344477
Planning time: 1.168 ms
Execution time: 68511.596 ms
