Hash Join  (cost=116594.70..240524.74 rows=158201 width=0) (actual time=2522.164..4904.854 rows=124619 loops=1)
  Hash Cond: (mk.movie_id = t.id)
  ->  Seq Scan on movie_keyword mk  (cost=0.00..69693.30 rows=4523930 width=4) (actual time=0.014..1347.906 rows=4523930 loops=1)
  ->  Hash  (cost=115143.42..115143.42 rows=88422 width=8) (actual time=2188.908..2188.908 rows=38618 loops=1)
        Buckets: 131072  Batches: 2  Memory Usage: 1786kB
        ->  Hash Join  (cost=81821.64..115143.42 rows=88422 width=8) (actual time=1724.091..2174.416 rows=38618 loops=1)
              Hash Cond: (mi_idx.movie_id = t.id)
              ->  Seq Scan on movie_info_idx mi_idx  (cost=0.00..25185.44 rows=464566 width=4) (actual time=0.021..461.110 rows=459925 loops=1)
                    Filter: (info_type_id = 101)
                    Rows Removed by Filter: 920110
              ->  Hash  (cost=73925.90..73925.90 rows=481259 width=4) (actual time=1389.848..1389.848 rows=518327 loops=1)
                    Buckets: 131072  Batches: 8  Memory Usage: 3301kB
                    ->  Seq Scan on title t  (cost=0.00..73925.90 rows=481259 width=4) (actual time=0.026..1216.815 rows=518327 loops=1)
                          Filter: ((production_year > 2007) AND (kind_id = 7))
                          Rows Removed by Filter: 2009985
Planning time: 1.194 ms
Execution time: 4920.661 ms
