Hash Join  (cost=102767.86..182884.62 rows=511620 width=0) (actual time=2172.765..3589.023 rows=217693 loops=1)
  Hash Cond: (mc.movie_id = t.id)
  ->  Seq Scan on movie_companies mc  (cost=0.00..57926.93 rows=511620 width=4) (actual time=229.315..903.129 rows=217693 loops=1)
        Filter: ((company_id > 14898) AND (company_type_id < 2))
        Rows Removed by Filter: 2391436
  ->  Hash  (cost=61283.27..61283.27 rows=2528527 width=4) (actual time=1942.204..1942.204 rows=2528312 loops=1)
        Buckets: 131072  Batches: 64  Memory Usage: 2415kB
        ->  Seq Scan on title t  (cost=0.00..61283.27 rows=2528527 width=4) (actual time=0.020..1087.103 rows=2528312 loops=1)
Planning time: 0.698 ms
Execution time: 3617.356 ms
