Seq Scan on movie_companies mc  (cost=0.00..57926.93 rows=903114 width=0) (actual time=377.030..1036.606 rows=581414 loops=1)
  Filter: ((company_id < 25610) AND (company_type_id = 2))
  Rows Removed by Filter: 2027715
Planning time: 0.392 ms
Execution time: 1110.440 ms
