Hash Join  (cost=175027.18..1029174.32 rows=1303089 width=0) (actual time=8349.267..23348.405 rows=2807611 loops=1)
  Hash Cond: (ci.movie_id = t.id)
  ->  Seq Scan on cast_info ci  (cost=0.00..796071.18 rows=3585084 width=4) (actual time=3800.426..15965.969 rows=3727950 loops=1)
        Filter: ((person_id > 347491) AND (role_id = 3))
        Rows Removed by Filter: 32516394
  ->  Hash  (cost=159947.97..159947.97 rows=919057 width=8) (actual time=4547.785..4547.785 rows=920110 loops=1)
        Buckets: 131072  Batches: 16  Memory Usage: 3269kB
        ->  Hash Join  (cost=102767.86..159947.97 rows=919057 width=8) (actual time=2194.907..4261.890 rows=920110 loops=1)
              Hash Cond: (mi_idx.movie_id = t.id)
              ->  Seq Scan on movie_info_idx mi_idx  (cost=0.00..25185.44 rows=919057 width=4) (actual time=0.029..543.223 rows=920110 loops=1)
                    Filter: (info_type_id > 99)
                    Rows Removed by Filter: 459925
              ->  Hash  (cost=61283.27..61283.27 rows=2528527 width=4) (actual time=2192.243..2192.243 rows=2528312 loops=1)
                    Buckets: 131072  Batches: 64  Memory Usage: 2415kB
                    ->  Seq Scan on title t  (cost=0.00..61283.27 rows=2528527 width=4) (actual time=0.029..1343.887 rows=2528312 loops=1)
Planning time: 1.187 ms
Execution time: 23699.652 ms
