Hash Join  (cost=77761.90..146825.22 rows=75676 width=0) (actual time=1756.854..2956.773 rows=304894 loops=1)
  Hash Cond: (mc.movie_id = t.id)
  ->  Seq Scan on movie_companies mc  (cost=0.00..57926.93 rows=818566 width=4) (actual time=198.534..1071.164 rows=1031158 loops=1)
        Filter: ((company_id > 4803) AND (company_type_id = 2))
        Rows Removed by Filter: 1577971
  ->  Hash  (cost=73925.90..73925.90 rows=233760 width=4) (actual time=1246.583..1246.583 rows=353075 loops=1)
        Buckets: 131072 (originally 131072)  Batches: 8 (originally 4)  Memory Usage: 3073kB
        ->  Seq Scan on title t  (cost=0.00..73925.90 rows=233760 width=4) (actual time=0.036..1125.440 rows=353075 loops=1)
              Filter: ((kind_id < 2) AND (production_year < 1997))
              Rows Removed by Filter: 2175237
Planning time: 0.799 ms
Execution time: 2994.071 ms
