Seq Scan on movie_companies mc  (cost=0.00..57926.93 rows=53 width=0) (actual time=320.054..913.095 rows=6 loops=1)
  Filter: ((company_type_id > 1) AND (company_id = 63099))
  Rows Removed by Filter: 2609123
Planning time: 0.405 ms
Execution time: 913.193 ms
