Hash Join  (cost=58358.71..85269.27 rows=8 width=0) (actual time=1283.953..1412.767 rows=3 loops=1)
  Hash Cond: (mi_idx.movie_id = t.id)
  ->  Seq Scan on movie_info_idx mi_idx  (cost=0.00..21735.35 rows=1380035 width=4) (actual time=0.019..309.381 rows=1380035 loops=1)
  ->  Hash  (cost=58358.52..58358.52 rows=15 width=8) (actual time=858.257..858.257 rows=1 loops=1)
        Buckets: 1024  Batches: 1  Memory Usage: 9kB
        ->  Nested Loop  (cost=0.43..58358.52 rows=15 width=8) (actual time=48.376..858.250 rows=1 loops=1)
              ->  Seq Scan on movie_companies mc  (cost=0.00..57926.93 rows=51 width=4) (actual time=48.308..858.180 rows=1 loops=1)
                    Filter: ((company_type_id < 2) AND (company_id = 54430))
                    Rows Removed by Filter: 2609128
              ->  Index Scan using title_pkey on title t  (cost=0.43..8.45 rows=1 width=4) (actual time=0.059..0.060 rows=1 loops=1)
                    Index Cond: (id = mc.movie_id)
                    Filter: ((kind_id < 7) AND (production_year < 2010))
Planning time: 1.152 ms
Execution time: 1412.918 ms
