Seq Scan on movie_keyword mk  (cost=0.00..81003.12 rows=851290 width=0) (actual time=0.027..1398.401 rows=857180 loops=1)
  Filter: (keyword_id > 21422)
  Rows Removed by Filter: 3666750
Planning time: 0.307 ms
Execution time: 1509.174 ms
