Hash Join  (cost=472016.72..552550.11 rows=397787 width=0) (actual time=8337.774..11881.635 rows=6767783 loops=1)
  Hash Cond: (mc.movie_id = t.id)
  ->  Seq Scan on movie_companies mc  (cost=0.00..44881.29 rows=2609129 width=4) (actual time=0.017..897.841 rows=2609129 loops=1)
  ->  Hash  (cost=465691.99..465691.99 rows=385498 width=8) (actual time=8336.849..8336.849 rows=471549 loops=1)
        Buckets: 131072  Batches: 8  Memory Usage: 3332kB
        ->  Hash Join  (cost=101489.21..465691.99 rows=385498 width=8) (actual time=5267.895..8199.469 rows=471549 loops=1)
              Hash Cond: (mi.movie_id = t.id)
              ->  Seq Scan on movie_info mi  (cost=0.00..346232.03 rows=471955 width=4) (actual time=3184.637..5043.977 rows=543367 loops=1)
                    Filter: (info_type_id > 98)
                    Rows Removed by Filter: 14292353
              ->  Hash  (cost=67604.59..67604.59 rows=2065330 width=4) (actual time=2081.023..2081.023 rows=2064552 loops=1)
                    Buckets: 131072  Batches: 32  Memory Usage: 3298kB
                    ->  Seq Scan on title t  (cost=0.00..67604.59 rows=2065330 width=4) (actual time=0.030..1398.218 rows=2064552 loops=1)
                          Filter: (production_year < 2011)
                          Rows Removed by Filter: 463760
Planning time: 4.572 ms
Execution time: 12584.918 ms
