Seq Scan on movie_companies mc  (cost=0.00..51404.11 rows=762095 width=0) (actual time=0.037..867.417 rows=755563 loops=1)
  Filter: (company_id < 1501)
  Rows Removed by Filter: 1853566
Planning time: 1.683 ms
Execution time: 964.921 ms
