Hash Join  (cost=120605.43..1175196.86 rows=2023624 width=0) (actual time=2411.440..30506.508 rows=4401296 loops=1)
  Hash Cond: (ci.movie_id = t.id)
  ->  Seq Scan on cast_info ci  (cost=0.00..614943.12 rows=36225612 width=4) (actual time=0.012..13290.338 rows=36244344 loops=1)
  ->  Hash  (cost=118287.83..118287.83 rows=141248 width=8) (actual time=2410.703..2410.703 rows=155682 loops=1)
        Buckets: 131072  Batches: 2  Memory Usage: 4052kB
        ->  Hash Join  (cost=78171.87..118287.83 rows=141248 width=8) (actual time=1292.388..2362.351 rows=155682 loops=1)
              Hash Cond: (mi_idx.movie_id = t.id)
              ->  Seq Scan on movie_info_idx mi_idx  (cost=0.00..21735.35 rows=1380035 width=4) (actual time=0.020..441.231 rows=1380035 loops=1)
              ->  Hash  (cost=73925.90..73925.90 rows=258797 width=4) (actual time=1291.661..1291.661 rows=227847 loops=1)
                    Buckets: 131072  Batches: 4  Memory Usage: 3032kB
                    ->  Seq Scan on title t  (cost=0.00..73925.90 rows=258797 width=4) (actual time=0.016..1217.090 rows=227847 loops=1)
                          Filter: ((kind_id < 7) AND (production_year > 2008))
                          Rows Removed by Filter: 2300465
Planning time: 1.226 ms
Execution time: 31051.807 ms
