Hash Join  (cost=75464.55..1123063.48 rows=1342876 width=0) (actual time=3548.382..64816.251 rows=1714046 loops=1)
  Hash Cond: (ci.movie_id = t.id)
  ->  Seq Scan on cast_info ci  (cost=0.00..614943.12 rows=36225612 width=4) (actual time=0.016..41134.227 rows=36244344 loops=1)
  ->  Hash  (cost=73925.90..73925.90 rows=93732 width=4) (actual time=3547.585..3547.585 rows=100592 loops=1)
        Buckets: 131072  Batches: 2  Memory Usage: 2791kB
        ->  Seq Scan on title t  (cost=0.00..73925.90 rows=93732 width=4) (actual time=0.023..3503.019 rows=100592 loops=1)
              Filter: ((kind_id > 1) AND (production_year = 2009))
              Rows Removed by Filter: 2427720
Planning time: 0.717 ms
Execution time: 65098.557 ms
