Seq Scan on cast_info ci  (cost=0.00..705507.15 rows=36093846 width=0) (actual time=0.017..13941.238 rows=36078150 loops=1)
  Filter: (person_id < 4035384)
  Rows Removed by Filter: 166194
Planning time: 0.345 ms
Execution time: 18439.377 ms
