Hash Join  (cost=84175.84..149418.18 rows=85805 width=0) (actual time=1520.048..2844.987 rows=99595 loops=1)
  Hash Cond: (mc.movie_id = t.id)
  ->  Seq Scan on movie_companies mc  (cost=0.00..57926.93 rows=347295 width=4) (actual time=60.634..971.800 rows=656547 loops=1)
        Filter: ((company_id > 47507) AND (company_type_id > 1))
        Rows Removed by Filter: 1952582
  ->  Hash  (cost=73925.90..73925.90 rows=624715 width=4) (actual time=1458.175..1458.175 rows=501928 loops=1)
        Buckets: 131072  Batches: 16  Memory Usage: 2129kB
        ->  Seq Scan on title t  (cost=0.00..73925.90 rows=624715 width=4) (actual time=0.030..1284.982 rows=501928 loops=1)
              Filter: ((kind_id > 1) AND (production_year < 1996))
              Rows Removed by Filter: 2026384
Planning time: 0.760 ms
Execution time: 2858.518 ms
