Seq Scan on movie_companies mc  (cost=0.00..51404.11 rows=800289 width=0) (actual time=15.791..770.500 rows=807122 loops=1)
  Filter: (company_id > 29639)
  Rows Removed by Filter: 1802007
Planning time: 0.346 ms
Execution time: 866.808 ms
