Seq Scan on movie_companies mc  (cost=0.00..57926.93 rows=2303 width=0) (actual time=0.371..775.198 rows=3454 loops=1)
  Filter: ((company_id = 475) AND (company_type_id = 1))
  Rows Removed by Filter: 2605675
Planning time: 4.453 ms
Execution time: 776.045 ms
