Hash Join  (cost=923629.43..1003920.70 rows=380175 width=0) (actual time=15283.902..17816.360 rows=1150823 loops=1)
  Hash Cond: (mc.movie_id = t.id)
  ->  Seq Scan on movie_companies mc  (cost=0.00..44881.29 rows=2609129 width=4) (actual time=0.007..864.792 rows=2609129 loops=1)
  ->  Hash  (cost=917584.04..917584.04 rows=368431 width=8) (actual time=15283.176..15283.176 rows=652804 loops=1)
        Buckets: 131072 (originally 131072)  Batches: 16 (originally 8)  Memory Usage: 3073kB
        ->  Hash Join  (cost=102767.86..917584.04 rows=368431 width=8) (actual time=13316.966..15082.377 rows=652804 loops=1)
              Hash Cond: (ci.movie_id = t.id)
              ->  Seq Scan on cast_info ci  (cost=0.00..796071.18 rows=368431 width=4) (actual time=11365.839..12159.569 rows=652804 loops=1)
                    Filter: ((person_id > 2140344) AND (role_id = 5))
                    Rows Removed by Filter: 35591540
              ->  Hash  (cost=61283.27..61283.27 rows=2528527 width=4) (actual time=1949.381..1949.381 rows=2528312 loops=1)
                    Buckets: 131072  Batches: 64  Memory Usage: 2415kB
                    ->  Seq Scan on title t  (cost=0.00..61283.27 rows=2528527 width=4) (actual time=0.023..1104.558 rows=2528312 loops=1)
Planning time: 1.128 ms
Execution time: 17952.822 ms
