Hash Join  (cost=169379.39..312745.58 rows=1753515 width=0) (actual time=7792.783..18415.281 rows=9077444 loops=1)
  Hash Cond: (mk.movie_id = t.id)
  ->  Seq Scan on movie_keyword mk  (cost=0.00..69693.30 rows=4523930 width=4) (actual time=0.020..4759.709 rows=4523930 loops=1)
  ->  Hash  (cost=153299.40..153299.40 rows=980079 width=8) (actual time=7791.612..7791.612 rows=1127306 loops=1)
        Buckets: 131072  Batches: 16  Memory Usage: 3803kB
        ->  Hash Join  (cost=97066.09..153299.40 rows=980079 width=8) (actual time=4535.392..7388.206 rows=1127306 loops=1)
              Hash Cond: (mi_idx.movie_id = t.id)
              ->  Seq Scan on movie_info_idx mi_idx  (cost=0.00..21735.35 rows=1380035 width=4) (actual time=0.024..1279.194 rows=1380035 loops=1)
              ->  Hash  (cost=67604.59..67604.59 rows=1795720 width=4) (actual time=4534.322..4534.322 rows=1794153 loops=1)
                    Buckets: 131072  Batches: 32  Memory Usage: 2992kB
                    ->  Seq Scan on title t  (cost=0.00..67604.59 rows=1795720 width=4) (actual time=0.023..3771.516 rows=1794153 loops=1)
                          Filter: (production_year < 2009)
                          Rows Removed by Filter: 734159
Planning time: 1.189 ms
Execution time: 19813.111 ms
