Hash Join  (cost=58358.90..85273.10 rows=9 width=0) (actual time=874.378..1394.518 rows=154 loops=1)
  Hash Cond: (mi_idx.movie_id = t.id)
  ->  Seq Scan on movie_info_idx mi_idx  (cost=0.00..25185.44 rows=460978 width=4) (actual time=0.014..458.068 rows=459925 loops=1)
        Filter: (info_type_id = 99)
        Rows Removed by Filter: 920110
  ->  Hash  (cost=58358.27..58358.27 rows=51 width=8) (actual time=872.542..872.542 rows=161 loops=1)
        Buckets: 1024  Batches: 1  Memory Usage: 15kB
        ->  Nested Loop  (cost=0.43..58358.27 rows=51 width=8) (actual time=10.803..872.398 rows=161 loops=1)
              ->  Seq Scan on movie_companies mc  (cost=0.00..57926.93 rows=51 width=4) (actual time=10.553..863.722 rows=161 loops=1)
                    Filter: ((company_type_id < 2) AND (company_id = 4589))
                    Rows Removed by Filter: 2608968
              ->  Index Only Scan using title_pkey on title t  (cost=0.43..8.45 rows=1 width=4) (actual time=0.051..0.052 rows=1 loops=161)
                    Index Cond: (id = mc.movie_id)
                    Heap Fetches: 161
Planning time: 3.490 ms
Execution time: 1394.642 ms
