Hash Join  (cost=100872.60..155541.82 rows=369 width=0) (actual time=1357.585..2505.403 rows=353 loops=1)
  Hash Cond: (mc.movie_id = t.id)
  ->  Seq Scan on movie_companies mc  (cost=0.00..44881.29 rows=2609129 width=4) (actual time=0.016..702.265 rows=2609129 loops=1)
  ->  Hash  (cost=100868.13..100868.13 rows=358 width=8) (actual time=1356.253..1356.253 rows=137 loops=1)
        Buckets: 1024  Batches: 1  Memory Usage: 14kB
        ->  Hash Join  (cost=73950.44..100868.13 rows=358 width=8) (actual time=826.702..1356.126 rows=137 loops=1)
              Hash Cond: (mi_idx.movie_id = t.id)
              ->  Seq Scan on movie_info_idx mi_idx  (cost=0.00..25185.44 rows=460978 width=4) (actual time=0.018..453.716 rows=459925 loops=1)
                    Filter: (info_type_id < 100)
                    Rows Removed by Filter: 920110
              ->  Hash  (cost=73925.90..73925.90 rows=1963 width=4) (actual time=825.537..825.537 rows=1799 loops=1)
                    Buckets: 2048  Batches: 1  Memory Usage: 80kB
                    ->  Seq Scan on title t  (cost=0.00..73925.90 rows=1963 width=4) (actual time=438.106..824.643 rows=1799 loops=1)
                          Filter: ((kind_id = 1) AND (production_year = 1902))
                          Rows Removed by Filter: 2526513
Planning time: 1.178 ms
Execution time: 2505.675 ms
