Seq Scan on movie_keyword mk  (cost=0.00..81003.12 rows=2281861 width=0) (actual time=0.028..1471.979 rows=2283115 loops=1)
  Filter: (keyword_id < 4842)
  Rows Removed by Filter: 2240815
Planning time: 0.328 ms
Execution time: 1775.018 ms
