Hash Join  (cost=74052.46..456200.07 rows=37942 width=0) (actual time=674.114..8055.601 rows=68670 loops=1)
  Hash Cond: (mi.movie_id = t.id)
  ->  Seq Scan on movie_info mi  (cost=0.00..346232.03 rows=9476311 width=4) (actual time=0.020..5633.245 rows=9565151 loops=1)
        Filter: (info_type_id < 16)
        Rows Removed by Filter: 5270569
  ->  Hash  (cost=73925.90..73925.90 rows=10124 width=4) (actual time=673.973..673.973 rows=8484 loops=1)
        Buckets: 16384  Batches: 1  Memory Usage: 427kB
        ->  Seq Scan on title t  (cost=0.00..73925.90 rows=10124 width=4) (actual time=0.047..671.165 rows=8484 loops=1)
              Filter: ((kind_id < 4) AND (production_year = 1994))
              Rows Removed by Filter: 2519828
Planning time: 0.834 ms
Execution time: 8067.343 ms
