Hash Join  (cost=98476.47..253096.82 rows=2677231 width=0) (actual time=2437.980..6654.533 rows=1496723 loops=1)
  Hash Cond: (mk.movie_id = t.id)
  ->  Seq Scan on movie_keyword mk  (cost=0.00..69693.30 rows=4523930 width=4) (actual time=0.019..1494.319 rows=4523930 loops=1)
  ->  Hash  (cost=73925.90..73925.90 rows=1496365 width=4) (actual time=2404.746..2404.746 rows=1620169 loops=1)
        Buckets: 131072  Batches: 32  Memory Usage: 2817kB
        ->  Seq Scan on title t  (cost=0.00..73925.90 rows=1496365 width=4) (actual time=0.029..1605.878 rows=1620169 loops=1)
              Filter: ((kind_id > 1) AND (production_year > 1973))
              Rows Removed by Filter: 908143
Planning time: 0.842 ms
Execution time: 6834.514 ms
