Hash Join  (cost=92433.22..183529.57 rows=1163983 width=0) (actual time=1744.577..4348.142 rows=476574 loops=1)
  Hash Cond: (mc.movie_id = t.id)
  ->  Seq Scan on movie_companies mc  (cost=0.00..44881.29 rows=2609129 width=4) (actual time=0.011..936.684 rows=2609129 loops=1)
  ->  Hash  (cost=73925.90..73925.90 rows=1128025 width=4) (actual time=1738.577..1738.577 rows=1222824 loops=1)
        Buckets: 131072  Batches: 16  Memory Usage: 3723kB
        ->  Seq Scan on title t  (cost=0.00..73925.90 rows=1128025 width=4) (actual time=0.026..1362.205 rows=1222824 loops=1)
              Filter: ((kind_id > 4) AND (production_year > 1986))
              Rows Removed by Filter: 1305488
Planning time: 0.538 ms
Execution time: 4408.807 ms
