Hash Join  (cost=169443.17..928380.69 rows=814838 width=0) (actual time=3277.555..24181.265 rows=5282971 loops=1)
  Hash Cond: (ci.movie_id = t.id)
  ->  Seq Scan on cast_info ci  (cost=0.00..614943.12 rows=36225612 width=4) (actual time=0.019..9137.158 rows=36244344 loops=1)
  ->  Hash  (cost=168732.24..168732.24 rows=56875 width=8) (actual time=3276.923..3276.923 rows=73758 loops=1)
        Buckets: 131072 (originally 65536)  Batches: 1 (originally 1)  Memory Usage: 3906kB
        ->  Hash Join  (cost=74456.54..168732.24 rows=56875 width=8) (actual time=1112.965..3251.817 rows=73758 loops=1)
              Hash Cond: (mk.movie_id = t.id)
              ->  Seq Scan on movie_keyword mk  (cost=0.00..81003.12 rows=3387685 width=4) (actual time=0.020..1576.981 rows=3377245 loops=1)
                    Filter: (keyword_id < 16264)
                    Rows Removed by Filter: 1146685
              ->  Hash  (cost=73925.90..73925.90 rows=42451 width=4) (actual time=1112.434..1112.434 rows=37610 loops=1)
                    Buckets: 65536  Batches: 1  Memory Usage: 1835kB
                    ->  Seq Scan on title t  (cost=0.00..73925.90 rows=42451 width=4) (actual time=0.037..1096.758 rows=37610 loops=1)
                          Filter: ((kind_id < 3) AND (production_year = 2010))
                          Rows Removed by Filter: 2490702
Planning time: 1.223 ms
Execution time: 24858.774 ms
