Hash Join  (cost=80355.62..160980.04 rows=404390 width=0) (actual time=1347.463..3573.113 rows=522988 loops=1)
  Hash Cond: (mc.movie_id = t.id)
  ->  Seq Scan on movie_companies mc  (cost=0.00..44881.29 rows=2609129 width=4) (actual time=0.012..954.467 rows=2609129 loops=1)
  ->  Hash  (cost=73925.90..73925.90 rows=391897 width=4) (actual time=1346.498..1346.498 rows=289693 loops=1)
        Buckets: 131072  Batches: 8  Memory Usage: 2301kB
        ->  Seq Scan on title t  (cost=0.00..73925.90 rows=391897 width=4) (actual time=0.018..1257.623 rows=289693 loops=1)
              Filter: ((production_year > 1998) AND (kind_id = 1))
              Rows Removed by Filter: 2238619
Planning time: 0.759 ms
Execution time: 3630.170 ms
