Hash Join  (cost=154768.44..245672.61 rows=101899 width=0) (actual time=3599.784..5416.723 rows=478375 loops=1)
  Hash Cond: (mk.movie_id = t.id)
  ->  Seq Scan on movie_keyword mk  (cost=0.00..81003.12 rows=629881 width=4) (actual time=0.016..1345.789 rows=631561 loops=1)
        Filter: (keyword_id > 29033)
        Rows Removed by Filter: 3892369
  ->  Hash  (cost=148057.27..148057.27 rows=409054 width=8) (actual time=3598.863..3598.863 rows=436710 loops=1)
        Buckets: 131072  Batches: 8  Memory Usage: 3172kB
        ->  Hash Join  (cost=104131.46..148057.27 rows=409054 width=8) (actual time=2116.451..3458.927 rows=436710 loops=1)
              Hash Cond: (mi_idx.movie_id = t.id)
              ->  Seq Scan on movie_info_idx mi_idx  (cost=0.00..25185.44 rows=464566 width=4) (actual time=0.016..511.804 rows=459925 loops=1)
                    Filter: (info_type_id = 101)
                    Rows Removed by Filter: 920110
              ->  Hash  (cost=67604.59..67604.59 rows=2226390 width=4) (actual time=2115.641..2115.641 rows=2224569 loops=1)
                    Buckets: 131072  Batches: 32  Memory Usage: 3463kB
                    ->  Seq Scan on title t  (cost=0.00..67604.59 rows=2226390 width=4) (actual time=0.016..1419.475 rows=2224569 loops=1)
                          Filter: (production_year < 2012)
                          Rows Removed by Filter: 303743
Planning time: 1.142 ms
Execution time: 5476.680 ms
