Seq Scan on movie_companies mc  (cost=0.00..51404.11 rows=182286 width=0) (actual time=0.089..884.169 rows=182418 loops=1)
  Filter: (company_id < 46)
  Rows Removed by Filter: 2426711
Planning time: 0.334 ms
Execution time: 907.738 ms
