Hash Join  (cost=477978.59..610268.64 rows=844401 width=0) (actual time=8592.232..18428.243 rows=31841602 loops=1)
  Hash Cond: (mk.movie_id = t.id)
  ->  Seq Scan on movie_keyword mk  (cost=0.00..69693.30 rows=4523930 width=4) (actual time=0.026..1431.840 rows=4523930 loops=1)
  ->  Hash  (cost=470235.15..470235.15 rows=471955 width=8) (actual time=8591.052..8591.052 rows=543367 loops=1)
        Buckets: 131072  Batches: 8  Memory Usage: 3737kB
        ->  Hash Join  (cost=102767.86..470235.15 rows=471955 width=8) (actual time=2975.849..8422.210 rows=543367 loops=1)
              Hash Cond: (mi.movie_id = t.id)
              ->  Seq Scan on movie_info mi  (cost=0.00..346232.03 rows=471955 width=4) (actual time=1078.511..5650.257 rows=543367 loops=1)
                    Filter: (info_type_id > 98)
                    Rows Removed by Filter: 14292353
              ->  Hash  (cost=61283.27..61283.27 rows=2528527 width=4) (actual time=1892.515..1892.515 rows=2528312 loops=1)
                    Buckets: 131072  Batches: 64  Memory Usage: 2425kB
                    ->  Seq Scan on title t  (cost=0.00..61283.27 rows=2528527 width=4) (actual time=0.016..1041.483 rows=2528312 loops=1)
Planning time: 1.412 ms
Execution time: 21852.809 ms
