Hash Join  (cost=94319.29..172432.07 rows=457322 width=0) (actual time=2462.795..3625.032 rows=201012 loops=1)
  Hash Cond: (mc.movie_id = t.id)
  ->  Seq Scan on movie_companies mc  (cost=0.00..57926.93 rows=930298 width=4) (actual time=528.038..1070.784 rows=610845 loops=1)
        Filter: ((company_id < 31542) AND (company_type_id = 2))
        Rows Removed by Filter: 1998284
  ->  Hash  (cost=73925.90..73925.90 rows=1242991 width=4) (actual time=1933.645..1933.645 rows=1363976 loops=1)
        Buckets: 131072  Batches: 32  Memory Usage: 2532kB
        ->  Seq Scan on title t  (cost=0.00..73925.90 rows=1242991 width=4) (actual time=0.035..1485.161 rows=1363976 loops=1)
              Filter: ((kind_id > 2) AND (production_year > 1989))
              Rows Removed by Filter: 1164336
Planning time: 8.155 ms
Execution time: 3650.060 ms
