Hash Join  (cost=71961.27..112140.79 rows=144903 width=0) (actual time=1183.486..2278.185 rows=147040 loops=1)
  Hash Cond: (mi_idx.movie_id = t.id)
  ->  Seq Scan on movie_info_idx mi_idx  (cost=0.00..21735.35 rows=1380035 width=4) (actual time=0.023..458.447 rows=1380035 loops=1)
  ->  Hash  (cost=67604.59..67604.59 rows=265495 width=4) (actual time=1182.622..1182.622 rows=263594 loops=1)
        Buckets: 131072  Batches: 4  Memory Usage: 3340kB
        ->  Seq Scan on title t  (cost=0.00..67604.59 rows=265495 width=4) (actual time=0.024..1091.531 rows=263594 loops=1)
              Filter: (production_year < 1962)
              Rows Removed by Filter: 2264718
Planning time: 0.719 ms
Execution time: 2298.032 ms
