Hash Join  (cost=52284.99..410024.01 rows=126 width=0) (actual time=5844.482..6847.424 rows=11 loops=1)
  Hash Cond: (mi.movie_id = t.id)
  ->  Seq Scan on movie_info mi  (cost=0.00..346232.03 rows=3068194 width=4) (actual time=3847.347..5557.561 rows=3036719 loops=1)
        Filter: (info_type_id = 16)
        Rows Removed by Filter: 11799001
  ->  Hash  (cost=52283.69..52283.69 rows=104 width=8) (actual time=819.869..819.869 rows=586 loops=1)
        Buckets: 1024  Batches: 1  Memory Usage: 31kB
        ->  Nested Loop  (cost=0.43..52283.69 rows=104 width=8) (actual time=476.900..819.518 rows=586 loops=1)
              ->  Seq Scan on movie_companies mc  (cost=0.00..51404.11 rows=104 width=4) (actual time=476.790..807.286 rows=586 loops=1)
                    Filter: (company_id = 91850)
                    Rows Removed by Filter: 2608543
              ->  Index Only Scan using title_pkey on title t  (cost=0.43..8.45 rows=1 width=4) (actual time=0.020..0.020 rows=1 loops=586)
                    Index Cond: (id = mc.movie_id)
                    Heap Fetches: 586
Planning time: 1.186 ms
Execution time: 6847.521 ms
