Seq Scan on cast_info ci  (cost=0.00..796071.18 rows=2481711 width=0) (actual time=11385.274..12758.408 rows=1979643 loops=1)
  Filter: ((person_id > 2443506) AND (role_id = 2))
  Rows Removed by Filter: 34264701
Planning time: 0.402 ms
Execution time: 13014.980 ms
