Nested Loop  (cost=0.43..110572.59 rows=761 width=0) (actual time=16.839..4586.244 rows=1376 loops=1)
  ->  Seq Scan on movie_keyword mk  (cost=0.00..81003.12 rows=3921 width=4) (actual time=0.144..4053.944 rows=3195 loops=1)
        Filter: (keyword_id = 438)
        Rows Removed by Filter: 4520735
  ->  Index Scan using title_pkey on title t  (cost=0.43..7.53 rows=1 width=4) (actual time=0.165..0.165 rows=0 loops=3195)
        Index Cond: (id = mk.movie_id)
        Filter: ((production_year > 1985) AND (kind_id = 1))
        Rows Removed by Filter: 1
Planning time: 0.768 ms
Execution time: 4586.918 ms
