Hash Join  (cost=58358.90..85273.10 rows=9 width=0) (actual time=851.190..1295.297 rows=7 loops=1)
  Hash Cond: (mi_idx.movie_id = t.id)
  ->  Seq Scan on movie_info_idx mi_idx  (cost=0.00..25185.44 rows=460978 width=4) (actual time=0.019..418.754 rows=459925 loops=1)
        Filter: (info_type_id = 99)
        Rows Removed by Filter: 920110
  ->  Hash  (cost=58358.27..58358.27 rows=51 width=8) (actual time=813.570..813.570 rows=8 loops=1)
        Buckets: 1024  Batches: 1  Memory Usage: 9kB
        ->  Nested Loop  (cost=0.43..58358.27 rows=51 width=8) (actual time=11.954..813.555 rows=8 loops=1)
              ->  Seq Scan on movie_companies mc  (cost=0.00..57926.93 rows=51 width=4) (actual time=11.846..813.116 rows=8 loops=1)
                    Filter: ((company_id = 1454) AND (company_type_id = 1))
                    Rows Removed by Filter: 2609121
              ->  Index Only Scan using title_pkey on title t  (cost=0.43..8.45 rows=1 width=4) (actual time=0.047..0.048 rows=1 loops=8)
                    Index Cond: (id = mc.movie_id)
                    Heap Fetches: 8
Planning time: 1.167 ms
Execution time: 1295.404 ms
