Hash Join  (cost=184940.20..227466.74 rows=281706 width=0) (actual time=4375.723..5687.855 rows=774062 loops=1)
  Hash Cond: (mi_idx.movie_id = t.id)
  ->  Seq Scan on movie_info_idx mi_idx  (cost=0.00..21735.35 rows=1380035 width=4) (actual time=0.015..434.442 rows=1380035 loops=1)
  ->  Hash  (cost=176471.36..176471.36 rows=516147 width=8) (actual time=4374.975..4374.975 rows=516728 loops=1)
        Buckets: 131072  Batches: 8  Memory Usage: 3551kB
        ->  Hash Join  (cost=102767.86..176471.36 rows=516147 width=8) (actual time=1851.680..4216.349 rows=516728 loops=1)
              Hash Cond: (mc.movie_id = t.id)
              ->  Seq Scan on movie_companies mc  (cost=0.00..51404.11 rows=516147 width=4) (actual time=0.030..867.767 rows=516728 loops=1)
                    Filter: (company_id < 475)
                    Rows Removed by Filter: 2092401
              ->  Hash  (cost=61283.27..61283.27 rows=2528527 width=4) (actual time=1849.761..1849.761 rows=2528312 loops=1)
                    Buckets: 131072  Batches: 64  Memory Usage: 2415kB
                    ->  Seq Scan on title t  (cost=0.00..61283.27 rows=2528527 width=4) (actual time=0.013..1033.350 rows=2528312 loops=1)
Planning time: 1.136 ms
Execution time: 5780.832 ms
