Hash Join  (cost=78284.76..192614.44 rows=268949 width=0) (actual time=1599.830..3680.098 rows=42544 loops=1)
  Hash Cond: (mk.movie_id = t.id)
  ->  Seq Scan on movie_keyword mk  (cost=0.00..81003.12 rows=2559751 width=4) (actual time=0.024..1350.576 rows=2553391 loops=1)
        Filter: (keyword_id < 6428)
        Rows Removed by Filter: 1970539
  ->  Hash  (cost=73925.90..73925.90 rows=265668 width=4) (actual time=1436.063..1436.063 rows=153955 loops=1)
        Buckets: 131072  Batches: 4  Memory Usage: 2383kB
        ->  Seq Scan on title t  (cost=0.00..73925.90 rows=265668 width=4) (actual time=1.644..1380.729 rows=153955 loops=1)
              Filter: ((kind_id > 4) AND (production_year < 1974))
              Rows Removed by Filter: 2374357
Planning time: 0.765 ms
Execution time: 3685.059 ms
