Nested Loop  (cost=0.43..83071.67 rows=246 width=0) (actual time=3.272..1216.465 rows=248 loops=1)
  ->  Seq Scan on movie_keyword mk  (cost=0.00..81003.12 rows=246 width=4) (actual time=3.162..1205.430 rows=248 loops=1)
        Filter: (keyword_id = 30246)
        Rows Removed by Filter: 4523682
  ->  Index Only Scan using title_pkey on title t  (cost=0.43..8.40 rows=1 width=4) (actual time=0.041..0.042 rows=1 loops=248)
        Index Cond: (id = mk.movie_id)
        Heap Fetches: 248
Planning time: 0.767 ms
Execution time: 1216.662 ms
