Seq Scan on movie_companies mc  (cost=0.00..51404.11 rows=104 width=0) (actual time=647.051..876.924 rows=15 loops=1)
  Filter: (company_id = 73277)
  Rows Removed by Filter: 2609114
Planning time: 0.368 ms
Execution time: 876.998 ms
