Seq Scan on movie_companies mc  (cost=0.00..57926.93 rows=487042 width=0) (actual time=0.011..928.177 rows=804200 loops=1)
  Filter: ((company_id > 17928) AND (company_type_id > 1))
  Rows Removed by Filter: 1804929
Planning time: 0.235 ms
Execution time: 1014.364 ms
