Seq Scan on movie_companies mc  (cost=0.00..51404.11 rows=260221 width=0) (actual time=0.050..769.661 rows=255726 loops=1)
  Filter: (company_id < 125)
  Rows Removed by Filter: 2353403
Planning time: 0.309 ms
Execution time: 801.168 ms
