Hash Join  (cost=82955.72..903580.19 rows=354904 width=0) (actual time=5847.131..38027.505 rows=436 loops=1)
  Hash Cond: (ci.movie_id = t.id)
  ->  Seq Scan on cast_info ci  (cost=0.00..796071.18 rows=1630466 width=4) (actual time=1990.889..34053.660 rows=1456 loops=1)
        Filter: ((person_id < 778452) AND (role_id = 2))
        Rows Removed by Filter: 36242888
  ->  Hash  (cost=73925.90..73925.90 rows=550385 width=4) (actual time=3845.025..3845.025 rows=602403 loops=1)
        Buckets: 131072  Batches: 8  Memory Usage: 3672kB
        ->  Seq Scan on title t  (cost=0.00..73925.90 rows=550385 width=4) (actual time=0.029..3617.264 rows=602403 loops=1)
              Filter: ((production_year > 2006) AND (kind_id = 7))
              Rows Removed by Filter: 1925909
Planning time: 0.835 ms
Execution time: 38028.085 ms
