Seq Scan on movie_keyword mk  (cost=0.00..81003.12 rows=246 width=0) (actual time=0.546..1274.949 rows=2672 loops=1)
  Filter: (keyword_id = 851)
  Rows Removed by Filter: 4521258
Planning time: 0.408 ms
Execution time: 1275.739 ms
