Hash Join  (cost=95087.33..601220.04 rows=4740540 width=0) (actual time=2588.718..14190.684 rows=3012957 loops=1)
  Hash Cond: (mi.movie_id = t.id)
  ->  Seq Scan on movie_info mi  (cost=0.00..346232.03 rows=9293409 width=4) (actual time=674.774..6492.630 rows=9425200 loops=1)
        Filter: (info_type_id > 5)
        Rows Removed by Filter: 5410520
  ->  Hash  (cost=73925.90..73925.90 rows=1289794 width=4) (actual time=1913.049..1913.049 rows=1413747 loops=1)
        Buckets: 131072  Batches: 32  Memory Usage: 2592kB
        ->  Seq Scan on title t  (cost=0.00..73925.90 rows=1289794 width=4) (actual time=0.028..1444.774 rows=1413747 loops=1)
              Filter: ((kind_id > 1) AND (production_year > 1990))
              Rows Removed by Filter: 1114565
Planning time: 0.788 ms
Execution time: 14496.649 ms
