Hash Join  (cost=168238.85..522914.33 rows=21364 width=0) (actual time=2916.243..9454.896 rows=2094970 loops=1)
  Hash Cond: (mi.movie_id = t.id)
  ->  Seq Scan on movie_info mi  (cost=0.00..346232.03 rows=2194617 width=4) (actual time=0.012..5531.139 rows=2233850 loops=1)
        Filter: (info_type_id > 16)
        Rows Removed by Filter: 12601870
  ->  Hash  (cost=167931.16..167931.16 rows=24615 width=8) (actual time=2916.025..2916.025 rows=76628 loops=1)
        Buckets: 131072 (originally 32768)  Batches: 1 (originally 1)  Memory Usage: 4018kB
        ->  Hash Join  (cost=83198.94..167931.16 rows=24615 width=8) (actual time=1450.684..2891.848 rows=76628 loops=1)
              Hash Cond: (mk.movie_id = t.id)
              ->  Seq Scan on movie_keyword mk  (cost=0.00..81003.12 rows=110119 width=4) (actual time=0.025..1265.340 rows=110022 loops=1)
                    Filter: (keyword_id > 80128)
                    Rows Removed by Filter: 4413908
              ->  Hash  (cost=73925.90..73925.90 rows=565203 width=4) (actual time=1449.116..1449.116 rows=641785 loops=1)
                    Buckets: 131072  Batches: 8  Memory Usage: 3870kB
                    ->  Seq Scan on title t  (cost=0.00..73925.90 rows=565203 width=4) (actual time=0.014..1238.017 rows=641785 loops=1)
                          Filter: ((kind_id < 7) AND (production_year < 2006))
                          Rows Removed by Filter: 1886527
Planning time: 1.220 ms
Execution time: 9723.867 ms
