Hash Join  (cost=102767.86..887192.97 rows=2869167 width=0) (actual time=4398.802..16569.496 rows=2818840 loops=1)
  Hash Cond: (ci.movie_id = t.id)
  ->  Seq Scan on cast_info ci  (cost=0.00..705507.15 rows=2869167 width=4) (actual time=2331.740..11960.423 rows=2818840 loops=1)
        Filter: (person_id < 272203)
        Rows Removed by Filter: 33425504
  ->  Hash  (cost=61283.27..61283.27 rows=2528527 width=4) (actual time=2010.167..2010.167 rows=2528312 loops=1)
        Buckets: 131072  Batches: 64  Memory Usage: 2415kB
        ->  Seq Scan on title t  (cost=0.00..61283.27 rows=2528527 width=4) (actual time=0.019..1177.737 rows=2528312 loops=1)
Planning time: 0.698 ms
Execution time: 16888.143 ms
