Hash Join  (cost=73994.33..128716.33 rows=5648 width=0) (actual time=1318.263..2486.345 rows=3315 loops=1)
  Hash Cond: (mc.movie_id = t.id)
  ->  Seq Scan on movie_companies mc  (cost=0.00..44881.29 rows=2609129 width=4) (actual time=0.026..657.570 rows=2609129 loops=1)
  ->  Hash  (cost=73925.90..73925.90 rows=5474 width=4) (actual time=1308.154..1308.154 rows=3198 loops=1)
        Buckets: 8192  Batches: 1  Memory Usage: 177kB
        ->  Seq Scan on title t  (cost=0.00..73925.90 rows=5474 width=4) (actual time=0.251..1306.349 rows=3198 loops=1)
              Filter: ((kind_id > 1) AND (production_year = 1951))
              Rows Removed by Filter: 2525114
Planning time: 0.746 ms
Execution time: 2486.979 ms
