Hash Join  (cost=140844.63..506910.23 rows=244906 width=0) (actual time=6606.027..9697.720 rows=874852 loops=1)
  Hash Cond: (mi.movie_id = t.id)
  ->  Seq Scan on movie_info mi  (cost=0.00..346232.03 rows=1348138 width=4) (actual time=3502.432..5583.209 rows=1298989 loops=1)
        Filter: (info_type_id = 4)
        Rows Removed by Filter: 13536731
  ->  Hash  (cost=133307.89..133307.89 rows=459339 width=8) (actual time=3102.508..3102.508 rows=804424 loops=1)
        Buckets: 131072 (originally 131072)  Batches: 16 (originally 8)  Memory Usage: 3073kB
        ->  Hash Join  (cost=87734.02..133307.89 rows=459339 width=8) (actual time=1454.177..2894.412 rows=804424 loops=1)
              Hash Cond: (mi_idx.movie_id = t.id)
              ->  Seq Scan on movie_info_idx mi_idx  (cost=0.00..21735.35 rows=1380035 width=4) (actual time=0.022..505.837 rows=1380035 loops=1)
              ->  Hash  (cost=73925.90..73925.90 rows=841609 width=4) (actual time=1452.877..1452.877 rows=755160 loops=1)
                    Buckets: 131072  Batches: 16  Memory Usage: 2686kB
                    ->  Seq Scan on title t  (cost=0.00..73925.90 rows=841609 width=4) (actual time=0.028..1214.849 rows=755160 loops=1)
                          Filter: ((kind_id < 7) AND (production_year > 1965))
                          Rows Removed by Filter: 1773152
Planning time: 1.289 ms
Execution time: 9809.895 ms
