Hash Join  (cost=78869.03..119382.91 rows=164440 width=0) (actual time=1323.745..2565.421 rows=411378 loops=1)
  Hash Cond: (mi_idx.movie_id = t.id)
  ->  Seq Scan on movie_info_idx mi_idx  (cost=0.00..21735.35 rows=1380035 width=4) (actual time=0.034..459.611 rows=1380035 loops=1)
  ->  Hash  (cost=73925.90..73925.90 rows=301290 width=4) (actual time=1322.611..1322.611 rows=433166 loops=1)
        Buckets: 131072 (originally 131072)  Batches: 8 (originally 4)  Memory Usage: 3073kB
        ->  Seq Scan on title t  (cost=0.00..73925.90 rows=301290 width=4) (actual time=0.026..1180.520 rows=433166 loops=1)
              Filter: ((kind_id < 4) AND (production_year < 1997))
              Rows Removed by Filter: 2095146
Planning time: 0.781 ms
Execution time: 2614.901 ms
