Hash Join  (cost=73952.49..128639.97 rows=2195 width=0) (actual time=1098.825..2254.991 rows=3834 loops=1)
  Hash Cond: (mc.movie_id = t.id)
  ->  Seq Scan on movie_companies mc  (cost=0.00..44881.29 rows=2609129 width=4) (actual time=0.027..635.048 rows=2609129 loops=1)
  ->  Hash  (cost=73925.90..73925.90 rows=2127 width=4) (actual time=1098.013..1098.013 rows=2732 loops=1)
        Buckets: 4096  Batches: 1  Memory Usage: 129kB
        ->  Seq Scan on title t  (cost=0.00..73925.90 rows=2127 width=4) (actual time=76.301..1096.644 rows=2732 loops=1)
              Filter: ((kind_id = 4) AND (production_year = 1998))
              Rows Removed by Filter: 2525580
Planning time: 0.709 ms
Execution time: 2255.792 ms
