Hash Join  (cost=74393.18..133477.11 rows=4388 width=0) (actual time=1306.139..2238.180 rows=1737 loops=1)
  Hash Cond: (mc.movie_id = t.id)
  ->  Seq Scan on movie_companies mc  (cost=0.00..57926.93 rows=296832 width=4) (actual time=0.027..906.587 rows=430779 loops=1)
        Filter: ((company_id < 688) AND (company_type_id < 2))
        Rows Removed by Filter: 2178350
  ->  Hash  (cost=73925.90..73925.90 rows=37382 width=4) (actual time=1225.425..1225.425 rows=33190 loops=1)
        Buckets: 65536  Batches: 1  Memory Usage: 1679kB
        ->  Seq Scan on title t  (cost=0.00..73925.90 rows=37382 width=4) (actual time=35.022..1212.362 rows=33190 loops=1)
              Filter: ((kind_id = 1) AND (production_year = 2010))
              Rows Removed by Filter: 2495122
Planning time: 0.752 ms
Execution time: 2238.709 ms
