Seq Scan on cast_info ci  (cost=0.00..796071.18 rows=240286 width=0) (actual time=529.252..14906.141 rows=82419 loops=1)
  Filter: ((person_id < 2563611) AND (role_id > 10))
  Rows Removed by Filter: 36161925
Planning time: 0.355 ms
Execution time: 14915.893 ms
