Seq Scan on movie_keyword mk  (cost=0.00..81003.12 rows=3672360 width=0) (actual time=0.015..1616.820 rows=3665732 loops=1)
  Filter: (keyword_id < 21415)
  Rows Removed by Filter: 858198
Planning time: 0.342 ms
Execution time: 2085.831 ms
