Hash Join  (cost=135996.00..501204.01 rows=55208 width=0) (actual time=7799.978..29982.113 rows=34514 loops=1)
  Hash Cond: (mi.movie_id = t.id)
  ->  Seq Scan on movie_info mi  (cost=0.00..309384.22 rows=14739122 width=4) (actual time=0.018..18017.360 rows=14835720 loops=1)
  ->  Hash  (cost=135877.61..135877.61 rows=9471 width=8) (actual time=7799.513..7799.513 rows=4047 loops=1)
        Buckets: 16384  Batches: 1  Memory Usage: 287kB
        ->  Hash Join  (cost=74235.99..135877.61 rows=9471 width=8) (actual time=4685.848..7796.760 rows=4047 loops=1)
              Hash Cond: (mc.movie_id = t.id)
              ->  Seq Scan on movie_companies mc  (cost=0.00..57926.93 rows=965327 width=4) (actual time=1106.938..3776.929 rows=1255957 loops=1)
                    Filter: ((company_id < 55682) AND (company_type_id < 2))
                    Rows Removed by Filter: 1353172
              ->  Hash  (cost=73925.90..73925.90 rows=24807 width=4) (actual time=3578.096..3578.096 rows=25986 loops=1)
                    Buckets: 32768  Batches: 1  Memory Usage: 1170kB
                    ->  Seq Scan on title t  (cost=0.00..73925.90 rows=24807 width=4) (actual time=59.560..3566.291 rows=25986 loops=1)
                          Filter: ((kind_id = 7) AND (production_year = 1997))
                          Rows Removed by Filter: 2502326
Planning time: 2.886 ms
Execution time: 29987.531 ms
