Seq Scan on movie_companies mc  (cost=0.00..57926.93 rows=1102701 width=0) (actual time=360.363..1060.638 rows=885152 loops=1)
  Filter: ((company_id < 77339) AND (company_type_id > 1))
  Rows Removed by Filter: 1723977
Planning time: 0.236 ms
Execution time: 1174.061 ms
