Hash Join  (cost=78473.92..144506.74 rows=101919 width=0) (actual time=1697.045..2371.334 rows=18038 loops=1)
  Hash Cond: (mc.movie_id = t.id)
  ->  Seq Scan on movie_companies mc  (cost=0.00..57926.93 rows=388983 width=4) (actual time=292.161..820.577 rows=71685 loops=1)
        Filter: ((company_id > 30447) AND (company_type_id < 2))
        Rows Removed by Filter: 2537444
  ->  Hash  (cost=67604.59..67604.59 rows=662507 width=4) (actual time=1403.908..1403.908 rows=662065 loops=1)
        Buckets: 131072  Batches: 16  Memory Usage: 2481kB
        ->  Seq Scan on title t  (cost=0.00..67604.59 rows=662507 width=4) (actual time=0.022..1189.282 rows=662065 loops=1)
              Filter: (production_year > 2008)
              Rows Removed by Filter: 1866247
Planning time: 0.672 ms
Execution time: 2373.883 ms
