Hash Join  (cost=102951.51..983016.33 rows=3018615 width=0) (actual time=10208.850..15804.986 rows=948389 loops=1)
  Hash Cond: (ci.movie_id = t.id)
  ->  Seq Scan on cast_info ci  (cost=0.00..796071.18 rows=3542697 width=4) (actual time=7792.541..12119.469 rows=1064897 loops=1)
        Filter: ((person_id > 3278270) AND (role_id < 9))
        Rows Removed by Filter: 35179447
  ->  Hash  (cost=67604.59..67604.59 rows=2154474 width=4) (actual time=2414.684..2414.684 rows=2146684 loops=1)
        Buckets: 131072  Batches: 32  Memory Usage: 3385kB
        ->  Seq Scan on title t  (cost=0.00..67604.59 rows=2154474 width=4) (actual time=0.025..1509.314 rows=2146684 loops=1)
              Filter: (production_year > 1965)
              Rows Removed by Filter: 381628
Planning time: 0.575 ms
Execution time: 15920.789 ms
