Hash Join  (cost=237395.15..859069.67 rows=11569169 width=0) (actual time=6444.883..34920.439 rows=59379972 loops=1)
  Hash Cond: (mi.movie_id = t.id)
  ->  Seq Scan on movie_info mi  (cost=0.00..309384.22 rows=14739122 width=4) (actual time=0.041..6318.992 rows=14835720 loops=1)
  ->  Hash  (cost=204833.21..204833.21 rows=1984715 width=8) (actual time=6443.734..6443.734 rows=2175302 loops=1)
        Buckets: 131072  Batches: 32  Memory Usage: 3730kB
        ->  Hash Join  (cost=99161.12..204833.21 rows=1984715 width=8) (actual time=1989.714..5355.576 rows=2175302 loops=1)
              Hash Cond: (mc.movie_id = t.id)
              ->  Seq Scan on movie_companies mc  (cost=0.00..44881.29 rows=2609129 width=4) (actual time=0.023..971.243 rows=2609129 loops=1)
              ->  Hash  (cost=67604.59..67604.59 rows=1923403 width=4) (actual time=1988.607..1988.607 rows=1922849 loops=1)
                    Buckets: 131072  Batches: 32  Memory Usage: 3132kB
                    ->  Seq Scan on title t  (cost=0.00..67604.59 rows=1923403 width=4) (actual time=0.015..1369.474 rows=1922849 loops=1)
                          Filter: (production_year < 2010)
                          Rows Removed by Filter: 605463
Planning time: 1.215 ms
Execution time: 41346.817 ms
