Seq Scan on movie_keyword mk  (cost=0.00..81003.12 rows=359315 width=0) (actual time=0.021..1289.914 rows=356990 loops=1)
  Filter: (keyword_id > 46804)
  Rows Removed by Filter: 4166940
Planning time: 0.347 ms
Execution time: 1336.294 ms
