Seq Scan on movie_keyword mk  (cost=0.00..81003.12 rows=3717607 width=0) (actual time=0.020..1574.175 rows=3714105 loops=1)
  Filter: (keyword_id > 783)
  Rows Removed by Filter: 809825
Planning time: 0.346 ms
Execution time: 2038.508 ms
