Hash Join  (cost=124653.55..924683.54 rows=639951 width=0) (actual time=7579.318..63407.397 rows=1194300 loops=1)
  Hash Cond: (ci.movie_id = t.id)
  ->  Seq Scan on cast_info ci  (cost=0.00..705507.15 rows=23499554 width=4) (actual time=645.890..46903.425 rows=23573656 loops=1)
        Filter: (role_id > 1)
        Rows Removed by Filter: 12670688
  ->  Hash  (cost=123792.83..123792.83 rows=68858 width=8) (actual time=6932.564..6932.564 rows=53637 loops=1)
        Buckets: 131072  Batches: 1  Memory Usage: 3120kB
        ->  Hash Join  (cost=68438.72..123792.83 rows=68858 width=8) (actual time=3392.507..6909.238 rows=53637 loops=1)
              Hash Cond: (mc.movie_id = t.id)
              ->  Seq Scan on movie_companies mc  (cost=0.00..44881.29 rows=2609129 width=4) (actual time=0.027..2493.660 rows=2609129 loops=1)
              ->  Hash  (cost=67604.59..67604.59 rows=66731 width=4) (actual time=3391.840..3391.840 rows=67342 loops=1)
                    Buckets: 131072  Batches: 1  Memory Usage: 3392kB
                    ->  Seq Scan on title t  (cost=0.00..67604.59 rows=66731 width=4) (actual time=0.044..3363.447 rows=67342 loops=1)
                          Filter: (production_year > 2012)
                          Rows Removed by Filter: 2460970
Planning time: 1.206 ms
Execution time: 63634.934 ms
