Hash Join  (cost=74710.74..162492.14 rows=112336 width=0) (actual time=1203.365..3075.451 rows=103028 loops=1)
  Hash Cond: (mk.movie_id = t.id)
  ->  Seq Scan on movie_keyword mk  (cost=0.00..69693.30 rows=4523930 width=4) (actual time=0.021..976.088 rows=4523930 loops=1)
  ->  Hash  (cost=73925.90..73925.90 rows=62787 width=4) (actual time=1202.954..1202.954 rows=53770 loops=1)
        Buckets: 65536  Batches: 1  Memory Usage: 2403kB
        ->  Seq Scan on title t  (cost=0.00..73925.90 rows=62787 width=4) (actual time=0.023..1181.341 rows=53770 loops=1)
              Filter: ((kind_id < 7) AND (production_year = 2011))
              Rows Removed by Filter: 2474542
Planning time: 0.778 ms
Execution time: 3089.631 ms
