Hash Join  (cost=128661.55..881588.80 rows=10111 width=0) (actual time=2253.077..16178.762 rows=81976 loops=1)
  Hash Cond: (ci.movie_id = t.id)
  ->  Seq Scan on cast_info ci  (cost=0.00..705507.15 rows=12618397 width=4) (actual time=0.025..11399.030 rows=12733677 loops=1)
        Filter: (person_id > 2407280)
        Rows Removed by Filter: 23510667
  ->  Hash  (cost=128636.23..128636.23 rows=2026 width=8) (actual time=2247.535..2247.535 rows=8734 loops=1)
        Buckets: 16384 (originally 2048)  Batches: 1 (originally 1)  Memory Usage: 470kB
        ->  Hash Join  (cost=73950.44..128636.23 rows=2026 width=8) (actual time=1192.459..2243.739 rows=8734 loops=1)
              Hash Cond: (mc.movie_id = t.id)
              ->  Seq Scan on movie_companies mc  (cost=0.00..44881.29 rows=2609129 width=4) (actual time=0.016..618.123 rows=2609129 loops=1)
              ->  Hash  (cost=73925.90..73925.90 rows=1963 width=4) (actual time=1116.970..1116.970 rows=4466 loops=1)
                    Buckets: 8192 (originally 2048)  Batches: 1 (originally 1)  Memory Usage: 222kB
                    ->  Seq Scan on title t  (cost=0.00..73925.90 rows=1963 width=4) (actual time=425.533..1114.919 rows=4466 loops=1)
                          Filter: ((kind_id = 1) AND (production_year = 1980))
                          Rows Removed by Filter: 2523846
Planning time: 3.385 ms
Execution time: 16191.197 ms
