Hash Join  (cost=102767.86..165571.43 rows=63228 width=0) (actual time=1971.769..3380.276 rows=62075 loops=1)
  Hash Cond: (mc.movie_id = t.id)
  ->  Seq Scan on movie_companies mc  (cost=0.00..51404.11 rows=63228 width=4) (actual time=1.131..745.141 rows=62075 loops=1)
        Filter: (company_id = 6)
        Rows Removed by Filter: 2547054
  ->  Hash  (cost=61283.27..61283.27 rows=2528527 width=4) (actual time=1964.306..1964.306 rows=2528312 loops=1)
        Buckets: 131072  Batches: 64  Memory Usage: 2415kB
        ->  Seq Scan on title t  (cost=0.00..61283.27 rows=2528527 width=4) (actual time=0.027..1102.662 rows=2528312 loops=1)
Planning time: 1.047 ms
Execution time: 3387.395 ms
