Hash Join  (cost=95770.31..152112.51 rows=13990 width=0) (actual time=1469.911..2283.290 rows=43405 loops=1)
  Hash Cond: (mc.movie_id = t.id)
  ->  Seq Scan on movie_companies mc  (cost=0.00..51404.11 rows=1279517 width=4) (actual time=254.069..831.745 rows=1274246 loops=1)
        Filter: (company_type_id = 1)
        Rows Removed by Filter: 1334883
  ->  Hash  (cost=95424.73..95424.73 rows=27647 width=8) (actual time=1215.315..1215.315 rows=31421 loops=1)
        Buckets: 32768  Batches: 1  Memory Usage: 1484kB
        ->  Hash Join  (cost=68237.77..95424.73 rows=27647 width=8) (actual time=918.240..1209.287 rows=31421 loops=1)
              Hash Cond: (mi_idx.movie_id = t.id)
              ->  Seq Scan on movie_info_idx mi_idx  (cost=0.00..21735.35 rows=1380035 width=4) (actual time=0.033..115.626 rows=1380035 loops=1)
              ->  Hash  (cost=67604.59..67604.59 rows=50655 width=4) (actual time=917.521..917.521 rows=50564 loops=1)
                    Buckets: 65536  Batches: 1  Memory Usage: 2290kB
                    ->  Seq Scan on title t  (cost=0.00..67604.59 rows=50655 width=4) (actual time=0.029..896.956 rows=50564 loops=1)
                          Filter: (production_year = 1999)
                          Rows Removed by Filter: 2477748
Planning time: 0.786 ms
Execution time: 2288.863 ms
