Hash Join  (cost=204955.20..1171379.34 rows=4378534 width=0) (actual time=8547.971..33120.827 rows=18574373 loops=1)
  Hash Cond: (ci.movie_id = t.id)
  ->  Seq Scan on cast_info ci  (cost=0.00..796071.18 rows=10593233 width=4) (actual time=3685.617..15469.954 rows=16464935 loops=1)
        Filter: ((person_id > 1983654) AND (role_id > 1))
        Rows Removed by Filter: 19779409
  ->  Hash  (cost=187808.15..187808.15 rows=1045124 width=8) (actual time=4861.367..4861.367 rows=1151325 loops=1)
        Buckets: 131072  Batches: 16  Memory Usage: 3823kB
        ->  Hash Join  (cost=101489.21..187808.15 rows=1045124 width=8) (actual time=2035.935..4525.139 rows=1151325 loops=1)
              Hash Cond: (mc.movie_id = t.id)
              ->  Seq Scan on movie_companies mc  (cost=0.00..51404.11 rows=1279517 width=4) (actual time=0.032..1081.384 rows=1274246 loops=1)
                    Filter: (company_type_id = 1)
                    Rows Removed by Filter: 1334883
              ->  Hash  (cost=67604.59..67604.59 rows=2065330 width=4) (actual time=2034.853..2034.853 rows=2064552 loops=1)
                    Buckets: 131072  Batches: 32  Memory Usage: 3289kB
                    ->  Seq Scan on title t  (cost=0.00..67604.59 rows=2065330 width=4) (actual time=0.019..1371.277 rows=2064552 loops=1)
                          Filter: (production_year < 2011)
                          Rows Removed by Filter: 463760
Planning time: 1.186 ms
Execution time: 35120.838 ms
