Seq Scan on movie_keyword mk  (cost=0.00..81003.12 rows=1877592 width=0) (actual time=0.021..1458.694 rows=1885930 loops=1)
  Filter: (keyword_id > 7270)
  Rows Removed by Filter: 2638000
Planning time: 0.315 ms
Execution time: 1685.033 ms
