Seq Scan on cast_info ci  (cost=0.00..705507.15 rows=5022738 width=0) (actual time=1959.888..11500.531 rows=4897702 loops=1)
  Filter: (person_id < 475983)
  Rows Removed by Filter: 31346642
Planning time: 0.318 ms
Execution time: 12111.898 ms
