Hash Join  (cost=100948.70..927004.80 rows=7801 width=0) (actual time=2825.525..16659.157 rows=27981 loops=1)
  Hash Cond: (ci.movie_id = t.id)
  ->  Seq Scan on cast_info ci  (cost=0.00..796071.18 rows=7975170 width=4) (actual time=970.133..13939.057 rows=4918267 loops=1)
        Filter: ((person_id < 1750961) AND (role_id > 2))
        Rows Removed by Filter: 31326077
  ->  Hash  (cost=100917.78..100917.78 rows=2474 width=8) (actual time=1851.053..1851.053 rows=4527 loops=1)
        Buckets: 8192 (originally 4096)  Batches: 1 (originally 1)  Memory Usage: 241kB
        ->  Hash Join  (cost=73982.55..100917.78 rows=2474 width=8) (actual time=1291.104..1849.290 rows=4527 loops=1)
              Hash Cond: (mi_idx.movie_id = t.id)
              ->  Seq Scan on movie_info_idx mi_idx  (cost=0.00..21735.35 rows=1380035 width=4) (actual time=0.019..268.341 rows=1380035 loops=1)
              ->  Hash  (cost=73925.90..73925.90 rows=4532 width=4) (actual time=1291.012..1291.012 rows=11996 loops=1)
                    Buckets: 16384 (originally 8192)  Batches: 1 (originally 1)  Memory Usage: 550kB
                    ->  Seq Scan on title t  (cost=0.00..73925.90 rows=4532 width=4) (actual time=0.096..1284.871 rows=11996 loops=1)
                          Filter: ((kind_id = 7) AND (production_year = 1987))
                          Rows Removed by Filter: 2516316
Planning time: 1.220 ms
Execution time: 16663.567 ms
