Hash Join  (cost=95609.14..198201.43 rows=1761336 width=0) (actual time=1814.922..4544.555 rows=1458199 loops=1)
  Hash Cond: (mc.movie_id = t.id)
  ->  Seq Scan on movie_companies mc  (cost=0.00..44881.29 rows=2609129 width=4) (actual time=0.013..820.999 rows=2609129 loops=1)
  ->  Hash  (cost=67604.59..67604.59 rows=1706924 width=4) (actual time=1814.066..1814.066 rows=1700316 loops=1)
        Buckets: 131072  Batches: 32  Memory Usage: 2895kB
        ->  Seq Scan on title t  (cost=0.00..67604.59 rows=1706924 width=4) (actual time=0.013..1264.846 rows=1700316 loops=1)
              Filter: (production_year > 1992)
              Rows Removed by Filter: 827996
Planning time: 0.743 ms
Execution time: 4702.961 ms
