Seq Scan on movie_keyword mk  (cost=0.00..81003.12 rows=4072 width=0) (actual time=0.071..1321.028 rows=4017 loops=1)
  Filter: (keyword_id = 73)
  Rows Removed by Filter: 4519913
Planning time: 0.407 ms
Execution time: 1322.254 ms
