Hash Join  (cost=175152.67..309534.86 rows=1016116 width=0) (actual time=4130.005..6967.944 rows=733210 loops=1)
  Hash Cond: (mk.movie_id = t.id)
  ->  Seq Scan on movie_keyword mk  (cost=0.00..69693.30 rows=4523930 width=4) (actual time=0.014..1380.008 rows=4523930 loops=1)
  ->  Hash  (cost=165834.54..165834.54 rows=567930 width=8) (actual time=3673.056..3673.056 rows=238558 loops=1)
        Buckets: 131072  Batches: 8  Memory Usage: 2178kB
        ->  Hash Join  (cost=82955.72..165834.54 rows=567930 width=8) (actual time=1390.119..3597.858 rows=238558 loops=1)
              Hash Cond: (mc.movie_id = t.id)
              ->  Seq Scan on movie_companies mc  (cost=0.00..44881.29 rows=2609129 width=4) (actual time=0.023..838.983 rows=2609129 loops=1)
              ->  Hash  (cost=73925.90..73925.90 rows=550385 width=4) (actual time=1389.345..1389.345 rows=602403 loops=1)
                    Buckets: 131072  Batches: 8  Memory Usage: 3672kB
                    ->  Seq Scan on title t  (cost=0.00..73925.90 rows=550385 width=4) (actual time=0.019..1192.123 rows=602403 loops=1)
                          Filter: ((production_year > 2006) AND (kind_id = 7))
                          Rows Removed by Filter: 1925909
Planning time: 2.479 ms
Execution time: 7047.702 ms
