Seq Scan on cast_info ci  (cost=0.00..796071.18 rows=391056 width=0) (actual time=1655.714..11758.617 rows=436700 loops=1)
  Filter: ((person_id > 3138622) AND (role_id = 4))
  Rows Removed by Filter: 35807644
Planning time: 0.417 ms
Execution time: 11814.846 ms
