Hash Join  (cost=81206.46..170904.32 rows=91706 width=0) (actual time=1421.347..3266.090 rows=284112 loops=1)
  Hash Cond: (mk.movie_id = t.id)
  ->  Seq Scan on movie_keyword mk  (cost=0.00..81003.12 rows=522581 width=4) (actual time=0.025..1417.782 rows=520878 loops=1)
        Filter: (keyword_id < 382)
        Rows Removed by Filter: 4003052
  ->  Hash  (cost=73925.90..73925.90 rows=443724 width=4) (actual time=1420.183..1420.183 rows=536860 loops=1)
        Buckets: 131072  Batches: 8  Memory Usage: 3402kB
        ->  Seq Scan on title t  (cost=0.00..73925.90 rows=443724 width=4) (actual time=0.025..1244.747 rows=536860 loops=1)
              Filter: ((kind_id < 7) AND (production_year < 2002))
              Rows Removed by Filter: 1991452
Planning time: 6.629 ms
Execution time: 3300.981 ms
