Seq Scan on movie_companies mc  (cost=0.00..51404.11 rows=1645064 width=0) (actual time=0.020..3321.597 rows=1634813 loops=1)
  Filter: (company_id < 17546)
  Rows Removed by Filter: 974316
Planning time: 0.287 ms
Execution time: 3572.563 ms
