Seq Scan on movie_keyword mk  (cost=0.00..81003.12 rows=1595001 width=0) (actual time=0.015..4066.580 rows=1600820 loops=1)
  Filter: (keyword_id < 2481)
  Rows Removed by Filter: 2923110
Planning time: 0.402 ms
Execution time: 4328.908 ms
