Seq Scan on movie_keyword mk  (cost=0.00..81003.12 rows=2139120 width=0) (actual time=0.023..1568.308 rows=2143608 loops=1)
  Filter: (keyword_id < 4016)
  Rows Removed by Filter: 2380322
Planning time: 0.326 ms
Execution time: 1852.214 ms
