Hash Join  (cost=122033.46..201439.48 rows=145052 width=0) (actual time=2694.456..5203.563 rows=1208664 loops=1)
  Hash Cond: (mc.movie_id = t.id)
  ->  Seq Scan on movie_companies mc  (cost=0.00..51404.11 rows=2240903 width=4) (actual time=0.027..1095.328 rows=2238496 loops=1)
        Filter: (company_id < 85378)
        Rows Removed by Filter: 370633
  ->  Hash  (cost=119347.59..119347.59 rows=163670 width=8) (actual time=2693.605..2693.605 rows=383469 loops=1)
        Buckets: 131072 (originally 131072)  Batches: 8 (originally 4)  Memory Usage: 3073kB
        ->  Hash Join  (cost=78846.40..119347.59 rows=163670 width=8) (actual time=1438.255..2566.155 rows=383469 loops=1)
              Hash Cond: (mi_idx.movie_id = t.id)
              ->  Seq Scan on movie_info_idx mi_idx  (cost=0.00..21735.35 rows=1380035 width=4) (actual time=0.042..420.954 rows=1380035 loops=1)
              ->  Hash  (cost=73925.90..73925.90 rows=299880 width=4) (actual time=1317.919..1317.919 rows=391036 loops=1)
                    Buckets: 131072 (originally 131072)  Batches: 8 (originally 4)  Memory Usage: 3073kB
                    ->  Seq Scan on title t  (cost=0.00..73925.90 rows=299880 width=4) (actual time=184.894..1186.980 rows=391036 loops=1)
                          Filter: ((production_year < 2002) AND (kind_id = 1))
                          Rows Removed by Filter: 2137276
Planning time: 1.221 ms
Execution time: 5358.993 ms
