Seq Scan on cast_info ci  (cost=0.00..796071.18 rows=176 width=0) (actual time=5457.520..12880.595 rows=12 loops=1)
  Filter: ((role_id < 2) AND (person_id = 828569))
  Rows Removed by Filter: 36244332
Planning time: 0.823 ms
Execution time: 12880.731 ms
