Hash Join  (cost=79572.46..112060.94 rows=62738 width=0) (actual time=1667.820..2345.882 rows=81638 loops=1)
  Hash Cond: (mi_idx.movie_id = t.id)
  ->  Seq Scan on movie_info_idx mi_idx  (cost=0.00..25185.44 rows=460978 width=4) (actual time=0.019..397.394 rows=459925 loops=1)
        Filter: (info_type_id < 100)
        Rows Removed by Filter: 920110
  ->  Hash  (cost=73925.90..73925.90 rows=344124 width=4) (actual time=1666.879..1666.879 rows=277148 loops=1)
        Buckets: 131072  Batches: 8  Memory Usage: 2235kB
        ->  Seq Scan on title t  (cost=0.00..73925.90 rows=344124 width=4) (actual time=0.015..1172.956 rows=277148 loops=1)
              Filter: ((kind_id < 4) AND (production_year > 2005))
              Rows Removed by Filter: 2251164
Planning time: 5.150 ms
Execution time: 2356.963 ms
