Hash Join  (cost=664341.82..2464142.97 rows=61342593 width=0) (actual time=15854.541..65264.591 rows=56872045 loops=1)
  Hash Cond: (ci.movie_id = t.id)
  ->  Seq Scan on cast_info ci  (cost=0.00..614943.12 rows=36225612 width=4) (actual time=0.018..14072.896 rows=36244344 loops=1)
  ->  Hash  (cost=594094.84..594094.84 rows=4281678 width=8) (actual time=15852.797..15852.797 rows=2266271 loops=1)
        Buckets: 131072  Batches: 64  Memory Usage: 2391kB
        ->  Hash Join  (cost=93038.76..594094.84 rows=4281678 width=8) (actual time=2518.791..15151.681 rows=2266271 loops=1)
              Hash Cond: (mi.movie_id = t.id)
              ->  Seq Scan on movie_info mi  (cost=0.00..346232.03 rows=9293409 width=4) (actual time=171.396..6786.715 rows=9425200 loops=1)
                    Filter: (info_type_id > 5)
                    Rows Removed by Filter: 5410520
              ->  Hash  (cost=73925.90..73925.90 rows=1164948 width=4) (actual time=2115.025..2115.025 rows=1252934 loops=1)
                    Buckets: 131072  Batches: 16  Memory Usage: 3794kB
                    ->  Seq Scan on title t  (cost=0.00..73925.90 rows=1164948 width=4) (actual time=0.027..1456.727 rows=1252934 loops=1)
                          Filter: ((production_year > 1982) AND (kind_id = 7))
                          Rows Removed by Filter: 1275378
Planning time: 2.138 ms
Execution time: 71639.456 ms
