Hash Join  (cost=207075.80..742981.48 rows=5257576 width=0) (actual time=4662.936..30431.164 rows=46543225 loops=1)
  Hash Cond: (mi.movie_id = t.id)
  ->  Seq Scan on movie_info mi  (cost=0.00..309384.22 rows=14739122 width=4) (actual time=0.018..6113.848 rows=14835720 loops=1)
  ->  Hash  (cost=192277.45..192277.45 rows=901948 width=8) (actual time=4662.134..4662.134 rows=1211980 loops=1)
        Buckets: 131072  Batches: 16  Memory Usage: 4034kB
        ->  Hash Join  (cost=102767.86..192277.45 rows=901948 width=8) (actual time=1910.517..4317.507 rows=1211980 loops=1)
              Hash Cond: (mc.movie_id = t.id)
              ->  Seq Scan on movie_companies mc  (cost=0.00..57926.93 rows=901948 width=4) (actual time=0.298..1051.619 rows=1211980 loops=1)
                    Filter: ((company_id < 33283) AND (company_type_id < 2))
                    Rows Removed by Filter: 1397149
              ->  Hash  (cost=61283.27..61283.27 rows=2528527 width=4) (actual time=1909.544..1909.544 rows=2528312 loops=1)
                    Buckets: 131072  Batches: 64  Memory Usage: 2415kB
                    ->  Seq Scan on title t  (cost=0.00..61283.27 rows=2528527 width=4) (actual time=0.019..1070.833 rows=2528312 loops=1)
Planning time: 4.498 ms
Execution time: 36091.495 ms
