Hash Join  (cost=798791.46..859559.54 rows=97 width=0) (actual time=14473.155..15334.305 rows=10 loops=1)
  Hash Cond: (mc.movie_id = t.id)
  ->  Seq Scan on movie_companies mc  (cost=0.00..57926.93 rows=757380 width=4) (actual time=279.336..1062.752 rows=974613 loops=1)
        Filter: ((company_id > 7851) AND (company_type_id = 2))
        Rows Removed by Filter: 1634516
  ->  Hash  (cost=798787.41..798787.41 rows=324 width=8) (actual time=14136.498..14136.498 rows=5 loops=1)
        Buckets: 1024  Batches: 1  Memory Usage: 9kB
        ->  Nested Loop  (cost=0.43..798787.41 rows=324 width=8) (actual time=1500.293..14136.467 rows=5 loops=1)
              ->  Seq Scan on cast_info ci  (cost=0.00..796071.18 rows=324 width=4) (actual time=1500.197..14136.226 rows=5 loops=1)
                    Filter: ((role_id > 1) AND (person_id = 96154))
                    Rows Removed by Filter: 36244339
              ->  Index Only Scan using title_pkey on title t  (cost=0.43..8.37 rows=1 width=4) (actual time=0.037..0.038 rows=1 loops=5)
                    Index Cond: (id = ci.movie_id)
                    Heap Fetches: 5
Planning time: 1.192 ms
Execution time: 15334.404 ms
