Hash Join  (cost=130549.01..217366.54 rows=15950 width=0) (actual time=2261.957..4115.383 rows=67181 loops=1)
  Hash Cond: (mk.movie_id = t.id)
  ->  Seq Scan on movie_keyword mk  (cost=0.00..69693.30 rows=4523930 width=4) (actual time=0.030..994.981 rows=4523930 loops=1)
  ->  Hash  (cost=130437.57..130437.57 rows=8915 width=8) (actual time=2261.440..2261.440 rows=8921 loops=1)
        Buckets: 16384  Batches: 1  Memory Usage: 477kB
        ->  Hash Join  (cost=74146.12..130437.57 rows=8915 width=8) (actual time=1577.464..2257.764 rows=8921 loops=1)
              Hash Cond: (mc.movie_id = t.id)
              ->  Seq Scan on movie_companies mc  (cost=0.00..51404.11 rows=1279517 width=4) (actual time=279.719..955.415 rows=1274246 loops=1)
                    Filter: (company_type_id = 1)
                    Rows Removed by Filter: 1334883
              ->  Hash  (cost=73925.90..73925.90 rows=17617 width=4) (actual time=1056.601..1056.601 rows=22021 loops=1)
                    Buckets: 32768  Batches: 1  Memory Usage: 1031kB
                    ->  Seq Scan on title t  (cost=0.00..73925.90 rows=17617 width=4) (actual time=369.523..1048.017 rows=22021 loops=1)
                          Filter: ((production_year > 2012) AND (kind_id = 1))
                          Rows Removed by Filter: 2506291
Planning time: 1.162 ms
Execution time: 4124.707 ms
