Hash Join  (cost=316257.51..1146125.29 rows=5176845 width=0) (actual time=15641.365..32188.844 rows=39274264 loops=1)
  Hash Cond: (ci.movie_id = t.id)
  ->  Seq Scan on cast_info ci  (cost=0.00..705507.15 rows=4320508 width=4) (actual time=8206.386..12928.600 rows=4323018 loops=1)
        Filter: (role_id = 10)
        Rows Removed by Filter: 31921326
  ->  Hash  (cost=266551.41..266551.41 rows=3029688 width=8) (actual time=7433.163..7433.163 rows=3019963 loops=1)
        Buckets: 131072  Batches: 64  Memory Usage: 2894kB
        ->  Hash Join  (cost=102767.86..266551.41 rows=3029688 width=8) (actual time=1912.205..6585.243 rows=3019963 loops=1)
              Hash Cond: (mk.movie_id = t.id)
              ->  Seq Scan on movie_keyword mk  (cost=0.00..81003.12 rows=3029688 width=4) (actual time=0.034..1745.941 rows=3019963 loops=1)
                    Filter: (keyword_id > 2171)
                    Rows Removed by Filter: 1503967
              ->  Hash  (cost=61283.27..61283.27 rows=2528527 width=4) (actual time=1910.720..1910.720 rows=2528312 loops=1)
                    Buckets: 131072  Batches: 64  Memory Usage: 2425kB
                    ->  Seq Scan on title t  (cost=0.00..61283.27 rows=2528527 width=4) (actual time=0.015..1082.547 rows=2528312 loops=1)
Planning time: 2.753 ms
Execution time: 36607.284 ms
