Hash Join  (cost=230661.53..698189.88 rows=3917422 width=0) (actual time=8360.480..17440.609 rows=9820104 loops=1)
  Hash Cond: (mi.movie_id = t.id)
  ->  Seq Scan on movie_info mi  (cost=0.00..346232.03 rows=5897221 width=4) (actual time=2978.323..6557.607 rows=5884963 loops=1)
        Filter: (info_type_id < 7)
        Rows Removed by Filter: 8950757
  ->  Hash  (cost=203103.82..203103.82 rows=1679657 width=8) (actual time=5381.115..5381.115 rows=1426496 loops=1)
        Buckets: 131072  Batches: 32  Memory Usage: 2807kB
        ->  Hash Join  (cost=98969.27..203103.82 rows=1679657 width=8) (actual time=2006.036..4953.059 rows=1426496 loops=1)
              Hash Cond: (mc.movie_id = t.id)
              ->  Seq Scan on movie_companies mc  (cost=0.00..51404.11 rows=2221572 width=4) (actual time=0.043..1134.990 rows=2216101 loops=1)
                    Filter: (company_id < 83025)
                    Rows Removed by Filter: 393028
              ->  Hash  (cost=67604.59..67604.59 rows=1911735 width=4) (actual time=2004.423..2004.423 rows=1903258 loops=1)
                    Buckets: 131072  Batches: 32  Memory Usage: 3122kB
                    ->  Seq Scan on title t  (cost=0.00..67604.59 rows=1911735 width=4) (actual time=0.020..1388.989 rows=1903258 loops=1)
                          Filter: (production_year > 1982)
                          Rows Removed by Filter: 625054
Planning time: 13.402 ms
Execution time: 18549.385 ms
