Seq Scan on movie_keyword mk  (cost=0.00..81003.12 rows=246 width=0) (actual time=9.387..1353.427 rows=83 loops=1)
  Filter: (keyword_id = 3896)
  Rows Removed by Filter: 4523847
Planning time: 0.359 ms
Execution time: 1353.575 ms
