Seq Scan on cast_info ci  (cost=0.00..796071.18 rows=324 width=0) (actual time=10231.594..14497.140 rows=1 loops=1)
  Filter: ((role_id > 1) AND (person_id = 2486825))
  Rows Removed by Filter: 36244343
Planning time: 0.387 ms
Execution time: 14497.263 ms
