Hash Join  (cost=73928.08..160589.23 rows=311 width=0) (actual time=1028.298..2851.901 rows=5453 loops=1)
  Hash Cond: (mk.movie_id = t.id)
  ->  Seq Scan on movie_keyword mk  (cost=0.00..69693.30 rows=4523930 width=4) (actual time=0.015..1038.513 rows=4523930 loops=1)
  ->  Hash  (cost=73925.90..73925.90 rows=174 width=4) (actual time=1027.263..1027.263 rows=3217 loops=1)
        Buckets: 4096 (originally 1024)  Batches: 1 (originally 1)  Memory Usage: 146kB
        ->  Seq Scan on title t  (cost=0.00..73925.90 rows=174 width=4) (actual time=0.226..1025.752 rows=3217 loops=1)
              Filter: ((production_year > 2013) AND (kind_id = 1))
              Rows Removed by Filter: 2525095
Planning time: 0.743 ms
Execution time: 2852.844 ms
