Seq Scan on cast_info ci  (cost=0.00..796071.18 rows=10096617 width=0) (actual time=1676.765..15832.767 rows=12670688 loops=1)
  Filter: ((person_id < 2918951) AND (role_id = 1))
  Rows Removed by Filter: 23573656
Planning time: 0.421 ms
Execution time: 17399.760 ms
