Seq Scan on cast_info ci  (cost=0.00..705507.15 rows=15156643 width=0) (actual time=0.023..12339.501 rows=15033554 loops=1)
  Filter: (person_id < 1483454)
  Rows Removed by Filter: 21210790
Planning time: 0.338 ms
Execution time: 14226.261 ms
