Seq Scan on movie_companies mc  (cost=0.00..51404.11 rows=1015682 width=0) (actual time=0.022..584.066 rows=1015449 loops=1)
  Filter: (company_id < 5223)
  Rows Removed by Filter: 1593680
Planning time: 0.325 ms
Execution time: 690.338 ms
