Hash Join  (cost=101410.87..156139.93 rows=6353 width=0) (actual time=1799.291..3066.305 rows=31587 loops=1)
  Hash Cond: (mc.movie_id = t.id)
  ->  Seq Scan on movie_companies mc  (cost=0.00..44881.29 rows=2609129 width=4) (actual time=0.018..715.161 rows=2609129 loops=1)
  ->  Hash  (cost=101333.91..101333.91 rows=6157 width=8) (actual time=1799.116..1799.116 rows=8199 loops=1)
        Buckets: 16384 (originally 8192)  Batches: 1 (originally 1)  Memory Usage: 449kB
        ->  Hash Join  (cost=74344.78..101333.91 rows=6157 width=8) (actual time=1131.791..1795.185 rows=8199 loops=1)
              Hash Cond: (mi_idx.movie_id = t.id)
              ->  Seq Scan on movie_info_idx mi_idx  (cost=0.00..25185.44 rows=464566 width=4) (actual time=0.012..540.125 rows=459925 loops=1)
                    Filter: (info_type_id = 101)
                    Rows Removed by Filter: 920110
              ->  Hash  (cost=73925.90..73925.90 rows=33510 width=4) (actual time=1131.381..1131.381 rows=22107 loops=1)
                    Buckets: 65536  Batches: 1  Memory Usage: 1290kB
                    ->  Seq Scan on title t  (cost=0.00..73925.90 rows=33510 width=4) (actual time=116.855..1122.254 rows=22107 loops=1)
                          Filter: ((kind_id = 1) AND (production_year = 2008))
                          Rows Removed by Filter: 2506205
Planning time: 0.806 ms
Execution time: 3071.363 ms
