Hash Join  (cost=80380.17..902536.94 rows=484630 width=0) (actual time=1771.168..16971.793 rows=582846 loops=1)
  Hash Cond: (ci.movie_id = t.id)
  ->  Seq Scan on cast_info ci  (cost=0.00..796071.18 rows=1573675 width=4) (actual time=0.022..13266.639 rows=3638729 loops=1)
        Filter: ((person_id > 2457560) AND (role_id > 9))
        Rows Removed by Filter: 32605615
  ->  Hash  (cost=67604.59..67604.59 rows=778687 width=4) (actual time=1769.817..1769.817 rows=782677 loops=1)
        Buckets: 131072  Batches: 16  Memory Usage: 2744kB
        ->  Seq Scan on title t  (cost=0.00..67604.59 rows=778687 width=4) (actual time=0.011..1238.401 rows=782677 loops=1)
              Filter: (production_year < 1994)
              Rows Removed by Filter: 1745635
Planning time: 0.787 ms
Execution time: 17039.794 ms
