Seq Scan on cast_info ci  (cost=0.00..796071.18 rows=224 width=0) (actual time=1627.568..13437.356 rows=42 loops=1)
  Filter: ((role_id > 2) AND (person_id = 987651))
  Rows Removed by Filter: 36244302
Planning time: 0.390 ms
Execution time: 13437.517 ms
