Hash Join  (cost=805917.69..1208891.13 rows=146970 width=0) (actual time=16669.656..28497.392 rows=1990422 loops=1)
  Hash Cond: (mi.movie_id = t.id)
  ->  Seq Scan on movie_info mi  (cost=0.00..309384.22 rows=14739122 width=4) (actual time=0.011..4740.602 rows=14835720 loops=1)
  ->  Hash  (cost=805602.53..805602.53 rows=25213 width=8) (actual time=16668.783..16668.783 rows=87735 loops=1)
        Buckets: 131072 (originally 32768)  Batches: 2 (originally 1)  Memory Usage: 3073kB
        ->  Hash Join  (cost=67697.55..805602.53 rows=25213 width=8) (actual time=1190.138..16625.399 rows=87735 loops=1)
              Hash Cond: (ci.movie_id = t.id)
              ->  Seq Scan on cast_info ci  (cost=0.00..705507.15 rows=8572187 width=4) (actual time=99.295..13552.390 rows=8486314 loops=1)
                    Filter: (role_id > 5)
                    Rows Removed by Filter: 27758030
              ->  Hash  (cost=67604.59..67604.59 rows=7437 width=4) (actual time=1090.727..1090.727 rows=24917 loops=1)
                    Buckets: 32768 (originally 8192)  Batches: 1 (originally 1)  Memory Usage: 1132kB
                    ->  Seq Scan on title t  (cost=0.00..67604.59 rows=7437 width=4) (actual time=0.035..1079.464 rows=24917 loops=1)
                          Filter: (production_year = 1992)
                          Rows Removed by Filter: 2503395
Planning time: 1.159 ms
Execution time: 28756.076 ms
