Seq Scan on title t  (cost=0.00..67604.59 rows=7437 width=0) (actual time=0.030..1124.513 rows=23040 loops=1)
  Filter: (production_year = 1990)
  Rows Removed by Filter: 2505272
Planning time: 0.334 ms
Execution time: 1129.803 ms
