Seq Scan on movie_keyword mk  (cost=0.00..81003.12 rows=246 width=0) (actual time=2.705..1283.330 rows=63 loops=1)
  Filter: (keyword_id = 31694)
  Rows Removed by Filter: 4523867
Planning time: 0.356 ms
Execution time: 1283.465 ms
