Seq Scan on title t  (cost=0.00..73925.90 rows=395062 width=0) (actual time=0.029..3634.839 rows=335993 loops=1)
  Filter: ((kind_id < 7) AND (production_year > 2005))
  Rows Removed by Filter: 2192319
Planning time: 1.181 ms
Execution time: 3698.202 ms
