Hash Join  (cost=102767.86..904386.34 rows=3583713 width=0) (actual time=4868.914..17746.849 rows=3461024 loops=1)
  Hash Cond: (ci.movie_id = t.id)
  ->  Seq Scan on cast_info ci  (cost=0.00..705507.15 rows=3583713 width=4) (actual time=2386.210..11965.354 rows=3461024 loops=1)
        Filter: (person_id < 332459)
        Rows Removed by Filter: 32783320
  ->  Hash  (cost=61283.27..61283.27 rows=2528527 width=4) (actual time=2439.886..2439.886 rows=2528312 loops=1)
        Buckets: 131072  Batches: 64  Memory Usage: 2415kB
        ->  Seq Scan on title t  (cost=0.00..61283.27 rows=2528527 width=4) (actual time=0.018..1233.278 rows=2528312 loops=1)
Planning time: 0.778 ms
Execution time: 18162.400 ms
