Nested Loop  (cost=0.43..83072.29 rows=3 width=0) (actual time=406.357..1393.599 rows=14 loops=1)
  ->  Seq Scan on movie_keyword mk  (cost=0.00..81003.12 rows=246 width=4) (actual time=5.818..1362.474 rows=1163 loops=1)
        Filter: (keyword_id = 555)
        Rows Removed by Filter: 4522767
  ->  Index Scan using title_pkey on title t  (cost=0.43..8.40 rows=1 width=4) (actual time=0.026..0.026 rows=0 loops=1163)
        Index Cond: (id = mk.movie_id)
        Filter: (production_year = 1994)
        Rows Removed by Filter: 1
Planning time: 0.822 ms
Execution time: 1393.703 ms
