Hash Join  (cost=67697.55..418707.22 rows=3718 width=0) (actual time=3506.356..6838.496 rows=8129 loops=1)
  Hash Cond: (mi.movie_id = t.id)
  ->  Seq Scan on movie_info mi  (cost=0.00..346232.03 rows=1264125 width=4) (actual time=2397.979..5460.669 rows=1288928 loops=1)
        Filter: (info_type_id = 2)
        Rows Removed by Filter: 13546792
  ->  Hash  (cost=67604.59..67604.59 rows=7437 width=4) (actual time=1107.595..1107.595 rows=14601 loops=1)
        Buckets: 16384 (originally 8192)  Batches: 1 (originally 1)  Memory Usage: 642kB
        ->  Seq Scan on title t  (cost=0.00..67604.59 rows=7437 width=4) (actual time=0.087..1100.462 rows=14601 loops=1)
              Filter: (production_year = 1967)
              Rows Removed by Filter: 2513711
Planning time: 0.756 ms
Execution time: 6840.094 ms
