Seq Scan on movie_keyword mk  (cost=0.00..81003.12 rows=246 width=0) (actual time=1.956..1250.998 rows=637 loops=1)
  Filter: (keyword_id = 13436)
  Rows Removed by Filter: 4523293
Planning time: 0.401 ms
Execution time: 1251.368 ms
