Hash Join  (cost=161637.73..1321775.55 rows=12298062 width=0) (actual time=4088.607..41881.576 rows=25065594 loops=1)
  Hash Cond: (ci.movie_id = t.id)
  ->  Seq Scan on cast_info ci  (cost=0.00..614943.12 rows=36225612 width=4) (actual time=0.030..13527.873 rows=36244344 loops=1)
  ->  Hash  (cost=147553.76..147553.76 rows=858398 width=8) (actual time=4087.581..4087.581 rows=785768 loops=1)
        Buckets: 131072  Batches: 16  Memory Usage: 2942kB
        ->  Hash Join  (cost=93408.25..147553.76 rows=858398 width=8) (actual time=2252.227..3850.575 rows=785768 loops=1)
              Hash Cond: (mi_idx.movie_id = t.id)
              ->  Seq Scan on movie_info_idx mi_idx  (cost=0.00..21735.35 rows=1380035 width=4) (actual time=0.014..423.819 rows=1380035 loops=1)
              ->  Hash  (cost=67604.59..67604.59 rows=1572773 width=4) (actual time=2251.037..2251.037 rows=1570568 loops=1)
                    Buckets: 131072  Batches: 32  Memory Usage: 2751kB
                    ->  Seq Scan on title t  (cost=0.00..67604.59 rows=1572773 width=4) (actual time=0.027..1450.692 rows=1570568 loops=1)
                          Filter: (production_year > 1996)
                          Rows Removed by Filter: 957744
Planning time: 2.227 ms
Execution time: 44682.983 ms
