Hash Join  (cost=149328.47..540804.45 rows=262411 width=0) (actual time=3065.186..10929.874 rows=643980 loops=1)
  Hash Cond: (mi.movie_id = t.id)
  ->  Seq Scan on movie_info mi  (cost=0.00..346232.03 rows=3623957 width=4) (actual time=173.971..6054.895 rows=3624977 loops=1)
        Filter: (info_type_id < 4)
        Rows Removed by Filter: 11210743
  ->  Hash  (cost=146323.83..146323.83 rows=183091 width=8) (actual time=2890.348..2890.348 rows=185370 loops=1)
        Buckets: 131072  Batches: 4  Memory Usage: 2856kB
        ->  Hash Join  (cost=83810.17..146323.83 rows=183091 width=8) (actual time=1406.187..2831.402 rows=185370 loops=1)
              Hash Cond: (mc.movie_id = t.id)
              ->  Seq Scan on movie_companies mc  (cost=0.00..51404.11 rows=468703 width=4) (actual time=0.039..975.987 rows=464981 loops=1)
                    Filter: (company_id < 400)
                    Rows Removed by Filter: 2144148
              ->  Hash  (cost=67604.59..67604.59 rows=987727 width=4) (actual time=1405.038..1405.038 rows=985048 loops=1)
                    Buckets: 131072  Batches: 16  Memory Usage: 3188kB
                    ->  Seq Scan on title t  (cost=0.00..67604.59 rows=987727 width=4) (actual time=0.020..1096.086 rows=985048 loops=1)
                          Filter: (kind_id < 7)
                          Rows Removed by Filter: 1543264
Planning time: 1.161 ms
Execution time: 11008.431 ms
