Hash Join  (cost=657449.34..2344111.91 rows=42105547 width=0) (actual time=41414.237..131290.235 rows=33223301 loops=1)
  Hash Cond: (ci.movie_id = t.id)
  ->  Seq Scan on cast_info ci  (cost=0.00..705507.15 rows=30683195 width=4) (actual time=0.017..53505.982 rows=30780602 loops=1)
        Filter: (person_id > 527104)
        Rows Removed by Filter: 5463742
  ->  Hash  (cost=600522.66..600522.66 rows=3469815 width=8) (actual time=41411.835..41411.835 rows=2202964 loops=1)
        Buckets: 131072  Batches: 64  Memory Usage: 2326kB
        ->  Hash Join  (cost=83692.58..600522.66 rows=3469815 width=8) (actual time=4873.954..40529.183 rows=2202964 loops=1)
              Hash Cond: (mi.movie_id = t.id)
              ->  Seq Scan on movie_info mi  (cost=0.00..309384.22 rows=14739122 width=4) (actual time=0.018..24034.593 rows=14835720 loops=1)
              ->  Hash  (cost=73925.90..73925.90 rows=595254 width=4) (actual time=4873.276..4873.276 rows=471078 loops=1)
                    Buckets: 131072  Batches: 8  Memory Usage: 3093kB
                    ->  Seq Scan on title t  (cost=0.00..73925.90 rows=595254 width=4) (actual time=0.019..4154.376 rows=471078 loops=1)
                          Filter: ((kind_id > 1) AND (production_year < 1995))
                          Rows Removed by Filter: 2057234
Planning time: 1.186 ms
Execution time: 136143.541 ms
