Hash Join  (cost=69687.24..194456.28 rows=227101 width=0) (actual time=1094.799..3923.402 rows=202128 loops=1)
  Hash Cond: (mk.movie_id = t.id)
  ->  Seq Scan on movie_keyword mk  (cost=0.00..69693.30 rows=4523930 width=4) (actual time=0.023..1392.746 rows=4523930 loops=1)
  ->  Hash  (cost=67604.59..67604.59 rows=126932 width=4) (actual time=1093.430..1093.430 rows=122861 loops=1)
        Buckets: 131072  Batches: 2  Memory Usage: 3197kB
        ->  Seq Scan on title t  (cost=0.00..67604.59 rows=126932 width=4) (actual time=0.026..1045.555 rows=122861 loops=1)
              Filter: (production_year = 2008)
              Rows Removed by Filter: 2405451
Planning time: 0.755 ms
Execution time: 3950.326 ms
