Hash Join  (cost=68332.59..129486.43 rows=56419 width=0) (actual time=1181.157..2876.131 rows=50361 loops=1)
  Hash Cond: (mc.movie_id = t.id)
  ->  Seq Scan on movie_companies mc  (cost=0.00..51404.11 rows=2449477 width=4) (actual time=0.009..1040.914 rows=2446253 loops=1)
        Filter: (company_id > 30)
        Rows Removed by Filter: 162876
  ->  Hash  (cost=67604.59..67604.59 rows=58240 width=4) (actual time=1180.786..1180.786 rows=58590 loops=1)
        Buckets: 65536  Batches: 1  Memory Usage: 2572kB
        ->  Seq Scan on title t  (cost=0.00..67604.59 rows=58240 width=4) (actual time=0.014..1156.503 rows=58590 loops=1)
              Filter: (production_year = 2001)
              Rows Removed by Filter: 2469722
Planning time: 0.521 ms
Execution time: 2883.806 ms
