Seq Scan on movie_keyword mk  (cost=0.00..81003.12 rows=246 width=0) (actual time=42.984..1292.566 rows=44 loops=1)
  Filter: (keyword_id = 7311)
  Rows Removed by Filter: 4523886
Planning time: 0.361 ms
Execution time: 1292.705 ms
