Hash Join  (cost=106895.01..472618.02 rows=106706 width=0) (actual time=2315.269..9903.927 rows=41546 loops=1)
  Hash Cond: (mi.movie_id = t.id)
  ->  Seq Scan on movie_info mi  (cost=0.00..309384.22 rows=14739122 width=4) (actual time=0.018..4702.578 rows=14835720 loops=1)
  ->  Hash  (cost=106666.18..106666.18 rows=18306 width=8) (actual time=2041.290..2041.290 rows=7531 loops=1)
        Buckets: 32768  Batches: 1  Memory Usage: 551kB
        ->  Hash Join  (cost=75574.02..106666.18 rows=18306 width=8) (actual time=1344.493..2037.942 rows=7531 loops=1)
              Hash Cond: (mi_idx.movie_id = t.id)
              ->  Seq Scan on movie_info_idx mi_idx  (cost=0.00..25185.44 rows=460978 width=4) (actual time=0.024..492.792 rows=459925 loops=1)
                    Filter: (info_type_id < 100)
                    Rows Removed by Filter: 920110
              ->  Hash  (cost=73925.90..73925.90 rows=100409 width=4) (actual time=1342.957..1342.957 rows=110402 loops=1)
                    Buckets: 131072  Batches: 2  Memory Usage: 2964kB
                    ->  Seq Scan on title t  (cost=0.00..73925.90 rows=100409 width=4) (actual time=280.282..1301.447 rows=110402 loops=1)
                          Filter: ((kind_id = 7) AND (production_year = 2012))
                          Rows Removed by Filter: 2417910
Planning time: 1.223 ms
Execution time: 9910.374 ms
