Nested Loop  (cost=0.43..83071.67 rows=246 width=0) (actual time=0.335..1340.003 rows=2713 loops=1)
  ->  Seq Scan on movie_keyword mk  (cost=0.00..81003.12 rows=246 width=4) (actual time=0.276..1252.632 rows=2713 loops=1)
        Filter: (keyword_id = 2197)
        Rows Removed by Filter: 4521217
  ->  Index Only Scan using title_pkey on title t  (cost=0.43..8.40 rows=1 width=4) (actual time=0.031..0.031 rows=1 loops=2713)
        Index Cond: (id = mk.movie_id)
        Heap Fetches: 2713
Planning time: 0.734 ms
Execution time: 1340.879 ms
