Hash Join  (cost=181979.77..593421.88 rows=366217 width=0) (actual time=5363.746..11763.155 rows=180065 loops=1)
  Hash Cond: (mi.movie_id = t.id)
  ->  Seq Scan on movie_info mi  (cost=0.00..346232.03 rows=5263441 width=4) (actual time=0.012..6048.060 rows=5270569 loops=1)
        Filter: (info_type_id > 15)
        Rows Removed by Filter: 9565151
  ->  Hash  (cost=179092.66..179092.66 rows=175929 width=8) (actual time=3368.327..3368.327 rows=44075 loops=1)
        Buckets: 131072  Batches: 4  Memory Usage: 1463kB
        ->  Hash Join  (cost=79273.71..179092.66 rows=175929 width=8) (actual time=2031.450..3354.678 rows=44075 loops=1)
              Hash Cond: (mk.movie_id = t.id)
              ->  Seq Scan on movie_keyword mk  (cost=0.00..81003.12 rows=1364944 width=4) (actual time=0.026..1489.487 rows=1382185 loops=1)
                    Filter: (keyword_id > 12082)
                    Rows Removed by Filter: 3141745
              ->  Hash  (cost=73925.90..73925.90 rows=325904 width=4) (actual time=1240.814..1240.814 rows=349534 loops=1)
                    Buckets: 131072  Batches: 8  Memory Usage: 2572kB
                    ->  Seq Scan on title t  (cost=0.00..73925.90 rows=325904 width=4) (actual time=0.028..1115.522 rows=349534 loops=1)
                          Filter: ((production_year > 2009) AND (kind_id = 7))
                          Rows Removed by Filter: 2178778
Planning time: 1.255 ms
Execution time: 11785.192 ms
