Hash Join  (cost=83074.02..109985.26 rows=76 width=0) (actual time=1185.060..1726.484 rows=790 loops=1)
  Hash Cond: (mi_idx.movie_id = t.id)
  ->  Seq Scan on movie_info_idx mi_idx  (cost=0.00..21735.35 rows=1380035 width=4) (actual time=0.019..297.908 rows=1380035 loops=1)
  ->  Hash  (cost=83072.29..83072.29 rows=139 width=8) (actual time=1175.945..1175.945 rows=401 loops=1)
        Buckets: 1024  Batches: 1  Memory Usage: 24kB
        ->  Nested Loop  (cost=0.43..83072.29 rows=139 width=8) (actual time=0.200..1175.600 rows=401 loops=1)
              ->  Seq Scan on movie_keyword mk  (cost=0.00..81003.12 rows=246 width=4) (actual time=0.166..1152.202 rows=865 loops=1)
                    Filter: (keyword_id = 419)
                    Rows Removed by Filter: 4523065
              ->  Index Scan using title_pkey on title t  (cost=0.43..8.40 rows=1 width=4) (actual time=0.026..0.026 rows=0 loops=865)
                    Index Cond: (id = mk.movie_id)
                    Filter: (production_year > 1999)
                    Rows Removed by Filter: 1
Planning time: 1.172 ms
Execution time: 1726.805 ms
