Seq Scan on cast_info ci  (cost=0.00..796071.18 rows=1156267 width=0) (actual time=2974.192..11845.261 rows=1330506 loops=1)
  Filter: ((person_id < 166377) AND (role_id < 4))
  Rows Removed by Filter: 34913838
Planning time: 0.245 ms
Execution time: 12020.110 ms
