Seq Scan on cast_info ci  (cost=0.00..705507.15 rows=500 width=0) (actual time=4514.388..11237.432 rows=299 loops=1)
  Filter: (person_id = 1484178)
  Rows Removed by Filter: 36244045
Planning time: 0.367 ms
Execution time: 11237.560 ms
