Hash Join  (cost=126645.57..981223.14 rows=430368 width=0) (actual time=11709.373..20400.610 rows=2120108 loops=1)
  Hash Cond: (ci.movie_id = t.id)
  ->  Seq Scan on cast_info ci  (cost=0.00..796071.18 rows=4607927 width=4) (actual time=8851.051..14072.040 rows=7003249 loops=1)
        Filter: ((person_id > 1839361) AND (role_id > 4))
        Rows Removed by Filter: 29241095
  ->  Hash  (cost=122770.61..122770.61 rows=236157 width=8) (actual time=2857.287..2857.287 rows=314770 loops=1)
        Buckets: 131072 (originally 131072)  Batches: 8 (originally 4)  Memory Usage: 3073kB
        ->  Hash Join  (cost=81025.55..122770.61 rows=236157 width=8) (actual time=1666.683..2775.648 rows=314770 loops=1)
              Hash Cond: (mi_idx.movie_id = t.id)
              ->  Seq Scan on movie_info_idx mi_idx  (cost=0.00..21735.35 rows=1380035 width=4) (actual time=0.019..428.117 rows=1380035 loops=1)
              ->  Hash  (cost=73925.90..73925.90 rows=432692 width=4) (actual time=1665.711..1665.711 rows=368246 loops=1)
                    Buckets: 131072  Batches: 8  Memory Usage: 2639kB
                    ->  Seq Scan on title t  (cost=0.00..73925.90 rows=432692 width=4) (actual time=0.021..1211.760 rows=368246 loops=1)
                          Filter: ((kind_id < 7) AND (production_year > 2004))
                          Rows Removed by Filter: 2160066
Planning time: 1.251 ms
Execution time: 20614.393 ms
