Hash Join  (cost=190169.72..687923.03 rows=1681939 width=0) (actual time=3483.374..15851.840 rows=1514884 loops=1)
  Hash Cond: (mi.movie_id = t.id)
  ->  Seq Scan on movie_info mi  (cost=0.00..309384.22 rows=14739122 width=4) (actual time=0.011..5750.788 rows=14835720 loops=1)
  ->  Hash  (cost=185434.97..185434.97 rows=288540 width=8) (actual time=3482.418..3482.418 rows=100694 loops=1)
        Buckets: 131072  Batches: 4  Memory Usage: 1997kB
        ->  Hash Join  (cost=81529.26..185434.97 rows=288540 width=8) (actual time=1212.368..3447.507 rows=100694 loops=1)
              Hash Cond: (mk.movie_id = t.id)
              ->  Seq Scan on movie_keyword mk  (cost=0.00..81003.12 rows=1574450 width=4) (actual time=0.018..1500.001 rows=1583417 loops=1)
                    Filter: (keyword_id < 2408)
                    Rows Removed by Filter: 2940513
              ->  Hash  (cost=73925.90..73925.90 rows=463388 width=4) (actual time=1210.993..1210.993 rows=321767 loops=1)
                    Buckets: 131072  Batches: 8  Memory Usage: 2436kB
                    ->  Seq Scan on title t  (cost=0.00..73925.90 rows=463388 width=4) (actual time=0.020..1102.174 rows=321767 loops=1)
                          Filter: ((kind_id > 1) AND (production_year < 1987))
                          Rows Removed by Filter: 2206545
Planning time: 1.106 ms
Execution time: 16038.019 ms
