Hash Join  (cost=198810.15..1002427.30 rows=1208753 width=0) (actual time=9627.415..20909.873 rows=1450337 loops=1)
  Hash Cond: (ci.movie_id = t.id)
  ->  Seq Scan on cast_info ci  (cost=0.00..705507.15 rows=7298253 width=4) (actual time=5760.684..13453.376 rows=7451973 loops=1)
        Filter: (role_id = 2)
        Rows Removed by Filter: 28792371
  ->  Hash  (cost=191939.38..191939.38 rows=418781 width=8) (actual time=3865.275..3865.275 rows=168594 loops=1)
        Buckets: 131072  Batches: 8  Memory Usage: 1858kB
        ->  Hash Join  (cost=74050.79..191939.38 rows=418781 width=8) (actual time=1289.323..3614.093 rows=168594 loops=1)
              Hash Cond: (mk.movie_id = t.id)
              ->  Seq Scan on movie_keyword mk  (cost=0.00..81003.12 rows=2695110 width=4) (actual time=0.024..1261.710 rows=2689693 loops=1)
                    Filter: (keyword_id < 7601)
                    Rows Removed by Filter: 1834237
              ->  Hash  (cost=67604.59..67604.59 rows=392896 width=4) (actual time=1285.251..1285.251 rows=391666 loops=1)
                    Buckets: 131072  Batches: 8  Memory Usage: 2759kB
                    ->  Seq Scan on title t  (cost=0.00..67604.59 rows=392896 width=4) (actual time=0.013..1149.916 rows=391666 loops=1)
                          Filter: (production_year > 2010)
                          Rows Removed by Filter: 2136646
Planning time: 3.920 ms
Execution time: 21098.019 ms
