Hash Join  (cost=97476.44..708950.77 rows=10613150 width=0) (actual time=5465.341..39408.700 rows=9500454 loops=1)
  Hash Cond: (mi.movie_id = t.id)
  ->  Seq Scan on movie_info mi  (cost=0.00..309384.22 rows=14739122 width=4) (actual time=0.015..19779.943 rows=14835720 loops=1)
  ->  Hash  (cost=67604.59..67604.59 rows=1820708 width=4) (actual time=5464.233..5464.233 rows=1813245 loops=1)
        Buckets: 131072  Batches: 32  Memory Usage: 3030kB
        ->  Seq Scan on title t  (cost=0.00..67604.59 rows=1820708 width=4) (actual time=0.011..4606.970 rows=1813245 loops=1)
              Filter: (production_year > 1987)
              Rows Removed by Filter: 715067
Planning time: 0.692 ms
Execution time: 40727.053 ms
