Seq Scan on movie_keyword mk  (cost=0.00..81003.12 rows=1153987 width=0) (actual time=0.020..1428.985 rows=1158608 loops=1)
  Filter: (keyword_id < 1376)
  Rows Removed by Filter: 3365322
Planning time: 0.340 ms
Execution time: 1574.914 ms
