Seq Scan on title t  (cost=0.00..73925.90 rows=2905 width=0) (actual time=444.848..1144.920 rows=8125 loops=1)
  Filter: ((kind_id < 7) AND (production_year = 1914))
  Rows Removed by Filter: 2520187
Planning time: 6.041 ms
Execution time: 1146.821 ms
