Hash Join  (cost=88359.31..181404.27 rows=1305343 width=0) (actual time=1717.864..4578.519 rows=1591698 loops=1)
  Hash Cond: (mc.movie_id = t.id)
  ->  Seq Scan on movie_companies mc  (cost=0.00..44881.29 rows=2609129 width=4) (actual time=0.016..899.169 rows=2609129 loops=1)
  ->  Hash  (cost=67604.59..67604.59 rows=1265018 width=4) (actual time=1716.762..1716.762 rows=1263700 loops=1)
        Buckets: 131072  Batches: 32  Memory Usage: 2410kB
        ->  Seq Scan on title t  (cost=0.00..67604.59 rows=1265018 width=4) (actual time=0.018..1305.807 rows=1263700 loops=1)
              Filter: (production_year < 2004)
              Rows Removed by Filter: 1264612
Planning time: 0.808 ms
Execution time: 4769.458 ms
