Hash Join  (cost=153785.25..1275444.90 rows=8552451 width=0) (actual time=3536.366..39200.211 rows=17690970 loops=1)
  Hash Cond: (ci.movie_id = t.id)
  ->  Seq Scan on cast_info ci  (cost=0.00..614943.12 rows=36225612 width=4) (actual time=0.016..13507.282 rows=36244344 loops=1)
  ->  Hash  (cost=143991.30..143991.30 rows=596956 width=8) (actual time=3535.610..3535.610 rows=555872 loops=1)
        Buckets: 131072  Batches: 8  Memory Usage: 3739kB
        ->  Hash Join  (cost=94666.80..143991.30 rows=596956 width=8) (actual time=1925.897..3369.211 rows=555872 loops=1)
              Hash Cond: (mi_idx.movie_id = t.id)
              ->  Seq Scan on movie_info_idx mi_idx  (cost=0.00..25185.44 rows=915101 width=4) (actual time=0.018..534.995 rows=919850 loops=1)
                    Filter: (info_type_id < 101)
                    Rows Removed by Filter: 460185
              ->  Hash  (cost=67604.59..67604.59 rows=1649457 width=4) (actual time=1924.416..1924.416 rows=1643514 loops=1)
                    Buckets: 131072  Batches: 32  Memory Usage: 2831kB
                    ->  Seq Scan on title t  (cost=0.00..67604.59 rows=1649457 width=4) (actual time=0.013..1369.632 rows=1643514 loops=1)
                          Filter: (production_year > 1994)
                          Rows Removed by Filter: 884798
Planning time: 1.151 ms
Execution time: 41193.027 ms
