Seq Scan on movie_keyword mk  (cost=0.00..81003.12 rows=107428 width=0) (actual time=0.120..1397.211 rows=106664 loops=1)
  Filter: (keyword_id > 80818)
  Rows Removed by Filter: 4417266
Planning time: 0.337 ms
Execution time: 1412.577 ms
