Hash Join  (cost=218720.82..638984.71 rows=2168708 width=0) (actual time=7633.091..13673.481 rows=1357312 loops=1)
  Hash Cond: (mi.movie_id = t.id)
  ->  Seq Scan on movie_info mi  (cost=0.00..346232.03 rows=3623957 width=4) (actual time=2409.943..5877.802 rows=3624977 loops=1)
        Filter: (info_type_id < 4)
        Rows Removed by Filter: 11210743
  ->  Hash  (cost=193895.28..193895.28 rows=1513163 width=8) (actual time=5221.636..5221.636 rows=832950 loops=1)
        Buckets: 131072  Batches: 32  Memory Usage: 2023kB
        ->  Hash Join  (cost=97985.13..193895.28 rows=1513163 width=8) (actual time=2133.999..4961.457 rows=832950 loops=1)
              Hash Cond: (mc.movie_id = t.id)
              ->  Seq Scan on movie_companies mc  (cost=0.00..44881.29 rows=2609129 width=4) (actual time=0.034..909.440 rows=2609129 loops=1)
              ->  Hash  (cost=73925.90..73925.90 rows=1466418 width=4) (actual time=2132.881..2132.881 rows=1562364 loops=1)
                    Buckets: 131072  Batches: 32  Memory Usage: 2745kB
                    ->  Seq Scan on title t  (cost=0.00..73925.90 rows=1466418 width=4) (actual time=0.023..1442.065 rows=1562364 loops=1)
                          Filter: ((kind_id > 3) AND (production_year > 1959))
                          Rows Removed by Filter: 965948
Planning time: 1.195 ms
Execution time: 13812.421 ms
