Hash Join  (cost=151851.80..657008.34 rows=876283 width=0) (actual time=3023.363..15206.629 rows=418104 loops=1)
  Hash Cond: (mi.movie_id = t.id)
  ->  Seq Scan on movie_info mi  (cost=0.00..346232.03 rows=12928982 width=4) (actual time=0.023..6996.934 rows=12970088 loops=1)
        Filter: (info_type_id < 18)
        Rows Removed by Filter: 1865632
  ->  Hash  (cost=149039.61..149039.61 rows=171375 width=8) (actual time=2962.871..2962.871 rows=86447 loops=1)
        Buckets: 131072  Batches: 4  Memory Usage: 1873kB
        ->  Hash Join  (cost=79273.71..149039.61 rows=171375 width=8) (actual time=2253.103..2931.938 rows=86447 loops=1)
              Hash Cond: (mc.movie_id = t.id)
              ->  Seq Scan on movie_companies mc  (cost=0.00..51404.11 rows=1329612 width=4) (actual time=0.021..996.539 rows=1334883 loops=1)
                    Filter: (company_type_id = 2)
                    Rows Removed by Filter: 1274246
              ->  Hash  (cost=73925.90..73925.90 rows=325904 width=4) (actual time=1262.330..1262.330 rows=349534 loops=1)
                    Buckets: 131072  Batches: 8  Memory Usage: 2566kB
                    ->  Seq Scan on title t  (cost=0.00..73925.90 rows=325904 width=4) (actual time=325.563..1147.773 rows=349534 loops=1)
                          Filter: ((production_year > 2009) AND (kind_id = 7))
                          Rows Removed by Filter: 2178778
Planning time: 3.050 ms
Execution time: 15258.279 ms
