Hash Join  (cost=133304.41..243983.51 rows=295917 width=0) (actual time=2749.661..5114.532 rows=176982 loops=1)
  Hash Cond: (mk.movie_id = t.id)
  ->  Seq Scan on movie_keyword mk  (cost=0.00..81003.12 rows=2195416 width=4) (actual time=0.031..1646.380 rows=2195716 loops=1)
        Filter: (keyword_id < 4368)
        Rows Removed by Filter: 2328214
  ->  Hash  (cost=127712.19..127712.19 rows=340817 width=8) (actual time=2517.008..2517.008 rows=187647 loops=1)
        Buckets: 131072  Batches: 8  Memory Usage: 1955kB
        ->  Hash Join  (cost=84171.54..127712.19 rows=340817 width=8) (actual time=1470.425..2462.181 rows=187647 loops=1)
              Hash Cond: (mi_idx.movie_id = t.id)
              ->  Seq Scan on movie_info_idx mi_idx  (cost=0.00..21735.35 rows=1380035 width=4) (actual time=0.015..484.045 rows=1380035 loops=1)
              ->  Hash  (cost=73925.90..73925.90 rows=624451 width=4) (actual time=1246.820..1246.820 rows=521141 loops=1)
                    Buckets: 131072  Batches: 16  Memory Usage: 2168kB
                    ->  Seq Scan on title t  (cost=0.00..73925.90 rows=624451 width=4) (actual time=0.023..1072.038 rows=521141 loops=1)
                          Filter: ((production_year < 2000) AND (kind_id = 7))
                          Rows Removed by Filter: 2007171
Planning time: 1.204 ms
Execution time: 5135.476 ms
