Hash Join  (cost=83126.54..896338.49 rows=240582 width=0) (actual time=4043.869..16632.130 rows=1010347 loops=1)
  Hash Cond: (ci.movie_id = t.id)
  ->  Seq Scan on cast_info ci  (cost=0.00..796071.18 rows=1084787 width=4) (actual time=2399.728..12644.336 rows=4190551 loops=1)
        Filter: ((person_id > 3290569) AND (role_id > 4))
        Rows Removed by Filter: 32053793
  ->  Hash  (cost=73925.90..73925.90 rows=560771 width=4) (actual time=1643.041..1643.041 rows=438714 loops=1)
        Buckets: 131072  Batches: 8  Memory Usage: 2965kB
        ->  Seq Scan on title t  (cost=0.00..73925.90 rows=560771 width=4) (actual time=560.157..1206.927 rows=438714 loops=1)
              Filter: ((production_year > 1967) AND (kind_id = 1))
              Rows Removed by Filter: 2089598
Planning time: 0.887 ms
Execution time: 16755.491 ms
