Hash Join  (cost=79405.47..159206.10 rows=344611 width=0) (actual time=3838.882..9392.202 rows=883871 loops=1)
  Hash Cond: (mc.movie_id = t.id)
  ->  Seq Scan on movie_companies mc  (cost=0.00..44881.29 rows=2609129 width=4) (actual time=0.013..3051.083 rows=2609129 loops=1)
  ->  Hash  (cost=73925.90..73925.90 rows=333965 width=4) (actual time=3837.983..3837.983 rows=411522 loops=1)
        Buckets: 131072  Batches: 8  Memory Usage: 2841kB
        ->  Seq Scan on title t  (cost=0.00..73925.90 rows=333965 width=4) (actual time=0.015..3636.872 rows=411522 loops=1)
              Filter: ((production_year < 2004) AND (kind_id = 1))
              Rows Removed by Filter: 2116790
Planning time: 1.000 ms
Execution time: 9509.288 ms
