Hash Join  (cost=73994.33..870105.58 rows=52006 width=0) (actual time=2404.033..20428.527 rows=92157 loops=1)
  Hash Cond: (ci.movie_id = t.id)
  ->  Seq Scan on cast_info ci  (cost=0.00..705507.15 rows=24022411 width=4) (actual time=1267.232..14615.834 rows=24130698 loops=1)
        Filter: (role_id < 4)
        Rows Removed by Filter: 12113646
  ->  Hash  (cost=73925.90..73925.90 rows=5474 width=4) (actual time=1136.214..1136.214 rows=10142 loops=1)
        Buckets: 16384 (originally 8192)  Batches: 1 (originally 1)  Memory Usage: 485kB
        ->  Seq Scan on title t  (cost=0.00..73925.90 rows=5474 width=4) (actual time=0.152..1131.112 rows=10142 loops=1)
              Filter: ((kind_id > 1) AND (production_year = 1973))
              Rows Removed by Filter: 2518170
Planning time: 0.799 ms
Execution time: 20444.838 ms
