Hash Join  (cost=101489.21..980394.44 rows=6436557 width=0) (actual time=2269.238..22057.805 rows=6567319 loops=1)
  Hash Cond: (ci.movie_id = t.id)
  ->  Seq Scan on cast_info ci  (cost=0.00..705507.15 rows=7880101 width=4) (actual time=269.911..12349.470 rows=7762401 loops=1)
        Filter: (person_id < 755272)
        Rows Removed by Filter: 28481943
  ->  Hash  (cost=67604.59..67604.59 rows=2065330 width=4) (actual time=1998.329..1998.329 rows=2064552 loops=1)
        Buckets: 131072  Batches: 32  Memory Usage: 3289kB
        ->  Seq Scan on title t  (cost=0.00..67604.59 rows=2065330 width=4) (actual time=0.031..1353.613 rows=2064552 loops=1)
              Filter: (production_year < 2011)
              Rows Removed by Filter: 463760
Planning time: 0.802 ms
Execution time: 22850.290 ms
