Hash Join  (cost=81308.15..213118.32 rows=805013 width=0) (actual time=1329.728..4986.371 rows=1167657 loops=1)
  Hash Cond: (mk.movie_id = t.id)
  ->  Seq Scan on movie_keyword mk  (cost=0.00..69693.30 rows=4523930 width=4) (actual time=0.014..1390.313 rows=4523930 loops=1)
  ->  Hash  (cost=73925.90..73925.90 rows=449940 width=4) (actual time=1329.025..1329.025 rows=352730 loops=1)
        Buckets: 131072  Batches: 8  Memory Usage: 2579kB
        ->  Seq Scan on title t  (cost=0.00..73925.90 rows=449940 width=4) (actual time=0.028..1204.419 rows=352730 loops=1)
              Filter: ((kind_id < 4) AND (production_year > 2001))
              Rows Removed by Filter: 2175582
Planning time: 0.773 ms
Execution time: 5138.145 ms
