Hash Join  (cost=83810.17..889565.34 rows=147093 width=0) (actual time=12562.131..13674.745 rows=127843 loops=1)
  Hash Cond: (ci.movie_id = t.id)
  ->  Seq Scan on cast_info ci  (cost=0.00..796071.18 rows=376549 width=4) (actual time=11108.599..11921.122 rows=296521 loops=1)
        Filter: ((person_id > 3166676) AND (role_id = 4))
        Rows Removed by Filter: 35947823
  ->  Hash  (cost=67604.59..67604.59 rows=987727 width=4) (actual time=1452.500..1452.500 rows=985048 loops=1)
        Buckets: 131072  Batches: 16  Memory Usage: 3188kB
        ->  Seq Scan on title t  (cost=0.00..67604.59 rows=987727 width=4) (actual time=0.049..1157.174 rows=985048 loops=1)
              Filter: (kind_id < 7)
              Rows Removed by Filter: 1543264
Planning time: 0.815 ms
Execution time: 13687.868 ms
