Hash Join  (cost=203413.53..639209.00 rows=1511778 width=0) (actual time=14788.274..43205.324 rows=24189281 loops=1)
  Hash Cond: (mi.movie_id = t.id)
  ->  Seq Scan on movie_info mi  (cost=0.00..346232.03 rows=6231111 width=4) (actual time=3332.213..20943.530 rows=6223494 loops=1)
        Filter: (info_type_id > 8)
        Rows Removed by Filter: 8612226
  ->  Hash  (cost=193348.22..193348.22 rows=613465 width=8) (actual time=11455.127..11455.127 rows=841430 loops=1)
        Buckets: 131072  Batches: 16  Memory Usage: 3159kB
        ->  Hash Join  (cost=80874.21..193348.22 rows=613465 width=8) (actual time=4566.048..11142.484 rows=841430 loops=1)
              Hash Cond: (mk.movie_id = t.id)
              ->  Seq Scan on movie_keyword mk  (cost=0.00..81003.12 rows=1917929 width=4) (actual time=0.031..4814.967 rows=1935385 loops=1)
                    Filter: (keyword_id < 3325)
                    Rows Removed by Filter: 2588545
              ->  Hash  (cost=67604.59..67604.59 rows=808770 width=4) (actual time=4565.203..4565.203 rows=812704 loops=1)
                    Buckets: 131072  Batches: 16  Memory Usage: 2819kB
                    ->  Seq Scan on title t  (cost=0.00..67604.59 rows=808770 width=4) (actual time=0.018..3902.570 rows=812704 loops=1)
                          Filter: (production_year < 1995)
                          Rows Removed by Filter: 1715608
Planning time: 1.212 ms
Execution time: 46588.087 ms
