Nested Loop  (cost=0.43..709671.90 rows=500 width=0) (actual time=2435.269..10478.329 rows=106 loops=1)
  ->  Seq Scan on cast_info ci  (cost=0.00..705507.15 rows=500 width=4) (actual time=2435.097..10474.724 rows=106 loops=1)
        Filter: (person_id = 935744)
        Rows Removed by Filter: 36244238
  ->  Index Only Scan using title_pkey on title t  (cost=0.43..8.32 rows=1 width=4) (actual time=0.032..0.032 rows=1 loops=106)
        Index Cond: (id = ci.movie_id)
        Heap Fetches: 106
Planning time: 0.567 ms
Execution time: 10478.421 ms
