Seq Scan on movie_keyword mk  (cost=0.00..81003.12 rows=926105 width=0) (actual time=0.015..1323.608 rows=926811 loops=1)
  Filter: (keyword_id > 20321)
  Rows Removed by Filter: 3597119
Planning time: 0.340 ms
Execution time: 1440.730 ms
