Hash Join  (cost=58375.81..423034.07 rows=233 width=0) (actual time=685.817..7518.099 rows=129 loops=1)
  Hash Cond: (mi.movie_id = t.id)
  ->  Seq Scan on movie_info mi  (cost=0.00..309384.22 rows=14739122 width=4) (actual time=0.012..4382.766 rows=14835720 loops=1)
  ->  Hash  (cost=58375.31..58375.31 rows=40 width=8) (actual time=621.762..621.762 rows=44 loops=1)
        Buckets: 1024  Batches: 1  Memory Usage: 10kB
        ->  Nested Loop  (cost=0.43..58375.31 rows=40 width=8) (actual time=350.310..621.731 rows=44 loops=1)
              ->  Seq Scan on movie_companies mc  (cost=0.00..57926.93 rows=53 width=4) (actual time=350.246..619.727 rows=83 loops=1)
                    Filter: ((company_id = 9268) AND (company_type_id = 2))
                    Rows Removed by Filter: 2609046
              ->  Index Scan using title_pkey on title t  (cost=0.43..8.45 rows=1 width=4) (actual time=0.023..0.023 rows=1 loops=83)
                    Index Cond: (id = mc.movie_id)
                    Filter: (production_year < 2010)
                    Rows Removed by Filter: 0
Planning time: 1.238 ms
Execution time: 7518.321 ms
