Hash Join  (cost=67764.72..820389.29 rows=183540 width=0) (actual time=1095.778..19398.449 rows=210569 loops=1)
  Hash Cond: (ci.movie_id = t.id)
  ->  Seq Scan on cast_info ci  (cost=0.00..614943.12 rows=36225612 width=4) (actual time=0.020..9408.462 rows=36244344 loops=1)
  ->  Hash  (cost=67604.59..67604.59 rows=12811 width=4) (actual time=1094.118..1094.118 rows=12600 loops=1)
        Buckets: 16384  Batches: 1  Memory Usage: 571kB
        ->  Seq Scan on title t  (cost=0.00..67604.59 rows=12811 width=4) (actual time=0.029..1088.824 rows=12600 loops=1)
              Filter: (kind_id = 6)
              Rows Removed by Filter: 2515712
Planning time: 0.747 ms
Execution time: 19432.042 ms
