Hash Join  (cost=230527.79..722888.55 rows=4700606 width=0) (actual time=5386.650..20234.956 rows=15134130 loops=1)
  Hash Cond: (mi.movie_id = t.id)
  ->  Seq Scan on movie_info mi  (cost=0.00..346232.03 rows=7235534 width=4) (actual time=0.022..6817.102 rows=7286865 loops=1)
        Filter: (info_type_id < 8)
        Rows Removed by Filter: 7548855
  ->  Hash  (cost=203577.39..203577.39 rows=1642672 width=8) (actual time=5385.674..5385.674 rows=1632406 loops=1)
        Buckets: 131072  Batches: 32  Memory Usage: 3057kB
        ->  Hash Join  (cost=102767.86..203577.39 rows=1642672 width=8) (actual time=1913.547..4886.628 rows=1632406 loops=1)
              Hash Cond: (mc.movie_id = t.id)
              ->  Seq Scan on movie_companies mc  (cost=0.00..51404.11 rows=1642672 width=4) (actual time=0.015..1129.271 rows=1632406 loops=1)
                    Filter: (company_id < 17466)
                    Rows Removed by Filter: 976723
              ->  Hash  (cost=61283.27..61283.27 rows=2528527 width=4) (actual time=1912.572..1912.572 rows=2528312 loops=1)
                    Buckets: 131072  Batches: 64  Memory Usage: 2415kB
                    ->  Seq Scan on title t  (cost=0.00..61283.27 rows=2528527 width=4) (actual time=0.036..1077.287 rows=2528312 loops=1)
Planning time: 1.186 ms
Execution time: 21913.269 ms
