Nested Loop  (cost=72397.51..180488.14 rows=5418 width=0) (actual time=1414.105..3485.832 rows=73490 loops=1)
  ->  Hash Join  (cost=72397.08..163452.32 rows=28481 width=8) (actual time=1414.007..2868.089 rows=73490 loops=1)
        Hash Cond: (mk.movie_id = mc.movie_id)
        ->  Seq Scan on movie_keyword mk  (cost=0.00..81003.12 rows=10707 width=4) (actual time=0.021..1205.705 rows=10307 loops=1)
              Filter: (keyword_id = 870)
              Rows Removed by Filter: 4513623
        ->  Hash  (cost=51404.11..51404.11 rows=1279517 width=4) (actual time=1408.443..1408.443 rows=1274246 loops=1)
              Buckets: 131072  Batches: 32  Memory Usage: 2474kB
              ->  Seq Scan on movie_companies mc  (cost=0.00..51404.11 rows=1279517 width=4) (actual time=209.204..990.300 rows=1274246 loops=1)
                    Filter: (company_type_id < 2)
                    Rows Removed by Filter: 1334883
  ->  Index Only Scan using title_pkey on title t  (cost=0.43..0.59 rows=1 width=4) (actual time=0.008..0.008 rows=1 loops=73490)
        Index Cond: (id = mc.movie_id)
        Heap Fetches: 73490
Planning time: 1.204 ms
Execution time: 3498.136 ms
