Hash Join  (cost=102767.86..203122.36 rows=1623778 width=0) (actual time=2014.882..4741.232 rows=1623245 loops=1)
  Hash Cond: (mc.movie_id = t.id)
  ->  Seq Scan on movie_companies mc  (cost=0.00..51404.11 rows=1623778 width=4) (actual time=0.021..1058.380 rows=1623245 loops=1)
        Filter: (company_id > 4521)
        Rows Removed by Filter: 985884
  ->  Hash  (cost=61283.27..61283.27 rows=2528527 width=4) (actual time=2012.945..2012.945 rows=2528312 loops=1)
        Buckets: 131072  Batches: 64  Memory Usage: 2415kB
        ->  Seq Scan on title t  (cost=0.00..61283.27 rows=2528527 width=4) (actual time=0.016..1149.156 rows=2528312 loops=1)
Planning time: 0.782 ms
Execution time: 4931.229 ms
