Hash Join  (cost=206518.73..1351519.05 rows=6416510 width=0) (actual time=5272.403..41586.158 rows=24564866 loops=1)
  Hash Cond: (ci.movie_id = t.id)
  ->  Seq Scan on cast_info ci  (cost=0.00..614943.12 rows=36225612 width=4) (actual time=0.013..13316.538 rows=36244344 loops=1)
  ->  Hash  (cost=199170.36..199170.36 rows=447869 width=8) (actual time=5270.550..5270.550 rows=742852 loops=1)
        Buckets: 131072 (originally 131072)  Batches: 16 (originally 8)  Memory Usage: 3073kB
        ->  Hash Join  (cost=71711.64..199170.36 rows=447869 width=8) (actual time=1272.540..5047.487 rows=742852 loops=1)
              Hash Cond: (mk.movie_id = t.id)
              ->  Seq Scan on movie_keyword mk  (cost=0.00..69693.30 rows=4523930 width=4) (actual time=0.023..1413.081 rows=4523930 loops=1)
              ->  Hash  (cost=67604.59..67604.59 rows=250324 width=4) (actual time=1271.495..1271.495 rows=252521 loops=1)
                    Buckets: 131072  Batches: 4  Memory Usage: 3250kB
                    ->  Seq Scan on title t  (cost=0.00..67604.59 rows=250324 width=4) (actual time=0.027..1186.009 rows=252521 loops=1)
                          Filter: (production_year < 1961)
                          Rows Removed by Filter: 2275791
Planning time: 1.913 ms
Execution time: 44346.924 ms
