Seq Scan on movie_keyword mk  (cost=0.00..81003.12 rows=2350128 width=0) (actual time=0.007..1470.889 rows=2347817 loops=1)
  Filter: (keyword_id > 4255)
  Rows Removed by Filter: 2176113
Planning time: 0.312 ms
Execution time: 1750.719 ms
