Seq Scan on movie_keyword mk  (cost=0.00..81003.12 rows=2599562 width=0) (actual time=0.024..1535.580 rows=2580565 loops=1)
  Filter: (keyword_id > 3344)
  Rows Removed by Filter: 1943365
Planning time: 0.355 ms
Execution time: 1865.411 ms
