Seq Scan on title t  (cost=0.00..73925.90 rows=225202 width=94) (actual time=0.019..1427.934 rows=334539 loops=1)
  Filter: ((kind_id < 7) AND (production_year < 1984))
  Rows Removed by Filter: 2193773
Planning time: 1.110 ms
Execution time: 1446.995 ms
