Seq Scan on movie_companies mc  (cost=0.00..57926.93 rows=474874 width=0) (actual time=0.030..901.227 rows=169625 loops=1)
  Filter: ((company_id > 17403) AND (company_type_id < 2))
  Rows Removed by Filter: 2439504
Planning time: 0.380 ms
Execution time: 923.327 ms
