Seq Scan on cast_info ci  (cost=0.00..796071.18 rows=27282900 width=0) (actual time=0.020..17927.095 rows=27108932 loops=1)
  Filter: ((person_id > 345331) AND (role_id < 9))
  Rows Removed by Filter: 9135412
Planning time: 0.373 ms
Execution time: 21302.028 ms
