Hash Join  (cost=212555.84..359829.07 rows=2074219 width=0) (actual time=4987.186..13360.116 rows=23418286 loops=1)
  Hash Cond: (mk.movie_id = t.id)
  ->  Seq Scan on movie_keyword mk  (cost=0.00..69693.30 rows=4523930 width=4) (actual time=0.015..1499.673 rows=4523930 loops=1)
  ->  Hash  (cost=193535.24..193535.24 rows=1159328 width=8) (actual time=4986.216..4986.216 rows=1067700 loops=1)
        Buckets: 131072  Batches: 16  Memory Usage: 3682kB
        ->  Hash Join  (cost=105192.26..193535.24 rows=1159328 width=8) (actual time=2164.822..4645.191 rows=1067700 loops=1)
              Hash Cond: (mc.movie_id = t.id)
              ->  Seq Scan on movie_companies mc  (cost=0.00..51404.11 rows=1279517 width=4) (actual time=0.014..1057.339 rows=1274246 loops=1)
                    Filter: (company_type_id = 1)
                    Rows Removed by Filter: 1334883
              ->  Hash  (cost=67604.59..67604.59 rows=2291014 width=4) (actual time=2163.314..2163.314 rows=2281608 loops=1)
                    Buckets: 131072  Batches: 32  Memory Usage: 3535kB
                    ->  Seq Scan on title t  (cost=0.00..67604.59 rows=2291014 width=4) (actual time=0.014..1421.049 rows=2281608 loops=1)
                          Filter: (production_year > 1951)
                          Rows Removed by Filter: 246704
Planning time: 0.766 ms
Execution time: 15749.371 ms
