Seq Scan on movie_keyword mk  (cost=0.00..81003.12 rows=246 width=0) (actual time=4.198..1219.985 rows=135 loops=1)
  Filter: (keyword_id = 73938)
  Rows Removed by Filter: 4523795
Planning time: 0.381 ms
Execution time: 1220.187 ms
