Hash Join  (cost=132963.89..1021843.55 rows=999680 width=0) (actual time=3012.338..18476.095 rows=1379046 loops=1)
  Hash Cond: (ci.movie_id = t.id)
  ->  Seq Scan on cast_info ci  (cost=0.00..796071.18 rows=7040718 width=4) (actual time=0.015..13321.770 rows=3007647 loops=1)
        Filter: ((person_id < 1052841) AND (role_id > 1))
        Rows Removed by Filter: 33236697
  ->  Hash  (cost=127073.22..127073.22 rows=359014 width=8) (actual time=3011.239..3011.239 rows=636298 loops=1)
        Buckets: 131072 (originally 131072)  Batches: 16 (originally 8)  Memory Usage: 3073kB
        ->  Hash Join  (cost=83810.17..127073.22 rows=359014 width=8) (actual time=1504.472..2827.341 rows=636298 loops=1)
              Hash Cond: (mi_idx.movie_id = t.id)
              ->  Seq Scan on movie_info_idx mi_idx  (cost=0.00..25185.44 rows=919057 width=4) (actual time=0.022..506.910 rows=920110 loops=1)
                    Filter: (info_type_id > 99)
                    Rows Removed by Filter: 459925
              ->  Hash  (cost=67604.59..67604.59 rows=987727 width=4) (actual time=1503.791..1503.791 rows=985048 loops=1)
                    Buckets: 131072  Batches: 16  Memory Usage: 3188kB
                    ->  Seq Scan on title t  (cost=0.00..67604.59 rows=987727 width=4) (actual time=0.021..1199.048 rows=985048 loops=1)
                          Filter: (kind_id < 7)
                          Rows Removed by Filter: 1543264
Planning time: 0.778 ms
Execution time: 18633.185 ms
