Seq Scan on movie_keyword mk  (cost=0.00..81003.12 rows=1756211 width=0) (actual time=0.031..1461.372 rows=1758510 loops=1)
  Filter: (keyword_id > 7877)
  Rows Removed by Filter: 2765420
Planning time: 1.128 ms
Execution time: 1679.291 ms
