Hash Join  (cost=868417.71..1405378.06 rows=1903061 width=0) (actual time=17742.192..31480.275 rows=3517577 loops=1)
  Hash Cond: (mi.movie_id = t.id)
  ->  Seq Scan on movie_info mi  (cost=0.00..309384.22 rows=14739122 width=4) (actual time=0.024..6054.445 rows=14835720 loops=1)
  ->  Hash  (cost=863060.79..863060.79 rows=326474 width=8) (actual time=17738.905..17738.905 rows=404343 loops=1)
        Buckets: 131072  Batches: 8  Memory Usage: 3004kB
        ->  Hash Join  (cost=69460.45..863060.79 rows=326474 width=8) (actual time=4984.232..17590.843 rows=404343 loops=1)
              Hash Cond: (ci.movie_id = t.id)
              ->  Seq Scan on cast_info ci  (cost=0.00..705507.15 rows=7298253 width=4) (actual time=3750.739..13385.520 rows=7451973 loops=1)
                    Filter: (role_id = 2)
                    Rows Removed by Filter: 28792371
              ->  Hash  (cost=67604.59..67604.59 rows=113109 width=4) (actual time=1232.598..1232.598 rows=119565 loops=1)
                    Buckets: 131072  Batches: 2  Memory Usage: 3115kB
                    ->  Seq Scan on title t  (cost=0.00..67604.59 rows=113109 width=4) (actual time=0.036..1188.084 rows=119565 loops=1)
                          Filter: (production_year = 2007)
                          Rows Removed by Filter: 2408747
Planning time: 1.222 ms
Execution time: 31863.577 ms
