Hash Join  (cost=87642.27..1244487.34 rows=11977591 width=0) (actual time=1564.430..35655.101 rows=9724106 loops=1)
  Hash Cond: (ci.movie_id = t.id)
  ->  Seq Scan on cast_info ci  (cost=0.00..614943.12 rows=36225612 width=4) (actual time=0.013..13661.745 rows=36244344 loops=1)
  ->  Hash  (cost=73925.90..73925.90 rows=836029 width=4) (actual time=1563.630..1563.630 rows=742319 loops=1)
        Buckets: 131072  Batches: 16  Memory Usage: 2657kB
        ->  Seq Scan on title t  (cost=0.00..73925.90 rows=836029 width=4) (actual time=0.023..1322.772 rows=742319 loops=1)
              Filter: ((kind_id > 1) AND (production_year < 2002))
              Rows Removed by Filter: 1785993
Planning time: 0.821 ms
Execution time: 36727.065 ms
