Hash Join  (cost=102767.86..294936.76 rows=4209340 width=0) (actual time=2362.484..7658.764 rows=4212108 loops=1)
  Hash Cond: (mk.movie_id = t.id)
  ->  Seq Scan on movie_keyword mk  (cost=0.00..81003.12 rows=4209340 width=4) (actual time=0.027..1834.409 rows=4212108 loops=1)
        Filter: (keyword_id < 52334)
        Rows Removed by Filter: 311822
  ->  Hash  (cost=61283.27..61283.27 rows=2528527 width=4) (actual time=2359.672..2359.672 rows=2528312 loops=1)
        Buckets: 131072  Batches: 64  Memory Usage: 2425kB
        ->  Seq Scan on title t  (cost=0.00..61283.27 rows=2528527 width=4) (actual time=0.016..1196.917 rows=2528312 loops=1)
Planning time: 3.525 ms
Execution time: 8109.839 ms
