Nested Loop  (cost=0.43..58375.18 rows=53 width=0) (actual time=47.058..722.412 rows=6 loops=1)
  ->  Seq Scan on movie_companies mc  (cost=0.00..57926.93 rows=53 width=4) (actual time=46.991..722.065 rows=6 loops=1)
        Filter: ((company_id = 50598) AND (company_type_id = 2))
        Rows Removed by Filter: 2609123
  ->  Index Only Scan using title_pkey on title t  (cost=0.43..8.45 rows=1 width=4) (actual time=0.051..0.052 rows=1 loops=6)
        Index Cond: (id = mc.movie_id)
        Heap Fetches: 6
Planning time: 0.781 ms
Execution time: 722.488 ms
