Seq Scan on cast_info ci  (cost=0.00..796071.18 rows=15226676 width=0) (actual time=703.077..15329.253 rows=20048268 loops=1)
  Filter: ((person_id > 1253593) AND (role_id > 1))
  Rows Removed by Filter: 16196076
Planning time: 0.353 ms
Execution time: 17798.003 ms
