Seq Scan on cast_info ci  (cost=0.00..705507.15 rows=5859506 width=0) (actual time=1516.323..11549.607 rows=5889942 loops=1)
  Filter: (person_id > 3055348)
  Rows Removed by Filter: 30354402
Planning time: 0.379 ms
Execution time: 12252.337 ms
