Hash Join  (cost=86956.38..173304.05 rows=819515 width=0) (actual time=1399.156..4018.333 rows=1319776 loops=1)
  Hash Cond: (mc.movie_id = t.id)
  ->  Seq Scan on movie_companies mc  (cost=0.00..44881.29 rows=2609129 width=4) (actual time=0.009..946.760 rows=2609129 loops=1)
  ->  Hash  (cost=73925.90..73925.90 rows=794198 width=4) (actual time=1398.365..1398.365 rows=707863 loops=1)
        Buckets: 131072  Batches: 16  Memory Usage: 2579kB
        ->  Seq Scan on title t  (cost=0.00..73925.90 rows=794198 width=4) (actual time=0.016..1171.635 rows=707863 loops=1)
              Filter: ((kind_id < 7) AND (production_year > 1973))
              Rows Removed by Filter: 1820449
Planning time: 0.444 ms
Execution time: 4174.829 ms
