Hash Join  (cost=139383.78..266940.60 rows=455879 width=0) (actual time=4700.575..6296.043 rows=367097 loops=1)
  Hash Cond: (mk.movie_id = t.id)
  ->  Seq Scan on movie_keyword mk  (cost=0.00..69693.30 rows=4523930 width=4) (actual time=0.028..1444.917 rows=4523930 loops=1)
  ->  Hash  (cost=135202.76..135202.76 rows=254801 width=8) (actual time=3171.776..3171.776 rows=141039 loops=1)
        Buckets: 131072  Batches: 4  Memory Usage: 2405kB
        ->  Hash Join  (cost=96679.19..135202.76 rows=254801 width=8) (actual time=2344.954..3121.818 rows=141039 loops=1)
              Hash Cond: (mi_idx.movie_id = t.id)
              ->  Seq Scan on movie_info_idx mi_idx  (cost=0.00..25185.44 rows=464566 width=4) (actual time=0.025..542.703 rows=459925 loops=1)
                    Filter: (info_type_id = 101)
                    Rows Removed by Filter: 920110
              ->  Hash  (cost=73925.90..73925.90 rows=1386823 width=4) (actual time=2045.582..2045.582 rows=1464545 loops=1)
                    Buckets: 131072  Batches: 32  Memory Usage: 2635kB
                    ->  Seq Scan on title t  (cost=0.00..73925.90 rows=1386823 width=4) (actual time=0.029..1569.597 rows=1464545 loops=1)
                          Filter: ((production_year > 1953) AND (kind_id = 7))
                          Rows Removed by Filter: 1063767
Planning time: 1.191 ms
Execution time: 6336.148 ms
