Seq Scan on movie_companies mc  (cost=0.00..57926.93 rows=661310 width=0) (actual time=0.020..3215.355 rows=899720 loops=1)
  Filter: ((company_id < 11428) AND (company_type_id = 1))
  Rows Removed by Filter: 1709409
Planning time: 0.406 ms
Execution time: 3370.533 ms
