Seq Scan on cast_info ci  (cost=0.00..705507.15 rows=500 width=0) (actual time=861.323..10938.431 rows=95 loops=1)
  Filter: (person_id = 39849)
  Rows Removed by Filter: 36244249
Planning time: 1.257 ms
Execution time: 10938.529 ms
