Hash Join  (cost=74456.32..101598.39 rows=23159 width=0) (actual time=1208.366..1790.947 rows=25731 loops=1)
  Hash Cond: (mi_idx.movie_id = t.id)
  ->  Seq Scan on movie_info_idx mi_idx  (cost=0.00..21735.35 rows=1380035 width=4) (actual time=0.028..275.463 rows=1380035 loops=1)
  ->  Hash  (cost=73925.90..73925.90 rows=42433 width=4) (actual time=1207.952..1207.952 rows=37411 loops=1)
        Buckets: 65536  Batches: 1  Memory Usage: 1828kB
        ->  Seq Scan on title t  (cost=0.00..73925.90 rows=42433 width=4) (actual time=204.006..1193.280 rows=37411 loops=1)
              Filter: ((kind_id = 1) AND (production_year = 2011))
              Rows Removed by Filter: 2490901
Planning time: 0.731 ms
Execution time: 1794.303 ms
