Hash Join  (cost=102767.86..952437.91 rows=1816915 width=0) (actual time=6914.796..16415.778 rows=591378 loops=1)
  Hash Cond: (ci.movie_id = t.id)
  ->  Seq Scan on cast_info ci  (cost=0.00..796071.18 rows=1816915 width=4) (actual time=4908.043..13547.509 rows=591378 loops=1)
        Filter: ((person_id < 1490675) AND (role_id = 10))
        Rows Removed by Filter: 35652966
  ->  Hash  (cost=61283.27..61283.27 rows=2528527 width=4) (actual time=2005.713..2005.713 rows=2528312 loops=1)
        Buckets: 131072  Batches: 64  Memory Usage: 2415kB
        ->  Seq Scan on title t  (cost=0.00..61283.27 rows=2528527 width=4) (actual time=0.015..1132.134 rows=2528312 loops=1)
Planning time: 0.780 ms
Execution time: 16485.687 ms
