Hash Join  (cost=101681.02..188502.61 rows=16355 width=0) (actual time=1765.925..3509.793 rows=42112 loops=1)
  Hash Cond: (mk.movie_id = t.id)
  ->  Seq Scan on movie_keyword mk  (cost=0.00..69693.30 rows=4523930 width=4) (actual time=0.022..956.500 rows=4523930 loops=1)
  ->  Hash  (cost=101566.76..101566.76 rows=9141 width=8) (actual time=1765.371..1765.371 rows=9680 loops=1)
        Buckets: 16384  Batches: 1  Memory Usage: 507kB
        ->  Hash Join  (cost=74547.79..101566.76 rows=9141 width=8) (actual time=1252.583..1761.718 rows=9680 loops=1)
              Hash Cond: (mi_idx.movie_id = t.id)
              ->  Seq Scan on movie_info_idx mi_idx  (cost=0.00..25185.44 rows=464566 width=4) (actual time=0.031..377.781 rows=459925 loops=1)
                    Filter: (info_type_id = 101)
                    Rows Removed by Filter: 920110
              ->  Hash  (cost=73925.90..73925.90 rows=49751 width=4) (actual time=1252.222..1252.222 rows=56995 loops=1)
                    Buckets: 65536  Batches: 1  Memory Usage: 2516kB
                    ->  Seq Scan on title t  (cost=0.00..73925.90 rows=49751 width=4) (actual time=0.030..1228.502 rows=56995 loops=1)
                          Filter: ((kind_id > 1) AND (production_year = 2003))
                          Rows Removed by Filter: 2471317
Planning time: 1.220 ms
Execution time: 3515.108 ms
