Seq Scan on cast_info ci  (cost=0.00..705507.15 rows=15397427 width=0) (actual time=0.012..11864.355 rows=15276201 loops=1)
  Filter: (person_id < 1504450)
  Rows Removed by Filter: 20968143
Planning time: 0.367 ms
Execution time: 13741.394 ms
