Seq Scan on movie_keyword mk  (cost=0.00..81003.12 rows=3269522 width=0) (actual time=0.026..1528.058 rows=3258011 loops=1)
  Filter: (keyword_id < 14116)
  Rows Removed by Filter: 1265919
Planning time: 0.339 ms
Execution time: 1941.712 ms
