Nested Loop  (cost=0.43..52283.95 rows=4 width=0) (actual time=616.561..784.163 rows=1 loops=1)
  ->  Seq Scan on movie_companies mc  (cost=0.00..51404.11 rows=104 width=4) (actual time=7.991..767.965 rows=664 loops=1)
        Filter: (company_id = 2507)
        Rows Removed by Filter: 2608465
  ->  Index Scan using title_pkey on title t  (cost=0.43..8.45 rows=1 width=4) (actual time=0.024..0.024 rows=0 loops=664)
        Index Cond: (id = mc.movie_id)
        Filter: (production_year = 2005)
        Rows Removed by Filter: 1
Planning time: 0.783 ms
Execution time: 784.244 ms
