Hash Join  (cost=103574.60..163522.95 rows=1196582 width=0) (actual time=2008.054..3766.639 rows=1225374 loops=1)
  Hash Cond: (mi_idx.movie_id = t.id)
  ->  Seq Scan on movie_info_idx mi_idx  (cost=0.00..21735.35 rows=1380035 width=4) (actual time=0.025..458.209 rows=1380035 loops=1)
  ->  Hash  (cost=67604.59..67604.59 rows=2192401 width=4) (actual time=2007.157..2007.157 rows=2182316 loops=1)
        Buckets: 131072  Batches: 32  Memory Usage: 3425kB
        ->  Seq Scan on title t  (cost=0.00..67604.59 rows=2192401 width=4) (actual time=0.028..1316.405 rows=2182316 loops=1)
              Filter: (production_year > 1962)
              Rows Removed by Filter: 345996
Planning time: 4.611 ms
Execution time: 3902.593 ms
