Seq Scan on movie_companies mc  (cost=0.00..51404.11 rows=1882404 width=0) (actual time=0.016..664.969 rows=1890251 loops=1)
  Filter: (company_id > 1395)
  Rows Removed by Filter: 718878
Planning time: 0.356 ms
Execution time: 828.141 ms
