Hash Join  (cost=205472.99..1321758.64 rows=3621251 width=0) (actual time=3925.403..31861.499 rows=1533377 loops=1)
  Hash Cond: (ci.movie_id = t.id)
  ->  Seq Scan on cast_info ci  (cost=0.00..614943.12 rows=36225612 width=4) (actual time=0.019..13127.741 rows=36244344 loops=1)
  ->  Hash  (cost=201325.48..201325.48 rows=252761 width=8) (actual time=3924.393..3924.393 rows=39663 loops=1)
        Buckets: 131072  Batches: 4  Memory Usage: 1408kB
        ->  Hash Join  (cost=76243.83..201325.48 rows=252761 width=8) (actual time=2640.630..3911.611 rows=39663 loops=1)
              Hash Cond: (mk.movie_id = t.id)
              ->  Seq Scan on movie_keyword mk  (cost=0.00..69693.30 rows=4523930 width=4) (actual time=0.027..1435.955 rows=4523930 loops=1)
              ->  Hash  (cost=73925.90..73925.90 rows=141274 width=4) (actual time=1134.603..1134.603 rows=150659 loops=1)
                    Buckets: 131072  Batches: 2  Memory Usage: 3679kB
                    ->  Seq Scan on title t  (cost=0.00..73925.90 rows=141274 width=4) (actual time=345.004..1083.240 rows=150659 loops=1)
                          Filter: ((production_year > 2011) AND (kind_id = 7))
                          Rows Removed by Filter: 2377653
Planning time: 1.242 ms
Execution time: 32046.045 ms
