Seq Scan on movie_keyword mk  (cost=0.00..81003.12 rows=3335554 width=0) (actual time=0.009..1463.587 rows=3326334 loops=1)
  Filter: (keyword_id < 15381)
  Rows Removed by Filter: 1197596
Planning time: 0.343 ms
Execution time: 1893.941 ms
