Hash Join  (cost=80874.21..1233707.96 rows=11587058 width=0) (actual time=1491.725..36509.465 rows=10701947 loops=1)
  Hash Cond: (ci.movie_id = t.id)
  ->  Seq Scan on cast_info ci  (cost=0.00..614943.12 rows=36225612 width=4) (actual time=0.012..13065.846 rows=36244344 loops=1)
  ->  Hash  (cost=67604.59..67604.59 rows=808770 width=4) (actual time=1490.691..1490.691 rows=812704 loops=1)
        Buckets: 131072  Batches: 16  Memory Usage: 2812kB
        ->  Seq Scan on title t  (cost=0.00..67604.59 rows=808770 width=4) (actual time=0.010..1210.585 rows=812704 loops=1)
              Filter: (production_year < 1995)
              Rows Removed by Filter: 1715608
Planning time: 0.762 ms
Execution time: 37724.204 ms
