Hash Join  (cost=92883.59..686947.71 rows=8981529 width=0) (actual time=5399.419..41134.443 rows=3963336 loops=1)
  Hash Cond: (mi.movie_id = t.id)
  ->  Seq Scan on movie_info mi  (cost=0.00..309384.22 rows=14739122 width=4) (actual time=0.015..21104.461 rows=14835720 loops=1)
  ->  Hash  (cost=67604.59..67604.59 rows=1540800 width=4) (actual time=5309.991..5309.991 rows=1543264 loops=1)
        Buckets: 131072  Batches: 32  Memory Usage: 2728kB
        ->  Seq Scan on title t  (cost=0.00..67604.59 rows=1540800 width=4) (actual time=0.013..3914.358 rows=1543264 loops=1)
              Filter: (kind_id > 6)
              Rows Removed by Filter: 985048
Planning time: 3.842 ms
Execution time: 41706.417 ms
