Hash Join  (cost=184937.74..671341.86 rows=618318 width=0) (actual time=3436.845..14216.917 rows=239744 loops=1)
  Hash Cond: (mi.movie_id = t.id)
  ->  Seq Scan on movie_info mi  (cost=0.00..309384.22 rows=14739122 width=4) (actual time=0.010..5754.704 rows=14835720 loops=1)
  ->  Hash  (cost=183196.81..183196.81 rows=106074 width=8) (actual time=3294.709..3294.709 rows=29340 loops=1)
        Buckets: 131072  Batches: 2  Memory Usage: 1608kB
        ->  Hash Join  (cost=92883.59..183196.81 rows=106074 width=8) (actual time=2549.523..3284.473 rows=29340 loops=1)
              Hash Cond: (mk.movie_id = t.id)
              ->  Seq Scan on movie_keyword mk  (cost=0.00..81003.12 rows=174072 width=4) (actual time=0.023..1235.408 rows=188777 loops=1)
                    Filter: (keyword_id < 137)
                    Rows Removed by Filter: 4335153
              ->  Hash  (cost=67604.59..67604.59 rows=1540800 width=4) (actual time=1727.242..1727.242 rows=1543264 loops=1)
                    Buckets: 131072  Batches: 32  Memory Usage: 2728kB
                    ->  Seq Scan on title t  (cost=0.00..67604.59 rows=1540800 width=4) (actual time=0.020..1191.107 rows=1543264 loops=1)
                          Filter: (kind_id = 7)
                          Rows Removed by Filter: 985048
Planning time: 1.115 ms
Execution time: 14246.923 ms
