Seq Scan on movie_keyword mk  (cost=0.00..81003.12 rows=2304672 width=0) (actual time=0.014..1550.832 rows=2307633 loops=1)
  Filter: (keyword_id > 4509)
  Rows Removed by Filter: 2216297
Planning time: 0.253 ms
Execution time: 1830.467 ms
