Nested Loop  (cost=0.43..58358.27 rows=51 width=0) (actual time=395.946..892.508 rows=235 loops=1)
  ->  Seq Scan on movie_companies mc  (cost=0.00..57926.93 rows=51 width=4) (actual time=395.867..881.392 rows=235 loops=1)
        Filter: ((company_type_id < 2) AND (company_id = 16734))
        Rows Removed by Filter: 2608894
  ->  Index Only Scan using title_pkey on title t  (cost=0.43..8.45 rows=1 width=4) (actual time=0.046..0.046 rows=1 loops=235)
        Index Cond: (id = mc.movie_id)
        Heap Fetches: 235
Planning time: 0.794 ms
Execution time: 892.675 ms
