Seq Scan on movie_keyword mk  (cost=0.00..81003.12 rows=246 width=0) (actual time=19.897..1270.670 rows=11 loops=1)
  Filter: (keyword_id = 61977)
  Rows Removed by Filter: 4523919
Planning time: 2.168 ms
Execution time: 1270.772 ms
