Seq Scan on cast_info ci  (cost=0.00..796071.18 rows=1367061 width=0) (actual time=6803.435..12724.900 rows=1495658 loops=1)
  Filter: ((person_id > 1784091) AND (role_id = 4))
  Rows Removed by Filter: 34748686
Planning time: 0.428 ms
Execution time: 12909.881 ms
