Seq Scan on movie_companies mc  (cost=0.00..57926.93 rows=435645 width=0) (actual time=0.025..902.940 rows=760738 loops=1)
  Filter: ((company_id > 24164) AND (company_type_id = 2))
  Rows Removed by Filter: 1848391
Planning time: 0.439 ms
Execution time: 997.780 ms
