Hash Join  (cost=102767.86..178620.78 rows=605465 width=0) (actual time=1940.777..3689.883 rows=601170 loops=1)
  Hash Cond: (mc.movie_id = t.id)
  ->  Seq Scan on movie_companies mc  (cost=0.00..51404.11 rows=605465 width=4) (actual time=0.017..842.288 rows=601170 loops=1)
        Filter: (company_id < 689)
        Rows Removed by Filter: 2007959
  ->  Hash  (cost=61283.27..61283.27 rows=2528527 width=4) (actual time=1939.749..1939.749 rows=2528312 loops=1)
        Buckets: 131072  Batches: 64  Memory Usage: 2415kB
        ->  Seq Scan on title t  (cost=0.00..61283.27 rows=2528527 width=4) (actual time=0.016..1077.526 rows=2528312 loops=1)
Planning time: 0.745 ms
Execution time: 3764.468 ms
