Seq Scan on cast_info ci  (cost=0.00..796071.18 rows=3922346 width=0) (actual time=6488.741..14209.170 rows=7449191 loops=1)
  Filter: ((person_id > 1644665) AND (role_id = 2))
  Rows Removed by Filter: 28795153
Planning time: 0.315 ms
Execution time: 15114.983 ms
