Seq Scan on title t  (cost=0.00..73925.90 rows=380387 width=0) (actual time=0.016..1136.968 rows=484820 loops=1)
  Filter: ((kind_id < 7) AND (production_year < 1999))
  Rows Removed by Filter: 2043492
Planning time: 0.352 ms
Execution time: 1200.581 ms
