Hash Join  (cost=709678.15..796345.14 rows=895 width=0) (actual time=11744.299..12342.618 rows=8 loops=1)
  Hash Cond: (mk.movie_id = t.id)
  ->  Seq Scan on movie_keyword mk  (cost=0.00..69693.30 rows=4523930 width=4) (actual time=0.014..994.416 rows=4523930 loops=1)
  ->  Hash  (cost=709671.90..709671.90 rows=500 width=8) (actual time=10559.542..10559.542 rows=679 loops=1)
        Buckets: 1024  Batches: 1  Memory Usage: 35kB
        ->  Nested Loop  (cost=0.43..709671.90 rows=500 width=8) (actual time=9116.194..10559.277 rows=679 loops=1)
              ->  Seq Scan on cast_info ci  (cost=0.00..705507.15 rows=500 width=4) (actual time=9115.970..10550.854 rows=679 loops=1)
                    Filter: (person_id = 4002964)
                    Rows Removed by Filter: 36243665
              ->  Index Only Scan using title_pkey on title t  (cost=0.43..8.32 rows=1 width=4) (actual time=0.011..0.012 rows=1 loops=679)
                    Index Cond: (id = ci.movie_id)
                    Heap Fetches: 679
Planning time: 1.202 ms
Execution time: 12342.710 ms
