Hash Join  (cost=83074.74..139466.19 rows=129 width=0) (actual time=1411.935..2418.477 rows=2631 loops=1)
  Hash Cond: (mc.movie_id = t.id)
  ->  Seq Scan on movie_companies mc  (cost=0.00..51404.11 rows=1329612 width=4) (actual time=12.828..845.279 rows=1334883 loops=1)
        Filter: (company_type_id = 2)
        Rows Removed by Filter: 1274246
  ->  Hash  (cost=83071.67..83071.67 rows=246 width=8) (actual time=1393.308..1393.308 rows=2392 loops=1)
        Buckets: 4096 (originally 1024)  Batches: 1 (originally 1)  Memory Usage: 126kB
        ->  Nested Loop  (cost=0.43..83071.67 rows=246 width=8) (actual time=0.152..1391.631 rows=2392 loops=1)
              ->  Seq Scan on movie_keyword mk  (cost=0.00..81003.12 rows=246 width=4) (actual time=0.083..1289.665 rows=2392 loops=1)
                    Filter: (keyword_id = 7773)
                    Rows Removed by Filter: 4521538
              ->  Index Only Scan using title_pkey on title t  (cost=0.43..8.40 rows=1 width=4) (actual time=0.041..0.042 rows=1 loops=2392)
                    Index Cond: (id = mk.movie_id)
                    Heap Fetches: 2392
Planning time: 1.238 ms
Execution time: 2419.044 ms
