Seq Scan on movie_companies mc  (cost=0.00..57926.93 rows=53 width=0) (actual time=352.764..793.810 rows=545 loops=1)
  Filter: ((company_type_id > 1) AND (company_id = 5503))
  Rows Removed by Filter: 2608584
Planning time: 0.484 ms
Execution time: 794.058 ms
