Hash Join  (cost=83568.99..126765.42 rows=320795 width=0) (actual time=1437.499..2632.320 rows=603038 loops=1)
  Hash Cond: (mi_idx.movie_id = t.id)
  ->  Seq Scan on movie_info_idx mi_idx  (cost=0.00..21735.35 rows=1380035 width=4) (actual time=0.022..479.299 rows=1380035 loops=1)
  ->  Hash  (cost=73925.90..73925.90 rows=587767 width=4) (actual time=1436.619..1436.619 rows=594730 loops=1)
        Buckets: 131072  Batches: 8  Memory Usage: 3648kB
        ->  Seq Scan on title t  (cost=0.00..73925.90 rows=587767 width=4) (actual time=48.889..1250.165 rows=594730 loops=1)
              Filter: ((production_year < 2012) AND (kind_id = 1))
              Rows Removed by Filter: 1933582
Planning time: 0.772 ms
Execution time: 2684.453 ms
