Hash Join  (cost=68257.79..154491.93 rows=27323 width=0) (actual time=1099.709..2799.845 rows=33546 loops=1)
  Hash Cond: (mk.movie_id = t.id)
  ->  Seq Scan on movie_keyword mk  (cost=0.00..81003.12 rows=1322076 width=4) (actual time=0.014..1413.931 rows=1336681 loops=1)
        Filter: (keyword_id < 1743)
        Rows Removed by Filter: 3187249
  ->  Hash  (cost=67604.59..67604.59 rows=52256 width=4) (actual time=1099.348..1099.348 rows=53013 loops=1)
        Buckets: 65536  Batches: 1  Memory Usage: 2376kB
        ->  Seq Scan on title t  (cost=0.00..67604.59 rows=52256 width=4) (actual time=0.023..1077.104 rows=53013 loops=1)
              Filter: (production_year = 2000)
              Rows Removed by Filter: 2475299
Planning time: 0.770 ms
Execution time: 2804.754 ms
