Hash Join  (cost=68237.77..123426.00 rows=52270 width=0) (actual time=3259.509..7321.968 rows=41638 loops=1)
  Hash Cond: (mc.movie_id = t.id)
  ->  Seq Scan on movie_companies mc  (cost=0.00..44881.29 rows=2609129 width=4) (actual time=0.010..3012.395 rows=2609129 loops=1)
  ->  Hash  (cost=67604.59..67604.59 rows=50655 width=4) (actual time=3259.159..3259.159 rows=50564 loops=1)
        Buckets: 65536  Batches: 1  Memory Usage: 2290kB
        ->  Seq Scan on title t  (cost=0.00..67604.59 rows=50655 width=4) (actual time=0.047..3236.926 rows=50564 loops=1)
              Filter: (production_year = 1999)
              Rows Removed by Filter: 2477748
Planning time: 0.748 ms
Execution time: 7329.290 ms
