Seq Scan on cast_info ci  (cost=0.00..705507.15 rows=22810072 width=0) (actual time=0.014..12239.395 rows=22867239 loops=1)
  Filter: (person_id > 1319390)
  Rows Removed by Filter: 13377105
Planning time: 0.351 ms
Execution time: 15057.446 ms
