Seq Scan on movie_companies mc  (cost=0.00..51404.11 rows=104 width=0) (actual time=201.279..811.789 rows=16 loops=1)
  Filter: (company_id = 23957)
  Rows Removed by Filter: 2609113
Planning time: 0.397 ms
Execution time: 811.878 ms
