Hash Join  (cost=146960.28..265150.32 rows=113995 width=0) (actual time=3926.891..6292.444 rows=590335 loops=1)
  Hash Cond: (mk.movie_id = t.id)
  ->  Seq Scan on movie_keyword mk  (cost=0.00..81003.12 rows=3085857 width=4) (actual time=0.014..1709.212 rows=3066125 loops=1)
        Filter: (keyword_id > 2053)
        Rows Removed by Filter: 1457805
  ->  Hash  (cost=145427.69..145427.69 rows=93407 width=8) (actual time=3262.889..3262.889 rows=194257 loops=1)
        Buckets: 131072 (originally 131072)  Batches: 4 (originally 2)  Memory Usage: 3073kB
        ->  Hash Join  (cost=69090.10..145427.69 rows=93407 width=8) (actual time=997.830..3189.149 rows=194257 loops=1)
              Hash Cond: (mc.movie_id = t.id)
              ->  Seq Scan on movie_companies mc  (cost=0.00..44881.29 rows=2609129 width=4) (actual time=0.026..879.455 rows=2609129 loops=1)
              ->  Hash  (cost=67604.59..67604.59 rows=90521 width=4) (actual time=996.951..996.951 rows=90852 loops=1)
                    Buckets: 131072  Batches: 2  Memory Usage: 2626kB
                    ->  Seq Scan on title t  (cost=0.00..67604.59 rows=90521 width=4) (actual time=234.376..964.156 rows=90852 loops=1)
                          Filter: (kind_id = 2)
                          Rows Removed by Filter: 2437460
Planning time: 1.103 ms
Execution time: 6364.305 ms
