Hash Join  (cost=58358.53..85269.03 rows=1 width=0) (actual time=1020.462..1466.601 rows=3 loops=1)
  Hash Cond: (mi_idx.movie_id = t.id)
  ->  Seq Scan on movie_info_idx mi_idx  (cost=0.00..21735.35 rows=1380035 width=4) (actual time=0.018..354.034 rows=1380035 loops=1)
  ->  Hash  (cost=58358.52..58358.52 rows=1 width=8) (actual time=858.648..858.648 rows=1 loops=1)
        Buckets: 1024  Batches: 1  Memory Usage: 9kB
        ->  Nested Loop  (cost=0.43..58358.52 rows=1 width=8) (actual time=632.826..858.641 rows=1 loops=1)
              ->  Seq Scan on movie_companies mc  (cost=0.00..57926.93 rows=51 width=4) (actual time=528.041..847.383 rows=233 loops=1)
                    Filter: ((company_id = 996) AND (company_type_id = 1))
                    Rows Removed by Filter: 2608896
              ->  Index Scan using title_pkey on title t  (cost=0.43..8.45 rows=1 width=4) (actual time=0.048..0.048 rows=0 loops=233)
                    Index Cond: (id = mc.movie_id)
                    Filter: ((kind_id < 7) AND (production_year = 2004))
                    Rows Removed by Filter: 1
Planning time: 1.313 ms
Execution time: 1466.784 ms
