Seq Scan on movie_keyword mk  (cost=0.00..81003.12 rows=246 width=0) (actual time=0.595..1386.664 rows=1413 loops=1)
  Filter: (keyword_id = 4619)
  Rows Removed by Filter: 4522517
Planning time: 0.386 ms
Execution time: 1387.191 ms
