Seq Scan on title t  (cost=0.00..73925.90 rows=958395 width=0) (actual time=0.022..1432.406 rows=1050192 loops=1)
  Filter: ((production_year > 1996) AND (kind_id = 7))
  Rows Removed by Filter: 1478120
Planning time: 0.455 ms
Execution time: 1564.852 ms
