Seq Scan on movie_keyword mk  (cost=0.00..81003.12 rows=247604 width=0) (actual time=0.039..806.937 rows=246052 loops=1)
  Filter: (keyword_id > 61037)
  Rows Removed by Filter: 4277878
Planning time: 0.331 ms
Execution time: 832.164 ms
