Hash Join  (cost=102767.86..243760.36 rows=2082546 width=0) (actual time=2037.335..5630.588 rows=2092320 loops=1)
  Hash Cond: (mk.movie_id = t.id)
  ->  Seq Scan on movie_keyword mk  (cost=0.00..81003.12 rows=2082546 width=4) (actual time=0.019..1616.984 rows=2092320 loops=1)
        Filter: (keyword_id < 3747)
        Rows Removed by Filter: 2431610
  ->  Hash  (cost=61283.27..61283.27 rows=2528527 width=4) (actual time=2035.281..2035.281 rows=2528312 loops=1)
        Buckets: 131072  Batches: 64  Memory Usage: 2425kB
        ->  Seq Scan on title t  (cost=0.00..61283.27 rows=2528527 width=4) (actual time=0.021..1155.392 rows=2528312 loops=1)
Planning time: 0.750 ms
Execution time: 5875.366 ms
