Seq Scan on movie_keyword mk  (cost=0.00..81003.12 rows=1230599 width=0) (actual time=0.019..4199.043 rows=1239555 loops=1)
  Filter: (keyword_id < 1578)
  Rows Removed by Filter: 3284375
Planning time: 1.389 ms
Execution time: 4391.926 ms
