Seq Scan on movie_companies mc  (cost=0.00..51404.11 rows=104 width=0) (actual time=7.515..779.797 rows=692 loops=1)
  Filter: (company_id = 1344)
  Rows Removed by Filter: 2608437
Planning time: 0.534 ms
Execution time: 780.041 ms
