Hash Join  (cost=365418.15..1544566.46 rows=23677877 width=0) (actual time=8931.496..48441.952 rows=79370856 loops=1)
  Hash Cond: (ci.movie_id = t.id)
  ->  Seq Scan on cast_info ci  (cost=0.00..705507.15 rows=13234102 width=4) (actual time=0.017..13392.532 rows=13367005 loops=1)
        Filter: (person_id > 2335904)
        Rows Removed by Filter: 22877339
  ->  Hash  (cost=291197.02..291197.02 rows=4523930 width=8) (actual time=8929.546..8929.546 rows=4523930 loops=1)
        Buckets: 131072  Batches: 64  Memory Usage: 3816kB
        ->  Hash Join  (cost=102767.86..291197.02 rows=4523930 width=8) (actual time=1850.113..7651.387 rows=4523930 loops=1)
              Hash Cond: (mk.movie_id = t.id)
              ->  Seq Scan on movie_keyword mk  (cost=0.00..69693.30 rows=4523930 width=4) (actual time=0.013..1481.127 rows=4523930 loops=1)
              ->  Hash  (cost=61283.27..61283.27 rows=2528527 width=4) (actual time=1849.050..1849.050 rows=2528312 loops=1)
                    Buckets: 131072  Batches: 64  Memory Usage: 2425kB
                    ->  Seq Scan on title t  (cost=0.00..61283.27 rows=2528527 width=4) (actual time=0.012..1009.016 rows=2528312 loops=1)
Planning time: 2.569 ms
Execution time: 56739.226 ms
