Hash Join  (cost=99758.49..467557.71 rows=504185 width=0) (actual time=1997.518..8230.026 rows=307468 loops=1)
  Hash Cond: (mi.movie_id = t.id)
  ->  Seq Scan on movie_info mi  (cost=0.00..346232.03 rows=809669 width=4) (actual time=0.013..5418.739 rows=802140 loops=1)
        Filter: (info_type_id = 1)
        Rows Removed by Filter: 14033580
  ->  Hash  (cost=73925.90..73925.90 rows=1574527 width=4) (actual time=1996.450..1996.450 rows=1690206 loops=1)
        Buckets: 131072  Batches: 32  Memory Usage: 2893kB
        ->  Seq Scan on title t  (cost=0.00..73925.90 rows=1574527 width=4) (actual time=0.011..1435.628 rows=1690206 loops=1)
              Filter: ((kind_id > 1) AND (production_year > 1966))
              Rows Removed by Filter: 838106
Planning time: 0.794 ms
Execution time: 8270.700 ms
