Hash Join  (cost=174865.45..283399.64 rows=571076 width=0) (actual time=4286.453..7852.922 rows=2406212 loops=1)
  Hash Cond: (mk.movie_id = t.id)
  ->  Seq Scan on movie_keyword mk  (cost=0.00..81003.12 rows=1577947 width=4) (actual time=0.011..1615.193 rows=1593251 loops=1)
        Filter: (keyword_id > 9685)
        Rows Removed by Filter: 2930679
  ->  Hash  (cost=159851.69..159851.69 rows=915101 width=8) (actual time=4285.676..4285.676 rows=919850 loops=1)
        Buckets: 131072  Batches: 16  Memory Usage: 3282kB
        ->  Hash Join  (cost=102767.86..159851.69 rows=915101 width=8) (actual time=2242.811..4009.127 rows=919850 loops=1)
              Hash Cond: (mi_idx.movie_id = t.id)
              ->  Seq Scan on movie_info_idx mi_idx  (cost=0.00..25185.44 rows=915101 width=4) (actual time=0.025..576.252 rows=919850 loops=1)
                    Filter: (info_type_id < 101)
                    Rows Removed by Filter: 460185
              ->  Hash  (cost=61283.27..61283.27 rows=2528527 width=4) (actual time=2241.666..2241.666 rows=2528312 loops=1)
                    Buckets: 131072  Batches: 64  Memory Usage: 2415kB
                    ->  Seq Scan on title t  (cost=0.00..61283.27 rows=2528527 width=4) (actual time=0.006..1125.070 rows=2528312 loops=1)
Planning time: 0.887 ms
Execution time: 8148.421 ms
