Hash Join  (cost=74809.10..156167.63 rows=2465 width=0) (actual time=1273.045..2646.037 rows=3043 loops=1)
  Hash Cond: (mk.movie_id = t.id)
  ->  Seq Scan on movie_keyword mk  (cost=0.00..81003.12 rows=88201 width=4) (actual time=0.029..1342.622 rows=93622 loops=1)
        Filter: (keyword_id < 84)
        Rows Removed by Filter: 4430308
  ->  Hash  (cost=73925.90..73925.90 rows=70656 width=4) (actual time=1269.722..1269.722 rows=79548 loops=1)
        Buckets: 131072  Batches: 1  Memory Usage: 3821kB
        ->  Seq Scan on title t  (cost=0.00..73925.90 rows=70656 width=4) (actual time=0.020..1237.871 rows=79548 loops=1)
              Filter: ((kind_id > 1) AND (production_year = 2005))
              Rows Removed by Filter: 2448764
Planning time: 0.735 ms
Execution time: 2646.942 ms
