Seq Scan on movie_companies mc  (cost=0.00..57926.93 rows=330983 width=0) (actual time=481.085..848.745 rows=28456 loops=1)
  Filter: ((company_id > 48710) AND (company_type_id = 1))
  Rows Removed by Filter: 2580673
Planning time: 0.455 ms
Execution time: 852.825 ms
