Hash Join  (cost=74124.68..439707.56 rows=92695 width=0) (actual time=1094.417..9027.319 rows=153155 loops=1)
  Hash Cond: (mi.movie_id = t.id)
  ->  Seq Scan on movie_info mi  (cost=0.00..309384.22 rows=14739122 width=4) (actual time=0.008..4453.707 rows=14835720 loops=1)
  ->  Hash  (cost=73925.90..73925.90 rows=15902 width=4) (actual time=1094.183..1094.183 rows=12969 loops=1)
        Buckets: 16384  Batches: 1  Memory Usage: 584kB
        ->  Seq Scan on title t  (cost=0.00..73925.90 rows=15902 width=4) (actual time=0.451..1088.315 rows=12969 loops=1)
              Filter: ((kind_id < 7) AND (production_year = 1997))
              Rows Removed by Filter: 2515343
Planning time: 0.743 ms
Execution time: 9051.881 ms
