Seq Scan on cast_info ci  (cost=0.00..796071.18 rows=1231252 width=0) (actual time=0.022..13860.393 rows=1236744 loops=1)
  Filter: ((person_id > 1018945) AND (role_id = 8))
  Rows Removed by Filter: 35007600
Planning time: 0.398 ms
Execution time: 14030.656 ms
