Nested Loop  (cost=0.43..83071.67 rows=246 width=0) (actual time=0.180..3739.254 rows=66 loops=1)
  ->  Seq Scan on movie_keyword mk  (cost=0.00..81003.12 rows=246 width=4) (actual time=0.136..3719.715 rows=66 loops=1)
        Filter: (keyword_id = 12451)
        Rows Removed by Filter: 4523864
  ->  Index Only Scan using title_pkey on title t  (cost=0.43..8.40 rows=1 width=4) (actual time=0.289..0.290 rows=1 loops=66)
        Index Cond: (id = mk.movie_id)
        Heap Fetches: 66
Planning time: 0.704 ms
Execution time: 3739.395 ms
