Seq Scan on cast_info ci  (cost=0.00..705507.15 rows=11945451 width=0) (actual time=1.459..11374.770 rows=11862351 loops=1)
  Filter: (person_id < 1165617)
  Rows Removed by Filter: 24381993
Planning time: 0.346 ms
Execution time: 12836.244 ms
