Hash Join  (cost=102767.86..211523.32 rows=742790 width=0) (actual time=1964.395..4376.781 rows=744757 loops=1)
  Hash Cond: (mk.movie_id = t.id)
  ->  Seq Scan on movie_keyword mk  (cost=0.00..81003.12 rows=742790 width=4) (actual time=0.015..1460.601 rows=744757 loops=1)
        Filter: (keyword_id < 679)
        Rows Removed by Filter: 3779173
  ->  Hash  (cost=61283.27..61283.27 rows=2528527 width=4) (actual time=1961.588..1961.588 rows=2528312 loops=1)
        Buckets: 131072  Batches: 64  Memory Usage: 2425kB
        ->  Seq Scan on title t  (cost=0.00..61283.27 rows=2528527 width=4) (actual time=0.011..1076.572 rows=2528312 loops=1)
Planning time: 0.743 ms
Execution time: 4462.762 ms
