Seq Scan on movie_keyword mk  (cost=0.00..81003.12 rows=1397624 width=0) (actual time=0.019..1409.940 rows=1411578 loops=1)
  Filter: (keyword_id < 1935)
  Rows Removed by Filter: 3112352
Planning time: 0.343 ms
Execution time: 1586.787 ms
