Seq Scan on cast_info ci  (cost=0.00..705507.15 rows=13614326 width=0) (actual time=0.047..12108.163 rows=13576213 loops=1)
  Filter: (person_id < 1337454)
  Rows Removed by Filter: 22668131
Planning time: 0.280 ms
Execution time: 13794.500 ms
