Seq Scan on movie_keyword mk  (cost=0.00..81003.12 rows=183234 width=0) (actual time=0.032..1243.098 rows=187003 loops=1)
  Filter: (keyword_id > 71440)
  Rows Removed by Filter: 4336927
Planning time: 0.345 ms
Execution time: 1267.890 ms
