Hash Join  (cost=162406.77..1049010.41 rows=422042 width=0) (actual time=6959.309..24628.594 rows=688082 loops=1)
  Hash Cond: (ci.movie_id = t.id)
  ->  Seq Scan on cast_info ci  (cost=0.00..796071.18 rows=17262408 width=4) (actual time=3854.216..16771.709 rows=20922306 loops=1)
        Filter: ((person_id > 928359) AND (role_id > 1))
        Rows Removed by Filter: 15322038
  ->  Hash  (cost=161634.03..161634.03 rows=61819 width=8) (actual time=3103.576..3103.576 rows=40706 loops=1)
        Buckets: 65536  Batches: 1  Memory Usage: 2103kB
        ->  Hash Join  (cost=74357.80..161634.03 rows=61819 width=8) (actual time=1238.408..3089.203 rows=40706 loops=1)
              Hash Cond: (mk.movie_id = t.id)
              ->  Seq Scan on movie_keyword mk  (cost=0.00..69693.30 rows=4523930 width=4) (actual time=0.031..976.019 rows=4523930 loops=1)
              ->  Hash  (cost=73925.90..73925.90 rows=34552 width=4) (actual time=1237.956..1237.956 rows=39508 loops=1)
                    Buckets: 65536  Batches: 1  Memory Usage: 1901kB
                    ->  Seq Scan on title t  (cost=0.00..73925.90 rows=34552 width=4) (actual time=0.047..1220.829 rows=39508 loops=1)
                          Filter: ((kind_id > 1) AND (production_year = 1998))
                          Rows Removed by Filter: 2488804
Planning time: 1.196 ms
Execution time: 24718.892 ms
