Seq Scan on cast_info ci  (cost=0.00..796071.18 rows=409863 width=0) (actual time=1366.178..12332.383 rows=846498 loops=1)
  Filter: ((person_id > 2372643) AND (role_id = 9))
  Rows Removed by Filter: 35397846
Planning time: 0.413 ms
Execution time: 12435.264 ms
