Seq Scan on movie_companies mc  (cost=0.00..51404.11 rows=104 width=0) (actual time=0.047..892.890 rows=750 loops=1)
  Filter: (company_id = 1741)
  Rows Removed by Filter: 2608379
Planning time: 0.306 ms
Execution time: 893.121 ms
