Hash Join  (cost=166710.21..585699.12 rows=828646 width=0) (actual time=3910.451..12807.187 rows=646759 loops=1)
  Hash Cond: (mi.movie_id = t.id)
  ->  Seq Scan on movie_info mi  (cost=0.00..346232.03 rows=5445713 width=4) (actual time=0.007..6089.528 rows=5410520 loops=1)
        Filter: (info_type_id < 6)
        Rows Removed by Filter: 9425200
  ->  Hash  (cost=160397.80..160397.80 rows=384753 width=8) (actual time=3907.376..3907.376 rows=249873 loops=1)
        Buckets: 131072  Batches: 8  Memory Usage: 2253kB
        ->  Hash Join  (cost=80043.74..160397.80 rows=384753 width=8) (actual time=1438.224..3836.808 rows=249873 loops=1)
              Hash Cond: (mc.movie_id = t.id)
              ->  Seq Scan on movie_companies mc  (cost=0.00..44881.29 rows=2609129 width=4) (actual time=0.022..965.739 rows=2609129 loops=1)
              ->  Hash  (cost=73925.90..73925.90 rows=372867 width=4) (actual time=1436.818..1436.818 rows=256191 loops=1)
                    Buckets: 131072  Batches: 8  Memory Usage: 2139kB
                    ->  Seq Scan on title t  (cost=0.00..73925.90 rows=372867 width=4) (actual time=0.021..1351.093 rows=256191 loops=1)
                          Filter: ((kind_id > 4) AND (production_year < 1986))
                          Rows Removed by Filter: 2272121
Planning time: 1.308 ms
Execution time: 12883.462 ms
