Seq Scan on movie_companies mc  (cost=0.00..57926.93 rows=945 width=0) (actual time=6.101..784.593 rows=743 loops=1)
  Filter: ((company_id < 6) AND (company_type_id = 2))
  Rows Removed by Filter: 2608386
Planning time: 2.904 ms
Execution time: 784.866 ms
