Hash Join  (cost=82955.72..116674.50 rows=101122 width=0) (actual time=1301.093..2108.356 rows=45141 loops=1)
  Hash Cond: (mi_idx.movie_id = t.id)
  ->  Seq Scan on movie_info_idx mi_idx  (cost=0.00..25185.44 rows=464566 width=4) (actual time=0.021..482.718 rows=459925 loops=1)
        Filter: (info_type_id = 101)
        Rows Removed by Filter: 920110
  ->  Hash  (cost=73925.90..73925.90 rows=550385 width=4) (actual time=1300.245..1300.245 rows=602403 loops=1)
        Buckets: 131072  Batches: 8  Memory Usage: 3672kB
        ->  Seq Scan on title t  (cost=0.00..73925.90 rows=550385 width=4) (actual time=0.018..1117.307 rows=602403 loops=1)
              Filter: ((production_year > 2006) AND (kind_id = 7))
              Rows Removed by Filter: 1925909
Planning time: 0.780 ms
Execution time: 2113.887 ms
