Seq Scan on movie_companies mc  (cost=0.00..51404.11 rows=104 width=0) (actual time=1147.920..2307.772 rows=35 loops=1)
  Filter: (company_id = 85167)
  Rows Removed by Filter: 2609094
Planning time: 2.320 ms
Execution time: 2307.871 ms
