Hash Join  (cost=709674.80..796335.20 rows=236 width=0) (actual time=12941.161..13029.664 rows=32 loops=1)
  Hash Cond: (mk.movie_id = t.id)
  ->  Seq Scan on movie_keyword mk  (cost=0.00..69693.30 rows=4523930 width=4) (actual time=0.014..934.585 rows=4523930 loops=1)
  ->  Hash  (cost=709673.15..709673.15 rows=132 width=8) (actual time=11347.082..11347.082 rows=1 loops=1)
        Buckets: 1024  Batches: 1  Memory Usage: 9kB
        ->  Nested Loop  (cost=0.43..709673.15 rows=132 width=8) (actual time=9420.550..11347.050 rows=1 loops=1)
              ->  Seq Scan on cast_info ci  (cost=0.00..705507.15 rows=500 width=4) (actual time=9420.454..11300.015 rows=2796 loops=1)
                    Filter: (person_id = 3925508)
                    Rows Removed by Filter: 36241548
              ->  Index Scan using title_pkey on title t  (cost=0.43..8.32 rows=1 width=4) (actual time=0.016..0.016 rows=0 loops=2796)
                    Index Cond: (id = ci.movie_id)
                    Filter: (kind_id = 1)
                    Rows Removed by Filter: 1
Planning time: 1.217 ms
Execution time: 13029.801 ms
