Hash Join  (cost=75867.62..205765.92 rows=188346 width=0) (actual time=1355.918..4462.263 rows=62798 loops=1)
  Hash Cond: (mk.movie_id = t.id)
  ->  Seq Scan on movie_keyword mk  (cost=0.00..81003.12 rows=4025792 width=4) (actual time=0.031..1926.503 rows=4021945 loops=1)
        Filter: (keyword_id > 359)
        Rows Removed by Filter: 501985
  ->  Hash  (cost=73925.90..73925.90 rows=118297 width=4) (actual time=1354.743..1354.743 rows=122606 loops=1)
        Buckets: 131072  Batches: 2  Memory Usage: 3185kB
        ->  Seq Scan on title t  (cost=0.00..73925.90 rows=118297 width=4) (actual time=0.015..1306.802 rows=122606 loops=1)
              Filter: ((kind_id > 1) AND (production_year = 2011))
              Rows Removed by Filter: 2405706
Planning time: 0.858 ms
Execution time: 4470.514 ms
