Hash Join  (cost=222619.85..764813.63 rows=4120193 width=0) (actual time=5190.593..31560.261 rows=59784555 loops=1)
  Hash Cond: (mi.movie_id = t.id)
  ->  Seq Scan on movie_info mi  (cost=0.00..309384.22 rows=14739122 width=4) (actual time=0.007..6178.029 rows=14835720 loops=1)
  ->  Hash  (cost=211022.50..211022.50 rows=706828 width=8) (actual time=5162.741..5162.741 rows=972837 loops=1)
        Buckets: 131072  Batches: 16  Memory Usage: 3529kB
        ->  Hash Join  (cost=80408.18..211022.50 rows=706828 width=8) (actual time=1307.614..4879.659 rows=972837 loops=1)
              Hash Cond: (mk.movie_id = t.id)
              ->  Seq Scan on movie_keyword mk  (cost=0.00..69693.30 rows=4523930 width=4) (actual time=0.027..1486.706 rows=4523930 loops=1)
              ->  Hash  (cost=73925.90..73925.90 rows=395062 width=4) (actual time=1306.145..1306.145 rows=335993 loops=1)
                    Buckets: 131072  Batches: 8  Memory Usage: 2499kB
                    ->  Seq Scan on title t  (cost=0.00..73925.90 rows=395062 width=4) (actual time=0.025..1191.134 rows=335993 loops=1)
                          Filter: ((kind_id < 7) AND (production_year > 2005))
                          Rows Removed by Filter: 2192319
Planning time: 1.063 ms
Execution time: 38218.225 ms
