Hash Join  (cost=465534.04..504766.92 rows=89740 width=0) (actual time=7896.016..9029.171 rows=595297 loops=1)
  Hash Cond: (mi_idx.movie_id = t.id)
  ->  Seq Scan on movie_info_idx mi_idx  (cost=0.00..21735.35 rows=1380035 width=4) (actual time=0.024..495.258 rows=1380035 loops=1)
  ->  Hash  (cost=462835.76..462835.76 rows=164423 width=8) (actual time=7862.700..7862.700 rows=197754 loops=1)
        Buckets: 131072  Batches: 4  Memory Usage: 2874kB
        ->  Hash Join  (cost=102767.86..462835.76 rows=164423 width=8) (actual time=2100.397..7811.793 rows=197754 loops=1)
              Hash Cond: (mi.movie_id = t.id)
              ->  Seq Scan on movie_info mi  (cost=0.00..346232.03 rows=164423 width=4) (actual time=43.567..5276.560 rows=197754 loops=1)
                    Filter: (info_type_id > 106)
                    Rows Removed by Filter: 14637966
              ->  Hash  (cost=61283.27..61283.27 rows=2528527 width=4) (actual time=2008.846..2008.846 rows=2528312 loops=1)
                    Buckets: 131072  Batches: 64  Memory Usage: 2425kB
                    ->  Seq Scan on title t  (cost=0.00..61283.27 rows=2528527 width=4) (actual time=0.016..1152.855 rows=2528312 loops=1)
Planning time: 1.167 ms
Execution time: 9096.390 ms
