Hash Join  (cost=74317.90..425621.21 rows=1577 width=0) (actual time=4810.741..6659.283 rows=3288 loops=1)
  Hash Cond: (mi.movie_id = t.id)
  ->  Seq Scan on movie_info mi  (cost=0.00..346232.03 rows=1348138 width=4) (actual time=3786.802..5414.522 rows=1298989 loops=1)
        Filter: (info_type_id = 4)
        Rows Removed by Filter: 13536731
  ->  Hash  (cost=74280.94..74280.94 rows=2957 width=8) (actual time=1023.345..1023.345 rows=3094 loops=1)
        Buckets: 4096  Batches: 1  Memory Usage: 153kB
        ->  Nested Loop  (cost=0.43..74280.94 rows=2957 width=8) (actual time=0.428..1021.615 rows=3094 loops=1)
              ->  Seq Scan on movie_companies mc  (cost=0.00..51404.11 rows=2957 width=4) (actual time=0.318..859.037 rows=3094 loops=1)
                    Filter: (company_id = 68)
                    Rows Removed by Filter: 2606035
              ->  Index Only Scan using title_pkey on title t  (cost=0.43..7.73 rows=1 width=4) (actual time=0.051..0.052 rows=1 loops=3094)
                    Index Cond: (id = mc.movie_id)
                    Heap Fetches: 3094
Planning time: 1.431 ms
Execution time: 6659.988 ms
