Seq Scan on movie_companies mc  (cost=0.00..51404.11 rows=104 width=0) (actual time=49.881..847.091 rows=55 loops=1)
  Filter: (company_id = 3404)
  Rows Removed by Filter: 2609074
Planning time: 0.363 ms
Execution time: 847.185 ms
