Nested Loop  (cost=0.43..52283.69 rows=104 width=0) (actual time=15.073..911.006 rows=75 loops=1)
  ->  Seq Scan on movie_companies mc  (cost=0.00..51404.11 rows=104 width=4) (actual time=14.976..908.461 rows=75 loops=1)
        Filter: (company_id = 2706)
        Rows Removed by Filter: 2609054
  ->  Index Only Scan using title_pkey on title t  (cost=0.43..8.45 rows=1 width=4) (actual time=0.030..0.031 rows=1 loops=75)
        Index Cond: (id = mc.movie_id)
        Heap Fetches: 75
Planning time: 0.770 ms
Execution time: 911.114 ms
