Hash Join  (cost=136369.05..487411.55 rows=7000 width=0) (actual time=14147.130..18971.790 rows=12426 loops=1)
  Hash Cond: (mi.movie_id = t.id)
  ->  Seq Scan on movie_info mi  (cost=0.00..346232.03 rows=1264125 width=4) (actual time=11291.834..15687.551 rows=1288928 loops=1)
        Filter: (info_type_id = 2)
        Rows Removed by Filter: 13546792
  ->  Hash  (cost=136194.03..136194.03 rows=14002 width=8) (actual time=2853.002..2853.002 rows=12894 loops=1)
        Buckets: 16384  Batches: 1  Memory Usage: 632kB
        ->  Nested Loop  (cost=0.43..136194.03 rows=14002 width=8) (actual time=29.177..2842.212 rows=12894 loops=1)
              ->  Seq Scan on movie_companies mc  (cost=0.00..51404.11 rows=14002 width=4) (actual time=29.052..1977.371 rows=12894 loops=1)
                    Filter: (company_id = 34)
                    Rows Removed by Filter: 2596235
              ->  Index Only Scan using title_pkey on title t  (cost=0.43..6.05 rows=1 width=4) (actual time=0.066..0.066 rows=1 loops=12894)
                    Index Cond: (id = mc.movie_id)
                    Heap Fetches: 12894
Planning time: 2.964 ms
Execution time: 18977.384 ms
