Hash Join  (cost=95185.59..244016.77 rows=1927546 width=0) (actual time=1810.115..5435.593 rows=567878 loops=1)
  Hash Cond: (mk.movie_id = t.id)
  ->  Seq Scan on movie_keyword mk  (cost=0.00..81003.12 rows=3761226 width=4) (actual time=0.019..1688.321 rows=3761777 loops=1)
        Filter: (keyword_id > 716)
        Rows Removed by Filter: 762153
  ->  Hash  (cost=73925.90..73925.90 rows=1295815 width=4) (actual time=1803.084..1803.084 rows=1378573 loops=1)
        Buckets: 131072  Batches: 32  Memory Usage: 2547kB
        ->  Seq Scan on title t  (cost=0.00..73925.90 rows=1295815 width=4) (actual time=0.020..1345.518 rows=1378573 loops=1)
              Filter: ((kind_id > 4) AND (production_year > 1968))
              Rows Removed by Filter: 1149739
Planning time: 0.764 ms
Execution time: 5501.517 ms
