Seq Scan on movie_keyword mk  (cost=0.00..81003.12 rows=246 width=0) (actual time=18.564..1273.198 rows=42 loops=1)
  Filter: (keyword_id = 14262)
  Rows Removed by Filter: 4523888
Planning time: 0.417 ms
Execution time: 1273.325 ms
