Hash Join  (cost=74378.48..159507.95 rows=15177 width=0) (actual time=1783.281..2736.942 rows=17100 loops=1)
  Hash Cond: (mk.movie_id = t.id)
  ->  Seq Scan on movie_keyword mk  (cost=0.00..81003.12 rows=1059887 width=4) (actual time=0.022..1432.183 rows=1064484 loops=1)
        Filter: (keyword_id < 1064)
        Rows Removed by Filter: 3459446
  ->  Hash  (cost=73925.90..73925.90 rows=36206 width=4) (actual time=1086.983..1086.983 rows=33919 loops=1)
        Buckets: 65536  Batches: 1  Memory Usage: 1705kB
        ->  Seq Scan on title t  (cost=0.00..73925.90 rows=36206 width=4) (actual time=53.526..1072.714 rows=33919 loops=1)
              Filter: ((production_year > 2005) AND (kind_id = 2))
              Rows Removed by Filter: 2494393
Planning time: 2.002 ms
Execution time: 2739.451 ms
