Hash Join  (cost=466354.87..583190.39 rows=208652 width=0) (actual time=22723.450..32950.789 rows=8455954 loops=1)
  Hash Cond: (mk.movie_id = t.id)
  ->  Seq Scan on movie_keyword mk  (cost=0.00..81003.12 rows=2855966 width=4) (actual time=0.015..5050.251 rows=2844861 loops=1)
        Filter: (keyword_id < 8661)
        Rows Removed by Filter: 1679069
  ->  Hash  (cost=463323.74..463323.74 rows=184730 width=8) (actual time=22722.349..22722.349 rows=180112 loops=1)
        Buckets: 131072  Batches: 4  Memory Usage: 2806kB
        ->  Hash Join  (cost=102767.86..463323.74 rows=184730 width=8) (actual time=18981.313..22656.177 rows=180112 loops=1)
              Hash Cond: (mi.movie_id = t.id)
              ->  Seq Scan on movie_info mi  (cost=0.00..346232.03 rows=184730 width=4) (actual time=12905.564..15849.363 rows=180112 loops=1)
                    Filter: (info_type_id = 13)
                    Rows Removed by Filter: 14655608
              ->  Hash  (cost=61283.27..61283.27 rows=2528527 width=4) (actual time=6067.060..6067.060 rows=2528312 loops=1)
                    Buckets: 131072  Batches: 64  Memory Usage: 2425kB
                    ->  Seq Scan on title t  (cost=0.00..61283.27 rows=2528527 width=4) (actual time=0.017..4423.859 rows=2528312 loops=1)
Planning time: 1.142 ms
Execution time: 34252.311 ms
