Hash Join  (cost=115481.50..485336.85 rows=150876 width=0) (actual time=2532.957..9773.778 rows=992428 loops=1)
  Hash Cond: (mi.movie_id = t.id)
  ->  Seq Scan on movie_info mi  (cost=0.00..346232.03 rows=5897221 width=4) (actual time=47.415..4871.080 rows=5884963 loops=1)
        Filter: (info_type_id < 7)
        Rows Removed by Filter: 8950757
  ->  Hash  (cost=114672.87..114672.87 rows=64690 width=8) (actual time=2485.008..2485.008 rows=144342 loops=1)
        Buckets: 131072 (originally 65536)  Batches: 2 (originally 1)  Memory Usage: 3839kB
        ->  Hash Join  (cost=75870.49..114672.87 rows=64690 width=8) (actual time=1372.248..2433.716 rows=144342 loops=1)
              Hash Cond: (mi_idx.movie_id = t.id)
              ->  Seq Scan on movie_info_idx mi_idx  (cost=0.00..21735.35 rows=1380035 width=4) (actual time=0.020..446.226 rows=1380035 loops=1)
              ->  Hash  (cost=73925.90..73925.90 rows=118527 width=4) (actual time=1371.426..1371.426 rows=217379 loops=1)
                    Buckets: 131072 (originally 131072)  Batches: 4 (originally 2)  Memory Usage: 3073kB
                    ->  Seq Scan on title t  (cost=0.00..73925.90 rows=118527 width=4) (actual time=0.020..1289.907 rows=217379 loops=1)
                          Filter: ((kind_id < 7) AND (production_year < 1965))
                          Rows Removed by Filter: 2310933
Planning time: 1.195 ms
Execution time: 9891.744 ms
