Hash Join  (cost=128478.61..1148019.03 rows=3463938 width=0) (actual time=2814.183..32677.125 rows=12902439 loops=1)
  Hash Cond: (ci.movie_id = t.id)
  ->  Seq Scan on cast_info ci  (cost=0.00..705507.15 rows=24040511 width=4) (actual time=0.016..14868.855 rows=23978715 loops=1)
        Filter: (person_id < 2460079)
        Rows Removed by Filter: 12265629
  ->  Hash  (cost=122500.50..122500.50 rows=364329 width=8) (actual time=2812.866..2812.866 rows=629900 loops=1)
        Buckets: 131072 (originally 131072)  Batches: 16 (originally 8)  Memory Usage: 3073kB
        ->  Hash Join  (cost=78556.72..122500.50 rows=364329 width=8) (actual time=1293.541..2633.607 rows=629900 loops=1)
              Hash Cond: (mi_idx.movie_id = t.id)
              ->  Seq Scan on movie_info_idx mi_idx  (cost=0.00..21735.35 rows=1380035 width=4) (actual time=0.025..438.332 rows=1380035 loops=1)
              ->  Hash  (cost=67604.59..67604.59 rows=667531 width=4) (actual time=1292.706..1292.706 rows=662825 loops=1)
                    Buckets: 131072  Batches: 16  Memory Usage: 2476kB
                    ->  Seq Scan on title t  (cost=0.00..67604.59 rows=667531 width=4) (actual time=0.090..1096.521 rows=662825 loops=1)
                          Filter: (kind_id = 1)
                          Rows Removed by Filter: 1865487
Planning time: 1.261 ms
Execution time: 34146.304 ms
