Nested Loop  (cost=0.43..52283.95 rows=64 width=0) (actual time=13.853..914.578 rows=5 loops=1)
  ->  Seq Scan on movie_companies mc  (cost=0.00..51404.11 rows=104 width=4) (actual time=13.791..902.868 rows=69 loops=1)
        Filter: (company_id = 2175)
        Rows Removed by Filter: 2609060
  ->  Index Scan using title_pkey on title t  (cost=0.43..8.45 rows=1 width=4) (actual time=0.155..0.155 rows=0 loops=69)
        Index Cond: (id = mc.movie_id)
        Filter: (kind_id > 4)
        Rows Removed by Filter: 1
Planning time: 0.750 ms
Execution time: 914.713 ms
