Seq Scan on cast_info ci  (cost=0.00..796071.18 rows=9863317 width=0) (actual time=0.027..15896.139 rows=12670688 loops=1)
  Filter: ((person_id < 2870548) AND (role_id = 1))
  Rows Removed by Filter: 23573656
Planning time: 0.431 ms
Execution time: 17484.024 ms
