Hash Join  (cost=598062.58..1752840.95 rows=19783211 width=0) (actual time=15369.540..71484.117 rows=115575982 loops=1)
  Hash Cond: (ci.movie_id = t.id)
  ->  Seq Scan on cast_info ci  (cost=0.00..705507.15 rows=17065777 width=4) (actual time=0.016..13977.252 rows=16943594 loops=1)
        Filter: (person_id < 1674620)
        Rows Removed by Filter: 19300750
  ->  Hash  (cost=549973.18..549973.18 rows=2931152 width=8) (actual time=15367.915..15367.915 rows=4974252 loops=1)
        Buckets: 131072 (originally 131072)  Batches: 128 (originally 64)  Memory Usage: 4032kB
        ->  Hash Join  (cost=83810.17..549973.18 rows=2931152 width=8) (actual time=2208.063..13889.731 rows=4974252 loops=1)
              Hash Cond: (mi.movie_id = t.id)
              ->  Seq Scan on movie_info mi  (cost=0.00..346232.03 rows=7503588 width=4) (actual time=694.886..6469.138 rows=7548855 loops=1)
                    Filter: (info_type_id > 7)
                    Rows Removed by Filter: 7286865
              ->  Hash  (cost=67604.59..67604.59 rows=987727 width=4) (actual time=1511.963..1511.963 rows=985048 loops=1)
                    Buckets: 131072  Batches: 16  Memory Usage: 3197kB
                    ->  Seq Scan on title t  (cost=0.00..67604.59 rows=987727 width=4) (actual time=0.028..1127.452 rows=985048 loops=1)
                          Filter: (kind_id < 7)
                          Rows Removed by Filter: 1543264
Planning time: 1.046 ms
Execution time: 84663.863 ms
