Hash Join  (cost=102767.86..1047427.69 rows=5764594 width=0) (actual time=11355.104..23887.909 rows=7451973 loops=1)
  Hash Cond: (ci.movie_id = t.id)
  ->  Seq Scan on cast_info ci  (cost=0.00..796071.18 rows=5764594 width=4) (actual time=9478.596..15457.917 rows=7451973 loops=1)
        Filter: ((person_id < 2910669) AND (role_id = 2))
        Rows Removed by Filter: 28792371
  ->  Hash  (cost=61283.27..61283.27 rows=2528527 width=4) (actual time=1875.070..1875.070 rows=2528312 loops=1)
        Buckets: 131072  Batches: 64  Memory Usage: 2415kB
        ->  Seq Scan on title t  (cost=0.00..61283.27 rows=2528527 width=4) (actual time=0.024..1066.868 rows=2528312 loops=1)
Planning time: 0.766 ms
Execution time: 24776.249 ms
