Hash Join  (cost=73954.59..128643.80 rows=2368 width=134) (actual time=1445.511..2908.083 rows=4270 loops=1)
  Hash Cond: (mc.movie_id = t.id)
  ->  Seq Scan on movie_companies mc  (cost=0.00..44881.29 rows=2609129 width=40) (actual time=0.025..941.917 rows=2609129 loops=1)
  ->  Hash  (cost=73925.90..73925.90 rows=2295 width=94) (actual time=1423.828..1423.828 rows=3114 loops=1)
        Buckets: 4096  Batches: 1  Memory Usage: 385kB
        ->  Seq Scan on title t  (cost=0.00..73925.90 rows=2295 width=94) (actual time=108.875..1422.168 rows=3114 loops=1)
              Filter: ((kind_id = 4) AND (production_year = 1999))
              Rows Removed by Filter: 2525198
Planning time: 0.962 ms
Execution time: 2908.564 ms
