Hash Join  (cost=86650.76..121610.84 rows=141398 width=0) (actual time=1512.350..2352.356 rows=82205 loops=1)
  Hash Cond: (mi_idx.movie_id = t.id)
  ->  Seq Scan on movie_info_idx mi_idx  (cost=0.00..25185.44 rows=460978 width=4) (actual time=0.025..423.925 rows=459925 loops=1)
        Filter: (info_type_id = 99)
        Rows Removed by Filter: 920110
  ->  Hash  (cost=73925.90..73925.90 rows=775588 width=4) (actual time=1511.346..1511.346 rows=838642 loops=1)
        Buckets: 131072  Batches: 16  Memory Usage: 2873kB
        ->  Seq Scan on title t  (cost=0.00..73925.90 rows=775588 width=4) (actual time=0.022..1249.873 rows=838642 loops=1)
              Filter: ((kind_id > 2) AND (production_year > 2004))
              Rows Removed by Filter: 1689670
Planning time: 0.773 ms
Execution time: 2363.337 ms
