Seq Scan on cast_info ci  (cost=0.00..796071.18 rows=324 width=0) (actual time=700.049..13108.849 rows=131 loops=1)
  Filter: ((role_id > 1) AND (person_id = 2653826))
  Rows Removed by Filter: 36244213
Planning time: 0.390 ms
Execution time: 13109.003 ms
