Hash Join  (cost=92883.59..236910.93 rows=1837340 width=0) (actual time=3429.568..5598.028 rows=406603 loops=1)
  Hash Cond: (mk.movie_id = t.id)
  ->  Seq Scan on movie_keyword mk  (cost=0.00..81003.12 rows=3015163 width=4) (actual time=0.018..1598.790 rows=2996430 loops=1)
        Filter: (keyword_id < 10500)
        Rows Removed by Filter: 1527500
  ->  Hash  (cost=67604.59..67604.59 rows=1540800 width=4) (actual time=1828.672..1828.672 rows=1543264 loops=1)
        Buckets: 131072  Batches: 32  Memory Usage: 2728kB
        ->  Seq Scan on title t  (cost=0.00..67604.59 rows=1540800 width=4) (actual time=0.012..1316.241 rows=1543264 loops=1)
              Filter: (kind_id = 7)
              Rows Removed by Filter: 985048
Planning time: 0.586 ms
Execution time: 5643.674 ms
