Hash Join  (cost=98245.02..486406.52 rows=1215738 width=0) (actual time=2343.664..8988.908 rows=527118 loops=1)
  Hash Cond: (mi.movie_id = t.id)
  ->  Seq Scan on movie_info mi  (cost=0.00..346232.03 rows=2073893 width=4) (actual time=212.638..5454.745 rows=2091068 loops=1)
        Filter: (info_type_id < 3)
        Rows Removed by Filter: 12744652
  ->  Hash  (cost=73925.90..73925.90 rows=1482249 width=4) (actual time=2129.932..2129.932 rows=1490873 loops=1)
        Buckets: 131072  Batches: 32  Memory Usage: 2669kB
        ->  Seq Scan on title t  (cost=0.00..73925.90 rows=1482249 width=4) (actual time=0.022..1390.412 rows=1490873 loops=1)
              Filter: ((kind_id > 4) AND (production_year > 1913))
              Rows Removed by Filter: 1037439
Planning time: 0.763 ms
Execution time: 9044.081 ms
