Hash Join  (cost=76503.02..201928.91 rows=280985 width=0) (actual time=1209.815..4585.439 rows=930104 loops=1)
  Hash Cond: (mk.movie_id = t.id)
  ->  Seq Scan on movie_keyword mk  (cost=0.00..69693.30 rows=4523930 width=4) (actual time=0.013..1347.680 rows=4523930 loops=1)
  ->  Hash  (cost=73925.90..73925.90 rows=157049 width=4) (actual time=1208.976..1208.976 rows=258048 loops=1)
        Buckets: 131072  Batches: 4  Memory Usage: 3301kB
        ->  Seq Scan on title t  (cost=0.00..73925.90 rows=157049 width=4) (actual time=0.019..1110.208 rows=258048 loops=1)
              Filter: ((kind_id < 7) AND (production_year < 1972))
              Rows Removed by Filter: 2270264
Planning time: 0.748 ms
Execution time: 4710.790 ms
