Hash Join  (cost=82412.27..1198085.70 rows=6135242 width=0) (actual time=1323.921..32175.586 rows=4162153 loops=1)
  Hash Cond: (ci.movie_id = t.id)
  ->  Seq Scan on cast_info ci  (cost=0.00..705507.15 rows=29992762 width=4) (actual time=0.006..16261.982 rows=30121010 loops=1)
        Filter: (person_id > 591181)
        Rows Removed by Filter: 6123334
  ->  Hash  (cost=73925.90..73925.90 rows=517229 width=4) (actual time=1323.013..1323.013 rows=403947 loops=1)
        Buckets: 131072  Batches: 8  Memory Usage: 2784kB
        ->  Seq Scan on title t  (cost=0.00..73925.90 rows=517229 width=4) (actual time=0.014..1197.835 rows=403947 loops=1)
              Filter: ((production_year < 1996) AND (kind_id = 7))
              Rows Removed by Filter: 2124365
Planning time: 0.570 ms
Execution time: 32661.618 ms
