Seq Scan on cast_info ci  (cost=0.00..705507.15 rows=500 width=0) (actual time=9036.218..11134.069 rows=108 loops=1)
  Filter: (person_id = 1848933)
  Rows Removed by Filter: 36244236
Planning time: 0.368 ms
Execution time: 11134.199 ms
