Hash Join  (cost=1135691.96..2232497.32 rows=45738111 width=0) (actual time=24982.542..78560.640 rows=143518686 loops=1)
  Hash Cond: (mi.movie_id = t.id)
  ->  Seq Scan on movie_info mi  (cost=0.00..309384.22 rows=14739122 width=4) (actual time=0.013..6493.511 rows=14835720 loops=1)
  ->  Hash  (cost=1006960.11..1006960.11 rows=7846468 width=8) (actual time=24980.322..24980.322 rows=7712640 loops=1)
        Buckets: 131072  Batches: 128  Memory Usage: 3394kB
        ->  Hash Join  (cost=102767.86..1006960.11 rows=7846468 width=8) (actual time=1934.206..22747.908 rows=7712640 loops=1)
              Hash Cond: (ci.movie_id = t.id)
              ->  Seq Scan on cast_info ci  (cost=0.00..705507.15 rows=7846468 width=4) (actual time=0.012..13835.829 rows=7712640 loops=1)
                    Filter: (role_id > 6)
                    Rows Removed by Filter: 28531704
              ->  Hash  (cost=61283.27..61283.27 rows=2528527 width=4) (actual time=1932.808..1932.808 rows=2528312 loops=1)
                    Buckets: 131072  Batches: 64  Memory Usage: 2415kB
                    ->  Seq Scan on title t  (cost=0.00..61283.27 rows=2528527 width=4) (actual time=1.872..1084.911 rows=2528312 loops=1)
Planning time: 2.564 ms
Execution time: 94616.547 ms
