Hash Join  (cost=103412.25..856384.81 rows=218341 width=0) (actual time=1772.687..19829.357 rows=745150 loops=1)
  Hash Cond: (ci.movie_id = t.id)
  ->  Seq Scan on cast_info ci  (cost=0.00..614943.12 rows=36225612 width=4) (actual time=0.017..8411.445 rows=36244344 loops=1)
  ->  Hash  (cost=103221.75..103221.75 rows=15240 width=8) (actual time=1772.468..1772.468 rows=27570 loops=1)
        Buckets: 32768 (originally 16384)  Batches: 1 (originally 1)  Memory Usage: 1333kB
        ->  Hash Join  (cost=74452.28..103221.75 rows=15240 width=8) (actual time=1067.306..1762.142 rows=27570 loops=1)
              Hash Cond: (mi_idx.movie_id = t.id)
              ->  Seq Scan on movie_info_idx mi_idx  (cost=0.00..25185.44 rows=915101 width=4) (actual time=0.016..499.135 rows=919850 loops=1)
                    Filter: (info_type_id < 101)
                    Rows Removed by Filter: 460185
              ->  Hash  (cost=73925.90..73925.90 rows=42110 width=4) (actual time=1066.989..1066.989 rows=33905 loops=1)
                    Buckets: 65536  Batches: 1  Memory Usage: 1704kB
                    ->  Seq Scan on title t  (cost=0.00..73925.90 rows=42110 width=4) (actual time=0.014..1052.828 rows=33905 loops=1)
                          Filter: ((kind_id < 7) AND (production_year = 2006))
                          Rows Removed by Filter: 2494407
Planning time: 0.800 ms
Execution time: 19935.743 ms
