Hash Join  (cost=175027.18..1234311.90 rows=8375448 width=0) (actual time=9034.351..74085.488 rows=17328693 loops=1)
  Hash Cond: (ci.movie_id = t.id)
  ->  Seq Scan on cast_info ci  (cost=0.00..705507.15 rows=23042690 width=4) (actual time=0.017..43090.414 rows=22940936 loops=1)
        Filter: (person_id < 2342004)
        Rows Removed by Filter: 13303408
  ->  Hash  (cost=159947.97..159947.97 rows=919057 width=8) (actual time=9033.437..9033.437 rows=920110 loops=1)
        Buckets: 131072  Batches: 16  Memory Usage: 3269kB
        ->  Hash Join  (cost=102767.86..159947.97 rows=919057 width=8) (actual time=5442.918..8728.164 rows=920110 loops=1)
              Hash Cond: (mi_idx.movie_id = t.id)
              ->  Seq Scan on movie_info_idx mi_idx  (cost=0.00..25185.44 rows=919057 width=4) (actual time=0.010..1829.748 rows=920110 loops=1)
                    Filter: (info_type_id > 99)
                    Rows Removed by Filter: 459925
              ->  Hash  (cost=61283.27..61283.27 rows=2528527 width=4) (actual time=5440.704..5440.704 rows=2528312 loops=1)
                    Buckets: 131072  Batches: 64  Memory Usage: 2415kB
                    ->  Seq Scan on title t  (cost=0.00..61283.27 rows=2528527 width=4) (actual time=0.009..3920.127 rows=2528312 loops=1)
Planning time: 1.070 ms
Execution time: 76521.568 ms
