Seq Scan on movie_keyword mk  (cost=0.00..81003.12 rows=246 width=0) (actual time=4.985..1195.678 rows=1077 loops=1)
  Filter: (keyword_id = 928)
  Rows Removed by Filter: 4522853
Planning time: 0.565 ms
Execution time: 1196.163 ms
