Hash Join  (cost=83074.74..876728.08 rows=2286 width=0) (actual time=3470.211..19624.816 rows=10754 loops=1)
  Hash Cond: (ci.movie_id = t.id)
  ->  Seq Scan on cast_info ci  (cost=0.00..705507.15 rows=23499554 width=4) (actual time=2185.259..15021.304 rows=23573656 loops=1)
        Filter: (role_id > 1)
        Rows Removed by Filter: 12670688
  ->  Hash  (cost=83071.67..83071.67 rows=246 width=8) (actual time=1282.719..1282.719 rows=245 loops=1)
        Buckets: 1024  Batches: 1  Memory Usage: 18kB
        ->  Nested Loop  (cost=0.43..83071.67 rows=246 width=8) (actual time=1.481..1282.481 rows=245 loops=1)
              ->  Seq Scan on movie_keyword mk  (cost=0.00..81003.12 rows=246 width=4) (actual time=1.392..1267.455 rows=245 loops=1)
                    Filter: (keyword_id = 17084)
                    Rows Removed by Filter: 4523685
              ->  Index Only Scan using title_pkey on title t  (cost=0.43..8.40 rows=1 width=4) (actual time=0.058..0.059 rows=1 loops=245)
                    Index Cond: (id = mk.movie_id)
                    Heap Fetches: 245
Planning time: 1.224 ms
Execution time: 19628.073 ms
