Hash Join  (cost=113789.42..911209.41 rows=9266 width=0) (actual time=5485.394..18043.173 rows=43297 loops=1)
  Hash Cond: (ci.movie_id = t.id)
  ->  Seq Scan on cast_info ci  (cost=0.00..796071.18 rows=334972 width=4) (actual time=3152.477..15549.606 rows=310584 loops=1)
        Filter: ((person_id > 150249) AND (role_id > 10))
        Rows Removed by Filter: 35933760
  ->  Hash  (cost=112915.12..112915.12 rows=69944 width=8) (actual time=2332.173..2332.173 rows=157665 loops=1)
        Buckets: 131072 (originally 131072)  Batches: 4 (originally 1)  Memory Usage: 3073kB
        ->  Hash Join  (cost=80166.74..112915.12 rows=69944 width=8) (actual time=1403.658..2271.177 rows=157665 loops=1)
              Hash Cond: (mi_idx.movie_id = t.id)
              ->  Seq Scan on movie_info_idx mi_idx  (cost=0.00..25185.44 rows=464934 width=4) (actual time=0.017..501.353 rows=460185 loops=1)
                    Filter: (info_type_id > 100)
                    Rows Removed by Filter: 919850
              ->  Hash  (cost=73925.90..73925.90 rows=380387 width=4) (actual time=1402.941..1402.941 rows=484820 loops=1)
                    Buckets: 131072  Batches: 8  Memory Usage: 3166kB
                    ->  Seq Scan on title t  (cost=0.00..73925.90 rows=380387 width=4) (actual time=0.022..1256.636 rows=484820 loops=1)
                          Filter: ((kind_id < 7) AND (production_year < 1999))
                          Rows Removed by Filter: 2043492
Planning time: 1.197 ms
Execution time: 18048.990 ms
