Nested Loop  (cost=0.43..83072.29 rows=64 width=0) (actual time=407.449..1327.327 rows=6 loops=1)
  ->  Seq Scan on movie_keyword mk  (cost=0.00..81003.12 rows=246 width=4) (actual time=14.469..1325.943 rows=27 loops=1)
        Filter: (keyword_id = 36230)
        Rows Removed by Filter: 4523903
  ->  Index Scan using title_pkey on title t  (cost=0.43..8.40 rows=1 width=4) (actual time=0.045..0.046 rows=0 loops=27)
        Index Cond: (id = mk.movie_id)
        Filter: (production_year > 2008)
        Rows Removed by Filter: 1
Planning time: 0.969 ms
Execution time: 1327.427 ms
