Hash Join  (cost=139218.05..996283.50 rows=409358 width=0) (actual time=8197.254..22089.153 rows=702717 loops=1)
  Hash Cond: (ci.movie_id = t.id)
  ->  Seq Scan on cast_info ci  (cost=0.00..705507.15 rows=12726058 width=4) (actual time=5587.502..14939.057 rows=12670688 loops=1)
        Filter: (role_id < 2)
        Rows Removed by Filter: 23573656
  ->  Hash  (cost=137883.36..137883.36 rows=81335 width=8) (actual time=2608.909..2608.909 rows=55281 loops=1)
        Buckets: 131072  Batches: 2  Memory Usage: 2092kB
        ->  Hash Join  (cost=70241.71..137883.36 rows=81335 width=8) (actual time=1198.696..2584.290 rows=55281 loops=1)
              Hash Cond: (mc.movie_id = t.id)
              ->  Seq Scan on movie_companies mc  (cost=0.00..51404.11 rows=1279517 width=4) (actual time=113.272..964.118 rows=1274246 loops=1)
                    Filter: (company_type_id = 1)
                    Rows Removed by Filter: 1334883
              ->  Hash  (cost=67604.59..67604.59 rows=160730 width=4) (actual time=1084.526..1084.526 rows=160017 loops=1)
                    Buckets: 131072  Batches: 4  Memory Usage: 2436kB
                    ->  Seq Scan on title t  (cost=0.00..67604.59 rows=160730 width=4) (actual time=0.031..1029.037 rows=160017 loops=1)
                          Filter: (production_year = 2011)
                          Rows Removed by Filter: 2368295
Planning time: 1.205 ms
Execution time: 22179.273 ms
