Seq Scan on cast_info ci  (cost=0.00..705507.15 rows=17288658 width=0) (actual time=733.704..13058.500 rows=17394920 loops=1)
  Filter: (person_id > 1877589)
  Rows Removed by Filter: 18849424
Planning time: 0.353 ms
Execution time: 15222.359 ms
