Hash Join  (cost=75870.49..563048.52 rows=690910 width=0) (actual time=1352.149..14420.399 rows=2551065 loops=1)
  Hash Cond: (mi.movie_id = t.id)
  ->  Seq Scan on movie_info mi  (cost=0.00..309384.22 rows=14739122 width=4) (actual time=0.015..6083.426 rows=14835720 loops=1)
  ->  Hash  (cost=73925.90..73925.90 rows=118527 width=4) (actual time=1349.467..1349.467 rows=217379 loops=1)
        Buckets: 131072 (originally 131072)  Batches: 4 (originally 2)  Memory Usage: 3073kB
        ->  Seq Scan on title t  (cost=0.00..73925.90 rows=118527 width=4) (actual time=0.026..1267.339 rows=217379 loops=1)
              Filter: ((kind_id < 7) AND (production_year < 1965))
              Rows Removed by Filter: 2310933
Planning time: 0.809 ms
Execution time: 14741.209 ms
