Seq Scan on movie_keyword mk  (cost=0.00..81003.12 rows=3627613 width=0) (actual time=0.017..1663.254 rows=3620075 loops=1)
  Filter: (keyword_id > 856)
  Rows Removed by Filter: 903855
Planning time: 2.831 ms
Execution time: 2110.154 ms
