Seq Scan on movie_keyword mk  (cost=0.00..81003.12 rows=246 width=0) (actual time=2.072..1305.694 rows=435 loops=1)
  Filter: (keyword_id = 20004)
  Rows Removed by Filter: 4523495
Planning time: 0.251 ms
Execution time: 1305.940 ms
