Hash Join  (cost=138527.12..1234574.04 rows=6059081 width=0) (actual time=2809.157..35029.796 rows=8653017 loops=1)
  Hash Cond: (ci.movie_id = t.id)
  ->  Seq Scan on cast_info ci  (cost=0.00..614943.12 rows=36225612 width=4) (actual time=0.025..13397.400 rows=36244344 loops=1)
  ->  Hash  (cost=131587.62..131587.62 rows=422920 width=8) (actual time=2807.865..2807.865 rows=210030 loops=1)
        Buckets: 131072  Batches: 8  Memory Usage: 2041kB
        ->  Hash Join  (cost=86638.94..131587.62 rows=422920 width=8) (actual time=1492.170..2745.530 rows=210030 loops=1)
              Hash Cond: (mi_idx.movie_id = t.id)
              ->  Seq Scan on movie_info_idx mi_idx  (cost=0.00..21735.35 rows=1380035 width=4) (actual time=0.016..480.094 rows=1380035 loops=1)
              ->  Hash  (cost=73925.90..73925.90 rows=774883 width=4) (actual time=1490.713..1490.713 rows=844431 loops=1)
                    Buckets: 131072  Batches: 16  Memory Usage: 2888kB
                    ->  Seq Scan on title t  (cost=0.00..73925.90 rows=774883 width=4) (actual time=0.029..1223.515 rows=844431 loops=1)
                          Filter: ((kind_id > 4) AND (production_year > 2002))
                          Rows Removed by Filter: 1683881
Planning time: 0.854 ms
Execution time: 35986.722 ms
