Hash Join  (cost=75347.43..199237.92 rows=154945 width=0) (actual time=1611.967..3961.088 rows=466259 loops=1)
  Hash Cond: (mk.movie_id = t.id)
  ->  Seq Scan on movie_keyword mk  (cost=0.00..69693.30 rows=4523930 width=4) (actual time=0.025..1215.613 rows=4523930 loops=1)
  ->  Hash  (cost=73925.90..73925.90 rows=86602 width=4) (actual time=1373.137..1373.137 rows=117578 loops=1)
        Buckets: 131072  Batches: 2  Memory Usage: 3095kB
        ->  Seq Scan on title t  (cost=0.00..73925.90 rows=86602 width=4) (actual time=448.661..1330.112 rows=117578 loops=1)
              Filter: ((production_year > 1982) AND (kind_id = 4))
              Rows Removed by Filter: 2410734
Planning time: 0.771 ms
Execution time: 4013.234 ms
