Hash Join  (cost=102767.86..1024611.11 rows=4816374 width=0) (actual time=1903.169..22422.838 rows=5470858 loops=1)
  Hash Cond: (ci.movie_id = t.id)
  ->  Seq Scan on cast_info ci  (cost=0.00..796071.18 rows=4816374 width=4) (actual time=0.020..15300.170 rows=5470858 loops=1)
        Filter: ((person_id < 2443402) AND (role_id = 2))
        Rows Removed by Filter: 30773486
  ->  Hash  (cost=61283.27..61283.27 rows=2528527 width=4) (actual time=1901.872..1901.872 rows=2528312 loops=1)
        Buckets: 131072  Batches: 64  Memory Usage: 2415kB
        ->  Seq Scan on title t  (cost=0.00..61283.27 rows=2528527 width=4) (actual time=0.017..1073.491 rows=2528312 loops=1)
Planning time: 0.839 ms
Execution time: 23048.349 ms
