Hash Join  (cost=111902.97..478196.07 rows=163718 width=0) (actual time=5067.855..26669.210 rows=125176 loops=1)
  Hash Cond: (mi.movie_id = t.id)
  ->  Seq Scan on movie_info mi  (cost=0.00..309384.22 rows=14739122 width=4) (actual time=0.013..17133.347 rows=14835720 loops=1)
  ->  Hash  (cost=111551.89..111551.89 rows=28086 width=8) (actual time=5028.304..5028.304 rows=13746 loops=1)
        Buckets: 32768  Batches: 1  Memory Usage: 793kB
        ->  Hash Join  (cost=75199.97..111551.89 rows=28086 width=8) (actual time=3520.856..5022.996 rows=13746 loops=1)
              Hash Cond: (mi_idx.movie_id = t.id)
              ->  Seq Scan on movie_info_idx mi_idx  (cost=0.00..25185.44 rows=915101 width=4) (actual time=0.024..1367.316 rows=919850 loops=1)
                    Filter: (info_type_id < 101)
                    Rows Removed by Filter: 460185
              ->  Hash  (cost=73925.90..73925.90 rows=77605 width=4) (actual time=3209.363..3209.363 rows=84684 loops=1)
                    Buckets: 131072  Batches: 2  Memory Usage: 2512kB
                    ->  Seq Scan on title t  (cost=0.00..73925.90 rows=77605 width=4) (actual time=0.022..3175.041 rows=84684 loops=1)
                          Filter: ((kind_id = 7) AND (production_year = 2009))
                          Rows Removed by Filter: 2443628
Planning time: 1.120 ms
Execution time: 26687.048 ms
