Hash Join  (cost=102767.86..1144373.48 rows=13557198 width=0) (actual time=1938.077..26864.618 rows=13714142 loops=1)
  Hash Cond: (ci.movie_id = t.id)
  ->  Seq Scan on cast_info ci  (cost=0.00..705507.15 rows=13557198 width=4) (actual time=0.028..13511.351 rows=13714142 loops=1)
        Filter: (person_id > 2298523)
        Rows Removed by Filter: 22530202
  ->  Hash  (cost=61283.27..61283.27 rows=2528527 width=4) (actual time=1936.146..1936.146 rows=2528312 loops=1)
        Buckets: 131072  Batches: 64  Memory Usage: 2415kB
        ->  Seq Scan on title t  (cost=0.00..61283.27 rows=2528527 width=4) (actual time=0.020..1068.331 rows=2528312 loops=1)
Planning time: 0.813 ms
Execution time: 28379.528 ms
