Hash Join  (cost=449715.22..1274146.35 rows=855337 width=0) (actual time=7954.273..33126.418 rows=26530202 loops=1)
  Hash Cond: (ci.movie_id = t.id)
  ->  Seq Scan on cast_info ci  (cost=0.00..705507.15 rows=9468168 width=4) (actual time=0.025..13890.908 rows=9384703 loops=1)
        Filter: (role_id > 4)
        Rows Removed by Filter: 26859641
  ->  Hash  (cost=445966.95..445966.95 rows=228422 width=8) (actual time=7953.050..7953.050 rows=697452 loops=1)
        Buckets: 131072 (originally 131072)  Batches: 16 (originally 4)  Memory Usage: 3073kB
        ->  Hash Join  (cost=82108.53..445966.95 rows=228422 width=8) (actual time=4040.836..7577.383 rows=697452 loops=1)
              Hash Cond: (mi.movie_id = t.id)
              ->  Seq Scan on movie_info mi  (cost=0.00..346232.03 rows=1158179 width=4) (actual time=2665.839..5570.278 rows=1204709 loops=1)
                    Filter: (info_type_id > 18)
                    Rows Removed by Filter: 13631011
              ->  Hash  (cost=73925.90..73925.90 rows=498690 width=4) (actual time=1276.986..1276.986 rows=369177 loops=1)
                    Buckets: 131072  Batches: 8  Memory Usage: 2661kB
                    ->  Seq Scan on title t  (cost=0.00..73925.90 rows=498690 width=4) (actual time=192.316..1163.750 rows=369177 loops=1)
                          Filter: ((kind_id < 2) AND (production_year > 1983))
                          Rows Removed by Filter: 2159135
Planning time: 1.231 ms
Execution time: 36081.427 ms
