Hash Join  (cost=102767.86..181240.82 rows=443325 width=0) (actual time=1652.717..3149.754 rows=252961 loops=1)
  Hash Cond: (mc.movie_id = t.id)
  ->  Seq Scan on movie_companies mc  (cost=0.00..57926.93 rows=443325 width=4) (actual time=0.036..898.548 rows=252961 loops=1)
        Filter: ((company_id < 2561) AND (company_type_id > 1))
        Rows Removed by Filter: 2356168
  ->  Hash  (cost=61283.27..61283.27 rows=2528527 width=4) (actual time=1651.247..1651.247 rows=2528312 loops=1)
        Buckets: 131072  Batches: 64  Memory Usage: 2415kB
        ->  Seq Scan on title t  (cost=0.00..61283.27 rows=2528527 width=4) (actual time=0.010..835.074 rows=2528312 loops=1)
Planning time: 0.743 ms
Execution time: 3180.177 ms
