Hash Join  (cost=131693.76..218945.21 rows=59341 width=0) (actual time=2105.040..3475.067 rows=395420 loops=1)
  Hash Cond: (mk.movie_id = t.id)
  ->  Seq Scan on movie_keyword mk  (cost=0.00..69693.30 rows=4523930 width=4) (actual time=0.018..619.140 rows=4523930 loops=1)
  ->  Hash  (cost=131279.18..131279.18 rows=33167 width=8) (actual time=2104.603..2104.603 rows=51061 loops=1)
        Buckets: 65536  Batches: 1  Memory Usage: 2507kB
        ->  Hash Join  (cost=74745.21..131279.18 rows=33167 width=8) (actual time=990.632..2084.980 rows=51061 loops=1)
              Hash Cond: (mc.movie_id = t.id)
              ->  Seq Scan on movie_companies mc  (cost=0.00..51404.11 rows=1279517 width=4) (actual time=0.025..797.001 rows=1274246 loops=1)
                    Filter: (company_type_id = 1)
                    Rows Removed by Filter: 1334883
              ->  Hash  (cost=73925.90..73925.90 rows=65544 width=4) (actual time=989.931..989.931 rows=62209 loops=1)
                    Buckets: 131072  Batches: 1  Memory Usage: 3212kB
                    ->  Seq Scan on title t  (cost=0.00..73925.90 rows=65544 width=4) (actual time=0.011..962.344 rows=62209 loops=1)
                          Filter: ((production_year < 2006) AND (kind_id = 4))
                          Rows Removed by Filter: 2466103
Planning time: 1.179 ms
Execution time: 3513.606 ms
