Hash Join  (cost=201020.09..751055.75 rows=6581873 width=0) (actual time=10370.473..45084.739 rows=4712361 loops=1)
  Hash Cond: (mi.movie_id = t.id)
  ->  Seq Scan on movie_info mi  (cost=0.00..309384.22 rows=14739122 width=4) (actual time=0.010..22809.128 rows=14835720 loops=1)
  ->  Hash  (cost=182494.92..182494.92 rows=1129134 width=8) (actual time=10363.154..10363.154 rows=522971 loops=1)
        Buckets: 131072  Batches: 16  Memory Usage: 2300kB
        ->  Hash Join  (cost=91879.05..182494.92 rows=1129134 width=8) (actual time=4900.869..10166.238 rows=522971 loops=1)
              Hash Cond: (mc.movie_id = t.id)
              ->  Seq Scan on movie_companies mc  (cost=0.00..44881.29 rows=2609129 width=4) (actual time=0.020..3088.590 rows=2609129 loops=1)
              ->  Hash  (cost=73925.90..73925.90 rows=1094252 width=4) (actual time=4899.934..4899.934 rows=1044222 loops=1)
                    Buckets: 131072  Batches: 16  Memory Usage: 3319kB
                    ->  Seq Scan on title t  (cost=0.00..73925.90 rows=1094252 width=4) (actual time=0.030..4384.444 rows=1044222 loops=1)
                          Filter: ((production_year < 2009) AND (kind_id = 7))
                          Rows Removed by Filter: 1484090
Planning time: 1.064 ms
Execution time: 45814.732 ms
