Nested Loop  (cost=0.43..52283.69 rows=104 width=0) (actual time=74.420..858.444 rows=19 loops=1)
  ->  Seq Scan on movie_companies mc  (cost=0.00..51404.11 rows=104 width=4) (actual time=74.313..858.078 rows=19 loops=1)
        Filter: (company_id = 77480)
        Rows Removed by Filter: 2609110
  ->  Index Only Scan using title_pkey on title t  (cost=0.43..8.45 rows=1 width=4) (actual time=0.017..0.018 rows=1 loops=19)
        Index Cond: (id = mc.movie_id)
        Heap Fetches: 19
Planning time: 0.749 ms
Execution time: 858.513 ms
