Nested Loop  (cost=0.43..83072.90 rows=86 width=0) (actual time=340.707..1285.508 rows=16 loops=1)
  ->  Seq Scan on movie_keyword mk  (cost=0.00..81003.12 rows=246 width=4) (actual time=1.928..1279.823 rows=151 loops=1)
        Filter: (keyword_id = 929)
        Rows Removed by Filter: 4523779
  ->  Index Scan using title_pkey on title t  (cost=0.43..8.40 rows=1 width=4) (actual time=0.034..0.034 rows=0 loops=151)
        Index Cond: (id = mk.movie_id)
        Filter: ((production_year < 2006) AND (kind_id = 7))
        Rows Removed by Filter: 1
Planning time: 0.533 ms
Execution time: 1285.617 ms
