Hash Join  (cost=102767.86..229505.12 rows=1490101 width=0) (actual time=1989.686..4969.683 rows=1506323 loops=1)
  Hash Cond: (mk.movie_id = t.id)
  ->  Seq Scan on movie_keyword mk  (cost=0.00..81003.12 rows=1490101 width=4) (actual time=0.011..1432.574 rows=1506323 loops=1)
        Filter: (keyword_id > 10755)
        Rows Removed by Filter: 3017607
  ->  Hash  (cost=61283.27..61283.27 rows=2528527 width=4) (actual time=1988.287..1988.287 rows=2528312 loops=1)
        Buckets: 131072  Batches: 64  Memory Usage: 2425kB
        ->  Seq Scan on title t  (cost=0.00..61283.27 rows=2528527 width=4) (actual time=0.008..1117.931 rows=2528312 loops=1)
Planning time: 0.532 ms
Execution time: 5154.321 ms
