Hash Join  (cost=98137.04..1111983.89 rows=7680343 width=0) (actual time=2429.350..21675.575 rows=3896176 loops=1)
  Hash Cond: (ci.movie_id = t.id)
  ->  Seq Scan on cast_info ci  (cost=0.00..796071.18 rows=10435248 width=4) (actual time=507.368..15056.748 rows=5617640 loops=1)
        Filter: ((person_id < 2375382) AND (role_id > 2))
        Rows Removed by Filter: 30626704
  ->  Hash  (cost=67604.59..67604.59 rows=1860996 width=4) (actual time=1921.106..1921.106 rows=1865487 loops=1)
        Buckets: 131072  Batches: 32  Memory Usage: 3079kB
        ->  Seq Scan on title t  (cost=0.00..67604.59 rows=1860996 width=4) (actual time=0.025..1313.594 rows=1865487 loops=1)
              Filter: (kind_id > 1)
              Rows Removed by Filter: 662825
Planning time: 3.615 ms
Execution time: 22093.218 ms
