Hash Join  (cost=74325.39..425046.98 rows=14639 width=0) (actual time=1055.874..6765.794 rows=8084 loops=1)
  Hash Cond: (mi.movie_id = t.id)
  ->  Seq Scan on movie_info mi  (cost=0.00..346232.03 rows=1158179 width=4) (actual time=0.018..5478.802 rows=1204709 loops=1)
        Filter: (info_type_id > 18)
        Rows Removed by Filter: 13631011
  ->  Hash  (cost=73925.90..73925.90 rows=31959 width=4) (actual time=1055.656..1055.656 rows=18823 loops=1)
        Buckets: 32768  Batches: 1  Memory Usage: 918kB
        ->  Seq Scan on title t  (cost=0.00..73925.90 rows=31959 width=4) (actual time=354.491..1047.925 rows=18823 loops=1)
              Filter: ((production_year > 2007) AND (kind_id = 3))
              Rows Removed by Filter: 2509489
Planning time: 0.781 ms
Execution time: 6767.223 ms
