Hash Join  (cost=102767.86..291584.63 rows=4070009 width=0) (actual time=5996.214..17281.161 rows=4072618 loops=1)
  Hash Cond: (mk.movie_id = t.id)
  ->  Seq Scan on movie_keyword mk  (cost=0.00..81003.12 rows=4070009 width=4) (actual time=0.012..6348.285 rows=4072618 loops=1)
        Filter: (keyword_id < 39271)
        Rows Removed by Filter: 451312
  ->  Hash  (cost=61283.27..61283.27 rows=2528527 width=4) (actual time=5995.254..5995.254 rows=2528312 loops=1)
        Buckets: 131072  Batches: 64  Memory Usage: 2425kB
        ->  Seq Scan on title t  (cost=0.00..61283.27 rows=2528527 width=4) (actual time=0.006..4494.666 rows=2528312 loops=1)
Planning time: 0.646 ms
Execution time: 17874.831 ms
