Hash Join  (cost=225682.72..765514.45 rows=5625578 width=0) (actual time=4581.480..18649.176 rows=2579606 loops=1)
  Hash Cond: (mi.movie_id = t.id)
  ->  Seq Scan on movie_info mi  (cost=0.00..309384.22 rows=14739122 width=4) (actual time=0.020..5789.260 rows=14835720 loops=1)
  ->  Hash  (cost=209849.22..209849.22 rows=965080 width=8) (actual time=4551.291..4551.291 rows=250338 loops=1)
        Buckets: 131072  Batches: 16  Memory Usage: 1654kB
        ->  Hash Join  (cost=92883.59..209849.22 rows=965080 width=8) (actual time=2301.446..4471.974 rows=250338 loops=1)
              Hash Cond: (mk.movie_id = t.id)
              ->  Seq Scan on movie_keyword mk  (cost=0.00..81003.12 rows=1583742 width=4) (actual time=0.025..1413.331 rows=1598438 loops=1)
                    Filter: (keyword_id > 9609)
                    Rows Removed by Filter: 2925492
              ->  Hash  (cost=67604.59..67604.59 rows=1540800 width=4) (actual time=1707.374..1707.374 rows=1543264 loops=1)
                    Buckets: 131072  Batches: 32  Memory Usage: 2728kB
                    ->  Seq Scan on title t  (cost=0.00..67604.59 rows=1540800 width=4) (actual time=0.022..1186.430 rows=1543264 loops=1)
                          Filter: (kind_id = 7)
                          Rows Removed by Filter: 985048
Planning time: 1.194 ms
Execution time: 18941.272 ms
