Seq Scan on movie_companies mc  (cost=0.00..57926.93 rows=1120760 width=0) (actual time=347.443..1081.599 rows=1238644 loops=1)
  Filter: ((company_id > 264) AND (company_type_id > 1))
  Rows Removed by Filter: 1370485
Planning time: 0.337 ms
Execution time: 1238.012 ms
