Hash Join  (cost=74283.51..871050.61 rows=2038 width=0) (actual time=9863.686..14378.765 rows=984 loops=1)
  Hash Cond: (ci.movie_id = t.id)
  ->  Seq Scan on cast_info ci  (cost=0.00..796071.18 rows=180146 width=4) (actual time=8498.166..12990.089 rows=72829 loops=1)
        Filter: ((person_id < 1843906) AND (role_id = 11))
        Rows Removed by Filter: 36171515
  ->  Hash  (cost=73925.90..73925.90 rows=28608 width=4) (actual time=1364.236..1364.236 rows=32134 loops=1)
        Buckets: 32768  Batches: 1  Memory Usage: 1386kB
        ->  Seq Scan on title t  (cost=0.00..73925.90 rows=28608 width=4) (actual time=286.672..1350.667 rows=32134 loops=1)
              Filter: ((kind_id = 7) AND (production_year = 1998))
              Rows Removed by Filter: 2496178
Planning time: 0.846 ms
Execution time: 14379.133 ms
