Hash Join  (cost=123984.52..208233.55 rows=1283 width=0) (actual time=2304.859..3903.399 rows=356 loops=1)
  Hash Cond: (mk.movie_id = t.id)
  ->  Seq Scan on movie_keyword mk  (cost=0.00..81003.12 rows=862155 width=4) (actual time=0.028..1457.230 rows=870587 loops=1)
        Filter: (keyword_id > 21181)
        Rows Removed by Filter: 3653343
  ->  Hash  (cost=123937.48..123937.48 rows=3763 width=8) (actual time=2296.139..2296.139 rows=5866 loops=1)
        Buckets: 8192 (originally 4096)  Batches: 1 (originally 1)  Memory Usage: 294kB
        ->  Hash Join  (cost=67697.55..123937.48 rows=3763 width=8) (actual time=1118.154..2293.368 rows=5866 loops=1)
              Hash Cond: (mc.movie_id = t.id)
              ->  Seq Scan on movie_companies mc  (cost=0.00..51404.11 rows=1279517 width=4) (actual time=0.031..951.964 rows=1274246 loops=1)
                    Filter: (company_type_id = 1)
                    Rows Removed by Filter: 1334883
              ->  Hash  (cost=67604.59..67604.59 rows=7437 width=4) (actual time=1117.984..1117.984 rows=5945 loops=1)
                    Buckets: 8192  Batches: 1  Memory Usage: 274kB
                    ->  Seq Scan on title t  (cost=0.00..67604.59 rows=7437 width=4) (actual time=290.948..1115.240 rows=5945 loops=1)
                          Filter: (production_year = 1911)
                          Rows Removed by Filter: 2522367
Planning time: 1.165 ms
Execution time: 3903.729 ms
