Seq Scan on movie_companies mc  (cost=0.00..57926.93 rows=51 width=0) (actual time=16.675..837.939 rows=4 loops=1)
  Filter: ((company_type_id < 2) AND (company_id = 873))
  Rows Removed by Filter: 2609125
Planning time: 0.398 ms
Execution time: 838.042 ms
