Hash Join  (cost=160526.42..1016770.36 rows=1270755 width=0) (actual time=4782.680..19927.215 rows=1623696 loops=1)
  Hash Cond: (ci.movie_id = t.id)
  ->  Seq Scan on cast_info ci  (cost=0.00..796071.18 rows=3820856 width=4) (actual time=1464.804..15218.511 rows=1866640 loops=1)
        Filter: ((person_id < 3283769) AND (role_id = 10))
        Rows Removed by Filter: 34377704
  ->  Hash  (cost=146729.58..146729.58 rows=840947 width=8) (actual time=3315.476..3315.476 rows=425718 loops=1)
        Buckets: 131072  Batches: 16  Memory Usage: 2062kB
        ->  Hash Join  (cost=92883.59..146729.58 rows=840947 width=8) (actual time=1643.620..3185.681 rows=425718 loops=1)
              Hash Cond: (mi_idx.movie_id = t.id)
              ->  Seq Scan on movie_info_idx mi_idx  (cost=0.00..21735.35 rows=1380035 width=4) (actual time=0.031..473.601 rows=1380035 loops=1)
              ->  Hash  (cost=67604.59..67604.59 rows=1540800 width=4) (actual time=1642.546..1642.546 rows=1543264 loops=1)
                    Buckets: 131072  Batches: 32  Memory Usage: 2722kB
                    ->  Seq Scan on title t  (cost=0.00..67604.59 rows=1540800 width=4) (actual time=104.353..1144.021 rows=1543264 loops=1)
                          Filter: (kind_id = 7)
                          Rows Removed by Filter: 985048
Planning time: 1.242 ms
Execution time: 20122.425 ms
