Hash Join  (cost=233233.03..1591125.59 rows=27140638 width=0) (actual time=5564.015..53454.999 rows=60148442 loops=1)
  Hash Cond: (ci.movie_id = t.id)
  ->  Seq Scan on cast_info ci  (cost=0.00..614943.12 rows=36225612 width=4) (actual time=0.029..13035.135 rows=36244344 loops=1)
  ->  Hash  (cost=202152.02..202152.02 rows=1894401 width=8) (actual time=5562.522..5562.522 rows=1603463 loops=1)
        Buckets: 131072  Batches: 32  Memory Usage: 2949kB
        ->  Hash Join  (cost=97725.07..202152.02 rows=1894401 width=8) (actual time=1980.132..5075.820 rows=1603463 loops=1)
              Hash Cond: (mc.movie_id = t.id)
              ->  Seq Scan on movie_companies mc  (cost=0.00..44881.29 rows=2609129 width=4) (actual time=0.028..863.191 rows=2609129 loops=1)
              ->  Hash  (cost=67604.59..67604.59 rows=1835879 width=4) (actual time=1979.435..1979.435 rows=1833367 loops=1)
                    Buckets: 131072  Batches: 32  Memory Usage: 3045kB
                    ->  Seq Scan on title t  (cost=0.00..67604.59 rows=1835879 width=4) (actual time=0.017..1358.392 rows=1833367 loops=1)
                          Filter: (production_year > 1986)
                          Rows Removed by Filter: 694945
Planning time: 1.215 ms
Execution time: 60144.110 ms
