Hash Join  (cost=615588.04..2042685.27 rows=34059013 width=0) (actual time=11975.767..44076.713 rows=16163009 loops=1)
  Hash Cond: (ci.movie_id = t.id)
  ->  Seq Scan on cast_info ci  (cost=0.00..705507.15 rows=23964788 width=4) (actual time=0.024..15097.123 rows=24069768 loops=1)
        Filter: (person_id > 1198735)
        Rows Removed by Filter: 12174576
  ->  Hash  (cost=556630.42..556630.42 rows=3593570 width=8) (actual time=11973.918..11973.918 rows=1079219 loops=1)
        Buckets: 131072  Batches: 64  Memory Usage: 1666kB
        ->  Hash Join  (cost=92883.59..556630.42 rows=3593570 width=8) (actual time=3080.750..11657.120 rows=1079219 loops=1)
              Hash Cond: (mi.movie_id = t.id)
              ->  Seq Scan on movie_info mi  (cost=0.00..346232.03 rows=5897221 width=4) (actual time=1291.281..6329.825 rows=5884963 loops=1)
                    Filter: (info_type_id < 7)
                    Rows Removed by Filter: 8950757
              ->  Hash  (cost=67604.59..67604.59 rows=1540800 width=4) (actual time=1788.593..1788.593 rows=1543264 loops=1)
                    Buckets: 131072  Batches: 32  Memory Usage: 2728kB
                    ->  Seq Scan on title t  (cost=0.00..67604.59 rows=1540800 width=4) (actual time=260.300..1274.677 rows=1543264 loops=1)
                          Filter: (kind_id = 7)
                          Rows Removed by Filter: 985048
Planning time: 1.217 ms
Execution time: 45912.154 ms
