Seq Scan on movie_companies mc  (cost=0.00..51404.11 rows=104 width=0) (actual time=160.857..782.685 rows=11 loops=1)
  Filter: (company_id = 15046)
  Rows Removed by Filter: 2609118
Planning time: 0.354 ms
Execution time: 782.762 ms
