Hash Join  (cost=257991.36..1047134.76 rows=2598875 width=0) (actual time=7400.772..25627.495 rows=12375294 loops=1)
  Hash Cond: (ci.movie_id = t.id)
  ->  Seq Scan on cast_info ci  (cost=0.00..705507.15 rows=3998100 width=4) (actual time=364.293..13102.181 rows=4008037 loops=1)
        Filter: (role_id = 3)
        Rows Removed by Filter: 32236307
  ->  Hash  (cost=231025.21..231025.21 rows=1643612 width=8) (actual time=7034.958..7034.958 rows=3777582 loops=1)
        Buckets: 131072 (originally 131072)  Batches: 64 (originally 32)  Memory Usage: 3371kB
        ->  Hash Join  (cost=88998.05..231025.21 rows=1643612 width=8) (actual time=1520.584..5977.578 rows=3777582 loops=1)
              Hash Cond: (mk.movie_id = t.id)
              ->  Seq Scan on movie_keyword mk  (cost=0.00..69693.30 rows=4523930 width=4) (actual time=0.027..1448.086 rows=4523930 loops=1)
              ->  Hash  (cost=73925.90..73925.90 rows=918652 width=4) (actual time=1519.396..1519.396 rows=868039 loops=1)
                    Buckets: 131072  Batches: 16  Memory Usage: 2943kB
                    ->  Seq Scan on title t  (cost=0.00..73925.90 rows=918652 width=4) (actual time=0.022..1234.504 rows=868039 loops=1)
                          Filter: ((kind_id < 7) AND (production_year > 1927))
                          Rows Removed by Filter: 1660273
Planning time: 1.183 ms
Execution time: 27028.362 ms
