Hash Join  (cost=94699.36..192005.34 rows=6949 width=0) (actual time=1611.675..3867.229 rows=3213 loops=1)
  Hash Cond: (mk.movie_id = t.id)
  ->  Seq Scan on movie_keyword mk  (cost=0.00..81003.12 rows=4328897 width=4) (actual time=0.025..1645.970 rows=4315625 loops=1)
        Filter: (keyword_id > 137)
        Rows Removed by Filter: 208305
  ->  Hash  (cost=94648.62..94648.62 rows=4059 width=8) (actual time=1610.959..1610.959 rows=741 loops=1)
        Buckets: 4096  Batches: 1  Memory Usage: 61kB
        ->  Hash Join  (cost=67697.55..94648.62 rows=4059 width=8) (actual time=965.095..1610.550 rows=741 loops=1)
              Hash Cond: (mi_idx.movie_id = t.id)
              ->  Seq Scan on movie_info_idx mi_idx  (cost=0.00..21735.35 rows=1380035 width=4) (actual time=0.016..351.155 rows=1380035 loops=1)
              ->  Hash  (cost=67604.59..67604.59 rows=7437 width=4) (actual time=962.575..962.575 rows=8125 loops=1)
                    Buckets: 8192  Batches: 1  Memory Usage: 350kB
                    ->  Seq Scan on title t  (cost=0.00..67604.59 rows=7437 width=4) (actual time=7.305..959.156 rows=8125 loops=1)
                          Filter: (production_year = 1914)
                          Rows Removed by Filter: 2520187
Planning time: 1.027 ms
Execution time: 3867.835 ms
