Hash Join  (cost=97835.13..1346114.96 rows=20878366 width=0) (actual time=2345.878..39996.508 rows=20540814 loops=1)
  Hash Cond: (ci.movie_id = t.id)
  ->  Seq Scan on cast_info ci  (cost=0.00..614943.12 rows=36225612 width=4) (actual time=0.019..13444.285 rows=36244344 loops=1)
  ->  Hash  (cost=73925.90..73925.90 rows=1457298 width=4) (actual time=2344.930..2344.930 rows=1438183 loops=1)
        Buckets: 131072  Batches: 32  Memory Usage: 2604kB
        ->  Seq Scan on title t  (cost=0.00..73925.90 rows=1457298 width=4) (actual time=140.766..1538.141 rows=1438183 loops=1)
              Filter: ((production_year < 2013) AND (kind_id = 7))
              Rows Removed by Filter: 1090129
Planning time: 0.853 ms
Execution time: 42233.158 ms
