Seq Scan on cast_info ci  (cost=0.00..796071.18 rows=622197 width=0) (actual time=9262.573..12153.335 rows=2551602 loops=1)
  Filter: ((person_id > 3133176) AND (role_id = 10))
  Rows Removed by Filter: 33692742
Planning time: 0.263 ms
Execution time: 12464.053 ms
