Hash Join  (cost=74553.12..101531.64 rows=9012 width=0) (actual time=1378.765..1832.885 rows=10610 loops=1)
  Hash Cond: (mi_idx.movie_id = t.id)
  ->  Seq Scan on movie_info_idx mi_idx  (cost=0.00..25185.44 rows=454124 width=4) (actual time=0.023..503.186 rows=459925 loops=1)
        Filter: (info_type_id = 100)
        Rows Removed by Filter: 920110
  ->  Hash  (cost=73925.90..73925.90 rows=50177 width=4) (actual time=1180.302..1180.302 rows=64542 loops=1)
        Buckets: 65536  Batches: 1  Memory Usage: 2782kB
        ->  Seq Scan on title t  (cost=0.00..73925.90 rows=50177 width=4) (actual time=240.976..1158.093 rows=64542 loops=1)
              Filter: ((production_year > 2004) AND (kind_id = 4))
              Rows Removed by Filter: 2463770
Planning time: 0.802 ms
Execution time: 1834.720 ms
