Hash Join  (cost=194952.14..1072847.51 rows=295995 width=0) (actual time=6419.564..26577.913 rows=699650 loops=1)
  Hash Cond: (ci.movie_id = t.id)
  ->  Seq Scan on cast_info ci  (cost=0.00..796071.18 rows=21030466 width=4) (actual time=2661.128..16671.971 rows=24477602 loops=1)
        Filter: ((person_id < 2821816) AND (role_id < 6))
        Rows Removed by Filter: 11766742
  ->  Hash  (cost=194507.29..194507.29 rows=35588 width=8) (actual time=3757.838..3757.838 rows=34710 loops=1)
        Buckets: 65536  Batches: 1  Memory Usage: 1868kB
        ->  Hash Join  (cost=102767.86..194507.29 rows=35588 width=8) (actual time=2035.540..3745.251 rows=34710 loops=1)
              Hash Cond: (mk.movie_id = t.id)
              ->  Seq Scan on movie_keyword mk  (cost=0.00..81003.12 rows=35588 width=4) (actual time=0.086..1303.772 rows=34710 loops=1)
                    Filter: (keyword_id = 2488)
                    Rows Removed by Filter: 4489220
              ->  Hash  (cost=61283.27..61283.27 rows=2528527 width=4) (actual time=2034.518..2034.518 rows=2528312 loops=1)
                    Buckets: 131072  Batches: 64  Memory Usage: 2425kB
                    ->  Seq Scan on title t  (cost=0.00..61283.27 rows=2528527 width=4) (actual time=0.017..1148.587 rows=2528312 loops=1)
Planning time: 1.221 ms
Execution time: 26675.736 ms
