Seq Scan on movie_keyword mk  (cost=0.00..81003.12 rows=3709119 width=0) (actual time=0.021..1645.327 rows=3702977 loops=1)
  Filter: (keyword_id < 22340)
  Rows Removed by Filter: 820953
Planning time: 0.345 ms
Execution time: 2105.760 ms
