Hash Join  (cost=495825.05..570970.69 rows=480049 width=0) (actual time=9005.683..11139.992 rows=2201550 loops=1)
  Hash Cond: (mc.movie_id = t.id)
  ->  Seq Scan on movie_companies mc  (cost=0.00..51404.11 rows=1329612 width=4) (actual time=126.541..1059.851 rows=1334883 loops=1)
        Filter: (company_type_id = 2)
        Rows Removed by Filter: 1274246
  ->  Hash  (cost=480846.67..480846.67 rows=912910 width=8) (actual time=8878.129..8878.129 rows=968365 loops=1)
        Buckets: 131072  Batches: 16  Memory Usage: 3358kB
        ->  Hash Join  (cost=102767.86..480846.67 rows=912910 width=8) (actual time=1956.065..8589.323 rows=968365 loops=1)
              Hash Cond: (mi.movie_id = t.id)
              ->  Seq Scan on movie_info mi  (cost=0.00..346232.03 rows=912910 width=4) (actual time=0.031..5410.025 rows=968365 loops=1)
                    Filter: (info_type_id > 93)
                    Rows Removed by Filter: 13867355
              ->  Hash  (cost=61283.27..61283.27 rows=2528527 width=4) (actual time=1954.930..1954.930 rows=2528312 loops=1)
                    Buckets: 131072  Batches: 64  Memory Usage: 2425kB
                    ->  Seq Scan on title t  (cost=0.00..61283.27 rows=2528527 width=4) (actual time=0.015..1103.701 rows=2528312 loops=1)
Planning time: 1.158 ms
Execution time: 11360.876 ms
