Seq Scan on movie_keyword mk  (cost=0.00..81003.12 rows=3936501 width=0) (actual time=0.030..4640.570 rows=3929022 loops=1)
  Filter: (keyword_id > 432)
  Rows Removed by Filter: 594908
Planning time: 3.257 ms
Execution time: 5360.966 ms
