Hash Join  (cost=82033.88..164113.50 rows=509910 width=0) (actual time=1433.212..3998.241 rows=1191497 loops=1)
  Hash Cond: (mc.movie_id = t.id)
  ->  Seq Scan on movie_companies mc  (cost=0.00..44881.29 rows=2609129 width=4) (actual time=0.015..887.519 rows=2609129 loops=1)
  ->  Hash  (cost=73925.90..73925.90 rows=494158 width=4) (actual time=1432.427..1432.427 rows=581419 loops=1)
        Buckets: 131072  Batches: 8  Memory Usage: 3592kB
        ->  Seq Scan on title t  (cost=0.00..73925.90 rows=494158 width=4) (actual time=0.026..1251.031 rows=581419 loops=1)
              Filter: ((kind_id < 7) AND (production_year < 2004))
              Rows Removed by Filter: 1946893
Planning time: 0.771 ms
Execution time: 4148.493 ms
