Hash Join  (cost=231737.44..320175.26 rows=971129 width=0) (actual time=4866.583..9011.207 rows=7530509 loops=1)
  Hash Cond: (mc.movie_id = t.id)
  ->  Seq Scan on movie_companies mc  (cost=0.00..44881.29 rows=2609129 width=4) (actual time=0.010..961.899 rows=2609129 loops=1)
  ->  Hash  (cost=216296.33..216296.33 rows=941129 width=8) (actual time=4865.730..4865.730 rows=952346 loops=1)
        Buckets: 131072  Batches: 16  Memory Usage: 3397kB
        ->  Hash Join  (cost=102767.86..216296.33 rows=941129 width=8) (actual time=1941.356..4587.127 rows=952346 loops=1)
              Hash Cond: (mk.movie_id = t.id)
              ->  Seq Scan on movie_keyword mk  (cost=0.00..81003.12 rows=941129 width=4) (actual time=0.016..1490.127 rows=952346 loops=1)
                    Filter: (keyword_id > 19940)
                    Rows Removed by Filter: 3571584
              ->  Hash  (cost=61283.27..61283.27 rows=2528527 width=4) (actual time=1939.392..1939.392 rows=2528312 loops=1)
                    Buckets: 131072  Batches: 64  Memory Usage: 2425kB
                    ->  Seq Scan on title t  (cost=0.00..61283.27 rows=2528527 width=4) (actual time=0.009..1068.846 rows=2528312 loops=1)
Planning time: 0.752 ms
Execution time: 9923.344 ms
