Seq Scan on movie_keyword mk  (cost=0.00..81003.12 rows=2321003 width=0) (actual time=0.022..1455.424 rows=2321263 loops=1)
  Filter: (keyword_id > 4423)
  Rows Removed by Filter: 2202667
Planning time: 0.318 ms
Execution time: 1743.892 ms
