Hash Join  (cost=908185.64..3288334.31 rows=106444179 width=0) (actual time=25808.324..116660.396 rows=257327884 loops=1)
  Hash Cond: (ci.movie_id = t.id)
  ->  Seq Scan on cast_info ci  (cost=0.00..705507.15 rows=23499554 width=4) (actual time=3070.722..16700.259 rows=23573656 loops=1)
        Filter: (role_id > 1)
        Rows Removed by Filter: 12670688
  ->  Hash  (cost=720279.64..720279.64 rows=11453280 width=8) (actual time=22735.876..22735.876 rows=10481108 loops=1)
        Buckets: 131072  Batches: 256  Memory Usage: 2612kB
        ->  Hash Join  (cost=99841.01..720279.64 rows=11453280 width=8) (actual time=2029.182..19907.661 rows=10481108 loops=1)
              Hash Cond: (mi.movie_id = t.id)
              ->  Seq Scan on movie_info mi  (cost=0.00..309384.22 rows=14739122 width=4) (actual time=0.022..6958.412 rows=14835720 loops=1)
              ->  Hash  (cost=67604.59..67604.59 rows=1964834 width=4) (actual time=2028.174..2028.174 rows=1962189 loops=1)
                    Buckets: 131072  Batches: 32  Memory Usage: 3196kB
                    ->  Seq Scan on title t  (cost=0.00..67604.59 rows=1964834 width=4) (actual time=0.026..1386.740 rows=1962189 loops=1)
                          Filter: (production_year > 1978)
                          Rows Removed by Filter: 566123
Planning time: 1.197 ms
Execution time: 144794.974 ms
