Nested Loop  (cost=0.43..709671.90 rows=500 width=0) (actual time=7572.165..11134.194 rows=121 loops=1)
  ->  Seq Scan on cast_info ci  (cost=0.00..705507.15 rows=500 width=4) (actual time=7572.065..11131.507 rows=121 loops=1)
        Filter: (person_id = 639035)
        Rows Removed by Filter: 36244223
  ->  Index Only Scan using title_pkey on title t  (cost=0.43..8.32 rows=1 width=4) (actual time=0.021..0.021 rows=1 loops=121)
        Index Cond: (id = ci.movie_id)
        Heap Fetches: 121
Planning time: 0.885 ms
Execution time: 11134.299 ms
