Hash Join  (cost=78846.40..952389.13 rows=709805 width=0) (actual time=12405.796..21815.921 rows=1087337 loops=1)
  Hash Cond: (ci.movie_id = t.id)
  ->  Seq Scan on cast_info ci  (cost=0.00..796071.18 rows=5984931 width=4) (actual time=11056.607..16550.533 rows=7450650 loops=1)
        Filter: ((person_id > 621014) AND (role_id = 2))
        Rows Removed by Filter: 28793694
  ->  Hash  (cost=73925.90..73925.90 rows=299880 width=4) (actual time=1348.048..1348.048 rows=391036 loops=1)
        Buckets: 131072 (originally 131072)  Batches: 8 (originally 4)  Memory Usage: 3073kB
        ->  Seq Scan on title t  (cost=0.00..73925.90 rows=299880 width=4) (actual time=0.035..1215.861 rows=391036 loops=1)
              Filter: ((production_year < 2002) AND (kind_id = 1))
              Rows Removed by Filter: 2137276
Planning time: 0.686 ms
Execution time: 21954.080 ms
