Seq Scan on movie_keyword mk  (cost=0.00..81003.12 rows=246 width=0) (actual time=1.745..3271.297 rows=1586 loops=1)
  Filter: (keyword_id = 25676)
  Rows Removed by Filter: 4522344
Planning time: 0.371 ms
Execution time: 3271.760 ms
