Hash Join  (cost=365418.15..2042350.54 rows=49527122 width=0) (actual time=8482.474..79474.388 rows=159310329 loops=1)
  Hash Cond: (ci.movie_id = t.id)
  ->  Seq Scan on cast_info ci  (cost=0.00..705507.15 rows=27681831 width=4) (actual time=0.019..15931.030 rows=27712096 loops=1)
        Filter: (person_id < 2833446)
        Rows Removed by Filter: 8532248
  ->  Hash  (cost=291197.02..291197.02 rows=4523930 width=8) (actual time=8479.101..8479.101 rows=4523930 loops=1)
        Buckets: 131072  Batches: 64  Memory Usage: 3816kB
        ->  Hash Join  (cost=102767.86..291197.02 rows=4523930 width=8) (actual time=1947.493..7169.682 rows=4523930 loops=1)
              Hash Cond: (mk.movie_id = t.id)
              ->  Seq Scan on movie_keyword mk  (cost=0.00..69693.30 rows=4523930 width=4) (actual time=0.012..1451.512 rows=4523930 loops=1)
              ->  Hash  (cost=61283.27..61283.27 rows=2528527 width=4) (actual time=1942.453..1942.453 rows=2528312 loops=1)
                    Buckets: 131072  Batches: 64  Memory Usage: 2425kB
                    ->  Seq Scan on title t  (cost=0.00..61283.27 rows=2528527 width=4) (actual time=0.016..1050.556 rows=2528312 loops=1)
Planning time: 1.132 ms
Execution time: 97534.599 ms
