Seq Scan on movie_companies mc  (cost=0.00..51404.11 rows=104 width=0) (actual time=0.573..663.918 rows=815 loops=1)
  Filter: (company_id = 1571)
  Rows Removed by Filter: 2608314
Planning time: 0.384 ms
Execution time: 664.180 ms
