Seq Scan on movie_keyword mk  (cost=0.00..81003.12 rows=246 width=0) (actual time=6.701..1260.723 rows=335 loops=1)
  Filter: (keyword_id = 14803)
  Rows Removed by Filter: 4523595
Planning time: 3.042 ms
Execution time: 1260.990 ms
