Hash Join  (cost=177224.27..232295.86 rows=40606 width=0) (actual time=3848.686..5280.759 rows=80219 loops=1)
  Hash Cond: (mc.movie_id = t.id)
  ->  Seq Scan on movie_companies mc  (cost=0.00..44881.29 rows=2609129 width=4) (actual time=0.019..731.732 rows=2609129 loops=1)
  ->  Hash  (cost=176732.38..176732.38 rows=39352 width=8) (actual time=3848.277..3848.277 rows=38581 loops=1)
        Buckets: 65536  Batches: 1  Memory Usage: 2020kB
        ->  Hash Join  (cost=89299.55..176732.38 rows=39352 width=8) (actual time=1835.073..3833.768 rows=38581 loops=1)
              Hash Cond: (mk.movie_id = t.id)
              ->  Seq Scan on movie_keyword mk  (cost=0.00..81003.12 rows=75248 width=4) (actual time=0.014..1438.999 rows=72496 loops=1)
                    Filter: (keyword_id = 335)
                    Rows Removed by Filter: 4451434
              ->  Hash  (cost=67604.59..67604.59 rows=1322317 width=4) (actual time=1834.026..1834.026 rows=1322863 loops=1)
                    Buckets: 131072  Batches: 32  Memory Usage: 2489kB
                    ->  Seq Scan on title t  (cost=0.00..67604.59 rows=1322317 width=4) (actual time=0.025..1390.144 rows=1322863 loops=1)
                          Filter: (production_year > 2001)
                          Rows Removed by Filter: 1205449
Planning time: 1.222 ms
Execution time: 5292.413 ms
