Hash Join  (cost=148701.57..664758.56 rows=3397408 width=0) (actual time=4160.945..16646.856 rows=2406384 loops=1)
  Hash Cond: (mi.movie_id = t.id)
  ->  Seq Scan on movie_info mi  (cost=0.00..309384.22 rows=14739122 width=4) (actual time=0.015..6068.274 rows=14835720 loops=1)
  ->  Hash  (cost=139139.17..139139.17 rows=582832 width=8) (actual time=3561.324..3561.324 rows=309480 loops=1)
        Buckets: 131072  Batches: 8  Memory Usage: 2536kB
        ->  Hash Join  (cost=91446.37..139139.17 rows=582832 width=8) (actual time=2192.310..3464.439 rows=309480 loops=1)
              Hash Cond: (mi_idx.movie_id = t.id)
              ->  Seq Scan on movie_info_idx mi_idx  (cost=0.00..21735.35 rows=1380035 width=4) (actual time=0.016..456.980 rows=1380035 loops=1)
              ->  Hash  (cost=73925.90..73925.90 rows=1067877 width=4) (actual time=2125.359..2125.359 rows=1163273 loops=1)
                    Buckets: 131072  Batches: 16  Memory Usage: 3588kB
                    ->  Seq Scan on title t  (cost=0.00..73925.90 rows=1067877 width=4) (actual time=0.006..1425.908 rows=1163273 loops=1)
                          Filter: ((production_year > 1990) AND (kind_id = 7))
                          Rows Removed by Filter: 1365039
Planning time: 1.151 ms
Execution time: 16938.158 ms
