Hash Join  (cost=67697.55..819552.20 rows=106548 width=0) (actual time=1027.866..17614.856 rows=7651 loops=1)
  Hash Cond: (ci.movie_id = t.id)
  ->  Seq Scan on cast_info ci  (cost=0.00..614943.12 rows=36225612 width=4) (actual time=0.016..9193.633 rows=36244344 loops=1)
  ->  Hash  (cost=67604.59..67604.59 rows=7437 width=4) (actual time=1025.107..1025.107 rows=3417 loops=1)
        Buckets: 8192  Batches: 1  Memory Usage: 185kB
        ->  Seq Scan on title t  (cost=0.00..67604.59 rows=7437 width=4) (actual time=0.194..1023.122 rows=3417 loops=1)
              Filter: (production_year = 1909)
              Rows Removed by Filter: 2524895
Planning time: 0.707 ms
Execution time: 17616.989 ms
