Hash Join  (cost=73997.78..160758.70 rows=10288 width=0) (actual time=1048.024..2931.564 rows=31603 loops=1)
  Hash Cond: (mk.movie_id = t.id)
  ->  Seq Scan on movie_keyword mk  (cost=0.00..69693.30 rows=4523930 width=4) (actual time=0.023..1017.216 rows=4523930 loops=1)
  ->  Hash  (cost=73925.90..73925.90 rows=5750 width=4) (actual time=1047.869..1047.869 rows=8526 loops=1)
        Buckets: 16384 (originally 8192)  Batches: 1 (originally 1)  Memory Usage: 428kB
        ->  Seq Scan on title t  (cost=0.00..73925.90 rows=5750 width=4) (actual time=423.058..1043.860 rows=8526 loops=1)
              Filter: ((kind_id = 4) AND (production_year = 2008))
              Rows Removed by Filter: 2519786
Planning time: 0.899 ms
Execution time: 2936.110 ms
