Hash Join  (cost=67693.52..416373.49 rows=309 width=0) (actual time=831.299..6219.051 rows=51 loops=1)
  Hash Cond: (mi.movie_id = t.id)
  ->  Seq Scan on movie_info mi  (cost=0.00..346232.03 rows=651960 width=4) (actual time=0.014..5289.537 rows=660923 loops=1)
        Filter: (info_type_id = 18)
        Rows Removed by Filter: 14174797
  ->  Hash  (cost=67678.56..67678.56 rows=1197 width=8) (actual time=829.043..829.043 rows=1475 loops=1)
        Buckets: 2048  Batches: 1  Memory Usage: 74kB
        ->  Nested Loop  (cost=0.43..67678.56 rows=1197 width=8) (actual time=212.286..828.284 rows=1475 loops=1)
              ->  Seq Scan on movie_companies mc  (cost=0.00..57926.93 rows=1197 width=4) (actual time=212.184..795.963 rows=1475 loops=1)
                    Filter: ((company_id = 11339) AND (company_type_id = 2))
                    Rows Removed by Filter: 2607654
              ->  Index Only Scan using title_pkey on title t  (cost=0.43..8.14 rows=1 width=4) (actual time=0.021..0.021 rows=1 loops=1475)
                    Index Cond: (id = mc.movie_id)
                    Heap Fetches: 1475
Planning time: 2.057 ms
Execution time: 6219.199 ms
