Seq Scan on movie_keyword mk  (cost=0.00..81003.12 rows=2910905 width=0) (actual time=0.016..1582.503 rows=2899449 loops=1)
  Filter: (keyword_id < 9227)
  Rows Removed by Filter: 1624481
Planning time: 0.367 ms
Execution time: 1949.169 ms
