Hash Join  (cost=128753.29..215494.99 rows=8366 width=0) (actual time=3032.951..4212.363 rows=7908 loops=1)
  Hash Cond: (mk.movie_id = t.id)
  ->  Seq Scan on movie_keyword mk  (cost=0.00..69693.30 rows=4523930 width=4) (actual time=0.020..1071.697 rows=4523930 loops=1)
  ->  Hash  (cost=128694.84..128694.84 rows=4676 width=8) (actual time=2334.507..2334.507 rows=6721 loops=1)
        Buckets: 8192  Batches: 1  Memory Usage: 327kB
        ->  Hash Join  (cost=73982.55..128694.84 rows=4676 width=8) (actual time=1320.609..2331.813 rows=6721 loops=1)
              Hash Cond: (mc.movie_id = t.id)
              ->  Seq Scan on movie_companies mc  (cost=0.00..44881.29 rows=2609129 width=4) (actual time=0.022..637.205 rows=2609129 loops=1)
              ->  Hash  (cost=73925.90..73925.90 rows=4532 width=4) (actual time=1119.606..1119.606 rows=8098 loops=1)
                    Buckets: 8192  Batches: 1  Memory Usage: 349kB
                    ->  Seq Scan on title t  (cost=0.00..73925.90 rows=4532 width=4) (actual time=119.023..1115.721 rows=8098 loops=1)
                          Filter: ((kind_id = 7) AND (production_year = 1978))
                          Rows Removed by Filter: 2520214
Planning time: 1.267 ms
Execution time: 4213.911 ms
