Seq Scan on movie_companies mc  (cost=0.00..57926.93 rows=51 width=0) (actual time=400.038..891.466 rows=180 loops=1)
  Filter: ((company_type_id < 2) AND (company_id = 567))
  Rows Removed by Filter: 2608949
Planning time: 0.429 ms
Execution time: 891.633 ms
