Hash Join  (cost=75411.94..157466.92 rows=91027 width=0) (actual time=1202.222..3273.601 rows=101090 loops=1)
  Hash Cond: (mc.movie_id = t.id)
  ->  Seq Scan on movie_companies mc  (cost=0.00..51404.11 rows=2541491 width=4) (actual time=0.008..1126.249 rows=2542572 loops=1)
        Filter: (company_id < 179023)
        Rows Removed by Filter: 66557
  ->  Hash  (cost=73925.90..73925.90 rows=90563 width=4) (actual time=1197.650..1197.650 rows=80990 loops=1)
        Buckets: 131072  Batches: 2  Memory Usage: 2450kB
        ->  Seq Scan on title t  (cost=0.00..73925.90 rows=90563 width=4) (actual time=3.354..1165.327 rows=80990 loops=1)
              Filter: ((kind_id < 7) AND (production_year > 2011))
              Rows Removed by Filter: 2447322
Planning time: 2.359 ms
Execution time: 3288.413 ms
