Hash Join  (cost=52284.46..791422.00 rows=145 width=0) (actual time=1289.267..14185.019 rows=8 loops=1)
  Hash Cond: (ci.movie_id = t.id)
  ->  Seq Scan on cast_info ci  (cost=0.00..705507.15 rows=8967716 width=4) (actual time=0.020..11835.408 rows=8984833 loops=1)
        Filter: (person_id > 2797973)
        Rows Removed by Filter: 27259511
  ->  Hash  (cost=52283.95..52283.95 rows=41 width=8) (actual time=898.143..898.143 rows=1 loops=1)
        Buckets: 1024  Batches: 1  Memory Usage: 9kB
        ->  Nested Loop  (cost=0.43..52283.95 rows=41 width=8) (actual time=581.510..898.135 rows=1 loops=1)
              ->  Seq Scan on movie_companies mc  (cost=0.00..51404.11 rows=104 width=4) (actual time=581.432..896.415 rows=124 loops=1)
                    Filter: (company_id = 89435)
                    Rows Removed by Filter: 2609005
              ->  Index Scan using title_pkey on title t  (cost=0.43..8.45 rows=1 width=4) (actual time=0.013..0.013 rows=0 loops=124)
                    Index Cond: (id = mc.movie_id)
                    Filter: (kind_id < 7)
                    Rows Removed by Filter: 1
Planning time: 1.211 ms
Execution time: 14185.164 ms
