Hash Join  (cost=207640.47..744416.58 rows=5339218 width=0) (actual time=12793.768..58883.652 rows=46839723 loops=1)
  Hash Cond: (mi.movie_id = t.id)
  ->  Seq Scan on movie_info mi  (cost=0.00..309384.22 rows=14739122 width=4) (actual time=0.027..22119.336 rows=14835720 loops=1)
  ->  Hash  (cost=192613.05..192613.05 rows=915954 width=8) (actual time=12792.924..12792.924 rows=1223865 loops=1)
        Buckets: 131072  Batches: 16  Memory Usage: 4065kB
        ->  Hash Join  (cost=102767.86..192613.05 rows=915954 width=8) (actual time=7640.152..12367.062 rows=1223865 loops=1)
              Hash Cond: (mc.movie_id = t.id)
              ->  Seq Scan on movie_companies mc  (cost=0.00..57926.93 rows=915954 width=4) (actual time=989.557..3748.550 rows=1223865 loops=1)
                    Filter: ((company_id < 37696) AND (company_type_id < 2))
                    Rows Removed by Filter: 1385264
              ->  Hash  (cost=61283.27..61283.27 rows=2528527 width=4) (actual time=6649.334..6649.334 rows=2528312 loops=1)
                    Buckets: 131072  Batches: 64  Memory Usage: 2415kB
                    ->  Seq Scan on title t  (cost=0.00..61283.27 rows=2528527 width=4) (actual time=0.021..4757.197 rows=2528312 loops=1)
Planning time: 1.068 ms
Execution time: 65603.926 ms
