Seq Scan on movie_companies mc  (cost=0.00..51404.11 rows=869947 width=0) (actual time=0.023..840.250 rows=864467 loops=1)
  Filter: (company_id < 2561)
  Rows Removed by Filter: 1744662
Planning time: 0.411 ms
Execution time: 949.475 ms
