Hash Join  (cost=90260.67..184954.26 rows=1424906 width=0) (actual time=2132.676..5004.100 rows=1170186 loops=1)
  Hash Cond: (mc.movie_id = t.id)
  ->  Seq Scan on movie_companies mc  (cost=0.00..44881.29 rows=2609129 width=4) (actual time=0.025..962.637 rows=2609129 loops=1)
  ->  Hash  (cost=67604.59..67604.59 rows=1380887 width=4) (actual time=2131.112..2131.112 rows=1381453 loops=1)
        Buckets: 131072  Batches: 32  Memory Usage: 2543kB
        ->  Seq Scan on title t  (cost=0.00..67604.59 rows=1380887 width=4) (actual time=0.023..1400.173 rows=1381453 loops=1)
              Filter: (production_year > 2000)
              Rows Removed by Filter: 1146859
Planning time: 0.827 ms
Execution time: 5156.879 ms
