Seq Scan on movie_companies mc  (cost=0.00..57926.93 rows=51 width=0) (actual time=16.578..802.398 rows=498 loops=1)
  Filter: ((company_id = 180) AND (company_type_id = 1))
  Rows Removed by Filter: 2608631
Planning time: 0.325 ms
Execution time: 802.606 ms
