Hash Join  (cost=98027.89..462733.47 rows=4966 width=0) (actual time=1346.683..8063.092 rows=6 loops=1)
  Hash Cond: (mi.movie_id = t.id)
  ->  Seq Scan on movie_info mi  (cost=0.00..309384.22 rows=14739122 width=4) (actual time=0.011..4411.159 rows=14835720 loops=1)
  ->  Hash  (cost=98017.24..98017.24 rows=852 width=8) (actual time=977.100..977.100 rows=1 loops=1)
        Buckets: 1024  Batches: 1  Memory Usage: 9kB
        ->  Nested Loop  (cost=0.43..98017.24 rows=852 width=8) (actual time=723.339..977.091 rows=1 loops=1)
              ->  Seq Scan on movie_companies mc  (cost=0.00..51404.11 rows=6610 width=4) (actual time=0.052..784.767 rows=7151 loops=1)
                    Filter: (company_id = 7851)
                    Rows Removed by Filter: 2601978
              ->  Index Scan using title_pkey on title t  (cost=0.43..7.04 rows=1 width=4) (actual time=0.026..0.026 rows=0 loops=7151)
                    Index Cond: (id = mc.movie_id)
                    Filter: ((production_year > 2009) AND (kind_id = 7))
                    Rows Removed by Filter: 1
Planning time: 1.217 ms
Execution time: 8063.241 ms
