Hash Join  (cost=102767.86..194126.76 rows=978829 width=0) (actual time=2174.743..4381.345 rows=1265287 loops=1)
  Hash Cond: (mc.movie_id = t.id)
  ->  Seq Scan on movie_companies mc  (cost=0.00..57926.93 rows=978829 width=4) (actual time=299.105..1231.951 rows=1265287 loops=1)
        Filter: ((company_id < 62931) AND (company_type_id < 2))
        Rows Removed by Filter: 1343842
  ->  Hash  (cost=61283.27..61283.27 rows=2528527 width=4) (actual time=1874.335..1874.335 rows=2528312 loops=1)
        Buckets: 131072  Batches: 64  Memory Usage: 2415kB
        ->  Seq Scan on title t  (cost=0.00..61283.27 rows=2528527 width=4) (actual time=0.017..1061.168 rows=2528312 loops=1)
Planning time: 0.761 ms
Execution time: 4513.245 ms
