Hash Join  (cost=98098.54..192538.65 rows=1304182 width=0) (actual time=1946.810..4653.663 rows=1104814 loops=1)
  Hash Cond: (mc.movie_id = t.id)
  ->  Seq Scan on movie_companies mc  (cost=0.00..51404.11 rows=1774236 width=4) (actual time=0.031..1179.741 rows=1777941 loops=1)
        Filter: (company_id > 2059)
        Rows Removed by Filter: 831188
  ->  Hash  (cost=67604.59..67604.59 rows=1858636 width=4) (actual time=1945.160..1945.160 rows=1852807 loops=1)
        Buckets: 131072  Batches: 32  Memory Usage: 3067kB
        ->  Seq Scan on title t  (cost=0.00..67604.59 rows=1858636 width=4) (actual time=0.010..1320.648 rows=1852807 loops=1)
              Filter: (production_year > 1985)
              Rows Removed by Filter: 675505
Planning time: 3.613 ms
Execution time: 4780.481 ms
