Hash Join  (cost=68332.59..167224.57 rows=103518 width=0) (actual time=3766.628..9748.367 rows=113829 loops=1)
  Hash Cond: (mk.movie_id = t.id)
  ->  Seq Scan on movie_keyword mk  (cost=0.00..81003.12 rows=4494314 width=4) (actual time=0.020..4793.496 rows=4497664 loops=1)
        Filter: (keyword_id < 112899)
        Rows Removed by Filter: 26266
  ->  Hash  (cost=67604.59..67604.59 rows=58240 width=4) (actual time=3766.231..3766.231 rows=58590 loops=1)
        Buckets: 65536  Batches: 1  Memory Usage: 2572kB
        ->  Seq Scan on title t  (cost=0.00..67604.59 rows=58240 width=4) (actual time=0.025..3731.136 rows=58590 loops=1)
              Filter: (production_year = 2001)
              Rows Removed by Filter: 2469722
Planning time: 19.723 ms
Execution time: 9764.200 ms
