Seq Scan on title t  (cost=0.00..73925.90 rows=1470026 width=94) (actual time=0.027..1820.691 rows=1478439 loops=1)
  Filter: ((production_year > 1913) AND (kind_id = 7))
  Rows Removed by Filter: 1049873
Planning time: 0.626 ms
Execution time: 1920.421 ms
