Seq Scan on movie_companies mc  (cost=0.00..51404.11 rows=693815 width=0) (actual time=0.014..819.459 rows=699846 loops=1)
  Filter: (company_id > 45613)
  Rows Removed by Filter: 1909283
Planning time: 2.061 ms
Execution time: 894.505 ms
