Hash Join  (cost=82871.49..185225.84 rows=302123 width=0) (actual time=1463.642..3933.707 rows=837444 loops=1)
  Hash Cond: (mk.movie_id = t.id)
  ->  Seq Scan on movie_keyword mk  (cost=0.00..81003.12 rows=1401065 width=4) (actual time=0.032..1514.911 rows=1416946 loops=1)
        Filter: (keyword_id < 1946)
        Rows Removed by Filter: 3106984
  ->  Hash  (cost=73925.90..73925.90 rows=545247 width=4) (actual time=1462.740..1462.740 rows=557319 loops=1)
        Buckets: 131072  Batches: 8  Memory Usage: 3494kB
        ->  Seq Scan on title t  (cost=0.00..73925.90 rows=545247 width=4) (actual time=49.793..1271.397 rows=557319 loops=1)
              Filter: ((production_year < 2011) AND (kind_id = 1))
              Rows Removed by Filter: 1970993
Planning time: 0.799 ms
Execution time: 4038.882 ms
