Hash Join  (cost=135315.63..517658.01 rows=57419 width=0) (actual time=7437.158..28850.551 rows=700932 loops=1)
  Hash Cond: (mi.movie_id = t.id)
  ->  Seq Scan on movie_info mi  (cost=0.00..346232.03 rows=9476311 width=4) (actual time=0.019..18873.172 rows=9565151 loops=1)
        Filter: (info_type_id < 16)
        Rows Removed by Filter: 5270569
  ->  Hash  (cost=135124.12..135124.12 rows=15321 width=8) (actual time=7436.968..7436.968 rows=20676 loops=1)
        Buckets: 32768 (originally 16384)  Batches: 1 (originally 1)  Memory Usage: 1064kB
        ->  Hash Join  (cost=74118.09..135124.12 rows=15321 width=8) (actual time=3495.169..7425.776 rows=20676 loops=1)
              Hash Cond: (mc.movie_id = t.id)
              ->  Seq Scan on movie_companies mc  (cost=0.00..51404.11 rows=2519654 width=4) (actual time=0.013..3325.800 rows=2519444 loops=1)
                    Filter: (company_id < 163895)
                    Rows Removed by Filter: 89685
              ->  Hash  (cost=73925.90..73925.90 rows=15375 width=4) (actual time=3494.821..3494.821 rows=8740 loops=1)
                    Buckets: 16384  Batches: 1  Memory Usage: 436kB
                    ->  Seq Scan on title t  (cost=0.00..73925.90 rows=15375 width=4) (actual time=0.072..3490.852 rows=8740 loops=1)
                          Filter: ((kind_id = 1) AND (production_year = 2001))
                          Rows Removed by Filter: 2519572
Planning time: 1.277 ms
Execution time: 28980.943 ms
