Hash Join  (cost=74543.40..832409.99 rows=707742 width=0) (actual time=1123.691..21890.184 rows=675649 loops=1)
  Hash Cond: (ci.movie_id = t.id)
  ->  Seq Scan on cast_info ci  (cost=0.00..614943.12 rows=36225612 width=4) (actual time=0.023..9345.007 rows=36244344 loops=1)
  ->  Hash  (cost=73925.90..73925.90 rows=49400 width=4) (actual time=1123.311..1123.311 rows=45100 loops=1)
        Buckets: 65536  Batches: 1  Memory Usage: 2098kB
        ->  Seq Scan on title t  (cost=0.00..73925.90 rows=49400 width=4) (actual time=0.085..1105.151 rows=45100 loops=1)
              Filter: ((kind_id < 3) AND (production_year = 2012))
              Rows Removed by Filter: 2483212
Planning time: 0.830 ms
Execution time: 21992.849 ms
