Hash Join  (cost=102767.86..196296.81 rows=1069047 width=0) (actual time=2318.542..4833.396 rows=1274246 loops=1)
  Hash Cond: (mc.movie_id = t.id)
  ->  Seq Scan on movie_companies mc  (cost=0.00..57926.93 rows=1069047 width=4) (actual time=0.024..1165.580 rows=1274246 loops=1)
        Filter: ((company_id < 78816) AND (company_type_id < 2))
        Rows Removed by Filter: 1334883
  ->  Hash  (cost=61283.27..61283.27 rows=2528527 width=4) (actual time=2317.217..2317.217 rows=2528312 loops=1)
        Buckets: 131072  Batches: 64  Memory Usage: 2415kB
        ->  Seq Scan on title t  (cost=0.00..61283.27 rows=2528527 width=4) (actual time=0.025..1229.071 rows=2528312 loops=1)
Planning time: 0.859 ms
Execution time: 4978.841 ms
