Hash Join  (cost=79388.64..177517.74 rows=161773 width=0) (actual time=1267.761..3371.535 rows=241121 loops=1)
  Hash Cond: (mk.movie_id = t.id)
  ->  Seq Scan on movie_keyword mk  (cost=0.00..81003.12 rows=1228598 width=4) (actual time=0.023..1453.949 rows=1235356 loops=1)
        Filter: (keyword_id < 1571)
        Rows Removed by Filter: 3288574
  ->  Hash  (cost=73925.90..73925.90 rows=332939 width=4) (actual time=1266.936..1266.936 rows=255571 loops=1)
        Buckets: 131072  Batches: 8  Memory Usage: 2154kB
        ->  Seq Scan on title t  (cost=0.00..73925.90 rows=332939 width=4) (actual time=505.270..1186.710 rows=255571 loops=1)
              Filter: ((production_year > 2002) AND (kind_id = 1))
              Rows Removed by Filter: 2272741
Planning time: 0.765 ms
Execution time: 3402.654 ms
