Hash Join  (cost=169379.39..285757.10 rows=791960 width=0) (actual time=3843.155..7421.301 rows=4096619 loops=1)
  Hash Cond: (mk.movie_id = t.id)
  ->  Seq Scan on movie_keyword mk  (cost=0.00..81003.12 rows=2043195 width=4) (actual time=0.024..1587.602 rows=2051093 loops=1)
        Filter: (keyword_id < 3660)
        Rows Removed by Filter: 2472837
  ->  Hash  (cost=153299.40..153299.40 rows=980079 width=8) (actual time=3842.245..3842.245 rows=1127306 loops=1)
        Buckets: 131072  Batches: 16  Memory Usage: 3803kB
        ->  Hash Join  (cost=97066.09..153299.40 rows=980079 width=8) (actual time=1879.164..3535.115 rows=1127306 loops=1)
              Hash Cond: (mi_idx.movie_id = t.id)
              ->  Seq Scan on movie_info_idx mi_idx  (cost=0.00..21735.35 rows=1380035 width=4) (actual time=0.021..444.881 rows=1380035 loops=1)
              ->  Hash  (cost=67604.59..67604.59 rows=1795720 width=4) (actual time=1878.020..1878.020 rows=1794153 loops=1)
                    Buckets: 131072  Batches: 32  Memory Usage: 2992kB
                    ->  Seq Scan on title t  (cost=0.00..67604.59 rows=1795720 width=4) (actual time=0.014..1301.533 rows=1794153 loops=1)
                          Filter: (production_year < 2009)
                          Rows Removed by Filter: 734159
Planning time: 6.366 ms
Execution time: 7865.811 ms
