Hash Join  (cost=70308.29..1128362.52 rows=2360707 width=0) (actual time=1166.897..31740.555 rows=2469963 loops=1)
  Hash Cond: (ci.movie_id = t.id)
  ->  Seq Scan on cast_info ci  (cost=0.00..614943.12 rows=36225612 width=4) (actual time=0.014..13485.411 rows=36244344 loops=1)
  ->  Hash  (cost=67604.59..67604.59 rows=164776 width=4) (actual time=1165.915..1165.915 rows=164307 loops=1)
        Buckets: 131072  Batches: 4  Memory Usage: 2482kB
        ->  Seq Scan on title t  (cost=0.00..67604.59 rows=164776 width=4) (actual time=0.015..1107.724 rows=164307 loops=1)
              Filter: (production_year = 2012)
              Rows Removed by Filter: 2364005
Planning time: 1.070 ms
Execution time: 32048.591 ms
