Seq Scan on movie_companies mc  (cost=0.00..57926.93 rows=350789 width=0) (actual time=0.027..1036.463 rows=662246 loops=1)
  Filter: ((company_id > 46452) AND (company_type_id > 1))
  Rows Removed by Filter: 1946883
Planning time: 0.360 ms
Execution time: 1119.655 ms
