Seq Scan on movie_keyword mk  (cost=0.00..81003.12 rows=1542986 width=0) (actual time=0.029..1491.611 rows=1551147 loops=1)
  Filter: (keyword_id < 2292)
  Rows Removed by Filter: 2972783
Planning time: 0.325 ms
Execution time: 1690.451 ms
