Hash Join  (cost=198121.97..633187.06 rows=454982 width=0) (actual time=4134.861..14255.913 rows=2058342 loops=1)
  Hash Cond: (mi.movie_id = t.id)
  ->  Seq Scan on movie_info mi  (cost=0.00..346232.03 rows=7235534 width=4) (actual time=0.021..6541.198 rows=7286865 loops=1)
        Filter: (info_type_id < 8)
        Rows Removed by Filter: 7548855
  ->  Hash  (cost=195512.49..195512.49 rows=158998 width=8) (actual time=4129.514..4129.514 rows=150162 loops=1)
        Buckets: 131072  Batches: 4  Memory Usage: 2511kB
        ->  Hash Join  (cost=69374.09..195512.49 rows=158998 width=8) (actual time=1180.798..4079.699 rows=150162 loops=1)
              Hash Cond: (mk.movie_id = t.id)
              ->  Seq Scan on movie_keyword mk  (cost=0.00..81003.12 rows=3729413 width=4) (actual time=0.024..1735.316 rows=3729118 loops=1)
                    Filter: (keyword_id > 763)
                    Rows Removed by Filter: 794812
              ->  Hash  (cost=67604.59..67604.59 rows=107800 width=4) (actual time=1179.771..1179.771 rows=108429 loops=1)
                    Buckets: 131072  Batches: 2  Memory Usage: 2938kB
                    ->  Seq Scan on title t  (cost=0.00..67604.59 rows=107800 width=4) (actual time=0.010..1133.488 rows=108429 loops=1)
                          Filter: (production_year = 2006)
                          Rows Removed by Filter: 2419883
Planning time: 1.246 ms
Execution time: 14474.683 ms
