Nested Loop  (cost=0.43..115655.16 rows=1029 width=0) (actual time=6.223..1212.607 rows=12 loops=1)
  ->  Seq Scan on movie_companies mc  (cost=0.00..57926.93 rows=8554 width=4) (actual time=0.045..1009.587 rows=8139 loops=1)
        Filter: ((company_type_id > 1) AND (company_id = 166))
        Rows Removed by Filter: 2600990
  ->  Index Scan using title_pkey on title t  (cost=0.43..6.74 rows=1 width=4) (actual time=0.024..0.024 rows=0 loops=8139)
        Index Cond: (id = mc.movie_id)
        Filter: ((kind_id < 7) AND (production_year < 1994))
        Rows Removed by Filter: 1
Planning time: 0.978 ms
Execution time: 1213.966 ms
