Hash Join  (cost=201117.88..1275183.20 rows=3919313 width=0) (actual time=4700.530..45997.264 rows=45869157 loops=1)
  Hash Cond: (ci.movie_id = t.id)
  ->  Seq Scan on cast_info ci  (cost=0.00..614943.12 rows=36225612 width=4) (actual time=0.022..13626.984 rows=36244344 loops=1)
  ->  Hash  (cost=196629.30..196629.30 rows=273566 width=8) (actual time=4699.208..4699.208 rows=1071115 loops=1)
        Buckets: 131072 (originally 131072)  Batches: 16 (originally 4)  Memory Usage: 3682kB
        ->  Hash Join  (cost=77761.90..196629.30 rows=273566 width=8) (actual time=1527.544..4415.758 rows=1071115 loops=1)
              Hash Cond: (mk.movie_id = t.id)
              ->  Seq Scan on movie_keyword mk  (cost=0.00..81003.12 rows=2959097 width=4) (actual time=0.027..1692.410 rows=2944189 loops=1)
                    Filter: (keyword_id < 9857)
                    Rows Removed by Filter: 1579741
              ->  Hash  (cost=73925.90..73925.90 rows=233760 width=4) (actual time=1243.426..1243.426 rows=353075 loops=1)
                    Buckets: 131072 (originally 131072)  Batches: 8 (originally 4)  Memory Usage: 3073kB
                    ->  Seq Scan on title t  (cost=0.00..73925.90 rows=233760 width=4) (actual time=0.024..1117.377 rows=353075 loops=1)
                          Filter: ((kind_id < 2) AND (production_year < 1997))
                          Rows Removed by Filter: 2175237
Planning time: 1.211 ms
Execution time: 50844.798 ms
