Hash Join  (cost=460883.61..556810.88 rows=81551 width=0) (actual time=7304.184..10287.616 rows=3736421 loops=1)
  Hash Cond: (mk.movie_id = t.id)
  ->  Seq Scan on movie_keyword mk  (cost=0.00..81003.12 rows=3762303 width=4) (actual time=0.015..1534.870 rows=3762305 loops=1)
        Filter: (keyword_id > 714)
        Rows Removed by Filter: 761625
  ->  Hash  (cost=460198.51..460198.51 rows=54808 width=8) (actual time=7303.746..7303.746 rows=50267 loops=1)
        Buckets: 65536  Batches: 1  Memory Usage: 2476kB
        ->  Hash Join  (cost=102767.86..460198.51 rows=54808 width=8) (actual time=6549.109..7287.864 rows=50267 loops=1)
              Hash Cond: (mi.movie_id = t.id)
              ->  Seq Scan on movie_info mi  (cost=0.00..346232.03 rows=54808 width=4) (actual time=4645.842..4963.716 rows=50267 loops=1)
                    Filter: (info_type_id > 107)
                    Rows Removed by Filter: 14785453
              ->  Hash  (cost=61283.27..61283.27 rows=2528527 width=4) (actual time=1873.692..1873.692 rows=2528312 loops=1)
                    Buckets: 131072  Batches: 64  Memory Usage: 2425kB
                    ->  Seq Scan on title t  (cost=0.00..61283.27 rows=2528527 width=4) (actual time=0.025..1024.869 rows=2528312 loops=1)
Planning time: 1.191 ms
Execution time: 10747.184 ms
