Hash Join  (cost=83073.51..791918.47 rows=35 width=0) (actual time=3485.946..12366.587 rows=38 loops=1)
  Hash Cond: (ci.movie_id = t.id)
  ->  Seq Scan on cast_info ci  (cost=0.00..705507.15 rows=889993 width=4) (actual time=734.411..10967.309 rows=763162 loops=1)
        Filter: (person_id < 81028)
        Rows Removed by Filter: 35481182
  ->  Hash  (cost=83072.29..83072.29 rows=98 width=8) (actual time=1269.880..1269.880 rows=71 loops=1)
        Buckets: 1024  Batches: 1  Memory Usage: 11kB
        ->  Nested Loop  (cost=0.43..83072.29 rows=98 width=8) (actual time=7.134..1269.711 rows=71 loops=1)
              ->  Seq Scan on movie_keyword mk  (cost=0.00..81003.12 rows=246 width=4) (actual time=1.064..1258.487 rows=239 loops=1)
                    Filter: (keyword_id = 3545)
                    Rows Removed by Filter: 4523691
              ->  Index Scan using title_pkey on title t  (cost=0.43..8.40 rows=1 width=4) (actual time=0.044..0.044 rows=0 loops=239)
                    Index Cond: (id = mk.movie_id)
                    Filter: (production_year > 2005)
                    Rows Removed by Filter: 1
Planning time: 1.278 ms
Execution time: 12366.776 ms
