Hash Join  (cost=73928.08..795640.10 rows=297 width=0) (actual time=2933.696..14512.112 rows=3804 loops=1)
  Hash Cond: (ci.movie_id = t.id)
  ->  Seq Scan on cast_info ci  (cost=0.00..705507.15 rows=4320508 width=4) (actual time=1967.845..12830.161 rows=4323018 loops=1)
        Filter: (role_id = 10)
        Rows Removed by Filter: 31921326
  ->  Hash  (cost=73925.90..73925.90 rows=174 width=4) (actual time=964.298..964.298 rows=3217 loops=1)
        Buckets: 4096 (originally 1024)  Batches: 1 (originally 1)  Memory Usage: 146kB
        ->  Seq Scan on title t  (cost=0.00..73925.90 rows=174 width=4) (actual time=548.616..962.817 rows=3217 loops=1)
              Filter: ((production_year > 2013) AND (kind_id = 1))
              Rows Removed by Filter: 2525095
Planning time: 1.897 ms
Execution time: 14513.221 ms
