Hash Join  (cost=719511.94..2751455.28 rows=68080994 width=0) (actual time=21306.693..126086.642 rows=254851572 loops=1)
  Hash Cond: (ci.movie_id = t.id)
  ->  Seq Scan on cast_info ci  (cost=0.00..796071.18 rows=29898717 width=4) (actual time=0.022..20760.391 rows=29837438 loops=1)
        Filter: ((person_id > 181746) AND (role_id < 10))
        Rows Removed by Filter: 6406906
  ->  Hash  (cost=625051.03..625051.03 rows=5757593 width=8) (actual time=21303.077..21303.077 rows=10872384 loops=1)
        Buckets: 131072 (originally 131072)  Batches: 256 (originally 128)  Memory Usage: 3073kB
        ->  Hash Join  (cost=83810.17..625051.03 rows=5757593 width=8) (actual time=1503.573..17983.240 rows=10872384 loops=1)
              Hash Cond: (mi.movie_id = t.id)
              ->  Seq Scan on movie_info mi  (cost=0.00..309384.22 rows=14739122 width=4) (actual time=0.023..6268.229 rows=14835720 loops=1)
              ->  Hash  (cost=67604.59..67604.59 rows=987727 width=4) (actual time=1500.760..1500.760 rows=985048 loops=1)
                    Buckets: 131072  Batches: 16  Memory Usage: 3197kB
                    ->  Seq Scan on title t  (cost=0.00..67604.59 rows=987727 width=4) (actual time=0.021..1192.103 rows=985048 loops=1)
                          Filter: (kind_id < 7)
                          Rows Removed by Filter: 1543264
Planning time: 1.271 ms
Execution time: 154079.572 ms
