Hash Join  (cost=160823.02..554740.47 rows=30389 width=0) (actual time=3306.842..10726.455 rows=42828 loops=1)
  Hash Cond: (mi.movie_id = t.id)
  ->  Seq Scan on movie_info mi  (cost=0.00..346232.03 rows=9476311 width=4) (actual time=0.023..6085.223 rows=9565151 loops=1)
        Filter: (info_type_id < 16)
        Rows Removed by Filter: 5270569
  ->  Hash  (cost=160721.67..160721.67 rows=8108 width=8) (actual time=3168.244..3168.244 rows=6904 loops=1)
        Buckets: 8192  Batches: 1  Memory Usage: 334kB
        ->  Hash Join  (cost=73982.55..160721.67 rows=8108 width=8) (actual time=2516.709..3165.956 rows=6904 loops=1)
              Hash Cond: (mk.movie_id = t.id)
              ->  Seq Scan on movie_keyword mk  (cost=0.00..69693.30 rows=4523930 width=4) (actual time=0.012..1054.344 rows=4523930 loops=1)
              ->  Hash  (cost=73925.90..73925.90 rows=4532 width=4) (actual time=1278.825..1278.825 rows=14325 loops=1)
                    Buckets: 16384 (originally 8192)  Batches: 1 (originally 1)  Memory Usage: 632kB
                    ->  Seq Scan on title t  (cost=0.00..73925.90 rows=4532 width=4) (actual time=0.088..1272.112 rows=14325 loops=1)
                          Filter: ((kind_id = 7) AND (production_year = 1991))
                          Rows Removed by Filter: 2513987
Planning time: 1.169 ms
Execution time: 10732.262 ms
