Hash Join  (cost=83810.17..929862.59 rows=1164718 width=0) (actual time=32685.844..40184.988 rows=1053 loops=1)
  Hash Cond: (ci.movie_id = t.id)
  ->  Seq Scan on cast_info ci  (cost=0.00..796071.18 rows=2981614 width=4) (actual time=28543.849..35936.988 rows=2653 loops=1)
        Filter: ((person_id < 1449626) AND (role_id = 2))
        Rows Removed by Filter: 36241691
  ->  Hash  (cost=67604.59..67604.59 rows=987727 width=4) (actual time=4090.777..4090.777 rows=985048 loops=1)
        Buckets: 131072  Batches: 16  Memory Usage: 3188kB
        ->  Seq Scan on title t  (cost=0.00..67604.59 rows=987727 width=4) (actual time=0.035..3693.581 rows=985048 loops=1)
              Filter: (kind_id < 7)
              Rows Removed by Filter: 1543264
Planning time: 4.591 ms
Execution time: 40185.250 ms
