Hash Join  (cost=111109.89..198658.75 rows=89082 width=0) (actual time=2055.289..4067.881 rows=501576 loops=1)
  Hash Cond: (mk.movie_id = t.id)
  ->  Seq Scan on movie_keyword mk  (cost=0.00..69693.30 rows=4523930 width=4) (actual time=0.028..976.478 rows=4523930 loops=1)
  ->  Hash  (cost=110487.52..110487.52 rows=49790 width=8) (actual time=2054.884..2054.884 rows=62148 loops=1)
        Buckets: 65536  Batches: 1  Memory Usage: 2940kB
        ->  Hash Join  (cost=78368.68..110487.52 rows=49790 width=8) (actual time=1201.523..2030.752 rows=62148 loops=1)
              Hash Cond: (mi_idx.movie_id = t.id)
              ->  Seq Scan on movie_info_idx mi_idx  (cost=0.00..25185.44 rows=464934 width=4) (actual time=0.015..542.839 rows=460185 loops=1)
                    Filter: (info_type_id > 100)
                    Rows Removed by Filter: 919850
              ->  Hash  (cost=73925.90..73925.90 rows=270782 width=4) (actual time=1200.731..1200.731 rows=229992 loops=1)
                    Buckets: 131072  Batches: 4  Memory Usage: 3047kB
                    ->  Seq Scan on title t  (cost=0.00..73925.90 rows=270782 width=4) (actual time=0.012..1124.295 rows=229992 loops=1)
                          Filter: ((kind_id < 3) AND (production_year > 2006))
                          Rows Removed by Filter: 2298320
Planning time: 1.215 ms
Execution time: 4132.238 ms
