Seq Scan on movie_keyword mk  (cost=0.00..81003.12 rows=1569945 width=0) (actual time=0.019..1312.611 rows=1578526 loops=1)
  Filter: (keyword_id < 2392)
  Rows Removed by Filter: 2945404
Planning time: 0.269 ms
Execution time: 1487.703 ms
