Hash Join  (cost=231913.66..1397649.20 rows=12672024 width=0) (actual time=5508.916..48185.347 rows=43670850 loops=1)
  Hash Cond: (ci.movie_id = t.id)
  ->  Seq Scan on cast_info ci  (cost=0.00..705507.15 rows=28463514 width=4) (actual time=0.027..15685.411 rows=28583650 loops=1)
        Filter: (person_id > 743257)
        Rows Removed by Filter: 7660694
  ->  Hash  (cost=213444.33..213444.33 rows=1125706 width=8) (actual time=5507.206..5507.206 rows=1511511 loops=1)
        Buckets: 131072 (originally 131072)  Batches: 32 (originally 16)  Memory Usage: 3073kB
        ->  Hash Join  (cost=83580.70..213444.33 rows=1125706 width=8) (actual time=1670.223..5109.217 rows=1511511 loops=1)
              Hash Cond: (mk.movie_id = t.id)
              ->  Seq Scan on movie_keyword mk  (cost=0.00..81003.12 rows=2923053 width=4) (actual time=0.022..1630.140 rows=2909537 loops=1)
                    Filter: (keyword_id < 9385)
                    Rows Removed by Filter: 1614393
              ->  Hash  (cost=67604.59..67604.59 rows=973769 width=4) (actual time=1669.247..1669.247 rows=971188 loops=1)
                    Buckets: 131072  Batches: 16  Memory Usage: 3168kB
                    ->  Seq Scan on title t  (cost=0.00..67604.59 rows=973769 width=4) (actual time=0.018..1343.817 rows=971188 loops=1)
                          Filter: (production_year < 1999)
                          Rows Removed by Filter: 1557124
Planning time: 1.201 ms
Execution time: 53271.915 ms
