Nested Loop  (cost=0.43..65688.00 rows=108 width=0) (actual time=7.126..731.144 rows=72 loops=1)
  ->  Seq Scan on movie_companies mc  (cost=0.00..57926.93 rows=945 width=4) (actual time=7.087..701.613 rows=743 loops=1)
        Filter: ((company_id < 6) AND (company_type_id = 2))
        Rows Removed by Filter: 2608386
  ->  Index Scan using title_pkey on title t  (cost=0.43..8.20 rows=1 width=4) (actual time=0.039..0.039 rows=0 loops=743)
        Index Cond: (id = mc.movie_id)
        Filter: ((kind_id > 1) AND (production_year > 2010))
        Rows Removed by Filter: 1
Planning time: 0.823 ms
Execution time: 731.266 ms
