Hash Join  (cost=451576.82..572367.90 rows=213039 width=0) (actual time=7875.512..10175.774 rows=8067 loops=1)
  Hash Cond: (mk.movie_id = t.id)
  ->  Seq Scan on movie_keyword mk  (cost=0.00..81003.12 rows=3199886 width=4) (actual time=0.032..1708.727 rows=3183145 loops=1)
        Filter: (keyword_id > 1748)
        Rows Removed by Filter: 1340785
  ->  Hash  (cost=448814.54..448814.54 rows=168342 width=8) (actual time=7306.325..7306.325 rows=1567 loops=1)
        Buckets: 131072  Batches: 4  Memory Usage: 1043kB
        ->  Hash Join  (cost=92128.39..448814.54 rows=168342 width=8) (actual time=1777.151..7304.348 rows=1567 loops=1)
              Hash Cond: (mi.movie_id = t.id)
              ->  Seq Scan on movie_info mi  (cost=0.00..346232.03 rows=383654 width=4) (actual time=0.006..5167.780 rows=428651 loops=1)
                    Filter: (info_type_id > 104)
                    Rows Removed by Filter: 14407069
              ->  Hash  (cost=73925.90..73925.90 rows=1109479 width=4) (actual time=1717.905..1717.905 rows=1201090 loops=1)
                    Buckets: 131072  Batches: 16  Memory Usage: 3680kB
                    ->  Seq Scan on title t  (cost=0.00..73925.90 rows=1109479 width=4) (actual time=311.355..1318.137 rows=1201090 loops=1)
                          Filter: ((production_year > 1987) AND (kind_id = 7))
                          Rows Removed by Filter: 1327222
Planning time: 1.170 ms
Execution time: 10177.501 ms
