Hash Join  (cost=88947.68..453902.70 rows=29909 width=0) (actual time=893.753..7389.406 rows=47106 loops=1)
  Hash Cond: (mi.movie_id = t.id)
  ->  Seq Scan on movie_info mi  (cost=0.00..309384.22 rows=14739122 width=4) (actual time=0.017..3670.325 rows=14835720 loops=1)
  ->  Hash  (cost=88883.54..88883.54 rows=5131 width=8) (actual time=890.026..890.026 rows=4726 loops=1)
        Buckets: 8192  Batches: 1  Memory Usage: 249kB
        ->  Nested Loop  (cost=0.43..88883.54 rows=5131 width=8) (actual time=0.703..887.502 rows=4726 loops=1)
              ->  Seq Scan on movie_companies mc  (cost=0.00..51404.11 rows=5131 width=4) (actual time=0.624..771.469 rows=4726 loops=1)
                    Filter: (company_id = 394)
                    Rows Removed by Filter: 2604403
              ->  Index Only Scan using title_pkey on title t  (cost=0.43..7.29 rows=1 width=4) (actual time=0.023..0.024 rows=1 loops=4726)
                    Index Cond: (id = mc.movie_id)
                    Heap Fetches: 4726
Planning time: 1.876 ms
Execution time: 7395.717 ms
