Hash Join  (cost=836386.10..1582312.49 rows=2493773 width=0) (actual time=20414.848..36237.775 rows=14388390 loops=1)
  Hash Cond: (mi.movie_id = t.id)
  ->  Seq Scan on movie_info mi  (cost=0.00..309384.22 rows=14739122 width=4) (actual time=0.015..5955.423 rows=14835720 loops=1)
  ->  Hash  (cost=829366.45..829366.45 rows=427812 width=8) (actual time=20413.785..20413.785 rows=345326 loops=1)
        Buckets: 131072  Batches: 8  Memory Usage: 2728kB
        ->  Hash Join  (cost=74299.17..829366.45 rows=427812 width=8) (actual time=1016.089..19685.474 rows=345326 loops=1)
              Hash Cond: (ci.movie_id = t.id)
              ->  Seq Scan on cast_info ci  (cost=0.00..614943.12 rows=36225612 width=4) (actual time=0.015..9210.171 rows=36244344 loops=1)
              ->  Hash  (cost=73925.90..73925.90 rows=29861 width=4) (actual time=1015.511..1015.511 rows=17772 loops=1)
                    Buckets: 32768  Batches: 1  Memory Usage: 881kB
                    ->  Seq Scan on title t  (cost=0.00..73925.90 rows=29861 width=4) (actual time=265.637..1008.032 rows=17772 loops=1)
                          Filter: ((kind_id = 1) AND (production_year = 2007))
                          Rows Removed by Filter: 2510540
Planning time: 1.216 ms
Execution time: 37872.725 ms
