Seq Scan on movie_keyword mk  (cost=0.00..81003.12 rows=781263 width=0) (actual time=0.016..1305.684 rows=784468 loops=1)
  Filter: (keyword_id < 750)
  Rows Removed by Filter: 3739462
Planning time: 0.356 ms
Execution time: 1410.451 ms
