Hash Join  (cost=227598.13..688762.34 rows=2489473 width=0) (actual time=4508.984..23078.308 rows=35227038 loops=1)
  Hash Cond: (mi.movie_id = t.id)
  ->  Seq Scan on movie_info mi  (cost=0.00..346232.03 rows=7503588 width=4) (actual time=0.023..6361.358 rows=7548855 loops=1)
        Filter: (info_type_id > 7)
        Rows Removed by Filter: 7286865
  ->  Hash  (cost=213834.98..213834.98 rows=838892 width=8) (actual time=4507.778..4507.778 rows=843780 loops=1)
        Buckets: 131072  Batches: 16  Memory Usage: 3204kB
        ->  Hash Join  (cost=102767.86..213834.98 rows=838892 width=8) (actual time=1906.759..4257.005 rows=843780 loops=1)
              Hash Cond: (mk.movie_id = t.id)
              ->  Seq Scan on movie_keyword mk  (cost=0.00..81003.12 rows=838892 width=4) (actual time=0.014..1270.334 rows=843780 loops=1)
                    Filter: (keyword_id > 21733)
                    Rows Removed by Filter: 3680150
              ->  Hash  (cost=61283.27..61283.27 rows=2528527 width=4) (actual time=1903.871..1903.871 rows=2528312 loops=1)
                    Buckets: 131072  Batches: 64  Memory Usage: 2425kB
                    ->  Seq Scan on title t  (cost=0.00..61283.27 rows=2528527 width=4) (actual time=0.035..1040.831 rows=2528312 loops=1)
Planning time: 0.822 ms
Execution time: 27141.063 ms
