Hash Join  (cost=114022.33..1166816.18 rows=1848570 width=0) (actual time=2628.079..31242.041 rows=3342170 loops=1)
  Hash Cond: (ci.movie_id = t.id)
  ->  Seq Scan on cast_info ci  (cost=0.00..614943.12 rows=36225612 width=4) (actual time=0.012..12526.868 rows=36244344 loops=1)
  ->  Hash  (cost=111904.47..111904.47 rows=129029 width=8) (actual time=2627.294..2627.294 rows=139554 loops=1)
        Buckets: 131072  Batches: 2  Memory Usage: 3750kB
        ->  Hash Join  (cost=73454.11..111904.47 rows=129029 width=8) (actual time=1499.017..2582.157 rows=139554 loops=1)
              Hash Cond: (mi_idx.movie_id = t.id)
              ->  Seq Scan on movie_info_idx mi_idx  (cost=0.00..25185.44 rows=915101 width=4) (actual time=0.016..580.237 rows=919850 loops=1)
                    Filter: (info_type_id < 101)
                    Rows Removed by Filter: 460185
              ->  Hash  (cost=67604.59..67604.59 rows=356522 width=4) (actual time=1498.126..1498.126 rows=352081 loops=1)
                    Buckets: 131072  Batches: 8  Memory Usage: 2565kB
                    ->  Seq Scan on title t  (cost=0.00..67604.59 rows=356522 width=4) (actual time=0.011..1096.848 rows=352081 loops=1)
                          Filter: (production_year < 1969)
                          Rows Removed by Filter: 2176231
Planning time: 1.104 ms
Execution time: 31664.259 ms
