Hash Join  (cost=166081.03..697441.72 rows=4831674 width=0) (actual time=3760.558..18558.486 rows=6477045 loops=1)
  Hash Cond: (mi.movie_id = t.id)
  ->  Seq Scan on movie_info mi  (cost=0.00..309384.22 rows=14739122 width=4) (actual time=0.013..6134.948 rows=14835720 loops=1)
  ->  Hash  (cost=152481.98..152481.98 rows=828884 width=8) (actual time=3759.591..3759.591 rows=685113 loops=1)
        Buckets: 131072  Batches: 16  Memory Usage: 2718kB
        ->  Hash Join  (cost=98842.62..152481.98 rows=828884 width=8) (actual time=1952.637..3562.644 rows=685113 loops=1)
              Hash Cond: (mi_idx.movie_id = t.id)
              ->  Seq Scan on movie_info_idx mi_idx  (cost=0.00..21735.35 rows=1380035 width=4) (actual time=0.011..500.371 rows=1380035 loops=1)
              ->  Hash  (cost=73925.90..73925.90 rows=1518697 width=4) (actual time=1951.412..1951.412 rows=1639682 loops=1)
                    Buckets: 131072  Batches: 32  Memory Usage: 2832kB
                    ->  Seq Scan on title t  (cost=0.00..73925.90 rows=1518697 width=4) (actual time=0.018..1438.137 rows=1639682 loops=1)
                          Filter: ((kind_id > 1) AND (production_year > 1971))
                          Rows Removed by Filter: 888630
Planning time: 0.811 ms
Execution time: 19269.019 ms
