Seq Scan on title t  (cost=0.00..73925.90 rows=3859 width=0) (actual time=0.217..599.616 rows=4092 loops=1)
  Filter: ((kind_id = 2) AND (production_year = 2006))
  Rows Removed by Filter: 2524220
Planning time: 0.454 ms
Execution time: 600.488 ms
