Seq Scan on movie_keyword mk  (cost=0.00..81003.12 rows=246 width=0) (actual time=3.541..1272.896 rows=670 loops=1)
  Filter: (keyword_id = 4289)
  Rows Removed by Filter: 4523260
Planning time: 0.394 ms
Execution time: 1273.279 ms
