Hash Join  (cost=179773.95..667316.85 rows=725097 width=0) (actual time=8951.683..42790.393 rows=18563085 loops=1)
  Hash Cond: (mi.movie_id = t.id)
  ->  Seq Scan on movie_info mi  (cost=0.00..309384.22 rows=14739122 width=4) (actual time=0.023..18552.989 rows=14835720 loops=1)
  ->  Hash  (cost=177733.05..177733.05 rows=124392 width=8) (actual time=8941.577..8941.577 rows=396252 loops=1)
        Buckets: 131072 (originally 131072)  Batches: 8 (originally 2)  Memory Usage: 3073kB
        ->  Hash Join  (cost=77377.73..177733.05 rows=124392 width=8) (actual time=3862.701..8801.283 rows=396252 loops=1)
              Hash Cond: (mk.movie_id = t.id)
              ->  Seq Scan on movie_keyword mk  (cost=0.00..81003.12 rows=1495006 width=4) (actual time=0.019..3991.022 rows=1514596 loops=1)
                    Filter: (keyword_id > 10688)
                    Rows Removed by Filter: 3009334
              ->  Hash  (cost=73925.90..73925.90 rows=210386 width=4) (actual time=3861.714..3861.714 rows=320579 loops=1)
                    Buckets: 131072  Batches: 4  Memory Usage: 3849kB
                    ->  Seq Scan on title t  (cost=0.00..73925.90 rows=210386 width=4) (actual time=0.018..3408.471 rows=320579 loops=1)
                          Filter: ((kind_id < 7) AND (production_year < 1982))
                          Rows Removed by Filter: 2207733
Planning time: 4.514 ms
Execution time: 45058.852 ms
