Hash Join  (cost=102123.10..912878.96 rows=42616 width=0) (actual time=3014.046..15801.359 rows=92874 loops=1)
  Hash Cond: (ci.movie_id = t.id)
  ->  Seq Scan on cast_info ci  (cost=0.00..796071.18 rows=3802273 width=4) (actual time=1049.851..12327.066 rows=7695834 loops=1)
        Filter: ((person_id < 1048898) AND (role_id = 1))
        Rows Removed by Filter: 28548510
  ->  Hash  (cost=101768.85..101768.85 rows=28340 width=8) (actual time=1963.067..1963.067 rows=15120 loops=1)
        Buckets: 32768  Batches: 1  Memory Usage: 847kB
        ->  Hash Join  (cost=74574.97..101768.85 rows=28340 width=8) (actual time=1292.378..1957.979 rows=15120 loops=1)
              Hash Cond: (mi_idx.movie_id = t.id)
              ->  Seq Scan on movie_info_idx mi_idx  (cost=0.00..21735.35 rows=1380035 width=4) (actual time=0.026..331.694 rows=1380035 loops=1)
              ->  Hash  (cost=73925.90..73925.90 rows=51925 width=4) (actual time=1291.746..1291.746 rows=56480 loops=1)
                    Buckets: 65536  Batches: 1  Memory Usage: 2498kB
                    ->  Seq Scan on title t  (cost=0.00..73925.90 rows=51925 width=4) (actual time=0.035..1268.884 rows=56480 loops=1)
                          Filter: ((kind_id = 7) AND (production_year = 2004))
                          Rows Removed by Filter: 2471832
Planning time: 1.313 ms
Execution time: 15814.502 ms
