Hash Join  (cost=80042.24..1024411.75 rows=4857148 width=0) (actual time=1271.588..26011.947 rows=5170738 loops=1)
  Hash Cond: (ci.movie_id = t.id)
  ->  Seq Scan on cast_info ci  (cost=0.00..705507.15 rows=16201301 width=4) (actual time=0.026..14913.152 rows=16121683 loops=1)
        Filter: (role_id > 2)
        Rows Removed by Filter: 20122661
  ->  Hash  (cost=67604.59..67604.59 rows=758052 width=4) (actual time=1270.684..1270.684 rows=753677 loops=1)
        Buckets: 131072  Batches: 16  Memory Usage: 2677kB
        ->  Seq Scan on title t  (cost=0.00..67604.59 rows=758052 width=4) (actual time=0.019..1027.841 rows=753677 loops=1)
              Filter: (kind_id < 3)
              Rows Removed by Filter: 1774635
Planning time: 0.915 ms
Execution time: 26653.851 ms
