Nested Loop  (cost=0.43..83071.67 rows=246 width=0) (actual time=17.462..1233.362 rows=43 loops=1)
  ->  Seq Scan on movie_keyword mk  (cost=0.00..81003.12 rows=246 width=4) (actual time=17.382..1230.877 rows=43 loops=1)
        Filter: (keyword_id = 34413)
        Rows Removed by Filter: 4523887
  ->  Index Only Scan using title_pkey on title t  (cost=0.43..8.40 rows=1 width=4) (actual time=0.051..0.052 rows=1 loops=43)
        Index Cond: (id = mk.movie_id)
        Heap Fetches: 43
Planning time: 0.758 ms
Execution time: 1233.465 ms
