Nested Loop  (cost=0.43..709673.15 rows=13 width=0) (actual time=4667.537..11131.773 rows=2 loops=1)
  ->  Seq Scan on cast_info ci  (cost=0.00..705507.15 rows=500 width=4) (actual time=4666.051..11127.142 rows=237 loops=1)
        Filter: (person_id = 1773629)
        Rows Removed by Filter: 36244107
  ->  Index Scan using title_pkey on title t  (cost=0.43..8.32 rows=1 width=4) (actual time=0.019..0.019 rows=0 loops=237)
        Index Cond: (id = ci.movie_id)
        Filter: (production_year > 2012)
        Rows Removed by Filter: 1
Planning time: 0.814 ms
Execution time: 11131.904 ms
