Hash Join  (cost=796579.38..851245.52 rows=62 width=0) (actual time=11282.112..12208.296 rows=131 loops=1)
  Hash Cond: (mc.movie_id = t.id)
  ->  Seq Scan on movie_companies mc  (cost=0.00..44881.29 rows=2609129 width=4) (actual time=0.019..663.599 rows=2609129 loops=1)
  ->  Hash  (cost=796578.63..796578.63 rows=60 width=8) (actual time=11062.666..11062.666 rows=66 loops=1)
        Buckets: 1024  Batches: 1  Memory Usage: 11kB
        ->  Nested Loop  (cost=0.43..796578.63 rows=60 width=8) (actual time=5917.448..11062.600 rows=66 loops=1)
              ->  Seq Scan on cast_info ci  (cost=0.00..796071.18 rows=60 width=4) (actual time=5917.279..11054.713 rows=66 loops=1)
                    Filter: ((person_id = 3897271) AND (role_id = 10))
                    Rows Removed by Filter: 36244278
              ->  Index Only Scan using title_pkey on title t  (cost=0.43..8.45 rows=1 width=4) (actual time=0.117..0.117 rows=1 loops=66)
                    Index Cond: (id = ci.movie_id)
                    Heap Fetches: 66
Planning time: 1.204 ms
Execution time: 12208.412 ms
