Hash Join  (cost=132723.69..244307.41 rows=371296 width=0) (actual time=2785.172..5410.491 rows=789652 loops=1)
  Hash Cond: (mk.movie_id = t.id)
  ->  Seq Scan on movie_keyword mk  (cost=0.00..81003.12 rows=2178035 width=4) (actual time=0.025..1606.217 rows=2177702 loops=1)
        Filter: (keyword_id < 4286)
        Rows Removed by Filter: 2346228
  ->  Hash  (cost=125651.63..125651.63 rows=431045 width=8) (actual time=2783.897..2783.897 rows=311149 loops=1)
        Buckets: 131072  Batches: 8  Memory Usage: 2541kB
        ->  Hash Join  (cost=80562.70..125651.63 rows=431045 width=8) (actual time=1442.312..2691.204 rows=311149 loops=1)
              Hash Cond: (mi_idx.movie_id = t.id)
              ->  Seq Scan on movie_info_idx mi_idx  (cost=0.00..21735.35 rows=1380035 width=4) (actual time=0.016..457.398 rows=1380035 loops=1)
              ->  Hash  (cost=67604.59..67604.59 rows=789769 width=4) (actual time=1441.275..1441.275 rows=784926 loops=1)
                    Buckets: 131072  Batches: 16  Memory Usage: 2749kB
                    ->  Seq Scan on title t  (cost=0.00..67604.59 rows=789769 width=4) (actual time=0.013..1181.496 rows=784926 loops=1)
                          Filter: (production_year > 2007)
                          Rows Removed by Filter: 1743386
Planning time: 1.124 ms
Execution time: 5487.135 ms
