Hash Join  (cost=78496.64..118798.35 rows=152023 width=0) (actual time=1283.082..2492.618 rows=353189 loops=1)
  Hash Cond: (mi_idx.movie_id = t.id)
  ->  Seq Scan on movie_info_idx mi_idx  (cost=0.00..21735.35 rows=1380035 width=4) (actual time=0.012..431.870 rows=1380035 loops=1)
  ->  Hash  (cost=73925.90..73925.90 rows=278539 width=4) (actual time=1281.894..1281.894 rows=392019 loops=1)
        Buckets: 131072 (originally 131072)  Batches: 8 (originally 4)  Memory Usage: 3073kB
        ->  Seq Scan on title t  (cost=0.00..73925.90 rows=278539 width=4) (actual time=0.013..1152.271 rows=392019 loops=1)
              Filter: ((kind_id < 7) AND (production_year < 1991))
              Rows Removed by Filter: 2136293
Planning time: 0.535 ms
Execution time: 2535.528 ms
