Hash Join  (cost=76444.38..188926.75 rows=154014 width=0) (actual time=1147.042..3873.503 rows=123424 loops=1)
  Hash Cond: (mk.movie_id = t.id)
  ->  Seq Scan on movie_keyword mk  (cost=0.00..81003.12 rows=2537362 width=4) (actual time=0.019..1726.279 rows=2531279 loops=1)
        Filter: (keyword_id > 3518)
        Rows Removed by Filter: 1992651
  ->  Hash  (cost=73925.90..73925.90 rows=153478 width=4) (actual time=1146.014..1146.014 rows=134760 loops=1)
        Buckets: 131072  Batches: 4  Memory Usage: 2222kB
        ->  Seq Scan on title t  (cost=0.00..73925.90 rows=153478 width=4) (actual time=0.025..1098.880 rows=134760 loops=1)
              Filter: ((kind_id < 7) AND (production_year > 2010))
              Rows Removed by Filter: 2393552
Planning time: 0.781 ms
Execution time: 3889.763 ms
