Nested Loop  (cost=0.43..52283.95 rows=99 width=0) (actual time=56.636..783.250 rows=1091 loops=1)
  ->  Seq Scan on movie_companies mc  (cost=0.00..51404.11 rows=104 width=4) (actual time=56.581..761.491 rows=1091 loops=1)
        Filter: (company_id = 11185)
        Rows Removed by Filter: 2608038
  ->  Index Scan using title_pkey on title t  (cost=0.43..8.45 rows=1 width=4) (actual time=0.019..0.019 rows=1 loops=1091)
        Index Cond: (id = mc.movie_id)
        Filter: (production_year > 1914)
Planning time: 0.816 ms
Execution time: 783.652 ms
