Hash Join  (cost=143761.26..966301.61 rows=413060 width=0) (actual time=3183.117..19327.000 rows=2999465 loops=1)
  Hash Cond: (ci.movie_id = t.id)
  ->  Seq Scan on cast_info ci  (cost=0.00..796071.18 rows=1727621 width=4) (actual time=0.020..12535.390 rows=5185201 loops=1)
        Filter: ((person_id > 3146075) AND (role_id > 3))
        Rows Removed by Filter: 31059143
  ->  Hash  (cost=133842.40..133842.40 rows=604549 width=8) (actual time=3182.245..3182.245 rows=488617 loops=1)
        Buckets: 131072  Batches: 8  Memory Usage: 3403kB
        ->  Hash Join  (cost=85777.42..133842.40 rows=604549 width=8) (actual time=1531.842..3022.179 rows=488617 loops=1)
              Hash Cond: (mi_idx.movie_id = t.id)
              ->  Seq Scan on movie_info_idx mi_idx  (cost=0.00..21735.35 rows=1380035 width=4) (actual time=0.022..466.003 rows=1380035 loops=1)
              ->  Hash  (cost=67604.59..67604.59 rows=1107667 width=4) (actual time=1530.504..1530.504 rows=1107925 loops=1)
                    Buckets: 131072  Batches: 16  Memory Usage: 3460kB
                    ->  Seq Scan on title t  (cost=0.00..67604.59 rows=1107667 width=4) (actual time=0.017..1186.639 rows=1107925 loops=1)
                          Filter: (production_year > 2004)
                          Rows Removed by Filter: 1420387
Planning time: 1.269 ms
Execution time: 19664.251 ms
