Hash Join  (cost=92883.59..180973.83 rows=34392 width=0) (actual time=1671.789..3272.202 rows=12000 loops=1)
  Hash Cond: (mk.movie_id = t.id)
  ->  Seq Scan on movie_keyword mk  (cost=0.00..81003.12 rows=56439 width=4) (actual time=0.097..1324.515 rows=57603 loops=1)
        Filter: (keyword_id < 56)
        Rows Removed by Filter: 4466327
  ->  Hash  (cost=67604.59..67604.59 rows=1540800 width=4) (actual time=1670.714..1670.714 rows=1543264 loops=1)
        Buckets: 131072  Batches: 32  Memory Usage: 2728kB
        ->  Seq Scan on title t  (cost=0.00..67604.59 rows=1540800 width=4) (actual time=101.653..1143.441 rows=1543264 loops=1)
              Filter: (kind_id = 7)
              Rows Removed by Filter: 985048
Planning time: 0.778 ms
Execution time: 3273.837 ms
