Seq Scan on cast_info ci  (cost=0.00..796071.18 rows=7536411 width=0) (actual time=8186.648..14932.364 rows=12670688 loops=1)
  Filter: ((person_id < 2156020) AND (role_id = 1))
  Rows Removed by Filter: 23573656
Planning time: 0.447 ms
Execution time: 16527.025 ms
