Hash Join  (cost=175756.91..207050.72 rows=23525 width=0) (actual time=3843.829..4587.706 rows=97290 loops=1)
  Hash Cond: (mi_idx.movie_id = t.id)
  ->  Seq Scan on movie_info_idx mi_idx  (cost=0.00..25185.44 rows=464566 width=4) (actual time=0.027..466.810 rows=459925 loops=1)
        Filter: (info_type_id = 101)
        Rows Removed by Filter: 920110
  ->  Hash  (cost=173655.43..173655.43 rows=128039 width=8) (actual time=3842.999..3842.999 rows=197628 loops=1)
        Buckets: 131072 (originally 131072)  Batches: 4 (originally 2)  Memory Usage: 3073kB
        ->  Hash Join  (cost=102767.86..173655.43 rows=128039 width=8) (actual time=2497.558..3774.059 rows=197628 loops=1)
              Hash Cond: (mc.movie_id = t.id)
              ->  Seq Scan on movie_companies mc  (cost=0.00..57926.93 rows=128039 width=4) (actual time=212.800..956.582 rows=197628 loops=1)
                    Filter: ((company_id < 128) AND (company_type_id < 2))
                    Rows Removed by Filter: 2411501
              ->  Hash  (cost=61283.27..61283.27 rows=2528527 width=4) (actual time=2283.301..2283.301 rows=2528312 loops=1)
                    Buckets: 131072  Batches: 64  Memory Usage: 2415kB
                    ->  Seq Scan on title t  (cost=0.00..61283.27 rows=2528527 width=4) (actual time=0.025..1173.069 rows=2528312 loops=1)
Planning time: 4.956 ms
Execution time: 4600.990 ms
