Hash Join  (cost=136618.97..501573.29 rows=29839 width=0) (actual time=2325.001..9857.491 rows=951487 loops=1)
  Hash Cond: (mi.movie_id = t.id)
  ->  Seq Scan on movie_info mi  (cost=0.00..309384.22 rows=14739122 width=4) (actual time=0.024..4400.689 rows=14835720 loops=1)
  ->  Hash  (cost=136554.99..136554.99 rows=5119 width=8) (actual time=2324.234..2324.234 rows=8271 loops=1)
        Buckets: 16384 (originally 8192)  Batches: 1 (originally 1)  Memory Usage: 452kB
        ->  Hash Join  (cost=74060.24..136554.99 rows=5119 width=8) (actual time=1154.536..2321.261 rows=8271 loops=1)
              Hash Cond: (mc.movie_id = t.id)
              ->  Seq Scan on movie_companies mc  (cost=0.00..57926.93 rows=1204432 width=4) (actual time=0.021..1088.697 rows=1274246 loops=1)
                    Filter: ((company_id < 131319) AND (company_type_id = 1))
                    Rows Removed by Filter: 1334883
              ->  Hash  (cost=73925.90..73925.90 rows=10747 width=4) (actual time=1025.072..1025.072 rows=6468 loops=1)
                    Buckets: 16384  Batches: 1  Memory Usage: 356kB
                    ->  Seq Scan on title t  (cost=0.00..73925.90 rows=10747 width=4) (actual time=429.148..1022.275 rows=6468 loops=1)
                          Filter: ((kind_id = 1) AND (production_year = 1997))
                          Rows Removed by Filter: 2521844
Planning time: 1.259 ms
Execution time: 9963.179 ms
