Hash Join  (cost=510035.48..1729884.86 rows=18110822 width=0) (actual time=9050.912..49502.426 rows=22320792 loops=1)
  Hash Cond: (ci.movie_id = t.id)
  ->  Seq Scan on cast_info ci  (cost=0.00..614943.12 rows=36225612 width=4) (actual time=0.013..13173.424 rows=36244344 loops=1)
  ->  Hash  (cost=489295.91..489295.91 rows=1264125 width=8) (actual time=9049.933..9049.933 rows=1288928 loops=1)
        Buckets: 131072  Batches: 32  Memory Usage: 2584kB
        ->  Hash Join  (cost=102767.86..489295.91 rows=1264125 width=8) (actual time=4724.570..8753.649 rows=1288928 loops=1)
              Hash Cond: (mi.movie_id = t.id)
              ->  Seq Scan on movie_info mi  (cost=0.00..346232.03 rows=1264125 width=4) (actual time=2657.575..5368.699 rows=1288928 loops=1)
                    Filter: (info_type_id = 2)
                    Rows Removed by Filter: 13546792
              ->  Hash  (cost=61283.27..61283.27 rows=2528527 width=4) (actual time=2065.741..2065.741 rows=2528312 loops=1)
                    Buckets: 131072  Batches: 64  Memory Usage: 2425kB
                    ->  Seq Scan on title t  (cost=0.00..61283.27 rows=2528527 width=4) (actual time=0.014..995.615 rows=2528312 loops=1)
Planning time: 1.187 ms
Execution time: 52111.315 ms
