Hash Join  (cost=88195.18..193526.99 rows=479878 width=0) (actual time=1627.339..4158.701 rows=1147200 loops=1)
  Hash Cond: (mk.movie_id = t.id)
  ->  Seq Scan on movie_keyword mk  (cost=0.00..81003.12 rows=1395174 width=4) (actual time=0.018..1486.784 rows=1409766 loops=1)
        Filter: (keyword_id > 11861)
        Rows Removed by Filter: 3114164
  ->  Hash  (cost=73925.90..73925.90 rows=869702 width=4) (actual time=1626.589..1626.589 rows=896788 loops=1)
        Buckets: 131072  Batches: 16  Memory Usage: 3007kB
        ->  Seq Scan on title t  (cost=0.00..73925.90 rows=869702 width=4) (actual time=0.010..1334.888 rows=896788 loops=1)
              Filter: ((kind_id < 7) AND (production_year < 2012))
              Rows Removed by Filter: 1631524
Planning time: 0.812 ms
Execution time: 4287.280 ms
