Hash Join  (cost=158615.27..522531.48 rows=120867 width=0) (actual time=3447.536..10179.160 rows=301410 loops=1)
  Hash Cond: (mi.movie_id = t.id)
  ->  Seq Scan on movie_info mi  (cost=0.00..346232.03 rows=1348138 width=4) (actual time=0.017..6002.493 rows=1298989 loops=1)
        Filter: (info_type_id = 4)
        Rows Removed by Filter: 13536731
  ->  Hash  (cost=154895.60..154895.60 rows=226694 width=8) (actual time=3446.726..3446.726 rows=312304 loops=1)
        Buckets: 131072  Batches: 4  Memory Usage: 4075kB
        ->  Hash Join  (cost=84197.31..154895.60 rows=226694 width=8) (actual time=1932.845..3342.819 rows=312304 loops=1)
              Hash Cond: (mc.movie_id = t.id)
              ->  Seq Scan on movie_companies mc  (cost=0.00..57926.93 rows=566776 width=4) (actual time=438.425..1129.202 rows=859350 loops=1)
                    Filter: ((company_id > 13670) AND (company_type_id = 2))
                    Rows Removed by Filter: 1749779
              ->  Hash  (cost=67604.59..67604.59 rows=1011338 width=4) (actual time=1493.621..1493.621 rows=1012920 loops=1)
                    Buckets: 131072  Batches: 16  Memory Usage: 3250kB
                    ->  Seq Scan on title t  (cost=0.00..67604.59 rows=1011338 width=4) (actual time=0.032..1172.270 rows=1012920 loops=1)
                          Filter: (production_year > 2005)
                          Rows Removed by Filter: 1515392
Planning time: 12.725 ms
Execution time: 10218.090 ms
