Seq Scan on movie_companies mc  (cost=0.00..57926.93 rows=454944 width=0) (actual time=0.029..935.902 rows=141431 loops=1)
  Filter: ((company_id > 19209) AND (company_type_id = 1))
  Rows Removed by Filter: 2467698
Planning time: 3.487 ms
Execution time: 953.868 ms
