Hash Join  (cost=187750.66..582955.18 rows=1020776 width=0) (actual time=5976.079..12190.486 rows=1180272 loops=1)
  Hash Cond: (mi.movie_id = t.id)
  ->  Seq Scan on movie_info mi  (cost=0.00..346232.03 rows=3068194 width=4) (actual time=1605.795..5866.610 rows=3036719 loops=1)
        Filter: (info_type_id = 16)
        Rows Removed by Filter: 11799001
  ->  Hash  (cost=173948.28..173948.28 rows=841231 width=8) (actual time=4368.923..4368.923 rows=534381 loops=1)
        Buckets: 131072  Batches: 16  Memory Usage: 2312kB
        ->  Hash Join  (cost=87301.44..173948.28 rows=841231 width=8) (actual time=1655.249..4210.808 rows=534381 loops=1)
              Hash Cond: (mc.movie_id = t.id)
              ->  Seq Scan on movie_companies mc  (cost=0.00..44881.29 rows=2609129 width=4) (actual time=0.026..1051.975 rows=2609129 loops=1)
              ->  Hash  (cost=73925.90..73925.90 rows=815243 width=4) (actual time=1654.028..1654.028 rows=876186 loops=1)
                    Buckets: 131072  Batches: 16  Memory Usage: 2955kB
                    ->  Seq Scan on title t  (cost=0.00..73925.90 rows=815243 width=4) (actual time=0.030..1381.896 rows=876186 loops=1)
                          Filter: ((kind_id > 1) AND (production_year > 2004))
                          Rows Removed by Filter: 1652126
Planning time: 1.194 ms
Execution time: 12312.676 ms
