Seq Scan on cast_info ci  (cost=0.00..705507.15 rows=500 width=0) (actual time=5163.512..10737.746 rows=257 loops=1)
  Filter: (person_id = 2342004)
  Rows Removed by Filter: 36244087
Planning time: 0.398 ms
Execution time: 10737.865 ms
