Hash Join  (cost=299355.01..836991.69 rows=7888556 width=0) (actual time=6548.640..16111.811 rows=2108361 loops=1)
  Hash Cond: (mi.movie_id = t.id)
  ->  Seq Scan on movie_info mi  (cost=0.00..346232.03 rows=7235534 width=4) (actual time=0.022..6356.355 rows=7286865 loops=1)
        Filter: (info_type_id < 8)
        Rows Removed by Filter: 7548855
  ->  Hash  (cost=254126.86..254126.86 rows=2756732 width=8) (actual time=5939.477..5939.477 rows=645461 loops=1)
        Buckets: 131072  Batches: 64  Memory Usage: 1408kB
        ->  Hash Join  (cost=92883.59..254126.86 rows=2756732 width=8) (actual time=3563.655..5745.894 rows=645461 loops=1)
              Hash Cond: (mk.movie_id = t.id)
              ->  Seq Scan on movie_keyword mk  (cost=0.00..69693.30 rows=4523930 width=4) (actual time=0.018..1534.205 rows=4523930 loops=1)
              ->  Hash  (cost=67604.59..67604.59 rows=1540800 width=4) (actual time=1828.432..1828.432 rows=1543264 loops=1)
                    Buckets: 131072  Batches: 32  Memory Usage: 2728kB
                    ->  Seq Scan on title t  (cost=0.00..67604.59 rows=1540800 width=4) (actual time=0.024..1292.236 rows=1543264 loops=1)
                          Filter: (kind_id = 7)
                          Rows Removed by Filter: 985048
Planning time: 1.186 ms
Execution time: 16337.791 ms
