Seq Scan on movie_companies mc  (cost=0.00..57926.93 rows=318761 width=0) (actual time=562.831..888.893 rows=21127 loops=1)
  Filter: ((company_id > 53654) AND (company_type_id = 1))
  Rows Removed by Filter: 2588002
Planning time: 0.463 ms
Execution time: 892.049 ms
