Seq Scan on cast_info ci  (cost=0.00..705507.15 rows=1859059 width=0) (actual time=8097.897..10159.212 rows=1901210 loops=1)
  Filter: (person_id > 3687734)
  Rows Removed by Filter: 34343134
Planning time: 0.304 ms
Execution time: 10405.345 ms
