Seq Scan on cast_info ci  (cost=0.00..796071.18 rows=24013 width=0) (actual time=8113.737..11488.053 rows=180423 loops=1)
  Filter: ((person_id > 3568106) AND (role_id > 10))
  Rows Removed by Filter: 36063921
Planning time: 0.345 ms
Execution time: 11509.126 ms
