Seq Scan on movie_companies mc  (cost=0.00..57926.93 rows=53 width=0) (actual time=375.479..920.503 rows=1 loops=1)
  Filter: ((company_type_id > 1) AND (company_id = 157729))
  Rows Removed by Filter: 2609128
Planning time: 0.319 ms
Execution time: 920.585 ms
