Seq Scan on title t  (cost=0.00..73925.90 rows=504698 width=0) (actual time=59.837..1151.218 rows=373632 loops=1)
  Filter: ((kind_id < 2) AND (production_year > 1982))
  Rows Removed by Filter: 2154680
Planning time: 0.373 ms
Execution time: 1198.076 ms
