Hash Join  (cost=85456.44..220928.28 rows=1002311 width=0) (actual time=1567.104..5520.479 rows=2499326 loops=1)
  Hash Cond: (mk.movie_id = t.id)
  ->  Seq Scan on movie_keyword mk  (cost=0.00..81003.12 rows=3606293 width=4) (actual time=0.022..1766.271 rows=3618573 loops=1)
        Filter: (keyword_id < 20358)
        Rows Removed by Filter: 905357
  ->  Hash  (cost=73925.90..73925.90 rows=702763 width=4) (actual time=1564.877..1564.877 rows=726953 loops=1)
        Buckets: 131072  Batches: 16  Memory Usage: 2630kB
        ->  Seq Scan on title t  (cost=0.00..73925.90 rows=702763 width=4) (actual time=0.025..1334.451 rows=726953 loops=1)
              Filter: ((kind_id < 4) AND (production_year < 2011))
              Rows Removed by Filter: 1801359
Planning time: 0.781 ms
Execution time: 5786.125 ms
