Hash Join  (cost=102767.86..930643.94 rows=911194 width=0) (actual time=8965.970..15379.854 rows=2077485 loops=1)
  Hash Cond: (ci.movie_id = t.id)
  ->  Seq Scan on cast_info ci  (cost=0.00..796071.18 rows=911194 width=4) (actual time=6969.797..11431.950 rows=2077485 loops=1)
        Filter: ((person_id > 3655155) AND (role_id > 2))
        Rows Removed by Filter: 34166859
  ->  Hash  (cost=61283.27..61283.27 rows=2528527 width=4) (actual time=1994.377..1994.377 rows=2528312 loops=1)
        Buckets: 131072  Batches: 64  Memory Usage: 2415kB
        ->  Seq Scan on title t  (cost=0.00..61283.27 rows=2528527 width=4) (actual time=0.023..1117.800 rows=2528312 loops=1)
Planning time: 0.799 ms
Execution time: 15606.785 ms
