Hash Join  (cost=162885.01..990085.70 rows=280190 width=0) (actual time=14301.064..21029.157 rows=566776 loops=1)
  Hash Cond: (ci.movie_id = t.id)
  ->  Seq Scan on cast_info ci  (cost=0.00..796071.18 rows=2347896 width=4) (actual time=10451.784..15944.245 rows=2382442 loops=1)
        Filter: ((person_id > 486006) AND (role_id = 4))
        Rows Removed by Filter: 33861902
  ->  Hash  (cost=157934.19..157934.19 rows=301746 width=8) (actual time=3848.002..3848.002 rows=382751 loops=1)
        Buckets: 131072 (originally 131072)  Batches: 8 (originally 4)  Memory Usage: 3073kB
        ->  Hash Join  (cost=78724.21..157934.19 rows=301746 width=8) (actual time=1518.842..3738.024 rows=382751 loops=1)
              Hash Cond: (mc.movie_id = t.id)
              ->  Seq Scan on movie_companies mc  (cost=0.00..44881.29 rows=2609129 width=4) (actual time=0.026..862.170 rows=2609129 loops=1)
              ->  Hash  (cost=73925.90..73925.90 rows=292424 width=4) (actual time=1234.284..1234.284 rows=231739 loops=1)
                    Buckets: 131072  Batches: 4  Memory Usage: 3067kB
                    ->  Seq Scan on title t  (cost=0.00..73925.90 rows=292424 width=4) (actual time=11.802..1159.634 rows=231739 loops=1)
                          Filter: ((production_year > 2004) AND (kind_id = 1))
                          Rows Removed by Filter: 2296573
Planning time: 1.204 ms
Execution time: 21092.896 ms
