Hash Join  (cost=124789.46..507684.00 rows=112635 width=0) (actual time=2586.087..10543.874 rows=212283 loops=1)
  Hash Cond: (mi.movie_id = t.id)
  ->  Seq Scan on movie_info mi  (cost=0.00..346232.03 rows=9476311 width=4) (actual time=164.724..6030.151 rows=9565151 loops=1)
        Filter: (info_type_id < 16)
        Rows Removed by Filter: 5270569
  ->  Hash  (cost=124413.79..124413.79 rows=30054 width=8) (actual time=2420.955..2420.955 rows=32795 loops=1)
        Buckets: 65536 (originally 32768)  Batches: 1 (originally 1)  Memory Usage: 1794kB
        ->  Hash Join  (cost=68438.72..124413.79 rows=30054 width=8) (actual time=1138.136..2407.417 rows=32795 loops=1)
              Hash Cond: (mc.movie_id = t.id)
              ->  Seq Scan on movie_companies mc  (cost=0.00..51404.11 rows=1138776 width=4) (actual time=0.043..966.802 rows=1145533 loops=1)
                    Filter: (company_id > 13171)
                    Rows Removed by Filter: 1463596
              ->  Hash  (cost=67604.59..67604.59 rows=66731 width=4) (actual time=1137.422..1137.422 rows=67342 loops=1)
                    Buckets: 131072  Batches: 1  Memory Usage: 3392kB
                    ->  Seq Scan on title t  (cost=0.00..67604.59 rows=66731 width=4) (actual time=3.275..1110.221 rows=67342 loops=1)
                          Filter: (production_year > 2012)
                          Rows Removed by Filter: 2460970
Planning time: 1.221 ms
Execution time: 10573.364 ms
