Seq Scan on movie_companies mc  (cost=0.00..51404.11 rows=104 width=0) (actual time=0.134..806.622 rows=959 loops=1)
  Filter: (company_id = 2995)
  Rows Removed by Filter: 2608170
Planning time: 0.314 ms
Execution time: 806.896 ms
