Seq Scan on movie_keyword mk  (cost=0.00..81003.12 rows=246 width=0) (actual time=15.848..1311.613 rows=122 loops=1)
  Filter: (keyword_id = 3946)
  Rows Removed by Filter: 4523808
Planning time: 0.402 ms
Execution time: 1311.793 ms
