Hash Join  (cost=28268.74..114928.35 rows=157 width=0) (actual time=411.290..1872.935 rows=32833 loops=1)
  Hash Cond: (mk.movie_id = t.id)
  ->  Seq Scan on movie_keyword mk  (cost=0.00..69693.30 rows=4523930 width=4) (actual time=0.019..797.342 rows=4523930 loops=1)
  ->  Hash  (cost=28267.64..28267.64 rows=88 width=8) (actual time=411.124..411.124 rows=219 loops=1)
        Buckets: 1024  Batches: 1  Memory Usage: 17kB
        ->  Nested Loop  (cost=0.43..28267.64 rows=88 width=8) (actual time=138.458..411.007 rows=219 loops=1)
              ->  Seq Scan on movie_info_idx mi_idx  (cost=0.00..25185.44 rows=368 width=4) (actual time=138.395..391.764 rows=260 loops=1)
                    Filter: (info_type_id > 101)
                    Rows Removed by Filter: 1379775
              ->  Index Scan using title_pkey on title t  (cost=0.43..8.37 rows=1 width=4) (actual time=0.073..0.073 rows=1 loops=260)
                    Index Cond: (id = mi_idx.movie_id)
                    Filter: ((kind_id < 7) AND (production_year < 2007))
                    Rows Removed by Filter: 0
Planning time: 1.227 ms
Execution time: 1876.820 ms
