Hash Join  (cost=91397.28..139061.89 rows=581213 width=0) (actual time=2087.764..3454.133 rows=493329 loops=1)
  Hash Cond: (mi_idx.movie_id = t.id)
  ->  Seq Scan on movie_info_idx mi_idx  (cost=0.00..21735.35 rows=1380035 width=4) (actual time=0.018..456.547 rows=1380035 loops=1)
  ->  Hash  (cost=73925.90..73925.90 rows=1064910 width=4) (actual time=2086.497..2086.497 rows=1003269 loops=1)
        Buckets: 131072  Batches: 16  Memory Usage: 3233kB
        ->  Seq Scan on title t  (cost=0.00..73925.90 rows=1064910 width=4) (actual time=0.017..1458.001 rows=1003269 loops=1)
              Filter: ((kind_id > 1) AND (production_year < 2006))
              Rows Removed by Filter: 1525043
Planning time: 0.746 ms
Execution time: 3508.473 ms
