Hash Join  (cost=119459.46..197282.28 rows=201130 width=0) (actual time=2493.208..4714.696 rows=739918 loops=1)
  Hash Cond: (mc.movie_id = t.id)
  ->  Seq Scan on movie_companies mc  (cost=0.00..44881.29 rows=2609129 width=4) (actual time=0.016..988.364 rows=2609129 loops=1)
  ->  Hash  (cost=116261.01..116261.01 rows=194916 width=8) (actual time=2492.376..2492.376 rows=226220 loops=1)
        Buckets: 131072  Batches: 4  Memory Usage: 3237kB
        ->  Hash Join  (cost=76440.79..116261.01 rows=194916 width=8) (actual time=1327.717..2425.650 rows=226220 loops=1)
              Hash Cond: (mi_idx.movie_id = t.id)
              ->  Seq Scan on movie_info_idx mi_idx  (cost=0.00..25185.44 rows=915101 width=4) (actual time=0.019..539.686 rows=919850 loops=1)
                    Filter: (info_type_id < 101)
                    Rows Removed by Filter: 460185
              ->  Hash  (cost=67604.59..67604.59 rows=538576 width=4) (actual time=1326.924..1326.924 rows=538190 loops=1)
                    Buckets: 131072  Batches: 8  Memory Usage: 3380kB
                    ->  Seq Scan on title t  (cost=0.00..67604.59 rows=538576 width=4) (actual time=0.028..1155.992 rows=538190 loops=1)
                          Filter: (production_year < 1982)
                          Rows Removed by Filter: 1990122
Planning time: 2.082 ms
Execution time: 4799.008 ms
