Hash Join  (cost=73929.13..160591.79 rows=462 width=0) (actual time=1170.176..2919.584 rows=5597 loops=1)
  Hash Cond: (mk.movie_id = t.id)
  ->  Seq Scan on movie_keyword mk  (cost=0.00..69693.30 rows=4523930 width=4) (actual time=0.019..942.114 rows=4523930 loops=1)
  ->  Hash  (cost=73925.90..73925.90 rows=258 width=4) (actual time=1168.451..1168.451 rows=3378 loops=1)
        Buckets: 4096 (originally 1024)  Batches: 1 (originally 1)  Memory Usage: 151kB
        ->  Seq Scan on title t  (cost=0.00..73925.90 rows=258 width=4) (actual time=15.718..1166.634 rows=3378 loops=1)
              Filter: ((kind_id < 7) AND (production_year > 2013))
              Rows Removed by Filter: 2524934
Planning time: 0.826 ms
Execution time: 2920.730 ms
