Seq Scan on movie_keyword mk  (cost=0.00..81003.12 rows=4344596 width=0) (actual time=0.023..1627.460 rows=4347590 loops=1)
  Filter: (keyword_id < 71766)
  Rows Removed by Filter: 176340
Planning time: 0.340 ms
Execution time: 2160.419 ms
