Seq Scan on cast_info ci  (cost=0.00..705507.15 rows=18425016 width=0) (actual time=0.015..12013.071 rows=18593231 loops=1)
  Filter: (person_id > 1747655)
  Rows Removed by Filter: 17651113
Planning time: 0.367 ms
Execution time: 14274.023 ms
