Hash Join  (cost=83074.74..109986.57 rows=134 width=0) (actual time=1284.395..1832.105 rows=2596 loops=1)
  Hash Cond: (mi_idx.movie_id = t.id)
  ->  Seq Scan on movie_info_idx mi_idx  (cost=0.00..21735.35 rows=1380035 width=4) (actual time=0.016..293.932 rows=1380035 loops=1)
  ->  Hash  (cost=83071.67..83071.67 rows=246 width=8) (actual time=1284.148..1284.148 rows=1068 loops=1)
        Buckets: 2048 (originally 1024)  Batches: 1 (originally 1)  Memory Usage: 58kB
        ->  Nested Loop  (cost=0.43..83071.67 rows=246 width=8) (actual time=0.249..1283.251 rows=1068 loops=1)
              ->  Seq Scan on movie_keyword mk  (cost=0.00..81003.12 rows=246 width=4) (actual time=0.165..1248.355 rows=1068 loops=1)
                    Filter: (keyword_id = 4964)
                    Rows Removed by Filter: 4522862
              ->  Index Only Scan using title_pkey on title t  (cost=0.43..8.40 rows=1 width=4) (actual time=0.031..0.031 rows=1 loops=1068)
                    Index Cond: (id = mk.movie_id)
                    Heap Fetches: 1068
Planning time: 1.263 ms
Execution time: 1832.640 ms
