Hash Join  (cost=123180.67..614288.88 rows=1059232 width=0) (actual time=2615.434..15842.853 rows=4982581 loops=1)
  Hash Cond: (mi.movie_id = t.id)
  ->  Seq Scan on movie_info mi  (cost=0.00..309384.22 rows=14739122 width=4) (actual time=0.028..6158.067 rows=14835720 loops=1)
  ->  Hash  (cost=120199.25..120199.25 rows=181713 width=8) (actual time=2455.876..2455.876 rows=231397 loops=1)
        Buckets: 131072  Batches: 4  Memory Usage: 3286kB
        ->  Hash Join  (cost=79388.64..120199.25 rows=181713 width=8) (actual time=1299.669..2387.843 rows=231397 loops=1)
              Hash Cond: (mi_idx.movie_id = t.id)
              ->  Seq Scan on movie_info_idx mi_idx  (cost=0.00..21735.35 rows=1380035 width=4) (actual time=0.015..430.729 rows=1380035 loops=1)
              ->  Hash  (cost=73925.90..73925.90 rows=332939 width=4) (actual time=1298.597..1298.597 rows=255571 loops=1)
                    Buckets: 131072  Batches: 8  Memory Usage: 2147kB
                    ->  Seq Scan on title t  (cost=0.00..73925.90 rows=332939 width=4) (actual time=0.029..1209.585 rows=255571 loops=1)
                          Filter: ((production_year > 2002) AND (kind_id = 1))
                          Rows Removed by Filter: 2272741
Planning time: 1.263 ms
Execution time: 16435.794 ms
