Hash Join  (cost=83074.74..137742.81 rows=254 width=0) (actual time=1262.444..2345.079 rows=773 loops=1)
  Hash Cond: (mc.movie_id = t.id)
  ->  Seq Scan on movie_companies mc  (cost=0.00..44881.29 rows=2609129 width=4) (actual time=0.022..618.517 rows=2609129 loops=1)
  ->  Hash  (cost=83071.67..83071.67 rows=246 width=8) (actual time=1259.540..1259.540 rows=130 loops=1)
        Buckets: 1024  Batches: 1  Memory Usage: 14kB
        ->  Nested Loop  (cost=0.43..83071.67 rows=246 width=8) (actual time=19.103..1259.371 rows=130 loops=1)
              ->  Seq Scan on movie_keyword mk  (cost=0.00..81003.12 rows=246 width=4) (actual time=18.999..1250.757 rows=130 loops=1)
                    Filter: (keyword_id = 5233)
                    Rows Removed by Filter: 4523800
              ->  Index Only Scan using title_pkey on title t  (cost=0.43..8.40 rows=1 width=4) (actual time=0.061..0.062 rows=1 loops=130)
                    Index Cond: (id = mk.movie_id)
                    Heap Fetches: 130
Planning time: 1.190 ms
Execution time: 2345.357 ms
