Hash Join  (cost=94657.25..898112.02 rows=14106 width=0) (actual time=1686.419..19454.085 rows=77819 loops=1)
  Hash Cond: (ci.movie_id = t.id)
  ->  Seq Scan on cast_info ci  (cost=0.00..705507.15 rows=26081762 width=4) (actual time=0.023..12755.083 rows=26298058 loops=1)
        Filter: (person_id > 979153)
        Rows Removed by Filter: 9946286
  ->  Hash  (cost=94640.16..94640.16 rows=1367 width=8) (actual time=1686.041..1686.041 rows=4131 loops=1)
        Buckets: 8192 (originally 2048)  Batches: 1 (originally 1)  Memory Usage: 226kB
        ->  Hash Join  (cost=67697.55..94640.16 rows=1367 width=8) (actual time=1146.869..1683.888 rows=4131 loops=1)
              Hash Cond: (mi_idx.movie_id = t.id)
              ->  Seq Scan on movie_info_idx mi_idx  (cost=0.00..25185.44 rows=464934 width=4) (actual time=0.021..426.706 rows=460185 loops=1)
                    Filter: (info_type_id > 100)
                    Rows Removed by Filter: 919850
              ->  Hash  (cost=67604.59..67604.59 rows=7437 width=4) (actual time=1146.695..1146.695 rows=16571 loops=1)
                    Buckets: 32768 (originally 8192)  Batches: 1 (originally 1)  Memory Usage: 839kB
                    ->  Seq Scan on title t  (cost=0.00..67604.59 rows=7437 width=4) (actual time=0.015..1138.627 rows=16571 loops=1)
                          Filter: (production_year = 1984)
                          Rows Removed by Filter: 2511741
Planning time: 1.187 ms
Execution time: 19470.065 ms
