Hash Join  (cost=99217.91..194140.19 rows=238399 width=0) (actual time=1971.751..3909.905 rows=221818 loops=1)
  Hash Cond: (mk.movie_id = t.id)
  ->  Seq Scan on movie_keyword mk  (cost=0.00..81003.12 rows=312832 width=4) (actual time=0.026..1360.040 rows=334142 loops=1)
        Filter: (keyword_id < 275)
        Rows Removed by Filter: 4189788
  ->  Hash  (cost=67604.59..67604.59 rows=1926906 width=4) (actual time=1962.893..1962.893 rows=1918028 loops=1)
        Buckets: 131072  Batches: 32  Memory Usage: 3147kB
        ->  Seq Scan on title t  (cost=0.00..67604.59 rows=1926906 width=4) (actual time=0.023..1345.434 rows=1918028 loops=1)
              Filter: (production_year > 1981)
              Rows Removed by Filter: 610284
Planning time: 0.709 ms
Execution time: 3938.199 ms
