Hash Join  (cost=1333053.01..2825309.25 rows=74166248 width=0) (actual time=30857.344..89615.625 rows=166172903 loops=1)
  Hash Cond: (mi.movie_id = t.id)
  ->  Seq Scan on movie_info mi  (cost=0.00..309384.22 rows=14739122 width=4) (actual time=0.021..6125.114 rows=14835720 loops=1)
  ->  Hash  (cost=1124309.83..1124309.83 rows=12723374 width=8) (actual time=30850.926..30850.926 rows=12676835 loops=1)
        Buckets: 131072  Batches: 256  Memory Usage: 3034kB
        ->  Hash Join  (cost=102767.86..1124309.83 rows=12723374 width=8) (actual time=3289.008..27157.597 rows=12676835 loops=1)
              Hash Cond: (ci.movie_id = t.id)
              ->  Seq Scan on cast_info ci  (cost=0.00..705507.15 rows=12723374 width=4) (actual time=994.719..13544.274 rows=12676835 loops=1)
                    Filter: (person_id < 1250178)
                    Rows Removed by Filter: 23567509
              ->  Hash  (cost=61283.27..61283.27 rows=2528527 width=4) (actual time=2250.830..2250.830 rows=2528312 loops=1)
                    Buckets: 131072  Batches: 64  Memory Usage: 2415kB
                    ->  Seq Scan on title t  (cost=0.00..61283.27 rows=2528527 width=4) (actual time=0.014..1094.667 rows=2528312 loops=1)
Planning time: 0.921 ms
Execution time: 107800.808 ms
