Seq Scan on cast_info ci  (cost=0.00..796071.18 rows=235849 width=0) (actual time=11300.738..14182.207 rows=81716 loops=1)
  Filter: ((person_id < 2499704) AND (role_id > 10))
  Rows Removed by Filter: 36162628
Planning time: 0.381 ms
Execution time: 14192.077 ms
