Seq Scan on movie_keyword mk  (cost=0.00..81003.12 rows=1538089 width=0) (actual time=0.025..1217.547 rows=1552398 loops=1)
  Filter: (keyword_id > 10155)
  Rows Removed by Filter: 2971532
Planning time: 0.312 ms
Execution time: 1398.142 ms
