Seq Scan on movie_keyword mk  (cost=0.00..81003.12 rows=246 width=0) (actual time=1.855..1155.942 rows=780 loops=1)
  Filter: (keyword_id = 8845)
  Rows Removed by Filter: 4523150
Planning time: 0.313 ms
Execution time: 1156.249 ms
