Hash Join  (cost=206886.70..1286618.29 rows=9837411 width=0) (actual time=4676.661..39743.506 rows=24525495 loops=1)
  Hash Cond: (ci.movie_id = t.id)
  ->  Seq Scan on cast_info ci  (cost=0.00..705507.15 rows=23499554 width=4) (actual time=0.014..15699.184 rows=23573656 loops=1)
        Filter: (role_id > 1)
        Rows Removed by Filter: 12670688
  ->  Hash  (cost=189520.51..189520.51 rows=1058495 width=8) (actual time=4675.838..4675.838 rows=1054926 loops=1)
        Buckets: 131072  Batches: 16  Memory Usage: 3572kB
        ->  Hash Join  (cost=102767.86..189520.51 rows=1058495 width=8) (actual time=1948.186..4335.358 rows=1054926 loops=1)
              Hash Cond: (mc.movie_id = t.id)
              ->  Seq Scan on movie_companies mc  (cost=0.00..51404.11 rows=1058495 width=4) (actual time=0.025..1007.603 rows=1054926 loops=1)
                    Filter: (company_id < 6224)
                    Rows Removed by Filter: 1554203
              ->  Hash  (cost=61283.27..61283.27 rows=2528527 width=4) (actual time=1946.766..1946.766 rows=2528312 loops=1)
                    Buckets: 131072  Batches: 64  Memory Usage: 2415kB
                    ->  Seq Scan on title t  (cost=0.00..61283.27 rows=2528527 width=4) (actual time=0.019..1103.685 rows=2528312 loops=1)
Planning time: 1.120 ms
Execution time: 42340.436 ms
