Hash Join  (cost=102767.86..988776.17 rows=3327085 width=0) (actual time=9103.092..19934.922 rows=6687765 loops=1)
  Hash Cond: (ci.movie_id = t.id)
  ->  Seq Scan on cast_info ci  (cost=0.00..796071.18 rows=3327085 width=4) (actual time=7196.373..12100.409 rows=6687765 loops=1)
        Filter: ((person_id < 915944) AND (role_id = 1))
        Rows Removed by Filter: 29556579
  ->  Hash  (cost=61283.27..61283.27 rows=2528527 width=4) (actual time=1905.440..1905.440 rows=2528312 loops=1)
        Buckets: 131072  Batches: 64  Memory Usage: 2415kB
        ->  Seq Scan on title t  (cost=0.00..61283.27 rows=2528527 width=4) (actual time=0.025..1053.218 rows=2528312 loops=1)
Planning time: 0.850 ms
Execution time: 20600.228 ms
