Seq Scan on movie_keyword mk  (cost=0.00..81003.12 rows=246 width=0) (actual time=0.468..1169.830 rows=2174 loops=1)
  Filter: (keyword_id = 395)
  Rows Removed by Filter: 4521756
Planning time: 0.291 ms
Execution time: 1170.483 ms
