Hash Join  (cost=237138.34..783783.36 rows=6264110 width=0) (actual time=5703.871..31102.663 rows=47257424 loops=1)
  Hash Cond: (mi.movie_id = t.id)
  ->  Seq Scan on movie_info mi  (cost=0.00..309384.22 rows=14739122 width=4) (actual time=0.013..5760.920 rows=14835720 loops=1)
  ->  Hash  (cost=219507.57..219507.57 rows=1074621 width=8) (actual time=5702.979..5702.979 rows=1083388 loops=1)
        Buckets: 131072  Batches: 16  Memory Usage: 3776kB
        ->  Hash Join  (cost=102767.86..219507.57 rows=1074621 width=8) (actual time=2640.734..5382.430 rows=1083388 loops=1)
              Hash Cond: (mk.movie_id = t.id)
              ->  Seq Scan on movie_keyword mk  (cost=0.00..81003.12 rows=1074621 width=4) (actual time=0.025..1459.933 rows=1083388 loops=1)
                    Filter: (keyword_id < 1095)
                    Rows Removed by Filter: 3440542
              ->  Hash  (cost=61283.27..61283.27 rows=2528527 width=4) (actual time=2639.082..2639.082 rows=2528312 loops=1)
                    Buckets: 131072  Batches: 64  Memory Usage: 2425kB
                    ->  Seq Scan on title t  (cost=0.00..61283.27 rows=2528527 width=4) (actual time=0.017..1089.144 rows=2528312 loops=1)
Planning time: 3.950 ms
Execution time: 36739.448 ms
