Hash Join  (cost=83810.17..888103.27 rows=110150 width=0) (actual time=2064.173..13865.284 rows=70727 loops=1)
  Hash Cond: (ci.movie_id = t.id)
  ->  Seq Scan on cast_info ci  (cost=0.00..796071.18 rows=281978 width=4) (actual time=664.140..12218.443 rows=111397 loops=1)
        Filter: ((person_id < 862833) AND (role_id = 9))
        Rows Removed by Filter: 36132947
  ->  Hash  (cost=67604.59..67604.59 rows=987727 width=4) (actual time=1399.232..1399.232 rows=985048 loops=1)
        Buckets: 131072  Batches: 16  Memory Usage: 3188kB
        ->  Seq Scan on title t  (cost=0.00..67604.59 rows=987727 width=4) (actual time=0.021..1094.020 rows=985048 loops=1)
              Filter: (kind_id < 7)
              Rows Removed by Filter: 1543264
Planning time: 0.823 ms
Execution time: 13873.610 ms
