Seq Scan on movie_keyword mk  (cost=0.00..81003.12 rows=1907523 width=0) (actual time=0.013..1493.982 rows=1918253 loops=1)
  Filter: (keyword_id > 7056)
  Rows Removed by Filter: 2605677
Planning time: 0.622 ms
Execution time: 1732.132 ms
