Seq Scan on title t  (cost=0.00..73925.90 rows=869702 width=0) (actual time=0.024..1179.579 rows=896788 loops=1)
  Filter: ((kind_id < 7) AND (production_year < 2012))
  Rows Removed by Filter: 1631524
Planning time: 0.320 ms
Execution time: 1293.539 ms
