Hash Join  (cost=52284.82..79195.68 rows=38 width=0) (actual time=1011.275..1436.018 rows=671 loops=1)
  Hash Cond: (mi_idx.movie_id = t.id)
  ->  Seq Scan on movie_info_idx mi_idx  (cost=0.00..21735.35 rows=1380035 width=4) (actual time=0.013..292.507 rows=1380035 loops=1)
  ->  Hash  (cost=52283.95..52283.95 rows=69 width=8) (actual time=884.910..884.910 rows=226 loops=1)
        Buckets: 1024  Batches: 1  Memory Usage: 17kB
        ->  Nested Loop  (cost=0.43..52283.95 rows=69 width=8) (actual time=34.225..884.696 rows=226 loops=1)
              ->  Seq Scan on movie_companies mc  (cost=0.00..51404.11 rows=104 width=4) (actual time=34.170..871.593 rows=296 loops=1)
                    Filter: (company_id = 1723)
                    Rows Removed by Filter: 2608833
              ->  Index Scan using title_pkey on title t  (cost=0.43..8.45 rows=1 width=4) (actual time=0.043..0.043 rows=1 loops=296)
                    Index Cond: (id = mc.movie_id)
                    Filter: (production_year < 2008)
                    Rows Removed by Filter: 0
Planning time: 1.156 ms
Execution time: 1436.255 ms
