Seq Scan on movie_keyword mk  (cost=0.00..81003.12 rows=4360326 width=0) (actual time=0.022..1573.989 rows=4346368 loops=1)
  Filter: (keyword_id > 121)
  Rows Removed by Filter: 177562
Planning time: 0.324 ms
Execution time: 2111.065 ms
