Hash Join  (cost=245559.61..1468143.18 rows=18376941 width=0) (actual time=5788.853..51779.187 rows=60437582 loops=1)
  Hash Cond: (ci.movie_id = t.id)
  ->  Seq Scan on cast_info ci  (cost=0.00..614943.12 rows=36225612 width=4) (actual time=0.021..13612.031 rows=36244344 loops=1)
  ->  Hash  (cost=224514.86..224514.86 rows=1282700 width=8) (actual time=5788.128..5788.128 rows=1293084 loops=1)
        Buckets: 131072  Batches: 32  Memory Usage: 2593kB
        ->  Hash Join  (cost=102767.86..224514.86 rows=1282700 width=8) (actual time=2425.555..5399.095 rows=1293084 loops=1)
              Hash Cond: (mk.movie_id = t.id)
              ->  Seq Scan on movie_keyword mk  (cost=0.00..81003.12 rows=1282700 width=4) (actual time=0.022..1545.711 rows=1293084 loops=1)
                    Filter: (keyword_id > 13663)
                    Rows Removed by Filter: 3230846
              ->  Hash  (cost=61283.27..61283.27 rows=2528527 width=4) (actual time=2421.845..2421.845 rows=2528312 loops=1)
                    Buckets: 131072  Batches: 64  Memory Usage: 2425kB
                    ->  Seq Scan on title t  (cost=0.00..61283.27 rows=2528527 width=4) (actual time=0.025..1185.817 rows=2528312 loops=1)
Planning time: 1.994 ms
Execution time: 58826.325 ms
