Seq Scan on movie_companies mc  (cost=0.00..57926.93 rows=287124 width=40) (actual time=989.948..1165.164 rows=1168 loops=1)
  Filter: ((company_id > 69766) AND (company_type_id < 2))
  Rows Removed by Filter: 2607961
Planning time: 0.491 ms
Execution time: 1165.284 ms
