Hash Join  (cost=83074.32..447739.75 rows=952 width=0) (actual time=1270.779..8561.868 rows=3626 loops=1)
  Hash Cond: (mi.movie_id = t.id)
  ->  Seq Scan on movie_info mi  (cost=0.00..309384.22 rows=14739122 width=4) (actual time=0.018..4600.792 rows=14835720 loops=1)
  ->  Hash  (cost=83072.29..83072.29 rows=163 width=8) (actual time=1269.736..1269.736 rows=85 loops=1)
        Buckets: 1024  Batches: 1  Memory Usage: 12kB
        ->  Nested Loop  (cost=0.43..83072.29 rows=163 width=8) (actual time=0.927..1269.603 rows=85 loops=1)
              ->  Seq Scan on movie_keyword mk  (cost=0.00..81003.12 rows=246 width=4) (actual time=0.871..1260.526 rows=341 loops=1)
                    Filter: (keyword_id = 439)
                    Rows Removed by Filter: 4523589
              ->  Index Scan using title_pkey on title t  (cost=0.43..8.40 rows=1 width=4) (actual time=0.024..0.024 rows=0 loops=341)
                    Index Cond: (id = mk.movie_id)
                    Filter: (production_year > 1993)
                    Rows Removed by Filter: 1
Planning time: 1.172 ms
Execution time: 8563.001 ms
