Seq Scan on movie_keyword mk  (cost=0.00..81003.12 rows=2855155 width=0) (actual time=0.022..1502.512 rows=2843506 loops=1)
  Filter: (keyword_id < 8654)
  Rows Removed by Filter: 1680424
Planning time: 0.300 ms
Execution time: 1854.607 ms
