Hash Join  (cost=263115.61..1420216.91 rows=14848307 width=0) (actual time=13253.578..72332.280 rows=21976873 loops=1)
  Hash Cond: (ci.movie_id = t.id)
  ->  Seq Scan on cast_info ci  (cost=0.00..796071.18 rows=14389609 width=4) (actual time=0.017..42735.000 rows=12578777 loops=1)
        Filter: ((person_id > 1892883) AND (role_id < 9))
        Rows Removed by Filter: 23665567
  ->  Hash  (cost=220309.49..220309.49 rows=2609129 width=8) (actual time=13252.480..13252.480 rows=2609129 loops=1)
        Buckets: 131072  Batches: 64  Memory Usage: 2610kB
        ->  Hash Join  (cost=102767.86..220309.49 rows=2609129 width=8) (actual time=5590.552..12275.092 rows=2609129 loops=1)
              Hash Cond: (mc.movie_id = t.id)
              ->  Seq Scan on movie_companies mc  (cost=0.00..44881.29 rows=2609129 width=4) (actual time=0.032..3229.227 rows=2609129 loops=1)
              ->  Hash  (cost=61283.27..61283.27 rows=2528527 width=4) (actual time=5589.272..5589.272 rows=2528312 loops=1)
                    Buckets: 131072  Batches: 64  Memory Usage: 2415kB
                    ->  Seq Scan on title t  (cost=0.00..61283.27 rows=2528527 width=4) (actual time=0.024..4372.714 rows=2528312 loops=1)
Planning time: 7.739 ms
Execution time: 75303.532 ms
