Hash Join  (cost=190230.21..1121108.47 rows=4149891 width=0) (actual time=21413.483..65826.340 rows=12894289 loops=1)
  Hash Cond: (ci.movie_id = t.id)
  ->  Seq Scan on cast_info ci  (cost=0.00..796071.18 rows=7603511 width=4) (actual time=12532.038..43908.579 rows=11024463 loops=1)
        Filter: ((person_id > 1909838) AND (role_id > 2))
        Rows Removed by Filter: 25219881
  ->  Hash  (cost=167588.78..167588.78 rows=1380035 width=8) (actual time=8880.545..8880.545 rows=1380035 loops=1)
        Buckets: 131072  Batches: 32  Memory Usage: 2708kB
        ->  Hash Join  (cost=102767.86..167588.78 rows=1380035 width=8) (actual time=5081.806..8398.107 rows=1380035 loops=1)
              Hash Cond: (mi_idx.movie_id = t.id)
              ->  Seq Scan on movie_info_idx mi_idx  (cost=0.00..21735.35 rows=1380035 width=4) (actual time=0.026..1574.422 rows=1380035 loops=1)
              ->  Hash  (cost=61283.27..61283.27 rows=2528527 width=4) (actual time=5080.195..5080.195 rows=2528312 loops=1)
                    Buckets: 131072  Batches: 64  Memory Usage: 2415kB
                    ->  Seq Scan on title t  (cost=0.00..61283.27 rows=2528527 width=4) (actual time=0.015..3966.245 rows=2528312 loops=1)
Planning time: 1.083 ms
Execution time: 67810.032 ms
