Hash Join  (cost=98498.33..1106494.24 rows=10048503 width=0) (actual time=2064.525..32654.153 rows=9501119 loops=1)
  Hash Cond: (ci.movie_id = t.id)
  ->  Seq Scan on cast_info ci  (cost=0.00..705507.15 rows=16964461 width=4) (actual time=2.234..16897.336 rows=16833349 loops=1)
        Filter: (person_id < 1664517)
        Rows Removed by Filter: 19410995
  ->  Hash  (cost=73925.90..73925.90 rows=1497714 width=4) (actual time=2060.298..2060.298 rows=1478440 loops=1)
        Buckets: 131072  Batches: 32  Memory Usage: 2651kB
        ->  Seq Scan on title t  (cost=0.00..73925.90 rows=1497714 width=4) (actual time=220.045..1569.958 rows=1478440 loops=1)
              Filter: ((production_year > 0) AND (kind_id = 7))
              Rows Removed by Filter: 1049872
Planning time: 0.772 ms
Execution time: 34012.565 ms
