Seq Scan on cast_info ci  (cost=0.00..796071.18 rows=18289250 width=0) (actual time=0.023..43652.361 rows=21375331 loops=1)
  Filter: ((person_id > 771741) AND (role_id > 1))
  Rows Removed by Filter: 14869013
Planning time: 0.350 ms
Execution time: 47448.865 ms
