Hash Join  (cost=139655.87..504807.63 rows=49583 width=0) (actual time=2337.944..9340.004 rows=174 loops=1)
  Hash Cond: (mi.movie_id = t.id)
  ->  Seq Scan on movie_info mi  (cost=0.00..309384.22 rows=14739122 width=4) (actual time=0.016..4454.644 rows=14835720 loops=1)
  ->  Hash  (cost=139549.55..139549.55 rows=8506 width=8) (actual time=2292.133..2292.133 rows=5 loops=1)
        Buckets: 16384  Batches: 1  Memory Usage: 129kB
        ->  Hash Join  (cost=78556.72..139549.55 rows=8506 width=8) (actual time=1902.174..2292.068 rows=5 loops=1)
              Hash Cond: (mc.movie_id = t.id)
              ->  Seq Scan on movie_companies mc  (cost=0.00..57926.93 rows=32221 width=4) (actual time=249.010..962.093 rows=6578 loops=1)
                    Filter: ((company_type_id > 1) AND (company_id = 6))
                    Rows Removed by Filter: 2602551
              ->  Hash  (cost=67604.59..67604.59 rows=667531 width=4) (actual time=1213.015..1213.015 rows=662825 loops=1)
                    Buckets: 131072  Batches: 16  Memory Usage: 2476kB
                    ->  Seq Scan on title t  (cost=0.00..67604.59 rows=667531 width=4) (actual time=445.611..1035.707 rows=662825 loops=1)
                          Filter: (kind_id = 1)
                          Rows Removed by Filter: 1865487
Planning time: 1.164 ms
Execution time: 9340.285 ms
