Hash Join  (cost=224956.52..760389.25 rows=5213277 width=0) (actual time=13164.453..93328.485 rows=157385330 loops=1)
  Hash Cond: (mi.movie_id = t.id)
  ->  Seq Scan on movie_info mi  (cost=0.00..309384.22 rows=14739122 width=4) (actual time=0.019..23897.074 rows=14835720 loops=1)
  ->  Hash  (cost=210283.16..210283.16 rows=894349 width=8) (actual time=12899.528..12899.528 rows=2182217 loops=1)
        Buckets: 131072 (originally 131072)  Batches: 32 (originally 16)  Memory Usage: 3759kB
        ->  Hash Join  (cost=78556.72..210283.16 rows=894349 width=8) (actual time=3095.788..12134.869 rows=2182217 loops=1)
              Hash Cond: (mk.movie_id = t.id)
              ->  Seq Scan on movie_keyword mk  (cost=0.00..81003.12 rows=3387685 width=4) (actual time=0.020..5652.817 rows=3377245 loops=1)
                    Filter: (keyword_id < 16264)
                    Rows Removed by Filter: 1146685
              ->  Hash  (cost=67604.59..67604.59 rows=667531 width=4) (actual time=3094.770..3094.770 rows=662825 loops=1)
                    Buckets: 131072  Batches: 16  Memory Usage: 2486kB
                    ->  Seq Scan on title t  (cost=0.00..67604.59 rows=667531 width=4) (actual time=0.021..2780.082 rows=662825 loops=1)
                          Filter: (kind_id = 1)
                          Rows Removed by Filter: 1865487
Planning time: 1.040 ms
Execution time: 114944.147 ms
