Hash Join  (cost=190230.21..335568.50 rows=1890137 width=0) (actual time=8243.398..18164.319 rows=7963255 loops=1)
  Hash Cond: (mk.movie_id = t.id)
  ->  Seq Scan on movie_keyword mk  (cost=0.00..81003.12 rows=3463145 width=4) (actual time=0.018..5216.035 rows=3454275 loops=1)
        Filter: (keyword_id < 16496)
        Rows Removed by Filter: 1069655
  ->  Hash  (cost=167588.78..167588.78 rows=1380035 width=8) (actual time=8241.663..8241.663 rows=1380035 loops=1)
        Buckets: 131072  Batches: 32  Memory Usage: 2726kB
        ->  Hash Join  (cost=102767.86..167588.78 rows=1380035 width=8) (actual time=4642.332..7786.945 rows=1380035 loops=1)
              Hash Cond: (mi_idx.movie_id = t.id)
              ->  Seq Scan on movie_info_idx mi_idx  (cost=0.00..21735.35 rows=1380035 width=4) (actual time=0.011..1380.461 rows=1380035 loops=1)
              ->  Hash  (cost=61283.27..61283.27 rows=2528527 width=4) (actual time=4640.787..4640.787 rows=2528312 loops=1)
                    Buckets: 131072  Batches: 64  Memory Usage: 2415kB
                    ->  Seq Scan on title t  (cost=0.00..61283.27 rows=2528527 width=4) (actual time=0.015..3270.329 rows=2528312 loops=1)
Planning time: 5.686 ms
Execution time: 19241.456 ms
