Hash Join  (cost=67697.55..154488.65 rows=13306 width=0) (actual time=3118.578..8342.866 rows=48353 loops=1)
  Hash Cond: (mk.movie_id = t.id)
  ->  Seq Scan on movie_keyword mk  (cost=0.00..69693.30 rows=4523930 width=4) (actual time=0.012..3993.303 rows=4523930 loops=1)
  ->  Hash  (cost=67604.59..67604.59 rows=7437 width=4) (actual time=3118.483..3118.483 rows=19861 loops=1)
        Buckets: 32768 (originally 8192)  Batches: 1 (originally 1)  Memory Usage: 955kB
        ->  Seq Scan on title t  (cost=0.00..67604.59 rows=7437 width=4) (actual time=0.081..3108.652 rows=19861 loops=1)
              Filter: (production_year = 1988)
              Rows Removed by Filter: 2508451
Planning time: 0.666 ms
Execution time: 8358.675 ms
