Seq Scan on cast_info ci  (cost=0.00..796071.18 rows=1483826 width=0) (actual time=28431.751..38010.507 rows=1584130 loops=1)
  Filter: ((person_id > 1626482) AND (role_id = 4))
  Rows Removed by Filter: 34660214
Planning time: 0.336 ms
Execution time: 38282.854 ms
