Hash Join  (cost=68426.36..870129.48 rows=36516 width=0) (actual time=6907.806..42585.354 rows=135929 loops=1)
  Hash Cond: (ci.movie_id = t.id)
  ->  Seq Scan on cast_info ci  (cost=0.00..796071.18 rows=1404473 width=4) (actual time=3292.147..36972.753 rows=4871661 loops=1)
        Filter: ((person_id > 3111056) AND (role_id > 4))
        Rows Removed by Filter: 31372683
  ->  Hash  (cost=67604.59..67604.59 rows=65742 width=4) (actual time=3614.920..3614.920 rows=63827 loops=1)
        Buckets: 131072  Batches: 1  Memory Usage: 3268kB
        ->  Seq Scan on title t  (cost=0.00..67604.59 rows=65742 width=4) (actual time=0.055..3553.393 rows=63827 loops=1)
              Filter: (production_year = 2013)
              Rows Removed by Filter: 2464485
Planning time: 13.477 ms
Execution time: 42616.781 ms
