Hash Join  (cost=116881.80..1164008.56 rows=1296959 width=0) (actual time=5991.585..72497.796 rows=5589171 loops=1)
  Hash Cond: (ci.movie_id = t.id)
  ->  Seq Scan on cast_info ci  (cost=0.00..614943.12 rows=36225612 width=4) (actual time=0.013..42524.173 rows=36244344 loops=1)
  ->  Hash  (cost=115396.21..115396.21 rows=90527 width=8) (actual time=5990.785..5990.785 rows=203184 loops=1)
        Buckets: 131072 (originally 131072)  Batches: 4 (originally 2)  Memory Usage: 3073kB
        ->  Hash Join  (cost=82004.01..115396.21 rows=90527 width=8) (actual time=3995.567..5885.215 rows=203184 loops=1)
              Hash Cond: (mi_idx.movie_id = t.id)
              ->  Seq Scan on movie_info_idx mi_idx  (cost=0.00..25185.44 rows=464934 width=4) (actual time=0.022..1375.321 rows=460185 loops=1)
                    Filter: (info_type_id > 100)
                    Rows Removed by Filter: 919850
              ->  Hash  (cost=73925.90..73925.90 rows=492328 width=4) (actual time=3994.711..3994.711 rows=570276 loops=1)
                    Buckets: 131072  Batches: 8  Memory Usage: 3545kB
                    ->  Seq Scan on title t  (cost=0.00..73925.90 rows=492328 width=4) (actual time=0.023..3735.039 rows=570276 loops=1)
                          Filter: ((kind_id < 4) AND (production_year < 2006))
                          Rows Removed by Filter: 1958036
Planning time: 1.205 ms
Execution time: 73299.034 ms
