Hash Join  (cost=102767.86..275622.95 rows=3406644 width=0) (actual time=1988.477..6665.891 rows=3400030 loops=1)
  Hash Cond: (mk.movie_id = t.id)
  ->  Seq Scan on movie_keyword mk  (cost=0.00..81003.12 rows=3406644 width=4) (actual time=0.010..1840.552 rows=3400030 loops=1)
        Filter: (keyword_id > 1212)
        Rows Removed by Filter: 1123900
  ->  Hash  (cost=61283.27..61283.27 rows=2528527 width=4) (actual time=1986.904..1986.904 rows=2528312 loops=1)
        Buckets: 131072  Batches: 64  Memory Usage: 2425kB
        ->  Seq Scan on title t  (cost=0.00..61283.27 rows=2528527 width=4) (actual time=0.015..1119.623 rows=2528312 loops=1)
Planning time: 0.740 ms
Execution time: 7054.716 ms
