Hash Join  (cost=68257.79..129522.33 rows=17433 width=0) (actual time=3438.060..6311.127 rows=9644 loops=1)
  Hash Cond: (mc.movie_id = t.id)
  ->  Seq Scan on movie_companies mc  (cost=0.00..57926.93 rows=843542 width=4) (actual time=0.352..2681.859 rows=531418 loops=1)
        Filter: ((company_id < 18016) AND (company_type_id = 2))
        Rows Removed by Filter: 2077711
  ->  Hash  (cost=67604.59..67604.59 rows=52256 width=4) (actual time=3437.284..3437.284 rows=53013 loops=1)
        Buckets: 65536  Batches: 1  Memory Usage: 2376kB
        ->  Seq Scan on title t  (cost=0.00..67604.59 rows=52256 width=4) (actual time=0.050..3395.497 rows=53013 loops=1)
              Filter: (production_year = 2000)
              Rows Removed by Filter: 2475299
Planning time: 0.787 ms
Execution time: 6313.177 ms
