Seq Scan on cast_info ci  (cost=0.00..796071.18 rows=12527317 width=0) (actual time=12946.218..44495.661 rows=12670688 loops=1)
  Filter: ((person_id < 3947929) AND (role_id = 1))
  Rows Removed by Filter: 23573656
Planning time: 0.439 ms
Execution time: 46644.123 ms
