Hash Join  (cost=75915.84..170047.20 rows=50396 width=0) (actual time=4061.888..9244.371 rows=10414 loops=1)
  Hash Cond: (mk.movie_id = t.id)
  ->  Seq Scan on movie_keyword mk  (cost=0.00..81003.12 rows=1050738 width=4) (actual time=0.022..4304.954 rows=1057793 loops=1)
        Filter: (keyword_id < 1053)
        Rows Removed by Filter: 3466137
  ->  Hash  (cost=73925.90..73925.90 rows=121275 width=4) (actual time=4024.593..4024.593 rows=124747 loops=1)
        Buckets: 131072  Batches: 2  Memory Usage: 3225kB
        ->  Seq Scan on title t  (cost=0.00..73925.90 rows=121275 width=4) (actual time=0.013..3962.733 rows=124747 loops=1)
              Filter: ((kind_id > 1) AND (production_year = 2012))
              Rows Removed by Filter: 2403565
Planning time: 0.698 ms
Execution time: 9246.233 ms
