Hash Join  (cost=128753.29..221712.30 rows=5867 width=0) (actual time=6799.005..11668.032 rows=4463 loops=1)
  Hash Cond: (mk.movie_id = t.id)
  ->  Seq Scan on movie_keyword mk  (cost=0.00..81003.12 rows=3172592 width=4) (actual time=0.021..4231.685 rows=3161319 loops=1)
        Filter: (keyword_id < 12308)
        Rows Removed by Filter: 1362611
  ->  Hash  (cost=128694.84..128694.84 rows=4676 width=8) (actual time=6747.143..6747.143 rows=6488 loops=1)
        Buckets: 8192  Batches: 1  Memory Usage: 318kB
        ->  Hash Join  (cost=73982.55..128694.84 rows=4676 width=8) (actual time=3788.668..6744.015 rows=6488 loops=1)
              Hash Cond: (mc.movie_id = t.id)
              ->  Seq Scan on movie_companies mc  (cost=0.00..44881.29 rows=2609129 width=4) (actual time=0.012..2456.142 rows=2609129 loops=1)
              ->  Hash  (cost=73925.90..73925.90 rows=4532 width=4) (actual time=3436.940..3436.940 rows=7895 loops=1)
                    Buckets: 8192  Batches: 1  Memory Usage: 342kB
                    ->  Seq Scan on title t  (cost=0.00..73925.90 rows=4532 width=4) (actual time=0.169..3432.767 rows=7895 loops=1)
                          Filter: ((kind_id = 7) AND (production_year = 1982))
                          Rows Removed by Filter: 2520417
Planning time: 14.983 ms
Execution time: 11670.120 ms
