Seq Scan on title t  (cost=0.00..73925.90 rows=356548 width=0) (actual time=897.116..3670.511 rows=424572 loops=1)
  Filter: ((production_year < 2005) AND (kind_id = 1))
  Rows Removed by Filter: 2103740
Planning time: 1.891 ms
Execution time: 3737.991 ms
