Hash Join  (cost=210275.72..353662.48 rows=1755173 width=0) (actual time=12110.842..21556.433 rows=4023743 loops=1)
  Hash Cond: (mk.movie_id = t.id)
  ->  Seq Scan on movie_keyword mk  (cost=0.00..69693.30 rows=4523930 width=4) (actual time=0.020..5147.932 rows=4523930 loops=1)
  ->  Hash  (cost=194180.14..194180.14 rows=981006 width=8) (actual time=12108.350..12108.350 rows=675797 loops=1)
        Buckets: 131072  Batches: 16  Memory Usage: 2674kB
        ->  Hash Join  (cost=102767.86..194180.14 rows=981006 width=8) (actual time=8014.531..11885.968 rows=675797 loops=1)
              Hash Cond: (mc.movie_id = t.id)
              ->  Seq Scan on movie_companies mc  (cost=0.00..57926.93 rows=981006 width=4) (actual time=830.259..3029.777 rows=675797 loops=1)
                    Filter: ((company_id < 47111) AND (company_type_id > 1))
                    Rows Removed by Filter: 1933332
              ->  Hash  (cost=61283.27..61283.27 rows=2528527 width=4) (actual time=7183.032..7183.032 rows=2528312 loops=1)
                    Buckets: 131072  Batches: 64  Memory Usage: 2415kB
                    ->  Seq Scan on title t  (cost=0.00..61283.27 rows=2528527 width=4) (actual time=0.036..4661.122 rows=2528312 loops=1)
Planning time: 1.042 ms
Execution time: 22185.413 ms
