Hash Join  (cost=81925.97..1187492.15 rows=6985802 width=0) (actual time=1471.184..34088.420 rows=7709740 loops=1)
  Hash Cond: (ci.movie_id = t.id)
  ->  Seq Scan on cast_info ci  (cost=0.00..614943.12 rows=36225612 width=4) (actual time=0.021..13222.960 rows=36244344 loops=1)
  ->  Hash  (cost=73925.90..73925.90 rows=487605 width=4) (actual time=1470.222..1470.222 rows=501779 loops=1)
        Buckets: 131072  Batches: 8  Memory Usage: 3231kB
        ->  Seq Scan on title t  (cost=0.00..73925.90 rows=487605 width=4) (actual time=0.024..1307.103 rows=501779 loops=1)
              Filter: ((kind_id > 1) AND (production_year > 2008))
              Rows Removed by Filter: 2026533
Planning time: 1.654 ms
Execution time: 34975.806 ms
