Hash Join  (cost=128478.61..1179849.36 rows=3816638 width=0) (actual time=6921.010..74115.183 rows=14049363 loops=1)
  Hash Cond: (ci.movie_id = t.id)
  ->  Seq Scan on cast_info ci  (cost=0.00..705507.15 rows=26488331 width=4) (actual time=0.019..44610.874 rows=26534737 loops=1)
        Filter: (person_id < 2738403)
        Rows Removed by Filter: 9709607
  ->  Hash  (cost=122500.50..122500.50 rows=364329 width=8) (actual time=6919.795..6919.795 rows=629900 loops=1)
        Buckets: 131072 (originally 131072)  Batches: 16 (originally 8)  Memory Usage: 3073kB
        ->  Hash Join  (cost=78556.72..122500.50 rows=364329 width=8) (actual time=4256.041..6662.205 rows=629900 loops=1)
              Hash Cond: (mi_idx.movie_id = t.id)
              ->  Seq Scan on movie_info_idx mi_idx  (cost=0.00..21735.35 rows=1380035 width=4) (actual time=0.013..1398.571 rows=1380035 loops=1)
              ->  Hash  (cost=67604.59..67604.59 rows=667531 width=4) (actual time=3770.373..3770.373 rows=662825 loops=1)
                    Buckets: 131072  Batches: 16  Memory Usage: 2476kB
                    ->  Seq Scan on title t  (cost=0.00..67604.59 rows=667531 width=4) (actual time=829.204..3446.476 rows=662825 loops=1)
                          Filter: (kind_id = 1)
                          Rows Removed by Filter: 1865487
Planning time: 1.091 ms
Execution time: 76168.246 ms
