Nested Loop  (cost=0.43..58375.18 rows=53 width=0) (actual time=724.022..2581.003 rows=18 loops=1)
  ->  Seq Scan on movie_companies mc  (cost=0.00..57926.93 rows=53 width=4) (actual time=723.910..2578.496 rows=18 loops=1)
        Filter: ((company_type_id > 1) AND (company_id = 73563))
        Rows Removed by Filter: 2609111
  ->  Index Only Scan using title_pkey on title t  (cost=0.43..8.45 rows=1 width=4) (actual time=0.132..0.133 rows=1 loops=18)
        Index Cond: (id = mc.movie_id)
        Heap Fetches: 18
Planning time: 0.693 ms
Execution time: 2581.091 ms
