Seq Scan on title t  (cost=0.00..73925.90 rows=166406 width=0) (actual time=0.037..3594.977 rows=66078 loops=1)
  Filter: ((production_year < 1963) AND (kind_id = 7))
  Rows Removed by Filter: 2462234
Planning time: 2.307 ms
Execution time: 3605.842 ms
