Nested Loop  (cost=0.43..709671.90 rows=500 width=0) (actual time=4871.979..33444.598 rows=116 loops=1)
  ->  Seq Scan on cast_info ci  (cost=0.00..705507.15 rows=500 width=4) (actual time=4871.813..33439.842 rows=116 loops=1)
        Filter: (person_id = 2959749)
        Rows Removed by Filter: 36244228
  ->  Index Only Scan using title_pkey on title t  (cost=0.43..8.32 rows=1 width=4) (actual time=0.039..0.039 rows=1 loops=116)
        Index Cond: (id = ci.movie_id)
        Heap Fetches: 116
Planning time: 0.787 ms
Execution time: 33444.707 ms
