Hash Join  (cost=320827.76..1021454.11 rows=16498724 width=0) (actual time=14711.412..82417.722 rows=108434253 loops=1)
  Hash Cond: (mi.movie_id = t.id)
  ->  Seq Scan on movie_info mi  (cost=0.00..346232.03 rows=12545135 width=4) (actual time=0.022..24233.034 rows=12601870 loops=1)
        Filter: (info_type_id < 17)
        Rows Removed by Filter: 2233850
  ->  Hash  (cost=266270.39..266270.39 rows=3325390 width=8) (actual time=14709.205..14709.205 rows=2993112 loops=1)
        Buckets: 131072  Batches: 64  Memory Usage: 2913kB
        ->  Hash Join  (cost=98098.54..266270.39 rows=3325390 width=8) (actual time=5035.834..13663.995 rows=2993112 loops=1)
              Hash Cond: (mk.movie_id = t.id)
              ->  Seq Scan on movie_keyword mk  (cost=0.00..69693.30 rows=4523930 width=4) (actual time=0.011..4129.652 rows=4523930 loops=1)
              ->  Hash  (cost=67604.59..67604.59 rows=1858636 width=4) (actual time=5035.154..5035.154 rows=1852807 loops=1)
                    Buckets: 131072  Batches: 32  Memory Usage: 3075kB
                    ->  Seq Scan on title t  (cost=0.00..67604.59 rows=1858636 width=4) (actual time=0.018..4254.378 rows=1852807 loops=1)
                          Filter: (production_year > 1985)
                          Rows Removed by Filter: 675505
Planning time: 1.102 ms
Execution time: 98555.814 ms
