Seq Scan on movie_companies mc  (cost=0.00..51404.11 rows=104 width=0) (actual time=488.735..2475.571 rows=768 loops=1)
  Filter: (company_id = 1502)
  Rows Removed by Filter: 2608361
Planning time: 0.420 ms
Execution time: 2475.903 ms
