Hash Join  (cost=200124.10..1231730.22 rows=5218964 width=0) (actual time=12318.806..87679.296 rows=38364362 loops=1)
  Hash Cond: (ci.movie_id = t.id)
  ->  Seq Scan on cast_info ci  (cost=0.00..705507.15 rows=23499554 width=4) (actual time=1047.086..46755.392 rows=23573656 loops=1)
        Filter: (role_id > 1)
        Rows Removed by Filter: 12670688
  ->  Hash  (cost=190910.66..190910.66 rows=561555 width=8) (actual time=11270.572..11270.572 rows=1226932 loops=1)
        Buckets: 131072 (originally 131072)  Batches: 16 (originally 8)  Memory Usage: 4084kB
        ->  Hash Join  (cost=83810.17..190910.66 rows=561555 width=8) (actual time=4083.681..10725.060 rows=1226932 loops=1)
              Hash Cond: (mk.movie_id = t.id)
              ->  Seq Scan on movie_keyword mk  (cost=0.00..81003.12 rows=1437550 width=4) (actual time=0.029..4492.943 rows=1452664 loops=1)
                    Filter: (keyword_id > 11499)
                    Rows Removed by Filter: 3071266
              ->  Hash  (cost=67604.59..67604.59 rows=987727 width=4) (actual time=4082.639..4082.639 rows=985048 loops=1)
                    Buckets: 131072  Batches: 16  Memory Usage: 3197kB
                    ->  Seq Scan on title t  (cost=0.00..67604.59 rows=987727 width=4) (actual time=0.022..3625.837 rows=985048 loops=1)
                          Filter: (kind_id < 7)
                          Rows Removed by Filter: 1543264
Planning time: 1.806 ms
Execution time: 93175.010 ms
