Hash Join  (cost=87146.10..132384.40 rows=439781 width=0) (actual time=5053.208..7687.915 rows=215175 loops=1)
  Hash Cond: (mi_idx.movie_id = t.id)
  ->  Seq Scan on movie_info_idx mi_idx  (cost=0.00..21735.35 rows=1380035 width=4) (actual time=0.019..1619.956 rows=1380035 loops=1)
  ->  Hash  (cost=73925.90..73925.90 rows=805776 width=4) (actual time=5052.053..5052.053 rows=881945 loops=1)
        Buckets: 131072  Batches: 16  Memory Usage: 2970kB
        ->  Seq Scan on title t  (cost=0.00..73925.90 rows=805776 width=4) (actual time=854.091..4372.929 rows=881945 loops=1)
              Filter: ((production_year > 2001) AND (kind_id = 7))
              Rows Removed by Filter: 1646367
Planning time: 0.740 ms
Execution time: 7715.791 ms
