Hash Join  (cost=513038.35..1424069.55 rows=3445708 width=0) (actual time=21903.698..74860.419 rows=5571567 loops=1)
  Hash Cond: (ci.movie_id = t.id)
  ->  Seq Scan on cast_info ci  (cost=0.00..796071.18 rows=6510116 width=4) (actual time=1768.327..46698.868 rows=7451043 loops=1)
        Filter: ((person_id > 363416) AND (role_id = 2))
        Rows Removed by Filter: 28793301
  ->  Hash  (cost=491081.45..491081.45 rows=1338312 width=8) (actual time=20134.438..20134.438 rows=1401902 loops=1)
        Buckets: 131072  Batches: 32  Memory Usage: 2687kB
        ->  Hash Join  (cost=102767.86..491081.45 rows=1338312 width=8) (actual time=5048.636..19700.390 rows=1401902 loops=1)
              Hash Cond: (mi.movie_id = t.id)
              ->  Seq Scan on movie_info mi  (cost=0.00..346232.03 rows=1338312 width=4) (actual time=0.032..12835.077 rows=1401902 loops=1)
                    Filter: (info_type_id = 7)
                    Rows Removed by Filter: 13433818
              ->  Hash  (cost=61283.27..61283.27 rows=2528527 width=4) (actual time=5042.092..5042.092 rows=2528312 loops=1)
                    Buckets: 131072  Batches: 64  Memory Usage: 2425kB
                    ->  Seq Scan on title t  (cost=0.00..61283.27 rows=2528527 width=4) (actual time=2.473..3915.999 rows=2528312 loops=1)
Planning time: 4.820 ms
Execution time: 75655.628 ms
