Hash Join  (cost=180116.72..622921.40 rows=1136040 width=0) (actual time=7707.278..30547.813 rows=2923104 loops=1)
  Hash Cond: (mi.movie_id = t.id)
  ->  Seq Scan on movie_info mi  (cost=0.00..346232.03 rows=7235534 width=4) (actual time=0.016..17451.280 rows=7286865 loops=1)
        Filter: (info_type_id < 8)
        Rows Removed by Filter: 7548855
  ->  Hash  (cost=173603.22..173603.22 rows=397000 width=8) (actual time=7706.449..7706.449 rows=402192 loops=1)
        Buckets: 131072  Batches: 8  Memory Usage: 3013kB
        ->  Hash Join  (cost=102767.86..173603.22 rows=397000 width=8) (actual time=4798.236..7572.423 rows=402192 loops=1)
              Hash Cond: (mc.movie_id = t.id)
              ->  Seq Scan on movie_companies mc  (cost=0.00..51404.11 rows=397000 width=4) (actual time=250.673..2002.894 rows=402192 loops=1)
                    Filter: (company_id > 82003)
                    Rows Removed by Filter: 2206937
              ->  Hash  (cost=61283.27..61283.27 rows=2528527 width=4) (actual time=4544.496..4544.496 rows=2528312 loops=1)
                    Buckets: 131072  Batches: 64  Memory Usage: 2415kB
                    ->  Seq Scan on title t  (cost=0.00..61283.27 rows=2528527 width=4) (actual time=0.018..3494.077 rows=2528312 loops=1)
Planning time: 1.071 ms
Execution time: 30971.219 ms
