Seq Scan on movie_companies mc  (cost=0.00..51404.11 rows=195740 width=0) (actual time=1767.581..2442.607 rows=196980 loops=1)
  Filter: (company_id > 114441)
  Rows Removed by Filter: 2412149
Planning time: 0.339 ms
Execution time: 2469.898 ms
