Hash Join  (cost=225686.54..1420756.37 rows=11290566 width=0) (actual time=13920.718..130805.520 rows=131341638 loops=1)
  Hash Cond: (ci.movie_id = t.id)
  ->  Seq Scan on cast_info ci  (cost=0.00..614943.12 rows=36225612 width=4) (actual time=0.012..48985.181 rows=36244344 loops=1)
  ->  Hash  (cost=212756.61..212756.61 rows=788075 width=8) (actual time=13919.104..13919.104 rows=2387922 loops=1)
        Buckets: 131072 (originally 131072)  Batches: 64 (originally 16)  Memory Usage: 3923kB
        ->  Hash Join  (cost=81152.82..212756.61 rows=788075 width=8) (actual time=4221.516..12695.722 rows=2387922 loops=1)
              Hash Cond: (mk.movie_id = t.id)
              ->  Seq Scan on movie_keyword mk  (cost=0.00..69693.30 rows=4523930 width=4) (actual time=0.031..4898.068 rows=4523930 loops=1)
              ->  Hash  (cost=73925.90..73925.90 rows=440473 width=4) (actual time=4115.628..4115.628 rows=473918 loops=1)
                    Buckets: 131072  Batches: 8  Memory Usage: 3125kB
                    ->  Seq Scan on title t  (cost=0.00..73925.90 rows=440473 width=4) (actual time=1057.329..3890.006 rows=473918 loops=1)
                          Filter: ((production_year < 2008) AND (kind_id = 1))
                          Rows Removed by Filter: 2054394
Planning time: 1.046 ms
Execution time: 149012.099 ms
