Hash Join  (cost=75818.69..109203.53 rows=91274 width=0) (actual time=4448.393..6378.936 rows=102305 loops=1)
  Hash Cond: (mi_idx.movie_id = t.id)
  ->  Seq Scan on movie_info_idx mi_idx  (cost=0.00..25185.44 rows=460978 width=4) (actual time=0.033..1517.953 rows=459925 loops=1)
        Filter: (info_type_id = 99)
        Rows Removed by Filter: 920110
  ->  Hash  (cost=67604.59..67604.59 rows=500648 width=4) (actual time=4447.374..4447.374 rows=494029 loops=1)
        Buckets: 131072  Batches: 8  Memory Usage: 3188kB
        ->  Seq Scan on title t  (cost=0.00..67604.59 rows=500648 width=4) (actual time=0.017..3879.532 rows=494029 loops=1)
              Filter: (production_year < 1979)
              Rows Removed by Filter: 2034283
Planning time: 3.528 ms
Execution time: 6393.536 ms
