Hash Join  (cost=74418.47..830853.09 rows=564546 width=0) (actual time=3631.104..59342.594 rows=888367 loops=1)
  Hash Cond: (ci.movie_id = t.id)
  ->  Seq Scan on cast_info ci  (cost=0.00..614943.12 rows=36225612 width=4) (actual time=0.022..38109.978 rows=36244344 loops=1)
  ->  Hash  (cost=73925.90..73925.90 rows=39405 width=4) (actual time=3630.697..3630.697 rows=51463 loops=1)
        Buckets: 65536  Batches: 1  Memory Usage: 2322kB
        ->  Seq Scan on title t  (cost=0.00..73925.90 rows=39405 width=4) (actual time=1418.001..3610.531 rows=51463 loops=1)
              Filter: ((production_year < 1999) AND (kind_id = 3))
              Rows Removed by Filter: 2476849
Planning time: 0.786 ms
Execution time: 59516.630 ms
