Seq Scan on title t  (cost=0.00..73925.90 rows=928195 width=0) (actual time=0.018..4251.977 rows=1004724 loops=1)
  Filter: ((kind_id > 1) AND (production_year > 2002))
  Rows Removed by Filter: 1523588
Planning time: 0.231 ms
Execution time: 4430.030 ms
