Seq Scan on movie_keyword mk  (cost=0.00..81003.12 rows=246 width=0) (actual time=38.999..3616.276 rows=334 loops=1)
  Filter: (keyword_id = 3563)
  Rows Removed by Filter: 4523596
Planning time: 0.312 ms
Execution time: 3616.612 ms
