Hash Join  (cost=227140.94..758420.66 rows=4824080 width=0) (actual time=4541.430..25913.502 rows=34335832 loops=1)
  Hash Cond: (mi.movie_id = t.id)
  ->  Seq Scan on movie_info mi  (cost=0.00..309384.22 rows=14739122 width=4) (actual time=0.021..6125.721 rows=14835720 loops=1)
  ->  Hash  (cost=213563.17..213563.17 rows=827581 width=8) (actual time=4540.432..4540.432 rows=828582 loops=1)
        Buckets: 131072  Batches: 16  Memory Usage: 3133kB
        ->  Hash Join  (cost=102767.86..213563.17 rows=827581 width=8) (actual time=1790.891..4294.699 rows=828582 loops=1)
              Hash Cond: (mk.movie_id = t.id)
              ->  Seq Scan on movie_keyword mk  (cost=0.00..81003.12 rows=827581 width=4) (actual time=0.014..1414.699 rows=828582 loops=1)
                    Filter: (keyword_id < 795)
                    Rows Removed by Filter: 3695348
              ->  Hash  (cost=61283.27..61283.27 rows=2528527 width=4) (actual time=1789.912..1789.912 rows=2528312 loops=1)
                    Buckets: 131072  Batches: 64  Memory Usage: 2425kB
                    ->  Seq Scan on title t  (cost=0.00..61283.27 rows=2528527 width=4) (actual time=0.016..951.647 rows=2528312 loops=1)
Planning time: 1.187 ms
Execution time: 29785.484 ms
