Seq Scan on cast_info ci  (cost=0.00..796071.18 rows=6483868 width=0) (actual time=0.019..25955.335 rows=7249461 loops=1)
  Filter: ((person_id < 788897) AND (role_id < 8))
  Rows Removed by Filter: 28994883
Planning time: 0.241 ms
Execution time: 27017.179 ms
