Hash Join  (cost=195799.80..1085099.92 rows=544473 width=0) (actual time=11470.958..63392.506 rows=574143 loops=1)
  Hash Cond: (ci.movie_id = t.id)
  ->  Seq Scan on cast_info ci  (cost=0.00..796071.18 rows=23409123 width=4) (actual time=1413.710..43924.958 rows=25682634 loops=1)
        Filter: ((person_id < 2768513) AND (role_id < 10))
        Rows Removed by Filter: 10561710
  ->  Hash  (cost=195064.66..195064.66 rows=58811 width=8) (actual time=10056.827..10056.827 rows=58448 loops=1)
        Buckets: 65536  Batches: 1  Memory Usage: 2796kB
        ->  Hash Join  (cost=102767.86..195064.66 rows=58811 width=8) (actual time=5716.487..10033.329 rows=58448 loops=1)
              Hash Cond: (mk.movie_id = t.id)
              ->  Seq Scan on movie_keyword mk  (cost=0.00..81003.12 rows=58811 width=4) (actual time=0.074..3846.511 rows=58448 loops=1)
                    Filter: (keyword_id = 16264)
                    Rows Removed by Filter: 4465482
              ->  Hash  (cost=61283.27..61283.27 rows=2528527 width=4) (actual time=5714.021..5714.021 rows=2528312 loops=1)
                    Buckets: 131072  Batches: 64  Memory Usage: 2425kB
                    ->  Seq Scan on title t  (cost=0.00..61283.27 rows=2528527 width=4) (actual time=0.013..4400.911 rows=2528312 loops=1)
Planning time: 7.373 ms
Execution time: 63505.010 ms
