Seq Scan on title t  (cost=0.00..73925.90 rows=4532 width=0) (actual time=0.027..1571.707 rows=8145 loops=1)
  Filter: ((kind_id = 7) AND (production_year = 1968))
  Rows Removed by Filter: 2520167
Planning time: 0.336 ms
Execution time: 1573.825 ms
