Hash Join  (cost=102767.86..880969.42 rows=2610487 width=0) (actual time=3704.813..16155.988 rows=2650911 loops=1)
  Hash Cond: (ci.movie_id = t.id)
  ->  Seq Scan on cast_info ci  (cost=0.00..705507.15 rows=2610487 width=4) (actual time=1715.026..11757.230 rows=2650911 loops=1)
        Filter: (person_id > 3550524)
        Rows Removed by Filter: 33593433
  ->  Hash  (cost=61283.27..61283.27 rows=2528527 width=4) (actual time=1988.550..1988.550 rows=2528312 loops=1)
        Buckets: 131072  Batches: 64  Memory Usage: 2415kB
        ->  Seq Scan on title t  (cost=0.00..61283.27 rows=2528527 width=4) (actual time=0.041..1144.323 rows=2528312 loops=1)
Planning time: 7.607 ms
Execution time: 16455.495 ms
