Nested Loop  (cost=0.43..798787.41 rows=324 width=0) (actual time=4063.589..37790.641 rows=228 loops=1)
  ->  Seq Scan on cast_info ci  (cost=0.00..796071.18 rows=324 width=4) (actual time=4063.476..37764.510 rows=228 loops=1)
        Filter: ((role_id > 1) AND (person_id = 2864664))
        Rows Removed by Filter: 36244116
  ->  Index Only Scan using title_pkey on title t  (cost=0.43..8.37 rows=1 width=4) (actual time=0.114..0.114 rows=1 loops=228)
        Index Cond: (id = ci.movie_id)
        Heap Fetches: 228
Planning time: 3.974 ms
Execution time: 37790.796 ms
