Hash Join  (cost=69460.45..1010250.10 rows=874711 width=0) (actual time=3139.883..51052.540 rows=1080664 loops=1)
  Hash Cond: (ci.movie_id = t.id)
  ->  Seq Scan on cast_info ci  (cost=0.00..705507.15 rows=19553970 width=4) (actual time=0.012..38508.503 rows=19720222 loops=1)
        Filter: (person_id > 1636281)
        Rows Removed by Filter: 16524122
  ->  Hash  (cost=67604.59..67604.59 rows=113109 width=4) (actual time=3138.937..3138.937 rows=119565 loops=1)
        Buckets: 131072  Batches: 2  Memory Usage: 3115kB
        ->  Seq Scan on title t  (cost=0.00..67604.59 rows=113109 width=4) (actual time=0.025..3073.829 rows=119565 loops=1)
              Filter: (production_year = 2007)
              Rows Removed by Filter: 2408747
Planning time: 15.126 ms
Execution time: 51214.505 ms
