Hash Join  (cost=94038.69..143210.98 rows=669081 width=0) (actual time=4815.159..7209.614 rows=380442 loops=1)
  Hash Cond: (mi_idx.movie_id = t.id)
  ->  Seq Scan on movie_info_idx mi_idx  (cost=0.00..21735.35 rows=1380035 width=4) (actual time=0.015..1335.777 rows=1380035 loops=1)
  ->  Hash  (cost=73925.90..73925.90 rows=1225903 width=4) (actual time=4811.990..4811.990 rows=1313114 loops=1)
        Buckets: 131072  Batches: 32  Memory Usage: 2473kB
        ->  Seq Scan on title t  (cost=0.00..73925.90 rows=1225903 width=4) (actual time=0.026..4308.603 rows=1313114 loops=1)
              Filter: ((kind_id > 4) AND (production_year > 1976))
              Rows Removed by Filter: 1215198
Planning time: 0.662 ms
Execution time: 7258.444 ms
