Hash Join  (cost=82955.72..449725.52 rows=291311 width=0) (actual time=2000.699..7472.438 rows=23383 loops=1)
  Hash Cond: (mi.movie_id = t.id)
  ->  Seq Scan on movie_info mi  (cost=0.00..346232.03 rows=1338312 width=4) (actual time=461.166..5247.311 rows=1401902 loops=1)
        Filter: (info_type_id = 7)
        Rows Removed by Filter: 13433818
  ->  Hash  (cost=73925.90..73925.90 rows=550385 width=4) (actual time=1538.633..1538.633 rows=602403 loops=1)
        Buckets: 131072  Batches: 8  Memory Usage: 3678kB
        ->  Seq Scan on title t  (cost=0.00..73925.90 rows=550385 width=4) (actual time=0.033..1336.736 rows=602403 loops=1)
              Filter: ((kind_id > 6) AND (production_year > 2006))
              Rows Removed by Filter: 1925909
Planning time: 0.778 ms
Execution time: 7475.834 ms
