Hash Join  (cost=119163.96..606345.73 rows=691182 width=0) (actual time=4421.002..25218.141 rows=476913 loops=1)
  Hash Cond: (mi.movie_id = t.id)
  ->  Seq Scan on movie_info mi  (cost=0.00..309384.22 rows=14739122 width=4) (actual time=0.012..15900.002 rows=14835720 loops=1)
  ->  Hash  (cost=117217.79..117217.79 rows=118574 width=8) (actual time=3981.363..3981.363 rows=40716 loops=1)
        Buckets: 131072  Batches: 2  Memory Usage: 1825kB
        ->  Hash Join  (cost=77490.57..117217.79 rows=118574 width=8) (actual time=3105.564..3969.439 rows=40716 loops=1)
              Hash Cond: (mi_idx.movie_id = t.id)
              ->  Seq Scan on movie_info_idx mi_idx  (cost=0.00..21735.35 rows=1380035 width=4) (actual time=0.020..829.818 rows=1380035 loops=1)
              ->  Hash  (cost=73925.90..73925.90 rows=217253 width=4) (actual time=2591.018..2591.018 rows=112299 loops=1)
                    Buckets: 131072  Batches: 4  Memory Usage: 2008kB
                    ->  Seq Scan on title t  (cost=0.00..73925.90 rows=217253 width=4) (actual time=0.029..2545.320 rows=112299 loops=1)
                          Filter: ((production_year < 1969) AND (kind_id = 7))
                          Rows Removed by Filter: 2416013
Planning time: 1.003 ms
Execution time: 25277.533 ms
