Hash Join  (cost=640598.94..2359635.82 rows=44664560 width=0) (actual time=22260.856..74107.761 rows=70783591 loops=1)
  Hash Cond: (ci.movie_id = t.id)
  ->  Seq Scan on cast_info ci  (cost=0.00..614943.12 rows=36225612 width=4) (actual time=0.012..13915.214 rows=36244344 loops=1)
  ->  Hash  (cost=589451.42..589451.42 rows=3117561 width=8) (actual time=22258.899..22258.899 rows=2433915 loops=1)
        Buckets: 131072  Batches: 64  Memory Usage: 2505kB
        ->  Hash Join  (cost=76379.89..589451.42 rows=3117561 width=8) (actual time=3947.558..21555.840 rows=2433915 loops=1)
              Hash Cond: (mi.movie_id = t.id)
              ->  Seq Scan on movie_info mi  (cost=0.00..309384.22 rows=14739122 width=4) (actual time=0.015..9906.176 rows=14835720 loops=1)
              ->  Hash  (cost=67604.59..67604.59 rows=534824 width=4) (actual time=3936.696..3936.696 rows=533369 loops=1)
                    Buckets: 131072  Batches: 8  Memory Usage: 3376kB
                    ->  Seq Scan on title t  (cost=0.00..67604.59 rows=534824 width=4) (actual time=0.023..3446.799 rows=533369 loops=1)
                          Filter: (production_year > 2009)
                          Rows Removed by Filter: 1994943
Planning time: 1.149 ms
Execution time: 82248.721 ms
