Seq Scan on cast_info ci  (cost=0.00..705507.15 rows=14352106 width=0) (actual time=0.038..29139.189 rows=14284373 loops=1)
  Filter: (person_id < 1406304)
  Rows Removed by Filter: 21959971
Planning time: 0.304 ms
Execution time: 31154.138 ms
