Hash Join  (cost=78780.63..207232.75 rows=529408 width=0) (actual time=3852.680..10252.820 rows=110037 loops=1)
  Hash Cond: (mk.movie_id = t.id)
  ->  Seq Scan on movie_keyword mk  (cost=0.00..69693.30 rows=4523930 width=4) (actual time=0.016..4225.811 rows=4523930 loops=1)
  ->  Hash  (cost=73925.90..73925.90 rows=295898 width=4) (actual time=3849.432..3849.432 rows=160225 loops=1)
        Buckets: 131072  Batches: 4  Memory Usage: 2438kB
        ->  Seq Scan on title t  (cost=0.00..73925.90 rows=295898 width=4) (actual time=0.023..3778.656 rows=160225 loops=1)
              Filter: ((kind_id > 1) AND (production_year < 1972))
              Rows Removed by Filter: 2368087
Planning time: 0.710 ms
Execution time: 10267.383 ms
