Hash Join  (cost=94699.36..149281.93 rows=1355 width=0) (actual time=4171.728..5413.975 rows=162 loops=1)
  Hash Cond: (mc.movie_id = t.id)
  ->  Seq Scan on movie_companies mc  (cost=0.00..51404.11 rows=843975 width=4) (actual time=263.492..1394.319 rows=853271 loops=1)
        Filter: (company_id > 24860)
        Rows Removed by Filter: 1755858
  ->  Hash  (cost=94648.62..94648.62 rows=4059 width=8) (actual time=3893.290..3893.290 rows=1113 loops=1)
        Buckets: 4096  Batches: 1  Memory Usage: 76kB
        ->  Hash Join  (cost=67697.55..94648.62 rows=4059 width=8) (actual time=3307.829..3891.615 rows=1113 loops=1)
              Hash Cond: (mi_idx.movie_id = t.id)
              ->  Seq Scan on movie_info_idx mi_idx  (cost=0.00..21735.35 rows=1380035 width=4) (actual time=0.030..539.052 rows=1380035 loops=1)
              ->  Hash  (cost=67604.59..67604.59 rows=7437 width=4) (actual time=3033.688..3033.688 rows=3417 loops=1)
                    Buckets: 8192  Batches: 1  Memory Usage: 185kB
                    ->  Seq Scan on title t  (cost=0.00..67604.59 rows=7437 width=4) (actual time=0.373..3031.758 rows=3417 loops=1)
                          Filter: (production_year = 1909)
                          Rows Removed by Filter: 2524895
Planning time: 3.987 ms
Execution time: 5414.131 ms
