Hash Join  (cost=504527.66..1391257.79 rows=4871494 width=0) (actual time=20232.391..61574.545 rows=6251863 loops=1)
  Hash Cond: (ci.movie_id = t.id)
  ->  Seq Scan on cast_info ci  (cost=0.00..705507.15 rows=11084545 width=4) (actual time=0.019..32600.613 rows=11071258 loops=1)
        Filter: (person_id > 2595609)
        Rows Removed by Filter: 25173086
  ->  Hash  (cost=486296.04..486296.04 rows=1111250 width=8) (actual time=20231.501..20231.501 rows=1062891 loops=1)
        Buckets: 131072  Batches: 16  Memory Usage: 3614kB
        ->  Hash Join  (cost=104071.89..486296.04 rows=1111250 width=8) (actual time=6479.845..19935.798 rows=1062891 loops=1)
              Hash Cond: (mi.movie_id = t.id)
              ->  Seq Scan on movie_info mi  (cost=0.00..346232.03 rows=1264125 width=4) (actual time=1512.692..13529.063 rows=1288928 loops=1)
                    Filter: (info_type_id = 2)
                    Rows Removed by Filter: 13546792
              ->  Hash  (cost=67604.59..67604.59 rows=2222744 width=4) (actual time=4965.966..4965.966 rows=2214818 loops=1)
                    Buckets: 131072  Batches: 32  Memory Usage: 3469kB
                    ->  Seq Scan on title t  (cost=0.00..67604.59 rows=2222744 width=4) (actual time=0.027..4042.141 rows=2214818 loops=1)
                          Filter: (production_year > 1959)
                          Rows Removed by Filter: 313494
Planning time: 1.060 ms
Execution time: 62346.208 ms
