Hash Join  (cost=149386.91..900340.41 rows=16428 width=0) (actual time=6608.872..42093.830 rows=51325 loops=1)
  Hash Cond: (ci.movie_id = t.id)
  ->  Seq Scan on cast_info ci  (cost=0.00..614943.12 rows=36225612 width=4) (actual time=0.016..26999.703 rows=36244344 loops=1)
  ->  Hash  (cost=149372.58..149372.58 rows=1147 width=8) (actual time=6608.172..6608.172 rows=1404 loops=1)
        Buckets: 2048  Batches: 1  Memory Usage: 71kB
        ->  Hash Join  (cost=68058.67..149372.58 rows=1147 width=8) (actual time=3034.068..6607.113 rows=1404 loops=1)
              Hash Cond: (mk.movie_id = t.id)
              ->  Seq Scan on movie_keyword mk  (cost=0.00..81003.12 rows=79815 width=4) (actual time=0.053..3539.441 rows=84961 loops=1)
                    Filter: (keyword_id < 73)
                    Rows Removed by Filter: 4438969
              ->  Hash  (cost=67604.59..67604.59 rows=36327 width=4) (actual time=3033.374..3033.374 rows=36509 loops=1)
                    Buckets: 65536  Batches: 1  Memory Usage: 1796kB
                    ->  Seq Scan on title t  (cost=0.00..67604.59 rows=36327 width=4) (actual time=0.035..3015.999 rows=36509 loops=1)
                          Filter: (production_year = 1996)
                          Rows Removed by Filter: 2491803
Planning time: 1.111 ms
Execution time: 42109.397 ms
