Seq Scan on cast_info ci  (cost=0.00..705507.15 rows=500 width=0) (actual time=461.849..10754.098 rows=52 loops=1)
  Filter: (person_id = 2753995)
  Rows Removed by Filter: 36244292
Planning time: 3.257 ms
Execution time: 10754.204 ms
