Seq Scan on movie_keyword mk  (cost=0.00..81003.12 rows=606386 width=0) (actual time=0.014..1324.530 rows=611406 loops=1)
  Filter: (keyword_id > 30217)
  Rows Removed by Filter: 3912524
Planning time: 0.297 ms
Execution time: 1401.896 ms
