Seq Scan on movie_keyword mk  (cost=0.00..81003.12 rows=663344 width=0) (actual time=0.033..1370.634 rows=669817 loops=1)
  Filter: (keyword_id > 27983)
  Rows Removed by Filter: 3854113
Planning time: 0.340 ms
Execution time: 1455.516 ms
