Hash Join  (cost=217590.30..743519.30 rows=2595918 width=0) (actual time=4609.900..17622.119 rows=1124839 loops=1)
  Hash Cond: (mi.movie_id = t.id)
  ->  Seq Scan on movie_info mi  (cost=0.00..309384.22 rows=14739122 width=4) (actual time=0.015..6288.380 rows=14835720 loops=1)
  ->  Hash  (cost=210283.61..210283.61 rows=445335 width=8) (actual time=4607.267..4607.267 rows=115052 loops=1)
        Buckets: 131072  Batches: 8  Memory Usage: 1625kB
        ->  Hash Join  (cost=78670.55..210283.61 rows=445335 width=8) (actual time=1391.104..4572.041 rows=115052 loops=1)
              Hash Cond: (mk.movie_id = t.id)
              ->  Seq Scan on movie_keyword mk  (cost=0.00..81003.12 rows=3894022 width=4) (actual time=0.015..1765.198 rows=3883666 loops=1)
                    Filter: (keyword_id < 29032)
                    Rows Removed by Filter: 640264
              ->  Hash  (cost=73925.90..73925.90 rows=289172 width=4) (actual time=1389.803..1389.803 rows=292674 loops=1)
                    Buckets: 131072  Batches: 4  Memory Usage: 3623kB
                    ->  Seq Scan on title t  (cost=0.00..73925.90 rows=289172 width=4) (actual time=0.008..1287.297 rows=292674 loops=1)
                          Filter: ((kind_id > 1) AND (production_year > 2010))
                          Rows Removed by Filter: 2235638
Planning time: 0.991 ms
Execution time: 17752.883 ms
