Seq Scan on cast_info ci  (cost=0.00..796071.18 rows=131 width=0) (actual time=261.641..13307.058 rows=185 loops=1)
  Filter: ((role_id > 4) AND (person_id = 1196690))
  Rows Removed by Filter: 36244159
Planning time: 2.917 ms
Execution time: 13307.226 ms
