Hash Join  (cost=95609.53..145678.39 rows=721338 width=0) (actual time=1881.118..3361.874 rows=602421 loops=1)
  Hash Cond: (mi_idx.movie_id = t.id)
  ->  Seq Scan on movie_info_idx mi_idx  (cost=0.00..21735.35 rows=1380035 width=4) (actual time=0.018..491.115 rows=1380035 loops=1)
  ->  Hash  (cost=73925.90..73925.90 rows=1321650 width=4) (actual time=1879.842..1879.842 rows=1298128 loops=1)
        Buckets: 131072  Batches: 32  Memory Usage: 2450kB
        ->  Seq Scan on title t  (cost=0.00..73925.90 rows=1321650 width=4) (actual time=0.024..1462.280 rows=1298128 loops=1)
              Filter: ((kind_id > 1) AND (production_year < 2009))
              Rows Removed by Filter: 1230184
Planning time: 0.711 ms
Execution time: 3430.995 ms
