Nested Loop  (cost=0.43..83071.67 rows=246 width=0) (actual time=9.768..1387.145 rows=272 loops=1)
  ->  Seq Scan on movie_keyword mk  (cost=0.00..81003.12 rows=246 width=4) (actual time=9.692..1375.022 rows=272 loops=1)
        Filter: (keyword_id = 20184)
        Rows Removed by Filter: 4523658
  ->  Index Only Scan using title_pkey on title t  (cost=0.43..8.40 rows=1 width=4) (actual time=0.040..0.041 rows=1 loops=272)
        Index Cond: (id = mk.movie_id)
        Heap Fetches: 272
Planning time: 0.702 ms
Execution time: 1387.377 ms
