Seq Scan on movie_keyword mk  (cost=0.00..81003.12 rows=326593 width=0) (actual time=49.631..1283.333 rows=323904 loops=1)
  Filter: (keyword_id > 50603)
  Rows Removed by Filter: 4200026
Planning time: 0.343 ms
Execution time: 1324.860 ms
