Hash Join  (cost=263115.61..440948.70 rows=3666703 width=0) (actual time=6473.721..16590.246 rows=28482048 loops=1)
  Hash Cond: (mk.movie_id = t.id)
  ->  Seq Scan on movie_keyword mk  (cost=0.00..81003.12 rows=3553430 width=4) (actual time=0.032..1774.068 rows=3550164 loops=1)
        Filter: (keyword_id > 910)
        Rows Removed by Filter: 973766
  ->  Hash  (cost=220309.49..220309.49 rows=2609129 width=8) (actual time=6471.355..6471.355 rows=2609129 loops=1)
        Buckets: 131072  Batches: 64  Memory Usage: 2691kB
        ->  Hash Join  (cost=102767.86..220309.49 rows=2609129 width=8) (actual time=2083.769..5723.914 rows=2609129 loops=1)
              Hash Cond: (mc.movie_id = t.id)
              ->  Seq Scan on movie_companies mc  (cost=0.00..44881.29 rows=2609129 width=4) (actual time=0.034..1056.476 rows=2609129 loops=1)
              ->  Hash  (cost=61283.27..61283.27 rows=2528527 width=4) (actual time=2082.477..2082.477 rows=2528312 loops=1)
                    Buckets: 131072  Batches: 64  Memory Usage: 2415kB
                    ->  Seq Scan on title t  (cost=0.00..61283.27 rows=2528527 width=4) (actual time=0.018..1244.448 rows=2528312 loops=1)
Planning time: 13.192 ms
Execution time: 19693.538 ms
