Hash Join  (cost=156845.23..298517.25 rows=1247732 width=0) (actual time=3345.018..7624.938 rows=4053784 loops=1)
  Hash Cond: (mk.movie_id = t.id)
  ->  Seq Scan on movie_keyword mk  (cost=0.00..81003.12 rows=3894022 width=4) (actual time=0.031..1714.912 rows=3883666 loops=1)
        Filter: (keyword_id < 29032)
        Rows Removed by Filter: 640264
  ->  Hash  (cost=143552.76..143552.76 rows=810197 width=8) (actual time=3343.891..3343.891 rows=729984 loops=1)
        Buckets: 131072  Batches: 16  Memory Usage: 2814kB
        ->  Hash Join  (cost=91959.31..143552.76 rows=810197 width=8) (actual time=1727.309..3159.210 rows=729984 loops=1)
              Hash Cond: (mi_idx.movie_id = t.id)
              ->  Seq Scan on movie_info_idx mi_idx  (cost=0.00..21735.35 rows=1380035 width=4) (actual time=0.025..443.641 rows=1380035 loops=1)
              ->  Hash  (cost=67604.59..67604.59 rows=1484458 width=4) (actual time=1726.489..1726.489 rows=1485030 loops=1)
                    Buckets: 131072  Batches: 32  Memory Usage: 2655kB
                    ->  Seq Scan on title t  (cost=0.00..67604.59 rows=1484458 width=4) (actual time=0.019..1231.619 rows=1485030 loops=1)
                          Filter: (production_year > 1998)
                          Rows Removed by Filter: 1043282
Planning time: 1.529 ms
Execution time: 8060.057 ms
