Seq Scan on cast_info ci  (cost=0.00..796071.18 rows=2667512 width=0) (actual time=2730.780..15515.814 rows=2680144 loops=1)
  Filter: ((person_id > 81472) AND (role_id = 4))
  Rows Removed by Filter: 33564200
Planning time: 0.398 ms
Execution time: 15859.114 ms
