Hash Join  (cost=185262.01..277804.55 rows=1268903 width=0) (actual time=4182.808..7520.695 rows=3647264 loops=1)
  Hash Cond: (mc.movie_id = t.id)
  ->  Seq Scan on movie_companies mc  (cost=0.00..44881.29 rows=2609129 width=4) (actual time=0.012..913.529 rows=2609129 loops=1)
  ->  Hash  (cost=165086.72..165086.72 rows=1229703 width=8) (actual time=4181.546..4181.546 rows=1265788 loops=1)
        Buckets: 131072  Batches: 32  Memory Usage: 2570kB
        ->  Hash Join  (cost=104570.16..165086.72 rows=1229703 width=8) (actual time=1806.279..3876.571 rows=1265788 loops=1)
              Hash Cond: (mi_idx.movie_id = t.id)
              ->  Seq Scan on movie_info_idx mi_idx  (cost=0.00..21735.35 rows=1380035 width=4) (actual time=0.023..444.616 rows=1380035 loops=1)
              ->  Hash  (cost=67604.59..67604.59 rows=2253086 width=4) (actual time=1805.216..1805.216 rows=2244594 loops=1)
                    Buckets: 131072  Batches: 32  Memory Usage: 3493kB
                    ->  Seq Scan on title t  (cost=0.00..67604.59 rows=2253086 width=4) (actual time=0.018..1128.506 rows=2244594 loops=1)
                          Filter: (production_year > 1956)
                          Rows Removed by Filter: 283718
Planning time: 1.166 ms
Execution time: 7958.091 ms
