Hash Join  (cost=75199.97..436840.33 rows=39055 width=0) (actual time=4780.653..7285.563 rows=15668 loops=1)
  Hash Cond: (mi.movie_id = t.id)
  ->  Seq Scan on movie_info mi  (cost=0.00..346232.03 rows=1272478 width=4) (actual time=3300.086..5287.550 rows=1325361 loops=1)
        Filter: (info_type_id = 8)
        Rows Removed by Filter: 13510359
  ->  Hash  (cost=73925.90..73925.90 rows=77605 width=4) (actual time=1479.590..1479.590 rows=84684 loops=1)
        Buckets: 131072  Batches: 2  Memory Usage: 2518kB
        ->  Seq Scan on title t  (cost=0.00..73925.90 rows=77605 width=4) (actual time=0.018..1445.256 rows=84684 loops=1)
              Filter: ((kind_id = 7) AND (production_year = 2009))
              Rows Removed by Filter: 2443628
Planning time: 0.711 ms
Execution time: 7287.713 ms
