Seq Scan on movie_keyword mk  (cost=0.00..81003.12 rows=1822347 width=0) (actual time=0.032..1191.922 rows=1827679 loops=1)
  Filter: (keyword_id < 3007)
  Rows Removed by Filter: 2696251
Planning time: 0.780 ms
Execution time: 1388.569 ms
