Hash Join  (cost=117240.53..194272.22 rows=143716 width=0) (actual time=2482.475..4760.354 rows=883034 loops=1)
  Hash Cond: (mc.movie_id = t.id)
  ->  Seq Scan on movie_companies mc  (cost=0.00..44881.29 rows=2609129 width=4) (actual time=0.028..875.514 rows=2609129 loops=1)
  ->  Hash  (cost=114954.57..114954.57 rows=139277 width=8) (actual time=2481.628..2481.628 rows=247566 loops=1)
        Buckets: 131072 (originally 131072)  Batches: 4 (originally 2)  Memory Usage: 3448kB
        ->  Hash Join  (cost=80042.24..114954.57 rows=139277 width=8) (actual time=1410.713..2398.506 rows=247566 loops=1)
              Hash Cond: (mi_idx.movie_id = t.id)
              ->  Seq Scan on movie_info_idx mi_idx  (cost=0.00..25185.44 rows=464566 width=4) (actual time=0.020..530.768 rows=459925 loops=1)
                    Filter: (info_type_id = 101)
                    Rows Removed by Filter: 920110
              ->  Hash  (cost=67604.59..67604.59 rows=758052 width=4) (actual time=1409.749..1409.749 rows=753677 loops=1)
                    Buckets: 131072  Batches: 16  Memory Usage: 2677kB
                    ->  Seq Scan on title t  (cost=0.00..67604.59 rows=758052 width=4) (actual time=0.013..1172.775 rows=753677 loops=1)
                          Filter: (kind_id < 3)
                          Rows Removed by Filter: 1774635
Planning time: 1.158 ms
Execution time: 4868.449 ms
