Hash Join  (cost=83074.41..447737.39 rows=703 width=0) (actual time=1511.127..8289.685 rows=198 loops=1)
  Hash Cond: (mi.movie_id = t.id)
  ->  Seq Scan on movie_info mi  (cost=0.00..309384.22 rows=14739122 width=4) (actual time=0.011..4411.432 rows=14835720 loops=1)
  ->  Hash  (cost=83072.90..83072.90 rows=121 width=8) (actual time=1245.540..1245.540 rows=14 loops=1)
        Buckets: 1024  Batches: 1  Memory Usage: 9kB
        ->  Nested Loop  (cost=0.43..83072.90 rows=121 width=8) (actual time=25.786..1245.519 rows=14 loops=1)
              ->  Seq Scan on movie_keyword mk  (cost=0.00..81003.12 rows=246 width=4) (actual time=4.205..1227.623 rows=414 loops=1)
                    Filter: (keyword_id = 7882)
                    Rows Removed by Filter: 4523516
              ->  Index Scan using title_pkey on title t  (cost=0.43..8.40 rows=1 width=4) (actual time=0.041..0.041 rows=0 loops=414)
                    Index Cond: (id = mk.movie_id)
                    Filter: ((production_year > 1973) AND (kind_id = 7))
                    Rows Removed by Filter: 1
Planning time: 5.342 ms
Execution time: 8289.892 ms
