Seq Scan on cast_info ci  (cost=0.00..796071.18 rows=2878401 width=0) (actual time=0.018..12571.802 rows=4045830 loops=1)
  Filter: ((person_id > 1368095) AND (role_id > 9))
  Rows Removed by Filter: 32198514
Planning time: 0.367 ms
Execution time: 13048.293 ms
