Seq Scan on movie_keyword mk  (cost=0.00..81003.12 rows=729591 width=0) (actual time=0.030..1402.586 rows=738352 loops=1)
  Filter: (keyword_id > 25502)
  Rows Removed by Filter: 3785578
Planning time: 0.349 ms
Execution time: 1494.399 ms
