Seq Scan on movie_companies mc  (cost=0.00..51404.11 rows=1688179 width=0) (actual time=0.017..990.063 rows=1679773 loops=1)
  Filter: (company_id < 19562)
  Rows Removed by Filter: 929356
Planning time: 0.328 ms
Execution time: 1205.022 ms
