Hash Join  (cost=100948.70..454978.11 rows=2029 width=0) (actual time=5084.927..15061.687 rows=5265 loops=1)
  Hash Cond: (mi.movie_id = t.id)
  ->  Seq Scan on movie_info mi  (cost=0.00..346232.03 rows=2073893 width=4) (actual time=1534.356..11157.835 rows=2091068 loops=1)
        Filter: (info_type_id < 3)
        Rows Removed by Filter: 12744652
  ->  Hash  (cost=100917.78..100917.78 rows=2474 width=8) (actual time=3548.646..3548.646 rows=2808 loops=1)
        Buckets: 4096  Batches: 1  Memory Usage: 142kB
        ->  Hash Join  (cost=73982.55..100917.78 rows=2474 width=8) (actual time=2379.178..3547.519 rows=2808 loops=1)
              Hash Cond: (mi_idx.movie_id = t.id)
              ->  Seq Scan on movie_info_idx mi_idx  (cost=0.00..21735.35 rows=1380035 width=4) (actual time=0.026..854.724 rows=1380035 loops=1)
              ->  Hash  (cost=73925.90..73925.90 rows=4532 width=4) (actual time=2376.061..2376.061 rows=6999 loops=1)
                    Buckets: 8192  Batches: 1  Memory Usage: 311kB
                    ->  Seq Scan on title t  (cost=0.00..73925.90 rows=4532 width=4) (actual time=0.314..2372.156 rows=6999 loops=1)
                          Filter: ((kind_id = 7) AND (production_year = 1960))
                          Rows Removed by Filter: 2521313
Planning time: 1.067 ms
Execution time: 15062.505 ms
