Seq Scan on movie_keyword mk  (cost=0.00..81003.12 rows=246 width=0) (actual time=1.343..1207.578 rows=80 loops=1)
  Filter: (keyword_id = 4594)
  Rows Removed by Filter: 4523850
Planning time: 0.347 ms
Execution time: 1207.711 ms
