Hash Join  (cost=85894.26..569243.60 rows=2681104 width=0) (actual time=2353.509..12867.780 rows=1574866 loops=1)
  Hash Cond: (mi.movie_id = t.id)
  ->  Seq Scan on movie_info mi  (cost=0.00..346232.03 rows=9293409 width=4) (actual time=0.025..6566.994 rows=9425200 loops=1)
        Filter: (info_type_id > 5)
        Rows Removed by Filter: 5410520
  ->  Hash  (cost=73925.90..73925.90 rows=729468 width=4) (actual time=1602.729..1602.729 rows=638430 loops=1)
        Buckets: 131072  Batches: 16  Memory Usage: 2431kB
        ->  Seq Scan on title t  (cost=0.00..73925.90 rows=729468 width=4) (actual time=0.012..1388.974 rows=638430 loops=1)
              Filter: ((production_year < 2003) AND (kind_id = 7))
              Rows Removed by Filter: 1889882
Planning time: 0.678 ms
Execution time: 13045.864 ms
