Seq Scan on movie_companies mc  (cost=0.00..57926.93 rows=1049298 width=0) (actual time=0.011..1075.927 rows=780012 loops=1)
  Filter: ((company_id < 71767) AND (company_type_id = 2))
  Rows Removed by Filter: 1829117
Planning time: 0.386 ms
Execution time: 1171.630 ms
