Hash Join  (cost=74013.52..160796.96 rows=12540 width=0) (actual time=2626.120..7178.940 rows=7417 loops=1)
  Hash Cond: (mk.movie_id = t.id)
  ->  Seq Scan on movie_keyword mk  (cost=0.00..69693.30 rows=4523930 width=4) (actual time=0.016..3423.908 rows=4523930 loops=1)
  ->  Hash  (cost=73925.90..73925.90 rows=7009 width=4) (actual time=2624.955..2624.955 rows=24507 loops=1)
        Buckets: 32768 (originally 8192)  Batches: 1 (originally 1)  Memory Usage: 1118kB
        ->  Seq Scan on title t  (cost=0.00..73925.90 rows=7009 width=4) (actual time=774.137..2614.898 rows=24507 loops=1)
              Filter: ((production_year < 1910) AND (kind_id = 1))
              Rows Removed by Filter: 2503805
Planning time: 0.691 ms
Execution time: 7180.528 ms
