Hash Join  (cost=85855.67..171248.98 rows=750279 width=0) (actual time=1824.273..3776.030 rows=304151 loops=1)
  Hash Cond: (mc.movie_id = t.id)
  ->  Seq Scan on movie_companies mc  (cost=0.00..44881.29 rows=2609129 width=4) (actual time=0.004..952.354 rows=2609129 loops=1)
  ->  Hash  (cost=73925.90..73925.90 rows=727101 width=4) (actual time=1444.297..1444.297 rows=796159 loops=1)
        Buckets: 131072  Batches: 16  Memory Usage: 2780kB
        ->  Seq Scan on title t  (cost=0.00..73925.90 rows=727101 width=4) (actual time=129.292..1196.204 rows=796159 loops=1)
              Filter: ((production_year > 2003) AND (kind_id = 7))
              Rows Removed by Filter: 1732153
Planning time: 2.444 ms
Execution time: 3811.670 ms
