Hash Join  (cost=927803.19..969912.34 rows=257367 width=0) (actual time=14665.875..16172.325 rows=475361 loops=1)
  Hash Cond: (mi_idx.movie_id = t.id)
  ->  Seq Scan on movie_info_idx mi_idx  (cost=0.00..21735.35 rows=1380035 width=4) (actual time=0.024..379.700 rows=1380035 loops=1)
  ->  Hash  (cost=920065.77..920065.77 rows=471553 width=8) (actual time=14665.083..14665.083 rows=421290 loops=1)
        Buckets: 131072  Batches: 8  Memory Usage: 3086kB
        ->  Hash Join  (cost=102767.86..920065.77 rows=471553 width=8) (actual time=2192.024..14533.534 rows=421290 loops=1)
              Hash Cond: (ci.movie_id = t.id)
              ->  Seq Scan on cast_info ci  (cost=0.00..796071.18 rows=471553 width=4) (actual time=245.519..11782.073 rows=421290 loops=1)
                    Filter: ((person_id < 592371) AND (role_id = 4))
                    Rows Removed by Filter: 35823054
              ->  Hash  (cost=61283.27..61283.27 rows=2528527 width=4) (actual time=1944.503..1944.503 rows=2528312 loops=1)
                    Buckets: 131072  Batches: 64  Memory Usage: 2415kB
                    ->  Seq Scan on title t  (cost=0.00..61283.27 rows=2528527 width=4) (actual time=0.022..1089.813 rows=2528312 loops=1)
Planning time: 3.027 ms
Execution time: 16216.254 ms
