Seq Scan on movie_keyword mk  (cost=0.00..81003.12 rows=246 width=0) (actual time=0.475..1301.378 rows=2034 loops=1)
  Filter: (keyword_id = 1050)
  Rows Removed by Filter: 4521896
Planning time: 0.352 ms
Execution time: 1302.086 ms
