Hash Join  (cost=160823.02..980722.03 rows=15185 width=0) (actual time=5157.906..18529.914 rows=7555 loops=1)
  Hash Cond: (ci.movie_id = t.id)
  ->  Seq Scan on cast_info ci  (cost=0.00..796071.18 rows=4735198 width=4) (actual time=2202.721..14717.964 rows=6258492 loops=1)
        Filter: ((person_id > 1407479) AND (role_id > 6))
        Rows Removed by Filter: 29985852
  ->  Hash  (cost=160721.67..160721.67 rows=8108 width=8) (actual time=2948.825..2948.825 rows=1875 loops=1)
        Buckets: 8192  Batches: 1  Memory Usage: 138kB
        ->  Hash Join  (cost=73982.55..160721.67 rows=8108 width=8) (actual time=1986.712..2948.127 rows=1875 loops=1)
              Hash Cond: (mk.movie_id = t.id)
              ->  Seq Scan on movie_keyword mk  (cost=0.00..69693.30 rows=4523930 width=4) (actual time=0.028..986.988 rows=4523930 loops=1)
              ->  Hash  (cost=73925.90..73925.90 rows=4532 width=4) (actual time=1097.390..1097.390 rows=8044 loops=1)
                    Buckets: 8192  Batches: 1  Memory Usage: 347kB
                    ->  Seq Scan on title t  (cost=0.00..73925.90 rows=4532 width=4) (actual time=254.437..1093.661 rows=8044 loops=1)
                          Filter: ((kind_id = 7) AND (production_year = 1980))
                          Rows Removed by Filter: 2520268
Planning time: 0.991 ms
Execution time: 18531.209 ms
