Seq Scan on movie_keyword mk  (cost=0.00..81003.12 rows=246 width=0) (actual time=31.052..1201.283 rows=176 loops=1)
  Filter: (keyword_id = 6883)
  Rows Removed by Filter: 4523754
Planning time: 0.383 ms
Execution time: 1201.997 ms
