Nested Loop  (cost=0.43..709671.90 rows=500 width=0) (actual time=8299.266..11242.956 rows=133 loops=1)
  ->  Seq Scan on cast_info ci  (cost=0.00..705507.15 rows=500 width=4) (actual time=8299.159..11225.350 rows=133 loops=1)
        Filter: (person_id = 156485)
        Rows Removed by Filter: 36244211
  ->  Index Only Scan using title_pkey on title t  (cost=0.43..8.32 rows=1 width=4) (actual time=0.131..0.131 rows=1 loops=133)
        Index Cond: (id = ci.movie_id)
        Heap Fetches: 133
Planning time: 0.724 ms
Execution time: 11243.081 ms
