Seq Scan on movie_keyword mk  (cost=0.00..81003.12 rows=1077434 width=0) (actual time=0.023..3769.042 rows=1088237 loops=1)
  Filter: (keyword_id > 16264)
  Rows Removed by Filter: 3435693
Planning time: 0.282 ms
Execution time: 3959.279 ms
