Hash Join  (cost=165363.86..220131.04 rows=10166 width=0) (actual time=1732.348..3070.580 rows=42627 loops=1)
  Hash Cond: (mc.movie_id = t.id)
  ->  Seq Scan on movie_companies mc  (cost=0.00..44881.29 rows=2609129 width=4) (actual time=0.008..726.104 rows=2609129 loops=1)
  ->  Hash  (cost=165240.71..165240.71 rows=9852 width=8) (actual time=1732.228..1732.228 rows=13140 loops=1)
        Buckets: 16384  Batches: 1  Memory Usage: 642kB
        ->  Nested Loop  (cost=0.43..165240.71 rows=9852 width=8) (actual time=0.115..1725.007 rows=13140 loops=1)
              ->  Seq Scan on movie_keyword mk  (cost=0.00..81003.12 rows=13873 width=4) (actual time=0.057..1299.892 rows=14364 loops=1)
                    Filter: (keyword_id = 1)
                    Rows Removed by Filter: 4509566
              ->  Index Scan using title_pkey on title t  (cost=0.43..6.06 rows=1 width=4) (actual time=0.029..0.029 rows=1 loops=14364)
                    Index Cond: (id = mk.movie_id)
                    Filter: (production_year < 2009)
                    Rows Removed by Filter: 0
Planning time: 0.817 ms
Execution time: 3076.976 ms
