Hash Join  (cost=246952.21..813506.07 rows=8129893 width=0) (actual time=5482.633..34476.789 rows=73631759 loops=1)
  Hash Cond: (mi.movie_id = t.id)
  ->  Seq Scan on movie_info mi  (cost=0.00..309384.22 rows=14739122 width=4) (actual time=0.011..6157.849 rows=14835720 loops=1)
  ->  Hash  (cost=224069.46..224069.46 rows=1394700 width=8) (actual time=5481.568..5481.568 rows=1220708 loops=1)
        Buckets: 131072  Batches: 32  Memory Usage: 2606kB
        ->  Hash Join  (cost=96729.52..224069.46 rows=1394700 width=8) (actual time=2075.562..5137.860 rows=1220708 loops=1)
              Hash Cond: (mk.movie_id = t.id)
              ->  Seq Scan on movie_keyword mk  (cost=0.00..81003.12 rows=1986563 width=4) (actual time=0.014..1566.597 rows=1992308 loops=1)
                    Filter: (keyword_id > 6291)
                    Rows Removed by Filter: 2531622
              ->  Hash  (cost=67604.59..67604.59 rows=1775195 width=4) (actual time=2074.327..2074.327 rows=1772072 loops=1)
                    Buckets: 131072  Batches: 32  Memory Usage: 2984kB
                    ->  Seq Scan on title t  (cost=0.00..67604.59 rows=1775195 width=4) (actual time=0.018..1214.097 rows=1772072 loops=1)
                          Filter: (production_year > 1989)
                          Rows Removed by Filter: 756240
Planning time: 1.033 ms
Execution time: 42333.819 ms
