Hash Join  (cost=164147.09..997363.61 rows=519784 width=0) (actual time=3061.688..26482.829 rows=3351762 loops=1)
  Hash Cond: (ci.movie_id = t.id)
  ->  Seq Scan on cast_info ci  (cost=0.00..705507.15 rows=32669757 width=4) (actual time=0.022..13801.682 rows=32689726 loops=1)
        Filter: (person_id < 3416741)
        Rows Removed by Filter: 3554618
  ->  Hash  (cost=163644.23..163644.23 rows=40229 width=8) (actual time=3061.308..3061.308 rows=72908 loops=1)
        Buckets: 131072 (originally 65536)  Batches: 1 (originally 1)  Memory Usage: 3872kB
        ->  Hash Join  (cost=74545.71..163644.23 rows=40229 width=8) (actual time=1228.605..3035.459 rows=72908 loops=1)
              Hash Cond: (mk.movie_id = t.id)
              ->  Seq Scan on movie_keyword mk  (cost=0.00..81003.12 rows=2051495 width=4) (actual time=0.018..1409.642 rows=2059636 loops=1)
                    Filter: (keyword_id < 3662)
                    Rows Removed by Filter: 2464294
              ->  Hash  (cost=73925.90..73925.90 rows=49584 width=4) (actual time=1228.151..1228.151 rows=38752 loops=1)
                    Buckets: 65536  Batches: 1  Memory Usage: 1875kB
                    ->  Seq Scan on title t  (cost=0.00..73925.90 rows=49584 width=4) (actual time=0.044..1212.244 rows=38752 loops=1)
                          Filter: ((kind_id < 7) AND (production_year = 2008))
                          Rows Removed by Filter: 2489560
Planning time: 1.171 ms
Execution time: 26930.525 ms
