Seq Scan on movie_keyword mk  (cost=0.00..81003.12 rows=2335432 width=0) (actual time=0.015..1476.826 rows=2335609 loops=1)
  Filter: (keyword_id < 5162)
  Rows Removed by Filter: 2188321
Planning time: 0.325 ms
Execution time: 1773.187 ms
