Seq Scan on movie_keyword mk  (cost=0.00..81003.12 rows=246 width=0) (actual time=1.038..1345.825 rows=477 loops=1)
  Filter: (keyword_id = 1130)
  Rows Removed by Filter: 4523453
Planning time: 0.357 ms
Execution time: 1346.131 ms
