Seq Scan on cast_info ci  (cost=0.00..705507.15 rows=5762763 width=42) (actual time=0.029..13947.317 rows=5797038 loops=1)
  Filter: (person_id > 3064628)
  Rows Removed by Filter: 30447306
Planning time: 0.523 ms
Execution time: 14282.291 ms
