Seq Scan on cast_info ci  (cost=0.00..705507.15 rows=28985677 width=0) (actual time=0.021..13198.648 rows=29054749 loops=1)
  Filter: (person_id > 694630)
  Rows Removed by Filter: 7189595
Planning time: 0.307 ms
Execution time: 16784.738 ms
