Hash Join  (cost=190066.81..340520.72 rows=2335287 width=0) (actual time=4676.841..10802.300 rows=10386130 loops=1)
  Hash Cond: (mk.movie_id = t.id)
  ->  Seq Scan on movie_keyword mk  (cost=0.00..69693.30 rows=4523930 width=4) (actual time=0.021..1621.031 rows=4523930 loops=1)
  ->  Hash  (cost=168652.25..168652.25 rows=1305245 width=8) (actual time=4675.278..4675.278 rows=1365044 loops=1)
        Buckets: 131072  Batches: 32  Memory Usage: 2709kB
        ->  Hash Join  (cost=106840.27..168652.25 rows=1305245 width=8) (actual time=2421.335..4300.597 rows=1365044 loops=1)
              Hash Cond: (mi_idx.movie_id = t.id)
              ->  Seq Scan on movie_info_idx mi_idx  (cost=0.00..21735.35 rows=1380035 width=4) (actual time=0.021..444.311 rows=1380035 loops=1)
              ->  Hash  (cost=67604.59..67604.59 rows=2391495 width=4) (actual time=2420.362..2420.362 rows=2388876 loops=1)
                    Buckets: 131072  Batches: 32  Memory Usage: 3646kB
                    ->  Seq Scan on title t  (cost=0.00..67604.59 rows=2391495 width=4) (actual time=0.019..1487.247 rows=2388876 loops=1)
                          Filter: (production_year < 2013)
                          Rows Removed by Filter: 139436
Planning time: 1.075 ms
Execution time: 11813.093 ms
