Hash Join  (cost=179720.64..1312370.36 rows=9622256 width=0) (actual time=4788.045..47264.404 rows=47457205 loops=1)
  Hash Cond: (ci.movie_id = t.id)
  ->  Seq Scan on cast_info ci  (cost=0.00..614943.12 rows=36225612 width=4) (actual time=0.018..13705.001 rows=36244344 loops=1)
  ->  Hash  (cost=168701.29..168701.29 rows=671628 width=8) (actual time=4787.222..4787.222 rows=1305549 loops=1)
        Buckets: 131072 (originally 131072)  Batches: 32 (originally 16)  Memory Usage: 3073kB
        ->  Hash Join  (cost=78556.72..168701.29 rows=671628 width=8) (actual time=1683.921..4397.826 rows=1305549 loops=1)
              Hash Cond: (mc.movie_id = t.id)
              ->  Seq Scan on movie_companies mc  (cost=0.00..51404.11 rows=2544046 width=4) (actual time=0.026..1115.929 rows=2542342 loops=1)
                    Filter: (company_id > 6)
                    Rows Removed by Filter: 66787
              ->  Hash  (cost=67604.59..67604.59 rows=667531 width=4) (actual time=1539.129..1539.129 rows=662825 loops=1)
                    Buckets: 131072  Batches: 16  Memory Usage: 2476kB
                    ->  Seq Scan on title t  (cost=0.00..67604.59 rows=667531 width=4) (actual time=520.034..1323.492 rows=662825 loops=1)
                          Filter: (kind_id = 1)
                          Rows Removed by Filter: 1865487
Planning time: 1.075 ms
Execution time: 52223.772 ms
