Hash Join  (cost=77035.88..568630.07 rows=1104726 width=0) (actual time=1122.391..13211.751 rows=484613 loops=1)
  Hash Cond: (mi.movie_id = t.id)
  ->  Seq Scan on movie_info mi  (cost=0.00..309384.22 rows=14739122 width=4) (actual time=0.016..6074.434 rows=14835720 loops=1)
  ->  Hash  (cost=73925.90..73925.90 rows=189518 width=4) (actual time=1120.799..1120.799 rows=86916 loops=1)
        Buckets: 131072  Batches: 4  Memory Usage: 1792kB
        ->  Seq Scan on title t  (cost=0.00..73925.90 rows=189518 width=4) (actual time=104.111..1088.815 rows=86916 loops=1)
              Filter: ((production_year < 1966) AND (kind_id = 7))
              Rows Removed by Filter: 2441396
Planning time: 0.753 ms
Execution time: 13267.130 ms
