Seq Scan on cast_info ci  (cost=0.00..796071.18 rows=4597533 width=0) (actual time=0.032..33230.236 rows=1969580 loops=1)
  Filter: ((person_id < 679223) AND (role_id > 1))
  Rows Removed by Filter: 34274764
Planning time: 0.313 ms
Execution time: 33506.758 ms
