Hash Join  (cost=102767.86..1025397.30 rows=8612695 width=0) (actual time=1973.753..22824.076 rows=8500963 loops=1)
  Hash Cond: (ci.movie_id = t.id)
  ->  Seq Scan on cast_info ci  (cost=0.00..705507.15 rows=8612695 width=4) (actual time=0.023..12619.474 rows=8500963 loops=1)
        Filter: (person_id < 834711)
        Rows Removed by Filter: 27743381
  ->  Hash  (cost=61283.27..61283.27 rows=2528527 width=4) (actual time=1971.390..1971.390 rows=2528312 loops=1)
        Buckets: 131072  Batches: 64  Memory Usage: 2415kB
        ->  Seq Scan on title t  (cost=0.00..61283.27 rows=2528527 width=4) (actual time=0.006..1128.938 rows=2528312 loops=1)
Planning time: 0.749 ms
Execution time: 23829.923 ms
