Hash Join  (cost=102767.86..1502974.79 rows=28460048 width=0) (actual time=2007.908..44859.701 rows=28580415 loops=1)
  Hash Cond: (ci.movie_id = t.id)
  ->  Seq Scan on cast_info ci  (cost=0.00..705507.15 rows=28460048 width=4) (actual time=0.018..15680.517 rows=28580415 loops=1)
        Filter: (person_id > 743633)
        Rows Removed by Filter: 7663929
  ->  Hash  (cost=61283.27..61283.27 rows=2528527 width=4) (actual time=2006.538..2006.538 rows=2528312 loops=1)
        Buckets: 131072  Batches: 64  Memory Usage: 2415kB
        ->  Seq Scan on title t  (cost=0.00..61283.27 rows=2528527 width=4) (actual time=0.021..1176.045 rows=2528312 loops=1)
Planning time: 0.699 ms
Execution time: 48104.443 ms
