Seq Scan on cast_info ci  (cost=0.00..705507.15 rows=500 width=0) (actual time=6002.619..10706.635 rows=7 loops=1)
  Filter: (person_id = 2911370)
  Rows Removed by Filter: 36244337
Planning time: 0.323 ms
Execution time: 10706.784 ms
