Seq Scan on movie_companies mc  (cost=0.00..57926.93 rows=561414 width=0) (actual time=38.738..981.294 rows=284731 loops=1)
  Filter: ((company_id > 13062) AND (company_type_id < 2))
  Rows Removed by Filter: 2324398
Planning time: 3.614 ms
Execution time: 1017.424 ms
