Nested Loop  (cost=0.43..83071.67 rows=246 width=0) (actual time=7.099..1386.650 rows=265 loops=1)
  ->  Seq Scan on movie_keyword mk  (cost=0.00..81003.12 rows=246 width=4) (actual time=7.021..1376.523 rows=265 loops=1)
        Filter: (keyword_id = 92)
        Rows Removed by Filter: 4523665
  ->  Index Only Scan using title_pkey on title t  (cost=0.43..8.40 rows=1 width=4) (actual time=0.035..0.036 rows=1 loops=265)
        Index Cond: (id = mk.movie_id)
        Heap Fetches: 265
Planning time: 0.675 ms
Execution time: 1386.864 ms
