Hash Join  (cost=83810.17..211008.70 rows=1069113 width=0) (actual time=1470.376..5291.738 rows=2313388 loops=1)
  Hash Cond: (mk.movie_id = t.id)
  ->  Seq Scan on movie_keyword mk  (cost=0.00..81003.12 rows=2736871 width=4) (actual time=0.017..1614.464 rows=2726049 loops=1)
        Filter: (keyword_id > 2905)
        Rows Removed by Filter: 1797881
  ->  Hash  (cost=67604.59..67604.59 rows=987727 width=4) (actual time=1469.464..1469.464 rows=985048 loops=1)
        Buckets: 131072  Batches: 16  Memory Usage: 3197kB
        ->  Seq Scan on title t  (cost=0.00..67604.59 rows=987727 width=4) (actual time=0.014..1145.997 rows=985048 loops=1)
              Filter: (kind_id < 7)
              Rows Removed by Filter: 1543264
Planning time: 0.707 ms
Execution time: 5551.877 ms
