Hash Join  (cost=151817.54..273452.68 rows=335290 width=0) (actual time=3140.149..6884.974 rows=1941151 loops=1)
  Hash Cond: (mk.movie_id = t.id)
  ->  Seq Scan on movie_keyword mk  (cost=0.00..81003.12 rows=3132562 width=4) (actual time=0.028..1814.636 rows=3116144 loops=1)
        Filter: (keyword_id > 1915)
        Rows Removed by Filter: 1407786
  ->  Hash  (cost=147376.57..147376.57 rows=270638 width=8) (actual time=3138.533..3138.533 rows=170570 loops=1)
        Buckets: 131072  Batches: 4  Memory Usage: 2674kB
        ->  Hash Join  (cost=76379.89..147376.57 rows=270638 width=8) (actual time=1394.005..3080.812 rows=170570 loops=1)
              Hash Cond: (mc.movie_id = t.id)
              ->  Seq Scan on movie_companies mc  (cost=0.00..51404.11 rows=1279517 width=4) (actual time=59.268..994.766 rows=1274246 loops=1)
                    Filter: (company_type_id = 1)
                    Rows Removed by Filter: 1334883
              ->  Hash  (cost=67604.59..67604.59 rows=534824 width=4) (actual time=1333.963..1333.963 rows=533369 loops=1)
                    Buckets: 131072  Batches: 8  Memory Usage: 3369kB
                    ->  Seq Scan on title t  (cost=0.00..67604.59 rows=534824 width=4) (actual time=0.029..1165.462 rows=533369 loops=1)
                          Filter: (production_year > 2009)
                          Rows Removed by Filter: 1994943
Planning time: 1.132 ms
Execution time: 7121.574 ms
