Seq Scan on movie_keyword mk  (cost=0.00..81003.12 rows=925749 width=0) (actual time=0.023..1287.727 rows=923249 loops=1)
  Filter: (keyword_id > 20324)
  Rows Removed by Filter: 3600681
Planning time: 0.337 ms
Execution time: 1400.794 ms
