Seq Scan on cast_info ci  (cost=0.00..705507.15 rows=32100027 width=0) (actual time=0.026..35848.088 rows=32246868 loops=1)
  Filter: (person_id > 383665)
  Rows Removed by Filter: 3997476
Planning time: 0.320 ms
Execution time: 40695.278 ms
