Seq Scan on title t  (cost=0.00..73925.90 rows=647327 width=0) (actual time=486.354..1262.260 rows=652226 loops=1)
  Filter: ((production_year > 1898) AND (kind_id = 1))
  Rows Removed by Filter: 1876086
Planning time: 0.392 ms
Execution time: 1345.401 ms
