Seq Scan on movie_keyword mk  (cost=0.00..81003.12 rows=2360380 width=0) (actual time=0.018..1477.967 rows=2363386 loops=1)
  Filter: (keyword_id < 5323)
  Rows Removed by Filter: 2160544
Planning time: 0.309 ms
Execution time: 1778.121 ms
