Hash Join  (cost=156091.72..1225202.07 rows=3436919 width=0) (actual time=3485.362..40035.088 rows=25078088 loops=1)
  Hash Cond: (ci.movie_id = t.id)
  ->  Seq Scan on cast_info ci  (cost=0.00..614943.12 rows=36225612 width=4) (actual time=0.013..12940.850 rows=36244344 loops=1)
  ->  Hash  (cost=152155.03..152155.03 rows=239895 width=8) (actual time=3484.515..3484.515 rows=571685 loops=1)
        Buckets: 131072 (originally 131072)  Batches: 8 (originally 4)  Memory Usage: 3829kB
        ->  Hash Join  (cost=81703.78..152155.03 rows=239895 width=8) (actual time=1685.020..3338.575 rows=571685 loops=1)
              Hash Cond: (mc.movie_id = t.id)
              ->  Seq Scan on movie_companies mc  (cost=0.00..51404.11 rows=1279517 width=4) (actual time=30.938..1016.222 rows=1274246 loops=1)
                    Filter: (company_type_id = 1)
                    Rows Removed by Filter: 1334883
              ->  Hash  (cost=73925.90..73925.90 rows=474070 width=4) (actual time=1337.514..1337.514 rows=496025 loops=1)
                    Buckets: 131072  Batches: 8  Memory Usage: 3214kB
                    ->  Seq Scan on title t  (cost=0.00..73925.90 rows=474070 width=4) (actual time=594.088..1187.615 rows=496025 loops=1)
                          Filter: ((production_year < 2009) AND (kind_id = 1))
                          Rows Removed by Filter: 2032287
Planning time: 1.230 ms
Execution time: 42953.593 ms
