Hash Join  (cost=256442.27..436370.54 rows=4290332 width=0) (actual time=5883.257..16173.948 rows=33238085 loops=1)
  Hash Cond: (mk.movie_id = t.id)
  ->  Seq Scan on movie_keyword mk  (cost=0.00..69693.30 rows=4523930 width=4) (actual time=0.011..1563.482 rows=4523930 loops=1)
  ->  Hash  (cost=217099.72..217099.72 rows=2397964 width=8) (actual time=5881.996..5881.996 rows=2305527 loops=1)
        Buckets: 131072  Batches: 32  Memory Usage: 3889kB
        ->  Hash Join  (cost=105731.15..217099.72 rows=2397964 width=8) (actual time=2134.034..5269.069 rows=2305527 loops=1)
              Hash Cond: (mc.movie_id = t.id)
              ->  Seq Scan on movie_companies mc  (cost=0.00..44881.29 rows=2609129 width=4) (actual time=0.030..832.457 rows=2609129 loops=1)
              ->  Hash  (cost=67604.59..67604.59 rows=2323885 width=4) (actual time=2133.153..2133.153 rows=2317570 loops=1)
                    Buckets: 131072  Batches: 32  Memory Usage: 3574kB
                    ->  Seq Scan on title t  (cost=0.00..67604.59 rows=2323885 width=4) (actual time=0.023..1425.261 rows=2317570 loops=1)
                          Filter: (production_year > 1938)
                          Rows Removed by Filter: 210742
Planning time: 1.060 ms
Execution time: 19467.142 ms
