Hash Join  (cost=126328.66..480793.74 rows=324 width=0) (actual time=2167.602..7848.553 rows=4134 loops=1)
  Hash Cond: (mi.movie_id = t.id)
  ->  Seq Scan on movie_info mi  (cost=0.00..346232.03 rows=2194617 width=4) (actual time=0.017..5585.387 rows=2233850 loops=1)
        Filter: (info_type_id > 16)
        Rows Removed by Filter: 12601870
  ->  Hash  (cost=126324.00..126324.00 rows=373 width=8) (actual time=1934.754..1934.754 rows=676 loops=1)
        Buckets: 1024  Batches: 1  Memory Usage: 35kB
        ->  Hash Join  (cost=68332.59..126324.00 rows=373 width=8) (actual time=1801.644..1934.440 rows=676 loops=1)
              Hash Cond: (mc.movie_id = t.id)
              ->  Seq Scan on movie_companies mc  (cost=0.00..57926.93 rows=16199 width=4) (actual time=735.074..857.944 rows=30540 loops=1)
                    Filter: ((company_id > 207272) AND (company_type_id > 1))
                    Rows Removed by Filter: 2578589
              ->  Hash  (cost=67604.59..67604.59 rows=58240 width=4) (actual time=1065.930..1065.930 rows=58590 loops=1)
                    Buckets: 65536  Batches: 1  Memory Usage: 2572kB
                    ->  Seq Scan on title t  (cost=0.00..67604.59 rows=58240 width=4) (actual time=0.029..1041.550 rows=58590 loops=1)
                          Filter: (production_year = 2001)
                          Rows Removed by Filter: 2469722
Planning time: 1.192 ms
Execution time: 7849.552 ms
