Seq Scan on movie_companies mc  (cost=0.00..51404.11 rows=490833 width=0) (actual time=0.016..886.172 rows=485387 loops=1)
  Filter: (company_id < 425)
  Rows Removed by Filter: 2123742
Planning time: 0.325 ms
Execution time: 952.038 ms
