Hash Join  (cost=190230.21..332831.74 rows=1802366 width=0) (actual time=4913.959..10463.079 rows=7686708 loops=1)
  Hash Cond: (mk.movie_id = t.id)
  ->  Seq Scan on movie_keyword mk  (cost=0.00..81003.12 rows=3302330 width=4) (actual time=0.016..1609.275 rows=3293047 loops=1)
        Filter: (keyword_id < 14731)
        Rows Removed by Filter: 1230883
  ->  Hash  (cost=167588.78..167588.78 rows=1380035 width=8) (actual time=4912.314..4912.314 rows=1380035 loops=1)
        Buckets: 131072  Batches: 32  Memory Usage: 2726kB
        ->  Hash Join  (cost=102767.86..167588.78 rows=1380035 width=8) (actual time=1938.347..4472.136 rows=1380035 loops=1)
              Hash Cond: (mi_idx.movie_id = t.id)
              ->  Seq Scan on movie_info_idx mi_idx  (cost=0.00..21735.35 rows=1380035 width=4) (actual time=0.021..504.572 rows=1380035 loops=1)
              ->  Hash  (cost=61283.27..61283.27 rows=2528527 width=4) (actual time=1936.858..1936.858 rows=2528312 loops=1)
                    Buckets: 131072  Batches: 64  Memory Usage: 2415kB
                    ->  Seq Scan on title t  (cost=0.00..61283.27 rows=2528527 width=4) (actual time=0.013..1099.577 rows=2528312 loops=1)
Planning time: 1.114 ms
Execution time: 11340.245 ms
