Hash Join  (cost=102767.86..236304.24 rows=1772631 width=0) (actual time=2360.194..5558.105 rows=1775643 loops=1)
  Hash Cond: (mk.movie_id = t.id)
  ->  Seq Scan on movie_keyword mk  (cost=0.00..81003.12 rows=1772631 width=4) (actual time=0.006..1480.942 rows=1775643 loops=1)
        Filter: (keyword_id > 7794)
        Rows Removed by Filter: 2748287
  ->  Hash  (cost=61283.27..61283.27 rows=2528527 width=4) (actual time=2357.541..2357.541 rows=2528312 loops=1)
        Buckets: 131072  Batches: 64  Memory Usage: 2425kB
        ->  Seq Scan on title t  (cost=0.00..61283.27 rows=2528527 width=4) (actual time=0.022..1077.176 rows=2528312 loops=1)
Planning time: 0.533 ms
Execution time: 5761.660 ms
