Hash Join  (cost=83568.99..175265.14 rows=140555 width=0) (actual time=1397.014..3293.841 rows=336450 loops=1)
  Hash Cond: (mk.movie_id = t.id)
  ->  Seq Scan on movie_keyword mk  (cost=0.00..81003.12 rows=604658 width=4) (actual time=0.012..1439.234 rows=606746 loops=1)
        Filter: (keyword_id < 460)
        Rows Removed by Filter: 3917184
  ->  Hash  (cost=73925.90..73925.90 rows=587767 width=4) (actual time=1395.903..1395.903 rows=594730 loops=1)
        Buckets: 131072  Batches: 8  Memory Usage: 3657kB
        ->  Seq Scan on title t  (cost=0.00..73925.90 rows=587767 width=4) (actual time=304.817..1195.230 rows=594730 loops=1)
              Filter: ((kind_id < 2) AND (production_year < 2012))
              Rows Removed by Filter: 1933582
Planning time: 0.805 ms
Execution time: 3331.685 ms
