Hash Join  (cost=167068.47..529262.97 rows=204533 width=0) (actual time=8272.108..11958.891 rows=9142339 loops=1)
  Hash Cond: (mi.movie_id = t.id)
  ->  Seq Scan on movie_info mi  (cost=0.00..346232.03 rows=1034704 width=4) (actual time=4251.865..5188.049 rows=1089512 loops=1)
        Filter: (info_type_id > 67)
        Rows Removed by Filter: 13746208
  ->  Hash  (cost=158867.70..158867.70 rows=499822 width=8) (actual time=4015.284..4015.284 rows=957407 loops=1)
        Buckets: 131072 (originally 131072)  Batches: 16 (originally 8)  Memory Usage: 3432kB
        ->  Hash Join  (cost=83810.17..158867.70 rows=499822 width=8) (actual time=1660.989..3758.674 rows=957407 loops=1)
              Hash Cond: (mc.movie_id = t.id)
              ->  Seq Scan on movie_companies mc  (cost=0.00..51404.11 rows=1279517 width=4) (actual time=213.856..986.432 rows=1274246 loops=1)
                    Filter: (company_type_id < 2)
                    Rows Removed by Filter: 1334883
              ->  Hash  (cost=67604.59..67604.59 rows=987727 width=4) (actual time=1446.298..1446.298 rows=985048 loops=1)
                    Buckets: 131072  Batches: 16  Memory Usage: 3188kB
                    ->  Seq Scan on title t  (cost=0.00..67604.59 rows=987727 width=4) (actual time=0.019..1141.378 rows=985048 loops=1)
                          Filter: (kind_id < 7)
                          Rows Removed by Filter: 1543264
Planning time: 2.876 ms
Execution time: 12999.884 ms
