Hash Join  (cost=201756.69..248174.32 rows=508515 width=0) (actual time=4250.709..5837.831 rows=1591702 loops=1)
  Hash Cond: (mi_idx.movie_id = t.id)
  ->  Seq Scan on movie_info_idx mi_idx  (cost=0.00..21735.35 rows=1380035 width=4) (actual time=0.018..476.985 rows=1380035 loops=1)
  ->  Hash  (cost=186470.29..186470.29 rows=931712 width=8) (actual time=4249.764..4249.764 rows=931219 loops=1)
        Buckets: 131072  Batches: 16  Memory Usage: 3276kB
        ->  Hash Join  (cost=102767.86..186470.29 rows=931712 width=8) (actual time=1870.785..3975.232 rows=931219 loops=1)
              Hash Cond: (mc.movie_id = t.id)
              ->  Seq Scan on movie_companies mc  (cost=0.00..51404.11 rows=931712 width=4) (actual time=0.027..932.228 rows=931219 loops=1)
                    Filter: (company_id < 3335)
                    Rows Removed by Filter: 1677910
              ->  Hash  (cost=61283.27..61283.27 rows=2528527 width=4) (actual time=1868.368..1868.368 rows=2528312 loops=1)
                    Buckets: 131072  Batches: 64  Memory Usage: 2415kB
                    ->  Seq Scan on title t  (cost=0.00..61283.27 rows=2528527 width=4) (actual time=0.017..1016.467 rows=2528312 loops=1)
Planning time: 1.173 ms
Execution time: 6004.644 ms
