Hash Join  (cost=58375.85..877965.10 rows=131 width=0) (actual time=10462.467..16844.584 rows=1 loops=1)
  Hash Cond: (ci.movie_id = t.id)
  ->  Seq Scan on cast_info ci  (cost=0.00..796071.18 rows=6271137 width=4) (actual time=4923.055..15045.207 rows=7450688 loops=1)
        Filter: ((person_id > 483192) AND (role_id = 2))
        Rows Removed by Filter: 28793656
  ->  Hash  (cost=58375.18..58375.18 rows=53 width=8) (actual time=795.518..795.518 rows=1 loops=1)
        Buckets: 1024  Batches: 1  Memory Usage: 9kB
        ->  Nested Loop  (cost=0.43..58375.18 rows=53 width=8) (actual time=98.098..795.513 rows=1 loops=1)
              ->  Seq Scan on movie_companies mc  (cost=0.00..57926.93 rows=53 width=4) (actual time=98.008..795.421 rows=1 loops=1)
                    Filter: ((company_id = 1700) AND (company_type_id = 2))
                    Rows Removed by Filter: 2609128
              ->  Index Only Scan using title_pkey on title t  (cost=0.43..8.45 rows=1 width=4) (actual time=0.072..0.074 rows=1 loops=1)
                    Index Cond: (id = mc.movie_id)
                    Heap Fetches: 1
Planning time: 1.200 ms
Execution time: 16844.691 ms
