Hash Join  (cost=193010.40..235894.83 rows=302595 width=0) (actual time=4167.391..5978.170 rows=1462349 loops=1)
  Hash Cond: (mi_idx.movie_id = t.id)
  ->  Seq Scan on movie_info_idx mi_idx  (cost=0.00..21735.35 rows=1380035 width=4) (actual time=0.016..495.468 rows=1380035 loops=1)
  ->  Hash  (cost=183914.13..183914.13 rows=554421 width=8) (actual time=4165.973..4165.973 rows=762997 loops=1)
        Buckets: 131072 (originally 131072)  Batches: 16 (originally 8)  Memory Usage: 3073kB
        ->  Hash Join  (cost=102767.86..183914.13 rows=554421 width=8) (actual time=1946.947..3933.556 rows=762997 loops=1)
              Hash Cond: (mc.movie_id = t.id)
              ->  Seq Scan on movie_companies mc  (cost=0.00..57926.93 rows=554421 width=4) (actual time=0.020..946.497 rows=762997 loops=1)
                    Filter: ((company_id < 8112) AND (company_type_id = 1))
                    Rows Removed by Filter: 1846132
              ->  Hash  (cost=61283.27..61283.27 rows=2528527 width=4) (actual time=1945.658..1945.658 rows=2528312 loops=1)
                    Buckets: 131072  Batches: 64  Memory Usage: 2415kB
                    ->  Seq Scan on title t  (cost=0.00..61283.27 rows=2528527 width=4) (actual time=0.012..1096.498 rows=2528312 loops=1)
Planning time: 1.123 ms
Execution time: 6135.566 ms
