Hash Join  (cost=213704.84..647977.38 rows=2548616 width=0) (actual time=6606.939..14997.832 rows=4645311 loops=1)
  Hash Cond: (mi.movie_id = t.id)
  ->  Seq Scan on movie_info mi  (cost=0.00..346232.03 rows=4972096 width=4) (actual time=1473.903..6152.517 rows=4923966 loops=1)
        Filter: (info_type_id < 5)
        Rows Removed by Filter: 9911754
  ->  Hash  (cost=192440.81..192440.81 rows=1296082 width=8) (actual time=5132.137..5132.137 rows=1099841 loops=1)
        Buckets: 131072  Batches: 32  Memory Usage: 2405kB
        ->  Hash Join  (cost=98347.17..192440.81 rows=1296082 width=8) (actual time=2049.522..4785.268 rows=1099841 loops=1)
              Hash Cond: (mc.movie_id = t.id)
              ->  Seq Scan on movie_companies mc  (cost=0.00..51404.11 rows=1748941 width=4) (actual time=0.075..1098.719 rows=1753865 loops=1)
                    Filter: (company_id > 2425)
                    Rows Removed by Filter: 855264
              ->  Hash  (cost=67604.59..67604.59 rows=1873807 width=4) (actual time=2048.025..2048.025 rows=1871198 loops=1)
                    Buckets: 131072  Batches: 32  Memory Usage: 3088kB
                    ->  Seq Scan on title t  (cost=0.00..67604.59 rows=1873807 width=4) (actual time=0.019..1444.353 rows=1871198 loops=1)
                          Filter: (production_year > 1984)
                          Rows Removed by Filter: 657114
Planning time: 3.507 ms
Execution time: 15514.356 ms
