Seq Scan on cast_info ci  (cost=0.00..796071.18 rows=8237828 width=0) (actual time=213.618..12811.432 rows=3509376 loops=1)
  Filter: ((person_id < 1248202) AND (role_id > 1))
  Rows Removed by Filter: 32734968
Planning time: 0.369 ms
Execution time: 13246.121 ms
