Hash Join  (cost=85000.09..169651.53 rows=696491 width=0) (actual time=1533.519..3677.528 rows=287550 loops=1)
  Hash Cond: (mc.movie_id = t.id)
  ->  Seq Scan on movie_companies mc  (cost=0.00..44881.29 rows=2609129 width=4) (actual time=0.013..847.547 rows=2609129 loops=1)
  ->  Hash  (cost=73925.90..73925.90 rows=674975 width=4) (actual time=1519.967..1519.967 rows=739679 loops=1)
        Buckets: 131072  Batches: 16  Memory Usage: 2654kB
        ->  Seq Scan on title t  (cost=0.00..73925.90 rows=674975 width=4) (actual time=0.022..1273.544 rows=739679 loops=1)
              Filter: ((production_year > 2004) AND (kind_id = 7))
              Rows Removed by Filter: 1788633
Planning time: 0.748 ms
Execution time: 3708.603 ms
