Hash Join  (cost=148908.31..273867.77 rows=242742 width=0) (actual time=3121.905..6844.009 rows=1184680 loops=1)
  Hash Cond: (mk.movie_id = t.id)
  ->  Seq Scan on movie_keyword mk  (cost=0.00..69693.30 rows=4523930 width=4) (actual time=0.039..1469.741 rows=4523930 loops=1)
  ->  Hash  (cost=146682.39..146682.39 rows=135674 width=8) (actual time=3120.700..3120.700 rows=263364 loops=1)
        Buckets: 131072 (originally 131072)  Batches: 4 (originally 2)  Memory Usage: 3596kB
        ->  Hash Join  (cost=69762.12..146682.39 rows=135674 width=8) (actual time=1030.558..3020.620 rows=263364 loops=1)
              Hash Cond: (mc.movie_id = t.id)
              ->  Seq Scan on movie_companies mc  (cost=0.00..44881.29 rows=2609129 width=4) (actual time=0.020..915.755 rows=2609129 loops=1)
              ->  Hash  (cost=67604.59..67604.59 rows=131483 width=4) (actual time=1029.754..1029.754 rows=133123 loops=1)
                    Buckets: 131072  Batches: 2  Memory Usage: 3361kB
                    ->  Seq Scan on title t  (cost=0.00..67604.59 rows=131483 width=4) (actual time=48.053..981.659 rows=133123 loops=1)
                          Filter: (production_year < 1937)
                          Rows Removed by Filter: 2395189
Planning time: 1.134 ms
Execution time: 6980.843 ms
