Hash Join  (cost=74344.78..161602.37 rows=59955 width=0) (actual time=1144.526..2987.013 rows=110659 loops=1)
  Hash Cond: (mk.movie_id = t.id)
  ->  Seq Scan on movie_keyword mk  (cost=0.00..69693.30 rows=4523930 width=4) (actual time=0.021..995.103 rows=4523930 loops=1)
  ->  Hash  (cost=73925.90..73925.90 rows=33510 width=4) (actual time=1143.982..1143.982 rows=22107 loops=1)
        Buckets: 65536  Batches: 1  Memory Usage: 1290kB
        ->  Seq Scan on title t  (cost=0.00..73925.90 rows=33510 width=4) (actual time=0.025..1135.334 rows=22107 loops=1)
              Filter: ((kind_id < 2) AND (production_year = 2008))
              Rows Removed by Filter: 2506205
Planning time: 0.754 ms
Execution time: 3001.373 ms
