Hash Join  (cost=129790.70..226840.57 rows=48013 width=0) (actual time=2358.591..4611.536 rows=280838 loops=1)
  Hash Cond: (mk.movie_id = t.id)
  ->  Seq Scan on movie_keyword mk  (cost=0.00..81003.12 rows=4151099 width=4) (actual time=0.024..1531.229 rows=4152879 loops=1)
        Filter: (keyword_id < 45583)
        Rows Removed by Filter: 371051
  ->  Hash  (cost=129425.12..129425.12 rows=29246 width=8) (actual time=2357.838..2357.838 rows=28035 loops=1)
        Buckets: 32768  Batches: 1  Memory Usage: 1352kB
        ->  Hash Join  (cost=69374.09..129425.12 rows=29246 width=8) (actual time=1164.227..2346.909 rows=28035 loops=1)
              Hash Cond: (mc.movie_id = t.id)
              ->  Seq Scan on movie_companies mc  (cost=0.00..51404.11 rows=685990 width=4) (actual time=0.036..902.013 rows=679875 loops=1)
                    Filter: (company_id < 1136)
                    Rows Removed by Filter: 1929254
              ->  Hash  (cost=67604.59..67604.59 rows=107800 width=4) (actual time=1163.062..1163.062 rows=108429 loops=1)
                    Buckets: 131072  Batches: 2  Memory Usage: 2931kB
                    ->  Seq Scan on title t  (cost=0.00..67604.59 rows=107800 width=4) (actual time=0.024..1121.275 rows=108429 loops=1)
                          Filter: (production_year = 2006)
                          Rows Removed by Filter: 2419883
Planning time: 1.229 ms
Execution time: 4646.463 ms
