Seq Scan on movie_companies mc  (cost=0.00..57926.93 rows=1115460 width=0) (actual time=0.029..1145.336 rows=1274246 loops=1)
  Filter: ((company_id < 89695) AND (company_type_id = 1))
  Rows Removed by Filter: 1334883
Planning time: 0.372 ms
Execution time: 1313.981 ms
