Hash Join  (cost=219197.63..1481839.83 rows=15155170 width=0) (actual time=4979.478..39034.932 rows=13557011 loops=1)
  Hash Cond: (ci.movie_id = t.id)
  ->  Seq Scan on cast_info ci  (cost=0.00..796071.18 rows=24102064 width=4) (actual time=59.830..18366.291 rows=26336944 loops=1)
        Filter: ((person_id < 2832221) AND (role_id < 10))
        Rows Removed by Filter: 9907400
  ->  Hash  (cost=193112.68..193112.68 rows=1589916 width=8) (actual time=4918.658..4918.658 rows=717308 loops=1)
        Buckets: 131072  Batches: 32  Memory Usage: 1871kB
        ->  Hash Join  (cost=92883.59..193112.68 rows=1589916 width=8) (actual time=1651.879..4700.877 rows=717308 loops=1)
              Hash Cond: (mc.movie_id = t.id)
              ->  Seq Scan on movie_companies mc  (cost=0.00..44881.29 rows=2609129 width=4) (actual time=0.051..898.001 rows=2609129 loops=1)
              ->  Hash  (cost=67604.59..67604.59 rows=1540800 width=4) (actual time=1630.589..1630.589 rows=1543264 loops=1)
                    Buckets: 131072  Batches: 32  Memory Usage: 2722kB
                    ->  Seq Scan on title t  (cost=0.00..67604.59 rows=1540800 width=4) (actual time=0.024..1141.507 rows=1543264 loops=1)
                          Filter: (kind_id = 7)
                          Rows Removed by Filter: 985048
Planning time: 0.817 ms
Execution time: 40491.353 ms
