Seq Scan on movie_keyword mk  (cost=0.00..81003.12 rows=4445166 width=0) (actual time=0.031..4368.872 rows=4446285 loops=1)
  Filter: (keyword_id < 88541)
  Rows Removed by Filter: 77645
Planning time: 0.435 ms
Execution time: 5112.939 ms
