Hash Join  (cost=102767.86..174385.96 rows=429538 width=0) (actual time=1828.442..3385.600 rows=428945 loops=1)
  Hash Cond: (mc.movie_id = t.id)
  ->  Seq Scan on movie_companies mc  (cost=0.00..51404.11 rows=429538 width=4) (actual time=0.035..887.801 rows=428945 loops=1)
        Filter: (company_id < 305)
        Rows Removed by Filter: 2180184
  ->  Hash  (cost=61283.27..61283.27 rows=2528527 width=4) (actual time=1824.351..1824.351 rows=2528312 loops=1)
        Buckets: 131072  Batches: 64  Memory Usage: 2415kB
        ->  Seq Scan on title t  (cost=0.00..61283.27 rows=2528527 width=4) (actual time=0.025..987.279 rows=2528312 loops=1)
Planning time: 0.706 ms
Execution time: 3426.959 ms
