Hash Join  (cost=296765.61..958684.35 rows=12762703 width=0) (actual time=7064.959..48733.156 rows=121576613 loops=1)
  Hash Cond: (mi.movie_id = t.id)
  ->  Seq Scan on movie_info mi  (cost=0.00..346232.03 rows=12665229 width=4) (actual time=0.004..7541.659 rows=12744652 loops=1)
        Filter: (info_type_id > 2)
        Rows Removed by Filter: 2091068
  ->  Hash  (cost=254961.77..254961.77 rows=2547987 width=8) (actual time=7062.202..7062.202 rows=2539013 loops=1)
        Buckets: 131072  Batches: 64  Memory Usage: 2671kB
        ->  Hash Join  (cost=102767.86..254961.77 rows=2547987 width=8) (actual time=2243.409..6303.786 rows=2539013 loops=1)
              Hash Cond: (mk.movie_id = t.id)
              ->  Seq Scan on movie_keyword mk  (cost=0.00..81003.12 rows=2547987 width=4) (actual time=0.012..1694.607 rows=2539013 loops=1)
                    Filter: (keyword_id < 6356)
                    Rows Removed by Filter: 1984917
              ->  Hash  (cost=61283.27..61283.27 rows=2528527 width=4) (actual time=2241.667..2241.667 rows=2528312 loops=1)
                    Buckets: 131072  Batches: 64  Memory Usage: 2425kB
                    ->  Seq Scan on title t  (cost=0.00..61283.27 rows=2528527 width=4) (actual time=0.006..1105.691 rows=2528312 loops=1)
Planning time: 1.151 ms
Execution time: 61614.972 ms
