Seq Scan on movie_companies mc  (cost=0.00..57926.93 rows=16830 width=0) (actual time=289.585..811.833 rows=31822 loops=1)
  Filter: ((company_id > 206189) AND (company_type_id = 2))
  Rows Removed by Filter: 2577307
Planning time: 0.389 ms
Execution time: 816.200 ms
