Seq Scan on movie_info mi  (cost=0.00..346232.03 rows=17937 width=0) (actual time=1066.740..5302.384 rows=4339 loops=1)
  Filter: (info_type_id = 35)
  Rows Removed by Filter: 14831381
Planning time: 1.446 ms
Execution time: 5303.150 ms
