Hash Join  (cost=98098.54..273604.04 rows=3180398 width=0) (actual time=1951.718..6445.026 rows=2869195 loops=1)
  Hash Cond: (mk.movie_id = t.id)
  ->  Seq Scan on movie_keyword mk  (cost=0.00..81003.12 rows=4326679 width=4) (actual time=0.019..1715.300 rows=4306734 loops=1)
        Filter: (keyword_id > 145)
        Rows Removed by Filter: 217196
  ->  Hash  (cost=67604.59..67604.59 rows=1858636 width=4) (actual time=1949.301..1949.301 rows=1852807 loops=1)
        Buckets: 131072  Batches: 32  Memory Usage: 3075kB
        ->  Seq Scan on title t  (cost=0.00..67604.59 rows=1858636 width=4) (actual time=0.019..1344.105 rows=1852807 loops=1)
              Filter: (production_year > 1985)
              Rows Removed by Filter: 675505
Planning time: 2.934 ms
Execution time: 6752.746 ms
