Hash Join  (cost=174179.71..305182.32 rows=738757 width=0) (actual time=8558.149..16173.867 rows=852124 loops=1)
  Hash Cond: (mk.movie_id = t.id)
  ->  Seq Scan on movie_keyword mk  (cost=0.00..69693.30 rows=4523930 width=4) (actual time=0.024..4347.032 rows=4523930 loops=1)
  ->  Hash  (cost=167405.36..167405.36 rows=412908 width=8) (actual time=8547.220..8547.220 rows=315997 loops=1)
        Buckets: 131072  Batches: 8  Memory Usage: 2570kB
        ->  Hash Join  (cost=87642.27..167405.36 rows=412908 width=8) (actual time=4630.558..8450.806 rows=315997 loops=1)
              Hash Cond: (mc.movie_id = t.id)
              ->  Seq Scan on movie_companies mc  (cost=0.00..57926.93 rows=1248820 width=4) (actual time=0.038..2908.949 rows=1296872 loops=1)
                    Filter: ((company_id > 27) AND (company_type_id = 2))
                    Rows Removed by Filter: 1312257
              ->  Hash  (cost=73925.90..73925.90 rows=836029 width=4) (actual time=4629.337..4629.337 rows=742319 loops=1)
                    Buckets: 131072  Batches: 16  Memory Usage: 2657kB
                    ->  Seq Scan on title t  (cost=0.00..73925.90 rows=836029 width=4) (actual time=0.027..3833.966 rows=742319 loops=1)
                          Filter: ((kind_id > 1) AND (production_year < 2002))
                          Rows Removed by Filter: 1785993
Planning time: 3.754 ms
Execution time: 16280.155 ms
