Hash Join  (cost=244144.40..1411632.26 rows=18001195 width=0) (actual time=6053.802..43353.629 rows=40749982 loops=1)
  Hash Cond: (ci.movie_id = t.id)
  ->  Seq Scan on cast_info ci  (cost=0.00..705507.15 rows=21357551 width=4) (actual time=0.021..14872.908 rows=21210311 loops=1)
        Filter: (person_id < 2143909)
        Rows Removed by Filter: 15034033
  ->  Hash  (cost=209179.82..209179.82 rows=2131167 width=8) (actual time=6052.565..6052.565 rows=2289918 loops=1)
        Buckets: 131072  Batches: 32  Memory Usage: 3790kB
        ->  Hash Join  (cost=101489.21..209179.82 rows=2131167 width=8) (actual time=1975.601..5372.657 rows=2289918 loops=1)
              Hash Cond: (mc.movie_id = t.id)
              ->  Seq Scan on movie_companies mc  (cost=0.00..44881.29 rows=2609129 width=4) (actual time=0.025..949.450 rows=2609129 loops=1)
              ->  Hash  (cost=67604.59..67604.59 rows=2065330 width=4) (actual time=1974.475..1974.475 rows=2064552 loops=1)
                    Buckets: 131072  Batches: 32  Memory Usage: 3289kB
                    ->  Seq Scan on title t  (cost=0.00..67604.59 rows=2065330 width=4) (actual time=0.017..1309.486 rows=2064552 loops=1)
                          Filter: (production_year < 2011)
                          Rows Removed by Filter: 463760
Planning time: 1.277 ms
Execution time: 47793.793 ms
