Seq Scan on movie_keyword mk  (cost=0.00..81003.12 rows=508281 width=0) (actual time=0.020..1399.923 rows=506969 loops=1)
  Filter: (keyword_id < 370)
  Rows Removed by Filter: 4016961
Planning time: 0.306 ms
Execution time: 1465.897 ms
