Seq Scan on movie_keyword mk  (cost=0.00..81003.12 rows=246 width=0) (actual time=12.932..1233.156 rows=606 loops=1)
  Filter: (keyword_id = 3791)
  Rows Removed by Filter: 4523324
Planning time: 1.008 ms
Execution time: 1233.540 ms
