Hash Join  (cost=80549.28..186922.55 rows=288683 width=0) (actual time=2701.117..3675.564 rows=77544 loops=1)
  Hash Cond: (mk.movie_id = t.id)
  ->  Seq Scan on movie_keyword mk  (cost=0.00..81003.12 rows=1808085 width=4) (actual time=0.026..1526.890 rows=1808917 loops=1)
        Filter: (keyword_id > 7675)
        Rows Removed by Filter: 2715013
  ->  Hash  (cost=73925.90..73925.90 rows=403710 width=4) (actual time=1335.318..1335.318 rows=434218 loops=1)
        Buckets: 131072  Batches: 8  Memory Usage: 2941kB
        ->  Seq Scan on title t  (cost=0.00..73925.90 rows=403710 width=4) (actual time=162.642..1196.920 rows=434218 loops=1)
              Filter: ((production_year > 2008) AND (kind_id = 7))
              Rows Removed by Filter: 2094094
Planning time: 0.778 ms
Execution time: 3685.382 ms
