Seq Scan on cast_info ci  (cost=0.00..705507.15 rows=4254778 width=0) (actual time=640.970..11611.736 rows=4127296 loops=1)
  Filter: (person_id < 396715)
  Rows Removed by Filter: 32117048
Planning time: 0.767 ms
Execution time: 12127.868 ms
