Hash Join  (cost=74651.01..155817.35 rows=941 width=0) (actual time=1242.042..2549.690 rows=1540 loops=1)
  Hash Cond: (mk.movie_id = t.id)
  ->  Seq Scan on movie_keyword mk  (cost=0.00..81003.12 rows=41017 width=4) (actual time=0.171..1290.423 rows=41840 loops=1)
        Filter: (keyword_id = 117)
        Rows Removed by Filter: 4482090
  ->  Hash  (cost=73925.90..73925.90 rows=58008 width=4) (actual time=1239.550..1239.550 rows=46559 loops=1)
        Buckets: 65536  Batches: 1  Memory Usage: 2149kB
        ->  Seq Scan on title t  (cost=0.00..73925.90 rows=58008 width=4) (actual time=0.014..1221.704 rows=46559 loops=1)
              Filter: ((production_year > 1999) AND (kind_id = 3))
              Rows Removed by Filter: 2481753
Planning time: 0.763 ms
Execution time: 2550.267 ms
