Hash Join  (cost=156487.41..268520.54 rows=398080 width=0) (actual time=3225.599..6046.699 rows=1681384 loops=1)
  Hash Cond: (mk.movie_id = t.id)
  ->  Seq Scan on movie_keyword mk  (cost=0.00..81003.12 rows=2183521 width=4) (actual time=0.013..1243.108 rows=2182662 loops=1)
        Filter: (keyword_id > 5193)
        Rows Removed by Filter: 2341268
  ->  Hash  (cost=148924.19..148924.19 rows=460978 width=8) (actual time=3225.024..3225.024 rows=459925 loops=1)
        Buckets: 131072  Batches: 8  Memory Usage: 3284kB
        ->  Hash Join  (cost=102767.86..148924.19 rows=460978 width=8) (actual time=2004.925..3114.967 rows=459925 loops=1)
              Hash Cond: (mi_idx.movie_id = t.id)
              ->  Seq Scan on movie_info_idx mi_idx  (cost=0.00..25185.44 rows=460978 width=4) (actual time=0.016..444.784 rows=459925 loops=1)
                    Filter: (info_type_id = 99)
                    Rows Removed by Filter: 920110
              ->  Hash  (cost=61283.27..61283.27 rows=2528527 width=4) (actual time=2003.259..2003.259 rows=2528312 loops=1)
                    Buckets: 131072  Batches: 64  Memory Usage: 2415kB
                    ->  Seq Scan on title t  (cost=0.00..61283.27 rows=2528527 width=4) (actual time=0.012..1151.084 rows=2528312 loops=1)
Planning time: 0.762 ms
Execution time: 6248.266 ms
