Hash Join  (cost=185272.54..709008.64 rows=4117117 width=0) (actual time=4058.153..18477.528 rows=3472366 loops=1)
  Hash Cond: (mi.movie_id = t.id)
  ->  Seq Scan on movie_info mi  (cost=0.00..309384.22 rows=14739122 width=4) (actual time=0.006..6229.409 rows=14835720 loops=1)
  ->  Hash  (cost=173684.79..173684.79 rows=706300 width=8) (actual time=4057.234..4057.234 rows=342279 loops=1)
        Buckets: 131072  Batches: 16  Memory Usage: 1875kB
        ->  Hash Join  (cost=92703.08..173684.79 rows=706300 width=8) (actual time=1792.127..3951.194 rows=342279 loops=1)
              Hash Cond: (mc.movie_id = t.id)
              ->  Seq Scan on movie_companies mc  (cost=0.00..51404.11 rows=1560427 width=4) (actual time=0.028..1067.860 rows=1561289 loops=1)
                    Filter: (company_id > 6087)
                    Rows Removed by Filter: 1047840
              ->  Hash  (cost=73925.90..73925.90 rows=1144494 width=4) (actual time=1790.934..1790.934 rows=1095581 loops=1)
                    Buckets: 131072  Batches: 16  Memory Usage: 3437kB
                    ->  Seq Scan on title t  (cost=0.00..73925.90 rows=1144494 width=4) (actual time=0.021..1357.523 rows=1095581 loops=1)
                          Filter: ((kind_id > 1) AND (production_year < 2007))
                          Rows Removed by Filter: 1432731
Planning time: 1.201 ms
Execution time: 18868.660 ms
