Hash Join  (cost=167322.81..652158.41 rows=471367 width=0) (actual time=3381.758..14553.818 rows=1057567 loops=1)
  Hash Cond: (mi.movie_id = t.id)
  ->  Seq Scan on movie_info mi  (cost=0.00..309384.22 rows=14739122 width=4) (actual time=0.019..5854.069 rows=14835720 loops=1)
  ->  Hash  (cost=165996.01..165996.01 rows=80864 width=8) (actual time=3380.655..3380.655 rows=84071 loops=1)
        Buckets: 131072  Batches: 2  Memory Usage: 2669kB
        ->  Hash Join  (cost=102767.86..165996.01 rows=80864 width=8) (actual time=2026.664..3348.145 rows=84071 loops=1)
              Hash Cond: (mc.movie_id = t.id)
              ->  Seq Scan on movie_companies mc  (cost=0.00..51404.11 rows=80864 width=4) (actual time=0.107..816.845 rows=84071 loops=1)
                    Filter: (company_id < 19)
                    Rows Removed by Filter: 2525058
              ->  Hash  (cost=61283.27..61283.27 rows=2528527 width=4) (actual time=2024.612..2024.612 rows=2528312 loops=1)
                    Buckets: 131072  Batches: 64  Memory Usage: 2415kB
                    ->  Seq Scan on title t  (cost=0.00..61283.27 rows=2528527 width=4) (actual time=0.016..1183.981 rows=2528312 loops=1)
Planning time: 1.160 ms
Execution time: 14675.122 ms
