Seq Scan on cast_info ci  (cost=0.00..705507.15 rows=500 width=0) (actual time=5158.546..10688.830 rows=13 loops=1)
  Filter: (person_id = 3855895)
  Rows Removed by Filter: 36244331
Planning time: 7.338 ms
Execution time: 10688.938 ms
