Seq Scan on movie_companies mc  (cost=0.00..57926.93 rows=51 width=0) (actual time=0.076..822.891 rows=663 loops=1)
  Filter: ((company_id = 10455) AND (company_type_id = 1))
  Rows Removed by Filter: 2608466
Planning time: 0.427 ms
Execution time: 823.172 ms
