Seq Scan on movie_keyword mk  (cost=0.00..81003.12 rows=322308 width=0) (actual time=0.015..1370.020 rows=318289 loops=1)
  Filter: (keyword_id > 51221)
  Rows Removed by Filter: 4205641
Planning time: 0.355 ms
Execution time: 1412.183 ms
