Hash Join  (cost=166302.10..561909.84 rows=188109 width=0) (actual time=3158.144..15963.485 rows=7913494 loops=1)
  Hash Cond: (mi.movie_id = t.id)
  ->  Seq Scan on movie_info mi  (cost=0.00..346232.03 rows=12665229 width=4) (actual time=0.015..6334.865 rows=12744652 loops=1)
        Filter: (info_type_id > 2)
        Rows Removed by Filter: 2091068
  ->  Hash  (cost=165832.66..165832.66 rows=37555 width=8) (actual time=2895.406..2895.406 rows=104629 loops=1)
        Buckets: 131072 (originally 65536)  Batches: 2 (originally 1)  Memory Usage: 3073kB
        ->  Hash Join  (cost=80042.24..165832.66 rows=37555 width=8) (actual time=1344.680..2858.089 rows=104629 loops=1)
              Hash Cond: (mk.movie_id = t.id)
              ->  Seq Scan on movie_keyword mk  (cost=0.00..81003.12 rows=125266 width=4) (actual time=0.018..1297.990 rows=121807 loops=1)
                    Filter: (keyword_id > 77689)
                    Rows Removed by Filter: 4402123
              ->  Hash  (cost=67604.59..67604.59 rows=758052 width=4) (actual time=1344.009..1344.009 rows=753677 loops=1)
                    Buckets: 131072  Batches: 16  Memory Usage: 2686kB
                    ->  Seq Scan on title t  (cost=0.00..67604.59 rows=758052 width=4) (actual time=0.026..1095.206 rows=753677 loops=1)
                          Filter: (kind_id < 3)
                          Rows Removed by Filter: 1774635
Planning time: 1.051 ms
Execution time: 16938.922 ms
