Hash Join  (cost=78556.72..141981.47 rows=53701 width=0) (actual time=1880.841..2569.194 rows=33261 loops=1)
  Hash Cond: (mc.movie_id = t.id)
  ->  Seq Scan on movie_companies mc  (cost=0.00..57926.93 rows=203413 width=4) (actual time=258.841..937.327 rows=318014 loops=1)
        Filter: ((company_id < 287) AND (company_type_id = 1))
        Rows Removed by Filter: 2291115
  ->  Hash  (cost=67604.59..67604.59 rows=667531 width=4) (actual time=1364.016..1364.016 rows=662825 loops=1)
        Buckets: 131072  Batches: 16  Memory Usage: 2476kB
        ->  Seq Scan on title t  (cost=0.00..67604.59 rows=667531 width=4) (actual time=85.589..1164.043 rows=662825 loops=1)
              Filter: (kind_id = 1)
              Rows Removed by Filter: 1865487
Planning time: 0.774 ms
Execution time: 2573.467 ms
