Hash Join  (cost=507306.93..658607.63 rows=2404766 width=0) (actual time=9965.741..16968.649 rows=15115233 loops=1)
  Hash Cond: (mk.movie_id = t.id)
  ->  Seq Scan on movie_keyword mk  (cost=0.00..69693.30 rows=4523930 width=4) (actual time=0.044..1538.356 rows=4523930 loops=1)
  ->  Hash  (cost=485254.96..485254.96 rows=1344078 width=8) (actual time=9963.647..9963.647 rows=1417538 loops=1)
        Buckets: 131072  Batches: 32  Memory Usage: 2836kB
        ->  Hash Join  (cost=85777.42..485254.96 rows=1344078 width=8) (actual time=5464.167..9533.752 rows=1417538 loops=1)
              Hash Cond: (mi.movie_id = t.id)
              ->  Seq Scan on movie_info mi  (cost=0.00..346232.03 rows=3068194 width=4) (actual time=3872.750..5853.287 rows=3036719 loops=1)
                    Filter: (info_type_id = 16)
                    Rows Removed by Filter: 11799001
              ->  Hash  (cost=67604.59..67604.59 rows=1107667 width=4) (actual time=1590.350..1590.350 rows=1107925 loops=1)
                    Buckets: 131072  Batches: 16  Memory Usage: 3466kB
                    ->  Seq Scan on title t  (cost=0.00..67604.59 rows=1107667 width=4) (actual time=0.039..1230.317 rows=1107925 loops=1)
                          Filter: (production_year > 2004)
                          Rows Removed by Filter: 1420387
Planning time: 1.151 ms
Execution time: 18667.716 ms
