Hash Join  (cost=223040.62..1447647.55 rows=18573877 width=0) (actual time=4883.009..46945.731 rows=32681953 loops=1)
  Hash Cond: (ci.movie_id = t.id)
  ->  Seq Scan on cast_info ci  (cost=0.00..614943.12 rows=36225612 width=4) (actual time=0.022..13812.269 rows=36244344 loops=1)
  ->  Hash  (cost=201770.04..201770.04 rows=1296446 width=8) (actual time=4881.738..4881.738 rows=1327562 loops=1)
        Buckets: 131072  Batches: 32  Memory Usage: 2631kB
        ->  Hash Join  (cost=102767.86..201770.04 rows=1296446 width=8) (actual time=1859.601..4483.198 rows=1327562 loops=1)
              Hash Cond: (mc.movie_id = t.id)
              ->  Seq Scan on movie_companies mc  (cost=0.00..57926.93 rows=1296446 width=4) (actual time=0.029..1133.243 rows=1327562 loops=1)
                    Filter: ((company_id > 6) AND (company_type_id > 1))
                    Rows Removed by Filter: 1281567
              ->  Hash  (cost=61283.27..61283.27 rows=2528527 width=4) (actual time=1857.554..1857.554 rows=2528312 loops=1)
                    Buckets: 131072  Batches: 64  Memory Usage: 2415kB
                    ->  Seq Scan on title t  (cost=0.00..61283.27 rows=2528527 width=4) (actual time=0.018..1023.585 rows=2528312 loops=1)
Planning time: 1.131 ms
Execution time: 50612.533 ms
