Hash Join  (cost=179657.21..1234574.13 rows=2055275 width=0) (actual time=3634.468..29710.969 rows=1522760 loops=1)
  Hash Cond: (ci.movie_id = t.id)
  ->  Seq Scan on cast_info ci  (cost=0.00..614943.12 rows=36225612 width=4) (actual time=0.022..12961.182 rows=36244344 loops=1)
  ->  Hash  (cost=177303.00..177303.00 rows=143457 width=8) (actual time=3633.655..3633.655 rows=68148 loops=1)
        Buckets: 131072  Batches: 2  Memory Usage: 2357kB
        ->  Hash Join  (cost=106685.10..177303.00 rows=143457 width=8) (actual time=2237.138..3609.506 rows=68148 loops=1)
              Hash Cond: (mc.movie_id = t.id)
              ->  Seq Scan on movie_companies mc  (cost=0.00..57926.93 rows=152279 width=4) (actual time=10.091..905.348 rows=68493 loops=1)
                    Filter: ((company_id < 160) AND (company_type_id > 1))
                    Rows Removed by Filter: 2540636
              ->  Hash  (cost=67604.59..67604.59 rows=2382041 width=4) (actual time=2226.232..2226.232 rows=2378352 loops=1)
                    Buckets: 131072  Batches: 32  Memory Usage: 3639kB
                    ->  Seq Scan on title t  (cost=0.00..67604.59 rows=2382041 width=4) (actual time=0.013..1449.964 rows=2378352 loops=1)
                          Filter: (production_year > 1917)
                          Rows Removed by Filter: 149960
Planning time: 1.064 ms
Execution time: 29909.557 ms
