Hash Join  (cost=188965.22..324387.40 rows=1101514 width=0) (actual time=3915.973..8669.294 rows=5673478 loops=1)
  Hash Cond: (mk.movie_id = t.id)
  ->  Seq Scan on movie_keyword mk  (cost=0.00..69693.30 rows=4523930 width=4) (actual time=0.030..1479.474 rows=4523930 loops=1)
  ->  Hash  (cost=178864.46..178864.46 rows=615661 width=8) (actual time=3913.983..3913.983 rows=611961 loops=1)
        Buckets: 131072  Batches: 16  Memory Usage: 2537kB
        ->  Hash Join  (cost=102767.86..178864.46 rows=615661 width=8) (actual time=1910.017..3737.625 rows=611961 loops=1)
              Hash Cond: (mc.movie_id = t.id)
              ->  Seq Scan on movie_companies mc  (cost=0.00..51404.11 rows=615661 width=4) (actual time=0.024..907.725 rows=611961 loops=1)
                    Filter: (company_id < 732)
                    Rows Removed by Filter: 1997168
              ->  Hash  (cost=61283.27..61283.27 rows=2528527 width=4) (actual time=1908.091..1908.091 rows=2528312 loops=1)
                    Buckets: 131072  Batches: 64  Memory Usage: 2415kB
                    ->  Seq Scan on title t  (cost=0.00..61283.27 rows=2528527 width=4) (actual time=0.022..1055.828 rows=2528312 loops=1)
Planning time: 1.145 ms
Execution time: 9319.077 ms
