Seq Scan on movie_companies mc  (cost=0.00..57926.93 rows=53 width=0) (actual time=504.559..864.337 rows=10 loops=1)
  Filter: ((company_type_id > 1) AND (company_id = 11154))
  Rows Removed by Filter: 2609119
Planning time: 0.286 ms
Execution time: 864.418 ms
