Hash Join  (cost=165780.19..533194.00 rows=275788 width=0) (actual time=3118.388..12003.758 rows=606320 loops=1)
  Hash Cond: (mi.movie_id = t.id)
  ->  Seq Scan on movie_info mi  (cost=0.00..309384.22 rows=14739122 width=4) (actual time=0.028..4624.992 rows=14835720 loops=1)
  ->  Hash  (cost=165188.79..165188.79 rows=47312 width=8) (actual time=3117.838..3117.838 rows=47252 loops=1)
        Buckets: 65536  Batches: 1  Memory Usage: 2358kB
        ->  Hash Join  (cost=102767.86..165188.79 rows=47312 width=8) (actual time=1852.902..3100.161 rows=47252 loops=1)
              Hash Cond: (mc.movie_id = t.id)
              ->  Seq Scan on movie_companies mc  (cost=0.00..51404.11 rows=47312 width=4) (actual time=0.108..793.723 rows=47252 loops=1)
                    Filter: (company_id = 19)
                    Rows Removed by Filter: 2561877
              ->  Hash  (cost=61283.27..61283.27 rows=2528527 width=4) (actual time=1851.630..1851.630 rows=2528312 loops=1)
                    Buckets: 131072  Batches: 64  Memory Usage: 2415kB
                    ->  Seq Scan on title t  (cost=0.00..61283.27 rows=2528527 width=4) (actual time=0.019..1029.104 rows=2528312 loops=1)
Planning time: 6.573 ms
Execution time: 12084.594 ms
