Seq Scan on movie_companies mc  (cost=0.00..51404.11 rows=104 width=0) (actual time=413.036..795.677 rows=10 loops=1)
  Filter: (company_id = 72858)
  Rows Removed by Filter: 2609119
Planning time: 0.362 ms
Execution time: 795.751 ms
