Hash Join  (cost=154654.97..538510.42 rows=77562 width=0) (actual time=2627.082..10814.676 rows=1561335 loops=1)
  Hash Cond: (mi.movie_id = t.id)
  ->  Seq Scan on movie_info mi  (cost=0.00..309384.22 rows=14739122 width=4) (actual time=0.007..4475.297 rows=14835720 loops=1)
  ->  Hash  (cost=154488.65..154488.65 rows=13306 width=8) (actual time=2626.750..2626.750 rows=33512 loops=1)
        Buckets: 65536 (originally 16384)  Batches: 1 (originally 1)  Memory Usage: 1822kB
        ->  Hash Join  (cost=67697.55..154488.65 rows=13306 width=8) (actual time=1158.825..2616.312 rows=33512 loops=1)
              Hash Cond: (mk.movie_id = t.id)
              ->  Seq Scan on movie_keyword mk  (cost=0.00..69693.30 rows=4523930 width=4) (actual time=0.025..737.590 rows=4523930 loops=1)
              ->  Hash  (cost=67604.59..67604.59 rows=7437 width=4) (actual time=1158.612..1158.612 rows=13994 loops=1)
                    Buckets: 16384 (originally 8192)  Batches: 1 (originally 1)  Memory Usage: 620kB
                    ->  Seq Scan on title t  (cost=0.00..67604.59 rows=7437 width=4) (actual time=0.043..1151.884 rows=13994 loops=1)
                          Filter: (production_year = 1976)
                          Rows Removed by Filter: 2514318
Planning time: 1.165 ms
Execution time: 11010.146 ms
