Hash Join  (cost=163239.31..662291.84 rows=1803761 width=0) (actual time=3832.569..24038.521 rows=30823280 loops=1)
  Hash Cond: (mi.movie_id = t.id)
  ->  Seq Scan on movie_info mi  (cost=0.00..309384.22 rows=14739122 width=4) (actual time=0.025..6020.496 rows=14835720 loops=1)
  ->  Hash  (cost=158162.32..158162.32 rows=309439 width=8) (actual time=3831.779..3831.779 rows=833733 loops=1)
        Buckets: 131072 (originally 131072)  Batches: 16 (originally 8)  Memory Usage: 3113kB
        ->  Hash Join  (cost=78846.40..158162.32 rows=309439 width=8) (actual time=1157.326..3565.082 rows=833733 loops=1)
              Hash Cond: (mc.movie_id = t.id)
              ->  Seq Scan on movie_companies mc  (cost=0.00..44881.29 rows=2609129 width=4) (actual time=0.023..875.992 rows=2609129 loops=1)
              ->  Hash  (cost=73925.90..73925.90 rows=299880 width=4) (actual time=1156.666..1156.666 rows=391036 loops=1)
                    Buckets: 131072 (originally 131072)  Batches: 8 (originally 4)  Memory Usage: 3073kB
                    ->  Seq Scan on title t  (cost=0.00..73925.90 rows=299880 width=4) (actual time=0.021..1046.244 rows=391036 loops=1)
                          Filter: ((production_year < 2002) AND (kind_id = 1))
                          Rows Removed by Filter: 2137276
Planning time: 1.148 ms
Execution time: 27494.888 ms
