Hash Join  (cost=93837.60..180560.12 rows=6448 width=0) (actual time=1977.075..2600.894 rows=824 loops=1)
  Hash Cond: (mk.movie_id = t.id)
  ->  Seq Scan on movie_keyword mk  (cost=0.00..69693.30 rows=4523930 width=4) (actual time=0.013..871.669 rows=4523930 loops=1)
  ->  Hash  (cost=93792.55..93792.55 rows=3604 width=8) (actual time=967.043..967.043 rows=223 loops=1)
        Buckets: 4096  Batches: 1  Memory Usage: 41kB
        ->  Nested Loop  (cost=0.43..93792.55 rows=3604 width=8) (actual time=171.635..966.889 rows=223 loops=1)
              ->  Seq Scan on movie_companies mc  (cost=0.00..51404.11 rows=5914 width=4) (actual time=0.144..823.792 rows=5677 loops=1)
                    Filter: (company_id = 73)
                    Rows Removed by Filter: 2603452
              ->  Index Scan using title_pkey on title t  (cost=0.43..7.16 rows=1 width=4) (actual time=0.024..0.024 rows=0 loops=5677)
                    Index Cond: (id = mc.movie_id)
                    Filter: (kind_id = 7)
                    Rows Removed by Filter: 1
Planning time: 1.139 ms
Execution time: 2601.154 ms
