Seq Scan on cast_info ci  (cost=0.00..705507.15 rows=27641805 width=0) (actual time=0.015..12720.799 rows=27662103 loops=1)
  Filter: (person_id < 2829769)
  Rows Removed by Filter: 8582241
Planning time: 0.340 ms
Execution time: 16061.244 ms
