Hash Join  (cost=154201.08..281663.55 rows=448143 width=0) (actual time=3376.857..8171.326 rows=4677944 loops=1)
  Hash Cond: (mk.movie_id = t.id)
  ->  Seq Scan on movie_keyword mk  (cost=0.00..69693.30 rows=4523930 width=4) (actual time=0.014..1579.273 rows=4523930 loops=1)
  ->  Hash  (cost=150091.12..150091.12 rows=250477 width=8) (actual time=3375.849..3375.849 rows=476536 loops=1)
        Buckets: 131072 (originally 131072)  Batches: 8 (originally 4)  Memory Usage: 3357kB
        ->  Hash Join  (cost=71587.82..150091.12 rows=250477 width=8) (actual time=978.171..3211.142 rows=476536 loops=1)
              Hash Cond: (mc.movie_id = t.id)
              ->  Seq Scan on movie_companies mc  (cost=0.00..44881.29 rows=2609129 width=4) (actual time=0.022..884.112 rows=2609129 loops=1)
              ->  Hash  (cost=67604.59..67604.59 rows=242739 width=4) (actual time=973.973..973.973 rows=241400 loops=1)
                    Buckets: 131072  Batches: 4  Memory Usage: 3146kB
                    ->  Seq Scan on title t  (cost=0.00..67604.59 rows=242739 width=4) (actual time=0.019..895.165 rows=241400 loops=1)
                          Filter: (production_year < 1960)
                          Rows Removed by Filter: 2286912
Planning time: 1.181 ms
Execution time: 8750.969 ms
