Hash Join  (cost=73950.44..806882.70 rows=5666 width=0) (actual time=4603.657..15492.085 rows=10525 loops=1)
  Hash Cond: (ci.movie_id = t.id)
  ->  Seq Scan on cast_info ci  (cost=0.00..705507.15 rows=7298253 width=4) (actual time=3470.944..13101.301 rows=7451973 loops=1)
        Filter: (role_id = 2)
        Rows Removed by Filter: 28792371
  ->  Hash  (cost=73925.90..73925.90 rows=1963 width=4) (actual time=1131.504..1131.504 rows=3050 loops=1)
        Buckets: 4096 (originally 2048)  Batches: 1 (originally 1)  Memory Usage: 140kB
        ->  Seq Scan on title t  (cost=0.00..73925.90 rows=1963 width=4) (actual time=582.631..1129.959 rows=3050 loops=1)
              Filter: ((kind_id = 1) AND (production_year = 1957))
              Rows Removed by Filter: 2525262
Planning time: 0.870 ms
Execution time: 15494.643 ms
