Hash Join  (cost=80166.74..208406.08 rows=526702 width=0) (actual time=1361.405..4999.264 rows=1600814 loops=1)
  Hash Cond: (mk.movie_id = t.id)
  ->  Seq Scan on movie_keyword mk  (cost=0.00..81003.12 rows=3501119 width=4) (actual time=0.026..1717.332 rows=3494761 loops=1)
        Filter: (keyword_id > 1005)
        Rows Removed by Filter: 1029169
  ->  Hash  (cost=73925.90..73925.90 rows=380387 width=4) (actual time=1360.520..1360.520 rows=484820 loops=1)
        Buckets: 131072  Batches: 8  Memory Usage: 3173kB
        ->  Seq Scan on title t  (cost=0.00..73925.90 rows=380387 width=4) (actual time=0.023..1200.534 rows=484820 loops=1)
              Filter: ((kind_id < 7) AND (production_year < 1999))
              Rows Removed by Filter: 2043492
Planning time: 0.720 ms
Execution time: 5187.071 ms
