Hash Join  (cost=359499.66..1149476.73 rows=23889043 width=0) (actual time=8976.817..71639.217 rows=211876627 loops=1)
  Hash Cond: (mi.movie_id = t.id)
  ->  Seq Scan on movie_info mi  (cost=0.00..309384.22 rows=14739122 width=4) (actual time=0.018..6741.321 rows=14835720 loops=1)
  ->  Hash  (cost=292262.98..292262.98 rows=4098215 width=8) (actual time=8961.628..8961.628 rows=4104398 loops=1)
        Buckets: 131072  Batches: 64  Memory Usage: 3628kB
        ->  Hash Join  (cost=102767.86..292262.98 rows=4098215 width=8) (actual time=2032.140..7771.913 rows=4104398 loops=1)
              Hash Cond: (mk.movie_id = t.id)
              ->  Seq Scan on movie_keyword mk  (cost=0.00..81003.12 rows=4098215 width=4) (actual time=0.047..1957.338 rows=4104398 loops=1)
                    Filter: (keyword_id < 41517)
                    Rows Removed by Filter: 419532
              ->  Hash  (cost=61283.27..61283.27 rows=2528527 width=4) (actual time=2030.322..2030.322 rows=2528312 loops=1)
                    Buckets: 131072  Batches: 64  Memory Usage: 2425kB
                    ->  Seq Scan on title t  (cost=0.00..61283.27 rows=2528527 width=4) (actual time=0.018..1147.730 rows=2528312 loops=1)
Planning time: 1.133 ms
Execution time: 95534.999 ms
