Nested Loop  (cost=0.43..709671.90 rows=500 width=0) (actual time=596.485..10064.156 rows=225 loops=1)
  ->  Seq Scan on cast_info ci  (cost=0.00..705507.15 rows=500 width=4) (actual time=596.390..10059.429 rows=225 loops=1)
        Filter: (person_id = 2493055)
        Rows Removed by Filter: 36244119
  ->  Index Only Scan using title_pkey on title t  (cost=0.43..8.32 rows=1 width=4) (actual time=0.020..0.020 rows=1 loops=225)
        Index Cond: (id = ci.movie_id)
        Heap Fetches: 225
Planning time: 0.785 ms
Execution time: 10064.291 ms
