Hash Join  (cost=485262.73..1615017.68 rows=9340478 width=0) (actual time=8291.377..45174.208 rows=23339081 loops=1)
  Hash Cond: (ci.movie_id = t.id)
  ->  Seq Scan on cast_info ci  (cost=0.00..614943.12 rows=36225612 width=4) (actual time=0.032..13276.406 rows=36244344 loops=1)
  ->  Hash  (cost=474566.23..474566.23 rows=651960 width=8) (actual time=8290.367..8290.367 rows=660923 loops=1)
        Buckets: 131072  Batches: 16  Memory Usage: 2614kB
        ->  Hash Join  (cost=102767.86..474566.23 rows=651960 width=8) (actual time=5431.294..8109.491 rows=660923 loops=1)
              Hash Cond: (mi.movie_id = t.id)
              ->  Seq Scan on movie_info mi  (cost=0.00..346232.03 rows=651960 width=4) (actual time=3404.907..5186.006 rows=660923 loops=1)
                    Filter: (info_type_id = 18)
                    Rows Removed by Filter: 14174797
              ->  Hash  (cost=61283.27..61283.27 rows=2528527 width=4) (actual time=2025.413..2025.413 rows=2528312 loops=1)
                    Buckets: 131072  Batches: 64  Memory Usage: 2425kB
                    ->  Seq Scan on title t  (cost=0.00..61283.27 rows=2528527 width=4) (actual time=0.026..1178.117 rows=2528312 loops=1)
Planning time: 1.083 ms
Execution time: 47939.291 ms
