Hash Join  (cost=107928.35..1454911.47 rows=27258146 width=0) (actual time=2169.945..42011.886 rows=27860615 loops=1)
  Hash Cond: (ci.movie_id = t.id)
  ->  Seq Scan on cast_info ci  (cost=0.00..705507.15 rows=28042302 width=4) (actual time=0.015..15785.491 rows=28191665 loops=1)
        Filter: (person_id > 787801)
        Rows Removed by Filter: 8052679
  ->  Hash  (cost=67604.59..67604.59 rows=2457821 width=4) (actual time=2168.222..2168.222 rows=2456218 loops=1)
        Buckets: 131072  Batches: 64  Memory Usage: 2375kB
        ->  Seq Scan on title t  (cost=0.00..67604.59 rows=2457821 width=4) (actual time=0.021..1354.793 rows=2456218 loops=1)
              Filter: (production_year > 0)
              Rows Removed by Filter: 72094
Planning time: 0.802 ms
Execution time: 45199.330 ms
