Seq Scan on cast_info ci  (cost=0.00..705507.15 rows=500 width=0) (actual time=2752.282..9162.929 rows=196 loops=1)
  Filter: (person_id = 2483033)
  Rows Removed by Filter: 36244148
Planning time: 0.987 ms
Execution time: 9163.039 ms
