Hash Join  (cost=101987.30..453305.41 rows=6741 width=0) (actual time=4512.608..6782.312 rows=15311 loops=1)
  Hash Cond: (mi.movie_id = t.id)
  ->  Seq Scan on movie_info mi  (cost=0.00..346232.03 rows=1338312 width=4) (actual time=2912.115..5075.630 rows=1401902 loops=1)
        Filter: (info_type_id = 7)
        Rows Removed by Filter: 13433818
  ->  Hash  (cost=101828.10..101828.10 rows=12736 width=8) (actual time=1407.432..1407.432 rows=26626 loops=1)
        Buckets: 32768 (originally 16384)  Batches: 1 (originally 1)  Memory Usage: 1297kB
        ->  Hash Join  (cost=74812.34..101828.10 rows=12736 width=8) (actual time=724.846..1396.145 rows=26626 loops=1)
              Hash Cond: (mi_idx.movie_id = t.id)
              ->  Seq Scan on movie_info_idx mi_idx  (cost=0.00..25185.44 rows=454124 width=4) (actual time=0.027..529.105 rows=459925 loops=1)
                    Filter: (info_type_id = 100)
                    Rows Removed by Filter: 920110
              ->  Hash  (cost=73925.90..73925.90 rows=70915 width=4) (actual time=724.275..724.275 rows=63769 loops=1)
                    Buckets: 131072  Batches: 1  Memory Usage: 3266kB
                    ->  Seq Scan on title t  (cost=0.00..73925.90 rows=70915 width=4) (actual time=229.917..700.276 rows=63769 loops=1)
                          Filter: ((production_year > 1990) AND (kind_id = 3))
                          Rows Removed by Filter: 2464543
Planning time: 1.211 ms
Execution time: 6784.911 ms
