Hash Join  (cost=75533.21..114143.25 rows=53456 width=0) (actual time=1328.635..2109.726 rows=24084 loops=1)
  Hash Cond: (mi_idx.movie_id = t.id)
  ->  Seq Scan on movie_info_idx mi_idx  (cost=0.00..21735.35 rows=1380035 width=4) (actual time=0.014..407.808 rows=1380035 loops=1)
  ->  Hash  (cost=73925.90..73925.90 rows=97944 width=4) (actual time=1216.329..1216.329 rows=106247 loops=1)
        Buckets: 131072  Batches: 2  Memory Usage: 2890kB
        ->  Seq Scan on title t  (cost=0.00..73925.90 rows=97944 width=4) (actual time=0.035..1179.814 rows=106247 loops=1)
              Filter: ((kind_id = 7) AND (production_year = 2011))
              Rows Removed by Filter: 2422065
Planning time: 0.942 ms
Execution time: 2113.411 ms
