Hash Join  (cost=74228.29..161319.14 rows=43281 width=0) (actual time=1330.083..2880.845 rows=9520 loops=1)
  Hash Cond: (mk.movie_id = t.id)
  ->  Seq Scan on movie_keyword mk  (cost=0.00..69693.30 rows=4523930 width=4) (actual time=0.021..971.435 rows=4523930 loops=1)
  ->  Hash  (cost=73925.90..73925.90 rows=24191 width=4) (actual time=1065.301..1065.301 rows=24602 loops=1)
        Buckets: 32768  Batches: 1  Memory Usage: 1121kB
        ->  Seq Scan on title t  (cost=0.00..73925.90 rows=24191 width=4) (actual time=0.016..1054.517 rows=24602 loops=1)
              Filter: ((kind_id = 7) AND (production_year = 1995))
              Rows Removed by Filter: 2503710
Planning time: 0.740 ms
Execution time: 2882.267 ms
