Nested Loop  (cost=0.43..709671.90 rows=500 width=0) (actual time=2160.388..10746.103 rows=56 loops=1)
  ->  Seq Scan on cast_info ci  (cost=0.00..705507.15 rows=500 width=4) (actual time=2160.211..10745.231 rows=56 loops=1)
        Filter: (person_id = 242511)
        Rows Removed by Filter: 36244288
  ->  Index Only Scan using title_pkey on title t  (cost=0.43..8.32 rows=1 width=4) (actual time=0.013..0.013 rows=1 loops=56)
        Index Cond: (id = ci.movie_id)
        Heap Fetches: 56
Planning time: 0.782 ms
Execution time: 10746.193 ms
