Hash Join  (cost=82955.87..193103.09 rows=427659 width=0) (actual time=1249.350..3834.558 rows=724211 loops=1)
  Hash Cond: (mk.movie_id = t.id)
  ->  Seq Scan on movie_keyword mk  (cost=0.00..81003.12 rows=1964669 width=4) (actual time=0.020..1520.837 rows=1973942 loops=1)
        Filter: (keyword_id > 6425)
        Rows Removed by Filter: 2549988
  ->  Hash  (cost=73925.90..73925.90 rows=550397 width=4) (actual time=1247.087..1247.087 rows=425625 loops=1)
        Buckets: 131072  Batches: 8  Memory Usage: 2911kB
        ->  Seq Scan on title t  (cost=0.00..73925.90 rows=550397 width=4) (actual time=0.020..1106.932 rows=425625 loops=1)
              Filter: ((kind_id < 3) AND (production_year > 1986))
              Rows Removed by Filter: 2102687
Planning time: 0.733 ms
Execution time: 3919.054 ms
