Seq Scan on cast_info ci  (cost=0.00..796071.18 rows=581500 width=0) (actual time=1996.551..11634.545 rows=1135840 loops=1)
  Filter: ((person_id < 157699) AND (role_id = 1))
  Rows Removed by Filter: 35108504
Planning time: 1.247 ms
Execution time: 11774.246 ms
