Hash Join  (cost=468443.31..1503772.95 rows=4015041 width=0) (actual time=16103.675..35468.613 rows=3871351 loops=1)
  Hash Cond: (ci.movie_id = t.id)
  ->  Seq Scan on cast_info ci  (cost=0.00..796071.18 rows=17018408 width=4) (actual time=7511.756..17586.625 rows=16250548 loops=1)
        Filter: ((person_id > 516904) AND (role_id < 3))
        Rows Removed by Filter: 19993796
  ->  Hash  (cost=458655.57..458655.57 rows=596539 width=8) (actual time=8590.949..8590.949 rows=519573 loops=1)
        Buckets: 131072  Batches: 8  Memory Usage: 3558kB
        ->  Hash Join  (cost=87180.69..458655.57 rows=596539 width=8) (actual time=3330.385..8445.511 rows=519573 loops=1)
              Hash Cond: (mi.movie_id = t.id)
              ->  Seq Scan on movie_info mi  (cost=0.00..346232.03 rows=1264125 width=4) (actual time=1633.942..5757.461 rows=1288928 loops=1)
                    Filter: (info_type_id = 2)
                    Rows Removed by Filter: 13546792
              ->  Hash  (cost=67604.59..67604.59 rows=1193208 width=4) (actual time=1695.524..1695.524 rows=1192518 loops=1)
                    Buckets: 131072  Batches: 16  Memory Usage: 3653kB
                    ->  Seq Scan on title t  (cost=0.00..67604.59 rows=1193208 width=4) (actual time=0.023..1302.314 rows=1192518 loops=1)
                          Filter: (production_year > 2003)
                          Rows Removed by Filter: 1335794
Planning time: 1.202 ms
Execution time: 35966.263 ms
