Hash Join  (cost=531545.20..1459606.05 rows=2430704 width=0) (actual time=10814.572..31073.385 rows=1904858 loops=1)
  Hash Cond: (ci.movie_id = t.id)
  ->  Seq Scan on cast_info ci  (cost=0.00..796071.18 rows=7427462 width=4) (actual time=0.025..14907.198 rows=11452344 loops=1)
        Filter: ((person_id > 2553278) AND (role_id > 1))
        Rows Removed by Filter: 24792000
  ->  Hash  (cost=517968.66..517968.66 rows=827483 width=8) (actual time=10813.571..10813.571 rows=244235 loops=1)
        Buckets: 131072  Batches: 16  Memory Usage: 1622kB
        ->  Hash Join  (cost=78670.55..517968.66 rows=827483 width=8) (actual time=1454.893..10726.982 rows=244235 loops=1)
              Hash Cond: (mi.movie_id = t.id)
              ->  Seq Scan on movie_info mi  (cost=0.00..346232.03 rows=7235534 width=4) (actual time=64.622..6088.487 rows=7286865 loops=1)
                    Filter: (info_type_id < 8)
                    Rows Removed by Filter: 7548855
              ->  Hash  (cost=73925.90..73925.90 rows=289172 width=4) (actual time=1388.473..1388.473 rows=292674 loops=1)
                    Buckets: 131072  Batches: 4  Memory Usage: 3623kB
                    ->  Seq Scan on title t  (cost=0.00..73925.90 rows=289172 width=4) (actual time=0.032..1284.567 rows=292674 loops=1)
                          Filter: ((kind_id > 1) AND (production_year > 2010))
                          Rows Removed by Filter: 2235638
Planning time: 1.134 ms
Execution time: 31285.309 ms
