Hash Join  (cost=667020.58..2384294.25 rows=48900840 width=0) (actual time=19938.484..110475.061 rows=235927333 loops=1)
  Hash Cond: (ci.movie_id = t.id)
  ->  Seq Scan on cast_info ci  (cost=0.00..614943.12 rows=36225612 width=4) (actual time=0.014..14151.860 rows=36244344 loops=1)
  ->  Hash  (cost=611020.94..611020.94 rows=3413251 width=8) (actual time=19933.617..19933.617 rows=7003604 loops=1)
        Buckets: 131072 (originally 131072)  Batches: 128 (originally 64)  Memory Usage: 3157kB
        ->  Hash Join  (cost=78556.72..611020.94 rows=3413251 width=8) (actual time=1143.061..17397.240 rows=7003604 loops=1)
              Hash Cond: (mi.movie_id = t.id)
              ->  Seq Scan on movie_info mi  (cost=0.00..346232.03 rows=12928982 width=4) (actual time=0.023..7263.109 rows=12970088 loops=1)
                    Filter: (info_type_id < 18)
                    Rows Removed by Filter: 1865632
              ->  Hash  (cost=67604.59..67604.59 rows=667531 width=4) (actual time=1064.385..1064.385 rows=662825 loops=1)
                    Buckets: 131072  Batches: 16  Memory Usage: 2485kB
                    ->  Seq Scan on title t  (cost=0.00..67604.59 rows=667531 width=4) (actual time=52.245..852.514 rows=662825 loops=1)
                          Filter: (kind_id = 1)
                          Rows Removed by Filter: 1865487
Planning time: 3.735 ms
Execution time: 135558.783 ms
