Hash Join  (cost=166151.49..193375.49 rows=31352 width=0) (actual time=3759.053..4014.796 rows=81561 loops=1)
  Hash Cond: (mi_idx.movie_id = t.id)
  ->  Seq Scan on movie_info_idx mi_idx  (cost=0.00..21735.35 rows=1380035 width=4) (actual time=0.011..312.633 rows=1380035 loops=1)
  ->  Hash  (cost=165433.44..165433.44 rows=57444 width=8) (actual time=3312.305..3312.305 rows=56362 loops=1)
        Buckets: 65536  Batches: 1  Memory Usage: 2714kB
        ->  Hash Join  (cost=102767.86..165433.44 rows=57444 width=8) (actual time=2583.065..3291.092 rows=56362 loops=1)
              Hash Cond: (mc.movie_id = t.id)
              ->  Seq Scan on movie_companies mc  (cost=0.00..51404.11 rows=57444 width=4) (actual time=600.415..842.342 rows=56362 loops=1)
                    Filter: (company_id > 186526)
                    Rows Removed by Filter: 2552767
              ->  Hash  (cost=61283.27..61283.27 rows=2528527 width=4) (actual time=1980.638..1980.638 rows=2528312 loops=1)
                    Buckets: 131072  Batches: 64  Memory Usage: 2415kB
                    ->  Seq Scan on title t  (cost=0.00..61283.27 rows=2528527 width=4) (actual time=0.031..1114.926 rows=2528312 loops=1)
Planning time: 6.130 ms
Execution time: 4025.514 ms
