Hash Join  (cost=178651.62..1115632.15 rows=2527003 width=0) (actual time=3912.999..27935.203 rows=5329389 loops=1)
  Hash Cond: (ci.movie_id = t.id)
  ->  Seq Scan on cast_info ci  (cost=0.00..705507.15 rows=17711828 width=4) (actual time=0.016..14230.846 rows=17827544 loops=1)
        Filter: (person_id > 1830972)
        Rows Removed by Filter: 18416800
  ->  Hash  (cost=172732.21..172732.21 rows=360753 width=8) (actual time=3912.157..3912.157 rows=358065 loops=1)
        Buckets: 131072  Batches: 8  Memory Usage: 2780kB
        ->  Hash Join  (cost=102767.86..172732.21 rows=360753 width=8) (actual time=2299.638..3814.897 rows=358065 loops=1)
              Hash Cond: (mc.movie_id = t.id)
              ->  Seq Scan on movie_companies mc  (cost=0.00..51404.11 rows=360753 width=4) (actual time=0.034..858.009 rows=358065 loops=1)
                    Filter: (company_id < 181)
                    Rows Removed by Filter: 2251064
              ->  Hash  (cost=61283.27..61283.27 rows=2528527 width=4) (actual time=2298.298..2298.298 rows=2528312 loops=1)
                    Buckets: 131072  Batches: 64  Memory Usage: 2415kB
                    ->  Seq Scan on title t  (cost=0.00..61283.27 rows=2528527 width=4) (actual time=0.028..1036.668 rows=2528312 loops=1)
Planning time: 5.661 ms
Execution time: 28569.579 ms
