Hash Join  (cost=102767.86..489295.91 rows=1264125 width=0) (actual time=3815.365..9302.538 rows=1288928 loops=1)
  Hash Cond: (mi.movie_id = t.id)
  ->  Seq Scan on movie_info mi  (cost=0.00..346232.03 rows=1264125 width=4) (actual time=1358.172..5322.537 rows=1288928 loops=1)
        Filter: (info_type_id = 2)
        Rows Removed by Filter: 13546792
  ->  Hash  (cost=61283.27..61283.27 rows=2528527 width=4) (actual time=2455.816..2455.816 rows=2528312 loops=1)
        Buckets: 131072  Batches: 64  Memory Usage: 2425kB
        ->  Seq Scan on title t  (cost=0.00..61283.27 rows=2528527 width=4) (actual time=0.020..1223.784 rows=2528312 loops=1)
Planning time: 0.768 ms
Execution time: 9464.380 ms
