Hash Join  (cost=253980.18..1660110.57 rows=31836421 width=0) (actual time=5981.801..57382.898 rows=70370424 loops=1)
  Hash Cond: (ci.movie_id = t.id)
  ->  Seq Scan on cast_info ci  (cost=0.00..614943.12 rows=36225612 width=4) (actual time=0.021..13715.662 rows=36244344 loops=1)
  ->  Hash  (cost=217522.14..217522.14 rows=2222164 width=8) (actual time=5980.441..5980.441 rows=2216654 loops=1)
        Buckets: 131072  Batches: 32  Memory Usage: 3688kB
        ->  Hash Join  (cost=102767.86..217522.14 rows=2222164 width=8) (actual time=1929.263..5407.465 rows=2216654 loops=1)
              Hash Cond: (mc.movie_id = t.id)
              ->  Seq Scan on movie_companies mc  (cost=0.00..51404.11 rows=2222164 width=4) (actual time=0.014..1124.305 rows=2216654 loops=1)
                    Filter: (company_id < 83089)
                    Rows Removed by Filter: 392475
              ->  Hash  (cost=61283.27..61283.27 rows=2528527 width=4) (actual time=1927.902..1927.902 rows=2528312 loops=1)
                    Buckets: 131072  Batches: 64  Memory Usage: 2415kB
                    ->  Seq Scan on title t  (cost=0.00..61283.27 rows=2528527 width=4) (actual time=0.021..1081.515 rows=2528312 loops=1)
Planning time: 1.090 ms
Execution time: 64593.566 ms
