Seq Scan on cast_info ci  (cost=0.00..705507.15 rows=500 width=0) (actual time=1508.232..11603.983 rows=16 loops=1)
  Filter: (person_id = 2739632)
  Rows Removed by Filter: 36244328
Planning time: 0.357 ms
Execution time: 11604.063 ms
