Hash Join  (cost=130352.35..998974.80 rows=1481756 width=0) (actual time=2776.311..23873.125 rows=4128891 loops=1)
  Hash Cond: (ci.movie_id = t.id)
  ->  Seq Scan on cast_info ci  (cost=0.00..705507.15 rows=12726058 width=4) (actual time=0.013..14234.047 rows=12670688 loops=1)
        Filter: (role_id = 1)
        Rows Removed by Filter: 23573656
  ->  Hash  (cost=125521.24..125521.24 rows=294409 width=8) (actual time=2775.471..2775.471 rows=436973 loops=1)
        Buckets: 131072 (originally 131072)  Batches: 8 (originally 4)  Memory Usage: 3163kB
        ->  Hash Join  (cost=82776.67..125521.24 rows=294409 width=8) (actual time=1359.951..2636.984 rows=436973 loops=1)
              Hash Cond: (mi_idx.movie_id = t.id)
              ->  Seq Scan on movie_info_idx mi_idx  (cost=0.00..21735.35 rows=1380035 width=4) (actual time=0.019..443.081 rows=1380035 loops=1)
              ->  Hash  (cost=73925.90..73925.90 rows=539421 width=4) (actual time=1359.185..1359.185 rows=459810 loops=1)
                    Buckets: 131072  Batches: 8  Memory Usage: 3041kB
                    ->  Seq Scan on title t  (cost=0.00..73925.90 rows=539421 width=4) (actual time=0.007..1219.496 rows=459810 loops=1)
                          Filter: ((kind_id < 7) AND (production_year > 2000))
                          Rows Removed by Filter: 2068502
Planning time: 1.297 ms
Execution time: 24350.746 ms
