Seq Scan on movie_keyword mk  (cost=0.00..81003.12 rows=526979 width=0) (actual time=0.020..1219.967 rows=516821 loops=1)
  Filter: (keyword_id > 35046)
  Rows Removed by Filter: 4007109
Planning time: 3.578 ms
Execution time: 1278.612 ms
