Hash Join  (cost=207670.86..349655.06 rows=1640116 width=0) (actual time=4243.885..12790.720 rows=19648373 loops=1)
  Hash Cond: (mk.movie_id = t.id)
  ->  Seq Scan on movie_keyword mk  (cost=0.00..69693.30 rows=4523930 width=4) (actual time=0.023..1513.001 rows=4523930 loops=1)
  ->  Hash  (cost=192631.14..192631.14 rows=916698 width=8) (actual time=4242.961..4242.961 rows=754553 loops=1)
        Buckets: 131072  Batches: 16  Memory Usage: 2911kB
        ->  Hash Join  (cost=102767.86..192631.14 rows=916698 width=8) (actual time=2384.429..4011.390 rows=754553 loops=1)
              Hash Cond: (mc.movie_id = t.id)
              ->  Seq Scan on movie_companies mc  (cost=0.00..57926.93 rows=916698 width=4) (actual time=464.878..1054.382 rows=754553 loops=1)
                    Filter: ((company_id > 1434) AND (company_type_id < 2))
                    Rows Removed by Filter: 1854576
              ->  Hash  (cost=61283.27..61283.27 rows=2528527 width=4) (actual time=1917.769..1917.769 rows=2528312 loops=1)
                    Buckets: 131072  Batches: 64  Memory Usage: 2415kB
                    ->  Seq Scan on title t  (cost=0.00..61283.27 rows=2528527 width=4) (actual time=0.019..1073.840 rows=2528312 loops=1)
Planning time: 1.119 ms
Execution time: 15002.596 ms
