Seq Scan on movie_companies mc  (cost=0.00..51404.11 rows=2049210 width=0) (actual time=0.025..1016.103 rows=2043666 loops=1)
  Filter: (company_id < 71525)
  Rows Removed by Filter: 565463
Planning time: 0.348 ms
Execution time: 1277.368 ms
