Hash Join  (cost=709673.40..1074330.50 rows=117 width=0) (actual time=11010.650..17295.405 rows=2 loops=1)
  Hash Cond: (mi.movie_id = t.id)
  ->  Seq Scan on movie_info mi  (cost=0.00..309384.22 rows=14739122 width=4) (actual time=0.017..4256.024 rows=14835720 loops=1)
  ->  Hash  (cost=709673.15..709673.15 rows=20 width=8) (actual time=10470.704..10470.704 rows=1 loops=1)
        Buckets: 1024  Batches: 1  Memory Usage: 9kB
        ->  Nested Loop  (cost=0.43..709673.15 rows=20 width=8) (actual time=792.260..10470.696 rows=1 loops=1)
              ->  Seq Scan on cast_info ci  (cost=0.00..705507.15 rows=500 width=4) (actual time=790.963..10469.033 rows=84 loops=1)
                    Filter: (person_id = 1761016)
                    Rows Removed by Filter: 36244260
              ->  Index Scan using title_pkey on title t  (cost=0.43..8.32 rows=1 width=4) (actual time=0.019..0.019 rows=0 loops=84)
                    Index Cond: (id = ci.movie_id)
                    Filter: (kind_id = 3)
                    Rows Removed by Filter: 1
Planning time: 1.140 ms
Execution time: 17295.535 ms
