Seq Scan on cast_info ci  (cost=0.00..705507.15 rows=9545978 width=0) (actual time=0.025..12308.525 rows=9519395 loops=1)
  Filter: (person_id > 2753867)
  Rows Removed by Filter: 26724949
Planning time: 0.346 ms
Execution time: 13478.150 ms
