Hash Join  (cost=457932.11..1531403.06 rows=3861473 width=0) (actual time=7800.480..36271.323 rows=1725941 loops=1)
  Hash Cond: (ci.movie_id = t.id)
  ->  Seq Scan on cast_info ci  (cost=0.00..614943.12 rows=36225612 width=4) (actual time=0.023..13403.087 rows=36244344 loops=1)
  ->  Hash  (cost=453509.99..453509.99 rows=269529 width=8) (actual time=7799.622..7799.622 rows=63058 loops=1)
        Buckets: 131072  Batches: 4  Memory Usage: 1646kB
        ->  Hash Join  (cost=79317.58..453509.99 rows=269529 width=8) (actual time=3216.531..7777.152 rows=63058 loops=1)
              Hash Cond: (mi.movie_id = t.id)
              ->  Seq Scan on movie_info mi  (cost=0.00..346232.03 rows=2073893 width=4) (actual time=1892.844..5445.323 rows=2091068 loops=1)
                    Filter: (info_type_id < 3)
                    Rows Removed by Filter: 12744652
              ->  Hash  (cost=73925.90..73925.90 rows=328614 width=4) (actual time=1322.620..1322.620 rows=350917 loops=1)
                    Buckets: 131072  Batches: 8  Memory Usage: 2578kB
                    ->  Seq Scan on title t  (cost=0.00..73925.90 rows=328614 width=4) (actual time=0.037..1205.636 rows=350917 loops=1)
                          Filter: ((kind_id > 4) AND (production_year > 2009))
                          Rows Removed by Filter: 2177395
Planning time: 1.179 ms
Execution time: 36482.254 ms
