Hash Join  (cost=263115.61..1728878.59 rows=31744552 width=0) (actual time=6366.124..56259.679 rows=64553345 loops=1)
  Hash Cond: (ci.movie_id = t.id)
  ->  Seq Scan on cast_info ci  (cost=0.00..705507.15 rows=30763890 width=4) (actual time=0.017..16080.862 rows=30713358 loops=1)
        Filter: (person_id < 3100090)
        Rows Removed by Filter: 5530986
  ->  Hash  (cost=220309.49..220309.49 rows=2609129 width=8) (actual time=6364.752..6364.752 rows=2609129 loops=1)
        Buckets: 131072  Batches: 64  Memory Usage: 2610kB
        ->  Hash Join  (cost=102767.86..220309.49 rows=2609129 width=8) (actual time=2311.633..5657.191 rows=2609129 loops=1)
              Hash Cond: (mc.movie_id = t.id)
              ->  Seq Scan on movie_companies mc  (cost=0.00..44881.29 rows=2609129 width=4) (actual time=0.020..888.521 rows=2609129 loops=1)
              ->  Hash  (cost=61283.27..61283.27 rows=2528527 width=4) (actual time=2310.283..2310.283 rows=2528312 loops=1)
                    Buckets: 131072  Batches: 64  Memory Usage: 2415kB
                    ->  Seq Scan on title t  (cost=0.00..61283.27 rows=2528527 width=4) (actual time=0.021..1164.945 rows=2528312 loops=1)
Planning time: 1.246 ms
Execution time: 63327.551 ms
