Seq Scan on movie_companies mc  (cost=0.00..51404.11 rows=104 width=0) (actual time=2.457..867.622 rows=1091 loops=1)
  Filter: (company_id = 382)
  Rows Removed by Filter: 2608038
Planning time: 0.379 ms
Execution time: 867.963 ms
