Nested Loop  (cost=0.43..83072.90 rows=29 width=0) (actual time=1171.579..1414.422 rows=7 loops=1)
  ->  Seq Scan on movie_keyword mk  (cost=0.00..81003.12 rows=246 width=4) (actual time=1.290..1344.241 rows=652 loops=1)
        Filter: (keyword_id = 803)
        Rows Removed by Filter: 4523278
  ->  Index Scan using title_pkey on title t  (cost=0.43..8.40 rows=1 width=4) (actual time=0.106..0.106 rows=0 loops=652)
        Index Cond: (id = mk.movie_id)
        Filter: ((production_year < 1978) AND (kind_id = 7))
        Rows Removed by Filter: 1
Planning time: 0.820 ms
Execution time: 1414.546 ms
