Seq Scan on movie_keyword mk  (cost=0.00..81003.12 rows=3140955 width=0) (actual time=0.028..1528.808 rows=3125182 loops=1)
  Filter: (keyword_id < 11976)
  Rows Removed by Filter: 1398748
Planning time: 13.524 ms
Execution time: 1930.311 ms
