Hash Join  (cost=224239.88..759037.62 rows=5153779 width=0) (actual time=5941.049..55302.657 rows=155757856 loops=1)
  Hash Cond: (mi.movie_id = t.id)
  ->  Seq Scan on movie_info mi  (cost=0.00..309384.22 rows=14739122 width=4) (actual time=0.015..6097.012 rows=14835720 loops=1)
  ->  Hash  (cost=209734.10..209734.10 rows=884142 width=8) (actual time=5913.760..5913.760 rows=2156907 loops=1)
        Buckets: 131072 (originally 131072)  Batches: 32 (originally 16)  Memory Usage: 3728kB
        ->  Hash Join  (cost=78556.72..209734.10 rows=884142 width=8) (actual time=1315.354..5185.438 rows=2156907 loops=1)
              Hash Cond: (mk.movie_id = t.id)
              ->  Seq Scan on movie_keyword mk  (cost=0.00..81003.12 rows=3349022 width=4) (actual time=0.024..1697.606 rows=3336703 loops=1)
                    Filter: (keyword_id < 15634)
                    Rows Removed by Filter: 1187227
              ->  Hash  (cost=67604.59..67604.59 rows=667531 width=4) (actual time=1313.699..1313.699 rows=662825 loops=1)
                    Buckets: 131072  Batches: 16  Memory Usage: 2486kB
                    ->  Seq Scan on title t  (cost=0.00..67604.59 rows=667531 width=4) (actual time=36.114..1113.038 rows=662825 loops=1)
                          Filter: (kind_id = 1)
                          Rows Removed by Filter: 1865487
Planning time: 1.185 ms
Execution time: 73145.672 ms
