Hash Join  (cost=230121.00..806213.21 rows=8030936 width=0) (actual time=5273.924..20547.865 rows=8262358 loops=1)
  Hash Cond: (mi.movie_id = t.id)
  ->  Seq Scan on movie_info mi  (cost=0.00..346232.03 rows=11115165 width=4) (actual time=0.020..7401.253 rows=11210743 loops=1)
        Filter: (info_type_id > 3)
        Rows Removed by Filter: 3624977
  ->  Hash  (cost=200147.59..200147.59 rows=1826913 width=8) (actual time=5272.767..5272.767 rows=1107182 loops=1)
        Buckets: 131072  Batches: 32  Memory Usage: 2352kB
        ->  Hash Join  (cost=96651.52..200147.59 rows=1826913 width=8) (actual time=1821.966..4932.921 rows=1107182 loops=1)
              Hash Cond: (mc.movie_id = t.id)
              ->  Seq Scan on movie_companies mc  (cost=0.00..44881.29 rows=2609129 width=4) (actual time=0.020..1055.567 rows=2609129 loops=1)
              ->  Hash  (cost=67604.59..67604.59 rows=1770475 width=4) (actual time=1820.541..1820.541 rows=1774635 loops=1)
                    Buckets: 131072  Batches: 32  Memory Usage: 2978kB
                    ->  Seq Scan on title t  (cost=0.00..67604.59 rows=1770475 width=4) (actual time=0.016..1254.116 rows=1774635 loops=1)
                          Filter: (kind_id > 2)
                          Rows Removed by Filter: 753677
Planning time: 1.213 ms
Execution time: 21516.202 ms
