Hash Join  (cost=129580.41..257736.17 rows=505072 width=0) (actual time=3678.452..5926.651 rows=351222 loops=1)
  Hash Cond: (mk.movie_id = t.id)
  ->  Seq Scan on movie_keyword mk  (cost=0.00..69693.30 rows=4523930 width=4) (actual time=0.020..1386.521 rows=4523930 loops=1)
  ->  Hash  (cost=124948.71..124948.71 rows=282296 width=8) (actual time=2613.940..2613.940 rows=149322 loops=1)
        Buckets: 131072  Batches: 4  Memory Usage: 2500kB
        ->  Hash Join  (cost=82412.27..124948.71 rows=282296 width=8) (actual time=1942.873..2569.299 rows=149322 loops=1)
              Hash Cond: (mi_idx.movie_id = t.id)
              ->  Seq Scan on movie_info_idx mi_idx  (cost=0.00..21735.35 rows=1380035 width=4) (actual time=0.046..463.083 rows=1380035 loops=1)
              ->  Hash  (cost=73925.90..73925.90 rows=517229 width=4) (actual time=1428.691..1428.691 rows=403947 loops=1)
                    Buckets: 131072  Batches: 8  Memory Usage: 2784kB
                    ->  Seq Scan on title t  (cost=0.00..73925.90 rows=517229 width=4) (actual time=0.017..1291.034 rows=403947 loops=1)
                          Filter: ((production_year < 1996) AND (kind_id = 7))
                          Rows Removed by Filter: 2124365
Planning time: 1.146 ms
Execution time: 5970.519 ms
