Seq Scan on movie_companies mc  (cost=0.00..57926.93 rows=766908 width=0) (actual time=149.048..1057.873 rows=1055255 loops=1)
  Filter: ((company_id < 14847) AND (company_type_id = 1))
  Rows Removed by Filter: 1553874
Planning time: 0.278 ms
Execution time: 1188.508 ms
