Hash Join  (cost=98137.04..918467.55 rows=619844 width=0) (actual time=9509.470..15079.479 rows=437264 loops=1)
  Hash Cond: (ci.movie_id = t.id)
  ->  Seq Scan on cast_info ci  (cost=0.00..796071.18 rows=842179 width=4) (actual time=7541.055..12120.549 rows=579716 loops=1)
        Filter: ((person_id < 730537) AND (role_id = 3))
        Rows Removed by Filter: 35664628
  ->  Hash  (cost=67604.59..67604.59 rows=1860996 width=4) (actual time=1967.372..1967.372 rows=1865487 loops=1)
        Buckets: 131072  Batches: 32  Memory Usage: 3079kB
        ->  Seq Scan on title t  (cost=0.00..67604.59 rows=1860996 width=4) (actual time=0.032..1354.578 rows=1865487 loops=1)
              Filter: (kind_id > 1)
              Rows Removed by Filter: 662825
Planning time: 0.722 ms
Execution time: 15134.020 ms
