Hash Join  (cost=300611.90..1328430.83 rows=13302492 width=0) (actual time=7023.039..40572.200 rows=45348049 loops=1)
  Hash Cond: (ci.movie_id = t.id)
  ->  Seq Scan on cast_info ci  (cost=0.00..705507.15 rows=12726058 width=4) (actual time=0.022..15247.932 rows=12670688 loops=1)
        Filter: (role_id = 1)
        Rows Removed by Filter: 23573656
  ->  Hash  (cost=257248.68..257248.68 rows=2643058 width=8) (actual time=7020.505..7020.505 rows=2635119 loops=1)
        Buckets: 131072  Batches: 64  Memory Usage: 2649kB
        ->  Hash Join  (cost=102767.86..257248.68 rows=2643058 width=8) (actual time=2125.195..6252.424 rows=2635119 loops=1)
              Hash Cond: (mk.movie_id = t.id)
              ->  Seq Scan on movie_keyword mk  (cost=0.00..81003.12 rows=2643058 width=4) (actual time=0.013..1724.096 rows=2635119 loops=1)
                    Filter: (keyword_id < 7238)
                    Rows Removed by Filter: 1888811
              ->  Hash  (cost=61283.27..61283.27 rows=2528527 width=4) (actual time=2124.409..2124.409 rows=2528312 loops=1)
                    Buckets: 131072  Batches: 64  Memory Usage: 2425kB
                    ->  Seq Scan on title t  (cost=0.00..61283.27 rows=2528527 width=4) (actual time=0.013..1240.433 rows=2528312 loops=1)
Planning time: 1.112 ms
Execution time: 45765.980 ms
