Hash Join  (cost=74173.24..161185.30 rows=35402 width=0) (actual time=1055.649..2946.791 rows=87835 loops=1)
  Hash Cond: (mk.movie_id = t.id)
  ->  Seq Scan on movie_keyword mk  (cost=0.00..69693.30 rows=4523930 width=4) (actual time=0.012..1021.846 rows=4523930 loops=1)
  ->  Hash  (cost=73925.90..73925.90 rows=19787 width=4) (actual time=1055.195..1055.195 rows=15791 loops=1)
        Buckets: 32768  Batches: 1  Memory Usage: 812kB
        ->  Seq Scan on title t  (cost=0.00..73925.90 rows=19787 width=4) (actual time=0.326..1048.131 rows=15791 loops=1)
              Filter: ((kind_id < 7) AND (production_year = 1999))
              Rows Removed by Filter: 2512521
Planning time: 0.757 ms
Execution time: 2958.848 ms
