Hash Join  (cost=129792.28..924844.51 rows=316066 width=0) (actual time=2517.939..22218.769 rows=1454628 loops=1)
  Hash Cond: (ci.movie_id = t.id)
  ->  Seq Scan on cast_info ci  (cost=0.00..705507.15 rows=23035844 width=4) (actual time=0.028..13011.712 rows=22933879 loops=1)
        Filter: (person_id < 2341193)
        Rows Removed by Filter: 13310465
  ->  Hash  (cost=129358.62..129358.62 rows=34693 width=8) (actual time=2517.415..2517.415 rows=50341 loops=1)
        Buckets: 65536  Batches: 1  Memory Usage: 2479kB
        ->  Hash Join  (cost=74346.17..129358.62 rows=34693 width=8) (actual time=1195.068..2499.478 rows=50341 loops=1)
              Hash Cond: (mc.movie_id = t.id)
              ->  Seq Scan on movie_companies mc  (cost=0.00..44881.29 rows=2609129 width=4) (actual time=0.015..667.292 rows=2609129 loops=1)
              ->  Hash  (cost=73925.90..73925.90 rows=33621 width=4) (actual time=1194.664..1194.664 rows=28104 loops=1)
                    Buckets: 65536  Batches: 1  Memory Usage: 1501kB
                    ->  Seq Scan on title t  (cost=0.00..73925.90 rows=33621 width=4) (actual time=0.054..1183.804 rows=28104 loops=1)
                          Filter: ((kind_id = 1) AND (production_year = 2009))
                          Rows Removed by Filter: 2500208
Planning time: 1.191 ms
Execution time: 22404.880 ms
