Nested Loop  (cost=0.43..83072.90 rows=4 width=0) (actual time=1270.131..1330.607 rows=1 loops=1)
  ->  Seq Scan on movie_keyword mk  (cost=0.00..81003.12 rows=246 width=4) (actual time=50.262..1321.548 rows=315 loops=1)
        Filter: (keyword_id = 31446)
        Rows Removed by Filter: 4523615
  ->  Index Scan using title_pkey on title t  (cost=0.43..8.40 rows=1 width=4) (actual time=0.027..0.027 rows=0 loops=315)
        Index Cond: (id = mk.movie_id)
        Filter: ((kind_id < 7) AND (production_year = 2005))
        Rows Removed by Filter: 1
Planning time: 0.912 ms
Execution time: 1330.693 ms
