Seq Scan on movie_keyword mk  (cost=0.00..81003.12 rows=1277204 width=0) (actual time=1.711..1250.663 rows=1284969 loops=1)
  Filter: (keyword_id > 13751)
  Rows Removed by Filter: 3238961
Planning time: 0.409 ms
Execution time: 1402.737 ms
