Nested Loop  (cost=32814.54..124740.93 rows=5925 width=0) (actual time=760.437..1564.485 rows=2641 loops=1)
  Join Filter: (mc.movie_id = t.id)
  ->  Hash Join  (cost=32814.11..98755.49 rows=30677 width=8) (actual time=760.370..1476.966 rows=2641 loops=1)
        Hash Cond: (mc.movie_id = mi_idx.movie_id)
        ->  Seq Scan on movie_companies mc  (cost=0.00..57926.93 rows=32221 width=4) (actual time=153.849..789.521 rows=6578 loops=1)
              Filter: ((company_id = 6) AND (company_type_id = 2))
              Rows Removed by Filter: 2602551
        ->  Hash  (cost=25185.44..25185.44 rows=464934 width=4) (actual time=602.209..602.209 rows=460185 loops=1)
              Buckets: 131072  Batches: 8  Memory Usage: 3051kB
              ->  Seq Scan on movie_info_idx mi_idx  (cost=0.00..25185.44 rows=464934 width=4) (actual time=0.028..464.518 rows=460185 loops=1)
                    Filter: (info_type_id > 100)
                    Rows Removed by Filter: 919850
  ->  Index Only Scan using title_pkey on title t  (cost=0.43..0.83 rows=1 width=4) (actual time=0.032..0.032 rows=1 loops=2641)
        Index Cond: (id = mi_idx.movie_id)
        Heap Fetches: 2641
Planning time: 7.719 ms
Execution time: 1565.182 ms
