Seq Scan on movie_companies mc  (cost=0.00..57926.93 rows=699779 width=0) (actual time=0.021..985.431 rows=485649 loops=1)
  Filter: ((company_id > 10065) AND (company_type_id < 2))
  Rows Removed by Filter: 2123480
Planning time: 0.245 ms
Execution time: 1045.636 ms
