Hash Join  (cost=77347.14..1141836.47 rows=2987116 width=0) (actual time=1150.215..28935.541 rows=3121091 loops=1)
  Hash Cond: (ci.movie_id = t.id)
  ->  Seq Scan on cast_info ci  (cost=0.00..614943.12 rows=36225612 width=4) (actual time=0.023..12521.024 rows=36244344 loops=1)
  ->  Hash  (cost=73925.90..73925.90 rows=208499 width=4) (actual time=1149.425..1149.425 rows=182393 loops=1)
        Buckets: 131072  Batches: 4  Memory Usage: 2628kB
        ->  Seq Scan on title t  (cost=0.00..73925.90 rows=208499 width=4) (actual time=1.894..1088.445 rows=182393 loops=1)
              Filter: ((production_year > 2007) AND (kind_id = 1))
              Rows Removed by Filter: 2345919
Planning time: 0.793 ms
Execution time: 29292.229 ms
