Seq Scan on movie_keyword mk  (cost=0.00..81003.12 rows=70735 width=0) (actual time=0.068..1285.837 rows=69915 loops=1)
  Filter: (keyword_id > 91242)
  Rows Removed by Filter: 4454015
Planning time: 0.320 ms
Execution time: 1296.492 ms
