Hash Join  (cost=368623.78..1092010.88 rows=19006334 width=0) (actual time=8661.281..67871.110 rows=206048250 loops=1)
  Hash Cond: (mi.movie_id = t.id)
  ->  Seq Scan on movie_info mi  (cost=0.00..346232.03 rows=11115165 width=4) (actual time=0.021..7147.496 rows=11210743 loops=1)
        Filter: (info_type_id > 3)
        Rows Removed by Filter: 3624977
  ->  Hash  (cost=297688.21..297688.21 rows=4323645 width=8) (actual time=8660.402..8660.402 rows=4322074 loops=1)
        Buckets: 131072  Batches: 64  Memory Usage: 3763kB
        ->  Hash Join  (cost=102767.86..297688.21 rows=4323645 width=8) (actual time=2017.020..7502.838 rows=4322074 loops=1)
              Hash Cond: (mk.movie_id = t.id)
              ->  Seq Scan on movie_keyword mk  (cost=0.00..81003.12 rows=4323645 width=4) (actual time=0.020..1899.377 rows=4322074 loops=1)
                    Filter: (keyword_id < 68180)
                    Rows Removed by Filter: 201856
              ->  Hash  (cost=61283.27..61283.27 rows=2528527 width=4) (actual time=2015.568..2015.568 rows=2528312 loops=1)
                    Buckets: 131072  Batches: 64  Memory Usage: 2425kB
                    ->  Seq Scan on title t  (cost=0.00..61283.27 rows=2528527 width=4) (actual time=0.015..1158.827 rows=2528312 loops=1)
Planning time: 1.129 ms
Execution time: 91011.481 ms
