Hash Join  (cost=189044.98..675366.51 rows=610560 width=0) (actual time=3892.176..16765.205 rows=7325679 loops=1)
  Hash Cond: (mi.movie_id = t.id)
  ->  Seq Scan on movie_info mi  (cost=0.00..309384.22 rows=14739122 width=4) (actual time=0.020..6189.005 rows=14835720 loops=1)
  ->  Hash  (cost=187325.69..187325.69 rows=104743 width=8) (actual time=3890.901..3890.901 rows=103622 loops=1)
        Buckets: 131072  Batches: 2  Memory Usage: 3029kB
        ->  Hash Join  (cost=69002.72..187325.69 rows=104743 width=8) (actual time=1183.438..3855.035 rows=103622 loops=1)
              Hash Cond: (mk.movie_id = t.id)
              ->  Seq Scan on movie_keyword mk  (cost=0.00..81003.12 rows=3108109 width=4) (actual time=0.017..1702.154 rows=3091113 loops=1)
                    Filter: (keyword_id > 1977)
                    Rows Removed by Filter: 1432817
              ->  Hash  (cost=67604.59..67604.59 rows=85211 width=4) (actual time=1181.429..1181.429 rows=84593 loops=1)
                    Buckets: 131072  Batches: 2  Memory Usage: 2524kB
                    ->  Seq Scan on title t  (cost=0.00..67604.59 rows=85211 width=4) (actual time=0.028..1147.499 rows=84593 loops=1)
                          Filter: (production_year = 2004)
                          Rows Removed by Filter: 2443719
Planning time: 1.163 ms
Execution time: 17588.106 ms
