Hash Join  (cost=161540.40..546511.03 rows=189082 width=0) (actual time=2980.380..9549.913 rows=98399 loops=1)
  Hash Cond: (mi.movie_id = t.id)
  ->  Seq Scan on movie_info mi  (cost=0.00..309384.22 rows=14739122 width=4) (actual time=0.022..3846.167 rows=14835720 loops=1)
  ->  Hash  (cost=161134.94..161134.94 rows=32437 width=8) (actual time=2938.732..2938.732 rows=9398 loops=1)
        Buckets: 32768  Batches: 1  Memory Usage: 624kB
        ->  Hash Join  (cost=74152.53..161134.94 rows=32437 width=8) (actual time=2397.981..2935.758 rows=9398 loops=1)
              Hash Cond: (mk.movie_id = t.id)
              ->  Seq Scan on movie_keyword mk  (cost=0.00..69693.30 rows=4523930 width=4) (actual time=0.023..908.210 rows=4523930 loops=1)
              ->  Hash  (cost=73925.90..73925.90 rows=18130 width=4) (actual time=1206.641..1206.641 rows=18886 loops=1)
                    Buckets: 32768  Batches: 1  Memory Usage: 920kB
                    ->  Seq Scan on title t  (cost=0.00..73925.90 rows=18130 width=4) (actual time=0.071..1197.848 rows=18886 loops=1)
                          Filter: ((kind_id = 7) AND (production_year = 1994))
                          Rows Removed by Filter: 2509426
Planning time: 1.133 ms
Execution time: 9561.552 ms
