Hash Join  (cost=132338.09..213434.06 rows=438544 width=0) (actual time=2976.480..5540.327 rows=1621632 loops=1)
  Hash Cond: (mc.movie_id = t.id)
  ->  Seq Scan on movie_companies mc  (cost=0.00..44881.29 rows=2609129 width=4) (actual time=0.015..929.875 rows=2609129 loops=1)
  ->  Hash  (cost=125364.63..125364.63 rows=424997 width=8) (actual time=2975.638..2975.638 rows=524504 loops=1)
        Buckets: 131072  Batches: 8  Memory Usage: 3592kB
        ->  Hash Join  (cost=80380.17..125364.63 rows=424997 width=8) (actual time=1413.975..2815.599 rows=524504 loops=1)
              Hash Cond: (mi_idx.movie_id = t.id)
              ->  Seq Scan on movie_info_idx mi_idx  (cost=0.00..21735.35 rows=1380035 width=4) (actual time=0.025..473.791 rows=1380035 loops=1)
              ->  Hash  (cost=67604.59..67604.59 rows=778687 width=4) (actual time=1412.897..1412.897 rows=782677 loops=1)
                    Buckets: 131072  Batches: 16  Memory Usage: 2744kB
                    ->  Seq Scan on title t  (cost=0.00..67604.59 rows=778687 width=4) (actual time=0.028..1165.242 rows=782677 loops=1)
                          Filter: (production_year < 1994)
                          Rows Removed by Filter: 1745635
Planning time: 4.447 ms
Execution time: 5736.731 ms
