Seq Scan on movie_keyword mk  (cost=0.00..81003.12 rows=3679178 width=0) (actual time=0.018..1506.685 rows=3672846 loops=1)
  Filter: (keyword_id < 21586)
  Rows Removed by Filter: 851084
Planning time: 0.318 ms
Execution time: 1960.362 ms
