Seq Scan on title t  (cost=0.00..67604.59 rows=1923403 width=0) (actual time=0.013..1249.870 rows=1922849 loops=1)
  Filter: (production_year < 2010)
  Rows Removed by Filter: 605463
Planning time: 0.323 ms
Execution time: 1487.515 ms
