Seq Scan on movie_keyword mk  (cost=0.00..81003.12 rows=5580 width=0) (actual time=0.176..1128.039 rows=5857 loops=1)
  Filter: (keyword_id = 405)
  Rows Removed by Filter: 4518073
Planning time: 0.404 ms
Execution time: 1129.538 ms
