Seq Scan on movie_keyword mk  (cost=0.00..81003.12 rows=1944671 width=0) (actual time=0.032..1502.030 rows=1953453 loops=1)
  Filter: (keyword_id > 6585)
  Rows Removed by Filter: 2570477
Planning time: 0.430 ms
Execution time: 1750.225 ms
