Hash Join  (cost=596586.03..1688140.34 rows=9185916 width=0) (actual time=18050.436..48630.803 rows=30169958 loops=1)
  Hash Cond: (ci.movie_id = t.id)
  ->  Seq Scan on cast_info ci  (cost=0.00..705507.15 rows=16201301 width=4) (actual time=0.025..13965.330 rows=16121683 loops=1)
        Filter: (role_id > 2)
        Rows Removed by Filter: 20122661
  ->  Hash  (cost=573064.53..573064.53 rows=1433640 width=8) (actual time=18048.142..18048.142 rows=4016782 loops=1)
        Buckets: 131072 (originally 131072)  Batches: 64 (originally 32)  Memory Usage: 3526kB
        ->  Hash Join  (cost=77961.21..573064.53 rows=1433640 width=8) (actual time=1393.540..16785.442 rows=4016782 loops=1)
              Hash Cond: (mi.movie_id = t.id)
              ->  Seq Scan on movie_info mi  (cost=0.00..309384.22 rows=14739122 width=4) (actual time=0.014..5909.607 rows=14835720 loops=1)
              ->  Hash  (cost=73925.90..73925.90 rows=245944 width=4) (actual time=1392.673..1392.673 rows=357497 loops=1)
                    Buckets: 131072 (originally 131072)  Batches: 8 (originally 4)  Memory Usage: 3073kB
                    ->  Seq Scan on title t  (cost=0.00..73925.90 rows=245944 width=4) (actual time=0.030..1267.748 rows=357497 loops=1)
                          Filter: ((kind_id < 7) AND (production_year < 1987))
                          Rows Removed by Filter: 2170815
Planning time: 1.187 ms
Execution time: 52008.671 ms
