Seq Scan on movie_keyword mk  (cost=0.00..81003.12 rows=2265314 width=0) (actual time=0.012..1415.458 rows=2261894 loops=1)
  Filter: (keyword_id > 4703)
  Rows Removed by Filter: 2262036
Planning time: 0.246 ms
Execution time: 1692.608 ms
