Nested Loop  (cost=0.43..83071.67 rows=246 width=0) (actual time=0.494..1224.253 rows=373 loops=1)
  ->  Seq Scan on movie_keyword mk  (cost=0.00..81003.12 rows=246 width=4) (actual time=0.439..1207.645 rows=373 loops=1)
        Filter: (keyword_id = 6380)
        Rows Removed by Filter: 4523557
  ->  Index Only Scan using title_pkey on title t  (cost=0.43..8.40 rows=1 width=4) (actual time=0.042..0.042 rows=1 loops=373)
        Index Cond: (id = mk.movie_id)
        Heap Fetches: 373
Planning time: 0.858 ms
Execution time: 1224.526 ms
