Nested Loop  (cost=32749.09..94997.33 rows=694 width=0) (actual time=693.983..1581.168 rows=142 loops=1)
  Join Filter: (mc.movie_id = t.id)
  ->  Hash Join  (cost=32748.66..87694.03 rows=8538 width=8) (actual time=666.333..1479.602 rows=4407 loops=1)
        Hash Cond: (mc.movie_id = mi_idx.movie_id)
        ->  Seq Scan on movie_companies mc  (cost=0.00..51404.11 rows=9045 width=4) (actual time=4.827..726.735 rows=9466 loops=1)
              Filter: (company_id = 1451)
              Rows Removed by Filter: 2599663
        ->  Hash  (cost=25185.44..25185.44 rows=460978 width=4) (actual time=656.953..656.953 rows=459925 loops=1)
              Buckets: 131072  Batches: 8  Memory Usage: 3050kB
              ->  Seq Scan on movie_info_idx mi_idx  (cost=0.00..25185.44 rows=460978 width=4) (actual time=0.022..515.085 rows=459925 loops=1)
                    Filter: (info_type_id = 99)
                    Rows Removed by Filter: 920110
  ->  Index Scan using title_pkey on title t  (cost=0.43..0.84 rows=1 width=4) (actual time=0.023..0.023 rows=0 loops=4407)
        Index Cond: (id = mi_idx.movie_id)
        Filter: ((kind_id > 1) AND (production_year < 2006))
        Rows Removed by Filter: 1
Planning time: 2.271 ms
Execution time: 1581.375 ms
