Hash Join  (cost=530340.79..1715829.78 rows=16482029 width=0) (actual time=11603.834..44001.870 rows=19571894 loops=1)
  Hash Cond: (ci.movie_id = t.id)
  ->  Seq Scan on cast_info ci  (cost=0.00..705507.15 rows=24069905 width=4) (actual time=1366.702..15063.053 rows=24176329 loops=1)
        Filter: (person_id > 1188916)
        Rows Removed by Filter: 12068015
  ->  Hash  (cost=501933.97..501933.97 rows=1731426 width=8) (actual time=10236.053..10236.053 rows=1641307 loops=1)
        Buckets: 131072  Batches: 32  Memory Usage: 3024kB
        ->  Hash Join  (cost=97335.96..501933.97 rows=1731426 width=8) (actual time=6722.373..9747.758 rows=1641307 loops=1)
              Hash Cond: (mi.movie_id = t.id)
              ->  Seq Scan on movie_info mi  (cost=0.00..346232.03 rows=3068194 width=4) (actual time=0.031..5578.231 rows=3036719 loops=1)
                    Filter: (info_type_id = 16)
                    Rows Removed by Filter: 11799001
              ->  Hash  (cost=73925.90..73925.90 rows=1426884 width=4) (actual time=1936.395..1936.395 rows=1478437 loops=1)
                    Buckets: 131072  Batches: 32  Memory Usage: 2656kB
                    ->  Seq Scan on title t  (cost=0.00..73925.90 rows=1426884 width=4) (actual time=0.021..1438.395 rows=1478437 loops=1)
                          Filter: ((production_year > 1932) AND (kind_id = 7))
                          Rows Removed by Filter: 1049875
Planning time: 1.211 ms
Execution time: 46176.559 ms
