Hash Join  (cost=74574.97..101768.85 rows=28340 width=0) (actual time=963.959..1525.443 rows=15120 loops=1)
  Hash Cond: (mi_idx.movie_id = t.id)
  ->  Seq Scan on movie_info_idx mi_idx  (cost=0.00..21735.35 rows=1380035 width=4) (actual time=0.016..256.198 rows=1380035 loops=1)
  ->  Hash  (cost=73925.90..73925.90 rows=51925 width=4) (actual time=963.452..963.452 rows=56480 loops=1)
        Buckets: 65536  Batches: 1  Memory Usage: 2498kB
        ->  Seq Scan on title t  (cost=0.00..73925.90 rows=51925 width=4) (actual time=303.274..943.038 rows=56480 loops=1)
              Filter: ((kind_id = 7) AND (production_year = 2004))
              Rows Removed by Filter: 2471832
Planning time: 0.729 ms
Execution time: 1527.264 ms
