Seq Scan on movie_keyword mk  (cost=0.00..81003.12 rows=2510724 width=0) (actual time=0.023..1591.256 rows=2506710 loops=1)
  Filter: (keyword_id > 3607)
  Rows Removed by Filter: 2017220
Planning time: 0.333 ms
Execution time: 1904.231 ms
