Hash Join  (cost=99217.91..717296.67 rows=11232193 width=0) (actual time=1956.542..19141.331 rows=10191448 loops=1)
  Hash Cond: (mi.movie_id = t.id)
  ->  Seq Scan on movie_info mi  (cost=0.00..309384.22 rows=14739122 width=4) (actual time=0.018..6239.101 rows=14835720 loops=1)
  ->  Hash  (cost=67604.59..67604.59 rows=1926906 width=4) (actual time=1954.900..1954.900 rows=1918028 loops=1)
        Buckets: 131072  Batches: 32  Memory Usage: 3148kB
        ->  Seq Scan on title t  (cost=0.00..67604.59 rows=1926906 width=4) (actual time=0.018..1312.564 rows=1918028 loops=1)
              Filter: (production_year > 1981)
              Rows Removed by Filter: 610284
Planning time: 0.765 ms
Execution time: 20291.981 ms
