Seq Scan on movie_companies mc  (cost=0.00..51404.11 rows=1239880 width=0) (actual time=0.018..905.283 rows=1254799 loops=1)
  Filter: (company_id > 11638)
  Rows Removed by Filter: 1354330
Planning time: 0.266 ms
Execution time: 1058.175 ms
