Hash Join  (cost=83810.17..199262.04 rows=772444 width=0) (actual time=1313.776..4354.708 rows=1682695 loops=1)
  Hash Cond: (mk.movie_id = t.id)
  ->  Seq Scan on movie_keyword mk  (cost=0.00..81003.12 rows=1977414 width=4) (actual time=0.016..1539.107 rows=1986549 loops=1)
        Filter: (keyword_id > 6347)
        Rows Removed by Filter: 2537381
  ->  Hash  (cost=67604.59..67604.59 rows=987727 width=4) (actual time=1313.090..1313.090 rows=985048 loops=1)
        Buckets: 131072  Batches: 16  Memory Usage: 3197kB
        ->  Seq Scan on title t  (cost=0.00..67604.59 rows=987727 width=4) (actual time=0.010..998.746 rows=985048 loops=1)
              Filter: (kind_id < 7)
              Rows Removed by Filter: 1543264
Planning time: 0.719 ms
Execution time: 4547.287 ms
