Seq Scan on movie_keyword mk  (cost=0.00..81003.12 rows=246 width=0) (actual time=3.873..1260.453 rows=210 loops=1)
  Filter: (keyword_id = 3002)
  Rows Removed by Filter: 4523720
Planning time: 0.390 ms
Execution time: 1260.649 ms
