Seq Scan on movie_keyword mk  (cost=0.00..81003.12 rows=4288928 width=0) (actual time=0.023..1466.583 rows=4288378 loops=1)
  Filter: (keyword_id < 62590)
  Rows Removed by Filter: 235552
Planning time: 0.310 ms
Execution time: 1987.509 ms
