Hash Join  (cost=74093.07..128896.58 rows=13799 width=0) (actual time=1134.707..2188.210 rows=17385 loops=1)
  Hash Cond: (mc.movie_id = t.id)
  ->  Seq Scan on movie_companies mc  (cost=0.00..44881.29 rows=2609129 width=4) (actual time=0.027..546.971 rows=2609129 loops=1)
  ->  Hash  (cost=73925.90..73925.90 rows=13373 width=4) (actual time=1134.539..1134.539 rows=7578 loops=1)
        Buckets: 16384  Batches: 1  Memory Usage: 395kB
        ->  Seq Scan on title t  (cost=0.00..73925.90 rows=13373 width=4) (actual time=332.023..1131.335 rows=7578 loops=1)
              Filter: ((kind_id = 1) AND (production_year = 1999))
              Rows Removed by Filter: 2520734
Planning time: 0.837 ms
Execution time: 2190.939 ms
