Hash Join  (cost=182339.93..320120.40 rows=1295043 width=0) (actual time=4804.524..15201.253 rows=28256795 loops=1)
  Hash Cond: (mk.movie_id = t.id)
  ->  Seq Scan on movie_keyword mk  (cost=0.00..69693.30 rows=4523930 width=4) (actual time=0.008..1418.855 rows=4523930 loops=1)
  ->  Hash  (cost=170464.07..170464.07 rows=723829 width=8) (actual time=4803.670..4803.670 rows=1537006 loops=1)
        Buckets: 131072 (originally 131072)  Batches: 32 (originally 16)  Memory Usage: 3073kB
        ->  Hash Join  (cost=85435.26..170464.07 rows=723829 width=8) (actual time=1529.092..4346.765 rows=1537006 loops=1)
              Hash Cond: (mc.movie_id = t.id)
              ->  Seq Scan on movie_companies mc  (cost=0.00..44881.29 rows=2609129 width=4) (actual time=0.026..987.852 rows=2609129 loops=1)
              ->  Hash  (cost=73925.90..73925.90 rows=701468 width=4) (actual time=1528.060..1528.060 rows=749931 loops=1)
                    Buckets: 131072  Batches: 16  Memory Usage: 2673kB
                    ->  Seq Scan on title t  (cost=0.00..73925.90 rows=701468 width=4) (actual time=0.019..1289.881 rows=749931 loops=1)
                          Filter: ((kind_id < 7) AND (production_year < 2009))
                          Rows Removed by Filter: 1778381
Planning time: 1.154 ms
Execution time: 18461.101 ms
