Hash Join  (cost=1040367.98..1759357.90 rows=18962819 width=0) (actual time=19080.495..41240.673 rows=33681552 loops=1)
  Hash Cond: (mi.movie_id = t.id)
  ->  Seq Scan on movie_info mi  (cost=0.00..309384.22 rows=14739122 width=4) (actual time=0.013..6066.790 rows=14835720 loops=1)
  ->  Hash  (cost=986996.09..986996.09 rows=3253111 width=8) (actual time=19077.625..19077.625 rows=1196279 loops=1)
        Buckets: 131072  Batches: 64  Memory Usage: 1812kB
        ->  Hash Join  (cost=102767.86..986996.09 rows=3253111 width=8) (actual time=12232.160..18722.133 rows=1196279 loops=1)
              Hash Cond: (ci.movie_id = t.id)
              ->  Seq Scan on cast_info ci  (cost=0.00..796071.18 rows=3253111 width=4) (actual time=10373.446..15154.551 rows=1196279 loops=1)
                    Filter: ((person_id < 2799364) AND (role_id = 10))
                    Rows Removed by Filter: 35048065
              ->  Hash  (cost=61283.27..61283.27 rows=2528527 width=4) (actual time=1857.341..1857.341 rows=2528312 loops=1)
                    Buckets: 131072  Batches: 64  Memory Usage: 2415kB
                    ->  Seq Scan on title t  (cost=0.00..61283.27 rows=2528527 width=4) (actual time=0.010..1050.633 rows=2528312 loops=1)
Planning time: 1.362 ms
Execution time: 45115.846 ms
