Nested Loop  (cost=0.43..709673.15 rows=200 width=0) (actual time=4610.603..10950.765 rows=190 loops=1)
  ->  Seq Scan on cast_info ci  (cost=0.00..705507.15 rows=500 width=4) (actual time=4610.510..10948.276 rows=190 loops=1)
        Filter: (person_id = 1590729)
        Rows Removed by Filter: 36244154
  ->  Index Scan using title_pkey on title t  (cost=0.43..8.32 rows=1 width=4) (actual time=0.012..0.012 rows=1 loops=190)
        Index Cond: (id = ci.movie_id)
        Filter: (production_year > 2005)
Planning time: 0.814 ms
Execution time: 10950.929 ms
