Seq Scan on title t  (cost=0.00..73925.90 rows=1061794 width=0) (actual time=0.010..1382.687 rows=1183200 loops=1)
  Filter: ((kind_id > 3) AND (production_year > 1995))
  Rows Removed by Filter: 1345112
Planning time: 0.335 ms
Execution time: 1533.721 ms
