Seq Scan on movie_keyword mk  (cost=0.00..81003.12 rows=246 width=0) (actual time=0.520..1239.788 rows=1802 loops=1)
  Filter: (keyword_id = 1045)
  Rows Removed by Filter: 4522128
Planning time: 0.570 ms
Execution time: 1240.396 ms
