Hash Join  (cost=191817.78..1070606.21 rows=1925605 width=0) (actual time=6836.960..31475.435 rows=17205967 loops=1)
  Hash Cond: (ci.movie_id = t.id)
  ->  Seq Scan on cast_info ci  (cost=0.00..796071.18 rows=5170186 width=4) (actual time=1206.250..15141.033 rows=10549925 loops=1)
        Filter: ((person_id < 1441332) AND (role_id < 2))
        Rows Removed by Filter: 25694419
  ->  Hash  (cost=176367.10..176367.10 rows=941735 width=8) (actual time=5629.845..5629.845 rows=1839736 loops=1)
        Buckets: 131072 (originally 131072)  Batches: 32 (originally 16)  Memory Usage: 3261kB
        ->  Hash Join  (cost=83810.17..176367.10 rows=941735 width=8) (actual time=1946.149..5036.664 rows=1839736 loops=1)
              Hash Cond: (mc.movie_id = t.id)
              ->  Seq Scan on movie_companies mc  (cost=0.00..51404.11 rows=2410789 width=4) (actual time=0.034..1136.682 rows=2412549 loops=1)
                    Filter: (company_id > 52)
                    Rows Removed by Filter: 196580
              ->  Hash  (cost=67604.59..67604.59 rows=987727 width=4) (actual time=1945.355..1945.355 rows=985048 loops=1)
                    Buckets: 131072  Batches: 16  Memory Usage: 3188kB
                    ->  Seq Scan on title t  (cost=0.00..67604.59 rows=987727 width=4) (actual time=0.028..1141.930 rows=985048 loops=1)
                          Filter: (kind_id < 7)
                          Rows Removed by Filter: 1543264
Planning time: 1.885 ms
Execution time: 33526.737 ms
