Hash Join  (cost=260383.38..906668.73 rows=13875652 width=0) (actual time=6053.134..34615.007 rows=63108213 loops=1)
  Hash Cond: (mi.movie_id = t.id)
  ->  Seq Scan on movie_info mi  (cost=0.00..309384.22 rows=14739122 width=4) (actual time=0.012..6338.459 rows=14835720 loops=1)
  ->  Hash  (cost=221329.42..221329.42 rows=2380397 width=8) (actual time=6052.042..6052.042 rows=2381694 loops=1)
        Buckets: 131072  Batches: 32  Memory Usage: 3978kB
        ->  Hash Join  (cost=102767.86..221329.42 rows=2380397 width=8) (actual time=2002.576..5378.036 rows=2381694 loops=1)
              Hash Cond: (mc.movie_id = t.id)
              ->  Seq Scan on movie_companies mc  (cost=0.00..51404.11 rows=2380397 width=4) (actual time=0.021..1102.512 rows=2381694 loops=1)
                    Filter: (company_id > 82)
                    Rows Removed by Filter: 227435
              ->  Hash  (cost=61283.27..61283.27 rows=2528527 width=4) (actual time=2000.606..2000.606 rows=2528312 loops=1)
                    Buckets: 131072  Batches: 64  Memory Usage: 2415kB
                    ->  Seq Scan on title t  (cost=0.00..61283.27 rows=2528527 width=4) (actual time=0.021..1128.440 rows=2528312 loops=1)
Planning time: 1.109 ms
Execution time: 41303.337 ms
