Seq Scan on movie_companies mc  (cost=0.00..51404.11 rows=62667 width=0) (actual time=288.551..766.812 rows=61662 loops=1)
  Filter: (company_id > 182610)
  Rows Removed by Filter: 2547467
Planning time: 0.313 ms
Execution time: 774.483 ms
