Hash Join  (cost=28269.20..779076.28 rows=1786 width=0) (actual time=491.732..16192.473 rows=27096 loops=1)
  Hash Cond: (ci.movie_id = t.id)
  ->  Seq Scan on cast_info ci  (cost=0.00..614943.12 rows=36225612 width=4) (actual time=0.024..8940.854 rows=36244344 loops=1)
  ->  Hash  (cost=28267.64..28267.64 rows=125 width=8) (actual time=491.029..491.029 rows=192 loops=1)
        Buckets: 1024  Batches: 1  Memory Usage: 16kB
        ->  Nested Loop  (cost=0.43..28267.64 rows=125 width=8) (actual time=178.392..490.915 rows=192 loops=1)
              ->  Seq Scan on movie_info_idx mi_idx  (cost=0.00..25185.44 rows=368 width=4) (actual time=178.309..476.924 rows=260 loops=1)
                    Filter: (info_type_id > 101)
                    Rows Removed by Filter: 1379775
              ->  Index Scan using title_pkey on title t  (cost=0.43..8.37 rows=1 width=4) (actual time=0.053..0.053 rows=1 loops=260)
                    Index Cond: (id = mi_idx.movie_id)
                    Filter: ((kind_id < 7) AND (production_year > 1962))
                    Rows Removed by Filter: 0
Planning time: 1.187 ms
Execution time: 16199.010 ms
