Hash Join  (cost=84240.62..168233.52 rows=648738 width=0) (actual time=1377.888..3914.039 rows=976951 loops=1)
  Hash Cond: (mc.movie_id = t.id)
  ->  Seq Scan on movie_companies mc  (cost=0.00..44881.29 rows=2609129 width=4) (actual time=0.025..924.744 rows=2609129 loops=1)
  ->  Hash  (cost=73925.90..73925.90 rows=628697 width=4) (actual time=1376.526..1376.526 rows=532584 loops=1)
        Buckets: 131072  Batches: 16  Memory Usage: 2188kB
        ->  Seq Scan on title t  (cost=0.00..73925.90 rows=628697 width=4) (actual time=0.025..1208.209 rows=532584 loops=1)
              Filter: ((kind_id < 7) AND (production_year > 1995))
              Rows Removed by Filter: 1995728
Planning time: 0.784 ms
Execution time: 4036.765 ms
