Hash Join  (cost=86573.65..225379.58 rows=1379189 width=0) (actual time=1490.313..4991.851 rows=306813 loops=1)
  Hash Cond: (mk.movie_id = t.id)
  ->  Seq Scan on movie_keyword mk  (cost=0.00..69693.30 rows=4523930 width=4) (actual time=0.021..1455.791 rows=4523930 loops=1)
  ->  Hash  (cost=73925.90..73925.90 rows=770860 width=4) (actual time=1479.027..1479.027 rows=682281 loops=1)
        Buckets: 131072  Batches: 16  Memory Usage: 2528kB
        ->  Seq Scan on title t  (cost=0.00..73925.90 rows=770860 width=4) (actual time=0.012..1257.734 rows=682281 loops=1)
              Filter: ((production_year < 2004) AND (kind_id = 7))
              Rows Removed by Filter: 1846031
Planning time: 0.754 ms
Execution time: 5029.874 ms
