Hash Join  (cost=102767.86..199523.46 rows=244091 width=0) (actual time=2050.433..3914.585 rows=242892 loops=1)
  Hash Cond: (mk.movie_id = t.id)
  ->  Seq Scan on movie_keyword mk  (cost=0.00..81003.12 rows=244091 width=4) (actual time=0.028..1273.073 rows=242892 loops=1)
        Filter: (keyword_id > 61470)
        Rows Removed by Filter: 4281038
  ->  Hash  (cost=61283.27..61283.27 rows=2528527 width=4) (actual time=2046.743..2046.743 rows=2528312 loops=1)
        Buckets: 131072  Batches: 64  Memory Usage: 2425kB
        ->  Seq Scan on title t  (cost=0.00..61283.27 rows=2528527 width=4) (actual time=0.027..1200.111 rows=2528312 loops=1)
Planning time: 11.612 ms
Execution time: 3942.851 ms
