Seq Scan on movie_companies mc  (cost=0.00..51404.11 rows=104 width=0) (actual time=296.104..823.759 rows=1344 loops=1)
  Filter: (company_id = 2924)
  Rows Removed by Filter: 2607785
Planning time: 0.406 ms
Execution time: 824.061 ms
