Hash Join  (cost=83074.47..109963.18 rows=31 width=0) (actual time=1497.844..2034.137 rows=1355 loops=1)
  Hash Cond: (mi_idx.movie_id = t.id)
  ->  Seq Scan on movie_info_idx mi_idx  (cost=0.00..25185.44 rows=454124 width=4) (actual time=0.015..456.203 rows=459925 loops=1)
        Filter: (info_type_id = 100)
        Rows Removed by Filter: 920110
  ->  Hash  (cost=83072.29..83072.29 rows=175 width=8) (actual time=1497.692..1497.692 rows=2820 loops=1)
        Buckets: 4096 (originally 1024)  Batches: 1 (originally 1)  Memory Usage: 143kB
        ->  Nested Loop  (cost=0.43..83072.29 rows=175 width=8) (actual time=7.701..1495.928 rows=2820 loops=1)
              ->  Seq Scan on movie_keyword mk  (cost=0.00..81003.12 rows=246 width=4) (actual time=7.649..1399.720 rows=3235 loops=1)
                    Filter: (keyword_id = 16131)
                    Rows Removed by Filter: 4520695
              ->  Index Scan using title_pkey on title t  (cost=0.43..8.40 rows=1 width=4) (actual time=0.028..0.028 rows=1 loops=3235)
                    Index Cond: (id = mk.movie_id)
                    Filter: (production_year < 2009)
                    Rows Removed by Filter: 0
Planning time: 7.257 ms
Execution time: 2034.598 ms
