Hash Join  (cost=190230.21..328030.72 rows=1648431 width=0) (actual time=4400.609..9461.553 rows=6974980 loops=1)
  Hash Cond: (mk.movie_id = t.id)
  ->  Seq Scan on movie_keyword mk  (cost=0.00..81003.12 rows=3020287 width=4) (actual time=0.042..1585.693 rows=3001641 loops=1)
        Filter: (keyword_id < 10570)
        Rows Removed by Filter: 1522289
  ->  Hash  (cost=167588.78..167588.78 rows=1380035 width=8) (actual time=4399.763..4399.763 rows=1380035 loops=1)
        Buckets: 131072  Batches: 32  Memory Usage: 2726kB
        ->  Hash Join  (cost=102767.86..167588.78 rows=1380035 width=8) (actual time=1961.484..3774.614 rows=1380035 loops=1)
              Hash Cond: (mi_idx.movie_id = t.id)
              ->  Seq Scan on movie_info_idx mi_idx  (cost=0.00..21735.35 rows=1380035 width=4) (actual time=0.014..416.270 rows=1380035 loops=1)
              ->  Hash  (cost=61283.27..61283.27 rows=2528527 width=4) (actual time=1960.487..1960.487 rows=2528312 loops=1)
                    Buckets: 131072  Batches: 64  Memory Usage: 2415kB
                    ->  Seq Scan on title t  (cost=0.00..61283.27 rows=2528527 width=4) (actual time=0.060..1159.974 rows=2528312 loops=1)
Planning time: 1.102 ms
Execution time: 10242.841 ms
