Hash Join  (cost=263115.61..1315682.98 rows=14257042 width=0) (actual time=6759.965..36192.505 rows=32079681 loops=1)
  Hash Cond: (ci.movie_id = t.id)
  ->  Seq Scan on cast_info ci  (cost=0.00..705507.15 rows=13816609 width=4) (actual time=0.018..13371.633 rows=13983420 loops=1)
        Filter: (person_id > 2267858)
        Rows Removed by Filter: 22260924
  ->  Hash  (cost=220309.49..220309.49 rows=2609129 width=8) (actual time=6758.293..6758.293 rows=2609129 loops=1)
        Buckets: 131072  Batches: 64  Memory Usage: 2610kB
        ->  Hash Join  (cost=102767.86..220309.49 rows=2609129 width=8) (actual time=1855.030..6005.199 rows=2609129 loops=1)
              Hash Cond: (mc.movie_id = t.id)
              ->  Seq Scan on movie_companies mc  (cost=0.00..44881.29 rows=2609129 width=4) (actual time=0.022..874.066 rows=2609129 loops=1)
              ->  Hash  (cost=61283.27..61283.27 rows=2528527 width=4) (actual time=1854.181..1854.181 rows=2528312 loops=1)
                    Buckets: 131072  Batches: 64  Memory Usage: 2415kB
                    ->  Seq Scan on title t  (cost=0.00..61283.27 rows=2528527 width=4) (actual time=0.020..1004.834 rows=2528312 loops=1)
Planning time: 1.210 ms
Execution time: 39848.405 ms
