Seq Scan on cast_info ci  (cost=0.00..705507.15 rows=500 width=0) (actual time=4978.446..11216.437 rows=99 loops=1)
  Filter: (person_id = 1133116)
  Rows Removed by Filter: 36244245
Planning time: 0.409 ms
Execution time: 11216.554 ms
