Hash Join  (cost=99574.92..695042.15 rows=9113040 width=0) (actual time=2090.008..17196.682 rows=5812942 loops=1)
  Hash Cond: (mi.movie_id = t.id)
  ->  Seq Scan on movie_info mi  (cost=0.00..309384.22 rows=14739122 width=4) (actual time=0.019..5770.470 rows=14835720 loops=1)
  ->  Hash  (cost=73925.90..73925.90 rows=1563361 width=4) (actual time=2088.859..2088.859 rows=1679658 loops=1)
        Buckets: 131072  Batches: 32  Memory Usage: 2881kB
        ->  Seq Scan on title t  (cost=0.00..73925.90 rows=1563361 width=4) (actual time=0.012..1514.646 rows=1679658 loops=1)
              Filter: ((kind_id > 1) AND (production_year > 1967))
              Rows Removed by Filter: 848654
Planning time: 0.735 ms
Execution time: 17865.178 ms
