Hash Join  (cost=148712.82..970812.43 rows=109750 width=0) (actual time=7670.680..18429.463 rows=158930 loops=1)
  Hash Cond: (ci.movie_id = t.id)
  ->  Seq Scan on cast_info ci  (cost=0.00..796071.18 rows=2111715 width=4) (actual time=4730.468..14661.717 rows=2161824 loops=1)
        Filter: ((person_id > 796087) AND (role_id = 4))
        Rows Removed by Filter: 34082520
  ->  Hash  (cost=146556.15..146556.15 rows=131413 width=8) (actual time=2938.979..2938.979 rows=115325 loops=1)
        Buckets: 131072  Batches: 2  Memory Usage: 3270kB
        ->  Hash Join  (cost=69694.50..146556.15 rows=131413 width=8) (actual time=1012.833..2904.277 rows=115325 loops=1)
              Hash Cond: (mc.movie_id = t.id)
              ->  Seq Scan on movie_companies mc  (cost=0.00..44881.29 rows=2609129 width=4) (actual time=0.029..943.400 rows=2609129 loops=1)
              ->  Hash  (cost=67604.59..67604.59 rows=127353 width=4) (actual time=1012.042..1012.042 rows=128696 loops=1)
                    Buckets: 131072  Batches: 2  Memory Usage: 3284kB
                    ->  Seq Scan on title t  (cost=0.00..67604.59 rows=127353 width=4) (actual time=0.033..964.939 rows=128696 loops=1)
                          Filter: (production_year = 2009)
                          Rows Removed by Filter: 2399616
Planning time: 1.130 ms
Execution time: 18450.275 ms
