Hash Join  (cost=92883.59..1278448.54 rows=12359780 width=0) (actual time=3144.594..33534.923 rows=11564630 loops=1)
  Hash Cond: (ci.movie_id = t.id)
  ->  Seq Scan on cast_info ci  (cost=0.00..796071.18 rows=20282995 width=4) (actual time=1270.749..17723.013 rows=19423547 loops=1)
        Filter: ((person_id > 1024473) AND (role_id < 8))
        Rows Removed by Filter: 16820797
  ->  Hash  (cost=67604.59..67604.59 rows=1540800 width=4) (actual time=1872.483..1872.483 rows=1543264 loops=1)
        Buckets: 131072  Batches: 32  Memory Usage: 2722kB
        ->  Seq Scan on title t  (cost=0.00..67604.59 rows=1540800 width=4) (actual time=219.605..1376.396 rows=1543264 loops=1)
              Filter: (kind_id = 7)
              Rows Removed by Filter: 985048
Planning time: 0.775 ms
Execution time: 34900.400 ms
