Hash Join  (cost=100889.27..187561.87 rows=1456 width=0) (actual time=2178.028..3524.604 rows=1815 loops=1)
  Hash Cond: (mk.movie_id = t.id)
  ->  Seq Scan on movie_keyword mk  (cost=0.00..69693.30 rows=4523930 width=4) (actual time=0.011..1046.063 rows=4523930 loops=1)
  ->  Hash  (cost=100879.10..100879.10 rows=814 width=8) (actual time=1688.558..1688.558 rows=1359 loops=1)
        Buckets: 2048 (originally 1024)  Batches: 1 (originally 1)  Memory Usage: 70kB
        ->  Hash Join  (cost=73982.55..100879.10 rows=814 width=8) (actual time=1477.023..1687.836 rows=1359 loops=1)
              Hash Cond: (mi_idx.movie_id = t.id)
              ->  Seq Scan on movie_info_idx mi_idx  (cost=0.00..25185.44 rows=454124 width=4) (actual time=0.010..427.074 rows=459925 loops=1)
                    Filter: (info_type_id = 100)
                    Rows Removed by Filter: 920110
              ->  Hash  (cost=73925.90..73925.90 rows=4532 width=4) (actual time=1163.594..1163.594 rows=11542 loops=1)
                    Buckets: 16384 (originally 8192)  Batches: 1 (originally 1)  Memory Usage: 534kB
                    ->  Seq Scan on title t  (cost=0.00..73925.90 rows=4532 width=4) (actual time=0.023..1158.122 rows=11542 loops=1)
                          Filter: ((kind_id = 7) AND (production_year = 1988))
                          Rows Removed by Filter: 2516770
Planning time: 1.048 ms
Execution time: 3525.079 ms
