Seq Scan on movie_companies mc  (cost=0.00..57926.93 rows=1125449 width=0) (actual time=0.022..1068.111 rows=1274246 loops=1)
  Filter: ((company_id < 92173) AND (company_type_id < 2))
  Rows Removed by Filter: 1334883
Planning time: 0.356 ms
Execution time: 1224.011 ms
