Hash Join  (cost=69687.24..132934.09 rows=47210 width=0) (actual time=942.091..2074.628 rows=36532 loops=1)
  Hash Cond: (mc.movie_id = t.id)
  ->  Seq Scan on movie_companies mc  (cost=0.00..51404.11 rows=940437 width=4) (actual time=0.016..803.689 rows=940201 loops=1)
        Filter: (company_id < 3490)
        Rows Removed by Filter: 1668928
  ->  Hash  (cost=67604.59..67604.59 rows=126932 width=4) (actual time=941.398..941.398 rows=122861 loops=1)
        Buckets: 131072  Batches: 2  Memory Usage: 3191kB
        ->  Seq Scan on title t  (cost=0.00..67604.59 rows=126932 width=4) (actual time=0.017..897.319 rows=122861 loops=1)
              Filter: (production_year = 2008)
              Rows Removed by Filter: 2405451
Planning time: 0.833 ms
Execution time: 2079.641 ms
