Hash Join  (cost=161976.97..1003283.63 rows=162946 width=0) (actual time=6405.740..21315.859 rows=2049198 loops=1)
  Hash Cond: (ci.movie_id = t.id)
  ->  Seq Scan on cast_info ci  (cost=0.00..796071.18 rows=8721201 width=4) (actual time=3351.199..13635.475 rows=11290418 loops=1)
        Filter: ((person_id < 1547227) AND (role_id < 3))
        Rows Removed by Filter: 24953926
  ->  Hash  (cost=161386.43..161386.43 rows=47243 width=8) (actual time=3053.957..3053.957 rows=124508 loops=1)
        Buckets: 131072 (originally 65536)  Batches: 2 (originally 1)  Memory Usage: 3459kB
        ->  Hash Join  (cost=74255.97..161386.43 rows=47243 width=8) (actual time=1115.862..3009.412 rows=124508 loops=1)
              Hash Cond: (mk.movie_id = t.id)
              ->  Seq Scan on movie_keyword mk  (cost=0.00..69693.30 rows=4523930 width=4) (actual time=0.038..980.089 rows=4523930 loops=1)
              ->  Hash  (cost=73925.90..73925.90 rows=26405 width=4) (actual time=1115.315..1115.315 rows=23926 loops=1)
                    Buckets: 32768  Batches: 1  Memory Usage: 1098kB
                    ->  Seq Scan on title t  (cost=0.00..73925.90 rows=26405 width=4) (actual time=0.134..1104.998 rows=23926 loops=1)
                          Filter: ((kind_id < 7) AND (production_year = 2003))
                          Rows Removed by Filter: 2504386
Planning time: 1.255 ms
Execution time: 21535.565 ms
