Seq Scan on movie_keyword mk  (cost=0.00..81003.12 rows=2211662 width=0) (actual time=0.030..1298.600 rows=2212886 loops=1)
  Filter: (keyword_id < 4476)
  Rows Removed by Filter: 2311044
Planning time: 0.368 ms
Execution time: 1548.584 ms
