Hash Join  (cost=919155.43..1046779.56 rows=461409 width=0) (actual time=14960.105..18573.274 rows=1282972 loops=1)
  Hash Cond: (mk.movie_id = t.id)
  ->  Seq Scan on movie_keyword mk  (cost=0.00..69693.30 rows=4523930 width=4) (actual time=0.012..1358.011 rows=4523930 loops=1)
  ->  Hash  (cost=914923.78..914923.78 rows=257892 width=8) (actual time=14959.308..14959.308 rows=210321 loops=1)
        Buckets: 131072  Batches: 4  Memory Usage: 3094kB
        ->  Hash Join  (cost=102767.86..914923.78 rows=257892 width=8) (actual time=5421.596..14898.468 rows=210321 loops=1)
              Hash Cond: (ci.movie_id = t.id)
              ->  Seq Scan on cast_info ci  (cost=0.00..796071.18 rows=257892 width=4) (actual time=3393.313..12360.863 rows=210321 loops=1)
                    Filter: ((person_id < 1267436) AND (role_id = 6))
                    Rows Removed by Filter: 36034023
              ->  Hash  (cost=61283.27..61283.27 rows=2528527 width=4) (actual time=2026.573..2026.573 rows=2528312 loops=1)
                    Buckets: 131072  Batches: 64  Memory Usage: 2415kB
                    ->  Seq Scan on title t  (cost=0.00..61283.27 rows=2528527 width=4) (actual time=0.028..1181.048 rows=2528312 loops=1)
Planning time: 1.238 ms
Execution time: 18722.897 ms
