Seq Scan on movie_info mi  (cost=0.00..346232.03 rows=17937 width=0) (actual time=4551.309..5272.667 rows=61128 loops=1)
  Filter: (info_type_id = 103)
  Rows Removed by Filter: 14774592
Planning time: 0.398 ms
Execution time: 5280.540 ms
