Hash Join  (cost=260901.38..831441.42 rows=7521020 width=0) (actual time=6138.184..40676.641 rows=98750394 loops=1)
  Hash Cond: (mi.movie_id = t.id)
  ->  Seq Scan on movie_info mi  (cost=0.00..346232.03 rows=11115165 width=4) (actual time=0.022..7152.803 rows=11210743 loops=1)
        Filter: (info_type_id > 3)
        Rows Removed by Filter: 3624977
  ->  Hash  (cost=232830.94..232830.94 rows=1710915 width=8) (actual time=6136.737..6136.737 rows=2081283 loops=1)
        Buckets: 131072  Batches: 32  Memory Usage: 3614kB
        ->  Hash Join  (cost=94978.31..232830.94 rows=1710915 width=8) (actual time=1859.801..5543.286 rows=2081283 loops=1)
              Hash Cond: (mk.movie_id = t.id)
              ->  Seq Scan on movie_keyword mk  (cost=0.00..81003.12 rows=2592870 width=4) (actual time=0.024..1644.060 rows=2582408 loops=1)
                    Filter: (keyword_id < 6765)
                    Rows Removed by Filter: 1941522
              ->  Hash  (cost=67604.59..67604.59 rows=1668458 width=4) (actual time=1858.622..1858.622 rows=1671292 loops=1)
                    Buckets: 131072  Batches: 32  Memory Usage: 2866kB
                    ->  Seq Scan on title t  (cost=0.00..67604.59 rows=1668458 width=4) (actual time=0.018..1285.987 rows=1671292 loops=1)
                          Filter: (production_year < 2008)
                          Rows Removed by Filter: 857020
Planning time: 1.223 ms
Execution time: 51296.280 ms
