Seq Scan on movie_keyword mk  (cost=0.00..81003.12 rows=1848281 width=0) (actual time=0.029..1284.345 rows=1853064 loops=1)
  Filter: (keyword_id > 7467)
  Rows Removed by Filter: 2670866
Planning time: 0.388 ms
Execution time: 1505.323 ms
