Hash Join  (cost=72085.10..200039.99 rows=488585 width=0) (actual time=1152.185..4962.522 rows=780125 loops=1)
  Hash Cond: (mk.movie_id = t.id)
  ->  Seq Scan on movie_keyword mk  (cost=0.00..69693.30 rows=4523930 width=4) (actual time=0.013..1313.016 rows=4523930 loops=1)
  ->  Hash  (cost=67604.59..67604.59 rows=273081 width=4) (actual time=1150.815..1150.815 rows=273902 loops=1)
        Buckets: 131072  Batches: 4  Memory Usage: 3434kB
        ->  Seq Scan on title t  (cost=0.00..67604.59 rows=273081 width=4) (actual time=0.037..1058.968 rows=273902 loops=1)
              Filter: (production_year < 1963)
              Rows Removed by Filter: 2254410
Planning time: 0.823 ms
Execution time: 5063.357 ms
