Seq Scan on movie_keyword mk  (cost=0.00..81003.12 rows=246 width=12) (actual time=1.846..1528.005 rows=74 loops=1)
  Filter: (keyword_id = 18559)
  Rows Removed by Filter: 4523856
Planning time: 0.431 ms
Execution time: 1528.056 ms
