Hash Join  (cost=263902.61..1050295.18 rows=3557864 width=209) (actual time=5531.589..30216.745 rows=14389731 loops=1)
  Hash Cond: (mi.movie_id = t.id)
  ->  Seq Scan on movie_info mi  (cost=0.00..309384.22 rows=14739122 width=75) (actual time=0.015..6518.689 rows=14835720 loops=1)
  ->  Hash  (cost=244351.13..244351.13 rows=610359 width=134) (actual time=5530.642..5530.642 rows=364558 loops=1)
        Buckets: 32768  Batches: 32  Memory Usage: 2043kB
        ->  Hash Join  (cost=129928.86..244351.13 rows=610359 width=134) (actual time=3099.045..5299.274 rows=364558 loops=1)
              Hash Cond: (mc.movie_id = t.id)
              ->  Seq Scan on movie_companies mc  (cost=0.00..57926.93 rows=610359 width=40) (actual time=0.022..1199.223 rows=364558 loops=1)
                    Filter: ((company_id > 11586) AND (company_type_id < 2))
                    Rows Removed by Filter: 2244571
              ->  Hash  (cost=61283.27..61283.27 rows=2528527 width=94) (actual time=3098.320..3098.320 rows=2528312 loops=1)
                    Buckets: 32768  Batches: 128  Memory Usage: 2453kB
                    ->  Seq Scan on title t  (cost=0.00..61283.27 rows=2528527 width=94) (actual time=0.009..1420.353 rows=2528312 loops=1)
Planning time: 1.379 ms
Execution time: 31015.225 ms
