Seq Scan on cast_info ci  (cost=0.00..705507.15 rows=500 width=0) (actual time=3838.579..11038.294 rows=223 loops=1)
  Filter: (person_id = 5463)
  Rows Removed by Filter: 36244121
Planning time: 0.346 ms
Execution time: 11038.410 ms
