Hash Join  (cost=903020.25..942301.36 rows=92563 width=0) (actual time=17369.707..17985.590 rows=64773 loops=1)
  Hash Cond: (mi_idx.movie_id = t.id)
  ->  Seq Scan on movie_info_idx mi_idx  (cost=0.00..21735.35 rows=1380035 width=4) (actual time=0.020..408.790 rows=1380035 loops=1)
  ->  Hash  (cost=900237.30..900237.30 rows=169596 width=8) (actual time=17072.972..17072.972 rows=48394 loops=1)
        Buckets: 131072  Batches: 4  Memory Usage: 1496kB
        ->  Hash Join  (cost=92883.59..900237.30 rows=169596 width=8) (actual time=8218.690..17055.523 rows=48394 loops=1)
              Hash Cond: (ci.movie_id = t.id)
              ->  Seq Scan on cast_info ci  (cost=0.00..796071.18 rows=278315 width=4) (actual time=6394.148..14901.717 rows=96569 loops=1)
                    Filter: ((person_id < 2922987) AND (role_id > 10))
                    Rows Removed by Filter: 36147775
              ->  Hash  (cost=67604.59..67604.59 rows=1540800 width=4) (actual time=1823.009..1823.009 rows=1543264 loops=1)
                    Buckets: 131072  Batches: 32  Memory Usage: 2722kB
                    ->  Seq Scan on title t  (cost=0.00..67604.59 rows=1540800 width=4) (actual time=209.055..1326.944 rows=1543264 loops=1)
                          Filter: (kind_id = 7)
                          Rows Removed by Filter: 985048
Planning time: 1.205 ms
Execution time: 17993.829 ms
