Hash Join  (cost=104570.16..742937.39 rows=13133540 width=0) (actual time=2104.298..19699.532 rows=12435193 loops=1)
  Hash Cond: (mi.movie_id = t.id)
  ->  Seq Scan on movie_info mi  (cost=0.00..309384.22 rows=14739122 width=4) (actual time=0.015..5932.285 rows=14835720 loops=1)
  ->  Hash  (cost=67604.59..67604.59 rows=2253086 width=4) (actual time=2102.747..2102.747 rows=2244594 loops=1)
        Buckets: 131072  Batches: 32  Memory Usage: 3502kB
        ->  Seq Scan on title t  (cost=0.00..67604.59 rows=2253086 width=4) (actual time=0.013..1354.729 rows=2244594 loops=1)
              Filter: (production_year > 1956)
              Rows Removed by Filter: 283718
Planning time: 0.773 ms
Execution time: 21150.892 ms
