Hash Join  (cost=108425.96..196021.42 rows=93743 width=0) (actual time=2657.615..4596.651 rows=386543 loops=1)
  Hash Cond: (mk.movie_id = t.id)
  ->  Seq Scan on movie_keyword mk  (cost=0.00..69693.30 rows=4523930 width=4) (actual time=0.022..950.853 rows=4523930 loops=1)
  ->  Hash  (cost=107771.02..107771.02 rows=52395 width=8) (actual time=2657.079..2657.079 rows=57870 loops=1)
        Buckets: 65536  Batches: 1  Memory Usage: 2773kB
        ->  Hash Join  (cost=69179.59..107771.02 rows=52395 width=8) (actual time=1179.441..2640.548 rows=57870 loops=1)
              Hash Cond: (mi_idx.movie_id = t.id)
              ->  Seq Scan on movie_info_idx mi_idx  (cost=0.00..21735.35 rows=1380035 width=4) (actual time=0.019..509.217 rows=1380035 loops=1)
              ->  Hash  (cost=67604.59..67604.59 rows=96000 width=4) (actual time=1178.647..1178.647 rows=95005 loops=1)
                    Buckets: 131072  Batches: 2  Memory Usage: 2716kB
                    ->  Seq Scan on title t  (cost=0.00..67604.59 rows=96000 width=4) (actual time=0.027..1141.536 rows=95005 loops=1)
                          Filter: (production_year = 2005)
                          Rows Removed by Filter: 2433307
Planning time: 1.138 ms
Execution time: 4646.846 ms
