Seq Scan on cast_info ci  (cost=0.00..796071.18 rows=12124221 width=0) (actual time=1735.690..15453.586 rows=13617206 loops=1)
  Filter: ((person_id > 883585) AND (role_id > 2))
  Rows Removed by Filter: 22627138
Planning time: 0.338 ms
Execution time: 17145.985 ms
