Seq Scan on movie_companies mc  (cost=0.00..57926.93 rows=649108 width=0) (actual time=0.015..996.903 rows=902741 loops=1)
  Filter: ((company_id > 11385) AND (company_type_id > 1))
  Rows Removed by Filter: 1706388
Planning time: 5.942 ms
Execution time: 1111.405 ms
