Seq Scan on movie_companies mc  (cost=0.00..51404.11 rows=1373255 width=0) (actual time=0.026..946.676 rows=1360061 loops=1)
  Filter: (company_id < 11684)
  Rows Removed by Filter: 1249068
Planning time: 8.052 ms
Execution time: 1118.377 ms
