Seq Scan on cast_info ci  (cost=0.00..796071.18 rows=9204661 width=0) (actual time=2863.618..15217.122 rows=12670688 loops=1)
  Filter: ((person_id < 2712695) AND (role_id = 1))
  Rows Removed by Filter: 23573656
Planning time: 0.364 ms
Execution time: 16713.529 ms
