Hash Join  (cost=104131.46..670201.13 rows=8599951 width=0) (actual time=2301.714..18225.556 rows=9302901 loops=1)
  Hash Cond: (mi.movie_id = t.id)
  ->  Seq Scan on movie_info mi  (cost=0.00..346232.03 rows=9767026 width=4) (actual time=126.821..6759.453 rows=9911754 loops=1)
        Filter: (info_type_id > 4)
        Rows Removed by Filter: 4923966
  ->  Hash  (cost=67604.59..67604.59 rows=2226390 width=4) (actual time=2173.988..2173.988 rows=2224569 loops=1)
        Buckets: 131072  Batches: 32  Memory Usage: 3472kB
        ->  Seq Scan on title t  (cost=0.00..67604.59 rows=2226390 width=4) (actual time=0.029..1412.955 rows=2224569 loops=1)
              Filter: (production_year < 2012)
              Rows Removed by Filter: 303743
Planning time: 0.717 ms
Execution time: 19276.712 ms
