Nested Loop  (cost=0.43..83071.67 rows=246 width=0) (actual time=0.789..1281.962 rows=1624 loops=1)
  ->  Seq Scan on movie_keyword mk  (cost=0.00..81003.12 rows=246 width=4) (actual time=0.750..1259.178 rows=1624 loops=1)
        Filter: (keyword_id = 21304)
        Rows Removed by Filter: 4522306
  ->  Index Only Scan using title_pkey on title t  (cost=0.43..8.40 rows=1 width=4) (actual time=0.013..0.013 rows=1 loops=1624)
        Index Cond: (id = mk.movie_id)
        Heap Fetches: 1624
Planning time: 0.771 ms
Execution time: 1282.383 ms
