Hash Join  (cost=82423.69..618407.81 rows=5264920 width=0) (actual time=1519.868..16010.115 rows=4351816 loops=1)
  Hash Cond: (mi.movie_id = t.id)
  ->  Seq Scan on movie_info mi  (cost=0.00..309384.22 rows=14739122 width=4) (actual time=0.013..5919.275 rows=14835720 loops=1)
  ->  Hash  (cost=67604.59..67604.59 rows=903208 width=4) (actual time=1518.745..1518.745 rows=904491 loops=1)
        Buckets: 131072  Batches: 16  Memory Usage: 3017kB
        ->  Seq Scan on title t  (cost=0.00..67604.59 rows=903208 width=4) (actual time=0.034..1218.038 rows=904491 loops=1)
              Filter: (production_year > 2006)
              Rows Removed by Filter: 1623821
Planning time: 0.673 ms
Execution time: 16509.810 ms
