Hash Join  (cost=286004.76..926177.07 rows=13302748 width=0) (actual time=6295.462..47379.128 rows=125615906 loops=1)
  Hash Cond: (mi.movie_id = t.id)
  ->  Seq Scan on movie_info mi  (cost=0.00..309384.22 rows=14739122 width=4) (actual time=0.019..6296.631 rows=14835720 loops=1)
  ->  Hash  (cost=248563.34..248563.34 rows=2282114 width=8) (actual time=6294.017..6294.017 rows=2286262 loops=1)
        Buckets: 131072  Batches: 32  Memory Usage: 3873kB
        ->  Hash Join  (cost=102767.86..248563.34 rows=2282114 width=8) (actual time=1942.856..5679.414 rows=2286262 loops=1)
              Hash Cond: (mk.movie_id = t.id)
              ->  Seq Scan on movie_keyword mk  (cost=0.00..81003.12 rows=2282114 width=4) (actual time=0.018..1673.215 rows=2286262 loops=1)
                    Filter: (keyword_id > 4607)
                    Rows Removed by Filter: 2237668
              ->  Hash  (cost=61283.27..61283.27 rows=2528527 width=4) (actual time=1939.513..1939.513 rows=2528312 loops=1)
                    Buckets: 131072  Batches: 64  Memory Usage: 2425kB
                    ->  Seq Scan on title t  (cost=0.00..61283.27 rows=2528527 width=4) (actual time=0.010..1065.950 rows=2528312 loops=1)
Planning time: 8.176 ms
Execution time: 60833.862 ms
