Hash Join  (cost=844087.60..1308291.92 rows=1349915 width=0) (actual time=23411.494..31461.526 rows=1577484 loops=1)
  Hash Cond: (mi.movie_id = t.id)
  ->  Seq Scan on movie_info mi  (cost=0.00..346232.03 rows=3623957 width=4) (actual time=0.017..5810.187 rows=3624977 loops=1)
        Filter: (info_type_id < 4)
        Rows Removed by Filter: 11210743
  ->  Hash  (cost=828634.23..828634.23 rows=941870 width=8) (actual time=23410.106..23410.106 rows=945184 loops=1)
        Buckets: 131072  Batches: 16  Memory Usage: 3344kB
        ->  Hash Join  (cost=68426.36..828634.23 rows=941870 width=8) (actual time=1014.635..21808.153 rows=945184 loops=1)
              Hash Cond: (ci.movie_id = t.id)
              ->  Seq Scan on cast_info ci  (cost=0.00..614943.12 rows=36225612 width=4) (actual time=0.012..9240.407 rows=36244344 loops=1)
              ->  Hash  (cost=67604.59..67604.59 rows=65742 width=4) (actual time=1013.878..1013.878 rows=63827 loops=1)
                    Buckets: 131072  Batches: 1  Memory Usage: 3268kB
                    ->  Seq Scan on title t  (cost=0.00..67604.59 rows=65742 width=4) (actual time=0.024..987.516 rows=63827 loops=1)
                          Filter: (production_year = 2013)
                          Rows Removed by Filter: 2464485
Planning time: 1.159 ms
Execution time: 31641.174 ms
