Seq Scan on movie_companies mc  (cost=0.00..51404.11 rows=1741927 width=0) (actual time=0.021..930.033 rows=1734934 loops=1)
  Filter: (company_id < 23334)
  Rows Removed by Filter: 874195
Planning time: 0.369 ms
Execution time: 1146.665 ms
