Seq Scan on movie_companies mc  (cost=0.00..57926.93 rows=1165873 width=0) (actual time=0.021..1129.411 rows=1097712 loops=1)
  Filter: ((company_id > 91) AND (company_type_id = 1))
  Rows Removed by Filter: 1511417
Planning time: 5.134 ms
Execution time: 1262.939 ms
