Seq Scan on cast_info ci  (cost=0.00..796071.18 rows=174512 width=0) (actual time=6633.195..13463.202 rows=72013 loops=1)
  Filter: ((person_id < 1775697) AND (role_id > 10))
  Rows Removed by Filter: 36172331
Planning time: 0.358 ms
Execution time: 13472.144 ms
