Hash Join  (cost=98137.04..603005.41 rows=5522641 width=0) (actual time=2293.454..14284.633 rows=3678953 loops=1)
  Hash Cond: (mi.movie_id = t.id)
  ->  Seq Scan on movie_info mi  (cost=0.00..346232.03 rows=7503588 width=4) (actual time=0.022..6588.011 rows=7548855 loops=1)
        Filter: (info_type_id > 7)
        Rows Removed by Filter: 7286865
  ->  Hash  (cost=67604.59..67604.59 rows=1860996 width=4) (actual time=2291.944..2291.944 rows=1865487 loops=1)
        Buckets: 131072  Batches: 32  Memory Usage: 3085kB
        ->  Seq Scan on title t  (cost=0.00..67604.59 rows=1860996 width=4) (actual time=10.787..1443.169 rows=1865487 loops=1)
              Filter: (kind_id > 1)
              Rows Removed by Filter: 662825
Planning time: 14.935 ms
Execution time: 14687.723 ms
