Hash Join  (cost=74445.07..457053.89 rows=152651 width=0) (actual time=1142.892..9206.240 rows=81230 loops=1)
  Hash Cond: (mi.movie_id = t.id)
  ->  Seq Scan on movie_info mi  (cost=0.00..346232.03 rows=9293409 width=4) (actual time=0.011..5957.068 rows=9425200 loops=1)
        Filter: (info_type_id > 5)
        Rows Removed by Filter: 5410520
  ->  Hash  (cost=73925.90..73925.90 rows=41533 width=4) (actual time=1141.477..1141.477 rows=44260 loops=1)
        Buckets: 65536  Batches: 1  Memory Usage: 2069kB
        ->  Seq Scan on title t  (cost=0.00..73925.90 rows=41533 width=4) (actual time=1.349..1122.459 rows=44260 loops=1)
              Filter: ((kind_id > 4) AND (production_year = 2003))
              Rows Removed by Filter: 2484052
Planning time: 1.759 ms
Execution time: 9217.283 ms
