Seq Scan on cast_info ci  (cost=0.00..796071.18 rows=4842996 width=0) (actual time=7764.861..13736.710 rows=9940732 loops=1)
  Filter: ((person_id < 1355527) AND (role_id = 1))
  Rows Removed by Filter: 26303612
Planning time: 0.413 ms
Execution time: 14938.159 ms
