Hash Join  (cost=81720.25..219956.70 rows=1224899 width=0) (actual time=1493.123..5468.857 rows=2628090 loops=1)
  Hash Cond: (mk.movie_id = t.id)
  ->  Seq Scan on movie_keyword mk  (cost=0.00..81003.12 rows=3599824 width=4) (actual time=0.023..1642.050 rows=3589820 loops=1)
        Filter: (keyword_id > 872)
        Rows Removed by Filter: 934110
  ->  Hash  (cost=67604.59..67604.59 rows=860373 width=4) (actual time=1492.179..1492.179 rows=854214 loops=1)
        Buckets: 131072  Batches: 16  Memory Usage: 2906kB
        ->  Seq Scan on title t  (cost=0.00..67604.59 rows=860373 width=4) (actual time=0.015..1213.481 rows=854214 loops=1)
              Filter: (kind_id < 4)
              Rows Removed by Filter: 1674098
Planning time: 0.799 ms
Execution time: 5713.747 ms
