Hash Join  (cost=102767.86..251204.12 rows=2391824 width=0) (actual time=2008.297..5664.057 rows=2391513 loops=1)
  Hash Cond: (mk.movie_id = t.id)
  ->  Seq Scan on movie_keyword mk  (cost=0.00..81003.12 rows=2391824 width=4) (actual time=0.014..1609.485 rows=2391513 loops=1)
        Filter: (keyword_id < 5547)
        Rows Removed by Filter: 2132417
  ->  Hash  (cost=61283.27..61283.27 rows=2528527 width=4) (actual time=2005.985..2005.985 rows=2528312 loops=1)
        Buckets: 131072  Batches: 64  Memory Usage: 2425kB
        ->  Seq Scan on title t  (cost=0.00..61283.27 rows=2528527 width=4) (actual time=0.004..1121.282 rows=2528312 loops=1)
Planning time: 0.513 ms
Execution time: 5920.507 ms
