Seq Scan on movie_companies mc  (cost=0.00..51404.11 rows=16130 width=0) (actual time=309.038..811.030 rows=14878 loops=1)
  Filter: (company_id > 220942)
  Rows Removed by Filter: 2594251
Planning time: 0.339 ms
Execution time: 813.041 ms
