Seq Scan on movie_keyword mk  (cost=0.00..81003.12 rows=4072 width=0) (actual time=0.023..1318.177 rows=2908 loops=1)
  Filter: (keyword_id = 20330)
  Rows Removed by Filter: 4521022
Planning time: 0.372 ms
Execution time: 1318.905 ms
