Hash Join  (cost=200739.55..684652.43 rows=1138773 width=0) (actual time=4187.625..16128.919 rows=4130177 loops=1)
  Hash Cond: (mi.movie_id = t.id)
  ->  Seq Scan on movie_info mi  (cost=0.00..346232.03 rows=9767026 width=4) (actual time=0.030..6949.198 rows=9911754 loops=1)
        Filter: (info_type_id > 4)
        Rows Removed by Filter: 4923966
  ->  Hash  (cost=195902.42..195902.42 rows=294810 width=8) (actual time=4186.474..4186.474 rows=107578 loops=1)
        Buckets: 131072  Batches: 4  Memory Usage: 2007kB
        ->  Hash Join  (cost=70308.29..195902.42 rows=294810 width=8) (actual time=1156.026..4151.714 rows=107578 loops=1)
              Hash Cond: (mk.movie_id = t.id)
              ->  Seq Scan on movie_keyword mk  (cost=0.00..69693.30 rows=4523930 width=4) (actual time=0.016..1384.564 rows=4523930 loops=1)
              ->  Hash  (cost=67604.59..67604.59 rows=164776 width=4) (actual time=1154.951..1154.951 rows=164307 loops=1)
                    Buckets: 131072  Batches: 4  Memory Usage: 2488kB
                    ->  Seq Scan on title t  (cost=0.00..67604.59 rows=164776 width=4) (actual time=0.019..1095.548 rows=164307 loops=1)
                          Filter: (production_year = 2012)
                          Rows Removed by Filter: 2364005
Planning time: 1.213 ms
Execution time: 16616.343 ms
