Hash Join  (cost=131013.94..491104.76 rows=26895 width=0) (actual time=3561.309..8864.201 rows=7759 loops=1)
  Hash Cond: (mi.movie_id = t.id)
  ->  Seq Scan on movie_info mi  (cost=0.00..346232.03 rows=3623957 width=4) (actual time=1056.122..5760.221 rows=3624977 loops=1)
        Filter: (info_type_id < 4)
        Rows Removed by Filter: 11210743
  ->  Hash  (cost=130779.38..130779.38 rows=18765 width=8) (actual time=2504.687..2504.687 rows=6245 loops=1)
        Buckets: 32768  Batches: 1  Memory Usage: 500kB
        ->  Hash Join  (cost=74389.43..130779.38 rows=18765 width=8) (actual time=1564.596..2502.000 rows=6245 loops=1)
              Hash Cond: (mc.movie_id = t.id)
              ->  Seq Scan on movie_companies mc  (cost=0.00..51404.11 rows=1279517 width=4) (actual time=304.534..953.552 rows=1274246 loops=1)
                    Filter: (company_type_id < 2)
                    Rows Removed by Filter: 1334883
              ->  Hash  (cost=73925.90..73925.90 rows=37082 width=4) (actual time=1259.334..1259.334 rows=41935 loops=1)
                    Buckets: 65536  Batches: 1  Memory Usage: 1987kB
                    ->  Seq Scan on title t  (cost=0.00..73925.90 rows=37082 width=4) (actual time=0.038..1241.054 rows=41935 loops=1)
                          Filter: ((kind_id = 7) AND (production_year = 2002))
                          Rows Removed by Filter: 2486377
Planning time: 1.199 ms
Execution time: 8865.562 ms
