Hash Join  (cost=92883.59..171981.39 rows=488314 width=0) (actual time=2021.998..3470.643 rows=202790 loops=1)
  Hash Cond: (mc.movie_id = t.id)
  ->  Seq Scan on movie_companies mc  (cost=0.00..57926.93 rows=801346 width=4) (actual time=188.070..1040.027 rows=501065 loops=1)
        Filter: ((company_id < 15086) AND (company_type_id = 2))
        Rows Removed by Filter: 2108064
  ->  Hash  (cost=67604.59..67604.59 rows=1540800 width=4) (actual time=1832.800..1832.800 rows=1543264 loops=1)
        Buckets: 131072  Batches: 32  Memory Usage: 2722kB
        ->  Seq Scan on title t  (cost=0.00..67604.59 rows=1540800 width=4) (actual time=0.023..1327.206 rows=1543264 loops=1)
              Filter: (kind_id = 7)
              Rows Removed by Filter: 985048
Planning time: 0.846 ms
Execution time: 3496.181 ms
