Hash Join  (cost=187852.19..679922.42 rows=1149333 width=0) (actual time=3642.945..18014.643 rows=10192228 loops=1)
  Hash Cond: (mi.movie_id = t.id)
  ->  Seq Scan on movie_info mi  (cost=0.00..309384.22 rows=14739122 width=4) (actual time=0.023..6019.987 rows=14835720 loops=1)
  ->  Hash  (cost=184616.56..184616.56 rows=197170 width=8) (actual time=3623.563..3623.563 rows=156340 loops=1)
        Buckets: 131072  Batches: 4  Memory Usage: 2572kB
        ->  Hash Join  (cost=91959.31..184616.56 rows=197170 width=8) (actual time=1824.496..3574.219 rows=156340 loops=1)
              Hash Cond: (mk.movie_id = t.id)
              ->  Seq Scan on movie_keyword mk  (cost=0.00..81003.12 rows=335847 width=4) (actual time=0.028..1293.358 rows=333889 loops=1)
                    Filter: (keyword_id > 49467)
                    Rows Removed by Filter: 4190041
              ->  Hash  (cost=67604.59..67604.59 rows=1484458 width=4) (actual time=1822.609..1822.609 rows=1485030 loops=1)
                    Buckets: 131072  Batches: 32  Memory Usage: 2663kB
                    ->  Seq Scan on title t  (cost=0.00..67604.59 rows=1484458 width=4) (actual time=0.015..1326.373 rows=1485030 loops=1)
                          Filter: (production_year > 1998)
                          Rows Removed by Filter: 1043282
Planning time: 2.647 ms
Execution time: 19082.534 ms
