Seq Scan on movie_keyword mk  (cost=0.00..81003.12 rows=2529318 width=0) (actual time=0.023..1378.732 rows=2522547 loops=1)
  Filter: (keyword_id > 3544)
  Rows Removed by Filter: 2001383
Planning time: 0.334 ms
Execution time: 1664.064 ms
