Hash Join  (cost=119805.12..187762.86 rows=67658 width=0) (actual time=2883.314..4192.245 rows=61908 loops=1)
  Hash Cond: (mc.movie_id = t.id)
  ->  Seq Scan on movie_companies mc  (cost=0.00..51404.11 rows=1329612 width=4) (actual time=190.158..1050.904 rows=1334883 loops=1)
        Filter: (company_type_id = 2)
        Rows Removed by Filter: 1274246
  ->  Hash  (cost=117693.81..117693.81 rows=128665 width=8) (actual time=2692.273..2692.273 rows=45630 loops=1)
        Buckets: 131072  Batches: 2  Memory Usage: 1917kB
        ->  Hash Join  (cost=77793.68..117693.81 rows=128665 width=8) (actual time=1604.469..2677.560 rows=45630 loops=1)
              Hash Cond: (mi_idx.movie_id = t.id)
              ->  Seq Scan on movie_info_idx mi_idx  (cost=0.00..21735.35 rows=1380035 width=4) (actual time=0.011..520.170 rows=1380035 loops=1)
              ->  Hash  (cost=73925.90..73925.90 rows=235742 width=4) (actual time=1603.617..1603.617 rows=129555 loops=1)
                    Buckets: 131072  Batches: 4  Memory Usage: 2160kB
                    ->  Seq Scan on title t  (cost=0.00..73925.90 rows=235742 width=4) (actual time=0.051..1132.111 rows=129555 loops=1)
                          Filter: ((production_year < 1971) AND (kind_id = 7))
                          Rows Removed by Filter: 2398757
Planning time: 1.912 ms
Execution time: 4199.837 ms
