Seq Scan on movie_keyword mk  (cost=0.00..81003.12 rows=246 width=0) (actual time=52.924..1132.727 rows=69 loops=1)
  Filter: (keyword_id = 34833)
  Rows Removed by Filter: 4523861
Planning time: 1.057 ms
Execution time: 1132.878 ms
