Hash Join  (cost=73982.55..438902.66 rows=26418 width=0) (actual time=2588.813..8055.292 rows=5 loops=1)
  Hash Cond: (mi.movie_id = t.id)
  ->  Seq Scan on movie_info mi  (cost=0.00..309384.22 rows=14739122 width=4) (actual time=0.015..4309.069 rows=14835720 loops=1)
  ->  Hash  (cost=73925.90..73925.90 rows=4532 width=4) (actual time=1134.710..1134.710 rows=5 loops=1)
        Buckets: 8192  Batches: 1  Memory Usage: 65kB
        ->  Seq Scan on title t  (cost=0.00..73925.90 rows=4532 width=4) (actual time=130.415..1134.696 rows=5 loops=1)
              Filter: ((kind_id = 7) AND (production_year = 1944))
              Rows Removed by Filter: 2528307
Planning time: 0.776 ms
Execution time: 8055.370 ms
