Seq Scan on movie_companies mc  (cost=0.00..51404.11 rows=1805466 width=0) (actual time=0.021..970.194 rows=1799097 loops=1)
  Filter: (company_id < 29231)
  Rows Removed by Filter: 810032
Planning time: 0.352 ms
Execution time: 1200.612 ms
