Hash Join  (cost=108242.29..195405.25 rows=50492 width=0) (actual time=2052.749..3946.541 rows=133767 loops=1)
  Hash Cond: (mk.movie_id = t.id)
  ->  Seq Scan on movie_keyword mk  (cost=0.00..69693.30 rows=4523930 width=4) (actual time=0.021..1008.012 rows=4523930 loops=1)
  ->  Hash  (cost=107889.53..107889.53 rows=28221 width=8) (actual time=2051.927..2051.927 rows=25535 loops=1)
        Buckets: 32768  Batches: 1  Memory Usage: 1254kB
        ->  Hash Join  (cost=76444.38..107889.53 rows=28221 width=8) (actual time=1338.663..2042.365 rows=25535 loops=1)
              Hash Cond: (mi_idx.movie_id = t.id)
              ->  Seq Scan on movie_info_idx mi_idx  (cost=0.00..25185.44 rows=464934 width=4) (actual time=0.024..491.558 rows=460185 loops=1)
                    Filter: (info_type_id > 100)
                    Rows Removed by Filter: 919850
              ->  Hash  (cost=73925.90..73925.90 rows=153478 width=4) (actual time=1337.539..1337.539 rows=134760 loops=1)
                    Buckets: 131072  Batches: 4  Memory Usage: 2216kB
                    ->  Seq Scan on title t  (cost=0.00..73925.90 rows=153478 width=4) (actual time=0.011..1290.310 rows=134760 loops=1)
                          Filter: ((kind_id < 7) AND (production_year > 2010))
                          Rows Removed by Filter: 2393552
Planning time: 1.766 ms
Execution time: 3964.043 ms
