Hash Join  (cost=79509.69..117890.51 rows=123692 width=0) (actual time=1304.122..2287.377 rows=48496 loops=1)
  Hash Cond: (mi_idx.movie_id = t.id)
  ->  Seq Scan on movie_info_idx mi_idx  (cost=0.00..25185.44 rows=919057 width=4) (actual time=0.012..531.133 rows=920110 loops=1)
        Filter: (info_type_id > 99)
        Rows Removed by Filter: 459925
  ->  Hash  (cost=73925.90..73925.90 rows=340303 width=4) (actual time=1303.059..1303.059 rows=202770 loops=1)
        Buckets: 131072  Batches: 8  Memory Usage: 1907kB
        ->  Seq Scan on title t  (cost=0.00..73925.90 rows=340303 width=4) (actual time=0.014..1235.950 rows=202770 loops=1)
              Filter: ((kind_id > 3) AND (production_year < 1980))
              Rows Removed by Filter: 2325542
Planning time: 0.647 ms
Execution time: 2293.998 ms
