Hash Join  (cost=102767.86..216051.00 rows=2161048 width=0) (actual time=1909.574..5141.609 rows=2156854 loops=1)
  Hash Cond: (mc.movie_id = t.id)
  ->  Seq Scan on movie_companies mc  (cost=0.00..51404.11 rows=2161048 width=4) (actual time=0.023..1146.276 rows=2156854 loops=1)
        Filter: (company_id < 77157)
        Rows Removed by Filter: 452275
  ->  Hash  (cost=61283.27..61283.27 rows=2528527 width=4) (actual time=1907.524..1907.524 rows=2528312 loops=1)
        Buckets: 131072  Batches: 64  Memory Usage: 2415kB
        ->  Seq Scan on title t  (cost=0.00..61283.27 rows=2528527 width=4) (actual time=0.017..1076.107 rows=2528312 loops=1)
Planning time: 0.778 ms
Execution time: 5392.885 ms
