Hash Join  (cost=102767.86..238761.21 rows=1874722 width=0) (actual time=1991.646..5197.902 rows=1886366 loops=1)
  Hash Cond: (mk.movie_id = t.id)
  ->  Seq Scan on movie_keyword mk  (cost=0.00..81003.12 rows=1874722 width=4) (actual time=0.019..1556.231 rows=1886366 loops=1)
        Filter: (keyword_id < 3223)
        Rows Removed by Filter: 2637564
  ->  Hash  (cost=61283.27..61283.27 rows=2528527 width=4) (actual time=1990.423..1990.423 rows=2528312 loops=1)
        Buckets: 131072  Batches: 64  Memory Usage: 2425kB
        ->  Seq Scan on title t  (cost=0.00..61283.27 rows=2528527 width=4) (actual time=0.027..1138.526 rows=2528312 loops=1)
Planning time: 0.687 ms
Execution time: 5386.335 ms
