Hash Join  (cost=105814.36..284237.72 rows=4166841 width=0) (actual time=2189.839..7534.564 rows=4264560 loops=1)
  Hash Cond: (mk.movie_id = t.id)
  ->  Seq Scan on movie_keyword mk  (cost=0.00..69693.30 rows=4523930 width=4) (actual time=0.011..1550.926 rows=4523930 loops=1)
  ->  Hash  (cost=67604.59..67604.59 rows=2328942 width=4) (actual time=2187.929..2187.929 rows=2323095 loops=1)
        Buckets: 131072  Batches: 32  Memory Usage: 3589kB
        ->  Seq Scan on title t  (cost=0.00..67604.59 rows=2328942 width=4) (actual time=0.032..1419.259 rows=2323095 loops=1)
              Filter: (production_year > 1936)
              Rows Removed by Filter: 205217
Planning time: 0.761 ms
Execution time: 8040.959 ms
