Hash Join  (cost=103324.96..278440.96 rows=3895405 width=0) (actual time=1984.101..6660.241 rows=3702125 loops=1)
  Hash Cond: (mk.movie_id = t.id)
  ->  Seq Scan on movie_keyword mk  (cost=0.00..69693.30 rows=4523930 width=4) (actual time=0.017..1408.256 rows=4523930 loops=1)
  ->  Hash  (cost=67604.59..67604.59 rows=2177230 width=4) (actual time=1983.086..1983.086 rows=2171163 loops=1)
        Buckets: 131072  Batches: 32  Memory Usage: 3421kB
        ->  Seq Scan on title t  (cost=0.00..67604.59 rows=2177230 width=4) (actual time=0.009..1243.552 rows=2171163 loops=1)
              Filter: (production_year > 1963)
              Rows Removed by Filter: 357149
Planning time: 0.750 ms
Execution time: 7044.063 ms
