Seq Scan on movie_keyword mk  (cost=0.00..81003.12 rows=1888024 width=0) (actual time=0.012..1291.303 rows=1899630 loops=1)
  Filter: (keyword_id < 3256)
  Rows Removed by Filter: 2624300
Planning time: 0.343 ms
Execution time: 1527.478 ms
