Seq Scan on movie_keyword mk  (cost=0.00..81003.12 rows=886313 width=0) (actual time=0.017..1388.797 rows=891908 loops=1)
  Filter: (keyword_id > 20647)
  Rows Removed by Filter: 3632022
Planning time: 0.343 ms
Execution time: 1501.097 ms
