Hash Join  (cost=102767.86..253271.51 rows=2477817 width=0) (actual time=2541.524..6231.225 rows=2473494 loops=1)
  Hash Cond: (mk.movie_id = t.id)
  ->  Seq Scan on movie_keyword mk  (cost=0.00..81003.12 rows=2477817 width=4) (actual time=0.025..1498.729 rows=2473494 loops=1)
        Filter: (keyword_id < 5972)
        Rows Removed by Filter: 2050436
  ->  Hash  (cost=61283.27..61283.27 rows=2528527 width=4) (actual time=2540.581..2540.581 rows=2528312 loops=1)
        Buckets: 131072  Batches: 64  Memory Usage: 2425kB
        ->  Seq Scan on title t  (cost=0.00..61283.27 rows=2528527 width=4) (actual time=0.012..1068.696 rows=2528312 loops=1)
Planning time: 1.453 ms
Execution time: 6508.834 ms
