Hash Join  (cost=102767.86..222581.32 rows=2432452 width=0) (actual time=1999.923..5661.364 rows=2432087 loops=1)
  Hash Cond: (mc.movie_id = t.id)
  ->  Seq Scan on movie_companies mc  (cost=0.00..51404.11 rows=2432452 width=4) (actual time=0.024..1047.255 rows=2432087 loops=1)
        Filter: (company_id < 121370)
        Rows Removed by Filter: 177042
  ->  Hash  (cost=61283.27..61283.27 rows=2528527 width=4) (actual time=1998.617..1998.617 rows=2528312 loops=1)
        Buckets: 131072  Batches: 64  Memory Usage: 2415kB
        ->  Seq Scan on title t  (cost=0.00..61283.27 rows=2528527 width=4) (actual time=0.008..1139.437 rows=2528312 loops=1)
Planning time: 0.763 ms
Execution time: 5964.827 ms
