Nested Loop  (cost=0.43..58375.18 rows=53 width=0) (actual time=126.591..613.448 rows=16 loops=1)
  ->  Seq Scan on movie_companies mc  (cost=0.00..57926.93 rows=53 width=4) (actual time=126.487..613.012 rows=16 loops=1)
        Filter: ((company_type_id > 1) AND (company_id = 1877))
        Rows Removed by Filter: 2609113
  ->  Index Only Scan using title_pkey on title t  (cost=0.43..8.45 rows=1 width=4) (actual time=0.024..0.025 rows=1 loops=16)
        Index Cond: (id = mc.movie_id)
        Heap Fetches: 16
Planning time: 3.581 ms
Execution time: 613.521 ms
