Hash Join  (cost=83072.46..470986.97 rows=61 width=0) (actual time=1266.780..8696.648 rows=735 loops=1)
  Hash Cond: (mi.movie_id = t.id)
  ->  Seq Scan on movie_info mi  (cost=0.00..346232.03 rows=11115165 width=4) (actual time=0.021..5930.401 rows=11210743 loops=1)
        Filter: (info_type_id > 3)
        Rows Removed by Filter: 3624977
  ->  Hash  (cost=83072.29..83072.29 rows=14 width=8) (actual time=1225.818..1225.818 rows=13 loops=1)
        Buckets: 1024  Batches: 1  Memory Usage: 9kB
        ->  Nested Loop  (cost=0.43..83072.29 rows=14 width=8) (actual time=135.791..1225.789 rows=13 loops=1)
              ->  Seq Scan on movie_keyword mk  (cost=0.00..81003.12 rows=246 width=4) (actual time=7.968..1218.439 rows=238 loops=1)
                    Filter: (keyword_id = 3045)
                    Rows Removed by Filter: 4523692
              ->  Index Scan using title_pkey on title t  (cost=0.43..8.40 rows=1 width=4) (actual time=0.028..0.028 rows=0 loops=238)
                    Index Cond: (id = mk.movie_id)
                    Filter: (production_year = 2010)
                    Rows Removed by Filter: 1
Planning time: 1.162 ms
Execution time: 8696.987 ms
