Hash Join  (cost=87146.10..226712.73 rows=1441659 width=0) (actual time=3299.248..5305.062 rows=365019 loops=1)
  Hash Cond: (mk.movie_id = t.id)
  ->  Seq Scan on movie_keyword mk  (cost=0.00..69693.30 rows=4523930 width=4) (actual time=0.018..1495.892 rows=4523930 loops=1)
  ->  Hash  (cost=73925.90..73925.90 rows=805776 width=4) (actual time=1630.668..1630.668 rows=881945 loops=1)
        Buckets: 131072  Batches: 16  Memory Usage: 2976kB
        ->  Seq Scan on title t  (cost=0.00..73925.90 rows=805776 width=4) (actual time=2.130..1313.075 rows=881945 loops=1)
              Filter: ((production_year > 2001) AND (kind_id = 7))
              Rows Removed by Filter: 1646367
Planning time: 0.770 ms
Execution time: 5354.938 ms
