Hash Join  (cost=102767.86..266789.47 rows=3039538 width=0) (actual time=1927.928..6179.477 rows=3023427 loops=1)
  Hash Cond: (mk.movie_id = t.id)
  ->  Seq Scan on movie_keyword mk  (cost=0.00..81003.12 rows=3039538 width=4) (actual time=0.017..1642.346 rows=3023427 loops=1)
        Filter: (keyword_id < 10833)
        Rows Removed by Filter: 1500503
  ->  Hash  (cost=61283.27..61283.27 rows=2528527 width=4) (actual time=1925.740..1925.740 rows=2528312 loops=1)
        Buckets: 131072  Batches: 64  Memory Usage: 2425kB
        ->  Seq Scan on title t  (cost=0.00..61283.27 rows=2528527 width=4) (actual time=0.010..1067.514 rows=2528312 loops=1)
Planning time: 2.023 ms
Execution time: 6529.388 ms
