Hash Join  (cost=82257.13..602350.03 rows=2543427 width=0) (actual time=1333.894..15676.448 rows=6055369 loops=1)
  Hash Cond: (mi.movie_id = t.id)
  ->  Seq Scan on movie_info mi  (cost=0.00..346232.03 rows=12665229 width=4) (actual time=0.022..6860.497 rows=12744652 loops=1)
        Filter: (info_type_id > 2)
        Rows Removed by Filter: 2091068
  ->  Hash  (cost=73925.90..73925.90 rows=507778 width=4) (actual time=1332.943..1332.943 rows=524129 loops=1)
        Buckets: 131072  Batches: 8  Memory Usage: 3348kB
        ->  Seq Scan on title t  (cost=0.00..73925.90 rows=507778 width=4) (actual time=0.020..1085.995 rows=524129 loops=1)
              Filter: ((production_year < 2010) AND (kind_id = 1))
              Rows Removed by Filter: 2004183
Planning time: 0.767 ms
Execution time: 16352.877 ms
