Seq Scan on movie_keyword mk  (cost=0.00..81003.12 rows=246 width=0) (actual time=2.590..1378.659 rows=2029 loops=1)
  Filter: (keyword_id = 402)
  Rows Removed by Filter: 4521901
Planning time: 0.420 ms
Execution time: 1379.412 ms
