Hash Join  (cost=92883.59..162608.16 rows=186245 width=0) (actual time=1883.865..3256.862 rows=258944 loops=1)
  Hash Cond: (mc.movie_id = t.id)
  ->  Seq Scan on movie_companies mc  (cost=0.00..57926.93 rows=305637 width=4) (actual time=93.728..910.639 rows=446435 loops=1)
        Filter: ((company_id < 774) AND (company_type_id = 1))
        Rows Removed by Filter: 2162694
  ->  Hash  (cost=67604.59..67604.59 rows=1540800 width=4) (actual time=1788.612..1788.612 rows=1543264 loops=1)
        Buckets: 131072  Batches: 32  Memory Usage: 2722kB
        ->  Seq Scan on title t  (cost=0.00..67604.59 rows=1540800 width=4) (actual time=1.523..1289.726 rows=1543264 loops=1)
              Filter: (kind_id = 7)
              Rows Removed by Filter: 985048
Planning time: 0.762 ms
Execution time: 3289.775 ms
