Seq Scan on movie_companies mc  (cost=0.00..57926.93 rows=53 width=0) (actual time=804.214..970.522 rows=8 loops=1)
  Filter: ((company_type_id > 1) AND (company_id = 104719))
  Rows Removed by Filter: 2609121
Planning time: 0.401 ms
Execution time: 970.630 ms
