Hash Join  (cost=98498.33..559538.55 rows=3690853 width=0) (actual time=1829.997..11234.473 rows=2281236 loops=1)
  Hash Cond: (mi.movie_id = t.id)
  ->  Seq Scan on movie_info mi  (cost=0.00..346232.03 rows=6231111 width=4) (actual time=0.019..5378.014 rows=6223494 loops=1)
        Filter: (info_type_id > 8)
        Rows Removed by Filter: 8612226
  ->  Hash  (cost=73925.90..73925.90 rows=1497714 width=4) (actual time=1828.954..1828.954 rows=1478440 loops=1)
        Buckets: 131072  Batches: 32  Memory Usage: 2656kB
        ->  Seq Scan on title t  (cost=0.00..73925.90 rows=1497714 width=4) (actual time=263.949..1343.263 rows=1478440 loops=1)
              Filter: ((production_year > 0) AND (kind_id = 7))
              Rows Removed by Filter: 1049872
Planning time: 0.760 ms
Execution time: 11508.164 ms
