Hash Join  (cost=150482.24..1018797.83 rows=227311 width=0) (actual time=7109.111..19770.808 rows=717469 loops=1)
  Hash Cond: (ci.movie_id = t.id)
  ->  Seq Scan on cast_info ci  (cost=0.00..796071.18 rows=6019280 width=4) (actual time=3860.676..13204.684 rows=9272703 loops=1)
        Filter: ((person_id > 2773978) AND (role_id > 1))
        Rows Removed by Filter: 26971641
  ->  Hash  (cost=148915.65..148915.65 rows=95487 width=8) (actual time=3247.394..3247.394 rows=40006 loops=1)
        Buckets: 131072  Batches: 2  Memory Usage: 1804kB
        ->  Hash Join  (cost=76243.83..148915.65 rows=95487 width=8) (actual time=1452.715..3233.750 rows=40006 loops=1)
              Hash Cond: (mc.movie_id = t.id)
              ->  Seq Scan on movie_companies mc  (cost=0.00..51404.11 rows=1709023 width=4) (actual time=0.046..1120.284 rows=1699880 loops=1)
                    Filter: (company_id < 20887)
                    Rows Removed by Filter: 909249
              ->  Hash  (cost=73925.90..73925.90 rows=141274 width=4) (actual time=1451.547..1451.547 rows=150659 loops=1)
                    Buckets: 131072  Batches: 2  Memory Usage: 3673kB
                    ->  Seq Scan on title t  (cost=0.00..73925.90 rows=141274 width=4) (actual time=0.103..1226.714 rows=150659 loops=1)
                          Filter: ((production_year > 2011) AND (kind_id = 7))
                          Rows Removed by Filter: 2377653
Planning time: 1.190 ms
Execution time: 19858.406 ms
