Hash Join  (cost=92883.59..256715.88 rows=2475670 width=0) (actual time=3185.707..5947.895 rows=586396 loops=1)
  Hash Cond: (mk.movie_id = t.id)
  ->  Seq Scan on movie_keyword mk  (cost=0.00..81003.12 rows=4062693 width=4) (actual time=0.013..1918.747 rows=4051881 loops=1)
        Filter: (keyword_id > 356)
        Rows Removed by Filter: 472049
  ->  Hash  (cost=67604.59..67604.59 rows=1540800 width=4) (actual time=1774.844..1774.844 rows=1543264 loops=1)
        Buckets: 131072  Batches: 32  Memory Usage: 2728kB
        ->  Seq Scan on title t  (cost=0.00..67604.59 rows=1540800 width=4) (actual time=0.024..1257.915 rows=1543264 loops=1)
              Filter: (kind_id = 7)
              Rows Removed by Filter: 985048
Planning time: 2.129 ms
Execution time: 6025.225 ms
