Hash Join  (cost=106094.70..286466.57 rows=3788534 width=0) (actual time=1994.894..6963.700 rows=3949732 loops=1)
  Hash Cond: (mk.movie_id = t.id)
  ->  Seq Scan on movie_keyword mk  (cost=0.00..81003.12 rows=4083280 width=4) (actual time=0.030..1717.216 rows=4070600 loops=1)
        Filter: (keyword_id > 347)
        Rows Removed by Filter: 453330
  ->  Hash  (cost=67604.59..67604.59 rows=2346009 width=4) (actual time=1993.792..1993.792 rows=2338360 loops=1)
        Buckets: 131072  Batches: 32  Memory Usage: 3606kB
        ->  Seq Scan on title t  (cost=0.00..67604.59 rows=2346009 width=4) (actual time=0.015..1243.422 rows=2338360 loops=1)
              Filter: (production_year > 1930)
              Rows Removed by Filter: 189952
Planning time: 0.745 ms
Execution time: 7428.164 ms
