Hash Join  (cost=89678.24..159401.40 rows=360136 width=0) (actual time=1603.460..3496.605 rows=752966 loops=1)
  Hash Cond: (mc.movie_id = t.id)
  ->  Seq Scan on movie_companies mc  (cost=0.00..51404.11 rows=948449 width=4) (actual time=0.014..978.175 rows=956682 loops=1)
        Filter: (company_id > 18264)
        Rows Removed by Filter: 1652447
  ->  Hash  (cost=73925.90..73925.90 rows=960107 width=4) (actual time=1602.429..1602.429 rows=977778 loops=1)
        Buckets: 131072  Batches: 16  Memory Usage: 3172kB
        ->  Seq Scan on title t  (cost=0.00..73925.90 rows=960107 width=4) (actual time=0.018..1294.362 rows=977778 loops=1)
              Filter: ((kind_id < 7) AND (production_year > 0))
              Rows Removed by Filter: 1550534
Planning time: 0.792 ms
Execution time: 3585.301 ms
