Hash Join  (cost=58375.85..811608.38 rows=267 width=0) (actual time=8209.454..15803.600 rows=1188 loops=1)
  Hash Cond: (ci.movie_id = t.id)
  ->  Seq Scan on cast_info ci  (cost=0.00..705507.15 rows=12726058 width=4) (actual time=7364.424..13073.217 rows=12670688 loops=1)
        Filter: (role_id = 1)
        Rows Removed by Filter: 23573656
  ->  Hash  (cost=58375.18..58375.18 rows=53 width=8) (actual time=836.542..836.542 rows=619 loops=1)
        Buckets: 1024  Batches: 1  Memory Usage: 33kB
        ->  Nested Loop  (cost=0.43..58375.18 rows=53 width=8) (actual time=0.237..836.184 rows=619 loops=1)
              ->  Seq Scan on movie_companies mc  (cost=0.00..57926.93 rows=53 width=4) (actual time=0.170..809.674 rows=619 loops=1)
                    Filter: ((company_id = 94756) AND (company_type_id = 2))
                    Rows Removed by Filter: 2608510
              ->  Index Only Scan using title_pkey on title t  (cost=0.43..8.45 rows=1 width=4) (actual time=0.041..0.042 rows=1 loops=619)
                    Index Cond: (id = mc.movie_id)
                    Heap Fetches: 619
Planning time: 1.238 ms
Execution time: 15804.137 ms
