Hash Join  (cost=178709.62..317762.73 rows=1399507 width=0) (actual time=4996.632..16456.237 rows=30947404 loops=1)
  Hash Cond: (mk.movie_id = t.id)
  ->  Seq Scan on movie_keyword mk  (cost=0.00..69693.30 rows=4523930 width=4) (actual time=0.013..1351.368 rows=4523930 loops=1)
  ->  Hash  (cost=165875.92..165875.92 rows=782216 width=8) (actual time=4995.671..4995.671 rows=1501947 loops=1)
        Buckets: 131072 (originally 131072)  Batches: 32 (originally 16)  Memory Usage: 3073kB
        ->  Hash Join  (cost=80042.24..165875.92 rows=782216 width=8) (actual time=1773.997..4540.661 rows=1501947 loops=1)
              Hash Cond: (mc.movie_id = t.id)
              ->  Seq Scan on movie_companies mc  (cost=0.00..44881.29 rows=2609129 width=4) (actual time=0.020..940.165 rows=2609129 loops=1)
              ->  Hash  (cost=67604.59..67604.59 rows=758052 width=4) (actual time=1773.176..1773.176 rows=753677 loops=1)
                    Buckets: 131072  Batches: 16  Memory Usage: 2677kB
                    ->  Seq Scan on title t  (cost=0.00..67604.59 rows=758052 width=4) (actual time=0.026..1052.608 rows=753677 loops=1)
                          Filter: (kind_id < 3)
                          Rows Removed by Filter: 1774635
Planning time: 1.087 ms
Execution time: 20184.497 ms
