Hash Join  (cost=370107.36..1561818.71 rows=20053736 width=0) (actual time=10653.132..35725.347 rows=36679107 loops=1)
  Hash Cond: (ci.movie_id = t.id)
  ->  Seq Scan on cast_info ci  (cost=0.00..796071.18 rows=11629042 width=4) (actual time=2239.390..15353.151 rows=5959055 loops=1)
        Filter: ((person_id < 2688864) AND (role_id > 2))
        Rows Removed by Filter: 30285289
  ->  Hash  (cost=298570.28..298570.28 rows=4360326 width=8) (actual time=8412.265..8412.265 rows=4346368 loops=1)
        Buckets: 131072  Batches: 64  Memory Usage: 3704kB
        ->  Hash Join  (cost=102767.86..298570.28 rows=4360326 width=8) (actual time=1871.426..7232.923 rows=4346368 loops=1)
              Hash Cond: (mk.movie_id = t.id)
              ->  Seq Scan on movie_keyword mk  (cost=0.00..81003.12 rows=4360326 width=4) (actual time=0.036..1829.713 rows=4346368 loops=1)
                    Filter: (keyword_id > 121)
                    Rows Removed by Filter: 177562
              ->  Hash  (cost=61283.27..61283.27 rows=2528527 width=4) (actual time=1868.574..1868.574 rows=2528312 loops=1)
                    Buckets: 131072  Batches: 64  Memory Usage: 2425kB
                    ->  Seq Scan on title t  (cost=0.00..61283.27 rows=2528527 width=4) (actual time=0.018..1020.438 rows=2528312 loops=1)
Planning time: 0.979 ms
Execution time: 39573.095 ms
