Seq Scan on movie_keyword mk  (cost=0.00..81003.12 rows=1009583 width=0) (actual time=0.018..1250.453 rows=1016315 loops=1)
  Filter: (keyword_id > 17759)
  Rows Removed by Filter: 3507615
Planning time: 0.338 ms
Execution time: 1378.047 ms
