Hash Join  (cost=78473.92..565817.18 rows=2559088 width=0) (actual time=1333.424..12949.165 rows=1898035 loops=1)
  Hash Cond: (mi.movie_id = t.id)
  ->  Seq Scan on movie_info mi  (cost=0.00..346232.03 rows=9767026 width=4) (actual time=0.021..6409.509 rows=9911754 loops=1)
        Filter: (info_type_id > 4)
        Rows Removed by Filter: 4923966
  ->  Hash  (cost=67604.59..67604.59 rows=662507 width=4) (actual time=1332.216..1332.216 rows=662065 loops=1)
        Buckets: 131072  Batches: 16  Memory Usage: 2487kB
        ->  Seq Scan on title t  (cost=0.00..67604.59 rows=662507 width=4) (actual time=0.038..1106.503 rows=662065 loops=1)
              Filter: (production_year > 2008)
              Rows Removed by Filter: 1866247
Planning time: 2.475 ms
Execution time: 13167.323 ms
