Hash Join  (cost=250937.74..726869.53 rows=4050851 width=0) (actual time=5782.437..20666.959 rows=18877795 loops=1)
  Hash Cond: (mi.movie_id = t.id)
  ->  Seq Scan on movie_info mi  (cost=0.00..346232.03 rows=7235534 width=4) (actual time=0.017..6274.106 rows=7286865 loops=1)
        Filter: (info_type_id < 8)
        Rows Removed by Filter: 7548855
  ->  Hash  (cost=227712.63..227712.63 rows=1415609 width=8) (actual time=5781.146..5781.146 rows=1429133 loops=1)
        Buckets: 131072  Batches: 32  Memory Usage: 2836kB
        ->  Hash Join  (cost=102767.86..227712.63 rows=1415609 width=8) (actual time=1947.841..5354.085 rows=1429133 loops=1)
              Hash Cond: (mk.movie_id = t.id)
              ->  Seq Scan on movie_keyword mk  (cost=0.00..81003.12 rows=1415609 width=4) (actual time=0.017..1542.631 rows=1429133 loops=1)
                    Filter: (keyword_id > 11662)
                    Rows Removed by Filter: 3094797
              ->  Hash  (cost=61283.27..61283.27 rows=2528527 width=4) (actual time=1945.811..1945.811 rows=2528312 loops=1)
                    Buckets: 131072  Batches: 64  Memory Usage: 2425kB
                    ->  Seq Scan on title t  (cost=0.00..61283.27 rows=2528527 width=4) (actual time=0.012..1065.319 rows=2528312 loops=1)
Planning time: 1.185 ms
Execution time: 22843.257 ms
