Hash Join  (cost=1018504.83..3136045.58 rows=84339754 width=0) (actual time=26440.620..88988.858 rows=147491963 loops=1)
  Hash Cond: (ci.movie_id = t.id)
  ->  Seq Scan on cast_info ci  (cost=0.00..796071.18 rows=14468660 width=4) (actual time=2150.864..17549.185 rows=12204130 loops=1)
        Filter: ((person_id < 3341759) AND (role_id > 2))
        Rows Removed by Filter: 24040214
  ->  Hash  (cost=776690.81..776690.81 rows=14739122 width=8) (actual time=24288.045..24288.045 rows=14835720 loops=1)
        Buckets: 131072  Batches: 256  Memory Usage: 3268kB
        ->  Hash Join  (cost=102767.86..776690.81 rows=14739122 width=8) (actual time=1918.303..20402.182 rows=14835720 loops=1)
              Hash Cond: (mi.movie_id = t.id)
              ->  Seq Scan on movie_info mi  (cost=0.00..309384.22 rows=14739122 width=4) (actual time=0.034..6281.330 rows=14835720 loops=1)
              ->  Hash  (cost=61283.27..61283.27 rows=2528527 width=4) (actual time=1916.939..1916.939 rows=2528312 loops=1)
                    Buckets: 131072  Batches: 64  Memory Usage: 2425kB
                    ->  Seq Scan on title t  (cost=0.00..61283.27 rows=2528527 width=4) (actual time=0.020..1044.609 rows=2528312 loops=1)
Planning time: 1.202 ms
Execution time: 105056.268 ms
