Hash Join  (cost=160103.04..1085909.93 rows=2379843 width=0) (actual time=7131.540..27502.811 rows=6033606 loops=1)
  Hash Cond: (ci.movie_id = t.id)
  ->  Seq Scan on cast_info ci  (cost=0.00..796071.18 rows=8934476 width=4) (actual time=3628.446..13939.446 rows=13938571 loops=1)
        Filter: ((person_id > 2273022) AND (role_id > 1))
        Rows Removed by Filter: 22305773
  ->  Hash  (cost=149053.12..149053.12 rows=673514 width=8) (actual time=3501.804..3501.804 rows=500090 loops=1)
        Buckets: 131072  Batches: 16  Memory Usage: 2253kB
        ->  Hash Join  (cost=98137.04..149053.12 rows=673514 width=8) (actual time=2004.360..3352.447 rows=500090 loops=1)
              Hash Cond: (mi_idx.movie_id = t.id)
              ->  Seq Scan on movie_info_idx mi_idx  (cost=0.00..25185.44 rows=915101 width=4) (actual time=0.031..457.368 rows=919850 loops=1)
                    Filter: (info_type_id < 101)
                    Rows Removed by Filter: 460185
              ->  Hash  (cost=67604.59..67604.59 rows=1860996 width=4) (actual time=2002.224..2002.224 rows=1865487 loops=1)
                    Buckets: 131072  Batches: 32  Memory Usage: 3079kB
                    ->  Seq Scan on title t  (cost=0.00..67604.59 rows=1860996 width=4) (actual time=0.019..1416.842 rows=1865487 loops=1)
                          Filter: (kind_id > 1)
                          Rows Removed by Filter: 662825
Planning time: 1.214 ms
Execution time: 28219.925 ms
