Hash Join  (cost=170203.84..925204.22 rows=421126 width=0) (actual time=3233.141..24509.534 rows=1136479 loops=1)
  Hash Cond: (ci.movie_id = t.id)
  ->  Seq Scan on cast_info ci  (cost=0.00..614943.12 rows=36225612 width=4) (actual time=0.009..9361.454 rows=36244344 loops=1)
  ->  Hash  (cost=169836.42..169836.42 rows=29394 width=8) (actual time=3232.795..3232.795 rows=71584 loops=1)
        Buckets: 131072 (originally 32768)  Batches: 1 (originally 1)  Memory Usage: 3821kB
        ->  Hash Join  (cost=83810.17..169836.42 rows=29394 width=8) (actual time=1616.537..3208.360 rows=71584 loops=1)
              Hash Cond: (mk.movie_id = t.id)
              ->  Seq Scan on movie_keyword mk  (cost=0.00..81003.12 rows=75248 width=4) (actual time=0.041..1387.113 rows=72496 loops=1)
                    Filter: (keyword_id = 335)
                    Rows Removed by Filter: 4451434
              ->  Hash  (cost=67604.59..67604.59 rows=987727 width=4) (actual time=1615.120..1615.120 rows=985048 loops=1)
                    Buckets: 131072  Batches: 16  Memory Usage: 3197kB
                    ->  Seq Scan on title t  (cost=0.00..67604.59 rows=987727 width=4) (actual time=0.012..1311.875 rows=985048 loops=1)
                          Filter: (kind_id < 7)
                          Rows Removed by Filter: 1543264
Planning time: 6.777 ms
Execution time: 24668.884 ms
