Seq Scan on title t  (cost=0.00..73925.90 rows=94822 width=0) (actual time=0.016..674.846 rows=194973 loops=1)
  Filter: ((kind_id < 7) AND (production_year < 1960))
  Rows Removed by Filter: 2333339
Planning time: 0.226 ms
Execution time: 691.111 ms
