Seq Scan on movie_companies mc  (cost=0.00..51404.11 rows=843865 width=0) (actual time=0.025..921.872 rows=853184 loops=1)
  Filter: (company_id > 24867)
  Rows Removed by Filter: 1755945
Planning time: 0.352 ms
Execution time: 1025.016 ms
