Hash Join  (cost=80549.28..113425.58 rows=74174 width=0) (actual time=1576.103..2111.182 rows=32289 loops=1)
  Hash Cond: (mi_idx.movie_id = t.id)
  ->  Seq Scan on movie_info_idx mi_idx  (cost=0.00..25185.44 rows=464566 width=4) (actual time=0.017..494.929 rows=459925 loops=1)
        Filter: (info_type_id = 101)
        Rows Removed by Filter: 920110
  ->  Hash  (cost=73925.90..73925.90 rows=403710 width=4) (actual time=1342.696..1342.696 rows=434218 loops=1)
        Buckets: 131072  Batches: 8  Memory Usage: 2935kB
        ->  Seq Scan on title t  (cost=0.00..73925.90 rows=403710 width=4) (actual time=0.020..1205.378 rows=434218 loops=1)
              Filter: ((production_year > 2008) AND (kind_id = 7))
              Rows Removed by Filter: 2094094
Planning time: 0.599 ms
Execution time: 2114.713 ms
