Hash Join  (cost=83074.23..109985.29 rows=58 width=0) (actual time=1793.032..2052.782 rows=930 loops=1)
  Hash Cond: (mi_idx.movie_id = t.id)
  ->  Seq Scan on movie_info_idx mi_idx  (cost=0.00..21735.35 rows=1380035 width=4) (actual time=0.010..326.406 rows=1380035 loops=1)
  ->  Hash  (cost=83072.90..83072.90 rows=106 width=8) (actual time=1457.687..1457.687 rows=611 loops=1)
        Buckets: 1024  Batches: 1  Memory Usage: 32kB
        ->  Nested Loop  (cost=0.43..83072.90 rows=106 width=8) (actual time=612.768..1457.331 rows=611 loops=1)
              ->  Seq Scan on movie_keyword mk  (cost=0.00..81003.12 rows=246 width=4) (actual time=1.244..1382.411 rows=1515 loops=1)
                    Filter: (keyword_id = 18)
                    Rows Removed by Filter: 4522415
              ->  Index Scan using title_pkey on title t  (cost=0.43..8.40 rows=1 width=4) (actual time=0.048..0.048 rows=0 loops=1515)
                    Index Cond: (id = mk.movie_id)
                    Filter: ((production_year < 2009) AND (kind_id = 7))
                    Rows Removed by Filter: 1
Planning time: 1.151 ms
Execution time: 2053.098 ms
