Hash Join  (cost=99161.12..178860.98 rows=531159 width=0) (actual time=1953.217..3663.460 rows=425704 loops=1)
  Hash Cond: (mc.movie_id = t.id)
  ->  Seq Scan on movie_companies mc  (cost=0.00..57926.93 rows=698267 width=4) (actual time=0.024..1046.759 rows=483905 loops=1)
        Filter: ((company_id > 10175) AND (company_type_id = 1))
        Rows Removed by Filter: 2125224
  ->  Hash  (cost=67604.59..67604.59 rows=1923403 width=4) (actual time=1952.309..1952.309 rows=1922849 loops=1)
        Buckets: 131072  Batches: 32  Memory Usage: 3132kB
        ->  Seq Scan on title t  (cost=0.00..67604.59 rows=1923403 width=4) (actual time=0.021..1345.194 rows=1922849 loops=1)
              Filter: (production_year < 2010)
              Rows Removed by Filter: 605463
Planning time: 0.731 ms
Execution time: 3711.947 ms
