Hash Join  (cost=188996.29..1350589.33 rows=12439787 width=0) (actual time=4154.917..36146.571 rows=13610852 loops=1)
  Hash Cond: (ci.movie_id = t.id)
  ->  Seq Scan on cast_info ci  (cost=0.00..614943.12 rows=36225612 width=4) (actual time=0.023..13097.378 rows=36244344 loops=1)
  ->  Hash  (cost=174750.67..174750.67 rows=868290 width=8) (actual time=4153.383..4153.383 rows=343121 loops=1)
        Buckets: 131072  Batches: 16  Memory Usage: 1842kB
        ->  Hash Join  (cost=87731.24..174750.67 rows=868290 width=8) (actual time=1816.635..4061.106 rows=343121 loops=1)
              Hash Cond: (mc.movie_id = t.id)
              ->  Seq Scan on movie_companies mc  (cost=0.00..44881.29 rows=2609129 width=4) (actual time=0.020..905.164 rows=2609129 loops=1)
              ->  Hash  (cost=73925.90..73925.90 rows=841467 width=4) (actual time=1751.019..1751.019 rows=921643 loops=1)
                    Buckets: 131072  Batches: 16  Memory Usage: 3057kB
                    ->  Seq Scan on title t  (cost=0.00..73925.90 rows=841467 width=4) (actual time=0.025..1460.908 rows=921643 loops=1)
                          Filter: ((production_year > 2000) AND (kind_id = 7))
                          Rows Removed by Filter: 1606669
Planning time: 2.359 ms
Execution time: 37549.126 ms
