Nested Loop  (cost=0.43..83072.29 rows=12 width=0) (actual time=576.789..1268.933 rows=2 loops=1)
  ->  Seq Scan on movie_keyword mk  (cost=0.00..81003.12 rows=246 width=4) (actual time=24.950..1262.705 rows=106 loops=1)
        Filter: (keyword_id = 14742)
        Rows Removed by Filter: 4523824
  ->  Index Scan using title_pkey on title t  (cost=0.43..8.40 rows=1 width=4) (actual time=0.055..0.055 rows=0 loops=106)
        Index Cond: (id = mk.movie_id)
        Filter: (production_year = 2009)
        Rows Removed by Filter: 1
Planning time: 0.801 ms
Execution time: 1269.023 ms
