Hash Join  (cost=102767.86..195070.58 rows=1018079 width=0) (actual time=1974.976..4373.444 rows=1163484 loops=1)
  Hash Cond: (mc.movie_id = t.id)
  ->  Seq Scan on movie_companies mc  (cost=0.00..57926.93 rows=1018079 width=4) (actual time=32.752..1202.947 rows=1163484 loops=1)
        Filter: ((company_id > 708) AND (company_type_id = 2))
        Rows Removed by Filter: 1445645
  ->  Hash  (cost=61283.27..61283.27 rows=2528527 width=4) (actual time=1940.837..1940.837 rows=2528312 loops=1)
        Buckets: 131072  Batches: 64  Memory Usage: 2415kB
        ->  Seq Scan on title t  (cost=0.00..61283.27 rows=2528527 width=4) (actual time=0.026..1086.838 rows=2528312 loops=1)
Planning time: 8.930 ms
Execution time: 4493.508 ms
