Seq Scan on title t  (cost=0.00..73925.90 rows=538357 width=0) (actual time=0.018..1147.995 rows=564943 loops=1)
  Filter: ((kind_id < 3) AND (production_year < 2009))
  Rows Removed by Filter: 1963369
Planning time: 0.349 ms
Execution time: 1219.710 ms
