Seq Scan on cast_info ci  (cost=0.00..705507.15 rows=26556384 width=0) (actual time=0.236..12948.198 rows=26608038 loops=1)
  Filter: (person_id < 2744228)
  Rows Removed by Filter: 9636306
Planning time: 0.348 ms
Execution time: 16137.808 ms
