Hash Join  (cost=76243.83..187891.47 rows=138704 width=0) (actual time=5026.089..5768.789 rows=23006 loops=1)
  Hash Cond: (mk.movie_id = t.id)
  ->  Seq Scan on movie_keyword mk  (cost=0.00..81003.12 rows=2482526 width=4) (actual time=0.020..1586.978 rows=2477214 loops=1)
        Filter: (keyword_id > 3654)
        Rows Removed by Filter: 2046716
  ->  Hash  (cost=73925.90..73925.90 rows=141274 width=4) (actual time=3384.847..3384.847 rows=150659 loops=1)
        Buckets: 131072  Batches: 2  Memory Usage: 3679kB
        ->  Seq Scan on title t  (cost=0.00..73925.90 rows=141274 width=4) (actual time=0.016..3329.461 rows=150659 loops=1)
              Filter: ((production_year > 2011) AND (kind_id = 7))
              Rows Removed by Filter: 2377653
Planning time: 1.082 ms
Execution time: 5771.765 ms
