Seq Scan on cast_info ci  (cost=0.00..705507.15 rows=500 width=0) (actual time=720.182..10907.259 rows=19 loops=1)
  Filter: (person_id = 2914950)
  Rows Removed by Filter: 36244325
Planning time: 0.300 ms
Execution time: 10907.376 ms
