Hash Join  (cost=709674.54..796332.78 rows=20 width=0) (actual time=11715.213..12943.185 rows=8 loops=1)
  Hash Cond: (mk.movie_id = t.id)
  ->  Seq Scan on movie_keyword mk  (cost=0.00..69693.30 rows=4523930 width=4) (actual time=0.012..1056.680 rows=4523930 loops=1)
  ->  Hash  (cost=709674.40..709674.40 rows=11 width=8) (actual time=11136.215..11136.215 rows=3 loops=1)
        Buckets: 1024  Batches: 1  Memory Usage: 9kB
        ->  Nested Loop  (cost=0.43..709674.40 rows=11 width=8) (actual time=2031.910..11136.143 rows=3 loops=1)
              ->  Seq Scan on cast_info ci  (cost=0.00..705507.15 rows=500 width=4) (actual time=2031.092..11130.721 rows=328 loops=1)
                    Filter: (person_id = 1009565)
                    Rows Removed by Filter: 36244016
              ->  Index Scan using title_pkey on title t  (cost=0.43..8.32 rows=1 width=4) (actual time=0.016..0.016 rows=0 loops=328)
                    Index Cond: (id = ci.movie_id)
                    Filter: ((production_year > 2003) AND (kind_id = 4))
                    Rows Removed by Filter: 1
Planning time: 1.084 ms
Execution time: 12943.304 ms
