Hash Join  (cost=266347.72..890983.26 rows=11846668 width=0) (actual time=6500.963..49264.267 rows=132015316 loops=1)
  Hash Cond: (mi.movie_id = t.id)
  ->  Seq Scan on movie_info mi  (cost=0.00..309384.22 rows=14739122 width=4) (actual time=0.015..6312.594 rows=14835720 loops=1)
  ->  Hash  (cost=233004.71..233004.71 rows=2032321 width=8) (actual time=6499.014..6499.014 rows=2644064 loops=1)
        Buckets: 131072 (originally 131072)  Batches: 64 (originally 32)  Memory Usage: 3073kB
        ->  Hash Join  (cost=86241.46..233004.71 rows=2032321 width=8) (actual time=1645.773..5769.413 rows=2644064 loops=1)
              Hash Cond: (mk.movie_id = t.id)
              ->  Seq Scan on movie_keyword mk  (cost=0.00..69693.30 rows=4523930 width=4) (actual time=0.017..1417.575 rows=4523930 loops=1)
              ->  Hash  (cost=67604.59..67604.59 rows=1135910 width=4) (actual time=1645.107..1645.107 rows=1133355 loops=1)
                    Buckets: 131072  Batches: 16  Memory Usage: 3523kB
                    ->  Seq Scan on title t  (cost=0.00..67604.59 rows=1135910 width=4) (actual time=0.008..1276.571 rows=1133355 loops=1)
                          Filter: (production_year < 2002)
                          Rows Removed by Filter: 1394957
Planning time: 1.140 ms
Execution time: 63652.957 ms
