Hash Join  (cost=127249.24..1192359.15 rows=3047578 width=0) (actual time=3016.786..37257.874 rows=11792312 loops=1)
  Hash Cond: (ci.movie_id = t.id)
  ->  Seq Scan on cast_info ci  (cost=0.00..614943.12 rows=36225612 width=4) (actual time=0.024..13171.157 rows=36244344 loops=1)
  ->  Hash  (cost=123759.25..123759.25 rows=212719 width=8) (actual time=3015.840..3015.840 rows=401856 loops=1)
        Buckets: 131072 (originally 131072)  Batches: 8 (originally 4)  Memory Usage: 3073kB
        ->  Hash Join  (cost=83568.99..123759.25 rows=212719 width=8) (actual time=1651.377..2885.407 rows=401856 loops=1)
              Hash Cond: (mi_idx.movie_id = t.id)
              ->  Seq Scan on movie_info_idx mi_idx  (cost=0.00..25185.44 rows=915101 width=4) (actual time=0.031..565.177 rows=919850 loops=1)
                    Filter: (info_type_id < 101)
                    Rows Removed by Filter: 460185
              ->  Hash  (cost=73925.90..73925.90 rows=587767 width=4) (actual time=1417.705..1417.705 rows=594730 loops=1)
                    Buckets: 131072  Batches: 8  Memory Usage: 3648kB
                    ->  Seq Scan on title t  (cost=0.00..73925.90 rows=587767 width=4) (actual time=473.370..1222.619 rows=594730 loops=1)
                          Filter: ((kind_id < 2) AND (production_year < 2012))
                          Rows Removed by Filter: 1933582
Planning time: 1.153 ms
Execution time: 38719.371 ms
