Hash Join  (cost=74576.74..101601.42 rows=9574 width=0) (actual time=1265.689..1955.920 rows=32883 loops=1)
  Hash Cond: (mi_idx.movie_id = t.id)
  ->  Seq Scan on movie_info_idx mi_idx  (cost=0.00..25185.44 rows=464934 width=4) (actual time=0.900..451.725 rows=460185 loops=1)
        Filter: (info_type_id > 100)
        Rows Removed by Filter: 919850
  ->  Hash  (cost=73925.90..73925.90 rows=52067 width=4) (actual time=1264.431..1264.431 rows=174398 loops=1)
        Buckets: 131072 (originally 65536)  Batches: 2 (originally 1)  Memory Usage: 4093kB
        ->  Seq Scan on title t  (cost=0.00..73925.90 rows=52067 width=4) (actual time=139.624..1197.515 rows=174398 loops=1)
              Filter: ((production_year < 1955) AND (kind_id = 1))
              Rows Removed by Filter: 2353914
Planning time: 0.804 ms
Execution time: 1960.609 ms
