Seq Scan on movie_companies mc  (cost=0.00..51404.11 rows=104 width=0) (actual time=119.038..890.175 rows=245 loops=1)
  Filter: (company_id = 12396)
  Rows Removed by Filter: 2608884
Planning time: 0.364 ms
Execution time: 890.320 ms
