Nested Loop  (cost=0.43..83072.90 rows=23 width=0) (actual time=0.259..5339.085 rows=2035 loops=1)
  ->  Seq Scan on movie_keyword mk  (cost=0.00..81003.12 rows=246 width=4) (actual time=0.170..1079.027 rows=2735 loops=1)
        Filter: (keyword_id = 830)
        Rows Removed by Filter: 4521195
  ->  Index Scan using title_pkey on title t  (cost=0.43..8.40 rows=1 width=4) (actual time=1.557..1.557 rows=1 loops=2735)
        Index Cond: (id = mk.movie_id)
        Filter: ((production_year < 1997) AND (kind_id = 1))
        Rows Removed by Filter: 0
Planning time: 0.797 ms
Execution time: 5339.849 ms
