Hash Join  (cost=143721.00..231390.92 rows=101188 width=0) (actual time=2842.173..4725.311 rows=406195 loops=1)
  Hash Cond: (mk.movie_id = t.id)
  ->  Seq Scan on movie_keyword mk  (cost=0.00..69693.30 rows=4523930 width=4) (actual time=0.021..928.077 rows=4523930 loops=1)
  ->  Hash  (cost=143014.05..143014.05 rows=56556 width=8) (actual time=2841.738..2841.738 rows=49004 loops=1)
        Buckets: 65536  Batches: 1  Memory Usage: 2427kB
        ->  Hash Join  (cost=69460.45..143014.05 rows=56556 width=8) (actual time=1213.984..2826.322 rows=49004 loops=1)
              Hash Cond: (mc.movie_id = t.id)
              ->  Seq Scan on movie_companies mc  (cost=0.00..57926.93 rows=1264294 width=4) (actual time=109.461..1273.731 rows=1312144 loops=1)
                    Filter: ((company_id > 19) AND (company_type_id > 1))
                    Rows Removed by Filter: 1296985
              ->  Hash  (cost=67604.59..67604.59 rows=113109 width=4) (actual time=1103.705..1103.705 rows=119565 loops=1)
                    Buckets: 131072  Batches: 2  Memory Usage: 3115kB
                    ->  Seq Scan on title t  (cost=0.00..67604.59 rows=113109 width=4) (actual time=0.030..1059.573 rows=119565 loops=1)
                          Filter: (production_year = 2007)
                          Rows Removed by Filter: 2408747
Planning time: 1.245 ms
Execution time: 4775.828 ms
