Hash Join  (cost=102767.86..1073391.81 rows=6843617 width=0) (actual time=1821.739..19385.831 rows=2893019 loops=1)
  Hash Cond: (ci.movie_id = t.id)
  ->  Seq Scan on cast_info ci  (cost=0.00..796071.18 rows=6843617 width=4) (actual time=0.029..14285.305 rows=2893019 loops=1)
        Filter: ((person_id < 2710576) AND (role_id > 4))
        Rows Removed by Filter: 33351325
  ->  Hash  (cost=61283.27..61283.27 rows=2528527 width=4) (actual time=1820.568..1820.568 rows=2528312 loops=1)
        Buckets: 131072  Batches: 64  Memory Usage: 2415kB
        ->  Seq Scan on title t  (cost=0.00..61283.27 rows=2528527 width=4) (actual time=0.019..978.804 rows=2528312 loops=1)
Planning time: 1.632 ms
Execution time: 19715.821 ms
