Hash Join  (cost=96184.51..169635.93 rows=530772 width=0) (actual time=2189.823..3660.522 rows=171889 loops=1)
  Hash Cond: (mc.movie_id = t.id)
  ->  Seq Scan on movie_companies mc  (cost=0.00..51404.11 rows=989226 width=4) (actual time=0.028..1040.296 rows=999525 loops=1)
        Filter: (company_id > 16723)
        Rows Removed by Filter: 1609604
  ->  Hash  (cost=73925.90..73925.90 rows=1356688 width=4) (actual time=1863.684..1863.684 rows=1327781 loops=1)
        Buckets: 131072  Batches: 32  Memory Usage: 2479kB
        ->  Seq Scan on title t  (cost=0.00..73925.90 rows=1356688 width=4) (actual time=386.276..1444.242 rows=1327781 loops=1)
              Filter: ((production_year < 2012) AND (kind_id = 7))
              Rows Removed by Filter: 1200531
Planning time: 2.254 ms
Execution time: 3680.876 ms
