Seq Scan on cast_info ci  (cost=0.00..705507.15 rows=500 width=0) (actual time=1173.672..10810.073 rows=34 loops=1)
  Filter: (person_id = 555861)
  Rows Removed by Filter: 36244310
Planning time: 0.397 ms
Execution time: 10810.202 ms
