Seq Scan on movie_companies mc  (cost=0.00..51404.11 rows=104 width=0) (actual time=440.676..778.205 rows=1 loops=1)
  Filter: (company_id = 224559)
  Rows Removed by Filter: 2609128
Planning time: 0.429 ms
Execution time: 778.278 ms
