Hash Join  (cost=378589.61..1341867.55 rows=3512800 width=176) (actual time=12359.284..32281.272 rows=9491177 loops=1)
  Hash Cond: (ci.movie_id = t.id)
  ->  Seq Scan on cast_info ci  (cost=0.00..796071.18 rows=3404282 width=42) (actual time=3040.319..15338.669 rows=4376643 loops=1)
        Filter: ((person_id < 584885) AND (role_id < 3))
        Rows Removed by Filter: 31867701
  ->  Hash  (cost=295015.49..295015.49 rows=2609129 width=134) (actual time=8844.609..8844.609 rows=2609129 loops=1)
        Buckets: 32768  Batches: 128  Memory Usage: 3084kB
        ->  Hash Join  (cost=129928.86..295015.49 rows=2609129 width=134) (actual time=2654.453..7275.320 rows=2609129 loops=1)
              Hash Cond: (mc.movie_id = t.id)
              ->  Seq Scan on movie_companies mc  (cost=0.00..44881.29 rows=2609129 width=40) (actual time=0.020..1077.398 rows=2609129 loops=1)
              ->  Hash  (cost=61283.27..61283.27 rows=2528527 width=94) (actual time=2652.009..2652.009 rows=2528312 loops=1)
                    Buckets: 32768  Batches: 128  Memory Usage: 2453kB
                    ->  Seq Scan on title t  (cost=0.00..61283.27 rows=2528527 width=94) (actual time=0.018..1394.017 rows=2528312 loops=1)
Planning time: 1.365 ms
Execution time: 32776.119 ms
