Hash Join  (cost=1014066.56..1585838.31 rows=9103085 width=0) (actual time=18994.001..46644.632 rows=60888848 loops=1)
  Hash Cond: (mi.movie_id = t.id)
  ->  Seq Scan on movie_info mi  (cost=0.00..346232.03 rows=8841901 width=4) (actual time=0.011..6645.661 rows=8950757 loops=1)
        Filter: (info_type_id > 6)
        Rows Removed by Filter: 5884963
  ->  Hash  (cost=971357.33..971357.33 rows=2603218 width=8) (actual time=18992.935..18992.935 rows=4045840 loops=1)
        Buckets: 131072  Batches: 64  Memory Usage: 3537kB
        ->  Hash Join  (cost=102767.86..971357.33 rows=2603218 width=8) (actual time=6651.878..17120.205 rows=4045840 loops=1)
              Hash Cond: (ci.movie_id = t.id)
              ->  Seq Scan on cast_info ci  (cost=0.00..796071.18 rows=2603218 width=4) (actual time=4726.769..11498.158 rows=4045840 loops=1)
                    Filter: ((person_id > 3314582) AND (role_id > 1))
                    Rows Removed by Filter: 32198504
              ->  Hash  (cost=61283.27..61283.27 rows=2528527 width=4) (actual time=1922.844..1922.844 rows=2528312 loops=1)
                    Buckets: 131072  Batches: 64  Memory Usage: 2415kB
                    ->  Seq Scan on title t  (cost=0.00..61283.27 rows=2528527 width=4) (actual time=0.023..1091.213 rows=2528312 loops=1)
Planning time: 1.206 ms
Execution time: 53652.333 ms
