Hash Join  (cost=67697.55..432786.99 rows=43351 width=0) (actual time=956.405..8299.340 rows=31609 loops=1)
  Hash Cond: (mi.movie_id = t.id)
  ->  Seq Scan on movie_info mi  (cost=0.00..309384.22 rows=14739122 width=4) (actual time=0.033..4440.777 rows=14835720 loops=1)
  ->  Hash  (cost=67604.59..67604.59 rows=7437 width=4) (actual time=949.480..949.480 rows=2567 loops=1)
        Buckets: 8192  Batches: 1  Memory Usage: 155kB
        ->  Seq Scan on title t  (cost=0.00..67604.59 rows=7437 width=4) (actual time=558.310..948.153 rows=2567 loops=1)
              Filter: (production_year = 1932)
              Rows Removed by Filter: 2525745
Planning time: 0.822 ms
Execution time: 8305.558 ms
