Hash Join  (cost=229534.18..1377783.06 rows=10222612 width=0) (actual time=6839.280..43792.920 rows=34609536 loops=1)
  Hash Cond: (ci.movie_id = t.id)
  ->  Seq Scan on cast_info ci  (cost=0.00..705507.15 rows=29150296 width=4) (actual time=1666.282..16012.401 rows=29223793 loops=1)
        Filter: (person_id > 678013)
        Rows Removed by Filter: 7020551
  ->  Hash  (cost=214986.18..214986.18 rows=886720 width=8) (actual time=5172.066..5172.066 rows=892452 loops=1)
        Buckets: 131072  Batches: 16  Memory Usage: 3246kB
        ->  Hash Join  (cost=102767.86..214986.18 rows=886720 width=8) (actual time=2287.088..4901.903 rows=892452 loops=1)
              Hash Cond: (mk.movie_id = t.id)
              ->  Seq Scan on movie_keyword mk  (cost=0.00..81003.12 rows=886720 width=4) (actual time=0.038..1499.123 rows=892452 loops=1)
                    Filter: (keyword_id > 20638)
                    Rows Removed by Filter: 3631478
              ->  Hash  (cost=61283.27..61283.27 rows=2528527 width=4) (actual time=2286.118..2286.118 rows=2528312 loops=1)
                    Buckets: 131072  Batches: 64  Memory Usage: 2425kB
                    ->  Seq Scan on title t  (cost=0.00..61283.27 rows=2528527 width=4) (actual time=0.028..1137.017 rows=2528312 loops=1)
Planning time: 1.205 ms
Execution time: 47589.517 ms
