Hash Join  (cost=201875.45..340737.70 rows=1383821 width=0) (actual time=3942.808..8465.883 rows=2614849 loops=1)
  Hash Cond: (mk.movie_id = t.id)
  ->  Seq Scan on movie_keyword mk  (cost=0.00..69693.30 rows=4523930 width=4) (actual time=0.024..1517.784 rows=4523930 loops=1)
  ->  Hash  (cost=189185.34..189185.34 rows=773449 width=8) (actual time=3941.925..3941.925 rows=480285 loops=1)
        Buckets: 131072  Batches: 16  Memory Usage: 2198kB
        ->  Hash Join  (cost=102767.86..189185.34 rows=773449 width=8) (actual time=2328.130..3789.989 rows=480285 loops=1)
              Hash Cond: (mc.movie_id = t.id)
              ->  Seq Scan on movie_companies mc  (cost=0.00..57926.93 rows=773449 width=4) (actual time=379.428..999.622 rows=480285 loops=1)
                    Filter: ((company_id < 14019) AND (company_type_id > 1))
                    Rows Removed by Filter: 2128844
              ->  Hash  (cost=61283.27..61283.27 rows=2528527 width=4) (actual time=1947.410..1947.410 rows=2528312 loops=1)
                    Buckets: 131072  Batches: 64  Memory Usage: 2415kB
                    ->  Seq Scan on title t  (cost=0.00..61283.27 rows=2528527 width=4) (actual time=0.020..1098.173 rows=2528312 loops=1)
Planning time: 8.086 ms
Execution time: 8786.474 ms
