Seq Scan on movie_keyword mk  (cost=0.00..81003.12 rows=246 width=0) (actual time=4.555..1182.913 rows=44 loops=1)
  Filter: (keyword_id = 22664)
  Rows Removed by Filter: 4523886
Planning time: 0.392 ms
Execution time: 1183.046 ms
