Seq Scan on movie_keyword mk  (cost=0.00..81003.12 rows=246 width=0) (actual time=67.285..1280.666 rows=14 loops=1)
  Filter: (keyword_id = 37671)
  Rows Removed by Filter: 4523916
Planning time: 0.377 ms
Execution time: 1280.779 ms
