Hash Join  (cost=133759.57..887119.95 rows=257122 width=0) (actual time=2236.572..23633.872 rows=1533394 loops=1)
  Hash Cond: (ci.movie_id = t.id)
  ->  Seq Scan on cast_info ci  (cost=0.00..614943.12 rows=36225612 width=4) (actual time=0.023..9189.305 rows=36244344 loops=1)
  ->  Hash  (cost=133535.23..133535.23 rows=17947 width=8) (actual time=2236.323..2236.323 rows=56441 loops=1)
        Buckets: 65536 (originally 32768)  Batches: 1 (originally 1)  Memory Usage: 2717kB
        ->  Hash Join  (cost=78556.72..133535.23 rows=17947 width=8) (actual time=1623.882..2216.569 rows=56441 loops=1)
              Hash Cond: (mc.movie_id = t.id)
              ->  Seq Scan on movie_companies mc  (cost=0.00..51404.11 rows=67980 width=4) (actual time=369.135..805.140 rows=66916 loops=1)
                    Filter: (company_id > 178776)
                    Rows Removed by Filter: 2542213
              ->  Hash  (cost=67604.59..67604.59 rows=667531 width=4) (actual time=1253.870..1253.870 rows=662825 loops=1)
                    Buckets: 131072  Batches: 16  Memory Usage: 2476kB
                    ->  Seq Scan on title t  (cost=0.00..67604.59 rows=667531 width=4) (actual time=444.490..1052.193 rows=662825 loops=1)
                          Filter: (kind_id < 2)
                          Rows Removed by Filter: 1865487
Planning time: 3.752 ms
Execution time: 23843.661 ms
