Seq Scan on cast_info ci  (cost=0.00..705507.15 rows=28131821 width=0) (actual time=0.028..12997.534 rows=28189101 loops=1)
  Filter: (person_id < 2874909)
  Rows Removed by Filter: 8055243
Planning time: 0.351 ms
Execution time: 16541.295 ms
