Hash Join  (cost=88511.62..857777.75 rows=1405711 width=0) (actual time=8597.097..16614.902 rows=1122414 loops=1)
  Hash Cond: (ci.movie_id = t.id)
  ->  Seq Scan on cast_info ci  (cost=0.00..705507.15 rows=3998100 width=4) (actual time=7056.048..12622.262 rows=4008037 loops=1)
        Filter: (role_id = 3)
        Rows Removed by Filter: 32236307
  ->  Hash  (cost=73925.90..73925.90 rows=889017 width=4) (actual time=1539.636..1539.636 rows=810813 loops=1)
        Buckets: 131072  Batches: 16  Memory Usage: 2806kB
        ->  Seq Scan on title t  (cost=0.00..73925.90 rows=889017 width=4) (actual time=0.032..1279.251 rows=810813 loops=1)
              Filter: ((kind_id > 4) AND (production_year < 2006))
              Rows Removed by Filter: 1717499
Planning time: 1.583 ms
Execution time: 16747.198 ms
