Seq Scan on cast_info ci  (cost=0.00..705507.15 rows=500 width=0) (actual time=91.527..11113.195 rows=11 loops=1)
  Filter: (person_id = 2825534)
  Rows Removed by Filter: 36244333
Planning time: 0.364 ms
Execution time: 11113.311 ms
