Seq Scan on movie_companies mc  (cost=0.00..51404.11 rows=2072195 width=0) (actual time=0.018..1006.261 rows=2069258 loops=1)
  Filter: (company_id < 72190)
  Rows Removed by Filter: 539871
Planning time: 0.883 ms
Execution time: 1262.566 ms
