Nested Loop  (cost=0.43..83071.67 rows=246 width=0) (actual time=0.359..1299.631 rows=41 loops=1)
  ->  Seq Scan on movie_keyword mk  (cost=0.00..81003.12 rows=246 width=4) (actual time=0.308..1295.382 rows=41 loops=1)
        Filter: (keyword_id = 12404)
        Rows Removed by Filter: 4523889
  ->  Index Only Scan using title_pkey on title t  (cost=0.43..8.40 rows=1 width=4) (actual time=0.098..0.099 rows=1 loops=41)
        Index Cond: (id = mk.movie_id)
        Heap Fetches: 41
Planning time: 0.763 ms
Execution time: 1299.731 ms
