Hash Join  (cost=74152.53..161134.94 rows=32437 width=0) (actual time=1982.931..2929.283 rows=9398 loops=1)
  Hash Cond: (mk.movie_id = t.id)
  ->  Seq Scan on movie_keyword mk  (cost=0.00..69693.30 rows=4523930 width=4) (actual time=0.026..973.978 rows=4523930 loops=1)
  ->  Hash  (cost=73925.90..73925.90 rows=18130 width=4) (actual time=1119.002..1119.002 rows=18886 loops=1)
        Buckets: 32768  Batches: 1  Memory Usage: 920kB
        ->  Seq Scan on title t  (cost=0.00..73925.90 rows=18130 width=4) (actual time=0.020..1111.041 rows=18886 loops=1)
              Filter: ((kind_id = 7) AND (production_year = 1994))
              Rows Removed by Filter: 2509426
Planning time: 0.713 ms
Execution time: 2930.611 ms
