Seq Scan on cast_info ci  (cost=0.00..796071.18 rows=3996912 width=0) (actual time=0.910..13824.319 rows=1884892 loops=1)
  Filter: ((person_id < 1977390) AND (role_id = 2))
  Rows Removed by Filter: 34359452
Planning time: 0.420 ms
Execution time: 14055.774 ms
