Seq Scan on cast_info ci  (cost=0.00..796071.18 rows=12029710 width=0) (actual time=0.023..14088.063 rows=13554962 loops=1)
  Filter: ((person_id < 1487549) AND (role_id < 8))
  Rows Removed by Filter: 22689382
Planning time: 0.292 ms
Execution time: 15821.032 ms
