Hash Join  (cost=799385.30..826297.94 rows=216 width=0) (actual time=15011.813..15537.614 rows=9 loops=1)
  Hash Cond: (mi_idx.movie_id = t.id)
  ->  Seq Scan on movie_info_idx mi_idx  (cost=0.00..21735.35 rows=1380035 width=4) (actual time=0.021..293.872 rows=1380035 loops=1)
  ->  Hash  (cost=799380.35..799380.35 rows=396 width=8) (actual time=14996.311..14996.311 rows=6 loops=1)
        Buckets: 1024  Batches: 1  Memory Usage: 9kB
        ->  Nested Loop  (cost=0.43..799380.35 rows=396 width=8) (actual time=9540.262..14996.286 rows=6 loops=1)
              ->  Seq Scan on cast_info ci  (cost=0.00..796071.18 rows=396 width=4) (actual time=9540.134..14995.982 rows=6 loops=1)
                    Filter: ((role_id < 8) AND (person_id = 2597595))
                    Rows Removed by Filter: 36244338
              ->  Index Only Scan using title_pkey on title t  (cost=0.43..8.35 rows=1 width=4) (actual time=0.038..0.038 rows=1 loops=6)
                    Index Cond: (id = ci.movie_id)
                    Heap Fetches: 6
Planning time: 0.799 ms
Execution time: 15537.702 ms
