Seq Scan on movie_keyword mk  (cost=0.00..81003.12 rows=111206 width=0) (actual time=0.048..1332.839 rows=110985 loops=1)
  Filter: (keyword_id > 79953)
  Rows Removed by Filter: 4412945
Planning time: 0.331 ms
Execution time: 1348.074 ms
