Hash Join  (cost=347469.26..1453993.58 rows=19129973 width=0) (actual time=12700.060..45988.302 rows=68299930 loops=1)
  Hash Cond: (ci.movie_id = t.id)
  ->  Seq Scan on cast_info ci  (cost=0.00..705507.15 rows=12726058 width=4) (actual time=4367.900..14513.875 rows=12670688 loops=1)
        Filter: (role_id < 2)
        Rows Removed by Filter: 23573656
  ->  Hash  (cost=285109.83..285109.83 rows=3800914 width=8) (actual time=8329.946..8329.946 rows=3805634 loops=1)
        Buckets: 131072  Batches: 64  Memory Usage: 3369kB
        ->  Hash Join  (cost=102767.86..285109.83 rows=3800914 width=8) (actual time=2254.720..7311.099 rows=3805634 loops=1)
              Hash Cond: (mk.movie_id = t.id)
              ->  Seq Scan on movie_keyword mk  (cost=0.00..81003.12 rows=3800914 width=4) (actual time=0.035..1962.999 rows=3805634 loops=1)
                    Filter: (keyword_id > 630)
                    Rows Removed by Filter: 718296
              ->  Hash  (cost=61283.27..61283.27 rows=2528527 width=4) (actual time=2250.695..2250.695 rows=2528312 loops=1)
                    Buckets: 131072  Batches: 64  Memory Usage: 2425kB
                    ->  Seq Scan on title t  (cost=0.00..61283.27 rows=2528527 width=4) (actual time=0.017..1130.161 rows=2528312 loops=1)
Planning time: 1.239 ms
Execution time: 53716.911 ms
