Hash Join  (cost=83074.55..447741.02 rows=1055 width=0) (actual time=1397.503..8292.309 rows=13550 loops=1)
  Hash Cond: (mi.movie_id = t.id)
  ->  Seq Scan on movie_info mi  (cost=0.00..309384.22 rows=14739122 width=4) (actual time=0.016..4186.368 rows=14835720 loops=1)
  ->  Hash  (cost=83072.29..83072.29 rows=181 width=8) (actual time=1394.325..1394.325 rows=1037 loops=1)
        Buckets: 2048 (originally 1024)  Batches: 1 (originally 1)  Memory Usage: 57kB
        ->  Nested Loop  (cost=0.43..83072.29 rows=181 width=8) (actual time=2.201..1393.534 rows=1037 loops=1)
              ->  Seq Scan on movie_keyword mk  (cost=0.00..81003.12 rows=246 width=4) (actual time=2.150..1253.681 rows=3551 loops=1)
                    Filter: (keyword_id = 7105)
                    Rows Removed by Filter: 4520379
              ->  Index Scan using title_pkey on title t  (cost=0.43..8.40 rows=1 width=4) (actual time=0.039..0.039 rows=0 loops=3551)
                    Index Cond: (id = mk.movie_id)
                    Filter: (kind_id > 1)
                    Rows Removed by Filter: 1
Planning time: 1.654 ms
Execution time: 8295.238 ms
