Hash Join  (cost=78593.13..146338.68 rows=77175 width=0) (actual time=1366.788..3013.151 rows=282040 loops=1)
  Hash Cond: (mc.movie_id = t.id)
  ->  Seq Scan on movie_companies mc  (cost=0.00..57926.93 rows=686098 width=4) (actual time=0.024..1110.085 rows=940105 loops=1)
        Filter: ((company_id < 12023) AND (company_type_id < 2))
        Rows Removed by Filter: 1669024
  ->  Hash  (cost=73925.90..73925.90 rows=284418 width=4) (actual time=1365.809..1365.809 rows=382296 loops=1)
        Buckets: 131072 (originally 131072)  Batches: 8 (originally 4)  Memory Usage: 3073kB
        ->  Seq Scan on title t  (cost=0.00..73925.90 rows=284418 width=4) (actual time=218.456..1239.452 rows=382296 loops=1)
              Filter: ((production_year < 2001) AND (kind_id = 1))
              Rows Removed by Filter: 2146016
Planning time: 0.903 ms
Execution time: 3044.246 ms
