Hash Join  (cost=105796.67..861004.06 rows=441820 width=0) (actual time=2037.493..21327.817 rows=1017862 loops=1)
  Hash Cond: (ci.movie_id = t.id)
  ->  Seq Scan on cast_info ci  (cost=0.00..614943.12 rows=36225612 width=4) (actual time=0.019..9457.303 rows=36244344 loops=1)
  ->  Hash  (cost=105411.18..105411.18 rows=30839 width=8) (actual time=2037.266..2037.266 rows=34068 loops=1)
        Buckets: 65536 (originally 32768)  Batches: 1 (originally 1)  Memory Usage: 1843kB
        ->  Hash Join  (cost=69002.72..105411.18 rows=30839 width=8) (actual time=1084.739..2024.676 rows=34068 loops=1)
              Hash Cond: (mi_idx.movie_id = t.id)
              ->  Seq Scan on movie_info_idx mi_idx  (cost=0.00..25185.44 rows=915101 width=4) (actual time=0.015..617.451 rows=919850 loops=1)
                    Filter: (info_type_id < 101)
                    Rows Removed by Filter: 460185
              ->  Hash  (cost=67604.59..67604.59 rows=85211 width=4) (actual time=1083.990..1083.990 rows=84593 loops=1)
                    Buckets: 131072  Batches: 2  Memory Usage: 2518kB
                    ->  Seq Scan on title t  (cost=0.00..67604.59 rows=85211 width=4) (actual time=0.017..1051.879 rows=84593 loops=1)
                          Filter: (production_year = 2004)
                          Rows Removed by Filter: 2443719
Planning time: 1.254 ms
Execution time: 21467.892 ms
