Hash Join  (cost=93093.72..186719.04 rows=1171722 width=0) (actual time=2156.072..4625.799 rows=373443 loops=1)
  Hash Cond: (mc.movie_id = t.id)
  ->  Seq Scan on movie_companies mc  (cost=0.00..51404.11 rows=1906997 width=4) (actual time=0.025..1188.935 rows=1917272 loops=1)
        Filter: (company_id > 1279)
        Rows Removed by Filter: 691857
  ->  Hash  (cost=67604.59..67604.59 rows=1553611 width=4) (actual time=2153.777..2153.777 rows=1555864 loops=1)
        Buckets: 131072  Batches: 32  Memory Usage: 2734kB
        ->  Seq Scan on title t  (cost=0.00..67604.59 rows=1553611 width=4) (actual time=0.018..1408.530 rows=1555864 loops=1)
              Filter: (kind_id > 4)
              Rows Removed by Filter: 972448
Planning time: 0.752 ms
Execution time: 4671.081 ms
