Hash Join  (cost=1049027.10..1672001.25 rows=12993718 width=0) (actual time=19394.498..35450.824 rows=19099691 loops=1)
  Hash Cond: (mi.movie_id = t.id)
  ->  Seq Scan on movie_info mi  (cost=0.00..346232.03 rows=9476311 width=4) (actual time=0.024..6586.349 rows=9565151 loops=1)
        Filter: (info_type_id < 16)
        Rows Removed by Filter: 5270569
  ->  Hash  (cost=992144.81..992144.81 rows=3467063 width=8) (actual time=19393.385..19393.385 rows=1481240 loops=1)
        Buckets: 131072  Batches: 64  Memory Usage: 1989kB
        ->  Hash Join  (cost=102767.86..992144.81 rows=3467063 width=8) (actual time=13986.108..18939.380 rows=1481240 loops=1)
              Hash Cond: (ci.movie_id = t.id)
              ->  Seq Scan on cast_info ci  (cost=0.00..796071.18 rows=3467063 width=4) (actual time=12064.886..15285.381 rows=1481240 loops=1)
                    Filter: ((person_id < 2946236) AND (role_id = 10))
                    Rows Removed by Filter: 34763104
              ->  Hash  (cost=61283.27..61283.27 rows=2528527 width=4) (actual time=1919.984..1919.984 rows=2528312 loops=1)
                    Buckets: 131072  Batches: 64  Memory Usage: 2415kB
                    ->  Seq Scan on title t  (cost=0.00..61283.27 rows=2528527 width=4) (actual time=0.023..1079.906 rows=2528312 loops=1)
Planning time: 1.203 ms
Execution time: 37559.723 ms
