Hash Join  (cost=81703.78..209487.20 rows=626851 width=0) (actual time=1319.613..5035.078 rows=1859139 loops=1)
  Hash Cond: (mk.movie_id = t.id)
  ->  Seq Scan on movie_keyword mk  (cost=0.00..81003.12 rows=3343410 width=4) (actual time=0.014..1644.476 rows=3336103 loops=1)
        Filter: (keyword_id > 1415)
        Rows Removed by Filter: 1187827
  ->  Hash  (cost=73925.90..73925.90 rows=474070 width=4) (actual time=1318.616..1318.616 rows=496025 loops=1)
        Buckets: 131072  Batches: 8  Memory Usage: 3223kB
        ->  Seq Scan on title t  (cost=0.00..73925.90 rows=474070 width=4) (actual time=0.017..1164.800 rows=496025 loops=1)
              Filter: ((production_year < 2009) AND (kind_id = 1))
              Rows Removed by Filter: 2032287
Planning time: 0.868 ms
Execution time: 5243.295 ms
