Seq Scan on movie_keyword mk  (cost=0.00..81003.12 rows=3170541 width=0) (actual time=0.023..1620.358 rows=3159433 loops=1)
  Filter: (keyword_id < 12270)
  Rows Removed by Filter: 1364497
Planning time: 0.390 ms
Execution time: 2017.353 ms
