Seq Scan on movie_keyword mk  (cost=0.00..81003.12 rows=3040643 width=0) (actual time=0.006..1598.376 rows=3027801 loops=1)
  Filter: (keyword_id < 10850)
  Rows Removed by Filter: 1496129
Planning time: 0.270 ms
Execution time: 1979.907 ms
