Hash Join  (cost=74517.64..441933.02 rows=275945 width=0) (actual time=1384.265..10304.844 rows=371950 loops=1)
  Hash Cond: (mi.movie_id = t.id)
  ->  Seq Scan on movie_info mi  (cost=0.00..309384.22 rows=14739122 width=4) (actual time=0.025..4700.704 rows=14835720 loops=1)
  ->  Hash  (cost=73925.90..73925.90 rows=47339 width=4) (actual time=1355.117..1355.117 rows=46571 loops=1)
        Buckets: 65536  Batches: 1  Memory Usage: 2150kB
        ->  Seq Scan on title t  (cost=0.00..73925.90 rows=47339 width=4) (actual time=0.038..1335.625 rows=46571 loops=1)
              Filter: ((production_year > 2001) AND (kind_id = 2))
              Rows Removed by Filter: 2481741
Planning time: 0.773 ms
Execution time: 10353.954 ms
