Hash Join  (cost=83072.94..457443.51 rows=8 width=0) (actual time=2716.804..7709.933 rows=36 loops=1)
  Hash Cond: (mi.movie_id = t.id)
  ->  Seq Scan on movie_info mi  (cost=0.00..346232.03 rows=7503588 width=4) (actual time=404.597..5392.370 rows=7548855 loops=1)
        Filter: (info_type_id > 7)
        Rows Removed by Filter: 7286865
  ->  Hash  (cost=83072.90..83072.90 rows=3 width=8) (actual time=1305.562..1305.562 rows=4 loops=1)
        Buckets: 1024  Batches: 1  Memory Usage: 9kB
        ->  Nested Loop  (cost=0.43..83072.90 rows=3 width=8) (actual time=137.649..1305.529 rows=4 loops=1)
              ->  Seq Scan on movie_keyword mk  (cost=0.00..81003.12 rows=246 width=4) (actual time=1.743..1281.881 rows=716 loops=1)
                    Filter: (keyword_id = 4392)
                    Rows Removed by Filter: 4523214
              ->  Index Scan using title_pkey on title t  (cost=0.43..8.40 rows=1 width=4) (actual time=0.032..0.032 rows=0 loops=716)
                    Index Cond: (id = mk.movie_id)
                    Filter: ((kind_id < 7) AND (production_year > 2012))
                    Rows Removed by Filter: 1
Planning time: 0.832 ms
Execution time: 7710.075 ms
