Seq Scan on movie_keyword mk  (cost=0.00..81003.12 rows=246 width=0) (actual time=0.353..1300.484 rows=1620 loops=1)
  Filter: (keyword_id = 2616)
  Rows Removed by Filter: 4522310
Planning time: 0.350 ms
Execution time: 1301.085 ms
