Seq Scan on cast_info ci  (cost=0.00..705507.15 rows=3846310 width=0) (actual time=881.768..10923.133 rows=3724646 loops=1)
  Filter: (person_id < 356980)
  Rows Removed by Filter: 32519698
Planning time: 0.264 ms
Execution time: 11399.682 ms
