Nested Loop  (cost=0.43..58358.27 rows=51 width=0) (actual time=88.641..1042.642 rows=805 loops=1)
  ->  Seq Scan on movie_companies mc  (cost=0.00..57926.93 rows=51 width=4) (actual time=88.568..999.775 rows=805 loops=1)
        Filter: ((company_type_id < 2) AND (company_id = 533))
        Rows Removed by Filter: 2608324
  ->  Index Only Scan using title_pkey on title t  (cost=0.43..8.45 rows=1 width=4) (actual time=0.052..0.052 rows=1 loops=805)
        Index Cond: (id = mc.movie_id)
        Heap Fetches: 805
Planning time: 0.752 ms
Execution time: 1042.951 ms
