Seq Scan on movie_companies mc  (cost=0.00..51404.11 rows=104 width=0) (actual time=54.545..860.394 rows=10 loops=1)
  Filter: (company_id = 80799)
  Rows Removed by Filter: 2609119
Planning time: 0.393 ms
Execution time: 860.464 ms
