Seq Scan on movie_keyword mk  (cost=0.00..81003.12 rows=246 width=0) (actual time=36.851..1263.709 rows=39 loops=1)
  Filter: (keyword_id = 61248)
  Rows Removed by Filter: 4523891
Planning time: 0.456 ms
Execution time: 1263.847 ms
