Seq Scan on movie_keyword mk  (cost=0.00..81003.12 rows=1902206 width=0) (actual time=0.024..1480.640 rows=1909519 loops=1)
  Filter: (keyword_id < 3287)
  Rows Removed by Filter: 2614411
Planning time: 0.339 ms
Execution time: 1718.150 ms
