Seq Scan on movie_keyword mk  (cost=0.00..81003.12 rows=1879950 width=0) (actual time=0.020..1466.379 rows=1887728 loops=1)
  Filter: (keyword_id > 7247)
  Rows Removed by Filter: 2636202
Planning time: 0.355 ms
Execution time: 1700.922 ms
