Hash Join  (cost=174909.67..661379.11 rows=624452 width=0) (actual time=3235.973..13929.715 rows=501964 loops=1)
  Hash Cond: (mi.movie_id = t.id)
  ->  Seq Scan on movie_info mi  (cost=0.00..309384.22 rows=14739122 width=4) (actual time=0.014..5869.719 rows=14835720 loops=1)
  ->  Hash  (cost=173151.59..173151.59 rows=107126 width=8) (actual time=3235.178..3235.178 rows=45591 loops=1)
        Buckets: 131072  Batches: 2  Memory Usage: 1927kB
        ->  Hash Join  (cost=102767.86..173151.59 rows=107126 width=8) (actual time=1879.747..3217.841 rows=45591 loops=1)
              Hash Cond: (mc.movie_id = t.id)
              ->  Seq Scan on movie_companies mc  (cost=0.00..57926.93 rows=107126 width=4) (actual time=0.016..872.223 rows=45591 loops=1)
                    Filter: ((company_id < 69) AND (company_type_id > 1))
                    Rows Removed by Filter: 2563538
              ->  Hash  (cost=61283.27..61283.27 rows=2528527 width=4) (actual time=1876.764..1876.764 rows=2528312 loops=1)
                    Buckets: 131072  Batches: 64  Memory Usage: 2415kB
                    ->  Seq Scan on title t  (cost=0.00..61283.27 rows=2528527 width=4) (actual time=0.014..1043.793 rows=2528312 loops=1)
Planning time: 5.043 ms
Execution time: 13994.327 ms
