Hash Join  (cost=152701.30..1197831.48 rows=1102602 width=0) (actual time=3252.874..31267.816 rows=2464196 loops=1)
  Hash Cond: (ci.movie_id = t.id)
  ->  Seq Scan on cast_info ci  (cost=0.00..614943.12 rows=36225612 width=4) (actual time=0.017..13432.901 rows=36244344 loops=1)
  ->  Hash  (cost=151438.28..151438.28 rows=76961 width=8) (actual time=3251.988..3251.988 rows=151979 loops=1)
        Buckets: 131072  Batches: 2  Memory Usage: 3976kB
        ->  Hash Join  (cost=75504.69..151438.28 rows=76961 width=8) (actual time=1257.537..3197.132 rows=151979 loops=1)
              Hash Cond: (mc.movie_id = t.id)
              ->  Seq Scan on movie_companies mc  (cost=0.00..51404.11 rows=2022365 width=4) (actual time=5.212..1157.981 rows=2026097 loops=1)
                    Filter: (company_id > 656)
                    Rows Removed by Filter: 583032
              ->  Hash  (cost=73925.90..73925.90 rows=96223 width=4) (actual time=1251.545..1251.545 rows=117912 loops=1)
                    Buckets: 131072  Batches: 2  Memory Usage: 3095kB
                    ->  Seq Scan on title t  (cost=0.00..73925.90 rows=96223 width=4) (actual time=344.996..1200.500 rows=117912 loops=1)
                          Filter: ((production_year > 1967) AND (kind_id = 4))
                          Rows Removed by Filter: 2410400
Planning time: 2.118 ms
Execution time: 31543.614 ms
