Hash Join  (cost=74201.04..883095.06 rows=136009 width=0) (actual time=7777.962..15677.823 rows=168062 loops=1)
  Hash Cond: (ci.movie_id = t.id)
  ->  Seq Scan on cast_info ci  (cost=0.00..796071.18 rows=855400 width=4) (actual time=6484.458..13847.704 rows=792046 loops=1)
        Filter: ((person_id < 1752359) AND (role_id = 8))
        Rows Removed by Filter: 35452298
  ->  Hash  (cost=67604.59..67604.59 rows=402036 width=4) (actual time=1292.197..1292.197 rows=395872 loops=1)
        Buckets: 131072  Batches: 8  Memory Usage: 2759kB
        ->  Seq Scan on title t  (cost=0.00..67604.59 rows=402036 width=4) (actual time=0.029..1154.014 rows=395872 loops=1)
              Filter: (production_year < 1972)
              Rows Removed by Filter: 2132440
Planning time: 2.311 ms
Execution time: 15698.658 ms
