Hash Join  (cost=74057.18..439325.29 rows=61218 width=0) (actual time=1131.246..8578.425 rows=47884 loops=1)
  Hash Cond: (mi.movie_id = t.id)
  ->  Seq Scan on movie_info mi  (cost=0.00..309384.22 rows=14739122 width=4) (actual time=0.015..4358.076 rows=14835720 loops=1)
  ->  Hash  (cost=73925.90..73925.90 rows=10502 width=4) (actual time=1120.663..1120.663 rows=6334 loops=1)
        Buckets: 16384  Batches: 1  Memory Usage: 351kB
        ->  Seq Scan on title t  (cost=0.00..73925.90 rows=10502 width=4) (actual time=251.904..1117.664 rows=6334 loops=1)
              Filter: ((production_year > 2011) AND (kind_id = 4))
              Rows Removed by Filter: 2521978
Planning time: 0.777 ms
Execution time: 8587.372 ms
