Hash Join  (cost=75746.63..562453.28 rows=646672 width=0) (actual time=1436.305..11415.403 rows=45363 loops=1)
  Hash Cond: (mi.movie_id = t.id)
  ->  Seq Scan on movie_info mi  (cost=0.00..309384.22 rows=14739122 width=4) (actual time=0.011..5535.278 rows=14835720 loops=1)
  ->  Hash  (cost=73925.90..73925.90 rows=110938 width=4) (actual time=1035.839..1035.839 rows=10233 loops=1)
        Buckets: 131072  Batches: 2  Memory Usage: 1212kB
        ->  Seq Scan on title t  (cost=0.00..73925.90 rows=110938 width=4) (actual time=0.083..1030.550 rows=10233 loops=1)
              Filter: ((production_year < 1953) AND (kind_id = 7))
              Rows Removed by Filter: 2518079
Planning time: 0.555 ms
Execution time: 11421.548 ms
