Seq Scan on cast_info ci  (cost=0.00..705507.15 rows=26757512 width=0) (actual time=0.026..13269.823 rows=26945073 loops=1)
  Filter: (person_id > 915702)
  Rows Removed by Filter: 9299271
Planning time: 0.353 ms
Execution time: 16641.647 ms
