Hash Join  (cost=91235.85..539638.06 rows=2599951 width=0) (actual time=2352.079..11710.833 rows=1887472 loops=1)
  Hash Cond: (mi.movie_id = t.id)
  ->  Seq Scan on movie_info mi  (cost=0.00..346232.03 rows=6231111 width=4) (actual time=600.933..6248.490 rows=6223494 loops=1)
        Filter: (info_type_id > 8)
        Rows Removed by Filter: 8612226
  ->  Hash  (cost=73925.90..73925.90 rows=1055036 width=4) (actual time=1750.256..1750.256 rows=1152351 loops=1)
        Buckets: 131072  Batches: 16  Memory Usage: 3567kB
        ->  Seq Scan on title t  (cost=0.00..73925.90 rows=1055036 width=4) (actual time=0.024..1384.202 rows=1152351 loops=1)
              Filter: ((kind_id > 1) AND (production_year > 1999))
              Rows Removed by Filter: 1375961
Planning time: 0.795 ms
Execution time: 11944.001 ms
