Hash Join  (cost=75240.43..560029.78 rows=467042 width=0) (actual time=8140.772..11615.773 rows=10 loops=1)
  Hash Cond: (mi.movie_id = t.id)
  ->  Seq Scan on movie_info mi  (cost=0.00..309384.22 rows=14739122 width=4) (actual time=0.009..5757.687 rows=14835720 loops=1)
  ->  Hash  (cost=73925.90..73925.90 rows=80122 width=4) (actual time=1006.175..1006.175 rows=15 loops=1)
        Buckets: 131072  Batches: 2  Memory Usage: 1031kB
        ->  Seq Scan on title t  (cost=0.00..73925.90 rows=80122 width=4) (actual time=204.942..1006.059 rows=15 loops=1)
              Filter: ((production_year < 1937) AND (kind_id = 7))
              Rows Removed by Filter: 2528297
Planning time: 0.773 ms
Execution time: 11615.883 ms
