Hash Join  (cost=73984.58..438914.13 rows=27362 width=0) (actual time=1073.764..8933.221 rows=42682 loops=1)
  Hash Cond: (mi.movie_id = t.id)
  ->  Seq Scan on movie_info mi  (cost=0.00..309384.22 rows=14739122 width=4) (actual time=0.007..4720.255 rows=14835720 loops=1)
  ->  Hash  (cost=73925.90..73925.90 rows=4694 width=4) (actual time=1073.575..1073.575 rows=5966 loops=1)
        Buckets: 8192  Batches: 1  Memory Usage: 274kB
        ->  Seq Scan on title t  (cost=0.00..73925.90 rows=4694 width=4) (actual time=457.779..1070.905 rows=5966 loops=1)
              Filter: ((production_year < 1998) AND (kind_id = 6))
              Rows Removed by Filter: 2522346
Planning time: 0.655 ms
Execution time: 8940.941 ms
