Hash Join  (cost=92703.08..184033.37 rows=1180977 width=0) (actual time=1710.143..4364.561 rows=867910 loops=1)
  Hash Cond: (mc.movie_id = t.id)
  ->  Seq Scan on movie_companies mc  (cost=0.00..44881.29 rows=2609129 width=4) (actual time=0.017..969.335 rows=2609129 loops=1)
  ->  Hash  (cost=73925.90..73925.90 rows=1144494 width=4) (actual time=1709.155..1709.155 rows=1095581 loops=1)
        Buckets: 131072  Batches: 16  Memory Usage: 3437kB
        ->  Seq Scan on title t  (cost=0.00..73925.90 rows=1144494 width=4) (actual time=0.018..1360.137 rows=1095581 loops=1)
              Filter: ((kind_id > 1) AND (production_year < 2007))
              Rows Removed by Filter: 1432731
Planning time: 1.870 ms
Execution time: 4467.514 ms
