Hash Join  (cost=94574.69..858814.92 rows=1619478 width=0) (actual time=2805.645..15180.247 rows=1515051 loops=1)
  Hash Cond: (ci.movie_id = t.id)
  ->  Seq Scan on cast_info ci  (cost=0.00..705507.15 rows=3253678 width=4) (actual time=865.396..11045.176 rows=3141423 loops=1)
        Filter: (person_id < 304287)
        Rows Removed by Filter: 33102921
  ->  Hash  (cost=73925.90..73925.90 rows=1258543 width=4) (actual time=1779.941..1779.941 rows=1221534 loops=1)
        Buckets: 131072  Batches: 32  Memory Usage: 2363kB
        ->  Seq Scan on title t  (cost=0.00..73925.90 rows=1258543 width=4) (actual time=151.420..1382.529 rows=1221534 loops=1)
              Filter: ((production_year < 2011) AND (kind_id = 7))
              Rows Removed by Filter: 1306778
Planning time: 9.170 ms
Execution time: 15348.377 ms
