Seq Scan on movie_keyword mk  (cost=0.00..81003.12 rows=2648509 width=0) (actual time=0.042..1481.076 rows=2636013 loops=1)
  Filter: (keyword_id > 3226)
  Rows Removed by Filter: 1887917
Planning time: 0.345 ms
Execution time: 1808.517 ms
