Hash Join  (cost=82008.92..1188316.60 rows=7057952 width=0) (actual time=1316.597..34439.938 rows=6800601 loops=1)
  Hash Cond: (ci.movie_id = t.id)
  ->  Seq Scan on cast_info ci  (cost=0.00..614943.12 rows=36225612 width=4) (actual time=0.023..13481.469 rows=36244344 loops=1)
  ->  Hash  (cost=73925.90..73925.90 rows=492641 width=4) (actual time=1315.652..1315.652 rows=420285 loops=1)
        Buckets: 131072  Batches: 8  Memory Usage: 2868kB
        ->  Seq Scan on title t  (cost=0.00..73925.90 rows=492641 width=4) (actual time=0.016..1181.407 rows=420285 loops=1)
              Filter: ((kind_id < 7) AND (production_year > 2002))
              Rows Removed by Filter: 2108027
Planning time: 0.849 ms
Execution time: 35265.998 ms
