Hash Join  (cost=68365.25..128382.08 rows=12604 width=0) (actual time=1071.338..2336.228 rows=17516 loops=1)
  Hash Cond: (mc.movie_id = t.id)
  ->  Seq Scan on movie_companies mc  (cost=0.00..57926.93 rows=523696 width=4) (actual time=0.026..1055.408 rows=732563 loops=1)
        Filter: ((company_id < 6429) AND (company_type_id < 2))
        Rows Removed by Filter: 1876566
  ->  Hash  (cost=67604.59..67604.59 rows=60853 width=4) (actual time=1070.863..1070.863 rows=62568 loops=1)
        Buckets: 65536  Batches: 1  Memory Usage: 2712kB
        ->  Seq Scan on title t  (cost=0.00..67604.59 rows=60853 width=4) (actual time=0.029..1045.097 rows=62568 loops=1)
              Filter: (production_year = 2002)
              Rows Removed by Filter: 2465744
Planning time: 0.843 ms
Execution time: 2339.060 ms
