Hash Join  (cost=188737.73..328400.89 rows=1449612 width=0) (actual time=4450.405..7557.833 rows=663362 loops=1)
  Hash Cond: (mk.movie_id = t.id)
  ->  Seq Scan on movie_keyword mk  (cost=0.00..69693.30 rows=4523930 width=4) (actual time=0.022..1362.621 rows=4523930 loops=1)
  ->  Hash  (cost=175444.97..175444.97 rows=810221 width=8) (actual time=4095.745..4095.745 rows=400469 loops=1)
        Buckets: 131072  Batches: 16  Memory Usage: 1995kB
        ->  Hash Join  (cost=92883.59..175444.97 rows=810221 width=8) (actual time=2056.490..3968.018 rows=400469 loops=1)
              Hash Cond: (mc.movie_id = t.id)
              ->  Seq Scan on movie_companies mc  (cost=0.00..51404.11 rows=1329612 width=4) (actual time=102.991..946.296 rows=1334883 loops=1)
                    Filter: (company_type_id = 2)
                    Rows Removed by Filter: 1274246
              ->  Hash  (cost=67604.59..67604.59 rows=1540800 width=4) (actual time=1952.245..1952.245 rows=1543264 loops=1)
                    Buckets: 131072  Batches: 32  Memory Usage: 2722kB
                    ->  Seq Scan on title t  (cost=0.00..67604.59 rows=1540800 width=4) (actual time=0.040..1234.440 rows=1543264 loops=1)
                          Filter: (kind_id = 7)
                          Rows Removed by Filter: 985048
Planning time: 2.004 ms
Execution time: 7638.074 ms
