Hash Join  (cost=137302.23..1231608.44 rows=5889704 width=0) (actual time=3111.468..37642.644 rows=13829250 loops=1)
  Hash Cond: (ci.movie_id = t.id)
  ->  Seq Scan on cast_info ci  (cost=0.00..614943.12 rows=36225612 width=4) (actual time=0.018..13067.736 rows=36244344 loops=1)
  ->  Hash  (cost=130557.51..130557.51 rows=411098 width=8) (actual time=3110.445..3110.445 rows=502068 loops=1)
        Buckets: 131072  Batches: 8  Memory Usage: 3488kB
        ->  Hash Join  (cost=86241.46..130557.51 rows=411098 width=8) (actual time=1591.517..2959.712 rows=502068 loops=1)
              Hash Cond: (mi_idx.movie_id = t.id)
              ->  Seq Scan on movie_info_idx mi_idx  (cost=0.00..25185.44 rows=915101 width=4) (actual time=0.026..535.744 rows=919850 loops=1)
                    Filter: (info_type_id < 101)
                    Rows Removed by Filter: 460185
              ->  Hash  (cost=67604.59..67604.59 rows=1135910 width=4) (actual time=1590.457..1590.457 rows=1133355 loops=1)
                    Buckets: 131072  Batches: 16  Memory Usage: 3516kB
                    ->  Seq Scan on title t  (cost=0.00..67604.59 rows=1135910 width=4) (actual time=0.012..1235.390 rows=1133355 loops=1)
                          Filter: (production_year < 2002)
                          Rows Removed by Filter: 1394957
Planning time: 1.214 ms
Execution time: 39202.086 ms
