Hash Join  (cost=120026.14..607618.04 rows=729694 width=0) (actual time=2617.165..16326.222 rows=5373000 loops=1)
  Hash Cond: (mi.movie_id = t.id)
  ->  Seq Scan on movie_info mi  (cost=0.00..309384.22 rows=14739122 width=4) (actual time=0.014..6226.672 rows=14835720 loops=1)
  ->  Hash  (cost=117972.38..117972.38 rows=125181 width=8) (actual time=2616.474..2616.474 rows=290704 loops=1)
        Buckets: 131072 (originally 131072)  Batches: 4 (originally 2)  Memory Usage: 3877kB
        ->  Hash Join  (cost=79601.51..117972.38 rows=125181 width=8) (actual time=1356.532..2519.306 rows=290704 loops=1)
              Hash Cond: (mi_idx.movie_id = t.id)
              ->  Seq Scan on movie_info_idx mi_idx  (cost=0.00..25185.44 rows=915101 width=4) (actual time=0.012..573.608 rows=919850 loops=1)
                    Filter: (info_type_id < 101)
                    Rows Removed by Filter: 460185
              ->  Hash  (cost=73925.90..73925.90 rows=345888 width=4) (actual time=1354.408..1354.408 rows=457402 loops=1)
                    Buckets: 131072  Batches: 8  Memory Usage: 3047kB
                    ->  Seq Scan on title t  (cost=0.00..73925.90 rows=345888 width=4) (actual time=0.031..1208.054 rows=457402 loops=1)
                          Filter: ((kind_id < 7) AND (production_year < 1997))
                          Rows Removed by Filter: 2070910
Planning time: 0.832 ms
Execution time: 16868.390 ms
