Hash Join  (cost=192370.39..946770.35 rows=1372929 width=0) (actual time=7501.499..19013.824 rows=2959814 loops=1)
  Hash Cond: (ci.movie_id = t.id)
  ->  Seq Scan on cast_info ci  (cost=0.00..705507.15 rows=2587872 width=4) (actual time=200.833..11283.977 rows=2537870 loops=1)
        Filter: (person_id < 245128)
        Rows Removed by Filter: 33706474
  ->  Hash  (cost=170361.33..170361.33 rows=1341445 width=8) (actual time=5068.317..5068.317 rows=1379855 loops=1)
        Buckets: 131072  Batches: 32  Memory Usage: 2708kB
        ->  Hash Join  (cost=107928.35..170361.33 rows=1341445 width=8) (actual time=2821.035..4667.270 rows=1379855 loops=1)
              Hash Cond: (mi_idx.movie_id = t.id)
              ->  Seq Scan on movie_info_idx mi_idx  (cost=0.00..21735.35 rows=1380035 width=4) (actual time=0.023..420.185 rows=1380035 loops=1)
              ->  Hash  (cost=67604.59..67604.59 rows=2457821 width=4) (actual time=2819.591..2819.591 rows=2456218 loops=1)
                    Buckets: 131072  Batches: 64  Memory Usage: 2375kB
                    ->  Seq Scan on title t  (cost=0.00..67604.59 rows=2457821 width=4) (actual time=0.023..1481.683 rows=2456218 loops=1)
                          Filter: (production_year > 0)
                          Rows Removed by Filter: 72094
Planning time: 0.891 ms
Execution time: 19376.512 ms
