Hash Join  (cost=102767.86..215028.99 rows=2118586 width=0) (actual time=1912.688..5148.284 rows=2123742 loops=1)
  Hash Cond: (mc.movie_id = t.id)
  ->  Seq Scan on movie_companies mc  (cost=0.00..51404.11 rows=2118586 width=4) (actual time=0.027..1124.895 rows=2123742 loops=1)
        Filter: (company_id > 424)
        Rows Removed by Filter: 485387
  ->  Hash  (cost=61283.27..61283.27 rows=2528527 width=4) (actual time=1911.980..1911.980 rows=2528312 loops=1)
        Buckets: 131072  Batches: 64  Memory Usage: 2415kB
        ->  Seq Scan on title t  (cost=0.00..61283.27 rows=2528527 width=4) (actual time=0.015..1080.517 rows=2528312 loops=1)
Planning time: 0.771 ms
Execution time: 5399.162 ms
