Hash Join  (cost=160037.75..525203.03 rows=50934 width=0) (actual time=2964.307..10764.805 rows=855315 loops=1)
  Hash Cond: (mi.movie_id = t.id)
  ->  Seq Scan on movie_info mi  (cost=0.00..309384.22 rows=14739122 width=4) (actual time=0.016..4493.097 rows=14835720 loops=1)
  ->  Hash  (cost=159928.52..159928.52 rows=8738 width=8) (actual time=2961.468..2961.468 rows=19173 loops=1)
        Buckets: 32768 (originally 16384)  Batches: 1 (originally 1)  Memory Usage: 1005kB
        ->  Hash Join  (cost=67697.55..159928.52 rows=8738 width=8) (actual time=976.963..2954.390 rows=19173 loops=1)
              Hash Cond: (mk.movie_id = t.id)
              ->  Seq Scan on movie_keyword mk  (cost=0.00..81003.12 rows=2970792 width=4) (actual time=0.022..1472.436 rows=2966771 loops=1)
                    Filter: (keyword_id > 2330)
                    Rows Removed by Filter: 1557159
              ->  Hash  (cost=67604.59..67604.59 rows=7437 width=4) (actual time=976.419..976.419 rows=15000 loops=1)
                    Buckets: 16384 (originally 8192)  Batches: 1 (originally 1)  Memory Usage: 656kB
                    ->  Seq Scan on title t  (cost=0.00..67604.59 rows=7437 width=4) (actual time=0.236..969.280 rows=15000 loops=1)
                          Filter: (production_year = 1970)
                          Rows Removed by Filter: 2513312
Planning time: 1.136 ms
Execution time: 10870.888 ms
