Seq Scan on cast_info ci  (cost=0.00..796071.18 rows=3746240 width=0) (actual time=4307.024..12318.905 rows=7551176 loops=1)
  Filter: ((person_id < 1030089) AND (role_id < 2))
  Rows Removed by Filter: 28693168
Planning time: 0.330 ms
Execution time: 13270.898 ms
