Hash Join  (cost=92735.26..1051924.03 rows=5044295 width=0) (actual time=5247.323..27378.891 rows=7403175 loops=1)
  Hash Cond: (ci.movie_id = t.id)
  ->  Seq Scan on cast_info ci  (cost=0.00..796071.18 rows=8326927 width=4) (actual time=3354.734..16428.998 rows=12670688 loops=1)
        Filter: ((person_id < 2418391) AND (role_id < 2))
        Rows Removed by Filter: 23573656
  ->  Hash  (cost=67604.59..67604.59 rows=1531734 width=4) (actual time=1891.657..1891.657 rows=1531613 loops=1)
        Buckets: 131072  Batches: 32  Memory Usage: 2708kB
        ->  Seq Scan on title t  (cost=0.00..67604.59 rows=1531734 width=4) (actual time=0.025..1383.103 rows=1531613 loops=1)
              Filter: (production_year > 1997)
              Rows Removed by Filter: 996699
Planning time: 0.566 ms
Execution time: 28253.940 ms
