Hash Join  (cost=81821.64..1186453.66 rows=6894885 width=0) (actual time=1443.219..34784.521 rows=8244981 loops=1)
  Hash Cond: (ci.movie_id = t.id)
  ->  Seq Scan on cast_info ci  (cost=0.00..614943.12 rows=36225612 width=4) (actual time=0.018..13709.730 rows=36244344 loops=1)
  ->  Hash  (cost=73925.90..73925.90 rows=481259 width=4) (actual time=1442.396..1442.396 rows=518327 loops=1)
        Buckets: 131072  Batches: 8  Memory Usage: 3301kB
        ->  Seq Scan on title t  (cost=0.00..73925.90 rows=481259 width=4) (actual time=0.023..1259.566 rows=518327 loops=1)
              Filter: ((production_year > 2007) AND (kind_id = 7))
              Rows Removed by Filter: 2009985
Planning time: 0.807 ms
Execution time: 35735.985 ms
