Nested Loop  (cost=0.43..83071.67 rows=246 width=0) (actual time=0.147..1362.300 rows=1376 loops=1)
  ->  Seq Scan on movie_keyword mk  (cost=0.00..81003.12 rows=246 width=4) (actual time=0.083..1288.115 rows=1376 loops=1)
        Filter: (keyword_id = 3089)
        Rows Removed by Filter: 4522554
  ->  Index Only Scan using title_pkey on title t  (cost=0.43..8.40 rows=1 width=4) (actual time=0.052..0.053 rows=1 loops=1376)
        Index Cond: (id = mk.movie_id)
        Heap Fetches: 1376
Planning time: 0.743 ms
Execution time: 1362.883 ms
