Hash Join  (cost=152196.48..232798.07 rows=402707 width=0) (actual time=4007.858..6405.184 rows=1125548 loops=1)
  Hash Cond: (mc.movie_id = t.id)
  ->  Seq Scan on movie_companies mc  (cost=0.00..44881.29 rows=2609129 width=4) (actual time=0.017..848.636 rows=2609129 loops=1)
  ->  Hash  (cost=145793.15..145793.15 rows=390266 width=8) (actual time=4006.888..4006.888 rows=393167 loops=1)
        Buckets: 131072  Batches: 8  Memory Usage: 2949kB
        ->  Hash Join  (cost=102454.22..145793.15 rows=390266 width=8) (actual time=2132.707..3889.192 rows=393167 loops=1)
              Hash Cond: (mi_idx.movie_id = t.id)
              ->  Seq Scan on movie_info_idx mi_idx  (cost=0.00..25185.44 rows=464566 width=4) (actual time=0.010..511.492 rows=459925 loops=1)
                    Filter: (info_type_id = 101)
                    Rows Removed by Filter: 920110
              ->  Hash  (cost=67604.59..67604.59 rows=2124131 width=4) (actual time=2131.942..2131.942 rows=2118372 loops=1)
                    Buckets: 131072  Batches: 32  Memory Usage: 3356kB
                    ->  Seq Scan on title t  (cost=0.00..67604.59 rows=2124131 width=4) (actual time=0.022..1454.694 rows=2118372 loops=1)
                          Filter: (production_year > 1967)
                          Rows Removed by Filter: 409940
Planning time: 1.230 ms
Execution time: 6537.407 ms
