Seq Scan on cast_info ci  (cost=0.00..796071.18 rows=4603282 width=0) (actual time=0.029..13241.396 rows=2746537 loops=1)
  Filter: ((person_id < 1342306) AND (role_id > 3))
  Rows Removed by Filter: 33497807
Planning time: 0.375 ms
Execution time: 13586.436 ms
