Hash Join  (cost=263115.61..1130896.05 rows=2603566 width=0) (actual time=10404.513..22312.259 rows=3612491 loops=1)
  Hash Cond: (ci.movie_id = t.id)
  ->  Seq Scan on cast_info ci  (cost=0.00..796071.18 rows=2523136 width=4) (actual time=4185.098..14392.220 rows=810966 loops=1)
        Filter: ((person_id < 2119682) AND (role_id = 10))
        Rows Removed by Filter: 35433378
  ->  Hash  (cost=220309.49..220309.49 rows=2609129 width=8) (actual time=6218.077..6218.077 rows=2609129 loops=1)
        Buckets: 131072  Batches: 64  Memory Usage: 2610kB
        ->  Hash Join  (cost=102767.86..220309.49 rows=2609129 width=8) (actual time=2040.862..5473.879 rows=2609129 loops=1)
              Hash Cond: (mc.movie_id = t.id)
              ->  Seq Scan on movie_companies mc  (cost=0.00..44881.29 rows=2609129 width=4) (actual time=0.027..905.065 rows=2609129 loops=1)
              ->  Hash  (cost=61283.27..61283.27 rows=2528527 width=4) (actual time=2038.781..2038.781 rows=2528312 loops=1)
                    Buckets: 131072  Batches: 64  Memory Usage: 2415kB
                    ->  Seq Scan on title t  (cost=0.00..61283.27 rows=2528527 width=4) (actual time=0.019..1186.667 rows=2528312 loops=1)
Planning time: 1.175 ms
Execution time: 22731.044 ms
