Seq Scan on title t  (cost=0.00..73925.90 rows=10124 width=0) (actual time=0.064..1040.416 rows=8484 loops=1)
  Filter: ((kind_id < 4) AND (production_year = 1994))
  Rows Removed by Filter: 2519828
Planning time: 0.996 ms
Execution time: 1042.475 ms
