Nested Loop  (cost=44377.22..141413.94 rows=2963 width=0) (actual time=914.435..2412.241 rows=9630 loops=1)
  ->  Hash Join  (cost=44376.79..131926.37 rows=16138 width=8) (actual time=914.353..2256.930 rows=9630 loops=1)
        Hash Cond: (mk.movie_id = mi_idx.movie_id)
        ->  Seq Scan on movie_keyword mk  (cost=0.00..81003.12 rows=5429 width=4) (actual time=0.170..1150.390 rows=6326 loops=1)
              Filter: (keyword_id = 498)
              Rows Removed by Filter: 4517604
        ->  Hash  (cost=21735.35..21735.35 rows=1380035 width=4) (actual time=897.016..897.016 rows=1380035 loops=1)
              Buckets: 131072  Batches: 32  Memory Usage: 2556kB
              ->  Seq Scan on movie_info_idx mi_idx  (cost=0.00..21735.35 rows=1380035 width=4) (actual time=0.018..474.137 rows=1380035 loops=1)
  ->  Index Only Scan using title_pkey on title t  (cost=0.43..0.58 rows=1 width=4) (actual time=0.015..0.016 rows=1 loops=9630)
        Index Cond: (id = mi_idx.movie_id)
        Heap Fetches: 9630
Planning time: 3.878 ms
Execution time: 2414.065 ms
