Hash Join  (cost=74122.10..101079.90 rows=2886 width=0) (actual time=1276.197..1836.715 rows=5641 loops=1)
  Hash Cond: (mi_idx.movie_id = t.id)
  ->  Seq Scan on movie_info_idx mi_idx  (cost=0.00..25185.44 rows=464934 width=4) (actual time=0.011..448.050 rows=460185 loops=1)
        Filter: (info_type_id > 100)
        Rows Removed by Filter: 919850
  ->  Hash  (cost=73925.90..73925.90 rows=15696 width=4) (actual time=1275.830..1275.830 rows=12685 loops=1)
        Buckets: 16384  Batches: 1  Memory Usage: 574kB
        ->  Seq Scan on title t  (cost=0.00..73925.90 rows=15696 width=4) (actual time=0.101..1270.182 rows=12685 loops=1)
              Filter: ((kind_id < 6) AND (production_year = 1997))
              Rows Removed by Filter: 2515627
Planning time: 2.016 ms
Execution time: 1837.908 ms
