Nested Loop  (cost=0.43..52283.69 rows=104 width=0) (actual time=421.376..890.003 rows=65 loops=1)
  ->  Seq Scan on movie_companies mc  (cost=0.00..51404.11 rows=104 width=4) (actual time=421.293..882.076 rows=65 loops=1)
        Filter: (company_id = 12830)
        Rows Removed by Filter: 2609064
  ->  Index Only Scan using title_pkey on title t  (cost=0.43..8.45 rows=1 width=4) (actual time=0.119..0.119 rows=1 loops=65)
        Index Cond: (id = mc.movie_id)
        Heap Fetches: 65
Planning time: 0.789 ms
Execution time: 890.112 ms
