Hash Join  (cost=472656.51..1556568.58 rows=4877891 width=0) (actual time=8028.267..42788.134 rows=10237234 loops=1)
  Hash Cond: (ci.movie_id = t.id)
  ->  Seq Scan on cast_info ci  (cost=0.00..614943.12 rows=36225612 width=4) (actual time=0.014..14039.866 rows=36244344 loops=1)
  ->  Hash  (cost=467070.59..467070.59 rows=340474 width=8) (actual time=8027.409..8027.409 rows=328857 loops=1)
        Buckets: 131072  Batches: 8  Memory Usage: 2634kB
        ->  Hash Join  (cost=102767.86..467070.59 rows=340474 width=8) (actual time=6799.881..7924.844 rows=328857 loops=1)
              Hash Cond: (mi.movie_id = t.id)
              ->  Seq Scan on movie_info mi  (cost=0.00..346232.03 rows=340474 width=4) (actual time=4714.964..5173.052 rows=328857 loops=1)
                    Filter: (info_type_id = 98)
                    Rows Removed by Filter: 14506863
              ->  Hash  (cost=61283.27..61283.27 rows=2528527 width=4) (actual time=2083.917..2083.917 rows=2528312 loops=1)
                    Buckets: 131072  Batches: 64  Memory Usage: 2425kB
                    ->  Seq Scan on title t  (cost=0.00..61283.27 rows=2528527 width=4) (actual time=0.015..1191.836 rows=2528312 loops=1)
Planning time: 1.134 ms
Execution time: 43944.143 ms
