Hash Join  (cost=75464.55..139806.64 rows=18785 width=0) (actual time=1198.356..2545.310 rows=17915 loops=1)
  Hash Cond: (mc.movie_id = t.id)
  ->  Seq Scan on movie_companies mc  (cost=0.00..57926.93 rows=506747 width=4) (actual time=0.045..1026.155 rows=819645 loops=1)
        Filter: ((company_id > 16568) AND (company_type_id > 1))
        Rows Removed by Filter: 1789484
  ->  Hash  (cost=73925.90..73925.90 rows=93732 width=4) (actual time=1197.404..1197.404 rows=100592 loops=1)
        Buckets: 131072  Batches: 2  Memory Usage: 2791kB
        ->  Seq Scan on title t  (cost=0.00..73925.90 rows=93732 width=4) (actual time=0.030..1158.554 rows=100592 loops=1)
              Filter: ((kind_id > 1) AND (production_year = 2009))
              Rows Removed by Filter: 2427720
Planning time: 0.780 ms
Execution time: 2553.515 ms
