Hash Join  (cost=709677.75..1060652.08 rows=184 width=0) (actual time=15777.587..16388.168 rows=239 loops=1)
  Hash Cond: (mi.movie_id = t.id)
  ->  Seq Scan on movie_info mi  (cost=0.00..346232.03 rows=1264125 width=4) (actual time=4779.393..5522.533 rows=1288928 loops=1)
        Filter: (info_type_id = 2)
        Rows Removed by Filter: 13546792
  ->  Hash  (cost=709673.15..709673.15 rows=368 width=8) (actual time=10705.117..10705.117 rows=241 loops=1)
        Buckets: 1024  Batches: 1  Memory Usage: 18kB
        ->  Nested Loop  (cost=0.43..709673.15 rows=368 width=8) (actual time=1000.404..10705.024 rows=241 loops=1)
              ->  Seq Scan on cast_info ci  (cost=0.00..705507.15 rows=500 width=4) (actual time=1000.325..10685.143 rows=241 loops=1)
                    Filter: (person_id = 2367768)
                    Rows Removed by Filter: 36244103
              ->  Index Scan using title_pkey on title t  (cost=0.43..8.32 rows=1 width=4) (actual time=0.081..0.082 rows=1 loops=241)
                    Index Cond: (id = ci.movie_id)
                    Filter: (kind_id > 1)
Planning time: 1.203 ms
Execution time: 16388.358 ms
