Seq Scan on movie_companies mc  (cost=0.00..51404.11 rows=762226 width=0) (actual time=0.026..958.063 rows=755951 loops=1)
  Filter: (company_id < 1502)
  Rows Removed by Filter: 1853178
Planning time: 0.339 ms
Execution time: 1072.868 ms
