Nested Loop  (cost=0.43..58358.27 rows=51 width=0) (actual time=191.028..942.644 rows=4 loops=1)
  ->  Seq Scan on movie_companies mc  (cost=0.00..57926.93 rows=51 width=4) (actual time=190.905..942.378 rows=4 loops=1)
        Filter: ((company_id = 11398) AND (company_type_id = 1))
        Rows Removed by Filter: 2609125
  ->  Index Only Scan using title_pkey on title t  (cost=0.43..8.45 rows=1 width=4) (actual time=0.058..0.059 rows=1 loops=4)
        Index Cond: (id = mc.movie_id)
        Heap Fetches: 4
Planning time: 0.793 ms
Execution time: 942.720 ms
