Seq Scan on cast_info ci  (cost=0.00..796071.18 rows=1653839 width=0) (actual time=10111.522..12554.905 rows=3465190 loops=1)
  Filter: ((person_id > 2261937) AND (role_id = 10))
  Rows Removed by Filter: 32779154
Planning time: 0.433 ms
Execution time: 12940.219 ms
