Hash Join  (cost=158191.58..637195.14 rows=390466 width=0) (actual time=3343.679..13744.388 rows=1758030 loops=1)
  Hash Cond: (mi.movie_id = t.id)
  ->  Seq Scan on movie_info mi  (cost=0.00..346232.03 rows=11115165 width=4) (actual time=0.024..6255.265 rows=11210743 loops=1)
        Filter: (info_type_id > 3)
        Rows Removed by Filter: 3624977
  ->  Hash  (cost=156734.27..156734.27 rows=88825 width=8) (actual time=3342.715..3342.715 rows=94597 loops=1)
        Buckets: 131072  Batches: 2  Memory Usage: 2884kB
        ->  Hash Join  (cost=75411.94..156734.27 rows=88825 width=8) (actual time=1202.631..3306.256 rows=94597 loops=1)
              Hash Cond: (mc.movie_id = t.id)
              ->  Seq Scan on movie_companies mc  (cost=0.00..51404.11 rows=2479991 width=4) (actual time=0.016..1169.428 rows=2480788 loops=1)
                    Filter: (company_id < 142062)
                    Rows Removed by Filter: 128341
              ->  Hash  (cost=73925.90..73925.90 rows=90563 width=4) (actual time=1201.584..1201.584 rows=80990 loops=1)
                    Buckets: 131072  Batches: 2  Memory Usage: 2450kB
                    ->  Seq Scan on title t  (cost=0.00..73925.90 rows=90563 width=4) (actual time=0.090..1172.113 rows=80990 loops=1)
                          Filter: ((kind_id < 7) AND (production_year > 2011))
                          Rows Removed by Filter: 2447322
Planning time: 1.214 ms
Execution time: 13948.800 ms
