Hash Join  (cost=204209.58..1360337.80 rows=11907805 width=0) (actual time=4448.011..41243.937 rows=22952814 loops=1)
  Hash Cond: (ci.movie_id = t.id)
  ->  Seq Scan on cast_info ci  (cost=0.00..614943.12 rows=36225612 width=4) (actual time=0.017..13395.830 rows=36244344 loops=1)
  ->  Hash  (cost=190573.11..190573.11 rows=831158 width=8) (actual time=4446.919..4446.919 rows=626394 loops=1)
        Buckets: 131072  Batches: 16  Memory Usage: 2549kB
        ->  Hash Join  (cost=102767.86..190573.11 rows=831158 width=8) (actual time=2167.524..4259.263 rows=626394 loops=1)
              Hash Cond: (mc.movie_id = t.id)
              ->  Seq Scan on movie_companies mc  (cost=0.00..57926.93 rows=831158 width=4) (actual time=0.013..1137.632 rows=626394 loops=1)
                    Filter: ((company_id > 3094) AND (company_type_id < 2))
                    Rows Removed by Filter: 1982735
              ->  Hash  (cost=61283.27..61283.27 rows=2528527 width=4) (actual time=2166.119..2166.119 rows=2528312 loops=1)
                    Buckets: 131072  Batches: 64  Memory Usage: 2415kB
                    ->  Seq Scan on title t  (cost=0.00..61283.27 rows=2528527 width=4) (actual time=0.018..1160.547 rows=2528312 loops=1)
Planning time: 0.905 ms
Execution time: 43838.907 ms
