Nested Loop  (cost=44377.22..145848.08 rows=4198 width=0) (actual time=903.320..2570.579 rows=10300 loops=1)
  ->  Hash Join  (cost=44376.79..132407.46 rows=22862 width=8) (actual time=903.273..2399.115 rows=10300 loops=1)
        Hash Cond: (mk.movie_id = mi_idx.movie_id)
        ->  Seq Scan on movie_keyword mk  (cost=0.00..81003.12 rows=7691 width=4) (actual time=0.824..1255.320 rows=6501 loops=1)
              Filter: (keyword_id = 355)
              Rows Removed by Filter: 4517429
        ->  Hash  (cost=21735.35..21735.35 rows=1380035 width=4) (actual time=899.097..899.097 rows=1380035 loops=1)
              Buckets: 131072  Batches: 32  Memory Usage: 2556kB
              ->  Seq Scan on movie_info_idx mi_idx  (cost=0.00..21735.35 rows=1380035 width=4) (actual time=0.024..458.781 rows=1380035 loops=1)
  ->  Index Only Scan using title_pkey on title t  (cost=0.43..0.58 rows=1 width=4) (actual time=0.015..0.015 rows=1 loops=10300)
        Index Cond: (id = mi_idx.movie_id)
        Heap Fetches: 10300
Planning time: 4.684 ms
Execution time: 2572.605 ms
