Hash Join  (cost=122157.29..200976.94 rows=273413 width=0) (actual time=2703.052..4954.202 rows=985840 loops=1)
  Hash Cond: (mc.movie_id = t.id)
  ->  Seq Scan on movie_companies mc  (cost=0.00..44881.29 rows=2609129 width=4) (actual time=0.019..907.570 rows=2609129 loops=1)
  ->  Hash  (cost=117809.20..117809.20 rows=264967 width=8) (actual time=2702.262..2702.262 rows=295714 loops=1)
        Buckets: 131072  Batches: 4  Memory Usage: 3918kB
        ->  Hash Join  (cost=75570.05..117809.20 rows=264967 width=8) (actual time=1334.383..2610.209 rows=295714 loops=1)
              Hash Cond: (mi_idx.movie_id = t.id)
              ->  Seq Scan on movie_info_idx mi_idx  (cost=0.00..21735.35 rows=1380035 width=4) (actual time=0.023..492.550 rows=1380035 loops=1)
              ->  Hash  (cost=67604.59..67604.59 rows=485477 width=4) (actual time=1332.626..1332.626 rows=479601 loops=1)
                    Buckets: 131072  Batches: 8  Memory Usage: 3125kB
                    ->  Seq Scan on title t  (cost=0.00..67604.59 rows=485477 width=4) (actual time=0.022..1172.323 rows=479601 loops=1)
                          Filter: (production_year < 1978)
                          Rows Removed by Filter: 2048711
Planning time: 1.144 ms
Execution time: 5072.481 ms
