Seq Scan on cast_info ci  (cost=0.00..705507.15 rows=14981408 width=0) (actual time=0.032..11956.436 rows=15152047 loops=1)
  Filter: (person_id > 2129515)
  Rows Removed by Filter: 21092297
Planning time: 0.346 ms
Execution time: 13855.164 ms
