Seq Scan on movie_keyword mk  (cost=0.00..81003.12 rows=3817167 width=0) (actual time=0.024..1484.882 rows=3814611 loops=1)
  Filter: (keyword_id > 599)
  Rows Removed by Filter: 709319
Planning time: 0.362 ms
Execution time: 1943.019 ms
