Hash Join  (cost=83074.66..109986.18 rows=104 width=0) (actual time=1192.589..1735.759 rows=378 loops=1)
  Hash Cond: (mi_idx.movie_id = t.id)
  ->  Seq Scan on movie_info_idx mi_idx  (cost=0.00..21735.35 rows=1380035 width=4) (actual time=0.025..294.446 rows=1380035 loops=1)
  ->  Hash  (cost=83072.29..83072.29 rows=190 width=8) (actual time=1187.376..1187.376 rows=130 loops=1)
        Buckets: 1024  Batches: 1  Memory Usage: 14kB
        ->  Nested Loop  (cost=0.43..83072.29 rows=190 width=8) (actual time=0.553..1187.195 rows=130 loops=1)
              ->  Seq Scan on movie_keyword mk  (cost=0.00..81003.12 rows=246 width=4) (actual time=0.507..1178.343 rows=153 loops=1)
                    Filter: (keyword_id = 5211)
                    Rows Removed by Filter: 4523777
              ->  Index Scan using title_pkey on title t  (cost=0.43..8.40 rows=1 width=4) (actual time=0.054..0.054 rows=1 loops=153)
                    Index Cond: (id = mk.movie_id)
                    Filter: (production_year > 1979)
                    Rows Removed by Filter: 0
Planning time: 1.173 ms
Execution time: 1736.006 ms
