Nested Loop  (cost=0.43..709673.15 rows=363 width=0) (actual time=154.846..10802.610 rows=29 loops=1)
  ->  Seq Scan on cast_info ci  (cost=0.00..705507.15 rows=500 width=4) (actual time=154.768..10789.331 rows=80 loops=1)
        Filter: (person_id = 1585679)
        Rows Removed by Filter: 36244264
  ->  Index Scan using title_pkey on title t  (cost=0.43..8.32 rows=1 width=4) (actual time=0.165..0.165 rows=0 loops=80)
        Index Cond: (id = ci.movie_id)
        Filter: (production_year > 1986)
        Rows Removed by Filter: 1
Planning time: 0.783 ms
Execution time: 10802.726 ms
