Hash Join  (cost=129556.37..239983.77 rows=249081 width=0) (actual time=2680.803..5656.247 rows=1632546 loops=1)
  Hash Cond: (mk.movie_id = t.id)
  ->  Seq Scan on movie_keyword mk  (cost=0.00..81003.12 rows=2233990 width=4) (actual time=0.027..1563.564 rows=2226119 loops=1)
        Filter: (keyword_id < 4573)
        Rows Removed by Filter: 2297811
  ->  Hash  (cost=124930.36..124930.36 rows=281921 width=8) (actual time=2679.420..2679.420 rows=411386 loops=1)
        Buckets: 131072 (originally 131072)  Batches: 8 (originally 4)  Memory Usage: 3073kB
        ->  Hash Join  (cost=82400.67..124930.36 rows=281921 width=8) (actual time=1333.030..2546.211 rows=411386 loops=1)
              Hash Cond: (mi_idx.movie_id = t.id)
              ->  Seq Scan on movie_info_idx mi_idx  (cost=0.00..21735.35 rows=1380035 width=4) (actual time=0.016..424.449 rows=1380035 loops=1)
              ->  Hash  (cost=73925.90..73925.90 rows=516541 width=4) (actual time=1332.188..1332.188 rows=440918 loops=1)
                    Buckets: 131072  Batches: 8  Memory Usage: 2960kB
                    ->  Seq Scan on title t  (cost=0.00..73925.90 rows=516541 width=4) (actual time=0.016..1193.908 rows=440918 loops=1)
                          Filter: ((kind_id < 7) AND (production_year > 2001))
                          Rows Removed by Filter: 2087394
Planning time: 1.186 ms
Execution time: 5861.849 ms
