Seq Scan on movie_keyword mk  (cost=0.00..81003.12 rows=3494072 width=0) (actual time=0.019..1335.195 rows=3489105 loops=1)
  Filter: (keyword_id < 17174)
  Rows Removed by Filter: 1034825
Planning time: 0.370 ms
Execution time: 1734.076 ms
