Seq Scan on cast_info ci  (cost=0.00..705507.15 rows=500 width=0) (actual time=6323.730..10519.319 rows=2 loops=1)
  Filter: (person_id = 2098425)
  Rows Removed by Filter: 36244342
Planning time: 0.381 ms
Execution time: 10519.425 ms
