Hash Join  (cost=75628.47..165514.48 rows=29038 width=0) (actual time=1200.392..2754.881 rows=32638 loops=1)
  Hash Cond: (mk.movie_id = t.id)
  ->  Seq Scan on movie_keyword mk  (cost=0.00..81003.12 rows=707870 width=4) (actual time=0.014..1301.228 rows=714093 loops=1)
        Filter: (keyword_id > 26432)
        Rows Removed by Filter: 3809837
  ->  Hash  (cost=73925.90..73925.90 rows=103725 width=4) (actual time=1199.596..1199.596 rows=98992 loops=1)
        Buckets: 131072  Batches: 2  Memory Usage: 2766kB
        ->  Seq Scan on title t  (cost=0.00..73925.90 rows=103725 width=4) (actual time=202.689..1162.282 rows=98992 loops=1)
              Filter: ((kind_id < 2) AND (production_year > 2010))
              Rows Removed by Filter: 2429320
Planning time: 2.722 ms
Execution time: 2759.718 ms
