Seq Scan on movie_keyword mk  (cost=0.00..81003.12 rows=2599223 width=0) (actual time=0.016..1522.277 rows=2580332 loops=1)
  Filter: (keyword_id > 3345)
  Rows Removed by Filter: 1943598
Planning time: 0.330 ms
Execution time: 1848.496 ms
