Hash Join  (cost=195335.91..746232.44 rows=6662560 width=0) (actual time=4681.610..22878.586 rows=22199655 loops=1)
  Hash Cond: (mi.movie_id = t.id)
  ->  Seq Scan on movie_info mi  (cost=0.00..309384.22 rows=14739122 width=4) (actual time=0.017..5845.476 rows=14835720 loops=1)
  ->  Hash  (cost=176583.71..176583.71 rows=1142976 width=8) (actual time=4680.754..4680.754 rows=917132 loops=1)
        Buckets: 131072  Batches: 16  Memory Usage: 3263kB
        ->  Hash Join  (cost=85777.42..176583.71 rows=1142976 width=8) (actual time=1532.985..4383.454 rows=917132 loops=1)
              Hash Cond: (mc.movie_id = t.id)
              ->  Seq Scan on movie_companies mc  (cost=0.00..44881.29 rows=2609129 width=4) (actual time=0.019..942.405 rows=2609129 loops=1)
              ->  Hash  (cost=67604.59..67604.59 rows=1107667 width=4) (actual time=1531.887..1531.887 rows=1107925 loops=1)
                    Buckets: 131072  Batches: 16  Memory Usage: 3460kB
                    ->  Seq Scan on title t  (cost=0.00..67604.59 rows=1107667 width=4) (actual time=0.021..1174.276 rows=1107925 loops=1)
                          Filter: (production_year > 2004)
                          Rows Removed by Filter: 1420387
Planning time: 1.157 ms
Execution time: 25239.557 ms
