Hash Join  (cost=183915.42..950371.23 rows=848576 width=0) (actual time=5929.702..17569.491 rows=1623200 loops=1)
  Hash Cond: (ci.movie_id = t.id)
  ->  Seq Scan on cast_info ci  (cost=0.00..705507.15 rows=4371439 width=4) (actual time=2156.575..11386.038 rows=4233003 loops=1)
        Filter: (person_id < 408424)
        Rows Removed by Filter: 32011341
  ->  Hash  (cost=175862.01..175862.01 rows=490833 width=8) (actual time=3601.415..3601.415 rows=485387 loops=1)
        Buckets: 131072  Batches: 8  Memory Usage: 3402kB
        ->  Hash Join  (cost=102767.86..175862.01 rows=490833 width=8) (actual time=1719.309..3461.932 rows=485387 loops=1)
              Hash Cond: (mc.movie_id = t.id)
              ->  Seq Scan on movie_companies mc  (cost=0.00..51404.11 rows=490833 width=4) (actual time=0.053..895.857 rows=485387 loops=1)
                    Filter: (company_id < 425)
                    Rows Removed by Filter: 2123742
              ->  Hash  (cost=61283.27..61283.27 rows=2528527 width=4) (actual time=1718.404..1718.404 rows=2528312 loops=1)
                    Buckets: 131072  Batches: 64  Memory Usage: 2415kB
                    ->  Seq Scan on title t  (cost=0.00..61283.27 rows=2528527 width=4) (actual time=0.029..912.793 rows=2528312 loops=1)
Planning time: 1.192 ms
Execution time: 17761.850 ms
