Hash Join  (cost=52284.96..803085.73 rows=1160 width=0) (actual time=861.265..16991.237 rows=1559 loops=1)
  Hash Cond: (ci.movie_id = t.id)
  ->  Seq Scan on cast_info ci  (cost=0.00..614943.12 rows=36225612 width=4) (actual time=0.011..9267.290 rows=36244344 loops=1)
  ->  Hash  (cost=52283.95..52283.95 rows=81 width=8) (actual time=820.846..820.846 rows=43 loops=1)
        Buckets: 1024  Batches: 1  Memory Usage: 10kB
        ->  Nested Loop  (cost=0.43..52283.95 rows=81 width=8) (actual time=51.088..820.810 rows=43 loops=1)
              ->  Seq Scan on movie_companies mc  (cost=0.00..51404.11 rows=104 width=4) (actual time=51.014..819.901 rows=43 loops=1)
                    Filter: (company_id = 76860)
                    Rows Removed by Filter: 2609086
              ->  Index Scan using title_pkey on title t  (cost=0.43..8.45 rows=1 width=4) (actual time=0.019..0.020 rows=1 loops=43)
                    Index Cond: (id = mc.movie_id)
                    Filter: (production_year > 1978)
Planning time: 6.765 ms
Execution time: 16991.935 ms
