Hash Join  (cost=1163685.84..2160483.71 rows=13797833 width=211) (actual time=30897.440..74188.340 rows=38217971 loops=1)
  Hash Cond: (mi.movie_id = t.id)
  ->  Seq Scan on movie_info mi  (cost=0.00..309384.22 rows=14739122 width=75) (actual time=0.013..8204.201 rows=14835720 loops=1)
  ->  Hash  (cost=1087865.75..1087865.75 rows=2367047 width=136) (actual time=30894.475..30894.475 rows=2461017 loops=1)
        Buckets: 32768  Batches: 128  Memory Usage: 3030kB
        ->  Hash Join  (cost=80373.41..1087865.75 rows=2367047 width=136) (actual time=1872.927..28813.726 rows=2461017 loops=1)
              Hash Cond: (ci.movie_id = t.id)
              ->  Seq Scan on cast_info ci  (cost=0.00..705507.15 rows=12726058 width=42) (actual time=0.017..17344.588 rows=12670688 loops=1)
                    Filter: (role_id = 1)
                    Rows Removed by Filter: 23573656
              ->  Hash  (cost=67604.59..67604.59 rows=470306 width=94) (actual time=1872.403..1872.403 rows=465563 loops=1)
                    Buckets: 32768  Batches: 16  Memory Usage: 3514kB
                    ->  Seq Scan on title t  (cost=0.00..67604.59 rows=470306 width=94) (actual time=0.014..1671.087 rows=465563 loops=1)
                          Filter: (production_year < 1977)
                          Rows Removed by Filter: 2062749
Planning time: 1.624 ms
Execution time: 76382.906 ms
