Hash Join  (cost=58358.90..145373.71 rows=32 width=0) (actual time=1590.791..2516.788 rows=1 loops=1)
  Hash Cond: (mk.movie_id = t.id)
  ->  Seq Scan on movie_keyword mk  (cost=0.00..81003.12 rows=1603030 width=4) (actual time=0.018..1375.928 rows=1615182 loops=1)
        Filter: (keyword_id > 9357)
        Rows Removed by Filter: 2908748
  ->  Hash  (cost=58358.27..58358.27 rows=51 width=8) (actual time=915.417..915.417 rows=4 loops=1)
        Buckets: 1024  Batches: 1  Memory Usage: 9kB
        ->  Nested Loop  (cost=0.43..58358.27 rows=51 width=8) (actual time=647.056..915.406 rows=4 loops=1)
              ->  Seq Scan on movie_companies mc  (cost=0.00..57926.93 rows=51 width=4) (actual time=646.945..915.106 rows=4 loops=1)
                    Filter: ((company_type_id < 2) AND (company_id = 21539))
                    Rows Removed by Filter: 2609125
              ->  Index Only Scan using title_pkey on title t  (cost=0.43..8.45 rows=1 width=4) (actual time=0.064..0.065 rows=1 loops=4)
                    Index Cond: (id = mc.movie_id)
                    Heap Fetches: 4
Planning time: 4.977 ms
Execution time: 2516.913 ms
