Seq Scan on movie_companies mc  (cost=0.00..57926.93 rows=53 width=0) (actual time=255.937..1026.109 rows=123 loops=1)
  Filter: ((company_type_id > 1) AND (company_id = 1893))
  Rows Removed by Filter: 2609006
Planning time: 0.402 ms
Execution time: 1026.233 ms
