Hash Join  (cost=102767.86..269478.09 rows=3151330 width=0) (actual time=2456.792..7157.265 rows=3140693 loops=1)
  Hash Cond: (mk.movie_id = t.id)
  ->  Seq Scan on movie_keyword mk  (cost=0.00..81003.12 rows=3151330 width=4) (actual time=0.024..1618.999 rows=3140693 loops=1)
        Filter: (keyword_id > 1855)
        Rows Removed by Filter: 1383237
  ->  Hash  (cost=61283.27..61283.27 rows=2528527 width=4) (actual time=2455.944..2455.944 rows=2528312 loops=1)
        Buckets: 131072  Batches: 64  Memory Usage: 2425kB
        ->  Seq Scan on title t  (cost=0.00..61283.27 rows=2528527 width=4) (actual time=0.018..996.909 rows=2528312 loops=1)
Planning time: 1.832 ms
Execution time: 7554.148 ms
