Hash Join  (cost=247572.72..848557.52 rows=8171522 width=0) (actual time=5164.332..20358.183 rows=3722845 loops=1)
  Hash Cond: (mi.movie_id = t.id)
  ->  Seq Scan on movie_info mi  (cost=0.00..346232.03 rows=14483353 width=4) (actual time=0.013..7519.771 rows=14528932 loops=1)
        Filter: (info_type_id < 106)
        Rows Removed by Filter: 306788
  ->  Hash  (cost=224167.26..224167.26 rows=1426597 width=8) (actual time=5159.471..5159.471 rows=354581 loops=1)
        Buckets: 131072  Batches: 32  Memory Usage: 1459kB
        ->  Hash Join  (cost=92883.59..224167.26 rows=1426597 width=8) (actual time=3722.623..5046.251 rows=354581 loops=1)
              Hash Cond: (mk.movie_id = t.id)
              ->  Seq Scan on movie_keyword mk  (cost=0.00..81003.12 rows=2341115 width=4) (actual time=0.013..1673.051 rows=2340548 loops=1)
                    Filter: (keyword_id > 4321)
                    Rows Removed by Filter: 2183382
              ->  Hash  (cost=67604.59..67604.59 rows=1540800 width=4) (actual time=1667.676..1667.676 rows=1543264 loops=1)
                    Buckets: 131072  Batches: 32  Memory Usage: 2728kB
                    ->  Seq Scan on title t  (cost=0.00..67604.59 rows=1540800 width=4) (actual time=0.012..1187.424 rows=1543264 loops=1)
                          Filter: (kind_id = 7)
                          Rows Removed by Filter: 985048
Planning time: 1.076 ms
Execution time: 20781.116 ms
