Seq Scan on movie_companies mc  (cost=0.00..57926.93 rows=51 width=0) (actual time=13.777..896.995 rows=23 loops=1)
  Filter: ((company_id = 20794) AND (company_type_id = 1))
  Rows Removed by Filter: 2609106
Planning time: 0.403 ms
Execution time: 897.100 ms
