Hash Join  (cost=83810.17..887282.69 rows=89406 width=0) (actual time=3742.898..14968.425 rows=117476 loops=1)
  Hash Cond: (ci.movie_id = t.id)
  ->  Seq Scan on cast_info ci  (cost=0.00..796071.18 rows=228874 width=4) (actual time=2387.063..13259.675 rows=267051 loops=1)
        Filter: ((person_id > 1230922) AND (role_id > 10))
        Rows Removed by Filter: 35977293
  ->  Hash  (cost=67604.59..67604.59 rows=987727 width=4) (actual time=1354.665..1354.665 rows=985048 loops=1)
        Buckets: 131072  Batches: 16  Memory Usage: 3188kB
        ->  Seq Scan on title t  (cost=0.00..67604.59 rows=987727 width=4) (actual time=0.017..1047.659 rows=985048 loops=1)
              Filter: (kind_id < 7)
              Rows Removed by Filter: 1543264
Planning time: 0.791 ms
Execution time: 14984.015 ms
