Seq Scan on movie_keyword mk  (cost=0.00..81003.12 rows=3169893 width=0) (actual time=0.021..1581.499 rows=3159079 loops=1)
  Filter: (keyword_id < 12258)
  Rows Removed by Filter: 1364851
Planning time: 0.350 ms
Execution time: 1990.465 ms
