Hash Join  (cost=96356.06..152184.15 rows=956456 width=0) (actual time=1808.400..3339.190 rows=910578 loops=1)
  Hash Cond: (mi_idx.movie_id = t.id)
  ->  Seq Scan on movie_info_idx mi_idx  (cost=0.00..21735.35 rows=1380035 width=4) (actual time=0.023..398.860 rows=1380035 loops=1)
  ->  Hash  (cost=67604.59..67604.59 rows=1752438 width=4) (actual time=1807.079..1807.079 rows=1749032 loops=1)
        Buckets: 131072  Batches: 32  Memory Usage: 2950kB
        ->  Seq Scan on title t  (cost=0.00..67604.59 rows=1752438 width=4) (actual time=0.019..1268.301 rows=1749032 loops=1)
              Filter: (production_year > 1990)
              Rows Removed by Filter: 779280
Planning time: 0.790 ms
Execution time: 3443.628 ms
