Hash Join  (cost=190230.21..337431.27 rows=1949812 width=0) (actual time=4175.659..9518.072 rows=8369886 loops=1)
  Hash Cond: (mk.movie_id = t.id)
  ->  Seq Scan on movie_keyword mk  (cost=0.00..81003.12 rows=3572483 width=4) (actual time=0.019..1713.650 rows=3569414 loops=1)
        Filter: (keyword_id > 890)
        Rows Removed by Filter: 954516
  ->  Hash  (cost=167588.78..167588.78 rows=1380035 width=8) (actual time=4171.900..4171.900 rows=1380035 loops=1)
        Buckets: 131072  Batches: 32  Memory Usage: 2726kB
        ->  Hash Join  (cost=102767.86..167588.78 rows=1380035 width=8) (actual time=1884.404..3771.251 rows=1380035 loops=1)
              Hash Cond: (mi_idx.movie_id = t.id)
              ->  Seq Scan on movie_info_idx mi_idx  (cost=0.00..21735.35 rows=1380035 width=4) (actual time=0.029..430.499 rows=1380035 loops=1)
              ->  Hash  (cost=61283.27..61283.27 rows=2528527 width=4) (actual time=1882.615..1882.615 rows=2528312 loops=1)
                    Buckets: 131072  Batches: 64  Memory Usage: 2415kB
                    ->  Seq Scan on title t  (cost=0.00..61283.27 rows=2528527 width=4) (actual time=0.022..1020.102 rows=2528312 loops=1)
Planning time: 1.217 ms
Execution time: 10441.580 ms
