Hash Join  (cost=174844.72..1120650.40 rows=835437 width=0) (actual time=5269.770..27524.646 rows=2483853 loops=1)
  Hash Cond: (ci.movie_id = t.id)
  ->  Seq Scan on cast_info ci  (cost=0.00..705507.15 rows=20024311 width=4) (actual time=1984.023..15247.208 rows=20122661 loops=1)
        Filter: (role_id < 3)
        Rows Removed by Filter: 16121683
  ->  Hash  (cost=173113.05..173113.05 rows=105493 width=8) (actual time=3284.903..3284.903 rows=167048 loops=1)
        Buckets: 131072 (originally 131072)  Batches: 4 (originally 2)  Memory Usage: 3073kB
        ->  Hash Join  (cost=102767.86..173113.05 rows=105493 width=8) (actual time=2214.043..3225.943 rows=167048 loops=1)
              Hash Cond: (mc.movie_id = t.id)
              ->  Seq Scan on movie_companies mc  (cost=0.00..57926.93 rows=105493 width=4) (actual time=438.717..889.010 rows=167048 loops=1)
                    Filter: ((company_id < 73) AND (company_type_id < 2))
                    Rows Removed by Filter: 2442081
              ->  Hash  (cost=61283.27..61283.27 rows=2528527 width=4) (actual time=1774.026..1774.026 rows=2528312 loops=1)
                    Buckets: 131072  Batches: 64  Memory Usage: 2415kB
                    ->  Seq Scan on title t  (cost=0.00..61283.27 rows=2528527 width=4) (actual time=0.034..944.257 rows=2528312 loops=1)
Planning time: 1.201 ms
Execution time: 27827.989 ms
