Hash Join  (cost=259930.30..1472717.18 rows=17623668 width=0) (actual time=6704.812..45732.063 rows=34842854 loops=1)
  Hash Cond: (ci.movie_id = t.id)
  ->  Seq Scan on cast_info ci  (cost=0.00..796071.18 rows=18014803 width=4) (actual time=0.017..17964.252 rows=17586324 loops=1)
        Filter: ((person_id > 337290) AND (role_id < 3))
        Rows Removed by Filter: 18658020
  ->  Hash  (cost=219346.95..219346.95 rows=2473628 width=8) (actual time=6703.786..6703.786 rows=2453341 loops=1)
        Buckets: 131072  Batches: 64  Memory Usage: 2518kB
        ->  Hash Join  (cost=106934.74..219346.95 rows=2473628 width=8) (actual time=2087.724..5980.729 rows=2453341 loops=1)
              Hash Cond: (mc.movie_id = t.id)
              ->  Seq Scan on movie_companies mc  (cost=0.00..44881.29 rows=2609129 width=4) (actual time=0.022..1014.069 rows=2609129 loops=1)
              ->  Hash  (cost=67604.59..67604.59 rows=2397212 width=4) (actual time=2086.551..2086.551 rows=2388701 loops=1)
                    Buckets: 131072  Batches: 32  Memory Usage: 3650kB
                    ->  Seq Scan on title t  (cost=0.00..67604.59 rows=2397212 width=4) (actual time=0.026..1308.230 rows=2388701 loops=1)
                          Filter: (production_year > 1915)
                          Rows Removed by Filter: 139611
Planning time: 1.196 ms
Execution time: 49533.374 ms
