Hash Join  (cost=83074.62..142574.51 rows=31 width=0) (actual time=1453.637..2590.577 rows=275 loops=1)
  Hash Cond: (mc.movie_id = t.id)
  ->  Seq Scan on movie_companies mc  (cost=0.00..57926.93 rows=419372 width=4) (actual time=0.018..1053.845 rows=601167 loops=1)
        Filter: ((company_id < 2352) AND (company_type_id = 1))
        Rows Removed by Filter: 2007962
  ->  Hash  (cost=83072.29..83072.29 rows=187 width=8) (actual time=1453.184..1453.184 rows=139 loops=1)
        Buckets: 1024  Batches: 1  Memory Usage: 14kB
        ->  Nested Loop  (cost=0.43..83072.29 rows=187 width=8) (actual time=25.730..1453.009 rows=139 loops=1)
              ->  Seq Scan on movie_keyword mk  (cost=0.00..81003.12 rows=246 width=4) (actual time=25.665..1446.455 rows=161 loops=1)
                    Filter: (keyword_id = 1406)
                    Rows Removed by Filter: 4523769
              ->  Index Scan using title_pkey on title t  (cost=0.43..8.40 rows=1 width=4) (actual time=0.036..0.037 rows=1 loops=161)
                    Index Cond: (id = mk.movie_id)
                    Filter: (production_year < 2010)
                    Rows Removed by Filter: 0
Planning time: 1.232 ms
Execution time: 2590.793 ms
