Hash Join  (cost=833908.72..1588600.23 rows=3315285 width=0) (actual time=21320.364..35960.411 rows=7839689 loops=1)
  Hash Cond: (mi.movie_id = t.id)
  ->  Seq Scan on movie_info mi  (cost=0.00..309384.22 rows=14739122 width=4) (actual time=0.019..6046.283 rows=14835720 loops=1)
  ->  Hash  (cost=824577.42..824577.42 rows=568744 width=8) (actual time=21318.771..21318.771 rows=511630 loops=1)
        Buckets: 131072  Batches: 8  Memory Usage: 3493kB
        ->  Hash Join  (cost=68100.81..824577.42 rows=568744 width=8) (actual time=1035.240..20742.152 rows=511630 loops=1)
              Hash Cond: (ci.movie_id = t.id)
              ->  Seq Scan on cast_info ci  (cost=0.00..614943.12 rows=36225612 width=4) (actual time=0.014..9055.509 rows=36244344 loops=1)
              ->  Hash  (cost=67604.59..67604.59 rows=39698 width=4) (actual time=1034.667..1034.667 rows=36437 loops=1)
                    Buckets: 65536  Batches: 1  Memory Usage: 1793kB
                    ->  Seq Scan on title t  (cost=0.00..67604.59 rows=39698 width=4) (actual time=0.022..1019.202 rows=36437 loops=1)
                          Filter: (production_year = 1995)
                          Rows Removed by Filter: 2491875
Planning time: 1.167 ms
Execution time: 36772.109 ms
