Hash Join  (cost=96071.96..194144.95 rows=372573 width=0) (actual time=2709.854..3847.913 rows=71938 loops=1)
  Hash Cond: (mk.movie_id = t.id)
  ->  Seq Scan on movie_keyword mk  (cost=0.00..81003.12 rows=697904 width=4) (actual time=0.011..1350.640 rows=695635 loops=1)
        Filter: (keyword_id < 577)
        Rows Removed by Filter: 3828295
  ->  Hash  (cost=73925.90..73925.90 rows=1349844 width=4) (actual time=1969.237..1969.237 rows=1425014 loops=1)
        Buckets: 131072  Batches: 32  Memory Usage: 2597kB
        ->  Seq Scan on title t  (cost=0.00..73925.90 rows=1349844 width=4) (actual time=0.010..1495.493 rows=1425014 loops=1)
              Filter: ((production_year > 1960) AND (kind_id = 7))
              Rows Removed by Filter: 1103298
Planning time: 0.598 ms
Execution time: 3855.233 ms
