Hash Join  (cost=709675.76..796335.75 rows=195 width=0) (actual time=11010.397..12685.081 rows=1 loops=1)
  Hash Cond: (mk.movie_id = t.id)
  ->  Seq Scan on movie_keyword mk  (cost=0.00..69693.30 rows=4523930 width=4) (actual time=0.014..963.813 rows=4523930 loops=1)
  ->  Hash  (cost=709674.40..709674.40 rows=109 width=8) (actual time=10927.530..10927.530 rows=102 loops=1)
        Buckets: 1024  Batches: 1  Memory Usage: 12kB
        ->  Nested Loop  (cost=0.43..709674.40 rows=109 width=8) (actual time=329.252..10927.428 rows=102 loops=1)
              ->  Seq Scan on cast_info ci  (cost=0.00..705507.15 rows=500 width=4) (actual time=329.091..10924.186 rows=209 loops=1)
                    Filter: (person_id = 2798036)
                    Rows Removed by Filter: 36244135
              ->  Index Scan using title_pkey on title t  (cost=0.43..8.32 rows=1 width=4) (actual time=0.014..0.014 rows=0 loops=209)
                    Index Cond: (id = ci.movie_id)
                    Filter: ((production_year > 2006) AND (kind_id = 7))
                    Rows Removed by Filter: 1
Planning time: 1.232 ms
Execution time: 12685.199 ms
