Seq Scan on movie_keyword mk  (cost=0.00..81003.12 rows=2286307 width=0) (actual time=0.016..1493.000 rows=2288898 loops=1)
  Filter: (keyword_id < 4868)
  Rows Removed by Filter: 2235032
Planning time: 0.326 ms
Execution time: 1789.261 ms
