Hash Join  (cost=709673.39..736583.97 rows=10 width=0) (actual time=10367.396..10803.229 rows=102 loops=1)
  Hash Cond: (mi_idx.movie_id = t.id)
  ->  Seq Scan on movie_info_idx mi_idx  (cost=0.00..21735.35 rows=1380035 width=4) (actual time=0.020..342.510 rows=1380035 loops=1)
  ->  Hash  (cost=709673.15..709673.15 rows=19 width=8) (actual time=10202.004..10202.004 rows=34 loops=1)
        Buckets: 1024  Batches: 1  Memory Usage: 10kB
        ->  Nested Loop  (cost=0.43..709673.15 rows=19 width=8) (actual time=1047.801..10201.967 rows=34 loops=1)
              ->  Seq Scan on cast_info ci  (cost=0.00..705507.15 rows=500 width=4) (actual time=1047.532..10193.544 rows=743 loops=1)
                    Filter: (person_id = 1097958)
                    Rows Removed by Filter: 36243601
              ->  Index Scan using title_pkey on title t  (cost=0.43..8.32 rows=1 width=4) (actual time=0.011..0.011 rows=0 loops=743)
                    Index Cond: (id = ci.movie_id)
                    Filter: (production_year = 2005)
                    Rows Removed by Filter: 1
Planning time: 1.204 ms
Execution time: 10803.363 ms
