Hash Join  (cost=102767.86..1344256.86 rows=18100297 width=0) (actual time=2320.173..38284.218 rows=21165069 loops=1)
  Hash Cond: (ci.movie_id = t.id)
  ->  Seq Scan on cast_info ci  (cost=0.00..796071.18 rows=18100297 width=4) (actual time=0.017..18050.638 rows=21165069 loops=1)
        Filter: ((person_id < 2419313) AND (role_id < 6))
        Rows Removed by Filter: 15079275
  ->  Hash  (cost=61283.27..61283.27 rows=2528527 width=4) (actual time=2318.689..2318.689 rows=2528312 loops=1)
        Buckets: 131072  Batches: 64  Memory Usage: 2415kB
        ->  Seq Scan on title t  (cost=0.00..61283.27 rows=2528527 width=4) (actual time=0.011..1172.519 rows=2528312 loops=1)
Planning time: 4.608 ms
Execution time: 40688.047 ms
