Hash Join  (cost=77682.18..155988.69 rows=236199 width=0) (actual time=1204.816..3180.619 rows=133467 loops=1)
  Hash Cond: (mc.movie_id = t.id)
  ->  Seq Scan on movie_companies mc  (cost=0.00..44881.29 rows=2609129 width=4) (actual time=0.022..923.929 rows=2609129 loops=1)
  ->  Hash  (cost=73925.90..73925.90 rows=228902 width=4) (actual time=1203.550..1203.550 rows=99782 loops=1)
        Buckets: 131072  Batches: 4  Memory Usage: 1899kB
        ->  Seq Scan on title t  (cost=0.00..73925.90 rows=228902 width=4) (actual time=0.017..1167.972 rows=99782 loops=1)
              Filter: ((kind_id > 1) AND (production_year < 1966))
              Rows Removed by Filter: 2428530
Planning time: 0.819 ms
Execution time: 3197.150 ms
