Hash Join  (cost=798791.20..1152802.27 rows=195 width=0) (actual time=15557.156..20722.212 rows=75 loops=1)
  Hash Cond: (mi.movie_id = t.id)
  ->  Seq Scan on movie_info mi  (cost=0.00..346232.03 rows=2073893 width=4) (actual time=747.927..5642.159 rows=2091068 loops=1)
        Filter: (info_type_id < 3)
        Rows Removed by Filter: 12744652
  ->  Hash  (cost=798788.22..798788.22 rows=238 width=8) (actual time=14780.872..14780.872 rows=162 loops=1)
        Buckets: 1024  Batches: 1  Memory Usage: 15kB
        ->  Nested Loop  (cost=0.43..798788.22 rows=238 width=8) (actual time=11932.665..14780.781 rows=162 loops=1)
              ->  Seq Scan on cast_info ci  (cost=0.00..796071.18 rows=324 width=4) (actual time=11932.573..14771.180 rows=175 loops=1)
                    Filter: ((role_id > 1) AND (person_id = 2605967))
                    Rows Removed by Filter: 36244169
              ->  Index Scan using title_pkey on title t  (cost=0.43..8.38 rows=1 width=4) (actual time=0.054..0.054 rows=1 loops=175)
                    Index Cond: (id = ci.movie_id)
                    Filter: (kind_id > 1)
                    Rows Removed by Filter: 0
Planning time: 1.255 ms
Execution time: 20722.406 ms
