Hash Join  (cost=456211.90..1524383.92 rows=3345581 width=0) (actual time=8025.724..36202.265 rows=2152190 loops=1)
  Hash Cond: (ci.movie_id = t.id)
  ->  Seq Scan on cast_info ci  (cost=0.00..614943.12 rows=36225612 width=4) (actual time=0.018..12978.258 rows=36244344 loops=1)
  ->  Hash  (cost=452379.90..452379.90 rows=233520 width=8) (actual time=8024.713..8024.713 rows=57481 loops=1)
        Buckets: 131072  Batches: 4  Memory Usage: 1575kB
        ->  Hash Join  (cost=92883.59..452379.90 rows=233520 width=8) (actual time=2873.074..8009.915 rows=57481 loops=1)
              Hash Cond: (mi.movie_id = t.id)
              ->  Seq Scan on movie_info mi  (cost=0.00..346232.03 rows=383217 width=4) (actual time=715.017..5472.304 rows=368218 loops=1)
                    Filter: (info_type_id = 17)
                    Rows Removed by Filter: 14467502
              ->  Hash  (cost=67604.59..67604.59 rows=1540800 width=4) (actual time=2146.560..2146.560 rows=1543264 loops=1)
                    Buckets: 131072  Batches: 32  Memory Usage: 2728kB
                    ->  Seq Scan on title t  (cost=0.00..67604.59 rows=1540800 width=4) (actual time=7.626..1303.215 rows=1543264 loops=1)
                          Filter: (kind_id = 7)
                          Rows Removed by Filter: 985048
Planning time: 1.138 ms
Execution time: 36467.485 ms
