Seq Scan on movie_companies mc  (cost=0.00..51404.11 rows=783294 width=0) (actual time=37.565..572.362 rows=791368 loops=1)
  Filter: (company_id > 31575)
  Rows Removed by Filter: 1817761
Planning time: 0.354 ms
Execution time: 634.452 ms
