Hash Join  (cost=83072.95..109983.45 rows=2 width=0) (actual time=1407.693..1934.669 rows=368 loops=1)
  Hash Cond: (mi_idx.movie_id = t.id)
  ->  Seq Scan on movie_info_idx mi_idx  (cost=0.00..21735.35 rows=1380035 width=4) (actual time=0.009..295.255 rows=1380035 loops=1)
  ->  Hash  (cost=83072.90..83072.90 rows=4 width=8) (actual time=1407.318..1407.318 rows=123 loops=1)
        Buckets: 1024  Batches: 1  Memory Usage: 13kB
        ->  Nested Loop  (cost=0.43..83072.90 rows=4 width=8) (actual time=12.169..1407.136 rows=123 loops=1)
              ->  Seq Scan on movie_keyword mk  (cost=0.00..81003.12 rows=246 width=4) (actual time=0.029..1277.776 rows=4049 loops=1)
                    Filter: (keyword_id = 1749)
                    Rows Removed by Filter: 4519881
              ->  Index Scan using title_pkey on title t  (cost=0.43..8.40 rows=1 width=4) (actual time=0.031..0.031 rows=0 loops=4049)
                    Index Cond: (id = mk.movie_id)
                    Filter: ((kind_id < 7) AND (production_year = 2005))
                    Rows Removed by Filter: 1
Planning time: 1.323 ms
Execution time: 1934.863 ms
