Hash Join  (cost=158938.46..666095.25 rows=2563287 width=0) (actual time=3920.808..18672.580 rows=6980599 loops=1)
  Hash Cond: (mi.movie_id = t.id)
  ->  Seq Scan on movie_info mi  (cost=0.00..309384.22 rows=14739122 width=4) (actual time=0.010..6234.037 rows=14835720 loops=1)
  ->  Hash  (cost=151723.75..151723.75 rows=439737 width=8) (actual time=3919.962..3919.962 rows=455188 loops=1)
        Buckets: 131072  Batches: 8  Memory Usage: 3262kB
        ->  Hash Join  (cost=106840.27..151723.75 rows=439737 width=8) (actual time=2437.611..3787.539 rows=455188 loops=1)
              Hash Cond: (mi_idx.movie_id = t.id)
              ->  Seq Scan on movie_info_idx mi_idx  (cost=0.00..25185.44 rows=464934 width=4) (actual time=0.018..511.139 rows=460185 loops=1)
                    Filter: (info_type_id > 100)
                    Rows Removed by Filter: 919850
              ->  Hash  (cost=67604.59..67604.59 rows=2391495 width=4) (actual time=2436.557..2436.557 rows=2388876 loops=1)
                    Buckets: 131072  Batches: 32  Memory Usage: 3646kB
                    ->  Seq Scan on title t  (cost=0.00..67604.59 rows=2391495 width=4) (actual time=0.014..1399.774 rows=2388876 loops=1)
                          Filter: (production_year < 2013)
                          Rows Removed by Filter: 139436
Planning time: 1.214 ms
Execution time: 19463.782 ms
