Nested Loop  (cost=32636.42..399122.73 rows=3221 width=0) (actual time=4267.619..6122.535 rows=2070 loops=1)
  Join Filter: (mi.movie_id = t.id)
  ->  Hash Join  (cost=32635.99..384098.45 rows=17546 width=8) (actual time=4267.493..6082.414 rows=2070 loops=1)
        Hash Cond: (mi.movie_id = mi_idx.movie_id)
        ->  Seq Scan on movie_info mi  (cost=0.00..346232.03 rows=17937 width=4) (actual time=3637.932..5377.417 rows=3130 loops=1)
              Filter: (info_type_id = 89)
              Rows Removed by Filter: 14832590
        ->  Hash  (cost=25185.44..25185.44 rows=454124 width=4) (actual time=628.508..628.508 rows=459925 loops=1)
              Buckets: 131072  Batches: 8  Memory Usage: 3059kB
              ->  Seq Scan on movie_info_idx mi_idx  (cost=0.00..25185.44 rows=454124 width=4) (actual time=0.023..485.868 rows=459925 loops=1)
                    Filter: (info_type_id = 100)
                    Rows Removed by Filter: 920110
  ->  Index Only Scan using title_pkey on title t  (cost=0.43..0.84 rows=1 width=4) (actual time=0.018..0.019 rows=1 loops=2070)
        Index Cond: (id = mi_idx.movie_id)
        Heap Fetches: 2070
Planning time: 1.263 ms
Execution time: 6123.551 ms
