Seq Scan on cast_info ci  (cost=0.00..796071.18 rows=1361523 width=0) (actual time=9201.003..11970.207 rows=3112039 loops=1)
  Filter: ((person_id > 3488396) AND (role_id > 2))
  Rows Removed by Filter: 33132305
Planning time: 0.366 ms
Execution time: 12356.523 ms
