Hash Join  (cost=92883.59..1053452.59 rows=5107915 width=0) (actual time=1780.121..19378.231 rows=2989197 loops=1)
  Hash Cond: (ci.movie_id = t.id)
  ->  Seq Scan on cast_info ci  (cost=0.00..796071.18 rows=8382334 width=4) (actual time=0.025..13311.051 rows=4741724 loops=1)
        Filter: ((person_id > 2565865) AND (role_id < 5))
        Rows Removed by Filter: 31502620
  ->  Hash  (cost=67604.59..67604.59 rows=1540800 width=4) (actual time=1779.134..1779.134 rows=1543264 loops=1)
        Buckets: 131072  Batches: 32  Memory Usage: 2722kB
        ->  Seq Scan on title t  (cost=0.00..67604.59 rows=1540800 width=4) (actual time=0.032..1275.061 rows=1543264 loops=1)
              Filter: (kind_id = 7)
              Rows Removed by Filter: 985048
Planning time: 0.743 ms
Execution time: 19729.616 ms
