Hash Join  (cost=674612.88..2618242.06 rows=70935691 width=0) (actual time=16454.724..105523.968 rows=222766335 loops=1)
  Hash Cond: (ci.movie_id = t.id)
  ->  Seq Scan on cast_info ci  (cost=0.00..614943.12 rows=36225612 width=4) (actual time=0.025..14058.237 rows=36244344 loops=1)
  ->  Hash  (cost=593380.99..593380.99 rows=4951271 width=8) (actual time=16452.433..16452.433 rows=5483975 loops=1)
        Buckets: 131072  Batches: 128  Memory Usage: 2659kB
        ->  Hash Join  (cost=94978.31..593380.99 rows=4951271 width=8) (actual time=2632.530..14528.151 rows=5483975 loops=1)
              Hash Cond: (mi.movie_id = t.id)
              ->  Seq Scan on movie_info mi  (cost=0.00..346232.03 rows=7503588 width=4) (actual time=482.162..6549.779 rows=7548855 loops=1)
                    Filter: (info_type_id > 7)
                    Rows Removed by Filter: 7286865
              ->  Hash  (cost=67604.59..67604.59 rows=1668458 width=4) (actual time=2149.511..2149.511 rows=1671292 loops=1)
                    Buckets: 131072  Batches: 32  Memory Usage: 2867kB
                    ->  Seq Scan on title t  (cost=0.00..67604.59 rows=1668458 width=4) (actual time=0.041..1284.323 rows=1671292 loops=1)
                          Filter: (production_year < 2008)
                          Rows Removed by Filter: 857020
Planning time: 1.123 ms
Execution time: 130445.916 ms
