Seq Scan on cast_info ci  (cost=0.00..796071.18 rows=5146963 width=0) (actual time=464.965..12176.406 rows=3094721 loops=1)
  Filter: ((person_id > 3050619) AND (role_id < 10))
  Rows Removed by Filter: 33149623
Planning time: 0.390 ms
Execution time: 12563.720 ms
