Hash Join  (cost=79082.94..111400.10 rows=57305 width=0) (actual time=1202.842..1840.759 rows=24162 loops=1)
  Hash Cond: (mi_idx.movie_id = t.id)
  ->  Seq Scan on movie_info_idx mi_idx  (cost=0.00..25185.44 rows=460978 width=4) (actual time=0.010..454.437 rows=459925 loops=1)
        Filter: (info_type_id = 99)
        Rows Removed by Filter: 920110
  ->  Hash  (cost=73925.90..73925.90 rows=314323 width=4) (actual time=1202.068..1202.068 rows=201761 loops=1)
        Buckets: 131072  Batches: 8  Memory Usage: 1902kB
        ->  Seq Scan on title t  (cost=0.00..73925.90 rows=314323 width=4) (actual time=0.020..1134.551 rows=201761 loops=1)
              Filter: ((production_year < 1980) AND (kind_id = 7))
              Rows Removed by Filter: 2326551
Planning time: 0.640 ms
Execution time: 1842.830 ms
