Hash Join  (cost=275069.94..914073.43 rows=13193165 width=0) (actual time=6650.877..51817.149 rows=151420218 loops=1)
  Hash Cond: (mi.movie_id = t.id)
  ->  Seq Scan on movie_info mi  (cost=0.00..309384.22 rows=14739122 width=4) (actual time=0.021..6373.097 rows=14835720 loops=1)
  ->  Hash  (cost=237936.50..237936.50 rows=2263315 width=8) (actual time=6649.836..6649.836 rows=2917498 loops=1)
        Buckets: 131072 (originally 131072)  Batches: 64 (originally 32)  Memory Usage: 3073kB
        ->  Hash Join  (cost=88359.31..237936.50 rows=2263315 width=8) (actual time=1615.793..5853.140 rows=2917498 loops=1)
              Hash Cond: (mk.movie_id = t.id)
              ->  Seq Scan on movie_keyword mk  (cost=0.00..69693.30 rows=4523930 width=4) (actual time=0.016..1342.884 rows=4523930 loops=1)
              ->  Hash  (cost=67604.59..67604.59 rows=1265018 width=4) (actual time=1613.091..1613.091 rows=1263700 loops=1)
                    Buckets: 131072  Batches: 32  Memory Usage: 2418kB
                    ->  Seq Scan on title t  (cost=0.00..67604.59 rows=1265018 width=4) (actual time=0.033..1192.856 rows=1263700 loops=1)
                          Filter: (production_year < 2004)
                          Rows Removed by Filter: 1264612
Planning time: 10.186 ms
Execution time: 67279.764 ms
