Seq Scan on cast_info ci  (cost=0.00..796071.18 rows=101 width=0) (actual time=3092.885..11370.865 rows=379 loops=1)
  Filter: ((person_id = 2178373) AND (role_id = 2))
  Rows Removed by Filter: 36243965
Planning time: 0.432 ms
Execution time: 11371.038 ms
