Seq Scan on movie_companies mc  (cost=0.00..57926.93 rows=185362 width=0) (actual time=395.161..820.368 rows=82174 loops=1)
  Filter: ((company_id < 182) AND (company_type_id = 2))
  Rows Removed by Filter: 2526955
Planning time: 0.377 ms
Execution time: 831.103 ms
