Nested Loop  (cost=44377.22..140860.27 rows=592 width=0) (actual time=1201.316..2899.674 rows=1070 loops=1)
  ->  Hash Join  (cost=44376.79..131862.54 rows=15240 width=8) (actual time=991.036..2564.744 rows=15484 loops=1)
        Hash Cond: (mk.movie_id = mi_idx.movie_id)
        ->  Seq Scan on movie_keyword mk  (cost=0.00..81003.12 rows=5127 width=4) (actual time=0.134..1345.616 rows=6286 loops=1)
              Filter: (keyword_id = 2276)
              Rows Removed by Filter: 4517644
        ->  Hash  (cost=21735.35..21735.35 rows=1380035 width=4) (actual time=986.690..986.690 rows=1380035 loops=1)
              Buckets: 131072  Batches: 32  Memory Usage: 2556kB
              ->  Seq Scan on movie_info_idx mi_idx  (cost=0.00..21735.35 rows=1380035 width=4) (actual time=0.010..547.411 rows=1380035 loops=1)
  ->  Index Scan using title_pkey on title t  (cost=0.43..0.58 rows=1 width=4) (actual time=0.021..0.021 rows=0 loops=15484)
        Index Cond: (id = mi_idx.movie_id)
        Filter: (production_year > 2009)
        Rows Removed by Filter: 1
Planning time: 1.191 ms
Execution time: 2900.130 ms
