Seq Scan on movie_keyword mk  (cost=0.00..81003.12 rows=3905284 width=0) (actual time=0.011..1409.640 rows=3905470 loops=1)
  Filter: (keyword_id > 465)
  Rows Removed by Filter: 618460
Planning time: 0.235 ms
Execution time: 1862.525 ms
