Hash Join  (cost=966226.16..1184949.85 rows=6546392 width=0) (actual time=17949.002..26635.799 rows=22042358 loops=1)
  Hash Cond: (mk.movie_id = t.id)
  ->  Seq Scan on movie_keyword mk  (cost=0.00..69693.30 rows=4523930 width=4) (actual time=0.020..1429.722 rows=4523930 loops=1)
  ->  Hash  (cost=906196.57..906196.57 rows=3658927 width=8) (actual time=17947.312..17947.312 rows=3551669 loops=1)
        Buckets: 131072  Batches: 64  Memory Usage: 3255kB
        ->  Hash Join  (cost=102767.86..906196.57 rows=3658927 width=8) (actual time=1951.876..16850.254 rows=3551669 loops=1)
              Hash Cond: (ci.movie_id = t.id)
              ->  Seq Scan on cast_info ci  (cost=0.00..705507.15 rows=3658927 width=4) (actual time=3.130..11340.480 rows=3551669 loops=1)
                    Filter: (person_id < 339494)
                    Rows Removed by Filter: 32692675
              ->  Hash  (cost=61283.27..61283.27 rows=2528527 width=4) (actual time=1947.609..1947.609 rows=2528312 loops=1)
                    Buckets: 131072  Batches: 64  Memory Usage: 2415kB
                    ->  Seq Scan on title t  (cost=0.00..61283.27 rows=2528527 width=4) (actual time=0.010..1126.456 rows=2528312 loops=1)
Planning time: 1.217 ms
Execution time: 28977.461 ms
