Hash Join  (cost=97066.09..1357472.25 rows=19538596 width=0) (actual time=1966.627..37690.677 rows=19081229 loops=1)
  Hash Cond: (ci.movie_id = t.id)
  ->  Seq Scan on cast_info ci  (cost=0.00..705507.15 rows=27512011 width=4) (actual time=0.015..16097.470 rows=27643586 loops=1)
        Filter: (person_id > 845264)
        Rows Removed by Filter: 8600758
  ->  Hash  (cost=67604.59..67604.59 rows=1795720 width=4) (actual time=1965.840..1965.840 rows=1794153 loops=1)
        Buckets: 131072  Batches: 32  Memory Usage: 2992kB
        ->  Seq Scan on title t  (cost=0.00..67604.59 rows=1795720 width=4) (actual time=0.017..1377.290 rows=1794153 loops=1)
              Filter: (production_year < 2009)
              Rows Removed by Filter: 734159
Planning time: 0.816 ms
Execution time: 39731.279 ms
