Hash Join  (cost=150539.18..519636.39 rows=444128 width=0) (actual time=3004.612..11267.748 rows=490980 loops=1)
  Hash Cond: (mi.movie_id = t.id)
  ->  Seq Scan on movie_info mi  (cost=0.00..309384.22 rows=14739122 width=4) (actual time=0.009..4242.865 rows=14835720 loops=1)
  ->  Hash  (cost=149586.79..149586.79 rows=76191 width=8) (actual time=3003.651..3003.651 rows=48024 loops=1)
        Buckets: 131072  Batches: 1  Memory Usage: 2900kB
        ->  Hash Join  (cost=75636.60..149586.79 rows=76191 width=8) (actual time=1269.041..2984.092 rows=48024 loops=1)
              Hash Cond: (mc.movie_id = t.id)
              ->  Seq Scan on movie_companies mc  (cost=0.00..51404.11 rows=1848578 width=4) (actual time=0.024..1026.557 rows=1843067 loops=1)
                    Filter: (company_id < 34526)
                    Rows Removed by Filter: 766062
              ->  Hash  (cost=73925.90..73925.90 rows=104216 width=4) (actual time=1268.323..1268.323 rows=108513 loops=1)
                    Buckets: 131072  Batches: 2  Memory Usage: 2931kB
                    ->  Seq Scan on title t  (cost=0.00..73925.90 rows=104216 width=4) (actual time=0.023..1226.783 rows=108513 loops=1)
                          Filter: ((kind_id > 1) AND (production_year = 2010))
                          Rows Removed by Filter: 2419799
Planning time: 0.980 ms
Execution time: 11332.078 ms
