Hash Join  (cost=169359.33..542618.42 rows=113825 width=0) (actual time=4849.221..9222.328 rows=367403 loops=1)
  Hash Cond: (mi.movie_id = t.id)
  ->  Seq Scan on movie_info mi  (cost=0.00..346232.03 rows=2194617 width=4) (actual time=1706.501..5168.982 rows=2233850 loops=1)
        Filter: (info_type_id > 16)
        Rows Removed by Filter: 12601870
  ->  Hash  (cost=167207.04..167207.04 rows=131143 width=8) (actual time=3128.544..3128.544 rows=134807 loops=1)
        Buckets: 131072  Batches: 2  Memory Usage: 3665kB
        ->  Hash Join  (cost=102767.86..167207.04 rows=131143 width=8) (actual time=1784.394..3078.400 rows=134807 loops=1)
              Hash Cond: (mc.movie_id = t.id)
              ->  Seq Scan on movie_companies mc  (cost=0.00..51404.11 rows=131143 width=4) (actual time=0.104..750.259 rows=134807 loops=1)
                    Filter: (company_id < 27)
                    Rows Removed by Filter: 2474322
              ->  Hash  (cost=61283.27..61283.27 rows=2528527 width=4) (actual time=1782.076..1782.076 rows=2528312 loops=1)
                    Buckets: 131072  Batches: 64  Memory Usage: 2415kB
                    ->  Seq Scan on title t  (cost=0.00..61283.27 rows=2528527 width=4) (actual time=0.019..967.984 rows=2528312 loops=1)
Planning time: 1.220 ms
Execution time: 9270.465 ms
