Seq Scan on cast_info ci  (cost=0.00..705507.15 rows=2409687 width=0) (actual time=890.569..9585.145 rows=2350567 loops=1)
  Filter: (person_id < 228738)
  Rows Removed by Filter: 33893777
Planning time: 0.345 ms
Execution time: 9873.386 ms
