Hash Join  (cost=73930.12..824767.56 rows=4828 width=0) (actual time=1772.592..16601.704 rows=12 loops=1)
  Hash Cond: (ci.movie_id = t.id)
  ->  Seq Scan on cast_info ci  (cost=0.00..614943.12 rows=36225612 width=4) (actual time=0.023..8863.112 rows=36244344 loops=1)
  ->  Hash  (cost=73925.90..73925.90 rows=337 width=4) (actual time=959.105..959.105 rows=2 loops=1)
        Buckets: 1024  Batches: 1  Memory Usage: 9kB
        ->  Seq Scan on title t  (cost=0.00..73925.90 rows=337 width=4) (actual time=279.900..959.093 rows=2 loops=1)
              Filter: ((kind_id = 4) AND (production_year = 1966))
              Rows Removed by Filter: 2528310
Planning time: 0.841 ms
Execution time: 16601.814 ms
