Hash Join  (cost=178226.13..304350.29 rows=338312 width=0) (actual time=3692.889..8348.527 rows=2993707 loops=1)
  Hash Cond: (mk.movie_id = t.id)
  ->  Seq Scan on movie_keyword mk  (cost=0.00..69693.30 rows=4523930 width=4) (actual time=0.019..1406.867 rows=4523930 loops=1)
  ->  Hash  (cost=175123.51..175123.51 rows=189090 width=8) (actual time=3691.860..3691.860 rows=374779 loops=1)
        Buckets: 131072 (originally 131072)  Batches: 8 (originally 4)  Memory Usage: 3073kB
        ->  Hash Join  (cost=102767.86..175123.51 rows=189090 width=8) (actual time=1938.077..3578.955 rows=374779 loops=1)
              Hash Cond: (mc.movie_id = t.id)
              ->  Seq Scan on movie_companies mc  (cost=0.00..57926.93 rows=189090 width=4) (actual time=0.026..945.573 rows=374779 loops=1)
                    Filter: ((company_id > 85012) AND (company_type_id > 1))
                    Rows Removed by Filter: 2234350
              ->  Hash  (cost=61283.27..61283.27 rows=2528527 width=4) (actual time=1936.328..1936.328 rows=2528312 loops=1)
                    Buckets: 131072  Batches: 64  Memory Usage: 2415kB
                    ->  Seq Scan on title t  (cost=0.00..61283.27 rows=2528527 width=4) (actual time=0.022..1085.036 rows=2528312 loops=1)
Planning time: 1.193 ms
Execution time: 8693.188 ms
