Nested Loop  (cost=0.43..28267.64 rows=5 width=0) (actual time=210.148..455.093 rows=7 loops=1)
  ->  Seq Scan on movie_info_idx mi_idx  (cost=0.00..25185.44 rows=368 width=4) (actual time=209.895..448.255 rows=260 loops=1)
        Filter: (info_type_id > 101)
        Rows Removed by Filter: 1379775
  ->  Index Scan using title_pkey on title t  (cost=0.43..8.37 rows=1 width=4) (actual time=0.026..0.026 rows=0 loops=260)
        Index Cond: (id = mi_idx.movie_id)
        Filter: ((kind_id = 1) AND (production_year = 2008))
        Rows Removed by Filter: 1
Planning time: 0.785 ms
Execution time: 455.195 ms
