Hash Join  (cost=102767.86..177907.01 rows=304752 width=0) (actual time=1885.065..3558.501 rows=444600 loops=1)
  Hash Cond: (mc.movie_id = t.id)
  ->  Seq Scan on movie_companies mc  (cost=0.00..57926.93 rows=304752 width=4) (actual time=0.031..879.161 rows=444600 loops=1)
        Filter: ((company_id < 764) AND (company_type_id = 1))
        Rows Removed by Filter: 2164529
  ->  Hash  (cost=61283.27..61283.27 rows=2528527 width=4) (actual time=1884.313..1884.313 rows=2528312 loops=1)
        Buckets: 131072  Batches: 64  Memory Usage: 2415kB
        ->  Seq Scan on title t  (cost=0.00..61283.27 rows=2528527 width=4) (actual time=0.028..1009.733 rows=2528312 loops=1)
Planning time: 1.971 ms
Execution time: 3615.104 ms
