Seq Scan on movie_companies mc  (cost=0.00..57926.93 rows=298189 width=0) (actual time=317.749..819.213 rows=591366 loops=1)
  Filter: ((company_id > 69854) AND (company_type_id > 1))
  Rows Removed by Filter: 2017763
Planning time: 0.368 ms
Execution time: 884.584 ms
