Hash Join  (cost=129246.46..479832.03 rows=8519 width=0) (actual time=2152.884..7664.347 rows=353886 loops=1)
  Hash Cond: (mi.movie_id = t.id)
  ->  Seq Scan on movie_info mi  (cost=0.00..346232.03 rows=1138230 width=4) (actual time=0.014..5177.997 rows=1187158 loops=1)
        Filter: (info_type_id > 41)
        Rows Removed by Filter: 13648562
  ->  Hash  (cost=129009.91..129009.91 rows=18924 width=8) (actual time=2151.004..2151.004 rows=29278 loops=1)
        Buckets: 32768  Batches: 1  Memory Usage: 1400kB
        ->  Hash Join  (cost=74155.14..129009.91 rows=18924 width=8) (actual time=1011.149..2140.054 rows=29278 loops=1)
              Hash Cond: (mc.movie_id = t.id)
              ->  Seq Scan on movie_companies mc  (cost=0.00..44881.29 rows=2609129 width=4) (actual time=0.021..586.156 rows=2609129 loops=1)
              ->  Hash  (cost=73925.90..73925.90 rows=18339 width=4) (actual time=1010.947..1010.947 rows=14449 loops=1)
                    Buckets: 32768  Batches: 1  Memory Usage: 764kB
                    ->  Seq Scan on title t  (cost=0.00..73925.90 rows=18339 width=4) (actual time=0.016..1004.559 rows=14449 loops=1)
                          Filter: ((kind_id < 7) AND (production_year = 1998))
                          Rows Removed by Filter: 2513863
Planning time: 1.326 ms
Execution time: 7709.239 ms
