Hash Join  (cost=118842.87..243320.09 rows=203119 width=0) (actual time=2146.031..4889.365 rows=93201 loops=1)
  Hash Cond: (mk.movie_id = t.id)
  ->  Seq Scan on movie_keyword mk  (cost=0.00..69693.30 rows=4523930 width=4) (actual time=0.023..1364.364 rows=4523930 loops=1)
  ->  Hash  (cost=116979.77..116979.77 rows=113528 width=8) (actual time=2144.752..2144.752 rows=37920 loops=1)
        Buckets: 131072  Batches: 2  Memory Usage: 1770kB
        ->  Hash Join  (cost=77339.01..116979.77 rows=113528 width=8) (actual time=1097.078..2131.062 rows=37920 loops=1)
              Hash Cond: (mi_idx.movie_id = t.id)
              ->  Seq Scan on movie_info_idx mi_idx  (cost=0.00..21735.35 rows=1380035 width=4) (actual time=0.012..486.481 rows=1380035 loops=1)
              ->  Hash  (cost=73925.90..73925.90 rows=208008 width=4) (actual time=1096.301..1096.301 rows=104154 loops=1)
                    Buckets: 131072  Batches: 4  Memory Usage: 1936kB
                    ->  Seq Scan on title t  (cost=0.00..73925.90 rows=208008 width=4) (actual time=0.030..1057.910 rows=104154 loops=1)
                          Filter: ((production_year < 1968) AND (kind_id = 7))
                          Rows Removed by Filter: 2424158
Planning time: 1.096 ms
Execution time: 4900.202 ms
