Hash Join  (cost=102767.86..182004.83 rows=475079 width=0) (actual time=2617.502..4127.560 rows=169790 loops=1)
  Hash Cond: (mc.movie_id = t.id)
  ->  Seq Scan on movie_companies mc  (cost=0.00..57926.93 rows=475079 width=4) (actual time=0.027..964.020 rows=169790 loops=1)
        Filter: ((company_id > 17389) AND (company_type_id = 1))
        Rows Removed by Filter: 2439339
  ->  Hash  (cost=61283.27..61283.27 rows=2528527 width=4) (actual time=2615.606..2615.606 rows=2528312 loops=1)
        Buckets: 131072  Batches: 64  Memory Usage: 2415kB
        ->  Seq Scan on title t  (cost=0.00..61283.27 rows=2528527 width=4) (actual time=0.024..1101.310 rows=2528312 loops=1)
Planning time: 0.773 ms
Execution time: 4148.222 ms
