Seq Scan on cast_info ci  (cost=0.00..796071.18 rows=2286638 width=0) (actual time=0.037..13752.789 rows=1469853 loops=1)
  Filter: ((person_id < 2075002) AND (role_id = 3))
  Rows Removed by Filter: 34774491
Planning time: 1.237 ms
Execution time: 13941.216 ms
