Hash Join  (cost=144464.83..502726.22 rows=52363 width=0) (actual time=5494.398..8977.731 rows=121667 loops=1)
  Hash Cond: (mi.movie_id = t.id)
  ->  Seq Scan on movie_info mi  (cost=0.00..346232.03 rows=3068194 width=4) (actual time=3009.212..5674.902 rows=3036719 loops=1)
        Filter: (info_type_id = 16)
        Rows Removed by Filter: 11799001
  ->  Hash  (cost=143925.42..143925.42 rows=43153 width=8) (actual time=2484.254..2484.254 rows=77897 loops=1)
        Buckets: 131072 (originally 65536)  Batches: 1 (originally 1)  Memory Usage: 4067kB
        ->  Hash Join  (cost=76308.85..143925.42 rows=43153 width=8) (actual time=1324.786..2451.972 rows=77897 loops=1)
              Hash Cond: (mc.movie_id = t.id)
              ->  Seq Scan on movie_companies mc  (cost=0.00..57926.93 rows=751494 width=4) (actual time=130.227..976.026 rows=469070 loops=1)
                    Filter: ((company_id < 13251) AND (company_type_id = 2))
                    Rows Removed by Filter: 2140059
              ->  Hash  (cost=73925.90..73925.90 rows=145196 width=4) (actual time=1193.103..1193.103 rows=245643 loops=1)
                    Buckets: 131072 (originally 131072)  Batches: 4 (originally 2)  Memory Usage: 3183kB
                    ->  Seq Scan on title t  (cost=0.00..73925.90 rows=145196 width=4) (actual time=0.031..1105.430 rows=245643 loops=1)
                          Filter: ((kind_id < 7) AND (production_year < 1970))
                          Rows Removed by Filter: 2282669
Planning time: 1.298 ms
Execution time: 8994.704 ms
