Hash Join  (cost=139815.33..221169.79 rows=457292 width=0) (actual time=3158.272..6065.805 rows=2527361 loops=1)
  Hash Cond: (mc.movie_id = t.id)
  ->  Seq Scan on movie_companies mc  (cost=0.00..44881.29 rows=2609129 width=4) (actual time=0.032..849.359 rows=2609129 loops=1)
  ->  Hash  (cost=132543.76..132543.76 rows=443166 width=8) (actual time=3157.150..3157.150 rows=772463 loops=1)
        Buckets: 131072 (originally 131072)  Batches: 16 (originally 8)  Memory Usage: 3073kB
        ->  Hash Join  (cost=87247.62..132543.76 rows=443166 width=8) (actual time=1457.581..2913.171 rows=772463 loops=1)
              Hash Cond: (mi_idx.movie_id = t.id)
              ->  Seq Scan on movie_info_idx mi_idx  (cost=0.00..21735.35 rows=1380035 width=4) (actual time=0.025..452.957 rows=1380035 loops=1)
              ->  Hash  (cost=73925.90..73925.90 rows=811977 width=4) (actual time=1456.700..1456.700 rows=725903 loops=1)
                    Buckets: 131072  Batches: 16  Memory Usage: 2621kB
                    ->  Seq Scan on title t  (cost=0.00..73925.90 rows=811977 width=4) (actual time=0.027..1226.451 rows=725903 loops=1)
                          Filter: ((kind_id < 7) AND (production_year > 1970))
                          Rows Removed by Filter: 1802409
Planning time: 1.156 ms
Execution time: 6366.847 ms
