Hash Join  (cost=83810.17..152434.17 rows=172658 width=0) (actual time=1621.417..2583.941 rows=125937 loops=1)
  Hash Cond: (mc.movie_id = t.id)
  ->  Seq Scan on movie_companies mc  (cost=0.00..57926.93 rows=441994 width=4) (actual time=211.797..880.924 rows=125937 loops=1)
        Filter: ((company_id > 20801) AND (company_type_id = 1))
        Rows Removed by Filter: 2483192
  ->  Hash  (cost=67604.59..67604.59 rows=987727 width=4) (actual time=1408.799..1408.799 rows=985048 loops=1)
        Buckets: 131072  Batches: 16  Memory Usage: 3188kB
        ->  Seq Scan on title t  (cost=0.00..67604.59 rows=987727 width=4) (actual time=0.018..1095.511 rows=985048 loops=1)
              Filter: (kind_id < 7)
              Rows Removed by Filter: 1543264
Planning time: 0.749 ms
Execution time: 2600.528 ms
