Hash Join  (cost=792827.64..1166942.21 rows=156534 width=0) (actual time=15334.310..23023.274 rows=1857229 loops=1)
  Hash Cond: (mi.movie_id = t.id)
  ->  Seq Scan on movie_info mi  (cost=0.00..346232.03 rows=5263441 width=4) (actual time=326.730..5550.790 rows=5270569 loops=1)
        Filter: (info_type_id > 15)
        Rows Removed by Filter: 9565151
  ->  Hash  (cost=791887.66..791887.66 rows=75198 width=8) (actual time=15005.261..15005.261 rows=82565 loops=1)
        Buckets: 131072 (originally 131072)  Batches: 2 (originally 1)  Memory Usage: 3073kB
        ->  Hash Join  (cost=68113.45..791887.66 rows=75198 width=8) (actual time=4547.897..14965.983 rows=82565 loops=1)
              Hash Cond: (ci.movie_id = t.id)
              ->  Seq Scan on cast_info ci  (cost=0.00..705507.15 rows=4670689 width=4) (actual time=3524.997..12822.262 rows=4639136 loops=1)
                    Filter: (role_id > 9)
                    Rows Removed by Filter: 31605208
              ->  Hash  (cost=67604.59..67604.59 rows=40709 width=4) (actual time=1022.185..1022.185 rows=38955 loops=1)
                    Buckets: 65536  Batches: 1  Memory Usage: 1882kB
                    ->  Seq Scan on title t  (cost=0.00..67604.59 rows=40709 width=4) (actual time=0.036..1004.221 rows=38955 loops=1)
                          Filter: (production_year = 1997)
                          Rows Removed by Filter: 2489357
Planning time: 0.809 ms
Execution time: 23232.137 ms
