Hash Join  (cost=200386.33..1157567.55 rows=1351874 width=0) (actual time=6362.255..28006.347 rows=4745742 loops=1)
  Hash Cond: (ci.movie_id = t.id)
  ->  Seq Scan on cast_info ci  (cost=0.00..705507.15 rows=20540890 width=4) (actual time=2525.366..14310.500 rows=20670817 loops=1)
        Filter: (person_id > 1536525)
        Rows Removed by Filter: 15573527
  ->  Hash  (cost=197655.18..197655.18 rows=166412 width=8) (actual time=3835.980..3835.980 rows=161053 loops=1)
        Buckets: 131072  Batches: 4  Memory Usage: 2605kB
        ->  Hash Join  (cost=102767.86..197655.18 rows=166412 width=8) (actual time=2041.535..3791.565 rows=161053 loops=1)
              Hash Cond: (mk.movie_id = t.id)
              ->  Seq Scan on movie_keyword mk  (cost=0.00..81003.12 rows=166412 width=4) (actual time=0.033..1256.891 rows=161053 loops=1)
                    Filter: (keyword_id > 72755)
                    Rows Removed by Filter: 4362877
              ->  Hash  (cost=61283.27..61283.27 rows=2528527 width=4) (actual time=2039.113..2039.113 rows=2528312 loops=1)
                    Buckets: 131072  Batches: 64  Memory Usage: 2425kB
                    ->  Seq Scan on title t  (cost=0.00..61283.27 rows=2528527 width=4) (actual time=0.016..1174.406 rows=2528312 loops=1)
Planning time: 1.152 ms
Execution time: 28555.073 ms
