Hash Join  (cost=259569.38..440976.36 rows=4411703 width=0) (actual time=6149.155..17998.467 rows=34746722 loops=1)
  Hash Cond: (mk.movie_id = t.id)
  ->  Seq Scan on movie_keyword mk  (cost=0.00..69693.30 rows=4523930 width=4) (actual time=0.020..1482.518 rows=4523930 loops=1)
  ->  Hash  (cost=219113.87..219113.87 rows=2465801 width=8) (actual time=6148.219..6148.219 rows=2442431 loops=1)
        Buckets: 131072  Batches: 64  Memory Usage: 2592kB
        ->  Hash Join  (cost=106809.92..219113.87 rows=2465801 width=8) (actual time=1824.894..5493.792 rows=2442431 loops=1)
              Hash Cond: (mc.movie_id = t.id)
              ->  Seq Scan on movie_companies mc  (cost=0.00..44881.29 rows=2609129 width=4) (actual time=0.027..930.410 rows=2609129 loops=1)
              ->  Hash  (cost=67604.59..67604.59 rows=2389627 width=4) (actual time=1823.800..1823.800 rows=2382866 loops=1)
                    Buckets: 131072  Batches: 32  Memory Usage: 3644kB
                    ->  Seq Scan on title t  (cost=0.00..67604.59 rows=2389627 width=4) (actual time=0.011..1115.435 rows=2382866 loops=1)
                          Filter: (production_year > 1916)
                          Rows Removed by Filter: 145446
Planning time: 0.984 ms
Execution time: 21933.534 ms
