Seq Scan on movie_keyword mk  (cost=0.00..81003.12 rows=94883 width=0) (actual time=0.127..1260.195 rows=93064 loops=1)
  Filter: (keyword_id > 84198)
  Rows Removed by Filter: 4430866
Planning time: 0.301 ms
Execution time: 1274.128 ms
