Hash Join  (cost=123311.50..228376.10 rows=176441 width=0) (actual time=3391.809..6572.330 rows=2050432 loops=1)
  Hash Cond: (mk.movie_id = t.id)
  ->  Seq Scan on movie_keyword mk  (cost=0.00..81003.12 rows=1846684 width=4) (actual time=0.007..1494.000 rows=1849236 loops=1)
        Filter: (keyword_id > 7478)
        Rows Removed by Filter: 2674694
  ->  Hash  (cost=119347.66..119347.66 rows=241587 width=8) (actual time=3390.847..3390.847 rows=419760 loops=1)
        Buckets: 131072 (originally 131072)  Batches: 8 (originally 4)  Memory Usage: 3091kB
        ->  Hash Join  (cost=78556.72..119347.66 rows=241587 width=8) (actual time=2084.089..3250.192 rows=419760 loops=1)
              Hash Cond: (mi_idx.movie_id = t.id)
              ->  Seq Scan on movie_info_idx mi_idx  (cost=0.00..25185.44 rows=915101 width=4) (actual time=0.015..477.675 rows=919850 loops=1)
                    Filter: (info_type_id < 101)
                    Rows Removed by Filter: 460185
              ->  Hash  (cost=67604.59..67604.59 rows=667531 width=4) (actual time=2083.346..2083.346 rows=662825 loops=1)
                    Buckets: 131072  Batches: 16  Memory Usage: 2476kB
                    ->  Seq Scan on title t  (cost=0.00..67604.59 rows=667531 width=4) (actual time=3.351..1245.555 rows=662825 loops=1)
                          Filter: (kind_id = 1)
                          Rows Removed by Filter: 1865487
Planning time: 0.965 ms
Execution time: 6824.434 ms
