Nested Loop  (cost=0.43..797555.70 rows=176 width=0) (actual time=7449.245..10666.780 rows=33 loops=1)
  ->  Seq Scan on cast_info ci  (cost=0.00..796071.18 rows=176 width=4) (actual time=7449.123..10666.141 rows=33 loops=1)
        Filter: ((role_id < 2) AND (person_id = 794006))
        Rows Removed by Filter: 36244311
  ->  Index Only Scan using title_pkey on title t  (cost=0.43..8.42 rows=1 width=4) (actual time=0.017..0.017 rows=1 loops=33)
        Index Cond: (id = ci.movie_id)
        Heap Fetches: 33
Planning time: 0.573 ms
Execution time: 10666.847 ms
