Hash Join  (cost=128603.47..879442.50 rows=4986 width=0) (actual time=2028.280..17879.649 rows=29221 loops=1)
  Hash Cond: (ci.movie_id = t.id)
  ->  Seq Scan on cast_info ci  (cost=0.00..614943.12 rows=36225612 width=4) (actual time=0.008..8504.623 rows=36244344 loops=1)
  ->  Hash  (cost=128599.12..128599.12 rows=348 width=8) (actual time=2026.359..2026.359 rows=1618 loops=1)
        Buckets: 2048 (originally 1024)  Batches: 1 (originally 1)  Memory Usage: 80kB
        ->  Hash Join  (cost=73930.12..128599.12 rows=348 width=8) (actual time=1025.705..2025.392 rows=1618 loops=1)
              Hash Cond: (mc.movie_id = t.id)
              ->  Seq Scan on movie_companies mc  (cost=0.00..44881.29 rows=2609129 width=4) (actual time=0.014..599.930 rows=2609129 loops=1)
              ->  Hash  (cost=73925.90..73925.90 rows=337 width=4) (actual time=941.604..941.604 rows=1387 loops=1)
                    Buckets: 2048 (originally 1024)  Batches: 1 (originally 1)  Memory Usage: 65kB
                    ->  Seq Scan on title t  (cost=0.00..73925.90 rows=337 width=4) (actual time=130.000..940.799 rows=1387 loops=1)
                          Filter: ((kind_id = 4) AND (production_year = 1991))
                          Rows Removed by Filter: 2526925
Planning time: 1.147 ms
Execution time: 17885.731 ms
