Hash Join  (cost=202419.29..1192684.06 rows=2687003 width=0) (actual time=4906.895..32917.950 rows=14773567 loops=1)
  Hash Cond: (ci.movie_id = t.id)
  ->  Seq Scan on cast_info ci  (cost=0.00..705507.15 rows=20024311 width=4) (actual time=0.017..15953.709 rows=20122661 loops=1)
        Filter: (role_id < 3)
        Rows Removed by Filter: 16121683
  ->  Hash  (cost=196852.09..196852.09 rows=339296 width=8) (actual time=4904.319..4904.319 rows=603515 loops=1)
        Buckets: 131072 (originally 131072)  Batches: 16 (originally 8)  Memory Usage: 4008kB
        ->  Hash Join  (cost=70716.09..196852.09 rows=339296 width=8) (actual time=1095.033..4732.001 rows=603515 loops=1)
              Hash Cond: (mk.movie_id = t.id)
              ->  Seq Scan on movie_keyword mk  (cost=0.00..69693.30 rows=4523930 width=4) (actual time=0.012..1483.029 rows=4523930 loops=1)
              ->  Hash  (cost=67604.59..67604.59 rows=189640 width=4) (actual time=1094.262..1094.262 rows=187790 loops=1)
                    Buckets: 131072  Batches: 4  Memory Usage: 2679kB
                    ->  Seq Scan on title t  (cost=0.00..67604.59 rows=189640 width=4) (actual time=0.363..1028.112 rows=187790 loops=1)
                          Filter: (production_year < 1954)
                          Rows Removed by Filter: 2340522
Planning time: 1.121 ms
Execution time: 34472.721 ms
