Hash Join  (cost=211024.08..582079.79 rows=532917 width=0) (actual time=8151.850..10651.199 rows=938213 loops=1)
  Hash Cond: (mi.movie_id = t.id)
  ->  Seq Scan on movie_info mi  (cost=0.00..346232.03 rows=1348138 width=4) (actual time=3602.925..5051.134 rows=1298989 loops=1)
        Filter: (info_type_id = 4)
        Rows Removed by Filter: 13536731
  ->  Hash  (cost=194625.04..194625.04 rows=999523 width=8) (actual time=4542.387..4542.387 rows=858540 loops=1)
        Buckets: 131072  Batches: 16  Memory Usage: 3171kB
        ->  Hash Join  (cost=102767.86..194625.04 rows=999523 width=8) (actual time=2388.907..4288.299 rows=858540 loops=1)
              Hash Cond: (mc.movie_id = t.id)
              ->  Seq Scan on movie_companies mc  (cost=0.00..57926.93 rows=999523 width=4) (actual time=344.472..1137.509 rows=858540 loops=1)
                    Filter: ((company_id > 596) AND (company_type_id < 2))
                    Rows Removed by Filter: 1750589
              ->  Hash  (cost=61283.27..61283.27 rows=2528527 width=4) (actual time=2043.313..2043.313 rows=2528312 loops=1)
                    Buckets: 131072  Batches: 64  Memory Usage: 2415kB
                    ->  Seq Scan on title t  (cost=0.00..61283.27 rows=2528527 width=4) (actual time=0.032..1200.862 rows=2528312 loops=1)
Planning time: 4.411 ms
Execution time: 10765.458 ms
