Seq Scan on movie_companies mc  (cost=0.00..51404.11 rows=104 width=0) (actual time=94.000..872.330 rows=14 loops=1)
  Filter: (company_id = 21105)
  Rows Removed by Filter: 2609115
Planning time: 0.372 ms
Execution time: 872.417 ms
