Hash Join  (cost=961533.24..1691999.84 rows=20038387 width=0) (actual time=19898.945..41550.124 rows=25969870 loops=1)
  Hash Cond: (mi.movie_id = t.id)
  ->  Seq Scan on movie_info mi  (cost=0.00..309384.22 rows=14739122 width=4) (actual time=0.009..6345.186 rows=14835720 loops=1)
  ->  Hash  (cost=905133.90..905133.90 rows=3437627 width=8) (actual time=19897.261..19897.261 rows=3544053 loops=1)
        Buckets: 131072  Batches: 64  Memory Usage: 3164kB
        ->  Hash Join  (cost=98137.04..905133.90 rows=3437627 width=8) (actual time=3798.691..18927.623 rows=3544053 loops=1)
              Hash Cond: (ci.movie_id = t.id)
              ->  Seq Scan on cast_info ci  (cost=0.00..705507.15 rows=4670689 width=4) (actual time=1959.680..13578.466 rows=4639136 loops=1)
                    Filter: (role_id > 9)
                    Rows Removed by Filter: 31605208
              ->  Hash  (cost=67604.59..67604.59 rows=1860996 width=4) (actual time=1837.585..1837.585 rows=1865487 loops=1)
                    Buckets: 131072  Batches: 32  Memory Usage: 3079kB
                    ->  Seq Scan on title t  (cost=0.00..67604.59 rows=1860996 width=4) (actual time=0.022..1248.028 rows=1865487 loops=1)
                          Filter: (kind_id > 1)
                          Rows Removed by Filter: 662825
Planning time: 1.054 ms
Execution time: 44508.665 ms
