Seq Scan on title t  (cost=0.00..73925.90 rows=43334 width=0) (actual time=0.026..1163.376 rows=35836 loops=1)
  Filter: ((kind_id < 4) AND (production_year = 2009))
  Rows Removed by Filter: 2492476
Planning time: 0.363 ms
Execution time: 1169.217 ms
