Seq Scan on movie_companies mc  (cost=0.00..57926.93 rows=344702 width=0) (actual time=278.308..944.804 rows=36395 loops=1)
  Filter: ((company_id > 44218) AND (company_type_id < 2))
  Rows Removed by Filter: 2572734
Planning time: 0.330 ms
Execution time: 950.034 ms
