Seq Scan on movie_keyword mk  (cost=0.00..81003.12 rows=734951 width=0) (actual time=0.022..1396.291 rows=735909 loops=1)
  Filter: (keyword_id < 660)
  Rows Removed by Filter: 3788021
Planning time: 0.335 ms
Execution time: 1495.856 ms
