Hash Join  (cost=156487.41..299175.82 rows=815600 width=0) (actual time=3832.008..8751.636 rows=3422846 loops=1)
  Hash Cond: (mk.movie_id = t.id)
  ->  Seq Scan on movie_keyword mk  (cost=0.00..81003.12 rows=4473675 width=4) (actual time=6.376..1861.250 rows=4477395 loops=1)
        Filter: (keyword_id < 101230)
        Rows Removed by Filter: 46535
  ->  Hash  (cost=148924.19..148924.19 rows=460978 width=8) (actual time=3824.523..3824.523 rows=459925 loops=1)
        Buckets: 131072  Batches: 8  Memory Usage: 3284kB
        ->  Hash Join  (cost=102767.86..148924.19 rows=460978 width=8) (actual time=2355.939..3685.887 rows=459925 loops=1)
              Hash Cond: (mi_idx.movie_id = t.id)
              ->  Seq Scan on movie_info_idx mi_idx  (cost=0.00..25185.44 rows=460978 width=4) (actual time=0.027..548.239 rows=459925 loops=1)
                    Filter: (info_type_id < 100)
                    Rows Removed by Filter: 920110
              ->  Hash  (cost=61283.27..61283.27 rows=2528527 width=4) (actual time=2354.150..2354.150 rows=2528312 loops=1)
                    Buckets: 131072  Batches: 64  Memory Usage: 2415kB
                    ->  Seq Scan on title t  (cost=0.00..61283.27 rows=2528527 width=4) (actual time=0.011..1212.273 rows=2528312 loops=1)
Planning time: 1.179 ms
Execution time: 9123.733 ms
