Seq Scan on cast_info ci  (cost=0.00..796071.18 rows=7210486 width=0) (actual time=2.090..12824.478 rows=3085053 loops=1)
  Filter: ((person_id < 1083206) AND (role_id > 1))
  Rows Removed by Filter: 33159291
Planning time: 0.535 ms
Execution time: 13216.155 ms
