Hash Join  (cost=114121.56..482990.44 rows=421293 width=0) (actual time=2036.745..13916.332 rows=1977594 loops=1)
  Hash Cond: (mi.movie_id = t.id)
  ->  Seq Scan on movie_info mi  (cost=0.00..309384.22 rows=14739122 width=4) (actual time=0.012..4728.106 rows=14835720 loops=1)
  ->  Hash  (cost=113218.14..113218.14 rows=72274 width=8) (actual time=2035.859..2035.859 rows=101810 loops=1)
        Buckets: 131072 (originally 131072)  Batches: 2 (originally 1)  Memory Usage: 3073kB
        ->  Hash Join  (cost=80430.29..113218.14 rows=72274 width=8) (actual time=1198.818..1991.662 rows=101810 loops=1)
              Hash Cond: (mi_idx.movie_id = t.id)
              ->  Seq Scan on movie_info_idx mi_idx  (cost=0.00..25185.44 rows=460978 width=4) (actual time=0.017..489.232 rows=459925 loops=1)
                    Filter: (info_type_id < 100)
                    Rows Removed by Filter: 920110
              ->  Hash  (cost=73925.90..73925.90 rows=396431 width=4) (actual time=1197.988..1197.988 rows=311846 loops=1)
                    Buckets: 131072  Batches: 8  Memory Usage: 2396kB
                    ->  Seq Scan on title t  (cost=0.00..73925.90 rows=396431 width=4) (actual time=0.014..1098.571 rows=311846 loops=1)
                          Filter: ((kind_id < 3) AND (production_year > 2001))
                          Rows Removed by Filter: 2216466
Planning time: 1.896 ms
Execution time: 14152.684 ms
