Hash Join  (cost=84571.72..148360.15 rows=60394 width=0) (actual time=2328.921..3199.952 rows=13391 loops=1)
  Hash Cond: (mc.movie_id = t.id)
  ->  Seq Scan on movie_companies mc  (cost=0.00..57926.93 rows=235348 width=4) (actual time=47.259..1045.393 rows=113371 loops=1)
        Filter: ((company_id < 394) AND (company_type_id > 1))
        Rows Removed by Filter: 2495758
  ->  Hash  (cost=73925.90..73925.90 rows=648865 width=4) (actual time=2035.090..2035.090 rows=656311 loops=1)
        Buckets: 131072  Batches: 16  Memory Usage: 2462kB
        ->  Seq Scan on title t  (cost=0.00..73925.90 rows=648865 width=4) (actual time=0.723..1309.508 rows=656311 loops=1)
              Filter: ((production_year > 0) AND (kind_id = 1))
              Rows Removed by Filter: 1872001
Planning time: 1.495 ms
Execution time: 3201.300 ms
