Seq Scan on movie_keyword mk  (cost=0.00..81003.12 rows=1048836 width=0) (actual time=0.015..1379.510 rows=1053393 loops=1)
  Filter: (keyword_id < 1049)
  Rows Removed by Filter: 3470537
Planning time: 0.222 ms
Execution time: 1509.018 ms
