Hash Join  (cost=58358.90..85269.67 rows=28 width=0) (actual time=835.256..988.407 rows=24 loops=1)
  Hash Cond: (mi_idx.movie_id = t.id)
  ->  Seq Scan on movie_info_idx mi_idx  (cost=0.00..21735.35 rows=1380035 width=4) (actual time=0.019..115.040 rows=1380035 loops=1)
  ->  Hash  (cost=58358.27..58358.27 rows=51 width=8) (actual time=750.976..750.976 rows=8 loops=1)
        Buckets: 1024  Batches: 1  Memory Usage: 9kB
        ->  Nested Loop  (cost=0.43..58358.27 rows=51 width=8) (actual time=417.482..750.963 rows=8 loops=1)
              ->  Seq Scan on movie_companies mc  (cost=0.00..57926.93 rows=51 width=4) (actual time=417.410..750.539 rows=8 loops=1)
                    Filter: ((company_id = 28055) AND (company_type_id = 1))
                    Rows Removed by Filter: 2609121
              ->  Index Only Scan using title_pkey on title t  (cost=0.43..8.45 rows=1 width=4) (actual time=0.046..0.047 rows=1 loops=8)
                    Index Cond: (id = mc.movie_id)
                    Heap Fetches: 8
Planning time: 1.177 ms
Execution time: 988.494 ms
