Seq Scan on movie_keyword mk  (cost=0.00..81003.12 rows=41012 width=0) (actual time=0.085..1243.542 rows=34728 loops=1)
  Filter: (keyword_id < 42)
  Rows Removed by Filter: 4489202
Planning time: 0.304 ms
Execution time: 1249.233 ms
