Hash Join  (cost=102767.86..209405.73 rows=1884908 width=0) (actual time=1920.489..4745.878 rows=1893327 loops=1)
  Hash Cond: (mc.movie_id = t.id)
  ->  Seq Scan on movie_companies mc  (cost=0.00..51404.11 rows=1884908 width=4) (actual time=0.018..1062.564 rows=1893327 loops=1)
        Filter: (company_id > 1376)
        Rows Removed by Filter: 715802
  ->  Hash  (cost=61283.27..61283.27 rows=2528527 width=4) (actual time=1919.299..1919.299 rows=2528312 loops=1)
        Buckets: 131072  Batches: 64  Memory Usage: 2415kB
        ->  Seq Scan on title t  (cost=0.00..61283.27 rows=2528527 width=4) (actual time=0.026..1089.727 rows=2528312 loops=1)
Planning time: 0.740 ms
Execution time: 4947.635 ms
