Hash Join  (cost=163650.54..292592.25 rows=569567 width=0) (actual time=4175.810..8705.834 rows=6610767 loops=1)
  Hash Cond: (mk.movie_id = t.id)
  ->  Seq Scan on movie_keyword mk  (cost=0.00..69693.30 rows=4523930 width=4) (actual time=0.021..1350.530 rows=4523930 loops=1)
  ->  Hash  (cost=158427.24..158427.24 rows=318344 width=8) (actual time=4173.881..4173.881 rows=420089 loops=1)
        Buckets: 131072  Batches: 8  Memory Usage: 3073kB
        ->  Hash Join  (cost=78988.28..158427.24 rows=318344 width=8) (actual time=1251.300..4003.171 rows=420089 loops=1)
              Hash Cond: (mc.movie_id = t.id)
              ->  Seq Scan on movie_companies mc  (cost=0.00..44881.29 rows=2609129 width=4) (actual time=0.014..880.337 rows=2609129 loops=1)
              ->  Hash  (cost=73925.90..73925.90 rows=308510 width=4) (actual time=1250.558..1250.558 rows=266599 loops=1)
                    Buckets: 131072  Batches: 8  Memory Usage: 2191kB
                    ->  Seq Scan on title t  (cost=0.00..73925.90 rows=308510 width=4) (actual time=0.020..1163.104 rows=266599 loops=1)
                          Filter: ((kind_id < 7) AND (production_year > 2007))
                          Rows Removed by Filter: 2261713
Planning time: 5.629 ms
Execution time: 9448.349 ms
