Seq Scan on cast_info ci  (cost=0.00..705507.15 rows=27509961 width=0) (actual time=0.017..13140.507 rows=27640870 loops=1)
  Filter: (person_id > 845492)
  Rows Removed by Filter: 8603474
Planning time: 0.312 ms
Execution time: 16542.481 ms
