Nested Loop  (cost=0.43..58358.39 rows=1 width=0) (actual time=325.704..890.225 rows=3 loops=1)
  ->  Seq Scan on movie_companies mc  (cost=0.00..57926.93 rows=51 width=4) (actual time=282.273..866.980 rows=467 loops=1)
        Filter: ((company_id = 120) AND (company_type_id = 1))
        Rows Removed by Filter: 2608662
  ->  Index Scan using title_pkey on title t  (cost=0.43..8.45 rows=1 width=4) (actual time=0.049..0.049 rows=0 loops=467)
        Index Cond: (id = mc.movie_id)
        Filter: (production_year = 1999)
        Rows Removed by Filter: 1
Planning time: 0.818 ms
Execution time: 890.344 ms
