Seq Scan on movie_companies mc  (cost=0.00..57926.93 rows=1079271 width=0) (actual time=284.214..1060.840 rows=961111 loops=1)
  Filter: ((company_id > 258) AND (company_type_id = 1))
  Rows Removed by Filter: 1648018
Planning time: 0.272 ms
Execution time: 1178.932 ms
