Seq Scan on movie_keyword mk  (cost=0.00..81003.12 rows=246 width=0) (actual time=7.139..1340.316 rows=127 loops=1)
  Filter: (keyword_id = 8421)
  Rows Removed by Filter: 4523803
Planning time: 5.803 ms
Execution time: 1340.504 ms
