Hash Join  (cost=67697.55..432786.99 rows=43351 width=0) (actual time=1154.010..9551.486 rows=97570 loops=1)
  Hash Cond: (mi.movie_id = t.id)
  ->  Seq Scan on movie_info mi  (cost=0.00..309384.22 rows=14739122 width=4) (actual time=0.011..4856.007 rows=14835720 loops=1)
  ->  Hash  (cost=67604.59..67604.59 rows=7437 width=4) (actual time=1153.880..1153.880 rows=13711 loops=1)
        Buckets: 16384 (originally 8192)  Batches: 1 (originally 1)  Memory Usage: 611kB
        ->  Seq Scan on title t  (cost=0.00..67604.59 rows=7437 width=4) (actual time=3.815..1147.337 rows=13711 loops=1)
              Filter: (production_year = 1966)
              Rows Removed by Filter: 2514601
Planning time: 0.527 ms
Execution time: 9567.477 ms
