Hash Join  (cost=102767.86..1198000.76 rows=12022137 width=0) (actual time=6099.350..44974.747 rows=12670688 loops=1)
  Hash Cond: (ci.movie_id = t.id)
  ->  Seq Scan on cast_info ci  (cost=0.00..796071.18 rows=12022137 width=4) (actual time=3823.662..30219.983 rows=12670688 loops=1)
        Filter: ((person_id < 3661301) AND (role_id = 1))
        Rows Removed by Filter: 23573656
  ->  Hash  (cost=61283.27..61283.27 rows=2528527 width=4) (actual time=2274.307..2274.307 rows=2528312 loops=1)
        Buckets: 131072  Batches: 64  Memory Usage: 2415kB
        ->  Seq Scan on title t  (cost=0.00..61283.27 rows=2528527 width=4) (actual time=0.032..1147.705 rows=2528312 loops=1)
Planning time: 13.381 ms
Execution time: 46570.116 ms
