Hash Join  (cost=105490.82..917361.79 rows=282057 width=0) (actual time=16783.906..41560.646 rows=261650 loops=1)
  Hash Cond: (ci.movie_id = t.id)
  ->  Seq Scan on cast_info ci  (cost=0.00..796071.18 rows=308844 width=4) (actual time=10335.027..34383.084 rows=293516 loops=1)
        Filter: ((person_id < 612529) AND (role_id = 8))
        Rows Removed by Filter: 35950828
  ->  Hash  (cost=67604.59..67604.59 rows=2309219 width=4) (actual time=6447.880..6447.880 rows=2302977 loops=1)
        Buckets: 131072  Batches: 32  Memory Usage: 3558kB
        ->  Seq Scan on title t  (cost=0.00..67604.59 rows=2309219 width=4) (actual time=0.028..5328.991 rows=2302977 loops=1)
              Filter: (production_year > 1945)
              Rows Removed by Filter: 225335
Planning time: 0.772 ms
Execution time: 41600.741 ms
