Hash Join  (cost=73994.33..160750.31 rows=9794 width=0) (actual time=3734.307..9094.974 rows=18677 loops=1)
  Hash Cond: (mk.movie_id = t.id)
  ->  Seq Scan on movie_keyword mk  (cost=0.00..69693.30 rows=4523930 width=4) (actual time=0.017..4121.610 rows=4523930 loops=1)
  ->  Hash  (cost=73925.90..73925.90 rows=5474 width=4) (actual time=3734.154..3734.154 rows=14797 loops=1)
        Buckets: 16384 (originally 8192)  Batches: 1 (originally 1)  Memory Usage: 649kB
        ->  Seq Scan on title t  (cost=0.00..73925.90 rows=5474 width=4) (actual time=0.070..3726.395 rows=14797 loops=1)
              Filter: ((kind_id > 1) AND (production_year = 1986))
              Rows Removed by Filter: 2513515
Planning time: 0.654 ms
Execution time: 9106.073 ms
