Hash Join  (cost=74378.48..830354.80 rows=518715 width=0) (actual time=3884.481..54643.320 rows=241390 loops=1)
  Hash Cond: (ci.movie_id = t.id)
  ->  Seq Scan on cast_info ci  (cost=0.00..614943.12 rows=36225612 width=4) (actual time=0.011..36581.036 rows=36244344 loops=1)
  ->  Hash  (cost=73925.90..73925.90 rows=36206 width=4) (actual time=3884.081..3884.081 rows=33919 loops=1)
        Buckets: 65536  Batches: 1  Memory Usage: 1705kB
        ->  Seq Scan on title t  (cost=0.00..73925.90 rows=36206 width=4) (actual time=0.057..3868.673 rows=33919 loops=1)
              Filter: ((production_year > 2005) AND (kind_id = 2))
              Rows Removed by Filter: 2494393
Planning time: 10.525 ms
Execution time: 54694.276 ms
