Seq Scan on movie_companies mc  (cost=0.00..57926.93 rows=999523 width=0) (actual time=1417.436..3217.197 rows=858540 loops=1)
  Filter: ((company_id > 596) AND (company_type_id = 1))
  Rows Removed by Filter: 1750589
Planning time: 0.381 ms
Execution time: 3351.040 ms
