Hash Join  (cost=660094.64..2606789.38 rows=71234051 width=0) (actual time=31179.308..135184.486 rows=88680754 loops=1)
  Hash Cond: (ci.movie_id = t.id)
  ->  Seq Scan on cast_info ci  (cost=0.00..614943.12 rows=36225612 width=4) (actual time=0.021..44940.778 rows=36244344 loops=1)
  ->  Hash  (cost=578520.44..578520.44 rows=4972096 width=8) (actual time=31176.850..31176.850 rows=4923966 loops=1)
        Buckets: 131072  Batches: 128  Memory Usage: 2524kB
        ->  Hash Join  (cost=102767.86..578520.44 rows=4972096 width=8) (actual time=6504.720..28917.823 rows=4923966 loops=1)
              Hash Cond: (mi.movie_id = t.id)
              ->  Seq Scan on movie_info mi  (cost=0.00..346232.03 rows=4972096 width=4) (actual time=1236.444..17587.700 rows=4923966 loops=1)
                    Filter: (info_type_id < 5)
                    Rows Removed by Filter: 9911754
              ->  Hash  (cost=61283.27..61283.27 rows=2528527 width=4) (actual time=5267.018..5267.018 rows=2528312 loops=1)
                    Buckets: 131072  Batches: 64  Memory Usage: 2425kB
                    ->  Seq Scan on title t  (cost=0.00..61283.27 rows=2528527 width=4) (actual time=0.023..4062.243 rows=2528312 loops=1)
Planning time: 4.168 ms
Execution time: 147270.496 ms
