Hash Join  (cost=74196.44..432196.82 rows=26262 width=0) (actual time=5613.683..7594.879 rows=13868 loops=1)
  Hash Cond: (mi.movie_id = t.id)
  ->  Seq Scan on movie_info mi  (cost=0.00..346232.03 rows=3068194 width=4) (actual time=3396.006..5836.601 rows=3036719 loops=1)
        Filter: (info_type_id = 16)
        Rows Removed by Filter: 11799001
  ->  Hash  (cost=73925.90..73925.90 rows=21643 width=4) (actual time=1157.523..1157.523 rows=11565 loops=1)
        Buckets: 32768  Batches: 1  Memory Usage: 663kB
        ->  Seq Scan on title t  (cost=0.00..73925.90 rows=21643 width=4) (actual time=0.091..1152.252 rows=11565 loops=1)
              Filter: ((production_year > 2009) AND (kind_id = 3))
              Rows Removed by Filter: 2516747
Planning time: 0.834 ms
Execution time: 7597.320 ms
