Seq Scan on movie_companies mc  (cost=0.00..57926.93 rows=53 width=0) (actual time=48.216..2643.708 rows=6 loops=1)
  Filter: ((company_type_id > 1) AND (company_id = 2541))
  Rows Removed by Filter: 2609123
Planning time: 0.338 ms
Execution time: 2643.796 ms
