Seq Scan on cast_info ci  (cost=0.00..705507.15 rows=21421776 width=0) (actual time=0.023..12154.313 rows=21272570 loops=1)
  Filter: (person_id < 2152065)
  Rows Removed by Filter: 14971774
Planning time: 0.356 ms
Execution time: 14704.010 ms
