Hash Join  (cost=1018504.83..4333715.74 rows=170303901 width=0) (actual time=25964.432..151665.873 rows=368761571 loops=1)
  Hash Cond: (ci.movie_id = t.id)
  ->  Seq Scan on cast_info ci  (cost=0.00..705507.15 rows=29215988 width=4) (actual time=0.011..16481.508 rows=29300227 loops=1)
        Filter: (person_id > 671382)
        Rows Removed by Filter: 6944117
  ->  Hash  (cost=776690.81..776690.81 rows=14739122 width=8) (actual time=25961.214..25961.214 rows=14835720 loops=1)
        Buckets: 131072  Batches: 256  Memory Usage: 3268kB
        ->  Hash Join  (cost=102767.86..776690.81 rows=14739122 width=8) (actual time=1867.834..21683.484 rows=14835720 loops=1)
              Hash Cond: (mi.movie_id = t.id)
              ->  Seq Scan on movie_info mi  (cost=0.00..309384.22 rows=14739122 width=4) (actual time=0.017..6178.705 rows=14835720 loops=1)
              ->  Hash  (cost=61283.27..61283.27 rows=2528527 width=4) (actual time=1867.028..1867.028 rows=2528312 loops=1)
                    Buckets: 131072  Batches: 64  Memory Usage: 2425kB
                    ->  Seq Scan on title t  (cost=0.00..61283.27 rows=2528527 width=4) (actual time=0.013..1022.694 rows=2528312 loops=1)
Planning time: 0.876 ms
Execution time: 190699.649 ms
