Hash Join  (cost=92883.59..223189.39 rows=1395075 width=0) (actual time=5067.914..11516.531 rows=306031 loops=1)
  Hash Cond: (mk.movie_id = t.id)
  ->  Seq Scan on movie_keyword mk  (cost=0.00..81003.12 rows=2289386 width=4) (actual time=0.024..4401.430 rows=2291281 loops=1)
        Filter: (keyword_id < 4886)
        Rows Removed by Filter: 2232649
  ->  Hash  (cost=67604.59..67604.59 rows=1540800 width=4) (actual time=5066.919..5066.919 rows=1543264 loops=1)
        Buckets: 131072  Batches: 32  Memory Usage: 2728kB
        ->  Seq Scan on title t  (cost=0.00..67604.59 rows=1540800 width=4) (actual time=0.015..3974.187 rows=1543264 loops=1)
              Filter: (kind_id = 7)
              Rows Removed by Filter: 985048
Planning time: 14.314 ms
Execution time: 11561.313 ms
