Seq Scan on movie_keyword mk  (cost=0.00..81003.12 rows=246 width=0) (actual time=7.739..3640.218 rows=1531 loops=1)
  Filter: (keyword_id = 3741)
  Rows Removed by Filter: 4522399
Planning time: 3.805 ms
Execution time: 3641.022 ms
