Hash Join  (cost=68113.45..796622.16 rows=94687 width=0) (actual time=2980.951..37109.429 rows=90107 loops=1)
  Hash Cond: (ci.movie_id = t.id)
  ->  Seq Scan on cast_info ci  (cost=0.00..705507.15 rows=5881252 width=4) (actual time=0.024..31575.213 rows=5912565 loops=1)
        Filter: (person_id > 3053262)
        Rows Removed by Filter: 30331779
  ->  Hash  (cost=67604.59..67604.59 rows=40709 width=4) (actual time=2980.412..2980.412 rows=38955 loops=1)
        Buckets: 65536  Batches: 1  Memory Usage: 1882kB
        ->  Seq Scan on title t  (cost=0.00..67604.59 rows=40709 width=4) (actual time=0.028..2951.923 rows=38955 loops=1)
              Filter: (production_year = 1997)
              Rows Removed by Filter: 2489357
Planning time: 0.779 ms
Execution time: 37124.921 ms
