Nested Loop  (cost=0.43..58375.45 rows=16 width=0) (actual time=669.603..2607.758 rows=1 loops=1)
  ->  Seq Scan on movie_companies mc  (cost=0.00..57926.93 rows=53 width=4) (actual time=669.541..2602.087 rows=67 loops=1)
        Filter: ((company_id = 72352) AND (company_type_id = 2))
        Rows Removed by Filter: 2609062
  ->  Index Scan using title_pkey on title t  (cost=0.43..8.45 rows=1 width=4) (actual time=0.084..0.084 rows=0 loops=67)
        Index Cond: (id = mc.movie_id)
        Filter: ((kind_id < 7) AND (production_year < 2010))
        Rows Removed by Filter: 1
Planning time: 1.182 ms
Execution time: 2607.851 ms
