Seq Scan on movie_companies mc  (cost=0.00..57926.93 rows=3241 width=0) (actual time=357.597..2889.321 rows=2462 loops=1)
  Filter: ((company_type_id < 2) AND (company_id = 7851))
  Rows Removed by Filter: 2606667
Planning time: 0.445 ms
Execution time: 2890.067 ms
