Seq Scan on movie_keyword mk  (cost=0.00..81003.12 rows=1141622 width=0) (actual time=0.017..1307.927 rows=1153148 loops=1)
  Filter: (keyword_id < 1326)
  Rows Removed by Filter: 3370782
Planning time: 0.322 ms
Execution time: 1453.563 ms
