Hash Join  (cost=122666.73..200261.39 rows=184614 width=0) (actual time=6451.256..11015.011 rows=651281 loops=1)
  Hash Cond: (mc.movie_id = t.id)
  ->  Seq Scan on movie_companies mc  (cost=0.00..44881.29 rows=2609129 width=4) (actual time=0.015..2969.507 rows=2609129 loops=1)
  ->  Hash  (cost=119731.36..119731.36 rows=178910 width=8) (actual time=6450.467..6450.467 rows=216565 loops=1)
        Buckets: 131072  Batches: 4  Memory Usage: 3143kB
        ->  Hash Join  (cost=83580.70..119731.36 rows=178910 width=8) (actual time=4376.486..6362.806 rows=216565 loops=1)
              Hash Cond: (mi_idx.movie_id = t.id)
              ->  Seq Scan on movie_info_idx mi_idx  (cost=0.00..25185.44 rows=464566 width=4) (actual time=0.022..1378.902 rows=459925 loops=1)
                    Filter: (info_type_id = 101)
                    Rows Removed by Filter: 920110
              ->  Hash  (cost=67604.59..67604.59 rows=973769 width=4) (actual time=4375.494..4375.494 rows=971188 loops=1)
                    Buckets: 131072  Batches: 16  Memory Usage: 3161kB
                    ->  Seq Scan on title t  (cost=0.00..67604.59 rows=973769 width=4) (actual time=0.016..3973.129 rows=971188 loops=1)
                          Filter: (production_year < 1999)
                          Rows Removed by Filter: 1557124
Planning time: 1.107 ms
Execution time: 11114.561 ms
