Hash Join  (cost=74437.34..101571.13 rows=22331 width=0) (actual time=3164.162..4560.783 rows=18987 loops=1)
  Hash Cond: (mi_idx.movie_id = t.id)
  ->  Seq Scan on movie_info_idx mi_idx  (cost=0.00..21735.35 rows=1380035 width=4) (actual time=0.023..949.474 rows=1380035 loops=1)
  ->  Hash  (cost=73925.90..73925.90 rows=40915 width=4) (actual time=3163.769..3163.769 rows=46448 loops=1)
        Buckets: 65536  Batches: 1  Memory Usage: 2145kB
        ->  Seq Scan on title t  (cost=0.00..73925.90 rows=40915 width=4) (actual time=522.324..3140.938 rows=46448 loops=1)
              Filter: ((production_year > 2006) AND (kind_id = 4))
              Rows Removed by Filter: 2481864
Planning time: 1.309 ms
Execution time: 4563.825 ms
