Hash Join  (cost=94493.48..888642.95 rows=4415954 width=169) (actual time=1877.705..24336.912 rows=9155603 loops=1)
  Hash Cond: (mi.movie_id = t.id)
  ->  Seq Scan on movie_info mi  (cost=0.00..309384.22 rows=14739122 width=75) (actual time=0.020..7184.661 rows=14835720 loops=1)
  ->  Hash  (cost=73925.90..73925.90 rows=757566 width=94) (actual time=1874.299..1874.299 rows=773297 loops=1)
        Buckets: 32768  Batches: 32  Memory Usage: 2930kB
        ->  Seq Scan on title t  (cost=0.00..73925.90 rows=757566 width=94) (actual time=0.026..1563.932 rows=773297 loops=1)
              Filter: ((kind_id < 4) AND (production_year < 2012))
              Rows Removed by Filter: 1755015
Planning time: 0.950 ms
Execution time: 24856.718 ms
