Hash Join  (cost=301918.53..1001866.29 rows=14738228 width=0) (actual time=16585.751..89858.212 rows=131062684 loops=1)
  Hash Cond: (mi.movie_id = t.id)
  ->  Seq Scan on movie_info mi  (cost=0.00..346232.03 rows=13929354 width=4) (actual time=0.022..26207.375 rows=14033580 loops=1)
        Filter: (info_type_id > 1)
        Rows Removed by Filter: 802140
  ->  Hash  (cost=258025.55..258025.55 rows=2675358 width=8) (actual time=16583.585..16583.585 rows=2669563 loops=1)
        Buckets: 131072  Batches: 64  Memory Usage: 2751kB
        ->  Hash Join  (cost=102767.86..258025.55 rows=2675358 width=8) (actual time=6531.993..15583.558 rows=2669563 loops=1)
              Hash Cond: (mk.movie_id = t.id)
              ->  Seq Scan on movie_keyword mk  (cost=0.00..81003.12 rows=2675358 width=4) (actual time=0.021..5131.078 rows=2669563 loops=1)
                    Filter: (keyword_id < 7465)
                    Rows Removed by Filter: 1854367
              ->  Hash  (cost=61283.27..61283.27 rows=2528527 width=4) (actual time=6517.588..6517.588 rows=2528312 loops=1)
                    Buckets: 131072  Batches: 64  Memory Usage: 2425kB
                    ->  Seq Scan on title t  (cost=0.00..61283.27 rows=2528527 width=4) (actual time=0.020..4735.095 rows=2528312 loops=1)
Planning time: 2.194 ms
Execution time: 108040.216 ms
