Seq Scan on movie_companies mc  (cost=0.00..51404.11 rows=7566 width=0) (actual time=1.959..2084.975 rows=8702 loops=1)
  Filter: (company_id = 596)
  Rows Removed by Filter: 2600427
Planning time: 0.367 ms
Execution time: 2086.362 ms
