Hash Join  (cost=69090.10..868532.60 rows=9057 width=0) (actual time=31787.534..42485.653 rows=1440 loops=1)
  Hash Cond: (ci.movie_id = t.id)
  ->  Seq Scan on cast_info ci  (cost=0.00..796071.18 rows=253000 width=4) (actual time=28522.324..39166.308 rows=84737 loops=1)
        Filter: ((person_id < 2709192) AND (role_id > 10))
        Rows Removed by Filter: 36159607
  ->  Hash  (cost=67604.59..67604.59 rows=90521 width=4) (actual time=3263.619..3263.619 rows=90852 loops=1)
        Buckets: 131072  Batches: 2  Memory Usage: 2626kB
        ->  Seq Scan on title t  (cost=0.00..67604.59 rows=90521 width=4) (actual time=0.033..3216.485 rows=90852 loops=1)
              Filter: (kind_id = 2)
              Rows Removed by Filter: 2437460
Planning time: 0.835 ms
Execution time: 42486.304 ms
