Hash Join  (cost=102767.86..268877.46 rows=3126306 width=0) (actual time=5641.223..16158.641 rows=3110920 loops=1)
  Hash Cond: (mk.movie_id = t.id)
  ->  Seq Scan on movie_keyword mk  (cost=0.00..81003.12 rows=3126306 width=4) (actual time=0.028..5672.122 rows=3110920 loops=1)
        Filter: (keyword_id > 1935)
        Rows Removed by Filter: 1413010
  ->  Hash  (cost=61283.27..61283.27 rows=2528527 width=4) (actual time=5636.319..5636.319 rows=2528312 loops=1)
        Buckets: 131072  Batches: 64  Memory Usage: 2425kB
        ->  Seq Scan on title t  (cost=0.00..61283.27 rows=2528527 width=4) (actual time=0.011..4165.357 rows=2528312 loops=1)
Planning time: 0.666 ms
Execution time: 16632.399 ms
