Hash Join  (cost=205270.43..713771.19 rows=1823388 width=0) (actual time=11934.309..42451.366 rows=5044859 loops=1)
  Hash Cond: (mi.movie_id = t.id)
  ->  Seq Scan on movie_info mi  (cost=0.00..346232.03 rows=11115165 width=4) (actual time=966.759..23618.338 rows=11210743 loops=1)
        Filter: (info_type_id > 3)
        Rows Removed by Filter: 3624977
  ->  Hash  (cost=198464.52..198464.52 rows=414793 width=8) (actual time=10966.116..10966.116 rows=151801 loops=1)
        Buckets: 131072  Batches: 8  Memory Usage: 1734kB
        ->  Hash Join  (cost=71408.55..198464.52 rows=414793 width=8) (actual time=3743.941..10902.225 rows=151801 loops=1)
              Hash Cond: (mk.movie_id = t.id)
              ->  Seq Scan on movie_keyword mk  (cost=0.00..69693.30 rows=4523930 width=4) (actual time=0.025..4833.683 rows=4523930 loops=1)
              ->  Hash  (cost=67604.59..67604.59 rows=231837 width=4) (actual time=3741.475..3741.475 rows=231649 loops=1)
                    Buckets: 131072  Batches: 4  Memory Usage: 3082kB
                    ->  Seq Scan on title t  (cost=0.00..67604.59 rows=231837 width=4) (actual time=0.018..3381.986 rows=231649 loops=1)
                          Filter: (production_year > 2011)
                          Rows Removed by Filter: 2296663
Planning time: 1.119 ms
Execution time: 43245.966 ms
