Seq Scan on cast_info ci  (cost=0.00..796071.18 rows=9889616 width=0) (actual time=9681.478..14176.699 rows=5783345 loops=1)
  Filter: ((person_id < 2969927) AND (role_id > 3))
  Rows Removed by Filter: 30460999
Planning time: 0.364 ms
Execution time: 14848.123 ms
