Nested Loop  (cost=0.43..799702.19 rows=435 width=0) (actual time=39195.370..39653.721 rows=3 loops=1)
  ->  Seq Scan on cast_info ci  (cost=0.00..796071.18 rows=435 width=4) (actual time=39195.207..39653.511 rows=3 loops=1)
        Filter: ((role_id < 10) AND (person_id = 3032740))
        Rows Removed by Filter: 36244341
  ->  Index Only Scan using title_pkey on title t  (cost=0.43..8.34 rows=1 width=4) (actual time=0.044..0.044 rows=1 loops=3)
        Index Cond: (id = ci.movie_id)
        Heap Fetches: 3
Planning time: 20.395 ms
Execution time: 39653.808 ms
