Nested Loop  (cost=0.43..125019.85 rows=6183 width=0) (actual time=0.101..4517.644 rows=5871 loops=1)
  ->  Seq Scan on movie_keyword mk  (cost=0.00..81003.12 rows=6183 width=4) (actual time=0.037..3646.308 rows=5871 loops=1)
        Filter: (keyword_id = 2860)
        Rows Removed by Filter: 4518059
  ->  Index Only Scan using title_pkey on title t  (cost=0.43..7.11 rows=1 width=4) (actual time=0.147..0.147 rows=1 loops=5871)
        Index Cond: (id = mk.movie_id)
        Heap Fetches: 5871
Planning time: 6.421 ms
Execution time: 4519.598 ms
