Hash Join  (cost=233401.30..616483.14 rows=871671 width=0) (actual time=21008.558..29252.538 rows=263958 loops=1)
  Hash Cond: (mi.movie_id = t.id)
  ->  Seq Scan on movie_info mi  (cost=0.00..346232.03 rows=2073893 width=4) (actual time=0.015..15265.147 rows=2091068 loops=1)
        Filter: (info_type_id < 3)
        Rows Removed by Filter: 12744652
  ->  Hash  (cost=215964.84..215964.84 rows=1062757 width=8) (actual time=12459.224..12459.224 rows=255397 loops=1)
        Buckets: 131072  Batches: 16  Memory Usage: 1657kB
        ->  Hash Join  (cost=92659.85..215964.84 rows=1062757 width=8) (actual time=7262.186..12360.570 rows=255397 loops=1)
              Hash Cond: (mk.movie_id = t.id)
              ->  Seq Scan on movie_keyword mk  (cost=0.00..81003.12 rows=2353411 width=4) (actual time=0.016..4602.955 rows=2352034 loops=1)
                    Filter: (keyword_id < 5274)
                    Rows Removed by Filter: 2171896
              ->  Hash  (cost=73925.90..73925.90 rows=1141836 width=4) (actual time=5497.933..5497.933 rows=1235288 loops=1)
                    Buckets: 131072  Batches: 16  Memory Usage: 3756kB
                    ->  Seq Scan on title t  (cost=0.00..73925.90 rows=1141836 width=4) (actual time=616.336..4492.741 rows=1235288 loops=1)
                          Filter: ((production_year > 1984) AND (kind_id = 7))
                          Rows Removed by Filter: 1293024
Planning time: 1.121 ms
Execution time: 29320.739 ms
