Nested Loop  (cost=0.43..798851.90 rows=244 width=0) (actual time=6596.634..41816.184 rows=845 loops=1)
  ->  Seq Scan on cast_info ci  (cost=0.00..796071.18 rows=332 width=4) (actual time=6596.483..41705.279 rows=845 loops=1)
        Filter: ((role_id < 4) AND (person_id = 629096))
        Rows Removed by Filter: 36243499
  ->  Index Scan using title_pkey on title t  (cost=0.43..8.37 rows=1 width=4) (actual time=0.130..0.130 rows=1 loops=845)
        Index Cond: (id = ci.movie_id)
        Filter: (kind_id > 1)
Planning time: 0.727 ms
Execution time: 41816.493 ms
