Hash Join  (cost=115771.79..850654.63 rows=200725 width=0) (actual time=23969.775..50227.644 rows=729436 loops=1)
  Hash Cond: (ci.movie_id = t.id)
  ->  Seq Scan on cast_info ci  (cost=0.00..705507.15 rows=7298253 width=4) (actual time=17612.425..39599.981 rows=7451973 loops=1)
        Filter: (role_id = 2)
        Rows Removed by Filter: 28792371
  ->  Hash  (cost=114902.52..114902.52 rows=69542 width=8) (actual time=6356.457..6356.457 rows=155858 loops=1)
        Buckets: 131072 (originally 131072)  Batches: 2 (originally 1)  Memory Usage: 4067kB
        ->  Hash Join  (cost=76016.62..114902.52 rows=69542 width=8) (actual time=3730.751..6296.061 rows=155858 loops=1)
              Hash Cond: (mi_idx.movie_id = t.id)
              ->  Seq Scan on movie_info_idx mi_idx  (cost=0.00..21735.35 rows=1380035 width=4) (actual time=0.028..1821.792 rows=1380035 loops=1)
              ->  Hash  (cost=73925.90..73925.90 rows=127417 width=4) (actual time=3718.190..3718.190 rows=227909 loops=1)
                    Buckets: 131072 (originally 131072)  Batches: 4 (originally 2)  Memory Usage: 3073kB
                    ->  Seq Scan on title t  (cost=0.00..73925.90 rows=127417 width=4) (actual time=0.037..3612.981 rows=227909 loops=1)
                          Filter: ((kind_id < 7) AND (production_year < 1967))
                          Rows Removed by Filter: 2300403
Planning time: 1.120 ms
Execution time: 50360.258 ms
