Hash Join  (cost=584776.33..1955637.20 rows=19587068 width=0) (actual time=15419.831..58645.500 rows=44696980 loops=1)
  Hash Cond: (ci.movie_id = t.id)
  ->  Seq Scan on cast_info ci  (cost=0.00..614943.12 rows=36225612 width=4) (actual time=0.032..13236.534 rows=36244344 loops=1)
  ->  Hash  (cost=562345.75..562345.75 rows=1367166 width=8) (actual time=15417.366..15417.366 rows=2360516 loops=1)
        Buckets: 131072  Batches: 32  Memory Usage: 3883kB
        ->  Hash Join  (cost=72707.20..562345.75 rows=1367166 width=8) (actual time=935.119..14670.598 rows=2360516 loops=1)
              Hash Cond: (mi.movie_id = t.id)
              ->  Seq Scan on movie_info mi  (cost=0.00..346232.03 rows=11115165 width=4) (actual time=0.021..6875.867 rows=11210743 loops=1)
                    Filter: (info_type_id > 3)
                    Rows Removed by Filter: 3624977
              ->  Hash  (cost=67604.59..67604.59 rows=311009 width=4) (actual time=934.036..934.036 rows=309534 loops=1)
                    Buckets: 131072  Batches: 8  Memory Usage: 2384kB
                    ->  Seq Scan on title t  (cost=0.00..67604.59 rows=311009 width=4) (actual time=0.020..832.444 rows=309534 loops=1)
                          Filter: (production_year < 1966)
                          Rows Removed by Filter: 2218778
Planning time: 1.162 ms
Execution time: 63684.402 ms
