Hash Join  (cost=83074.74..449733.49 rows=530 width=0) (actual time=6310.347..23356.848 rows=6020 loops=1)
  Hash Cond: (mi.movie_id = t.id)
  ->  Seq Scan on movie_info mi  (cost=0.00..346232.03 rows=5445713 width=4) (actual time=2160.193..18149.942 rows=5410520 loops=1)
        Filter: (info_type_id < 6)
        Rows Removed by Filter: 9425200
  ->  Hash  (cost=83071.67..83071.67 rows=246 width=8) (actual time=3986.101..3986.101 rows=515 loops=1)
        Buckets: 1024  Batches: 1  Memory Usage: 29kB
        ->  Nested Loop  (cost=0.43..83071.67 rows=246 width=8) (actual time=19.988..3985.558 rows=515 loops=1)
              ->  Seq Scan on movie_keyword mk  (cost=0.00..81003.12 rows=246 width=4) (actual time=19.880..3858.248 rows=515 loops=1)
                    Filter: (keyword_id = 8618)
                    Rows Removed by Filter: 4523415
              ->  Index Only Scan using title_pkey on title t  (cost=0.43..8.40 rows=1 width=4) (actual time=0.244..0.244 rows=1 loops=515)
                    Index Cond: (id = mk.movie_id)
                    Heap Fetches: 515
Planning time: 2.943 ms
Execution time: 23358.253 ms
