Hash Join  (cost=78171.87..190636.15 rows=247609 width=0) (actual time=3468.581..9623.360 rows=278436 loops=1)
  Hash Cond: (mk.movie_id = t.id)
  ->  Seq Scan on movie_keyword mk  (cost=0.00..81003.12 rows=2419218 width=4) (actual time=0.021..4715.272 rows=2412300 loops=1)
        Filter: (keyword_id > 3836)
        Rows Removed by Filter: 2111630
  ->  Hash  (cost=73925.90..73925.90 rows=258797 width=4) (actual time=3467.763..3467.763 rows=227847 loops=1)
        Buckets: 131072  Batches: 4  Memory Usage: 3038kB
        ->  Seq Scan on title t  (cost=0.00..73925.90 rows=258797 width=4) (actual time=0.066..3352.688 rows=227847 loops=1)
              Filter: ((kind_id < 7) AND (production_year > 2008))
              Rows Removed by Filter: 2300465
Planning time: 0.638 ms
Execution time: 9675.347 ms
