Hash Join  (cost=156649.15..1203933.08 rows=4664495 width=0) (actual time=9167.569..84499.412 rows=9477989 loops=1)
  Hash Cond: (ci.movie_id = t.id)
  ->  Seq Scan on cast_info ci  (cost=0.00..705507.15 rows=25367690 width=4) (actual time=0.013..51065.705 rows=25383723 loops=1)
        Filter: (person_id < 2620269)
        Rows Removed by Filter: 10860621
  ->  Hash  (cost=149020.47..149020.47 rows=464934 width=8) (actual time=9166.808..9166.808 rows=460185 loops=1)
        Buckets: 131072  Batches: 8  Memory Usage: 3276kB
        ->  Hash Join  (cost=102767.86..149020.47 rows=464934 width=8) (actual time=6347.505..8983.997 rows=460185 loops=1)
              Hash Cond: (mi_idx.movie_id = t.id)
              ->  Seq Scan on movie_info_idx mi_idx  (cost=0.00..25185.44 rows=464934 width=4) (actual time=0.020..1519.068 rows=460185 loops=1)
                    Filter: (info_type_id > 100)
                    Rows Removed by Filter: 919850
              ->  Hash  (cost=61283.27..61283.27 rows=2528527 width=4) (actual time=6345.467..6345.467 rows=2528312 loops=1)
                    Buckets: 131072  Batches: 64  Memory Usage: 2415kB
                    ->  Seq Scan on title t  (cost=0.00..61283.27 rows=2528527 width=4) (actual time=0.015..4715.312 rows=2528312 loops=1)
Planning time: 1.163 ms
Execution time: 85917.138 ms
