Hash Join  (cost=218648.89..750262.24 rows=5222045 width=0) (actual time=9958.918..45844.948 rows=11822935 loops=1)
  Hash Cond: (mi.movie_id = t.id)
  ->  Seq Scan on movie_info mi  (cost=0.00..346232.03 rows=11115165 width=4) (actual time=0.011..23192.756 rows=11210743 loops=1)
        Filter: (info_type_id > 3)
        Rows Removed by Filter: 3624977
  ->  Hash  (cost=199158.72..199158.72 rows=1187934 width=8) (actual time=9958.161..9958.161 rows=1054644 loops=1)
        Buckets: 131072  Batches: 16  Memory Usage: 3600kB
        ->  Hash Join  (cost=102767.86..199158.72 rows=1187934 width=8) (actual time=4345.295..9513.902 rows=1054644 loops=1)
              Hash Cond: (mc.movie_id = t.id)
              ->  Seq Scan on movie_companies mc  (cost=0.00..57926.93 rows=1187934 width=4) (actual time=0.024..3007.559 rows=1054644 loops=1)
                    Filter: ((company_id < 95925) AND (company_type_id = 2))
                    Rows Removed by Filter: 1554485
              ->  Hash  (cost=61283.27..61283.27 rows=2528527 width=4) (actual time=4343.719..4343.719 rows=2528312 loops=1)
                    Buckets: 131072  Batches: 64  Memory Usage: 2415kB
                    ->  Seq Scan on title t  (cost=0.00..61283.27 rows=2528527 width=4) (actual time=0.016..3244.280 rows=2528312 loops=1)
Planning time: 1.169 ms
Execution time: 47583.606 ms
