Seq Scan on movie_companies mc  (cost=0.00..51404.11 rows=1032814 width=0) (actual time=0.018..2220.526 rows=1041061 loops=1)
  Filter: (company_id > 15194)
  Rows Removed by Filter: 1568068
Planning time: 0.330 ms
Execution time: 2391.300 ms
