Hash Join  (cost=83810.17..990035.27 rows=4971223 width=0) (actual time=3845.577..56675.299 rows=5440084 loops=1)
  Hash Cond: (ci.movie_id = t.id)
  ->  Seq Scan on cast_info ci  (cost=0.00..705507.15 rows=12726058 width=4) (actual time=0.018..41270.788 rows=12670688 loops=1)
        Filter: (role_id < 2)
        Rows Removed by Filter: 23573656
  ->  Hash  (cost=67604.59..67604.59 rows=987727 width=4) (actual time=3844.690..3844.690 rows=985048 loops=1)
        Buckets: 131072  Batches: 16  Memory Usage: 3188kB
        ->  Seq Scan on title t  (cost=0.00..67604.59 rows=987727 width=4) (actual time=0.005..3388.949 rows=985048 loops=1)
              Filter: (kind_id < 7)
              Rows Removed by Filter: 1543264
Planning time: 1.214 ms
Execution time: 57442.708 ms
