Hash Join  (cost=95609.14..700005.85 rows=9949888 width=0) (actual time=3925.353..36254.096 rows=8797203 loops=1)
  Hash Cond: (mi.movie_id = t.id)
  ->  Seq Scan on movie_info mi  (cost=0.00..309384.22 rows=14739122 width=4) (actual time=0.019..19195.099 rows=14835720 loops=1)
  ->  Hash  (cost=67604.59..67604.59 rows=1706924 width=4) (actual time=3923.993..3923.993 rows=1700316 loops=1)
        Buckets: 131072  Batches: 32  Memory Usage: 2903kB
        ->  Seq Scan on title t  (cost=0.00..67604.59 rows=1706924 width=4) (actual time=0.011..3223.061 rows=1700316 loops=1)
              Filter: (production_year > 1992)
              Rows Removed by Filter: 827996
Planning time: 8.084 ms
Execution time: 37492.608 ms
