Hash Join  (cost=97066.09..258337.87 rows=2612356 width=0) (actual time=5211.644..14919.665 rows=3113719 loops=1)
  Hash Cond: (mk.movie_id = t.id)
  ->  Seq Scan on movie_keyword mk  (cost=0.00..81003.12 rows=3678420 width=4) (actual time=0.020..5247.274 rows=3672277 loops=1)
        Filter: (keyword_id < 21567)
        Rows Removed by Filter: 851653
  ->  Hash  (cost=67604.59..67604.59 rows=1795720 width=4) (actual time=5209.922..5209.922 rows=1794153 loops=1)
        Buckets: 131072  Batches: 32  Memory Usage: 3001kB
        ->  Seq Scan on title t  (cost=0.00..67604.59 rows=1795720 width=4) (actual time=0.010..4318.203 rows=1794153 loops=1)
              Filter: (production_year < 2009)
              Rows Removed by Filter: 734159
Planning time: 0.676 ms
Execution time: 15397.511 ms
