Seq Scan on cast_info ci  (cost=0.00..705507.15 rows=25948545 width=0) (actual time=0.013..35202.764 rows=25951288 loops=1)
  Filter: (person_id < 2682458)
  Rows Removed by Filter: 10293056
Planning time: 1.052 ms
Execution time: 39228.224 ms
