Nested Loop  (cost=0.43..83072.29 rows=65 width=0) (actual time=558.916..3945.100 rows=4 loops=1)
  ->  Seq Scan on movie_keyword mk  (cost=0.00..81003.12 rows=246 width=4) (actual time=558.869..3930.962 rows=4 loops=1)
        Filter: (keyword_id = 127872)
        Rows Removed by Filter: 4523926
  ->  Index Scan using title_pkey on title t  (cost=0.43..8.40 rows=1 width=4) (actual time=3.527..3.528 rows=1 loops=4)
        Index Cond: (id = mk.movie_id)
        Filter: (kind_id = 1)
Planning time: 0.745 ms
Execution time: 3945.257 ms
