Hash Join  (cost=85280.32..632094.78 rows=6279953 width=0) (actual time=1544.004..17735.441 rows=7786574 loops=1)
  Hash Cond: (mi.movie_id = t.id)
  ->  Seq Scan on movie_info mi  (cost=0.00..309384.22 rows=14739122 width=4) (actual time=0.018..5890.597 rows=14835720 loops=1)
  ->  Hash  (cost=67604.59..67604.59 rows=1077339 width=4) (actual time=1542.960..1542.960 rows=1074765 loops=1)
        Buckets: 131072  Batches: 16  Memory Usage: 3396kB
        ->  Seq Scan on title t  (cost=0.00..67604.59 rows=1077339 width=4) (actual time=0.028..1174.515 rows=1074765 loops=1)
              Filter: (production_year < 2001)
              Rows Removed by Filter: 1453547
Planning time: 0.744 ms
Execution time: 18654.283 ms
