Hash Join  (cost=102767.86..255149.06 rows=2555820 width=0) (actual time=5463.590..13516.828 rows=2550010 loops=1)
  Hash Cond: (mk.movie_id = t.id)
  ->  Seq Scan on movie_keyword mk  (cost=0.00..81003.12 rows=2555820 width=4) (actual time=0.015..4745.435 rows=2550010 loops=1)
        Filter: (keyword_id > 3460)
        Rows Removed by Filter: 1973920
  ->  Hash  (cost=61283.27..61283.27 rows=2528527 width=4) (actual time=5462.703..5462.703 rows=2528312 loops=1)
        Buckets: 131072  Batches: 64  Memory Usage: 2425kB
        ->  Seq Scan on title t  (cost=0.00..61283.27 rows=2528527 width=4) (actual time=0.010..3970.711 rows=2528312 loops=1)
Planning time: 0.842 ms
Execution time: 13858.817 ms
