Hash Join  (cost=83074.74..137742.81 rows=254 width=0) (actual time=3657.803..6728.763 rows=4235 loops=1)
  Hash Cond: (mc.movie_id = t.id)
  ->  Seq Scan on movie_companies mc  (cost=0.00..44881.29 rows=2609129 width=4) (actual time=0.021..2503.514 rows=2609129 loops=1)
  ->  Hash  (cost=83071.67..83071.67 rows=246 width=8) (actual time=3640.688..3640.688 rows=316 loops=1)
        Buckets: 1024  Batches: 1  Memory Usage: 21kB
        ->  Nested Loop  (cost=0.43..83071.67 rows=246 width=8) (actual time=24.831..3640.215 rows=316 loops=1)
              ->  Seq Scan on movie_keyword mk  (cost=0.00..81003.12 rows=246 width=4) (actual time=24.758..3582.134 rows=316 loops=1)
                    Filter: (keyword_id = 18707)
                    Rows Removed by Filter: 4523614
              ->  Index Only Scan using title_pkey on title t  (cost=0.43..8.40 rows=1 width=4) (actual time=0.179..0.180 rows=1 loops=316)
                    Index Cond: (id = mk.movie_id)
                    Heap Fetches: 316
Planning time: 6.872 ms
Execution time: 6729.630 ms
