Seq Scan on movie_keyword mk  (cost=0.00..81003.12 rows=3833538 width=0) (actual time=0.020..4990.286 rows=3834778 loops=1)
  Filter: (keyword_id > 569)
  Rows Removed by Filter: 689152
Planning time: 0.328 ms
Execution time: 5647.999 ms
