Hash Join  (cost=167722.49..592140.55 rows=856246 width=0) (actual time=8153.602..31769.831 rows=410307 loops=1)
  Hash Cond: (mi.movie_id = t.id)
  ->  Seq Scan on movie_info mi  (cost=0.00..346232.03 rows=5897221 width=4) (actual time=149.218..19740.722 rows=5884963 loops=1)
        Filter: (info_type_id < 7)
        Rows Removed by Filter: 8950757
  ->  Hash  (cost=161698.38..161698.38 rows=367129 width=8) (actual time=8003.563..8003.563 rows=169162 loops=1)
        Buckets: 131072  Batches: 8  Memory Usage: 1855kB
        ->  Hash Join  (cost=92883.59..161698.38 rows=367129 width=8) (actual time=4838.439..7947.235 rows=169162 loops=1)
              Hash Cond: (mc.movie_id = t.id)
              ->  Seq Scan on movie_companies mc  (cost=0.00..51404.11 rows=602477 width=4) (actual time=0.025..2426.540 rows=607453 loops=1)
                    Filter: (company_id > 65479)
                    Rows Removed by Filter: 2001676
              ->  Hash  (cost=67604.59..67604.59 rows=1540800 width=4) (actual time=4836.866..4836.866 rows=1543264 loops=1)
                    Buckets: 131072  Batches: 32  Memory Usage: 2722kB
                    ->  Seq Scan on title t  (cost=0.00..67604.59 rows=1540800 width=4) (actual time=275.319..4095.045 rows=1543264 loops=1)
                          Filter: (kind_id = 7)
                          Rows Removed by Filter: 985048
Planning time: 1.030 ms
Execution time: 31827.679 ms
