Hash Join  (cost=67697.55..779767.32 rows=5107 width=0) (actual time=32908.597..41622.177 rows=5563 loops=1)
  Hash Cond: (ci.movie_id = t.id)
  ->  Seq Scan on cast_info ci  (cost=0.00..705507.15 rows=1736414 width=4) (actual time=29371.032..37558.822 rows=1703543 loops=1)
        Filter: (role_id = 8)
        Rows Removed by Filter: 34540801
  ->  Hash  (cost=67604.59..67604.59 rows=7437 width=4) (actual time=3536.044..3536.044 rows=8007 loops=1)
        Buckets: 8192  Batches: 1  Memory Usage: 346kB
        ->  Seq Scan on title t  (cost=0.00..67604.59 rows=7437 width=4) (actual time=0.043..3531.323 rows=8007 loops=1)
              Filter: (production_year = 1955)
              Rows Removed by Filter: 2520305
Planning time: 0.690 ms
Execution time: 41623.348 ms
