Seq Scan on movie_keyword mk  (cost=0.00..81003.12 rows=3528962 width=0) (actual time=0.021..4614.885 rows=3519221 loops=1)
  Filter: (keyword_id < 18362)
  Rows Removed by Filter: 1004709
Planning time: 0.326 ms
Execution time: 5212.160 ms
