Hash Join  (cost=209152.43..748252.01 rows=5556966 width=0) (actual time=9574.631..42179.151 rows=8914835 loops=1)
  Hash Cond: (mi.movie_id = t.id)
  ->  Seq Scan on movie_info mi  (cost=0.00..309384.22 rows=14739122 width=4) (actual time=0.017..21282.603 rows=14835720 loops=1)
  ->  Hash  (cost=193512.06..193512.06 rows=953309 width=8) (actual time=9573.615..9573.615 rows=640763 loops=1)
        Buckets: 131072  Batches: 16  Memory Usage: 2589kB
        ->  Hash Join  (cost=102767.86..193512.06 rows=953309 width=8) (actual time=6178.782..9376.398 rows=640763 loops=1)
              Hash Cond: (mc.movie_id = t.id)
              ->  Seq Scan on movie_companies mc  (cost=0.00..57926.93 rows=953309 width=4) (actual time=1076.442..3230.235 rows=640763 loops=1)
                    Filter: ((company_id < 38236) AND (company_type_id > 1))
                    Rows Removed by Filter: 1968366
              ->  Hash  (cost=61283.27..61283.27 rows=2528527 width=4) (actual time=5101.123..5101.123 rows=2528312 loops=1)
                    Buckets: 131072  Batches: 64  Memory Usage: 2415kB
                    ->  Seq Scan on title t  (cost=0.00..61283.27 rows=2528527 width=4) (actual time=0.018..4023.135 rows=2528312 loops=1)
Planning time: 1.346 ms
Execution time: 43260.252 ms
