Seq Scan on title t  (cost=0.00..67604.59 rows=1911735 width=0) (actual time=0.024..1226.927 rows=1903258 loops=1)
  Filter: (production_year > 1982)
  Rows Removed by Filter: 625054
Planning time: 0.322 ms
Execution time: 1480.838 ms
