Hash Join  (cost=96375.19..847550.03 rows=38561 width=0) (actual time=4838.739..39911.127 rows=227704 loops=1)
  Hash Cond: (ci.movie_id = t.id)
  ->  Seq Scan on cast_info ci  (cost=0.00..614943.12 rows=36225612 width=4) (actual time=0.014..25006.457 rows=36244344 loops=1)
  ->  Hash  (cost=96341.54..96341.54 rows=2692 width=8) (actual time=4837.984..4837.984 rows=8080 loops=1)
        Buckets: 8192 (originally 4096)  Batches: 1 (originally 1)  Memory Usage: 380kB
        ->  Hash Join  (cost=67697.55..96341.54 rows=2692 width=8) (actual time=3355.923..4834.410 rows=8080 loops=1)
              Hash Cond: (mi_idx.movie_id = t.id)
              ->  Seq Scan on movie_info_idx mi_idx  (cost=0.00..25185.44 rows=915101 width=4) (actual time=0.020..1220.206 rows=919850 loops=1)
                    Filter: (info_type_id < 101)
                    Rows Removed by Filter: 460185
              ->  Hash  (cost=67604.59..67604.59 rows=7437 width=4) (actual time=3355.806..3355.806 rows=15489 loops=1)
                    Buckets: 16384 (originally 8192)  Batches: 1 (originally 1)  Memory Usage: 673kB
                    ->  Seq Scan on title t  (cost=0.00..67604.59 rows=7437 width=4) (actual time=0.079..3348.166 rows=15489 loops=1)
                          Filter: (production_year = 1983)
                          Rows Removed by Filter: 2512823
Planning time: 1.453 ms
Execution time: 39953.020 ms
