Hash Join  (cost=101931.27..453024.33 rows=12056 width=0) (actual time=10840.254..19724.617 rows=40069 loops=1)
  Hash Cond: (mi.movie_id = t.id)
  ->  Seq Scan on movie_info mi  (cost=0.00..346232.03 rows=1264125 width=4) (actual time=6125.371..14536.396 rows=1288928 loops=1)
        Filter: (info_type_id = 2)
        Rows Removed by Filter: 13546792
  ->  Hash  (cost=101629.84..101629.84 rows=24115 width=8) (actual time=4714.378..4714.378 rows=38455 loops=1)
        Buckets: 65536 (originally 32768)  Batches: 1 (originally 1)  Memory Usage: 2015kB
        ->  Hash Join  (cost=74478.21..101629.84 rows=24115 width=8) (actual time=3179.059..4699.645 rows=38455 loops=1)
              Hash Cond: (mi_idx.movie_id = t.id)
              ->  Seq Scan on movie_info_idx mi_idx  (cost=0.00..21735.35 rows=1380035 width=4) (actual time=0.030..1102.278 rows=1380035 loops=1)
              ->  Hash  (cost=73925.90..73925.90 rows=44184 width=4) (actual time=3178.680..3178.680 rows=35489 loops=1)
                    Buckets: 65536  Batches: 1  Memory Usage: 1760kB
                    ->  Seq Scan on title t  (cost=0.00..73925.90 rows=44184 width=4) (actual time=0.138..3163.092 rows=35489 loops=1)
                          Filter: ((kind_id < 7) AND (production_year = 2007))
                          Rows Removed by Filter: 2492823
Planning time: 6.321 ms
Execution time: 19730.576 ms
