Hash Join  (cost=91959.31..181009.32 rows=75660 width=0) (actual time=5676.450..10346.346 rows=61580 loops=1)
  Hash Cond: (mk.movie_id = t.id)
  ->  Seq Scan on movie_keyword mk  (cost=0.00..81003.12 rows=128874 width=4) (actual time=0.022..3814.250 rows=125376 loops=1)
        Filter: (keyword_id > 77108)
        Rows Removed by Filter: 4398554
  ->  Hash  (cost=67604.59..67604.59 rows=1484458 width=4) (actual time=5674.518..5674.518 rows=1485030 loops=1)
        Buckets: 131072  Batches: 32  Memory Usage: 2663kB
        ->  Seq Scan on title t  (cost=0.00..67604.59 rows=1484458 width=4) (actual time=14.477..5009.798 rows=1485030 loops=1)
              Filter: (production_year > 1998)
              Rows Removed by Filter: 1043282
Planning time: 0.712 ms
Execution time: 10353.695 ms
