Hash Join  (cost=74238.57..101285.57 rows=13652 width=0) (actual time=3567.058..4933.771 rows=10083 loops=1)
  Hash Cond: (mi_idx.movie_id = t.id)
  ->  Seq Scan on movie_info_idx mi_idx  (cost=0.00..21735.35 rows=1380035 width=4) (actual time=0.020..940.232 rows=1380035 loops=1)
  ->  Hash  (cost=73925.90..73925.90 rows=25013 width=4) (actual time=3565.216..3565.216 rows=26270 loops=1)
        Buckets: 32768  Batches: 1  Memory Usage: 1180kB
        ->  Seq Scan on title t  (cost=0.00..73925.90 rows=25013 width=4) (actual time=0.015..3553.078 rows=26270 loops=1)
              Filter: ((kind_id > 4) AND (production_year = 1997))
              Rows Removed by Filter: 2502042
Planning time: 0.793 ms
Execution time: 4939.402 ms
