Seq Scan on movie_keyword mk  (cost=0.00..81003.12 rows=2951320 width=0) (actual time=0.017..4212.419 rows=2934555 loops=1)
  Filter: (keyword_id < 9755)
  Rows Removed by Filter: 1589375
Planning time: 18.063 ms
Execution time: 4646.890 ms
