Seq Scan on movie_companies mc  (cost=0.00..57926.93 rows=51 width=0) (actual time=536.481..2391.257 rows=137 loops=1)
  Filter: ((company_type_id < 2) AND (company_id = 13822))
  Rows Removed by Filter: 2608992
Planning time: 0.398 ms
Execution time: 2392.671 ms
