Seq Scan on cast_info ci  (cost=0.00..705507.15 rows=33719293 width=0) (actual time=0.016..42488.107 rows=33789676 loops=1)
  Filter: (person_id > 237984)
  Rows Removed by Filter: 2454668
Planning time: 0.324 ms
Execution time: 48436.648 ms
