Hash Join  (cost=149183.05..643707.17 rows=1379319 width=0) (actual time=7114.341..44475.144 rows=16738860 loops=1)
  Hash Cond: (mi.movie_id = t.id)
  ->  Seq Scan on movie_info mi  (cost=0.00..309384.22 rows=14739122 width=4) (actual time=0.012..24071.067 rows=14835720 loops=1)
  ->  Hash  (cost=145300.23..145300.23 rows=236625 width=8) (actual time=7113.448..7113.448 rows=216805 loops=1)
        Buckets: 131072  Batches: 4  Memory Usage: 3171kB
        ->  Hash Join  (cost=78556.72..145300.23 rows=236625 width=8) (actual time=4003.220..7026.312 rows=216805 loops=1)
              Hash Cond: (mc.movie_id = t.id)
              ->  Seq Scan on movie_companies mc  (cost=0.00..51404.11 rows=896306 width=4) (actual time=0.013..2762.144 rows=892966 loops=1)
                    Filter: (company_id < 2805)
                    Rows Removed by Filter: 1716163
              ->  Hash  (cost=67604.59..67604.59 rows=667531 width=4) (actual time=3469.836..3469.836 rows=662825 loops=1)
                    Buckets: 131072  Batches: 16  Memory Usage: 2476kB
                    ->  Seq Scan on title t  (cost=0.00..67604.59 rows=667531 width=4) (actual time=21.808..2906.713 rows=662825 loops=1)
                          Filter: (kind_id < 2)
                          Rows Removed by Filter: 1865487
Planning time: 1.025 ms
Execution time: 47003.804 ms
