Hash Join  (cost=83072.95..456438.34 rows=10 width=0) (actual time=10328.502..21296.353 rows=7 loops=1)
  Hash Cond: (mi.movie_id = t.id)
  ->  Seq Scan on movie_info mi  (cost=0.00..346232.03 rows=7235534 width=4) (actual time=4867.099..16727.241 rows=7286865 loops=1)
        Filter: (info_type_id < 8)
        Rows Removed by Filter: 7548855
  ->  Hash  (cost=83072.90..83072.90 rows=4 width=8) (actual time=3367.979..3367.979 rows=1 loops=1)
        Buckets: 1024  Batches: 1  Memory Usage: 9kB
        ->  Nested Loop  (cost=0.43..83072.90 rows=4 width=8) (actual time=602.581..3367.970 rows=1 loops=1)
              ->  Seq Scan on movie_keyword mk  (cost=0.00..81003.12 rows=246 width=4) (actual time=16.342..3358.074 rows=57 loops=1)
                    Filter: (keyword_id = 64901)
                    Rows Removed by Filter: 4523873
              ->  Index Scan using title_pkey on title t  (cost=0.43..8.40 rows=1 width=4) (actual time=0.168..0.168 rows=0 loops=57)
                    Index Cond: (id = mk.movie_id)
                    Filter: ((production_year < 1998) AND (kind_id = 3))
                    Rows Removed by Filter: 1
Planning time: 2.330 ms
Execution time: 21296.524 ms
