Seq Scan on title t  (cost=0.00..73925.90 rows=1088824 width=0) (actual time=0.014..1255.866 rows=1034753 loops=1)
  Filter: ((kind_id > 2) AND (production_year < 2007))
  Rows Removed by Filter: 1493559
Planning time: 0.331 ms
Execution time: 1385.799 ms
