Hash Join  (cost=83941.34..167674.81 rows=629894 width=0) (actual time=1450.253..4202.813 rows=985961 loops=1)
  Hash Cond: (mc.movie_id = t.id)
  ->  Seq Scan on movie_companies mc  (cost=0.00..44881.29 rows=2609129 width=4) (actual time=0.016..976.325 rows=2609129 loops=1)
  ->  Hash  (cost=73925.90..73925.90 rows=610435 width=4) (actual time=1449.408..1449.408 rows=506998 loops=1)
        Buckets: 131072  Batches: 8  Memory Usage: 3267kB
        ->  Seq Scan on title t  (cost=0.00..73925.90 rows=610435 width=4) (actual time=0.025..1293.462 rows=506998 loops=1)
              Filter: ((production_year > 1943) AND (kind_id = 1))
              Rows Removed by Filter: 2021314
Planning time: 9.461 ms
Execution time: 4313.128 ms
