Nested Loop  (cost=73218.69..927955.68 rows=22766 width=0) (actual time=5476.936..16333.895 rows=210015 loops=1)
  ->  Hash Join  (cost=73218.26..894331.73 rows=56716 width=8) (actual time=5476.771..12972.716 rows=210015 loops=1)
        Hash Cond: (ci.movie_id = mc.movie_id)
        ->  Seq Scan on cast_info ci  (cost=0.00..796071.18 rows=43294 width=4) (actual time=4007.519..11037.775 rows=200158 loops=1)
              Filter: ((person_id > 3237982) AND (role_id > 10))
              Rows Removed by Filter: 36044186
        ->  Hash  (cost=51404.11..51404.11 rows=1329612 width=4) (actual time=1467.923..1467.923 rows=1334883 loops=1)
              Buckets: 131072  Batches: 32  Memory Usage: 2478kB
              ->  Seq Scan on movie_companies mc  (cost=0.00..51404.11 rows=1329612 width=4) (actual time=114.950..1046.984 rows=1334883 loops=1)
                    Filter: (company_type_id = 2)
                    Rows Removed by Filter: 1274246
  ->  Index Only Scan using title_pkey on title t  (cost=0.43..0.58 rows=1 width=4) (actual time=0.015..0.015 rows=1 loops=210015)
        Index Cond: (id = mc.movie_id)
        Heap Fetches: 210015
Planning time: 1.188 ms
Execution time: 16376.676 ms
