Hash Join  (cost=190230.21..285978.59 rows=1249095 width=0) (actual time=8553.571..13237.023 rows=3623593 loops=1)
  Hash Cond: (mc.movie_id = t.id)
  ->  Seq Scan on movie_companies mc  (cost=0.00..51404.11 rows=2288617 width=4) (actual time=0.021..2138.145 rows=2285670 loops=1)
        Filter: (company_id < 91418)
        Rows Removed by Filter: 323459
  ->  Hash  (cost=167588.78..167588.78 rows=1380035 width=8) (actual time=8548.781..8548.781 rows=1380035 loops=1)
        Buckets: 131072  Batches: 32  Memory Usage: 2708kB
        ->  Hash Join  (cost=102767.86..167588.78 rows=1380035 width=8) (actual time=5193.647..8133.006 rows=1380035 loops=1)
              Hash Cond: (mi_idx.movie_id = t.id)
              ->  Seq Scan on movie_info_idx mi_idx  (cost=0.00..21735.35 rows=1380035 width=4) (actual time=0.026..1315.217 rows=1380035 loops=1)
              ->  Hash  (cost=61283.27..61283.27 rows=2528527 width=4) (actual time=5192.324..5192.324 rows=2528312 loops=1)
                    Buckets: 131072  Batches: 64  Memory Usage: 2415kB
                    ->  Seq Scan on title t  (cost=0.00..61283.27 rows=2528527 width=4) (actual time=3.661..4217.165 rows=2528312 loops=1)
Planning time: 4.124 ms
Execution time: 13637.486 ms
