Hash Join  (cost=561280.27..749220.82 rows=4483869 width=0) (actual time=11978.463..23924.138 rows=33669657 loops=1)
  Hash Cond: (mk.movie_id = t.id)
  ->  Seq Scan on movie_keyword mk  (cost=0.00..69693.30 rows=4523930 width=4) (actual time=0.023..1528.664 rows=4523930 loops=1)
  ->  Hash  (cost=520163.57..520163.57 rows=2506136 width=8) (actual time=11975.691..11975.691 rows=2599585 loops=1)
        Buckets: 131072  Batches: 64  Memory Usage: 2691kB
        ->  Hash Join  (cost=101489.21..520163.57 rows=2506136 width=8) (actual time=1952.299..11176.362 rows=2599585 loops=1)
              Hash Cond: (mi.movie_id = t.id)
              ->  Seq Scan on movie_info mi  (cost=0.00..346232.03 rows=3068194 width=4) (actual time=0.023..5534.446 rows=3036719 loops=1)
                    Filter: (info_type_id = 16)
                    Rows Removed by Filter: 11799001
              ->  Hash  (cost=67604.59..67604.59 rows=2065330 width=4) (actual time=1951.444..1951.444 rows=2064552 loops=1)
                    Buckets: 131072  Batches: 32  Memory Usage: 3298kB
                    ->  Seq Scan on title t  (cost=0.00..67604.59 rows=2065330 width=4) (actual time=0.024..1259.956 rows=2064552 loops=1)
                          Filter: (production_year < 2011)
                          Rows Removed by Filter: 463760
Planning time: 1.169 ms
Execution time: 27766.256 ms
