Seq Scan on cast_info ci  (cost=0.00..796071.18 rows=5256334 width=0) (actual time=227.974..13648.752 rows=10705967 loops=1)
  Filter: ((person_id < 1466062) AND (role_id = 1))
  Rows Removed by Filter: 25538377
Planning time: 0.522 ms
Execution time: 14974.476 ms
