Hash Join  (cost=171455.96..911747.22 rows=86253 width=0) (actual time=3201.914..16526.023 rows=24286 loops=1)
  Hash Cond: (ci.movie_id = t.id)
  ->  Seq Scan on cast_info ci  (cost=0.00..705507.15 rows=9045755 width=4) (actual time=0.019..11475.697 rows=8911494 loops=1)
        Filter: (person_id < 877101)
        Rows Removed by Filter: 27332850
  ->  Hash  (cost=171154.58..171154.58 rows=24110 width=8) (actual time=3201.668..3201.668 rows=5188 loops=1)
        Buckets: 32768  Batches: 1  Memory Usage: 459kB
        ->  Hash Join  (cost=102767.86..171154.58 rows=24110 width=8) (actual time=2100.885..3199.382 rows=5188 loops=1)
              Hash Cond: (mc.movie_id = t.id)
              ->  Seq Scan on movie_companies mc  (cost=0.00..57926.93 rows=24110 width=4) (actual time=158.809..871.011 rows=5188 loops=1)
                    Filter: ((company_id = 19) AND (company_type_id = 2))
                    Rows Removed by Filter: 2603941
              ->  Hash  (cost=61283.27..61283.27 rows=2528527 width=4) (actual time=1939.371..1939.371 rows=2528312 loops=1)
                    Buckets: 131072  Batches: 64  Memory Usage: 2415kB
                    ->  Seq Scan on title t  (cost=0.00..61283.27 rows=2528527 width=4) (actual time=0.022..1073.862 rows=2528312 loops=1)
Planning time: 0.821 ms
Execution time: 16530.430 ms
