Hash Join  (cost=94574.69..167150.85 rows=292814 width=0) (actual time=5926.950..7927.467 rows=159300 loops=1)
  Hash Cond: (mc.movie_id = t.id)
  ->  Seq Scan on movie_companies mc  (cost=0.00..57926.93 rows=588289 width=4) (actual time=0.023..2801.017 rows=872374 loops=1)
        Filter: ((company_id > 12934) AND (company_type_id > 1))
        Rows Removed by Filter: 1736755
  ->  Hash  (cost=73925.90..73925.90 rows=1258543 width=4) (actual time=4362.559..4362.559 rows=1221534 loops=1)
        Buckets: 131072  Batches: 32  Memory Usage: 2363kB
        ->  Seq Scan on title t  (cost=0.00..73925.90 rows=1258543 width=4) (actual time=0.008..3823.559 rows=1221534 loops=1)
              Filter: ((production_year < 2011) AND (kind_id = 7))
              Rows Removed by Filter: 1306778
Planning time: 0.751 ms
Execution time: 7947.197 ms
