Seq Scan on cast_info ci  (cost=0.00..705507.15 rows=27665693 width=0) (actual time=0.019..13279.057 rows=27689802 loops=1)
  Filter: (person_id < 2831830)
  Rows Removed by Filter: 8554542
Planning time: 0.344 ms
Execution time: 16729.701 ms
