Hash Join  (cost=74283.51..101350.13 rows=15614 width=0) (actual time=1143.901..1793.562 rows=9801 loops=1)
  Hash Cond: (mi_idx.movie_id = t.id)
  ->  Seq Scan on movie_info_idx mi_idx  (cost=0.00..21735.35 rows=1380035 width=4) (actual time=0.025..309.764 rows=1380035 loops=1)
  ->  Hash  (cost=73925.90..73925.90 rows=28608 width=4) (actual time=1143.410..1143.410 rows=32134 loops=1)
        Buckets: 32768  Batches: 1  Memory Usage: 1386kB
        ->  Seq Scan on title t  (cost=0.00..73925.90 rows=28608 width=4) (actual time=0.029..1129.832 rows=32134 loops=1)
              Filter: ((kind_id = 7) AND (production_year = 1998))
              Rows Removed by Filter: 2496178
Planning time: 0.764 ms
Execution time: 1794.998 ms
