Hash Join  (cost=83073.36..447731.45 rows=217 width=0) (actual time=1258.018..8288.425 rows=81005 loops=1)
  Hash Cond: (mi.movie_id = t.id)
  ->  Seq Scan on movie_info mi  (cost=0.00..309384.22 rows=14739122 width=4) (actual time=0.016..4249.137 rows=14835720 loops=1)
  ->  Hash  (cost=83072.90..83072.90 rows=37 width=8) (actual time=1257.952..1257.952 rows=608 loops=1)
        Buckets: 1024  Batches: 1  Memory Usage: 32kB
        ->  Nested Loop  (cost=0.43..83072.90 rows=37 width=8) (actual time=11.894..1257.473 rows=608 loops=1)
              ->  Seq Scan on movie_keyword mk  (cost=0.00..81003.12 rows=246 width=4) (actual time=0.688..1221.375 rows=1043 loops=1)
                    Filter: (keyword_id = 11078)
                    Rows Removed by Filter: 4522887
              ->  Index Scan using title_pkey on title t  (cost=0.43..8.40 rows=1 width=4) (actual time=0.033..0.033 rows=1 loops=1043)
                    Index Cond: (id = mk.movie_id)
                    Filter: ((kind_id < 2) AND (production_year < 2006))
                    Rows Removed by Filter: 0
Planning time: 1.311 ms
Execution time: 8299.793 ms
