Seq Scan on cast_info ci  (cost=0.00..796071.18 rows=1060663 width=0) (actual time=8144.175..15228.946 rows=815262 loops=1)
  Filter: ((person_id < 3524455) AND (role_id = 9))
  Rows Removed by Filter: 35429082
Planning time: 0.400 ms
Execution time: 15330.321 ms
