Seq Scan on movie_companies mc  (cost=0.00..57926.93 rows=4094 width=0) (actual time=29.123..1095.415 rows=4350 loops=1)
  Filter: ((company_type_id < 2) AND (company_id = 225))
  Rows Removed by Filter: 2604779
Planning time: 0.371 ms
Execution time: 1096.292 ms
