Hash Join  (cost=95498.80..150387.90 rows=22357 width=0) (actual time=1707.420..2940.652 rows=64355 loops=1)
  Hash Cond: (mc.movie_id = t.id)
  ->  Seq Scan on movie_companies mc  (cost=0.00..44881.29 rows=2609129 width=4) (actual time=0.023..637.464 rows=2609129 loops=1)
  ->  Hash  (cost=95227.96..95227.96 rows=21667 width=8) (actual time=1706.830..1706.830 rows=23456 loops=1)
        Buckets: 32768  Batches: 1  Memory Usage: 1173kB
        ->  Hash Join  (cost=68100.81..95227.96 rows=21667 width=8) (actual time=1030.842..1698.544 rows=23456 loops=1)
              Hash Cond: (mi_idx.movie_id = t.id)
              ->  Seq Scan on movie_info_idx mi_idx  (cost=0.00..21735.35 rows=1380035 width=4) (actual time=0.015..333.531 rows=1380035 loops=1)
              ->  Hash  (cost=67604.59..67604.59 rows=39698 width=4) (actual time=1030.473..1030.473 rows=36437 loops=1)
                    Buckets: 65536  Batches: 1  Memory Usage: 1793kB
                    ->  Seq Scan on title t  (cost=0.00..67604.59 rows=39698 width=4) (actual time=0.021..1014.591 rows=36437 loops=1)
                          Filter: (production_year = 1995)
                          Rows Removed by Filter: 2491875
Planning time: 1.180 ms
Execution time: 2949.420 ms
