Hash Join  (cost=67697.55..432786.99 rows=43351 width=0) (actual time=1036.445..8989.289 rows=91403 loops=1)
  Hash Cond: (mi.movie_id = t.id)
  ->  Seq Scan on movie_info mi  (cost=0.00..309384.22 rows=14739122 width=4) (actual time=0.010..4391.358 rows=14835720 loops=1)
  ->  Hash  (cost=67604.59..67604.59 rows=7437 width=4) (actual time=1036.150..1036.150 rows=14349 loops=1)
        Buckets: 16384 (originally 8192)  Batches: 1 (originally 1)  Memory Usage: 633kB
        ->  Seq Scan on title t  (cost=0.00..67604.59 rows=7437 width=4) (actual time=0.030..1029.320 rows=14349 loops=1)
              Filter: (production_year = 1969)
              Rows Removed by Filter: 2513963
Planning time: 0.870 ms
Execution time: 9004.826 ms
