Seq Scan on cast_info ci  (cost=0.00..705507.15 rows=33724435 width=0) (actual time=0.014..14071.069 rows=33798738 loops=1)
  Filter: (person_id > 237492)
  Rows Removed by Filter: 2445606
Planning time: 0.328 ms
Execution time: 18234.679 ms
