Seq Scan on movie_companies mc  (cost=0.00..51404.11 rows=861978 width=0) (actual time=0.017..935.814 rows=856888 loops=1)
  Filter: (company_id < 2451)
  Rows Removed by Filter: 1752241
Planning time: 0.346 ms
Execution time: 1047.264 ms
