Seq Scan on movie_keyword mk  (cost=0.00..81003.12 rows=954265 width=0) (actual time=0.016..1319.020 rows=967462 loops=1)
  Filter: (keyword_id > 19676)
  Rows Removed by Filter: 3556468
Planning time: 3.021 ms
Execution time: 1436.041 ms
