Hash Join  (cost=184056.45..313320.81 rows=596032 width=0) (actual time=3380.625..6760.082 rows=847508 loops=1)
  Hash Cond: (mk.movie_id = t.id)
  ->  Seq Scan on movie_keyword mk  (cost=0.00..69693.30 rows=4523930 width=4) (actual time=0.019..1373.778 rows=4523930 loops=1)
  ->  Hash  (cost=178590.25..178590.25 rows=333136 width=8) (actual time=3379.756..3379.756 rows=182219 loops=1)
        Buckets: 131072  Batches: 8  Memory Usage: 1929kB
        ->  Hash Join  (cost=102767.86..178590.25 rows=333136 width=8) (actual time=1855.388..3318.116 rows=182219 loops=1)
              Hash Cond: (mc.movie_id = t.id)
              ->  Seq Scan on movie_companies mc  (cost=0.00..57926.93 rows=333136 width=4) (actual time=0.032..869.731 rows=182219 loops=1)
                    Filter: ((company_id < 863) AND (company_type_id > 1))
                    Rows Removed by Filter: 2426910
              ->  Hash  (cost=61283.27..61283.27 rows=2528527 width=4) (actual time=1854.499..1854.499 rows=2528312 loops=1)
                    Buckets: 131072  Batches: 64  Memory Usage: 2415kB
                    ->  Seq Scan on title t  (cost=0.00..61283.27 rows=2528527 width=4) (actual time=0.024..1029.087 rows=2528312 loops=1)
Planning time: 1.120 ms
Execution time: 6866.015 ms
