Seq Scan on movie_keyword mk  (cost=0.00..81003.12 rows=4108126 width=0) (actual time=0.025..1684.771 rows=4115966 loops=1)
  Filter: (keyword_id < 42395)
  Rows Removed by Filter: 407964
Planning time: 0.274 ms
Execution time: 2176.833 ms
