Seq Scan on movie_companies mc  (cost=0.00..57926.93 rows=1139779 width=0) (actual time=0.019..1122.773 rows=1248701 loops=1)
  Filter: ((company_id > 207) AND (company_type_id = 2))
  Rows Removed by Filter: 1360428
Planning time: 0.399 ms
Execution time: 1276.696 ms
