Hash Join  (cost=439232.89..1268047.04 rows=127495 width=0) (actual time=9419.667..26132.696 rows=414540 loops=1)
  Hash Cond: (ci.movie_id = t.id)
  ->  Seq Scan on cast_info ci  (cost=0.00..705507.15 rows=12203201 width=4) (actual time=0.016..13578.228 rows=12113646 loops=1)
        Filter: (role_id > 3)
        Rows Removed by Filter: 24130698
  ->  Hash  (cost=438902.66..438902.66 rows=26418 width=8) (actual time=9417.699..9417.699 rows=44221 loops=1)
        Buckets: 65536 (originally 32768)  Batches: 1 (originally 1)  Memory Usage: 2240kB
        ->  Hash Join  (cost=73982.55..438902.66 rows=26418 width=8) (actual time=1351.124..9396.337 rows=44221 loops=1)
              Hash Cond: (mi.movie_id = t.id)
              ->  Seq Scan on movie_info mi  (cost=0.00..309384.22 rows=14739122 width=4) (actual time=0.022..4661.221 rows=14835720 loops=1)
              ->  Hash  (cost=73925.90..73925.90 rows=4532 width=4) (actual time=1193.987..1193.987 rows=14720 loops=1)
                    Buckets: 16384 (originally 8192)  Batches: 1 (originally 1)  Memory Usage: 646kB
                    ->  Seq Scan on title t  (cost=0.00..73925.90 rows=4532 width=4) (actual time=283.718..1187.018 rows=14720 loops=1)
                          Filter: ((kind_id = 7) AND (production_year = 1992))
                          Rows Removed by Filter: 2513592
Planning time: 7.078 ms
Execution time: 26184.343 ms
