Hash Join  (cost=76440.79..174399.37 rows=231020 width=0) (actual time=1409.751..3625.696 rows=319918 loops=1)
  Hash Cond: (mk.movie_id = t.id)
  ->  Seq Scan on movie_keyword mk  (cost=0.00..81003.12 rows=1084603 width=4) (actual time=0.022..1450.631 rows=1089221 loops=1)
        Filter: (keyword_id < 1116)
        Rows Removed by Filter: 3434709
  ->  Hash  (cost=67604.59..67604.59 rows=538576 width=4) (actual time=1408.916..1408.916 rows=538190 loops=1)
        Buckets: 131072  Batches: 8  Memory Usage: 3387kB
        ->  Seq Scan on title t  (cost=0.00..67604.59 rows=538576 width=4) (actual time=0.017..1231.508 rows=538190 loops=1)
              Filter: (production_year < 1982)
              Rows Removed by Filter: 1990122
Planning time: 3.461 ms
Execution time: 3663.949 ms
