Hash Join  (cost=52284.24..404329.01 rows=1 width=0) (actual time=5506.490..6051.282 rows=11 loops=1)
  Hash Cond: (mi.movie_id = t.id)
  ->  Seq Scan on movie_info mi  (cost=0.00..346232.03 rows=1550064 width=4) (actual time=0.020..4962.758 rows=1533909 loops=1)
        Filter: (info_type_id = 3)
        Rows Removed by Filter: 13301811
  ->  Hash  (cost=52284.21..52284.21 rows=2 width=8) (actual time=876.886..876.886 rows=7 loops=1)
        Buckets: 1024  Batches: 1  Memory Usage: 9kB
        ->  Nested Loop  (cost=0.43..52284.21 rows=2 width=8) (actual time=316.707..876.868 rows=7 loops=1)
              ->  Seq Scan on movie_companies mc  (cost=0.00..51404.11 rows=104 width=4) (actual time=3.326..833.886 rows=2248 loops=1)
                    Filter: (company_id = 21)
                    Rows Removed by Filter: 2606881
              ->  Index Scan using title_pkey on title t  (cost=0.43..8.45 rows=1 width=4) (actual time=0.019..0.019 rows=0 loops=2248)
                    Index Cond: (id = mc.movie_id)
                    Filter: ((kind_id < 7) AND (production_year = 2010))
                    Rows Removed by Filter: 1
Planning time: 3.632 ms
Execution time: 6051.468 ms
