Seq Scan on cast_info ci  (cost=0.00..796071.18 rows=1485205 width=0) (actual time=3947.631..11331.441 rows=3339424 loops=1)
  Filter: ((person_id > 3447977) AND (role_id > 2))
  Rows Removed by Filter: 32904920
Planning time: 0.244 ms
Execution time: 11705.869 ms
