Hash Join  (cost=52284.66..803078.99 rows=516 width=0) (actual time=977.801..16443.513 rows=103 loops=1)
  Hash Cond: (ci.movie_id = t.id)
  ->  Seq Scan on cast_info ci  (cost=0.00..614943.12 rows=36225612 width=4) (actual time=0.022..8877.992 rows=36244344 loops=1)
  ->  Hash  (cost=52284.21..52284.21 rows=36 width=8) (actual time=817.068..817.068 rows=12 loops=1)
        Buckets: 1024  Batches: 1  Memory Usage: 9kB
        ->  Nested Loop  (cost=0.43..52284.21 rows=36 width=8) (actual time=43.228..817.045 rows=12 loops=1)
              ->  Seq Scan on movie_companies mc  (cost=0.00..51404.11 rows=104 width=4) (actual time=33.701..812.241 rows=121 loops=1)
                    Filter: (company_id = 3468)
                    Rows Removed by Filter: 2609008
              ->  Index Scan using title_pkey on title t  (cost=0.43..8.45 rows=1 width=4) (actual time=0.038..0.038 rows=0 loops=121)
                    Index Cond: (id = mc.movie_id)
                    Filter: ((kind_id > 1) AND (production_year < 2003))
                    Rows Removed by Filter: 1
Planning time: 1.177 ms
Execution time: 16443.747 ms
