Seq Scan on cast_info ci  (cost=0.00..796071.18 rows=6461655 width=0) (actual time=0.024..14857.845 rows=7451973 loops=1)
  Filter: ((person_id < 3290202) AND (role_id = 2))
  Rows Removed by Filter: 28792371
Planning time: 0.423 ms
Execution time: 15686.623 ms
