Hash Join  (cost=102767.86..286316.20 rows=3851029 width=0) (actual time=2027.797..7130.975 rows=3850701 loops=1)
  Hash Cond: (mk.movie_id = t.id)
  ->  Seq Scan on movie_keyword mk  (cost=0.00..81003.12 rows=3851029 width=4) (actual time=0.024..1826.797 rows=3850701 loops=1)
        Filter: (keyword_id > 536)
        Rows Removed by Filter: 673229
  ->  Hash  (cost=61283.27..61283.27 rows=2528527 width=4) (actual time=2026.918..2026.918 rows=2528312 loops=1)
        Buckets: 131072  Batches: 64  Memory Usage: 2425kB
        ->  Seq Scan on title t  (cost=0.00..61283.27 rows=2528527 width=4) (actual time=0.022..1132.978 rows=2528312 loops=1)
Planning time: 0.488 ms
Execution time: 7508.912 ms
