Nested Loop  (cost=0.43..797958.22 rows=78 width=0) (actual time=11748.360..12514.812 rows=63 loops=1)
  ->  Seq Scan on cast_info ci  (cost=0.00..796071.18 rows=224 width=4) (actual time=11748.210..12513.440 rows=63 loops=1)
        Filter: ((role_id > 2) AND (person_id = 3289347))
        Rows Removed by Filter: 36244281
  ->  Index Scan using title_pkey on title t  (cost=0.43..8.41 rows=1 width=4) (actual time=0.020..0.020 rows=1 loops=63)
        Index Cond: (id = ci.movie_id)
        Filter: (production_year < 1997)
Planning time: 0.800 ms
Execution time: 12514.930 ms
