Seq Scan on movie_keyword mk  (cost=0.00..81003.12 rows=1242144 width=0) (actual time=0.022..1481.742 rows=1255222 loops=1)
  Filter: (keyword_id > 14342)
  Rows Removed by Filter: 3268708
Planning time: 11.169 ms
Execution time: 1645.694 ms
