Hash Join  (cost=102767.86..265147.19 rows=2971336 width=0) (actual time=4788.841..11784.233 rows=2956829 loops=1)
  Hash Cond: (mk.movie_id = t.id)
  ->  Seq Scan on movie_keyword mk  (cost=0.00..81003.12 rows=2971336 width=4) (actual time=0.015..4247.015 rows=2956829 loops=1)
        Filter: (keyword_id < 10004)
        Rows Removed by Filter: 1567101
  ->  Hash  (cost=61283.27..61283.27 rows=2528527 width=4) (actual time=4786.879..4786.879 rows=2528312 loops=1)
        Buckets: 131072  Batches: 64  Memory Usage: 2425kB
        ->  Seq Scan on title t  (cost=0.00..61283.27 rows=2528527 width=4) (actual time=0.009..3828.817 rows=2528312 loops=1)
Planning time: 0.651 ms
Execution time: 12125.430 ms
