Seq Scan on title t  (cost=0.00..73925.90 rows=829756 width=0) (actual time=0.030..1168.450 rows=744086 loops=1)
  Filter: ((kind_id < 7) AND (production_year > 1967))
  Rows Removed by Filter: 1784226
Planning time: 0.368 ms
Execution time: 1263.733 ms
