Seq Scan on title t  (cost=0.00..73925.90 rows=13373 width=0) (actual time=368.609..1067.115 rows=7578 loops=1)
  Filter: ((kind_id = 1) AND (production_year = 1999))
  Rows Removed by Filter: 2520734
Planning time: 0.446 ms
Execution time: 1068.722 ms
