Hash Join  (cost=98595.81..187883.20 rows=883220 width=0) (actual time=4277.323..7836.079 rows=714479 loops=1)
  Hash Cond: (mc.movie_id = t.id)
  ->  Seq Scan on movie_companies mc  (cost=0.00..57926.93 rows=1182251 width=4) (actual time=0.021..2495.716 rows=1116836 loops=1)
        Filter: ((company_id > 52) AND (company_type_id < 2))
        Rows Removed by Filter: 1492293
  ->  Hash  (cost=67604.59..67604.59 rows=1888978 width=4) (actual time=4275.948..4275.948 rows=1887769 loops=1)
        Buckets: 131072  Batches: 32  Memory Usage: 3106kB
        ->  Seq Scan on title t  (cost=0.00..67604.59 rows=1888978 width=4) (actual time=0.026..3526.247 rows=1887769 loops=1)
              Filter: (production_year > 1983)
              Rows Removed by Filter: 640543
Planning time: 0.620 ms
Execution time: 7915.826 ms
