Hash Join  (cost=100948.70..465748.84 rows=14419 width=0) (actual time=1717.028..8687.729 rows=35139 loops=1)
  Hash Cond: (mi.movie_id = t.id)
  ->  Seq Scan on movie_info mi  (cost=0.00..309384.22 rows=14739122 width=4) (actual time=0.024..4314.722 rows=14835720 loops=1)
  ->  Hash  (cost=100917.78..100917.78 rows=2474 width=8) (actual time=1449.114..1449.114 rows=2796 loops=1)
        Buckets: 4096  Batches: 1  Memory Usage: 142kB
        ->  Hash Join  (cost=73982.55..100917.78 rows=2474 width=8) (actual time=1085.963..1448.145 rows=2796 loops=1)
              Hash Cond: (mi_idx.movie_id = t.id)
              ->  Seq Scan on movie_info_idx mi_idx  (cost=0.00..21735.35 rows=1380035 width=4) (actual time=0.012..179.133 rows=1380035 loops=1)
              ->  Hash  (cost=73925.90..73925.90 rows=4532 width=4) (actual time=1079.247..1079.247 rows=8145 loops=1)
                    Buckets: 8192  Batches: 1  Memory Usage: 351kB
                    ->  Seq Scan on title t  (cost=0.00..73925.90 rows=4532 width=4) (actual time=55.497..1075.351 rows=8145 loops=1)
                          Filter: ((kind_id = 7) AND (production_year = 1968))
                          Rows Removed by Filter: 2520167
Planning time: 1.209 ms
Execution time: 8692.654 ms
