Seq Scan on cast_info ci  (cost=0.00..705507.15 rows=8467594 width=0) (actual time=4282.034..11884.464 rows=8444859 loops=1)
  Filter: (person_id > 2841075)
  Rows Removed by Filter: 27799485
Planning time: 0.348 ms
Execution time: 12943.695 ms
