Seq Scan on movie_companies mc  (cost=0.00..51404.11 rows=1174478 width=0) (actual time=250.636..1931.711 rows=1183282 loops=1)
  Filter: (company_id > 12579)
  Rows Removed by Filter: 1425847
Planning time: 0.231 ms
Execution time: 2098.243 ms
