Hash Join  (cost=102767.86..198641.15 rows=1437488 width=0) (actual time=3858.392..7977.919 rows=1429057 loops=1)
  Hash Cond: (mc.movie_id = t.id)
  ->  Seq Scan on movie_companies mc  (cost=0.00..51404.11 rows=1437488 width=4) (actual time=0.015..2523.758 rows=1429057 loops=1)
        Filter: (company_id < 12629)
        Rows Removed by Filter: 1180072
  ->  Hash  (cost=61283.27..61283.27 rows=2528527 width=4) (actual time=3856.955..3856.955 rows=2528312 loops=1)
        Buckets: 131072  Batches: 64  Memory Usage: 2415kB
        ->  Seq Scan on title t  (cost=0.00..61283.27 rows=2528527 width=4) (actual time=0.015..2935.977 rows=2528312 loops=1)
Planning time: 0.609 ms
Execution time: 8151.811 ms
