Hash Join  (cost=83073.39..437535.57 rows=34 width=0) (actual time=1219.931..5550.088 rows=7 loops=1)
  Hash Cond: (mi.movie_id = t.id)
  ->  Seq Scan on movie_info mi  (cost=0.00..346232.03 rows=2194617 width=4) (actual time=0.017..4116.227 rows=2233850 loops=1)
        Filter: (info_type_id > 16)
        Rows Removed by Filter: 12601870
  ->  Hash  (cost=83072.90..83072.90 rows=39 width=8) (actual time=1170.014..1170.014 rows=4 loops=1)
        Buckets: 1024  Batches: 1  Memory Usage: 9kB
        ->  Nested Loop  (cost=0.43..83072.90 rows=39 width=8) (actual time=853.130..1169.996 rows=4 loops=1)
              ->  Seq Scan on movie_keyword mk  (cost=0.00..81003.12 rows=246 width=4) (actual time=6.790..1160.151 rows=283 loops=1)
                    Filter: (keyword_id = 7575)
                    Rows Removed by Filter: 4523647
              ->  Index Scan using title_pkey on title t  (cost=0.43..8.40 rows=1 width=4) (actual time=0.033..0.033 rows=0 loops=283)
                    Index Cond: (id = mk.movie_id)
                    Filter: ((production_year > 2008) AND (kind_id = 7))
                    Rows Removed by Filter: 1
Planning time: 1.196 ms
Execution time: 5550.223 ms
