Hash Join  (cost=79094.49..158625.50 rows=325048 width=0) (actual time=3621.543..7707.547 rows=413418 loops=1)
  Hash Cond: (mc.movie_id = t.id)
  ->  Seq Scan on movie_companies mc  (cost=0.00..44881.29 rows=2609129 width=4) (actual time=0.015..2573.397 rows=2609129 loops=1)
  ->  Hash  (cost=73925.90..73925.90 rows=315007 width=4) (actual time=3614.698..3614.698 rows=244789 loops=1)
        Buckets: 131072  Batches: 8  Memory Usage: 2099kB
        ->  Seq Scan on title t  (cost=0.00..73925.90 rows=315007 width=4) (actual time=576.931..3523.665 rows=244789 loops=1)
              Filter: ((production_year > 2003) AND (kind_id = 1))
              Rows Removed by Filter: 2283523
Planning time: 4.036 ms
Execution time: 7758.482 ms
