Hash Join  (cost=102767.86..260243.21 rows=2767522 width=0) (actual time=5065.405..11969.301 rows=2762917 loops=1)
  Hash Cond: (mk.movie_id = t.id)
  ->  Seq Scan on movie_keyword mk  (cost=0.00..81003.12 rows=2767522 width=4) (actual time=0.009..4289.334 rows=2762917 loops=1)
        Filter: (keyword_id < 7876)
        Rows Removed by Filter: 1761013
  ->  Hash  (cost=61283.27..61283.27 rows=2528527 width=4) (actual time=5063.851..5063.851 rows=2528312 loops=1)
        Buckets: 131072  Batches: 64  Memory Usage: 2425kB
        ->  Seq Scan on title t  (cost=0.00..61283.27 rows=2528527 width=4) (actual time=0.011..3983.597 rows=2528312 loops=1)
Planning time: 4.241 ms
Execution time: 12283.121 ms
