Seq Scan on cast_info ci  (cost=0.00..705507.15 rows=500 width=0) (actual time=1842.192..10919.366 rows=322 loops=1)
  Filter: (person_id = 458897)
  Rows Removed by Filter: 36244022
Planning time: 0.318 ms
Execution time: 10919.485 ms
