Hash Join  (cost=267005.29..1765789.98 rows=36447949 width=0) (actual time=12164.839..96234.886 rows=78849223 loops=1)
  Hash Cond: (ci.movie_id = t.id)
  ->  Seq Scan on cast_info ci  (cost=0.00..614943.12 rows=36225612 width=4) (actual time=0.008..40091.794 rows=36244344 loops=1)
  ->  Hash  (cost=225266.72..225266.72 rows=2544046 width=8) (actual time=12163.742..12163.742 rows=2542342 loops=1)
        Buckets: 131072  Batches: 64  Memory Usage: 2572kB
        ->  Hash Join  (cost=102767.86..225266.72 rows=2544046 width=8) (actual time=4991.465..11067.078 rows=2542342 loops=1)
              Hash Cond: (mc.movie_id = t.id)
              ->  Seq Scan on movie_companies mc  (cost=0.00..51404.11 rows=2544046 width=4) (actual time=0.015..3169.030 rows=2542342 loops=1)
                    Filter: (company_id > 6)
                    Rows Removed by Filter: 66787
              ->  Hash  (cost=61283.27..61283.27 rows=2528527 width=4) (actual time=4990.910..4990.910 rows=2528312 loops=1)
                    Buckets: 131072  Batches: 64  Memory Usage: 2415kB
                    ->  Seq Scan on title t  (cost=0.00..61283.27 rows=2528527 width=4) (actual time=0.007..3928.398 rows=2528312 loops=1)
Planning time: 0.753 ms
Execution time: 104670.870 ms
