Seq Scan on cast_info ci  (cost=0.00..705507.15 rows=26672504 width=0) (actual time=0.026..12336.979 rows=26869080 loops=1)
  Filter: (person_id > 922830)
  Rows Removed by Filter: 9375264
Planning time: 2.197 ms
Execution time: 15727.129 ms
