Seq Scan on movie_keyword mk  (cost=0.00..81003.12 rows=2537362 width=0) (actual time=0.021..3577.127 rows=2531279 loops=1)
  Filter: (keyword_id > 3518)
  Rows Removed by Filter: 1992651
Planning time: 0.301 ms
Execution time: 3960.011 ms
