Hash Join  (cost=81530.55..127171.65 rows=463262 width=0) (actual time=3852.648..6068.927 rows=569398 loops=1)
  Hash Cond: (mi_idx.movie_id = t.id)
  ->  Seq Scan on movie_info_idx mi_idx  (cost=0.00..21735.35 rows=1380035 width=4) (actual time=0.020..1244.688 rows=1380035 loops=1)
  ->  Hash  (cost=67604.59..67604.59 rows=848797 width=4) (actual time=3851.032..3851.032 rows=849141 loops=1)
        Buckets: 131072  Batches: 16  Memory Usage: 2892kB
        ->  Seq Scan on title t  (cost=0.00..67604.59 rows=848797 width=4) (actual time=0.024..3519.862 rows=849141 loops=1)
              Filter: (production_year < 1996)
              Rows Removed by Filter: 1679171
Planning time: 0.701 ms
Execution time: 6134.351 ms
