Seq Scan on cast_info ci  (cost=0.00..796071.18 rows=12716715 width=0) (actual time=0.026..30982.897 rows=13900419 loops=1)
  Filter: ((person_id < 1430444) AND (role_id < 10))
  Rows Removed by Filter: 22343925
Planning time: 0.364 ms
Execution time: 32982.355 ms
