Hash Join  (cost=102767.86..967752.67 rows=2453393 width=0) (actual time=5469.459..39726.813 rows=790778 loops=1)
  Hash Cond: (ci.movie_id = t.id)
  ->  Seq Scan on cast_info ci  (cost=0.00..796071.18 rows=2453393 width=4) (actual time=0.058..33170.359 rows=790778 loops=1)
        Filter: ((person_id < 2059753) AND (role_id = 10))
        Rows Removed by Filter: 35453566
  ->  Hash  (cost=61283.27..61283.27 rows=2528527 width=4) (actual time=5468.444..5468.444 rows=2528312 loops=1)
        Buckets: 131072  Batches: 64  Memory Usage: 2415kB
        ->  Seq Scan on title t  (cost=0.00..61283.27 rows=2528527 width=4) (actual time=0.021..4179.038 rows=2528312 loops=1)
Planning time: 0.701 ms
Execution time: 39820.457 ms
