Hash Join  (cost=228373.06..766701.24 rows=5484625 width=0) (actual time=4991.122..30269.057 rows=59263634 loops=1)
  Hash Cond: (mi.movie_id = t.id)
  ->  Seq Scan on movie_info mi  (cost=0.00..309384.22 rows=14739122 width=4) (actual time=0.021..6153.043 rows=14835720 loops=1)
  ->  Hash  (cost=212935.82..212935.82 rows=940899 width=8) (actual time=4990.125..4990.125 rows=1098895 loops=1)
        Buckets: 131072  Batches: 16  Memory Usage: 3834kB
        ->  Hash Join  (cost=99161.12..212935.82 rows=940899 width=8) (actual time=1982.785..4677.235 rows=1098895 loops=1)
              Hash Cond: (mk.movie_id = t.id)
              ->  Seq Scan on movie_keyword mk  (cost=0.00..81003.12 rows=1236916 width=4) (actual time=0.011..1474.778 rows=1249167 loops=1)
                    Filter: (keyword_id > 14441)
                    Rows Removed by Filter: 3274763
              ->  Hash  (cost=67604.59..67604.59 rows=1923403 width=4) (actual time=1981.154..1981.154 rows=1922849 loops=1)
                    Buckets: 131072  Batches: 32  Memory Usage: 3141kB
                    ->  Seq Scan on title t  (cost=0.00..67604.59 rows=1923403 width=4) (actual time=0.025..1323.496 rows=1922849 loops=1)
                          Filter: (production_year < 2010)
                          Rows Removed by Filter: 605463
Planning time: 1.045 ms
Execution time: 36564.579 ms
