Seq Scan on cast_info ci  (cost=0.00..796071.18 rows=21334800 width=0) (actual time=1537.399..16700.110 rows=24782374 loops=1)
  Filter: ((person_id < 2858557) AND (role_id < 6))
  Rows Removed by Filter: 11461970
Planning time: 0.283 ms
Execution time: 19736.804 ms
