Hash Join  (cost=129462.65..883857.87 rows=360605 width=0) (actual time=2422.410..19065.061 rows=283792 loops=1)
  Hash Cond: (ci.movie_id = t.id)
  ->  Seq Scan on cast_info ci  (cost=0.00..614943.12 rows=36225612 width=4) (actual time=0.018..8562.522 rows=36244344 loops=1)
  ->  Hash  (cost=129148.03..129148.03 rows=25170 width=8) (actual time=2422.022..2422.022 rows=9134 loops=1)
        Buckets: 32768  Batches: 1  Memory Usage: 613kB
        ->  Hash Join  (cost=74230.80..129148.03 rows=25170 width=8) (actual time=1124.201..2418.294 rows=9134 loops=1)
              Hash Cond: (mc.movie_id = t.id)
              ->  Seq Scan on movie_companies mc  (cost=0.00..44881.29 rows=2609129 width=4) (actual time=0.018..691.827 rows=2609129 loops=1)
              ->  Hash  (cost=73925.90..73925.90 rows=24392 width=4) (actual time=1123.750..1123.750 rows=24879 loops=1)
                    Buckets: 32768  Batches: 1  Memory Usage: 1131kB
                    ->  Seq Scan on title t  (cost=0.00..73925.90 rows=24392 width=4) (actual time=0.012..1113.374 rows=24879 loops=1)
                          Filter: ((kind_id > 4) AND (production_year = 1995))
                          Rows Removed by Filter: 2503433
Planning time: 0.732 ms
Execution time: 19110.102 ms
