Seq Scan on movie_keyword mk  (cost=0.00..81003.12 rows=4049632 width=0) (actual time=0.022..1572.584 rows=4053652 loops=1)
  Filter: (keyword_id < 37815)
  Rows Removed by Filter: 470278
Planning time: 0.313 ms
Execution time: 2084.021 ms
