Seq Scan on cast_info ci  (cost=0.00..705507.15 rows=4345797 width=0) (actual time=1765.504..10981.643 rows=4212626 loops=1)
  Filter: (person_id < 405680)
  Rows Removed by Filter: 32031718
Planning time: 0.350 ms
Execution time: 11509.113 ms
