Hash Join  (cost=139597.14..926879.48 rows=1240323 width=0) (actual time=4129.140..20129.965 rows=4365995 loops=1)
  Hash Cond: (ci.movie_id = t.id)
  ->  Seq Scan on cast_info ci  (cost=0.00..705507.15 rows=5817588 width=4) (actual time=502.515..12216.118 rows=5730193 loops=1)
        Filter: (person_id < 555490)
        Rows Removed by Filter: 30514151
  ->  Hash  (cost=130752.54..130752.54 rows=539088 width=8) (actual time=3596.334..3596.334 rows=954317 loops=1)
        Buckets: 131072 (originally 131072)  Batches: 16 (originally 8)  Memory Usage: 3354kB
        ->  Hash Join  (cost=83810.17..130752.54 rows=539088 width=8) (actual time=1548.488..3014.126 rows=954317 loops=1)
              Hash Cond: (mi_idx.movie_id = t.id)
              ->  Seq Scan on movie_info_idx mi_idx  (cost=0.00..21735.35 rows=1380035 width=4) (actual time=0.016..403.326 rows=1380035 loops=1)
              ->  Hash  (cost=67604.59..67604.59 rows=987727 width=4) (actual time=1547.343..1547.343 rows=985048 loops=1)
                    Buckets: 131072  Batches: 16  Memory Usage: 3188kB
                    ->  Seq Scan on title t  (cost=0.00..67604.59 rows=987727 width=4) (actual time=0.029..1249.478 rows=985048 loops=1)
                          Filter: (kind_id < 7)
                          Rows Removed by Filter: 1543264
Planning time: 1.102 ms
Execution time: 20624.602 ms
