Seq Scan on cast_info ci  (cost=0.00..796071.18 rows=176 width=0) (actual time=9035.496..13014.456 rows=1 loops=1)
  Filter: ((role_id < 2) AND (person_id = 191224))
  Rows Removed by Filter: 36244343
Planning time: 0.358 ms
Execution time: 13014.550 ms
