Nested Loop  (cost=0.43..709673.15 rows=78 width=0) (actual time=1715.229..10800.922 rows=1 loops=1)
  ->  Seq Scan on cast_info ci  (cost=0.00..705507.15 rows=500 width=4) (actual time=1715.111..10800.278 rows=26 loops=1)
        Filter: (person_id = 3435701)
        Rows Removed by Filter: 36244318
  ->  Index Scan using title_pkey on title t  (cost=0.43..8.32 rows=1 width=4) (actual time=0.023..0.023 rows=0 loops=26)
        Index Cond: (id = ci.movie_id)
        Filter: (production_year > 2010)
        Rows Removed by Filter: 1
Planning time: 0.782 ms
Execution time: 10801.017 ms
