Hash Join  (cost=79598.40..207382.58 rows=251871 width=106) (actual time=1467.636..4590.297 rows=234394 loops=1)
  Hash Cond: (mk.movie_id = t.id)
  ->  Seq Scan on movie_keyword mk  (cost=0.00..81003.12 rows=3048356 width=12) (actual time=0.029..1795.758 rows=3031717 loops=1)
        Filter: (keyword_id > 2130)
        Rows Removed by Filter: 1492213
  ->  Hash  (cost=73925.90..73925.90 rows=208920 width=94) (actual time=1466.826..1466.826 rows=183835 loops=1)
        Buckets: 32768  Batches: 8  Memory Usage: 2765kB
        ->  Seq Scan on title t  (cost=0.00..73925.90 rows=208920 width=94) (actual time=0.022..1387.889 rows=183835 loops=1)
              Filter: ((kind_id < 7) AND (production_year > 2009))
              Rows Removed by Filter: 2344477
Planning time: 0.930 ms
Execution time: 4604.302 ms
