Seq Scan on movie_keyword mk  (cost=0.00..81003.12 rows=246 width=0) (actual time=0.196..1316.000 rows=1470 loops=1)
  Filter: (keyword_id = 561)
  Rows Removed by Filter: 4522460
Planning time: 0.364 ms
Execution time: 1316.514 ms
