Hash Join  (cost=102767.86..240203.70 rows=1934690 width=0) (actual time=2014.186..5504.672 rows=1944078 loops=1)
  Hash Cond: (mk.movie_id = t.id)
  ->  Seq Scan on movie_keyword mk  (cost=0.00..81003.12 rows=1934690 width=4) (actual time=0.023..1669.118 rows=1944078 loops=1)
        Filter: (keyword_id > 6717)
        Rows Removed by Filter: 2579852
  ->  Hash  (cost=61283.27..61283.27 rows=2528527 width=4) (actual time=2010.770..2010.770 rows=2528312 loops=1)
        Buckets: 131072  Batches: 64  Memory Usage: 2425kB
        ->  Seq Scan on title t  (cost=0.00..61283.27 rows=2528527 width=4) (actual time=0.016..1125.037 rows=2528312 loops=1)
Planning time: 0.733 ms
Execution time: 5726.753 ms
