Hash Join  (cost=52284.99..138944.89 rows=186 width=0) (actual time=870.871..2450.516 rows=1025 loops=1)
  Hash Cond: (mk.movie_id = t.id)
  ->  Seq Scan on movie_keyword mk  (cost=0.00..69693.30 rows=4523930 width=4) (actual time=0.007..933.315 rows=4523930 loops=1)
  ->  Hash  (cost=52283.69..52283.69 rows=104 width=8) (actual time=742.228..742.228 rows=157 loops=1)
        Buckets: 1024  Batches: 1  Memory Usage: 15kB
        ->  Nested Loop  (cost=0.43..52283.69 rows=104 width=8) (actual time=84.879..742.100 rows=157 loops=1)
              ->  Seq Scan on movie_companies mc  (cost=0.00..51404.11 rows=104 width=4) (actual time=84.777..737.836 rows=157 loops=1)
                    Filter: (company_id = 9509)
                    Rows Removed by Filter: 2608972
              ->  Index Only Scan using title_pkey on title t  (cost=0.43..8.45 rows=1 width=4) (actual time=0.025..0.025 rows=1 loops=157)
                    Index Cond: (id = mc.movie_id)
                    Heap Fetches: 157
Planning time: 1.123 ms
Execution time: 2450.773 ms
