Hash Join  (cost=130426.50..498776.16 rows=305 width=0) (actual time=3968.471..8421.880 rows=141 loops=1)
  Hash Cond: (mi.movie_id = t.id)
  ->  Seq Scan on movie_info mi  (cost=0.00..346232.03 rows=5897221 width=4) (actual time=2469.702..6146.746 rows=5884963 loops=1)
        Filter: (info_type_id < 7)
        Rows Removed by Filter: 8950757
  ->  Hash  (cost=130424.86..130424.86 rows=131 width=8) (actual time=1457.553..1457.553 rows=70 loops=1)
        Buckets: 1024  Batches: 1  Memory Usage: 11kB
        ->  Nested Loop  (cost=0.43..130424.86 rows=131 width=8) (actual time=12.297..1457.480 rows=70 loops=1)
              ->  Seq Scan on movie_keyword mk  (cost=0.00..81003.12 rows=7087 width=4) (actual time=0.226..1223.077 rows=7495 loops=1)
                    Filter: (keyword_id = 889)
                    Rows Removed by Filter: 4516435
              ->  Index Scan using title_pkey on title t  (cost=0.43..6.96 rows=1 width=4) (actual time=0.031..0.031 rows=0 loops=7495)
                    Index Cond: (id = mk.movie_id)
                    Filter: ((kind_id > 2) AND (production_year > 2012))
                    Rows Removed by Filter: 1
Planning time: 1.192 ms
Execution time: 8422.094 ms
