Hash Join  (cost=102767.86..790223.42 rows=13770187 width=0) (actual time=1995.762..21850.888 rows=13802929 loops=1)
  Hash Cond: (mi.movie_id = t.id)
  ->  Seq Scan on movie_info mi  (cost=0.00..346232.03 rows=13770187 width=4) (actual time=104.578..7084.128 rows=13802929 loops=1)
        Filter: (info_type_id < 84)
        Rows Removed by Filter: 1032791
  ->  Hash  (cost=61283.27..61283.27 rows=2528527 width=4) (actual time=1890.253..1890.253 rows=2528312 loops=1)
        Buckets: 131072  Batches: 64  Memory Usage: 2425kB
        ->  Seq Scan on title t  (cost=0.00..61283.27 rows=2528527 width=4) (actual time=0.034..1032.542 rows=2528312 loops=1)
Planning time: 0.738 ms
Execution time: 23463.289 ms
