Hash Join  (cost=131260.78..218450.93 rows=53211 width=0) (actual time=2442.088..4219.799 rows=81228 loops=1)
  Hash Cond: (mk.movie_id = t.id)
  ->  Seq Scan on movie_keyword mk  (cost=0.00..69693.30 rows=4523930 width=4) (actual time=0.023..940.017 rows=4523930 loops=1)
  ->  Hash  (cost=130889.02..130889.02 rows=29741 width=8) (actual time=2440.545..2440.545 rows=17307 loops=1)
        Buckets: 32768  Batches: 1  Memory Usage: 933kB
        ->  Hash Join  (cost=68438.72..130889.02 rows=29741 width=8) (actual time=1479.756..2433.364 rows=17307 loops=1)
              Hash Cond: (mc.movie_id = t.id)
              ->  Seq Scan on movie_companies mc  (cost=0.00..57926.93 rows=1126920 width=4) (actual time=422.094..1083.651 rows=1274246 loops=1)
                    Filter: ((company_id < 92530) AND (company_type_id = 1))
                    Rows Removed by Filter: 1334883
              ->  Hash  (cost=67604.59..67604.59 rows=66731 width=4) (actual time=1056.931..1056.931 rows=67342 loops=1)
                    Buckets: 131072  Batches: 1  Memory Usage: 3392kB
                    ->  Seq Scan on title t  (cost=0.00..67604.59 rows=66731 width=4) (actual time=0.027..1029.420 rows=67342 loops=1)
                          Filter: (production_year > 2012)
                          Rows Removed by Filter: 2460970
Planning time: 1.365 ms
Execution time: 4230.034 ms
