Hash Join  (cost=130478.01..500251.36 rows=17465 width=0) (actual time=1423.327..8350.123 rows=233425 loops=1)
  Hash Cond: (mi.movie_id = t.id)
  ->  Seq Scan on movie_info mi  (cost=0.00..346232.03 rows=6231111 width=4) (actual time=0.026..5833.618 rows=6223494 loops=1)
        Filter: (info_type_id > 8)
        Rows Removed by Filter: 8612226
  ->  Hash  (cost=130389.43..130389.43 rows=7087 width=8) (actual time=1423.023..1423.023 rows=7495 loops=1)
        Buckets: 8192  Batches: 1  Memory Usage: 357kB
        ->  Nested Loop  (cost=0.43..130389.43 rows=7087 width=8) (actual time=0.389..1418.828 rows=7495 loops=1)
              ->  Seq Scan on movie_keyword mk  (cost=0.00..81003.12 rows=7087 width=4) (actual time=0.328..1220.349 rows=7495 loops=1)
                    Filter: (keyword_id = 889)
                    Rows Removed by Filter: 4516435
              ->  Index Only Scan using title_pkey on title t  (cost=0.43..6.96 rows=1 width=4) (actual time=0.025..0.026 rows=1 loops=7495)
                    Index Cond: (id = mk.movie_id)
                    Heap Fetches: 7495
Planning time: 1.221 ms
Execution time: 8383.955 ms
