Seq Scan on cast_info ci  (cost=0.00..705507.15 rows=3016078 width=0) (actual time=839.949..11537.461 rows=3090737 loops=1)
  Filter: (person_id > 3492659)
  Rows Removed by Filter: 33153607
Planning time: 0.343 ms
Execution time: 11927.844 ms
