Hash Join  (cost=208281.51..251576.05 rows=326505 width=0) (actual time=4344.301..4973.623 rows=264588 loops=1)
  Hash Cond: (mi_idx.movie_id = t.id)
  ->  Seq Scan on movie_info_idx mi_idx  (cost=0.00..21735.35 rows=1380035 width=4) (actual time=0.022..436.999 rows=1380035 loops=1)
  ->  Hash  (cost=198466.63..198466.63 rows=598230 width=8) (actual time=3962.789..3962.789 rows=159839 loops=1)
        Buckets: 131072  Batches: 8  Memory Usage: 1809kB
        ->  Hash Join  (cost=92883.59..198466.63 rows=598230 width=8) (actual time=2236.025..3911.885 rows=159839 loops=1)
              Hash Cond: (mk.movie_id = t.id)
              ->  Seq Scan on movie_keyword mk  (cost=0.00..81003.12 rows=981724 width=4) (actual time=0.026..1437.072 rows=987075 loops=1)
                    Filter: (keyword_id > 18728)
                    Rows Removed by Filter: 3536855
              ->  Hash  (cost=67604.59..67604.59 rows=1540800 width=4) (actual time=1719.222..1719.222 rows=1543264 loops=1)
                    Buckets: 131072  Batches: 32  Memory Usage: 2728kB
                    ->  Seq Scan on title t  (cost=0.00..67604.59 rows=1540800 width=4) (actual time=0.015..1213.307 rows=1543264 loops=1)
                          Filter: (kind_id = 7)
                          Rows Removed by Filter: 985048
Planning time: 1.121 ms
Execution time: 4998.693 ms
