Seq Scan on movie_companies mc  (cost=0.00..57926.93 rows=1210793 width=0) (actual time=65.840..1193.860 rows=1274246 loops=1)
  Filter: ((company_id < 136720) AND (company_type_id < 2))
  Rows Removed by Filter: 1334883
Planning time: 0.466 ms
Execution time: 1353.073 ms
