Seq Scan on movie_keyword mk  (cost=0.00..81003.12 rows=4302042 width=0) (actual time=0.022..1644.992 rows=4300795 loops=1)
  Filter: (keyword_id < 64206)
  Rows Removed by Filter: 223135
Planning time: 3.448 ms
Execution time: 2184.465 ms
