Seq Scan on movie_keyword mk  (cost=0.00..81003.12 rows=246 width=0) (actual time=0.165..1178.504 rows=1120 loops=1)
  Filter: (keyword_id = 3678)
  Rows Removed by Filter: 4522810
Planning time: 0.348 ms
Execution time: 1178.918 ms
