Hash Join  (cost=191392.45..1380820.55 rows=15149393 width=0) (actual time=4711.602..43750.362 rows=34062809 loops=1)
  Hash Cond: (ci.movie_id = t.id)
  ->  Seq Scan on cast_info ci  (cost=0.00..614943.12 rows=36225612 width=4) (actual time=0.028..13354.524 rows=36244344 loops=1)
  ->  Hash  (cost=174043.71..174043.71 rows=1057419 width=8) (actual time=4710.191..4710.191 rows=1367473 loops=1)
        Buckets: 131072 (originally 131072)  Batches: 32 (originally 16)  Memory Usage: 3073kB
        ->  Hash Join  (cost=84417.00..174043.71 rows=1057419 width=8) (actual time=1460.516..4305.281 rows=1367473 loops=1)
              Hash Cond: (mc.movie_id = t.id)
              ->  Seq Scan on movie_companies mc  (cost=0.00..44881.29 rows=2609129 width=4) (actual time=0.027..879.454 rows=2609129 loops=1)
              ->  Hash  (cost=67604.59..67604.59 rows=1024753 width=4) (actual time=1459.717..1459.717 rows=1021752 loops=1)
                    Buckets: 131072  Batches: 16  Memory Usage: 3274kB
                    ->  Seq Scan on title t  (cost=0.00..67604.59 rows=1024753 width=4) (actual time=0.011..1137.185 rows=1021752 loops=1)
                          Filter: (production_year < 2000)
                          Rows Removed by Filter: 1506560
Planning time: 1.168 ms
Execution time: 47289.795 ms
