Seq Scan on cast_info ci  (cost=0.00..796071.18 rows=2614898 width=0) (actual time=6655.252..12697.599 rows=6472670 loops=1)
  Filter: ((person_id > 2714987) AND (role_id > 4))
  Rows Removed by Filter: 29771674
Planning time: 0.332 ms
Execution time: 13470.097 ms
