Hash Join  (cost=174825.98..661993.69 rows=689876 width=0) (actual time=3339.760..21181.356 rows=20083299 loops=1)
  Hash Cond: (mi.movie_id = t.id)
  ->  Seq Scan on movie_info mi  (cost=0.00..309384.22 rows=14739122 width=4) (actual time=0.019..6168.695 rows=14835720 loops=1)
  ->  Hash  (cost=172883.60..172883.60 rows=118350 width=8) (actual time=3336.694..3336.694 rows=353227 loops=1)
        Buckets: 131072 (originally 131072)  Batches: 8 (originally 2)  Memory Usage: 3073kB
        ->  Hash Join  (cost=80830.47..172883.60 rows=118350 width=8) (actual time=1330.968..3223.279 rows=353227 loops=1)
              Hash Cond: (mk.movie_id = t.id)
              ->  Seq Scan on movie_keyword mk  (cost=0.00..81003.12 rows=711070 width=4) (actual time=0.021..1394.989 rows=716172 loops=1)
                    Filter: (keyword_id > 26295)
                    Rows Removed by Filter: 3807758
              ->  Hash  (cost=73925.90..73925.90 rows=420845 width=4) (actual time=1329.742..1329.742 rows=517968 loops=1)
                    Buckets: 131072  Batches: 8  Memory Usage: 3320kB
                    ->  Seq Scan on title t  (cost=0.00..73925.90 rows=420845 width=4) (actual time=0.022..1156.897 rows=517968 loops=1)
                          Filter: ((kind_id < 7) AND (production_year < 2001))
                          Rows Removed by Filter: 2010344
Planning time: 1.127 ms
Execution time: 23446.165 ms
