Hash Join  (cost=67697.55..864614.70 rows=658 width=0) (actual time=5049.093..13797.090 rows=2677 loops=1)
  Hash Cond: (ci.movie_id = t.id)
  ->  Seq Scan on cast_info ci  (cost=0.00..796071.18 rows=223837 width=4) (actual time=4251.262..12965.794 rows=265494 loops=1)
        Filter: ((person_id > 1286914) AND (role_id > 10))
        Rows Removed by Filter: 35978850
  ->  Hash  (cost=67604.59..67604.59 rows=7437 width=4) (actual time=797.458..797.458 rows=14284 loops=1)
        Buckets: 16384 (originally 8192)  Batches: 1 (originally 1)  Memory Usage: 631kB
        ->  Seq Scan on title t  (cost=0.00..67604.59 rows=7437 width=4) (actual time=0.076..791.599 rows=14284 loops=1)
              Filter: (production_year = 1973)
              Rows Removed by Filter: 2514028
Planning time: 1.293 ms
Execution time: 13797.622 ms
