Seq Scan on cast_info ci  (cost=0.00..796071.18 rows=176 width=0) (actual time=9911.078..13316.119 rows=115 loops=1)
  Filter: ((role_id < 2) AND (person_id = 1041218))
  Rows Removed by Filter: 36244229
Planning time: 0.384 ms
Execution time: 13316.274 ms
