Hash Join  (cost=798789.78..859589.28 rows=124 width=0) (actual time=15110.326..16045.903 rows=13 loops=1)
  Hash Cond: (mc.movie_id = t.id)
  ->  Seq Scan on movie_companies mc  (cost=0.00..51404.11 rows=2505106 width=4) (actual time=0.022..1045.997 rows=2504547 loops=1)
        Filter: (company_id < 154880)
        Rows Removed by Filter: 104582
  ->  Hash  (cost=798788.22..798788.22 rows=125 width=8) (actual time=14677.613..14677.613 rows=13 loops=1)
        Buckets: 1024  Batches: 1  Memory Usage: 9kB
        ->  Nested Loop  (cost=0.43..798788.22 rows=125 width=8) (actual time=8106.520..14677.561 rows=13 loops=1)
              ->  Seq Scan on cast_info ci  (cost=0.00..796071.18 rows=324 width=4) (actual time=8106.355..14677.216 rows=13 loops=1)
                    Filter: ((role_id > 1) AND (person_id = 2941322))
                    Rows Removed by Filter: 36244331
              ->  Index Scan using title_pkey on title t  (cost=0.43..8.38 rows=1 width=4) (actual time=0.020..0.020 rows=1 loops=13)
                    Index Cond: (id = ci.movie_id)
                    Filter: (production_year < 1999)
Planning time: 1.266 ms
Execution time: 16046.031 ms
