Seq Scan on movie_keyword mk  (cost=0.00..81003.12 rows=246 width=0) (actual time=0.568..1336.889 rows=303 loops=1)
  Filter: (keyword_id = 8631)
  Rows Removed by Filter: 4523627
Planning time: 0.297 ms
Execution time: 1337.123 ms
