Seq Scan on cast_info ci  (cost=0.00..705507.15 rows=15586946 width=0) (actual time=0.017..12217.892 rows=15470353 loops=1)
  Filter: (person_id < 1525230)
  Rows Removed by Filter: 20773991
Planning time: 0.639 ms
Execution time: 14113.275 ms
