Hash Join  (cost=99591.38..206378.35 rows=1794584 width=0) (actual time=2104.581..5252.793 rows=1539335 loops=1)
  Hash Cond: (mc.movie_id = t.id)
  ->  Seq Scan on movie_companies mc  (cost=0.00..51404.11 rows=2327404 width=4) (actual time=0.020..1152.681 rows=2325645 loops=1)
        Filter: (company_id < 95433)
        Rows Removed by Filter: 283484
  ->  Hash  (cost=67604.59..67604.59 rows=1949663 width=4) (actual time=2103.102..2103.102 rows=1947263 loops=1)
        Buckets: 131072  Batches: 32  Memory Usage: 3171kB
        ->  Seq Scan on title t  (cost=0.00..67604.59 rows=1949663 width=4) (actual time=0.025..1475.966 rows=1947263 loops=1)
              Filter: (production_year > 1979)
              Rows Removed by Filter: 581049
Planning time: 0.664 ms
Execution time: 5440.396 ms
