Hash Join  (cost=76435.78..897745.83 rows=572727 width=0) (actual time=1320.381..18716.840 rows=648064 loops=1)
  Hash Cond: (ci.movie_id = t.id)
  ->  Seq Scan on cast_info ci  (cost=0.00..705507.15 rows=9468168 width=4) (actual time=0.010..13315.139 rows=9384703 loops=1)
        Filter: (role_id > 4)
        Rows Removed by Filter: 26859641
  ->  Hash  (cost=73925.90..73925.90 rows=152950 width=4) (actual time=1319.475..1319.475 rows=157522 loops=1)
        Buckets: 131072  Batches: 2  Memory Usage: 3795kB
        ->  Seq Scan on title t  (cost=0.00..73925.90 rows=152950 width=4) (actual time=0.029..1262.383 rows=157522 loops=1)
              Filter: ((kind_id > 3) AND (production_year > 2011))
              Rows Removed by Filter: 2370790
Planning time: 0.444 ms
Execution time: 18804.508 ms
