Hash Join  (cost=478047.37..559835.04 rows=488715 width=0) (actual time=8322.660..11836.209 rows=5036621 loops=1)
  Hash Cond: (mc.movie_id = t.id)
  ->  Seq Scan on movie_companies mc  (cost=0.00..44881.29 rows=2609129 width=4) (actual time=0.024..1061.871 rows=2609129 loops=1)
  ->  Hash  (cost=470276.16..470276.16 rows=473617 width=8) (actual time=8321.844..8321.844 rows=486554 loops=1)
        Buckets: 131072  Batches: 8  Memory Usage: 3382kB
        ->  Hash Join  (cost=102767.86..470276.16 rows=473617 width=8) (actual time=2205.991..8171.814 rows=486554 loops=1)
              Hash Cond: (mi.movie_id = t.id)
              ->  Seq Scan on movie_info mi  (cost=0.00..346232.03 rows=473617 width=4) (actual time=135.859..5281.663 rows=486554 loops=1)
                    Filter: (info_type_id = 5)
                    Rows Removed by Filter: 14349166
              ->  Hash  (cost=61283.27..61283.27 rows=2528527 width=4) (actual time=2069.313..2069.313 rows=2528312 loops=1)
                    Buckets: 131072  Batches: 64  Memory Usage: 2425kB
                    ->  Seq Scan on title t  (cost=0.00..61283.27 rows=2528527 width=4) (actual time=0.018..1159.426 rows=2528312 loops=1)
Planning time: 1.066 ms
Execution time: 12438.384 ms
