Hash Join  (cost=119805.11..244220.44 rows=198029 width=0) (actual time=2462.746..5272.610 rows=162031 loops=1)
  Hash Cond: (mk.movie_id = t.id)
  ->  Seq Scan on movie_keyword mk  (cost=0.00..69693.30 rows=4523930 width=4) (actual time=0.021..1293.821 rows=4523930 loops=1)
  ->  Hash  (cost=117988.58..117988.58 rows=110683 width=8) (actual time=2301.652..2301.652 rows=51879 loops=1)
        Buckets: 131072  Batches: 2  Memory Usage: 2043kB
        ->  Hash Join  (cost=84037.34..117988.58 rows=110683 width=8) (actual time=1776.216..2281.118 rows=51879 loops=1)
              Hash Cond: (mi_idx.movie_id = t.id)
              ->  Seq Scan on movie_info_idx mi_idx  (cost=0.00..25185.44 rows=454124 width=4) (actual time=0.025..512.017 rows=459925 loops=1)
                    Filter: (info_type_id = 100)
                    Rows Removed by Filter: 920110
              ->  Hash  (cost=73925.90..73925.90 rows=616275 width=4) (actual time=1423.224..1423.224 rows=676927 loops=1)
                    Buckets: 131072  Batches: 16  Memory Usage: 2516kB
                    ->  Seq Scan on title t  (cost=0.00..73925.90 rows=616275 width=4) (actual time=0.024..1208.512 rows=676927 loops=1)
                          Filter: ((production_year > 2005) AND (kind_id = 7))
                          Rows Removed by Filter: 1851385
Planning time: 1.166 ms
Execution time: 5293.186 ms
