Hash Join  (cost=83074.74..882431.97 rows=85 width=0) (actual time=4717.135..13009.548 rows=476 loops=1)
  Hash Cond: (ci.movie_id = t.id)
  ->  Seq Scan on cast_info ci  (cost=0.00..796071.18 rows=876053 width=4) (actual time=3511.006..11564.844 rows=1745533 loops=1)
        Filter: ((person_id < 236781) AND (role_id < 2))
        Rows Removed by Filter: 34498811
  ->  Hash  (cost=83071.67..83071.67 rows=246 width=8) (actual time=1200.428..1200.428 rows=146 loops=1)
        Buckets: 1024  Batches: 1  Memory Usage: 14kB
        ->  Nested Loop  (cost=0.43..83071.67 rows=246 width=8) (actual time=0.897..1200.221 rows=146 loops=1)
              ->  Seq Scan on movie_keyword mk  (cost=0.00..81003.12 rows=246 width=4) (actual time=0.774..1194.496 rows=146 loops=1)
                    Filter: (keyword_id = 26883)
                    Rows Removed by Filter: 4523784
              ->  Index Only Scan using title_pkey on title t  (cost=0.43..8.40 rows=1 width=4) (actual time=0.034..0.035 rows=1 loops=146)
                    Index Cond: (id = mk.movie_id)
                    Heap Fetches: 146
Planning time: 1.115 ms
Execution time: 13009.829 ms
