Seq Scan on movie_keyword mk  (cost=0.00..81003.12 rows=2681378 width=0) (actual time=0.024..1454.768 rows=2669259 loops=1)
  Filter: (keyword_id > 3085)
  Rows Removed by Filter: 1854671
Planning time: 0.325 ms
Execution time: 1787.742 ms
