Hash Join  (cost=82811.28..596300.88 rows=3156767 width=0) (actual time=1350.271..15395.685 rows=1925879 loops=1)
  Hash Cond: (mi.movie_id = t.id)
  ->  Seq Scan on movie_info mi  (cost=0.00..309384.22 rows=14739122 width=4) (actual time=0.016..6084.790 rows=14835720 loops=1)
  ->  Hash  (cost=73925.90..73925.90 rows=541550 width=4) (actual time=1348.541..1348.541 rows=404953 loops=1)
        Buckets: 131072  Batches: 8  Memory Usage: 2803kB
        ->  Seq Scan on title t  (cost=0.00..73925.90 rows=541550 width=4) (actual time=0.022..1210.410 rows=404953 loops=1)
              Filter: ((kind_id > 1) AND (production_year < 1992))
              Rows Removed by Filter: 2123359
Planning time: 0.745 ms
Execution time: 15631.316 ms
