Hash Join  (cost=968677.50..1064803.48 rows=1528846 width=0) (actual time=20639.077..28762.648 rows=14931013 loops=1)
  Hash Cond: (mc.movie_id = t.id)
  ->  Seq Scan on movie_companies mc  (cost=0.00..44881.29 rows=2609129 width=4) (actual time=0.012..967.960 rows=2609129 loops=1)
  ->  Hash  (cost=944369.30..944369.30 rows=1481616 width=8) (actual time=20637.783..20637.783 rows=4973366 loops=1)
        Buckets: 131072 (originally 131072)  Batches: 128 (originally 32)  Memory Usage: 4017kB
        ->  Hash Join  (cost=102767.86..944369.30 rows=1481616 width=8) (actual time=2023.120..19297.529 rows=4973366 loops=1)
              Hash Cond: (ci.movie_id = t.id)
              ->  Seq Scan on cast_info ci  (cost=0.00..796071.18 rows=1481616 width=4) (actual time=0.051..12896.740 rows=4973366 loops=1)
                    Filter: ((person_id > 3074338) AND (role_id > 4))
                    Rows Removed by Filter: 31270978
              ->  Hash  (cost=61283.27..61283.27 rows=2528527 width=4) (actual time=2020.914..2020.914 rows=2528312 loops=1)
                    Buckets: 131072  Batches: 64  Memory Usage: 2415kB
                    ->  Seq Scan on title t  (cost=0.00..61283.27 rows=2528527 width=4) (actual time=0.014..1177.308 rows=2528312 loops=1)
Planning time: 0.743 ms
Execution time: 30461.300 ms
