Hash Join  (cost=81928.94..884689.66 rows=68395 width=0) (actual time=4204.360..14203.327 rows=476151 loops=1)
  Hash Cond: (ci.movie_id = t.id)
  ->  Seq Scan on cast_info ci  (cost=0.00..796071.18 rows=354556 width=4) (actual time=3019.470..11684.930 rows=2397435 loops=1)
        Filter: ((person_id > 3499191) AND (role_id = 10))
        Rows Removed by Filter: 33846909
  ->  Hash  (cost=73925.90..73925.90 rows=487763 width=4) (actual time=1184.052..1184.052 rows=380204 loops=1)
        Buckets: 131072  Batches: 8  Memory Usage: 2694kB
        ->  Seq Scan on title t  (cost=0.00..73925.90 rows=487763 width=4) (actual time=0.029..1056.532 rows=380204 loops=1)
              Filter: ((kind_id < 4) AND (production_year > 1999))
              Rows Removed by Filter: 2148108
Planning time: 6.480 ms
Execution time: 14268.337 ms
