Seq Scan on movie_keyword mk  (cost=0.00..81003.12 rows=246 width=0) (actual time=17.341..1310.077 rows=41 loops=1)
  Filter: (keyword_id = 16167)
  Rows Removed by Filter: 4523889
Planning time: 0.328 ms
Execution time: 1310.197 ms
