Hash Join  (cost=102767.86..693898.06 rows=9767026 width=0) (actual time=1922.312..17951.315 rows=9911754 loops=1)
  Hash Cond: (mi.movie_id = t.id)
  ->  Seq Scan on movie_info mi  (cost=0.00..346232.03 rows=9767026 width=4) (actual time=0.022..7081.052 rows=9911754 loops=1)
        Filter: (info_type_id > 4)
        Rows Removed by Filter: 4923966
  ->  Hash  (cost=61283.27..61283.27 rows=2528527 width=4) (actual time=1919.914..1919.914 rows=2528312 loops=1)
        Buckets: 131072  Batches: 64  Memory Usage: 2425kB
        ->  Seq Scan on title t  (cost=0.00..61283.27 rows=2528527 width=4) (actual time=0.015..1073.995 rows=2528312 loops=1)
Planning time: 0.788 ms
Execution time: 19000.558 ms
