Hash Join  (cost=105067.44..215860.54 rows=2356217 width=0) (actual time=2215.896..5580.883 rows=2209267 loops=1)
  Hash Cond: (mc.movie_id = t.id)
  ->  Seq Scan on movie_companies mc  (cost=0.00..44881.29 rows=2609129 width=4) (actual time=0.024..948.980 rows=2609129 loops=1)
  ->  Hash  (cost=67604.59..67604.59 rows=2283428 width=4) (actual time=2214.820..2214.820 rows=2275262 loops=1)
        Buckets: 131072  Batches: 32  Memory Usage: 3527kB
        ->  Seq Scan on title t  (cost=0.00..67604.59 rows=2283428 width=4) (actual time=0.017..1218.553 rows=2275262 loops=1)
              Filter: (production_year > 1952)
              Rows Removed by Filter: 253050
Planning time: 0.980 ms
Execution time: 5838.429 ms
