Seq Scan on movie_keyword mk  (cost=0.00..81003.12 rows=4204687 width=0) (actual time=0.021..1564.326 rows=4208293 loops=1)
  Filter: (keyword_id < 51663)
  Rows Removed by Filter: 315637
Planning time: 0.235 ms
Execution time: 2087.328 ms
