Hash Join  (cost=102300.08..254177.52 rows=2231536 width=0) (actual time=2033.417..6104.998 rows=1140640 loops=1)
  Hash Cond: (mk.movie_id = t.id)
  ->  Seq Scan on movie_keyword mk  (cost=0.00..81003.12 rows=3262590 width=4) (actual time=0.025..1712.520 rows=3253347 loops=1)
        Filter: (keyword_id < 14005)
        Rows Removed by Filter: 1270583
  ->  Hash  (cost=73925.90..73925.90 rows=1729454 width=4) (actual time=2032.067..2032.067 rows=1799903 loops=1)
        Buckets: 131072  Batches: 32  Memory Usage: 3013kB
        ->  Seq Scan on title t  (cost=0.00..73925.90 rows=1729454 width=4) (actual time=0.013..1434.002 rows=1799903 loops=1)
              Filter: ((kind_id > 1) AND (production_year > 1928))
              Rows Removed by Filter: 728409
Planning time: 0.789 ms
Execution time: 6242.332 ms
