Hash Join  (cost=136869.09..1267349.61 rows=5060493 width=0) (actual time=3184.353..34971.460 rows=7076889 loops=1)
  Hash Cond: (ci.movie_id = t.id)
  ->  Seq Scan on cast_info ci  (cost=0.00..705507.15 rows=32243572 width=4) (actual time=0.025..16200.931 rows=32386629 loops=1)
        Filter: (person_id > 369687)
        Rows Removed by Filter: 3857715
  ->  Hash  (cost=130357.57..130357.57 rows=396842 width=8) (actual time=3181.939..3181.939 rows=188967 loops=1)
        Buckets: 131072  Batches: 8  Memory Usage: 1940kB
        ->  Hash Join  (cost=85855.67..130357.57 rows=396842 width=8) (actual time=1448.614..3125.380 rows=188967 loops=1)
              Hash Cond: (mi_idx.movie_id = t.id)
              ->  Seq Scan on movie_info_idx mi_idx  (cost=0.00..21735.35 rows=1380035 width=4) (actual time=0.029..400.004 rows=1380035 loops=1)
              ->  Hash  (cost=73925.90..73925.90 rows=727101 width=4) (actual time=1447.568..1447.568 rows=796159 loops=1)
                    Buckets: 131072  Batches: 16  Memory Usage: 2780kB
                    ->  Seq Scan on title t  (cost=0.00..73925.90 rows=727101 width=4) (actual time=1.770..1195.812 rows=796159 loops=1)
                          Filter: ((production_year > 2003) AND (kind_id = 7))
                          Rows Removed by Filter: 1732153
Planning time: 1.195 ms
Execution time: 35809.188 ms
