Hash Join  (cost=351289.94..1128647.00 rows=22706242 width=0) (actual time=8210.734..70688.186 rows=210750715 loops=1)
  Hash Cond: (mi.movie_id = t.id)
  ->  Seq Scan on movie_info mi  (cost=0.00..309384.22 rows=14739122 width=4) (actual time=0.020..6063.926 rows=14835720 loops=1)
  ->  Hash  (cost=287381.66..287381.66 rows=3895303 width=8) (actual time=8207.699..8207.699 rows=3895751 loops=1)
        Buckets: 131072  Batches: 64  Memory Usage: 3504kB
        ->  Hash Join  (cost=102767.86..287381.66 rows=3895303 width=8) (actual time=1984.420..7125.043 rows=3895751 loops=1)
              Hash Cond: (mk.movie_id = t.id)
              ->  Seq Scan on movie_keyword mk  (cost=0.00..81003.12 rows=3895303 width=4) (actual time=0.009..1788.253 rows=3895751 loops=1)
                    Filter: (keyword_id > 486)
                    Rows Removed by Filter: 628179
              ->  Hash  (cost=61283.27..61283.27 rows=2528527 width=4) (actual time=1982.579..1982.579 rows=2528312 loops=1)
                    Buckets: 131072  Batches: 64  Memory Usage: 2425kB
                    ->  Seq Scan on title t  (cost=0.00..61283.27 rows=2528527 width=4) (actual time=0.012..1119.960 rows=2528312 loops=1)
Planning time: 1.100 ms
Execution time: 94768.540 ms
