Hash Join  (cost=102767.86..193467.27 rows=951414 width=0) (actual time=1954.325..4224.500 rows=1117278 loops=1)
  Hash Cond: (mc.movie_id = t.id)
  ->  Seq Scan on movie_companies mc  (cost=0.00..57926.93 rows=951414 width=4) (actual time=129.434..1126.468 rows=1117278 loops=1)
        Filter: ((company_id > 1435) AND (company_type_id = 2))
        Rows Removed by Filter: 1491851
  ->  Hash  (cost=61283.27..61283.27 rows=2528527 width=4) (actual time=1823.533..1823.533 rows=2528312 loops=1)
        Buckets: 131072  Batches: 64  Memory Usage: 2415kB
        ->  Seq Scan on title t  (cost=0.00..61283.27 rows=2528527 width=4) (actual time=0.026..973.725 rows=2528312 loops=1)
Planning time: 0.742 ms
Execution time: 4358.156 ms
