Seq Scan on cast_info ci  (cost=0.00..796071.18 rows=2831655 width=0) (actual time=5574.464..12350.076 rows=5732977 loops=1)
  Filter: ((person_id < 774842) AND (role_id < 2))
  Rows Removed by Filter: 30511367
Planning time: 0.350 ms
Execution time: 13069.522 ms
