Hash Join  (cost=330746.93..834750.30 rows=7051884 width=0) (actual time=7505.996..37436.751 rows=90532160 loops=1)
  Hash Cond: (mi.movie_id = t.id)
  ->  Seq Scan on movie_info mi  (cost=0.00..346232.03 rows=5263441 width=4) (actual time=0.015..6440.994 rows=5270569 loops=1)
        Filter: (info_type_id > 15)
        Rows Removed by Filter: 9565151
  ->  Hash  (cost=275166.86..275166.86 rows=3387685 width=8) (actual time=7505.173..7505.173 rows=3377245 loops=1)
        Buckets: 131072  Batches: 64  Memory Usage: 3188kB
        ->  Hash Join  (cost=102767.86..275166.86 rows=3387685 width=8) (actual time=1973.765..6599.963 rows=3377245 loops=1)
              Hash Cond: (mk.movie_id = t.id)
              ->  Seq Scan on movie_keyword mk  (cost=0.00..81003.12 rows=3387685 width=4) (actual time=0.022..1858.225 rows=3377245 loops=1)
                    Filter: (keyword_id < 16264)
                    Rows Removed by Filter: 1146685
              ->  Hash  (cost=61283.27..61283.27 rows=2528527 width=4) (actual time=1971.010..1971.010 rows=2528312 loops=1)
                    Buckets: 131072  Batches: 64  Memory Usage: 2425kB
                    ->  Seq Scan on title t  (cost=0.00..61283.27 rows=2528527 width=4) (actual time=0.011..1109.492 rows=2528312 loops=1)
Planning time: 1.093 ms
Execution time: 47860.914 ms
