Seq Scan on movie_companies mc  (cost=0.00..57926.93 rows=1127499 width=0) (actual time=0.018..1074.104 rows=932940 loops=1)
  Filter: ((company_id < 82045) AND (company_type_id = 2))
  Rows Removed by Filter: 1676189
Planning time: 0.450 ms
Execution time: 1188.804 ms
