Seq Scan on title t  (cost=0.00..73925.90 rows=86112 width=0) (actual time=305.139..923.619 rows=213544 loops=1)
  Filter: ((production_year < 1967) AND (kind_id = 1))
  Rows Removed by Filter: 2314768
Planning time: 0.365 ms
Execution time: 949.936 ms
