Hash Join  (cost=76211.77..153243.37 rows=143708 width=0) (actual time=1306.611..3514.458 rows=501075 loops=1)
  Hash Cond: (mc.movie_id = t.id)
  ->  Seq Scan on movie_companies mc  (cost=0.00..44881.29 rows=2609129 width=4) (actual time=0.019..887.124 rows=2609129 loops=1)
  ->  Hash  (cost=73925.90..73925.90 rows=139269 width=4) (actual time=1305.849..1305.849 rows=239782 loops=1)
        Buckets: 131072 (originally 131072)  Batches: 4 (originally 2)  Memory Usage: 3133kB
        ->  Seq Scan on title t  (cost=0.00..73925.90 rows=139269 width=4) (actual time=0.018..1218.912 rows=239782 loops=1)
              Filter: ((kind_id < 7) AND (production_year < 1969))
              Rows Removed by Filter: 2288530
Planning time: 0.705 ms
Execution time: 3578.830 ms
