Seq Scan on movie_info mi  (cost=0.00..346232.03 rows=17937 width=0) (actual time=1432.551..4832.775 rows=140065 loops=1)
  Filter: (info_type_id = 9)
  Rows Removed by Filter: 14695655
Planning time: 0.367 ms
Execution time: 4850.759 ms
