Hash Join  (cost=92883.59..160317.33 rows=112375 width=0) (actual time=2232.089..3106.607 rows=23193 loops=1)
  Hash Cond: (mc.movie_id = t.id)
  ->  Seq Scan on movie_companies mc  (cost=0.00..57926.93 rows=184412 width=4) (actual time=441.847..892.468 rows=364393 loops=1)
        Filter: ((company_id > 86199) AND (company_type_id > 1))
        Rows Removed by Filter: 2244736
  ->  Hash  (cost=67604.59..67604.59 rows=1540800 width=4) (actual time=1789.143..1789.143 rows=1543264 loops=1)
        Buckets: 131072  Batches: 32  Memory Usage: 2722kB
        ->  Seq Scan on title t  (cost=0.00..67604.59 rows=1540800 width=4) (actual time=0.007..1287.422 rows=1543264 loops=1)
              Filter: (kind_id = 7)
              Rows Removed by Filter: 985048
Planning time: 0.761 ms
Execution time: 3109.336 ms
