Seq Scan on cast_info ci  (cost=0.00..796071.18 rows=94855 width=0) (actual time=770.097..11980.020 rows=229874 loops=1)
  Filter: ((person_id > 2731961) AND (role_id > 10))
  Rows Removed by Filter: 36014470
Planning time: 2.803 ms
Execution time: 12008.348 ms
