Hash Join  (cost=91879.05..155890.28 rows=49251 width=0) (actual time=1984.404..2798.490 rows=108019 loops=1)
  Hash Cond: (mc.movie_id = t.id)
  ->  Seq Scan on movie_companies mc  (cost=0.00..57926.93 rows=113807 width=4) (actual time=333.143..851.747 rows=176534 loops=1)
        Filter: ((company_id < 92) AND (company_type_id < 2))
        Rows Removed by Filter: 2432595
  ->  Hash  (cost=73925.90..73925.90 rows=1094252 width=4) (actual time=1649.917..1649.917 rows=1044222 loops=1)
        Buckets: 131072  Batches: 16  Memory Usage: 3319kB
        ->  Seq Scan on title t  (cost=0.00..73925.90 rows=1094252 width=4) (actual time=0.028..1325.065 rows=1044222 loops=1)
              Filter: ((production_year < 2009) AND (kind_id = 7))
              Rows Removed by Filter: 1484090
Planning time: 0.762 ms
Execution time: 2810.567 ms
