Seq Scan on movie_companies mc  (cost=0.00..57926.93 rows=53 width=0) (actual time=540.632..838.687 rows=5 loops=1)
  Filter: ((company_id = 30754) AND (company_type_id = 2))
  Rows Removed by Filter: 2609124
Planning time: 0.421 ms
Execution time: 838.771 ms
