Hash Join  (cost=215419.98..1178944.30 rows=5178942 width=0) (actual time=4854.255..28256.498 rows=3930122 loops=1)
  Hash Cond: (ci.movie_id = t.id)
  ->  Seq Scan on cast_info ci  (cost=0.00..796071.18 rows=9539392 width=4) (actual time=0.029..16693.453 rows=12670688 loops=1)
        Filter: ((person_id < 2790006) AND (role_id < 2))
        Rows Removed by Filter: 23573656
  ->  Hash  (cost=192897.74..192897.74 rows=1372739 width=8) (actual time=4852.803..4852.803 rows=484138 loops=1)
        Buckets: 131072  Batches: 32  Memory Usage: 1599kB
        ->  Hash Join  (cost=92883.59..192897.74 rows=1372739 width=8) (actual time=2265.188..4714.993 rows=484138 loops=1)
              Hash Cond: (mc.movie_id = t.id)
              ->  Seq Scan on movie_companies mc  (cost=0.00..51404.11 rows=2252730 width=4) (actual time=0.023..1094.755 rows=2258452 loops=1)
                    Filter: (company_id > 166)
                    Rows Removed by Filter: 350677
              ->  Hash  (cost=67604.59..67604.59 rows=1540800 width=4) (actual time=2106.429..2106.429 rows=1543264 loops=1)
                    Buckets: 131072  Batches: 32  Memory Usage: 2722kB
                    ->  Seq Scan on title t  (cost=0.00..67604.59 rows=1540800 width=4) (actual time=62.615..1329.752 rows=1543264 loops=1)
                          Filter: (kind_id = 7)
                          Rows Removed by Filter: 985048
Planning time: 1.233 ms
Execution time: 28713.787 ms
