Hash Join  (cost=565239.49..1863955.58 rows=6909774 width=0) (actual time=12482.030..46369.074 rows=16962649 loops=1)
  Hash Cond: (ci.movie_id = t.id)
  ->  Seq Scan on cast_info ci  (cost=0.00..705507.15 rows=29292917 width=4) (actual time=0.017..15611.662 rows=29377043 loops=1)
        Filter: (person_id > 663729)
        Rows Removed by Filter: 6867301
  ->  Hash  (cost=555453.96..555453.96 rows=596443 width=8) (actual time=12480.074..12480.074 rows=803708 loops=1)
        Buckets: 131072 (originally 131072)  Batches: 16 (originally 8)  Memory Usage: 3073kB
        ->  Hash Join  (cost=69283.60..555453.96 rows=596443 width=8) (actual time=1085.569..12214.516 rows=803708 loops=1)
              Hash Cond: (mi.movie_id = t.id)
              ->  Seq Scan on movie_info mi  (cost=0.00..309384.22 rows=14739122 width=4) (actual time=0.025..5710.065 rows=14835720 loops=1)
              ->  Hash  (cost=67604.59..67604.59 rows=102321 width=4) (actual time=1084.738..1084.738 rows=100537 loops=1)
                    Buckets: 131072  Batches: 2  Memory Usage: 2803kB
                    ->  Seq Scan on title t  (cost=0.00..67604.59 rows=102321 width=4) (actual time=14.685..1048.830 rows=100537 loops=1)
                          Filter: (kind_id = 3)
                          Rows Removed by Filter: 2427775
Planning time: 1.201 ms
Execution time: 48152.354 ms
