Hash Join  (cost=917373.40..995465.65 rows=220673 width=0) (actual time=16206.792..20582.223 rows=6766207 loops=1)
  Hash Cond: (mc.movie_id = t.id)
  ->  Seq Scan on movie_companies mc  (cost=0.00..44881.29 rows=2609129 width=4) (actual time=0.017..915.027 rows=2609129 loops=1)
  ->  Hash  (cost=913864.20..913864.20 rows=213856 width=8) (actual time=16205.620..16205.620 rows=1677247 loops=1)
        Buckets: 131072 (originally 131072)  Batches: 32 (originally 4)  Memory Usage: 3073kB
        ->  Hash Join  (cost=102767.86..913864.20 rows=213856 width=8) (actual time=10674.860..15672.119 rows=1677247 loops=1)
              Hash Cond: (ci.movie_id = t.id)
              ->  Seq Scan on cast_info ci  (cost=0.00..796071.18 rows=213856 width=4) (actual time=8267.707..11183.799 rows=1677247 loops=1)
                    Filter: ((person_id > 3729404) AND (role_id > 9))
                    Rows Removed by Filter: 34567097
              ->  Hash  (cost=61283.27..61283.27 rows=2528527 width=4) (actual time=2405.777..2405.777 rows=2528312 loops=1)
                    Buckets: 131072  Batches: 64  Memory Usage: 2415kB
                    ->  Seq Scan on title t  (cost=0.00..61283.27 rows=2528527 width=4) (actual time=0.015..1036.051 rows=2528312 loops=1)
Planning time: 1.179 ms
Execution time: 21345.241 ms
