Seq Scan on cast_info ci  (cost=0.00..705507.15 rows=749989 width=0) (actual time=1166.623..11115.574 rows=637750 loops=1)
  Filter: (person_id < 68277)
  Rows Removed by Filter: 35606594
Planning time: 0.358 ms
Execution time: 11195.692 ms
