Seq Scan on cast_info ci  (cost=0.00..796071.18 rows=324 width=0) (actual time=1541.127..14455.665 rows=126 loops=1)
  Filter: ((role_id > 1) AND (person_id = 3028738))
  Rows Removed by Filter: 36244218
Planning time: 0.807 ms
Execution time: 14455.817 ms
