Hash Join  (cost=75306.44..185895.97 rows=81827 width=0) (actual time=1979.401..3870.487 rows=121310 loops=1)
  Hash Cond: (mk.movie_id = t.id)
  ->  Seq Scan on movie_keyword mk  (cost=0.00..81003.12 rows=2459503 width=4) (actual time=0.028..1603.799 rows=2455218 loops=1)
        Filter: (keyword_id < 5887)
        Rows Removed by Filter: 2068712
  ->  Hash  (cost=73925.90..73925.90 rows=84123 width=4) (actual time=1339.026..1339.026 rows=90655 loops=1)
        Buckets: 131072  Batches: 2  Memory Usage: 2628kB
        ->  Seq Scan on title t  (cost=0.00..73925.90 rows=84123 width=4) (actual time=0.037..1303.091 rows=90655 loops=1)
              Filter: ((production_year > 1928) AND (kind_id = 2))
              Rows Removed by Filter: 2437657
Planning time: 2.047 ms
Execution time: 3885.983 ms
