Hash Join  (cost=102767.86..1413039.96 rows=20958826 width=0) (actual time=1770.336..37086.444 rows=19605487 loops=1)
  Hash Cond: (ci.movie_id = t.id)
  ->  Seq Scan on cast_info ci  (cost=0.00..796071.18 rows=20958826 width=4) (actual time=0.022..17867.560 rows=19605487 loops=1)
        Filter: ((person_id < 3331619) AND (role_id > 1))
        Rows Removed by Filter: 16638857
  ->  Hash  (cost=61283.27..61283.27 rows=2528527 width=4) (actual time=1768.001..1768.001 rows=2528312 loops=1)
        Buckets: 131072  Batches: 64  Memory Usage: 2415kB
        ->  Seq Scan on title t  (cost=0.00..61283.27 rows=2528527 width=4) (actual time=0.019..949.842 rows=2528312 loops=1)
Planning time: 0.756 ms
Execution time: 39227.803 ms
