Hash Join  (cost=219877.91..1367730.47 rows=11102138 width=0) (actual time=4823.699..34445.871 rows=8081673 loops=1)
  Hash Cond: (ci.movie_id = t.id)
  ->  Seq Scan on cast_info ci  (cost=0.00..614943.12 rows=36225612 width=4) (actual time=0.014..13187.649 rows=36244344 loops=1)
  ->  Hash  (cost=207163.37..207163.37 rows=774923 width=8) (actual time=4822.303..4822.303 rows=196361 loops=1)
        Buckets: 131072  Batches: 16  Memory Usage: 1525kB
        ->  Hash Join  (cost=87146.10..207163.37 rows=774923 width=8) (actual time=1904.213..4759.530 rows=196361 loops=1)
              Hash Cond: (mk.movie_id = t.id)
              ->  Seq Scan on movie_keyword mk  (cost=0.00..81003.12 rows=2431710 width=4) (actual time=0.015..1688.322 rows=2423366 loops=1)
                    Filter: (keyword_id > 3779)
                    Rows Removed by Filter: 2100564
              ->  Hash  (cost=73925.90..73925.90 rows=805776 width=4) (actual time=1582.136..1582.136 rows=881945 loops=1)
                    Buckets: 131072  Batches: 16  Memory Usage: 2976kB
                    ->  Seq Scan on title t  (cost=0.00..73925.90 rows=805776 width=4) (actual time=0.021..1299.397 rows=881945 loops=1)
                          Filter: ((production_year > 2001) AND (kind_id = 7))
                          Rows Removed by Filter: 1646367
Planning time: 1.229 ms
Execution time: 35310.907 ms
