Hash Join  (cost=131853.02..496603.79 rows=9484 width=0) (actual time=2397.133..9323.828 rows=22021 loops=1)
  Hash Cond: (mi.movie_id = t.id)
  ->  Seq Scan on movie_info mi  (cost=0.00..309384.22 rows=14739122 width=4) (actual time=0.013..4181.829 rows=14835720 loops=1)
  ->  Hash  (cost=131832.69..131832.69 rows=1627 width=8) (actual time=2318.681..2318.681 rows=2905 loops=1)
        Buckets: 4096 (originally 2048)  Batches: 1 (originally 1)  Memory Usage: 146kB
        ->  Hash Join  (cost=73955.77..131832.69 rows=1627 width=8) (actual time=1106.340..2317.190 rows=2905 loops=1)
              Hash Cond: (mc.movie_id = t.id)
              ->  Seq Scan on movie_companies mc  (cost=0.00..51404.11 rows=1721743 width=4) (actual time=0.024..942.857 rows=1715393 loops=1)
                    Filter: (company_id < 21809)
                    Rows Removed by Filter: 893736
              ->  Hash  (cost=73925.90..73925.90 rows=2389 width=4) (actual time=1105.087..1105.087 rows=2310 loops=1)
                    Buckets: 4096  Batches: 1  Memory Usage: 114kB
                    ->  Seq Scan on title t  (cost=0.00..73925.90 rows=2389 width=4) (actual time=239.234..1103.681 rows=2310 loops=1)
                          Filter: ((production_year > 2012) AND (kind_id = 2))
                          Rows Removed by Filter: 2526002
Planning time: 1.100 ms
Execution time: 9327.636 ms
