Hash Join  (cost=74657.14..132550.97 rows=37712 width=0) (actual time=1178.105..2573.911 rows=16306 loops=1)
  Hash Cond: (mc.movie_id = t.id)
  ->  Seq Scan on movie_companies mc  (cost=0.00..51404.11 rows=1630025 width=4) (actual time=0.028..956.851 rows=1618295 loops=1)
        Filter: (company_id < 17043)
        Rows Removed by Filter: 990834
  ->  Hash  (cost=73925.90..73925.90 rows=58499 width=4) (actual time=1177.704..1177.704 rows=62752 loops=1)
        Buckets: 65536  Batches: 1  Memory Usage: 2719kB
        ->  Seq Scan on title t  (cost=0.00..73925.90 rows=58499 width=4) (actual time=207.711..1152.078 rows=62752 loops=1)
              Filter: ((kind_id = 7) AND (production_year = 2005))
              Rows Removed by Filter: 2465560
Planning time: 0.809 ms
Execution time: 2576.270 ms
