Hash Join  (cost=52284.99..434057.08 rows=390 width=0) (actual time=1004.659..8100.301 rows=285 loops=1)
  Hash Cond: (mi.movie_id = t.id)
  ->  Seq Scan on movie_info mi  (cost=0.00..346232.03 rows=9476311 width=4) (actual time=97.667..6002.670 rows=9565151 loops=1)
        Filter: (info_type_id < 16)
        Rows Removed by Filter: 5270569
  ->  Hash  (cost=52283.69..52283.69 rows=104 width=8) (actual time=784.176..784.176 rows=20 loops=1)
        Buckets: 1024  Batches: 1  Memory Usage: 9kB
        ->  Nested Loop  (cost=0.43..52283.69 rows=104 width=8) (actual time=13.494..784.143 rows=20 loops=1)
              ->  Seq Scan on movie_companies mc  (cost=0.00..51404.11 rows=104 width=4) (actual time=13.418..783.246 rows=20 loops=1)
                    Filter: (company_id = 39210)
                    Rows Removed by Filter: 2609109
              ->  Index Only Scan using title_pkey on title t  (cost=0.43..8.45 rows=1 width=4) (actual time=0.038..0.039 rows=1 loops=20)
                    Index Cond: (id = mc.movie_id)
                    Heap Fetches: 20
Planning time: 0.901 ms
Execution time: 8100.576 ms
