Hash Join  (cost=796579.38..851245.52 rows=62 width=0) (actual time=10393.453..11587.642 rows=192 loops=1)
  Hash Cond: (mc.movie_id = t.id)
  ->  Seq Scan on movie_companies mc  (cost=0.00..44881.29 rows=2609129 width=4) (actual time=0.020..750.758 rows=2609129 loops=1)
  ->  Hash  (cost=796578.63..796578.63 rows=60 width=8) (actual time=10378.108..10378.108 rows=133 loops=1)
        Buckets: 1024  Batches: 1  Memory Usage: 14kB
        ->  Nested Loop  (cost=0.43..796578.63 rows=60 width=8) (actual time=3767.424..10378.016 rows=133 loops=1)
              ->  Seq Scan on cast_info ci  (cost=0.00..796071.18 rows=60 width=4) (actual time=3767.297..10375.136 rows=133 loops=1)
                    Filter: ((person_id = 3570972) AND (role_id = 10))
                    Rows Removed by Filter: 36244211
              ->  Index Only Scan using title_pkey on title t  (cost=0.43..8.45 rows=1 width=4) (actual time=0.020..0.021 rows=1 loops=133)
                    Index Cond: (id = ci.movie_id)
                    Heap Fetches: 133
Planning time: 1.079 ms
Execution time: 11587.776 ms
