Hash Join  (cost=125192.68..577176.60 rows=660884 width=0) (actual time=3019.416..14770.479 rows=1948114 loops=1)
  Hash Cond: (mi.movie_id = t.id)
  ->  Seq Scan on movie_info mi  (cost=0.00..346232.03 rows=8508011 width=4) (actual time=0.024..6694.663 rows=8612226 loops=1)
        Filter: (info_type_id < 9)
        Rows Removed by Filter: 6223494
  ->  Hash  (cost=121969.54..121969.54 rows=196411 width=8) (actual time=3018.597..3018.597 rows=238551 loops=1)
        Buckets: 131072  Batches: 4  Memory Usage: 3367kB
        ->  Hash Join  (cost=85280.32..121969.54 rows=196411 width=8) (actual time=1626.534..2937.837 rows=238551 loops=1)
              Hash Cond: (mi_idx.movie_id = t.id)
              ->  Seq Scan on movie_info_idx mi_idx  (cost=0.00..25185.44 rows=460978 width=4) (actual time=0.027..488.723 rows=459925 loops=1)
                    Filter: (info_type_id = 99)
                    Rows Removed by Filter: 920110
              ->  Hash  (cost=67604.59..67604.59 rows=1077339 width=4) (actual time=1625.746..1625.746 rows=1074765 loops=1)
                    Buckets: 131072  Batches: 16  Memory Usage: 3388kB
                    ->  Seq Scan on title t  (cost=0.00..67604.59 rows=1077339 width=4) (actual time=0.023..1296.021 rows=1074765 loops=1)
                          Filter: (production_year < 2001)
                          Rows Removed by Filter: 1453547
Planning time: 2.817 ms
Execution time: 15005.039 ms
