Nested Loop  (cost=0.43..797488.46 rows=72 width=0) (actual time=6449.999..13510.788 rows=1 loops=1)
  ->  Seq Scan on cast_info ci  (cost=0.00..796071.18 rows=168 width=4) (actual time=2899.892..13505.530 rows=174 loops=1)
        Filter: ((role_id > 3) AND (person_id = 3186479))
        Rows Removed by Filter: 36244170
  ->  Index Scan using title_pkey on title t  (cost=0.43..8.43 rows=1 width=4) (actual time=0.029..0.029 rows=0 loops=174)
        Index Cond: (id = ci.movie_id)
        Filter: (production_year < 2001)
        Rows Removed by Filter: 1
Planning time: 0.860 ms
Execution time: 13510.892 ms
