Hash Join  (cost=1087440.23..2091664.73 rows=38788216 width=0) (actual time=23025.571..59270.137 rows=86620003 loops=1)
  Hash Cond: (mi.movie_id = t.id)
  ->  Seq Scan on movie_info mi  (cost=0.00..309384.22 rows=14739122 width=4) (actual time=0.027..6759.073 rows=14835720 loops=1)
  ->  Hash  (cost=978269.74..978269.74 rows=6654199 width=8) (actual time=23023.521..23023.521 rows=6585634 loops=1)
        Buckets: 131072  Batches: 128  Memory Usage: 3086kB
        ->  Hash Join  (cost=102767.86..978269.74 rows=6654199 width=8) (actual time=3937.496..20967.844 rows=6585634 loops=1)
              Hash Cond: (ci.movie_id = t.id)
              ->  Seq Scan on cast_info ci  (cost=0.00..705507.15 rows=6654199 width=4) (actual time=1933.994..12469.753 rows=6585634 loops=1)
                    Filter: (person_id < 636086)
                    Rows Removed by Filter: 29658710
              ->  Hash  (cost=61283.27..61283.27 rows=2528527 width=4) (actual time=1954.345..1954.345 rows=2528312 loops=1)
                    Buckets: 131072  Batches: 64  Memory Usage: 2415kB
                    ->  Seq Scan on title t  (cost=0.00..61283.27 rows=2528527 width=4) (actual time=0.023..1128.881 rows=2528312 loops=1)
Planning time: 3.776 ms
Execution time: 68235.814 ms
