Seq Scan on movie_keyword mk  (cost=0.00..81003.12 rows=1062149 width=0) (actual time=0.017..1533.741 rows=1071446 loops=1)
  Filter: (keyword_id > 16477)
  Rows Removed by Filter: 3452484
Planning time: 0.327 ms
Execution time: 1671.537 ms
