Hash Join  (cost=171128.65..537553.95 rows=176936 width=0) (actual time=2974.149..14626.438 rows=4313716 loops=1)
  Hash Cond: (mi.movie_id = t.id)
  ->  Seq Scan on movie_info mi  (cost=0.00..309384.22 rows=14739122 width=4) (actual time=0.015..4813.688 rows=14835720 loops=1)
  ->  Hash  (cost=170749.22..170749.22 rows=30354 width=8) (actual time=2973.805..2973.805 rows=91877 loops=1)
        Buckets: 131072 (originally 32768)  Batches: 2 (originally 1)  Memory Usage: 3073kB
        ->  Hash Join  (cost=85435.26..170749.22 rows=30354 width=8) (actual time=1579.763..2940.254 rows=91877 loops=1)
              Hash Cond: (mk.movie_id = t.id)
              ->  Seq Scan on movie_keyword mk  (cost=0.00..81003.12 rows=109414 width=4) (actual time=0.027..1134.753 rows=121921 loops=1)
                    Filter: (keyword_id < 117)
                    Rows Removed by Filter: 4402009
              ->  Hash  (cost=73925.90..73925.90 rows=701468 width=4) (actual time=1578.325..1578.325 rows=749931 loops=1)
                    Buckets: 131072  Batches: 16  Memory Usage: 2682kB
                    ->  Seq Scan on title t  (cost=0.00..73925.90 rows=701468 width=4) (actual time=0.022..1327.182 rows=749931 loops=1)
                          Filter: ((kind_id < 7) AND (production_year < 2009))
                          Rows Removed by Filter: 1778381
Planning time: 1.205 ms
Execution time: 15138.825 ms
