Hash Join  (cost=186365.58..227712.63 rows=212957 width=0) (actual time=3494.142..4552.814 rows=107248 loops=1)
  Hash Cond: (mi_idx.movie_id = t.id)
  ->  Seq Scan on movie_info_idx mi_idx  (cost=0.00..21735.35 rows=1380035 width=4) (actual time=0.020..448.490 rows=1380035 loops=1)
  ->  Hash  (cost=179963.28..179963.28 rows=390184 width=8) (actual time=3337.069..3337.069 rows=72723 loops=1)
        Buckets: 131072  Batches: 8  Memory Usage: 1391kB
        ->  Hash Join  (cost=102767.86..179963.28 rows=390184 width=8) (actual time=1930.569..3314.974 rows=72723 loops=1)
              Hash Cond: (mc.movie_id = t.id)
              ->  Seq Scan on movie_companies mc  (cost=0.00..57926.93 rows=390184 width=4) (actual time=0.012..915.836 rows=72723 loops=1)
                    Filter: ((company_id > 30168) AND (company_type_id < 2))
                    Rows Removed by Filter: 2536406
              ->  Hash  (cost=61283.27..61283.27 rows=2528527 width=4) (actual time=1929.604..1929.604 rows=2528312 loops=1)
                    Buckets: 131072  Batches: 64  Memory Usage: 2415kB
                    ->  Seq Scan on title t  (cost=0.00..61283.27 rows=2528527 width=4) (actual time=0.008..1093.589 rows=2528312 loops=1)
Planning time: 0.760 ms
Execution time: 4565.307 ms
