Hash Join  (cost=271758.70..1264962.85 rows=7078227 width=0) (actual time=13933.549..28421.293 rows=15375741 loops=1)
  Hash Cond: (ci.movie_id = t.id)
  ->  Seq Scan on cast_info ci  (cost=0.00..796071.18 rows=9272940 width=4) (actual time=8068.525..15475.046 rows=5746685 loops=1)
        Filter: ((person_id > 946994) AND (role_id = 1))
        Rows Removed by Filter: 30497659
  ->  Hash  (cost=240092.73..240092.73 rows=1930077 width=8) (actual time=5863.722..5863.722 rows=1940566 loops=1)
        Buckets: 131072  Batches: 32  Memory Usage: 3381kB
        ->  Hash Join  (cost=102767.86..240092.73 rows=1930077 width=8) (actual time=1972.881..5332.743 rows=1940566 loops=1)
              Hash Cond: (mk.movie_id = t.id)
              ->  Seq Scan on movie_keyword mk  (cost=0.00..81003.12 rows=1930077 width=4) (actual time=0.028..1539.227 rows=1940566 loops=1)
                    Filter: (keyword_id > 6778)
                    Rows Removed by Filter: 2583364
              ->  Hash  (cost=61283.27..61283.27 rows=2528527 width=4) (actual time=1970.750..1970.750 rows=2528312 loops=1)
                    Buckets: 131072  Batches: 64  Memory Usage: 2425kB
                    ->  Seq Scan on title t  (cost=0.00..61283.27 rows=2528527 width=4) (actual time=0.016..1099.810 rows=2528312 loops=1)
Planning time: 1.168 ms
Execution time: 29902.455 ms
