Hash Join  (cost=83074.74..464852.16 rows=922 width=0) (actual time=1655.524..7748.229 rows=28831 loops=1)
  Hash Cond: (mi.movie_id = t.id)
  ->  Seq Scan on movie_info mi  (cost=0.00..346232.03 rows=9476311 width=4) (actual time=346.644..5143.485 rows=9565151 loops=1)
        Filter: (info_type_id < 16)
        Rows Removed by Filter: 5270569
  ->  Hash  (cost=83071.67..83071.67 rows=246 width=8) (actual time=1306.241..1306.241 rows=1632 loops=1)
        Buckets: 2048 (originally 1024)  Batches: 1 (originally 1)  Memory Usage: 80kB
        ->  Nested Loop  (cost=0.43..83071.67 rows=246 width=8) (actual time=0.386..1305.067 rows=1632 loops=1)
              ->  Seq Scan on movie_keyword mk  (cost=0.00..81003.12 rows=246 width=4) (actual time=0.309..1249.919 rows=1632 loops=1)
                    Filter: (keyword_id = 5831)
                    Rows Removed by Filter: 4522298
              ->  Index Only Scan using title_pkey on title t  (cost=0.43..8.40 rows=1 width=4) (actual time=0.032..0.033 rows=1 loops=1632)
                    Index Cond: (id = mk.movie_id)
                    Heap Fetches: 1632
Planning time: 1.204 ms
Execution time: 7752.965 ms
