Seq Scan on movie_companies mc  (cost=0.00..51404.11 rows=1135316 width=0) (actual time=0.027..837.708 rows=1130381 loops=1)
  Filter: (company_id < 8278)
  Rows Removed by Filter: 1478748
Planning time: 0.352 ms
Execution time: 978.590 ms
