Hash Join  (cost=156649.15..229098.17 rows=263797 width=0) (actual time=3521.262..5551.600 rows=793822 loops=1)
  Hash Cond: (mc.movie_id = t.id)
  ->  Seq Scan on movie_companies mc  (cost=0.00..51404.11 rows=1434651 width=4) (actual time=0.013..1066.107 rows=1425299 loops=1)
        Filter: (company_id < 12579)
        Rows Removed by Filter: 1183830
  ->  Hash  (cost=149020.47..149020.47 rows=464934 width=8) (actual time=3520.170..3520.170 rows=460185 loops=1)
        Buckets: 131072  Batches: 8  Memory Usage: 3276kB
        ->  Hash Join  (cost=102767.86..149020.47 rows=464934 width=8) (actual time=1997.239..3375.209 rows=460185 loops=1)
              Hash Cond: (mi_idx.movie_id = t.id)
              ->  Seq Scan on movie_info_idx mi_idx  (cost=0.00..25185.44 rows=464934 width=4) (actual time=0.022..541.626 rows=460185 loops=1)
                    Filter: (info_type_id > 100)
                    Rows Removed by Filter: 919850
              ->  Hash  (cost=61283.27..61283.27 rows=2528527 width=4) (actual time=1995.563..1995.563 rows=2528312 loops=1)
                    Buckets: 131072  Batches: 64  Memory Usage: 2415kB
                    ->  Seq Scan on title t  (cost=0.00..61283.27 rows=2528527 width=4) (actual time=0.022..1111.031 rows=2528312 loops=1)
Planning time: 1.143 ms
Execution time: 5656.854 ms
