Hash Join  (cost=160526.42..1116042.82 rows=5511461 width=0) (actual time=3462.413..27494.463 rows=6682017 loops=1)
  Hash Cond: (ci.movie_id = t.id)
  ->  Seq Scan on cast_info ci  (cost=0.00..705507.15 rows=16571642 width=4) (actual time=0.110..14344.063 rows=16423040 loops=1)
        Filter: (person_id < 1626419)
        Rows Removed by Filter: 19821304
  ->  Hash  (cost=146729.58..146729.58 rows=840947 width=8) (actual time=3461.004..3461.004 rows=425718 loops=1)
        Buckets: 131072  Batches: 16  Memory Usage: 2062kB
        ->  Hash Join  (cost=92883.59..146729.58 rows=840947 width=8) (actual time=2099.651..3325.997 rows=425718 loops=1)
              Hash Cond: (mi_idx.movie_id = t.id)
              ->  Seq Scan on movie_info_idx mi_idx  (cost=0.00..21735.35 rows=1380035 width=4) (actual time=0.014..505.758 rows=1380035 loops=1)
              ->  Hash  (cost=67604.59..67604.59 rows=1540800 width=4) (actual time=1773.920..1773.920 rows=1543264 loops=1)
                    Buckets: 131072  Batches: 32  Memory Usage: 2722kB
                    ->  Seq Scan on title t  (cost=0.00..67604.59 rows=1540800 width=4) (actual time=0.008..1271.358 rows=1543264 loops=1)
                          Filter: (kind_id = 7)
                          Rows Removed by Filter: 985048
Planning time: 1.080 ms
Execution time: 28264.603 ms
