Hash Join  (cost=183223.28..225352.42 rows=258566 width=0) (actual time=3761.716..5072.213 rows=682275 loops=1)
  Hash Cond: (mi_idx.movie_id = t.id)
  ->  Seq Scan on movie_info_idx mi_idx  (cost=0.00..21735.35 rows=1380035 width=4) (actual time=0.021..468.000 rows=1380035 loops=1)
  ->  Hash  (cost=175450.41..175450.41 rows=473750 width=8) (actual time=3760.730..3760.730 rows=470019 loops=1)
        Buckets: 131072  Batches: 8  Memory Usage: 3329kB
        ->  Hash Join  (cost=102767.86..175450.41 rows=473750 width=8) (actual time=1959.215..3614.080 rows=470019 loops=1)
              Hash Cond: (mc.movie_id = t.id)
              ->  Seq Scan on movie_companies mc  (cost=0.00..51404.11 rows=473750 width=4) (actual time=0.031..815.946 rows=470019 loops=1)
                    Filter: (company_id < 406)
                    Rows Removed by Filter: 2139110
              ->  Hash  (cost=61283.27..61283.27 rows=2528527 width=4) (actual time=1957.753..1957.753 rows=2528312 loops=1)
                    Buckets: 131072  Batches: 64  Memory Usage: 2415kB
                    ->  Seq Scan on title t  (cost=0.00..61283.27 rows=2528527 width=4) (actual time=0.022..1111.893 rows=2528312 loops=1)
Planning time: 1.353 ms
Execution time: 5154.072 ms
