Seq Scan on movie_keyword mk  (cost=0.00..81003.12 rows=2050249 width=0) (actual time=0.012..1501.634 rows=2053119 loops=1)
  Filter: (keyword_id > 5952)
  Rows Removed by Filter: 2470811
Planning time: 0.272 ms
Execution time: 1758.051 ms
