Hash Join  (cost=167169.03..533983.19 rows=215821 width=0) (actual time=3193.803..16111.607 rows=6296435 loops=1)
  Hash Cond: (mi.movie_id = t.id)
  ->  Seq Scan on movie_info mi  (cost=0.00..309384.22 rows=14739122 width=4) (actual time=0.025..5009.089 rows=14835720 loops=1)
  ->  Hash  (cost=166706.21..166706.21 rows=37025 width=8) (actual time=3193.373..3193.373 rows=113354 loops=1)
        Buckets: 131072 (originally 65536)  Batches: 2 (originally 1)  Memory Usage: 3255kB
        ->  Hash Join  (cost=81152.82..166706.21 rows=37025 width=8) (actual time=1383.039..3160.515 rows=113354 loops=1)
              Hash Cond: (mk.movie_id = t.id)
              ->  Seq Scan on movie_keyword mk  (cost=0.00..81003.12 rows=212539 width=4) (actual time=0.018..1347.275 rows=226927 loops=1)
                    Filter: (keyword_id < 186)
                    Rows Removed by Filter: 4297003
              ->  Hash  (cost=73925.90..73925.90 rows=440473 width=4) (actual time=1382.034..1382.034 rows=473918 loops=1)
                    Buckets: 131072  Batches: 8  Memory Usage: 3125kB
                    ->  Seq Scan on title t  (cost=0.00..73925.90 rows=440473 width=4) (actual time=72.618..1221.693 rows=473918 loops=1)
                          Filter: ((kind_id < 2) AND (production_year < 2008))
                          Rows Removed by Filter: 2054394
Planning time: 1.167 ms
Execution time: 16887.790 ms
