Hash Join  (cost=161637.73..302351.85 rows=1535808 width=0) (actual time=3806.730..8972.491 rows=5156247 loops=1)
  Hash Cond: (mk.movie_id = t.id)
  ->  Seq Scan on movie_keyword mk  (cost=0.00..69693.30 rows=4523930 width=4) (actual time=0.011..1556.631 rows=4523930 loops=1)
  ->  Hash  (cost=147553.76..147553.76 rows=858398 width=8) (actual time=3804.220..3804.220 rows=785768 loops=1)
        Buckets: 131072  Batches: 16  Memory Usage: 2955kB
        ->  Hash Join  (cost=93408.25..147553.76 rows=858398 width=8) (actual time=1981.364..3563.468 rows=785768 loops=1)
              Hash Cond: (mi_idx.movie_id = t.id)
              ->  Seq Scan on movie_info_idx mi_idx  (cost=0.00..21735.35 rows=1380035 width=4) (actual time=0.019..410.614 rows=1380035 loops=1)
              ->  Hash  (cost=67604.59..67604.59 rows=1572773 width=4) (actual time=1980.357..1980.357 rows=1570568 loops=1)
                    Buckets: 131072  Batches: 32  Memory Usage: 2751kB
                    ->  Seq Scan on title t  (cost=0.00..67604.59 rows=1572773 width=4) (actual time=0.012..1451.056 rows=1570568 loops=1)
                          Filter: (production_year > 1996)
                          Rows Removed by Filter: 957744
Planning time: 1.161 ms
Execution time: 9585.322 ms
