Seq Scan on title t  (cost=0.00..67604.59 rows=1770475 width=0) (actual time=0.018..1004.417 rows=1774635 loops=1)
  Filter: (kind_id > 2)
  Rows Removed by Filter: 753677
Planning time: 0.289 ms
Execution time: 1200.521 ms
