Seq Scan on cast_info ci  (cost=0.00..705507.15 rows=500 width=0) (actual time=8850.793..11538.357 rows=2 loops=1)
  Filter: (person_id = 119171)
  Rows Removed by Filter: 36244342
Planning time: 0.370 ms
Execution time: 11538.462 ms
