Seq Scan on movie_keyword mk  (cost=0.00..81003.12 rows=1277891 width=0) (actual time=0.013..1101.138 rows=1286852 loops=1)
  Filter: (keyword_id > 13740)
  Rows Removed by Filter: 3237078
Planning time: 0.328 ms
Execution time: 1237.906 ms
