Hash Join  (cost=100836.57..153074.56 rows=736226 width=0) (actual time=2018.972..3662.107 rows=742940 loops=1)
  Hash Cond: (mi_idx.movie_id = t.id)
  ->  Seq Scan on movie_info_idx mi_idx  (cost=0.00..25185.44 rows=919057 width=4) (actual time=0.029..612.773 rows=920110 loops=1)
        Filter: (info_type_id > 99)
        Rows Removed by Filter: 459925
  ->  Hash  (cost=67604.59..67604.59 rows=2025519 width=4) (actual time=2017.347..2017.347 rows=2018703 loops=1)
        Buckets: 131072  Batches: 32  Memory Usage: 3247kB
        ->  Seq Scan on title t  (cost=0.00..67604.59 rows=2025519 width=4) (actual time=0.012..1380.144 rows=2018703 loops=1)
              Filter: (production_year > 1974)
              Rows Removed by Filter: 509609
Planning time: 0.765 ms
Execution time: 3747.666 ms
