Hash Join  (cost=83074.74..109986.57 rows=134 width=0) (actual time=1319.132..1922.841 rows=3036 loops=1)
  Hash Cond: (mi_idx.movie_id = t.id)
  ->  Seq Scan on movie_info_idx mi_idx  (cost=0.00..21735.35 rows=1380035 width=4) (actual time=0.009..340.763 rows=1380035 loops=1)
  ->  Hash  (cost=83071.67..83071.67 rows=246 width=8) (actual time=1318.370..1318.370 rows=1240 loops=1)
        Buckets: 2048 (originally 1024)  Batches: 1 (originally 1)  Memory Usage: 65kB
        ->  Nested Loop  (cost=0.43..83071.67 rows=246 width=8) (actual time=3.180..1317.429 rows=1240 loops=1)
              ->  Seq Scan on movie_keyword mk  (cost=0.00..81003.12 rows=246 width=4) (actual time=3.103..1266.743 rows=1240 loops=1)
                    Filter: (keyword_id = 1120)
                    Rows Removed by Filter: 4522690
              ->  Index Only Scan using title_pkey on title t  (cost=0.43..8.40 rows=1 width=4) (actual time=0.039..0.039 rows=1 loops=1240)
                    Index Cond: (id = mk.movie_id)
                    Heap Fetches: 1240
Planning time: 1.523 ms
Execution time: 1923.475 ms
