Seq Scan on cast_info ci  (cost=0.00..796071.18 rows=11687725 width=0) (actual time=6333.114..16107.194 rows=12670688 loops=1)
  Filter: ((person_id < 3501774) AND (role_id = 1))
  Rows Removed by Filter: 23573656
Planning time: 0.407 ms
Execution time: 17639.244 ms
