Hash Join  (cost=74434.21..165927.36 rows=43137 width=0) (actual time=1128.873..3018.805 rows=5589 loops=1)
  Hash Cond: (mk.movie_id = t.id)
  ->  Seq Scan on movie_keyword mk  (cost=0.00..81003.12 rows=2682310 width=4) (actual time=0.006..1457.260 rows=2670775 loops=1)
        Filter: (keyword_id > 3081)
        Rows Removed by Filter: 1853155
  ->  Hash  (cost=73925.90..73925.90 rows=40664 width=4) (actual time=1128.550..1128.550 rows=40257 loops=1)
        Buckets: 65536  Batches: 1  Memory Usage: 1928kB
        ->  Seq Scan on title t  (cost=0.00..73925.90 rows=40664 width=4) (actual time=210.889..1111.371 rows=40257 loops=1)
              Filter: ((production_year > 2012) AND (kind_id = 7))
              Rows Removed by Filter: 2488055
Planning time: 0.513 ms
Execution time: 3019.703 ms
