Seq Scan on movie_companies mc  (cost=0.00..51404.11 rows=565991 width=0) (actual time=314.986..852.977 rows=570403 loops=1)
  Filter: (company_id > 71354)
  Rows Removed by Filter: 2038726
Planning time: 0.367 ms
Execution time: 923.970 ms
