Hash Join  (cost=77312.52..120546.29 rows=322928 width=0) (actual time=1373.670..2591.420 rows=375670 loops=1)
  Hash Cond: (mi_idx.movie_id = t.id)
  ->  Seq Scan on movie_info_idx mi_idx  (cost=0.00..21735.35 rows=1380035 width=4) (actual time=0.024..405.347 rows=1380035 loops=1)
  ->  Hash  (cost=67604.59..67604.59 rows=591675 width=4) (actual time=1372.540..1372.540 rows=585020 loops=1)
        Buckets: 131072  Batches: 8  Memory Usage: 3586kB
        ->  Seq Scan on title t  (cost=0.00..67604.59 rows=591675 width=4) (actual time=0.016..1183.132 rows=585020 loops=1)
              Filter: (production_year < 1985)
              Rows Removed by Filter: 1943292
Planning time: 1.749 ms
Execution time: 2639.739 ms
