Hash Join  (cost=99467.55..479364.45 rows=977348 width=0) (actual time=2685.603..8331.872 rows=958019 loops=1)
  Hash Cond: (mi.movie_id = t.id)
  ->  Seq Scan on movie_info mi  (cost=0.00..346232.03 rows=1272478 width=4) (actual time=777.074..5170.597 rows=1325361 loops=1)
        Filter: (info_type_id = 8)
        Rows Removed by Filter: 13510359
  ->  Hash  (cost=67604.59..67604.59 rows=1942077 width=4) (actual time=1907.587..1907.587 rows=1932484 loops=1)
        Buckets: 131072  Batches: 32  Memory Usage: 3163kB
        ->  Seq Scan on title t  (cost=0.00..67604.59 rows=1942077 width=4) (actual time=0.024..1278.706 rows=1932484 loops=1)
              Filter: (production_year > 1980)
              Rows Removed by Filter: 595828
Planning time: 0.583 ms
Execution time: 8442.435 ms
