Hash Join  (cost=161055.86..633378.99 rows=1496094 width=0) (actual time=4252.852..17693.015 rows=8183648 loops=1)
  Hash Cond: (mi.movie_id = t.id)
  ->  Seq Scan on movie_info mi  (cost=0.00..346232.03 rows=9476311 width=4) (actual time=0.026..6722.345 rows=9565151 loops=1)
        Filter: (info_type_id < 16)
        Rows Removed by Filter: 5270569
  ->  Hash  (cost=154505.89..154505.89 rows=399197 width=8) (actual time=4251.645..4251.645 rows=676184 loops=1)
        Buckets: 131072 (originally 131072)  Batches: 16 (originally 8)  Memory Usage: 3073kB
        ->  Hash Join  (cost=73952.40..154505.89 rows=399197 width=8) (actual time=1223.123..4033.508 rows=676184 loops=1)
              Hash Cond: (mc.movie_id = t.id)
              ->  Seq Scan on movie_companies mc  (cost=0.00..44881.29 rows=2609129 width=4) (actual time=0.029..891.834 rows=2609129 loops=1)
              ->  Hash  (cost=67604.59..67604.59 rows=386865 width=4) (actual time=1222.004..1222.004 rows=381430 loops=1)
                    Buckets: 131072  Batches: 8  Memory Usage: 2693kB
                    ->  Seq Scan on title t  (cost=0.00..67604.59 rows=386865 width=4) (actual time=0.019..1096.864 rows=381430 loops=1)
                          Filter: (production_year < 1971)
                          Rows Removed by Filter: 2146882
Planning time: 1.269 ms
Execution time: 18568.539 ms
