Seq Scan on movie_keyword mk  (cost=0.00..81003.12 rows=246 width=0) (actual time=1.469..1209.407 rows=1924 loops=1)
  Filter: (keyword_id = 1389)
  Rows Removed by Filter: 4522006
Planning time: 0.470 ms
Execution time: 1210.059 ms
