Seq Scan on cast_info ci  (cost=0.00..796071.18 rows=3135281 width=0) (actual time=2088.814..11503.200 rows=4867414 loops=1)
  Filter: ((person_id > 3187589) AND (role_id > 1))
  Rows Removed by Filter: 31376930
Planning time: 0.196 ms
Execution time: 12112.443 ms
