Hash Join  (cost=83074.74..109986.57 rows=134 width=0) (actual time=1258.861..1805.815 rows=227 loops=1)
  Hash Cond: (mi_idx.movie_id = t.id)
  ->  Seq Scan on movie_info_idx mi_idx  (cost=0.00..21735.35 rows=1380035 width=4) (actual time=0.044..300.662 rows=1380035 loops=1)
  ->  Hash  (cost=83071.67..83071.67 rows=246 width=8) (actual time=1249.989..1249.989 rows=81 loops=1)
        Buckets: 1024  Batches: 1  Memory Usage: 12kB
        ->  Nested Loop  (cost=0.43..83071.67 rows=246 width=8) (actual time=2.603..1249.878 rows=81 loops=1)
              ->  Seq Scan on movie_keyword mk  (cost=0.00..81003.12 rows=246 width=4) (actual time=2.548..1246.498 rows=81 loops=1)
                    Filter: (keyword_id = 72643)
                    Rows Removed by Filter: 4523849
              ->  Index Only Scan using title_pkey on title t  (cost=0.43..8.40 rows=1 width=4) (actual time=0.036..0.037 rows=1 loops=81)
                    Index Cond: (id = mk.movie_id)
                    Heap Fetches: 81
Planning time: 1.182 ms
Execution time: 1805.995 ms
