Hash Join  (cost=94973.51..455879.65 rows=277215 width=0) (actual time=4192.622..8140.169 rows=18721 loops=1)
  Hash Cond: (mi.movie_id = t.id)
  ->  Seq Scan on movie_info mi  (cost=0.00..346232.03 rows=420192 width=4) (actual time=1942.197..5601.097 rows=465636 loops=1)
        Filter: (info_type_id > 103)
        Rows Removed by Filter: 14370084
  ->  Hash  (cost=67604.59..67604.59 rows=1668154 width=4) (actual time=2101.146..2101.146 rows=1674098 loops=1)
        Buckets: 131072  Batches: 32  Memory Usage: 2875kB
        ->  Seq Scan on title t  (cost=0.00..67604.59 rows=1668154 width=4) (actual time=0.036..1338.532 rows=1674098 loops=1)
              Filter: (kind_id > 3)
              Rows Removed by Filter: 854214
Planning time: 0.816 ms
Execution time: 8142.213 ms
