Seq Scan on cast_info ci  (cost=0.00..705507.15 rows=500 width=0) (actual time=250.671..10938.518 rows=270 loops=1)
  Filter: (person_id = 640925)
  Rows Removed by Filter: 36244074
Planning time: 0.384 ms
Execution time: 10938.647 ms
