Hash Join  (cost=92125.69..761584.94 rows=3385006 width=169) (actual time=1785.116..17446.775 rows=2571838 loops=1)
  Hash Cond: (mi.movie_id = t.id)
  ->  Seq Scan on movie_info mi  (cost=0.00..346232.03 rows=9476311 width=75) (actual time=0.014..7654.468 rows=9565151 loops=1)
        Filter: (info_type_id < 16)
        Rows Removed by Filter: 5270569
  ->  Hash  (cost=67604.59..67604.59 rows=903208 width=94) (actual time=1784.044..1784.044 rows=904491 loops=1)
        Buckets: 32768  Batches: 32  Memory Usage: 3452kB
        ->  Seq Scan on title t  (cost=0.00..67604.59 rows=903208 width=94) (actual time=0.013..1398.839 rows=904491 loops=1)
              Filter: (production_year > 2006)
              Rows Removed by Filter: 1623821
Planning time: 20.078 ms
Execution time: 17584.775 ms
