Hash Join  (cost=68058.67..824052.32 rows=520448 width=0) (actual time=1244.679..20471.323 rows=560419 loops=1)
  Hash Cond: (ci.movie_id = t.id)
  ->  Seq Scan on cast_info ci  (cost=0.00..614943.12 rows=36225612 width=4) (actual time=0.025..8834.327 rows=36244344 loops=1)
  ->  Hash  (cost=67604.59..67604.59 rows=36327 width=4) (actual time=1244.260..1244.260 rows=36509 loops=1)
        Buckets: 65536  Batches: 1  Memory Usage: 1796kB
        ->  Seq Scan on title t  (cost=0.00..67604.59 rows=36327 width=4) (actual time=0.050..1228.222 rows=36509 loops=1)
              Filter: (production_year = 1996)
              Rows Removed by Filter: 2491803
Planning time: 8.402 ms
Execution time: 20557.174 ms
