Seq Scan on cast_info ci  (cost=0.00..705507.15 rows=20816242 width=0) (actual time=0.012..12217.008 rows=20954795 loops=1)
  Filter: (person_id > 1505564)
  Rows Removed by Filter: 15289549
Planning time: 0.324 ms
Execution time: 14689.018 ms
