Seq Scan on cast_info ci  (cost=0.00..705507.15 rows=500 width=0) (actual time=4333.917..11007.197 rows=269 loops=1)
  Filter: (person_id = 3962640)
  Rows Removed by Filter: 36244075
Planning time: 0.464 ms
Execution time: 11007.327 ms
