Hash Join  (cost=102767.86..255338.65 rows=2563672 width=0) (actual time=2629.384..6575.902 rows=2559178 loops=1)
  Hash Cond: (mk.movie_id = t.id)
  ->  Seq Scan on movie_keyword mk  (cost=0.00..81003.12 rows=2563672 width=4) (actual time=0.020..1626.098 rows=2559178 loops=1)
        Filter: (keyword_id < 6452)
        Rows Removed by Filter: 1964752
  ->  Hash  (cost=61283.27..61283.27 rows=2528527 width=4) (actual time=2628.588..2628.588 rows=2528312 loops=1)
        Buckets: 131072  Batches: 64  Memory Usage: 2425kB
        ->  Seq Scan on title t  (cost=0.00..61283.27 rows=2528527 width=4) (actual time=0.020..1131.797 rows=2528312 loops=1)
Planning time: 0.762 ms
Execution time: 6870.576 ms
