Nested Loop  (cost=0.43..182270.99 rows=17862 width=0) (actual time=0.153..1479.290 rows=14753 loops=1)
  ->  Seq Scan on movie_keyword mk  (cost=0.00..81003.12 rows=17862 width=4) (actual time=0.078..1269.421 rows=14753 loops=1)
        Filter: (keyword_id > 121331)
        Rows Removed by Filter: 4509177
  ->  Index Only Scan using title_pkey on title t  (cost=0.43..5.66 rows=1 width=4) (actual time=0.013..0.014 rows=1 loops=14753)
        Index Cond: (id = mk.movie_id)
        Heap Fetches: 14753
Planning time: 0.942 ms
Execution time: 1482.261 ms
