Hash Join  (cost=1045206.82..1768852.09 rows=19399153 width=0) (actual time=24946.776..70532.712 rows=112324568 loops=1)
  Hash Cond: (mi.movie_id = t.id)
  ->  Seq Scan on movie_info mi  (cost=0.00..309384.22 rows=14739122 width=4) (actual time=0.023..6457.516 rows=14835720 loops=1)
  ->  Hash  (cost=990607.26..990607.26 rows=3327965 width=8) (actual time=24943.114..24943.114 rows=7334861 loops=1)
        Buckets: 131072 (originally 131072)  Batches: 128 (originally 64)  Memory Usage: 3276kB
        ->  Hash Join  (cost=104131.46..990607.26 rows=3327965 width=8) (actual time=2130.894..22641.963 rows=7334861 loops=1)
              Hash Cond: (ci.movie_id = t.id)
              ->  Seq Scan on cast_info ci  (cost=0.00..796071.18 rows=3779594 width=4) (actual time=63.595..13269.126 rows=8423851 loops=1)
                    Filter: ((person_id > 2842731) AND (role_id > 2))
                    Rows Removed by Filter: 27820493
              ->  Hash  (cost=67604.59..67604.59 rows=2226390 width=4) (actual time=2066.410..2066.410 rows=2224569 loops=1)
                    Buckets: 131072  Batches: 32  Memory Usage: 3463kB
                    ->  Seq Scan on title t  (cost=0.00..67604.59 rows=2226390 width=4) (actual time=0.021..1359.956 rows=2224569 loops=1)
                          Filter: (production_year < 2012)
                          Rows Removed by Filter: 303743
Planning time: 1.259 ms
Execution time: 83376.163 ms
