Hash Join  (cost=95626.56..844482.40 rows=54914 width=0) (actual time=1698.068..15654.455 rows=50662 loops=1)
  Hash Cond: (ci.movie_id = t.id)
  ->  Seq Scan on cast_info ci  (cost=0.00..705507.15 rows=11413208 width=4) (actual time=0.020..11663.958 rows=11320568 loops=1)
        Filter: (person_id < 1111961)
        Rows Removed by Filter: 24923776
  ->  Hash  (cost=95474.49..95474.49 rows=12166 width=8) (actual time=1697.301..1697.301 rows=4937 loops=1)
        Buckets: 16384  Batches: 1  Memory Usage: 321kB
        ->  Hash Join  (cost=68438.72..95474.49 rows=12166 width=8) (actual time=1108.877..1694.892 rows=4937 loops=1)
              Hash Cond: (mi_idx.movie_id = t.id)
              ->  Seq Scan on movie_info_idx mi_idx  (cost=0.00..25185.44 rows=460978 width=4) (actual time=0.024..445.818 rows=459925 loops=1)
                    Filter: (info_type_id = 99)
                    Rows Removed by Filter: 920110
              ->  Hash  (cost=67604.59..67604.59 rows=66731 width=4) (actual time=1107.569..1107.569 rows=67342 loops=1)
                    Buckets: 131072  Batches: 1  Memory Usage: 3392kB
                    ->  Seq Scan on title t  (cost=0.00..67604.59 rows=66731 width=4) (actual time=0.025..1078.339 rows=67342 loops=1)
                          Filter: (production_year > 2012)
                          Rows Removed by Filter: 2460970
Planning time: 1.151 ms
Execution time: 15664.423 ms
