Seq Scan on movie_keyword mk  (cost=0.00..81003.12 rows=246 width=0) (actual time=32.486..1296.876 rows=232 loops=1)
  Filter: (keyword_id = 2576)
  Rows Removed by Filter: 4523698
Planning time: 0.673 ms
Execution time: 1297.090 ms
