Hash Join  (cost=94574.69..929861.03 rows=3757491 width=0) (actual time=4757.043..19293.368 rows=3370204 loops=1)
  Hash Cond: (ci.movie_id = t.id)
  ->  Seq Scan on cast_info ci  (cost=0.00..705507.15 rows=7549140 width=4) (actual time=3050.674..12877.509 rows=7594497 loops=1)
        Filter: (person_id > 2914529)
        Rows Removed by Filter: 28649847
  ->  Hash  (cost=73925.90..73925.90 rows=1258543 width=4) (actual time=1705.333..1705.333 rows=1221534 loops=1)
        Buckets: 131072  Batches: 32  Memory Usage: 2363kB
        ->  Seq Scan on title t  (cost=0.00..73925.90 rows=1258543 width=4) (actual time=0.020..1322.772 rows=1221534 loops=1)
              Filter: ((production_year < 2011) AND (kind_id = 7))
              Rows Removed by Filter: 1306778
Planning time: 0.808 ms
Execution time: 19674.456 ms
