Hash Join  (cost=74175.98..424842.82 rows=9164 width=0) (actual time=4136.868..6421.578 rows=19317 loops=1)
  Hash Cond: (mi.movie_id = t.id)
  ->  Seq Scan on movie_info mi  (cost=0.00..346232.03 rows=1158179 width=4) (actual time=3074.332..5236.536 rows=1204709 loops=1)
        Filter: (info_type_id > 18)
        Rows Removed by Filter: 13631011
  ->  Hash  (cost=73925.90..73925.90 rows=20006 width=4) (actual time=926.168..926.168 rows=24331 loops=1)
        Buckets: 32768  Batches: 1  Memory Usage: 1112kB
        ->  Seq Scan on title t  (cost=0.00..73925.90 rows=20006 width=4) (actual time=0.463..915.768 rows=24331 loops=1)
              Filter: ((kind_id < 3) AND (production_year > 2012))
              Rows Removed by Filter: 2503981
Planning time: 0.810 ms
Execution time: 6424.902 ms
