Hash Join  (cost=101955.95..210051.21 rows=2160533 width=0) (actual time=2363.082..5314.512 rows=1927360 loops=1)
  Hash Cond: (mc.movie_id = t.id)
  ->  Seq Scan on movie_companies mc  (cost=0.00..44881.29 rows=2609129 width=4) (actual time=0.013..837.508 rows=2609129 loops=1)
  ->  Hash  (cost=67604.59..67604.59 rows=2093789 width=4) (actual time=2361.651..2361.651 rows=2089788 loops=1)
        Buckets: 131072  Batches: 32  Memory Usage: 3324kB
        ->  Seq Scan on title t  (cost=0.00..67604.59 rows=2093789 width=4) (actual time=0.051..1439.664 rows=2089788 loops=1)
              Filter: (production_year > 1969)
              Rows Removed by Filter: 438524
Planning time: 0.526 ms
Execution time: 5523.891 ms
