Hash Join  (cost=98137.04..170287.84 rows=253662 width=0) (actual time=1903.737..3696.427 rows=405580 loops=1)
  Hash Cond: (mc.movie_id = t.id)
  ->  Seq Scan on movie_companies mc  (cost=0.00..57926.93 rows=344649 width=4) (actual time=0.032..1087.224 rows=494237 loops=1)
        Filter: ((company_id < 1284) AND (company_type_id = 1))
        Rows Removed by Filter: 2114892
  ->  Hash  (cost=67604.59..67604.59 rows=1860996 width=4) (actual time=1902.879..1902.879 rows=1865487 loops=1)
        Buckets: 131072  Batches: 32  Memory Usage: 3079kB
        ->  Seq Scan on title t  (cost=0.00..67604.59 rows=1860996 width=4) (actual time=0.022..1309.897 rows=1865487 loops=1)
              Filter: (kind_id > 1)
              Rows Removed by Filter: 662825
Planning time: 0.732 ms
Execution time: 3746.951 ms
