Seq Scan on movie_companies mc  (cost=0.00..51404.11 rows=1074629 width=0) (actual time=0.028..934.675 rows=1070726 loops=1)
  Filter: (company_id < 6628)
  Rows Removed by Filter: 1538403
Planning time: 0.336 ms
Execution time: 1069.211 ms
