Seq Scan on cast_info ci  (cost=0.00..705507.15 rows=6365115 width=0) (actual time=5958.388..9949.264 rows=6455626 loops=1)
  Filter: (person_id > 3010505)
  Rows Removed by Filter: 29788718
Planning time: 0.251 ms
Execution time: 10675.087 ms
