Seq Scan on title t  (cost=0.00..73925.90 rows=72271 width=0) (actual time=0.167..1044.368 rows=183814 loops=1)
  Filter: ((kind_id < 4) AND (production_year < 1957))
  Rows Removed by Filter: 2344498
Planning time: 0.344 ms
Execution time: 1069.169 ms
