Hash Join  (cost=316577.58..1033062.12 rows=18727979 width=0) (actual time=7690.172..64488.682 rows=204084944 loops=1)
  Hash Cond: (mi.movie_id = t.id)
  ->  Seq Scan on movie_info mi  (cost=0.00..309384.22 rows=14739122 width=4) (actual time=0.005..6179.634 rows=14835720 loops=1)
  ->  Hash  (cost=263866.28..263866.28 rows=3212824 width=8) (actual time=7689.077..7689.077 rows=3815930 loops=1)
        Buckets: 131072  Batches: 64  Memory Usage: 3447kB
        ->  Hash Join  (cost=97066.09..263866.28 rows=3212824 width=8) (actual time=1768.667..6566.722 rows=3815930 loops=1)
              Hash Cond: (mk.movie_id = t.id)
              ->  Seq Scan on movie_keyword mk  (cost=0.00..69693.30 rows=4523930 width=4) (actual time=0.015..1437.131 rows=4523930 loops=1)
              ->  Hash  (cost=67604.59..67604.59 rows=1795720 width=4) (actual time=1767.467..1767.467 rows=1794153 loops=1)
                    Buckets: 131072  Batches: 32  Memory Usage: 3001kB
                    ->  Seq Scan on title t  (cost=0.00..67604.59 rows=1795720 width=4) (actual time=0.021..1174.858 rows=1794153 loops=1)
                          Filter: (production_year < 2009)
                          Rows Removed by Filter: 734159
Planning time: 1.222 ms
Execution time: 85964.122 ms
