Seq Scan on movie_keyword mk  (cost=0.00..81003.12 rows=1136460 width=0) (actual time=0.018..1503.778 rows=1146798 loops=1)
  Filter: (keyword_id > 16261)
  Rows Removed by Filter: 3377132
Planning time: 0.237 ms
Execution time: 1648.001 ms
