Hash Join  (cost=217858.32..1328894.57 rows=12514989 width=0) (actual time=7580.716..39754.936 rows=21725527 loops=1)
  Hash Cond: (ci.movie_id = t.id)
  ->  Seq Scan on cast_info ci  (cost=0.00..705507.15 rows=23799791 width=4) (actual time=2680.439..15300.049 rows=23894203 loops=1)
        Filter: (person_id > 1217101)
        Rows Removed by Filter: 12350141
  ->  Hash  (cost=196044.17..196044.17 rows=1329612 width=8) (actual time=4898.865..4898.865 rows=1334883 loops=1)
        Buckets: 131072  Batches: 32  Memory Usage: 2639kB
        ->  Hash Join  (cost=102767.86..196044.17 rows=1329612 width=8) (actual time=1844.905..4500.334 rows=1334883 loops=1)
              Hash Cond: (mc.movie_id = t.id)
              ->  Seq Scan on movie_companies mc  (cost=0.00..51404.11 rows=1329612 width=4) (actual time=0.029..1055.836 rows=1334883 loops=1)
                    Filter: (company_type_id > 1)
                    Rows Removed by Filter: 1274246
              ->  Hash  (cost=61283.27..61283.27 rows=2528527 width=4) (actual time=1843.219..1843.219 rows=2528312 loops=1)
                    Buckets: 131072  Batches: 64  Memory Usage: 2415kB
                    ->  Seq Scan on title t  (cost=0.00..61283.27 rows=2528527 width=4) (actual time=0.013..1017.349 rows=2528312 loops=1)
Planning time: 3.496 ms
Execution time: 42311.844 ms
