Hash Join  (cost=179750.15..1156651.72 rows=1714771 width=0) (actual time=4017.558..32447.673 rows=13040096 loops=1)
  Hash Cond: (ci.movie_id = t.id)
  ->  Seq Scan on cast_info ci  (cost=0.00..705507.15 rows=21922047 width=4) (actual time=0.020..15051.994 rows=22004882 loops=1)
        Filter: (person_id > 1402200)
        Rows Removed by Filter: 14239462
  ->  Hash  (cost=176504.84..176504.84 rows=197785 width=8) (actual time=4016.455..4016.455 rows=436974 loops=1)
        Buckets: 131072 (originally 131072)  Batches: 8 (originally 4)  Memory Usage: 3185kB
        ->  Hash Join  (cost=83810.17..176504.84 rows=197785 width=8) (actual time=1819.474..3880.826 rows=436974 loops=1)
              Hash Cond: (mk.movie_id = t.id)
              ->  Seq Scan on movie_keyword mk  (cost=0.00..81003.12 rows=506318 width=4) (actual time=0.039..1491.027 rows=498292 loops=1)
                    Filter: (keyword_id > 36213)
                    Rows Removed by Filter: 4025638
              ->  Hash  (cost=67604.59..67604.59 rows=987727 width=4) (actual time=1818.759..1818.759 rows=985048 loops=1)
                    Buckets: 131072  Batches: 16  Memory Usage: 3197kB
                    ->  Seq Scan on title t  (cost=0.00..67604.59 rows=987727 width=4) (actual time=0.031..1243.359 rows=985048 loops=1)
                          Filter: (kind_id < 7)
                          Rows Removed by Filter: 1543264
Planning time: 1.146 ms
Execution time: 33996.286 ms
