Seq Scan on movie_keyword mk  (cost=0.00..81003.12 rows=202796 width=0) (actual time=0.030..1263.370 rows=219176 loops=1)
  Filter: (keyword_id < 165)
  Rows Removed by Filter: 4304754
Planning time: 0.336 ms
Execution time: 1294.873 ms
