Hash Join  (cost=204873.82..1279491.39 rows=3973041 width=0) (actual time=4093.783..39438.020 rows=12259875 loops=1)
  Hash Cond: (ci.movie_id = t.id)
  ->  Seq Scan on cast_info ci  (cost=0.00..614943.12 rows=36225612 width=4) (actual time=0.019..13107.864 rows=36244344 loops=1)
  ->  Hash  (cost=200323.37..200323.37 rows=277316 width=8) (actual time=4093.007..4093.007 rows=297845 loops=1)
        Buckets: 131072  Batches: 4  Memory Usage: 3948kB
        ->  Hash Join  (cost=102767.86..200323.37 rows=277316 width=8) (actual time=2052.540..4007.670 rows=297845 loops=1)
              Hash Cond: (mk.movie_id = t.id)
              ->  Seq Scan on movie_keyword mk  (cost=0.00..81003.12 rows=277316 width=4) (actual time=0.016..1302.653 rows=297845 loops=1)
                    Filter: (keyword_id < 245)
                    Rows Removed by Filter: 4226085
              ->  Hash  (cost=61283.27..61283.27 rows=2528527 width=4) (actual time=2050.454..2050.454 rows=2528312 loops=1)
                    Buckets: 131072  Batches: 64  Memory Usage: 2425kB
                    ->  Seq Scan on title t  (cost=0.00..61283.27 rows=2528527 width=4) (actual time=0.026..1200.626 rows=2528312 loops=1)
Planning time: 1.184 ms
Execution time: 40862.000 ms
