Hash Join  (cost=709677.75..736590.24 rows=201 width=0) (actual time=11425.371..11985.645 rows=132 loops=1)
  Hash Cond: (mi_idx.movie_id = t.id)
  ->  Seq Scan on movie_info_idx mi_idx  (cost=0.00..21735.35 rows=1380035 width=4) (actual time=0.010..323.500 rows=1380035 loops=1)
  ->  Hash  (cost=709673.15..709673.15 rows=368 width=8) (actual time=11408.609..11408.609 rows=211 loops=1)
        Buckets: 1024  Batches: 1  Memory Usage: 17kB
        ->  Nested Loop  (cost=0.43..709673.15 rows=368 width=8) (actual time=3238.139..11408.496 rows=211 loops=1)
              ->  Seq Scan on cast_info ci  (cost=0.00..705507.15 rows=500 width=4) (actual time=3237.975..11404.474 rows=217 loops=1)
                    Filter: (person_id = 547207)
                    Rows Removed by Filter: 36244127
              ->  Index Scan using title_pkey on title t  (cost=0.43..8.32 rows=1 width=4) (actual time=0.018..0.018 rows=1 loops=217)
                    Index Cond: (id = ci.movie_id)
                    Filter: (kind_id > 1)
                    Rows Removed by Filter: 0
Planning time: 0.784 ms
Execution time: 11985.783 ms
