Seq Scan on cast_info ci  (cost=0.00..705507.15 rows=14707459 width=0) (actual time=0.025..12492.016 rows=14612626 loops=1)
  Filter: (person_id < 1440340)
  Rows Removed by Filter: 21631718
Planning time: 0.350 ms
Execution time: 14343.083 ms
