Hash Join  (cost=102767.86..192831.65 rows=1196042 width=0) (actual time=1881.801..4347.891 rows=1188367 loops=1)
  Hash Cond: (mc.movie_id = t.id)
  ->  Seq Scan on movie_companies mc  (cost=0.00..51404.11 rows=1196042 width=4) (actual time=0.016..1039.081 rows=1188367 loops=1)
        Filter: (company_id < 10560)
        Rows Removed by Filter: 1420762
  ->  Hash  (cost=61283.27..61283.27 rows=2528527 width=4) (actual time=1880.991..1880.991 rows=2528312 loops=1)
        Buckets: 131072  Batches: 64  Memory Usage: 2415kB
        ->  Seq Scan on title t  (cost=0.00..61283.27 rows=2528527 width=4) (actual time=0.010..1055.219 rows=2528312 loops=1)
Planning time: 0.724 ms
Execution time: 4495.715 ms
