Seq Scan on movie_companies mc  (cost=0.00..51404.11 rows=104 width=0) (actual time=18.263..411.850 rows=41 loops=1)
  Filter: (company_id = 12715)
  Rows Removed by Filter: 2609088
Planning time: 0.432 ms
Execution time: 411.949 ms
