Nested Loop  (cost=0.43..83072.90 rows=28 width=0) (actual time=143.271..1398.716 rows=28 loops=1)
  ->  Seq Scan on movie_keyword mk  (cost=0.00..81003.12 rows=246 width=4) (actual time=53.791..1395.989 rows=56 loops=1)
        Filter: (keyword_id = 58161)
        Rows Removed by Filter: 4523874
  ->  Index Scan using title_pkey on title t  (cost=0.43..8.40 rows=1 width=4) (actual time=0.043..0.043 rows=0 loops=56)
        Index Cond: (id = mk.movie_id)
        Filter: ((kind_id < 7) AND (production_year < 1992))
        Rows Removed by Filter: 0
Planning time: 0.783 ms
Execution time: 1398.837 ms
