Seq Scan on movie_keyword mk  (cost=0.00..81003.12 rows=749686 width=0) (actual time=0.024..1166.203 rows=755690 loops=1)
  Filter: (keyword_id > 24753)
  Rows Removed by Filter: 3768240
Planning time: 0.317 ms
Execution time: 1257.423 ms
