Seq Scan on movie_companies mc  (cost=0.00..57926.93 rows=51 width=0) (actual time=194.108..767.581 rows=4 loops=1)
  Filter: ((company_id = 21452) AND (company_type_id = 1))
  Rows Removed by Filter: 2609125
Planning time: 0.485 ms
Execution time: 767.682 ms
