Hash Join  (cost=208834.11..769413.78 rows=7570074 width=0) (actual time=4830.625..18802.638 rows=5473748 loops=1)
  Hash Cond: (mi.movie_id = t.id)
  ->  Seq Scan on movie_info mi  (cost=0.00..309384.22 rows=14739122 width=4) (actual time=0.012..6160.151 rows=14835720 loops=1)
  ->  Hash  (cost=187527.84..187527.84 rows=1298662 width=8) (actual time=4829.414..4829.414 rows=598347 loops=1)
        Buckets: 131072  Batches: 32  Memory Usage: 1736kB
        ->  Hash Join  (cost=94574.69..187527.84 rows=1298662 width=8) (actual time=1887.070..4662.891 rows=598347 loops=1)
              Hash Cond: (mc.movie_id = t.id)
              ->  Seq Scan on movie_companies mc  (cost=0.00..44881.29 rows=2609129 width=4) (actual time=0.023..981.396 rows=2609129 loops=1)
              ->  Hash  (cost=73925.90..73925.90 rows=1258543 width=4) (actual time=1886.285..1886.285 rows=1221534 loops=1)
                    Buckets: 131072  Batches: 32  Memory Usage: 2363kB
                    ->  Seq Scan on title t  (cost=0.00..73925.90 rows=1258543 width=4) (actual time=0.024..1490.465 rows=1221534 loops=1)
                          Filter: ((production_year < 2011) AND (kind_id = 7))
                          Rows Removed by Filter: 1306778
Planning time: 2.721 ms
Execution time: 19361.915 ms
