Hash Join  (cost=173324.90..660912.88 rows=3064268 width=0) (actual time=4234.401..17552.330 rows=8892730 loops=1)
  Hash Cond: (mi.movie_id = t.id)
  ->  Seq Scan on movie_info mi  (cost=0.00..346232.03 rows=9293409 width=4) (actual time=244.481..6776.419 rows=9425200 loops=1)
        Filter: (info_type_id > 5)
        Rows Removed by Filter: 5410520
  ->  Hash  (cost=159646.42..159646.42 rows=833718 width=8) (actual time=3989.245..3989.245 rows=866694 loops=1)
        Buckets: 131072  Batches: 16  Memory Usage: 3155kB
        ->  Hash Join  (cost=105399.30..159646.42 rows=833718 width=8) (actual time=2109.895..3746.130 rows=866694 loops=1)
              Hash Cond: (mi_idx.movie_id = t.id)
              ->  Seq Scan on movie_info_idx mi_idx  (cost=0.00..25185.44 rows=915101 width=4) (actual time=0.017..532.220 rows=919850 loops=1)
                    Filter: (info_type_id < 101)
                    Rows Removed by Filter: 460185
              ->  Hash  (cost=67604.59..67604.59 rows=2303657 width=4) (actual time=2108.574..2108.574 rows=2295881 loops=1)
                    Buckets: 131072  Batches: 32  Memory Usage: 3550kB
                    ->  Seq Scan on title t  (cost=0.00..67604.59 rows=2303657 width=4) (actual time=0.019..1380.706 rows=2295881 loops=1)
                          Filter: (production_year > 1948)
                          Rows Removed by Filter: 232431
Planning time: 3.944 ms
Execution time: 18586.890 ms
