Hash Join  (cost=164736.74..552276.70 rows=150897 width=0) (actual time=6621.421..9698.043 rows=1156160 loops=1)
  Hash Cond: (mi.movie_id = t.id)
  ->  Seq Scan on movie_info mi  (cost=0.00..346232.03 rows=3068194 width=4) (actual time=3536.223..5287.768 rows=3036719 loops=1)
        Filter: (info_type_id = 16)
        Rows Removed by Filter: 11799001
  ->  Hash  (cost=162696.30..162696.30 rows=124355 width=8) (actual time=3084.138..3084.138 rows=93887 loops=1)
        Buckets: 131072  Batches: 2  Memory Usage: 2826kB
        ->  Hash Join  (cost=74794.72..162696.30 rows=124355 width=8) (actual time=1167.330..3050.802 rows=93887 loops=1)
              Hash Cond: (mk.movie_id = t.id)
              ->  Seq Scan on movie_keyword mk  (cost=0.00..69693.30 rows=4523930 width=4) (actual time=0.028..1000.148 rows=4523930 loops=1)
              ->  Hash  (cost=73925.90..73925.90 rows=69505 width=4) (actual time=1166.439..1166.439 rows=69431 loops=1)
                    Buckets: 131072  Batches: 1  Memory Usage: 3465kB
                    ->  Seq Scan on title t  (cost=0.00..73925.90 rows=69505 width=4) (actual time=0.033..1138.835 rows=69431 loops=1)
                          Filter: ((kind_id < 3) AND (production_year > 2011))
                          Rows Removed by Filter: 2458881
Planning time: 1.165 ms
Execution time: 9829.086 ms
