Hash Join  (cost=828968.19..1502895.52 rows=1703901 width=0) (actual time=21993.756..35373.490 rows=5820275 loops=1)
  Hash Cond: (mi.movie_id = t.id)
  ->  Seq Scan on movie_info mi  (cost=0.00..346232.03 rows=11115165 width=4) (actual time=0.010..7039.519 rows=11210743 loops=1)
        Filter: (info_type_id > 3)
        Rows Removed by Filter: 3624977
  ->  Hash  (cost=822608.05..822608.05 rows=387611 width=8) (actual time=21992.084..21992.084 rows=426371 loops=1)
        Buckets: 131072  Batches: 8  Memory Usage: 3111kB
        ->  Hash Join  (cost=67942.77..822608.05 rows=387611 width=8) (actual time=998.818..20689.921 rows=426371 loops=1)
              Hash Cond: (ci.movie_id = t.id)
              ->  Seq Scan on cast_info ci  (cost=0.00..614943.12 rows=36225612 width=4) (actual time=0.020..9026.149 rows=36244344 loops=1)
              ->  Hash  (cost=67604.59..67604.59 rows=27055 width=4) (actual time=998.604..998.604 rows=26775 loops=1)
                    Buckets: 32768  Batches: 1  Memory Usage: 1198kB
                    ->  Seq Scan on title t  (cost=0.00..67604.59 rows=27055 width=4) (actual time=0.029..986.072 rows=26775 loops=1)
                          Filter: (production_year = 1993)
                          Rows Removed by Filter: 2501537
Planning time: 9.155 ms
Execution time: 36035.941 ms
