Nested Loop  (cost=44377.22..133137.16 rows=1072 width=0) (actual time=1477.122..2338.860 rows=1653 loops=1)
  Join Filter: (mc.movie_id = t.id)
  ->  Hash Join  (cost=44376.79..110531.52 rows=37967 width=8) (actual time=821.839..2071.844 rows=16195 loops=1)
        Hash Cond: (mc.movie_id = mi_idx.movie_id)
        ->  Seq Scan on movie_companies mc  (cost=0.00..57926.93 rows=13435 width=4) (actual time=0.173..1034.526 rows=12833 loops=1)
              Filter: ((company_type_id < 2) AND (company_id = 27))
              Rows Removed by Filter: 2596296
        ->  Hash  (cost=21735.35..21735.35 rows=1380035 width=4) (actual time=808.987..808.987 rows=1380035 loops=1)
              Buckets: 131072  Batches: 32  Memory Usage: 2540kB
              ->  Seq Scan on movie_info_idx mi_idx  (cost=0.00..21735.35 rows=1380035 width=4) (actual time=0.023..426.955 rows=1380035 loops=1)
  ->  Index Scan using title_pkey on title t  (cost=0.43..0.58 rows=1 width=4) (actual time=0.016..0.016 rows=0 loops=16195)
        Index Cond: (id = mi_idx.movie_id)
        Filter: ((production_year < 1986) AND (kind_id = 7))
        Rows Removed by Filter: 1
Planning time: 1.244 ms
Execution time: 2339.413 ms
