Hash Join  (cost=74426.67..136491.95 rows=16776 width=0) (actual time=1835.591..2475.360 rows=7093 loops=1)
  Hash Cond: (mc.movie_id = t.id)
  ->  Seq Scan on movie_companies mc  (cost=0.00..57926.93 rows=1058824 width=4) (actual time=0.026..1073.783 rows=1194202 loops=1)
        Filter: ((company_id > 506) AND (company_type_id > 1))
        Rows Removed by Filter: 1414927
  ->  Hash  (cost=73925.90..73925.90 rows=40061 width=4) (actual time=1121.627..1121.627 rows=40120 loops=1)
        Buckets: 65536  Batches: 1  Memory Usage: 1923kB
        ->  Seq Scan on title t  (cost=0.00..73925.90 rows=40061 width=4) (actual time=0.027..1105.372 rows=40120 loops=1)
              Filter: ((kind_id = 7) AND (production_year = 2013))
              Rows Removed by Filter: 2488192
Planning time: 0.812 ms
Execution time: 2476.582 ms
