Hash Join  (cost=58375.85..85286.62 rows=29 width=0) (actual time=982.832..1471.805 rows=345 loops=1)
  Hash Cond: (mi_idx.movie_id = t.id)
  ->  Seq Scan on movie_info_idx mi_idx  (cost=0.00..21735.35 rows=1380035 width=4) (actual time=0.022..291.990 rows=1380035 loops=1)
  ->  Hash  (cost=58375.18..58375.18 rows=53 width=8) (actual time=928.892..928.892 rows=124 loops=1)
        Buckets: 1024  Batches: 1  Memory Usage: 13kB
        ->  Nested Loop  (cost=0.43..58375.18 rows=53 width=8) (actual time=288.133..928.785 rows=124 loops=1)
              ->  Seq Scan on movie_companies mc  (cost=0.00..57926.93 rows=53 width=4) (actual time=288.048..922.918 rows=124 loops=1)
                    Filter: ((company_type_id > 1) AND (company_id = 143))
                    Rows Removed by Filter: 2609005
              ->  Index Only Scan using title_pkey on title t  (cost=0.43..8.45 rows=1 width=4) (actual time=0.045..0.045 rows=1 loops=124)
                    Index Cond: (id = mc.movie_id)
                    Heap Fetches: 124
Planning time: 1.206 ms
Execution time: 1471.959 ms
