Seq Scan on cast_info ci  (cost=0.00..796071.18 rows=101 width=0) (actual time=2587.043..10994.142 rows=153 loops=1)
  Filter: ((person_id = 1868079) AND (role_id = 2))
  Rows Removed by Filter: 36244191
Planning time: 0.426 ms
Execution time: 10994.276 ms
