Hash Join  (cost=102767.86..221675.36 rows=2394793 width=0) (actual time=1874.073..5398.382 rows=2393530 loops=1)
  Hash Cond: (mc.movie_id = t.id)
  ->  Seq Scan on movie_companies mc  (cost=0.00..51404.11 rows=2394793 width=4) (actual time=0.015..1102.190 rows=2393530 loops=1)
        Filter: (company_id < 109084)
        Rows Removed by Filter: 215599
  ->  Hash  (cost=61283.27..61283.27 rows=2528527 width=4) (actual time=1873.129..1873.129 rows=2528312 loops=1)
        Buckets: 131072  Batches: 64  Memory Usage: 2415kB
        ->  Seq Scan on title t  (cost=0.00..61283.27 rows=2528527 width=4) (actual time=0.023..1035.446 rows=2528312 loops=1)
Planning time: 0.745 ms
Execution time: 5689.234 ms
