Hash Join  (cost=79841.74..508416.48 rows=888505 width=0) (actual time=2215.247..10439.944 rows=426331 loops=1)
  Hash Cond: (mi.movie_id = t.id)
  ->  Seq Scan on movie_info mi  (cost=0.00..346232.03 rows=6231111 width=4) (actual time=1061.372..6208.746 rows=6223494 loops=1)
        Filter: (info_type_id > 8)
        Rows Removed by Filter: 8612226
  ->  Hash  (cost=73925.90..73925.90 rows=360547 width=4) (actual time=1152.917..1152.917 rows=243152 loops=1)
        Buckets: 131072  Batches: 8  Memory Usage: 2086kB
        ->  Seq Scan on title t  (cost=0.00..73925.90 rows=360547 width=4) (actual time=0.025..1069.272 rows=243152 loops=1)
              Filter: ((production_year < 1985) AND (kind_id = 7))
              Rows Removed by Filter: 2285160
Planning time: 0.765 ms
Execution time: 10495.672 ms
