Hash Join  (cost=78335.05..1151688.82 rows=3850060 width=0) (actual time=1724.409..31958.587 rows=3719296 loops=1)
  Hash Cond: (ci.movie_id = t.id)
  ->  Seq Scan on cast_info ci  (cost=0.00..614943.12 rows=36225612 width=4) (actual time=0.027..13681.406 rows=36244344 loops=1)
  ->  Hash  (cost=73925.90..73925.90 rows=268732 width=4) (actual time=1723.616..1723.616 rows=226985 loops=1)
        Buckets: 131072  Batches: 4  Memory Usage: 3022kB
        ->  Seq Scan on title t  (cost=0.00..73925.90 rows=268732 width=4) (actual time=0.022..1254.979 rows=226985 loops=1)
              Filter: ((kind_id < 4) AND (production_year > 2007))
              Rows Removed by Filter: 2301327
Planning time: 0.799 ms
Execution time: 32411.131 ms
