Hash Join  (cost=469115.54..1528499.78 rows=2490203 width=0) (actual time=8296.048..35815.080 rows=890620 loops=1)
  Hash Cond: (ci.movie_id = t.id)
  ->  Seq Scan on cast_info ci  (cost=0.00..614943.12 rows=36225612 width=4) (actual time=0.018..13041.565 rows=36244344 loops=1)
  ->  Hash  (cost=466263.86..466263.86 rows=173815 width=8) (actual time=8295.032..8295.032 rows=57057 loops=1)
        Buckets: 131072  Batches: 4  Memory Usage: 1595kB
        ->  Hash Join  (cost=75915.84..466263.86 rows=173815 width=8) (actual time=2344.700..8272.504 rows=57057 loops=1)
              Hash Cond: (mi.movie_id = t.id)
              ->  Seq Scan on movie_info mi  (cost=0.00..346232.03 rows=3623957 width=4) (actual time=1020.634..5581.704 rows=3624977 loops=1)
                    Filter: (info_type_id < 4)
                    Rows Removed by Filter: 11210743
              ->  Hash  (cost=73925.90..73925.90 rows=121275 width=4) (actual time=1323.265..1323.265 rows=124747 loops=1)
                    Buckets: 131072  Batches: 2  Memory Usage: 3225kB
                    ->  Seq Scan on title t  (cost=0.00..73925.90 rows=121275 width=4) (actual time=0.038..1273.443 rows=124747 loops=1)
                          Filter: ((kind_id > 1) AND (production_year = 2012))
                          Rows Removed by Filter: 2403565
Planning time: 1.201 ms
Execution time: 35930.211 ms
