Hash Join  (cost=190230.21..1042396.58 rows=1625895 width=0) (actual time=4835.558..17876.911 rows=1573466 loops=1)
  Hash Cond: (ci.movie_id = t.id)
  ->  Seq Scan on cast_info ci  (cost=0.00..796071.18 rows=2978996 width=4) (actual time=598.194..12382.305 rows=1242795 loops=1)
        Filter: ((person_id < 432518) AND (role_id > 1))
        Rows Removed by Filter: 35001549
  ->  Hash  (cost=167588.78..167588.78 rows=1380035 width=8) (actual time=4235.903..4235.903 rows=1380035 loops=1)
        Buckets: 131072  Batches: 32  Memory Usage: 2708kB
        ->  Hash Join  (cost=102767.86..167588.78 rows=1380035 width=8) (actual time=1821.671..3819.873 rows=1380035 loops=1)
              Hash Cond: (mi_idx.movie_id = t.id)
              ->  Seq Scan on movie_info_idx mi_idx  (cost=0.00..21735.35 rows=1380035 width=4) (actual time=0.014..501.921 rows=1380035 loops=1)
              ->  Hash  (cost=61283.27..61283.27 rows=2528527 width=4) (actual time=1820.090..1820.090 rows=2528312 loops=1)
                    Buckets: 131072  Batches: 64  Memory Usage: 2415kB
                    ->  Seq Scan on title t  (cost=0.00..61283.27 rows=2528527 width=4) (actual time=0.016..994.060 rows=2528312 loops=1)
Planning time: 0.823 ms
Execution time: 18063.245 ms
