Hash Join  (cost=92883.59..1081908.38 rows=8944053 width=0) (actual time=1865.336..26424.755 rows=8956591 loops=1)
  Hash Cond: (ci.movie_id = t.id)
  ->  Seq Scan on cast_info ci  (cost=0.00..705507.15 rows=14677622 width=4) (actual time=0.017..13396.241 rows=14845686 loops=1)
        Filter: (person_id > 2168093)
        Rows Removed by Filter: 21398658
  ->  Hash  (cost=67604.59..67604.59 rows=1540800 width=4) (actual time=1863.926..1863.926 rows=1543264 loops=1)
        Buckets: 131072  Batches: 32  Memory Usage: 2722kB
        ->  Seq Scan on title t  (cost=0.00..67604.59 rows=1540800 width=4) (actual time=147.837..1209.431 rows=1543264 loops=1)
              Filter: (kind_id = 7)
              Rows Removed by Filter: 985048
Planning time: 1.829 ms
Execution time: 27555.343 ms
