Hash Join  (cost=174465.07..714022.20 rows=5599819 width=0) (actual time=3938.076..19943.552 rows=7188393 loops=1)
  Hash Cond: (mi.movie_id = t.id)
  ->  Seq Scan on movie_info mi  (cost=0.00..309384.22 rows=14739122 width=4) (actual time=0.020..6413.661 rows=14835720 loops=1)
  ->  Hash  (cost=158703.80..158703.80 rows=960661 width=8) (actual time=3937.046..3937.046 rows=739611 loops=1)
        Buckets: 131072  Batches: 16  Memory Usage: 2847kB
        ->  Hash Join  (cost=102803.67..158703.80 rows=960661 width=8) (actual time=1757.895..3421.070 rows=739611 loops=1)
              Hash Cond: (mi_idx.movie_id = t.id)
              ->  Seq Scan on movie_info_idx mi_idx  (cost=0.00..21735.35 rows=1380035 width=4) (actual time=0.018..423.805 rows=1380035 loops=1)
              ->  Hash  (cost=73925.90..73925.90 rows=1760141 width=4) (actual time=1755.994..1755.994 rows=1754586 loops=1)
                    Buckets: 131072  Batches: 32  Memory Usage: 2955kB
                    ->  Seq Scan on title t  (cost=0.00..73925.90 rows=1760141 width=4) (actual time=0.020..1232.183 rows=1754586 loops=1)
                          Filter: ((kind_id > 1) AND (production_year < 2013))
                          Rows Removed by Filter: 773726
Planning time: 1.182 ms
Execution time: 20778.634 ms
