Hash Join  (cost=190230.21..349370.29 rows=2332663 width=0) (actual time=4317.011..10444.526 rows=9854798 loops=1)
  Hash Cond: (mk.movie_id = t.id)
  ->  Seq Scan on movie_keyword mk  (cost=0.00..81003.12 rows=4273951 width=4) (actual time=0.017..1787.184 rows=4255669 loops=1)
        Filter: (keyword_id > 229)
        Rows Removed by Filter: 268261
  ->  Hash  (cost=167588.78..167588.78 rows=1380035 width=8) (actual time=4315.864..4315.864 rows=1380035 loops=1)
        Buckets: 131072  Batches: 32  Memory Usage: 2726kB
        ->  Hash Join  (cost=102767.86..167588.78 rows=1380035 width=8) (actual time=1956.504..3908.436 rows=1380035 loops=1)
              Hash Cond: (mi_idx.movie_id = t.id)
              ->  Seq Scan on movie_info_idx mi_idx  (cost=0.00..21735.35 rows=1380035 width=4) (actual time=0.015..455.894 rows=1380035 loops=1)
              ->  Hash  (cost=61283.27..61283.27 rows=2528527 width=4) (actual time=1955.306..1955.306 rows=2528312 loops=1)
                    Buckets: 131072  Batches: 64  Memory Usage: 2415kB
                    ->  Seq Scan on title t  (cost=0.00..61283.27 rows=2528527 width=4) (actual time=0.012..1120.045 rows=2528312 loops=1)
Planning time: 3.398 ms
Execution time: 11438.437 ms
