Hash Join  (cost=933298.14..4274473.43 rows=176124792 width=0) (actual time=24028.967..158662.576 rows=399563001 loops=1)
  Hash Cond: (ci.movie_id = t.id)
  ->  Seq Scan on cast_info ci  (cost=0.00..614943.12 rows=36225612 width=4) (actual time=0.012..14132.702 rows=36244344 loops=1)
  ->  Hash  (cost=731608.52..731608.52 rows=12293410 width=8) (actual time=24028.007..24028.007 rows=11399509 loops=1)
        Buckets: 131072  Batches: 256  Memory Usage: 2733kB
        ->  Hash Join  (cost=102205.59..731608.52 rows=12293410 width=8) (actual time=2038.547..20190.774 rows=11399509 loops=1)
              Hash Cond: (mi.movie_id = t.id)
              ->  Seq Scan on movie_info mi  (cost=0.00..309384.22 rows=14739122 width=4) (actual time=0.022..6196.024 rows=14835720 loops=1)
              ->  Hash  (cost=67604.59..67604.59 rows=2108960 width=4) (actual time=2037.499..2037.499 rows=2104137 loops=1)
                    Buckets: 131072  Batches: 32  Memory Usage: 3350kB
                    ->  Seq Scan on title t  (cost=0.00..67604.59 rows=2108960 width=4) (actual time=0.016..1301.328 rows=2104137 loops=1)
                          Filter: (production_year > 1968)
                          Rows Removed by Filter: 424175
Planning time: 1.184 ms
Execution time: 203535.342 ms
