Hash Join  (cost=128753.29..215494.99 rows=8366 width=0) (actual time=2534.989..4204.390 rows=9733 loops=1)
  Hash Cond: (mk.movie_id = t.id)
  ->  Seq Scan on movie_keyword mk  (cost=0.00..69693.30 rows=4523930 width=4) (actual time=0.013..964.418 rows=4523930 loops=1)
  ->  Hash  (cost=128694.84..128694.84 rows=4676 width=8) (actual time=2405.837..2405.837 rows=5695 loops=1)
        Buckets: 8192  Batches: 1  Memory Usage: 287kB
        ->  Hash Join  (cost=73982.55..128694.84 rows=4676 width=8) (actual time=1357.102..2403.470 rows=5695 loops=1)
              Hash Cond: (mc.movie_id = t.id)
              ->  Seq Scan on movie_companies mc  (cost=0.00..44881.29 rows=2609129 width=4) (actual time=0.015..677.587 rows=2609129 loops=1)
              ->  Hash  (cost=73925.90..73925.90 rows=4532 width=4) (actual time=1177.775..1177.775 rows=8269 loops=1)
                    Buckets: 16384 (originally 8192)  Batches: 1 (originally 1)  Memory Usage: 419kB
                    ->  Seq Scan on title t  (cost=0.00..73925.90 rows=4532 width=4) (actual time=0.065..1173.721 rows=8269 loops=1)
                          Filter: ((kind_id = 7) AND (production_year = 1971))
                          Rows Removed by Filter: 2520043
Planning time: 3.365 ms
Execution time: 4205.876 ms
