Hash Join  (cost=185528.18..226681.39 rows=201673 width=0) (actual time=4421.254..5917.998 rows=948128 loops=1)
  Hash Cond: (mi_idx.movie_id = t.id)
  ->  Seq Scan on movie_info_idx mi_idx  (cost=0.00..21735.35 rows=1380035 width=4) (actual time=0.016..453.026 rows=1380035 loops=1)
  ->  Hash  (cost=179465.31..179465.31 rows=369509 width=8) (actual time=4419.835..4419.835 rows=685936 loops=1)
        Buckets: 131072 (originally 131072)  Batches: 16 (originally 8)  Memory Usage: 3073kB
        ->  Hash Join  (cost=102767.86..179465.31 rows=369509 width=8) (actual time=1870.326..4229.525 rows=685936 loops=1)
              Hash Cond: (mc.movie_id = t.id)
              ->  Seq Scan on movie_companies mc  (cost=0.00..57926.93 rows=369509 width=4) (actual time=0.016..1110.654 rows=685936 loops=1)
                    Filter: ((company_id > 40708) AND (company_type_id > 1))
                    Rows Removed by Filter: 1923193
              ->  Hash  (cost=61283.27..61283.27 rows=2528527 width=4) (actual time=1869.274..1869.274 rows=2528312 loops=1)
                    Buckets: 131072  Batches: 64  Memory Usage: 2415kB
                    ->  Seq Scan on title t  (cost=0.00..61283.27 rows=2528527 width=4) (actual time=0.012..1050.182 rows=2528312 loops=1)
Planning time: 1.152 ms
Execution time: 6034.206 ms
