Hash Join  (cost=580382.94..1766252.55 rows=7880068 width=0) (actual time=13181.380..38701.687 rows=4147517 loops=1)
  Hash Cond: (ci.movie_id = t.id)
  ->  Seq Scan on cast_info ci  (cost=0.00..705507.15 rows=22348278 width=4) (actual time=0.016..14369.279 rows=22381909 loops=1)
        Filter: (person_id > 1365520)
        Rows Removed by Filter: 13862435
  ->  Hash  (cost=565755.37..565755.37 rows=891566 width=8) (actual time=13180.220..13180.220 rows=293852 loops=1)
        Buckets: 131072  Batches: 16  Memory Usage: 1752kB
        ->  Hash Join  (cost=76435.78..565755.37 rows=891566 width=8) (actual time=1266.988..13060.739 rows=293852 loops=1)
              Hash Cond: (mi.movie_id = t.id)
              ->  Seq Scan on movie_info mi  (cost=0.00..309384.22 rows=14739122 width=4) (actual time=0.015..5788.940 rows=14835720 loops=1)
              ->  Hash  (cost=73925.90..73925.90 rows=152950 width=4) (actual time=1265.787..1265.787 rows=157522 loops=1)
                    Buckets: 131072  Batches: 2  Memory Usage: 3801kB
                    ->  Seq Scan on title t  (cost=0.00..73925.90 rows=152950 width=4) (actual time=0.039..1206.411 rows=157522 loops=1)
                          Filter: ((kind_id > 3) AND (production_year > 2011))
                          Rows Removed by Filter: 2370790
Planning time: 1.217 ms
Execution time: 39190.659 ms
