Hash Join  (cost=83074.89..806146.05 rows=385 width=0) (actual time=1574.638..13523.025 rows=10452 loops=1)
  Hash Cond: (ci.movie_id = t.id)
  ->  Seq Scan on cast_info ci  (cost=0.00..705507.15 rows=4682710 width=4) (actual time=2.395..11267.771 rows=4582714 loops=1)
        Filter: (person_id < 442471)
        Rows Removed by Filter: 31661630
  ->  Hash  (cost=83072.29..83072.29 rows=208 width=8) (actual time=1407.200..1407.200 rows=841 loops=1)
        Buckets: 1024  Batches: 1  Memory Usage: 41kB
        ->  Nested Loop  (cost=0.43..83072.29 rows=208 width=8) (actual time=1.342..1406.518 rows=841 loops=1)
              ->  Seq Scan on movie_keyword mk  (cost=0.00..81003.12 rows=246 width=4) (actual time=1.309..1354.103 rows=910 loops=1)
                    Filter: (keyword_id = 10208)
                    Rows Removed by Filter: 4523020
              ->  Index Scan using title_pkey on title t  (cost=0.43..8.40 rows=1 width=4) (actual time=0.056..0.056 rows=1 loops=910)
                    Index Cond: (id = mk.movie_id)
                    Filter: (production_year > 1966)
                    Rows Removed by Filter: 0
Planning time: 1.200 ms
Execution time: 13525.425 ms
