Seq Scan on movie_keyword mk  (cost=0.00..81003.12 rows=3076307 width=0) (actual time=0.021..1537.448 rows=3059641 loops=1)
  Filter: (keyword_id > 2082)
  Rows Removed by Filter: 1464289
Planning time: 0.329 ms
Execution time: 1918.142 ms
