Seq Scan on cast_info ci  (cost=0.00..796071.18 rows=8791713 width=0) (actual time=1269.075..14248.685 rows=12670688 loops=1)
  Filter: ((person_id < 2582665) AND (role_id < 2))
  Rows Removed by Filter: 23573656
Planning time: 0.355 ms
Execution time: 15790.711 ms
