Nested Loop  (cost=0.43..709674.40 rows=249 width=0) (actual time=4526.300..10502.529 rows=58 loops=1)
  ->  Seq Scan on cast_info ci  (cost=0.00..705507.15 rows=500 width=4) (actual time=4524.361..10492.527 rows=83 loops=1)
        Filter: (person_id = 54926)
        Rows Removed by Filter: 36244261
  ->  Index Scan using title_pkey on title t  (cost=0.43..8.32 rows=1 width=4) (actual time=0.118..0.118 rows=1 loops=83)
        Index Cond: (id = ci.movie_id)
        Filter: ((production_year < 2011) AND (kind_id = 7))
        Rows Removed by Filter: 0
Planning time: 0.565 ms
Execution time: 10502.648 ms
