Hash Join  (cost=221232.17..599698.24 rows=558995 width=0) (actual time=7133.807..11500.929 rows=1285210 loops=1)
  Hash Cond: (mi.movie_id = t.id)
  ->  Seq Scan on movie_info mi  (cost=0.00..346232.03 rows=2073893 width=4) (actual time=2515.023..5496.046 rows=2091068 loops=1)
        Filter: (info_type_id < 3)
        Rows Removed by Filter: 12744652
  ->  Hash  (cost=210049.96..210049.96 rows=681537 width=8) (actual time=4617.899..4617.899 rows=679742 loops=1)
        Buckets: 131072  Batches: 16  Memory Usage: 2758kB
        ->  Hash Join  (cost=102767.86..210049.96 rows=681537 width=8) (actual time=1905.350..4420.410 rows=679742 loops=1)
              Hash Cond: (mk.movie_id = t.id)
              ->  Seq Scan on movie_keyword mk  (cost=0.00..81003.12 rows=681537 width=4) (actual time=0.031..1338.888 rows=679742 loops=1)
                    Filter: (keyword_id < 557)
                    Rows Removed by Filter: 3844188
              ->  Hash  (cost=61283.27..61283.27 rows=2528527 width=4) (actual time=1904.300..1904.300 rows=2528312 loops=1)
                    Buckets: 131072  Batches: 64  Memory Usage: 2425kB
                    ->  Seq Scan on title t  (cost=0.00..61283.27 rows=2528527 width=4) (actual time=0.022..1090.010 rows=2528312 loops=1)
Planning time: 1.119 ms
Execution time: 11640.310 ms
