Seq Scan on movie_keyword mk  (cost=0.00..81003.12 rows=246 width=0) (actual time=0.132..1237.875 rows=1617 loops=1)
  Filter: (keyword_id = 1613)
  Rows Removed by Filter: 4522313
Planning time: 0.347 ms
Execution time: 1238.374 ms
