Seq Scan on cast_info ci  (cost=0.00..705507.15 rows=21594227 width=0) (actual time=0.012..12900.138 rows=21451971 loops=1)
  Filter: (person_id < 2173955)
  Rows Removed by Filter: 14792373
Planning time: 0.562 ms
Execution time: 15596.931 ms
