Hash Join  (cost=257152.88..1567180.65 rows=22481259 width=0) (actual time=5586.792..55163.251 rows=75787004 loops=1)
  Hash Cond: (ci.movie_id = t.id)
  ->  Seq Scan on cast_info ci  (cost=0.00..614943.12 rows=36225612 width=4) (actual time=0.017..13399.974 rows=36244344 loops=1)
  ->  Hash  (cost=231408.14..231408.14 rows=1569179 width=8) (actual time=5585.676..5585.676 rows=1586665 loops=1)
        Buckets: 131072  Batches: 32  Memory Usage: 2949kB
        ->  Hash Join  (cost=102767.86..231408.14 rows=1569179 width=8) (actual time=1921.601..5118.249 rows=1586665 loops=1)
              Hash Cond: (mk.movie_id = t.id)
              ->  Seq Scan on movie_keyword mk  (cost=0.00..81003.12 rows=1569179 width=4) (actual time=0.021..1584.431 rows=1586665 loops=1)
                    Filter: (keyword_id > 9800)
                    Rows Removed by Filter: 2937265
              ->  Hash  (cost=61283.27..61283.27 rows=2528527 width=4) (actual time=1917.165..1917.165 rows=2528312 loops=1)
                    Buckets: 131072  Batches: 64  Memory Usage: 2425kB
                    ->  Seq Scan on title t  (cost=0.00..61283.27 rows=2528527 width=4) (actual time=0.018..1061.487 rows=2528312 loops=1)
Planning time: 1.108 ms
Execution time: 63659.373 ms
