Hash Join  (cost=465835.78..1388623.77 rows=3393453 width=0) (actual time=12050.312..33948.790 rows=8249905 loops=1)
  Hash Cond: (ci.movie_id = t.id)
  ->  Seq Scan on cast_info ci  (cost=0.00..705507.15 rows=15671812 width=4) (actual time=3043.065..14275.373 rows=15786841 loops=1)
        Filter: (person_id > 2058016)
        Rows Removed by Filter: 20457503
  ->  Hash  (cost=456852.93..456852.93 rows=547508 width=8) (actual time=9006.210..9006.210 rows=1068150 loops=1)
        Buckets: 131072 (originally 131072)  Batches: 16 (originally 8)  Memory Usage: 3621kB
        ->  Hash Join  (cost=78556.72..456852.93 rows=547508 width=8) (actual time=2995.616..8685.103 rows=1068150 loops=1)
              Hash Cond: (mi.movie_id = t.id)
              ->  Seq Scan on movie_info mi  (cost=0.00..346232.03 rows=2073893 width=4) (actual time=1543.821..5918.382 rows=2091068 loops=1)
                    Filter: (info_type_id < 3)
                    Rows Removed by Filter: 12744652
              ->  Hash  (cost=67604.59..67604.59 rows=667531 width=4) (actual time=1299.287..1299.287 rows=662825 loops=1)
                    Buckets: 131072  Batches: 16  Memory Usage: 2485kB
                    ->  Seq Scan on title t  (cost=0.00..67604.59 rows=667531 width=4) (actual time=53.048..985.108 rows=662825 loops=1)
                          Filter: (kind_id = 1)
                          Rows Removed by Filter: 1865487
Planning time: 2.810 ms
Execution time: 34899.518 ms
