Seq Scan on movie_keyword mk  (cost=0.00..81003.12 rows=3847328 width=0) (actual time=0.014..1501.685 rows=3847509 loops=1)
  Filter: (keyword_id > 545)
  Rows Removed by Filter: 676421
Planning time: 0.350 ms
Execution time: 1953.305 ms
