Seq Scan on movie_keyword mk  (cost=0.00..81003.12 rows=2720336 width=0) (actual time=0.023..1402.645 rows=2719840 loops=1)
  Filter: (keyword_id < 7695)
  Rows Removed by Filter: 1804090
Planning time: 0.335 ms
Execution time: 1727.597 ms
