Seq Scan on cast_info ci  (cost=0.00..705507.15 rows=21775694 width=0) (actual time=0.012..12634.938 rows=21864625 loops=1)
  Filter: (person_id > 1415867)
  Rows Removed by Filter: 14379719
Planning time: 0.365 ms
Execution time: 15346.442 ms
