Seq Scan on title t  (cost=0.00..67604.59 rows=1322317 width=0) (actual time=0.021..1270.277 rows=1322863 loops=1)
  Filter: (production_year > 2001)
  Rows Removed by Filter: 1205449
Planning time: 0.322 ms
Execution time: 1440.839 ms
