Hash Join  (cost=709678.15..770596.58 rows=501 width=0) (actual time=10930.022..12329.297 rows=70 loops=1)
  Hash Cond: (mc.movie_id = t.id)
  ->  Seq Scan on movie_companies mc  (cost=0.00..51404.11 rows=2535814 width=4) (actual time=0.029..1040.031 rows=2536567 loops=1)
        Filter: (company_id < 174926)
        Rows Removed by Filter: 72562
  ->  Hash  (cost=709671.90..709671.90 rows=500 width=8) (actual time=10917.824..10917.824 rows=293 loops=1)
        Buckets: 1024  Batches: 1  Memory Usage: 20kB
        ->  Nested Loop  (cost=0.43..709671.90 rows=500 width=8) (actual time=1564.760..10917.699 rows=293 loops=1)
              ->  Seq Scan on cast_info ci  (cost=0.00..705507.15 rows=500 width=4) (actual time=1564.641..10914.625 rows=293 loops=1)
                    Filter: (person_id = 2958319)
                    Rows Removed by Filter: 36244051
              ->  Index Only Scan using title_pkey on title t  (cost=0.43..8.32 rows=1 width=4) (actual time=0.010..0.010 rows=1 loops=293)
                    Index Cond: (id = ci.movie_id)
                    Heap Fetches: 293
Planning time: 1.207 ms
Execution time: 12329.433 ms
