Seq Scan on cast_info ci  (cost=0.00..796071.18 rows=1687496 width=0) (actual time=2425.772..11331.323 rows=3394950 loops=1)
  Filter: ((person_id < 455622) AND (role_id = 1))
  Rows Removed by Filter: 32849394
Planning time: 0.423 ms
Execution time: 11759.133 ms
