Hash Join  (cost=81711.83..591034.15 rows=2766239 width=0) (actual time=1400.648..14075.065 rows=1637322 loops=1)
  Hash Cond: (mi.movie_id = t.id)
  ->  Seq Scan on movie_info mi  (cost=0.00..309384.22 rows=14739122 width=4) (actual time=0.017..5793.776 rows=14835720 loops=1)
  ->  Hash  (cost=73925.90..73925.90 rows=474554 width=4) (actual time=1400.074..1400.074 rows=337207 loops=1)
        Buckets: 131072  Batches: 8  Memory Usage: 2502kB
        ->  Seq Scan on title t  (cost=0.00..73925.90 rows=474554 width=4) (actual time=0.020..1281.915 rows=337207 loops=1)
              Filter: ((kind_id > 1) AND (production_year < 1988))
              Rows Removed by Filter: 2191105
Planning time: 0.776 ms
Execution time: 14261.270 ms
