Hash Join  (cost=161801.55..283698.99 rows=345918 width=0) (actual time=3997.318..8980.625 rows=7913874 loops=1)
  Hash Cond: (mk.movie_id = t.id)
  ->  Seq Scan on movie_keyword mk  (cost=0.00..81003.12 rows=3143501 width=4) (actual time=0.021..1629.367 rows=3127723 loops=1)
        Filter: (keyword_id < 12000)
        Rows Removed by Filter: 1396207
  ->  Hash  (cost=157236.49..157236.49 rows=278245 width=8) (actual time=3996.455..3996.455 rows=782165 loops=1)
        Buckets: 131072 (originally 131072)  Batches: 8 (originally 4)  Memory Usage: 4889kB
        ->  Hash Join  (cost=78350.52..157236.49 rows=278245 width=8) (actual time=1354.718..3758.372 rows=782165 loops=1)
              Hash Cond: (mc.movie_id = t.id)
              ->  Seq Scan on movie_companies mc  (cost=0.00..44881.29 rows=2609129 width=4) (actual time=0.014..906.196 rows=2609129 loops=1)
              ->  Hash  (cost=73925.90..73925.90 rows=269649 width=4) (actual time=1353.490..1353.490 rows=382611 loops=1)
                    Buckets: 131072 (originally 131072)  Batches: 8 (originally 4)  Memory Usage: 3073kB
                    ->  Seq Scan on title t  (cost=0.00..73925.90 rows=269649 width=4) (actual time=0.028..1222.453 rows=382611 loops=1)
                          Filter: ((kind_id < 7) AND (production_year < 1990))
                          Rows Removed by Filter: 2145701
Planning time: 1.147 ms
Execution time: 9947.048 ms
