Hash Join  (cost=365418.15..1607850.16 rows=26964097 width=0) (actual time=8463.211..51751.778 rows=88904680 loops=1)
  Hash Cond: (ci.movie_id = t.id)
  ->  Seq Scan on cast_info ci  (cost=0.00..705507.15 rows=15070845 width=4) (actual time=0.016..13244.361 rows=15230251 loops=1)
        Filter: (person_id > 2119612)
        Rows Removed by Filter: 21014093
  ->  Hash  (cost=291197.02..291197.02 rows=4523930 width=8) (actual time=8462.080..8462.080 rows=4523930 loops=1)
        Buckets: 131072  Batches: 64  Memory Usage: 3816kB
        ->  Hash Join  (cost=102767.86..291197.02 rows=4523930 width=8) (actual time=1975.115..7178.951 rows=4523930 loops=1)
              Hash Cond: (mk.movie_id = t.id)
              ->  Seq Scan on movie_keyword mk  (cost=0.00..69693.30 rows=4523930 width=4) (actual time=0.019..1490.491 rows=4523930 loops=1)
              ->  Hash  (cost=61283.27..61283.27 rows=2528527 width=4) (actual time=1973.161..1973.161 rows=2528312 loops=1)
                    Buckets: 131072  Batches: 64  Memory Usage: 2425kB
                    ->  Seq Scan on title t  (cost=0.00..61283.27 rows=2528527 width=4) (actual time=0.006..1110.533 rows=2528312 loops=1)
Planning time: 1.100 ms
Execution time: 61963.544 ms
