Seq Scan on movie_keyword mk  (cost=0.00..81003.12 rows=4112156 width=0) (actual time=0.026..1574.721 rows=4118012 loops=1)
  Filter: (keyword_id < 42752)
  Rows Removed by Filter: 405918
Planning time: 0.345 ms
Execution time: 2074.192 ms
