Hash Join  (cost=102767.86..460198.51 rows=54808 width=0) (actual time=5632.418..7320.981 rows=50267 loops=1)
  Hash Cond: (mi.movie_id = t.id)
  ->  Seq Scan on movie_info mi  (cost=0.00..346232.03 rows=54808 width=4) (actual time=3632.421..4863.558 rows=50267 loops=1)
        Filter: (info_type_id > 107)
        Rows Removed by Filter: 14785453
  ->  Hash  (cost=61283.27..61283.27 rows=2528527 width=4) (actual time=1973.848..1973.848 rows=2528312 loops=1)
        Buckets: 131072  Batches: 64  Memory Usage: 2425kB
        ->  Seq Scan on title t  (cost=0.00..61283.27 rows=2528527 width=4) (actual time=0.040..1116.389 rows=2528312 loops=1)
Planning time: 0.743 ms
Execution time: 7327.334 ms
