Hash Join  (cost=433652.30..1260582.55 rows=177567 width=0) (actual time=6909.200..21504.881 rows=1347007 loops=1)
  Hash Cond: (ci.movie_id = t.id)
  ->  Seq Scan on cast_info ci  (cost=0.00..796071.18 rows=7755571 width=4) (actual time=0.020..12581.133 rows=3304421 loops=1)
        Filter: ((person_id < 1166737) AND (role_id > 1))
        Rows Removed by Filter: 32939923
  ->  Hash  (cost=432928.65..432928.65 rows=57892 width=8) (actual time=6907.409..6907.409 rows=182783 loops=1)
        Buckets: 131072 (originally 65536)  Batches: 4 (originally 1)  Memory Usage: 3073kB
        ->  Hash Join  (cost=80193.64..432928.65 rows=57892 width=8) (actual time=1442.761..6843.255 rows=182783 loops=1)
              Hash Cond: (mi.movie_id = t.id)
              ->  Seq Scan on movie_info mi  (cost=0.00..346232.03 rows=383217 width=4) (actual time=18.613..5213.601 rows=368218 loops=1)
                    Filter: (info_type_id = 17)
                    Rows Removed by Filter: 14467502
              ->  Hash  (cost=73925.90..73925.90 rows=381979 width=4) (actual time=1335.419..1335.419 rows=440029 loops=1)
                    Buckets: 131072  Batches: 8  Memory Usage: 2976kB
                    ->  Seq Scan on title t  (cost=0.00..73925.90 rows=381979 width=4) (actual time=0.025..1201.275 rows=440029 loops=1)
                          Filter: ((production_year < 2006) AND (kind_id = 1))
                          Rows Removed by Filter: 2088283
Planning time: 0.976 ms
Execution time: 21645.897 ms
