Hash Join  (cost=131232.33..219255.41 rows=136505 width=0) (actual time=4359.923..5904.835 rows=938457 loops=1)
  Hash Cond: (mk.movie_id = t.id)
  ->  Seq Scan on movie_keyword mk  (cost=0.00..69693.30 rows=4523930 width=4) (actual time=0.019..1107.176 rows=4523930 loops=1)
  ->  Hash  (cost=130278.63..130278.63 rows=76296 width=8) (actual time=2880.205..2880.205 rows=167533 loops=1)
        Buckets: 131072 (originally 131072)  Batches: 4 (originally 1)  Memory Usage: 3073kB
        ->  Hash Join  (cost=74850.14..130278.63 rows=76296 width=8) (actual time=1474.471..2801.634 rows=167533 loops=1)
              Hash Cond: (mc.movie_id = t.id)
              ->  Seq Scan on movie_companies mc  (cost=0.00..44881.29 rows=2609129 width=4) (actual time=0.022..652.321 rows=2609129 loops=1)
              ->  Hash  (cost=73925.90..73925.90 rows=73939 width=4) (actual time=1345.199..1345.199 rows=77452 loops=1)
                    Buckets: 131072  Batches: 1  Memory Usage: 3747kB
                    ->  Seq Scan on title t  (cost=0.00..73925.90 rows=73939 width=4) (actual time=0.039..1314.759 rows=77452 loops=1)
                          Filter: ((production_year < 2011) AND (kind_id = 2))
                          Rows Removed by Filter: 2450860
Planning time: 2.625 ms
Execution time: 6010.306 ms
