Seq Scan on title t  (cost=0.00..67604.59 rows=7437 width=0) (actual time=111.304..986.399 rows=2567 loops=1)
  Filter: (production_year = 1932)
  Rows Removed by Filter: 2525745
Planning time: 0.403 ms
Execution time: 987.095 ms
