Hash Join  (cost=200436.82..344142.36 rows=1781350 width=0) (actual time=4548.321..9249.676 rows=3132652 loops=1)
  Hash Cond: (mk.movie_id = t.id)
  ->  Seq Scan on movie_keyword mk  (cost=0.00..69693.30 rows=4523930 width=4) (actual time=0.015..1401.809 rows=4523930 loops=1)
  ->  Hash  (cost=184101.36..184101.36 rows=995637 width=8) (actual time=4547.131..4547.131 rows=853349 loops=1)
        Buckets: 131072  Batches: 16  Memory Usage: 3088kB
        ->  Hash Join  (cost=98137.04..184101.36 rows=995637 width=8) (actual time=1942.462..4281.701 rows=853349 loops=1)
              Hash Cond: (mc.movie_id = t.id)
              ->  Seq Scan on movie_companies mc  (cost=0.00..51404.11 rows=1352768 width=4) (actual time=0.024..1028.832 rows=1341083 loops=1)
                    Filter: (company_id < 11457)
                    Rows Removed by Filter: 1268046
              ->  Hash  (cost=67604.59..67604.59 rows=1860996 width=4) (actual time=1940.997..1940.997 rows=1865487 loops=1)
                    Buckets: 131072  Batches: 32  Memory Usage: 3079kB
                    ->  Seq Scan on title t  (cost=0.00..67604.59 rows=1860996 width=4) (actual time=0.022..1313.999 rows=1865487 loops=1)
                          Filter: (kind_id > 1)
                          Rows Removed by Filter: 662825
Planning time: 1.121 ms
Execution time: 9628.034 ms
