Hash Join  (cost=147027.23..276673.07 rows=627380 width=0) (actual time=3317.651..7621.990 rows=3156023 loops=1)
  Hash Cond: (mk.movie_id = t.id)
  ->  Seq Scan on movie_keyword mk  (cost=0.00..69693.30 rows=4523930 width=4) (actual time=0.023..1393.784 rows=4523930 loops=1)
  ->  Hash  (cost=141274.02..141274.02 rows=350657 width=8) (actual time=3316.763..3316.763 rows=395802 loops=1)
        Buckets: 131072  Batches: 8  Memory Usage: 2972kB
        ->  Hash Join  (cost=99161.12..141274.02 rows=350657 width=8) (actual time=1975.608..3189.198 rows=395802 loops=1)
              Hash Cond: (mi_idx.movie_id = t.id)
              ->  Seq Scan on movie_info_idx mi_idx  (cost=0.00..25185.44 rows=460978 width=4) (actual time=0.052..471.294 rows=459925 loops=1)
                    Filter: (info_type_id < 100)
                    Rows Removed by Filter: 920110
              ->  Hash  (cost=67604.59..67604.59 rows=1923403 width=4) (actual time=1974.261..1974.261 rows=1922849 loops=1)
                    Buckets: 131072  Batches: 32  Memory Usage: 3132kB
                    ->  Seq Scan on title t  (cost=0.00..67604.59 rows=1923403 width=4) (actual time=0.028..1354.702 rows=1922849 loops=1)
                          Filter: (production_year < 2010)
                          Rows Removed by Filter: 605463
Planning time: 1.178 ms
Execution time: 7975.182 ms
