Hash Join  (cost=99591.38..205636.44 rows=2011813 width=0) (actual time=2080.490..5313.055 rows=1744631 loops=1)
  Hash Cond: (mc.movie_id = t.id)
  ->  Seq Scan on movie_companies mc  (cost=0.00..44881.29 rows=2609129 width=4) (actual time=0.020..1020.411 rows=2609129 loops=1)
  ->  Hash  (cost=67604.59..67604.59 rows=1949663 width=4) (actual time=2079.604..2079.604 rows=1947263 loops=1)
        Buckets: 131072  Batches: 32  Memory Usage: 3171kB
        ->  Seq Scan on title t  (cost=0.00..67604.59 rows=1949663 width=4) (actual time=0.018..1440.314 rows=1947263 loops=1)
              Filter: (production_year > 1979)
              Rows Removed by Filter: 581049
Planning time: 7.577 ms
Execution time: 5521.538 ms
