Seq Scan on title t  (cost=0.00..73925.90 rows=880774 width=0) (actual time=0.013..1396.014 rows=963042 loops=1)
  Filter: ((kind_id > 4) AND (production_year > 1999))
  Rows Removed by Filter: 1565270
Planning time: 0.356 ms
Execution time: 1526.447 ms
