Hash Join  (cost=83073.27..447733.81 rows=459 width=0) (actual time=1342.706..7628.062 rows=1387 loops=1)
  Hash Cond: (mi.movie_id = t.id)
  ->  Seq Scan on movie_info mi  (cost=0.00..309384.22 rows=14739122 width=4) (actual time=0.020..3905.767 rows=14835720 loops=1)
  ->  Hash  (cost=83072.29..83072.29 rows=79 width=8) (actual time=1240.480..1240.480 rows=56 loops=1)
        Buckets: 1024  Batches: 1  Memory Usage: 11kB
        ->  Nested Loop  (cost=0.43..83072.29 rows=79 width=8) (actual time=24.718..1240.391 rows=56 loops=1)
              ->  Seq Scan on movie_keyword mk  (cost=0.00..81003.12 rows=246 width=4) (actual time=22.317..1236.531 rows=89 loops=1)
                    Filter: (keyword_id = 16794)
                    Rows Removed by Filter: 4523841
              ->  Index Scan using title_pkey on title t  (cost=0.43..8.40 rows=1 width=4) (actual time=0.038..0.039 rows=1 loops=89)
                    Index Cond: (id = mk.movie_id)
                    Filter: (production_year < 1995)
                    Rows Removed by Filter: 0
Planning time: 1.253 ms
Execution time: 7628.701 ms
