Seq Scan on movie_companies mc  (cost=0.00..57926.93 rows=478225 width=0) (actual time=0.020..910.064 rows=798153 loops=1)
  Filter: ((company_id > 18722) AND (company_type_id > 1))
  Rows Removed by Filter: 1810976
Planning time: 0.333 ms
Execution time: 1002.589 ms
