Hash Join  (cost=28267.93..81465.56 rows=18 width=0) (actual time=1041.420..1412.119 rows=322 loops=1)
  Hash Cond: (mc.movie_id = t.id)
  ->  Seq Scan on movie_companies mc  (cost=0.00..51404.11 rows=478223 width=4) (actual time=490.163..932.400 rows=480867 loops=1)
        Filter: (company_id > 75176)
        Rows Removed by Filter: 2128262
  ->  Hash  (cost=28266.72..28266.72 rows=97 width=8) (actual time=417.522..417.522 rows=260 loops=1)
        Buckets: 1024  Batches: 1  Memory Usage: 19kB
        ->  Nested Loop  (cost=0.43..28266.72 rows=97 width=8) (actual time=146.302..417.417 rows=260 loops=1)
              ->  Seq Scan on movie_info_idx mi_idx  (cost=0.00..25185.44 rows=368 width=4) (actual time=146.226..404.572 rows=260 loops=1)
                    Filter: (info_type_id > 101)
                    Rows Removed by Filter: 1379775
              ->  Index Scan using title_pkey on title t  (cost=0.43..8.36 rows=1 width=4) (actual time=0.048..0.049 rows=1 loops=260)
                    Index Cond: (id = mi_idx.movie_id)
                    Filter: (kind_id = 1)
Planning time: 1.170 ms
Execution time: 1412.322 ms
