Seq Scan on movie_companies mc  (cost=0.00..57926.93 rows=2133 width=0) (actual time=0.062..912.728 rows=4134 loops=1)
  Filter: ((company_type_id < 2) AND (company_id = 258))
  Rows Removed by Filter: 2604995
Planning time: 0.412 ms
Execution time: 913.599 ms
