Hash Join  (cost=231322.67..399371.01 rows=3315239 width=0) (actual time=5956.450..16492.631 rows=29273784 loops=1)
  Hash Cond: (mk.movie_id = t.id)
  ->  Seq Scan on movie_keyword mk  (cost=0.00..69693.30 rows=4523930 width=4) (actual time=0.024..1529.673 rows=4523930 loops=1)
  ->  Hash  (cost=200921.64..200921.64 rows=1852962 width=8) (actual time=5955.152..5955.152 rows=2059977 loops=1)
        Buckets: 131072  Batches: 32  Memory Usage: 3584kB
        ->  Hash Join  (cost=97066.09..200921.64 rows=1852962 width=8) (actual time=2232.548..5371.549 rows=2059977 loops=1)
              Hash Cond: (mc.movie_id = t.id)
              ->  Seq Scan on movie_companies mc  (cost=0.00..44881.29 rows=2609129 width=4) (actual time=0.014..968.969 rows=2609129 loops=1)
              ->  Hash  (cost=67604.59..67604.59 rows=1795720 width=4) (actual time=2231.601..2231.601 rows=1794153 loops=1)
                    Buckets: 131072  Batches: 32  Memory Usage: 2992kB
                    ->  Seq Scan on title t  (cost=0.00..67604.59 rows=1795720 width=4) (actual time=0.020..1351.694 rows=1794153 loops=1)
                          Filter: (production_year < 2009)
                          Rows Removed by Filter: 734159
Planning time: 1.339 ms
Execution time: 19917.342 ms
