Nested Loop  (cost=0.43..709671.90 rows=500 width=0) (actual time=6840.272..10526.498 rows=4584 loops=1)
  ->  Seq Scan on cast_info ci  (cost=0.00..705507.15 rows=500 width=4) (actual time=6840.164..10478.074 rows=4584 loops=1)
        Filter: (person_id = 1673250)
        Rows Removed by Filter: 36239760
  ->  Index Only Scan using title_pkey on title t  (cost=0.43..8.32 rows=1 width=4) (actual time=0.010..0.010 rows=1 loops=4584)
        Index Cond: (id = ci.movie_id)
        Heap Fetches: 4584
Planning time: 0.775 ms
Execution time: 10527.469 ms
