Seq Scan on movie_keyword mk  (cost=0.00..81003.12 rows=2206341 width=0) (actual time=0.030..1483.581 rows=2205616 loops=1)
  Filter: (keyword_id < 4448)
  Rows Removed by Filter: 2318314
Planning time: 0.349 ms
Execution time: 1758.804 ms
