Seq Scan on cast_info ci  (cost=0.00..796071.18 rows=8663371 width=0) (actual time=3672.694..13776.726 rows=13495811 loops=1)
  Filter: ((person_id > 2322734) AND (role_id > 1))
  Rows Removed by Filter: 22748533
Planning time: 0.396 ms
Execution time: 15401.125 ms
