Nested Loop  (cost=0.43..83072.90 rows=21 width=0) (actual time=1165.035..1288.604 rows=5 loops=1)
  ->  Seq Scan on movie_keyword mk  (cost=0.00..81003.12 rows=246 width=4) (actual time=1.431..1276.567 rows=399 loops=1)
        Filter: (keyword_id = 17854)
        Rows Removed by Filter: 4523531
  ->  Index Scan using title_pkey on title t  (cost=0.43..8.40 rows=1 width=4) (actual time=0.029..0.029 rows=0 loops=399)
        Index Cond: (id = mk.movie_id)
        Filter: ((production_year < 1969) AND (kind_id = 7))
        Rows Removed by Filter: 1
Planning time: 0.787 ms
Execution time: 1288.696 ms
