Hash Join  (cost=248965.21..416344.73 rows=1525049 width=156) (actual time=5994.433..14187.476 rows=5865955 loops=1)
  Hash Cond: (mk.movie_id = t.id)
  ->  Seq Scan on movie_keyword mk  (cost=0.00..81003.12 rows=3666640 width=12) (actual time=0.025..2125.877 rows=3662604 loops=1)
        Filter: (keyword_id > 819)
        Rows Removed by Filter: 861326
  ->  Hash  (cost=214251.23..214251.23 rows=1051679 width=144) (actual time=5990.308..5990.308 rows=1040410 loops=1)
        Buckets: 32768  Batches: 64  Memory Usage: 2468kB
        ->  Hash Join  (cost=119917.91..214251.23 rows=1051679 width=144) (actual time=3172.757..5350.900 rows=1040410 loops=1)
              Hash Cond: (mi_idx.movie_id = t.id)
              ->  Seq Scan on movie_info_idx mi_idx  (cost=0.00..21735.35 rows=1380035 width=50) (actual time=0.016..438.339 rows=1380035 loops=1)
              ->  Hash  (cost=67604.59..67604.59 rows=1926906 width=94) (actual time=3169.991..3169.991 rows=1918028 loops=1)
                    Buckets: 32768  Batches: 128  Memory Usage: 1934kB
                    ->  Seq Scan on title t  (cost=0.00..67604.59 rows=1926906 width=94) (actual time=0.020..1518.080 rows=1918028 loops=1)
                          Filter: (production_year > 1981)
                          Rows Removed by Filter: 610284
Planning time: 1.367 ms
Execution time: 14525.622 ms
