Seq Scan on movie_keyword mk  (cost=0.00..81003.12 rows=246 width=0) (actual time=17.282..1229.496 rows=186 loops=1)
  Filter: (keyword_id = 14569)
  Rows Removed by Filter: 4523744
Planning time: 0.378 ms
Execution time: 1229.705 ms
