Seq Scan on cast_info ci  (cost=0.00..705507.15 rows=8796760 width=0) (actual time=0.010..12338.359 rows=8804856 loops=1)
  Filter: (person_id > 2811396)
  Rows Removed by Filter: 27439488
Planning time: 0.357 ms
Execution time: 13462.023 ms
