Hash Join  (cost=76725.80..886818.73 rows=73643 width=0) (actual time=8097.329..13487.055 rows=52507 loops=1)
  Hash Cond: (ci.movie_id = t.id)
  ->  Seq Scan on cast_info ci  (cost=0.00..796071.18 rows=1091284 width=4) (actual time=6893.383..11971.245 rows=756084 loops=1)
        Filter: ((person_id < 952197) AND (role_id = 3))
        Rows Removed by Filter: 35488260
  ->  Hash  (cost=73925.90..73925.90 rows=170632 width=4) (actual time=1202.870..1202.870 rows=170068 loops=1)
        Buckets: 131072  Batches: 4  Memory Usage: 2534kB
        ->  Seq Scan on title t  (cost=0.00..73925.90 rows=170632 width=4) (actual time=0.041..1144.807 rows=170068 loops=1)
              Filter: ((kind_id > 1) AND (production_year > 2011))
              Rows Removed by Filter: 2358244
Planning time: 0.815 ms
Execution time: 13492.253 ms
