Seq Scan on movie_keyword mk  (cost=0.00..81003.12 rows=246 width=0) (actual time=0.130..1287.282 rows=851 loops=1)
  Filter: (keyword_id = 6066)
  Rows Removed by Filter: 4523079
Planning time: 0.389 ms
Execution time: 1287.681 ms
