Hash Join  (cost=79303.65..603459.93 rows=4156435 width=0) (actual time=1731.294..17592.296 rows=5686690 loops=1)
  Hash Cond: (mi.movie_id = t.id)
  ->  Seq Scan on movie_info mi  (cost=0.00..309384.22 rows=14739122 width=4) (actual time=0.025..6388.135 rows=14835720 loops=1)
  ->  Hash  (cost=67604.59..67604.59 rows=713045 width=4) (actual time=1730.139..1730.139 rows=707186 loops=1)
        Buckets: 131072  Batches: 16  Memory Usage: 2585kB
        ->  Seq Scan on title t  (cost=0.00..67604.59 rows=713045 width=4) (actual time=0.017..1215.029 rows=707186 loops=1)
              Filter: (production_year < 1991)
              Rows Removed by Filter: 1821126
Planning time: 0.758 ms
Execution time: 18308.460 ms
