Seq Scan on movie_keyword mk  (cost=0.00..81003.12 rows=3145092 width=0) (actual time=0.013..1527.538 rows=3129446 loops=1)
  Filter: (keyword_id < 12015)
  Rows Removed by Filter: 1394484
Planning time: 0.395 ms
Execution time: 1904.492 ms
