Seq Scan on movie_companies mc  (cost=0.00..57926.93 rows=711339 width=0) (actual time=162.689..1095.657 rows=496441 loops=1)
  Filter: ((company_id > 9172) AND (company_type_id < 2))
  Rows Removed by Filter: 2112688
Planning time: 0.377 ms
Execution time: 1157.256 ms
