Hash Join  (cost=52284.99..406747.73 rows=90 width=0) (actual time=2796.556..6557.485 rows=480 loops=1)
  Hash Cond: (mi.movie_id = t.id)
  ->  Seq Scan on movie_info mi  (cost=0.00..346232.03 rows=2194617 width=4) (actual time=1917.085..5400.008 rows=2233850 loops=1)
        Filter: (info_type_id > 16)
        Rows Removed by Filter: 12601870
  ->  Hash  (cost=52283.69..52283.69 rows=104 width=8) (actual time=818.726..818.726 rows=725 loops=1)
        Buckets: 1024  Batches: 1  Memory Usage: 37kB
        ->  Nested Loop  (cost=0.43..52283.69 rows=104 width=8) (actual time=29.162..818.207 rows=725 loops=1)
              ->  Seq Scan on movie_companies mc  (cost=0.00..51404.11 rows=104 width=4) (actual time=29.074..795.889 rows=725 loops=1)
                    Filter: (company_id = 487)
                    Rows Removed by Filter: 2608404
              ->  Index Only Scan using title_pkey on title t  (cost=0.43..8.45 rows=1 width=4) (actual time=0.029..0.029 rows=1 loops=725)
                    Index Cond: (id = mc.movie_id)
                    Heap Fetches: 725
Planning time: 1.105 ms
Execution time: 6557.726 ms
