Hash Join  (cost=189971.78..665610.13 rows=1796316 width=0) (actual time=4395.777..19236.931 rows=11815672 loops=1)
  Hash Cond: (mi.movie_id = t.id)
  ->  Seq Scan on movie_info mi  (cost=0.00..346232.03 rows=9476311 width=4) (actual time=0.020..6983.781 rows=9565151 loops=1)
        Filter: (info_type_id < 16)
        Rows Removed by Filter: 5270569
  ->  Hash  (cost=182107.48..182107.48 rows=479304 width=8) (actual time=4394.808..4394.808 rows=686041 loops=1)
        Buckets: 131072 (originally 131072)  Batches: 16 (originally 8)  Memory Usage: 3073kB
        ->  Hash Join  (cost=102767.86..182107.48 rows=479304 width=8) (actual time=2283.599..4184.823 rows=686041 loops=1)
              Hash Cond: (mc.movie_id = t.id)
              ->  Seq Scan on movie_companies mc  (cost=0.00..57926.93 rows=479304 width=4) (actual time=234.175..983.253 rows=686041 loops=1)
                    Filter: ((company_id < 4339) AND (company_type_id = 1))
                    Rows Removed by Filter: 1923088
              ->  Hash  (cost=61283.27..61283.27 rows=2528527 width=4) (actual time=2048.082..2048.082 rows=2528312 loops=1)
                    Buckets: 131072  Batches: 64  Memory Usage: 2415kB
                    ->  Seq Scan on title t  (cost=0.00..61283.27 rows=2528527 width=4) (actual time=0.028..1168.816 rows=2528312 loops=1)
Planning time: 4.744 ms
Execution time: 20636.735 ms
