Seq Scan on movie_keyword mk  (cost=0.00..81003.12 rows=1544589 width=0) (actual time=0.029..1415.613 rows=1553480 loops=1)
  Filter: (keyword_id < 2298)
  Rows Removed by Filter: 2970450
Planning time: 0.870 ms
Execution time: 1619.339 ms
