Seq Scan on movie_companies mc  (cost=0.00..51404.11 rows=104 width=0) (actual time=2.495..757.549 rows=163 loops=1)
  Filter: (company_id = 15285)
  Rows Removed by Filter: 2608966
Planning time: 0.399 ms
Execution time: 757.710 ms
