Seq Scan on movie_keyword mk  (cost=0.00..81003.12 rows=1761552 width=0) (actual time=0.020..1543.341 rows=1766283 loops=1)
  Filter: (keyword_id > 7850)
  Rows Removed by Filter: 2757647
Planning time: 0.338 ms
Execution time: 1759.494 ms
