Seq Scan on movie_keyword mk  (cost=0.00..81003.12 rows=3843417 width=0) (actual time=0.020..1603.816 rows=3836766 loops=1)
  Filter: (keyword_id < 27412)
  Rows Removed by Filter: 687164
Planning time: 0.337 ms
Execution time: 2087.449 ms
