Nested Loop  (cost=0.43..83071.67 rows=246 width=0) (actual time=28.297..1308.924 rows=60 loops=1)
  ->  Seq Scan on movie_keyword mk  (cost=0.00..81003.12 rows=246 width=4) (actual time=28.227..1304.825 rows=60 loops=1)
        Filter: (keyword_id = 8176)
        Rows Removed by Filter: 4523870
  ->  Index Only Scan using title_pkey on title t  (cost=0.43..8.40 rows=1 width=4) (actual time=0.063..0.064 rows=1 loops=60)
        Index Cond: (id = mk.movie_id)
        Heap Fetches: 60
Planning time: 0.542 ms
Execution time: 1309.021 ms
