Hash Join  (cost=80408.18..153527.06 rows=162463 width=0) (actual time=1247.355..3319.696 rows=260803 loops=1)
  Hash Cond: (mc.movie_id = t.id)
  ->  Seq Scan on movie_companies mc  (cost=0.00..57926.93 rows=1039818 width=4) (actual time=0.027..1095.345 rows=1274246 loops=1)
        Filter: ((company_id < 74635) AND (company_type_id < 2))
        Rows Removed by Filter: 1334883
  ->  Hash  (cost=73925.90..73925.90 rows=395062 width=4) (actual time=1246.453..1246.453 rows=335993 loops=1)
        Buckets: 131072  Batches: 8  Memory Usage: 2492kB
        ->  Seq Scan on title t  (cost=0.00..73925.90 rows=395062 width=4) (actual time=0.044..1144.010 rows=335993 loops=1)
              Filter: ((kind_id < 7) AND (production_year > 2005))
              Rows Removed by Filter: 2192319
Planning time: 0.783 ms
Execution time: 3354.058 ms
