Hash Join  (cost=74181.07..827894.75 rows=292452 width=0) (actual time=1133.546..19233.142 rows=301974 loops=1)
  Hash Cond: (ci.movie_id = t.id)
  ->  Seq Scan on cast_info ci  (cost=0.00..614943.12 rows=36225612 width=4) (actual time=0.018..9065.278 rows=36244344 loops=1)
  ->  Hash  (cost=73925.90..73925.90 rows=20413 width=4) (actual time=1133.094..1133.094 rows=17357 loops=1)
        Buckets: 32768  Batches: 1  Memory Usage: 867kB
        ->  Seq Scan on title t  (cost=0.00..73925.90 rows=20413 width=4) (actual time=0.044..1125.667 rows=17357 loops=1)
              Filter: ((kind_id < 7) AND (production_year = 2000))
              Rows Removed by Filter: 2510955
Planning time: 0.535 ms
Execution time: 19284.107 ms
