Hash Join  (cost=101553.92..188350.39 rows=13843 width=0) (actual time=1891.292..3706.848 rows=114180 loops=1)
  Hash Cond: (mk.movie_id = t.id)
  ->  Seq Scan on movie_keyword mk  (cost=0.00..69693.30 rows=4523930 width=4) (actual time=0.022..959.637 rows=4523930 loops=1)
  ->  Hash  (cost=101457.21..101457.21 rows=7737 width=8) (actual time=1891.116..1891.116 rows=13785 loops=1)
        Buckets: 16384 (originally 8192)  Batches: 1 (originally 1)  Memory Usage: 667kB
        ->  Hash Join  (cost=74452.28..101457.21 rows=7737 width=8) (actual time=1195.210..1884.910 rows=13785 loops=1)
              Hash Cond: (mi_idx.movie_id = t.id)
              ->  Seq Scan on movie_info_idx mi_idx  (cost=0.00..25185.44 rows=464566 width=4) (actual time=0.022..552.900 rows=459925 loops=1)
                    Filter: (info_type_id = 101)
                    Rows Removed by Filter: 920110
              ->  Hash  (cost=73925.90..73925.90 rows=42110 width=4) (actual time=1194.847..1194.847 rows=33905 loops=1)
                    Buckets: 65536  Batches: 1  Memory Usage: 1704kB
                    ->  Seq Scan on title t  (cost=0.00..73925.90 rows=42110 width=4) (actual time=0.054..1181.099 rows=33905 loops=1)
                          Filter: ((kind_id < 7) AND (production_year = 2006))
                          Rows Removed by Filter: 2494407
Planning time: 1.187 ms
Execution time: 3721.716 ms
