Hash Join  (cost=104071.89..1076683.29 rows=6830332 width=0) (actual time=3889.206..26396.045 rows=10423190 loops=1)
  Hash Cond: (ci.movie_id = t.id)
  ->  Seq Scan on cast_info ci  (cost=0.00..796071.18 rows=7769981 width=4) (actual time=1780.948..14592.537 rows=11071525 loops=1)
        Filter: ((person_id > 1868126) AND (role_id > 2))
        Rows Removed by Filter: 25172819
  ->  Hash  (cost=67604.59..67604.59 rows=2222744 width=4) (actual time=2107.123..2107.123 rows=2214818 loops=1)
        Buckets: 131072  Batches: 32  Memory Usage: 3459kB
        ->  Seq Scan on title t  (cost=0.00..67604.59 rows=2222744 width=4) (actual time=0.026..1388.869 rows=2214818 loops=1)
              Filter: (production_year > 1959)
              Rows Removed by Filter: 313494
Planning time: 0.823 ms
Execution time: 27674.839 ms
