Hash Join  (cost=78368.68..575016.85 rows=1578424 width=0) (actual time=1215.646..14206.520 rows=2553166 loops=1)
  Hash Cond: (mi.movie_id = t.id)
  ->  Seq Scan on movie_info mi  (cost=0.00..309384.22 rows=14739122 width=4) (actual time=0.018..5540.783 rows=14835720 loops=1)
  ->  Hash  (cost=73925.90..73925.90 rows=270782 width=4) (actual time=1212.802..1212.802 rows=229992 loops=1)
        Buckets: 131072  Batches: 4  Memory Usage: 3053kB
        ->  Seq Scan on title t  (cost=0.00..73925.90 rows=270782 width=4) (actual time=0.011..1131.155 rows=229992 loops=1)
              Filter: ((kind_id < 3) AND (production_year > 2006))
              Rows Removed by Filter: 2298320
Planning time: 1.575 ms
Execution time: 14541.163 ms
