Hash Join  (cost=620289.23..2126307.06 rows=26194769 width=0) (actual time=17258.389..92376.376 rows=171484366 loops=1)
  Hash Cond: (ci.movie_id = t.id)
  ->  Seq Scan on cast_info ci  (cost=0.00..705507.15 rows=29746693 width=4) (actual time=0.011..16740.774 rows=29853430 loops=1)
        Filter: (person_id > 616538)
        Rows Removed by Filter: 6390914
  ->  Hash  (cost=583758.64..583758.64 rows=2226607 width=8) (actual time=17255.568..17255.568 rows=5690279 loops=1)
        Buckets: 131072 (originally 131072)  Batches: 128 (originally 32)  Memory Usage: 3073kB
        ->  Hash Join  (cost=80193.64..583758.64 rows=2226607 width=8) (actual time=1658.813..15697.365 rows=5690279 loops=1)
              Hash Cond: (mi.movie_id = t.id)
              ->  Seq Scan on movie_info mi  (cost=0.00..309384.22 rows=14739122 width=4) (actual time=0.018..5885.582 rows=14835720 loops=1)
              ->  Hash  (cost=73925.90..73925.90 rows=381979 width=4) (actual time=1550.343..1550.343 rows=440029 loops=1)
                    Buckets: 131072  Batches: 8  Memory Usage: 2976kB
                    ->  Seq Scan on title t  (cost=0.00..73925.90 rows=381979 width=4) (actual time=66.250..1137.430 rows=440029 loops=1)
                          Filter: ((production_year < 2006) AND (kind_id = 1))
                          Rows Removed by Filter: 2088283
Planning time: 0.829 ms
Execution time: 111551.599 ms
