Seq Scan on movie_keyword mk  (cost=0.00..81003.12 rows=3674633 width=0) (actual time=0.013..1397.479 rows=3668018 loops=1)
  Filter: (keyword_id < 21472)
  Rows Removed by Filter: 855912
Planning time: 0.360 ms
Execution time: 1842.820 ms
