Hash Join  (cost=78556.72..1001700.70 rows=2313565 width=0) (actual time=10939.772..23979.052 rows=2922079 loops=1)
  Hash Cond: (ci.movie_id = t.id)
  ->  Seq Scan on cast_info ci  (cost=0.00..796071.18 rows=8763506 width=4) (actual time=9505.950..17101.797 rows=9035533 loops=1)
        Filter: ((person_id > 254557) AND (role_id > 4))
        Rows Removed by Filter: 27208811
  ->  Hash  (cost=67604.59..67604.59 rows=667531 width=4) (actual time=1432.458..1432.458 rows=662825 loops=1)
        Buckets: 131072  Batches: 16  Memory Usage: 2476kB
        ->  Seq Scan on title t  (cost=0.00..67604.59 rows=667531 width=4) (actual time=0.029..1235.667 rows=662825 loops=1)
              Filter: (kind_id = 1)
              Rows Removed by Filter: 1865487
Planning time: 9.014 ms
Execution time: 24306.088 ms
