Hash Join  (cost=77434.04..938663.14 rows=438259 width=0) (actual time=11249.339..20132.621 rows=900073 loops=1)
  Hash Cond: (ci.movie_id = t.id)
  ->  Seq Scan on cast_info ci  (cost=0.00..796071.18 rows=5183822 width=4) (actual time=10017.113..15155.456 rows=7450289 loops=1)
        Filter: ((person_id > 1014747) AND (role_id = 2))
        Rows Removed by Filter: 28794055
  ->  Hash  (cost=73925.90..73925.90 rows=213771 width=4) (actual time=1230.926..1230.926 rows=345524 loops=1)
        Buckets: 131072  Batches: 4  Memory Usage: 4064kB
        ->  Seq Scan on title t  (cost=0.00..73925.90 rows=213771 width=4) (actual time=0.043..1117.472 rows=345524 loops=1)
              Filter: ((kind_id < 3) AND (production_year < 1991))
              Rows Removed by Filter: 2182788
Planning time: 0.834 ms
Execution time: 20234.866 ms
