Hash Join  (cost=127857.20..623537.42 rows=1487727 width=0) (actual time=2912.107..18776.213 rows=10676740 loops=1)
  Hash Cond: (mi.movie_id = t.id)
  ->  Seq Scan on movie_info mi  (cost=0.00..309384.22 rows=14739122 width=4) (actual time=0.006..6158.342 rows=14835720 loops=1)
  ->  Hash  (cost=123669.92..123669.92 rows=255223 width=8) (actual time=2911.165..2911.165 rows=571729 loops=1)
        Buckets: 131072 (originally 131072)  Batches: 8 (originally 4)  Memory Usage: 3849kB
        ->  Hash Join  (cost=81598.21..123669.92 rows=255223 width=8) (actual time=1431.386..2731.615 rows=571729 loops=1)
              Hash Cond: (mi_idx.movie_id = t.id)
              ->  Seq Scan on movie_info_idx mi_idx  (cost=0.00..21735.35 rows=1380035 width=4) (actual time=0.009..433.844 rows=1380035 loops=1)
              ->  Hash  (cost=73925.90..73925.90 rows=467624 width=4) (actual time=1430.502..1430.502 rows=557493 loops=1)
                    Buckets: 131072  Batches: 8  Memory Usage: 3486kB
                    ->  Seq Scan on title t  (cost=0.00..73925.90 rows=467624 width=4) (actual time=0.039..1233.038 rows=557493 loops=1)
                          Filter: ((kind_id < 7) AND (production_year < 2003))
                          Rows Removed by Filter: 1970819
Planning time: 1.233 ms
Execution time: 20082.215 ms
