Hash Join  (cost=58358.73..145017.25 rows=48 width=0) (actual time=1234.327..2403.025 rows=183 loops=1)
  Hash Cond: (mk.movie_id = t.id)
  ->  Seq Scan on movie_keyword mk  (cost=0.00..69693.30 rows=4523930 width=4) (actual time=0.015..911.715 rows=4523930 loops=1)
  ->  Hash  (cost=58358.39..58358.39 rows=27 width=8) (actual time=709.121..709.121 rows=11 loops=1)
        Buckets: 1024  Batches: 1  Memory Usage: 9kB
        ->  Nested Loop  (cost=0.43..58358.39 rows=27 width=8) (actual time=50.686..709.097 rows=11 loops=1)
              ->  Seq Scan on movie_companies mc  (cost=0.00..57926.93 rows=51 width=4) (actual time=50.609..708.511 rows=11 loops=1)
                    Filter: ((company_id = 15491) AND (company_type_id = 1))
                    Rows Removed by Filter: 2609118
              ->  Index Scan using title_pkey on title t  (cost=0.43..8.45 rows=1 width=4) (actual time=0.047..0.048 rows=1 loops=11)
                    Index Cond: (id = mc.movie_id)
                    Filter: (production_year < 2005)
Planning time: 1.256 ms
Execution time: 2403.208 ms
