Hash Join  (cost=58375.90..456845.60 rows=259 width=0) (actual time=1197.975..9164.647 rows=123 loops=1)
  Hash Cond: (mi.movie_id = t.id)
  ->  Seq Scan on movie_info mi  (cost=0.00..346232.03 rows=13929354 width=4) (actual time=0.019..6473.026 rows=14033580 loops=1)
        Filter: (info_type_id > 1)
        Rows Removed by Filter: 802140
  ->  Hash  (cost=58375.31..58375.31 rows=47 width=8) (actual time=783.001..783.001 rows=6 loops=1)
        Buckets: 1024  Batches: 1  Memory Usage: 9kB
        ->  Nested Loop  (cost=0.43..58375.31 rows=47 width=8) (actual time=247.716..782.986 rows=6 loops=1)
              ->  Seq Scan on movie_companies mc  (cost=0.00..57926.93 rows=53 width=4) (actual time=247.635..782.491 rows=10 loops=1)
                    Filter: ((company_id = 110311) AND (company_type_id = 2))
                    Rows Removed by Filter: 2609119
              ->  Index Scan using title_pkey on title t  (cost=0.43..8.45 rows=1 width=4) (actual time=0.043..0.043 rows=1 loops=10)
                    Index Cond: (id = mc.movie_id)
                    Filter: (production_year < 2012)
                    Rows Removed by Filter: 0
Planning time: 5.589 ms
Execution time: 9164.855 ms
