Hash Join  (cost=86300.63..447257.02 rows=241511 width=0) (actual time=5266.162..7797.719 rows=177368 loops=1)
  Hash Cond: (mi.movie_id = t.id)
  ->  Seq Scan on movie_info mi  (cost=0.00..346232.03 rows=809669 width=4) (actual time=3599.189..5555.728 rows=802140 loops=1)
        Filter: (info_type_id = 1)
        Rows Removed by Filter: 14033580
  ->  Hash  (cost=73925.90..73925.90 rows=754218 width=4) (actual time=1665.833..1665.833 rows=647556 loops=1)
        Buckets: 131072  Batches: 16  Memory Usage: 2457kB
        ->  Seq Scan on title t  (cost=0.00..73925.90 rows=754218 width=4) (actual time=0.030..1447.447 rows=647556 loops=1)
              Filter: ((kind_id > 1) AND (production_year < 2000))
              Rows Removed by Filter: 1880756
Planning time: 0.752 ms
Execution time: 7820.446 ms
