Seq Scan on title t  (cost=0.00..73925.90 rows=1396068 width=0) (actual time=0.022..1269.773 rows=1471510 loops=1)
  Filter: ((production_year > 1951) AND (kind_id = 7))
  Rows Removed by Filter: 1056802
Planning time: 0.381 ms
Execution time: 1467.074 ms
