Seq Scan on movie_keyword mk  (cost=0.00..81003.12 rows=795681 width=0) (actual time=0.030..1222.230 rows=798064 loops=1)
  Filter: (keyword_id > 23180)
  Rows Removed by Filter: 3725866
Planning time: 0.341 ms
Execution time: 1327.406 ms
