Seq Scan on movie_keyword mk  (cost=0.00..81003.12 rows=3419321 width=0) (actual time=0.013..1496.595 rows=3409137 loops=1)
  Filter: (keyword_id > 1150)
  Rows Removed by Filter: 1114793
Planning time: 0.338 ms
Execution time: 1914.951 ms
