Hash Join  (cost=73960.09..914326.27 rows=38787 width=0) (actual time=1028.247..21091.691 rows=70215 loops=1)
  Hash Cond: (ci.movie_id = t.id)
  ->  Seq Scan on cast_info ci  (cost=0.00..705507.15 rows=35858976 width=4) (actual time=0.019..13315.617 rows=35851730 loops=1)
        Filter: (person_id < 3988607)
        Rows Removed by Filter: 392614
  ->  Hash  (cost=73925.90..73925.90 rows=2735 width=4) (actual time=1027.913..1027.913 rows=3368 loops=1)
        Buckets: 4096  Batches: 1  Memory Usage: 151kB
        ->  Seq Scan on title t  (cost=0.00..73925.90 rows=2735 width=4) (actual time=572.677..1026.262 rows=3368 loops=1)
              Filter: ((kind_id = 3) AND (production_year = 2003))
              Rows Removed by Filter: 2524944
Planning time: 0.562 ms
Execution time: 21107.848 ms
