Hash Join  (cost=99161.12..186146.71 rows=802547 width=0) (actual time=2511.122..4427.205 rows=959616 loops=1)
  Hash Cond: (mc.movie_id = t.id)
  ->  Seq Scan on movie_companies mc  (cost=0.00..57926.93 rows=1055037 width=4) (actual time=541.103..1230.230 rows=1193865 loops=1)
        Filter: ((company_id > 522) AND (company_type_id = 2))
        Rows Removed by Filter: 1415264
  ->  Hash  (cost=67604.59..67604.59 rows=1923403 width=4) (actual time=1968.846..1968.846 rows=1922849 loops=1)
        Buckets: 131072  Batches: 32  Memory Usage: 3132kB
        ->  Seq Scan on title t  (cost=0.00..67604.59 rows=1923403 width=4) (actual time=0.029..1361.318 rows=1922849 loops=1)
              Filter: (production_year < 2010)
              Rows Removed by Filter: 605463
Planning time: 1.319 ms
Execution time: 4538.836 ms
