Hash Join  (cost=302320.18..1821888.12 rows=38471075 width=0) (actual time=6809.604..69223.315 rows=129977776 loops=1)
  Hash Cond: (ci.movie_id = t.id)
  ->  Seq Scan on cast_info ci  (cost=0.00..614943.12 rows=36225612 width=4) (actual time=0.011..13469.830 rows=36244344 loops=1)
  ->  Hash  (cost=258264.44..258264.44 rows=2685259 width=8) (actual time=6807.842..6807.842 rows=2675696 loops=1)
        Buckets: 131072  Batches: 64  Memory Usage: 2679kB
        ->  Hash Join  (cost=102767.86..258264.44 rows=2685259 width=8) (actual time=2002.358..6036.698 rows=2675696 loops=1)
              Hash Cond: (mk.movie_id = t.id)
              ->  Seq Scan on movie_keyword mk  (cost=0.00..81003.12 rows=2685259 width=4) (actual time=0.021..1648.424 rows=2675696 loops=1)
                    Filter: (keyword_id > 3069)
                    Rows Removed by Filter: 1848234
              ->  Hash  (cost=61283.27..61283.27 rows=2528527 width=4) (actual time=2000.346..2000.346 rows=2528312 loops=1)
                    Buckets: 131072  Batches: 64  Memory Usage: 2425kB
                    ->  Seq Scan on title t  (cost=0.00..61283.27 rows=2528527 width=4) (actual time=0.021..1119.591 rows=2528312 loops=1)
Planning time: 7.815 ms
Execution time: 83270.182 ms
