Hash Join  (cost=130890.44..500786.12 rows=154907 width=0) (actual time=2644.281..10150.038 rows=459837 loops=1)
  Hash Cond: (mi.movie_id = t.id)
  ->  Seq Scan on movie_info mi  (cost=0.00..346232.03 rows=5897221 width=4) (actual time=0.013..5940.696 rows=5884963 loops=1)
        Filter: (info_type_id < 7)
        Rows Removed by Filter: 8950757
  ->  Hash  (cost=130060.21..130060.21 rows=66419 width=8) (actual time=2643.713..2643.713 rows=68954 loops=1)
        Buckets: 131072  Batches: 1  Memory Usage: 3718kB
        ->  Hash Join  (cost=74730.49..130060.21 rows=66419 width=8) (actual time=1142.148..2617.247 rows=68954 loops=1)
              Hash Cond: (mc.movie_id = t.id)
              ->  Seq Scan on movie_companies mc  (cost=0.00..44881.29 rows=2609129 width=4) (actual time=0.031..722.435 rows=2609129 loops=1)
              ->  Hash  (cost=73925.90..73925.90 rows=64367 width=4) (actual time=1141.837..1141.837 rows=53905 loops=1)
                    Buckets: 65536  Batches: 1  Memory Usage: 2408kB
                    ->  Seq Scan on title t  (cost=0.00..73925.90 rows=64367 width=4) (actual time=0.054..1115.932 rows=53905 loops=1)
                          Filter: ((kind_id < 7) AND (production_year = 2012))
                          Rows Removed by Filter: 2474407
Planning time: 1.005 ms
Execution time: 10218.659 ms
