Seq Scan on movie_companies mc  (cost=0.00..51404.11 rows=104 width=0) (actual time=195.718..870.084 rows=44 loops=1)
  Filter: (company_id = 1702)
  Rows Removed by Filter: 2609085
Planning time: 0.399 ms
Execution time: 870.195 ms
