Hash Join  (cost=94537.60..1116452.41 rows=6640330 width=0) (actual time=1881.974..24799.464 rows=5483268 loops=1)
  Hash Cond: (ci.movie_id = t.id)
  ->  Seq Scan on cast_info ci  (cost=0.00..796071.18 rows=13364887 width=4) (actual time=0.017..16391.411 rows=9695754 loops=1)
        Filter: ((person_id < 3012490) AND (role_id > 2))
        Rows Removed by Filter: 26548590
  ->  Hash  (cost=73925.90..73925.90 rows=1256296 width=4) (actual time=1881.152..1881.152 rows=1375227 loops=1)
        Buckets: 131072  Batches: 32  Memory Usage: 2542kB
        ->  Seq Scan on title t  (cost=0.00..73925.90 rows=1256296 width=4) (actual time=0.010..1433.839 rows=1375227 loops=1)
              Filter: ((kind_id > 1) AND (production_year > 1992))
              Rows Removed by Filter: 1153085
Planning time: 0.550 ms
Execution time: 25356.488 ms
