Hash Join  (cost=73980.27..167734.54 rows=5822 width=0) (actual time=1212.748..3385.242 rows=26066 loops=1)
  Hash Cond: (mk.movie_id = t.id)
  ->  Seq Scan on movie_keyword mk  (cost=0.00..81003.12 rows=3384781 width=4) (actual time=0.014..1648.251 rows=3375358 loops=1)
        Filter: (keyword_id > 1316)
        Rows Removed by Filter: 1148572
  ->  Hash  (cost=73925.90..73925.90 rows=4349 width=4) (actual time=1212.205..1212.205 rows=8831 loops=1)
        Buckets: 16384 (originally 8192)  Batches: 1 (originally 1)  Memory Usage: 439kB
        ->  Seq Scan on title t  (cost=0.00..73925.90 rows=4349 width=4) (actual time=314.000..1208.251 rows=8831 loops=1)
              Filter: ((kind_id = 4) AND (production_year = 2005))
              Rows Removed by Filter: 2519481
Planning time: 0.788 ms
Execution time: 3389.016 ms
