Hash Join  (cost=226373.28..774750.15 rows=4699704 width=0) (actual time=5695.011..48273.226 rows=133287597 loops=1)
  Hash Cond: (mi.movie_id = t.id)
  ->  Seq Scan on movie_info mi  (cost=0.00..309384.22 rows=14739122 width=4) (actual time=0.017..6079.380 rows=14835720 loops=1)
  ->  Hash  (cost=213145.23..213145.23 rows=806244 width=8) (actual time=5583.400..5583.400 rows=1410403 loops=1)
        Buckets: 131072 (originally 131072)  Batches: 32 (originally 16)  Memory Usage: 3073kB
        ->  Hash Join  (cost=81319.76..213145.23 rows=806244 width=8) (actual time=1251.206..5147.783 rows=1410403 loops=1)
              Hash Cond: (mk.movie_id = t.id)
              ->  Seq Scan on movie_keyword mk  (cost=0.00..69693.30 rows=4523930 width=4) (actual time=0.011..1421.804 rows=4523930 loops=1)
              ->  Hash  (cost=73925.90..73925.90 rows=450628 width=4) (actual time=1249.785..1249.785 rows=325089 loops=1)
                    Buckets: 131072  Batches: 8  Memory Usage: 2466kB
                    ->  Seq Scan on title t  (cost=0.00..73925.90 rows=450628 width=4) (actual time=347.964..1145.524 rows=325089 loops=1)
                          Filter: ((production_year > 1992) AND (kind_id = 1))
                          Rows Removed by Filter: 2203223
Planning time: 1.147 ms
Execution time: 63173.473 ms
