Hash Join  (cost=126330.88..217127.00 rows=397 width=0) (actual time=2109.457..4121.491 rows=1596 loops=1)
  Hash Cond: (mk.movie_id = t.id)
  ->  Seq Scan on movie_keyword mk  (cost=0.00..81003.12 rows=2610406 width=4) (actual time=0.011..1665.598 rows=2596347 loops=1)
        Filter: (keyword_id > 3312)
        Rows Removed by Filter: 1927583
  ->  Hash  (cost=126326.07..126326.07 rows=385 width=8) (actual time=2087.789..2087.789 rows=191 loops=1)
        Buckets: 1024  Batches: 1  Memory Usage: 16kB
        ->  Hash Join  (cost=68332.59..126326.07 rows=385 width=8) (actual time=1570.749..2087.656 rows=191 loops=1)
              Hash Cond: (mc.movie_id = t.id)
              ->  Seq Scan on movie_companies mc  (cost=0.00..57926.93 rows=16719 width=4) (actual time=426.512..938.412 rows=35517 loops=1)
                    Filter: ((company_type_id < 2) AND (company_id = 160))
                    Rows Removed by Filter: 2573612
              ->  Hash  (cost=67604.59..67604.59 rows=58240 width=4) (actual time=1136.267..1136.267 rows=58590 loops=1)
                    Buckets: 65536  Batches: 1  Memory Usage: 2572kB
                    ->  Seq Scan on title t  (cost=0.00..67604.59 rows=58240 width=4) (actual time=0.025..1108.253 rows=58590 loops=1)
                          Filter: (production_year = 2001)
                          Rows Removed by Filter: 2469722
Planning time: 4.543 ms
Execution time: 4121.934 ms
