Seq Scan on movie_companies mc  (cost=0.00..57926.93 rows=51 width=0) (actual time=12.664..932.316 rows=128 loops=1)
  Filter: ((company_type_id < 2) AND (company_id = 9452))
  Rows Removed by Filter: 2609001
Planning time: 1.904 ms
Execution time: 932.461 ms
