Seq Scan on movie_keyword mk  (cost=0.00..81003.12 rows=3680932 width=0) (actual time=0.023..1577.378 rows=3674882 loops=1)
  Filter: (keyword_id < 21630)
  Rows Removed by Filter: 849048
Planning time: 0.365 ms
Execution time: 2030.035 ms
