Hash Join  (cost=207969.80..1058977.49 rows=678302 width=0) (actual time=4312.283..18838.230 rows=1707977 loops=1)
  Hash Cond: (ci.movie_id = t.id)
  ->  Seq Scan on cast_info ci  (cost=0.00..796071.18 rows=4020396 width=4) (actual time=0.022..13061.704 rows=1997023 loops=1)
        Filter: ((person_id < 1667062) AND (role_id > 5))
        Rows Removed by Filter: 34247321
  ->  Hash  (cost=200970.29..200970.29 rows=426601 width=8) (actual time=4311.183..4311.183 rows=378562 loops=1)
        Buckets: 131072  Batches: 8  Memory Usage: 2887kB
        ->  Hash Join  (cost=100960.39..200970.29 rows=426601 width=8) (actual time=2029.605..4192.629 rows=378562 loops=1)
              Hash Cond: (mk.movie_id = t.id)
              ->  Seq Scan on movie_keyword mk  (cost=0.00..81003.12 rows=530554 width=4) (actual time=0.018..1424.122 rows=519482 loops=1)
                    Filter: (keyword_id > 34833)
                    Rows Removed by Filter: 4004448
              ->  Hash  (cost=67604.59..67604.59 rows=2033104 width=4) (actual time=2028.482..2028.482 rows=2032439 loops=1)
                    Buckets: 131072  Batches: 32  Memory Usage: 3269kB
                    ->  Seq Scan on title t  (cost=0.00..67604.59 rows=2033104 width=4) (actual time=0.012..1346.730 rows=2032439 loops=1)
                          Filter: (production_year > 1973)
                          Rows Removed by Filter: 495873
Planning time: 1.235 ms
Execution time: 19048.833 ms
