Nested Loop  (cost=0.43..58358.27 rows=51 width=0) (actual time=156.131..800.848 rows=527 loops=1)
  ->  Seq Scan on movie_companies mc  (cost=0.00..57926.93 rows=51 width=4) (actual time=156.026..761.497 rows=527 loops=1)
        Filter: ((company_id = 2042) AND (company_type_id = 1))
        Rows Removed by Filter: 2608602
  ->  Index Only Scan using title_pkey on title t  (cost=0.43..8.45 rows=1 width=4) (actual time=0.073..0.074 rows=1 loops=527)
        Index Cond: (id = mc.movie_id)
        Heap Fetches: 527
Planning time: 1.884 ms
Execution time: 801.078 ms
