Hash Join  (cost=195335.91..698439.09 rows=4283599 width=0) (actual time=5204.999..19219.305 rows=10968397 loops=1)
  Hash Cond: (mi.movie_id = t.id)
  ->  Seq Scan on movie_info mi  (cost=0.00..346232.03 rows=9476311 width=4) (actual time=171.176..6695.464 rows=9565151 loops=1)
        Filter: (info_type_id < 16)
        Rows Removed by Filter: 5270569
  ->  Hash  (cost=176583.71..176583.71 rows=1142976 width=8) (actual time=5032.970..5032.970 rows=917132 loops=1)
        Buckets: 131072  Batches: 16  Memory Usage: 3263kB
        ->  Hash Join  (cost=85777.42..176583.71 rows=1142976 width=8) (actual time=2078.623..4736.848 rows=917132 loops=1)
              Hash Cond: (mc.movie_id = t.id)
              ->  Seq Scan on movie_companies mc  (cost=0.00..44881.29 rows=2609129 width=4) (actual time=0.020..851.691 rows=2609129 loops=1)
              ->  Hash  (cost=67604.59..67604.59 rows=1107667 width=4) (actual time=2077.766..2077.766 rows=1107925 loops=1)
                    Buckets: 131072  Batches: 16  Memory Usage: 3460kB
                    ->  Seq Scan on title t  (cost=0.00..67604.59 rows=1107667 width=4) (actual time=0.035..1192.780 rows=1107925 loops=1)
                          Filter: (production_year > 2004)
                          Rows Removed by Filter: 1420387
Planning time: 1.205 ms
Execution time: 20426.293 ms
