Hash Join  (cost=73205.47..105724.19 rows=62716 width=0) (actual time=1252.491..2037.572 rows=66698 loops=1)
  Hash Cond: (mi_idx.movie_id = t.id)
  ->  Seq Scan on movie_info_idx mi_idx  (cost=0.00..25185.44 rows=464566 width=4) (actual time=0.024..488.120 rows=459925 loops=1)
        Filter: (info_type_id = 101)
        Rows Removed by Filter: 920110
  ->  Hash  (cost=67604.59..67604.59 rows=341351 width=4) (actual time=1251.712..1251.712 rows=337846 loops=1)
        Buckets: 131072  Batches: 8  Memory Usage: 2501kB
        ->  Seq Scan on title t  (cost=0.00..67604.59 rows=341351 width=4) (actual time=0.008..1141.864 rows=337846 loops=1)
              Filter: (production_year < 1968)
              Rows Removed by Filter: 2190466
Planning time: 0.549 ms
Execution time: 2045.905 ms
