Hash Join  (cost=205738.90..720126.54 rows=1514283 width=0) (actual time=5228.679..26435.164 rows=34789089 loops=1)
  Hash Cond: (mi.movie_id = t.id)
  ->  Seq Scan on movie_info mi  (cost=0.00..309384.22 rows=14739122 width=4) (actual time=0.015..6364.591 rows=14835720 loops=1)
  ->  Hash  (cost=201476.67..201476.67 rows=259778 width=8) (actual time=5226.693..5226.693 rows=872458 loops=1)
        Buckets: 131072 (originally 131072)  Batches: 16 (originally 4)  Memory Usage: 3265kB
        ->  Hash Join  (cost=76308.85..201476.67 rows=259778 width=8) (actual time=1191.258..4710.722 rows=872458 loops=1)
              Hash Cond: (mk.movie_id = t.id)
              ->  Seq Scan on movie_keyword mk  (cost=0.00..69693.30 rows=4523930 width=4) (actual time=0.018..1567.708 rows=4523930 loops=1)
              ->  Hash  (cost=73925.90..73925.90 rows=145196 width=4) (actual time=1190.624..1190.624 rows=245643 loops=1)
                    Buckets: 131072 (originally 131072)  Batches: 4 (originally 2)  Memory Usage: 3190kB
                    ->  Seq Scan on title t  (cost=0.00..73925.90 rows=145196 width=4) (actual time=0.016..1098.464 rows=245643 loops=1)
                          Filter: ((kind_id < 7) AND (production_year < 1970))
                          Rows Removed by Filter: 2282669
Planning time: 1.171 ms
Execution time: 30449.646 ms
