Hash Join  (cost=143818.44..272956.80 rows=585732 width=0) (actual time=3350.302..7352.205 rows=3014024 loops=1)
  Hash Cond: (mk.movie_id = t.id)
  ->  Seq Scan on movie_keyword mk  (cost=0.00..69693.30 rows=4523930 width=4) (actual time=0.016..1492.387 rows=4523930 loops=1)
  ->  Hash  (cost=138447.20..138447.20 rows=327379 width=8) (actual time=3349.385..3349.385 rows=375691 loops=1)
        Buckets: 131072  Batches: 8  Memory Usage: 2877kB
        ->  Hash Join  (cost=97066.09..138447.20 rows=327379 width=8) (actual time=2076.695..3228.458 rows=375691 loops=1)
              Hash Cond: (mi_idx.movie_id = t.id)
              ->  Seq Scan on movie_info_idx mi_idx  (cost=0.00..25185.44 rows=460978 width=4) (actual time=0.018..466.266 rows=459925 loops=1)
                    Filter: (info_type_id < 100)
                    Rows Removed by Filter: 920110
              ->  Hash  (cost=67604.59..67604.59 rows=1795720 width=4) (actual time=2075.629..2075.629 rows=1794153 loops=1)
                    Buckets: 131072  Batches: 32  Memory Usage: 2992kB
                    ->  Seq Scan on title t  (cost=0.00..67604.59 rows=1795720 width=4) (actual time=0.014..1493.823 rows=1794153 loops=1)
                          Filter: (production_year < 2009)
                          Rows Removed by Filter: 734159
Planning time: 1.186 ms
Execution time: 7680.154 ms
