Hash Join  (cost=154654.97..538510.42 rows=77562 width=0) (actual time=3193.819..10161.759 rows=8331 loops=1)
  Hash Cond: (mi.movie_id = t.id)
  ->  Seq Scan on movie_info mi  (cost=0.00..309384.22 rows=14739122 width=4) (actual time=0.021..4354.153 rows=14835720 loops=1)
  ->  Hash  (cost=154488.65..154488.65 rows=13306 width=8) (actual time=3078.392..3078.392 rows=642 loops=1)
        Buckets: 16384  Batches: 1  Memory Usage: 154kB
        ->  Hash Join  (cost=67697.55..154488.65 rows=13306 width=8) (actual time=1350.892..3077.775 rows=642 loops=1)
              Hash Cond: (mk.movie_id = t.id)
              ->  Seq Scan on movie_keyword mk  (cost=0.00..69693.30 rows=4523930 width=4) (actual time=0.013..1115.176 rows=4523930 loops=1)
              ->  Hash  (cost=67604.59..67604.59 rows=7437 width=4) (actual time=1140.058..1140.058 rows=3417 loops=1)
                    Buckets: 8192  Batches: 1  Memory Usage: 185kB
                    ->  Seq Scan on title t  (cost=0.00..67604.59 rows=7437 width=4) (actual time=578.596..1138.382 rows=3417 loops=1)
                          Filter: (production_year = 1909)
                          Rows Removed by Filter: 2524895
Planning time: 1.121 ms
Execution time: 10163.428 ms
