Nested Loop  (cost=0.43..132143.59 rows=7389 width=0) (actual time=0.078..1508.684 rows=9638 loops=1)
  ->  Seq Scan on movie_keyword mk  (cost=0.00..81003.12 rows=7389 width=4) (actual time=0.028..1246.004 rows=9638 loops=1)
        Filter: (keyword_id = 236)
        Rows Removed by Filter: 4514292
  ->  Index Only Scan using title_pkey on title t  (cost=0.43..6.91 rows=1 width=4) (actual time=0.026..0.026 rows=1 loops=9638)
        Index Cond: (id = mk.movie_id)
        Heap Fetches: 9638
Planning time: 0.757 ms
Execution time: 1511.455 ms
