Nested Loop  (cost=0.43..83071.67 rows=246 width=0) (actual time=3.963..1197.556 rows=399 loops=1)
  ->  Seq Scan on movie_keyword mk  (cost=0.00..81003.12 rows=246 width=4) (actual time=3.903..1172.361 rows=399 loops=1)
        Filter: (keyword_id = 962)
        Rows Removed by Filter: 4523531
  ->  Index Only Scan using title_pkey on title t  (cost=0.43..8.40 rows=1 width=4) (actual time=0.061..0.061 rows=1 loops=399)
        Index Cond: (id = mk.movie_id)
        Heap Fetches: 399
Planning time: 0.566 ms
Execution time: 1197.806 ms
