Seq Scan on cast_info ci  (cost=0.00..705507.15 rows=28992921 width=0) (actual time=0.014..13407.739 rows=28949508 loops=1)
  Filter: (person_id < 2939819)
  Rows Removed by Filter: 7294836
Planning time: 0.284 ms
Execution time: 16990.109 ms
