Hash Join  (cost=104048.65..471284.19 rows=257962 width=0) (actual time=1996.052..10581.430 rows=850094 loops=1)
  Hash Cond: (mi.movie_id = t.id)
  ->  Seq Scan on movie_info mi  (cost=0.00..309384.22 rows=14739122 width=4) (actual time=0.020..4593.461 rows=14835720 loops=1)
  ->  Hash  (cost=103495.47..103495.47 rows=44254 width=8) (actual time=1995.605..1995.605 rows=44155 loops=1)
        Buckets: 65536  Batches: 1  Memory Usage: 2237kB
        ->  Hash Join  (cost=71587.82..103495.47 rows=44254 width=8) (actual time=1203.137..1980.530 rows=44155 loops=1)
              Hash Cond: (mi_idx.movie_id = t.id)
              ->  Seq Scan on movie_info_idx mi_idx  (cost=0.00..25185.44 rows=460978 width=4) (actual time=0.020..537.072 rows=459925 loops=1)
                    Filter: (info_type_id < 100)
                    Rows Removed by Filter: 920110
              ->  Hash  (cost=67604.59..67604.59 rows=242739 width=4) (actual time=1202.103..1202.103 rows=241400 loops=1)
                    Buckets: 131072  Batches: 4  Memory Usage: 3146kB
                    ->  Seq Scan on title t  (cost=0.00..67604.59 rows=242739 width=4) (actual time=0.021..1115.713 rows=241400 loops=1)
                          Filter: (production_year < 1960)
                          Rows Removed by Filter: 2286912
Planning time: 1.097 ms
Execution time: 10693.581 ms
