Hash Join  (cost=102767.86..184726.70 rows=588179 width=0) (actual time=2263.392..3901.778 rows=374804 loops=1)
  Hash Cond: (mc.movie_id = t.id)
  ->  Seq Scan on movie_companies mc  (cost=0.00..57926.93 rows=588179 width=4) (actual time=0.025..954.991 rows=374804 loops=1)
        Filter: ((company_id < 8974) AND (company_type_id > 1))
        Rows Removed by Filter: 2234325
  ->  Hash  (cost=61283.27..61283.27 rows=2528527 width=4) (actual time=2262.734..2262.734 rows=2528312 loops=1)
        Buckets: 131072  Batches: 64  Memory Usage: 2415kB
        ->  Seq Scan on title t  (cost=0.00..61283.27 rows=2528527 width=4) (actual time=0.009..1193.490 rows=2528312 loops=1)
Planning time: 5.842 ms
Execution time: 3941.775 ms
