Hash Join  (cost=251461.33..843027.74 rows=7869431 width=0) (actual time=5557.095..35963.502 rows=74787311 loops=1)
  Hash Cond: (mi.movie_id = t.id)
  ->  Seq Scan on movie_info mi  (cost=0.00..346232.03 rows=13929354 width=4) (actual time=0.018..7749.962 rows=14033580 loops=1)
        Filter: (info_type_id > 1)
        Rows Removed by Filter: 802140
  ->  Hash  (cost=228024.09..228024.09 rows=1428499 width=8) (actual time=5555.662..5555.662 rows=1440130 loops=1)
        Buckets: 131072  Batches: 32  Memory Usage: 2850kB
        ->  Hash Join  (cost=102767.86..228024.09 rows=1428499 width=8) (actual time=2122.667..5142.799 rows=1440130 loops=1)
              Hash Cond: (mk.movie_id = t.id)
              ->  Seq Scan on movie_keyword mk  (cost=0.00..81003.12 rows=1428499 width=4) (actual time=0.029..1539.574 rows=1440130 loops=1)
                    Filter: (keyword_id > 11590)
                    Rows Removed by Filter: 3083800
              ->  Hash  (cost=61283.27..61283.27 rows=2528527 width=4) (actual time=2120.817..2120.817 rows=2528312 loops=1)
                    Buckets: 131072  Batches: 64  Memory Usage: 2425kB
                    ->  Seq Scan on title t  (cost=0.00..61283.27 rows=2528527 width=4) (actual time=0.028..1255.291 rows=2528312 loops=1)
Planning time: 1.229 ms
Execution time: 43850.252 ms
