Hash Join  (cost=73929.23..136136.32 rows=120 width=0) (actual time=926.459..1898.402 rows=853 loops=1)
  Hash Cond: (mc.movie_id = t.id)
  ->  Seq Scan on movie_companies mc  (cost=0.00..57926.93 rows=1141055 width=4) (actual time=40.347..866.579 rows=1249163 loops=1)
        Filter: ((company_id > 197) AND (company_type_id = 2))
        Rows Removed by Filter: 1359966
  ->  Hash  (cost=73925.90..73925.90 rows=266 width=4) (actual time=886.020..886.020 rows=889 loops=1)
        Buckets: 1024  Batches: 1  Memory Usage: 40kB
        ->  Seq Scan on title t  (cost=0.00..73925.90 rows=266 width=4) (actual time=115.480..885.402 rows=889 loops=1)
              Filter: ((kind_id = 2) AND (production_year = 1986))
              Rows Removed by Filter: 2527423
Planning time: 0.828 ms
Execution time: 1898.605 ms
