Seq Scan on movie_keyword mk  (cost=0.00..81003.12 rows=737735 width=0) (actual time=0.016..1340.445 rows=739498 loops=1)
  Filter: (keyword_id < 667)
  Rows Removed by Filter: 3784432
Planning time: 0.284 ms
Execution time: 1429.916 ms
