Hash Join  (cost=100903.17..451878.34 rows=267 width=0) (actual time=4936.487..7473.669 rows=171 loops=1)
  Hash Cond: (mi.movie_id = t.id)
  ->  Seq Scan on movie_info mi  (cost=0.00..346232.03 rows=1264125 width=4) (actual time=3062.397..5644.272 rows=1288928 loops=1)
        Filter: (info_type_id = 2)
        Rows Removed by Filter: 13546792
  ->  Hash  (cost=100896.50..100896.50 rows=534 width=8) (actual time=1642.346..1642.346 rows=168 loops=1)
        Buckets: 1024  Batches: 1  Memory Usage: 15kB
        ->  Hash Join  (cost=73962.22..100896.50 rows=534 width=8) (actual time=1211.881..1642.190 rows=168 loops=1)
              Hash Cond: (mi_idx.movie_id = t.id)
              ->  Seq Scan on movie_info_idx mi_idx  (cost=0.00..25185.44 rows=464934 width=4) (actual time=0.022..510.665 rows=460185 loops=1)
                    Filter: (info_type_id > 100)
                    Rows Removed by Filter: 919850
              ->  Hash  (cost=73925.90..73925.90 rows=2905 width=4) (actual time=1049.219..1049.219 rows=1787 loops=1)
                    Buckets: 4096  Batches: 1  Memory Usage: 95kB
                    ->  Seq Scan on title t  (cost=0.00..73925.90 rows=2905 width=4) (actual time=610.635..1048.266 rows=1787 loops=1)
                          Filter: ((kind_id < 7) AND (production_year = 1899))
                          Rows Removed by Filter: 2526525
Planning time: 1.202 ms
Execution time: 7473.837 ms
