Hash Join  (cost=75733.69..1125747.79 rows=1577993 width=0) (actual time=1314.151..31181.313 rows=2776511 loops=1)
  Hash Cond: (ci.movie_id = t.id)
  ->  Seq Scan on cast_info ci  (cost=0.00..614943.12 rows=36225612 width=4) (actual time=0.008..13138.094 rows=36244344 loops=1)
  ->  Hash  (cost=73925.90..73925.90 rows=110143 width=4) (actual time=1313.156..1313.156 rows=239899 loops=1)
        Buckets: 131072 (originally 131072)  Batches: 4 (originally 2)  Memory Usage: 3134kB
        ->  Seq Scan on title t  (cost=0.00..73925.90 rows=110143 width=4) (actual time=585.789..1227.934 rows=239899 loops=1)
              Filter: ((production_year < 1973) AND (kind_id = 1))
              Rows Removed by Filter: 2288413
Planning time: 0.788 ms
Execution time: 31529.854 ms
