Hash Join  (cost=86178.74..935182.01 rows=1017582 width=0) (actual time=13333.803..19164.121 rows=1201568 loops=1)
  Hash Cond: (ci.movie_id = t.id)
  ->  Seq Scan on cast_info ci  (cost=0.00..796071.18 rows=3445404 width=4) (actual time=11959.483..15039.570 rows=4036982 loops=1)
        Filter: ((person_id > 703734) AND (role_id = 10))
        Rows Removed by Filter: 32207362
  ->  Hash  (cost=73925.90..73925.90 rows=746787 width=4) (actual time=1373.299..1373.299 rows=650324 loops=1)
        Buckets: 131072  Batches: 16  Memory Usage: 2453kB
        ->  Seq Scan on title t  (cost=0.00..73925.90 rows=746787 width=4) (actual time=0.063..1184.582 rows=650324 loops=1)
              Filter: ((kind_id < 7) AND (production_year > 1982))
              Rows Removed by Filter: 1877988
Planning time: 0.815 ms
Execution time: 19297.501 ms
