Hash Join  (cost=74251.74..161376.16 rows=46638 width=0) (actual time=1111.653..2925.780 rows=35418 loops=1)
  Hash Cond: (mk.movie_id = t.id)
  ->  Seq Scan on movie_keyword mk  (cost=0.00..69693.30 rows=4523930 width=4) (actual time=0.014..952.225 rows=4523930 loops=1)
  ->  Hash  (cost=73925.90..73925.90 rows=26067 width=4) (actual time=1111.291..1111.291 rows=27085 loops=1)
        Buckets: 32768  Batches: 1  Memory Usage: 1209kB
        ->  Seq Scan on title t  (cost=0.00..73925.90 rows=26067 width=4) (actual time=0.031..1100.162 rows=27085 loops=1)
              Filter: ((kind_id < 7) AND (production_year > 2012))
              Rows Removed by Filter: 2501227
Planning time: 0.774 ms
Execution time: 2931.177 ms
