Seq Scan on movie_keyword mk  (cost=0.00..81003.12 rows=2416807 width=0) (actual time=0.031..1456.486 rows=2409180 loops=1)
  Filter: (keyword_id > 3847)
  Rows Removed by Filter: 2114750
Planning time: 0.345 ms
Execution time: 1750.791 ms
