Seq Scan on movie_keyword mk  (cost=0.00..81003.12 rows=410001 width=0) (actual time=56.813..1331.436 rows=404932 loops=1)
  Filter: (keyword_id > 42909)
  Rows Removed by Filter: 4118998
Planning time: 0.349 ms
Execution time: 1382.488 ms
