Hash Join  (cost=81537.49..1183613.66 rows=6646000 width=0) (actual time=1522.456..32882.686 rows=7569015 loops=1)
  Hash Cond: (ci.movie_id = t.id)
  ->  Seq Scan on cast_info ci  (cost=0.00..614943.12 rows=36225612 width=4) (actual time=0.015..12987.303 rows=36244344 loops=1)
  ->  Hash  (cost=73925.90..73925.90 rows=463887 width=4) (actual time=1521.528..1521.528 rows=480042 loops=1)
        Buckets: 131072  Batches: 8  Memory Usage: 3133kB
        ->  Seq Scan on title t  (cost=0.00..73925.90 rows=463887 width=4) (actual time=0.014..1356.093 rows=480042 loops=1)
              Filter: ((kind_id > 2) AND (production_year > 2008))
              Rows Removed by Filter: 2048270
Planning time: 0.802 ms
Execution time: 33718.649 ms
