Seq Scan on movie_companies mc  (cost=0.00..51404.11 rows=2410789 width=0) (actual time=0.017..1045.684 rows=2412549 loops=1)
  Filter: (company_id > 52)
  Rows Removed by Filter: 196580
Planning time: 0.297 ms
Execution time: 1349.550 ms
