Seq Scan on cast_info ci  (cost=0.00..796071.18 rows=7832050 width=0) (actual time=0.022..14604.004 rows=12670688 loops=1)
  Filter: ((person_id < 2254404) AND (role_id < 2))
  Rows Removed by Filter: 23573656
Planning time: 0.344 ms
Execution time: 16135.823 ms
