Nested Loop  (cost=44377.22..431427.55 rows=3824 width=0) (actual time=1775.105..6585.868 rows=27214 loops=1)
  Join Filter: (mi.movie_id = t.id)
  ->  Hash Join  (cost=44376.79..399813.99 rows=53320 width=8) (actual time=1774.970..6286.407 rows=27757 loops=1)
        Hash Cond: (mi.movie_id = mi_idx.movie_id)
        ->  Seq Scan on movie_info mi  (cost=0.00..346232.03 rows=17937 width=4) (actual time=819.113..5124.853 rows=16603 loops=1)
              Filter: (info_type_id = 102)
              Rows Removed by Filter: 14819117
        ->  Hash  (cost=21735.35..21735.35 rows=1380035 width=4) (actual time=908.495..908.495 rows=1380035 loops=1)
              Buckets: 131072  Batches: 32  Memory Usage: 2557kB
              ->  Seq Scan on movie_info_idx mi_idx  (cost=0.00..21735.35 rows=1380035 width=4) (actual time=0.025..438.152 rows=1380035 loops=1)
  ->  Index Scan using title_pkey on title t  (cost=0.43..0.58 rows=1 width=4) (actual time=0.010..0.010 rows=1 loops=27757)
        Index Cond: (id = mi_idx.movie_id)
        Filter: (kind_id < 7)
        Rows Removed by Filter: 0
Planning time: 1.223 ms
Execution time: 6590.865 ms
