Hash Join  (cost=102767.86..191202.37 rows=857328 width=0) (actual time=2289.642..4057.585 rows=540750 loops=1)
  Hash Cond: (mc.movie_id = t.id)
  ->  Seq Scan on movie_companies mc  (cost=0.00..57926.93 rows=857328 width=4) (actual time=83.792..1037.919 rows=540750 loops=1)
        Filter: ((company_id < 19251) AND (company_type_id > 1))
        Rows Removed by Filter: 2068379
  ->  Hash  (cost=61283.27..61283.27 rows=2528527 width=4) (actual time=2204.584..2204.584 rows=2528312 loops=1)
        Buckets: 131072  Batches: 64  Memory Usage: 2415kB
        ->  Seq Scan on title t  (cost=0.00..61283.27 rows=2528527 width=4) (actual time=0.024..1063.551 rows=2528312 loops=1)
Planning time: 5.941 ms
Execution time: 4121.244 ms
