Hash Join  (cost=302894.46..987450.37 rows=15735717 width=0) (actual time=6903.471..52662.668 rows=135344616 loops=1)
  Hash Cond: (mi.movie_id = t.id)
  ->  Seq Scan on movie_info mi  (cost=0.00..309384.22 rows=14739122 width=4) (actual time=0.021..6024.990 rows=14835720 loops=1)
  ->  Hash  (cost=258605.78..258605.78 rows=2699495 width=8) (actual time=6902.121..6902.121 rows=2692911 loops=1)
        Buckets: 131072  Batches: 64  Memory Usage: 2764kB
        ->  Hash Join  (cost=102767.86..258605.78 rows=2699495 width=8) (actual time=1865.296..6118.059 rows=2692911 loops=1)
              Hash Cond: (mk.movie_id = t.id)
              ->  Seq Scan on movie_keyword mk  (cost=0.00..81003.12 rows=2699495 width=4) (actual time=0.019..1719.781 rows=2692911 loops=1)
                    Filter: (keyword_id < 7623)
                    Rows Removed by Filter: 1831019
              ->  Hash  (cost=61283.27..61283.27 rows=2528527 width=4) (actual time=1864.192..1864.192 rows=2528312 loops=1)
                    Buckets: 131072  Batches: 64  Memory Usage: 2425kB
                    ->  Seq Scan on title t  (cost=0.00..61283.27 rows=2528527 width=4) (actual time=0.020..1030.323 rows=2528312 loops=1)
Planning time: 4.449 ms
Execution time: 68243.026 ms
