Seq Scan on title t  (cost=0.00..73925.90 rows=21898 width=0) (actual time=0.183..1106.168 rows=24691 loops=1)
  Filter: ((kind_id > 1) AND (production_year = 1994))
  Rows Removed by Filter: 2503621
Planning time: 0.620 ms
Execution time: 1111.335 ms
