Seq Scan on movie_keyword mk  (cost=0.00..81003.12 rows=2794120 width=0) (actual time=0.017..1397.681 rows=2783934 loops=1)
  Filter: (keyword_id > 2840)
  Rows Removed by Filter: 1739996
Planning time: 0.329 ms
Execution time: 1746.414 ms
