Hash Join  (cost=112480.83..935794.92 rows=98174 width=0) (actual time=6476.175..18791.602 rows=308372 loops=1)
  Hash Cond: (ci.movie_id = t.id)
  ->  Seq Scan on cast_info ci  (cost=0.00..796071.18 rows=7002979 width=4) (actual time=4242.509..14229.099 rows=10854628 loops=1)
        Filter: ((person_id > 2059394) AND (role_id > 2))
        Rows Removed by Filter: 25389716
  ->  Hash  (cost=112037.74..112037.74 rows=35447 width=8) (actual time=2231.988..2231.988 rows=16056 loops=1)
        Buckets: 65536  Batches: 1  Memory Usage: 1140kB
        ->  Hash Join  (cost=75533.21..112037.74 rows=35447 width=8) (actual time=1737.201..2226.190 rows=16056 loops=1)
              Hash Cond: (mi_idx.movie_id = t.id)
              ->  Seq Scan on movie_info_idx mi_idx  (cost=0.00..25185.44 rows=915101 width=4) (actual time=0.028..548.522 rows=919850 loops=1)
                    Filter: (info_type_id < 101)
                    Rows Removed by Filter: 460185
              ->  Hash  (cost=73925.90..73925.90 rows=97944 width=4) (actual time=1335.311..1335.311 rows=106247 loops=1)
                    Buckets: 131072  Batches: 2  Memory Usage: 2890kB
                    ->  Seq Scan on title t  (cost=0.00..73925.90 rows=97944 width=4) (actual time=0.034..1295.409 rows=106247 loops=1)
                          Filter: ((kind_id = 7) AND (production_year = 2011))
                          Rows Removed by Filter: 2422065
Planning time: 1.238 ms
Execution time: 18831.221 ms
