Seq Scan on cast_info ci  (cost=0.00..796071.18 rows=176 width=0) (actual time=9752.546..10702.940 rows=5 loops=1)
  Filter: ((person_id = 584732) AND (role_id = 1))
  Rows Removed by Filter: 36244339
Planning time: 0.410 ms
Execution time: 10703.045 ms
