Seq Scan on movie_keyword mk  (cost=0.00..81003.12 rows=2091692 width=0) (actual time=0.026..1453.628 rows=2088596 loops=1)
  Filter: (keyword_id > 5776)
  Rows Removed by Filter: 2435334
Planning time: 0.329 ms
Execution time: 1720.316 ms
