Hash Join  (cost=216150.24..766724.85 rows=3594368 width=0) (actual time=4709.781..19973.146 rows=9022538 loops=1)
  Hash Cond: (mi.movie_id = t.id)
  ->  Seq Scan on movie_info mi  (cost=0.00..346232.03 rows=12928982 width=4) (actual time=0.017..7033.113 rows=12970088 loops=1)
        Filter: (info_type_id < 18)
        Rows Removed by Filter: 1865632
  ->  Hash  (cost=204617.35..204617.35 rows=702952 width=8) (actual time=4708.615..4708.615 rows=299534 loops=1)
        Buckets: 131072  Batches: 16  Memory Usage: 1791kB
        ->  Hash Join  (cost=74050.79..204617.35 rows=702952 width=8) (actual time=1227.338..4607.899 rows=299534 loops=1)
              Hash Cond: (mk.movie_id = t.id)
              ->  Seq Scan on movie_keyword mk  (cost=0.00..69693.30 rows=4523930 width=4) (actual time=0.023..1401.445 rows=4523930 loops=1)
              ->  Hash  (cost=67604.59..67604.59 rows=392896 width=4) (actual time=1226.388..1226.388 rows=391666 loops=1)
                    Buckets: 131072  Batches: 8  Memory Usage: 2759kB
                    ->  Seq Scan on title t  (cost=0.00..67604.59 rows=392896 width=4) (actual time=0.025..1091.642 rows=391666 loops=1)
                          Filter: (production_year > 2010)
                          Rows Removed by Filter: 2136646
Planning time: 2.778 ms
Execution time: 21018.217 ms
