Nested Loop  (cost=0.43..178289.84 rows=16889 width=0) (actual time=0.097..1528.674 rows=14120 loops=1)
  ->  Seq Scan on movie_keyword mk  (cost=0.00..81003.12 rows=16889 width=4) (actual time=0.065..1225.049 rows=14120 loops=1)
        Filter: (keyword_id = 1382)
        Rows Removed by Filter: 4509810
  ->  Index Only Scan using title_pkey on title t  (cost=0.43..5.75 rows=1 width=4) (actual time=0.021..0.021 rows=1 loops=14120)
        Index Cond: (id = mk.movie_id)
        Heap Fetches: 14120
Planning time: 0.716 ms
Execution time: 1532.198 ms
