Seq Scan on cast_info ci  (cost=0.00..796071.18 rows=435 width=0) (actual time=3344.574..15229.514 rows=190 loops=1)
  Filter: ((role_id < 10) AND (person_id = 715527))
  Rows Removed by Filter: 36244154
Planning time: 0.402 ms
Execution time: 15229.666 ms
