Hash Join  (cost=199688.57..343022.19 rows=1750858 width=0) (actual time=4526.967..8490.576 rows=1943059 loops=1)
  Hash Cond: (mk.movie_id = t.id)
  ->  Seq Scan on movie_keyword mk  (cost=0.00..69693.30 rows=4523930 width=4) (actual time=0.027..1426.015 rows=4523930 loops=1)
  ->  Hash  (cost=183633.15..183633.15 rows=978594 width=8) (actual time=4525.572..4525.572 rows=694263 loops=1)
        Buckets: 131072  Batches: 16  Memory Usage: 2721kB
        ->  Hash Join  (cost=98137.04..183633.15 rows=978594 width=8) (actual time=2156.712..4312.616 rows=694263 loops=1)
              Hash Cond: (mc.movie_id = t.id)
              ->  Seq Scan on movie_companies mc  (cost=0.00..51404.11 rows=1329612 width=4) (actual time=362.283..897.595 rows=1334883 loops=1)
                    Filter: (company_type_id > 1)
                    Rows Removed by Filter: 1274246
              ->  Hash  (cost=67604.59..67604.59 rows=1860996 width=4) (actual time=1793.469..1793.469 rows=1865487 loops=1)
                    Buckets: 131072  Batches: 32  Memory Usage: 3079kB
                    ->  Seq Scan on title t  (cost=0.00..67604.59 rows=1860996 width=4) (actual time=0.028..1180.601 rows=1865487 loops=1)
                          Filter: (kind_id > 1)
                          Rows Removed by Filter: 662825
Planning time: 1.194 ms
Execution time: 8731.909 ms
