Hash Join  (cost=67976.49..434366.70 rows=173428 width=0) (actual time=1287.673..9771.856 rows=178496 loops=1)
  Hash Cond: (mi.movie_id = t.id)
  ->  Seq Scan on movie_info mi  (cost=0.00..309384.22 rows=14739122 width=4) (actual time=0.007..4588.288 rows=14835720 loops=1)
  ->  Hash  (cost=67604.59..67604.59 rows=29752 width=4) (actual time=1287.433..1287.433 rows=30027 loops=1)
        Buckets: 32768  Batches: 1  Memory Usage: 1312kB
        ->  Seq Scan on title t  (cost=0.00..67604.59 rows=29752 width=4) (actual time=0.106..1274.332 rows=30027 loops=1)
              Filter: (production_year = 1994)
              Rows Removed by Filter: 2498285
Planning time: 0.848 ms
Execution time: 9811.611 ms
