Seq Scan on movie_keyword mk  (cost=0.00..81003.12 rows=246 width=0) (actual time=10.895..1235.450 rows=114 loops=1)
  Filter: (keyword_id = 27534)
  Rows Removed by Filter: 4523816
Planning time: 0.379 ms
Execution time: 1235.631 ms
