Hash Join  (cost=229086.75..763356.14 rows=5104246 width=0) (actual time=5376.503..27033.612 rows=36828957 loops=1)
  Hash Cond: (mi.movie_id = t.id)
  ->  Seq Scan on movie_info mi  (cost=0.00..309384.22 rows=14739122 width=4) (actual time=0.024..6301.921 rows=14835720 loops=1)
  ->  Hash  (cost=214720.20..214720.20 rows=875644 width=8) (actual time=5375.685..5375.685 rows=883211 loops=1)
        Buckets: 131072  Batches: 16  Memory Usage: 3270kB
        ->  Hash Join  (cost=102767.86..214720.20 rows=875644 width=8) (actual time=2528.469..5114.527 rows=883211 loops=1)
              Hash Cond: (mk.movie_id = t.id)
              ->  Seq Scan on movie_keyword mk  (cost=0.00..81003.12 rows=875644 width=4) (actual time=0.023..1460.095 rows=883211 loops=1)
                    Filter: (keyword_id < 835)
                    Rows Removed by Filter: 3640719
              ->  Hash  (cost=61283.27..61283.27 rows=2528527 width=4) (actual time=2527.572..2527.572 rows=2528312 loops=1)
                    Buckets: 131072  Batches: 64  Memory Usage: 2425kB
                    ->  Seq Scan on title t  (cost=0.00..61283.27 rows=2528527 width=4) (actual time=0.014..1090.719 rows=2528312 loops=1)
Planning time: 7.554 ms
Execution time: 31108.020 ms
