Hash Join  (cost=137771.32..1034821.32 rows=882805 width=0) (actual time=9120.098..26763.776 rows=3601450 loops=1)
  Hash Cond: (ci.movie_id = t.id)
  ->  Seq Scan on cast_info ci  (cost=0.00..796071.18 rows=7873803 width=4) (actual time=5909.083..16514.850 rows=12670688 loops=1)
        Filter: ((person_id < 2268369) AND (role_id < 2))
        Rows Removed by Filter: 23573656
  ->  Hash  (cost=133119.61..133119.61 rows=283497 width=8) (actual time=3210.082..3210.082 rows=336821 loops=1)
        Buckets: 131072 (originally 131072)  Batches: 8 (originally 4)  Memory Usage: 3073kB
        ->  Hash Join  (cost=93117.31..133119.61 rows=283497 width=8) (actual time=1794.337..3114.256 rows=336821 loops=1)
              Hash Cond: (mi_idx.movie_id = t.id)
              ->  Seq Scan on movie_info_idx mi_idx  (cost=0.00..25185.44 rows=460978 width=4) (actual time=0.039..496.152 rows=459925 loops=1)
                    Filter: (info_type_id < 100)
                    Rows Removed by Filter: 920110
              ->  Hash  (cost=67604.59..67604.59 rows=1555018 width=4) (actual time=1790.357..1790.357 rows=1551727 loops=1)
                    Buckets: 131072  Batches: 32  Memory Usage: 2728kB
                    ->  Seq Scan on title t  (cost=0.00..67604.59 rows=1555018 width=4) (actual time=0.017..1306.540 rows=1551727 loops=1)
                          Filter: (production_year < 2007)
                          Rows Removed by Filter: 976585
Planning time: 1.241 ms
Execution time: 27221.417 ms
