Hash Join  (cost=94009.45..458344.45 rows=392150 width=0) (actual time=2112.607..7032.414 rows=352839 loops=1)
  Hash Cond: (mi.movie_id = t.id)
  ->  Seq Scan on movie_info mi  (cost=0.00..346232.03 rows=616095 width=4) (actual time=586.060..5031.535 rows=598457 loops=1)
        Filter: (info_type_id = 15)
        Rows Removed by Filter: 14237263
  ->  Hash  (cost=67604.59..67604.59 rows=1609429 width=4) (actual time=1458.789..1458.789 rows=1607077 loops=1)
        Buckets: 131072  Batches: 32  Memory Usage: 2799kB
        ->  Seq Scan on title t  (cost=0.00..67604.59 rows=1609429 width=4) (actual time=0.026..981.972 rows=1607077 loops=1)
              Filter: (production_year > 1995)
              Rows Removed by Filter: 921235
Planning time: 0.782 ms
Execution time: 7064.505 ms
