Hash Join  (cost=146589.78..229088.67 rows=540337 width=0) (actual time=3789.556..6915.013 rows=1854218 loops=1)
  Hash Cond: (mc.movie_id = t.id)
  ->  Seq Scan on movie_companies mc  (cost=0.00..44881.29 rows=2609129 width=4) (actual time=0.014..981.493 rows=2609129 loops=1)
  ->  Hash  (cost=137998.22..137998.22 rows=523645 width=8) (actual time=3788.555..3788.555 rows=632596 loops=1)
        Buckets: 131072 (originally 131072)  Batches: 16 (originally 8)  Memory Usage: 3073kB
        ->  Hash Join  (cost=91342.70..137998.22 rows=523645 width=8) (actual time=2215.857..3607.693 rows=632596 loops=1)
              Hash Cond: (mi_idx.movie_id = t.id)
              ->  Seq Scan on movie_info_idx mi_idx  (cost=0.00..25185.44 rows=915101 width=4) (actual time=0.015..536.280 rows=919850 loops=1)
                    Filter: (info_type_id < 101)
                    Rows Removed by Filter: 460185
              ->  Hash  (cost=67604.59..67604.59 rows=1446889 width=4) (actual time=2214.280..2214.280 rows=1443298 loops=1)
                    Buckets: 131072  Batches: 32  Memory Usage: 2608kB
                    ->  Seq Scan on title t  (cost=0.00..67604.59 rows=1446889 width=4) (actual time=0.024..1461.477 rows=1443298 loops=1)
                          Filter: (production_year < 2006)
                          Rows Removed by Filter: 1085014
Planning time: 1.201 ms
Execution time: 7157.184 ms
