Hash Join  (cost=125519.97..1191478.26 rows=3130109 width=0) (actual time=2862.107..35971.727 rows=13028132 loops=1)
  Hash Cond: (ci.movie_id = t.id)
  ->  Seq Scan on cast_info ci  (cost=0.00..614943.12 rows=36225612 width=4) (actual time=0.020..12867.569 rows=36244344 loops=1)
  ->  Hash  (cost=121934.97..121934.97 rows=218480 width=8) (actual time=2861.216..2861.216 rows=493645 loops=1)
        Buckets: 131072 (originally 131072)  Batches: 8 (originally 4)  Memory Usage: 3442kB
        ->  Hash Join  (cost=80493.69..121934.97 rows=218480 width=8) (actual time=1353.026..2706.492 rows=493645 loops=1)
              Hash Cond: (mi_idx.movie_id = t.id)
              ->  Seq Scan on movie_info_idx mi_idx  (cost=0.00..21735.35 rows=1380035 width=4) (actual time=0.023..505.376 rows=1380035 loops=1)
              ->  Hash  (cost=73925.90..73925.90 rows=400303 width=4) (actual time=1351.393..1351.393 rows=500611 loops=1)
                    Buckets: 131072  Batches: 8  Memory Usage: 3236kB
                    ->  Seq Scan on title t  (cost=0.00..73925.90 rows=400303 width=4) (actual time=0.019..1193.482 rows=500611 loops=1)
                          Filter: ((kind_id < 7) AND (production_year < 2000))
                          Rows Removed by Filter: 2027701
Planning time: 1.236 ms
Execution time: 37406.512 ms
