Seq Scan on movie_companies mc  (cost=0.00..51404.11 rows=1421121 width=0) (actual time=0.018..929.336 rows=1411688 loops=1)
  Filter: (company_id < 12365)
  Rows Removed by Filter: 1197441
Planning time: 0.295 ms
Execution time: 1105.290 ms
