Hash Join  (cost=260472.69..422239.64 rows=1097298 width=146) (actual time=6274.445..14891.688 rows=6005113 loops=1)
  Hash Cond: (mk.movie_id = t.id)
  ->  Seq Scan on movie_keyword mk  (cost=0.00..81003.12 rows=4211691 width=12) (actual time=0.028..2056.549 rows=4213792 loops=1)
        Filter: (keyword_id < 52673)
        Rows Removed by Filter: 310138
  ->  Hash  (cost=239371.03..239371.03 rows=658773 width=134) (actual time=6273.070..6273.070 rows=651363 loops=1)
        Buckets: 32768  Batches: 32  Memory Usage: 3418kB
        ->  Hash Join  (cost=129928.86..239371.03 rows=658773 width=134) (actual time=2595.595..5829.542 rows=651363 loops=1)
              Hash Cond: (mc.movie_id = t.id)
              ->  Seq Scan on movie_companies mc  (cost=0.00..51404.11 rows=658773 width=40) (actual time=0.011..1292.636 rows=651363 loops=1)
                    Filter: (company_id < 892)
                    Rows Removed by Filter: 1957766
              ->  Hash  (cost=61283.27..61283.27 rows=2528527 width=94) (actual time=2595.378..2595.378 rows=2528312 loops=1)
                    Buckets: 32768  Batches: 128  Memory Usage: 2453kB
                    ->  Seq Scan on title t  (cost=0.00..61283.27 rows=2528527 width=94) (actual time=0.010..1281.435 rows=2528312 loops=1)
Planning time: 1.278 ms
Execution time: 15259.927 ms
