Hash Join  (cost=269328.18..814366.07 rows=7008531 width=0) (actual time=6252.569..28786.005 rows=44450630 loops=1)
  Hash Cond: (mi.movie_id = t.id)
  ->  Seq Scan on movie_info mi  (cost=0.00..346232.03 rows=9476311 width=4) (actual time=167.705..6964.434 rows=9565151 loops=1)
        Filter: (info_type_id < 16)
        Rows Removed by Filter: 5270569
  ->  Hash  (cost=238647.44..238647.44 rows=1870059 width=8) (actual time=6081.777..6081.777 rows=1878832 loops=1)
        Buckets: 131072  Batches: 32  Memory Usage: 3386kB
        ->  Hash Join  (cost=102767.86..238647.44 rows=1870059 width=8) (actual time=1971.615..5511.968 rows=1878832 loops=1)
              Hash Cond: (mk.movie_id = t.id)
              ->  Seq Scan on movie_keyword mk  (cost=0.00..81003.12 rows=1870059 width=4) (actual time=0.040..1621.986 rows=1878832 loops=1)
                    Filter: (keyword_id < 3203)
                    Rows Removed by Filter: 2645098
              ->  Hash  (cost=61283.27..61283.27 rows=2528527 width=4) (actual time=1969.032..1969.032 rows=2528312 loops=1)
                    Buckets: 131072  Batches: 64  Memory Usage: 2425kB
                    ->  Seq Scan on title t  (cost=0.00..61283.27 rows=2528527 width=4) (actual time=0.019..1100.175 rows=2528312 loops=1)
Planning time: 2.968 ms
Execution time: 33880.487 ms
