Seq Scan on movie_keyword mk  (cost=0.00..81003.12 rows=1606644 width=0) (actual time=0.030..1447.358 rows=1618702 loops=1)
  Filter: (keyword_id > 9310)
  Rows Removed by Filter: 2905228
Planning time: 10.280 ms
Execution time: 1648.634 ms
