Hash Join  (cost=75464.55..151848.28 rows=96720 width=0) (actual time=1224.458..3012.285 rows=64984 loops=1)
  Hash Cond: (mc.movie_id = t.id)
  ->  Seq Scan on movie_companies mc  (cost=0.00..44881.29 rows=2609129 width=4) (actual time=0.014..900.760 rows=2609129 loops=1)
  ->  Hash  (cost=73925.90..73925.90 rows=93732 width=4) (actual time=1223.621..1223.621 rows=100592 loops=1)
        Buckets: 131072  Batches: 2  Memory Usage: 2791kB
        ->  Seq Scan on title t  (cost=0.00..73925.90 rows=93732 width=4) (actual time=0.029..1184.622 rows=100592 loops=1)
              Filter: ((kind_id > 1) AND (production_year = 2009))
              Rows Removed by Filter: 2427720
Planning time: 0.749 ms
Execution time: 3020.717 ms
