Hash Join  (cost=83074.74..833899.15 rows=3524 width=0) (actual time=1287.983..17635.106 rows=19249 loops=1)
  Hash Cond: (ci.movie_id = t.id)
  ->  Seq Scan on cast_info ci  (cost=0.00..614943.12 rows=36225612 width=4) (actual time=0.016..9449.470 rows=36244344 loops=1)
  ->  Hash  (cost=83071.67..83071.67 rows=246 width=8) (actual time=1283.523..1283.523 rows=336 loops=1)
        Buckets: 1024  Batches: 1  Memory Usage: 22kB
        ->  Nested Loop  (cost=0.43..83071.67 rows=246 width=8) (actual time=2.693..1283.164 rows=336 loops=1)
              ->  Seq Scan on movie_keyword mk  (cost=0.00..81003.12 rows=246 width=4) (actual time=2.615..1265.200 rows=336 loops=1)
                    Filter: (keyword_id = 2141)
                    Rows Removed by Filter: 4523594
              ->  Index Only Scan using title_pkey on title t  (cost=0.43..8.40 rows=1 width=4) (actual time=0.046..0.046 rows=1 loops=336)
                    Index Cond: (id = mk.movie_id)
                    Heap Fetches: 336
Planning time: 1.202 ms
Execution time: 17640.560 ms
