Seq Scan on title t  (cost=0.00..67604.59 rows=79649 width=0) (actual time=194.901..758.548 rows=77866 loops=1)
  Filter: (production_year < 1918)
  Rows Removed by Filter: 2450446
Planning time: 0.429 ms
Execution time: 766.340 ms
