Hash Join  (cost=154654.97..990207.30 rows=41120 width=0) (actual time=2944.552..17206.049 rows=107719 loops=1)
  Hash Cond: (ci.movie_id = t.id)
  ->  Seq Scan on cast_info ci  (cost=0.00..796071.18 rows=7813990 width=4) (actual time=0.021..13507.435 rows=3323926 loops=1)
        Filter: ((person_id < 1176715) AND (role_id > 1))
        Rows Removed by Filter: 32920418
  ->  Hash  (cost=154488.65..154488.65 rows=13306 width=8) (actual time=2943.442..2943.442 rows=29168 loops=1)
        Buckets: 32768 (originally 16384)  Batches: 1 (originally 1)  Memory Usage: 1396kB
        ->  Hash Join  (cost=67697.55..154488.65 rows=13306 width=8) (actual time=1037.944..2933.056 rows=29168 loops=1)
              Hash Cond: (mk.movie_id = t.id)
              ->  Seq Scan on movie_keyword mk  (cost=0.00..69693.30 rows=4523930 width=4) (actual time=0.021..1024.356 rows=4523930 loops=1)
              ->  Hash  (cost=67604.59..67604.59 rows=7437 width=4) (actual time=1037.511..1037.511 rows=15000 loops=1)
                    Buckets: 16384 (originally 8192)  Batches: 1 (originally 1)  Memory Usage: 656kB
                    ->  Seq Scan on title t  (cost=0.00..67604.59 rows=7437 width=4) (actual time=0.086..1030.517 rows=15000 loops=1)
                          Filter: (production_year = 1970)
                          Rows Removed by Filter: 2513312
Planning time: 1.219 ms
Execution time: 17220.286 ms
