Hash Join  (cost=188907.99..705017.41 rows=3402349 width=0) (actual time=3359.439..16846.846 rows=1332621 loops=1)
  Hash Cond: (mi.movie_id = t.id)
  ->  Seq Scan on movie_info mi  (cost=0.00..309384.22 rows=14739122 width=4) (actual time=0.014..6126.005 rows=14835720 loops=1)
  ->  Hash  (cost=179331.99..179331.99 rows=583680 width=8) (actual time=3358.713..3358.713 rows=122564 loops=1)
        Buckets: 131072  Batches: 8  Memory Usage: 1631kB
        ->  Hash Join  (cost=98137.04..179331.99 rows=583680 width=8) (actual time=2183.785..3326.534 rows=122564 loops=1)
              Hash Cond: (mc.movie_id = t.id)
              ->  Seq Scan on movie_companies mc  (cost=0.00..57926.93 rows=793043 width=4) (actual time=396.058..986.079 rows=579006 loops=1)
                    Filter: ((company_id > 4619) AND (company_type_id = 1))
                    Rows Removed by Filter: 2030123
              ->  Hash  (cost=67604.59..67604.59 rows=1860996 width=4) (actual time=1786.636..1786.636 rows=1865487 loops=1)
                    Buckets: 131072  Batches: 32  Memory Usage: 3079kB
                    ->  Seq Scan on title t  (cost=0.00..67604.59 rows=1860996 width=4) (actual time=0.014..1197.088 rows=1865487 loops=1)
                          Filter: (kind_id > 1)
                          Rows Removed by Filter: 662825
Planning time: 0.803 ms
Execution time: 16996.441 ms
