Hash Join  (cost=111620.96..862993.52 rows=58339 width=0) (actual time=1478.003..18663.829 rows=336802 loops=1)
  Hash Cond: (ci.movie_id = t.id)
  ->  Seq Scan on cast_info ci  (cost=0.00..614943.12 rows=36225612 width=4) (actual time=0.012..9079.378 rows=36244344 loops=1)
  ->  Hash  (cost=111570.07..111570.07 rows=4072 width=8) (actual time=1477.933..1477.933 rows=6011 loops=1)
        Buckets: 8192 (originally 4096)  Batches: 1 (originally 1)  Memory Usage: 299kB
        ->  Nested Loop  (cost=0.43..111570.07 rows=4072 width=8) (actual time=0.145..1474.129 rows=6011 loops=1)
              ->  Seq Scan on movie_keyword mk  (cost=0.00..81003.12 rows=4072 width=4) (actual time=0.092..1262.917 rows=6011 loops=1)
                    Filter: (keyword_id = 1732)
                    Rows Removed by Filter: 4517919
              ->  Index Only Scan using title_pkey on title t  (cost=0.43..7.50 rows=1 width=4) (actual time=0.034..0.034 rows=1 loops=6011)
                    Index Cond: (id = mk.movie_id)
                    Heap Fetches: 6011
Planning time: 0.758 ms
Execution time: 18720.032 ms
