Seq Scan on title t  (cost=0.00..73925.90 rows=270782 width=0) (actual time=0.031..1148.202 rows=229992 loops=1)
  Filter: ((kind_id < 3) AND (production_year > 2006))
  Rows Removed by Filter: 2298320
Planning time: 0.344 ms
Execution time: 1177.345 ms
