Hash Join  (cost=80042.24..182249.14 rows=375584 width=0) (actual time=1315.745..3639.580 rows=814688 loops=1)
  Hash Cond: (mk.movie_id = t.id)
  ->  Seq Scan on movie_keyword mk  (cost=0.00..81003.12 rows=1252784 width=4) (actual time=0.024..1436.675 rows=1264602 loops=1)
        Filter: (keyword_id > 14142)
        Rows Removed by Filter: 3259328
  ->  Hash  (cost=67604.59..67604.59 rows=758052 width=4) (actual time=1314.898..1314.898 rows=753677 loops=1)
        Buckets: 131072  Batches: 16  Memory Usage: 2686kB
        ->  Seq Scan on title t  (cost=0.00..67604.59 rows=758052 width=4) (actual time=0.017..1079.405 rows=753677 loops=1)
              Filter: (kind_id < 3)
              Rows Removed by Filter: 1774635
Planning time: 0.796 ms
Execution time: 3732.370 ms
