Hash Join  (cost=102767.86..1159145.58 rows=14171112 width=0) (actual time=3508.487..27249.968 rows=14333589 loops=1)
  Hash Cond: (ci.movie_id = t.id)
  ->  Seq Scan on cast_info ci  (cost=0.00..705507.15 rows=14171112 width=4) (actual time=1637.771..13512.802 rows=14333589 loops=1)
        Filter: (person_id > 2228904)
        Rows Removed by Filter: 21910755
  ->  Hash  (cost=61283.27..61283.27 rows=2528527 width=4) (actual time=1869.359..1869.359 rows=2528312 loops=1)
        Buckets: 131072  Batches: 64  Memory Usage: 2415kB
        ->  Seq Scan on title t  (cost=0.00..61283.27 rows=2528527 width=4) (actual time=0.040..1021.727 rows=2528312 loops=1)
Planning time: 0.877 ms
Execution time: 28899.061 ms
