Hash Join  (cost=81530.55..1240254.86 rows=12160515 width=0) (actual time=1477.005..37771.739 rows=11213577 loops=1)
  Hash Cond: (ci.movie_id = t.id)
  ->  Seq Scan on cast_info ci  (cost=0.00..614943.12 rows=36225612 width=4) (actual time=0.010..13015.896 rows=36244344 loops=1)
  ->  Hash  (cost=67604.59..67604.59 rows=848797 width=4) (actual time=1476.159..1476.159 rows=849141 loops=1)
        Buckets: 131072  Batches: 16  Memory Usage: 2892kB
        ->  Seq Scan on title t  (cost=0.00..67604.59 rows=848797 width=4) (actual time=0.007..1211.694 rows=849141 loops=1)
              Filter: (production_year < 1996)
              Rows Removed by Filter: 1679171
Planning time: 0.708 ms
Execution time: 39086.288 ms
