Seq Scan on movie_keyword mk  (cost=0.00..81003.12 rows=2795807 width=0) (actual time=0.016..1513.476 rows=2788641 loops=1)
  Filter: (keyword_id > 2830)
  Rows Removed by Filter: 1735289
Planning time: 0.341 ms
Execution time: 1866.010 ms
