Hash Join  (cost=187807.07..280918.58 rows=1310199 width=0) (actual time=4785.456..8396.461 rows=3910018 loops=1)
  Hash Cond: (mc.movie_id = t.id)
  ->  Seq Scan on movie_companies mc  (cost=0.00..44881.29 rows=2609129 width=4) (actual time=0.009..988.106 rows=2609129 loops=1)
  ->  Hash  (cost=166975.52..166975.52 rows=1269724 width=8) (actual time=4784.284..4784.284 rows=1331203 loops=1)
        Buckets: 131072  Batches: 32  Memory Usage: 2651kB
        ->  Hash Join  (cost=105772.75..166975.52 rows=1269724 width=8) (actual time=2412.952..4376.480 rows=1331203 loops=1)
              Hash Cond: (mi_idx.movie_id = t.id)
              ->  Seq Scan on movie_info_idx mi_idx  (cost=0.00..21735.35 rows=1380035 width=4) (actual time=0.028..442.739 rows=1380035 loops=1)
              ->  Hash  (cost=67604.59..67604.59 rows=2326413 width=4) (actual time=2411.669..2411.669 rows=2320300 loops=1)
                    Buckets: 131072  Batches: 32  Memory Usage: 3577kB
                    ->  Seq Scan on title t  (cost=0.00..67604.59 rows=2326413 width=4) (actual time=0.018..1381.886 rows=2320300 loops=1)
                          Filter: (production_year > 1937)
                          Rows Removed by Filter: 208012
Planning time: 1.103 ms
Execution time: 8840.983 ms
