Hash Join  (cost=208041.89..350225.78 rows=1656485 width=0) (actual time=4690.759..10049.584 rows=7347085 loops=1)
  Hash Cond: (mk.movie_id = t.id)
  ->  Seq Scan on movie_keyword mk  (cost=0.00..69693.30 rows=4523930 width=4) (actual time=0.024..1525.186 rows=4523930 loops=1)
  ->  Hash  (cost=192851.81..192851.81 rows=925847 width=8) (actual time=4689.373..4689.373 rows=1104696 loops=1)
        Buckets: 131072  Batches: 16  Memory Usage: 3734kB
        ->  Hash Join  (cost=102767.86..192851.81 rows=925847 width=8) (actual time=1848.010..4350.476 rows=1104696 loops=1)
              Hash Cond: (mc.movie_id = t.id)
              ->  Seq Scan on movie_companies mc  (cost=0.00..57926.93 rows=925847 width=4) (actual time=0.030..1175.044 rows=1104696 loops=1)
                    Filter: ((company_id > 1684) AND (company_type_id > 1))
                    Rows Removed by Filter: 1504433
              ->  Hash  (cost=61283.27..61283.27 rows=2528527 width=4) (actual time=1846.539..1846.539 rows=2528312 loops=1)
                    Buckets: 131072  Batches: 64  Memory Usage: 2415kB
                    ->  Seq Scan on title t  (cost=0.00..61283.27 rows=2528527 width=4) (actual time=0.011..996.383 rows=2528312 loops=1)
Planning time: 1.120 ms
Execution time: 10889.004 ms
