Hash Join  (cost=92883.59..1122193.74 rows=7323494 width=0) (actual time=3560.552..31609.497 rows=11352014 loops=1)
  Hash Cond: (ci.movie_id = t.id)
  ->  Seq Scan on cast_info ci  (cost=0.00..796071.18 rows=12018207 width=4) (actual time=2153.920..16365.850 rows=18669872 loops=1)
        Filter: ((person_id > 1737040) AND (role_id > 1))
        Rows Removed by Filter: 17574472
  ->  Hash  (cost=67604.59..67604.59 rows=1540800 width=4) (actual time=1405.498..1405.498 rows=1543264 loops=1)
        Buckets: 131072  Batches: 32  Memory Usage: 2722kB
        ->  Seq Scan on title t  (cost=0.00..67604.59 rows=1540800 width=4) (actual time=0.033..933.978 rows=1543264 loops=1)
              Filter: (kind_id = 7)
              Rows Removed by Filter: 985048
Planning time: 0.826 ms
Execution time: 32937.635 ms
