Hash Join  (cost=95637.05..145721.88 rows=722234 width=0) (actual time=1868.126..3338.843 rows=584877 loops=1)
  Hash Cond: (mi_idx.movie_id = t.id)
  ->  Seq Scan on movie_info_idx mi_idx  (cost=0.00..21735.35 rows=1380035 width=4) (actual time=0.021..442.350 rows=1380035 loops=1)
  ->  Hash  (cost=73925.90..73925.90 rows=1323292 width=4) (actual time=1866.595..1866.595 rows=1447699 loops=1)
        Buckets: 131072  Batches: 32  Memory Usage: 2623kB
        ->  Seq Scan on title t  (cost=0.00..73925.90 rows=1323292 width=4) (actual time=0.015..1414.929 rows=1447699 loops=1)
              Filter: ((kind_id > 1) AND (production_year > 1988))
              Rows Removed by Filter: 1080613
Planning time: 0.823 ms
Execution time: 3407.072 ms
