Seq Scan on movie_companies mc  (cost=0.00..51404.11 rows=104 width=0) (actual time=8.533..731.624 rows=397 loops=1)
  Filter: (company_id = 30)
  Rows Removed by Filter: 2608732
Planning time: 0.373 ms
Execution time: 731.829 ms
