Hash Join  (cost=83074.74..833899.15 rows=3524 width=0) (actual time=912.695..16432.888 rows=1420 loops=1)
  Hash Cond: (ci.movie_id = t.id)
  ->  Seq Scan on cast_info ci  (cost=0.00..614943.12 rows=36225612 width=4) (actual time=4.775..8797.626 rows=36244344 loops=1)
  ->  Hash  (cost=83071.67..83071.67 rows=246 width=8) (actual time=904.462..904.462 rows=21 loops=1)
        Buckets: 1024  Batches: 1  Memory Usage: 9kB
        ->  Nested Loop  (cost=0.43..83071.67 rows=246 width=8) (actual time=27.996..904.431 rows=21 loops=1)
              ->  Seq Scan on movie_keyword mk  (cost=0.00..81003.12 rows=246 width=4) (actual time=27.903..903.475 rows=21 loops=1)
                    Filter: (keyword_id = 14788)
                    Rows Removed by Filter: 4523909
              ->  Index Only Scan using title_pkey on title t  (cost=0.43..8.40 rows=1 width=4) (actual time=0.038..0.039 rows=1 loops=21)
                    Index Cond: (id = mk.movie_id)
                    Heap Fetches: 21
Planning time: 3.870 ms
Execution time: 16434.046 ms
