Seq Scan on movie_keyword mk  (cost=0.00..81003.12 rows=1233219 width=0) (actual time=0.024..1402.130 rows=1245626 loops=1)
  Filter: (keyword_id > 14511)
  Rows Removed by Filter: 3278304
Planning time: 0.566 ms
Execution time: 1562.799 ms
