Hash Join  (cost=102767.86..197975.76 rows=1409833 width=0) (actual time=1913.839..4416.171 rows=1418210 loops=1)
  Hash Cond: (mc.movie_id = t.id)
  ->  Seq Scan on movie_companies mc  (cost=0.00..51404.11 rows=1409833 width=4) (actual time=20.389..971.551 rows=1418210 loops=1)
        Filter: (company_id > 10583)
        Rows Removed by Filter: 1190919
  ->  Hash  (cost=61283.27..61283.27 rows=2528527 width=4) (actual time=1887.064..1887.064 rows=2528312 loops=1)
        Buckets: 131072  Batches: 64  Memory Usage: 2415kB
        ->  Seq Scan on title t  (cost=0.00..61283.27 rows=2528527 width=4) (actual time=0.035..1030.329 rows=2528312 loops=1)
Planning time: 0.752 ms
Execution time: 4584.501 ms
