Hash Join  (cost=127750.03..182417.86 rows=231 width=0) (actual time=1443.492..2617.185 rows=1537 loops=1)
  Hash Cond: (mc.movie_id = t.id)
  ->  Seq Scan on movie_companies mc  (cost=0.00..44881.29 rows=2609129 width=4) (actual time=0.024..693.787 rows=2609129 loops=1)
  ->  Hash  (cost=127747.23..127747.23 rows=224 width=8) (actual time=1432.530..1432.530 rows=509 loops=1)
        Buckets: 1024  Batches: 1  Memory Usage: 28kB
        ->  Nested Loop  (cost=0.43..127747.23 rows=224 width=8) (actual time=4.397..1432.075 rows=509 loops=1)
              ->  Seq Scan on movie_keyword mk  (cost=0.00..81003.12 rows=6635 width=4) (actual time=0.029..1216.395 rows=6649 loops=1)
                    Filter: (keyword_id = 500)
                    Rows Removed by Filter: 4517281
              ->  Index Scan using title_pkey on title t  (cost=0.43..7.04 rows=1 width=4) (actual time=0.032..0.032 rows=0 loops=6649)
                    Index Cond: (id = mk.movie_id)
                    Filter: (production_year = 2004)
                    Rows Removed by Filter: 1
Planning time: 1.171 ms
Execution time: 2617.603 ms
