Seq Scan on movie_keyword mk  (cost=0.00..81003.12 rows=246 width=0) (actual time=12.917..1244.157 rows=29 loops=1)
  Filter: (keyword_id = 5247)
  Rows Removed by Filter: 4523901
Planning time: 0.411 ms
Execution time: 1244.268 ms
