Seq Scan on movie_companies mc  (cost=0.00..51404.11 rows=456314 width=0) (actual time=0.031..859.115 rows=451419 loops=1)
  Filter: (company_id < 375)
  Rows Removed by Filter: 2157710
Planning time: 0.334 ms
Execution time: 917.965 ms
