Hash Join  (cost=103317.10..856050.70 rows=194443 width=0) (actual time=1743.778..19895.134 rows=714478 loops=1)
  Hash Cond: (ci.movie_id = t.id)
  ->  Seq Scan on cast_info ci  (cost=0.00..614943.12 rows=36225612 width=4) (actual time=0.018..8874.451 rows=36244344 loops=1)
  ->  Hash  (cost=103147.45..103147.45 rows=13572 width=8) (actual time=1743.625..1743.625 rows=26438 loops=1)
        Buckets: 32768 (originally 16384)  Batches: 1 (originally 1)  Memory Usage: 1289kB
        ->  Hash Join  (cost=74394.67..103147.45 rows=13572 width=8) (actual time=1012.245..1733.174 rows=26438 loops=1)
              Hash Cond: (mi_idx.movie_id = t.id)
              ->  Seq Scan on movie_info_idx mi_idx  (cost=0.00..25185.44 rows=915101 width=4) (actual time=0.016..523.960 rows=919850 loops=1)
                    Filter: (info_type_id < 101)
                    Rows Removed by Filter: 460185
              ->  Hash  (cost=73925.90..73925.90 rows=37501 width=4) (actual time=1011.439..1011.439 rows=32253 loops=1)
                    Buckets: 65536  Batches: 1  Memory Usage: 1646kB
                    ->  Seq Scan on title t  (cost=0.00..73925.90 rows=37501 width=4) (actual time=0.043..998.405 rows=32253 loops=1)
                          Filter: ((kind_id < 7) AND (production_year = 2005))
                          Rows Removed by Filter: 2496059
Planning time: 1.217 ms
Execution time: 19996.892 ms
