Hash Join  (cost=130352.35..209590.82 rows=303793 width=0) (actual time=2718.968..5269.109 rows=1444783 loops=1)
  Hash Cond: (mc.movie_id = t.id)
  ->  Seq Scan on movie_companies mc  (cost=0.00..44881.29 rows=2609129 width=4) (actual time=0.032..866.778 rows=2609129 loops=1)
  ->  Hash  (cost=125521.24..125521.24 rows=294409 width=8) (actual time=2718.077..2718.077 rows=436973 loops=1)
        Buckets: 131072 (originally 131072)  Batches: 8 (originally 4)  Memory Usage: 3163kB
        ->  Hash Join  (cost=82776.67..125521.24 rows=294409 width=8) (actual time=1338.356..2585.193 rows=436973 loops=1)
              Hash Cond: (mi_idx.movie_id = t.id)
              ->  Seq Scan on movie_info_idx mi_idx  (cost=0.00..21735.35 rows=1380035 width=4) (actual time=0.021..439.356 rows=1380035 loops=1)
              ->  Hash  (cost=73925.90..73925.90 rows=539421 width=4) (actual time=1335.480..1335.480 rows=459810 loops=1)
                    Buckets: 131072  Batches: 8  Memory Usage: 3041kB
                    ->  Seq Scan on title t  (cost=0.00..73925.90 rows=539421 width=4) (actual time=0.034..1184.499 rows=459810 loops=1)
                          Filter: ((kind_id < 7) AND (production_year > 2000))
                          Rows Removed by Filter: 2068502
Planning time: 1.419 ms
Execution time: 5446.552 ms
