Seq Scan on cast_info ci  (cost=0.00..705507.15 rows=26718602 width=0) (actual time=0.026..13301.748 rows=26754743 loops=1)
  Filter: (person_id < 2756802)
  Rows Removed by Filter: 9489601
Planning time: 0.341 ms
Execution time: 16586.119 ms
