Hash Join  (cost=200837.04..1368423.07 rows=13023187 width=0) (actual time=4238.562..43456.354 rows=31145934 loops=1)
  Hash Cond: (ci.movie_id = t.id)
  ->  Seq Scan on cast_info ci  (cost=0.00..614943.12 rows=36225612 width=4) (actual time=0.020..13059.666 rows=36244344 loops=1)
  ->  Hash  (cost=185923.40..185923.40 rows=909011 width=8) (actual time=4237.709..4237.709 rows=907722 loops=1)
        Buckets: 131072  Batches: 16  Memory Usage: 3221kB
        ->  Hash Join  (cost=102767.86..185923.40 rows=909011 width=8) (actual time=1841.647..3980.659 rows=907722 loops=1)
              Hash Cond: (mc.movie_id = t.id)
              ->  Seq Scan on movie_companies mc  (cost=0.00..51404.11 rows=909011 width=4) (actual time=0.018..998.962 rows=907722 loops=1)
                    Filter: (company_id < 2995)
                    Rows Removed by Filter: 1701407
              ->  Hash  (cost=61283.27..61283.27 rows=2528527 width=4) (actual time=1839.887..1839.887 rows=2528312 loops=1)
                    Buckets: 131072  Batches: 64  Memory Usage: 2415kB
                    ->  Seq Scan on title t  (cost=0.00..61283.27 rows=2528527 width=4) (actual time=0.011..1009.831 rows=2528312 loops=1)
Planning time: 1.121 ms
Execution time: 46817.065 ms
