Hash Join  (cost=203272.95..713600.21 rows=1133740 width=0) (actual time=4180.027..15987.483 rows=342075 loops=1)
  Hash Cond: (mi.movie_id = t.id)
  ->  Seq Scan on movie_info mi  (cost=0.00..309384.22 rows=14739122 width=4) (actual time=0.016..6058.393 rows=14835720 loops=1)
  ->  Hash  (cost=200081.75..200081.75 rows=194496 width=8) (actual time=4174.354..4174.354 rows=41551 loops=1)
        Buckets: 131072  Batches: 4  Memory Usage: 1432kB
        ->  Hash Join  (cost=75709.76..200081.75 rows=194496 width=8) (actual time=1250.203..4158.702 rows=41551 loops=1)
              Hash Cond: (mk.movie_id = t.id)
              ->  Seq Scan on movie_keyword mk  (cost=0.00..69693.30 rows=4523930 width=4) (actual time=0.007..1542.119 rows=4523930 loops=1)
              ->  Hash  (cost=73925.90..73925.90 rows=108708 width=4) (actual time=1249.012..1249.012 rows=115965 loops=1)
                    Buckets: 131072  Batches: 2  Memory Usage: 3068kB
                    ->  Seq Scan on title t  (cost=0.00..73925.90 rows=108708 width=4) (actual time=0.011..1201.661 rows=115965 loops=1)
                          Filter: ((kind_id > 3) AND (production_year = 2012))
                          Rows Removed by Filter: 2412347
Planning time: 1.195 ms
Execution time: 16022.342 ms
