Seq Scan on movie_companies mc  (cost=0.00..51404.11 rows=104 width=0) (actual time=79.780..838.089 rows=213 loops=1)
  Filter: (company_id = 5941)
  Rows Removed by Filter: 2608916
Planning time: 0.347 ms
Execution time: 838.210 ms
