Hash Join  (cost=757227.33..3089197.12 rows=99922958 width=0) (actual time=16004.695..70754.274 rows=86021293 loops=1)
  Hash Cond: (ci.movie_id = t.id)
  ->  Seq Scan on cast_info ci  (cost=0.00..614943.12 rows=36225612 width=4) (actual time=0.016..14282.524 rows=36244344 loops=1)
  ->  Hash  (cost=642800.27..642800.27 rows=6974565 width=8) (actual time=16002.576..16002.576 rows=3893611 loops=1)
        Buckets: 131072  Batches: 128  Memory Usage: 2195kB
        ->  Hash Join  (cost=98137.04..642800.27 rows=6974565 width=8) (actual time=2185.236..14907.737 rows=3893611 loops=1)
              Hash Cond: (mi.movie_id = t.id)
              ->  Seq Scan on movie_info mi  (cost=0.00..346232.03 rows=9476311 width=4) (actual time=172.526..6627.909 rows=9565151 loops=1)
                    Filter: (info_type_id < 16)
                    Rows Removed by Filter: 5270569
              ->  Hash  (cost=67604.59..67604.59 rows=1860996 width=4) (actual time=2011.833..2011.833 rows=1865487 loops=1)
                    Buckets: 131072  Batches: 32  Memory Usage: 3085kB
                    ->  Seq Scan on title t  (cost=0.00..67604.59 rows=1860996 width=4) (actual time=0.022..1393.559 rows=1865487 loops=1)
                          Filter: (kind_id > 1)
                          Rows Removed by Filter: 662825
Planning time: 1.092 ms
Execution time: 79893.062 ms
