Hash Join  (cost=74311.74..156667.25 rows=4264 width=0) (actual time=1214.022..2553.241 rows=1032 loops=1)
  Hash Cond: (mk.movie_id = t.id)
  ->  Seq Scan on movie_keyword mk  (cost=0.00..81003.12 rows=349264 width=4) (actual time=0.021..1248.728 rows=363692 loops=1)
        Filter: (keyword_id < 335)
        Rows Removed by Filter: 4160238
  ->  Hash  (cost=73925.90..73925.90 rows=30867 width=4) (actual time=1210.236..1210.236 rows=34773 loops=1)
        Buckets: 65536 (originally 32768)  Batches: 1 (originally 1)  Memory Usage: 1735kB
        ->  Seq Scan on title t  (cost=0.00..73925.90 rows=30867 width=4) (actual time=0.032..1194.980 rows=34773 loops=1)
              Filter: ((kind_id = 7) AND (production_year = 1999))
              Rows Removed by Filter: 2493539
Planning time: 0.827 ms
Execution time: 2553.572 ms
