Hash Join  (cost=94778.23..459772.02 rows=33787 width=0) (actual time=1611.135..9081.486 rows=39648 loops=1)
  Hash Cond: (mi.movie_id = t.id)
  ->  Seq Scan on movie_info mi  (cost=0.00..309384.22 rows=14739122 width=4) (actual time=0.020..4555.825 rows=14835720 loops=1)
  ->  Hash  (cost=94705.78..94705.78 rows=5796 width=8) (actual time=1611.010..1611.010 rows=4638 loops=1)
        Buckets: 8192  Batches: 1  Memory Usage: 246kB
        ->  Hash Join  (cost=67737.34..94705.78 rows=5796 width=8) (actual time=941.441..1609.079 rows=4638 loops=1)
              Hash Cond: (mi_idx.movie_id = t.id)
              ->  Seq Scan on movie_info_idx mi_idx  (cost=0.00..21735.35 rows=1380035 width=4) (actual time=0.014..375.856 rows=1380035 loops=1)
              ->  Hash  (cost=67604.59..67604.59 rows=10620 width=4) (actual time=940.283..940.283 rows=9435 loops=1)
                    Buckets: 16384  Batches: 1  Memory Usage: 460kB
                    ->  Seq Scan on title t  (cost=0.00..67604.59 rows=10620 width=4) (actual time=42.223..936.146 rows=9435 loops=1)
                          Filter: (production_year < 1902)
                          Rows Removed by Filter: 2518877
Planning time: 0.759 ms
Execution time: 9087.701 ms
