Seq Scan on title t  (cost=0.00..73925.90 rows=223319 width=0) (actual time=0.033..1311.163 rows=90472 loops=1)
  Filter: ((kind_id > 1) AND (production_year < 1965))
  Rows Removed by Filter: 2437840
Planning time: 0.588 ms
Execution time: 1325.774 ms
