Hash Join  (cost=104131.46..211986.67 rows=739424 width=0) (actual time=2154.789..4644.317 rows=806362 loops=1)
  Hash Cond: (mk.movie_id = t.id)
  ->  Seq Scan on movie_keyword mk  (cost=0.00..81003.12 rows=839769 width=4) (actual time=0.035..1468.119 rows=844305 loops=1)
        Filter: (keyword_id > 21711)
        Rows Removed by Filter: 3679625
  ->  Hash  (cost=67604.59..67604.59 rows=2226390 width=4) (actual time=2153.948..2153.948 rows=2224569 loops=1)
        Buckets: 131072  Batches: 32  Memory Usage: 3472kB
        ->  Seq Scan on title t  (cost=0.00..67604.59 rows=2226390 width=4) (actual time=0.021..1413.787 rows=2224569 loops=1)
              Filter: (production_year < 2012)
              Rows Removed by Filter: 303743
Planning time: 0.551 ms
Execution time: 4739.150 ms
