Seq Scan on movie_companies mc  (cost=0.00..51404.11 rows=711957 width=0) (actual time=0.034..873.997 rows=701368 loops=1)
  Filter: (company_id < 1310)
  Rows Removed by Filter: 1907761
Planning time: 0.311 ms
Execution time: 961.297 ms
