Seq Scan on movie_companies mc  (cost=0.00..57926.93 rows=53 width=0) (actual time=156.868..846.801 rows=1444 loops=1)
  Filter: ((company_id = 639) AND (company_type_id = 2))
  Rows Removed by Filter: 2607685
Planning time: 0.401 ms
Execution time: 847.132 ms
