Hash Join  (cost=209282.36..1383854.03 rows=13703150 width=0) (actual time=4738.198..44784.618 rows=27469073 loops=1)
  Hash Cond: (ci.movie_id = t.id)
  ->  Seq Scan on cast_info ci  (cost=0.00..614943.12 rows=36225612 width=4) (actual time=0.016..13401.309 rows=36244344 loops=1)
  ->  Hash  (cost=193589.46..193589.46 rows=956472 width=8) (actual time=4737.259..4737.259 rows=1124549 loops=1)
        Buckets: 131072  Batches: 16  Memory Usage: 3762kB
        ->  Hash Join  (cost=102767.86..193589.46 rows=956472 width=8) (actual time=2362.698..4424.425 rows=1124549 loops=1)
              Hash Cond: (mc.movie_id = t.id)
              ->  Seq Scan on movie_companies mc  (cost=0.00..57926.93 rows=956472 width=4) (actual time=355.276..1138.149 rows=1124549 loops=1)
                    Filter: ((company_id > 1413) AND (company_type_id > 1))
                    Rows Removed by Filter: 1484580
              ->  Hash  (cost=61283.27..61283.27 rows=2528527 width=4) (actual time=2006.222..2006.222 rows=2528312 loops=1)
                    Buckets: 131072  Batches: 64  Memory Usage: 2415kB
                    ->  Seq Scan on title t  (cost=0.00..61283.27 rows=2528527 width=4) (actual time=0.022..1151.305 rows=2528312 loops=1)
Planning time: 1.164 ms
Execution time: 47884.201 ms
