Hash Join  (cost=94699.36..903979.54 rows=5630 width=0) (actual time=1438.205..14537.059 rows=3492 loops=1)
  Hash Cond: (ci.movie_id = t.id)
  ->  Seq Scan on cast_info ci  (cost=0.00..796071.18 rows=3507388 width=4) (actual time=0.031..12805.197 rows=1756053 loops=1)
        Filter: ((person_id < 1319765) AND (role_id > 4))
        Rows Removed by Filter: 34488291
  ->  Hash  (cost=94648.62..94648.62 rows=4059 width=8) (actual time=1435.569..1435.569 rows=2664 loops=1)
        Buckets: 4096  Batches: 1  Memory Usage: 137kB
        ->  Hash Join  (cost=67697.55..94648.62 rows=4059 width=8) (actual time=1048.625..1434.456 rows=2664 loops=1)
              Hash Cond: (mi_idx.movie_id = t.id)
              ->  Seq Scan on movie_info_idx mi_idx  (cost=0.00..21735.35 rows=1380035 width=4) (actual time=0.022..261.029 rows=1380035 loops=1)
              ->  Hash  (cost=67604.59..67604.59 rows=7437 width=4) (actual time=901.677..901.677 rows=2433 loops=1)
                    Buckets: 8192  Batches: 1  Memory Usage: 150kB
                    ->  Seq Scan on title t  (cost=0.00..67604.59 rows=7437 width=4) (actual time=0.126..900.362 rows=2433 loops=1)
                          Filter: (production_year = 1933)
                          Rows Removed by Filter: 2525879
Planning time: 1.098 ms
Execution time: 14537.837 ms
