Hash Join  (cost=365418.15..2280955.35 rows=61917566 width=0) (actual time=8425.017..93797.671 rows=206434071 loops=1)
  Hash Cond: (ci.movie_id = t.id)
  ->  Seq Scan on cast_info ci  (cost=0.00..705507.15 rows=34607131 width=4) (actual time=0.014..17002.749 rows=34697628 loops=1)
        Filter: (person_id > 154678)
        Rows Removed by Filter: 1546716
  ->  Hash  (cost=291197.02..291197.02 rows=4523930 width=8) (actual time=8423.075..8423.075 rows=4523930 loops=1)
        Buckets: 131072  Batches: 64  Memory Usage: 3816kB
        ->  Hash Join  (cost=102767.86..291197.02 rows=4523930 width=8) (actual time=1956.283..7166.863 rows=4523930 loops=1)
              Hash Cond: (mk.movie_id = t.id)
              ->  Seq Scan on movie_keyword mk  (cost=0.00..69693.30 rows=4523930 width=4) (actual time=0.015..1515.092 rows=4523930 loops=1)
              ->  Hash  (cost=61283.27..61283.27 rows=2528527 width=4) (actual time=1954.124..1954.124 rows=2528312 loops=1)
                    Buckets: 131072  Batches: 64  Memory Usage: 2425kB
                    ->  Seq Scan on title t  (cost=0.00..61283.27 rows=2528527 width=4) (actual time=0.025..1104.449 rows=2528312 loops=1)
Planning time: 1.152 ms
Execution time: 116309.221 ms
