Hash Join  (cost=154783.57..631361.13 rows=1581320 width=0) (actual time=4389.396..16625.196 rows=5133750 loops=1)
  Hash Cond: (mi.movie_id = t.id)
  ->  Seq Scan on movie_info mi  (cost=0.00..346232.03 rows=9767026 width=4) (actual time=686.903..6982.625 rows=9911754 loops=1)
        Filter: (info_type_id > 4)
        Rows Removed by Filter: 4923966
  ->  Hash  (cost=148066.35..148066.35 rows=409378 width=8) (actual time=3701.654..3701.654 rows=436964 loops=1)
        Buckets: 131072  Batches: 8  Memory Usage: 3174kB
        ->  Hash Join  (cost=104131.46..148066.35 rows=409378 width=8) (actual time=2300.083..3569.219 rows=436964 loops=1)
              Hash Cond: (mi_idx.movie_id = t.id)
              ->  Seq Scan on movie_info_idx mi_idx  (cost=0.00..25185.44 rows=464934 width=4) (actual time=0.037..538.893 rows=460185 loops=1)
                    Filter: (info_type_id > 100)
                    Rows Removed by Filter: 919850
              ->  Hash  (cost=67604.59..67604.59 rows=2226390 width=4) (actual time=2298.641..2298.641 rows=2224569 loops=1)
                    Buckets: 131072  Batches: 32  Memory Usage: 3463kB
                    ->  Seq Scan on title t  (cost=0.00..67604.59 rows=2226390 width=4) (actual time=0.021..1292.020 rows=2224569 loops=1)
                          Filter: (production_year < 2012)
                          Rows Removed by Filter: 303743
Planning time: 1.209 ms
Execution time: 17245.337 ms
