Hash Join  (cost=86959.23..173646.99 rows=2972 width=0) (actual time=2062.644..2686.504 rows=51 loops=1)
  Hash Cond: (mk.movie_id = t.id)
  ->  Seq Scan on movie_keyword mk  (cost=0.00..69693.30 rows=4523930 width=4) (actual time=0.022..943.829 rows=4523930 loops=1)
  ->  Hash  (cost=86938.47..86938.47 rows=1661 width=8) (actual time=1006.000..1006.000 rows=26 loops=1)
        Buckets: 2048  Batches: 1  Memory Usage: 18kB
        ->  Nested Loop  (cost=0.43..86938.47 rows=1661 width=8) (actual time=18.481..1005.969 rows=26 loops=1)
              ->  Seq Scan on movie_companies mc  (cost=0.00..57926.93 rows=3839 width=4) (actual time=16.166..869.386 rows=4375 loops=1)
                    Filter: ((company_id = 159) AND (company_type_id = 1))
                    Rows Removed by Filter: 2604754
              ->  Index Scan using title_pkey on title t  (cost=0.43..7.55 rows=1 width=4) (actual time=0.031..0.031 rows=0 loops=4375)
                    Index Cond: (id = mc.movie_id)
                    Filter: ((production_year < 2009) AND (kind_id = 7))
                    Rows Removed by Filter: 1
Planning time: 1.205 ms
Execution time: 2686.651 ms
