Seq Scan on cast_info ci  (cost=0.00..796071.18 rows=1959848 width=0) (actual time=0.031..12313.556 rows=5067645 loops=1)
  Filter: ((person_id > 2791766) AND (role_id > 6))
  Rows Removed by Filter: 31176699
Planning time: 0.700 ms
Execution time: 12944.521 ms
