Seq Scan on title t  (cost=0.00..73925.90 rows=4906 width=0) (actual time=197.371..1100.049 rows=6093 loops=1)
  Filter: ((kind_id > 3) AND (production_year = 1958))
  Rows Removed by Filter: 2522219
Planning time: 0.348 ms
Execution time: 1101.643 ms
