Hash Join  (cost=180179.93..1313620.01 rows=9699191 width=0) (actual time=4130.741..45678.808 rows=38561653 loops=1)
  Hash Cond: (ci.movie_id = t.id)
  ->  Seq Scan on cast_info ci  (cost=0.00..614943.12 rows=36225612 width=4) (actual time=0.023..13308.667 rows=36244344 loops=1)
  ->  Hash  (cost=169072.46..169072.46 rows=676998 width=8) (actual time=4129.722..4129.722 rows=1022286 loops=1)
        Buckets: 131072  Batches: 16  Memory Usage: 3497kB
        ->  Hash Join  (cost=84689.96..169072.46 rows=676998 width=8) (actual time=1364.692..3833.806 rows=1022286 loops=1)
              Hash Cond: (mc.movie_id = t.id)
              ->  Seq Scan on movie_companies mc  (cost=0.00..44881.29 rows=2609129 width=4) (actual time=0.011..879.276 rows=2609129 loops=1)
              ->  Hash  (cost=73925.90..73925.90 rows=656084 width=4) (actual time=1363.738..1363.738 rows=555560 loops=1)
                    Buckets: 131072  Batches: 16  Memory Usage: 2241kB
                    ->  Seq Scan on title t  (cost=0.00..73925.90 rows=656084 width=4) (actual time=0.023..1179.436 rows=555560 loops=1)
                          Filter: ((kind_id < 7) AND (production_year > 1993))
                          Rows Removed by Filter: 1972752
Planning time: 1.250 ms
Execution time: 50156.834 ms
