Hash Join  (cost=172925.79..521054.34 rows=12046 width=0) (actual time=3519.764..9124.541 rows=58275 loops=1)
  Hash Cond: (mi.movie_id = t.id)
  ->  Seq Scan on movie_info mi  (cost=0.00..346232.03 rows=473617 width=4) (actual time=165.655..5581.900 rows=486554 loops=1)
        Filter: (info_type_id = 5)
        Rows Removed by Filter: 14349166
  ->  Hash  (cost=172121.88..172121.88 rows=64313 width=8) (actual time=3353.003..3353.003 rows=111266 loops=1)
        Buckets: 131072 (originally 65536)  Batches: 2 (originally 1)  Memory Usage: 3195kB
        ->  Hash Join  (cost=102767.86..172121.88 rows=64313 width=8) (actual time=1977.103..3307.052 rows=111266 loops=1)
              Hash Cond: (mc.movie_id = t.id)
              ->  Seq Scan on movie_companies mc  (cost=0.00..57926.93 rows=64313 width=4) (actual time=0.029..805.253 rows=111266 loops=1)
                    Filter: ((company_id < 27) AND (company_type_id < 2))
                    Rows Removed by Filter: 2497863
              ->  Hash  (cost=61283.27..61283.27 rows=2528527 width=4) (actual time=1975.907..1975.907 rows=2528312 loops=1)
                    Buckets: 131072  Batches: 64  Memory Usage: 2415kB
                    ->  Seq Scan on title t  (cost=0.00..61283.27 rows=2528527 width=4) (actual time=0.017..1132.735 rows=2528312 loops=1)
Planning time: 1.149 ms
Execution time: 9132.385 ms
