Hash Join  (cost=67697.55..161304.09 rows=9808 width=0) (actual time=984.247..2984.506 rows=14768 loops=1)
  Hash Cond: (mk.movie_id = t.id)
  ->  Seq Scan on movie_keyword mk  (cost=0.00..81003.12 rows=3334755 width=4) (actual time=0.015..1495.148 rows=3326264 loops=1)
        Filter: (keyword_id > 1450)
        Rows Removed by Filter: 1197666
  ->  Hash  (cost=67604.59..67604.59 rows=7437 width=4) (actual time=981.774..981.774 rows=11416 loops=1)
        Buckets: 16384 (originally 8192)  Batches: 1 (originally 1)  Memory Usage: 530kB
        ->  Seq Scan on title t  (cost=0.00..67604.59 rows=7437 width=4) (actual time=0.017..975.964 rows=11416 loops=1)
              Filter: (production_year = 1964)
              Rows Removed by Filter: 2516896
Planning time: 0.587 ms
Execution time: 2986.729 ms
