Hash Join  (cost=100899.10..155578.87 rows=1426 width=0) (actual time=1762.358..2809.625 rows=1626 loops=1)
  Hash Cond: (mc.movie_id = t.id)
  ->  Seq Scan on movie_companies mc  (cost=0.00..44881.29 rows=2609129 width=4) (actual time=0.013..577.632 rows=2609129 loops=1)
  ->  Hash  (cost=100881.83..100881.83 rows=1381 width=8) (actual time=1755.802..1755.802 rows=558 loops=1)
        Buckets: 2048  Batches: 1  Memory Usage: 38kB
        ->  Hash Join  (cost=73957.54..100881.83 rows=1381 width=8) (actual time=1182.989..1755.473 rows=558 loops=1)
              Hash Cond: (mi_idx.movie_id = t.id)
              ->  Seq Scan on movie_info_idx mi_idx  (cost=0.00..21735.35 rows=1380035 width=4) (actual time=0.029..298.978 rows=1380035 loops=1)
              ->  Hash  (cost=73925.90..73925.90 rows=2531 width=4) (actual time=1182.757..1182.757 rows=3781 loops=1)
                    Buckets: 4096  Batches: 1  Memory Usage: 165kB
                    ->  Seq Scan on title t  (cost=0.00..73925.90 rows=2531 width=4) (actual time=108.019..1180.811 rows=3781 loops=1)
                          Filter: ((kind_id < 4) AND (production_year = 1918))
                          Rows Removed by Filter: 2524531
Planning time: 1.147 ms
Execution time: 2810.036 ms
