Hash Join  (cost=151216.33..236532.93 rows=744708 width=0) (actual time=3259.601..5844.807 rows=1836751 loops=1)
  Hash Cond: (mc.movie_id = t.id)
  ->  Seq Scan on movie_companies mc  (cost=0.00..44881.29 rows=2609129 width=4) (actual time=0.013..891.584 rows=2609129 loops=1)
  ->  Hash  (cost=139375.05..139375.05 rows=721702 width=8) (actual time=3258.498..3258.498 rows=626561 loops=1)
        Buckets: 131072  Batches: 16  Memory Usage: 2548kB
        ->  Hash Join  (cost=89299.55..139375.05 rows=721702 width=8) (actual time=1670.830..3079.452 rows=626561 loops=1)
              Hash Cond: (mi_idx.movie_id = t.id)
              ->  Seq Scan on movie_info_idx mi_idx  (cost=0.00..21735.35 rows=1380035 width=4) (actual time=1.275..401.471 rows=1380035 loops=1)
              ->  Hash  (cost=67604.59..67604.59 rows=1322317 width=4) (actual time=1668.091..1668.091 rows=1322863 loops=1)
                    Buckets: 131072  Batches: 32  Memory Usage: 2481kB
                    ->  Seq Scan on title t  (cost=0.00..67604.59 rows=1322317 width=4) (actual time=0.029..1242.286 rows=1322863 loops=1)
                          Filter: (production_year > 2001)
                          Rows Removed by Filter: 1205449
Planning time: 1.210 ms
Execution time: 6051.450 ms
