Seq Scan on movie_keyword mk  (cost=0.00..81003.12 rows=246 width=0) (actual time=7.653..1273.790 rows=23 loops=1)
  Filter: (keyword_id = 21999)
  Rows Removed by Filter: 4523907
Planning time: 0.374 ms
Execution time: 1273.897 ms
