Seq Scan on movie_keyword mk  (cost=0.00..81003.12 rows=246 width=0) (actual time=41.079..1264.248 rows=47 loops=1)
  Filter: (keyword_id = 3866)
  Rows Removed by Filter: 4523883
Planning time: 0.369 ms
Execution time: 1264.367 ms
