Hash Join  (cost=74209.73..440189.22 rows=132356 width=0) (actual time=1009.561..9692.274 rows=222049 loops=1)
  Hash Cond: (mi.movie_id = t.id)
  ->  Seq Scan on movie_info mi  (cost=0.00..309384.22 rows=14739122 width=4) (actual time=0.013..4723.072 rows=14835720 loops=1)
  ->  Hash  (cost=73925.90..73925.90 rows=22706 width=4) (actual time=1009.236..1009.236 rows=25785 loops=1)
        Buckets: 32768  Batches: 1  Memory Usage: 1163kB
        ->  Seq Scan on title t  (cost=0.00..73925.90 rows=22706 width=4) (actual time=0.055..998.569 rows=25785 loops=1)
              Filter: ((kind_id < 4) AND (production_year > 2012))
              Rows Removed by Filter: 2502527
Planning time: 0.811 ms
Execution time: 9729.775 ms
