Hash Join  (cost=155692.46..280871.18 rows=260669 width=0) (actual time=3298.411..7226.021 rows=2998421 loops=1)
  Hash Cond: (mk.movie_id = t.id)
  ->  Seq Scan on movie_keyword mk  (cost=0.00..69693.30 rows=4523930 width=4) (actual time=0.019..1334.215 rows=4523930 loops=1)
  ->  Hash  (cost=153301.28..153301.28 rows=145694 width=8) (actual time=3296.862..3296.862 rows=175365 loops=1)
        Buckets: 131072 (originally 131072)  Batches: 4 (originally 2)  Memory Usage: 3073kB
        ->  Hash Join  (cost=76242.82..153301.28 rows=145694 width=8) (actual time=1318.216..3231.013 rows=175365 loops=1)
              Hash Cond: (mc.movie_id = t.id)
              ->  Seq Scan on movie_companies mc  (cost=0.00..44881.29 rows=2609129 width=4) (actual time=0.011..916.194 rows=2609129 loops=1)
              ->  Hash  (cost=73925.90..73925.90 rows=141193 width=4) (actual time=1253.640..1253.640 rows=132182 loops=1)
                    Buckets: 131072  Batches: 2  Memory Usage: 3340kB
                    ->  Seq Scan on title t  (cost=0.00..73925.90 rows=141193 width=4) (actual time=540.627..1206.113 rows=132182 loops=1)
                          Filter: ((production_year > 2009) AND (kind_id = 1))
                          Rows Removed by Filter: 2396130
Planning time: 2.233 ms
Execution time: 7565.640 ms
