Hash Join  (cost=222619.85..1161027.96 rows=2499813 width=0) (actual time=5024.715..24644.328 rows=9354206 loops=1)
  Hash Cond: (ci.movie_id = t.id)
  ->  Seq Scan on cast_info ci  (cost=0.00..796071.18 rows=8942556 width=4) (actual time=0.017..15318.632 rows=4531679 loops=1)
        Filter: ((person_id < 2743363) AND (role_id > 3))
        Rows Removed by Filter: 31712665
  ->  Hash  (cost=211022.50..211022.50 rows=706828 width=8) (actual time=5022.957..5022.957 rows=972837 loops=1)
        Buckets: 131072  Batches: 16  Memory Usage: 3463kB
        ->  Hash Join  (cost=80408.18..211022.50 rows=706828 width=8) (actual time=1567.172..4805.817 rows=972837 loops=1)
              Hash Cond: (mk.movie_id = t.id)
              ->  Seq Scan on movie_keyword mk  (cost=0.00..69693.30 rows=4523930 width=4) (actual time=0.010..1381.590 rows=4523930 loops=1)
              ->  Hash  (cost=73925.90..73925.90 rows=395062 width=4) (actual time=1566.345..1566.345 rows=335993 loops=1)
                    Buckets: 131072  Batches: 8  Memory Usage: 2499kB
                    ->  Seq Scan on title t  (cost=0.00..73925.90 rows=395062 width=4) (actual time=0.011..1207.001 rows=335993 loops=1)
                          Filter: ((kind_id < 7) AND (production_year > 2005))
                          Rows Removed by Filter: 2192319
Planning time: 0.853 ms
Execution time: 25632.087 ms
