Hash Join  (cost=212668.82..333620.73 rows=1026785 width=0) (actual time=4530.069..9541.463 rows=8148628 loops=1)
  Hash Cond: (mk.movie_id = t.id)
  ->  Seq Scan on movie_keyword mk  (cost=0.00..81003.12 rows=2161049 width=4) (actual time=0.020..1736.640 rows=2164786 loops=1)
        Filter: (keyword_id < 4164)
        Rows Removed by Filter: 2359144
  ->  Hash  (cost=192958.49..192958.49 rows=1201386 width=8) (actual time=4528.823..4528.823 rows=1194692 loops=1)
        Buckets: 131072  Batches: 16  Memory Usage: 3962kB
        ->  Hash Join  (cost=102767.86..192958.49 rows=1201386 width=8) (actual time=1903.840..4191.207 rows=1194692 loops=1)
              Hash Cond: (mc.movie_id = t.id)
              ->  Seq Scan on movie_companies mc  (cost=0.00..51404.11 rows=1201386 width=4) (actual time=0.016..919.265 rows=1194692 loops=1)
                    Filter: (company_id < 10643)
                    Rows Removed by Filter: 1414437
              ->  Hash  (cost=61283.27..61283.27 rows=2528527 width=4) (actual time=1902.213..1902.213 rows=2528312 loops=1)
                    Buckets: 131072  Batches: 64  Memory Usage: 2415kB
                    ->  Seq Scan on title t  (cost=0.00..61283.27 rows=2528527 width=4) (actual time=0.010..1062.955 rows=2528312 loops=1)
Planning time: 1.145 ms
Execution time: 10464.264 ms
