Seq Scan on movie_keyword mk  (cost=0.00..81003.12 rows=4350413 width=0) (actual time=0.019..1657.613 rows=4335201 loops=1)
  Filter: (keyword_id > 135)
  Rows Removed by Filter: 188729
Planning time: 0.328 ms
Execution time: 2201.114 ms
