Hash Join  (cost=262670.96..873882.42 rows=10588565 width=0) (actual time=6848.974..48244.713 rows=124914691 loops=1)
  Hash Cond: (mi.movie_id = t.id)
  ->  Seq Scan on movie_info mi  (cost=0.00..309384.22 rows=14739122 width=4) (actual time=0.019..6152.429 rows=14835720 loops=1)
  ->  Hash  (cost=232868.83..232868.83 rows=1816490 width=8) (actual time=6847.374..6847.374 rows=2253658 loops=1)
        Buckets: 131072  Batches: 32  Memory Usage: 3792kB
        ->  Hash Join  (cost=91342.70..232868.83 rows=1816490 width=8) (actual time=1950.010..6232.902 rows=2253658 loops=1)
              Hash Cond: (mk.movie_id = t.id)
              ->  Seq Scan on movie_keyword mk  (cost=0.00..81003.12 rows=3174428 width=4) (actual time=0.022..1759.980 rows=3156973 loops=1)
                    Filter: (keyword_id > 1792)
                    Rows Removed by Filter: 1366957
              ->  Hash  (cost=67604.59..67604.59 rows=1446889 width=4) (actual time=1948.638..1948.638 rows=1443298 loops=1)
                    Buckets: 131072  Batches: 32  Memory Usage: 2616kB
                    ->  Seq Scan on title t  (cost=0.00..67604.59 rows=1446889 width=4) (actual time=0.028..1447.647 rows=1443298 loops=1)
                          Filter: (production_year < 2006)
                          Rows Removed by Filter: 1085014
Planning time: 1.200 ms
Execution time: 61814.441 ms
