Seq Scan on cast_info ci  (cost=0.00..796071.18 rows=101 width=0) (actual time=5440.901..11200.753 rows=369 loops=1)
  Filter: ((person_id = 2638092) AND (role_id = 2))
  Rows Removed by Filter: 36243975
Planning time: 4.760 ms
Execution time: 11200.911 ms
