Hash Join  (cost=307959.69..827027.09 rows=7354994 width=0) (actual time=6688.442..17983.688 rows=7226615 loops=1)
  Hash Cond: (mi.movie_id = t.id)
  ->  Seq Scan on movie_info mi  (cost=0.00..346232.03 rows=6231111 width=4) (actual time=0.021..6500.285 rows=6223494 loops=1)
        Filter: (info_type_id > 8)
        Rows Removed by Filter: 8612226
  ->  Hash  (cost=258993.34..258993.34 rows=2984588 width=8) (actual time=6676.747..6676.747 rows=1203219 loops=1)
        Buckets: 131072  Batches: 64  Memory Usage: 1753kB
        ->  Hash Join  (cost=94973.51..258993.34 rows=2984588 width=8) (actual time=2135.681..6288.684 rows=1203219 loops=1)
              Hash Cond: (mk.movie_id = t.id)
              ->  Seq Scan on movie_keyword mk  (cost=0.00..69693.30 rows=4523930 width=4) (actual time=0.023..1454.971 rows=4523930 loops=1)
              ->  Hash  (cost=67604.59..67604.59 rows=1668154 width=4) (actual time=2133.306..2133.306 rows=1674098 loops=1)
                    Buckets: 131072  Batches: 32  Memory Usage: 2875kB
                    ->  Seq Scan on title t  (cost=0.00..67604.59 rows=1668154 width=4) (actual time=1.047..1343.540 rows=1674098 loops=1)
                          Filter: (kind_id > 3)
                          Rows Removed by Filter: 854214
Planning time: 1.200 ms
Execution time: 18832.021 ms
