Hash Join  (cost=452201.99..581906.36 rows=632134 width=0) (actual time=10243.124..16154.557 rows=11762241 loops=1)
  Hash Cond: (mk.movie_id = t.id)
  ->  Seq Scan on movie_keyword mk  (cost=0.00..69693.30 rows=4523930 width=4) (actual time=0.016..1572.051 rows=4523930 loops=1)
  ->  Hash  (cost=446404.56..446404.56 rows=353314 width=8) (actual time=9474.853..9474.853 rows=992730 loops=1)
        Buckets: 131072 (originally 131072)  Batches: 16 (originally 8)  Memory Usage: 3473kB
        ->  Hash Join  (cost=78556.72..446404.56 rows=353314 width=8) (actual time=5021.045..9153.575 rows=992730 loops=1)
              Hash Cond: (mi.movie_id = t.id)
              ->  Seq Scan on movie_info mi  (cost=0.00..346232.03 rows=1338312 width=4) (actual time=2288.076..5530.771 rows=1401902 loops=1)
                    Filter: (info_type_id = 7)
                    Rows Removed by Filter: 13433818
              ->  Hash  (cost=67604.59..67604.59 rows=667531 width=4) (actual time=839.733..839.733 rows=662825 loops=1)
                    Buckets: 131072  Batches: 16  Memory Usage: 2485kB
                    ->  Seq Scan on title t  (cost=0.00..67604.59 rows=667531 width=4) (actual time=186.299..670.341 rows=662825 loops=1)
                          Filter: (kind_id = 1)
                          Rows Removed by Filter: 1865487
Planning time: 1.180 ms
Execution time: 17546.790 ms
