Hash Join  (cost=214688.82..257249.79 rows=283749 width=0) (actual time=4350.597..5502.293 rows=1045075 loops=1)
  Hash Cond: (mi_idx.movie_id = t.id)
  ->  Seq Scan on movie_info_idx mi_idx  (cost=0.00..21735.35 rows=1380035 width=4) (actual time=0.022..377.961 rows=1380035 loops=1)
  ->  Hash  (cost=206159.20..206159.20 rows=519890 width=8) (actual time=4349.698..4349.698 rows=517323 loops=1)
        Buckets: 131072  Batches: 8  Memory Usage: 3582kB
        ->  Hash Join  (cost=102767.86..206159.20 rows=519890 width=8) (actual time=1963.764..4197.935 rows=517323 loops=1)
              Hash Cond: (mk.movie_id = t.id)
              ->  Seq Scan on movie_keyword mk  (cost=0.00..81003.12 rows=519890 width=4) (actual time=0.015..1430.280 rows=517323 loops=1)
                    Filter: (keyword_id < 377)
                    Rows Removed by Filter: 4006607
              ->  Hash  (cost=61283.27..61283.27 rows=2528527 width=4) (actual time=1960.958..1960.958 rows=2528312 loops=1)
                    Buckets: 131072  Batches: 64  Memory Usage: 2425kB
                    ->  Seq Scan on title t  (cost=0.00..61283.27 rows=2528527 width=4) (actual time=0.017..1088.880 rows=2528312 loops=1)
Planning time: 1.167 ms
Execution time: 5595.361 ms
