Seq Scan on movie_keyword mk  (cost=0.00..81003.12 rows=4167911 width=0) (actual time=0.015..1659.800 rows=4170404 loops=1)
  Filter: (keyword_id < 47178)
  Rows Removed by Filter: 353526
Planning time: 0.345 ms
Execution time: 2184.707 ms
