Hash Join  (cost=709678.15..796345.14 rows=895 width=0) (actual time=10173.801..11807.589 rows=751 loops=1)
  Hash Cond: (mk.movie_id = t.id)
  ->  Seq Scan on movie_keyword mk  (cost=0.00..69693.30 rows=4523930 width=4) (actual time=0.013..997.023 rows=4523930 loops=1)
  ->  Hash  (cost=709671.90..709671.90 rows=500 width=8) (actual time=10059.731..10059.731 rows=95 loops=1)
        Buckets: 1024  Batches: 1  Memory Usage: 12kB
        ->  Nested Loop  (cost=0.43..709671.90 rows=500 width=8) (actual time=720.124..10059.632 rows=95 loops=1)
              ->  Seq Scan on cast_info ci  (cost=0.00..705507.15 rows=500 width=4) (actual time=720.015..10057.371 rows=95 loops=1)
                    Filter: (person_id = 2953832)
                    Rows Removed by Filter: 36244249
              ->  Index Only Scan using title_pkey on title t  (cost=0.43..8.32 rows=1 width=4) (actual time=0.022..0.022 rows=1 loops=95)
                    Index Cond: (id = ci.movie_id)
                    Heap Fetches: 95
Planning time: 1.275 ms
Execution time: 11807.792 ms
