Seq Scan on cast_info ci  (cost=0.00..705507.15 rows=20383395 width=0) (actual time=0.029..13290.420 rows=20503575 loops=1)
  Filter: (person_id > 1554537)
  Rows Removed by Filter: 15740769
Planning time: 0.404 ms
Execution time: 15785.309 ms
