Hash Join  (cost=83074.55..833882.63 rows=1891 width=0) (actual time=1460.574..17068.778 rows=1424 loops=1)
  Hash Cond: (ci.movie_id = t.id)
  ->  Seq Scan on cast_info ci  (cost=0.00..614943.12 rows=36225612 width=4) (actual time=0.019..8858.989 rows=36244344 loops=1)
  ->  Hash  (cost=83072.90..83072.90 rows=132 width=8) (actual time=1378.144..1378.144 rows=70 loops=1)
        Buckets: 1024  Batches: 1  Memory Usage: 11kB
        ->  Nested Loop  (cost=0.43..83072.90 rows=132 width=8) (actual time=448.273..1378.092 rows=70 loops=1)
              ->  Seq Scan on movie_keyword mk  (cost=0.00..81003.12 rows=246 width=4) (actual time=0.279..1298.518 rows=2415 loops=1)
                    Filter: (keyword_id = 7634)
                    Rows Removed by Filter: 4521515
              ->  Index Scan using title_pkey on title t  (cost=0.43..8.40 rows=1 width=4) (actual time=0.032..0.032 rows=0 loops=2415)
                    Index Cond: (id = mk.movie_id)
                    Filter: ((production_year < 2012) AND (kind_id = 7))
                    Rows Removed by Filter: 1
Planning time: 1.229 ms
Execution time: 17069.657 ms
