Seq Scan on movie_companies mc  (cost=0.00..51404.11 rows=937245 width=0) (actual time=0.019..938.126 rows=935412 loops=1)
  Filter: (company_id < 3422)
  Rows Removed by Filter: 1673717
Planning time: 3.684 ms
Execution time: 1059.397 ms
