Hash Join  (cost=914037.33..990956.94 rows=135608 width=0) (actual time=15633.546..17531.485 rows=201140 loops=1)
  Hash Cond: (mc.movie_id = t.id)
  ->  Seq Scan on movie_companies mc  (cost=0.00..44881.29 rows=2609129 width=4) (actual time=0.018..946.618 rows=2609129 loops=1)
  ->  Hash  (cost=911880.60..911880.60 rows=131419 width=8) (actual time=15632.819..15632.819 rows=51844 loops=1)
        Buckets: 131072  Batches: 2  Memory Usage: 2037kB
        ->  Hash Join  (cost=102767.86..911880.60 rows=131419 width=8) (actual time=14662.553..15618.335 rows=51844 loops=1)
              Hash Cond: (ci.movie_id = t.id)
              ->  Seq Scan on cast_info ci  (cost=0.00..796071.18 rows=131419 width=4) (actual time=12561.624..13171.464 rows=51844 loops=1)
                    Filter: ((person_id < 1335588) AND (role_id > 10))
                    Rows Removed by Filter: 36192500
              ->  Hash  (cost=61283.27..61283.27 rows=2528527 width=4) (actual time=2098.564..2098.564 rows=2528312 loops=1)
                    Buckets: 131072  Batches: 64  Memory Usage: 2415kB
                    ->  Seq Scan on title t  (cost=0.00..61283.27 rows=2528527 width=4) (actual time=0.015..1226.587 rows=2528312 loops=1)
Planning time: 1.197 ms
Execution time: 17559.482 ms
