Seq Scan on movie_companies mc  (cost=0.00..57926.93 rows=567155 width=0) (actual time=428.526..730.820 rows=859862 loops=1)
  Filter: ((company_id > 13654) AND (company_type_id = 2))
  Rows Removed by Filter: 1749267
Planning time: 0.398 ms
Execution time: 800.599 ms
