Hash Join  (cost=73454.11..153575.51 rows=367887 width=0) (actual time=1211.115..3759.414 rows=638424 loops=1)
  Hash Cond: (mc.movie_id = t.id)
  ->  Seq Scan on movie_companies mc  (cost=0.00..44881.29 rows=2609129 width=4) (actual time=0.022..975.031 rows=2609129 loops=1)
  ->  Hash  (cost=67604.59..67604.59 rows=356522 width=4) (actual time=1210.114..1210.114 rows=352081 loops=1)
        Buckets: 131072  Batches: 8  Memory Usage: 2565kB
        ->  Seq Scan on title t  (cost=0.00..67604.59 rows=356522 width=4) (actual time=0.026..1095.312 rows=352081 loops=1)
              Filter: (production_year < 1969)
              Rows Removed by Filter: 2176231
Planning time: 0.722 ms
Execution time: 3834.809 ms
