Hash Join  (cost=107454.47..162651.08 rows=53108 width=0) (actual time=1941.315..3399.930 rows=122165 loops=1)
  Hash Cond: (mc.movie_id = t.id)
  ->  Seq Scan on movie_companies mc  (cost=0.00..44881.29 rows=2609129 width=4) (actual time=0.017..751.147 rows=2609129 loops=1)
  ->  Hash  (cost=106811.13..106811.13 rows=51467 width=8) (actual time=1940.822..1940.822 rows=40458 loops=1)
        Buckets: 65536  Batches: 1  Memory Usage: 2093kB
        ->  Hash Join  (cost=69928.56..106811.13 rows=51467 width=8) (actual time=1083.476..1926.613 rows=40458 loops=1)
              Hash Cond: (mi_idx.movie_id = t.id)
              ->  Seq Scan on movie_info_idx mi_idx  (cost=0.00..25185.44 rows=919057 width=4) (actual time=0.017..501.244 rows=920110 loops=1)
                    Filter: (info_type_id > 99)
                    Rows Removed by Filter: 459925
              ->  Hash  (cost=67604.59..67604.59 rows=141598 width=4) (actual time=1082.722..1082.722 rows=141703 loops=1)
                    Buckets: 131072  Batches: 2  Memory Usage: 3511kB
                    ->  Seq Scan on title t  (cost=0.00..67604.59 rows=141598 width=4) (actual time=0.032..1031.865 rows=141703 loops=1)
                          Filter: (production_year = 2010)
                          Rows Removed by Filter: 2386609
Planning time: 1.207 ms
Execution time: 3417.038 ms
