Hash Join  (cost=83810.17..947943.37 rows=1621293 width=0) (actual time=1554.588..19756.784 rows=3618777 loops=1)
  Hash Cond: (ci.movie_id = t.id)
  ->  Seq Scan on cast_info ci  (cost=0.00..796071.18 rows=4150422 width=4) (actual time=0.019..12913.115 rows=8461706 loops=1)
        Filter: ((person_id < 1151907) AND (role_id = 1))
        Rows Removed by Filter: 27782638
  ->  Hash  (cost=67604.59..67604.59 rows=987727 width=4) (actual time=1553.375..1553.375 rows=985048 loops=1)
        Buckets: 131072  Batches: 16  Memory Usage: 3188kB
        ->  Seq Scan on title t  (cost=0.00..67604.59 rows=987727 width=4) (actual time=0.024..1242.224 rows=985048 loops=1)
              Filter: (kind_id < 7)
              Rows Removed by Filter: 1543264
Planning time: 0.811 ms
Execution time: 20174.352 ms
