Hash Join  (cost=83074.74..437538.72 rows=214 width=0) (actual time=1416.951..7319.055 rows=49864 loops=1)
  Hash Cond: (mi.movie_id = t.id)
  ->  Seq Scan on movie_info mi  (cost=0.00..346232.03 rows=2194617 width=4) (actual time=0.010..5548.775 rows=2233850 loops=1)
        Filter: (info_type_id > 16)
        Rows Removed by Filter: 12601870
  ->  Hash  (cost=83071.67..83071.67 rows=246 width=8) (actual time=1416.776..1416.776 rows=2620 loops=1)
        Buckets: 4096 (originally 1024)  Batches: 1 (originally 1)  Memory Usage: 135kB
        ->  Nested Loop  (cost=0.43..83071.67 rows=246 width=8) (actual time=0.100..1414.820 rows=2620 loops=1)
              ->  Seq Scan on movie_keyword mk  (cost=0.00..81003.12 rows=246 width=4) (actual time=0.057..1316.636 rows=2620 loops=1)
                    Filter: (keyword_id = 1556)
                    Rows Removed by Filter: 4521310
              ->  Index Only Scan using title_pkey on title t  (cost=0.43..8.40 rows=1 width=4) (actual time=0.036..0.036 rows=1 loops=2620)
                    Index Cond: (id = mk.movie_id)
                    Heap Fetches: 2620
Planning time: 1.167 ms
Execution time: 7325.785 ms
