Hash Join  (cost=239317.56..761446.01 rows=4933786 width=0) (actual time=7230.892..27204.025 rows=42476508 loops=1)
  Hash Cond: (mi.movie_id = t.id)
  ->  Seq Scan on movie_info mi  (cost=0.00..346232.03 rows=9476311 width=4) (actual time=781.670..6991.052 rows=9565151 loops=1)
        Filter: (info_type_id < 16)
        Rows Removed by Filter: 5270569
  ->  Hash  (cost=217718.77..217718.77 rows=1316463 width=8) (actual time=6443.154..6443.154 rows=1812636 loops=1)
        Buckets: 131072  Batches: 32  Memory Usage: 3275kB
        ->  Hash Join  (cost=79677.10..217718.77 rows=1316463 width=8) (actual time=1440.246..5857.249 rows=1812636 loops=1)
              Hash Cond: (mk.movie_id = t.id)
              ->  Seq Scan on movie_keyword mk  (cost=0.00..69693.30 rows=4523930 width=4) (actual time=0.037..1442.662 rows=4523930 loops=1)
              ->  Hash  (cost=67604.59..67604.59 rows=735801 width=4) (actual time=1438.952..1438.952 rows=730985 loops=1)
                    Buckets: 131072  Batches: 16  Memory Usage: 2638kB
                    ->  Seq Scan on title t  (cost=0.00..67604.59 rows=735801 width=4) (actual time=0.036..1189.954 rows=730985 loops=1)
                          Filter: (production_year < 1992)
                          Rows Removed by Filter: 1797327
Planning time: 1.287 ms
Execution time: 31731.350 ms
