Hash Join  (cost=751053.30..3061934.26 rows=97870078 width=0) (actual time=17672.365..118935.923 rows=266313212 loops=1)
  Hash Cond: (ci.movie_id = t.id)
  ->  Seq Scan on cast_info ci  (cost=0.00..614943.12 rows=36225612 width=4) (actual time=0.021..14161.936 rows=36244344 loops=1)
  ->  Hash  (cost=638977.36..638977.36 rows=6831275 width=8) (actual time=17670.355..17670.355 rows=6099149 loops=1)
        Buckets: 131072  Batches: 128  Memory Usage: 2883kB
        ->  Hash Join  (cost=98098.54..638977.36 rows=6831275 width=8) (actual time=2328.992..15675.077 rows=6099149 loops=1)
              Hash Cond: (mi.movie_id = t.id)
              ->  Seq Scan on movie_info mi  (cost=0.00..346232.03 rows=9293409 width=4) (actual time=297.253..6928.869 rows=9425200 loops=1)
                    Filter: (info_type_id > 5)
                    Rows Removed by Filter: 5410520
              ->  Hash  (cost=67604.59..67604.59 rows=1858636 width=4) (actual time=2030.841..2030.841 rows=1852807 loops=1)
                    Buckets: 131072  Batches: 32  Memory Usage: 3075kB
                    ->  Seq Scan on title t  (cost=0.00..67604.59 rows=1858636 width=4) (actual time=0.028..1431.798 rows=1852807 loops=1)
                          Filter: (production_year > 1985)
                          Rows Removed by Filter: 675505
Planning time: 4.248 ms
Execution time: 147877.026 ms
