Hash Join  (cost=505750.53..1430129.28 rows=3512216 width=0) (actual time=17921.599..39439.681 rows=25618666 loops=1)
  Hash Cond: (ci.movie_id = t.id)
  ->  Seq Scan on cast_info ci  (cost=0.00..796071.18 rows=7667842 width=4) (actual time=8425.471..16344.467 rows=12670688 loops=1)
        Filter: ((person_id < 2203294) AND (role_id < 2))
        Rows Removed by Filter: 23573656
  ->  Hash  (cost=486748.29..486748.29 rows=1158179 width=8) (actual time=9495.089..9495.089 rows=1204709 loops=1)
        Buckets: 131072  Batches: 16  Memory Usage: 3882kB
        ->  Hash Join  (cost=102767.86..486748.29 rows=1158179 width=8) (actual time=2382.752..9185.834 rows=1204709 loops=1)
              Hash Cond: (mi.movie_id = t.id)
              ->  Seq Scan on movie_info mi  (cost=0.00..346232.03 rows=1158179 width=4) (actual time=0.064..5497.394 rows=1204709 loops=1)
                    Filter: (info_type_id > 18)
                    Rows Removed by Filter: 13631011
              ->  Hash  (cost=61283.27..61283.27 rows=2528527 width=4) (actual time=2376.696..2376.696 rows=2528312 loops=1)
                    Buckets: 131072  Batches: 64  Memory Usage: 2425kB
                    ->  Seq Scan on title t  (cost=0.00..61283.27 rows=2528527 width=4) (actual time=0.022..1151.807 rows=2528312 loops=1)
Planning time: 2.055 ms
Execution time: 42195.410 ms
