Hash Join  (cost=70241.71..147577.78 rows=165854 width=0) (actual time=1150.722..3395.135 rows=126472 loops=1)
  Hash Cond: (mc.movie_id = t.id)
  ->  Seq Scan on movie_companies mc  (cost=0.00..44881.29 rows=2609129 width=4) (actual time=0.018..904.897 rows=2609129 loops=1)
  ->  Hash  (cost=67604.59..67604.59 rows=160730 width=4) (actual time=1149.753..1149.753 rows=160017 loops=1)
        Buckets: 131072  Batches: 4  Memory Usage: 2436kB
        ->  Seq Scan on title t  (cost=0.00..67604.59 rows=160730 width=4) (actual time=0.030..1094.458 rows=160017 loops=1)
              Filter: (production_year = 2011)
              Rows Removed by Filter: 2368295
Planning time: 0.777 ms
Execution time: 3412.630 ms
