Hash Join  (cost=464676.22..609446.42 rows=476343 width=0) (actual time=10927.675..13449.987 rows=301295 loops=1)
  Hash Cond: (mk.movie_id = t.id)
  ->  Seq Scan on movie_keyword mk  (cost=0.00..69693.30 rows=4523930 width=4) (actual time=0.022..1435.851 rows=4523930 loops=1)
  ->  Hash  (cost=460308.23..460308.23 rows=266239 width=8) (actual time=9973.829..9973.829 rows=153286 loops=1)
        Buckets: 131072  Batches: 4  Memory Usage: 2510kB
        ->  Hash Join  (cost=74787.47..460308.23 rows=266239 width=8) (actual time=1120.759..9903.093 rows=153286 loops=1)
              Hash Cond: (mi.movie_id = t.id)
              ->  Seq Scan on movie_info mi  (cost=0.00..346232.03 rows=9767026 width=4) (actual time=0.015..6298.743 rows=9911754 loops=1)
                    Filter: (info_type_id > 4)
                    Rows Removed by Filter: 4923966
              ->  Hash  (cost=73925.90..73925.90 rows=68925 width=4) (actual time=1119.822..1119.822 rows=84076 loops=1)
                    Buckets: 131072  Batches: 1  Memory Usage: 3980kB
                    ->  Seq Scan on title t  (cost=0.00..73925.90 rows=68925 width=4) (actual time=72.898..1081.295 rows=84076 loops=1)
                          Filter: ((kind_id = 7) AND (production_year = 2007))
                          Rows Removed by Filter: 2444236
Planning time: 1.212 ms
Execution time: 13487.718 ms
