Seq Scan on movie_keyword mk  (cost=0.00..81003.12 rows=246 width=0) (actual time=17.544..1236.286 rows=98 loops=1)
  Filter: (keyword_id = 1311)
  Rows Removed by Filter: 4523832
Planning time: 0.382 ms
Execution time: 1236.427 ms
