Hash Join  (cost=106825.67..194646.63 rows=116292 width=0) (actual time=2024.061..4017.593 rows=722862 loops=1)
  Hash Cond: (mk.movie_id = t.id)
  ->  Seq Scan on movie_keyword mk  (cost=0.00..69693.30 rows=4523930 width=4) (actual time=0.015..953.227 rows=4523930 loops=1)
  ->  Hash  (cost=106013.20..106013.20 rows=64998 width=8) (actual time=2023.686..2023.686 rows=69777 loops=1)
        Buckets: 131072 (originally 65536)  Batches: 1 (originally 1)  Memory Usage: 3750kB
        ->  Hash Join  (cost=73454.11..106013.20 rows=64998 width=8) (actual time=1215.418..1995.286 rows=69777 loops=1)
              Hash Cond: (mi_idx.movie_id = t.id)
              ->  Seq Scan on movie_info_idx mi_idx  (cost=0.00..25185.44 rows=460978 width=4) (actual time=0.017..473.375 rows=459925 loops=1)
                    Filter: (info_type_id = 99)
                    Rows Removed by Filter: 920110
              ->  Hash  (cost=67604.59..67604.59 rows=356522 width=4) (actual time=1214.435..1214.435 rows=352081 loops=1)
                    Buckets: 131072  Batches: 8  Memory Usage: 2565kB
                    ->  Seq Scan on title t  (cost=0.00..67604.59 rows=356522 width=4) (actual time=0.029..1097.969 rows=352081 loops=1)
                          Filter: (production_year < 1969)
                          Rows Removed by Filter: 2176231
Planning time: 1.195 ms
Execution time: 4110.916 ms
