Seq Scan on cast_info ci  (cost=0.00..796071.18 rows=5905578 width=0) (actual time=11290.555..12296.668 rows=465081 loops=1)
  Filter: ((person_id > 2639115) AND (role_id < 3))
  Rows Removed by Filter: 35779263
Planning time: 0.814 ms
Execution time: 12356.651 ms
