Hash Join  (cost=108983.92..934612.37 rows=180673 width=0) (actual time=5890.384..19260.887 rows=565513 loops=1)
  Hash Cond: (ci.movie_id = t.id)
  ->  Seq Scan on cast_info ci  (cost=0.00..796071.18 rows=7400147 width=4) (actual time=3924.099..13755.327 rows=12670688 loops=1)
        Filter: ((person_id < 2110867) AND (role_id < 2))
        Rows Removed by Filter: 23573656
  ->  Hash  (cost=108212.26..108212.26 rows=61733 width=8) (actual time=1965.835..1965.835 rows=58024 loops=1)
        Buckets: 65536  Batches: 1  Memory Usage: 2779kB
        ->  Hash Join  (cost=69460.45..108212.26 rows=61733 width=8) (actual time=991.787..1946.789 rows=58024 loops=1)
              Hash Cond: (mi_idx.movie_id = t.id)
              ->  Seq Scan on movie_info_idx mi_idx  (cost=0.00..21735.35 rows=1380035 width=4) (actual time=0.019..450.284 rows=1380035 loops=1)
              ->  Hash  (cost=67604.59..67604.59 rows=113109 width=4) (actual time=990.140..990.140 rows=119565 loops=1)
                    Buckets: 131072  Batches: 2  Memory Usage: 3115kB
                    ->  Seq Scan on title t  (cost=0.00..67604.59 rows=113109 width=4) (actual time=0.031..946.836 rows=119565 loops=1)
                          Filter: (production_year = 2007)
                          Rows Removed by Filter: 2408747
Planning time: 1.233 ms
Execution time: 19344.446 ms
