Hash Join  (cost=79863.89..209755.23 rows=647530 width=0) (actual time=1268.638..5031.993 rows=2009501 loops=1)
  Hash Cond: (mk.movie_id = t.id)
  ->  Seq Scan on movie_keyword mk  (cost=0.00..69693.30 rows=4523930 width=4) (actual time=0.019..1340.871 rows=4523930 loops=1)
  ->  Hash  (cost=73925.90..73925.90 rows=361919 width=4) (actual time=1267.726..1267.726 rows=470371 loops=1)
        Buckets: 131072  Batches: 8  Memory Usage: 3110kB
        ->  Seq Scan on title t  (cost=0.00..73925.90 rows=361919 width=4) (actual time=0.028..1118.186 rows=470371 loops=1)
              Filter: ((kind_id < 7) AND (production_year < 1998))
              Rows Removed by Filter: 2057941
Planning time: 0.818 ms
Execution time: 5274.818 ms
