Hash Join  (cost=140417.21..903038.03 rows=872780 width=0) (actual time=10199.201..17736.691 rows=2085946 loops=1)
  Hash Cond: (ci.movie_id = t.id)
  ->  Seq Scan on cast_info ci  (cost=0.00..705507.15 rows=3998100 width=4) (actual time=7184.561..12199.198 rows=4008037 loops=1)
        Filter: (role_id = 3)
        Rows Removed by Filter: 32236307
  ->  Hash  (cost=131360.53..131360.53 rows=551974 width=8) (actual time=3013.704..3013.704 rows=430747 loops=1)
        Buckets: 131072  Batches: 8  Memory Usage: 3114kB
        ->  Hash Join  (cost=84197.31..131360.53 rows=551974 width=8) (actual time=1565.474..2897.489 rows=430747 loops=1)
              Hash Cond: (mi_idx.movie_id = t.id)
              ->  Seq Scan on movie_info_idx mi_idx  (cost=0.00..21735.35 rows=1380035 width=4) (actual time=0.025..416.507 rows=1380035 loops=1)
              ->  Hash  (cost=67604.59..67604.59 rows=1011338 width=4) (actual time=1564.393..1564.393 rows=1012920 loops=1)
                    Buckets: 131072  Batches: 16  Memory Usage: 3250kB
                    ->  Seq Scan on title t  (cost=0.00..67604.59 rows=1011338 width=4) (actual time=0.032..1239.575 rows=1012920 loops=1)
                          Filter: (production_year > 2005)
                          Rows Removed by Filter: 1515392
Planning time: 1.239 ms
Execution time: 17998.560 ms
