Hash Join  (cost=345671.01..1010888.31 rows=15386656 width=0) (actual time=9055.545..66852.753 rows=207446880 loops=1)
  Hash Cond: (mi.movie_id = t.id)
  ->  Seq Scan on movie_info mi  (cost=0.00..346232.03 rows=9767026 width=4) (actual time=0.019..6974.113 rows=9911754 loops=1)
        Filter: (info_type_id > 4)
        Rows Removed by Filter: 4923966
  ->  Hash  (cost=280319.01..280319.01 rows=3983360 width=8) (actual time=9054.115..9054.115 rows=4348171 loops=1)
        Buckets: 131072  Batches: 64  Memory Usage: 3793kB
        ->  Hash Join  (cost=104131.46..280319.01 rows=3983360 width=8) (actual time=2128.910..7816.271 rows=4348171 loops=1)
              Hash Cond: (mk.movie_id = t.id)
              ->  Seq Scan on movie_keyword mk  (cost=0.00..69693.30 rows=4523930 width=4) (actual time=0.014..1410.008 rows=4523930 loops=1)
              ->  Hash  (cost=67604.59..67604.59 rows=2226390 width=4) (actual time=2127.434..2127.434 rows=2224569 loops=1)
                    Buckets: 131072  Batches: 32  Memory Usage: 3472kB
                    ->  Seq Scan on title t  (cost=0.00..67604.59 rows=2226390 width=4) (actual time=0.026..1389.862 rows=2224569 loops=1)
                          Filter: (production_year < 2012)
                          Rows Removed by Filter: 303743
Planning time: 1.084 ms
Execution time: 89664.090 ms
