Hash Join  (cost=78556.72..122500.50 rows=364329 width=0) (actual time=1522.074..2848.051 rows=435281 loops=1)
  Hash Cond: (mi_idx.movie_id = t.id)
  ->  Seq Scan on movie_info_idx mi_idx  (cost=0.00..21735.35 rows=1380035 width=4) (actual time=0.016..530.176 rows=1380035 loops=1)
  ->  Hash  (cost=67604.59..67604.59 rows=667531 width=4) (actual time=1521.052..1521.052 rows=662834 loops=1)
        Buckets: 131072  Batches: 16  Memory Usage: 2478kB
        ->  Seq Scan on title t  (cost=0.00..67604.59 rows=667531 width=4) (actual time=0.027..1299.255 rows=662834 loops=1)
              Filter: (production_year < 1989)
              Rows Removed by Filter: 1865478
Planning time: 1.800 ms
Execution time: 2895.033 ms
