Hash Join  (cost=97476.44..201687.84 rows=1878747 width=0) (actual time=1917.623..5165.148 rows=1579961 loops=1)
  Hash Cond: (mc.movie_id = t.id)
  ->  Seq Scan on movie_companies mc  (cost=0.00..44881.29 rows=2609129 width=4) (actual time=0.032..885.299 rows=2609129 loops=1)
  ->  Hash  (cost=67604.59..67604.59 rows=1820708 width=4) (actual time=1916.182..1916.182 rows=1813245 loops=1)
        Buckets: 131072  Batches: 32  Memory Usage: 3022kB
        ->  Seq Scan on title t  (cost=0.00..67604.59 rows=1820708 width=4) (actual time=0.013..1319.975 rows=1813245 loops=1)
              Filter: (production_year > 1987)
              Rows Removed by Filter: 715067
Planning time: 0.490 ms
Execution time: 5363.603 ms
