Seq Scan on title t  (cost=0.00..67604.59 rows=90521 width=94) (actual time=217.807..1084.704 rows=90852 loops=1)
  Filter: (kind_id = 2)
  Rows Removed by Filter: 2437460
Planning time: 2.145 ms
Execution time: 1090.083 ms
