Hash Join  (cost=901787.82..989336.38 rows=89052 width=0) (actual time=14241.500..16772.210 rows=646676 loops=1)
  Hash Cond: (mk.movie_id = t.id)
  ->  Seq Scan on movie_keyword mk  (cost=0.00..69693.30 rows=4523930 width=4) (actual time=0.028..1100.291 rows=4523930 loops=1)
  ->  Hash  (cost=901165.66..901165.66 rows=49773 width=8) (actual time=13403.771..13403.771 rows=427873 loops=1)
        Buckets: 131072 (originally 65536)  Batches: 8 (originally 1)  Memory Usage: 3101kB
        ->  Hash Join  (cost=97892.67..901165.66 rows=49773 width=8) (actual time=4743.639..13252.047 rows=427873 loops=1)
              Hash Cond: (ci.movie_id = t.id)
              ->  Seq Scan on cast_info ci  (cost=0.00..796071.18 rows=86155 width=4) (actual time=2818.504..10572.419 rows=690295 loops=1)
                    Filter: ((person_id > 3928470) AND (role_id > 9))
                    Rows Removed by Filter: 35554049
              ->  Hash  (cost=73925.90..73925.90 rows=1460781 width=4) (actual time=1924.237..1924.237 rows=1478439 loops=1)
                    Buckets: 131072  Batches: 32  Memory Usage: 2651kB
                    ->  Seq Scan on title t  (cost=0.00..73925.90 rows=1460781 width=4) (actual time=37.671..1444.017 rows=1478439 loops=1)
                          Filter: ((production_year > 1915) AND (kind_id = 7))
                          Rows Removed by Filter: 1049873
Planning time: 1.362 ms
Execution time: 16852.184 ms
