Hash Join  (cost=83074.74..109986.57 rows=134 width=0) (actual time=1457.495..2084.591 rows=8521 loops=1)
  Hash Cond: (mi_idx.movie_id = t.id)
  ->  Seq Scan on movie_info_idx mi_idx  (cost=0.00..21735.35 rows=1380035 width=4) (actual time=0.013..348.145 rows=1380035 loops=1)
  ->  Hash  (cost=83071.67..83071.67 rows=246 width=8) (actual time=1456.801..1456.801 rows=3434 loops=1)
        Buckets: 4096 (originally 1024)  Batches: 1 (originally 1)  Memory Usage: 167kB
        ->  Nested Loop  (cost=0.43..83071.67 rows=246 width=8) (actual time=0.179..1454.408 rows=3434 loops=1)
              ->  Seq Scan on movie_keyword mk  (cost=0.00..81003.12 rows=246 width=4) (actual time=0.122..1306.161 rows=3434 loops=1)
                    Filter: (keyword_id = 140)
                    Rows Removed by Filter: 4520496
              ->  Index Only Scan using title_pkey on title t  (cost=0.43..8.40 rows=1 width=4) (actual time=0.042..0.042 rows=1 loops=3434)
                    Index Cond: (id = mk.movie_id)
                    Heap Fetches: 3434
Planning time: 1.135 ms
Execution time: 2086.047 ms
