Seq Scan on title t  (cost=0.00..73925.90 rows=376902 width=0) (actual time=0.013..1248.596 rows=300122 loops=1)
  Filter: ((kind_id < 4) AND (production_year > 2004))
  Rows Removed by Filter: 2228190
Planning time: 0.378 ms
Execution time: 1287.879 ms
