Seq Scan on movie_companies mc  (cost=0.00..51404.11 rows=104 width=0) (actual time=6.737..805.823 rows=450 loops=1)
  Filter: (company_id = 213)
  Rows Removed by Filter: 2608679
Planning time: 0.386 ms
Execution time: 805.999 ms
