Seq Scan on movie_keyword mk  (cost=0.00..81003.12 rows=1335144 width=0) (actual time=0.029..1384.647 rows=1348121 loops=1)
  Filter: (keyword_id > 12608)
  Rows Removed by Filter: 3175809
Planning time: 0.354 ms
Execution time: 1559.923 ms
