Hash Join  (cost=161551.43..511127.85 rows=8461 width=0) (actual time=5629.302..8415.274 rows=189781 loops=1)
  Hash Cond: (mi.movie_id = t.id)
  ->  Seq Scan on movie_info mi  (cost=0.00..346232.03 rows=651960 width=4) (actual time=2726.985..5340.434 rows=660923 loops=1)
        Filter: (info_type_id = 18)
        Rows Removed by Filter: 14174797
  ->  Hash  (cost=161141.29..161141.29 rows=32811 width=8) (actual time=2901.306..2901.306 rows=78521 loops=1)
        Buckets: 131072 (originally 65536)  Batches: 1 (originally 1)  Memory Usage: 4092kB
        ->  Hash Join  (cost=74155.14..161141.29 rows=32811 width=8) (actual time=1129.050..2876.170 rows=78521 loops=1)
              Hash Cond: (mk.movie_id = t.id)
              ->  Seq Scan on movie_keyword mk  (cost=0.00..69693.30 rows=4523930 width=4) (actual time=0.032..911.485 rows=4523930 loops=1)
              ->  Hash  (cost=73925.90..73925.90 rows=18339 width=4) (actual time=1128.438..1128.438 rows=14449 loops=1)
                    Buckets: 32768  Batches: 1  Memory Usage: 764kB
                    ->  Seq Scan on title t  (cost=0.00..73925.90 rows=18339 width=4) (actual time=0.881..1121.583 rows=14449 loops=1)
                          Filter: ((kind_id < 7) AND (production_year = 1998))
                          Rows Removed by Filter: 2513863
Planning time: 1.148 ms
Execution time: 8437.875 ms
