Nested Loop  (cost=0.43..709671.90 rows=500 width=0) (actual time=9415.920..11199.645 rows=300 loops=1)
  ->  Seq Scan on cast_info ci  (cost=0.00..705507.15 rows=500 width=4) (actual time=9415.831..11193.851 rows=300 loops=1)
        Filter: (person_id = 1470037)
        Rows Removed by Filter: 36244044
  ->  Index Only Scan using title_pkey on title t  (cost=0.43..8.32 rows=1 width=4) (actual time=0.018..0.018 rows=1 loops=300)
        Index Cond: (id = ci.movie_id)
        Heap Fetches: 300
Planning time: 0.771 ms
Execution time: 11199.799 ms
