Hash Join  (cost=82008.92..204822.60 rows=575150 width=0) (actual time=1360.025..4452.835 rows=899005 loops=1)
  Hash Cond: (mk.movie_id = t.id)
  ->  Seq Scan on movie_keyword mk  (cost=0.00..81003.12 rows=2952014 width=4) (actual time=0.020..1678.232 rows=2942749 loops=1)
        Filter: (keyword_id > 2399)
        Rows Removed by Filter: 1581181
  ->  Hash  (cost=73925.90..73925.90 rows=492641 width=4) (actual time=1359.254..1359.254 rows=420285 loops=1)
        Buckets: 131072  Batches: 8  Memory Usage: 2876kB
        ->  Seq Scan on title t  (cost=0.00..73925.90 rows=492641 width=4) (actual time=0.034..1220.844 rows=420285 loops=1)
              Filter: ((kind_id < 7) AND (production_year > 2002))
              Rows Removed by Filter: 2108027
Planning time: 0.856 ms
Execution time: 4550.625 ms
