Hash Join  (cost=118842.87..1169354.92 rows=1626487 width=0) (actual time=2085.596..27476.842 rows=782409 loops=1)
  Hash Cond: (ci.movie_id = t.id)
  ->  Seq Scan on cast_info ci  (cost=0.00..614943.12 rows=36225612 width=4) (actual time=0.016..12937.875 rows=36244344 loops=1)
  ->  Hash  (cost=116979.77..116979.77 rows=113528 width=8) (actual time=2084.240..2084.240 rows=37920 loops=1)
        Buckets: 131072  Batches: 2  Memory Usage: 1764kB
        ->  Hash Join  (cost=77339.01..116979.77 rows=113528 width=8) (actual time=1145.580..2073.185 rows=37920 loops=1)
              Hash Cond: (mi_idx.movie_id = t.id)
              ->  Seq Scan on movie_info_idx mi_idx  (cost=0.00..21735.35 rows=1380035 width=4) (actual time=0.014..425.559 rows=1380035 loops=1)
              ->  Hash  (cost=73925.90..73925.90 rows=208008 width=4) (actual time=1144.343..1144.343 rows=104154 loops=1)
                    Buckets: 131072  Batches: 4  Memory Usage: 1936kB
                    ->  Seq Scan on title t  (cost=0.00..73925.90 rows=208008 width=4) (actual time=0.024..1104.454 rows=104154 loops=1)
                          Filter: ((production_year < 1968) AND (kind_id = 7))
                          Rows Removed by Filter: 2424158
Planning time: 3.498 ms
Execution time: 27564.276 ms
