Seq Scan on cast_info ci  (cost=0.00..705507.15 rows=19626291 width=0) (actual time=0.024..12567.167 rows=19513588 loops=1)
  Filter: (person_id < 1954169)
  Rows Removed by Filter: 16730756
Planning time: 0.343 ms
Execution time: 15042.660 ms
