Hash Join  (cost=94072.72..184860.45 rows=1022969 width=0) (actual time=1783.691..5107.007 rows=797502 loops=1)
  Hash Cond: (mc.movie_id = t.id)
  ->  Seq Scan on movie_companies mc  (cost=0.00..51404.11 rows=2106381 width=4) (actual time=0.019..1119.301 rows=2103840 loops=1)
        Filter: (company_id < 73972)
        Rows Removed by Filter: 505289
  ->  Hash  (cost=73925.90..73925.90 rows=1227985 width=4) (actual time=1782.502..1782.502 rows=1197374 loops=1)
        Buckets: 131072  Batches: 32  Memory Usage: 2340kB
        ->  Seq Scan on title t  (cost=0.00..73925.90 rows=1227985 width=4) (actual time=0.024..1368.585 rows=1197374 loops=1)
              Filter: ((kind_id > 1) AND (production_year < 2008))
              Rows Removed by Filter: 1330938
Planning time: 0.729 ms
Execution time: 5197.772 ms
