Seq Scan on cast_info ci  (cost=0.00..705507.15 rows=16603647 width=0) (actual time=0.023..12589.833 rows=16733507 loops=1)
  Filter: (person_id > 1953699)
  Rows Removed by Filter: 19510837
Planning time: 0.346 ms
Execution time: 14660.789 ms
