Hash Join  (cost=162805.49..550277.05 rows=439175 width=0) (actual time=3247.332..16374.565 rows=9947329 loops=1)
  Hash Cond: (mi.movie_id = t.id)
  ->  Seq Scan on movie_info mi  (cost=0.00..309384.22 rows=14739122 width=4) (actual time=0.021..5085.317 rows=14835720 loops=1)
  ->  Hash  (cost=161863.73..161863.73 rows=75341 width=8) (actual time=3245.488..3245.488 rows=151030 loops=1)
        Buckets: 131072 (originally 131072)  Batches: 2 (originally 1)  Memory Usage: 3987kB
        ->  Hash Join  (cost=74452.28..161863.73 rows=75341 width=8) (actual time=1280.702..3193.275 rows=151030 loops=1)
              Hash Cond: (mk.movie_id = t.id)
              ->  Seq Scan on movie_keyword mk  (cost=0.00..69693.30 rows=4523930 width=4) (actual time=0.019..1027.158 rows=4523930 loops=1)
              ->  Hash  (cost=73925.90..73925.90 rows=42110 width=4) (actual time=1279.553..1279.553 rows=33905 loops=1)
                    Buckets: 65536  Batches: 1  Memory Usage: 1704kB
                    ->  Seq Scan on title t  (cost=0.00..73925.90 rows=42110 width=4) (actual time=0.012..1265.284 rows=33905 loops=1)
                          Filter: ((kind_id < 7) AND (production_year = 2006))
                          Rows Removed by Filter: 2494407
Planning time: 1.164 ms
Execution time: 17448.623 ms
