Seq Scan on movie_keyword mk  (cost=0.00..81003.12 rows=3073961 width=0) (actual time=0.018..1654.555 rows=3056439 loops=1)
  Filter: (keyword_id > 2087)
  Rows Removed by Filter: 1467491
Planning time: 0.311 ms
Execution time: 2043.195 ms
