Hash Join  (cost=256798.77..1565536.22 rows=22355627 width=0) (actual time=5845.330..54548.027 rows=75235710 loops=1)
  Hash Cond: (ci.movie_id = t.id)
  ->  Seq Scan on cast_info ci  (cost=0.00..614943.12 rows=36225612 width=4) (actual time=0.011..13712.463 rows=36244344 loops=1)
  ->  Hash  (cost=231197.65..231197.65 rows=1560410 width=8) (actual time=5843.205..5843.205 rows=1575918 loops=1)
        Buckets: 131072  Batches: 32  Memory Usage: 2936kB
        ->  Hash Join  (cost=102767.86..231197.65 rows=1560410 width=8) (actual time=1907.883..5431.977 rows=1575918 loops=1)
              Hash Cond: (mk.movie_id = t.id)
              ->  Seq Scan on movie_keyword mk  (cost=0.00..81003.12 rows=1560410 width=4) (actual time=0.027..1658.805 rows=1575918 loops=1)
                    Filter: (keyword_id > 9915)
                    Rows Removed by Filter: 2948012
              ->  Hash  (cost=61283.27..61283.27 rows=2528527 width=4) (actual time=1906.671..1906.671 rows=2528312 loops=1)
                    Buckets: 131072  Batches: 64  Memory Usage: 2425kB
                    ->  Seq Scan on title t  (cost=0.00..61283.27 rows=2528527 width=4) (actual time=0.019..1051.828 rows=2528312 loops=1)
Planning time: 1.105 ms
Execution time: 62590.612 ms
