Nested Loop  (cost=0.43..798851.07 rows=332 width=0) (actual time=2413.017..14291.659 rows=15 loops=1)
  ->  Seq Scan on cast_info ci  (cost=0.00..796071.18 rows=332 width=4) (actual time=2412.926..14291.389 rows=15 loops=1)
        Filter: ((role_id < 4) AND (person_id = 380620))
        Rows Removed by Filter: 36244329
  ->  Index Only Scan using title_pkey on title t  (cost=0.43..8.36 rows=1 width=4) (actual time=0.016..0.016 rows=1 loops=15)
        Index Cond: (id = ci.movie_id)
        Heap Fetches: 15
Planning time: 0.778 ms
Execution time: 14291.738 ms
