Hash Join  (cost=295979.34..1193161.01 rows=3791439 width=0) (actual time=14452.263..27700.394 rows=8332649 loops=1)
  Hash Cond: (ci.movie_id = t.id)
  ->  Seq Scan on cast_info ci  (cost=0.00..796071.18 rows=3791376 width=4) (actual time=7185.071..15788.448 rows=3867621 loops=1)
        Filter: ((person_id > 179031) AND (role_id = 3))
        Rows Removed by Filter: 32376723
  ->  Hash  (cost=254494.23..254494.23 rows=2528569 width=8) (actual time=7265.132..7265.132 rows=2518487 loops=1)
        Buckets: 131072  Batches: 64  Memory Usage: 2578kB
        ->  Hash Join  (cost=102767.86..254494.23 rows=2528569 width=8) (actual time=2559.557..6519.932 rows=2518487 loops=1)
              Hash Cond: (mk.movie_id = t.id)
              ->  Seq Scan on movie_keyword mk  (cost=0.00..81003.12 rows=2528569 width=4) (actual time=0.030..1604.494 rows=2518487 loops=1)
                    Filter: (keyword_id < 6241)
                    Rows Removed by Filter: 2005443
              ->  Hash  (cost=61283.27..61283.27 rows=2528527 width=4) (actual time=2558.305..2558.305 rows=2528312 loops=1)
                    Buckets: 131072  Batches: 64  Memory Usage: 2425kB
                    ->  Seq Scan on title t  (cost=0.00..61283.27 rows=2528527 width=4) (actual time=0.019..1059.545 rows=2528312 loops=1)
Planning time: 14.893 ms
Execution time: 28671.939 ms
