Hash Join  (cost=74222.22..129132.35 rows=24461 width=0) (actual time=1125.569..2634.079 rows=116343 loops=1)
  Hash Cond: (mc.movie_id = t.id)
  ->  Seq Scan on movie_companies mc  (cost=0.00..44881.29 rows=2609129 width=4) (actual time=0.015..718.213 rows=2609129 loops=1)
  ->  Hash  (cost=73925.90..73925.90 rows=23705 width=4) (actual time=1125.332..1125.332 rows=59846 loops=1)
        Buckets: 65536 (originally 32768)  Batches: 1 (originally 1)  Memory Usage: 2616kB
        ->  Seq Scan on title t  (cost=0.00..73925.90 rows=23705 width=4) (actual time=102.419..1096.342 rows=59846 loops=1)
              Filter: ((kind_id < 7) AND (production_year < 1915))
              Rows Removed by Filter: 2468466
Planning time: 0.781 ms
Execution time: 2649.687 ms
