Hash Join  (cost=83751.15..564335.68 rows=2244233 width=0) (actual time=1658.388..13897.616 rows=3990250 loops=1)
  Hash Cond: (mi.movie_id = t.id)
  ->  Seq Scan on movie_info mi  (cost=0.00..346232.03 rows=9476311 width=4) (actual time=178.644..6450.432 rows=9565151 loops=1)
        Filter: (info_type_id < 16)
        Rows Removed by Filter: 5270569
  ->  Hash  (cost=73925.90..73925.90 rows=598820 width=4) (actual time=1470.817..1470.817 rows=481913 loops=1)
        Buckets: 131072  Batches: 8  Memory Usage: 3163kB
        ->  Seq Scan on title t  (cost=0.00..73925.90 rows=598820 width=4) (actual time=82.073..1314.041 rows=481913 loops=1)
              Filter: ((production_year > 1954) AND (kind_id = 1))
              Rows Removed by Filter: 2046399
Planning time: 0.821 ms
Execution time: 14378.710 ms
