Hash Join  (cost=300899.54..1791146.02 rows=33069101 width=0) (actual time=7100.965..68103.273 rows=111125928 loops=1)
  Hash Cond: (ci.movie_id = t.id)
  ->  Seq Scan on cast_info ci  (cost=0.00..705507.15 rows=31551572 width=4) (actual time=0.017..16652.688 rows=31671814 loops=1)
        Filter: (person_id > 441517)
        Rows Removed by Filter: 4572530
  ->  Hash  (cost=257419.77..257419.77 rows=2650141 width=8) (actual time=7099.634..7099.634 rows=2639405 loops=1)
        Buckets: 131072  Batches: 64  Memory Usage: 2657kB
        ->  Hash Join  (cost=102767.86..257419.77 rows=2650141 width=8) (actual time=1917.231..6390.331 rows=2639405 loops=1)
              Hash Cond: (mk.movie_id = t.id)
              ->  Seq Scan on movie_keyword mk  (cost=0.00..81003.12 rows=2650141 width=4) (actual time=0.014..1832.646 rows=2639405 loops=1)
                    Filter: (keyword_id > 3219)
                    Rows Removed by Filter: 1884525
              ->  Hash  (cost=61283.27..61283.27 rows=2528527 width=4) (actual time=1916.450..1916.450 rows=2528312 loops=1)
                    Buckets: 131072  Batches: 64  Memory Usage: 2425kB
                    ->  Seq Scan on title t  (cost=0.00..61283.27 rows=2528527 width=4) (actual time=0.013..1050.824 rows=2528312 loops=1)
Planning time: 0.812 ms
Execution time: 80593.856 ms
