Hash Join  (cost=1314569.30..2759992.78 rows=71503762 width=0) (actual time=29501.574..85700.637 rows=159766155 loops=1)
  Hash Cond: (mi.movie_id = t.id)
  ->  Seq Scan on movie_info mi  (cost=0.00..309384.22 rows=14739122 width=4) (actual time=0.019..6254.618 rows=14835720 loops=1)
  ->  Hash  (cost=1113319.57..1113319.57 rows=12266619 width=8) (actual time=29497.186..29497.186 rows=12179825 loops=1)
        Buckets: 131072  Batches: 256  Memory Usage: 2958kB
        ->  Hash Join  (cost=102767.86..1113319.57 rows=12266619 width=8) (actual time=2318.322..25701.207 rows=12179825 loops=1)
              Hash Cond: (ci.movie_id = t.id)
              ->  Seq Scan on cast_info ci  (cost=0.00..705507.15 rows=12266619 width=4) (actual time=330.073..13078.431 rows=12179825 loops=1)
                    Filter: (person_id < 1199380)
                    Rows Removed by Filter: 24064519
              ->  Hash  (cost=61283.27..61283.27 rows=2528527 width=4) (actual time=1986.187..1986.187 rows=2528312 loops=1)
                    Buckets: 131072  Batches: 64  Memory Usage: 2415kB
                    ->  Seq Scan on title t  (cost=0.00..61283.27 rows=2528527 width=4) (actual time=0.018..1150.207 rows=2528312 loops=1)
Planning time: 1.250 ms
Execution time: 102930.614 ms
