Hash Join  (cost=77037.46..568638.98 rows=1105460 width=0) (actual time=1191.870..14634.517 rows=3347084 loops=1)
  Hash Cond: (mi.movie_id = t.id)
  ->  Seq Scan on movie_info mi  (cost=0.00..309384.22 rows=14739122 width=4) (actual time=0.011..6035.188 rows=14835720 loops=1)
  ->  Hash  (cost=73925.90..73925.90 rows=189644 width=4) (actual time=1191.186..1191.186 rows=294316 loops=1)
        Buckets: 131072  Batches: 4  Memory Usage: 3621kB
        ->  Seq Scan on title t  (cost=0.00..73925.90 rows=189644 width=4) (actual time=0.017..1094.344 rows=294316 loops=1)
              Filter: ((kind_id < 7) AND (production_year < 1978))
              Rows Removed by Filter: 2233996
Planning time: 0.699 ms
Execution time: 15040.876 ms
