Nested Loop  (cost=0.43..83072.90 rows=43 width=0) (actual time=9.092..1259.776 rows=160 loops=1)
  ->  Seq Scan on movie_keyword mk  (cost=0.00..81003.12 rows=246 width=4) (actual time=9.053..1253.277 rows=193 loops=1)
        Filter: (keyword_id = 9913)
        Rows Removed by Filter: 4523737
  ->  Index Scan using title_pkey on title t  (cost=0.43..8.40 rows=1 width=4) (actual time=0.030..0.031 rows=1 loops=193)
        Index Cond: (id = mk.movie_id)
        Filter: ((kind_id < 7) AND (production_year < 2002))
        Rows Removed by Filter: 0
Planning time: 0.888 ms
Execution time: 1259.983 ms
