Hash Join  (cost=320987.28..1366946.66 rows=11455034 width=0) (actual time=12818.507..31846.107 rows=15752975 loops=1)
  Hash Cond: (ci.movie_id = t.id)
  ->  Seq Scan on cast_info ci  (cost=0.00..796071.18 rows=8699018 width=4) (actual time=6544.042..15774.029 rows=12670688 loops=1)
        Filter: ((person_id < 2551292) AND (role_id = 1))
        Rows Removed by Filter: 23573656
  ->  Hash  (cost=266360.12..266360.12 rows=3329613 width=8) (actual time=6272.086..6272.086 rows=1637255 loops=1)
        Buckets: 131072  Batches: 64  Memory Usage: 2002kB
        ->  Hash Join  (cost=98137.04..266360.12 rows=3329613 width=8) (actual time=1880.211..5859.618 rows=1637255 loops=1)
              Hash Cond: (mk.movie_id = t.id)
              ->  Seq Scan on movie_keyword mk  (cost=0.00..69693.30 rows=4523930 width=4) (actual time=0.036..1482.273 rows=4523930 loops=1)
              ->  Hash  (cost=67604.59..67604.59 rows=1860996 width=4) (actual time=1879.196..1879.196 rows=1865487 loops=1)
                    Buckets: 131072  Batches: 32  Memory Usage: 3085kB
                    ->  Seq Scan on title t  (cost=0.00..67604.59 rows=1860996 width=4) (actual time=0.027..1250.910 rows=1865487 loops=1)
                          Filter: (kind_id > 1)
                          Rows Removed by Filter: 662825
Planning time: 1.256 ms
Execution time: 33546.202 ms
