Hash Join  (cost=521607.22..1533597.97 rows=6791650 width=0) (actual time=10479.069..36431.512 rows=9378030 loops=1)
  Hash Cond: (ci.movie_id = t.id)
  ->  Seq Scan on cast_info ci  (cost=0.00..796071.18 rows=11078814 width=4) (actual time=0.014..16349.979 rows=12670688 loops=1)
        Filter: ((person_id < 3207104) AND (role_id = 1))
        Rows Removed by Filter: 23573656
  ->  Hash  (cost=496176.42..496176.42 rows=1550064 width=8) (actual time=10478.174..10478.174 rows=1533909 loops=1)
        Buckets: 131072  Batches: 32  Memory Usage: 2883kB
        ->  Hash Join  (cost=102767.86..496176.42 rows=1550064 width=8) (actual time=5312.999..9771.295 rows=1533909 loops=1)
              Hash Cond: (mi.movie_id = t.id)
              ->  Seq Scan on movie_info mi  (cost=0.00..346232.03 rows=1550064 width=4) (actual time=2791.430..5618.367 rows=1533909 loops=1)
                    Filter: (info_type_id = 3)
                    Rows Removed by Filter: 13301811
              ->  Hash  (cost=61283.27..61283.27 rows=2528527 width=4) (actual time=2520.390..2520.390 rows=2528312 loops=1)
                    Buckets: 131072  Batches: 64  Memory Usage: 2425kB
                    ->  Seq Scan on title t  (cost=0.00..61283.27 rows=2528527 width=4) (actual time=0.116..998.520 rows=2528312 loops=1)
Planning time: 1.928 ms
Execution time: 37525.306 ms
