Seq Scan on movie_companies mc  (cost=0.00..51404.11 rows=1393125 width=0) (actual time=0.016..852.253 rows=1379962 loops=1)
  Filter: (company_id < 11930)
  Rows Removed by Filter: 1229167
Planning time: 0.316 ms
Execution time: 1009.665 ms
