Seq Scan on title t  (cost=0.00..73925.90 rows=128166 width=0) (actual time=0.016..1057.840 rows=261073 loops=1)
  Filter: ((production_year < 1978) AND (kind_id = 1))
  Rows Removed by Filter: 2267239
Planning time: 0.367 ms
Execution time: 1091.317 ms
