Seq Scan on movie_keyword mk  (cost=0.00..81003.12 rows=3739522 width=0) (actual time=0.014..1584.293 rows=3732914 loops=1)
  Filter: (keyword_id < 23675)
  Rows Removed by Filter: 791016
Planning time: 0.374 ms
Execution time: 2027.016 ms
