Hash Join  (cost=75504.69..151923.12 rows=99290 width=0) (actual time=1397.187..3630.071 rows=158964 loops=1)
  Hash Cond: (mc.movie_id = t.id)
  ->  Seq Scan on movie_companies mc  (cost=0.00..44881.29 rows=2609129 width=4) (actual time=0.011..941.911 rows=2609129 loops=1)
  ->  Hash  (cost=73925.90..73925.90 rows=96223 width=4) (actual time=1275.240..1275.240 rows=117912 loops=1)
        Buckets: 131072  Batches: 2  Memory Usage: 3095kB
        ->  Seq Scan on title t  (cost=0.00..73925.90 rows=96223 width=4) (actual time=668.882..1233.827 rows=117912 loops=1)
              Filter: ((production_year > 1967) AND (kind_id = 4))
              Rows Removed by Filter: 2410400
Planning time: 1.252 ms
Execution time: 3649.052 ms
