Hash Join  (cost=83386.85..117111.90 rows=103564 width=0) (actual time=1473.316..2319.140 rows=215249 loops=1)
  Hash Cond: (mi_idx.movie_id = t.id)
  ->  Seq Scan on movie_info_idx mi_idx  (cost=0.00..25185.44 rows=454124 width=4) (actual time=0.016..463.353 rows=459925 loops=1)
        Filter: (info_type_id = 100)
        Rows Removed by Filter: 920110
  ->  Hash  (cost=73925.90..73925.90 rows=576636 width=4) (actual time=1472.615..1472.615 rows=597161 loops=1)
        Buckets: 131072  Batches: 8  Memory Usage: 3662kB
        ->  Seq Scan on title t  (cost=0.00..73925.90 rows=576636 width=4) (actual time=0.018..1278.541 rows=597161 loops=1)
              Filter: ((kind_id < 3) AND (production_year < 2010))
              Rows Removed by Filter: 1931151
Planning time: 0.557 ms
Execution time: 2346.349 ms
