Hash Join  (cost=799707.63..883709.27 rows=137 width=0) (actual time=14591.362..15657.745 rows=14 loops=1)
  Hash Cond: (mk.movie_id = t.id)
  ->  Seq Scan on movie_keyword mk  (cost=0.00..81003.12 rows=799239 width=4) (actual time=0.041..1332.053 rows=801059 loops=1)
        Filter: (keyword_id < 771)
        Rows Removed by Filter: 3722871
  ->  Hash  (cost=799702.19..799702.19 rows=435 width=8) (actual time=14217.988..14217.988 rows=21 loops=1)
        Buckets: 1024  Batches: 1  Memory Usage: 9kB
        ->  Nested Loop  (cost=0.43..799702.19 rows=435 width=8) (actual time=8933.796..14217.972 rows=21 loops=1)
              ->  Seq Scan on cast_info ci  (cost=0.00..796071.18 rows=435 width=4) (actual time=8933.714..14217.147 rows=21 loops=1)
                    Filter: ((role_id < 10) AND (person_id = 1480008))
                    Rows Removed by Filter: 36244323
              ->  Index Only Scan using title_pkey on title t  (cost=0.43..8.34 rows=1 width=4) (actual time=0.036..0.037 rows=1 loops=21)
                    Index Cond: (id = ci.movie_id)
                    Heap Fetches: 21
Planning time: 1.169 ms
Execution time: 15657.861 ms
