Hash Join  (cost=102767.86..230728.20 rows=1540875 width=0) (actual time=1919.013..4957.798 rows=1555373 loops=1)
  Hash Cond: (mk.movie_id = t.id)
  ->  Seq Scan on movie_keyword mk  (cost=0.00..81003.12 rows=1540875 width=4) (actual time=0.026..1475.602 rows=1555373 loops=1)
        Filter: (keyword_id > 10126)
        Rows Removed by Filter: 2968557
  ->  Hash  (cost=61283.27..61283.27 rows=2528527 width=4) (actual time=1918.172..1918.172 rows=2528312 loops=1)
        Buckets: 131072  Batches: 64  Memory Usage: 2425kB
        ->  Seq Scan on title t  (cost=0.00..61283.27 rows=2528527 width=4) (actual time=0.022..1039.703 rows=2528312 loops=1)
Planning time: 0.707 ms
Execution time: 5138.824 ms
