Seq Scan on cast_info ci  (cost=0.00..705507.15 rows=500 width=0) (actual time=4566.561..10875.699 rows=74 loops=1)
  Filter: (person_id = 1208215)
  Rows Removed by Filter: 36244270
Planning time: 0.396 ms
Execution time: 10875.802 ms
