Hash Join  (cost=93721.77..949841.40 rows=1616487 width=0) (actual time=12361.254..14404.663 rows=1557 loops=1)
  Hash Cond: (ci.movie_id = t.id)
  ->  Seq Scan on cast_info ci  (cost=0.00..796071.18 rows=3387621 width=4) (actual time=10517.279..12415.172 rows=2782 loops=1)
        Filter: ((person_id < 1650399) AND (role_id = 2))
        Rows Removed by Filter: 36241562
  ->  Hash  (cost=73925.90..73925.90 rows=1206549 width=4) (actual time=1840.153..1840.153 rows=1293155 loops=1)
        Buckets: 131072  Batches: 16  Memory Usage: 3876kB
        ->  Seq Scan on title t  (cost=0.00..73925.90 rows=1206549 width=4) (actual time=274.051..1429.143 rows=1293155 loops=1)
              Filter: ((production_year > 1977) AND (kind_id = 7))
              Rows Removed by Filter: 1235157
Planning time: 0.786 ms
Execution time: 14404.900 ms
