Hash Join  (cost=834301.82..3261443.72 rows=104947642 width=0) (actual time=17749.703..71889.876 rows=72612324 loops=1)
  Hash Cond: (ci.movie_id = t.id)
  ->  Seq Scan on cast_info ci  (cost=0.00..705507.15 rows=29545408 width=4) (actual time=0.029..16147.840 rows=29479400 loops=1)
        Filter: (person_id < 2985134)
        Rows Removed by Filter: 6764944
  ->  Hash  (cost=686947.71..686947.71 rows=8981529 width=8) (actual time=17748.876..17748.876 rows=3963336 loops=1)
        Buckets: 131072  Batches: 128  Memory Usage: 2196kB
        ->  Hash Join  (cost=92883.59..686947.71 rows=8981529 width=8) (actual time=1661.457..16583.616 rows=3963336 loops=1)
              Hash Cond: (mi.movie_id = t.id)
              ->  Seq Scan on movie_info mi  (cost=0.00..309384.22 rows=14739122 width=4) (actual time=0.018..6041.399 rows=14835720 loops=1)
              ->  Hash  (cost=67604.59..67604.59 rows=1540800 width=4) (actual time=1659.993..1659.993 rows=1543264 loops=1)
                    Buckets: 131072  Batches: 32  Memory Usage: 2728kB
                    ->  Seq Scan on title t  (cost=0.00..67604.59 rows=1540800 width=4) (actual time=23.011..1168.352 rows=1543264 loops=1)
                          Filter: (kind_id = 7)
                          Rows Removed by Filter: 985048
Planning time: 1.201 ms
Execution time: 80017.060 ms
