Hash Join  (cost=80738.05..211790.88 rows=742879 width=0) (actual time=1209.968..4989.806 rows=1259824 loops=1)
  Hash Cond: (mk.movie_id = t.id)
  ->  Seq Scan on movie_keyword mk  (cost=0.00..69693.30 rows=4523930 width=4) (actual time=0.018..1376.607 rows=4523930 loops=1)
  ->  Hash  (cost=73925.90..73925.90 rows=415212 width=4) (actual time=1209.263..1209.263 rows=303236 loops=1)
        Buckets: 131072  Batches: 8  Memory Usage: 2367kB
        ->  Seq Scan on title t  (cost=0.00..73925.90 rows=415212 width=4) (actual time=105.030..1107.916 rows=303236 loops=1)
              Filter: ((kind_id < 2) AND (production_year > 1996))
              Rows Removed by Filter: 2225076
Planning time: 0.556 ms
Execution time: 5139.188 ms
