Seq Scan on cast_info ci  (cost=0.00..796071.18 rows=537372 width=0) (actual time=5571.850..13892.782 rows=861930 loops=1)
  Filter: ((person_id > 1917816) AND (role_id = 9))
  Rows Removed by Filter: 35382414
Planning time: 0.398 ms
Execution time: 13988.938 ms
