Hash Join  (cost=134390.94..221227.65 rows=17867 width=0) (actual time=3087.851..4076.668 rows=118041 loops=1)
  Hash Cond: (mk.movie_id = t.id)
  ->  Seq Scan on movie_keyword mk  (cost=0.00..69693.30 rows=4523930 width=4) (actual time=0.018..1054.934 rows=4523930 loops=1)
  ->  Hash  (cost=134266.11..134266.11 rows=9986 width=8) (actual time=2148.075..2148.075 rows=32876 loops=1)
        Buckets: 65536 (originally 16384)  Batches: 1 (originally 1)  Memory Usage: 1797kB
        ->  Hash Join  (cost=74689.76..134266.11 rows=9986 width=8) (actual time=1342.546..2138.237 rows=32876 loops=1)
              Hash Cond: (mc.movie_id = t.id)
              ->  Seq Scan on movie_companies mc  (cost=0.00..57926.93 rows=413217 width=4) (actual time=256.462..842.965 rows=738406 loops=1)
                    Filter: ((company_id > 28339) AND (company_type_id = 2))
                    Rows Removed by Filter: 1870723
              ->  Hash  (cost=73925.90..73925.90 rows=61108 width=4) (actual time=1085.644..1085.644 rows=63731 loops=1)
                    Buckets: 65536  Batches: 1  Memory Usage: 2753kB
                    ->  Seq Scan on title t  (cost=0.00..73925.90 rows=61108 width=4) (actual time=145.693..1059.757 rows=63731 loops=1)
                          Filter: ((production_year > 1992) AND (kind_id = 2))
                          Rows Removed by Filter: 2464581
Planning time: 1.200 ms
Execution time: 4097.288 ms
