Nested Loop  (cost=0.43..67321.97 rows=1152 width=0) (actual time=7.528..691.152 rows=5 loops=1)
  ->  Seq Scan on movie_companies mc  (cost=0.00..57926.93 rows=1152 width=4) (actual time=7.443..690.889 rows=5 loops=1)
        Filter: ((company_id = 28339) AND (company_type_id = 1))
        Rows Removed by Filter: 2609124
  ->  Index Only Scan using title_pkey on title t  (cost=0.43..8.15 rows=1 width=4) (actual time=0.046..0.047 rows=1 loops=5)
        Index Cond: (id = mc.movie_id)
        Heap Fetches: 5
Planning time: 1.133 ms
Execution time: 691.226 ms
