Seq Scan on cast_info ci  (cost=0.00..705507.15 rows=500 width=0) (actual time=3827.704..11137.763 rows=76 loops=1)
  Filter: (person_id = 1473474)
  Rows Removed by Filter: 36244268
Planning time: 0.398 ms
Execution time: 11137.910 ms
