Seq Scan on movie_companies mc  (cost=0.00..57926.93 rows=3711 width=0) (actual time=191.171..804.529 rows=96 loops=1)
  Filter: ((company_id = 596) AND (company_type_id = 1))
  Rows Removed by Filter: 2609033
Planning time: 0.389 ms
Execution time: 804.657 ms
