Seq Scan on movie_keyword mk  (cost=0.00..81003.12 rows=854781 width=0) (actual time=25.836..1459.796 rows=862302 loops=1)
  Filter: (keyword_id > 21344)
  Rows Removed by Filter: 3661628
Planning time: 0.503 ms
Execution time: 1568.831 ms
