Hash Join  (cost=143931.71..973229.22 rows=1242227 width=0) (actual time=3893.730..20775.365 rows=3025421 loops=1)
  Hash Cond: (ci.movie_id = t.id)
  ->  Seq Scan on cast_info ci  (cost=0.00..705507.15 rows=9520292 width=4) (actual time=701.148..12193.694 rows=9341293 loops=1)
        Filter: (person_id < 919868)
        Rows Removed by Filter: 26903051
  ->  Hash  (cost=138518.62..138518.62 rows=329927 width=8) (actual time=3191.684..3191.684 rows=375691 loops=1)
        Buckets: 131072  Batches: 8  Memory Usage: 2868kB
        ->  Hash Join  (cost=97066.09..138518.62 rows=329927 width=8) (actual time=1895.547..3075.356 rows=375691 loops=1)
              Hash Cond: (mi_idx.movie_id = t.id)
              ->  Seq Scan on movie_info_idx mi_idx  (cost=0.00..25185.44 rows=464566 width=4) (actual time=0.035..475.829 rows=459925 loops=1)
                    Filter: (info_type_id = 101)
                    Rows Removed by Filter: 920110
              ->  Hash  (cost=67604.59..67604.59 rows=1795720 width=4) (actual time=1894.306..1894.306 rows=1794153 loops=1)
                    Buckets: 131072  Batches: 32  Memory Usage: 2992kB
                    ->  Seq Scan on title t  (cost=0.00..67604.59 rows=1795720 width=4) (actual time=0.031..1320.314 rows=1794153 loops=1)
                          Filter: (production_year < 2009)
                          Rows Removed by Filter: 734159
Planning time: 1.175 ms
Execution time: 21091.706 ms
