Hash Join  (cost=73962.22..136087.93 rows=1282 width=0) (actual time=1255.096..2348.092 rows=3575 loops=1)
  Hash Cond: (mc.movie_id = t.id)
  ->  Seq Scan on movie_companies mc  (cost=0.00..57926.93 rows=1116256 width=4) (actual time=218.730..1150.681 rows=1014345 loops=1)
        Filter: ((company_id > 160) AND (company_type_id < 2))
        Rows Removed by Filter: 1594784
  ->  Hash  (cost=73925.90..73925.90 rows=2905 width=4) (actual time=1035.776..1035.776 rows=2748 loops=1)
        Buckets: 4096  Batches: 1  Memory Usage: 129kB
        ->  Seq Scan on title t  (cost=0.00..73925.90 rows=2905 width=4) (actual time=7.413..1034.247 rows=2748 loops=1)
              Filter: ((kind_id < 7) AND (production_year = 1951))
              Rows Removed by Filter: 2525564
Planning time: 0.795 ms
Execution time: 2348.813 ms
