Hash Join  (cost=73950.44..438720.80 rows=11443 width=0) (actual time=1041.328..8240.150 rows=51180 loops=1)
  Hash Cond: (mi.movie_id = t.id)
  ->  Seq Scan on movie_info mi  (cost=0.00..309384.22 rows=14739122 width=4) (actual time=0.019..4297.900 rows=14835720 loops=1)
  ->  Hash  (cost=73925.90..73925.90 rows=1963 width=4) (actual time=1041.265..1041.265 rows=4606 loops=1)
        Buckets: 8192 (originally 2048)  Batches: 1 (originally 1)  Memory Usage: 226kB
        ->  Seq Scan on title t  (cost=0.00..73925.90 rows=1963 width=4) (actual time=0.152..1039.233 rows=4606 loops=1)
              Filter: ((kind_id = 1) AND (production_year = 1970))
              Rows Removed by Filter: 2523706
Planning time: 9.341 ms
Execution time: 8249.203 ms
