Seq Scan on movie_keyword mk  (cost=0.00..81003.12 rows=1292886 width=0) (actual time=0.022..1372.841 rows=1304148 loops=1)
  Filter: (keyword_id > 13479)
  Rows Removed by Filter: 3219782
Planning time: 0.378 ms
Execution time: 1540.174 ms
