Nested Loop  (cost=0.43..59463.11 rows=4 width=0) (actual time=661.836..887.568 rows=1 loops=1)
  ->  Seq Scan on movie_companies mc  (cost=0.00..57926.93 rows=182 width=4) (actual time=14.212..864.213 rows=788 loops=1)
        Filter: ((company_id < 2) AND (company_type_id < 2))
        Rows Removed by Filter: 2608341
  ->  Index Scan using title_pkey on title t  (cost=0.43..8.43 rows=1 width=4) (actual time=0.029..0.029 rows=0 loops=788)
        Index Cond: (id = mc.movie_id)
        Filter: ((production_year > 2002) AND (kind_id = 4))
        Rows Removed by Filter: 1
Planning time: 0.764 ms
Execution time: 887.669 ms
