Hash Join  (cost=78556.72..165068.57 rows=53904 width=0) (actual time=1601.162..3112.023 rows=126155 loops=1)
  Hash Cond: (mk.movie_id = t.id)
  ->  Seq Scan on movie_keyword mk  (cost=0.00..81003.12 rows=204182 width=4) (actual time=0.041..1385.163 rows=220098 loops=1)
        Filter: (keyword_id < 170)
        Rows Removed by Filter: 4303832
  ->  Hash  (cost=67604.59..67604.59 rows=667531 width=4) (actual time=1454.205..1454.205 rows=662825 loops=1)
        Buckets: 131072  Batches: 16  Memory Usage: 2486kB
        ->  Seq Scan on title t  (cost=0.00..67604.59 rows=667531 width=4) (actual time=435.075..1243.733 rows=662825 loops=1)
              Filter: (kind_id = 1)
              Rows Removed by Filter: 1865487
Planning time: 0.756 ms
Execution time: 3128.816 ms
