Seq Scan on movie_info mi  (cost=0.00..346232.03 rows=17937 width=0) (actual time=4613.301..5267.436 rows=109034 loops=1)
  Filter: (info_type_id = 106)
  Rows Removed by Filter: 14726686
Planning time: 0.442 ms
Execution time: 5281.488 ms
