Seq Scan on cast_info ci  (cost=0.00..796071.18 rows=19118548 width=0) (actual time=1243.780..16327.387 rows=16740781 loops=1)
  Filter: ((person_id < 2979301) AND (role_id > 1))
  Rows Removed by Filter: 19503563
Planning time: 0.366 ms
Execution time: 18403.497 ms
