Seq Scan on cast_info ci  (cost=0.00..796071.18 rows=21673905 width=0) (actual time=4261.735..39348.122 rows=22793764 loops=1)
  Filter: ((person_id > 266612) AND (role_id > 1))
  Rows Removed by Filter: 13450580
Planning time: 0.345 ms
Execution time: 43266.454 ms
