Hash Join  (cost=130145.17..858511.50 rows=103325 width=0) (actual time=6847.400..46689.899 rows=630340 loops=1)
  Hash Cond: (ci.movie_id = t.id)
  ->  Seq Scan on cast_info ci  (cost=0.00..705507.15 rows=5820248 width=4) (actual time=0.014..37273.586 rows=5732694 loops=1)
        Filter: (role_id > 8)
        Rows Removed by Filter: 30511650
  ->  Hash  (cost=129584.07..129584.07 rows=44888 width=8) (actual time=6846.820..6846.820 rows=45042 loops=1)
        Buckets: 65536  Batches: 1  Memory Usage: 2272kB
        ->  Hash Join  (cost=74469.67..129584.07 rows=44888 width=8) (actual time=3267.487..6787.674 rows=45042 loops=1)
              Hash Cond: (mc.movie_id = t.id)
              ->  Seq Scan on movie_companies mc  (cost=0.00..44881.29 rows=2609129 width=4) (actual time=0.011..2558.474 rows=2609129 loops=1)
              ->  Hash  (cost=73925.90..73925.90 rows=43501 width=4) (actual time=3267.080..3267.080 rows=39560 loops=1)
                    Buckets: 65536  Batches: 1  Memory Usage: 1903kB
                    ->  Seq Scan on title t  (cost=0.00..73925.90 rows=43501 width=4) (actual time=1102.278..3242.921 rows=39560 loops=1)
                          Filter: ((kind_id < 2) AND (production_year = 2012))
                          Rows Removed by Filter: 2488752
Planning time: 3.727 ms
Execution time: 46814.455 ms
