Hash Join  (cost=174865.45..1016710.31 rows=1005943 width=0) (actual time=7234.888..20022.522 rows=1402556 loops=1)
  Hash Cond: (ci.movie_id = t.id)
  ->  Seq Scan on cast_info ci  (cost=0.00..796071.18 rows=2779535 width=4) (actual time=3267.349..14697.313 rows=1641511 loops=1)
        Filter: ((person_id < 2600422) AND (role_id = 3))
        Rows Removed by Filter: 34602833
  ->  Hash  (cost=159851.69..159851.69 rows=915101 width=8) (actual time=3966.535..3966.535 rows=919850 loops=1)
        Buckets: 131072  Batches: 16  Memory Usage: 3269kB
        ->  Hash Join  (cost=102767.86..159851.69 rows=915101 width=8) (actual time=1875.061..3684.005 rows=919850 loops=1)
              Hash Cond: (mi_idx.movie_id = t.id)
              ->  Seq Scan on movie_info_idx mi_idx  (cost=0.00..25185.44 rows=915101 width=4) (actual time=0.028..564.237 rows=919850 loops=1)
                    Filter: (info_type_id < 101)
                    Rows Removed by Filter: 460185
              ->  Hash  (cost=61283.27..61283.27 rows=2528527 width=4) (actual time=1873.297..1873.297 rows=2528312 loops=1)
                    Buckets: 131072  Batches: 64  Memory Usage: 2415kB
                    ->  Seq Scan on title t  (cost=0.00..61283.27 rows=2528527 width=4) (actual time=0.020..1053.645 rows=2528312 loops=1)
Planning time: 1.197 ms
Execution time: 20193.751 ms
