Hash Join  (cost=83810.17..916160.74 rows=818702 width=0) (actual time=4334.701..43163.245 rows=1795524 loops=1)
  Hash Cond: (ci.movie_id = t.id)
  ->  Seq Scan on cast_info ci  (cost=0.00..796071.18 rows=2095831 width=4) (actual time=0.019..35095.226 rows=4248516 loops=1)
        Filter: ((person_id < 568654) AND (role_id = 1))
        Rows Removed by Filter: 31995828
  ->  Hash  (cost=67604.59..67604.59 rows=987727 width=4) (actual time=4333.857..4333.857 rows=985048 loops=1)
        Buckets: 131072  Batches: 16  Memory Usage: 3188kB
        ->  Seq Scan on title t  (cost=0.00..67604.59 rows=987727 width=4) (actual time=0.026..3922.984 rows=985048 loops=1)
              Filter: (kind_id < 7)
              Rows Removed by Filter: 1543264
Planning time: 0.742 ms
Execution time: 43439.115 ms
