Hash Join  (cost=74787.47..835451.35 rows=987472 width=0) (actual time=3814.812..59387.110 rows=1292350 loops=1)
  Hash Cond: (ci.movie_id = t.id)
  ->  Seq Scan on cast_info ci  (cost=0.00..614943.12 rows=36225612 width=4) (actual time=0.025..37012.586 rows=36244344 loops=1)
  ->  Hash  (cost=73925.90..73925.90 rows=68925 width=4) (actual time=3813.979..3813.979 rows=84076 loops=1)
        Buckets: 131072  Batches: 1  Memory Usage: 3980kB
        ->  Seq Scan on title t  (cost=0.00..73925.90 rows=68925 width=4) (actual time=796.953..3762.419 rows=84076 loops=1)
              Filter: ((kind_id = 7) AND (production_year = 2007))
              Rows Removed by Filter: 2444236
Planning time: 1.990 ms
Execution time: 59656.192 ms
