Seq Scan on cast_info ci  (cost=0.00..705507.15 rows=10989340 width=0) (actual time=0.018..36826.986 rows=10896991 loops=1)
  Filter: (person_id < 1070598)
  Rows Removed by Filter: 25347353
Planning time: 0.377 ms
Execution time: 38707.726 ms
