Hash Join  (cost=76440.79..110091.88 rows=98953 width=0) (actual time=4108.784..6477.935 rows=113110 loops=1)
  Hash Cond: (mi_idx.movie_id = t.id)
  ->  Seq Scan on movie_info_idx mi_idx  (cost=0.00..25185.44 rows=464566 width=4) (actual time=0.021..1593.309 rows=459925 loops=1)
        Filter: (info_type_id = 101)
        Rows Removed by Filter: 920110
  ->  Hash  (cost=67604.59..67604.59 rows=538576 width=4) (actual time=4107.724..4107.724 rows=538190 loops=1)
        Buckets: 131072  Batches: 8  Memory Usage: 3380kB
        ->  Seq Scan on title t  (cost=0.00..67604.59 rows=538576 width=4) (actual time=0.023..3881.007 rows=538190 loops=1)
              Filter: (production_year < 1982)
              Rows Removed by Filter: 1990122
Planning time: 0.851 ms
Execution time: 6498.536 ms
