Seq Scan on movie_companies mc  (cost=0.00..51404.11 rows=1323940 width=0) (actual time=0.023..2619.202 rows=1331864 loops=1)
  Filter: (company_id > 11205)
  Rows Removed by Filter: 1277265
Planning time: 0.331 ms
Execution time: 2867.130 ms
