Seq Scan on movie_keyword mk  (cost=0.00..81003.12 rows=3773422 width=0) (actual time=0.019..4672.951 rows=3766784 loops=1)
  Filter: (keyword_id < 24725)
  Rows Removed by Filter: 757146
Planning time: 15.195 ms
Execution time: 5335.763 ms
