Hash Join  (cost=83328.83..188657.28 rows=361968 width=0) (actual time=4490.743..11068.354 rows=159458 loops=1)
  Hash Cond: (mk.movie_id = t.id)
  ->  Seq Scan on movie_keyword mk  (cost=0.00..81003.12 rows=1596972 width=4) (actual time=0.026..4856.101 rows=1606189 loops=1)
        Filter: (keyword_id < 2488)
        Rows Removed by Filter: 2917741
  ->  Hash  (cost=73925.90..73925.90 rows=573114 width=4) (actual time=4489.180..4489.180 rows=446387 loops=1)
        Buckets: 131072  Batches: 8  Memory Usage: 2982kB
        ->  Seq Scan on title t  (cost=0.00..73925.90 rows=573114 width=4) (actual time=0.015..4149.032 rows=446387 loops=1)
              Filter: ((kind_id > 1) AND (production_year < 1994))
              Rows Removed by Filter: 2081925
Planning time: 0.735 ms
Execution time: 11092.686 ms
