Nested Loop  (cost=0.43..83072.29 rows=162 width=0) (actual time=243.556..3527.961 rows=4345 loops=1)
  ->  Seq Scan on movie_keyword mk  (cost=0.00..81003.12 rows=246 width=4) (actual time=243.489..3366.620 rows=4361 loops=1)
        Filter: (keyword_id = 29032)
        Rows Removed by Filter: 4519569
  ->  Index Scan using title_pkey on title t  (cost=0.43..8.40 rows=1 width=4) (actual time=0.036..0.036 rows=1 loops=4361)
        Index Cond: (id = mk.movie_id)
        Filter: (kind_id > 3)
        Rows Removed by Filter: 0
Planning time: 4.485 ms
Execution time: 3528.992 ms
