Hash Join  (cost=58358.90..145017.85 rows=91 width=0) (actual time=850.625..2662.008 rows=16544 loops=1)
  Hash Cond: (mk.movie_id = t.id)
  ->  Seq Scan on movie_keyword mk  (cost=0.00..69693.30 rows=4523930 width=4) (actual time=0.023..1050.037 rows=4523930 loops=1)
  ->  Hash  (cost=58358.27..58358.27 rows=51 width=8) (actual time=839.331..839.331 rows=252 loops=1)
        Buckets: 1024  Batches: 1  Memory Usage: 18kB
        ->  Nested Loop  (cost=0.43..58358.27 rows=51 width=8) (actual time=37.397..839.143 rows=252 loops=1)
              ->  Seq Scan on movie_companies mc  (cost=0.00..57926.93 rows=51 width=4) (actual time=37.293..818.612 rows=252 loops=1)
                    Filter: ((company_id = 4352) AND (company_type_id = 1))
                    Rows Removed by Filter: 2608877
              ->  Index Only Scan using title_pkey on title t  (cost=0.43..8.45 rows=1 width=4) (actual time=0.080..0.080 rows=1 loops=252)
                    Index Cond: (id = mc.movie_id)
                    Heap Fetches: 252
Planning time: 1.311 ms
Execution time: 2664.317 ms
