Hash Join  (cost=102767.86..932293.39 rows=979714 width=0) (actual time=5319.762..46010.253 rows=2994913 loops=1)
  Hash Cond: (ci.movie_id = t.id)
  ->  Seq Scan on cast_info ci  (cost=0.00..796071.18 rows=979714 width=4) (actual time=0.013..36791.959 rows=2994913 loops=1)
        Filter: ((person_id > 2864848) AND (role_id = 10))
        Rows Removed by Filter: 33249431
  ->  Hash  (cost=61283.27..61283.27 rows=2528527 width=4) (actual time=5318.950..5318.950 rows=2528312 loops=1)
        Buckets: 131072  Batches: 64  Memory Usage: 2415kB
        ->  Seq Scan on title t  (cost=0.00..61283.27 rows=2528527 width=4) (actual time=0.022..3826.493 rows=2528312 loops=1)
Planning time: 0.739 ms
Execution time: 46417.452 ms
