Seq Scan on movie_keyword mk  (cost=0.00..81003.12 rows=1444808 width=0) (actual time=0.020..4422.352 rows=1461648 loops=1)
  Filter: (keyword_id < 2076)
  Rows Removed by Filter: 3062282
Planning time: 0.310 ms
Execution time: 4712.546 ms
