Hash Join  (cost=107494.42..214373.58 rows=702114 width=0) (actual time=5262.199..10795.347 rows=719583 loops=1)
  Hash Cond: (mk.movie_id = t.id)
  ->  Seq Scan on movie_keyword mk  (cost=0.00..81003.12 rows=730177 width=4) (actual time=0.011..4382.049 rows=725769 loops=1)
        Filter: (keyword_id < 648)
        Rows Removed by Filter: 3798161
  ->  Hash  (cost=67604.59..67604.59 rows=2431347 width=4) (actual time=5260.671..5260.671 rows=2427113 loops=1)
        Buckets: 131072  Batches: 32  Memory Usage: 3700kB
        ->  Seq Scan on title t  (cost=0.00..67604.59 rows=2431347 width=4) (actual time=0.011..4067.517 rows=2427113 loops=1)
              Filter: (production_year > 1910)
              Rows Removed by Filter: 101199
Planning time: 0.672 ms
Execution time: 10887.328 ms
