Seq Scan on movie_companies mc  (cost=0.00..57926.93 rows=53 width=0) (actual time=95.310..2447.402 rows=27 loops=1)
  Filter: ((company_id = 20824) AND (company_type_id = 2))
  Rows Removed by Filter: 2609102
Planning time: 0.376 ms
Execution time: 2447.505 ms
