Hash Join  (cost=300220.87..1833681.41 rows=39823434 width=0) (actual time=14371.823..86865.191 rows=25128784 loops=1)
  Hash Cond: (ci.movie_id = t.id)
  ->  Seq Scan on cast_info ci  (cost=0.00..614943.12 rows=36225612 width=4) (actual time=0.015..41757.874 rows=36244344 loops=1)
  ->  Hash  (cost=254616.21..254616.21 rows=2779653 width=8) (actual time=14368.830..14368.830 rows=730679 loops=1)
        Buckets: 131072  Batches: 64  Memory Usage: 1439kB
        ->  Hash Join  (cost=93093.72..254616.21 rows=2779653 width=8) (actual time=6726.207..14132.647 rows=730679 loops=1)
              Hash Cond: (mk.movie_id = t.id)
              ->  Seq Scan on movie_keyword mk  (cost=0.00..69693.30 rows=4523930 width=4) (actual time=0.031..3713.313 rows=4523930 loops=1)
              ->  Hash  (cost=67604.59..67604.59 rows=1553611 width=4) (actual time=6676.180..6676.180 rows=1555864 loops=1)
                    Buckets: 131072  Batches: 32  Memory Usage: 2740kB
                    ->  Seq Scan on title t  (cost=0.00..67604.59 rows=1553611 width=4) (actual time=0.021..4527.560 rows=1555864 loops=1)
                          Filter: (kind_id > 4)
                          Rows Removed by Filter: 972448
Planning time: 1.265 ms
Execution time: 90302.655 ms
