Hash Join  (cost=254614.16..846541.45 rows=8781246 width=0) (actual time=12978.225..71956.508 rows=73232134 loops=1)
  Hash Cond: (mi.movie_id = t.id)
  ->  Seq Scan on movie_info mi  (cost=0.00..309384.22 rows=14739122 width=4) (actual time=0.014..24267.495 rows=14835720 loops=1)
  ->  Hash  (cost=229898.65..229898.65 rows=1506441 width=8) (actual time=12977.537..12977.537 rows=1517580 loops=1)
        Buckets: 131072  Batches: 32  Memory Usage: 2943kB
        ->  Hash Join  (cost=102767.86..229898.65 rows=1506441 width=8) (actual time=5815.390..12471.488 rows=1517580 loops=1)
              Hash Cond: (mk.movie_id = t.id)
              ->  Seq Scan on movie_keyword mk  (cost=0.00..81003.12 rows=1506441 width=4) (actual time=0.014..4763.251 rows=1517580 loops=1)
                    Filter: (keyword_id < 2199)
                    Rows Removed by Filter: 3006350
              ->  Hash  (cost=61283.27..61283.27 rows=2528527 width=4) (actual time=5814.440..5814.440 rows=2528312 loops=1)
                    Buckets: 131072  Batches: 64  Memory Usage: 2425kB
                    ->  Seq Scan on title t  (cost=0.00..61283.27 rows=2528527 width=4) (actual time=0.020..4627.661 rows=2528312 loops=1)
Planning time: 1.053 ms
Execution time: 82410.432 ms
