Hash Join  (cost=365418.15..1539969.75 rows=23439155 width=0) (actual time=18042.665..94151.373 rows=81418629 loops=1)
  Hash Cond: (ci.movie_id = t.id)
  ->  Seq Scan on cast_info ci  (cost=0.00..705507.15 rows=13100675 width=4) (actual time=0.018..37800.142 rows=13057228 loops=1)
        Filter: (person_id < 1289917)
        Rows Removed by Filter: 23187116
  ->  Hash  (cost=291197.02..291197.02 rows=4523930 width=8) (actual time=18040.937..18040.937 rows=4523930 loops=1)
        Buckets: 131072  Batches: 64  Memory Usage: 3816kB
        ->  Hash Join  (cost=102767.86..291197.02 rows=4523930 width=8) (actual time=5337.521..16438.478 rows=4523930 loops=1)
              Hash Cond: (mk.movie_id = t.id)
              ->  Seq Scan on movie_keyword mk  (cost=0.00..69693.30 rows=4523930 width=4) (actual time=0.015..5545.438 rows=4523930 loops=1)
              ->  Hash  (cost=61283.27..61283.27 rows=2528527 width=4) (actual time=5336.287..5336.287 rows=2528312 loops=1)
                    Buckets: 131072  Batches: 64  Memory Usage: 2425kB
                    ->  Seq Scan on title t  (cost=0.00..61283.27 rows=2528527 width=4) (actual time=0.020..4087.038 rows=2528312 loops=1)
Planning time: 4.334 ms
Execution time: 106827.298 ms
