Seq Scan on movie_keyword mk  (cost=0.00..81003.12 rows=246 width=0) (actual time=0.458..3526.099 rows=368 loops=1)
  Filter: (keyword_id = 11868)
  Rows Removed by Filter: 4523562
Planning time: 0.334 ms
Execution time: 3526.434 ms
