Seq Scan on title t  (cost=0.00..73925.90 rows=141193 width=0) (actual time=0.028..3139.243 rows=132182 loops=1)
  Filter: ((kind_id < 2) AND (production_year > 2009))
  Rows Removed by Filter: 2396130
Planning time: 0.327 ms
Execution time: 3157.271 ms
