Hash Join  (cost=202185.16..349350.97 rows=2065377 width=0) (actual time=14966.187..18509.019 rows=1242284 loops=1)
  Hash Cond: (mk.movie_id = t.id)
  ->  Seq Scan on movie_keyword mk  (cost=0.00..69693.30 rows=4523930 width=4) (actual time=0.012..4921.514 rows=4523930 loops=1)
  ->  Hash  (cost=183245.34..183245.34 rows=1154386 width=8) (actual time=10620.456..10620.456 rows=453324 loops=1)
        Buckets: 131072  Batches: 16  Memory Usage: 2119kB
        ->  Hash Join  (cost=92280.96..183245.34 rows=1154386 width=8) (actual time=5473.700..10462.406 rows=453324 loops=1)
              Hash Cond: (mc.movie_id = t.id)
              ->  Seq Scan on movie_companies mc  (cost=0.00..44881.29 rows=2609129 width=4) (actual time=0.014..3202.200 rows=2609129 loops=1)
              ->  Hash  (cost=73925.90..73925.90 rows=1118724 width=4) (actual time=4964.919..4964.919 rows=1213086 loops=1)
                    Buckets: 131072  Batches: 16  Memory Usage: 3701kB
                    ->  Seq Scan on title t  (cost=0.00..73925.90 rows=1118724 width=4) (actual time=91.719..4460.758 rows=1213086 loops=1)
                          Filter: ((production_year > 1986) AND (kind_id = 7))
                          Rows Removed by Filter: 1315226
Planning time: 1.196 ms
Execution time: 18671.549 ms
