Seq Scan on title t  (cost=0.00..67604.59 rows=7437 width=0) (actual time=67.106..1050.988 rows=2202 loops=1)
  Filter: (production_year = 1940)
  Rows Removed by Filter: 2526110
Planning time: 0.410 ms
Execution time: 1051.728 ms
