Hash Join  (cost=76440.79..442200.98 rows=271038 width=0) (actual time=14305.532..22424.784 rows=365486 loops=1)
  Hash Cond: (mi.movie_id = t.id)
  ->  Seq Scan on movie_info mi  (cost=0.00..346232.03 rows=1272478 width=4) (actual time=10397.693..17148.227 rows=1325361 loops=1)
        Filter: (info_type_id = 8)
        Rows Removed by Filter: 13510359
  ->  Hash  (cost=67604.59..67604.59 rows=538576 width=4) (actual time=3906.463..3906.463 rows=538190 loops=1)
        Buckets: 131072  Batches: 8  Memory Usage: 3387kB
        ->  Seq Scan on title t  (cost=0.00..67604.59 rows=538576 width=4) (actual time=0.033..3630.185 rows=538190 loops=1)
              Filter: (production_year < 1982)
              Rows Removed by Filter: 1990122
Planning time: 0.827 ms
Execution time: 22484.672 ms
