Hash Join  (cost=204430.75..251467.09 rows=544586 width=0) (actual time=11054.891..13961.699 rows=1728659 loops=1)
  Hash Cond: (mi_idx.movie_id = t.id)
  ->  Seq Scan on movie_info_idx mi_idx  (cost=0.00..21735.35 rows=1380035 width=4) (actual time=0.019..1353.565 rows=1380035 loops=1)
  ->  Hash  (cost=188060.24..188060.24 rows=997801 width=8) (actual time=11054.057..11054.057 rows=1002081 loops=1)
        Buckets: 131072  Batches: 16  Memory Usage: 3445kB
        ->  Hash Join  (cost=102767.86..188060.24 rows=997801 width=8) (actual time=5489.301..10700.555 rows=1002081 loops=1)
              Hash Cond: (mc.movie_id = t.id)
              ->  Seq Scan on movie_companies mc  (cost=0.00..51404.11 rows=997801 width=4) (actual time=0.029..3381.526 rows=1002081 loops=1)
                    Filter: (company_id < 4686)
                    Rows Removed by Filter: 1607048
              ->  Hash  (cost=61283.27..61283.27 rows=2528527 width=4) (actual time=5488.231..5488.231 rows=2528312 loops=1)
                    Buckets: 131072  Batches: 64  Memory Usage: 2415kB
                    ->  Seq Scan on title t  (cost=0.00..61283.27 rows=2528527 width=4) (actual time=0.019..4375.569 rows=2528312 loops=1)
Planning time: 17.681 ms
Execution time: 14195.071 ms
