Hash Join  (cost=78930.19..563299.71 rows=2587033 width=0) (actual time=4073.264..32102.751 rows=4008405 loops=1)
  Hash Cond: (mi.movie_id = t.id)
  ->  Seq Scan on movie_info mi  (cost=0.00..346232.03 rows=9476311 width=4) (actual time=0.029..20309.810 rows=9565151 loops=1)
        Filter: (info_type_id < 16)
        Rows Removed by Filter: 5270569
  ->  Hash  (cost=67604.59..67604.59 rows=690288 width=4) (actual time=4072.189..4072.189 rows=684146 loops=1)
        Buckets: 131072  Batches: 16  Memory Usage: 2532kB
        ->  Seq Scan on title t  (cost=0.00..67604.59 rows=690288 width=4) (actual time=0.012..3498.713 rows=684146 loops=1)
              Filter: (production_year < 1990)
              Rows Removed by Filter: 1844166
Planning time: 6.258 ms
Execution time: 32732.952 ms
