Seq Scan on movie_keyword mk  (cost=0.00..81003.12 rows=1217376 width=0) (actual time=0.015..4062.161 rows=1226646 loops=1)
  Filter: (keyword_id > 14811)
  Rows Removed by Filter: 3297284
Planning time: 0.337 ms
Execution time: 4295.563 ms
