Hash Join  (cost=73962.22..100888.56 rows=1586 width=0) (actual time=1093.911..1729.727 rows=2853 loops=1)
  Hash Cond: (mi_idx.movie_id = t.id)
  ->  Seq Scan on movie_info_idx mi_idx  (cost=0.00..21735.35 rows=1380035 width=4) (actual time=0.030..369.615 rows=1380035 loops=1)
  ->  Hash  (cost=73925.90..73925.90 rows=2905 width=4) (actual time=1093.797..1093.797 rows=1956 loops=1)
        Buckets: 4096  Batches: 1  Memory Usage: 101kB
        ->  Seq Scan on title t  (cost=0.00..73925.90 rows=2905 width=4) (actual time=455.825..1092.709 rows=1956 loops=1)
              Filter: ((kind_id < 7) AND (production_year = 1943))
              Rows Removed by Filter: 2526356
Planning time: 0.777 ms
Execution time: 1730.266 ms
