Hash Join  (cost=83074.74..911299.96 rows=834 width=0) (actual time=20808.925..43244.007 rows=8450 loops=1)
  Hash Cond: (ci.movie_id = t.id)
  ->  Seq Scan on cast_info ci  (cost=0.00..796071.18 rows=8572185 width=4) (actual time=16830.758..37871.382 rows=5090022 loops=1)
        Filter: ((person_id < 1903044) AND (role_id > 2))
        Rows Removed by Filter: 31154322
  ->  Hash  (cost=83071.67..83071.67 rows=246 width=8) (actual time=3977.804..3977.804 rows=3714 loops=1)
        Buckets: 4096 (originally 1024)  Batches: 1 (originally 1)  Memory Usage: 178kB
        ->  Nested Loop  (cost=0.43..83071.67 rows=246 width=8) (actual time=48.611..3975.209 rows=3714 loops=1)
              ->  Seq Scan on movie_keyword mk  (cost=0.00..81003.12 rows=246 width=4) (actual time=48.488..3596.916 rows=3714 loops=1)
                    Filter: (keyword_id = 3673)
                    Rows Removed by Filter: 4520216
              ->  Index Only Scan using title_pkey on title t  (cost=0.43..8.40 rows=1 width=4) (actual time=0.100..0.101 rows=1 loops=3714)
                    Index Cond: (id = mk.movie_id)
                    Heap Fetches: 3714
Planning time: 1.255 ms
Execution time: 43246.826 ms
