Seq Scan on movie_companies mc  (cost=0.00..57926.93 rows=573042 width=0) (actual time=385.261..2190.506 rows=299112 loops=1)
  Filter: ((company_id > 12684) AND (company_type_id < 2))
  Rows Removed by Filter: 2310017
Planning time: 0.306 ms
Execution time: 2233.948 ms
