Nested Loop  (cost=44377.22..115883.93 rows=4272 width=0) (actual time=2218.536..5626.003 rows=19651 loops=1)
  Join Filter: (mc.movie_id = t.id)
  ->  Hash Join  (cost=44376.79..102824.82 rows=22119 width=8) (actual time=2218.479..4936.784 rows=19651 loops=1)
        Hash Cond: (mc.movie_id = mi_idx.movie_id)
        ->  Seq Scan on movie_companies mc  (cost=0.00..51404.11 rows=7827 width=4) (actual time=0.091..2438.018 rows=7560 loops=1)
              Filter: (company_id = 159)
              Rows Removed by Filter: 2601569
        ->  Hash  (cost=21735.35..21735.35 rows=1380035 width=4) (actual time=2204.442..2204.442 rows=1380035 loops=1)
              Buckets: 131072  Batches: 32  Memory Usage: 2540kB
              ->  Seq Scan on movie_info_idx mi_idx  (cost=0.00..21735.35 rows=1380035 width=4) (actual time=0.018..1426.727 rows=1380035 loops=1)
  ->  Index Only Scan using title_pkey on title t  (cost=0.43..0.58 rows=1 width=4) (actual time=0.034..0.034 rows=1 loops=19651)
        Index Cond: (id = mi_idx.movie_id)
        Heap Fetches: 19651
Planning time: 1.212 ms
Execution time: 5629.862 ms
