Hash Join  (cost=74478.21..914432.77 rows=598603 width=0) (actual time=3054.020..59800.841 rows=544302 loops=1)
  Hash Cond: (ci.movie_id = t.id)
  ->  Seq Scan on cast_info ci  (cost=0.00..705507.15 rows=34256369 width=4) (actual time=0.015..42713.741 rows=34237447 loops=1)
        Filter: (person_id < 3667606)
        Rows Removed by Filter: 2006897
  ->  Hash  (cost=73925.90..73925.90 rows=44184 width=4) (actual time=3053.631..3053.631 rows=35489 loops=1)
        Buckets: 65536  Batches: 1  Memory Usage: 1760kB
        ->  Seq Scan on title t  (cost=0.00..73925.90 rows=44184 width=4) (actual time=0.030..3035.768 rows=35489 loops=1)
              Filter: ((kind_id < 7) AND (production_year = 2007))
              Rows Removed by Filter: 2492823
Planning time: 0.645 ms
Execution time: 59963.781 ms
