Hash Join  (cost=176831.91..724883.26 rows=6395842 width=0) (actual time=7854.159..42727.287 rows=16056824 loops=1)
  Hash Cond: (mi.movie_id = t.id)
  ->  Seq Scan on movie_info mi  (cost=0.00..309384.22 rows=14739122 width=4) (actual time=0.013..19834.108 rows=14835720 loops=1)
  ->  Hash  (cost=158829.66..158829.66 rows=1097220 width=8) (actual time=7853.109..7853.109 rows=1104607 loops=1)
        Buckets: 131072  Batches: 16  Memory Usage: 3747kB
        ->  Hash Join  (cost=100586.94..158829.66 rows=1097220 width=8) (actual time=4716.754..7494.119 rows=1104607 loops=1)
              Hash Cond: (mi_idx.movie_id = t.id)
              ->  Seq Scan on movie_info_idx mi_idx  (cost=0.00..21735.35 rows=1380035 width=4) (actual time=0.013..1288.027 rows=1380035 loops=1)
              ->  Hash  (cost=67604.59..67604.59 rows=2010348 width=4) (actual time=4715.316..4715.316 rows=2004649 loops=1)
                    Buckets: 131072  Batches: 32  Memory Usage: 3233kB
                    ->  Seq Scan on title t  (cost=0.00..67604.59 rows=2010348 width=4) (actual time=0.013..3888.913 rows=2004649 loops=1)
                          Filter: (production_year > 1975)
                          Rows Removed by Filter: 523663
Planning time: 1.144 ms
Execution time: 44974.067 ms
