Nested Loop  (cost=0.43..52283.95 rows=94 width=0) (actual time=1263.630..2564.482 rows=1 loops=1)
  ->  Seq Scan on movie_companies mc  (cost=0.00..51404.11 rows=104 width=4) (actual time=1263.584..2564.435 rows=1 loops=1)
        Filter: (company_id = 223241)
        Rows Removed by Filter: 2609128
  ->  Index Scan using title_pkey on title t  (cost=0.43..8.45 rows=1 width=4) (actual time=0.042..0.043 rows=1 loops=1)
        Index Cond: (id = mc.movie_id)
        Filter: (production_year > 1953)
Planning time: 0.803 ms
Execution time: 2564.586 ms
