Hash Join  (cost=82257.13..121845.90 rows=183770 width=0) (actual time=4037.832..5718.373 rows=367024 loops=1)
  Hash Cond: (mi_idx.movie_id = t.id)
  ->  Seq Scan on movie_info_idx mi_idx  (cost=0.00..25185.44 rows=915101 width=4) (actual time=0.025..1767.191 rows=919850 loops=1)
        Filter: (info_type_id < 101)
        Rows Removed by Filter: 460185
  ->  Hash  (cost=73925.90..73925.90 rows=507778 width=4) (actual time=3111.745..3111.745 rows=524129 loops=1)
        Buckets: 131072  Batches: 8  Memory Usage: 3340kB
        ->  Seq Scan on title t  (cost=0.00..73925.90 rows=507778 width=4) (actual time=850.650..2893.953 rows=524129 loops=1)
              Filter: ((kind_id < 2) AND (production_year < 2010))
              Rows Removed by Filter: 2004183
Planning time: 2.731 ms
Execution time: 5766.750 ms
