Nested Loop  (cost=0.43..58358.52 rows=11 width=0) (actual time=1936.179..2746.269 rows=1 loops=1)
  ->  Seq Scan on movie_companies mc  (cost=0.00..57926.93 rows=51 width=4) (actual time=24.408..2741.890 rows=25 loops=1)
        Filter: ((company_type_id = 1) AND (company_id = 174))
        Rows Removed by Filter: 2609104
  ->  Index Scan using title_pkey on title t  (cost=0.43..8.45 rows=1 width=4) (actual time=0.171..0.171 rows=0 loops=25)
        Index Cond: (id = mc.movie_id)
        Filter: ((production_year > 1977) AND (kind_id = 1))
        Rows Removed by Filter: 1
Planning time: 3.355 ms
Execution time: 2746.393 ms
