Hash Join  (cost=74858.68..836338.77 rows=1069092 width=0) (actual time=3286.181..65936.854 rows=1408234 loops=1)
  Hash Cond: (ci.movie_id = t.id)
  ->  Seq Scan on cast_info ci  (cost=0.00..614943.12 rows=36225612 width=4) (actual time=0.013..38717.792 rows=36244344 loops=1)
  ->  Hash  (cost=73925.90..73925.90 rows=74622 width=4) (actual time=3280.653..3280.653 rows=93597 loops=1)
        Buckets: 131072 (originally 131072)  Batches: 2 (originally 1)  Memory Usage: 3073kB
        ->  Seq Scan on title t  (cost=0.00..73925.90 rows=74622 width=4) (actual time=0.145..3234.176 rows=93597 loops=1)
              Filter: ((kind_id > 3) AND (production_year = 2007))
              Rows Removed by Filter: 2434715
Planning time: 0.802 ms
Execution time: 66203.783 ms
