Nested Loop  (cost=0.43..58358.27 rows=51 width=0) (actual time=28.623..2146.237 rows=1502 loops=1)
  ->  Seq Scan on movie_companies mc  (cost=0.00..57926.93 rows=51 width=4) (actual time=24.217..2039.872 rows=1502 loops=1)
        Filter: ((company_id = 1700) AND (company_type_id = 1))
        Rows Removed by Filter: 2607627
  ->  Index Only Scan using title_pkey on title t  (cost=0.43..8.45 rows=1 width=4) (actual time=0.069..0.070 rows=1 loops=1502)
        Index Cond: (id = mc.movie_id)
        Heap Fetches: 1502
Planning time: 0.840 ms
Execution time: 2146.708 ms
