Seq Scan on title t  (cost=0.00..73925.90 rows=1109479 width=0) (actual time=0.017..3794.625 rows=1201090 loops=1)
  Filter: ((production_year > 1987) AND (kind_id = 7))
  Rows Removed by Filter: 1327222
Planning time: 0.367 ms
Execution time: 4020.866 ms
