Seq Scan on cast_info ci  (cost=0.00..705507.15 rows=500 width=0) (actual time=28094.057..31919.782 rows=4 loops=1)
  Filter: (person_id = 711035)
  Rows Removed by Filter: 36244340
Planning time: 0.360 ms
Execution time: 31919.870 ms
