Hash Join  (cost=109435.59..171099.92 rows=276728 width=144) (actual time=2213.931..3383.328 rows=141906 loops=1)
  Hash Cond: (mi_idx.movie_id = t.id)
  ->  Seq Scan on movie_info_idx mi_idx  (cost=0.00..25185.44 rows=454124 width=50) (actual time=0.027..537.840 rows=459925 loops=1)
        Filter: (info_type_id = 100)
        Rows Removed by Filter: 920110
  ->  Hash  (cost=67604.59..67604.59 rows=1540800 width=94) (actual time=2195.495..2195.495 rows=1543264 loops=1)
        Buckets: 32768  Batches: 64  Memory Usage: 3011kB
        ->  Seq Scan on title t  (cost=0.00..67604.59 rows=1540800 width=94) (actual time=0.015..1582.877 rows=1543264 loops=1)
              Filter: (kind_id = 7)
              Rows Removed by Filter: 985048
Planning time: 0.798 ms
Execution time: 3390.686 ms
