Hash Join  (cost=210045.25..689401.67 rows=1833703 width=0) (actual time=9468.547..36193.438 rows=906356 loops=1)
  Hash Cond: (mi.movie_id = t.id)
  ->  Seq Scan on movie_info mi  (cost=0.00..346232.03 rows=9767026 width=4) (actual time=0.018..21196.766 rows=9911754 loops=1)
        Filter: (info_type_id > 4)
        Rows Removed by Filter: 4923966
  ->  Hash  (cost=202256.29..202256.29 rows=474717 width=8) (actual time=9147.146..9147.146 rows=108016 loops=1)
        Buckets: 131072  Batches: 8  Memory Usage: 1561kB
        ->  Hash Join  (cost=80549.28..202256.29 rows=474717 width=8) (actual time=3307.264..9101.927 rows=108016 loops=1)
              Hash Cond: (mk.movie_id = t.id)
              ->  Seq Scan on movie_keyword mk  (cost=0.00..81003.12 rows=2973257 width=4) (actual time=0.020..4351.395 rows=2959231 loops=1)
                    Filter: (keyword_id < 10024)
                    Rows Removed by Filter: 1564699
              ->  Hash  (cost=73925.90..73925.90 rows=403710 width=4) (actual time=2958.940..2958.940 rows=434218 loops=1)
                    Buckets: 131072  Batches: 8  Memory Usage: 2941kB
                    ->  Seq Scan on title t  (cost=0.00..73925.90 rows=403710 width=4) (actual time=409.028..2781.891 rows=434218 loops=1)
                          Filter: ((production_year > 2008) AND (kind_id = 7))
                          Rows Removed by Filter: 2094094
Planning time: 1.062 ms
Execution time: 36333.115 ms
