Hash Join  (cost=67697.55..154488.65 rows=13306 width=0) (actual time=2595.858..4734.758 rows=24375 loops=1)
  Hash Cond: (mk.movie_id = t.id)
  ->  Seq Scan on movie_keyword mk  (cost=0.00..69693.30 rows=4523930 width=4) (actual time=0.020..1382.505 rows=4523930 loops=1)
  ->  Hash  (cost=67604.59..67604.59 rows=7437 width=4) (actual time=2594.936..2594.936 rows=13711 loops=1)
        Buckets: 16384 (originally 8192)  Batches: 1 (originally 1)  Memory Usage: 611kB
        ->  Seq Scan on title t  (cost=0.00..67604.59 rows=7437 width=4) (actual time=1.190..2587.861 rows=13711 loops=1)
              Filter: (production_year = 1966)
              Rows Removed by Filter: 2514601
Planning time: 0.749 ms
Execution time: 4737.656 ms
