Hash Join  (cost=67697.55..119407.28 rows=238 width=0) (actual time=2488.360..4008.781 rows=1881 loops=1)
  Hash Cond: (mc.movie_id = t.id)
  ->  Seq Scan on movie_companies mc  (cost=0.00..51404.11 rows=80864 width=4) (actual time=0.053..1501.912 rows=84071 loops=1)
        Filter: (company_id < 19)
        Rows Removed by Filter: 2525058
  ->  Hash  (cost=67604.59..67604.59 rows=7437 width=4) (actual time=2482.859..2482.859 rows=11073 loops=1)
        Buckets: 16384 (originally 8192)  Batches: 1 (originally 1)  Memory Usage: 518kB
        ->  Seq Scan on title t  (cost=0.00..67604.59 rows=7437 width=4) (actual time=0.239..2476.776 rows=11073 loops=1)
              Filter: (production_year = 1961)
              Rows Removed by Filter: 2517239
Planning time: 4.209 ms
Execution time: 4009.317 ms
