Hash Join  (cost=150406.72..181415.38 rows=15656 width=0) (actual time=6424.900..8482.685 rows=175423 loops=1)
  Hash Cond: (mi_idx.movie_id = t.id)
  ->  Seq Scan on movie_info_idx mi_idx  (cost=0.00..25185.44 rows=460978 width=4) (actual time=0.027..1415.263 rows=459925 loops=1)
        Filter: (info_type_id = 99)
        Rows Removed by Filter: 920110
  ->  Hash  (cost=148997.27..148997.27 rows=85876 width=8) (actual time=6424.121..6424.121 rows=370786 loops=1)
        Buckets: 131072 (originally 131072)  Batches: 8 (originally 2)  Memory Usage: 3073kB
        ->  Hash Join  (cost=83810.17..148997.27 rows=85876 width=8) (actual time=3587.662..6301.585 rows=370786 loops=1)
              Hash Cond: (mc.movie_id = t.id)
              ->  Seq Scan on movie_companies mc  (cost=0.00..57926.93 rows=219839 width=4) (actual time=0.025..2164.667 rows=436418 loops=1)
                    Filter: ((company_id > 78589) AND (company_type_id = 2))
                    Rows Removed by Filter: 2172711
              ->  Hash  (cost=67604.59..67604.59 rows=987727 width=4) (actual time=3586.800..3586.800 rows=985048 loops=1)
                    Buckets: 131072  Batches: 16  Memory Usage: 3188kB
                    ->  Seq Scan on title t  (cost=0.00..67604.59 rows=987727 width=4) (actual time=0.031..3173.997 rows=985048 loops=1)
                          Filter: (kind_id < 7)
                          Rows Removed by Filter: 1543264
Planning time: 23.049 ms
Execution time: 8503.704 ms
