Seq Scan on movie_keyword mk  (cost=0.00..81003.12 rows=305936 width=0) (actual time=9.367..3985.863 rows=323736 loops=1)
  Filter: (keyword_id < 262)
  Rows Removed by Filter: 4200194
Planning time: 0.330 ms
Execution time: 4029.979 ms
