Hash Join  (cost=144017.66..230840.49 rows=16480 width=0) (actual time=2337.693..4083.012 rows=13877 loops=1)
  Hash Cond: (mk.movie_id = t.id)
  ->  Seq Scan on movie_keyword mk  (cost=0.00..69693.30 rows=4523930 width=4) (actual time=0.013..982.561 rows=4523930 loops=1)
  ->  Hash  (cost=143902.52..143902.52 rows=9211 width=8) (actual time=2329.585..2329.585 rows=1993 loops=1)
        Buckets: 16384  Batches: 1  Memory Usage: 206kB
        ->  Hash Join  (cost=83198.94..143902.52 rows=9211 width=8) (actual time=1420.895..2328.501 rows=1993 loops=1)
              Hash Cond: (mc.movie_id = t.id)
              ->  Seq Scan on movie_companies mc  (cost=0.00..57926.93 rows=41208 width=4) (actual time=10.522..803.560 rows=17551 loops=1)
                    Filter: ((company_id < 19) AND (company_type_id = 2))
                    Rows Removed by Filter: 2591578
              ->  Hash  (cost=73925.90..73925.90 rows=565203 width=4) (actual time=1408.839..1408.839 rows=641785 loops=1)
                    Buckets: 131072  Batches: 8  Memory Usage: 3862kB
                    ->  Seq Scan on title t  (cost=0.00..73925.90 rows=565203 width=4) (actual time=0.024..1207.721 rows=641785 loops=1)
                          Filter: ((kind_id < 7) AND (production_year < 2006))
                          Rows Removed by Filter: 1886527
Planning time: 1.128 ms
Execution time: 4085.604 ms
