Hash Join  (cost=75411.94..985808.15 rows=342432 width=0) (actual time=3634.395..49741.072 rows=512193 loops=1)
  Hash Cond: (ci.movie_id = t.id)
  ->  Seq Scan on cast_info ci  (cost=0.00..796071.18 rows=9560723 width=4) (actual time=0.014..38940.805 rows=12006261 loops=1)
        Filter: ((person_id > 1454526) AND (role_id > 2))
        Rows Removed by Filter: 24238083
  ->  Hash  (cost=73925.90..73925.90 rows=90563 width=4) (actual time=3632.954..3632.954 rows=80990 loops=1)
        Buckets: 131072  Batches: 2  Memory Usage: 2450kB
        ->  Seq Scan on title t  (cost=0.00..73925.90 rows=90563 width=4) (actual time=0.027..3386.597 rows=80990 loops=1)
              Filter: ((kind_id < 7) AND (production_year > 2011))
              Rows Removed by Filter: 2447322
Planning time: 8.595 ms
Execution time: 49834.418 ms
