Hash Join  (cost=102767.86..181156.14 rows=710903 width=0) (actual time=4912.891..8699.770 rows=700248 loops=1)
  Hash Cond: (mc.movie_id = t.id)
  ->  Seq Scan on movie_companies mc  (cost=0.00..51404.11 rows=710903 width=4) (actual time=0.018..2687.503 rows=700248 loops=1)
        Filter: (company_id < 1302)
        Rows Removed by Filter: 1908881
  ->  Hash  (cost=61283.27..61283.27 rows=2528527 width=4) (actual time=4910.927..4910.927 rows=2528312 loops=1)
        Buckets: 131072  Batches: 64  Memory Usage: 2415kB
        ->  Seq Scan on title t  (cost=0.00..61283.27 rows=2528527 width=4) (actual time=0.018..3883.604 rows=2528312 loops=1)
Planning time: 0.640 ms
Execution time: 8785.894 ms
