Hash Join  (cost=85777.42..133842.40 rows=604549 width=0) (actual time=1555.197..3001.404 rows=488617 loops=1)
  Hash Cond: (mi_idx.movie_id = t.id)
  ->  Seq Scan on movie_info_idx mi_idx  (cost=0.00..21735.35 rows=1380035 width=4) (actual time=0.020..463.522 rows=1380035 loops=1)
  ->  Hash  (cost=67604.59..67604.59 rows=1107667 width=4) (actual time=1554.300..1554.300 rows=1107925 loops=1)
        Buckets: 131072  Batches: 16  Memory Usage: 3460kB
        ->  Seq Scan on title t  (cost=0.00..67604.59 rows=1107667 width=4) (actual time=0.025..1207.882 rows=1107925 loops=1)
              Filter: (production_year > 2004)
              Rows Removed by Filter: 1420387
Planning time: 0.764 ms
Execution time: 3060.742 ms
