Hash Join  (cost=94072.72..162996.19 rows=376285 width=0) (actual time=1857.104..3504.299 rows=462507 loops=1)
  Hash Cond: (mc.movie_id = t.id)
  ->  Seq Scan on movie_companies mc  (cost=0.00..51404.11 rows=774803 width=4) (actual time=0.021..905.058 rows=766407 loops=1)
        Filter: (company_id < 1595)
        Rows Removed by Filter: 1842722
  ->  Hash  (cost=73925.90..73925.90 rows=1227985 width=4) (actual time=1855.685..1855.685 rows=1197374 loops=1)
        Buckets: 131072  Batches: 32  Memory Usage: 2340kB
        ->  Seq Scan on title t  (cost=0.00..73925.90 rows=1227985 width=4) (actual time=0.006..1463.761 rows=1197374 loops=1)
              Filter: ((kind_id > 1) AND (production_year < 2008))
              Rows Removed by Filter: 1330938
Planning time: 0.790 ms
Execution time: 3561.213 ms
