Seq Scan on movie_keyword mk  (cost=0.00..81003.12 rows=246 width=0) (actual time=13.522..1244.778 rows=551 loops=1)
  Filter: (keyword_id = 661)
  Rows Removed by Filter: 4523379
Planning time: 0.249 ms
Execution time: 1245.084 ms
