Seq Scan on movie_keyword mk  (cost=0.00..81003.12 rows=2491910 width=0) (actual time=0.020..1530.219 rows=2487830 loops=1)
  Filter: (keyword_id > 3636)
  Rows Removed by Filter: 2036100
Planning time: 1.749 ms
Execution time: 1837.426 ms
