Nested Loop  (cost=0.43..58358.39 rows=16 width=0) (actual time=742.929..756.150 rows=1 loops=1)
  ->  Seq Scan on movie_companies mc  (cost=0.00..57926.93 rows=51 width=4) (actual time=742.854..756.073 rows=1 loops=1)
        Filter: ((company_id = 2724) AND (company_type_id = 1))
        Rows Removed by Filter: 2609128
  ->  Index Scan using title_pkey on title t  (cost=0.43..8.45 rows=1 width=4) (actual time=0.068..0.069 rows=1 loops=1)
        Index Cond: (id = mc.movie_id)
        Filter: (production_year > 2007)
Planning time: 0.817 ms
Execution time: 756.248 ms
