Hash Join  (cost=154621.39..520241.17 rows=96385 width=0) (actual time=2797.389..10458.716 rows=1147021 loops=1)
  Hash Cond: (mi.movie_id = t.id)
  ->  Seq Scan on movie_info mi  (cost=0.00..309384.22 rows=14739122 width=4) (actual time=0.021..4228.576 rows=14835720 loops=1)
  ->  Hash  (cost=154414.71..154414.71 rows=16535 width=8) (actual time=2796.993..2796.993 rows=21430 loops=1)
        Buckets: 32768  Batches: 1  Memory Usage: 1094kB
        ->  Hash Join  (cost=67976.49..154414.71 rows=16535 width=8) (actual time=1047.149..2788.782 rows=21430 loops=1)
              Hash Cond: (mk.movie_id = t.id)
              ->  Seq Scan on movie_keyword mk  (cost=0.00..81003.12 rows=1405265 width=4) (actual time=0.020..1456.954 rows=1423222 loops=1)
                    Filter: (keyword_id < 1960)
                    Rows Removed by Filter: 3100708
              ->  Hash  (cost=67604.59..67604.59 rows=29752 width=4) (actual time=1045.840..1045.840 rows=30027 loops=1)
                    Buckets: 32768  Batches: 1  Memory Usage: 1312kB
                    ->  Seq Scan on title t  (cost=0.00..67604.59 rows=29752 width=4) (actual time=0.022..1032.483 rows=30027 loops=1)
                          Filter: (production_year = 1994)
                          Rows Removed by Filter: 2498285
Planning time: 3.096 ms
Execution time: 10606.537 ms
