Hash Join  (cost=76379.89..216658.38 rows=884317 width=0) (actual time=1526.761..5238.429 rows=445131 loops=1)
  Hash Cond: (mk.movie_id = t.id)
  ->  Seq Scan on movie_keyword mk  (cost=0.00..81003.12 rows=4180852 width=4) (actual time=0.025..1887.256 rows=4162908 loops=1)
        Filter: (keyword_id > 323)
        Rows Removed by Filter: 361022
  ->  Hash  (cost=67604.59..67604.59 rows=534824 width=4) (actual time=1226.913..1226.913 rows=533369 loops=1)
        Buckets: 131072  Batches: 8  Memory Usage: 3376kB
        ->  Seq Scan on title t  (cost=0.00..67604.59 rows=534824 width=4) (actual time=0.011..1043.103 rows=533369 loops=1)
              Filter: (production_year > 2009)
              Rows Removed by Filter: 1994943
Planning time: 0.789 ms
Execution time: 5288.490 ms
