Hash Join  (cost=199174.77..1072593.30 rows=1210634 width=0) (actual time=7555.949..22901.226 rows=4322134 loops=1)
  Hash Cond: (ci.movie_id = t.id)
  ->  Seq Scan on cast_info ci  (cost=0.00..705507.15 rows=12083007 width=4) (actual time=3141.956..12335.276 rows=12142731 loops=1)
        Filter: (person_id > 2472125)
        Rows Removed by Filter: 24101613
  ->  Hash  (cost=195018.01..195018.01 rows=253341 width=8) (actual time=4412.816..4412.816 rows=176344 loops=1)
        Buckets: 131072  Batches: 4  Memory Usage: 2694kB
        ->  Hash Join  (cost=69928.56..195018.01 rows=253341 width=8) (actual time=1211.239..4105.493 rows=176344 loops=1)
              Hash Cond: (mk.movie_id = t.id)
              ->  Seq Scan on movie_keyword mk  (cost=0.00..69693.30 rows=4523930 width=4) (actual time=0.022..1487.675 rows=4523930 loops=1)
              ->  Hash  (cost=67604.59..67604.59 rows=141598 width=4) (actual time=1210.231..1210.231 rows=141703 loops=1)
                    Buckets: 131072  Batches: 2  Memory Usage: 3517kB
                    ->  Seq Scan on title t  (cost=0.00..67604.59 rows=141598 width=4) (actual time=0.030..1155.256 rows=141703 loops=1)
                          Filter: (production_year = 2010)
                          Rows Removed by Filter: 2386609
Planning time: 1.237 ms
Execution time: 23419.517 ms
