Hash Join  (cost=455647.49..1337294.52 rows=773833 width=0) (actual time=8230.858..19730.446 rows=139 loops=1)
  Hash Cond: (ci.movie_id = t.id)
  ->  Seq Scan on cast_info ci  (cost=0.00..796071.18 rows=6632141 width=4) (actual time=1105.382..12517.323 rows=251306 loops=1)
        Filter: ((person_id > 1702095) AND (role_id = 1))
        Rows Removed by Filter: 35993038
  ->  Hash  (cost=450806.67..450806.67 rows=295026 width=8) (actual time=7124.354..7124.354 rows=1706 loops=1)
        Buckets: 131072  Batches: 4  Memory Usage: 1041kB
        ->  Hash Join  (cost=81821.64..450806.67 rows=295026 width=8) (actual time=2532.073..7123.058 rows=1706 loops=1)
              Hash Cond: (mi.movie_id = t.id)
              ->  Seq Scan on movie_info mi  (cost=0.00..346232.03 rows=1550064 width=4) (actual time=1113.204..4834.412 rows=1533909 loops=1)
                    Filter: (info_type_id = 3)
                    Rows Removed by Filter: 13301811
              ->  Hash  (cost=73925.90..73925.90 rows=481259 width=4) (actual time=1417.240..1417.240 rows=518327 loops=1)
                    Buckets: 131072  Batches: 8  Memory Usage: 3307kB
                    ->  Seq Scan on title t  (cost=0.00..73925.90 rows=481259 width=4) (actual time=0.030..1245.736 rows=518327 loops=1)
                          Filter: ((production_year > 2007) AND (kind_id = 7))
                          Rows Removed by Filter: 2009985
Planning time: 1.148 ms
Execution time: 19730.879 ms
