Seq Scan on movie_keyword mk  (cost=0.00..81003.12 rows=4497339 width=0) (actual time=0.017..1617.077 rows=4500801 loops=1)
  Filter: (keyword_id < 115069)
  Rows Removed by Filter: 23129
Planning time: 0.313 ms
Execution time: 2193.867 ms
