Nested Loop  (cost=0.43..83072.90 rows=8 width=0) (actual time=764.755..1385.902 rows=2 loops=1)
  ->  Seq Scan on movie_keyword mk  (cost=0.00..81003.12 rows=246 width=4) (actual time=12.479..1378.650 rows=153 loops=1)
        Filter: (keyword_id = 5211)
        Rows Removed by Filter: 4523777
  ->  Index Scan using title_pkey on title t  (cost=0.43..8.40 rows=1 width=4) (actual time=0.044..0.044 rows=0 loops=153)
        Index Cond: (id = mk.movie_id)
        Filter: ((kind_id > 1) AND (production_year = 2007))
        Rows Removed by Filter: 1
Planning time: 0.781 ms
Execution time: 1386.019 ms
