Seq Scan on cast_info ci  (cost=0.00..796071.18 rows=451013 width=0) (actual time=548.272..11435.068 rows=753010 loops=1)
  Filter: ((person_id > 2764171) AND (role_id = 8))
  Rows Removed by Filter: 35491334
Planning time: 0.348 ms
Execution time: 11530.689 ms
