Seq Scan on movie_companies mc  (cost=0.00..57926.93 rows=421313 width=0) (actual time=0.024..860.667 rows=102189 loops=1)
  Filter: ((company_id > 23893) AND (company_type_id = 1))
  Rows Removed by Filter: 2506940
Planning time: 0.394 ms
Execution time: 873.175 ms
