Hash Join  (cost=249844.88..663306.89 rows=1990114 width=0) (actual time=5586.148..14738.467 rows=5454157 loops=1)
  Hash Cond: (mi.movie_id = t.id)
  ->  Seq Scan on movie_info mi  (cost=0.00..346232.03 rows=3623957 width=4) (actual time=220.011..5832.433 rows=3624977 loops=1)
        Filter: (info_type_id < 4)
        Rows Removed by Filter: 11210743
  ->  Hash  (cost=227062.97..227062.97 rows=1388553 width=8) (actual time=5365.319..5365.319 rows=1402256 loops=1)
        Buckets: 131072  Batches: 32  Memory Usage: 2807kB
        ->  Hash Join  (cost=102767.86..227062.97 rows=1388553 width=8) (actual time=1910.188..4934.305 rows=1402256 loops=1)
              Hash Cond: (mk.movie_id = t.id)
              ->  Seq Scan on movie_keyword mk  (cost=0.00..81003.12 rows=1388553 width=4) (actual time=0.029..1483.133 rows=1402256 loops=1)
                    Filter: (keyword_id < 1906)
                    Rows Removed by Filter: 3121674
              ->  Hash  (cost=61283.27..61283.27 rows=2528527 width=4) (actual time=1909.467..1909.467 rows=2528312 loops=1)
                    Buckets: 131072  Batches: 64  Memory Usage: 2425kB
                    ->  Seq Scan on title t  (cost=0.00..61283.27 rows=2528527 width=4) (actual time=0.013..1024.278 rows=2528312 loops=1)
Planning time: 1.206 ms
Execution time: 15376.368 ms
