Hash Join  (cost=245183.77..868107.66 rows=11686206 width=0) (actual time=5445.980..31510.375 rows=58021539 loops=1)
  Hash Cond: (mi.movie_id = t.id)
  ->  Seq Scan on movie_info mi  (cost=0.00..309384.22 rows=14739122 width=4) (actual time=0.020..6214.381 rows=14835720 loops=1)
  ->  Hash  (cost=212291.86..212291.86 rows=2004793 width=8) (actual time=5445.135..5445.135 rows=1999387 loops=1)
        Buckets: 131072  Batches: 32  Memory Usage: 3505kB
        ->  Hash Join  (cost=102767.86..212291.86 rows=2004793 width=8) (actual time=1845.245..4898.133 rows=1999387 loops=1)
              Hash Cond: (mc.movie_id = t.id)
              ->  Seq Scan on movie_companies mc  (cost=0.00..51404.11 rows=2004793 width=4) (actual time=0.022..1052.815 rows=1999387 loops=1)
                    Filter: (company_id < 65035)
                    Rows Removed by Filter: 609742
              ->  Hash  (cost=61283.27..61283.27 rows=2528527 width=4) (actual time=1843.871..1843.871 rows=2528312 loops=1)
                    Buckets: 131072  Batches: 64  Memory Usage: 2415kB
                    ->  Seq Scan on title t  (cost=0.00..61283.27 rows=2528527 width=4) (actual time=0.016..1005.594 rows=2528312 loops=1)
Planning time: 1.211 ms
Execution time: 37369.788 ms
