Hash Join  (cost=67697.55..432786.99 rows=43351 width=0) (actual time=1290.556..8653.498 rows=47785 loops=1)
  Hash Cond: (mi.movie_id = t.id)
  ->  Seq Scan on movie_info mi  (cost=0.00..309384.22 rows=14739122 width=4) (actual time=0.012..4471.312 rows=14835720 loops=1)
  ->  Hash  (cost=67604.59..67604.59 rows=7437 width=4) (actual time=1153.121..1153.121 rows=4514 loops=1)
        Buckets: 8192  Batches: 1  Memory Usage: 223kB
        ->  Seq Scan on title t  (cost=0.00..67604.59 rows=7437 width=4) (actual time=109.970..1150.934 rows=4514 loops=1)
              Filter: (production_year = 1917)
              Rows Removed by Filter: 2523798
Planning time: 0.816 ms
Execution time: 8662.001 ms
