Seq Scan on cast_info ci  (cost=0.00..796071.18 rows=5867602 width=0) (actual time=0.024..15382.646 rows=7450612 loops=1)
  Filter: ((person_id > 680624) AND (role_id = 2))
  Rows Removed by Filter: 28793732
Planning time: 0.457 ms
Execution time: 16319.908 ms
