Seq Scan on movie_keyword mk  (cost=0.00..81003.12 rows=2634077 width=0) (actual time=0.025..1556.787 rows=2622141 loops=1)
  Filter: (keyword_id > 3260)
  Rows Removed by Filter: 1901789
Planning time: 0.330 ms
Execution time: 1878.394 ms
