Hash Join  (cost=76843.29..1136813.16 rows=2547170 width=0) (actual time=1291.794..31700.441 rows=3309162 loops=1)
  Hash Cond: (ci.movie_id = t.id)
  ->  Seq Scan on cast_info ci  (cost=0.00..614943.12 rows=36225612 width=4) (actual time=0.007..13059.517 rows=36244344 loops=1)
  ->  Hash  (cost=73925.90..73925.90 rows=177791 width=4) (actual time=1290.995..1290.995 rows=282025 loops=1)
        Buckets: 131072  Batches: 4  Memory Usage: 3508kB
        ->  Seq Scan on title t  (cost=0.00..73925.90 rows=177791 width=4) (actual time=0.016..1176.298 rows=282025 loops=1)
              Filter: ((kind_id < 7) AND (production_year < 1976))
              Rows Removed by Filter: 2246287
Planning time: 0.518 ms
Execution time: 32087.001 ms
