Hash Join  (cost=73962.22..100881.62 rows=530 width=0) (actual time=891.354..1148.785 rows=280 loops=1)
  Hash Cond: (mi_idx.movie_id = t.id)
  ->  Seq Scan on movie_info_idx mi_idx  (cost=0.00..25185.44 rows=460978 width=4) (actual time=0.018..258.233 rows=459925 loops=1)
        Filter: (info_type_id = 99)
        Rows Removed by Filter: 920110
  ->  Hash  (cost=73925.90..73925.90 rows=2905 width=4) (actual time=829.403..829.403 rows=7770 loops=1)
        Buckets: 8192 (originally 4096)  Batches: 1 (originally 1)  Memory Usage: 338kB
        ->  Seq Scan on title t  (cost=0.00..73925.90 rows=2905 width=4) (actual time=393.647..826.267 rows=7770 loops=1)
              Filter: ((kind_id < 7) AND (production_year = 1912))
              Rows Removed by Filter: 2520542
Planning time: 0.796 ms
Execution time: 1148.993 ms
