Hash Join  (cost=171522.90..1066380.48 rows=1388590 width=0) (actual time=6392.765..19463.491 rows=1530275 loops=1)
  Hash Cond: (ci.movie_id = t.id)
  ->  Seq Scan on cast_info ci  (cost=0.00..796071.18 rows=7177466 width=4) (actual time=2156.357..13986.339 rows=1370055 loops=1)
        Filter: ((person_id > 1549201) AND (role_id = 1))
        Rows Removed by Filter: 34874289
  ->  Hash  (cost=163497.12..163497.12 rows=489182 width=8) (actual time=4235.324..4235.324 rows=1071583 loops=1)
        Buckets: 131072 (originally 131072)  Batches: 16 (originally 8)  Memory Usage: 3636kB
        ->  Hash Join  (cost=81703.78..163497.12 rows=489182 width=8) (actual time=1280.950..3912.283 rows=1071583 loops=1)
              Hash Cond: (mc.movie_id = t.id)
              ->  Seq Scan on movie_companies mc  (cost=0.00..44881.29 rows=2609129 width=4) (actual time=0.018..993.563 rows=2609129 loops=1)
              ->  Hash  (cost=73925.90..73925.90 rows=474070 width=4) (actual time=1274.414..1274.414 rows=496025 loops=1)
                    Buckets: 131072  Batches: 8  Memory Usage: 3214kB
                    ->  Seq Scan on title t  (cost=0.00..73925.90 rows=474070 width=4) (actual time=0.020..1120.068 rows=496025 loops=1)
                          Filter: ((production_year < 2009) AND (kind_id = 1))
                          Rows Removed by Filter: 2032287
Planning time: 1.235 ms
Execution time: 19638.744 ms
