Hash Join  (cost=513038.35..639341.98 rows=1258324 width=0) (actual time=9459.771..13892.034 rows=7067574 loops=1)
  Hash Cond: (mk.movie_id = t.id)
  ->  Seq Scan on movie_keyword mk  (cost=0.00..81003.12 rows=2377402 width=4) (actual time=0.029..1646.351 rows=2369544 loops=1)
        Filter: (keyword_id > 4066)
        Rows Removed by Filter: 2154386
  ->  Hash  (cost=491081.45..491081.45 rows=1338312 width=8) (actual time=9458.622..9458.622 rows=1401902 loops=1)
        Buckets: 131072  Batches: 32  Memory Usage: 2722kB
        ->  Hash Join  (cost=102767.86..491081.45 rows=1338312 width=8) (actual time=1957.345..9024.707 rows=1401902 loops=1)
              Hash Cond: (mi.movie_id = t.id)
              ->  Seq Scan on movie_info mi  (cost=0.00..346232.03 rows=1338312 width=4) (actual time=0.025..5442.930 rows=1401902 loops=1)
                    Filter: (info_type_id = 7)
                    Rows Removed by Filter: 13433818
              ->  Hash  (cost=61283.27..61283.27 rows=2528527 width=4) (actual time=1955.478..1955.478 rows=2528312 loops=1)
                    Buckets: 131072  Batches: 64  Memory Usage: 2425kB
                    ->  Seq Scan on title t  (cost=0.00..61283.27 rows=2528527 width=4) (actual time=0.006..1089.380 rows=2528312 loops=1)
Planning time: 1.133 ms
Execution time: 14647.458 ms
