Hash Join  (cost=198429.68..335436.27 rows=1231555 width=0) (actual time=4874.817..10013.493 rows=6264787 loops=1)
  Hash Cond: (mk.movie_id = t.id)
  ->  Seq Scan on movie_keyword mk  (cost=0.00..69693.30 rows=4523930 width=4) (actual time=0.022..1414.266 rows=4523930 loops=1)
  ->  Hash  (cost=187136.38..187136.38 rows=688344 width=8) (actual time=4873.157..4873.157 rows=927775 loops=1)
        Buckets: 131072  Batches: 16  Memory Usage: 3309kB
        ->  Hash Join  (cost=102767.86..187136.38 rows=688344 width=8) (actual time=2055.613..4589.054 rows=927775 loops=1)
              Hash Cond: (mc.movie_id = t.id)
              ->  Seq Scan on movie_companies mc  (cost=0.00..57926.93 rows=688344 width=4) (actual time=0.031..1036.404 rows=927775 loops=1)
                    Filter: ((company_id > 11149) AND (company_type_id > 1))
                    Rows Removed by Filter: 1681354
              ->  Hash  (cost=61283.27..61283.27 rows=2528527 width=4) (actual time=2053.969..2053.969 rows=2528312 loops=1)
                    Buckets: 131072  Batches: 64  Memory Usage: 2415kB
                    ->  Seq Scan on title t  (cost=0.00..61283.27 rows=2528527 width=4) (actual time=0.012..1190.120 rows=2528312 loops=1)
Planning time: 1.109 ms
Execution time: 10804.234 ms
