Hash Join  (cost=67697.55..158487.91 rows=7617 width=0) (actual time=1108.484..3113.386 rows=31546 loops=1)
  Hash Cond: (mk.movie_id = t.id)
  ->  Seq Scan on movie_keyword mk  (cost=0.00..81003.12 rows=2589618 width=4) (actual time=0.023..1553.837 rows=2579921 loops=1)
        Filter: (keyword_id < 6722)
        Rows Removed by Filter: 1944009
  ->  Hash  (cost=67604.59..67604.59 rows=7437 width=4) (actual time=1106.584..1106.584 rows=23799 loops=1)
        Buckets: 32768 (originally 8192)  Batches: 1 (originally 1)  Memory Usage: 1093kB
        ->  Seq Scan on title t  (cost=0.00..67604.59 rows=7437 width=4) (actual time=0.022..1096.102 rows=23799 loops=1)
              Filter: (production_year = 1991)
              Rows Removed by Filter: 2504513
Planning time: 1.168 ms
Execution time: 3118.067 ms
