Seq Scan on title t  (cost=0.00..73925.90 rows=774883 width=0) (actual time=0.018..1153.642 rows=844431 loops=1)
  Filter: ((kind_id > 4) AND (production_year > 2002))
  Rows Removed by Filter: 1683881
Planning time: 0.344 ms
Execution time: 1261.178 ms
