Hash Join  (cost=513437.85..655039.62 rows=1746197 width=0) (actual time=9315.041..13895.065 rows=3767600 loops=1)
  Hash Cond: (mk.movie_id = t.id)
  ->  Seq Scan on movie_keyword mk  (cost=0.00..81003.12 rows=3275114 width=4) (actual time=0.012..1622.695 rows=3258416 loops=1)
        Filter: (keyword_id > 1615)
        Rows Removed by Filter: 1265514
  ->  Hash  (cost=491319.12..491319.12 rows=1348138 width=8) (actual time=9314.352..9314.352 rows=1298989 loops=1)
        Buckets: 131072  Batches: 32  Memory Usage: 2610kB
        ->  Hash Join  (cost=102767.86..491319.12 rows=1348138 width=8) (actual time=3752.744..8972.786 rows=1298989 loops=1)
              Hash Cond: (mi.movie_id = t.id)
              ->  Seq Scan on movie_info mi  (cost=0.00..346232.03 rows=1348138 width=4) (actual time=944.742..4703.662 rows=1298989 loops=1)
                    Filter: (info_type_id = 4)
                    Rows Removed by Filter: 13536731
              ->  Hash  (cost=61283.27..61283.27 rows=2528527 width=4) (actual time=2806.653..2806.653 rows=2528312 loops=1)
                    Buckets: 131072  Batches: 64  Memory Usage: 2425kB
                    ->  Seq Scan on title t  (cost=0.00..61283.27 rows=2528527 width=4) (actual time=0.033..1120.049 rows=2528312 loops=1)
Planning time: 0.937 ms
Execution time: 14337.507 ms
