Hash Join  (cost=74737.60..134941.86 rows=14596 width=0) (actual time=1392.380..2614.243 rows=40998 loops=1)
  Hash Cond: (mc.movie_id = t.id)
  ->  Seq Scan on movie_companies mc  (cost=0.00..57926.93 rows=568363 width=4) (actual time=0.016..999.460 rows=860766 loops=1)
        Filter: ((company_id > 13603) AND (company_type_id > 1))
        Rows Removed by Filter: 1748363
  ->  Hash  (cost=73925.90..73925.90 rows=64936 width=4) (actual time=1282.299..1282.299 rows=91220 loops=1)
        Buckets: 131072 (originally 65536)  Batches: 2 (originally 1)  Memory Usage: 3073kB
        ->  Seq Scan on title t  (cost=0.00..73925.90 rows=64936 width=4) (actual time=0.023..1237.943 rows=91220 loops=1)
              Filter: ((production_year > 1999) AND (kind_id = 4))
              Rows Removed by Filter: 2437092
Planning time: 0.816 ms
Execution time: 2620.215 ms
