Seq Scan on cast_info ci  (cost=0.00..796071.18 rows=21062283 width=0) (actual time=3578.470..17039.588 rows=19791013 loops=1)
  Filter: ((person_id < 3369658) AND (role_id > 1))
  Rows Removed by Filter: 16453331
Planning time: 0.319 ms
Execution time: 19501.969 ms
