Hash Join  (cost=80193.64..445544.78 rows=203660 width=0) (actual time=6155.832..21188.277 rows=395323 loops=1)
  Hash Cond: (mi.movie_id = t.id)
  ->  Seq Scan on movie_info mi  (cost=0.00..346232.03 rows=1348138 width=4) (actual time=1343.022..16012.484 rows=1298989 loops=1)
        Filter: (info_type_id = 4)
        Rows Removed by Filter: 13536731
  ->  Hash  (cost=73925.90..73925.90 rows=381979 width=4) (actual time=4104.691..4104.691 rows=440029 loops=1)
        Buckets: 131072  Batches: 8  Memory Usage: 2976kB
        ->  Seq Scan on title t  (cost=0.00..73925.90 rows=381979 width=4) (actual time=138.782..3898.830 rows=440029 loops=1)
              Filter: ((production_year < 2006) AND (kind_id = 1))
              Rows Removed by Filter: 2088283
Planning time: 5.243 ms
Execution time: 21238.101 ms
