Nested Loop  (cost=0.43..83071.67 rows=246 width=0) (actual time=35.198..1182.106 rows=141 loops=1)
  ->  Seq Scan on movie_keyword mk  (cost=0.00..81003.12 rows=246 width=4) (actual time=35.129..1176.206 rows=141 loops=1)
        Filter: (keyword_id = 7860)
        Rows Removed by Filter: 4523789
  ->  Index Only Scan using title_pkey on title t  (cost=0.43..8.40 rows=1 width=4) (actual time=0.038..0.039 rows=1 loops=141)
        Index Cond: (id = mk.movie_id)
        Heap Fetches: 141
Planning time: 0.705 ms
Execution time: 1182.257 ms
