Hash Join  (cost=74346.17..163570.03 rows=28151 width=0) (actual time=1190.362..4367.233 rows=57615 loops=1)
  Hash Cond: (mk.movie_id = t.id)
  ->  Seq Scan on movie_keyword mk  (cost=0.00..81003.12 rows=2117127 width=4) (actual time=0.019..2743.859 rows=2114790 loops=1)
        Filter: (keyword_id > 5635)
        Rows Removed by Filter: 2409140
  ->  Hash  (cost=73925.90..73925.90 rows=33621 width=4) (actual time=1189.888..1189.888 rows=28104 loops=1)
        Buckets: 65536  Batches: 1  Memory Usage: 1501kB
        ->  Seq Scan on title t  (cost=0.00..73925.90 rows=33621 width=4) (actual time=0.028..1178.768 rows=28104 loops=1)
              Filter: ((kind_id = 1) AND (production_year = 2009))
              Rows Removed by Filter: 2500208
Planning time: 0.714 ms
Execution time: 4375.924 ms
