Hash Join  (cost=74698.31..206125.27 rows=773592 width=0) (actual time=1258.379..4820.328 rows=1076130 loops=1)
  Hash Cond: (mk.movie_id = t.id)
  ->  Seq Scan on movie_keyword mk  (cost=0.00..69693.30 rows=4523930 width=4) (actual time=0.017..1421.190 rows=4523930 loops=1)
  ->  Hash  (cost=67604.59..67604.59 rows=432378 width=4) (actual time=1257.569..1257.569 rows=423779 loops=1)
        Buckets: 131072  Batches: 8  Memory Usage: 2891kB
        ->  Seq Scan on title t  (cost=0.00..67604.59 rows=432378 width=4) (actual time=0.018..1119.451 rows=423779 loops=1)
              Filter: (production_year < 1974)
              Rows Removed by Filter: 2104533
Planning time: 0.721 ms
Execution time: 4953.642 ms
