Seq Scan on cast_info ci  (cost=0.00..796071.18 rows=6343050 width=0) (actual time=9600.306..12157.016 rows=1181363 loops=1)
  Filter: ((person_id > 2549547) AND (role_id < 3))
  Rows Removed by Filter: 35062981
Planning time: 0.318 ms
Execution time: 12302.168 ms
