Hash Join  (cost=101578.85..194513.11 rows=20228 width=0) (actual time=1800.370..3866.708 rows=52920 loops=1)
  Hash Cond: (mk.movie_id = t.id)
  ->  Seq Scan on movie_keyword mk  (cost=0.00..81003.12 rows=3127695 width=4) (actual time=0.027..1575.197 rows=3112859 loops=1)
        Filter: (keyword_id < 11851)
        Rows Removed by Filter: 1411071
  ->  Hash  (cost=101374.44..101374.44 rows=16353 width=8) (actual time=1800.175..1800.175 rows=17733 loops=1)
        Buckets: 32768 (originally 16384)  Batches: 1 (originally 1)  Memory Usage: 949kB
        ->  Hash Join  (cost=74300.43..101374.44 rows=16353 width=8) (actual time=1183.066..1794.455 rows=17733 loops=1)
              Hash Cond: (mi_idx.movie_id = t.id)
              ->  Seq Scan on movie_info_idx mi_idx  (cost=0.00..21735.35 rows=1380035 width=4) (actual time=0.021..308.384 rows=1380035 loops=1)
              ->  Hash  (cost=73925.90..73925.90 rows=29962 width=4) (actual time=1182.207..1182.207 rows=32487 loops=1)
                    Buckets: 32768  Batches: 1  Memory Usage: 1399kB
                    ->  Seq Scan on title t  (cost=0.00..73925.90 rows=29962 width=4) (actual time=0.022..1168.498 rows=32487 loops=1)
                          Filter: ((kind_id > 1) AND (production_year = 1997))
                          Rows Removed by Filter: 2495825
Planning time: 2.423 ms
Execution time: 3873.555 ms
