Hash Join  (cost=74071.18..439404.57 rows=67746 width=0) (actual time=3401.584..23298.369 rows=122740 loops=1)
  Hash Cond: (mi.movie_id = t.id)
  ->  Seq Scan on movie_info mi  (cost=0.00..309384.22 rows=14739122 width=4) (actual time=0.019..15381.580 rows=14835720 loops=1)
  ->  Hash  (cost=73925.90..73925.90 rows=11622 width=4) (actual time=3400.919..3400.919 rows=11141 loops=1)
        Buckets: 16384  Batches: 1  Memory Usage: 520kB
        ->  Seq Scan on title t  (cost=0.00..73925.90 rows=11622 width=4) (actual time=4.775..3395.419 rows=11141 loops=1)
              Filter: ((kind_id < 7) AND (production_year = 1994))
              Rows Removed by Filter: 2517171
Planning time: 0.709 ms
Execution time: 23320.191 ms
