Hash Join  (cost=102767.86..283959.72 rows=3753153 width=0) (actual time=1955.788..6821.970 rows=3749292 loops=1)
  Hash Cond: (mk.movie_id = t.id)
  ->  Seq Scan on movie_keyword mk  (cost=0.00..81003.12 rows=3753153 width=4) (actual time=0.023..1760.041 rows=3749292 loops=1)
        Filter: (keyword_id > 731)
        Rows Removed by Filter: 774638
  ->  Hash  (cost=61283.27..61283.27 rows=2528527 width=4) (actual time=1953.517..1953.517 rows=2528312 loops=1)
        Buckets: 131072  Batches: 64  Memory Usage: 2425kB
        ->  Seq Scan on title t  (cost=0.00..61283.27 rows=2528527 width=4) (actual time=0.012..1072.958 rows=2528312 loops=1)
Planning time: 0.794 ms
Execution time: 7251.984 ms
