Seq Scan on title t  (cost=0.00..73925.90 rows=182236 width=0) (actual time=119.886..2926.133 rows=315565 loops=1)
  Filter: ((production_year < 1990) AND (kind_id = 1))
  Rows Removed by Filter: 2212747
Planning time: 0.361 ms
Execution time: 2976.677 ms
