Hash Join  (cost=102767.86..937031.63 rows=1176652 width=0) (actual time=40623.252..47478.761 rows=865629 loops=1)
  Hash Cond: (ci.movie_id = t.id)
  ->  Seq Scan on cast_info ci  (cost=0.00..796071.18 rows=1176652 width=4) (actual time=34920.946..40305.718 rows=865629 loops=1)
        Filter: ((person_id < 2519671) AND (role_id = 8))
        Rows Removed by Filter: 35378715
  ->  Hash  (cost=61283.27..61283.27 rows=2528527 width=4) (actual time=5701.009..5701.009 rows=2528312 loops=1)
        Buckets: 131072  Batches: 64  Memory Usage: 2415kB
        ->  Seq Scan on title t  (cost=0.00..61283.27 rows=2528527 width=4) (actual time=0.025..4207.146 rows=2528312 loops=1)
Planning time: 9.100 ms
Execution time: 47628.474 ms
