Seq Scan on cast_info ci  (cost=0.00..705507.15 rows=5852992 width=0) (actual time=0.019..34348.482 rows=5771076 loops=1)
  Filter: (person_id < 559241)
  Rows Removed by Filter: 30473268
Planning time: 0.278 ms
Execution time: 35448.284 ms
