Seq Scan on cast_info ci  (cost=0.00..796071.18 rows=1424061 width=0) (actual time=15390.235..35837.939 rows=2834725 loops=1)
  Filter: ((person_id < 376707) AND (role_id < 2))
  Rows Removed by Filter: 33409619
Planning time: 0.367 ms
Execution time: 36390.678 ms
