Hash Join  (cost=73950.44..100871.63 rows=1071 width=0) (actual time=701.966..953.663 rows=777 loops=1)
  Hash Cond: (mi_idx.movie_id = t.id)
  ->  Seq Scan on movie_info_idx mi_idx  (cost=0.00..21735.35 rows=1380035 width=4) (actual time=0.023..112.830 rows=1380035 loops=1)
  ->  Hash  (cost=73925.90..73925.90 rows=1963 width=4) (actual time=701.898..701.898 rows=7670 loops=1)
        Buckets: 8192 (originally 2048)  Batches: 1 (originally 1)  Memory Usage: 334kB
        ->  Seq Scan on title t  (cost=0.00..73925.90 rows=1963 width=4) (actual time=84.176..698.882 rows=7670 loops=1)
              Filter: ((kind_id = 1) AND (production_year = 1915))
              Rows Removed by Filter: 2520642
Planning time: 3.741 ms
Execution time: 953.881 ms
