Hash Join  (cost=58358.90..145017.85 rows=91 width=0) (actual time=2698.143..6722.676 rows=5704 loops=1)
  Hash Cond: (mk.movie_id = t.id)
  ->  Seq Scan on movie_keyword mk  (cost=0.00..69693.30 rows=4523930 width=4) (actual time=0.021..3407.112 rows=4523930 loops=1)
  ->  Hash  (cost=58358.27..58358.27 rows=51 width=8) (actual time=2244.183..2244.183 rows=1047 loops=1)
        Buckets: 2048 (originally 1024)  Batches: 1 (originally 1)  Memory Usage: 57kB
        ->  Nested Loop  (cost=0.43..58358.27 rows=51 width=8) (actual time=783.912..2243.442 rows=1047 loops=1)
              ->  Seq Scan on movie_companies mc  (cost=0.00..57926.93 rows=51 width=4) (actual time=781.134..2119.036 rows=1047 loops=1)
                    Filter: ((company_id = 11145) AND (company_type_id = 1))
                    Rows Removed by Filter: 2608082
              ->  Index Only Scan using title_pkey on title t  (cost=0.43..8.45 rows=1 width=4) (actual time=0.117..0.118 rows=1 loops=1047)
                    Index Cond: (id = mc.movie_id)
                    Heap Fetches: 1047
Planning time: 3.471 ms
Execution time: 6723.777 ms
