Seq Scan on movie_companies mc  (cost=0.00..57926.93 rows=51 width=0) (actual time=21.476..2253.687 rows=4 loops=1)
  Filter: ((company_id = 8434) AND (company_type_id = 1))
  Rows Removed by Filter: 2609125
Planning time: 2.269 ms
Execution time: 2253.771 ms
