Hash Join  (cost=150716.40..954489.40 rows=1111838 width=0) (actual time=8727.950..53121.878 rows=2562967 loops=1)
  Hash Cond: (ci.movie_id = t.id)
  ->  Seq Scan on cast_info ci  (cost=0.00..705507.15 rows=7408660 width=4) (actual time=0.020..38639.233 rows=7467540 loops=1)
        Filter: (person_id > 2925139)
        Rows Removed by Filter: 28776804
  ->  Hash  (cost=144490.11..144490.11 rows=379463 width=8) (actual time=8727.039..8727.039 rows=416027 loops=1)
        Buckets: 131072  Batches: 8  Memory Usage: 3062kB
        ->  Hash Join  (cost=101489.21..144490.11 rows=379463 width=8) (actual time=5974.500..8588.784 rows=416027 loops=1)
              Hash Cond: (mi_idx.movie_id = t.id)
              ->  Seq Scan on movie_info_idx mi_idx  (cost=0.00..25185.44 rows=464566 width=4) (actual time=0.028..1427.786 rows=459925 loops=1)
                    Filter: (info_type_id = 101)
                    Rows Removed by Filter: 920110
              ->  Hash  (cost=67604.59..67604.59 rows=2065330 width=4) (actual time=5973.465..5973.465 rows=2064552 loops=1)
                    Buckets: 131072  Batches: 32  Memory Usage: 3289kB
                    ->  Seq Scan on title t  (cost=0.00..67604.59 rows=2065330 width=4) (actual time=0.029..4972.978 rows=2064552 loops=1)
                          Filter: (production_year < 2011)
                          Rows Removed by Filter: 463760
Planning time: 1.150 ms
Execution time: 53494.471 ms
