Seq Scan on cast_info ci  (cost=0.00..705507.15 rows=4673847 width=0) (actual time=996.659..32661.812 rows=4711972 loops=1)
  Filter: (person_id > 3209154)
  Rows Removed by Filter: 31532372
Planning time: 9.252 ms
Execution time: 33421.942 ms
