Hash Join  (cost=106021.40..199271.65 rows=1098131 width=0) (actual time=6937.621..10790.116 rows=1133595 loops=1)
  Hash Cond: (mc.movie_id = t.id)
  ->  Seq Scan on movie_companies mc  (cost=0.00..57926.93 rows=1185801 width=4) (actual time=1138.883..3417.892 rows=1270818 loops=1)
        Filter: ((company_id > 145) AND (company_type_id = 2))
        Rows Removed by Filter: 1338311
  ->  Hash  (cost=67604.59..67604.59 rows=2341585 width=4) (actual time=5797.888..5797.888 rows=2333286 loops=1)
        Buckets: 131072  Batches: 32  Memory Usage: 3591kB
        ->  Seq Scan on title t  (cost=0.00..67604.59 rows=2341585 width=4) (actual time=0.025..4710.658 rows=2333286 loops=1)
              Filter: (production_year > 1932)
              Rows Removed by Filter: 195026
Planning time: 0.751 ms
Execution time: 10950.570 ms
