Seq Scan on movie_keyword mk  (cost=0.00..81003.12 rows=5127 width=0) (actual time=0.362..3644.870 rows=3598 loops=1)
  Filter: (keyword_id = 786)
  Rows Removed by Filter: 4520332
Planning time: 0.333 ms
Execution time: 3646.048 ms
