Hash Join  (cost=96184.51..1204794.47 rows=12608749 width=0) (actual time=7515.676..73988.226 rows=12398260 loops=1)
  Hash Cond: (ci.movie_id = t.id)
  ->  Seq Scan on cast_info ci  (cost=0.00..705507.15 rows=23499554 width=4) (actual time=2652.747..48355.729 rows=23573656 loops=1)
        Filter: (role_id > 1)
        Rows Removed by Filter: 12670688
  ->  Hash  (cost=73925.90..73925.90 rows=1356688 width=4) (actual time=4861.979..4861.979 rows=1327781 loops=1)
        Buckets: 131072  Batches: 32  Memory Usage: 2479kB
        ->  Seq Scan on title t  (cost=0.00..73925.90 rows=1356688 width=4) (actual time=400.249..4327.590 rows=1327781 loops=1)
              Filter: ((production_year < 2012) AND (kind_id = 7))
              Rows Removed by Filter: 1200531
Planning time: 0.709 ms
Execution time: 75753.594 ms
