Hash Join  (cost=87428.23..227369.78 rows=1472451 width=0) (actual time=1972.937..5556.495 rows=326301 loops=1)
  Hash Cond: (mk.movie_id = t.id)
  ->  Seq Scan on movie_keyword mk  (cost=0.00..69693.30 rows=4523930 width=4) (actual time=0.010..1437.497 rows=4523930 loops=1)
  ->  Hash  (cost=73925.90..73925.90 rows=822986 width=4) (actual time=1485.452..1485.452 rows=738761 loops=1)
        Buckets: 131072  Batches: 16  Memory Usage: 2654kB
        ->  Seq Scan on title t  (cost=0.00..73925.90 rows=822986 width=4) (actual time=297.782..1245.752 rows=738761 loops=1)
              Filter: ((production_year < 2005) AND (kind_id = 7))
              Rows Removed by Filter: 1789551
Planning time: 0.502 ms
Execution time: 5596.239 ms
