Hash Join  (cost=100836.57..207961.38 rows=2090087 width=0) (actual time=5223.783..11213.712 rows=1838065 loops=1)
  Hash Cond: (mc.movie_id = t.id)
  ->  Seq Scan on movie_companies mc  (cost=0.00..44881.29 rows=2609129 width=4) (actual time=0.012..3154.171 rows=2609129 loops=1)
  ->  Hash  (cost=67604.59..67604.59 rows=2025519 width=4) (actual time=5222.747..5222.747 rows=2018703 loops=1)
        Buckets: 131072  Batches: 32  Memory Usage: 3247kB
        ->  Seq Scan on title t  (cost=0.00..67604.59 rows=2025519 width=4) (actual time=0.023..4370.565 rows=2018703 loops=1)
              Filter: (production_year > 1974)
              Rows Removed by Filter: 509609
Planning time: 1.609 ms
Execution time: 11501.892 ms
