Seq Scan on movie_keyword mk  (cost=0.00..81003.12 rows=3480317 width=0) (actual time=0.024..4805.270 rows=3470053 loops=1)
  Filter: (keyword_id < 16785)
  Rows Removed by Filter: 1053877
Planning time: 0.310 ms
Execution time: 5439.636 ms
