Hash Join  (cost=83810.17..155791.12 rows=422139 width=0) (actual time=4346.205..8400.787 rows=593706 loops=1)
  Hash Cond: (mc.movie_id = t.id)
  ->  Seq Scan on movie_companies mc  (cost=0.00..51404.11 rows=1080652 width=4) (actual time=0.024..3033.094 rows=1075925 loops=1)
        Filter: (company_id < 6806)
        Rows Removed by Filter: 1533204
  ->  Hash  (cost=67604.59..67604.59 rows=987727 width=4) (actual time=4345.255..4345.255 rows=985048 loops=1)
        Buckets: 131072  Batches: 16  Memory Usage: 3188kB
        ->  Seq Scan on title t  (cost=0.00..67604.59 rows=987727 width=4) (actual time=0.017..3893.244 rows=985048 loops=1)
              Filter: (kind_id < 7)
              Rows Removed by Filter: 1543264
Planning time: 0.976 ms
Execution time: 8493.767 ms
