Nested Loop  (cost=0.43..709671.90 rows=500 width=0) (actual time=15887.370..31251.820 rows=34 loops=1)
  ->  Seq Scan on cast_info ci  (cost=0.00..705507.15 rows=500 width=4) (actual time=15887.288..31251.308 rows=34 loops=1)
        Filter: (person_id = 748131)
        Rows Removed by Filter: 36244310
  ->  Index Only Scan using title_pkey on title t  (cost=0.43..8.32 rows=1 width=4) (actual time=0.013..0.014 rows=1 loops=34)
        Index Cond: (id = ci.movie_id)
        Heap Fetches: 34
Planning time: 0.809 ms
Execution time: 31251.891 ms
