Seq Scan on movie_keyword mk  (cost=0.00..81003.12 rows=3403782 width=0) (actual time=0.025..4686.868 rows=3393362 loops=1)
  Filter: (keyword_id > 1226)
  Rows Removed by Filter: 1130568
Planning time: 0.315 ms
Execution time: 5320.161 ms
