Seq Scan on movie_keyword mk  (cost=0.00..81003.12 rows=4458443 width=0) (actual time=0.008..4417.049 rows=4456385 loops=1)
  Filter: (keyword_id > 56)
  Rows Removed by Filter: 67545
Planning time: 0.301 ms
Execution time: 5220.584 ms
