Seq Scan on cast_info ci  (cost=0.00..796071.18 rows=293399 width=0) (actual time=18680.283..38949.947 rows=108524 loops=1)
  Filter: ((person_id < 3053959) AND (role_id > 10))
  Rows Removed by Filter: 36135820
Planning time: 0.352 ms
Execution time: 38967.566 ms
