Seq Scan on movie_keyword mk  (cost=0.00..81003.12 rows=850812 width=0) (actual time=0.020..4013.071 rows=856706 loops=1)
  Filter: (keyword_id > 21434)
  Rows Removed by Filter: 3667224
Planning time: 0.303 ms
Execution time: 4144.097 ms
