Hash Join  (cost=82033.88..1015727.67 rows=1961879 width=0) (actual time=4866.958..21551.567 rows=1967755 loops=1)
  Hash Cond: (ci.movie_id = t.id)
  ->  Seq Scan on cast_info ci  (cost=0.00..796071.18 rows=10038618 width=4) (actual time=3222.437..15669.606 rows=7217685 loops=1)
        Filter: ((person_id > 732279) AND (role_id < 2))
        Rows Removed by Filter: 29026659
  ->  Hash  (cost=73925.90..73925.90 rows=494158 width=4) (actual time=1642.567..1642.567 rows=581419 loops=1)
        Buckets: 131072  Batches: 8  Memory Usage: 3592kB
        ->  Seq Scan on title t  (cost=0.00..73925.90 rows=494158 width=4) (actual time=0.048..1170.826 rows=581419 loops=1)
              Filter: ((kind_id < 7) AND (production_year < 2004))
              Rows Removed by Filter: 1946893
Planning time: 0.752 ms
Execution time: 21789.400 ms
