Hash Join  (cost=102767.86..1290159.29 rows=19615771 width=0) (actual time=4661.558..69527.257 rows=19505750 loops=1)
  Hash Cond: (ci.movie_id = t.id)
  ->  Seq Scan on cast_info ci  (cost=0.00..705507.15 rows=19615771 width=4) (actual time=0.017..42463.452 rows=19505750 loops=1)
        Filter: (person_id < 1953026)
        Rows Removed by Filter: 16738594
  ->  Hash  (cost=61283.27..61283.27 rows=2528527 width=4) (actual time=4660.217..4660.217 rows=2528312 loops=1)
        Buckets: 131072  Batches: 64  Memory Usage: 2415kB
        ->  Seq Scan on title t  (cost=0.00..61283.27 rows=2528527 width=4) (actual time=0.013..3555.937 rows=2528312 loops=1)
Planning time: 0.686 ms
Execution time: 72092.009 ms
