Hash Join  (cost=151122.80..641586.66 rows=998793 width=0) (actual time=7351.049..41933.721 rows=16027784 loops=1)
  Hash Cond: (mi.movie_id = t.id)
  ->  Seq Scan on movie_info mi  (cost=0.00..309384.22 rows=14739122 width=4) (actual time=0.022..21088.631 rows=14835720 loops=1)
  ->  Hash  (cost=148310.99..148310.99 rows=171345 width=8) (actual time=7350.246..7350.246 rows=330712 loops=1)
        Buckets: 131072 (originally 131072)  Batches: 8 (originally 4)  Memory Usage: 3073kB
        ->  Hash Join  (cost=78556.72..148310.99 rows=171345 width=8) (actual time=3653.283..7223.408 rows=330712 loops=1)
              Hash Cond: (mc.movie_id = t.id)
              ->  Seq Scan on movie_companies mc  (cost=0.00..57926.93 rows=649034 width=4) (actual time=0.032..3071.444 rows=413374 loops=1)
                    Filter: ((company_id > 11207) AND (company_type_id < 2))
                    Rows Removed by Filter: 2195755
              ->  Hash  (cost=67604.59..67604.59 rows=667531 width=4) (actual time=3652.402..3652.402 rows=662825 loops=1)
                    Buckets: 131072  Batches: 16  Memory Usage: 2476kB
                    ->  Seq Scan on title t  (cost=0.00..67604.59 rows=667531 width=4) (actual time=0.024..3371.025 rows=662825 loops=1)
                          Filter: (kind_id = 1)
                          Rows Removed by Filter: 1865487
Planning time: 1.263 ms
Execution time: 44269.087 ms
