Hash Join  (cost=73983.02..165315.17 rows=4953 width=0) (actual time=3576.470..9058.476 rows=3362 loops=1)
  Hash Cond: (mk.movie_id = t.id)
  ->  Seq Scan on movie_keyword mk  (cost=0.00..81003.12 rows=2741199 width=4) (actual time=0.015..4878.589 rows=2731462 loops=1)
        Filter: (keyword_id > 2894)
        Rows Removed by Filter: 1792468
  ->  Hash  (cost=73925.90..73925.90 rows=4569 width=4) (actual time=3575.874..3575.874 rows=8024 loops=1)
        Buckets: 8192  Batches: 1  Memory Usage: 347kB
        ->  Seq Scan on title t  (cost=0.00..73925.90 rows=4569 width=4) (actual time=0.074..3571.336 rows=8024 loops=1)
              Filter: ((kind_id > 4) AND (production_year = 1981))
              Rows Removed by Filter: 2520288
Planning time: 0.725 ms
Execution time: 9059.153 ms
