Hash Join  (cost=81437.64..560075.34 rows=1768433 width=0) (actual time=7505.049..31568.238 rows=1029307 loops=1)
  Hash Cond: (mi.movie_id = t.id)
  ->  Seq Scan on movie_info mi  (cost=0.00..346232.03 rows=9767026 width=4) (actual time=0.023..20719.401 rows=9911754 loops=1)
        Filter: (info_type_id > 4)
        Rows Removed by Filter: 4923966
  ->  Hash  (cost=73925.90..73925.90 rows=457819 width=4) (actual time=4004.735..4004.735 rows=344212 loops=1)
        Buckets: 131072  Batches: 8  Memory Usage: 2529kB
        ->  Seq Scan on title t  (cost=0.00..73925.90 rows=457819 width=4) (actual time=0.022..3212.491 rows=344212 loops=1)
              Filter: ((production_year < 1993) AND (kind_id = 7))
              Rows Removed by Filter: 2184100
Planning time: 0.814 ms
Execution time: 31715.201 ms
