Seq Scan on cast_info ci  (cost=0.00..705507.15 rows=500 width=0) (actual time=5732.236..31035.486 rows=45 loops=1)
  Filter: (person_id = 931934)
  Rows Removed by Filter: 36244299
Planning time: 0.318 ms
Execution time: 31035.572 ms
