Seq Scan on movie_keyword mk  (cost=0.00..81003.12 rows=246 width=0) (actual time=1.844..3213.003 rows=407 loops=1)
  Filter: (keyword_id = 3192)
  Rows Removed by Filter: 4523523
Planning time: 0.353 ms
Execution time: 3213.320 ms
