Seq Scan on movie_companies mc  (cost=0.00..57926.93 rows=578100 width=0) (actual time=891.481..2805.185 rows=365407 loops=1)
  Filter: ((company_id < 8245) AND (company_type_id > 1))
  Rows Removed by Filter: 2243722
Planning time: 0.312 ms
Execution time: 2862.641 ms
