Hash Join  (cost=79653.55..1164834.31 rows=5001359 width=0) (actual time=3977.558..75105.041 rows=4732786 loops=1)
  Hash Cond: (ci.movie_id = t.id)
  ->  Seq Scan on cast_info ci  (cost=0.00..614943.12 rows=36225612 width=4) (actual time=0.020..46472.322 rows=36244344 loops=1)
  ->  Hash  (cost=73925.90..73925.90 rows=349092 width=4) (actual time=3976.459..3976.459 rows=265275 loops=1)
        Buckets: 131072  Batches: 8  Memory Usage: 2190kB
        ->  Seq Scan on title t  (cost=0.00..73925.90 rows=349092 width=4) (actual time=118.144..3852.062 rows=265275 loops=1)
              Filter: ((production_year > 2001) AND (kind_id = 1))
              Rows Removed by Filter: 2263037
Planning time: 9.516 ms
Execution time: 75813.000 ms
