Hash Join  (cost=114841.79..239499.36 rows=217953 width=0) (actual time=6363.417..12999.518 rows=451505 loops=1)
  Hash Cond: (mk.movie_id = t.id)
  ->  Seq Scan on movie_keyword mk  (cost=0.00..69693.30 rows=4523930 width=4) (actual time=0.022..4740.017 rows=4523930 loops=1)
  ->  Hash  (cost=112843.05..112843.05 rows=121819 width=8) (actual time=6354.365..6354.365 rows=84201 loops=1)
        Buckets: 131072  Batches: 2  Memory Usage: 2672kB
        ->  Hash Join  (cost=78473.92..112843.05 rows=121819 width=8) (actual time=4621.428..6322.250 rows=84201 loops=1)
              Hash Cond: (mi_idx.movie_id = t.id)
              ->  Seq Scan on movie_info_idx mi_idx  (cost=0.00..25185.44 rows=464934 width=4) (actual time=0.035..1316.918 rows=460185 loops=1)
                    Filter: (info_type_id > 100)
                    Rows Removed by Filter: 919850
              ->  Hash  (cost=67604.59..67604.59 rows=662507 width=4) (actual time=4620.159..4620.159 rows=662065 loops=1)
                    Buckets: 131072  Batches: 16  Memory Usage: 2481kB
                    ->  Seq Scan on title t  (cost=0.00..67604.59 rows=662507 width=4) (actual time=0.021..4024.033 rows=662065 loops=1)
                          Filter: (production_year > 2008)
                          Rows Removed by Filter: 1866247
Planning time: 1.062 ms
Execution time: 13064.376 ms
