Nested Loop  (cost=0.43..122254.92 rows=5510 width=0) (actual time=0.457..4125.082 rows=4502 loops=1)
  ->  Seq Scan on movie_keyword mk  (cost=0.00..81003.12 rows=5730 width=4) (actual time=0.401..3431.867 rows=4517 loops=1)
        Filter: (keyword_id = 115)
        Rows Removed by Filter: 4519413
  ->  Index Scan using title_pkey on title t  (cost=0.43..7.19 rows=1 width=4) (actual time=0.152..0.152 rows=1 loops=4517)
        Index Cond: (id = mk.movie_id)
        Filter: (production_year > 1910)
        Rows Removed by Filter: 0
Planning time: 7.665 ms
Execution time: 4126.746 ms
