Seq Scan on cast_info ci  (cost=0.00..796071.18 rows=324 width=0) (actual time=11672.544..40441.260 rows=1 loops=1)
  Filter: ((role_id > 1) AND (person_id = 641007))
  Rows Removed by Filter: 36244343
Planning time: 1.303 ms
Execution time: 40441.390 ms
