Seq Scan on movie_keyword mk  (cost=0.00..81003.12 rows=3506873 width=0) (actual time=0.021..4254.832 rows=3500040 loops=1)
  Filter: (keyword_id < 17536)
  Rows Removed by Filter: 1023890
Planning time: 0.251 ms
Execution time: 4914.640 ms
