Seq Scan on movie_keyword mk  (cost=0.00..81003.12 rows=1147310 width=0) (actual time=0.027..4179.223 rows=1155119 loops=1)
  Filter: (keyword_id < 1349)
  Rows Removed by Filter: 3368811
Planning time: 0.284 ms
Execution time: 4381.418 ms
