Nested Loop  (cost=0.43..83071.67 rows=246 width=0) (actual time=18.580..4104.099 rows=249 loops=1)
  ->  Seq Scan on movie_keyword mk  (cost=0.00..81003.12 rows=246 width=4) (actual time=18.507..4015.790 rows=249 loops=1)
        Filter: (keyword_id = 9056)
        Rows Removed by Filter: 4523681
  ->  Index Only Scan using title_pkey on title t  (cost=0.43..8.40 rows=1 width=4) (actual time=0.350..0.351 rows=1 loops=249)
        Index Cond: (id = mk.movie_id)
        Heap Fetches: 249
Planning time: 0.734 ms
Execution time: 4104.370 ms
