Hash Join  (cost=85684.58..610067.56 rows=4177705 width=0) (actual time=5550.444..36997.628 rows=2708900 loops=1)
  Hash Cond: (mi.movie_id = t.id)
  ->  Seq Scan on movie_info mi  (cost=0.00..309384.22 rows=14739122 width=4) (actual time=0.018..19839.880 rows=14835720 loops=1)
  ->  Hash  (cost=73925.90..73925.90 rows=716694 width=4) (actual time=5549.565..5549.565 rows=604570 loops=1)
        Buckets: 131072  Batches: 16  Memory Usage: 2362kB
        ->  Seq Scan on title t  (cost=0.00..73925.90 rows=716694 width=4) (actual time=0.016..4556.910 rows=604570 loops=1)
              Filter: ((kind_id > 1) AND (production_year < 1999))
              Rows Removed by Filter: 1923742
Planning time: 9.297 ms
Execution time: 37397.543 ms
