Seq Scan on movie_keyword mk  (cost=0.00..81003.12 rows=1913185 width=0) (actual time=0.027..1443.927 rows=1921650 loops=1)
  Filter: (keyword_id < 3311)
  Rows Removed by Filter: 2602280
Planning time: 0.313 ms
Execution time: 1682.092 ms
