Hash Join  (cost=92883.59..448244.67 rows=100194 width=0) (actual time=22269.557..22515.944 rows=169 loops=1)
  Hash Cond: (mi.movie_id = t.id)
  ->  Seq Scan on movie_info mi  (cost=0.00..346232.03 rows=164423 width=4) (actual time=4858.272..17184.278 rows=197754 loops=1)
        Filter: (info_type_id > 106)
        Rows Removed by Filter: 14637966
  ->  Hash  (cost=67604.59..67604.59 rows=1540800 width=4) (actual time=5007.047..5007.047 rows=1543264 loops=1)
        Buckets: 131072  Batches: 32  Memory Usage: 2728kB
        ->  Seq Scan on title t  (cost=0.00..67604.59 rows=1540800 width=4) (actual time=276.612..4260.571 rows=1543264 loops=1)
              Filter: (kind_id = 7)
              Rows Removed by Filter: 985048
Planning time: 3.243 ms
Execution time: 22516.079 ms
