Hash Join  (cost=76016.62..165548.72 rows=33536 width=0) (actual time=4180.393..8571.883 rows=110649 loops=1)
  Hash Cond: (mk.movie_id = t.id)
  ->  Seq Scan on movie_keyword mk  (cost=0.00..81003.12 rows=665499 width=4) (actual time=0.028..3960.266 rows=662748 loops=1)
        Filter: (keyword_id < 518)
        Rows Removed by Filter: 3861182
  ->  Hash  (cost=73925.90..73925.90 rows=127417 width=4) (actual time=4179.521..4179.521 rows=227909 loops=1)
        Buckets: 131072 (originally 131072)  Batches: 4 (originally 2)  Memory Usage: 3073kB
        ->  Seq Scan on title t  (cost=0.00..73925.90 rows=127417 width=4) (actual time=7.803..3786.994 rows=227909 loops=1)
              Filter: ((kind_id < 7) AND (production_year < 1967))
              Rows Removed by Filter: 2300403
Planning time: 0.763 ms
Execution time: 8587.790 ms
