Hash Join  (cost=74624.40..425909.44 rows=28122 width=0) (actual time=15224.881..20416.442 rows=45802 loops=1)
  Hash Cond: (mi.movie_id = t.id)
  ->  Seq Scan on movie_info mi  (cost=0.00..346232.03 rows=1272478 width=4) (actual time=10643.019..16008.279 rows=1325361 loops=1)
        Filter: (info_type_id = 8)
        Rows Removed by Filter: 13510359
  ->  Hash  (cost=73925.90..73925.90 rows=55880 width=4) (actual time=3858.167..3858.167 rows=43879 loops=1)
        Buckets: 65536  Batches: 1  Memory Usage: 2055kB
        ->  Seq Scan on title t  (cost=0.00..73925.90 rows=55880 width=4) (actual time=0.048..3829.966 rows=43879 loops=1)
              Filter: ((production_year > 2000) AND (kind_id = 3))
              Rows Removed by Filter: 2484433
Planning time: 7.543 ms
Execution time: 20423.234 ms
