Hash Join  (cost=160526.42..1022087.94 rows=1389558 width=0) (actual time=22950.844..51858.919 rows=2909172 loops=1)
  Hash Cond: (ci.movie_id = t.id)
  ->  Seq Scan on cast_info ci  (cost=0.00..796071.18 rows=4178070 width=4) (actual time=15381.644..37175.107 rows=8526736 loops=1)
        Filter: ((person_id < 1160627) AND (role_id < 2))
        Rows Removed by Filter: 27717608
  ->  Hash  (cost=146729.58..146729.58 rows=840947 width=8) (actual time=7565.522..7565.522 rows=425718 loops=1)
        Buckets: 131072  Batches: 16  Memory Usage: 2062kB
        ->  Hash Join  (cost=92883.59..146729.58 rows=840947 width=8) (actual time=4867.309..7419.134 rows=425718 loops=1)
              Hash Cond: (mi_idx.movie_id = t.id)
              ->  Seq Scan on movie_info_idx mi_idx  (cost=0.00..21735.35 rows=1380035 width=4) (actual time=0.032..1571.702 rows=1380035 loops=1)
              ->  Hash  (cost=67604.59..67604.59 rows=1540800 width=4) (actual time=4466.585..4466.585 rows=1543264 loops=1)
                    Buckets: 131072  Batches: 32  Memory Usage: 2722kB
                    ->  Seq Scan on title t  (cost=0.00..67604.59 rows=1540800 width=4) (actual time=466.165..3782.524 rows=1543264 loops=1)
                          Filter: (kind_id = 7)
                          Rows Removed by Filter: 985048
Planning time: 9.211 ms
Execution time: 52267.591 ms
