Hash Join  (cost=102767.86..177414.75 rows=284305 width=0) (actual time=4660.722..8022.073 rows=144393 loops=1)
  Hash Cond: (mc.movie_id = t.id)
  ->  Seq Scan on movie_companies mc  (cost=0.00..57926.93 rows=284305 width=4) (actual time=0.018..2776.132 rows=144393 loops=1)
        Filter: ((company_id < 575) AND (company_type_id = 2))
        Rows Removed by Filter: 2464736
  ->  Hash  (cost=61283.27..61283.27 rows=2528527 width=4) (actual time=4658.682..4658.682 rows=2528312 loops=1)
        Buckets: 131072  Batches: 64  Memory Usage: 2415kB
        ->  Seq Scan on title t  (cost=0.00..61283.27 rows=2528527 width=4) (actual time=0.015..3503.259 rows=2528312 loops=1)
Planning time: 0.697 ms
Execution time: 8042.833 ms
