Hash Join  (cost=136023.98..1226277.59 rows=5495150 width=0) (actual time=7045.206..82972.093 rows=21543618 loops=1)
  Hash Cond: (ci.movie_id = t.id)
  ->  Seq Scan on cast_info ci  (cost=0.00..614943.12 rows=36225612 width=4) (actual time=0.014..43274.108 rows=36244344 loops=1)
  ->  Hash  (cost=129730.50..129730.50 rows=383558 width=8) (actual time=7041.187..7041.187 rows=782006 loops=1)
        Buckets: 131072 (originally 131072)  Batches: 16 (originally 8)  Memory Usage: 3073kB
        ->  Hash Join  (cost=85456.44..129730.50 rows=383558 width=8) (actual time=4132.213..6765.274 rows=782006 loops=1)
              Hash Cond: (mi_idx.movie_id = t.id)
              ->  Seq Scan on movie_info_idx mi_idx  (cost=0.00..21735.35 rows=1380035 width=4) (actual time=0.022..1418.040 rows=1380035 loops=1)
              ->  Hash  (cost=73925.90..73925.90 rows=702763 width=4) (actual time=4131.172..4131.172 rows=726953 loops=1)
                    Buckets: 131072  Batches: 16  Memory Usage: 2621kB
                    ->  Seq Scan on title t  (cost=0.00..73925.90 rows=702763 width=4) (actual time=0.013..3800.830 rows=726953 loops=1)
                          Filter: ((kind_id < 4) AND (production_year < 2011))
                          Rows Removed by Filter: 1801359
Planning time: 1.096 ms
Execution time: 86136.504 ms
