Hash Join  (cost=58375.73..440145.16 rows=124 width=0) (actual time=2263.778..18943.518 rows=4408 loops=1)
  Hash Cond: (mi.movie_id = t.id)
  ->  Seq Scan on movie_info mi  (cost=0.00..346232.03 rows=9476311 width=4) (actual time=0.016..14667.186 rows=9565151 loops=1)
        Filter: (info_type_id < 16)
        Rows Removed by Filter: 5270569
  ->  Hash  (cost=58375.31..58375.31 rows=33 width=8) (actual time=2263.274..2263.274 rows=346 loops=1)
        Buckets: 1024  Batches: 1  Memory Usage: 22kB
        ->  Nested Loop  (cost=0.43..58375.31 rows=33 width=8) (actual time=0.468..2263.041 rows=346 loops=1)
              ->  Seq Scan on movie_companies mc  (cost=0.00..57926.93 rows=53 width=4) (actual time=0.445..2175.208 rows=382 loops=1)
                    Filter: ((company_type_id > 1) AND (company_id = 895))
                    Rows Removed by Filter: 2608747
              ->  Index Scan using title_pkey on title t  (cost=0.43..8.45 rows=1 width=4) (actual time=0.228..0.229 rows=1 loops=382)
                    Index Cond: (id = mc.movie_id)
                    Filter: (production_year < 2007)
                    Rows Removed by Filter: 0
Planning time: 1.136 ms
Execution time: 18946.862 ms
