Seq Scan on title t  (cost=0.00..67604.59 rows=7437 width=0) (actual time=0.095..1178.574 rows=14428 loops=1)
  Filter: (production_year = 1978)
  Rows Removed by Filter: 2513884
Planning time: 0.355 ms
Execution time: 1181.760 ms
