Hash Join  (cost=155075.81..294132.66 rows=1399782 width=0) (actual time=8481.765..17991.380 rows=4485830 loops=1)
  Hash Cond: (mk.movie_id = t.id)
  ->  Seq Scan on movie_keyword mk  (cost=0.00..69693.30 rows=4523930 width=4) (actual time=0.018..5148.598 rows=4523930 loops=1)
  ->  Hash  (cost=142239.18..142239.18 rows=782370 width=8) (actual time=8472.169..8472.169 rows=698563 loops=1)
        Buckets: 131072  Batches: 16  Memory Usage: 2736kB
        ->  Hash Join  (cost=91123.00..142239.18 rows=782370 width=8) (actual time=5208.952..8218.897 rows=698563 loops=1)
              Hash Cond: (mi_idx.movie_id = t.id)
              ->  Seq Scan on movie_info_idx mi_idx  (cost=0.00..21735.35 rows=1380035 width=4) (actual time=0.028..1575.898 rows=1380035 loops=1)
              ->  Hash  (cost=67604.59..67604.59 rows=1433473 width=4) (actual time=5207.105..5207.105 rows=1434466 loops=1)
                    Buckets: 131072  Batches: 32  Memory Usage: 2600kB
                    ->  Seq Scan on title t  (cost=0.00..67604.59 rows=1433473 width=4) (actual time=0.017..4598.817 rows=1434466 loops=1)
                          Filter: (production_year > 1999)
                          Rows Removed by Filter: 1093846
Planning time: 5.167 ms
Execution time: 18590.200 ms
