Seq Scan on cast_info ci  (cost=0.00..796071.18 rows=2583203 width=0) (actual time=14738.510..35564.418 rows=1525476 loops=1)
  Filter: ((person_id < 733939) AND (role_id > 3))
  Rows Removed by Filter: 34718868
Planning time: 0.304 ms
Execution time: 35827.991 ms
