Seq Scan on movie_info mi  (cost=0.00..346232.03 rows=3623957 width=0) (actual time=1042.945..12844.647 rows=3624977 loops=1)
  Filter: (info_type_id < 4)
  Rows Removed by Filter: 11210743
Planning time: 0.303 ms
Execution time: 13339.372 ms
