Hash Join  (cost=283635.21..1897220.75 rows=19771437 width=186) (actual time=2673.241..27966.909 rows=40911741 loops=1)
  Hash Cond: (ci.movie_id = t.id)
  ->  Seq Scan on cast_info ci  (cost=0.00..614943.12 rows=36225612 width=42) (actual time=0.014..3159.493 rows=36244344 loops=1)
  ->  Hash  (cost=238082.78..238082.78 rows=1380035 width=144) (actual time=2672.016..2672.016 rows=1380035 loops=1)
        Buckets: 32768  Batches: 64  Memory Usage: 3094kB
        ->  Hash Join  (cost=129928.86..238082.78 rows=1380035 width=144) (actual time=834.032..2191.592 rows=1380035 loops=1)
              Hash Cond: (mi_idx.movie_id = t.id)
              ->  Seq Scan on movie_info_idx mi_idx  (cost=0.00..21735.35 rows=1380035 width=50) (actual time=0.011..146.307 rows=1380035 loops=1)
              ->  Hash  (cost=61283.27..61283.27 rows=2528527 width=94) (actual time=833.683..833.683 rows=2528312 loops=1)
                    Buckets: 32768  Batches: 128  Memory Usage: 2453kB
                    ->  Seq Scan on title t  (cost=0.00..61283.27 rows=2528527 width=94) (actual time=0.008..299.972 rows=2528312 loops=1)
Planning time: 0.904 ms
Execution time: 29126.588 ms
