Seq Scan on title t  (cost=0.00..73925.90 rows=33621 width=94) (actual time=319.417..1572.844 rows=28104 loops=1)
  Filter: ((kind_id = 1) AND (production_year = 2009))
  Rows Removed by Filter: 2500208
Planning time: 0.434 ms
Execution time: 1574.655 ms
