Hash Join  (cost=107494.42..162792.49 rows=883734 width=0) (actual time=5318.492..7860.794 rows=913298 loops=1)
  Hash Cond: (mi_idx.movie_id = t.id)
  ->  Seq Scan on movie_info_idx mi_idx  (cost=0.00..25185.44 rows=919057 width=4) (actual time=0.021..1359.745 rows=920110 loops=1)
        Filter: (info_type_id > 99)
        Rows Removed by Filter: 459925
  ->  Hash  (cost=67604.59..67604.59 rows=2431347 width=4) (actual time=5317.478..5317.478 rows=2427113 loops=1)
        Buckets: 131072  Batches: 32  Memory Usage: 3691kB
        ->  Seq Scan on title t  (cost=0.00..67604.59 rows=2431347 width=4) (actual time=0.024..4404.104 rows=2427113 loops=1)
              Filter: (production_year > 1910)
              Rows Removed by Filter: 101199
Planning time: 0.632 ms
Execution time: 7964.804 ms
