Hash Join  (cost=841734.62..1370481.95 rows=4586741 width=0) (actual time=36710.437..66800.178 rows=4270845 loops=1)
  Hash Cond: (mi.movie_id = t.id)
  ->  Seq Scan on movie_info mi  (cost=0.00..309384.22 rows=14739122 width=4) (actual time=0.010..18978.161 rows=14835720 loops=1)
  ->  Hash  (cost=828824.80..828824.80 rows=786865 width=8) (actual time=36385.498..36385.498 rows=850028 loops=1)
        Buckets: 131072  Batches: 16  Memory Usage: 3090kB
        ->  Hash Join  (cost=92883.59..828824.80 rows=786865 width=8) (actual time=8779.395..36130.775 rows=850028 loops=1)
              Hash Cond: (ci.movie_id = t.id)
              ->  Seq Scan on cast_info ci  (cost=0.00..705507.15 rows=1291283 width=4) (actual time=3933.930..29957.697 rows=1316157 loops=1)
                    Filter: (person_id > 3807200)
                    Rows Removed by Filter: 34928187
              ->  Hash  (cost=67604.59..67604.59 rows=1540800 width=4) (actual time=4844.003..4844.003 rows=1543264 loops=1)
                    Buckets: 131072  Batches: 32  Memory Usage: 2722kB
                    ->  Seq Scan on title t  (cost=0.00..67604.59 rows=1540800 width=4) (actual time=0.048..4215.565 rows=1543264 loops=1)
                          Filter: (kind_id = 7)
                          Rows Removed by Filter: 985048
Planning time: 1.094 ms
Execution time: 67336.565 ms
