Hash Join  (cost=80273.52..1171011.63 rows=5542295 width=0) (actual time=3362.320..63999.024 rows=3198888 loops=1)
  Hash Cond: (ci.movie_id = t.id)
  ->  Seq Scan on cast_info ci  (cost=0.00..614943.12 rows=36225612 width=4) (actual time=0.006..40228.738 rows=36244344 loops=1)
  ->  Hash  (cost=73925.90..73925.90 rows=386849 width=4) (actual time=3361.331..3361.331 rows=268050 loops=1)
        Buckets: 131072  Batches: 8  Memory Usage: 2191kB
        ->  Seq Scan on title t  (cost=0.00..73925.90 rows=386849 width=4) (actual time=0.026..3248.334 rows=268050 loops=1)
              Filter: ((kind_id > 4) AND (production_year < 1987))
              Rows Removed by Filter: 2260262
Planning time: 0.762 ms
Execution time: 64419.266 ms
