Seq Scan on movie_keyword mk  (cost=0.00..81003.12 rows=4156852 width=0) (actual time=0.020..4363.979 rows=4158866 loops=1)
  Filter: (keyword_id < 45973)
  Rows Removed by Filter: 365064
Planning time: 0.304 ms
Execution time: 4997.677 ms
