Seq Scan on movie_keyword mk  (cost=0.00..81003.12 rows=4241631 width=0) (actual time=0.020..4224.364 rows=4242495 loops=1)
  Filter: (keyword_id < 56768)
  Rows Removed by Filter: 281435
Planning time: 13.703 ms
Execution time: 4835.220 ms
