Seq Scan on movie_keyword mk  (cost=0.00..81003.12 rows=14239 width=0) (actual time=0.633..2720.808 rows=14373 loops=1)
  Filter: (keyword_id < 3)
  Rows Removed by Filter: 4509557
Planning time: 3.559 ms
Execution time: 2723.544 ms
