Hash Join  (cost=167035.45..919864.61 rows=203999 width=0) (actual time=3748.664..43327.737 rows=419818 loops=1)
  Hash Cond: (ci.movie_id = t.id)
  ->  Seq Scan on cast_info ci  (cost=0.00..614943.12 rows=36225612 width=4) (actual time=0.017..28300.109 rows=36244344 loops=1)
  ->  Hash  (cost=166857.47..166857.47 rows=14239 width=8) (actual time=3748.502..3748.502 rows=14373 loops=1)
        Buckets: 16384  Batches: 1  Memory Usage: 690kB
        ->  Nested Loop  (cost=0.43..166857.47 rows=14239 width=8) (actual time=0.249..3739.718 rows=14373 loops=1)
              ->  Seq Scan on movie_keyword mk  (cost=0.00..81003.12 rows=14239 width=4) (actual time=0.194..2537.428 rows=14373 loops=1)
                    Filter: (keyword_id < 3)
                    Rows Removed by Filter: 4509557
              ->  Index Only Scan using title_pkey on title t  (cost=0.43..6.02 rows=1 width=4) (actual time=0.082..0.083 rows=1 loops=14373)
                    Index Cond: (id = mk.movie_id)
                    Heap Fetches: 14373
Planning time: 0.891 ms
Execution time: 43413.771 ms
