Hash Join  (cost=201759.99..709592.66 rows=899887 width=0) (actual time=4671.248..16241.867 rows=507191 loops=1)
  Hash Cond: (mi.movie_id = t.id)
  ->  Seq Scan on movie_info mi  (cost=0.00..309384.22 rows=14739122 width=4) (actual time=0.014..6273.577 rows=14835720 loops=1)
  ->  Hash  (cost=199226.28..199226.28 rows=154377 width=8) (actual time=4141.276..4141.276 rows=48813 loops=1)
        Buckets: 131072  Batches: 4  Memory Usage: 1502kB
        ->  Hash Join  (cost=75342.47..199226.28 rows=154377 width=8) (actual time=1393.441..4125.248 rows=48813 loops=1)
              Hash Cond: (mk.movie_id = t.id)
              ->  Seq Scan on movie_keyword mk  (cost=0.00..69693.30 rows=4523930 width=4) (actual time=0.016..1456.753 rows=4523930 loops=1)
              ->  Hash  (cost=73925.90..73925.90 rows=86285 width=4) (actual time=1392.520..1392.520 rows=92628 loops=1)
                    Buckets: 131072  Batches: 2  Memory Usage: 2659kB
                    ->  Seq Scan on title t  (cost=0.00..73925.90 rows=86285 width=4) (actual time=0.018..1356.739 rows=92628 loops=1)
                          Filter: ((kind_id = 7) AND (production_year = 2010))
                          Rows Removed by Filter: 2435684
Planning time: 1.244 ms
Execution time: 16292.784 ms
