Hash Join  (cost=102767.86..193979.66 rows=1243796 width=0) (actual time=4642.580..7317.039 rows=1258037 loops=1)
  Hash Cond: (mc.movie_id = t.id)
  ->  Seq Scan on movie_companies mc  (cost=0.00..51404.11 rows=1243796 width=4) (actual time=0.019..1359.476 rows=1258037 loops=1)
        Filter: (company_id > 11595)
        Rows Removed by Filter: 1351092
  ->  Hash  (cost=61283.27..61283.27 rows=2528527 width=4) (actual time=4640.743..4640.743 rows=2528312 loops=1)
        Buckets: 131072  Batches: 64  Memory Usage: 2415kB
        ->  Seq Scan on title t  (cost=0.00..61283.27 rows=2528527 width=4) (actual time=0.010..3654.477 rows=2528312 loops=1)
Planning time: 5.219 ms
Execution time: 7437.173 ms
