Seq Scan on cast_info ci  (cost=0.00..796071.18 rows=10779686 width=0) (actual time=0.021..15830.856 rows=12779629 loops=1)
  Filter: ((person_id > 1185241) AND (role_id > 2))
  Rows Removed by Filter: 23464715
Planning time: 0.404 ms
Execution time: 17426.208 ms
