Seq Scan on movie_keyword mk  (cost=0.00..81003.12 rows=3792560 width=0) (actual time=0.024..1488.397 rows=3791287 loops=1)
  Filter: (keyword_id > 651)
  Rows Removed by Filter: 732643
Planning time: 0.312 ms
Execution time: 1976.087 ms
