Seq Scan on cast_info ci  (cost=0.00..796071.18 rows=9208897 width=0) (actual time=2568.212..15302.300 rows=12670688 loops=1)
  Filter: ((person_id < 2714135) AND (role_id < 2))
  Rows Removed by Filter: 23573656
Planning time: 0.348 ms
Execution time: 16886.331 ms
