Hash Join  (cost=263115.61..1824462.38 rows=35789897 width=0) (actual time=6220.857..64007.556 rows=74089561 loops=1)
  Hash Cond: (ci.movie_id = t.id)
  ->  Seq Scan on cast_info ci  (cost=0.00..705507.15 rows=34684265 width=4) (actual time=0.028..17599.219 rows=34696270 loops=1)
        Filter: (person_id < 3755715)
        Rows Removed by Filter: 1548074
  ->  Hash  (cost=220309.49..220309.49 rows=2609129 width=8) (actual time=6219.494..6219.494 rows=2609129 loops=1)
        Buckets: 131072  Batches: 64  Memory Usage: 2610kB
        ->  Hash Join  (cost=102767.86..220309.49 rows=2609129 width=8) (actual time=1949.710..5486.366 rows=2609129 loops=1)
              Hash Cond: (mc.movie_id = t.id)
              ->  Seq Scan on movie_companies mc  (cost=0.00..44881.29 rows=2609129 width=4) (actual time=0.028..892.695 rows=2609129 loops=1)
              ->  Hash  (cost=61283.27..61283.27 rows=2528527 width=4) (actual time=1947.907..1947.907 rows=2528312 loops=1)
                    Buckets: 131072  Batches: 64  Memory Usage: 2415kB
                    ->  Seq Scan on title t  (cost=0.00..61283.27 rows=2528527 width=4) (actual time=0.016..1115.144 rows=2528312 loops=1)
Planning time: 1.216 ms
Execution time: 72700.214 ms
