Hash Join  (cost=80874.21..191767.68 rows=579192 width=0) (actual time=1545.060..4332.626 rows=802397 loops=1)
  Hash Cond: (mk.movie_id = t.id)
  ->  Seq Scan on movie_keyword mk  (cost=0.00..81003.12 rows=1810779 width=4) (actual time=0.020..1616.012 rows=1810579 loops=1)
        Filter: (keyword_id > 7663)
        Rows Removed by Filter: 2713351
  ->  Hash  (cost=67604.59..67604.59 rows=808770 width=4) (actual time=1544.049..1544.049 rows=812704 loops=1)
        Buckets: 131072  Batches: 16  Memory Usage: 2819kB
        ->  Seq Scan on title t  (cost=0.00..67604.59 rows=808770 width=4) (actual time=0.020..1237.250 rows=812704 loops=1)
              Filter: (production_year < 1995)
              Rows Removed by Filter: 1715608
Planning time: 0.736 ms
Execution time: 4433.382 ms
