Nested Loop  (cost=0.43..83071.67 rows=246 width=0) (actual time=59.846..1152.231 rows=43 loops=1)
  ->  Seq Scan on movie_keyword mk  (cost=0.00..81003.12 rows=246 width=4) (actual time=59.760..1150.230 rows=43 loops=1)
        Filter: (keyword_id = 4434)
        Rows Removed by Filter: 4523887
  ->  Index Only Scan using title_pkey on title t  (cost=0.43..8.40 rows=1 width=4) (actual time=0.043..0.043 rows=1 loops=43)
        Index Cond: (id = mk.movie_id)
        Heap Fetches: 43
Planning time: 1.457 ms
Execution time: 1152.315 ms
