Seq Scan on title t  (cost=0.00..73925.90 rows=265236 width=0) (actual time=0.028..1211.382 rows=137852 loops=1)
  Filter: ((kind_id > 3) AND (production_year < 1972))
  Rows Removed by Filter: 2390460
Planning time: 0.327 ms
Execution time: 1230.815 ms
