Nested Loop  (cost=0.43..52283.95 rows=25 width=0) (actual time=377.336..826.757 rows=19 loops=1)
  ->  Seq Scan on movie_companies mc  (cost=0.00..51404.11 rows=104 width=4) (actual time=23.391..803.438 rows=708 loops=1)
        Filter: (company_id = 6008)
        Rows Removed by Filter: 2608421
  ->  Index Scan using title_pkey on title t  (cost=0.43..8.45 rows=1 width=4) (actual time=0.032..0.032 rows=0 loops=708)
        Index Cond: (id = mc.movie_id)
        Filter: (production_year < 1986)
        Rows Removed by Filter: 1
Planning time: 0.772 ms
Execution time: 826.880 ms
