Hash Join  (cost=74456.32..129559.70 rows=43786 width=0) (actual time=1049.554..2378.810 rows=51013 loops=1)
  Hash Cond: (mc.movie_id = t.id)
  ->  Seq Scan on movie_companies mc  (cost=0.00..44881.29 rows=2609129 width=4) (actual time=0.015..651.233 rows=2609129 loops=1)
  ->  Hash  (cost=73925.90..73925.90 rows=42433 width=4) (actual time=1049.095..1049.095 rows=37411 loops=1)
        Buckets: 65536  Batches: 1  Memory Usage: 1828kB
        ->  Seq Scan on title t  (cost=0.00..73925.90 rows=42433 width=4) (actual time=3.619..1034.478 rows=37411 loops=1)
              Filter: ((kind_id = 1) AND (production_year = 2011))
              Rows Removed by Filter: 2490901
Planning time: 0.727 ms
Execution time: 2386.207 ms
