Seq Scan on movie_keyword mk  (cost=0.00..81003.12 rows=3270311 width=0) (actual time=0.026..1488.316 rows=3254498 loops=1)
  Filter: (keyword_id > 1617)
  Rows Removed by Filter: 1269432
Planning time: 0.308 ms
Execution time: 1896.412 ms
