Seq Scan on movie_companies mc  (cost=0.00..51404.11 rows=104 width=0) (actual time=24.478..803.791 rows=1607 loops=1)
  Filter: (company_id = 836)
  Rows Removed by Filter: 2607522
Planning time: 0.355 ms
Execution time: 804.202 ms
