Seq Scan on movie_keyword mk  (cost=0.00..81003.12 rows=4088822 width=0) (actual time=0.024..1535.275 rows=4093994 loops=1)
  Filter: (keyword_id < 40685)
  Rows Removed by Filter: 429936
Planning time: 0.282 ms
Execution time: 2034.878 ms
