Seq Scan on movie_keyword mk  (cost=0.00..81003.12 rows=246 width=0) (actual time=350.699..1254.847 rows=1 loops=1)
  Filter: (keyword_id = 9068)
  Rows Removed by Filter: 4523929
Planning time: 0.350 ms
Execution time: 1254.935 ms
