Hash Join  (cost=96071.96..134389.92 rows=248203 width=0) (actual time=2084.486..2822.953 rows=137017 loops=1)
  Hash Cond: (mi_idx.movie_id = t.id)
  ->  Seq Scan on movie_info_idx mi_idx  (cost=0.00..25185.44 rows=464934 width=4) (actual time=0.012..470.925 rows=460185 loops=1)
        Filter: (info_type_id > 100)
        Rows Removed by Filter: 919850
  ->  Hash  (cost=73925.90..73925.90 rows=1349844 width=4) (actual time=1841.207..1841.207 rows=1425014 loops=1)
        Buckets: 131072  Batches: 32  Memory Usage: 2591kB
        ->  Seq Scan on title t  (cost=0.00..73925.90 rows=1349844 width=4) (actual time=1.867..1404.526 rows=1425014 loops=1)
              Filter: ((production_year > 1960) AND (kind_id = 7))
              Rows Removed by Filter: 1103298
Planning time: 0.661 ms
Execution time: 2837.888 ms
