Seq Scan on cast_info ci  (cost=0.00..796071.18 rows=324 width=0) (actual time=2068.545..14381.947 rows=1 loops=1)
  Filter: ((role_id > 1) AND (person_id = 1854009))
  Rows Removed by Filter: 36244343
Planning time: 0.647 ms
Execution time: 14382.081 ms
