Nested Loop  (cost=0.43..447847.04 rows=13202 width=0) (actual time=4845.356..5921.992 rows=4755 loops=1)
  ->  Seq Scan on movie_info mi  (cost=0.00..346232.03 rows=17937 width=4) (actual time=4845.281..5254.692 rows=68025 loops=1)
        Filter: (info_type_id = 94)
        Rows Removed by Filter: 14767695
  ->  Index Scan using title_pkey on title t  (cost=0.43..5.66 rows=1 width=4) (actual time=0.009..0.009 rows=0 loops=68025)
        Index Cond: (id = mi.movie_id)
        Filter: (kind_id > 1)
        Rows Removed by Filter: 1
Planning time: 0.515 ms
Execution time: 5923.279 ms
