Hash Join  (cost=709678.15..771078.57 rows=183 width=0) (actual time=11154.461..12144.519 rows=1 loops=1)
  Hash Cond: (mc.movie_id = t.id)
  ->  Seq Scan on movie_companies mc  (cost=0.00..57926.93 rows=925775 width=4) (actual time=0.027..1056.337 rows=1104693 loops=1)
        Filter: ((company_id > 1685) AND (company_type_id > 1))
        Rows Removed by Filter: 1504436
  ->  Hash  (cost=709671.90..709671.90 rows=500 width=8) (actual time=10931.040..10931.040 rows=2 loops=1)
        Buckets: 1024  Batches: 1  Memory Usage: 9kB
        ->  Nested Loop  (cost=0.43..709671.90 rows=500 width=8) (actual time=7335.060..10931.029 rows=2 loops=1)
              ->  Seq Scan on cast_info ci  (cost=0.00..705507.15 rows=500 width=4) (actual time=7334.957..10929.628 rows=2 loops=1)
                    Filter: (person_id = 1646768)
                    Rows Removed by Filter: 36244342
              ->  Index Only Scan using title_pkey on title t  (cost=0.43..8.32 rows=1 width=4) (actual time=0.681..0.682 rows=1 loops=2)
                    Index Cond: (id = ci.movie_id)
                    Heap Fetches: 2
Planning time: 2.028 ms
Execution time: 12144.618 ms
