Nested Loop  (cost=0.43..58375.18 rows=53 width=0) (actual time=234.169..811.035 rows=3 loops=1)
  ->  Seq Scan on movie_companies mc  (cost=0.00..57926.93 rows=53 width=4) (actual time=234.091..810.811 rows=3 loops=1)
        Filter: ((company_id = 148574) AND (company_type_id = 2))
        Rows Removed by Filter: 2609126
  ->  Index Only Scan using title_pkey on title t  (cost=0.43..8.45 rows=1 width=4) (actual time=0.064..0.065 rows=1 loops=3)
        Index Cond: (id = mc.movie_id)
        Heap Fetches: 3
Planning time: 0.772 ms
Execution time: 811.109 ms
