Seq Scan on movie_companies mc  (cost=0.00..57926.93 rows=844583 width=0) (actual time=0.025..1080.969 rows=1054820 loops=1)
  Filter: ((company_id > 3733) AND (company_type_id = 2))
  Rows Removed by Filter: 1554309
Planning time: 0.357 ms
Execution time: 1214.810 ms
