Seq Scan on movie_keyword mk  (cost=0.00..81003.12 rows=3085857 width=0) (actual time=0.021..1659.320 rows=3066125 loops=1)
  Filter: (keyword_id > 2053)
  Rows Removed by Filter: 1457805
Planning time: 0.332 ms
Execution time: 2044.597 ms
