Hash Join  (cost=186070.45..693338.99 rows=2573761 width=0) (actual time=3599.387..17366.170 rows=3991109 loops=1)
  Hash Cond: (mi.movie_id = t.id)
  ->  Seq Scan on movie_info mi  (cost=0.00..309384.22 rows=14739122 width=4) (actual time=0.022..6045.994 rows=14835720 loops=1)
  ->  Hash  (cost=178826.28..178826.28 rows=441534 width=8) (actual time=3598.404..3598.404 rows=283495 loops=1)
        Buckets: 131072  Batches: 8  Memory Usage: 2418kB
        ->  Hash Join  (cost=101489.21..178826.28 rows=441534 width=8) (actual time=1864.275..3504.876 rows=283495 loops=1)
              Hash Cond: (mc.movie_id = t.id)
              ->  Seq Scan on movie_companies mc  (cost=0.00..57926.93 rows=540558 width=4) (actual time=0.029..986.753 rows=327884 loops=1)
                    Filter: ((company_id < 6266) AND (company_type_id = 2))
                    Rows Removed by Filter: 2281245
              ->  Hash  (cost=67604.59..67604.59 rows=2065330 width=4) (actual time=1863.264..1863.264 rows=2064552 loops=1)
                    Buckets: 131072  Batches: 32  Memory Usage: 3289kB
                    ->  Seq Scan on title t  (cost=0.00..67604.59 rows=2065330 width=4) (actual time=0.017..1204.550 rows=2064552 loops=1)
                          Filter: (production_year < 2011)
                          Rows Removed by Filter: 463760
Planning time: 1.142 ms
Execution time: 17834.902 ms
