Seq Scan on movie_companies mc  (cost=0.00..57926.93 rows=51 width=0) (actual time=266.069..794.291 rows=2 loops=1)
  Filter: ((company_id = 53752) AND (company_type_id = 1))
  Rows Removed by Filter: 2609127
Planning time: 0.402 ms
Execution time: 794.375 ms
