Hash Join  (cost=74346.17..160731.28 rows=18430 width=0) (actual time=1118.373..2731.615 rows=38925 loops=1)
  Hash Cond: (mk.movie_id = t.id)
  ->  Seq Scan on movie_keyword mk  (cost=0.00..81003.12 rows=1386051 width=4) (actual time=0.022..1357.986 rows=1401502 loops=1)
        Filter: (keyword_id > 11947)
        Rows Removed by Filter: 3122428
  ->  Hash  (cost=73925.90..73925.90 rows=33621 width=4) (actual time=1117.973..1117.973 rows=28104 loops=1)
        Buckets: 65536  Batches: 1  Memory Usage: 1501kB
        ->  Seq Scan on title t  (cost=0.00..73925.90 rows=33621 width=4) (actual time=0.030..1107.257 rows=28104 loops=1)
              Filter: ((kind_id = 1) AND (production_year = 2009))
              Rows Removed by Filter: 2500208
Planning time: 0.755 ms
Execution time: 2737.247 ms
