Hash Join  (cost=102767.86..965831.27 rows=2373553 width=0) (actual time=4238.719..17303.282 rows=3680015 loops=1)
  Hash Cond: (ci.movie_id = t.id)
  ->  Seq Scan on cast_info ci  (cost=0.00..796071.18 rows=2373553 width=4) (actual time=2342.701..12179.010 rows=3680015 loops=1)
        Filter: ((person_id > 3393086) AND (role_id > 1))
        Rows Removed by Filter: 32564329
  ->  Hash  (cost=61283.27..61283.27 rows=2528527 width=4) (actual time=1894.047..1894.047 rows=2528312 loops=1)
        Buckets: 131072  Batches: 64  Memory Usage: 2415kB
        ->  Seq Scan on title t  (cost=0.00..61283.27 rows=2528527 width=4) (actual time=0.025..1044.892 rows=2528312 loops=1)
Planning time: 0.767 ms
Execution time: 17659.655 ms
