Seq Scan on title t  (cost=0.00..67604.59 rows=2199987 width=0) (actual time=0.021..1206.676 rows=2192624 loops=1)
  Filter: (production_year > 1961)
  Rows Removed by Filter: 335688
Planning time: 1.457 ms
Execution time: 1480.232 ms
