Seq Scan on movie_keyword mk  (cost=0.00..81003.12 rows=274412 width=0) (actual time=0.024..1289.247 rows=274814 loops=1)
  Filter: (keyword_id > 57738)
  Rows Removed by Filter: 4249116
Planning time: 0.313 ms
Execution time: 1324.410 ms
