Seq Scan on movie_keyword mk  (cost=0.00..81003.12 rows=246 width=0) (actual time=12.445..1237.777 rows=649 loops=1)
  Filter: (keyword_id = 2984)
  Rows Removed by Filter: 4523281
Planning time: 0.378 ms
Execution time: 1238.161 ms
