Hash Join  (cost=74470.85..423878.74 rows=13960 width=0) (actual time=3271.988..6365.945 rows=36970 loops=1)
  Hash Cond: (mi.movie_id = t.id)
  ->  Seq Scan on movie_info mi  (cost=0.00..346232.03 rows=809669 width=4) (actual time=2044.631..5053.285 rows=802140 loops=1)
        Filter: (info_type_id = 1)
        Rows Removed by Filter: 14033580
  ->  Hash  (cost=73925.90..73925.90 rows=43596 width=4) (actual time=1083.283..1083.283 rows=56579 loops=1)
        Buckets: 65536  Batches: 1  Memory Usage: 2502kB
        ->  Seq Scan on title t  (cost=0.00..73925.90 rows=43596 width=4) (actual time=256.906..1061.776 rows=56579 loops=1)
              Filter: ((production_year < 2001) AND (kind_id = 3))
              Rows Removed by Filter: 2471733
Planning time: 0.932 ms
Execution time: 6371.269 ms
