Seq Scan on cast_info ci  (cost=0.00..705507.15 rows=500 width=0) (actual time=53.189..9884.919 rows=121 loops=1)
  Filter: (person_id = 371440)
  Rows Removed by Filter: 36244223
Planning time: 0.375 ms
Execution time: 9885.026 ms
