Hash Join  (cost=102767.86..205867.79 rows=507742 width=0) (actual time=2085.530..4319.200 rows=506658 loops=1)
  Hash Cond: (mk.movie_id = t.id)
  ->  Seq Scan on movie_keyword mk  (cost=0.00..81003.12 rows=507742 width=4) (actual time=0.027..1416.857 rows=506658 loops=1)
        Filter: (keyword_id < 369)
        Rows Removed by Filter: 4017272
  ->  Hash  (cost=61283.27..61283.27 rows=2528527 width=4) (actual time=2082.954..2082.954 rows=2528312 loops=1)
        Buckets: 131072  Batches: 64  Memory Usage: 2425kB
        ->  Seq Scan on title t  (cost=0.00..61283.27 rows=2528527 width=4) (actual time=0.022..1215.276 rows=2528312 loops=1)
Planning time: 0.705 ms
Execution time: 4379.341 ms
