Seq Scan on movie_companies mc  (cost=0.00..57926.93 rows=670573 width=0) (actual time=0.026..968.746 rows=915304 loops=1)
  Filter: ((company_id > 11240) AND (company_type_id = 2))
  Rows Removed by Filter: 1693825
Planning time: 0.393 ms
Execution time: 1078.989 ms
