Hash Join  (cost=161513.35..546430.52 rows=183732 width=0) (actual time=2915.813..11161.509 rows=829256 loops=1)
  Hash Cond: (mi.movie_id = t.id)
  ->  Seq Scan on movie_info mi  (cost=0.00..309384.22 rows=14739122 width=4) (actual time=0.020..4749.796 rows=14835720 loops=1)
  ->  Hash  (cost=161119.35..161119.35 rows=31520 width=8) (actual time=2914.976..2914.976 rows=29324 loops=1)
        Buckets: 32768  Batches: 1  Memory Usage: 1402kB
        ->  Hash Join  (cost=74146.12..161119.35 rows=31520 width=8) (actual time=1102.239..2905.256 rows=29324 loops=1)
              Hash Cond: (mk.movie_id = t.id)
              ->  Seq Scan on movie_keyword mk  (cost=0.00..69693.30 rows=4523930 width=4) (actual time=0.014..937.779 rows=4523930 loops=1)
              ->  Hash  (cost=73925.90..73925.90 rows=17617 width=4) (actual time=1101.936..1101.936 rows=22021 loops=1)
                    Buckets: 32768  Batches: 1  Memory Usage: 1031kB
                    ->  Seq Scan on title t  (cost=0.00..73925.90 rows=17617 width=4) (actual time=555.116..1092.740 rows=22021 loops=1)
                          Filter: ((production_year > 2012) AND (kind_id = 1))
                          Rows Removed by Filter: 2506291
Planning time: 1.163 ms
Execution time: 11268.314 ms
