Hash Join  (cost=128518.54..481606.05 rows=6510 width=0) (actual time=3673.497..7974.295 rows=102514 loops=1)
  Hash Cond: (mi.movie_id = t.id)
  ->  Seq Scan on movie_info mi  (cost=0.00..346232.03 rows=1810770 width=4) (actual time=1391.202..5434.263 rows=1865632 loops=1)
        Filter: (info_type_id > 17)
        Rows Removed by Filter: 12970088
  ->  Hash  (cost=128404.92..128404.92 rows=9090 width=8) (actual time=2145.864..2145.864 rows=19425 loops=1)
        Buckets: 32768 (originally 16384)  Batches: 1 (originally 1)  Memory Usage: 1015kB
        ->  Hash Join  (cost=74346.17..128404.92 rows=9090 width=8) (actual time=1123.937..2137.978 rows=19425 loops=1)
              Hash Cond: (mc.movie_id = t.id)
              ->  Seq Scan on movie_companies mc  (cost=0.00..51404.11 rows=683663 width=4) (actual time=0.035..848.010 rows=689742 loops=1)
                    Filter: (company_id > 47175)
                    Rows Removed by Filter: 1919387
              ->  Hash  (cost=73925.90..73925.90 rows=33621 width=4) (actual time=1123.511..1123.511 rows=28104 loops=1)
                    Buckets: 65536  Batches: 1  Memory Usage: 1501kB
                    ->  Seq Scan on title t  (cost=0.00..73925.90 rows=33621 width=4) (actual time=0.066..1112.042 rows=28104 loops=1)
                          Filter: ((kind_id = 1) AND (production_year = 2009))
                          Rows Removed by Filter: 2500208
Planning time: 1.282 ms
Execution time: 7988.507 ms
