Hash Join  (cost=202225.94..695213.49 rows=1235362 width=0) (actual time=3901.346..19715.945 rows=13066450 loops=1)
  Hash Cond: (mi.movie_id = t.id)
  ->  Seq Scan on movie_info mi  (cost=0.00..309384.22 rows=14739122 width=4) (actual time=0.012..6141.929 rows=14835720 loops=1)
  ->  Hash  (cost=198748.83..198748.83 rows=211929 width=8) (actual time=3900.477..3900.477 rows=213148 loops=1)
        Buckets: 131072  Batches: 4  Memory Usage: 3138kB
        ->  Hash Join  (cost=102767.86..198748.83 rows=211929 width=8) (actual time=1896.913..3830.341 rows=213148 loops=1)
              Hash Cond: (mk.movie_id = t.id)
              ->  Seq Scan on movie_keyword mk  (cost=0.00..81003.12 rows=211929 width=4) (actual time=0.016..1338.200 rows=213148 loops=1)
                    Filter: (keyword_id > 65954)
                    Rows Removed by Filter: 4310782
              ->  Hash  (cost=61283.27..61283.27 rows=2528527 width=4) (actual time=1893.439..1893.439 rows=2528312 loops=1)
                    Buckets: 131072  Batches: 64  Memory Usage: 2425kB
                    ->  Seq Scan on title t  (cost=0.00..61283.27 rows=2528527 width=4) (actual time=0.036..1023.030 rows=2528312 loops=1)
Planning time: 3.237 ms
Execution time: 21246.181 ms
