Seq Scan on movie_companies mc  (cost=0.00..51404.11 rows=633794 width=0) (actual time=0.029..914.208 rows=627255 loops=1)
  Filter: (company_id < 819)
  Rows Removed by Filter: 1981874
Planning time: 3.470 ms
Execution time: 993.697 ms
