Nested Loop  (cost=52194.89..133406.53 rows=6 width=0) (actual time=1232.667..1981.390 rows=2 loops=1)
  ->  Hash Join  (cost=52194.46..133305.53 rows=32 width=8) (actual time=1232.591..1981.197 rows=2 loops=1)
        Hash Cond: (mk.movie_id = mc.movie_id)
        ->  Seq Scan on movie_keyword mk  (cost=0.00..81003.12 rows=246 width=4) (actual time=43.509..1228.217 rows=20 loops=1)
              Filter: (keyword_id = 29324)
              Rows Removed by Filter: 4523910
        ->  Hash  (cost=51404.11..51404.11 rows=63228 width=4) (actual time=752.395..752.395 rows=62075 loops=1)
              Buckets: 65536  Batches: 1  Memory Usage: 2695kB
              ->  Seq Scan on movie_companies mc  (cost=0.00..51404.11 rows=63228 width=4) (actual time=0.078..728.712 rows=62075 loops=1)
                    Filter: (company_id = 6)
                    Rows Removed by Filter: 2547054
  ->  Index Only Scan using title_pkey on title t  (cost=0.43..3.15 rows=1 width=4) (actual time=0.065..0.066 rows=1 loops=2)
        Index Cond: (id = mc.movie_id)
        Heap Fetches: 2
Planning time: 1.103 ms
Execution time: 1981.716 ms
