Seq Scan on movie_keyword mk  (cost=0.00..81003.12 rows=1718846 width=0) (actual time=0.022..1410.713 rows=1728552 loops=1)
  Filter: (keyword_id > 8190)
  Rows Removed by Filter: 2795378
Planning time: 0.347 ms
Execution time: 1627.650 ms
