Hash Join  (cost=73950.44..128636.23 rows=2026 width=0) (actual time=1149.142..2221.727 rows=7361 loops=1)
  Hash Cond: (mc.movie_id = t.id)
  ->  Seq Scan on movie_companies mc  (cost=0.00..44881.29 rows=2609129 width=4) (actual time=0.022..713.915 rows=2609129 loops=1)
  ->  Hash  (cost=73925.90..73925.90 rows=1963 width=4) (actual time=1011.870..1011.870 rows=3692 loops=1)
        Buckets: 4096 (originally 2048)  Batches: 1 (originally 1)  Memory Usage: 162kB
        ->  Seq Scan on title t  (cost=0.00..73925.90 rows=1963 width=4) (actual time=0.020..1010.023 rows=3692 loops=1)
              Filter: ((kind_id = 1) AND (production_year = 1964))
              Rows Removed by Filter: 2524620
Planning time: 0.732 ms
Execution time: 2223.140 ms
