Hash Join  (cost=992244.24..3732863.01 rows=132580353 width=0) (actual time=25225.807..129396.195 rows=299745495 loops=1)
  Hash Cond: (ci.movie_id = t.id)
  ->  Seq Scan on cast_info ci  (cost=0.00..705507.15 rows=23499554 width=4) (actual time=0.018..16234.103 rows=23573656 loops=1)
        Filter: (role_id > 1)
        Rows Removed by Filter: 12670688
  ->  Hash  (cost=758200.43..758200.43 rows=14265505 width=8) (actual time=25222.227..25222.227 rows=14683418 loops=1)
        Buckets: 131072  Batches: 256  Memory Usage: 3244kB
        ->  Hash Join  (cost=107755.55..758200.43 rows=14265505 width=8) (actual time=2176.010..20970.646 rows=14683418 loops=1)
              Hash Cond: (mi.movie_id = t.id)
              ->  Seq Scan on movie_info mi  (cost=0.00..309384.22 rows=14739122 width=4) (actual time=0.022..5889.316 rows=14835720 loops=1)
              ->  Hash  (cost=67604.59..67604.59 rows=2447277 width=4) (actual time=2174.681..2174.681 rows=2444984 loops=1)
                    Buckets: 131072  Batches: 32  Memory Usage: 3719kB
                    ->  Seq Scan on title t  (cost=0.00..67604.59 rows=2447277 width=4) (actual time=0.023..1357.296 rows=2444984 loops=1)
                          Filter: (production_year > 1902)
                          Rows Removed by Filter: 83328
Planning time: 1.141 ms
Execution time: 160426.684 ms
