Hash Join  (cost=221139.08..743819.96 rows=5768251 width=0) (actual time=5379.627..18260.315 rows=3939076 loops=1)
  Hash Cond: (mi.movie_id = t.id)
  ->  Seq Scan on movie_info mi  (cost=0.00..346232.03 rows=9767026 width=4) (actual time=356.332..6863.733 rows=9911754 loops=1)
        Filter: (info_type_id > 4)
        Rows Removed by Filter: 4923966
  ->  Hash  (cost=196638.73..196638.73 rows=1493308 width=8) (actual time=5021.813..5021.813 rows=590003 loops=1)
        Buckets: 131072  Batches: 32  Memory Usage: 1726kB
        ->  Hash Join  (cost=92883.59..196638.73 rows=1493308 width=8) (actual time=1993.009..4846.541 rows=590003 loops=1)
              Hash Cond: (mc.movie_id = t.id)
              ->  Seq Scan on movie_companies mc  (cost=0.00..51404.11 rows=2450590 width=4) (actual time=0.030..1101.806 rows=2447019 loops=1)
                    Filter: (company_id > 27)
                    Rows Removed by Filter: 162110
              ->  Hash  (cost=67604.59..67604.59 rows=1540800 width=4) (actual time=1888.813..1888.813 rows=1543264 loops=1)
                    Buckets: 131072  Batches: 32  Memory Usage: 2722kB
                    ->  Seq Scan on title t  (cost=0.00..67604.59 rows=1540800 width=4) (actual time=47.871..1377.385 rows=1543264 loops=1)
                          Filter: (kind_id = 7)
                          Rows Removed by Filter: 985048
Planning time: 1.114 ms
Execution time: 18676.235 ms
