Hash Join  (cost=195607.42..563382.58 rows=311923 width=0) (actual time=3813.747..12672.113 rows=1150598 loops=1)
  Hash Cond: (mi.movie_id = t.id)
  ->  Seq Scan on movie_info mi  (cost=0.00..309384.22 rows=14739122 width=4) (actual time=0.017..4481.198 rows=14835720 loops=1)
  ->  Hash  (cost=194938.54..194938.54 rows=53511 width=8) (actual time=3813.319..3813.319 rows=48592 loops=1)
        Buckets: 65536  Batches: 1  Memory Usage: 2411kB
        ->  Hash Join  (cost=102767.86..194938.54 rows=53511 width=8) (actual time=1997.822..3794.421 rows=48592 loops=1)
              Hash Cond: (mk.movie_id = t.id)
              ->  Seq Scan on movie_keyword mk  (cost=0.00..81003.12 rows=53511 width=4) (actual time=0.026..1345.077 rows=48592 loops=1)
                    Filter: (keyword_id < 50)
                    Rows Removed by Filter: 4475338
              ->  Hash  (cost=61283.27..61283.27 rows=2528527 width=4) (actual time=1994.813..1994.813 rows=2528312 loops=1)
                    Buckets: 131072  Batches: 64  Memory Usage: 2425kB
                    ->  Seq Scan on title t  (cost=0.00..61283.27 rows=2528527 width=4) (actual time=0.012..1125.285 rows=2528312 loops=1)
Planning time: 1.093 ms
Execution time: 12824.597 ms
