Hash Join  (cost=82776.67..1195969.41 rows=7728158 width=0) (actual time=1688.176..34201.111 rows=7495117 loops=1)
  Hash Cond: (ci.movie_id = t.id)
  ->  Seq Scan on cast_info ci  (cost=0.00..614943.12 rows=36225612 width=4) (actual time=0.023..13382.069 rows=36244344 loops=1)
  ->  Hash  (cost=73925.90..73925.90 rows=539421 width=4) (actual time=1687.193..1687.193 rows=459810 loops=1)
        Buckets: 131072  Batches: 8  Memory Usage: 3041kB
        ->  Seq Scan on title t  (cost=0.00..73925.90 rows=539421 width=4) (actual time=0.028..1200.767 rows=459810 loops=1)
              Filter: ((kind_id < 7) AND (production_year > 2000))
              Rows Removed by Filter: 2068502
Planning time: 3.639 ms
Execution time: 35073.497 ms
