Hash Join  (cost=142236.73..976348.73 rows=511064 width=0) (actual time=10295.585..17384.012 rows=390285 loops=1)
  Hash Cond: (ci.movie_id = t.id)
  ->  Seq Scan on cast_info ci  (cost=0.00..796071.18 rows=2685382 width=4) (actual time=7312.403..13843.452 rows=863457 loops=1)
        Filter: ((person_id < 2280472) AND (role_id = 10))
        Rows Removed by Filter: 35380887
  ->  Hash  (cost=134341.58..134341.58 rows=481212 width=8) (actual time=2981.045..2981.045 rows=269931 loops=1)
        Buckets: 131072  Batches: 8  Memory Usage: 2347kB
        ->  Hash Join  (cost=88391.98..134341.58 rows=481212 width=8) (actual time=2021.214..2894.728 rows=269931 loops=1)
              Hash Cond: (mi_idx.movie_id = t.id)
              ->  Seq Scan on movie_info_idx mi_idx  (cost=0.00..21735.35 rows=1380035 width=4) (actual time=0.024..461.767 rows=1380035 loops=1)
              ->  Hash  (cost=73925.90..73925.90 rows=881686 width=4) (actual time=1562.076..1562.076 rows=801513 loops=1)
                    Buckets: 131072  Batches: 16  Memory Usage: 2786kB
                    ->  Seq Scan on title t  (cost=0.00..73925.90 rows=881686 width=4) (actual time=0.021..1314.002 rows=801513 loops=1)
                          Filter: ((production_year < 2006) AND (kind_id = 7))
                          Rows Removed by Filter: 1726799
Planning time: 1.095 ms
Execution time: 17434.070 ms
