Hash Join  (cost=175209.69..252901.91 rows=191670 width=0) (actual time=3645.375..6799.582 rows=4942257 loops=1)
  Hash Cond: (mc.movie_id = t.id)
  ->  Seq Scan on movie_companies mc  (cost=0.00..44881.29 rows=2609129 width=4) (actual time=0.017..938.673 rows=2609129 loops=1)
  ->  Hash  (cost=172161.83..172161.83 rows=185749 width=8) (actual time=3644.354..3644.354 rows=475155 loops=1)
        Buckets: 131072 (originally 131072)  Batches: 8 (originally 4)  Memory Usage: 3381kB
        ->  Hash Join  (cost=78556.72..172161.83 rows=185749 width=8) (actual time=1682.578..3496.266 rows=475155 loops=1)
              Hash Cond: (mk.movie_id = t.id)
              ->  Seq Scan on movie_keyword mk  (cost=0.00..81003.12 rows=703596 width=4) (actual time=25.847..1564.472 rows=709749 loops=1)
                    Filter: (keyword_id > 26615)
                    Rows Removed by Filter: 3814181
              ->  Hash  (cost=67604.59..67604.59 rows=667531 width=4) (actual time=1335.474..1335.474 rows=662825 loops=1)
                    Buckets: 131072  Batches: 16  Memory Usage: 2486kB
                    ->  Seq Scan on title t  (cost=0.00..67604.59 rows=667531 width=4) (actual time=0.541..1128.762 rows=662825 loops=1)
                          Filter: (kind_id = 1)
                          Rows Removed by Filter: 1865487
Planning time: 1.164 ms
Execution time: 7320.397 ms
