Seq Scan on movie_keyword mk  (cost=0.00..81003.12 rows=2019995 width=0) (actual time=0.025..1434.148 rows=2027085 loops=1)
  Filter: (keyword_id < 3630)
  Rows Removed by Filter: 2496845
Planning time: 3.407 ms
Execution time: 1684.391 ms
