Seq Scan on title t  (cost=0.00..73925.90 rows=1016702 width=0) (actual time=0.027..1314.943 rows=960113 loops=1)
  Filter: ((kind_id > 6) AND (production_year < 2008))
  Rows Removed by Filter: 1568199
Planning time: 0.289 ms
Execution time: 1431.765 ms
