Hash Join  (cost=73982.55..136678.38 rows=2268 width=0) (actual time=1432.620..2288.739 rows=3705 loops=1)
  Hash Cond: (mc.movie_id = t.id)
  ->  Seq Scan on movie_companies mc  (cost=0.00..57926.93 rows=1265655 width=4) (actual time=354.714..1032.378 rows=1209885 loops=1)
        Filter: ((company_id < 143827) AND (company_type_id = 2))
        Rows Removed by Filter: 1399244
  ->  Hash  (cost=73925.90..73925.90 rows=4532 width=4) (actual time=1077.081..1077.081 rows=11996 loops=1)
        Buckets: 16384 (originally 8192)  Batches: 1 (originally 1)  Memory Usage: 550kB
        ->  Seq Scan on title t  (cost=0.00..73925.90 rows=4532 width=4) (actual time=0.099..1072.041 rows=11996 loops=1)
              Filter: ((kind_id = 7) AND (production_year = 1987))
              Rows Removed by Filter: 2516316
Planning time: 2.791 ms
Execution time: 2289.229 ms
