Hash Join  (cost=102767.86..1061167.42 rows=6335531 width=0) (actual time=9756.136..19509.351 rows=3646751 loops=1)
  Hash Cond: (ci.movie_id = t.id)
  ->  Seq Scan on cast_info ci  (cost=0.00..796071.18 rows=6335531 width=4) (actual time=7869.027..14355.982 rows=3646751 loops=1)
        Filter: ((person_id < 1863110) AND (role_id > 3))
        Rows Removed by Filter: 32597593
  ->  Hash  (cost=61283.27..61283.27 rows=2528527 width=4) (actual time=1884.943..1884.943 rows=2528312 loops=1)
        Buckets: 131072  Batches: 64  Memory Usage: 2415kB
        ->  Seq Scan on title t  (cost=0.00..61283.27 rows=2528527 width=4) (actual time=0.022..1037.249 rows=2528312 loops=1)
Planning time: 0.725 ms
Execution time: 19911.932 ms
