Hash Join  (cost=67612.84..160788.65 rows=847 width=0) (actual time=1124.291..3221.416 rows=4049 loops=1)
  Hash Cond: (mk.movie_id = t.id)
  ->  Seq Scan on movie_keyword mk  (cost=0.00..81003.12 rows=3243791 width=4) (actual time=0.024..1597.402 rows=3233869 loops=1)
        Filter: (keyword_id < 13704)
        Rows Removed by Filter: 1290061
  ->  Hash  (cost=67604.59..67604.59 rows=660 width=4) (actual time=1124.093..1124.093 rows=3515 loops=1)
        Buckets: 4096 (originally 1024)  Batches: 1 (originally 1)  Memory Usage: 156kB
        ->  Seq Scan on title t  (cost=0.00..67604.59 rows=660 width=4) (actual time=9.446..1122.275 rows=3515 loops=1)
              Filter: (production_year > 2013)
              Rows Removed by Filter: 2524797
Planning time: 0.684 ms
Execution time: 3222.209 ms
