Hash Join  (cost=102548.06..194749.18 rows=42820 width=0) (actual time=2068.571..3971.233 rows=242574 loops=1)
  Hash Cond: (mk.movie_id = t.id)
  ->  Seq Scan on movie_keyword mk  (cost=0.00..81003.12 rows=2871945 width=4) (actual time=0.016..1507.405 rows=2858355 loops=1)
        Filter: (keyword_id > 2553)
        Rows Removed by Filter: 1665575
  ->  Hash  (cost=102076.81..102076.81 rows=37700 width=8) (actual time=1955.929..1955.929 rows=76104 loops=1)
        Buckets: 131072 (originally 65536)  Batches: 1 (originally 1)  Memory Usage: 3997kB
        ->  Hash Join  (cost=74789.33..102076.81 rows=37700 width=8) (actual time=1241.315..1929.200 rows=76104 loops=1)
              Hash Cond: (mi_idx.movie_id = t.id)
              ->  Seq Scan on movie_info_idx mi_idx  (cost=0.00..21735.35 rows=1380035 width=4) (actual time=0.016..342.106 rows=1380035 loops=1)
              ->  Hash  (cost=73925.90..73925.90 rows=69074 width=4) (actual time=1240.642..1240.642 rows=60698 loops=1)
                    Buckets: 131072  Batches: 1  Memory Usage: 3158kB
                    ->  Seq Scan on title t  (cost=0.00..73925.90 rows=69074 width=4) (actual time=45.243..1216.890 rows=60698 loops=1)
                          Filter: ((production_year > 1992) AND (kind_id = 3))
                          Rows Removed by Filter: 2467614
Planning time: 1.234 ms
Execution time: 4001.711 ms
