Seq Scan on cast_info ci  (cost=0.00..705507.15 rows=500 width=0) (actual time=252.149..11026.543 rows=53 loops=1)
  Filter: (person_id = 2135740)
  Rows Removed by Filter: 36244291
Planning time: 0.406 ms
Execution time: 11026.626 ms
