Seq Scan on movie_companies mc  (cost=0.00..51404.11 rows=104 width=0) (actual time=23.250..749.790 rows=481 loops=1)
  Filter: (company_id = 1727)
  Rows Removed by Filter: 2608648
Planning time: 0.324 ms
Execution time: 750.015 ms
