Seq Scan on cast_info ci  (cost=0.00..796071.18 rows=2353829 width=0) (actual time=5254.999..13065.450 rows=776234 loops=1)
  Filter: ((person_id < 1800673) AND (role_id > 9))
  Rows Removed by Filter: 35468110
Planning time: 0.382 ms
Execution time: 13163.247 ms
