Seq Scan on movie_keyword mk  (cost=0.00..81003.12 rows=309972 width=0) (actual time=0.016..1418.250 rows=306591 loops=1)
  Filter: (keyword_id > 53000)
  Rows Removed by Filter: 4217339
Planning time: 0.286 ms
Execution time: 1458.905 ms
