Hash Join  (cost=77864.76..572602.56 rows=1399388 width=0) (actual time=1451.648..13499.926 rows=637463 loops=1)
  Hash Cond: (mi.movie_id = t.id)
  ->  Seq Scan on movie_info mi  (cost=0.00..309384.22 rows=14739122 width=4) (actual time=0.023..6232.362 rows=14835720 loops=1)
  ->  Hash  (cost=73925.90..73925.90 rows=240068 width=4) (actual time=1450.954..1450.954 rows=109701 loops=1)
        Buckets: 131072  Batches: 4  Memory Usage: 1993kB
        ->  Seq Scan on title t  (cost=0.00..73925.90 rows=240068 width=4) (actual time=0.123..1409.038 rows=109701 loops=1)
              Filter: ((kind_id > 1) AND (production_year < 1967))
              Rows Removed by Filter: 2418611
Planning time: 0.680 ms
Execution time: 13572.864 ms
