Seq Scan on movie_companies mc  (cost=0.00..57926.93 rows=51 width=0) (actual time=5.601..748.333 rows=1309 loops=1)
  Filter: ((company_id = 663) AND (company_type_id = 1))
  Rows Removed by Filter: 2607820
Planning time: 0.278 ms
Execution time: 748.642 ms
