Seq Scan on movie_keyword mk  (cost=0.00..81003.12 rows=4000391 width=0) (actual time=0.025..1651.794 rows=4009857 loops=1)
  Filter: (keyword_id < 35251)
  Rows Removed by Filter: 514073
Planning time: 0.310 ms
Execution time: 2149.851 ms
