Seq Scan on title t  (cost=0.00..73925.90 rows=31113 width=0) (actual time=281.044..1066.774 rows=77864 loops=1)
  Filter: ((kind_id < 7) AND (production_year < 1918))
  Rows Removed by Filter: 2450448
Planning time: 0.309 ms
Execution time: 1077.372 ms
