Hash Join  (cost=28267.63..392927.82 rows=425 width=0) (actual time=429.258..7427.272 rows=30063 loops=1)
  Hash Cond: (mi.movie_id = t.id)
  ->  Seq Scan on movie_info mi  (cost=0.00..309384.22 rows=14739122 width=4) (actual time=0.023..4333.381 rows=14835720 loops=1)
  ->  Hash  (cost=28266.72..28266.72 rows=73 width=8) (actual time=423.034..423.034 rows=104 loops=1)
        Buckets: 1024  Batches: 1  Memory Usage: 13kB
        ->  Nested Loop  (cost=0.43..28266.72 rows=73 width=8) (actual time=352.339..422.964 rows=104 loops=1)
              ->  Seq Scan on movie_info_idx mi_idx  (cost=0.00..25185.44 rows=368 width=4) (actual time=352.245..398.305 rows=260 loops=1)
                    Filter: (info_type_id > 101)
                    Rows Removed by Filter: 1379775
              ->  Index Scan using title_pkey on title t  (cost=0.43..8.36 rows=1 width=4) (actual time=0.094..0.094 rows=0 loops=260)
                    Index Cond: (id = mi_idx.movie_id)
                    Filter: (production_year < 1979)
                    Rows Removed by Filter: 1
Planning time: 1.099 ms
Execution time: 7431.644 ms
