Hash Join  (cost=100885.97..155555.05 rows=355 width=0) (actual time=1771.062..2839.881 rows=2785 loops=1)
  Hash Cond: (mc.movie_id = t.id)
  ->  Seq Scan on movie_companies mc  (cost=0.00..44881.29 rows=2609129 width=4) (actual time=0.017..752.815 rows=2609129 loops=1)
  ->  Hash  (cost=100881.67..100881.67 rows=344 width=8) (actual time=1573.374..1573.374 rows=991 loops=1)
        Buckets: 1024  Batches: 1  Memory Usage: 47kB
        ->  Hash Join  (cost=73949.29..100881.67 rows=344 width=8) (actual time=1031.577..1572.857 rows=991 loops=1)
              Hash Cond: (mi_idx.movie_id = t.id)
              ->  Seq Scan on movie_info_idx mi_idx  (cost=0.00..25185.44 rows=464934 width=4) (actual time=0.023..463.810 rows=460185 loops=1)
                    Filter: (info_type_id > 100)
                    Rows Removed by Filter: 919850
              ->  Hash  (cost=73925.90..73925.90 rows=1871 width=4) (actual time=1031.501..1031.501 rows=2337 loops=1)
                    Buckets: 4096 (originally 2048)  Batches: 1 (originally 1)  Memory Usage: 115kB
                    ->  Seq Scan on title t  (cost=0.00..73925.90 rows=1871 width=4) (actual time=149.869..1030.051 rows=2337 loops=1)
                          Filter: ((kind_id = 2) AND (production_year = 2000))
                          Rows Removed by Filter: 2525975
Planning time: 1.089 ms
Execution time: 2840.528 ms
