Seq Scan on movie_info mi  (cost=0.00..346232.03 rows=1810770 width=0) (actual time=0.020..5709.478 rows=1865632 loops=1)
  Filter: (info_type_id > 17)
  Rows Removed by Filter: 12970088
Planning time: 0.345 ms
Execution time: 5949.132 ms
