Seq Scan on movie_companies mc  (cost=0.00..57926.93 rows=1142934 width=0) (actual time=538.321..1199.921 rows=1250223 loops=1)
  Filter: ((company_id > 192) AND (company_type_id = 2))
  Rows Removed by Filter: 1358906
Planning time: 0.840 ms
Execution time: 1351.901 ms
