Hash Join  (cost=102767.86..911290.70 rows=106933 width=0) (actual time=3544.974..14042.387 rows=233272 loops=1)
  Hash Cond: (ci.movie_id = t.id)
  ->  Seq Scan on cast_info ci  (cost=0.00..796071.18 rows=106933 width=4) (actual time=1554.341..11273.302 rows=233272 loops=1)
        Filter: ((person_id > 2598147) AND (role_id > 10))
        Rows Removed by Filter: 36011072
  ->  Hash  (cost=61283.27..61283.27 rows=2528527 width=4) (actual time=1989.481..1989.481 rows=2528312 loops=1)
        Buckets: 131072  Batches: 64  Memory Usage: 2415kB
        ->  Seq Scan on title t  (cost=0.00..61283.27 rows=2528527 width=4) (actual time=0.025..1142.517 rows=2528312 loops=1)
Planning time: 0.744 ms
Execution time: 14067.690 ms
