Hash Join  (cost=83072.30..109982.79 rows=1 width=0) (actual time=1332.687..1891.419 rows=18 loops=1)
  Hash Cond: (mi_idx.movie_id = t.id)
  ->  Seq Scan on movie_info_idx mi_idx  (cost=0.00..21735.35 rows=1380035 width=4) (actual time=0.027..333.868 rows=1380035 loops=1)
  ->  Hash  (cost=83072.29..83072.29 rows=1 width=8) (actual time=1311.760..1311.760 rows=7 loops=1)
        Buckets: 1024  Batches: 1  Memory Usage: 9kB
        ->  Nested Loop  (cost=0.43..83072.29 rows=1 width=8) (actual time=92.824..1311.733 rows=7 loops=1)
              ->  Seq Scan on movie_keyword mk  (cost=0.00..81003.12 rows=246 width=4) (actual time=0.629..1264.779 rows=1228 loops=1)
                    Filter: (keyword_id = 925)
                    Rows Removed by Filter: 4522702
              ->  Index Scan using title_pkey on title t  (cost=0.43..8.40 rows=1 width=4) (actual time=0.037..0.037 rows=0 loops=1228)
                    Index Cond: (id = mk.movie_id)
                    Filter: (production_year = 1946)
                    Rows Removed by Filter: 1
Planning time: 1.155 ms
Execution time: 1891.576 ms
