Seq Scan on movie_keyword mk  (cost=0.00..81003.12 rows=1432803 width=0) (actual time=0.010..1480.293 rows=1447488 loops=1)
  Filter: (keyword_id < 2035)
  Rows Removed by Filter: 3076442
Planning time: 0.216 ms
Execution time: 1669.484 ms
