Seq Scan on cast_info ci  (cost=0.00..796071.18 rows=176 width=0) (actual time=7550.264..13245.095 rows=526 loops=1)
  Filter: ((role_id < 2) AND (person_id = 1118649))
  Rows Removed by Filter: 36243818
Planning time: 0.424 ms
Execution time: 13245.293 ms
