Seq Scan on cast_info ci  (cost=0.00..796071.18 rows=30871797 width=0) (actual time=0.013..14460.804 rows=31019460 loops=1)
  Filter: ((person_id > 478824) AND (role_id < 11))
  Rows Removed by Filter: 5224884
Planning time: 0.223 ms
Execution time: 17608.829 ms
