Hash Join  (cost=137471.74..270496.95 rows=904717 width=0) (actual time=3229.780..7676.370 rows=5471299 loops=1)
  Hash Cond: (mk.movie_id = t.id)
  ->  Seq Scan on movie_keyword mk  (cost=0.00..69693.30 rows=4523930 width=4) (actual time=0.020..1426.582 rows=4523930 loops=1)
  ->  Hash  (cost=129174.90..129174.90 rows=505667 width=8) (actual time=3228.925..3228.925 rows=621085 loops=1)
        Buckets: 131072  Batches: 8  Memory Usage: 4078kB
        ->  Hash Join  (cost=82805.75..129174.90 rows=505667 width=8) (actual time=1606.012..3034.992 rows=621085 loops=1)
              Hash Cond: (mi_idx.movie_id = t.id)
              ->  Seq Scan on movie_info_idx mi_idx  (cost=0.00..21735.35 rows=1380035 width=4) (actual time=0.403..453.873 rows=1380035 loops=1)
              ->  Hash  (cost=67604.59..67604.59 rows=926493 width=4) (actual time=1604.174..1604.174 rows=924605 loops=1)
                    Buckets: 131072  Batches: 16  Memory Usage: 3056kB
                    ->  Seq Scan on title t  (cost=0.00..67604.59 rows=926493 width=4) (actual time=0.021..1299.509 rows=924605 loops=1)
                          Filter: (production_year < 1998)
                          Rows Removed by Filter: 1603707
Planning time: 1.055 ms
Execution time: 8254.073 ms
