Seq Scan on cast_info ci  (cost=0.00..705507.15 rows=24276627 width=0) (actual time=0.075..12035.157 rows=24229916 loops=1)
  Filter: (person_id < 2487011)
  Rows Removed by Filter: 12014428
Planning time: 0.301 ms
Execution time: 14963.328 ms
