Hash Join  (cost=314311.38..1383875.56 rows=16072944 width=0) (actual time=7384.849..41685.921 rows=55497877 loops=1)
  Hash Cond: (ci.movie_id = t.id)
  ->  Seq Scan on cast_info ci  (cost=0.00..705507.15 rows=13630494 width=4) (actual time=0.013..13697.485 rows=13592699 loops=1)
        Filter: (person_id < 1338534)
        Rows Removed by Filter: 22651645
  ->  Hash  (cost=265394.21..265394.21 rows=2981614 width=8) (actual time=7382.560..7382.560 rows=2966741 loops=1)
        Buckets: 131072  Batches: 64  Memory Usage: 2856kB
        ->  Hash Join  (cost=102767.86..265394.21 rows=2981614 width=8) (actual time=2302.912..6573.412 rows=2966741 loops=1)
              Hash Cond: (mk.movie_id = t.id)
              ->  Seq Scan on movie_keyword mk  (cost=0.00..81003.12 rows=2981614 width=4) (actual time=0.015..1761.500 rows=2966741 loops=1)
                    Filter: (keyword_id < 10111)
                    Rows Removed by Filter: 1557189
              ->  Hash  (cost=61283.27..61283.27 rows=2528527 width=4) (actual time=2301.911..2301.911 rows=2528312 loops=1)
                    Buckets: 131072  Batches: 64  Memory Usage: 2425kB
                    ->  Seq Scan on title t  (cost=0.00..61283.27 rows=2528527 width=4) (actual time=0.018..1142.669 rows=2528312 loops=1)
Planning time: 0.886 ms
Execution time: 47884.190 ms
