Hash Join  (cost=152966.45..1126471.22 rows=1645021 width=0) (actual time=3498.601..27467.726 rows=2228183 loops=1)
  Hash Cond: (ci.movie_id = t.id)
  ->  Seq Scan on cast_info ci  (cost=0.00..705507.15 rows=21690509 width=4) (actual time=0.016..14838.416 rows=21552159 loops=1)
        Filter: (person_id < 2186088)
        Rows Removed by Filter: 14692185
  ->  Hash  (cost=149819.39..149819.39 rows=191765 width=8) (actual time=3497.005..3497.005 rows=117787 loops=1)
        Buckets: 131072  Batches: 4  Memory Usage: 2186kB
        ->  Hash Join  (cost=71408.55..149819.39 rows=191765 width=8) (actual time=1107.921..3106.789 rows=117787 loops=1)
              Hash Cond: (mc.movie_id = t.id)
              ->  Seq Scan on movie_companies mc  (cost=0.00..51404.11 rows=2091487 width=4) (actual time=0.026..1034.176 rows=2085805 loops=1)
                    Filter: (company_id < 73169)
                    Rows Removed by Filter: 523324
              ->  Hash  (cost=67604.59..67604.59 rows=231837 width=4) (actual time=1106.924..1106.924 rows=231649 loops=1)
                    Buckets: 131072  Batches: 4  Memory Usage: 3076kB
                    ->  Seq Scan on title t  (cost=0.00..67604.59 rows=231837 width=4) (actual time=0.013..1024.383 rows=231649 loops=1)
                          Filter: (production_year > 2011)
                          Rows Removed by Filter: 2296663
Planning time: 1.107 ms
Execution time: 27714.685 ms
