Seq Scan on movie_keyword mk  (cost=0.00..81003.12 rows=1207761 width=0) (actual time=0.019..1490.581 rows=1204821 loops=1)
  Filter: (keyword_id < 1515)
  Rows Removed by Filter: 3319109
Planning time: 0.235 ms
Execution time: 1644.360 ms
