Seq Scan on movie_keyword mk  (cost=0.00..81003.12 rows=4418469 width=0) (actual time=0.019..1683.852 rows=4420030 loops=1)
  Filter: (keyword_id < 81348)
  Rows Removed by Filter: 103900
Planning time: 0.325 ms
Execution time: 2242.632 ms
