Hash Join  (cost=204936.58..1319133.27 rows=3417958 width=0) (actual time=4779.258..42145.090 rows=28082965 loops=1)
  Hash Cond: (ci.movie_id = t.id)
  ->  Seq Scan on cast_info ci  (cost=0.00..614943.12 rows=36225612 width=4) (actual time=0.023..13352.188 rows=36244344 loops=1)
  ->  Hash  (cost=201022.44..201022.44 rows=238571 width=8) (actual time=4777.168..4777.168 rows=827251 loops=1)
        Buckets: 131072 (originally 131072)  Batches: 16 (originally 4)  Memory Usage: 3117kB
        ->  Hash Join  (cost=76113.69..201022.44 rows=238571 width=8) (actual time=1257.224..4524.753 rows=827251 loops=1)
              Hash Cond: (mk.movie_id = t.id)
              ->  Seq Scan on movie_keyword mk  (cost=0.00..69693.30 rows=4523930 width=4) (actual time=0.024..1367.484 rows=4523930 loops=1)
              ->  Hash  (cost=73925.90..73925.90 rows=133343 width=4) (actual time=1256.086..1256.086 rows=233692 loops=1)
                    Buckets: 131072 (originally 131072)  Batches: 4 (originally 2)  Memory Usage: 3085kB
                    ->  Seq Scan on title t  (cost=0.00..73925.90 rows=133343 width=4) (actual time=0.027..1166.563 rows=233692 loops=1)
                          Filter: ((kind_id < 7) AND (production_year < 1968))
                          Rows Removed by Filter: 2294620
Planning time: 1.169 ms
Execution time: 45335.572 ms
