Seq Scan on cast_info ci  (cost=0.00..796071.18 rows=16514655 width=0) (actual time=0.019..15903.353 rows=20122661 loops=1)
  Filter: ((person_id < 3011875) AND (role_id < 3))
  Rows Removed by Filter: 16121683
Planning time: 0.407 ms
Execution time: 18359.080 ms
