Seq Scan on movie_keyword mk  (cost=0.00..81003.12 rows=3884842 width=0) (actual time=0.016..1591.033 rows=3884292 loops=1)
  Filter: (keyword_id > 495)
  Rows Removed by Filter: 639638
Planning time: 0.331 ms
Execution time: 2076.006 ms
