Seq Scan on movie_keyword mk  (cost=0.00..81003.12 rows=1942781 width=0) (actual time=0.020..1310.941 rows=1951971 loops=1)
  Filter: (keyword_id > 6610)
  Rows Removed by Filter: 2571959
Planning time: 0.981 ms
Execution time: 1532.152 ms
