Seq Scan on movie_companies mc  (cost=0.00..51404.11 rows=104 width=0) (actual time=23.225..823.443 rows=273 loops=1)
  Filter: (company_id = 45648)
  Rows Removed by Filter: 2608856
Planning time: 0.368 ms
Execution time: 823.610 ms
