Seq Scan on movie_companies mc  (cost=0.00..57926.93 rows=191365 width=0) (actual time=18.225..885.242 rows=86384 loops=1)
  Filter: ((company_id < 219) AND (company_type_id = 2))
  Rows Removed by Filter: 2522745
Planning time: 2.627 ms
Execution time: 896.555 ms
