Hash Join  (cost=173678.12..297352.57 rows=137241 width=0) (actual time=3852.216..6868.155 rows=1204691 loops=1)
  Hash Cond: (mk.movie_id = t.id)
  ->  Seq Scan on movie_keyword mk  (cost=0.00..69693.30 rows=4523930 width=4) (actual time=0.023..1370.602 rows=4523930 loops=1)
  ->  Hash  (cost=172419.28..172419.28 rows=76707 width=8) (actual time=3851.366..3851.366 rows=149311 loops=1)
        Buckets: 131072  Batches: 2  Memory Usage: 3957kB
        ->  Hash Join  (cost=102767.86..172419.28 rows=76707 width=8) (actual time=2821.424..3801.775 rows=149311 loops=1)
              Hash Cond: (mc.movie_id = t.id)
              ->  Seq Scan on movie_companies mc  (cost=0.00..57926.93 rows=76707 width=4) (actual time=355.117..810.959 rows=149311 loops=1)
                    Filter: ((company_id > 132394) AND (company_type_id > 1))
                    Rows Removed by Filter: 2459818
              ->  Hash  (cost=61283.27..61283.27 rows=2528527 width=4) (actual time=2465.183..2465.183 rows=2528312 loops=1)
                    Buckets: 131072  Batches: 64  Memory Usage: 2415kB
                    ->  Seq Scan on title t  (cost=0.00..61283.27 rows=2528527 width=4) (actual time=0.026..1176.529 rows=2528312 loops=1)
Planning time: 1.163 ms
Execution time: 7010.135 ms
