Seq Scan on cast_info ci  (cost=0.00..796071.18 rows=396 width=0) (actual time=10486.165..14404.891 rows=65 loops=1)
  Filter: ((role_id < 8) AND (person_id = 79843))
  Rows Removed by Filter: 36244279
Planning time: 0.383 ms
Execution time: 14405.028 ms
