Hash Join  (cost=52284.92..79195.82 rows=42 width=0) (actual time=1178.765..1559.787 rows=12 loops=1)
  Hash Cond: (mi_idx.movie_id = t.id)
  ->  Seq Scan on movie_info_idx mi_idx  (cost=0.00..21735.35 rows=1380035 width=4) (actual time=0.011..416.851 rows=1380035 loops=1)
  ->  Hash  (cost=52283.95..52283.95 rows=77 width=8) (actual time=898.063..898.063 rows=7 loops=1)
        Buckets: 1024  Batches: 1  Memory Usage: 9kB
        ->  Nested Loop  (cost=0.43..52283.95 rows=77 width=8) (actual time=222.839..898.048 rows=7 loops=1)
              ->  Seq Scan on movie_companies mc  (cost=0.00..51404.11 rows=104 width=4) (actual time=222.744..896.026 rows=7 loops=1)
                    Filter: (company_id = 1979)
                    Rows Removed by Filter: 2609122
              ->  Index Scan using title_pkey on title t  (cost=0.43..8.45 rows=1 width=4) (actual time=0.284..0.284 rows=1 loops=7)
                    Index Cond: (id = mc.movie_id)
                    Filter: (kind_id > 1)
Planning time: 1.916 ms
Execution time: 1560.038 ms
