Hash Join  (cost=481165.41..1602048.46 rows=8476791 width=0) (actual time=9177.426..42551.343 rows=11185809 loops=1)
  Hash Cond: (ci.movie_id = t.id)
  ->  Seq Scan on cast_info ci  (cost=0.00..614943.12 rows=36225612 width=4) (actual time=0.028..12994.019 rows=36244344 loops=1)
  ->  Hash  (cost=471457.47..471457.47 rows=591675 width=8) (actual time=9176.584..9176.584 rows=560610 loops=1)
        Buckets: 131072  Batches: 8  Memory Usage: 3749kB
        ->  Hash Join  (cost=81925.97..471457.47 rows=591675 width=8) (actual time=3052.936..8992.093 rows=560610 loops=1)
              Hash Cond: (mi.movie_id = t.id)
              ->  Seq Scan on movie_info mi  (cost=0.00..346232.03 rows=3068194 width=4) (actual time=1131.959..5332.990 rows=3036719 loops=1)
                    Filter: (info_type_id = 16)
                    Rows Removed by Filter: 11799001
              ->  Hash  (cost=73925.90..73925.90 rows=487605 width=4) (actual time=1920.068..1920.068 rows=501779 loops=1)
                    Buckets: 131072  Batches: 8  Memory Usage: 3237kB
                    ->  Seq Scan on title t  (cost=0.00..73925.90 rows=487605 width=4) (actual time=0.039..1274.669 rows=501779 loops=1)
                          Filter: ((kind_id > 1) AND (production_year > 2008))
                          Rows Removed by Filter: 2026533
Planning time: 1.220 ms
Execution time: 43864.859 ms
