Hash Join  (cost=86241.46..1145211.85 rows=9766209 width=0) (actual time=2003.952..30678.288 rows=8516693 loops=1)
  Hash Cond: (ci.movie_id = t.id)
  ->  Seq Scan on cast_info ci  (cost=0.00..705507.15 rows=21739506 width=4) (actual time=0.022..14584.960 rows=21832665 loops=1)
        Filter: (person_id > 1419405)
        Rows Removed by Filter: 14411679
  ->  Hash  (cost=67604.59..67604.59 rows=1135910 width=4) (actual time=2003.038..2003.038 rows=1133355 loops=1)
        Buckets: 131072  Batches: 16  Memory Usage: 3516kB
        ->  Seq Scan on title t  (cost=0.00..67604.59 rows=1135910 width=4) (actual time=0.015..1299.274 rows=1133355 loops=1)
              Filter: (production_year < 2002)
              Rows Removed by Filter: 1394957
Planning time: 0.763 ms
Execution time: 31727.333 ms
