Hash Join  (cost=102767.86..299409.36 rows=4395223 width=0) (actual time=2254.021..7654.697 rows=4398741 loops=1)
  Hash Cond: (mk.movie_id = t.id)
  ->  Seq Scan on movie_keyword mk  (cost=0.00..81003.12 rows=4395223 width=4) (actual time=0.017..1837.817 rows=4398741 loops=1)
        Filter: (keyword_id < 77135)
        Rows Removed by Filter: 125189
  ->  Hash  (cost=61283.27..61283.27 rows=2528527 width=4) (actual time=2252.600..2252.600 rows=2528312 loops=1)
        Buckets: 131072  Batches: 64  Memory Usage: 2425kB
        ->  Seq Scan on title t  (cost=0.00..61283.27 rows=2528527 width=4) (actual time=0.023..1112.907 rows=2528312 loops=1)
Planning time: 0.759 ms
Execution time: 8163.779 ms
