Hash Join  (cost=88767.14..200903.36 rows=652132 width=0) (actual time=1684.499..4253.891 rows=160803 loops=1)
  Hash Cond: (mk.movie_id = t.id)
  ->  Seq Scan on movie_keyword mk  (cost=0.00..81003.12 rows=1822873 width=4) (actual time=0.024..1556.949 rows=1828715 loops=1)
        Filter: (keyword_id < 3009)
        Rows Removed by Filter: 2695215
  ->  Hash  (cost=73925.90..73925.90 rows=904579 width=4) (actual time=1622.901..1622.901 rows=992072 loops=1)
        Buckets: 131072  Batches: 16  Memory Usage: 3218kB
        ->  Seq Scan on title t  (cost=0.00..73925.90 rows=904579 width=4) (actual time=196.400..1294.335 rows=992072 loops=1)
              Filter: ((production_year > 1998) AND (kind_id = 7))
              Rows Removed by Filter: 1536240
Planning time: 0.751 ms
Execution time: 4274.043 ms
