Seq Scan on cast_info ci  (cost=0.00..705507.15 rows=7634544 width=0) (actual time=2067.767..10720.176 rows=7671119 loops=1)
  Filter: (person_id > 2909150)
  Rows Removed by Filter: 28573225
Planning time: 0.345 ms
Execution time: 11641.038 ms
