Hash Join  (cost=104131.46..264451.69 rows=2876423 width=0) (actual time=2123.819..6566.507 rows=3134822 loops=1)
  Hash Cond: (mk.movie_id = t.id)
  ->  Seq Scan on movie_keyword mk  (cost=0.00..81003.12 rows=3266774 width=4) (actual time=0.041..1711.266 rows=3256513 loops=1)
        Filter: (keyword_id < 14072)
        Rows Removed by Filter: 1267417
  ->  Hash  (cost=67604.59..67604.59 rows=2226390 width=4) (actual time=2122.274..2122.274 rows=2224569 loops=1)
        Buckets: 131072  Batches: 32  Memory Usage: 3472kB
        ->  Seq Scan on title t  (cost=0.00..67604.59 rows=2226390 width=4) (actual time=0.025..1392.921 rows=2224569 loops=1)
              Filter: (production_year < 2012)
              Rows Removed by Filter: 303743
Planning time: 0.760 ms
Execution time: 6936.502 ms
