Seq Scan on movie_companies mc  (cost=0.00..51404.11 rows=1776749 width=0) (actual time=0.018..985.148 rows=1782359 loops=1)
  Filter: (company_id > 2023)
  Rows Removed by Filter: 826770
Planning time: 0.317 ms
Execution time: 1207.842 ms
