Hash Join  (cost=234364.86..1355754.56 rows=11016173 width=0) (actual time=5550.712..38565.273 rows=28151148 loops=1)
  Hash Cond: (ci.movie_id = t.id)
  ->  Seq Scan on cast_info ci  (cost=0.00..705507.15 rows=23499554 width=4) (actual time=0.017..16125.528 rows=23573656 loops=1)
        Filter: (role_id > 1)
        Rows Removed by Filter: 12670688
  ->  Hash  (cost=214917.25..214917.25 rows=1185329 width=8) (actual time=5549.665..5549.665 rows=684042 loops=1)
        Buckets: 131072  Batches: 16  Memory Usage: 2706kB
        ->  Hash Join  (cost=78473.92..214917.25 rows=1185329 width=8) (actual time=1286.578..5350.981 rows=684042 loops=1)
              Hash Cond: (mk.movie_id = t.id)
              ->  Seq Scan on movie_keyword mk  (cost=0.00..69693.30 rows=4523930 width=4) (actual time=0.036..1408.524 rows=4523930 loops=1)
              ->  Hash  (cost=67604.59..67604.59 rows=662507 width=4) (actual time=1284.967..1284.967 rows=662065 loops=1)
                    Buckets: 131072  Batches: 16  Memory Usage: 2488kB
                    ->  Seq Scan on title t  (cost=0.00..67604.59 rows=662507 width=4) (actual time=0.022..1060.881 rows=662065 loops=1)
                          Filter: (production_year > 2008)
                          Rows Removed by Filter: 1866247
Planning time: 1.161 ms
Execution time: 41362.479 ms
