Seq Scan on movie_keyword mk  (cost=0.00..81003.12 rows=246 width=0) (actual time=1.985..1234.896 rows=862 loops=1)
  Filter: (keyword_id = 1258)
  Rows Removed by Filter: 4523068
Planning time: 0.349 ms
Execution time: 1235.300 ms
