Hash Join  (cost=119598.42..554517.47 rows=442178 width=0) (actual time=3092.235..12816.515 rows=2278032 loops=1)
  Hash Cond: (mi.movie_id = t.id)
  ->  Seq Scan on movie_info mi  (cost=0.00..346232.03 rows=7235534 width=4) (actual time=559.649..6295.157 rows=7286865 loops=1)
        Filter: (info_type_id < 8)
        Rows Removed by Filter: 7548855
  ->  Hash  (cost=117062.88..117062.88 rows=154523 width=8) (actual time=2531.303..2531.303 rows=284615 loops=1)
        Buckets: 131072  Batches: 4  Memory Usage: 3818kB
        ->  Hash Join  (cost=81720.25..117062.88 rows=154523 width=8) (actual time=1464.871..2437.329 rows=284615 loops=1)
              Hash Cond: (mi_idx.movie_id = t.id)
              ->  Seq Scan on movie_info_idx mi_idx  (cost=0.00..25185.44 rows=454124 width=4) (actual time=0.022..479.376 rows=459925 loops=1)
                    Filter: (info_type_id = 100)
                    Rows Removed by Filter: 920110
              ->  Hash  (cost=67604.59..67604.59 rows=860373 width=4) (actual time=1463.866..1463.866 rows=854214 loops=1)
                    Buckets: 131072  Batches: 16  Memory Usage: 2897kB
                    ->  Seq Scan on title t  (cost=0.00..67604.59 rows=860373 width=4) (actual time=0.031..1205.025 rows=854214 loops=1)
                          Filter: (kind_id < 4)
                          Rows Removed by Filter: 1674098
Planning time: 2.391 ms
Execution time: 13093.386 ms
