Seq Scan on title t  (cost=0.00..73925.90 rows=1095612 width=94) (actual time=0.019..1650.916 rows=1189548 loops=1)
  Filter: ((production_year > 1988) AND (kind_id = 7))
  Rows Removed by Filter: 1338764
Planning time: 0.472 ms
Execution time: 1719.260 ms
