Hash Join  (cost=77945.24..156479.73 rows=252796 width=0) (actual time=1102.092..3184.556 rows=157498 loops=1)
  Hash Cond: (mc.movie_id = t.id)
  ->  Seq Scan on movie_companies mc  (cost=0.00..44881.29 rows=2609129 width=4) (actual time=0.026..915.017 rows=2609129 loops=1)
  ->  Hash  (cost=73925.90..73925.90 rows=244987 width=4) (actual time=1101.341..1101.341 rows=137824 loops=1)
        Buckets: 131072  Batches: 4  Memory Usage: 2233kB
        ->  Seq Scan on title t  (cost=0.00..73925.90 rows=244987 width=4) (actual time=0.013..1054.193 rows=137824 loops=1)
              Filter: ((production_year < 1972) AND (kind_id = 7))
              Rows Removed by Filter: 2390488
Planning time: 2.063 ms
Execution time: 3205.090 ms
