Hash Join  (cost=141647.65..266084.94 rows=199825 width=0) (actual time=2806.708..5888.728 rows=732998 loops=1)
  Hash Cond: (mk.movie_id = t.id)
  ->  Seq Scan on movie_keyword mk  (cost=0.00..69693.30 rows=4523930 width=4) (actual time=0.013..1349.536 rows=4523930 loops=1)
  ->  Hash  (cost=139814.57..139814.57 rows=111687 width=8) (actual time=2805.887..2805.887 rows=192763 loops=1)
        Buckets: 131072 (originally 131072)  Batches: 4 (originally 2)  Memory Usage: 3073kB
        ->  Hash Join  (cost=71089.54..139814.57 rows=111687 width=8) (actual time=1136.791..2732.049 rows=192763 loops=1)
              Hash Cond: (mc.movie_id = t.id)
              ->  Seq Scan on movie_companies mc  (cost=0.00..51404.11 rows=1329612 width=4) (actual time=0.027..929.959 rows=1334883 loops=1)
                    Filter: (company_type_id = 2)
                    Rows Removed by Filter: 1274246
              ->  Hash  (cost=67604.59..67604.59 rows=212396 width=4) (actual time=1135.973..1135.973 rows=211624 loops=1)
                    Buckets: 131072  Batches: 4  Memory Usage: 2883kB
                    ->  Seq Scan on title t  (cost=0.00..67604.59 rows=212396 width=4) (actual time=0.016..1062.846 rows=211624 loops=1)
                          Filter: (production_year < 1957)
                          Rows Removed by Filter: 2316688
Planning time: 1.217 ms
Execution time: 5967.195 ms
