Hash Join  (cost=934033.26..1071154.08 rows=1240878 width=0) (actual time=14943.310..19896.515 rows=7439381 loops=1)
  Hash Cond: (mk.movie_id = t.id)
  ->  Seq Scan on movie_keyword mk  (cost=0.00..69693.30 rows=4523930 width=4) (actual time=0.015..1476.517 rows=4523930 loops=1)
  ->  Hash  (cost=922653.83..922653.83 rows=693555 width=8) (actual time=14941.903..14941.903 rows=431794 loops=1)
        Buckets: 131072  Batches: 16  Memory Usage: 2099kB
        ->  Hash Join  (cost=83891.93..922653.83 rows=693555 width=8) (actual time=10340.739..14808.278 rows=431794 loops=1)
              Hash Cond: (ci.movie_id = t.id)
              ->  Seq Scan on cast_info ci  (cost=0.00..796071.18 rows=2886978 width=4) (actual time=8306.547..11678.398 rows=1350424 loops=1)
                    Filter: ((person_id < 1310980) AND (role_id > 6))
                    Rows Removed by Filter: 34893920
              ->  Hash  (cost=73925.90..73925.90 rows=607442 width=4) (actual time=2032.909..2032.909 rows=675690 loops=1)
                    Buckets: 131072  Batches: 8  Memory Usage: 4012kB
                    ->  Seq Scan on title t  (cost=0.00..73925.90 rows=607442 width=4) (actual time=0.024..1328.918 rows=675690 loops=1)
                          Filter: ((kind_id < 7) AND (production_year < 2007))
                          Rows Removed by Filter: 1852622
Planning time: 1.255 ms
Execution time: 20681.395 ms
