Seq Scan on movie_keyword mk  (cost=0.00..81003.12 rows=1987841 width=0) (actual time=0.016..1618.560 rows=1994382 loops=1)
  Filter: (keyword_id < 3522)
  Rows Removed by Filter: 2529548
Planning time: 0.354 ms
Execution time: 1875.804 ms
