Seq Scan on cast_info ci  (cost=0.00..705507.15 rows=20279618 width=0) (actual time=0.032..12773.051 rows=20169228 loops=1)
  Filter: (person_id < 2026329)
  Rows Removed by Filter: 16075116
Planning time: 0.329 ms
Execution time: 15261.397 ms
