Hash Join  (cost=91123.00..186564.20 rows=1479168 width=0) (actual time=1755.351..5267.481 rows=1217080 loops=1)
  Hash Cond: (mc.movie_id = t.id)
  ->  Seq Scan on movie_companies mc  (cost=0.00..44881.29 rows=2609129 width=4) (actual time=0.008..1063.827 rows=2609129 loops=1)
  ->  Hash  (cost=67604.59..67604.59 rows=1433473 width=4) (actual time=1754.254..1754.254 rows=1434466 loops=1)
        Buckets: 131072  Batches: 32  Memory Usage: 2600kB
        ->  Seq Scan on title t  (cost=0.00..67604.59 rows=1433473 width=4) (actual time=0.035..1286.349 rows=1434466 loops=1)
              Filter: (production_year > 1999)
              Rows Removed by Filter: 1093846
Planning time: 0.485 ms
Execution time: 5410.878 ms
