Seq Scan on movie_companies mc  (cost=0.00..51404.11 rows=2149581 width=0) (actual time=0.020..998.162 rows=2146844 loops=1)
  Filter: (company_id < 76414)
  Rows Removed by Filter: 462285
Planning time: 0.356 ms
Execution time: 1262.225 ms
