Hash Join  (cost=102767.86..946092.91 rows=1553223 width=0) (actual time=1814.296..15323.171 rows=504630 loops=1)
  Hash Cond: (ci.movie_id = t.id)
  ->  Seq Scan on cast_info ci  (cost=0.00..796071.18 rows=1553223 width=4) (actual time=0.031..12733.327 rows=504630 loops=1)
        Filter: ((person_id < 1282312) AND (role_id = 10))
        Rows Removed by Filter: 35739714
  ->  Hash  (cost=61283.27..61283.27 rows=2528527 width=4) (actual time=1813.110..1813.110 rows=2528312 loops=1)
        Buckets: 131072  Batches: 64  Memory Usage: 2415kB
        ->  Seq Scan on title t  (cost=0.00..61283.27 rows=2528527 width=4) (actual time=0.010..974.218 rows=2528312 loops=1)
Planning time: 0.829 ms
Execution time: 15381.429 ms
