Hash Join  (cost=145459.16..274857.45 rows=607025 width=0) (actual time=3101.863..6438.094 rows=958487 loops=1)
  Hash Cond: (mk.movie_id = t.id)
  ->  Seq Scan on movie_keyword mk  (cost=0.00..69693.30 rows=4523930 width=4) (actual time=0.022..1343.161 rows=4523930 loops=1)
  ->  Hash  (cost=139892.16..139892.16 rows=339280 width=8) (actual time=3100.844..3100.844 rows=250045 loops=1)
        Buckets: 131072  Batches: 8  Memory Usage: 2254kB
        ->  Hash Join  (cost=98137.04..139892.16 rows=339280 width=8) (actual time=1981.568..3027.065 rows=250045 loops=1)
              Hash Cond: (mi_idx.movie_id = t.id)
              ->  Seq Scan on movie_info_idx mi_idx  (cost=0.00..25185.44 rows=460978 width=4) (actual time=0.020..431.541 rows=459925 loops=1)
                    Filter: (info_type_id = 99)
                    Rows Removed by Filter: 920110
              ->  Hash  (cost=67604.59..67604.59 rows=1860996 width=4) (actual time=1980.125..1980.125 rows=1865487 loops=1)
                    Buckets: 131072  Batches: 32  Memory Usage: 3079kB
                    ->  Seq Scan on title t  (cost=0.00..67604.59 rows=1860996 width=4) (actual time=0.018..1372.858 rows=1865487 loops=1)
                          Filter: (kind_id > 1)
                          Rows Removed by Filter: 662825
Planning time: 1.183 ms
Execution time: 6546.996 ms
