Hash Join  (cost=91901.05..182535.95 rows=1130537 width=0) (actual time=1835.875..4122.073 rows=441178 loops=1)
  Hash Cond: (mc.movie_id = t.id)
  ->  Seq Scan on movie_companies mc  (cost=0.00..44881.29 rows=2609129 width=4) (actual time=0.021..892.219 rows=2609129 loops=1)
  ->  Hash  (cost=73925.90..73925.90 rows=1095612 width=4) (actual time=1761.834..1761.834 rows=1189548 loops=1)
        Buckets: 131072  Batches: 16  Memory Usage: 3647kB
        ->  Seq Scan on title t  (cost=0.00..73925.90 rows=1095612 width=4) (actual time=0.021..1389.572 rows=1189548 loops=1)
              Filter: ((production_year > 1988) AND (kind_id = 7))
              Rows Removed by Filter: 1338764
Planning time: 0.739 ms
Execution time: 4169.194 ms
