Seq Scan on cast_info ci  (cost=0.00..705507.15 rows=8338125 width=0) (actual time=2557.012..12078.853 rows=8292264 loops=1)
  Filter: (person_id > 2853193)
  Rows Removed by Filter: 27952080
Planning time: 0.324 ms
Execution time: 13135.854 ms
