Seq Scan on title t  (cost=0.00..73925.90 rows=726045 width=0) (actual time=0.015..1109.281 rows=628133 loops=1)
  Filter: ((kind_id < 7) AND (production_year > 1985))
  Rows Removed by Filter: 1900179
Planning time: 0.345 ms
Execution time: 1194.018 ms
