Hash Join  (cost=52284.99..138944.89 rows=186 width=0) (actual time=593.300..2255.136 rows=4472 loops=1)
  Hash Cond: (mk.movie_id = t.id)
  ->  Seq Scan on movie_keyword mk  (cost=0.00..69693.30 rows=4523930 width=4) (actual time=0.018..962.542 rows=4523930 loops=1)
  ->  Hash  (cost=52283.69..52283.69 rows=104 width=8) (actual time=510.237..510.237 rows=101 loops=1)
        Buckets: 1024  Batches: 1  Memory Usage: 12kB
        ->  Nested Loop  (cost=0.43..52283.69 rows=104 width=8) (actual time=104.259..510.181 rows=101 loops=1)
              ->  Seq Scan on movie_companies mc  (cost=0.00..51404.11 rows=104 width=4) (actual time=104.170..508.209 rows=101 loops=1)
                    Filter: (company_id = 12960)
                    Rows Removed by Filter: 2609028
              ->  Index Only Scan using title_pkey on title t  (cost=0.43..8.45 rows=1 width=4) (actual time=0.018..0.018 rows=1 loops=101)
                    Index Cond: (id = mc.movie_id)
                    Heap Fetches: 101
Planning time: 1.684 ms
Execution time: 2255.835 ms
