Seq Scan on cast_info ci  (cost=0.00..796071.18 rows=224 width=0) (actual time=2261.683..12946.365 rows=76 loops=1)
  Filter: ((role_id > 2) AND (person_id = 770279))
  Rows Removed by Filter: 36244268
Planning time: 0.410 ms
Execution time: 12946.493 ms
