Seq Scan on movie_companies mc  (cost=0.00..57926.93 rows=948224 width=0) (actual time=0.025..1164.241 rows=1245626 loops=1)
  Filter: ((company_id < 48593) AND (company_type_id = 1))
  Rows Removed by Filter: 1363503
Planning time: 0.387 ms
Execution time: 1315.601 ms
