Hash Join  (cost=84571.72..1213871.24 rows=9296136 width=0) (actual time=1311.066..34546.987 rows=10356268 loops=1)
  Hash Cond: (ci.movie_id = t.id)
  ->  Seq Scan on cast_info ci  (cost=0.00..614943.12 rows=36225612 width=4) (actual time=0.015..13326.287 rows=36244344 loops=1)
  ->  Hash  (cost=73925.90..73925.90 rows=648865 width=4) (actual time=1310.181..1310.181 rows=656311 loops=1)
        Buckets: 131072  Batches: 16  Memory Usage: 2462kB
        ->  Seq Scan on title t  (cost=0.00..73925.90 rows=648865 width=4) (actual time=101.573..1106.236 rows=656311 loops=1)
              Filter: ((kind_id < 2) AND (production_year > 0))
              Rows Removed by Filter: 1872001
Planning time: 0.770 ms
Execution time: 35712.655 ms
