Seq Scan on cast_info ci  (cost=0.00..796071.18 rows=318320 width=0) (actual time=10088.924..13379.165 rows=472144 loops=1)
  Filter: ((person_id > 2033007) AND (role_id = 6))
  Rows Removed by Filter: 35772200
Planning time: 0.449 ms
Execution time: 13437.676 ms
