Hash Join  (cost=102709.30..859408.39 rows=590994 width=0) (actual time=1926.536..22649.687 rows=1301472 loops=1)
  Hash Cond: (ci.movie_id = t.id)
  ->  Seq Scan on cast_info ci  (cost=0.00..614943.12 rows=36225612 width=4) (actual time=0.020..9747.133 rows=36244344 loops=1)
  ->  Hash  (cost=102193.66..102193.66 rows=41251 width=8) (actual time=1926.121..1926.121 rows=69378 loops=1)
        Buckets: 131072 (originally 65536)  Batches: 1 (originally 1)  Memory Usage: 3735kB
        ->  Hash Join  (cost=74870.67..102193.66 rows=41251 width=8) (actual time=1365.878..1895.861 rows=69378 loops=1)
              Hash Cond: (mi_idx.movie_id = t.id)
              ->  Seq Scan on movie_info_idx mi_idx  (cost=0.00..21735.35 rows=1380035 width=4) (actual time=0.013..365.601 rows=1380035 loops=1)
              ->  Hash  (cost=73925.90..73925.90 rows=75581 width=4) (actual time=1175.150..1175.150 rows=80563 loops=1)
                    Buckets: 131072  Batches: 1  Memory Usage: 3857kB
                    ->  Seq Scan on title t  (cost=0.00..73925.90 rows=75581 width=4) (actual time=0.024..1139.369 rows=80563 loops=1)
                          Filter: ((production_year < 2008) AND (kind_id = 4))
                          Rows Removed by Filter: 2447749
Planning time: 1.253 ms
Execution time: 22835.630 ms
