Hash Join  (cost=422817.36..1175103.09 rows=149656 width=0) (actual time=6878.404..23174.042 rows=45387 loops=1)
  Hash Cond: (ci.movie_id = t.id)
  ->  Seq Scan on cast_info ci  (cost=0.00..614943.12 rows=36225612 width=4) (actual time=0.014..9152.519 rows=36244344 loops=1)
  ->  Hash  (cost=422686.78..422686.78 rows=10446 width=8) (actual time=6878.100..6878.100 rows=1130 loops=1)
        Buckets: 16384  Batches: 1  Memory Usage: 173kB
        ->  Hash Join  (cost=74657.14..422686.78 rows=10446 width=8) (actual time=2906.936..6877.601 rows=1130 loops=1)
              Hash Cond: (mi.movie_id = t.id)
              ->  Seq Scan on movie_info mi  (cost=0.00..346232.03 rows=451508 width=4) (actual time=1893.377..5730.708 rows=474443 loops=1)
                    Filter: (info_type_id = 6)
                    Rows Removed by Filter: 14361277
              ->  Hash  (cost=73925.90..73925.90 rows=58499 width=4) (actual time=1012.951..1012.951 rows=62752 loops=1)
                    Buckets: 65536  Batches: 1  Memory Usage: 2719kB
                    ->  Seq Scan on title t  (cost=0.00..73925.90 rows=58499 width=4) (actual time=205.104..991.475 rows=62752 loops=1)
                          Filter: ((kind_id = 7) AND (production_year = 2005))
                          Rows Removed by Filter: 2465560
Planning time: 1.186 ms
Execution time: 23183.731 ms
