Hash Join  (cost=102767.86..178404.18 rows=325378 width=0) (actual time=2346.692..3364.772 rows=177705 loops=1)
  Hash Cond: (mc.movie_id = t.id)
  ->  Seq Scan on movie_companies mc  (cost=0.00..57926.93 rows=325378 width=4) (actual time=418.032..909.068 rows=177705 loops=1)
        Filter: ((company_id < 846) AND (company_type_id = 2))
        Rows Removed by Filter: 2431424
  ->  Hash  (cost=61283.27..61283.27 rows=2528527 width=4) (actual time=1927.294..1927.294 rows=2528312 loops=1)
        Buckets: 131072  Batches: 64  Memory Usage: 2415kB
        ->  Seq Scan on title t  (cost=0.00..61283.27 rows=2528527 width=4) (actual time=0.039..1073.216 rows=2528312 loops=1)
Planning time: 0.758 ms
Execution time: 3384.907 ms
