Hash Join  (cost=163628.03..303449.21 rows=1462514 width=0) (actual time=6121.999..7726.945 rows=1107102 loops=1)
  Hash Cond: (mk.movie_id = t.id)
  ->  Seq Scan on movie_keyword mk  (cost=0.00..69693.30 rows=4523930 width=4) (actual time=0.017..1455.295 rows=4523930 loops=1)
  ->  Hash  (cost=150216.13..150216.13 rows=817432 width=8) (actual time=3447.672..3447.672 rows=425568 loops=1)
        Buckets: 131072  Batches: 16  Memory Usage: 2068kB
        ->  Hash Join  (cost=98498.33..150216.13 rows=817432 width=8) (actual time=2101.437..3327.753 rows=425568 loops=1)
              Hash Cond: (mi_idx.movie_id = t.id)
              ->  Seq Scan on movie_info_idx mi_idx  (cost=0.00..21735.35 rows=1380035 width=4) (actual time=0.033..470.797 rows=1380035 loops=1)
              ->  Hash  (cost=73925.90..73925.90 rows=1497714 width=4) (actual time=1842.649..1842.649 rows=1478440 loops=1)
                    Buckets: 131072  Batches: 32  Memory Usage: 2651kB
                    ->  Seq Scan on title t  (cost=0.00..73925.90 rows=1497714 width=4) (actual time=83.487..1379.601 rows=1478440 loops=1)
                          Filter: ((production_year > 0) AND (kind_id = 7))
                          Rows Removed by Filter: 1049872
Planning time: 1.166 ms
Execution time: 7858.320 ms
