Hash Join  (cost=424312.94..1221656.54 rows=1317 width=0) (actual time=7514.242..17576.546 rows=4275 loops=1)
  Hash Cond: (ci.movie_id = t.id)
  ->  Seq Scan on cast_info ci  (cost=0.00..796071.18 rows=335802 width=4) (actual time=516.361..10537.119 rows=154887 loops=1)
        Filter: ((person_id < 120737) AND (role_id > 4))
        Rows Removed by Filter: 36089457
  ->  Hash  (cost=424189.01..424189.01 rows=9914 width=8) (actual time=6997.663..6997.663 rows=20135 loops=1)
        Buckets: 32768 (originally 16384)  Batches: 1 (originally 1)  Memory Usage: 1043kB
        ->  Hash Join  (cost=74251.74..424189.01 rows=9914 width=8) (actual time=5660.797..6990.310 rows=20135 loops=1)
              Hash Cond: (mi.movie_id = t.id)
              ->  Seq Scan on movie_info mi  (cost=0.00..346232.03 rows=961628 width=4) (actual time=4369.168..5648.645 rows=1013173 loops=1)
                    Filter: (info_type_id > 86)
                    Rows Removed by Filter: 13822547
              ->  Hash  (cost=73925.90..73925.90 rows=26067 width=4) (actual time=1117.035..1117.035 rows=27085 loops=1)
                    Buckets: 32768  Batches: 1  Memory Usage: 1209kB
                    ->  Seq Scan on title t  (cost=0.00..73925.90 rows=26067 width=4) (actual time=0.078..1105.853 rows=27085 loops=1)
                          Filter: ((kind_id < 7) AND (production_year > 2012))
                          Rows Removed by Filter: 2501227
Planning time: 1.288 ms
Execution time: 17577.611 ms
