Hash Join  (cost=239317.56..1241899.35 rows=8435113 width=0) (actual time=9219.738..34668.450 rows=21738086 loops=1)
  Hash Cond: (ci.movie_id = t.id)
  ->  Seq Scan on cast_info ci  (cost=0.00..705507.15 rows=16201301 width=4) (actual time=2988.636..15373.837 rows=16121683 loops=1)
        Filter: (role_id > 2)
        Rows Removed by Filter: 20122661
  ->  Hash  (cost=217718.77..217718.77 rows=1316463 width=8) (actual time=6228.992..6228.992 rows=1812636 loops=1)
        Buckets: 131072  Batches: 32  Memory Usage: 3195kB
        ->  Hash Join  (cost=79677.10..217718.77 rows=1316463 width=8) (actual time=1529.889..5718.009 rows=1812636 loops=1)
              Hash Cond: (mk.movie_id = t.id)
              ->  Seq Scan on movie_keyword mk  (cost=0.00..69693.30 rows=4523930 width=4) (actual time=0.043..1478.074 rows=4523930 loops=1)
              ->  Hash  (cost=67604.59..67604.59 rows=735801 width=4) (actual time=1528.174..1528.174 rows=730985 loops=1)
                    Buckets: 131072  Batches: 16  Memory Usage: 2638kB
                    ->  Seq Scan on title t  (cost=0.00..67604.59 rows=735801 width=4) (actual time=0.022..1290.233 rows=730985 loops=1)
                          Filter: (production_year < 1992)
                          Rows Removed by Filter: 1797327
Planning time: 1.228 ms
Execution time: 37049.764 ms
