Hash Join  (cost=94699.36..151110.86 rows=2135 width=0) (actual time=1687.977..2636.484 rows=981 loops=1)
  Hash Cond: (mc.movie_id = t.id)
  ->  Seq Scan on movie_companies mc  (cost=0.00..51404.11 rows=1329612 width=4) (actual time=0.023..882.969 rows=1334883 loops=1)
        Filter: (company_type_id > 1)
        Rows Removed by Filter: 1274246
  ->  Hash  (cost=94648.62..94648.62 rows=4059 width=8) (actual time=1565.923..1565.923 rows=933 loops=1)
        Buckets: 4096  Batches: 1  Memory Usage: 69kB
        ->  Hash Join  (cost=67697.55..94648.62 rows=4059 width=8) (actual time=1006.136..1565.440 rows=933 loops=1)
              Hash Cond: (mi_idx.movie_id = t.id)
              ->  Seq Scan on movie_info_idx mi_idx  (cost=0.00..21735.35 rows=1380035 width=4) (actual time=0.017..294.477 rows=1380035 loops=1)
              ->  Hash  (cost=67604.59..67604.59 rows=7437 width=4) (actual time=1005.330..1005.330 rows=2615 loops=1)
                    Buckets: 8192  Batches: 1  Memory Usage: 156kB
                    ->  Seq Scan on title t  (cost=0.00..67604.59 rows=7437 width=4) (actual time=290.685..1003.922 rows=2615 loops=1)
                          Filter: (production_year = 1924)
                          Rows Removed by Filter: 2525697
Planning time: 1.151 ms
Execution time: 2636.762 ms
