Hash Join  (cost=197346.41..1077023.17 rows=1031429 width=0) (actual time=6418.828..25306.682 rows=3120476 loops=1)
  Hash Cond: (ci.movie_id = t.id)
  ->  Seq Scan on cast_info ci  (cost=0.00..705507.15 rows=12726058 width=4) (actual time=2314.951..14550.929 rows=12670688 loops=1)
        Filter: (role_id = 1)
        Rows Removed by Filter: 23573656
  ->  Hash  (cost=193983.74..193983.74 rows=204934 width=8) (actual time=4102.905..4102.905 rows=472540 loops=1)
        Buckets: 131072 (originally 131072)  Batches: 8 (originally 4)  Memory Usage: 3332kB
        ->  Hash Join  (cost=69484.36..193983.74 rows=204934 width=8) (actual time=1068.544..3943.072 rows=472540 loops=1)
              Hash Cond: (mk.movie_id = t.id)
              ->  Seq Scan on movie_keyword mk  (cost=0.00..69693.30 rows=4523930 width=4) (actual time=0.038..1382.268 rows=4523930 loops=1)
              ->  Hash  (cost=67604.59..67604.59 rows=114542 width=4) (actual time=1067.667..1067.667 rows=118234 loops=1)
                    Buckets: 131072  Batches: 2  Memory Usage: 3107kB
                    ->  Seq Scan on title t  (cost=0.00..67604.59 rows=114542 width=4) (actual time=425.302..1024.295 rows=118234 loops=1)
                          Filter: (kind_id = 4)
                          Rows Removed by Filter: 2410078
Planning time: 0.839 ms
Execution time: 25691.566 ms
