Hash Join  (cost=68113.45..126658.40 rows=29396 width=0) (actual time=1103.224..2532.913 rows=26911 loops=1)
  Hash Cond: (mc.movie_id = t.id)
  ->  Seq Scan on movie_companies mc  (cost=0.00..51404.11 rows=1825835 width=4) (actual time=0.023..996.053 rows=1817063 loops=1)
        Filter: (company_id < 31575)
        Rows Removed by Filter: 792066
  ->  Hash  (cost=67604.59..67604.59 rows=40709 width=4) (actual time=1102.728..1102.728 rows=38955 loops=1)
        Buckets: 65536  Batches: 1  Memory Usage: 1882kB
        ->  Seq Scan on title t  (cost=0.00..67604.59 rows=40709 width=4) (actual time=0.023..1086.226 rows=38955 loops=1)
              Filter: (production_year = 1997)
              Rows Removed by Filter: 2489357
Planning time: 0.771 ms
Execution time: 2537.235 ms
