Nested Loop  (cost=0.43..83072.29 rows=79 width=0) (actual time=3.100..1270.881 rows=232 loops=1)
  ->  Seq Scan on movie_keyword mk  (cost=0.00..81003.12 rows=246 width=4) (actual time=0.644..1258.484 rows=287 loops=1)
        Filter: (keyword_id = 2842)
        Rows Removed by Filter: 4523643
  ->  Index Scan using title_pkey on title t  (cost=0.43..8.40 rows=1 width=4) (actual time=0.040..0.041 rows=1 loops=287)
        Index Cond: (id = mk.movie_id)
        Filter: (production_year < 1995)
        Rows Removed by Filter: 0
Planning time: 0.777 ms
Execution time: 1271.105 ms
