Hash Join  (cost=129226.52..216212.83 rows=32827 width=0) (actual time=1897.805..3941.203 rows=790952 loops=1)
  Hash Cond: (mk.movie_id = t.id)
  ->  Seq Scan on movie_keyword mk  (cost=0.00..69693.30 rows=4523930 width=4) (actual time=0.012..983.485 rows=4523930 loops=1)
  ->  Hash  (cost=128997.17..128997.17 rows=18348 width=8) (actual time=1897.550..1897.550 rows=29881 loops=1)
        Buckets: 32768  Batches: 1  Memory Usage: 1424kB
        ->  Hash Join  (cost=74148.17..128997.17 rows=18348 width=8) (actual time=831.670..1888.207 rows=29881 loops=1)
              Hash Cond: (mc.movie_id = t.id)
              ->  Seq Scan on movie_companies mc  (cost=0.00..44881.29 rows=2609129 width=4) (actual time=0.027..565.645 rows=2609129 loops=1)
              ->  Hash  (cost=73925.90..73925.90 rows=17781 width=4) (actual time=831.411..831.411 rows=13117 loops=1)
                    Buckets: 32768  Batches: 1  Memory Usage: 718kB
                    ->  Seq Scan on title t  (cost=0.00..73925.90 rows=17781 width=4) (actual time=0.538..825.933 rows=13117 loops=1)
                          Filter: ((kind_id < 4) AND (production_year = 2000))
                          Rows Removed by Filter: 2515195
Planning time: 1.124 ms
Execution time: 4041.107 ms
