Seq Scan on movie_keyword mk  (cost=0.00..81003.12 rows=1691243 width=0) (actual time=1.222..1460.617 rows=1699968 loops=1)
  Filter: (keyword_id > 8460)
  Rows Removed by Filter: 2823962
Planning time: 0.322 ms
Execution time: 1682.487 ms
