Seq Scan on movie_keyword mk  (cost=0.00..81003.12 rows=1199442 width=0) (actual time=0.015..1481.186 rows=1208595 loops=1)
  Filter: (keyword_id > 15163)
  Rows Removed by Filter: 3315335
Planning time: 0.313 ms
Execution time: 1650.100 ms
