Hash Join  (cost=67697.55..154488.65 rows=13306 width=0) (actual time=1047.137..2946.544 rows=35550 loops=1)
  Hash Cond: (mk.movie_id = t.id)
  ->  Seq Scan on movie_keyword mk  (cost=0.00..69693.30 rows=4523930 width=4) (actual time=0.022..1025.801 rows=4523930 loops=1)
  ->  Hash  (cost=67604.59..67604.59 rows=7437 width=4) (actual time=1046.248..1046.248 rows=14442 loops=1)
        Buckets: 16384 (originally 8192)  Batches: 1 (originally 1)  Memory Usage: 636kB
        ->  Seq Scan on title t  (cost=0.00..67604.59 rows=7437 width=4) (actual time=0.013..1037.842 rows=14442 loops=1)
              Filter: (production_year = 1971)
              Rows Removed by Filter: 2513870
Planning time: 0.716 ms
Execution time: 2951.766 ms
