Seq Scan on movie_companies mc  (cost=0.00..57926.93 rows=910304 width=0) (actual time=0.023..1192.831 rows=1098026 loops=1)
  Filter: ((company_id > 1886) AND (company_type_id = 2))
  Rows Removed by Filter: 1511103
Planning time: 0.370 ms
Execution time: 1332.321 ms
