Hash Join  (cost=92883.59..181975.51 rows=66673 width=0) (actual time=2005.739..3635.292 rows=18939 loops=1)
  Hash Cond: (mk.movie_id = t.id)
  ->  Seq Scan on movie_keyword mk  (cost=0.00..81003.12 rows=109414 width=4) (actual time=0.030..1142.489 rows=121921 loops=1)
        Filter: (keyword_id < 117)
        Rows Removed by Filter: 4402009
  ->  Hash  (cost=67604.59..67604.59 rows=1540800 width=4) (actual time=2003.818..2003.818 rows=1543264 loops=1)
        Buckets: 131072  Batches: 32  Memory Usage: 2728kB
        ->  Seq Scan on title t  (cost=0.00..67604.59 rows=1540800 width=4) (actual time=0.016..1482.460 rows=1543264 loops=1)
              Filter: (kind_id = 7)
              Rows Removed by Filter: 985048
Planning time: 0.732 ms
Execution time: 3637.134 ms
