Seq Scan on movie_keyword mk  (cost=0.00..81003.12 rows=2827127 width=0) (actual time=0.028..1489.718 rows=2814954 loops=1)
  Filter: (keyword_id < 8412)
  Rows Removed by Filter: 1708976
Planning time: 0.306 ms
Execution time: 1835.109 ms
