Hash Join  (cost=102767.86..1442301.68 rows=25938626 width=0) (actual time=1925.718..39718.947 rows=26118106 loops=1)
  Hash Cond: (ci.movie_id = t.id)
  ->  Seq Scan on cast_info ci  (cost=0.00..705507.15 rows=25938626 width=4) (actual time=0.024..15986.817 rows=26118106 loops=1)
        Filter: (person_id > 995224)
        Rows Removed by Filter: 10126238
  ->  Hash  (cost=61283.27..61283.27 rows=2528527 width=4) (actual time=1923.547..1923.547 rows=2528312 loops=1)
        Buckets: 131072  Batches: 64  Memory Usage: 2415kB
        ->  Seq Scan on title t  (cost=0.00..61283.27 rows=2528527 width=4) (actual time=0.020..1065.417 rows=2528312 loops=1)
Planning time: 0.846 ms
Execution time: 42490.832 ms
