Hash Join  (cost=101489.21..1029432.38 rows=8345697 width=0) (actual time=2346.360..22980.639 rows=8487741 loops=1)
  Hash Cond: (ci.movie_id = t.id)
  ->  Seq Scan on cast_info ci  (cost=0.00..705507.15 rows=10217409 width=4) (actual time=285.364..12798.997 rows=10031972 loops=1)
        Filter: (person_id < 987412)
        Rows Removed by Filter: 26212372
  ->  Hash  (cost=67604.59..67604.59 rows=2065330 width=4) (actual time=2059.357..2059.357 rows=2064552 loops=1)
        Buckets: 131072  Batches: 32  Memory Usage: 3289kB
        ->  Seq Scan on title t  (cost=0.00..67604.59 rows=2065330 width=4) (actual time=0.039..1387.477 rows=2064552 loops=1)
              Filter: (production_year < 2011)
              Rows Removed by Filter: 463760
Planning time: 0.807 ms
Execution time: 23989.080 ms
