Hash Join  (cost=81437.64..141704.72 rows=7461 width=0) (actual time=1356.668..2314.552 rows=9260 loops=1)
  Hash Cond: (mc.movie_id = t.id)
  ->  Seq Scan on movie_companies mc  (cost=0.00..57926.93 rows=41208 width=4) (actual time=0.081..893.543 rows=17551 loops=1)
        Filter: ((company_id < 19) AND (company_type_id > 1))
        Rows Removed by Filter: 2591578
  ->  Hash  (cost=73925.90..73925.90 rows=457819 width=4) (actual time=1322.578..1322.578 rows=344212 loops=1)
        Buckets: 131072  Batches: 8  Memory Usage: 2523kB
        ->  Seq Scan on title t  (cost=0.00..73925.90 rows=457819 width=4) (actual time=72.855..1209.714 rows=344212 loops=1)
              Filter: ((production_year < 1993) AND (kind_id = 7))
              Rows Removed by Filter: 2184100
Planning time: 0.762 ms
Execution time: 2316.180 ms
