Seq Scan on movie_keyword mk  (cost=0.00..81003.12 rows=2003761 width=0) (actual time=0.023..1449.933 rows=2007478 loops=1)
  Filter: (keyword_id < 3575)
  Rows Removed by Filter: 2516452
Planning time: 0.319 ms
Execution time: 1695.413 ms
