Seq Scan on movie_keyword mk  (cost=0.00..81003.12 rows=1767289 width=0) (actual time=0.018..1512.143 rows=1771995 loops=1)
  Filter: (keyword_id > 7821)
  Rows Removed by Filter: 2751935
Planning time: 0.285 ms
Execution time: 1736.100 ms
