Hash Join  (cost=52285.10..79212.83 rows=17 width=0) (actual time=838.762..1316.272 rows=49 loops=1)
  Hash Cond: (mi_idx.movie_id = t.id)
  ->  Seq Scan on movie_info_idx mi_idx  (cost=0.00..25185.44 rows=464566 width=4) (actual time=0.022..426.805 rows=459925 loops=1)
        Filter: (info_type_id = 101)
        Rows Removed by Filter: 920110
  ->  Hash  (cost=52283.95..52283.95 rows=92 width=8) (actual time=829.284..829.284 rows=49 loops=1)
        Buckets: 1024  Batches: 1  Memory Usage: 10kB
        ->  Nested Loop  (cost=0.43..52283.95 rows=92 width=8) (actual time=7.738..829.222 rows=49 loops=1)
              ->  Seq Scan on movie_companies mc  (cost=0.00..51404.11 rows=104 width=4) (actual time=7.679..826.105 rows=49 loops=1)
                    Filter: (company_id = 4413)
                    Rows Removed by Filter: 2609080
              ->  Index Scan using title_pkey on title t  (cost=0.43..8.45 rows=1 width=4) (actual time=0.059..0.060 rows=1 loops=49)
                    Index Cond: (id = mc.movie_id)
                    Filter: (production_year < 2012)
Planning time: 1.299 ms
Execution time: 1316.426 ms
