Hash Join  (cost=1141816.52..2071999.01 rows=33575705 width=0) (actual time=24796.882..68669.424 rows=118004260 loops=1)
  Hash Cond: (mi.movie_id = t.id)
  ->  Seq Scan on movie_info mi  (cost=0.00..309384.22 rows=14739122 width=4) (actual time=0.024..6134.290 rows=14835720 loops=1)
  ->  Hash  (cost=1047316.74..1047316.74 rows=5759982 width=8) (actual time=24793.980..24793.980 rows=5331796 loops=1)
        Buckets: 131072  Batches: 128  Memory Usage: 2689kB
        ->  Hash Join  (cost=102767.86..1047316.74 rows=5759982 width=8) (actual time=8654.725..22980.518 rows=5331796 loops=1)
              Hash Cond: (ci.movie_id = t.id)
              ->  Seq Scan on cast_info ci  (cost=0.00..796071.18 rows=5759982 width=4) (actual time=6620.200..16180.115 rows=5331796 loops=1)
                    Filter: ((person_id < 3986877) AND (role_id > 8))
                    Rows Removed by Filter: 30912548
              ->  Hash  (cost=61283.27..61283.27 rows=2528527 width=4) (actual time=2033.130..2033.130 rows=2528312 loops=1)
                    Buckets: 131072  Batches: 64  Memory Usage: 2415kB
                    ->  Seq Scan on title t  (cost=0.00..61283.27 rows=2528527 width=4) (actual time=0.017..1177.593 rows=2528312 loops=1)
Planning time: 1.169 ms
Execution time: 82170.170 ms
