Hash Join  (cost=97476.44..918350.02 rows=636422 width=0) (actual time=2172.394..14431.141 rows=1246466 loops=1)
  Hash Cond: (ci.movie_id = t.id)
  ->  Seq Scan on cast_info ci  (cost=0.00..796071.18 rows=883837 width=4) (actual time=0.016..10645.473 rows=1765308 loops=1)
        Filter: ((person_id < 238901) AND (role_id < 2))
        Rows Removed by Filter: 34479036
  ->  Hash  (cost=67604.59..67604.59 rows=1820708 width=4) (actual time=2171.046..2171.046 rows=1813245 loops=1)
        Buckets: 131072  Batches: 32  Memory Usage: 3022kB
        ->  Seq Scan on title t  (cost=0.00..67604.59 rows=1820708 width=4) (actual time=0.027..1333.370 rows=1813245 loops=1)
              Filter: (production_year > 1987)
              Rows Removed by Filter: 715067
Planning time: 0.825 ms
Execution time: 14573.505 ms
