Hash Join  (cost=102767.86..218550.66 rows=1034811 width=0) (actual time=2421.050..5163.361 rows=1034765 loops=1)
  Hash Cond: (mk.movie_id = t.id)
  ->  Seq Scan on movie_keyword mk  (cost=0.00..81003.12 rows=1034811 width=4) (actual time=0.015..1562.666 rows=1034765 loops=1)
        Filter: (keyword_id < 1025)
        Rows Removed by Filter: 3489165
  ->  Hash  (cost=61283.27..61283.27 rows=2528527 width=4) (actual time=2419.690..2419.690 rows=2528312 loops=1)
        Buckets: 131072  Batches: 64  Memory Usage: 2425kB
        ->  Seq Scan on title t  (cost=0.00..61283.27 rows=2528527 width=4) (actual time=0.020..1123.783 rows=2528312 loops=1)
Planning time: 0.748 ms
Execution time: 5282.285 ms
