Seq Scan on movie_keyword mk  (cost=0.00..81003.12 rows=292255 width=0) (actual time=0.025..1285.480 rows=311486 loops=1)
  Filter: (keyword_id < 249)
  Rows Removed by Filter: 4212444
Planning time: 0.327 ms
Execution time: 1327.604 ms
