Seq Scan on cast_info ci  (cost=0.00..705507.15 rows=13436929 width=0) (actual time=0.028..11846.884 rows=13582109 loops=1)
  Filter: (person_id > 2312922)
  Rows Removed by Filter: 22662235
Planning time: 0.330 ms
Execution time: 13557.446 ms
