Hash Join  (cost=480479.93..566788.45 rows=816700 width=0) (actual time=8504.816..11111.640 rows=1276554 loops=1)
  Hash Cond: (mc.movie_id = t.id)
  ->  Seq Scan on movie_companies mc  (cost=0.00..44881.29 rows=2609129 width=4) (actual time=0.018..922.120 rows=2609129 loops=1)
  ->  Hash  (cost=467494.55..467494.55 rows=791470 width=8) (actual time=8503.635..8503.635 rows=681837 loops=1)
        Buckets: 131072  Batches: 16  Memory Usage: 2677kB
        ->  Hash Join  (cost=91959.31..467494.55 rows=791470 width=8) (actual time=5767.393..8301.957 rows=681837 loops=1)
              Hash Cond: (mi.movie_id = t.id)
              ->  Seq Scan on movie_info mi  (cost=0.00..346232.03 rows=1348138 width=4) (actual time=3982.853..5407.665 rows=1298989 loops=1)
                    Filter: (info_type_id = 4)
                    Rows Removed by Filter: 13536731
              ->  Hash  (cost=67604.59..67604.59 rows=1484458 width=4) (actual time=1783.632..1783.632 rows=1485030 loops=1)
                    Buckets: 131072  Batches: 32  Memory Usage: 2663kB
                    ->  Seq Scan on title t  (cost=0.00..67604.59 rows=1484458 width=4) (actual time=0.042..1282.292 rows=1485030 loops=1)
                          Filter: (production_year > 1998)
                          Rows Removed by Filter: 1043282
Planning time: 7.467 ms
Execution time: 11266.109 ms
