Seq Scan on movie_keyword mk  (cost=0.00..81003.12 rows=3176749 width=0) (actual time=0.024..1539.118 rows=3167361 loops=1)
  Filter: (keyword_id < 12385)
  Rows Removed by Filter: 1356569
Planning time: 0.350 ms
Execution time: 1937.744 ms
