Hash Join  (cost=83074.74..109986.57 rows=134 width=0) (actual time=1210.551..1712.062 rows=147 loops=1)
  Hash Cond: (mi_idx.movie_id = t.id)
  ->  Seq Scan on movie_info_idx mi_idx  (cost=0.00..21735.35 rows=1380035 width=4) (actual time=0.019..269.727 rows=1380035 loops=1)
  ->  Hash  (cost=83071.67..83071.67 rows=246 width=8) (actual time=1191.222..1191.222 rows=67 loops=1)
        Buckets: 1024  Batches: 1  Memory Usage: 11kB
        ->  Nested Loop  (cost=0.43..83071.67 rows=246 width=8) (actual time=11.749..1191.134 rows=67 loops=1)
              ->  Seq Scan on movie_keyword mk  (cost=0.00..81003.12 rows=246 width=4) (actual time=11.643..1186.827 rows=67 loops=1)
                    Filter: (keyword_id = 22051)
                    Rows Removed by Filter: 4523863
              ->  Index Only Scan using title_pkey on title t  (cost=0.43..8.40 rows=1 width=4) (actual time=0.059..0.060 rows=1 loops=67)
                    Index Cond: (id = mk.movie_id)
                    Heap Fetches: 67
Planning time: 1.189 ms
Execution time: 1712.193 ms
