Hash Join  (cost=886890.24..914130.55 rows=32983 width=0) (actual time=13411.285..14778.225 rows=1046720 loops=1)
  Hash Cond: (mi_idx.movie_id = t.id)
  ->  Seq Scan on movie_info_idx mi_idx  (cost=0.00..21735.35 rows=1380035 width=4) (actual time=0.021..331.804 rows=1380035 loops=1)
  ->  Hash  (cost=886134.83..886134.83 rows=60433 width=8) (actual time=13410.807..13410.807 rows=435382 loops=1)
        Buckets: 131072 (originally 65536)  Batches: 8 (originally 1)  Memory Usage: 3116kB
        ->  Hash Join  (cost=83810.17..886134.83 rows=60433 width=8) (actual time=2180.063..13267.698 rows=435382 loops=1)
              Hash Cond: (ci.movie_id = t.id)
              ->  Seq Scan on cast_info ci  (cost=0.00..796071.18 rows=154705 width=4) (actual time=772.719..10563.446 rows=1225971 loops=1)
                    Filter: ((person_id > 3824569) AND (role_id > 9))
                    Rows Removed by Filter: 35018373
              ->  Hash  (cost=67604.59..67604.59 rows=987727 width=4) (actual time=1406.247..1406.247 rows=985048 loops=1)
                    Buckets: 131072  Batches: 16  Memory Usage: 3188kB
                    ->  Seq Scan on title t  (cost=0.00..67604.59 rows=987727 width=4) (actual time=0.029..1082.475 rows=985048 loops=1)
                          Filter: (kind_id < 7)
                          Rows Removed by Filter: 1543264
Planning time: 1.191 ms
Execution time: 14908.551 ms
