Hash Join  (cost=82798.22..448463.14 rows=270343 width=0) (actual time=5942.956..7800.920 rows=395368 loops=1)
  Hash Cond: (mi.movie_id = t.id)
  ->  Seq Scan on movie_info mi  (cost=0.00..346232.03 rows=1264125 width=4) (actual time=4243.753..5584.760 rows=1288928 loops=1)
        Filter: (info_type_id = 2)
        Rows Removed by Filter: 13546792
  ->  Hash  (cost=73925.90..73925.90 rows=540745 width=4) (actual time=1386.529..1386.529 rows=416412 loops=1)
        Buckets: 131072  Batches: 8  Memory Usage: 2870kB
        ->  Seq Scan on title t  (cost=0.00..73925.90 rows=540745 width=4) (actual time=0.219..1250.258 rows=416412 loops=1)
              Filter: ((production_year > 1972) AND (kind_id = 1))
              Rows Removed by Filter: 2111900
Planning time: 0.853 ms
Execution time: 7850.964 ms
