Seq Scan on cast_info ci  (cost=0.00..796071.18 rows=60 width=0) (actual time=6100.850..9826.141 rows=22 loops=1)
  Filter: ((person_id = 3779203) AND (role_id = 10))
  Rows Removed by Filter: 36244322
Planning time: 0.302 ms
Execution time: 9826.243 ms
