Nested Loop  (cost=0.43..68722.06 rows=140 width=0) (actual time=543.488..777.428 rows=101 loops=1)
  ->  Seq Scan on movie_companies mc  (cost=0.00..57926.93 rows=1330 width=4) (actual time=421.925..753.937 rows=1317 loops=1)
        Filter: ((company_id = 2805) AND (company_type_id = 2))
        Rows Removed by Filter: 2607812
  ->  Index Scan using title_pkey on title t  (cost=0.43..8.11 rows=1 width=4) (actual time=0.017..0.017 rows=0 loops=1317)
        Index Cond: (id = mc.movie_id)
        Filter: ((production_year > 2005) AND (kind_id = 1))
        Rows Removed by Filter: 1
Planning time: 3.325 ms
Execution time: 777.634 ms
