Hash Join  (cost=73950.44..827279.11 rows=9880 width=0) (actual time=1089.715..16602.805 rows=2749 loops=1)
  Hash Cond: (ci.movie_id = t.id)
  ->  Seq Scan on cast_info ci  (cost=0.00..705507.15 rows=12726058 width=4) (actual time=0.031..13445.852 rows=12670688 loops=1)
        Filter: (role_id = 1)
        Rows Removed by Filter: 23573656
  ->  Hash  (cost=73925.90..73925.90 rows=1963 width=4) (actual time=1073.176..1073.176 rows=3417 loops=1)
        Buckets: 4096 (originally 2048)  Batches: 1 (originally 1)  Memory Usage: 153kB
        ->  Seq Scan on title t  (cost=0.00..73925.90 rows=1963 width=4) (actual time=529.623..1071.571 rows=3417 loops=1)
              Filter: ((kind_id = 1) AND (production_year = 1909))
              Rows Removed by Filter: 2524895
Planning time: 1.440 ms
Execution time: 16603.643 ms
