Hash Join  (cost=85435.26..190172.82 rows=406230 width=0) (actual time=1689.564..4205.844 rows=1062403 loops=1)
  Hash Cond: (mk.movie_id = t.id)
  ->  Seq Scan on movie_keyword mk  (cost=0.00..81003.12 rows=1464305 width=4) (actual time=0.019..1460.162 rows=1476158 loops=1)
        Filter: (keyword_id > 11142)
        Rows Removed by Filter: 3047772
  ->  Hash  (cost=73925.90..73925.90 rows=701468 width=4) (actual time=1688.671..1688.671 rows=749931 loops=1)
        Buckets: 131072  Batches: 16  Memory Usage: 2682kB
        ->  Seq Scan on title t  (cost=0.00..73925.90 rows=701468 width=4) (actual time=0.042..1166.558 rows=749931 loops=1)
              Filter: ((kind_id < 7) AND (production_year < 2009))
              Rows Removed by Filter: 1778381
Planning time: 5.512 ms
Execution time: 4330.606 ms
