Hash Join  (cost=116038.66..192937.59 rows=134140 width=0) (actual time=2335.719..4439.514 rows=490397 loops=1)
  Hash Cond: (mc.movie_id = t.id)
  ->  Seq Scan on movie_companies mc  (cost=0.00..44881.29 rows=2609129 width=4) (actual time=0.022..958.465 rows=2609129 loops=1)
  ->  Hash  (cost=113905.71..113905.71 rows=129996 width=8) (actual time=2334.952..2334.952 rows=156379 loops=1)
        Buckets: 131072  Batches: 2  Memory Usage: 4086kB
        ->  Hash Join  (cost=79303.65..113905.71 rows=129996 width=8) (actual time=1429.243..2280.947 rows=156379 loops=1)
              Hash Cond: (mi_idx.movie_id = t.id)
              ->  Seq Scan on movie_info_idx mi_idx  (cost=0.00..25185.44 rows=460978 width=4) (actual time=0.023..450.682 rows=459925 loops=1)
                    Filter: (info_type_id = 99)
                    Rows Removed by Filter: 920110
              ->  Hash  (cost=67604.59..67604.59 rows=713045 width=4) (actual time=1428.346..1428.346 rows=707186 loops=1)
                    Buckets: 131072  Batches: 16  Memory Usage: 2578kB
                    ->  Seq Scan on title t  (cost=0.00..67604.59 rows=713045 width=4) (actual time=0.023..1197.516 rows=707186 loops=1)
                          Filter: (production_year < 1991)
                          Rows Removed by Filter: 1821126
Planning time: 1.159 ms
Execution time: 4504.089 ms
