Hash Join  (cost=170752.69..538697.65 rows=328902 width=0) (actual time=3021.810..11914.724 rows=4694214 loops=1)
  Hash Cond: (mi.movie_id = t.id)
  ->  Seq Scan on movie_info mi  (cost=0.00..309384.22 rows=14739122 width=4) (actual time=0.018..4400.109 rows=14835720 loops=1)
  ->  Hash  (cost=170047.39..170047.39 rows=56424 width=8) (actual time=2972.081..2972.081 rows=67320 loops=1)
        Buckets: 131072 (originally 65536)  Batches: 1 (originally 1)  Memory Usage: 3654kB
        ->  Hash Join  (cost=76242.82..170047.39 rows=56424 width=8) (actual time=1121.358..2948.219 rows=67320 loops=1)
              Hash Cond: (mk.movie_id = t.id)
              ->  Seq Scan on movie_keyword mk  (cost=0.00..81003.12 rows=1010456 width=4) (actual time=0.022..1453.622 rows=1017708 loops=1)
                    Filter: (keyword_id > 17723)
                    Rows Removed by Filter: 3506222
              ->  Hash  (cost=73925.90..73925.90 rows=141193 width=4) (actual time=1119.651..1119.651 rows=132182 loops=1)
                    Buckets: 131072  Batches: 2  Memory Usage: 3346kB
                    ->  Seq Scan on title t  (cost=0.00..73925.90 rows=141193 width=4) (actual time=305.855..1073.120 rows=132182 loops=1)
                          Filter: ((production_year > 2009) AND (kind_id = 1))
                          Rows Removed by Filter: 2396130
Planning time: 1.226 ms
Execution time: 12459.675 ms
