Seq Scan on title t  (cost=0.00..73925.90 rows=34034 width=0) (actual time=75.785..941.063 rows=9253 loops=1)
  Filter: ((production_year < 1993) AND (kind_id = 4))
  Rows Removed by Filter: 2519059
Planning time: 0.377 ms
Execution time: 943.078 ms
