Nested Loop  (cost=0.43..709671.90 rows=500 width=0) (actual time=2085.239..11206.204 rows=445 loops=1)
  ->  Seq Scan on cast_info ci  (cost=0.00..705507.15 rows=500 width=4) (actual time=2085.144..11198.933 rows=445 loops=1)
        Filter: (person_id = 968431)
        Rows Removed by Filter: 36243899
  ->  Index Only Scan using title_pkey on title t  (cost=0.43..8.32 rows=1 width=4) (actual time=0.015..0.016 rows=1 loops=445)
        Index Cond: (id = ci.movie_id)
        Heap Fetches: 445
Planning time: 0.768 ms
Execution time: 11206.384 ms
