Hash Join  (cost=159313.96..902222.44 rows=264655 width=0) (actual time=5646.464..16071.832 rows=195926 loops=1)
  Hash Cond: (ci.movie_id = t.id)
  ->  Seq Scan on cast_info ci  (cost=0.00..705507.15 rows=2928476 width=4) (actual time=2509.914..11736.011 rows=2869515 loops=1)
        Filter: (person_id < 278249)
        Rows Removed by Filter: 33374829
  ->  Hash  (cost=155564.58..155564.58 rows=228510 width=8) (actual time=3095.029..3095.029 rows=86431 loops=1)
        Buckets: 131072  Batches: 4  Memory Usage: 1868kB
        ->  Hash Join  (cost=91446.37..155564.58 rows=228510 width=8) (actual time=2257.954..3070.601 rows=86431 loops=1)
              Hash Cond: (mc.movie_id = t.id)
              ->  Seq Scan on movie_companies mc  (cost=0.00..51404.11 rows=541068 width=4) (actual time=0.032..957.789 rows=545721 loops=1)
                    Filter: (company_id > 71988)
                    Rows Removed by Filter: 2063408
              ->  Hash  (cost=73925.90..73925.90 rows=1067877 width=4) (actual time=1671.994..1671.994 rows=1163273 loops=1)
                    Buckets: 131072  Batches: 16  Memory Usage: 3588kB
                    ->  Seq Scan on title t  (cost=0.00..73925.90 rows=1067877 width=4) (actual time=0.017..1320.053 rows=1163273 loops=1)
                          Filter: ((production_year > 1990) AND (kind_id = 7))
                          Rows Removed by Filter: 1365039
Planning time: 1.209 ms
Execution time: 16098.153 ms
