Nested Loop  (cost=0.43..52283.69 rows=104 width=0) (actual time=32.835..818.367 rows=7 loops=1)
  ->  Seq Scan on movie_companies mc  (cost=0.00..51404.11 rows=104 width=4) (actual time=32.748..817.899 rows=7 loops=1)
        Filter: (company_id = 74720)
        Rows Removed by Filter: 2609122
  ->  Index Only Scan using title_pkey on title t  (cost=0.43..8.45 rows=1 width=4) (actual time=0.057..0.058 rows=1 loops=7)
        Index Cond: (id = mc.movie_id)
        Heap Fetches: 7
Planning time: 0.735 ms
Execution time: 818.431 ms
