Hash Join  (cost=94699.36..149406.76 rows=4188 width=0) (actual time=1746.582..2932.786 rows=13571 loops=1)
  Hash Cond: (mc.movie_id = t.id)
  ->  Seq Scan on movie_companies mc  (cost=0.00..44881.29 rows=2609129 width=4) (actual time=0.016..673.882 rows=2609129 loops=1)
  ->  Hash  (cost=94648.62..94648.62 rows=4059 width=8) (actual time=1746.020..1746.020 rows=2967 loops=1)
        Buckets: 4096  Batches: 1  Memory Usage: 148kB
        ->  Hash Join  (cost=67697.55..94648.62 rows=4059 width=8) (actual time=1200.657..1744.756 rows=2967 loops=1)
              Hash Cond: (mi_idx.movie_id = t.id)
              ->  Seq Scan on movie_info_idx mi_idx  (cost=0.00..21735.35 rows=1380035 width=4) (actual time=0.013..303.878 rows=1380035 loops=1)
              ->  Hash  (cost=67604.59..67604.59 rows=7437 width=4) (actual time=1179.407..1179.407 rows=2202 loops=1)
                    Buckets: 8192  Batches: 1  Memory Usage: 142kB
                    ->  Seq Scan on title t  (cost=0.00..67604.59 rows=7437 width=4) (actual time=0.145..1178.200 rows=2202 loops=1)
                          Filter: (production_year = 1940)
                          Rows Removed by Filter: 2526110
Planning time: 1.144 ms
Execution time: 2934.835 ms
