Seq Scan on title t  (cost=0.00..73925.90 rows=791235 width=0) (actual time=0.013..951.524 rows=701949 loops=1)
  Filter: ((kind_id < 7) AND (production_year > 1974))
  Rows Removed by Filter: 1826363
Planning time: 0.356 ms
Execution time: 1031.630 ms
