Seq Scan on movie_keyword mk  (cost=0.00..81003.12 rows=246 width=0) (actual time=0.795..1259.667 rows=354 loops=1)
  Filter: (keyword_id = 34307)
  Rows Removed by Filter: 4523576
Planning time: 0.262 ms
Execution time: 1259.876 ms
