Seq Scan on title t  (cost=0.00..73925.90 rows=5069 width=0) (actual time=0.379..1051.458 rows=4420 loops=1)
  Filter: ((kind_id = 2) AND (production_year = 2010))
  Rows Removed by Filter: 2523892
Planning time: 0.394 ms
Execution time: 1052.741 ms
