Seq Scan on cast_info ci  (cost=0.00..705507.15 rows=8803111 width=0) (actual time=0.026..12204.300 rows=8809525 loops=1)
  Filter: (person_id > 2810848)
  Rows Removed by Filter: 27434819
Planning time: 0.380 ms
Execution time: 13307.884 ms
