Seq Scan on movie_keyword mk  (cost=0.00..81003.12 rows=246 width=0) (actual time=7.773..1295.403 rows=150 loops=1)
  Filter: (keyword_id = 34187)
  Rows Removed by Filter: 4523780
Planning time: 0.252 ms
Execution time: 1295.570 ms
