Seq Scan on movie_keyword mk  (cost=0.00..81003.12 rows=246 width=0) (actual time=25.629..1271.322 rows=119 loops=1)
  Filter: (keyword_id = 10377)
  Rows Removed by Filter: 4523811
Planning time: 0.378 ms
Execution time: 1271.463 ms
