Hash Join  (cost=331138.47..1043359.85 rows=18328462 width=0) (actual time=7113.183..25429.396 rows=23264315 loops=1)
  Hash Cond: (mi.movie_id = t.id)
  ->  Seq Scan on movie_info mi  (cost=0.00..309384.22 rows=14739122 width=4) (actual time=0.023..6344.663 rows=14835720 loops=1)
  ->  Hash  (cost=279551.90..279551.90 rows=3144286 width=8) (actual time=7109.933..7109.933 rows=1567609 loops=1)
        Buckets: 131072  Batches: 64  Memory Usage: 1985kB
        ->  Hash Join  (cost=103421.98..279551.90 rows=3144286 width=8) (actual time=2000.169..6590.238 rows=1567609 loops=1)
              Hash Cond: (mk.movie_id = t.id)
              ->  Seq Scan on movie_keyword mk  (cost=0.00..81003.12 rows=4422187 width=4) (actual time=0.016..1781.634 rows=4407784 loops=1)
                    Filter: (keyword_id > 110)
                    Rows Removed by Filter: 116146
              ->  Hash  (cost=73925.90..73925.90 rows=1797846 width=4) (actual time=1994.967..1994.967 rows=1799906 loops=1)
                    Buckets: 131072  Batches: 32  Memory Usage: 3013kB
                    ->  Seq Scan on title t  (cost=0.00..73925.90 rows=1797846 width=4) (actual time=0.023..1404.142 rows=1799906 loops=1)
                          Filter: ((kind_id > 1) AND (production_year > 1905))
                          Rows Removed by Filter: 728406
Planning time: 1.195 ms
Execution time: 27814.819 ms
