Hash Join  (cost=131045.51..217919.38 rows=21583 width=0) (actual time=3548.030..4175.899 rows=3378 loops=1)
  Hash Cond: (mk.movie_id = t.id)
  ->  Seq Scan on movie_keyword mk  (cost=0.00..69693.30 rows=4523930 width=4) (actual time=0.020..966.216 rows=4523930 loops=1)
  ->  Hash  (cost=130894.72..130894.72 rows=12063 width=8) (actual time=2413.738..2413.738 rows=2568 loops=1)
        Buckets: 16384  Batches: 1  Memory Usage: 229kB
        ->  Hash Join  (cost=74202.60..130894.72 rows=12063 width=8) (actual time=1244.812..2412.608 rows=2568 loops=1)
              Hash Cond: (mc.movie_id = t.id)
              ->  Seq Scan on movie_companies mc  (cost=0.00..51404.11 rows=1377966 width=4) (actual time=0.044..881.753 rows=1389955 loops=1)
                    Filter: (company_id > 11137)
                    Rows Removed by Filter: 1219174
              ->  Hash  (cost=73925.90..73925.90 rows=22136 width=4) (actual time=1244.164..1244.164 rows=24301 loops=1)
                    Buckets: 32768  Batches: 1  Memory Usage: 1111kB
                    ->  Seq Scan on title t  (cost=0.00..73925.90 rows=22136 width=4) (actual time=10.032..1233.676 rows=24301 loops=1)
                          Filter: ((kind_id > 6) AND (production_year = 1996))
                          Rows Removed by Filter: 2504011
Planning time: 1.099 ms
Execution time: 4176.634 ms
