Hash Join  (cost=102767.86..987078.07 rows=3256556 width=0) (actual time=5892.588..23019.556 rows=7576324 loops=1)
  Hash Cond: (ci.movie_id = t.id)
  ->  Seq Scan on cast_info ci  (cost=0.00..796071.18 rows=3256556 width=4) (actual time=3692.148..12678.767 rows=7576324 loops=1)
        Filter: ((person_id > 2744402) AND (role_id > 3))
        Rows Removed by Filter: 28668020
  ->  Hash  (cost=61283.27..61283.27 rows=2528527 width=4) (actual time=2197.174..2197.174 rows=2528312 loops=1)
        Buckets: 131072  Batches: 64  Memory Usage: 2415kB
        ->  Seq Scan on title t  (cost=0.00..61283.27 rows=2528527 width=4) (actual time=0.016..1186.318 rows=2528312 loops=1)
Planning time: 0.550 ms
Execution time: 24011.328 ms
