Hash Join  (cost=122333.31..496060.59 rows=146145 width=0) (actual time=3581.356..8923.244 rows=747262 loops=1)
  Hash Cond: (mi.movie_id = t.id)
  ->  Seq Scan on movie_info mi  (cost=0.00..346232.03 rows=2194617 width=4) (actual time=1203.237..5514.145 rows=2233850 loops=1)
        Filter: (info_type_id > 16)
        Rows Removed by Filter: 12601870
  ->  Hash  (cost=119570.56..119570.56 rows=168380 width=8) (actual time=2377.156..2377.156 rows=195295 loops=1)
        Buckets: 131072  Batches: 4  Memory Usage: 2927kB
        ->  Hash Join  (cost=78988.28..119570.56 rows=168380 width=8) (actual time=1184.335..2313.656 rows=195295 loops=1)
              Hash Cond: (mi_idx.movie_id = t.id)
              ->  Seq Scan on movie_info_idx mi_idx  (cost=0.00..21735.35 rows=1380035 width=4) (actual time=0.025..429.078 rows=1380035 loops=1)
              ->  Hash  (cost=73925.90..73925.90 rows=308510 width=4) (actual time=1183.280..1183.280 rows=266599 loops=1)
                    Buckets: 131072  Batches: 8  Memory Usage: 2191kB
                    ->  Seq Scan on title t  (cost=0.00..73925.90 rows=308510 width=4) (actual time=0.029..1097.596 rows=266599 loops=1)
                          Filter: ((kind_id < 7) AND (production_year > 2007))
                          Rows Removed by Filter: 2261713
Planning time: 1.154 ms
Execution time: 9001.912 ms
