Hash Join  (cost=69460.45..168860.61 rows=66876 width=0) (actual time=1102.427..3116.851 rows=61711 loops=1)
  Hash Cond: (mk.movie_id = t.id)
  ->  Seq Scan on movie_keyword mk  (cost=0.00..81003.12 rows=1495006 width=4) (actual time=0.034..1494.211 rows=1514596 loops=1)
        Filter: (keyword_id > 10688)
        Rows Removed by Filter: 3009334
  ->  Hash  (cost=67604.59..67604.59 rows=113109 width=4) (actual time=1101.339..1101.339 rows=119565 loops=1)
        Buckets: 131072  Batches: 2  Memory Usage: 3121kB
        ->  Seq Scan on title t  (cost=0.00..67604.59 rows=113109 width=4) (actual time=0.023..1053.225 rows=119565 loops=1)
              Filter: (production_year = 2007)
              Rows Removed by Filter: 2408747
Planning time: 0.796 ms
Execution time: 3125.470 ms
