Seq Scan on movie_companies mc  (cost=0.00..51404.11 rows=1207732 width=0) (actual time=0.013..958.854 rows=1199112 loops=1)
  Filter: (company_id < 10822)
  Rows Removed by Filter: 1410017
Planning time: 0.333 ms
Execution time: 1107.209 ms
