Hash Join  (cost=202420.03..577600.75 rows=246389 width=0) (actual time=5155.669..10738.391 rows=109327 loops=1)
  Hash Cond: (mi.movie_id = t.id)
  ->  Seq Scan on movie_info mi  (cost=0.00..346232.03 rows=2194617 width=4) (actual time=1169.905..5863.881 rows=2233850 loops=1)
        Filter: (info_type_id > 16)
        Rows Removed by Filter: 12601870
  ->  Hash  (cost=197762.58..197762.58 rows=283876 width=8) (actual time=3984.915..3984.915 rows=47934 loops=1)
        Buckets: 131072  Batches: 4  Memory Usage: 1492kB
        ->  Hash Join  (cost=77793.68..197762.58 rows=283876 width=8) (actual time=2608.147..3969.708 rows=47934 loops=1)
              Hash Cond: (mk.movie_id = t.id)
              ->  Seq Scan on movie_keyword mk  (cost=0.00..81003.12 rows=3044804 width=4) (actual time=2.358..1673.132 rows=3033131 loops=1)
                    Filter: (keyword_id < 10914)
                    Rows Removed by Filter: 1490799
              ->  Hash  (cost=73925.90..73925.90 rows=235742 width=4) (actual time=1208.761..1208.761 rows=129555 loops=1)
                    Buckets: 131072  Batches: 4  Memory Usage: 2166kB
                    ->  Seq Scan on title t  (cost=0.00..73925.90 rows=235742 width=4) (actual time=0.022..1157.546 rows=129555 loops=1)
                          Filter: ((production_year < 1971) AND (kind_id = 7))
                          Rows Removed by Filter: 2398757
Planning time: 1.190 ms
Execution time: 10752.743 ms
