Seq Scan on movie_companies mc  (cost=0.00..57926.93 rows=663531 width=0) (actual time=366.144..1043.351 rows=903330 loops=1)
  Filter: ((company_id < 11460) AND (company_type_id < 2))
  Rows Removed by Filter: 1705799
Planning time: 4.657 ms
Execution time: 1155.492 ms
