Hash Join  (cost=191929.88..1303395.96 rows=7560091 width=0) (actual time=4433.300..42769.285 rows=20982976 loops=1)
  Hash Cond: (ci.movie_id = t.id)
  ->  Seq Scan on cast_info ci  (cost=0.00..614943.12 rows=36225612 width=4) (actual time=0.023..13249.276 rows=36244344 loops=1)
  ->  Hash  (cost=183271.76..183271.76 rows=527690 width=8) (actual time=4432.225..4432.225 rows=833543 loops=1)
        Buckets: 131072 (originally 131072)  Batches: 16 (originally 8)  Memory Usage: 3073kB
        ->  Hash Join  (cost=102767.86..183271.76 rows=527690 width=8) (actual time=1905.116..4180.958 rows=833543 loops=1)
              Hash Cond: (mc.movie_id = t.id)
              ->  Seq Scan on movie_companies mc  (cost=0.00..57926.93 rows=527690 width=4) (actual time=0.020..1114.909 rows=833543 loops=1)
                    Filter: ((company_id > 15118) AND (company_type_id = 2))
                    Rows Removed by Filter: 1775586
              ->  Hash  (cost=61283.27..61283.27 rows=2528527 width=4) (actual time=1903.870..1903.870 rows=2528312 loops=1)
                    Buckets: 131072  Batches: 64  Memory Usage: 2415kB
                    ->  Seq Scan on title t  (cost=0.00..61283.27 rows=2528527 width=4) (actual time=0.017..1065.750 rows=2528312 loops=1)
Planning time: 1.199 ms
Execution time: 45138.504 ms
