Hash Join  (cost=150781.62..190431.87 rows=114077 width=0) (actual time=2546.817..3625.147 rows=418627 loops=1)
  Hash Cond: (mi_idx.movie_id = t.id)
  ->  Seq Scan on movie_info_idx mi_idx  (cost=0.00..21735.35 rows=1380035 width=4) (actual time=0.020..440.398 rows=1380035 loops=1)
  ->  Hash  (cost=147351.93..147351.93 rows=209015 width=8) (actual time=2545.975..2545.975 rows=227678 loops=1)
        Buckets: 131072  Batches: 4  Memory Usage: 3256kB
        ->  Hash Join  (cost=83810.17..147351.93 rows=209015 width=8) (actual time=1499.523..2477.842 rows=227678 loops=1)
              Hash Cond: (mc.movie_id = t.id)
              ->  Seq Scan on movie_companies mc  (cost=0.00..51404.11 rows=535066 width=4) (actual time=0.031..521.050 rows=533412 loops=1)
                    Filter: (company_id < 521)
                    Rows Removed by Filter: 2075717
              ->  Hash  (cost=67604.59..67604.59 rows=987727 width=4) (actual time=1498.584..1498.584 rows=985048 loops=1)
                    Buckets: 131072  Batches: 16  Memory Usage: 3188kB
                    ->  Seq Scan on title t  (cost=0.00..67604.59 rows=987727 width=4) (actual time=0.024..1214.449 rows=985048 loops=1)
                          Filter: (kind_id < 7)
                          Rows Removed by Filter: 1543264
Planning time: 1.160 ms
Execution time: 3670.122 ms
