Seq Scan on movie_keyword mk  (cost=0.00..81003.12 rows=246 width=0) (actual time=28.716..888.250 rows=4342 loops=1)
  Filter: (keyword_id = 29033)
  Rows Removed by Filter: 4519588
Planning time: 0.280 ms
Execution time: 888.846 ms
