Hash Join  (cost=74101.73..128912.39 rows=14514 width=0) (actual time=1216.141..2566.565 rows=26441 loops=1)
  Hash Cond: (mc.movie_id = t.id)
  ->  Seq Scan on movie_companies mc  (cost=0.00..44881.29 rows=2609129 width=4) (actual time=0.014..748.386 rows=2609129 loops=1)
  ->  Hash  (cost=73925.90..73925.90 rows=14066 width=4) (actual time=1216.003..1216.003 rows=13203 loops=1)
        Buckets: 16384  Batches: 1  Memory Usage: 593kB
        ->  Seq Scan on title t  (cost=0.00..73925.90 rows=14066 width=4) (actual time=295.122..1210.052 rows=13203 loops=1)
              Filter: ((production_year > 2010) AND (kind_id = 2))
              Rows Removed by Filter: 2515109
Planning time: 0.786 ms
Execution time: 2570.366 ms
