Seq Scan on cast_info ci  (cost=0.00..705507.15 rows=6665523 width=0) (actual time=808.587..11214.158 rows=6599355 loops=1)
  Filter: (person_id < 637210)
  Rows Removed by Filter: 29644989
Planning time: 0.340 ms
Execution time: 12016.859 ms
