Nested Loop  (cost=0.43..709671.90 rows=500 width=0) (actual time=6165.382..11272.917 rows=10 loops=1)
  ->  Seq Scan on cast_info ci  (cost=0.00..705507.15 rows=500 width=4) (actual time=6165.244..11270.247 rows=10 loops=1)
        Filter: (person_id = 103441)
        Rows Removed by Filter: 36244334
  ->  Index Only Scan using title_pkey on title t  (cost=0.43..8.32 rows=1 width=4) (actual time=0.259..0.260 rows=1 loops=10)
        Index Cond: (id = ci.movie_id)
        Heap Fetches: 10
Planning time: 0.747 ms
Execution time: 11273.130 ms
