Hash Join  (cost=80148.57..210418.04 rows=678543 width=0) (actual time=1277.347..5192.038 rows=2144447 loops=1)
  Hash Cond: (mk.movie_id = t.id)
  ->  Seq Scan on movie_keyword mk  (cost=0.00..69693.30 rows=4523930 width=4) (actual time=0.018..1431.264 rows=4523930 loops=1)
  ->  Hash  (cost=73925.90..73925.90 rows=379253 width=4) (actual time=1276.400..1276.400 rows=461364 loops=1)
        Buckets: 131072  Batches: 8  Memory Usage: 3071kB
        ->  Seq Scan on title t  (cost=0.00..73925.90 rows=379253 width=4) (actual time=0.018..1134.010 rows=461364 loops=1)
              Filter: ((kind_id < 3) AND (production_year < 2004))
              Rows Removed by Filter: 2066948
Planning time: 0.685 ms
Execution time: 5413.147 ms
