Seq Scan on movie_keyword mk  (cost=0.00..81003.12 rows=246 width=0) (actual time=3.343..1227.464 rows=484 loops=1)
  Filter: (keyword_id = 8787)
  Rows Removed by Filter: 4523446
Planning time: 0.344 ms
Execution time: 1227.759 ms
