Seq Scan on cast_info ci  (cost=0.00..796071.18 rows=5898 width=0) (actual time=188.941..11230.551 rows=2529 loops=1)
  Filter: ((person_id < 1297) AND (role_id > 1))
  Rows Removed by Filter: 36241815
Planning time: 0.344 ms
Execution time: 11230.971 ms
