Hash Join  (cost=84417.00..482564.42 rows=1243467 width=0) (actual time=4551.545..9099.613 rows=1170900 loops=1)
  Hash Cond: (mi.movie_id = t.id)
  ->  Seq Scan on movie_info mi  (cost=0.00..346232.03 rows=3068194 width=4) (actual time=3008.779..5597.028 rows=3036719 loops=1)
        Filter: (info_type_id = 16)
        Rows Removed by Filter: 11799001
  ->  Hash  (cost=67604.59..67604.59 rows=1024753 width=4) (actual time=1541.255..1541.255 rows=1021752 loops=1)
        Buckets: 131072  Batches: 16  Memory Usage: 3282kB
        ->  Seq Scan on title t  (cost=0.00..67604.59 rows=1024753 width=4) (actual time=0.044..1205.377 rows=1021752 loops=1)
              Filter: (production_year < 2000)
              Rows Removed by Filter: 1506560
Planning time: 0.808 ms
Execution time: 9236.093 ms
