Hash Join  (cost=164636.80..291964.52 rows=437068 width=0) (actual time=3701.897..8133.371 rows=4867312 loops=1)
  Hash Cond: (mk.movie_id = t.id)
  ->  Seq Scan on movie_keyword mk  (cost=0.00..69693.30 rows=4523930 width=4) (actual time=0.014..1387.345 rows=4523930 loops=1)
  ->  Hash  (cost=160628.21..160628.21 rows=244287 width=8) (actual time=3700.867..3700.867 rows=334121 loops=1)
        Buckets: 131072 (originally 131072)  Batches: 8 (originally 4)  Memory Usage: 3073kB
        ->  Hash Join  (cost=78171.87..160628.21 rows=244287 width=8) (actual time=1292.620..3588.687 rows=334121 loops=1)
              Hash Cond: (mc.movie_id = t.id)
              ->  Seq Scan on movie_companies mc  (cost=0.00..51404.11 rows=2386763 width=4) (actual time=0.020..1161.670 rows=2386778 loops=1)
                    Filter: (company_id > 77)
                    Rows Removed by Filter: 222351
              ->  Hash  (cost=73925.90..73925.90 rows=258797 width=4) (actual time=1291.804..1291.804 rows=227847 loops=1)
                    Buckets: 131072  Batches: 4  Memory Usage: 3032kB
                    ->  Seq Scan on title t  (cost=0.00..73925.90 rows=258797 width=4) (actual time=0.021..1219.606 rows=227847 loops=1)
                          Filter: ((kind_id < 7) AND (production_year > 2008))
                          Rows Removed by Filter: 2300465
Planning time: 1.208 ms
Execution time: 8652.510 ms
