Hash Join  (cost=58358.90..85269.67 rows=28 width=0) (actual time=710.704..1258.669 rows=300 loops=1)
  Hash Cond: (mi_idx.movie_id = t.id)
  ->  Seq Scan on movie_info_idx mi_idx  (cost=0.00..21735.35 rows=1380035 width=4) (actual time=0.021..329.513 rows=1380035 loops=1)
  ->  Hash  (cost=58358.27..58358.27 rows=51 width=8) (actual time=681.662..681.662 rows=189 loops=1)
        Buckets: 1024  Batches: 1  Memory Usage: 16kB
        ->  Nested Loop  (cost=0.43..58358.27 rows=51 width=8) (actual time=303.929..681.533 rows=189 loops=1)
              ->  Seq Scan on movie_companies mc  (cost=0.00..57926.93 rows=51 width=4) (actual time=303.850..677.467 rows=189 loops=1)
                    Filter: ((company_id = 215) AND (company_type_id = 1))
                    Rows Removed by Filter: 2608940
              ->  Index Only Scan using title_pkey on title t  (cost=0.43..8.45 rows=1 width=4) (actual time=0.020..0.020 rows=1 loops=189)
                    Index Cond: (id = mc.movie_id)
                    Heap Fetches: 189
Planning time: 1.213 ms
Execution time: 1258.824 ms
