Nested Loop  (cost=0.43..83072.29 rows=44 width=0) (actual time=27.440..1418.583 rows=3 loops=1)
  ->  Seq Scan on movie_keyword mk  (cost=0.00..81003.12 rows=246 width=4) (actual time=27.390..1417.773 rows=14 loops=1)
        Filter: (keyword_id = 36626)
        Rows Removed by Filter: 4523916
  ->  Index Scan using title_pkey on title t  (cost=0.43..8.40 rows=1 width=4) (actual time=0.051..0.051 rows=0 loops=14)
        Index Cond: (id = mk.movie_id)
        Filter: (production_year < 1976)
        Rows Removed by Filter: 1
Planning time: 0.523 ms
Execution time: 1418.659 ms
