Seq Scan on cast_info ci  (cost=0.00..705507.15 rows=500 width=0) (actual time=2809.681..10133.358 rows=2 loops=1)
  Filter: (person_id = 2302457)
  Rows Removed by Filter: 36244342
Planning time: 0.351 ms
Execution time: 10133.463 ms
