Seq Scan on movie_companies mc  (cost=0.00..51404.11 rows=1781068 width=0) (actual time=0.021..901.778 rows=1772260 loops=1)
  Filter: (company_id < 26569)
  Rows Removed by Filter: 836869
Planning time: 0.376 ms
Execution time: 1119.524 ms
