Hash Join  (cost=101765.68..855487.24 rows=293233 width=0) (actual time=1830.885..21523.173 rows=1072427 loops=1)
  Hash Cond: (ci.movie_id = t.id)
  ->  Seq Scan on cast_info ci  (cost=0.00..614943.12 rows=36225612 width=4) (actual time=0.018..9546.377 rows=36244344 loops=1)
  ->  Hash  (cost=101509.83..101509.83 rows=20468 width=8) (actual time=1830.689..1830.689 rows=39660 loops=1)
        Buckets: 65536 (originally 32768)  Batches: 1 (originally 1)  Memory Usage: 2062kB
        ->  Hash Join  (cost=74394.67..101509.83 rows=20468 width=8) (actual time=1135.421..1816.105 rows=39660 loops=1)
              Hash Cond: (mi_idx.movie_id = t.id)
              ->  Seq Scan on movie_info_idx mi_idx  (cost=0.00..21735.35 rows=1380035 width=4) (actual time=0.014..348.270 rows=1380035 loops=1)
              ->  Hash  (cost=73925.90..73925.90 rows=37501 width=4) (actual time=1135.134..1135.134 rows=32253 loops=1)
                    Buckets: 65536  Batches: 1  Memory Usage: 1646kB
                    ->  Seq Scan on title t  (cost=0.00..73925.90 rows=37501 width=4) (actual time=0.064..1121.562 rows=32253 loops=1)
                          Filter: ((kind_id < 7) AND (production_year = 2005))
                          Rows Removed by Filter: 2496059
Planning time: 0.834 ms
Execution time: 21672.205 ms
