Hash Join  (cost=94699.36..149406.76 rows=4188 width=0) (actual time=1806.448..3035.071 rows=27567 loops=1)
  Hash Cond: (mc.movie_id = t.id)
  ->  Seq Scan on movie_companies mc  (cost=0.00..44881.29 rows=2609129 width=4) (actual time=0.016..688.177 rows=2609129 loops=1)
  ->  Hash  (cost=94648.62..94648.62 rows=4059 width=8) (actual time=1805.238..1805.238 rows=9368 loops=1)
        Buckets: 16384 (originally 4096)  Batches: 1 (originally 1)  Memory Usage: 494kB
        ->  Hash Join  (cost=67697.55..94648.62 rows=4059 width=8) (actual time=1175.581..1801.564 rows=9368 loops=1)
              Hash Cond: (mi_idx.movie_id = t.id)
              ->  Seq Scan on movie_info_idx mi_idx  (cost=0.00..21735.35 rows=1380035 width=4) (actual time=0.013..329.578 rows=1380035 loops=1)
              ->  Hash  (cost=67604.59..67604.59 rows=7437 width=4) (actual time=1175.515..1175.515 rows=14349 loops=1)
                    Buckets: 16384 (originally 8192)  Batches: 1 (originally 1)  Memory Usage: 633kB
                    ->  Seq Scan on title t  (cost=0.00..67604.59 rows=7437 width=4) (actual time=0.076..1168.642 rows=14349 loops=1)
                          Filter: (production_year = 1969)
                          Rows Removed by Filter: 2513963
Planning time: 1.060 ms
Execution time: 3039.107 ms
