Seq Scan on movie_keyword mk  (cost=0.00..81003.12 rows=246 width=0) (actual time=0.384..1260.173 rows=3830 loops=1)
  Filter: (keyword_id = 141)
  Rows Removed by Filter: 4520100
Planning time: 0.384 ms
Execution time: 1261.187 ms
