Hash Join  (cost=136029.92..504608.57 rows=392272 width=0) (actual time=2531.251..11429.701 rows=981665 loops=1)
  Hash Cond: (mi.movie_id = t.id)
  ->  Seq Scan on movie_info mi  (cost=0.00..309384.22 rows=14739122 width=4) (actual time=0.015..4694.700 rows=14835720 loops=1)
  ->  Hash  (cost=135188.73..135188.73 rows=67295 width=8) (actual time=2521.705..2521.705 rows=51489 loops=1)
        Buckets: 131072  Batches: 1  Memory Usage: 3036kB
        ->  Hash Join  (cost=70241.71..135188.73 rows=67295 width=8) (actual time=1118.983..2501.503 rows=51489 loops=1)
              Hash Cond: (mc.movie_id = t.id)
              ->  Seq Scan on movie_companies mc  (cost=0.00..51404.11 rows=1058656 width=4) (actual time=0.009..910.960 rows=1055234 loops=1)
                    Filter: (company_id < 6227)
                    Rows Removed by Filter: 1553895
              ->  Hash  (cost=67604.59..67604.59 rows=160730 width=4) (actual time=1117.824..1117.824 rows=160017 loops=1)
                    Buckets: 131072  Batches: 4  Memory Usage: 2436kB
                    ->  Seq Scan on title t  (cost=0.00..67604.59 rows=160730 width=4) (actual time=0.019..1061.527 rows=160017 loops=1)
                          Filter: (production_year = 2011)
                          Rows Removed by Filter: 2368295
Planning time: 0.796 ms
Execution time: 11557.817 ms
