Seq Scan on movie_companies mc  (cost=0.00..51404.11 rows=2450590 width=0) (actual time=0.025..1031.067 rows=2447019 loops=1)
  Filter: (company_id > 27)
  Rows Removed by Filter: 162110
Planning time: 0.323 ms
Execution time: 1365.433 ms
