Hash Join  (cost=102767.86..290080.96 rows=4007506 width=0) (actual time=2244.240..7313.732 rows=4014907 loops=1)
  Hash Cond: (mk.movie_id = t.id)
  ->  Seq Scan on movie_keyword mk  (cost=0.00..81003.12 rows=4007506 width=4) (actual time=0.020..1780.735 rows=4014907 loops=1)
        Filter: (keyword_id < 35675)
        Rows Removed by Filter: 509023
  ->  Hash  (cost=61283.27..61283.27 rows=2528527 width=4) (actual time=2242.752..2242.752 rows=2528312 loops=1)
        Buckets: 131072  Batches: 64  Memory Usage: 2425kB
        ->  Seq Scan on title t  (cost=0.00..61283.27 rows=2528527 width=4) (actual time=0.020..1112.330 rows=2528312 loops=1)
Planning time: 0.731 ms
Execution time: 7772.248 ms
