Seq Scan on movie_keyword mk  (cost=0.00..81003.12 rows=246 width=0) (actual time=1.400..1261.951 rows=118 loops=1)
  Filter: (keyword_id = 38453)
  Rows Removed by Filter: 4523812
Planning time: 0.312 ms
Execution time: 1262.086 ms
