Hash Join  (cost=102767.86..222852.88 rows=1213655 width=0) (actual time=1945.385..4760.822 rows=1222554 loops=1)
  Hash Cond: (mk.movie_id = t.id)
  ->  Seq Scan on movie_keyword mk  (cost=0.00..81003.12 rows=1213655 width=4) (actual time=0.014..1528.413 rows=1222554 loops=1)
        Filter: (keyword_id > 14883)
        Rows Removed by Filter: 3301376
  ->  Hash  (cost=61283.27..61283.27 rows=2528527 width=4) (actual time=1943.350..1943.350 rows=2528312 loops=1)
        Buckets: 131072  Batches: 64  Memory Usage: 2425kB
        ->  Seq Scan on title t  (cost=0.00..61283.27 rows=2528527 width=4) (actual time=0.018..1085.455 rows=2528312 loops=1)
Planning time: 0.743 ms
Execution time: 4890.452 ms
