Hash Join  (cost=102767.86..1498389.08 rows=28269543 width=0) (actual time=1922.480..42387.747 rows=28407046 loops=1)
  Hash Cond: (ci.movie_id = t.id)
  ->  Seq Scan on cast_info ci  (cost=0.00..705507.15 rows=28269543 width=4) (actual time=0.016..15960.223 rows=28407046 loops=1)
        Filter: (person_id > 763513)
        Rows Removed by Filter: 7837298
  ->  Hash  (cost=61283.27..61283.27 rows=2528527 width=4) (actual time=1921.438..1921.438 rows=2528312 loops=1)
        Buckets: 131072  Batches: 64  Memory Usage: 2415kB
        ->  Seq Scan on title t  (cost=0.00..61283.27 rows=2528527 width=4) (actual time=1.138..1091.317 rows=2528312 loops=1)
Planning time: 0.505 ms
Execution time: 45591.835 ms
