Hash Join  (cost=170371.07..542551.88 rows=490204 width=0) (actual time=8223.318..10479.354 rows=927171 loops=1)
  Hash Cond: (mi.movie_id = t.id)
  ->  Seq Scan on movie_info mi  (cost=0.00..346232.03 rows=1550064 width=4) (actual time=4279.357..5463.978 rows=1533909 loops=1)
        Filter: (info_type_id = 3)
        Rows Removed by Filter: 13301811
  ->  Hash  (cost=157251.56..157251.56 rows=799641 width=8) (actual time=3942.888..3942.888 rows=821942 loops=1)
        Buckets: 131072  Batches: 16  Memory Usage: 3048kB
        ->  Hash Join  (cost=103698.42..157251.56 rows=799641 width=8) (actual time=2146.562..3713.230 rows=821942 loops=1)
              Hash Cond: (mi_idx.movie_id = t.id)
              ->  Seq Scan on movie_info_idx mi_idx  (cost=0.00..25185.44 rows=919057 width=4) (actual time=0.035..537.490 rows=920110 loops=1)
                    Filter: (info_type_id > 99)
                    Rows Removed by Filter: 459925
              ->  Hash  (cost=67604.59..67604.59 rows=2199987 width=4) (actual time=2145.642..2145.642 rows=2192624 loops=1)
                    Buckets: 131072  Batches: 32  Memory Usage: 3436kB
                    ->  Seq Scan on title t  (cost=0.00..67604.59 rows=2199987 width=4) (actual time=0.024..1442.726 rows=2192624 loops=1)
                          Filter: (production_year > 1961)
                          Rows Removed by Filter: 335688
Planning time: 1.210 ms
Execution time: 10586.391 ms
