Seq Scan on cast_info ci  (cost=0.00..705507.15 rows=10231071 width=0) (actual time=0.049..12108.211 rows=10057002 loops=1)
  Filter: (person_id < 988946)
  Rows Removed by Filter: 26187342
Planning time: 3.933 ms
Execution time: 13393.687 ms
