Hash Join  (cost=73962.22..780786.57 rows=402 width=0) (actual time=4202.633..13247.989 rows=1675 loops=1)
  Hash Cond: (ci.movie_id = t.id)
  ->  Seq Scan on cast_info ci  (cost=0.00..705507.15 rows=350181 width=4) (actual time=3160.191..12154.902 rows=316118 loops=1)
        Filter: (role_id > 10)
        Rows Removed by Filter: 35928226
  ->  Hash  (cost=73925.90..73925.90 rows=2905 width=4) (actual time=1042.232..1042.232 rows=8669 loops=1)
        Buckets: 16384 (originally 4096)  Batches: 1 (originally 1)  Memory Usage: 433kB
        ->  Seq Scan on title t  (cost=0.00..73925.90 rows=2905 width=4) (actual time=1.668..1038.026 rows=8669 loops=1)
              Filter: ((kind_id < 7) AND (production_year = 1989))
              Rows Removed by Filter: 2519643
Planning time: 0.742 ms
Execution time: 13248.430 ms
