Hash Join  (cost=102767.86..190054.87 rows=809605 width=0) (actual time=2009.481..4450.319 rows=1024529 loops=1)
  Hash Cond: (mc.movie_id = t.id)
  ->  Seq Scan on movie_companies mc  (cost=0.00..57926.93 rows=809605 width=4) (actual time=54.882..1188.283 rows=1024529 loops=1)
        Filter: ((company_id > 5378) AND (company_type_id = 2))
        Rows Removed by Filter: 1584600
  ->  Hash  (cost=61283.27..61283.27 rows=2528527 width=4) (actual time=1953.293..1953.293 rows=2528312 loops=1)
        Buckets: 131072  Batches: 64  Memory Usage: 2415kB
        ->  Seq Scan on title t  (cost=0.00..61283.27 rows=2528527 width=4) (actual time=0.008..1125.947 rows=2528312 loops=1)
Planning time: 4.903 ms
Execution time: 4580.053 ms
