Hash Join  (cost=136675.06..1001834.45 rows=318381 width=0) (actual time=3098.298..23730.760 rows=456025 loops=1)
  Hash Cond: (ci.movie_id = t.id)
  ->  Seq Scan on cast_info ci  (cost=0.00..796071.18 rows=17574508 width=4) (actual time=541.807..15691.764 rows=14435458 loops=1)
        Filter: ((person_id < 2785176) AND (role_id > 1))
        Rows Removed by Filter: 21808886
  ->  Hash  (cost=136102.47..136102.47 rows=45807 width=8) (actual time=2555.848..2555.848 rows=95976 loops=1)
        Buckets: 131072 (originally 65536)  Batches: 2 (originally 1)  Memory Usage: 3073kB
        ->  Hash Join  (cost=69090.10..136102.47 rows=45807 width=8) (actual time=1112.054..2517.761 rows=95976 loops=1)
              Hash Cond: (mc.movie_id = t.id)
              ->  Seq Scan on movie_companies mc  (cost=0.00..51404.11 rows=1279517 width=4) (actual time=54.618..977.237 rows=1274246 loops=1)
                    Filter: (company_type_id = 1)
                    Rows Removed by Filter: 1334883
              ->  Hash  (cost=67604.59..67604.59 rows=90521 width=4) (actual time=1056.655..1056.655 rows=90852 loops=1)
                    Buckets: 131072  Batches: 2  Memory Usage: 2626kB
                    ->  Seq Scan on title t  (cost=0.00..67604.59 rows=90521 width=4) (actual time=0.028..1022.227 rows=90852 loops=1)
                          Filter: (kind_id = 2)
                          Rows Removed by Filter: 2437460
Planning time: 2.106 ms
Execution time: 23795.772 ms
