Hash Join  (cost=174462.15..573174.78 rows=1286187 width=0) (actual time=4004.583..12078.111 rows=2661588 loops=1)
  Hash Cond: (mi.movie_id = t.id)
  ->  Seq Scan on movie_info mi  (cost=0.00..346232.03 rows=3068194 width=4) (actual time=0.012..5730.099 rows=3036719 loops=1)
        Filter: (info_type_id = 16)
        Rows Removed by Filter: 11799001
  ->  Hash  (cost=157071.66..157071.66 rows=1059959 width=8) (actual time=4003.734..4003.734 rows=1051116 loops=1)
        Buckets: 131072  Batches: 16  Memory Usage: 3615kB
        ->  Hash Join  (cost=99467.55..157071.66 rows=1059959 width=8) (actual time=1942.639..3696.317 rows=1051116 loops=1)
              Hash Cond: (mi_idx.movie_id = t.id)
              ->  Seq Scan on movie_info_idx mi_idx  (cost=0.00..21735.35 rows=1380035 width=4) (actual time=0.011..434.767 rows=1380035 loops=1)
              ->  Hash  (cost=67604.59..67604.59 rows=1942077 width=4) (actual time=1941.546..1941.546 rows=1932484 loops=1)
                    Buckets: 131072  Batches: 32  Memory Usage: 3155kB
                    ->  Seq Scan on title t  (cost=0.00..67604.59 rows=1942077 width=4) (actual time=0.025..1308.647 rows=1932484 loops=1)
                          Filter: (production_year > 1980)
                          Rows Removed by Filter: 595828
Planning time: 1.166 ms
Execution time: 12402.780 ms
