Seq Scan on movie_companies mc  (cost=0.00..57926.93 rows=32826 width=0) (actual time=0.049..882.653 rows=61638 loops=1)
  Filter: ((company_id < 11) AND (company_type_id = 1))
  Rows Removed by Filter: 2547491
Planning time: 0.413 ms
Execution time: 891.201 ms
