Seq Scan on movie_companies mc  (cost=0.00..51404.11 rows=624420 width=0) (actual time=20.021..837.264 rows=628401 loops=1)
  Filter: (company_id > 60122)
  Rows Removed by Filter: 1980728
Planning time: 0.327 ms
Execution time: 912.792 ms
