Hash Join  (cost=155330.06..194650.12 rows=94858 width=0) (actual time=3147.725..4400.669 rows=750033 loops=1)
  Hash Cond: (mi_idx.movie_id = t.id)
  ->  Seq Scan on movie_info_idx mi_idx  (cost=0.00..21735.35 rows=1380035 width=4) (actual time=0.020..446.950 rows=1380035 loops=1)
  ->  Hash  (cost=152478.56..152478.56 rows=173800 width=8) (actual time=3146.666..3146.666 rows=342873 loops=1)
        Buckets: 131072 (originally 131072)  Batches: 8 (originally 4)  Memory Usage: 3073kB
        ->  Hash Join  (cost=83810.17..152478.56 rows=173800 width=8) (actual time=1404.432..3032.676 rows=342873 loops=1)
              Hash Cond: (mc.movie_id = t.id)
              ->  Seq Scan on movie_companies mc  (cost=0.00..57926.93 rows=444919 width=4) (actual time=0.019..992.533 rows=640498 loops=1)
                    Filter: ((company_id < 2962) AND (company_type_id = 1))
                    Rows Removed by Filter: 1968631
              ->  Hash  (cost=67604.59..67604.59 rows=987727 width=4) (actual time=1403.318..1403.318 rows=985048 loops=1)
                    Buckets: 131072  Batches: 16  Memory Usage: 3188kB
                    ->  Seq Scan on title t  (cost=0.00..67604.59 rows=987727 width=4) (actual time=0.025..1093.815 rows=985048 loops=1)
                          Filter: (kind_id < 7)
                          Rows Removed by Filter: 1543264
Planning time: 1.221 ms
Execution time: 4485.839 ms
