Hash Join  (cost=58375.46..423031.45 rows=6 width=0) (actual time=1247.359..7993.315 rows=770 loops=1)
  Hash Cond: (mi.movie_id = t.id)
  ->  Seq Scan on movie_info mi  (cost=0.00..309384.22 rows=14739122 width=4) (actual time=0.019..4424.764 rows=14835720 loops=1)
  ->  Hash  (cost=58375.45..58375.45 rows=1 width=8) (actual time=854.292..854.292 rows=112 loops=1)
        Buckets: 1024  Batches: 1  Memory Usage: 13kB
        ->  Nested Loop  (cost=0.43..58375.45 rows=1 width=8) (actual time=3.819..854.172 rows=112 loops=1)
              ->  Seq Scan on movie_companies mc  (cost=0.00..57926.93 rows=53 width=4) (actual time=0.579..826.019 rows=807 loops=1)
                    Filter: ((company_id = 11428) AND (company_type_id = 2))
                    Rows Removed by Filter: 2608322
              ->  Index Scan using title_pkey on title t  (cost=0.43..8.45 rows=1 width=4) (actual time=0.034..0.034 rows=0 loops=807)
                    Index Cond: (id = mc.movie_id)
                    Filter: ((kind_id < 7) AND (production_year = 1999))
                    Rows Removed by Filter: 1
Planning time: 1.228 ms
Execution time: 7993.861 ms
