Hash Join  (cost=75574.02..960464.19 rows=293603 width=0) (actual time=6627.786..15518.676 rows=67859 loops=1)
  Hash Cond: (ci.movie_id = t.id)
  ->  Seq Scan on cast_info ci  (cost=0.00..796071.18 rows=7393590 width=4) (actual time=5377.046..13619.901 rows=1825823 loops=1)
        Filter: ((person_id > 1485562) AND (role_id < 2))
        Rows Removed by Filter: 34418521
  ->  Hash  (cost=73925.90..73925.90 rows=100409 width=4) (actual time=1249.803..1249.803 rows=110402 loops=1)
        Buckets: 131072  Batches: 2  Memory Usage: 2964kB
        ->  Seq Scan on title t  (cost=0.00..73925.90 rows=100409 width=4) (actual time=0.037..1209.823 rows=110402 loops=1)
              Filter: ((kind_id = 7) AND (production_year = 2012))
              Rows Removed by Filter: 2417910
Planning time: 0.820 ms
Execution time: 15528.414 ms
