Hash Join  (cost=79303.65..170971.41 rows=154462 width=0) (actual time=1742.169..3419.649 rows=211811 loops=1)
  Hash Cond: (mk.movie_id = t.id)
  ->  Seq Scan on movie_keyword mk  (cost=0.00..81003.12 rows=547738 width=4) (actual time=0.036..1248.427 rows=547506 loops=1)
        Filter: (keyword_id < 394)
        Rows Removed by Filter: 3976424
  ->  Hash  (cost=67604.59..67604.59 rows=713045 width=4) (actual time=1741.029..1741.029 rows=707186 loops=1)
        Buckets: 131072  Batches: 16  Memory Usage: 2584kB
        ->  Seq Scan on title t  (cost=0.00..67604.59 rows=713045 width=4) (actual time=0.013..1189.971 rows=707186 loops=1)
              Filter: (production_year < 1991)
              Rows Removed by Filter: 1821126
Planning time: 0.787 ms
Execution time: 3443.180 ms
