Hash Join  (cost=234056.93..309986.29 rows=525020 width=0) (actual time=5619.298..7384.410 rows=1755877 loops=1)
  Hash Cond: (mc.movie_id = t.id)
  ->  Seq Scan on movie_companies mc  (cost=0.00..51404.11 rows=1329612 width=4) (actual time=364.319..923.124 rows=1334883 loops=1)
        Filter: (company_type_id = 2)
        Rows Removed by Filter: 1274246
  ->  Hash  (cost=217675.52..217675.52 rows=998433 width=8) (actual time=5254.122..5254.122 rows=1005782 loops=1)
        Buckets: 131072  Batches: 16  Memory Usage: 3506kB
        ->  Hash Join  (cost=102767.86..217675.52 rows=998433 width=8) (actual time=1913.553..4959.805 rows=1005782 loops=1)
              Hash Cond: (mk.movie_id = t.id)
              ->  Seq Scan on movie_keyword mk  (cost=0.00..81003.12 rows=998433 width=4) (actual time=0.026..1429.308 rows=1005782 loops=1)
                    Filter: (keyword_id < 962)
                    Rows Removed by Filter: 3518148
              ->  Hash  (cost=61283.27..61283.27 rows=2528527 width=4) (actual time=1911.883..1911.883 rows=2528312 loops=1)
                    Buckets: 131072  Batches: 64  Memory Usage: 2425kB
                    ->  Seq Scan on title t  (cost=0.00..61283.27 rows=2528527 width=4) (actual time=0.018..1058.492 rows=2528312 loops=1)
Planning time: 3.339 ms
Execution time: 7588.950 ms
