Hash Join  (cost=174865.45..1027587.97 rows=1265237 width=0) (actual time=3674.883..22395.202 rows=5357930 loops=1)
  Hash Cond: (ci.movie_id = t.id)
  ->  Seq Scan on cast_info ci  (cost=0.00..796071.18 rows=3495991 width=4) (actual time=0.019..13412.599 rows=7011882 loops=1)
        Filter: ((person_id < 958379) AND (role_id < 2))
        Rows Removed by Filter: 29232462
  ->  Hash  (cost=159851.69..159851.69 rows=915101 width=8) (actual time=3673.985..3673.985 rows=919850 loops=1)
        Buckets: 131072  Batches: 16  Memory Usage: 3269kB
        ->  Hash Join  (cost=102767.86..159851.69 rows=915101 width=8) (actual time=1698.845..3405.442 rows=919850 loops=1)
              Hash Cond: (mi_idx.movie_id = t.id)
              ->  Seq Scan on movie_info_idx mi_idx  (cost=0.00..25185.44 rows=915101 width=4) (actual time=0.016..577.886 rows=919850 loops=1)
                    Filter: (info_type_id < 101)
                    Rows Removed by Filter: 460185
              ->  Hash  (cost=61283.27..61283.27 rows=2528527 width=4) (actual time=1697.550..1697.550 rows=2528312 loops=1)
                    Buckets: 131072  Batches: 64  Memory Usage: 2415kB
                    ->  Seq Scan on title t  (cost=0.00..61283.27 rows=2528527 width=4) (actual time=0.010..893.475 rows=2528312 loops=1)
Planning time: 1.247 ms
Execution time: 23010.208 ms
