Hash Join  (cost=921589.63..1348950.81 rows=783749 width=0) (actual time=17812.863..26833.858 rows=1406918 loops=1)
  Hash Cond: (mi.movie_id = t.id)
  ->  Seq Scan on movie_info mi  (cost=0.00..346232.03 rows=6231111 width=4) (actual time=0.017..6151.176 rows=6223494 loops=1)
        Filter: (info_type_id > 8)
        Rows Removed by Filter: 8612226
  ->  Hash  (cost=916371.15..916371.15 rows=318038 width=8) (actual time=17812.045..17812.045 rows=131551 loops=1)
        Buckets: 131072  Batches: 8  Memory Usage: 1674kB
        ->  Hash Join  (cost=102767.86..916371.15 rows=318038 width=8) (actual time=3659.588..17768.229 rows=131551 loops=1)
              Hash Cond: (ci.movie_id = t.id)
              ->  Seq Scan on cast_info ci  (cost=0.00..796071.18 rows=318038 width=4) (actual time=1685.636..15089.333 rows=131551 loops=1)
                    Filter: ((person_id < 3447372) AND (role_id > 10))
                    Rows Removed by Filter: 36112793
              ->  Hash  (cost=61283.27..61283.27 rows=2528527 width=4) (actual time=1972.246..1972.246 rows=2528312 loops=1)
                    Buckets: 131072  Batches: 64  Memory Usage: 2415kB
                    ->  Seq Scan on title t  (cost=0.00..61283.27 rows=2528527 width=4) (actual time=0.035..1062.350 rows=2528312 loops=1)
Planning time: 5.085 ms
Execution time: 26988.900 ms
