Seq Scan on title t  (cost=0.00..73925.90 rows=55670 width=0) (actual time=0.027..1284.591 rows=60828 loops=1)
  Filter: ((production_year < 2007) AND (kind_id = 2))
  Rows Removed by Filter: 2467484
Planning time: 0.397 ms
Execution time: 1294.404 ms
