Hash Join  (cost=268908.00..458699.38 rows=4635752 width=0) (actual time=6544.270..18483.040 rows=34720836 loops=1)
  Hash Cond: (mk.movie_id = t.id)
  ->  Seq Scan on movie_keyword mk  (cost=0.00..69693.30 rows=4523930 width=4) (actual time=0.013..1459.057 rows=4523930 loops=1)
  ->  Hash  (cost=226398.16..226398.16 rows=2591027 width=8) (actual time=6542.354..6542.354 rows=2592364 loops=1)
        Buckets: 131072  Batches: 64  Memory Usage: 2680kB
        ->  Hash Join  (cost=102767.86..226398.16 rows=2591027 width=8) (actual time=1897.512..5703.486 rows=2592364 loops=1)
              Hash Cond: (mc.movie_id = t.id)
              ->  Seq Scan on movie_companies mc  (cost=0.00..51404.11 rows=2591027 width=4) (actual time=0.012..1222.051 rows=2592364 loops=1)
                    Filter: (company_id < 219228)
                    Rows Removed by Filter: 16765
              ->  Hash  (cost=61283.27..61283.27 rows=2528527 width=4) (actual time=1896.539..1896.539 rows=2528312 loops=1)
                    Buckets: 131072  Batches: 64  Memory Usage: 2415kB
                    ->  Seq Scan on title t  (cost=0.00..61283.27 rows=2528527 width=4) (actual time=0.024..1073.463 rows=2528312 loops=1)
Planning time: 1.070 ms
Execution time: 22453.786 ms
