Hash Join  (cost=102767.86..251760.31 rows=2414974 width=0) (actual time=1982.010..6099.086 rows=2414588 loops=1)
  Hash Cond: (mk.movie_id = t.id)
  ->  Seq Scan on movie_keyword mk  (cost=0.00..81003.12 rows=2414974 width=4) (actual time=0.024..1595.307 rows=2414588 loops=1)
        Filter: (keyword_id < 5683)
        Rows Removed by Filter: 2109342
  ->  Hash  (cost=61283.27..61283.27 rows=2528527 width=4) (actual time=1980.986..1980.986 rows=2528312 loops=1)
        Buckets: 131072  Batches: 64  Memory Usage: 2425kB
        ->  Seq Scan on title t  (cost=0.00..61283.27 rows=2528527 width=4) (actual time=0.010..1126.099 rows=2528312 loops=1)
Planning time: 0.783 ms
Execution time: 6391.223 ms
