Hash Join  (cost=263115.61..445591.67 rows=3863190 width=0) (actual time=6549.239..16648.142 rows=29910523 loops=1)
  Hash Cond: (mk.movie_id = t.id)
  ->  Seq Scan on movie_keyword mk  (cost=0.00..81003.12 rows=3743847 width=4) (actual time=0.016..1910.665 rows=3739494 loops=1)
        Filter: (keyword_id > 748)
        Rows Removed by Filter: 784436
  ->  Hash  (cost=220309.49..220309.49 rows=2609129 width=8) (actual time=6547.458..6547.458 rows=2609129 loops=1)
        Buckets: 131072  Batches: 64  Memory Usage: 2691kB
        ->  Hash Join  (cost=102767.86..220309.49 rows=2609129 width=8) (actual time=1870.791..5462.880 rows=2609129 loops=1)
              Hash Cond: (mc.movie_id = t.id)
              ->  Seq Scan on movie_companies mc  (cost=0.00..44881.29 rows=2609129 width=4) (actual time=0.026..912.239 rows=2609129 loops=1)
              ->  Hash  (cost=61283.27..61283.27 rows=2528527 width=4) (actual time=1869.811..1869.811 rows=2528312 loops=1)
                    Buckets: 131072  Batches: 64  Memory Usage: 2415kB
                    ->  Seq Scan on title t  (cost=0.00..61283.27 rows=2528527 width=4) (actual time=0.020..1016.486 rows=2528312 loops=1)
Planning time: 2.851 ms
Execution time: 19744.312 ms
