Hash Join  (cost=75464.55..1061765.27 rows=871124 width=0) (actual time=1431.376..26762.640 rows=1195116 loops=1)
  Hash Cond: (ci.movie_id = t.id)
  ->  Seq Scan on cast_info ci  (cost=0.00..705507.15 rows=23499554 width=4) (actual time=0.024..15969.581 rows=23573656 loops=1)
        Filter: (role_id > 1)
        Rows Removed by Filter: 12670688
  ->  Hash  (cost=73925.90..73925.90 rows=93732 width=4) (actual time=1430.312..1430.312 rows=100592 loops=1)
        Buckets: 131072  Batches: 2  Memory Usage: 2791kB
        ->  Seq Scan on title t  (cost=0.00..73925.90 rows=93732 width=4) (actual time=0.027..1391.754 rows=100592 loops=1)
              Filter: ((kind_id > 1) AND (production_year = 2009))
              Rows Removed by Filter: 2427720
Planning time: 0.855 ms
Execution time: 26919.810 ms
