Hash Join  (cost=83074.74..437538.72 rows=214 width=0) (actual time=1142.525..6614.466 rows=14800 loops=1)
  Hash Cond: (mi.movie_id = t.id)
  ->  Seq Scan on movie_info mi  (cost=0.00..346232.03 rows=2194617 width=4) (actual time=121.537..5287.891 rows=2233850 loops=1)
        Filter: (info_type_id > 16)
        Rows Removed by Filter: 12601870
  ->  Hash  (cost=83071.67..83071.67 rows=246 width=8) (actual time=1020.873..1020.873 rows=359 loops=1)
        Buckets: 1024  Batches: 1  Memory Usage: 23kB
        ->  Nested Loop  (cost=0.43..83071.67 rows=246 width=8) (actual time=6.721..1020.584 rows=359 loops=1)
              ->  Seq Scan on movie_keyword mk  (cost=0.00..81003.12 rows=246 width=4) (actual time=6.650..1004.149 rows=359 loops=1)
                    Filter: (keyword_id = 210)
                    Rows Removed by Filter: 4523571
              ->  Index Only Scan using title_pkey on title t  (cost=0.43..8.40 rows=1 width=4) (actual time=0.043..0.044 rows=1 loops=359)
                    Index Cond: (id = mk.movie_id)
                    Heap Fetches: 359
Planning time: 1.159 ms
Execution time: 6616.724 ms
