Hash Join  (cost=162201.63..913306.28 rows=31545 width=0) (actual time=3158.999..20729.102 rows=584135 loops=1)
  Hash Cond: (ci.movie_id = t.id)
  ->  Seq Scan on cast_info ci  (cost=0.00..614943.12 rows=36225612 width=4) (actual time=0.023..9531.264 rows=36244344 loops=1)
  ->  Hash  (cost=162174.11..162174.11 rows=2202 width=8) (actual time=3157.890..3157.890 rows=14510 loops=1)
        Buckets: 16384 (originally 4096)  Batches: 1 (originally 1)  Memory Usage: 695kB
        ->  Hash Join  (cost=73962.22..162174.11 rows=2202 width=8) (actual time=1273.079..3152.676 rows=14510 loops=1)
              Hash Cond: (mk.movie_id = t.id)
              ->  Seq Scan on movie_keyword mk  (cost=0.00..81003.12 rows=1916466 width=4) (actual time=0.022..1552.694 rows=1926136 loops=1)
                    Filter: (keyword_id > 6958)
                    Rows Removed by Filter: 2597794
              ->  Hash  (cost=73925.90..73925.90 rows=2905 width=4) (actual time=1269.534..1269.534 rows=6650 loops=1)
                    Buckets: 8192 (originally 4096)  Batches: 1 (originally 1)  Memory Usage: 298kB
                    ->  Seq Scan on title t  (cost=0.00..73925.90 rows=2905 width=4) (actual time=0.627..1266.212 rows=6650 loops=1)
                          Filter: ((kind_id < 7) AND (production_year = 1981))
                          Rows Removed by Filter: 2521662
Planning time: 1.231 ms
Execution time: 20807.648 ms
