Hash Join  (cost=156649.15..294439.62 rows=754233 width=0) (actual time=3280.208..7252.993 rows=3175018 loops=1)
  Hash Cond: (mk.movie_id = t.id)
  ->  Seq Scan on movie_keyword mk  (cost=0.00..81003.12 rows=4101872 width=4) (actual time=0.032..1727.631 rows=4108436 loops=1)
        Filter: (keyword_id < 41841)
        Rows Removed by Filter: 415494
  ->  Hash  (cost=149020.47..149020.47 rows=464934 width=8) (actual time=3278.557..3278.557 rows=460185 loops=1)
        Buckets: 131072  Batches: 8  Memory Usage: 3286kB
        ->  Hash Join  (cost=102767.86..149020.47 rows=464934 width=8) (actual time=1946.225..3152.782 rows=460185 loops=1)
              Hash Cond: (mi_idx.movie_id = t.id)
              ->  Seq Scan on movie_info_idx mi_idx  (cost=0.00..25185.44 rows=464934 width=4) (actual time=0.022..495.864 rows=460185 loops=1)
                    Filter: (info_type_id > 100)
                    Rows Removed by Filter: 919850
              ->  Hash  (cost=61283.27..61283.27 rows=2528527 width=4) (actual time=1945.305..1945.305 rows=2528312 loops=1)
                    Buckets: 131072  Batches: 64  Memory Usage: 2415kB
                    ->  Seq Scan on title t  (cost=0.00..61283.27 rows=2528527 width=4) (actual time=0.019..1114.246 rows=2528312 loops=1)
Planning time: 1.148 ms
Execution time: 7556.210 ms
