Seq Scan on movie_companies mc  (cost=0.00..51404.11 rows=2391041 width=0) (actual time=0.029..985.115 rows=2389458 loops=1)
  Filter: (company_id < 108078)
  Rows Removed by Filter: 219671
Planning time: 0.334 ms
Execution time: 1276.085 ms
