Seq Scan on cast_info ci  (cost=0.00..705507.15 rows=6070583 width=0) (actual time=3.810..12151.160 rows=5966302 loops=1)
  Filter: (person_id < 577648)
  Rows Removed by Filter: 30278042
Planning time: 0.338 ms
Execution time: 12913.007 ms
