Hash Join  (cost=199590.97..601115.67 rows=1498895 width=0) (actual time=5423.293..14643.194 rows=5027573 loops=1)
  Hash Cond: (mi.movie_id = t.id)
  ->  Seq Scan on movie_info mi  (cost=0.00..346232.03 rows=3068194 width=4) (actual time=0.019..6165.203 rows=3036719 loops=1)
        Filter: (info_type_id = 16)
        Rows Removed by Filter: 11799001
  ->  Hash  (cost=179324.30..179324.30 rows=1235253 width=8) (actual time=5421.962..5421.962 rows=1526120 loops=1)
        Buckets: 131072  Batches: 32  Memory Usage: 2926kB
        ->  Hash Join  (cost=87245.25..179324.30 rows=1235253 width=8) (actual time=1662.529..4971.149 rows=1526120 loops=1)
              Hash Cond: (mc.movie_id = t.id)
              ->  Seq Scan on movie_companies mc  (cost=0.00..44881.29 rows=2609129 width=4) (actual time=0.013..1002.840 rows=2609129 loops=1)
              ->  Hash  (cost=67604.59..67604.59 rows=1197093 width=4) (actual time=1661.421..1661.421 rows=1195923 loops=1)
                    Buckets: 131072  Batches: 16  Memory Usage: 3653kB
                    ->  Seq Scan on title t  (cost=0.00..67604.59 rows=1197093 width=4) (actual time=0.236..1278.151 rows=1195923 loops=1)
                          Filter: (production_year < 2003)
                          Rows Removed by Filter: 1332389
Planning time: 1.444 ms
Execution time: 15184.043 ms
