Seq Scan on cast_info ci  (cost=0.00..796071.18 rows=1926846 width=0) (actual time=4844.488..13622.496 rows=2610047 loops=1)
  Filter: ((person_id > 1858622) AND (role_id = 3))
  Rows Removed by Filter: 33634297
Planning time: 0.393 ms
Execution time: 13952.917 ms
