Hash Join  (cost=162729.85..292519.17 rows=441011 width=0) (actual time=3819.631..7023.752 rows=334616 loops=1)
  Hash Cond: (mk.movie_id = t.id)
  ->  Seq Scan on movie_keyword mk  (cost=0.00..81003.12 rows=3737087 width=4) (actual time=0.014..1673.772 rows=3733700 loops=1)
        Filter: (keyword_id > 750)
        Rows Removed by Filter: 790230
  ->  Hash  (cost=157833.98..157833.98 rows=298390 width=8) (actual time=3818.336..3818.336 rows=167483 loops=1)
        Buckets: 131072  Batches: 4  Memory Usage: 2689kB
        ->  Hash Join  (cost=78670.55..157833.98 rows=298390 width=8) (actual time=1396.153..3759.585 rows=167483 loops=1)
              Hash Cond: (mc.movie_id = t.id)
              ->  Seq Scan on movie_companies mc  (cost=0.00..44881.29 rows=2609129 width=4) (actual time=0.020..917.492 rows=2609129 loops=1)
              ->  Hash  (cost=73925.90..73925.90 rows=289172 width=4) (actual time=1395.290..1395.290 rows=292674 loops=1)
                    Buckets: 131072  Batches: 4  Memory Usage: 3617kB
                    ->  Seq Scan on title t  (cost=0.00..73925.90 rows=289172 width=4) (actual time=0.009..1296.659 rows=292674 loops=1)
                          Filter: ((kind_id > 1) AND (production_year > 2010))
                          Rows Removed by Filter: 2235638
Planning time: 1.206 ms
Execution time: 7066.202 ms
