Hash Join  (cost=159320.47..526305.08 rows=232870 width=0) (actual time=2979.248..11796.714 rows=2897959 loops=1)
  Hash Cond: (mi.movie_id = t.id)
  ->  Seq Scan on movie_info mi  (cost=0.00..309384.22 rows=14739122 width=4) (actual time=0.011..4651.119 rows=14835720 loops=1)
  ->  Hash  (cost=158821.11..158821.11 rows=39949 width=8) (actual time=2977.357..2977.357 rows=42405 loops=1)
        Buckets: 65536  Batches: 1  Memory Usage: 2169kB
        ->  Hash Join  (cost=68113.45..158821.11 rows=39949 width=8) (actual time=1038.097..2963.703 rows=42405 loops=1)
              Hash Cond: (mk.movie_id = t.id)
              ->  Seq Scan on movie_keyword mk  (cost=0.00..81003.12 rows=2481345 width=4) (actual time=0.015..1515.509 rows=2473213 loops=1)
                    Filter: (keyword_id > 3658)
                    Rows Removed by Filter: 2050717
              ->  Hash  (cost=67604.59..67604.59 rows=40709 width=4) (actual time=1037.587..1037.587 rows=38955 loops=1)
                    Buckets: 65536  Batches: 1  Memory Usage: 1882kB
                    ->  Seq Scan on title t  (cost=0.00..67604.59 rows=40709 width=4) (actual time=0.014..1021.510 rows=38955 loops=1)
                          Filter: (production_year = 1997)
                          Rows Removed by Filter: 2489357
Planning time: 1.147 ms
Execution time: 12172.033 ms
