Seq Scan on cast_info ci  (cost=0.00..796071.18 rows=13683920 width=0) (actual time=2323.799..14790.377 rows=11795154 loops=1)
  Filter: ((person_id > 1525625) AND (role_id < 4))
  Rows Removed by Filter: 24449190
Planning time: 0.828 ms
Execution time: 16218.620 ms
