Seq Scan on cast_info ci  (cost=0.00..705507.15 rows=23871895 width=0) (actual time=0.022..12382.551 rows=23975112 loops=1)
  Filter: (person_id > 1209075)
  Rows Removed by Filter: 12269232
Planning time: 0.339 ms
Execution time: 15377.039 ms
