Nested Loop  (cost=0.43..94505.86 rows=4990 width=0) (actual time=109.817..980.341 rows=7005 loops=1)
  ->  Seq Scan on movie_companies mc  (cost=0.00..57926.93 rows=4990 width=4) (actual time=109.729..825.782 rows=7005 loops=1)
        Filter: ((company_id = 11141) AND (company_type_id = 1))
        Rows Removed by Filter: 2602124
  ->  Index Only Scan using title_pkey on title t  (cost=0.43..7.32 rows=1 width=4) (actual time=0.021..0.021 rows=1 loops=7005)
        Index Cond: (id = mc.movie_id)
        Heap Fetches: 7005
Planning time: 1.161 ms
Execution time: 981.957 ms
