Hash Join  (cost=376150.60..2254790.65 rows=64609283 width=0) (actual time=8777.090..92781.525 rows=215345777 loops=1)
  Hash Cond: (ci.movie_id = t.id)
  ->  Seq Scan on cast_info ci  (cost=0.00..614943.12 rows=36225612 width=4) (actual time=0.015..13904.419 rows=36244344 loops=1)
  ->  Hash  (cost=302163.46..302163.46 rows=4509691 width=8) (actual time=8775.916..8775.916 rows=4509566 loops=1)
        Buckets: 131072  Batches: 64  Memory Usage: 3807kB
        ->  Hash Join  (cost=102767.86..302163.46 rows=4509691 width=8) (actual time=2014.229..7517.075 rows=4509566 loops=1)
              Hash Cond: (mk.movie_id = t.id)
              ->  Seq Scan on movie_keyword mk  (cost=0.00..81003.12 rows=4509691 width=4) (actual time=0.015..1871.556 rows=4509566 loops=1)
                    Filter: (keyword_id > 1)
                    Rows Removed by Filter: 14364
              ->  Hash  (cost=61283.27..61283.27 rows=2528527 width=4) (actual time=2012.340..2012.340 rows=2528312 loops=1)
                    Buckets: 131072  Batches: 64  Memory Usage: 2425kB
                    ->  Seq Scan on title t  (cost=0.00..61283.27 rows=2528527 width=4) (actual time=0.012..1154.021 rows=2528312 loops=1)
Planning time: 1.092 ms
Execution time: 117104.169 ms
