Seq Scan on movie_keyword mk  (cost=0.00..81003.12 rows=3689025 width=0) (actual time=0.015..1653.101 rows=3683456 loops=1)
  Filter: (keyword_id < 21833)
  Rows Removed by Filter: 840474
Planning time: 0.289 ms
Execution time: 2128.653 ms
