Seq Scan on title t  (cost=0.00..67604.59 rows=2313771 width=0) (actual time=0.026..1226.839 rows=2308498 loops=1)
  Filter: (production_year > 1942)
  Rows Removed by Filter: 219814
Planning time: 0.350 ms
Execution time: 1504.112 ms
