Seq Scan on movie_keyword mk  (cost=0.00..81003.12 rows=3666640 width=0) (actual time=0.017..1653.691 rows=3662604 loops=1)
  Filter: (keyword_id > 819)
  Rows Removed by Filter: 861326
Planning time: 0.323 ms
Execution time: 2125.784 ms
