Nested Loop  (cost=0.43..71105.23 rows=1640 width=0) (actual time=22.583..749.889 rows=18 loops=1)
  ->  Seq Scan on movie_companies mc  (cost=0.00..57926.93 rows=1640 width=4) (actual time=22.499..748.999 rows=18 loops=1)
        Filter: ((company_id = 46) AND (company_type_id = 2))
        Rows Removed by Filter: 2609111
  ->  Index Only Scan using title_pkey on title t  (cost=0.43..8.03 rows=1 width=4) (actual time=0.044..0.044 rows=1 loops=18)
        Index Cond: (id = mc.movie_id)
        Heap Fetches: 18
Planning time: 0.777 ms
Execution time: 749.978 ms
