Hash Join  (cost=28266.94..392923.92 rows=108 width=0) (actual time=530.934..6730.544 rows=2403 loops=1)
  Hash Cond: (mi.movie_id = t.id)
  ->  Seq Scan on movie_info mi  (cost=0.00..309384.22 rows=14739122 width=4) (actual time=0.011..3731.201 rows=14835720 loops=1)
  ->  Hash  (cost=28266.72..28266.72 rows=18 width=8) (actual time=417.432..417.432 rows=7 loops=1)
        Buckets: 1024  Batches: 1  Memory Usage: 9kB
        ->  Nested Loop  (cost=0.43..28266.72 rows=18 width=8) (actual time=212.588..417.422 rows=7 loops=1)
              ->  Seq Scan on movie_info_idx mi_idx  (cost=0.00..25185.44 rows=368 width=4) (actual time=212.426..412.962 rows=260 loops=1)
                    Filter: (info_type_id > 101)
                    Rows Removed by Filter: 1379775
              ->  Index Scan using title_pkey on title t  (cost=0.43..8.36 rows=1 width=4) (actual time=0.017..0.017 rows=0 loops=260)
                    Index Cond: (id = mi_idx.movie_id)
                    Filter: (production_year = 2008)
                    Rows Removed by Filter: 1
Planning time: 1.172 ms
Execution time: 6731.181 ms
