Hash Join  (cost=82483.02..472559.17 rows=632840 width=0) (actual time=1941.430..8331.842 rows=429624 loops=1)
  Hash Cond: (mi.movie_id = t.id)
  ->  Seq Scan on movie_info mi  (cost=0.00..346232.03 rows=3068194 width=4) (actual time=652.112..5495.953 rows=3036719 loops=1)
        Filter: (info_type_id = 16)
        Rows Removed by Filter: 11799001
  ->  Hash  (cost=73925.90..73925.90 rows=521529 width=4) (actual time=1288.083..1288.083 rows=409307 loops=1)
        Buckets: 131072  Batches: 8  Memory Usage: 2815kB
        ->  Seq Scan on title t  (cost=0.00..73925.90 rows=521529 width=4) (actual time=0.036..1148.650 rows=409307 loops=1)
              Filter: ((kind_id > 4) AND (production_year < 1996))
              Rows Removed by Filter: 2119005
Planning time: 0.810 ms
Execution time: 8385.045 ms
