Hash Join  (cost=80384.28..183459.32 rows=243657 width=0) (actual time=1425.646..3733.107 rows=69446 loops=1)
  Hash Cond: (mk.movie_id = t.id)
  ->  Seq Scan on movie_keyword mk  (cost=0.00..81003.12 rows=1565159 width=4) (actual time=0.026..1610.767 rows=1572372 loops=1)
        Filter: (keyword_id < 2375)
        Rows Removed by Filter: 2951558
  ->  Hash  (cost=73925.90..73925.90 rows=393630 width=4) (actual time=1422.577..1422.577 rows=401187 loops=1)
        Buckets: 131072  Batches: 8  Memory Usage: 2800kB
        ->  Seq Scan on title t  (cost=0.00..73925.90 rows=393630 width=4) (actual time=1.980..1287.747 rows=401187 loops=1)
              Filter: ((kind_id > 1) AND (production_year > 2009))
              Rows Removed by Filter: 2127125
Planning time: 0.867 ms
Execution time: 3741.094 ms
