Hash Join  (cost=241465.59..1219295.80 rows=5432023 width=0) (actual time=4785.663..27465.307 rows=2922917 loops=1)
  Hash Cond: (ci.movie_id = t.id)
  ->  Seq Scan on cast_info ci  (cost=0.00..796071.18 rows=10583146 width=4) (actual time=0.020..16509.859 rows=12670688 loops=1)
        Filter: ((person_id < 3033410) AND (role_id = 1))
        Rows Removed by Filter: 23573656
  ->  Hash  (cost=220172.84..220172.84 rows=1297820 width=8) (actual time=4784.269..4784.269 rows=283113 loops=1)
        Buckets: 131072  Batches: 32  Memory Usage: 1363kB
        ->  Hash Join  (cost=92883.59..220172.84 rows=1297820 width=8) (actual time=3065.145..4699.066 rows=283113 loops=1)
              Hash Cond: (mk.movie_id = t.id)
              ->  Seq Scan on movie_keyword mk  (cost=0.00..81003.12 rows=2129785 width=4) (actual time=0.024..1536.760 rows=2135599 loops=1)
                    Filter: (keyword_id < 3953)
                    Rows Removed by Filter: 2388331
              ->  Hash  (cost=67604.59..67604.59 rows=1540800 width=4) (actual time=1833.985..1833.985 rows=1543264 loops=1)
                    Buckets: 131072  Batches: 32  Memory Usage: 2728kB
                    ->  Seq Scan on title t  (cost=0.00..67604.59 rows=1540800 width=4) (actual time=0.011..1318.126 rows=1543264 loops=1)
                          Filter: (kind_id = 7)
                          Rows Removed by Filter: 985048
Planning time: 1.167 ms
Execution time: 27791.913 ms
