Hash Join  (cost=94967.85..846463.61 rows=70666 width=0) (actual time=1783.769..19029.949 rows=198094 loops=1)
  Hash Cond: (ci.movie_id = t.id)
  ->  Seq Scan on cast_info ci  (cost=0.00..614943.12 rows=36225612 width=4) (actual time=0.010..9084.661 rows=36244344 loops=1)
  ->  Hash  (cost=94906.20..94906.20 rows=4932 width=8) (actual time=1783.479..1783.479 rows=6559 loops=1)
        Buckets: 8192  Batches: 1  Memory Usage: 321kB
        ->  Hash Join  (cost=67942.77..94906.20 rows=4932 width=8) (actual time=1178.017..1780.114 rows=6559 loops=1)
              Hash Cond: (mi_idx.movie_id = t.id)
              ->  Seq Scan on movie_info_idx mi_idx  (cost=0.00..25185.44 rows=460978 width=4) (actual time=0.017..469.612 rows=459925 loops=1)
                    Filter: (info_type_id = 99)
                    Rows Removed by Filter: 920110
              ->  Hash  (cost=67604.59..67604.59 rows=27055 width=4) (actual time=1177.803..1177.803 rows=26775 loops=1)
                    Buckets: 32768  Batches: 1  Memory Usage: 1198kB
                    ->  Seq Scan on title t  (cost=0.00..67604.59 rows=27055 width=4) (actual time=0.022..1165.569 rows=26775 loops=1)
                          Filter: (production_year = 1993)
                          Rows Removed by Filter: 2501537
Planning time: 1.228 ms
Execution time: 19065.460 ms
