Nested Loop  (cost=0.43..83072.90 rows=34 width=0) (actual time=11.308..1268.395 rows=858 loops=1)
  ->  Seq Scan on movie_keyword mk  (cost=0.00..81003.12 rows=246 width=4) (actual time=1.391..1163.149 rows=2384 loops=1)
        Filter: (keyword_id = 3009)
        Rows Removed by Filter: 4521546
  ->  Index Scan using title_pkey on title t  (cost=0.43..8.40 rows=1 width=4) (actual time=0.043..0.043 rows=0 loops=2384)
        Index Cond: (id = mk.movie_id)
        Filter: ((kind_id < 7) AND (production_year > 2006))
        Rows Removed by Filter: 1
Planning time: 0.790 ms
Execution time: 1268.866 ms
