Hash Join  (cost=83810.17..237639.63 rows=1741617 width=0) (actual time=1414.220..6388.606 rows=3823730 loops=1)
  Hash Cond: (mk.movie_id = t.id)
  ->  Seq Scan on movie_keyword mk  (cost=0.00..81003.12 rows=4458443 width=4) (actual time=0.022..1700.235 rows=4456385 loops=1)
        Filter: (keyword_id > 56)
        Rows Removed by Filter: 67545
  ->  Hash  (cost=67604.59..67604.59 rows=987727 width=4) (actual time=1413.434..1413.434 rows=985048 loops=1)
        Buckets: 131072  Batches: 16  Memory Usage: 3197kB
        ->  Seq Scan on title t  (cost=0.00..67604.59 rows=987727 width=4) (actual time=0.015..1092.067 rows=985048 loops=1)
              Filter: (kind_id < 7)
              Rows Removed by Filter: 1543264
Planning time: 0.716 ms
Execution time: 6833.200 ms
