Hash Join  (cost=76103.76..103021.09 rows=685 width=0) (actual time=1344.960..1568.936 rows=1083 loops=1)
  Hash Cond: (mi_idx.movie_id = t.id)
  ->  Seq Scan on movie_info_idx mi_idx  (cost=0.00..21735.35 rows=1380035 width=4) (actual time=0.017..302.181 rows=1380035 loops=1)
  ->  Hash  (cost=76088.07..76088.07 rows=1255 width=8) (actual time=1011.679..1011.679 rows=1905 loops=1)
        Buckets: 2048  Batches: 1  Memory Usage: 91kB
        ->  Nested Loop  (cost=0.43..76088.07 rows=1255 width=8) (actual time=2.151..1010.776 rows=1905 loops=1)
              ->  Seq Scan on movie_companies mc  (cost=0.00..57926.93 rows=2303 width=4) (actual time=1.110..949.039 rows=2875 loops=1)
                    Filter: ((company_type_id < 2) AND (company_id = 82))
                    Rows Removed by Filter: 2606254
              ->  Index Scan using title_pkey on title t  (cost=0.43..7.88 rows=1 width=4) (actual time=0.021..0.021 rows=1 loops=2875)
                    Index Cond: (id = mc.movie_id)
                    Filter: ((production_year > 1955) AND (kind_id = 7))
                    Rows Removed by Filter: 0
Planning time: 1.202 ms
Execution time: 1569.209 ms
