Seq Scan on title t  (cost=0.00..67604.59 rows=1964834 width=0) (actual time=0.012..1251.516 rows=1962189 loops=1)
  Filter: (production_year > 1978)
  Rows Removed by Filter: 566123
Planning time: 0.334 ms
Execution time: 1496.858 ms
