Nested Loop  (cost=0.43..797555.70 rows=176 width=0) (actual time=7977.830..10843.333 rows=1084 loops=1)
  ->  Seq Scan on cast_info ci  (cost=0.00..796071.18 rows=176 width=4) (actual time=7977.714..10820.630 rows=1084 loops=1)
        Filter: ((person_id = 334739) AND (role_id = 1))
        Rows Removed by Filter: 36243260
  ->  Index Only Scan using title_pkey on title t  (cost=0.43..8.42 rows=1 width=4) (actual time=0.020..0.020 rows=1 loops=1084)
        Index Cond: (id = ci.movie_id)
        Heap Fetches: 1084
Planning time: 0.845 ms
Execution time: 10843.627 ms
