Seq Scan on movie_keyword mk  (cost=0.00..81003.12 rows=4025792 width=0) (actual time=1.082..1654.827 rows=4021945 loops=1)
  Filter: (keyword_id > 359)
  Rows Removed by Filter: 501985
Planning time: 0.310 ms
Execution time: 2142.554 ms
