Seq Scan on cast_info ci  (cost=0.00..705507.15 rows=9180567 width=0) (actual time=5069.929..11085.324 rows=9186734 loops=1)
  Filter: (person_id > 2781565)
  Rows Removed by Filter: 27057610
Planning time: 0.359 ms
Execution time: 12242.391 ms
