Hash Join  (cost=102767.86..1044289.16 rows=9397794 width=0) (actual time=2251.191..22134.195 rows=9240917 loops=1)
  Hash Cond: (ci.movie_id = t.id)
  ->  Seq Scan on cast_info ci  (cost=0.00..705507.15 rows=9397794 width=4) (actual time=231.177..11967.317 rows=9240917 loops=1)
        Filter: (person_id < 909356)
        Rows Removed by Filter: 27003427
  ->  Hash  (cost=61283.27..61283.27 rows=2528527 width=4) (actual time=2018.939..2018.939 rows=2528312 loops=1)
        Buckets: 131072  Batches: 64  Memory Usage: 2415kB
        ->  Seq Scan on title t  (cost=0.00..61283.27 rows=2528527 width=4) (actual time=0.021..1141.462 rows=2528312 loops=1)
Planning time: 0.789 ms
Execution time: 23255.130 ms
