Hash Join  (cost=156209.36..1009258.91 rows=742182 width=0) (actual time=7487.555..22060.536 rows=2233814 loops=1)
  Hash Cond: (ci.movie_id = t.id)
  ->  Seq Scan on cast_info ci  (cost=0.00..796071.18 rows=4132414 width=4) (actual time=4087.162..15897.121 rows=4267382 loops=1)
        Filter: ((person_id > 150613) AND (role_id = 10))
        Rows Removed by Filter: 31976962
  ->  Hash  (cost=148758.81..148758.81 rows=454124 width=8) (actual time=3399.401..3399.401 rows=459925 loops=1)
        Buckets: 131072  Batches: 8  Memory Usage: 3275kB
        ->  Hash Join  (cost=102767.86..148758.81 rows=454124 width=8) (actual time=1909.146..3252.203 rows=459925 loops=1)
              Hash Cond: (mi_idx.movie_id = t.id)
              ->  Seq Scan on movie_info_idx mi_idx  (cost=0.00..25185.44 rows=454124 width=4) (actual time=0.035..481.851 rows=459925 loops=1)
                    Filter: (info_type_id = 100)
                    Rows Removed by Filter: 920110
              ->  Hash  (cost=61283.27..61283.27 rows=2528527 width=4) (actual time=1907.508..1907.508 rows=2528312 loops=1)
                    Buckets: 131072  Batches: 64  Memory Usage: 2415kB
                    ->  Seq Scan on title t  (cost=0.00..61283.27 rows=2528527 width=4) (actual time=0.019..1049.129 rows=2528312 loops=1)
Planning time: 1.180 ms
Execution time: 22320.518 ms
