Hash Join  (cost=182808.93..943150.17 rows=955212 width=0) (actual time=3502.011..22562.953 rows=582732 loops=1)
  Hash Cond: (ci.movie_id = t.id)
  ->  Seq Scan on cast_info ci  (cost=0.00..614943.12 rows=36225612 width=4) (actual time=0.015..9053.480 rows=36244344 loops=1)
  ->  Hash  (cost=181975.51..181975.51 rows=66673 width=8) (actual time=3501.192..3501.192 rows=18939 loops=1)
        Buckets: 131072  Batches: 1  Memory Usage: 1764kB
        ->  Hash Join  (cost=92883.59..181975.51 rows=66673 width=8) (actual time=2541.516..3492.957 rows=18939 loops=1)
              Hash Cond: (mk.movie_id = t.id)
              ->  Seq Scan on movie_keyword mk  (cost=0.00..81003.12 rows=109414 width=4) (actual time=0.028..1258.838 rows=121921 loops=1)
                    Filter: (keyword_id < 117)
                    Rows Removed by Filter: 4402009
              ->  Hash  (cost=67604.59..67604.59 rows=1540800 width=4) (actual time=1884.569..1884.569 rows=1543264 loops=1)
                    Buckets: 131072  Batches: 32  Memory Usage: 2728kB
                    ->  Seq Scan on title t  (cost=0.00..67604.59 rows=1540800 width=4) (actual time=0.017..1361.273 rows=1543264 loops=1)
                          Filter: (kind_id = 7)
                          Rows Removed by Filter: 985048
Planning time: 1.192 ms
Execution time: 22647.631 ms
