Hash Join  (cost=92883.59..1010175.77 rows=6632048 width=0) (actual time=2553.679..23178.800 rows=6525347 loops=1)
  Hash Cond: (ci.movie_id = t.id)
  ->  Seq Scan on cast_info ci  (cost=0.00..705507.15 rows=10883510 width=4) (actual time=306.451..12919.477 rows=10889747 loops=1)
        Filter: (person_id > 2617496)
        Rows Removed by Filter: 25354597
  ->  Hash  (cost=67604.59..67604.59 rows=1540800 width=4) (actual time=2245.369..2245.369 rows=1543264 loops=1)
        Buckets: 131072  Batches: 32  Memory Usage: 2722kB
        ->  Seq Scan on title t  (cost=0.00..67604.59 rows=1540800 width=4) (actual time=0.035..1210.382 rows=1543264 loops=1)
              Filter: (kind_id = 7)
              Rows Removed by Filter: 985048
Planning time: 0.709 ms
Execution time: 23958.142 ms
