Hash Join  (cost=171564.47..569546.49 rows=1230926 width=0) (actual time=7648.083..12199.465 rows=2557018 loops=1)
  Hash Cond: (mi.movie_id = t.id)
  ->  Seq Scan on movie_info mi  (cost=0.00..346232.03 rows=3068194 width=4) (actual time=3277.182..5644.345 rows=3036719 loops=1)
        Filter: (info_type_id = 16)
        Rows Removed by Filter: 11799001
  ->  Hash  (cost=154921.24..154921.24 rows=1014418 width=8) (actual time=4369.539..4369.539 rows=989525 loops=1)
        Buckets: 131072  Batches: 16  Memory Usage: 3459kB
        ->  Hash Join  (cost=98098.54..154921.24 rows=1014418 width=8) (actual time=2243.847..4039.141 rows=989525 loops=1)
              Hash Cond: (mi_idx.movie_id = t.id)
              ->  Seq Scan on movie_info_idx mi_idx  (cost=0.00..21735.35 rows=1380035 width=4) (actual time=0.039..491.545 rows=1380035 loops=1)
              ->  Hash  (cost=67604.59..67604.59 rows=1858636 width=4) (actual time=2242.561..2242.561 rows=1852807 loops=1)
                    Buckets: 131072  Batches: 32  Memory Usage: 3067kB
                    ->  Seq Scan on title t  (cost=0.00..67604.59 rows=1858636 width=4) (actual time=0.032..1289.661 rows=1852807 loops=1)
                          Filter: (production_year > 1985)
                          Rows Removed by Filter: 675505
Planning time: 1.190 ms
Execution time: 12496.910 ms
