Seq Scan on movie_keyword mk  (cost=0.00..81003.12 rows=3605699 width=0) (actual time=0.021..1604.711 rows=3617987 loops=1)
  Filter: (keyword_id < 20353)
  Rows Removed by Filter: 905943
Planning time: 0.328 ms
Execution time: 2053.048 ms
