Seq Scan on title t  (cost=0.00..73925.90 rows=632426 width=0) (actual time=0.018..1026.917 rows=674499 loops=1)
  Filter: ((kind_id > 2) AND (production_year > 2006))
  Rows Removed by Filter: 1853813
Planning time: 0.362 ms
Execution time: 1102.760 ms
