Hash Join  (cost=217648.50..352586.96 rows=1520174 width=0) (actual time=4933.766..10330.729 rows=10317878 loops=1)
  Hash Cond: (mk.movie_id = t.id)
  ->  Seq Scan on movie_keyword mk  (cost=0.00..81003.12 rows=2902293 width=4) (actual time=0.024..1769.091 rows=2892723 loops=1)
        Filter: (keyword_id < 9115)
        Rows Removed by Filter: 1631207
  ->  Hash  (cost=195919.49..195919.49 rows=1324401 width=8) (actual time=4932.308..4932.308 rows=1333738 loops=1)
        Buckets: 131072  Batches: 32  Memory Usage: 2691kB
        ->  Hash Join  (cost=102767.86..195919.49 rows=1324401 width=8) (actual time=1995.070..4539.936 rows=1333738 loops=1)
              Hash Cond: (mc.movie_id = t.id)
              ->  Seq Scan on movie_companies mc  (cost=0.00..51404.11 rows=1324401 width=4) (actual time=0.015..1059.713 rows=1333738 loops=1)
                    Filter: (company_id > 11203)
                    Rows Removed by Filter: 1275391
              ->  Hash  (cost=61283.27..61283.27 rows=2528527 width=4) (actual time=1993.589..1993.589 rows=2528312 loops=1)
                    Buckets: 131072  Batches: 64  Memory Usage: 2415kB
                    ->  Seq Scan on title t  (cost=0.00..61283.27 rows=2528527 width=4) (actual time=0.043..1160.058 rows=2528312 loops=1)
Planning time: 1.152 ms
Execution time: 11417.119 ms
