Hash Join  (cost=184321.13..317241.60 rows=896144 width=0) (actual time=4220.730..8298.193 rows=3590538 loops=1)
  Hash Cond: (mk.movie_id = t.id)
  ->  Seq Scan on movie_keyword mk  (cost=0.00..69693.30 rows=4523930 width=4) (actual time=0.025..1548.502 rows=4523930 loops=1)
  ->  Hash  (cost=176103.19..176103.19 rows=500875 width=8) (actual time=4219.524..4219.524 rows=503897 loops=1)
        Buckets: 131072  Batches: 8  Memory Usage: 3509kB
        ->  Hash Join  (cost=102767.86..176103.19 rows=500875 width=8) (actual time=1907.020..4023.078 rows=503897 loops=1)
              Hash Cond: (mc.movie_id = t.id)
              ->  Seq Scan on movie_companies mc  (cost=0.00..51404.11 rows=500875 width=4) (actual time=0.024..828.528 rows=503897 loops=1)
                    Filter: (company_id > 74073)
                    Rows Removed by Filter: 2105232
              ->  Hash  (cost=61283.27..61283.27 rows=2528527 width=4) (actual time=1906.180..1906.180 rows=2528312 loops=1)
                    Buckets: 131072  Batches: 64  Memory Usage: 2415kB
                    ->  Seq Scan on title t  (cost=0.00..61283.27 rows=2528527 width=4) (actual time=0.012..1071.890 rows=2528312 loops=1)
Planning time: 7.263 ms
Execution time: 8660.176 ms
