Seq Scan on movie_companies mc  (cost=0.00..57926.93 rows=715977 width=0) (actual time=0.016..1030.536 rows=938393 loops=1)
  Filter: ((company_id > 10721) AND (company_type_id = 2))
  Rows Removed by Filter: 1670736
Planning time: 0.399 ms
Execution time: 1145.399 ms
