Hash Join  (cost=171864.67..682558.07 rows=2894748 width=0) (actual time=3618.571..15876.246 rows=1745537 loops=1)
  Hash Cond: (mi.movie_id = t.id)
  ->  Seq Scan on movie_info mi  (cost=0.00..309384.22 rows=14739122 width=4) (actual time=0.013..5962.285 rows=14835720 loops=1)
  ->  Hash  (cost=163717.17..163717.17 rows=496600 width=8) (actual time=3551.335..3551.335 rows=210250 loops=1)
        Buckets: 131072  Batches: 8  Memory Usage: 2042kB
        ->  Hash Join  (cost=81821.64..163717.17 rows=496600 width=8) (actual time=1589.799..3483.514 rows=210250 loops=1)
              Hash Cond: (mc.movie_id = t.id)
              ->  Seq Scan on movie_companies mc  (cost=0.00..44881.29 rows=2609129 width=4) (actual time=0.013..926.751 rows=2609129 loops=1)
              ->  Hash  (cost=73925.90..73925.90 rows=481259 width=4) (actual time=1235.656..1235.656 rows=518327 loops=1)
                    Buckets: 131072  Batches: 8  Memory Usage: 3301kB
                    ->  Seq Scan on title t  (cost=0.00..73925.90 rows=481259 width=4) (actual time=0.030..1072.661 rows=518327 loops=1)
                          Filter: ((production_year > 2007) AND (kind_id = 7))
                          Rows Removed by Filter: 2009985
Planning time: 1.120 ms
Execution time: 16046.688 ms
