Hash Join  (cost=157006.81..284571.37 rows=456552 width=0) (actual time=3816.300..12521.726 rows=23327292 loops=1)
  Hash Cond: (mk.movie_id = t.id)
  ->  Seq Scan on movie_keyword mk  (cost=0.00..69693.30 rows=4523930 width=4) (actual time=0.017..1501.103 rows=4523930 loops=1)
  ->  Hash  (cost=152820.10..152820.10 rows=255177 width=8) (actual time=3813.990..3813.990 rows=654055 loops=1)
        Buckets: 131072 (originally 131072)  Batches: 16 (originally 4)  Memory Usage: 3073kB
        ->  Hash Join  (cost=78556.72..152820.10 rows=255177 width=8) (actual time=1522.260..3334.484 rows=654055 loops=1)
              Hash Cond: (mc.movie_id = t.id)
              ->  Seq Scan on movie_companies mc  (cost=0.00..57926.93 rows=966579 width=4) (actual time=0.037..1150.013 rows=1256918 loops=1)
                    Filter: ((company_id < 56379) AND (company_type_id < 2))
                    Rows Removed by Filter: 1352211
              ->  Hash  (cost=67604.59..67604.59 rows=667531 width=4) (actual time=1260.863..1260.863 rows=662825 loops=1)
                    Buckets: 131072  Batches: 16  Memory Usage: 2476kB
                    ->  Seq Scan on title t  (cost=0.00..67604.59 rows=667531 width=4) (actual time=0.013..1059.898 rows=662825 loops=1)
                          Filter: (kind_id = 1)
                          Rows Removed by Filter: 1865487
Planning time: 4.584 ms
Execution time: 15186.604 ms
