Hash Join  (cost=212806.80..1400198.65 rows=14951168 width=0) (actual time=4440.067..45841.055 rows=29019746 loops=1)
  Hash Cond: (ci.movie_id = t.id)
  ->  Seq Scan on cast_info ci  (cost=0.00..614943.12 rows=36225612 width=4) (actual time=0.022..13881.419 rows=36244344 loops=1)
  ->  Hash  (cost=195685.02..195685.02 rows=1043583 width=8) (actual time=4439.142..4439.142 rows=1190366 loops=1)
        Buckets: 131072  Batches: 16  Memory Usage: 3922kB
        ->  Hash Join  (cost=102767.86..195685.02 rows=1043583 width=8) (actual time=1890.742..4108.922 rows=1190366 loops=1)
              Hash Cond: (mc.movie_id = t.id)
              ->  Seq Scan on movie_companies mc  (cost=0.00..57926.93 rows=1043583 width=4) (actual time=0.018..871.082 rows=1190366 loops=1)
                    Filter: ((company_id > 588) AND (company_type_id > 1))
                    Rows Removed by Filter: 1418763
              ->  Hash  (cost=61283.27..61283.27 rows=2528527 width=4) (actual time=1888.583..1888.583 rows=2528312 loops=1)
                    Buckets: 131072  Batches: 64  Memory Usage: 2415kB
                    ->  Seq Scan on title t  (cost=0.00..61283.27 rows=2528527 width=4) (actual time=0.019..1041.350 rows=2528312 loops=1)
Planning time: 1.144 ms
Execution time: 49068.653 ms
