Nested Loop  (cost=0.43..447802.20 rows=17937 width=0) (actual time=4558.206..5824.815 rows=6509 loops=1)
  ->  Seq Scan on movie_info mi  (cost=0.00..346232.03 rows=17937 width=4) (actual time=4558.011..5684.040 rows=6509 loops=1)
        Filter: (info_type_id = 42)
        Rows Removed by Filter: 14829211
  ->  Index Only Scan using title_pkey on title t  (cost=0.43..5.65 rows=1 width=4) (actual time=0.021..0.021 rows=1 loops=6509)
        Index Cond: (id = mi.movie_id)
        Heap Fetches: 6509
Planning time: 0.527 ms
Execution time: 5826.262 ms
