Hash Join  (cost=189476.56..1314168.42 rows=12718837 width=0) (actual time=4472.221..40085.316 rows=27730965 loops=1)
  Hash Cond: (ci.movie_id = t.id)
  ->  Seq Scan on cast_info ci  (cost=0.00..705507.15 rows=24815815 width=4) (actual time=0.014..15750.343 rows=24845392 loops=1)
        Filter: (person_id < 2558949)
        Rows Removed by Filter: 11398952
  ->  Hash  (cost=168214.25..168214.25 rows=1295945 width=8) (actual time=4470.080..4470.080 rows=1363733 loops=1)
        Buckets: 131072  Batches: 32  Memory Usage: 2689kB
        ->  Hash Join  (cost=106561.27..168214.25 rows=1295945 width=8) (actual time=2099.772..4078.128 rows=1363733 loops=1)
              Hash Cond: (mi_idx.movie_id = t.id)
              ->  Seq Scan on movie_info_idx mi_idx  (cost=0.00..21735.35 rows=1380035 width=4) (actual time=0.022..493.677 rows=1380035 loops=1)
              ->  Hash  (cost=67604.59..67604.59 rows=2374455 width=4) (actual time=2098.208..2098.208 rows=2370958 loops=1)
                    Buckets: 131072  Batches: 32  Memory Usage: 3631kB
                    ->  Seq Scan on title t  (cost=0.00..67604.59 rows=2374455 width=4) (actual time=0.022..1353.935 rows=2370958 loops=1)
                          Filter: (production_year > 1919)
                          Rows Removed by Filter: 157354
Planning time: 1.196 ms
Execution time: 43164.090 ms
