Hash Join  (cost=466914.24..596514.96 rows=623668 width=0) (actual time=7435.600..11151.930 rows=1486809 loops=1)
  Hash Cond: (mk.movie_id = t.id)
  ->  Seq Scan on movie_keyword mk  (cost=0.00..69693.30 rows=4523930 width=4) (actual time=0.009..1556.909 rows=4523930 loops=1)
  ->  Hash  (cost=461194.97..461194.97 rows=348582 width=8) (actual time=7434.838..7434.838 rows=140307 loops=1)
        Buckets: 131072  Batches: 8  Memory Usage: 1701kB
        ->  Hash Join  (cost=98137.04..461194.97 rows=348582 width=8) (actual time=4859.112..7388.844 rows=140307 loops=1)
              Hash Cond: (mi.movie_id = t.id)
              ->  Seq Scan on movie_info mi  (cost=0.00..346232.03 rows=473617 width=4) (actual time=2875.494..4827.788 rows=486554 loops=1)
                    Filter: (info_type_id = 5)
                    Rows Removed by Filter: 14349166
              ->  Hash  (cost=67604.59..67604.59 rows=1860996 width=4) (actual time=1982.630..1982.630 rows=1865487 loops=1)
                    Buckets: 131072  Batches: 32  Memory Usage: 3085kB
                    ->  Seq Scan on title t  (cost=0.00..67604.59 rows=1860996 width=4) (actual time=0.031..1347.191 rows=1865487 loops=1)
                          Filter: (kind_id > 1)
                          Rows Removed by Filter: 662825
Planning time: 1.194 ms
Execution time: 11324.633 ms
