Hash Join  (cost=74580.37..442288.26 rows=305196 width=0) (actual time=1333.016..9704.285 rows=132664 loops=1)
  Hash Cond: (mi.movie_id = t.id)
  ->  Seq Scan on movie_info mi  (cost=0.00..309384.22 rows=14739122 width=4) (actual time=0.008..4096.658 rows=14835720 loops=1)
  ->  Hash  (cost=73925.90..73925.90 rows=52357 width=4) (actual time=1326.887..1326.887 rows=56910 loops=1)
        Buckets: 65536  Batches: 1  Memory Usage: 2513kB
        ->  Seq Scan on title t  (cost=0.00..73925.90 rows=52357 width=4) (actual time=2.656..1302.523 rows=56910 loops=1)
              Filter: ((kind_id > 4) AND (production_year = 2004))
              Rows Removed by Filter: 2471402
Planning time: 0.741 ms
Execution time: 9723.011 ms
