Seq Scan on title t  (cost=0.00..73925.90 rows=58078 width=0) (actual time=31.415..1091.427 rows=151461 loops=1)
  Filter: ((kind_id < 7) AND (production_year < 1945))
  Rows Removed by Filter: 2376851
Planning time: 0.347 ms
Execution time: 1111.037 ms
