Hash Join  (cost=168501.82..311567.50 rows=1728864 width=0) (actual time=3800.476..7899.419 rows=2447946 loops=1)
  Hash Cond: (mk.movie_id = t.id)
  ->  Seq Scan on movie_keyword mk  (cost=0.00..69693.30 rows=4523930 width=4) (actual time=0.014..1475.083 rows=4523930 loops=1)
  ->  Hash  (cost=152648.06..152648.06 rows=966301 width=8) (actual time=3796.879..3796.879 rows=637077 loops=1)
        Buckets: 131072  Batches: 16  Memory Usage: 2594kB
        ->  Hash Join  (cost=96651.52..152648.06 rows=966301 width=8) (actual time=2019.472..3594.478 rows=637077 loops=1)
              Hash Cond: (mi_idx.movie_id = t.id)
              ->  Seq Scan on movie_info_idx mi_idx  (cost=0.00..21735.35 rows=1380035 width=4) (actual time=0.024..424.513 rows=1380035 loops=1)
              ->  Hash  (cost=67604.59..67604.59 rows=1770475 width=4) (actual time=2018.248..2018.248 rows=1774635 loops=1)
                    Buckets: 131072  Batches: 32  Memory Usage: 2978kB
                    ->  Seq Scan on title t  (cost=0.00..67604.59 rows=1770475 width=4) (actual time=0.755..1179.402 rows=1774635 loops=1)
                          Filter: (kind_id > 2)
                          Rows Removed by Filter: 753677
Planning time: 1.196 ms
Execution time: 8198.053 ms
