Hash Join  (cost=177658.86..1237231.91 rows=2508588 width=0) (actual time=3765.782..36387.725 rows=8656769 loops=1)
  Hash Cond: (ci.movie_id = t.id)
  ->  Seq Scan on cast_info ci  (cost=0.00..614943.12 rows=36225612 width=4) (actual time=0.025..13599.067 rows=36244344 loops=1)
  ->  Hash  (cost=174786.14..174786.14 rows=175098 width=8) (actual time=3764.951..3764.951 rows=346891 loops=1)
        Buckets: 131072 (originally 131072)  Batches: 8 (originally 4)  Memory Usage: 3073kB
        ->  Hash Join  (cost=102767.86..174786.14 rows=175098 width=8) (actual time=2475.497..3658.146 rows=346891 loops=1)
              Hash Cond: (mc.movie_id = t.id)
              ->  Seq Scan on movie_companies mc  (cost=0.00..57926.93 rows=175098 width=4) (actual time=460.567..934.912 rows=346891 loops=1)
                    Filter: ((company_id > 88562) AND (company_type_id = 2))
                    Rows Removed by Filter: 2262238
              ->  Hash  (cost=61283.27..61283.27 rows=2528527 width=4) (actual time=2013.777..2013.777 rows=2528312 loops=1)
                    Buckets: 131072  Batches: 64  Memory Usage: 2415kB
                    ->  Seq Scan on title t  (cost=0.00..61283.27 rows=2528527 width=4) (actual time=0.015..1181.684 rows=2528312 loops=1)
Planning time: 1.191 ms
Execution time: 37348.892 ms
