Hash Join  (cost=166178.33..924092.62 rows=712515 width=0) (actual time=3186.932..28544.050 rows=5329130 loops=1)
  Hash Cond: (ci.movie_id = t.id)
  ->  Seq Scan on cast_info ci  (cost=0.00..614943.12 rows=36225612 width=4) (actual time=0.004..9612.893 rows=36244344 loops=1)
  ->  Hash  (cost=165556.67..165556.67 rows=49733 width=8) (actual time=3186.521..3186.521 rows=88461 loops=1)
        Buckets: 131072 (originally 65536)  Batches: 2 (originally 1)  Memory Usage: 3073kB
        ->  Hash Join  (cost=74545.71..165556.67 rows=49733 width=8) (actual time=1146.220..3152.363 rows=88461 loops=1)
              Hash Cond: (mk.movie_id = t.id)
              ->  Seq Scan on movie_keyword mk  (cost=0.00..81003.12 rows=2536135 width=4) (actual time=0.018..1548.103 rows=2529881 loops=1)
                    Filter: (keyword_id < 6284)
                    Rows Removed by Filter: 1994049
              ->  Hash  (cost=73925.90..73925.90 rows=49584 width=4) (actual time=1145.545..1145.545 rows=38752 loops=1)
                    Buckets: 65536  Batches: 1  Memory Usage: 1875kB
                    ->  Seq Scan on title t  (cost=0.00..73925.90 rows=49584 width=4) (actual time=0.014..1129.957 rows=38752 loops=1)
                          Filter: ((kind_id < 7) AND (production_year = 2008))
                          Rows Removed by Filter: 2489560
Planning time: 0.842 ms
Execution time: 29185.475 ms
