Hash Join  (cost=83810.17..186602.65 rows=452778 width=0) (actual time=1461.380..4130.662 rows=990123 loops=1)
  Hash Cond: (mk.movie_id = t.id)
  ->  Seq Scan on movie_keyword mk  (cost=0.00..81003.12 rows=1159086 width=4) (actual time=0.029..1393.748 rows=1172527 loops=1)
        Filter: (keyword_id > 15899)
        Rows Removed by Filter: 3351403
  ->  Hash  (cost=67604.59..67604.59 rows=987727 width=4) (actual time=1460.229..1460.229 rows=985048 loops=1)
        Buckets: 131072  Batches: 16  Memory Usage: 3197kB
        ->  Seq Scan on title t  (cost=0.00..67604.59 rows=987727 width=4) (actual time=0.023..1140.950 rows=985048 loops=1)
              Filter: (kind_id < 7)
              Rows Removed by Filter: 1543264
Planning time: 2.888 ms
Execution time: 4247.600 ms
