Hash Join  (cost=270630.41..887173.36 rows=11088213 width=0) (actual time=5892.271..40212.535 rows=92700889 loops=1)
  Hash Cond: (mi.movie_id = t.id)
  ->  Seq Scan on movie_info mi  (cost=0.00..309384.22 rows=14739122 width=4) (actual time=0.011..6161.362 rows=14835720 loops=1)
  ->  Hash  (cost=239421.83..239421.83 rows=1902206 width=8) (actual time=5891.100..5891.100 rows=1909519 loops=1)
        Buckets: 131072  Batches: 32  Memory Usage: 3423kB
        ->  Hash Join  (cost=102767.86..239421.83 rows=1902206 width=8) (actual time=1929.877..5354.024 rows=1909519 loops=1)
              Hash Cond: (mk.movie_id = t.id)
              ->  Seq Scan on movie_keyword mk  (cost=0.00..81003.12 rows=1902206 width=4) (actual time=0.027..1587.828 rows=1909519 loops=1)
                    Filter: (keyword_id < 3287)
                    Rows Removed by Filter: 2614411
              ->  Hash  (cost=61283.27..61283.27 rows=2528527 width=4) (actual time=1928.392..1928.392 rows=2528312 loops=1)
                    Buckets: 131072  Batches: 64  Memory Usage: 2425kB
                    ->  Seq Scan on title t  (cost=0.00..61283.27 rows=2528527 width=4) (actual time=0.020..1076.623 rows=2528312 loops=1)
Planning time: 1.126 ms
Execution time: 50405.955 ms
