Hash Join  (cost=167822.05..298913.05 rows=745996 width=0) (actual time=3442.975..7052.475 rows=841064 loops=1)
  Hash Cond: (mk.movie_id = t.id)
  ->  Seq Scan on movie_keyword mk  (cost=0.00..69693.30 rows=4523930 width=4) (actual time=0.017..1526.241 rows=4523930 loops=1)
  ->  Hash  (cost=160981.13..160981.13 rows=416954 width=8) (actual time=3441.066..3441.066 rows=327317 loops=1)
        Buckets: 131072  Batches: 8  Memory Usage: 2632kB
        ->  Hash Join  (cost=86935.43..160981.13 rows=416954 width=8) (actual time=1542.131..3345.224 rows=327317 loops=1)
              Hash Cond: (mc.movie_id = t.id)
              ->  Seq Scan on movie_companies mc  (cost=0.00..51404.11 rows=1329612 width=4) (actual time=0.022..995.913 rows=1334883 loops=1)
                    Filter: (company_type_id = 2)
                    Rows Removed by Filter: 1274246
              ->  Hash  (cost=73925.90..73925.90 rows=792922 width=4) (actual time=1540.928..1540.928 rows=692469 loops=1)
                    Buckets: 131072  Batches: 16  Memory Usage: 2548kB
                    ->  Seq Scan on title t  (cost=0.00..73925.90 rows=792922 width=4) (actual time=0.030..1311.874 rows=692469 loops=1)
                          Filter: ((kind_id > 1) AND (production_year < 2001))
                          Rows Removed by Filter: 1835843
Planning time: 1.098 ms
Execution time: 7157.068 ms
