Hash Join  (cost=80874.21..815172.98 rows=555406 width=0) (actual time=6685.434..15624.593 rows=597695 loops=1)
  Hash Cond: (ci.movie_id = t.id)
  ->  Seq Scan on cast_info ci  (cost=0.00..705507.15 rows=1736414 width=4) (actual time=5196.454..12984.118 rows=1703543 loops=1)
        Filter: (role_id = 8)
        Rows Removed by Filter: 34540801
  ->  Hash  (cost=67604.59..67604.59 rows=808770 width=4) (actual time=1487.385..1487.385 rows=812704 loops=1)
        Buckets: 131072  Batches: 16  Memory Usage: 2812kB
        ->  Seq Scan on title t  (cost=0.00..67604.59 rows=808770 width=4) (actual time=0.073..1225.408 rows=812704 loops=1)
              Filter: (production_year < 1995)
              Rows Removed by Filter: 1715608
Planning time: 0.833 ms
Execution time: 15696.527 ms
