Seq Scan on movie_companies mc  (cost=0.00..57926.93 rows=1014952 width=0) (actual time=0.025..1094.332 rows=1162349 loops=1)
  Filter: ((company_id > 742) AND (company_type_id = 2))
  Rows Removed by Filter: 1446780
Planning time: 0.421 ms
Execution time: 1232.141 ms
