Hash Join  (cost=166848.02..194026.88 rows=26838 width=0) (actual time=2957.399..3572.715 rows=134902 loops=1)
  Hash Cond: (mi_idx.movie_id = t.id)
  ->  Seq Scan on movie_info_idx mi_idx  (cost=0.00..21735.35 rows=1380035 width=4) (actual time=0.025..269.815 rows=1380035 loops=1)
  ->  Hash  (cost=166233.36..166233.36 rows=49173 width=8) (actual time=2956.762..2956.762 rows=65480 loops=1)
        Buckets: 65536  Batches: 1  Memory Usage: 3070kB
        ->  Hash Join  (cost=78171.87..166233.36 rows=49173 width=8) (actual time=1183.572..2935.302 rows=65480 loops=1)
              Hash Cond: (mk.movie_id = t.id)
              ->  Seq Scan on movie_keyword mk  (cost=0.00..81003.12 rows=480436 width=4) (actual time=0.022..1166.964 rows=476505 loops=1)
                    Filter: (keyword_id > 37481)
                    Rows Removed by Filter: 4047425
              ->  Hash  (cost=73925.90..73925.90 rows=258797 width=4) (actual time=1182.613..1182.613 rows=227847 loops=1)
                    Buckets: 131072  Batches: 4  Memory Usage: 3038kB
                    ->  Seq Scan on title t  (cost=0.00..73925.90 rows=258797 width=4) (actual time=0.012..1103.768 rows=227847 loops=1)
                          Filter: ((kind_id < 7) AND (production_year > 2008))
                          Rows Removed by Filter: 2300465
Planning time: 1.208 ms
Execution time: 3589.078 ms
