Hash Join  (cost=256337.17..1222416.67 rows=5756791 width=0) (actual time=8855.708..30073.227 rows=19444649 loops=1)
  Hash Cond: (ci.movie_id = t.id)
  ->  Seq Scan on cast_info ci  (cost=0.00..796071.18 rows=8236882 width=4) (actual time=745.557..14463.412 rows=3463993 loops=1)
        Filter: ((person_id > 1256559) AND (role_id = 1))
        Rows Removed by Filter: 32780351
  ->  Hash  (cost=227343.19..227343.19 rows=1767198 width=8) (actual time=8107.858..8107.858 rows=3878469 loops=1)
        Buckets: 131072 (originally 131072)  Batches: 64 (originally 32)  Memory Usage: 3438kB
        ->  Hash Join  (cost=83810.17..227343.19 rows=1767198 width=8) (actual time=1416.491..6651.170 rows=3878469 loops=1)
              Hash Cond: (mk.movie_id = t.id)
              ->  Seq Scan on movie_keyword mk  (cost=0.00..69693.30 rows=4523930 width=4) (actual time=0.024..1459.908 rows=4523930 loops=1)
              ->  Hash  (cost=67604.59..67604.59 rows=987727 width=4) (actual time=1415.432..1415.432 rows=985048 loops=1)
                    Buckets: 131072  Batches: 16  Memory Usage: 3197kB
                    ->  Seq Scan on title t  (cost=0.00..67604.59 rows=987727 width=4) (actual time=0.029..1100.964 rows=985048 loops=1)
                          Filter: (kind_id < 7)
                          Rows Removed by Filter: 1543264
Planning time: 1.205 ms
Execution time: 32484.136 ms
