Hash Join  (cost=631047.24..1786055.69 rows=12725034 width=0) (actual time=18343.158..52705.544 rows=38762905 loops=1)
  Hash Cond: (ci.movie_id = t.id)
  ->  Seq Scan on cast_info ci  (cost=0.00..796071.18 rows=12439691 width=4) (actual time=0.020..14951.119 rows=10285544 loops=1)
        Filter: ((person_id > 1714298) AND (role_id < 4))
        Rows Removed by Filter: 25958800
  ->  Hash  (cost=588611.65..588611.65 rows=2586527 width=8) (actual time=18341.042..18341.042 rows=6060962 loops=1)
        Buckets: 131072 (originally 131072)  Batches: 128 (originally 64)  Memory Usage: 3073kB
        ->  Hash Join  (cost=81206.46..588611.65 rows=2586527 width=8) (actual time=1501.301..16442.815 rows=6060962 loops=1)
              Hash Cond: (mi.movie_id = t.id)
              ->  Seq Scan on movie_info mi  (cost=0.00..309384.22 rows=14739122 width=4) (actual time=0.026..5842.444 rows=14835720 loops=1)
              ->  Hash  (cost=73925.90..73925.90 rows=443724 width=4) (actual time=1500.512..1500.512 rows=536860 loops=1)
                    Buckets: 131072  Batches: 8  Memory Usage: 3403kB
                    ->  Seq Scan on title t  (cost=0.00..73925.90 rows=443724 width=4) (actual time=0.025..1313.623 rows=536860 loops=1)
                          Filter: ((kind_id < 7) AND (production_year < 2002))
                          Rows Removed by Filter: 1991452
Planning time: 1.216 ms
Execution time: 57288.272 ms
