Seq Scan on title t  (cost=0.00..73925.90 rows=2905 width=0) (actual time=1.442..1124.067 rows=4593 loops=1)
  Filter: ((kind_id < 7) AND (production_year = 1963))
  Rows Removed by Filter: 2523719
Planning time: 0.467 ms
Execution time: 1125.392 ms
