Hash Join  (cost=240467.19..1460027.05 rows=13674572 width=0) (actual time=4828.906..36193.143 rows=8772780 loops=1)
  Hash Cond: (ci.movie_id = t.id)
  ->  Seq Scan on cast_info ci  (cost=0.00..614943.12 rows=36225612 width=4) (actual time=0.011..12938.695 rows=36244344 loops=1)
  ->  Hash  (cost=224807.23..224807.23 rows=954477 width=8) (actual time=4827.589..4827.589 rows=408368 loops=1)
        Buckets: 131072  Batches: 16  Memory Usage: 2000kB
        ->  Hash Join  (cost=83328.83..224807.23 rows=954477 width=8) (actual time=1274.798..4708.943 rows=408368 loops=1)
              Hash Cond: (mk.movie_id = t.id)
              ->  Seq Scan on movie_keyword mk  (cost=0.00..81003.12 rows=4211067 width=4) (actual time=0.014..1531.654 rows=4213380 loops=1)
                    Filter: (keyword_id < 52583)
                    Rows Removed by Filter: 310550
              ->  Hash  (cost=73925.90..73925.90 rows=573114 width=4) (actual time=1273.005..1273.005 rows=446387 loops=1)
                    Buckets: 131072  Batches: 8  Memory Usage: 2982kB
                    ->  Seq Scan on title t  (cost=0.00..73925.90 rows=573114 width=4) (actual time=0.020..1123.684 rows=446387 loops=1)
                          Filter: ((kind_id > 1) AND (production_year < 1994))
                          Rows Removed by Filter: 2081925
Planning time: 1.122 ms
Execution time: 37120.004 ms
