Hash Join  (cost=259945.29..863623.04 rows=9882489 width=0) (actual time=5422.592..19684.805 rows=4089865 loops=1)
  Hash Cond: (mi.movie_id = t.id)
  ->  Seq Scan on movie_info mi  (cost=0.00..309384.22 rows=14739122 width=4) (actual time=0.021..6220.605 rows=14835720 loops=1)
  ->  Hash  (cost=232130.26..232130.26 rows=1695362 width=8) (actual time=5183.041..5183.041 rows=387842 loops=1)
        Buckets: 131072  Batches: 32  Memory Usage: 1482kB
        ->  Hash Join  (cost=89472.60..232130.26 rows=1695362 width=8) (actual time=3692.447..5084.701 rows=387842 loops=1)
              Hash Cond: (mk.movie_id = t.id)
              ->  Seq Scan on movie_keyword mk  (cost=0.00..69693.30 rows=4523930 width=4) (actual time=0.018..1429.459 rows=4523930 loops=1)
              ->  Hash  (cost=73925.90..73925.90 rows=947576 width=4) (actual time=1708.921..1708.921 rows=876037 loops=1)
                    Buckets: 131072  Batches: 16  Memory Usage: 2955kB
                    ->  Seq Scan on title t  (cost=0.00..73925.90 rows=947576 width=4) (actual time=162.738..1414.837 rows=876037 loops=1)
                          Filter: ((production_year < 2007) AND (kind_id = 7))
                          Rows Removed by Filter: 1652275
Planning time: 1.195 ms
Execution time: 20155.456 ms
