Hash Join  (cost=86051.89..165811.18 rows=127743 width=134) (actual time=1808.944..3668.744 rows=150504 loops=1)
  Hash Cond: (mc.movie_id = t.id)
  ->  Seq Scan on movie_companies mc  (cost=0.00..57926.93 rows=723180 width=40) (actual time=0.338..1223.270 rows=997283 loops=1)
        Filter: ((company_id < 13251) AND (company_type_id < 2))
        Rows Removed by Filter: 1611846
  ->  Hash  (cost=73925.90..73925.90 rows=446639 width=94) (actual time=1807.898..1807.898 rows=306970 loops=1)
        Buckets: 32768  Batches: 16  Memory Usage: 2458kB
        ->  Seq Scan on title t  (cost=0.00..73925.90 rows=446639 width=94) (actual time=0.027..1673.779 rows=306970 loops=1)
              Filter: ((kind_id > 1) AND (production_year < 1986))
              Rows Removed by Filter: 2221342
Planning time: 1.286 ms
Execution time: 3677.048 ms
