Hash Join  (cost=797557.18..824468.11 rows=45 width=0) (actual time=13872.871..14425.410 rows=39 loops=1)
  Hash Cond: (mi_idx.movie_id = t.id)
  ->  Seq Scan on movie_info_idx mi_idx  (cost=0.00..21735.35 rows=1380035 width=4) (actual time=0.024..328.479 rows=1380035 loops=1)
  ->  Hash  (cost=797556.14..797556.14 rows=83 width=8) (actual time=13852.176..13852.176 rows=17 loops=1)
        Buckets: 1024  Batches: 1  Memory Usage: 9kB
        ->  Nested Loop  (cost=0.43..797556.14 rows=83 width=8) (actual time=5921.160..13852.161 rows=17 loops=1)
              ->  Seq Scan on cast_info ci  (cost=0.00..796071.18 rows=176 width=4) (actual time=5920.979..13850.194 rows=121 loops=1)
                    Filter: ((role_id < 2) AND (person_id = 1034237))
                    Rows Removed by Filter: 36244223
              ->  Index Scan using title_pkey on title t  (cost=0.43..8.43 rows=1 width=4) (actual time=0.016..0.016 rows=0 loops=121)
                    Index Cond: (id = ci.movie_id)
                    Filter: (production_year < 2003)
                    Rows Removed by Filter: 1
Planning time: 1.234 ms
Execution time: 14425.543 ms
