Hash Join  (cost=102767.86..168933.11 rows=202901 width=0) (actual time=2326.719..3689.969 rows=204364 loops=1)
  Hash Cond: (mc.movie_id = t.id)
  ->  Seq Scan on movie_companies mc  (cost=0.00..51404.11 rows=202901 width=4) (actual time=41.573..879.610 rows=204364 loops=1)
        Filter: (company_id > 112150)
        Rows Removed by Filter: 2404765
  ->  Hash  (cost=61283.27..61283.27 rows=2528527 width=4) (actual time=2283.911..2283.911 rows=2528312 loops=1)
        Buckets: 131072  Batches: 64  Memory Usage: 2415kB
        ->  Seq Scan on title t  (cost=0.00..61283.27 rows=2528527 width=4) (actual time=0.021..1117.291 rows=2528312 loops=1)
Planning time: 0.874 ms
Execution time: 3712.416 ms
