Hash Join  (cost=873507.22..960745.47 rows=58021 width=0) (actual time=12951.428..15518.814 rows=576013 loops=1)
  Hash Cond: (mk.movie_id = t.id)
  ->  Seq Scan on movie_keyword mk  (cost=0.00..69693.30 rows=4523930 width=4) (actual time=0.016..1016.288 rows=4523930 loops=1)
  ->  Hash  (cost=873101.86..873101.86 rows=32429 width=8) (actual time=12949.450..12949.450 rows=113825 loops=1)
        Buckets: 131072 (originally 32768)  Batches: 2 (originally 1)  Memory Usage: 3211kB
        ->  Hash Join  (cost=70308.29..873101.86 rows=32429 width=8) (actual time=3734.023..12905.953 rows=113825 loops=1)
              Hash Cond: (ci.movie_id = t.id)
              ->  Seq Scan on cast_info ci  (cost=0.00..796071.18 rows=497628 width=4) (actual time=2609.437..11238.615 rows=1137051 loops=1)
                    Filter: ((person_id > 3841141) AND (role_id > 2))
                    Rows Removed by Filter: 35107293
              ->  Hash  (cost=67604.59..67604.59 rows=164776 width=4) (actual time=1123.517..1123.517 rows=164307 loops=1)
                    Buckets: 131072  Batches: 4  Memory Usage: 2482kB
                    ->  Seq Scan on title t  (cost=0.00..67604.59 rows=164776 width=4) (actual time=0.027..1064.514 rows=164307 loops=1)
                          Filter: (production_year = 2012)
                          Rows Removed by Filter: 2364005
Planning time: 0.810 ms
Execution time: 15586.174 ms
