Hash Join  (cost=69484.36..134305.62 rows=24297 width=0) (actual time=1276.196..2106.827 rows=5124 loops=1)
  Hash Cond: (mc.movie_id = t.id)
  ->  Seq Scan on movie_companies mc  (cost=0.00..57926.93 rows=536362 width=4) (actual time=0.163..920.062 rows=322949 loops=1)
        Filter: ((company_id < 6158) AND (company_type_id > 1))
        Rows Removed by Filter: 2286180
  ->  Hash  (cost=67604.59..67604.59 rows=114542 width=4) (actual time=1047.187..1047.187 rows=118234 loops=1)
        Buckets: 131072  Batches: 2  Memory Usage: 3101kB
        ->  Seq Scan on title t  (cost=0.00..67604.59 rows=114542 width=4) (actual time=498.783..1006.136 rows=118234 loops=1)
              Filter: (kind_id = 4)
              Rows Removed by Filter: 2410078
Planning time: 0.605 ms
Execution time: 2107.910 ms
