Hash Join  (cost=102767.86..1151703.88 rows=13861838 width=0) (actual time=3677.284..28017.858 rows=14037217 loops=1)
  Hash Cond: (ci.movie_id = t.id)
  ->  Seq Scan on cast_info ci  (cost=0.00..705507.15 rows=13861838 width=4) (actual time=1846.221..13806.229 rows=14037217 loops=1)
        Filter: (person_id > 2262515)
        Rows Removed by Filter: 22207127
  ->  Hash  (cost=61283.27..61283.27 rows=2528527 width=4) (actual time=1829.406..1829.406 rows=2528312 loops=1)
        Buckets: 131072  Batches: 64  Memory Usage: 2415kB
        ->  Seq Scan on title t  (cost=0.00..61283.27 rows=2528527 width=4) (actual time=0.021..971.347 rows=2528312 loops=1)
Planning time: 0.811 ms
Execution time: 29763.426 ms
