Seq Scan on cast_info ci  (cost=0.00..796071.18 rows=4319856 width=0) (actual time=6738.455..15594.277 rows=4322952 loops=1)
  Filter: ((person_id > 938) AND (role_id = 10))
  Rows Removed by Filter: 31921392
Planning time: 0.431 ms
Execution time: 16131.108 ms
