Seq Scan on title t  (cost=0.00..67604.59 rows=197225 width=0) (actual time=0.028..1088.077 rows=194989 loops=1)
  Filter: (production_year < 1955)
  Rows Removed by Filter: 2333323
Planning time: 0.226 ms
Execution time: 1124.040 ms
