Seq Scan on movie_companies mc  (cost=0.00..51404.11 rows=104 width=0) (actual time=140.156..932.320 rows=6 loops=1)
  Filter: (company_id = 113736)
  Rows Removed by Filter: 2609123
Planning time: 0.399 ms
Execution time: 932.392 ms
