Hash Join  (cost=74526.68..101699.48 rows=26232 width=0) (actual time=1121.780..1993.786 rows=91927 loops=1)
  Hash Cond: (mi_idx.movie_id = t.id)
  ->  Seq Scan on movie_info_idx mi_idx  (cost=0.00..21735.35 rows=1380035 width=4) (actual time=0.020..327.672 rows=1380035 loops=1)
  ->  Hash  (cost=73925.90..73925.90 rows=48062 width=4) (actual time=1121.306..1121.306 rows=168950 loops=1)
        Buckets: 131072 (originally 65536)  Batches: 2 (originally 1)  Memory Usage: 3996kB
        ->  Seq Scan on title t  (cost=0.00..73925.90 rows=48062 width=4) (actual time=0.014..1057.134 rows=168950 loops=1)
              Filter: ((production_year < 1953) AND (kind_id = 1))
              Rows Removed by Filter: 2359362
Planning time: 0.768 ms
Execution time: 2004.931 ms
