Hash Join  (cost=510503.84..1682450.46 rows=9039645 width=0) (actual time=11847.480..53528.112 rows=39417616 loops=1)
  Hash Cond: (ci.movie_id = t.id)
  ->  Seq Scan on cast_info ci  (cost=0.00..614943.12 rows=36225612 width=4) (actual time=0.011..13381.758 rows=36244344 loops=1)
  ->  Hash  (cost=500151.82..500151.82 rows=630962 width=8) (actual time=11845.890..11845.890 rows=1851896 loops=1)
        Buckets: 131072 (originally 131072)  Batches: 32 (originally 16)  Memory Usage: 3275kB
        ->  Hash Join  (cost=78364.59..500151.82 rows=630962 width=8) (actual time=2723.570..10728.329 rows=1851896 loops=1)
              Hash Cond: (mi.movie_id = t.id)
              ->  Seq Scan on movie_info mi  (cost=0.00..346232.03 rows=5897221 width=4) (actual time=1282.031..6051.980 rows=5884963 loops=1)
                    Filter: (info_type_id < 7)
                    Rows Removed by Filter: 8950757
              ->  Hash  (cost=73925.90..73925.90 rows=270535 width=4) (actual time=1315.101..1315.101 rows=374196 loops=1)
                    Buckets: 131072 (originally 131072)  Batches: 8 (originally 4)  Memory Usage: 3073kB
                    ->  Seq Scan on title t  (cost=0.00..73925.90 rows=270535 width=4) (actual time=0.028..1154.226 rows=374196 loops=1)
                          Filter: ((kind_id < 2) AND (production_year < 2000))
                          Rows Removed by Filter: 2154116
Planning time: 1.210 ms
Execution time: 57814.204 ms
