Hash Join  (cost=125400.81..472955.08 rows=4547 width=0) (actual time=5424.675..7958.402 rows=5649 loops=1)
  Hash Cond: (mi.movie_id = t.id)
  ->  Seq Scan on movie_info mi  (cost=0.00..346232.03 rows=340474 width=4) (actual time=3031.952..5481.771 rows=328857 loops=1)
        Filter: (info_type_id = 98)
        Rows Removed by Filter: 14506863
  ->  Hash  (cost=124978.71..124978.71 rows=33768 width=8) (actual time=2392.196..2392.196 rows=17307 loops=1)
        Buckets: 65536  Batches: 1  Memory Usage: 1189kB
        ->  Hash Join  (cost=68438.72..124978.71 rows=33768 width=8) (actual time=1138.156..2385.192 rows=17307 loops=1)
              Hash Cond: (mc.movie_id = t.id)
              ->  Seq Scan on movie_companies mc  (cost=0.00..51404.11 rows=1279517 width=4) (actual time=95.254..1054.661 rows=1274246 loops=1)
                    Filter: (company_type_id < 2)
                    Rows Removed by Filter: 1334883
              ->  Hash  (cost=67604.59..67604.59 rows=66731 width=4) (actual time=1042.163..1042.163 rows=67342 loops=1)
                    Buckets: 131072  Batches: 1  Memory Usage: 3392kB
                    ->  Seq Scan on title t  (cost=0.00..67604.59 rows=66731 width=4) (actual time=0.029..1014.098 rows=67342 loops=1)
                          Filter: (production_year > 2012)
                          Rows Removed by Filter: 2460970
Planning time: 0.785 ms
Execution time: 7959.858 ms
