Hash Join  (cost=195150.22..1039529.63 rows=575823 width=0) (actual time=3738.570..26823.408 rows=1009821 loops=1)
  Hash Cond: (ci.movie_id = t.id)
  ->  Seq Scan on cast_info ci  (cost=0.00..705507.15 rows=35497074 width=4) (actual time=0.024..13158.826 rows=35484688 loops=1)
        Filter: (person_id < 3916243)
        Rows Removed by Filter: 759656
  ->  Hash  (cost=194637.51..194637.51 rows=41017 width=8) (actual time=3738.189..3738.189 rows=41840 loops=1)
        Buckets: 65536  Batches: 1  Memory Usage: 2147kB
        ->  Hash Join  (cost=102767.86..194637.51 rows=41017 width=8) (actual time=2016.743..3723.029 rows=41840 loops=1)
              Hash Cond: (mk.movie_id = t.id)
              ->  Seq Scan on movie_keyword mk  (cost=0.00..81003.12 rows=41017 width=4) (actual time=0.233..1292.483 rows=41840 loops=1)
                    Filter: (keyword_id = 117)
                    Rows Removed by Filter: 4482090
              ->  Hash  (cost=61283.27..61283.27 rows=2528527 width=4) (actual time=2006.193..2006.193 rows=2528312 loops=1)
                    Buckets: 131072  Batches: 64  Memory Usage: 2425kB
                    ->  Seq Scan on title t  (cost=0.00..61283.27 rows=2528527 width=4) (actual time=0.019..1148.840 rows=2528312 loops=1)
Planning time: 3.741 ms
Execution time: 26960.987 ms
