Hash Join  (cost=72085.10..112335.02 rows=149044 width=0) (actual time=1131.501..2273.522 rows=154481 loops=1)
  Hash Cond: (mi_idx.movie_id = t.id)
  ->  Seq Scan on movie_info_idx mi_idx  (cost=0.00..21735.35 rows=1380035 width=4) (actual time=0.026..496.718 rows=1380035 loops=1)
  ->  Hash  (cost=67604.59..67604.59 rows=273081 width=4) (actual time=1128.791..1128.791 rows=273902 loops=1)
        Buckets: 131072  Batches: 4  Memory Usage: 3428kB
        ->  Seq Scan on title t  (cost=0.00..67604.59 rows=273081 width=4) (actual time=0.035..1037.177 rows=273902 loops=1)
              Filter: (production_year < 1963)
              Rows Removed by Filter: 2254410
Planning time: 0.698 ms
Execution time: 2293.117 ms
