Hash Join  (cost=796926.65..883586.50 rows=181 width=0) (actual time=11414.876..13073.521 rows=622 loops=1)
  Hash Cond: (mk.movie_id = t.id)
  ->  Seq Scan on movie_keyword mk  (cost=0.00..69693.30 rows=4523930 width=4) (actual time=0.016..1005.046 rows=4523930 loops=1)
  ->  Hash  (cost=796925.39..796925.39 rows=101 width=8) (actual time=11301.785..11301.785 rows=38 loops=1)
        Buckets: 1024  Batches: 1  Memory Usage: 10kB
        ->  Nested Loop  (cost=0.43..796925.39 rows=101 width=8) (actual time=1159.853..11301.762 rows=38 loops=1)
              ->  Seq Scan on cast_info ci  (cost=0.00..796071.18 rows=101 width=4) (actual time=1159.779..11300.915 rows=38 loops=1)
                    Filter: ((person_id = 1763973) AND (role_id = 2))
                    Rows Removed by Filter: 36244306
              ->  Index Only Scan using title_pkey on title t  (cost=0.43..8.45 rows=1 width=4) (actual time=0.021..0.021 rows=1 loops=38)
                    Index Cond: (id = ci.movie_id)
                    Heap Fetches: 38
Planning time: 1.155 ms
Execution time: 13073.732 ms
