Hash Join  (cost=102767.86..1017413.15 rows=4517176 width=0) (actual time=6723.036..21005.482 rows=7031681 loops=1)
  Hash Cond: (ci.movie_id = t.id)
  ->  Seq Scan on cast_info ci  (cost=0.00..796071.18 rows=4517176 width=4) (actual time=4853.601..13204.852 rows=7031681 loops=1)
        Filter: ((person_id > 2962084) AND (role_id > 1))
        Rows Removed by Filter: 29212663
  ->  Hash  (cost=61283.27..61283.27 rows=2528527 width=4) (actual time=1868.309..1868.309 rows=2528312 loops=1)
        Buckets: 131072  Batches: 64  Memory Usage: 2415kB
        ->  Seq Scan on title t  (cost=0.00..61283.27 rows=2528527 width=4) (actual time=0.021..1092.777 rows=2528312 loops=1)
Planning time: 0.755 ms
Execution time: 21782.635 ms
