Nested Loop  (cost=44377.22..431427.55 rows=262 width=0) (actual time=2898.912..7909.005 rows=6692 loops=1)
  Join Filter: (mi.movie_id = t.id)
  ->  Hash Join  (cost=44376.79..399813.99 rows=53320 width=8) (actual time=2896.029..6578.549 rows=180496 loops=1)
        Hash Cond: (mi.movie_id = mi_idx.movie_id)
        ->  Seq Scan on movie_info mi  (cost=0.00..346232.03 rows=17937 width=4) (actual time=1961.459..5324.258 rows=68025 loops=1)
              Filter: (info_type_id = 94)
              Rows Removed by Filter: 14767695
        ->  Hash  (cost=21735.35..21735.35 rows=1380035 width=4) (actual time=933.460..933.460 rows=1380035 loops=1)
              Buckets: 131072  Batches: 32  Memory Usage: 2557kB
              ->  Seq Scan on movie_info_idx mi_idx  (cost=0.00..21735.35 rows=1380035 width=4) (actual time=0.029..507.950 rows=1380035 loops=1)
  ->  Index Scan using title_pkey on title t  (cost=0.43..0.58 rows=1 width=4) (actual time=0.007..0.007 rows=0 loops=180496)
        Index Cond: (id = mi_idx.movie_id)
        Filter: (production_year = 2003)
        Rows Removed by Filter: 1
Planning time: 1.199 ms
Execution time: 7910.485 ms
