Hash Join  (cost=252282.78..427464.58 rows=3900785 width=0) (actual time=5923.301..17082.714 rows=31898443 loops=1)
  Hash Cond: (mk.movie_id = t.id)
  ->  Seq Scan on movie_keyword mk  (cost=0.00..69693.30 rows=4523930 width=4) (actual time=0.026..1384.324 rows=4523930 loops=1)
  ->  Hash  (cost=216512.82..216512.82 rows=2180237 width=8) (actual time=5921.981..5921.981 rows=2180408 loops=1)
        Buckets: 131072  Batches: 32  Memory Usage: 3742kB
        ->  Hash Join  (cost=102767.86..216512.82 rows=2180237 width=8) (actual time=1854.219..5276.192 rows=2180408 loops=1)
              Hash Cond: (mc.movie_id = t.id)
              ->  Seq Scan on movie_companies mc  (cost=0.00..51404.11 rows=2180237 width=4) (actual time=0.022..1131.868 rows=2180408 loops=1)
                    Filter: (company_id > 302)
                    Rows Removed by Filter: 428721
              ->  Hash  (cost=61283.27..61283.27 rows=2528527 width=4) (actual time=1853.061..1853.061 rows=2528312 loops=1)
                    Buckets: 131072  Batches: 64  Memory Usage: 2415kB
                    ->  Seq Scan on title t  (cost=0.00..61283.27 rows=2528527 width=4) (actual time=0.020..1025.152 rows=2528312 loops=1)
Planning time: 1.150 ms
Execution time: 20830.917 ms
