Hash Join  (cost=190230.21..1201616.90 rows=6731533 width=0) (actual time=4151.207..30640.702 rows=13589204 loops=1)
  Hash Cond: (ci.movie_id = t.id)
  ->  Seq Scan on cast_info ci  (cost=0.00..796071.18 rows=12333646 width=4) (actual time=0.015..16974.166 rows=11933621 loops=1)
        Filter: ((person_id > 103142) AND (role_id < 2))
        Rows Removed by Filter: 24310723
  ->  Hash  (cost=167588.78..167588.78 rows=1380035 width=8) (actual time=4150.434..4150.434 rows=1380035 loops=1)
        Buckets: 131072  Batches: 32  Memory Usage: 2708kB
        ->  Hash Join  (cost=102767.86..167588.78 rows=1380035 width=8) (actual time=1960.755..3802.287 rows=1380035 loops=1)
              Hash Cond: (mi_idx.movie_id = t.id)
              ->  Seq Scan on movie_info_idx mi_idx  (cost=0.00..21735.35 rows=1380035 width=4) (actual time=0.025..422.266 rows=1380035 loops=1)
              ->  Hash  (cost=61283.27..61283.27 rows=2528527 width=4) (actual time=1959.520..1959.520 rows=2528312 loops=1)
                    Buckets: 131072  Batches: 64  Memory Usage: 2415kB
                    ->  Seq Scan on title t  (cost=0.00..61283.27 rows=2528527 width=4) (actual time=0.013..1124.187 rows=2528312 loops=1)
Planning time: 1.189 ms
Execution time: 32108.244 ms
