Nested Loop  (cost=65943.45..773783.96 rows=38 width=0) (actual time=11820.865..11971.758 rows=4 loops=1)
  ->  Hash Join  (cost=65943.02..773584.33 rows=241 width=8) (actual time=11820.800..11971.584 rows=4 loops=1)
        Hash Cond: (ci.movie_id = mc.movie_id)
        ->  Seq Scan on cast_info ci  (cost=0.00..705507.15 rows=500 width=4) (actual time=79.823..10360.501 rows=3 loops=1)
              Filter: (person_id = 410760)
              Rows Removed by Filter: 36244341
        ->  Hash  (cost=57926.93..57926.93 rows=488567 width=4) (actual time=1413.484..1413.484 rows=804952 loops=1)
              Buckets: 131072 (originally 131072)  Batches: 16 (originally 8)  Memory Usage: 3073kB
              ->  Seq Scan on movie_companies mc  (cost=0.00..57926.93 rows=488567 width=4) (actual time=345.055..1163.578 rows=804952 loops=1)
                    Filter: ((company_id > 17790) AND (company_type_id > 1))
                    Rows Removed by Filter: 1804177
  ->  Index Scan using title_pkey on title t  (cost=0.43..0.82 rows=1 width=4) (actual time=0.032..0.033 rows=1 loops=4)
        Index Cond: (id = mc.movie_id)
        Filter: (kind_id < 7)
Planning time: 1.061 ms
Execution time: 11972.123 ms
