Nested Loop  (cost=0.43..83072.29 rows=175 width=0) (actual time=4.072..1223.723 rows=23 loops=1)
  ->  Seq Scan on movie_keyword mk  (cost=0.00..81003.12 rows=246 width=4) (actual time=4.030..1219.621 rows=54 loops=1)
        Filter: (keyword_id = 8203)
        Rows Removed by Filter: 4523876
  ->  Index Scan using title_pkey on title t  (cost=0.43..8.40 rows=1 width=4) (actual time=0.071..0.071 rows=0 loops=54)
        Index Cond: (id = mk.movie_id)
        Filter: (production_year > 1988)
        Rows Removed by Filter: 1
Planning time: 9.768 ms
Execution time: 1223.838 ms
