Seq Scan on movie_keyword mk  (cost=0.00..81003.12 rows=2505706 width=0) (actual time=0.015..1434.003 rows=2500447 loops=1)
  Filter: (keyword_id > 3624)
  Rows Removed by Filter: 2023483
Planning time: 1.752 ms
Execution time: 1738.405 ms
