Hash Join  (cost=160910.50..515454.01 rows=8168 width=0) (actual time=4175.829..8605.236 rows=927007 loops=1)
  Hash Cond: (mi.movie_id = t.id)
  ->  Seq Scan on movie_info mi  (cost=0.00..346232.03 rows=2194617 width=4) (actual time=1412.730..5275.367 rows=2233850 loops=1)
        Filter: (info_type_id > 16)
        Rows Removed by Filter: 12601870
  ->  Hash  (cost=160792.87..160792.87 rows=9410 width=8) (actual time=2718.381..2718.381 rows=38624 loops=1)
        Buckets: 65536 (originally 16384)  Batches: 1 (originally 1)  Memory Usage: 2021kB
        ->  Hash Join  (cost=67697.55..160792.87 rows=9410 width=8) (actual time=887.772..2705.778 rows=38624 loops=1)
              Hash Cond: (mk.movie_id = t.id)
              ->  Seq Scan on movie_keyword mk  (cost=0.00..81003.12 rows=3199493 width=4) (actual time=0.032..1346.615 rows=3179096 loops=1)
                    Filter: (keyword_id > 1749)
                    Rows Removed by Filter: 1344834
              ->  Hash  (cost=67604.59..67604.59 rows=7437 width=4) (actual time=887.511..887.511 rows=23799 loops=1)
                    Buckets: 32768 (originally 8192)  Batches: 1 (originally 1)  Memory Usage: 1093kB
                    ->  Seq Scan on title t  (cost=0.00..67604.59 rows=7437 width=4) (actual time=0.102..877.528 rows=23799 loops=1)
                          Filter: (production_year = 1991)
                          Rows Removed by Filter: 2504513
Planning time: 2.981 ms
Execution time: 8714.053 ms
