Hash Join  (cost=156209.36..250041.74 rows=148617 width=0) (actual time=3416.257..6053.591 rows=644854 loops=1)
  Hash Cond: (mk.movie_id = t.id)
  ->  Seq Scan on movie_keyword mk  (cost=0.00..81003.12 rows=827489 width=4) (actual time=0.014..1455.322 rows=835704 loops=1)
        Filter: (keyword_id > 22019)
        Rows Removed by Filter: 3688226
  ->  Hash  (cost=148758.81..148758.81 rows=454124 width=8) (actual time=3415.345..3415.345 rows=459925 loops=1)
        Buckets: 131072  Batches: 8  Memory Usage: 3284kB
        ->  Hash Join  (cost=102767.86..148758.81 rows=454124 width=8) (actual time=1976.315..3264.080 rows=459925 loops=1)
              Hash Cond: (mi_idx.movie_id = t.id)
              ->  Seq Scan on movie_info_idx mi_idx  (cost=0.00..25185.44 rows=454124 width=4) (actual time=0.009..452.219 rows=459925 loops=1)
                    Filter: (info_type_id = 100)
                    Rows Removed by Filter: 920110
              ->  Hash  (cost=61283.27..61283.27 rows=2528527 width=4) (actual time=1974.956..1974.956 rows=2528312 loops=1)
                    Buckets: 131072  Batches: 64  Memory Usage: 2415kB
                    ->  Seq Scan on title t  (cost=0.00..61283.27 rows=2528527 width=4) (actual time=0.027..1147.572 rows=2528312 loops=1)
Planning time: 1.155 ms
Execution time: 6127.849 ms
