Hash Join  (cost=73950.44..156051.79 rows=227 width=0) (actual time=1016.010..2338.950 rows=1801 loops=1)
  Hash Cond: (mk.movie_id = t.id)
  ->  Seq Scan on movie_keyword mk  (cost=0.00..81003.12 rows=292255 width=4) (actual time=0.017..1260.641 rows=311486 loops=1)
        Filter: (keyword_id < 249)
        Rows Removed by Filter: 4212444
  ->  Hash  (cost=73925.90..73925.90 rows=1963 width=4) (actual time=1012.597..1012.597 rows=4860 loops=1)
        Buckets: 8192 (originally 2048)  Batches: 1 (originally 1)  Memory Usage: 235kB
        ->  Seq Scan on title t  (cost=0.00..73925.90 rows=1963 width=4) (actual time=0.045..1010.423 rows=4860 loops=1)
              Filter: ((kind_id = 1) AND (production_year = 1988))
              Rows Removed by Filter: 2523452
Planning time: 0.735 ms
Execution time: 2339.490 ms
