Seq Scan on cast_info ci  (cost=0.00..796071.18 rows=420 width=0) (actual time=7587.458..14610.185 rows=42 loops=1)
  Filter: ((role_id < 9) AND (person_id = 1862253))
  Rows Removed by Filter: 36244302
Planning time: 0.457 ms
Execution time: 14610.299 ms
