Seq Scan on movie_companies mc  (cost=0.00..51404.11 rows=1024017 width=0) (actual time=0.023..821.093 rows=1034076 loops=1)
  Filter: (company_id > 15443)
  Rows Removed by Filter: 1575053
Planning time: 0.345 ms
Execution time: 946.549 ms
