Hash Join  (cost=170909.44..971317.59 rows=677771 width=0) (actual time=5799.786..21781.584 rows=195571 loops=1)
  Hash Cond: (ci.movie_id = t.id)
  ->  Seq Scan on cast_info ci  (cost=0.00..705507.15 rows=23499554 width=4) (actual time=2928.860..13899.109 rows=23573656 loops=1)
        Filter: (role_id > 1)
        Rows Removed by Filter: 12670688
  ->  Hash  (cost=169997.85..169997.85 rows=72927 width=8) (actual time=2869.950..2869.950 rows=12555 loops=1)
        Buckets: 131072  Batches: 1  Memory Usage: 1515kB
        ->  Hash Join  (cost=82012.37..169997.85 rows=72927 width=8) (actual time=2366.465..2864.409 rows=12555 loops=1)
              Hash Cond: (mk.movie_id = t.id)
              ->  Seq Scan on movie_keyword mk  (cost=0.00..81003.12 rows=374158 width=4) (actual time=0.030..1400.768 rows=372121 loops=1)
                    Filter: (keyword_id > 45493)
                    Rows Removed by Filter: 4151809
              ->  Hash  (cost=73925.90..73925.90 rows=492837 width=4) (actual time=1235.015..1235.015 rows=379345 loops=1)
                    Buckets: 131072  Batches: 8  Memory Usage: 2683kB
                    ->  Seq Scan on title t  (cost=0.00..73925.90 rows=492837 width=4) (actual time=0.023..1108.143 rows=379345 loops=1)
                          Filter: ((production_year < 1995) AND (kind_id = 7))
                          Rows Removed by Filter: 2148967
Planning time: 1.082 ms
Execution time: 21808.365 ms
