Seq Scan on movie_keyword mk  (cost=0.00..81003.12 rows=2942552 width=0) (actual time=0.030..1473.432 rows=2927800 loops=1)
  Filter: (keyword_id < 9640)
  Rows Removed by Filter: 1596130
Planning time: 0.905 ms
Execution time: 1836.968 ms
