Hash Join  (cost=74393.18..477079.01 rows=214123 width=0) (actual time=947.854..10644.992 rows=364964 loops=1)
  Hash Cond: (mi.movie_id = t.id)
  ->  Seq Scan on movie_info mi  (cost=0.00..346232.03 rows=14483353 width=4) (actual time=0.007..6404.049 rows=14528932 loops=1)
        Filter: (info_type_id < 106)
        Rows Removed by Filter: 306788
  ->  Hash  (cost=73925.90..73925.90 rows=37382 width=4) (actual time=947.567..947.567 rows=33190 loops=1)
        Buckets: 65536  Batches: 1  Memory Usage: 1679kB
        ->  Seq Scan on title t  (cost=0.00..73925.90 rows=37382 width=4) (actual time=0.040..935.173 rows=33190 loops=1)
              Filter: ((kind_id = 1) AND (production_year = 2010))
              Rows Removed by Filter: 2495122
Planning time: 0.559 ms
Execution time: 10696.229 ms
