Hash Join  (cost=98969.27..1459412.23 rows=27388978 width=0) (actual time=1878.933..43444.000 rows=29212066 loops=1)
  Hash Cond: (ci.movie_id = t.id)
  ->  Seq Scan on cast_info ci  (cost=0.00..614943.12 rows=36225612 width=4) (actual time=0.013..13134.945 rows=36244344 loops=1)
  ->  Hash  (cost=67604.59..67604.59 rows=1911735 width=4) (actual time=1877.959..1877.959 rows=1903258 loops=1)
        Buckets: 131072  Batches: 32  Memory Usage: 3122kB
        ->  Seq Scan on title t  (cost=0.00..67604.59 rows=1911735 width=4) (actual time=0.014..1256.045 rows=1903258 loops=1)
              Filter: (production_year > 1982)
              Rows Removed by Filter: 625054
Planning time: 0.802 ms
Execution time: 46774.869 ms
