Hash Join  (cost=160526.42..1061326.07 rows=2266072 width=0) (actual time=4416.288..24058.186 rows=5231793 loops=1)
  Hash Cond: (ci.movie_id = t.id)
  ->  Seq Scan on cast_info ci  (cost=0.00..796071.18 rows=6813535 width=4) (actual time=1181.686..13563.704 rows=10513824 loops=1)
        Filter: ((person_id > 2658359) AND (role_id > 1))
        Rows Removed by Filter: 25730520
  ->  Hash  (cost=146729.58..146729.58 rows=840947 width=8) (actual time=3233.283..3233.283 rows=425718 loops=1)
        Buckets: 131072  Batches: 16  Memory Usage: 2062kB
        ->  Hash Join  (cost=92883.59..146729.58 rows=840947 width=8) (actual time=1836.184..3104.631 rows=425718 loops=1)
              Hash Cond: (mi_idx.movie_id = t.id)
              ->  Seq Scan on movie_info_idx mi_idx  (cost=0.00..21735.35 rows=1380035 width=4) (actual time=0.019..434.430 rows=1380035 loops=1)
              ->  Hash  (cost=67604.59..67604.59 rows=1540800 width=4) (actual time=1635.051..1635.051 rows=1543264 loops=1)
                    Buckets: 131072  Batches: 32  Memory Usage: 2722kB
                    ->  Seq Scan on title t  (cost=0.00..67604.59 rows=1540800 width=4) (actual time=0.017..1158.025 rows=1543264 loops=1)
                          Filter: (kind_id = 7)
                          Rows Removed by Filter: 985048
Planning time: 1.277 ms
Execution time: 24652.623 ms
