Hash Join  (cost=160526.42..280477.51 rows=796648 width=0) (actual time=3164.281..5982.870 rows=650880 loops=1)
  Hash Cond: (mk.movie_id = t.id)
  ->  Seq Scan on movie_keyword mk  (cost=0.00..81003.12 rows=2395330 width=4) (actual time=0.023..1551.639 rows=2389057 loops=1)
        Filter: (keyword_id > 3945)
        Rows Removed by Filter: 2134873
  ->  Hash  (cost=146729.58..146729.58 rows=840947 width=8) (actual time=3162.788..3162.788 rows=425718 loops=1)
        Buckets: 131072  Batches: 16  Memory Usage: 2068kB
        ->  Hash Join  (cost=92883.59..146729.58 rows=840947 width=8) (actual time=1709.941..3056.413 rows=425718 loops=1)
              Hash Cond: (mi_idx.movie_id = t.id)
              ->  Seq Scan on movie_info_idx mi_idx  (cost=0.00..21735.35 rows=1380035 width=4) (actual time=0.018..439.718 rows=1380035 loops=1)
              ->  Hash  (cost=67604.59..67604.59 rows=1540800 width=4) (actual time=1708.729..1708.729 rows=1543264 loops=1)
                    Buckets: 131072  Batches: 32  Memory Usage: 2722kB
                    ->  Seq Scan on title t  (cost=0.00..67604.59 rows=1540800 width=4) (actual time=314.947..1217.993 rows=1543264 loops=1)
                          Filter: (kind_id = 7)
                          Rows Removed by Filter: 985048
Planning time: 1.132 ms
Execution time: 6063.195 ms
