Seq Scan on title t  (cost=0.00..73925.90 rows=128166 width=0) (actual time=0.010..1133.924 rows=261073 loops=1)
  Filter: ((kind_id < 2) AND (production_year < 1978))
  Rows Removed by Filter: 2267239
Planning time: 0.329 ms
Execution time: 1168.041 ms
