Hash Join  (cost=102767.86..1062377.34 rows=10149559 width=0) (actual time=2362.899..23947.341 rows=9953004 loops=1)
  Hash Cond: (ci.movie_id = t.id)
  ->  Seq Scan on cast_info ci  (cost=0.00..705507.15 rows=10149559 width=4) (actual time=0.014..12960.577 rows=9953004 loops=1)
        Filter: (person_id < 979794)
        Rows Removed by Filter: 26291340
  ->  Hash  (cost=61283.27..61283.27 rows=2528527 width=4) (actual time=2361.863..2361.863 rows=2528312 loops=1)
        Buckets: 131072  Batches: 64  Memory Usage: 2415kB
        ->  Seq Scan on title t  (cost=0.00..61283.27 rows=2528527 width=4) (actual time=0.007..1258.897 rows=2528312 loops=1)
Planning time: 0.755 ms
Execution time: 25170.508 ms
