Hash Join  (cost=263223.43..1702971.88 rows=35109027 width=0) (actual time=6437.891..61632.096 rows=76500208 loops=1)
  Hash Cond: (ci.movie_id = t.id)
  ->  Seq Scan on cast_info ci  (cost=0.00..614943.12 rows=36225612 width=4) (actual time=0.023..13208.623 rows=36244344 loops=1)
  ->  Hash  (cost=223018.06..223018.06 rows=2450590 width=8) (actual time=6436.479..6436.479 rows=2447019 loops=1)
        Buckets: 131072  Batches: 64  Memory Usage: 2515kB
        ->  Hash Join  (cost=102767.86..223018.06 rows=2450590 width=8) (actual time=1981.489..5713.654 rows=2447019 loops=1)
              Hash Cond: (mc.movie_id = t.id)
              ->  Seq Scan on movie_companies mc  (cost=0.00..51404.11 rows=2450590 width=4) (actual time=0.016..1163.551 rows=2447019 loops=1)
                    Filter: (company_id > 27)
                    Rows Removed by Filter: 162110
              ->  Hash  (cost=61283.27..61283.27 rows=2528527 width=4) (actual time=1980.665..1980.665 rows=2528312 loops=1)
                    Buckets: 131072  Batches: 64  Memory Usage: 2415kB
                    ->  Seq Scan on title t  (cost=0.00..61283.27 rows=2528527 width=4) (actual time=0.021..1126.380 rows=2528312 loops=1)
Planning time: 22.189 ms
Execution time: 70516.706 ms
