Hash Join  (cost=113349.02..205454.55 rows=44002 width=0) (actual time=2199.323..3788.981 rows=54752 loops=1)
  Hash Cond: (mk.movie_id = t.id)
  ->  Seq Scan on movie_keyword mk  (cost=0.00..81003.12 rows=879301 width=4) (actual time=0.014..1316.676 rows=886497 loops=1)
        Filter: (keyword_id > 20802)
        Rows Removed by Filter: 3637433
  ->  Hash  (cost=111272.36..111272.36 rows=126533 width=8) (actual time=2198.416..2198.416 rows=69471 loops=1)
        Buckets: 131072  Batches: 2  Memory Usage: 2383kB
        ->  Hash Join  (cost=71408.55..111272.36 rows=126533 width=8) (actual time=1141.371..2174.794 rows=69471 loops=1)
              Hash Cond: (mi_idx.movie_id = t.id)
              ->  Seq Scan on movie_info_idx mi_idx  (cost=0.00..21735.35 rows=1380035 width=4) (actual time=0.014..417.801 rows=1380035 loops=1)
              ->  Hash  (cost=67604.59..67604.59 rows=231837 width=4) (actual time=1140.642..1140.642 rows=231649 loops=1)
                    Buckets: 131072  Batches: 4  Memory Usage: 3076kB
                    ->  Seq Scan on title t  (cost=0.00..67604.59 rows=231837 width=4) (actual time=0.017..1061.025 rows=231649 loops=1)
                          Filter: (production_year > 2011)
                          Rows Removed by Filter: 2296663
Planning time: 1.126 ms
Execution time: 3795.095 ms
