Seq Scan on cast_info ci  (cost=0.00..705507.15 rows=28996709 width=0) (actual time=0.024..13405.877 rows=28953384 loops=1)
  Filter: (person_id < 2940135)
  Rows Removed by Filter: 7290960
Planning time: 0.357 ms
Execution time: 17084.878 ms
