Seq Scan on movie_companies mc  (cost=0.00..57926.93 rows=898035 width=0) (actual time=176.588..1126.168 rows=1208383 loops=1)
  Filter: ((company_id < 32244) AND (company_type_id = 1))
  Rows Removed by Filter: 1400746
Planning time: 0.412 ms
Execution time: 1287.272 ms
