Seq Scan on cast_info ci  (cost=0.00..796071.18 rows=8306894 width=0) (actual time=0.035..12944.051 rows=3542001 loops=1)
  Filter: ((person_id < 1259635) AND (role_id > 1))
  Rows Removed by Filter: 32702343
Planning time: 0.371 ms
Execution time: 13363.495 ms
