Hash Join  (cost=77434.04..132665.80 rows=20378 width=0) (actual time=1621.936..2275.011 rows=71167 loops=1)
  Hash Cond: (mc.movie_id = t.id)
  ->  Seq Scan on movie_companies mc  (cost=0.00..51404.11 rows=241031 width=4) (actual time=376.655..812.436 rows=243447 loops=1)
        Filter: (company_id > 102314)
        Rows Removed by Filter: 2365682
  ->  Hash  (cost=73925.90..73925.90 rows=213771 width=4) (actual time=1244.429..1244.429 rows=345524 loops=1)
        Buckets: 131072  Batches: 4  Memory Usage: 4064kB
        ->  Seq Scan on title t  (cost=0.00..73925.90 rows=213771 width=4) (actual time=0.029..1095.077 rows=345524 loops=1)
              Filter: ((kind_id < 3) AND (production_year < 1991))
              Rows Removed by Filter: 2182788
Planning time: 0.943 ms
Execution time: 2285.198 ms
