Hash Join  (cost=93093.72..147059.64 rows=847939 width=0) (actual time=1676.313..3052.307 rows=442380 loops=1)
  Hash Cond: (mi_idx.movie_id = t.id)
  ->  Seq Scan on movie_info_idx mi_idx  (cost=0.00..21735.35 rows=1380035 width=4) (actual time=0.013..425.180 rows=1380035 loops=1)
  ->  Hash  (cost=67604.59..67604.59 rows=1553611 width=4) (actual time=1675.073..1675.073 rows=1555864 loops=1)
        Buckets: 131072  Batches: 32  Memory Usage: 2734kB
        ->  Seq Scan on title t  (cost=0.00..67604.59 rows=1553611 width=4) (actual time=0.005..1165.287 rows=1555864 loops=1)
              Filter: (kind_id > 4)
              Rows Removed by Filter: 972448
Planning time: 0.525 ms
Execution time: 3100.271 ms
