Hash Join  (cost=237965.90..328593.07 rows=1129965 width=0) (actual time=5073.836..9136.503 rows=7400760 loops=1)
  Hash Cond: (mc.movie_id = t.id)
  ->  Seq Scan on movie_companies mc  (cost=0.00..44881.29 rows=2609129 width=4) (actual time=0.025..950.116 rows=2609129 loops=1)
  ->  Hash  (cost=219999.68..219999.68 rows=1095058 width=8) (actual time=5072.648..5072.648 rows=1102686 loops=1)
        Buckets: 131072  Batches: 16  Memory Usage: 3745kB
        ->  Hash Join  (cost=102767.86..219999.68 rows=1095058 width=8) (actual time=1894.275..4754.542 rows=1102686 loops=1)
              Hash Cond: (mk.movie_id = t.id)
              ->  Seq Scan on movie_keyword mk  (cost=0.00..81003.12 rows=1095058 width=4) (actual time=0.023..1542.235 rows=1102686 loops=1)
                    Filter: (keyword_id < 1135)
                    Rows Removed by Filter: 3421244
              ->  Hash  (cost=61283.27..61283.27 rows=2528527 width=4) (actual time=1893.439..1893.439 rows=2528312 loops=1)
                    Buckets: 131072  Batches: 64  Memory Usage: 2425kB
                    ->  Seq Scan on title t  (cost=0.00..61283.27 rows=2528527 width=4) (actual time=0.010..1037.645 rows=2528312 loops=1)
Planning time: 1.142 ms
Execution time: 9980.825 ms
