Seq Scan on movie_companies mc  (cost=0.00..51404.11 rows=2109446 width=0) (actual time=0.047..1075.368 rows=2111021 loops=1)
  Filter: (company_id > 439)
  Rows Removed by Filter: 498108
Planning time: 0.384 ms
Execution time: 1346.779 ms
