Hash Join  (cost=115016.89..170269.34 rows=58693 width=0) (actual time=2294.687..3548.751 rows=89823 loops=1)
  Hash Cond: (mc.movie_id = t.id)
  ->  Seq Scan on movie_companies mc  (cost=0.00..44881.29 rows=2609129 width=4) (actual time=0.024..600.400 rows=2609129 loops=1)
  ->  Hash  (cost=114305.89..114305.89 rows=56880 width=8) (actual time=2293.414..2293.414 rows=34152 loops=1)
        Buckets: 65536  Batches: 1  Memory Usage: 1847kB
        ->  Hash Join  (cost=75636.60..114305.89 rows=56880 width=8) (actual time=1355.461..2281.303 rows=34152 loops=1)
              Hash Cond: (mi_idx.movie_id = t.id)
              ->  Seq Scan on movie_info_idx mi_idx  (cost=0.00..21735.35 rows=1380035 width=4) (actual time=0.020..461.169 rows=1380035 loops=1)
              ->  Hash  (cost=73925.90..73925.90 rows=104216 width=4) (actual time=1354.545..1354.545 rows=108513 loops=1)
                    Buckets: 131072  Batches: 2  Memory Usage: 2931kB
                    ->  Seq Scan on title t  (cost=0.00..73925.90 rows=104216 width=4) (actual time=0.016..1309.811 rows=108513 loops=1)
                          Filter: ((kind_id > 1) AND (production_year = 2010))
                          Rows Removed by Filter: 2419799
Planning time: 1.101 ms
Execution time: 3561.694 ms
