Seq Scan on cast_info ci  (cost=0.00..796071.18 rows=5582909 width=0) (actual time=4341.841..14082.554 rows=8395375 loops=1)
  Filter: ((person_id > 1957023) AND (role_id > 3))
  Rows Removed by Filter: 27848969
Planning time: 0.886 ms
Execution time: 15144.758 ms
