Seq Scan on title t  (cost=0.00..73925.90 rows=48187 width=0) (actual time=0.071..974.151 rows=42764 loops=1)
  Filter: ((kind_id < 3) AND (production_year = 2011))
  Rows Removed by Filter: 2485548
Planning time: 0.365 ms
Execution time: 981.027 ms
