Seq Scan on cast_info ci  (cost=0.00..705507.15 rows=29161731 width=0) (actual time=0.014..14341.307 rows=29110320 loops=1)
  Filter: (person_id < 2953832)
  Rows Removed by Filter: 7134024
Planning time: 0.320 ms
Execution time: 17966.348 ms
