Hash Join  (cost=190230.21..322784.31 rows=1480187 width=0) (actual time=4525.720..10006.500 rows=6249556 loops=1)
  Hash Cond: (mk.movie_id = t.id)
  ->  Seq Scan on movie_keyword mk  (cost=0.00..81003.12 rows=2712028 width=4) (actual time=0.019..1769.542 rows=2709665 loops=1)
        Filter: (keyword_id < 7658)
        Rows Removed by Filter: 1814265
  ->  Hash  (cost=167588.78..167588.78 rows=1380035 width=8) (actual time=4522.863..4522.863 rows=1380035 loops=1)
        Buckets: 131072  Batches: 32  Memory Usage: 2726kB
        ->  Hash Join  (cost=102767.86..167588.78 rows=1380035 width=8) (actual time=2059.925..4080.418 rows=1380035 loops=1)
              Hash Cond: (mi_idx.movie_id = t.id)
              ->  Seq Scan on movie_info_idx mi_idx  (cost=0.00..21735.35 rows=1380035 width=4) (actual time=0.022..446.818 rows=1380035 loops=1)
              ->  Hash  (cost=61283.27..61283.27 rows=2528527 width=4) (actual time=2058.662..2058.662 rows=2528312 loops=1)
                    Buckets: 131072  Batches: 64  Memory Usage: 2415kB
                    ->  Seq Scan on title t  (cost=0.00..61283.27 rows=2528527 width=4) (actual time=0.018..1206.692 rows=2528312 loops=1)
Planning time: 0.768 ms
Execution time: 10813.073 ms
