Nested Loop  (cost=0.43..58375.18 rows=53 width=0) (actual time=1.049..951.195 rows=573 loops=1)
  ->  Seq Scan on movie_companies mc  (cost=0.00..57926.93 rows=53 width=4) (actual time=0.995..927.104 rows=573 loops=1)
        Filter: ((company_type_id > 1) AND (company_id = 11208))
        Rows Removed by Filter: 2608556
  ->  Index Only Scan using title_pkey on title t  (cost=0.43..8.45 rows=1 width=4) (actual time=0.041..0.041 rows=1 loops=573)
        Index Cond: (id = mc.movie_id)
        Heap Fetches: 573
Planning time: 0.829 ms
Execution time: 951.439 ms
