Seq Scan on movie_companies mc  (cost=0.00..51404.11 rows=2485682 width=0) (actual time=0.024..1013.047 rows=2486279 loops=1)
  Filter: (company_id < 144826)
  Rows Removed by Filter: 122850
Planning time: 0.365 ms
Execution time: 1333.743 ms
