Seq Scan on movie_keyword mk  (cost=0.00..81003.12 rows=3726587 width=0) (actual time=0.028..1526.172 rows=3723563 loops=1)
  Filter: (keyword_id < 23107)
  Rows Removed by Filter: 800367
Planning time: 0.338 ms
Execution time: 1981.286 ms
