Seq Scan on movie_companies mc  (cost=0.00..51404.11 rows=2496446 width=0) (actual time=0.020..1083.973 rows=2496330 loops=1)
  Filter: (company_id < 150342)
  Rows Removed by Filter: 112799
Planning time: 2.266 ms
Execution time: 1394.932 ms
