Hash Join  (cost=709678.15..738311.87 rows=182 width=0) (actual time=11494.763..12076.682 rows=767 loops=1)
  Hash Cond: (mi_idx.movie_id = t.id)
  ->  Seq Scan on movie_info_idx mi_idx  (cost=0.00..25185.44 rows=919057 width=4) (actual time=0.019..457.735 rows=920110 loops=1)
        Filter: (info_type_id > 99)
        Rows Removed by Filter: 459925
  ->  Hash  (cost=709671.90..709671.90 rows=500 width=8) (actual time=11493.443..11493.443 rows=649 loops=1)
        Buckets: 1024  Batches: 1  Memory Usage: 34kB
        ->  Nested Loop  (cost=0.43..709671.90 rows=500 width=8) (actual time=1091.334..11493.149 rows=649 loops=1)
              ->  Seq Scan on cast_info ci  (cost=0.00..705507.15 rows=500 width=4) (actual time=1091.240..11476.032 rows=649 loops=1)
                    Filter: (person_id = 81973)
                    Rows Removed by Filter: 36243695
              ->  Index Only Scan using title_pkey on title t  (cost=0.43..8.32 rows=1 width=4) (actual time=0.025..0.026 rows=1 loops=649)
                    Index Cond: (id = ci.movie_id)
                    Heap Fetches: 649
Planning time: 1.251 ms
Execution time: 12076.922 ms
