Seq Scan on movie_companies mc  (cost=0.00..51404.11 rows=1869287 width=0) (actual time=0.028..1067.733 rows=1874047 loops=1)
  Filter: (company_id > 1434)
  Rows Removed by Filter: 735082
Planning time: 0.383 ms
Execution time: 1302.557 ms
