Hash Join  (cost=199487.41..1261055.59 rows=2702795 width=0) (actual time=4282.168..32792.057 rows=10491345 loops=1)
  Hash Cond: (ci.movie_id = t.id)
  ->  Seq Scan on cast_info ci  (cost=0.00..614943.12 rows=36225612 width=4) (actual time=0.007..13152.779 rows=36244344 loops=1)
  ->  Hash  (cost=196392.23..196392.23 rows=188654 width=8) (actual time=4281.147..4281.147 rows=176465 loops=1)
        Buckets: 131072  Batches: 4  Memory Usage: 2680kB
        ->  Hash Join  (cost=69694.50..196392.23 rows=188654 width=8) (actual time=1021.159..4221.882 rows=176465 loops=1)
              Hash Cond: (mk.movie_id = t.id)
              ->  Seq Scan on movie_keyword mk  (cost=0.00..81003.12 rows=3745618 width=4) (actual time=0.034..1823.172 rows=3742364 loops=1)
                    Filter: (keyword_id > 745)
                    Rows Removed by Filter: 781566
              ->  Hash  (cost=67604.59..67604.59 rows=127353 width=4) (actual time=1020.335..1020.335 rows=128696 loops=1)
                    Buckets: 131072  Batches: 2  Memory Usage: 3290kB
                    ->  Seq Scan on title t  (cost=0.00..67604.59 rows=127353 width=4) (actual time=0.035..971.772 rows=128696 loops=1)
                          Filter: (production_year = 2009)
                          Rows Removed by Filter: 2399616
Planning time: 1.143 ms
Execution time: 33867.739 ms
