Hash Join  (cost=583046.46..783239.11 rows=5489479 width=0) (actual time=10506.670..22483.101 rows=36413233 loops=1)
  Hash Cond: (mk.movie_id = t.id)
  ->  Seq Scan on movie_keyword mk  (cost=0.00..69693.30 rows=4523930 width=4) (actual time=0.019..1492.442 rows=4523930 loops=1)
  ->  Hash  (cost=532708.04..532708.04 rows=3068194 width=8) (actual time=10505.569..10505.569 rows=3036719 loops=1)
        Buckets: 131072  Batches: 64  Memory Usage: 2960kB
        ->  Hash Join  (cost=102767.86..532708.04 rows=3068194 width=8) (actual time=4655.578..9683.864 rows=3036719 loops=1)
              Hash Cond: (mi.movie_id = t.id)
              ->  Seq Scan on movie_info mi  (cost=0.00..346232.03 rows=3068194 width=4) (actual time=2288.825..4561.661 rows=3036719 loops=1)
                    Filter: (info_type_id = 16)
                    Rows Removed by Filter: 11799001
              ->  Hash  (cost=61283.27..61283.27 rows=2528527 width=4) (actual time=2364.848..2364.848 rows=2528312 loops=1)
                    Buckets: 131072  Batches: 64  Memory Usage: 2425kB
                    ->  Seq Scan on title t  (cost=0.00..61283.27 rows=2528527 width=4) (actual time=0.026..1079.979 rows=2528312 loops=1)
Planning time: 1.174 ms
Execution time: 26517.201 ms
