Seq Scan on cast_info ci  (cost=0.00..796071.18 rows=176 width=0) (actual time=622.874..11010.939 rows=327 loops=1)
  Filter: ((person_id = 881973) AND (role_id = 1))
  Rows Removed by Filter: 36244017
Planning time: 2.515 ms
Execution time: 11011.143 ms
