Hash Join  (cost=78556.72..158210.91 rows=476608 width=0) (actual time=1295.209..3530.054 rows=1134504 loops=1)
  Hash Cond: (mc.movie_id = t.id)
  ->  Seq Scan on movie_companies mc  (cost=0.00..51404.11 rows=1805332 width=4) (actual time=0.021..1045.460 rows=1810713 loops=1)
        Filter: (company_id > 1736)
        Rows Removed by Filter: 798416
  ->  Hash  (cost=67604.59..67604.59 rows=667531 width=4) (actual time=1280.460..1280.460 rows=662825 loops=1)
        Buckets: 131072  Batches: 16  Memory Usage: 2476kB
        ->  Seq Scan on title t  (cost=0.00..67604.59 rows=667531 width=4) (actual time=468.327..1078.425 rows=662825 loops=1)
              Filter: (kind_id < 2)
              Rows Removed by Filter: 1865487
Planning time: 0.854 ms
Execution time: 3652.935 ms
