Hash Join  (cost=119900.15..1172857.31 rows=1864500 width=0) (actual time=2333.126..30357.036 rows=4828733 loops=1)
  Hash Cond: (ci.movie_id = t.id)
  ->  Seq Scan on cast_info ci  (cost=0.00..614943.12 rows=36225612 width=4) (actual time=0.019..12809.702 rows=36244344 loops=1)
  ->  Hash  (cost=117764.38..117764.38 rows=130141 width=8) (actual time=2332.369..2332.369 rows=151616 loops=1)
        Buckets: 131072  Batches: 2  Memory Usage: 3974kB
        ->  Hash Join  (cost=77838.49..117764.38 rows=130141 width=8) (actual time=1226.972..2284.871 rows=151616 loops=1)
              Hash Cond: (mi_idx.movie_id = t.id)
              ->  Seq Scan on movie_info_idx mi_idx  (cost=0.00..21735.35 rows=1380035 width=4) (actual time=0.025..467.104 rows=1380035 loops=1)
              ->  Hash  (cost=73925.90..73925.90 rows=238447 width=4) (actual time=1226.160..1226.160 rows=200165 loops=1)
                    Buckets: 131072  Batches: 4  Memory Usage: 2784kB
                    ->  Seq Scan on title t  (cost=0.00..73925.90 rows=238447 width=4) (actual time=2.266..1160.928 rows=200165 loops=1)
                          Filter: ((production_year > 2006) AND (kind_id = 1))
                          Rows Removed by Filter: 2328147
Planning time: 0.911 ms
Execution time: 30942.780 ms
