Seq Scan on cast_info ci  (cost=0.00..705507.15 rows=29910451 width=0) (actual time=0.031..13142.274 rows=29850750 loops=1)
  Filter: (person_id < 3014820)
  Rows Removed by Filter: 6393594
Planning time: 0.367 ms
Execution time: 16830.586 ms
