Hash Join  (cost=157087.54..279132.37 rows=385152 width=0) (actual time=3665.185..7748.394 rows=3853927 loops=1)
  Hash Cond: (mk.movie_id = t.id)
  ->  Seq Scan on movie_keyword mk  (cost=0.00..81003.12 rows=3110451 width=4) (actual time=0.020..1749.887 rows=3091855 loops=1)
        Filter: (keyword_id > 1969)
        Rows Removed by Filter: 1432075
  ->  Hash  (cost=151949.85..151949.85 rows=313095 width=8) (actual time=3663.796..3663.796 rows=561739 loops=1)
        Buckets: 131072  Batches: 8  Memory Usage: 3769kB
        ->  Hash Join  (cost=72583.38..151949.85 rows=313095 width=8) (actual time=1249.010..3476.107 rows=561739 loops=1)
              Hash Cond: (mc.movie_id = t.id)
              ->  Seq Scan on movie_companies mc  (cost=0.00..44881.29 rows=2609129 width=4) (actual time=0.020..818.963 rows=2609129 loops=1)
              ->  Hash  (cost=67604.59..67604.59 rows=303423 width=4) (actual time=1248.199..1248.199 rows=296471 loops=1)
                    Buckets: 131072  Batches: 4  Memory Usage: 3625kB
                    ->  Seq Scan on title t  (cost=0.00..67604.59 rows=303423 width=4) (actual time=0.015..1141.434 rows=296471 loops=1)
                          Filter: (production_year < 1965)
                          Rows Removed by Filter: 2231841
Planning time: 1.135 ms
Execution time: 8224.897 ms
