Hash Join  (cost=156209.36..276689.41 rows=506900 width=0) (actual time=3879.341..7591.281 rows=2159629 loops=1)
  Hash Cond: (mk.movie_id = t.id)
  ->  Seq Scan on movie_keyword mk  (cost=0.00..81003.12 rows=2822379 width=4) (actual time=0.015..1322.752 rows=2811934 loops=1)
        Filter: (keyword_id < 8371)
        Rows Removed by Filter: 1711996
  ->  Hash  (cost=148758.81..148758.81 rows=454124 width=8) (actual time=3878.644..3878.644 rows=459925 loops=1)
        Buckets: 131072  Batches: 8  Memory Usage: 3284kB
        ->  Hash Join  (cost=102767.86..148758.81 rows=454124 width=8) (actual time=2432.498..3737.216 rows=459925 loops=1)
              Hash Cond: (mi_idx.movie_id = t.id)
              ->  Seq Scan on movie_info_idx mi_idx  (cost=0.00..25185.44 rows=454124 width=4) (actual time=0.037..446.570 rows=459925 loops=1)
                    Filter: (info_type_id = 100)
                    Rows Removed by Filter: 920110
              ->  Hash  (cost=61283.27..61283.27 rows=2528527 width=4) (actual time=2430.860..2430.860 rows=2528312 loops=1)
                    Buckets: 131072  Batches: 64  Memory Usage: 2415kB
                    ->  Seq Scan on title t  (cost=0.00..61283.27 rows=2528527 width=4) (actual time=0.023..1018.855 rows=2528312 loops=1)
Planning time: 1.162 ms
Execution time: 7854.621 ms
