Hash Join  (cost=155271.07..642842.15 rows=727715 width=0) (actual time=3244.939..18836.093 rows=8283458 loops=1)
  Hash Cond: (mi.movie_id = t.id)
  ->  Seq Scan on movie_info mi  (cost=0.00..309384.22 rows=14739122 width=4) (actual time=0.024..6254.317 rows=14835720 loops=1)
  ->  Hash  (cost=153222.56..153222.56 rows=124841 width=8) (actual time=3244.087..3244.087 rows=440633 loops=1)
        Buckets: 131072 (originally 131072)  Batches: 8 (originally 2)  Memory Usage: 3199kB
        ->  Hash Join  (cost=86252.72..153222.56 rows=124841 width=8) (actual time=1796.475..3110.741 rows=440633 loops=1)
              Hash Cond: (mc.movie_id = t.id)
              ->  Seq Scan on movie_companies mc  (cost=0.00..57926.93 rows=420133 width=4) (actual time=276.315..965.536 rows=747591 loops=1)
                    Filter: ((company_id > 26961) AND (company_type_id > 1))
                    Rows Removed by Filter: 1861538
              ->  Hash  (cost=73925.90..73925.90 rows=751345 width=4) (actual time=1519.073..1519.073 rows=793943 loops=1)
                    Buckets: 131072  Batches: 16  Memory Usage: 2771kB
                    ->  Seq Scan on title t  (cost=0.00..73925.90 rows=751345 width=4) (actual time=0.035..1275.945 rows=793943 loops=1)
                          Filter: ((kind_id < 7) AND (production_year < 2010))
                          Rows Removed by Filter: 1734369
Planning time: 1.218 ms
Execution time: 19807.563 ms
