Hash Join  (cost=102767.86..980694.69 rows=2991240 width=0) (actual time=4763.723..21389.747 rows=6604957 loops=1)
  Hash Cond: (ci.movie_id = t.id)
  ->  Seq Scan on cast_info ci  (cost=0.00..796071.18 rows=2991240 width=4) (actual time=2840.486..13642.224 rows=6604957 loops=1)
        Filter: ((person_id > 2554037) AND (role_id > 4))
        Rows Removed by Filter: 29639387
  ->  Hash  (cost=61283.27..61283.27 rows=2528527 width=4) (actual time=1922.286..1922.286 rows=2528312 loops=1)
        Buckets: 131072  Batches: 64  Memory Usage: 2415kB
        ->  Seq Scan on title t  (cost=0.00..61283.27 rows=2528527 width=4) (actual time=0.016..1085.856 rows=2528312 loops=1)
Planning time: 0.763 ms
Execution time: 22172.054 ms
