Hash Join  (cost=98137.04..1039654.96 rows=5041406 width=0) (actual time=2108.898..16610.504 rows=490783 loops=1)
  Hash Cond: (ci.movie_id = t.id)
  ->  Seq Scan on cast_info ci  (cost=0.00..796071.18 rows=6849736 width=4) (actual time=0.026..13682.678 rows=701850 loops=1)
        Filter: ((person_id > 1641776) AND (role_id < 2))
        Rows Removed by Filter: 35542494
  ->  Hash  (cost=67604.59..67604.59 rows=1860996 width=4) (actual time=2107.593..2107.593 rows=1865487 loops=1)
        Buckets: 131072  Batches: 32  Memory Usage: 3079kB
        ->  Seq Scan on title t  (cost=0.00..67604.59 rows=1860996 width=4) (actual time=0.017..1382.893 rows=1865487 loops=1)
              Filter: (kind_id > 1)
              Rows Removed by Filter: 662825
Planning time: 0.810 ms
Execution time: 16665.758 ms
