Hash Join  (cost=67697.55..122439.81 rows=7674 width=0) (actual time=1175.751..2419.330 rows=19938 loops=1)
  Hash Cond: (mc.movie_id = t.id)
  ->  Seq Scan on movie_companies mc  (cost=0.00..44881.29 rows=2609129 width=4) (actual time=0.015..636.180 rows=2609129 loops=1)
  ->  Hash  (cost=67604.59..67604.59 rows=7437 width=4) (actual time=1173.621..1173.621 rows=15489 loops=1)
        Buckets: 16384 (originally 8192)  Batches: 1 (originally 1)  Memory Usage: 673kB
        ->  Seq Scan on title t  (cost=0.00..67604.59 rows=7437 width=4) (actual time=0.021..1166.129 rows=15489 loops=1)
              Filter: (production_year = 1983)
              Rows Removed by Filter: 2512823
Planning time: 0.716 ms
Execution time: 2422.690 ms
