Hash Join  (cost=126353.80..253404.18 rows=414335 width=0) (actual time=3244.130..6466.362 rows=404634 loops=1)
  Hash Cond: (mk.movie_id = t.id)
  ->  Seq Scan on movie_keyword mk  (cost=0.00..69693.30 rows=4523930 width=4) (actual time=0.019..1356.372 rows=4523930 loops=1)
  ->  Hash  (cost=122554.03..122554.03 rows=231581 width=8) (actual time=3240.164..3240.164 rows=125883 loops=1)
        Buckets: 131072  Batches: 4  Memory Usage: 2264kB
        ->  Hash Join  (cost=80887.74..122554.03 rows=231581 width=8) (actual time=2127.066..3202.268 rows=125883 loops=1)
              Hash Cond: (mi_idx.movie_id = t.id)
              ->  Seq Scan on movie_info_idx mi_idx  (cost=0.00..21735.35 rows=1380035 width=4) (actual time=0.012..447.352 rows=1380035 loops=1)
              ->  Hash  (cost=73925.90..73925.90 rows=424307 width=4) (actual time=2125.897..2125.897 rows=281315 loops=1)
                    Buckets: 131072  Batches: 8  Memory Usage: 2250kB
                    ->  Seq Scan on title t  (cost=0.00..73925.90 rows=424307 width=4) (actual time=0.017..1393.557 rows=281315 loops=1)
                          Filter: ((kind_id > 1) AND (production_year < 1984))
                          Rows Removed by Filter: 2246997
Planning time: 1.166 ms
Execution time: 6520.564 ms
