Seq Scan on movie_companies mc  (cost=0.00..51404.11 rows=52522 width=0) (actual time=156.627..745.184 rows=51415 loops=1)
  Filter: (company_id > 190352)
  Rows Removed by Filter: 2557714
Planning time: 0.346 ms
Execution time: 751.951 ms
