Seq Scan on movie_companies mc  (cost=0.00..51404.11 rows=104 width=0) (actual time=233.188..851.020 rows=477 loops=1)
  Filter: (company_id = 1671)
  Rows Removed by Filter: 2608652
Planning time: 0.440 ms
Execution time: 851.233 ms
