Seq Scan on movie_companies mc  (cost=0.00..51404.11 rows=104 width=0) (actual time=425.610..944.701 rows=4 loops=1)
  Filter: (company_id = 66964)
  Rows Removed by Filter: 2609125
Planning time: 0.384 ms
Execution time: 944.780 ms
