Hash Join  (cost=79841.74..582073.44 rows=2101677 width=0) (actual time=1136.482..13829.837 rows=1056224 loops=1)
  Hash Cond: (mi.movie_id = t.id)
  ->  Seq Scan on movie_info mi  (cost=0.00..309384.22 rows=14739122 width=4) (actual time=0.014..5934.109 rows=14835720 loops=1)
  ->  Hash  (cost=73925.90..73925.90 rows=360547 width=4) (actual time=1135.400..1135.400 rows=243152 loops=1)
        Buckets: 131072  Batches: 8  Memory Usage: 2086kB
        ->  Seq Scan on title t  (cost=0.00..73925.90 rows=360547 width=4) (actual time=0.014..1051.852 rows=243152 loops=1)
              Filter: ((production_year < 1985) AND (kind_id = 7))
              Rows Removed by Filter: 2285160
Planning time: 0.893 ms
Execution time: 13954.904 ms
