Hash Join  (cost=290694.33..1196697.82 rows=8129540 width=0) (actual time=6501.198..35433.252 rows=40168944 loops=1)
  Hash Cond: (ci.movie_id = t.id)
  ->  Seq Scan on cast_info ci  (cost=0.00..705507.15 rows=8572187 width=4) (actual time=0.012..14237.187 rows=8486314 loops=1)
        Filter: (role_id > 5)
        Rows Removed by Filter: 27758030
  ->  Hash  (cost=251351.83..251351.83 rows=2397960 width=8) (actual time=6500.091..6500.091 rows=2392773 loops=1)
        Buckets: 131072  Batches: 32  Memory Usage: 3927kB
        ->  Hash Join  (cost=102767.86..251351.83 rows=2397960 width=8) (actual time=1939.131..5802.130 rows=2392773 loops=1)
              Hash Cond: (mk.movie_id = t.id)
              ->  Seq Scan on movie_keyword mk  (cost=0.00..81003.12 rows=2397960 width=4) (actual time=0.028..1587.639 rows=2392773 loops=1)
                    Filter: (keyword_id > 3933)
                    Rows Removed by Filter: 2131157
              ->  Hash  (cost=61283.27..61283.27 rows=2528527 width=4) (actual time=1937.496..1937.496 rows=2528312 loops=1)
                    Buckets: 131072  Batches: 64  Memory Usage: 2425kB
                    ->  Seq Scan on title t  (cost=0.00..61283.27 rows=2528527 width=4) (actual time=0.010..1034.288 rows=2528312 loops=1)
Planning time: 1.129 ms
Execution time: 40043.894 ms
