Hash Join  (cost=74098.35..135181.45 rows=13881 width=0) (actual time=1113.174..2575.513 rows=19814 loops=1)
  Hash Cond: (mc.movie_id = t.id)
  ->  Seq Scan on movie_companies mc  (cost=0.00..51404.11 rows=2544046 width=4) (actual time=0.028..976.008 rows=2542342 loops=1)
        Filter: (company_id > 6)
        Rows Removed by Filter: 66787
  ->  Hash  (cost=73925.90..73925.90 rows=13796 width=4) (actual time=1112.886..1112.886 rows=8100 loops=1)
        Buckets: 16384  Batches: 1  Memory Usage: 413kB
        ->  Seq Scan on title t  (cost=0.00..73925.90 rows=13796 width=4) (actual time=203.382..1109.201 rows=8100 loops=1)
              Filter: ((kind_id = 1) AND (production_year = 2000))
              Rows Removed by Filter: 2520212
Planning time: 2.090 ms
Execution time: 2578.636 ms
