Hash Join  (cost=122535.74..503900.10 rows=28205 width=0) (actual time=2091.241..9430.663 rows=72296 loops=1)
  Hash Cond: (mi.movie_id = t.id)
  ->  Seq Scan on movie_info mi  (cost=0.00..346232.03 rows=9293409 width=4) (actual time=0.018..5669.326 rows=9425200 loops=1)
        Filter: (info_type_id > 5)
        Rows Removed by Filter: 5410520
  ->  Hash  (cost=122439.81..122439.81 rows=7674 width=8) (actual time=2090.203..2090.203 rows=8117 loops=1)
        Buckets: 8192  Batches: 1  Memory Usage: 382kB
        ->  Hash Join  (cost=67697.55..122439.81 rows=7674 width=8) (actual time=1062.583..2085.676 rows=8117 loops=1)
              Hash Cond: (mc.movie_id = t.id)
              ->  Seq Scan on movie_companies mc  (cost=0.00..44881.29 rows=2609129 width=4) (actual time=0.013..593.434 rows=2609129 loops=1)
              ->  Hash  (cost=67604.59..67604.59 rows=7437 width=4) (actual time=991.634..991.634 rows=4514 loops=1)
                    Buckets: 8192  Batches: 1  Memory Usage: 223kB
                    ->  Seq Scan on title t  (cost=0.00..67604.59 rows=7437 width=4) (actual time=239.314..989.464 rows=4514 loops=1)
                          Filter: (production_year = 1917)
                          Rows Removed by Filter: 2523798
Planning time: 1.218 ms
Execution time: 9440.876 ms
