Hash Join  (cost=73950.44..438720.80 rows=11443 width=0) (actual time=741.985..7326.539 rows=37515 loops=1)
  Hash Cond: (mi.movie_id = t.id)
  ->  Seq Scan on movie_info mi  (cost=0.00..309384.22 rows=14739122 width=4) (actual time=0.018..3868.050 rows=14835720 loops=1)
  ->  Hash  (cost=73925.90..73925.90 rows=1963 width=4) (actual time=716.633..716.633 rows=3329 loops=1)
        Buckets: 4096 (originally 2048)  Batches: 1 (originally 1)  Memory Usage: 150kB
        ->  Seq Scan on title t  (cost=0.00..73925.90 rows=1963 width=4) (actual time=112.473..715.519 rows=3329 loops=1)
              Filter: ((kind_id = 1) AND (production_year = 1961))
              Rows Removed by Filter: 2524983
Planning time: 0.745 ms
Execution time: 7333.124 ms
