Hash Join  (cost=101464.41..466926.62 rows=80631 width=0) (actual time=1722.350..9223.535 rows=494795 loops=1)
  Hash Cond: (mi.movie_id = t.id)
  ->  Seq Scan on movie_info mi  (cost=0.00..309384.22 rows=14739122 width=4) (actual time=0.014..4159.681 rows=14835720 loops=1)
  ->  Hash  (cost=101291.51..101291.51 rows=13832 width=8) (actual time=1527.481..1527.481 rows=21510 loops=1)
        Buckets: 32768 (originally 16384)  Batches: 1 (originally 1)  Memory Usage: 1097kB
        ->  Hash Join  (cost=74242.71..101291.51 rows=13832 width=8) (actual time=863.703..1519.297 rows=21510 loops=1)
              Hash Cond: (mi_idx.movie_id = t.id)
              ->  Seq Scan on movie_info_idx mi_idx  (cost=0.00..21735.35 rows=1380035 width=4) (actual time=0.025..351.403 rows=1380035 loops=1)
              ->  Hash  (cost=73925.90..73925.90 rows=25344 width=4) (actual time=863.505..863.505 rows=15457 loops=1)
                    Buckets: 32768  Batches: 1  Memory Usage: 800kB
                    ->  Seq Scan on title t  (cost=0.00..73925.90 rows=25344 width=4) (actual time=0.026..857.720 rows=15457 loops=1)
                          Filter: ((kind_id = 1) AND (production_year = 2005))
                          Rows Removed by Filter: 2512855
Planning time: 1.193 ms
Execution time: 9293.626 ms
