Seq Scan on cast_info ci  (cost=0.00..796071.18 rows=10093125 width=0) (actual time=4374.541..12648.395 rows=4323154 loops=1)
  Filter: ((person_id < 1522002) AND (role_id > 1))
  Rows Removed by Filter: 31921190
Planning time: 0.399 ms
Execution time: 13211.095 ms
