Hash Join  (cost=278940.81..830432.14 rows=8272978 width=0) (actual time=6465.032..36706.579 rows=84001688 loops=1)
  Hash Cond: (mi.movie_id = t.id)
  ->  Seq Scan on movie_info mi  (cost=0.00..346232.03 rows=8841901 width=4) (actual time=0.022..6739.141 rows=8950757 loops=1)
        Filter: (info_type_id > 6)
        Rows Removed by Filter: 5884963
  ->  Hash  (cost=240125.91..240125.91 rows=2365832 width=8) (actual time=6463.146..6463.146 rows=1855908 loops=1)
        Buckets: 131072  Batches: 32  Memory Usage: 3452kB
        ->  Hash Join  (cost=89299.55..240125.91 rows=2365832 width=8) (actual time=1740.794..5913.854 rows=1855908 loops=1)
              Hash Cond: (mk.movie_id = t.id)
              ->  Seq Scan on movie_keyword mk  (cost=0.00..69693.30 rows=4523930 width=4) (actual time=0.024..1423.301 rows=4523930 loops=1)
              ->  Hash  (cost=67604.59..67604.59 rows=1322317 width=4) (actual time=1739.438..1739.438 rows=1322863 loops=1)
                    Buckets: 131072  Batches: 32  Memory Usage: 2489kB
                    ->  Seq Scan on title t  (cost=0.00..67604.59 rows=1322317 width=4) (actual time=0.024..1293.556 rows=1322863 loops=1)
                          Filter: (production_year > 2001)
                          Rows Removed by Filter: 1205449
Planning time: 8.788 ms
Execution time: 46038.482 ms
