Seq Scan on movie_keyword mk  (cost=0.00..81003.12 rows=904566 width=0) (actual time=0.009..1307.506 rows=901990 loops=1)
  Filter: (keyword_id > 20468)
  Rows Removed by Filter: 3621940
Planning time: 1.598 ms
Execution time: 1418.798 ms
