Seq Scan on cast_info ci  (cost=0.00..796071.18 rows=9243829 width=0) (actual time=5147.372..13491.558 rows=5955454 loops=1)
  Filter: ((person_id > 2253502) AND (role_id < 4))
  Rows Removed by Filter: 30288890
Planning time: 0.352 ms
Execution time: 14262.944 ms
