Seq Scan on movie_keyword mk  (cost=0.00..81003.12 rows=979373 width=0) (actual time=0.037..1316.404 rows=983604 loops=1)
  Filter: (keyword_id > 18825)
  Rows Removed by Filter: 3540326
Planning time: 0.317 ms
Execution time: 1443.261 ms
