Hash Join  (cost=128753.29..494820.56 rows=9734 width=0) (actual time=2491.482..9322.349 rows=18589 loops=1)
  Hash Cond: (mi.movie_id = t.id)
  ->  Seq Scan on movie_info mi  (cost=0.00..346232.03 rows=5263441 width=4) (actual time=0.044..5887.914 rows=5270569 loops=1)
        Filter: (info_type_id > 15)
        Rows Removed by Filter: 9565151
  ->  Hash  (cost=128694.84..128694.84 rows=4676 width=8) (actual time=2482.324..2482.324 rows=7304 loops=1)
        Buckets: 8192  Batches: 1  Memory Usage: 350kB
        ->  Hash Join  (cost=73982.55..128694.84 rows=4676 width=8) (actual time=1536.061..2479.519 rows=7304 loops=1)
              Hash Cond: (mc.movie_id = t.id)
              ->  Seq Scan on movie_companies mc  (cost=0.00..44881.29 rows=2609129 width=4) (actual time=0.024..569.737 rows=2609129 loops=1)
              ->  Hash  (cost=73925.90..73925.90 rows=4532 width=4) (actual time=1296.552..1296.552 rows=8145 loops=1)
                    Buckets: 8192  Batches: 1  Memory Usage: 351kB
                    ->  Seq Scan on title t  (cost=0.00..73925.90 rows=4532 width=4) (actual time=75.021..1292.689 rows=8145 loops=1)
                          Filter: ((kind_id = 7) AND (production_year = 1968))
                          Rows Removed by Filter: 2520167
Planning time: 1.281 ms
Execution time: 9325.460 ms
