Hash Join  (cost=67976.49..823028.15 rows=426250 width=0) (actual time=1029.259..19971.414 rows=466546 loops=1)
  Hash Cond: (ci.movie_id = t.id)
  ->  Seq Scan on cast_info ci  (cost=0.00..614943.12 rows=36225612 width=4) (actual time=0.023..8219.825 rows=36244344 loops=1)
  ->  Hash  (cost=67604.59..67604.59 rows=29752 width=4) (actual time=1028.893..1028.893 rows=30027 loops=1)
        Buckets: 32768  Batches: 1  Memory Usage: 1312kB
        ->  Seq Scan on title t  (cost=0.00..67604.59 rows=29752 width=4) (actual time=0.033..1016.382 rows=30027 loops=1)
              Filter: (production_year = 1994)
              Rows Removed by Filter: 2498285
Planning time: 0.802 ms
Execution time: 20042.973 ms
