Nested Loop  (cost=0.43..83072.29 rows=150 width=0) (actual time=3.014..1170.637 rows=144 loops=1)
  ->  Seq Scan on movie_keyword mk  (cost=0.00..81003.12 rows=246 width=4) (actual time=2.976..1139.033 rows=1270 loops=1)
        Filter: (keyword_id = 3811)
        Rows Removed by Filter: 4522660
  ->  Index Scan using title_pkey on title t  (cost=0.43..8.40 rows=1 width=4) (actual time=0.024..0.024 rows=0 loops=1270)
        Index Cond: (id = mk.movie_id)
        Filter: (kind_id = 7)
        Rows Removed by Filter: 1
Planning time: 0.731 ms
Execution time: 1170.811 ms
