Seq Scan on movie_info_idx mi_idx  (cost=0.00..25185.44 rows=368 width=50) (actual time=18.741..518.455 rows=260 loops=1)
  Filter: (info_type_id > 101)
  Rows Removed by Filter: 1379775
Planning time: 1.212 ms
Execution time: 518.493 ms
