Seq Scan on movie_companies mc  (cost=0.00..57926.93 rows=919997 width=0) (actual time=21.253..1048.714 rows=1103804 loops=1)
  Filter: ((company_id > 1736) AND (company_type_id = 2))
  Rows Removed by Filter: 1505325
Planning time: 0.407 ms
Execution time: 1188.484 ms
