Hash Join  (cost=102767.86..237449.88 rows=1820240 width=0) (actual time=2014.055..5257.792 rows=1825728 loops=1)
  Hash Cond: (mk.movie_id = t.id)
  ->  Seq Scan on movie_keyword mk  (cost=0.00..81003.12 rows=1820240 width=4) (actual time=0.019..1559.424 rows=1825728 loops=1)
        Filter: (keyword_id < 2999)
        Rows Removed by Filter: 2698202
  ->  Hash  (cost=61283.27..61283.27 rows=2528527 width=4) (actual time=2012.585..2012.585 rows=2528312 loops=1)
        Buckets: 131072  Batches: 64  Memory Usage: 2425kB
        ->  Seq Scan on title t  (cost=0.00..61283.27 rows=2528527 width=4) (actual time=0.012..1144.832 rows=2528312 loops=1)
Planning time: 0.720 ms
Execution time: 5452.896 ms
