Seq Scan on movie_keyword mk  (cost=0.00..81003.12 rows=246 width=0) (actual time=4.645..1088.970 rows=191 loops=1)
  Filter: (keyword_id = 14625)
  Rows Removed by Filter: 4523739
Planning time: 0.339 ms
Execution time: 1089.175 ms
