Hash Join  (cost=98595.81..140510.95 rows=344381 width=0) (actual time=2231.349..3376.712 rows=338810 loops=1)
  Hash Cond: (mi_idx.movie_id = t.id)
  ->  Seq Scan on movie_info_idx mi_idx  (cost=0.00..25185.44 rows=460978 width=4) (actual time=0.025..466.932 rows=459925 loops=1)
        Filter: (info_type_id < 100)
        Rows Removed by Filter: 920110
  ->  Hash  (cost=67604.59..67604.59 rows=1888978 width=4) (actual time=2229.879..2229.879 rows=1887769 loops=1)
        Buckets: 131072  Batches: 32  Memory Usage: 3106kB
        ->  Seq Scan on title t  (cost=0.00..67604.59 rows=1888978 width=4) (actual time=0.010..1354.140 rows=1887769 loops=1)
              Filter: (production_year > 1983)
              Rows Removed by Filter: 640543
Planning time: 0.807 ms
Execution time: 3417.490 ms
