Seq Scan on cast_info ci  (cost=0.00..796071.18 rows=4924213 width=0) (actual time=2105.780..13201.689 rows=2936069 loops=1)
  Filter: ((person_id < 1432270) AND (role_id > 3))
  Rows Removed by Filter: 33308275
Planning time: 0.366 ms
Execution time: 13565.496 ms
