Hash Join  (cost=74228.76..161320.27 rows=43348 width=0) (actual time=1103.861..2747.880 rows=42762 loops=1)
  Hash Cond: (mk.movie_id = t.id)
  ->  Seq Scan on movie_keyword mk  (cost=0.00..69693.30 rows=4523930 width=4) (actual time=0.019..871.629 rows=4523930 loops=1)
  ->  Hash  (cost=73925.90..73925.90 rows=24228 width=4) (actual time=1103.442..1103.442 rows=21082 loops=1)
        Buckets: 32768  Batches: 1  Memory Usage: 998kB
        ->  Seq Scan on title t  (cost=0.00..73925.90 rows=24228 width=4) (actual time=0.053..1095.090 rows=21082 loops=1)
              Filter: ((production_year > 2009) AND (kind_id = 4))
              Rows Removed by Filter: 2507230
Planning time: 0.821 ms
Execution time: 2753.147 ms
