Hash Join  (cost=188429.15..1154637.71 rows=5562981 width=0) (actual time=4578.773..29534.407 rows=8770430 loops=1)
  Hash Cond: (ci.movie_id = t.id)
  ->  Seq Scan on cast_info ci  (cost=0.00..705507.15 rows=17463627 width=4) (actual time=0.045..14123.244 rows=17345652 loops=1)
        Filter: (person_id < 1713990)
        Rows Removed by Filter: 18898692
  ->  Hash  (cost=175213.97..175213.97 rows=805454 width=8) (actual time=4577.806..4577.806 rows=686207 loops=1)
        Buckets: 131072  Batches: 16  Memory Usage: 2685kB
        ->  Hash Join  (cost=92735.26..175213.97 rows=805454 width=8) (actual time=2183.501..4377.240 rows=686207 loops=1)
              Hash Cond: (mc.movie_id = t.id)
              ->  Seq Scan on movie_companies mc  (cost=0.00..51404.11 rows=1329612 width=4) (actual time=305.228..1023.094 rows=1334883 loops=1)
                    Filter: (company_type_id > 1)
                    Rows Removed by Filter: 1274246
              ->  Hash  (cost=67604.59..67604.59 rows=1531734 width=4) (actual time=1877.440..1877.440 rows=1531613 loops=1)
                    Buckets: 131072  Batches: 32  Memory Usage: 2708kB
                    ->  Seq Scan on title t  (cost=0.00..67604.59 rows=1531734 width=4) (actual time=0.035..1384.476 rows=1531613 loops=1)
                          Filter: (production_year > 1997)
                          Rows Removed by Filter: 996699
Planning time: 1.233 ms
Execution time: 30567.363 ms
