Hash Join  (cost=190230.21..1115833.68 rows=3980795 width=0) (actual time=11053.757..27336.679 rows=10772202 loops=1)
  Hash Cond: (ci.movie_id = t.id)
  ->  Seq Scan on cast_info ci  (cost=0.00..796071.18 rows=7293690 width=4) (actual time=6733.455..16268.682 rows=8303457 loops=1)
        Filter: ((person_id > 803368) AND (role_id > 4))
        Rows Removed by Filter: 27940887
  ->  Hash  (cost=167588.78..167588.78 rows=1380035 width=8) (actual time=4318.836..4318.836 rows=1380035 loops=1)
        Buckets: 131072  Batches: 32  Memory Usage: 2708kB
        ->  Hash Join  (cost=102767.86..167588.78 rows=1380035 width=8) (actual time=2007.730..3941.392 rows=1380035 loops=1)
              Hash Cond: (mi_idx.movie_id = t.id)
              ->  Seq Scan on movie_info_idx mi_idx  (cost=0.00..21735.35 rows=1380035 width=4) (actual time=0.031..494.659 rows=1380035 loops=1)
              ->  Hash  (cost=61283.27..61283.27 rows=2528527 width=4) (actual time=2006.199..2006.199 rows=2528312 loops=1)
                    Buckets: 131072  Batches: 64  Memory Usage: 2415kB
                    ->  Seq Scan on title t  (cost=0.00..61283.27 rows=2528527 width=4) (actual time=0.037..1144.498 rows=2528312 loops=1)
Planning time: 1.267 ms
Execution time: 28486.377 ms
