Hash Join  (cost=67697.55..128566.82 rows=2290 width=0) (actual time=1090.575..2456.198 rows=10271 loops=1)
  Hash Cond: (mc.movie_id = t.id)
  ->  Seq Scan on movie_companies mc  (cost=0.00..57926.93 rows=778517 width=4) (actual time=0.019..1129.445 rows=1072733 loops=1)
        Filter: ((company_id < 15543) AND (company_type_id = 1))
        Rows Removed by Filter: 1536396
  ->  Hash  (cost=67604.59..67604.59 rows=7437 width=4) (actual time=1090.367..1090.367 rows=21312 loops=1)
        Buckets: 32768 (originally 8192)  Batches: 1 (originally 1)  Memory Usage: 1006kB
        ->  Seq Scan on title t  (cost=0.00..67604.59 rows=7437 width=4) (actual time=0.048..1080.493 rows=21312 loops=1)
              Filter: (production_year = 1989)
              Rows Removed by Filter: 2507000
Planning time: 10.039 ms
Execution time: 2458.125 ms
