Nested Loop  (cost=0.43..83072.29 rows=201 width=0) (actual time=2.427..1391.812 rows=1615 loops=1)
  ->  Seq Scan on movie_keyword mk  (cost=0.00..81003.12 rows=246 width=4) (actual time=2.368..1307.199 rows=1713 loops=1)
        Filter: (keyword_id = 824)
        Rows Removed by Filter: 4522217
  ->  Index Scan using title_pkey on title t  (cost=0.43..8.40 rows=1 width=4) (actual time=0.048..0.048 rows=1 loops=1713)
        Index Cond: (id = mk.movie_id)
        Filter: (production_year < 2011)
        Rows Removed by Filter: 0
Planning time: 0.807 ms
Execution time: 1392.431 ms
