Seq Scan on cast_info ci  (cost=0.00..796071.18 rows=9056714 width=0) (actual time=0.018..14935.578 rows=11686411 loops=1)
  Filter: ((person_id > 1569284) AND (role_id > 2))
  Rows Removed by Filter: 24557933
Planning time: 0.541 ms
Execution time: 16375.637 ms
