Hash Join  (cost=127109.97..214565.60 rows=79759 width=0) (actual time=2604.952..4750.726 rows=979201 loops=1)
  Hash Cond: (mk.movie_id = t.id)
  ->  Seq Scan on movie_keyword mk  (cost=0.00..69693.30 rows=4523930 width=4) (actual time=0.008..1058.965 rows=4523930 loops=1)
  ->  Hash  (cost=126552.74..126552.74 rows=44579 width=8) (actual time=2604.090..2604.090 rows=40795 loops=1)
        Buckets: 65536  Batches: 1  Memory Usage: 2106kB
        ->  Hash Join  (cost=68449.54..126552.74 rows=44579 width=8) (actual time=1087.069..2587.466 rows=40795 loops=1)
              Hash Cond: (mc.movie_id = t.id)
              ->  Seq Scan on movie_companies mc  (cost=0.00..51404.11 rows=1667546 width=4) (actual time=0.028..1054.517 rows=1658496 loops=1)
                    Filter: (company_id < 18579)
                    Rows Removed by Filter: 950633
              ->  Hash  (cost=67604.59..67604.59 rows=67596 width=4) (actual time=1086.368..1086.368 rows=67777 loops=1)
                    Buckets: 131072  Batches: 1  Memory Usage: 3407kB
                    ->  Seq Scan on title t  (cost=0.00..67604.59 rows=67596 width=4) (actual time=0.041..1058.482 rows=67777 loops=1)
                          Filter: (production_year = 2003)
                          Rows Removed by Filter: 2460535
Planning time: 6.259 ms
Execution time: 4872.219 ms
