Hash Join  (cost=929755.82..1455169.69 rows=4274294 width=0) (actual time=15713.312..29759.115 rows=3443026 loops=1)
  Hash Cond: (mi.movie_id = t.id)
  ->  Seq Scan on movie_info mi  (cost=0.00..309384.22 rows=14739122 width=4) (actual time=0.010..6110.601 rows=14835720 loops=1)
  ->  Hash  (cost=917725.02..917725.02 rows=733264 width=8) (actual time=15711.233..15711.233 rows=555440 loops=1)
        Buckets: 131072  Batches: 16  Memory Usage: 2371kB
        ->  Hash Join  (cost=92883.59..917725.02 rows=733264 width=8) (actual time=13289.807..15559.041 rows=555440 loops=1)
              Hash Cond: (ci.movie_id = t.id)
              ->  Seq Scan on cast_info ci  (cost=0.00..796071.18 rows=1203322 width=4) (actual time=11659.636..12983.909 rows=840539 loops=1)
                    Filter: ((person_id < 1059298) AND (role_id = 3))
                    Rows Removed by Filter: 35403805
              ->  Hash  (cost=67604.59..67604.59 rows=1540800 width=4) (actual time=1629.072..1629.072 rows=1543264 loops=1)
                    Buckets: 131072  Batches: 32  Memory Usage: 2722kB
                    ->  Seq Scan on title t  (cost=0.00..67604.59 rows=1540800 width=4) (actual time=2.350..1136.643 rows=1543264 loops=1)
                          Filter: (kind_id = 7)
                          Rows Removed by Filter: 985048
Planning time: 1.227 ms
Execution time: 30162.533 ms
