Hash Join  (cost=83810.17..1137443.62 rows=8693729 width=0) (actual time=1570.880..30498.614 rows=9219031 loops=1)
  Hash Cond: (ci.movie_id = t.id)
  ->  Seq Scan on cast_info ci  (cost=0.00..705507.15 rows=22255469 width=4) (actual time=0.032..15298.338 rows=22092194 loops=1)
        Filter: (person_id < 2250259)
        Rows Removed by Filter: 14152150
  ->  Hash  (cost=67604.59..67604.59 rows=987727 width=4) (actual time=1569.755..1569.755 rows=985048 loops=1)
        Buckets: 131072  Batches: 16  Memory Usage: 3188kB
        ->  Seq Scan on title t  (cost=0.00..67604.59 rows=987727 width=4) (actual time=0.018..1265.883 rows=985048 loops=1)
              Filter: (kind_id < 7)
              Rows Removed by Filter: 1543264
Planning time: 1.266 ms
Execution time: 31543.705 ms
