Hash Join  (cost=109448.91..863354.30 rows=330552 width=0) (actual time=2625.050..17356.812 rows=797143 loops=1)
  Hash Cond: (ci.movie_id = t.id)
  ->  Seq Scan on cast_info ci  (cost=0.00..705507.15 rows=12024720 width=4) (actual time=556.380..11947.695 rows=12082177 loops=1)
        Filter: (person_id > 2478599)
        Rows Removed by Filter: 24162167
  ->  Hash  (cost=108580.06..108580.06 rows=69508 width=8) (actual time=2067.912..2067.912 rows=60340 loops=1)
        Buckets: 131072  Batches: 1  Memory Usage: 3382kB
        ->  Hash Join  (cost=69694.50..108580.06 rows=69508 width=8) (actual time=1162.696..2047.591 rows=60340 loops=1)
              Hash Cond: (mi_idx.movie_id = t.id)
              ->  Seq Scan on movie_info_idx mi_idx  (cost=0.00..21735.35 rows=1380035 width=4) (actual time=0.030..398.944 rows=1380035 loops=1)
              ->  Hash  (cost=67604.59..67604.59 rows=127353 width=4) (actual time=1161.512..1161.512 rows=128696 loops=1)
                    Buckets: 131072  Batches: 2  Memory Usage: 3284kB
                    ->  Seq Scan on title t  (cost=0.00..67604.59 rows=127353 width=4) (actual time=0.020..1111.082 rows=128696 loops=1)
                          Filter: (production_year = 2009)
                          Rows Removed by Filter: 2399616
Planning time: 1.345 ms
Execution time: 17454.853 ms
