Hash Join  (cost=74101.13..439574.19 rows=81713 width=0) (actual time=1188.465..10173.621 rows=560678 loops=1)
  Hash Cond: (mi.movie_id = t.id)
  ->  Seq Scan on movie_info mi  (cost=0.00..309384.22 rows=14739122 width=4) (actual time=0.019..4753.235 rows=14835720 loops=1)
  ->  Hash  (cost=73925.90..73925.90 rows=14018 width=4) (actual time=1188.228..1188.228 rows=51721 loops=1)
        Buckets: 65536 (originally 16384)  Batches: 1 (originally 1)  Memory Usage: 2331kB
        ->  Seq Scan on title t  (cost=0.00..73925.90 rows=14018 width=4) (actual time=39.218..1168.725 rows=51721 loops=1)
              Filter: ((production_year < 1914) AND (kind_id = 1))
              Rows Removed by Filter: 2476591
Planning time: 0.781 ms
Execution time: 10250.977 ms
