Hash Join  (cost=125035.25..616875.97 rows=1127881 width=0) (actual time=2768.838..16288.248 rows=3814967 loops=1)
  Hash Cond: (mi.movie_id = t.id)
  ->  Seq Scan on movie_info mi  (cost=0.00..309384.22 rows=14739122 width=4) (actual time=0.021..6063.689 rows=14835720 loops=1)
  ->  Hash  (cost=121860.63..121860.63 rows=193490 width=8) (actual time=2768.152..2768.152 rows=238551 loops=1)
        Buckets: 131072  Batches: 4  Memory Usage: 3367kB
        ->  Hash Join  (cost=85280.32..121860.63 rows=193490 width=8) (actual time=1609.829..2688.222 rows=238551 loops=1)
              Hash Cond: (mi_idx.movie_id = t.id)
              ->  Seq Scan on movie_info_idx mi_idx  (cost=0.00..25185.44 rows=454124 width=4) (actual time=0.016..575.196 rows=459925 loops=1)
                    Filter: (info_type_id = 100)
                    Rows Removed by Filter: 920110
              ->  Hash  (cost=67604.59..67604.59 rows=1077339 width=4) (actual time=1608.800..1608.800 rows=1074765 loops=1)
                    Buckets: 131072  Batches: 16  Memory Usage: 3388kB
                    ->  Seq Scan on title t  (cost=0.00..67604.59 rows=1077339 width=4) (actual time=0.014..1266.501 rows=1074765 loops=1)
                          Filter: (production_year < 2001)
                          Rows Removed by Filter: 1453547
Planning time: 1.151 ms
Execution time: 16738.147 ms
