Hash Join  (cost=897546.33..985261.68 rows=105732 width=0) (actual time=15568.883..16219.765 rows=47168 loops=1)
  Hash Cond: (mk.movie_id = t.id)
  ->  Seq Scan on movie_keyword mk  (cost=0.00..69693.30 rows=4523930 width=4) (actual time=0.021..1128.072 rows=4523930 loops=1)
  ->  Hash  (cost=896807.63..896807.63 rows=59096 width=8) (actual time=14200.418..14200.418 rows=20241 loops=1)
        Buckets: 65536  Batches: 1  Memory Usage: 1303kB
        ->  Hash Join  (cost=92883.59..896807.63 rows=59096 width=8) (actual time=6046.167..14192.131 rows=20241 loops=1)
              Hash Cond: (ci.movie_id = t.id)
              ->  Seq Scan on cast_info ci  (cost=0.00..796071.18 rows=96980 width=4) (actual time=4296.305..12149.063 rows=39395 loops=1)
                    Filter: ((person_id < 966641) AND (role_id > 10))
                    Rows Removed by Filter: 36204949
              ->  Hash  (cost=67604.59..67604.59 rows=1540800 width=4) (actual time=1748.367..1748.367 rows=1543264 loops=1)
                    Buckets: 131072  Batches: 32  Memory Usage: 2722kB
                    ->  Seq Scan on title t  (cost=0.00..67604.59 rows=1540800 width=4) (actual time=0.021..1245.368 rows=1543264 loops=1)
                          Filter: (kind_id = 7)
                          Rows Removed by Filter: 985048
Planning time: 1.208 ms
Execution time: 16229.759 ms
