Seq Scan on title t  (cost=0.00..67604.59 rows=93555 width=0) (actual time=0.021..991.487 rows=92899 loops=1)
  Filter: (production_year < 1922)
  Rows Removed by Filter: 2435413
Planning time: 0.394 ms
Execution time: 1003.906 ms
