Hash Join  (cost=102767.86..188513.09 rows=745495 width=0) (actual time=1974.837..4387.155 rows=963202 loops=1)
  Hash Cond: (mc.movie_id = t.id)
  ->  Seq Scan on movie_companies mc  (cost=0.00..57926.93 rows=745495 width=4) (actual time=0.015..1178.983 rows=963202 loops=1)
        Filter: ((company_id > 8680) AND (company_type_id = 2))
        Rows Removed by Filter: 1645927
  ->  Hash  (cost=61283.27..61283.27 rows=2528527 width=4) (actual time=1973.357..1973.357 rows=2528312 loops=1)
        Buckets: 131072  Batches: 64  Memory Usage: 2415kB
        ->  Seq Scan on title t  (cost=0.00..61283.27 rows=2528527 width=4) (actual time=0.016..1125.638 rows=2528312 loops=1)
Planning time: 0.746 ms
Execution time: 4504.990 ms
