Hash Join  (cost=176466.35..688074.06 rows=2980378 width=0) (actual time=3649.556..17275.676 rows=3424967 loops=1)
  Hash Cond: (mi.movie_id = t.id)
  ->  Seq Scan on movie_info mi  (cost=0.00..309384.22 rows=14739122 width=4) (actual time=0.014..6238.011 rows=14835720 loops=1)
  ->  Hash  (cost=168077.23..168077.23 rows=511290 width=8) (actual time=3635.967..3635.967 rows=361018 loops=1)
        Buckets: 131072  Batches: 8  Memory Usage: 2775kB
        ->  Hash Join  (cost=94858.47..168077.23 rows=511290 width=8) (actual time=1830.660..3530.761 rows=361018 loops=1)
              Hash Cond: (mc.movie_id = t.id)
              ->  Seq Scan on movie_companies mc  (cost=0.00..51404.11 rows=1013266 width=4) (actual time=0.014..887.198 rows=1013105 loops=1)
                    Filter: (company_id < 5144)
                    Rows Removed by Filter: 1596024
              ->  Hash  (cost=73925.90..73925.90 rows=1275885 width=4) (actual time=1829.456..1829.456 rows=1357653 loops=1)
                    Buckets: 131072  Batches: 32  Memory Usage: 2519kB
                    ->  Seq Scan on title t  (cost=0.00..73925.90 rows=1275885 width=4) (actual time=0.015..1395.751 rows=1357653 loops=1)
                          Filter: ((production_year > 1969) AND (kind_id = 7))
                          Rows Removed by Filter: 1170659
Planning time: 0.832 ms
Execution time: 17664.497 ms
