Seq Scan on movie_keyword mk  (cost=0.00..81003.12 rows=246 width=0) (actual time=1.054..1276.343 rows=60 loops=1)
  Filter: (keyword_id = 35969)
  Rows Removed by Filter: 4523870
Planning time: 0.389 ms
Execution time: 1276.476 ms
