Hash Join  (cost=142893.17..900010.61 rows=632828 width=0) (actual time=3237.320..27989.879 rows=1526892 loops=1)
  Hash Cond: (ci.movie_id = t.id)
  ->  Seq Scan on cast_info ci  (cost=0.00..614943.12 rows=36225612 width=4) (actual time=0.019..9098.836 rows=36244344 loops=1)
  ->  Hash  (cost=142341.03..142341.03 rows=44171 width=8) (actual time=3236.847..3236.847 rows=89124 loops=1)
        Buckets: 131072 (originally 65536)  Batches: 2 (originally 1)  Memory Usage: 3073kB
        ->  Hash Join  (cost=75358.02..142341.03 rows=44171 width=8) (actual time=1549.066..3203.664 rows=89124 loops=1)
              Hash Cond: (mc.movie_id = t.id)
              ->  Seq Scan on movie_companies mc  (cost=0.00..51404.11 rows=1279517 width=4) (actual time=0.011..1018.389 rows=1274246 loops=1)
                    Filter: (company_type_id = 1)
                    Rows Removed by Filter: 1334883
              ->  Hash  (cost=73925.90..73925.90 rows=87289 width=4) (actual time=1548.315..1548.315 rows=117666 loops=1)
                    Buckets: 131072  Batches: 2  Memory Usage: 3091kB
                    ->  Seq Scan on title t  (cost=0.00..73925.90 rows=87289 width=4) (actual time=1.712..1506.556 rows=117666 loops=1)
                          Filter: ((production_year > 1981) AND (kind_id = 4))
                          Rows Removed by Filter: 2410646
Planning time: 6.089 ms
Execution time: 28195.494 ms
