Seq Scan on title t  (cost=0.00..73925.90 rows=36047 width=0) (actual time=265.172..1134.716 rows=138428 loops=1)
  Filter: ((production_year < 1939) AND (kind_id = 1))
  Rows Removed by Filter: 2389884
Planning time: 0.364 ms
Execution time: 1153.750 ms
