Seq Scan on cast_info ci  (cost=0.00..705507.15 rows=35931476 width=0) (actual time=0.027..14149.389 rows=35999258 loops=1)
  Filter: (person_id > 28945)
  Rows Removed by Filter: 245086
Planning time: 0.356 ms
Execution time: 18619.925 ms
