Nested Loop  (cost=72397.51..201642.69 rows=10607 width=0) (actual time=1471.825..3885.622 rows=113922 loops=1)
  ->  Hash Join  (cost=72397.08..168291.22 rows=55758 width=8) (actual time=1471.709..2933.756 rows=113922 loops=1)
        Hash Cond: (mk.movie_id = mc.movie_id)
        ->  Seq Scan on movie_keyword mk  (cost=0.00..81003.12 rows=20961 width=4) (actual time=0.205..1194.619 rows=19528 loops=1)
              Filter: (keyword_id = 137)
              Rows Removed by Filter: 4504402
        ->  Hash  (cost=51404.11..51404.11 rows=1279517 width=4) (actual time=1467.578..1467.578 rows=1274246 loops=1)
              Buckets: 131072  Batches: 32  Memory Usage: 2474kB
              ->  Seq Scan on movie_companies mc  (cost=0.00..51404.11 rows=1279517 width=4) (actual time=423.838..1054.974 rows=1274246 loops=1)
                    Filter: (company_type_id < 2)
                    Rows Removed by Filter: 1334883
  ->  Index Only Scan using title_pkey on title t  (cost=0.43..0.59 rows=1 width=4) (actual time=0.008..0.008 rows=1 loops=113922)
        Index Cond: (id = mc.movie_id)
        Heap Fetches: 113922
Planning time: 1.126 ms
Execution time: 3905.089 ms
