Hash Join  (cost=187732.84..1320527.98 rows=5390563 width=0) (actual time=3596.214..35238.810 rows=5433007 loops=1)
  Hash Cond: (ci.movie_id = t.id)
  ->  Seq Scan on cast_info ci  (cost=0.00..705507.15 rows=32149162 width=4) (actual time=0.017..16488.928 rows=32288941 loops=1)
        Filter: (person_id > 379053)
        Rows Removed by Filter: 3955403
  ->  Hash  (cost=180776.26..180776.26 rows=423967 width=8) (actual time=3595.161..3595.161 rows=240367 loops=1)
        Buckets: 131072  Batches: 8  Memory Usage: 2204kB
        ->  Hash Join  (cost=102767.86..180776.26 rows=423967 width=8) (actual time=2082.169..3518.232 rows=240367 loops=1)
              Hash Cond: (mc.movie_id = t.id)
              ->  Seq Scan on movie_companies mc  (cost=0.00..57926.93 rows=423967 width=4) (actual time=167.748..923.976 rows=240367 loops=1)
                    Filter: ((company_id < 2017) AND (company_type_id = 2))
                    Rows Removed by Filter: 2368762
              ->  Hash  (cost=61283.27..61283.27 rows=2528527 width=4) (actual time=1913.026..1913.026 rows=2528312 loops=1)
                    Buckets: 131072  Batches: 64  Memory Usage: 2415kB
                    ->  Seq Scan on title t  (cost=0.00..61283.27 rows=2528527 width=4) (actual time=0.017..1054.261 rows=2528312 loops=1)
Planning time: 1.182 ms
Execution time: 35828.735 ms
