Hash Join  (cost=217032.53..1230340.11 rows=8551951 width=0) (actual time=4852.805..36634.585 rows=15692360 loops=1)
  Hash Cond: (ci.movie_id = t.id)
  ->  Seq Scan on cast_info ci  (cost=0.00..705507.15 rows=18836245 width=4) (actual time=0.017..14804.982 rows=18727697 loops=1)
        Filter: (person_id < 1866348)
        Rows Removed by Filter: 17516647
  ->  Hash  (cost=198197.65..198197.65 rows=1147991 width=8) (actual time=4851.807..4851.807 rows=1257392 loops=1)
        Buckets: 131072 (originally 131072)  Batches: 32 (originally 16)  Memory Usage: 4085kB
        ->  Hash Join  (cost=102767.86..198197.65 rows=1147991 width=8) (actual time=1889.279..4512.282 rows=1257392 loops=1)
              Hash Cond: (mc.movie_id = t.id)
              ->  Seq Scan on movie_companies mc  (cost=0.00..57926.93 rows=1147991 width=4) (actual time=0.022..1238.903 rows=1257392 loops=1)
                    Filter: ((company_id > 166) AND (company_type_id = 2))
                    Rows Removed by Filter: 1351737
              ->  Hash  (cost=61283.27..61283.27 rows=2528527 width=4) (actual time=1888.085..1888.085 rows=2528312 loops=1)
                    Buckets: 131072  Batches: 64  Memory Usage: 2415kB
                    ->  Seq Scan on title t  (cost=0.00..61283.27 rows=2528527 width=4) (actual time=0.012..1026.562 rows=2528312 loops=1)
Planning time: 1.212 ms
Execution time: 38383.280 ms
