Hash Join  (cost=105138.80..846444.67 rows=29309 width=0) (actual time=4344.435..16100.279 rows=54734 loops=1)
  Hash Cond: (ci.movie_id = t.id)
  ->  Seq Scan on cast_info ci  (cost=0.00..705507.15 rows=9468168 width=4) (actual time=3437.605..13515.705 rows=9384703 loops=1)
        Filter: (role_id > 4)
        Rows Removed by Filter: 26859641
  ->  Hash  (cost=105040.96..105040.96 rows=7827 width=8) (actual time=906.205..906.205 rows=6686 loops=1)
        Buckets: 8192  Batches: 1  Memory Usage: 326kB
        ->  Nested Loop  (cost=0.43..105040.96 rows=7827 width=8) (actual time=0.359..902.510 rows=6686 loops=1)
              ->  Seq Scan on movie_companies mc  (cost=0.00..51404.11 rows=7827 width=4) (actual time=0.215..724.822 rows=6686 loops=1)
                    Filter: (company_id = 302)
                    Rows Removed by Filter: 2602443
              ->  Index Only Scan using title_pkey on title t  (cost=0.43..6.84 rows=1 width=4) (actual time=0.025..0.026 rows=1 loops=6686)
                    Index Cond: (id = mc.movie_id)
                    Heap Fetches: 6686
Planning time: 1.186 ms
Execution time: 16109.993 ms
