Hash Join  (cost=861119.38..1411495.65 rows=6613735 width=0) (actual time=15885.856..31679.713 rows=10276338 loops=1)
  Hash Cond: (mi.movie_id = t.id)
  ->  Seq Scan on movie_info mi  (cost=0.00..309384.22 rows=14739122 width=4) (actual time=0.008..5872.799 rows=14835720 loops=1)
  ->  Hash  (cost=842503.88..842503.88 rows=1134600 width=8) (actual time=15884.795..15884.795 rows=1074404 loops=1)
        Buckets: 131072  Batches: 16  Memory Usage: 3637kB
        ->  Hash Join  (cost=80562.70..842503.88 rows=1134600 width=8) (actual time=1452.903..15498.316 rows=1074404 loops=1)
              Hash Cond: (ci.movie_id = t.id)
              ->  Seq Scan on cast_info ci  (cost=0.00..705507.15 rows=3632540 width=4) (actual time=0.028..11607.295 rows=3522075 loops=1)
                    Filter: (person_id < 337026)
                    Rows Removed by Filter: 32722269
              ->  Hash  (cost=67604.59..67604.59 rows=789769 width=4) (actual time=1451.919..1451.919 rows=784926 loops=1)
                    Buckets: 131072  Batches: 16  Memory Usage: 2749kB
                    ->  Seq Scan on title t  (cost=0.00..67604.59 rows=789769 width=4) (actual time=0.027..1191.374 rows=784926 loops=1)
                          Filter: (production_year > 2007)
                          Rows Removed by Filter: 1743386
Planning time: 1.241 ms
Execution time: 32869.433 ms
