Seq Scan on movie_keyword mk  (cost=0.00..81003.12 rows=246 width=0) (actual time=13.771..1263.623 rows=111 loops=1)
  Filter: (keyword_id = 26846)
  Rows Removed by Filter: 4523819
Planning time: 0.351 ms
Execution time: 1263.807 ms
