Seq Scan on movie_keyword mk  (cost=0.00..81003.12 rows=3516649 width=0) (actual time=0.014..1526.958 rows=3511143 loops=1)
  Filter: (keyword_id < 17854)
  Rows Removed by Filter: 1012787
Planning time: 0.252 ms
Execution time: 1962.442 ms
