Seq Scan on movie_keyword mk  (cost=0.00..81003.12 rows=3422388 width=0) (actual time=0.020..1573.065 rows=3414464 loops=1)
  Filter: (keyword_id > 1135)
  Rows Removed by Filter: 1109466
Planning time: 0.314 ms
Execution time: 2004.819 ms
