Hash Join  (cost=79715.19..616420.44 rows=2036259 width=0) (actual time=1294.286..16348.739 rows=3066004 loops=1)
  Hash Cond: (mi.movie_id = t.id)
  ->  Seq Scan on movie_info mi  (cost=0.00..346232.03 rows=14592968 width=4) (actual time=0.010..7255.285 rows=14637966 loops=1)
        Filter: (info_type_id < 107)
        Rows Removed by Filter: 197754
  ->  Hash  (cost=73925.90..73925.90 rows=352823 width=4) (actual time=1293.063..1293.063 rows=302088 loops=1)
        Buckets: 131072  Batches: 8  Memory Usage: 2348kB
        ->  Seq Scan on title t  (cost=0.00..73925.90 rows=352823 width=4) (actual time=0.018..1191.891 rows=302088 loops=1)
              Filter: ((kind_id < 7) AND (production_year > 2006))
              Rows Removed by Filter: 2226224
Planning time: 0.765 ms
Execution time: 16736.494 ms
