Hash Join  (cost=123871.12..1200635.11 rows=4181976 width=0) (actual time=2518.659..31999.955 rows=6501292 loops=1)
  Hash Cond: (ci.movie_id = t.id)
  ->  Seq Scan on cast_info ci  (cost=0.00..614943.12 rows=36225612 width=4) (actual time=0.013..12859.204 rows=36244344 loops=1)
  ->  Hash  (cost=119081.37..119081.37 rows=291900 width=8) (actual time=2517.912..2517.912 rows=192209 loops=1)
        Buckets: 131072  Batches: 4  Memory Usage: 2895kB
        ->  Hash Join  (cost=76379.89..119081.37 rows=291900 width=8) (actual time=1390.282..2466.492 rows=192209 loops=1)
              Hash Cond: (mi_idx.movie_id = t.id)
              ->  Seq Scan on movie_info_idx mi_idx  (cost=0.00..21735.35 rows=1380035 width=4) (actual time=0.020..425.534 rows=1380035 loops=1)
              ->  Hash  (cost=67604.59..67604.59 rows=534824 width=4) (actual time=1389.033..1389.033 rows=533369 loops=1)
                    Buckets: 131072  Batches: 8  Memory Usage: 3369kB
                    ->  Seq Scan on title t  (cost=0.00..67604.59 rows=534824 width=4) (actual time=0.027..1218.964 rows=533369 loops=1)
                          Filter: (production_year > 2009)
                          Rows Removed by Filter: 1994943
Planning time: 0.962 ms
Execution time: 32773.976 ms
