Hash Join  (cost=292585.98..942874.43 rows=14250862 width=0) (actual time=6422.708..48571.018 rows=121417840 loops=1)
  Hash Cond: (mi.movie_id = t.id)
  ->  Seq Scan on movie_info mi  (cost=0.00..309384.22 rows=14739122 width=4) (actual time=0.018..5918.047 rows=14835720 loops=1)
  ->  Hash  (cost=252476.41..252476.41 rows=2444765 width=8) (actual time=6419.263..6419.263 rows=2445005 loops=1)
        Buckets: 131072 (originally 131072)  Batches: 64 (originally 32)  Memory Usage: 4069kB
        ->  Hash Join  (cost=102767.86..252476.41 rows=2444765 width=8) (actual time=1973.321..5777.758 rows=2445005 loops=1)
              Hash Cond: (mk.movie_id = t.id)
              ->  Seq Scan on movie_keyword mk  (cost=0.00..81003.12 rows=2444765 width=4) (actual time=0.018..1684.115 rows=2445005 loops=1)
                    Filter: (keyword_id < 5827)
                    Rows Removed by Filter: 2078925
              ->  Hash  (cost=61283.27..61283.27 rows=2528527 width=4) (actual time=1970.604..1970.604 rows=2528312 loops=1)
                    Buckets: 131072  Batches: 64  Memory Usage: 2425kB
                    ->  Seq Scan on title t  (cost=0.00..61283.27 rows=2528527 width=4) (actual time=0.016..1124.195 rows=2528312 loops=1)
Planning time: 1.917 ms
Execution time: 61889.932 ms
