Seq Scan on movie_keyword mk  (cost=0.00..81003.12 rows=3167738 width=0) (actual time=0.011..1679.403 rows=3149104 loops=1)
  Filter: (keyword_id > 1809)
  Rows Removed by Filter: 1374826
Planning time: 0.242 ms
Execution time: 2098.814 ms
