Hash Join  (cost=839746.83..1567984.77 rows=2760034 width=0) (actual time=22326.713..39071.627 rows=3233807 loops=1)
  Hash Cond: (mi.movie_id = t.id)
  ->  Seq Scan on movie_info mi  (cost=0.00..346232.03 rows=12665229 width=4) (actual time=0.006..7285.839 rows=12744652 loops=1)
        Filter: (info_type_id > 2)
        Rows Removed by Filter: 2091068
  ->  Hash  (cost=830706.05..830706.05 rows=551022 width=8) (actual time=22311.886..22311.886 rows=594398 loops=1)
        Buckets: 131072  Batches: 8  Memory Usage: 3957kB
        ->  Hash Join  (cost=74406.67..830706.05 rows=551022 width=8) (actual time=1075.573..21826.529 rows=594398 loops=1)
              Hash Cond: (ci.movie_id = t.id)
              ->  Seq Scan on cast_info ci  (cost=0.00..614943.12 rows=36225612 width=4) (actual time=0.012..9385.909 rows=36244344 loops=1)
              ->  Hash  (cost=73925.90..73925.90 rows=38461 width=4) (actual time=1075.229..1075.229 rows=44913 loops=1)
                    Buckets: 65536  Batches: 1  Memory Usage: 2091kB
                    ->  Seq Scan on title t  (cost=0.00..73925.90 rows=38461 width=4) (actual time=0.034..1057.729 rows=44913 loops=1)
                          Filter: ((kind_id > 1) AND (production_year = 2000))
                          Rows Removed by Filter: 2483399
Planning time: 2.190 ms
Execution time: 39467.674 ms
