Nested Loop  (cost=0.43..797958.22 rows=80 width=0) (actual time=1509.518..13687.015 rows=50 loops=1)
  ->  Seq Scan on cast_info ci  (cost=0.00..796071.18 rows=224 width=4) (actual time=1509.430..13686.006 rows=53 loops=1)
        Filter: ((role_id > 2) AND (person_id = 697278))
        Rows Removed by Filter: 36244291
  ->  Index Scan using title_pkey on title t  (cost=0.43..8.41 rows=1 width=4) (actual time=0.017..0.018 rows=1 loops=53)
        Index Cond: (id = ci.movie_id)
        Filter: (production_year > 2006)
        Rows Removed by Filter: 0
Planning time: 0.812 ms
Execution time: 13687.136 ms
