Hash Join  (cost=81615.04..151802.61 rows=144071 width=0) (actual time=1402.003..2715.332 rows=195138 loops=1)
  Hash Cond: (mc.movie_id = t.id)
  ->  Seq Scan on movie_companies mc  (cost=0.00..57926.93 rows=777313 width=4) (actual time=0.019..1011.227 rows=561622 loops=1)
        Filter: ((company_id > 5488) AND (company_type_id < 2))
        Rows Removed by Filter: 2047507
  ->  Hash  (cost=73925.90..73925.90 rows=468651 width=4) (actual time=1349.056..1349.056 rows=340746 loops=1)
        Buckets: 131072  Batches: 8  Memory Usage: 2526kB
        ->  Seq Scan on title t  (cost=0.00..73925.90 rows=468651 width=4) (actual time=111.261..1241.988 rows=340746 loops=1)
              Filter: ((production_year > 1989) AND (kind_id = 1))
              Rows Removed by Filter: 2187566
Planning time: 0.612 ms
Execution time: 2736.987 ms
