Seq Scan on movie_keyword mk  (cost=0.00..81003.12 rows=1474121 width=0) (actual time=0.025..1251.144 rows=1486266 loops=1)
  Filter: (keyword_id > 10991)
  Rows Removed by Filter: 3037664
Planning time: 0.344 ms
Execution time: 1421.918 ms
