Hash Join  (cost=167140.20..222329.84 rows=52412 width=0) (actual time=2869.673..4069.890 rows=22050 loops=1)
  Hash Cond: (mc.movie_id = t.id)
  ->  Seq Scan on movie_companies mc  (cost=0.00..44881.29 rows=2609129 width=4) (actual time=0.008..649.064 rows=2609129 loops=1)
  ->  Hash  (cost=166505.29..166505.29 rows=50793 width=8) (actual time=2869.308..2869.308 rows=10132 loops=1)
        Buckets: 65536  Batches: 1  Memory Usage: 908kB
        ->  Hash Join  (cost=77854.63..166505.29 rows=50793 width=8) (actual time=1315.743..2865.746 rows=10132 loops=1)
              Hash Cond: (mk.movie_id = t.id)
              ->  Seq Scan on movie_keyword mk  (cost=0.00..81003.12 rows=536427 width=4) (actual time=80.721..1374.012 rows=527400 loops=1)
                    Filter: (keyword_id > 34483)
                    Rows Removed by Filter: 3996530
              ->  Hash  (cost=73925.90..73925.90 rows=239418 width=4) (actual time=1233.059..1233.059 rows=256906 loops=1)
                    Buckets: 131072  Batches: 4  Memory Usage: 3302kB
                    ->  Seq Scan on title t  (cost=0.00..73925.90 rows=239418 width=4) (actual time=0.034..1146.572 rows=256906 loops=1)
                          Filter: ((production_year > 2010) AND (kind_id = 7))
                          Rows Removed by Filter: 2271406
Planning time: 1.160 ms
Execution time: 4072.686 ms
