Seq Scan on movie_keyword mk  (cost=0.00..81003.12 rows=2799604 width=0) (actual time=0.022..1407.122 rows=2788904 loops=1)
  Filter: (keyword_id < 8131)
  Rows Removed by Filter: 1735026
Planning time: 0.367 ms
Execution time: 1735.826 ms
