Seq Scan on movie_keyword mk  (cost=0.00..81003.12 rows=246 width=0) (actual time=0.044..1224.385 rows=2025 loops=1)
  Filter: (keyword_id = 3945)
  Rows Removed by Filter: 4521905
Planning time: 0.384 ms
Execution time: 1225.055 ms
