Hash Join  (cost=170181.28..568200.35 rows=330334 width=0) (actual time=3382.470..15082.178 rows=3410128 loops=1)
  Hash Cond: (mi.movie_id = t.id)
  ->  Seq Scan on movie_info mi  (cost=0.00..346232.03 rows=12928982 width=4) (actual time=0.027..6600.394 rows=12970088 loops=1)
        Filter: (info_type_id < 18)
        Rows Removed by Filter: 1865632
  ->  Hash  (cost=169373.73..169373.73 rows=64604 width=8) (actual time=3169.630..3169.630 rows=95665 loops=1)
        Buckets: 131072 (originally 65536)  Batches: 2 (originally 1)  Memory Usage: 3073kB
        ->  Hash Join  (cost=82131.75..169373.73 rows=64604 width=8) (actual time=1660.762..3133.006 rows=95665 loops=1)
              Hash Cond: (mk.movie_id = t.id)
              ->  Seq Scan on movie_keyword mk  (cost=0.00..81003.12 rows=184484 width=4) (actual time=81.295..1274.729 rows=188643 loops=1)
                    Filter: (keyword_id > 71201)
                    Rows Removed by Filter: 4335287
              ->  Hash  (cost=67604.59..67604.59 rows=885453 width=4) (actual time=1578.531..1578.531 rows=885650 loops=1)
                    Buckets: 131072  Batches: 16  Memory Usage: 2979kB
                    ->  Seq Scan on title t  (cost=0.00..67604.59 rows=885453 width=4) (actual time=0.030..1295.682 rows=885650 loops=1)
                          Filter: (production_year < 1997)
                          Rows Removed by Filter: 1642662
Planning time: 1.271 ms
Execution time: 15492.789 ms
