Seq Scan on cast_info ci  (cost=0.00..705507.15 rows=1363922 width=0) (actual time=6176.560..10835.067 rows=1382564 loops=1)
  Filter: (person_id > 3793396)
  Rows Removed by Filter: 34861780
Planning time: 0.346 ms
Execution time: 11019.403 ms
