Seq Scan on cast_info ci  (cost=0.00..796071.18 rows=2185746 width=0) (actual time=3120.394..12756.448 rows=3634256 loops=1)
  Filter: ((person_id > 1757944) AND (role_id = 10))
  Rows Removed by Filter: 32610088
Planning time: 0.307 ms
Execution time: 13203.743 ms
