Seq Scan on movie_keyword mk  (cost=0.00..81003.12 rows=246 width=0) (actual time=23.819..1285.369 rows=53 loops=1)
  Filter: (keyword_id = 74440)
  Rows Removed by Filter: 4523877
Planning time: 0.392 ms
Execution time: 1285.495 ms
