Seq Scan on movie_keyword mk  (cost=0.00..81003.12 rows=246 width=0) (actual time=475.099..1225.295 rows=6 loops=1)
  Filter: (keyword_id = 85680)
  Rows Removed by Filter: 4523924
Planning time: 0.398 ms
Execution time: 1225.389 ms
