Nested Loop  (cost=0.43..447802.20 rows=17937 width=0) (actual time=682.187..6162.502 rows=36985 loops=1)
  ->  Seq Scan on movie_info mi  (cost=0.00..346232.03 rows=17937 width=4) (actual time=682.097..5465.388 rows=36985 loops=1)
        Filter: (info_type_id = 104)
        Rows Removed by Filter: 14798735
  ->  Index Only Scan using title_pkey on title t  (cost=0.43..5.65 rows=1 width=4) (actual time=0.018..0.018 rows=1 loops=36985)
        Index Cond: (id = mi.movie_id)
        Heap Fetches: 36985
Planning time: 0.855 ms
Execution time: 6169.528 ms
