Seq Scan on cast_info ci  (cost=0.00..796071.18 rows=26287492 width=0) (actual time=0.029..17805.865 rows=26177017 loops=1)
  Filter: ((person_id > 285345) AND (role_id < 8))
  Rows Removed by Filter: 10067327
Planning time: 0.381 ms
Execution time: 21076.710 ms
