Hash Join  (cost=181766.74..540354.59 rows=134719 width=0) (actual time=5450.130..10186.820 rows=328890 loops=1)
  Hash Cond: (mi.movie_id = t.id)
  ->  Seq Scan on movie_info mi  (cost=0.00..346232.03 rows=809768 width=4) (actual time=1335.042..5514.782 rows=802140 loops=1)
        Filter: (info_type_id < 2)
        Rows Removed by Filter: 14033580
  ->  Hash  (cost=174864.42..174864.42 rows=420666 width=8) (actual time=4114.217..4114.217 rows=513485 loops=1)
        Buckets: 131072  Batches: 8  Memory Usage: 3518kB
        ->  Hash Join  (cost=98137.04..174864.42 rows=420666 width=8) (actual time=1904.347..3951.345 rows=513485 loops=1)
              Hash Cond: (mc.movie_id = t.id)
              ->  Seq Scan on movie_companies mc  (cost=0.00..57926.93 rows=571557 width=4) (actual time=0.040..1152.742 rows=781347 loops=1)
                    Filter: ((company_id < 9482) AND (company_type_id = 1))
                    Rows Removed by Filter: 1827782
              ->  Hash  (cost=67604.59..67604.59 rows=1860996 width=4) (actual time=1903.187..1903.187 rows=1865487 loops=1)
                    Buckets: 131072  Batches: 32  Memory Usage: 3079kB
                    ->  Seq Scan on title t  (cost=0.00..67604.59 rows=1860996 width=4) (actual time=0.026..1304.714 rows=1865487 loops=1)
                          Filter: (kind_id > 1)
                          Rows Removed by Filter: 662825
Planning time: 4.641 ms
Execution time: 10228.265 ms
