Hash Join  (cost=168496.98..680977.57 rows=3062166 width=0) (actual time=3900.375..25157.469 rows=33602933 loops=1)
  Hash Cond: (mi.movie_id = t.id)
  ->  Seq Scan on movie_info mi  (cost=0.00..309384.22 rows=14739122 width=4) (actual time=0.018..6304.003 rows=14835720 loops=1)
  ->  Hash  (cost=159877.47..159877.47 rows=525321 width=8) (actual time=3899.508..3899.508 rows=814806 loops=1)
        Buckets: 131072 (originally 131072)  Batches: 16 (originally 8)  Memory Usage: 3073kB
        ->  Hash Join  (cost=83810.17..159877.47 rows=525321 width=8) (actual time=1501.808..3629.536 rows=814806 loops=1)
              Hash Cond: (mc.movie_id = t.id)
              ->  Seq Scan on movie_companies mc  (cost=0.00..51404.11 rows=1344793 width=4) (actual time=0.016..987.201 rows=1333489 loops=1)
                    Filter: (company_id < 11410)
                    Rows Removed by Filter: 1275640
              ->  Hash  (cost=67604.59..67604.59 rows=987727 width=4) (actual time=1500.519..1500.519 rows=985048 loops=1)
                    Buckets: 131072  Batches: 16  Memory Usage: 3188kB
                    ->  Seq Scan on title t  (cost=0.00..67604.59 rows=987727 width=4) (actual time=0.022..1188.898 rows=985048 loops=1)
                          Filter: (kind_id < 7)
                          Rows Removed by Filter: 1543264
Planning time: 0.955 ms
Execution time: 28789.849 ms
