Seq Scan on title t  (cost=0.00..73925.90 rows=86285 width=0) (actual time=0.023..1206.878 rows=92628 loops=1)
  Filter: ((kind_id = 7) AND (production_year = 2010))
  Rows Removed by Filter: 2435684
Planning time: 0.420 ms
Execution time: 1223.910 ms
