Seq Scan on movie_keyword mk  (cost=0.00..81003.12 rows=1175803 width=0) (actual time=0.020..1507.031 rows=1187382 loops=1)
  Filter: (keyword_id > 15619)
  Rows Removed by Filter: 3336548
Planning time: 0.248 ms
Execution time: 1657.021 ms
