Seq Scan on title t  (cost=0.00..73925.90 rows=480667 width=0) (actual time=0.016..1251.456 rows=350545 loops=1)
  Filter: ((production_year > 1987) AND (kind_id = 1))
  Rows Removed by Filter: 2177767
Planning time: 0.358 ms
Execution time: 1296.654 ms
