Seq Scan on movie_companies mc  (cost=0.00..57926.93 rows=631356 width=0) (actual time=88.432..984.674 rows=390889 loops=1)
  Filter: ((company_id > 11344) AND (company_type_id = 1))
  Rows Removed by Filter: 2218240
Planning time: 0.409 ms
Execution time: 1034.561 ms
