Hash Join  (cost=102767.86..252220.52 rows=2434064 width=0) (actual time=2121.096..6083.507 rows=2426047 loops=1)
  Hash Cond: (mk.movie_id = t.id)
  ->  Seq Scan on movie_keyword mk  (cost=0.00..81003.12 rows=2434064 width=4) (actual time=0.026..1684.235 rows=2426047 loops=1)
        Filter: (keyword_id > 3771)
        Rows Removed by Filter: 2097883
  ->  Hash  (cost=61283.27..61283.27 rows=2528527 width=4) (actual time=2119.870..2119.870 rows=2528312 loops=1)
        Buckets: 131072  Batches: 64  Memory Usage: 2425kB
        ->  Seq Scan on title t  (cost=0.00..61283.27 rows=2528527 width=4) (actual time=0.017..1246.795 rows=2528312 loops=1)
Planning time: 0.771 ms
Execution time: 6339.445 ms
