Seq Scan on movie_info mi  (cost=0.00..346232.03 rows=17937 width=0) (actual time=620.482..5373.879 rows=6620 loops=1)
  Filter: (info_type_id = 75)
  Rows Removed by Filter: 14829100
Planning time: 0.429 ms
Execution time: 5374.984 ms
