Seq Scan on movie_keyword mk  (cost=0.00..81003.12 rows=246 width=0) (actual time=4.403..1198.582 rows=456 loops=1)
  Filter: (keyword_id = 5892)
  Rows Removed by Filter: 4523474
Planning time: 0.378 ms
Execution time: 1198.890 ms
