Seq Scan on cast_info ci  (cost=0.00..705507.15 rows=5683965 width=0) (actual time=3598.185..11778.527 rows=5743605 loops=1)
  Filter: (person_id > 3072442)
  Rows Removed by Filter: 30500739
Planning time: 0.326 ms
Execution time: 12488.083 ms
