Hash Join  (cost=89762.59..172509.97 rows=617507 width=0) (actual time=1749.017..3868.458 rows=708779 loops=1)
  Hash Cond: (mc.movie_id = t.id)
  ->  Seq Scan on movie_companies mc  (cost=0.00..57926.93 rows=1156101 width=4) (actual time=0.026..1197.901 rows=1083855 loops=1)
        Filter: ((company_id > 115) AND (company_type_id = 1))
        Rows Removed by Filter: 1525274
  ->  Hash  (cost=67604.59..67604.59 rows=1350560 width=4) (actual time=1748.312..1748.312 rows=1348293 loops=1)
        Buckets: 131072  Batches: 32  Memory Usage: 2505kB
        ->  Seq Scan on title t  (cost=0.00..67604.59 rows=1350560 width=4) (actual time=0.021..1303.191 rows=1348293 loops=1)
              Filter: (production_year < 2005)
              Rows Removed by Filter: 1180019
Planning time: 0.789 ms
Execution time: 3955.886 ms
