Hash Join  (cost=83462.78..950385.56 rows=1137352 width=0) (actual time=2413.641..17270.404 rows=1185602 loops=1)
  Hash Cond: (ci.movie_id = t.id)
  ->  Seq Scan on cast_info ci  (cost=0.00..796071.18 rows=4947487 width=4) (actual time=876.445..12335.442 rows=5357579 loops=1)
        Filter: ((person_id < 540892) AND (role_id < 10))
        Rows Removed by Filter: 30886765
  ->  Hash  (cost=73925.90..73925.90 rows=581270 width=4) (actual time=1536.216..1536.216 rows=602533 loops=1)
        Buckets: 131072  Batches: 8  Memory Usage: 3669kB
        ->  Seq Scan on title t  (cost=0.00..73925.90 rows=581270 width=4) (actual time=0.029..1332.192 rows=602533 loops=1)
              Filter: ((kind_id > 1) AND (production_year > 2007))
              Rows Removed by Filter: 1925779
Planning time: 0.854 ms
Execution time: 17424.807 ms
