Hash Join  (cost=75574.02..1169832.58 rows=1289494 width=0) (actual time=1173.355..30468.126 rows=1386108 loops=1)
  Hash Cond: (ci.movie_id = t.id)
  ->  Seq Scan on cast_info ci  (cost=0.00..705507.15 rows=32472394 width=4) (actual time=0.013..16470.255 rows=32465619 loops=1)
        Filter: (person_id < 3370599)
        Rows Removed by Filter: 3778725
  ->  Hash  (cost=73925.90..73925.90 rows=100409 width=4) (actual time=1079.618..1079.618 rows=110402 loops=1)
        Buckets: 131072  Batches: 2  Memory Usage: 2964kB
        ->  Seq Scan on title t  (cost=0.00..73925.90 rows=100409 width=4) (actual time=271.429..984.165 rows=110402 loops=1)
              Filter: ((kind_id = 7) AND (production_year = 2012))
              Rows Removed by Filter: 2417910
Planning time: 0.881 ms
Execution time: 30642.743 ms
