Hash Join  (cost=91879.05..830931.80 rows=797128 width=0) (actual time=9686.037..14754.558 rows=663542 loops=1)
  Hash Cond: (ci.movie_id = t.id)
  ->  Seq Scan on cast_info ci  (cost=0.00..705507.15 rows=1841952 width=4) (actual time=8009.352..11576.271 rows=1884019 loops=1)
        Filter: (person_id > 3690859)
        Rows Removed by Filter: 34360325
  ->  Hash  (cost=73925.90..73925.90 rows=1094252 width=4) (actual time=1675.629..1675.629 rows=1044222 loops=1)
        Buckets: 131072  Batches: 16  Memory Usage: 3319kB
        ->  Seq Scan on title t  (cost=0.00..73925.90 rows=1094252 width=4) (actual time=0.018..1352.325 rows=1044222 loops=1)
              Filter: ((production_year < 2009) AND (kind_id = 7))
              Rows Removed by Filter: 1484090
Planning time: 0.869 ms
Execution time: 14834.274 ms
