Hash Join  (cost=82033.88..1275104.45 rows=7021495 width=0) (actual time=1512.881..38436.271 rows=8328421 loops=1)
  Hash Cond: (ci.movie_id = t.id)
  ->  Seq Scan on cast_info ci  (cost=0.00..705507.15 rows=35927859 width=4) (actual time=0.020..16848.244 rows=35917552 loops=1)
        Filter: (person_id < 4002372)
        Rows Removed by Filter: 326792
  ->  Hash  (cost=73925.90..73925.90 rows=494158 width=4) (actual time=1512.002..1512.002 rows=581419 loops=1)
        Buckets: 131072  Batches: 8  Memory Usage: 3592kB
        ->  Seq Scan on title t  (cost=0.00..73925.90 rows=494158 width=4) (actual time=0.019..1322.290 rows=581419 loops=1)
              Filter: ((kind_id < 7) AND (production_year < 2004))
              Rows Removed by Filter: 1946893
Planning time: 0.743 ms
Execution time: 39391.804 ms
