Seq Scan on movie_keyword mk  (cost=0.00..81003.12 rows=246 width=0) (actual time=19.585..1335.047 rows=433 loops=1)
  Filter: (keyword_id = 3028)
  Rows Removed by Filter: 4523497
Planning time: 0.420 ms
Execution time: 1335.344 ms
