Hash Join  (cost=91959.31..1344236.29 rows=21267481 width=0) (actual time=1836.381..40124.634 rows=22797549 loops=1)
  Hash Cond: (ci.movie_id = t.id)
  ->  Seq Scan on cast_info ci  (cost=0.00..614943.12 rows=36225612 width=4) (actual time=0.017..13805.149 rows=36244344 loops=1)
  ->  Hash  (cost=67604.59..67604.59 rows=1484458 width=4) (actual time=1835.199..1835.199 rows=1485030 loops=1)
        Buckets: 131072  Batches: 32  Memory Usage: 2655kB
        ->  Seq Scan on title t  (cost=0.00..67604.59 rows=1484458 width=4) (actual time=0.022..1362.978 rows=1485030 loops=1)
              Filter: (production_year > 1998)
              Rows Removed by Filter: 1043282
Planning time: 0.799 ms
Execution time: 42598.471 ms
