Hash Join  (cost=67697.55..154488.65 rows=13306 width=0) (actual time=1146.637..2806.893 rows=642 loops=1)
  Hash Cond: (mk.movie_id = t.id)
  ->  Seq Scan on movie_keyword mk  (cost=0.00..69693.30 rows=4523930 width=4) (actual time=0.018..1078.337 rows=4523930 loops=1)
  ->  Hash  (cost=67604.59..67604.59 rows=7437 width=4) (actual time=912.462..912.462 rows=3417 loops=1)
        Buckets: 8192  Batches: 1  Memory Usage: 185kB
        ->  Seq Scan on title t  (cost=0.00..67604.59 rows=7437 width=4) (actual time=0.038..910.831 rows=3417 loops=1)
              Filter: (production_year = 1909)
              Rows Removed by Filter: 2524895
Planning time: 0.786 ms
Execution time: 2807.190 ms
