Seq Scan on title t  (cost=0.00..73925.90 rows=1174192 width=0) (actual time=0.026..1370.075 rows=1260829 loops=1)
  Filter: ((production_year > 1981) AND (kind_id = 7))
  Rows Removed by Filter: 1267483
Planning time: 0.410 ms
Execution time: 1523.237 ms
