Seq Scan on cast_info ci  (cost=0.00..705507.15 rows=500 width=0) (actual time=5578.126..10300.764 rows=356 loops=1)
  Filter: (person_id = 432115)
  Rows Removed by Filter: 36243988
Planning time: 0.389 ms
Execution time: 10300.900 ms
