Seq Scan on movie_info mi  (cost=0.00..346232.03 rows=17937 width=0) (actual time=564.840..4574.156 rows=6440 loops=1)
  Filter: (info_type_id = 64)
  Rows Removed by Filter: 14829280
Planning time: 0.405 ms
Execution time: 4575.176 ms
