Hash Join  (cost=435945.51..1222118.42 rows=557456 width=0) (actual time=7439.286..25185.477 rows=136537 loops=1)
  Hash Cond: (ci.movie_id = t.id)
  ->  Seq Scan on cast_info ci  (cost=0.00..705507.15 rows=20024311 width=4) (actual time=0.026..13500.654 rows=20122661 loops=1)
        Filter: (role_id < 3)
        Rows Removed by Filter: 16121683
  ->  Hash  (cost=435065.61..435065.61 rows=70392 width=8) (actual time=7438.003..7438.003 rows=17858 loops=1)
        Buckets: 131072  Batches: 1  Memory Usage: 1722kB
        ->  Hash Join  (cost=74539.83..435065.61 rows=70392 width=8) (actual time=1416.672..7427.495 rows=17858 loops=1)
              Hash Cond: (mi.movie_id = t.id)
              ->  Seq Scan on movie_info mi  (cost=0.00..346232.03 rows=3623957 width=4) (actual time=99.749..5185.901 rows=3624977 loops=1)
                    Filter: (info_type_id < 4)
                    Rows Removed by Filter: 11210743
              ->  Hash  (cost=73925.90..73925.90 rows=49114 width=4) (actual time=1316.548..1316.548 rows=45321 loops=1)
                    Buckets: 65536  Batches: 1  Memory Usage: 2106kB
                    ->  Seq Scan on title t  (cost=0.00..73925.90 rows=49114 width=4) (actual time=0.482..1297.856 rows=45321 loops=1)
                          Filter: ((kind_id > 1) AND (production_year > 2012))
                          Rows Removed by Filter: 2482991
Planning time: 1.177 ms
Execution time: 25206.573 ms
