Hash Join  (cost=144663.17..927697.62 rows=251286 width=0) (actual time=2458.963..20389.931 rows=768539 loops=1)
  Hash Cond: (ci.movie_id = t.id)
  ->  Seq Scan on cast_info ci  (cost=0.00..705507.15 rows=20003852 width=4) (actual time=0.022..12266.458 rows=19867361 loops=1)
        Filter: (person_id < 1994825)
        Rows Removed by Filter: 16376983
  ->  Hash  (cost=144266.13..144266.13 rows=31763 width=8) (actual time=2458.693..2458.693 rows=30733 loops=1)
        Buckets: 32768  Batches: 1  Memory Usage: 1457kB
        ->  Hash Join  (cost=75411.94..144266.13 rows=31763 width=8) (actual time=1169.944..2447.111 rows=30733 loops=1)
              Hash Cond: (mc.movie_id = t.id)
              ->  Seq Scan on movie_companies mc  (cost=0.00..57926.93 rows=886833 width=4) (actual time=0.017..1007.575 rows=714123 loops=1)
                    Filter: ((company_id > 1709) AND (company_type_id = 1))
                    Rows Removed by Filter: 1895006
              ->  Hash  (cost=73925.90..73925.90 rows=90563 width=4) (actual time=1168.983..1168.983 rows=80990 loops=1)
                    Buckets: 131072  Batches: 2  Memory Usage: 2450kB
                    ->  Seq Scan on title t  (cost=0.00..73925.90 rows=90563 width=4) (actual time=0.083..1138.548 rows=80990 loops=1)
                          Filter: ((kind_id < 7) AND (production_year > 2011))
                          Rows Removed by Filter: 2447322
Planning time: 3.948 ms
Execution time: 20494.194 ms
