Hash Join  (cost=189987.91..1071236.49 rows=1557880 width=0) (actual time=4516.987..28137.271 rows=16354214 loops=1)
  Hash Cond: (ci.movie_id = t.id)
  ->  Seq Scan on cast_info ci  (cost=0.00..705507.15 rows=13755100 width=4) (actual time=0.014..13084.291 rows=13920133 loops=1)
        Filter: (person_id > 2275124)
        Rows Removed by Filter: 22324211
  ->  Hash  (cost=185289.20..185289.20 rows=286377 width=8) (actual time=4516.264..4516.264 rows=511027 loops=1)
        Buckets: 131072 (originally 131072)  Batches: 8 (originally 4)  Memory Usage: 3552kB
        ->  Hash Join  (cost=81516.96..185289.20 rows=286377 width=8) (actual time=1330.598..4351.553 rows=511027 loops=1)
              Hash Cond: (mk.movie_id = t.id)
              ->  Seq Scan on movie_keyword mk  (cost=0.00..81003.12 rows=1565159 width=4) (actual time=0.015..1433.374 rows=1572372 loops=1)
                    Filter: (keyword_id < 2375)
                    Rows Removed by Filter: 2951558
              ->  Hash  (cost=73925.90..73925.90 rows=462644 width=4) (actual time=1329.849..1329.849 rows=335285 loops=1)
                    Buckets: 131072  Batches: 8  Memory Usage: 2511kB
                    ->  Seq Scan on title t  (cost=0.00..73925.90 rows=462644 width=4) (actual time=0.008..1227.353 rows=335285 loops=1)
                          Filter: ((production_year > 1990) AND (kind_id = 1))
                          Rows Removed by Filter: 2193027
Planning time: 0.762 ms
Execution time: 30135.205 ms
