Hash Join  (cost=176890.93..567874.19 rows=223740 width=0) (actual time=5790.245..11269.905 rows=1050779 loops=1)
  Hash Cond: (mi.movie_id = t.id)
  ->  Seq Scan on movie_info mi  (cost=0.00..346232.03 rows=3623957 width=4) (actual time=1360.675..5186.933 rows=3624977 loops=1)
        Filter: (info_type_id < 4)
        Rows Removed by Filter: 11210743
  ->  Hash  (cost=174329.56..174329.56 rows=156109 width=8) (actual time=3814.801..3814.801 rows=306896 loops=1)
        Buckets: 131072  Batches: 4  Memory Usage: 4036kB
        ->  Hash Join  (cost=102767.86..174329.56 rows=156109 width=8) (actual time=1934.225..3717.046 rows=306896 loops=1)
              Hash Cond: (mc.movie_id = t.id)
              ->  Seq Scan on movie_companies mc  (cost=0.00..57926.93 rows=156109 width=4) (actual time=0.098..886.390 rows=306896 loops=1)
                    Filter: ((company_id > 93105) AND (company_type_id > 1))
                    Rows Removed by Filter: 2302233
              ->  Hash  (cost=61283.27..61283.27 rows=2528527 width=4) (actual time=1932.967..1932.967 rows=2528312 loops=1)
                    Buckets: 131072  Batches: 64  Memory Usage: 2415kB
                    ->  Seq Scan on title t  (cost=0.00..61283.27 rows=2528527 width=4) (actual time=0.022..1094.648 rows=2528312 loops=1)
Planning time: 3.178 ms
Execution time: 11405.604 ms
