Seq Scan on title t  (cost=0.00..73925.90 rows=1760141 width=0) (actual time=0.019..1388.434 rows=1754586 loops=1)
  Filter: ((kind_id > 1) AND (production_year < 2013))
  Rows Removed by Filter: 773726
Planning time: 0.321 ms
Execution time: 1622.084 ms
