Hash Join  (cost=182803.56..563648.24 rows=636984 width=0) (actual time=6730.751..14784.694 rows=14278173 loops=1)
  Hash Cond: (mi.movie_id = t.id)
  ->  Seq Scan on movie_info mi  (cost=0.00..346232.03 rows=2194617 width=4) (actual time=2338.310..5833.505 rows=2233850 loops=1)
        Filter: (info_type_id > 16)
        Rows Removed by Filter: 12601870
  ->  Hash  (cost=170762.80..170762.80 rows=733901 width=8) (actual time=4318.490..4318.490 rows=1133324 loops=1)
        Buckets: 131072  Batches: 16  Memory Usage: 3839kB
        ->  Hash Join  (cost=85595.27..170762.80 rows=733901 width=8) (actual time=1405.660..3982.166 rows=1133324 loops=1)
              Hash Cond: (mc.movie_id = t.id)
              ->  Seq Scan on movie_companies mc  (cost=0.00..44881.29 rows=2609129 width=4) (actual time=0.030..930.931 rows=2609129 loops=1)
              ->  Hash  (cost=73925.90..73925.90 rows=711229 width=4) (actual time=1404.406..1404.406 rows=612155 loops=1)
                    Buckets: 131072  Batches: 16  Memory Usage: 2368kB
                    ->  Seq Scan on title t  (cost=0.00..73925.90 rows=711229 width=4) (actual time=0.026..1213.364 rows=612155 loops=1)
                          Filter: ((kind_id < 7) AND (production_year > 1987))
                          Rows Removed by Filter: 1916157
Planning time: 1.175 ms
Execution time: 16470.999 ms
