Seq Scan on cast_info ci  (cost=0.00..796071.18 rows=1545809 width=0) (actual time=1893.615..12012.464 rows=1431 loops=1)
  Filter: ((person_id < 734342) AND (role_id = 2))
  Rows Removed by Filter: 36242913
Planning time: 0.344 ms
Execution time: 12012.871 ms
