Seq Scan on movie_keyword mk  (cost=0.00..81003.12 rows=3957703 width=0) (actual time=0.021..1470.519 rows=3961401 loops=1)
  Filter: (keyword_id < 32636)
  Rows Removed by Filter: 562529
Planning time: 0.272 ms
Execution time: 1964.195 ms
