Hash Join  (cost=192370.39..755611.94 rows=7819460 width=0) (actual time=4427.035..25196.416 rows=20883545 loops=1)
  Hash Cond: (mi.movie_id = t.id)
  ->  Seq Scan on movie_info mi  (cost=0.00..309384.22 rows=14739122 width=4) (actual time=0.023..6164.377 rows=14835720 loops=1)
  ->  Hash  (cost=170361.33..170361.33 rows=1341445 width=8) (actual time=4425.925..4425.925 rows=1379855 loops=1)
        Buckets: 131072  Batches: 32  Memory Usage: 2726kB
        ->  Hash Join  (cost=107928.35..170361.33 rows=1341445 width=8) (actual time=2277.556..4087.796 rows=1379855 loops=1)
              Hash Cond: (mi_idx.movie_id = t.id)
              ->  Seq Scan on movie_info_idx mi_idx  (cost=0.00..21735.35 rows=1380035 width=4) (actual time=0.021..446.819 rows=1380035 loops=1)
              ->  Hash  (cost=67604.59..67604.59 rows=2457821 width=4) (actual time=2276.397..2276.397 rows=2456218 loops=1)
                    Buckets: 131072  Batches: 64  Memory Usage: 2375kB
                    ->  Seq Scan on title t  (cost=0.00..67604.59 rows=2457821 width=4) (actual time=0.027..1453.536 rows=2456218 loops=1)
                          Filter: (production_year > 0)
                          Rows Removed by Filter: 72094
Planning time: 1.191 ms
Execution time: 27614.188 ms
