Hash Join  (cost=75941.23..114784.08 rows=67037 width=0) (actual time=1132.941..1940.119 rows=1206 loops=1)
  Hash Cond: (mi_idx.movie_id = t.id)
  ->  Seq Scan on movie_info_idx mi_idx  (cost=0.00..21735.35 rows=1380035 width=4) (actual time=0.921..403.959 rows=1380035 loops=1)
  ->  Hash  (cost=73925.90..73925.90 rows=122826 width=4) (actual time=1130.640..1130.640 rows=5119 loops=1)
        Buckets: 131072  Batches: 2  Memory Usage: 1114kB
        ->  Seq Scan on title t  (cost=0.00..73925.90 rows=122826 width=4) (actual time=0.336..1127.819 rows=5119 loops=1)
              Filter: ((kind_id > 1) AND (production_year < 1951))
              Rows Removed by Filter: 2523193
Planning time: 0.521 ms
Execution time: 1940.393 ms
