Hash Join  (cost=302458.68..893221.41 rows=10076676 width=0) (actual time=7042.016..34357.747 rows=65325633 loops=1)
  Hash Cond: (mi.movie_id = t.id)
  ->  Seq Scan on movie_info mi  (cost=0.00..346232.03 rows=9476311 width=4) (actual time=0.018..6739.273 rows=9565151 loops=1)
        Filter: (info_type_id < 16)
        Rows Removed by Filter: 5270569
  ->  Hash  (cost=258346.68..258346.68 rows=2688720 width=8) (actual time=7039.171..7039.171 rows=2683021 loops=1)
        Buckets: 131072  Batches: 64  Memory Usage: 2757kB
        ->  Hash Join  (cost=102767.86..258346.68 rows=2688720 width=8) (actual time=2004.848..6139.202 rows=2683021 loops=1)
              Hash Cond: (mk.movie_id = t.id)
              ->  Seq Scan on movie_keyword mk  (cost=0.00..81003.12 rows=2688720 width=4) (actual time=0.024..1657.477 rows=2683021 loops=1)
                    Filter: (keyword_id < 7557)
                    Rows Removed by Filter: 1840909
              ->  Hash  (cost=61283.27..61283.27 rows=2528527 width=4) (actual time=2003.498..2003.498 rows=2528312 loops=1)
                    Buckets: 131072  Batches: 64  Memory Usage: 2425kB
                    ->  Seq Scan on title t  (cost=0.00..61283.27 rows=2528527 width=4) (actual time=0.023..1119.899 rows=2528312 loops=1)
Planning time: 1.196 ms
Execution time: 41811.351 ms
