Hash Join  (cost=207339.48..1330899.71 rows=4329409 width=0) (actual time=5618.732..42134.750 rows=33728979 loops=1)
  Hash Cond: (ci.movie_id = t.id)
  ->  Seq Scan on cast_info ci  (cost=0.00..614943.12 rows=36225612 width=4) (actual time=0.006..12921.298 rows=36244344 loops=1)
  ->  Hash  (cost=202381.10..202381.10 rows=302190 width=8) (actual time=5617.410..5617.410 rows=992274 loops=1)
        Buckets: 131072 (originally 131072)  Batches: 16 (originally 4)  Memory Usage: 3524kB
        ->  Hash Join  (cost=76697.17..202381.10 rows=302190 width=8) (actual time=1891.819..5389.637 rows=992274 loops=1)
              Hash Cond: (mk.movie_id = t.id)
              ->  Seq Scan on movie_keyword mk  (cost=0.00..69693.30 rows=4523930 width=4) (actual time=0.013..1447.834 rows=4523930 loops=1)
              ->  Hash  (cost=73925.90..73925.90 rows=168901 width=4) (actual time=1891.144..1891.144 rows=269915 loops=1)
                    Buckets: 131072  Batches: 4  Memory Usage: 3407kB
                    ->  Seq Scan on title t  (cost=0.00..73925.90 rows=168901 width=4) (actual time=0.101..1082.650 rows=269915 loops=1)
                          Filter: ((kind_id < 7) AND (production_year < 1974))
                          Rows Removed by Filter: 2258397
Planning time: 1.144 ms
Execution time: 45619.873 ms
