Hash Join  (cost=95314.15..467913.42 rows=656045 width=0) (actual time=3556.697..8257.226 rows=270131 loops=1)
  Hash Cond: (mi.movie_id = t.id)
  ->  Seq Scan on movie_info mi  (cost=0.00..346232.03 rows=1272478 width=4) (actual time=1724.808..5413.805 rows=1325361 loops=1)
        Filter: (info_type_id = 8)
        Rows Removed by Filter: 13510359
  ->  Hash  (cost=73925.90..73925.90 rows=1303620 width=4) (actual time=1830.415..1830.415 rows=1383104 loops=1)
        Buckets: 131072  Batches: 32  Memory Usage: 2552kB
        ->  Seq Scan on title t  (cost=0.00..73925.90 rows=1303620 width=4) (actual time=253.269..1376.749 rows=1383104 loops=1)
              Filter: ((production_year > 1966) AND (kind_id = 7))
              Rows Removed by Filter: 1145208
Planning time: 1.204 ms
Execution time: 8291.532 ms
