Hash Join  (cost=101210.02..159808.75 rows=1117920 width=0) (actual time=1874.992..3606.401 rows=1133996 loops=1)
  Hash Cond: (mi_idx.movie_id = t.id)
  ->  Seq Scan on movie_info_idx mi_idx  (cost=0.00..21735.35 rows=1380035 width=4) (actual time=0.012..374.342 rows=1380035 loops=1)
  ->  Hash  (cost=67604.59..67604.59 rows=2048275 width=4) (actual time=1874.203..1874.203 rows=2046723 loops=1)
        Buckets: 131072  Batches: 32  Memory Usage: 3276kB
        ->  Seq Scan on title t  (cost=0.00..67604.59 rows=2048275 width=4) (actual time=0.023..1211.402 rows=2046723 loops=1)
              Filter: (production_year > 1972)
              Rows Removed by Filter: 481589
Planning time: 0.705 ms
Execution time: 3744.405 ms
