Seq Scan on cast_info ci  (cost=0.00..705507.15 rows=32232896 width=0) (actual time=0.021..13274.427 rows=32368443 loops=1)
  Filter: (person_id > 370733)
  Rows Removed by Filter: 3875901
Planning time: 0.332 ms
Execution time: 17187.562 ms
