Seq Scan on cast_info ci  (cost=0.00..796071.18 rows=11262806 width=0) (actual time=0.022..15174.053 rows=5865126 loops=1)
  Filter: ((person_id < 2600285) AND (role_id > 2))
  Rows Removed by Filter: 30379218
Planning time: 0.342 ms
Execution time: 15889.087 ms
