Hash Join  (cost=73994.33..102646.13 rows=1990 width=0) (actual time=1354.734..1838.858 rows=7128 loops=1)
  Hash Cond: (mi_idx.movie_id = t.id)
  ->  Seq Scan on movie_info_idx mi_idx  (cost=0.00..25185.44 rows=919057 width=4) (actual time=0.014..335.372 rows=920110 loops=1)
        Filter: (info_type_id > 99)
        Rows Removed by Filter: 459925
  ->  Hash  (cost=73925.90..73925.90 rows=5474 width=4) (actual time=1354.422..1354.422 rows=18793 loops=1)
        Buckets: 32768 (originally 8192)  Batches: 1 (originally 1)  Memory Usage: 917kB
        ->  Seq Scan on title t  (cost=0.00..73925.90 rows=5474 width=4) (actual time=0.015..1345.328 rows=18793 loops=1)
              Filter: ((kind_id > 1) AND (production_year = 1991))
              Rows Removed by Filter: 2509519
Planning time: 0.582 ms
Execution time: 1839.900 ms
