Hash Join  (cost=547692.12..729754.88 rows=3735015 width=0) (actual time=11258.478..33311.682 rows=82166465 loops=1)
  Hash Cond: (mk.movie_id = t.id)
  ->  Seq Scan on movie_keyword mk  (cost=0.00..81003.12 rows=4303296 width=4) (actual time=0.023..1864.715 rows=4288427 loops=1)
        Filter: (keyword_id > 188)
        Rows Removed by Filter: 235503
  ->  Hash  (cost=511686.41..511686.41 rows=2194617 width=8) (actual time=11256.770..11256.770 rows=2233850 loops=1)
        Buckets: 131072  Batches: 32  Memory Usage: 3671kB
        ->  Hash Join  (cost=102767.86..511686.41 rows=2194617 width=8) (actual time=2981.755..10570.387 rows=2233850 loops=1)
              Hash Cond: (mi.movie_id = t.id)
              ->  Seq Scan on movie_info mi  (cost=0.00..346232.03 rows=2194617 width=4) (actual time=995.996..5957.970 rows=2233850 loops=1)
                    Filter: (info_type_id > 16)
                    Rows Removed by Filter: 12601870
              ->  Hash  (cost=61283.27..61283.27 rows=2528527 width=4) (actual time=1970.260..1970.260 rows=2528312 loops=1)
                    Buckets: 131072  Batches: 64  Memory Usage: 2425kB
                    ->  Seq Scan on title t  (cost=0.00..61283.27 rows=2528527 width=4) (actual time=0.022..1124.231 rows=2528312 loops=1)
Planning time: 1.121 ms
Execution time: 42219.446 ms
