Seq Scan on movie_companies mc  (cost=0.00..51404.11 rows=104 width=0) (actual time=704.167..856.791 rows=1 loops=1)
  Filter: (company_id = 195237)
  Rows Removed by Filter: 2609128
Planning time: 0.366 ms
Execution time: 856.858 ms
