Seq Scan on cast_info ci  (cost=0.00..796071.18 rows=11411336 width=0) (actual time=4772.004..16699.823 rows=12670688 loops=1)
  Filter: ((person_id < 3373168) AND (role_id < 2))
  Rows Removed by Filter: 23573656
Planning time: 0.350 ms
Execution time: 18254.920 ms
