Seq Scan on movie_companies mc  (cost=0.00..51404.11 rows=2207487 width=0) (actual time=0.022..1058.503 rows=2203189 loops=1)
  Filter: (company_id < 81513)
  Rows Removed by Filter: 405940
Planning time: 0.295 ms
Execution time: 1338.386 ms
