Seq Scan on cast_info ci  (cost=0.00..705507.15 rows=500 width=0) (actual time=1339.583..10957.115 rows=29 loops=1)
  Filter: (person_id = 1314115)
  Rows Removed by Filter: 36244315
Planning time: 0.401 ms
Execution time: 10957.231 ms
