Seq Scan on title t  (cost=0.00..73925.90 rows=37082 width=0) (actual time=0.024..1092.615 rows=41935 loops=1)
  Filter: ((kind_id = 7) AND (production_year = 2002))
  Rows Removed by Filter: 2486377
Planning time: 0.429 ms
Execution time: 1098.956 ms
