Hash Join  (cost=102767.86..257969.80 rows=2673035 width=0) (actual time=2021.553..6219.374 rows=2667587 loops=1)
  Hash Cond: (mk.movie_id = t.id)
  ->  Seq Scan on movie_keyword mk  (cost=0.00..81003.12 rows=2673035 width=4) (actual time=0.026..1736.138 rows=2667587 loops=1)
        Filter: (keyword_id < 7449)
        Rows Removed by Filter: 1856343
  ->  Hash  (cost=61283.27..61283.27 rows=2528527 width=4) (actual time=2019.436..2019.436 rows=2528312 loops=1)
        Buckets: 131072  Batches: 64  Memory Usage: 2425kB
        ->  Seq Scan on title t  (cost=0.00..61283.27 rows=2528527 width=4) (actual time=0.025..1158.799 rows=2528312 loops=1)
Planning time: 10.913 ms
Execution time: 6545.346 ms
