Hash Join  (cost=73930.12..424935.64 rows=170 width=0) (actual time=5676.559..6330.793 rows=1887 loops=1)
  Hash Cond: (mi.movie_id = t.id)
  ->  Seq Scan on movie_info mi  (cost=0.00..346232.03 rows=1272478 width=4) (actual time=4486.438..5111.401 rows=1325361 loops=1)
        Filter: (info_type_id = 8)
        Rows Removed by Filter: 13510359
  ->  Hash  (cost=73925.90..73925.90 rows=337 width=4) (actual time=994.611..994.611 rows=1974 loops=1)
        Buckets: 2048 (originally 1024)  Batches: 1 (originally 1)  Memory Usage: 86kB
        ->  Seq Scan on title t  (cost=0.00..73925.90 rows=337 width=4) (actual time=32.955..993.554 rows=1974 loops=1)
              Filter: ((kind_id = 4) AND (production_year = 1992))
              Rows Removed by Filter: 2526338
Planning time: 0.772 ms
Execution time: 6331.325 ms
