Hash Join  (cost=76901.58..116292.76 rows=98970 width=0) (actual time=1354.078..2456.923 rows=223667 loops=1)
  Hash Cond: (mi_idx.movie_id = t.id)
  ->  Seq Scan on movie_info_idx mi_idx  (cost=0.00..21735.35 rows=1380035 width=4) (actual time=0.019..449.422 rows=1380035 loops=1)
  ->  Hash  (cost=73925.90..73925.90 rows=181334 width=4) (actual time=1353.230..1353.230 rows=287803 loops=1)
        Buckets: 131072  Batches: 4  Memory Usage: 3558kB
        ->  Seq Scan on title t  (cost=0.00..73925.90 rows=181334 width=4) (actual time=0.040..1257.898 rows=287803 loops=1)
              Filter: ((kind_id < 6) AND (production_year < 1977))
              Rows Removed by Filter: 2240509
Planning time: 0.777 ms
Execution time: 2484.728 ms
