Hash Join  (cost=208332.58..1122109.85 rows=3674517 width=0) (actual time=5052.073..28743.302 rows=14876479 loops=1)
  Hash Cond: (ci.movie_id = t.id)
  ->  Seq Scan on cast_info ci  (cost=0.00..796071.18 rows=6520512 width=4) (actual time=0.018..15643.534 rows=7913329 loops=1)
        Filter: ((person_id > 1099186) AND (role_id > 4))
        Rows Removed by Filter: 28331015
  ->  Hash  (cost=184954.26..184954.26 rows=1424906 width=8) (actual time=5050.676..5050.676 rows=1170186 loops=1)
        Buckets: 131072  Batches: 32  Memory Usage: 2435kB
        ->  Hash Join  (cost=90260.67..184954.26 rows=1424906 width=8) (actual time=1750.201..4731.732 rows=1170186 loops=1)
              Hash Cond: (mc.movie_id = t.id)
              ->  Seq Scan on movie_companies mc  (cost=0.00..44881.29 rows=2609129 width=4) (actual time=0.018..931.351 rows=2609129 loops=1)
              ->  Hash  (cost=67604.59..67604.59 rows=1380887 width=4) (actual time=1749.002..1749.002 rows=1381453 loops=1)
                    Buckets: 131072  Batches: 32  Memory Usage: 2543kB
                    ->  Seq Scan on title t  (cost=0.00..67604.59 rows=1380887 width=4) (actual time=0.011..1306.116 rows=1381453 loops=1)
                          Filter: (production_year > 2000)
                          Rows Removed by Filter: 1146859
Planning time: 1.230 ms
Execution time: 30380.814 ms
