Hash Join  (cost=95277.62..1320615.73 rows=18645095 width=0) (actual time=1826.288..42323.986 rows=21109512 loops=1)
  Hash Cond: (ci.movie_id = t.id)
  ->  Seq Scan on cast_info ci  (cost=0.00..614943.12 rows=36225612 width=4) (actual time=0.021..13517.628 rows=36244344 loops=1)
  ->  Hash  (cost=73925.90..73925.90 rows=1301417 width=4) (actual time=1825.115..1825.115 rows=1421650 loops=1)
        Buckets: 131072  Batches: 32  Memory Usage: 2597kB
        ->  Seq Scan on title t  (cost=0.00..73925.90 rows=1301417 width=4) (actual time=0.021..1378.318 rows=1421650 loops=1)
              Filter: ((kind_id > 2) AND (production_year > 1985))
              Rows Removed by Filter: 1106662
Planning time: 0.767 ms
Execution time: 44733.791 ms
