Hash Join  (cost=430122.15..517817.04 rows=103685 width=0) (actual time=7430.830..9314.999 rows=135531 loops=1)
  Hash Cond: (mk.movie_id = t.id)
  ->  Seq Scan on movie_keyword mk  (cost=0.00..69693.30 rows=4523930 width=4) (actual time=0.005..991.177 rows=4523930 loops=1)
  ->  Hash  (cost=429397.75..429397.75 rows=57952 width=8) (actual time=7430.443..7430.443 rows=42977 loops=1)
        Buckets: 65536  Batches: 1  Memory Usage: 2191kB
        ->  Hash Join  (cost=74809.10..429397.75 rows=57952 width=8) (actual time=1312.578..7412.809 rows=42977 loops=1)
              Hash Cond: (mi.movie_id = t.id)
              ->  Seq Scan on movie_info mi  (cost=0.00..346232.03 rows=2073893 width=4) (actual time=0.016..5487.891 rows=2091068 loops=1)
                    Filter: (info_type_id < 3)
                    Rows Removed by Filter: 12744652
              ->  Hash  (cost=73925.90..73925.90 rows=70656 width=4) (actual time=1311.958..1311.958 rows=79548 loops=1)
                    Buckets: 131072  Batches: 1  Memory Usage: 3821kB
                    ->  Seq Scan on title t  (cost=0.00..73925.90 rows=70656 width=4) (actual time=0.021..1278.069 rows=79548 loops=1)
                          Filter: ((kind_id > 1) AND (production_year = 2005))
                          Rows Removed by Filter: 2448764
Planning time: 0.807 ms
Execution time: 9332.511 ms
