Hash Join  (cost=100338.29..1473061.65 rows=28584418 width=0) (actual time=1956.363..42474.433 rows=30516874 loops=1)
  Hash Cond: (ci.movie_id = t.id)
  ->  Seq Scan on cast_info ci  (cost=0.00..614943.12 rows=36225612 width=4) (actual time=0.021..13620.951 rows=36244344 loops=1)
  ->  Hash  (cost=67604.59..67604.59 rows=1995176 width=4) (actual time=1955.504..1955.504 rows=1990655 loops=1)
        Buckets: 131072  Batches: 32  Memory Usage: 3218kB
        ->  Seq Scan on title t  (cost=0.00..67604.59 rows=1995176 width=4) (actual time=0.025..1326.161 rows=1990655 loops=1)
              Filter: (production_year > 1976)
              Rows Removed by Filter: 537657
Planning time: 0.761 ms
Execution time: 45618.551 ms
