Hash Join  (cost=247444.90..1177679.98 rows=7144796 width=0) (actual time=5541.826..30712.589 rows=22211751 loops=1)
  Hash Cond: (ci.movie_id = t.id)
  ->  Seq Scan on cast_info ci  (cost=0.00..705507.15 rows=12778925 width=4) (actual time=0.015..13444.641 rows=12742719 loops=1)
        Filter: (person_id < 1256579)
        Rows Removed by Filter: 23501625
  ->  Hash  (cost=224250.41..224250.41 rows=1413719 width=8) (actual time=5539.891..5539.891 rows=1250406 loops=1)
        Buckets: 131072  Batches: 32  Memory Usage: 2541kB
        ->  Hash Join  (cost=95609.14..224250.41 rows=1413719 width=8) (actual time=1871.652..5137.194 rows=1250406 loops=1)
              Hash Cond: (mk.movie_id = t.id)
              ->  Seq Scan on movie_keyword mk  (cost=0.00..81003.12 rows=2094192 width=4) (actual time=0.027..1556.271 rows=2102830 loops=1)
                    Filter: (keyword_id < 3788)
                    Rows Removed by Filter: 2421100
              ->  Hash  (cost=67604.59..67604.59 rows=1706924 width=4) (actual time=1870.394..1870.394 rows=1700316 loops=1)
                    Buckets: 131072  Batches: 32  Memory Usage: 2903kB
                    ->  Seq Scan on title t  (cost=0.00..67604.59 rows=1706924 width=4) (actual time=0.015..1283.955 rows=1700316 loops=1)
                          Filter: (production_year > 1992)
                          Rows Removed by Filter: 827996
Planning time: 1.247 ms
Execution time: 33110.212 ms
