Hash Join  (cost=447581.28..604728.96 rows=563908 width=0) (actual time=15114.529..23353.882 rows=21655707 loops=1)
  Hash Cond: (mk.movie_id = t.id)
  ->  Seq Scan on movie_keyword mk  (cost=0.00..69693.30 rows=4523930 width=4) (actual time=0.017..1482.972 rows=4523930 loops=1)
  ->  Hash  (cost=442409.52..442409.52 rows=315181 width=8) (actual time=15113.577..15113.577 rows=2121921 loops=1)
        Buckets: 131072 (originally 131072)  Batches: 32 (originally 8)  Memory Usage: 3623kB
        ->  Hash Join  (cost=74601.78..442409.52 rows=315181 width=8) (actual time=1296.285..14389.357 rows=2121921 loops=1)
              Hash Cond: (mi.movie_id = t.id)
              ->  Seq Scan on movie_info mi  (cost=0.00..309384.22 rows=14739122 width=4) (actual time=0.012..5009.567 rows=14835720 loops=1)
              ->  Hash  (cost=73925.90..73925.90 rows=54070 width=4) (actual time=1231.143..1231.143 rows=177199 loops=1)
                    Buckets: 131072 (originally 65536)  Batches: 4 (originally 1)  Memory Usage: 3073kB
                    ->  Seq Scan on title t  (cost=0.00..73925.90 rows=54070 width=4) (actual time=511.303..1155.946 rows=177199 loops=1)
                          Filter: ((production_year < 1956) AND (kind_id = 1))
                          Rows Removed by Filter: 2351113
Planning time: 1.181 ms
Execution time: 25591.785 ms
