Seq Scan on movie_keyword mk  (cost=0.00..81003.12 rows=7691 width=0) (actual time=0.118..1251.114 rows=6501 loops=1)
  Filter: (keyword_id = 355)
  Rows Removed by Filter: 4517429
Planning time: 0.396 ms
Execution time: 1252.621 ms
