Hash Join  (cost=95958.28..448197.90 rows=19486 width=0) (actual time=1900.233..7505.515 rows=42660 loops=1)
  Hash Cond: (mi.movie_id = t.id)
  ->  Seq Scan on movie_info mi  (cost=0.00..346232.03 rows=1550064 width=4) (actual time=280.714..5570.294 rows=1533909 loops=1)
        Filter: (info_type_id = 3)
        Rows Removed by Filter: 13301811
  ->  Hash  (cost=95560.94..95560.94 rows=31787 width=8) (actual time=1619.249..1619.249 rows=37455 loops=1)
        Buckets: 65536 (originally 32768)  Batches: 1 (originally 1)  Memory Usage: 1976kB
        ->  Hash Join  (cost=68332.59..95560.94 rows=31787 width=8) (actual time=970.263..1605.897 rows=37455 loops=1)
              Hash Cond: (mi_idx.movie_id = t.id)
              ->  Seq Scan on movie_info_idx mi_idx  (cost=0.00..21735.35 rows=1380035 width=4) (actual time=0.034..287.521 rows=1380035 loops=1)
              ->  Hash  (cost=67604.59..67604.59 rows=58240 width=4) (actual time=969.865..969.865 rows=58590 loops=1)
                    Buckets: 65536  Batches: 1  Memory Usage: 2572kB
                    ->  Seq Scan on title t  (cost=0.00..67604.59 rows=58240 width=4) (actual time=0.051..946.884 rows=58590 loops=1)
                          Filter: (production_year = 2001)
                          Rows Removed by Filter: 2469722
Planning time: 1.225 ms
Execution time: 7511.910 ms
