Hash Join  (cost=78473.92..112836.70 rows=121722 width=0) (actual time=1353.303..2238.075 rows=84174 loops=1)
  Hash Cond: (mi_idx.movie_id = t.id)
  ->  Seq Scan on movie_info_idx mi_idx  (cost=0.00..25185.44 rows=464566 width=4) (actual time=0.016..511.312 rows=459925 loops=1)
        Filter: (info_type_id = 101)
        Rows Removed by Filter: 920110
  ->  Hash  (cost=67604.59..67604.59 rows=662507 width=4) (actual time=1352.093..1352.093 rows=662065 loops=1)
        Buckets: 131072  Batches: 16  Memory Usage: 2481kB
        ->  Seq Scan on title t  (cost=0.00..67604.59 rows=662507 width=4) (actual time=0.015..1132.782 rows=662065 loops=1)
              Filter: (production_year > 2008)
              Rows Removed by Filter: 1866247
Planning time: 0.808 ms
Execution time: 2248.627 ms
