Hash Join  (cost=172256.79..261226.64 rows=36901 width=0) (actual time=3307.736..5418.515 rows=329194 loops=1)
  Hash Cond: (mk.movie_id = t.id)
  ->  Seq Scan on movie_keyword mk  (cost=0.00..81003.12 rows=2026057 width=4) (actual time=0.017..1410.314 rows=2030563 loops=1)
        Filter: (keyword_id > 6069)
        Rows Removed by Filter: 2493367
  ->  Hash  (cost=171681.14..171681.14 rows=46052 width=8) (actual time=3307.085..3307.085 rows=90632 loops=1)
        Buckets: 131072 (originally 65536)  Batches: 2 (originally 1)  Memory Usage: 3073kB
        ->  Hash Join  (cost=102767.86..171681.14 rows=46052 width=8) (actual time=2291.177..3270.346 rows=90632 loops=1)
              Hash Cond: (mc.movie_id = t.id)
              ->  Seq Scan on movie_companies mc  (cost=0.00..57926.93 rows=46052 width=4) (actual time=301.603..788.290 rows=90632 loops=1)
                    Filter: ((company_id > 163310) AND (company_type_id = 2))
                    Rows Removed by Filter: 2518497
              ->  Hash  (cost=61283.27..61283.27 rows=2528527 width=4) (actual time=1987.453..1987.453 rows=2528312 loops=1)
                    Buckets: 131072  Batches: 64  Memory Usage: 2415kB
                    ->  Seq Scan on title t  (cost=0.00..61283.27 rows=2528527 width=4) (actual time=0.018..1163.949 rows=2528312 loops=1)
Planning time: 5.345 ms
Execution time: 5461.026 ms
