Seq Scan on cast_info ci  (cost=0.00..796071.18 rows=17344665 width=0) (actual time=0.013..15462.001 rows=14096594 loops=1)
  Filter: ((person_id < 2758231) AND (role_id > 1))
  Rows Removed by Filter: 22147750
Planning time: 0.343 ms
Execution time: 17226.989 ms
