Hash Join  (cost=74255.97..822125.52 rows=114773 width=0) (actual time=1440.127..14330.116 rows=117813 loops=1)
  Hash Cond: (ci.movie_id = t.id)
  ->  Seq Scan on cast_info ci  (cost=0.00..705507.15 rows=10990578 width=4) (actual time=178.266..10511.584 rows=10899962 loops=1)
        Filter: (person_id < 1070760)
        Rows Removed by Filter: 25344382
  ->  Hash  (cost=73925.90..73925.90 rows=26405 width=4) (actual time=1261.400..1261.400 rows=23926 loops=1)
        Buckets: 32768  Batches: 1  Memory Usage: 1098kB
        ->  Seq Scan on title t  (cost=0.00..73925.90 rows=26405 width=4) (actual time=0.429..1250.461 rows=23926 loops=1)
              Filter: ((kind_id < 7) AND (production_year = 2003))
              Rows Removed by Filter: 2504386
Planning time: 0.818 ms
Execution time: 14348.482 ms
