Seq Scan on title t  (cost=0.00..73925.90 rows=73958 width=0) (actual time=842.354..996.239 rows=3 loops=1)
  Filter: ((production_year < 1934) AND (kind_id = 7))
  Rows Removed by Filter: 2528309
Planning time: 0.450 ms
Execution time: 996.390 ms
