Seq Scan on movie_companies mc  (cost=0.00..57926.93 rows=917198 width=0) (actual time=507.811..1005.123 rows=597976 loops=1)
  Filter: ((company_id < 28534) AND (company_type_id = 2))
  Rows Removed by Filter: 2011153
Planning time: 0.417 ms
Execution time: 1074.970 ms
