Hash Join  (cost=123617.96..1177735.22 rows=1977402 width=0) (actual time=2543.765..29400.334 rows=2770697 loops=1)
  Hash Cond: (ci.movie_id = t.id)
  ->  Seq Scan on cast_info ci  (cost=0.00..614943.12 rows=36225612 width=4) (actual time=0.021..12658.950 rows=36244344 loops=1)
  ->  Hash  (cost=121352.69..121352.69 rows=138022 width=8) (actual time=2542.967..2542.967 rows=67492 loops=1)
        Buckets: 131072  Batches: 2  Memory Usage: 2342kB
        ->  Hash Join  (cost=86534.07..121352.69 rows=138022 width=8) (actual time=1870.665..2519.962 rows=67492 loops=1)
              Hash Cond: (mi_idx.movie_id = t.id)
              ->  Seq Scan on movie_info_idx mi_idx  (cost=0.00..25185.44 rows=454124 width=4) (actual time=0.024..496.992 rows=459925 loops=1)
                    Filter: (info_type_id = 100)
                    Rows Removed by Filter: 920110
              ->  Hash  (cost=73925.90..73925.90 rows=768493 width=4) (actual time=1645.974..1645.974 rows=840010 loops=1)
                    Buckets: 131072  Batches: 16  Memory Usage: 2877kB
                    ->  Seq Scan on title t  (cost=0.00..73925.90 rows=768493 width=4) (actual time=0.012..1387.337 rows=840010 loops=1)
                          Filter: ((production_year > 2002) AND (kind_id = 7))
                          Rows Removed by Filter: 1688302
Planning time: 3.092 ms
Execution time: 29759.990 ms
