Seq Scan on movie_keyword mk  (cost=0.00..81003.12 rows=3930405 width=0) (actual time=0.025..1546.594 rows=3929052 loops=1)
  Filter: (keyword_id < 30950)
  Rows Removed by Filter: 594878
Planning time: 0.346 ms
Execution time: 2019.541 ms
