Seq Scan on movie_keyword mk  (cost=0.00..81003.12 rows=246 width=0) (actual time=0.853..1034.489 rows=836 loops=1)
  Filter: (keyword_id = 1808)
  Rows Removed by Filter: 4523094
Planning time: 0.379 ms
Execution time: 1034.859 ms
