Hash Join  (cost=478047.37..599230.63 rows=534342 width=0) (actual time=8296.092..13957.117 rows=12800090 loops=1)
  Hash Cond: (mk.movie_id = t.id)
  ->  Seq Scan on movie_keyword mk  (cost=0.00..81003.12 rows=2852723 width=4) (actual time=0.012..1672.201 rows=2841302 loops=1)
        Filter: (keyword_id < 8633)
        Rows Removed by Filter: 1682628
  ->  Hash  (cost=470276.16..470276.16 rows=473617 width=8) (actual time=8295.129..8295.129 rows=486554 loops=1)
        Buckets: 131072  Batches: 8  Memory Usage: 3450kB
        ->  Hash Join  (cost=102767.86..470276.16 rows=473617 width=8) (actual time=3762.868..8168.870 rows=486554 loops=1)
              Hash Cond: (mi.movie_id = t.id)
              ->  Seq Scan on movie_info mi  (cost=0.00..346232.03 rows=473617 width=4) (actual time=1750.514..5439.176 rows=486554 loops=1)
                    Filter: (info_type_id = 5)
                    Rows Removed by Filter: 14349166
              ->  Hash  (cost=61283.27..61283.27 rows=2528527 width=4) (actual time=2011.475..2011.475 rows=2528312 loops=1)
                    Buckets: 131072  Batches: 64  Memory Usage: 2425kB
                    ->  Seq Scan on title t  (cost=0.00..61283.27 rows=2528527 width=4) (actual time=0.020..1158.145 rows=2528312 loops=1)
Planning time: 1.116 ms
Execution time: 15366.131 ms
