Seq Scan on title t  (cost=0.00..73925.90 rows=450628 width=0) (actual time=418.103..1140.749 rows=325089 loops=1)
  Filter: ((production_year > 1992) AND (kind_id = 1))
  Rows Removed by Filter: 2203223
Planning time: 0.363 ms
Execution time: 1180.710 ms
