Hash Join  (cost=68426.36..443672.89 rows=188125 width=0) (actual time=986.186..8335.879 rows=128861 loops=1)
  Hash Cond: (mi.movie_id = t.id)
  ->  Seq Scan on movie_info mi  (cost=0.00..346232.03 rows=7235534 width=4) (actual time=0.024..5625.407 rows=7286865 loops=1)
        Filter: (info_type_id < 8)
        Rows Removed by Filter: 7548855
  ->  Hash  (cost=67604.59..67604.59 rows=65742 width=4) (actual time=985.450..985.450 rows=63827 loops=1)
        Buckets: 131072  Batches: 1  Memory Usage: 3268kB
        ->  Seq Scan on title t  (cost=0.00..67604.59 rows=65742 width=4) (actual time=0.050..958.651 rows=63827 loops=1)
              Filter: (production_year = 2013)
              Rows Removed by Filter: 2464485
Planning time: 0.796 ms
Execution time: 8353.886 ms
