Hash Join  (cost=104445.35..214699.09 rows=2317081 width=0) (actual time=1993.268..5362.687 rows=2140400 loops=1)
  Hash Cond: (mc.movie_id = t.id)
  ->  Seq Scan on movie_companies mc  (cost=0.00..44881.29 rows=2609129 width=4) (actual time=0.024..909.031 rows=2609129 loops=1)
  ->  Hash  (cost=67604.59..67604.59 rows=2245501 width=4) (actual time=1992.254..1992.254 rows=2235103 loops=1)
        Buckets: 131072  Batches: 32  Memory Usage: 3482kB
        ->  Seq Scan on title t  (cost=0.00..67604.59 rows=2245501 width=4) (actual time=0.010..1287.895 rows=2235103 loops=1)
              Filter: (production_year > 1957)
              Rows Removed by Filter: 293209
Planning time: 0.522 ms
Execution time: 5627.311 ms
