Seq Scan on cast_info ci  (cost=0.00..796071.18 rows=4819472 width=0) (actual time=2678.020..12192.120 rows=9892213 loops=1)
  Filter: ((person_id < 1348206) AND (role_id = 1))
  Rows Removed by Filter: 26352131
Planning time: 3.879 ms
Execution time: 13334.076 ms
