Nested Loop  (cost=0.43..83071.67 rows=246 width=0) (actual time=1.931..1336.361 rows=643 loops=1)
  ->  Seq Scan on movie_keyword mk  (cost=0.00..81003.12 rows=246 width=4) (actual time=1.856..1301.242 rows=643 loops=1)
        Filter: (keyword_id = 5186)
        Rows Removed by Filter: 4523287
  ->  Index Only Scan using title_pkey on title t  (cost=0.43..8.40 rows=1 width=4) (actual time=0.052..0.053 rows=1 loops=643)
        Index Cond: (id = mk.movie_id)
        Heap Fetches: 643
Planning time: 0.754 ms
Execution time: 1336.754 ms
