Hash Join  (cost=275954.55..1326848.49 rows=9750070 width=0) (actual time=5756.377..24433.700 rows=5314684 loops=1)
  Hash Cond: (ci.movie_id = t.id)
  ->  Seq Scan on cast_info ci  (cost=0.00..796071.18 rows=11632614 width=4) (actual time=0.015..13729.209 rows=5109038 loops=1)
        Filter: ((person_id < 1761406) AND (role_id > 1))
        Rows Removed by Filter: 31135306
  ->  Hash  (cost=241183.96..241183.96 rows=2119327 width=8) (actual time=5755.180..5755.180 rows=1126015 loops=1)
        Buckets: 131072  Batches: 32  Memory Usage: 2423kB
        ->  Hash Join  (cost=93360.65..241183.96 rows=2119327 width=8) (actual time=1815.859..5476.231 rows=1126015 loops=1)
              Hash Cond: (mk.movie_id = t.id)
              ->  Seq Scan on movie_keyword mk  (cost=0.00..69693.30 rows=4523930 width=4) (actual time=0.031..1364.910 rows=4523930 loops=1)
              ->  Hash  (cost=73925.90..73925.90 rows=1184540 width=4) (actual time=1814.866..1814.866 rows=1297979 loops=1)
                    Buckets: 131072  Batches: 16  Memory Usage: 3888kB
                    ->  Seq Scan on title t  (cost=0.00..73925.90 rows=1184540 width=4) (actual time=0.025..1391.455 rows=1297979 loops=1)
                          Filter: ((kind_id > 1) AND (production_year > 1995))
                          Rows Removed by Filter: 1230333
Planning time: 12.278 ms
Execution time: 25018.769 ms
