Hash Join  (cost=151216.33..627995.17 rows=2528739 width=0) (actual time=3734.562..15527.127 rows=4292573 loops=1)
  Hash Cond: (mi.movie_id = t.id)
  ->  Seq Scan on movie_info mi  (cost=0.00..346232.03 rows=8859586 width=4) (actual time=326.135..6481.863 rows=8966694 loops=1)
        Filter: (info_type_id < 15)
        Rows Removed by Filter: 5869026
  ->  Hash  (cost=139375.05..139375.05 rows=721702 width=8) (actual time=3407.613..3407.613 rows=626561 loops=1)
        Buckets: 131072  Batches: 16  Memory Usage: 2558kB
        ->  Hash Join  (cost=89299.55..139375.05 rows=721702 width=8) (actual time=1705.011..3201.636 rows=626561 loops=1)
              Hash Cond: (mi_idx.movie_id = t.id)
              ->  Seq Scan on movie_info_idx mi_idx  (cost=0.00..21735.35 rows=1380035 width=4) (actual time=0.021..431.476 rows=1380035 loops=1)
              ->  Hash  (cost=67604.59..67604.59 rows=1322317 width=4) (actual time=1703.625..1703.625 rows=1322863 loops=1)
                    Buckets: 131072  Batches: 32  Memory Usage: 2481kB
                    ->  Seq Scan on title t  (cost=0.00..67604.59 rows=1322317 width=4) (actual time=0.018..1251.361 rows=1322863 loops=1)
                          Filter: (production_year > 2001)
                          Rows Removed by Filter: 1205449
Planning time: 1.139 ms
Execution time: 16029.155 ms
