Nested Loop  (cost=1166935.54..1187559.55 rows=5374 width=0) (actual time=17212.202..17681.297 rows=35117 loops=1)
  Join Filter: (ci.movie_id = t.id)
  ->  Merge Join  (cost=1166935.11..1168360.20 rows=13387 width=8) (actual time=17212.058..17319.337 rows=35117 loops=1)
        Merge Cond: (mi.movie_id = ci.movie_id)
        ->  Sort  (cost=364918.34..365380.16 rows=184730 width=4) (actual time=5539.524..5593.127 rows=180112 loops=1)
              Sort Key: mi.movie_id
              Sort Method: external merge  Disk: 2464kB
              ->  Seq Scan on movie_info mi  (cost=0.00..346232.03 rows=184730 width=4) (actual time=3010.350..5346.949 rows=180112 loops=1)
                    Filter: (info_type_id = 13)
                    Rows Removed by Filter: 14655608
        ->  Sort  (cost=802016.74..802200.62 rows=73554 width=4) (actual time=11672.490..11685.687 rows=60782 loops=1)
              Sort Key: ci.movie_id
              Sort Method: quicksort  Memory: 2208kB
              ->  Seq Scan on cast_info ci  (cost=0.00..796071.18 rows=73554 width=4) (actual time=6431.608..11658.631 rows=30700 loops=1)
                    Filter: ((person_id < 728569) AND (role_id > 10))
                    Rows Removed by Filter: 36213644
  ->  Index Only Scan using title_pkey on title t  (cost=0.43..1.42 rows=1 width=4) (actual time=0.009..0.010 rows=1 loops=35117)
        Index Cond: (id = mi.movie_id)
        Heap Fetches: 35117
Planning time: 1.260 ms
Execution time: 17689.913 ms
