Seq Scan on movie_keyword mk  (cost=0.00..81003.12 rows=246 width=0) (actual time=10.083..1200.989 rows=71 loops=1)
  Filter: (keyword_id = 4219)
  Rows Removed by Filter: 4523859
Planning time: 0.332 ms
Execution time: 1201.137 ms
