Hash Join  (cost=81071.12..122842.26 rows=237666 width=0) (actual time=1736.011..2877.035 rows=318684 loops=1)
  Hash Cond: (mi_idx.movie_id = t.id)
  ->  Seq Scan on movie_info_idx mi_idx  (cost=0.00..21735.35 rows=1380035 width=4) (actual time=0.025..429.680 rows=1380035 loops=1)
  ->  Hash  (cost=73925.90..73925.90 rows=435457 width=4) (actual time=1735.094..1735.094 rows=314685 loops=1)
        Buckets: 131072  Batches: 8  Memory Usage: 2411kB
        ->  Seq Scan on title t  (cost=0.00..73925.90 rows=435457 width=4) (actual time=223.900..1205.600 rows=314685 loops=1)
              Filter: ((production_year > 1994) AND (kind_id = 1))
              Rows Removed by Filter: 2213627
Planning time: 0.754 ms
Execution time: 2915.049 ms
