Seq Scan on movie_keyword mk  (cost=0.00..81003.12 rows=3692573 width=0) (actual time=0.024..1518.467 rows=3685231 loops=1)
  Filter: (keyword_id < 21922)
  Rows Removed by Filter: 838699
Planning time: 0.227 ms
Execution time: 2004.384 ms
