Seq Scan on movie_companies mc  (cost=0.00..57926.93 rows=409788 width=0) (actual time=8.770..856.628 rows=231146 loops=1)
  Filter: ((company_id < 1739) AND (company_type_id > 1))
  Rows Removed by Filter: 2377983
Planning time: 0.356 ms
Execution time: 883.963 ms
