Hash Join  (cost=78556.72..896829.34 rows=364206 width=0) (actual time=5040.439..15927.821 rows=737872 loops=1)
  Hash Cond: (ci.movie_id = t.id)
  ->  Seq Scan on cast_info ci  (cost=0.00..796071.18 rows=1379568 width=4) (actual time=3686.296..12508.926 rows=3376576 loops=1)
        Filter: ((person_id > 2535997) AND (role_id = 10))
        Rows Removed by Filter: 32867768
  ->  Hash  (cost=67604.59..67604.59 rows=667531 width=4) (actual time=1353.227..1353.227 rows=662825 loops=1)
        Buckets: 131072  Batches: 16  Memory Usage: 2476kB
        ->  Seq Scan on title t  (cost=0.00..67604.59 rows=667531 width=4) (actual time=164.464..1142.864 rows=662825 loops=1)
              Filter: (kind_id = 1)
              Rows Removed by Filter: 1865487
Planning time: 0.811 ms
Execution time: 16018.089 ms
