Seq Scan on movie_companies mc  (cost=0.00..57926.93 rows=456758 width=0) (actual time=0.033..959.163 rows=260124 loops=1)
  Filter: ((company_id < 2805) AND (company_type_id = 2))
  Rows Removed by Filter: 2349005
Planning time: 0.382 ms
Execution time: 992.637 ms
