Hash Join  (cost=102767.86..204452.16 rows=1679027 width=0) (actual time=1964.556..4780.034 rows=1670585 loops=1)
  Hash Cond: (mc.movie_id = t.id)
  ->  Seq Scan on movie_companies mc  (cost=0.00..51404.11 rows=1679027 width=4) (actual time=0.018..1059.293 rows=1670585 loops=1)
        Filter: (company_id < 19100)
        Rows Removed by Filter: 938544
  ->  Hash  (cost=61283.27..61283.27 rows=2528527 width=4) (actual time=1963.456..1963.456 rows=2528312 loops=1)
        Buckets: 131072  Batches: 64  Memory Usage: 2415kB
        ->  Seq Scan on title t  (cost=0.00..61283.27 rows=2528527 width=4) (actual time=0.019..1101.707 rows=2528312 loops=1)
Planning time: 0.732 ms
Execution time: 4970.214 ms
