Hash Join  (cost=92883.59..180863.47 rows=774609 width=0) (actual time=2572.365..3927.204 rows=316839 loops=1)
  Hash Cond: (mc.movie_id = t.id)
  ->  Seq Scan on movie_companies mc  (cost=0.00..57926.93 rows=1271171 width=4) (actual time=0.027..1276.062 rows=1274246 loops=1)
        Filter: ((company_id < 220170) AND (company_type_id < 2))
        Rows Removed by Filter: 1334883
  ->  Hash  (cost=67604.59..67604.59 rows=1540800 width=4) (actual time=1767.909..1767.909 rows=1543264 loops=1)
        Buckets: 131072  Batches: 32  Memory Usage: 2722kB
        ->  Seq Scan on title t  (cost=0.00..67604.59 rows=1540800 width=4) (actual time=352.246..1254.835 rows=1543264 loops=1)
              Filter: (kind_id = 7)
              Rows Removed by Filter: 985048
Planning time: 2.117 ms
Execution time: 3961.139 ms
