Hash Join  (cost=74469.67..161906.01 rows=77830 width=0) (actual time=1159.778..2819.413 rows=57005 loops=1)
  Hash Cond: (mk.movie_id = t.id)
  ->  Seq Scan on movie_keyword mk  (cost=0.00..69693.30 rows=4523930 width=4) (actual time=0.023..869.370 rows=4523930 loops=1)
  ->  Hash  (cost=73925.90..73925.90 rows=43501 width=4) (actual time=1158.959..1158.959 rows=39560 loops=1)
        Buckets: 65536  Batches: 1  Memory Usage: 1903kB
        ->  Seq Scan on title t  (cost=0.00..73925.90 rows=43501 width=4) (actual time=507.619..1143.540 rows=39560 loops=1)
              Filter: ((kind_id = 1) AND (production_year = 2012))
              Rows Removed by Filter: 2488752
Planning time: 2.051 ms
Execution time: 2826.720 ms
