Seq Scan on cast_info ci  (cost=0.00..705507.15 rows=12367822 width=0) (actual time=0.018..11538.979 rows=12285637 loops=1)
  Filter: (person_id < 1210645)
  Rows Removed by Filter: 23958707
Planning time: 0.244 ms
Execution time: 13066.837 ms
