Hash Join  (cost=89201.08..132036.13 rows=338415 width=0) (actual time=1611.011..2786.525 rows=283574 loops=1)
  Hash Cond: (mi_idx.movie_id = t.id)
  ->  Seq Scan on movie_info_idx mi_idx  (cost=0.00..25185.44 rows=919057 width=4) (actual time=0.023..520.970 rows=920110 loops=1)
        Filter: (info_type_id > 99)
        Rows Removed by Filter: 459925
  ->  Hash  (cost=73925.90..73925.90 rows=931054 width=4) (actual time=1609.624..1609.624 rows=852178 loops=1)
        Buckets: 131072  Batches: 16  Memory Usage: 2899kB
        ->  Seq Scan on title t  (cost=0.00..73925.90 rows=931054 width=4) (actual time=0.014..1341.052 rows=852178 loops=1)
              Filter: ((kind_id > 1) AND (production_year < 2004))
              Rows Removed by Filter: 1676134
Planning time: 0.750 ms
Execution time: 2819.883 ms
