Seq Scan on movie_keyword mk  (cost=0.00..81003.12 rows=1196447 width=0) (actual time=0.021..1284.037 rows=1205666 loops=1)
  Filter: (keyword_id > 15222)
  Rows Removed by Filter: 3318264
Planning time: 3.984 ms
Execution time: 1426.032 ms
