Seq Scan on movie_companies mc  (cost=0.00..57926.93 rows=53 width=0) (actual time=96.325..930.980 rows=6 loops=1)
  Filter: ((company_id = 83730) AND (company_type_id = 2))
  Rows Removed by Filter: 2609123
Planning time: 0.406 ms
Execution time: 931.074 ms
