Hash Join  (cost=102767.86..246155.73 rows=2182077 width=0) (actual time=2325.936..5734.351 rows=2182132 loops=1)
  Hash Cond: (mk.movie_id = t.id)
  ->  Seq Scan on movie_keyword mk  (cost=0.00..81003.12 rows=2182077 width=4) (actual time=0.027..1490.349 rows=2182132 loops=1)
        Filter: (keyword_id > 5202)
        Rows Removed by Filter: 2341798
  ->  Hash  (cost=61283.27..61283.27 rows=2528527 width=4) (actual time=2324.594..2324.594 rows=2528312 loops=1)
        Buckets: 131072  Batches: 64  Memory Usage: 2425kB
        ->  Seq Scan on title t  (cost=0.00..61283.27 rows=2528527 width=4) (actual time=0.025..1197.970 rows=2528312 loops=1)
Planning time: 4.518 ms
Execution time: 5968.634 ms
