Hash Join  (cost=220655.69..696038.71 rows=4002574 width=0) (actual time=6354.253..18648.900 rows=11920901 loops=1)
  Hash Cond: (mi.movie_id = t.id)
  ->  Seq Scan on movie_info mi  (cost=0.00..346232.03 rows=7235534 width=4) (actual time=1149.124..6302.591 rows=7286865 loops=1)
        Filter: (info_type_id < 8)
        Rows Removed by Filter: 7548855
  ->  Hash  (cost=197707.46..197707.46 rows=1398738 width=8) (actual time=5202.660..5202.660 rows=1408258 loops=1)
        Buckets: 131072  Batches: 32  Memory Usage: 2775kB
        ->  Hash Join  (cost=102767.86..197707.46 rows=1398738 width=8) (actual time=1902.737..4811.246 rows=1408258 loops=1)
              Hash Cond: (mc.movie_id = t.id)
              ->  Seq Scan on movie_companies mc  (cost=0.00..51404.11 rows=1398738 width=4) (actual time=0.029..1051.307 rows=1408258 loops=1)
                    Filter: (company_id > 10897)
                    Rows Removed by Filter: 1200871
              ->  Hash  (cost=61283.27..61283.27 rows=2528527 width=4) (actual time=1901.695..1901.695 rows=2528312 loops=1)
                    Buckets: 131072  Batches: 64  Memory Usage: 2415kB
                    ->  Seq Scan on title t  (cost=0.00..61283.27 rows=2528527 width=4) (actual time=0.698..1059.388 rows=2528312 loops=1)
Planning time: 1.135 ms
Execution time: 20087.125 ms
