Hash Join  (cost=114675.09..202248.43 rows=91530 width=0) (actual time=2372.625..4277.121 rows=142278 loops=1)
  Hash Cond: (mk.movie_id = t.id)
  ->  Seq Scan on movie_keyword mk  (cost=0.00..69693.30 rows=4523930 width=4) (actual time=0.018..1035.161 rows=4523930 loops=1)
  ->  Hash  (cost=114035.62..114035.62 rows=51158 width=8) (actual time=2371.800..2371.800 rows=34449 loops=1)
        Buckets: 65536  Batches: 1  Memory Usage: 1858kB
        ->  Hash Join  (cost=75464.55..114035.62 rows=51158 width=8) (actual time=1353.851..2361.034 rows=34449 loops=1)
              Hash Cond: (mi_idx.movie_id = t.id)
              ->  Seq Scan on movie_info_idx mi_idx  (cost=0.00..21735.35 rows=1380035 width=4) (actual time=0.031..323.035 rows=1380035 loops=1)
              ->  Hash  (cost=73925.90..73925.90 rows=93732 width=4) (actual time=1353.053..1353.053 rows=100592 loops=1)
                    Buckets: 131072  Batches: 2  Memory Usage: 2791kB
                    ->  Seq Scan on title t  (cost=0.00..73925.90 rows=93732 width=4) (actual time=0.066..1315.456 rows=100592 loops=1)
                          Filter: ((kind_id > 1) AND (production_year = 2009))
                          Rows Removed by Filter: 2427720
Planning time: 4.115 ms
Execution time: 4295.403 ms
