Hash Join  (cost=179643.84..673389.21 rows=1306344 width=0) (actual time=3692.576..19191.120 rows=7373190 loops=1)
  Hash Cond: (mi.movie_id = t.id)
  ->  Seq Scan on movie_info mi  (cost=0.00..309384.22 rows=14739122 width=4) (actual time=0.009..6167.167 rows=14835720 loops=1)
  ->  Hash  (cost=175966.52..175966.52 rows=224106 width=8) (actual time=3691.747..3691.747 rows=445139 loops=1)
        Buckets: 131072 (originally 131072)  Batches: 8 (originally 4)  Memory Usage: 3224kB
        ->  Hash Join  (cost=102767.86..175966.52 rows=224106 width=8) (actual time=2242.857..3549.586 rows=445139 loops=1)
              Hash Cond: (mc.movie_id = t.id)
              ->  Seq Scan on movie_companies mc  (cost=0.00..57926.93 rows=224106 width=4) (actual time=405.196..916.722 rows=445139 loops=1)
                    Filter: ((company_id > 77731) AND (company_type_id > 1))
                    Rows Removed by Filter: 2163990
              ->  Hash  (cost=61283.27..61283.27 rows=2528527 width=4) (actual time=1836.722..1836.722 rows=2528312 loops=1)
                    Buckets: 131072  Batches: 64  Memory Usage: 2415kB
                    ->  Seq Scan on title t  (cost=0.00..61283.27 rows=2528527 width=4) (actual time=0.025..970.252 rows=2528312 loops=1)
Planning time: 1.166 ms
Execution time: 20081.103 ms
