Seq Scan on movie_companies mc  (cost=0.00..57926.93 rows=794253 width=0) (actual time=0.017..1138.580 rows=1092397 loops=1)
  Filter: ((company_id < 16714) AND (company_type_id = 1))
  Rows Removed by Filter: 1516732
Planning time: 0.248 ms
Execution time: 1274.277 ms
