Hash Join  (cost=76697.17..108181.19 rows=30792 width=0) (actual time=1220.322..1959.073 rows=67509 loops=1)
  Hash Cond: (mi_idx.movie_id = t.id)
  ->  Seq Scan on movie_info_idx mi_idx  (cost=0.00..25185.44 rows=460978 width=4) (actual time=0.025..495.320 rows=459925 loops=1)
        Filter: (info_type_id = 99)
        Rows Removed by Filter: 920110
  ->  Hash  (cost=73925.90..73925.90 rows=168901 width=4) (actual time=1219.227..1219.227 rows=269915 loops=1)
        Buckets: 131072  Batches: 4  Memory Usage: 3401kB
        ->  Seq Scan on title t  (cost=0.00..73925.90 rows=168901 width=4) (actual time=0.028..1129.116 rows=269915 loops=1)
              Filter: ((kind_id < 7) AND (production_year < 1974))
              Rows Removed by Filter: 2258397
Planning time: 0.697 ms
Execution time: 1966.656 ms
