Hash Join  (cost=74305.74..101382.07 rows=16585 width=0) (actual time=1011.284..1596.407 rows=37263 loops=1)
  Hash Cond: (mi_idx.movie_id = t.id)
  ->  Seq Scan on movie_info_idx mi_idx  (cost=0.00..21735.35 rows=1380035 width=4) (actual time=0.022..293.037 rows=1380035 loops=1)
  ->  Hash  (cost=73925.90..73925.90 rows=30387 width=4) (actual time=973.773..973.773 rows=31314 loops=1)
        Buckets: 32768  Batches: 1  Memory Usage: 1357kB
        ->  Seq Scan on title t  (cost=0.00..73925.90 rows=30387 width=4) (actual time=0.084..961.021 rows=31314 loops=1)
              Filter: ((production_year < 1996) AND (kind_id = 2))
              Rows Removed by Filter: 2496998
Planning time: 0.996 ms
Execution time: 1601.395 ms
