Hash Join  (cost=69762.12..108686.23 rows=71762 width=0) (actual time=1226.554..1968.037 rows=45397 loops=1)
  Hash Cond: (mi_idx.movie_id = t.id)
  ->  Seq Scan on movie_info_idx mi_idx  (cost=0.00..21735.35 rows=1380035 width=4) (actual time=0.017..408.609 rows=1380035 loops=1)
  ->  Hash  (cost=67604.59..67604.59 rows=131483 width=4) (actual time=1085.263..1085.263 rows=133123 loops=1)
        Buckets: 131072  Batches: 2  Memory Usage: 3361kB
        ->  Seq Scan on title t  (cost=0.00..67604.59 rows=131483 width=4) (actual time=159.648..1039.221 rows=133123 loops=1)
              Filter: (production_year < 1937)
              Rows Removed by Filter: 2395189
Planning time: 2.357 ms
Execution time: 1976.542 ms
