Hash Join  (cost=146924.46..229867.89 rows=572590 width=0) (actual time=3147.667..5534.774 rows=616488 loops=1)
  Hash Cond: (mc.movie_id = t.id)
  ->  Seq Scan on movie_companies mc  (cost=0.00..44881.29 rows=2609129 width=4) (actual time=0.018..864.537 rows=2609129 loops=1)
  ->  Hash  (cost=137820.18..137820.18 rows=554902 width=8) (actual time=3050.328..3050.328 rows=309714 loops=1)
        Buckets: 131072  Batches: 8  Memory Usage: 2537kB
        ->  Hash Join  (cost=90606.68..137820.18 rows=554902 width=8) (actual time=1993.613..2959.743 rows=309714 loops=1)
              Hash Cond: (mi_idx.movie_id = t.id)
              ->  Seq Scan on movie_info_idx mi_idx  (cost=0.00..21735.35 rows=1380035 width=4) (actual time=0.022..446.215 rows=1380035 loops=1)
              ->  Hash  (cost=73925.90..73925.90 rows=1016702 width=4) (actual time=1658.240..1658.240 rows=960113 loops=1)
                    Buckets: 131072  Batches: 16  Memory Usage: 3135kB
                    ->  Seq Scan on title t  (cost=0.00..73925.90 rows=1016702 width=4) (actual time=133.244..1361.489 rows=960113 loops=1)
                          Filter: ((production_year < 2008) AND (kind_id = 7))
                          Rows Removed by Filter: 1568199
Planning time: 1.178 ms
Execution time: 5610.046 ms
