Hash Join  (cost=102069.17..189213.00 rows=48579 width=0) (actual time=1780.311..3664.682 rows=348600 loops=1)
  Hash Cond: (mk.movie_id = t.id)
  ->  Seq Scan on movie_keyword mk  (cost=0.00..69693.30 rows=4523930 width=4) (actual time=0.029..952.569 rows=4523930 loops=1)
  ->  Hash  (cost=101729.77..101729.77 rows=27152 width=8) (actual time=1780.042..1780.042 rows=39721 loops=1)
        Buckets: 65536 (originally 32768)  Batches: 1 (originally 1)  Memory Usage: 2064kB
        ->  Hash Join  (cost=74547.77..101729.77 rows=27152 width=8) (actual time=1159.155..1765.329 rows=39721 loops=1)
              Hash Cond: (mi_idx.movie_id = t.id)
              ->  Seq Scan on movie_info_idx mi_idx  (cost=0.00..21735.35 rows=1380035 width=4) (actual time=0.021..260.076 rows=1380035 loops=1)
              ->  Hash  (cost=73925.90..73925.90 rows=49749 width=4) (actual time=1158.661..1158.661 rows=44012 loops=1)
                    Buckets: 65536  Batches: 1  Memory Usage: 2060kB
                    ->  Seq Scan on title t  (cost=0.00..73925.90 rows=49749 width=4) (actual time=0.041..1141.171 rows=44012 loops=1)
                          Filter: ((kind_id < 7) AND (production_year = 2009))
                          Rows Removed by Filter: 2484300
Planning time: 1.089 ms
Execution time: 3709.593 ms
