Seq Scan on movie_companies mc  (cost=0.00..51404.11 rows=782056 width=0) (actual time=0.025..871.587 rows=788045 loops=1)
  Filter: (company_id > 31716)
  Rows Removed by Filter: 1821084
Planning time: 0.347 ms
Execution time: 968.484 ms
