Seq Scan on movie_keyword mk  (cost=0.00..81003.12 rows=246 width=0) (actual time=1.437..1346.780 rows=407 loops=1)
  Filter: (keyword_id = 3994)
  Rows Removed by Filter: 4523523
Planning time: 0.411 ms
Execution time: 1347.129 ms
