Hash Join  (cost=166547.57..563515.74 rows=324152 width=0) (actual time=3531.445..11939.681 rows=186665 loops=1)
  Hash Cond: (mi.movie_id = t.id)
  ->  Seq Scan on movie_info mi  (cost=0.00..346232.03 rows=12665229 width=4) (actual time=0.020..6517.644 rows=12744652 loops=1)
        Filter: (info_type_id > 2)
        Rows Removed by Filter: 2091068
  ->  Hash  (cost=165738.64..165738.64 rows=64715 width=8) (actual time=3039.569..3039.569 rows=17480 loops=1)
        Buckets: 65536  Batches: 1  Memory Usage: 1195kB
        ->  Hash Join  (cost=74747.02..165738.64 rows=64715 width=8) (actual time=2664.197..3033.193 rows=17480 loops=1)
              Hash Cond: (mk.movie_id = t.id)
              ->  Seq Scan on movie_keyword mk  (cost=0.00..81003.12 rows=2491025 width=4) (actual time=0.037..1417.749 rows=2485590 loops=1)
                    Filter: (keyword_id > 3639)
                    Rows Removed by Filter: 2038340
              ->  Hash  (cost=73925.90..73925.90 rows=65689 width=4) (actual time=1196.990..1196.990 rows=74524 loops=1)
                    Buckets: 131072  Batches: 1  Memory Usage: 3644kB
                    ->  Seq Scan on title t  (cost=0.00..73925.90 rows=65689 width=4) (actual time=0.025..1167.583 rows=74524 loops=1)
                          Filter: ((kind_id = 7) AND (production_year = 2006))
                          Rows Removed by Filter: 2453788
Planning time: 0.786 ms
Execution time: 11963.494 ms
