Hash Join  (cost=86573.65..614326.04 rows=4493446 width=0) (actual time=1295.393..14624.659 rows=2256332 loops=1)
  Hash Cond: (mi.movie_id = t.id)
  ->  Seq Scan on movie_info mi  (cost=0.00..309384.22 rows=14739122 width=4) (actual time=0.037..6015.773 rows=14835720 loops=1)
  ->  Hash  (cost=73925.90..73925.90 rows=770860 width=4) (actual time=1294.373..1294.373 rows=682281 loops=1)
        Buckets: 131072  Batches: 16  Memory Usage: 2528kB
        ->  Seq Scan on title t  (cost=0.00..73925.90 rows=770860 width=4) (actual time=0.025..1089.764 rows=682281 loops=1)
              Filter: ((production_year < 2004) AND (kind_id = 7))
              Rows Removed by Filter: 1846031
Planning time: 0.748 ms
Execution time: 14849.862 ms
