Hash Join  (cost=80562.70..1034279.09 rows=3287157 width=0) (actual time=1527.364..25113.739 rows=3737138 loops=1)
  Hash Cond: (ci.movie_id = t.id)
  ->  Seq Scan on cast_info ci  (cost=0.00..796071.18 rows=10524172 width=4) (actual time=0.013..16712.502 rows=12670688 loops=1)
        Filter: ((person_id < 3018909) AND (role_id < 2))
        Rows Removed by Filter: 23573656
  ->  Hash  (cost=67604.59..67604.59 rows=789769 width=4) (actual time=1526.084..1526.084 rows=784926 loops=1)
        Buckets: 131072  Batches: 16  Memory Usage: 2749kB
        ->  Seq Scan on title t  (cost=0.00..67604.59 rows=789769 width=4) (actual time=0.011..1266.480 rows=784926 loops=1)
              Filter: (production_year > 2007)
              Rows Removed by Filter: 1743386
Planning time: 0.749 ms
Execution time: 25531.298 ms
