Hash Join  (cost=134125.57..213390.76 rows=305767 width=0) (actual time=2984.338..5093.941 rows=486674 loops=1)
  Hash Cond: (mc.movie_id = t.id)
  ->  Seq Scan on movie_companies mc  (cost=0.00..44881.29 rows=2609129 width=4) (actual time=0.015..941.182 rows=2609129 loops=1)
  ->  Hash  (cost=129263.55..129263.55 rows=296321 width=8) (actual time=2983.435..2983.435 rows=195326 loops=1)
        Buckets: 131072  Batches: 4  Memory Usage: 2921kB
        ->  Hash Join  (cost=87301.44..129263.55 rows=296321 width=8) (actual time=1695.821..2919.018 rows=195326 loops=1)
              Hash Cond: (mi_idx.movie_id = t.id)
              ->  Seq Scan on movie_info_idx mi_idx  (cost=0.00..25185.44 rows=919057 width=4) (actual time=0.013..586.046 rows=920110 loops=1)
                    Filter: (info_type_id > 99)
                    Rows Removed by Filter: 459925
              ->  Hash  (cost=73925.90..73925.90 rows=815243 width=4) (actual time=1693.974..1693.974 rows=876186 loops=1)
                    Buckets: 131072  Batches: 16  Memory Usage: 2955kB
                    ->  Seq Scan on title t  (cost=0.00..73925.90 rows=815243 width=4) (actual time=0.013..1425.590 rows=876186 loops=1)
                          Filter: ((kind_id > 1) AND (production_year > 2004))
                          Rows Removed by Filter: 1652126
Planning time: 0.744 ms
Execution time: 5151.961 ms
