Hash Join  (cost=102767.86..257619.66 rows=2658503 width=0) (actual time=1947.480..6306.799 rows=2651628 loops=1)
  Hash Cond: (mk.movie_id = t.id)
  ->  Seq Scan on movie_keyword mk  (cost=0.00..81003.12 rows=2658503 width=4) (actual time=0.021..1503.475 rows=2651628 loops=1)
        Filter: (keyword_id < 7346)
        Rows Removed by Filter: 1872302
  ->  Hash  (cost=61283.27..61283.27 rows=2528527 width=4) (actual time=1945.590..1945.590 rows=2528312 loops=1)
        Buckets: 131072  Batches: 64  Memory Usage: 2425kB
        ->  Seq Scan on title t  (cost=0.00..61283.27 rows=2528527 width=4) (actual time=0.015..1106.497 rows=2528312 loops=1)
Planning time: 0.489 ms
Execution time: 6602.000 ms
