Seq Scan on movie_keyword mk  (cost=0.00..81003.12 rows=2302140 width=0) (actual time=0.026..4179.926 rows=2304137 loops=1)
  Filter: (keyword_id > 4520)
  Rows Removed by Filter: 2219793
Planning time: 0.322 ms
Execution time: 4616.827 ms
