Seq Scan on movie_keyword mk  (cost=0.00..81003.12 rows=712004 width=0) (actual time=0.033..979.614 rows=716695 loops=1)
  Filter: (keyword_id > 26255)
  Rows Removed by Filter: 3807235
Planning time: 0.302 ms
Execution time: 1052.913 ms
