Nested Loop  (cost=0.43..798787.41 rows=324 width=0) (actual time=36258.248..41097.076 rows=587 loops=1)
  ->  Seq Scan on cast_info ci  (cost=0.00..796071.18 rows=324 width=4) (actual time=36258.152..41038.623 rows=587 loops=1)
        Filter: ((role_id > 1) AND (person_id = 3537006))
        Rows Removed by Filter: 36243757
  ->  Index Only Scan using title_pkey on title t  (cost=0.43..8.37 rows=1 width=4) (actual time=0.099..0.099 rows=1 loops=587)
        Index Cond: (id = ci.movie_id)
        Heap Fetches: 587
Planning time: 0.683 ms
Execution time: 41097.291 ms
