Hash Join  (cost=917988.17..1343028.94 rows=925676 width=0) (actual time=15515.242..25502.458 rows=2959679 loops=1)
  Hash Cond: (mi.movie_id = t.id)
  ->  Seq Scan on movie_info mi  (cost=0.00..346232.03 rows=5880796 width=4) (actual time=402.350..6541.085 rows=5869026 loops=1)
        Filter: (info_type_id > 13)
        Rows Removed by Filter: 8966694
  ->  Hash  (cost=911458.08..911458.08 rows=398007 width=8) (actual time=15111.570..15111.570 rows=290738 loops=1)
        Buckets: 131072  Batches: 8  Memory Usage: 2439kB
        ->  Hash Join  (cost=80408.18..911458.08 rows=398007 width=8) (actual time=3015.857..15013.616 rows=290738 loops=1)
              Hash Cond: (ci.movie_id = t.id)
              ->  Seq Scan on cast_info ci  (cost=0.00..796071.18 rows=2547374 width=4) (actual time=1708.427..12531.711 rows=2279181 loops=1)
                    Filter: ((person_id > 2404299) AND (role_id = 2))
                    Rows Removed by Filter: 33965163
              ->  Hash  (cost=73925.90..73925.90 rows=395062 width=4) (actual time=1306.467..1306.467 rows=335993 loops=1)
                    Buckets: 131072  Batches: 8  Memory Usage: 2492kB
                    ->  Seq Scan on title t  (cost=0.00..73925.90 rows=395062 width=4) (actual time=0.032..1182.369 rows=335993 loops=1)
                          Filter: ((kind_id < 7) AND (production_year > 2005))
                          Rows Removed by Filter: 2192319
Planning time: 1.198 ms
Execution time: 25883.203 ms
