Hash Join  (cost=125339.09..954121.73 rows=218886 width=0) (actual time=8158.429..21810.870 rows=1422075 loops=1)
  Hash Cond: (ci.movie_id = t.id)
  ->  Seq Scan on cast_info ci  (cost=0.00..796071.18 rows=2566830 width=4) (actual time=5367.517..15672.290 rows=5333353 loops=1)
        Filter: ((person_id > 2445148) AND (role_id > 7))
        Rows Removed by Filter: 30910991
  ->  Hash  (cost=121800.85..121800.85 rows=215619 width=8) (actual time=2789.779..2789.779 rows=275110 loops=1)
        Buckets: 131072  Batches: 4  Memory Usage: 3701kB
        ->  Hash Join  (cost=80408.18..121800.85 rows=215619 width=8) (actual time=1291.797..2709.919 rows=275110 loops=1)
              Hash Cond: (mi_idx.movie_id = t.id)
              ->  Seq Scan on movie_info_idx mi_idx  (cost=0.00..21735.35 rows=1380035 width=4) (actual time=0.012..416.027 rows=1380035 loops=1)
              ->  Hash  (cost=73925.90..73925.90 rows=395062 width=4) (actual time=1290.927..1290.927 rows=335993 loops=1)
                    Buckets: 131072  Batches: 8  Memory Usage: 2492kB
                    ->  Seq Scan on title t  (cost=0.00..73925.90 rows=395062 width=4) (actual time=0.062..1188.191 rows=335993 loops=1)
                          Filter: ((kind_id < 7) AND (production_year > 2005))
                          Rows Removed by Filter: 2192319
Planning time: 8.769 ms
Execution time: 22036.929 ms
