Seq Scan on cast_info ci  (cost=0.00..705507.15 rows=10418230 width=0) (actual time=12384.887..34431.169 rows=10426178 loops=1)
  Filter: (person_id > 2667446)
  Rows Removed by Filter: 25818166
Planning time: 0.344 ms
Execution time: 36199.120 ms
