Seq Scan on cast_info ci  (cost=0.00..796071.18 rows=4222646 width=0) (actual time=11515.886..14785.245 rows=5187190 loops=1)
  Filter: ((person_id > 957481) AND (role_id > 8))
  Rows Removed by Filter: 31057154
Planning time: 0.357 ms
Execution time: 15406.063 ms
