Hash Join  (cost=90260.67..1327295.27 rows=19783643 width=0) (actual time=4687.030..81341.333 rows=21334720 loops=1)
  Hash Cond: (ci.movie_id = t.id)
  ->  Seq Scan on cast_info ci  (cost=0.00..614943.12 rows=36225612 width=4) (actual time=0.015..44023.594 rows=36244344 loops=1)
  ->  Hash  (cost=67604.59..67604.59 rows=1380887 width=4) (actual time=4685.947..4685.947 rows=1381453 loops=1)
        Buckets: 131072  Batches: 32  Memory Usage: 2543kB
        ->  Seq Scan on title t  (cost=0.00..67604.59 rows=1380887 width=4) (actual time=0.019..3791.128 rows=1381453 loops=1)
              Filter: (production_year > 2000)
              Rows Removed by Filter: 1146859
Planning time: 0.732 ms
Execution time: 84260.400 ms
