Seq Scan on movie_keyword mk  (cost=0.00..81003.12 rows=2274673 width=0) (actual time=0.026..4243.196 rows=2272199 loops=1)
  Filter: (keyword_id > 4647)
  Rows Removed by Filter: 2251731
Planning time: 0.310 ms
Execution time: 4642.948 ms
