Hash Join  (cost=58375.85..809172.60 rows=759 width=0) (actual time=2108.002..44611.635 rows=14721 loops=1)
  Hash Cond: (ci.movie_id = t.id)
  ->  Seq Scan on cast_info ci  (cost=0.00..614943.12 rows=36225612 width=4) (actual time=0.017..32197.506 rows=36244344 loops=1)
  ->  Hash  (cost=58375.18..58375.18 rows=53 width=8) (actual time=2092.439..2092.439 rows=767 loops=1)
        Buckets: 1024  Batches: 1  Memory Usage: 38kB
        ->  Nested Loop  (cost=0.43..58375.18 rows=53 width=8) (actual time=471.027..2087.365 rows=767 loops=1)
              ->  Seq Scan on movie_companies mc  (cost=0.00..57926.93 rows=53 width=4) (actual time=463.624..1974.827 rows=767 loops=1)
                    Filter: ((company_id = 264) AND (company_type_id = 2))
                    Rows Removed by Filter: 2608362
              ->  Index Only Scan using title_pkey on title t  (cost=0.43..8.45 rows=1 width=4) (actual time=0.145..0.146 rows=1 loops=767)
                    Index Cond: (id = mc.movie_id)
                    Heap Fetches: 767
Planning time: 3.923 ms
Execution time: 44623.478 ms
