Hash Join  (cost=120434.75..178382.97 rows=3726 width=0) (actual time=4169.756..7813.890 rows=44444 loops=1)
  Hash Cond: (mc.movie_id = t.id)
  ->  Seq Scan on movie_companies mc  (cost=0.00..51404.11 rows=1735158 width=4) (actual time=0.020..3175.694 rows=1728218 loops=1)
        Filter: (company_id < 22818)
        Rows Removed by Filter: 880911
  ->  Hash  (cost=120366.89..120366.89 rows=5429 width=8) (actual time=4159.651..4159.651 rows=4702 loops=1)
        Buckets: 8192  Batches: 1  Memory Usage: 248kB
        ->  Nested Loop  (cost=0.43..120366.89 rows=5429 width=8) (actual time=0.254..4156.441 rows=4702 loops=1)
              ->  Seq Scan on movie_keyword mk  (cost=0.00..81003.12 rows=5429 width=4) (actual time=0.211..3467.673 rows=4702 loops=1)
                    Filter: (keyword_id = 275)
                    Rows Removed by Filter: 4519228
              ->  Index Only Scan using title_pkey on title t  (cost=0.43..7.24 rows=1 width=4) (actual time=0.143..0.145 rows=1 loops=4702)
                    Index Cond: (id = mk.movie_id)
                    Heap Fetches: 4702
Planning time: 3.413 ms
Execution time: 7820.364 ms
