Seq Scan on cast_info ci  (cost=0.00..796071.18 rows=7531807 width=0) (actual time=33446.553..39274.625 rows=2078805 loops=1)
  Filter: ((person_id > 1448240) AND (role_id < 2))
  Rows Removed by Filter: 34165539
Planning time: 1.893 ms
Execution time: 39650.739 ms
