Seq Scan on movie_keyword mk  (cost=0.00..81003.12 rows=1963036 width=0) (actual time=0.008..4300.172 rows=1967442 loops=1)
  Filter: (keyword_id > 6435)
  Rows Removed by Filter: 2556488
Planning time: 0.281 ms
Execution time: 4650.124 ms
