Hash Join  (cost=69002.72..1115346.87 rows=1220798 width=0) (actual time=1045.984..27321.029 rows=1178423 loops=1)
  Hash Cond: (ci.movie_id = t.id)
  ->  Seq Scan on cast_info ci  (cost=0.00..614943.12 rows=36225612 width=4) (actual time=0.014..12661.542 rows=36244344 loops=1)
  ->  Hash  (cost=67604.59..67604.59 rows=85211 width=4) (actual time=1045.052..1045.052 rows=84593 loops=1)
        Buckets: 131072  Batches: 2  Memory Usage: 2518kB
        ->  Seq Scan on title t  (cost=0.00..67604.59 rows=85211 width=4) (actual time=0.018..1011.548 rows=84593 loops=1)
              Filter: (production_year = 2004)
              Rows Removed by Filter: 2443719
Planning time: 0.763 ms
Execution time: 27495.259 ms
