Seq Scan on movie_companies mc  (cost=0.00..51404.11 rows=1231199 width=0) (actual time=0.015..2287.851 rows=1219174 loops=1)
  Filter: (company_id < 11138)
  Rows Removed by Filter: 1389955
Planning time: 0.350 ms
Execution time: 2477.793 ms
