Hash Join  (cost=74453.72..164388.92 rows=38080 width=0) (actual time=4774.369..10631.877 rows=49520 loops=1)
  Hash Cond: (mk.movie_id = t.id)
  ->  Seq Scan on movie_keyword mk  (cost=0.00..81003.12 rows=2280341 width=4) (actual time=0.025..4646.014 rows=2279541 loops=1)
        Filter: (keyword_id < 4833)
        Rows Removed by Filter: 2244389
  ->  Hash  (cost=73925.90..73925.90 rows=42225 width=4) (actual time=3952.633..3952.633 rows=109739 loops=1)
        Buckets: 131072 (originally 65536)  Batches: 2 (originally 1)  Memory Usage: 3073kB
        ->  Seq Scan on title t  (cost=0.00..73925.90 rows=42225 width=4) (actual time=0.012..3187.434 rows=109739 loops=1)
              Filter: ((kind_id < 7) AND (production_year < 1928))
              Rows Removed by Filter: 2418573
Planning time: 0.725 ms
Execution time: 10639.696 ms
