Seq Scan on title t  (cost=0.00..73925.90 rows=1472927 width=0) (actual time=0.012..4420.956 rows=1490873 loops=1)
  Filter: ((kind_id > 4) AND (production_year > 1915))
  Rows Removed by Filter: 1037439
Planning time: 4.395 ms
Execution time: 4724.157 ms
