Hash Join  (cost=74027.29..425071.93 rows=4082 width=0) (actual time=16694.250..19619.429 rows=6852 loops=1)
  Hash Cond: (mi.movie_id = t.id)
  ->  Seq Scan on movie_info mi  (cost=0.00..346232.03 rows=1272478 width=4) (actual time=13587.377..16133.400 rows=1325361 loops=1)
        Filter: (info_type_id = 8)
        Rows Removed by Filter: 13510359
  ->  Hash  (cost=73925.90..73925.90 rows=8111 width=4) (actual time=3106.584..3106.584 rows=6402 loops=1)
        Buckets: 8192  Batches: 1  Memory Usage: 290kB
        ->  Seq Scan on title t  (cost=0.00..73925.90 rows=8111 width=4) (actual time=32.051..3103.267 rows=6402 loops=1)
              Filter: ((kind_id < 3) AND (production_year = 1993))
              Rows Removed by Filter: 2521910
Planning time: 0.719 ms
Execution time: 19620.926 ms
