Nested Loop  (cost=0.43..447802.20 rows=17937 width=0) (actual time=7998.030..17293.431 rows=18205 loops=1)
  ->  Seq Scan on movie_info mi  (cost=0.00..346232.03 rows=17937 width=4) (actual time=7997.901..16256.007 rows=18205 loops=1)
        Filter: (info_type_id = 11)
        Rows Removed by Filter: 14817515
  ->  Index Only Scan using title_pkey on title t  (cost=0.43..5.65 rows=1 width=4) (actual time=0.056..0.056 rows=1 loops=18205)
        Index Cond: (id = mi.movie_id)
        Heap Fetches: 18205
Planning time: 8.561 ms
Execution time: 17297.452 ms
