Hash Join  (cost=474404.93..1276871.19 rows=1107366 width=0) (actual time=26330.693..70807.560 rows=5194853 loops=1)
  Hash Cond: (ci.movie_id = t.id)
  ->  Seq Scan on cast_info ci  (cost=0.00..705507.15 rows=7298253 width=4) (actual time=5502.983..42044.729 rows=7451973 loops=1)
        Filter: (role_id = 2)
        Rows Removed by Filter: 28792371
  ->  Hash  (cost=468110.26..468110.26 rows=383654 width=8) (actual time=20826.461..20826.461 rows=428651 loops=1)
        Buckets: 131072  Batches: 8  Memory Usage: 3122kB
        ->  Hash Join  (cost=102767.86..468110.26 rows=383654 width=8) (actual time=15332.182..20689.809 rows=428651 loops=1)
              Hash Cond: (mi.movie_id = t.id)
              ->  Seq Scan on movie_info mi  (cost=0.00..346232.03 rows=383654 width=4) (actual time=10189.806..14279.090 rows=428651 loops=1)
                    Filter: (info_type_id > 104)
                    Rows Removed by Filter: 14407069
              ->  Hash  (cost=61283.27..61283.27 rows=2528527 width=4) (actual time=5133.909..5133.909 rows=2528312 loops=1)
                    Buckets: 131072  Batches: 64  Memory Usage: 2425kB
                    ->  Seq Scan on title t  (cost=0.00..61283.27 rows=2528527 width=4) (actual time=0.025..3415.462 rows=2528312 loops=1)
Planning time: 1.135 ms
Execution time: 71740.353 ms
