Seq Scan on movie_companies mc  (cost=0.00..51404.11 rows=104 width=0) (actual time=6.175..2117.238 rows=151 loops=1)
  Filter: (company_id = 21002)
  Rows Removed by Filter: 2608978
Planning time: 9.343 ms
Execution time: 2117.385 ms
