Nested Loop  (cost=0.43..709673.15 rows=46 width=0) (actual time=23094.570..33257.098 rows=10 loops=1)
  ->  Seq Scan on cast_info ci  (cost=0.00..705507.15 rows=500 width=4) (actual time=2419.693..33239.987 rows=99 loops=1)
        Filter: (person_id = 933036)
        Rows Removed by Filter: 36244245
  ->  Index Scan using title_pkey on title t  (cost=0.43..8.32 rows=1 width=4) (actual time=0.172..0.172 rows=0 loops=99)
        Index Cond: (id = ci.movie_id)
        Filter: (production_year > 2011)
        Rows Removed by Filter: 1
Planning time: 3.109 ms
Execution time: 33257.209 ms
