Seq Scan on movie_companies mc  (cost=0.00..57926.93 rows=53 width=0) (actual time=342.715..2270.695 rows=2 loops=1)
  Filter: ((company_id = 130300) AND (company_type_id = 2))
  Rows Removed by Filter: 2609127
Planning time: 0.456 ms
Execution time: 2270.781 ms
