Seq Scan on cast_info ci  (cost=0.00..705507.15 rows=25615633 width=0) (actual time=0.021..40838.856 rows=25796958 loops=1)
  Filter: (person_id > 1025783)
  Rows Removed by Filter: 10447386
Planning time: 0.319 ms
Execution time: 45507.246 ms
