Hash Join  (cost=78670.55..147652.79 rows=148028 width=0) (actual time=1325.034..3150.323 rows=61492 loops=1)
  Hash Cond: (mc.movie_id = t.id)
  ->  Seq Scan on movie_companies mc  (cost=0.00..51404.11 rows=1294357 width=4) (actual time=0.027..962.642 rows=1302568 loops=1)
        Filter: (company_id > 11320)
        Rows Removed by Filter: 1306561
  ->  Hash  (cost=73925.90..73925.90 rows=289172 width=4) (actual time=1323.952..1323.952 rows=292674 loops=1)
        Buckets: 131072  Batches: 4  Memory Usage: 3617kB
        ->  Seq Scan on title t  (cost=0.00..73925.90 rows=289172 width=4) (actual time=0.023..1225.325 rows=292674 loops=1)
              Filter: ((kind_id > 1) AND (production_year > 2010))
              Rows Removed by Filter: 2235638
Planning time: 0.802 ms
Execution time: 3157.552 ms
