Hash Join  (cost=102767.86..1440926.21 rows=22117734 width=0) (actual time=4848.722..80904.225 rows=22984412 loops=1)
  Hash Cond: (ci.movie_id = t.id)
  ->  Seq Scan on cast_info ci  (cost=0.00..796071.18 rows=22117734 width=4) (actual time=0.021..50198.746 rows=22984412 loops=1)
        Filter: ((person_id > 203123) AND (role_id > 1))
        Rows Removed by Filter: 13259932
  ->  Hash  (cost=61283.27..61283.27 rows=2528527 width=4) (actual time=4847.708..4847.708 rows=2528312 loops=1)
        Buckets: 131072  Batches: 64  Memory Usage: 2415kB
        ->  Seq Scan on title t  (cost=0.00..61283.27 rows=2528527 width=4) (actual time=0.016..3451.817 rows=2528312 loops=1)
Planning time: 0.711 ms
Execution time: 84192.777 ms
