Hash Join  (cost=210491.72..1674177.07 rows=2763218 width=148) (actual time=5495.182..44007.039 rows=10571939 loops=1)
  Hash Cond: (ci.movie_id = t.id)
  ->  Seq Scan on cast_info ci  (cost=0.00..614943.12 rows=36225612 width=42) (actual time=0.015..14653.453 rows=36244344 loops=1)
  ->  Hash  (cost=204878.83..204878.83 rows=192871 width=106) (actual time=5494.408..5494.408 rows=183641 loops=1)
        Buckets: 32768  Batches: 8  Memory Usage: 3020kB
        ->  Hash Join  (cost=70532.09..204878.83 rows=192871 width=106) (actual time=1496.135..5370.619 rows=183641 loops=1)
              Hash Cond: (mk.movie_id = t.id)
              ->  Seq Scan on movie_keyword mk  (cost=0.00..69693.30 rows=4523930 width=12) (actual time=0.007..1568.511 rows=4523930 loops=1)
              ->  Hash  (cost=67604.59..67604.59 rows=107800 width=94) (actual time=1495.230..1495.230 rows=108429 loops=1)
                    Buckets: 32768  Batches: 4  Memory Usage: 3292kB
                    ->  Seq Scan on title t  (cost=0.00..67604.59 rows=107800 width=94) (actual time=0.024..1445.502 rows=108429 loops=1)
                          Filter: (production_year = 2006)
                          Rows Removed by Filter: 2419883
Planning time: 1.544 ms
Execution time: 44587.164 ms
