Seq Scan on movie_keyword mk  (cost=0.00..81003.12 rows=2677101 width=0) (actual time=0.021..4107.885 rows=2672366 loops=1)
  Filter: (keyword_id < 7477)
  Rows Removed by Filter: 1851564
Planning time: 0.316 ms
Execution time: 4607.081 ms
