Hash Join  (cost=174865.45..260589.63 rows=732900 width=0) (actual time=9399.099..15496.489 rows=2164010 loops=1)
  Hash Cond: (mc.movie_id = t.id)
  ->  Seq Scan on movie_companies mc  (cost=0.00..51404.11 rows=2025086 width=4) (actual time=0.019..3988.327 rows=2017814 loops=1)
        Filter: (company_id < 70133)
        Rows Removed by Filter: 591315
  ->  Hash  (cost=159851.69..159851.69 rows=915101 width=8) (actual time=9398.257..9398.257 rows=919850 loops=1)
        Buckets: 131072  Batches: 16  Memory Usage: 3269kB
        ->  Hash Join  (cost=102767.86..159851.69 rows=915101 width=8) (actual time=5665.892..9073.408 rows=919850 loops=1)
              Hash Cond: (mi_idx.movie_id = t.id)
              ->  Seq Scan on movie_info_idx mi_idx  (cost=0.00..25185.44 rows=915101 width=4) (actual time=0.013..1968.367 rows=919850 loops=1)
                    Filter: (info_type_id < 101)
                    Rows Removed by Filter: 460185
              ->  Hash  (cost=61283.27..61283.27 rows=2528527 width=4) (actual time=5664.279..5664.279 rows=2528312 loops=1)
                    Buckets: 131072  Batches: 64  Memory Usage: 2415kB
                    ->  Seq Scan on title t  (cost=0.00..61283.27 rows=2528527 width=4) (actual time=0.014..4355.067 rows=2528312 loops=1)
Planning time: 8.170 ms
Execution time: 15796.744 ms
