Hash Join  (cost=93117.31..1105187.85 rows=9745409 width=0) (actual time=10564.401..70121.394 rows=8724983 loops=1)
  Hash Cond: (ci.movie_id = t.id)
  ->  Seq Scan on cast_info ci  (cost=0.00..705507.15 rows=15846459 width=4) (actual time=3326.086..45539.892 rows=15958698 loops=1)
        Filter: (person_id > 2038102)
        Rows Removed by Filter: 20285646
  ->  Hash  (cost=67604.59..67604.59 rows=1555018 width=4) (actual time=7237.500..7237.500 rows=1551727 loops=1)
        Buckets: 131072  Batches: 32  Memory Usage: 2728kB
        ->  Seq Scan on title t  (cost=0.00..67604.59 rows=1555018 width=4) (actual time=0.018..5186.815 rows=1551727 loops=1)
              Filter: (production_year < 2007)
              Rows Removed by Filter: 976585
Planning time: 29.640 ms
Execution time: 71553.848 ms
