Nested Loop  (cost=0.43..83072.29 rows=150 width=0) (actual time=21.222..3468.566 rows=13 loops=1)
  ->  Seq Scan on movie_keyword mk  (cost=0.00..81003.12 rows=246 width=4) (actual time=21.148..3456.568 rows=41 loops=1)
        Filter: (keyword_id = 32332)
        Rows Removed by Filter: 4523889
  ->  Index Scan using title_pkey on title t  (cost=0.43..8.40 rows=1 width=4) (actual time=0.287..0.287 rows=0 loops=41)
        Index Cond: (id = mk.movie_id)
        Filter: (kind_id = 7)
        Rows Removed by Filter: 1
Planning time: 11.872 ms
Execution time: 3468.735 ms
