Hash Join  (cost=96190.11..924632.31 rows=460408 width=0) (actual time=5072.812..60846.347 rows=1091757 loops=1)
  Hash Cond: (ci.movie_id = t.id)
  ->  Seq Scan on cast_info ci  (cost=0.00..705507.15 rows=31554923 width=4) (actual time=0.013..44670.368 rows=31605208 loops=1)
        Filter: (role_id < 10)
        Rows Removed by Filter: 4639136
  ->  Hash  (cost=95728.95..95728.95 rows=36893 width=8) (actual time=5072.403..5072.403 rows=45309 loops=1)
        Buckets: 65536  Batches: 1  Memory Usage: 2282kB
        ->  Hash Join  (cost=68449.54..95728.95 rows=36893 width=8) (actual time=3165.474..5051.442 rows=45309 loops=1)
              Hash Cond: (mi_idx.movie_id = t.id)
              ->  Seq Scan on movie_info_idx mi_idx  (cost=0.00..21735.35 rows=1380035 width=4) (actual time=0.023..1441.559 rows=1380035 loops=1)
              ->  Hash  (cost=67604.59..67604.59 rows=67596 width=4) (actual time=3164.840..3164.840 rows=67777 loops=1)
                    Buckets: 131072  Batches: 1  Memory Usage: 3407kB
                    ->  Seq Scan on title t  (cost=0.00..67604.59 rows=67596 width=4) (actual time=0.026..3132.496 rows=67777 loops=1)
                          Filter: (production_year = 2003)
                          Rows Removed by Filter: 2460535
Planning time: 1.107 ms
Execution time: 61037.334 ms
