Seq Scan on movie_keyword mk  (cost=0.00..81003.12 rows=246 width=0) (actual time=3.339..3567.313 rows=643 loops=1)
  Filter: (keyword_id = 5186)
  Rows Removed by Filter: 4523287
Planning time: 0.821 ms
Execution time: 3567.756 ms
