Seq Scan on movie_companies mc  (cost=0.00..51404.11 rows=1404417 width=0) (actual time=0.015..3190.486 rows=1393157 loops=1)
  Filter: (company_id < 12107)
  Rows Removed by Filter: 1215972
Planning time: 12.431 ms
Execution time: 3430.208 ms
