Hash Join  (cost=73982.55..100917.78 rows=2474 width=0) (actual time=4020.245..5471.446 rows=2808 loops=1)
  Hash Cond: (mi_idx.movie_id = t.id)
  ->  Seq Scan on movie_info_idx mi_idx  (cost=0.00..21735.35 rows=1380035 width=4) (actual time=0.019..1230.826 rows=1380035 loops=1)
  ->  Hash  (cost=73925.90..73925.90 rows=4532 width=4) (actual time=3838.084..3838.084 rows=6999 loops=1)
        Buckets: 8192  Batches: 1  Memory Usage: 311kB
        ->  Seq Scan on title t  (cost=0.00..73925.90 rows=4532 width=4) (actual time=0.124..3834.439 rows=6999 loops=1)
              Filter: ((kind_id = 7) AND (production_year = 1960))
              Rows Removed by Filter: 2521313
Planning time: 5.923 ms
Execution time: 5471.972 ms
