Hash Join  (cost=128600.92..879429.34 rows=3926 width=0) (actual time=5953.956..48470.483 rows=18479 loops=1)
  Hash Cond: (ci.movie_id = t.id)
  ->  Seq Scan on cast_info ci  (cost=0.00..614943.12 rows=36225612 width=4) (actual time=0.013..31984.333 rows=36244344 loops=1)
  ->  Hash  (cost=128597.49..128597.49 rows=274 width=8) (actual time=5944.978..5944.978 rows=1408 loops=1)
        Buckets: 2048 (originally 1024)  Batches: 1 (originally 1)  Memory Usage: 71kB
        ->  Hash Join  (cost=73929.23..128597.49 rows=274 width=8) (actual time=3440.432..5944.164 rows=1408 loops=1)
              Hash Cond: (mc.movie_id = t.id)
              ->  Seq Scan on movie_companies mc  (cost=0.00..44881.29 rows=2609129 width=4) (actual time=3.070..2135.970 rows=2609129 loops=1)
              ->  Hash  (cost=73925.90..73925.90 rows=266 width=4) (actual time=3108.193..3108.193 rows=759 loops=1)
                    Buckets: 1024  Batches: 1  Memory Usage: 35kB
                    ->  Seq Scan on title t  (cost=0.00..73925.90 rows=266 width=4) (actual time=559.050..3107.557 rows=759 loops=1)
                          Filter: ((kind_id = 2) AND (production_year = 1980))
                          Rows Removed by Filter: 2527553
Planning time: 1.210 ms
Execution time: 48476.052 ms
