Hash Join  (cost=481915.06..622604.38 rows=1533828 width=0) (actual time=24179.529..53931.532 rows=84092182 loops=1)
  Hash Cond: (mk.movie_id = t.id)
  ->  Seq Scan on movie_keyword mk  (cost=0.00..69693.30 rows=4523930 width=4) (actual time=0.023..4343.869 rows=4523930 loops=1)
  ->  Hash  (cost=467849.92..467849.92 rows=857291 width=8) (actual time=24178.270..24178.270 rows=1863158 loops=1)
        Buckets: 131072 (originally 131072)  Batches: 32 (originally 16)  Memory Usage: 3233kB
        ->  Hash Join  (cost=83810.17..467849.92 rows=857291 width=8) (actual time=5900.733..23181.861 rows=1863158 loops=1)
              Hash Cond: (mi.movie_id = t.id)
              ->  Seq Scan on movie_info mi  (cost=0.00..346232.03 rows=2194617 width=4) (actual time=1657.923..16958.895 rows=2233850 loops=1)
                    Filter: (info_type_id > 16)
                    Rows Removed by Filter: 12601870
              ->  Hash  (cost=67604.59..67604.59 rows=987727 width=4) (actual time=4037.927..4037.927 rows=985048 loops=1)
                    Buckets: 131072  Batches: 16  Memory Usage: 3197kB
                    ->  Seq Scan on title t  (cost=0.00..67604.59 rows=987727 width=4) (actual time=0.035..3633.342 rows=985048 loops=1)
                          Filter: (kind_id < 7)
                          Rows Removed by Filter: 1543264
Planning time: 1.143 ms
Execution time: 65221.842 ms
