Seq Scan on movie_keyword mk  (cost=0.00..81003.12 rows=2109314 width=0) (actual time=0.016..3901.382 rows=2115810 loops=1)
  Filter: (keyword_id < 3857)
  Rows Removed by Filter: 2408120
Planning time: 0.380 ms
Execution time: 4298.560 ms
