Hash Join  (cost=86421.94..225026.25 rows=1362627 width=0) (actual time=3968.388..12350.721 rows=2698106 loops=1)
  Hash Cond: (mk.movie_id = t.id)
  ->  Seq Scan on movie_keyword mk  (cost=0.00..69693.30 rows=4523930 width=4) (actual time=0.016..4844.354 rows=4523930 loops=1)
  ->  Hash  (cost=73925.90..73925.90 rows=761603 width=4) (actual time=3963.498..3963.498 rows=670584 loops=1)
        Buckets: 131072  Batches: 16  Memory Usage: 2506kB
        ->  Seq Scan on title t  (cost=0.00..73925.90 rows=761603 width=4) (actual time=0.021..3616.007 rows=670584 loops=1)
              Filter: ((kind_id < 7) AND (production_year > 1979))
              Rows Removed by Filter: 1857728
Planning time: 0.684 ms
Execution time: 12740.818 ms
