Hash Join  (cost=83073.34..111705.55 rows=30 width=0) (actual time=1394.169..2048.146 rows=1797 loops=1)
  Hash Cond: (mi_idx.movie_id = t.id)
  ->  Seq Scan on movie_info_idx mi_idx  (cost=0.00..25185.44 rows=919057 width=4) (actual time=0.009..517.675 rows=920110 loops=1)
        Filter: (info_type_id > 99)
        Rows Removed by Filter: 459925
  ->  Hash  (cost=83072.29..83072.29 rows=84 width=8) (actual time=1391.981..1391.981 rows=918 loops=1)
        Buckets: 1024  Batches: 1  Memory Usage: 44kB
        ->  Nested Loop  (cost=0.43..83072.29 rows=84 width=8) (actual time=4.083..1391.329 rows=918 loops=1)
              ->  Seq Scan on movie_keyword mk  (cost=0.00..81003.12 rows=246 width=4) (actual time=4.042..1335.794 rows=997 loops=1)
                    Filter: (keyword_id = 659)
                    Rows Removed by Filter: 4522933
              ->  Index Scan using title_pkey on title t  (cost=0.43..8.40 rows=1 width=4) (actual time=0.054..0.054 rows=1 loops=997)
                    Index Cond: (id = mk.movie_id)
                    Filter: (kind_id < 4)
                    Rows Removed by Filter: 0
Planning time: 1.178 ms
Execution time: 2048.621 ms
