Seq Scan on movie_keyword mk  (cost=0.00..81003.12 rows=2740412 width=0) (actual time=0.018..4211.407 rows=2730557 loops=1)
  Filter: (keyword_id > 2896)
  Rows Removed by Filter: 1793373
Planning time: 0.304 ms
Execution time: 4644.778 ms
