Hash Join  (cost=74434.21..157230.86 rows=7375 width=0) (actual time=4189.583..6030.673 rows=995 loops=1)
  Hash Cond: (mk.movie_id = t.id)
  ->  Seq Scan on movie_keyword mk  (cost=0.00..81003.12 rows=458609 width=4) (actual time=0.019..3188.899 rows=455012 loops=1)
        Filter: (keyword_id > 38936)
        Rows Removed by Filter: 4068918
  ->  Hash  (cost=73925.90..73925.90 rows=40664 width=4) (actual time=2724.348..2724.348 rows=40257 loops=1)
        Buckets: 65536  Batches: 1  Memory Usage: 1928kB
        ->  Seq Scan on title t  (cost=0.00..73925.90 rows=40664 width=4) (actual time=0.020..2697.382 rows=40257 loops=1)
              Filter: ((production_year > 2012) AND (kind_id = 7))
              Rows Removed by Filter: 2488055
Planning time: 0.639 ms
Execution time: 6031.038 ms
