Seq Scan on cast_info ci  (cost=0.00..796071.18 rows=324 width=0) (actual time=841.256..40083.649 rows=59 loops=1)
  Filter: ((role_id > 1) AND (person_id = 1172303))
  Rows Removed by Filter: 36244285
Planning time: 0.384 ms
Execution time: 40085.726 ms
