Hash Join  (cost=133383.53..265804.43 rows=651849 width=0) (actual time=7628.878..16958.962 rows=4021790 loops=1)
  Hash Cond: (mk.movie_id = t.id)
  ->  Seq Scan on movie_keyword mk  (cost=0.00..81003.12 rows=3733943 width=4) (actual time=0.019..5773.992 rows=3729371 loops=1)
        Filter: (keyword_id < 23430)
        Rows Removed by Filter: 794559
  ->  Hash  (cost=126140.84..126140.84 rows=441415 width=8) (actual time=7628.062..7628.062 rows=545942 loops=1)
        Buckets: 131072  Batches: 8  Memory Usage: 3713kB
        ->  Hash Join  (cost=80874.21..126140.84 rows=441415 width=8) (actual time=4534.340..7375.478 rows=545942 loops=1)
              Hash Cond: (mi_idx.movie_id = t.id)
              ->  Seq Scan on movie_info_idx mi_idx  (cost=0.00..21735.35 rows=1380035 width=4) (actual time=0.021..1611.786 rows=1380035 loops=1)
              ->  Hash  (cost=67604.59..67604.59 rows=808770 width=4) (actual time=4533.638..4533.638 rows=812704 loops=1)
                    Buckets: 131072  Batches: 16  Memory Usage: 2812kB
                    ->  Seq Scan on title t  (cost=0.00..67604.59 rows=808770 width=4) (actual time=0.024..4197.402 rows=812704 loops=1)
                          Filter: (production_year < 1995)
                          Rows Removed by Filter: 1715608
Planning time: 1.037 ms
Execution time: 17537.030 ms
