Seq Scan on movie_keyword mk  (cost=0.00..81003.12 rows=246 width=0) (actual time=0.287..2090.663 rows=1422 loops=1)
  Filter: (keyword_id = 386)
  Rows Removed by Filter: 4522508
Planning time: 0.310 ms
Execution time: 2091.269 ms
