Seq Scan on movie_keyword mk  (cost=0.00..81003.12 rows=3822338 width=0) (actual time=0.016..4753.239 rows=3818977 loops=1)
  Filter: (keyword_id > 586)
  Rows Removed by Filter: 704953
Planning time: 0.310 ms
Execution time: 5560.789 ms
