Hash Join  (cost=83074.16..883423.56 rows=1499 width=0) (actual time=3632.080..50935.985 rows=348 loops=1)
  Hash Cond: (ci.movie_id = t.id)
  ->  Seq Scan on cast_info ci  (cost=0.00..705507.15 rows=25287267 width=4) (actual time=0.025..41320.186 rows=25411233 loops=1)
        Filter: (person_id > 1063928)
        Rows Removed by Filter: 10833111
  ->  Hash  (cost=83072.29..83072.29 rows=150 width=8) (actual time=3463.933..3463.933 rows=9 loops=1)
        Buckets: 1024  Batches: 1  Memory Usage: 9kB
        ->  Nested Loop  (cost=0.43..83072.29 rows=150 width=8) (actual time=922.065..3463.915 rows=9 loops=1)
              ->  Seq Scan on movie_keyword mk  (cost=0.00..81003.12 rows=246 width=4) (actual time=55.681..3455.483 rows=35 loops=1)
                    Filter: (keyword_id = 3724)
                    Rows Removed by Filter: 4523895
              ->  Index Scan using title_pkey on title t  (cost=0.43..8.40 rows=1 width=4) (actual time=0.235..0.235 rows=0 loops=35)
                    Index Cond: (id = mk.movie_id)
                    Filter: (kind_id = 7)
                    Rows Removed by Filter: 1
Planning time: 1.167 ms
Execution time: 50936.494 ms
