Seq Scan on cast_info ci  (cost=0.00..796071.18 rows=15905606 width=0) (actual time=6901.774..48189.825 rows=15981825 loops=1)
  Filter: ((person_id > 60277) AND (role_id > 2))
  Rows Removed by Filter: 20262519
Planning time: 0.341 ms
Execution time: 51110.551 ms
