Seq Scan on movie_keyword mk  (cost=0.00..81003.12 rows=2076142 width=0) (actual time=0.021..2873.516 rows=2086608 loops=1)
  Filter: (keyword_id < 3726)
  Rows Removed by Filter: 2437322
Planning time: 0.301 ms
Execution time: 3149.723 ms
