Hash Join  (cost=81598.21..918960.10 rows=544167 width=0) (actual time=9229.496..36991.760 rows=886547 loops=1)
  Hash Cond: (ci.movie_id = t.id)
  ->  Seq Scan on cast_info ci  (cost=0.00..796071.18 rows=2942411 width=4) (actual time=6278.677..31734.411 rows=4044195 loops=1)
        Filter: ((person_id > 2177286) AND (role_id = 2))
        Rows Removed by Filter: 32200149
  ->  Hash  (cost=73925.90..73925.90 rows=467624 width=4) (actual time=2949.701..2949.701 rows=557493 loops=1)
        Buckets: 131072  Batches: 8  Memory Usage: 3486kB
        ->  Seq Scan on title t  (cost=0.00..73925.90 rows=467624 width=4) (actual time=0.028..2742.212 rows=557493 loops=1)
              Filter: ((kind_id < 7) AND (production_year < 2003))
              Rows Removed by Filter: 1970819
Planning time: 5.288 ms
Execution time: 37096.687 ms
