Seq Scan on title t  (cost=0.00..73925.90 rows=676064 width=0) (actual time=0.023..2940.699 rows=554532 loops=1)
  Filter: ((kind_id > 3) AND (production_year < 2000))
  Rows Removed by Filter: 1973780
Planning time: 0.318 ms
Execution time: 3011.365 ms
