Seq Scan on movie_companies mc  (cost=0.00..51404.11 rows=1607689 width=0) (actual time=0.022..2596.267 rows=1605369 loops=1)
  Filter: (company_id > 4769)
  Rows Removed by Filter: 1003760
Planning time: 5.736 ms
Execution time: 2869.668 ms
