Seq Scan on movie_keyword mk  (cost=0.00..81003.12 rows=246 width=0) (actual time=486.172..3477.707 rows=10 loops=1)
  Filter: (keyword_id = 79774)
  Rows Removed by Filter: 4523920
Planning time: 0.308 ms
Execution time: 3477.800 ms
