Hash Join  (cost=206482.54..722095.05 rows=1629066 width=0) (actual time=11317.483..54665.484 rows=57892738 loops=1)
  Hash Cond: (mi.movie_id = t.id)
  ->  Seq Scan on movie_info mi  (cost=0.00..309384.22 rows=14739122 width=4) (actual time=0.013..19731.212 rows=14835720 loops=1)
  ->  Hash  (cost=201897.17..201897.17 rows=279470 width=8) (actual time=11312.615..11312.615 rows=1225342 loops=1)
        Buckets: 131072 (originally 131072)  Batches: 32 (originally 4)  Memory Usage: 3073kB
        ->  Hash Join  (cost=76489.43..201897.17 rows=279470 width=8) (actual time=3876.680..10864.710 rows=1225342 loops=1)
              Hash Cond: (mk.movie_id = t.id)
              ->  Seq Scan on movie_keyword mk  (cost=0.00..69693.30 rows=4523930 width=4) (actual time=0.015..4475.436 rows=4523930 loops=1)
              ->  Hash  (cost=73925.90..73925.90 rows=156202 width=4) (actual time=3587.536..3587.536 rows=291648 loops=1)
                    Buckets: 131072  Batches: 4  Memory Usage: 3596kB
                    ->  Seq Scan on title t  (cost=0.00..73925.90 rows=156202 width=4) (actual time=0.028..3462.871 rows=291648 loops=1)
                          Filter: ((production_year < 1985) AND (kind_id = 1))
                          Rows Removed by Filter: 2236664
Planning time: 1.952 ms
Execution time: 61505.160 ms
