Hash Join  (cost=193360.22..708186.56 rows=3282041 width=0) (actual time=4687.692..22280.511 rows=13166598 loops=1)
  Hash Cond: (mi.movie_id = t.id)
  ->  Seq Scan on movie_info mi  (cost=0.00..309384.22 rows=14739122 width=4) (actual time=0.025..6410.830 rows=14835720 loops=1)
  ->  Hash  (cost=184122.21..184122.21 rows=563041 width=8) (actual time=4686.798..4686.798 rows=857942 loops=1)
        Buckets: 131072 (originally 131072)  Batches: 16 (originally 8)  Memory Usage: 3134kB
        ->  Hash Join  (cost=102767.86..184122.21 rows=563041 width=8) (actual time=1998.347..4433.730 rows=857942 loops=1)
              Hash Cond: (mc.movie_id = t.id)
              ->  Seq Scan on movie_companies mc  (cost=0.00..57926.93 rows=563041 width=4) (actual time=0.341..1032.986 rows=857942 loops=1)
                    Filter: ((company_id > 13816) AND (company_type_id > 1))
                    Rows Removed by Filter: 1751187
              ->  Hash  (cost=61283.27..61283.27 rows=2528527 width=4) (actual time=1996.745..1996.745 rows=2528312 loops=1)
                    Buckets: 131072  Batches: 64  Memory Usage: 2415kB
                    ->  Seq Scan on title t  (cost=0.00..61283.27 rows=2528527 width=4) (actual time=0.008..1155.840 rows=2528312 loops=1)
Planning time: 1.161 ms
Execution time: 23826.565 ms
