Hash Join  (cost=83074.74..142701.48 rows=44 width=0) (actual time=1498.029..2267.620 rows=254 loops=1)
  Hash Cond: (mc.movie_id = t.id)
  ->  Seq Scan on movie_companies mc  (cost=0.00..57926.93 rows=453164 width=4) (actual time=119.162..857.959 rows=258277 loops=1)
        Filter: ((company_id < 2688) AND (company_type_id = 2))
        Rows Removed by Filter: 2350852
  ->  Hash  (cost=83071.67..83071.67 rows=246 width=8) (actual time=1369.865..1369.865 rows=728 loops=1)
        Buckets: 1024  Batches: 1  Memory Usage: 37kB
        ->  Nested Loop  (cost=0.43..83071.67 rows=246 width=8) (actual time=0.206..1369.225 rows=728 loops=1)
              ->  Seq Scan on movie_keyword mk  (cost=0.00..81003.12 rows=246 width=4) (actual time=0.143..1333.621 rows=728 loops=1)
                    Filter: (keyword_id = 6999)
                    Rows Removed by Filter: 4523202
              ->  Index Only Scan using title_pkey on title t  (cost=0.43..8.40 rows=1 width=4) (actual time=0.047..0.047 rows=1 loops=728)
                    Index Cond: (id = mk.movie_id)
                    Heap Fetches: 728
Planning time: 0.849 ms
Execution time: 2267.811 ms
