Nested Loop  (cost=32807.94..830881.28 rows=60 width=0) (actual time=1590.653..14032.106 rows=291 loops=1)
  Join Filter: (ci.movie_id = t.id)
  ->  Hash Join  (cost=32807.51..830755.87 rows=148 width=8) (actual time=1590.572..14028.134 rows=291 loops=1)
        Hash Cond: (ci.movie_id = mi_idx.movie_id)
        ->  Seq Scan on cast_info ci  (cost=0.00..796071.18 rows=324 width=4) (actual time=721.411..13089.080 rows=295 loops=1)
              Filter: ((role_id > 1) AND (person_id = 593403))
              Rows Removed by Filter: 36244049
        ->  Hash  (cost=25185.44..25185.44 rows=464566 width=4) (actual time=868.401..868.401 rows=459925 loops=1)
              Buckets: 131072  Batches: 8  Memory Usage: 3050kB
              ->  Seq Scan on movie_info_idx mi_idx  (cost=0.00..25185.44 rows=464566 width=4) (actual time=0.025..529.801 rows=459925 loops=1)
                    Filter: (info_type_id = 101)
                    Rows Removed by Filter: 920110
  ->  Index Only Scan using title_pkey on title t  (cost=0.43..0.83 rows=1 width=4) (actual time=0.012..0.013 rows=1 loops=291)
        Index Cond: (id = mi_idx.movie_id)
        Heap Fetches: 291
Planning time: 1.194 ms
Execution time: 14032.264 ms
