Hash Join  (cost=83074.74..833899.15 rows=3524 width=0) (actual time=1241.045..16338.216 rows=539 loops=1)
  Hash Cond: (ci.movie_id = t.id)
  ->  Seq Scan on cast_info ci  (cost=0.00..614943.12 rows=36225612 width=4) (actual time=0.024..8555.366 rows=36244344 loops=1)
  ->  Hash  (cost=83071.67..83071.67 rows=246 width=8) (actual time=1216.439..1216.439 rows=7 loops=1)
        Buckets: 1024  Batches: 1  Memory Usage: 9kB
        ->  Nested Loop  (cost=0.43..83071.67 rows=246 width=8) (actual time=139.810..1216.420 rows=7 loops=1)
              ->  Seq Scan on movie_keyword mk  (cost=0.00..81003.12 rows=246 width=4) (actual time=139.696..1215.969 rows=7 loops=1)
                    Filter: (keyword_id = 73643)
                    Rows Removed by Filter: 4523923
              ->  Index Only Scan using title_pkey on title t  (cost=0.43..8.40 rows=1 width=4) (actual time=0.053..0.054 rows=1 loops=7)
                    Index Cond: (id = mk.movie_id)
                    Heap Fetches: 7
Planning time: 1.874 ms
Execution time: 16338.827 ms
