Hash Join  (cost=213800.33..1035793.23 rows=484034 width=0) (actual time=14883.606..21377.142 rows=831556 loops=1)
  Hash Cond: (ci.movie_id = t.id)
  ->  Seq Scan on cast_info ci  (cost=0.00..796071.18 rows=1557702 width=4) (actual time=10248.858..15123.722 rows=1535164 loops=1)
        Filter: ((person_id > 346132) AND (role_id = 8))
        Rows Removed by Filter: 34709180
  ->  Hash  (cost=200909.02..200909.02 rows=785705 width=8) (actual time=4633.724..4633.724 rows=983415 loops=1)
        Buckets: 131072  Batches: 16  Memory Usage: 3442kB
        ->  Hash Join  (cost=89762.59..200909.02 rows=785705 width=8) (actual time=1721.908..4360.412 rows=983415 loops=1)
              Hash Cond: (mk.movie_id = t.id)
              ->  Seq Scan on movie_keyword mk  (cost=0.00..81003.12 rows=1471001 width=4) (actual time=0.033..1482.260 rows=1482952 loops=1)
                    Filter: (keyword_id > 11039)
                    Rows Removed by Filter: 3040978
              ->  Hash  (cost=67604.59..67604.59 rows=1350560 width=4) (actual time=1720.631..1720.631 rows=1348293 loops=1)
                    Buckets: 131072  Batches: 32  Memory Usage: 2513kB
                    ->  Seq Scan on title t  (cost=0.00..67604.59 rows=1350560 width=4) (actual time=0.018..1262.408 rows=1348293 loops=1)
                          Filter: (production_year < 2005)
                          Rows Removed by Filter: 1180019
Planning time: 1.101 ms
Execution time: 21473.585 ms
