Hash Join  (cost=189023.40..324617.97 rows=1296927 width=0) (actual time=7948.360..19832.231 rows=24672822 loops=1)
  Hash Cond: (mk.movie_id = t.id)
  ->  Seq Scan on movie_keyword mk  (cost=0.00..81003.12 rows=3259780 width=4) (actual time=0.015..4276.406 rows=3247235 loops=1)
        Filter: (keyword_id > 1633)
        Rows Removed by Filter: 1276695
  ->  Hash  (cost=172518.49..172518.49 rows=1005993 width=8) (actual time=7947.532..7947.532 rows=1861819 loops=1)
        Buckets: 131072 (originally 131072)  Batches: 32 (originally 16)  Memory Usage: 3367kB
        ->  Hash Join  (cost=83600.04..172518.49 rows=1005993 width=8) (actual time=3132.350..7397.712 rows=1861819 loops=1)
              Hash Cond: (mc.movie_id = t.id)
              ->  Seq Scan on movie_companies mc  (cost=0.00..44881.29 rows=2609129 width=4) (actual time=0.016..2172.076 rows=2609129 loops=1)
              ->  Hash  (cost=67604.59..67604.59 rows=974916 width=4) (actual time=3131.539..3131.539 rows=972448 loops=1)
                    Buckets: 131072  Batches: 16  Memory Usage: 3160kB
                    ->  Seq Scan on title t  (cost=0.00..67604.59 rows=974916 width=4) (actual time=0.017..2788.486 rows=972448 loops=1)
                          Filter: (kind_id < 6)
                          Rows Removed by Filter: 1555864
Planning time: 1.070 ms
Execution time: 22596.505 ms
