Hash Join  (cost=96651.52..1274708.35 rows=16454391 width=0) (actual time=4107.547..67330.517 rows=16381547 loops=1)
  Hash Cond: (ci.movie_id = t.id)
  ->  Seq Scan on cast_info ci  (cost=0.00..705507.15 rows=23499554 width=4) (actual time=0.023..43023.763 rows=23573656 loops=1)
        Filter: (role_id > 1)
        Rows Removed by Filter: 12670688
  ->  Hash  (cost=67604.59..67604.59 rows=1770475 width=4) (actual time=4106.755..4106.755 rows=1774635 loops=1)
        Buckets: 131072  Batches: 32  Memory Usage: 2978kB
        ->  Seq Scan on title t  (cost=0.00..67604.59 rows=1770475 width=4) (actual time=0.012..3127.867 rows=1774635 loops=1)
              Filter: (kind_id > 2)
              Rows Removed by Filter: 753677
Planning time: 0.698 ms
Execution time: 69434.812 ms
