Seq Scan on movie_keyword mk  (cost=0.00..81003.12 rows=812010 width=0) (actual time=0.014..1418.980 rows=815436 loops=1)
  Filter: (keyword_id > 22463)
  Rows Removed by Filter: 3708494
Planning time: 0.287 ms
Execution time: 1521.782 ms
