Seq Scan on movie_companies mc  (cost=0.00..57926.93 rows=350382 width=0) (actual time=48.276..916.665 rows=661780 loops=1)
  Filter: ((company_id > 46575) AND (company_type_id > 1))
  Rows Removed by Filter: 1947349
Planning time: 0.336 ms
Execution time: 999.445 ms
