Seq Scan on cast_info ci  (cost=0.00..705507.15 rows=36154518 width=0) (actual time=0.028..13625.465 rows=36180533 loops=1)
  Filter: (person_id > 7441)
  Rows Removed by Filter: 63811
Planning time: 0.318 ms
Execution time: 18062.761 ms
