Hash Join  (cost=101865.59..235048.99 rows=1568597 width=0) (actual time=2096.739..5671.460 rows=824155 loops=1)
  Hash Cond: (mk.movie_id = t.id)
  ->  Seq Scan on movie_keyword mk  (cost=0.00..81003.12 rows=2329061 width=4) (actual time=0.018..1700.724 rows=2328565 loops=1)
        Filter: (keyword_id > 4364)
        Rows Removed by Filter: 2195365
  ->  Hash  (cost=73925.90..73925.90 rows=1702935 width=4) (actual time=2093.121..2093.121 rows=1799546 loops=1)
        Buckets: 131072  Batches: 32  Memory Usage: 3012kB
        ->  Seq Scan on title t  (cost=0.00..73925.90 rows=1702935 width=4) (actual time=0.009..1515.695 rows=1799546 loops=1)
              Filter: ((kind_id > 1) AND (production_year > 1942))
              Rows Removed by Filter: 728766
Planning time: 11.222 ms
Execution time: 5775.942 ms
