Hash Join  (cost=208622.00..351118.34 rows=1682131 width=0) (actual time=4077.450..8723.753 rows=3702070 loops=1)
  Hash Cond: (mk.movie_id = t.id)
  ->  Seq Scan on movie_keyword mk  (cost=0.00..69693.30 rows=4523930 width=4) (actual time=0.013..1494.579 rows=4523930 loops=1)
  ->  Hash  (cost=193196.73..193196.73 rows=940181 width=8) (actual time=4073.451..4073.451 rows=624984 loops=1)
        Buckets: 131072  Batches: 16  Memory Usage: 2551kB
        ->  Hash Join  (cost=102767.86..193196.73 rows=940181 width=8) (actual time=2352.328..3898.865 rows=624984 loops=1)
              Hash Cond: (mc.movie_id = t.id)
              ->  Seq Scan on movie_companies mc  (cost=0.00..57926.93 rows=940181 width=4) (actual time=493.426..1148.182 rows=624984 loops=1)
                    Filter: ((company_id < 34029) AND (company_type_id = 2))
                    Rows Removed by Filter: 1984145
              ->  Hash  (cost=61283.27..61283.27 rows=2528527 width=4) (actual time=1857.540..1857.540 rows=2528312 loops=1)
                    Buckets: 131072  Batches: 64  Memory Usage: 2415kB
                    ->  Seq Scan on title t  (cost=0.00..61283.27 rows=2528527 width=4) (actual time=0.032..1032.596 rows=2528312 loops=1)
Planning time: 1.093 ms
Execution time: 9163.859 ms
