Hash Join  (cost=114349.51..942274.71 rows=146481 width=0) (actual time=2101.766..18996.912 rows=406017 loops=1)
  Hash Cond: (ci.movie_id = t.id)
  ->  Seq Scan on cast_info ci  (cost=0.00..796071.18 rows=8103787 width=4) (actual time=0.028..13939.099 rows=12606165 loops=1)
        Filter: ((person_id > 2421874) AND (role_id > 1))
        Rows Removed by Filter: 23638179
  ->  Hash  (cost=113778.20..113778.20 rows=45705 width=8) (actual time=2100.829..2100.829 rows=24054 loops=1)
        Buckets: 65536  Batches: 1  Memory Usage: 1452kB
        ->  Hash Join  (cost=75300.67..113778.20 rows=45705 width=8) (actual time=1204.455..2092.071 rows=24054 loops=1)
              Hash Cond: (mi_idx.movie_id = t.id)
              ->  Seq Scan on movie_info_idx mi_idx  (cost=0.00..21735.35 rows=1380035 width=4) (actual time=0.026..431.521 rows=1380035 loops=1)
              ->  Hash  (cost=73925.90..73925.90 rows=83741 width=4) (actual time=1202.645..1202.645 rows=93082 loops=1)
                    Buckets: 131072  Batches: 2  Memory Usage: 2666kB
                    ->  Seq Scan on title t  (cost=0.00..73925.90 rows=83741 width=4) (actual time=0.021..1167.224 rows=93082 loops=1)
                          Filter: ((kind_id > 3) AND (production_year = 2008))
                          Rows Removed by Filter: 2435230
Planning time: 1.150 ms
Execution time: 19051.229 ms
