Hash Join  (cost=102767.86..266379.52 rows=3022556 width=0) (actual time=1876.227..6145.449 rows=3002538 loops=1)
  Hash Cond: (mk.movie_id = t.id)
  ->  Seq Scan on movie_keyword mk  (cost=0.00..81003.12 rows=3022556 width=4) (actual time=0.022..1672.542 rows=3002538 loops=1)
        Filter: (keyword_id < 10601)
        Rows Removed by Filter: 1521392
  ->  Hash  (cost=61283.27..61283.27 rows=2528527 width=4) (actual time=1874.176..1874.176 rows=2528312 loops=1)
        Buckets: 131072  Batches: 64  Memory Usage: 2425kB
        ->  Seq Scan on title t  (cost=0.00..61283.27 rows=2528527 width=4) (actual time=0.015..1011.106 rows=2528312 loops=1)
Planning time: 0.696 ms
Execution time: 6493.359 ms
