Hash Join  (cost=156632.57..253847.00 rows=197377 width=0) (actual time=3360.830..5553.451 rows=829384 loops=1)
  Hash Cond: (mk.movie_id = t.id)
  ->  Seq Scan on movie_keyword mk  (cost=0.00..81003.12 rows=1074276 width=4) (actual time=0.022..1452.572 rows=1084251 loops=1)
        Filter: (keyword_id > 16308)
        Rows Removed by Filter: 3439679
  ->  Hash  (cost=149010.49..149010.49 rows=464566 width=8) (actual time=3359.905..3359.905 rows=459925 loops=1)
        Buckets: 131072  Batches: 8  Memory Usage: 3284kB
        ->  Hash Join  (cost=102767.86..149010.49 rows=464566 width=8) (actual time=1945.600..3224.450 rows=459925 loops=1)
              Hash Cond: (mi_idx.movie_id = t.id)
              ->  Seq Scan on movie_info_idx mi_idx  (cost=0.00..25185.44 rows=464566 width=4) (actual time=0.027..522.929 rows=459925 loops=1)
                    Filter: (info_type_id = 101)
                    Rows Removed by Filter: 920110
              ->  Hash  (cost=61283.27..61283.27 rows=2528527 width=4) (actual time=1943.952..1943.952 rows=2528312 loops=1)
                    Buckets: 131072  Batches: 64  Memory Usage: 2415kB
                    ->  Seq Scan on title t  (cost=0.00..61283.27 rows=2528527 width=4) (actual time=0.017..1123.359 rows=2528312 loops=1)
Planning time: 1.289 ms
Execution time: 5649.895 ms
