Seq Scan on cast_info ci  (cost=0.00..796071.18 rows=12121037 width=0) (actual time=2639.534..14666.445 rows=6994260 loops=1)
  Filter: ((person_id < 2785976) AND (role_id > 2))
  Rows Removed by Filter: 29250084
Planning time: 0.371 ms
Execution time: 15504.625 ms
