Hash Join  (cost=84090.98..139181.61 rows=22111 width=0) (actual time=1373.887..2203.284 rows=60816 loops=1)
  Hash Cond: (mc.movie_id = t.id)
  ->  Seq Scan on movie_companies mc  (cost=0.00..51404.11 rows=90242 width=4) (actual time=110.206..799.356 rows=90499 loops=1)
        Filter: (company_id > 163393)
        Rows Removed by Filter: 2518630
  ->  Hash  (cost=73925.90..73925.90 rows=619526 width=4) (actual time=1262.459..1262.459 rows=487901 loops=1)
        Buckets: 131072  Batches: 16  Memory Usage: 2091kB
        ->  Seq Scan on title t  (cost=0.00..73925.90 rows=619526 width=4) (actual time=0.083..1105.649 rows=487901 loops=1)
              Filter: ((kind_id < 4) AND (production_year > 1987))
              Rows Removed by Filter: 2040411
Planning time: 0.741 ms
Execution time: 2211.228 ms
