Seq Scan on cast_info ci  (cost=0.00..796071.18 rows=224 width=0) (actual time=13319.045..13606.721 rows=1995 loops=1)
  Filter: ((role_id > 2) AND (person_id = 3567056))
  Rows Removed by Filter: 36242349
Planning time: 0.394 ms
Execution time: 13607.118 ms
