Hash Join  (cost=77838.49..192523.07 rows=246947 width=0) (actual time=1406.978..3894.771 rows=332789 loops=1)
  Hash Cond: (mk.movie_id = t.id)
  ->  Seq Scan on movie_keyword mk  (cost=0.00..81003.12 rows=2618663 width=4) (actual time=0.026..1613.448 rows=2608208 loops=1)
        Filter: (keyword_id < 7078)
        Rows Removed by Filter: 1915722
  ->  Hash  (cost=73925.90..73925.90 rows=238447 width=4) (actual time=1197.366..1197.366 rows=200165 loops=1)
        Buckets: 131072  Batches: 4  Memory Usage: 2790kB
        ->  Seq Scan on title t  (cost=0.00..73925.90 rows=238447 width=4) (actual time=0.026..1128.993 rows=200165 loops=1)
              Filter: ((production_year > 2006) AND (kind_id = 1))
              Rows Removed by Filter: 2328147
Planning time: 0.710 ms
Execution time: 3936.602 ms
