Hash Join  (cost=166830.67..962469.74 rows=4787 width=0) (actual time=8062.843..20683.590 rows=16 loops=1)
  Hash Cond: (ci.movie_id = t.id)
  ->  Seq Scan on cast_info ci  (cost=0.00..705507.15 rows=24022411 width=4) (actual time=2190.678..14566.428 rows=24130698 loops=1)
        Filter: (role_id < 4)
        Rows Removed by Filter: 12113646
  ->  Hash  (cost=166824.37..166824.37 rows=504 width=8) (actual time=2910.953..2910.953 rows=1 loops=1)
        Buckets: 1024  Batches: 1  Memory Usage: 9kB
        ->  Hash Join  (cost=73930.93..166824.37 rows=504 width=8) (actual time=1521.848..2910.932 rows=1 loops=1)
              Hash Cond: (mk.movie_id = t.id)
              ->  Seq Scan on movie_keyword mk  (cost=0.00..81003.12 rows=3169407 width=4) (actual time=0.036..1544.328 rows=3158515 loops=1)
                    Filter: (keyword_id < 12249)
                    Rows Removed by Filter: 1365415
              ->  Hash  (cost=73925.90..73925.90 rows=402 width=4) (actual time=931.200..931.200 rows=137 loops=1)
                    Buckets: 1024  Batches: 1  Memory Usage: 13kB
                    ->  Seq Scan on title t  (cost=0.00..73925.90 rows=402 width=4) (actual time=38.098..931.040 rows=137 loops=1)
                          Filter: ((production_year > 2013) AND (kind_id = 7))
                          Rows Removed by Filter: 2528175
Planning time: 2.137 ms
Execution time: 20683.768 ms
