Seq Scan on movie_keyword mk  (cost=0.00..81003.12 rows=4028369 width=0) (actual time=0.024..1577.564 rows=4034398 loops=1)
  Filter: (keyword_id < 36740)
  Rows Removed by Filter: 489532
Planning time: 0.313 ms
Execution time: 2090.275 ms
