Seq Scan on movie_companies mc  (cost=0.00..51404.11 rows=1067049 width=0) (actual time=0.020..838.709 rows=1062899 loops=1)
  Filter: (company_id < 6404)
  Rows Removed by Filter: 1546230
Planning time: 0.285 ms
Execution time: 979.212 ms
