Hash Join  (cost=147531.43..272153.98 rows=215051 width=0) (actual time=2807.248..8164.706 rows=9481873 loops=1)
  Hash Cond: (mk.movie_id = t.id)
  ->  Seq Scan on movie_keyword mk  (cost=0.00..69693.30 rows=4523930 width=4) (actual time=0.029..1496.647 rows=4523930 loops=1)
  ->  Hash  (cost=145558.97..145558.97 rows=120197 width=8) (actual time=2806.246..2806.246 rows=188575 loops=1)
        Buckets: 131072 (originally 131072)  Batches: 4 (originally 2)  Memory Usage: 3073kB
        ->  Hash Join  (cost=78556.72..145558.97 rows=120197 width=8) (actual time=1945.418..2741.385 rows=188575 loops=1)
              Hash Cond: (mc.movie_id = t.id)
              ->  Seq Scan on movie_companies mc  (cost=0.00..57926.93 rows=455290 width=4) (actual time=264.999..925.195 rows=657465 loops=1)
                    Filter: ((company_id < 3283) AND (company_type_id = 1))
                    Rows Removed by Filter: 1951664
              ->  Hash  (cost=67604.59..67604.59 rows=667531 width=4) (actual time=1341.168..1341.168 rows=662825 loops=1)
                    Buckets: 131072  Batches: 16  Memory Usage: 2476kB
                    ->  Seq Scan on title t  (cost=0.00..67604.59 rows=667531 width=4) (actual time=0.029..1132.218 rows=662825 loops=1)
                          Filter: (kind_id < 2)
                          Rows Removed by Filter: 1865487
Planning time: 1.139 ms
Execution time: 9273.183 ms
