Seq Scan on movie_keyword mk  (cost=0.00..81003.12 rows=3096226 width=0) (actual time=0.024..1648.319 rows=3084366 loops=1)
  Filter: (keyword_id < 11598)
  Rows Removed by Filter: 1439564
Planning time: 0.380 ms
Execution time: 2041.143 ms
