Hash Join  (cost=95609.53..189459.85 rows=1363780 width=0) (actual time=1837.015..4464.887 rows=988394 loops=1)
  Hash Cond: (mc.movie_id = t.id)
  ->  Seq Scan on movie_companies mc  (cost=0.00..44881.29 rows=2609129 width=4) (actual time=0.031..872.392 rows=2609129 loops=1)
  ->  Hash  (cost=73925.90..73925.90 rows=1321650 width=4) (actual time=1834.741..1834.741 rows=1298128 loops=1)
        Buckets: 131072  Batches: 32  Memory Usage: 2450kB
        ->  Seq Scan on title t  (cost=0.00..73925.90 rows=1321650 width=4) (actual time=0.025..1403.747 rows=1298128 loops=1)
              Filter: ((kind_id > 1) AND (production_year < 2009))
              Rows Removed by Filter: 1230184
Planning time: 0.925 ms
Execution time: 4586.005 ms
