Nested Loop  (cost=0.43..83072.29 rows=96 width=0) (actual time=18.051..1203.845 rows=160 loops=1)
  ->  Seq Scan on movie_keyword mk  (cost=0.00..81003.12 rows=246 width=4) (actual time=17.983..1192.473 rows=171 loops=1)
        Filter: (keyword_id = 21893)
        Rows Removed by Filter: 4523759
  ->  Index Scan using title_pkey on title t  (cost=0.43..8.40 rows=1 width=4) (actual time=0.063..0.063 rows=1 loops=171)
        Index Cond: (id = mk.movie_id)
        Filter: (kind_id < 7)
        Rows Removed by Filter: 0
Planning time: 0.703 ms
Execution time: 1204.068 ms
