Seq Scan on movie_keyword mk  (cost=0.00..81003.12 rows=2643058 width=0) (actual time=0.026..1511.971 rows=2635119 loops=1)
  Filter: (keyword_id < 7238)
  Rows Removed by Filter: 1888811
Planning time: 0.300 ms
Execution time: 1837.599 ms
