Seq Scan on cast_info ci  (cost=0.00..705507.15 rows=33866250 width=0) (actual time=0.008..13396.346 rows=33839093 loops=1)
  Filter: (person_id < 3592845)
  Rows Removed by Filter: 2405251
Planning time: 0.344 ms
Execution time: 17552.302 ms
