Hash Join  (cost=74296.30..130648.56 rows=14995 width=0) (actual time=1246.249..2058.510 rows=70687 loops=1)
  Hash Cond: (mc.movie_id = t.id)
  ->  Seq Scan on movie_companies mc  (cost=0.00..51404.11 rows=1279517 width=4) (actual time=80.585..836.841 rows=1274246 loops=1)
        Filter: (company_type_id = 1)
        Rows Removed by Filter: 1334883
  ->  Hash  (cost=73925.90..73925.90 rows=29632 width=4) (actual time=907.858..907.858 rows=73351 loops=1)
        Buckets: 131072 (originally 32768)  Batches: 1 (originally 1)  Memory Usage: 3603kB
        ->  Seq Scan on title t  (cost=0.00..73925.90 rows=29632 width=4) (actual time=0.020..879.013 rows=73351 loops=1)
              Filter: ((kind_id < 7) AND (production_year < 1917))
              Rows Removed by Filter: 2454961
Planning time: 0.711 ms
Execution time: 2067.928 ms
