Hash Join  (cost=79366.51..151728.96 rows=133831 width=0) (actual time=1281.415..4120.268 rows=483148 loops=1)
  Hash Cond: (mc.movie_id = t.id)
  ->  Seq Scan on movie_companies mc  (cost=0.00..57926.93 rows=1020588 width=4) (actual time=0.014..1236.809 rows=1274246 loops=1)
        Filter: ((company_id < 72638) AND (company_type_id < 2))
        Rows Removed by Filter: 1334883
  ->  Hash  (cost=73925.90..73925.90 rows=331568 width=4) (actual time=1280.498..1280.498 rows=445194 loops=1)
        Buckets: 131072  Batches: 8  Memory Usage: 2992kB
        ->  Seq Scan on title t  (cost=0.00..73925.90 rows=331568 width=4) (actual time=0.015..1135.380 rows=445194 loops=1)
              Filter: ((kind_id < 7) AND (production_year < 1996))
              Rows Removed by Filter: 2083118
Planning time: 0.778 ms
Execution time: 4178.992 ms
