Seq Scan on movie_keyword mk  (cost=0.00..81003.12 rows=2014540 width=0) (actual time=0.022..1396.415 rows=2019437 loops=1)
  Filter: (keyword_id > 6132)
  Rows Removed by Filter: 2504493
Planning time: 0.399 ms
Execution time: 1646.185 ms
