Nested Loop  (cost=0.43..83072.90 rows=34 width=0) (actual time=69.383..1268.252 rows=30 loops=1)
  ->  Seq Scan on movie_keyword mk  (cost=0.00..81003.12 rows=246 width=4) (actual time=15.977..1248.397 rows=298 loops=1)
        Filter: (keyword_id = 25359)
        Rows Removed by Filter: 4523632
  ->  Index Scan using title_pkey on title t  (cost=0.43..8.40 rows=1 width=4) (actual time=0.064..0.064 rows=0 loops=298)
        Index Cond: (id = mk.movie_id)
        Filter: ((kind_id < 7) AND (production_year > 2006))
        Rows Removed by Filter: 1
Planning time: 0.713 ms
Execution time: 1268.395 ms
