Hash Join  (cost=102767.86..218822.46 rows=2276215 width=0) (actual time=1820.654..5239.927 rows=2280116 loops=1)
  Hash Cond: (mc.movie_id = t.id)
  ->  Seq Scan on movie_companies mc  (cost=0.00..51404.11 rows=2276215 width=4) (actual time=0.024..1148.374 rows=2280116 loops=1)
        Filter: (company_id > 160)
        Rows Removed by Filter: 329013
  ->  Hash  (cost=61283.27..61283.27 rows=2528527 width=4) (actual time=1819.086..1819.086 rows=2528312 loops=1)
        Buckets: 131072  Batches: 64  Memory Usage: 2415kB
        ->  Seq Scan on title t  (cost=0.00..61283.27 rows=2528527 width=4) (actual time=0.010..1031.980 rows=2528312 loops=1)
Planning time: 0.752 ms
Execution time: 5505.621 ms
