Seq Scan on cast_info ci  (cost=0.00..796071.18 rows=2132681 width=0) (actual time=3955.098..13541.207 rows=687676 loops=1)
  Filter: ((person_id < 1756121) AND (role_id = 10))
  Rows Removed by Filter: 35556668
Planning time: 0.282 ms
Execution time: 13629.530 ms
