Seq Scan on movie_keyword mk  (cost=0.00..81003.12 rows=246 width=0) (actual time=43.214..1222.591 rows=8 loops=1)
  Filter: (keyword_id = 27880)
  Rows Removed by Filter: 4523922
Planning time: 0.343 ms
Execution time: 1222.679 ms
