Seq Scan on movie_companies mc  (cost=0.00..57926.93 rows=53 width=0) (actual time=270.133..756.656 rows=977 loops=1)
  Filter: ((company_id = 288) AND (company_type_id = 2))
  Rows Removed by Filter: 2608152
Planning time: 2.042 ms
Execution time: 756.997 ms
