Hash Join  (cost=866466.96..958499.10 rows=1231862 width=0) (actual time=14258.083..17693.568 rows=4754879 loops=1)
  Hash Cond: (mc.movie_id = t.id)
  ->  Seq Scan on movie_companies mc  (cost=0.00..44881.29 rows=2609129 width=4) (actual time=0.020..916.752 rows=2609129 loops=1)
  ->  Hash  (cost=846880.37..846880.37 rows=1193807 width=8) (actual time=14256.912..14256.912 rows=1218857 loops=1)
        Buckets: 131072  Batches: 16  Memory Usage: 3980kB
        ->  Hash Join  (cost=102767.86..846880.37 rows=1193807 width=8) (actual time=6347.829..13879.621 rows=1218857 loops=1)
              Hash Cond: (ci.movie_id = t.id)
              ->  Seq Scan on cast_info ci  (cost=0.00..705507.15 rows=1193807 width=4) (actual time=4457.145..10530.655 rows=1218857 loops=1)
                    Filter: (person_id > 3825724)
                    Rows Removed by Filter: 35025487
              ->  Hash  (cost=61283.27..61283.27 rows=2528527 width=4) (actual time=1889.066..1889.066 rows=2528312 loops=1)
                    Buckets: 131072  Batches: 64  Memory Usage: 2415kB
                    ->  Seq Scan on title t  (cost=0.00..61283.27 rows=2528527 width=4) (actual time=0.023..1042.934 rows=2528312 loops=1)
Planning time: 1.961 ms
Execution time: 18187.915 ms
