Seq Scan on cast_info ci  (cost=0.00..796071.18 rows=176 width=0) (actual time=9755.800..10691.149 rows=98 loops=1)
  Filter: ((person_id = 165056) AND (role_id = 1))
  Rows Removed by Filter: 36244246
Planning time: 0.393 ms
Execution time: 10691.312 ms
