Hash Join  (cost=477150.74..569932.79 rows=133962 width=0) (actual time=8519.376..10509.685 rows=595640 loops=1)
  Hash Cond: (mk.movie_id = t.id)
  ->  Seq Scan on movie_keyword mk  (cost=0.00..81003.12 rows=750214 width=4) (actual time=0.021..1398.682 rows=756774 loops=1)
        Filter: (keyword_id > 24735)
        Rows Removed by Filter: 3767156
  ->  Hash  (cost=469742.89..469742.89 rows=451508 width=8) (actual time=8518.319..8518.319 rows=474443 loops=1)
        Buckets: 131072  Batches: 8  Memory Usage: 3350kB
        ->  Hash Join  (cost=102767.86..469742.89 rows=451508 width=8) (actual time=6334.357..8365.553 rows=474443 loops=1)
              Hash Cond: (mi.movie_id = t.id)
              ->  Seq Scan on movie_info mi  (cost=0.00..346232.03 rows=451508 width=4) (actual time=4238.432..5408.886 rows=474443 loops=1)
                    Filter: (info_type_id = 6)
                    Rows Removed by Filter: 14361277
              ->  Hash  (cost=61283.27..61283.27 rows=2528527 width=4) (actual time=2094.471..2094.471 rows=2528312 loops=1)
                    Buckets: 131072  Batches: 64  Memory Usage: 2425kB
                    ->  Seq Scan on title t  (cost=0.00..61283.27 rows=2528527 width=4) (actual time=0.024..1227.029 rows=2528312 loops=1)
Planning time: 1.163 ms
Execution time: 10585.520 ms
