Hash Join  (cost=67976.49..443229.88 rows=88291 width=0) (actual time=1051.887..8712.333 rows=100248 loops=1)
  Hash Cond: (mi.movie_id = t.id)
  ->  Seq Scan on movie_info mi  (cost=0.00..346232.03 rows=7503588 width=4) (actual time=0.023..5921.725 rows=7548855 loops=1)
        Filter: (info_type_id > 7)
        Rows Removed by Filter: 7286865
  ->  Hash  (cost=67604.59..67604.59 rows=29752 width=4) (actual time=1051.467..1051.467 rows=30027 loops=1)
        Buckets: 32768  Batches: 1  Memory Usage: 1312kB
        ->  Seq Scan on title t  (cost=0.00..67604.59 rows=29752 width=4) (actual time=0.027..1038.558 rows=30027 loops=1)
              Filter: (production_year = 1994)
              Rows Removed by Filter: 2498285
Planning time: 0.794 ms
Execution time: 8727.563 ms
