Seq Scan on movie_keyword mk  (cost=0.00..81003.12 rows=919301 width=0) (actual time=0.029..1373.021 rows=906569 loops=1)
  Filter: (keyword_id > 20344)
  Rows Removed by Filter: 3617361
Planning time: 0.309 ms
Execution time: 1489.051 ms
