Seq Scan on movie_companies mc  (cost=0.00..57926.93 rows=51 width=0) (actual time=2.142..971.706 rows=309 loops=1)
  Filter: ((company_type_id < 2) AND (company_id = 2285))
  Rows Removed by Filter: 2608820
Planning time: 0.368 ms
Execution time: 971.912 ms
