Hash Join  (cost=70135.59..1062295.77 rows=1433471 width=0) (actual time=4143.649..27827.588 rows=734984 loops=1)
  Hash Cond: (ci.movie_id = t.id)
  ->  Seq Scan on cast_info ci  (cost=0.00..705507.15 rows=23499554 width=4) (actual time=2913.370..16366.628 rows=23573656 loops=1)
        Filter: (role_id > 1)
        Rows Removed by Filter: 12670688
  ->  Hash  (cost=67604.59..67604.59 rows=154240 width=4) (actual time=1229.236..1229.236 rows=157497 loops=1)
        Buckets: 131072  Batches: 4  Memory Usage: 2405kB
        ->  Seq Scan on title t  (cost=0.00..67604.59 rows=154240 width=4) (actual time=2.610..1176.767 rows=157497 loops=1)
              Filter: (production_year < 1948)
              Rows Removed by Filter: 2370815
Planning time: 0.754 ms
Execution time: 27916.370 ms
