Seq Scan on movie_companies mc  (cost=0.00..57926.93 rows=583648 width=0) (actual time=0.027..1054.218 rows=868483 loops=1)
  Filter: ((company_id > 13053) AND (company_type_id = 2))
  Rows Removed by Filter: 1740646
Planning time: 0.380 ms
Execution time: 1165.505 ms
