Hash Join  (cost=116997.01..602060.96 rows=492703 width=0) (actual time=2475.613..15768.420 rows=4141938 loops=1)
  Hash Cond: (mi.movie_id = t.id)
  ->  Seq Scan on movie_info mi  (cost=0.00..309384.22 rows=14739122 width=4) (actual time=0.021..5965.908 rows=14835720 loops=1)
  ->  Hash  (cost=115609.46..115609.46 rows=84524 width=8) (actual time=2474.751..2474.751 rows=216373 loops=1)
        Buckets: 131072 (originally 131072)  Batches: 4 (originally 2)  Memory Usage: 3156kB
        ->  Hash Join  (cost=76466.74..115609.46 rows=84524 width=8) (actual time=1322.026..2407.490 rows=216373 loops=1)
              Hash Cond: (mi_idx.movie_id = t.id)
              ->  Seq Scan on movie_info_idx mi_idx  (cost=0.00..21735.35 rows=1380035 width=4) (actual time=0.017..445.927 rows=1380035 loops=1)
              ->  Hash  (cost=73925.90..73925.90 rows=154867 width=4) (actual time=1321.171..1321.171 rows=281691 loops=1)
                    Buckets: 131072  Batches: 4  Memory Usage: 3505kB
                    ->  Seq Scan on title t  (cost=0.00..73925.90 rows=154867 width=4) (actual time=0.013..1224.442 rows=281691 loops=1)
                          Filter: ((kind_id < 4) AND (production_year < 1976))
                          Rows Removed by Filter: 2246621
Planning time: 4.324 ms
Execution time: 16220.985 ms
