Seq Scan on cast_info ci  (cost=0.00..796071.18 rows=324 width=0) (actual time=3195.102..14452.271 rows=868 loops=1)
  Filter: ((role_id > 1) AND (person_id = 3587256))
  Rows Removed by Filter: 36243476
Planning time: 0.395 ms
Execution time: 14452.527 ms
