Hash Join  (cost=73994.33..442468.60 rows=12767 width=0) (actual time=1367.005..7296.303 rows=18943 loops=1)
  Hash Cond: (mi.movie_id = t.id)
  ->  Seq Scan on movie_info mi  (cost=0.00..346232.03 rows=5897221 width=4) (actual time=273.745..5200.815 rows=5884963 loops=1)
        Filter: (info_type_id < 7)
        Rows Removed by Filter: 8950757
  ->  Hash  (cost=73925.90..73925.90 rows=5474 width=4) (actual time=1092.164..1092.164 rows=10482 loops=1)
        Buckets: 16384 (originally 8192)  Batches: 1 (originally 1)  Memory Usage: 497kB
        ->  Seq Scan on title t  (cost=0.00..73925.90 rows=5474 width=4) (actual time=0.075..1086.473 rows=10482 loops=1)
              Filter: ((kind_id > 1) AND (production_year = 1982))
              Rows Removed by Filter: 2517830
Planning time: 0.741 ms
Execution time: 7299.623 ms
