Hash Join  (cost=929812.12..1452718.85 rows=4039380 width=0) (actual time=19372.736..36536.606 rows=14264381 loops=1)
  Hash Cond: (mi.movie_id = t.id)
  ->  Seq Scan on movie_info mi  (cost=0.00..309384.22 rows=14739122 width=4) (actual time=1.409..6042.339 rows=14835720 loops=1)
  ->  Hash  (cost=918443.07..918443.07 rows=692964 width=8) (actual time=19370.352..19370.352 rows=1084018 loops=1)
        Buckets: 131072  Batches: 16  Memory Usage: 3635kB
        ->  Hash Join  (cost=76690.42..918443.07 rows=692964 width=8) (actual time=1250.344..19036.269 rows=1084018 loops=1)
              Hash Cond: (ci.movie_id = t.id)
              ->  Seq Scan on cast_info ci  (cost=0.00..796071.18 rows=3164220 width=4) (actual time=0.012..13678.094 rows=7455187 loops=1)
                    Filter: ((person_id > 2765382) AND (role_id > 3))
                    Rows Removed by Filter: 28789157
              ->  Hash  (cost=67604.59..67604.59 rows=553747 width=4) (actual time=1247.880..1247.880 rows=552960 loops=1)
                    Buckets: 131072  Batches: 8  Memory Usage: 3445kB
                    ->  Seq Scan on title t  (cost=0.00..67604.59 rows=553747 width=4) (actual time=0.024..1082.017 rows=552960 loops=1)
                          Filter: (production_year < 1983)
                          Rows Removed by Filter: 1975352
Planning time: 0.748 ms
Execution time: 38095.645 ms
