Seq Scan on movie_companies mc  (cost=0.00..51404.11 rows=202124 width=0) (actual time=0.050..755.257 rows=200341 loops=1)
  Filter: (company_id < 63)
  Rows Removed by Filter: 2408788
Planning time: 0.227 ms
Execution time: 780.939 ms
