Hash Join  (cost=129153.44..628410.47 rows=1822912 width=0) (actual time=2927.929..18980.771 rows=10817590 loops=1)
  Hash Cond: (mi.movie_id = t.id)
  ->  Seq Scan on movie_info mi  (cost=0.00..309384.22 rows=14739122 width=4) (actual time=0.012..6161.473 rows=14835720 loops=1)
  ->  Hash  (cost=124022.39..124022.39 rows=312724 width=8) (actual time=2926.941..2926.941 rows=569490 loops=1)
        Buckets: 131072  Batches: 8  Memory Usage: 3827kB
        ->  Hash Join  (cost=81720.25..124022.39 rows=312724 width=8) (actual time=1480.842..2755.085 rows=569490 loops=1)
              Hash Cond: (mi_idx.movie_id = t.id)
              ->  Seq Scan on movie_info_idx mi_idx  (cost=0.00..25185.44 rows=919057 width=4) (actual time=0.015..540.705 rows=920110 loops=1)
                    Filter: (info_type_id > 99)
                    Rows Removed by Filter: 459925
              ->  Hash  (cost=67604.59..67604.59 rows=860373 width=4) (actual time=1478.958..1478.958 rows=854214 loops=1)
                    Buckets: 131072  Batches: 16  Memory Usage: 2897kB
                    ->  Seq Scan on title t  (cost=0.00..67604.59 rows=860373 width=4) (actual time=0.025..1211.467 rows=854214 loops=1)
                          Filter: (kind_id < 4)
                          Rows Removed by Filter: 1674098
Planning time: 1.128 ms
Execution time: 20245.436 ms
