Hash Join  (cost=86534.07..207325.06 rows=765671 width=0) (actual time=3380.544..4584.475 rows=190769 loops=1)
  Hash Cond: (mk.movie_id = t.id)
  ->  Seq Scan on movie_keyword mk  (cost=0.00..81003.12 rows=2519243 width=4) (actual time=0.014..1729.424 rows=2509856 loops=1)
        Filter: (keyword_id < 6188)
        Rows Removed by Filter: 2014074
  ->  Hash  (cost=73925.90..73925.90 rows=768493 width=4) (actual time=1586.170..1586.170 rows=840010 loops=1)
        Buckets: 131072  Batches: 16  Memory Usage: 2883kB
        ->  Seq Scan on title t  (cost=0.00..73925.90 rows=768493 width=4) (actual time=0.024..1307.634 rows=840010 loops=1)
              Filter: ((production_year > 2002) AND (kind_id = 7))
              Rows Removed by Filter: 1688302
Planning time: 0.719 ms
Execution time: 4608.116 ms
