Seq Scan on movie_keyword mk  (cost=0.00..81003.12 rows=2421410 width=0) (actual time=0.026..1471.759 rows=2413395 loops=1)
  Filter: (keyword_id > 3826)
  Rows Removed by Filter: 2110535
Planning time: 0.300 ms
Execution time: 1781.300 ms
