Hash Join  (cost=532159.52..636229.38 rows=1868492 width=0) (actual time=9961.941..15823.297 rows=16871793 loops=1)
  Hash Cond: (mc.movie_id = t.id)
  ->  Seq Scan on movie_companies mc  (cost=0.00..44881.29 rows=2609129 width=4) (actual time=0.023..834.802 rows=2609129 loops=1)
  ->  Hash  (cost=502450.90..502450.90 rows=1810770 width=8) (actual time=9961.131..9961.131 rows=1865632 loops=1)
        Buckets: 131072  Batches: 32  Memory Usage: 3181kB
        ->  Hash Join  (cost=102767.86..502450.90 rows=1810770 width=8) (actual time=2732.985..9439.299 rows=1865632 loops=1)
              Hash Cond: (mi.movie_id = t.id)
              ->  Seq Scan on movie_info mi  (cost=0.00..346232.03 rows=1810770 width=4) (actual time=748.725..5626.433 rows=1865632 loops=1)
                    Filter: (info_type_id > 17)
                    Rows Removed by Filter: 12970088
              ->  Hash  (cost=61283.27..61283.27 rows=2528527 width=4) (actual time=1983.388..1983.388 rows=2528312 loops=1)
                    Buckets: 131072  Batches: 64  Memory Usage: 2425kB
                    ->  Seq Scan on title t  (cost=0.00..61283.27 rows=2528527 width=4) (actual time=0.023..1121.965 rows=2528312 loops=1)
Planning time: 2.628 ms
Execution time: 17546.295 ms
