Hash Join  (cost=70135.59..443685.15 rows=133872 width=0) (actual time=1181.838..7643.375 rows=161405 loops=1)
  Hash Cond: (mi.movie_id = t.id)
  ->  Seq Scan on movie_info mi  (cost=0.00..346232.03 rows=2194617 width=4) (actual time=0.022..5512.492 rows=2233850 loops=1)
        Filter: (info_type_id > 16)
        Rows Removed by Filter: 12601870
  ->  Hash  (cost=67604.59..67604.59 rows=154240 width=4) (actual time=1181.011..1181.011 rows=157497 loops=1)
        Buckets: 131072  Batches: 4  Memory Usage: 2411kB
        ->  Seq Scan on title t  (cost=0.00..67604.59 rows=154240 width=4) (actual time=1.226..1128.887 rows=157497 loops=1)
              Filter: (production_year < 1948)
              Rows Removed by Filter: 2370815
Planning time: 0.701 ms
Execution time: 7665.012 ms
