Hash Join  (cost=80384.28..210966.98 rows=704266 width=0) (actual time=1578.937..5159.551 rows=217260 loops=1)
  Hash Cond: (mk.movie_id = t.id)
  ->  Seq Scan on movie_keyword mk  (cost=0.00..69693.30 rows=4523930 width=4) (actual time=0.018..1549.883 rows=4523930 loops=1)
  ->  Hash  (cost=73925.90..73925.90 rows=393630 width=4) (actual time=1571.406..1571.406 rows=401187 loops=1)
        Buckets: 131072  Batches: 8  Memory Usage: 2800kB
        ->  Seq Scan on title t  (cost=0.00..73925.90 rows=393630 width=4) (actual time=0.033..1430.358 rows=401187 loops=1)
              Filter: ((kind_id > 1) AND (production_year > 2009))
              Rows Removed by Filter: 2127125
Planning time: 0.635 ms
Execution time: 5183.178 ms
