Seq Scan on title t  (cost=0.00..73925.90 rows=836029 width=0) (actual time=0.011..1232.212 rows=742319 loops=1)
  Filter: ((kind_id > 1) AND (production_year < 2002))
  Rows Removed by Filter: 1785993
Planning time: 0.253 ms
Execution time: 1328.664 ms
