Hash Join  (cost=74450.53..831252.64 rows=601294 width=0) (actual time=1097.684..19071.198 rows=231050 loops=1)
  Hash Cond: (ci.movie_id = t.id)
  ->  Seq Scan on cast_info ci  (cost=0.00..614943.12 rows=36225612 width=4) (actual time=0.022..8910.083 rows=36244344 loops=1)
  ->  Hash  (cost=73925.90..73925.90 rows=41970 width=4) (actual time=1097.300..1097.300 rows=20854 loops=1)
        Buckets: 65536  Batches: 1  Memory Usage: 1246kB
        ->  Seq Scan on title t  (cost=0.00..73925.90 rows=41970 width=4) (actual time=482.156..1088.495 rows=20854 loops=1)
              Filter: ((production_year < 1998) AND (kind_id = 4))
              Rows Removed by Filter: 2507458
Planning time: 0.721 ms
Execution time: 19107.312 ms
