Hash Join  (cost=75867.62..921218.56 rows=189839 width=0) (actual time=5368.215..18762.132 rows=438327 loops=1)
  Hash Cond: (ci.movie_id = t.id)
  ->  Seq Scan on cast_info ci  (cost=0.00..796071.18 rows=4057699 width=4) (actual time=4071.483..14674.975 rows=6868513 loops=1)
        Filter: ((person_id > 2073159) AND (role_id > 4))
        Rows Removed by Filter: 29375831
  ->  Hash  (cost=73925.90..73925.90 rows=118297 width=4) (actual time=1295.795..1295.795 rows=122606 loops=1)
        Buckets: 131072  Batches: 2  Memory Usage: 3179kB
        ->  Seq Scan on title t  (cost=0.00..73925.90 rows=118297 width=4) (actual time=0.029..1250.060 rows=122606 loops=1)
              Filter: ((kind_id > 1) AND (production_year = 2011))
              Rows Removed by Filter: 2405706
Planning time: 0.711 ms
Execution time: 18823.566 ms
