Hash Join  (cost=172417.20..683854.01 rows=2964388 width=0) (actual time=3959.778..17197.365 rows=2664911 loops=1)
  Hash Cond: (mi.movie_id = t.id)
  ->  Seq Scan on movie_info mi  (cost=0.00..309384.22 rows=14739122 width=4) (actual time=0.018..6017.403 rows=14835720 loops=1)
  ->  Hash  (cost=164073.36..164073.36 rows=508547 width=8) (actual time=3958.593..3958.593 rows=302787 loops=1)
        Buckets: 131072  Batches: 8  Memory Usage: 2505kB
        ->  Hash Join  (cost=82012.37..164073.36 rows=508547 width=8) (actual time=1318.690..3860.406 rows=302787 loops=1)
              Hash Cond: (mc.movie_id = t.id)
              ->  Seq Scan on movie_companies mc  (cost=0.00..44881.29 rows=2609129 width=4) (actual time=0.030..875.164 rows=2609129 loops=1)
              ->  Hash  (cost=73925.90..73925.90 rows=492837 width=4) (actual time=1317.865..1317.865 rows=379345 loops=1)
                    Buckets: 131072  Batches: 8  Memory Usage: 2677kB
                    ->  Seq Scan on title t  (cost=0.00..73925.90 rows=492837 width=4) (actual time=218.506..1199.809 rows=379345 loops=1)
                          Filter: ((production_year < 1995) AND (kind_id = 7))
                          Rows Removed by Filter: 2148967
Planning time: 1.064 ms
Execution time: 17516.017 ms
