Seq Scan on movie_keyword mk  (cost=0.00..81003.12 rows=1091179 width=0) (actual time=0.022..1337.562 rows=1095242 loops=1)
  Filter: (keyword_id < 1120)
  Rows Removed by Filter: 3428688
Planning time: 0.308 ms
Execution time: 1475.064 ms
