Seq Scan on title t  (cost=0.00..73925.90 rows=4569 width=0) (actual time=0.122..1177.903 rows=6682 loops=1)
  Filter: ((kind_id > 4) AND (production_year = 1959))
  Rows Removed by Filter: 2521630
Planning time: 0.367 ms
Execution time: 1179.669 ms
