Seq Scan on movie_keyword mk  (cost=0.00..81003.12 rows=1663675 width=0) (actual time=0.013..1459.819 rows=1677300 loops=1)
  Filter: (keyword_id < 2576)
  Rows Removed by Filter: 2846630
Planning time: 0.316 ms
Execution time: 1665.666 ms
