Hash Join  (cost=941036.04..986207.03 rows=435851 width=0) (actual time=14432.009..16604.987 rows=1810999 loops=1)
  Hash Cond: (mi_idx.movie_id = t.id)
  ->  Seq Scan on movie_info_idx mi_idx  (cost=0.00..21735.35 rows=1380035 width=4) (actual time=0.017..446.305 rows=1380035 loops=1)
  ->  Hash  (cost=927933.86..927933.86 rows=798574 width=8) (actual time=14431.196..14431.196 rows=1580855 loops=1)
        Buckets: 131072 (originally 131072)  Batches: 32 (originally 16)  Memory Usage: 3073kB
        ->  Hash Join  (cost=102767.86..927933.86 rows=798574 width=8) (actual time=4557.582..13980.039 rows=1580855 loops=1)
              Hash Cond: (ci.movie_id = t.id)
              ->  Seq Scan on cast_info ci  (cost=0.00..796071.18 rows=798574 width=4) (actual time=2698.601..10121.312 rows=1580855 loops=1)
                    Filter: ((person_id < 216256) AND (role_id < 2))
                    Rows Removed by Filter: 34663489
              ->  Hash  (cost=61283.27..61283.27 rows=2528527 width=4) (actual time=1857.704..1857.704 rows=2528312 loops=1)
                    Buckets: 131072  Batches: 64  Memory Usage: 2415kB
                    ->  Seq Scan on title t  (cost=0.00..61283.27 rows=2528527 width=4) (actual time=0.022..1090.592 rows=2528312 loops=1)
Planning time: 0.805 ms
Execution time: 16780.849 ms
