Hash Join  (cost=125227.67..1102969.25 rows=1850196 width=0) (actual time=2871.150..29086.088 rows=5122207 loops=1)
  Hash Cond: (ci.movie_id = t.id)
  ->  Seq Scan on cast_info ci  (cost=0.00..705507.15 rows=21872122 width=4) (actual time=0.055..15048.419 rows=21736177 loops=1)
        Filter: (person_id < 2208974)
        Rows Removed by Filter: 14508167
  ->  Hash  (cost=121718.02..121718.02 rows=213892 width=8) (actual time=2870.199..2870.199 rows=283557 loops=1)
        Buckets: 131072  Batches: 4  Memory Usage: 3792kB
        ->  Hash Join  (cost=80355.62..121718.02 rows=213892 width=8) (actual time=1747.372..2781.730 rows=283557 loops=1)
              Hash Cond: (mi_idx.movie_id = t.id)
              ->  Seq Scan on movie_info_idx mi_idx  (cost=0.00..21735.35 rows=1380035 width=4) (actual time=0.017..468.224 rows=1380035 loops=1)
              ->  Hash  (cost=73925.90..73925.90 rows=391897 width=4) (actual time=1577.135..1577.135 rows=289693 loops=1)
                    Buckets: 131072  Batches: 8  Memory Usage: 2301kB
                    ->  Seq Scan on title t  (cost=0.00..73925.90 rows=391897 width=4) (actual time=481.530..1143.004 rows=289693 loops=1)
                          Filter: ((kind_id < 2) AND (production_year > 1998))
                          Rows Removed by Filter: 2238619
Planning time: 1.121 ms
Execution time: 29702.443 ms
