Seq Scan on movie_companies mc  (cost=0.00..57926.93 rows=16719 width=0) (actual time=169.724..803.976 rows=35517 loops=1)
  Filter: ((company_id = 160) AND (company_type_id = 1))
  Rows Removed by Filter: 2573612
Planning time: 0.380 ms
Execution time: 809.023 ms
