Seq Scan on cast_info ci  (cost=0.00..796071.18 rows=23021995 width=0) (actual time=0.014..17927.596 rows=22806850 loops=1)
  Filter: ((person_id < 3914744) AND (role_id > 1))
  Rows Removed by Filter: 13437494
Planning time: 2.465 ms
Execution time: 20740.594 ms
