Seq Scan on movie_keyword mk  (cost=0.00..81003.12 rows=246 width=0) (actual time=2.211..1264.372 rows=184 loops=1)
  Filter: (keyword_id = 27539)
  Rows Removed by Filter: 4523746
Planning time: 0.328 ms
Execution time: 1264.592 ms
