Hash Join  (cost=83810.17..202641.32 rows=857816 width=0) (actual time=1816.452..5491.510 rows=1903735 loops=1)
  Hash Cond: (mk.movie_id = t.id)
  ->  Seq Scan on movie_keyword mk  (cost=0.00..81003.12 rows=2195962 width=4) (actual time=0.019..1659.363 rows=2196111 loops=1)
        Filter: (keyword_id < 4372)
        Rows Removed by Filter: 2327819
  ->  Hash  (cost=67604.59..67604.59 rows=987727 width=4) (actual time=1815.547..1815.547 rows=985048 loops=1)
        Buckets: 131072  Batches: 16  Memory Usage: 3197kB
        ->  Seq Scan on title t  (cost=0.00..67604.59 rows=987727 width=4) (actual time=0.018..1225.487 rows=985048 loops=1)
              Filter: (kind_id < 7)
              Rows Removed by Filter: 1543264
Planning time: 0.716 ms
Execution time: 5712.508 ms
