Hash Join  (cost=111020.24..243712.29 rows=153203 width=0) (actual time=2209.403..5317.558 rows=186885 loops=1)
  Hash Cond: (mk.movie_id = t.id)
  ->  Seq Scan on movie_keyword mk  (cost=0.00..81003.12 rows=4307440 width=4) (actual time=0.016..1864.421 rows=4305677 loops=1)
        Filter: (keyword_id < 65082)
        Rows Removed by Filter: 218253
  ->  Hash  (cost=109544.09..109544.09 rows=89932 width=8) (actual time=2207.346..2207.346 rows=54660 loops=1)
        Buckets: 131072  Batches: 2  Memory Usage: 2097kB
        ->  Hash Join  (cost=70308.29..109544.09 rows=89932 width=8) (actual time=1180.424..2188.516 rows=54660 loops=1)
              Hash Cond: (mi_idx.movie_id = t.id)
              ->  Seq Scan on movie_info_idx mi_idx  (cost=0.00..21735.35 rows=1380035 width=4) (actual time=0.018..448.481 rows=1380035 loops=1)
              ->  Hash  (cost=67604.59..67604.59 rows=164776 width=4) (actual time=1179.006..1179.006 rows=164307 loops=1)
                    Buckets: 131072  Batches: 4  Memory Usage: 2482kB
                    ->  Seq Scan on title t  (cost=0.00..67604.59 rows=164776 width=4) (actual time=0.032..1122.320 rows=164307 loops=1)
                          Filter: (production_year = 2012)
                          Rows Removed by Filter: 2364005
Planning time: 1.133 ms
Execution time: 5340.652 ms
