Hash Join  (cost=185107.91..1253777.32 rows=3394023 width=0) (actual time=3603.676..32330.101 rows=2654788 loops=1)
  Hash Cond: (ci.movie_id = t.id)
  ->  Seq Scan on cast_info ci  (cost=0.00..614943.12 rows=36225612 width=4) (actual time=0.030..12960.371 rows=36244344 loops=1)
  ->  Hash  (cost=181220.64..181220.64 rows=236901 width=8) (actual time=3602.764..3602.764 rows=94170 loops=1)
        Buckets: 131072  Batches: 4  Memory Usage: 1940kB
        ->  Hash Join  (cost=84832.42..181220.64 rows=236901 width=8) (actual time=1557.406..3573.507 rows=94170 loops=1)
              Hash Cond: (mk.movie_id = t.id)
              ->  Seq Scan on movie_keyword mk  (cost=0.00..81003.12 rows=901091 width=4) (actual time=0.028..1464.257 rows=906014 loops=1)
                    Filter: (keyword_id < 865)
                    Rows Removed by Filter: 3617916
              ->  Hash  (cost=73925.90..73925.90 rows=664761 width=4) (actual time=1552.532..1552.532 rows=704326 loops=1)
                    Buckets: 131072  Batches: 16  Memory Usage: 2581kB
                    ->  Seq Scan on title t  (cost=0.00..73925.90 rows=664761 width=4) (actual time=0.016..1314.257 rows=704326 loops=1)
                          Filter: ((kind_id > 1) AND (production_year > 2006))
                          Rows Removed by Filter: 1823986
Planning time: 1.132 ms
Execution time: 32656.581 ms
