Hash Join  (cost=82776.67..604578.55 rows=2701925 width=0) (actual time=1344.046..15172.006 rows=4214114 loops=1)
  Hash Cond: (mi.movie_id = t.id)
  ->  Seq Scan on movie_info mi  (cost=0.00..346232.03 rows=12665229 width=4) (actual time=0.017..7324.021 rows=12744652 loops=1)
        Filter: (info_type_id > 2)
        Rows Removed by Filter: 2091068
  ->  Hash  (cost=73925.90..73925.90 rows=539421 width=4) (actual time=1343.146..1343.146 rows=459810 loops=1)
        Buckets: 131072  Batches: 8  Memory Usage: 3048kB
        ->  Seq Scan on title t  (cost=0.00..73925.90 rows=539421 width=4) (actual time=0.014..1188.813 rows=459810 loops=1)
              Filter: ((kind_id < 7) AND (production_year > 2000))
              Rows Removed by Filter: 2068502
Planning time: 0.768 ms
Execution time: 15586.357 ms
