Hash Join  (cost=77062.89..143524.01 rows=103458 width=0) (actual time=2146.250..3442.415 rows=218517 loops=1)
  Hash Cond: (mc.movie_id = t.id)
  ->  Seq Scan on movie_companies mc  (cost=0.00..57926.93 rows=453762 width=4) (actual time=196.406..994.024 rows=655096 loops=1)
        Filter: ((company_id < 3234) AND (company_type_id < 2))
        Rows Removed by Filter: 1954033
  ->  Hash  (cost=67604.59..67604.59 rows=576504 width=4) (actual time=1948.828..1948.828 rows=568449 loops=1)
        Buckets: 131072  Batches: 8  Memory Usage: 3513kB
        ->  Seq Scan on title t  (cost=0.00..67604.59 rows=576504 width=4) (actual time=0.026..1252.833 rows=568449 loops=1)
              Filter: (production_year < 1984)
              Rows Removed by Filter: 1959863
Planning time: 0.751 ms
Execution time: 3471.554 ms
