Hash Join  (cost=208375.65..1335974.43 rows=4722566 width=0) (actual time=4273.132..32695.554 rows=649035 loops=1)
  Hash Cond: (ci.movie_id = t.id)
  ->  Seq Scan on cast_info ci  (cost=0.00..614943.12 rows=36225612 width=4) (actual time=0.021..13489.563 rows=36244344 loops=1)
  ->  Hash  (cost=202967.25..202967.25 rows=329632 width=8) (actual time=4271.911..4271.911 rows=47405 loops=1)
        Buckets: 131072  Batches: 8  Memory Usage: 1248kB
        ->  Hash Join  (cost=76948.89..202967.25 rows=329632 width=8) (actual time=1228.936..4255.284 rows=47405 loops=1)
              Hash Cond: (mk.movie_id = t.id)
              ->  Seq Scan on movie_keyword mk  (cost=0.00..69693.30 rows=4523930 width=4) (actual time=0.018..1430.775 rows=4523930 loops=1)
              ->  Hash  (cost=73925.90..73925.90 rows=184239 width=4) (actual time=1220.416..1220.416 rows=60242 loops=1)
                    Buckets: 131072  Batches: 4  Memory Usage: 1561kB
                    ->  Seq Scan on title t  (cost=0.00..73925.90 rows=184239 width=4) (actual time=0.016..1192.798 rows=60242 loops=1)
                          Filter: ((kind_id > 1) AND (production_year < 1961))
                          Rows Removed by Filter: 2468070
Planning time: 5.073 ms
Execution time: 32778.864 ms
