Hash Join  (cost=842219.43..1601446.72 rows=3740363 width=0) (actual time=23496.327..39712.332 rows=4465261 loops=1)
  Hash Cond: (mi.movie_id = t.id)
  ->  Seq Scan on movie_info mi  (cost=0.00..309384.22 rows=14739122 width=4) (actual time=0.019..6081.182 rows=14835720 loops=1)
  ->  Hash  (cost=831691.59..831691.59 rows=641667 width=8) (actual time=23434.611..23434.611 rows=735281 loops=1)
        Buckets: 131072  Batches: 16  Memory Usage: 2870kB
        ->  Hash Join  (cost=74485.76..831691.59 rows=641667 width=8) (actual time=1331.769..22356.456 rows=735281 loops=1)
              Hash Cond: (ci.movie_id = t.id)
              ->  Seq Scan on cast_info ci  (cost=0.00..614943.12 rows=36225612 width=4) (actual time=0.023..9080.216 rows=36244344 loops=1)
              ->  Hash  (cost=73925.90..73925.90 rows=44788 width=4) (actual time=1331.417..1331.417 rows=52864 loops=1)
                    Buckets: 65536  Batches: 1  Memory Usage: 2371kB
                    ->  Seq Scan on title t  (cost=0.00..73925.90 rows=44788 width=4) (actual time=0.031..1309.244 rows=52864 loops=1)
                          Filter: ((kind_id > 1) AND (production_year = 2002))
                          Rows Removed by Filter: 2475448
Planning time: 1.152 ms
Execution time: 40296.154 ms
