Seq Scan on cast_info ci  (cost=0.00..796071.18 rows=11457687 width=0) (actual time=0.020..16418.392 rows=12670688 loops=1)
  Filter: ((person_id < 3404638) AND (role_id < 2))
  Rows Removed by Filter: 23573656
Planning time: 4.336 ms
Execution time: 17943.639 ms
