Hash Join  (cost=431962.53..1187922.80 rows=273041 width=0) (actual time=6242.282..23545.707 rows=310271 loops=1)
  Hash Cond: (ci.movie_id = t.id)
  ->  Seq Scan on cast_info ci  (cost=0.00..705507.15 rows=12726058 width=4) (actual time=0.023..13708.592 rows=12670688 loops=1)
        Filter: (role_id = 1)
        Rows Removed by Filter: 23573656
  ->  Hash  (cost=431284.41..431284.41 rows=54250 width=8) (actual time=6241.832..6241.832 rows=50243 loops=1)
        Buckets: 65536  Batches: 1  Memory Usage: 2475kB
        ->  Hash Join  (cost=69374.09..431284.41 rows=54250 width=8) (actual time=4321.454..6222.795 rows=50243 loops=1)
              Hash Cond: (mi.movie_id = t.id)
              ->  Seq Scan on movie_info mi  (cost=0.00..346232.03 rows=1272478 width=4) (actual time=3284.558..4668.126 rows=1325361 loops=1)
                    Filter: (info_type_id = 8)
                    Rows Removed by Filter: 13510359
              ->  Hash  (cost=67604.59..67604.59 rows=107800 width=4) (actual time=1035.876..1035.876 rows=108429 loops=1)
                    Buckets: 131072  Batches: 2  Memory Usage: 2938kB
                    ->  Seq Scan on title t  (cost=0.00..67604.59 rows=107800 width=4) (actual time=0.038..993.302 rows=108429 loops=1)
                          Filter: (production_year = 2006)
                          Rows Removed by Filter: 2419883
Planning time: 1.216 ms
Execution time: 23590.491 ms
