Seq Scan on title t  (cost=0.00..73925.90 rows=435457 width=0) (actual time=0.081..1118.909 rows=314685 loops=1)
  Filter: ((production_year > 1994) AND (kind_id = 1))
  Rows Removed by Filter: 2213627
Planning time: 3.116 ms
Execution time: 1159.791 ms
