Hash Join  (cost=797960.51..1162627.10 rows=1067 width=0) (actual time=14613.870..21723.900 rows=1658 loops=1)
  Hash Cond: (mi.movie_id = t.id)
  ->  Seq Scan on movie_info mi  (cost=0.00..309384.22 rows=14739122 width=4) (actual time=0.021..4578.293 rows=14835720 loops=1)
  ->  Hash  (cost=797958.22..797958.22 rows=183 width=8) (actual time=14475.684..14475.684 rows=10 loops=1)
        Buckets: 1024  Batches: 1  Memory Usage: 9kB
        ->  Nested Loop  (cost=0.43..797958.22 rows=183 width=8) (actual time=4545.895..14474.082 rows=10 loops=1)
              ->  Seq Scan on cast_info ci  (cost=0.00..796071.18 rows=224 width=4) (actual time=4545.724..14473.544 rows=15 loops=1)
                    Filter: ((role_id > 2) AND (person_id = 3672523))
                    Rows Removed by Filter: 36244329
              ->  Index Scan using title_pkey on title t  (cost=0.43..8.41 rows=1 width=4) (actual time=0.029..0.030 rows=1 loops=15)
                    Index Cond: (id = ci.movie_id)
                    Filter: (production_year < 2011)
                    Rows Removed by Filter: 0
Planning time: 1.242 ms
Execution time: 21724.364 ms
