Seq Scan on cast_info ci  (cost=0.00..705507.15 rows=3862126 width=0) (actual time=4437.318..10842.306 rows=3902504 loops=1)
  Filter: (person_id > 3344623)
  Rows Removed by Filter: 32341840
Planning time: 0.340 ms
Execution time: 11297.126 ms
