Seq Scan on movie_keyword mk  (cost=0.00..81003.12 rows=246 width=0) (actual time=0.246..1232.476 rows=4606 loops=1)
  Filter: (keyword_id = 228)
  Rows Removed by Filter: 4519324
Planning time: 0.376 ms
Execution time: 1233.752 ms
