Seq Scan on movie_companies mc  (cost=0.00..51404.11 rows=63228 width=0) (actual time=0.424..768.680 rows=62075 loops=1)
  Filter: (company_id = 6)
  Rows Removed by Filter: 2547054
Planning time: 0.404 ms
Execution time: 777.164 ms
