Hash Join  (cost=58375.85..410420.93 rows=32 width=0) (actual time=2576.219..6446.472 rows=26 loops=1)
  Hash Cond: (mi.movie_id = t.id)
  ->  Seq Scan on movie_info mi  (cost=0.00..346232.03 rows=1550064 width=4) (actual time=1677.738..5325.760 rows=1533909 loops=1)
        Filter: (info_type_id = 3)
        Rows Removed by Filter: 13301811
  ->  Hash  (cost=58375.18..58375.18 rows=53 width=8) (actual time=885.744..885.744 rows=406 loops=1)
        Buckets: 1024  Batches: 1  Memory Usage: 24kB
        ->  Nested Loop  (cost=0.43..58375.18 rows=53 width=8) (actual time=165.905..885.556 rows=406 loops=1)
              ->  Seq Scan on movie_companies mc  (cost=0.00..57926.93 rows=53 width=4) (actual time=165.782..728.865 rows=406 loops=1)
                    Filter: ((company_id = 533) AND (company_type_id = 2))
                    Rows Removed by Filter: 2608723
              ->  Index Only Scan using title_pkey on title t  (cost=0.43..8.45 rows=1 width=4) (actual time=0.385..0.385 rows=1 loops=406)
                    Index Cond: (id = mc.movie_id)
                    Heap Fetches: 406
Planning time: 3.421 ms
Execution time: 6446.596 ms
