Hash Join  (cost=357498.95..1144400.45 rows=23600787 width=0) (actual time=8412.219..66170.716 rows=208921615 loops=1)
  Hash Cond: (mi.movie_id = t.id)
  ->  Seq Scan on movie_info mi  (cost=0.00..309384.22 rows=14739122 width=4) (actual time=0.016..6424.338 rows=14835720 loops=1)
  ->  Hash  (cost=291073.40..291073.40 rows=4048764 width=8) (actual time=8409.696..8409.696 rows=4052609 loops=1)
        Buckets: 131072  Batches: 64  Memory Usage: 3598kB
        ->  Hash Join  (cost=102767.86..291073.40 rows=4048764 width=8) (actual time=1962.032..7219.801 rows=4052609 loops=1)
              Hash Cond: (mk.movie_id = t.id)
              ->  Seq Scan on movie_keyword mk  (cost=0.00..81003.12 rows=4048764 width=4) (actual time=0.019..1809.183 rows=4052609 loops=1)
                    Filter: (keyword_id < 37753)
                    Rows Removed by Filter: 471321
              ->  Hash  (cost=61283.27..61283.27 rows=2528527 width=4) (actual time=1959.812..1959.812 rows=2528312 loops=1)
                    Buckets: 131072  Batches: 64  Memory Usage: 2425kB
                    ->  Seq Scan on title t  (cost=0.00..61283.27 rows=2528527 width=4) (actual time=0.020..1080.761 rows=2528312 loops=1)
Planning time: 1.171 ms
Execution time: 88059.329 ms
