Seq Scan on movie_keyword mk  (cost=0.00..81003.12 rows=943299 width=0) (actual time=0.015..1359.057 rows=945498 loops=1)
  Filter: (keyword_id < 888)
  Rows Removed by Filter: 3578432
Planning time: 0.262 ms
Execution time: 1481.557 ms
