Seq Scan on cast_info ci  (cost=0.00..705507.15 rows=24764242 width=0) (actual time=1432.359..13039.591 rows=24877852 loops=1)
  Filter: (person_id > 1117098)
  Rows Removed by Filter: 11366492
Planning time: 0.337 ms
Execution time: 16111.223 ms
