Seq Scan on cast_info ci  (cost=0.00..796071.18 rows=9240315 width=0) (actual time=1941.356..15569.084 rows=12670688 loops=1)
  Filter: ((person_id < 2722557) AND (role_id = 1))
  Rows Removed by Filter: 23573656
Planning time: 2.727 ms
Execution time: 17152.038 ms
