Hash Join  (cost=79082.94..117267.33 rows=114249 width=0) (actual time=1425.790..2080.012 rows=48324 loops=1)
  Hash Cond: (mi_idx.movie_id = t.id)
  ->  Seq Scan on movie_info_idx mi_idx  (cost=0.00..25185.44 rows=919057 width=4) (actual time=0.031..486.592 rows=920110 loops=1)
        Filter: (info_type_id > 99)
        Rows Removed by Filter: 459925
  ->  Hash  (cost=73925.90..73925.90 rows=314323 width=4) (actual time=1166.134..1166.134 rows=201761 loops=1)
        Buckets: 131072  Batches: 8  Memory Usage: 1902kB
        ->  Seq Scan on title t  (cost=0.00..73925.90 rows=314323 width=4) (actual time=161.779..1098.287 rows=201761 loops=1)
              Filter: ((production_year < 1980) AND (kind_id = 7))
              Rows Removed by Filter: 2326551
Planning time: 0.769 ms
Execution time: 2085.833 ms
