Hash Join  (cost=74142.85..827418.57 rows=248655 width=0) (actual time=1036.317..19068.105 rows=372628 loops=1)
  Hash Cond: (ci.movie_id = t.id)
  ->  Seq Scan on cast_info ci  (cost=0.00..614943.12 rows=36225612 width=4) (actual time=0.017..8888.363 rows=36244344 loops=1)
  ->  Hash  (cost=73925.90..73925.90 rows=17356 width=4) (actual time=1036.077..1036.077 rows=18804 loops=1)
        Buckets: 32768  Batches: 1  Memory Usage: 918kB
        ->  Seq Scan on title t  (cost=0.00..73925.90 rows=17356 width=4) (actual time=55.535..1029.035 rows=18804 loops=1)
              Filter: ((kind_id = 1) AND (production_year = 2013))
              Rows Removed by Filter: 2509508
Planning time: 2.521 ms
Execution time: 19129.194 ms
