Hash Join  (cost=215833.08..349596.87 rows=1453923 width=0) (actual time=4941.820..11662.895 rows=16445655 loops=1)
  Hash Cond: (mk.movie_id = t.id)
  ->  Seq Scan on movie_keyword mk  (cost=0.00..81003.12 rows=2873181 width=4) (actual time=0.017..1713.812 rows=2865809 loops=1)
        Filter: (keyword_id < 8816)
        Rows Removed by Filter: 1658121
  ->  Hash  (cost=194840.12..194840.12 rows=1279517 width=8) (actual time=4940.452..4940.452 rows=1274246 loops=1)
        Buckets: 131072  Batches: 32  Memory Usage: 2633kB
        ->  Hash Join  (cost=102767.86..194840.12 rows=1279517 width=8) (actual time=2297.936..4574.632 rows=1274246 loops=1)
              Hash Cond: (mc.movie_id = t.id)
              ->  Seq Scan on movie_companies mc  (cost=0.00..51404.11 rows=1279517 width=4) (actual time=183.428..1021.098 rows=1274246 loops=1)
                    Filter: (company_type_id < 2)
                    Rows Removed by Filter: 1334883
              ->  Hash  (cost=61283.27..61283.27 rows=2528527 width=4) (actual time=2113.166..2113.166 rows=2528312 loops=1)
                    Buckets: 131072  Batches: 64  Memory Usage: 2415kB
                    ->  Seq Scan on title t  (cost=0.00..61283.27 rows=2528527 width=4) (actual time=0.021..1237.201 rows=2528312 loops=1)
Planning time: 12.519 ms
Execution time: 13350.871 ms
