Hash Join  (cost=189651.15..230694.29 rows=195267 width=0) (actual time=4004.997..5695.272 rows=1085139 loops=1)
  Hash Cond: (mi_idx.movie_id = t.id)
  ->  Seq Scan on movie_info_idx mi_idx  (cost=0.00..21735.35 rows=1380035 width=4) (actual time=0.022..478.868 rows=1380035 loops=1)
  ->  Hash  (cost=183781.01..183781.01 rows=357771 width=8) (actual time=4004.138..4004.138 rows=476914 loops=1)
        Buckets: 131072  Batches: 8  Memory Usage: 3398kB
        ->  Hash Join  (cost=85280.32..183781.01 rows=357771 width=8) (actual time=1702.377..3877.821 rows=476914 loops=1)
              Hash Cond: (mk.movie_id = t.id)
              ->  Seq Scan on movie_keyword mk  (cost=0.00..81003.12 rows=839693 width=4) (actual time=0.016..1486.337 rows=839575 loops=1)
                    Filter: (keyword_id < 803)
                    Rows Removed by Filter: 3684355
              ->  Hash  (cost=67604.59..67604.59 rows=1077339 width=4) (actual time=1701.430..1701.430 rows=1074765 loops=1)
                    Buckets: 131072  Batches: 16  Memory Usage: 3396kB
                    ->  Seq Scan on title t  (cost=0.00..67604.59 rows=1077339 width=4) (actual time=0.024..1327.027 rows=1074765 loops=1)
                          Filter: (production_year < 2001)
                          Rows Removed by Filter: 1453547
Planning time: 1.136 ms
Execution time: 5827.503 ms
