Hash Join  (cost=451615.85..551131.71 rows=168656 width=0) (actual time=7819.920..10361.462 rows=1235339 loops=1)
  Hash Cond: (mk.movie_id = t.id)
  ->  Seq Scan on movie_keyword mk  (cost=0.00..81003.12 rows=1348315 width=4) (actual time=0.018..1500.474 rows=1357732 loops=1)
        Filter: (keyword_id > 12364)
        Rows Removed by Filter: 3166198
  ->  Hash  (cost=446426.30..446426.30 rows=316284 width=8) (actual time=7818.978..7818.978 rows=633102 loops=1)
        Buckets: 131072 (originally 131072)  Batches: 16 (originally 8)  Memory Usage: 3073kB
        ->  Hash Join  (cost=83810.17..446426.30 rows=316284 width=8) (actual time=3675.721..7617.891 rows=633102 loops=1)
              Hash Cond: (mi.movie_id = t.id)
              ->  Seq Scan on movie_info mi  (cost=0.00..346232.03 rows=809669 width=4) (actual time=2256.633..5429.636 rows=802140 loops=1)
                    Filter: (info_type_id = 1)
                    Rows Removed by Filter: 14033580
              ->  Hash  (cost=67604.59..67604.59 rows=987727 width=4) (actual time=1418.224..1418.224 rows=985048 loops=1)
                    Buckets: 131072  Batches: 16  Memory Usage: 3197kB
                    ->  Seq Scan on title t  (cost=0.00..67604.59 rows=987727 width=4) (actual time=0.028..1101.143 rows=985048 loops=1)
                          Filter: (kind_id < 7)
                          Rows Removed by Filter: 1543264
Planning time: 1.165 ms
Execution time: 10513.625 ms
