Hash Join  (cost=74126.17..827210.62 rows=229529 width=0) (actual time=1380.317..22053.011 rows=160999 loops=1)
  Hash Cond: (ci.movie_id = t.id)
  ->  Seq Scan on cast_info ci  (cost=0.00..614943.12 rows=36225612 width=4) (actual time=0.026..9000.735 rows=36244344 loops=1)
  ->  Hash  (cost=73925.90..73925.90 rows=16021 width=4) (actual time=1219.139..1219.139 rows=59846 loops=1)
        Buckets: 65536 (originally 16384)  Batches: 1 (originally 1)  Memory Usage: 2616kB
        ->  Seq Scan on title t  (cost=0.00..73925.90 rows=16021 width=4) (actual time=107.589..1197.050 rows=59846 loops=1)
              Filter: ((production_year < 1915) AND (kind_id = 1))
              Rows Removed by Filter: 2468466
Planning time: 0.781 ms
Execution time: 22075.495 ms
