Hash Join  (cost=80599.54..585705.70 rows=2371123 width=0) (actual time=1332.860..14434.697 rows=1204876 loops=1)
  Hash Cond: (mi.movie_id = t.id)
  ->  Seq Scan on movie_info mi  (cost=0.00..309384.22 rows=14739122 width=4) (actual time=0.010..6291.570 rows=14835720 loops=1)
  ->  Hash  (cost=73925.90..73925.90 rows=406771 width=4) (actual time=1331.734..1331.734 rows=288892 loops=1)
        Buckets: 131072  Batches: 8  Memory Usage: 2287kB
        ->  Seq Scan on title t  (cost=0.00..73925.90 rows=406771 width=4) (actual time=130.582..1230.482 rows=288892 loops=1)
              Filter: ((production_year < 1989) AND (kind_id = 7))
              Rows Removed by Filter: 2239420
Planning time: 0.742 ms
Execution time: 14567.912 ms
