Hash Join  (cost=74730.49..813250.64 rows=209858 width=0) (actual time=1202.834..15688.980 rows=172343 loops=1)
  Hash Cond: (ci.movie_id = t.id)
  ->  Seq Scan on cast_info ci  (cost=0.00..705507.15 rows=8243845 width=4) (actual time=0.010..11879.467 rows=8125370 loops=1)
        Filter: (person_id < 794713)
        Rows Removed by Filter: 28118974
  ->  Hash  (cost=73925.90..73925.90 rows=64367 width=4) (actual time=1202.507..1202.507 rows=53905 loops=1)
        Buckets: 65536  Batches: 1  Memory Usage: 2408kB
        ->  Seq Scan on title t  (cost=0.00..73925.90 rows=64367 width=4) (actual time=0.301..1180.609 rows=53905 loops=1)
              Filter: ((kind_id < 7) AND (production_year = 2012))
              Rows Removed by Filter: 2474407
Planning time: 0.592 ms
Execution time: 15717.588 ms
