Seq Scan on cast_info ci  (cost=0.00..796071.18 rows=131 width=0) (actual time=5095.769..13454.830 rows=4 loops=1)
  Filter: ((role_id > 4) AND (person_id = 65682))
  Rows Removed by Filter: 36244340
Planning time: 0.436 ms
Execution time: 13454.940 ms
