Hash Join  (cost=74580.28..101776.48 rows=28572 width=0) (actual time=1483.964..2092.768 rows=48652 loops=1)
  Hash Cond: (mi_idx.movie_id = t.id)
  ->  Seq Scan on movie_info_idx mi_idx  (cost=0.00..21735.35 rows=1380035 width=4) (actual time=0.009..305.756 rows=1380035 loops=1)
  ->  Hash  (cost=73925.90..73925.90 rows=52350 width=4) (actual time=1242.701..1242.701 rows=135896 loops=1)
        Buckets: 131072 (originally 65536)  Batches: 2 (originally 1)  Memory Usage: 3409kB
        ->  Seq Scan on title t  (cost=0.00..73925.90 rows=52350 width=4) (actual time=0.010..1189.795 rows=135896 loops=1)
              Filter: ((kind_id < 7) AND (production_year < 1938))
              Rows Removed by Filter: 2392416
Planning time: 0.734 ms
Execution time: 2099.497 ms
