Hash Join  (cost=192251.07..234959.93 rows=292338 width=0) (actual time=3767.955..4769.229 rows=419819 loops=1)
  Hash Cond: (mi_idx.movie_id = t.id)
  ->  Seq Scan on movie_info_idx mi_idx  (cost=0.00..21735.35 rows=1380035 width=4) (actual time=0.015..461.608 rows=1380035 loops=1)
  ->  Hash  (cost=183462.73..183462.73 rows=535627 width=8) (actual time=3599.492..3599.492 rows=252936 loops=1)
        Buckets: 131072  Batches: 8  Memory Usage: 2266kB
        ->  Hash Join  (cost=102767.86..183462.73 rows=535627 width=8) (actual time=1901.138..3522.426 rows=252936 loops=1)
              Hash Cond: (mc.movie_id = t.id)
              ->  Seq Scan on movie_companies mc  (cost=0.00..57926.93 rows=535627 width=4) (actual time=0.016..1014.266 rows=252936 loops=1)
                    Filter: ((company_id > 14002) AND (company_type_id = 1))
                    Rows Removed by Filter: 2356193
              ->  Hash  (cost=61283.27..61283.27 rows=2528527 width=4) (actual time=1899.613..1899.613 rows=2528312 loops=1)
                    Buckets: 131072  Batches: 64  Memory Usage: 2415kB
                    ->  Seq Scan on title t  (cost=0.00..61283.27 rows=2528527 width=4) (actual time=0.014..1078.033 rows=2528312 loops=1)
Planning time: 1.157 ms
Execution time: 4820.052 ms
