Seq Scan on movie_companies mc  (cost=0.00..57926.93 rows=912384 width=0) (actual time=584.299..1205.917 rows=1100659 loops=1)
  Filter: ((company_id > 1868) AND (company_type_id > 1))
  Rows Removed by Filter: 1508470
Planning time: 0.328 ms
Execution time: 1333.375 ms
