Hash Join  (cost=871177.78..2904934.52 rows=76551734 width=0) (actual time=21727.708..84038.563 rows=142710296 loops=1)
  Hash Cond: (ci.movie_id = t.id)
  ->  Seq Scan on cast_info ci  (cost=0.00..796071.18 rows=18948549 width=4) (actual time=0.021..17821.187 rows=16484368 loops=1)
        Filter: ((person_id < 2957800) AND (role_id > 1))
        Rows Removed by Filter: 19759976
  ->  Hash  (cost=703583.84..703583.84 rows=10215195 width=8) (actual time=21721.213..21721.213 rows=9092685 loops=1)
        Buckets: 131072  Batches: 256  Memory Usage: 2391kB
        ->  Hash Join  (cost=96356.06..703583.84 rows=10215195 width=8) (actual time=2322.152..19144.057 rows=9092685 loops=1)
              Hash Cond: (mi.movie_id = t.id)
              ->  Seq Scan on movie_info mi  (cost=0.00..309384.22 rows=14739122 width=4) (actual time=0.011..5879.232 rows=14835720 loops=1)
              ->  Hash  (cost=67604.59..67604.59 rows=1752438 width=4) (actual time=2321.206..2321.206 rows=1749032 loops=1)
                    Buckets: 131072  Batches: 32  Memory Usage: 2958kB
                    ->  Seq Scan on title t  (cost=0.00..67604.59 rows=1752438 width=4) (actual time=0.015..1432.065 rows=1749032 loops=1)
                          Filter: (production_year > 1990)
                          Rows Removed by Filter: 779280
Planning time: 1.184 ms
Execution time: 99276.148 ms
