Hash Join  (cost=365418.15..1615805.83 rows=27377222 width=0) (actual time=8141.896..52704.139 rows=90061729 loops=1)
  Hash Cond: (ci.movie_id = t.id)
  ->  Seq Scan on cast_info ci  (cost=0.00..705507.15 rows=15301750 width=4) (actual time=0.028..13866.807 rows=15445403 loops=1)
        Filter: (person_id > 2095678)
        Rows Removed by Filter: 20798941
  ->  Hash  (cost=291197.02..291197.02 rows=4523930 width=8) (actual time=8139.446..8139.446 rows=4523930 loops=1)
        Buckets: 131072  Batches: 64  Memory Usage: 3816kB
        ->  Hash Join  (cost=102767.86..291197.02 rows=4523930 width=8) (actual time=2024.263..6951.564 rows=4523930 loops=1)
              Hash Cond: (mk.movie_id = t.id)
              ->  Seq Scan on movie_keyword mk  (cost=0.00..69693.30 rows=4523930 width=4) (actual time=0.017..1374.036 rows=4523930 loops=1)
              ->  Hash  (cost=61283.27..61283.27 rows=2528527 width=4) (actual time=2022.356..2022.356 rows=2528312 loops=1)
                    Buckets: 131072  Batches: 64  Memory Usage: 2425kB
                    ->  Seq Scan on title t  (cost=0.00..61283.27 rows=2528527 width=4) (actual time=0.034..1139.488 rows=2528312 loops=1)
Planning time: 1.130 ms
Execution time: 62687.210 ms
