Hash Join  (cost=102767.86..276177.45 rows=3429690 width=0) (actual time=2037.118..6564.415 rows=3422051 loops=1)
  Hash Cond: (mk.movie_id = t.id)
  ->  Seq Scan on movie_keyword mk  (cost=0.00..81003.12 rows=3429690 width=4) (actual time=0.014..1776.626 rows=3422051 loops=1)
        Filter: (keyword_id > 1131)
        Rows Removed by Filter: 1101879
  ->  Hash  (cost=61283.27..61283.27 rows=2528527 width=4) (actual time=2035.482..2035.482 rows=2528312 loops=1)
        Buckets: 131072  Batches: 64  Memory Usage: 2425kB
        ->  Seq Scan on title t  (cost=0.00..61283.27 rows=2528527 width=4) (actual time=0.011..1167.860 rows=2528312 loops=1)
Planning time: 0.764 ms
Execution time: 6934.698 ms
