Hash Join  (cost=102767.86..1456445.01 rows=26526400 width=0) (actual time=2353.850..39931.098 rows=26723434 loops=1)
  Hash Cond: (ci.movie_id = t.id)
  ->  Seq Scan on cast_info ci  (cost=0.00..705507.15 rows=26526400 width=4) (actual time=0.013..16082.793 rows=26723434 loops=1)
        Filter: (person_id > 935894)
        Rows Removed by Filter: 9520910
  ->  Hash  (cost=61283.27..61283.27 rows=2528527 width=4) (actual time=2352.255..2352.255 rows=2528312 loops=1)
        Buckets: 131072  Batches: 64  Memory Usage: 2415kB
        ->  Seq Scan on title t  (cost=0.00..61283.27 rows=2528527 width=4) (actual time=0.019..1149.250 rows=2528312 loops=1)
Planning time: 0.644 ms
Execution time: 42813.547 ms
