Hash Join  (cost=74617.32..172901.87 rows=95254 width=0) (actual time=1158.711..3608.721 rows=120839 loops=1)
  Hash Cond: (mk.movie_id = t.id)
  ->  Seq Scan on movie_keyword mk  (cost=0.00..81003.12 rows=4354369 width=4) (actual time=0.018..1724.927 rows=4359239 loops=1)
        Filter: (keyword_id < 72514)
        Rows Removed by Filter: 164691
  ->  Hash  (cost=73925.90..73925.90 rows=55313 width=4) (actual time=1158.376..1158.376 rows=49075 loops=1)
        Buckets: 65536  Batches: 1  Memory Usage: 2238kB
        ->  Seq Scan on title t  (cost=0.00..73925.90 rows=55313 width=4) (actual time=0.219..1139.141 rows=49075 loops=1)
              Filter: ((kind_id < 7) AND (production_year = 2010))
              Rows Removed by Filter: 2479237
Planning time: 0.736 ms
Execution time: 3624.718 ms
