Hash Join  (cost=83073.75..833872.66 rows=980 width=0) (actual time=1634.011..17023.652 rows=129 loops=1)
  Hash Cond: (ci.movie_id = t.id)
  ->  Seq Scan on cast_info ci  (cost=0.00..614943.12 rows=36225612 width=4) (actual time=0.015..9014.228 rows=36244344 loops=1)
  ->  Hash  (cost=83072.90..83072.90 rows=68 width=8) (actual time=1301.809..1301.809 rows=3 loops=1)
        Buckets: 1024  Batches: 1  Memory Usage: 9kB
        ->  Nested Loop  (cost=0.43..83072.90 rows=68 width=8) (actual time=338.666..1301.793 rows=3 loops=1)
              ->  Seq Scan on movie_keyword mk  (cost=0.00..81003.12 rows=246 width=4) (actual time=338.619..1301.579 rows=4 loops=1)
                    Filter: (keyword_id = 9360)
                    Rows Removed by Filter: 4523926
              ->  Index Scan using title_pkey on title t  (cost=0.43..8.40 rows=1 width=4) (actual time=0.045..0.046 rows=1 loops=4)
                    Index Cond: (id = mk.movie_id)
                    Filter: ((kind_id < 4) AND (production_year < 2011))
                    Rows Removed by Filter: 0
Planning time: 1.217 ms
Execution time: 17023.949 ms
