Hash Join  (cost=74124.68..905956.30 rows=58984 width=0) (actual time=1121.203..15768.102 rows=35098 loops=1)
  Hash Cond: (ci.movie_id = t.id)
  ->  Seq Scan on cast_info ci  (cost=0.00..796071.18 rows=9378827 width=4) (actual time=0.015..13307.785 rows=6127171 loops=1)
        Filter: ((person_id > 2231870) AND (role_id < 4))
        Rows Removed by Filter: 30117173
  ->  Hash  (cost=73925.90..73925.90 rows=15902 width=4) (actual time=1120.867..1120.867 rows=12969 loops=1)
        Buckets: 16384  Batches: 1  Memory Usage: 584kB
        ->  Seq Scan on title t  (cost=0.00..73925.90 rows=15902 width=4) (actual time=0.052..1114.871 rows=12969 loops=1)
              Filter: ((kind_id < 7) AND (production_year = 1997))
              Rows Removed by Filter: 2515343
Planning time: 0.815 ms
Execution time: 15775.193 ms
