Seq Scan on cast_info ci  (cost=0.00..705507.15 rows=500 width=0) (actual time=7487.930..10881.811 rows=1999 loops=1)
  Filter: (person_id = 1209261)
  Rows Removed by Filter: 36242345
Planning time: 0.278 ms
Execution time: 10882.162 ms
