Hash Join  (cost=155463.21..546229.45 rows=206637 width=0) (actual time=4398.852..10473.238 rows=311769 loops=1)
  Hash Cond: (mi.movie_id = t.id)
  ->  Seq Scan on movie_info mi  (cost=0.00..346232.03 rows=3623957 width=4) (actual time=1007.118..5659.074 rows=3624977 loops=1)
        Filter: (info_type_id < 4)
        Rows Removed by Filter: 11210743
  ->  Hash  (cost=153097.01..153097.01 rows=144176 width=8) (actual time=3390.887..3390.887 rows=112582 loops=1)
        Buckets: 131072  Batches: 2  Memory Usage: 3208kB
        ->  Hash Join  (cost=69928.56..153097.01 rows=144176 width=8) (actual time=1144.756..3347.778 rows=112582 loops=1)
              Hash Cond: (mc.movie_id = t.id)
              ->  Seq Scan on movie_companies mc  (cost=0.00..51404.11 rows=2574554 width=4) (actual time=0.032..1183.814 rows=2575667 loops=1)
                    Filter: (company_id < 204835)
                    Rows Removed by Filter: 33462
              ->  Hash  (cost=67604.59..67604.59 rows=141598 width=4) (actual time=1143.904..1143.904 rows=141703 loops=1)
                    Buckets: 131072  Batches: 2  Memory Usage: 3511kB
                    ->  Seq Scan on title t  (cost=0.00..67604.59 rows=141598 width=4) (actual time=0.032..1089.638 rows=141703 loops=1)
                          Filter: (production_year = 2010)
                          Rows Removed by Filter: 2386609
Planning time: 1.125 ms
Execution time: 10513.858 ms
