Nested Loop  (cost=44377.22..143483.34 rows=97 width=0) (actual time=1836.770..2402.877 rows=375 loops=1)
  ->  Hash Join  (cost=44376.79..132140.52 rows=19131 width=8) (actual time=1739.758..2297.472 rows=12158 loops=1)
        Hash Cond: (mk.movie_id = mi_idx.movie_id)
        ->  Seq Scan on movie_keyword mk  (cost=0.00..81003.12 rows=6436 width=4) (actual time=871.431..1181.594 rows=4975 loops=1)
              Filter: (keyword_id > 129527)
              Rows Removed by Filter: 4518955
        ->  Hash  (cost=21735.35..21735.35 rows=1380035 width=4) (actual time=865.547..865.547 rows=1380035 loops=1)
              Buckets: 131072  Batches: 32  Memory Usage: 2556kB
              ->  Seq Scan on movie_info_idx mi_idx  (cost=0.00..21735.35 rows=1380035 width=4) (actual time=0.037..427.285 rows=1380035 loops=1)
  ->  Index Scan using title_pkey on title t  (cost=0.43..0.58 rows=1 width=4) (actual time=0.008..0.008 rows=0 loops=12158)
        Index Cond: (id = mi_idx.movie_id)
        Filter: ((kind_id < 3) AND (production_year > 2011))
        Rows Removed by Filter: 1
Planning time: 1.140 ms
Execution time: 2403.097 ms
