Hash Join  (cost=83891.93..1274279.40 rows=8300506 width=0) (actual time=1368.238..38864.919 rows=9610951 loops=1)
  Hash Cond: (ci.movie_id = t.id)
  ->  Seq Scan on cast_info ci  (cost=0.00..705507.15 rows=34551537 width=4) (actual time=0.020..16881.253 rows=34549965 loops=1)
        Filter: (person_id < 3725945)
        Rows Removed by Filter: 1694379
  ->  Hash  (cost=73925.90..73925.90 rows=607442 width=4) (actual time=1367.396..1367.396 rows=675690 loops=1)
        Buckets: 131072  Batches: 8  Memory Usage: 4012kB
        ->  Seq Scan on title t  (cost=0.00..73925.90 rows=607442 width=4) (actual time=0.022..1153.581 rows=675690 loops=1)
              Filter: ((kind_id < 7) AND (production_year < 2007))
              Rows Removed by Filter: 1852622
Planning time: 0.602 ms
Execution time: 40079.295 ms
