Seq Scan on movie_keyword mk  (cost=0.00..81003.12 rows=1692975 width=0) (actual time=0.021..1407.736 rows=1700546 loops=1)
  Filter: (keyword_id < 2652)
  Rows Removed by Filter: 2823384
Planning time: 0.322 ms
Execution time: 1618.667 ms
