Seq Scan on cast_info ci  (cost=0.00..705507.15 rows=18118357 width=0) (actual time=1124.057..11577.558 rows=18273597 loops=1)
  Filter: (person_id > 1782614)
  Rows Removed by Filter: 17970747
Planning time: 0.352 ms
Execution time: 13698.180 ms
