Seq Scan on movie_keyword mk  (cost=0.00..81003.12 rows=3171405 width=0) (actual time=0.026..1567.043 rows=3159842 loops=1)
  Filter: (keyword_id < 12286)
  Rows Removed by Filter: 1364088
Planning time: 1.387 ms
Execution time: 1963.275 ms
