Hash Join  (cost=255566.93..775737.04 rows=5436315 width=0) (actual time=7035.987..33728.564 rows=74476961 loops=1)
  Hash Cond: (mi.movie_id = t.id)
  ->  Seq Scan on movie_info mi  (cost=0.00..346232.03 rows=8859586 width=4) (actual time=127.836..6398.762 rows=8966694 loops=1)
        Filter: (info_type_id < 15)
        Rows Removed by Filter: 5869026
  ->  Hash  (cost=230111.87..230111.87 rows=1551525 width=8) (actual time=6906.595..6906.595 rows=3391786 loops=1)
        Buckets: 131072 (originally 131072)  Batches: 64 (originally 32)  Memory Usage: 3214kB
        ->  Hash Join  (cost=83810.17..230111.87 rows=1551525 width=8) (actual time=1330.765..6042.639 rows=3391786 loops=1)
              Hash Cond: (mk.movie_id = t.id)
              ->  Seq Scan on movie_keyword mk  (cost=0.00..81003.12 rows=3971819 width=4) (actual time=0.030..1837.056 rows=3972207 loops=1)
                    Filter: (keyword_id > 394)
                    Rows Removed by Filter: 551723
              ->  Hash  (cost=67604.59..67604.59 rows=987727 width=4) (actual time=1329.710..1329.710 rows=985048 loops=1)
                    Buckets: 131072  Batches: 16  Memory Usage: 3197kB
                    ->  Seq Scan on title t  (cost=0.00..67604.59 rows=987727 width=4) (actual time=0.016..1005.994 rows=985048 loops=1)
                          Filter: (kind_id < 7)
                          Rows Removed by Filter: 1543264
Planning time: 1.191 ms
Execution time: 41279.126 ms
