Seq Scan on movie_keyword mk  (cost=0.00..81003.12 rows=1724919 width=0) (actual time=0.021..1533.588 rows=1728767 loops=1)
  Filter: (keyword_id < 2811)
  Rows Removed by Filter: 2795163
Planning time: 0.340 ms
Execution time: 1752.996 ms
