Seq Scan on movie_companies mc  (cost=0.00..57926.93 rows=1081144 width=0) (actual time=0.030..1130.368 rows=843998 loops=1)
  Filter: ((company_id < 74691) AND (company_type_id = 2))
  Rows Removed by Filter: 1765131
Planning time: 0.403 ms
Execution time: 1237.705 ms
