Seq Scan on movie_keyword mk  (cost=0.00..81003.12 rows=1352257 width=0) (actual time=0.029..1343.905 rows=1367380 loops=1)
  Filter: (keyword_id < 1799)
  Rows Removed by Filter: 3156550
Planning time: 0.308 ms
Execution time: 1513.480 ms
