Hash Join  (cost=75403.90..560812.71 rows=525088 width=0) (actual time=1872.239..12517.684 rows=32 loops=1)
  Hash Cond: (mi.movie_id = t.id)
  ->  Seq Scan on movie_info mi  (cost=0.00..309384.22 rows=14739122 width=4) (actual time=0.009..6338.839 rows=14835720 loops=1)
  ->  Hash  (cost=73925.90..73925.90 rows=90080 width=4) (actual time=1352.322..1352.322 rows=29 loops=1)
        Buckets: 131072  Batches: 2  Memory Usage: 1031kB
        ->  Seq Scan on title t  (cost=0.00..73925.90 rows=90080 width=4) (actual time=206.763..1352.198 rows=29 loops=1)
              Filter: ((kind_id > 3) AND (production_year < 1939))
              Rows Removed by Filter: 2528283
Planning time: 0.693 ms
Execution time: 12517.822 ms
