Hash Join  (cost=102767.86..971293.73 rows=2600535 width=0) (actual time=2934.367..16445.343 rows=1533235 loops=1)
  Hash Cond: (ci.movie_id = t.id)
  ->  Seq Scan on cast_info ci  (cost=0.00..796071.18 rows=2600535 width=4) (actual time=973.097..12824.405 rows=1533235 loops=1)
        Filter: ((person_id < 738666) AND (role_id > 3))
        Rows Removed by Filter: 34711109
  ->  Hash  (cost=61283.27..61283.27 rows=2528527 width=4) (actual time=1959.053..1959.053 rows=2528312 loops=1)
        Buckets: 131072  Batches: 64  Memory Usage: 2415kB
        ->  Seq Scan on title t  (cost=0.00..61283.27 rows=2528527 width=4) (actual time=0.024..1132.015 rows=2528312 loops=1)
Planning time: 0.803 ms
Execution time: 16627.050 ms
