Hash Join  (cost=102767.86..1444967.69 rows=26049396 width=0) (actual time=2277.118..42664.861 rows=26257726 loops=1)
  Hash Cond: (ci.movie_id = t.id)
  ->  Seq Scan on cast_info ci  (cost=0.00..705507.15 rows=26049396 width=4) (actual time=0.026..16042.386 rows=26257726 loops=1)
        Filter: (person_id > 982787)
        Rows Removed by Filter: 9986618
  ->  Hash  (cost=61283.27..61283.27 rows=2528527 width=4) (actual time=2275.551..2275.551 rows=2528312 loops=1)
        Buckets: 131072  Batches: 64  Memory Usage: 2415kB
        ->  Seq Scan on title t  (cost=0.00..61283.27 rows=2528527 width=4) (actual time=0.020..1153.527 rows=2528312 loops=1)
Planning time: 0.757 ms
Execution time: 45806.152 ms
