Hash Join  (cost=101241.62..191521.89 rows=4295 width=0) (actual time=2476.794..3698.608 rows=2856 loops=1)
  Hash Cond: (mk.movie_id = t.id)
  ->  Seq Scan on movie_keyword mk  (cost=0.00..81003.12 rows=2462450 width=4) (actual time=0.018..1498.931 rows=2460497 loops=1)
        Filter: (keyword_id < 5899)
        Rows Removed by Filter: 2063433
  ->  Hash  (cost=101186.50..101186.50 rows=4410 width=8) (actual time=1840.425..1840.425 rows=2677 loops=1)
        Buckets: 8192  Batches: 1  Memory Usage: 169kB
        ->  Hash Join  (cost=74228.29..101186.50 rows=4410 width=8) (actual time=1567.579..1839.249 rows=2677 loops=1)
              Hash Cond: (mi_idx.movie_id = t.id)
              ->  Seq Scan on movie_info_idx mi_idx  (cost=0.00..25185.44 rows=460978 width=4) (actual time=0.020..500.574 rows=459925 loops=1)
                    Filter: (info_type_id = 99)
                    Rows Removed by Filter: 920110
              ->  Hash  (cost=73925.90..73925.90 rows=24191 width=4) (actual time=1218.753..1218.753 rows=24602 loops=1)
                    Buckets: 32768  Batches: 1  Memory Usage: 1121kB
                    ->  Seq Scan on title t  (cost=0.00..73925.90 rows=24191 width=4) (actual time=0.068..1208.067 rows=24602 loops=1)
                          Filter: ((kind_id = 7) AND (production_year = 1995))
                          Rows Removed by Filter: 2503710
Planning time: 1.166 ms
Execution time: 3699.132 ms
