Hash Join  (cost=52284.46..79195.17 rows=22 width=0) (actual time=883.569..1365.570 rows=105 loops=1)
  Hash Cond: (mi_idx.movie_id = t.id)
  ->  Seq Scan on movie_info_idx mi_idx  (cost=0.00..21735.35 rows=1380035 width=4) (actual time=0.012..270.160 rows=1380035 loops=1)
  ->  Hash  (cost=52283.95..52283.95 rows=41 width=8) (actual time=853.838..853.838 rows=38 loops=1)
        Buckets: 1024  Batches: 1  Memory Usage: 10kB
        ->  Nested Loop  (cost=0.43..52283.95 rows=41 width=8) (actual time=412.070..853.768 rows=38 loops=1)
              ->  Seq Scan on movie_companies mc  (cost=0.00..51404.11 rows=104 width=4) (actual time=412.014..826.706 rows=929 loops=1)
                    Filter: (company_id = 71767)
                    Rows Removed by Filter: 2608200
              ->  Index Scan using title_pkey on title t  (cost=0.43..8.45 rows=1 width=4) (actual time=0.028..0.029 rows=0 loops=929)
                    Index Cond: (id = mc.movie_id)
                    Filter: (kind_id < 7)
                    Rows Removed by Filter: 1
Planning time: 1.152 ms
Execution time: 1365.769 ms
