Seq Scan on movie_keyword mk  (cost=0.00..81003.12 rows=2706323 width=0) (actual time=0.026..1431.859 rows=2699663 loops=1)
  Filter: (keyword_id > 2989)
  Rows Removed by Filter: 1824267
Planning time: 0.302 ms
Execution time: 1773.473 ms
