Hash Join  (cost=74210.29..788595.64 rows=20803 width=0) (actual time=636.504..10832.576 rows=19338 loops=1)
  Hash Cond: (ci.movie_id = t.id)
  ->  Seq Scan on cast_info ci  (cost=0.00..705507.15 rows=2312044 width=4) (actual time=0.021..9732.189 rows=2258717 loops=1)
        Filter: (person_id < 219973)
        Rows Removed by Filter: 33985627
  ->  Hash  (cost=73925.90..73925.90 rows=22751 width=4) (actual time=635.963..635.963 rows=18892 loops=1)
        Buckets: 32768  Batches: 1  Memory Usage: 921kB
        ->  Seq Scan on title t  (cost=0.00..73925.90 rows=22751 width=4) (actual time=0.014..628.519 rows=18892 loops=1)
              Filter: ((kind_id < 7) AND (production_year = 2001))
              Rows Removed by Filter: 2509420
Planning time: 0.800 ms
Execution time: 10835.753 ms
