Hash Join  (cost=83810.17..160174.49 rows=532822 width=0) (actual time=1447.463..3625.989 rows=1177308 loops=1)
  Hash Cond: (mc.movie_id = t.id)
  ->  Seq Scan on movie_companies mc  (cost=0.00..51404.11 rows=1363995 width=4) (actual time=0.028..961.248 rows=1376340 loops=1)
        Filter: (company_id > 11141)
        Rows Removed by Filter: 1232789
  ->  Hash  (cost=67604.59..67604.59 rows=987727 width=4) (actual time=1446.532..1446.532 rows=985048 loops=1)
        Buckets: 131072  Batches: 16  Memory Usage: 3188kB
        ->  Seq Scan on title t  (cost=0.00..67604.59 rows=987727 width=4) (actual time=0.018..1148.546 rows=985048 loops=1)
              Filter: (kind_id < 7)
              Rows Removed by Filter: 1543264
Planning time: 0.723 ms
Execution time: 3776.370 ms
