Hash Join  (cost=102767.86..178855.05 rows=344139 width=0) (actual time=2213.491..3443.274 rows=36025 loops=1)
  Hash Cond: (mc.movie_id = t.id)
  ->  Seq Scan on movie_companies mc  (cost=0.00..57926.93 rows=344139 width=4) (actual time=113.204..941.805 rows=36025 loops=1)
        Filter: ((company_id > 44393) AND (company_type_id = 1))
        Rows Removed by Filter: 2573104
  ->  Hash  (cost=61283.27..61283.27 rows=2528527 width=4) (actual time=2099.025..2099.025 rows=2528312 loops=1)
        Buckets: 131072  Batches: 64  Memory Usage: 2415kB
        ->  Seq Scan on title t  (cost=0.00..61283.27 rows=2528527 width=4) (actual time=0.031..961.812 rows=2528312 loops=1)
Planning time: 0.773 ms
Execution time: 3447.444 ms
