Seq Scan on cast_info ci  (cost=0.00..705507.15 rows=500 width=0) (actual time=2466.762..11074.551 rows=11 loops=1)
  Filter: (person_id = 3078753)
  Rows Removed by Filter: 36244333
Planning time: 0.389 ms
Execution time: 11074.661 ms
