Hash Join  (cost=992998.61..1796801.44 rows=25184819 width=0) (actual time=20596.800..62754.725 rows=111207799 loops=1)
  Hash Cond: (mi.movie_id = t.id)
  ->  Seq Scan on movie_info mi  (cost=0.00..309384.22 rows=14739122 width=4) (actual time=0.013..6383.167 rows=14835720 loops=1)
  ->  Hash  (cost=922115.26..922115.26 rows=4320508 width=8) (actual time=20594.874..20594.874 rows=4323018 loops=1)
        Buckets: 131072  Batches: 64  Memory Usage: 3697kB
        ->  Hash Join  (cost=102767.86..922115.26 rows=4320508 width=8) (actual time=1937.009..19311.263 rows=4323018 loops=1)
              Hash Cond: (ci.movie_id = t.id)
              ->  Seq Scan on cast_info ci  (cost=0.00..705507.15 rows=4320508 width=4) (actual time=0.014..13537.718 rows=4323018 loops=1)
                    Filter: (role_id = 10)
                    Rows Removed by Filter: 31921326
              ->  Hash  (cost=61283.27..61283.27 rows=2528527 width=4) (actual time=1935.531..1935.531 rows=2528312 loops=1)
                    Buckets: 131072  Batches: 64  Memory Usage: 2415kB
                    ->  Seq Scan on title t  (cost=0.00..61283.27 rows=2528527 width=4) (actual time=0.022..1100.841 rows=2528312 loops=1)
Planning time: 1.145 ms
Execution time: 75514.574 ms
