Hash Join  (cost=269593.83..374599.83 rows=1936406 width=0) (actual time=6100.592..12916.057 rows=13784429 loops=1)
  Hash Cond: (mc.movie_id = t.id)
  ->  Seq Scan on movie_companies mc  (cost=0.00..44881.29 rows=2609129 width=4) (actual time=0.013..957.653 rows=2609129 loops=1)
  ->  Hash  (cost=238805.51..238805.51 rows=1876586 width=8) (actual time=6099.298..6099.298 rows=1888503 loops=1)
        Buckets: 131072  Batches: 32  Memory Usage: 3318kB
        ->  Hash Join  (cost=102767.86..238805.51 rows=1876586 width=8) (actual time=1907.431..5603.162 rows=1888503 loops=1)
              Hash Cond: (mk.movie_id = t.id)
              ->  Seq Scan on movie_keyword mk  (cost=0.00..81003.12 rows=1876586 width=4) (actual time=0.025..1624.953 rows=1888503 loops=1)
                    Filter: (keyword_id < 3231)
                    Rows Removed by Filter: 2635427
              ->  Hash  (cost=61283.27..61283.27 rows=2528527 width=4) (actual time=1906.579..1906.579 rows=2528312 loops=1)
                    Buckets: 131072  Batches: 64  Memory Usage: 2425kB
                    ->  Seq Scan on title t  (cost=0.00..61283.27 rows=2528527 width=4) (actual time=0.737..1042.433 rows=2528312 loops=1)
Planning time: 1.028 ms
Execution time: 14537.880 ms
