Hash Join  (cost=101021.35..186391.07 rows=1868 width=0) (actual time=1738.946..3209.852 rows=2124 loops=1)
  Hash Cond: (mk.movie_id = t.id)
  ->  Seq Scan on movie_keyword mk  (cost=0.00..81003.12 rows=1159444 width=4) (actual time=0.023..1323.858 rows=1173285 loops=1)
        Filter: (keyword_id > 15893)
        Rows Removed by Filter: 3350645
  ->  Hash  (cost=100970.43..100970.43 rows=4074 width=8) (actual time=1721.960..1721.960 rows=1344 loops=1)
        Buckets: 4096  Batches: 1  Memory Usage: 85kB
        ->  Hash Join  (cost=74019.21..100970.43 rows=4074 width=8) (actual time=1089.149..1721.249 rows=1344 loops=1)
              Hash Cond: (mi_idx.movie_id = t.id)
              ->  Seq Scan on movie_info_idx mi_idx  (cost=0.00..21735.35 rows=1380035 width=4) (actual time=0.019..351.997 rows=1380035 loops=1)
              ->  Hash  (cost=73925.90..73925.90 rows=7464 width=4) (actual time=1088.653..1088.653 rows=5186 loops=1)
                    Buckets: 8192  Batches: 1  Memory Usage: 247kB
                    ->  Seq Scan on title t  (cost=0.00..73925.90 rows=7464 width=4) (actual time=394.542..1086.514 rows=5186 loops=1)
                          Filter: ((kind_id = 4) AND (production_year = 2012))
                          Rows Removed by Filter: 2523126
Planning time: 7.309 ms
Execution time: 3210.303 ms
