Seq Scan on title t  (cost=0.00..73925.90 rows=5474 width=0) (actual time=0.025..1279.873 rows=11034 loops=1)
  Filter: ((kind_id > 1) AND (production_year = 1983))
  Rows Removed by Filter: 2517278
Planning time: 0.380 ms
Execution time: 1282.415 ms
