Seq Scan on cast_info ci  (cost=0.00..796071.18 rows=309743 width=0) (actual time=12321.671..15057.321 rows=116663 loops=1)
  Filter: ((person_id < 3284849) AND (role_id = 11))
  Rows Removed by Filter: 36127681
Planning time: 0.409 ms
Execution time: 15071.467 ms
