Seq Scan on title t  (cost=0.00..73925.90 rows=457819 width=0) (actual time=0.015..1229.212 rows=344212 loops=1)
  Filter: ((production_year < 1993) AND (kind_id = 7))
  Rows Removed by Filter: 2184100
Planning time: 0.368 ms
Execution time: 1272.795 ms
