Seq Scan on cast_info ci  (cost=0.00..796071.18 rows=324 width=0) (actual time=1047.490..14293.200 rows=1206 loops=1)
  Filter: ((role_id > 1) AND (person_id = 1337665))
  Rows Removed by Filter: 36243138
Planning time: 0.399 ms
Execution time: 14293.517 ms
