Hash Join  (cost=151167.74..1022877.64 rows=460388 width=0) (actual time=3337.334..23458.758 rows=1356477 loops=1)
  Hash Cond: (ci.movie_id = t.id)
  ->  Seq Scan on cast_info ci  (cost=0.00..705507.15 rows=13947698 width=4) (actual time=0.011..13600.327 rows=14130535 loops=1)
        Filter: (person_id > 2252644)
        Rows Removed by Filter: 22113809
  ->  Hash  (cost=149797.47..149797.47 rows=83462 width=8) (actual time=3336.143..3336.143 rows=291148 loops=1)
        Buckets: 131072 (originally 131072)  Batches: 4 (originally 2)  Memory Usage: 3874kB
        ->  Hash Join  (cost=76911.07..149797.47 rows=83462 width=8) (actual time=1334.060..3244.710 rows=291148 loops=1)
              Hash Cond: (mc.movie_id = t.id)
              ->  Seq Scan on movie_companies mc  (cost=0.00..57926.93 rows=1159959 width=4) (actual time=0.379..1202.206 rows=1265771 loops=1)
                    Filter: ((company_id > 160) AND (company_type_id = 2))
                    Rows Removed by Filter: 1343358
              ->  Hash  (cost=73925.90..73925.90 rows=181933 width=4) (actual time=1332.719..1332.719 rows=315809 loops=1)
                    Buckets: 131072  Batches: 4  Memory Usage: 3806kB
                    ->  Seq Scan on title t  (cost=0.00..73925.90 rows=181933 width=4) (actual time=0.027..1225.151 rows=315809 loops=1)
                          Filter: ((kind_id < 3) AND (production_year < 1986))
                          Rows Removed by Filter: 2212503
Planning time: 1.202 ms
Execution time: 23610.537 ms
