Hash Join  (cost=83661.18..1204794.78 rows=8501244 width=0) (actual time=1834.226..33746.525 rows=6327856 loops=1)
  Hash Cond: (ci.movie_id = t.id)
  ->  Seq Scan on cast_info ci  (cost=0.00..614943.12 rows=36225612 width=4) (actual time=0.011..13594.226 rows=36244344 loops=1)
  ->  Hash  (cost=73925.90..73925.90 rows=593382 width=4) (actual time=1833.444..1833.444 rows=486368 loops=1)
        Buckets: 131072  Batches: 8  Memory Usage: 3147kB
        ->  Seq Scan on title t  (cost=0.00..73925.90 rows=593382 width=4) (actual time=0.018..1371.481 rows=486368 loops=1)
              Filter: ((production_year < 1999) AND (kind_id = 7))
              Rows Removed by Filter: 2041944
Planning time: 0.521 ms
Execution time: 34443.594 ms
