Hash Join  (cost=434100.89..1421998.93 rows=1069879 width=0) (actual time=8062.336..34657.935 rows=5092385 loops=1)
  Hash Cond: (ci.movie_id = t.id)
  ->  Seq Scan on cast_info ci  (cost=0.00..614943.12 rows=36225612 width=4) (actual time=0.021..9344.237 rows=36244344 loops=1)
  ->  Hash  (cost=433167.42..433167.42 rows=74677 width=8) (actual time=8061.519..8061.519 rows=115135 loops=1)
        Buckets: 131072 (originally 131072)  Batches: 2 (originally 1)  Memory Usage: 3305kB
        ->  Hash Join  (cost=67764.72..433167.42 rows=74677 width=8) (actual time=939.066..8009.029 rows=115135 loops=1)
              Hash Cond: (mi.movie_id = t.id)
              ->  Seq Scan on movie_info mi  (cost=0.00..309384.22 rows=14739122 width=4) (actual time=0.023..3862.517 rows=14835720 loops=1)
              ->  Hash  (cost=67604.59..67604.59 rows=12811 width=4) (actual time=936.392..936.392 rows=12600 loops=1)
                    Buckets: 16384  Batches: 1  Memory Usage: 571kB
                    ->  Seq Scan on title t  (cost=0.00..67604.59 rows=12811 width=4) (actual time=103.355..930.905 rows=12600 loops=1)
                          Filter: (kind_id = 6)
                          Rows Removed by Filter: 2515712
Planning time: 1.186 ms
Execution time: 35284.050 ms
