Seq Scan on movie_keyword mk  (cost=0.00..81003.12 rows=3200757 width=0) (actual time=0.014..1572.913 rows=3185710 loops=1)
  Filter: (keyword_id < 12836)
  Rows Removed by Filter: 1338220
Planning time: 0.230 ms
Execution time: 1985.884 ms
