Seq Scan on movie_companies mc  (cost=0.00..57926.93 rows=1159959 width=0) (actual time=381.982..1045.853 rows=1265771 loops=1)
  Filter: ((company_id > 160) AND (company_type_id = 2))
  Rows Removed by Filter: 1343358
Planning time: 0.420 ms
Execution time: 1192.807 ms
