Hash Join  (cost=102767.86..301975.54 rows=4501819 width=0) (actual time=1931.985..7279.508 rows=4505239 loops=1)
  Hash Cond: (mk.movie_id = t.id)
  ->  Seq Scan on movie_keyword mk  (cost=0.00..81003.12 rows=4501819 width=4) (actual time=0.017..1866.435 rows=4505239 loops=1)
        Filter: (keyword_id < 118283)
        Rows Removed by Filter: 18691
  ->  Hash  (cost=61283.27..61283.27 rows=2528527 width=4) (actual time=1929.134..1929.134 rows=2528312 loops=1)
        Buckets: 131072  Batches: 64  Memory Usage: 2425kB
        ->  Seq Scan on title t  (cost=0.00..61283.27 rows=2528527 width=4) (actual time=0.014..1076.193 rows=2528312 loops=1)
Planning time: 0.787 ms
Execution time: 7758.827 ms
