Seq Scan on title t  (cost=0.00..67604.59 rows=7437 width=0) (actual time=0.030..1061.936 rows=14284 loops=1)
  Filter: (production_year = 1973)
  Rows Removed by Filter: 2514028
Planning time: 0.421 ms
Execution time: 1064.969 ms
