Hash Join  (cost=102767.86..1091969.67 rows=11379364 width=0) (actual time=1994.233..23975.519 rows=11296498 loops=1)
  Hash Cond: (ci.movie_id = t.id)
  ->  Seq Scan on cast_info ci  (cost=0.00..705507.15 rows=11379364 width=4) (actual time=0.565..12884.983 rows=11296498 loops=1)
        Filter: (person_id < 1109164)
        Rows Removed by Filter: 24947846
  ->  Hash  (cost=61283.27..61283.27 rows=2528527 width=4) (actual time=1947.800..1947.800 rows=2528312 loops=1)
        Buckets: 131072  Batches: 64  Memory Usage: 2415kB
        ->  Seq Scan on title t  (cost=0.00..61283.27 rows=2528527 width=4) (actual time=0.011..1102.320 rows=2528312 loops=1)
Planning time: 0.757 ms
Execution time: 25215.297 ms
