Hash Join  (cost=93362.60..142149.00 rows=646591 width=0) (actual time=1846.485..3277.399 rows=416715 loops=1)
  Hash Cond: (mi_idx.movie_id = t.id)
  ->  Seq Scan on movie_info_idx mi_idx  (cost=0.00..21735.35 rows=1380035 width=4) (actual time=0.011..474.486 rows=1380035 loops=1)
  ->  Hash  (cost=73925.90..73925.90 rows=1184696 width=4) (actual time=1845.250..1845.250 rows=1143935 loops=1)
        Buckets: 131072  Batches: 16  Memory Usage: 3541kB
        ->  Seq Scan on title t  (cost=0.00..73925.90 rows=1184696 width=4) (actual time=0.019..1477.202 rows=1143935 loops=1)
              Filter: ((kind_id > 3) AND (production_year < 2009))
              Rows Removed by Filter: 1384377
Planning time: 0.729 ms
Execution time: 3328.366 ms
