Seq Scan on title t  (cost=0.00..73925.90 rows=4906 width=0) (actual time=0.070..1153.097 rows=14894 loops=1)
  Filter: ((kind_id > 3) AND (production_year = 1990))
  Rows Removed by Filter: 2513418
Planning time: 0.384 ms
Execution time: 1156.415 ms
