Hash Join  (cost=520669.65..1480360.43 rows=8131233 width=0) (actual time=13294.250..39926.204 rows=39765177 loops=1)
  Hash Cond: (ci.movie_id = t.id)
  ->  Seq Scan on cast_info ci  (cost=0.00..705507.15 rows=13010456 width=4) (actual time=2976.758..13326.886 rows=13146296 loops=1)
        Filter: (person_id > 2361434)
        Rows Removed by Filter: 23098048
  ->  Hash  (cost=494743.26..494743.26 rows=1580271 width=8) (actual time=10315.865..10315.865 rows=1527068 loops=1)
        Buckets: 131072  Batches: 32  Memory Usage: 2792kB
        ->  Hash Join  (cost=97476.44..494743.26 rows=1580271 width=8) (actual time=2246.515..9911.601 rows=1527068 loops=1)
              Hash Cond: (mi.movie_id = t.id)
              ->  Seq Scan on movie_info mi  (cost=0.00..346232.03 rows=2194617 width=4) (actual time=0.033..5825.618 rows=2233850 loops=1)
                    Filter: (info_type_id > 16)
                    Rows Removed by Filter: 12601870
              ->  Hash  (cost=67604.59..67604.59 rows=1820708 width=4) (actual time=2245.364..2245.364 rows=1813245 loops=1)
                    Buckets: 131072  Batches: 32  Memory Usage: 3030kB
                    ->  Seq Scan on title t  (cost=0.00..67604.59 rows=1820708 width=4) (actual time=0.021..1380.537 rows=1813245 loops=1)
                          Filter: (production_year > 1987)
                          Rows Removed by Filter: 715067
Planning time: 1.921 ms
Execution time: 44255.756 ms
