Seq Scan on movie_companies mc  (cost=0.00..51404.11 rows=875204 width=0) (actual time=62.731..857.994 rows=882034 loops=1)
  Filter: (company_id > 22724)
  Rows Removed by Filter: 1727095
Planning time: 0.327 ms
Execution time: 965.747 ms
