Hash Join  (cost=215146.29..361156.63 rows=1970530 width=0) (actual time=5039.495..14749.519 rows=26443187 loops=1)
  Hash Cond: (mk.movie_id = t.id)
  ->  Seq Scan on movie_keyword mk  (cost=0.00..69693.30 rows=4523930 width=4) (actual time=0.022..1445.538 rows=4523930 loops=1)
  ->  Hash  (cost=197076.12..197076.12 rows=1101374 width=8) (actual time=5038.596..5038.596 rows=1274246 loops=1)
        Buckets: 131072 (originally 131072)  Batches: 32 (originally 16)  Memory Usage: 3073kB
        ->  Hash Join  (cost=102767.86..197076.12 rows=1101374 width=8) (actual time=1864.473..4634.707 rows=1274246 loops=1)
              Hash Cond: (mc.movie_id = t.id)
              ->  Seq Scan on movie_companies mc  (cost=0.00..57926.93 rows=1101374 width=4) (actual time=0.018..1232.897 rows=1274246 loops=1)
                    Filter: ((company_id < 86020) AND (company_type_id < 2))
                    Rows Removed by Filter: 1334883
              ->  Hash  (cost=61283.27..61283.27 rows=2528527 width=4) (actual time=1863.347..1863.347 rows=2528312 loops=1)
                    Buckets: 131072  Batches: 64  Memory Usage: 2415kB
                    ->  Seq Scan on title t  (cost=0.00..61283.27 rows=2528527 width=4) (actual time=0.015..1030.140 rows=2528312 loops=1)
Planning time: 1.136 ms
Execution time: 17814.423 ms
