Seq Scan on movie_keyword mk  (cost=0.00..81003.12 rows=1940664 width=0) (actual time=0.022..1353.887 rows=1949168 loops=1)
  Filter: (keyword_id > 6638)
  Rows Removed by Filter: 2574762
Planning time: 1.394 ms
Execution time: 1582.223 ms
