Hash Join  (cost=83810.17..229947.87 rows=1547341 width=0) (actual time=1466.902..6323.392 rows=3392576 loops=1)
  Hash Cond: (mk.movie_id = t.id)
  ->  Seq Scan on movie_keyword mk  (cost=0.00..81003.12 rows=3961109 width=4) (actual time=0.023..1736.507 rows=3963896 loops=1)
        Filter: (keyword_id < 32853)
        Rows Removed by Filter: 560034
  ->  Hash  (cost=67604.59..67604.59 rows=987727 width=4) (actual time=1466.090..1466.090 rows=985048 loops=1)
        Buckets: 131072  Batches: 16  Memory Usage: 3197kB
        ->  Seq Scan on title t  (cost=0.00..67604.59 rows=987727 width=4) (actual time=0.028..1160.374 rows=985048 loops=1)
              Filter: (kind_id < 7)
              Rows Removed by Filter: 1543264
Planning time: 0.717 ms
Execution time: 6724.028 ms
