Seq Scan on cast_info ci  (cost=0.00..796071.18 rows=324 width=42) (actual time=3894.503..16934.917 rows=161 loops=1)
  Filter: ((role_id > 1) AND (person_id = 2435219))
  Rows Removed by Filter: 36244183
Planning time: 2.286 ms
Execution time: 16935.022 ms
