Seq Scan on movie_companies mc  (cost=0.00..57926.93 rows=6014 width=0) (actual time=0.095..920.760 rows=6008 loops=1)
  Filter: ((company_type_id < 2) AND (company_id = 846))
  Rows Removed by Filter: 2603121
Planning time: 3.896 ms
Execution time: 921.981 ms
