Hash Join  (cost=83074.74..833899.15 rows=3524 width=0) (actual time=1355.676..17670.780 rows=56280 loops=1)
  Hash Cond: (ci.movie_id = t.id)
  ->  Seq Scan on cast_info ci  (cost=0.00..614943.12 rows=36225612 width=4) (actual time=0.016..8879.262 rows=36244344 loops=1)
  ->  Hash  (cost=83071.67..83071.67 rows=246 width=8) (actual time=1355.297..1355.297 rows=785 loops=1)
        Buckets: 1024  Batches: 1  Memory Usage: 39kB
        ->  Nested Loop  (cost=0.43..83071.67 rows=246 width=8) (actual time=0.220..1354.670 rows=785 loops=1)
              ->  Seq Scan on movie_keyword mk  (cost=0.00..81003.12 rows=246 width=4) (actual time=0.150..1319.259 rows=785 loops=1)
                    Filter: (keyword_id = 1126)
                    Rows Removed by Filter: 4523145
              ->  Index Only Scan using title_pkey on title t  (cost=0.43..8.40 rows=1 width=4) (actual time=0.043..0.043 rows=1 loops=785)
                    Index Cond: (id = mk.movie_id)
                    Heap Fetches: 785
Planning time: 1.220 ms
Execution time: 17684.067 ms
