Nested Loop  (cost=0.43..83072.90 rows=32 width=0) (actual time=0.478..1345.069 rows=226 loops=1)
  ->  Seq Scan on movie_keyword mk  (cost=0.00..81003.12 rows=246 width=4) (actual time=0.425..1316.676 rows=555 loops=1)
        Filter: (keyword_id = 5150)
        Rows Removed by Filter: 4523375
  ->  Index Scan using title_pkey on title t  (cost=0.43..8.40 rows=1 width=4) (actual time=0.049..0.049 rows=0 loops=555)
        Index Cond: (id = mk.movie_id)
        Filter: ((kind_id < 2) AND (production_year < 2004))
        Rows Removed by Filter: 1
Planning time: 0.750 ms
Execution time: 1345.306 ms
