Hash Join  (cost=89047.09..453782.33 rows=357160 width=0) (actual time=1616.945..7607.688 rows=862624 loops=1)
  Hash Cond: (mi.movie_id = t.id)
  ->  Seq Scan on movie_info mi  (cost=0.00..346232.03 rows=979897 width=4) (actual time=110.723..5187.768 rows=1033261 loops=1)
        Filter: (info_type_id > 81)
        Rows Removed by Filter: 13802459
  ->  Hash  (cost=73925.90..73925.90 rows=921615 width=4) (actual time=1500.340..1500.340 rows=876587 loops=1)
        Buckets: 131072  Batches: 16  Memory Usage: 2960kB
        ->  Seq Scan on title t  (cost=0.00..73925.90 rows=921615 width=4) (actual time=0.042..1222.419 rows=876587 loops=1)
              Filter: ((kind_id < 7) AND (production_year > 1924))
              Rows Removed by Filter: 1651725
Planning time: 0.793 ms
Execution time: 7712.889 ms
