Hash Join  (cost=191883.27..236016.30 rows=375355 width=0) (actual time=4318.865..5732.180 rows=1081059 loops=1)
  Hash Cond: (mi_idx.movie_id = t.id)
  ->  Seq Scan on movie_info_idx mi_idx  (cost=0.00..21735.35 rows=1380035 width=4) (actual time=0.017..400.340 rows=1380035 loops=1)
  ->  Hash  (cost=180599.62..180599.62 rows=687732 width=8) (actual time=4318.036..4318.036 rows=680643 loops=1)
        Buckets: 131072  Batches: 16  Memory Usage: 2685kB
        ->  Hash Join  (cost=102767.86..180599.62 rows=687732 width=8) (actual time=1998.224..4105.486 rows=680643 loops=1)
              Hash Cond: (mc.movie_id = t.id)
              ->  Seq Scan on movie_companies mc  (cost=0.00..51404.11 rows=687732 width=4) (actual time=0.380..1073.829 rows=680643 loops=1)
                    Filter: (company_id < 1152)
                    Rows Removed by Filter: 1928486
              ->  Hash  (cost=61283.27..61283.27 rows=2528527 width=4) (actual time=1996.551..1996.551 rows=2528312 loops=1)
                    Buckets: 131072  Batches: 64  Memory Usage: 2415kB
                    ->  Seq Scan on title t  (cost=0.00..61283.27 rows=2528527 width=4) (actual time=0.006..1102.243 rows=2528312 loops=1)
Planning time: 3.317 ms
Execution time: 5858.998 ms
