Hash Join  (cost=130573.23..941965.62 rows=61705 width=0) (actual time=2241.040..20408.163 rows=210830 loops=1)
  Hash Cond: (ci.movie_id = t.id)
  ->  Seq Scan on cast_info ci  (cost=0.00..705507.15 rows=28071518 width=4) (actual time=0.025..12183.699 rows=28224764 loops=1)
        Filter: (person_id > 784465)
        Rows Removed by Filter: 8019580
  ->  Hash  (cost=130503.76..130503.76 rows=5558 width=8) (actual time=2240.933..2240.933 rows=9642 loops=1)
        Buckets: 16384 (originally 8192)  Batches: 1 (originally 1)  Memory Usage: 505kB
        ->  Hash Join  (cost=74058.02..130503.76 rows=5558 width=8) (actual time=1372.503..2236.573 rows=9642 loops=1)
              Hash Cond: (mc.movie_id = t.id)
              ->  Seq Scan on movie_companies mc  (cost=0.00..51404.11 rows=1329612 width=4) (actual time=316.322..933.703 rows=1334883 loops=1)
                    Filter: (company_type_id > 1)
                    Rows Removed by Filter: 1274246
              ->  Hash  (cost=73925.90..73925.90 rows=10569 width=4) (actual time=1055.861..1055.861 rows=10528 loops=1)
                    Buckets: 16384  Batches: 1  Memory Usage: 499kB
                    ->  Seq Scan on title t  (cost=0.00..73925.90 rows=10569 width=4) (actual time=0.238..1051.140 rows=10528 loops=1)
                          Filter: ((kind_id < 7) AND (production_year = 1993))
                          Rows Removed by Filter: 2517784
Planning time: 1.313 ms
Execution time: 20442.152 ms
