Seq Scan on movie_companies mc  (cost=0.00..51404.11 rows=2153593 width=0) (actual time=0.030..956.317 rows=2150097 loops=1)
  Filter: (company_id < 76674)
  Rows Removed by Filter: 459032
Planning time: 0.330 ms
Execution time: 1233.903 ms
