Seq Scan on cast_info ci  (cost=0.00..796071.18 rows=224 width=0) (actual time=820.603..13311.727 rows=241 loops=1)
  Filter: ((role_id > 2) AND (person_id = 2888001))
  Rows Removed by Filter: 36244103
Planning time: 0.426 ms
Execution time: 13311.891 ms
