Hash Join  (cost=67697.55..432786.99 rows=43351 width=0) (actual time=1104.485..7628.308 rows=38080 loops=1)
  Hash Cond: (mi.movie_id = t.id)
  ->  Seq Scan on movie_info mi  (cost=0.00..309384.22 rows=14739122 width=4) (actual time=0.009..3719.195 rows=14835720 loops=1)
  ->  Hash  (cost=67604.59..67604.59 rows=7437 width=4) (actual time=1103.933..1103.933 rows=2730 loops=1)
        Buckets: 8192  Batches: 1  Memory Usage: 160kB
        ->  Seq Scan on title t  (cost=0.00..67604.59 rows=7437 width=4) (actual time=0.107..1102.522 rows=2730 loops=1)
              Filter: (production_year = 1938)
              Rows Removed by Filter: 2525582
Planning time: 0.827 ms
Execution time: 7635.260 ms
