Nested Loop  (cost=0.43..58375.18 rows=53 width=0) (actual time=307.249..804.311 rows=6 loops=1)
  ->  Seq Scan on movie_companies mc  (cost=0.00..57926.93 rows=53 width=4) (actual time=307.154..803.948 rows=6 loops=1)
        Filter: ((company_id = 1283) AND (company_type_id = 2))
        Rows Removed by Filter: 2609123
  ->  Index Only Scan using title_pkey on title t  (cost=0.43..8.45 rows=1 width=4) (actual time=0.052..0.053 rows=1 loops=6)
        Index Cond: (id = mc.movie_id)
        Heap Fetches: 6
Planning time: 0.774 ms
Execution time: 804.383 ms
