Nested Loop  (cost=0.43..83072.29 rows=131 width=0) (actual time=0.247..1365.671 rows=242 loops=1)
  ->  Seq Scan on movie_keyword mk  (cost=0.00..81003.12 rows=246 width=4) (actual time=0.207..1350.831 rows=301 loops=1)
        Filter: (keyword_id = 6120)
        Rows Removed by Filter: 4523629
  ->  Index Scan using title_pkey on title t  (cost=0.43..8.40 rows=1 width=4) (actual time=0.046..0.047 rows=1 loops=301)
        Index Cond: (id = mk.movie_id)
        Filter: (production_year < 2005)
        Rows Removed by Filter: 0
Planning time: 1.221 ms
Execution time: 1365.936 ms
