Seq Scan on movie_companies mc  (cost=0.00..51404.11 rows=1979845 width=0) (actual time=0.044..996.399 rows=1975811 loops=1)
  Filter: (company_id < 58794)
  Rows Removed by Filter: 633318
Planning time: 0.331 ms
Execution time: 1245.916 ms
