Hash Join  (cost=128080.93..255723.25 rows=462928 width=0) (actual time=2982.996..8132.815 rows=6696776 loops=1)
  Hash Cond: (mk.movie_id = t.id)
  ->  Seq Scan on movie_keyword mk  (cost=0.00..69693.30 rows=4523930 width=4) (actual time=0.023..1488.514 rows=4523930 loops=1)
  ->  Hash  (cost=123835.67..123835.67 rows=258741 width=8) (actual time=2982.104..2982.104 rows=524885 loops=1)
        Buckets: 131072 (originally 131072)  Batches: 8 (originally 4)  Memory Usage: 3613kB
        ->  Hash Join  (cost=81703.78..123835.67 rows=258741 width=8) (actual time=1588.422..2822.030 rows=524885 loops=1)
              Hash Cond: (mi_idx.movie_id = t.id)
              ->  Seq Scan on movie_info_idx mi_idx  (cost=0.00..21735.35 rows=1380035 width=4) (actual time=0.011..428.813 rows=1380035 loops=1)
              ->  Hash  (cost=73925.90..73925.90 rows=474070 width=4) (actual time=1555.320..1555.320 rows=496025 loops=1)
                    Buckets: 131072  Batches: 8  Memory Usage: 3214kB
                    ->  Seq Scan on title t  (cost=0.00..73925.90 rows=474070 width=4) (actual time=0.011..1398.712 rows=496025 loops=1)
                          Filter: ((production_year < 2009) AND (kind_id = 1))
                          Rows Removed by Filter: 2032287
Planning time: 4.000 ms
Execution time: 8903.980 ms
