Hash Join  (cost=196839.60..1197968.42 rows=537634 width=0) (actual time=3728.792..26757.515 rows=1040733 loops=1)
  Hash Cond: (ci.movie_id = t.id)
  ->  Seq Scan on cast_info ci  (cost=0.00..796071.18 rows=17243011 width=4) (actual time=0.019..17444.061 rows=13962658 loops=1)
        Filter: ((person_id < 2746324) AND (role_id > 1))
        Rows Removed by Filter: 22281686
  ->  Hash  (cost=195546.12..195546.12 rows=78839 width=8) (actual time=3727.961..3727.961 rows=81533 loops=1)
        Buckets: 131072  Batches: 2  Memory Usage: 2636kB
        ->  Hash Join  (cost=102767.86..195546.12 rows=78839 width=8) (actual time=2057.854..3702.239 rows=81533 loops=1)
              Hash Cond: (mk.movie_id = t.id)
              ->  Seq Scan on movie_keyword mk  (cost=0.00..81003.12 rows=78839 width=4) (actual time=0.035..1179.652 rows=81533 loops=1)
                    Filter: (keyword_id < 71)
                    Rows Removed by Filter: 4442397
              ->  Hash  (cost=61283.27..61283.27 rows=2528527 width=4) (actual time=2056.822..2056.822 rows=2528312 loops=1)
                    Buckets: 131072  Batches: 64  Memory Usage: 2425kB
                    ->  Seq Scan on title t  (cost=0.00..61283.27 rows=2528527 width=4) (actual time=0.019..1176.699 rows=2528312 loops=1)
Planning time: 1.222 ms
Execution time: 26899.858 ms
