Seq Scan on cast_info ci  (cost=0.00..796071.18 rows=19132719 width=0) (actual time=0.009..16915.185 rows=16760594 loops=1)
  Filter: ((person_id < 2981039) AND (role_id > 1))
  Rows Removed by Filter: 19483750
Planning time: 0.317 ms
Execution time: 19018.599 ms
