Hash Join  (cost=128695.20..216729.71 rows=2216 width=0) (actual time=2153.914..4000.491 rows=85492 loops=1)
  Hash Cond: (mk.movie_id = t.id)
  ->  Seq Scan on movie_keyword mk  (cost=0.00..81003.12 rows=1869127 width=4) (actual time=0.024..1504.807 rows=1877903 loops=1)
        Filter: (keyword_id < 3199)
        Rows Removed by Filter: 2646027
  ->  Hash  (cost=128657.72..128657.72 rows=2998 width=8) (actual time=2153.134..2153.134 rows=12010 loops=1)
        Buckets: 16384 (originally 4096)  Batches: 1 (originally 1)  Memory Usage: 598kB
        ->  Hash Join  (cost=73962.22..128657.72 rows=2998 width=8) (actual time=963.152..2147.748 rows=12010 loops=1)
              Hash Cond: (mc.movie_id = t.id)
              ->  Seq Scan on movie_companies mc  (cost=0.00..44881.29 rows=2609129 width=4) (actual time=0.022..633.218 rows=2609129 loops=1)
              ->  Hash  (cost=73925.90..73925.90 rows=2905 width=4) (actual time=962.552..962.552 rows=6330 loops=1)
                    Buckets: 8192 (originally 4096)  Batches: 1 (originally 1)  Memory Usage: 287kB
                    ->  Seq Scan on title t  (cost=0.00..73925.90 rows=2905 width=4) (actual time=0.015..959.541 rows=6330 loops=1)
                          Filter: ((kind_id < 7) AND (production_year = 1978))
                          Rows Removed by Filter: 2521982
Planning time: 1.136 ms
Execution time: 4011.094 ms
