Hash Join  (cost=91235.85..534384.80 rows=2460634 width=0) (actual time=2432.260..12012.191 rows=1304701 loops=1)
  Hash Cond: (mi.movie_id = t.id)
  ->  Seq Scan on movie_info mi  (cost=0.00..346232.03 rows=5897221 width=4) (actual time=228.077..6422.683 rows=5884963 loops=1)
        Filter: (info_type_id < 7)
        Rows Removed by Filter: 8950757
  ->  Hash  (cost=73925.90..73925.90 rows=1055036 width=4) (actual time=2202.938..2202.938 rows=1152351 loops=1)
        Buckets: 131072  Batches: 16  Memory Usage: 3567kB
        ->  Seq Scan on title t  (cost=0.00..73925.90 rows=1055036 width=4) (actual time=0.031..1569.549 rows=1152351 loops=1)
              Filter: ((kind_id > 1) AND (production_year > 1999))
              Rows Removed by Filter: 1375961
Planning time: 1.806 ms
Execution time: 12156.025 ms
