Hash Join  (cost=134246.49..233062.32 rows=138790 width=0) (actual time=3020.298..5186.228 rows=430388 loops=1)
  Hash Cond: (mk.movie_id = t.id)
  ->  Seq Scan on movie_keyword mk  (cost=0.00..81003.12 rows=1331414 width=4) (actual time=0.024..1499.069 rows=1349974 loops=1)
        Filter: (keyword_id < 1756)
        Rows Removed by Filter: 3173956
  ->  Hash  (cost=129921.74..129921.74 rows=263580 width=8) (actual time=3019.329..3019.329 rows=232907 loops=1)
        Buckets: 131072  Batches: 4  Memory Usage: 3303kB
        ->  Hash Join  (cost=91123.00..129921.74 rows=263580 width=8) (actual time=1740.856..2952.508 rows=232907 loops=1)
              Hash Cond: (mi_idx.movie_id = t.id)
              ->  Seq Scan on movie_info_idx mi_idx  (cost=0.00..25185.44 rows=464934 width=4) (actual time=0.017..457.219 rows=460185 loops=1)
                    Filter: (info_type_id > 100)
                    Rows Removed by Filter: 919850
              ->  Hash  (cost=67604.59..67604.59 rows=1433473 width=4) (actual time=1739.270..1739.270 rows=1434466 loops=1)
                    Buckets: 131072  Batches: 32  Memory Usage: 2600kB
                    ->  Seq Scan on title t  (cost=0.00..67604.59 rows=1433473 width=4) (actual time=0.014..1281.211 rows=1434466 loops=1)
                          Filter: (production_year > 1999)
                          Rows Removed by Filter: 1093846
Planning time: 1.143 ms
Execution time: 5235.699 ms
