Hash Join  (cost=97066.09..266294.02 rows=2896043 width=0) (actual time=1968.797..6907.069 rows=3450656 loops=1)
  Hash Cond: (mk.movie_id = t.id)
  ->  Seq Scan on movie_keyword mk  (cost=0.00..81003.12 rows=4077875 width=4) (actual time=0.023..1921.345 rows=4079396 loops=1)
        Filter: (keyword_id < 39833)
        Rows Removed by Filter: 444534
  ->  Hash  (cost=67604.59..67604.59 rows=1795720 width=4) (actual time=1967.833..1967.833 rows=1794153 loops=1)
        Buckets: 131072  Batches: 32  Memory Usage: 3001kB
        ->  Seq Scan on title t  (cost=0.00..67604.59 rows=1795720 width=4) (actual time=0.019..1380.541 rows=1794153 loops=1)
              Filter: (production_year < 2009)
              Rows Removed by Filter: 734159
Planning time: 2.998 ms
Execution time: 7304.862 ms
