Hash Join  (cost=153752.77..1053632.51 rows=663871 width=0) (actual time=3826.655..24425.420 rows=1169515 loops=1)
  Hash Cond: (ci.movie_id = t.id)
  ->  Seq Scan on cast_info ci  (cost=0.00..705507.15 rows=16201301 width=4) (actual time=809.461..15618.256 rows=16121683 loops=1)
        Filter: (role_id > 2)
        Rows Removed by Filter: 20122661
  ->  Hash  (cost=152052.64..152052.64 rows=103610 width=8) (actual time=3016.358..3016.358 rows=45572 loops=1)
        Buckets: 131072  Batches: 2  Memory Usage: 1911kB
        ->  Hash Join  (cost=75574.02..152052.64 rows=103610 width=8) (actual time=1224.550..3002.394 rows=45572 loops=1)
              Hash Cond: (mc.movie_id = t.id)
              ->  Seq Scan on movie_companies mc  (cost=0.00..44881.29 rows=2609129 width=4) (actual time=0.025..949.705 rows=2609129 loops=1)
              ->  Hash  (cost=73925.90..73925.90 rows=100409 width=4) (actual time=1193.306..1193.306 rows=110402 loops=1)
                    Buckets: 131072  Batches: 2  Memory Usage: 2964kB
                    ->  Seq Scan on title t  (cost=0.00..73925.90 rows=100409 width=4) (actual time=0.026..1150.849 rows=110402 loops=1)
                          Filter: ((kind_id = 7) AND (production_year = 2012))
                          Rows Removed by Filter: 2417910
Planning time: 0.788 ms
Execution time: 24566.297 ms
