Hash Join  (cost=160737.19..1017575.09 rows=24880 width=0) (actual time=8707.916..21364.644 rows=537729 loops=1)
  Hash Cond: (ci.movie_id = t.id)
  ->  Seq Scan on cast_info ci  (cost=0.00..796071.18 rows=12103590 width=4) (actual time=6109.361..16363.945 rows=12670688 loops=1)
        Filter: ((person_id < 3704004) AND (role_id = 1))
        Rows Removed by Filter: 23573656
  ->  Hash  (cost=160672.23..160672.23 rows=5197 width=8) (actual time=2597.639..2597.639 rows=31540 loops=1)
        Buckets: 32768 (originally 8192)  Batches: 1 (originally 1)  Memory Usage: 1489kB
        ->  Hash Join  (cost=73962.22..160672.23 rows=5197 width=8) (actual time=1043.149..2582.314 rows=31540 loops=1)
              Hash Cond: (mk.movie_id = t.id)
              ->  Seq Scan on movie_keyword mk  (cost=0.00..69693.30 rows=4523930 width=4) (actual time=0.024..819.311 rows=4523930 loops=1)
              ->  Hash  (cost=73925.90..73925.90 rows=2905 width=4) (actual time=1042.474..1042.474 rows=5878 loops=1)
                    Buckets: 8192 (originally 4096)  Batches: 1 (originally 1)  Memory Usage: 271kB
                    ->  Seq Scan on title t  (cost=0.00..73925.90 rows=2905 width=4) (actual time=0.590..1039.282 rows=5878 loops=1)
                          Filter: ((kind_id < 7) AND (production_year = 1973))
                          Rows Removed by Filter: 2522434
Planning time: 4.544 ms
Execution time: 21430.442 ms
