Seq Scan on movie_keyword mk  (cost=0.00..81003.12 rows=1394644 width=0) (actual time=0.025..1558.617 rows=1408733 loops=1)
  Filter: (keyword_id > 11866)
  Rows Removed by Filter: 3115197
Planning time: 0.349 ms
Execution time: 1736.465 ms
