Seq Scan on cast_info ci  (cost=0.00..705507.15 rows=500 width=0) (actual time=1717.038..10904.661 rows=1255 loops=1)
  Filter: (person_id = 2783909)
  Rows Removed by Filter: 36243089
Planning time: 0.332 ms
Execution time: 10904.893 ms
