Hash Join  (cost=142270.23..280580.74 rows=549676 width=0) (actual time=3126.109..7315.537 rows=1928365 loops=1)
  Hash Cond: (mk.movie_id = t.id)
  ->  Seq Scan on movie_keyword mk  (cost=0.00..81003.12 rows=4373499 width=4) (actual time=0.022..1907.356 rows=4360169 loops=1)
        Filter: (keyword_id > 117)
        Rows Removed by Filter: 163761
  ->  Hash  (cost=137055.81..137055.81 rows=317794 width=8) (actual time=3125.260..3125.260 rows=297781 loops=1)
        Buckets: 131072  Batches: 8  Memory Usage: 2489kB
        ->  Hash Join  (cost=95982.60..137055.81 rows=317794 width=8) (actual time=1850.738..3032.959 rows=297781 loops=1)
              Hash Cond: (mi_idx.movie_id = t.id)
              ->  Seq Scan on movie_info_idx mi_idx  (cost=0.00..25185.44 rows=464566 width=4) (actual time=0.015..527.746 rows=459925 loops=1)
                    Filter: (info_type_id = 101)
                    Rows Removed by Filter: 920110
              ->  Hash  (cost=67604.59..67604.59 rows=1729681 width=4) (actual time=1849.613..1849.613 rows=1725233 loops=1)
                    Buckets: 131072  Batches: 32  Memory Usage: 2923kB
                    ->  Seq Scan on title t  (cost=0.00..67604.59 rows=1729681 width=4) (actual time=0.025..1293.486 rows=1725233 loops=1)
                          Filter: (production_year > 1991)
                          Rows Removed by Filter: 803079
Planning time: 1.644 ms
Execution time: 7548.837 ms
