Hash Join  (cost=235636.19..1225994.40 rows=4660434 width=0) (actual time=7994.498..40051.309 rows=46293376 loops=1)
  Hash Cond: (ci.movie_id = t.id)
  ->  Seq Scan on cast_info ci  (cost=0.00..796071.18 rows=11205738 width=4) (actual time=1652.793..16581.440 rows=9642286 loops=1)
        Filter: ((person_id > 403743) AND (role_id = 1))
        Rows Removed by Filter: 26602058
  ->  Hash  (cost=218383.10..218383.10 rows=1051607 width=8) (actual time=6339.344..6339.344 rows=2791946 loops=1)
        Buckets: 131072 (originally 131072)  Batches: 64 (originally 16)  Memory Usage: 3073kB
        ->  Hash Join  (cost=83568.99..218383.10 rows=1051607 width=8) (actual time=1480.937..5526.935 rows=2791946 loops=1)
              Hash Cond: (mk.movie_id = t.id)
              ->  Seq Scan on movie_keyword mk  (cost=0.00..69693.30 rows=4523930 width=4) (actual time=0.027..1407.372 rows=4523930 loops=1)
              ->  Hash  (cost=73925.90..73925.90 rows=587767 width=4) (actual time=1479.979..1479.979 rows=594730 loops=1)
                    Buckets: 131072  Batches: 8  Memory Usage: 3657kB
                    ->  Seq Scan on title t  (cost=0.00..73925.90 rows=587767 width=4) (actual time=20.211..1285.565 rows=594730 loops=1)
                          Filter: ((production_year < 2012) AND (kind_id = 1))
                          Rows Removed by Filter: 1933582
Planning time: 0.809 ms
Execution time: 45603.555 ms
