Hash Join  (cost=458600.03..1395236.73 rows=345004 width=0) (actual time=9783.831..31622.698 rows=1138237 loops=1)
  Hash Cond: (ci.movie_id = t.id)
  ->  Seq Scan on cast_info ci  (cost=0.00..796071.18 rows=8929531 width=4) (actual time=0.018..16218.490 rows=12670688 loops=1)
        Filter: ((person_id < 2625779) AND (role_id = 1))
        Rows Removed by Filter: 23573656
  ->  Hash  (cost=456996.86..456996.86 rows=97693 width=8) (actual time=9781.477..9781.477 rows=163993 loops=1)
        Buckets: 131072 (originally 131072)  Batches: 4 (originally 2)  Memory Usage: 3073kB
        ->  Hash Join  (cost=74251.74..456996.86 rows=97693 width=8) (actual time=1805.068..9706.790 rows=163993 loops=1)
              Hash Cond: (mi.movie_id = t.id)
              ->  Seq Scan on movie_info mi  (cost=0.00..346232.03 rows=9476311 width=4) (actual time=638.960..6417.223 rows=9565151 loops=1)
                    Filter: (info_type_id < 16)
                    Rows Removed by Filter: 5270569
              ->  Hash  (cost=73925.90..73925.90 rows=26067 width=4) (actual time=1162.511..1162.511 rows=27085 loops=1)
                    Buckets: 32768  Batches: 1  Memory Usage: 1209kB
                    ->  Seq Scan on title t  (cost=0.00..73925.90 rows=26067 width=4) (actual time=0.059..1151.529 rows=27085 loops=1)
                          Filter: ((kind_id < 7) AND (production_year > 2012))
                          Rows Removed by Filter: 2501227
Planning time: 1.143 ms
Execution time: 31766.022 ms
