Hash Join  (cost=156487.41..233459.15 rows=323679 width=0) (actual time=3997.767..6187.141 rows=894921 loops=1)
  Hash Cond: (mc.movie_id = t.id)
  ->  Seq Scan on movie_companies mc  (cost=0.00..51404.11 rows=1775423 width=4) (actual time=0.020..1056.761 rows=1779139 loops=1)
        Filter: (company_id > 2042)
        Rows Removed by Filter: 829990
  ->  Hash  (cost=148924.19..148924.19 rows=460978 width=8) (actual time=3996.953..3996.953 rows=459925 loops=1)
        Buckets: 131072  Batches: 8  Memory Usage: 3275kB
        ->  Hash Join  (cost=102767.86..148924.19 rows=460978 width=8) (actual time=2508.446..3848.399 rows=459925 loops=1)
              Hash Cond: (mi_idx.movie_id = t.id)
              ->  Seq Scan on movie_info_idx mi_idx  (cost=0.00..25185.44 rows=460978 width=4) (actual time=0.021..523.996 rows=459925 loops=1)
                    Filter: (info_type_id = 99)
                    Rows Removed by Filter: 920110
              ->  Hash  (cost=61283.27..61283.27 rows=2528527 width=4) (actual time=2506.408..2506.408 rows=2528312 loops=1)
                    Buckets: 131072  Batches: 64  Memory Usage: 2415kB
                    ->  Seq Scan on title t  (cost=0.00..61283.27 rows=2528527 width=4) (actual time=0.026..1180.437 rows=2528312 loops=1)
Planning time: 0.943 ms
Execution time: 6288.997 ms
