Seq Scan on movie_companies mc  (cost=0.00..57926.93 rows=695092 width=0) (actual time=0.014..1092.166 rows=933304 loops=1)
  Filter: ((company_id > 11141) AND (company_type_id > 1))
  Rows Removed by Filter: 1675825
Planning time: 0.353 ms
Execution time: 1206.119 ms
