Hash Join  (cost=102767.86..966342.93 rows=2394824 width=0) (actual time=10518.796..16834.784 rows=769766 loops=1)
  Hash Cond: (ci.movie_id = t.id)
  ->  Seq Scan on cast_info ci  (cost=0.00..796071.18 rows=2394824 width=4) (actual time=8601.528..13901.260 rows=769766 loops=1)
        Filter: ((person_id < 2003206) AND (role_id = 10))
        Rows Removed by Filter: 35474578
  ->  Hash  (cost=61283.27..61283.27 rows=2528527 width=4) (actual time=1916.133..1916.133 rows=2528312 loops=1)
        Buckets: 131072  Batches: 64  Memory Usage: 2415kB
        ->  Seq Scan on title t  (cost=0.00..61283.27 rows=2528527 width=4) (actual time=0.018..1073.158 rows=2528312 loops=1)
Planning time: 0.822 ms
Execution time: 16927.826 ms
