Hash Join  (cost=314870.74..1154346.63 rows=5728802 width=0) (actual time=11536.455..22084.774 rows=7209172 loops=1)
  Hash Cond: (ci.movie_id = t.id)
  ->  Seq Scan on cast_info ci  (cost=0.00..705507.15 rows=4572917 width=4) (actual time=5249.627..12095.561 rows=4606532 loops=1)
        Filter: (person_id > 3223717)
        Rows Removed by Filter: 31637812
  ->  Hash  (cost=262901.04..262901.04 rows=3167656 width=8) (actual time=6284.975..6284.975 rows=1454126 loops=1)
        Buckets: 131072  Batches: 64  Memory Usage: 1904kB
        ->  Hash Join  (cost=96651.52..262901.04 rows=3167656 width=8) (actual time=1852.364..5888.850 rows=1454126 loops=1)
              Hash Cond: (mk.movie_id = t.id)
              ->  Seq Scan on movie_keyword mk  (cost=0.00..69693.30 rows=4523930 width=4) (actual time=0.034..1457.351 rows=4523930 loops=1)
              ->  Hash  (cost=67604.59..67604.59 rows=1770475 width=4) (actual time=1849.869..1849.869 rows=1774635 loops=1)
                    Buckets: 131072  Batches: 32  Memory Usage: 2984kB
                    ->  Seq Scan on title t  (cost=0.00..67604.59 rows=1770475 width=4) (actual time=0.025..1277.988 rows=1774635 loops=1)
                          Filter: (kind_id > 2)
                          Rows Removed by Filter: 753677
Planning time: 1.121 ms
Execution time: 22799.414 ms
