Hash Join  (cost=76911.07..1222611.99 rows=2574630 width=0) (actual time=1638.196..36280.769 rows=3883865 loops=1)
  Hash Cond: (ci.movie_id = t.id)
  ->  Seq Scan on cast_info ci  (cost=0.00..705507.15 rows=35782526 width=4) (actual time=0.018..17283.648 rows=35871336 loops=1)
        Filter: (person_id > 42607)
        Rows Removed by Filter: 373008
  ->  Hash  (cost=73925.90..73925.90 rows=181933 width=4) (actual time=1637.447..1637.447 rows=315809 loops=1)
        Buckets: 131072  Batches: 4  Memory Usage: 3806kB
        ->  Seq Scan on title t  (cost=0.00..73925.90 rows=181933 width=4) (actual time=0.014..1262.386 rows=315809 loops=1)
              Filter: ((kind_id < 3) AND (production_year < 1986))
              Rows Removed by Filter: 2212503
Planning time: 0.542 ms
Execution time: 36767.644 ms
