Seq Scan on cast_info ci  (cost=0.00..705507.15 rows=11712545 width=0) (actual time=0.027..11671.551 rows=11610148 loops=1)
  Filter: (person_id < 1142343)
  Rows Removed by Filter: 24634196
Planning time: 0.308 ms
Execution time: 13138.515 ms
