Seq Scan on movie_keyword mk  (cost=0.00..81003.12 rows=2796988 width=0) (actual time=0.042..1528.841 rows=2791708 loops=1)
  Filter: (keyword_id > 2823)
  Rows Removed by Filter: 1732222
Planning time: 0.331 ms
Execution time: 1866.456 ms
