Hash Join  (cost=190230.21..1302478.27 rows=12869906 width=0) (actual time=4129.480..38154.281 rows=26496453 loops=1)
  Hash Cond: (ci.movie_id = t.id)
  ->  Seq Scan on cast_info ci  (cost=0.00..705507.15 rows=23580492 width=4) (actual time=0.014..15134.391 rows=23486188 loops=1)
        Filter: (person_id < 2404186)
        Rows Removed by Filter: 12758156
  ->  Hash  (cost=167588.78..167588.78 rows=1380035 width=8) (actual time=4127.750..4127.750 rows=1380035 loops=1)
        Buckets: 131072  Batches: 32  Memory Usage: 2708kB
        ->  Hash Join  (cost=102767.86..167588.78 rows=1380035 width=8) (actual time=1750.695..3729.975 rows=1380035 loops=1)
              Hash Cond: (mi_idx.movie_id = t.id)
              ->  Seq Scan on movie_info_idx mi_idx  (cost=0.00..21735.35 rows=1380035 width=4) (actual time=0.024..478.854 rows=1380035 loops=1)
              ->  Hash  (cost=61283.27..61283.27 rows=2528527 width=4) (actual time=1749.492..1749.492 rows=2528312 loops=1)
                    Buckets: 131072  Batches: 64  Memory Usage: 2415kB
                    ->  Seq Scan on title t  (cost=0.00..61283.27 rows=2528527 width=4) (actual time=0.014..905.742 rows=2528312 loops=1)
Planning time: 1.134 ms
Execution time: 41039.757 ms
