Hash Join  (cost=155075.81..1050163.30 rows=3937661 width=0) (actual time=5541.196..25418.687 rows=6790955 loops=1)
  Hash Cond: (ci.movie_id = t.id)
  ->  Seq Scan on cast_info ci  (cost=0.00..705507.15 rows=12726058 width=4) (actual time=1923.302..14338.876 rows=12670688 loops=1)
        Filter: (role_id = 1)
        Rows Removed by Filter: 23573656
  ->  Hash  (cost=142239.18..142239.18 rows=782370 width=8) (actual time=3616.756..3616.756 rows=698563 loops=1)
        Buckets: 131072  Batches: 16  Memory Usage: 2723kB
        ->  Hash Join  (cost=91123.00..142239.18 rows=782370 width=8) (actual time=1838.789..3416.297 rows=698563 loops=1)
              Hash Cond: (mi_idx.movie_id = t.id)
              ->  Seq Scan on movie_info_idx mi_idx  (cost=0.00..21735.35 rows=1380035 width=4) (actual time=0.030..489.696 rows=1380035 loops=1)
              ->  Hash  (cost=67604.59..67604.59 rows=1433473 width=4) (actual time=1836.035..1836.035 rows=1434466 loops=1)
                    Buckets: 131072  Batches: 32  Memory Usage: 2600kB
                    ->  Seq Scan on title t  (cost=0.00..67604.59 rows=1433473 width=4) (actual time=0.027..1352.616 rows=1434466 loops=1)
                          Filter: (production_year > 1999)
                          Rows Removed by Filter: 1093846
Planning time: 1.180 ms
Execution time: 26148.242 ms
