Seq Scan on movie_keyword mk  (cost=0.00..81003.12 rows=2785508 width=0) (actual time=0.020..1628.943 rows=2776914 loops=1)
  Filter: (keyword_id > 2850)
  Rows Removed by Filter: 1747016
Planning time: 0.310 ms
Execution time: 1980.574 ms
