Hash Join  (cost=156487.41..280096.35 rows=555748 width=0) (actual time=3782.693..7362.002 rows=2339592 loops=1)
  Hash Cond: (mk.movie_id = t.id)
  ->  Seq Scan on movie_keyword mk  (cost=0.00..81003.12 rows=3048356 width=4) (actual time=0.015..1688.866 rows=3031717 loops=1)
        Filter: (keyword_id > 2130)
        Rows Removed by Filter: 1492213
  ->  Hash  (cost=148924.19..148924.19 rows=460978 width=8) (actual time=3781.604..3781.604 rows=459925 loops=1)
        Buckets: 131072  Batches: 8  Memory Usage: 3284kB
        ->  Hash Join  (cost=102767.86..148924.19 rows=460978 width=8) (actual time=2448.630..3656.923 rows=459925 loops=1)
              Hash Cond: (mi_idx.movie_id = t.id)
              ->  Seq Scan on movie_info_idx mi_idx  (cost=0.00..25185.44 rows=460978 width=4) (actual time=0.031..500.069 rows=459925 loops=1)
                    Filter: (info_type_id < 100)
                    Rows Removed by Filter: 920110
              ->  Hash  (cost=61283.27..61283.27 rows=2528527 width=4) (actual time=2447.438..2447.438 rows=2528312 loops=1)
                    Buckets: 131072  Batches: 64  Memory Usage: 2415kB
                    ->  Seq Scan on title t  (cost=0.00..61283.27 rows=2528527 width=4) (actual time=0.022..1074.164 rows=2528312 loops=1)
Planning time: 1.127 ms
Execution time: 7639.336 ms
