Hash Join  (cost=102767.86..1193631.93 rows=11840547 width=0) (actual time=7825.823..28455.762 rows=10902980 loops=1)
  Hash Cond: (ci.movie_id = t.id)
  ->  Seq Scan on cast_info ci  (cost=0.00..796071.18 rows=11840547 width=4) (actual time=5941.009..16726.665 rows=10902980 loops=1)
        Filter: ((person_id > 239357) AND (role_id < 2))
        Rows Removed by Filter: 25341364
  ->  Hash  (cost=61283.27..61283.27 rows=2528527 width=4) (actual time=1883.156..1883.156 rows=2528312 loops=1)
        Buckets: 131072  Batches: 64  Memory Usage: 2415kB
        ->  Seq Scan on title t  (cost=0.00..61283.27 rows=2528527 width=4) (actual time=0.014..1055.263 rows=2528312 loops=1)
Planning time: 0.761 ms
Execution time: 29755.791 ms
