Hash Join  (cost=75574.02..1124155.54 rows=1438536 width=0) (actual time=1228.275..29063.050 rows=1656197 loops=1)
  Hash Cond: (ci.movie_id = t.id)
  ->  Seq Scan on cast_info ci  (cost=0.00..614943.12 rows=36225612 width=4) (actual time=0.023..12834.053 rows=36244344 loops=1)
  ->  Hash  (cost=73925.90..73925.90 rows=100409 width=4) (actual time=1227.428..1227.428 rows=110402 loops=1)
        Buckets: 131072  Batches: 2  Memory Usage: 2964kB
        ->  Seq Scan on title t  (cost=0.00..73925.90 rows=100409 width=4) (actual time=0.015..1187.879 rows=110402 loops=1)
              Filter: ((kind_id = 7) AND (production_year = 2012))
              Rows Removed by Filter: 2417910
Planning time: 0.801 ms
Execution time: 29280.469 ms
