Seq Scan on movie_companies mc  (cost=0.00..57926.93 rows=1090531 width=0) (actual time=0.012..1158.167 rows=980308 loops=1)
  Filter: ((company_id > 225) AND (company_type_id < 2))
  Rows Removed by Filter: 1628821
Planning time: 0.358 ms
Execution time: 1271.728 ms
