Hash Join  (cost=28270.40..759000.47 rows=979 width=0) (actual time=403.789..12732.894 rows=6410 loops=1)
  Hash Cond: (ci.movie_id = t.id)
  ->  Seq Scan on cast_info ci  (cost=0.00..705507.15 rows=6723503 width=4) (actual time=0.015..11207.776 rows=6656453 loops=1)
        Filter: (person_id < 642965)
        Rows Removed by Filter: 29587891
  ->  Hash  (cost=28265.80..28265.80 rows=368 width=8) (actual time=402.438..402.438 rows=260 loops=1)
        Buckets: 1024  Batches: 1  Memory Usage: 19kB
        ->  Nested Loop  (cost=0.43..28265.80 rows=368 width=8) (actual time=98.704..402.338 rows=260 loops=1)
              ->  Seq Scan on movie_info_idx mi_idx  (cost=0.00..25185.44 rows=368 width=4) (actual time=98.610..397.554 rows=260 loops=1)
                    Filter: (info_type_id > 101)
                    Rows Removed by Filter: 1379775
              ->  Index Only Scan using title_pkey on title t  (cost=0.43..8.36 rows=1 width=4) (actual time=0.017..0.018 rows=1 loops=260)
                    Index Cond: (id = mi_idx.movie_id)
                    Heap Fetches: 260
Planning time: 1.172 ms
Execution time: 12734.788 ms
