Hash Join  (cost=426790.21..514062.27 rows=61402 width=0) (actual time=6903.376..8706.000 rows=96596 loops=1)
  Hash Cond: (mk.movie_id = t.id)
  ->  Seq Scan on movie_keyword mk  (cost=0.00..69693.30 rows=4523930 width=4) (actual time=0.014..913.533 rows=4523930 loops=1)
  ->  Hash  (cost=426361.22..426361.22 rows=34319 width=8) (actual time=6902.767..6902.767 rows=53518 loops=1)
        Buckets: 65536  Batches: 1  Memory Usage: 2603kB
        ->  Hash Join  (cost=74730.49..426361.22 rows=34319 width=8) (actual time=5891.762..6881.976 rows=53518 loops=1)
              Hash Cond: (mi.movie_id = t.id)
              ->  Seq Scan on movie_info mi  (cost=0.00..346232.03 rows=1348138 width=4) (actual time=4721.126..5309.796 rows=1298989 loops=1)
                    Filter: (info_type_id = 4)
                    Rows Removed by Filter: 13536731
              ->  Hash  (cost=73925.90..73925.90 rows=64367 width=4) (actual time=1170.253..1170.253 rows=53905 loops=1)
                    Buckets: 65536  Batches: 1  Memory Usage: 2408kB
                    ->  Seq Scan on title t  (cost=0.00..73925.90 rows=64367 width=4) (actual time=0.309..1148.537 rows=53905 loops=1)
                          Filter: ((kind_id < 7) AND (production_year = 2012))
                          Rows Removed by Filter: 2474407
Planning time: 1.230 ms
Execution time: 8718.946 ms
