Nested Loop  (cost=0.43..709671.90 rows=500 width=0) (actual time=2169.738..10617.264 rows=159 loops=1)
  ->  Seq Scan on cast_info ci  (cost=0.00..705507.15 rows=500 width=4) (actual time=2169.646..10614.130 rows=159 loops=1)
        Filter: (person_id = 2926510)
        Rows Removed by Filter: 36244185
  ->  Index Only Scan using title_pkey on title t  (cost=0.43..8.32 rows=1 width=4) (actual time=0.019..0.019 rows=1 loops=159)
        Index Cond: (id = ci.movie_id)
        Heap Fetches: 159
Planning time: 0.751 ms
Execution time: 10617.376 ms
