Seq Scan on movie_keyword mk  (cost=0.00..81003.12 rows=1544813 width=0) (actual time=0.028..1369.787 rows=1559673 loops=1)
  Filter: (keyword_id > 10085)
  Rows Removed by Filter: 2964257
Planning time: 0.357 ms
Execution time: 1560.274 ms
