Hash Join  (cost=659145.46..2357835.87 rows=47091915 width=0) (actual time=15790.755..66645.857 rows=72389254 loops=1)
  Hash Cond: (ci.movie_id = t.id)
  ->  Seq Scan on cast_info ci  (cost=0.00..614943.12 rows=36225612 width=4) (actual time=0.022..13391.909 rows=36244344 loops=1)
  ->  Hash  (cost=605218.10..605218.10 rows=3286989 width=8) (actual time=15788.865..15788.865 rows=2666368 loops=1)
        Buckets: 131072  Batches: 64  Memory Usage: 2641kB
        ->  Hash Join  (cost=78473.92..605218.10 rows=3286989 width=8) (actual time=1250.059..15022.417 rows=2666368 loops=1)
              Hash Cond: (mi.movie_id = t.id)
              ->  Seq Scan on movie_info mi  (cost=0.00..346232.03 rows=12545135 width=4) (actual time=0.017..6785.232 rows=12601870 loops=1)
                    Filter: (info_type_id < 17)
                    Rows Removed by Filter: 2233850
              ->  Hash  (cost=67604.59..67604.59 rows=662507 width=4) (actual time=1249.056..1249.056 rows=662065 loops=1)
                    Buckets: 131072  Batches: 16  Memory Usage: 2487kB
                    ->  Seq Scan on title t  (cost=0.00..67604.59 rows=662507 width=4) (actual time=0.010..1028.606 rows=662065 loops=1)
                          Filter: (production_year > 2008)
                          Rows Removed by Filter: 1866247
Planning time: 1.179 ms
Execution time: 74783.327 ms
