Hash Join  (cost=228348.05..390991.93 rows=2482068 width=0) (actual time=4636.611..12672.895 rows=18206683 loops=1)
  Hash Cond: (mk.movie_id = t.id)
  ->  Seq Scan on movie_keyword mk  (cost=0.00..81003.12 rows=3950215 width=4) (actual time=0.016..1855.557 rows=3947775 loops=1)
        Filter: (keyword_id > 405)
        Rows Removed by Filter: 576155
  ->  Hash  (cost=202281.45..202281.45 rows=1588768 width=8) (actual time=4635.910..4635.910 rows=1588955 loops=1)
        Buckets: 131072  Batches: 32  Memory Usage: 3011kB
        ->  Hash Join  (cost=102767.86..202281.45 rows=1588768 width=8) (actual time=1710.797..4165.417 rows=1588955 loops=1)
              Hash Cond: (mc.movie_id = t.id)
              ->  Seq Scan on movie_companies mc  (cost=0.00..51404.11 rows=1588768 width=4) (actual time=0.009..573.910 rows=1588955 loops=1)
                    Filter: (company_id > 5376)
                    Rows Removed by Filter: 1020174
              ->  Hash  (cost=61283.27..61283.27 rows=2528527 width=4) (actual time=1709.393..1709.393 rows=2528312 loops=1)
                    Buckets: 131072  Batches: 64  Memory Usage: 2415kB
                    ->  Seq Scan on title t  (cost=0.00..61283.27 rows=2528527 width=4) (actual time=0.016..914.179 rows=2528312 loops=1)
Planning time: 1.066 ms
Execution time: 14762.939 ms
