Hash Join  (cost=953757.60..3614857.17 rows=125526530 width=0) (actual time=25054.221..128001.481 rows=286625724 loops=1)
  Hash Cond: (ci.movie_id = t.id)
  ->  Seq Scan on cast_info ci  (cost=0.00..705507.15 rows=24456700 width=4) (actual time=0.095..15850.345 rows=24405851 loops=1)
        Filter: (person_id < 2506270)
        Rows Removed by Filter: 11838493
  ->  Hash  (cost=740837.54..740837.54 rows=12977925 width=8) (actual time=25046.945..25046.945 rows=13794786 loops=1)
        Buckets: 131072  Batches: 256  Memory Usage: 3116kB
        ->  Hash Join  (cost=104131.46..740837.54 rows=12977925 width=8) (actual time=2735.243..20755.012 rows=13794786 loops=1)
              Hash Cond: (mi.movie_id = t.id)
              ->  Seq Scan on movie_info mi  (cost=0.00..309384.22 rows=14739122 width=4) (actual time=0.020..6197.215 rows=14835720 loops=1)
              ->  Hash  (cost=67604.59..67604.59 rows=2226390 width=4) (actual time=2734.113..2734.113 rows=2224569 loops=1)
                    Buckets: 131072  Batches: 32  Memory Usage: 3472kB
                    ->  Seq Scan on title t  (cost=0.00..67604.59 rows=2226390 width=4) (actual time=0.011..1517.065 rows=2224569 loops=1)
                          Filter: (production_year < 2012)
                          Rows Removed by Filter: 303743
Planning time: 1.199 ms
Execution time: 159203.305 ms
