Hash Join  (cost=78171.87..1080457.34 rows=2405200 width=0) (actual time=1521.617..29393.582 rows=2479399 loops=1)
  Hash Cond: (ci.movie_id = t.id)
  ->  Seq Scan on cast_info ci  (cost=0.00..705507.15 rows=23499554 width=4) (actual time=322.058..16540.328 rows=23573656 loops=1)
        Filter: (role_id > 1)
        Rows Removed by Filter: 12670688
  ->  Hash  (cost=73925.90..73925.90 rows=258797 width=4) (actual time=1198.597..1198.597 rows=227847 loops=1)
        Buckets: 131072  Batches: 4  Memory Usage: 3032kB
        ->  Seq Scan on title t  (cost=0.00..73925.90 rows=258797 width=4) (actual time=0.024..1125.207 rows=227847 loops=1)
              Filter: ((kind_id < 7) AND (production_year > 2008))
              Rows Removed by Filter: 2300465
Planning time: 0.724 ms
Execution time: 29709.136 ms
