Hash Join  (cost=71463.00..882808.18 rows=106851 width=0) (actual time=3669.145..14568.711 rows=134400 loops=1)
  Hash Cond: (ci.movie_id = t.id)
  ->  Seq Scan on cast_info ci  (cost=0.00..796071.18 rows=1148931 width=4) (actual time=2542.558..12696.932 rows=1421410 loops=1)
        Filter: ((person_id > 2104728) AND (role_id = 4))
        Rows Removed by Filter: 34822934
  ->  Hash  (cost=67604.59..67604.59 rows=235153 width=4) (actual time=1125.532..1125.532 rows=230883 loops=1)
        Buckets: 131072  Batches: 4  Memory Usage: 3052kB
        ->  Seq Scan on title t  (cost=0.00..67604.59 rows=235153 width=4) (actual time=0.041..1048.866 rows=230883 loops=1)
              Filter: (production_year < 1959)
              Rows Removed by Filter: 2297429
Planning time: 0.742 ms
Execution time: 14586.794 ms
