Seq Scan on cast_info ci  (cost=0.00..705507.15 rows=8136026 width=0) (actual time=1430.864..11819.525 rows=8004346 loops=1)
  Filter: (person_id < 782402)
  Rows Removed by Filter: 28239998
Planning time: 0.364 ms
Execution time: 12803.502 ms
