Hash Join  (cost=182100.35..1389572.49 rows=16905896 width=0) (actual time=4700.695..47060.860 rows=36789658 loops=1)
  Hash Cond: (ci.movie_id = t.id)
  ->  Seq Scan on cast_info ci  (cost=0.00..614943.12 rows=36225612 width=4) (actual time=0.022..13718.139 rows=36244344 loops=1)
  ->  Hash  (cost=162740.07..162740.07 rows=1180022 width=8) (actual time=4699.826..4699.826 rows=1209704 loops=1)
        Buckets: 131072  Batches: 16  Memory Usage: 3984kB
        ->  Hash Join  (cost=103076.32..162740.07 rows=1180022 width=8) (actual time=2499.907..4347.801 rows=1209704 loops=1)
              Hash Cond: (mi_idx.movie_id = t.id)
              ->  Seq Scan on movie_info_idx mi_idx  (cost=0.00..21735.35 rows=1380035 width=4) (actual time=0.016..457.520 rows=1380035 loops=1)
              ->  Hash  (cost=67604.59..67604.59 rows=2162059 width=4) (actual time=2498.848..2498.848 rows=2159747 loops=1)
                    Buckets: 131072  Batches: 32  Memory Usage: 3400kB
                    ->  Seq Scan on title t  (cost=0.00..67604.59 rows=2162059 width=4) (actual time=0.013..1439.739 rows=2159747 loops=1)
                          Filter: (production_year > 1964)
                          Rows Removed by Filter: 368565
Planning time: 1.135 ms
Execution time: 51345.992 ms
