Seq Scan on movie_keyword mk  (cost=0.00..81003.12 rows=246 width=0) (actual time=21.385..1237.755 rows=48 loops=1)
  Filter: (keyword_id = 5913)
  Rows Removed by Filter: 4523882
Planning time: 1.582 ms
Execution time: 1237.869 ms
