Hash Join  (cost=67697.55..466564.29 rows=40962 width=0) (actual time=1693.380..9697.471 rows=9558 loops=1)
  Hash Cond: (mi.movie_id = t.id)
  ->  Seq Scan on movie_info mi  (cost=0.00..346232.03 rows=13926693 width=4) (actual time=0.014..6622.854 rows=13963496 loops=1)
        Filter: (info_type_id < 98)
        Rows Removed by Filter: 872224
  ->  Hash  (cost=67604.59..67604.59 rows=7437 width=4) (actual time=1069.340..1069.340 rows=1309 loops=1)
        Buckets: 8192  Batches: 1  Memory Usage: 111kB
        ->  Seq Scan on title t  (cost=0.00..67604.59 rows=7437 width=4) (actual time=573.867..1068.660 rows=1309 loops=1)
              Filter: (production_year = 1897)
              Rows Removed by Filter: 2527003
Planning time: 0.831 ms
Execution time: 9699.777 ms
