Hash Join  (cost=215833.08..352265.58 rows=1535179 width=0) (actual time=4710.435..12075.204 rows=17487669 loops=1)
  Hash Cond: (mk.movie_id = t.id)
  ->  Seq Scan on movie_keyword mk  (cost=0.00..81003.12 rows=3033756 width=4) (actual time=0.013..1730.218 rows=3017399 loops=1)
        Filter: (keyword_id < 10754)
        Rows Removed by Filter: 1506531
  ->  Hash  (cost=194840.12..194840.12 rows=1279517 width=8) (actual time=4709.620..4709.620 rows=1274246 loops=1)
        Buckets: 131072  Batches: 32  Memory Usage: 2633kB
        ->  Hash Join  (cost=102767.86..194840.12 rows=1279517 width=8) (actual time=1881.592..4375.553 rows=1274246 loops=1)
              Hash Cond: (mc.movie_id = t.id)
              ->  Seq Scan on movie_companies mc  (cost=0.00..51404.11 rows=1279517 width=4) (actual time=0.021..1117.980 rows=1274246 loops=1)
                    Filter: (company_type_id = 1)
                    Rows Removed by Filter: 1334883
              ->  Hash  (cost=61283.27..61283.27 rows=2528527 width=4) (actual time=1880.240..1880.240 rows=2528312 loops=1)
                    Buckets: 131072  Batches: 64  Memory Usage: 2415kB
                    ->  Seq Scan on title t  (cost=0.00..61283.27 rows=2528527 width=4) (actual time=0.015..1038.898 rows=2528312 loops=1)
Planning time: 1.195 ms
Execution time: 14087.926 ms
