Seq Scan on movie_companies mc  (cost=0.00..51404.11 rows=267357 width=0) (actual time=0.020..745.267 rows=262833 loops=1)
  Filter: (company_id < 137)
  Rows Removed by Filter: 2346296
Planning time: 0.343 ms
Execution time: 778.322 ms
