Seq Scan on title t  (cost=0.00..67604.59 rows=523405 width=0) (actual time=0.013..1168.049 rows=523734 loops=1)
  Filter: (production_year < 1981)
  Rows Removed by Filter: 2004578
Planning time: 0.347 ms
Execution time: 1236.602 ms
