Hash Join  (cost=84284.84..603360.30 rows=3680253 width=0) (actual time=1524.829..17453.813 rows=8078146 loops=1)
  Hash Cond: (mi.movie_id = t.id)
  ->  Seq Scan on movie_info mi  (cost=0.00..309384.22 rows=14739122 width=4) (actual time=0.025..6408.748 rows=14835720 loops=1)
  ->  Hash  (cost=73925.90..73925.90 rows=631355 width=4) (actual time=1523.830..1523.830 rows=634290 loops=1)
        Buckets: 131072  Batches: 16  Memory Usage: 2425kB
        ->  Seq Scan on title t  (cost=0.00..73925.90 rows=631355 width=4) (actual time=0.012..1319.366 rows=634290 loops=1)
              Filter: ((production_year < 2013) AND (kind_id = 1))
              Rows Removed by Filter: 1894022
Planning time: 0.820 ms
Execution time: 18325.534 ms
