Seq Scan on movie_keyword mk  (cost=0.00..81003.12 rows=2702189 width=0) (actual time=0.024..1528.529 rows=2699975 loops=1)
  Filter: (keyword_id < 7635)
  Rows Removed by Filter: 1823955
Planning time: 0.365 ms
Execution time: 1867.080 ms
