Hash Join  (cost=139218.05..617863.35 rows=357541 width=0) (actual time=2637.831..13772.040 rows=1638676 loops=1)
  Hash Cond: (mi.movie_id = t.id)
  ->  Seq Scan on movie_info mi  (cost=0.00..346232.03 rows=11115165 width=4) (actual time=0.022..6802.457 rows=11210743 loops=1)
        Filter: (info_type_id > 3)
        Rows Removed by Filter: 3624977
  ->  Hash  (cost=137883.36..137883.36 rows=81335 width=8) (actual time=2637.082..2637.082 rows=55281 loops=1)
        Buckets: 131072  Batches: 2  Memory Usage: 2100kB
        ->  Hash Join  (cost=70241.71..137883.36 rows=81335 width=8) (actual time=1070.663..2615.674 rows=55281 loops=1)
              Hash Cond: (mc.movie_id = t.id)
              ->  Seq Scan on movie_companies mc  (cost=0.00..51404.11 rows=1279517 width=4) (actual time=0.011..984.012 rows=1274246 loops=1)
                    Filter: (company_type_id = 1)
                    Rows Removed by Filter: 1334883
              ->  Hash  (cost=67604.59..67604.59 rows=160730 width=4) (actual time=1069.542..1069.542 rows=160017 loops=1)
                    Buckets: 131072  Batches: 4  Memory Usage: 2436kB
                    ->  Seq Scan on title t  (cost=0.00..67604.59 rows=160730 width=4) (actual time=0.019..1012.296 rows=160017 loops=1)
                          Filter: (production_year = 2011)
                          Rows Removed by Filter: 2368295
Planning time: 1.173 ms
Execution time: 13958.947 ms
