Nested Loop  (cost=0.43..83072.90 rows=7 width=0) (actual time=419.038..1240.639 rows=3 loops=1)
  ->  Seq Scan on movie_keyword mk  (cost=0.00..81003.12 rows=246 width=4) (actual time=2.704..1214.852 rows=334 loops=1)
        Filter: (keyword_id = 3563)
        Rows Removed by Filter: 4523596
  ->  Index Scan using title_pkey on title t  (cost=0.43..8.40 rows=1 width=4) (actual time=0.075..0.075 rows=0 loops=334)
        Index Cond: (id = mk.movie_id)
        Filter: ((kind_id = 7) AND (production_year = 2007))
        Rows Removed by Filter: 1
Planning time: 0.807 ms
Execution time: 1240.725 ms
