Hash Join  (cost=83073.06..110002.02 rows=2 width=0) (actual time=1555.907..1834.174 rows=1 loops=1)
  Hash Cond: (mi_idx.movie_id = t.id)
  ->  Seq Scan on movie_info_idx mi_idx  (cost=0.00..25185.44 rows=464934 width=4) (actual time=0.007..446.523 rows=460185 loops=1)
        Filter: (info_type_id > 100)
        Rows Removed by Filter: 919850
  ->  Hash  (cost=83072.90..83072.90 rows=13 width=8) (actual time=1324.910..1324.910 rows=1 loops=1)
        Buckets: 1024  Batches: 1  Memory Usage: 9kB
        ->  Nested Loop  (cost=0.43..83072.90 rows=13 width=8) (actual time=304.273..1324.903 rows=1 loops=1)
              ->  Seq Scan on movie_keyword mk  (cost=0.00..81003.12 rows=246 width=4) (actual time=304.231..1324.859 rows=1 loops=1)
                    Filter: (keyword_id = 120196)
                    Rows Removed by Filter: 4523929
              ->  Index Scan using title_pkey on title t  (cost=0.43..8.40 rows=1 width=4) (actual time=0.036..0.036 rows=1 loops=1)
                    Index Cond: (id = mk.movie_id)
                    Filter: ((kind_id < 7) AND (production_year < 1968))
Planning time: 1.032 ms
Execution time: 1834.276 ms
