Hash Join  (cost=108798.79..475343.58 rows=188887 width=0) (actual time=2268.439..12881.552 rows=1847941 loops=1)
  Hash Cond: (mi.movie_id = t.id)
  ->  Seq Scan on movie_info mi  (cost=0.00..309384.22 rows=14739122 width=4) (actual time=0.011..3908.151 rows=14835720 loops=1)
  ->  Hash  (cost=108393.74..108393.74 rows=32404 width=8) (actual time=2268.146..2268.146 rows=90158 loops=1)
        Buckets: 131072 (originally 32768)  Batches: 2 (originally 1)  Memory Usage: 3073kB
        ->  Hash Join  (cost=76817.76..108393.74 rows=32404 width=8) (actual time=1239.740..2232.201 rows=90158 loops=1)
              Hash Cond: (mi_idx.movie_id = t.id)
              ->  Seq Scan on movie_info_idx mi_idx  (cost=0.00..25185.44 rows=464934 width=4) (actual time=0.026..452.724 rows=460185 loops=1)
                    Filter: (info_type_id > 100)
                    Rows Removed by Filter: 919850
              ->  Hash  (cost=73925.90..73925.90 rows=176228 width=4) (actual time=1200.978..1200.978 rows=310626 loops=1)
                    Buckets: 131072  Batches: 4  Memory Usage: 3757kB
                    ->  Seq Scan on title t  (cost=0.00..73925.90 rows=176228 width=4) (actual time=405.521..1110.825 rows=310626 loops=1)
                          Filter: ((production_year < 1989) AND (kind_id = 1))
                          Rows Removed by Filter: 2217686
Planning time: 6.078 ms
Execution time: 13107.641 ms
