Seq Scan on movie_info mi  (cost=0.00..346232.03 rows=1144320 width=0) (actual time=0.017..5724.613 rows=1193772 loops=1)
  Filter: (info_type_id > 40)
  Rows Removed by Filter: 13641948
Planning time: 0.345 ms
Execution time: 5876.087 ms
