Seq Scan on cast_info ci  (cost=0.00..796071.18 rows=3589658 width=0) (actual time=0.023..14764.484 rows=4008037 loops=1)
  Filter: ((person_id < 3383108) AND (role_id = 3))
  Rows Removed by Filter: 32236307
Planning time: 0.447 ms
Execution time: 15204.500 ms
