Hash Join  (cost=28267.22..86843.18 rows=3 width=0) (actual time=698.776..1232.951 rows=5 loops=1)
  Hash Cond: (mc.movie_id = t.id)
  ->  Seq Scan on movie_companies mc  (cost=0.00..57926.93 rows=173067 width=4) (actual time=84.060..781.003 rows=69352 loops=1)
        Filter: ((company_id < 166) AND (company_type_id > 1))
        Rows Removed by Filter: 2539777
  ->  Hash  (cost=28266.72..28266.72 rows=40 width=8) (actual time=441.461..441.461 rows=68 loops=1)
        Buckets: 1024  Batches: 1  Memory Usage: 11kB
        ->  Nested Loop  (cost=0.43..28266.72 rows=40 width=8) (actual time=274.888..441.416 rows=68 loops=1)
              ->  Seq Scan on movie_info_idx mi_idx  (cost=0.00..25185.44 rows=368 width=4) (actual time=274.605..435.973 rows=260 loops=1)
                    Filter: (info_type_id > 101)
                    Rows Removed by Filter: 1379775
              ->  Index Scan using title_pkey on title t  (cost=0.43..8.36 rows=1 width=4) (actual time=0.020..0.020 rows=0 loops=260)
                    Index Cond: (id = mi_idx.movie_id)
                    Filter: (production_year < 1963)
                    Rows Removed by Filter: 1
Planning time: 1.256 ms
Execution time: 1233.066 ms
