Seq Scan on cast_info ci  (cost=0.00..705507.15 rows=31519346 width=0) (actual time=0.022..13482.935 rows=31643545 loops=1)
  Filter: (person_id > 445063)
  Rows Removed by Filter: 4600799
Planning time: 0.335 ms
Execution time: 17447.692 ms
