Seq Scan on title t  (cost=0.00..73925.90 rows=1238906 width=0) (actual time=3.047..1263.746 rows=1324576 loops=1)
  Filter: ((production_year > 1973) AND (kind_id = 7))
  Rows Removed by Filter: 1203736
Planning time: 0.309 ms
Execution time: 1416.210 ms
