Hash Join  (cost=908695.88..3662954.61 rows=123742230 width=0) (actual time=23086.580..132022.451 rows=280157376 loops=1)
  Hash Cond: (ci.movie_id = t.id)
  ->  Seq Scan on cast_info ci  (cost=0.00..796071.18 rows=28149431 width=4) (actual time=1168.316..19872.421 rows=30290203 loops=1)
        Filter: ((person_id < 3333308) AND (role_id < 10))
        Rows Removed by Filter: 5954141
  ->  Hash  (cost=726337.31..726337.31 rows=11115165 width=8) (actual time=21916.961..21916.961 rows=11210743 loops=1)
        Buckets: 131072  Batches: 256  Memory Usage: 2722kB
        ->  Hash Join  (cost=102767.86..726337.31 rows=11115165 width=8) (actual time=1925.529..18758.375 rows=11210743 loops=1)
              Hash Cond: (mi.movie_id = t.id)
              ->  Seq Scan on movie_info mi  (cost=0.00..346232.03 rows=11115165 width=4) (actual time=0.029..6935.940 rows=11210743 loops=1)
                    Filter: (info_type_id > 3)
                    Rows Removed by Filter: 3624977
              ->  Hash  (cost=61283.27..61283.27 rows=2528527 width=4) (actual time=1923.882..1923.882 rows=2528312 loops=1)
                    Buckets: 131072  Batches: 64  Memory Usage: 2425kB
                    ->  Seq Scan on title t  (cost=0.00..61283.27 rows=2528527 width=4) (actual time=0.028..1048.465 rows=2528312 loops=1)
Planning time: 1.102 ms
Execution time: 162083.705 ms
