Hash Join  (cost=69720.52..108620.83 rows=70382 width=0) (actual time=1217.732..2101.094 rows=42237 loops=1)
  Hash Cond: (mi_idx.movie_id = t.id)
  ->  Seq Scan on movie_info_idx mi_idx  (cost=0.00..21735.35 rows=1380035 width=4) (actual time=0.015..469.983 rows=1380035 loops=1)
  ->  Hash  (cost=67604.59..67604.59 rows=128955 width=4) (actual time=1125.895..1125.895 rows=130325 loops=1)
        Buckets: 131072  Batches: 2  Memory Usage: 3310kB
        ->  Seq Scan on title t  (cost=0.00..67604.59 rows=128955 width=4) (actual time=0.025..1080.658 rows=130325 loops=1)
              Filter: (production_year < 1936)
              Rows Removed by Filter: 2397987
Planning time: 7.860 ms
Execution time: 2107.104 ms
