Seq Scan on title t  (cost=0.00..73925.90 rows=5474 width=0) (actual time=0.065..1103.162 rows=9627 loops=1)
  Filter: ((kind_id > 1) AND (production_year = 1976))
  Rows Removed by Filter: 2518685
Planning time: 0.372 ms
Execution time: 1105.696 ms
