Seq Scan on movie_keyword mk  (cost=0.00..81003.12 rows=246 width=0) (actual time=6.297..1187.751 rows=954 loops=1)
  Filter: (keyword_id = 641)
  Rows Removed by Filter: 4522976
Planning time: 1.568 ms
Execution time: 1188.181 ms
