Hash Join  (cost=187871.20..294260.48 rows=441330 width=0) (actual time=3856.280..6358.323 rows=131812 loops=1)
  Hash Cond: (mk.movie_id = t.id)
  ->  Seq Scan on movie_keyword mk  (cost=0.00..81003.12 rows=1574363 width=4) (actual time=0.024..1525.158 rows=1590378 loops=1)
        Filter: (keyword_id > 9732)
        Rows Removed by Filter: 2933552
  ->  Hash  (cost=176242.15..176242.15 rows=708804 width=8) (actual time=3855.019..3855.019 rows=187679 loops=1)
        Buckets: 131072  Batches: 16  Memory Usage: 1482kB
        ->  Hash Join  (cost=97835.13..176242.15 rows=708804 width=8) (actual time=2101.460..3795.627 rows=187679 loops=1)
              Hash Cond: (mc.movie_id = t.id)
              ->  Seq Scan on movie_companies mc  (cost=0.00..51404.11 rows=1229831 width=4) (actual time=0.020..969.389 rows=1242511 loops=1)
                    Filter: (company_id > 11757)
                    Rows Removed by Filter: 1366618
              ->  Hash  (cost=73925.90..73925.90 rows=1457298 width=4) (actual time=1942.140..1942.140 rows=1438183 loops=1)
                    Buckets: 131072  Batches: 32  Memory Usage: 2604kB
                    ->  Seq Scan on title t  (cost=0.00..73925.90 rows=1457298 width=4) (actual time=0.018..1482.023 rows=1438183 loops=1)
                          Filter: ((production_year < 2013) AND (kind_id = 7))
                          Rows Removed by Filter: 1090129
Planning time: 1.260 ms
Execution time: 6372.605 ms
