Hash Join  (cost=200786.94..1260548.79 rows=2526969 width=0) (actual time=3759.272..34775.085 rows=9055236 loops=1)
  Hash Cond: (ci.movie_id = t.id)
  ->  Seq Scan on cast_info ci  (cost=0.00..614943.12 rows=36225612 width=4) (actual time=0.025..13487.680 rows=36244344 loops=1)
  ->  Hash  (cost=197893.17..197893.17 rows=176381 width=8) (actual time=3758.384..3758.384 rows=173240 loops=1)
        Buckets: 131072  Batches: 4  Memory Usage: 2727kB
        ->  Hash Join  (cost=102767.86..197893.17 rows=176381 width=8) (actual time=1983.751..3710.031 rows=173240 loops=1)
              Hash Cond: (mk.movie_id = t.id)
              ->  Seq Scan on movie_keyword mk  (cost=0.00..81003.12 rows=176381 width=4) (actual time=0.021..1226.772 rows=173240 loops=1)
                    Filter: (keyword_id > 71992)
                    Rows Removed by Filter: 4350690
              ->  Hash  (cost=61283.27..61283.27 rows=2528527 width=4) (actual time=1980.780..1980.780 rows=2528312 loops=1)
                    Buckets: 131072  Batches: 64  Memory Usage: 2425kB
                    ->  Seq Scan on title t  (cost=0.00..61283.27 rows=2528527 width=4) (actual time=0.020..1082.463 rows=2528312 loops=1)
Planning time: 1.118 ms
Execution time: 35865.349 ms
