Hash Join  (cost=102767.86..1101147.31 rows=7997063 width=0) (actual time=2538.640..23494.763 rows=9290127 loops=1)
  Hash Cond: (ci.movie_id = t.id)
  ->  Seq Scan on cast_info ci  (cost=0.00..796071.18 rows=7997063 width=4) (actual time=657.958..13732.564 rows=9290127 loops=1)
        Filter: ((person_id < 1049343) AND (role_id < 5))
        Rows Removed by Filter: 26954217
  ->  Hash  (cost=61283.27..61283.27 rows=2528527 width=4) (actual time=1879.532..1879.532 rows=2528312 loops=1)
        Buckets: 131072  Batches: 64  Memory Usage: 2415kB
        ->  Seq Scan on title t  (cost=0.00..61283.27 rows=2528527 width=4) (actual time=0.024..1033.881 rows=2528312 loops=1)
Planning time: 1.139 ms
Execution time: 24521.986 ms
