Seq Scan on movie_keyword mk  (cost=0.00..81003.12 rows=2113697 width=0) (actual time=0.015..1524.543 rows=2118870 loops=1)
  Filter: (keyword_id < 3877)
  Rows Removed by Filter: 2405060
Planning time: 0.333 ms
Execution time: 1789.948 ms
