Hash Join  (cost=103698.42..147247.66 rows=395118 width=0) (actual time=2028.368..3263.680 rows=410873 loops=1)
  Hash Cond: (mi_idx.movie_id = t.id)
  ->  Seq Scan on movie_info_idx mi_idx  (cost=0.00..25185.44 rows=454124 width=4) (actual time=0.015..498.838 rows=459925 loops=1)
        Filter: (info_type_id = 100)
        Rows Removed by Filter: 920110
  ->  Hash  (cost=67604.59..67604.59 rows=2199987 width=4) (actual time=2026.963..2026.963 rows=2192624 loops=1)
        Buckets: 131072  Batches: 32  Memory Usage: 3436kB
        ->  Seq Scan on title t  (cost=0.00..67604.59 rows=2199987 width=4) (actual time=0.021..1330.113 rows=2192624 loops=1)
              Filter: (production_year > 1961)
              Rows Removed by Filter: 335688
Planning time: 0.762 ms
Execution time: 3312.279 ms
