Hash Join  (cost=98347.17..266849.46 rows=3352534 width=0) (actual time=2019.292..6937.670 rows=3041326 loops=1)
  Hash Cond: (mk.movie_id = t.id)
  ->  Seq Scan on movie_keyword mk  (cost=0.00..69693.30 rows=4523930 width=4) (actual time=0.017..1475.587 rows=4523930 loops=1)
  ->  Hash  (cost=67604.59..67604.59 rows=1873807 width=4) (actual time=2018.525..2018.525 rows=1871198 loops=1)
        Buckets: 131072  Batches: 32  Memory Usage: 3096kB
        ->  Seq Scan on title t  (cost=0.00..67604.59 rows=1873807 width=4) (actual time=0.018..1398.959 rows=1871198 loops=1)
              Filter: (production_year > 1984)
              Rows Removed by Filter: 657114
Planning time: 0.563 ms
Execution time: 7313.671 ms
