Hash Join  (cost=110988.98..198521.51 rows=87449 width=0) (actual time=2405.062..3747.426 rows=50470 loops=1)
  Hash Cond: (mk.movie_id = t.id)
  ->  Seq Scan on movie_keyword mk  (cost=0.00..69693.30 rows=4523930 width=4) (actual time=0.017..1006.955 rows=4523930 loops=1)
  ->  Hash  (cost=110378.02..110378.02 rows=48877 width=8) (actual time=1893.484..1893.484 rows=18609 loops=1)
        Buckets: 65536  Batches: 1  Memory Usage: 1239kB
        ->  Hash Join  (cost=78325.14..110378.02 rows=48877 width=8) (actual time=1387.092..1885.270 rows=18609 loops=1)
              Hash Cond: (mi_idx.movie_id = t.id)
              ->  Seq Scan on movie_info_idx mi_idx  (cost=0.00..25185.44 rows=460978 width=4) (actual time=0.016..490.523 rows=459925 loops=1)
                    Filter: (info_type_id = 99)
                    Rows Removed by Filter: 920110
              ->  Hash  (cost=73925.90..73925.90 rows=268099 width=4) (actual time=1166.837..1166.837 rows=161686 loops=1)
                    Buckets: 131072  Batches: 4  Memory Usage: 2444kB
                    ->  Seq Scan on title t  (cost=0.00..73925.90 rows=268099 width=4) (actual time=69.898..1112.731 rows=161686 loops=1)
                          Filter: ((production_year < 1975) AND (kind_id = 7))
                          Rows Removed by Filter: 2366626
Planning time: 1.138 ms
Execution time: 3754.219 ms
