Seq Scan on cast_info ci  (cost=0.00..796071.18 rows=9544527 width=0) (actual time=4510.904..14894.283 rows=11995274 loops=1)
  Filter: ((person_id > 1458178) AND (role_id > 2))
  Rows Removed by Filter: 24249070
Planning time: 0.415 ms
Execution time: 16371.292 ms
