Hash Join  (cost=83661.18..1146903.33 rows=4468552 width=0) (actual time=6074.474..27696.958 rows=2833849 loops=1)
  Hash Cond: (ci.movie_id = t.id)
  ->  Seq Scan on cast_info ci  (cost=0.00..796071.18 rows=19041453 width=4) (actual time=4543.982..17393.268 rows=16621247 loops=1)
        Filter: ((person_id < 2969565) AND (role_id > 1))
        Rows Removed by Filter: 19623097
  ->  Hash  (cost=73925.90..73925.90 rows=593382 width=4) (actual time=1529.615..1529.615 rows=486368 loops=1)
        Buckets: 131072  Batches: 8  Memory Usage: 3147kB
        ->  Seq Scan on title t  (cost=0.00..73925.90 rows=593382 width=4) (actual time=0.027..1372.119 rows=486368 loops=1)
              Filter: ((production_year < 1999) AND (kind_id = 7))
              Rows Removed by Filter: 2041944
Planning time: 1.392 ms
Execution time: 28046.555 ms
