Seq Scan on movie_keyword mk  (cost=0.00..81003.12 rows=1626019 width=0) (actual time=0.025..1411.756 rows=1637056 loops=1)
  Filter: (keyword_id > 9058)
  Rows Removed by Filter: 2886874
Planning time: 0.358 ms
Execution time: 1618.163 ms
