Hash Join  (cost=83580.70..149126.12 rows=95275 width=0) (actual time=2014.149..3378.977 rows=196515 loops=1)
  Hash Cond: (mc.movie_id = t.id)
  ->  Seq Scan on movie_companies mc  (cost=0.00..57926.93 rows=247395 width=4) (actual time=0.021..931.002 rows=364369 loops=1)
        Filter: ((company_id < 450) AND (company_type_id < 2))
        Rows Removed by Filter: 2244760
  ->  Hash  (cost=67604.59..67604.59 rows=973769 width=4) (actual time=2012.815..2012.815 rows=971188 loops=1)
        Buckets: 131072  Batches: 16  Memory Usage: 3161kB
        ->  Seq Scan on title t  (cost=0.00..67604.59 rows=973769 width=4) (actual time=0.028..1194.397 rows=971188 loops=1)
              Filter: (production_year < 1999)
              Rows Removed by Filter: 1557124
Planning time: 0.728 ms
Execution time: 3404.437 ms
