Hash Join  (cost=210644.32..257609.05 rows=540424 width=0) (actual time=4092.099..5520.838 rows=861663 loops=1)
  Hash Cond: (mi_idx.movie_id = t.id)
  ->  Seq Scan on movie_info_idx mi_idx  (cost=0.00..21735.35 rows=1380035 width=4) (actual time=0.022..424.679 rows=1380035 loops=1)
  ->  Hash  (cost=194399.14..194399.14 rows=990175 width=8) (actual time=4091.258..4091.258 rows=689515 loops=1)
        Buckets: 131072  Batches: 16  Memory Usage: 2695kB
        ->  Hash Join  (cost=102767.86..194399.14 rows=990175 width=8) (actual time=1789.439..3882.482 rows=689515 loops=1)
              Hash Cond: (mc.movie_id = t.id)
              ->  Seq Scan on movie_companies mc  (cost=0.00..57926.93 rows=990175 width=4) (actual time=0.026..1103.823 rows=689515 loops=1)
                    Filter: ((company_id < 50343) AND (company_type_id > 1))
                    Rows Removed by Filter: 1919614
              ->  Hash  (cost=61283.27..61283.27 rows=2528527 width=4) (actual time=1787.789..1787.789 rows=2528312 loops=1)
                    Buckets: 131072  Batches: 64  Memory Usage: 2415kB
                    ->  Seq Scan on title t  (cost=0.00..61283.27 rows=2528527 width=4) (actual time=0.011..958.095 rows=2528312 loops=1)
Planning time: 1.165 ms
Execution time: 5633.247 ms
