Seq Scan on movie_keyword mk  (cost=0.00..81003.12 rows=246 width=0) (actual time=0.028..1322.695 rows=334 loops=1)
  Filter: (keyword_id = 10720)
  Rows Removed by Filter: 4523596
Planning time: 0.411 ms
Execution time: 1322.951 ms
