Hash Join  (cost=183764.19..1323150.37 rows=4338587 width=0) (actual time=3661.662..34489.824 rows=553467 loops=1)
  Hash Cond: (ci.movie_id = t.id)
  ->  Seq Scan on cast_info ci  (cost=0.00..705507.15 rows=33662177 width=4) (actual time=0.013..16317.225 rows=33732289 loops=1)
        Filter: (person_id > 243449)
        Rows Removed by Filter: 2512055
  ->  Hash  (cost=178416.54..178416.54 rows=325892 width=8) (actual time=3660.658..3660.658 rows=25620 loops=1)
        Buckets: 131072  Batches: 8  Memory Usage: 1156kB
        ->  Hash Join  (cost=102767.86..178416.54 rows=325892 width=8) (actual time=2898.594..3652.854 rows=25620 loops=1)
              Hash Cond: (mc.movie_id = t.id)
              ->  Seq Scan on movie_companies mc  (cost=0.00..57926.93 rows=325892 width=4) (actual time=607.330..1051.897 rows=25620 loops=1)
                    Filter: ((company_id > 50628) AND (company_type_id < 2))
                    Rows Removed by Filter: 2583509
              ->  Hash  (cost=61283.27..61283.27 rows=2528527 width=4) (actual time=2288.702..2288.702 rows=2528312 loops=1)
                    Buckets: 131072  Batches: 64  Memory Usage: 2415kB
                    ->  Seq Scan on title t  (cost=0.00..61283.27 rows=2528527 width=4) (actual time=0.023..1121.858 rows=2528312 loops=1)
Planning time: 1.128 ms
Execution time: 34567.209 ms
