Seq Scan on movie_companies mc  (cost=0.00..51404.11 rows=104 width=0) (actual time=150.496..809.030 rows=334 loops=1)
  Filter: (company_id = 71330)
  Rows Removed by Filter: 2608795
Planning time: 0.415 ms
Execution time: 809.165 ms
