Hash Join  (cost=250627.27..849367.74 rows=9419765 width=0) (actual time=5779.314..30978.570 rows=52360133 loops=1)
  Hash Cond: (mi.movie_id = t.id)
  ->  Seq Scan on movie_info mi  (cost=0.00..309384.22 rows=14739122 width=4) (actual time=0.022..6427.646 rows=14835720 loops=1)
  ->  Hash  (cost=224114.52..224114.52 rows=1615980 width=8) (actual time=5777.791..5777.791 rows=1069450 loops=1)
        Buckets: 131072  Batches: 32  Memory Usage: 2450kB
        ->  Hash Join  (cost=82423.69..224114.52 rows=1615980 width=8) (actual time=1576.037..5472.771 rows=1069450 loops=1)
              Hash Cond: (mk.movie_id = t.id)
              ->  Seq Scan on movie_keyword mk  (cost=0.00..69693.30 rows=4523930 width=4) (actual time=0.023..1354.261 rows=4523930 loops=1)
              ->  Hash  (cost=67604.59..67604.59 rows=903208 width=4) (actual time=1571.512..1571.512 rows=904491 loops=1)
                    Buckets: 131072  Batches: 16  Memory Usage: 3017kB
                    ->  Seq Scan on title t  (cost=0.00..67604.59 rows=903208 width=4) (actual time=0.023..1277.263 rows=904491 loops=1)
                          Filter: (production_year > 2006)
                          Rows Removed by Filter: 1623821
Planning time: 1.140 ms
Execution time: 36999.561 ms
