Hash Join  (cost=154654.97..972983.80 rows=117505 width=0) (actual time=2800.074..20292.006 rows=349455 loops=1)
  Hash Cond: (ci.movie_id = t.id)
  ->  Seq Scan on cast_info ci  (cost=0.00..705507.15 rows=22329326 width=4) (actual time=0.026..13103.782 rows=22363017 loops=1)
        Filter: (person_id > 1367592)
        Rows Removed by Filter: 13881327
  ->  Hash  (cost=154488.65..154488.65 rows=13306 width=8) (actual time=2799.173..2799.173 rows=18807 loops=1)
        Buckets: 32768 (originally 16384)  Batches: 1 (originally 1)  Memory Usage: 991kB
        ->  Hash Join  (cost=67697.55..154488.65 rows=13306 width=8) (actual time=990.692..2792.442 rows=18807 loops=1)
              Hash Cond: (mk.movie_id = t.id)
              ->  Seq Scan on movie_keyword mk  (cost=0.00..69693.30 rows=4523930 width=4) (actual time=0.023..1003.000 rows=4523930 loops=1)
              ->  Hash  (cost=67604.59..67604.59 rows=7437 width=4) (actual time=987.666..987.666 rows=1960 loops=1)
                    Buckets: 8192  Batches: 1  Memory Usage: 133kB
                    ->  Seq Scan on title t  (cost=0.00..67604.59 rows=7437 width=4) (actual time=0.165..986.610 rows=1960 loops=1)
                          Filter: (production_year = 1943)
                          Rows Removed by Filter: 2526352
Planning time: 1.204 ms
Execution time: 20335.419 ms
