Hash Join  (cost=95159.82..694354.03 rows=8412703 width=0) (actual time=1916.759..18240.327 rows=7383605 loops=1)
  Hash Cond: (mi.movie_id = t.id)
  ->  Seq Scan on movie_info mi  (cost=0.00..346232.03 rows=12665229 width=4) (actual time=0.028..7553.573 rows=12744652 loops=1)
        Filter: (info_type_id > 2)
        Rows Removed by Filter: 2091068
  ->  Hash  (cost=67604.59..67604.59 rows=1679539 width=4) (actual time=1915.669..1915.669 rows=1673541 loops=1)
        Buckets: 131072  Batches: 32  Memory Usage: 2874kB
        ->  Seq Scan on title t  (cost=0.00..67604.59 rows=1679539 width=4) (actual time=0.022..1362.339 rows=1673541 loops=1)
              Filter: (production_year > 1993)
              Rows Removed by Filter: 854771
Planning time: 0.734 ms
Execution time: 19121.047 ms
