Hash Join  (cost=102767.86..251993.98 rows=2424677 width=0) (actual time=2196.885..6017.124 rows=2424345 loops=1)
  Hash Cond: (mk.movie_id = t.id)
  ->  Seq Scan on movie_keyword mk  (cost=0.00..81003.12 rows=2424677 width=4) (actual time=0.019..1673.727 rows=2424345 loops=1)
        Filter: (keyword_id < 5740)
        Rows Removed by Filter: 2099585
  ->  Hash  (cost=61283.27..61283.27 rows=2528527 width=4) (actual time=2195.274..2195.274 rows=2528312 loops=1)
        Buckets: 131072  Batches: 64  Memory Usage: 2425kB
        ->  Seq Scan on title t  (cost=0.00..61283.27 rows=2528527 width=4) (actual time=0.019..1077.608 rows=2528312 loops=1)
Planning time: 0.730 ms
Execution time: 6285.392 ms
