Hash Join  (cost=237759.74..804893.94 rows=6457634 width=0) (actual time=7040.642..66972.534 rows=206188015 loops=1)
  Hash Cond: (mi.movie_id = t.id)
  ->  Seq Scan on movie_info mi  (cost=0.00..309384.22 rows=14739122 width=4) (actual time=0.025..6120.185 rows=14835720 loops=1)
  ->  Hash  (cost=219583.98..219583.98 rows=1107821 width=8) (actual time=7037.676..7037.676 rows=2883154 loops=1)
        Buckets: 131072 (originally 131072)  Batches: 64 (originally 16)  Memory Usage: 3073kB
        ->  Hash Join  (cost=84084.73..219583.98 rows=1107821 width=8) (actual time=1350.701..6123.540 rows=2883154 loops=1)
              Hash Cond: (mk.movie_id = t.id)
              ->  Seq Scan on movie_keyword mk  (cost=0.00..69693.30 rows=4523930 width=4) (actual time=0.029..1608.120 rows=4523930 loops=1)
              ->  Hash  (cost=73925.90..73925.90 rows=619186 width=4) (actual time=1349.933..1349.933 rows=634771 loops=1)
                    Buckets: 131072  Batches: 16  Memory Usage: 2427kB
                    ->  Seq Scan on title t  (cost=0.00..73925.90 rows=619186 width=4) (actual time=0.024..1143.900 rows=634771 loops=1)
                          Filter: ((kind_id < 3) AND (production_year < 2011))
                          Rows Removed by Filter: 1893541
Planning time: 1.138 ms
Execution time: 90032.165 ms
