Hash Join  (cost=86935.43..1237436.67 rows=11360007 width=0) (actual time=1793.774..33103.584 rows=9055846 loops=1)
  Hash Cond: (ci.movie_id = t.id)
  ->  Seq Scan on cast_info ci  (cost=0.00..614943.12 rows=36225612 width=4) (actual time=0.011..13121.336 rows=36244344 loops=1)
  ->  Hash  (cost=73925.90..73925.90 rows=792922 width=4) (actual time=1792.979..1792.979 rows=692469 loops=1)
        Buckets: 131072  Batches: 16  Memory Usage: 2548kB
        ->  Seq Scan on title t  (cost=0.00..73925.90 rows=792922 width=4) (actual time=0.022..1540.758 rows=692469 loops=1)
              Filter: ((kind_id > 1) AND (production_year < 2001))
              Rows Removed by Filter: 1835843
Planning time: 0.780 ms
Execution time: 34035.762 ms
