Hash Join  (cost=75514.60..106503.82 rows=17381 width=0) (actual time=1777.449..2385.073 rows=36822 loops=1)
  Hash Cond: (mi_idx.movie_id = t.id)
  ->  Seq Scan on movie_info_idx mi_idx  (cost=0.00..25185.44 rows=454124 width=4) (actual time=0.016..536.718 rows=459925 loops=1)
        Filter: (info_type_id = 100)
        Rows Removed by Filter: 920110
  ->  Hash  (cost=73925.90..73925.90 rows=96776 width=4) (actual time=1666.295..1666.295 rows=99004 loops=1)
        Buckets: 131072  Batches: 2  Memory Usage: 2769kB
        ->  Seq Scan on title t  (cost=0.00..73925.90 rows=96776 width=4) (actual time=655.386..1302.752 rows=99004 loops=1)
              Filter: ((production_year < 2013) AND (kind_id = 3))
              Rows Removed by Filter: 2429308
Planning time: 0.766 ms
Execution time: 2389.477 ms
