Hash Join  (cost=75342.47..893021.97 rows=60975 width=0) (actual time=8595.231..14408.570 rows=127902 loops=1)
  Hash Cond: (ci.movie_id = t.id)
  ->  Seq Scan on cast_info ci  (cost=0.00..796071.18 rows=1786819 width=4) (actual time=7479.325..11943.949 rows=3597430 loops=1)
        Filter: ((person_id < 482056) AND (role_id = 1))
        Rows Removed by Filter: 32646914
  ->  Hash  (cost=73925.90..73925.90 rows=86285 width=4) (actual time=1114.883..1114.883 rows=92628 loops=1)
        Buckets: 131072  Batches: 2  Memory Usage: 2653kB
        ->  Seq Scan on title t  (cost=0.00..73925.90 rows=86285 width=4) (actual time=83.933..1080.397 rows=92628 loops=1)
              Filter: ((kind_id = 7) AND (production_year = 2010))
              Rows Removed by Filter: 2435684
Planning time: 0.852 ms
Execution time: 14424.721 ms
