Hash Join  (cost=28270.40..119492.79 rows=396 width=0) (actual time=448.865..2353.779 rows=26333 loops=1)
  Hash Cond: (mk.movie_id = t.id)
  ->  Seq Scan on movie_keyword mk  (cost=0.00..81003.12 rows=2724082 width=4) (actual time=0.016..1506.518 rows=2716578 loops=1)
        Filter: (keyword_id > 2926)
        Rows Removed by Filter: 1807352
  ->  Hash  (cost=28265.80..28265.80 rows=368 width=8) (actual time=437.614..437.614 rows=260 loops=1)
        Buckets: 1024  Batches: 1  Memory Usage: 19kB
        ->  Nested Loop  (cost=0.43..28265.80 rows=368 width=8) (actual time=101.813..437.501 rows=260 loops=1)
              ->  Seq Scan on movie_info_idx mi_idx  (cost=0.00..25185.44 rows=368 width=4) (actual time=101.709..429.127 rows=260 loops=1)
                    Filter: (info_type_id > 101)
                    Rows Removed by Filter: 1379775
              ->  Index Only Scan using title_pkey on title t  (cost=0.43..8.36 rows=1 width=4) (actual time=0.031..0.031 rows=1 loops=260)
                    Index Cond: (id = mi_idx.movie_id)
                    Heap Fetches: 260
Planning time: 1.180 ms
Execution time: 2357.327 ms
