Seq Scan on movie_keyword mk  (cost=0.00..81003.12 rows=8445 width=0) (actual time=8.144..1265.150 rows=7552 loops=1)
  Filter: (keyword_id = 910)
  Rows Removed by Filter: 4516378
Planning time: 0.328 ms
Execution time: 1266.966 ms
