Seq Scan on movie_companies mc  (cost=0.00..57926.93 rows=1023869 width=0) (actual time=0.018..1249.185 rows=892651 loops=1)
  Filter: ((company_id > 477) AND (company_type_id < 2))
  Rows Removed by Filter: 1716478
Planning time: 0.270 ms
Execution time: 1358.824 ms
