Hash Join  (cost=92883.59..983418.44 rows=5769586 width=0) (actual time=10594.098..21743.913 rows=5225870 loops=1)
  Hash Cond: (ci.movie_id = t.id)
  ->  Seq Scan on cast_info ci  (cost=0.00..705507.15 rows=9468168 width=4) (actual time=8879.180..13859.977 rows=9384703 loops=1)
        Filter: (role_id > 4)
        Rows Removed by Filter: 26859641
  ->  Hash  (cost=67604.59..67604.59 rows=1540800 width=4) (actual time=1713.161..1713.161 rows=1543264 loops=1)
        Buckets: 131072  Batches: 32  Memory Usage: 2722kB
        ->  Seq Scan on title t  (cost=0.00..67604.59 rows=1540800 width=4) (actual time=0.027..1221.218 rows=1543264 loops=1)
              Filter: (kind_id = 7)
              Rows Removed by Filter: 985048
Planning time: 0.800 ms
Execution time: 22285.206 ms
