Hash Join  (cost=201905.78..340784.31 rows=1385149 width=0) (actual time=4054.431..8081.930 rows=2616609 loops=1)
  Hash Cond: (mk.movie_id = t.id)
  ->  Seq Scan on movie_keyword mk  (cost=0.00..69693.30 rows=4523930 width=4) (actual time=0.022..1386.210 rows=4523930 loops=1)
  ->  Hash  (cost=189203.40..189203.40 rows=774191 width=8) (actual time=4052.446..4052.446 rows=480688 loops=1)
        Buckets: 131072  Batches: 16  Memory Usage: 2199kB
        ->  Hash Join  (cost=102767.86..189203.40 rows=774191 width=8) (actual time=2199.069..3900.663 rows=480688 loops=1)
              Hash Cond: (mc.movie_id = t.id)
              ->  Seq Scan on movie_companies mc  (cost=0.00..57926.93 rows=774191 width=4) (actual time=277.336..1073.209 rows=480688 loops=1)
                    Filter: ((company_id < 14048) AND (company_type_id = 2))
                    Rows Removed by Filter: 2128441
              ->  Hash  (cost=61283.27..61283.27 rows=2528527 width=4) (actual time=1920.427..1920.427 rows=2528312 loops=1)
                    Buckets: 131072  Batches: 64  Memory Usage: 2415kB
                    ->  Seq Scan on title t  (cost=0.00..61283.27 rows=2528527 width=4) (actual time=0.024..1085.171 rows=2528312 loops=1)
Planning time: 1.056 ms
Execution time: 8376.417 ms
