Hash Join  (cost=102767.86..224926.57 rows=1299790 width=0) (actual time=2028.035..4799.413 rows=1304686 loops=1)
  Hash Cond: (mk.movie_id = t.id)
  ->  Seq Scan on movie_keyword mk  (cost=0.00..81003.12 rows=1299790 width=4) (actual time=0.026..1455.946 rows=1304686 loops=1)
        Filter: (keyword_id < 1711)
        Rows Removed by Filter: 3219244
  ->  Hash  (cost=61283.27..61283.27 rows=2528527 width=4) (actual time=2025.821..2025.821 rows=2528312 loops=1)
        Buckets: 131072  Batches: 64  Memory Usage: 2425kB
        ->  Seq Scan on title t  (cost=0.00..61283.27 rows=2528527 width=4) (actual time=0.012..1169.893 rows=2528312 loops=1)
Planning time: 0.724 ms
Execution time: 4940.447 ms
