Hash Join  (cost=52284.99..142227.48 rows=98 width=0) (actual time=1095.164..2680.746 rows=4990 loops=1)
  Hash Cond: (mk.movie_id = t.id)
  ->  Seq Scan on movie_keyword mk  (cost=0.00..81003.12 rows=2383569 width=4) (actual time=0.026..1470.478 rows=2384314 loops=1)
        Filter: (keyword_id < 5489)
        Rows Removed by Filter: 2139616
  ->  Hash  (cost=52283.69..52283.69 rows=104 width=8) (actual time=859.766..859.766 rows=128 loops=1)
        Buckets: 1024  Batches: 1  Memory Usage: 13kB
        ->  Nested Loop  (cost=0.43..52283.69 rows=104 width=8) (actual time=165.920..859.648 rows=128 loops=1)
              ->  Seq Scan on movie_companies mc  (cost=0.00..51404.11 rows=104 width=4) (actual time=165.817..851.956 rows=128 loops=1)
                    Filter: (company_id = 5194)
                    Rows Removed by Filter: 2609001
              ->  Index Only Scan using title_pkey on title t  (cost=0.43..8.45 rows=1 width=4) (actual time=0.057..0.058 rows=1 loops=128)
                    Index Cond: (id = mc.movie_id)
                    Heap Fetches: 128
Planning time: 1.228 ms
Execution time: 2681.544 ms
