Hash Join  (cost=124186.80..616279.02 rows=1151431 width=0) (actual time=3301.304..17521.727 rows=8449517 loops=1)
  Hash Cond: (mi.movie_id = t.id)
  ->  Seq Scan on movie_info mi  (cost=0.00..309384.22 rows=14739122 width=4) (actual time=0.015..6139.494 rows=14835720 loops=1)
  ->  Hash  (cost=120945.67..120945.67 rows=197530 width=8) (actual time=3297.491..3297.491 rows=453658 loops=1)
        Buckets: 131072 (originally 131072)  Batches: 8 (originally 4)  Memory Usage: 3259kB
        ->  Hash Join  (cost=79863.89..120945.67 rows=197530 width=8) (actual time=1299.548..3152.900 rows=453658 loops=1)
              Hash Cond: (mi_idx.movie_id = t.id)
              ->  Seq Scan on movie_info_idx mi_idx  (cost=0.00..21735.35 rows=1380035 width=4) (actual time=0.023..444.611 rows=1380035 loops=1)
              ->  Hash  (cost=73925.90..73925.90 rows=361919 width=4) (actual time=1298.474..1298.474 rows=470371 loops=1)
                    Buckets: 131072  Batches: 8  Memory Usage: 3103kB
                    ->  Seq Scan on title t  (cost=0.00..73925.90 rows=361919 width=4) (actual time=0.027..1163.021 rows=470371 loops=1)
                          Filter: ((kind_id < 7) AND (production_year < 1998))
                          Rows Removed by Filter: 2057941
Planning time: 1.800 ms
Execution time: 18353.598 ms
