Hash Join  (cost=1018504.83..3253580.01 rows=98226289 width=0) (actual time=24812.324..107915.738 rows=217760181 loops=1)
  Hash Cond: (ci.movie_id = t.id)
  ->  Seq Scan on cast_info ci  (cost=0.00..705507.15 rows=16850924 width=4) (actual time=0.032..14220.527 rows=16707943 loops=1)
        Filter: (person_id < 1653962)
        Rows Removed by Filter: 19536401
  ->  Hash  (cost=776690.81..776690.81 rows=14739122 width=8) (actual time=24808.476..24808.476 rows=14835720 loops=1)
        Buckets: 131072  Batches: 256  Memory Usage: 3268kB
        ->  Hash Join  (cost=102767.86..776690.81 rows=14739122 width=8) (actual time=2087.187..20480.771 rows=14835720 loops=1)
              Hash Cond: (mi.movie_id = t.id)
              ->  Seq Scan on movie_info mi  (cost=0.00..309384.22 rows=14739122 width=4) (actual time=0.019..6370.064 rows=14835720 loops=1)
              ->  Hash  (cost=61283.27..61283.27 rows=2528527 width=4) (actual time=2085.620..2085.620 rows=2528312 loops=1)
                    Buckets: 131072  Batches: 64  Memory Usage: 2425kB
                    ->  Seq Scan on title t  (cost=0.00..61283.27 rows=2528527 width=4) (actual time=0.016..1249.180 rows=2528312 loops=1)
Planning time: 1.188 ms
Execution time: 132511.378 ms
