Seq Scan on cast_info ci  (cost=0.00..705507.15 rows=24621669 width=0) (actual time=0.016..12640.926 rows=24736447 loops=1)
  Filter: (person_id > 1132305)
  Rows Removed by Filter: 11507897
Planning time: 0.331 ms
Execution time: 15700.712 ms
