Seq Scan on cast_info ci  (cost=0.00..705507.15 rows=500 width=0) (actual time=1028.843..10819.835 rows=95 loops=1)
  Filter: (person_id = 1278212)
  Rows Removed by Filter: 36244249
Planning time: 0.488 ms
Execution time: 10819.962 ms
