Hash Join  (cost=96021.49..146325.44 rows=735047 width=0) (actual time=2373.778..3878.752 rows=541659 loops=1)
  Hash Cond: (mi_idx.movie_id = t.id)
  ->  Seq Scan on movie_info_idx mi_idx  (cost=0.00..21735.35 rows=1380035 width=4) (actual time=0.014..525.168 rows=1380035 loops=1)
  ->  Hash  (cost=73925.90..73925.90 rows=1346767 width=4) (actual time=2367.458..2367.458 rows=1325688 loops=1)
        Buckets: 131072  Batches: 32  Memory Usage: 2479kB
        ->  Seq Scan on title t  (cost=0.00..73925.90 rows=1346767 width=4) (actual time=0.013..1443.801 rows=1325688 loops=1)
              Filter: ((kind_id > 2) AND (production_year < 2010))
              Rows Removed by Filter: 1202624
Planning time: 0.795 ms
Execution time: 3941.754 ms
