Hash Join  (cost=83073.59..137739.68 rows=57 width=0) (actual time=1403.753..2294.000 rows=1568 loops=1)
  Hash Cond: (mc.movie_id = t.id)
  ->  Seq Scan on movie_companies mc  (cost=0.00..44881.29 rows=2609129 width=4) (actual time=0.013..565.751 rows=2609129 loops=1)
  ->  Hash  (cost=83072.90..83072.90 rows=55 width=8) (actual time=1263.100..1263.100 rows=153 loops=1)
        Buckets: 1024  Batches: 1  Memory Usage: 14kB
        ->  Nested Loop  (cost=0.43..83072.90 rows=55 width=8) (actual time=11.526..1262.913 rows=153 loops=1)
              ->  Seq Scan on movie_keyword mk  (cost=0.00..81003.12 rows=246 width=4) (actual time=11.465..1238.086 rows=359 loops=1)
                    Filter: (keyword_id = 404)
                    Rows Removed by Filter: 4523571
              ->  Index Scan using title_pkey on title t  (cost=0.43..8.40 rows=1 width=4) (actual time=0.067..0.067 rows=0 loops=359)
                    Index Cond: (id = mk.movie_id)
                    Filter: ((production_year > 1966) AND (kind_id = 1))
                    Rows Removed by Filter: 1
Planning time: 1.202 ms
Execution time: 2294.451 ms
