Hash Join  (cost=83072.35..137737.92 rows=5 width=0) (actual time=1020.841..2055.959 rows=334 loops=1)
  Hash Cond: (mc.movie_id = t.id)
  ->  Seq Scan on movie_companies mc  (cost=0.00..44881.29 rows=2609129 width=4) (actual time=0.021..577.410 rows=2609129 loops=1)
  ->  Hash  (cost=83072.29..83072.29 rows=5 width=8) (actual time=1020.533..1020.533 rows=21 loops=1)
        Buckets: 1024  Batches: 1  Memory Usage: 9kB
        ->  Nested Loop  (cost=0.43..83072.29 rows=5 width=8) (actual time=16.139..1020.481 rows=21 loops=1)
              ->  Seq Scan on movie_keyword mk  (cost=0.00..81003.12 rows=246 width=4) (actual time=0.302..999.875 rows=788 loops=1)
                    Filter: (keyword_id = 2567)
                    Rows Removed by Filter: 4523142
              ->  Index Scan using title_pkey on title t  (cost=0.43..8.40 rows=1 width=4) (actual time=0.025..0.025 rows=0 loops=788)
                    Index Cond: (id = mk.movie_id)
                    Filter: (production_year = 2000)
                    Rows Removed by Filter: 1
Planning time: 1.244 ms
Execution time: 2056.194 ms
