Hash Join  (cost=149091.20..585198.00 rows=1661433 width=0) (actual time=3512.734..13522.585 rows=4377686 loops=1)
  Hash Cond: (mi.movie_id = t.id)
  ->  Seq Scan on movie_info mi  (cost=0.00..346232.03 rows=6103325 width=4) (actual time=0.016..6140.568 rows=6083429 loops=1)
        Filter: (info_type_id > 9)
        Rows Removed by Filter: 8752291
  ->  Hash  (cost=137798.33..137798.33 rows=688309 width=8) (actual time=3511.628..3511.628 rows=585034 loops=1)
        Buckets: 131072  Batches: 16  Memory Usage: 2449kB
        ->  Hash Join  (cost=88295.76..137798.33 rows=688309 width=8) (actual time=1656.366..3354.264 rows=585034 loops=1)
              Hash Cond: (mi_idx.movie_id = t.id)
              ->  Seq Scan on movie_info_idx mi_idx  (cost=0.00..21735.35 rows=1380035 width=4) (actual time=0.024..423.528 rows=1380035 loops=1)
              ->  Hash  (cost=67604.59..67604.59 rows=1261134 width=4) (actual time=1655.008..1655.008 rows=1260295 loops=1)
                    Buckets: 131072  Batches: 32  Memory Usage: 2413kB
                    ->  Seq Scan on title t  (cost=0.00..67604.59 rows=1261134 width=4) (actual time=0.015..1246.618 rows=1260295 loops=1)
                          Filter: (production_year > 2002)
                          Rows Removed by Filter: 1268017
Planning time: 1.147 ms
Execution time: 14026.424 ms
