Seq Scan on movie_companies mc  (cost=0.00..57926.93 rows=53 width=0) (actual time=351.754..875.779 rows=428 loops=1)
  Filter: ((company_type_id > 1) AND (company_id = 76674))
  Rows Removed by Filter: 2608701
Planning time: 0.365 ms
Execution time: 875.989 ms
