Hash Join  (cost=164950.27..307440.77 rows=1375606 width=0) (actual time=3593.518..7472.891 rows=1609641 loops=1)
  Hash Cond: (mk.movie_id = t.id)
  ->  Seq Scan on movie_keyword mk  (cost=0.00..81003.12 rows=3820349 width=4) (actual time=0.015..1780.885 rows=3816749 loops=1)
        Filter: (keyword_id > 591)
        Rows Removed by Filter: 707181
  ->  Hash  (cost=150012.59..150012.59 rows=910455 width=8) (actual time=3591.039..3591.039 rows=525930 loops=1)
        Buckets: 131072  Batches: 16  Memory Usage: 2319kB
        ->  Hash Join  (cost=94973.51..150012.59 rows=910455 width=8) (actual time=1782.605..3409.990 rows=525930 loops=1)
              Hash Cond: (mi_idx.movie_id = t.id)
              ->  Seq Scan on movie_info_idx mi_idx  (cost=0.00..21735.35 rows=1380035 width=4) (actual time=0.019..503.336 rows=1380035 loops=1)
              ->  Hash  (cost=67604.59..67604.59 rows=1668154 width=4) (actual time=1781.618..1781.618 rows=1674098 loops=1)
                    Buckets: 131072  Batches: 32  Memory Usage: 2869kB
                    ->  Seq Scan on title t  (cost=0.00..67604.59 rows=1668154 width=4) (actual time=0.013..1232.895 rows=1674098 loops=1)
                          Filter: (kind_id > 3)
                          Rows Removed by Filter: 854214
Planning time: 1.088 ms
Execution time: 7677.119 ms
