Seq Scan on movie_keyword mk  (cost=0.00..81003.12 rows=246 width=0) (actual time=0.819..1143.972 rows=460 loops=1)
  Filter: (keyword_id = 5149)
  Rows Removed by Filter: 4523470
Planning time: 0.359 ms
Execution time: 1144.286 ms
