Nested Loop  (cost=0.43..798788.22 rows=238 width=0) (actual time=5787.480..13599.978 rows=1 loops=1)
  ->  Seq Scan on cast_info ci  (cost=0.00..796071.18 rows=324 width=4) (actual time=5787.379..13599.872 rows=1 loops=1)
        Filter: ((role_id > 1) AND (person_id = 301831))
        Rows Removed by Filter: 36244343
  ->  Index Scan using title_pkey on title t  (cost=0.43..8.38 rows=1 width=4) (actual time=0.077..0.078 rows=1 loops=1)
        Index Cond: (id = ci.movie_id)
        Filter: (kind_id > 1)
Planning time: 0.683 ms
Execution time: 13600.058 ms
