Nested Loop  (cost=0.43..146193.50 rows=2628 width=0) (actual time=0.202..1347.172 rows=6499 loops=1)
  ->  Seq Scan on movie_keyword mk  (cost=0.00..81003.12 rows=9953 width=4) (actual time=0.153..1171.819 rows=10799 loops=1)
        Filter: (keyword_id = 347)
        Rows Removed by Filter: 4513131
  ->  Index Scan using title_pkey on title t  (cost=0.43..6.54 rows=1 width=4) (actual time=0.015..0.016 rows=1 loops=10799)
        Index Cond: (id = mk.movie_id)
        Filter: (kind_id = 1)
        Rows Removed by Filter: 0
Planning time: 0.852 ms
Execution time: 1349.078 ms
