Hash Join  (cost=75369.60..136063.33 rows=26130 width=0) (actual time=1252.402..2470.920 rows=43770 loops=1)
  Hash Cond: (mc.movie_id = t.id)
  ->  Seq Scan on movie_companies mc  (cost=0.00..51404.11 rows=751016 width=4) (actual time=62.126..945.387 rows=755577 loops=1)
        Filter: (company_id > 36101)
        Rows Removed by Filter: 1853552
  ->  Hash  (cost=73925.90..73925.90 rows=87976 width=4) (actual time=1189.444..1189.444 rows=117742 loops=1)
        Buckets: 131072  Batches: 2  Memory Usage: 3092kB
        ->  Seq Scan on title t  (cost=0.00..73925.90 rows=87976 width=4) (actual time=635.976..1147.983 rows=117742 loops=1)
              Filter: ((production_year > 1980) AND (kind_id = 4))
              Rows Removed by Filter: 2410570
Planning time: 0.738 ms
Execution time: 2477.481 ms
