Hash Join  (cost=811206.54..3194061.49 rows=98902020 width=0) (actual time=18795.311..70735.738 rows=68907509 loops=1)
  Hash Cond: (ci.movie_id = t.id)
  ->  Seq Scan on cast_info ci  (cost=0.00..705507.15 rows=32402688 width=4) (actual time=0.026..16525.067 rows=32383647 loops=1)
        Filter: (person_id < 3353973)
        Rows Removed by Filter: 3860697
  ->  Hash  (cost=684586.44..684586.44 rows=7717768 width=8) (actual time=18791.819..18791.819 rows=3442295 loops=1)
        Buckets: 131072  Batches: 128  Memory Usage: 2043kB
        ->  Hash Join  (cost=92883.59..684586.44 rows=7717768 width=8) (actual time=2505.546..17686.816 rows=3442295 loops=1)
              Hash Cond: (mi.movie_id = t.id)
              ->  Seq Scan on movie_info mi  (cost=0.00..346232.03 rows=12665229 width=4) (actual time=0.018..7066.613 rows=12744652 loops=1)
                    Filter: (info_type_id > 2)
                    Rows Removed by Filter: 2091068
              ->  Hash  (cost=67604.59..67604.59 rows=1540800 width=4) (actual time=2365.249..2365.249 rows=1543264 loops=1)
                    Buckets: 131072  Batches: 32  Memory Usage: 2728kB
                    ->  Seq Scan on title t  (cost=0.00..67604.59 rows=1540800 width=4) (actual time=0.012..1259.224 rows=1543264 loops=1)
                          Filter: (kind_id = 7)
                          Rows Removed by Filter: 985048
Planning time: 1.202 ms
Execution time: 78667.962 ms
