Seq Scan on movie_keyword mk  (cost=0.00..81003.12 rows=4447426 width=0) (actual time=0.030..1171.626 rows=4448305 loops=1)
  Filter: (keyword_id < 89150)
  Rows Removed by Filter: 75625
Planning time: 0.350 ms
Execution time: 1616.626 ms
