Hash Join  (cost=91235.85..127797.41 rows=192345 width=0) (actual time=1732.097..2696.123 rows=142056 loops=1)
  Hash Cond: (mi_idx.movie_id = t.id)
  ->  Seq Scan on movie_info_idx mi_idx  (cost=0.00..25185.44 rows=460978 width=4) (actual time=0.046..455.620 rows=459925 loops=1)
        Filter: (info_type_id = 99)
        Rows Removed by Filter: 920110
  ->  Hash  (cost=73925.90..73925.90 rows=1055036 width=4) (actual time=1730.941..1730.941 rows=1152351 loops=1)
        Buckets: 131072  Batches: 16  Memory Usage: 3561kB
        ->  Seq Scan on title t  (cost=0.00..73925.90 rows=1055036 width=4) (actual time=0.011..1374.200 rows=1152351 loops=1)
              Filter: ((kind_id > 1) AND (production_year > 1999))
              Rows Removed by Filter: 1375961
Planning time: 0.824 ms
Execution time: 2713.905 ms
