Hash Join  (cost=438609.03..532044.48 rows=8233 width=0) (actual time=7612.077..9769.039 rows=82237 loops=1)
  Hash Cond: (mk.movie_id = t.id)
  ->  Seq Scan on movie_keyword mk  (cost=0.00..81003.12 rows=3293331 width=4) (actual time=0.011..1592.351 rows=3280179 loops=1)
        Filter: (keyword_id > 1578)
        Rows Removed by Filter: 1243751
  ->  Hash  (cost=438530.02..438530.02 rows=6321 width=8) (actual time=7610.705..7610.705 rows=7744 loops=1)
        Buckets: 8192  Batches: 1  Memory Usage: 367kB
        ->  Hash Join  (cost=88544.52..438530.02 rows=6321 width=8) (actual time=6427.105..7608.102 rows=7744 loops=1)
              Hash Cond: (mi.movie_id = t.id)
              ->  Seq Scan on movie_info mi  (cost=0.00..346232.03 rows=17937 width=4) (actual time=4245.103..5243.552 rows=140065 loops=1)
                    Filter: (info_type_id = 9)
                    Rows Removed by Filter: 14695655
              ->  Hash  (cost=73925.90..73925.90 rows=891009 width=4) (actual time=2180.645..2180.645 rows=800991 loops=1)
                    Buckets: 131072  Batches: 16  Memory Usage: 2792kB
                    ->  Seq Scan on title t  (cost=0.00..73925.90 rows=891009 width=4) (actual time=0.028..1403.237 rows=800991 loops=1)
                          Filter: ((kind_id > 3) AND (production_year < 2005))
                          Rows Removed by Filter: 1727321
Planning time: 0.770 ms
Execution time: 9779.980 ms
