Seq Scan on cast_info ci  (cost=0.00..796071.18 rows=332 width=0) (actual time=3292.628..13936.723 rows=1 loops=1)
  Filter: ((role_id < 4) AND (person_id = 826632))
  Rows Removed by Filter: 36244343
Planning time: 0.373 ms
Execution time: 13936.843 ms
