Hash Join  (cost=74058.02..875003.80 rows=5374 width=0) (actual time=6000.902..13250.919 rows=18371 loops=1)
  Hash Cond: (ci.movie_id = t.id)
  ->  Seq Scan on cast_info ci  (cost=0.00..796071.18 rows=1285563 width=4) (actual time=4977.855..11408.744 rows=3912961 loops=1)
        Filter: ((person_id > 2882206) AND (role_id > 8))
        Rows Removed by Filter: 32331383
  ->  Hash  (cost=73925.90..73925.90 rows=10569 width=4) (actual time=1021.938..1021.938 rows=10528 loops=1)
        Buckets: 16384  Batches: 1  Memory Usage: 499kB
        ->  Seq Scan on title t  (cost=0.00..73925.90 rows=10569 width=4) (actual time=0.434..1016.427 rows=10528 loops=1)
              Filter: ((kind_id < 7) AND (production_year = 1993))
              Rows Removed by Filter: 2517784
Planning time: 0.821 ms
Execution time: 13254.938 ms
