Hash Join  (cost=102767.86..224799.60 rows=1294561 width=0) (actual time=1827.475..4679.401 rows=1303071 loops=1)
  Hash Cond: (mk.movie_id = t.id)
  ->  Seq Scan on movie_keyword mk  (cost=0.00..81003.12 rows=1294561 width=4) (actual time=0.021..1401.754 rows=1303071 loops=1)
        Filter: (keyword_id < 1702)
        Rows Removed by Filter: 3220859
  ->  Hash  (cost=61283.27..61283.27 rows=2528527 width=4) (actual time=1826.552..1826.552 rows=2528312 loops=1)
        Buckets: 131072  Batches: 64  Memory Usage: 2425kB
        ->  Seq Scan on title t  (cost=0.00..61283.27 rows=2528527 width=4) (actual time=0.015..999.276 rows=2528312 loops=1)
Planning time: 0.734 ms
Execution time: 4832.330 ms
