Hash Join  (cost=1137891.50..2238078.98 rows=46055123 width=0) (actual time=23853.569..68505.055 rows=114871057 loops=1)
  Hash Cond: (mi.movie_id = t.id)
  ->  Seq Scan on movie_info mi  (cost=0.00..309384.22 rows=14739122 width=4) (actual time=0.024..6139.823 rows=14835720 loops=1)
  ->  Hash  (cost=1008267.85..1008267.85 rows=7900852 width=8) (actual time=23850.795..23850.795 rows=7881227 loops=1)
        Buckets: 131072  Batches: 128  Memory Usage: 3441kB
        ->  Hash Join  (cost=102767.86..1008267.85 rows=7900852 width=8) (actual time=3309.087..21610.875 rows=7881227 loops=1)
              Hash Cond: (ci.movie_id = t.id)
              ->  Seq Scan on cast_info ci  (cost=0.00..705507.15 rows=7900852 width=4) (actual time=995.164..12268.984 rows=7881227 loops=1)
                    Filter: (person_id > 2890152)
                    Rows Removed by Filter: 28363117
              ->  Hash  (cost=61283.27..61283.27 rows=2528527 width=4) (actual time=2312.664..2312.664 rows=2528312 loops=1)
                    Buckets: 131072  Batches: 64  Memory Usage: 2415kB
                    ->  Seq Scan on title t  (cost=0.00..61283.27 rows=2528527 width=4) (actual time=0.021..947.562 rows=2528312 loops=1)
Planning time: 1.268 ms
Execution time: 81275.206 ms
