Hash Join  (cost=171207.51..303177.90 rows=818135 width=0) (actual time=4550.996..15148.115 rows=25548231 loops=1)
  Hash Cond: (mk.movie_id = t.id)
  ->  Seq Scan on movie_keyword mk  (cost=0.00..69693.30 rows=4523930 width=4) (actual time=0.022..1474.692 rows=4523930 loops=1)
  ->  Hash  (cost=163704.58..163704.58 rows=457274 width=8) (actual time=4550.298..4550.298 rows=957407 loops=1)
        Buckets: 131072 (originally 131072)  Batches: 16 (originally 8)  Memory Usage: 3430kB
        ->  Hash Join  (cost=83810.17..163704.58 rows=457274 width=8) (actual time=1651.833..4247.543 rows=957407 loops=1)
              Hash Cond: (mc.movie_id = t.id)
              ->  Seq Scan on movie_companies mc  (cost=0.00..57926.93 rows=1170596 width=4) (actual time=233.954..1162.332 rows=1274246 loops=1)
                    Filter: ((company_id < 107030) AND (company_type_id < 2))
                    Rows Removed by Filter: 1334883
              ->  Hash  (cost=67604.59..67604.59 rows=987727 width=4) (actual time=1417.006..1417.006 rows=985048 loops=1)
                    Buckets: 131072  Batches: 16  Memory Usage: 3188kB
                    ->  Seq Scan on title t  (cost=0.00..67604.59 rows=987727 width=4) (actual time=0.034..1104.760 rows=985048 loops=1)
                          Filter: (kind_id < 7)
                          Rows Removed by Filter: 1543264
Planning time: 0.980 ms
Execution time: 18209.194 ms
