Hash Join  (cost=167456.35..937851.55 rows=196027 width=0) (actual time=6914.529..18853.016 rows=243501 loops=1)
  Hash Cond: (ci.movie_id = t.id)
  ->  Seq Scan on cast_info ci  (cost=0.00..705507.15 rows=16780749 width=4) (actual time=3759.381..11725.526 rows=16895449 loops=1)
        Filter: (person_id > 1935769)
        Rows Removed by Filter: 19348895
  ->  Hash  (cost=167087.14..167087.14 rows=29537 width=8) (actual time=3154.514..3154.514 rows=29524 loops=1)
        Buckets: 32768  Batches: 1  Memory Usage: 1410kB
        ->  Hash Join  (cost=74228.76..167087.14 rows=29537 width=8) (actual time=1077.943..3144.368 rows=29524 loops=1)
              Hash Cond: (mk.movie_id = t.id)
              ->  Seq Scan on movie_keyword mk  (cost=0.00..81003.12 rows=3082636 width=4) (actual time=0.036..1564.557 rows=3064407 loops=1)
                    Filter: (keyword_id > 2064)
                    Rows Removed by Filter: 1459523
              ->  Hash  (cost=73925.90..73925.90 rows=24228 width=4) (actual time=1077.523..1077.523 rows=21082 loops=1)
                    Buckets: 32768  Batches: 1  Memory Usage: 998kB
                    ->  Seq Scan on title t  (cost=0.00..73925.90 rows=24228 width=4) (actual time=0.028..1068.829 rows=21082 loops=1)
                          Filter: ((production_year > 2009) AND (kind_id = 4))
                          Rows Removed by Filter: 2507230
Planning time: 1.185 ms
Execution time: 18885.380 ms
