Hash Join  (cost=109332.71..165719.42 rows=18441 width=0) (actual time=2751.158..3931.957 rows=238841 loops=1)
  Hash Cond: (mc.movie_id = t.id)
  ->  Seq Scan on movie_companies mc  (cost=0.00..51404.11 rows=1279517 width=4) (actual time=0.012..936.986 rows=1274246 loops=1)
        Filter: (company_type_id < 2)
        Rows Removed by Filter: 1334883
  ->  Hash  (cost=108877.18..108877.18 rows=36442 width=8) (actual time=2446.943..2446.943 rows=98973 loops=1)
        Buckets: 131072 (originally 65536)  Batches: 2 (originally 1)  Memory Usage: 3073kB
        ->  Hash Join  (cost=77180.21..108877.18 rows=36442 width=8) (actual time=1621.523..2410.200 rows=98973 loops=1)
              Hash Cond: (mi_idx.movie_id = t.id)
              ->  Seq Scan on movie_info_idx mi_idx  (cost=0.00..25185.44 rows=464566 width=4) (actual time=0.024..516.243 rows=459925 loops=1)
                    Filter: (info_type_id = 101)
                    Rows Removed by Filter: 920110
              ->  Hash  (cost=73925.90..73925.90 rows=198344 width=4) (actual time=1586.523..1586.523 rows=331222 loops=1)
                    Buckets: 131072  Batches: 4  Memory Usage: 3937kB
                    ->  Seq Scan on title t  (cost=0.00..73925.90 rows=198344 width=4) (actual time=42.089..1173.415 rows=331222 loops=1)
                          Filter: ((production_year < 1993) AND (kind_id = 1))
                          Rows Removed by Filter: 2197090
Planning time: 1.248 ms
Execution time: 3962.347 ms
