Hash Join  (cost=102767.86..205166.87 rows=478639 width=0) (actual time=2073.381..4210.730 rows=475021 loops=1)
  Hash Cond: (mk.movie_id = t.id)
  ->  Seq Scan on movie_keyword mk  (cost=0.00..81003.12 rows=478639 width=4) (actual time=0.014..1309.797 rows=475021 loops=1)
        Filter: (keyword_id > 37569)
        Rows Removed by Filter: 4048909
  ->  Hash  (cost=61283.27..61283.27 rows=2528527 width=4) (actual time=2071.666..2071.666 rows=2528312 loops=1)
        Buckets: 131072  Batches: 64  Memory Usage: 2425kB
        ->  Seq Scan on title t  (cost=0.00..61283.27 rows=2528527 width=4) (actual time=0.011..1175.378 rows=2528312 loops=1)
Planning time: 0.719 ms
Execution time: 4269.509 ms
