Seq Scan on movie_keyword mk  (cost=0.00..81003.12 rows=2512790 width=0) (actual time=0.015..1562.369 rows=2507250 loops=1)
  Filter: (keyword_id > 3600)
  Rows Removed by Filter: 2016680
Planning time: 0.329 ms
Execution time: 1879.425 ms
