Hash Join  (cost=242252.47..1628944.50 rows=29944185 width=0) (actual time=6099.376..54483.346 rows=66663282 loops=1)
  Hash Cond: (ci.movie_id = t.id)
  ->  Seq Scan on cast_info ci  (cost=0.00..614943.12 rows=36225612 width=4) (actual time=0.025..13551.321 rows=36244344 loops=1)
  ->  Hash  (cost=207961.38..207961.38 rows=2090087 width=8) (actual time=6098.581..6098.581 rows=1838065 loops=1)
        Buckets: 131072  Batches: 32  Memory Usage: 3234kB
        ->  Hash Join  (cost=100836.57..207961.38 rows=2090087 width=8) (actual time=2366.920..5533.059 rows=1838065 loops=1)
              Hash Cond: (mc.movie_id = t.id)
              ->  Seq Scan on movie_companies mc  (cost=0.00..44881.29 rows=2609129 width=4) (actual time=0.021..882.419 rows=2609129 loops=1)
              ->  Hash  (cost=67604.59..67604.59 rows=2025519 width=4) (actual time=2364.396..2364.396 rows=2018703 loops=1)
                    Buckets: 131072  Batches: 32  Memory Usage: 3247kB
                    ->  Seq Scan on title t  (cost=0.00..67604.59 rows=2025519 width=4) (actual time=0.021..1467.061 rows=2018703 loops=1)
                          Filter: (production_year > 1974)
                          Rows Removed by Filter: 509609
Planning time: 1.193 ms
Execution time: 61572.002 ms
