Seq Scan on cast_info ci  (cost=0.00..796071.18 rows=176 width=0) (actual time=10493.729..14130.141 rows=225 loops=1)
  Filter: ((role_id < 2) AND (person_id = 647301))
  Rows Removed by Filter: 36244119
Planning time: 0.431 ms
Execution time: 14130.283 ms
