Seq Scan on cast_info ci  (cost=0.00..796071.18 rows=9332640 width=0) (actual time=8855.483..15448.463 rows=12670688 loops=1)
  Filter: ((person_id < 2745052) AND (role_id = 1))
  Rows Removed by Filter: 23573656
Planning time: 0.412 ms
Execution time: 17027.002 ms
