Hash Join  (cost=444803.97..1287453.18 rows=628952 width=0) (actual time=9680.221..27573.088 rows=2031215 loops=1)
  Hash Cond: (ci.movie_id = t.id)
  ->  Seq Scan on cast_info ci  (cost=0.00..705507.15 rows=7298253 width=4) (actual time=213.784..13957.201 rows=7451973 loops=1)
        Filter: (role_id = 2)
        Rows Removed by Filter: 28792371
  ->  Hash  (cost=441228.16..441228.16 rows=217905 width=8) (actual time=9464.694..9464.694 rows=378799 loops=1)
        Buckets: 131072 (originally 131072)  Batches: 8 (originally 4)  Memory Usage: 3073kB
        ->  Hash Join  (cost=74393.18..441228.16 rows=217905 width=8) (actual time=896.779..9312.969 rows=378799 loops=1)
              Hash Cond: (mi.movie_id = t.id)
              ->  Seq Scan on movie_info mi  (cost=0.00..309384.22 rows=14739122 width=4) (actual time=0.024..4498.122 rows=14835720 loops=1)
              ->  Hash  (cost=73925.90..73925.90 rows=37382 width=4) (actual time=896.363..896.363 rows=33190 loops=1)
                    Buckets: 65536  Batches: 1  Memory Usage: 1679kB
                    ->  Seq Scan on title t  (cost=0.00..73925.90 rows=37382 width=4) (actual time=0.055..883.963 rows=33190 loops=1)
                          Filter: ((kind_id = 1) AND (production_year = 2010))
                          Rows Removed by Filter: 2495122
Planning time: 1.205 ms
Execution time: 27838.895 ms
