Hash Join  (cost=83074.74..109963.59 rows=44 width=0) (actual time=1462.685..2019.691 rows=1679 loops=1)
  Hash Cond: (mi_idx.movie_id = t.id)
  ->  Seq Scan on movie_info_idx mi_idx  (cost=0.00..25185.44 rows=454124 width=4) (actual time=0.009..482.148 rows=459925 loops=1)
        Filter: (info_type_id = 100)
        Rows Removed by Filter: 920110
  ->  Hash  (cost=83071.67..83071.67 rows=246 width=8) (actual time=1462.542..1462.542 rows=1763 loops=1)
        Buckets: 2048 (originally 1024)  Batches: 1 (originally 1)  Memory Usage: 85kB
        ->  Nested Loop  (cost=0.43..83071.67 rows=246 width=8) (actual time=3.917..1461.366 rows=1763 loops=1)
              ->  Seq Scan on movie_keyword mk  (cost=0.00..81003.12 rows=246 width=4) (actual time=3.845..1381.727 rows=1763 loops=1)
                    Filter: (keyword_id = 7877)
                    Rows Removed by Filter: 4522167
              ->  Index Only Scan using title_pkey on title t  (cost=0.43..8.40 rows=1 width=4) (actual time=0.044..0.044 rows=1 loops=1763)
                    Index Cond: (id = mk.movie_id)
                    Heap Fetches: 1763
Planning time: 1.214 ms
Execution time: 2020.153 ms
