Seq Scan on cast_info ci  (cost=0.00..705507.15 rows=9913062 width=0) (actual time=3624.462..12200.456 rows=9894676 loops=1)
  Filter: (person_id > 2723357)
  Rows Removed by Filter: 26349668
Planning time: 0.356 ms
Execution time: 13451.295 ms
