Hash Join  (cost=504269.78..1272442.24 rows=594878 width=0) (actual time=14945.991..24877.033 rows=825188 loops=1)
  Hash Cond: (ci.movie_id = t.id)
  ->  Seq Scan on cast_info ci  (cost=0.00..705507.15 rows=4320508 width=4) (actual time=4640.356..12479.327 rows=4323018 loops=1)
        Filter: (role_id = 10)
        Rows Removed by Filter: 31921326
  ->  Hash  (cost=498557.97..498557.97 rows=348145 width=8) (actual time=10302.515..10302.515 rows=189638 loops=1)
        Buckets: 131072  Batches: 8  Memory Usage: 1959kB
        ->  Hash Join  (cost=76243.83..498557.97 rows=348145 width=8) (actual time=1674.033..10230.483 rows=189638 loops=1)
              Hash Cond: (mi.movie_id = t.id)
              ->  Seq Scan on movie_info mi  (cost=0.00..346232.03 rows=6231111 width=4) (actual time=419.289..6588.237 rows=6223494 loops=1)
                    Filter: (info_type_id > 8)
                    Rows Removed by Filter: 8612226
              ->  Hash  (cost=73925.90..73925.90 rows=141274 width=4) (actual time=1253.946..1253.946 rows=150659 loops=1)
                    Buckets: 131072  Batches: 2  Memory Usage: 3679kB
                    ->  Seq Scan on title t  (cost=0.00..73925.90 rows=141274 width=4) (actual time=282.946..1196.556 rows=150659 loops=1)
                          Filter: ((production_year > 2011) AND (kind_id = 7))
                          Rows Removed by Filter: 2377653
Planning time: 1.187 ms
Execution time: 24979.208 ms
