Hash Join  (cost=91342.70..1042461.38 rows=4945795 width=0) (actual time=7617.414..20027.923 rows=3112825 loops=1)
  Hash Cond: (ci.movie_id = t.id)
  ->  Seq Scan on cast_info ci  (cost=0.00..796071.18 rows=8643079 width=4) (actual time=5636.526..13490.417 rows=6390322 loops=1)
        Filter: ((person_id > 2722557) AND (role_id < 10))
        Rows Removed by Filter: 29854022
  ->  Hash  (cost=67604.59..67604.59 rows=1446889 width=4) (actual time=1979.999..1979.999 rows=1443298 loops=1)
        Buckets: 131072  Batches: 32  Memory Usage: 2608kB
        ->  Seq Scan on title t  (cost=0.00..67604.59 rows=1446889 width=4) (actual time=0.024..1317.639 rows=1443298 loops=1)
              Filter: (production_year < 2006)
              Rows Removed by Filter: 1085014
Planning time: 0.778 ms
Execution time: 20416.236 ms
