Hash Join  (cost=145566.89..260931.76 rows=124964 width=0) (actual time=2965.198..5614.272 rows=639738 loops=1)
  Hash Cond: (mk.movie_id = t.id)
  ->  Seq Scan on movie_keyword mk  (cost=0.00..81003.12 rows=2825895 width=4) (actual time=0.029..1654.509 rows=2817382 loops=1)
        Filter: (keyword_id > 2682)
        Rows Removed by Filter: 1706548
  ->  Hash  (cost=143732.21..143732.21 rows=111814 width=8) (actual time=2964.086..2964.086 rows=76427 loops=1)
        Buckets: 131072  Batches: 2  Memory Usage: 2512kB
        ->  Hash Join  (cost=70241.71..143732.21 rows=111814 width=8) (actual time=1096.471..2936.421 rows=76427 loops=1)
              Hash Cond: (mc.movie_id = t.id)
              ->  Seq Scan on movie_companies mc  (cost=0.00..51404.11 rows=1758999 width=4) (actual time=0.028..1069.100 rows=1750720 loops=1)
                    Filter: (company_id < 24467)
                    Rows Removed by Filter: 858409
              ->  Hash  (cost=67604.59..67604.59 rows=160730 width=4) (actual time=1095.405..1095.405 rows=160017 loops=1)
                    Buckets: 131072  Batches: 4  Memory Usage: 2436kB
                    ->  Seq Scan on title t  (cost=0.00..67604.59 rows=160730 width=4) (actual time=0.033..1039.162 rows=160017 loops=1)
                          Filter: (production_year = 2011)
                          Rows Removed by Filter: 2368295
Planning time: 1.180 ms
Execution time: 5691.781 ms
