Hash Join  (cost=250627.27..716421.51 rows=3768911 width=0) (actual time=8053.268..17316.361 rows=10093680 loops=1)
  Hash Cond: (mi.movie_id = t.id)
  ->  Seq Scan on movie_info mi  (cost=0.00..346232.03 rows=5897221 width=4) (actual time=2587.876..6463.101 rows=5884963 loops=1)
        Filter: (info_type_id < 7)
        Rows Removed by Filter: 8950757
  ->  Hash  (cost=224114.52..224114.52 rows=1615980 width=8) (actual time=5447.857..5447.857 rows=1069450 loops=1)
        Buckets: 131072  Batches: 32  Memory Usage: 2450kB
        ->  Hash Join  (cost=82423.69..224114.52 rows=1615980 width=8) (actual time=1507.501..5171.031 rows=1069450 loops=1)
              Hash Cond: (mk.movie_id = t.id)
              ->  Seq Scan on movie_keyword mk  (cost=0.00..69693.30 rows=4523930 width=4) (actual time=0.041..1497.348 rows=4523930 loops=1)
              ->  Hash  (cost=67604.59..67604.59 rows=903208 width=4) (actual time=1506.625..1506.625 rows=904491 loops=1)
                    Buckets: 131072  Batches: 16  Memory Usage: 3017kB
                    ->  Seq Scan on title t  (cost=0.00..67604.59 rows=903208 width=4) (actual time=0.018..1205.638 rows=904491 loops=1)
                          Filter: (production_year > 2006)
                          Rows Removed by Filter: 1623821
Planning time: 1.207 ms
Execution time: 18441.700 ms
