Seq Scan on movie_keyword mk  (cost=0.00..81003.12 rows=246 width=0) (actual time=1.477..1321.246 rows=1474 loops=1)
  Filter: (keyword_id = 930)
  Rows Removed by Filter: 4522456
Planning time: 4.141 ms
Execution time: 1321.808 ms
