Seq Scan on movie_companies mc  (cost=0.00..51404.11 rows=104 width=0) (actual time=712.567..805.845 rows=2 loops=1)
  Filter: (company_id = 170331)
  Rows Removed by Filter: 2609127
Planning time: 0.420 ms
Execution time: 805.916 ms
