Hash Join  (cost=85280.32..1277640.32 rows=15434783 width=0) (actual time=1539.367..40695.516 rows=14500397 loops=1)
  Hash Cond: (ci.movie_id = t.id)
  ->  Seq Scan on cast_info ci  (cost=0.00..614943.12 rows=36225612 width=4) (actual time=0.022..13610.050 rows=36244344 loops=1)
  ->  Hash  (cost=67604.59..67604.59 rows=1077339 width=4) (actual time=1538.299..1538.299 rows=1074765 loops=1)
        Buckets: 131072  Batches: 16  Memory Usage: 3388kB
        ->  Seq Scan on title t  (cost=0.00..67604.59 rows=1077339 width=4) (actual time=0.017..1195.756 rows=1074765 loops=1)
              Filter: (production_year < 2001)
              Rows Removed by Filter: 1453547
Planning time: 1.390 ms
Execution time: 42344.937 ms
