Seq Scan on title t  (cost=0.00..73925.90 rows=333965 width=0) (actual time=0.014..1208.169 rows=411522 loops=1)
  Filter: ((production_year < 2004) AND (kind_id = 1))
  Rows Removed by Filter: 2116790
Planning time: 0.429 ms
Execution time: 1264.820 ms
