Seq Scan on movie_keyword mk  (cost=0.00..81003.12 rows=2256109 width=0) (actual time=0.022..1452.327 rows=2260241 loops=1)
  Filter: (keyword_id < 4688)
  Rows Removed by Filter: 2263689
Planning time: 0.335 ms
Execution time: 1731.996 ms
