Hash Join  (cost=449236.86..1512655.49 rows=2882850 width=0) (actual time=7982.343..36955.730 rows=6472324 loops=1)
  Hash Cond: (ci.movie_id = t.id)
  ->  Seq Scan on cast_info ci  (cost=0.00..614943.12 rows=36225612 width=4) (actual time=0.008..13044.689 rows=36244344 loops=1)
  ->  Hash  (cost=445934.60..445934.60 rows=201221 width=8) (actual time=7981.443..7981.443 rows=144054 loops=1)
        Buckets: 131072  Batches: 4  Memory Usage: 2411kB
        ->  Hash Join  (cost=71408.55..445934.60 rows=201221 width=8) (actual time=1627.606..7932.329 rows=144054 loops=1)
              Hash Cond: (mi.movie_id = t.id)
              ->  Seq Scan on movie_info mi  (cost=0.00..346232.03 rows=2194617 width=4) (actual time=509.405..5843.060 rows=2233850 loops=1)
                    Filter: (info_type_id > 16)
                    Rows Removed by Filter: 12601870
              ->  Hash  (cost=67604.59..67604.59 rows=231837 width=4) (actual time=1105.587..1105.587 rows=231649 loops=1)
                    Buckets: 131072  Batches: 4  Memory Usage: 3082kB
                    ->  Seq Scan on title t  (cost=0.00..67604.59 rows=231837 width=4) (actual time=0.038..1024.784 rows=231649 loops=1)
                          Filter: (production_year > 2011)
                          Rows Removed by Filter: 2296663
Planning time: 1.202 ms
Execution time: 37648.923 ms
