Nested Loop  (cost=0.43..83071.67 rows=246 width=0) (actual time=2.215..1118.876 rows=1670 loops=1)
  ->  Seq Scan on movie_keyword mk  (cost=0.00..81003.12 rows=246 width=4) (actual time=2.158..1070.105 rows=1670 loops=1)
        Filter: (keyword_id = 1198)
        Rows Removed by Filter: 4522260
  ->  Index Only Scan using title_pkey on title t  (cost=0.43..8.40 rows=1 width=4) (actual time=0.028..0.028 rows=1 loops=1670)
        Index Cond: (id = mk.movie_id)
        Heap Fetches: 1670
Planning time: 0.747 ms
Execution time: 1119.439 ms
