Seq Scan on movie_companies mc  (cost=0.00..57926.93 rows=290180 width=0) (actual time=601.038..744.733 rows=2945 loops=1)
  Filter: ((company_id > 68185) AND (company_type_id < 2))
  Rows Removed by Filter: 2606184
Planning time: 0.346 ms
Execution time: 745.257 ms
