Hash Join  (cost=102767.86..274201.71 rows=3347614 width=0) (actual time=1959.007..6292.997 rows=3342904 loops=1)
  Hash Cond: (mk.movie_id = t.id)
  ->  Seq Scan on movie_keyword mk  (cost=0.00..81003.12 rows=3347614 width=4) (actual time=0.025..1683.705 rows=3342904 loops=1)
        Filter: (keyword_id > 1398)
        Rows Removed by Filter: 1181026
  ->  Hash  (cost=61283.27..61283.27 rows=2528527 width=4) (actual time=1957.928..1957.928 rows=2528312 loops=1)
        Buckets: 131072  Batches: 64  Memory Usage: 2425kB
        ->  Seq Scan on title t  (cost=0.00..61283.27 rows=2528527 width=4) (actual time=0.012..1087.901 rows=2528312 loops=1)
Planning time: 0.808 ms
Execution time: 6641.497 ms
