Hash Join  (cost=1018504.83..4601562.58 rows=188177278 width=0) (actual time=26003.522..173825.043 rows=410450906 loops=1)
  Hash Cond: (ci.movie_id = t.id)
  ->  Seq Scan on cast_info ci  (cost=0.00..705507.15 rows=32282203 width=4) (actual time=0.022..16854.604 rows=32426990 loops=1)
        Filter: (person_id > 365902)
        Rows Removed by Filter: 3817354
  ->  Hash  (cost=776690.81..776690.81 rows=14739122 width=8) (actual time=25997.977..25997.977 rows=14835720 loops=1)
        Buckets: 131072  Batches: 256  Memory Usage: 3268kB
        ->  Hash Join  (cost=102767.86..776690.81 rows=14739122 width=8) (actual time=2567.366..21388.892 rows=14835720 loops=1)
              Hash Cond: (mi.movie_id = t.id)
              ->  Seq Scan on movie_info mi  (cost=0.00..309384.22 rows=14739122 width=4) (actual time=0.020..5264.381 rows=14835720 loops=1)
              ->  Hash  (cost=61283.27..61283.27 rows=2528527 width=4) (actual time=2566.469..2566.469 rows=2528312 loops=1)
                    Buckets: 131072  Batches: 64  Memory Usage: 2425kB
                    ->  Seq Scan on title t  (cost=0.00..61283.27 rows=2528527 width=4) (actual time=0.011..1109.151 rows=2528312 loops=1)
Planning time: 1.200 ms
Execution time: 221839.262 ms
