Seq Scan on cast_info ci  (cost=0.00..796071.18 rows=2438184 width=0) (actual time=1968.546..13234.632 rows=784360 loops=1)
  Filter: ((person_id < 2045669) AND (role_id = 10))
  Rows Removed by Filter: 35459984
Planning time: 0.384 ms
Execution time: 13333.712 ms
