Hash Join  (cost=58375.85..140688.78 rows=7 width=0) (actual time=892.277..2214.924 rows=58 loops=1)
  Hash Cond: (mk.movie_id = t.id)
  ->  Seq Scan on movie_keyword mk  (cost=0.00..81003.12 rows=349264 width=4) (actual time=0.026..1301.103 rows=363692 loops=1)
        Filter: (keyword_id < 335)
        Rows Removed by Filter: 4160238
  ->  Hash  (cost=58375.18..58375.18 rows=53 width=8) (actual time=862.385..862.385 rows=56 loops=1)
        Buckets: 1024  Batches: 1  Memory Usage: 11kB
        ->  Nested Loop  (cost=0.43..58375.18 rows=53 width=8) (actual time=0.510..862.336 rows=56 loops=1)
              ->  Seq Scan on movie_companies mc  (cost=0.00..57926.93 rows=53 width=4) (actual time=0.443..859.753 rows=56 loops=1)
                    Filter: ((company_id = 73273) AND (company_type_id = 2))
                    Rows Removed by Filter: 2609073
              ->  Index Only Scan using title_pkey on title t  (cost=0.43..8.45 rows=1 width=4) (actual time=0.043..0.044 rows=1 loops=56)
                    Index Cond: (id = mc.movie_id)
                    Heap Fetches: 56
Planning time: 2.086 ms
Execution time: 2215.098 ms
