Seq Scan on movie_keyword mk  (cost=0.00..81003.12 rows=2860870 width=0) (actual time=0.028..1606.504 rows=2850393 loops=1)
  Filter: (keyword_id < 8705)
  Rows Removed by Filter: 1673537
Planning time: 0.339 ms
Execution time: 1967.920 ms
