Seq Scan on movie_companies mc  (cost=0.00..57926.93 rows=695056 width=0) (actual time=166.896..1110.124 rows=933304 loops=1)
  Filter: ((company_id > 11143) AND (company_type_id = 2))
  Rows Removed by Filter: 1675825
Planning time: 0.416 ms
Execution time: 1231.638 ms
