Seq Scan on movie_companies mc  (cost=0.00..51404.11 rows=104 width=0) (actual time=30.437..795.335 rows=1440 loops=1)
  Filter: (company_id = 239)
  Rows Removed by Filter: 2607689
Planning time: 0.401 ms
Execution time: 795.671 ms
