Seq Scan on movie_keyword mk  (cost=0.00..81003.12 rows=3648286 width=0) (actual time=0.022..1609.917 rows=3638414 loops=1)
  Filter: (keyword_id > 835)
  Rows Removed by Filter: 885516
Planning time: 0.338 ms
Execution time: 2062.294 ms
