Seq Scan on title t  (cost=0.00..73925.90 rows=675671 width=0) (actual time=0.021..1062.850 rows=576285 loops=1)
  Filter: ((kind_id < 7) AND (production_year > 1991))
  Rows Removed by Filter: 1952027
Planning time: 0.375 ms
Execution time: 1130.106 ms
