Hash Join  (cost=260178.57..1357586.09 rows=12355065 width=0) (actual time=8420.218..34132.683 rows=19625775 loops=1)
  Hash Cond: (ci.movie_id = t.id)
  ->  Seq Scan on cast_info ci  (cost=0.00..796071.18 rows=13151739 width=4) (actual time=2275.850..16708.387 rows=9220998 loops=1)
        Filter: ((person_id < 2973971) AND (role_id > 2))
        Rows Removed by Filter: 27023346
  ->  Hash  (cost=221207.57..221207.57 rows=2375360 width=8) (actual time=6143.164..6143.164 rows=2373878 loops=1)
        Buckets: 131072  Batches: 32  Memory Usage: 3879kB
        ->  Hash Join  (cost=102767.86..221207.57 rows=2375360 width=8) (actual time=1971.067..5474.515 rows=2373878 loops=1)
              Hash Cond: (mc.movie_id = t.id)
              ->  Seq Scan on movie_companies mc  (cost=0.00..51404.11 rows=2375360 width=4) (actual time=0.033..1164.960 rows=2373878 loops=1)
                    Filter: (company_id < 104098)
                    Rows Removed by Filter: 235251
              ->  Hash  (cost=61283.27..61283.27 rows=2528527 width=4) (actual time=1969.248..1969.248 rows=2528312 loops=1)
                    Buckets: 131072  Batches: 64  Memory Usage: 2415kB
                    ->  Seq Scan on title t  (cost=0.00..61283.27 rows=2528527 width=4) (actual time=0.011..1136.435 rows=2528312 loops=1)
Planning time: 1.138 ms
Execution time: 36472.277 ms
