Hash Join  (cost=70241.71..186906.23 rows=182560 width=0) (actual time=1178.527..3979.237 rows=97905 loops=1)
  Hash Cond: (mk.movie_id = t.id)
  ->  Seq Scan on movie_keyword mk  (cost=0.00..81003.12 rows=2871945 width=4) (actual time=0.014..1704.043 rows=2858355 loops=1)
        Filter: (keyword_id > 2553)
        Rows Removed by Filter: 1665575
  ->  Hash  (cost=67604.59..67604.59 rows=160730 width=4) (actual time=1177.637..1177.637 rows=160017 loops=1)
        Buckets: 131072  Batches: 4  Memory Usage: 2442kB
        ->  Seq Scan on title t  (cost=0.00..67604.59 rows=160730 width=4) (actual time=0.015..1117.605 rows=160017 loops=1)
              Filter: (production_year = 2011)
              Rows Removed by Filter: 2368295
Planning time: 0.760 ms
Execution time: 3991.831 ms
