Seq Scan on cast_info ci  (cost=0.00..705507.15 rows=13107913 width=0) (actual time=0.021..11767.552 rows=13233217 loops=1)
  Filter: (person_id > 2350890)
  Rows Removed by Filter: 23011127
Planning time: 0.350 ms
Execution time: 13342.072 ms
