Hash Join  (cost=251765.65..639367.29 rows=1177852 width=0) (actual time=5370.459..12506.346 rows=2850007 loops=1)
  Hash Cond: (mi.movie_id = t.id)
  ->  Seq Scan on movie_info mi  (cost=0.00..346232.03 rows=2073893 width=4) (actual time=0.015..5160.093 rows=2091068 loops=1)
        Filter: (info_type_id < 3)
        Rows Removed by Filter: 12744652
  ->  Hash  (cost=228204.93..228204.93 rows=1436058 width=8) (actual time=5369.248..5369.248 rows=1451321 loops=1)
        Buckets: 131072  Batches: 32  Memory Usage: 2864kB
        ->  Hash Join  (cost=102767.86..228204.93 rows=1436058 width=8) (actual time=1888.450..4939.936 rows=1451321 loops=1)
              Hash Cond: (mk.movie_id = t.id)
              ->  Seq Scan on movie_keyword mk  (cost=0.00..81003.12 rows=1436058 width=4) (actual time=0.014..1486.807 rows=1451321 loops=1)
                    Filter: (keyword_id > 11514)
                    Rows Removed by Filter: 3072609
              ->  Hash  (cost=61283.27..61283.27 rows=2528527 width=4) (actual time=1886.362..1886.362 rows=2528312 loops=1)
                    Buckets: 131072  Batches: 64  Memory Usage: 2425kB
                    ->  Seq Scan on title t  (cost=0.00..61283.27 rows=2528527 width=4) (actual time=0.020..1039.781 rows=2528312 loops=1)
Planning time: 1.159 ms
Execution time: 12850.353 ms
