Seq Scan on movie_keyword mk  (cost=0.00..81003.12 rows=4280261 width=0) (actual time=0.022..1637.100 rows=4281401 loops=1)
  Filter: (keyword_id < 61522)
  Rows Removed by Filter: 242529
Planning time: 0.336 ms
Execution time: 2171.433 ms
