Hash Join  (cost=234427.15..1210690.49 rows=6426716 width=0) (actual time=6442.043..29548.249 rows=10171625 loops=1)
  Hash Cond: (ci.movie_id = t.id)
  ->  Seq Scan on cast_info ci  (cost=0.00..796071.18 rows=8462201 width=4) (actual time=1245.654..17090.408 rows=8892704 loops=1)
        Filter: ((person_id > 357231) AND (role_id > 4))
        Rows Removed by Filter: 27351640
  ->  Hash  (cost=202921.16..202921.16 rows=1920319 width=8) (actual time=5195.458..5195.458 rows=1301439 loops=1)
        Buckets: 131072  Batches: 32  Memory Usage: 2584kB
        ->  Hash Join  (cost=98137.04..202921.16 rows=1920319 width=8) (actual time=1895.991..4800.670 rows=1301439 loops=1)
              Hash Cond: (mc.movie_id = t.id)
              ->  Seq Scan on movie_companies mc  (cost=0.00..44881.29 rows=2609129 width=4) (actual time=0.038..896.933 rows=2609129 loops=1)
              ->  Hash  (cost=67604.59..67604.59 rows=1860996 width=4) (actual time=1894.631..1894.631 rows=1865487 loops=1)
                    Buckets: 131072  Batches: 32  Memory Usage: 3079kB
                    ->  Seq Scan on title t  (cost=0.00..67604.59 rows=1860996 width=4) (actual time=0.020..1290.237 rows=1865487 loops=1)
                          Filter: (kind_id > 1)
                          Rows Removed by Filter: 662825
Planning time: 3.920 ms
Execution time: 30738.557 ms
