Hash Join  (cost=83074.74..137742.81 rows=254 width=0) (actual time=1263.931..2410.997 rows=18702 loops=1)
  Hash Cond: (mc.movie_id = t.id)
  ->  Seq Scan on movie_companies mc  (cost=0.00..44881.29 rows=2609129 width=4) (actual time=0.030..628.507 rows=2609129 loops=1)
  ->  Hash  (cost=83071.67..83071.67 rows=246 width=8) (actual time=1263.362..1263.362 rows=2013 loops=1)
        Buckets: 2048 (originally 1024)  Batches: 1 (originally 1)  Memory Usage: 95kB
        ->  Nested Loop  (cost=0.43..83071.67 rows=246 width=8) (actual time=0.356..1261.889 rows=2013 loops=1)
              ->  Seq Scan on movie_keyword mk  (cost=0.00..81003.12 rows=246 width=4) (actual time=0.300..1179.313 rows=2013 loops=1)
                    Filter: (keyword_id = 2123)
                    Rows Removed by Filter: 4521917
              ->  Index Only Scan using title_pkey on title t  (cost=0.43..8.40 rows=1 width=4) (actual time=0.039..0.040 rows=1 loops=2013)
                    Index Cond: (id = mk.movie_id)
                    Heap Fetches: 2013
Planning time: 1.151 ms
Execution time: 2413.988 ms
