Seq Scan on movie_keyword mk  (cost=0.00..81003.12 rows=2902293 width=0) (actual time=0.024..1611.281 rows=2892723 loops=1)
  Filter: (keyword_id < 9115)
  Rows Removed by Filter: 1631207
Planning time: 0.342 ms
Execution time: 1955.405 ms
