Nested Loop  (cost=0.43..83071.67 rows=246 width=0) (actual time=35.875..1190.729 rows=80 loops=1)
  ->  Seq Scan on movie_keyword mk  (cost=0.00..81003.12 rows=246 width=4) (actual time=35.797..1187.445 rows=80 loops=1)
        Filter: (keyword_id = 4269)
        Rows Removed by Filter: 4523850
  ->  Index Only Scan using title_pkey on title t  (cost=0.43..8.40 rows=1 width=4) (actual time=0.036..0.037 rows=1 loops=80)
        Index Cond: (id = mk.movie_id)
        Heap Fetches: 80
Planning time: 2.045 ms
Execution time: 1190.858 ms
