Seq Scan on title t  (cost=0.00..73925.90 rows=132171 width=0) (actual time=53.523..1061.105 rows=265354 loops=1)
  Filter: ((production_year < 1979) AND (kind_id = 1))
  Rows Removed by Filter: 2262958
Planning time: 0.408 ms
Execution time: 1093.304 ms
