Seq Scan on movie_keyword mk  (cost=0.00..81003.12 rows=2430273 width=0) (actual time=0.016..1458.213 rows=2433027 loops=1)
  Filter: (keyword_id < 5768)
  Rows Removed by Filter: 2090903
Planning time: 0.338 ms
Execution time: 1776.293 ms
