Nested Loop  (cost=0.43..709674.40 rows=134 width=0) (actual time=3986.287..11082.638 rows=26 loops=1)
  ->  Seq Scan on cast_info ci  (cost=0.00..705507.15 rows=500 width=4) (actual time=3985.979..11064.096 rows=169 loops=1)
        Filter: (person_id = 1963344)
        Rows Removed by Filter: 36244175
  ->  Index Scan using title_pkey on title t  (cost=0.43..8.32 rows=1 width=4) (actual time=0.109..0.109 rows=0 loops=169)
        Index Cond: (id = ci.movie_id)
        Filter: ((kind_id < 7) AND (production_year > 1991))
        Rows Removed by Filter: 1
Planning time: 1.290 ms
Execution time: 11082.793 ms
