Nested Loop  (cost=0.43..83072.29 rows=10 width=0) (actual time=182.740..1289.492 rows=2 loops=1)
  ->  Seq Scan on movie_keyword mk  (cost=0.00..81003.12 rows=246 width=4) (actual time=0.467..1262.700 rows=180 loops=1)
        Filter: (keyword_id = 6818)
        Rows Removed by Filter: 4523750
  ->  Index Scan using title_pkey on title t  (cost=0.43..8.40 rows=1 width=4) (actual time=0.146..0.146 rows=0 loops=180)
        Index Cond: (id = mk.movie_id)
        Filter: (production_year = 2006)
        Rows Removed by Filter: 1
Planning time: 0.769 ms
Execution time: 1289.594 ms
