Hash Join  (cost=83074.74..434079.80 rows=124 width=0) (actual time=4606.246..6842.424 rows=924 loops=1)
  Hash Cond: (mi.movie_id = t.id)
  ->  Seq Scan on movie_info mi  (cost=0.00..346232.03 rows=1272478 width=4) (actual time=3293.706..5347.767 rows=1325361 loops=1)
        Filter: (info_type_id = 8)
        Rows Removed by Filter: 13510359
  ->  Hash  (cost=83071.67..83071.67 rows=246 width=8) (actual time=1304.152..1304.152 rows=692 loops=1)
        Buckets: 1024  Batches: 1  Memory Usage: 36kB
        ->  Nested Loop  (cost=0.43..83071.67 rows=246 width=8) (actual time=1.866..1303.571 rows=692 loops=1)
              ->  Seq Scan on movie_keyword mk  (cost=0.00..81003.12 rows=246 width=4) (actual time=1.780..1273.697 rows=692 loops=1)
                    Filter: (keyword_id = 8481)
                    Rows Removed by Filter: 4523238
              ->  Index Only Scan using title_pkey on title t  (cost=0.43..8.40 rows=1 width=4) (actual time=0.041..0.041 rows=1 loops=692)
                    Index Cond: (id = mk.movie_id)
                    Heap Fetches: 692
Planning time: 5.515 ms
Execution time: 6842.720 ms
