Hash Join  (cost=211621.34..588818.56 rows=385438 width=0) (actual time=4328.616..12850.412 rows=9216057 loops=1)
  Hash Cond: (mi.movie_id = t.id)
  ->  Seq Scan on movie_info mi  (cost=0.00..346232.03 rows=2194617 width=4) (actual time=0.017..5556.257 rows=2233850 loops=1)
        Filter: (info_type_id > 16)
        Rows Removed by Filter: 12601870
  ->  Hash  (cost=204335.32..204335.32 rows=444082 width=8) (actual time=4327.682..4327.682 rows=441742 loops=1)
        Buckets: 131072  Batches: 8  Memory Usage: 3260kB
        ->  Hash Join  (cost=102767.86..204335.32 rows=444082 width=8) (actual time=2024.767..4198.822 rows=441742 loops=1)
              Hash Cond: (mk.movie_id = t.id)
              ->  Seq Scan on movie_keyword mk  (cost=0.00..81003.12 rows=444082 width=4) (actual time=0.016..1426.247 rows=441742 loops=1)
                    Filter: (keyword_id > 39974)
                    Rows Removed by Filter: 4082188
              ->  Hash  (cost=61283.27..61283.27 rows=2528527 width=4) (actual time=2023.898..2023.898 rows=2528312 loops=1)
                    Buckets: 131072  Batches: 64  Memory Usage: 2425kB
                    ->  Seq Scan on title t  (cost=0.00..61283.27 rows=2528527 width=4) (actual time=0.010..1179.436 rows=2528312 loops=1)
Planning time: 1.102 ms
Execution time: 13826.247 ms
