Seq Scan on cast_info ci  (cost=0.00..796071.18 rows=20805530 width=0) (actual time=0.028..17010.588 rows=22452651 loops=1)
  Filter: ((person_id > 385819) AND (role_id > 1))
  Rows Removed by Filter: 13791693
Planning time: 3.516 ms
Execution time: 19814.379 ms
