Hash Join  (cost=815689.42..902348.98 rows=152 width=0) (actual time=18073.952..18353.727 rows=7581 loops=1)
  Hash Cond: (mk.movie_id = t.id)
  ->  Seq Scan on movie_keyword mk  (cost=0.00..69693.30 rows=4523930 width=4) (actual time=0.017..955.782 rows=4523930 loops=1)
  ->  Hash  (cost=815688.36..815688.36 rows=85 width=8) (actual time=16581.375..16581.375 rows=5056 loops=1)
        Buckets: 8192 (originally 1024)  Batches: 1 (originally 1)  Memory Usage: 262kB
        ->  Nested Loop  (cost=0.43..815688.36 rows=85 width=8) (actual time=9701.963..16577.878 rows=5056 loops=1)
              ->  Seq Scan on cast_info ci  (cost=0.00..796071.18 rows=2502 width=4) (actual time=9698.704..10642.223 rows=160649 loops=1)
                    Filter: ((person_id > 4010120) AND (role_id = 11))
                    Rows Removed by Filter: 36083695
              ->  Index Scan using title_pkey on title t  (cost=0.43..7.83 rows=1 width=4) (actual time=0.037..0.037 rows=0 loops=160649)
                    Index Cond: (id = ci.movie_id)
                    Filter: ((kind_id = 7) AND (production_year = 2010))
                    Rows Removed by Filter: 1
Planning time: 1.220 ms
Execution time: 18354.714 ms
