Seq Scan on movie_keyword mk  (cost=0.00..81003.12 rows=246 width=0) (actual time=0.027..1444.159 rows=2966 loops=1)
  Filter: (keyword_id = 2021)
  Rows Removed by Filter: 4520964
Planning time: 0.336 ms
Execution time: 1445.096 ms
