Seq Scan on movie_keyword mk  (cost=0.00..81003.12 rows=2995927 width=0) (actual time=0.026..1542.472 rows=2980859 loops=1)
  Filter: (keyword_id < 10260)
  Rows Removed by Filter: 1543071
Planning time: 0.356 ms
Execution time: 1909.055 ms
