Seq Scan on cast_info ci  (cost=0.00..705507.15 rows=500 width=0) (actual time=7885.150..11356.233 rows=236 loops=1)
  Filter: (person_id = 985159)
  Rows Removed by Filter: 36244108
Planning time: 0.412 ms
Execution time: 11356.355 ms
