Hash Join  (cost=198212.25..710614.99 rows=1328194 width=0) (actual time=4002.076..18193.180 rows=10651415 loops=1)
  Hash Cond: (mi.movie_id = t.id)
  ->  Seq Scan on movie_info mi  (cost=0.00..309384.22 rows=14739122 width=4) (actual time=0.019..6157.288 rows=14835720 loops=1)
  ->  Hash  (cost=194473.08..194473.08 rows=227854 width=8) (actual time=4000.334..4000.334 rows=208164 loops=1)
        Buckets: 131072  Batches: 4  Memory Usage: 2997kB
        ->  Hash Join  (cost=69694.50..194473.08 rows=227854 width=8) (actual time=1062.749..3922.898 rows=208164 loops=1)
              Hash Cond: (mk.movie_id = t.id)
              ->  Seq Scan on movie_keyword mk  (cost=0.00..69693.30 rows=4523930 width=4) (actual time=0.019..1382.867 rows=4523930 loops=1)
              ->  Hash  (cost=67604.59..67604.59 rows=127353 width=4) (actual time=1061.955..1061.955 rows=128696 loops=1)
                    Buckets: 131072  Batches: 2  Memory Usage: 3290kB
                    ->  Seq Scan on title t  (cost=0.00..67604.59 rows=127353 width=4) (actual time=0.022..1011.748 rows=128696 loops=1)
                          Filter: (production_year = 2009)
                          Rows Removed by Filter: 2399616
Planning time: 1.125 ms
Execution time: 19255.584 ms
