Hash Join  (cost=90717.09..1096342.57 rows=7678216 width=0) (actual time=2085.346..28843.741 rows=9305956 loops=1)
  Hash Cond: (ci.movie_id = t.id)
  ->  Seq Scan on cast_info ci  (cost=0.00..705507.15 rows=18969644 width=4) (actual time=0.032..14115.255 rows=19108267 loops=1)
        Filter: (person_id > 1692863)
        Rows Removed by Filter: 17136077
  ->  Hash  (cost=73925.90..73925.90 rows=1023455 width=4) (actual time=2084.313..2084.313 rows=1117981 loops=1)
        Buckets: 131072  Batches: 16  Memory Usage: 3489kB
        ->  Seq Scan on title t  (cost=0.00..73925.90 rows=1023455 width=4) (actual time=0.017..1452.818 rows=1117981 loops=1)
              Filter: ((production_year > 1993) AND (kind_id = 7))
              Rows Removed by Filter: 1410331
Planning time: 0.796 ms
Execution time: 29933.326 ms
