Hash Join  (cost=111600.13..494519.97 rows=6144 width=0) (actual time=1387.816..9403.279 rows=26791 loops=1)
  Hash Cond: (mi.movie_id = t.id)
  ->  Seq Scan on movie_info mi  (cost=0.00..346232.03 rows=9767026 width=4) (actual time=0.023..6405.961 rows=9911754 loops=1)
        Filter: (info_type_id > 4)
        Rows Removed by Filter: 4923966
  ->  Hash  (cost=111580.24..111580.24 rows=1591 width=8) (actual time=1386.595..1386.595 rows=4142 loops=1)
        Buckets: 8192 (originally 2048)  Batches: 1 (originally 1)  Memory Usage: 226kB
        ->  Nested Loop  (cost=0.43..111580.24 rows=1591 width=8) (actual time=0.581..1384.053 rows=4142 loops=1)
              ->  Seq Scan on movie_keyword mk  (cost=0.00..81003.12 rows=4072 width=4) (actual time=0.536..1293.424 rows=4151 loops=1)
                    Filter: (keyword_id = 3644)
                    Rows Removed by Filter: 4519779
              ->  Index Scan using title_pkey on title t  (cost=0.43..7.50 rows=1 width=4) (actual time=0.021..0.021 rows=1 loops=4151)
                    Index Cond: (id = mk.movie_id)
                    Filter: (kind_id < 7)
                    Rows Removed by Filter: 0
Planning time: 1.178 ms
Execution time: 9407.905 ms
