Seq Scan on movie_keyword mk  (cost=0.00..81003.12 rows=246 width=0) (actual time=0.648..1239.118 rows=3664 loops=1)
  Filter: (keyword_id = 3518)
  Rows Removed by Filter: 4520266
Planning time: 0.392 ms
Execution time: 1240.165 ms
