Hash Join  (cost=378589.61..927842.14 rows=3739478 width=209) (actual time=4242.579..8449.606 rows=7736878 loops=1)
  Hash Cond: (mi.movie_id = t.id)
  ->  Seq Scan on movie_info mi  (cost=0.00..346232.03 rows=3623957 width=75) (actual time=474.201..1825.409 rows=3624977 loops=1)
        Filter: (info_type_id < 4)
        Rows Removed by Filter: 11210743
  ->  Hash  (cost=295015.49..295015.49 rows=2609129 width=134) (actual time=3767.884..3767.884 rows=2609129 loops=1)
        Buckets: 32768  Batches: 128  Memory Usage: 3165kB
        ->  Hash Join  (cost=129928.86..295015.49 rows=2609129 width=134) (actual time=789.471..2905.398 rows=2609129 loops=1)
              Hash Cond: (mc.movie_id = t.id)
              ->  Seq Scan on movie_companies mc  (cost=0.00..44881.29 rows=2609129 width=40) (actual time=0.018..262.451 rows=2609129 loops=1)
              ->  Hash  (cost=61283.27..61283.27 rows=2528527 width=94) (actual time=788.515..788.515 rows=2528312 loops=1)
                    Buckets: 32768  Batches: 128  Memory Usage: 2453kB
                    ->  Seq Scan on title t  (cost=0.00..61283.27 rows=2528527 width=94) (actual time=0.012..283.149 rows=2528312 loops=1)
Planning time: 0.794 ms
Execution time: 8660.057 ms
