Hash Join  (cost=443779.77..521338.25 rows=181996 width=0) (actual time=7362.467..9855.815 rows=1191660 loops=1)
  Hash Cond: (mc.movie_id = t.id)
  ->  Seq Scan on movie_companies mc  (cost=0.00..44881.29 rows=2609129 width=4) (actual time=0.021..888.786 rows=2609129 loops=1)
  ->  Hash  (cost=440886.10..440886.10 rows=176374 width=8) (actual time=7361.616..7361.616 rows=346906 loops=1)
        Buckets: 131072 (originally 131072)  Batches: 8 (originally 4)  Memory Usage: 3073kB
        ->  Hash Join  (cost=83810.17..440886.10 rows=176374 width=8) (actual time=2983.282..7251.027 rows=346906 loops=1)
              Hash Cond: (mi.movie_id = t.id)
              ->  Seq Scan on movie_info mi  (cost=0.00..346232.03 rows=451508 width=4) (actual time=1433.009..5183.159 rows=474443 loops=1)
                    Filter: (info_type_id = 6)
                    Rows Removed by Filter: 14361277
              ->  Hash  (cost=67604.59..67604.59 rows=987727 width=4) (actual time=1549.490..1549.490 rows=985048 loops=1)
                    Buckets: 131072  Batches: 16  Memory Usage: 3197kB
                    ->  Seq Scan on title t  (cost=0.00..67604.59 rows=987727 width=4) (actual time=0.045..1235.875 rows=985048 loops=1)
                          Filter: (kind_id < 7)
                          Rows Removed by Filter: 1543264
Planning time: 1.170 ms
Execution time: 10009.718 ms
