Hash Join  (cost=217593.77..1446111.75 rows=18954582 width=0) (actual time=5258.873..46840.803 rows=37202289 loops=1)
  Hash Cond: (ci.movie_id = t.id)
  ->  Seq Scan on cast_info ci  (cost=0.00..614943.12 rows=36225612 width=4) (actual time=0.022..13689.477 rows=36244344 loops=1)
  ->  Hash  (cost=195887.03..195887.03 rows=1323019 width=8) (actual time=5257.653..5257.653 rows=1329475 loops=1)
        Buckets: 131072  Batches: 32  Memory Usage: 2639kB
        ->  Hash Join  (cost=102767.86..195887.03 rows=1323019 width=8) (actual time=2184.180..4835.746 rows=1329475 loops=1)
              Hash Cond: (mc.movie_id = t.id)
              ->  Seq Scan on movie_companies mc  (cost=0.00..51404.11 rows=1323019 width=4) (actual time=0.024..1081.235 rows=1329475 loops=1)
                    Filter: (company_id > 11209)
                    Rows Removed by Filter: 1279654
              ->  Hash  (cost=61283.27..61283.27 rows=2528527 width=4) (actual time=2183.009..2183.009 rows=2528312 loops=1)
                    Buckets: 131072  Batches: 64  Memory Usage: 2415kB
                    ->  Seq Scan on title t  (cost=0.00..61283.27 rows=2528527 width=4) (actual time=0.020..1003.830 rows=2528312 loops=1)
Planning time: 1.188 ms
Execution time: 51003.908 ms
