Hash Join  (cost=164110.94..301853.05 rows=1291907 width=0) (actual time=3878.408..9157.846 rows=5020094 loops=1)
  Hash Cond: (mk.movie_id = t.id)
  ->  Seq Scan on movie_keyword mk  (cost=0.00..69693.30 rows=4523930 width=4) (actual time=0.023..1404.318 rows=4523930 loops=1)
  ->  Hash  (cost=152263.99..152263.99 rows=722076 width=8) (actual time=3877.394..3877.394 rows=729494 loops=1)
        Buckets: 131072  Batches: 16  Memory Usage: 2824kB
        ->  Hash Join  (cost=100338.29..152263.99 rows=722076 width=8) (actual time=1920.767..3646.402 rows=729494 loops=1)
              Hash Cond: (mi_idx.movie_id = t.id)
              ->  Seq Scan on movie_info_idx mi_idx  (cost=0.00..25185.44 rows=915101 width=4) (actual time=0.018..560.933 rows=919850 loops=1)
                    Filter: (info_type_id < 101)
                    Rows Removed by Filter: 460185
              ->  Hash  (cost=67604.59..67604.59 rows=1995176 width=4) (actual time=1919.793..1919.793 rows=1990655 loops=1)
                    Buckets: 131072  Batches: 32  Memory Usage: 3218kB
                    ->  Seq Scan on title t  (cost=0.00..67604.59 rows=1995176 width=4) (actual time=0.016..1262.632 rows=1990655 loops=1)
                          Filter: (production_year > 1976)
                          Rows Removed by Filter: 537657
Planning time: 1.150 ms
Execution time: 9759.047 ms
