Hash Join  (cost=91342.70..130210.63 rows=265837 width=0) (actual time=1656.753..2681.407 rows=316298 loops=1)
  Hash Cond: (mi_idx.movie_id = t.id)
  ->  Seq Scan on movie_info_idx mi_idx  (cost=0.00..25185.44 rows=464566 width=4) (actual time=0.020..420.162 rows=459925 loops=1)
        Filter: (info_type_id = 101)
        Rows Removed by Filter: 920110
  ->  Hash  (cost=67604.59..67604.59 rows=1446889 width=4) (actual time=1655.673..1655.673 rows=1443298 loops=1)
        Buckets: 131072  Batches: 32  Memory Usage: 2608kB
        ->  Seq Scan on title t  (cost=0.00..67604.59 rows=1446889 width=4) (actual time=0.021..1197.082 rows=1443298 loops=1)
              Filter: (production_year < 2006)
              Rows Removed by Filter: 1085014
Planning time: 0.811 ms
Execution time: 2720.922 ms
