Hash Join  (cost=154297.45..950537.83 rows=16918 width=0) (actual time=2861.891..19173.973 rows=109862 loops=1)
  Hash Cond: (ci.movie_id = t.id)
  ->  Seq Scan on cast_info ci  (cost=0.00..614943.12 rows=36225612 width=4) (actual time=0.018..8825.421 rows=36244344 loops=1)
  ->  Hash  (cost=154282.68..154282.68 rows=1181 width=8) (actual time=2859.130..2859.130 rows=5598 loops=1)
        Buckets: 8192 (originally 2048)  Batches: 1 (originally 1)  Memory Usage: 283kB
        ->  Hash Join  (cost=67612.84..154282.68 rows=1181 width=8) (actual time=1080.591..2856.771 rows=5598 loops=1)
              Hash Cond: (mk.movie_id = t.id)
              ->  Seq Scan on movie_keyword mk  (cost=0.00..69693.30 rows=4523930 width=4) (actual time=0.014..960.646 rows=4523930 loops=1)
              ->  Hash  (cost=67604.59..67604.59 rows=660 width=4) (actual time=1078.411..1078.411 rows=3515 loops=1)
                    Buckets: 4096 (originally 1024)  Batches: 1 (originally 1)  Memory Usage: 156kB
                    ->  Seq Scan on title t  (cost=0.00..67604.59 rows=660 width=4) (actual time=0.306..1076.575 rows=3515 loops=1)
                          Filter: (production_year > 2013)
                          Rows Removed by Filter: 2524797
Planning time: 0.818 ms
Execution time: 19196.620 ms
