Hash Join  (cost=129347.99..214728.98 rows=9864 width=0) (actual time=3301.970..3919.070 rows=64062 loops=1)
  Hash Cond: (mk.movie_id = t.id)
  ->  Seq Scan on movie_keyword mk  (cost=0.00..81003.12 rows=1141128 width=4) (actual time=0.020..1326.040 rows=1150802 loops=1)
        Filter: (keyword_id < 1324)
        Rows Removed by Filter: 3373128
  ->  Hash  (cost=129074.77..129074.77 rows=21857 width=8) (actual time=2361.674..2361.674 rows=36301 loops=1)
        Buckets: 65536 (originally 32768)  Batches: 1 (originally 1)  Memory Usage: 1931kB
        ->  Hash Join  (cost=74190.68..129074.77 rows=21857 width=8) (actual time=1168.800..2348.929 rows=36301 loops=1)
              Hash Cond: (mc.movie_id = t.id)
              ->  Seq Scan on movie_companies mc  (cost=0.00..44881.29 rows=2609129 width=4) (actual time=0.023..583.714 rows=2609129 loops=1)
              ->  Hash  (cost=73925.90..73925.90 rows=21182 width=4) (actual time=1168.469..1168.469 rows=18494 loops=1)
                    Buckets: 32768  Batches: 1  Memory Usage: 907kB
                    ->  Seq Scan on title t  (cost=0.00..73925.90 rows=21182 width=4) (actual time=347.223..1159.966 rows=18494 loops=1)
                          Filter: ((production_year < 1985) AND (kind_id = 2))
                          Rows Removed by Filter: 2509818
Planning time: 1.121 ms
Execution time: 3925.780 ms
