Hash Join  (cost=282054.01..916152.53 rows=12733469 width=0) (actual time=6364.347..44273.762 rows=106598711 loops=1)
  Hash Cond: (mi.movie_id = t.id)
  ->  Seq Scan on movie_info mi  (cost=0.00..309384.22 rows=14739122 width=4) (actual time=0.022..6300.975 rows=14835720 loops=1)
  ->  Hash  (cost=246214.34..246214.34 rows=2184453 width=8) (actual time=6363.389..6363.389 rows=2184258 loops=1)
        Buckets: 131072  Batches: 32  Memory Usage: 3756kB
        ->  Hash Join  (cost=102767.86..246214.34 rows=2184453 width=8) (actual time=1934.864..5632.856 rows=2184258 loops=1)
              Hash Cond: (mk.movie_id = t.id)
              ->  Seq Scan on movie_keyword mk  (cost=0.00..81003.12 rows=2184453 width=4) (actual time=0.019..1645.290 rows=2184258 loops=1)
                    Filter: (keyword_id < 4333)
                    Rows Removed by Filter: 2339672
              ->  Hash  (cost=61283.27..61283.27 rows=2528527 width=4) (actual time=1933.639..1933.639 rows=2528312 loops=1)
                    Buckets: 131072  Batches: 64  Memory Usage: 2425kB
                    ->  Seq Scan on title t  (cost=0.00..61283.27 rows=2528527 width=4) (actual time=0.010..1037.465 rows=2528312 loops=1)
Planning time: 0.752 ms
Execution time: 55689.369 ms
