Seq Scan on movie_companies mc  (cost=0.00..51404.11 rows=1274793 width=0) (actual time=0.026..916.015 rows=1285538 loops=1)
  Filter: (company_id > 11380)
  Rows Removed by Filter: 1323591
Planning time: 0.359 ms
Execution time: 1079.316 ms
