Hash Join  (cost=28266.73..114924.79 rows=2 width=0) (actual time=828.561..2116.137 rows=487 loops=1)
  Hash Cond: (mk.movie_id = t.id)
  ->  Seq Scan on movie_keyword mk  (cost=0.00..69693.30 rows=4523930 width=4) (actual time=0.025..1000.192 rows=4523930 loops=1)
  ->  Hash  (cost=28266.72..28266.72 rows=1 width=8) (actual time=394.547..394.547 rows=3 loops=1)
        Buckets: 1024  Batches: 1  Memory Usage: 9kB
        ->  Nested Loop  (cost=0.43..28266.72 rows=1 width=8) (actual time=208.254..394.527 rows=3 loops=1)
              ->  Seq Scan on movie_info_idx mi_idx  (cost=0.00..25185.44 rows=368 width=4) (actual time=207.696..387.141 rows=260 loops=1)
                    Filter: (info_type_id > 101)
                    Rows Removed by Filter: 1379775
              ->  Index Scan using title_pkey on title t  (cost=0.43..8.36 rows=1 width=4) (actual time=0.028..0.028 rows=0 loops=260)
                    Index Cond: (id = mi_idx.movie_id)
                    Filter: (production_year = 1991)
                    Rows Removed by Filter: 1
Planning time: 1.282 ms
Execution time: 2116.390 ms
