Hash Join  (cost=68257.79..155365.24 rows=31884 width=0) (actual time=1026.844..2723.139 rows=36798 loops=1)
  Hash Cond: (mk.movie_id = t.id)
  ->  Seq Scan on movie_keyword mk  (cost=0.00..81003.12 rows=1542796 width=4) (actual time=0.023..1401.082 rows=1557564 loops=1)
        Filter: (keyword_id > 10106)
        Rows Removed by Filter: 2966366
  ->  Hash  (cost=67604.59..67604.59 rows=52256 width=4) (actual time=1026.369..1026.369 rows=53013 loops=1)
        Buckets: 65536  Batches: 1  Memory Usage: 2376kB
        ->  Seq Scan on title t  (cost=0.00..67604.59 rows=52256 width=4) (actual time=0.012..1004.583 rows=53013 loops=1)
              Filter: (production_year = 2000)
              Rows Removed by Filter: 2475299
Planning time: 0.753 ms
Execution time: 2728.920 ms
