Seq Scan on movie_keyword mk  (cost=0.00..81003.12 rows=1551268 width=0) (actual time=0.020..1421.845 rows=1555769 loops=1)
  Filter: (keyword_id < 2323)
  Rows Removed by Filter: 2968161
Planning time: 0.249 ms
Execution time: 1613.691 ms
