Seq Scan on movie_companies mc  (cost=0.00..57926.93 rows=800482 width=0) (actual time=0.017..918.656 rows=500915 loops=1)
  Filter: ((company_id < 15038) AND (company_type_id > 1))
  Rows Removed by Filter: 2108214
Planning time: 2.977 ms
Execution time: 980.199 ms
