Hash Join  (cost=190230.21..1300369.35 rows=12802279 width=0) (actual time=4208.348..38090.283 rows=26374674 loops=1)
  Hash Cond: (ci.movie_id = t.id)
  ->  Seq Scan on cast_info ci  (cost=0.00..705507.15 rows=23456585 width=4) (actual time=0.009..15070.398 rows=23356122 loops=1)
        Filter: (person_id < 2389840)
        Rows Removed by Filter: 12888222
  ->  Hash  (cost=167588.78..167588.78 rows=1380035 width=8) (actual time=4207.309..4207.309 rows=1380035 loops=1)
        Buckets: 131072  Batches: 32  Memory Usage: 2708kB
        ->  Hash Join  (cost=102767.86..167588.78 rows=1380035 width=8) (actual time=1832.773..3794.073 rows=1380035 loops=1)
              Hash Cond: (mi_idx.movie_id = t.id)
              ->  Seq Scan on movie_info_idx mi_idx  (cost=0.00..21735.35 rows=1380035 width=4) (actual time=0.021..427.005 rows=1380035 loops=1)
              ->  Hash  (cost=61283.27..61283.27 rows=2528527 width=4) (actual time=1831.267..1831.267 rows=2528312 loops=1)
                    Buckets: 131072  Batches: 64  Memory Usage: 2415kB
                    ->  Seq Scan on title t  (cost=0.00..61283.27 rows=2528527 width=4) (actual time=0.010..997.062 rows=2528312 loops=1)
Planning time: 0.777 ms
Execution time: 41027.315 ms
