Seq Scan on movie_companies mc  (cost=0.00..51404.11 rows=104 width=0) (actual time=24.430..644.208 rows=8 loops=1)
  Filter: (company_id = 57255)
  Rows Removed by Filter: 2609121
Planning time: 0.367 ms
Execution time: 644.291 ms
