Hash Join  (cost=73929.67..100841.79 rows=164 width=0) (actual time=1047.508..1624.436 rows=681 loops=1)
  Hash Cond: (mi_idx.movie_id = t.id)
  ->  Seq Scan on movie_info_idx mi_idx  (cost=0.00..21735.35 rows=1380035 width=4) (actual time=0.029..313.851 rows=1380035 loops=1)
  ->  Hash  (cost=73925.90..73925.90 rows=301 width=4) (actual time=1047.130..1047.130 rows=1041 loops=1)
        Buckets: 2048 (originally 1024)  Batches: 1 (originally 1)  Memory Usage: 53kB
        ->  Seq Scan on title t  (cost=0.00..73925.90 rows=301 width=4) (actual time=89.676..1046.512 rows=1041 loops=1)
              Filter: ((kind_id = 3) AND (production_year = 1972))
              Rows Removed by Filter: 2527271
Planning time: 0.778 ms
Execution time: 1624.676 ms
