Seq Scan on movie_keyword mk  (cost=0.00..81003.12 rows=3212768 width=0) (actual time=0.024..1367.404 rows=3200867 loops=1)
  Filter: (keyword_id < 13091)
  Rows Removed by Filter: 1323063
Planning time: 0.340 ms
Execution time: 1743.395 ms
