Hash Join  (cost=115475.81..170807.57 rows=66623 width=0) (actual time=2149.763..3533.163 rows=93330 loops=1)
  Hash Cond: (mc.movie_id = t.id)
  ->  Seq Scan on movie_companies mc  (cost=0.00..44881.29 rows=2609129 width=4) (actual time=0.013..741.171 rows=2609129 loops=1)
  ->  Hash  (cost=114668.75..114668.75 rows=64565 width=8) (actual time=2149.273..2149.273 rows=36324 loops=1)
        Buckets: 65536  Batches: 1  Memory Usage: 1931kB
        ->  Hash Join  (cost=75867.62..114668.75 rows=64565 width=8) (actual time=1255.802..2136.870 rows=36324 loops=1)
              Hash Cond: (mi_idx.movie_id = t.id)
              ->  Seq Scan on movie_info_idx mi_idx  (cost=0.00..21735.35 rows=1380035 width=4) (actual time=0.022..419.395 rows=1380035 loops=1)
              ->  Hash  (cost=73925.90..73925.90 rows=118297 width=4) (actual time=1254.028..1254.028 rows=122606 loops=1)
                    Buckets: 131072  Batches: 2  Memory Usage: 3179kB
                    ->  Seq Scan on title t  (cost=0.00..73925.90 rows=118297 width=4) (actual time=0.021..1205.926 rows=122606 loops=1)
                          Filter: ((kind_id > 1) AND (production_year = 2011))
                          Rows Removed by Filter: 2405706
Planning time: 8.144 ms
Execution time: 3546.021 ms
