Hash Join  (cost=71408.55..565634.57 rows=1351409 width=0) (actual time=1084.594..13685.883 rows=984589 loops=1)
  Hash Cond: (mi.movie_id = t.id)
  ->  Seq Scan on movie_info mi  (cost=0.00..309384.22 rows=14739122 width=4) (actual time=0.016..5855.384 rows=14835720 loops=1)
  ->  Hash  (cost=67604.59..67604.59 rows=231837 width=4) (actual time=1080.303..1080.303 rows=231649 loops=1)
        Buckets: 131072  Batches: 4  Memory Usage: 3082kB
        ->  Seq Scan on title t  (cost=0.00..67604.59 rows=231837 width=4) (actual time=0.020..1000.167 rows=231649 loops=1)
              Filter: (production_year > 2011)
              Rows Removed by Filter: 2296663
Planning time: 0.980 ms
Execution time: 13811.232 ms
