Hash Join  (cost=85113.64..119536.93 rows=124318 width=0) (actual time=1585.131..2464.304 rows=94903 loops=1)
  Hash Cond: (mi_idx.movie_id = t.id)
  ->  Seq Scan on movie_info_idx mi_idx  (cost=0.00..25185.44 rows=460978 width=4) (actual time=0.029..514.253 rows=459925 loops=1)
        Filter: (info_type_id < 100)
        Rows Removed by Filter: 920110
  ->  Hash  (cost=73925.90..73925.90 rows=681899 width=4) (actual time=1583.932..1583.932 rows=565062 loops=1)
        Buckets: 131072  Batches: 16  Memory Usage: 2266kB
        ->  Seq Scan on title t  (cost=0.00..73925.90 rows=681899 width=4) (actual time=0.018..1402.141 rows=565062 loops=1)
              Filter: ((kind_id > 1) AND (production_year < 1998))
              Rows Removed by Filter: 1963250
Planning time: 0.779 ms
Execution time: 2476.433 ms
