Seq Scan on title t  (cost=0.00..73925.90 rows=1127356 width=0) (actual time=0.015..1316.622 rows=1234845 loops=1)
  Filter: ((kind_id > 1) AND (production_year > 1997))
  Rows Removed by Filter: 1293467
Planning time: 0.395 ms
Execution time: 1473.510 ms
