Hash Join  (cost=191354.15..233855.29 rows=280266 width=0) (actual time=3354.296..5081.738 rows=409204 loops=1)
  Hash Cond: (mi_idx.movie_id = t.id)
  ->  Seq Scan on movie_info_idx mi_idx  (cost=0.00..21735.35 rows=1380035 width=4) (actual time=0.014..502.751 rows=1380035 loops=1)
  ->  Hash  (cost=182929.30..182929.30 rows=513508 width=8) (actual time=3353.512..3353.512 rows=305775 loops=1)
        Buckets: 131072  Batches: 8  Memory Usage: 2517kB
        ->  Hash Join  (cost=102767.86..182929.30 rows=513508 width=8) (actual time=2140.309..3266.289 rows=305775 loops=1)
              Hash Cond: (mc.movie_id = t.id)
              ->  Seq Scan on movie_companies mc  (cost=0.00..57926.93 rows=513508 width=4) (actual time=420.247..912.501 rows=305775 loops=1)
                    Filter: ((company_id < 4961) AND (company_type_id > 1))
                    Rows Removed by Filter: 2303354
              ->  Hash  (cost=61283.27..61283.27 rows=2528527 width=4) (actual time=1718.707..1718.707 rows=2528312 loops=1)
                    Buckets: 131072  Batches: 64  Memory Usage: 2415kB
                    ->  Seq Scan on title t  (cost=0.00..61283.27 rows=2528527 width=4) (actual time=0.008..906.684 rows=2528312 loops=1)
Planning time: 0.933 ms
Execution time: 5136.706 ms
