Hash Join  (cost=197920.72..1093725.40 rows=1822822 width=0) (actual time=4678.160..21929.089 rows=3531481 loops=1)
  Hash Cond: (ci.movie_id = t.id)
  ->  Seq Scan on cast_info ci  (cost=0.00..796071.18 rows=6820609 width=4) (actual time=857.076..13486.341 rows=8077145 loops=1)
        Filter: ((person_id < 995049) AND (role_id < 4))
        Rows Removed by Filter: 28167199
  ->  Hash  (cost=186833.80..186833.80 rows=675754 width=8) (actual time=3820.207..3820.207 rows=454368 loops=1)
        Buckets: 131072  Batches: 16  Memory Usage: 2137kB
        ->  Hash Join  (cost=102767.86..186833.80 rows=675754 width=8) (actual time=2254.239..3693.266 rows=454368 loops=1)
              Hash Cond: (mc.movie_id = t.id)
              ->  Seq Scan on movie_companies mc  (cost=0.00..57926.93 rows=675754 width=4) (actual time=354.993..1077.341 rows=454368 loops=1)
                    Filter: ((company_id > 11137) AND (company_type_id < 2))
                    Rows Removed by Filter: 2154761
              ->  Hash  (cost=61283.27..61283.27 rows=2528527 width=4) (actual time=1898.110..1898.110 rows=2528312 loops=1)
                    Buckets: 131072  Batches: 64  Memory Usage: 2415kB
                    ->  Seq Scan on title t  (cost=0.00..61283.27 rows=2528527 width=4) (actual time=0.025..1024.798 rows=2528312 loops=1)
Planning time: 4.953 ms
Execution time: 22355.186 ms
