Hash Join  (cost=102767.86..195390.17 rows=72319 width=0) (actual time=1818.240..3732.199 rows=75008 loops=1)
  Hash Cond: (mk.movie_id = t.id)
  ->  Seq Scan on movie_keyword mk  (cost=0.00..81003.12 rows=72319 width=4) (actual time=0.101..1135.998 rows=75008 loops=1)
        Filter: (keyword_id < 70)
        Rows Removed by Filter: 4448922
  ->  Hash  (cost=61283.27..61283.27 rows=2528527 width=4) (actual time=1817.006..1817.006 rows=2528312 loops=1)
        Buckets: 131072  Batches: 64  Memory Usage: 2425kB
        ->  Seq Scan on title t  (cost=0.00..61283.27 rows=2528527 width=4) (actual time=0.011..997.738 rows=2528312 loops=1)
Planning time: 0.713 ms
Execution time: 3742.266 ms
