Seq Scan on movie_keyword mk  (cost=0.00..81003.12 rows=2563835 width=0) (actual time=0.010..1458.621 rows=2559459 loops=1)
  Filter: (keyword_id < 6453)
  Rows Removed by Filter: 1964471
Planning time: 0.240 ms
Execution time: 1769.849 ms
