Nested Loop  (cost=0.43..83072.90 rows=145 width=0) (actual time=2.674..1348.479 rows=6 loops=1)
  ->  Seq Scan on movie_keyword mk  (cost=0.00..81003.12 rows=246 width=4) (actual time=2.618..1347.693 rows=15 loops=1)
        Filter: (keyword_id = 14367)
        Rows Removed by Filter: 4523915
  ->  Index Scan using title_pkey on title t  (cost=0.43..8.40 rows=1 width=4) (actual time=0.047..0.047 rows=0 loops=15)
        Index Cond: (id = mk.movie_id)
        Filter: ((kind_id > 1) AND (production_year > 1974))
        Rows Removed by Filter: 1
Planning time: 0.780 ms
Execution time: 1348.587 ms
