Hash Join  (cost=878783.03..933532.62 rows=8407 width=0) (actual time=13764.630..14904.542 rows=6742 loops=1)
  Hash Cond: (mc.movie_id = t.id)
  ->  Seq Scan on movie_companies mc  (cost=0.00..44881.29 rows=2609129 width=4) (actual time=0.015..637.899 rows=2609129 loops=1)
  ->  Hash  (cost=878681.19..878681.19 rows=8147 width=8) (actual time=13764.478..13764.478 rows=2725 loops=1)
        Buckets: 8192  Batches: 1  Memory Usage: 171kB
        ->  Hash Join  (cost=80384.28..878681.19 rows=8147 width=8) (actual time=3750.388..13763.345 rows=2725 loops=1)
              Hash Cond: (ci.movie_id = t.id)
              ->  Seq Scan on cast_info ci  (cost=0.00..796071.18 rows=52336 width=4) (actual time=1988.920..11621.475 rows=21070 loops=1)
                    Filter: ((person_id < 515315) AND (role_id > 10))
                    Rows Removed by Filter: 36223274
              ->  Hash  (cost=73925.90..73925.90 rows=393630 width=4) (actual time=1760.399..1760.399 rows=401187 loops=1)
                    Buckets: 131072  Batches: 8  Memory Usage: 2794kB
                    ->  Seq Scan on title t  (cost=0.00..73925.90 rows=393630 width=4) (actual time=0.034..1303.230 rows=401187 loops=1)
                          Filter: ((kind_id > 1) AND (production_year > 2009))
                          Rows Removed by Filter: 2127125
Planning time: 1.304 ms
Execution time: 14906.193 ms
