Seq Scan on movie_keyword mk  (cost=0.00..81003.12 rows=2011197 width=0) (actual time=0.013..1465.002 rows=2017555 loops=1)
  Filter: (keyword_id > 6151)
  Rows Removed by Filter: 2506375
Planning time: 2.363 ms
Execution time: 1717.977 ms
