Seq Scan on cast_info ci  (cost=0.00..705507.15 rows=28879999 width=0) (actual time=0.019..13436.403 rows=28952716 loops=1)
  Filter: (person_id > 704566)
  Rows Removed by Filter: 7291628
Planning time: 0.338 ms
Execution time: 16969.288 ms
