Hash Join  (cost=102767.86..1232366.18 rows=17213980 width=0) (actual time=1974.560..30123.325 rows=17086887 loops=1)
  Hash Cond: (ci.movie_id = t.id)
  ->  Seq Scan on cast_info ci  (cost=0.00..705507.15 rows=17213980 width=4) (actual time=0.032..13860.281 rows=17086887 loops=1)
        Filter: (person_id < 1688676)
        Rows Removed by Filter: 19157457
  ->  Hash  (cost=61283.27..61283.27 rows=2528527 width=4) (actual time=1973.050..1973.050 rows=2528312 loops=1)
        Buckets: 131072  Batches: 64  Memory Usage: 2415kB
        ->  Seq Scan on title t  (cost=0.00..61283.27 rows=2528527 width=4) (actual time=0.013..1107.365 rows=2528312 loops=1)
Planning time: 0.831 ms
Execution time: 32034.640 ms
