Seq Scan on title t  (cost=0.00..73925.90 rows=958396 width=0) (actual time=0.021..1345.979 rows=1050192 loops=1)
  Filter: ((kind_id > 6) AND (production_year > 1996))
  Rows Removed by Filter: 1478120
Planning time: 0.871 ms
Execution time: 1478.555 ms
