Hash Join  (cost=107819.01..1547650.26 rows=35117107 width=0) (actual time=2241.792..45019.729 rows=35827984 loops=1)
  Hash Cond: (ci.movie_id = t.id)
  ->  Seq Scan on cast_info ci  (cost=0.00..614943.12 rows=36225612 width=4) (actual time=0.018..12699.833 rows=36244344 loops=1)
  ->  Hash  (cost=67604.59..67604.59 rows=2451154 width=4) (actual time=2240.920..2240.920 rows=2450346 loops=1)
        Buckets: 131072  Batches: 64  Memory Usage: 2372kB
        ->  Seq Scan on title t  (cost=0.00..67604.59 rows=2451154 width=4) (actual time=0.022..1426.425 rows=2450346 loops=1)
              Filter: (production_year > 1899)
              Rows Removed by Filter: 77966
Planning time: 0.765 ms
Execution time: 49301.171 ms
