Seq Scan on cast_info ci  (cost=0.00..705507.15 rows=500 width=0) (actual time=8592.313..11116.689 rows=265 loops=1)
  Filter: (person_id = 316733)
  Rows Removed by Filter: 36244079
Planning time: 0.633 ms
Execution time: 11116.834 ms
