Hash Join  (cost=73950.44..160643.60 rows=3512 width=0) (actual time=1062.057..2897.893 rows=18802 loops=1)
  Hash Cond: (mk.movie_id = t.id)
  ->  Seq Scan on movie_keyword mk  (cost=0.00..69693.30 rows=4523930 width=4) (actual time=0.026..1027.496 rows=4523930 loops=1)
  ->  Hash  (cost=73925.90..73925.90 rows=1963 width=4) (actual time=1060.533..1060.533 rows=1954 loops=1)
        Buckets: 2048  Batches: 1  Memory Usage: 85kB
        ->  Seq Scan on title t  (cost=0.00..73925.90 rows=1963 width=4) (actual time=0.094..1059.478 rows=1954 loops=1)
              Filter: ((kind_id = 1) AND (production_year = 1943))
              Rows Removed by Filter: 2526358
Planning time: 0.790 ms
Execution time: 2900.415 ms
