Seq Scan on movie_companies mc  (cost=0.00..51404.11 rows=1444014 width=0) (actual time=0.022..982.713 rows=1435895 loops=1)
  Filter: (company_id < 12744)
  Rows Removed by Filter: 1173234
Planning time: 8.229 ms
Execution time: 1161.871 ms
