Hash Join  (cost=709678.15..796345.14 rows=895 width=0) (actual time=10640.467..12446.459 rows=561 loops=1)
  Hash Cond: (mk.movie_id = t.id)
  ->  Seq Scan on movie_keyword mk  (cost=0.00..69693.30 rows=4523930 width=4) (actual time=0.015..1058.906 rows=4523930 loops=1)
  ->  Hash  (cost=709671.90..709671.90 rows=500 width=8) (actual time=10627.294..10627.294 rows=53 loops=1)
        Buckets: 1024  Batches: 1  Memory Usage: 11kB
        ->  Nested Loop  (cost=0.43..709671.90 rows=500 width=8) (actual time=1659.035..10627.216 rows=53 loops=1)
              ->  Seq Scan on cast_info ci  (cost=0.00..705507.15 rows=500 width=4) (actual time=1658.843..10626.162 rows=53 loops=1)
                    Filter: (person_id = 2671159)
                    Rows Removed by Filter: 36244291
              ->  Index Only Scan using title_pkey on title t  (cost=0.43..8.32 rows=1 width=4) (actual time=0.017..0.017 rows=1 loops=53)
                    Index Cond: (id = ci.movie_id)
                    Heap Fetches: 53
Planning time: 1.234 ms
Execution time: 12446.636 ms
