Seq Scan on cast_info ci  (cost=0.00..705507.15 rows=500 width=0) (actual time=8878.808..11139.267 rows=161 loops=1)
  Filter: (person_id = 3302167)
  Rows Removed by Filter: 36244183
Planning time: 0.447 ms
Execution time: 11139.371 ms
