Seq Scan on movie_companies mc  (cost=0.00..57926.93 rows=247621 width=0) (actual time=468.126..932.129 rows=365082 loops=1)
  Filter: ((company_id < 452) AND (company_type_id = 1))
  Rows Removed by Filter: 2244047
Planning time: 0.415 ms
Execution time: 977.378 ms
