Hash Join  (cost=83810.17..1010326.02 rows=3196649 width=0) (actual time=5956.317..18091.581 rows=1447596 loops=1)
  Hash Cond: (ci.movie_id = t.id)
  ->  Seq Scan on cast_info ci  (cost=0.00..796071.18 rows=8183247 width=4) (actual time=4374.735..14215.312 rows=3348534 loops=1)
        Filter: ((person_id > 1273322) AND (role_id = 1))
        Rows Removed by Filter: 32895810
  ->  Hash  (cost=67604.59..67604.59 rows=987727 width=4) (actual time=1580.745..1580.745 rows=985048 loops=1)
        Buckets: 131072  Batches: 16  Memory Usage: 3188kB
        ->  Seq Scan on title t  (cost=0.00..67604.59 rows=987727 width=4) (actual time=0.026..1254.624 rows=985048 loops=1)
              Filter: (kind_id < 7)
              Rows Removed by Filter: 1543264
Planning time: 1.038 ms
Execution time: 18241.948 ms
