Seq Scan on movie_keyword mk  (cost=0.00..81003.12 rows=246 width=0) (actual time=0.129..1383.567 rows=834 loops=1)
  Filter: (keyword_id = 491)
  Rows Removed by Filter: 4523096
Planning time: 0.398 ms
Execution time: 1383.931 ms
