Hash Join  (cost=115667.11..1000315.14 rows=590814 width=0) (actual time=2506.744..31390.851 rows=2482005 loops=1)
  Hash Cond: (ci.movie_id = t.id)
  ->  Seq Scan on cast_info ci  (cost=0.00..796071.18 rows=22045000 width=4) (actual time=0.037..18037.764 rows=22947063 loops=1)
        Filter: ((person_id > 213296) AND (role_id > 1))
        Rows Removed by Filter: 13297281
  ->  Hash  (cost=114820.05..114820.05 rows=67765 width=8) (actual time=2505.421..2505.421 rows=198335 loops=1)
        Buckets: 131072 (originally 131072)  Batches: 4 (originally 1)  Memory Usage: 3073kB
        ->  Hash Join  (cost=75963.92..114820.05 rows=67765 width=8) (actual time=1652.343..2441.536 rows=198335 loops=1)
              Hash Cond: (mi_idx.movie_id = t.id)
              ->  Seq Scan on movie_info_idx mi_idx  (cost=0.00..21735.35 rows=1380035 width=4) (actual time=0.015..458.122 rows=1380035 loops=1)
              ->  Hash  (cost=73925.90..73925.90 rows=124161 width=4) (actual time=1354.867..1354.867 rows=256948 loops=1)
                    Buckets: 131072 (originally 131072)  Batches: 4 (originally 2)  Memory Usage: 3284kB
                    ->  Seq Scan on title t  (cost=0.00..73925.90 rows=124161 width=4) (actual time=92.288..1170.933 rows=256948 loops=1)
                          Filter: ((production_year < 1977) AND (kind_id = 1))
                          Rows Removed by Filter: 2271364
Planning time: 9.372 ms
Execution time: 31702.864 ms
