Seq Scan on movie_keyword mk  (cost=0.00..81003.12 rows=2174211 width=0) (actual time=0.014..1472.384 rows=2175184 loops=1)
  Filter: (keyword_id > 5251)
  Rows Removed by Filter: 2348746
Planning time: 2.873 ms
Execution time: 1744.817 ms
