Seq Scan on movie_keyword mk  (cost=0.00..81003.12 rows=4438092 width=0) (actual time=0.023..1603.911 rows=4432115 loops=1)
  Filter: (keyword_id > 77)
  Rows Removed by Filter: 91815
Planning time: 0.350 ms
Execution time: 2153.332 ms
