Seq Scan on movie_keyword mk  (cost=0.00..81003.12 rows=900051 width=0) (actual time=0.017..1267.229 rows=899969 loops=1)
  Filter: (keyword_id > 20506)
  Rows Removed by Filter: 3623961
Planning time: 0.228 ms
Execution time: 1386.912 ms
