Seq Scan on cast_info ci  (cost=0.00..705507.15 rows=34921718 width=0) (actual time=0.025..14128.796 rows=35030238 loops=1)
  Filter: (person_id > 122863)
  Rows Removed by Filter: 1214106
Planning time: 0.351 ms
Execution time: 18479.970 ms
