Seq Scan on movie_keyword mk  (cost=0.00..81003.12 rows=3891500 width=0) (actual time=0.016..1663.629 rows=3891082 loops=1)
  Filter: (keyword_id > 494)
  Rows Removed by Filter: 632848
Planning time: 0.277 ms
Execution time: 2152.218 ms
