Seq Scan on cast_info ci  (cost=0.00..796071.18 rows=3842590 width=0) (actual time=0.019..12859.932 rows=5966875 loops=1)
  Filter: ((person_id > 3049207) AND (role_id > 1))
  Rows Removed by Filter: 30277469
Planning time: 0.391 ms
Execution time: 13583.667 ms
