Hash Join  (cost=156356.93..1011138.64 rows=312290 width=0) (actual time=2746.407..20816.018 rows=1260999 loops=1)
  Hash Cond: (ci.movie_id = t.id)
  ->  Seq Scan on cast_info ci  (cost=0.00..796071.18 rows=11117526 width=4) (actual time=15.256..14767.991 rows=12774472 loops=1)
        Filter: ((person_id < 1427002) AND (role_id < 6))
        Rows Removed by Filter: 23469872
  ->  Hash  (cost=155469.11..155469.11 rows=71026 width=8) (actual time=2720.194..2720.194 rows=72797 loops=1)
        Buckets: 131072  Batches: 1  Memory Usage: 3868kB
        ->  Hash Join  (cost=68100.81..155469.11 rows=71026 width=8) (actual time=1010.527..2698.866 rows=72797 loops=1)
              Hash Cond: (mk.movie_id = t.id)
              ->  Seq Scan on movie_keyword mk  (cost=0.00..69693.30 rows=4523930 width=4) (actual time=0.028..875.457 rows=4523930 loops=1)
              ->  Hash  (cost=67604.59..67604.59 rows=39698 width=4) (actual time=1009.248..1009.248 rows=36437 loops=1)
                    Buckets: 65536  Batches: 1  Memory Usage: 1793kB
                    ->  Seq Scan on title t  (cost=0.00..67604.59 rows=39698 width=4) (actual time=0.028..993.075 rows=36437 loops=1)
                          Filter: (production_year = 1995)
                          Rows Removed by Filter: 2491875
Planning time: 1.156 ms
Execution time: 20971.544 ms
