Seq Scan on movie_companies mc  (cost=0.00..57926.93 rows=400562 width=0) (actual time=0.024..1074.107 rows=82049 loops=1)
  Filter: ((company_id > 27894) AND (company_type_id < 2))
  Rows Removed by Filter: 2527080
Planning time: 0.368 ms
Execution time: 1084.775 ms
