Hash Join  (cost=160971.88..301457.86 rows=1517095 width=0) (actual time=3794.948..7198.845 rows=1267707 loops=1)
  Hash Cond: (mk.movie_id = t.id)
  ->  Seq Scan on movie_keyword mk  (cost=0.00..69693.30 rows=4523930 width=4) (actual time=0.019..1388.635 rows=4523930 loops=1)
  ->  Hash  (cost=147059.64..147059.64 rows=847939 width=8) (actual time=3710.895..3710.895 rows=442380 loops=1)
        Buckets: 131072  Batches: 16  Memory Usage: 2110kB
        ->  Hash Join  (cost=93093.72..147059.64 rows=847939 width=8) (actual time=2060.193..3582.163 rows=442380 loops=1)
              Hash Cond: (mi_idx.movie_id = t.id)
              ->  Seq Scan on movie_info_idx mi_idx  (cost=0.00..21735.35 rows=1380035 width=4) (actual time=0.017..512.257 rows=1380035 loops=1)
              ->  Hash  (cost=67604.59..67604.59 rows=1553611 width=4) (actual time=2056.853..2056.853 rows=1555864 loops=1)
                    Buckets: 131072  Batches: 32  Memory Usage: 2734kB
                    ->  Seq Scan on title t  (cost=0.00..67604.59 rows=1553611 width=4) (actual time=0.023..1343.858 rows=1555864 loops=1)
                          Filter: (kind_id > 4)
                          Rows Removed by Filter: 972448
Planning time: 1.150 ms
Execution time: 7335.282 ms
