Seq Scan on movie_companies mc  (cost=0.00..57926.93 rows=650371 width=0) (actual time=0.021..1136.296 rows=902986 loops=1)
  Filter: ((company_id > 11373) AND (company_type_id > 1))
  Rows Removed by Filter: 1706143
Planning time: 0.396 ms
Execution time: 1245.884 ms
