Nested Loop  (cost=0.43..58358.27 rows=51 width=0) (actual time=702.389..978.606 rows=3 loops=1)
  ->  Seq Scan on movie_companies mc  (cost=0.00..57926.93 rows=51 width=4) (actual time=702.284..978.436 rows=3 loops=1)
        Filter: ((company_type_id < 2) AND (company_id = 41410))
        Rows Removed by Filter: 2609126
  ->  Index Only Scan using title_pkey on title t  (cost=0.43..8.45 rows=1 width=4) (actual time=0.048..0.049 rows=1 loops=3)
        Index Cond: (id = mc.movie_id)
        Heap Fetches: 3
Planning time: 0.717 ms
Execution time: 978.669 ms
