Hash Join  (cost=86935.43..154610.69 rows=281040 width=0) (actual time=2116.210..3689.262 rows=347549 loops=1)
  Hash Cond: (mc.movie_id = t.id)
  ->  Seq Scan on movie_companies mc  (cost=0.00..51404.11 rows=896200 width=4) (actual time=0.022..928.503 rows=892477 loops=1)
        Filter: (company_id < 2803)
        Rows Removed by Filter: 1716652
  ->  Hash  (cost=73925.90..73925.90 rows=792922 width=4) (actual time=2115.098..2115.098 rows=692469 loops=1)
        Buckets: 131072  Batches: 16  Memory Usage: 2548kB
        ->  Seq Scan on title t  (cost=0.00..73925.90 rows=792922 width=4) (actual time=0.032..1490.857 rows=692469 loops=1)
              Filter: ((kind_id > 1) AND (production_year < 2001))
              Rows Removed by Filter: 1835843
Planning time: 4.475 ms
Execution time: 3730.368 ms
