Seq Scan on movie_companies mc  (cost=0.00..51404.11 rows=8088 width=0) (actual time=0.267..891.222 rows=8235 loops=1)
  Filter: (company_id = 424)
  Rows Removed by Filter: 2600894
Planning time: 0.393 ms
Execution time: 892.439 ms
