Hash Join  (cost=244589.55..648173.90 rows=1654760 width=0) (actual time=5787.429..11986.945 rows=660391 loops=1)
  Hash Cond: (mi.movie_id = t.id)
  ->  Seq Scan on movie_info mi  (cost=0.00..346232.03 rows=3068194 width=4) (actual time=795.799..5415.592 rows=3036719 loops=1)
        Filter: (info_type_id = 16)
        Rows Removed by Filter: 11799001
  ->  Hash  (cost=222216.26..222216.26 rows=1363703 width=8) (actual time=4990.057..4990.057 rows=296760 loops=1)
        Buckets: 131072  Batches: 32  Memory Usage: 1385kB
        ->  Hash Join  (cost=92883.59..222216.26 rows=1363703 width=8) (actual time=3276.567..4892.014 rows=296760 loops=1)
              Hash Cond: (mk.movie_id = t.id)
              ->  Seq Scan on movie_keyword mk  (cost=0.00..81003.12 rows=2237903 width=4) (actual time=0.028..1653.245 rows=2230677 loops=1)
                    Filter: (keyword_id < 4590)
                    Rows Removed by Filter: 2293253
              ->  Hash  (cost=67604.59..67604.59 rows=1540800 width=4) (actual time=1866.305..1866.305 rows=1543264 loops=1)
                    Buckets: 131072  Batches: 32  Memory Usage: 2728kB
                    ->  Seq Scan on title t  (cost=0.00..67604.59 rows=1540800 width=4) (actual time=188.567..1345.164 rows=1543264 loops=1)
                          Filter: (kind_id = 7)
                          Rows Removed by Filter: 985048
Planning time: 1.187 ms
Execution time: 12061.743 ms
