Nested Loop  (cost=0.43..87941.87 rows=1053 width=0) (actual time=249.630..938.089 rows=366 loops=1)
  ->  Seq Scan on movie_companies mc  (cost=0.00..57926.93 rows=3989 width=4) (actual time=89.532..847.824 rows=2708 loops=1)
        Filter: ((company_id = 302) AND (company_type_id = 2))
        Rows Removed by Filter: 2606421
  ->  Index Scan using title_pkey on title t  (cost=0.43..7.51 rows=1 width=4) (actual time=0.033..0.033 rows=0 loops=2708)
        Index Cond: (id = mc.movie_id)
        Filter: (kind_id = 1)
        Rows Removed by Filter: 1
Planning time: 0.818 ms
Execution time: 938.324 ms
