Hash Join  (cost=241339.15..290067.02 rows=643139 width=0) (actual time=5757.721..7540.473 rows=2634058 loops=1)
  Hash Cond: (mi_idx.movie_id = t.id)
  ->  Seq Scan on movie_info_idx mi_idx  (cost=0.00..21735.35 rows=1380035 width=4) (actual time=0.015..461.265 rows=1380035 loops=1)
  ->  Hash  (cost=222005.51..222005.51 rows=1178371 width=8) (actual time=5756.496..5756.496 rows=1188483 loops=1)
        Buckets: 131072  Batches: 16  Memory Usage: 3989kB
        ->  Hash Join  (cost=102767.86..222005.51 rows=1178371 width=8) (actual time=2577.366..5419.347 rows=1188483 loops=1)
              Hash Cond: (mk.movie_id = t.id)
              ->  Seq Scan on movie_keyword mk  (cost=0.00..81003.12 rows=1178371 width=4) (actual time=0.017..1503.041 rows=1188483 loops=1)
                    Filter: (keyword_id > 15576)
                    Rows Removed by Filter: 3335447
              ->  Hash  (cost=61283.27..61283.27 rows=2528527 width=4) (actual time=2574.353..2574.353 rows=2528312 loops=1)
                    Buckets: 131072  Batches: 64  Memory Usage: 2425kB
                    ->  Seq Scan on title t  (cost=0.00..61283.27 rows=2528527 width=4) (actual time=0.013..1060.078 rows=2528312 loops=1)
Planning time: 1.178 ms
Execution time: 7810.791 ms
