Hash Join  (cost=465534.04..1468001.26 rows=1577744 width=0) (actual time=8892.646..37711.223 rows=15235247 loops=1)
  Hash Cond: (ci.movie_id = t.id)
  ->  Seq Scan on cast_info ci  (cost=0.00..705507.15 rows=24262833 width=4) (actual time=990.190..15601.961 rows=24364170 loops=1)
        Filter: (person_id > 1167537)
        Rows Removed by Filter: 11880174
  ->  Hash  (cost=462835.76..462835.76 rows=164423 width=8) (actual time=7901.642..7901.642 rows=197754 loops=1)
        Buckets: 131072  Batches: 4  Memory Usage: 2874kB
        ->  Hash Join  (cost=102767.86..462835.76 rows=164423 width=8) (actual time=4186.040..7845.825 rows=197754 loops=1)
              Hash Cond: (mi.movie_id = t.id)
              ->  Seq Scan on movie_info mi  (cost=0.00..346232.03 rows=164423 width=4) (actual time=2086.291..5257.692 rows=197754 loops=1)
                    Filter: (info_type_id > 106)
                    Rows Removed by Filter: 14637966
              ->  Hash  (cost=61283.27..61283.27 rows=2528527 width=4) (actual time=2052.422..2052.422 rows=2528312 loops=1)
                    Buckets: 131072  Batches: 64  Memory Usage: 2425kB
                    ->  Seq Scan on title t  (cost=0.00..61283.27 rows=2528527 width=4) (actual time=0.025..1167.680 rows=2528312 loops=1)
Planning time: 1.291 ms
Execution time: 39415.723 ms
