Hash Join  (cost=99591.38..719085.66 rows=11364846 width=0) (actual time=2315.497..20863.116 rows=10382678 loops=1)
  Hash Cond: (mi.movie_id = t.id)
  ->  Seq Scan on movie_info mi  (cost=0.00..309384.22 rows=14739122 width=4) (actual time=0.014..6570.464 rows=14835720 loops=1)
  ->  Hash  (cost=67604.59..67604.59 rows=1949663 width=4) (actual time=2314.152..2314.152 rows=1947263 loops=1)
        Buckets: 131072  Batches: 32  Memory Usage: 3180kB
        ->  Seq Scan on title t  (cost=0.00..67604.59 rows=1949663 width=4) (actual time=0.022..1509.174 rows=1947263 loops=1)
              Filter: (production_year > 1979)
              Rows Removed by Filter: 581049
Planning time: 2.064 ms
Execution time: 22145.104 ms
