Hash Join  (cost=70241.71..109439.43 rows=87724 width=0) (actual time=1144.311..2180.511 rows=62055 loops=1)
  Hash Cond: (mi_idx.movie_id = t.id)
  ->  Seq Scan on movie_info_idx mi_idx  (cost=0.00..21735.35 rows=1380035 width=4) (actual time=0.022..462.981 rows=1380035 loops=1)
  ->  Hash  (cost=67604.59..67604.59 rows=160730 width=4) (actual time=1143.362..1143.362 rows=160017 loops=1)
        Buckets: 131072  Batches: 4  Memory Usage: 2436kB
        ->  Seq Scan on title t  (cost=0.00..67604.59 rows=160730 width=4) (actual time=0.014..1088.226 rows=160017 loops=1)
              Filter: (production_year = 2011)
              Rows Removed by Filter: 2368295
Planning time: 0.779 ms
Execution time: 2189.319 ms
