Nested Loop  (cost=66614.18..196759.16 rows=7388 width=0) (actual time=1052.342..2806.972 rows=11833 loops=1)
  ->  Hash Join  (cost=66613.75..165788.33 rows=38839 width=8) (actual time=1052.274..2447.604 rows=11833 loops=1)
        Hash Cond: (mk.movie_id = mc.movie_id)
        ->  Seq Scan on movie_keyword mk  (cost=0.00..81003.12 rows=35287 width=4) (actual time=0.036..1325.005 rows=29440 loops=1)
              Filter: (keyword_id = 359)
              Rows Removed by Filter: 4494490
        ->  Hash  (cost=57926.93..57926.93 rows=529425 width=4) (actual time=1042.030..1042.030 rows=317037 loops=1)
              Buckets: 131072  Batches: 8  Memory Usage: 2425kB
              ->  Seq Scan on movie_companies mc  (cost=0.00..57926.93 rows=529425 width=4) (actual time=0.015..943.319 rows=317037 loops=1)
                    Filter: ((company_id < 5876) AND (company_type_id = 2))
                    Rows Removed by Filter: 2292092
  ->  Index Only Scan using title_pkey on title t  (cost=0.43..0.79 rows=1 width=4) (actual time=0.029..0.030 rows=1 loops=11833)
        Index Cond: (id = mc.movie_id)
        Heap Fetches: 11833
Planning time: 1.222 ms
Execution time: 2809.744 ms
