Hash Join  (cost=91673.71..182111.50 rows=1116227 width=0) (actual time=1753.649..4273.541 rows=434817 loops=1)
  Hash Cond: (mc.movie_id = t.id)
  ->  Seq Scan on movie_companies mc  (cost=0.00..44881.29 rows=2609129 width=4) (actual time=0.017..951.548 rows=2609129 loops=1)
  ->  Hash  (cost=73925.90..73925.90 rows=1081744 width=4) (actual time=1726.627..1726.627 rows=1176905 loops=1)
        Buckets: 131072  Batches: 16  Memory Usage: 3619kB
        ->  Seq Scan on title t  (cost=0.00..73925.90 rows=1081744 width=4) (actual time=0.023..1357.457 rows=1176905 loops=1)
              Filter: ((production_year > 1989) AND (kind_id = 7))
              Rows Removed by Filter: 1351407
Planning time: 0.759 ms
Execution time: 4325.966 ms
