Seq Scan on cast_info ci  (cost=0.00..796071.18 rows=10861229 width=0) (actual time=9349.573..15222.291 rows=8901278 loops=1)
  Filter: ((person_id > 504427) AND (role_id = 1))
  Rows Removed by Filter: 27343066
Planning time: 0.399 ms
Execution time: 16343.196 ms
