Hash Join  (cost=748672.56..835359.11 rows=2852 width=0) (actual time=12192.981..12206.167 rows=1 loops=1)
  Hash Cond: (mk.movie_id = t.id)
  ->  Seq Scan on movie_keyword mk  (cost=0.00..69693.30 rows=4523930 width=4) (actual time=0.024..860.085 rows=4523930 loops=1)
  ->  Hash  (cost=748652.63..748652.63 rows=1594 width=8) (actual time=10657.038..10657.038 rows=1 loops=1)
        Buckets: 2048  Batches: 1  Memory Usage: 17kB
        ->  Nested Loop  (cost=0.43..748652.63 rows=1594 width=8) (actual time=2692.711..10657.022 rows=1 loops=1)
              ->  Seq Scan on cast_info ci  (cost=0.00..705507.15 rows=6038 width=4) (actual time=2692.549..10597.331 rows=3356 loops=1)
                    Filter: (person_id = 1322213)
                    Rows Removed by Filter: 36240988
              ->  Index Scan using title_pkey on title t  (cost=0.43..7.14 rows=1 width=4) (actual time=0.017..0.017 rows=0 loops=3356)
                    Index Cond: (id = ci.movie_id)
                    Filter: (kind_id = 1)
                    Rows Removed by Filter: 1
Planning time: 1.232 ms
Execution time: 12206.291 ms
