Seq Scan on cast_info ci  (cost=0.00..705507.15 rows=10278256 width=0) (actual time=2064.333..12264.060 rows=10294678 loops=1)
  Filter: (person_id > 2682316)
  Rows Removed by Filter: 25949666
Planning time: 0.369 ms
Execution time: 13476.893 ms
