Hash Join  (cost=156649.15..297482.42 rows=795978 width=0) (actual time=3388.047..8223.495 rows=3356181 loops=1)
  Hash Cond: (mk.movie_id = t.id)
  ->  Seq Scan on movie_keyword mk  (cost=0.00..81003.12 rows=4328897 width=4) (actual time=0.020..1864.668 rows=4315625 loops=1)
        Filter: (keyword_id > 137)
        Rows Removed by Filter: 208305
  ->  Hash  (cost=149020.47..149020.47 rows=464934 width=8) (actual time=3387.291..3387.291 rows=460185 loops=1)
        Buckets: 131072  Batches: 8  Memory Usage: 3286kB
        ->  Hash Join  (cost=102767.86..149020.47 rows=464934 width=8) (actual time=1963.843..3246.307 rows=460185 loops=1)
              Hash Cond: (mi_idx.movie_id = t.id)
              ->  Seq Scan on movie_info_idx mi_idx  (cost=0.00..25185.44 rows=464934 width=4) (actual time=0.018..465.326 rows=460185 loops=1)
                    Filter: (info_type_id > 100)
                    Rows Removed by Filter: 919850
              ->  Hash  (cost=61283.27..61283.27 rows=2528527 width=4) (actual time=1962.005..1962.005 rows=2528312 loops=1)
                    Buckets: 131072  Batches: 64  Memory Usage: 2415kB
                    ->  Seq Scan on title t  (cost=0.00..61283.27 rows=2528527 width=4) (actual time=0.017..1104.451 rows=2528312 loops=1)
Planning time: 1.180 ms
Execution time: 8659.139 ms
