Hash Join  (cost=591599.12..2105478.33 rows=33509305 width=0) (actual time=15221.653..84969.634 rows=138331700 loops=1)
  Hash Cond: (ci.movie_id = t.id)
  ->  Seq Scan on cast_info ci  (cost=0.00..614943.12 rows=36225612 width=4) (actual time=0.012..13325.479 rows=36244344 loops=1)
  ->  Hash  (cost=553225.50..553225.50 rows=2338930 width=8) (actual time=15218.246..15218.246 rows=5401631 loops=1)
        Buckets: 131072 (originally 131072)  Batches: 128 (originally 32)  Memory Usage: 3073kB
        ->  Hash Join  (cost=78556.72..553225.50 rows=2338930 width=8) (actual time=2470.706..13673.416 rows=5401631 loops=1)
              Hash Cond: (mi.movie_id = t.id)
              ->  Seq Scan on movie_info mi  (cost=0.00..346232.03 rows=8859586 width=4) (actual time=1136.164..6453.278 rows=8966694 loops=1)
                    Filter: (info_type_id < 15)
                    Rows Removed by Filter: 5869026
              ->  Hash  (cost=67604.59..67604.59 rows=667531 width=4) (actual time=1254.163..1254.163 rows=662825 loops=1)
                    Buckets: 131072  Batches: 16  Memory Usage: 2485kB
                    ->  Seq Scan on title t  (cost=0.00..67604.59 rows=667531 width=4) (actual time=0.023..1049.880 rows=662825 loops=1)
                          Filter: (kind_id = 1)
                          Rows Removed by Filter: 1865487
Planning time: 1.163 ms
Execution time: 100814.950 ms
