Hash Join  (cost=83810.17..1015539.11 rows=5615303 width=0) (actual time=2595.366..23679.637 rows=5763551 loops=1)
  Hash Cond: (ci.movie_id = t.id)
  ->  Seq Scan on cast_info ci  (cost=0.00..705507.15 rows=14374869 width=4) (actual time=1227.868..13102.814 rows=14531128 loops=1)
        Filter: (person_id > 2206280)
        Rows Removed by Filter: 21713216
  ->  Hash  (cost=67604.59..67604.59 rows=987727 width=4) (actual time=1366.573..1366.573 rows=985048 loops=1)
        Buckets: 131072  Batches: 16  Memory Usage: 3188kB
        ->  Seq Scan on title t  (cost=0.00..67604.59 rows=987727 width=4) (actual time=0.035..1061.294 rows=985048 loops=1)
              Filter: (kind_id < 7)
              Rows Removed by Filter: 1543264
Planning time: 0.839 ms
Execution time: 24307.550 ms
