Seq Scan on movie_keyword mk  (cost=0.00..81003.12 rows=4218524 width=0) (actual time=0.009..1574.746 rows=4200194 loops=1)
  Filter: (keyword_id > 261)
  Rows Removed by Filter: 323736
Planning time: 0.377 ms
Execution time: 2100.611 ms
