Hash Join  (cost=471669.13..514308.69 rows=288308 width=0) (actual time=8237.576..9515.558 rows=537839 loops=1)
  Hash Cond: (mi_idx.movie_id = t.id)
  ->  Seq Scan on movie_info_idx mi_idx  (cost=0.00..21735.35 rows=1380035 width=4) (actual time=0.018..474.919 rows=1380035 loops=1)
  ->  Hash  (cost=463002.09..463002.09 rows=528243 width=8) (actual time=8236.841..8236.841 rows=479783 loops=1)
        Buckets: 131072  Batches: 8  Memory Usage: 3368kB
        ->  Hash Join  (cost=94666.80..463002.09 rows=528243 width=8) (actual time=5269.300..7929.217 rows=479783 loops=1)
              Hash Cond: (mi.movie_id = t.id)
              ->  Seq Scan on movie_info mi  (cost=0.00..346232.03 rows=809768 width=4) (actual time=3312.099..5078.555 rows=802140 loops=1)
                    Filter: (info_type_id < 2)
                    Rows Removed by Filter: 14033580
              ->  Hash  (cost=67604.59..67604.59 rows=1649457 width=4) (actual time=1956.473..1956.473 rows=1643514 loops=1)
                    Buckets: 131072  Batches: 32  Memory Usage: 2839kB
                    ->  Seq Scan on title t  (cost=0.00..67604.59 rows=1649457 width=4) (actual time=0.019..1400.851 rows=1643514 loops=1)
                          Filter: (production_year > 1994)
                          Rows Removed by Filter: 884798
Planning time: 1.027 ms
Execution time: 9584.598 ms
