Seq Scan on movie_companies mc  (cost=0.00..57926.93 rows=53 width=0) (actual time=0.155..889.314 rows=406 loops=1)
  Filter: ((company_type_id > 1) AND (company_id = 533))
  Rows Removed by Filter: 2608723
Planning time: 0.409 ms
Execution time: 889.468 ms
