Hash Join  (cost=567370.11..1925849.44 rows=9565702 width=0) (actual time=13480.002..47667.575 rows=13429983 loops=1)
  Hash Cond: (ci.movie_id = t.id)
  ->  Seq Scan on cast_info ci  (cost=0.00..614943.12 rows=36225612 width=4) (actual time=0.020..13612.485 rows=36244344 loops=1)
  ->  Hash  (cost=556415.10..556415.10 rows=667681 width=8) (actual time=13479.068..13479.068 rows=882915 loops=1)
        Buckets: 131072  Batches: 16  Memory Usage: 3190kB
        ->  Hash Join  (cost=69484.36..556415.10 rows=667681 width=8) (actual time=1099.547..12950.069 rows=882915 loops=1)
              Hash Cond: (mi.movie_id = t.id)
              ->  Seq Scan on movie_info mi  (cost=0.00..309384.22 rows=14739122 width=4) (actual time=0.035..5773.158 rows=14835720 loops=1)
              ->  Hash  (cost=67604.59..67604.59 rows=114542 width=4) (actual time=1098.714..1098.714 rows=118234 loops=1)
                    Buckets: 131072  Batches: 2  Memory Usage: 3107kB
                    ->  Seq Scan on title t  (cost=0.00..67604.59 rows=114542 width=4) (actual time=542.924..1056.193 rows=118234 loops=1)
                          Filter: (kind_id = 4)
                          Rows Removed by Filter: 2410078
Planning time: 1.165 ms
Execution time: 49161.139 ms
