Hash Join  (cost=545345.21..1929917.33 rows=29737795 width=0) (actual time=10862.726..72784.736 rows=121247599 loops=1)
  Hash Cond: (ci.movie_id = t.id)
  ->  Seq Scan on cast_info ci  (cost=0.00..614943.12 rows=36225612 width=4) (actual time=0.029..13415.500 rows=36244344 loops=1)
  ->  Hash  (cost=511290.19..511290.19 rows=2075681 width=8) (actual time=10861.161..10861.161 rows=2176476 loops=1)
        Buckets: 131072  Batches: 32  Memory Usage: 3529kB
        ->  Hash Join  (cost=106840.27..511290.19 rows=2075681 width=8) (actual time=2119.699..10314.074 rows=2176476 loops=1)
              Hash Cond: (mi.movie_id = t.id)
              ->  Seq Scan on movie_info mi  (cost=0.00..346232.03 rows=2194617 width=4) (actual time=0.019..5957.476 rows=2233850 loops=1)
                    Filter: (info_type_id > 16)
                    Rows Removed by Filter: 12601870
              ->  Hash  (cost=67604.59..67604.59 rows=2391495 width=4) (actual time=2118.653..2118.653 rows=2388876 loops=1)
                    Buckets: 131072  Batches: 32  Memory Usage: 3656kB
                    ->  Seq Scan on title t  (cost=0.00..67604.59 rows=2391495 width=4) (actual time=0.020..1333.051 rows=2388876 loops=1)
                          Filter: (production_year < 2013)
                          Rows Removed by Filter: 139436
Planning time: 2.757 ms
Execution time: 85473.954 ms
