Hash Join  (cost=83074.74..447745.01 rows=1434 width=0) (actual time=1302.110..8362.401 rows=4089 loops=1)
  Hash Cond: (mi.movie_id = t.id)
  ->  Seq Scan on movie_info mi  (cost=0.00..309384.22 rows=14739122 width=4) (actual time=0.022..4345.646 rows=14835720 loops=1)
  ->  Hash  (cost=83071.67..83071.67 rows=246 width=8) (actual time=1296.213..1296.213 rows=95 loops=1)
        Buckets: 1024  Batches: 1  Memory Usage: 12kB
        ->  Nested Loop  (cost=0.43..83071.67 rows=246 width=8) (actual time=14.639..1296.071 rows=95 loops=1)
              ->  Seq Scan on movie_keyword mk  (cost=0.00..81003.12 rows=246 width=4) (actual time=14.502..1290.525 rows=95 loops=1)
                    Filter: (keyword_id = 26706)
                    Rows Removed by Filter: 4523835
              ->  Index Only Scan using title_pkey on title t  (cost=0.43..8.40 rows=1 width=4) (actual time=0.053..0.053 rows=1 loops=95)
                    Index Cond: (id = mk.movie_id)
                    Heap Fetches: 95
Planning time: 12.466 ms
Execution time: 8363.525 ms
