Hash Join  (cost=149390.61..986755.49 rows=193827 width=0) (actual time=11776.944..19025.214 rows=376892 loops=1)
  Hash Cond: (ci.movie_id = t.id)
  ->  Seq Scan on cast_info ci  (cost=0.00..796071.18 rows=3354248 width=4) (actual time=8537.586..15162.029 rows=1344241 loops=1)
        Filter: ((person_id < 2874286) AND (role_id = 10))
        Rows Removed by Filter: 34900103
  ->  Hash  (cost=146993.21..146993.21 rows=146112 width=8) (actual time=3238.377..3238.377 rows=114616 loops=1)
        Buckets: 131072  Batches: 2  Memory Usage: 3241kB
        ->  Hash Join  (cost=69928.56..146993.21 rows=146112 width=8) (actual time=1033.137..3199.513 rows=114616 loops=1)
              Hash Cond: (mc.movie_id = t.id)
              ->  Seq Scan on movie_companies mc  (cost=0.00..44881.29 rows=2609129 width=4) (actual time=0.024..948.358 rows=2609129 loops=1)
              ->  Hash  (cost=67604.59..67604.59 rows=141598 width=4) (actual time=1032.117..1032.117 rows=141703 loops=1)
                    Buckets: 131072  Batches: 2  Memory Usage: 3511kB
                    ->  Seq Scan on title t  (cost=0.00..67604.59 rows=141598 width=4) (actual time=0.019..982.707 rows=141703 loops=1)
                          Filter: (production_year = 2010)
                          Rows Removed by Filter: 2386609
Planning time: 1.235 ms
Execution time: 19073.741 ms
