Seq Scan on movie_keyword mk  (cost=0.00..81003.12 rows=3901964 width=0) (actual time=0.028..1559.197 rows=3899918 loops=1)
  Filter: (keyword_id < 29329)
  Rows Removed by Filter: 624012
Planning time: 0.371 ms
Execution time: 2035.846 ms
