Seq Scan on title t  (cost=0.00..67604.59 rows=2404798 width=0) (actual time=0.013..1369.494 rows=2396371 loops=1)
  Filter: (production_year > 1914)
  Rows Removed by Filter: 131941
Planning time: 0.270 ms
Execution time: 1678.344 ms
