Hash Join  (cost=77144.97..154985.67 rows=202418 width=0) (actual time=1275.121..3680.824 rows=679965 loops=1)
  Hash Cond: (mc.movie_id = t.id)
  ->  Seq Scan on movie_companies mc  (cost=0.00..44881.29 rows=2609129 width=4) (actual time=0.012..970.656 rows=2609129 loops=1)
  ->  Hash  (cost=73925.90..73925.90 rows=196165 width=4) (actual time=1274.397..1274.397 rows=332162 loops=1)
        Buckets: 131072  Batches: 4  Memory Usage: 3944kB
        ->  Seq Scan on title t  (cost=0.00..73925.90 rows=196165 width=4) (actual time=0.055..1170.541 rows=332162 loops=1)
              Filter: ((kind_id < 4) AND (production_year < 1984))
              Rows Removed by Filter: 2196150
Planning time: 0.741 ms
Execution time: 3764.975 ms
