Seq Scan on movie_keyword mk  (cost=0.00..81003.12 rows=246 width=0) (actual time=3.461..1253.341 rows=8 loops=1)
  Filter: (keyword_id = 41197)
  Rows Removed by Filter: 4523922
Planning time: 0.401 ms
Execution time: 1253.433 ms
