Seq Scan on movie_keyword mk  (cost=0.00..81003.12 rows=2141491 width=0) (actual time=0.029..1308.470 rows=2146974 loops=1)
  Filter: (keyword_id < 4032)
  Rows Removed by Filter: 2376956
Planning time: 0.342 ms
Execution time: 1573.953 ms
