Hash Join  (cost=137528.28..197766.31 rows=68255 width=0) (actual time=2878.807..4104.295 rows=67276 loops=1)
  Hash Cond: (mc.movie_id = t.id)
  ->  Seq Scan on movie_companies mc  (cost=0.00..51404.11 rows=609165 width=4) (actual time=0.014..851.220 rows=613735 loops=1)
        Filter: (company_id > 63882)
        Rows Removed by Filter: 1995394
  ->  Hash  (cost=132879.85..132879.85 rows=283315 width=8) (actual time=2840.767..2840.767 rows=141906 loops=1)
        Buckets: 131072  Batches: 4  Memory Usage: 2407kB
        ->  Hash Join  (cost=92883.59..132879.85 rows=283315 width=8) (actual time=1717.565..2797.392 rows=141906 loops=1)
              Hash Cond: (mi_idx.movie_id = t.id)
              ->  Seq Scan on movie_info_idx mi_idx  (cost=0.00..25185.44 rows=464934 width=4) (actual time=0.022..556.646 rows=460185 loops=1)
                    Filter: (info_type_id > 100)
                    Rows Removed by Filter: 919850
              ->  Hash  (cost=67604.59..67604.59 rows=1540800 width=4) (actual time=1716.613..1716.613 rows=1543264 loops=1)
                    Buckets: 131072  Batches: 32  Memory Usage: 2722kB
                    ->  Seq Scan on title t  (cost=0.00..67604.59 rows=1540800 width=4) (actual time=0.016..1222.884 rows=1543264 loops=1)
                          Filter: (kind_id = 7)
                          Rows Removed by Filter: 985048
Planning time: 1.083 ms
Execution time: 4112.597 ms
