Hash Join  (cost=74434.21..133196.44 rows=3435 width=0) (actual time=1175.936..2015.802 rows=1061 loops=1)
  Hash Cond: (mc.movie_id = t.id)
  ->  Seq Scan on movie_companies mc  (cost=0.00..57926.93 rows=213586 width=4) (actual time=0.022..807.892 rows=98703 loops=1)
        Filter: ((company_id < 293) AND (company_type_id = 2))
        Rows Removed by Filter: 2510426
  ->  Hash  (cost=73925.90..73925.90 rows=40664 width=4) (actual time=1174.685..1174.685 rows=40257 loops=1)
        Buckets: 65536  Batches: 1  Memory Usage: 1928kB
        ->  Seq Scan on title t  (cost=0.00..73925.90 rows=40664 width=4) (actual time=0.017..1158.666 rows=40257 loops=1)
              Filter: ((production_year > 2012) AND (kind_id = 7))
              Rows Removed by Filter: 2488055
Planning time: 0.833 ms
Execution time: 2016.131 ms
