Nested Loop  (cost=0.43..115569.31 rows=186 width=0) (actual time=41.400..1245.460 rows=185 loops=1)
  ->  Seq Scan on movie_keyword mk  (cost=0.00..81003.12 rows=4675 width=4) (actual time=1.114..1151.871 rows=4057 loops=1)
        Filter: (keyword_id = 2862)
        Rows Removed by Filter: 4519873
  ->  Index Scan using title_pkey on title t  (cost=0.43..7.38 rows=1 width=4) (actual time=0.022..0.022 rows=0 loops=4057)
        Index Cond: (id = mk.movie_id)
        Filter: ((production_year < 2012) AND (kind_id = 4))
        Rows Removed by Filter: 1
Planning time: 0.827 ms
Execution time: 1245.670 ms
