Seq Scan on cast_info ci  (cost=0.00..796071.18 rows=168 width=0) (actual time=2369.857..12053.899 rows=27 loops=1)
  Filter: ((role_id > 3) AND (person_id = 1440320))
  Rows Removed by Filter: 36244317
Planning time: 0.411 ms
Execution time: 12054.027 ms
