Hash Join  (cost=283158.60..1997570.84 rows=17806791 width=148) (actual time=9946.390..138682.529 rows=160092835 loops=1)
  Hash Cond: (ci.movie_id = t.id)
  ->  Seq Scan on cast_info ci  (cost=0.00..705507.15 rows=35875431 width=42) (actual time=0.034..21380.812 rows=35928226 loops=1)
        Filter: (role_id < 11)
        Rows Removed by Filter: 316118
  ->  Hash  (cost=246634.65..246634.65 rows=1255036 width=106) (actual time=9943.110..9943.110 rows=3357259 loops=1)
        Buckets: 32768 (originally 32768)  Batches: 128 (originally 64)  Memory Usage: 3841kB
        ->  Hash Join  (cost=92970.26..246634.65 rows=1255036 width=106) (actual time=1925.876..7709.513 rows=3357259 loops=1)
              Hash Cond: (mk.movie_id = t.id)
              ->  Seq Scan on movie_keyword mk  (cost=0.00..69693.30 rows=4523930 width=12) (actual time=0.013..1583.130 rows=4523930 loops=1)
              ->  Hash  (cost=73925.90..73925.90 rows=701468 width=94) (actual time=1925.264..1925.264 rows=749931 loops=1)
                    Buckets: 32768  Batches: 32  Memory Usage: 2857kB
                    ->  Seq Scan on title t  (cost=0.00..73925.90 rows=701468 width=94) (actual time=0.018..1619.411 rows=749931 loops=1)
                          Filter: ((kind_id < 7) AND (production_year < 2009))
                          Rows Removed by Filter: 1778381
Planning time: 3.847 ms
Execution time: 147640.523 ms
