Hash Join  (cost=280449.07..910414.19 rows=12346129 width=0) (actual time=6543.405..43139.718 rows=105230140 loops=1)
  Hash Cond: (mi.movie_id = t.id)
  ->  Seq Scan on movie_info mi  (cost=0.00..309384.22 rows=14739122 width=4) (actual time=0.020..6341.842 rows=14835720 loops=1)
  ->  Hash  (cost=245700.02..245700.02 rows=2118004 width=8) (actual time=6539.023..6539.023 rows=1754881 loops=1)
        Buckets: 131072  Batches: 32  Memory Usage: 3267kB
        ->  Hash Join  (cost=92735.26..245700.02 rows=2118004 width=8) (actual time=1925.144..6042.559 rows=1754881 loops=1)
              Hash Cond: (mk.movie_id = t.id)
              ->  Seq Scan on movie_keyword mk  (cost=0.00..81003.12 rows=3496319 width=4) (actual time=0.030..1902.873 rows=3491609 loops=1)
                    Filter: (keyword_id > 1013)
                    Rows Removed by Filter: 1032321
              ->  Hash  (cost=67604.59..67604.59 rows=1531734 width=4) (actual time=1923.366..1923.366 rows=1531613 loops=1)
                    Buckets: 131072  Batches: 32  Memory Usage: 2716kB
                    ->  Seq Scan on title t  (cost=0.00..67604.59 rows=1531734 width=4) (actual time=0.013..1398.325 rows=1531613 loops=1)
                          Filter: (production_year > 1997)
                          Rows Removed by Filter: 996699
Planning time: 1.236 ms
Execution time: 54714.854 ms
