Hash Join  (cost=106561.27..168214.25 rows=1295945 width=0) (actual time=2193.358..4107.604 rows=1363733 loops=1)
  Hash Cond: (mi_idx.movie_id = t.id)
  ->  Seq Scan on movie_info_idx mi_idx  (cost=0.00..21735.35 rows=1380035 width=4) (actual time=0.011..467.877 rows=1380035 loops=1)
  ->  Hash  (cost=67604.59..67604.59 rows=2374455 width=4) (actual time=2192.480..2192.480 rows=2370958 loops=1)
        Buckets: 131072  Batches: 32  Memory Usage: 3631kB
        ->  Seq Scan on title t  (cost=0.00..67604.59 rows=2374455 width=4) (actual time=0.014..1421.978 rows=2370958 loops=1)
              Filter: (production_year > 1919)
              Rows Removed by Filter: 157354
Planning time: 0.519 ms
Execution time: 4268.845 ms
