Seq Scan on movie_keyword mk  (cost=0.00..81003.12 rows=2807276 width=0) (actual time=0.019..1629.889 rows=2801702 loops=1)
  Filter: (keyword_id > 2762)
  Rows Removed by Filter: 1722228
Planning time: 0.320 ms
Execution time: 1979.256 ms
