Hash Join  (cost=98583.70..463630.01 rows=39038 width=0) (actual time=963.375..8158.068 rows=77724 loops=1)
  Hash Cond: (mi.movie_id = t.id)
  ->  Seq Scan on movie_info mi  (cost=0.00..309384.22 rows=14739122 width=4) (actual time=0.009..4111.953 rows=14835720 loops=1)
  ->  Hash  (cost=98499.99..98499.99 rows=6697 width=8) (actual time=963.038..963.038 rows=6205 loops=1)
        Buckets: 8192  Batches: 1  Memory Usage: 307kB
        ->  Nested Loop  (cost=0.43..98499.99 rows=6697 width=8) (actual time=0.291..959.939 rows=6205 loops=1)
              ->  Seq Scan on movie_companies mc  (cost=0.00..51404.11 rows=6697 width=4) (actual time=0.238..812.164 rows=6205 loops=1)
                    Filter: (company_id = 145)
                    Rows Removed by Filter: 2602924
              ->  Index Only Scan using title_pkey on title t  (cost=0.43..7.02 rows=1 width=4) (actual time=0.023..0.023 rows=1 loops=6205)
                    Index Cond: (id = mc.movie_id)
                    Heap Fetches: 6205
Planning time: 1.265 ms
Execution time: 8169.390 ms
