Seq Scan on cast_info ci  (cost=0.00..796071.18 rows=3045592 width=0) (actual time=3402.579..13122.002 rows=6620022 loops=1)
  Filter: ((person_id > 2523407) AND (role_id > 4))
  Rows Removed by Filter: 29624322
Planning time: 1.117 ms
Execution time: 13911.641 ms
