Hash Join  (cost=219799.03..306428.45 rows=839990 width=0) (actual time=4277.551..6429.796 rows=689900 loops=1)
  Hash Cond: (mc.movie_id = t.id)
  ->  Seq Scan on movie_companies mc  (cost=0.00..44881.29 rows=2609129 width=4) (actual time=0.011..841.275 rows=2609129 loops=1)
  ->  Hash  (cost=206443.51..206443.51 rows=814041 width=8) (actual time=4276.607..4276.607 rows=312011 loops=1)
        Buckets: 131072  Batches: 16  Memory Usage: 1787kB
        ->  Hash Join  (cost=94973.51..206443.51 rows=814041 width=8) (actual time=1831.005..4187.522 rows=312011 loops=1)
              Hash Cond: (mk.movie_id = t.id)
              ->  Seq Scan on movie_keyword mk  (cost=0.00..81003.12 rows=1233893 width=4) (actual time=0.010..1433.839 rows=1249344 loops=1)
                    Filter: (keyword_id < 1587)
                    Rows Removed by Filter: 3274586
              ->  Hash  (cost=67604.59..67604.59 rows=1668154 width=4) (actual time=1829.575..1829.575 rows=1674098 loops=1)
                    Buckets: 131072  Batches: 32  Memory Usage: 2875kB
                    ->  Seq Scan on title t  (cost=0.00..67604.59 rows=1668154 width=4) (actual time=0.029..1299.494 rows=1674098 loops=1)
                          Filter: (kind_id > 3)
                          Rows Removed by Filter: 854214
Planning time: 0.751 ms
Execution time: 6505.116 ms
