Hash Join  (cost=102767.86..1065226.50 rows=6504213 width=0) (actual time=2714.116..18022.339 rows=2755143 loops=1)
  Hash Cond: (ci.movie_id = t.id)
  ->  Seq Scan on cast_info ci  (cost=0.00..796071.18 rows=6504213 width=4) (actual time=703.921..12944.159 rows=2755143 loops=1)
        Filter: ((person_id < 965981) AND (role_id > 1))
        Rows Removed by Filter: 33489201
  ->  Hash  (cost=61283.27..61283.27 rows=2528527 width=4) (actual time=2008.998..2008.998 rows=2528312 loops=1)
        Buckets: 131072  Batches: 64  Memory Usage: 2415kB
        ->  Seq Scan on title t  (cost=0.00..61283.27 rows=2528527 width=4) (actual time=0.018..1157.751 rows=2528312 loops=1)
Planning time: 3.958 ms
Execution time: 18352.549 ms
