Hash Join  (cost=104071.89..1374004.28 rows=22613949 width=0) (actual time=2071.364..39364.039 rows=23541724 loops=1)
  Hash Cond: (ci.movie_id = t.id)
  ->  Seq Scan on cast_info ci  (cost=0.00..705507.15 rows=25724951 width=4) (actual time=0.039..15971.798 rows=25732743 loops=1)
        Filter: (person_id < 2658648)
        Rows Removed by Filter: 10511601
  ->  Hash  (cost=67604.59..67604.59 rows=2222744 width=4) (actual time=2070.481..2070.481 rows=2214818 loops=1)
        Buckets: 131072  Batches: 32  Memory Usage: 3459kB
        ->  Seq Scan on title t  (cost=0.00..67604.59 rows=2222744 width=4) (actual time=3.878..1368.534 rows=2214818 loops=1)
              Filter: (production_year > 1959)
              Rows Removed by Filter: 313494
Planning time: 1.103 ms
Execution time: 41888.703 ms
