Hash Join  (cost=92883.59..180109.42 rows=960532 width=0) (actual time=1759.020..3897.567 rows=519636 loops=1)
  Hash Cond: (mc.movie_id = t.id)
  ->  Seq Scan on movie_companies mc  (cost=0.00..51404.11 rows=1576280 width=4) (actual time=0.021..1025.152 rows=1566941 loops=1)
        Filter: (company_id < 15193)
        Rows Removed by Filter: 1042188
  ->  Hash  (cost=67604.59..67604.59 rows=1540800 width=4) (actual time=1757.592..1757.592 rows=1543264 loops=1)
        Buckets: 131072  Batches: 32  Memory Usage: 2722kB
        ->  Seq Scan on title t  (cost=0.00..67604.59 rows=1540800 width=4) (actual time=0.022..1274.734 rows=1543264 loops=1)
              Filter: (kind_id = 7)
              Rows Removed by Filter: 985048
Planning time: 0.764 ms
Execution time: 3954.811 ms
