Hash Join  (cost=698092.82..2230946.64 rows=42046053 width=0) (actual time=17647.344..72366.891 rows=90320419 loops=1)
  Hash Cond: (ci.movie_id = t.id)
  ->  Seq Scan on cast_info ci  (cost=0.00..705507.15 rows=23499554 width=4) (actual time=0.016..16461.102 rows=23573656 loops=1)
        Filter: (role_id > 1)
        Rows Removed by Filter: 12670688
  ->  Hash  (cost=623868.43..623868.43 rows=4524111 width=8) (actual time=17645.600..17645.600 rows=3700996 loops=1)
        Buckets: 131072  Batches: 64  Memory Usage: 3297kB
        ->  Hash Join  (cost=82423.69..623868.43 rows=4524111 width=8) (actual time=1478.458..16178.208 rows=3700996 loops=1)
              Hash Cond: (mi.movie_id = t.id)
              ->  Seq Scan on movie_info mi  (cost=0.00..346232.03 rows=12665229 width=4) (actual time=0.012..7163.949 rows=12744652 loops=1)
                    Filter: (info_type_id > 2)
                    Rows Removed by Filter: 2091068
              ->  Hash  (cost=67604.59..67604.59 rows=903208 width=4) (actual time=1477.320..1477.320 rows=904491 loops=1)
                    Buckets: 131072  Batches: 16  Memory Usage: 3017kB
                    ->  Seq Scan on title t  (cost=0.00..67604.59 rows=903208 width=4) (actual time=0.011..1179.873 rows=904491 loops=1)
                          Filter: (production_year > 2006)
                          Rows Removed by Filter: 1623821
Planning time: 1.151 ms
Execution time: 82907.383 ms
