Seq Scan on cast_info ci  (cost=0.00..796071.18 rows=435 width=0) (actual time=12341.299..14671.880 rows=53 loops=1)
  Filter: ((role_id < 10) AND (person_id = 1291375))
  Rows Removed by Filter: 36244291
Planning time: 0.396 ms
Execution time: 14672.009 ms
