Hash Join  (cost=126820.21..486950.86 rows=30879 width=0) (actual time=2561.308..8469.593 rows=66873 loops=1)
  Hash Cond: (mi.movie_id = t.id)
  ->  Seq Scan on movie_info mi  (cost=0.00..346232.03 rows=3623957 width=4) (actual time=384.770..5605.998 rows=3624977 loops=1)
        Filter: (info_type_id < 4)
        Rows Removed by Filter: 11210743
  ->  Hash  (cost=126550.90..126550.90 rows=21545 width=8) (actual time=2120.342..2120.342 rows=18806 loops=1)
        Buckets: 32768  Batches: 1  Memory Usage: 991kB
        ->  Hash Join  (cost=69928.56..126550.90 rows=21545 width=8) (actual time=1133.714..2112.664 rows=18806 loops=1)
              Hash Cond: (mc.movie_id = t.id)
              ->  Seq Scan on movie_companies mc  (cost=0.00..51404.11 rows=384739 width=4) (actual time=0.046..798.600 rows=389064 loops=1)
                    Filter: (company_id > 83330)
                    Rows Removed by Filter: 2220065
              ->  Hash  (cost=67604.59..67604.59 rows=141598 width=4) (actual time=1132.922..1132.922 rows=141703 loops=1)
                    Buckets: 131072  Batches: 2  Memory Usage: 3511kB
                    ->  Seq Scan on title t  (cost=0.00..67604.59 rows=141598 width=4) (actual time=0.029..1079.943 rows=141703 loops=1)
                          Filter: (production_year = 2010)
                          Rows Removed by Filter: 2386609
Planning time: 1.223 ms
Execution time: 8479.703 ms
