Hash Join  (cost=147820.49..274326.96 rows=369643 width=0) (actual time=3019.004..6288.089 rows=610677 loops=1)
  Hash Cond: (mk.movie_id = t.id)
  ->  Seq Scan on movie_keyword mk  (cost=0.00..69693.30 rows=4523930 width=4) (actual time=0.014..1398.017 rows=4523930 loops=1)
  ->  Hash  (cost=144429.96..144429.96 rows=206602 width=8) (actual time=3017.911..3017.911 rows=176197 loops=1)
        Buckets: 131072  Batches: 4  Memory Usage: 2764kB
        ->  Hash Join  (cost=74050.79..144429.96 rows=206602 width=8) (actual time=1599.136..2951.189 rows=176197 loops=1)
              Hash Cond: (mc.movie_id = t.id)
              ->  Seq Scan on movie_companies mc  (cost=0.00..51404.11 rows=1329612 width=4) (actual time=319.374..930.160 rows=1334883 loops=1)
                    Filter: (company_type_id = 2)
                    Rows Removed by Filter: 1274246
              ->  Hash  (cost=67604.59..67604.59 rows=392896 width=4) (actual time=1278.844..1278.844 rows=391666 loops=1)
                    Buckets: 131072  Batches: 8  Memory Usage: 2753kB
                    ->  Seq Scan on title t  (cost=0.00..67604.59 rows=392896 width=4) (actual time=0.019..1152.446 rows=391666 loops=1)
                          Filter: (production_year > 2010)
                          Rows Removed by Filter: 2136646
Planning time: 1.137 ms
Execution time: 6348.128 ms
