Hash Join  (cost=113349.02..1165775.28 rows=1812814 width=0) (actual time=1968.542..28767.251 rows=2384060 loops=1)
  Hash Cond: (ci.movie_id = t.id)
  ->  Seq Scan on cast_info ci  (cost=0.00..614943.12 rows=36225612 width=4) (actual time=0.006..13291.241 rows=36244344 loops=1)
  ->  Hash  (cost=111272.36..111272.36 rows=126533 width=8) (actual time=1967.766..1967.766 rows=69471 loops=1)
        Buckets: 131072  Batches: 2  Memory Usage: 2377kB
        ->  Hash Join  (cost=71408.55..111272.36 rows=126533 width=8) (actual time=963.662..1946.881 rows=69471 loops=1)
              Hash Cond: (mi_idx.movie_id = t.id)
              ->  Seq Scan on movie_info_idx mi_idx  (cost=0.00..21735.35 rows=1380035 width=4) (actual time=0.016..433.907 rows=1380035 loops=1)
              ->  Hash  (cost=67604.59..67604.59 rows=231837 width=4) (actual time=962.878..962.878 rows=231649 loops=1)
                    Buckets: 131072  Batches: 4  Memory Usage: 3076kB
                    ->  Seq Scan on title t  (cost=0.00..67604.59 rows=231837 width=4) (actual time=0.020..876.757 rows=231649 loops=1)
                          Filter: (production_year > 2011)
                          Rows Removed by Filter: 2296663
Planning time: 1.268 ms
Execution time: 29087.232 ms
