Seq Scan on cast_info ci  (cost=0.00..796071.18 rows=1243711 width=0) (actual time=1223.034..11952.226 rows=3717463 loops=1)
  Filter: ((person_id > 3385201) AND (role_id > 3))
  Rows Removed by Filter: 32526881
Planning time: 0.373 ms
Execution time: 12404.194 ms
