Seq Scan on cast_info ci  (cost=0.00..796071.18 rows=1687230 width=0) (actual time=10181.827..12979.538 rows=2528882 loops=1)
  Filter: ((person_id > 2097212) AND (role_id = 3))
  Rows Removed by Filter: 33715462
Planning time: 0.436 ms
Execution time: 13288.834 ms
