Seq Scan on movie_keyword mk  (cost=0.00..81003.12 rows=5881 width=0) (actual time=0.126..1220.087 rows=4261 loops=1)
  Filter: (keyword_id = 2867)
  Rows Removed by Filter: 4519669
Planning time: 0.378 ms
Execution time: 1221.231 ms
