Hash Join  (cost=83072.34..833862.07 rows=55 width=0) (actual time=1378.575..16639.466 rows=212 loops=1)
  Hash Cond: (ci.movie_id = t.id)
  ->  Seq Scan on cast_info ci  (cost=0.00..614943.12 rows=36225612 width=4) (actual time=0.006..8497.529 rows=36244344 loops=1)
  ->  Hash  (cost=83072.29..83072.29 rows=4 width=8) (actual time=1298.851..1298.851 rows=3 loops=1)
        Buckets: 1024  Batches: 1  Memory Usage: 9kB
        ->  Nested Loop  (cost=0.43..83072.29 rows=4 width=8) (actual time=139.499..1298.828 rows=3 loops=1)
              ->  Seq Scan on movie_keyword mk  (cost=0.00..81003.12 rows=246 width=4) (actual time=6.671..1287.115 rows=164 loops=1)
                    Filter: (keyword_id = 18734)
                    Rows Removed by Filter: 4523766
              ->  Index Scan using title_pkey on title t  (cost=0.43..8.40 rows=1 width=4) (actual time=0.068..0.068 rows=0 loops=164)
                    Index Cond: (id = mk.movie_id)
                    Filter: (production_year = 1995)
                    Rows Removed by Filter: 1
Planning time: 1.215 ms
Execution time: 16639.837 ms
