Seq Scan on cast_info ci  (cost=0.00..705507.15 rows=350181 width=0) (actual time=4018.686..11538.295 rows=316118 loops=1)
  Filter: (role_id = 11)
  Rows Removed by Filter: 35928226
Planning time: 2.181 ms
Execution time: 11574.885 ms
