Seq Scan on movie_keyword mk  (cost=0.00..81003.12 rows=246 width=0) (actual time=0.588..1322.680 rows=1423 loops=1)
  Filter: (keyword_id = 1615)
  Rows Removed by Filter: 4522507
Planning time: 0.404 ms
Execution time: 1323.183 ms
