Hash Join  (cost=73994.33..160750.31 rows=9794 width=0) (actual time=1276.468..2982.571 rows=4224 loops=1)
  Hash Cond: (mk.movie_id = t.id)
  ->  Seq Scan on movie_keyword mk  (cost=0.00..69693.30 rows=4523930 width=4) (actual time=0.015..883.213 rows=4523930 loops=1)
  ->  Hash  (cost=73925.90..73925.90 rows=5474 width=4) (actual time=1273.983..1273.983 rows=7724 loops=1)
        Buckets: 8192  Batches: 1  Memory Usage: 336kB
        ->  Seq Scan on title t  (cost=0.00..73925.90 rows=5474 width=4) (actual time=0.039..1269.941 rows=7724 loops=1)
              Filter: ((kind_id > 1) AND (production_year = 1964))
              Rows Removed by Filter: 2520588
Planning time: 0.793 ms
Execution time: 2983.380 ms
