Hash Join  (cost=157772.43..212462.85 rows=2489 width=0) (actual time=2267.451..3408.483 rows=60 loops=1)
  Hash Cond: (mc.movie_id = t.id)
  ->  Seq Scan on movie_companies mc  (cost=0.00..44881.29 rows=2609129 width=4) (actual time=0.019..685.297 rows=2609129 loops=1)
  ->  Hash  (cost=157742.26..157742.26 rows=2413 width=8) (actual time=2262.042..2262.042 rows=38 loops=1)
        Buckets: 4096  Batches: 1  Memory Usage: 34kB
        ->  Hash Join  (cost=75628.47..157742.26 rows=2413 width=8) (actual time=1056.296..2261.946 rows=38 loops=1)
              Hash Cond: (mk.movie_id = t.id)
              ->  Seq Scan on movie_keyword mk  (cost=0.00..81003.12 rows=58811 width=4) (actual time=0.047..1186.256 rows=58448 loops=1)
                    Filter: (keyword_id = 16264)
                    Rows Removed by Filter: 4465482
              ->  Hash  (cost=73925.90..73925.90 rows=103725 width=4) (actual time=1036.537..1036.537 rows=98992 loops=1)
                    Buckets: 131072  Batches: 2  Memory Usage: 2766kB
                    ->  Seq Scan on title t  (cost=0.00..73925.90 rows=103725 width=4) (actual time=0.018..1002.216 rows=98992 loops=1)
                          Filter: ((kind_id < 2) AND (production_year > 2010))
                          Rows Removed by Filter: 2429320
Planning time: 1.156 ms
Execution time: 3408.636 ms
