Hash Join  (cost=1053423.42..1274100.01 rows=6035312 width=0) (actual time=23097.103..30976.814 rows=13641744 loops=1)
  Hash Cond: (mk.movie_id = t.id)
  ->  Seq Scan on movie_keyword mk  (cost=0.00..81003.12 rows=4267780 width=4) (actual time=0.025..1904.165 rows=4269970 loops=1)
        Filter: (keyword_id < 59984)
        Rows Removed by Filter: 253960
  ->  Hash  (cost=994758.73..994758.73 rows=3575735 width=8) (actual time=23096.292..23096.292 rows=3723247 loops=1)
        Buckets: 131072  Batches: 64  Memory Usage: 3310kB
        ->  Hash Join  (cost=102767.86..994758.73 rows=3575735 width=8) (actual time=4031.504..21938.186 rows=3723247 loops=1)
              Hash Cond: (ci.movie_id = t.id)
              ->  Seq Scan on cast_info ci  (cost=0.00..796071.18 rows=3575735 width=4) (actual time=2124.748..16128.067 rows=3723247 loops=1)
                    Filter: ((person_id > 355081) AND (role_id = 3))
                    Rows Removed by Filter: 32521097
              ->  Hash  (cost=61283.27..61283.27 rows=2528527 width=4) (actual time=1905.784..1905.784 rows=2528312 loops=1)
                    Buckets: 131072  Batches: 64  Memory Usage: 2415kB
                    ->  Seq Scan on title t  (cost=0.00..61283.27 rows=2528527 width=4) (actual time=0.023..1077.104 rows=2528312 loops=1)
Planning time: 1.879 ms
Execution time: 32632.254 ms
