Seq Scan on movie_keyword mk  (cost=0.00..81003.12 rows=4392522 width=0) (actual time=0.025..1556.876 rows=4395772 loops=1)
  Filter: (keyword_id < 76700)
  Rows Removed by Filter: 128158
Planning time: 0.321 ms
Execution time: 2111.406 ms
