Hash Join  (cost=102767.86..1051960.44 rows=5952948 width=0) (actual time=3009.094..27677.677 rows=12117630 loops=1)
  Hash Cond: (ci.movie_id = t.id)
  ->  Seq Scan on cast_info ci  (cost=0.00..796071.18 rows=5952948 width=4) (actual time=1026.081..15214.130 rows=12117630 loops=1)
        Filter: ((person_id < 1663347) AND (role_id = 1))
        Rows Removed by Filter: 24126714
  ->  Hash  (cost=61283.27..61283.27 rows=2528527 width=4) (actual time=1981.725..1981.725 rows=2528312 loops=1)
        Buckets: 131072  Batches: 64  Memory Usage: 2415kB
        ->  Seq Scan on title t  (cost=0.00..61283.27 rows=2528527 width=4) (actual time=0.025..1139.647 rows=2528312 loops=1)
Planning time: 0.735 ms
Execution time: 29047.909 ms
