Seq Scan on cast_info ci  (cost=0.00..796071.18 rows=324 width=0) (actual time=1820.327..14215.783 rows=10 loops=1)
  Filter: ((role_id > 1) AND (person_id = 2132515))
  Rows Removed by Filter: 36244334
Planning time: 0.375 ms
Execution time: 14215.931 ms
