Hash Join  (cost=102767.86..286577.99 rows=3861970 width=0) (actual time=2100.004..7045.663 rows=3855545 loops=1)
  Hash Cond: (mk.movie_id = t.id)
  ->  Seq Scan on movie_keyword mk  (cost=0.00..81003.12 rows=3861970 width=4) (actual time=0.025..1717.888 rows=3855545 loops=1)
        Filter: (keyword_id < 28034)
        Rows Removed by Filter: 668385
  ->  Hash  (cost=61283.27..61283.27 rows=2528527 width=4) (actual time=2091.976..2091.976 rows=2528312 loops=1)
        Buckets: 131072  Batches: 64  Memory Usage: 2425kB
        ->  Seq Scan on title t  (cost=0.00..61283.27 rows=2528527 width=4) (actual time=0.023..1130.357 rows=2528312 loops=1)
Planning time: 0.731 ms
Execution time: 7497.513 ms
