Nested Loop  (cost=0.43..58375.31 rows=1 width=0) (actual time=4.254..745.310 rows=7 loops=1)
  ->  Seq Scan on movie_companies mc  (cost=0.00..57926.93 rows=53 width=4) (actual time=2.684..737.681 rows=167 loops=1)
        Filter: ((company_id = 272) AND (company_type_id = 2))
        Rows Removed by Filter: 2608962
  ->  Index Scan using title_pkey on title t  (cost=0.43..8.45 rows=1 width=4) (actual time=0.044..0.044 rows=0 loops=167)
        Index Cond: (id = mc.movie_id)
        Filter: (production_year = 2001)
        Rows Removed by Filter: 1
Planning time: 0.775 ms
Execution time: 745.417 ms
