Seq Scan on movie_keyword mk  (cost=0.00..81003.12 rows=2886584 width=0) (actual time=0.025..1526.625 rows=2876551 loops=1)
  Filter: (keyword_id > 2505)
  Rows Removed by Filter: 1647379
Planning time: 0.315 ms
Execution time: 1908.969 ms
