Hash Join  (cost=80562.70..910634.96 rows=657506 width=0) (actual time=2293.697..15327.767 rows=1428938 loops=1)
  Hash Cond: (ci.movie_id = t.id)
  ->  Seq Scan on cast_info ci  (cost=0.00..796071.18 rows=2105073 width=4) (actual time=604.400..11534.755 rows=3275954 loops=1)
        Filter: ((person_id > 3458600) AND (role_id > 1))
        Rows Removed by Filter: 32968390
  ->  Hash  (cost=67604.59..67604.59 rows=789769 width=4) (actual time=1688.113..1688.113 rows=784926 loops=1)
        Buckets: 131072  Batches: 16  Memory Usage: 2749kB
        ->  Seq Scan on title t  (cost=0.00..67604.59 rows=789769 width=4) (actual time=0.032..1314.620 rows=784926 loops=1)
              Filter: (production_year > 2007)
              Rows Removed by Filter: 1743386
Planning time: 3.325 ms
Execution time: 15498.542 ms
