Hash Join  (cost=256244.46..1569897.34 rows=22834167 width=0) (actual time=5193.048..40558.358 rows=22568397 loops=1)
  Hash Cond: (ci.movie_id = t.id)
  ->  Seq Scan on cast_info ci  (cost=0.00..614943.12 rows=36225612 width=4) (actual time=0.015..13445.366 rows=36244344 loops=1)
  ->  Hash  (cost=230095.81..230095.81 rows=1593812 width=8) (actual time=5191.832..5191.832 rows=784758 loops=1)
        Buckets: 131072  Batches: 32  Memory Usage: 1984kB
        ->  Hash Join  (cost=98137.04..230095.81 rows=1593812 width=8) (actual time=1868.108..4977.830 rows=784758 loops=1)
              Hash Cond: (mk.movie_id = t.id)
              ->  Seq Scan on movie_keyword mk  (cost=0.00..81003.12 rows=2165505 width=4) (actual time=0.016..1649.204 rows=2161961 loops=1)
                    Filter: (keyword_id > 5309)
                    Rows Removed by Filter: 2361969
              ->  Hash  (cost=67604.59..67604.59 rows=1860996 width=4) (actual time=1866.352..1866.352 rows=1865487 loops=1)
                    Buckets: 131072  Batches: 32  Memory Usage: 3085kB
                    ->  Seq Scan on title t  (cost=0.00..67604.59 rows=1860996 width=4) (actual time=0.013..1249.526 rows=1865487 loops=1)
                          Filter: (kind_id > 1)
                          Rows Removed by Filter: 662825
Planning time: 0.972 ms
Execution time: 42984.563 ms
