Seq Scan on movie_keyword mk  (cost=0.00..81003.12 rows=525956 width=0) (actual time=0.020..1315.901 rows=515716 loops=1)
  Filter: (keyword_id > 35107)
  Rows Removed by Filter: 4008214
Planning time: 0.341 ms
Execution time: 1383.268 ms
