Hash Join  (cost=320987.28..1044735.60 rows=19408759 width=0) (actual time=6754.820..26222.854 rows=24120608 loops=1)
  Hash Cond: (mi.movie_id = t.id)
  ->  Seq Scan on movie_info mi  (cost=0.00..309384.22 rows=14739122 width=4) (actual time=0.011..6534.103 rows=14835720 loops=1)
  ->  Hash  (cost=266360.12..266360.12 rows=3329613 width=8) (actual time=6753.122..6753.122 rows=1637255 loops=1)
        Buckets: 131072  Batches: 64  Memory Usage: 2032kB
        ->  Hash Join  (cost=98137.04..266360.12 rows=3329613 width=8) (actual time=1968.514..6025.529 rows=1637255 loops=1)
              Hash Cond: (mk.movie_id = t.id)
              ->  Seq Scan on movie_keyword mk  (cost=0.00..69693.30 rows=4523930 width=4) (actual time=0.024..1482.159 rows=4523930 loops=1)
              ->  Hash  (cost=67604.59..67604.59 rows=1860996 width=4) (actual time=1967.305..1967.305 rows=1865487 loops=1)
                    Buckets: 131072  Batches: 32  Memory Usage: 3085kB
                    ->  Seq Scan on title t  (cost=0.00..67604.59 rows=1860996 width=4) (actual time=0.017..1330.767 rows=1865487 loops=1)
                          Filter: (kind_id > 1)
                          Rows Removed by Filter: 662825
Planning time: 0.761 ms
Execution time: 28852.654 ms
