Seq Scan on cast_info ci  (cost=0.00..796071.18 rows=176 width=0) (actual time=7452.460..11382.052 rows=5 loops=1)
  Filter: ((person_id = 1133042) AND (role_id = 1))
  Rows Removed by Filter: 36244339
Planning time: 0.408 ms
Execution time: 11382.195 ms
