Hash Join  (cost=87245.25..136148.30 rows=653357 width=0) (actual time=2152.794..3531.978 rows=794821 loops=1)
  Hash Cond: (mi_idx.movie_id = t.id)
  ->  Seq Scan on movie_info_idx mi_idx  (cost=0.00..21735.35 rows=1380035 width=4) (actual time=0.020..444.098 rows=1380035 loops=1)
  ->  Hash  (cost=67604.59..67604.59 rows=1197093 width=4) (actual time=2151.951..2151.951 rows=1195923 loops=1)
        Buckets: 131072  Batches: 16  Memory Usage: 3653kB
        ->  Seq Scan on title t  (cost=0.00..67604.59 rows=1197093 width=4) (actual time=0.015..1186.123 rows=1195923 loops=1)
              Filter: (production_year < 2003)
              Rows Removed by Filter: 1332389
Planning time: 0.744 ms
Execution time: 3616.450 ms
