Hash Join  (cost=433328.88..1301401.42 rows=121363 width=0) (actual time=10458.745..24806.629 rows=592699 loops=1)
  Hash Cond: (ci.movie_id = t.id)
  ->  Seq Scan on cast_info ci  (cost=0.00..796071.18 rows=7078773 width=4) (actual time=1737.210..13154.560 rows=7656339 loops=1)
        Filter: ((person_id < 782286) AND (role_id < 10))
        Rows Removed by Filter: 28588005
  ->  Hash  (cost=432786.99..432786.99 rows=43351 width=8) (actual time=8720.692..8720.692 rows=91898 loops=1)
        Buckets: 131072 (originally 65536)  Batches: 2 (originally 1)  Memory Usage: 3073kB
        ->  Hash Join  (cost=67697.55..432786.99 rows=43351 width=8) (actual time=1024.105..8675.094 rows=91898 loops=1)
              Hash Cond: (mi.movie_id = t.id)
              ->  Seq Scan on movie_info mi  (cost=0.00..309384.22 rows=14739122 width=4) (actual time=0.026..4337.437 rows=14835720 loops=1)
              ->  Hash  (cost=67604.59..67604.59 rows=7437 width=4) (actual time=1023.969..1023.969 rows=13063 loops=1)
                    Buckets: 16384 (originally 8192)  Batches: 1 (originally 1)  Memory Usage: 588kB
                    ->  Seq Scan on title t  (cost=0.00..67604.59 rows=7437 width=4) (actual time=0.027..1017.744 rows=13063 loops=1)
                          Filter: (production_year = 1965)
                          Rows Removed by Filter: 2515249
Planning time: 1.201 ms
Execution time: 24880.626 ms
