Seq Scan on movie_keyword mk  (cost=0.00..81003.12 rows=467146 width=0) (actual time=0.018..1230.064 rows=463960 loops=1)
  Filter: (keyword_id > 38326)
  Rows Removed by Filter: 4059970
Planning time: 0.242 ms
Execution time: 1287.922 ms
