Seq Scan on movie_keyword mk  (cost=0.00..81003.12 rows=2947791 width=0) (actual time=0.019..1499.346 rows=2939254 loops=1)
  Filter: (keyword_id > 2414)
  Rows Removed by Filter: 1584676
Planning time: 0.313 ms
Execution time: 1852.524 ms
