Hash Join  (cost=157989.83..670215.81 rows=1813635 width=0) (actual time=3362.982..22639.012 rows=28970239 loops=1)
  Hash Cond: (mi.movie_id = t.id)
  ->  Seq Scan on movie_info mi  (cost=0.00..346232.03 rows=12665229 width=4) (actual time=0.025..7281.813 rows=12744652 loops=1)
        Filter: (info_type_id > 2)
        Rows Removed by Filter: 2091068
  ->  Hash  (cost=152048.83..152048.83 rows=362080 width=8) (actual time=3362.202..3362.202 rows=499650 loops=1)
        Buckets: 131072  Batches: 8  Memory Usage: 3518kB
        ->  Hash Join  (cost=78556.72..152048.83 rows=362080 width=8) (actual time=1371.650..3206.885 rows=499650 loops=1)
              Hash Cond: (mc.movie_id = t.id)
              ->  Seq Scan on movie_companies mc  (cost=0.00..51404.11 rows=1371517 width=4) (actual time=0.025..948.320 rows=1357779 loops=1)
                    Filter: (company_id < 11663)
                    Rows Removed by Filter: 1251350
              ->  Hash  (cost=67604.59..67604.59 rows=667531 width=4) (actual time=1370.614..1370.614 rows=662825 loops=1)
                    Buckets: 131072  Batches: 16  Memory Usage: 2476kB
                    ->  Seq Scan on title t  (cost=0.00..67604.59 rows=667531 width=4) (actual time=359.638..1171.499 rows=662825 loops=1)
                          Filter: (kind_id = 1)
                          Rows Removed by Filter: 1865487
Planning time: 1.166 ms
Execution time: 25704.409 ms
