Seq Scan on cast_info ci  (cost=0.00..796071.18 rows=2746370 width=0) (actual time=5341.114..13692.518 rows=3810791 loops=1)
  Filter: ((person_id > 1298914) AND (role_id = 10))
  Rows Removed by Filter: 32433553
Planning time: 0.375 ms
Execution time: 14163.066 ms
