Hash Join  (cost=847135.14..1378356.61 rows=4818554 width=0) (actual time=14963.410..30426.462 rows=6103670 loops=1)
  Hash Cond: (mi.movie_id = t.id)
  ->  Seq Scan on movie_info mi  (cost=0.00..309384.22 rows=14739122 width=4) (actual time=0.019..6495.080 rows=14835720 loops=1)
  ->  Hash  (cost=833572.23..833572.23 rows=826633 width=8) (actual time=14959.086..14959.086 rows=868620 loops=1)
        Buckets: 131072  Batches: 16  Memory Usage: 3127kB
        ->  Hash Join  (cost=98137.04..833572.23 rows=826633 width=8) (actual time=6091.183..14698.704 rows=868620 loops=1)
              Hash Cond: (ci.movie_id = t.id)
              ->  Seq Scan on cast_info ci  (cost=0.00..705507.15 rows=1123142 width=4) (actual time=4103.380..11309.401 rows=1147781 loops=1)
                    Filter: (person_id > 3839153)
                    Rows Removed by Filter: 35096563
              ->  Hash  (cost=67604.59..67604.59 rows=1860996 width=4) (actual time=1986.255..1986.255 rows=1865487 loops=1)
                    Buckets: 131072  Batches: 32  Memory Usage: 3079kB
                    ->  Seq Scan on title t  (cost=0.00..67604.59 rows=1860996 width=4) (actual time=0.030..1395.347 rows=1865487 loops=1)
                          Filter: (kind_id > 1)
                          Rows Removed by Filter: 662825
Planning time: 1.201 ms
Execution time: 31172.328 ms
