Seq Scan on cast_info ci  (cost=0.00..796071.18 rows=12212261 width=0) (actual time=14381.652..31578.401 rows=12670688 loops=1)
  Filter: ((person_id < 3773387) AND (role_id = 1))
  Rows Removed by Filter: 23573656
Planning time: 0.410 ms
Execution time: 33613.972 ms
