Hash Join  (cost=97335.96..814442.40 rows=197612 width=0) (actual time=7884.415..44011.868 rows=172677 loops=1)
  Hash Cond: (ci.movie_id = t.id)
  ->  Seq Scan on cast_info ci  (cost=0.00..705507.15 rows=350181 width=4) (actual time=1338.066..36863.878 rows=316118 loops=1)
        Filter: (role_id > 10)
        Rows Removed by Filter: 35928226
  ->  Hash  (cost=73925.90..73925.90 rows=1426884 width=4) (actual time=5967.256..5967.256 rows=1478437 loops=1)
        Buckets: 131072  Batches: 32  Memory Usage: 2651kB
        ->  Seq Scan on title t  (cost=0.00..73925.90 rows=1426884 width=4) (actual time=615.589..4637.710 rows=1478437 loops=1)
              Filter: ((production_year > 1932) AND (kind_id = 7))
              Rows Removed by Filter: 1049875
Planning time: 0.727 ms
Execution time: 44038.017 ms
