Hash Join  (cost=74574.97..914834.68 rows=699617 width=0) (actual time=3743.597..67754.980 rows=659109 loops=1)
  Hash Cond: (ci.movie_id = t.id)
  ->  Seq Scan on cast_info ci  (cost=0.00..705507.15 rows=34068372 width=4) (actual time=0.020..47080.720 rows=34147388 loops=1)
        Filter: (person_id > 205724)
        Rows Removed by Filter: 2096956
  ->  Hash  (cost=73925.90..73925.90 rows=51925 width=4) (actual time=3743.238..3743.238 rows=56480 loops=1)
        Buckets: 65536  Batches: 1  Memory Usage: 2498kB
        ->  Seq Scan on title t  (cost=0.00..73925.90 rows=51925 width=4) (actual time=0.022..3710.423 rows=56480 loops=1)
              Filter: ((kind_id = 7) AND (production_year = 2004))
              Rows Removed by Filter: 2471832
Planning time: 0.806 ms
Execution time: 67918.061 ms
