Hash Join  (cost=263115.61..1329272.77 rows=10999367 width=0) (actual time=35804.817..78769.546 rows=27322258 loops=1)
  Hash Cond: (ci.movie_id = t.id)
  ->  Seq Scan on cast_info ci  (cost=0.00..796071.18 rows=10659571 width=4) (actual time=23153.268..46899.174 rows=12670688 loops=1)
        Filter: ((person_id < 3053152) AND (role_id = 1))
        Rows Removed by Filter: 23573656
  ->  Hash  (cost=220309.49..220309.49 rows=2609129 width=8) (actual time=12650.361..12650.361 rows=2609129 loops=1)
        Buckets: 131072  Batches: 64  Memory Usage: 2610kB
        ->  Hash Join  (cost=102767.86..220309.49 rows=2609129 width=8) (actual time=5485.940..11818.961 rows=2609129 loops=1)
              Hash Cond: (mc.movie_id = t.id)
              ->  Seq Scan on movie_companies mc  (cost=0.00..44881.29 rows=2609129 width=4) (actual time=0.022..3023.219 rows=2609129 loops=1)
              ->  Hash  (cost=61283.27..61283.27 rows=2528527 width=4) (actual time=5484.419..5484.419 rows=2528312 loops=1)
                    Buckets: 131072  Batches: 64  Memory Usage: 2415kB
                    ->  Seq Scan on title t  (cost=0.00..61283.27 rows=2528527 width=4) (actual time=4.806..4040.586 rows=2528312 loops=1)
Planning time: 8.954 ms
Execution time: 82608.968 ms
