Hash Join  (cost=75071.77..108195.64 rows=82976 width=0) (actual time=4186.858..5808.754 rows=91717 loops=1)
  Hash Cond: (mi_idx.movie_id = t.id)
  ->  Seq Scan on movie_info_idx mi_idx  (cost=0.00..25185.44 rows=460978 width=4) (actual time=0.025..1229.006 rows=459925 loops=1)
        Filter: (info_type_id < 100)
        Rows Removed by Filter: 920110
  ->  Hash  (cost=67604.59..67604.59 rows=455135 width=4) (actual time=4185.950..4185.950 rows=451569 loops=1)
        Buckets: 131072  Batches: 8  Memory Usage: 3003kB
        ->  Seq Scan on title t  (cost=0.00..67604.59 rows=455135 width=4) (actual time=0.017..3757.802 rows=451569 loops=1)
              Filter: (production_year < 1976)
              Rows Removed by Filter: 2076743
Planning time: 1.023 ms
Execution time: 5821.237 ms
