Hash Join  (cost=950560.13..1335181.07 rows=897410 width=0) (actual time=45902.665..67483.201 rows=1577926 loops=1)
  Hash Cond: (mi.movie_id = t.id)
  ->  Seq Scan on movie_info mi  (cost=0.00..346232.03 rows=2194617 width=4) (actual time=0.014..18756.036 rows=2233850 loops=1)
        Filter: (info_type_id > 16)
        Rows Removed by Filter: 12601870
  ->  Hash  (cost=933596.74..933596.74 rows=1033951 width=8) (actual time=45894.169..45894.169 rows=833294 loops=1)
        Buckets: 131072  Batches: 16  Memory Usage: 3060kB
        ->  Hash Join  (cost=102767.86..933596.74 rows=1033951 width=8) (actual time=36955.742..45596.300 rows=833294 loops=1)
              Hash Cond: (ci.movie_id = t.id)
              ->  Seq Scan on cast_info ci  (cost=0.00..796071.18 rows=1033951 width=4) (actual time=31391.457..38710.672 rows=833294 loops=1)
                    Filter: ((person_id < 2170964) AND (role_id = 8))
                    Rows Removed by Filter: 35411050
              ->  Hash  (cost=61283.27..61283.27 rows=2528527 width=4) (actual time=5554.988..5554.988 rows=2528312 loops=1)
                    Buckets: 131072  Batches: 64  Memory Usage: 2415kB
                    ->  Seq Scan on title t  (cost=0.00..61283.27 rows=2528527 width=4) (actual time=0.024..4211.546 rows=2528312 loops=1)
Planning time: 11.938 ms
Execution time: 67711.385 ms
