Seq Scan on movie_keyword mk  (cost=0.00..81003.12 rows=2166762 width=0) (actual time=0.017..4799.501 rows=2163505 loops=1)
  Filter: (keyword_id > 5300)
  Rows Removed by Filter: 2360425
Planning time: 0.298 ms
Execution time: 5188.294 ms
