Seq Scan on movie_companies mc  (cost=0.00..51404.11 rows=2230926 width=0) (actual time=0.022..2978.553 rows=2227461 loops=1)
  Filter: (company_id < 84088)
  Rows Removed by Filter: 381668
Planning time: 0.357 ms
Execution time: 3377.331 ms
