Seq Scan on movie_companies mc  (cost=0.00..51404.11 rows=2537980 width=0) (actual time=0.016..3095.657 rows=2538734 loops=1)
  Filter: (company_id < 176489)
  Rows Removed by Filter: 70395
Planning time: 0.312 ms
Execution time: 3593.966 ms
