Seq Scan on movie_companies mc  (cost=0.00..57926.93 rows=568864 width=0) (actual time=1191.410..2868.616 rows=355581 loops=1)
  Filter: ((company_id < 7851) AND (company_type_id = 2))
  Rows Removed by Filter: 2253548
Planning time: 0.388 ms
Execution time: 2931.546 ms
