Nested Loop  (cost=0.43..112581.24 rows=2573 width=0) (actual time=627.470..3838.730 rows=1606 loops=1)
  ->  Seq Scan on movie_keyword mk  (cost=0.00..81003.12 rows=4222 width=4) (actual time=31.337..3430.842 rows=3511 loops=1)
        Filter: (keyword_id = 365)
        Rows Removed by Filter: 4520419
  ->  Index Scan using title_pkey on title t  (cost=0.43..7.47 rows=1 width=4) (actual time=0.114..0.115 rows=0 loops=3511)
        Index Cond: (id = mk.movie_id)
        Filter: (kind_id = 7)
        Rows Removed by Filter: 1
Planning time: 0.701 ms
Execution time: 3839.251 ms
