Hash Join  (cost=74435.65..161823.31 rows=72962 width=0) (actual time=3507.641..8969.425 rows=45184 loops=1)
  Hash Cond: (mk.movie_id = t.id)
  ->  Seq Scan on movie_keyword mk  (cost=0.00..69693.30 rows=4523930 width=4) (actual time=0.012..4107.177 rows=4523930 loops=1)
  ->  Hash  (cost=73925.90..73925.90 rows=40780 width=4) (actual time=3506.603..3506.603 rows=47228 loops=1)
        Buckets: 65536  Batches: 1  Memory Usage: 2173kB
        ->  Seq Scan on title t  (cost=0.00..73925.90 rows=40780 width=4) (actual time=0.207..3476.290 rows=47228 loops=1)
              Filter: ((kind_id > 2) AND (production_year = 2001))
              Rows Removed by Filter: 2481084
Planning time: 0.735 ms
Execution time: 8977.466 ms
