Seq Scan on movie_companies mc  (cost=0.00..51404.11 rows=2363435 width=0) (actual time=0.007..3077.715 rows=2360605 loops=1)
  Filter: (company_id < 101441)
  Rows Removed by Filter: 248524
Planning time: 0.398 ms
Execution time: 3503.869 ms
