Seq Scan on movie_companies mc  (cost=0.00..57926.93 rows=1008866 width=0) (actual time=0.017..3352.989 rows=1274246 loops=1)
  Filter: ((company_id < 71722) AND (company_type_id = 1))
  Rows Removed by Filter: 1334883
Planning time: 0.392 ms
Execution time: 3611.387 ms
