Seq Scan on title t  (cost=0.00..73925.90 rows=80122 width=0) (actual time=70.379..3362.628 rows=15 loops=1)
  Filter: ((production_year < 1937) AND (kind_id = 7))
  Rows Removed by Filter: 2528297
Planning time: 0.374 ms
Execution time: 3362.765 ms
