Hash Join  (cost=92883.59..236956.73 rows=1838757 width=0) (actual time=11042.788..13856.514 rows=452478 loops=1)
  Hash Cond: (mk.movie_id = t.id)
  ->  Seq Scan on movie_keyword mk  (cost=0.00..81003.12 rows=3017489 width=4) (actual time=0.020..5311.900 rows=3003274 loops=1)
        Filter: (keyword_id > 2199)
        Rows Removed by Filter: 1520656
  ->  Hash  (cost=67604.59..67604.59 rows=1540800 width=4) (actual time=6303.182..6303.182 rows=1543264 loops=1)
        Buckets: 131072  Batches: 32  Memory Usage: 2728kB
        ->  Seq Scan on title t  (cost=0.00..67604.59 rows=1540800 width=4) (actual time=0.014..5263.823 rows=1543264 loops=1)
              Filter: (kind_id = 7)
              Rows Removed by Filter: 985048
Planning time: 0.691 ms
Execution time: 13923.563 ms
