Seq Scan on movie_keyword mk  (cost=0.00..81003.12 rows=246 width=0) (actual time=2.111..3364.209 rows=494 loops=1)
  Filter: (keyword_id = 5760)
  Rows Removed by Filter: 4523436
Planning time: 0.372 ms
Execution time: 3364.571 ms
