Hash Join  (cost=186516.26..227897.94 rows=215020 width=0) (actual time=10031.488..13049.131 rows=987134 loops=1)
  Hash Cond: (mi_idx.movie_id = t.id)
  ->  Seq Scan on movie_info_idx mi_idx  (cost=0.00..21735.35 rows=1380035 width=4) (actual time=0.025..1503.074 rows=1380035 loops=1)
  ->  Hash  (cost=180052.71..180052.71 rows=393964 width=8) (actual time=10030.192..10030.192 rows=714278 loops=1)
        Buckets: 131072 (originally 131072)  Batches: 16 (originally 8)  Memory Usage: 3073kB
        ->  Hash Join  (cost=102767.86..180052.71 rows=393964 width=8) (actual time=6603.612..9758.840 rows=714278 loops=1)
              Hash Cond: (mc.movie_id = t.id)
              ->  Seq Scan on movie_companies mc  (cost=0.00..57926.93 rows=393964 width=4) (actual time=921.326..2819.802 rows=714278 loops=1)
                    Filter: ((company_id > 32871) AND (company_type_id > 1))
                    Rows Removed by Filter: 1894851
              ->  Hash  (cost=61283.27..61283.27 rows=2528527 width=4) (actual time=5681.012..5681.012 rows=2528312 loops=1)
                    Buckets: 131072  Batches: 64  Memory Usage: 2415kB
                    ->  Seq Scan on title t  (cost=0.00..61283.27 rows=2528527 width=4) (actual time=0.014..4545.219 rows=2528312 loops=1)
Planning time: 10.729 ms
Execution time: 13197.821 ms
