Hash Join  (cost=82955.72..202704.31 rows=579753 width=0) (actual time=4949.584..12913.492 rows=140844 loops=1)
  Hash Cond: (mk.movie_id = t.id)
  ->  Seq Scan on movie_keyword mk  (cost=0.00..81003.12 rows=2663449 width=4) (actual time=0.013..5667.279 rows=2657407 loops=1)
        Filter: (keyword_id < 7383)
        Rows Removed by Filter: 1866523
  ->  Hash  (cost=73925.90..73925.90 rows=550385 width=4) (actual time=4948.908..4948.908 rows=602403 loops=1)
        Buckets: 131072  Batches: 8  Memory Usage: 3678kB
        ->  Seq Scan on title t  (cost=0.00..73925.90 rows=550385 width=4) (actual time=0.010..4364.218 rows=602403 loops=1)
              Filter: ((production_year > 2006) AND (kind_id = 7))
              Rows Removed by Filter: 1925909
Planning time: 0.696 ms
Execution time: 12959.909 ms
