Hash Join  (cost=137130.72..488228.42 rows=9388 width=0) (actual time=8659.298..22126.852 rows=2255 loops=1)
  Hash Cond: (mi.movie_id = t.id)
  ->  Seq Scan on movie_info mi  (cost=0.00..346232.03 rows=1272478 width=4) (actual time=1441.871..14620.684 rows=1325361 loops=1)
        Filter: (info_type_id = 8)
        Rows Removed by Filter: 13510359
  ->  Hash  (cost=136897.54..136897.54 rows=18655 width=8) (actual time=7215.972..7215.972 rows=8236 loops=1)
        Buckets: 32768  Batches: 1  Memory Usage: 578kB
        ->  Hash Join  (cost=74434.21..136897.54 rows=18655 width=8) (actual time=5318.731..7212.391 rows=8236 loops=1)
              Hash Cond: (mc.movie_id = t.id)
              ->  Seq Scan on movie_companies mc  (cost=0.00..57926.93 rows=1159959 width=4) (actual time=0.043..3328.708 rows=1265771 loops=1)
                    Filter: ((company_id > 160) AND (company_type_id > 1))
                    Rows Removed by Filter: 1343358
              ->  Hash  (cost=73925.90..73925.90 rows=40664 width=4) (actual time=3398.909..3398.909 rows=40257 loops=1)
                    Buckets: 65536  Batches: 1  Memory Usage: 1928kB
                    ->  Seq Scan on title t  (cost=0.00..73925.90 rows=40664 width=4) (actual time=243.909..3380.461 rows=40257 loops=1)
                          Filter: ((production_year > 2012) AND (kind_id = 7))
                          Rows Removed by Filter: 2488055
Planning time: 7.335 ms
Execution time: 22127.507 ms
