Hash Join  (cost=143573.22..231243.40 rows=101214 width=0) (actual time=7548.289..13078.932 rows=380011 loops=1)
  Hash Cond: (mk.movie_id = t.id)
  ->  Seq Scan on movie_keyword mk  (cost=0.00..69693.30 rows=4523930 width=4) (actual time=0.015..3971.638 rows=4523930 loops=1)
  ->  Hash  (cost=142866.08..142866.08 rows=56571 width=8) (actual time=7547.787..7547.787 rows=69863 loops=1)
        Buckets: 131072 (originally 65536)  Batches: 1 (originally 1)  Memory Usage: 3754kB
        ->  Hash Join  (cost=69484.36..142866.08 rows=56571 width=8) (actual time=3175.528..7486.451 rows=69863 loops=1)
              Hash Cond: (mc.movie_id = t.id)
              ->  Seq Scan on movie_companies mc  (cost=0.00..57926.93 rows=1248820 width=4) (actual time=0.014..3461.655 rows=1296872 loops=1)
                    Filter: ((company_id > 27) AND (company_type_id = 2))
                    Rows Removed by Filter: 1312257
              ->  Hash  (cost=67604.59..67604.59 rows=114542 width=4) (actual time=3174.775..3174.775 rows=118234 loops=1)
                    Buckets: 131072  Batches: 2  Memory Usage: 3101kB
                    ->  Seq Scan on title t  (cost=0.00..67604.59 rows=114542 width=4) (actual time=19.810..3123.822 rows=118234 loops=1)
                          Filter: (kind_id = 4)
                          Rows Removed by Filter: 2410078
Planning time: 1.446 ms
Execution time: 13161.534 ms
