Seq Scan on movie_companies mc  (cost=0.00..51404.11 rows=593255 width=0) (actual time=171.101..2625.475 rows=599919 loops=1)
  Filter: (company_id > 67796)
  Rows Removed by Filter: 2009210
Planning time: 10.012 ms
Execution time: 2720.642 ms
