Hash Join  (cost=102767.86..274101.40 rows=3343410 width=0) (actual time=2143.200..6921.995 rows=3336103 loops=1)
  Hash Cond: (mk.movie_id = t.id)
  ->  Seq Scan on movie_keyword mk  (cost=0.00..81003.12 rows=3343410 width=4) (actual time=0.012..1657.570 rows=3336103 loops=1)
        Filter: (keyword_id > 1415)
        Rows Removed by Filter: 1187827
  ->  Hash  (cost=61283.27..61283.27 rows=2528527 width=4) (actual time=2141.990..2141.990 rows=2528312 loops=1)
        Buckets: 131072  Batches: 64  Memory Usage: 2425kB
        ->  Seq Scan on title t  (cost=0.00..61283.27 rows=2528527 width=4) (actual time=0.007..1288.884 rows=2528312 loops=1)
Planning time: 2.579 ms
Execution time: 7284.253 ms
