Hash Join  (cost=93190.30..647320.42 rows=5825683 width=0) (actual time=6334.071..42327.814 rows=2716697 loops=1)
  Hash Cond: (mi.movie_id = t.id)
  ->  Seq Scan on movie_info mi  (cost=0.00..346232.03 rows=12545135 width=4) (actual time=0.013..24393.767 rows=12601870 loops=1)
        Filter: (info_type_id < 17)
        Rows Removed by Filter: 2233850
  ->  Hash  (cost=73925.90..73925.90 rows=1174192 width=4) (actual time=5407.753..5407.753 rows=1260829 loops=1)
        Buckets: 131072  Batches: 16  Memory Usage: 3812kB
        ->  Seq Scan on title t  (cost=0.00..73925.90 rows=1174192 width=4) (actual time=0.022..4570.549 rows=1260829 loops=1)
              Filter: ((production_year > 1981) AND (kind_id = 7))
              Rows Removed by Filter: 1267483
Planning time: 0.713 ms
Execution time: 42770.224 ms
