Hash Join  (cost=856149.42..1019639.97 rows=620404 width=0) (actual time=49901.720..57258.467 rows=200452 loops=1)
  Hash Cond: (mk.movie_id = t.id)
  ->  Seq Scan on movie_keyword mk  (cost=0.00..69693.30 rows=4523930 width=4) (actual time=0.025..4715.878 rows=4523930 loops=1)
  ->  Hash  (cost=850459.94..850459.94 rows=346758 width=8) (actual time=49887.415..49887.415 rows=255341 loops=1)
        Buckets: 131072  Batches: 8  Memory Usage: 2319kB
        ->  Hash Join  (cost=74539.83..850459.94 rows=346758 width=8) (actual time=3934.049..48940.470 rows=255341 loops=1)
              Hash Cond: (ci.movie_id = t.id)
              ->  Seq Scan on cast_info ci  (cost=0.00..705507.15 rows=17852102 width=4) (actual time=0.477..37481.198 rows=17703686 loops=1)
                    Filter: (person_id < 1753037)
                    Rows Removed by Filter: 18540658
              ->  Hash  (cost=73925.90..73925.90 rows=49114 width=4) (actual time=3929.750..3929.750 rows=45321 loops=1)
                    Buckets: 65536  Batches: 1  Memory Usage: 2106kB
                    ->  Seq Scan on title t  (cost=0.00..73925.90 rows=49114 width=4) (actual time=0.063..3904.637 rows=45321 loops=1)
                          Filter: ((kind_id > 1) AND (production_year > 2012))
                          Rows Removed by Filter: 2482991
Planning time: 6.156 ms
Execution time: 57284.243 ms
