Seq Scan on movie_keyword mk  (cost=0.00..81003.12 rows=343875 width=0) (actual time=0.020..4149.948 rows=342120 loops=1)
  Filter: (keyword_id > 48556)
  Rows Removed by Filter: 4181810
Planning time: 0.326 ms
Execution time: 4212.166 ms
