Hash Join  (cost=164261.12..202589.69 rows=123151 width=0) (actual time=8842.331..11403.184 rows=348104 loops=1)
  Hash Cond: (mi_idx.movie_id = t.id)
  ->  Seq Scan on movie_info_idx mi_idx  (cost=0.00..25185.44 rows=915101 width=4) (actual time=0.028..1754.163 rows=919850 loops=1)
        Filter: (info_type_id < 101)
        Rows Removed by Filter: 460185
  ->  Hash  (cost=158677.60..158677.60 rows=340281 width=8) (actual time=8841.425..8841.425 rows=360115 loops=1)
        Buckets: 131072  Batches: 8  Memory Usage: 2803kB
        ->  Hash Join  (cost=91342.70..158677.60 rows=340281 width=8) (actual time=5155.010..8660.487 rows=360115 loops=1)
              Hash Cond: (mc.movie_id = t.id)
              ->  Seq Scan on movie_companies mc  (cost=0.00..51404.11 rows=594662 width=4) (actual time=217.129..2629.055 rows=600958 loops=1)
                    Filter: (company_id > 67439)
                    Rows Removed by Filter: 2008171
              ->  Hash  (cost=67604.59..67604.59 rows=1446889 width=4) (actual time=4936.998..4936.998 rows=1443298 loops=1)
                    Buckets: 131072  Batches: 32  Memory Usage: 2608kB
                    ->  Seq Scan on title t  (cost=0.00..67604.59 rows=1446889 width=4) (actual time=0.018..4282.510 rows=1443298 loops=1)
                          Filter: (production_year < 2006)
                          Rows Removed by Filter: 1085014
Planning time: 1.153 ms
Execution time: 11456.311 ms
