Seq Scan on cast_info ci  (cost=0.00..705507.15 rows=10840907 width=0) (actual time=0.022..37327.670 rows=10846482 loops=1)
  Filter: (person_id > 2622113)
  Rows Removed by Filter: 25397862
Planning time: 0.317 ms
Execution time: 39285.444 ms
