Hash Join  (cost=79273.71..490679.67 rows=640858 width=0) (actual time=4421.640..26063.223 rows=101793 loops=1)
  Hash Cond: (mi.movie_id = t.id)
  ->  Seq Scan on movie_info mi  (cost=0.00..346232.03 rows=4972096 width=4) (actual time=204.743..18559.460 rows=4923966 loops=1)
        Filter: (info_type_id < 5)
        Rows Removed by Filter: 9911754
  ->  Hash  (cost=73925.90..73925.90 rows=325904 width=4) (actual time=4215.940..4215.940 rows=349534 loops=1)
        Buckets: 131072  Batches: 8  Memory Usage: 2572kB
        ->  Seq Scan on title t  (cost=0.00..73925.90 rows=325904 width=4) (actual time=0.021..4018.108 rows=349534 loops=1)
              Filter: ((production_year > 2009) AND (kind_id = 7))
              Rows Removed by Filter: 2178778
Planning time: 2.398 ms
Execution time: 26078.306 ms
