Hash Join  (cost=102767.86..207751.53 rows=586003 width=0) (actual time=5419.328..10995.468 rows=587834 loops=1)
  Hash Cond: (mk.movie_id = t.id)
  ->  Seq Scan on movie_keyword mk  (cost=0.00..81003.12 rows=586003 width=4) (actual time=0.015..4455.174 rows=587834 loops=1)
        Filter: (keyword_id < 429)
        Rows Removed by Filter: 3936096
  ->  Hash  (cost=61283.27..61283.27 rows=2528527 width=4) (actual time=5418.260..5418.260 rows=2528312 loops=1)
        Buckets: 131072  Batches: 64  Memory Usage: 2425kB
        ->  Seq Scan on title t  (cost=0.00..61283.27 rows=2528527 width=4) (actual time=0.015..4110.725 rows=2528312 loops=1)
Planning time: 0.621 ms
Execution time: 11072.105 ms
