Seq Scan on cast_info ci  (cost=0.00..796071.18 rows=7153376 width=0) (actual time=395.160..14093.767 rows=1316694 loops=1)
  Filter: ((person_id > 1556847) AND (role_id < 2))
  Rows Removed by Filter: 34927650
Planning time: 0.376 ms
Execution time: 14264.835 ms
