Nested Loop  (cost=0.43..709671.90 rows=500 width=0) (actual time=1900.618..32425.848 rows=12 loops=1)
  ->  Seq Scan on cast_info ci  (cost=0.00..705507.15 rows=500 width=4) (actual time=1900.525..32425.267 rows=12 loops=1)
        Filter: (person_id = 2778691)
        Rows Removed by Filter: 36244332
  ->  Index Only Scan using title_pkey on title t  (cost=0.43..8.32 rows=1 width=4) (actual time=0.037..0.037 rows=1 loops=12)
        Index Cond: (id = ci.movie_id)
        Heap Fetches: 12
Planning time: 0.631 ms
Execution time: 32425.920 ms
