Seq Scan on movie_keyword mk  (cost=0.00..81003.12 rows=629908 width=0) (actual time=0.021..3566.239 rows=635903 loops=1)
  Filter: (keyword_id > 29032)
  Rows Removed by Filter: 3888027
Planning time: 6.955 ms
Execution time: 3692.107 ms
