Hash Join  (cost=102767.86..960077.09 rows=2134403 width=0) (actual time=12709.981..50365.249 rows=2184742 loops=1)
  Hash Cond: (ci.movie_id = t.id)
  ->  Seq Scan on cast_info ci  (cost=0.00..796071.18 rows=2134403 width=4) (actual time=7106.434..42093.348 rows=2184742 loops=1)
        Filter: ((person_id > 763438) AND (role_id = 4))
        Rows Removed by Filter: 34059602
  ->  Hash  (cost=61283.27..61283.27 rows=2528527 width=4) (actual time=5600.212..5600.212 rows=2528312 loops=1)
        Buckets: 131072  Batches: 64  Memory Usage: 2415kB
        ->  Seq Scan on title t  (cost=0.00..61283.27 rows=2528527 width=4) (actual time=0.019..4425.831 rows=2528312 loops=1)
Planning time: 0.723 ms
Execution time: 50702.141 ms
