Hash Join  (cost=350549.53..1141418.49 rows=23972631 width=0) (actual time=16949.473..108727.944 rows=217983940 loops=1)
  Hash Cond: (mi.movie_id = t.id)
  ->  Seq Scan on movie_info mi  (cost=0.00..309384.22 rows=14739122 width=4) (actual time=0.014..21770.948 rows=14835720 loops=1)
  ->  Hash  (cost=283077.59..283077.59 rows=4112555 width=8) (actual time=16944.333..16944.333 rows=3961736 loops=1)
        Buckets: 131072  Batches: 64  Memory Usage: 3505kB
        ->  Hash Join  (cost=105316.09..283077.59 rows=4112555 width=8) (actual time=5636.797..14940.179 rows=3961736 loops=1)
              Hash Cond: (mk.movie_id = t.id)
              ->  Seq Scan on movie_keyword mk  (cost=0.00..69693.30 rows=4523930 width=4) (actual time=0.026..4634.215 rows=4523930 loops=1)
              ->  Hash  (cost=67604.59..67604.59 rows=2298600 width=4) (actual time=5635.225..5635.225 rows=2287271 loops=1)
                    Buckets: 131072  Batches: 32  Memory Usage: 3550kB
                    ->  Seq Scan on title t  (cost=0.00..67604.59 rows=2298600 width=4) (actual time=0.017..4489.520 rows=2287271 loops=1)
                          Filter: (production_year > 1950)
                          Rows Removed by Filter: 241041
Planning time: 5.336 ms
Execution time: 137815.481 ms
