Seq Scan on movie_keyword mk  (cost=0.00..81003.12 rows=2578213 width=0) (actual time=0.021..3811.136 rows=2565562 loops=1)
  Filter: (keyword_id > 3407)
  Rows Removed by Filter: 1958368
Planning time: 0.332 ms
Execution time: 4213.604 ms
