Hash Join  (cost=82871.49..998781.01 rows=1850160 width=0) (actual time=16161.590..59655.692 rows=3303295 loops=1)
  Hash Cond: (ci.movie_id = t.id)
  ->  Seq Scan on cast_info ci  (cost=0.00..796071.18 rows=8579929 width=4) (actual time=12184.847..45800.705 rows=12670688 loops=1)
        Filter: ((person_id < 2502505) AND (role_id = 1))
        Rows Removed by Filter: 23573656
  ->  Hash  (cost=73925.90..73925.90 rows=545247 width=4) (actual time=3975.848..3975.848 rows=557319 loops=1)
        Buckets: 131072  Batches: 8  Memory Usage: 3485kB
        ->  Seq Scan on title t  (cost=0.00..73925.90 rows=545247 width=4) (actual time=493.680..3725.784 rows=557319 loops=1)
              Filter: ((production_year < 2011) AND (kind_id = 1))
              Rows Removed by Filter: 1970993
Planning time: 0.695 ms
Execution time: 60114.927 ms
