Hash Join  (cost=330633.46..1953168.31 rows=48494466 width=0) (actual time=14245.191..117459.955 rows=162479828 loops=1)
  Hash Cond: (ci.movie_id = t.id)
  ->  Seq Scan on cast_info ci  (cost=0.00..614943.12 rows=36225612 width=4) (actual time=0.015..40155.844 rows=36244344 loops=1)
  ->  Hash  (cost=275099.38..275099.38 rows=3384886 width=8) (actual time=14243.659..14243.659 rows=3376174 loops=1)
        Buckets: 131072  Batches: 64  Memory Usage: 3106kB
        ->  Hash Join  (cost=102767.86..275099.38 rows=3384886 width=8) (actual time=4982.135..13217.749 rows=3376174 loops=1)
              Hash Cond: (mk.movie_id = t.id)
              ->  Seq Scan on movie_keyword mk  (cost=0.00..81003.12 rows=3384886 width=4) (actual time=0.019..4930.483 rows=3376174 loops=1)
                    Filter: (keyword_id < 16225)
                    Rows Removed by Filter: 1147756
              ->  Hash  (cost=61283.27..61283.27 rows=2528527 width=4) (actual time=4980.362..4980.362 rows=2528312 loops=1)
                    Buckets: 131072  Batches: 64  Memory Usage: 2425kB
                    ->  Seq Scan on title t  (cost=0.00..61283.27 rows=2528527 width=4) (actual time=0.012..3729.586 rows=2528312 loops=1)
Planning time: 1.065 ms
Execution time: 135309.419 ms
