Hash Join  (cost=149616.24..267435.71 rows=159648 width=0) (actual time=3269.313..6899.840 rows=3400476 loops=1)
  Hash Cond: (mk.movie_id = t.id)
  ->  Seq Scan on movie_keyword mk  (cost=0.00..81003.12 rows=3000497 width=4) (actual time=0.024..1635.899 rows=2989837 loops=1)
        Filter: (keyword_id > 2238)
        Rows Removed by Filter: 1534093
  ->  Hash  (cost=147408.54..147408.54 rows=134536 width=8) (actual time=3266.630..3266.630 rows=456431 loops=1)
        Buckets: 131072 (originally 131072)  Batches: 8 (originally 2)  Memory Usage: 3284kB
        ->  Hash Join  (cost=78058.28..147408.54 rows=134536 width=8) (actual time=1295.962..3111.920 rows=456431 loops=1)
              Hash Cond: (mc.movie_id = t.id)
              ->  Seq Scan on movie_companies mc  (cost=0.00..51404.11 rows=1350611 width=4) (actual time=0.027..955.552 rows=1356008 loops=1)
                    Filter: (company_id > 11153)
                    Rows Removed by Filter: 1253121
              ->  Hash  (cost=73925.90..73925.90 rows=251870 width=4) (actual time=1295.147..1295.147 rows=365623 loops=1)
                    Buckets: 131072 (originally 131072)  Batches: 8 (originally 4)  Memory Usage: 3073kB
                    ->  Seq Scan on title t  (cost=0.00..73925.90 rows=251870 width=4) (actual time=0.023..1176.837 rows=365623 loops=1)
                          Filter: ((kind_id < 7) AND (production_year < 1988))
                          Rows Removed by Filter: 2162689
Planning time: 1.204 ms
Execution time: 7278.628 ms
