Nested Loop  (cost=0.43..447802.20 rows=17937 width=0) (actual time=2825.173..5511.068 rows=16086 loops=1)
  ->  Seq Scan on movie_info mi  (cost=0.00..346232.03 rows=17937 width=4) (actual time=2824.994..5145.349 rows=16086 loops=1)
        Filter: (info_type_id = 12)
        Rows Removed by Filter: 14819634
  ->  Index Only Scan using title_pkey on title t  (cost=0.43..5.65 rows=1 width=4) (actual time=0.022..0.022 rows=1 loops=16086)
        Index Cond: (id = mi.movie_id)
        Heap Fetches: 16086
Planning time: 0.773 ms
Execution time: 5514.736 ms
