Seq Scan on movie_keyword mk  (cost=0.00..81003.12 rows=3288018 width=0) (actual time=0.029..4069.239 rows=3275333 loops=1)
  Filter: (keyword_id < 14460)
  Rows Removed by Filter: 1248597
Planning time: 0.277 ms
Execution time: 4584.815 ms
