Hash Join  (cost=80562.70..948840.76 rows=3396204 width=0) (actual time=6269.949..49609.357 rows=3279741 loops=1)
  Hash Cond: (ci.movie_id = t.id)
  ->  Seq Scan on cast_info ci  (cost=0.00..705507.15 rows=10873298 width=4) (actual time=1795.770..37663.361 rows=10754544 loops=1)
        Filter: (person_id < 1055420)
        Rows Removed by Filter: 25489800
  ->  Hash  (cost=67604.59..67604.59 rows=789769 width=4) (actual time=4470.544..4470.544 rows=784926 loops=1)
        Buckets: 131072  Batches: 16  Memory Usage: 2749kB
        ->  Seq Scan on title t  (cost=0.00..67604.59 rows=789769 width=4) (actual time=0.030..4167.981 rows=784926 loops=1)
              Filter: (production_year > 2007)
              Rows Removed by Filter: 1743386
Planning time: 0.691 ms
Execution time: 50016.544 ms
