Seq Scan on movie_keyword mk  (cost=0.00..81003.12 rows=246 width=0) (actual time=857.353..3220.859 rows=2 loops=1)
  Filter: (keyword_id = 78191)
  Rows Removed by Filter: 4523928
Planning time: 2.187 ms
Execution time: 3220.947 ms
