Nested Loop  (cost=74372.76..175213.34 rows=2562 width=146) (actual time=1576.343..3636.616 rows=8910 loops=1)
  ->  Hash Join  (cost=74372.33..166907.03 rows=13470 width=52) (actual time=1576.205..3370.725 rows=8910 loops=1)
        Hash Cond: (mk.movie_id = mc.movie_id)
        ->  Seq Scan on movie_keyword mk  (cost=0.00..81003.12 rows=5730 width=12) (actual time=0.879..1581.331 rows=4517 loops=1)
              Filter: (keyword_id = 115)
              Rows Removed by Filter: 4519413
        ->  Hash  (cost=51404.11..51404.11 rows=1130737 width=40) (actual time=1548.444..1548.444 rows=1140577 loops=1)
              Buckets: 65536  Batches: 32  Memory Usage: 2493kB
              ->  Seq Scan on movie_companies mc  (cost=0.00..51404.11 rows=1130737 width=40) (actual time=0.024..1172.304 rows=1140577 loops=1)
                    Filter: (company_id > 13331)
                    Rows Removed by Filter: 1468552
  ->  Index Scan using title_pkey on title t  (cost=0.43..0.61 rows=1 width=94) (actual time=0.029..0.029 rows=1 loops=8910)
        Index Cond: (id = mc.movie_id)
Planning time: 1.447 ms
Execution time: 3637.471 ms
