Hash Join  (cost=102767.86..222304.96 rows=1190891 width=0) (actual time=1779.004..4943.857 rows=1197718 loops=1)
  Hash Cond: (mk.movie_id = t.id)
  ->  Seq Scan on movie_keyword mk  (cost=0.00..81003.12 rows=1190891 width=4) (actual time=0.031..1574.607 rows=1197718 loops=1)
        Filter: (keyword_id < 1456)
        Rows Removed by Filter: 3326212
  ->  Hash  (cost=61283.27..61283.27 rows=2528527 width=4) (actual time=1776.806..1776.806 rows=2528312 loops=1)
        Buckets: 131072  Batches: 64  Memory Usage: 2425kB
        ->  Seq Scan on title t  (cost=0.00..61283.27 rows=2528527 width=4) (actual time=0.018..888.142 rows=2528312 loops=1)
Planning time: 0.714 ms
Execution time: 5076.132 ms
