Hash Join  (cost=85000.09..994145.20 rows=2071405 width=0) (actual time=13552.734..16845.048 rows=662100 loops=1)
  Hash Cond: (ci.movie_id = t.id)
  ->  Seq Scan on cast_info ci  (cost=0.00..796071.18 rows=7759701 width=4) (actual time=12138.967..14061.058 rows=2486368 loops=1)
        Filter: ((person_id > 1388500) AND (role_id = 1))
        Rows Removed by Filter: 33757976
  ->  Hash  (cost=73925.90..73925.90 rows=674975 width=4) (actual time=1412.639..1412.639 rows=739679 loops=1)
        Buckets: 131072  Batches: 16  Memory Usage: 2654kB
        ->  Seq Scan on title t  (cost=0.00..73925.90 rows=674975 width=4) (actual time=0.038..1179.272 rows=739679 loops=1)
              Filter: ((production_year > 2004) AND (kind_id = 7))
              Rows Removed by Filter: 1788633
Planning time: 0.869 ms
Execution time: 16912.045 ms
