Hash Join  (cost=471986.86..608331.58 rows=1177168 width=0) (actual time=8968.257..28257.201 rows=82277734 loops=1)
  Hash Cond: (mk.movie_id = t.id)
  ->  Seq Scan on movie_keyword mk  (cost=0.00..69693.30 rows=4523930 width=4) (actual time=0.016..1426.847 rows=4523930 loops=1)
  ->  Hash  (cost=461191.54..461191.54 rows=657946 width=8) (actual time=8967.381..8967.381 rows=1674314 loops=1)
        Buckets: 131072 (originally 131072)  Batches: 32 (originally 16)  Memory Usage: 3073kB
        ->  Hash Join  (cost=80042.24..461191.54 rows=657946 width=8) (actual time=1956.171..8502.150 rows=1674314 loops=1)
              Hash Cond: (mi.movie_id = t.id)
              ->  Seq Scan on movie_info mi  (cost=0.00..346232.03 rows=2194617 width=4) (actual time=659.617..5563.225 rows=2233850 loops=1)
                    Filter: (info_type_id > 16)
                    Rows Removed by Filter: 12601870
              ->  Hash  (cost=67604.59..67604.59 rows=758052 width=4) (actual time=1295.693..1295.693 rows=753677 loops=1)
                    Buckets: 131072  Batches: 16  Memory Usage: 2686kB
                    ->  Seq Scan on title t  (cost=0.00..67604.59 rows=758052 width=4) (actual time=0.018..1051.154 rows=753677 loops=1)
                          Filter: (kind_id < 3)
                          Rows Removed by Filter: 1774635
Planning time: 1.941 ms
Execution time: 36566.191 ms
