Seq Scan on movie_keyword mk  (cost=0.00..81003.12 rows=246 width=0) (actual time=12.737..1205.893 rows=83 loops=1)
  Filter: (keyword_id = 11848)
  Rows Removed by Filter: 4523847
Planning time: 1.608 ms
Execution time: 1206.064 ms
