Hash Join  (cost=75292.52..174061.90 rows=48283 width=0) (actual time=1246.937..3207.006 rows=27924 loops=1)
  Hash Cond: (mk.movie_id = t.id)
  ->  Seq Scan on movie_keyword mk  (cost=0.00..81003.12 rows=1466515 width=4) (actual time=0.026..1485.612 rows=1478163 loops=1)
        Filter: (keyword_id > 11108)
        Rows Removed by Filter: 3045767
  ->  Hash  (cost=73925.90..73925.90 rows=83249 width=4) (actual time=1242.797..1242.797 rows=101793 loops=1)
        Buckets: 131072  Batches: 2  Memory Usage: 2809kB
        ->  Seq Scan on title t  (cost=0.00..73925.90 rows=83249 width=4) (actual time=0.023..1202.367 rows=101793 loops=1)
              Filter: ((kind_id > 1) AND (production_year = 2007))
              Rows Removed by Filter: 2426519
Planning time: 0.774 ms
Execution time: 3211.139 ms
