Seq Scan on movie_keyword mk  (cost=0.00..81003.12 rows=246 width=0) (actual time=7.766..1189.735 rows=169 loops=1)
  Filter: (keyword_id = 7740)
  Rows Removed by Filter: 4523761
Planning time: 0.262 ms
Execution time: 1189.931 ms
