Hash Join  (cost=263115.61..1618297.14 rows=27064487 width=0) (actual time=6504.131..49682.788 rows=55609300 loops=1)
  Hash Cond: (ci.movie_id = t.id)
  ->  Seq Scan on cast_info ci  (cost=0.00..705507.15 rows=26228403 width=4) (actual time=0.023..15535.039 rows=26256949 loops=1)
        Filter: (person_id < 2715883)
        Rows Removed by Filter: 9987395
  ->  Hash  (cost=220309.49..220309.49 rows=2609129 width=8) (actual time=6495.160..6495.160 rows=2609129 loops=1)
        Buckets: 131072  Batches: 64  Memory Usage: 2610kB
        ->  Hash Join  (cost=102767.86..220309.49 rows=2609129 width=8) (actual time=2042.304..5775.964 rows=2609129 loops=1)
              Hash Cond: (mc.movie_id = t.id)
              ->  Seq Scan on movie_companies mc  (cost=0.00..44881.29 rows=2609129 width=4) (actual time=0.025..996.868 rows=2609129 loops=1)
              ->  Hash  (cost=61283.27..61283.27 rows=2528527 width=4) (actual time=2040.970..2040.970 rows=2528312 loops=1)
                    Buckets: 131072  Batches: 64  Memory Usage: 2415kB
                    ->  Seq Scan on title t  (cost=0.00..61283.27 rows=2528527 width=4) (actual time=0.016..1179.376 rows=2528312 loops=1)
Planning time: 1.070 ms
Execution time: 55842.531 ms
