Hash Join  (cost=190230.21..1141423.59 rows=4801378 width=0) (actual time=12199.202..22451.941 rows=5905561 loops=1)
  Hash Cond: (ci.movie_id = t.id)
  ->  Seq Scan on cast_info ci  (cost=0.00..796071.18 rows=8797179 width=4) (actual time=7834.259..12986.532 rows=5840946 loops=1)
        Filter: ((person_id > 2592067) AND (role_id < 8))
        Rows Removed by Filter: 30403398
  ->  Hash  (cost=167588.78..167588.78 rows=1380035 width=8) (actual time=4364.097..4364.097 rows=1380035 loops=1)
        Buckets: 131072  Batches: 32  Memory Usage: 2708kB
        ->  Hash Join  (cost=102767.86..167588.78 rows=1380035 width=8) (actual time=2058.546..3966.462 rows=1380035 loops=1)
              Hash Cond: (mi_idx.movie_id = t.id)
              ->  Seq Scan on movie_info_idx mi_idx  (cost=0.00..21735.35 rows=1380035 width=4) (actual time=0.021..429.934 rows=1380035 loops=1)
              ->  Hash  (cost=61283.27..61283.27 rows=2528527 width=4) (actual time=2056.700..2056.700 rows=2528312 loops=1)
                    Buckets: 131072  Batches: 64  Memory Usage: 2415kB
                    ->  Seq Scan on title t  (cost=0.00..61283.27 rows=2528527 width=4) (actual time=0.021..1055.079 rows=2528312 loops=1)
Planning time: 1.098 ms
Execution time: 23098.586 ms
