Hash Join  (cost=84029.93..167840.18 rows=635473 width=0) (actual time=1509.333..3987.138 rows=1041910 loops=1)
  Hash Cond: (mc.movie_id = t.id)
  ->  Seq Scan on movie_companies mc  (cost=0.00..44881.29 rows=2609129 width=4) (actual time=0.017..957.993 rows=2609129 loops=1)
  ->  Hash  (cost=73925.90..73925.90 rows=615842 width=4) (actual time=1508.304..1508.304 rows=525997 loops=1)
        Buckets: 131072  Batches: 16  Memory Usage: 2178kB
        ->  Seq Scan on title t  (cost=0.00..73925.90 rows=615842 width=4) (actual time=535.274..1342.558 rows=525997 loops=1)
              Filter: ((production_year > 1935) AND (kind_id = 1))
              Rows Removed by Filter: 2002315
Planning time: 0.801 ms
Execution time: 4095.289 ms
