Hash Join  (cost=373176.39..1184174.35 rows=25859133 width=0) (actual time=16785.946..116162.282 rows=229336494 loops=1)
  Hash Cond: (mi.movie_id = t.id)
  ->  Seq Scan on movie_info mi  (cost=0.00..309384.22 rows=14739122 width=4) (actual time=0.023..22179.829 rows=14835720 loops=1)
  ->  Hash  (cost=300395.04..300395.04 rows=4436188 width=8) (actual time=16783.668..16783.668 rows=4438157 loops=1)
        Buckets: 131072  Batches: 64  Memory Usage: 3834kB
        ->  Hash Join  (cost=102767.86..300395.04 rows=4436188 width=8) (actual time=5058.700..14796.968 rows=4438157 loops=1)
              Hash Cond: (mk.movie_id = t.id)
              ->  Seq Scan on movie_keyword mk  (cost=0.00..81003.12 rows=4436188 width=4) (actual time=0.019..5241.588 rows=4438157 loops=1)
                    Filter: (keyword_id < 86122)
                    Rows Removed by Filter: 85773
              ->  Hash  (cost=61283.27..61283.27 rows=2528527 width=4) (actual time=5057.761..5057.761 rows=2528312 loops=1)
                    Buckets: 131072  Batches: 64  Memory Usage: 2425kB
                    ->  Seq Scan on title t  (cost=0.00..61283.27 rows=2528527 width=4) (actual time=0.016..3962.412 rows=2528312 loops=1)
Planning time: 1.415 ms
Execution time: 148559.673 ms
