Hash Join  (cost=170361.58..927452.02 rows=325327 width=0) (actual time=3363.710..20346.036 rows=1528311 loops=1)
  Hash Cond: (ci.movie_id = t.id)
  ->  Seq Scan on cast_info ci  (cost=0.00..705507.15 rows=12888000 width=4) (actual time=245.044..11826.572 rows=12859103 loops=1)
        Filter: (person_id < 1269064)
        Rows Removed by Filter: 23385241
  ->  Hash  (cost=169563.74..169563.74 rows=63827 width=8) (actual time=3118.035..3118.035 rows=103215 loops=1)
        Buckets: 131072 (originally 65536)  Batches: 2 (originally 1)  Memory Usage: 3073kB
        ->  Hash Join  (cost=69283.60..169563.74 rows=63827 width=8) (actual time=1187.970..3080.276 rows=103215 loops=1)
              Hash Cond: (mk.movie_id = t.id)
              ->  Seq Scan on movie_keyword mk  (cost=0.00..81003.12 rows=1577265 width=4) (actual time=0.033..1357.054 rows=1584774 loops=1)
                    Filter: (keyword_id < 2418)
                    Rows Removed by Filter: 2939156
              ->  Hash  (cost=67604.59..67604.59 rows=102321 width=4) (actual time=1183.300..1183.300 rows=100537 loops=1)
                    Buckets: 131072  Batches: 2  Memory Usage: 2803kB
                    ->  Seq Scan on title t  (cost=0.00..67604.59 rows=102321 width=4) (actual time=0.032..1146.424 rows=100537 loops=1)
                          Filter: (kind_id = 3)
                          Rows Removed by Filter: 2427775
Planning time: 1.118 ms
Execution time: 20541.142 ms
