Hash Join  (cost=67697.55..827358.43 rows=42144 width=0) (actual time=979.735..16554.714 rows=48881 loops=1)
  Hash Cond: (ci.movie_id = t.id)
  ->  Seq Scan on cast_info ci  (cost=0.00..705507.15 rows=14328611 width=4) (actual time=0.024..12466.967 rows=14263014 loops=1)
        Filter: (person_id < 1404261)
        Rows Removed by Filter: 21981330
  ->  Hash  (cost=67604.59..67604.59 rows=7437 width=4) (actual time=979.162..979.162 rows=8007 loops=1)
        Buckets: 8192  Batches: 1  Memory Usage: 346kB
        ->  Seq Scan on title t  (cost=0.00..67604.59 rows=7437 width=4) (actual time=0.635..974.973 rows=8007 loops=1)
              Filter: (production_year = 1955)
              Rows Removed by Filter: 2520305
Planning time: 0.774 ms
Execution time: 16563.724 ms
