Hash Join  (cost=102767.86..236963.02 rows=1800002 width=0) (actual time=2730.746..6627.724 rows=1801424 loops=1)
  Hash Cond: (mk.movie_id = t.id)
  ->  Seq Scan on movie_keyword mk  (cost=0.00..81003.12 rows=1800002 width=4) (actual time=0.022..1568.512 rows=1801424 loops=1)
        Filter: (keyword_id > 7711)
        Rows Removed by Filter: 2722506
  ->  Hash  (cost=61283.27..61283.27 rows=2528527 width=4) (actual time=2728.892..2728.892 rows=2528312 loops=1)
        Buckets: 131072  Batches: 64  Memory Usage: 2425kB
        ->  Seq Scan on title t  (cost=0.00..61283.27 rows=2528527 width=4) (actual time=0.011..1047.384 rows=2528312 loops=1)
Planning time: 0.690 ms
Execution time: 6823.173 ms
