Hash Join  (cost=490216.38..1656146.80 rows=12862020 width=0) (actual time=9342.054..44279.209 rows=17111106 loops=1)
  Hash Cond: (ci.movie_id = t.id)
  ->  Seq Scan on cast_info ci  (cost=0.00..614943.12 rows=36225612 width=4) (actual time=0.013..13121.875 rows=36244344 loops=1)
  ->  Hash  (cost=475487.36..475487.36 rows=897762 width=8) (actual time=9341.274..9341.274 rows=1003173 loops=1)
        Buckets: 131072  Batches: 16  Memory Usage: 3470kB
        ->  Hash Join  (cost=97066.09..475487.36 rows=897762 width=8) (actual time=3169.598..9037.253 rows=1003173 loops=1)
              Hash Cond: (mi.movie_id = t.id)
              ->  Seq Scan on movie_info mi  (cost=0.00..346232.03 rows=1264125 width=4) (actual time=1181.590..5723.736 rows=1288928 loops=1)
                    Filter: (info_type_id = 2)
                    Rows Removed by Filter: 13546792
              ->  Hash  (cost=67604.59..67604.59 rows=1795720 width=4) (actual time=1986.847..1986.847 rows=1794153 loops=1)
                    Buckets: 131072  Batches: 32  Memory Usage: 3001kB
                    ->  Seq Scan on title t  (cost=0.00..67604.59 rows=1795720 width=4) (actual time=0.038..1348.784 rows=1794153 loops=1)
                          Filter: (production_year < 2009)
                          Rows Removed by Filter: 734159
Planning time: 1.184 ms
Execution time: 46079.144 ms
