Hash Join  (cost=102767.86..884721.50 rows=2766430 width=0) (actual time=8458.125..42600.963 rows=2730062 loops=1)
  Hash Cond: (ci.movie_id = t.id)
  ->  Seq Scan on cast_info ci  (cost=0.00..705507.15 rows=2766430 width=4) (actual time=2555.480..33696.194 rows=2730062 loops=1)
        Filter: (person_id < 261730)
        Rows Removed by Filter: 33514282
  ->  Hash  (cost=61283.27..61283.27 rows=2528527 width=4) (actual time=5721.597..5721.597 rows=2528312 loops=1)
        Buckets: 131072  Batches: 64  Memory Usage: 2415kB
        ->  Seq Scan on title t  (cost=0.00..61283.27 rows=2528527 width=4) (actual time=0.021..4560.003 rows=2528312 loops=1)
Planning time: 6.563 ms
Execution time: 42979.114 ms
