Hash Join  (cost=108632.59..947851.14 rows=239988 width=0) (actual time=2409.184..24196.319 rows=1145994 loops=1)
  Hash Cond: (ci.movie_id = t.id)
  ->  Seq Scan on cast_info ci  (cost=0.00..796071.18 rows=10866002 width=4) (actual time=0.026..16331.133 rows=12828344 loops=1)
        Filter: ((person_id > 1163857) AND (role_id > 2))
        Rows Removed by Filter: 23416000
  ->  Hash  (cost=107934.53..107934.53 rows=55845 width=8) (actual time=2408.280..2408.280 rows=111147 loops=1)
        Buckets: 131072 (originally 65536)  Batches: 2 (originally 1)  Memory Usage: 3195kB
        ->  Hash Join  (cost=69283.60..107934.53 rows=55845 width=8) (actual time=1042.187..2367.852 rows=111147 loops=1)
              Hash Cond: (mi_idx.movie_id = t.id)
              ->  Seq Scan on movie_info_idx mi_idx  (cost=0.00..21735.35 rows=1380035 width=4) (actual time=0.015..460.102 rows=1380035 loops=1)
              ->  Hash  (cost=67604.59..67604.59 rows=102321 width=4) (actual time=1041.508..1041.508 rows=100537 loops=1)
                    Buckets: 131072  Batches: 2  Memory Usage: 2797kB
                    ->  Seq Scan on title t  (cost=0.00..67604.59 rows=102321 width=4) (actual time=444.790..1007.795 rows=100537 loops=1)
                          Filter: (kind_id = 3)
                          Rows Removed by Filter: 2427775
Planning time: 7.295 ms
Execution time: 24354.005 ms
