Hash Join  (cost=482744.65..1632271.17 rows=11265140 width=0) (actual time=8300.849..43022.283 rows=13404894 loops=1)
  Hash Cond: (ci.movie_id = t.id)
  ->  Seq Scan on cast_info ci  (cost=0.00..614943.12 rows=36225612 width=4) (actual time=0.020..12550.609 rows=36244344 loops=1)
  ->  Hash  (cost=469843.90..469843.90 rows=786300 width=8) (actual time=8299.077..8299.077 rows=705911 loops=1)
        Buckets: 131072  Batches: 16  Memory Usage: 2740kB
        ->  Hash Join  (cost=93408.25..469843.90 rows=786300 width=8) (actual time=1861.318..8095.296 rows=705911 loops=1)
              Hash Cond: (mi.movie_id = t.id)
              ->  Seq Scan on movie_info mi  (cost=0.00..346232.03 rows=1264125 width=4) (actual time=0.018..5010.046 rows=1288928 loops=1)
                    Filter: (info_type_id = 2)
                    Rows Removed by Filter: 13546792
              ->  Hash  (cost=67604.59..67604.59 rows=1572773 width=4) (actual time=1859.940..1859.940 rows=1570568 loops=1)
                    Buckets: 131072  Batches: 32  Memory Usage: 2759kB
                    ->  Seq Scan on title t  (cost=0.00..67604.59 rows=1572773 width=4) (actual time=0.017..1332.954 rows=1570568 loops=1)
                          Filter: (production_year > 1996)
                          Rows Removed by Filter: 957744
Planning time: 1.157 ms
Execution time: 44624.639 ms
