Hash Join  (cost=83072.96..833862.85 rows=72 width=0) (actual time=1532.363..16381.084 rows=39 loops=1)
  Hash Cond: (ci.movie_id = t.id)
  ->  Seq Scan on cast_info ci  (cost=0.00..614943.12 rows=36225612 width=4) (actual time=0.011..8331.896 rows=36244344 loops=1)
  ->  Hash  (cost=83072.90..83072.90 rows=5 width=8) (actual time=1431.903..1431.903 rows=1 loops=1)
        Buckets: 1024  Batches: 1  Memory Usage: 9kB
        ->  Nested Loop  (cost=0.43..83072.90 rows=5 width=8) (actual time=867.214..1431.891 rows=1 loops=1)
              ->  Seq Scan on movie_keyword mk  (cost=0.00..81003.12 rows=246 width=4) (actual time=0.284..1395.709 rows=1412 loops=1)
                    Filter: (keyword_id = 958)
                    Rows Removed by Filter: 4522518
              ->  Index Scan using title_pkey on title t  (cost=0.43..8.40 rows=1 width=4) (actual time=0.025..0.025 rows=0 loops=1412)
                    Index Cond: (id = mk.movie_id)
                    Filter: ((kind_id = 7) AND (production_year = 2004))
                    Rows Removed by Filter: 1
Planning time: 1.129 ms
Execution time: 16381.286 ms
