Hash Join  (cost=102767.86..204474.30 rows=1679897 width=0) (actual time=6230.564..11967.739 rows=1678990 loops=1)
  Hash Cond: (mc.movie_id = t.id)
  ->  Seq Scan on movie_companies mc  (cost=0.00..51404.11 rows=1679897 width=4) (actual time=0.025..3095.159 rows=1678990 loops=1)
        Filter: (company_id > 3296)
        Rows Removed by Filter: 930139
  ->  Hash  (cost=61283.27..61283.27 rows=2528527 width=4) (actual time=6229.219..6229.219 rows=2528312 loops=1)
        Buckets: 131072  Batches: 64  Memory Usage: 2415kB
        ->  Seq Scan on title t  (cost=0.00..61283.27 rows=2528527 width=4) (actual time=0.026..4481.911 rows=2528312 loops=1)
Planning time: 0.722 ms
Execution time: 12202.556 ms
