Seq Scan on cast_info ci  (cost=0.00..705507.15 rows=22696279 width=0) (actual time=10.971..38722.793 rows=22562530 loops=1)
  Filter: (person_id < 2301859)
  Rows Removed by Filter: 13681814
Planning time: 0.390 ms
Execution time: 42794.954 ms
