Hash Join  (cost=76243.83..169462.18 rows=53752 width=0) (actual time=6755.576..9500.300 rows=6164 loops=1)
  Hash Cond: (mk.movie_id = t.id)
  ->  Seq Scan on movie_keyword mk  (cost=0.00..81003.12 rows=962056 width=4) (actual time=0.024..4279.365 rows=966214 loops=1)
        Filter: (keyword_id < 910)
        Rows Removed by Filter: 3557716
  ->  Hash  (cost=73925.90..73925.90 rows=141274 width=4) (actual time=4401.636..4401.636 rows=150659 loops=1)
        Buckets: 131072  Batches: 2  Memory Usage: 3679kB
        ->  Seq Scan on title t  (cost=0.00..73925.90 rows=141274 width=4) (actual time=0.031..3725.836 rows=150659 loops=1)
              Filter: ((production_year > 2011) AND (kind_id = 7))
              Rows Removed by Filter: 2377653
Planning time: 0.696 ms
Execution time: 9501.335 ms
