Hash Join  (cost=477162.87..1338386.48 rows=465220 width=0) (actual time=42673.717..67012.423 rows=332727 loops=1)
  Hash Cond: (ci.movie_id = t.id)
  ->  Seq Scan on cast_info ci  (cost=0.00..796071.18 rows=3575110 width=4) (actual time=12660.117..35456.483 rows=2184911 loops=1)
        Filter: ((person_id < 767610) AND (role_id > 2))
        Rows Removed by Filter: 34059433
  ->  Hash  (cost=471763.97..471763.97 rows=329032 width=8) (actual time=30012.533..30012.533 rows=155692 loops=1)
        Buckets: 131072  Batches: 8  Memory Usage: 1783kB
        ->  Hash Join  (cost=74747.02..471763.97 rows=329032 width=8) (actual time=5892.481..29910.017 rows=155692 loops=1)
              Hash Cond: (mi.movie_id = t.id)
              ->  Seq Scan on movie_info mi  (cost=0.00..346232.03 rows=12665229 width=4) (actual time=0.047..22005.385 rows=12744652 loops=1)
                    Filter: (info_type_id > 2)
                    Rows Removed by Filter: 2091068
              ->  Hash  (cost=73925.90..73925.90 rows=65689 width=4) (actual time=3700.126..3700.126 rows=74524 loops=1)
                    Buckets: 131072  Batches: 1  Memory Usage: 3644kB
                    ->  Seq Scan on title t  (cost=0.00..73925.90 rows=65689 width=4) (actual time=0.029..3660.572 rows=74524 loops=1)
                          Filter: ((kind_id = 7) AND (production_year = 2006))
                          Rows Removed by Filter: 2453788
Planning time: 1.184 ms
Execution time: 67067.884 ms
