Seq Scan on movie_keyword mk  (cost=0.00..81003.12 rows=246 width=0) (actual time=0.447..3339.667 rows=1285 loops=1)
  Filter: (keyword_id = 4194)
  Rows Removed by Filter: 4522645
Planning time: 0.341 ms
Execution time: 3340.311 ms
