Seq Scan on title t  (cost=0.00..73925.90 rows=37282 width=0) (actual time=0.019..3485.131 rows=42986 loops=1)
  Filter: ((kind_id > 1) AND (production_year = 1999))
  Rows Removed by Filter: 2485326
Planning time: 0.400 ms
Execution time: 3494.203 ms
