Hash Join  (cost=70241.71..134544.76 rows=29947 width=0) (actual time=3289.350..6630.741 rows=45953 loops=1)
  Hash Cond: (mc.movie_id = t.id)
  ->  Seq Scan on movie_companies mc  (cost=0.00..57926.93 rows=471105 width=4) (actual time=0.033..2884.141 rows=793076 loops=1)
        Filter: ((company_id > 19356) AND (company_type_id > 1))
        Rows Removed by Filter: 1816053
  ->  Hash  (cost=67604.59..67604.59 rows=160730 width=4) (actual time=3288.228..3288.228 rows=160017 loops=1)
        Buckets: 131072  Batches: 4  Memory Usage: 2436kB
        ->  Seq Scan on title t  (cost=0.00..67604.59 rows=160730 width=4) (actual time=0.022..3214.859 rows=160017 loops=1)
              Filter: (production_year = 2011)
              Rows Removed by Filter: 2368295
Planning time: 3.686 ms
Execution time: 6637.469 ms
