Hash Join  (cost=126591.42..493179.23 rows=193189 width=0) (actual time=6688.228..29132.584 rows=868758 loops=1)
  Hash Cond: (mi.movie_id = t.id)
  ->  Seq Scan on movie_info mi  (cost=0.00..309384.22 rows=14739122 width=4) (actual time=0.018..17311.874 rows=14835720 loops=1)
  ->  Hash  (cost=126177.14..126177.14 rows=33142 width=8) (actual time=6679.957..6679.957 rows=25453 loops=1)
        Buckets: 65536  Batches: 1  Memory Usage: 1507kB
        ->  Hash Join  (cost=68237.77..126177.14 rows=33142 width=8) (actual time=3216.620..6667.271 rows=25453 loops=1)
              Hash Cond: (mc.movie_id = t.id)
              ->  Seq Scan on movie_companies mc  (cost=0.00..51404.11 rows=1654356 width=4) (actual time=0.088..2882.084 rows=1655087 loops=1)
                    Filter: (company_id > 3797)
                    Rows Removed by Filter: 954042
              ->  Hash  (cost=67604.59..67604.59 rows=50655 width=4) (actual time=3216.129..3216.129 rows=50564 loops=1)
                    Buckets: 65536  Batches: 1  Memory Usage: 2290kB
                    ->  Seq Scan on title t  (cost=0.00..67604.59 rows=50655 width=4) (actual time=0.018..3193.262 rows=50564 loops=1)
                          Filter: (production_year = 1999)
                          Rows Removed by Filter: 2477748
Planning time: 1.087 ms
Execution time: 29274.017 ms
