Seq Scan on cast_info ci  (cost=0.00..705507.15 rows=26791585 width=0) (actual time=0.024..38799.926 rows=26817820 loops=1)
  Filter: (person_id < 2762299)
  Rows Removed by Filter: 9426524
Planning time: 0.308 ms
Execution time: 43369.429 ms
