Seq Scan on movie_keyword mk  (cost=0.00..81003.12 rows=1231688 width=0) (actual time=0.020..3866.592 rows=1243176 loops=1)
  Filter: (keyword_id > 14540)
  Rows Removed by Filter: 3280754
Planning time: 0.335 ms
Execution time: 4077.798 ms
