Hash Join  (cost=188587.98..321791.42 rows=919340 width=0) (actual time=7722.127..15375.215 rows=1709110 loops=1)
  Hash Cond: (mk.movie_id = t.id)
  ->  Seq Scan on movie_keyword mk  (cost=0.00..69693.30 rows=4523930 width=4) (actual time=0.013..4643.647 rows=4523930 loops=1)
  ->  Hash  (cost=180156.98..180156.98 rows=513840 width=8) (actual time=7721.391..7721.391 rows=301173 loops=1)
        Buckets: 131072  Batches: 8  Memory Usage: 2506kB
        ->  Hash Join  (cost=100960.39..180156.98 rows=513840 width=8) (actual time=5738.464..7616.770 rows=301173 loops=1)
              Hash Cond: (mc.movie_id = t.id)
              ->  Seq Scan on movie_companies mc  (cost=0.00..57926.93 rows=639052 width=4) (actual time=1150.779..2345.014 rows=404942 loops=1)
                    Filter: ((company_id < 11149) AND (company_type_id > 1))
                    Rows Removed by Filter: 2204187
              ->  Hash  (cost=67604.59..67604.59 rows=2033104 width=4) (actual time=4586.854..4586.854 rows=2032439 loops=1)
                    Buckets: 131072  Batches: 32  Memory Usage: 3261kB
                    ->  Seq Scan on title t  (cost=0.00..67604.59 rows=2033104 width=4) (actual time=0.016..3763.927 rows=2032439 loops=1)
                          Filter: (production_year > 1973)
                          Rows Removed by Filter: 495873
Planning time: 2.019 ms
Execution time: 15618.586 ms
