Hash Join  (cost=69374.09..808093.66 rows=116604 width=0) (actual time=32714.900..41494.543 rows=116771 loops=1)
  Hash Cond: (ci.movie_id = t.id)
  ->  Seq Scan on cast_info ci  (cost=0.00..705507.15 rows=2735034 width=4) (actual time=29588.347..36845.174 rows=2728943 loops=1)
        Filter: (role_id = 4)
        Rows Removed by Filter: 33515401
  ->  Hash  (cost=67604.59..67604.59 rows=107800 width=4) (actual time=3125.629..3125.629 rows=108429 loops=1)
        Buckets: 131072  Batches: 2  Memory Usage: 2931kB
        ->  Seq Scan on title t  (cost=0.00..67604.59 rows=107800 width=4) (actual time=0.029..3070.544 rows=108429 loops=1)
              Filter: (production_year = 2006)
              Rows Removed by Filter: 2419883
Planning time: 1.564 ms
Execution time: 41515.046 ms
