Hash Join  (cost=365418.15..1985857.15 rows=46593495 width=0) (actual time=8372.770..74717.528 rows=152169520 loops=1)
  Hash Cond: (ci.movie_id = t.id)
  ->  Seq Scan on cast_info ci  (cost=0.00..705507.15 rows=26042160 width=4) (actual time=0.035..16060.801 rows=26034107 loops=1)
        Filter: (person_id < 2693639)
        Rows Removed by Filter: 10210237
  ->  Hash  (cost=291197.02..291197.02 rows=4523930 width=8) (actual time=8370.357..8370.357 rows=4523930 loops=1)
        Buckets: 131072  Batches: 64  Memory Usage: 3816kB
        ->  Hash Join  (cost=102767.86..291197.02 rows=4523930 width=8) (actual time=2020.047..7159.580 rows=4523930 loops=1)
              Hash Cond: (mk.movie_id = t.id)
              ->  Seq Scan on movie_keyword mk  (cost=0.00..69693.30 rows=4523930 width=4) (actual time=0.011..1513.952 rows=4523930 loops=1)
              ->  Hash  (cost=61283.27..61283.27 rows=2528527 width=4) (actual time=2017.770..2017.770 rows=2528312 loops=1)
                    Buckets: 131072  Batches: 64  Memory Usage: 2425kB
                    ->  Seq Scan on title t  (cost=0.00..61283.27 rows=2528527 width=4) (actual time=0.016..1119.081 rows=2528312 loops=1)
Planning time: 1.098 ms
Execution time: 91214.918 ms
