Seq Scan on cast_info ci  (cost=0.00..796071.18 rows=4577814 width=0) (actual time=0.024..37747.698 rows=6993730 loops=1)
  Filter: ((person_id > 1852335) AND (role_id > 4))
  Rows Removed by Filter: 29250614
Planning time: 0.277 ms
Execution time: 38912.825 ms
