Hash Join  (cost=81714.14..167909.26 rows=460029 width=0) (actual time=3527.729..8699.464 rows=645071 loops=1)
  Hash Cond: (mc.movie_id = t.id)
  ->  Seq Scan on movie_companies mc  (cost=0.00..51404.11 rows=2450590 width=4) (actual time=0.016..3480.608 rows=2447019 loops=1)
        Filter: (company_id > 27)
        Rows Removed by Filter: 162110
  ->  Hash  (cost=73925.90..73925.90 rows=474659 width=4) (actual time=3526.771..3526.771 rows=345685 loops=1)
        Buckets: 131072  Batches: 8  Memory Usage: 2548kB
        ->  Seq Scan on title t  (cost=0.00..73925.90 rows=474659 width=4) (actual time=0.024..3378.924 rows=345685 loops=1)
              Filter: ((production_year > 1988) AND (kind_id = 1))
              Rows Removed by Filter: 2182627
Planning time: 0.760 ms
Execution time: 8793.131 ms
