Hash Join  (cost=221144.85..265081.79 rows=363946 width=0) (actual time=10919.610..13541.149 rows=1560956 loops=1)
  Hash Cond: (mi_idx.movie_id = t.id)
  ->  Seq Scan on movie_info_idx mi_idx  (cost=0.00..21735.35 rows=1380035 width=4) (actual time=0.028..1316.470 rows=1380035 loops=1)
  ->  Hash  (cost=210204.49..210204.49 rows=666829 width=8) (actual time=10918.871..10918.871 rows=731588 loops=1)
        Buckets: 131072  Batches: 16  Memory Usage: 2841kB
        ->  Hash Join  (cost=104131.46..210204.49 rows=666829 width=8) (actual time=5244.060..10677.873 rows=731588 loops=1)
              Hash Cond: (mk.movie_id = t.id)
              ->  Seq Scan on movie_keyword mk  (cost=0.00..81003.12 rows=757322 width=4) (actual time=0.014..3461.778 rows=758276 loops=1)
                    Filter: (keyword_id < 706)
                    Rows Removed by Filter: 3765654
              ->  Hash  (cost=67604.59..67604.59 rows=2226390 width=4) (actual time=5243.157..5243.157 rows=2224569 loops=1)
                    Buckets: 131072  Batches: 32  Memory Usage: 3472kB
                    ->  Seq Scan on title t  (cost=0.00..67604.59 rows=2226390 width=4) (actual time=0.022..4263.453 rows=2224569 loops=1)
                          Filter: (production_year < 2012)
                          Rows Removed by Filter: 303743
Planning time: 1.136 ms
Execution time: 13745.598 ms
