Hash Join  (cost=67697.55..160586.02 rows=9249 width=0) (actual time=3221.423..8294.740 rows=22368 loops=1)
  Hash Cond: (mk.movie_id = t.id)
  ->  Seq Scan on movie_keyword mk  (cost=0.00..81003.12 rows=3144761 width=4) (actual time=0.017..4386.769 rows=3133124 loops=1)
        Filter: (keyword_id > 1876)
        Rows Removed by Filter: 1390806
  ->  Hash  (cost=67604.59..67604.59 rows=7437 width=4) (actual time=3220.086..3220.086 rows=14038 loops=1)
        Buckets: 16384 (originally 8192)  Batches: 1 (originally 1)  Memory Usage: 622kB
        ->  Seq Scan on title t  (cost=0.00..67604.59 rows=7437 width=4) (actual time=0.023..3212.964 rows=14038 loops=1)
              Filter: (production_year = 1977)
              Rows Removed by Filter: 2514274
Planning time: 7.884 ms
Execution time: 8299.939 ms
