Seq Scan on cast_info ci  (cost=0.00..705507.15 rows=21012279 width=0) (actual time=0.023..36852.486 rows=21155299 loops=1)
  Filter: (person_id > 1488742)
  Rows Removed by Filter: 15089045
Planning time: 0.321 ms
Execution time: 40511.030 ms
