Seq Scan on movie_companies mc  (cost=0.00..57926.93 rows=801241 width=0) (actual time=0.023..3024.922 rows=1101092 loops=1)
  Filter: ((company_id < 17171) AND (company_type_id = 1))
  Rows Removed by Filter: 1508037
Planning time: 0.332 ms
Execution time: 3207.526 ms
