Seq Scan on movie_companies mc  (cost=0.00..57926.93 rows=986965 width=0) (actual time=0.016..3211.261 rows=1269921 loops=1)
  Filter: ((company_id < 66958) AND (company_type_id < 2))
  Rows Removed by Filter: 1339208
Planning time: 0.341 ms
Execution time: 3428.189 ms
