Hash Join  (cost=102767.86..1249430.81 rows=14159494 width=0) (actual time=17769.645..58786.797 rows=9018906 loops=1)
  Hash Cond: (ci.movie_id = t.id)
  ->  Seq Scan on cast_info ci  (cost=0.00..796071.18 rows=14159494 width=4) (actual time=12743.309..43893.882 rows=9018906 loops=1)
        Filter: ((person_id < 2203350) AND (role_id > 1))
        Rows Removed by Filter: 27225438
  ->  Hash  (cost=61283.27..61283.27 rows=2528527 width=4) (actual time=5024.786..5024.786 rows=2528312 loops=1)
        Buckets: 131072  Batches: 64  Memory Usage: 2415kB
        ->  Seq Scan on title t  (cost=0.00..61283.27 rows=2528527 width=4) (actual time=0.017..3897.570 rows=2528312 loops=1)
Planning time: 0.743 ms
Execution time: 60046.744 ms
