Seq Scan on movie_keyword mk  (cost=0.00..81003.12 rows=246 width=0) (actual time=0.031..3311.266 rows=2023 loops=1)
  Filter: (keyword_id = 1322)
  Rows Removed by Filter: 4521907
Planning time: 0.341 ms
Execution time: 3312.078 ms
