Seq Scan on movie_companies mc  (cost=0.00..57926.93 rows=735870 width=0) (actual time=32.674..981.730 rows=458836 loops=1)
  Filter: ((company_id < 12744) AND (company_type_id = 2))
  Rows Removed by Filter: 2150293
Planning time: 0.454 ms
Execution time: 1040.448 ms
