Seq Scan on movie_companies mc  (cost=0.00..51404.11 rows=104 width=0) (actual time=0.471..2325.244 rows=345 loops=1)
  Filter: (company_id = 11928)
  Rows Removed by Filter: 2608784
Planning time: 0.921 ms
Execution time: 2325.437 ms
