Seq Scan on movie_keyword mk  (cost=0.00..81003.12 rows=4100314 width=0) (actual time=0.019..5035.999 rows=4106167 loops=1)
  Filter: (keyword_id < 41703)
  Rows Removed by Filter: 417763
Planning time: 6.995 ms
Execution time: 5751.384 ms
