Hash Join  (cost=1018504.83..4118953.86 rows=155972719 width=0) (actual time=52110.222..220631.199 rows=298904262 loops=1)
  Hash Cond: (ci.movie_id = t.id)
  ->  Seq Scan on cast_info ci  (cost=0.00..705507.15 rows=26757444 width=4) (actual time=0.017..49553.676 rows=26859641 loops=1)
        Filter: (role_id < 5)
        Rows Removed by Filter: 9384703
  ->  Hash  (cost=776690.81..776690.81 rows=14739122 width=8) (actual time=52105.049..52105.049 rows=14835720 loops=1)
        Buckets: 131072  Batches: 256  Memory Usage: 3268kB
        ->  Hash Join  (cost=102767.86..776690.81 rows=14739122 width=8) (actual time=5771.405..46130.191 rows=14835720 loops=1)
              Hash Cond: (mi.movie_id = t.id)
              ->  Seq Scan on movie_info mi  (cost=0.00..309384.22 rows=14739122 width=4) (actual time=0.021..23580.053 rows=14835720 loops=1)
              ->  Hash  (cost=61283.27..61283.27 rows=2528527 width=4) (actual time=5770.313..5770.313 rows=2528312 loops=1)
                    Buckets: 131072  Batches: 64  Memory Usage: 2425kB
                    ->  Seq Scan on title t  (cost=0.00..61283.27 rows=2528527 width=4) (actual time=0.019..4087.216 rows=2528312 loops=1)
Planning time: 1.025 ms
Execution time: 262507.268 ms
