Hash Join  (cost=114149.46..201565.32 rows=75782 width=0) (actual time=9881.369..11910.591 rows=78708 loops=1)
  Hash Cond: (mk.movie_id = t.id)
  ->  Seq Scan on movie_keyword mk  (cost=0.00..69693.30 rows=4523930 width=4) (actual time=0.021..3608.252 rows=4523930 loops=1)
  ->  Hash  (cost=113620.01..113620.01 rows=42356 width=8) (actual time=7058.501..7058.501 rows=20619 loops=1)
        Buckets: 65536  Batches: 1  Memory Usage: 1318kB
        ->  Hash Join  (cost=75199.97..113620.01 rows=42356 width=8) (actual time=5235.492..7048.795 rows=20619 loops=1)
              Hash Cond: (mi_idx.movie_id = t.id)
              ->  Seq Scan on movie_info_idx mi_idx  (cost=0.00..21735.35 rows=1380035 width=4) (actual time=0.020..1516.259 rows=1380035 loops=1)
              ->  Hash  (cost=73925.90..73925.90 rows=77605 width=4) (actual time=4888.313..4888.313 rows=84684 loops=1)
                    Buckets: 131072  Batches: 2  Memory Usage: 2512kB
                    ->  Seq Scan on title t  (cost=0.00..73925.90 rows=77605 width=4) (actual time=0.026..4109.298 rows=84684 loops=1)
                          Filter: ((kind_id = 7) AND (production_year = 2009))
                          Rows Removed by Filter: 2443628
Planning time: 6.672 ms
Execution time: 11921.207 ms
