Hash Join  (cost=95609.53..572985.94 rows=3922093 width=0) (actual time=5057.947..32919.989 rows=2784054 loops=1)
  Hash Cond: (mi.movie_id = t.id)
  ->  Seq Scan on movie_info mi  (cost=0.00..346232.03 rows=7503588 width=4) (actual time=0.014..22054.723 rows=7548855 loops=1)
        Filter: (info_type_id > 7)
        Rows Removed by Filter: 7286865
  ->  Hash  (cost=73925.90..73925.90 rows=1321650 width=4) (actual time=5044.800..5044.800 rows=1298128 loops=1)
        Buckets: 131072  Batches: 32  Memory Usage: 2457kB
        ->  Seq Scan on title t  (cost=0.00..73925.90 rows=1321650 width=4) (actual time=0.030..4457.400 rows=1298128 loops=1)
              Filter: ((kind_id > 1) AND (production_year < 2009))
              Rows Removed by Filter: 1230184
Planning time: 1.361 ms
Execution time: 33301.607 ms
