Seq Scan on movie_companies mc  (cost=0.00..51404.11 rows=1814721 width=0) (actual time=0.021..2691.121 rows=1807924 loops=1)
  Filter: (company_id < 30309)
  Rows Removed by Filter: 801205
Planning time: 0.303 ms
Execution time: 2974.993 ms
