Hash Join  (cost=263115.61..1379532.99 rows=13126438 width=0) (actual time=9370.134..61490.146 rows=27322258 loops=1)
  Hash Cond: (ci.movie_id = t.id)
  ->  Seq Scan on cast_info ci  (cost=0.00..796071.18 rows=12720932 width=4) (actual time=0.019..37118.413 rows=12670688 loops=1)
        Filter: ((person_id < 4058688) AND (role_id < 2))
        Rows Removed by Filter: 23573656
  ->  Hash  (cost=220309.49..220309.49 rows=2609129 width=8) (actual time=9366.031..9366.031 rows=2609129 loops=1)
        Buckets: 131072  Batches: 64  Memory Usage: 2610kB
        ->  Hash Join  (cost=102767.86..220309.49 rows=2609129 width=8) (actual time=3530.210..8668.244 rows=2609129 loops=1)
              Hash Cond: (mc.movie_id = t.id)
              ->  Seq Scan on movie_companies mc  (cost=0.00..44881.29 rows=2609129 width=4) (actual time=0.034..2507.659 rows=2609129 loops=1)
              ->  Hash  (cost=61283.27..61283.27 rows=2528527 width=4) (actual time=3528.629..3528.629 rows=2528312 loops=1)
                    Buckets: 131072  Batches: 64  Memory Usage: 2415kB
                    ->  Seq Scan on title t  (cost=0.00..61283.27 rows=2528527 width=4) (actual time=0.026..2611.534 rows=2528312 loops=1)
Planning time: 8.671 ms
Execution time: 64712.188 ms
