Hash Join  (cost=199174.77..699947.25 rows=1113662 width=0) (actual time=9605.441..37267.705 rows=7948361 loops=1)
  Hash Cond: (mi.movie_id = t.id)
  ->  Seq Scan on movie_info mi  (cost=0.00..346232.03 rows=11115165 width=4) (actual time=428.036..20041.436 rows=11210743 loops=1)
        Filter: (info_type_id > 3)
        Rows Removed by Filter: 3624977
  ->  Hash  (cost=195018.01..195018.01 rows=253341 width=8) (actual time=9176.564..9176.564 rows=176344 loops=1)
        Buckets: 131072  Batches: 4  Memory Usage: 2711kB
        ->  Hash Join  (cost=69928.56..195018.01 rows=253341 width=8) (actual time=3326.670..9115.061 rows=176344 loops=1)
              Hash Cond: (mk.movie_id = t.id)
              ->  Seq Scan on movie_keyword mk  (cost=0.00..69693.30 rows=4523930 width=4) (actual time=0.033..4106.877 rows=4523930 loops=1)
              ->  Hash  (cost=67604.59..67604.59 rows=141598 width=4) (actual time=3325.886..3325.886 rows=141703 loops=1)
                    Buckets: 131072  Batches: 2  Memory Usage: 3517kB
                    ->  Seq Scan on title t  (cost=0.00..67604.59 rows=141598 width=4) (actual time=0.025..3260.390 rows=141703 loops=1)
                          Filter: (production_year = 2010)
                          Rows Removed by Filter: 2386609
Planning time: 1.106 ms
Execution time: 38277.178 ms
