Hash Join  (cost=204764.57..701654.03 rows=1601053 width=0) (actual time=9656.405..26033.469 rows=12161201 loops=1)
  Hash Cond: (mi.movie_id = t.id)
  ->  Seq Scan on movie_info mi  (cost=0.00..309384.22 rows=14739122 width=4) (actual time=0.026..6915.477 rows=14835720 loops=1)
  ->  Hash  (cost=200258.27..200258.27 rows=274664 width=8) (actual time=9655.588..9655.588 rows=294304 loops=1)
        Buckets: 131072  Batches: 4  Memory Usage: 3937kB
        ->  Hash Join  (cost=102767.86..200258.27 rows=274664 width=8) (actual time=5544.498..9563.138 rows=294304 loops=1)
              Hash Cond: (mk.movie_id = t.id)
              ->  Seq Scan on movie_keyword mk  (cost=0.00..81003.12 rows=274664 width=4) (actual time=0.029..3323.970 rows=294304 loops=1)
                    Filter: (keyword_id < 240)
                    Rows Removed by Filter: 4229626
              ->  Hash  (cost=61283.27..61283.27 rows=2528527 width=4) (actual time=5538.618..5538.618 rows=2528312 loops=1)
                    Buckets: 131072  Batches: 64  Memory Usage: 2425kB
                    ->  Seq Scan on title t  (cost=0.00..61283.27 rows=2528527 width=4) (actual time=0.014..4236.136 rows=2528312 loops=1)
Planning time: 2.490 ms
Execution time: 27453.222 ms
