Seq Scan on movie_companies mc  (cost=0.00..57926.93 rows=1007075 width=0) (actual time=1327.795..2822.582 rows=1159614 loops=1)
  Filter: ((company_id > 814) AND (company_type_id > 1))
  Rows Removed by Filter: 1449515
Planning time: 0.297 ms
Execution time: 2985.454 ms
