Hash Join  (cost=160865.73..299740.48 rows=1384871 width=0) (actual time=7691.730..15422.605 rows=2516214 loops=1)
  Hash Cond: (mk.movie_id = t.id)
  ->  Seq Scan on movie_keyword mk  (cost=0.00..69693.30 rows=4523930 width=4) (actual time=0.018..4462.557 rows=4523930 loops=1)
  ->  Hash  (cost=148166.28..148166.28 rows=774036 width=8) (actual time=7690.546..7690.546 rows=636105 loops=1)
        Buckets: 131072  Batches: 16  Memory Usage: 2602kB
        ->  Hash Join  (cost=97193.44..148166.28 rows=774036 width=8) (actual time=4918.786..7490.959 rows=636105 loops=1)
              Hash Cond: (mi_idx.movie_id = t.id)
              ->  Seq Scan on movie_info_idx mi_idx  (cost=0.00..21735.35 rows=1380035 width=4) (actual time=0.017..1380.728 rows=1380035 loops=1)
              ->  Hash  (cost=73925.90..73925.90 rows=1418203 width=4) (actual time=4917.929..4917.929 rows=1540108 loops=1)
                    Buckets: 131072  Batches: 32  Memory Usage: 2727kB
                    ->  Seq Scan on title t  (cost=0.00..73925.90 rows=1418203 width=4) (actual time=0.015..4351.550 rows=1540108 loops=1)
                          Filter: ((kind_id > 1) AND (production_year > 1981))
                          Rows Removed by Filter: 988204
Planning time: 1.066 ms
Execution time: 15755.600 ms
