Seq Scan on cast_info ci  (cost=0.00..796071.18 rows=55 width=0) (actual time=7027.889..30504.788 rows=1 loops=1)
  Filter: ((person_id = 2240522) AND (role_id = 3))
  Rows Removed by Filter: 36244343
Planning time: 0.333 ms
Execution time: 30504.887 ms
