Hash Join  (cost=102767.86..248053.50 rows=2260955 width=0) (actual time=1904.912..5508.120 rows=2263491 loops=1)
  Hash Cond: (mk.movie_id = t.id)
  ->  Seq Scan on movie_keyword mk  (cost=0.00..81003.12 rows=2260955 width=4) (actual time=0.025..1619.319 rows=2263491 loops=1)
        Filter: (keyword_id < 4717)
        Rows Removed by Filter: 2260439
  ->  Hash  (cost=61283.27..61283.27 rows=2528527 width=4) (actual time=1903.946..1903.946 rows=2528312 loops=1)
        Buckets: 131072  Batches: 64  Memory Usage: 2425kB
        ->  Seq Scan on title t  (cost=0.00..61283.27 rows=2528527 width=4) (actual time=0.018..1043.171 rows=2528312 loops=1)
Planning time: 0.791 ms
Execution time: 5755.847 ms
