Seq Scan on movie_companies mc  (cost=0.00..51404.11 rows=2365940 width=0) (actual time=0.011..3059.605 rows=2363411 loops=1)
  Filter: (company_id < 101910)
  Rows Removed by Filter: 245718
Planning time: 0.281 ms
Execution time: 3443.890 ms
