Hash Join  (cost=52284.82..79195.68 rows=38 width=0) (actual time=1696.953..2277.433 rows=3 loops=1)
  Hash Cond: (mi_idx.movie_id = t.id)
  ->  Seq Scan on movie_info_idx mi_idx  (cost=0.00..21735.35 rows=1380035 width=4) (actual time=0.024..552.095 rows=1380035 loops=1)
  ->  Hash  (cost=52283.95..52283.95 rows=69 width=8) (actual time=1434.152..1434.152 rows=1 loops=1)
        Buckets: 1024  Batches: 1  Memory Usage: 9kB
        ->  Nested Loop  (cost=0.43..52283.95 rows=69 width=8) (actual time=1090.680..1434.143 rows=1 loops=1)
              ->  Seq Scan on movie_companies mc  (cost=0.00..51404.11 rows=104 width=4) (actual time=1090.601..1434.061 rows=1 loops=1)
                    Filter: (company_id = 206887)
                    Rows Removed by Filter: 2609128
              ->  Index Scan using title_pkey on title t  (cost=0.43..8.45 rows=1 width=4) (actual time=0.070..0.071 rows=1 loops=1)
                    Index Cond: (id = mc.movie_id)
                    Filter: (production_year < 2008)
Planning time: 1.109 ms
Execution time: 2277.574 ms
