Hash Join  (cost=291206.77..939374.84 rows=14052124 width=0) (actual time=11888.410..71214.980 rows=133013301 loops=1)
  Hash Cond: (mi.movie_id = t.id)
  ->  Seq Scan on movie_info mi  (cost=0.00..309384.22 rows=14739122 width=4) (actual time=0.013..18459.774 rows=14835720 loops=1)
  ->  Hash  (cost=251656.39..251656.39 rows=2410671 width=8) (actual time=11887.357..11887.357 rows=2405079 loops=1)
        Buckets: 131072 (originally 131072)  Batches: 64 (originally 32)  Memory Usage: 4022kB
        ->  Hash Join  (cost=102767.86..251656.39 rows=2410671 width=8) (actual time=5011.045..11217.722 rows=2405079 loops=1)
              Hash Cond: (mk.movie_id = t.id)
              ->  Seq Scan on movie_keyword mk  (cost=0.00..81003.12 rows=2410671 width=4) (actual time=0.023..3943.598 rows=2405079 loops=1)
                    Filter: (keyword_id > 3875)
                    Rows Removed by Filter: 2118851
              ->  Hash  (cost=61283.27..61283.27 rows=2528527 width=4) (actual time=5008.222..5008.222 rows=2528312 loops=1)
                    Buckets: 131072  Batches: 64  Memory Usage: 2425kB
                    ->  Seq Scan on title t  (cost=0.00..61283.27 rows=2528527 width=4) (actual time=0.010..4046.686 rows=2528312 loops=1)
Planning time: 1.114 ms
Execution time: 86850.724 ms
