Seq Scan on movie_keyword mk  (cost=0.00..81003.12 rows=246 width=0) (actual time=0.085..1254.637 rows=1397 loops=1)
  Filter: (keyword_id = 337)
  Rows Removed by Filter: 4522533
Planning time: 0.259 ms
Execution time: 1255.126 ms
