Hash Join  (cost=93721.77..138635.18 rows=438551 width=0) (actual time=1846.669..3124.007 rows=240328 loops=1)
  Hash Cond: (mi_idx.movie_id = t.id)
  ->  Seq Scan on movie_info_idx mi_idx  (cost=0.00..25185.44 rows=919057 width=4) (actual time=0.028..584.957 rows=920110 loops=1)
        Filter: (info_type_id > 99)
        Rows Removed by Filter: 459925
  ->  Hash  (cost=73925.90..73925.90 rows=1206549 width=4) (actual time=1841.570..1841.570 rows=1293155 loops=1)
        Buckets: 131072  Batches: 16  Memory Usage: 3876kB
        ->  Seq Scan on title t  (cost=0.00..73925.90 rows=1206549 width=4) (actual time=144.210..1441.352 rows=1293155 loops=1)
              Filter: ((production_year > 1977) AND (kind_id = 7))
              Rows Removed by Filter: 1235157
Planning time: 0.723 ms
Execution time: 3152.698 ms
