Seq Scan on cast_info ci  (cost=0.00..796071.18 rows=1705010 width=0) (actual time=3160.629..11753.464 rows=3848668 loops=1)
  Filter: ((person_id > 3356495) AND (role_id > 2))
  Rows Removed by Filter: 32395676
Planning time: 0.359 ms
Execution time: 12237.379 ms
