Seq Scan on movie_companies mc  (cost=0.00..51404.11 rows=827285 width=0) (actual time=178.381..957.779 rows=836168 loops=1)
  Filter: (company_id > 26653)
  Rows Removed by Filter: 1772961
Planning time: 0.302 ms
Execution time: 1064.023 ms
