Nested Loop  (cost=0.43..52283.69 rows=104 width=0) (actual time=373.947..423.011 rows=1 loops=1)
  ->  Seq Scan on movie_companies mc  (cost=0.00..51404.11 rows=104 width=4) (actual time=373.819..422.880 rows=1 loops=1)
        Filter: (company_id = 140385)
        Rows Removed by Filter: 2609128
  ->  Index Only Scan using title_pkey on title t  (cost=0.43..8.45 rows=1 width=4) (actual time=0.114..0.116 rows=1 loops=1)
        Index Cond: (id = mc.movie_id)
        Heap Fetches: 1
Planning time: 0.748 ms
Execution time: 423.075 ms
