Hash Join  (cost=90260.67..1410515.32 rows=19548031 width=0) (actual time=2020.637..44362.888 rows=21130797 loops=1)
  Hash Cond: (ci.movie_id = t.id)
  ->  Seq Scan on cast_info ci  (cost=0.00..705507.15 rows=35794184 width=4) (actual time=0.022..17142.951 rows=35881226 loops=1)
        Filter: (person_id > 41607)
        Rows Removed by Filter: 363118
  ->  Hash  (cost=67604.59..67604.59 rows=1380887 width=4) (actual time=2019.317..2019.317 rows=1381453 loops=1)
        Buckets: 131072  Batches: 32  Memory Usage: 2543kB
        ->  Seq Scan on title t  (cost=0.00..67604.59 rows=1380887 width=4) (actual time=0.020..1294.631 rows=1381453 loops=1)
              Filter: (production_year > 2000)
              Rows Removed by Filter: 1146859
Planning time: 0.789 ms
Execution time: 46776.001 ms
