Nested Loop  (cost=0.43..58375.45 rows=31 width=0) (actual time=7.150..439.290 rows=262 loops=1)
  ->  Seq Scan on movie_companies mc  (cost=0.00..57926.93 rows=53 width=4) (actual time=7.024..423.260 rows=1091 loops=1)
        Filter: ((company_id = 109) AND (company_type_id = 2))
        Rows Removed by Filter: 2608038
  ->  Index Scan using title_pkey on title t  (cost=0.43..8.45 rows=1 width=4) (actual time=0.014..0.014 rows=0 loops=1091)
        Index Cond: (id = mc.movie_id)
        Filter: ((production_year < 2013) AND (kind_id = 7))
        Rows Removed by Filter: 1
Planning time: 0.791 ms
Execution time: 439.454 ms
