Hash Join  (cost=92883.59..959190.59 rows=2069779 width=0) (actual time=9913.797..20359.872 rows=2388869 loops=1)
  Hash Cond: (ci.movie_id = t.id)
  ->  Seq Scan on cast_info ci  (cost=0.00..796071.18 rows=3396607 width=4) (actual time=8053.567..15947.863 rows=3602550 loops=1)
        Filter: ((person_id > 518143) AND (role_id = 3))
        Rows Removed by Filter: 32641794
  ->  Hash  (cost=67604.59..67604.59 rows=1540800 width=4) (actual time=1858.501..1858.501 rows=1543264 loops=1)
        Buckets: 131072  Batches: 32  Memory Usage: 2722kB
        ->  Seq Scan on title t  (cost=0.00..67604.59 rows=1540800 width=4) (actual time=0.020..1372.279 rows=1543264 loops=1)
              Filter: (kind_id = 7)
              Rows Removed by Filter: 985048
Planning time: 0.777 ms
Execution time: 20609.186 ms
