Hash Join  (cost=799707.63..895495.46 rows=678 width=0) (actual time=15024.992..16615.395 rows=65 loops=1)
  Hash Cond: (mk.movie_id = t.id)
  ->  Seq Scan on movie_keyword mk  (cost=0.00..81003.12 rows=3940779 width=4) (actual time=0.015..1564.903 rows=3936575 loops=1)
        Filter: (keyword_id > 423)
        Rows Removed by Filter: 587355
  ->  Hash  (cost=799702.19..799702.19 rows=435 width=8) (actual time=14508.046..14508.046 rows=301 loops=1)
        Buckets: 1024  Batches: 1  Memory Usage: 20kB
        ->  Nested Loop  (cost=0.43..799702.19 rows=435 width=8) (actual time=7872.494..14507.758 rows=301 loops=1)
              ->  Seq Scan on cast_info ci  (cost=0.00..796071.18 rows=435 width=4) (actual time=7872.291..14503.750 rows=301 loops=1)
                    Filter: ((role_id < 10) AND (person_id = 2083665))
                    Rows Removed by Filter: 36244043
              ->  Index Only Scan using title_pkey on title t  (cost=0.43..8.34 rows=1 width=4) (actual time=0.012..0.012 rows=1 loops=301)
                    Index Cond: (id = ci.movie_id)
                    Heap Fetches: 301
Planning time: 2.335 ms
Execution time: 16615.550 ms
