Hash Join  (cost=102767.86..1445935.32 rows=22325925 width=0) (actual time=3326.366..39841.979 rows=21621688 loops=1)
  Hash Cond: (ci.movie_id = t.id)
  ->  Seq Scan on cast_info ci  (cost=0.00..796071.18 rows=22325925 width=4) (actual time=1424.705..18695.871 rows=21621688 loops=1)
        Filter: ((person_id > 1024348) AND (role_id < 10))
        Rows Removed by Filter: 14622656
  ->  Hash  (cost=61283.27..61283.27 rows=2528527 width=4) (actual time=1900.804..1900.804 rows=2528312 loops=1)
        Buckets: 131072  Batches: 64  Memory Usage: 2415kB
        ->  Seq Scan on title t  (cost=0.00..61283.27 rows=2528527 width=4) (actual time=0.022..1063.787 rows=2528312 loops=1)
Planning time: 0.781 ms
Execution time: 42325.312 ms
