Hash Join  (cost=52284.29..138942.81 rows=48 width=0) (actual time=2001.470..2432.126 rows=8 loops=1)
  Hash Cond: (mk.movie_id = t.id)
  ->  Seq Scan on movie_keyword mk  (cost=0.00..69693.30 rows=4523930 width=4) (actual time=0.009..935.039 rows=4523930 loops=1)
  ->  Hash  (cost=52283.95..52283.95 rows=27 width=8) (actual time=780.373..780.373 rows=5 loops=1)
        Buckets: 1024  Batches: 1  Memory Usage: 9kB
        ->  Nested Loop  (cost=0.43..52283.95 rows=27 width=8) (actual time=288.341..780.353 rows=5 loops=1)
              ->  Seq Scan on movie_companies mc  (cost=0.00..51404.11 rows=104 width=4) (actual time=288.274..780.171 rows=5 loops=1)
                    Filter: (company_id = 21665)
                    Rows Removed by Filter: 2609124
              ->  Index Scan using title_pkey on title t  (cost=0.43..8.45 rows=1 width=4) (actual time=0.029..0.030 rows=1 loops=5)
                    Index Cond: (id = mc.movie_id)
                    Filter: (kind_id = 1)
Planning time: 0.832 ms
Execution time: 2432.248 ms
