Seq Scan on movie_companies mc  (cost=0.00..57926.93 rows=51 width=0) (actual time=1.096..958.046 rows=113 loops=1)
  Filter: ((company_type_id < 2) AND (company_id = 2601))
  Rows Removed by Filter: 2609016
Planning time: 0.367 ms
Execution time: 958.192 ms
