Hash Join  (cost=190230.21..319201.55 rows=1365269 width=0) (actual time=4221.237..8489.494 rows=5737770 loops=1)
  Hash Cond: (mk.movie_id = t.id)
  ->  Seq Scan on movie_keyword mk  (cost=0.00..81003.12 rows=2501472 width=4) (actual time=0.018..1650.738 rows=2495500 loops=1)
        Filter: (keyword_id < 6087)
        Rows Removed by Filter: 2028430
  ->  Hash  (cost=167588.78..167588.78 rows=1380035 width=8) (actual time=4219.975..4219.975 rows=1380035 loops=1)
        Buckets: 131072  Batches: 32  Memory Usage: 2726kB
        ->  Hash Join  (cost=102767.86..167588.78 rows=1380035 width=8) (actual time=1955.939..3824.635 rows=1380035 loops=1)
              Hash Cond: (mi_idx.movie_id = t.id)
              ->  Seq Scan on movie_info_idx mi_idx  (cost=0.00..21735.35 rows=1380035 width=4) (actual time=0.022..392.200 rows=1380035 loops=1)
              ->  Hash  (cost=61283.27..61283.27 rows=2528527 width=4) (actual time=1954.278..1954.278 rows=2528312 loops=1)
                    Buckets: 131072  Batches: 64  Memory Usage: 2415kB
                    ->  Seq Scan on title t  (cost=0.00..61283.27 rows=2528527 width=4) (actual time=0.015..1105.192 rows=2528312 loops=1)
Planning time: 1.161 ms
Execution time: 9111.580 ms
