Hash Join  (cost=74421.58..784419.86 rows=18028 width=0) (actual time=8004.963..12089.142 rows=17788 loops=1)
  Hash Cond: (ci.movie_id = t.id)
  ->  Seq Scan on cast_info ci  (cost=0.00..705507.15 rows=1149559 width=4) (actual time=7578.221..11405.763 rows=1093558 loops=1)
        Filter: (role_id = 9)
        Rows Removed by Filter: 35150786
  ->  Hash  (cost=73925.90..73925.90 rows=39654 width=4) (actual time=426.364..426.364 rows=37544 loops=1)
        Buckets: 65536  Batches: 1  Memory Usage: 1832kB
        ->  Seq Scan on title t  (cost=0.00..73925.90 rows=39654 width=4) (actual time=51.865..418.027 rows=37544 loops=1)
              Filter: ((production_year > 2004) AND (kind_id = 2))
              Rows Removed by Filter: 2490768
Planning time: 0.790 ms
Execution time: 12091.848 ms
