Hash Join  (cost=138936.05..506455.94 rows=154996 width=0) (actual time=2918.925..9806.398 rows=383320 loops=1)
  Hash Cond: (mi.movie_id = t.id)
  ->  Seq Scan on movie_info mi  (cost=0.00..346232.03 rows=5263441 width=4) (actual time=227.380..5840.507 rows=5270569 loops=1)
        Filter: (info_type_id > 15)
        Rows Removed by Filter: 9565151
  ->  Hash  (cost=138005.31..138005.31 rows=74459 width=8) (actual time=2690.765..2690.765 rows=62484 loops=1)
        Buckets: 131072  Batches: 1  Memory Usage: 3465kB
        ->  Hash Join  (cost=69928.56..138005.31 rows=74459 width=8) (actual time=1133.511..2666.362 rows=62484 loops=1)
              Hash Cond: (mc.movie_id = t.id)
              ->  Seq Scan on movie_companies mc  (cost=0.00..51404.11 rows=1329612 width=4) (actual time=0.034..984.949 rows=1334883 loops=1)
                    Filter: (company_type_id = 2)
                    Rows Removed by Filter: 1274246
              ->  Hash  (cost=67604.59..67604.59 rows=141598 width=4) (actual time=1132.550..1132.550 rows=141703 loops=1)
                    Buckets: 131072  Batches: 2  Memory Usage: 3511kB
                    ->  Seq Scan on title t  (cost=0.00..67604.59 rows=141598 width=4) (actual time=0.021..1081.175 rows=141703 loops=1)
                          Filter: (production_year = 2010)
                          Rows Removed by Filter: 2386609
Planning time: 1.159 ms
Execution time: 9857.179 ms
