Hash Join  (cost=74787.47..163045.71 rows=49164 width=0) (actual time=1660.500..2939.009 rows=10269 loops=1)
  Hash Cond: (mk.movie_id = t.id)
  ->  Seq Scan on movie_keyword mk  (cost=0.00..81003.12 rows=1803594 width=4) (actual time=0.024..1361.629 rows=1802931 loops=1)
        Filter: (keyword_id > 7695)
        Rows Removed by Filter: 2720999
  ->  Hash  (cost=73925.90..73925.90 rows=68925 width=4) (actual time=1255.139..1255.139 rows=84076 loops=1)
        Buckets: 131072  Batches: 1  Memory Usage: 3980kB
        ->  Seq Scan on title t  (cost=0.00..73925.90 rows=68925 width=4) (actual time=142.168..1221.609 rows=84076 loops=1)
              Filter: ((kind_id = 7) AND (production_year = 2007))
              Rows Removed by Filter: 2444236
Planning time: 0.698 ms
Execution time: 2940.682 ms
