Hash Join  (cost=254941.91..850377.24 rows=9110047 width=0) (actual time=6172.187..19117.773 rows=3917664 loops=1)
  Hash Cond: (mi.movie_id = t.id)
  ->  Seq Scan on movie_info mi  (cost=0.00..309384.22 rows=14739122 width=4) (actual time=0.017..6197.530 rows=14835720 loops=1)
  ->  Hash  (cost=229301.31..229301.31 rows=1562848 width=8) (actual time=5299.445..5299.445 rows=390542 loops=1)
        Buckets: 131072  Batches: 32  Memory Usage: 1521kB
        ->  Hash Join  (cost=88257.79..229301.31 rows=1562848 width=8) (actual time=2253.726..5188.277 rows=390542 loops=1)
              Hash Cond: (mk.movie_id = t.id)
              ->  Seq Scan on movie_keyword mk  (cost=0.00..69693.30 rows=4523930 width=4) (actual time=0.017..1452.273 rows=4523930 loops=1)
              ->  Hash  (cost=73925.90..73925.90 rows=873511 width=4) (actual time=1617.450..1617.450 rows=957299 loops=1)
                    Buckets: 131072  Batches: 16  Memory Usage: 3140kB
                    ->  Seq Scan on title t  (cost=0.00..73925.90 rows=873511 width=4) (actual time=0.017..1305.988 rows=957299 loops=1)
                          Filter: ((production_year > 1999) AND (kind_id = 7))
                          Rows Removed by Filter: 1571013
Planning time: 1.132 ms
Execution time: 19514.059 ms
