Hash Join  (cost=172284.45..546453.20 rows=176592 width=0) (actual time=3980.714..10372.511 rows=1176601 loops=1)
  Hash Cond: (mi.movie_id = t.id)
  ->  Seq Scan on movie_info mi  (cost=0.00..346232.03 rows=2194617 width=4) (actual time=668.345..5786.330 rows=2233850 loops=1)
        Filter: (info_type_id > 16)
        Rows Removed by Filter: 12601870
  ->  Hash  (cost=168946.20..168946.20 rows=203460 width=8) (actual time=3311.471..3311.471 rows=203291 loops=1)
        Buckets: 131072  Batches: 4  Memory Usage: 3029kB
        ->  Hash Join  (cost=102767.86..168946.20 rows=203460 width=8) (actual time=1854.069..3244.910 rows=203291 loops=1)
              Hash Cond: (mc.movie_id = t.id)
              ->  Seq Scan on movie_companies mc  (cost=0.00..51404.11 rows=203460 width=4) (actual time=0.041..780.539 rows=203291 loops=1)
                    Filter: (company_id < 67)
                    Rows Removed by Filter: 2405838
              ->  Hash  (cost=61283.27..61283.27 rows=2528527 width=4) (actual time=1852.835..1852.835 rows=2528312 loops=1)
                    Buckets: 131072  Batches: 64  Memory Usage: 2415kB
                    ->  Seq Scan on title t  (cost=0.00..61283.27 rows=2528527 width=4) (actual time=0.016..1006.393 rows=2528312 loops=1)
Planning time: 0.986 ms
Execution time: 10522.690 ms
