Seq Scan on movie_companies mc  (cost=0.00..57926.93 rows=53 width=0) (actual time=448.687..966.043 rows=361 loops=1)
  Filter: ((company_type_id > 1) AND (company_id = 19207))
  Rows Removed by Filter: 2608768
Planning time: 0.369 ms
Execution time: 966.210 ms
