Hash Join  (cost=222619.85..1405732.62 rows=10126553 width=0) (actual time=5086.702..48827.607 rows=61308991 loops=1)
  Hash Cond: (ci.movie_id = t.id)
  ->  Seq Scan on cast_info ci  (cost=0.00..614943.12 rows=36225612 width=4) (actual time=0.023..13214.738 rows=36244344 loops=1)
  ->  Hash  (cost=211022.50..211022.50 rows=706828 width=8) (actual time=5085.505..5085.505 rows=972837 loops=1)
        Buckets: 131072  Batches: 16  Memory Usage: 3463kB
        ->  Hash Join  (cost=80408.18..211022.50 rows=706828 width=8) (actual time=1269.255..4600.786 rows=972837 loops=1)
              Hash Cond: (mk.movie_id = t.id)
              ->  Seq Scan on movie_keyword mk  (cost=0.00..69693.30 rows=4523930 width=4) (actual time=0.020..1341.582 rows=4523930 loops=1)
              ->  Hash  (cost=73925.90..73925.90 rows=395062 width=4) (actual time=1268.449..1268.449 rows=335993 loops=1)
                    Buckets: 131072  Batches: 8  Memory Usage: 2499kB
                    ->  Seq Scan on title t  (cost=0.00..73925.90 rows=395062 width=4) (actual time=0.010..1153.667 rows=335993 loops=1)
                          Filter: ((kind_id < 7) AND (production_year > 2005))
                          Rows Removed by Filter: 2192319
Planning time: 8.406 ms
Execution time: 55420.086 ms
