Seq Scan on movie_keyword mk  (cost=0.00..81003.12 rows=3565099 width=0) (actual time=0.022..1099.860 rows=3554279 loops=1)
  Filter: (keyword_id < 19543)
  Rows Removed by Filter: 969651
Planning time: 0.307 ms
Execution time: 1443.598 ms
