Hash Join  (cost=74730.49..101992.28 rows=35131 width=0) (actual time=1029.150..1644.046 rows=32067 loops=1)
  Hash Cond: (mi_idx.movie_id = t.id)
  ->  Seq Scan on movie_info_idx mi_idx  (cost=0.00..21735.35 rows=1380035 width=4) (actual time=0.012..264.133 rows=1380035 loops=1)
  ->  Hash  (cost=73925.90..73925.90 rows=64367 width=4) (actual time=1028.740..1028.740 rows=53905 loops=1)
        Buckets: 65536  Batches: 1  Memory Usage: 2408kB
        ->  Seq Scan on title t  (cost=0.00..73925.90 rows=64367 width=4) (actual time=0.021..1007.678 rows=53905 loops=1)
              Filter: ((kind_id < 7) AND (production_year = 2012))
              Rows Removed by Filter: 2474407
Planning time: 0.768 ms
Execution time: 1648.761 ms
