Hash Join  (cost=78930.19..436665.51 rows=168194 width=0) (actual time=2807.421..7149.326 rows=173790 loops=1)
  Hash Cond: (mi.movie_id = t.id)
  ->  Seq Scan on movie_info mi  (cost=0.00..346232.03 rows=616095 width=4) (actual time=1215.099..5176.345 rows=598457 loops=1)
        Filter: (info_type_id = 15)
        Rows Removed by Filter: 14237263
  ->  Hash  (cost=67604.59..67604.59 rows=690288 width=4) (actual time=1551.796..1551.796 rows=684146 loops=1)
        Buckets: 131072  Batches: 16  Memory Usage: 2532kB
        ->  Seq Scan on title t  (cost=0.00..67604.59 rows=690288 width=4) (actual time=0.033..1321.230 rows=684146 loops=1)
              Filter: (production_year < 1990)
              Rows Removed by Filter: 1844166
Planning time: 0.968 ms
Execution time: 7169.477 ms
