Hash Join  (cost=110215.89..1054958.61 rows=382097 width=0) (actual time=2146.113..19551.673 rows=513276 loops=1)
  Hash Cond: (ci.movie_id = t.id)
  ->  Seq Scan on cast_info ci  (cost=0.00..796071.18 rows=12501489 width=4) (actual time=0.016..13514.005 rows=10239887 loops=1)
        Filter: ((person_id > 1978470) AND (role_id < 6))
        Rows Removed by Filter: 26004457
  ->  Hash  (cost=108947.86..108947.86 rows=77282 width=8) (actual time=2145.347..2145.347 rows=60683 loops=1)
        Buckets: 131072  Batches: 2  Memory Usage: 2208kB
        ->  Hash Join  (cost=69928.56..108947.86 rows=77282 width=8) (actual time=1188.337..2125.713 rows=60683 loops=1)
              Hash Cond: (mi_idx.movie_id = t.id)
              ->  Seq Scan on movie_info_idx mi_idx  (cost=0.00..21735.35 rows=1380035 width=4) (actual time=0.022..463.052 rows=1380035 loops=1)
              ->  Hash  (cost=67604.59..67604.59 rows=141598 width=4) (actual time=1187.348..1187.348 rows=141703 loops=1)
                    Buckets: 131072  Batches: 2  Memory Usage: 3511kB
                    ->  Seq Scan on title t  (cost=0.00..67604.59 rows=141598 width=4) (actual time=0.031..1135.533 rows=141703 loops=1)
                          Filter: (production_year = 2010)
                          Rows Removed by Filter: 2386609
Planning time: 1.196 ms
Execution time: 19614.156 ms
