Hash Join  (cost=67612.84..152071.98 rows=240 width=0) (actual time=1179.050..2649.279 rows=1263 loops=1)
  Hash Cond: (mk.movie_id = t.id)
  ->  Seq Scan on movie_keyword mk  (cost=0.00..81003.12 rows=920964 width=4) (actual time=0.018..1320.273 rows=915354 loops=1)
        Filter: (keyword_id > 20330)
        Rows Removed by Filter: 3608576
  ->  Hash  (cost=67604.59..67604.59 rows=660 width=4) (actual time=1176.428..1176.428 rows=3515 loops=1)
        Buckets: 4096 (originally 1024)  Batches: 1 (originally 1)  Memory Usage: 156kB
        ->  Seq Scan on title t  (cost=0.00..67604.59 rows=660 width=4) (actual time=0.287..1174.573 rows=3515 loops=1)
              Filter: (production_year > 2013)
              Rows Removed by Filter: 2524797
Planning time: 2.219 ms
Execution time: 2649.674 ms
