Seq Scan on cast_info ci  (cost=0.00..796071.18 rows=4130095 width=0) (actual time=4713.180..15696.168 rows=2886613 loops=1)
  Filter: ((person_id < 3743337) AND (role_id = 10))
  Rows Removed by Filter: 33357731
Planning time: 0.363 ms
Execution time: 16059.628 ms
