Seq Scan on cast_info ci  (cost=0.00..796071.18 rows=166409 width=0) (actual time=276.788..11427.934 rows=225180 loops=1)
  Filter: ((person_id > 3428536) AND (role_id = 8))
  Rows Removed by Filter: 36019164
Planning time: 0.403 ms
Execution time: 11457.085 ms
