Seq Scan on movie_keyword mk  (cost=0.00..81003.12 rows=246 width=0) (actual time=0.223..1244.258 rows=1072 loops=1)
  Filter: (keyword_id = 2354)
  Rows Removed by Filter: 4522858
Planning time: 0.351 ms
Execution time: 1244.745 ms
