Hash Join  (cost=151362.16..1277098.32 rows=8949199 width=0) (actual time=3292.077..38213.118 rows=14783424 loops=1)
  Hash Cond: (ci.movie_id = t.id)
  ->  Seq Scan on cast_info ci  (cost=0.00..614943.12 rows=36225612 width=4) (actual time=0.012..13425.482 rows=36244344 loops=1)
  ->  Hash  (cost=141113.05..141113.05 rows=624649 width=8) (actual time=3291.340..3291.340 rows=532401 loops=1)
        Buckets: 131072  Batches: 16  Memory Usage: 2343kB
        ->  Hash Join  (cost=92703.08..141113.05 rows=624649 width=8) (actual time=1689.232..3135.543 rows=532401 loops=1)
              Hash Cond: (mi_idx.movie_id = t.id)
              ->  Seq Scan on movie_info_idx mi_idx  (cost=0.00..21735.35 rows=1380035 width=4) (actual time=0.012..447.573 rows=1380035 loops=1)
              ->  Hash  (cost=73925.90..73925.90 rows=1144494 width=4) (actual time=1688.143..1688.143 rows=1095581 loops=1)
                    Buckets: 131072  Batches: 16  Memory Usage: 3437kB
                    ->  Seq Scan on title t  (cost=0.00..73925.90 rows=1144494 width=4) (actual time=0.031..1349.942 rows=1095581 loops=1)
                          Filter: ((kind_id > 1) AND (production_year < 2007))
                          Rows Removed by Filter: 1432731
Planning time: 0.777 ms
Execution time: 39923.669 ms
