Seq Scan on title t  (cost=0.00..73925.90 rows=485260 width=0) (actual time=0.183..1189.655 rows=520584 loops=1)
  Filter: ((kind_id > 4) AND (production_year > 2007))
  Rows Removed by Filter: 2007728
Planning time: 0.328 ms
Execution time: 1257.375 ms
