Hash Join  (cost=84374.77..220259.39 rows=1139458 width=0) (actual time=1523.831..5590.615 rows=2864054 loops=1)
  Hash Cond: (mk.movie_id = t.id)
  ->  Seq Scan on movie_keyword mk  (cost=0.00..69693.30 rows=4523930 width=4) (actual time=0.014..1438.587 rows=4523930 loops=1)
  ->  Hash  (cost=73925.90..73925.90 rows=636869 width=4) (actual time=1523.113..1523.113 rows=604590 loops=1)
        Buckets: 131072  Batches: 16  Memory Usage: 2358kB
        ->  Seq Scan on title t  (cost=0.00..73925.90 rows=636869 width=4) (actual time=0.021..1304.470 rows=604590 loops=1)
              Filter: ((production_year > 1913) AND (kind_id = 1))
              Rows Removed by Filter: 1923722
Planning time: 0.775 ms
Execution time: 5926.246 ms
