Hash Join  (cost=95609.14..151010.81 rows=931615 width=0) (actual time=1876.969..3470.539 rows=875032 loops=1)
  Hash Cond: (mi_idx.movie_id = t.id)
  ->  Seq Scan on movie_info_idx mi_idx  (cost=0.00..21735.35 rows=1380035 width=4) (actual time=0.013..423.401 rows=1380035 loops=1)
  ->  Hash  (cost=67604.59..67604.59 rows=1706924 width=4) (actual time=1875.685..1875.685 rows=1700316 loops=1)
        Buckets: 131072  Batches: 32  Memory Usage: 2895kB
        ->  Seq Scan on title t  (cost=0.00..67604.59 rows=1706924 width=4) (actual time=0.023..1331.815 rows=1700316 loops=1)
              Filter: (production_year > 1992)
              Rows Removed by Filter: 827996
Planning time: 0.488 ms
Execution time: 3572.396 ms
