Hash Join  (cost=77561.16..1200676.73 rows=8694140 width=0) (actual time=1224.948..34373.918 rows=7414256 loops=1)
  Hash Cond: (ci.movie_id = t.id)
  ->  Seq Scan on cast_info ci  (cost=0.00..614943.12 rows=36225612 width=4) (actual time=0.014..13281.182 rows=36244344 loops=1)
  ->  Hash  (cost=67604.59..67604.59 rows=606846 width=4) (actual time=1223.941..1223.941 rows=603411 loops=1)
        Buckets: 131072  Batches: 8  Memory Usage: 3668kB
        ->  Seq Scan on title t  (cost=0.00..67604.59 rows=606846 width=4) (actual time=0.006..1040.400 rows=603411 loops=1)
              Filter: (production_year < 1986)
              Rows Removed by Filter: 1924901
Planning time: 0.723 ms
Execution time: 35187.689 ms
