Seq Scan on cast_info ci  (cost=0.00..796071.18 rows=168 width=0) (actual time=6668.168..13376.043 rows=32 loops=1)
  Filter: ((role_id > 3) AND (person_id = 3185650))
  Rows Removed by Filter: 36244312
Planning time: 0.365 ms
Execution time: 13376.168 ms
