Hash Join  (cost=941697.54..1042272.08 rows=177700 width=176) (actual time=17871.202..21027.433 rows=434403 loops=1)
  Hash Cond: (mc.movie_id = t.id)
  ->  Seq Scan on movie_companies mc  (cost=0.00..44881.29 rows=2609129 width=40) (actual time=0.017..938.547 rows=2609129 loops=1)
  ->  Hash  (cost=936180.91..936180.91 rows=172211 width=136) (actual time=17870.624..17870.624 rows=411575 loops=1)
        Buckets: 32768 (originally 32768)  Batches: 16 (originally 8)  Memory Usage: 3962kB
        ->  Hash Join  (cost=109435.59..936180.91 rows=172211 width=136) (actual time=8570.909..17597.309 rows=411575 loops=1)
              Hash Cond: (ci.movie_id = t.id)
              ->  Seq Scan on cast_info ci  (cost=0.00..796071.18 rows=282606 width=42) (actual time=6357.139..14267.924 rows=771353 loops=1)
                    Filter: ((person_id > 2802940) AND (role_id = 9))
                    Rows Removed by Filter: 35472991
              ->  Hash  (cost=67604.59..67604.59 rows=1540800 width=94) (actual time=2211.992..2211.992 rows=1543264 loops=1)
                    Buckets: 32768  Batches: 64  Memory Usage: 3011kB
                    ->  Seq Scan on title t  (cost=0.00..67604.59 rows=1540800 width=94) (actual time=0.021..1536.973 rows=1543264 loops=1)
                          Filter: (kind_id = 7)
                          Rows Removed by Filter: 985048
Planning time: 1.426 ms
Execution time: 21050.865 ms
