Hash Join  (cost=204404.56..1361239.31 rows=11976559 width=0) (actual time=5069.492..48876.706 rows=43889096 loops=1)
  Hash Cond: (ci.movie_id = t.id)
  ->  Seq Scan on cast_info ci  (cost=0.00..614943.12 rows=36225612 width=4) (actual time=0.023..13181.656 rows=36244344 loops=1)
  ->  Hash  (cost=190689.09..190689.09 rows=835957 width=8) (actual time=5068.771..5068.771 rows=1146643 loops=1)
        Buckets: 131072  Batches: 16  Memory Usage: 3798kB
        ->  Hash Join  (cost=102767.86..190689.09 rows=835957 width=8) (actual time=2466.018..4709.615 rows=1146643 loops=1)
              Hash Cond: (mc.movie_id = t.id)
              ->  Seq Scan on movie_companies mc  (cost=0.00..57926.93 rows=835957 width=4) (actual time=453.170..1202.905 rows=1146643 loops=1)
                    Filter: ((company_id < 20577) AND (company_type_id < 2))
                    Rows Removed by Filter: 1462486
              ->  Hash  (cost=61283.27..61283.27 rows=2528527 width=4) (actual time=2011.200..2011.200 rows=2528312 loops=1)
                    Buckets: 131072  Batches: 64  Memory Usage: 2415kB
                    ->  Seq Scan on title t  (cost=0.00..61283.27 rows=2528527 width=4) (actual time=0.019..1159.543 rows=2528312 loops=1)
Planning time: 1.050 ms
Execution time: 53231.295 ms
