Hash Join  (cost=101210.02..144038.58 rows=373423 width=0) (actual time=2100.106..3288.387 rows=377941 loops=1)
  Hash Cond: (mi_idx.movie_id = t.id)
  ->  Seq Scan on movie_info_idx mi_idx  (cost=0.00..25185.44 rows=460978 width=4) (actual time=0.027..501.562 rows=459925 loops=1)
        Filter: (info_type_id = 99)
        Rows Removed by Filter: 920110
  ->  Hash  (cost=67604.59..67604.59 rows=2048275 width=4) (actual time=2098.855..2098.855 rows=2046723 loops=1)
        Buckets: 131072  Batches: 32  Memory Usage: 3276kB
        ->  Seq Scan on title t  (cost=0.00..67604.59 rows=2048275 width=4) (actual time=0.025..1423.163 rows=2046723 loops=1)
              Filter: (production_year > 1972)
              Rows Removed by Filter: 481589
Planning time: 2.549 ms
Execution time: 3331.694 ms
