Seq Scan on movie_keyword mk  (cost=0.00..81003.12 rows=246 width=0) (actual time=3.114..1323.940 rows=989 loops=1)
  Filter: (keyword_id = 8450)
  Rows Removed by Filter: 4522941
Planning time: 0.424 ms
Execution time: 1324.392 ms
