Hash Join  (cost=243978.55..769475.99 rows=4915328 width=0) (actual time=6288.376..50956.918 rows=147132469 loops=1)
  Hash Cond: (mi.movie_id = t.id)
  ->  Seq Scan on movie_info mi  (cost=0.00..346232.03 rows=9767026 width=4) (actual time=0.024..6920.558 rows=9911754 loops=1)
        Filter: (info_type_id > 4)
        Rows Removed by Filter: 4923966
  ->  Hash  (cost=223101.30..223101.30 rows=1272500 width=8) (actual time=6287.076..6287.076 rows=2402172 loops=1)
        Buckets: 131072 (originally 131072)  Batches: 64 (originally 32)  Memory Usage: 3997kB
        ->  Hash Join  (cost=85595.27..223101.30 rows=1272500 width=8) (actual time=1782.306..5699.175 rows=2402172 loops=1)
              Hash Cond: (mk.movie_id = t.id)
              ->  Seq Scan on movie_keyword mk  (cost=0.00..69693.30 rows=4523930 width=4) (actual time=0.024..1489.976 rows=4523930 loops=1)
              ->  Hash  (cost=73925.90..73925.90 rows=711229 width=4) (actual time=1781.485..1781.485 rows=612155 loops=1)
                    Buckets: 131072  Batches: 16  Memory Usage: 2377kB
                    ->  Seq Scan on title t  (cost=0.00..73925.90 rows=711229 width=4) (actual time=0.268..1320.827 rows=612155 loops=1)
                          Filter: ((kind_id < 7) AND (production_year > 1987))
                          Rows Removed by Filter: 1916157
Planning time: 1.093 ms
Execution time: 67346.446 ms
