Hash Join  (cost=84497.07..125113.04 rows=233191 width=0) (actual time=1484.337..2644.761 rows=366354 loops=1)
  Hash Cond: (mi_idx.movie_id = t.id)
  ->  Seq Scan on movie_info_idx mi_idx  (cost=0.00..25185.44 rows=915101 width=4) (actual time=0.023..567.214 rows=919850 loops=1)
        Filter: (info_type_id < 101)
        Rows Removed by Filter: 460185
  ->  Hash  (cost=73925.90..73925.90 rows=644333 width=4) (actual time=1483.244..1483.244 rows=544419 loops=1)
        Buckets: 131072  Batches: 16  Memory Usage: 2215kB
        ->  Seq Scan on title t  (cost=0.00..73925.90 rows=644333 width=4) (actual time=0.033..1307.182 rows=544419 loops=1)
              Filter: ((kind_id < 7) AND (production_year > 1994))
              Rows Removed by Filter: 1983893
Planning time: 0.789 ms
Execution time: 2686.374 ms
