Hash Join  (cost=116525.17..1161676.99 rows=1104671 width=0) (actual time=2025.359..28023.375 rows=1236702 loops=1)
  Hash Cond: (ci.movie_id = t.id)
  ->  Seq Scan on cast_info ci  (cost=0.00..614943.12 rows=36225612 width=4) (actual time=0.018..13243.698 rows=36244344 loops=1)
  ->  Hash  (cost=115259.36..115259.36 rows=77105 width=8) (actual time=2024.496..2024.496 rows=30861 loops=1)
        Buckets: 131072  Batches: 2  Memory Usage: 1627kB
        ->  Hash Join  (cost=76243.83..115259.36 rows=77105 width=8) (actual time=1161.775..2015.853 rows=30861 loops=1)
              Hash Cond: (mi_idx.movie_id = t.id)
              ->  Seq Scan on movie_info_idx mi_idx  (cost=0.00..21735.35 rows=1380035 width=4) (actual time=0.021..399.279 rows=1380035 loops=1)
              ->  Hash  (cost=73925.90..73925.90 rows=141274 width=4) (actual time=1161.015..1161.015 rows=150659 loops=1)
                    Buckets: 131072  Batches: 2  Memory Usage: 3673kB
                    ->  Seq Scan on title t  (cost=0.00..73925.90 rows=141274 width=4) (actual time=0.021..1105.708 rows=150659 loops=1)
                          Filter: ((production_year > 2011) AND (kind_id = 7))
                          Rows Removed by Filter: 2377653
Planning time: 1.083 ms
Execution time: 28173.844 ms
