Seq Scan on cast_info ci  (cost=0.00..796071.18 rows=14744952 width=0) (actual time=7622.995..15590.119 rows=12982246 loops=1)
  Filter: ((person_id > 1376422) AND (role_id < 4))
  Rows Removed by Filter: 23262098
Planning time: 0.333 ms
Execution time: 17179.350 ms
