Seq Scan on cast_info ci  (cost=0.00..796071.18 rows=30336320 width=0) (actual time=0.023..17580.729 rows=31605208 loops=1)
  Filter: ((person_id < 3786734) AND (role_id < 10))
  Rows Removed by Filter: 4639136
Planning time: 0.389 ms
Execution time: 21338.227 ms
