Seq Scan on movie_companies mc  (cost=0.00..51404.11 rows=2276215 width=0) (actual time=0.026..964.469 rows=2280116 loops=1)
  Filter: (company_id > 160)
  Rows Removed by Filter: 329013
Planning time: 0.295 ms
Execution time: 1276.832 ms
