Hash Join  (cost=67697.55..422223.94 rows=6455 width=0) (actual time=1381.346..6891.086 rows=3589 loops=1)
  Hash Cond: (mi.movie_id = t.id)
  ->  Seq Scan on movie_info mi  (cost=0.00..346232.03 rows=2194617 width=4) (actual time=234.650..5481.774 rows=2233850 loops=1)
        Filter: (info_type_id > 16)
        Rows Removed by Filter: 12601870
  ->  Hash  (cost=67604.59..67604.59 rows=7437 width=4) (actual time=1041.215..1041.215 rows=5835 loops=1)
        Buckets: 8192  Batches: 1  Memory Usage: 270kB
        ->  Seq Scan on title t  (cost=0.00..67604.59 rows=7437 width=4) (actual time=0.031..1038.637 rows=5835 loops=1)
              Filter: (production_year = 1916)
              Rows Removed by Filter: 2522477
Planning time: 0.751 ms
Execution time: 6891.860 ms
