Hash Join  (cost=219144.20..738134.08 rows=3672296 width=0) (actual time=4644.500..25737.091 rows=35094081 loops=1)
  Hash Cond: (mi.movie_id = t.id)
  ->  Seq Scan on movie_info mi  (cost=0.00..309384.22 rows=14739122 width=4) (actual time=0.014..6311.858 rows=14835720 loops=1)
  ->  Hash  (cost=208808.32..208808.32 rows=629990 width=8) (actual time=4642.994..4642.994 rows=640368 loops=1)
        Buckets: 131072  Batches: 16  Memory Usage: 2698kB
        ->  Hash Join  (cost=102767.86..208808.32 rows=629990 width=8) (actual time=2063.716..4446.431 rows=640368 loops=1)
              Hash Cond: (mk.movie_id = t.id)
              ->  Seq Scan on movie_keyword mk  (cost=0.00..81003.12 rows=629990 width=4) (actual time=21.013..1409.298 rows=640368 loops=1)
                    Filter: (keyword_id > 29029)
                    Rows Removed by Filter: 3883562
              ->  Hash  (cost=61283.27..61283.27 rows=2528527 width=4) (actual time=2041.596..2041.596 rows=2528312 loops=1)
                    Buckets: 131072  Batches: 64  Memory Usage: 2425kB
                    ->  Seq Scan on title t  (cost=0.00..61283.27 rows=2528527 width=4) (actual time=0.023..1141.079 rows=2528312 loops=1)
Planning time: 1.182 ms
Execution time: 29584.589 ms
