Seq Scan on cast_info ci  (cost=0.00..796071.18 rows=176 width=0) (actual time=4275.175..12747.250 rows=114 loops=1)
  Filter: ((role_id < 2) AND (person_id = 718076))
  Rows Removed by Filter: 36244230
Planning time: 0.411 ms
Execution time: 12747.388 ms
