Hash Join  (cost=102767.86..221207.05 rows=1145235 width=0) (actual time=2266.878..5299.180 rows=1157902 loops=1)
  Hash Cond: (mk.movie_id = t.id)
  ->  Seq Scan on movie_keyword mk  (cost=0.00..81003.12 rows=1145235 width=4) (actual time=0.021..1487.820 rows=1157902 loops=1)
        Filter: (keyword_id > 16131)
        Rows Removed by Filter: 3366028
  ->  Hash  (cost=61283.27..61283.27 rows=2528527 width=4) (actual time=2265.089..2265.089 rows=2528312 loops=1)
        Buckets: 131072  Batches: 64  Memory Usage: 2425kB
        ->  Seq Scan on title t  (cost=0.00..61283.27 rows=2528527 width=4) (actual time=0.035..1093.611 rows=2528312 loops=1)
Planning time: 0.754 ms
Execution time: 5432.957 ms
