Hash Join  (cost=160403.10..291117.49 rows=715035 width=0) (actual time=3267.988..7941.903 rows=5330347 loops=1)
  Hash Cond: (mk.movie_id = t.id)
  ->  Seq Scan on movie_keyword mk  (cost=0.00..69693.30 rows=4523930 width=4) (actual time=0.018..1470.491 rows=4523930 loops=1)
  ->  Hash  (cost=153845.49..153845.49 rows=399649 width=8) (actual time=3267.218..3267.218 rows=277538 loops=1)
        Buckets: 131072  Batches: 8  Memory Usage: 2373kB
        ->  Hash Join  (cost=80562.70..153845.49 rows=399649 width=8) (actual time=1388.447..3184.817 rows=277538 loops=1)
              Hash Cond: (mc.movie_id = t.id)
              ->  Seq Scan on movie_companies mc  (cost=0.00..51404.11 rows=1279517 width=4) (actual time=0.025..1006.495 rows=1274246 loops=1)
                    Filter: (company_type_id = 1)
                    Rows Removed by Filter: 1334883
              ->  Hash  (cost=67604.59..67604.59 rows=789769 width=4) (actual time=1387.360..1387.360 rows=784926 loops=1)
                    Buckets: 131072  Batches: 16  Memory Usage: 2749kB
                    ->  Seq Scan on title t  (cost=0.00..67604.59 rows=789769 width=4) (actual time=0.023..1129.818 rows=784926 loops=1)
                          Filter: (production_year > 2007)
                          Rows Removed by Filter: 1743386
Planning time: 1.132 ms
Execution time: 8502.732 ms
