Hash Join  (cost=798790.68..1163458.09 rows=1148 width=0) (actual time=14093.786..20702.567 rows=1344 loops=1)
  Hash Cond: (mi.movie_id = t.id)
  ->  Seq Scan on movie_info mi  (cost=0.00..309384.22 rows=14739122 width=4) (actual time=0.012..4235.404 rows=14835720 loops=1)
  ->  Hash  (cost=798788.22..798788.22 rows=197 width=8) (actual time=13713.854..13713.854 rows=138 loops=1)
        Buckets: 1024  Batches: 1  Memory Usage: 14kB
        ->  Nested Loop  (cost=0.43..798788.22 rows=197 width=8) (actual time=11851.378..13713.773 rows=138 loops=1)
              ->  Seq Scan on cast_info ci  (cost=0.00..796071.18 rows=324 width=4) (actual time=405.447..13711.168 rows=159 loops=1)
                    Filter: ((role_id > 1) AND (person_id = 2217956))
                    Rows Removed by Filter: 36244185
              ->  Index Scan using title_pkey on title t  (cost=0.43..8.38 rows=1 width=4) (actual time=0.015..0.016 rows=1 loops=159)
                    Index Cond: (id = ci.movie_id)
                    Filter: (kind_id = 7)
                    Rows Removed by Filter: 0
Planning time: 1.149 ms
Execution time: 20702.987 ms
