Seq Scan on movie_companies mc  (cost=0.00..57926.93 rows=755037 width=0) (actual time=6.455..903.513 rows=972142 loops=1)
  Filter: ((company_id > 8008) AND (company_type_id > 1))
  Rows Removed by Filter: 1636987
Planning time: 0.319 ms
Execution time: 1016.777 ms
