Seq Scan on cast_info ci  (cost=0.00..705507.15 rows=500 width=0) (actual time=8223.178..10875.430 rows=2 loops=1)
  Filter: (person_id = 3205809)
  Rows Removed by Filter: 36244342
Planning time: 0.376 ms
Execution time: 10875.558 ms
