Seq Scan on movie_keyword mk  (cost=0.00..81003.12 rows=2009664 width=0) (actual time=0.019..1463.767 rows=2014859 loops=1)
  Filter: (keyword_id < 3595)
  Rows Removed by Filter: 2509071
Planning time: 0.354 ms
Execution time: 1725.632 ms
