Hash Join  (cost=148102.54..273099.56 rows=245798 width=0) (actual time=3306.623..8051.126 rows=4650795 loops=1)
  Hash Cond: (mk.movie_id = t.id)
  ->  Seq Scan on movie_keyword mk  (cost=0.00..69693.30 rows=4523930 width=4) (actual time=0.016..1307.985 rows=4523930 loops=1)
  ->  Hash  (cost=145848.26..145848.26 rows=137382 width=8) (actual time=3302.908..3302.908 rows=314873 loops=1)
        Buckets: 131072 (originally 131072)  Batches: 8 (originally 2)  Memory Usage: 3073kB
        ->  Hash Join  (cost=72956.84..145848.26 rows=137382 width=8) (actual time=1447.406..3182.688 rows=314873 loops=1)
              Hash Cond: (mc.movie_id = t.id)
              ->  Seq Scan on movie_companies mc  (cost=0.00..57926.93 rows=1064979 width=4) (actual time=193.398..1191.309 rows=1274246 loops=1)
                    Filter: ((company_id < 77966) AND (company_type_id < 2))
                    Rows Removed by Filter: 1334883
              ->  Hash  (cost=67604.59..67604.59 rows=326180 width=4) (actual time=1252.825..1252.825 rows=323245 loops=1)
                    Buckets: 131072  Batches: 8  Memory Usage: 2437kB
                    ->  Seq Scan on title t  (cost=0.00..67604.59 rows=326180 width=4) (actual time=0.025..1137.192 rows=323245 loops=1)
                          Filter: (production_year < 1967)
                          Rows Removed by Filter: 2205067
Planning time: 2.064 ms
Execution time: 8601.935 ms
