Hash Join  (cost=80661.47..185857.99 rows=278132 width=0) (actual time=1432.038..4202.958 rows=841817 loops=1)
  Hash Cond: (mk.movie_id = t.id)
  ->  Seq Scan on movie_keyword mk  (cost=0.00..81003.12 rows=1713087 width=4) (actual time=0.022..1467.436 rows=1719429 loops=1)
        Filter: (keyword_id > 8252)
        Rows Removed by Filter: 2804501
  ->  Hash  (cost=73925.90..73925.90 rows=410525 width=4) (actual time=1430.969..1430.969 rows=456146 loops=1)
        Buckets: 131072  Batches: 8  Memory Usage: 3048kB
        ->  Seq Scan on title t  (cost=0.00..73925.90 rows=410525 width=4) (actual time=624.205..1282.498 rows=456146 loops=1)
              Filter: ((production_year < 2007) AND (kind_id = 1))
              Rows Removed by Filter: 2072166
Planning time: 0.787 ms
Execution time: 4311.240 ms
