Seq Scan on cast_info ci  (cost=0.00..796071.18 rows=10403684 width=0) (actual time=0.026..14854.956 rows=12670688 loops=1)
  Filter: ((person_id < 2990656) AND (role_id < 2))
  Rows Removed by Filter: 23573656
Planning time: 3.543 ms
Execution time: 16282.683 ms
