Hash Join  (cost=102767.86..194350.10 rows=1259208 width=0) (actual time=1882.761..4257.110 rows=1253304 loops=1)
  Hash Cond: (mc.movie_id = t.id)
  ->  Seq Scan on movie_companies mc  (cost=0.00..51404.11 rows=1259208 width=4) (actual time=0.015..945.388 rows=1253304 loops=1)
        Filter: (company_id < 11156)
        Rows Removed by Filter: 1355825
  ->  Hash  (cost=61283.27..61283.27 rows=2528527 width=4) (actual time=1881.296..1881.296 rows=2528312 loops=1)
        Buckets: 131072  Batches: 64  Memory Usage: 2415kB
        ->  Seq Scan on title t  (cost=0.00..61283.27 rows=2528527 width=4) (actual time=0.012..1009.780 rows=2528312 loops=1)
Planning time: 0.511 ms
Execution time: 4415.964 ms
