Hash Join  (cost=146868.26..231212.63 rows=674184 width=0) (actual time=3363.623..6218.871 rows=2354669 loops=1)
  Hash Cond: (mc.movie_id = t.id)
  ->  Seq Scan on movie_companies mc  (cost=0.00..44881.29 rows=2609129 width=4) (actual time=0.021..919.506 rows=2609129 loops=1)
  ->  Hash  (cost=136148.30..136148.30 rows=653357 width=8) (actual time=3362.441..3362.441 rows=794821 loops=1)
        Buckets: 131072  Batches: 16  Memory Usage: 2976kB
        ->  Hash Join  (cost=87245.25..136148.30 rows=653357 width=8) (actual time=1650.053..3127.033 rows=794821 loops=1)
              Hash Cond: (mi_idx.movie_id = t.id)
              ->  Seq Scan on movie_info_idx mi_idx  (cost=0.00..21735.35 rows=1380035 width=4) (actual time=0.022..407.282 rows=1380035 loops=1)
              ->  Hash  (cost=67604.59..67604.59 rows=1197093 width=4) (actual time=1649.086..1649.086 rows=1195923 loops=1)
                    Buckets: 131072  Batches: 16  Memory Usage: 3653kB
                    ->  Seq Scan on title t  (cost=0.00..67604.59 rows=1197093 width=4) (actual time=0.013..1277.268 rows=1195923 loops=1)
                          Filter: (production_year < 2003)
                          Rows Removed by Filter: 1332389
Planning time: 1.046 ms
Execution time: 6493.123 ms
