Hash Join  (cost=78724.21..207101.16 rows=523192 width=0) (actual time=1532.919..4490.553 rows=769466 loops=1)
  Hash Cond: (mk.movie_id = t.id)
  ->  Seq Scan on movie_keyword mk  (cost=0.00..69693.30 rows=4523930 width=4) (actual time=0.015..1437.460 rows=4523930 loops=1)
  ->  Hash  (cost=73925.90..73925.90 rows=292424 width=4) (actual time=1160.086..1160.086 rows=231739 loops=1)
        Buckets: 131072  Batches: 4  Memory Usage: 3074kB
        ->  Seq Scan on title t  (cost=0.00..73925.90 rows=292424 width=4) (actual time=400.350..1083.049 rows=231739 loops=1)
              Filter: ((production_year > 2004) AND (kind_id = 1))
              Rows Removed by Filter: 2296573
Planning time: 0.747 ms
Execution time: 4585.927 ms
