Seq Scan on movie_keyword mk  (cost=0.00..81003.12 rows=3851029 width=0) (actual time=0.021..1582.065 rows=3850701 loops=1)
  Filter: (keyword_id > 536)
  Rows Removed by Filter: 673229
Planning time: 0.331 ms
Execution time: 2054.655 ms
