Hash Join  (cost=883829.90..971037.08 rows=54915 width=0) (actual time=15696.429..17352.372 rows=355768 loops=1)
  Hash Cond: (mk.movie_id = t.id)
  ->  Seq Scan on movie_keyword mk  (cost=0.00..69693.30 rows=4523930 width=4) (actual time=0.022..972.044 rows=4523930 loops=1)
  ->  Hash  (cost=883446.23..883446.23 rows=30693 width=8) (actual time=14781.686..14781.686 rows=167132 loops=1)
        Buckets: 131072 (originally 32768)  Batches: 2 (originally 1)  Memory Usage: 4254kB
        ->  Hash Join  (cost=75199.97..883446.23 rows=30693 width=8) (actual time=4964.781..14722.490 rows=167132 loops=1)
              Hash Cond: (ci.movie_id = t.id)
              ->  Seq Scan on cast_info ci  (cost=0.00..796071.18 rows=1000042 width=4) (actual time=3678.633..12328.059 rows=3022165 loops=1)
                    Filter: ((person_id > 2848507) AND (role_id = 10))
                    Rows Removed by Filter: 33222179
              ->  Hash  (cost=73925.90..73925.90 rows=77605 width=4) (actual time=1284.844..1284.844 rows=84684 loops=1)
                    Buckets: 131072  Batches: 2  Memory Usage: 2512kB
                    ->  Seq Scan on title t  (cost=0.00..73925.90 rows=77605 width=4) (actual time=0.048..1251.690 rows=84684 loops=1)
                          Filter: ((kind_id = 7) AND (production_year = 2009))
                          Rows Removed by Filter: 2443628
Planning time: 1.097 ms
Execution time: 17398.759 ms
