Nested Loop  (cost=0.43..52283.69 rows=104 width=0) (actual time=131.245..801.340 rows=132 loops=1)
  ->  Seq Scan on movie_companies mc  (cost=0.00..51404.11 rows=104 width=4) (actual time=131.158..799.514 rows=132 loops=1)
        Filter: (company_id = 77362)
        Rows Removed by Filter: 2608997
  ->  Index Only Scan using title_pkey on title t  (cost=0.43..8.45 rows=1 width=4) (actual time=0.013..0.013 rows=1 loops=132)
        Index Cond: (id = mc.movie_id)
        Heap Fetches: 132
Planning time: 0.735 ms
Execution time: 801.444 ms
