Seq Scan on cast_info ci  (cost=0.00..705507.15 rows=500 width=0) (actual time=638.452..10468.424 rows=19 loops=1)
  Filter: (person_id = 914804)
  Rows Removed by Filter: 36244325
Planning time: 0.382 ms
Execution time: 10468.525 ms
