Seq Scan on title t  (cost=0.00..73925.90 rows=727101 width=0) (actual time=0.018..1117.422 rows=796159 loops=1)
  Filter: ((production_year > 2003) AND (kind_id = 7))
  Rows Removed by Filter: 1732153
Planning time: 0.375 ms
Execution time: 1223.431 ms
