Seq Scan on cast_info ci  (cost=0.00..796071.18 rows=332 width=0) (actual time=5742.968..14512.406 rows=155 loops=1)
  Filter: ((role_id < 4) AND (person_id = 1954011))
  Rows Removed by Filter: 36244189
Planning time: 0.278 ms
Execution time: 14512.543 ms
