Seq Scan on movie_companies mc  (cost=0.00..57926.93 rows=51 width=0) (actual time=55.900..880.760 rows=501 loops=1)
  Filter: ((company_type_id < 2) AND (company_id = 2853))
  Rows Removed by Filter: 2608628
Planning time: 0.365 ms
Execution time: 880.991 ms
