Nested Loop  (cost=32749.09..152375.85 rows=6488 width=0) (actual time=572.281..2328.048 rows=24334 loops=1)
  ->  Hash Join  (cost=32748.66..122414.06 rows=35337 width=8) (actual time=572.220..1921.291 rows=24334 loops=1)
        Hash Cond: (mk.movie_id = mi_idx.movie_id)
        ->  Seq Scan on movie_keyword mk  (cost=0.00..81003.12 rows=35588 width=4) (actual time=0.075..1236.818 rows=34710 loops=1)
              Filter: (keyword_id = 2488)
              Rows Removed by Filter: 4489220
        ->  Hash  (cost=25185.44..25185.44 rows=460978 width=4) (actual time=571.123..571.123 rows=459925 loops=1)
              Buckets: 131072  Batches: 8  Memory Usage: 3059kB
              ->  Seq Scan on movie_info_idx mi_idx  (cost=0.00..25185.44 rows=460978 width=4) (actual time=0.022..430.326 rows=459925 loops=1)
                    Filter: (info_type_id < 100)
                    Rows Removed by Filter: 920110
  ->  Index Only Scan using title_pkey on title t  (cost=0.43..0.84 rows=1 width=4) (actual time=0.016..0.016 rows=1 loops=24334)
        Index Cond: (id = mi_idx.movie_id)
        Heap Fetches: 24334
Planning time: 1.825 ms
Execution time: 2333.869 ms
