Seq Scan on movie_keyword mk  (cost=0.00..81003.12 rows=246 width=0) (actual time=878.169..1208.783 rows=1 loops=1)
  Filter: (keyword_id = 92237)
  Rows Removed by Filter: 4523929
Planning time: 0.453 ms
Execution time: 1208.876 ms
