Seq Scan on title t  (cost=0.00..73925.90 rows=174902 width=0) (actual time=0.019..604.009 rows=160286 loops=1)
  Filter: ((production_year > 2008) AND (kind_id = 1))
  Rows Removed by Filter: 2368026
Planning time: 0.391 ms
Execution time: 621.285 ms
