Hash Join  (cost=299355.01..972544.64 rows=13808293 width=0) (actual time=6029.142..21764.503 rows=5952129 loops=1)
  Hash Cond: (mi.movie_id = t.id)
  ->  Seq Scan on movie_info mi  (cost=0.00..346232.03 rows=12665229 width=4) (actual time=0.015..7370.055 rows=12744652 loops=1)
        Filter: (info_type_id > 2)
        Rows Removed by Filter: 2091068
  ->  Hash  (cost=254126.86..254126.86 rows=2756732 width=8) (actual time=6028.375..6028.375 rows=645461 loops=1)
        Buckets: 131072  Batches: 64  Memory Usage: 1408kB
        ->  Hash Join  (cost=92883.59..254126.86 rows=2756732 width=8) (actual time=1997.577..5837.333 rows=645461 loops=1)
              Hash Cond: (mk.movie_id = t.id)
              ->  Seq Scan on movie_keyword mk  (cost=0.00..69693.30 rows=4523930 width=4) (actual time=0.013..1388.034 rows=4523930 loops=1)
              ->  Hash  (cost=67604.59..67604.59 rows=1540800 width=4) (actual time=1831.957..1831.957 rows=1543264 loops=1)
                    Buckets: 131072  Batches: 32  Memory Usage: 2728kB
                    ->  Seq Scan on title t  (cost=0.00..67604.59 rows=1540800 width=4) (actual time=0.028..1324.966 rows=1543264 loops=1)
                          Filter: (kind_id > 6)
                          Rows Removed by Filter: 985048
Planning time: 1.321 ms
Execution time: 22453.521 ms
