Seq Scan on movie_companies mc  (cost=0.00..57926.93 rows=51 width=0) (actual time=8.723..976.408 rows=347 loops=1)
  Filter: ((company_type_id < 2) AND (company_id = 295))
  Rows Removed by Filter: 2608782
Planning time: 0.720 ms
Execution time: 976.611 ms
