Hash Join  (cost=203024.39..1085182.98 rows=1391363 width=0) (actual time=9349.780..26297.893 rows=17454452 loops=1)
  Hash Cond: (ci.movie_id = t.id)
  ->  Seq Scan on cast_info ci  (cost=0.00..796071.18 rows=6045273 width=4) (actual time=4503.306..13554.564 rows=7168988 loops=1)
        Filter: ((person_id < 883585) AND (role_id < 4))
        Rows Removed by Filter: 29075356
  ->  Hash  (cost=193475.90..193475.90 rows=581959 width=8) (actual time=4844.251..4844.251 rows=1406320 loops=1)
        Buckets: 131072 (originally 131072)  Batches: 32 (originally 8)  Memory Usage: 3073kB
        ->  Hash Join  (cost=78556.72..193475.90 rows=581959 width=8) (actual time=1710.052..4476.621 rows=1406320 loops=1)
              Hash Cond: (mk.movie_id = t.id)
              ->  Seq Scan on movie_keyword mk  (cost=0.00..81003.12 rows=2204389 width=4) (actual time=0.044..1610.309 rows=2202944 loops=1)
                    Filter: (keyword_id > 5063)
                    Rows Removed by Filter: 2320986
              ->  Hash  (cost=67604.59..67604.59 rows=667531 width=4) (actual time=1487.987..1487.987 rows=662825 loops=1)
                    Buckets: 131072  Batches: 16  Memory Usage: 2486kB
                    ->  Seq Scan on title t  (cost=0.00..67604.59 rows=667531 width=4) (actual time=0.020..1273.126 rows=662825 loops=1)
                          Filter: (kind_id = 1)
                          Rows Removed by Filter: 1865487
Planning time: 0.813 ms
Execution time: 28207.658 ms
