Hash Join  (cost=78144.34..1149783.04 rows=3683053 width=0) (actual time=1282.332..32815.141 rows=5127403 loops=1)
  Hash Cond: (ci.movie_id = t.id)
  ->  Seq Scan on cast_info ci  (cost=0.00..614943.12 rows=36225612 width=4) (actual time=0.034..12857.723 rows=36244344 loops=1)
  ->  Hash  (cost=73925.90..73925.90 rows=257075 width=4) (actual time=1281.316..1281.316 rows=366618 loops=1)
        Buckets: 131072 (originally 131072)  Batches: 8 (originally 4)  Memory Usage: 3073kB
        ->  Seq Scan on title t  (cost=0.00..73925.90 rows=257075 width=4) (actual time=299.060..1159.772 rows=366618 loops=1)
              Filter: ((production_year < 1999) AND (kind_id = 1))
              Rows Removed by Filter: 2161694
Planning time: 4.872 ms
Execution time: 33427.905 ms
