Seq Scan on movie_companies mc  (cost=0.00..51404.11 rows=1748630 width=0) (actual time=0.021..993.405 rows=1740913 loops=1)
  Filter: (company_id < 23805)
  Rows Removed by Filter: 868216
Planning time: 0.339 ms
Execution time: 1212.673 ms
