Hash Join  (cost=74080.54..130535.75 rows=6505 width=0) (actual time=1608.086..2209.843 rows=2 loops=1)
  Hash Cond: (mc.movie_id = t.id)
  ->  Seq Scan on movie_companies mc  (cost=0.00..51404.11 rows=1329612 width=4) (actual time=164.085..967.698 rows=1334883 loops=1)
        Filter: (company_type_id > 1)
        Rows Removed by Filter: 1274246
  ->  Hash  (cost=73925.90..73925.90 rows=12371 width=4) (actual time=1036.066..1036.066 rows=3 loops=1)
        Buckets: 16384  Batches: 1  Memory Usage: 129kB
        ->  Seq Scan on title t  (cost=0.00..73925.90 rows=12371 width=4) (actual time=52.765..1036.054 rows=3 loops=1)
              Filter: ((production_year < 1963) AND (kind_id = 4))
              Rows Removed by Filter: 2528309
Planning time: 1.035 ms
Execution time: 2209.992 ms
