Seq Scan on movie_companies mc  (cost=0.00..57926.93 rows=142561 width=0) (actual time=232.995..1032.693 rows=220009 loops=1)
  Filter: ((company_id < 159) AND (company_type_id = 1))
  Rows Removed by Filter: 2389120
Planning time: 1.145 ms
Execution time: 1061.304 ms
