Nested Loop  (cost=0.43..709674.40 rows=125 width=0) (actual time=6250.801..10863.430 rows=4 loops=1)
  ->  Seq Scan on cast_info ci  (cost=0.00..705507.15 rows=500 width=4) (actual time=6250.619..10804.987 rows=2422 loops=1)
        Filter: (person_id = 3340340)
        Rows Removed by Filter: 36241922
  ->  Index Scan using title_pkey on title t  (cost=0.43..8.32 rows=1 width=4) (actual time=0.024..0.024 rows=0 loops=2422)
        Index Cond: (id = ci.movie_id)
        Filter: ((production_year < 2013) AND (kind_id = 1))
        Rows Removed by Filter: 1
Planning time: 0.868 ms
Execution time: 10863.545 ms
