Seq Scan on movie_keyword mk  (cost=0.00..81003.12 rows=3934054 width=0) (actual time=0.024..1461.035 rows=3934520 loops=1)
  Filter: (keyword_id < 31158)
  Rows Removed by Filter: 589410
Planning time: 0.339 ms
Execution time: 1927.949 ms
