Hash Join  (cost=102767.86..1192727.98 rows=11803012 width=0) (actual time=9750.128..28059.245 rows=10815668 loops=1)
  Hash Cond: (ci.movie_id = t.id)
  ->  Seq Scan on cast_info ci  (cost=0.00..796071.18 rows=11803012 width=4) (actual time=7861.202..16884.789 rows=10815668 loops=1)
        Filter: ((person_id > 249169) AND (role_id = 1))
        Rows Removed by Filter: 25428676
  ->  Hash  (cost=61283.27..61283.27 rows=2528527 width=4) (actual time=1887.650..1887.650 rows=2528312 loops=1)
        Buckets: 131072  Batches: 64  Memory Usage: 2415kB
        ->  Seq Scan on title t  (cost=0.00..61283.27 rows=2528527 width=4) (actual time=0.019..1055.751 rows=2528312 loops=1)
Planning time: 0.830 ms
Execution time: 29305.805 ms
