Hash Join  (cost=144798.85..276087.94 rows=762206 width=0) (actual time=3956.389..6654.997 rows=581392 loops=1)
  Hash Cond: (mk.movie_id = t.id)
  ->  Seq Scan on movie_keyword mk  (cost=0.00..69693.30 rows=4523930 width=4) (actual time=2.334..1396.085 rows=4523930 loops=1)
  ->  Hash  (cost=137808.67..137808.67 rows=426014 width=8) (actual time=3258.141..3258.141 rows=232880 loops=1)
        Buckets: 131072  Batches: 8  Memory Usage: 2166kB
        ->  Hash Join  (cost=93155.63..137808.67 rows=426014 width=8) (actual time=2370.040..3186.675 rows=232880 loops=1)
              Hash Cond: (mi_idx.movie_id = t.id)
              ->  Seq Scan on movie_info_idx mi_idx  (cost=0.00..25185.44 rows=919057 width=4) (actual time=0.032..529.250 rows=920110 loops=1)
                    Filter: (info_type_id > 99)
                    Rows Removed by Filter: 459925
              ->  Hash  (cost=73925.90..73925.90 rows=1172058 width=4) (actual time=1976.320..1976.320 rows=1128906 loops=1)
                    Buckets: 131072  Batches: 16  Memory Usage: 3503kB
                    ->  Seq Scan on title t  (cost=0.00..73925.90 rows=1172058 width=4) (actual time=0.020..1376.811 rows=1128906 loops=1)
                          Filter: ((production_year < 2010) AND (kind_id = 7))
                          Rows Removed by Filter: 1399406
Planning time: 1.159 ms
Execution time: 6727.106 ms
