Hash Join  (cost=76277.08..201402.87 rows=256375 width=0) (actual time=2411.396..3661.011 rows=25826 loops=1)
  Hash Cond: (mk.movie_id = t.id)
  ->  Seq Scan on movie_keyword mk  (cost=0.00..69693.30 rows=4523930 width=4) (actual time=0.025..1271.099 rows=4523930 loops=1)
  ->  Hash  (cost=73925.90..73925.90 rows=143294 width=4) (actual time=1063.830..1063.830 rows=39745 loops=1)
        Buckets: 131072  Batches: 2  Memory Usage: 1727kB
        ->  Seq Scan on title t  (cost=0.00..73925.90 rows=143294 width=4) (actual time=0.032..1047.081 rows=39745 loops=1)
              Filter: ((production_year < 1959) AND (kind_id = 7))
              Rows Removed by Filter: 2488567
Planning time: 0.849 ms
Execution time: 3664.283 ms
