Hash Join  (cost=183032.52..225117.70 rows=255970 width=0) (actual time=3757.568..5020.687 rows=677144 loops=1)
  Hash Cond: (mi_idx.movie_id = t.id)
  ->  Seq Scan on movie_info_idx mi_idx  (cost=0.00..21735.35 rows=1380035 width=4) (actual time=2.369..458.203 rows=1380035 loops=1)
  ->  Hash  (cost=175337.11..175337.11 rows=468993 width=8) (actual time=3754.135..3754.135 rows=466280 loops=1)
        Buckets: 131072  Batches: 8  Memory Usage: 3310kB
        ->  Hash Join  (cost=102767.86..175337.11 rows=468993 width=8) (actual time=2008.171..3627.682 rows=466280 loops=1)
              Hash Cond: (mc.movie_id = t.id)
              ->  Seq Scan on movie_companies mc  (cost=0.00..51404.11 rows=468993 width=4) (actual time=0.032..876.200 rows=466280 loops=1)
                    Filter: (company_id < 401)
                    Rows Removed by Filter: 2142849
              ->  Hash  (cost=61283.27..61283.27 rows=2528527 width=4) (actual time=2006.275..2006.275 rows=2528312 loops=1)
                    Buckets: 131072  Batches: 64  Memory Usage: 2415kB
                    ->  Seq Scan on title t  (cost=0.00..61283.27 rows=2528527 width=4) (actual time=0.024..1155.770 rows=2528312 loops=1)
Planning time: 1.792 ms
Execution time: 5100.423 ms
