Hash Join  (cost=102767.86..1355870.27 rows=18582968 width=0) (actual time=3805.800..34376.899 rows=17678179 loops=1)
  Hash Cond: (ci.movie_id = t.id)
  ->  Seq Scan on cast_info ci  (cost=0.00..796071.18 rows=18582968 width=4) (actual time=1852.311..17679.916 rows=17678179 loops=1)
        Filter: ((person_id > 790008) AND (role_id < 4))
        Rows Removed by Filter: 18566165
  ->  Hash  (cost=61283.27..61283.27 rows=2528527 width=4) (actual time=1951.529..1951.529 rows=2528312 loops=1)
        Buckets: 131072  Batches: 64  Memory Usage: 2415kB
        ->  Seq Scan on title t  (cost=0.00..61283.27 rows=2528527 width=4) (actual time=0.039..1142.035 rows=2528312 loops=1)
Planning time: 0.750 ms
Execution time: 36340.270 ms
