Hash Join  (cost=102767.86..245029.07 rows=2135267 width=0) (actual time=2017.268..5741.710 rows=2139046 loops=1)
  Hash Cond: (mk.movie_id = t.id)
  ->  Seq Scan on movie_keyword mk  (cost=0.00..81003.12 rows=2135267 width=4) (actual time=1.584..1642.909 rows=2139046 loops=1)
        Filter: (keyword_id < 3990)
        Rows Removed by Filter: 2384884
  ->  Hash  (cost=61283.27..61283.27 rows=2528527 width=4) (actual time=2014.286..2014.286 rows=2528312 loops=1)
        Buckets: 131072  Batches: 64  Memory Usage: 2425kB
        ->  Seq Scan on title t  (cost=0.00..61283.27 rows=2528527 width=4) (actual time=0.028..1168.267 rows=2528312 loops=1)
Planning time: 0.728 ms
Execution time: 6002.607 ms
