Nested Loop  (cost=0.43..83072.29 rows=172 width=0) (actual time=3.182..1434.582 rows=798 loops=1)
  ->  Seq Scan on movie_keyword mk  (cost=0.00..81003.12 rows=246 width=4) (actual time=0.203..1375.240 rows=1598 loops=1)
        Filter: (keyword_id = 1038)
        Rows Removed by Filter: 4522332
  ->  Index Scan using title_pkey on title t  (cost=0.43..8.40 rows=1 width=4) (actual time=0.036..0.036 rows=0 loops=1598)
        Index Cond: (id = mk.movie_id)
        Filter: (kind_id > 2)
        Rows Removed by Filter: 1
Planning time: 0.842 ms
Execution time: 1434.971 ms
