Hash Join  (cost=75297.62..538017.35 rows=322836 width=0) (actual time=1500.710..11471.418 rows=399441 loops=1)
  Hash Cond: (mi.movie_id = t.id)
  ->  Seq Scan on movie_info mi  (cost=0.00..346232.03 rows=9767026 width=4) (actual time=0.022..6519.128 rows=9911754 loops=1)
        Filter: (info_type_id > 4)
        Rows Removed by Filter: 4923966
  ->  Hash  (cost=73925.90..73925.90 rows=83577 width=4) (actual time=1310.674..1310.674 rows=92182 loops=1)
        Buckets: 131072  Batches: 2  Memory Usage: 2655kB
        ->  Seq Scan on title t  (cost=0.00..73925.90 rows=83577 width=4) (actual time=0.024..1275.638 rows=92182 loops=1)
              Filter: ((production_year < 2011) AND (kind_id = 3))
              Rows Removed by Filter: 2436130
Planning time: 0.774 ms
Execution time: 11525.951 ms
