Seq Scan on cast_info ci  (cost=0.00..705507.15 rows=21691120 width=0) (actual time=0.016..12559.782 rows=21552582 loops=1)
  Filter: (person_id < 2186165)
  Rows Removed by Filter: 14691762
Planning time: 0.363 ms
Execution time: 15104.571 ms
