Nested Loop  (cost=0.43..709673.15 rows=156 width=0) (actual time=465.280..10808.545 rows=130 loops=1)
  ->  Seq Scan on cast_info ci  (cost=0.00..705507.15 rows=500 width=4) (actual time=465.206..10793.280 rows=289 loops=1)
        Filter: (person_id = 1638181)
        Rows Removed by Filter: 36244055
  ->  Index Scan using title_pkey on title t  (cost=0.43..8.32 rows=1 width=4) (actual time=0.052..0.052 rows=0 loops=289)
        Index Cond: (id = ci.movie_id)
        Filter: (production_year > 2007)
        Rows Removed by Filter: 1
Planning time: 0.825 ms
Execution time: 10808.703 ms
