Hash Join  (cost=432923.85..1233133.48 rows=657918 width=0) (actual time=7314.719..28171.163 rows=840806 loops=1)
  Hash Cond: (ci.movie_id = t.id)
  ->  Seq Scan on cast_info ci  (cost=0.00..705507.15 rows=23499554 width=4) (actual time=0.013..14457.462 rows=23573656 loops=1)
        Filter: (role_id > 1)
        Rows Removed by Filter: 12670688
  ->  Hash  (cost=432038.97..432038.97 rows=70791 width=8) (actual time=7313.906..7313.906 rows=63824 loops=1)
        Buckets: 131072  Batches: 1  Memory Usage: 3518kB
        ->  Hash Join  (cost=69928.56..432038.97 rows=70791 width=8) (actual time=4154.735..7290.437 rows=63824 loops=1)
              Hash Cond: (mi.movie_id = t.id)
              ->  Seq Scan on movie_info mi  (cost=0.00..346232.03 rows=1264125 width=4) (actual time=2962.276..5291.447 rows=1288928 loops=1)
                    Filter: (info_type_id = 2)
                    Rows Removed by Filter: 13546792
              ->  Hash  (cost=67604.59..67604.59 rows=141598 width=4) (actual time=1191.519..1191.519 rows=141703 loops=1)
                    Buckets: 131072  Batches: 2  Memory Usage: 3517kB
                    ->  Seq Scan on title t  (cost=0.00..67604.59 rows=141598 width=4) (actual time=0.034..1137.734 rows=141703 loops=1)
                          Filter: (production_year = 2010)
                          Rows Removed by Filter: 2386609
Planning time: 1.191 ms
Execution time: 28286.025 ms
