Hash Join  (cost=191591.62..1190195.42 rows=6493612 width=0) (actual time=4357.051..32272.750 rows=17337179 loops=1)
  Hash Cond: (ci.movie_id = t.id)
  ->  Seq Scan on cast_info ci  (cost=0.00..705507.15 rows=19447340 width=4) (actual time=0.026..14443.516 rows=19608510 loops=1)
        Filter: (person_id > 1646797)
        Rows Removed by Filter: 16635834
  ->  Hash  (cost=177738.95..177738.95 rows=844294 width=8) (actual time=4356.220..4356.220 rows=992225 loops=1)
        Buckets: 131072  Batches: 16  Memory Usage: 3444kB
        ->  Hash Join  (cost=94978.31..177738.95 rows=844294 width=8) (actual time=2120.334..4111.062 rows=992225 loops=1)
              Hash Cond: (mc.movie_id = t.id)
              ->  Seq Scan on movie_companies mc  (cost=0.00..51404.11 rows=1279517 width=4) (actual time=167.654..1038.108 rows=1274246 loops=1)
                    Filter: (company_type_id < 2)
                    Rows Removed by Filter: 1334883
              ->  Hash  (cost=67604.59..67604.59 rows=1668458 width=4) (actual time=1951.528..1951.528 rows=1671292 loops=1)
                    Buckets: 131072  Batches: 32  Memory Usage: 2858kB
                    ->  Seq Scan on title t  (cost=0.00..67604.59 rows=1668458 width=4) (actual time=0.025..1422.658 rows=1671292 loops=1)
                          Filter: (production_year < 2008)
                          Rows Removed by Filter: 857020
Planning time: 1.219 ms
Execution time: 34007.956 ms
