Hash Join  (cost=120001.74..206672.20 rows=1242 width=0) (actual time=1708.354..3445.342 rows=18556 loops=1)
  Hash Cond: (mk.movie_id = t.id)
  ->  Seq Scan on movie_keyword mk  (cost=0.00..69693.30 rows=4523930 width=4) (actual time=0.016..965.357 rows=4523930 loops=1)
  ->  Hash  (cost=119993.07..119993.07 rows=694 width=8) (actual time=1707.848..1707.848 rows=1651 loops=1)
        Buckets: 2048 (originally 1024)  Batches: 1 (originally 1)  Memory Usage: 81kB
        ->  Hash Join  (cost=67697.55..119993.07 rows=694 width=8) (actual time=1102.096..1707.060 rows=1651 loops=1)
              Hash Cond: (mc.movie_id = t.id)
              ->  Seq Scan on movie_companies mc  (cost=0.00..51404.11 rows=235858 width=4) (actual time=0.033..548.488 rows=237881 loops=1)
                    Filter: (company_id > 103573)
                    Rows Removed by Filter: 2371248
              ->  Hash  (cost=67604.59..67604.59 rows=7437 width=4) (actual time=1101.742..1101.742 rows=19440 loops=1)
                    Buckets: 32768 (originally 8192)  Batches: 1 (originally 1)  Memory Usage: 940kB
                    ->  Seq Scan on title t  (cost=0.00..67604.59 rows=7437 width=4) (actual time=0.026..1092.425 rows=19440 loops=1)
                          Filter: (production_year = 1986)
                          Rows Removed by Filter: 2508872
Planning time: 1.049 ms
Execution time: 3447.871 ms
