Seq Scan on movie_companies mc  (cost=0.00..51404.11 rows=104 width=0) (actual time=29.905..753.818 rows=239 loops=1)
  Filter: (company_id = 18214)
  Rows Removed by Filter: 2608890
Planning time: 0.368 ms
Execution time: 753.988 ms
