Hash Join  (cost=96651.52..208289.12 rows=838144 width=0) (actual time=1869.484..4385.701 rows=431793 loops=1)
  Hash Cond: (mk.movie_id = t.id)
  ->  Seq Scan on movie_keyword mk  (cost=0.00..81003.12 rows=1197006 width=4) (actual time=0.010..1554.461 rows=1206923 loops=1)
        Filter: (keyword_id > 15211)
        Rows Removed by Filter: 3317007
  ->  Hash  (cost=67604.59..67604.59 rows=1770475 width=4) (actual time=1868.463..1868.463 rows=1774635 loops=1)
        Buckets: 131072  Batches: 32  Memory Usage: 2984kB
        ->  Seq Scan on title t  (cost=0.00..67604.59 rows=1770475 width=4) (actual time=0.017..1271.398 rows=1774635 loops=1)
              Filter: (kind_id > 2)
              Rows Removed by Filter: 753677
Planning time: 0.503 ms
Execution time: 4437.667 ms
