Hash Join  (cost=118520.81..943232.93 rows=15403 width=0) (actual time=9870.698..16321.470 rows=21419 loops=1)
  Hash Cond: (ci.movie_id = t.id)
  ->  Seq Scan on cast_info ci  (cost=0.00..796071.18 rows=7596508 width=4) (actual time=8397.521..14498.376 rows=2187418 loops=1)
        Filter: ((person_id > 1430699) AND (role_id = 1))
        Rows Removed by Filter: 34056926
  ->  Hash  (cost=118456.73..118456.73 rows=5127 width=8) (actual time=1472.827..1472.827 rows=6286 loops=1)
        Buckets: 8192  Batches: 1  Memory Usage: 310kB
        ->  Nested Loop  (cost=0.43..118456.73 rows=5127 width=8) (actual time=0.376..1468.853 rows=6286 loops=1)
              ->  Seq Scan on movie_keyword mk  (cost=0.00..81003.12 rows=5127 width=4) (actual time=0.274..1271.865 rows=6286 loops=1)
                    Filter: (keyword_id = 2276)
                    Rows Removed by Filter: 4517644
              ->  Index Only Scan using title_pkey on title t  (cost=0.43..7.30 rows=1 width=4) (actual time=0.030..0.030 rows=1 loops=6286)
                    Index Cond: (id = mk.movie_id)
                    Heap Fetches: 6286
Planning time: 1.229 ms
Execution time: 16324.640 ms
