Seq Scan on cast_info ci  (cost=0.00..705507.15 rows=11434543 width=0) (actual time=0.019..11017.036 rows=11431983 loops=1)
  Filter: (person_id > 2555520)
  Rows Removed by Filter: 24812361
Planning time: 0.350 ms
Execution time: 12437.008 ms
