Seq Scan on movie_keyword mk  (cost=0.00..81003.12 rows=3556276 width=0) (actual time=0.022..1515.966 rows=3549822 loops=1)
  Filter: (keyword_id < 19286)
  Rows Removed by Filter: 974108
Planning time: 0.389 ms
Execution time: 1952.267 ms
