Hash Join  (cost=102767.86..1638866.69 rows=34107550 width=0) (actual time=1978.417..46740.936 rows=34186820 loops=1)
  Hash Cond: (ci.movie_id = t.id)
  ->  Seq Scan on cast_info ci  (cost=0.00..705507.15 rows=34107550 width=4) (actual time=0.028..17443.346 rows=34186820 loops=1)
        Filter: (person_id > 201964)
        Rows Removed by Filter: 2057524
  ->  Hash  (cost=61283.27..61283.27 rows=2528527 width=4) (actual time=1976.808..1976.808 rows=2528312 loops=1)
        Buckets: 131072  Batches: 64  Memory Usage: 2415kB
        ->  Seq Scan on title t  (cost=0.00..61283.27 rows=2528527 width=4) (actual time=0.017..1130.168 rows=2528312 loops=1)
Planning time: 0.743 ms
Execution time: 50360.123 ms
