Hash Join  (cost=208834.11..1433766.53 rows=18605625 width=0) (actual time=4636.845..39737.808 rows=17186353 loops=1)
  Hash Cond: (ci.movie_id = t.id)
  ->  Seq Scan on cast_info ci  (cost=0.00..614943.12 rows=36225612 width=4) (actual time=0.010..13706.337 rows=36244344 loops=1)
  ->  Hash  (cost=187527.84..187527.84 rows=1298662 width=8) (actual time=4632.820..4632.820 rows=598347 loops=1)
        Buckets: 131072  Batches: 32  Memory Usage: 1730kB
        ->  Hash Join  (cost=94574.69..187527.84 rows=1298662 width=8) (actual time=1908.796..4454.704 rows=598347 loops=1)
              Hash Cond: (mc.movie_id = t.id)
              ->  Seq Scan on movie_companies mc  (cost=0.00..44881.29 rows=2609129 width=4) (actual time=0.022..956.860 rows=2609129 loops=1)
              ->  Hash  (cost=73925.90..73925.90 rows=1258543 width=4) (actual time=1907.410..1907.410 rows=1221534 loops=1)
                    Buckets: 131072  Batches: 32  Memory Usage: 2363kB
                    ->  Seq Scan on title t  (cost=0.00..73925.90 rows=1258543 width=4) (actual time=0.018..1511.857 rows=1221534 loops=1)
                          Filter: ((production_year < 2011) AND (kind_id = 7))
                          Rows Removed by Filter: 1306778
Planning time: 1.040 ms
Execution time: 41537.868 ms
