Seq Scan on movie_keyword mk  (cost=0.00..81003.12 rows=2751102 width=0) (actual time=0.033..1556.925 rows=2747599 loops=1)
  Filter: (keyword_id < 7793)
  Rows Removed by Filter: 1776331
Planning time: 3.075 ms
Execution time: 1924.745 ms
