Hash Join  (cost=102767.86..259667.88 rows=2743563 width=0) (actual time=2192.624..6074.424 rows=2743218 loops=1)
  Hash Cond: (mk.movie_id = t.id)
  ->  Seq Scan on movie_keyword mk  (cost=0.00..81003.12 rows=2743563 width=4) (actual time=0.018..1587.919 rows=2743218 loops=1)
        Filter: (keyword_id < 7777)
        Rows Removed by Filter: 1780712
  ->  Hash  (cost=61283.27..61283.27 rows=2528527 width=4) (actual time=2190.226..2190.226 rows=2528312 loops=1)
        Buckets: 131072  Batches: 64  Memory Usage: 2425kB
        ->  Seq Scan on title t  (cost=0.00..61283.27 rows=2528527 width=4) (actual time=0.024..1120.502 rows=2528312 loops=1)
Planning time: 1.376 ms
Execution time: 6380.978 ms
