Hash Join  (cost=73983.02..421993.40 rows=853 width=0) (actual time=3697.604..6650.414 rows=129 loops=1)
  Hash Cond: (mi.movie_id = t.id)
  ->  Seq Scan on movie_info mi  (cost=0.00..346232.03 rows=471955 width=4) (actual time=2283.795..5295.724 rows=543367 loops=1)
        Filter: (info_type_id > 98)
        Rows Removed by Filter: 14292353
  ->  Hash  (cost=73925.90..73925.90 rows=4569 width=4) (actual time=1264.221..1264.221 rows=5919 loops=1)
        Buckets: 8192  Batches: 1  Memory Usage: 273kB
        ->  Seq Scan on title t  (cost=0.00..73925.90 rows=4569 width=4) (actual time=133.248..1261.253 rows=5919 loops=1)
              Filter: ((kind_id > 4) AND (production_year = 1962))
              Rows Removed by Filter: 2522393
Planning time: 3.589 ms
Execution time: 6650.540 ms
