Hash Join  (cost=169258.92..1254224.22 rows=4980413 width=0) (actual time=3669.360..37650.332 rows=17542958 loops=1)
  Hash Cond: (ci.movie_id = t.id)
  ->  Seq Scan on cast_info ci  (cost=0.00..614943.12 rows=36225612 width=4) (actual time=0.013..12772.384 rows=36244344 loops=1)
  ->  Hash  (cost=163555.55..163555.55 rows=347630 width=8) (actual time=3668.459..3668.459 rows=367437 loops=1)
        Buckets: 131072  Batches: 8  Memory Usage: 2793kB
        ->  Hash Join  (cost=89299.55..163555.55 rows=347630 width=8) (actual time=1790.434..3554.281 rows=367437 loops=1)
              Hash Cond: (mc.movie_id = t.id)
              ->  Seq Scan on movie_companies mc  (cost=0.00..57926.93 rows=664737 width=4) (actual time=153.695..1089.699 rows=905053 loops=1)
                    Filter: ((company_id < 11487) AND (company_type_id = 1))
                    Rows Removed by Filter: 1704076
              ->  Hash  (cost=67604.59..67604.59 rows=1322317 width=4) (actual time=1635.843..1635.843 rows=1322863 loops=1)
                    Buckets: 131072  Batches: 32  Memory Usage: 2481kB
                    ->  Seq Scan on title t  (cost=0.00..67604.59 rows=1322317 width=4) (actual time=0.021..1207.320 rows=1322863 loops=1)
                          Filter: (production_year > 2001)
                          Rows Removed by Filter: 1205449
Planning time: 1.210 ms
Execution time: 39707.741 ms
