Hash Join  (cost=118479.51..869382.85 rows=11414 width=0) (actual time=1407.026..16679.172 rows=6620 loops=1)
  Hash Cond: (ci.movie_id = t.id)
  ->  Seq Scan on cast_info ci  (cost=0.00..614943.12 rows=36225612 width=4) (actual time=0.018..8681.853 rows=36244344 loops=1)
  ->  Hash  (cost=118469.54..118469.54 rows=797 width=8) (actual time=1404.911..1404.911 rows=130 loops=1)
        Buckets: 1024  Batches: 1  Memory Usage: 14kB
        ->  Nested Loop  (cost=0.43..118469.54 rows=797 width=8) (actual time=2.363..1404.685 rows=130 loops=1)
              ->  Seq Scan on movie_keyword mk  (cost=0.00..81003.12 rows=5127 width=4) (actual time=0.084..1272.249 rows=3598 loops=1)
                    Filter: (keyword_id = 786)
                    Rows Removed by Filter: 4520332
              ->  Index Scan using title_pkey on title t  (cost=0.43..7.30 rows=1 width=4) (actual time=0.036..0.036 rows=0 loops=3598)
                    Index Cond: (id = mk.movie_id)
                    Filter: (production_year > 2010)
                    Rows Removed by Filter: 1
Planning time: 1.238 ms
Execution time: 16681.874 ms
