Hash Join  (cost=83810.17..897880.61 rows=357058 width=0) (actual time=3794.884..15973.092 rows=439169 loops=1)
  Hash Cond: (ci.movie_id = t.id)
  ->  Seq Scan on cast_info ci  (cost=0.00..796071.18 rows=914048 width=4) (actual time=2263.615..13707.065 rows=806751 loops=1)
        Filter: ((person_id < 1891416) AND (role_id = 8))
        Rows Removed by Filter: 35437593
  ->  Hash  (cost=67604.59..67604.59 rows=987727 width=4) (actual time=1530.311..1530.311 rows=985048 loops=1)
        Buckets: 131072  Batches: 16  Memory Usage: 3188kB
        ->  Seq Scan on title t  (cost=0.00..67604.59 rows=987727 width=4) (actual time=0.032..1213.684 rows=985048 loops=1)
              Filter: (kind_id < 7)
              Rows Removed by Filter: 1543264
Planning time: 0.805 ms
Execution time: 16022.825 ms
