Seq Scan on movie_companies mc  (cost=0.00..51404.11 rows=2530862 width=0) (actual time=0.035..1016.236 rows=2526884 loops=1)
  Filter: (company_id > 12)
  Rows Removed by Filter: 82245
Planning time: 2.507 ms
Execution time: 1337.225 ms
