Hash Join  (cost=74699.94..162465.88 rows=110790 width=0) (actual time=1215.769..3000.704 rows=127344 loops=1)
  Hash Cond: (mk.movie_id = t.id)
  ->  Seq Scan on movie_keyword mk  (cost=0.00..69693.30 rows=4523930 width=4) (actual time=0.015..933.316 rows=4523930 loops=1)
  ->  Hash  (cost=73925.90..73925.90 rows=61923 width=4) (actual time=1145.194..1145.194 rows=65003 loops=1)
        Buckets: 65536  Batches: 1  Memory Usage: 2798kB
        ->  Seq Scan on title t  (cost=0.00..73925.90 rows=61923 width=4) (actual time=0.033..1118.912 rows=65003 loops=1)
              Filter: ((production_year > 1991) AND (kind_id = 2))
              Rows Removed by Filter: 2463309
Planning time: 0.714 ms
Execution time: 3017.028 ms
