Hash Join  (cost=77854.63..836666.08 rows=396383 width=0) (actual time=4805.153..15912.144 rows=623112 loops=1)
  Hash Cond: (ci.movie_id = t.id)
  ->  Seq Scan on cast_info ci  (cost=0.00..705507.15 rows=4186259 width=4) (actual time=3511.269..11841.398 rows=4233214 loops=1)
        Filter: (person_id > 3284312)
        Rows Removed by Filter: 32011130
  ->  Hash  (cost=73925.90..73925.90 rows=239418 width=4) (actual time=1292.879..1292.879 rows=256906 loops=1)
        Buckets: 131072  Batches: 4  Memory Usage: 3296kB
        ->  Seq Scan on title t  (cost=0.00..73925.90 rows=239418 width=4) (actual time=0.031..1206.423 rows=256906 loops=1)
              Filter: ((production_year > 2010) AND (kind_id = 7))
              Rows Removed by Filter: 2271406
Planning time: 0.800 ms
Execution time: 15994.091 ms
