Seq Scan on movie_keyword mk  (cost=0.00..81003.12 rows=1807339 width=0) (actual time=0.029..1476.876 rows=1813059 loops=1)
  Filter: (keyword_id < 2950)
  Rows Removed by Filter: 2710871
Planning time: 0.336 ms
Execution time: 1710.155 ms
