Hash Join  (cost=102767.86..958006.01 rows=5812000 width=0) (actual time=4846.447..18127.408 rows=5843598 loops=1)
  Hash Cond: (ci.movie_id = t.id)
  ->  Seq Scan on cast_info ci  (cost=0.00..705507.15 rows=5812000 width=4) (actual time=2977.380..11153.467 rows=5843598 loops=1)
        Filter: (person_id > 3059905)
        Rows Removed by Filter: 30400746
  ->  Hash  (cost=61283.27..61283.27 rows=2528527 width=4) (actual time=1868.115..1868.115 rows=2528312 loops=1)
        Buckets: 131072  Batches: 64  Memory Usage: 2415kB
        ->  Seq Scan on title t  (cost=0.00..61283.27 rows=2528527 width=4) (actual time=0.027..1003.975 rows=2528312 loops=1)
Planning time: 0.763 ms
Execution time: 18825.470 ms
