Seq Scan on cast_info ci  (cost=0.00..705507.15 rows=500 width=0) (actual time=3330.006..11179.033 rows=2158 loops=1)
  Filter: (person_id = 1874941)
  Rows Removed by Filter: 36242186
Planning time: 1.108 ms
Execution time: 11179.440 ms
