Seq Scan on cast_info ci  (cost=0.00..705507.15 rows=15270387 width=0) (actual time=31.678..11366.307 rows=15150900 loops=1)
  Filter: (person_id < 1494064)
  Rows Removed by Filter: 21093444
Planning time: 0.363 ms
Execution time: 13278.664 ms
