Seq Scan on movie_keyword mk  (cost=0.00..81003.12 rows=3246726 width=0) (actual time=0.026..1602.800 rows=3237368 loops=1)
  Filter: (keyword_id < 13751)
  Rows Removed by Filter: 1286562
Planning time: 0.337 ms
Execution time: 2022.972 ms
