Hash Join  (cost=83074.16..843983.86 rows=876 width=0) (actual time=1359.859..15318.729 rows=783 loops=1)
  Hash Cond: (ci.movie_id = t.id)
  ->  Seq Scan on cast_info ci  (cost=0.00..705507.15 rows=14771676 width=4) (actual time=0.019..11659.852 rows=14942184 loops=1)
        Filter: (person_id > 2156149)
        Rows Removed by Filter: 21302160
  ->  Hash  (cost=83072.29..83072.29 rows=150 width=8) (actual time=1292.135..1292.135 rows=25 loops=1)
        Buckets: 1024  Batches: 1  Memory Usage: 9kB
        ->  Nested Loop  (cost=0.43..83072.29 rows=150 width=8) (actual time=235.623..1292.105 rows=25 loops=1)
              ->  Seq Scan on movie_keyword mk  (cost=0.00..81003.12 rows=246 width=4) (actual time=3.182..1270.921 rows=340 loops=1)
                    Filter: (keyword_id = 3411)
                    Rows Removed by Filter: 4523590
              ->  Index Scan using title_pkey on title t  (cost=0.43..8.40 rows=1 width=4) (actual time=0.060..0.060 rows=0 loops=340)
                    Index Cond: (id = mk.movie_id)
                    Filter: (kind_id = 7)
                    Rows Removed by Filter: 1
Planning time: 1.139 ms
Execution time: 15319.186 ms
