Seq Scan on cast_info ci  (cost=0.00..796071.18 rows=2549385 width=0) (actual time=4710.720..12565.684 rows=2287130 loops=1)
  Filter: ((person_id > 2403143) AND (role_id = 2))
  Rows Removed by Filter: 33957214
Planning time: 2.830 ms
Execution time: 12816.845 ms
