Hash Join  (cost=160309.98..955259.43 rows=131902 width=0) (actual time=2767.021..21170.526 rows=86014 loops=1)
  Hash Cond: (ci.movie_id = t.id)
  ->  Seq Scan on cast_info ci  (cost=0.00..705507.15 rows=23499554 width=4) (actual time=0.024..14678.259 rows=23573656 loops=1)
        Filter: (role_id > 1)
        Rows Removed by Filter: 12670688
  ->  Hash  (cost=160132.58..160132.58 rows=14192 width=8) (actual time=2766.443..2766.443 rows=4625 loops=1)
        Buckets: 16384  Batches: 1  Memory Usage: 309kB
        ->  Hash Join  (cost=74283.51..160132.58 rows=14192 width=8) (actual time=2383.067..2765.016 rows=4625 loops=1)
              Hash Cond: (mk.movie_id = t.id)
              ->  Seq Scan on movie_keyword mk  (cost=0.00..81003.12 rows=1254408 width=4) (actual time=0.015..1387.324 rows=1265803 loops=1)
                    Filter: (keyword_id > 14116)
                    Rows Removed by Filter: 3258127
              ->  Hash  (cost=73925.90..73925.90 rows=28608 width=4) (actual time=1136.149..1136.149 rows=32134 loops=1)
                    Buckets: 32768  Batches: 1  Memory Usage: 1386kB
                    ->  Seq Scan on title t  (cost=0.00..73925.90 rows=28608 width=4) (actual time=0.021..1122.471 rows=32134 loops=1)
                          Filter: ((kind_id = 7) AND (production_year = 1998))
                          Rows Removed by Filter: 2496178
Planning time: 6.647 ms
Execution time: 21183.153 ms
