Hash Join  (cost=102767.86..176532.63 rows=247621 width=0) (actual time=1950.303..3479.682 rows=365082 loops=1)
  Hash Cond: (mc.movie_id = t.id)
  ->  Seq Scan on movie_companies mc  (cost=0.00..57926.93 rows=247621 width=4) (actual time=0.027..882.442 rows=365082 loops=1)
        Filter: ((company_id < 452) AND (company_type_id < 2))
        Rows Removed by Filter: 2244047
  ->  Hash  (cost=61283.27..61283.27 rows=2528527 width=4) (actual time=1948.978..1948.978 rows=2528312 loops=1)
        Buckets: 131072  Batches: 64  Memory Usage: 2415kB
        ->  Seq Scan on title t  (cost=0.00..61283.27 rows=2528527 width=4) (actual time=0.013..1113.940 rows=2528312 loops=1)
Planning time: 1.429 ms
Execution time: 3518.744 ms
