Seq Scan on title t  (cost=0.00..73925.90 rows=90095 width=0) (actual time=597.408..1315.124 rows=95762 loops=1)
  Filter: ((production_year < 2012) AND (kind_id = 3))
  Rows Removed by Filter: 2432550
Planning time: 0.375 ms
Execution time: 1328.157 ms
