Hash Join  (cost=79082.94..1107349.33 rows=2242106 width=0) (actual time=1615.369..24936.999 rows=841701 loops=1)
  Hash Cond: (ci.movie_id = t.id)
  ->  Seq Scan on cast_info ci  (cost=0.00..796071.18 rows=18036306 width=4) (actual time=0.018..16750.272 rows=15178011 loops=1)
        Filter: ((person_id < 2844810) AND (role_id > 1))
        Rows Removed by Filter: 21066333
  ->  Hash  (cost=73925.90..73925.90 rows=314323 width=4) (actual time=1459.746..1459.746 rows=201761 loops=1)
        Buckets: 131072  Batches: 8  Memory Usage: 1902kB
        ->  Seq Scan on title t  (cost=0.00..73925.90 rows=314323 width=4) (actual time=0.018..1120.176 rows=201761 loops=1)
              Filter: ((production_year < 1980) AND (kind_id = 7))
              Rows Removed by Filter: 2326551
Planning time: 0.838 ms
Execution time: 25038.793 ms
