Hash Join  (cost=87180.69..1353942.66 rows=16132160 width=0) (actual time=1672.449..42425.507 rows=17235600 loops=1)
  Hash Cond: (ci.movie_id = t.id)
  ->  Seq Scan on cast_info ci  (cost=0.00..705507.15 rows=34185659 width=4) (actual time=0.016..16449.885 rows=34164467 loops=1)
        Filter: (person_id < 3654689)
        Rows Removed by Filter: 2079877
  ->  Hash  (cost=67604.59..67604.59 rows=1193208 width=4) (actual time=1671.584..1671.584 rows=1192518 loops=1)
        Buckets: 131072  Batches: 16  Memory Usage: 3646kB
        ->  Seq Scan on title t  (cost=0.00..67604.59 rows=1193208 width=4) (actual time=0.014..1286.010 rows=1192518 loops=1)
              Filter: (production_year > 2003)
              Rows Removed by Filter: 1335794
Planning time: 0.650 ms
Execution time: 44415.169 ms
