Hash Join  (cost=74291.13..440650.22 rows=170316 width=0) (actual time=1150.447..9188.503 rows=115781 loops=1)
  Hash Cond: (mi.movie_id = t.id)
  ->  Seq Scan on movie_info mi  (cost=0.00..309384.22 rows=14739122 width=4) (actual time=0.018..4120.578 rows=14835720 loops=1)
  ->  Hash  (cost=73925.90..73925.90 rows=29218 width=4) (actual time=1150.022..1150.022 rows=30850 loops=1)
        Buckets: 32768  Batches: 1  Memory Usage: 1341kB
        ->  Seq Scan on title t  (cost=0.00..73925.90 rows=29218 width=4) (actual time=0.097..1136.300 rows=30850 loops=1)
              Filter: ((kind_id > 1) AND (production_year = 1995))
              Rows Removed by Filter: 2497462
Planning time: 0.765 ms
Execution time: 9207.157 ms
