Seq Scan on movie_keyword mk  (cost=0.00..81003.12 rows=1341729 width=0) (actual time=0.015..1405.879 rows=1352682 loops=1)
  Filter: (keyword_id > 12486)
  Rows Removed by Filter: 3171248
Planning time: 0.268 ms
Execution time: 1579.644 ms
