Seq Scan on title t  (cost=0.00..73925.90 rows=758640 width=0) (actual time=0.029..1264.007 rows=663849 loops=1)
  Filter: ((kind_id < 7) AND (production_year > 1980))
  Rows Removed by Filter: 1864463
Planning time: 0.340 ms
Execution time: 1353.516 ms
