Seq Scan on cast_info ci  (cost=0.00..796071.18 rows=12592133 width=0) (actual time=3773.190..16247.661 rows=12428588 loops=1)
  Filter: ((person_id > 37301) AND (role_id < 2))
  Rows Removed by Filter: 23815756
Planning time: 0.347 ms
Execution time: 17807.492 ms
