Hash Join  (cost=74071.18..468379.95 rows=58214 width=0) (actual time=1174.508..10244.406 rows=105184 loops=1)
  Hash Cond: (mi.movie_id = t.id)
  ->  Seq Scan on movie_info mi  (cost=0.00..346232.03 rows=12665229 width=4) (actual time=56.174..6671.986 rows=12744652 loops=1)
        Filter: (info_type_id > 2)
        Rows Removed by Filter: 2091068
  ->  Hash  (cost=73925.90..73925.90 rows=11622 width=4) (actual time=1117.909..1117.909 rows=11141 loops=1)
        Buckets: 16384  Batches: 1  Memory Usage: 520kB
        ->  Seq Scan on title t  (cost=0.00..73925.90 rows=11622 width=4) (actual time=0.152..1112.564 rows=11141 loops=1)
              Filter: ((kind_id < 7) AND (production_year = 1994))
              Rows Removed by Filter: 2517171
Planning time: 0.756 ms
Execution time: 10261.996 ms
