Hash Join  (cost=102767.86..929449.26 rows=4625246 width=0) (actual time=3019.705..18331.998 rows=4515906 loops=1)
  Hash Cond: (ci.movie_id = t.id)
  ->  Seq Scan on cast_info ci  (cost=0.00..705507.15 rows=4625246 width=4) (actual time=1085.964..11725.051 rows=4515906 loops=1)
        Filter: (person_id < 436148)
        Rows Removed by Filter: 31728438
  ->  Hash  (cost=61283.27..61283.27 rows=2528527 width=4) (actual time=1893.443..1893.443 rows=2528312 loops=1)
        Buckets: 131072  Batches: 64  Memory Usage: 2415kB
        ->  Seq Scan on title t  (cost=0.00..61283.27 rows=2528527 width=4) (actual time=0.024..1047.849 rows=2528312 loops=1)
Planning time: 0.796 ms
Execution time: 18856.390 ms
