Hash Join  (cost=80613.38..948376.98 rows=857632 width=0) (actual time=2990.724..18362.634 rows=500838 loops=1)
  Hash Cond: (ci.movie_id = t.id)
  ->  Seq Scan on cast_info ci  (cost=0.00..796071.18 rows=5320828 width=4) (actual time=1632.037..13425.028 rows=8151013 loops=1)
        Filter: ((person_id > 2866069) AND (role_id > 1))
        Rows Removed by Filter: 28093331
  ->  Hash  (cost=73925.90..73925.90 rows=407558 width=4) (actual time=1355.335..1355.335 rows=270281 loops=1)
        Buckets: 131072  Batches: 8  Memory Usage: 2203kB
        ->  Seq Scan on title t  (cost=0.00..73925.90 rows=407558 width=4) (actual time=0.047..1264.954 rows=270281 loops=1)
              Filter: ((kind_id > 1) AND (production_year < 1983))
              Rows Removed by Filter: 2258031
Planning time: 0.782 ms
Execution time: 18420.438 ms
