Seq Scan on title t  (cost=0.00..67604.59 rows=85211 width=94) (actual time=0.020..1317.471 rows=84593 loops=1)
  Filter: (production_year = 2004)
  Rows Removed by Filter: 2443719
Planning time: 0.325 ms
Execution time: 1322.520 ms
