Hash Join  (cost=175779.00..1368627.64 rows=15482352 width=0) (actual time=4227.520..44270.128 rows=33765897 loops=1)
  Hash Cond: (ci.movie_id = t.id)
  ->  Seq Scan on cast_info ci  (cost=0.00..614943.12 rows=36225612 width=4) (actual time=0.012..13974.835 rows=36244344 loops=1)
  ->  Hash  (cost=158048.77..158048.77 rows=1080659 width=8) (actual time=4226.941..4226.941 rows=1084141 loops=1)
        Buckets: 131072  Batches: 16  Memory Usage: 3683kB
        ->  Hash Join  (cost=100089.65..158048.77 rows=1080659 width=8) (actual time=2011.032..3889.542 rows=1084141 loops=1)
              Hash Cond: (mi_idx.movie_id = t.id)
              ->  Seq Scan on movie_info_idx mi_idx  (cost=0.00..21735.35 rows=1380035 width=4) (actual time=0.011..504.805 rows=1380035 loops=1)
              ->  Hash  (cost=67604.59..67604.59 rows=1980005 width=4) (actual time=2009.847..2009.847 rows=1976617 loops=1)
                    Buckets: 131072  Batches: 32  Memory Usage: 3203kB
                    ->  Seq Scan on title t  (cost=0.00..67604.59 rows=1980005 width=4) (actual time=0.021..1369.301 rows=1976617 loops=1)
                          Filter: (production_year > 1977)
                          Rows Removed by Filter: 551695
Planning time: 2.418 ms
Execution time: 47925.408 ms
