Seq Scan on movie_keyword mk  (cost=0.00..81003.12 rows=246 width=0) (actual time=0.370..1329.468 rows=1986 loops=1)
  Filter: (keyword_id = 4607)
  Rows Removed by Filter: 4521944
Planning time: 0.363 ms
Execution time: 1330.178 ms
