Nested Loop  (cost=0.43..58358.39 rows=13 width=0) (actual time=93.881..894.277 rows=10 loops=1)
  ->  Seq Scan on movie_companies mc  (cost=0.00..57926.93 rows=51 width=4) (actual time=75.709..893.438 rows=19 loops=1)
        Filter: ((company_type_id < 2) AND (company_id = 1269))
        Rows Removed by Filter: 2609110
  ->  Index Scan using title_pkey on title t  (cost=0.43..8.45 rows=1 width=4) (actual time=0.039..0.040 rows=1 loops=19)
        Index Cond: (id = mc.movie_id)
        Filter: (kind_id = 1)
        Rows Removed by Filter: 0
Planning time: 0.759 ms
Execution time: 894.386 ms
