Hash Join  (cost=231322.67..1270376.13 rows=11872681 width=0) (actual time=5923.689..37273.435 rows=28188910 loops=1)
  Hash Cond: (ci.movie_id = t.id)
  ->  Seq Scan on cast_info ci  (cost=0.00..705507.15 rows=16201301 width=4) (actual time=0.019..15361.261 rows=16121683 loops=1)
        Filter: (role_id > 2)
        Rows Removed by Filter: 20122661
  ->  Hash  (cost=200921.64..200921.64 rows=1852962 width=8) (actual time=5922.983..5922.983 rows=2059977 loops=1)
        Buckets: 131072  Batches: 32  Memory Usage: 3507kB
        ->  Hash Join  (cost=97066.09..200921.64 rows=1852962 width=8) (actual time=1890.598..5318.771 rows=2059977 loops=1)
              Hash Cond: (mc.movie_id = t.id)
              ->  Seq Scan on movie_companies mc  (cost=0.00..44881.29 rows=2609129 width=4) (actual time=0.015..904.045 rows=2609129 loops=1)
              ->  Hash  (cost=67604.59..67604.59 rows=1795720 width=4) (actual time=1889.390..1889.390 rows=1794153 loops=1)
                    Buckets: 131072  Batches: 32  Memory Usage: 2992kB
                    ->  Seq Scan on title t  (cost=0.00..67604.59 rows=1795720 width=4) (actual time=0.020..1312.400 rows=1794153 loops=1)
                          Filter: (production_year < 2009)
                          Rows Removed by Filter: 734159
Planning time: 1.166 ms
Execution time: 40488.686 ms
