Seq Scan on cast_info ci  (cost=0.00..705507.15 rows=10289551 width=0) (actual time=454.031..10667.655 rows=10128772 loops=1)
  Filter: (person_id < 995512)
  Rows Removed by Filter: 26115572
Planning time: 0.249 ms
Execution time: 11855.646 ms
