Hash Join  (cost=175027.18..276645.32 rows=407146 width=0) (actual time=3839.131..6766.233 rows=1650450 loops=1)
  Hash Cond: (mk.movie_id = t.id)
  ->  Seq Scan on movie_keyword mk  (cost=0.00..81003.12 rows=1120148 width=4) (actual time=0.024..1504.444 rows=1128151 loops=1)
        Filter: (keyword_id < 1226)
        Rows Removed by Filter: 3395779
  ->  Hash  (cost=159947.97..159947.97 rows=919057 width=8) (actual time=3837.942..3837.942 rows=920110 loops=1)
        Buckets: 131072  Batches: 16  Memory Usage: 3283kB
        ->  Hash Join  (cost=102767.86..159947.97 rows=919057 width=8) (actual time=1803.117..3566.107 rows=920110 loops=1)
              Hash Cond: (mi_idx.movie_id = t.id)
              ->  Seq Scan on movie_info_idx mi_idx  (cost=0.00..25185.44 rows=919057 width=4) (actual time=0.014..596.180 rows=920110 loops=1)
                    Filter: (info_type_id > 99)
                    Rows Removed by Filter: 459925
              ->  Hash  (cost=61283.27..61283.27 rows=2528527 width=4) (actual time=1801.423..1801.423 rows=2528312 loops=1)
                    Buckets: 131072  Batches: 64  Memory Usage: 2415kB
                    ->  Seq Scan on title t  (cost=0.00..61283.27 rows=2528527 width=4) (actual time=0.013..992.098 rows=2528312 loops=1)
Planning time: 1.134 ms
Execution time: 6974.628 ms
