Hash Join  (cost=1039291.03..1756625.99 rows=18807723 width=0) (actual time=18034.773..40124.819 rows=32961500 loops=1)
  Hash Cond: (mi.movie_id = t.id)
  ->  Seq Scan on movie_info mi  (cost=0.00..309384.22 rows=14739122 width=4) (actual time=0.015..5883.685 rows=14835720 loops=1)
  ->  Hash  (cost=986355.73..986355.73 rows=3226504 width=8) (actual time=18033.798..18033.798 rows=1161316 loops=1)
        Buckets: 131072  Batches: 64  Memory Usage: 1790kB
        ->  Hash Join  (cost=102767.86..986355.73 rows=3226504 width=8) (actual time=5210.116..17689.415 rows=1161316 loops=1)
              Hash Cond: (ci.movie_id = t.id)
              ->  Seq Scan on cast_info ci  (cost=0.00..796071.18 rows=3226504 width=4) (actual time=3358.607..14481.988 rows=1161316 loops=1)
                    Filter: ((person_id < 2782167) AND (role_id = 10))
                    Rows Removed by Filter: 35083028
              ->  Hash  (cost=61283.27..61283.27 rows=2528527 width=4) (actual time=1850.094..1850.094 rows=2528312 loops=1)
                    Buckets: 131072  Batches: 64  Memory Usage: 2415kB
                    ->  Seq Scan on title t  (cost=0.00..61283.27 rows=2528527 width=4) (actual time=0.024..1067.304 rows=2528312 loops=1)
Planning time: 1.196 ms
Execution time: 43681.696 ms
