Seq Scan on title t  (cost=0.00..73925.90 rows=23083 width=0) (actual time=210.969..988.453 rows=21206 loops=1)
  Filter: ((production_year < 1988) AND (kind_id = 2))
  Rows Removed by Filter: 2507106
Planning time: 0.402 ms
Execution time: 992.677 ms
