Hash Join  (cost=429825.03..490020.19 rows=5414 width=0) (actual time=7336.350..8015.355 rows=101519 loops=1)
  Hash Cond: (mc.movie_id = t.id)
  ->  Seq Scan on movie_companies mc  (cost=0.00..57926.93 rows=590423 width=4) (actual time=191.243..964.035 rows=376406 loops=1)
        Filter: ((company_id < 9172) AND (company_type_id > 1))
        Rows Removed by Filter: 2232723
  ->  Hash  (cost=429535.22..429535.22 rows=23185 width=8) (actual time=6885.178..6885.178 rows=123897 loops=1)
        Buckets: 131072 (originally 32768)  Batches: 2 (originally 1)  Memory Usage: 3458kB
        ->  Hash Join  (cost=79775.76..429535.22 rows=23185 width=8) (actual time=4888.468..6842.725 rows=123897 loops=1)
              Hash Cond: (mi.movie_id = t.id)
              ->  Seq Scan on movie_info mi  (cost=0.00..346232.03 rows=164423 width=4) (actual time=3575.508..5350.757 rows=197754 loops=1)
                    Filter: (info_type_id > 106)
                    Rows Removed by Filter: 14637966
              ->  Hash  (cost=73925.90..73925.90 rows=356548 width=4) (actual time=1294.768..1294.768 rows=424572 loops=1)
                    Buckets: 131072  Batches: 8  Memory Usage: 2906kB
                    ->  Seq Scan on title t  (cost=0.00..73925.90 rows=356548 width=4) (actual time=476.131..1155.858 rows=424572 loops=1)
                          Filter: ((production_year < 2005) AND (kind_id = 1))
                          Rows Removed by Filter: 2103740
Planning time: 0.991 ms
Execution time: 8046.845 ms
