Hash Join  (cost=102767.86..171016.51 rows=289510 width=0) (actual time=2061.454..3251.798 rows=295705 loops=1)
  Hash Cond: (mc.movie_id = t.id)
  ->  Seq Scan on movie_companies mc  (cost=0.00..51404.11 rows=289510 width=4) (actual time=169.270..766.879 rows=295705 loops=1)
        Filter: (company_id > 94756)
        Rows Removed by Filter: 2313424
  ->  Hash  (cost=61283.27..61283.27 rows=2528527 width=4) (actual time=1890.934..1890.934 rows=2528312 loops=1)
        Buckets: 131072  Batches: 64  Memory Usage: 2415kB
        ->  Seq Scan on title t  (cost=0.00..61283.27 rows=2528527 width=4) (actual time=0.017..1070.652 rows=2528312 loops=1)
Planning time: 0.730 ms
Execution time: 3283.616 ms
