Seq Scan on movie_companies mc  (cost=0.00..57926.93 rows=5673 width=0) (actual time=381.953..1003.175 rows=5759 loops=1)
  Filter: ((company_type_id > 1) AND (company_id = 11203))
  Rows Removed by Filter: 2603370
Planning time: 0.295 ms
Execution time: 1004.209 ms
