Hash Join  (cost=52284.99..138944.89 rows=186 width=0) (actual time=2151.400..2628.031 rows=1 loops=1)
  Hash Cond: (mk.movie_id = t.id)
  ->  Seq Scan on movie_keyword mk  (cost=0.00..69693.30 rows=4523930 width=4) (actual time=0.028..1015.816 rows=4523930 loops=1)
  ->  Hash  (cost=52283.69..52283.69 rows=104 width=8) (actual time=835.385..835.385 rows=81 loops=1)
        Buckets: 1024  Batches: 1  Memory Usage: 12kB
        ->  Nested Loop  (cost=0.43..52283.69 rows=104 width=8) (actual time=240.178..835.330 rows=81 loops=1)
              ->  Seq Scan on movie_companies mc  (cost=0.00..51404.11 rows=104 width=4) (actual time=240.108..834.057 rows=81 loops=1)
                    Filter: (company_id = 77311)
                    Rows Removed by Filter: 2609048
              ->  Index Only Scan using title_pkey on title t  (cost=0.43..8.45 rows=1 width=4) (actual time=0.014..0.015 rows=1 loops=81)
                    Index Cond: (id = mc.movie_id)
                    Heap Fetches: 81
Planning time: 1.361 ms
Execution time: 2628.137 ms
