Hash Join  (cost=1051482.94..1267347.72 rows=6311701 width=0) (actual time=23331.763..39620.068 rows=52983384 loops=1)
  Hash Cond: (mk.movie_id = t.id)
  ->  Seq Scan on movie_keyword mk  (cost=0.00..69693.30 rows=4523930 width=4) (actual time=0.007..1488.864 rows=4523930 loops=1)
  ->  Hash  (cost=993605.02..993605.02 rows=3527753 width=8) (actual time=23330.757..23330.757 rows=4065768 loops=1)
        Buckets: 131072  Batches: 64  Memory Usage: 3545kB
        ->  Hash Join  (cost=102767.86..993605.02 rows=3527753 width=8) (actual time=1900.493..22060.235 rows=4065768 loops=1)
              Hash Cond: (ci.movie_id = t.id)
              ->  Seq Scan on cast_info ci  (cost=0.00..796071.18 rows=3527753 width=4) (actual time=0.008..16013.168 rows=4065768 loops=1)
                    Filter: ((person_id > 635363) AND (role_id = 10))
                    Rows Removed by Filter: 32178576
              ->  Hash  (cost=61283.27..61283.27 rows=2528527 width=4) (actual time=1898.923..1898.923 rows=2528312 loops=1)
                    Buckets: 131072  Batches: 64  Memory Usage: 2415kB
                    ->  Seq Scan on title t  (cost=0.00..61283.27 rows=2528527 width=4) (actual time=0.023..1051.453 rows=2528312 loops=1)
Planning time: 4.112 ms
Execution time: 45816.979 ms
