Hash Join  (cost=69002.72..168058.11 rows=50177 width=0) (actual time=1399.094..3372.599 rows=51125 loops=1)
  Hash Cond: (mk.movie_id = t.id)
  ->  Seq Scan on movie_keyword mk  (cost=0.00..81003.12 rows=1488930 width=4) (actual time=0.026..1488.214 rows=1504229 loops=1)
        Filter: (keyword_id > 10771)
        Rows Removed by Filter: 3019701
  ->  Hash  (cost=67604.59..67604.59 rows=85211 width=4) (actual time=1398.156..1398.156 rows=84593 loops=1)
        Buckets: 131072  Batches: 2  Memory Usage: 2524kB
        ->  Seq Scan on title t  (cost=0.00..67604.59 rows=85211 width=4) (actual time=0.018..1058.116 rows=84593 loops=1)
              Filter: (production_year = 2004)
              Rows Removed by Filter: 2443719
Planning time: 0.716 ms
Execution time: 3379.558 ms
