Hash Join  (cost=96651.52..1010695.13 rows=3924459 width=0) (actual time=9296.632..16463.738 rows=1535187 loops=1)
  Hash Cond: (ci.movie_id = t.id)
  ->  Seq Scan on cast_info ci  (cost=0.00..796071.18 rows=5604767 width=4) (actual time=7306.341..12520.255 rows=2404530 loops=1)
        Filter: ((person_id > 2930686) AND (role_id < 6))
        Rows Removed by Filter: 33839814
  ->  Hash  (cost=67604.59..67604.59 rows=1770475 width=4) (actual time=1988.763..1988.763 rows=1774635 loops=1)
        Buckets: 131072  Batches: 32  Memory Usage: 2978kB
        ->  Seq Scan on title t  (cost=0.00..67604.59 rows=1770475 width=4) (actual time=0.033..1410.584 rows=1774635 loops=1)
              Filter: (kind_id > 2)
              Rows Removed by Filter: 753677
Planning time: 0.768 ms
Execution time: 16626.888 ms
