Seq Scan on movie_companies mc  (cost=0.00..57926.93 rows=202551 width=0) (actual time=0.026..986.072 rows=402367 loops=1)
  Filter: ((company_id > 81952) AND (company_type_id = 2))
  Rows Removed by Filter: 2206762
Planning time: 0.409 ms
Execution time: 1039.852 ms
