Seq Scan on cast_info ci  (cost=0.00..705507.15 rows=16232449 width=0) (actual time=320.458..12775.718 rows=16385533 loops=1)
  Filter: (person_id > 1993642)
  Rows Removed by Filter: 19858811
Planning time: 0.600 ms
Execution time: 14816.012 ms
