Seq Scan on cast_info ci  (cost=0.00..796071.18 rows=4624484 width=0) (actual time=2309.377..10768.749 rows=5167132 loops=1)
  Filter: ((person_id < 558227) AND (role_id < 8))
  Rows Removed by Filter: 31077212
Planning time: 0.343 ms
Execution time: 11338.345 ms
