Hash Join  (cost=127810.31..492760.44 rows=29420 width=0) (actual time=1477.757..10835.191 rows=154104 loops=1)
  Hash Cond: (mi.movie_id = t.id)
  ->  Seq Scan on movie_info mi  (cost=0.00..309384.22 rows=14739122 width=4) (actual time=0.017..6321.791 rows=14835720 loops=1)
  ->  Hash  (cost=127747.23..127747.23 rows=5047 width=8) (actual time=1477.169..1477.169 rows=6365 loops=1)
        Buckets: 8192  Batches: 1  Memory Usage: 313kB
        ->  Nested Loop  (cost=0.43..127747.23 rows=5047 width=8) (actual time=0.925..1473.556 rows=6365 loops=1)
              ->  Seq Scan on movie_keyword mk  (cost=0.00..81003.12 rows=6635 width=4) (actual time=0.870..1303.841 rows=6649 loops=1)
                    Filter: (keyword_id = 500)
                    Rows Removed by Filter: 4517281
              ->  Index Scan using title_pkey on title t  (cost=0.43..7.04 rows=1 width=4) (actual time=0.024..0.025 rows=1 loops=6649)
                    Index Cond: (id = mk.movie_id)
                    Filter: (production_year < 2010)
                    Rows Removed by Filter: 0
Planning time: 5.557 ms
Execution time: 10857.620 ms
