Hash Join  (cost=141820.76..274170.41 rows=849261 width=0) (actual time=3369.201..9103.322 rows=9142911 loops=1)
  Hash Cond: (mk.movie_id = t.id)
  ->  Seq Scan on movie_keyword mk  (cost=0.00..69693.30 rows=4523930 width=4) (actual time=0.014..1448.646 rows=4523930 loops=1)
  ->  Hash  (cost=134032.37..134032.37 rows=474671 width=8) (actual time=3367.928..3367.928 rows=915677 loops=1)
        Buckets: 131072 (originally 131072)  Batches: 16 (originally 8)  Memory Usage: 3282kB
        ->  Hash Join  (cost=88195.18..134032.37 rows=474671 width=8) (actual time=1512.367..3085.871 rows=915677 loops=1)
              Hash Cond: (mi_idx.movie_id = t.id)
              ->  Seq Scan on movie_info_idx mi_idx  (cost=0.00..21735.35 rows=1380035 width=4) (actual time=0.023..494.641 rows=1380035 loops=1)
              ->  Hash  (cost=73925.90..73925.90 rows=869702 width=4) (actual time=1511.599..1511.599 rows=896788 loops=1)
                    Buckets: 131072  Batches: 16  Memory Usage: 2998kB
                    ->  Seq Scan on title t  (cost=0.00..73925.90 rows=869702 width=4) (actual time=0.016..1235.340 rows=896788 loops=1)
                          Filter: ((kind_id < 7) AND (production_year < 2012))
                          Rows Removed by Filter: 1631524
Planning time: 1.129 ms
Execution time: 10092.338 ms
