Seq Scan on movie_keyword mk  (cost=0.00..81003.12 rows=246 width=0) (actual time=10.620..1112.436 rows=462 loops=1)
  Filter: (keyword_id = 14075)
  Rows Removed by Filter: 4523468
Planning time: 0.479 ms
Execution time: 1112.700 ms
