Seq Scan on movie_keyword mk  (cost=0.00..81003.12 rows=4104762 width=0) (actual time=0.014..1638.904 rows=4113255 loops=1)
  Filter: (keyword_id < 42097)
  Rows Removed by Filter: 410675
Planning time: 0.315 ms
Execution time: 2158.236 ms
