Seq Scan on movie_keyword mk  (cost=0.00..81003.12 rows=4440044 width=0) (actual time=0.021..1568.489 rows=4434952 loops=1)
  Filter: (keyword_id > 73)
  Rows Removed by Filter: 88978
Planning time: 0.336 ms
Execution time: 2123.903 ms
