Seq Scan on movie_companies mc  (cost=0.00..51404.11 rows=104 width=0) (actual time=604.852..824.432 rows=1 loops=1)
  Filter: (company_id = 216770)
  Rows Removed by Filter: 2609128
Planning time: 0.386 ms
Execution time: 824.508 ms
