Hash Join  (cost=456393.69..587507.64 rows=747891 width=0) (actual time=8147.485..12102.038 rows=2307625 loops=1)
  Hash Cond: (mk.movie_id = t.id)
  ->  Seq Scan on movie_keyword mk  (cost=0.00..69693.30 rows=4523930 width=4) (actual time=0.023..1429.217 rows=4523930 loops=1)
  ->  Hash  (cost=449535.53..449535.53 rows=418013 width=8) (actual time=8146.416..8146.416 rows=147307 loops=1)
        Buckets: 131072  Batches: 8  Memory Usage: 1746kB
        ->  Hash Join  (cost=80562.70..449535.53 rows=418013 width=8) (actual time=1445.137..8097.575 rows=147307 loops=1)
              Hash Cond: (mi.movie_id = t.id)
              ->  Seq Scan on movie_info mi  (cost=0.00..346232.03 rows=1338312 width=4) (actual time=0.016..5866.231 rows=1401902 loops=1)
                    Filter: (info_type_id = 7)
                    Rows Removed by Filter: 13433818
              ->  Hash  (cost=67604.59..67604.59 rows=789769 width=4) (actual time=1443.231..1443.231 rows=784926 loops=1)
                    Buckets: 131072  Batches: 16  Memory Usage: 2755kB
                    ->  Seq Scan on title t  (cost=0.00..67604.59 rows=789769 width=4) (actual time=0.017..1186.657 rows=784926 loops=1)
                          Filter: (production_year > 2007)
                          Rows Removed by Filter: 1743386
Planning time: 4.716 ms
Execution time: 12358.655 ms
