Seq Scan on movie_keyword mk  (cost=0.00..81003.12 rows=467174 width=0) (actual time=0.022..1236.541 rows=464049 loops=1)
  Filter: (keyword_id > 38324)
  Rows Removed by Filter: 4059881
Planning time: 0.322 ms
Execution time: 1296.153 ms
