Seq Scan on movie_keyword mk  (cost=0.00..81003.12 rows=4075328 width=0) (actual time=0.030..1596.371 rows=4076283 loops=1)
  Filter: (keyword_id < 39651)
  Rows Removed by Filter: 447647
Planning time: 0.295 ms
Execution time: 2095.622 ms
