Hash Join  (cost=156487.41..966606.08 rows=1400247 width=0) (actual time=3705.060..20904.791 rows=3045063 loops=1)
  Hash Cond: (ci.movie_id = t.id)
  ->  Seq Scan on cast_info ci  (cost=0.00..705507.15 rows=7680547 width=4) (actual time=0.012..12663.264 rows=7706816 loops=1)
        Filter: (person_id > 2905984)
        Rows Removed by Filter: 28537528
  ->  Hash  (cost=148924.19..148924.19 rows=460978 width=8) (actual time=3704.335..3704.335 rows=459925 loops=1)
        Buckets: 131072  Batches: 8  Memory Usage: 3275kB
        ->  Hash Join  (cost=102767.86..148924.19 rows=460978 width=8) (actual time=2344.508..3580.917 rows=459925 loops=1)
              Hash Cond: (mi_idx.movie_id = t.id)
              ->  Seq Scan on movie_info_idx mi_idx  (cost=0.00..25185.44 rows=460978 width=4) (actual time=0.026..487.366 rows=459925 loops=1)
                    Filter: (info_type_id = 99)
                    Rows Removed by Filter: 920110
              ->  Hash  (cost=61283.27..61283.27 rows=2528527 width=4) (actual time=2343.277..2343.277 rows=2528312 loops=1)
                    Buckets: 131072  Batches: 64  Memory Usage: 2415kB
                    ->  Seq Scan on title t  (cost=0.00..61283.27 rows=2528527 width=4) (actual time=0.013..1044.322 rows=2528312 loops=1)
Planning time: 0.797 ms
Execution time: 21263.491 ms
