Hash Join  (cost=96754.97..175432.43 rows=704116 width=0) (actual time=2663.796..3846.021 rows=309590 loops=1)
  Hash Cond: (mc.movie_id = t.id)
  ->  Seq Scan on movie_companies mc  (cost=0.00..51404.11 rows=1279517 width=4) (actual time=0.023..983.290 rows=1274246 loops=1)
        Filter: (company_type_id < 2)
        Rows Removed by Filter: 1334883
  ->  Hash  (cost=73925.90..73925.90 rows=1391445 width=4) (actual time=1969.701..1969.701 rows=1468207 loops=1)
        Buckets: 131072  Batches: 32  Memory Usage: 2639kB
        ->  Seq Scan on title t  (cost=0.00..73925.90 rows=1391445 width=4) (actual time=0.015..1501.493 rows=1468207 loops=1)
              Filter: ((production_year > 1952) AND (kind_id = 7))
              Rows Removed by Filter: 1060105
Planning time: 0.738 ms
Execution time: 3881.247 ms
