Seq Scan on movie_keyword mk  (cost=0.00..81003.12 rows=1895225 width=0) (actual time=0.026..1436.999 rows=1904377 loops=1)
  Filter: (keyword_id > 7098)
  Rows Removed by Filter: 2619553
Planning time: 0.365 ms
Execution time: 1673.506 ms
