Seq Scan on movie_keyword mk  (cost=0.00..81003.12 rows=304313 width=0) (actual time=0.028..1283.420 rows=301115 loops=1)
  Filter: (keyword_id > 53816)
  Rows Removed by Filter: 4222815
Planning time: 0.348 ms
Execution time: 1322.747 ms
