Hash Join  (cost=263115.61..1148284.38 rows=3339469 width=0) (actual time=6405.357..26619.138 rows=6819875 loops=1)
  Hash Cond: (ci.movie_id = t.id)
  ->  Seq Scan on cast_info ci  (cost=0.00..796071.18 rows=3236305 width=4) (actual time=0.018..15794.752 rows=3478393 loops=1)
        Filter: ((person_id > 660722) AND (role_id = 3))
        Rows Removed by Filter: 32765951
  ->  Hash  (cost=220309.49..220309.49 rows=2609129 width=8) (actual time=6403.976..6403.976 rows=2609129 loops=1)
        Buckets: 131072  Batches: 64  Memory Usage: 2610kB
        ->  Hash Join  (cost=102767.86..220309.49 rows=2609129 width=8) (actual time=2284.829..5689.140 rows=2609129 loops=1)
              Hash Cond: (mc.movie_id = t.id)
              ->  Seq Scan on movie_companies mc  (cost=0.00..44881.29 rows=2609129 width=4) (actual time=0.014..899.642 rows=2609129 loops=1)
              ->  Hash  (cost=61283.27..61283.27 rows=2528527 width=4) (actual time=2283.469..2283.469 rows=2528312 loops=1)
                    Buckets: 131072  Batches: 64  Memory Usage: 2415kB
                    ->  Seq Scan on title t  (cost=0.00..61283.27 rows=2528527 width=4) (actual time=0.014..1194.929 rows=2528312 loops=1)
Planning time: 0.791 ms
Execution time: 27452.185 ms
