Hash Join  (cost=80384.28..215703.62 rows=626258 width=0) (actual time=1521.481..5029.832 rows=194112 loops=1)
  Hash Cond: (mk.movie_id = t.id)
  ->  Seq Scan on movie_keyword mk  (cost=0.00..81003.12 rows=4022837 width=4) (actual time=0.019..1791.023 rows=4029431 loops=1)
        Filter: (keyword_id < 36469)
        Rows Removed by Filter: 494499
  ->  Hash  (cost=73925.90..73925.90 rows=393630 width=4) (actual time=1520.440..1520.440 rows=401187 loops=1)
        Buckets: 131072  Batches: 8  Memory Usage: 2800kB
        ->  Seq Scan on title t  (cost=0.00..73925.90 rows=393630 width=4) (actual time=0.007..1380.612 rows=401187 loops=1)
              Filter: ((kind_id > 1) AND (production_year > 2009))
              Rows Removed by Filter: 2127125
Planning time: 0.561 ms
Execution time: 5053.725 ms
