Hash Join  (cost=880509.31..941760.71 rows=16447 width=0) (actual time=13974.717..15331.241 rows=244377 loops=1)
  Hash Cond: (mc.movie_id = t.id)
  ->  Seq Scan on movie_companies mc  (cost=0.00..57926.93 rows=842665 width=4) (actual time=49.098..1060.409 rows=1154747 loops=1)
        Filter: ((company_id < 21561) AND (company_type_id = 1))
        Rows Removed by Filter: 1454382
  ->  Hash  (cost=879892.42..879892.42 rows=49351 width=8) (actual time=13644.764..13644.764 rows=285250 loops=1)
        Buckets: 131072 (originally 65536)  Batches: 4 (originally 1)  Memory Usage: 3814kB
        ->  Hash Join  (cost=78556.72..879892.42 rows=49351 width=8) (actual time=9306.938..13543.197 rows=285250 loops=1)
              Hash Cond: (ci.movie_id = t.id)
              ->  Seq Scan on cast_info ci  (cost=0.00..796071.18 rows=186935 width=4) (actual time=7886.346..11638.889 rows=562362 loops=1)
                    Filter: ((person_id > 2914417) AND (role_id = 5))
                    Rows Removed by Filter: 35681982
              ->  Hash  (cost=67604.59..67604.59 rows=667531 width=4) (actual time=1419.379..1419.379 rows=662825 loops=1)
                    Buckets: 131072  Batches: 16  Memory Usage: 2476kB
                    ->  Seq Scan on title t  (cost=0.00..67604.59 rows=667531 width=4) (actual time=52.086..1222.483 rows=662825 loops=1)
                          Filter: (kind_id = 1)
                          Rows Removed by Filter: 1865487
Planning time: 1.331 ms
Execution time: 15363.251 ms
