Seq Scan on cast_info ci  (cost=0.00..796071.18 rows=5158748 width=0) (actual time=0.049..14301.247 rows=8279732 loops=1)
  Filter: ((person_id > 2094369) AND (role_id > 3))
  Rows Removed by Filter: 27964612
Planning time: 0.367 ms
Execution time: 15340.892 ms
