Hash Join  (cost=73974.15..128679.51 rows=3983 width=0) (actual time=1189.608..2188.042 rows=11514 loops=1)
  Hash Cond: (mc.movie_id = t.id)
  ->  Seq Scan on movie_companies mc  (cost=0.00..44881.29 rows=2609129 width=4) (actual time=0.023..621.093 rows=2609129 loops=1)
  ->  Hash  (cost=73925.90..73925.90 rows=3860 width=4) (actual time=1018.057..1018.057 rows=7727 loops=1)
        Buckets: 8192 (originally 4096)  Batches: 1 (originally 1)  Memory Usage: 336kB
        ->  Seq Scan on title t  (cost=0.00..73925.90 rows=3860 width=4) (actual time=15.712..1014.482 rows=7727 loops=1)
              Filter: ((kind_id = 4) AND (production_year = 2004))
              Rows Removed by Filter: 2520585
Planning time: 0.759 ms
Execution time: 2190.261 ms
