Hash Join  (cost=181122.73..691191.79 rows=1332635 width=0) (actual time=3788.530..18813.581 rows=6526178 loops=1)
  Hash Cond: (mi.movie_id = t.id)
  ->  Seq Scan on movie_info mi  (cost=0.00..346232.03 rows=12928982 width=4) (actual time=0.015..7144.534 rows=12970088 loops=1)
        Filter: (info_type_id < 18)
        Rows Removed by Filter: 1865632
  ->  Hash  (cost=176845.93..176845.93 rows=260624 width=8) (actual time=3787.790..3787.790 rows=517255 loops=1)
        Buckets: 131072 (originally 131072)  Batches: 8 (originally 4)  Memory Usage: 3570kB
        ->  Hash Join  (cost=102767.86..176845.93 rows=260624 width=8) (actual time=2308.857..3629.052 rows=517255 loops=1)
              Hash Cond: (mc.movie_id = t.id)
              ->  Seq Scan on movie_companies mc  (cost=0.00..57926.93 rows=260624 width=4) (actual time=434.684..943.944 rows=517255 loops=1)
                    Filter: ((company_id > 73504) AND (company_type_id = 2))
                    Rows Removed by Filter: 2091874
              ->  Hash  (cost=61283.27..61283.27 rows=2528527 width=4) (actual time=1873.289..1873.289 rows=2528312 loops=1)
                    Buckets: 131072  Batches: 64  Memory Usage: 2415kB
                    ->  Seq Scan on title t  (cost=0.00..61283.27 rows=2528527 width=4) (actual time=0.017..1058.193 rows=2528312 loops=1)
Planning time: 3.295 ms
Execution time: 19585.582 ms
