Seq Scan on movie_companies mc  (cost=0.00..57926.93 rows=56354 width=0) (actual time=306.914..829.668 rows=110734 loops=1)
  Filter: ((company_id > 151441) AND (company_type_id > 1))
  Rows Removed by Filter: 2498395
Planning time: 0.341 ms
Execution time: 843.906 ms
