Hash Join  (cost=156487.41..232314.42 rows=308084 width=0) (actual time=3378.585..5544.919 rows=832396 loops=1)
  Hash Cond: (mc.movie_id = t.id)
  ->  Seq Scan on movie_companies mc  (cost=0.00..51404.11 rows=1689881 width=4) (actual time=0.015..1052.727 rows=1688102 loops=1)
        Filter: (company_id > 3139)
        Rows Removed by Filter: 921027
  ->  Hash  (cost=148924.19..148924.19 rows=460978 width=8) (actual time=3377.745..3377.745 rows=459925 loops=1)
        Buckets: 131072  Batches: 8  Memory Usage: 3275kB
        ->  Hash Join  (cost=102767.86..148924.19 rows=460978 width=8) (actual time=1936.993..3238.203 rows=459925 loops=1)
              Hash Cond: (mi_idx.movie_id = t.id)
              ->  Seq Scan on movie_info_idx mi_idx  (cost=0.00..25185.44 rows=460978 width=4) (actual time=0.014..497.457 rows=459925 loops=1)
                    Filter: (info_type_id < 100)
                    Rows Removed by Filter: 920110
              ->  Hash  (cost=61283.27..61283.27 rows=2528527 width=4) (actual time=1935.121..1935.121 rows=2528312 loops=1)
                    Buckets: 131072  Batches: 64  Memory Usage: 2415kB
                    ->  Seq Scan on title t  (cost=0.00..61283.27 rows=2528527 width=4) (actual time=0.019..1110.343 rows=2528312 loops=1)
Planning time: 4.736 ms
Execution time: 5648.712 ms
