Hash Join  (cost=189483.83..698351.56 rows=2723581 width=0) (actual time=3916.574..23575.768 rows=23186783 loops=1)
  Hash Cond: (mi.movie_id = t.id)
  ->  Seq Scan on movie_info mi  (cost=0.00..309384.22 rows=14739122 width=4) (actual time=0.016..6031.741 rows=14835720 loops=1)
  ->  Hash  (cost=181817.38..181817.38 rows=467236 width=8) (actual time=3915.569..3915.569 rows=670895 loops=1)
        Buckets: 131072 (originally 131072)  Batches: 16 (originally 8)  Memory Usage: 3073kB
        ->  Hash Join  (cost=102767.86..181817.38 rows=467236 width=8) (actual time=1858.126..3714.708 rows=670895 loops=1)
              Hash Cond: (mc.movie_id = t.id)
              ->  Seq Scan on movie_companies mc  (cost=0.00..57926.93 rows=467236 width=4) (actual time=54.664..998.475 rows=670895 loops=1)
                    Filter: ((company_id < 3754) AND (company_type_id = 1))
                    Rows Removed by Filter: 1938234
              ->  Hash  (cost=61283.27..61283.27 rows=2528527 width=4) (actual time=1802.148..1802.148 rows=2528312 loops=1)
                    Buckets: 131072  Batches: 64  Memory Usage: 2415kB
                    ->  Seq Scan on title t  (cost=0.00..61283.27 rows=2528527 width=4) (actual time=0.022..996.957 rows=2528312 loops=1)
Planning time: 1.151 ms
Execution time: 26380.015 ms
