Hash Join  (cost=76656.98..154074.61 rows=171711 width=0) (actual time=1700.360..3458.837 rows=87613 loops=1)
  Hash Cond: (mc.movie_id = t.id)
  ->  Seq Scan on movie_companies mc  (cost=0.00..44881.29 rows=2609129 width=4) (actual time=0.020..787.853 rows=2609129 loops=1)
  ->  Hash  (cost=73925.90..73925.90 rows=166406 width=4) (actual time=1632.889..1632.889 rows=66078 loops=1)
        Buckets: 131072  Batches: 4  Memory Usage: 1604kB
        ->  Seq Scan on title t  (cost=0.00..73925.90 rows=166406 width=4) (actual time=44.887..1078.571 rows=66078 loops=1)
              Filter: ((production_year < 1963) AND (kind_id = 7))
              Rows Removed by Filter: 2462234
Planning time: 0.768 ms
Execution time: 3470.325 ms
