Hash Join  (cost=334791.12..876997.32 rows=8865101 width=0) (actual time=9851.039..52706.078 rows=155890787 loops=1)
  Hash Cond: (mi.movie_id = t.id)
  ->  Seq Scan on movie_info mi  (cost=0.00..346232.03 rows=6066156 width=4) (actual time=1232.483..6351.734 rows=6049138 loops=1)
        Filter: (info_type_id > 12)
        Rows Removed by Filter: 8786582
  ->  Hash  (cost=274166.14..274166.14 rows=3695198 width=8) (actual time=8617.657..8617.657 rows=4200438 loops=1)
        Buckets: 131072  Batches: 64  Memory Usage: 3690kB
        ->  Hash Join  (cost=101489.21..274166.14 rows=3695198 width=8) (actual time=2330.435..7348.033 rows=4200438 loops=1)
              Hash Cond: (mk.movie_id = t.id)
              ->  Seq Scan on movie_keyword mk  (cost=0.00..69693.30 rows=4523930 width=4) (actual time=0.026..1436.079 rows=4523930 loops=1)
              ->  Hash  (cost=67604.59..67604.59 rows=2065330 width=4) (actual time=2329.388..2329.388 rows=2064552 loops=1)
                    Buckets: 131072  Batches: 32  Memory Usage: 3298kB
                    ->  Seq Scan on title t  (cost=0.00..67604.59 rows=2065330 width=4) (actual time=0.020..1336.669 rows=2064552 loops=1)
                          Filter: (production_year < 2011)
                          Rows Removed by Filter: 463760
Planning time: 0.801 ms
Execution time: 69855.562 ms
