Hash Join  (cost=83074.74..109986.57 rows=134 width=0) (actual time=1300.242..1829.523 rows=148 loops=1)
  Hash Cond: (mi_idx.movie_id = t.id)
  ->  Seq Scan on movie_info_idx mi_idx  (cost=0.00..21735.35 rows=1380035 width=4) (actual time=0.027..303.934 rows=1380035 loops=1)
  ->  Hash  (cost=83071.67..83071.67 rows=246 width=8) (actual time=1286.188..1286.188 rows=84 loops=1)
        Buckets: 1024  Batches: 1  Memory Usage: 12kB
        ->  Nested Loop  (cost=0.43..83071.67 rows=246 width=8) (actual time=4.569..1286.058 rows=84 loops=1)
              ->  Seq Scan on movie_keyword mk  (cost=0.00..81003.12 rows=246 width=4) (actual time=4.496..1282.967 rows=84 loops=1)
                    Filter: (keyword_id = 2355)
                    Rows Removed by Filter: 4523846
              ->  Index Only Scan using title_pkey on title t  (cost=0.43..8.40 rows=1 width=4) (actual time=0.032..0.033 rows=1 loops=84)
                    Index Cond: (id = mk.movie_id)
                    Heap Fetches: 84
Planning time: 1.310 ms
Execution time: 1829.679 ms
