Seq Scan on movie_keyword mk  (cost=0.00..81003.12 rows=246 width=0) (actual time=68.952..1170.834 rows=175 loops=1)
  Filter: (keyword_id = 37127)
  Rows Removed by Filter: 4523755
Planning time: 0.380 ms
Execution time: 1171.004 ms
