Hash Join  (cost=83810.17..226309.93 rows=1455507 width=0) (actual time=1413.135..5683.555 rows=3206990 loops=1)
  Hash Cond: (mk.movie_id = t.id)
  ->  Seq Scan on movie_keyword mk  (cost=0.00..81003.12 rows=3726017 width=4) (actual time=0.029..1779.673 rows=3722237 loops=1)
        Filter: (keyword_id < 23082)
        Rows Removed by Filter: 801693
  ->  Hash  (cost=67604.59..67604.59 rows=987727 width=4) (actual time=1411.910..1411.910 rows=985048 loops=1)
        Buckets: 131072  Batches: 16  Memory Usage: 3197kB
        ->  Seq Scan on title t  (cost=0.00..67604.59 rows=987727 width=4) (actual time=0.017..1096.667 rows=985048 loops=1)
              Filter: (kind_id < 7)
              Rows Removed by Filter: 1543264
Planning time: 0.765 ms
Execution time: 6024.188 ms
