Seq Scan on movie_keyword mk  (cost=0.00..81003.12 rows=598004 width=0) (actual time=0.023..1339.038 rows=601971 loops=1)
  Filter: (keyword_id < 446)
  Rows Removed by Filter: 3921959
Planning time: 0.740 ms
Execution time: 1415.755 ms
