Hash Join  (cost=469086.30..600492.58 rows=771824 width=0) (actual time=8194.029..12309.353 rows=2879526 loops=1)
  Hash Cond: (mk.movie_id = t.id)
  ->  Seq Scan on movie_keyword mk  (cost=0.00..69693.30 rows=4523930 width=4) (actual time=0.028..1435.313 rows=4523930 loops=1)
  ->  Hash  (cost=462007.93..462007.93 rows=431390 width=8) (actual time=8187.236..8187.236 rows=283252 loops=1)
        Buckets: 131072  Batches: 8  Memory Usage: 2369kB
        ->  Hash Join  (cost=96651.52..462007.93 rows=431390 width=8) (actual time=3068.989..8102.972 rows=283252 loops=1)
              Hash Cond: (mi.movie_id = t.id)
              ->  Seq Scan on movie_info mi  (cost=0.00..346232.03 rows=616095 width=4) (actual time=1086.598..5563.093 rows=598457 loops=1)
                    Filter: (info_type_id = 15)
                    Rows Removed by Filter: 14237263
              ->  Hash  (cost=67604.59..67604.59 rows=1770475 width=4) (actual time=1926.776..1926.776 rows=1774635 loops=1)
                    Buckets: 131072  Batches: 32  Memory Usage: 2984kB
                    ->  Seq Scan on title t  (cost=0.00..67604.59 rows=1770475 width=4) (actual time=0.020..1312.224 rows=1774635 loops=1)
                          Filter: (kind_id > 2)
                          Rows Removed by Filter: 753677
Planning time: 1.188 ms
Execution time: 12632.209 ms
