Hash Join  (cost=67697.55..94648.62 rows=4059 width=0) (actual time=974.258..1521.928 rows=1113 loops=1)
  Hash Cond: (mi_idx.movie_id = t.id)
  ->  Seq Scan on movie_info_idx mi_idx  (cost=0.00..21735.35 rows=1380035 width=4) (actual time=0.015..297.214 rows=1380035 loops=1)
  ->  Hash  (cost=67604.59..67604.59 rows=7437 width=4) (actual time=972.573..972.573 rows=3417 loops=1)
        Buckets: 8192  Batches: 1  Memory Usage: 185kB
        ->  Seq Scan on title t  (cost=0.00..67604.59 rows=7437 width=4) (actual time=559.412..971.008 rows=3417 loops=1)
              Filter: (production_year = 1909)
              Rows Removed by Filter: 2524895
Planning time: 0.826 ms
Execution time: 1522.241 ms
