Hash Join  (cost=83074.53..109985.72 rows=71 width=0) (actual time=1762.863..1958.834 rows=3 loops=1)
  Hash Cond: (mi_idx.movie_id = t.id)
  ->  Seq Scan on movie_info_idx mi_idx  (cost=0.00..21735.35 rows=1380035 width=4) (actual time=0.012..376.911 rows=1380035 loops=1)
  ->  Hash  (cost=83072.90..83072.90 rows=130 width=8) (actual time=1330.692..1330.692 rows=1 loops=1)
        Buckets: 1024  Batches: 1  Memory Usage: 9kB
        ->  Nested Loop  (cost=0.43..83072.90 rows=130 width=8) (actual time=581.320..1330.685 rows=1 loops=1)
              ->  Seq Scan on movie_keyword mk  (cost=0.00..81003.12 rows=246 width=4) (actual time=26.114..1329.690 rows=22 loops=1)
                    Filter: (keyword_id = 4198)
                    Rows Removed by Filter: 4523908
              ->  Index Scan using title_pkey on title t  (cost=0.43..8.40 rows=1 width=4) (actual time=0.040..0.040 rows=0 loops=22)
                    Index Cond: (id = mk.movie_id)
                    Filter: ((production_year > 1961) AND (kind_id = 7))
                    Rows Removed by Filter: 1
Planning time: 1.289 ms
Execution time: 1958.974 ms
