Seq Scan on movie_keyword mk  (cost=0.00..81003.12 rows=246 width=0) (actual time=4.543..1345.976 rows=135 loops=1)
  Filter: (keyword_id = 10134)
  Rows Removed by Filter: 4523795
Planning time: 0.390 ms
Execution time: 1346.165 ms
