Seq Scan on movie_keyword mk  (cost=0.00..81003.12 rows=246 width=0) (actual time=8.406..1347.860 rows=602 loops=1)
  Filter: (keyword_id = 8705)
  Rows Removed by Filter: 4523328
Planning time: 0.381 ms
Execution time: 1348.227 ms
