Hash Join  (cost=513437.85..650554.72 rows=1604657 width=0) (actual time=9257.203..13244.051 rows=3444748 loops=1)
  Hash Cond: (mk.movie_id = t.id)
  ->  Seq Scan on movie_keyword mk  (cost=0.00..81003.12 rows=3009646 width=4) (actual time=0.016..1534.936 rows=2994056 loops=1)
        Filter: (keyword_id > 2217)
        Rows Removed by Filter: 1529874
  ->  Hash  (cost=491319.12..491319.12 rows=1348138 width=8) (actual time=9255.759..9255.759 rows=1298989 loops=1)
        Buckets: 131072  Batches: 32  Memory Usage: 2610kB
        ->  Hash Join  (cost=102767.86..491319.12 rows=1348138 width=8) (actual time=5832.702..8865.481 rows=1298989 loops=1)
              Hash Cond: (mi.movie_id = t.id)
              ->  Seq Scan on movie_info mi  (cost=0.00..346232.03 rows=1348138 width=4) (actual time=3890.059..5414.090 rows=1298989 loops=1)
                    Filter: (info_type_id = 4)
                    Rows Removed by Filter: 13536731
              ->  Hash  (cost=61283.27..61283.27 rows=2528527 width=4) (actual time=1941.500..1941.500 rows=2528312 loops=1)
                    Buckets: 131072  Batches: 64  Memory Usage: 2425kB
                    ->  Seq Scan on title t  (cost=0.00..61283.27 rows=2528527 width=4) (actual time=0.023..1064.288 rows=2528312 loops=1)
Planning time: 1.149 ms
Execution time: 13620.225 ms
