Hash Join  (cost=873539.40..961196.31 rows=99887 width=0) (actual time=15478.774..17165.555 rows=895 loops=1)
  Hash Cond: (mk.movie_id = t.id)
  ->  Seq Scan on movie_keyword mk  (cost=0.00..69693.30 rows=4523930 width=4) (actual time=0.013..942.254 rows=4523930 loops=1)
  ->  Hash  (cost=872841.54..872841.54 rows=55829 width=8) (actual time=15434.959..15434.959 rows=118 loops=1)
        Buckets: 65536  Batches: 1  Memory Usage: 517kB
        ->  Hash Join  (cost=68457.96..872841.54 rows=55829 width=8) (actual time=3996.083..15433.753 rows=118 loops=1)
              Hash Cond: (ci.movie_id = t.id)
              ->  Seq Scan on cast_info ci  (cost=0.00..796071.18 rows=2067761 width=4) (actual time=2900.234..13378.407 rows=3595582 loops=1)
                    Filter: ((person_id > 1872161) AND (role_id = 10))
                    Rows Removed by Filter: 32648762
              ->  Hash  (cost=67604.59..67604.59 rows=68270 width=4) (actual time=1087.427..1087.427 rows=67517 loops=1)
                    Buckets: 131072  Batches: 1  Memory Usage: 3398kB
                    ->  Seq Scan on title t  (cost=0.00..67604.59 rows=68270 width=4) (actual time=0.039..1061.451 rows=67517 loops=1)
                          Filter: (production_year < 1916)
                          Rows Removed by Filter: 2460795
Planning time: 1.287 ms
Execution time: 17166.105 ms
