Seq Scan on movie_companies mc  (cost=0.00..51404.11 rows=104 width=0) (actual time=25.630..827.400 rows=173 loops=1)
  Filter: (company_id = 2512)
  Rows Removed by Filter: 2608956
Planning time: 0.381 ms
Execution time: 827.561 ms
