Hash Join  (cost=78364.59..964044.44 rows=1517053 width=0) (actual time=1824.237..22287.922 rows=1736129 loops=1)
  Hash Cond: (ci.movie_id = t.id)
  ->  Seq Scan on cast_info ci  (cost=0.00..705507.15 rows=14178979 width=4) (actual time=515.806..13074.877 rows=14339421 loops=1)
        Filter: (person_id > 2228068)
        Rows Removed by Filter: 21904923
  ->  Hash  (cost=73925.90..73925.90 rows=270535 width=4) (actual time=1307.317..1307.317 rows=374196 loops=1)
        Buckets: 131072 (originally 131072)  Batches: 8 (originally 4)  Memory Usage: 3073kB
        ->  Seq Scan on title t  (cost=0.00..73925.90 rows=270535 width=4) (actual time=0.029..1180.631 rows=374196 loops=1)
              Filter: ((production_year < 2000) AND (kind_id = 1))
              Rows Removed by Filter: 2154116
Planning time: 0.561 ms
Execution time: 22477.151 ms
