Hash Join  (cost=67697.55..866010.05 rows=1744 width=0) (actual time=11114.323..12773.011 rows=91 loops=1)
  Hash Cond: (ci.movie_id = t.id)
  ->  Seq Scan on cast_info ci  (cost=0.00..796071.18 rows=593035 width=4) (actual time=10014.166..11481.578 rows=1348040 loops=1)
        Filter: ((person_id > 3800601) AND (role_id > 2))
        Rows Removed by Filter: 34896304
  ->  Hash  (cost=67604.59..67604.59 rows=7437 width=4) (actual time=1073.911..1073.911 rows=2915 loops=1)
        Buckets: 8192  Batches: 1  Memory Usage: 167kB
        ->  Seq Scan on title t  (cost=0.00..67604.59 rows=7437 width=4) (actual time=0.076..1072.569 rows=2915 loops=1)
              Filter: (production_year = 1927)
              Rows Removed by Filter: 2525397
Planning time: 0.918 ms
Execution time: 12773.150 ms
