Hash Join  (cost=240820.44..1519513.81 rows=19431012 width=0) (actual time=6453.719..76710.542 rows=171866187 loops=1)
  Hash Cond: (ci.movie_id = t.id)
  ->  Seq Scan on cast_info ci  (cost=0.00..614943.12 rows=36225612 width=4) (actual time=0.012..13697.645 rows=36244344 loops=1)
  ->  Hash  (cost=218569.01..218569.01 rows=1356274 width=8) (actual time=6452.334..6452.334 rows=3069804 loops=1)
        Buckets: 131072 (originally 131072)  Batches: 64 (originally 32)  Memory Usage: 3073kB
        ->  Hash Join  (cost=80042.24..218569.01 rows=1356274 width=8) (actual time=1386.777..5649.385 rows=3069804 loops=1)
              Hash Cond: (mk.movie_id = t.id)
              ->  Seq Scan on movie_keyword mk  (cost=0.00..69693.30 rows=4523930 width=4) (actual time=0.023..1497.121 rows=4523930 loops=1)
              ->  Hash  (cost=67604.59..67604.59 rows=758052 width=4) (actual time=1385.352..1385.352 rows=753677 loops=1)
                    Buckets: 131072  Batches: 16  Memory Usage: 2686kB
                    ->  Seq Scan on title t  (cost=0.00..67604.59 rows=758052 width=4) (actual time=0.018..1142.419 rows=753677 loops=1)
                          Filter: (kind_id < 3)
                          Rows Removed by Filter: 1774635
Planning time: 1.213 ms
Execution time: 94978.892 ms
