Seq Scan on movie_keyword mk  (cost=0.00..81003.12 rows=3294566 width=0) (actual time=0.026..1661.597 rows=3283051 loops=1)
  Filter: (keyword_id < 14584)
  Rows Removed by Filter: 1240879
Planning time: 0.332 ms
Execution time: 2073.440 ms
