Hash Join  (cost=207664.08..680787.71 rows=2388163 width=0) (actual time=5815.856..22774.513 rows=27504625 loops=1)
  Hash Cond: (mi.movie_id = t.id)
  ->  Seq Scan on movie_info mi  (cost=0.00..346232.03 rows=8673596 width=4) (actual time=857.211..6585.659 rows=8786582 loops=1)
        Filter: (info_type_id < 13)
        Rows Removed by Filter: 6049138
  ->  Hash  (cost=196241.62..196241.62 rows=696197 width=8) (actual time=4912.870..4912.870 rows=1510818 loops=1)
        Buckets: 131072 (originally 131072)  Batches: 32 (originally 16)  Memory Usage: 3073kB
        ->  Hash Join  (cost=83810.17..196241.62 rows=696197 width=8) (actual time=1414.148..4456.273 rows=1510818 loops=1)
              Hash Cond: (mk.movie_id = t.id)
              ->  Seq Scan on movie_keyword mk  (cost=0.00..81003.12 rows=1782227 width=4) (actual time=0.035..1640.773 rows=1789167 loops=1)
                    Filter: (keyword_id > 7768)
                    Rows Removed by Filter: 2734763
              ->  Hash  (cost=67604.59..67604.59 rows=987727 width=4) (actual time=1413.193..1413.193 rows=985048 loops=1)
                    Buckets: 131072  Batches: 16  Memory Usage: 3197kB
                    ->  Seq Scan on title t  (cost=0.00..67604.59 rows=987727 width=4) (actual time=0.016..1103.253 rows=985048 loops=1)
                          Filter: (kind_id < 7)
                          Rows Removed by Filter: 1543264
Planning time: 0.776 ms
Execution time: 25917.326 ms
