Hash Join  (cost=547692.12..708809.65 rows=2889165 width=0) (actual time=10922.091..29588.724 rows=66459282 loops=1)
  Hash Cond: (mk.movie_id = t.id)
  ->  Seq Scan on movie_keyword mk  (cost=0.00..81003.12 rows=3328750 width=4) (actual time=0.023..1752.418 rows=3323898 loops=1)
        Filter: (keyword_id > 1471)
        Rows Removed by Filter: 1200032
  ->  Hash  (cost=511686.41..511686.41 rows=2194617 width=8) (actual time=10920.960..10920.960 rows=2233850 loops=1)
        Buckets: 131072  Batches: 32  Memory Usage: 3671kB
        ->  Hash Join  (cost=102767.86..511686.41 rows=2194617 width=8) (actual time=2461.778..10254.986 rows=2233850 loops=1)
              Hash Cond: (mi.movie_id = t.id)
              ->  Seq Scan on movie_info mi  (cost=0.00..346232.03 rows=2194617 width=4) (actual time=451.630..5831.943 rows=2233850 loops=1)
                    Filter: (info_type_id > 16)
                    Rows Removed by Filter: 12601870
              ->  Hash  (cost=61283.27..61283.27 rows=2528527 width=4) (actual time=2009.289..2009.289 rows=2528312 loops=1)
                    Buckets: 131072  Batches: 64  Memory Usage: 2425kB
                    ->  Seq Scan on title t  (cost=0.00..61283.27 rows=2528527 width=4) (actual time=0.020..1159.634 rows=2528312 loops=1)
Planning time: 1.140 ms
Execution time: 37142.253 ms
