Hash Join  (cost=102767.86..1171081.43 rows=14667103 width=0) (actual time=1922.693..27850.195 rows=14577452 loops=1)
  Hash Cond: (ci.movie_id = t.id)
  ->  Seq Scan on cast_info ci  (cost=0.00..705507.15 rows=14667103 width=4) (actual time=0.215..13590.537 rows=14577452 loops=1)
        Filter: (person_id < 1437101)
        Rows Removed by Filter: 21666892
  ->  Hash  (cost=61283.27..61283.27 rows=2528527 width=4) (actual time=1920.966..1920.966 rows=2528312 loops=1)
        Buckets: 131072  Batches: 64  Memory Usage: 2415kB
        ->  Seq Scan on title t  (cost=0.00..61283.27 rows=2528527 width=4) (actual time=0.021..1093.955 rows=2528312 loops=1)
Planning time: 0.749 ms
Execution time: 29541.316 ms
