Hash Join  (cost=448523.52..1491369.03 rows=1761040 width=0) (actual time=10803.422..36737.682 rows=3745282 loops=1)
  Hash Cond: (ci.movie_id = t.id)
  ->  Seq Scan on cast_info ci  (cost=0.00..796071.18 rows=12788893 width=4) (actual time=0.016..16707.618 rows=17438231 loops=1)
        Filter: ((person_id < 2353076) AND (role_id < 3))
        Rows Removed by Filter: 18806113
  ->  Hash  (cost=442810.27..442810.27 rows=348180 width=8) (actual time=10802.609..10802.609 rows=578531 loops=1)
        Buckets: 131072  Batches: 8  Memory Usage: 3839kB
        ->  Hash Join  (cost=74672.54..442810.27 rows=348180 width=8) (actual time=1428.045..10591.120 rows=578531 loops=1)
              Hash Cond: (mi.movie_id = t.id)
              ->  Seq Scan on movie_info mi  (cost=0.00..309384.22 rows=14739122 width=4) (actual time=0.016..4779.377 rows=14835720 loops=1)
              ->  Hash  (cost=73925.90..73925.90 rows=59731 width=4) (actual time=1190.239..1190.239 rows=64886 loops=1)
                    Buckets: 65536  Batches: 1  Memory Usage: 2794kB
                    ->  Seq Scan on title t  (cost=0.00..73925.90 rows=59731 width=4) (actual time=0.011..1165.773 rows=64886 loops=1)
                          Filter: ((production_year < 2008) AND (kind_id = 2))
                          Rows Removed by Filter: 2463426
Planning time: 0.778 ms
Execution time: 37203.117 ms
