Hash Join  (cost=79677.10..1259284.42 rows=7653959 width=0) (actual time=1275.183..37508.362 rows=7798061 loops=1)
  Hash Cond: (ci.movie_id = t.id)
  ->  Seq Scan on cast_info ci  (cost=0.00..796071.18 rows=26302279 width=4) (actual time=0.025..19282.963 rows=28382168 loops=1)
        Filter: ((person_id < 3039676) AND (role_id < 10))
        Rows Removed by Filter: 7862176
  ->  Hash  (cost=67604.59..67604.59 rows=735801 width=4) (actual time=1274.083..1274.083 rows=730985 loops=1)
        Buckets: 131072  Batches: 16  Memory Usage: 2631kB
        ->  Seq Scan on title t  (cost=0.00..67604.59 rows=735801 width=4) (actual time=0.021..1043.554 rows=730985 loops=1)
              Filter: (production_year < 1992)
              Rows Removed by Filter: 1797327
Planning time: 0.819 ms
Execution time: 38407.641 ms
