Seq Scan on cast_info ci  (cost=0.00..705507.15 rows=29177447 width=0) (actual time=0.017..12894.933 rows=29124083 loops=1)
  Filter: (person_id < 2955123)
  Rows Removed by Filter: 7120261
Planning time: 0.359 ms
Execution time: 16413.520 ms
