Hash Join  (cost=83074.16..876718.58 rows=1393 width=0) (actual time=1306.065..19233.529 rows=9441 loops=1)
  Hash Cond: (ci.movie_id = t.id)
  ->  Seq Scan on cast_info ci  (cost=0.00..705507.15 rows=23499554 width=4) (actual time=0.011..14614.206 rows=23573656 loops=1)
        Filter: (role_id > 1)
        Rows Removed by Filter: 12670688
  ->  Hash  (cost=83072.29..83072.29 rows=150 width=8) (actual time=1303.194..1303.194 rows=378 loops=1)
        Buckets: 1024  Batches: 1  Memory Usage: 23kB
        ->  Nested Loop  (cost=0.43..83072.29 rows=150 width=8) (actual time=66.797..1302.957 rows=378 loops=1)
              ->  Seq Scan on movie_keyword mk  (cost=0.00..81003.12 rows=246 width=4) (actual time=0.689..1210.996 rows=1941 loops=1)
                    Filter: (keyword_id = 1684)
                    Rows Removed by Filter: 4521989
              ->  Index Scan using title_pkey on title t  (cost=0.43..8.40 rows=1 width=4) (actual time=0.046..0.046 rows=0 loops=1941)
                    Index Cond: (id = mk.movie_id)
                    Filter: (kind_id = 7)
                    Rows Removed by Filter: 1
Planning time: 0.801 ms
Execution time: 19236.666 ms
