Hash Join  (cost=169457.68..1012999.76 rows=3372422 width=0) (actual time=3886.714..22278.034 rows=6854174 loops=1)
  Hash Cond: (ci.movie_id = t.id)
  ->  Seq Scan on cast_info ci  (cost=0.00..705507.15 rows=8689787 width=4) (actual time=44.128..12443.770 rows=8574137 loops=1)
        Filter: (person_id < 842615)
        Rows Removed by Filter: 27670207
  ->  Hash  (cost=153357.47..153357.47 rows=981297 width=8) (actual time=3841.548..3841.548 rows=944574 loops=1)
        Buckets: 131072  Batches: 16  Memory Usage: 3332kB
        ->  Hash Join  (cost=97102.97..153357.47 rows=981297 width=8) (actual time=1914.762..3565.893 rows=944574 loops=1)
              Hash Cond: (mi_idx.movie_id = t.id)
              ->  Seq Scan on movie_info_idx mi_idx  (cost=0.00..21735.35 rows=1380035 width=4) (actual time=0.023..435.919 rows=1380035 loops=1)
              ->  Hash  (cost=67604.59..67604.59 rows=1797951 width=4) (actual time=1913.609..1913.609 rows=1793384 loops=1)
                    Buckets: 131072  Batches: 32  Memory Usage: 2998kB
                    ->  Seq Scan on title t  (cost=0.00..67604.59 rows=1797951 width=4) (actual time=0.023..1327.334 rows=1793384 loops=1)
                          Filter: (production_year > 1988)
                          Rows Removed by Filter: 734928
Planning time: 1.172 ms
Execution time: 23059.044 ms
