Hash Join  (cost=207629.45..349591.35 rows=1638286 width=0) (actual time=4933.209..14764.147 rows=25894833 loops=1)
  Hash Cond: (mk.movie_id = t.id)
  ->  Seq Scan on movie_keyword mk  (cost=0.00..69693.30 rows=4523930 width=4) (actual time=0.023..1461.616 rows=4523930 loops=1)
  ->  Hash  (cost=192606.51..192606.51 rows=915675 width=8) (actual time=4931.282..4931.282 rows=1223622 loops=1)
        Buckets: 131072  Batches: 16  Memory Usage: 4062kB
        ->  Hash Join  (cost=102767.86..192606.51 rows=915675 width=8) (actual time=2076.370..4375.692 rows=1223622 loops=1)
              Hash Cond: (mc.movie_id = t.id)
              ->  Seq Scan on movie_companies mc  (cost=0.00..57926.93 rows=915675 width=4) (actual time=132.759..1013.874 rows=1223622 loops=1)
                    Filter: ((company_id < 37602) AND (company_type_id < 2))
                    Rows Removed by Filter: 1385507
              ->  Hash  (cost=61283.27..61283.27 rows=2528527 width=4) (actual time=1942.260..1942.260 rows=2528312 loops=1)
                    Buckets: 131072  Batches: 64  Memory Usage: 2415kB
                    ->  Seq Scan on title t  (cost=0.00..61283.27 rows=2528527 width=4) (actual time=0.022..1098.584 rows=2528312 loops=1)
Planning time: 1.223 ms
Execution time: 17939.351 ms
