Seq Scan on movie_companies mc  (cost=0.00..57926.93 rows=376492 width=0) (actual time=0.022..1017.572 rows=534716 loops=1)
  Filter: ((company_id < 1544) AND (company_type_id < 2))
  Rows Removed by Filter: 2074413
Planning time: 0.376 ms
Execution time: 1082.351 ms
