Seq Scan on cast_info ci  (cost=0.00..796071.18 rows=112940 width=0) (actual time=4040.825..10140.678 rows=52315 loops=1)
  Filter: ((person_id < 24822) AND (role_id > 2))
  Rows Removed by Filter: 36192029
Planning time: 0.236 ms
Execution time: 10147.134 ms
