Nested Loop  (cost=0.43..58358.27 rows=51 width=0) (actual time=371.186..814.031 rows=1657 loops=1)
  ->  Seq Scan on movie_companies mc  (cost=0.00..57926.93 rows=51 width=4) (actual time=371.069..763.997 rows=1657 loops=1)
        Filter: ((company_id = 1705) AND (company_type_id = 1))
        Rows Removed by Filter: 2607472
  ->  Index Only Scan using title_pkey on title t  (cost=0.43..8.45 rows=1 width=4) (actual time=0.029..0.029 rows=1 loops=1657)
        Index Cond: (id = mc.movie_id)
        Heap Fetches: 1657
Planning time: 0.780 ms
Execution time: 814.522 ms
