Seq Scan on movie_companies mc  (cost=0.00..57926.93 rows=376220 width=0) (actual time=426.052..899.538 rows=61157 loops=1)
  Filter: ((company_id > 33641) AND (company_type_id = 1))
  Rows Removed by Filter: 2547972
Planning time: 0.406 ms
Execution time: 907.477 ms
