Hash Join  (cost=156356.93..962603.84 rows=1017572 width=0) (actual time=2982.568..22066.811 rows=3668259 loops=1)
  Hash Cond: (ci.movie_id = t.id)
  ->  Seq Scan on cast_info ci  (cost=0.00..614943.12 rows=36225612 width=4) (actual time=0.012..8477.274 rows=36244344 loops=1)
  ->  Hash  (cost=155469.11..155469.11 rows=71026 width=8) (actual time=2981.619..2981.619 rows=72797 loops=1)
        Buckets: 131072  Batches: 1  Memory Usage: 3868kB
        ->  Hash Join  (cost=68100.81..155469.11 rows=71026 width=8) (actual time=1119.609..2957.842 rows=72797 loops=1)
              Hash Cond: (mk.movie_id = t.id)
              ->  Seq Scan on movie_keyword mk  (cost=0.00..69693.30 rows=4523930 width=4) (actual time=0.007..965.909 rows=4523930 loops=1)
              ->  Hash  (cost=67604.59..67604.59 rows=39698 width=4) (actual time=1119.229..1119.229 rows=36437 loops=1)
                    Buckets: 65536  Batches: 1  Memory Usage: 1793kB
                    ->  Seq Scan on title t  (cost=0.00..67604.59 rows=39698 width=4) (actual time=0.039..1103.275 rows=36437 loops=1)
                          Filter: (production_year = 1995)
                          Rows Removed by Filter: 2491875
Planning time: 1.142 ms
Execution time: 22520.958 ms
