Seq Scan on movie_companies mc  (cost=0.00..51404.11 rows=104 width=0) (actual time=331.427..877.558 rows=2 loops=1)
  Filter: (company_id = 127050)
  Rows Removed by Filter: 2609127
Planning time: 0.422 ms
Execution time: 877.633 ms
