Hash Join  (cost=100908.38..916080.83 rows=18307 width=0) (actual time=2705.402..19981.469 rows=99113 loops=1)
  Hash Cond: (ci.movie_id = t.id)
  ->  Seq Scan on cast_info ci  (cost=0.00..705507.15 rows=29195243 width=4) (actual time=1125.887..12983.685 rows=29276340 loops=1)
        Filter: (person_id > 673476)
        Rows Removed by Filter: 6968004
  ->  Hash  (cost=100888.56..100888.56 rows=1586 width=8) (actual time=1579.377..1579.377 rows=5342 loops=1)
        Buckets: 8192 (originally 2048)  Batches: 1 (originally 1)  Memory Usage: 273kB
        ->  Hash Join  (cost=73962.22..100888.56 rows=1586 width=8) (actual time=1019.603..1577.360 rows=5342 loops=1)
              Hash Cond: (mi_idx.movie_id = t.id)
              ->  Seq Scan on movie_info_idx mi_idx  (cost=0.00..21735.35 rows=1380035 width=4) (actual time=0.024..288.966 rows=1380035 loops=1)
              ->  Hash  (cost=73925.90..73925.90 rows=2905 width=4) (actual time=1019.302..1019.302 rows=4962 loops=1)
                    Buckets: 8192 (originally 4096)  Batches: 1 (originally 1)  Memory Usage: 239kB
                    ->  Seq Scan on title t  (cost=0.00..73925.90 rows=2905 width=4) (actual time=0.182..1016.681 rows=4962 loops=1)
                          Filter: ((kind_id < 7) AND (production_year = 1964))
                          Rows Removed by Filter: 2523350
Planning time: 1.225 ms
Execution time: 19998.308 ms
