Seq Scan on movie_companies mc  (cost=0.00..51404.11 rows=798990 width=0) (actual time=2.591..841.733 rows=805657 loops=1)
  Filter: (company_id > 29787)
  Rows Removed by Filter: 1803472
Planning time: 0.333 ms
Execution time: 946.641 ms
