Seq Scan on cast_info ci  (cost=0.00..796071.18 rows=1644801 width=0) (actual time=0.014..12564.827 rows=3661732 loops=1)
  Filter: ((person_id > 2391234) AND (role_id > 9))
  Rows Removed by Filter: 32582612
Planning time: 0.417 ms
Execution time: 13031.032 ms
