Hash Join  (cost=182708.22..224321.39 rows=228469 width=0) (actual time=3811.725..4861.812 rows=386625 loops=1)
  Hash Cond: (mi_idx.movie_id = t.id)
  ->  Seq Scan on movie_info_idx mi_idx  (cost=0.00..21735.35 rows=1380035 width=4) (actual time=0.018..429.080 rows=1380035 loops=1)
  ->  Hash  (cost=175839.64..175839.64 rows=418606 width=8) (actual time=3810.775..3810.775 rows=274683 loops=1)
        Buckets: 131072  Batches: 8  Memory Usage: 2368kB
        ->  Hash Join  (cost=99161.12..175839.64 rows=418606 width=8) (actual time=2090.339..3728.147 rows=274683 loops=1)
              Hash Cond: (mc.movie_id = t.id)
              ->  Seq Scan on movie_companies mc  (cost=0.00..57926.93 rows=550304 width=4) (actual time=0.025..1022.988 rows=335546 loops=1)
                    Filter: ((company_id < 6783) AND (company_type_id > 1))
                    Rows Removed by Filter: 2273583
              ->  Hash  (cost=67604.59..67604.59 rows=1923403 width=4) (actual time=2088.910..2088.910 rows=1922849 loops=1)
                    Buckets: 131072  Batches: 32  Memory Usage: 3132kB
                    ->  Seq Scan on title t  (cost=0.00..67604.59 rows=1923403 width=4) (actual time=0.012..1460.920 rows=1922849 loops=1)
                          Filter: (production_year < 2010)
                          Rows Removed by Filter: 605463
Planning time: 1.193 ms
Execution time: 4901.283 ms
