Seq Scan on cast_info ci  (cost=0.00..796071.18 rows=495 width=0) (actual time=8656.904..14326.030 rows=19 loops=1)
  Filter: ((role_id < 11) AND (person_id = 2688009))
  Rows Removed by Filter: 36244325
Planning time: 0.492 ms
Execution time: 14326.160 ms
