Hash Join  (cost=429799.26..489316.58 rows=26366 width=0) (actual time=6749.199..8086.223 rows=13511 loops=1)
  Hash Cond: (mc.movie_id = t.id)
  ->  Seq Scan on movie_companies mc  (cost=0.00..51404.11 rows=2093212 width=4) (actual time=0.025..982.158 rows=2092401 loops=1)
        Filter: (company_id > 474)
        Rows Removed by Filter: 516728
  ->  Hash  (cost=429401.15..429401.15 rows=31849 width=8) (actual time=6748.964..6748.964 rows=6844 loops=1)
        Buckets: 32768  Batches: 1  Memory Usage: 524kB
        ->  Hash Join  (cost=76725.80..429401.15 rows=31849 width=8) (actual time=4008.527..6747.030 rows=6844 loops=1)
              Hash Cond: (mi.movie_id = t.id)
              ->  Seq Scan on movie_info mi  (cost=0.00..346232.03 rows=471955 width=4) (actual time=2409.027..5208.695 rows=543367 loops=1)
                    Filter: (info_type_id > 98)
                    Rows Removed by Filter: 14292353
              ->  Hash  (cost=73925.90..73925.90 rows=170632 width=4) (actual time=1335.996..1335.996 rows=170068 loops=1)
                    Buckets: 131072  Batches: 4  Memory Usage: 2540kB
                    ->  Seq Scan on title t  (cost=0.00..73925.90 rows=170632 width=4) (actual time=0.066..1268.962 rows=170068 loops=1)
                          Filter: ((kind_id > 1) AND (production_year > 2011))
                          Rows Removed by Filter: 2358244
Planning time: 1.210 ms
Execution time: 8088.609 ms
