Seq Scan on movie_keyword mk  (cost=0.00..81003.12 rows=2608144 width=0) (actual time=0.015..1490.466 rows=2599326 loops=1)
  Filter: (keyword_id < 6967)
  Rows Removed by Filter: 1924604
Planning time: 0.342 ms
Execution time: 1807.062 ms
