Hash Join  (cost=220718.62..819889.92 rows=9460148 width=0) (actual time=5337.645..27762.309 rows=37607179 loops=1)
  Hash Cond: (mi.movie_id = t.id)
  ->  Seq Scan on movie_info mi  (cost=0.00..309384.22 rows=14739122 width=4) (actual time=0.021..6046.781 rows=14835720 loops=1)
  ->  Hash  (cost=194092.27..194092.27 rows=1622908 width=8) (actual time=5336.527..5336.527 rows=1335947 loops=1)
        Buckets: 131072  Batches: 32  Memory Usage: 2696kB
        ->  Hash Join  (cost=93408.25..194092.27 rows=1622908 width=8) (actual time=1788.108..4923.467 rows=1335947 loops=1)
              Hash Cond: (mc.movie_id = t.id)
              ->  Seq Scan on movie_companies mc  (cost=0.00..44881.29 rows=2609129 width=4) (actual time=0.019..847.696 rows=2609129 loops=1)
              ->  Hash  (cost=67604.59..67604.59 rows=1572773 width=4) (actual time=1786.726..1786.726 rows=1570568 loops=1)
                    Buckets: 131072  Batches: 32  Memory Usage: 2751kB
                    ->  Seq Scan on title t  (cost=0.00..67604.59 rows=1572773 width=4) (actual time=0.024..1261.645 rows=1570568 loops=1)
                          Filter: (production_year > 1996)
                          Rows Removed by Filter: 957744
Planning time: 2.387 ms
Execution time: 32048.736 ms
