Seq Scan on cast_info ci  (cost=0.00..705507.15 rows=500 width=0) (actual time=8471.617..11117.869 rows=1 loops=1)
  Filter: (person_id = 3695823)
  Rows Removed by Filter: 36244343
Planning time: 0.334 ms
Execution time: 11117.969 ms
