Nested Loop  (cost=0.43..797957.66 rows=224 width=0) (actual time=6850.765..13591.128 rows=425 loops=1)
  ->  Seq Scan on cast_info ci  (cost=0.00..796071.18 rows=224 width=4) (actual time=6850.577..13569.915 rows=425 loops=1)
        Filter: ((role_id > 2) AND (person_id = 3203155))
        Rows Removed by Filter: 36243919
  ->  Index Only Scan using title_pkey on title t  (cost=0.43..8.41 rows=1 width=4) (actual time=0.049..0.049 rows=1 loops=425)
        Index Cond: (id = ci.movie_id)
        Heap Fetches: 425
Planning time: 0.626 ms
Execution time: 13591.301 ms
