Seq Scan on title t  (cost=0.00..73925.90 rows=2230 width=0) (actual time=5.405..1013.675 rows=4148 loops=1)
  Filter: ((kind_id < 3) AND (production_year = 1964))
  Rows Removed by Filter: 2524164
Planning time: 4.629 ms
Execution time: 1014.894 ms
