Hash Join  (cost=74255.97..828828.11 rows=378298 width=0) (actual time=1118.882..19585.502 rows=414655 loops=1)
  Hash Cond: (ci.movie_id = t.id)
  ->  Seq Scan on cast_info ci  (cost=0.00..614943.12 rows=36225612 width=4) (actual time=0.022..8676.060 rows=36244344 loops=1)
  ->  Hash  (cost=73925.90..73925.90 rows=26405 width=4) (actual time=1118.605..1118.605 rows=23926 loops=1)
        Buckets: 32768  Batches: 1  Memory Usage: 1098kB
        ->  Seq Scan on title t  (cost=0.00..73925.90 rows=26405 width=4) (actual time=0.027..1108.109 rows=23926 loops=1)
              Filter: ((kind_id < 7) AND (production_year = 2003))
              Rows Removed by Filter: 2504386
Planning time: 0.772 ms
Execution time: 19650.520 ms
