Seq Scan on movie_info mi  (cost=0.00..346232.03 rows=17937 width=0) (actual time=4132.638..5396.864 rows=6616 loops=1)
  Filter: (info_type_id = 61)
  Rows Removed by Filter: 14829104
Planning time: 0.396 ms
Execution time: 5397.843 ms
