Hash Join  (cost=505750.53..593742.49 rows=909709 width=0) (actual time=9403.021..14042.435 rows=11410105 loops=1)
  Hash Cond: (mc.movie_id = t.id)
  ->  Seq Scan on movie_companies mc  (cost=0.00..51404.11 rows=1986069 width=4) (actual time=0.019..1150.015 rows=1989413 loops=1)
        Filter: (company_id > 773)
        Rows Removed by Filter: 619716
  ->  Hash  (cost=486748.29..486748.29 rows=1158179 width=8) (actual time=9401.999..9401.999 rows=1204709 loops=1)
        Buckets: 131072  Batches: 16  Memory Usage: 3882kB
        ->  Hash Join  (cost=102767.86..486748.29 rows=1158179 width=8) (actual time=2315.564..9051.394 rows=1204709 loops=1)
              Hash Cond: (mi.movie_id = t.id)
              ->  Seq Scan on movie_info mi  (cost=0.00..346232.03 rows=1158179 width=4) (actual time=371.864..5430.319 rows=1204709 loops=1)
                    Filter: (info_type_id > 18)
                    Rows Removed by Filter: 13631011
              ->  Hash  (cost=61283.27..61283.27 rows=2528527 width=4) (actual time=1940.764..1940.764 rows=2528312 loops=1)
                    Buckets: 131072  Batches: 64  Memory Usage: 2425kB
                    ->  Seq Scan on title t  (cost=0.00..61283.27 rows=2528527 width=4) (actual time=0.023..1068.259 rows=2528312 loops=1)
Planning time: 0.889 ms
Execution time: 15230.936 ms
