Hash Join  (cost=83189.08..148607.86 rows=191106 width=0) (actual time=1370.254..2723.796 rows=84945 loops=1)
  Hash Cond: (mc.movie_id = t.id)
  ->  Seq Scan on movie_companies mc  (cost=0.00..51404.11 rows=855894 width=4) (actual time=0.041..937.802 rows=861975 loops=1)
        Filter: (company_id > 24099)
        Rows Removed by Filter: 1747154
  ->  Hash  (cost=73925.90..73925.90 rows=564574 width=4) (actual time=1281.464..1281.464 rows=454234 loops=1)
        Buckets: 131072  Batches: 8  Memory Usage: 3004kB
        ->  Seq Scan on title t  (cost=0.00..73925.90 rows=564574 width=4) (actual time=0.023..1135.642 rows=454234 loops=1)
              Filter: ((production_year < 1998) AND (kind_id = 7))
              Rows Removed by Filter: 2074078
Planning time: 0.860 ms
Execution time: 2734.363 ms
