Hash Join  (cost=222018.92..372806.35 rows=2110642 width=0) (actual time=4913.016..12977.911 rows=18232812 loops=1)
  Hash Cond: (mk.movie_id = t.id)
  ->  Seq Scan on movie_keyword mk  (cost=0.00..81003.12 rows=3725835 width=4) (actual time=0.020..1743.767 rows=3721825 loops=1)
        Filter: (keyword_id < 23074)
        Rows Removed by Filter: 802105
  ->  Hash  (cost=198518.16..198518.16 rows=1432381 width=8) (actual time=4910.003..4910.003 rows=1423090 loops=1)
        Buckets: 131072  Batches: 32  Memory Usage: 2794kB
        ->  Hash Join  (cost=102767.86..198518.16 rows=1432381 width=8) (actual time=1835.495..4500.761 rows=1423090 loops=1)
              Hash Cond: (mc.movie_id = t.id)
              ->  Seq Scan on movie_companies mc  (cost=0.00..51404.11 rows=1432381 width=4) (actual time=0.023..1079.087 rows=1423090 loops=1)
                    Filter: (company_id < 12539)
                    Rows Removed by Filter: 1186039
              ->  Hash  (cost=61283.27..61283.27 rows=2528527 width=4) (actual time=1834.719..1834.719 rows=2528312 loops=1)
                    Buckets: 131072  Batches: 64  Memory Usage: 2415kB
                    ->  Seq Scan on title t  (cost=0.00..61283.27 rows=2528527 width=4) (actual time=0.011..1021.193 rows=2528312 loops=1)
Planning time: 3.074 ms
Execution time: 14945.163 ms
