Hash Join  (cost=84197.31..971617.59 rows=2246224 width=0) (actual time=4121.791..22280.255 rows=4179431 loops=1)
  Hash Cond: (ci.movie_id = t.id)
  ->  Seq Scan on cast_info ci  (cost=0.00..796071.18 rows=5615963 width=4) (actual time=2539.280..14678.300 rows=8404338 loops=1)
        Filter: ((person_id > 1947674) AND (role_id > 3))
        Rows Removed by Filter: 27840006
  ->  Hash  (cost=67604.59..67604.59 rows=1011338 width=4) (actual time=1581.386..1581.386 rows=1012920 loops=1)
        Buckets: 131072  Batches: 16  Memory Usage: 3250kB
        ->  Seq Scan on title t  (cost=0.00..67604.59 rows=1011338 width=4) (actual time=0.040..1259.464 rows=1012920 loops=1)
              Filter: (production_year > 2005)
              Rows Removed by Filter: 1515392
Planning time: 0.734 ms
Execution time: 22785.024 ms
