Seq Scan on movie_keyword mk  (cost=0.00..81003.12 rows=4170308 width=0) (actual time=0.026..1492.418 rows=4173091 loops=1)
  Filter: (keyword_id < 47450)
  Rows Removed by Filter: 350839
Planning time: 0.827 ms
Execution time: 2002.526 ms
