Hash Join  (cost=52284.99..80902.44 rows=38 width=0) (actual time=1247.908..1337.989 rows=2 loops=1)
  Hash Cond: (mi_idx.movie_id = t.id)
  ->  Seq Scan on movie_info_idx mi_idx  (cost=0.00..25185.44 rows=915101 width=4) (actual time=0.026..467.101 rows=919850 loops=1)
        Filter: (info_type_id < 101)
        Rows Removed by Filter: 460185
  ->  Hash  (cost=52283.69..52283.69 rows=104 width=8) (actual time=740.080..740.080 rows=93 loops=1)
        Buckets: 1024  Batches: 1  Memory Usage: 12kB
        ->  Nested Loop  (cost=0.43..52283.69 rows=104 width=8) (actual time=368.108..740.027 rows=93 loops=1)
              ->  Seq Scan on movie_companies mc  (cost=0.00..51404.11 rows=104 width=4) (actual time=368.018..738.482 rows=93 loops=1)
                    Filter: (company_id = 71843)
                    Rows Removed by Filter: 2609036
              ->  Index Only Scan using title_pkey on title t  (cost=0.43..8.45 rows=1 width=4) (actual time=0.016..0.016 rows=1 loops=93)
                    Index Cond: (id = mc.movie_id)
                    Heap Fetches: 93
Planning time: 2.897 ms
Execution time: 1338.117 ms
