Hash Join  (cost=102767.86..825128.34 rows=289805 width=0) (actual time=3321.431..14623.446 rows=276403 loops=1)
  Hash Cond: (ci.movie_id = t.id)
  ->  Seq Scan on cast_info ci  (cost=0.00..705507.15 rows=289805 width=4) (actual time=1453.035..12060.020 rows=276403 loops=1)
        Filter: (role_id = 7)
        Rows Removed by Filter: 35967941
  ->  Hash  (cost=61283.27..61283.27 rows=2528527 width=4) (actual time=1867.103..1867.103 rows=2528312 loops=1)
        Buckets: 131072  Batches: 64  Memory Usage: 2415kB
        ->  Seq Scan on title t  (cost=0.00..61283.27 rows=2528527 width=4) (actual time=0.037..1008.312 rows=2528312 loops=1)
Planning time: 0.781 ms
Execution time: 14657.737 ms
