Seq Scan on cast_info ci  (cost=0.00..705507.15 rows=33584924 width=0) (actual time=0.012..13501.537 rows=33561929 loops=1)
  Filter: (person_id < 3546399)
  Rows Removed by Filter: 2682415
Planning time: 0.366 ms
Execution time: 17726.232 ms
