Hash Join  (cost=144854.69..903888.14 rows=394638 width=0) (actual time=2772.324..18235.421 rows=76067 loops=1)
  Hash Cond: (ci.movie_id = t.id)
  ->  Seq Scan on cast_info ci  (cost=0.00..705507.15 rows=13221314 width=4) (actual time=34.128..11912.928 rows=13352778 loops=1)
        Filter: (person_id > 2337435)
        Rows Removed by Filter: 22891566
  ->  Hash  (cost=143911.27..143911.27 rows=75473 width=8) (actual time=2733.190..2733.190 rows=26935 loops=1)
        Buckets: 131072  Batches: 1  Memory Usage: 2077kB
        ->  Hash Join  (cost=76373.24..143911.27 rows=75473 width=8) (actual time=1231.925..2722.308 rows=26935 loops=1)
              Hash Cond: (mc.movie_id = t.id)
              ->  Seq Scan on movie_companies mc  (cost=0.00..51404.11 rows=1279517 width=4) (actual time=6.531..1053.705 rows=1274246 loops=1)
                    Filter: (company_type_id = 1)
                    Rows Removed by Filter: 1334883
              ->  Hash  (cost=73925.90..73925.90 rows=149147 width=4) (actual time=1222.936..1222.936 rows=46428 loops=1)
                    Buckets: 131072  Batches: 2  Memory Usage: 1840kB
                    ->  Seq Scan on title t  (cost=0.00..73925.90 rows=149147 width=4) (actual time=0.034..1203.506 rows=46428 loops=1)
                          Filter: ((kind_id > 4) AND (production_year < 1960))
                          Rows Removed by Filter: 2481884
Planning time: 1.214 ms
Execution time: 18246.698 ms
