Seq Scan on movie_companies mc  (cost=0.00..57926.93 rows=53 width=0) (actual time=88.137..962.960 rows=100 loops=1)
  Filter: ((company_type_id > 1) AND (company_id = 71323))
  Rows Removed by Filter: 2609029
Planning time: 0.357 ms
Execution time: 963.073 ms
