Hash Join  (cost=107494.42..152517.36 rows=443261 width=0) (actual time=2299.254..3758.151 rows=456519 loops=1)
  Hash Cond: (mi_idx.movie_id = t.id)
  ->  Seq Scan on movie_info_idx mi_idx  (cost=0.00..25185.44 rows=460978 width=4) (actual time=0.012..470.953 rows=459925 loops=1)
        Filter: (info_type_id = 99)
        Rows Removed by Filter: 920110
  ->  Hash  (cost=67604.59..67604.59 rows=2431347 width=4) (actual time=2298.328..2298.328 rows=2427113 loops=1)
        Buckets: 131072  Batches: 32  Memory Usage: 3691kB
        ->  Seq Scan on title t  (cost=0.00..67604.59 rows=2431347 width=4) (actual time=0.021..1521.385 rows=2427113 loops=1)
              Filter: (production_year > 1910)
              Rows Removed by Filter: 101199
Planning time: 0.754 ms
Execution time: 3802.185 ms
