Hash Join  (cost=100903.17..851768.84 rows=7653 width=0) (actual time=1482.424..17974.414 rows=115044 loops=1)
  Hash Cond: (ci.movie_id = t.id)
  ->  Seq Scan on cast_info ci  (cost=0.00..614943.12 rows=36225612 width=4) (actual time=0.010..9066.343 rows=36244344 loops=1)
  ->  Hash  (cost=100896.50..100896.50 rows=534 width=8) (actual time=1481.850..1481.850 rows=4177 loops=1)
        Buckets: 8192 (originally 1024)  Batches: 1 (originally 1)  Memory Usage: 228kB
        ->  Hash Join  (cost=73962.22..100896.50 rows=534 width=8) (actual time=1037.861..1480.030 rows=4177 loops=1)
              Hash Cond: (mi_idx.movie_id = t.id)
              ->  Seq Scan on movie_info_idx mi_idx  (cost=0.00..25185.44 rows=464934 width=4) (actual time=0.013..359.177 rows=460185 loops=1)
                    Filter: (info_type_id > 100)
                    Rows Removed by Filter: 919850
              ->  Hash  (cost=73925.90..73925.90 rows=2905 width=4) (actual time=1037.807..1037.807 rows=10197 loops=1)
                    Buckets: 16384 (originally 4096)  Batches: 1 (originally 1)  Memory Usage: 487kB
                    ->  Seq Scan on title t  (cost=0.00..73925.90 rows=2905 width=4) (actual time=0.033..1033.398 rows=10197 loops=1)
                          Filter: ((kind_id < 7) AND (production_year = 1992))
                          Rows Removed by Filter: 2518115
Planning time: 1.125 ms
Execution time: 17998.261 ms
