Hash Join  (cost=75587.46..1062615.32 rows=940939 width=0) (actual time=2728.583..27057.836 rows=1185588 loops=1)
  Hash Cond: (ci.movie_id = t.id)
  ->  Seq Scan on cast_info ci  (cost=0.00..705507.15 rows=23499554 width=4) (actual time=1368.944..16577.145 rows=23573656 loops=1)
        Filter: (role_id > 1)
        Rows Removed by Filter: 12670688
  ->  Hash  (cost=73925.90..73925.90 rows=101244 width=4) (actual time=1358.675..1358.675 rows=110779 loops=1)
        Buckets: 131072  Batches: 2  Memory Usage: 2970kB
        ->  Seq Scan on title t  (cost=0.00..73925.90 rows=101244 width=4) (actual time=0.027..1308.470 rows=110779 loops=1)
              Filter: ((kind_id > 4) AND (production_year = 2012))
              Rows Removed by Filter: 2417533
Planning time: 0.789 ms
Execution time: 27208.739 ms
