Seq Scan on title t  (cost=0.00..73925.90 rows=2905 width=0) (actual time=1.992..1150.135 rows=5989 loops=1)
  Filter: ((kind_id < 7) AND (production_year = 1972))
  Rows Removed by Filter: 2522323
Planning time: 0.391 ms
Execution time: 1151.630 ms
