Hash Join  (cost=74299.17..128245.61 rows=7762 width=0) (actual time=1193.389..2166.645 rows=13408 loops=1)
  Hash Cond: (mc.movie_id = t.id)
  ->  Seq Scan on movie_companies mc  (cost=0.00..51404.11 rows=657255 width=4) (actual time=0.020..824.441 rows=662148 loops=1)
        Filter: (company_id > 52091)
        Rows Removed by Filter: 1946981
  ->  Hash  (cost=73925.90..73925.90 rows=29861 width=4) (actual time=1193.166..1193.166 rows=17772 loops=1)
        Buckets: 32768  Batches: 1  Memory Usage: 881kB
        ->  Seq Scan on title t  (cost=0.00..73925.90 rows=29861 width=4) (actual time=539.327..1185.464 rows=17772 loops=1)
              Filter: ((kind_id = 1) AND (production_year = 2007))
              Rows Removed by Filter: 2510540
Planning time: 0.746 ms
Execution time: 2168.820 ms
