Seq Scan on title t  (cost=0.00..73925.90 rows=86418 width=0) (actual time=0.026..1167.636 rows=206981 loops=1)
  Filter: ((kind_id < 3) AND (production_year < 1964))
  Rows Removed by Filter: 2321331
Planning time: 0.269 ms
Execution time: 1192.426 ms
