Hash Join  (cost=218624.79..308118.72 rows=621850 width=0) (actual time=4617.169..8384.201 rows=4915291 loops=1)
  Hash Cond: (mc.movie_id = t.id)
  ->  Seq Scan on movie_companies mc  (cost=0.00..51404.11 rows=2547820 width=4) (actual time=0.053..1132.345 rows=2548789 loops=1)
        Filter: (company_id < 183590)
        Rows Removed by Filter: 60340
  ->  Hash  (cost=208499.52..208499.52 rows=617141 width=8) (actual time=4616.168..4616.168 rows=616039 loops=1)
        Buckets: 131072  Batches: 16  Memory Usage: 2566kB
        ->  Hash Join  (cost=102767.86..208499.52 rows=617141 width=8) (actual time=2211.686..4445.498 rows=616039 loops=1)
              Hash Cond: (mk.movie_id = t.id)
              ->  Seq Scan on movie_keyword mk  (cost=0.00..81003.12 rows=617141 width=4) (actual time=56.831..1434.943 rows=616039 loops=1)
                    Filter: (keyword_id > 29604)
                    Rows Removed by Filter: 3907891
              ->  Hash  (cost=61283.27..61283.27 rows=2528527 width=4) (actual time=2153.418..2153.418 rows=2528312 loops=1)
                    Buckets: 131072  Batches: 64  Memory Usage: 2425kB
                    ->  Seq Scan on title t  (cost=0.00..61283.27 rows=2528527 width=4) (actual time=0.032..1279.943 rows=2528312 loops=1)
Planning time: 6.597 ms
Execution time: 8937.379 ms
