Hash Join  (cost=102767.86..252376.55 rows=2440589 width=0) (actual time=1937.672..5886.412 rows=2439190 loops=1)
  Hash Cond: (mk.movie_id = t.id)
  ->  Seq Scan on movie_keyword mk  (cost=0.00..81003.12 rows=2440589 width=4) (actual time=0.028..1772.892 rows=2439190 loops=1)
        Filter: (keyword_id < 5810)
        Rows Removed by Filter: 2084740
  ->  Hash  (cost=61283.27..61283.27 rows=2528527 width=4) (actual time=1936.093..1936.093 rows=2528312 loops=1)
        Buckets: 131072  Batches: 64  Memory Usage: 2425kB
        ->  Seq Scan on title t  (cost=0.00..61283.27 rows=2528527 width=4) (actual time=0.020..1060.268 rows=2528312 loops=1)
Planning time: 1.103 ms
Execution time: 6163.392 ms
