Hash Join  (cost=154654.97..545561.79 rows=46529 width=0) (actual time=3437.551..10915.943 rows=458483 loops=1)
  Hash Cond: (mi.movie_id = t.id)
  ->  Seq Scan on movie_info mi  (cost=0.00..346232.03 rows=8841901 width=4) (actual time=391.056..6348.028 rows=8950757 loops=1)
        Filter: (info_type_id > 6)
        Rows Removed by Filter: 5884963
  ->  Hash  (cost=154488.65..154488.65 rows=13306 width=8) (actual time=2904.366..2904.366 rows=23742 loops=1)
        Buckets: 32768 (originally 16384)  Batches: 1 (originally 1)  Memory Usage: 1184kB
        ->  Hash Join  (cost=67697.55..154488.65 rows=13306 width=8) (actual time=1269.961..2896.114 rows=23742 loops=1)
              Hash Cond: (mk.movie_id = t.id)
              ->  Seq Scan on movie_keyword mk  (cost=0.00..69693.30 rows=4523930 width=4) (actual time=0.024..1007.560 rows=4523930 loops=1)
              ->  Hash  (cost=67604.59..67604.59 rows=7437 width=4) (actual time=1077.925..1077.925 rows=2467 loops=1)
                    Buckets: 8192  Batches: 1  Memory Usage: 151kB
                    ->  Seq Scan on title t  (cost=0.00..67604.59 rows=7437 width=4) (actual time=330.018..1076.679 rows=2467 loops=1)
                          Filter: (production_year = 1935)
                          Rows Removed by Filter: 2525845
Planning time: 2.028 ms
Execution time: 10974.054 ms
