Hash Join  (cost=226110.92..819721.17 rows=8938942 width=0) (actual time=5185.942..29108.454 rows=47147622 loops=1)
  Hash Cond: (mi.movie_id = t.id)
  ->  Seq Scan on movie_info mi  (cost=0.00..309384.22 rows=14739122 width=4) (actual time=0.013..6146.499 rows=14835720 loops=1)
  ->  Hash  (cost=200951.25..200951.25 rows=1533494 width=8) (actual time=5185.148..5185.148 rows=1520258 loops=1)
        Buckets: 131072  Batches: 32  Memory Usage: 2920kB
        ->  Hash Join  (cost=102767.86..200951.25 rows=1533494 width=8) (actual time=1937.949..4714.445 rows=1520258 loops=1)
              Hash Cond: (mc.movie_id = t.id)
              ->  Seq Scan on movie_companies mc  (cost=0.00..51404.11 rows=1533494 width=4) (actual time=0.031..1087.847 rows=1520258 loops=1)
                    Filter: (company_id < 14250)
                    Rows Removed by Filter: 1088871
              ->  Hash  (cost=61283.27..61283.27 rows=2528527 width=4) (actual time=1936.191..1936.191 rows=2528312 loops=1)
                    Buckets: 131072  Batches: 64  Memory Usage: 2415kB
                    ->  Seq Scan on title t  (cost=0.00..61283.27 rows=2528527 width=4) (actual time=0.020..1096.664 rows=2528312 loops=1)
Planning time: 1.169 ms
Execution time: 33986.238 ms
