Hash Join  (cost=196520.67..1302549.57 rows=2622776 width=0) (actual time=4187.743..34518.136 rows=10130119 loops=1)
  Hash Cond: (ci.movie_id = t.id)
  ->  Seq Scan on cast_info ci  (cost=0.00..614943.12 rows=36225612 width=4) (actual time=0.010..13435.188 rows=36244344 loops=1)
  ->  Hash  (cost=193516.32..193516.32 rows=183068 width=8) (actual time=4186.921..4186.921 rows=250907 loops=1)
        Buckets: 131072  Batches: 4  Memory Usage: 3464kB
        ->  Hash Join  (cost=69283.60..193516.32 rows=183068 width=8) (actual time=1717.041..4100.908 rows=250907 loops=1)
              Hash Cond: (mk.movie_id = t.id)
              ->  Seq Scan on movie_keyword mk  (cost=0.00..69693.30 rows=4523930 width=4) (actual time=0.023..1456.435 rows=4523930 loops=1)
              ->  Hash  (cost=67604.59..67604.59 rows=102321 width=4) (actual time=1261.436..1261.436 rows=100537 loops=1)
                    Buckets: 131072  Batches: 2  Memory Usage: 2803kB
                    ->  Seq Scan on title t  (cost=0.00..67604.59 rows=102321 width=4) (actual time=0.017..1223.575 rows=100537 loops=1)
                          Filter: (kind_id = 3)
                          Rows Removed by Filter: 2427775
Planning time: 12.258 ms
Execution time: 35621.536 ms
