Hash Join  (cost=163806.90..671753.11 rows=2637228 width=0) (actual time=4122.420..21797.391 rows=15666744 loops=1)
  Hash Cond: (mi.movie_id = t.id)
  ->  Seq Scan on movie_info mi  (cost=0.00..309384.22 rows=14739122 width=4) (actual time=0.013..6215.072 rows=14835720 loops=1)
  ->  Hash  (cost=156383.63..156383.63 rows=452422 width=8) (actual time=4121.525..4121.525 rows=851179 loops=1)
        Buckets: 131072 (originally 131072)  Batches: 16 (originally 8)  Memory Usage: 3125kB
        ->  Hash Join  (cost=81720.25..156383.63 rows=452422 width=8) (actual time=1448.804..3848.020 rows=851179 loops=1)
              Hash Cond: (mc.movie_id = t.id)
              ->  Seq Scan on movie_companies mc  (cost=0.00..51404.11 rows=1329612 width=4) (actual time=0.033..1067.546 rows=1334883 loops=1)
                    Filter: (company_type_id > 1)
                    Rows Removed by Filter: 1274246
              ->  Hash  (cost=67604.59..67604.59 rows=860373 width=4) (actual time=1447.763..1447.763 rows=854214 loops=1)
                    Buckets: 131072  Batches: 16  Memory Usage: 2897kB
                    ->  Seq Scan on title t  (cost=0.00..67604.59 rows=860373 width=4) (actual time=0.016..1183.039 rows=854214 loops=1)
                          Filter: (kind_id < 4)
                          Rows Removed by Filter: 1674098
Planning time: 1.287 ms
Execution time: 23677.065 ms
