Hash Join  (cost=190230.21..1036121.13 rows=1424633 width=0) (actual time=4963.842..18902.039 rows=1749875 loops=1)
  Hash Cond: (ci.movie_id = t.id)
  ->  Seq Scan on cast_info ci  (cost=0.00..796071.18 rows=2610241 width=4) (actual time=221.088..12979.205 rows=1294890 loops=1)
        Filter: ((person_id < 961530) AND (role_id > 4))
        Rows Removed by Filter: 34949454
  ->  Hash  (cost=167588.78..167588.78 rows=1380035 width=8) (actual time=4741.186..4741.186 rows=1380035 loops=1)
        Buckets: 131072  Batches: 32  Memory Usage: 2708kB
        ->  Hash Join  (cost=102767.86..167588.78 rows=1380035 width=8) (actual time=2281.561..4322.560 rows=1380035 loops=1)
              Hash Cond: (mi_idx.movie_id = t.id)
              ->  Seq Scan on movie_info_idx mi_idx  (cost=0.00..21735.35 rows=1380035 width=4) (actual time=0.031..480.784 rows=1380035 loops=1)
              ->  Hash  (cost=61283.27..61283.27 rows=2528527 width=4) (actual time=2280.405..2280.405 rows=2528312 loops=1)
                    Buckets: 131072  Batches: 64  Memory Usage: 2415kB
                    ->  Seq Scan on title t  (cost=0.00..61283.27 rows=2528527 width=4) (actual time=0.013..1157.888 rows=2528312 loops=1)
Planning time: 1.129 ms
Execution time: 19064.749 ms
