Seq Scan on cast_info ci  (cost=0.00..796071.18 rows=856075 width=0) (actual time=853.953..14221.071 rows=977773 loops=1)
  Filter: ((person_id > 896422) AND (role_id = 9))
  Rows Removed by Filter: 35266571
Planning time: 0.336 ms
Execution time: 14342.047 ms
