Hash Join  (cost=795823.65..823132.27 rows=39814 width=0) (actual time=13544.519..14378.776 rows=162996 loops=1)
  Hash Cond: (mi_idx.movie_id = t.id)
  ->  Seq Scan on movie_info_idx mi_idx  (cost=0.00..21735.35 rows=1380035 width=4) (actual time=0.008..316.511 rows=1380035 loops=1)
  ->  Hash  (cost=794911.80..794911.80 rows=72948 width=8) (actual time=13543.908..13543.908 rows=84173 loops=1)
        Buckets: 131072 (originally 131072)  Batches: 2 (originally 1)  Memory Usage: 3073kB
        ->  Hash Join  (cost=82567.99..794911.80 rows=72948 width=8) (actual time=12515.242..13512.213 rows=84173 loops=1)
              Hash Cond: (ci.movie_id = t.id)
              ->  Seq Scan on cast_info ci  (cost=0.00..705507.15 rows=350181 width=4) (actual time=11241.214..11969.746 rows=316118 loops=1)
                    Filter: (role_id > 10)
                    Rows Removed by Filter: 35928226
              ->  Hash  (cost=73925.90..73925.90 rows=526727 width=4) (actual time=1273.049..1273.049 rows=399363 loops=1)
                    Buckets: 131072  Batches: 8  Memory Usage: 2788kB
                    ->  Seq Scan on title t  (cost=0.00..73925.90 rows=526727 width=4) (actual time=107.379..1164.017 rows=399363 loops=1)
                          Filter: ((production_year > 1976) AND (kind_id = 1))
                          Rows Removed by Filter: 2128949
Planning time: 0.781 ms
Execution time: 14397.520 ms
