Seq Scan on cast_info ci  (cost=0.00..796071.18 rows=14460617 width=0) (actual time=0.013..17076.802 rows=15069736 loops=1)
  Filter: ((person_id > 361468) AND (role_id > 2))
  Rows Removed by Filter: 21174608
Planning time: 0.360 ms
Execution time: 18943.015 ms
