Hash Join  (cost=67697.55..446084.86 rows=25024 width=0) (actual time=893.289..7101.037 rows=24584 loops=1)
  Hash Cond: (mi.movie_id = t.id)
  ->  Seq Scan on movie_info mi  (cost=0.00..346232.03 rows=8508011 width=4) (actual time=0.018..5024.175 rows=8612226 loops=1)
        Filter: (info_type_id < 9)
        Rows Removed by Filter: 6223494
  ->  Hash  (cost=67604.59..67604.59 rows=7437 width=4) (actual time=891.534..891.534 rows=2773 loops=1)
        Buckets: 8192  Batches: 1  Memory Usage: 162kB
        ->  Seq Scan on title t  (cost=0.00..67604.59 rows=7437 width=4) (actual time=348.070..890.083 rows=2773 loops=1)
              Filter: (production_year = 1928)
              Rows Removed by Filter: 2525539
Planning time: 0.703 ms
Execution time: 7105.096 ms
