Seq Scan on cast_info ci  (cost=0.00..705507.15 rows=28434793 width=0) (actual time=0.010..13148.790 rows=28451174 loops=1)
  Filter: (person_id < 2898395)
  Rows Removed by Filter: 7793170
Planning time: 0.353 ms
Execution time: 16623.457 ms
