Hash Join  (cost=368801.85..1173075.19 rows=25228870 width=0) (actual time=8226.999..72216.576 rows=227610852 loops=1)
  Hash Cond: (mi.movie_id = t.id)
  ->  Seq Scan on movie_info mi  (cost=0.00..309384.22 rows=14739122 width=4) (actual time=0.013..6268.371 rows=14835720 loops=1)
  ->  Hash  (cost=297794.04..297794.04 rows=4328065 width=8) (actual time=8219.947..8219.947 rows=4311912 loops=1)
        Buckets: 131072  Batches: 64  Memory Usage: 3758kB
        ->  Hash Join  (cost=102767.86..297794.04 rows=4328065 width=8) (actual time=1942.840..7072.976 rows=4311912 loops=1)
              Hash Cond: (mk.movie_id = t.id)
              ->  Seq Scan on movie_keyword mk  (cost=0.00..81003.12 rows=4328065 width=4) (actual time=0.015..1727.773 rows=4311912 loops=1)
                    Filter: (keyword_id > 140)
                    Rows Removed by Filter: 212018
              ->  Hash  (cost=61283.27..61283.27 rows=2528527 width=4) (actual time=1941.846..1941.846 rows=2528312 loops=1)
                    Buckets: 131072  Batches: 64  Memory Usage: 2425kB
                    ->  Seq Scan on title t  (cost=0.00..61283.27 rows=2528527 width=4) (actual time=0.021..1090.393 rows=2528312 loops=1)
Planning time: 1.140 ms
Execution time: 96781.938 ms
