Seq Scan on movie_keyword mk  (cost=0.00..81003.12 rows=246 width=0) (actual time=211.100..1371.572 rows=34 loops=1)
  Filter: (keyword_id = 75623)
  Rows Removed by Filter: 4523896
Planning time: 0.421 ms
Execution time: 1371.691 ms
