Hash Join  (cost=165273.15..297628.73 rows=849754 width=0) (actual time=3496.425..7298.462 rows=2336476 loops=1)
  Hash Cond: (mk.movie_id = t.id)
  ->  Seq Scan on movie_keyword mk  (cost=0.00..69693.30 rows=4523930 width=4) (actual time=0.007..1414.452 rows=4523930 loops=1)
  ->  Hash  (cost=157480.32..157480.32 rows=474947 width=8) (actual time=3494.987..3494.987 rows=402265 loops=1)
        Buckets: 131072  Batches: 8  Memory Usage: 2981kB
        ->  Hash Join  (cost=82423.69..157480.32 rows=474947 width=8) (actual time=1457.143..3370.372 rows=402265 loops=1)
              Hash Cond: (mc.movie_id = t.id)
              ->  Seq Scan on movie_companies mc  (cost=0.00..51404.11 rows=1329612 width=4) (actual time=0.017..987.960 rows=1334883 loops=1)
                    Filter: (company_type_id = 2)
                    Rows Removed by Filter: 1274246
              ->  Hash  (cost=67604.59..67604.59 rows=903208 width=4) (actual time=1455.931..1455.931 rows=904491 loops=1)
                    Buckets: 131072  Batches: 16  Memory Usage: 3010kB
                    ->  Seq Scan on title t  (cost=0.00..67604.59 rows=903208 width=4) (actual time=0.013..1168.072 rows=904491 loops=1)
                          Filter: (production_year > 2006)
                          Rows Removed by Filter: 1623821
Planning time: 1.190 ms
Execution time: 7569.162 ms
