Hash Join  (cost=180107.08..672610.49 rows=1189945 width=0) (actual time=3440.208..21475.124 rows=19390698 loops=1)
  Hash Cond: (mi.movie_id = t.id)
  ->  Seq Scan on movie_info mi  (cost=0.00..309384.22 rows=14739122 width=4) (actual time=0.011..6089.858 rows=14835720 loops=1)
  ->  Hash  (cost=176757.36..176757.36 rows=204138 width=8) (actual time=3439.324..3439.324 rows=457157 loops=1)
        Buckets: 131072 (originally 131072)  Batches: 8 (originally 4)  Memory Usage: 3317kB
        ->  Hash Join  (cost=83810.17..176757.36 rows=204138 width=8) (actual time=1416.377..3290.205 rows=457157 loops=1)
              Hash Cond: (mk.movie_id = t.id)
              ->  Seq Scan on movie_keyword mk  (cost=0.00..81003.12 rows=522581 width=4) (actual time=0.023..1288.395 rows=520878 loops=1)
                    Filter: (keyword_id < 382)
                    Rows Removed by Filter: 4003052
              ->  Hash  (cost=67604.59..67604.59 rows=987727 width=4) (actual time=1415.164..1415.164 rows=985048 loops=1)
                    Buckets: 131072  Batches: 16  Memory Usage: 3197kB
                    ->  Seq Scan on title t  (cost=0.00..67604.59 rows=987727 width=4) (actual time=0.035..1102.590 rows=985048 loops=1)
                          Filter: (kind_id < 7)
                          Rows Removed by Filter: 1543264
Planning time: 1.161 ms
Execution time: 23722.309 ms
