Hash Join  (cost=750160.73..3022810.64 rows=94148461 width=0) (actual time=18283.035..75598.144 rows=91725604 loops=1)
  Hash Cond: (ci.movie_id = t.id)
  ->  Seq Scan on cast_info ci  (cost=0.00..614943.12 rows=36225612 width=4) (actual time=0.015..13410.766 rows=36244344 loops=1)
  ->  Hash  (cost=642346.87..642346.87 rows=6571509 width=8) (actual time=18279.969..18279.969 rows=3939158 loops=1)
        Buckets: 131072  Batches: 128  Memory Usage: 2239kB
        ->  Hash Join  (cost=92421.85..642346.87 rows=6571509 width=8) (actual time=1757.997..17071.929 rows=3939158 loops=1)
              Hash Cond: (mi.movie_id = t.id)
              ->  Seq Scan on movie_info mi  (cost=0.00..309384.22 rows=14739122 width=4) (actual time=0.024..5738.969 rows=14835720 loops=1)
              ->  Hash  (cost=73925.90..73925.90 rows=1127356 width=4) (actual time=1756.464..1756.464 rows=1234845 loops=1)
                    Buckets: 131072  Batches: 16  Memory Usage: 3752kB
                    ->  Seq Scan on title t  (cost=0.00..73925.90 rows=1127356 width=4) (actual time=0.027..1344.336 rows=1234845 loops=1)
                          Filter: ((kind_id > 1) AND (production_year > 1997))
                          Rows Removed by Filter: 1293467
Planning time: 1.177 ms
Execution time: 86221.861 ms
