Seq Scan on movie_companies mc  (cost=0.00..57926.93 rows=825817 width=0) (actual time=526.875..1048.743 rows=619214 loops=1)
  Filter: ((company_id > 3232) AND (company_type_id = 1))
  Rows Removed by Filter: 1989915
Planning time: 0.400 ms
Execution time: 1123.982 ms
