Seq Scan on movie_companies mc  (cost=0.00..51404.11 rows=1624962 width=0) (actual time=0.020..1052.750 rows=1624101 loops=1)
  Filter: (company_id > 4494)
  Rows Removed by Filter: 985028
Planning time: 0.392 ms
Execution time: 1263.437 ms
