Hash Join  (cost=67697.55..130639.53 rows=3903 width=0) (actual time=1084.088..2547.514 rows=8594 loops=1)
  Hash Cond: (mc.movie_id = t.id)
  ->  Seq Scan on movie_companies mc  (cost=0.00..57926.93 rows=1326938 width=4) (actual time=0.014..1196.530 rows=1330134 loops=1)
        Filter: ((company_id < 230399) AND (company_type_id = 2))
        Rows Removed by Filter: 1278995
  ->  Hash  (cost=67604.59..67604.59 rows=7437 width=4) (actual time=1078.678..1078.678 rows=14054 loops=1)
        Buckets: 16384 (originally 8192)  Batches: 1 (originally 1)  Memory Usage: 623kB
        ->  Seq Scan on title t  (cost=0.00..67604.59 rows=7437 width=4) (actual time=0.448..1072.029 rows=14054 loops=1)
              Filter: (production_year = 1975)
              Rows Removed by Filter: 2514258
Planning time: 6.009 ms
Execution time: 2549.113 ms
