Hash Join  (cost=93155.63..184878.35 rows=1209420 width=0) (actual time=1959.649..4193.977 rows=558885 loops=1)
  Hash Cond: (mc.movie_id = t.id)
  ->  Seq Scan on movie_companies mc  (cost=0.00..44881.29 rows=2609129 width=4) (actual time=0.018..865.178 rows=2609129 loops=1)
  ->  Hash  (cost=73925.90..73925.90 rows=1172058 width=4) (actual time=1700.859..1700.859 rows=1128906 loops=1)
        Buckets: 131072  Batches: 16  Memory Usage: 3503kB
        ->  Seq Scan on title t  (cost=0.00..73925.90 rows=1172058 width=4) (actual time=0.022..1349.245 rows=1128906 loops=1)
              Filter: ((production_year < 2010) AND (kind_id = 7))
              Rows Removed by Filter: 1399406
Planning time: 2.614 ms
Execution time: 4260.782 ms
