Hash Join  (cost=83074.16..447738.83 rows=874 width=0) (actual time=1603.115..8808.449 rows=73 loops=1)
  Hash Cond: (mi.movie_id = t.id)
  ->  Seq Scan on movie_info mi  (cost=0.00..309384.22 rows=14739122 width=4) (actual time=0.009..4775.338 rows=14835720 loops=1)
  ->  Hash  (cost=83072.29..83072.29 rows=150 width=8) (actual time=1332.857..1332.857 rows=20 loops=1)
        Buckets: 1024  Batches: 1  Memory Usage: 9kB
        ->  Nested Loop  (cost=0.43..83072.29 rows=150 width=8) (actual time=117.214..1332.827 rows=20 loops=1)
              ->  Seq Scan on movie_keyword mk  (cost=0.00..81003.12 rows=246 width=4) (actual time=6.488..1321.547 rows=274 loops=1)
                    Filter: (keyword_id = 16472)
                    Rows Removed by Filter: 4523656
              ->  Index Scan using title_pkey on title t  (cost=0.43..8.40 rows=1 width=4) (actual time=0.039..0.039 rows=0 loops=274)
                    Index Cond: (id = mk.movie_id)
                    Filter: (kind_id = 7)
                    Rows Removed by Filter: 1
Planning time: 4.039 ms
Execution time: 8808.634 ms
