Seq Scan on movie_keyword mk  (cost=0.00..81003.12 rows=246 width=0) (actual time=4.254..1324.238 rows=3124 loops=1)
  Filter: (keyword_id = 7771)
  Rows Removed by Filter: 4520806
Planning time: 0.383 ms
Execution time: 1325.121 ms
