Hash Join  (cost=78473.92..209104.35 rows=868998 width=0) (actual time=1424.012..5076.689 rows=484459 loops=1)
  Hash Cond: (mk.movie_id = t.id)
  ->  Seq Scan on movie_keyword mk  (cost=0.00..81003.12 rows=3316620 width=4) (actual time=0.018..1802.654 rows=3307568 loops=1)
        Filter: (keyword_id < 15008)
        Rows Removed by Filter: 1216362
  ->  Hash  (cost=67604.59..67604.59 rows=662507 width=4) (actual time=1421.806..1421.806 rows=662065 loops=1)
        Buckets: 131072  Batches: 16  Memory Usage: 2488kB
        ->  Seq Scan on title t  (cost=0.00..67604.59 rows=662507 width=4) (actual time=0.010..1197.279 rows=662065 loops=1)
              Filter: (production_year > 2008)
              Rows Removed by Filter: 1866247
Planning time: 0.541 ms
Execution time: 5131.276 ms
