Hash Join  (cost=181384.67..1281662.70 rows=3296246 width=0) (actual time=3747.965..36925.307 rows=10855354 loops=1)
  Hash Cond: (ci.movie_id = t.id)
  ->  Seq Scan on cast_info ci  (cost=0.00..705507.15 rows=31201180 width=4) (actual time=0.023..16049.044 rows=31167167 loops=1)
        Filter: (person_id < 3161269)
        Rows Removed by Filter: 5077177
  ->  Hash  (cost=177001.59..177001.59 rows=267126 width=8) (actual time=3747.140..3747.140 rows=402468 loops=1)
        Buckets: 131072 (originally 131072)  Batches: 8 (originally 4)  Memory Usage: 3073kB
        ->  Hash Join  (cost=102767.86..177001.59 rows=267126 width=8) (actual time=2050.327..3621.750 rows=402468 loops=1)
              Hash Cond: (mc.movie_id = t.id)
              ->  Seq Scan on movie_companies mc  (cost=0.00..57926.93 rows=267126 width=4) (actual time=161.850..949.168 rows=402468 loops=1)
                    Filter: ((company_id < 533) AND (company_type_id = 1))
                    Rows Removed by Filter: 2206661
              ->  Hash  (cost=61283.27..61283.27 rows=2528527 width=4) (actual time=1887.165..1887.165 rows=2528312 loops=1)
                    Buckets: 131072  Batches: 64  Memory Usage: 2415kB
                    ->  Seq Scan on title t  (cost=0.00..61283.27 rows=2528527 width=4) (actual time=0.013..1042.202 rows=2528312 loops=1)
Planning time: 1.163 ms
Execution time: 37995.775 ms
