Seq Scan on movie_companies mc  (cost=0.00..51404.11 rows=1459198 width=0) (actual time=0.022..993.764 rows=1451109 loops=1)
  Filter: (company_id < 13015)
  Rows Removed by Filter: 1158020
Planning time: 0.360 ms
Execution time: 1181.153 ms
