Hash Join  (cost=58375.66..423032.58 rows=99 width=0) (actual time=1129.854..7894.499 rows=45 loops=1)
  Hash Cond: (mi.movie_id = t.id)
  ->  Seq Scan on movie_info mi  (cost=0.00..309384.22 rows=14739122 width=4) (actual time=0.023..4495.573 rows=14835720 loops=1)
  ->  Hash  (cost=58375.45..58375.45 rows=17 width=8) (actual time=794.804..794.804 rows=3 loops=1)
        Buckets: 1024  Batches: 1  Memory Usage: 9kB
        ->  Nested Loop  (cost=0.43..58375.45 rows=17 width=8) (actual time=281.044..794.796 rows=3 loops=1)
              ->  Seq Scan on movie_companies mc  (cost=0.00..57926.93 rows=53 width=4) (actual time=280.978..790.462 rows=81 loops=1)
                    Filter: ((company_id = 18544) AND (company_type_id = 2))
                    Rows Removed by Filter: 2609048
              ->  Index Scan using title_pkey on title t  (cost=0.43..8.45 rows=1 width=4) (actual time=0.051..0.051 rows=0 loops=81)
                    Index Cond: (id = mc.movie_id)
                    Filter: ((kind_id > 1) AND (production_year < 2001))
                    Rows Removed by Filter: 1
Planning time: 1.596 ms
Execution time: 7894.676 ms
