Seq Scan on movie_keyword mk  (cost=0.00..81003.12 rows=246 width=0) (actual time=14.199..1402.919 rows=84 loops=1)
  Filter: (keyword_id = 16429)
  Rows Removed by Filter: 4523846
Planning time: 0.390 ms
Execution time: 1403.079 ms
