Seq Scan on movie_companies mc  (cost=0.00..57926.93 rows=351672 width=0) (actual time=9.345..747.111 rows=40516 loops=1)
  Filter: ((company_id > 42054) AND (company_type_id = 1))
  Rows Removed by Filter: 2568613
Planning time: 0.279 ms
Execution time: 752.316 ms
