Seq Scan on cast_info ci  (cost=0.00..796071.18 rows=3405731 width=0) (actual time=4355.640..14764.689 rows=1402778 loops=1)
  Filter: ((person_id < 2906709) AND (role_id = 10))
  Rows Removed by Filter: 34841566
Planning time: 0.419 ms
Execution time: 14942.401 ms
