Hash Join  (cost=103698.42..738762.44 rows=12824018 width=0) (actual time=2317.914..20136.602 rows=12025915 loops=1)
  Hash Cond: (mi.movie_id = t.id)
  ->  Seq Scan on movie_info mi  (cost=0.00..309384.22 rows=14739122 width=4) (actual time=0.024..6169.063 rows=14835720 loops=1)
  ->  Hash  (cost=67604.59..67604.59 rows=2199987 width=4) (actual time=2316.863..2316.863 rows=2192624 loops=1)
        Buckets: 131072  Batches: 32  Memory Usage: 3446kB
        ->  Seq Scan on title t  (cost=0.00..67604.59 rows=2199987 width=4) (actual time=0.025..1393.602 rows=2192624 loops=1)
              Filter: (production_year > 1961)
              Rows Removed by Filter: 335688
Planning time: 4.368 ms
Execution time: 21544.488 ms
