Hash Join  (cost=67697.55..152799.84 rows=3190 width=0) (actual time=1069.294..2682.326 rows=8909 loops=1)
  Hash Cond: (mk.movie_id = t.id)
  ->  Seq Scan on movie_keyword mk  (cost=0.00..81003.12 rows=1084603 width=4) (actual time=0.021..1388.522 rows=1089221 loops=1)
        Filter: (keyword_id < 1116)
        Rows Removed by Filter: 3434709
  ->  Hash  (cost=67604.59..67604.59 rows=7437 width=4) (actual time=1068.708..1068.708 rows=14770 loops=1)
        Buckets: 16384 (originally 8192)  Batches: 1 (originally 1)  Memory Usage: 648kB
        ->  Seq Scan on title t  (cost=0.00..67604.59 rows=7437 width=4) (actual time=0.059..1059.474 rows=14770 loops=1)
              Filter: (production_year = 1982)
              Rows Removed by Filter: 2513542
Planning time: 0.774 ms
Execution time: 2683.972 ms
