Hash Join  (cost=69484.36..199880.02 rows=184525 width=0) (actual time=1159.985..4245.798 rows=438395 loops=1)
  Hash Cond: (mk.movie_id = t.id)
  ->  Seq Scan on movie_keyword mk  (cost=0.00..81003.12 rows=4073410 width=4) (actual time=0.021..1720.774 rows=4074327 loops=1)
        Filter: (keyword_id < 39514)
        Rows Removed by Filter: 449603
  ->  Hash  (cost=67604.59..67604.59 rows=114542 width=4) (actual time=1158.766..1158.766 rows=118234 loops=1)
        Buckets: 131072  Batches: 2  Memory Usage: 3107kB
        ->  Seq Scan on title t  (cost=0.00..67604.59 rows=114542 width=4) (actual time=292.512..1113.493 rows=118234 loops=1)
              Filter: (kind_id = 4)
              Rows Removed by Filter: 2410078
Planning time: 0.799 ms
Execution time: 4301.010 ms
