Hash Join  (cost=78473.92..162947.71 rows=683626 width=0) (actual time=1399.522..3795.751 rows=524576 loops=1)
  Hash Cond: (mc.movie_id = t.id)
  ->  Seq Scan on movie_companies mc  (cost=0.00..44881.29 rows=2609129 width=4) (actual time=0.010..941.096 rows=2609129 loops=1)
  ->  Hash  (cost=67604.59..67604.59 rows=662507 width=4) (actual time=1398.339..1398.339 rows=662065 loops=1)
        Buckets: 131072  Batches: 16  Memory Usage: 2481kB
        ->  Seq Scan on title t  (cost=0.00..67604.59 rows=662507 width=4) (actual time=0.014..1177.243 rows=662065 loops=1)
              Filter: (production_year > 2008)
              Rows Removed by Filter: 1866247
Planning time: 0.770 ms
Execution time: 3860.710 ms
