Seq Scan on movie_keyword mk  (cost=0.00..81003.12 rows=521341 width=0) (actual time=0.028..1484.382 rows=512183 loops=1)
  Filter: (keyword_id > 35382)
  Rows Removed by Filter: 4011747
Planning time: 0.892 ms
Execution time: 1549.156 ms
