Hash Join  (cost=222300.80..596113.22 rows=724360 width=0) (actual time=7401.542..12253.829 rows=1522073 loops=1)
  Hash Cond: (mi.movie_id = t.id)
  ->  Seq Scan on movie_info mi  (cost=0.00..346232.03 rows=1272478 width=4) (actual time=1978.380..5582.241 rows=1325361 loops=1)
        Filter: (info_type_id = 8)
        Rows Removed by Filter: 13510359
  ->  Hash  (cost=198685.70..198685.70 rows=1439368 width=8) (actual time=5422.023..5422.023 rows=1444191 loops=1)
        Buckets: 131072  Batches: 32  Memory Usage: 2819kB
        ->  Hash Join  (cost=102767.86..198685.70 rows=1439368 width=8) (actual time=1909.234..4981.478 rows=1444191 loops=1)
              Hash Cond: (mc.movie_id = t.id)
              ->  Seq Scan on movie_companies mc  (cost=0.00..51404.11 rows=1439368 width=4) (actual time=0.039..1098.450 rows=1444191 loops=1)
                    Filter: (company_id > 9674)
                    Rows Removed by Filter: 1164938
              ->  Hash  (cost=61283.27..61283.27 rows=2528527 width=4) (actual time=1908.172..1908.172 rows=2528312 loops=1)
                    Buckets: 131072  Batches: 64  Memory Usage: 2415kB
                    ->  Seq Scan on title t  (cost=0.00..61283.27 rows=2528527 width=4) (actual time=0.024..1099.557 rows=2528312 loops=1)
Planning time: 1.229 ms
Execution time: 12427.023 ms
