Hash Join  (cost=218172.13..666459.10 rows=2900737 width=0) (actual time=5056.432..17075.784 rows=10309916 loops=1)
  Hash Cond: (mi.movie_id = t.id)
  ->  Seq Scan on movie_info mi  (cost=0.00..346232.03 rows=5897221 width=4) (actual time=0.028..6364.379 rows=5884963 loops=1)
        Filter: (info_type_id < 7)
        Rows Removed by Filter: 8950757
  ->  Hash  (cost=197766.42..197766.42 rows=1243737 width=8) (actual time=5055.165..5055.165 rows=1269763 loops=1)
        Buckets: 131072  Batches: 32  Memory Usage: 2628kB
        ->  Hash Join  (cost=107928.35..197766.42 rows=1243737 width=8) (actual time=2466.603..4674.861 rows=1269763 loops=1)
              Hash Cond: (mc.movie_id = t.id)
              ->  Seq Scan on movie_companies mc  (cost=0.00..51404.11 rows=1279517 width=4) (actual time=221.873..1031.272 rows=1274246 loops=1)
                    Filter: (company_type_id < 2)
                    Rows Removed by Filter: 1334883
              ->  Hash  (cost=67604.59..67604.59 rows=2457821 width=4) (actual time=2243.428..2243.428 rows=2456218 loops=1)
                    Buckets: 131072  Batches: 64  Memory Usage: 2375kB
                    ->  Seq Scan on title t  (cost=0.00..67604.59 rows=2457821 width=4) (actual time=0.031..1437.250 rows=2456218 loops=1)
                          Filter: (production_year > 0)
                          Rows Removed by Filter: 72094
Planning time: 1.228 ms
Execution time: 18271.866 ms
