Seq Scan on movie_companies mc  (cost=0.00..51404.11 rows=591024 width=0) (actual time=0.016..913.253 rows=588313 loops=1)
  Filter: (company_id < 675)
  Rows Removed by Filter: 2020816
Planning time: 0.359 ms
Execution time: 989.538 ms
