Hash Join  (cost=183413.96..1263909.94 rows=4545281 width=0) (actual time=3107.340..32134.084 rows=466617 loops=1)
  Hash Cond: (ci.movie_id = t.id)
  ->  Seq Scan on cast_info ci  (cost=0.00..614943.12 rows=36225612 width=4) (actual time=0.015..13761.955 rows=36244344 loops=1)
  ->  Hash  (cost=178208.23..178208.23 rows=317258 width=8) (actual time=3106.124..3106.124 rows=20202 loops=1)
        Buckets: 131072  Batches: 8  Memory Usage: 1129kB
        ->  Hash Join  (cost=102767.86..178208.23 rows=317258 width=8) (actual time=2026.737..3099.297 rows=20202 loops=1)
              Hash Cond: (mc.movie_id = t.id)
              ->  Seq Scan on movie_companies mc  (cost=0.00..57926.93 rows=317258 width=4) (actual time=187.073..873.494 rows=20202 loops=1)
                    Filter: ((company_id > 54314) AND (company_type_id = 1))
                    Rows Removed by Filter: 2588927
              ->  Hash  (cost=61283.27..61283.27 rows=2528527 width=4) (actual time=1838.868..1838.868 rows=2528312 loops=1)
                    Buckets: 131072  Batches: 64  Memory Usage: 2415kB
                    ->  Seq Scan on title t  (cost=0.00..61283.27 rows=2528527 width=4) (actual time=0.020..1004.888 rows=2528312 loops=1)
Planning time: 6.121 ms
Execution time: 32202.929 ms
