Hash Join  (cost=834005.85..1574505.32 rows=1985181 width=0) (actual time=21151.912..36820.625 rows=13228043 loops=1)
  Hash Cond: (mi.movie_id = t.id)
  ->  Seq Scan on movie_info mi  (cost=0.00..309384.22 rows=14739122 width=4) (actual time=0.006..6160.434 rows=14835720 loops=1)
  ->  Hash  (cost=828417.83..828417.83 rows=340562 width=8) (actual time=21150.659..21150.659 rows=363459 loops=1)
        Buckets: 131072  Batches: 8  Memory Usage: 2940kB
        ->  Hash Join  (cost=74223.04..828417.83 rows=340562 width=8) (actual time=1200.067..20033.376 rows=363459 loops=1)
              Hash Cond: (ci.movie_id = t.id)
              ->  Seq Scan on cast_info ci  (cost=0.00..614943.12 rows=36225612 width=4) (actual time=0.031..9080.185 rows=36244344 loops=1)
              ->  Hash  (cost=73925.90..73925.90 rows=23771 width=4) (actual time=1199.585..1199.585 rows=20633 loops=1)
                    Buckets: 32768  Batches: 1  Memory Usage: 982kB
                    ->  Seq Scan on title t  (cost=0.00..73925.90 rows=23771 width=4) (actual time=0.084..1189.915 rows=20633 loops=1)
                          Filter: ((kind_id < 7) AND (production_year = 2002))
                          Rows Removed by Filter: 2507679
Planning time: 1.178 ms
Execution time: 38230.904 ms
