Hash Join  (cost=130022.30..989342.26 rows=264223 width=0) (actual time=3051.091..20285.219 rows=148205 loops=1)
  Hash Cond: (ci.movie_id = t.id)
  ->  Seq Scan on cast_info ci  (cost=0.00..796071.18 rows=16161748 width=4) (actual time=494.467..15130.642 rows=12269003 loops=1)
        Filter: ((person_id < 2570022) AND (role_id > 1))
        Rows Removed by Filter: 23975341
  ->  Hash  (cost=129505.57..129505.57 rows=41338 width=8) (actual time=2555.745..2555.745 rows=13309 loops=1)
        Buckets: 65536  Batches: 1  Memory Usage: 1032kB
        ->  Hash Join  (cost=74426.67..129505.57 rows=41338 width=8) (actual time=1226.257..2550.276 rows=13309 loops=1)
              Hash Cond: (mc.movie_id = t.id)
              ->  Seq Scan on movie_companies mc  (cost=0.00..44881.29 rows=2609129 width=4) (actual time=0.016..641.134 rows=2609129 loops=1)
              ->  Hash  (cost=73925.90..73925.90 rows=40061 width=4) (actual time=1223.771..1223.771 rows=40120 loops=1)
                    Buckets: 65536  Batches: 1  Memory Usage: 1923kB
                    ->  Seq Scan on title t  (cost=0.00..73925.90 rows=40061 width=4) (actual time=212.043..1206.537 rows=40120 loops=1)
                          Filter: ((kind_id = 7) AND (production_year = 2013))
                          Rows Removed by Filter: 2488192
Planning time: 1.229 ms
Execution time: 20305.653 ms
