Hash Join  (cost=67697.55..819552.20 rows=106548 width=0) (actual time=1069.068..18160.182 rows=87336 loops=1)
  Hash Cond: (ci.movie_id = t.id)
  ->  Seq Scan on cast_info ci  (cost=0.00..614943.12 rows=36225612 width=4) (actual time=0.017..9001.653 rows=36244344 loops=1)
  ->  Hash  (cost=67604.59..67604.59 rows=7437 width=4) (actual time=1068.946..1068.946 rows=7199 loops=1)
        Buckets: 8192  Batches: 1  Memory Usage: 318kB
        ->  Seq Scan on title t  (cost=0.00..67604.59 rows=7437 width=4) (actual time=0.331..1065.309 rows=7199 loops=1)
              Filter: (production_year = 1954)
              Rows Removed by Filter: 2521113
Planning time: 1.082 ms
Execution time: 18176.906 ms
