Nested Loop  (cost=0.43..83071.67 rows=246 width=0) (actual time=1.632..1343.171 rows=530 loops=1)
  ->  Seq Scan on movie_keyword mk  (cost=0.00..81003.12 rows=246 width=4) (actual time=1.591..1307.274 rows=530 loops=1)
        Filter: (keyword_id = 4099)
        Rows Removed by Filter: 4523400
  ->  Index Only Scan using title_pkey on title t  (cost=0.43..8.40 rows=1 width=4) (actual time=0.066..0.066 rows=1 loops=530)
        Index Cond: (id = mk.movie_id)
        Heap Fetches: 530
Planning time: 0.764 ms
Execution time: 1343.477 ms
