Seq Scan on title t  (cost=0.00..73925.90 rows=1326732 width=0) (actual time=128.396..1235.154 rows=1405802 loops=1)
  Filter: ((production_year > 1963) AND (kind_id = 7))
  Rows Removed by Filter: 1122510
Planning time: 0.394 ms
Execution time: 1412.626 ms
