Hash Join  (cost=83580.70..223845.37 rows=1385570 width=0) (actual time=1545.250..5610.023 rows=1841922 loops=1)
  Hash Cond: (mk.movie_id = t.id)
  ->  Seq Scan on movie_keyword mk  (cost=0.00..81003.12 rows=3597825 width=4) (actual time=0.015..1846.057 rows=3592732 loops=1)
        Filter: (keyword_id < 20321)
        Rows Removed by Filter: 931198
  ->  Hash  (cost=67604.59..67604.59 rows=973769 width=4) (actual time=1543.916..1543.916 rows=971188 loops=1)
        Buckets: 131072  Batches: 16  Memory Usage: 3168kB
        ->  Seq Scan on title t  (cost=0.00..67604.59 rows=973769 width=4) (actual time=0.020..1222.362 rows=971188 loops=1)
              Filter: (production_year < 1999)
              Rows Removed by Filter: 1557124
Planning time: 0.780 ms
Execution time: 5833.989 ms
