Hash Join  (cost=799384.98..1193126.19 rows=1458 width=0) (actual time=17390.970..22116.296 rows=3 loops=1)
  Hash Cond: (mi.movie_id = t.id)
  ->  Seq Scan on movie_info mi  (cost=0.00..346232.03 rows=12665229 width=4) (actual time=0.019..5994.819 rows=12744652 loops=1)
        Filter: (info_type_id > 2)
        Rows Removed by Filter: 2091068
  ->  Hash  (cost=799381.34..799381.34 rows=291 width=8) (actual time=14508.615..14508.615 rows=3 loops=1)
        Buckets: 1024  Batches: 1  Memory Usage: 9kB
        ->  Nested Loop  (cost=0.43..799381.34 rows=291 width=8) (actual time=5592.131..14508.600 rows=3 loops=1)
              ->  Seq Scan on cast_info ci  (cost=0.00..796071.18 rows=396 width=4) (actual time=5592.046..14508.459 rows=3 loops=1)
                    Filter: ((role_id < 8) AND (person_id = 2751530))
                    Rows Removed by Filter: 36244341
              ->  Index Scan using title_pkey on title t  (cost=0.43..8.35 rows=1 width=4) (actual time=0.037..0.038 rows=1 loops=3)
                    Index Cond: (id = ci.movie_id)
                    Filter: (kind_id > 1)
Planning time: 0.926 ms
Execution time: 22116.467 ms
