Hash Join  (cost=83074.74..833899.15 rows=3524 width=0) (actual time=1248.810..16877.297 rows=2153 loops=1)
  Hash Cond: (ci.movie_id = t.id)
  ->  Seq Scan on cast_info ci  (cost=0.00..614943.12 rows=36225612 width=4) (actual time=0.021..8856.869 rows=36244344 loops=1)
  ->  Hash  (cost=83071.67..83071.67 rows=246 width=8) (actual time=1234.002..1234.002 rows=23 loops=1)
        Buckets: 1024  Batches: 1  Memory Usage: 9kB
        ->  Nested Loop  (cost=0.43..83071.67 rows=246 width=8) (actual time=33.171..1233.958 rows=23 loops=1)
              ->  Seq Scan on movie_keyword mk  (cost=0.00..81003.12 rows=246 width=4) (actual time=33.093..1229.972 rows=23 loops=1)
                    Filter: (keyword_id = 25287)
                    Rows Removed by Filter: 4523907
              ->  Index Only Scan using title_pkey on title t  (cost=0.43..8.40 rows=1 width=4) (actual time=0.166..0.167 rows=1 loops=23)
                    Index Cond: (id = mk.movie_id)
                    Heap Fetches: 23
Planning time: 1.148 ms
Execution time: 16878.829 ms
