Seq Scan on movie_info mi  (cost=0.00..346232.03 rows=17937 width=0) (actual time=18.030..4974.316 rows=13698 loops=1)
  Filter: (info_type_id = 97)
  Rows Removed by Filter: 14822022
Planning time: 0.379 ms
Execution time: 4976.293 ms
