Nested Loop  (cost=0.43..116523.02 rows=4826 width=0) (actual time=0.420..1465.477 rows=4626 loops=1)
  ->  Seq Scan on movie_keyword mk  (cost=0.00..81003.12 rows=4826 width=4) (actual time=0.377..1272.366 rows=4626 loops=1)
        Filter: (keyword_id = 465)
        Rows Removed by Filter: 4519304
  ->  Index Only Scan using title_pkey on title t  (cost=0.43..7.35 rows=1 width=4) (actual time=0.040..0.041 rows=1 loops=4626)
        Index Cond: (id = mk.movie_id)
        Heap Fetches: 4626
Planning time: 0.828 ms
Execution time: 1466.930 ms
