Hash Join  (cost=143016.66..270970.22 rows=488452 width=0) (actual time=3196.520..6527.708 rows=889705 loops=1)
  Hash Cond: (mk.movie_id = t.id)
  ->  Seq Scan on movie_keyword mk  (cost=0.00..69693.30 rows=4523930 width=4) (actual time=3.364..1479.980 rows=4523930 loops=1)
  ->  Hash  (cost=138537.07..138537.07 rows=273007 width=8) (actual time=3192.285..3192.285 rows=223674 loops=1)
        Buckets: 131072  Batches: 4  Memory Usage: 3213kB
        ->  Hash Join  (cost=98864.94..138537.07 rows=273007 width=8) (actual time=2043.895..3119.917 rows=223674 loops=1)
              Hash Cond: (mi_idx.movie_id = t.id)
              ->  Seq Scan on movie_info_idx mi_idx  (cost=0.00..25185.44 rows=454124 width=4) (actual time=0.019..511.582 rows=459925 loops=1)
                    Filter: (info_type_id = 100)
                    Rows Removed by Filter: 920110
              ->  Hash  (cost=73925.90..73925.90 rows=1520083 width=4) (actual time=2042.292..2042.292 rows=1507233 loops=1)
                    Buckets: 131072  Batches: 32  Memory Usage: 2679kB
                    ->  Seq Scan on title t  (cost=0.00..73925.90 rows=1520083 width=4) (actual time=0.017..1561.366 rows=1507233 loops=1)
                          Filter: ((kind_id > 1) AND (production_year < 2011))
                          Rows Removed by Filter: 1021079
Planning time: 1.193 ms
Execution time: 6630.092 ms
