Hash Join  (cost=67942.77..122887.47 rows=27917 width=0) (actual time=1000.134..2299.301 rows=26749 loops=1)
  Hash Cond: (mc.movie_id = t.id)
  ->  Seq Scan on movie_companies mc  (cost=0.00..44881.29 rows=2609129 width=4) (actual time=0.012..642.589 rows=2609129 loops=1)
  ->  Hash  (cost=67604.59..67604.59 rows=27055 width=4) (actual time=999.899..999.899 rows=26775 loops=1)
        Buckets: 32768  Batches: 1  Memory Usage: 1198kB
        ->  Seq Scan on title t  (cost=0.00..67604.59 rows=27055 width=4) (actual time=0.018..988.515 rows=26775 loops=1)
              Filter: (production_year = 1993)
              Rows Removed by Filter: 2501537
Planning time: 0.605 ms
Execution time: 2303.775 ms
