Hash Join  (cost=85692.35..130100.98 rows=391414 width=0) (actual time=1532.555..2943.799 rows=646106 loops=1)
  Hash Cond: (mi_idx.movie_id = t.id)
  ->  Seq Scan on movie_info_idx mi_idx  (cost=0.00..21735.35 rows=1380035 width=4) (actual time=0.021..477.365 rows=1380035 loops=1)
  ->  Hash  (cost=73925.90..73925.90 rows=717156 width=4) (actual time=1531.708..1531.708 rows=620281 loops=1)
        Buckets: 131072  Batches: 16  Memory Usage: 2386kB
        ->  Seq Scan on title t  (cost=0.00..73925.90 rows=717156 width=4) (actual time=0.025..1331.366 rows=620281 loops=1)
              Filter: ((kind_id < 7) AND (production_year > 1986))
              Rows Removed by Filter: 1908031
Planning time: 0.805 ms
Execution time: 3029.272 ms
