Hash Join  (cost=130368.33..837259.75 rows=7109 width=0) (actual time=12802.843..15688.786 rows=26864 loops=1)
  Hash Cond: (ci.movie_id = t.id)
  ->  Seq Scan on cast_info ci  (cost=0.00..705507.15 rows=350181 width=4) (actual time=10327.570..13088.236 rows=316118 loops=1)
        Filter: (role_id > 10)
        Rows Removed by Filter: 35928226
  ->  Hash  (cost=129726.64..129726.64 rows=51335 width=8) (actual time=2474.682..2474.682 rows=79411 loops=1)
        Buckets: 131072 (originally 65536)  Batches: 2 (originally 1)  Memory Usage: 3073kB
        ->  Hash Join  (cost=74547.77..129726.64 rows=51335 width=8) (actual time=1086.093..2440.930 rows=79411 loops=1)
              Hash Cond: (mc.movie_id = t.id)
              ->  Seq Scan on movie_companies mc  (cost=0.00..44881.29 rows=2609129 width=4) (actual time=0.026..634.284 rows=2609129 loops=1)
              ->  Hash  (cost=73925.90..73925.90 rows=49749 width=4) (actual time=1085.658..1085.658 rows=44012 loops=1)
                    Buckets: 65536  Batches: 1  Memory Usage: 2060kB
                    ->  Seq Scan on title t  (cost=0.00..73925.90 rows=49749 width=4) (actual time=0.027..1068.350 rows=44012 loops=1)
                          Filter: ((kind_id < 7) AND (production_year = 2009))
                          Rows Removed by Filter: 2484300
Planning time: 1.808 ms
Execution time: 15692.830 ms
