Hash Join  (cost=83060.47..1198805.04 rows=7976641 width=0) (actual time=1353.083..33527.425 rows=7859753 loops=1)
  Hash Cond: (ci.movie_id = t.id)
  ->  Seq Scan on cast_info ci  (cost=0.00..614943.12 rows=36225612 width=4) (actual time=0.015..13036.851 rows=36244344 loops=1)
  ->  Hash  (cost=73925.90..73925.90 rows=556765 width=4) (actual time=1352.168..1352.168 rows=434157 loops=1)
        Buckets: 131072  Batches: 8  Memory Usage: 2944kB
        ->  Seq Scan on title t  (cost=0.00..73925.90 rows=556765 width=4) (actual time=331.212..1215.398 rows=434157 loops=1)
              Filter: ((production_year > 1968) AND (kind_id = 1))
              Rows Removed by Filter: 2094155
Planning time: 0.787 ms
Execution time: 34429.247 ms
