Nested Loop  (cost=0.43..138958.31 rows=3620 width=0) (actual time=0.466..1176.666 rows=1057 loops=1)
  ->  Seq Scan on movie_keyword mk  (cost=0.00..81003.12 rows=8595 width=4) (actual time=0.050..994.836 rows=8337 loops=1)
        Filter: (keyword_id = 865)
        Rows Removed by Filter: 4515593
  ->  Index Scan using title_pkey on title t  (cost=0.43..6.73 rows=1 width=4) (actual time=0.020..0.020 rows=0 loops=8337)
        Index Cond: (id = mk.movie_id)
        Filter: ((kind_id > 1) AND (production_year < 2006))
        Rows Removed by Filter: 1
Planning time: 0.763 ms
Execution time: 1177.127 ms
