Seq Scan on movie_keyword mk  (cost=0.00..81003.12 rows=435729 width=0) (actual time=0.020..1266.426 rows=430586 loops=1)
  Filter: (keyword_id > 40630)
  Rows Removed by Filter: 4093344
Planning time: 0.335 ms
Execution time: 1320.524 ms
