Seq Scan on movie_companies mc  (cost=0.00..51404.11 rows=2435316 width=0) (actual time=0.020..1051.486 rows=2435731 loops=1)
  Filter: (company_id < 122587)
  Rows Removed by Filter: 173398
Planning time: 0.257 ms
Execution time: 1362.087 ms
