Hash Join  (cost=209854.01..735365.63 rows=4283470 width=0) (actual time=5303.444..39003.698 rows=89800597 loops=1)
  Hash Cond: (mi.movie_id = t.id)
  ->  Seq Scan on movie_info mi  (cost=0.00..309384.22 rows=14739122 width=4) (actual time=0.026..5700.977 rows=14835720 loops=1)
  ->  Hash  (cost=197797.54..197797.54 rows=734838 width=8) (actual time=5301.969..5301.969 rows=1629970 loops=1)
        Buckets: 131072 (originally 131072)  Batches: 32 (originally 16)  Memory Usage: 3096kB
        ->  Hash Join  (cost=83600.04..197797.54 rows=734838 width=8) (actual time=1728.447..4794.319 rows=1629970 loops=1)
              Hash Cond: (mk.movie_id = t.id)
              ->  Seq Scan on movie_keyword mk  (cost=0.00..81003.12 rows=1905865 width=4) (actual time=0.023..1550.104 rows=1914203 loops=1)
                    Filter: (keyword_id < 3295)
                    Rows Removed by Filter: 2609727
              ->  Hash  (cost=67604.59..67604.59 rows=974916 width=4) (actual time=1726.828..1726.828 rows=972448 loops=1)
                    Buckets: 131072  Batches: 16  Memory Usage: 3169kB
                    ->  Seq Scan on title t  (cost=0.00..67604.59 rows=974916 width=4) (actual time=0.024..1136.321 rows=972448 loops=1)
                          Filter: (kind_id < 6)
                          Rows Removed by Filter: 1555864
Planning time: 1.173 ms
Execution time: 48986.562 ms
