Hash Join  (cost=69223.25..141064.13 rows=65422 width=0) (actual time=1002.167..2729.562 rows=180308 loops=1)
  Hash Cond: (mc.movie_id = t.id)
  ->  Seq Scan on movie_companies mc  (cost=0.00..51404.11 rows=1677480 width=4) (actual time=0.021..1047.451 rows=1677910 loops=1)
        Filter: (company_id > 3334)
        Rows Removed by Filter: 931219
  ->  Hash  (cost=67604.59..67604.59 rows=98613 width=4) (actual time=1001.489..1001.489 rows=98579 loops=1)
        Buckets: 131072  Batches: 2  Memory Usage: 2754kB
        ->  Seq Scan on title t  (cost=0.00..67604.59 rows=98613 width=4) (actual time=101.454..708.969 rows=98579 loops=1)
              Filter: (production_year < 1924)
              Rows Removed by Filter: 2429733
Planning time: 0.520 ms
Execution time: 2753.990 ms
