Hash Join  (cost=92883.59..207110.96 rows=876849 width=0) (actual time=2154.579..4307.150 rows=185605 loops=1)
  Hash Cond: (mk.movie_id = t.id)
  ->  Seq Scan on movie_keyword mk  (cost=0.00..81003.12 rows=1438952 width=4) (actual time=0.016..1481.496 rows=1458053 loops=1)
        Filter: (keyword_id < 2056)
        Rows Removed by Filter: 3065877
  ->  Hash  (cost=67604.59..67604.59 rows=1540800 width=4) (actual time=1807.014..1807.014 rows=1543264 loops=1)
        Buckets: 131072  Batches: 32  Memory Usage: 2728kB
        ->  Seq Scan on title t  (cost=0.00..67604.59 rows=1540800 width=4) (actual time=127.939..1282.651 rows=1543264 loops=1)
              Filter: (kind_id = 7)
              Rows Removed by Filter: 985048
Planning time: 0.902 ms
Execution time: 4331.595 ms
