Seq Scan on movie_keyword mk  (cost=0.00..81003.12 rows=3025118 width=0) (actual time=0.016..1401.871 rows=3003889 loops=1)
  Filter: (keyword_id < 10636)
  Rows Removed by Filter: 1520041
Planning time: 0.333 ms
Execution time: 1770.671 ms
