Seq Scan on movie_keyword mk  (cost=0.00..81003.12 rows=246 width=0) (actual time=3.089..1254.776 rows=989 loops=1)
  Filter: (keyword_id = 7986)
  Rows Removed by Filter: 4522941
Planning time: 0.398 ms
Execution time: 1255.249 ms
