Hash Join  (cost=247248.55..762746.39 rows=5115947 width=0) (actual time=6362.576..31308.255 rows=55200746 loops=1)
  Hash Cond: (mi.movie_id = t.id)
  ->  Seq Scan on movie_info mi  (cost=0.00..346232.03 rows=9767026 width=4) (actual time=0.009..6796.560 rows=9911754 loops=1)
        Filter: (info_type_id > 4)
        Rows Removed by Filter: 4923966
  ->  Hash  (cost=225519.08..225519.08 rows=1324437 width=8) (actual time=6361.533..6361.533 rows=1340785 loops=1)
        Buckets: 131072  Batches: 32  Memory Usage: 2734kB
        ->  Hash Join  (cost=102767.86..225519.08 rows=1324437 width=8) (actual time=2438.675..5949.743 rows=1340785 loops=1)
              Hash Cond: (mk.movie_id = t.id)
              ->  Seq Scan on movie_keyword mk  (cost=0.00..81003.12 rows=1324437 width=4) (actual time=0.011..1456.947 rows=1340785 loops=1)
                    Filter: (keyword_id < 1749)
                    Rows Removed by Filter: 3183145
              ->  Hash  (cost=61283.27..61283.27 rows=2528527 width=4) (actual time=2436.296..2436.296 rows=2528312 loops=1)
                    Buckets: 131072  Batches: 64  Memory Usage: 2425kB
                    ->  Seq Scan on title t  (cost=0.00..61283.27 rows=2528527 width=4) (actual time=0.014..1038.247 rows=2528312 loops=1)
Planning time: 0.741 ms
Execution time: 37915.052 ms
