Seq Scan on cast_info ci  (cost=0.00..796071.18 rows=7266348 width=0) (actual time=1046.828..13135.463 rows=11195636 loops=1)
  Filter: ((person_id > 2582438) AND (role_id > 1))
  Rows Removed by Filter: 25048708
Planning time: 0.366 ms
Execution time: 14528.419 ms
