Hash Join  (cost=76160.10..115127.82 rows=74323 width=0) (actual time=1206.118..2253.012 rows=214540 loops=1)
  Hash Cond: (mi_idx.movie_id = t.id)
  ->  Seq Scan on movie_info_idx mi_idx  (cost=0.00..21735.35 rows=1380035 width=4) (actual time=0.018..384.699 rows=1380035 loops=1)
  ->  Hash  (cost=73925.90..73925.90 rows=136176 width=4) (actual time=1205.323..1205.323 rows=269736 loops=1)
        Buckets: 131072 (originally 131072)  Batches: 4 (originally 2)  Memory Usage: 3395kB
        ->  Seq Scan on title t  (cost=0.00..73925.90 rows=136176 width=4) (actual time=435.075..1113.765 rows=269736 loops=1)
              Filter: ((production_year < 1980) AND (kind_id = 1))
              Rows Removed by Filter: 2258576
Planning time: 0.801 ms
Execution time: 2280.118 ms
