Hash Join  (cost=101210.02..1481748.74 rows=29345154 width=0) (actual time=1944.063..45997.475 rows=31301002 loops=1)
  Hash Cond: (ci.movie_id = t.id)
  ->  Seq Scan on cast_info ci  (cost=0.00..614943.12 rows=36225612 width=4) (actual time=0.023..13736.845 rows=36244344 loops=1)
  ->  Hash  (cost=67604.59..67604.59 rows=2048275 width=4) (actual time=1942.734..1942.734 rows=2046723 loops=1)
        Buckets: 131072  Batches: 32  Memory Usage: 3276kB
        ->  Seq Scan on title t  (cost=0.00..67604.59 rows=2048275 width=4) (actual time=0.020..1305.845 rows=2046723 loops=1)
              Filter: (production_year > 1972)
              Rows Removed by Filter: 481589
Planning time: 0.754 ms
Execution time: 49563.545 ms
