Hash Join  (cost=207903.11..1317539.79 rows=7382052 width=0) (actual time=4317.117..34287.865 rows=3929395 loops=1)
  Hash Cond: (ci.movie_id = t.id)
  ->  Seq Scan on cast_info ci  (cost=0.00..614943.12 rows=36225612 width=4) (actual time=0.013..13079.491 rows=36244344 loops=1)
  ->  Hash  (cost=199449.32..199449.32 rows=515263 width=8) (actual time=4316.275..4316.275 rows=189706 loops=1)
        Buckets: 131072  Batches: 8  Memory Usage: 1916kB
        ->  Hash Join  (cost=82536.92..199449.32 rows=515263 width=8) (actual time=1551.991..4254.739 rows=189706 loops=1)
              Hash Cond: (mk.movie_id = t.id)
              ->  Seq Scan on movie_keyword mk  (cost=0.00..81003.12 rows=2482572 width=4) (actual time=0.016..1562.504 rows=2477680 loops=1)
                    Filter: (keyword_id < 5995)
                    Rows Removed by Filter: 2046250
              ->  Hash  (cost=73925.90..73925.90 rows=524801 width=4) (actual time=1551.033..1551.033 rows=386160 loops=1)
                    Buckets: 131072  Batches: 8  Memory Usage: 2717kB
                    ->  Seq Scan on title t  (cost=0.00..73925.90 rows=524801 width=4) (actual time=0.020..1097.234 rows=386160 loops=1)
                          Filter: ((kind_id > 1) AND (production_year < 1991))
                          Rows Removed by Filter: 2142152
Planning time: 1.208 ms
Execution time: 34756.430 ms
