Seq Scan on movie_companies mc  (cost=0.00..57926.93 rows=564204 width=0) (actual time=0.024..958.274 rows=347915 loops=1)
  Filter: ((company_id < 7540) AND (company_type_id = 2))
  Rows Removed by Filter: 2261214
Planning time: 0.438 ms
Execution time: 1001.918 ms
