Hash Join  (cost=100904.85..184836.32 rows=303 width=0) (actual time=1657.991..2784.382 rows=34 loops=1)
  Hash Cond: (mk.movie_id = t.id)
  ->  Seq Scan on movie_keyword mk  (cost=0.00..81003.12 rows=780083 width=4) (actual time=0.016..1062.422 rows=782198 loops=1)
        Filter: (keyword_id < 748)
        Rows Removed by Filter: 3741732
  ->  Hash  (cost=100892.56..100892.56 rows=983 width=8) (actual time=1629.741..1629.741 rows=26 loops=1)
        Buckets: 1024  Batches: 1  Memory Usage: 10kB
        ->  Hash Join  (cost=73994.33..100892.56 rows=983 width=8) (actual time=1174.850..1629.682 rows=26 loops=1)
              Hash Cond: (mi_idx.movie_id = t.id)
              ->  Seq Scan on movie_info_idx mi_idx  (cost=0.00..25185.44 rows=454124 width=4) (actual time=0.015..430.476 rows=459925 loops=1)
                    Filter: (info_type_id = 100)
                    Rows Removed by Filter: 920110
              ->  Hash  (cost=73925.90..73925.90 rows=5474 width=4) (actual time=1130.125..1130.125 rows=636 loops=1)
                    Buckets: 8192  Batches: 1  Memory Usage: 87kB
                    ->  Seq Scan on title t  (cost=0.00..73925.90 rows=5474 width=4) (actual time=0.091..1129.691 rows=636 loops=1)
                          Filter: ((kind_id > 1) AND (production_year = 1948))
                          Rows Removed by Filter: 2527676
Planning time: 1.245 ms
Execution time: 2784.490 ms
