Hash Join  (cost=83810.17..814951.80 rows=549877 width=0) (actual time=1724.225..14612.225 rows=556479 loops=1)
  Hash Cond: (ci.movie_id = t.id)
  ->  Seq Scan on cast_info ci  (cost=0.00..705507.15 rows=1407654 width=4) (actual time=121.700..11913.760 rows=1331913 loops=1)
        Filter: (person_id < 132932)
        Rows Removed by Filter: 34912431
  ->  Hash  (cost=67604.59..67604.59 rows=987727 width=4) (actual time=1601.677..1601.677 rows=985048 loops=1)
        Buckets: 131072  Batches: 16  Memory Usage: 3188kB
        ->  Seq Scan on title t  (cost=0.00..67604.59 rows=987727 width=4) (actual time=0.022..1294.740 rows=985048 loops=1)
              Filter: (kind_id < 7)
              Rows Removed by Filter: 1543264
Planning time: 0.802 ms
Execution time: 14677.722 ms
