Hash Join  (cost=100809.69..700958.05 rows=9551753 width=0) (actual time=2047.527..17208.246 rows=6121858 loops=1)
  Hash Cond: (mi.movie_id = t.id)
  ->  Seq Scan on movie_info mi  (cost=0.00..309384.22 rows=14739122 width=4) (actual time=0.017..6209.742 rows=14835720 loops=1)
  ->  Hash  (cost=73925.90..73925.90 rows=1638623 width=4) (actual time=2044.856..2044.856 rows=1629839 loops=1)
        Buckets: 131072  Batches: 32  Memory Usage: 2820kB
        ->  Seq Scan on title t  (cost=0.00..73925.90 rows=1638623 width=4) (actual time=0.018..1514.248 rows=1629839 loops=1)
              Filter: ((kind_id > 1) AND (production_year < 2012))
              Rows Removed by Filter: 898473
Planning time: 0.776 ms
Execution time: 17891.247 ms
