Seq Scan on movie_keyword mk  (cost=0.00..81003.12 rows=1613717 width=0) (actual time=0.025..1352.875 rows=1625160 loops=1)
  Filter: (keyword_id > 9218)
  Rows Removed by Filter: 2898770
Planning time: 0.342 ms
Execution time: 1552.645 ms
