Hash Join  (cost=137413.28..1271101.24 rows=3743760 width=0) (actual time=2870.378..35072.732 rows=4706826 loops=1)
  Hash Cond: (ci.movie_id = t.id)
  ->  Seq Scan on cast_info ci  (cost=0.00..705507.15 rows=33698976 width=4) (actual time=0.014..16704.764 rows=33772131 loops=1)
        Filter: (person_id > 239928)
        Rows Removed by Filter: 2472213
  ->  Hash  (cost=132803.96..132803.96 rows=280905 width=8) (actual time=2869.406..2869.406 rows=141906 loops=1)
        Buckets: 131072  Batches: 4  Memory Usage: 2407kB
        ->  Hash Join  (cost=92883.59..132803.96 rows=280905 width=8) (actual time=1760.461..2822.239 rows=141906 loops=1)
              Hash Cond: (mi_idx.movie_id = t.id)
              ->  Seq Scan on movie_info_idx mi_idx  (cost=0.00..25185.44 rows=460978 width=4) (actual time=0.017..499.494 rows=459925 loops=1)
                    Filter: (info_type_id = 99)
                    Rows Removed by Filter: 920110
              ->  Hash  (cost=67604.59..67604.59 rows=1540800 width=4) (actual time=1759.125..1759.125 rows=1543264 loops=1)
                    Buckets: 131072  Batches: 32  Memory Usage: 2722kB
                    ->  Seq Scan on title t  (cost=0.00..67604.59 rows=1540800 width=4) (actual time=0.019..1136.208 rows=1543264 loops=1)
                          Filter: (kind_id = 7)
                          Rows Removed by Filter: 985048
Planning time: 1.174 ms
Execution time: 35660.989 ms
