Hash Join  (cost=102767.86..276796.66 rows=3455488 width=0) (actual time=1925.738..6937.273 rows=3445068 loops=1)
  Hash Cond: (mk.movie_id = t.id)
  ->  Seq Scan on movie_keyword mk  (cost=0.00..81003.12 rows=3455488 width=4) (actual time=0.023..1850.131 rows=3445068 loops=1)
        Filter: (keyword_id > 1082)
        Rows Removed by Filter: 1078862
  ->  Hash  (cost=61283.27..61283.27 rows=2528527 width=4) (actual time=1923.753..1923.753 rows=2528312 loops=1)
        Buckets: 131072  Batches: 64  Memory Usage: 2425kB
        ->  Seq Scan on title t  (cost=0.00..61283.27 rows=2528527 width=4) (actual time=0.022..1068.599 rows=2528312 loops=1)
Planning time: 0.792 ms
Execution time: 7347.670 ms
