Hash Join  (cost=92883.59..969284.54 rows=2395067 width=0) (actual time=1748.077..15252.099 rows=954972 loops=1)
  Hash Cond: (ci.movie_id = t.id)
  ->  Seq Scan on cast_info ci  (cost=0.00..796071.18 rows=3930421 width=4) (actual time=17.570..12104.001 rows=1651762 loops=1)
        Filter: ((person_id < 577240) AND (role_id > 1))
        Rows Removed by Filter: 34592582
  ->  Hash  (cost=67604.59..67604.59 rows=1540800 width=4) (actual time=1729.229..1729.229 rows=1543264 loops=1)
        Buckets: 131072  Batches: 32  Memory Usage: 2722kB
        ->  Seq Scan on title t  (cost=0.00..67604.59 rows=1540800 width=4) (actual time=207.792..1219.741 rows=1543264 loops=1)
              Filter: (kind_id = 7)
              Rows Removed by Filter: 985048
Planning time: 1.615 ms
Execution time: 15363.050 ms
