Hash Join  (cost=89299.55..198834.59 rows=727629 width=0) (actual time=1621.070..4121.409 rows=571549 loops=1)
  Hash Cond: (mk.movie_id = t.id)
  ->  Seq Scan on movie_keyword mk  (cost=0.00..81003.12 rows=1391368 width=4) (actual time=0.023..1576.163 rows=1406536 loops=1)
        Filter: (keyword_id < 1915)
        Rows Removed by Filter: 3117394
  ->  Hash  (cost=67604.59..67604.59 rows=1322317 width=4) (actual time=1619.370..1619.370 rows=1322863 loops=1)
        Buckets: 131072  Batches: 32  Memory Usage: 2489kB
        ->  Seq Scan on title t  (cost=0.00..67604.59 rows=1322317 width=4) (actual time=0.013..1172.575 rows=1322863 loops=1)
              Filter: (production_year > 2001)
              Rows Removed by Filter: 1205449
Planning time: 0.527 ms
Execution time: 4176.403 ms
