Hash Join  (cost=92125.69..192061.98 rows=447961 width=134) (actual time=2115.889..5155.097 rows=328580 loops=1)
  Hash Cond: (mc.movie_id = t.id)
  ->  Seq Scan on movie_companies mc  (cost=0.00..57926.93 rows=1254065 width=40) (actual time=0.017..1575.703 rows=1274246 loops=1)
        Filter: ((company_id < 190835) AND (company_type_id = 1))
        Rows Removed by Filter: 1334883
  ->  Hash  (cost=67604.59..67604.59 rows=903208 width=94) (actual time=2110.000..2110.000 rows=904491 loops=1)
        Buckets: 32768  Batches: 32  Memory Usage: 3445kB
        ->  Seq Scan on title t  (cost=0.00..67604.59 rows=903208 width=94) (actual time=0.008..1731.282 rows=904491 loops=1)
              Filter: (production_year > 2006)
              Rows Removed by Filter: 1623821
Planning time: 1.106 ms
Execution time: 5173.961 ms
