Hash Join  (cost=200693.55..268454.71 rows=88086 width=0) (actual time=4275.701..5902.737 rows=741652 loops=1)
  Hash Cond: (mc.movie_id = t.id)
  ->  Seq Scan on movie_companies mc  (cost=0.00..51404.11 rows=1279517 width=4) (actual time=368.167..1008.072 rows=1274246 loops=1)
        Filter: (company_type_id < 2)
        Rows Removed by Filter: 1334883
  ->  Hash  (cost=197837.65..197837.65 rows=174072 width=8) (actual time=3906.689..3906.689 rows=188777 loops=1)
        Buckets: 131072  Batches: 4  Memory Usage: 2885kB
        ->  Hash Join  (cost=102767.86..197837.65 rows=174072 width=8) (actual time=1970.200..3850.063 rows=188777 loops=1)
              Hash Cond: (mk.movie_id = t.id)
              ->  Seq Scan on movie_keyword mk  (cost=0.00..81003.12 rows=174072 width=4) (actual time=0.035..1351.002 rows=188777 loops=1)
                    Filter: (keyword_id < 137)
                    Rows Removed by Filter: 4335153
              ->  Hash  (cost=61283.27..61283.27 rows=2528527 width=4) (actual time=1968.687..1968.687 rows=2528312 loops=1)
                    Buckets: 131072  Batches: 64  Memory Usage: 2425kB
                    ->  Seq Scan on title t  (cost=0.00..61283.27 rows=2528527 width=4) (actual time=0.019..1101.286 rows=2528312 loops=1)
Planning time: 0.788 ms
Execution time: 5989.945 ms
