Seq Scan on title t  (cost=0.00..73925.90 rows=4906 width=0) (actual time=0.013..1230.145 rows=16097 loops=1)
  Filter: ((kind_id > 3) AND (production_year = 1991))
  Rows Removed by Filter: 2512215
Planning time: 0.399 ms
Execution time: 1233.614 ms
