Hash Join  (cost=101718.74..834869.93 rows=27558 width=0) (actual time=2333.634..16931.277 rows=29653 loops=1)
  Hash Cond: (ci.movie_id = t.id)
  ->  Seq Scan on cast_info ci  (cost=0.00..705507.15 rows=7298253 width=4) (actual time=418.950..13807.231 rows=7451973 loops=1)
        Filter: (role_id = 2)
        Rows Removed by Filter: 28792371
  ->  Hash  (cost=101599.39..101599.39 rows=9548 width=8) (actual time=1913.974..1913.974 rows=5040 loops=1)
        Buckets: 16384  Batches: 1  Memory Usage: 325kB
        ->  Hash Join  (cost=74574.97..101599.39 rows=9548 width=8) (actual time=1283.740..1911.920 rows=5040 loops=1)
              Hash Cond: (mi_idx.movie_id = t.id)
              ->  Seq Scan on movie_info_idx mi_idx  (cost=0.00..25185.44 rows=464934 width=4) (actual time=0.025..479.876 rows=460185 loops=1)
                    Filter: (info_type_id > 100)
                    Rows Removed by Filter: 919850
              ->  Hash  (cost=73925.90..73925.90 rows=51925 width=4) (actual time=1269.541..1269.541 rows=56480 loops=1)
                    Buckets: 65536  Batches: 1  Memory Usage: 2498kB
                    ->  Seq Scan on title t  (cost=0.00..73925.90 rows=51925 width=4) (actual time=241.056..1243.650 rows=56480 loops=1)
                          Filter: ((kind_id = 7) AND (production_year = 2004))
                          Rows Removed by Filter: 2471832
Planning time: 1.475 ms
Execution time: 16936.569 ms
