Hash Join  (cost=86241.46..888020.12 rows=35508 width=0) (actual time=10495.090..13142.277 rows=29374 loops=1)
  Hash Cond: (ci.movie_id = t.id)
  ->  Seq Scan on cast_info ci  (cost=0.00..796071.18 rows=79040 width=4) (actual time=8879.242..11321.308 rows=59531 loops=1)
        Filter: ((person_id < 366098) AND (role_id = 6))
        Rows Removed by Filter: 36184813
  ->  Hash  (cost=67604.59..67604.59 rows=1135910 width=4) (actual time=1614.627..1614.627 rows=1133355 loops=1)
        Buckets: 131072  Batches: 16  Memory Usage: 3516kB
        ->  Seq Scan on title t  (cost=0.00..67604.59 rows=1135910 width=4) (actual time=0.028..1251.206 rows=1133355 loops=1)
              Filter: (production_year < 2002)
              Rows Removed by Filter: 1394957
Planning time: 0.833 ms
Execution time: 13145.729 ms
