Seq Scan on movie_companies mc  (cost=0.00..57926.93 rows=1192307 width=0) (actual time=501.596..1253.982 rows=1131906 loops=1)
  Filter: ((company_id > 34) AND (company_type_id < 2))
  Rows Removed by Filter: 1477223
Planning time: 0.351 ms
Execution time: 1390.817 ms
