Hash Join  (cost=155542.21..210378.02 rows=17028 width=0) (actual time=2554.878..3447.906 rows=124903 loops=1)
  Hash Cond: (mc.movie_id = t.id)
  ->  Seq Scan on movie_companies mc  (cost=0.00..44881.29 rows=2609129 width=4) (actual time=0.023..460.416 rows=2609129 loops=1)
  ->  Hash  (cost=155335.94..155335.94 rows=16502 width=8) (actual time=2554.654..2554.654 rows=13795 loops=1)
        Buckets: 32768  Batches: 1  Memory Usage: 795kB
        ->  Hash Join  (cost=69460.45..155335.94 rows=16502 width=8) (actual time=1234.246..2549.799 rows=13795 loops=1)
              Hash Cond: (mk.movie_id = t.id)
              ->  Seq Scan on movie_keyword mk  (cost=0.00..81003.12 rows=368892 width=4) (actual time=54.884..1229.559 rows=367372 loops=1)
                    Filter: (keyword_id > 45850)
                    Rows Removed by Filter: 4156558
              ->  Hash  (cost=67604.59..67604.59 rows=113109 width=4) (actual time=1177.804..1177.804 rows=119565 loops=1)
                    Buckets: 131072  Batches: 2  Memory Usage: 3121kB
                    ->  Seq Scan on title t  (cost=0.00..67604.59 rows=113109 width=4) (actual time=0.034..1132.189 rows=119565 loops=1)
                          Filter: (production_year = 2007)
                          Rows Removed by Filter: 2408747
Planning time: 8.281 ms
Execution time: 3460.338 ms
