Nested Loop  (cost=0.43..83071.67 rows=246 width=0) (actual time=13.442..1389.390 rows=33 loops=1)
  ->  Seq Scan on movie_keyword mk  (cost=0.00..81003.12 rows=246 width=4) (actual time=13.354..1387.483 rows=33 loops=1)
        Filter: (keyword_id = 5362)
        Rows Removed by Filter: 4523897
  ->  Index Only Scan using title_pkey on title t  (cost=0.43..8.40 rows=1 width=4) (actual time=0.049..0.050 rows=1 loops=33)
        Index Cond: (id = mk.movie_id)
        Heap Fetches: 33
Planning time: 5.765 ms
Execution time: 1389.494 ms
