Hash Join  (cost=74344.78..440954.05 rows=195334 width=0) (actual time=1118.041..9418.387 rows=314470 loops=1)
  Hash Cond: (mi.movie_id = t.id)
  ->  Seq Scan on movie_info mi  (cost=0.00..309384.22 rows=14739122 width=4) (actual time=0.023..4679.535 rows=14835720 loops=1)
  ->  Hash  (cost=73925.90..73925.90 rows=33510 width=4) (actual time=1117.652..1117.652 rows=22107 loops=1)
        Buckets: 65536  Batches: 1  Memory Usage: 1290kB
        ->  Seq Scan on title t  (cost=0.00..73925.90 rows=33510 width=4) (actual time=0.030..1108.358 rows=22107 loops=1)
              Filter: ((kind_id = 1) AND (production_year = 2008))
              Rows Removed by Filter: 2506205
Planning time: 0.812 ms
Execution time: 9463.247 ms
