Nested Loop  (cost=0.43..83071.67 rows=246 width=0) (actual time=14.431..1210.872 rows=184 loops=1)
  ->  Seq Scan on movie_keyword mk  (cost=0.00..81003.12 rows=246 width=4) (actual time=14.343..1203.238 rows=184 loops=1)
        Filter: (keyword_id = 59191)
        Rows Removed by Filter: 4523746
  ->  Index Only Scan using title_pkey on title t  (cost=0.43..8.40 rows=1 width=4) (actual time=0.039..0.039 rows=1 loops=184)
        Index Cond: (id = mk.movie_id)
        Heap Fetches: 184
Planning time: 5.336 ms
Execution time: 1211.040 ms
