Hash Join  (cost=92883.59..211054.90 rows=1003952 width=0) (actual time=3128.626..4492.547 rows=260866 loops=1)
  Hash Cond: (mk.movie_id = t.id)
  ->  Seq Scan on movie_keyword mk  (cost=0.00..81003.12 rows=1647533 width=4) (actual time=0.010..1580.115 rows=1652780 loops=1)
        Filter: (keyword_id > 8845)
        Rows Removed by Filter: 2871150
  ->  Hash  (cost=67604.59..67604.59 rows=1540800 width=4) (actual time=1836.684..1836.684 rows=1543264 loops=1)
        Buckets: 131072  Batches: 32  Memory Usage: 2728kB
        ->  Seq Scan on title t  (cost=0.00..67604.59 rows=1540800 width=4) (actual time=359.695..1353.325 rows=1543264 loops=1)
              Filter: (kind_id = 7)
              Rows Removed by Filter: 985048
Planning time: 2.174 ms
Execution time: 4524.073 ms
