Hash Join  (cost=126708.52..253880.49 rows=424293 width=0) (actual time=4645.145..5730.005 rows=265464 loops=1)
  Hash Cond: (mk.movie_id = t.id)
  ->  Seq Scan on movie_keyword mk  (cost=0.00..69693.30 rows=4523930 width=4) (actual time=0.020..1383.306 rows=4523930 loops=1)
  ->  Hash  (cost=122817.18..122817.18 rows=237147 width=8) (actual time=2649.761..2649.761 rows=116088 loops=1)
        Buckets: 131072  Batches: 4  Memory Usage: 2178kB
        ->  Hash Join  (cost=81055.23..122817.18 rows=237147 width=8) (actual time=1220.300..2611.720 rows=116088 loops=1)
              Hash Cond: (mi_idx.movie_id = t.id)
              ->  Seq Scan on movie_info_idx mi_idx  (cost=0.00..21735.35 rows=1380035 width=4) (actual time=0.020..453.318 rows=1380035 loops=1)
              ->  Hash  (cost=73925.90..73925.90 rows=434506 width=4) (actual time=1218.887..1218.887 rows=315167 loops=1)
                    Buckets: 131072  Batches: 8  Memory Usage: 2397kB
                    ->  Seq Scan on title t  (cost=0.00..73925.90 rows=434506 width=4) (actual time=0.027..1120.657 rows=315167 loops=1)
                          Filter: ((production_year < 1991) AND (kind_id = 7))
                          Rows Removed by Filter: 2213145
Planning time: 1.190 ms
Execution time: 5763.964 ms
