Hash Join  (cost=102767.86..181389.53 rows=720588 width=0) (actual time=1850.265..3317.257 rows=723981 loops=1)
  Hash Cond: (mc.movie_id = t.id)
  ->  Seq Scan on movie_companies mc  (cost=0.00..51404.11 rows=720588 width=4) (actual time=88.778..737.578 rows=723981 loops=1)
        Filter: (company_id > 41525)
        Rows Removed by Filter: 1885148
  ->  Hash  (cost=61283.27..61283.27 rows=2528527 width=4) (actual time=1759.672..1759.672 rows=2528312 loops=1)
        Buckets: 131072  Batches: 64  Memory Usage: 2415kB
        ->  Seq Scan on title t  (cost=0.00..61283.27 rows=2528527 width=4) (actual time=0.027..952.464 rows=2528312 loops=1)
Planning time: 0.506 ms
Execution time: 3382.404 ms
