Nested Loop  (cost=0.43..709673.15 rows=481 width=0) (actual time=5749.028..10858.155 rows=1 loops=1)
  ->  Seq Scan on cast_info ci  (cost=0.00..705507.15 rows=500 width=4) (actual time=5748.889..10858.008 rows=1 loops=1)
        Filter: (person_id = 1005276)
        Rows Removed by Filter: 36244343
  ->  Index Scan using title_pkey on title t  (cost=0.43..8.32 rows=1 width=4) (actual time=0.108..0.109 rows=1 loops=1)
        Index Cond: (id = ci.movie_id)
        Filter: (production_year > 1910)
Planning time: 0.784 ms
Execution time: 10858.260 ms
