Hash Join  (cost=67697.55..436217.60 rows=17345 width=0) (actual time=1076.073..7787.246 rows=47182 loops=1)
  Hash Cond: (mi.movie_id = t.id)
  ->  Seq Scan on movie_info mi  (cost=0.00..346232.03 rows=5897221 width=4) (actual time=0.017..5560.915 rows=5884963 loops=1)
        Filter: (info_type_id < 7)
        Rows Removed by Filter: 8950757
  ->  Hash  (cost=67604.59..67604.59 rows=7437 width=4) (actual time=1075.966..1075.966 rows=19440 loops=1)
        Buckets: 32768 (originally 8192)  Batches: 1 (originally 1)  Memory Usage: 940kB
        ->  Seq Scan on title t  (cost=0.00..67604.59 rows=7437 width=4) (actual time=0.079..1067.185 rows=19440 loops=1)
              Filter: (production_year = 1986)
              Rows Removed by Filter: 2508872
Planning time: 0.785 ms
Execution time: 7795.181 ms
