Hash Join  (cost=128514.01..880374.68 rows=107150 width=0) (actual time=2075.734..19436.160 rows=419784 loops=1)
  Hash Cond: (ci.movie_id = t.id)
  ->  Seq Scan on cast_info ci  (cost=0.00..614943.12 rows=36225612 width=4) (actual time=0.023..8474.147 rows=36244344 loops=1)
  ->  Hash  (cost=128420.52..128420.52 rows=7479 width=8) (actual time=2075.348..2075.348 rows=14976 loops=1)
        Buckets: 16384 (originally 8192)  Batches: 1 (originally 1)  Memory Usage: 713kB
        ->  Hash Join  (cost=74255.97..128420.52 rows=7479 width=8) (actual time=1040.496..2068.809 rows=14976 loops=1)
              Hash Cond: (mc.movie_id = t.id)
              ->  Seq Scan on movie_companies mc  (cost=0.00..51404.11 rows=716174 width=4) (actual time=0.028..845.736 rows=720644 loops=1)
                    Filter: (company_id > 42197)
                    Rows Removed by Filter: 1888485
              ->  Hash  (cost=73925.90..73925.90 rows=26405 width=4) (actual time=1040.118..1040.118 rows=23926 loops=1)
                    Buckets: 32768  Batches: 1  Memory Usage: 1098kB
                    ->  Seq Scan on title t  (cost=0.00..73925.90 rows=26405 width=4) (actual time=0.024..1029.961 rows=23926 loops=1)
                          Filter: ((kind_id < 7) AND (production_year = 2003))
                          Rows Removed by Filter: 2504386
Planning time: 1.287 ms
Execution time: 19500.019 ms
