Hash Join  (cost=106125.41..750389.82 rows=13686258 width=0) (actual time=2230.886..20811.798 rows=13530939 loops=1)
  Hash Cond: (mi.movie_id = t.id)
  ->  Seq Scan on movie_info mi  (cost=0.00..309384.22 rows=14739122 width=4) (actual time=0.016..6369.226 rows=14835720 loops=1)
  ->  Hash  (cost=67604.59..67604.59 rows=2347906 width=4) (actual time=2229.685..2229.685 rows=2340903 loops=1)
        Buckets: 131072  Batches: 32  Memory Usage: 3609kB
        ->  Seq Scan on title t  (cost=0.00..67604.59 rows=2347906 width=4) (actual time=0.019..1461.154 rows=2340903 loops=1)
              Filter: (production_year > 1929)
              Rows Removed by Filter: 187409
Planning time: 0.680 ms
Execution time: 22297.040 ms
