Hash Join  (cost=156487.41..285458.27 rows=628760 width=0) (actual time=3444.776..7269.536 rows=2677431 loops=1)
  Hash Cond: (mk.movie_id = t.id)
  ->  Seq Scan on movie_keyword mk  (cost=0.00..81003.12 rows=3448834 width=4) (actual time=0.030..1880.068 rows=3438779 loops=1)
        Filter: (keyword_id > 1096)
        Rows Removed by Filter: 1085151
  ->  Hash  (cost=148924.19..148924.19 rows=460978 width=8) (actual time=3443.704..3443.704 rows=459925 loops=1)
        Buckets: 131072  Batches: 8  Memory Usage: 3284kB
        ->  Hash Join  (cost=102767.86..148924.19 rows=460978 width=8) (actual time=1928.578..3297.690 rows=459925 loops=1)
              Hash Cond: (mi_idx.movie_id = t.id)
              ->  Seq Scan on movie_info_idx mi_idx  (cost=0.00..25185.44 rows=460978 width=4) (actual time=0.031..507.815 rows=459925 loops=1)
                    Filter: (info_type_id = 99)
                    Rows Removed by Filter: 920110
              ->  Hash  (cost=61283.27..61283.27 rows=2528527 width=4) (actual time=1927.506..1927.506 rows=2528312 loops=1)
                    Buckets: 131072  Batches: 64  Memory Usage: 2415kB
                    ->  Seq Scan on title t  (cost=0.00..61283.27 rows=2528527 width=4) (actual time=0.010..1109.145 rows=2528312 loops=1)
Planning time: 1.243 ms
Execution time: 7532.122 ms
