Hash Join  (cost=102767.86..1199181.58 rows=12071172 width=0) (actual time=1930.868..34065.303 rows=18689572 loops=1)
  Hash Cond: (ci.movie_id = t.id)
  ->  Seq Scan on cast_info ci  (cost=0.00..796071.18 rows=12071172 width=4) (actual time=0.046..16810.514 rows=18689572 loops=1)
        Filter: ((person_id > 1729644) AND (role_id > 1))
        Rows Removed by Filter: 17554772
  ->  Hash  (cost=61283.27..61283.27 rows=2528527 width=4) (actual time=1929.900..1929.900 rows=2528312 loops=1)
        Buckets: 131072  Batches: 64  Memory Usage: 2415kB
        ->  Seq Scan on title t  (cost=0.00..61283.27 rows=2528527 width=4) (actual time=0.017..1127.944 rows=2528312 loops=1)
Planning time: 0.792 ms
Execution time: 36238.050 ms
