Hash Join  (cost=102767.86..839712.68 rows=895980 width=0) (actual time=9634.666..15737.076 rows=898389 loops=1)
  Hash Cond: (ci.movie_id = t.id)
  ->  Seq Scan on cast_info ci  (cost=0.00..705507.15 rows=895980 width=4) (actual time=7319.888..12414.128 rows=898389 loops=1)
        Filter: (role_id = 5)
        Rows Removed by Filter: 35345955
  ->  Hash  (cost=61283.27..61283.27 rows=2528527 width=4) (actual time=2313.889..2313.889 rows=2528312 loops=1)
        Buckets: 131072  Batches: 64  Memory Usage: 2415kB
        ->  Seq Scan on title t  (cost=0.00..61283.27 rows=2528527 width=4) (actual time=0.028..1133.872 rows=2528312 loops=1)
Planning time: 0.555 ms
Execution time: 15831.513 ms
