Hash Join  (cost=219667.43..1455729.04 rows=19688944 width=0) (actual time=5136.374..46981.563 rows=37785390 loops=1)
  Hash Cond: (ci.movie_id = t.id)
  ->  Seq Scan on cast_info ci  (cost=0.00..614943.12 rows=36225612 width=4) (actual time=0.018..13733.094 rows=36244344 loops=1)
  ->  Hash  (cost=197119.97..197119.97 rows=1374277 width=8) (actual time=5135.355..5135.355 rows=1385774 loops=1)
        Buckets: 131072  Batches: 32  Memory Usage: 2708kB
        ->  Hash Join  (cost=102767.86..197119.97 rows=1374277 width=8) (actual time=2195.002..4746.738 rows=1385774 loops=1)
              Hash Cond: (mc.movie_id = t.id)
              ->  Seq Scan on movie_companies mc  (cost=0.00..51404.11 rows=1374277 width=4) (actual time=0.024..1055.761 rows=1385774 loops=1)
                    Filter: (company_id > 11138)
                    Rows Removed by Filter: 1223355
              ->  Hash  (cost=61283.27..61283.27 rows=2528527 width=4) (actual time=2193.491..2193.491 rows=2528312 loops=1)
                    Buckets: 131072  Batches: 64  Memory Usage: 2415kB
                    ->  Seq Scan on title t  (cost=0.00..61283.27 rows=2528527 width=4) (actual time=0.010..1092.117 rows=2528312 loops=1)
Planning time: 1.125 ms
Execution time: 51183.109 ms
