Hash Join  (cost=116949.60..183901.78 rows=42388 width=0) (actual time=2508.376..3931.006 rows=124757 loops=1)
  Hash Cond: (mc.movie_id = t.id)
  ->  Seq Scan on movie_companies mc  (cost=0.00..51404.11 rows=1279517 width=4) (actual time=0.011..960.975 rows=1274246 loops=1)
        Filter: (company_type_id = 1)
        Rows Removed by Filter: 1334883
  ->  Hash  (cost=115574.52..115574.52 rows=83766 width=8) (actual time=2507.533..2507.533 rows=76581 loops=1)
        Buckets: 131072  Batches: 2  Memory Usage: 2511kB
        ->  Hash Join  (cost=76444.38..115574.52 rows=83766 width=8) (actual time=1259.478..2484.443 rows=76581 loops=1)
              Hash Cond: (mi_idx.movie_id = t.id)
              ->  Seq Scan on movie_info_idx mi_idx  (cost=0.00..21735.35 rows=1380035 width=4) (actual time=0.024..429.742 rows=1380035 loops=1)
              ->  Hash  (cost=73925.90..73925.90 rows=153478 width=4) (actual time=1258.532..1258.532 rows=134760 loops=1)
                    Buckets: 131072  Batches: 4  Memory Usage: 2216kB
                    ->  Seq Scan on title t  (cost=0.00..73925.90 rows=153478 width=4) (actual time=0.023..1210.728 rows=134760 loops=1)
                          Filter: ((kind_id < 7) AND (production_year > 2010))
                          Rows Removed by Filter: 2393552
Planning time: 1.171 ms
Execution time: 3948.110 ms
