Hash Join  (cost=102767.86..171483.69 rows=37840 width=0) (actual time=2260.340..3078.229 rows=73552 loops=1)
  Hash Cond: (mc.movie_id = t.id)
  ->  Seq Scan on movie_companies mc  (cost=0.00..57926.93 rows=37840 width=4) (actual time=265.025..638.634 rows=73552 loops=1)
        Filter: ((company_id > 174248) AND (company_type_id = 2))
        Rows Removed by Filter: 2535577
  ->  Hash  (cost=61283.27..61283.27 rows=2528527 width=4) (actual time=1993.753..1993.753 rows=2528312 loops=1)
        Buckets: 131072  Batches: 64  Memory Usage: 2415kB
        ->  Seq Scan on title t  (cost=0.00..61283.27 rows=2528527 width=4) (actual time=0.029..734.926 rows=2528312 loops=1)
Planning time: 0.774 ms
Execution time: 3087.232 ms
