Hash Join  (cost=210048.86..295607.64 rows=762326 width=0) (actual time=4978.522..10658.942 rows=14450552 loops=1)
  Hash Cond: (mc.movie_id = t.id)
  ->  Seq Scan on movie_companies mc  (cost=0.00..44881.29 rows=2609129 width=4) (actual time=0.029..907.239 rows=2609129 loops=1)
  ->  Hash  (cost=197928.16..197928.16 rows=738776 width=8) (actual time=4971.563..4971.563 rows=1605007 loops=1)
        Buckets: 131072 (originally 131072)  Batches: 32 (originally 16)  Memory Usage: 3073kB
        ->  Hash Join  (cost=83810.17..197928.16 rows=738776 width=8) (actual time=1430.738..4470.537 rows=1605007 loops=1)
              Hash Cond: (mk.movie_id = t.id)
              ->  Seq Scan on movie_keyword mk  (cost=0.00..81003.12 rows=1891226 width=4) (actual time=0.016..1502.803 rows=1896324 loops=1)
                    Filter: (keyword_id > 7137)
                    Rows Removed by Filter: 2627606
              ->  Hash  (cost=67604.59..67604.59 rows=987727 width=4) (actual time=1429.303..1429.303 rows=985048 loops=1)
                    Buckets: 131072  Batches: 16  Memory Usage: 3197kB
                    ->  Seq Scan on title t  (cost=0.00..67604.59 rows=987727 width=4) (actual time=0.022..1115.274 rows=985048 loops=1)
                          Filter: (kind_id < 7)
                          Rows Removed by Filter: 1543264
Planning time: 1.157 ms
Execution time: 12328.176 ms
