Hash Join  (cost=97399.10..1341769.45 rows=20497818 width=0) (actual time=1911.677..40065.931 rows=21053931 loops=1)
  Hash Cond: (ci.movie_id = t.id)
  ->  Seq Scan on cast_info ci  (cost=0.00..614943.12 rows=36225612 width=4) (actual time=0.025..13101.795 rows=36244344 loops=1)
  ->  Hash  (cost=73925.90..73925.90 rows=1430736 width=4) (actual time=1910.234..1910.234 rows=1478437 loops=1)
        Buckets: 131072  Batches: 32  Memory Usage: 2651kB
        ->  Seq Scan on title t  (cost=0.00..73925.90 rows=1430736 width=4) (actual time=0.006..1427.303 rows=1478437 loops=1)
              Filter: ((production_year > 1929) AND (kind_id = 7))
              Rows Removed by Filter: 1049875
Planning time: 0.821 ms
Execution time: 42566.313 ms
