Seq Scan on cast_info ci  (cost=0.00..705507.15 rows=500 width=0) (actual time=291.466..11035.947 rows=16 loops=1)
  Filter: (person_id = 2626784)
  Rows Removed by Filter: 36244328
Planning time: 0.358 ms
Execution time: 11036.030 ms
