Hash Join  (cost=247732.48..736733.39 rows=4404921 width=0) (actual time=7298.109..31892.151 rows=54783309 loops=1)
  Hash Cond: (mi.movie_id = t.id)
  ->  Seq Scan on movie_info mi  (cost=0.00..346232.03 rows=7235534 width=4) (actual time=169.874..6308.811 rows=7286865 loops=1)
        Filter: (info_type_id < 8)
        Rows Removed by Filter: 7548855
  ->  Hash  (cost=222476.71..222476.71 rows=1539342 width=8) (actual time=7126.961..7126.961 rows=3320711 loops=1)
        Buckets: 131072 (originally 131072)  Batches: 64 (originally 32)  Memory Usage: 3181kB
        ->  Hash Join  (cost=81720.25..222476.71 rows=1539342 width=8) (actual time=1375.156..5959.909 rows=3320711 loops=1)
              Hash Cond: (mk.movie_id = t.id)
              ->  Seq Scan on movie_keyword mk  (cost=0.00..69693.30 rows=4523930 width=4) (actual time=0.023..1227.289 rows=4523930 loops=1)
              ->  Hash  (cost=67604.59..67604.59 rows=860373 width=4) (actual time=1373.594..1373.594 rows=854214 loops=1)
                    Buckets: 131072  Batches: 16  Memory Usage: 2906kB
                    ->  Seq Scan on title t  (cost=0.00..67604.59 rows=860373 width=4) (actual time=0.020..1101.816 rows=854214 loops=1)
                          Filter: (kind_id < 4)
                          Rows Removed by Filter: 1674098
Planning time: 1.158 ms
Execution time: 38215.310 ms
