Seq Scan on cast_info ci  (cost=0.00..796071.18 rows=22677168 width=0) (actual time=0.020..16212.779 rows=22028775 loops=1)
  Filter: ((person_id > 984539) AND (role_id < 10))
  Rows Removed by Filter: 14215569
Planning time: 0.358 ms
Execution time: 18981.656 ms
