Hash Join  (cost=74050.79..149599.89 rows=267830 width=0) (actual time=1707.556..3586.767 rows=203831 loops=1)
  Hash Cond: (mc.movie_id = t.id)
  ->  Seq Scan on movie_companies mc  (cost=0.00..51404.11 rows=1723650 width=4) (actual time=0.007..987.447 rows=1727035 loops=1)
        Filter: (company_id > 2636)
        Rows Removed by Filter: 882094
  ->  Hash  (cost=67604.59..67604.59 rows=392896 width=4) (actual time=1706.674..1706.674 rows=391666 loops=1)
        Buckets: 131072  Batches: 8  Memory Usage: 2753kB
        ->  Seq Scan on title t  (cost=0.00..67604.59 rows=392896 width=4) (actual time=0.020..1317.702 rows=391666 loops=1)
              Filter: (production_year > 2010)
              Rows Removed by Filter: 2136646
Planning time: 0.844 ms
Execution time: 3611.502 ms
