Seq Scan on movie_companies mc  (cost=0.00..57926.93 rows=1327333 width=0) (actual time=0.014..1243.078 rows=1330840 loops=1)
  Filter: ((company_id < 231074) AND (company_type_id > 1))
  Rows Removed by Filter: 1278289
Planning time: 0.343 ms
Execution time: 1408.652 ms
