Hash Join  (cost=1059241.98..1754181.29 rows=14982168 width=0) (actual time=20876.341..47230.200 rows=48028252 loops=1)
  Hash Cond: (mi.movie_id = t.id)
  ->  Seq Scan on movie_info mi  (cost=0.00..309384.22 rows=14739122 width=4) (actual time=0.026..6290.441 rows=14835720 loops=1)
  ->  Hash  (cost=1017074.20..1017074.20 rows=2570222 width=8) (actual time=20869.529..20869.529 rows=1570913 loops=1)
        Buckets: 131072  Batches: 64  Memory Usage: 2072kB
        ->  Hash Join  (cost=85435.26..1017074.20 rows=2570222 width=8) (actual time=6220.425..20366.177 rows=1570913 loops=1)
              Hash Cond: (ci.movie_id = t.id)
              ->  Seq Scan on cast_info ci  (cost=0.00..796071.18 rows=9264679 width=4) (actual time=4610.479..15698.957 rows=4964337 loops=1)
                    Filter: ((person_id < 2817751) AND (role_id > 3))
                    Rows Removed by Filter: 31280007
              ->  Hash  (cost=73925.90..73925.90 rows=701468 width=4) (actual time=1608.792..1608.792 rows=749931 loops=1)
                    Buckets: 131072  Batches: 16  Memory Usage: 2673kB
                    ->  Seq Scan on title t  (cost=0.00..73925.90 rows=701468 width=4) (actual time=0.035..1371.234 rows=749931 loops=1)
                          Filter: ((kind_id < 7) AND (production_year < 2009))
                          Rows Removed by Filter: 1778381
Planning time: 1.270 ms
Execution time: 52882.193 ms
