Seq Scan on movie_companies mc  (cost=0.00..57926.93 rows=165092 width=0) (actual time=537.149..874.012 rows=328605 loops=1)
  Filter: ((company_id > 90994) AND (company_type_id = 2))
  Rows Removed by Filter: 2280524
Planning time: 0.433 ms
Execution time: 913.648 ms
