Hash Join  (cost=437302.06..1189245.67 rows=115445 width=0) (actual time=6874.710..26049.187 rows=634286 loops=1)
  Hash Cond: (ci.movie_id = t.id)
  ->  Seq Scan on cast_info ci  (cost=0.00..614943.12 rows=36225612 width=4) (actual time=0.016..9239.840 rows=36244344 loops=1)
  ->  Hash  (cost=437201.33..437201.33 rows=8058 width=8) (actual time=6874.591..6874.591 rows=19731 loops=1)
        Buckets: 32768 (originally 8192)  Batches: 1 (originally 1)  Memory Usage: 1027kB
        ->  Hash Join  (cost=86241.46..437201.33 rows=8058 width=8) (actual time=3725.105..6867.139 rows=19731 loops=1)
              Hash Cond: (mi.movie_id = t.id)
              ->  Seq Scan on movie_info mi  (cost=0.00..346232.03 rows=17937 width=4) (actual time=2164.492..5043.823 rows=121863 loops=1)
                    Filter: (info_type_id = 105)
                    Rows Removed by Filter: 14713857
              ->  Hash  (cost=67604.59..67604.59 rows=1135910 width=4) (actual time=1557.604..1557.604 rows=1133355 loops=1)
                    Buckets: 131072  Batches: 16  Memory Usage: 3524kB
                    ->  Seq Scan on title t  (cost=0.00..67604.59 rows=1135910 width=4) (actual time=0.033..1187.858 rows=1133355 loops=1)
                          Filter: (production_year < 2002)
                          Rows Removed by Filter: 1394957
Planning time: 1.216 ms
Execution time: 26153.378 ms
