Hash Join  (cost=187836.96..229524.46 rows=232802 width=0) (actual time=4558.730..6091.352 rows=1037069 loops=1)
  Hash Cond: (mi_idx.movie_id = t.id)
  ->  Seq Scan on movie_info_idx mi_idx  (cost=0.00..21735.35 rows=1380035 width=4) (actual time=0.009..475.304 rows=1380035 loops=1)
  ->  Hash  (cost=180838.15..180838.15 rows=426545 width=8) (actual time=4557.761..4557.761 rows=753474 loops=1)
        Buckets: 131072 (originally 131072)  Batches: 16 (originally 8)  Memory Usage: 3073kB
        ->  Hash Join  (cost=102767.86..180838.15 rows=426545 width=8) (actual time=2514.050..4320.957 rows=753474 loops=1)
              Hash Cond: (mc.movie_id = t.id)
              ->  Seq Scan on movie_companies mc  (cost=0.00..57926.93 rows=426545 width=4) (actual time=392.985..1097.170 rows=753474 loops=1)
                    Filter: ((company_id > 25600) AND (company_type_id = 2))
                    Rows Removed by Filter: 1855655
              ->  Hash  (cost=61283.27..61283.27 rows=2528527 width=4) (actual time=2119.824..2119.824 rows=2528312 loops=1)
                    Buckets: 131072  Batches: 64  Memory Usage: 2415kB
                    ->  Seq Scan on title t  (cost=0.00..61283.27 rows=2528527 width=4) (actual time=0.021..996.814 rows=2528312 loops=1)
Planning time: 1.195 ms
Execution time: 6212.431 ms
