Seq Scan on cast_info ci  (cost=0.00..796071.18 rows=10459601 width=0) (actual time=0.021..16279.374 rows=6877453 loops=1)
  Filter: ((person_id < 3139150) AND (role_id > 3))
  Rows Removed by Filter: 29366891
Planning time: 0.310 ms
Execution time: 17136.476 ms
