Hash Join  (cost=92883.59..971431.12 rows=5383251 width=0) (actual time=1756.551..20421.786 rows=5242126 loops=1)
  Hash Cond: (ci.movie_id = t.id)
  ->  Seq Scan on cast_info ci  (cost=0.00..705507.15 rows=8834174 width=4) (actual time=0.025..12347.584 rows=8840433 loops=1)
        Filter: (person_id > 2808168)
        Rows Removed by Filter: 27403911
  ->  Hash  (cost=67604.59..67604.59 rows=1540800 width=4) (actual time=1755.375..1755.375 rows=1543264 loops=1)
        Buckets: 131072  Batches: 32  Memory Usage: 2722kB
        ->  Seq Scan on title t  (cost=0.00..67604.59 rows=1540800 width=4) (actual time=0.024..1265.636 rows=1543264 loops=1)
              Filter: (kind_id = 7)
              Rows Removed by Filter: 985048
Planning time: 0.804 ms
Execution time: 21007.136 ms
