Hash Join  (cost=442326.50..1523723.20 rows=805773 width=0) (actual time=8982.152..35070.429 rows=5430709 loops=1)
  Hash Cond: (ci.movie_id = t.id)
  ->  Seq Scan on cast_info ci  (cost=0.00..796071.18 rows=15537083 width=4) (actual time=0.024..18469.234 rows=14629375 loops=1)
        Filter: ((person_id < 3768315) AND (role_id > 2))
        Rows Removed by Filter: 21614969
  ->  Hash  (cost=440174.35..440174.35 rows=131132 width=8) (actual time=8980.831..8980.831 rows=212994 loops=1)
        Buckets: 131072 (originally 131072)  Batches: 4 (originally 2)  Memory Usage: 3073kB
        ->  Hash Join  (cost=74207.10..440174.35 rows=131132 width=8) (actual time=1065.530..8892.995 rows=212994 loops=1)
              Hash Cond: (mi.movie_id = t.id)
              ->  Seq Scan on movie_info mi  (cost=0.00..309384.22 rows=14739122 width=4) (actual time=0.020..4506.876 rows=14835720 loops=1)
              ->  Hash  (cost=73925.90..73925.90 rows=22496 width=4) (actual time=1065.328..1065.328 rows=13050 loops=1)
                    Buckets: 32768  Batches: 1  Memory Usage: 715kB
                    ->  Seq Scan on title t  (cost=0.00..73925.90 rows=22496 width=4) (actual time=0.967..1053.483 rows=13050 loops=1)
                          Filter: ((kind_id = 1) AND (production_year = 2004))
                          Rows Removed by Filter: 2515262
Planning time: 2.195 ms
Execution time: 35673.007 ms
