Seq Scan on cast_info ci  (cost=0.00..796071.18 rows=1696853 width=0) (actual time=1455.640..14516.783 rows=1763815 loops=1)
  Filter: ((person_id > 1351680) AND (role_id = 4))
  Rows Removed by Filter: 34480529
Planning time: 0.940 ms
Execution time: 14732.659 ms
