Seq Scan on cast_info ci  (cost=0.00..705507.15 rows=4609851 width=0) (actual time=1230.724..11433.598 rows=4498563 loops=1)
  Filter: (person_id < 434454)
  Rows Removed by Filter: 31745781
Planning time: 0.350 ms
Execution time: 11987.716 ms
