Seq Scan on cast_info ci  (cost=0.00..705507.15 rows=24176315 width=0) (actual time=0.256..13421.008 rows=24280671 loops=1)
  Filter: (person_id > 1177123)
  Rows Removed by Filter: 11963673
Planning time: 0.322 ms
Execution time: 16444.256 ms
