Seq Scan on cast_info ci  (cost=0.00..796071.18 rows=2277248 width=0) (actual time=9799.725..14335.340 rows=3663438 loops=1)
  Filter: ((person_id > 1680487) AND (role_id = 10))
  Rows Removed by Filter: 32580906
Planning time: 0.317 ms
Execution time: 14813.355 ms
