Seq Scan on cast_info ci  (cost=0.00..705507.15 rows=31586593 width=0) (actual time=0.026..13596.083 rows=31564814 loops=1)
  Filter: (person_id < 3213868)
  Rows Removed by Filter: 4679530
Planning time: 0.349 ms
Execution time: 17469.850 ms
