Hash Join  (cost=78741.46..110939.61 rows=53505 width=0) (actual time=1350.001..2268.707 rows=125720 loops=1)
  Hash Cond: (mi_idx.movie_id = t.id)
  ->  Seq Scan on movie_info_idx mi_idx  (cost=0.00..25185.44 rows=460978 width=4) (actual time=0.016..538.761 rows=459925 loops=1)
        Filter: (info_type_id < 100)
        Rows Removed by Filter: 920110
  ->  Hash  (cost=73925.90..73925.90 rows=293484 width=4) (actual time=1349.100..1349.100 rows=411690 loops=1)
        Buckets: 131072 (originally 131072)  Batches: 8 (originally 4)  Memory Usage: 3073kB
        ->  Seq Scan on title t  (cost=0.00..73925.90 rows=293484 width=4) (actual time=0.443..1214.732 rows=411690 loops=1)
              Filter: ((kind_id < 7) AND (production_year < 1993))
              Rows Removed by Filter: 2116622
Planning time: 0.664 ms
Execution time: 2285.109 ms
