Seq Scan on movie_companies mc  (cost=0.00..51404.11 rows=1827073 width=0) (actual time=0.022..981.636 rows=1819072 loops=1)
  Filter: (company_id < 31716)
  Rows Removed by Filter: 790057
Planning time: 0.349 ms
Execution time: 1206.954 ms
