Seq Scan on movie_keyword mk  (cost=0.00..81003.12 rows=3711259 width=0) (actual time=0.024..1544.106 rows=3708094 loops=1)
  Filter: (keyword_id < 22434)
  Rows Removed by Filter: 815836
Planning time: 0.781 ms
Execution time: 1983.430 ms
