Seq Scan on cast_info ci  (cost=0.00..796071.18 rows=324 width=0) (actual time=8278.070..14325.476 rows=3 loops=1)
  Filter: ((role_id > 1) AND (person_id = 3776629))
  Rows Removed by Filter: 36244341
Planning time: 0.384 ms
Execution time: 14325.583 ms
