Hash Join  (cost=74434.21..155487.46 rows=206 width=0) (actual time=1149.765..2367.752 rows=16 loops=1)
  Hash Cond: (mk.movie_id = t.id)
  ->  Seq Scan on movie_keyword mk  (cost=0.00..81003.12 rows=12818 width=4) (actual time=0.159..1264.569 rows=12645 loops=1)
        Filter: (keyword_id = 245)
        Rows Removed by Filter: 4511285
  ->  Hash  (cost=73925.90..73925.90 rows=40664 width=4) (actual time=1095.812..1095.812 rows=40257 loops=1)
        Buckets: 65536  Batches: 1  Memory Usage: 1928kB
        ->  Seq Scan on title t  (cost=0.00..73925.90 rows=40664 width=4) (actual time=0.023..1079.322 rows=40257 loops=1)
              Filter: ((production_year > 2012) AND (kind_id = 7))
              Rows Removed by Filter: 2488055
Planning time: 0.783 ms
Execution time: 2367.949 ms
