Seq Scan on cast_info ci  (cost=0.00..796071.18 rows=7734021 width=0) (actual time=0.018..13705.577 rows=11994401 loops=1)
  Filter: ((person_id > 2489166) AND (role_id > 1))
  Rows Removed by Filter: 24249943
Planning time: 0.238 ms
Execution time: 15188.705 ms
