Hash Join  (cost=193316.02..1142797.78 rows=4782055 width=0) (actual time=4469.178..30812.713 rows=10141106 loops=1)
  Hash Cond: (ci.movie_id = t.id)
  ->  Seq Scan on cast_info ci  (cost=0.00..705507.15 rows=16720282 width=4) (actual time=0.021..14246.697 rows=16575950 loops=1)
        Filter: (person_id < 1641078)
        Rows Removed by Filter: 19668394
  ->  Hash  (cost=181451.43..181451.43 rows=723167 width=8) (actual time=4468.148..4468.148 rows=710041 loops=1)
        Buckets: 131072  Batches: 16  Memory Usage: 2758kB
        ->  Hash Join  (cost=102767.86..181451.43 rows=723167 width=8) (actual time=2301.305..4241.328 rows=710041 loops=1)
              Hash Cond: (mc.movie_id = t.id)
              ->  Seq Scan on movie_companies mc  (cost=0.00..51404.11 rows=723167 width=4) (actual time=0.016..897.083 rows=710041 loops=1)
                    Filter: (company_id < 1368)
                    Rows Removed by Filter: 1899088
              ->  Hash  (cost=61283.27..61283.27 rows=2528527 width=4) (actual time=2299.988..2299.988 rows=2528312 loops=1)
                    Buckets: 131072  Batches: 64  Memory Usage: 2415kB
                    ->  Seq Scan on title t  (cost=0.00..61283.27 rows=2528527 width=4) (actual time=0.028..1167.352 rows=2528312 loops=1)
Planning time: 1.213 ms
Execution time: 31904.054 ms
