Hash Join  (cost=108074.61..163220.04 rows=47989 width=0) (actual time=2126.879..3398.346 rows=144075 loops=1)
  Hash Cond: (mc.movie_id = t.id)
  ->  Seq Scan on movie_companies mc  (cost=0.00..44881.29 rows=2609129 width=4) (actual time=0.019..585.162 rows=2609129 loops=1)
  ->  Hash  (cost=107493.28..107493.28 rows=46507 width=8) (actual time=2126.359..2126.359 rows=51108 loops=1)
        Buckets: 65536  Batches: 1  Memory Usage: 2509kB
        ->  Hash Join  (cost=69002.72..107493.28 rows=46507 width=8) (actual time=1238.436..2109.956 rows=51108 loops=1)
              Hash Cond: (mi_idx.movie_id = t.id)
              ->  Seq Scan on movie_info_idx mi_idx  (cost=0.00..21735.35 rows=1380035 width=4) (actual time=0.030..421.462 rows=1380035 loops=1)
              ->  Hash  (cost=67604.59..67604.59 rows=85211 width=4) (actual time=1237.713..1237.713 rows=84593 loops=1)
                    Buckets: 131072  Batches: 2  Memory Usage: 2518kB
                    ->  Seq Scan on title t  (cost=0.00..67604.59 rows=85211 width=4) (actual time=0.042..1204.687 rows=84593 loops=1)
                          Filter: (production_year = 2004)
                          Rows Removed by Filter: 2443719
Planning time: 1.135 ms
Execution time: 3417.061 ms
