Hash Join  (cost=877179.41..1529460.17 rows=2350761 width=0) (actual time=21396.407..36764.294 rows=9620929 loops=1)
  Hash Cond: (mi.movie_id = t.id)
  ->  Seq Scan on movie_info mi  (cost=0.00..309384.22 rows=14739122 width=4) (actual time=0.016..6198.129 rows=14835720 loops=1)
  ->  Hash  (cost=870562.44..870562.44 rows=403278 width=8) (actual time=21395.373..21395.373 rows=349614 loops=1)
        Buckets: 131072  Batches: 8  Memory Usage: 2710kB
        ->  Hash Join  (cost=74478.21..870562.44 rows=403278 width=8) (actual time=1180.691..20945.029 rows=349614 loops=1)
              Hash Cond: (ci.movie_id = t.id)
              ->  Seq Scan on cast_info ci  (cost=0.00..705507.15 rows=23078481 width=4) (actual time=8.545..13205.690 rows=22974644 loops=1)
                    Filter: (person_id < 2346244)
                    Rows Removed by Filter: 13269700
              ->  Hash  (cost=73925.90..73925.90 rows=44184 width=4) (actual time=1171.748..1171.748 rows=35489 loops=1)
                    Buckets: 65536  Batches: 1  Memory Usage: 1760kB
                    ->  Seq Scan on title t  (cost=0.00..73925.90 rows=44184 width=4) (actual time=0.088..1153.453 rows=35489 loops=1)
                          Filter: ((kind_id < 7) AND (production_year = 2007))
                          Rows Removed by Filter: 2492823
Planning time: 1.308 ms
Execution time: 37887.780 ms
