Hash Join  (cost=439481.23..478786.10 rows=93939 width=0) (actual time=7562.079..8722.778 rows=674808 loops=1)
  Hash Cond: (mi_idx.movie_id = t.id)
  ->  Seq Scan on movie_info_idx mi_idx  (cost=0.00..21735.35 rows=1380035 width=4) (actual time=0.021..482.482 rows=1380035 loops=1)
  ->  Hash  (cost=436656.77..436656.77 rows=172117 width=8) (actual time=7540.971..7540.971 rows=363552 loops=1)
        Buckets: 131072 (originally 131072)  Batches: 8 (originally 4)  Memory Usage: 3073kB
        ->  Hash Join  (cost=78556.72..436656.77 rows=172117 width=8) (actual time=4624.574..7421.862 rows=363552 loops=1)
              Hash Cond: (mi.movie_id = t.id)
              ->  Seq Scan on movie_info mi  (cost=0.00..346232.03 rows=651960 width=4) (actual time=3061.918..5495.162 rows=660923 loops=1)
                    Filter: (info_type_id = 18)
                    Rows Removed by Filter: 14174797
              ->  Hash  (cost=67604.59..67604.59 rows=667531 width=4) (actual time=1365.269..1365.269 rows=662825 loops=1)
                    Buckets: 131072  Batches: 16  Memory Usage: 2485kB
                    ->  Seq Scan on title t  (cost=0.00..67604.59 rows=667531 width=4) (actual time=3.044..1161.232 rows=662825 loops=1)
                          Filter: (kind_id = 1)
                          Rows Removed by Filter: 1865487
Planning time: 1.232 ms
Execution time: 8780.723 ms
