Seq Scan on cast_info ci  (cost=0.00..796071.18 rows=369 width=0) (actual time=7211.222..14700.810 rows=1 loops=1)
  Filter: ((role_id < 5) AND (person_id = 1731932))
  Rows Removed by Filter: 36244343
Planning time: 0.473 ms
Execution time: 14700.922 ms
