Hash Join  (cost=181077.55..615984.46 rows=1435122 width=0) (actual time=5355.818..23181.677 rows=28933176 loops=1)
  Hash Cond: (mi.movie_id = t.id)
  ->  Seq Scan on movie_info mi  (cost=0.00..346232.03 rows=6231111 width=4) (actual time=0.035..6856.325 rows=6223494 loops=1)
        Filter: (info_type_id > 8)
        Rows Removed by Filter: 8612226
  ->  Hash  (cost=171523.06..171523.06 rows=582359 width=8) (actual time=5354.140..5354.140 rows=1275412 loops=1)
        Buckets: 131072 (originally 131072)  Batches: 32 (originally 8)  Memory Usage: 3073kB
        ->  Hash Join  (cost=83891.93..171523.06 rows=582359 width=8) (actual time=2035.826..4917.759 rows=1275412 loops=1)
              Hash Cond: (mc.movie_id = t.id)
              ->  Seq Scan on movie_companies mc  (cost=0.00..51404.11 rows=2424115 width=4) (actual time=0.013..1152.457 rows=2423119 loops=1)
                    Filter: (company_id < 118186)
                    Rows Removed by Filter: 186010
              ->  Hash  (cost=73925.90..73925.90 rows=607442 width=4) (actual time=2034.800..2034.800 rows=675690 loops=1)
                    Buckets: 131072  Batches: 8  Memory Usage: 4012kB
                    ->  Seq Scan on title t  (cost=0.00..73925.90 rows=607442 width=4) (actual time=0.034..1153.417 rows=675690 loops=1)
                          Filter: ((kind_id < 7) AND (production_year < 2007))
                          Rows Removed by Filter: 1852622
Planning time: 1.254 ms
Execution time: 26446.485 ms
