Hash Join  (cost=242963.69..829080.35 rows=8236683 width=0) (actual time=5466.863..28175.104 rows=41847865 loops=1)
  Hash Cond: (mi.movie_id = t.id)
  ->  Seq Scan on movie_info mi  (cost=0.00..309384.22 rows=14739122 width=4) (actual time=0.020..5889.747 rows=14835720 loops=1)
  ->  Hash  (cost=219780.94..219780.94 rows=1413020 width=8) (actual time=5465.636..5465.636 rows=886170 loops=1)
        Buckets: 131072  Batches: 32  Memory Usage: 2179kB
        ->  Hash Join  (cost=80562.70..219780.94 rows=1413020 width=8) (actual time=1384.817..5017.874 rows=886170 loops=1)
              Hash Cond: (mk.movie_id = t.id)
              ->  Seq Scan on movie_keyword mk  (cost=0.00..69693.30 rows=4523930 width=4) (actual time=0.013..1391.974 rows=4523930 loops=1)
              ->  Hash  (cost=67604.59..67604.59 rows=789769 width=4) (actual time=1382.227..1382.227 rows=784926 loops=1)
                    Buckets: 131072  Batches: 16  Memory Usage: 2756kB
                    ->  Seq Scan on title t  (cost=0.00..67604.59 rows=789769 width=4) (actual time=0.022..1127.239 rows=784926 loops=1)
                          Filter: (production_year > 2007)
                          Rows Removed by Filter: 1743386
Planning time: 1.213 ms
Execution time: 32884.998 ms
