Hash Join  (cost=199331.95..675679.51 rows=2490009 width=0) (actual time=4587.320..19384.394 rows=14378806 loops=1)
  Hash Cond: (mi.movie_id = t.id)
  ->  Seq Scan on movie_info mi  (cost=0.00..346232.03 rows=8859586 width=4) (actual time=73.523..6473.639 rows=8966694 loops=1)
        Filter: (info_type_id < 15)
        Rows Removed by Filter: 5869026
  ->  Hash  (cost=187672.84..187672.84 rows=710649 width=8) (actual time=4512.983..4512.983 rows=980317 loops=1)
        Buckets: 131072  Batches: 16  Memory Usage: 3465kB
        ->  Hash Join  (cost=102767.86..187672.84 rows=710649 width=8) (actual time=1968.564..4216.345 rows=980317 loops=1)
              Hash Cond: (mc.movie_id = t.id)
              ->  Seq Scan on movie_companies mc  (cost=0.00..57926.93 rows=710649 width=4) (actual time=56.058..1083.073 rows=980317 loops=1)
                    Filter: ((company_id < 12834) AND (company_type_id = 1))
                    Rows Removed by Filter: 1628812
              ->  Hash  (cost=61283.27..61283.27 rows=2528527 width=4) (actual time=1911.164..1911.164 rows=2528312 loops=1)
                    Buckets: 131072  Batches: 64  Memory Usage: 2415kB
                    ->  Seq Scan on title t  (cost=0.00..61283.27 rows=2528527 width=4) (actual time=0.018..1064.345 rows=2528312 loops=1)
Planning time: 4.930 ms
Execution time: 21100.284 ms
