Seq Scan on movie_keyword mk  (cost=0.00..81003.12 rows=190117 width=0) (actual time=0.162..1223.661 rows=192781 loops=1)
  Filter: (keyword_id > 70124)
  Rows Removed by Filter: 4331149
Planning time: 0.342 ms
Execution time: 1249.832 ms
