Nested Loop  (cost=0.43..798787.41 rows=324 width=0) (actual time=483.862..13762.599 rows=81 loops=1)
  ->  Seq Scan on cast_info ci  (cost=0.00..796071.18 rows=324 width=4) (actual time=483.764..13757.699 rows=81 loops=1)
        Filter: ((role_id > 1) AND (person_id = 3757693))
        Rows Removed by Filter: 36244263
  ->  Index Only Scan using title_pkey on title t  (cost=0.43..8.37 rows=1 width=4) (actual time=0.059..0.060 rows=1 loops=81)
        Index Cond: (id = ci.movie_id)
        Heap Fetches: 81
Planning time: 0.837 ms
Execution time: 13762.695 ms
