Hash Join  (cost=92883.59..811030.53 rows=213389 width=0) (actual time=9881.804..14865.139 rows=174853 loops=1)
  Hash Cond: (ci.movie_id = t.id)
  ->  Seq Scan on cast_info ci  (cost=0.00..705507.15 rows=350181 width=4) (actual time=8118.237..12630.699 rows=316118 loops=1)
        Filter: (role_id = 11)
        Rows Removed by Filter: 35928226
  ->  Hash  (cost=67604.59..67604.59 rows=1540800 width=4) (actual time=1761.915..1761.915 rows=1543264 loops=1)
        Buckets: 131072  Batches: 32  Memory Usage: 2722kB
        ->  Seq Scan on title t  (cost=0.00..67604.59 rows=1540800 width=4) (actual time=57.698..1280.941 rows=1543264 loops=1)
              Filter: (kind_id = 7)
              Rows Removed by Filter: 985048
Planning time: 0.756 ms
Execution time: 14886.521 ms
