Hash Join  (cost=179837.09..1335965.49 rows=8348127 width=0) (actual time=4601.439..47695.103 rows=38774599 loops=1)
  Hash Cond: (ci.movie_id = t.id)
  ->  Seq Scan on cast_info ci  (cost=0.00..705507.15 rows=31526393 width=4) (actual time=0.018..16720.518 rows=31506238 loops=1)
        Filter: (person_id < 3205720)
        Rows Removed by Filter: 4738106
  ->  Hash  (cost=168851.73..168851.73 rows=669549 width=8) (actual time=4600.081..4600.081 rows=1297289 loops=1)
        Buckets: 131072 (originally 131072)  Batches: 32 (originally 16)  Memory Usage: 3073kB
        ->  Hash Join  (cost=84571.72..168851.73 rows=669549 width=8) (actual time=1633.094..4202.080 rows=1297289 loops=1)
              Hash Cond: (mc.movie_id = t.id)
              ->  Seq Scan on movie_companies mc  (cost=0.00..44881.29 rows=2609129 width=4) (actual time=0.013..836.622 rows=2609129 loops=1)
              ->  Hash  (cost=73925.90..73925.90 rows=648865 width=4) (actual time=1632.143..1632.143 rows=656311 loops=1)
                    Buckets: 131072  Batches: 16  Memory Usage: 2462kB
                    ->  Seq Scan on title t  (cost=0.00..73925.90 rows=648865 width=4) (actual time=0.023..1423.657 rows=656311 loops=1)
                          Filter: ((production_year > 0) AND (kind_id = 1))
                          Rows Removed by Filter: 1872001
Planning time: 1.290 ms
Execution time: 52284.172 ms
