Hash Join  (cost=89253.38..135694.58 rows=509872 width=0) (actual time=1564.230..3146.563 rows=947744 loops=1)
  Hash Cond: (mi_idx.movie_id = t.id)
  ->  Seq Scan on movie_info_idx mi_idx  (cost=0.00..21735.35 rows=1380035 width=4) (actual time=0.015..468.327 rows=1380035 loops=1)
  ->  Hash  (cost=73925.90..73925.90 rows=934198 width=4) (actual time=1563.259..1563.259 rows=950693 loops=1)
        Buckets: 131072  Batches: 16  Memory Usage: 3114kB
        ->  Seq Scan on title t  (cost=0.00..73925.90 rows=934198 width=4) (actual time=0.017..1261.510 rows=950693 loops=1)
              Filter: ((kind_id < 7) AND (production_year < 2013))
              Rows Removed by Filter: 1577619
Planning time: 1.570 ms
Execution time: 3266.622 ms
