Hash Join  (cost=95609.53..657619.21 rows=7704075 width=0) (actual time=1750.555..16757.483 rows=5132024 loops=1)
  Hash Cond: (mi.movie_id = t.id)
  ->  Seq Scan on movie_info mi  (cost=0.00..309384.22 rows=14739122 width=4) (actual time=0.038..5958.860 rows=14835720 loops=1)
  ->  Hash  (cost=73925.90..73925.90 rows=1321650 width=4) (actual time=1749.037..1749.037 rows=1298128 loops=1)
        Buckets: 131072  Batches: 32  Memory Usage: 2457kB
        ->  Seq Scan on title t  (cost=0.00..73925.90 rows=1321650 width=4) (actual time=0.017..1319.717 rows=1298128 loops=1)
              Filter: ((kind_id > 1) AND (production_year < 2009))
              Rows Removed by Filter: 1230184
Planning time: 0.817 ms
Execution time: 17353.376 ms
