Nested Loop  (cost=0.43..83072.29 rows=233 width=0) (actual time=3.099..757.862 rows=335 loops=1)
  ->  Seq Scan on movie_keyword mk  (cost=0.00..81003.12 rows=246 width=4) (actual time=3.051..749.466 rows=338 loops=1)
        Filter: (keyword_id = 9073)
        Rows Removed by Filter: 4523592
  ->  Index Scan using title_pkey on title t  (cost=0.43..8.40 rows=1 width=4) (actual time=0.023..0.023 rows=1 loops=338)
        Index Cond: (id = mk.movie_id)
        Filter: (production_year < 2013)
        Rows Removed by Filter: 0
Planning time: 0.799 ms
Execution time: 758.089 ms
