Seq Scan on movie_keyword mk  (cost=0.00..81003.12 rows=4468059 width=0) (actual time=0.025..1332.953 rows=4471527 loops=1)
  Filter: (keyword_id < 98491)
  Rows Removed by Filter: 52403
Planning time: 0.360 ms
Execution time: 1814.089 ms
