Seq Scan on movie_keyword mk  (cost=0.00..81003.12 rows=2823197 width=0) (actual time=0.023..1512.169 rows=2815668 loops=1)
  Filter: (keyword_id > 2698)
  Rows Removed by Filter: 1708262
Planning time: 0.339 ms
Execution time: 1863.572 ms
