Seq Scan on title t  (cost=0.00..73925.90 rows=716970 width=0) (actual time=0.018..1136.815 rows=722635 loops=1)
  Filter: ((kind_id < 3) AND (production_year < 2013))
  Rows Removed by Filter: 1805677
Planning time: 0.365 ms
Execution time: 1227.042 ms
