Hash Join  (cost=73983.02..100918.44 rows=2494 width=0) (actual time=1148.905..1719.487 rows=12 loops=1)
  Hash Cond: (mi_idx.movie_id = t.id)
  ->  Seq Scan on movie_info_idx mi_idx  (cost=0.00..21735.35 rows=1380035 width=4) (actual time=0.023..321.569 rows=1380035 loops=1)
  ->  Hash  (cost=73925.90..73925.90 rows=4569 width=4) (actual time=1148.348..1148.348 rows=4 loops=1)
        Buckets: 8192  Batches: 1  Memory Usage: 65kB
        ->  Seq Scan on title t  (cost=0.00..73925.90 rows=4569 width=4) (actual time=1030.003..1148.332 rows=4 loops=1)
              Filter: ((kind_id > 4) AND (production_year = 1943))
              Rows Removed by Filter: 2528308
Planning time: 0.865 ms
Execution time: 1719.558 ms
