Seq Scan on cast_info ci  (cost=0.00..796071.18 rows=8595882 width=0) (actual time=0.011..14643.258 rows=4246497 loops=1)
  Filter: ((person_id < 2636468) AND (role_id > 3))
  Rows Removed by Filter: 31997847
Planning time: 0.365 ms
Execution time: 15173.276 ms
