Hash Join  (cost=161311.92..914528.75 rows=242773 width=0) (actual time=2902.060..21353.755 rows=2497303 loops=1)
  Hash Cond: (ci.movie_id = t.id)
  ->  Seq Scan on cast_info ci  (cost=0.00..614943.12 rows=36225612 width=4) (actual time=0.011..9047.151 rows=36244344 loops=1)
  ->  Hash  (cost=161100.10..161100.10 rows=16945 width=8) (actual time=2901.669..2901.669 rows=30376 loops=1)
        Buckets: 32768  Batches: 1  Memory Usage: 1443kB
        ->  Hash Join  (cost=74281.64..161100.10 rows=16945 width=8) (actual time=1166.433..2891.124 rows=30376 loops=1)
              Hash Cond: (mk.movie_id = t.id)
              ->  Seq Scan on movie_keyword mk  (cost=0.00..81003.12 rows=1505570 width=4) (actual time=0.015..1447.820 rows=1514488 loops=1)
                    Filter: (keyword_id < 2197)
                    Rows Removed by Filter: 3009442
              ->  Hash  (cost=73925.90..73925.90 rows=28459 width=4) (actual time=1165.947..1165.947 rows=16117 loops=1)
                    Buckets: 32768  Batches: 1  Memory Usage: 823kB
                    ->  Seq Scan on title t  (cost=0.00..73925.90 rows=28459 width=4) (actual time=64.664..1159.227 rows=16117 loops=1)
                          Filter: ((kind_id = 1) AND (production_year = 2006))
                          Rows Removed by Filter: 2512195
Planning time: 3.037 ms
Execution time: 21684.673 ms
