Hash Join  (cost=95456.34..151711.57 rows=5293 width=0) (actual time=1644.437..2850.045 rows=18478 loops=1)
  Hash Cond: (mc.movie_id = t.id)
  ->  Seq Scan on movie_companies mc  (cost=0.00..51404.11 rows=1279517 width=4) (actual time=0.030..961.121 rows=1274246 loops=1)
        Filter: (company_type_id = 1)
        Rows Removed by Filter: 1334883
  ->  Hash  (cost=95325.59..95325.59 rows=10460 width=8) (actual time=1643.930..1643.930 rows=12483 loops=1)
        Buckets: 16384  Batches: 1  Memory Usage: 616kB
        ->  Hash Join  (cost=68332.59..95325.59 rows=10460 width=8) (actual time=957.935..1638.365 rows=12483 loops=1)
              Hash Cond: (mi_idx.movie_id = t.id)
              ->  Seq Scan on movie_info_idx mi_idx  (cost=0.00..25185.44 rows=454124 width=4) (actual time=0.032..525.082 rows=459925 loops=1)
                    Filter: (info_type_id = 100)
                    Rows Removed by Filter: 920110
              ->  Hash  (cost=67604.59..67604.59 rows=58240 width=4) (actual time=957.506..957.506 rows=58590 loops=1)
                    Buckets: 65536  Batches: 1  Memory Usage: 2572kB
                    ->  Seq Scan on title t  (cost=0.00..67604.59 rows=58240 width=4) (actual time=0.020..933.806 rows=58590 loops=1)
                          Filter: (production_year = 2001)
                          Rows Removed by Filter: 2469722
Planning time: 1.187 ms
Execution time: 2853.040 ms
