Nested Loop  (cost=0.43..83072.90 rows=37 width=0) (actual time=130.519..1340.740 rows=629 loops=1)
  ->  Seq Scan on movie_keyword mk  (cost=0.00..81003.12 rows=246 width=4) (actual time=15.494..1248.135 rows=3052 loops=1)
        Filter: (keyword_id = 3666)
        Rows Removed by Filter: 4520878
  ->  Index Scan using title_pkey on title t  (cost=0.43..8.40 rows=1 width=4) (actual time=0.030..0.030 rows=0 loops=3052)
        Index Cond: (id = mk.movie_id)
        Filter: ((kind_id < 7) AND (production_year < 1999))
        Rows Removed by Filter: 1
Planning time: 0.803 ms
Execution time: 1341.097 ms
