Seq Scan on movie_keyword mk  (cost=0.00..81003.12 rows=2901217 width=0) (actual time=0.019..1488.344 rows=2891867 loops=1)
  Filter: (keyword_id < 9101)
  Rows Removed by Filter: 1632063
Planning time: 0.339 ms
Execution time: 1844.120 ms
