Seq Scan on movie_companies mc  (cost=0.00..57926.93 rows=277886 width=0) (actual time=0.025..1037.403 rows=549625 loops=1)
  Filter: ((company_id > 71884) AND (company_type_id > 1))
  Rows Removed by Filter: 2059504
Planning time: 4.071 ms
Execution time: 1107.084 ms
