Seq Scan on movie_keyword mk  (cost=0.00..81003.12 rows=1948830 width=0) (actual time=0.026..1497.103 rows=1957477 loops=1)
  Filter: (keyword_id > 6530)
  Rows Removed by Filter: 2566453
Planning time: 0.336 ms
Execution time: 1743.704 ms
