Hash Join  (cost=1018504.83..4402901.54 rows=168877331 width=0) (actual time=25084.595..153707.124 rows=341399332 loops=1)
  Hash Cond: (ci.movie_id = t.id)
  ->  Seq Scan on cast_info ci  (cost=0.00..796071.18 rows=28971257 width=4) (actual time=0.010..20734.712 rows=31149190 loops=1)
        Filter: ((person_id < 3500203) AND (role_id < 10))
        Rows Removed by Filter: 5095154
  ->  Hash  (cost=776690.81..776690.81 rows=14739122 width=8) (actual time=25080.388..25080.388 rows=14835720 loops=1)
        Buckets: 131072  Batches: 256  Memory Usage: 3268kB
        ->  Hash Join  (cost=102767.86..776690.81 rows=14739122 width=8) (actual time=1937.763..20907.751 rows=14835720 loops=1)
              Hash Cond: (mi.movie_id = t.id)
              ->  Seq Scan on movie_info mi  (cost=0.00..309384.22 rows=14739122 width=4) (actual time=0.017..5848.530 rows=14835720 loops=1)
              ->  Hash  (cost=61283.27..61283.27 rows=2528527 width=4) (actual time=1936.117..1936.117 rows=2528312 loops=1)
                    Buckets: 131072  Batches: 64  Memory Usage: 2425kB
                    ->  Seq Scan on title t  (cost=0.00..61283.27 rows=2528527 width=4) (actual time=0.016..1087.350 rows=2528312 loops=1)
Planning time: 1.238 ms
Execution time: 191181.047 ms
