Hash Join  (cost=104131.46..188260.00 rows=978626 width=0) (actual time=2003.138..4524.788 rows=1035090 loops=1)
  Hash Cond: (mc.movie_id = t.id)
  ->  Seq Scan on movie_companies mc  (cost=0.00..51404.11 rows=1111433 width=4) (actual time=0.015..1016.404 rows=1107726 loops=1)
        Filter: (company_id < 7685)
        Rows Removed by Filter: 1501403
  ->  Hash  (cost=67604.59..67604.59 rows=2226390 width=4) (actual time=2002.189..2002.189 rows=2224569 loops=1)
        Buckets: 131072  Batches: 32  Memory Usage: 3463kB
        ->  Seq Scan on title t  (cost=0.00..67604.59 rows=2226390 width=4) (actual time=0.008..1307.266 rows=2224569 loops=1)
              Filter: (production_year < 2012)
              Rows Removed by Filter: 303743
Planning time: 0.784 ms
Execution time: 4637.501 ms
