Hash Join  (cost=146687.68..1194027.32 rows=1317647 width=0) (actual time=2839.904..31483.246 rows=4040856 loops=1)
  Hash Cond: (ci.movie_id = t.id)
  ->  Seq Scan on cast_info ci  (cost=0.00..614943.12 rows=36225612 width=4) (actual time=0.015..13027.565 rows=36244344 loops=1)
  ->  Hash  (cost=145178.05..145178.05 rows=91971 width=8) (actual time=2839.150..2839.150 rows=132140 loops=1)
        Buckets: 131072  Batches: 2  Memory Usage: 3588kB
        ->  Hash Join  (cost=76796.18..145178.05 rows=91971 width=8) (actual time=1930.285..2793.532 rows=132140 loops=1)
              Hash Cond: (mc.movie_id = t.id)
              ->  Seq Scan on movie_companies mc  (cost=0.00..51404.11 rows=1329612 width=4) (actual time=443.299..1034.528 rows=1334883 loops=1)
                    Filter: (company_type_id = 2)
                    Rows Removed by Filter: 1274246
              ->  Hash  (cost=73925.90..73925.90 rows=174902 width=4) (actual time=1153.261..1153.261 rows=160286 loops=1)
                    Buckets: 131072  Batches: 4  Memory Usage: 2435kB
                    ->  Seq Scan on title t  (cost=0.00..73925.90 rows=174902 width=4) (actual time=396.745..1104.206 rows=160286 loops=1)
                          Filter: ((production_year > 2008) AND (kind_id = 1))
                          Rows Removed by Filter: 2368026
Planning time: 1.785 ms
Execution time: 31974.210 ms
