Hash Join  (cost=107928.35..191830.77 rows=706326 width=0) (actual time=2518.604..4492.330 rows=996792 loops=1)
  Hash Cond: (mc.movie_id = t.id)
  ->  Seq Scan on movie_companies mc  (cost=0.00..57926.93 rows=726645 width=4) (actual time=323.699..1128.376 rows=1000625 loops=1)
        Filter: ((company_id < 13403) AND (company_type_id < 2))
        Rows Removed by Filter: 1608504
  ->  Hash  (cost=67604.59..67604.59 rows=2457821 width=4) (actual time=2193.550..2193.550 rows=2456218 loops=1)
        Buckets: 131072  Batches: 64  Memory Usage: 2375kB
        ->  Seq Scan on title t  (cost=0.00..67604.59 rows=2457821 width=4) (actual time=0.026..1393.156 rows=2456218 loops=1)
              Filter: (production_year > 0)
              Rows Removed by Filter: 72094
Planning time: 1.343 ms
Execution time: 4602.717 ms
