Seq Scan on movie_companies mc  (cost=0.00..51404.11 rows=2017219 width=0) (actual time=0.024..820.869 rows=2010295 loops=1)
  Filter: (company_id < 68137)
  Rows Removed by Filter: 598834
Planning time: 1.765 ms
Execution time: 1025.663 ms
