Seq Scan on movie_companies mc  (cost=0.00..51404.11 rows=1294011 width=0) (actual time=0.024..915.134 rows=1285741 loops=1)
  Filter: (company_id < 11244)
  Rows Removed by Filter: 1323388
Planning time: 0.304 ms
Execution time: 1069.265 ms
