Hash Join  (cost=72085.10..904591.08 rows=302127 width=0) (actual time=1190.076..17219.250 rows=393121 loops=1)
  Hash Cond: (ci.movie_id = t.id)
  ->  Seq Scan on cast_info ci  (cost=0.00..796071.18 rows=2797474 width=4) (actual time=0.025..13242.486 rows=6330120 loops=1)
        Filter: ((person_id > 3020011) AND (role_id > 2))
        Rows Removed by Filter: 29914224
  ->  Hash  (cost=67604.59..67604.59 rows=273081 width=4) (actual time=1189.268..1189.268 rows=273902 loops=1)
        Buckets: 131072  Batches: 4  Memory Usage: 3428kB
        ->  Seq Scan on title t  (cost=0.00..67604.59 rows=273081 width=4) (actual time=0.049..1097.305 rows=273902 loops=1)
              Filter: (production_year < 1963)
              Rows Removed by Filter: 2254410
Planning time: 2.520 ms
Execution time: 17266.534 ms
