Hash Join  (cost=76399.17..449904.36 rows=130835 width=0) (actual time=1438.304..7780.513 rows=15493 loops=1)
  Hash Cond: (mi.movie_id = t.id)
  ->  Seq Scan on movie_info mi  (cost=0.00..346232.03 rows=2194617 width=4) (actual time=140.223..5735.431 rows=2233850 loops=1)
        Filter: (info_type_id > 16)
        Rows Removed by Filter: 12601870
  ->  Hash  (cost=73925.90..73925.90 rows=150741 width=4) (actual time=1296.590..1296.590 rows=25797 loops=1)
        Buckets: 131072  Batches: 2  Memory Usage: 1485kB
        ->  Seq Scan on title t  (cost=0.00..73925.90 rows=150741 width=4) (actual time=0.040..1284.443 rows=25797 loops=1)
              Filter: ((kind_id > 1) AND (production_year < 1956))
              Rows Removed by Filter: 2502515
Planning time: 0.770 ms
Execution time: 7782.859 ms
