Hash Join  (cost=86534.07..950100.74 rows=3227425 width=0) (actual time=1526.351..20259.666 rows=4193938 loops=1)
  Hash Cond: (ci.movie_id = t.id)
  ->  Seq Scan on cast_info ci  (cost=0.00..705507.15 rows=10619005 width=4) (actual time=0.019..12126.466 rows=10621564 loops=1)
        Filter: (person_id > 2646017)
        Rows Removed by Filter: 25622780
  ->  Hash  (cost=73925.90..73925.90 rows=768493 width=4) (actual time=1525.418..1525.418 rows=840010 loops=1)
        Buckets: 131072  Batches: 16  Memory Usage: 2877kB
        ->  Seq Scan on title t  (cost=0.00..73925.90 rows=768493 width=4) (actual time=0.022..1268.788 rows=840010 loops=1)
              Filter: ((production_year > 2002) AND (kind_id = 7))
              Rows Removed by Filter: 1688302
Planning time: 0.833 ms
Execution time: 20742.412 ms
