Hash Join  (cost=242177.66..839137.52 rows=6747204 width=0) (actual time=6558.177..53290.064 rows=149867715 loops=1)
  Hash Cond: (mi.movie_id = t.id)
  ->  Seq Scan on movie_info mi  (cost=0.00..346232.03 rows=13929354 width=4) (actual time=0.010..7929.966 rows=14033580 loops=1)
        Filter: (info_type_id > 1)
        Rows Removed by Filter: 802140
  ->  Hash  (cost=222082.83..222082.83 rows=1224787 width=8) (actual time=6557.124..6557.124 rows=2263832 loops=1)
        Buckets: 131072  Batches: 32  Memory Usage: 3867kB
        ->  Hash Join  (cost=85157.92..222082.83 rows=1224787 width=8) (actual time=1511.547..5630.308 rows=2263832 loops=1)
              Hash Cond: (mk.movie_id = t.id)
              ->  Seq Scan on movie_keyword mk  (cost=0.00..69693.30 rows=4523930 width=4) (actual time=0.021..1472.518 rows=4523930 loops=1)
              ->  Hash  (cost=73925.90..73925.90 rows=684561 width=4) (actual time=1510.685..1510.685 rows=585759 loops=1)
                    Buckets: 131072  Batches: 16  Memory Usage: 2317kB
                    ->  Seq Scan on title t  (cost=0.00..73925.90 rows=684561 width=4) (actual time=0.025..1321.817 rows=585759 loops=1)
                          Filter: ((kind_id < 7) AND (production_year > 1990))
                          Rows Removed by Filter: 1942553
Planning time: 1.213 ms
Execution time: 69088.743 ms
