Hash Join  (cost=75420.27..106458.40 rows=16603 width=0) (actual time=1255.327..1949.304 rows=27820 loops=1)
  Hash Cond: (mi_idx.movie_id = t.id)
  ->  Seq Scan on movie_info_idx mi_idx  (cost=0.00..25185.44 rows=460978 width=4) (actual time=0.014..492.837 rows=459925 loops=1)
        Filter: (info_type_id < 100)
        Rows Removed by Filter: 920110
  ->  Hash  (cost=73925.90..73925.90 rows=91069 width=4) (actual time=1254.542..1254.542 rows=117875 loops=1)
        Buckets: 131072  Batches: 2  Memory Usage: 3095kB
        ->  Seq Scan on title t  (cost=0.00..73925.90 rows=91069 width=4) (actual time=598.653..1207.370 rows=117875 loops=1)
              Filter: ((production_year > 1975) AND (kind_id = 4))
              Rows Removed by Filter: 2410437
Planning time: 4.990 ms
Execution time: 1953.395 ms
