Hash Join  (cost=89678.24..1158770.01 rows=6656665 width=0) (actual time=1728.997..32906.279 rows=8288519 loops=1)
  Hash Cond: (ci.movie_id = t.id)
  ->  Seq Scan on cast_info ci  (cost=0.00..796071.18 rows=17530917 width=4) (actual time=0.025..17689.141 rows=21040414 loops=1)
        Filter: ((person_id > 892108) AND (role_id > 1))
        Rows Removed by Filter: 15203930
  ->  Hash  (cost=73925.90..73925.90 rows=960107 width=4) (actual time=1728.087..1728.087 rows=977778 loops=1)
        Buckets: 131072  Batches: 16  Memory Usage: 3172kB
        ->  Seq Scan on title t  (cost=0.00..73925.90 rows=960107 width=4) (actual time=0.018..1422.869 rows=977778 loops=1)
              Filter: ((kind_id < 7) AND (production_year > 0))
              Rows Removed by Filter: 1550534
Planning time: 0.834 ms
Execution time: 33833.601 ms
