Seq Scan on cast_info ci  (cost=0.00..796071.18 rows=168 width=0) (actual time=13151.551..13939.280 rows=29 loops=1)
  Filter: ((role_id > 3) AND (person_id = 3961421))
  Rows Removed by Filter: 36244315
Planning time: 0.429 ms
Execution time: 13939.390 ms
