Seq Scan on movie_keyword mk  (cost=0.00..81003.12 rows=3291820 width=0) (actual time=0.019..1554.944 rows=3279938 loops=1)
  Filter: (keyword_id < 14532)
  Rows Removed by Filter: 1243992
Planning time: 0.368 ms
Execution time: 1972.995 ms
