Hash Join  (cost=129928.86..604586.41 rows=2194617 width=169) (actual time=3321.835..15524.892 rows=2233850 loops=1)
  Hash Cond: (mi.movie_id = t.id)
  ->  Seq Scan on movie_info mi  (cost=0.00..346232.03 rows=2194617 width=75) (actual time=579.741..8355.966 rows=2233850 loops=1)
        Filter: (info_type_id > 16)
        Rows Removed by Filter: 12601870
  ->  Hash  (cost=61283.27..61283.27 rows=2528527 width=94) (actual time=2679.757..2679.757 rows=2528312 loops=1)
        Buckets: 32768  Batches: 128  Memory Usage: 2470kB
        ->  Seq Scan on title t  (cost=0.00..61283.27 rows=2528527 width=94) (actual time=0.032..1342.847 rows=2528312 loops=1)
Planning time: 3.922 ms
Execution time: 15658.091 ms
