Hash Join  (cost=100908.38..465656.76 rows=9242 width=0) (actual time=1672.980..8461.122 rows=128380 loops=1)
  Hash Cond: (mi.movie_id = t.id)
  ->  Seq Scan on movie_info mi  (cost=0.00..309384.22 rows=14739122 width=4) (actual time=0.017..3874.096 rows=14835720 loops=1)
  ->  Hash  (cost=100888.56..100888.56 rows=1586 width=8) (actual time=1672.891..1672.891 rows=7429 loops=1)
        Buckets: 8192 (originally 2048)  Batches: 1 (originally 1)  Memory Usage: 355kB
        ->  Hash Join  (cost=73962.22..100888.56 rows=1586 width=8) (actual time=1036.569..1669.883 rows=7429 loops=1)
              Hash Cond: (mi_idx.movie_id = t.id)
              ->  Seq Scan on movie_info_idx mi_idx  (cost=0.00..21735.35 rows=1380035 width=4) (actual time=0.010..345.894 rows=1380035 loops=1)
              ->  Hash  (cost=73925.90..73925.90 rows=2905 width=4) (actual time=1036.286..1036.286 rows=6330 loops=1)
                    Buckets: 8192 (originally 4096)  Batches: 1 (originally 1)  Memory Usage: 287kB
                    ->  Seq Scan on title t  (cost=0.00..73925.90 rows=2905 width=4) (actual time=6.037..1033.127 rows=6330 loops=1)
                          Filter: ((kind_id < 7) AND (production_year = 1978))
                          Rows Removed by Filter: 2521982
Planning time: 0.901 ms
Execution time: 8479.388 ms
