Hash Join  (cost=77934.62..161940.88 rows=649673 width=0) (actual time=1381.364..3794.418 rows=981090 loops=1)
  Hash Cond: (mc.movie_id = t.id)
  ->  Seq Scan on movie_companies mc  (cost=0.00..44881.29 rows=2609129 width=4) (actual time=0.023..890.692 rows=2609129 loops=1)
  ->  Hash  (cost=67604.59..67604.59 rows=629603 width=4) (actual time=1379.747..1379.747 rows=622851 loops=1)
        Buckets: 131072  Batches: 16  Memory Usage: 2387kB
        ->  Seq Scan on title t  (cost=0.00..67604.59 rows=629603 width=4) (actual time=0.029..1189.984 rows=622851 loops=1)
              Filter: (production_year < 1987)
              Rows Removed by Filter: 1905461
Planning time: 0.835 ms
Execution time: 3900.157 ms
