Hash Join  (cost=70308.29..1150480.00 rows=1995518 width=0) (actual time=1175.042..31439.775 rows=2140088 loops=1)
  Hash Cond: (ci.movie_id = t.id)
  ->  Seq Scan on cast_info ci  (cost=0.00..705507.15 rows=30621702 width=4) (actual time=0.021..16070.123 rows=30716047 loops=1)
        Filter: (person_id > 533619)
        Rows Removed by Filter: 5528297
  ->  Hash  (cost=67604.59..67604.59 rows=164776 width=4) (actual time=1174.067..1174.067 rows=164307 loops=1)
        Buckets: 131072  Batches: 4  Memory Usage: 2482kB
        ->  Seq Scan on title t  (cost=0.00..67604.59 rows=164776 width=4) (actual time=0.015..1115.875 rows=164307 loops=1)
              Filter: (production_year = 2012)
              Rows Removed by Filter: 2364005
Planning time: 0.782 ms
Execution time: 31719.464 ms
