Hash Join  (cost=102767.86..198789.67 rows=1443674 width=0) (actual time=1890.263..4479.821 rows=1435299 loops=1)
  Hash Cond: (mc.movie_id = t.id)
  ->  Seq Scan on movie_companies mc  (cost=0.00..51404.11 rows=1443674 width=4) (actual time=0.022..1058.790 rows=1435299 loops=1)
        Filter: (company_id < 12738)
        Rows Removed by Filter: 1173830
  ->  Hash  (cost=61283.27..61283.27 rows=2528527 width=4) (actual time=1889.121..1889.121 rows=2528312 loops=1)
        Buckets: 131072  Batches: 64  Memory Usage: 2415kB
        ->  Seq Scan on title t  (cost=0.00..61283.27 rows=2528527 width=4) (actual time=0.022..1035.066 rows=2528312 loops=1)
Planning time: 1.174 ms
Execution time: 4643.824 ms
