Nested Loop  (cost=0.43..52283.95 rows=63 width=0) (actual time=641.029..780.732 rows=389 loops=1)
  ->  Seq Scan on movie_companies mc  (cost=0.00..51404.11 rows=104 width=4) (actual time=17.082..773.029 rows=443 loops=1)
        Filter: (company_id = 71610)
        Rows Removed by Filter: 2608686
  ->  Index Scan using title_pkey on title t  (cost=0.43..8.45 rows=1 width=4) (actual time=0.016..0.016 rows=1 loops=443)
        Index Cond: (id = mc.movie_id)
        Filter: (kind_id = 7)
        Rows Removed by Filter: 0
Planning time: 0.808 ms
Execution time: 780.962 ms
