Seq Scan on movie_keyword mk  (cost=0.00..81003.12 rows=246 width=0) (actual time=44.763..1179.374 rows=13 loops=1)
  Filter: (keyword_id = 41472)
  Rows Removed by Filter: 4523917
Planning time: 0.448 ms
Execution time: 1179.474 ms
