Hash Join  (cost=102767.86..267413.60 rows=3065515 width=0) (actual time=1953.301..6225.398 rows=3047889 loops=1)
  Hash Cond: (mk.movie_id = t.id)
  ->  Seq Scan on movie_keyword mk  (cost=0.00..81003.12 rows=3065515 width=4) (actual time=0.022..1696.872 rows=3047889 loops=1)
        Filter: (keyword_id > 2105)
        Rows Removed by Filter: 1476041
  ->  Hash  (cost=61283.27..61283.27 rows=2528527 width=4) (actual time=1952.384..1952.384 rows=2528312 loops=1)
        Buckets: 131072  Batches: 64  Memory Usage: 2425kB
        ->  Seq Scan on title t  (cost=0.00..61283.27 rows=2528527 width=4) (actual time=0.028..1081.847 rows=2528312 loops=1)
Planning time: 0.812 ms
Execution time: 6566.499 ms
