Seq Scan on cast_info ci  (cost=0.00..796071.18 rows=12495092 width=0) (actual time=0.008..16197.659 rows=12670688 loops=1)
  Filter: ((person_id < 3930667) AND (role_id = 1))
  Rows Removed by Filter: 23573656
Planning time: 0.469 ms
Execution time: 17774.094 ms
