Hash Join  (cost=510374.62..1509595.30 rows=6009798 width=0) (actual time=12628.833..34654.033 rows=7064352 loops=1)
  Hash Cond: (ci.movie_id = t.id)
  ->  Seq Scan on cast_info ci  (cost=0.00..796071.18 rows=11942004 width=4) (actual time=2936.148..16842.995 rows=11124884 loops=1)
        Filter: ((person_id > 212301) AND (role_id = 1))
        Rows Removed by Filter: 25119460
  ->  Hash  (cost=489497.65..489497.65 rows=1272478 width=8) (actual time=9691.269..9691.269 rows=1325361 loops=1)
        Buckets: 131072  Batches: 32  Memory Usage: 2635kB
        ->  Hash Join  (cost=102767.86..489497.65 rows=1272478 width=8) (actual time=4924.446..9320.945 rows=1325361 loops=1)
              Hash Cond: (mi.movie_id = t.id)
              ->  Seq Scan on movie_info mi  (cost=0.00..346232.03 rows=1272478 width=4) (actual time=2507.167..5456.334 rows=1325361 loops=1)
                    Filter: (info_type_id = 8)
                    Rows Removed by Filter: 13510359
              ->  Hash  (cost=61283.27..61283.27 rows=2528527 width=4) (actual time=2415.958..2415.958 rows=2528312 loops=1)
                    Buckets: 131072  Batches: 64  Memory Usage: 2425kB
                    ->  Seq Scan on title t  (cost=0.00..61283.27 rows=2528527 width=4) (actual time=0.026..907.653 rows=2528312 loops=1)
Planning time: 1.269 ms
Execution time: 35449.979 ms
