Hash Join  (cost=928010.34..4243155.16 rows=173590856 width=0) (actual time=23141.781..157006.784 rows=395387020 loops=1)
  Hash Cond: (ci.movie_id = t.id)
  ->  Seq Scan on cast_info ci  (cost=0.00..614943.12 rows=36225612 width=4) (actual time=0.014..13528.334 rows=36244344 loops=1)
  ->  Hash  (cost=729222.56..729222.56 rows=12116542 width=8) (actual time=23139.612..23139.612 rows=11214716 loops=1)
        Buckets: 131072  Batches: 256  Memory Usage: 2705kB
        ->  Hash Join  (cost=101707.31..729222.56 rows=12116542 width=8) (actual time=2020.471..19766.993 rows=11214716 loops=1)
              Hash Cond: (mi.movie_id = t.id)
              ->  Seq Scan on movie_info mi  (cost=0.00..309384.22 rows=14739122 width=4) (actual time=0.019..6051.982 rows=14835720 loops=1)
              ->  Hash  (cost=67604.59..67604.59 rows=2078618 width=4) (actual time=2018.990..2018.990 rows=2074788 loops=1)
                    Buckets: 131072  Batches: 32  Memory Usage: 3318kB
                    ->  Seq Scan on title t  (cost=0.00..67604.59 rows=2078618 width=4) (actual time=0.017..1324.879 rows=2074788 loops=1)
                          Filter: (production_year > 1970)
                          Rows Removed by Filter: 453524
Planning time: 1.137 ms
Execution time: 199851.861 ms
