Seq Scan on movie_keyword mk  (cost=0.00..81003.12 rows=1339138 width=0) (actual time=0.017..1505.243 rows=1350550 loops=1)
  Filter: (keyword_id > 12534)
  Rows Removed by Filter: 3173380
Planning time: 0.352 ms
Execution time: 1684.386 ms
