Hash Join  (cost=1018504.83..4188189.85 rows=160592856 width=0) (actual time=25914.554..145413.228 rows=347224914 loops=1)
  Hash Cond: (ci.movie_id = t.id)
  ->  Seq Scan on cast_info ci  (cost=0.00..705507.15 rows=27550038 width=4) (actual time=0.026..15677.130 rows=27689460 loops=1)
        Filter: (person_id > 841034)
        Rows Removed by Filter: 8554884
  ->  Hash  (cost=776690.81..776690.81 rows=14739122 width=8) (actual time=25912.989..25912.989 rows=14835720 loops=1)
        Buckets: 131072  Batches: 256  Memory Usage: 3268kB
        ->  Hash Join  (cost=102767.86..776690.81 rows=14739122 width=8) (actual time=2023.296..21058.584 rows=14835720 loops=1)
              Hash Cond: (mi.movie_id = t.id)
              ->  Seq Scan on movie_info mi  (cost=0.00..309384.22 rows=14739122 width=4) (actual time=0.014..6019.234 rows=14835720 loops=1)
              ->  Hash  (cost=61283.27..61283.27 rows=2528527 width=4) (actual time=2021.818..2021.818 rows=2528312 loops=1)
                    Buckets: 131072  Batches: 64  Memory Usage: 2425kB
                    ->  Seq Scan on title t  (cost=0.00..61283.27 rows=2528527 width=4) (actual time=0.027..1129.773 rows=2528312 loops=1)
Planning time: 1.169 ms
Execution time: 183375.446 ms
