Hash Join  (cost=58358.90..855779.79 rows=7 width=0) (actual time=7086.188..11709.720 rows=1 loops=1)
  Hash Cond: (ci.movie_id = t.id)
  ->  Seq Scan on cast_info ci  (cost=0.00..796071.18 rows=359904 width=4) (actual time=5959.354..10576.090 rows=1392665 loops=1)
        Filter: ((person_id > 3790909) AND (role_id > 4))
        Rows Removed by Filter: 34851679
  ->  Hash  (cost=58358.27..58358.27 rows=51 width=8) (actual time=952.289..952.289 rows=7 loops=1)
        Buckets: 1024  Batches: 1  Memory Usage: 9kB
        ->  Nested Loop  (cost=0.43..58358.27 rows=51 width=8) (actual time=547.958..952.274 rows=7 loops=1)
              ->  Seq Scan on movie_companies mc  (cost=0.00..57926.93 rows=51 width=4) (actual time=547.873..951.874 rows=7 loops=1)
                    Filter: ((company_type_id < 2) AND (company_id = 4897))
                    Rows Removed by Filter: 2609122
              ->  Index Only Scan using title_pkey on title t  (cost=0.43..8.45 rows=1 width=4) (actual time=0.048..0.049 rows=1 loops=7)
                    Index Cond: (id = mc.movie_id)
                    Heap Fetches: 7
Planning time: 1.224 ms
Execution time: 11709.843 ms
