Hash Join  (cost=709676.96..1074350.67 rows=1778 width=0) (actual time=11646.338..18538.657 rows=795 loops=1)
  Hash Cond: (mi.movie_id = t.id)
  ->  Seq Scan on movie_info mi  (cost=0.00..309384.22 rows=14739122 width=4) (actual time=0.011..4631.986 rows=14835720 loops=1)
  ->  Hash  (cost=709673.15..709673.15 rows=305 width=8) (actual time=11174.309..11174.309 rows=299 loops=1)
        Buckets: 1024  Batches: 1  Memory Usage: 20kB
        ->  Nested Loop  (cost=0.43..709673.15 rows=305 width=8) (actual time=2397.657..11174.190 rows=299 loops=1)
              ->  Seq Scan on cast_info ci  (cost=0.00..705507.15 rows=500 width=4) (actual time=2396.843..11170.343 rows=354 loops=1)
                    Filter: (person_id = 1869491)
                    Rows Removed by Filter: 36243990
              ->  Index Scan using title_pkey on title t  (cost=0.43..8.32 rows=1 width=4) (actual time=0.010..0.010 rows=1 loops=354)
                    Index Cond: (id = ci.movie_id)
                    Filter: (kind_id = 7)
                    Rows Removed by Filter: 0
Planning time: 1.186 ms
Execution time: 18538.922 ms
