Hash Join  (cost=67697.55..123937.48 rows=3763 width=0) (actual time=1429.469..2182.143 rows=7401 loops=1)
  Hash Cond: (mc.movie_id = t.id)
  ->  Seq Scan on movie_companies mc  (cost=0.00..51404.11 rows=1279517 width=4) (actual time=161.204..965.771 rows=1274246 loops=1)
        Filter: (company_type_id = 1)
        Rows Removed by Filter: 1334883
  ->  Hash  (cost=67604.59..67604.59 rows=7437 width=4) (actual time=1002.662..1002.662 rows=7670 loops=1)
        Buckets: 8192  Batches: 1  Memory Usage: 334kB
        ->  Seq Scan on title t  (cost=0.00..67604.59 rows=7437 width=4) (actual time=365.023..999.254 rows=7670 loops=1)
              Filter: (production_year = 1915)
              Rows Removed by Filter: 2520642
Planning time: 0.676 ms
Execution time: 2183.460 ms
