Hash Join  (cost=139597.14..241916.56 rows=299044 width=0) (actual time=3427.104..6737.848 rows=2911101 loops=1)
  Hash Cond: (mk.movie_id = t.id)
  ->  Seq Scan on movie_keyword mk  (cost=0.00..81003.12 rows=1402629 width=4) (actual time=0.022..1472.737 rows=1418954 loops=1)
        Filter: (keyword_id < 1951)
        Rows Removed by Filter: 3104976
  ->  Hash  (cost=130752.54..130752.54 rows=539088 width=8) (actual time=3426.133..3426.133 rows=954317 loops=1)
        Buckets: 131072 (originally 131072)  Batches: 16 (originally 8)  Memory Usage: 3370kB
        ->  Hash Join  (cost=83810.17..130752.54 rows=539088 width=8) (actual time=1529.177..3141.813 rows=954317 loops=1)
              Hash Cond: (mi_idx.movie_id = t.id)
              ->  Seq Scan on movie_info_idx mi_idx  (cost=0.00..21735.35 rows=1380035 width=4) (actual time=0.015..525.436 rows=1380035 loops=1)
              ->  Hash  (cost=67604.59..67604.59 rows=987727 width=4) (actual time=1528.492..1528.492 rows=985048 loops=1)
                    Buckets: 131072  Batches: 16  Memory Usage: 3188kB
                    ->  Seq Scan on title t  (cost=0.00..67604.59 rows=987727 width=4) (actual time=0.021..1209.861 rows=985048 loops=1)
                          Filter: (kind_id < 7)
                          Rows Removed by Filter: 1543264
Planning time: 1.165 ms
Execution time: 7054.869 ms
