Seq Scan on title t  (cost=0.00..67604.59 rows=7437 width=0) (actual time=0.043..1103.642 rows=14349 loops=1)
  Filter: (production_year = 1969)
  Rows Removed by Filter: 2513963
Planning time: 0.385 ms
Execution time: 1106.697 ms
