Hash Join  (cost=798692.38..923011.60 rows=190119 width=0) (actual time=14565.947..18127.237 rows=1841150 loops=1)
  Hash Cond: (mk.movie_id = t.id)
  ->  Seq Scan on movie_keyword mk  (cost=0.00..69693.30 rows=4523930 width=4) (actual time=0.018..1458.917 rows=4523930 loops=1)
  ->  Hash  (cost=796948.10..796948.10 rows=106262 width=8) (actual time=14520.444..14520.444 rows=238534 loops=1)
        Buckets: 131072 (originally 131072)  Batches: 4 (originally 2)  Memory Usage: 3365kB
        ->  Hash Join  (cost=78846.40..796948.10 rows=106262 width=8) (actual time=11145.024..14434.958 rows=238534 loops=1)
              Hash Cond: (ci.movie_id = t.id)
              ->  Seq Scan on cast_info ci  (cost=0.00..705507.15 rows=895980 width=4) (actual time=9693.139..12383.585 rows=898389 loops=1)
                    Filter: (role_id = 5)
                    Rows Removed by Filter: 35345955
              ->  Hash  (cost=73925.90..73925.90 rows=299880 width=4) (actual time=1450.620..1450.620 rows=391036 loops=1)
                    Buckets: 131072 (originally 131072)  Batches: 8 (originally 4)  Memory Usage: 3073kB
                    ->  Seq Scan on title t  (cost=0.00..73925.90 rows=299880 width=4) (actual time=391.601..1317.219 rows=391036 loops=1)
                          Filter: ((production_year < 2002) AND (kind_id = 1))
                          Rows Removed by Filter: 2137276
Planning time: 0.607 ms
Execution time: 18343.805 ms
