Hash Join  (cost=142311.07..903548.94 rows=271370 width=0) (actual time=2409.771..17502.957 rows=123942 loops=1)
  Hash Cond: (ci.movie_id = t.id)
  ->  Seq Scan on cast_info ci  (cost=0.00..705507.15 rows=14137870 width=4) (actual time=0.022..11939.396 rows=14096343 loops=1)
        Filter: (person_id < 1388565)
        Rows Removed by Filter: 22148001
  ->  Hash  (cost=141704.40..141704.40 rows=48534 width=8) (actual time=2408.618..2408.618 rows=8316 loops=1)
        Buckets: 65536  Batches: 1  Memory Usage: 837kB
        ->  Hash Join  (cost=78556.72..141704.40 rows=48534 width=8) (actual time=1698.384..2404.682 rows=8316 loops=1)
              Hash Cond: (mc.movie_id = t.id)
              ->  Seq Scan on movie_companies mc  (cost=0.00..57926.93 rows=183840 width=4) (actual time=100.816..832.999 rows=80741 loops=1)
                    Filter: ((company_id < 181) AND (company_type_id > 1))
                    Rows Removed by Filter: 2528388
              ->  Hash  (cost=67604.59..67604.59 rows=667531 width=4) (actual time=1414.797..1414.797 rows=662825 loops=1)
                    Buckets: 131072  Batches: 16  Memory Usage: 2476kB
                    ->  Seq Scan on title t  (cost=0.00..67604.59 rows=667531 width=4) (actual time=0.018..1202.110 rows=662825 loops=1)
                          Filter: (kind_id < 2)
                          Rows Removed by Filter: 1865487
Planning time: 1.409 ms
Execution time: 17547.007 ms
