Hash Join  (cost=73994.33..130224.33 rows=2770 width=0) (actual time=1625.122..2093.827 rows=5660 loops=1)
  Hash Cond: (mc.movie_id = t.id)
  ->  Seq Scan on movie_companies mc  (cost=0.00..51404.11 rows=1279517 width=4) (actual time=397.677..706.666 rows=1274246 loops=1)
        Filter: (company_type_id = 1)
        Rows Removed by Filter: 1334883
  ->  Hash  (cost=73925.90..73925.90 rows=5474 width=4) (actual time=1227.247..1227.247 rows=12057 loops=1)
        Buckets: 16384 (originally 8192)  Batches: 1 (originally 1)  Memory Usage: 552kB
        ->  Seq Scan on title t  (cost=0.00..73925.90 rows=5474 width=4) (actual time=0.070..1220.883 rows=12057 loops=1)
              Filter: ((kind_id > 1) AND (production_year = 1984))
              Rows Removed by Filter: 2516255
Planning time: 0.832 ms
Execution time: 2094.875 ms
