Seq Scan on movie_companies mc  (cost=0.00..57926.93 rows=773489 width=0) (actual time=0.018..1120.299 rows=558947 loops=1)
  Filter: ((company_id > 5692) AND (company_type_id < 2))
  Rows Removed by Filter: 2050182
Planning time: 0.446 ms
Execution time: 1189.534 ms
