Nested Loop  (cost=0.43..52283.69 rows=104 width=0) (actual time=2.116..807.614 rows=26 loops=1)
  ->  Seq Scan on movie_companies mc  (cost=0.00..51404.11 rows=104 width=4) (actual time=2.047..805.531 rows=26 loops=1)
        Filter: (company_id = 34404)
        Rows Removed by Filter: 2609103
  ->  Index Only Scan using title_pkey on title t  (cost=0.43..8.45 rows=1 width=4) (actual time=0.077..0.077 rows=1 loops=26)
        Index Cond: (id = mc.movie_id)
        Heap Fetches: 26
Planning time: 1.112 ms
Execution time: 807.706 ms
