Hash Join  (cost=131581.84..218641.80 rows=40192 width=0) (actual time=3215.272..4157.697 rows=6450 loops=1)
  Hash Cond: (mk.movie_id = t.id)
  ->  Seq Scan on movie_keyword mk  (cost=0.00..69693.30 rows=4523930 width=4) (actual time=0.007..1027.260 rows=4523930 loops=1)
  ->  Hash  (cost=131301.04..131301.04 rows=22464 width=8) (actual time=2322.323..2322.323 rows=4757 loops=1)
        Buckets: 32768  Batches: 1  Memory Usage: 442kB
        ->  Hash Join  (cost=74434.21..131301.04 rows=22464 width=8) (actual time=1462.637..2320.429 rows=4757 loops=1)
              Hash Cond: (mc.movie_id = t.id)
              ->  Seq Scan on movie_companies mc  (cost=0.00..51404.11 rows=1396823 width=4) (actual time=0.015..924.168 rows=1407618 loops=1)
                    Filter: (company_id > 10951)
                    Rows Removed by Filter: 1201511
              ->  Hash  (cost=73925.90..73925.90 rows=40664 width=4) (actual time=1079.908..1079.908 rows=40257 loops=1)
                    Buckets: 65536  Batches: 1  Memory Usage: 1928kB
                    ->  Seq Scan on title t  (cost=0.00..73925.90 rows=40664 width=4) (actual time=0.090..1063.174 rows=40257 loops=1)
                          Filter: ((production_year > 2012) AND (kind_id = 7))
                          Rows Removed by Filter: 2488055
Planning time: 1.985 ms
Execution time: 4158.884 ms
