Seq Scan on movie_companies mc  (cost=0.00..51404.11 rows=1565363 width=0) (actual time=0.011..955.780 rows=1554326 loops=1)
  Filter: (company_id < 14884)
  Rows Removed by Filter: 1054803
Planning time: 0.354 ms
Execution time: 1152.831 ms
