Seq Scan on movie_companies mc  (cost=0.00..57926.93 rows=222027 width=0) (actual time=207.646..848.421 rows=103372 loops=1)
  Filter: ((company_id < 317) AND (company_type_id = 2))
  Rows Removed by Filter: 2505757
Planning time: 0.306 ms
Execution time: 861.894 ms
