Hash Join  (cost=156209.36..1146176.45 rows=2582988 width=0) (actual time=3246.843..26774.993 rows=4617139 loops=1)
  Hash Cond: (ci.movie_id = t.id)
  ->  Seq Scan on cast_info ci  (cost=0.00..796071.18 rows=14381876 width=4) (actual time=0.017..16704.273 rows=12016121 loops=1)
        Filter: ((person_id < 3304939) AND (role_id > 2))
        Rows Removed by Filter: 24228223
  ->  Hash  (cost=148758.81..148758.81 rows=454124 width=8) (actual time=3246.211..3246.211 rows=459925 loops=1)
        Buckets: 131072  Batches: 8  Memory Usage: 3275kB
        ->  Hash Join  (cost=102767.86..148758.81 rows=454124 width=8) (actual time=1840.928..3114.695 rows=459925 loops=1)
              Hash Cond: (mi_idx.movie_id = t.id)
              ->  Seq Scan on movie_info_idx mi_idx  (cost=0.00..25185.44 rows=454124 width=4) (actual time=0.016..512.910 rows=459925 loops=1)
                    Filter: (info_type_id = 100)
                    Rows Removed by Filter: 920110
              ->  Hash  (cost=61283.27..61283.27 rows=2528527 width=4) (actual time=1839.457..1839.457 rows=2528312 loops=1)
                    Buckets: 131072  Batches: 64  Memory Usage: 2415kB
                    ->  Seq Scan on title t  (cost=0.00..61283.27 rows=2528527 width=4) (actual time=0.015..979.284 rows=2528312 loops=1)
Planning time: 0.874 ms
Execution time: 27275.408 ms
