Nested Loop  (cost=0.43..83072.29 rows=96 width=0) (actual time=0.734..1238.924 rows=339 loops=1)
  ->  Seq Scan on movie_keyword mk  (cost=0.00..81003.12 rows=246 width=4) (actual time=0.686..1206.135 rows=371 loops=1)
        Filter: (keyword_id = 4185)
        Rows Removed by Filter: 4523559
  ->  Index Scan using title_pkey on title t  (cost=0.43..8.40 rows=1 width=4) (actual time=0.086..0.086 rows=1 loops=371)
        Index Cond: (id = mk.movie_id)
        Filter: (kind_id < 7)
        Rows Removed by Filter: 0
Planning time: 0.786 ms
Execution time: 1239.216 ms
