Hash Join  (cost=234138.71..402193.66 rows=2796742 width=0) (actual time=5389.256..15922.770 rows=25893334 loops=1)
  Hash Cond: (mk.movie_id = t.id)
  ->  Seq Scan on movie_keyword mk  (cost=0.00..81003.12 rows=4083280 width=4) (actual time=0.022..1804.135 rows=4070600 loops=1)
        Filter: (keyword_id > 347)
        Rows Removed by Filter: 453330
  ->  Hash  (cost=205724.57..205724.57 rows=1731852 width=8) (actual time=5388.340..5388.340 rows=1725047 loops=1)
        Buckets: 131072  Batches: 32  Memory Usage: 3171kB
        ->  Hash Join  (cost=102767.86..205724.57 rows=1731852 width=8) (actual time=1805.778..4869.240 rows=1725047 loops=1)
              Hash Cond: (mc.movie_id = t.id)
              ->  Seq Scan on movie_companies mc  (cost=0.00..51404.11 rows=1731852 width=4) (actual time=0.022..1135.662 rows=1725047 loops=1)
                    Filter: (company_id < 22566)
                    Rows Removed by Filter: 884082
              ->  Hash  (cost=61283.27..61283.27 rows=2528527 width=4) (actual time=1803.762..1803.762 rows=2528312 loops=1)
                    Buckets: 131072  Batches: 64  Memory Usage: 2415kB
                    ->  Seq Scan on title t  (cost=0.00..61283.27 rows=2528527 width=4) (actual time=0.029..980.177 rows=2528312 loops=1)
Planning time: 1.188 ms
Execution time: 18839.752 ms
