Hash Join  (cost=93360.65..138042.70 rows=428698 width=0) (actual time=1760.429..3099.680 rows=332946 loops=1)
  Hash Cond: (mi_idx.movie_id = t.id)
  ->  Seq Scan on movie_info_idx mi_idx  (cost=0.00..25185.44 rows=915101 width=4) (actual time=0.019..553.674 rows=919850 loops=1)
        Filter: (info_type_id < 101)
        Rows Removed by Filter: 460185
  ->  Hash  (cost=73925.90..73925.90 rows=1184540 width=4) (actual time=1759.495..1759.495 rows=1297979 loops=1)
        Buckets: 131072  Batches: 16  Memory Usage: 3882kB
        ->  Seq Scan on title t  (cost=0.00..73925.90 rows=1184540 width=4) (actual time=0.006..1357.221 rows=1297979 loops=1)
              Filter: ((kind_id > 1) AND (production_year > 1995))
              Rows Removed by Filter: 1230333
Planning time: 0.779 ms
Execution time: 3143.318 ms
