Hash Join  (cost=191619.91..1301959.85 rows=7450477 width=0) (actual time=4174.861..36410.780 rows=7092880 loops=1)
  Hash Cond: (ci.movie_id = t.id)
  ->  Seq Scan on cast_info ci  (cost=0.00..614943.12 rows=36225612 width=4) (actual time=0.014..13241.909 rows=36244344 loops=1)
  ->  Hash  (cost=183087.43..183087.43 rows=520039 width=8) (actual time=4173.906..4173.906 rows=230218 loops=1)
        Buckets: 131072  Batches: 8  Memory Usage: 2157kB
        ->  Hash Join  (cost=102767.86..183087.43 rows=520039 width=8) (actual time=2351.727..4104.306 rows=230218 loops=1)
              Hash Cond: (mc.movie_id = t.id)
              ->  Seq Scan on movie_companies mc  (cost=0.00..57926.93 rows=520039 width=4) (actual time=523.929..997.488 rows=230218 loops=1)
                    Filter: ((company_id > 14490) AND (company_type_id = 1))
                    Rows Removed by Filter: 2378911
              ->  Hash  (cost=61283.27..61283.27 rows=2528527 width=4) (actual time=1826.661..1826.661 rows=2528312 loops=1)
                    Buckets: 131072  Batches: 64  Memory Usage: 2415kB
                    ->  Seq Scan on title t  (cost=0.00..61283.27 rows=2528527 width=4) (actual time=0.017..990.767 rows=2528312 loops=1)
Planning time: 1.255 ms
Execution time: 37268.805 ms
