Seq Scan on movie_keyword mk  (cost=0.00..81003.12 rows=3589084 width=0) (actual time=0.014..1563.848 rows=3581350 loops=1)
  Filter: (keyword_id < 20123)
  Rows Removed by Filter: 942580
Planning time: 0.325 ms
Execution time: 1999.910 ms
