Seq Scan on cast_info ci  (cost=0.00..796071.18 rows=5739652 width=0) (actual time=7234.004..12728.979 rows=2995148 loops=1)
  Filter: ((person_id > 2938164) AND (role_id < 8))
  Rows Removed by Filter: 33249196
Planning time: 0.401 ms
Execution time: 13099.058 ms
