Hash Join  (cost=87180.69..641201.30 rows=6955369 width=0) (actual time=1557.420..17672.102 rows=5911438 loops=1)
  Hash Cond: (mi.movie_id = t.id)
  ->  Seq Scan on movie_info mi  (cost=0.00..309384.22 rows=14739122 width=4) (actual time=0.018..6468.229 rows=14835720 loops=1)
  ->  Hash  (cost=67604.59..67604.59 rows=1193208 width=4) (actual time=1556.230..1556.230 rows=1192518 loops=1)
        Buckets: 131072  Batches: 16  Memory Usage: 3653kB
        ->  Seq Scan on title t  (cost=0.00..67604.59 rows=1193208 width=4) (actual time=0.024..1173.031 rows=1192518 loops=1)
              Filter: (production_year > 2003)
              Rows Removed by Filter: 1335794
Planning time: 0.728 ms
Execution time: 18373.242 ms
