Hash Join  (cost=709678.15..765108.79 rows=212 width=0) (actual time=10494.456..11554.074 rows=15 loops=1)
  Hash Cond: (mc.movie_id = t.id)
  ->  Seq Scan on movie_companies mc  (cost=0.00..51404.11 rows=1073174 width=4) (actual time=0.012..954.669 rows=1069330 loops=1)
        Filter: (company_id < 6585)
        Rows Removed by Filter: 1539799
  ->  Hash  (cost=709671.90..709671.90 rows=500 width=8) (actual time=10446.970..10446.970 rows=20 loops=1)
        Buckets: 1024  Batches: 1  Memory Usage: 9kB
        ->  Nested Loop  (cost=0.43..709671.90 rows=500 width=8) (actual time=394.125..10446.945 rows=20 loops=1)
              ->  Seq Scan on cast_info ci  (cost=0.00..705507.15 rows=500 width=4) (actual time=394.027..10446.201 rows=20 loops=1)
                    Filter: (person_id = 2977241)
                    Rows Removed by Filter: 36244324
              ->  Index Only Scan using title_pkey on title t  (cost=0.43..8.32 rows=1 width=4) (actual time=0.033..0.033 rows=1 loops=20)
                    Index Cond: (id = ci.movie_id)
                    Heap Fetches: 20
Planning time: 3.298 ms
Execution time: 11554.163 ms
