Nested Loop  (cost=0.43..83071.67 rows=246 width=0) (actual time=4.348..1239.062 rows=621 loops=1)
  ->  Seq Scan on movie_keyword mk  (cost=0.00..81003.12 rows=246 width=4) (actual time=4.284..1223.519 rows=621 loops=1)
        Filter: (keyword_id = 5162)
        Rows Removed by Filter: 4523309
  ->  Index Only Scan using title_pkey on title t  (cost=0.43..8.40 rows=1 width=4) (actual time=0.023..0.023 rows=1 loops=621)
        Index Cond: (id = mk.movie_id)
        Heap Fetches: 621
Planning time: 0.773 ms
Execution time: 1239.368 ms
