Nested Loop  (cost=0.43..58358.27 rows=51 width=0) (actual time=343.692..831.297 rows=36 loops=1)
  ->  Seq Scan on movie_companies mc  (cost=0.00..57926.93 rows=51 width=4) (actual time=343.609..829.889 rows=36 loops=1)
        Filter: ((company_type_id < 2) AND (company_id = 536))
        Rows Removed by Filter: 2609093
  ->  Index Only Scan using title_pkey on title t  (cost=0.43..8.45 rows=1 width=4) (actual time=0.034..0.035 rows=1 loops=36)
        Index Cond: (id = mc.movie_id)
        Heap Fetches: 36
Planning time: 8.585 ms
Execution time: 831.396 ms
