Nested Loop  (cost=0.43..83072.29 rows=72 width=0) (actual time=0.625..1316.539 rows=531 loops=1)
  ->  Seq Scan on movie_keyword mk  (cost=0.00..81003.12 rows=246 width=4) (actual time=0.515..1260.621 rows=848 loops=1)
        Filter: (keyword_id = 3304)
        Rows Removed by Filter: 4523082
  ->  Index Scan using title_pkey on title t  (cost=0.43..8.40 rows=1 width=4) (actual time=0.064..0.064 rows=1 loops=848)
        Index Cond: (id = mk.movie_id)
        Filter: (production_year < 1992)
        Rows Removed by Filter: 0
Planning time: 0.763 ms
Execution time: 1316.877 ms
