Seq Scan on cast_info ci  (cost=0.00..796071.18 rows=9351879 width=0) (actual time=0.021..12719.101 rows=3991343 loops=1)
  Filter: ((person_id < 1412584) AND (role_id > 1))
  Rows Removed by Filter: 32253001
Planning time: 0.364 ms
Execution time: 13208.015 ms
