Hash Join  (cost=102767.86..463323.74 rows=184730 width=0) (actual time=7420.140..8115.848 rows=180112 loops=1)
  Hash Cond: (mi.movie_id = t.id)
  ->  Seq Scan on movie_info mi  (cost=0.00..346232.03 rows=184730 width=4) (actual time=5372.033..5607.709 rows=180112 loops=1)
        Filter: (info_type_id = 13)
        Rows Removed by Filter: 14655608
  ->  Hash  (cost=61283.27..61283.27 rows=2528527 width=4) (actual time=2014.962..2014.962 rows=2528312 loops=1)
        Buckets: 131072  Batches: 64  Memory Usage: 2425kB
        ->  Seq Scan on title t  (cost=0.00..61283.27 rows=2528527 width=4) (actual time=0.033..1144.822 rows=2528312 loops=1)
Planning time: 0.730 ms
Execution time: 8136.855 ms
