Hash Join  (cost=259657.11..1139541.21 rows=7122768 width=0) (actual time=6846.339..27874.243 rows=13050641 loops=1)
  Hash Cond: (ci.movie_id = t.id)
  ->  Seq Scan on cast_info ci  (cost=0.00..705507.15 rows=7298253 width=4) (actual time=0.024..13791.369 rows=7451973 loops=1)
        Filter: (role_id = 2)
        Rows Removed by Filter: 28792371
  ->  Hash  (cost=219170.50..219170.50 rows=2467729 width=8) (actual time=6844.219..6844.219 rows=2530916 loops=1)
        Buckets: 131072  Batches: 64  Memory Usage: 2565kB
        ->  Hash Join  (cost=106840.27..219170.50 rows=2467729 width=8) (actual time=2270.468..6108.847 rows=2530916 loops=1)
              Hash Cond: (mc.movie_id = t.id)
              ->  Seq Scan on movie_companies mc  (cost=0.00..44881.29 rows=2609129 width=4) (actual time=0.029..915.057 rows=2609129 loops=1)
              ->  Hash  (cost=67604.59..67604.59 rows=2391495 width=4) (actual time=2269.018..2269.018 rows=2388876 loops=1)
                    Buckets: 131072  Batches: 32  Memory Usage: 3646kB
                    ->  Seq Scan on title t  (cost=0.00..67604.59 rows=2391495 width=4) (actual time=0.015..1488.504 rows=2388876 loops=1)
                          Filter: (production_year < 2013)
                          Rows Removed by Filter: 139436
Planning time: 8.478 ms
Execution time: 29218.593 ms
