Seq Scan on cast_info ci  (cost=0.00..796071.18 rows=6563891 width=0) (actual time=6533.197..13142.510 rows=122402 loops=1)
  Filter: ((person_id > 1721869) AND (role_id = 1))
  Rows Removed by Filter: 36121942
Planning time: 11.259 ms
Execution time: 13157.858 ms
