Hash Join  (cost=432459.56..520252.98 rows=113538 width=0) (actual time=7135.951..9034.080 rows=195456 loops=1)
  Hash Cond: (mk.movie_id = t.id)
  ->  Seq Scan on movie_keyword mk  (cost=0.00..69693.30 rows=4523930 width=4) (actual time=0.023..992.480 rows=4523930 loops=1)
  ->  Hash  (cost=431666.32..431666.32 rows=63459 width=8) (actual time=7134.759..7134.759 rows=54683 loops=1)
        Buckets: 65536  Batches: 1  Memory Usage: 2649kB
        ->  Hash Join  (cost=69687.24..431666.32 rows=63459 width=8) (actual time=4936.950..7114.182 rows=54683 loops=1)
              Hash Cond: (mi.movie_id = t.id)
              ->  Seq Scan on movie_info mi  (cost=0.00..346232.03 rows=1264125 width=4) (actual time=3780.124..5409.084 rows=1288928 loops=1)
                    Filter: (info_type_id = 2)
                    Rows Removed by Filter: 13546792
              ->  Hash  (cost=67604.59..67604.59 rows=126932 width=4) (actual time=1155.643..1155.643 rows=122861 loops=1)
                    Buckets: 131072  Batches: 2  Memory Usage: 3197kB
                    ->  Seq Scan on title t  (cost=0.00..67604.59 rows=126932 width=4) (actual time=0.033..1106.432 rows=122861 loops=1)
                          Filter: (production_year = 2008)
                          Rows Removed by Filter: 2405451
Planning time: 1.165 ms
Execution time: 9059.541 ms
