Hash Join  (cost=797180.75..1166782.67 rows=323 width=0) (actual time=14471.580..19472.759 rows=383 loops=1)
  Hash Cond: (mi.movie_id = t.id)
  ->  Seq Scan on movie_info mi  (cost=0.00..346232.03 rows=6231111 width=4) (actual time=524.262..5772.731 rows=6223494 loops=1)
        Filter: (info_type_id > 8)
        Rows Removed by Filter: 8612226
  ->  Hash  (cost=797179.11..797179.11 rows=131 width=8) (actual time=12854.883..12854.883 rows=3 loops=1)
        Buckets: 1024  Batches: 1  Memory Usage: 9kB
        ->  Nested Loop  (cost=0.43..797179.11 rows=131 width=8) (actual time=6253.124..12854.851 rows=3 loops=1)
              ->  Seq Scan on cast_info ci  (cost=0.00..796071.18 rows=131 width=4) (actual time=6252.920..12854.573 rows=3 loops=1)
                    Filter: ((role_id > 4) AND (person_id = 447396))
                    Rows Removed by Filter: 36244341
              ->  Index Only Scan using title_pkey on title t  (cost=0.43..8.45 rows=1 width=4) (actual time=0.059..0.060 rows=1 loops=3)
                    Index Cond: (id = ci.movie_id)
                    Heap Fetches: 3
Planning time: 1.246 ms
Execution time: 19472.998 ms
