Seq Scan on movie_companies mc  (cost=0.00..51404.11 rows=374382 width=0) (actual time=18.546..774.368 rows=378210 loops=1)
  Filter: (company_id > 84582)
  Rows Removed by Filter: 2230919
Planning time: 0.314 ms
Execution time: 816.677 ms
