Hash Join  (cost=84768.21..157603.27 rows=347491 width=0) (actual time=1587.899..3371.173 rows=545967 loops=1)
  Hash Cond: (mc.movie_id = t.id)
  ->  Seq Scan on movie_companies mc  (cost=0.00..51404.11 rows=1329612 width=4) (actual time=100.445..1034.850 rows=1334883 loops=1)
        Filter: (company_type_id > 1)
        Rows Removed by Filter: 1274246
  ->  Hash  (cost=73925.90..73925.90 rows=660824 width=4) (actual time=1486.570..1486.570 rows=534718 loops=1)
        Buckets: 131072  Batches: 16  Memory Usage: 2195kB
        ->  Seq Scan on title t  (cost=0.00..73925.90 rows=660824 width=4) (actual time=0.034..1306.358 rows=534718 loops=1)
              Filter: ((kind_id < 4) AND (production_year > 1980))
              Rows Removed by Filter: 1993594
Planning time: 8.203 ms
Execution time: 3429.654 ms
