Hash Join  (cost=97151.21..135660.07 rows=254246 width=0) (actual time=1886.829..2934.995 rows=212290 loops=1)
  Hash Cond: (mi_idx.movie_id = t.id)
  ->  Seq Scan on movie_info_idx mi_idx  (cost=0.00..25185.44 rows=454124 width=4) (actual time=0.023..499.776 rows=459925 loops=1)
        Filter: (info_type_id = 100)
        Rows Removed by Filter: 920110
  ->  Hash  (cost=73925.90..73925.90 rows=1415624 width=4) (actual time=1885.200..1885.200 rows=1398720 loops=1)
        Buckets: 131072  Batches: 32  Memory Usage: 2560kB
        ->  Seq Scan on title t  (cost=0.00..73925.90 rows=1415624 width=4) (actual time=0.013..1433.274 rows=1398720 loops=1)
              Filter: ((kind_id > 1) AND (production_year < 2010))
              Rows Removed by Filter: 1129592
Planning time: 1.461 ms
Execution time: 2961.385 ms
