Seq Scan on movie_keyword mk  (cost=0.00..81003.12 rows=3440753 width=0) (actual time=0.025..1389.566 rows=3435734 loops=1)
  Filter: (keyword_id > 1113)
  Rows Removed by Filter: 1088196
Planning time: 0.397 ms
Execution time: 1780.317 ms
