Hash Join  (cost=68365.25..129440.71 rows=18988 width=0) (actual time=1479.241..2439.309 rows=22065 loops=1)
  Hash Cond: (mc.movie_id = t.id)
  ->  Seq Scan on movie_companies mc  (cost=0.00..57926.93 rows=788972 width=4) (actual time=375.420..1036.940 rows=1005943 loops=1)
        Filter: ((company_id > 6269) AND (company_type_id = 2))
        Rows Removed by Filter: 1603186
  ->  Hash  (cost=67604.59..67604.59 rows=60853 width=4) (actual time=1103.281..1103.281 rows=62568 loops=1)
        Buckets: 65536  Batches: 1  Memory Usage: 2712kB
        ->  Seq Scan on title t  (cost=0.00..67604.59 rows=60853 width=4) (actual time=0.060..1077.647 rows=62568 loops=1)
              Filter: (production_year = 2002)
              Rows Removed by Filter: 2465744
Planning time: 0.769 ms
Execution time: 2458.759 ms
