Hash Join  (cost=215748.15..764983.13 rows=6506805 width=0) (actual time=4779.283..28304.895 rows=42876431 loops=1)
  Hash Cond: (mi.movie_id = t.id)
  ->  Seq Scan on movie_info mi  (cost=0.00..309384.22 rows=14739122 width=4) (actual time=0.008..5881.805 rows=14835720 loops=1)
  ->  Hash  (cost=197433.95..197433.95 rows=1116256 width=8) (actual time=4778.502..4778.502 rows=1014345 loops=1)
        Buckets: 131072  Batches: 16  Memory Usage: 3560kB
        ->  Hash Join  (cost=102767.86..197433.95 rows=1116256 width=8) (actual time=1914.900..4454.308 rows=1014345 loops=1)
              Hash Cond: (mc.movie_id = t.id)
              ->  Seq Scan on movie_companies mc  (cost=0.00..57926.93 rows=1116256 width=4) (actual time=0.027..1229.608 rows=1014345 loops=1)
                    Filter: ((company_id > 160) AND (company_type_id = 1))
                    Rows Removed by Filter: 1594784
              ->  Hash  (cost=61283.27..61283.27 rows=2528527 width=4) (actual time=1914.180..1914.180 rows=2528312 loops=1)
                    Buckets: 131072  Batches: 64  Memory Usage: 2415kB
                    ->  Seq Scan on title t  (cost=0.00..61283.27 rows=2528527 width=4) (actual time=0.019..1063.236 rows=2528312 loops=1)
Planning time: 0.805 ms
Execution time: 33158.740 ms
