Hash Join  (cost=75746.53..562452.72 rows=646626 width=0) (actual time=1348.383..12050.175 rows=881174 loops=1)
  Hash Cond: (mi.movie_id = t.id)
  ->  Seq Scan on movie_info mi  (cost=0.00..309384.22 rows=14739122 width=4) (actual time=0.021..5678.144 rows=14835720 loops=1)
  ->  Hash  (cost=73925.90..73925.90 rows=110930 width=4) (actual time=1185.138..1185.138 rows=117920 loops=1)
        Buckets: 131072  Batches: 2  Memory Usage: 3101kB
        ->  Seq Scan on title t  (cost=0.00..73925.90 rows=110930 width=4) (actual time=0.013..1142.024 rows=117920 loops=1)
              Filter: ((production_year > 1901) AND (kind_id = 4))
              Rows Removed by Filter: 2410392
Planning time: 0.734 ms
Execution time: 12148.734 ms
