Seq Scan on movie_companies mc  (cost=0.00..57926.93 rows=1002890 width=0) (actual time=13.783..1051.359 rows=1274246 loops=1)
  Filter: ((company_id < 71409) AND (company_type_id < 2))
  Rows Removed by Filter: 1334883
Planning time: 0.345 ms
Execution time: 1197.271 ms
