Hash Join  (cost=149390.61..285610.82 rows=260098 width=0) (actual time=3266.540..6779.293 rows=1536763 loops=1)
  Hash Cond: (mk.movie_id = t.id)
  ->  Seq Scan on movie_keyword mk  (cost=0.00..81003.12 rows=4501095 width=4) (actual time=0.047..1833.794 rows=4501684 loops=1)
        Filter: (keyword_id > 3)
        Rows Removed by Filter: 22246
  ->  Hash  (cost=146993.21..146993.21 rows=146112 width=8) (actual time=3264.996..3264.996 rows=114616 loops=1)
        Buckets: 131072  Batches: 2  Memory Usage: 3251kB
        ->  Hash Join  (cost=69928.56..146993.21 rows=146112 width=8) (actual time=1283.748..3222.316 rows=114616 loops=1)
              Hash Cond: (mc.movie_id = t.id)
              ->  Seq Scan on movie_companies mc  (cost=0.00..44881.29 rows=2609129 width=4) (actual time=0.024..888.140 rows=2609129 loops=1)
              ->  Hash  (cost=67604.59..67604.59 rows=141598 width=4) (actual time=1282.950..1282.950 rows=141703 loops=1)
                    Buckets: 131072  Batches: 2  Memory Usage: 3511kB
                    ->  Seq Scan on title t  (cost=0.00..67604.59 rows=141598 width=4) (actual time=0.032..1233.596 rows=141703 loops=1)
                          Filter: (production_year = 2010)
                          Rows Removed by Filter: 2386609
Planning time: 1.228 ms
Execution time: 6962.552 ms
