Hash Join  (cost=333238.62..1064431.18 rows=20106483 width=0) (actual time=7626.245..61668.478 rows=188137501 loops=1)
  Hash Cond: (mi.movie_id = t.id)
  ->  Seq Scan on movie_info mi  (cost=0.00..309384.22 rows=14739122 width=4) (actual time=0.022..6306.336 rows=14835720 loops=1)
  ->  Hash  (cost=276648.25..276648.25 rows=3449309 width=8) (actual time=7624.380..7624.380 rows=3439396 loops=1)
        Buckets: 131072  Batches: 64  Memory Usage: 3226kB
        ->  Hash Join  (cost=102767.86..276648.25 rows=3449309 width=8) (actual time=2004.758..6649.052 rows=3439396 loops=1)
              Hash Cond: (mk.movie_id = t.id)
              ->  Seq Scan on movie_keyword mk  (cost=0.00..81003.12 rows=3449309 width=4) (actual time=0.034..1745.654 rows=3439396 loops=1)
                    Filter: (keyword_id > 1095)
                    Rows Removed by Filter: 1084534
              ->  Hash  (cost=61283.27..61283.27 rows=2528527 width=4) (actual time=2003.963..2003.963 rows=2528312 loops=1)
                    Buckets: 131072  Batches: 64  Memory Usage: 2425kB
                    ->  Seq Scan on title t  (cost=0.00..61283.27 rows=2528527 width=4) (actual time=0.022..1165.634 rows=2528312 loops=1)
Planning time: 1.533 ms
Execution time: 81841.764 ms
