Hash Join  (cost=139599.66..271188.07 rows=786837 width=0) (actual time=4724.251..6428.059 rows=626868 loops=1)
  Hash Cond: (mk.movie_id = t.id)
  ->  Seq Scan on movie_keyword mk  (cost=0.00..69693.30 rows=4523930 width=4) (actual time=0.015..1539.197 rows=4523930 loops=1)
  ->  Hash  (cost=132384.40..132384.40 rows=439781 width=8) (actual time=2988.909..2988.909 rows=215175 loops=1)
        Buckets: 131072  Batches: 8  Memory Usage: 2072kB
        ->  Hash Join  (cost=87146.10..132384.40 rows=439781 width=8) (actual time=1615.721..2922.890 rows=215175 loops=1)
              Hash Cond: (mi_idx.movie_id = t.id)
              ->  Seq Scan on movie_info_idx mi_idx  (cost=0.00..21735.35 rows=1380035 width=4) (actual time=0.022..490.218 rows=1380035 loops=1)
              ->  Hash  (cost=73925.90..73925.90 rows=805776 width=4) (actual time=1614.552..1614.552 rows=881945 loops=1)
                    Buckets: 131072  Batches: 16  Memory Usage: 2970kB
                    ->  Seq Scan on title t  (cost=0.00..73925.90 rows=805776 width=4) (actual time=0.021..1347.770 rows=881945 loops=1)
                          Filter: ((production_year > 2001) AND (kind_id = 7))
                          Rows Removed by Filter: 1646367
Planning time: 1.367 ms
Execution time: 6498.139 ms
