Hash Join  (cost=433328.88..1416738.92 rows=621083 width=0) (actual time=8803.528..32175.300 rows=515846 loops=1)
  Hash Cond: (ci.movie_id = t.id)
  ->  Seq Scan on cast_info ci  (cost=0.00..614943.12 rows=36225612 width=4) (actual time=0.040..9201.325 rows=36244344 loops=1)
  ->  Hash  (cost=432786.99..432786.99 rows=43351 width=8) (actual time=8802.840..8802.840 rows=95012 loops=1)
        Buckets: 131072 (originally 65536)  Batches: 2 (originally 1)  Memory Usage: 3073kB
        ->  Hash Join  (cost=67697.55..432786.99 rows=43351 width=8) (actual time=1211.948..8757.596 rows=95012 loops=1)
              Hash Cond: (mi.movie_id = t.id)
              ->  Seq Scan on movie_info mi  (cost=0.00..309384.22 rows=14739122 width=4) (actual time=0.020..4519.784 rows=14835720 loops=1)
              ->  Hash  (cost=67604.59..67604.59 rows=7437 width=4) (actual time=918.685..918.685 rows=8125 loops=1)
                    Buckets: 8192  Batches: 1  Memory Usage: 350kB
                    ->  Seq Scan on title t  (cost=0.00..67604.59 rows=7437 width=4) (actual time=193.614..915.191 rows=8125 loops=1)
                          Filter: (production_year = 1914)
                          Rows Removed by Filter: 2520187
Planning time: 1.169 ms
Execution time: 32233.294 ms
