Hash Join  (cost=840813.97..1596836.33 rows=3439970 width=0) (actual time=23711.835..50889.586 rows=2499270 loops=1)
  Hash Cond: (mi.movie_id = t.id)
  ->  Seq Scan on movie_info mi  (cost=0.00..309384.22 rows=14739122 width=4) (actual time=0.019..17266.292 rows=14835720 loops=1)
  ->  Hash  (cost=831131.30..831131.30 rows=590134 width=8) (actual time=23292.140..23292.140 rows=602119 loops=1)
        Buckets: 131072  Batches: 8  Memory Usage: 4091kB
        ->  Hash Join  (cost=74440.79..831131.30 rows=590134 width=8) (actual time=1297.220..22448.841 rows=602119 loops=1)
              Hash Cond: (ci.movie_id = t.id)
              ->  Seq Scan on cast_info ci  (cost=0.00..614943.12 rows=36225612 width=4) (actual time=0.020..9995.570 rows=36244344 loops=1)
              ->  Hash  (cost=73925.90..73925.90 rows=41191 width=4) (actual time=1296.571..1296.571 rows=43851 loops=1)
                    Buckets: 65536  Batches: 1  Memory Usage: 2054kB
                    ->  Seq Scan on title t  (cost=0.00..73925.90 rows=41191 width=4) (actual time=175.007..1278.048 rows=43851 loops=1)
                          Filter: ((kind_id = 7) AND (production_year = 2003))
                          Rows Removed by Filter: 2484461
Planning time: 5.417 ms
Execution time: 51237.028 ms
