Hash Join  (cost=175819.24..544288.76 rows=84011 width=0) (actual time=12326.096..28073.050 rows=44620 loops=1)
  Hash Cond: (mi.movie_id = t.id)
  ->  Seq Scan on movie_info mi  (cost=0.00..346232.03 rows=1810770 width=4) (actual time=2697.620..17203.186 rows=1865632 loops=1)
        Filter: (info_type_id > 17)
        Rows Removed by Filter: 12970088
  ->  Hash  (cost=173893.84..173893.84 rows=117312 width=8) (actual time=9311.953..9311.953 rows=24780 loops=1)
        Buckets: 131072  Batches: 2  Memory Usage: 1504kB
        ->  Hash Join  (cost=78628.27..173893.84 rows=117312 width=8) (actual time=5547.857..9302.994 rows=24780 loops=1)
              Hash Cond: (mk.movie_id = t.id)
              ->  Seq Scan on movie_keyword mk  (cost=0.00..81003.12 rows=1035021 width=4) (actual time=0.041..4265.785 rows=1040813 loops=1)
                    Filter: (keyword_id > 17028)
                    Rows Removed by Filter: 3483117
              ->  Hash  (cost=73925.90..73925.90 rows=286589 width=4) (actual time=3798.862..3798.862 rows=177340 loops=1)
                    Buckets: 131072  Batches: 4  Memory Usage: 2587kB
                    ->  Seq Scan on title t  (cost=0.00..73925.90 rows=286589 width=4) (actual time=0.036..3723.622 rows=177340 loops=1)
                          Filter: ((production_year < 1977) AND (kind_id = 7))
                          Rows Removed by Filter: 2350972
Planning time: 5.790 ms
Execution time: 28079.756 ms
