Seq Scan on title t  (cost=0.00..73925.90 rows=301 width=0) (actual time=0.510..1044.141 rows=1296 loops=1)
  Filter: ((kind_id = 3) AND (production_year = 1980))
  Rows Removed by Filter: 2527016
Planning time: 0.384 ms
Execution time: 1044.644 ms
