Hash Join  (cost=78171.87..977619.83 rows=832438 width=0) (actual time=22244.462..49049.338 rows=284957 loops=1)
  Hash Cond: (ci.movie_id = t.id)
  ->  Seq Scan on cast_info ci  (cost=0.00..796071.18 rows=8133174 width=4) (actual time=18125.392..42834.544 rows=3247610 loops=1)
        Filter: ((person_id > 1287298) AND (role_id < 2))
        Rows Removed by Filter: 32996734
  ->  Hash  (cost=73925.90..73925.90 rows=258797 width=4) (actual time=4118.154..4118.154 rows=227847 loops=1)
        Buckets: 131072  Batches: 4  Memory Usage: 3032kB
        ->  Seq Scan on title t  (cost=0.00..73925.90 rows=258797 width=4) (actual time=0.037..4017.128 rows=227847 loops=1)
              Filter: ((kind_id < 7) AND (production_year > 2008))
              Rows Removed by Filter: 2300465
Planning time: 2.704 ms
Execution time: 49089.583 ms
