Hash Join  (cost=231626.78..774024.29 rows=6450135 width=0) (actual time=5885.164..27581.551 rows=44604136 loops=1)
  Hash Cond: (mi.movie_id = t.id)
  ->  Seq Scan on movie_info mi  (cost=0.00..346232.03 rows=9767026 width=4) (actual time=0.011..6607.845 rows=9911754 loops=1)
        Filter: (info_type_id > 4)
        Rows Removed by Filter: 4923966
  ->  Hash  (cost=204230.82..204230.82 rows=1669837 width=8) (actual time=5883.402..5883.402 rows=1661154 loops=1)
        Buckets: 131072  Batches: 32  Memory Usage: 3089kB
        ->  Hash Join  (cost=102767.86..204230.82 rows=1669837 width=8) (actual time=2499.654..5407.004 rows=1661154 loops=1)
              Hash Cond: (mc.movie_id = t.id)
              ->  Seq Scan on movie_companies mc  (cost=0.00..51404.11 rows=1669837 width=4) (actual time=0.020..1139.995 rows=1661154 loops=1)
                    Filter: (company_id < 18683)
                    Rows Removed by Filter: 947975
              ->  Hash  (cost=61283.27..61283.27 rows=2528527 width=4) (actual time=2498.960..2498.960 rows=2528312 loops=1)
                    Buckets: 131072  Batches: 64  Memory Usage: 2415kB
                    ->  Seq Scan on title t  (cost=0.00..61283.27 rows=2528527 width=4) (actual time=0.022..1046.897 rows=2528312 loops=1)
Planning time: 1.116 ms
Execution time: 32131.400 ms
