Hash Join  (cost=102767.86..804747.11 rows=14373737 width=0) (actual time=2334.709..21912.849 rows=14407069 loops=1)
  Hash Cond: (mi.movie_id = t.id)
  ->  Seq Scan on movie_info mi  (cost=0.00..346232.03 rows=14373737 width=4) (actual time=0.024..7750.971 rows=14407069 loops=1)
        Filter: (info_type_id < 105)
        Rows Removed by Filter: 428651
  ->  Hash  (cost=61283.27..61283.27 rows=2528527 width=4) (actual time=2170.412..2170.412 rows=2528312 loops=1)
        Buckets: 131072  Batches: 64  Memory Usage: 2425kB
        ->  Seq Scan on title t  (cost=0.00..61283.27 rows=2528527 width=4) (actual time=0.008..1082.394 rows=2528312 loops=1)
Planning time: 0.742 ms
Execution time: 23590.794 ms
