Hash Join  (cost=75071.77..139988.90 rows=70190 width=0) (actual time=4074.505..7501.222 rows=148835 loops=1)
  Hash Cond: (mc.movie_id = t.id)
  ->  Seq Scan on movie_companies mc  (cost=0.00..57926.93 rows=389945 width=4) (actual time=0.018..2953.911 rows=553489 loops=1)
        Filter: ((company_id < 1705) AND (company_type_id < 2))
        Rows Removed by Filter: 2055640
  ->  Hash  (cost=67604.59..67604.59 rows=455135 width=4) (actual time=4073.674..4073.674 rows=451569 loops=1)
        Buckets: 131072  Batches: 8  Memory Usage: 3003kB
        ->  Seq Scan on title t  (cost=0.00..67604.59 rows=455135 width=4) (actual time=0.035..3594.425 rows=451569 loops=1)
              Filter: (production_year < 1976)
              Rows Removed by Filter: 2076743
Planning time: 0.748 ms
Execution time: 7525.996 ms
