Nested Loop  (cost=0.43..709671.90 rows=500 width=0) (actual time=21590.015..32116.844 rows=36 loops=1)
  ->  Seq Scan on cast_info ci  (cost=0.00..705507.15 rows=500 width=4) (actual time=21589.824..32107.983 rows=36 loops=1)
        Filter: (person_id = 1043593)
        Rows Removed by Filter: 36244308
  ->  Index Only Scan using title_pkey on title t  (cost=0.43..8.32 rows=1 width=4) (actual time=0.242..0.243 rows=1 loops=36)
        Index Cond: (id = ci.movie_id)
        Heap Fetches: 36
Planning time: 0.782 ms
Execution time: 32116.916 ms
