Seq Scan on movie_info mi  (cost=0.00..346232.03 rows=17937 width=0) (actual time=6966.562..15016.646 rows=6435 loops=1)
  Filter: (info_type_id = 80)
  Rows Removed by Filter: 14829285
Planning time: 0.409 ms
Execution time: 15030.976 ms
