Hash Join  (cost=67697.55..128787.91 rows=2462 width=0) (actual time=4484.137..6346.511 rows=4224 loops=1)
  Hash Cond: (mc.movie_id = t.id)
  ->  Seq Scan on movie_companies mc  (cost=0.00..57926.93 rows=837014 width=4) (actual time=1408.563..3083.216 rows=524055 loops=1)
        Filter: ((company_id < 17460) AND (company_type_id > 1))
        Rows Removed by Filter: 2085074
  ->  Hash  (cost=67604.59..67604.59 rows=7437 width=4) (actual time=3073.831..3073.831 rows=15489 loops=1)
        Buckets: 16384 (originally 8192)  Batches: 1 (originally 1)  Memory Usage: 673kB
        ->  Seq Scan on title t  (cost=0.00..67604.59 rows=7437 width=4) (actual time=0.155..3065.567 rows=15489 loops=1)
              Filter: (production_year = 1983)
              Rows Removed by Filter: 2512823
Planning time: 2.913 ms
Execution time: 6347.505 ms
