Hash Join  (cost=161394.02..667031.10 rows=2420816 width=0) (actual time=7916.894..38708.809 rows=4635928 loops=1)
  Hash Cond: (mi.movie_id = t.id)
  ->  Seq Scan on movie_info mi  (cost=0.00..309384.22 rows=14739122 width=4) (actual time=0.022..20703.717 rows=14835720 loops=1)
  ->  Hash  (cost=154579.82..154579.82 rows=415296 width=8) (actual time=7915.962..7915.962 rows=352801 loops=1)
        Buckets: 131072  Batches: 8  Memory Usage: 2739kB
        ->  Hash Join  (cost=80562.70..154579.82 rows=415296 width=8) (actual time=3882.820..7784.282 rows=352801 loops=1)
              Hash Cond: (mc.movie_id = t.id)
              ->  Seq Scan on movie_companies mc  (cost=0.00..51404.11 rows=1329612 width=4) (actual time=0.016..2811.289 rows=1334883 loops=1)
                    Filter: (company_type_id > 1)
                    Rows Removed by Filter: 1274246
              ->  Hash  (cost=67604.59..67604.59 rows=789769 width=4) (actual time=3881.974..3881.974 rows=784926 loops=1)
                    Buckets: 131072  Batches: 16  Memory Usage: 2749kB
                    ->  Seq Scan on title t  (cost=0.00..67604.59 rows=789769 width=4) (actual time=0.018..3567.523 rows=784926 loops=1)
                          Filter: (production_year > 2007)
                          Rows Removed by Filter: 1743386
Planning time: 2.498 ms
Execution time: 39363.365 ms
