Nested Loop  (cost=0.43..709673.15 rows=132 width=0) (actual time=13798.457..30452.990 rows=1 loops=1)
  ->  Seq Scan on cast_info ci  (cost=0.00..705507.15 rows=500 width=4) (actual time=13798.295..30292.509 rows=5540 loops=1)
        Filter: (person_id = 2410342)
        Rows Removed by Filter: 36238804
  ->  Index Scan using title_pkey on title t  (cost=0.43..8.32 rows=1 width=4) (actual time=0.029..0.029 rows=0 loops=5540)
        Index Cond: (id = ci.movie_id)
        Filter: (kind_id = 1)
        Rows Removed by Filter: 1
Planning time: 0.776 ms
Execution time: 30453.096 ms
