Seq Scan on cast_info ci  (cost=0.00..796071.18 rows=332 width=0) (actual time=2017.383..39500.176 rows=644 loops=1)
  Filter: ((role_id < 4) AND (person_id = 2543438))
  Rows Removed by Filter: 36243700
Planning time: 1.320 ms
Execution time: 39500.378 ms
