Seq Scan on cast_info ci  (cost=0.00..796071.18 rows=142889 width=0) (actual time=923.634..12615.978 rows=239076 loops=1)
  Filter: ((person_id > 2154884) AND (role_id = 11))
  Rows Removed by Filter: 36005268
Planning time: 0.460 ms
Execution time: 12645.602 ms
