Hash Join  (cost=94024.89..627414.34 rows=5385155 width=0) (actual time=5374.949..37132.829 rows=2742335 loops=1)
  Hash Cond: (mi.movie_id = t.id)
  ->  Seq Scan on movie_info mi  (cost=0.00..346232.03 rows=11115165 width=4) (actual time=0.023..22135.164 rows=11210743 loops=1)
        Filter: (info_type_id > 3)
        Rows Removed by Filter: 3624977
  ->  Hash  (cost=73925.90..73925.90 rows=1225039 width=4) (actual time=5373.512..5373.512 rows=1308896 loops=1)
        Buckets: 131072  Batches: 32  Memory Usage: 2474kB
        ->  Seq Scan on title t  (cost=0.00..73925.90 rows=1225039 width=4) (actual time=0.016..4743.087 rows=1308896 loops=1)
              Filter: ((production_year > 1975) AND (kind_id = 7))
              Rows Removed by Filter: 1219416
Planning time: 0.702 ms
Execution time: 37534.990 ms
