Seq Scan on cast_info ci  (cost=0.00..705507.15 rows=23906795 width=0) (actual time=0.016..12515.908 rows=23833777 loops=1)
  Filter: (person_id < 2443432)
  Rows Removed by Filter: 12410567
Planning time: 0.353 ms
Execution time: 15421.372 ms
