Hash Join  (cost=225936.53..1530080.89 rows=21908518 width=0) (actual time=13311.529..110265.729 rows=51593137 loops=1)
  Hash Cond: (ci.movie_id = t.id)
  ->  Seq Scan on cast_info ci  (cost=0.00..614943.12 rows=36225612 width=4) (actual time=0.012..50863.193 rows=36244344 loops=1)
  ->  Hash  (cost=200847.50..200847.50 rows=1529202 width=8) (actual time=13310.307..13310.307 rows=1516385 loops=1)
        Buckets: 131072  Batches: 32  Memory Usage: 2836kB
        ->  Hash Join  (cost=102767.86..200847.50 rows=1529202 width=8) (actual time=6373.166..12586.885 rows=1516385 loops=1)
              Hash Cond: (mc.movie_id = t.id)
              ->  Seq Scan on movie_companies mc  (cost=0.00..51404.11 rows=1529202 width=4) (actual time=0.007..3692.114 rows=1516385 loops=1)
                    Filter: (company_id < 14178)
                    Rows Removed by Filter: 1092744
              ->  Hash  (cost=61283.27..61283.27 rows=2528527 width=4) (actual time=6372.122..6372.122 rows=2528312 loops=1)
                    Buckets: 131072  Batches: 64  Memory Usage: 2415kB
                    ->  Seq Scan on title t  (cost=0.00..61283.27 rows=2528527 width=4) (actual time=0.010..4830.878 rows=2528312 loops=1)
Planning time: 1.097 ms
Execution time: 117510.690 ms
