Hash Join  (cost=177689.81..255895.56 rows=228922 width=0) (actual time=10210.392..16336.758 rows=1813508 loops=1)
  Hash Cond: (mc.movie_id = t.id)
  ->  Seq Scan on movie_companies mc  (cost=0.00..44881.29 rows=2609129 width=4) (actual time=0.013..3643.326 rows=2609129 loops=1)
  ->  Hash  (cost=174049.69..174049.69 rows=221850 width=8) (actual time=10208.732..10208.732 rows=305703 loops=1)
        Buckets: 131072  Batches: 4  Memory Usage: 4059kB
        ->  Hash Join  (cost=75570.05..174049.69 rows=221850 width=8) (actual time=4060.234..10093.511 rows=305703 loops=1)
              Hash Cond: (mk.movie_id = t.id)
              ->  Seq Scan on movie_keyword mk  (cost=0.00..81003.12 rows=1155470 width=4) (actual time=0.018..4757.372 rows=1159861 loops=1)
                    Filter: (keyword_id < 1382)
                    Rows Removed by Filter: 3364069
              ->  Hash  (cost=67604.59..67604.59 rows=485477 width=4) (actual time=4059.109..4059.109 rows=479601 loops=1)
                    Buckets: 131072  Batches: 8  Memory Usage: 3131kB
                    ->  Seq Scan on title t  (cost=0.00..67604.59 rows=485477 width=4) (actual time=0.016..3843.563 rows=479601 loops=1)
                          Filter: (production_year < 1978)
                          Rows Removed by Filter: 2048711
Planning time: 9.205 ms
Execution time: 16639.341 ms
