Seq Scan on cast_info ci  (cost=0.00..705507.15 rows=500 width=0) (actual time=17790.387..32054.351 rows=234 loops=1)
  Filter: (person_id = 1388629)
  Rows Removed by Filter: 36244110
Planning time: 0.387 ms
Execution time: 32054.506 ms
