Hash Join  (cost=123946.90..491426.64 rows=282381 width=0) (actual time=6606.630..32396.468 rows=1427396 loops=1)
  Hash Cond: (mi.movie_id = t.id)
  ->  Seq Scan on movie_info mi  (cost=0.00..309384.22 rows=14739122 width=4) (actual time=0.014..19574.403 rows=14835720 loops=1)
  ->  Hash  (cost=123341.37..123341.37 rows=48443 width=8) (actual time=6606.177..6606.177 rows=39399 loops=1)
        Buckets: 65536  Batches: 1  Memory Usage: 2052kB
        ->  Hash Join  (cost=68191.41..123341.37 rows=48443 width=8) (actual time=2812.141..6586.758 rows=39399 loops=1)
              Hash Cond: (mc.movie_id = t.id)
              ->  Seq Scan on movie_companies mc  (cost=0.00..44881.29 rows=2609129 width=4) (actual time=0.013..2767.713 rows=2609129 loops=1)
              ->  Hash  (cost=67604.59..67604.59 rows=46946 width=4) (actual time=2811.716..2811.716 rows=46583 loops=1)
                    Buckets: 65536  Batches: 1  Memory Usage: 2150kB
                    ->  Seq Scan on title t  (cost=0.00..67604.59 rows=46946 width=4) (actual time=0.014..2790.916 rows=46583 loops=1)
                          Filter: (production_year = 1998)
                          Rows Removed by Filter: 2481729
Planning time: 1.117 ms
Execution time: 32627.198 ms
