Seq Scan on movie_companies mc  (cost=0.00..51404.11 rows=104 width=0) (actual time=84.266..2436.644 rows=20 loops=1)
  Filter: (company_id = 7378)
  Rows Removed by Filter: 2609109
Planning time: 4.748 ms
Execution time: 2436.739 ms
