Seq Scan on cast_info ci  (cost=0.00..796071.18 rows=26237214 width=0) (actual time=0.031..45303.182 rows=26115291 loops=1)
  Filter: ((person_id > 258439) AND (role_id < 7))
  Rows Removed by Filter: 10129053
Planning time: 0.324 ms
Execution time: 49844.267 ms
