Hash Join  (cost=123984.52..488859.80 rows=21935 width=0) (actual time=6032.894..28400.982 rows=504139 loops=1)
  Hash Cond: (mi.movie_id = t.id)
  ->  Seq Scan on movie_info mi  (cost=0.00..309384.22 rows=14739122 width=4) (actual time=0.011..17786.946 rows=14835720 loops=1)
  ->  Hash  (cost=123937.48..123937.48 rows=3763 width=8) (actual time=6031.034..6031.034 rows=10502 loops=1)
        Buckets: 16384 (originally 4096)  Batches: 1 (originally 1)  Memory Usage: 539kB
        ->  Hash Join  (cost=67697.55..123937.48 rows=3763 width=8) (actual time=3521.568..6026.552 rows=10502 loops=1)
              Hash Cond: (mc.movie_id = t.id)
              ->  Seq Scan on movie_companies mc  (cost=0.00..51404.11 rows=1279517 width=4) (actual time=870.649..3046.778 rows=1274246 loops=1)
                    Filter: (company_type_id < 2)
                    Rows Removed by Filter: 1334883
              ->  Hash  (cost=67604.59..67604.59 rows=7437 width=4) (actual time=2650.807..2650.807 rows=16571 loops=1)
                    Buckets: 32768 (originally 8192)  Batches: 1 (originally 1)  Memory Usage: 839kB
                    ->  Seq Scan on title t  (cost=0.00..67604.59 rows=7437 width=4) (actual time=10.799..2636.759 rows=16571 loops=1)
                          Filter: (production_year = 1984)
                          Rows Removed by Filter: 2511741
Planning time: 1.102 ms
Execution time: 28512.710 ms
