Hash Join  (cost=263115.61..1216035.98 rows=6206867 width=0) (actual time=13494.065..68955.929 rows=23183180 loops=1)
  Hash Cond: (ci.movie_id = t.id)
  ->  Seq Scan on cast_info ci  (cost=0.00..796071.18 rows=6015123 width=4) (actual time=0.015..39554.642 rows=9264643 loops=1)
        Filter: ((person_id > 2774472) AND (role_id > 1))
        Rows Removed by Filter: 26979701
  ->  Hash  (cost=220309.49..220309.49 rows=2609129 width=8) (actual time=13492.175..13492.175 rows=2609129 loops=1)
        Buckets: 131072  Batches: 64  Memory Usage: 2610kB
        ->  Hash Join  (cost=102767.86..220309.49 rows=2609129 width=8) (actual time=5426.546..12564.128 rows=2609129 loops=1)
              Hash Cond: (mc.movie_id = t.id)
              ->  Seq Scan on movie_companies mc  (cost=0.00..44881.29 rows=2609129 width=4) (actual time=0.015..3264.197 rows=2609129 loops=1)
              ->  Hash  (cost=61283.27..61283.27 rows=2528527 width=4) (actual time=5425.305..5425.305 rows=2528312 loops=1)
                    Buckets: 131072  Batches: 64  Memory Usage: 2415kB
                    ->  Seq Scan on title t  (cost=0.00..61283.27 rows=2528527 width=4) (actual time=0.014..4187.528 rows=2528312 loops=1)
Planning time: 1.130 ms
Execution time: 72237.014 ms
