Hash Join  (cost=86252.72..121073.60 rows=136978 width=0) (actual time=4515.681..6418.016 rows=279362 loops=1)
  Hash Cond: (mi_idx.movie_id = t.id)
  ->  Seq Scan on movie_info_idx mi_idx  (cost=0.00..25185.44 rows=460978 width=4) (actual time=0.011..1374.207 rows=459925 loops=1)
        Filter: (info_type_id < 100)
        Rows Removed by Filter: 920110
  ->  Hash  (cost=73925.90..73925.90 rows=751345 width=4) (actual time=4514.843..4514.843 rows=793943 loops=1)
        Buckets: 131072  Batches: 16  Memory Usage: 2771kB
        ->  Seq Scan on title t  (cost=0.00..73925.90 rows=751345 width=4) (actual time=0.021..4138.629 rows=793943 loops=1)
              Filter: ((kind_id < 7) AND (production_year < 2010))
              Rows Removed by Filter: 1734369
Planning time: 0.582 ms
Execution time: 6454.388 ms
