Seq Scan on title t  (cost=0.00..67604.59 rows=7437 width=0) (actual time=1546.924..3139.181 rows=2618 loops=1)
  Filter: (production_year = 1903)
  Rows Removed by Filter: 2525694
Planning time: 2.054 ms
Execution time: 3139.970 ms
