Hash Join  (cost=443511.05..1402299.93 rows=1296609 width=0) (actual time=29370.540..69871.568 rows=1380502 loops=1)
  Hash Cond: (ci.movie_id = t.id)
  ->  Seq Scan on cast_info ci  (cost=0.00..796071.18 rows=8320559 width=4) (actual time=1540.262..39320.242 rows=3654987 loops=1)
        Filter: ((person_id > 1229948) AND (role_id = 1))
        Rows Removed by Filter: 32589357
  ->  Hash  (cost=437045.72..437045.72 rows=394026 width=8) (actual time=27825.571..27825.571 rows=395214 loops=1)
        Buckets: 131072  Batches: 8  Memory Usage: 3034kB
        ->  Hash Join  (cost=68449.54..437045.72 rows=394026 width=8) (actual time=3253.097..27006.940 rows=395214 loops=1)
              Hash Cond: (mi.movie_id = t.id)
              ->  Seq Scan on movie_info mi  (cost=0.00..309384.22 rows=14739122 width=4) (actual time=0.023..17802.161 rows=14835720 loops=1)
              ->  Hash  (cost=67604.59..67604.59 rows=67596 width=4) (actual time=3252.145..3252.145 rows=67777 loops=1)
                    Buckets: 131072  Batches: 1  Memory Usage: 3407kB
                    ->  Seq Scan on title t  (cost=0.00..67604.59 rows=67596 width=4) (actual time=0.022..3215.943 rows=67777 loops=1)
                          Filter: (production_year = 2003)
                          Rows Removed by Filter: 2460535
Planning time: 1.251 ms
Execution time: 70078.040 ms
