Seq Scan on movie_companies mc  (cost=0.00..57926.93 rows=51 width=0) (actual time=1103.781..1794.688 rows=15 loops=1)
  Filter: ((company_type_id < 2) AND (company_id = 26280))
  Rows Removed by Filter: 2609114
Planning time: 0.373 ms
Execution time: 1794.792 ms
