Seq Scan on movie_companies mc  (cost=0.00..57926.93 rows=53 width=0) (actual time=579.305..2419.178 rows=21 loops=1)
  Filter: ((company_id = 69283) AND (company_type_id = 2))
  Rows Removed by Filter: 2609108
Planning time: 0.423 ms
Execution time: 2419.273 ms
