Hash Join  (cost=105772.75..195534.23 rows=1223331 width=0) (actual time=5980.244..10958.672 rows=1184836 loops=1)
  Hash Cond: (mc.movie_id = t.id)
  ->  Seq Scan on movie_companies mc  (cost=0.00..51404.11 rows=1329612 width=4) (actual time=0.012..3092.879 rows=1334883 loops=1)
        Filter: (company_type_id = 2)
        Rows Removed by Filter: 1274246
  ->  Hash  (cost=67604.59..67604.59 rows=2326413 width=4) (actual time=5979.225..5979.225 rows=2320300 loops=1)
        Buckets: 131072  Batches: 32  Memory Usage: 3577kB
        ->  Seq Scan on title t  (cost=0.00..67604.59 rows=2326413 width=4) (actual time=0.006..4933.466 rows=2320300 loops=1)
              Filter: (production_year > 1937)
              Rows Removed by Filter: 208012
Planning time: 0.670 ms
Execution time: 11135.164 ms
