Seq Scan on cast_info ci  (cost=0.00..705507.15 rows=11839761 width=0) (actual time=1775.732..12182.626 rows=11913575 loops=1)
  Filter: (person_id > 2498338)
  Rows Removed by Filter: 24330769
Planning time: 0.541 ms
Execution time: 13672.773 ms
