Seq Scan on movie_keyword mk  (cost=0.00..81003.12 rows=1534727 width=0) (actual time=0.023..4042.487 rows=1548518 loops=1)
  Filter: (keyword_id > 10190)
  Rows Removed by Filter: 2975412
Planning time: 0.321 ms
Execution time: 4334.826 ms
