Hash Join  (cost=78364.59..157262.71 rows=279159 width=0) (actual time=3794.620..8780.673 rows=791686 loops=1)
  Hash Cond: (mc.movie_id = t.id)
  ->  Seq Scan on movie_companies mc  (cost=0.00..44881.29 rows=2609129 width=4) (actual time=0.012..3188.154 rows=2609129 loops=1)
  ->  Hash  (cost=73925.90..73925.90 rows=270535 width=4) (actual time=3793.704..3793.704 rows=374196 loops=1)
        Buckets: 131072 (originally 131072)  Batches: 8 (originally 4)  Memory Usage: 3073kB
        ->  Seq Scan on title t  (cost=0.00..73925.90 rows=270535 width=4) (actual time=1426.266..3366.269 rows=374196 loops=1)
              Filter: ((production_year < 2000) AND (kind_id = 1))
              Rows Removed by Filter: 2154116
Planning time: 0.753 ms
Execution time: 8890.296 ms
