Hash Join  (cost=171696.15..1271862.85 rows=6460153 width=0) (actual time=8972.562..82577.685 rows=12242584 loops=1)
  Hash Cond: (ci.movie_id = t.id)
  ->  Seq Scan on cast_info ci  (cost=0.00..614943.12 rows=36225612 width=4) (actual time=0.023..43503.600 rows=36244344 loops=1)
  ->  Hash  (cost=164297.71..164297.71 rows=450915 width=8) (actual time=8971.427..8971.427 rows=390822 loops=1)
        Buckets: 131072  Batches: 8  Memory Usage: 2928kB
        ->  Hash Join  (cost=92883.59..164297.71 rows=450915 width=8) (actual time=5820.661..8817.365 rows=390822 loops=1)
              Hash Cond: (mc.movie_id = t.id)
              ->  Seq Scan on movie_companies mc  (cost=0.00..51404.11 rows=739973 width=4) (actual time=0.024..2993.190 rows=735082 loops=1)
                    Filter: (company_id < 1435)
                    Rows Removed by Filter: 1874047
              ->  Hash  (cost=67604.59..67604.59 rows=1540800 width=4) (actual time=4888.920..4888.920 rows=1543264 loops=1)
                    Buckets: 131072  Batches: 32  Memory Usage: 2722kB
                    ->  Seq Scan on title t  (cost=0.00..67604.59 rows=1540800 width=4) (actual time=0.022..4219.938 rows=1543264 loops=1)
                          Filter: (kind_id = 7)
                          Rows Removed by Filter: 985048
Planning time: 1.180 ms
Execution time: 84301.584 ms
