Hash Join  (cost=115693.89..484776.29 rows=442649 width=0) (actual time=5592.450..29791.788 rows=1206333 loops=1)
  Hash Cond: (mi.movie_id = t.id)
  ->  Seq Scan on movie_info mi  (cost=0.00..309384.22 rows=14739122 width=4) (actual time=0.020..17984.892 rows=14835720 loops=1)
  ->  Hash  (cost=114744.68..114744.68 rows=75937 width=8) (actual time=5591.754..5591.754 rows=77314 loops=1)
        Buckets: 131072  Batches: 1  Memory Usage: 4045kB
        ->  Hash Join  (cost=77354.40..114744.68 rows=75937 width=8) (actual time=3451.285..5563.920 rows=77314 loops=1)
              Hash Cond: (mi_idx.movie_id = t.id)
              ->  Seq Scan on movie_info_idx mi_idx  (cost=0.00..25185.44 rows=919057 width=4) (actual time=0.021..1354.500 rows=920110 loops=1)
                    Filter: (info_type_id > 99)
                    Rows Removed by Filter: 459925
              ->  Hash  (cost=73925.90..73925.90 rows=208920 width=4) (actual time=3449.836..3449.836 rows=183835 loops=1)
                    Buckets: 131072  Batches: 4  Memory Usage: 2649kB
                    ->  Seq Scan on title t  (cost=0.00..73925.90 rows=208920 width=4) (actual time=0.028..3371.422 rows=183835 loops=1)
                          Filter: ((kind_id < 7) AND (production_year > 2009))
                          Rows Removed by Filter: 2344477
Planning time: 1.282 ms
Execution time: 30019.759 ms
