Seq Scan on cast_info ci  (cost=0.00..705507.15 rows=2735034 width=42) (actual time=9347.262..14241.955 rows=2728943 loops=1)
  Filter: (role_id = 4)
  Rows Removed by Filter: 33515401
Planning time: 0.501 ms
Execution time: 14405.517 ms
