Seq Scan on movie_keyword mk  (cost=0.00..81003.12 rows=246 width=0) (actual time=0.301..3847.816 rows=114 loops=1)
  Filter: (keyword_id = 6501)
  Rows Removed by Filter: 4523816
Planning time: 0.517 ms
Execution time: 3848.032 ms
