Hash Join  (cost=83810.17..188967.33 rows=512507 width=0) (actual time=3895.808..10305.359 rows=1158275 loops=1)
  Hash Cond: (mk.movie_id = t.id)
  ->  Seq Scan on movie_keyword mk  (cost=0.00..81003.12 rows=1311989 width=4) (actual time=0.027..4661.439 rows=1320444 loops=1)
        Filter: (keyword_id < 1732)
        Rows Removed by Filter: 3203486
  ->  Hash  (cost=67604.59..67604.59 rows=987727 width=4) (actual time=3894.849..3894.849 rows=985048 loops=1)
        Buckets: 131072  Batches: 16  Memory Usage: 3197kB
        ->  Seq Scan on title t  (cost=0.00..67604.59 rows=987727 width=4) (actual time=0.013..3395.869 rows=985048 loops=1)
              Filter: (kind_id < 7)
              Rows Removed by Filter: 1543264
Planning time: 0.687 ms
Execution time: 10478.137 ms
