Nested Loop  (cost=62067.28..224859.40 rows=12689 width=0) (actual time=3039.760..9600.083 rows=28721 loops=1)
  ->  Hash Join  (cost=62066.85..170609.23 rows=73619 width=8) (actual time=3039.716..7098.870 rows=30608 loops=1)
        Hash Cond: (mk.movie_id = mc.movie_id)
        ->  Seq Scan on movie_keyword mk  (cost=0.00..81003.12 rows=54487 width=4) (actual time=0.160..3365.329 rows=51698 loops=1)
              Filter: (keyword_id < 52)
              Rows Removed by Filter: 4472232
        ->  Hash  (cost=51404.11..51404.11 rows=649899 width=4) (actual time=3020.244..3020.244 rows=654842 loops=1)
              Buckets: 131072  Batches: 16  Memory Usage: 2487kB
              ->  Seq Scan on movie_companies mc  (cost=0.00..51404.11 rows=649899 width=4) (actual time=0.047..2759.407 rows=654842 loops=1)
                    Filter: (company_id > 53676)
                    Rows Removed by Filter: 1954287
  ->  Index Scan using title_pkey on title t  (cost=0.43..0.73 rows=1 width=4) (actual time=0.081..0.081 rows=1 loops=30608)
        Index Cond: (id = mc.movie_id)
        Filter: (production_year > 1951)
        Rows Removed by Filter: 0
Planning time: 1.413 ms
Execution time: 9606.728 ms
