Seq Scan on cast_info ci  (cost=0.00..796071.18 rows=509526 width=0) (actual time=9738.736..27242.496 rows=280 loops=1)
  Filter: ((person_id < 240162) AND (role_id = 2))
  Rows Removed by Filter: 36244064
Planning time: 5.589 ms
Execution time: 27242.671 ms
