Hash Join  (cost=916586.41..1408484.93 rows=1133259 width=0) (actual time=42000.885..70211.790 rows=1597433 loops=1)
  Hash Cond: (mi.movie_id = t.id)
  ->  Seq Scan on movie_info mi  (cost=0.00..309384.22 rows=14739122 width=4) (actual time=0.012..19874.976 rows=14835720 loops=1)
  ->  Hash  (cost=913396.25..913396.25 rows=194413 width=8) (actual time=41999.897..41999.897 rows=74827 loops=1)
        Buckets: 131072  Batches: 4  Memory Usage: 1759kB
        ->  Hash Join  (cost=102767.86..913396.25 rows=194413 width=8) (actual time=36138.788..41974.348 rows=74827 loops=1)
              Hash Cond: (ci.movie_id = t.id)
              ->  Seq Scan on cast_info ci  (cost=0.00..796071.18 rows=194413 width=4) (actual time=31222.627..36582.295 rows=74827 loops=1)
                    Filter: ((person_id < 2006764) AND (role_id > 10))
                    Rows Removed by Filter: 36169517
              ->  Hash  (cost=61283.27..61283.27 rows=2528527 width=4) (actual time=4914.725..4914.725 rows=2528312 loops=1)
                    Buckets: 131072  Batches: 64  Memory Usage: 2415kB
                    ->  Seq Scan on title t  (cost=0.00..61283.27 rows=2528527 width=4) (actual time=0.016..3541.323 rows=2528312 loops=1)
Planning time: 4.950 ms
Execution time: 70439.104 ms
