Hash Join  (cost=83073.10..470989.85 rows=285 width=0) (actual time=3991.041..26392.088 rows=3992 loops=1)
  Hash Cond: (mi.movie_id = t.id)
  ->  Seq Scan on movie_info mi  (cost=0.00..346232.03 rows=11115165 width=4) (actual time=0.020..20226.514 rows=11210743 loops=1)
        Filter: (info_type_id > 3)
        Rows Removed by Filter: 3624977
  ->  Hash  (cost=83072.29..83072.29 rows=65 width=8) (actual time=3989.065..3989.065 rows=193 loops=1)
        Buckets: 1024  Batches: 1  Memory Usage: 16kB
        ->  Nested Loop  (cost=0.43..83072.29 rows=65 width=8) (actual time=8.206..3988.744 rows=193 loops=1)
              ->  Seq Scan on movie_keyword mk  (cost=0.00..81003.12 rows=246 width=4) (actual time=4.711..3950.412 rows=223 loops=1)
                    Filter: (keyword_id = 3577)
                    Rows Removed by Filter: 4523707
              ->  Index Scan using title_pkey on title t  (cost=0.43..8.40 rows=1 width=4) (actual time=0.167..0.167 rows=1 loops=223)
                    Index Cond: (id = mk.movie_id)
                    Filter: (kind_id < 2)
                    Rows Removed by Filter: 0
Planning time: 3.980 ms
Execution time: 26393.335 ms
