Hash Join  (cost=86573.65..838679.84 rows=909442 width=0) (actual time=6982.641..42743.995 rows=789943 loops=1)
  Hash Cond: (ci.movie_id = t.id)
  ->  Seq Scan on cast_info ci  (cost=0.00..705507.15 rows=2983096 width=4) (actual time=1959.267..35295.870 rows=2912136 loops=1)
        Filter: (person_id < 283209)
        Rows Removed by Filter: 33332208
  ->  Hash  (cost=73925.90..73925.90 rows=770860 width=4) (actual time=5018.564..5018.564 rows=682281 loops=1)
        Buckets: 131072  Batches: 16  Memory Usage: 2522kB
        ->  Seq Scan on title t  (cost=0.00..73925.90 rows=770860 width=4) (actual time=0.030..4211.608 rows=682281 loops=1)
              Filter: ((production_year < 2004) AND (kind_id = 7))
              Rows Removed by Filter: 1846031
Planning time: 17.962 ms
Execution time: 42855.885 ms
