Hash Join  (cost=68438.72..124715.84 rows=32040 width=0) (actual time=3246.324..6955.731 rows=34141 loops=1)
  Hash Cond: (mc.movie_id = t.id)
  ->  Seq Scan on movie_companies mc  (cost=0.00..51404.11 rows=1214027 width=4) (actual time=0.029..3295.694 rows=1223869 loops=1)
        Filter: (company_id > 11961)
        Rows Removed by Filter: 1385260
  ->  Hash  (cost=67604.59..67604.59 rows=66731 width=4) (actual time=3245.547..3245.547 rows=67342 loops=1)
        Buckets: 131072  Batches: 1  Memory Usage: 3392kB
        ->  Seq Scan on title t  (cost=0.00..67604.59 rows=66731 width=4) (actual time=0.017..3215.530 rows=67342 loops=1)
              Filter: (production_year > 2012)
              Rows Removed by Filter: 2460970
Planning time: 0.693 ms
Execution time: 6961.202 ms
