Hash Join  (cost=76428.64..895286.04 rows=110035 width=0) (actual time=13797.812..39359.166 rows=77969 loops=1)
  Hash Cond: (ci.movie_id = t.id)
  ->  Seq Scan on cast_info ci  (cost=0.00..796071.18 rows=1823966 width=4) (actual time=10245.276..34047.977 rows=3681272 loops=1)
        Filter: ((person_id < 492443) AND (role_id = 1))
        Rows Removed by Filter: 32563072
  ->  Hash  (cost=73925.90..73925.90 rows=152539 width=4) (actual time=3551.403..3551.403 rows=53426 loops=1)
        Buckets: 131072  Batches: 2  Memory Usage: 1963kB
        ->  Seq Scan on title t  (cost=0.00..73925.90 rows=152539 width=4) (actual time=0.027..3529.260 rows=53426 loops=1)
              Filter: ((production_year < 1961) AND (kind_id = 7))
              Rows Removed by Filter: 2474886
Planning time: 0.729 ms
Execution time: 39374.681 ms
