Hash Join  (cost=365418.15..1603073.02 rows=22013101 width=0) (actual time=8193.737..40611.557 rows=43926084 loops=1)
  Hash Cond: (ci.movie_id = t.id)
  ->  Seq Scan on cast_info ci  (cost=0.00..796071.18 rows=12303621 width=4) (actual time=0.018..15752.231 rows=7402753 loops=1)
        Filter: ((person_id < 2818442) AND (role_id > 2))
        Rows Removed by Filter: 28841591
  ->  Hash  (cost=291197.02..291197.02 rows=4523930 width=8) (actual time=8192.559..8192.559 rows=4523930 loops=1)
        Buckets: 131072  Batches: 64  Memory Usage: 3816kB
        ->  Hash Join  (cost=102767.86..291197.02 rows=4523930 width=8) (actual time=1960.697..6960.191 rows=4523930 loops=1)
              Hash Cond: (mk.movie_id = t.id)
              ->  Seq Scan on movie_keyword mk  (cost=0.00..69693.30 rows=4523930 width=4) (actual time=0.021..1403.611 rows=4523930 loops=1)
              ->  Hash  (cost=61283.27..61283.27 rows=2528527 width=4) (actual time=1958.893..1958.893 rows=2528312 loops=1)
                    Buckets: 131072  Batches: 64  Memory Usage: 2425kB
                    ->  Seq Scan on title t  (cost=0.00..61283.27 rows=2528527 width=4) (actual time=0.021..1080.320 rows=2528312 loops=1)
Planning time: 1.101 ms
Execution time: 45814.494 ms
