Hash Join  (cost=67697.55..819552.20 rows=106548 width=0) (actual time=2669.962..39691.931 rows=99517 loops=1)
  Hash Cond: (ci.movie_id = t.id)
  ->  Seq Scan on cast_info ci  (cost=0.00..614943.12 rows=36225612 width=4) (actual time=0.019..26567.727 rows=36244344 loops=1)
  ->  Hash  (cost=67604.59..67604.59 rows=7437 width=4) (actual time=2667.555..2667.555 rows=8007 loops=1)
        Buckets: 8192  Batches: 1  Memory Usage: 346kB
        ->  Seq Scan on title t  (cost=0.00..67604.59 rows=7437 width=4) (actual time=0.021..2663.053 rows=8007 loops=1)
              Filter: (production_year = 1955)
              Rows Removed by Filter: 2520305
Planning time: 0.691 ms
Execution time: 39711.134 ms
