Hash Join  (cost=83074.74..833899.15 rows=3524 width=0) (actual time=1423.237..18159.170 rows=72862 loops=1)
  Hash Cond: (ci.movie_id = t.id)
  ->  Seq Scan on cast_info ci  (cost=0.00..614943.12 rows=36225612 width=4) (actual time=0.022..9259.367 rows=36244344 loops=1)
  ->  Hash  (cost=83071.67..83071.67 rows=246 width=8) (actual time=1421.284..1421.284 rows=2152 loops=1)
        Buckets: 4096 (originally 1024)  Batches: 1 (originally 1)  Memory Usage: 117kB
        ->  Nested Loop  (cost=0.43..83071.67 rows=246 width=8) (actual time=1.870..1419.775 rows=2152 loops=1)
              ->  Seq Scan on movie_keyword mk  (cost=0.00..81003.12 rows=246 width=4) (actual time=1.816..1334.647 rows=2152 loops=1)
                    Filter: (keyword_id = 393)
                    Rows Removed by Filter: 4521778
              ->  Index Only Scan using title_pkey on title t  (cost=0.43..8.40 rows=1 width=4) (actual time=0.038..0.038 rows=1 loops=2152)
                    Index Cond: (id = mk.movie_id)
                    Heap Fetches: 2152
Planning time: 1.785 ms
Execution time: 18174.535 ms
