Seq Scan on movie_companies mc  (cost=0.00..57926.93 rows=396369 width=0) (actual time=0.019..882.759 rows=78654 loops=1)
  Filter: ((company_id > 28662) AND (company_type_id = 1))
  Rows Removed by Filter: 2530475
Planning time: 0.402 ms
Execution time: 892.913 ms
