Seq Scan on movie_companies mc  (cost=0.00..51404.11 rows=105393 width=0) (actual time=336.011..815.529 rows=105909 loops=1)
  Filter: (company_id > 154162)
  Rows Removed by Filter: 2503220
Planning time: 0.330 ms
Execution time: 828.121 ms
