Hash Join  (cost=454568.19..1515059.23 rows=2597881 width=0) (actual time=18561.411..67694.931 rows=14452067 loops=1)
  Hash Cond: (ci.movie_id = t.id)
  ->  Seq Scan on cast_info ci  (cost=0.00..614943.12 rows=36225612 width=4) (actual time=0.035..27288.613 rows=36244344 loops=1)
  ->  Hash  (cost=451592.55..451592.55 rows=181331 width=8) (actual time=18560.520..18560.520 rows=291892 loops=1)
        Buckets: 131072  Batches: 4  Memory Usage: 3819kB
        ->  Hash Join  (cost=77354.40..451592.55 rows=181331 width=8) (actual time=3835.563..18456.995 rows=291892 loops=1)
              Hash Cond: (mi.movie_id = t.id)
              ->  Seq Scan on movie_info mi  (cost=0.00..346232.03 rows=2194617 width=4) (actual time=955.686..14326.380 rows=2233850 loops=1)
                    Filter: (info_type_id > 16)
                    Rows Removed by Filter: 12601870
              ->  Hash  (cost=73925.90..73925.90 rows=208920 width=4) (actual time=2878.981..2878.981 rows=183835 loops=1)
                    Buckets: 131072  Batches: 4  Memory Usage: 2655kB
                    ->  Seq Scan on title t  (cost=0.00..73925.90 rows=208920 width=4) (actual time=0.046..2632.468 rows=183835 loops=1)
                          Filter: ((kind_id < 7) AND (production_year > 2009))
                          Rows Removed by Filter: 2344477
Planning time: 1.055 ms
Execution time: 69412.356 ms
