Hash Join  (cost=449187.58..1215172.92 rows=534311 width=0) (actual time=47959.926..61041.812 rows=775310 loops=1)
  Hash Cond: (ci.movie_id = t.id)
  ->  Seq Scan on cast_info ci  (cost=0.00..705507.15 rows=4670689 width=4) (actual time=27060.860..37534.193 rows=4639136 loops=1)
        Filter: (role_id > 9)
        Rows Removed by Filter: 31605208
  ->  Hash  (cost=444441.89..444441.89 rows=289255 width=8) (actual time=20898.303..20898.303 rows=265807 loops=1)
        Buckets: 131072  Batches: 4  Memory Usage: 3621kB
        ->  Hash Join  (cost=82423.69..444441.89 rows=289255 width=8) (actual time=4980.066..20597.537 rows=265807 loops=1)
              Hash Cond: (mi.movie_id = t.id)
              ->  Seq Scan on movie_info mi  (cost=0.00..346232.03 rows=809768 width=4) (actual time=570.776..15516.422 rows=802140 loops=1)
                    Filter: (info_type_id < 2)
                    Rows Removed by Filter: 14033580
              ->  Hash  (cost=67604.59..67604.59 rows=903208 width=4) (actual time=4408.517..4408.517 rows=904491 loops=1)
                    Buckets: 131072  Batches: 16  Memory Usage: 3017kB
                    ->  Seq Scan on title t  (cost=0.00..67604.59 rows=903208 width=4) (actual time=0.033..4056.860 rows=904491 loops=1)
                          Filter: (production_year > 2006)
                          Rows Removed by Filter: 1623821
Planning time: 1.119 ms
Execution time: 61145.418 ms
