Hash Join  (cost=83072.42..109982.96 rows=6 width=0) (actual time=1346.409..1882.761 rows=132 loops=1)
  Hash Cond: (mi_idx.movie_id = t.id)
  ->  Seq Scan on movie_info_idx mi_idx  (cost=0.00..21735.35 rows=1380035 width=4) (actual time=0.024..295.112 rows=1380035 loops=1)
  ->  Hash  (cost=83072.29..83072.29 rows=11 width=8) (actual time=1337.865..1337.865 rows=45 loops=1)
        Buckets: 1024  Batches: 1  Memory Usage: 10kB
        ->  Nested Loop  (cost=0.43..83072.29 rows=11 width=8) (actual time=227.984..1337.776 rows=45 loops=1)
              ->  Seq Scan on movie_keyword mk  (cost=0.00..81003.12 rows=246 width=4) (actual time=0.912..1266.077 rows=1907 loops=1)
                    Filter: (keyword_id = 4030)
                    Rows Removed by Filter: 4522023
              ->  Index Scan using title_pkey on title t  (cost=0.43..8.40 rows=1 width=4) (actual time=0.037..0.037 rows=0 loops=1907)
                    Index Cond: (id = mk.movie_id)
                    Filter: (kind_id = 4)
                    Rows Removed by Filter: 1
Planning time: 1.228 ms
Execution time: 1882.937 ms
