Hash Join  (cost=87162.74..653457.57 rows=4691211 width=0) (actual time=1408.702..18980.706 rows=9518120 loops=1)
  Hash Cond: (mi.movie_id = t.id)
  ->  Seq Scan on movie_info mi  (cost=0.00..346232.03 rows=14702584 width=4) (actual time=0.016..7312.433 rows=14785453 loops=1)
        Filter: (info_type_id < 108)
        Rows Removed by Filter: 50267
  ->  Hash  (cost=73925.90..73925.90 rows=806787 width=4) (actual time=1407.675..1407.675 rows=843018 loops=1)
        Buckets: 131072  Batches: 16  Memory Usage: 2888kB
        ->  Seq Scan on title t  (cost=0.00..73925.90 rows=806787 width=4) (actual time=0.019..1143.517 rows=843018 loops=1)
              Filter: ((kind_id < 7) AND (production_year < 2011))
              Rows Removed by Filter: 1685294
Planning time: 0.847 ms
Execution time: 20060.414 ms
