Seq Scan on cast_info ci  (cost=0.00..796071.18 rows=1329517 width=0) (actual time=4788.912..12339.197 rows=4766296 loops=1)
  Filter: ((person_id > 3152165) AND (role_id > 4))
  Rows Removed by Filter: 31478048
Planning time: 1.303 ms
Execution time: 12925.150 ms
