Nested Loop  (cost=0.43..83071.67 rows=246 width=0) (actual time=2.347..1232.557 rows=1042 loops=1)
  ->  Seq Scan on movie_keyword mk  (cost=0.00..81003.12 rows=246 width=4) (actual time=2.301..1196.956 rows=1042 loops=1)
        Filter: (keyword_id = 6933)
        Rows Removed by Filter: 4522888
  ->  Index Only Scan using title_pkey on title t  (cost=0.43..8.40 rows=1 width=4) (actual time=0.032..0.033 rows=1 loops=1042)
        Index Cond: (id = mk.movie_id)
        Heap Fetches: 1042
Planning time: 0.739 ms
Execution time: 1233.048 ms
