Seq Scan on movie_keyword mk  (cost=0.00..81003.12 rows=1438073 width=0) (actual time=0.027..1374.323 rows=1456462 loops=1)
  Filter: (keyword_id < 2053)
  Rows Removed by Filter: 3067468
Planning time: 0.322 ms
Execution time: 1550.816 ms
