Hash Join  (cost=73982.55..880986.28 rows=5200 width=0) (actual time=3733.097..16537.650 rows=8208 loops=1)
  Hash Cond: (ci.movie_id = t.id)
  ->  Seq Scan on cast_info ci  (cost=0.00..796071.18 rows=2901480 width=4) (actual time=2635.953..14698.282 rows=3864757 loops=1)
        Filter: ((person_id > 1161156) AND (role_id = 10))
        Rows Removed by Filter: 32379587
  ->  Hash  (cost=73925.90..73925.90 rows=4532 width=4) (actual time=1095.408..1095.408 rows=8378 loops=1)
        Buckets: 16384 (originally 8192)  Batches: 1 (originally 1)  Memory Usage: 423kB
        ->  Seq Scan on title t  (cost=0.00..73925.90 rows=4532 width=4) (actual time=0.079..1090.981 rows=8378 loops=1)
              Filter: ((kind_id = 7) AND (production_year = 1979))
              Rows Removed by Filter: 2519934
Planning time: 0.842 ms
Execution time: 16539.466 ms
