Hash Join  (cost=141183.28..228367.49 rows=52617 width=0) (actual time=2741.446..4701.417 rows=175638 loops=1)
  Hash Cond: (mk.movie_id = t.id)
  ->  Seq Scan on movie_keyword mk  (cost=0.00..69693.30 rows=4523930 width=4) (actual time=0.028..1012.049 rows=4523930 loops=1)
  ->  Hash  (cost=140815.67..140815.67 rows=29409 width=8) (actual time=2741.065..2741.065 rows=28082 loops=1)
        Buckets: 32768  Batches: 1  Memory Usage: 1353kB
        ->  Hash Join  (cost=78350.52..140815.67 rows=29409 width=8) (actual time=1731.569..2730.961 rows=28082 loops=1)
              Hash Cond: (mc.movie_id = t.id)
              ->  Seq Scan on movie_companies mc  (cost=0.00..57926.93 rows=275768 width=4) (actual time=106.609..936.788 rows=141098 loops=1)
                    Filter: ((company_id < 531) AND (company_type_id = 2))
                    Rows Removed by Filter: 2468031
              ->  Hash  (cost=73925.90..73925.90 rows=269649 width=4) (actual time=1623.923..1623.923 rows=382611 loops=1)
                    Buckets: 131072 (originally 131072)  Batches: 8 (originally 4)  Memory Usage: 3073kB
                    ->  Seq Scan on title t  (cost=0.00..73925.90 rows=269649 width=4) (actual time=0.035..1216.744 rows=382611 loops=1)
                          Filter: ((kind_id < 7) AND (production_year < 1990))
                          Rows Removed by Filter: 2145701
Planning time: 2.522 ms
Execution time: 4724.720 ms
