Seq Scan on movie_companies mc  (cost=0.00..51404.11 rows=104 width=0) (actual time=9.278..835.522 rows=921 loops=1)
  Filter: (company_id = 2980)
  Rows Removed by Filter: 2608208
Planning time: 0.354 ms
Execution time: 835.862 ms
