Seq Scan on title t  (cost=0.00..73925.90 rows=5474 width=0) (actual time=535.469..1269.540 rows=4 loops=1)
  Filter: ((kind_id > 1) AND (production_year = 1942))
  Rows Removed by Filter: 2528308
Planning time: 2.231 ms
Execution time: 1269.666 ms
