Hash Join  (cost=468072.59..1587146.03 rows=8300624 width=0) (actual time=9048.327..66849.476 rows=103241892 loops=1)
  Hash Cond: (ci.movie_id = t.id)
  ->  Seq Scan on cast_info ci  (cost=0.00..614943.12 rows=36225612 width=4) (actual time=0.024..13335.161 rows=36244344 loops=1)
  ->  Hash  (cost=458566.35..458566.35 rows=579379 width=8) (actual time=9046.827..9046.827 rows=1545912 loops=1)
        Buckets: 131072 (originally 131072)  Batches: 32 (originally 8)  Memory Usage: 3073kB
        ->  Hash Join  (cost=78556.72..458566.35 rows=579379 width=8) (actual time=1714.610..8608.178 rows=1545912 loops=1)
              Hash Cond: (mi.movie_id = t.id)
              ->  Seq Scan on movie_info mi  (cost=0.00..346232.03 rows=2194617 width=4) (actual time=211.419..5588.911 rows=2233850 loops=1)
                    Filter: (info_type_id > 16)
                    Rows Removed by Filter: 12601870
              ->  Hash  (cost=67604.59..67604.59 rows=667531 width=4) (actual time=1421.448..1421.448 rows=662825 loops=1)
                    Buckets: 131072  Batches: 16  Memory Usage: 2485kB
                    ->  Seq Scan on title t  (cost=0.00..67604.59 rows=667531 width=4) (actual time=0.026..1031.203 rows=662825 loops=1)
                          Filter: (kind_id = 1)
                          Rows Removed by Filter: 1865487
Planning time: 0.948 ms
Execution time: 77871.589 ms
