Hash Join  (cost=73950.44..438720.80 rows=11443 width=0) (actual time=828.401..7606.008 rows=51577 loops=1)
  Hash Cond: (mi.movie_id = t.id)
  ->  Seq Scan on movie_info mi  (cost=0.00..309384.22 rows=14739122 width=4) (actual time=0.020..3886.792 rows=14835720 loops=1)
  ->  Hash  (cost=73925.90..73925.90 rows=1963 width=4) (actual time=756.491..756.491 rows=4597 loops=1)
        Buckets: 8192 (originally 2048)  Batches: 1 (originally 1)  Memory Usage: 226kB
        ->  Seq Scan on title t  (cost=0.00..73925.90 rows=1963 width=4) (actual time=0.034..754.405 rows=4597 loops=1)
              Filter: ((kind_id = 1) AND (production_year = 1910))
              Rows Removed by Filter: 2523715
Planning time: 0.562 ms
Execution time: 7614.485 ms
