Seq Scan on movie_keyword mk  (cost=0.00..81003.12 rows=4106512 width=0) (actual time=0.021..1580.726 rows=4114047 loops=1)
  Filter: (keyword_id < 42252)
  Rows Removed by Filter: 409883
Planning time: 0.342 ms
Execution time: 2108.303 ms
