Hash Join  (cost=83073.49..430582.42 rows=13 width=0) (actual time=2017.770..6974.658 rows=2881 loops=1)
  Hash Cond: (mi.movie_id = t.id)
  ->  Seq Scan on movie_info mi  (cost=0.00..346232.03 rows=340474 width=4) (actual time=539.117..5443.668 rows=328857 loops=1)
        Filter: (info_type_id = 98)
        Rows Removed by Filter: 14506863
  ->  Hash  (cost=83072.29..83072.29 rows=96 width=8) (actual time=1471.153..1471.153 rows=2414 loops=1)
        Buckets: 4096 (originally 1024)  Batches: 1 (originally 1)  Memory Usage: 127kB
        ->  Nested Loop  (cost=0.43..83072.29 rows=96 width=8) (actual time=0.886..1469.413 rows=2414 loops=1)
              ->  Seq Scan on movie_keyword mk  (cost=0.00..81003.12 rows=246 width=4) (actual time=0.838..1333.731 rows=2714 loops=1)
                    Filter: (keyword_id = 1806)
                    Rows Removed by Filter: 4521216
              ->  Index Scan using title_pkey on title t  (cost=0.43..8.40 rows=1 width=4) (actual time=0.049..0.049 rows=1 loops=2714)
                    Index Cond: (id = mk.movie_id)
                    Filter: (kind_id < 7)
                    Rows Removed by Filter: 0
Planning time: 1.158 ms
Execution time: 6975.402 ms
