Nested Loop  (cost=0.43..83072.29 rows=96 width=0) (actual time=0.718..1258.877 rows=1640 loops=1)
  ->  Seq Scan on movie_keyword mk  (cost=0.00..81003.12 rows=246 width=4) (actual time=0.657..1192.751 rows=1831 loops=1)
        Filter: (keyword_id = 5274)
        Rows Removed by Filter: 4522099
  ->  Index Scan using title_pkey on title t  (cost=0.43..8.40 rows=1 width=4) (actual time=0.035..0.035 rows=1 loops=1831)
        Index Cond: (id = mk.movie_id)
        Filter: (kind_id < 7)
        Rows Removed by Filter: 0
Planning time: 0.773 ms
Execution time: 1260.629 ms
