Seq Scan on title t  (cost=0.00..73925.90 rows=146189 width=0) (actual time=0.013..1063.359 rows=282679 loops=1)
  Filter: ((production_year < 1983) AND (kind_id = 1))
  Rows Removed by Filter: 2245633
Planning time: 0.344 ms
Execution time: 1099.412 ms
