Hash Join  (cost=73962.22..128657.72 rows=2998 width=0) (actual time=1123.220..2087.346 rows=12660 loops=1)
  Hash Cond: (mc.movie_id = t.id)
  ->  Seq Scan on movie_companies mc  (cost=0.00..44881.29 rows=2609129 width=4) (actual time=0.026..457.077 rows=2609129 loops=1)
  ->  Hash  (cost=73925.90..73925.90 rows=2905 width=4) (actual time=1122.892..1122.892 rows=6650 loops=1)
        Buckets: 8192 (originally 4096)  Batches: 1 (originally 1)  Memory Usage: 298kB
        ->  Seq Scan on title t  (cost=0.00..73925.90 rows=2905 width=4) (actual time=1.597..1119.403 rows=6650 loops=1)
              Filter: ((kind_id < 7) AND (production_year = 1981))
              Rows Removed by Filter: 2521662
Planning time: 0.744 ms
Execution time: 2089.658 ms
