Hash Join  (cost=620853.67..1758087.24 rows=11058496 width=0) (actual time=15226.915..35201.542 rows=3862141 loops=1)
  Hash Cond: (ci.movie_id = t.id)
  ->  Seq Scan on cast_info ci  (cost=0.00..796071.18 rows=12452142 width=4) (actual time=0.024..14493.175 rows=6418870 loops=1)
        Filter: ((person_id < 1906413) AND (role_id > 1))
        Rows Removed by Filter: 29825474
  ->  Hash  (cost=584012.50..584012.50 rows=2245534 width=8) (actual time=15222.593..15222.593 rows=1247908 loops=1)
        Buckets: 131072  Batches: 32  Memory Usage: 2483kB
        ->  Hash Join  (cost=80246.23..584012.50 rows=2245534 width=8) (actual time=1224.775..14807.339 rows=1247908 loops=1)
              Hash Cond: (mi.movie_id = t.id)
              ->  Seq Scan on movie_info mi  (cost=0.00..309384.22 rows=14739122 width=4) (actual time=0.027..6017.671 rows=14835720 loops=1)
              ->  Hash  (cost=73925.90..73925.90 rows=385226 width=4) (actual time=1219.509..1219.509 rows=249532 loops=1)
                    Buckets: 131072  Batches: 8  Memory Usage: 2119kB
                    ->  Seq Scan on title t  (cost=0.00..73925.90 rows=385226 width=4) (actual time=0.029..1128.574 rows=249532 loops=1)
                          Filter: ((kind_id > 1) AND (production_year < 1981))
                          Rows Removed by Filter: 2278780
Planning time: 1.338 ms
Execution time: 35698.972 ms
