Hash Join  (cost=68438.72..877601.64 rows=86077 width=0) (actual time=8522.132..16529.320 rows=145340 loops=1)
  Hash Cond: (ci.movie_id = t.id)
  ->  Seq Scan on cast_info ci  (cost=0.00..796071.18 rows=3261591 width=4) (actual time=7377.933..13856.406 rows=5408878 loops=1)
        Filter: ((person_id > 1998425) AND (role_id = 2))
        Rows Removed by Filter: 30835466
  ->  Hash  (cost=67604.59..67604.59 rows=66731 width=4) (actual time=1143.381..1143.381 rows=67342 loops=1)
        Buckets: 131072  Batches: 1  Memory Usage: 3392kB
        ->  Seq Scan on title t  (cost=0.00..67604.59 rows=66731 width=4) (actual time=0.039..1115.443 rows=67342 loops=1)
              Filter: (production_year > 2012)
              Rows Removed by Filter: 2460970
Planning time: 0.825 ms
Execution time: 16549.720 ms
