Seq Scan on movie_keyword mk  (cost=0.00..81003.12 rows=676986 width=0) (actual time=0.026..4040.640 rows=684124 loops=1)
  Filter: (keyword_id > 27529)
  Rows Removed by Filter: 3839806
Planning time: 0.347 ms
Execution time: 4146.225 ms
