Hash Join  (cost=101400.99..466428.24 rows=37133 width=0) (actual time=5163.934..26831.022 rows=52183 loops=1)
  Hash Cond: (mi.movie_id = t.id)
  ->  Seq Scan on movie_info mi  (cost=0.00..309384.22 rows=14739122 width=4) (actual time=0.019..17435.876 rows=14835720 loops=1)
  ->  Hash  (cost=101321.37..101321.37 rows=6370 width=8) (actual time=5162.343..5162.343 rows=5798 loops=1)
        Buckets: 8192  Batches: 1  Memory Usage: 291kB
        ->  Hash Join  (cost=74369.27..101321.37 rows=6370 width=8) (actual time=3764.538..5159.594 rows=5798 loops=1)
              Hash Cond: (mi_idx.movie_id = t.id)
              ->  Seq Scan on movie_info_idx mi_idx  (cost=0.00..25185.44 rows=454124 width=4) (actual time=0.014..1197.698 rows=459925 loops=1)
                    Filter: (info_type_id = 100)
                    Rows Removed by Filter: 920110
              ->  Hash  (cost=73925.90..73925.90 rows=35469 width=4) (actual time=3764.079..3764.079 rows=40719 loops=1)
                    Buckets: 65536  Batches: 1  Memory Usage: 1944kB
                    ->  Seq Scan on title t  (cost=0.00..73925.90 rows=35469 width=4) (actual time=0.200..3737.943 rows=40719 loops=1)
                          Filter: ((kind_id > 2) AND (production_year = 1999))
                          Rows Removed by Filter: 2487593
Planning time: 1.110 ms
Execution time: 26841.029 ms
