Hash Join  (cost=74794.98..799101.49 rows=128428 width=0) (actual time=11196.816..15717.061 rows=77799 loops=1)
  Hash Cond: (ci.movie_id = t.id)
  ->  Seq Scan on cast_info ci  (cost=0.00..705507.15 rows=4670689 width=4) (actual time=10109.183..13299.717 rows=4639136 loops=1)
        Filter: (role_id > 9)
        Rows Removed by Filter: 31605208
  ->  Hash  (cost=73925.90..73925.90 rows=69526 width=4) (actual time=1086.578..1086.578 rows=75564 loops=1)
        Buckets: 131072  Batches: 1  Memory Usage: 3681kB
        ->  Seq Scan on title t  (cost=0.00..73925.90 rows=69526 width=4) (actual time=0.031..1056.362 rows=75564 loops=1)
              Filter: ((production_year > 1980) AND (kind_id = 2))
              Rows Removed by Filter: 2452748
Planning time: 0.776 ms
Execution time: 15729.804 ms
