Hash Join  (cost=83074.74..109986.57 rows=134 width=0) (actual time=1353.813..1931.633 rows=5249 loops=1)
  Hash Cond: (mi_idx.movie_id = t.id)
  ->  Seq Scan on movie_info_idx mi_idx  (cost=0.00..21735.35 rows=1380035 width=4) (actual time=0.015..301.215 rows=1380035 loops=1)
  ->  Hash  (cost=83071.67..83071.67 rows=246 width=8) (actual time=1353.345..1353.345 rows=3954 loops=1)
        Buckets: 4096 (originally 1024)  Batches: 1 (originally 1)  Memory Usage: 187kB
        ->  Nested Loop  (cost=0.43..83071.67 rows=246 width=8) (actual time=0.888..1350.905 rows=3954 loops=1)
              ->  Seq Scan on movie_keyword mk  (cost=0.00..81003.12 rows=246 width=4) (actual time=0.831..1241.211 rows=3954 loops=1)
                    Filter: (keyword_id = 16501)
                    Rows Removed by Filter: 4519976
              ->  Index Only Scan using title_pkey on title t  (cost=0.43..8.40 rows=1 width=4) (actual time=0.026..0.027 rows=1 loops=3954)
                    Index Cond: (id = mk.movie_id)
                    Heap Fetches: 3954
Planning time: 1.142 ms
Execution time: 1932.575 ms
