Seq Scan on movie_keyword mk  (cost=0.00..81003.12 rows=3845618 width=0) (actual time=0.030..4612.273 rows=3838664 loops=1)
  Filter: (keyword_id < 27485)
  Rows Removed by Filter: 685266
Planning time: 0.266 ms
Execution time: 5299.212 ms
