Seq Scan on movie_keyword mk  (cost=0.00..81003.12 rows=144190 width=0) (actual time=0.023..1208.545 rows=142602 loops=1)
  Filter: (keyword_id > 74642)
  Rows Removed by Filter: 4381328
Planning time: 0.214 ms
Execution time: 1227.741 ms
