Hash Join  (cost=445349.44..1441756.47 rows=996992 width=0) (actual time=9393.967..49389.072 rows=511495 loops=1)
  Hash Cond: (ci.movie_id = t.id)
  ->  Seq Scan on cast_info ci  (cost=0.00..796071.18 rows=10635192 width=4) (actual time=0.014..33318.544 rows=12694831 loops=1)
        Filter: ((person_id > 1219308) AND (role_id > 2))
        Rows Removed by Filter: 23549513
  ->  Hash  (cost=441460.49..441460.49 rows=237036 width=8) (actual time=9393.006..9393.006 rows=60214 loops=1)
        Buckets: 131072  Batches: 4  Memory Usage: 1611kB
        ->  Hash Join  (cost=74434.21..441460.49 rows=237036 width=8) (actual time=879.061..9240.169 rows=60214 loops=1)
              Hash Cond: (mi.movie_id = t.id)
              ->  Seq Scan on movie_info mi  (cost=0.00..309384.22 rows=14739122 width=4) (actual time=0.014..4435.838 rows=14835720 loops=1)
              ->  Hash  (cost=73925.90..73925.90 rows=40664 width=4) (actual time=878.463..878.463 rows=40257 loops=1)
                    Buckets: 65536  Batches: 1  Memory Usage: 1928kB
                    ->  Seq Scan on title t  (cost=0.00..73925.90 rows=40664 width=4) (actual time=8.590..859.862 rows=40257 loops=1)
                          Filter: ((production_year > 2012) AND (kind_id = 7))
                          Rows Removed by Filter: 2488055
Planning time: 1.207 ms
Execution time: 49464.975 ms
