Seq Scan on cast_info ci  (cost=0.00..705507.15 rows=500 width=0) (actual time=1058.030..32167.460 rows=26 loops=1)
  Filter: (person_id = 573968)
  Rows Removed by Filter: 36244318
Planning time: 0.324 ms
Execution time: 32167.573 ms
