Hash Join  (cost=455975.37..1308751.97 rows=84066 width=0) (actual time=29971.559..74364.471 rows=105554 loops=1)
  Hash Cond: (ci.movie_id = t.id)
  ->  Seq Scan on cast_info ci  (cost=0.00..705507.15 rows=19523843 width=4) (actual time=12.338..40736.562 rows=19430165 loops=1)
        Filter: (person_id < 1944350)
        Rows Removed by Filter: 16814179
  ->  Hash  (cost=455839.28..455839.28 rows=10887 width=8) (actual time=25856.425..25856.425 rows=59933 loops=1)
        Buckets: 65536 (originally 16384)  Batches: 1 (originally 1)  Memory Usage: 2854kB
        ->  Hash Join  (cost=73962.22..455839.28 rows=10887 width=8) (actual time=5947.642..25821.951 rows=59933 loops=1)
              Hash Cond: (mi.movie_id = t.id)
              ->  Seq Scan on movie_info mi  (cost=0.00..346232.03 rows=9476311 width=4) (actual time=2226.608..19781.643 rows=9565151 loops=1)
                    Filter: (info_type_id < 16)
                    Rows Removed by Filter: 5270569
              ->  Hash  (cost=73925.90..73925.90 rows=2905 width=4) (actual time=3454.386..3454.386 rows=5945 loops=1)
                    Buckets: 8192 (originally 4096)  Batches: 1 (originally 1)  Memory Usage: 274kB
                    ->  Seq Scan on title t  (cost=0.00..73925.90 rows=2905 width=4) (actual time=1693.564..3451.394 rows=5945 loops=1)
                          Filter: ((kind_id < 7) AND (production_year = 1911))
                          Rows Removed by Filter: 2522367
Planning time: 4.160 ms
Execution time: 74379.773 ms
