Hash Join  (cost=103458.89..949453.45 rows=1531974 width=0) (actual time=13953.215..46433.587 rows=2890817 loops=1)
  Hash Cond: (ci.movie_id = t.id)
  ->  Seq Scan on cast_info ci  (cost=0.00..796071.18 rows=2151927 width=4) (actual time=9463.867..37120.223 rows=3813684 loops=1)
        Filter: ((person_id > 1945604) AND (role_id > 9))
        Rows Removed by Filter: 32430660
  ->  Hash  (cost=73925.90..73925.90 rows=1800079 width=4) (actual time=4487.607..4487.607 rows=1799906 loops=1)
        Buckets: 131072  Batches: 32  Memory Usage: 3007kB
        ->  Seq Scan on title t  (cost=0.00..73925.90 rows=1800079 width=4) (actual time=0.039..3731.929 rows=1799906 loops=1)
              Filter: ((kind_id > 1) AND (production_year > 1903))
              Rows Removed by Filter: 728406
Planning time: 0.855 ms
Execution time: 46870.177 ms
