Seq Scan on title t  (cost=0.00..73925.90 rows=30 width=0) (actual time=1216.240..3722.852 rows=12 loops=1)
  Filter: ((production_year > 2013) AND (kind_id = 4))
  Rows Removed by Filter: 2528300
Planning time: 0.339 ms
Execution time: 3722.978 ms
