Hash Join  (cost=102767.86..924983.57 rows=675971 width=0) (actual time=9774.108..15524.242 rows=240207 loops=1)
  Hash Cond: (ci.movie_id = t.id)
  ->  Seq Scan on cast_info ci  (cost=0.00..796071.18 rows=675971 width=4) (actual time=8166.561..13302.727 rows=240207 loops=1)
        Filter: ((person_id < 2136805) AND (role_id = 9))
        Rows Removed by Filter: 36004137
  ->  Hash  (cost=61283.27..61283.27 rows=2528527 width=4) (actual time=1605.917..1605.917 rows=2528312 loops=1)
        Buckets: 131072  Batches: 64  Memory Usage: 2415kB
        ->  Seq Scan on title t  (cost=0.00..61283.27 rows=2528527 width=4) (actual time=0.026..832.719 rows=2528312 loops=1)
Planning time: 1.708 ms
Execution time: 15552.089 ms
