Seq Scan on title t  (cost=0.00..73925.90 rows=2905 width=0) (actual time=21.833..3711.373 rows=3427 loops=1)
  Filter: ((kind_id < 7) AND (production_year = 1956))
  Rows Removed by Filter: 2524885
Planning time: 0.317 ms
Execution time: 3712.535 ms
