Hash Join  (cost=98137.04..1049960.42 rows=5417353 width=0) (actual time=9517.756..52908.597 rows=3120455 loops=1)
  Hash Cond: (ci.movie_id = t.id)
  ->  Seq Scan on cast_info ci  (cost=0.00..796071.18 rows=7360534 width=4) (actual time=4283.704..42620.768 rows=4546337 loops=1)
        Filter: ((person_id < 1615525) AND (role_id > 2))
        Rows Removed by Filter: 31698007
  ->  Hash  (cost=67604.59..67604.59 rows=1860996 width=4) (actual time=5233.035..5233.035 rows=1865487 loops=1)
        Buckets: 131072  Batches: 32  Memory Usage: 3079kB
        ->  Seq Scan on title t  (cost=0.00..67604.59 rows=1860996 width=4) (actual time=0.026..4454.253 rows=1865487 loops=1)
              Filter: (kind_id > 1)
              Rows Removed by Filter: 662825
Planning time: 0.768 ms
Execution time: 53352.236 ms
