Seq Scan on cast_info ci  (cost=0.00..705507.15 rows=3625816 width=0) (actual time=8707.749..32557.457 rows=3644315 loops=1)
  Filter: (person_id > 3400986)
  Rows Removed by Filter: 32600029
Planning time: 0.269 ms
Execution time: 33190.811 ms
