Hash Join  (cost=447224.15..1395832.64 rows=1523374 width=0) (actual time=47248.683..75081.838 rows=829300 loops=1)
  Hash Cond: (ci.movie_id = t.id)
  ->  Seq Scan on cast_info ci  (cost=0.00..705507.15 rows=12726058 width=4) (actual time=19474.346..39727.149 rows=12670688 loops=1)
        Filter: (role_id = 1)
        Rows Removed by Filter: 23573656
  ->  Hash  (cost=442257.68..442257.68 rows=302678 width=8) (actual time=27773.167..27773.167 rows=126499 loops=1)
        Buckets: 131072  Batches: 4  Memory Usage: 2250kB
        ->  Hash Join  (cost=74574.97..442257.68 rows=302678 width=8) (actual time=4072.143..27156.958 rows=126499 loops=1)
              Hash Cond: (mi.movie_id = t.id)
              ->  Seq Scan on movie_info mi  (cost=0.00..309384.22 rows=14739122 width=4) (actual time=0.020..17314.414 rows=14835720 loops=1)
              ->  Hash  (cost=73925.90..73925.90 rows=51925 width=4) (actual time=3982.818..3982.818 rows=56480 loops=1)
                    Buckets: 65536  Batches: 1  Memory Usage: 2498kB
                    ->  Seq Scan on title t  (cost=0.00..73925.90 rows=51925 width=4) (actual time=903.329..3958.330 rows=56480 loops=1)
                          Filter: ((kind_id = 7) AND (production_year = 2004))
                          Rows Removed by Filter: 2471832
Planning time: 1.225 ms
Execution time: 75211.489 ms
