Hash Join  (cost=420448.18..447442.84 rows=8418 width=0) (actual time=19537.615..21329.111 rows=17958 loops=1)
  Hash Cond: (mi_idx.movie_id = t.id)
  ->  Seq Scan on movie_info_idx mi_idx  (cost=0.00..21735.35 rows=1380035 width=4) (actual time=0.027..1353.586 rows=1380035 loops=1)
  ->  Hash  (cost=420255.40..420255.40 rows=15423 width=8) (actual time=19537.454..19537.454 rows=15969 loops=1)
        Buckets: 16384  Batches: 1  Memory Usage: 752kB
        ->  Hash Join  (cost=69484.36..420255.40 rows=15423 width=8) (actual time=7757.131..19531.102 rows=15969 loops=1)
              Hash Cond: (mi.movie_id = t.id)
              ->  Seq Scan on movie_info mi  (cost=0.00..346232.03 rows=340474 width=4) (actual time=4019.312..16327.212 rows=328857 loops=1)
                    Filter: (info_type_id = 98)
                    Rows Removed by Filter: 14506863
              ->  Hash  (cost=67604.59..67604.59 rows=114542 width=4) (actual time=3043.821..3043.821 rows=118234 loops=1)
                    Buckets: 131072  Batches: 2  Memory Usage: 3107kB
                    ->  Seq Scan on title t  (cost=0.00..67604.59 rows=114542 width=4) (actual time=0.019..2993.365 rows=118234 loops=1)
                          Filter: (kind_id = 4)
                          Rows Removed by Filter: 2410078
Planning time: 6.120 ms
Execution time: 21333.180 ms
