Seq Scan on cast_info ci  (cost=0.00..705507.15 rows=500 width=0) (actual time=924.991..31665.271 rows=33 loops=1)
  Filter: (person_id = 3041646)
  Rows Removed by Filter: 36244311
Planning time: 0.329 ms
Execution time: 31665.355 ms
