Hash Join  (cost=73990.99..825526.15 rows=74599 width=0) (actual time=24623.494..48122.759 rows=1 loops=1)
  Hash Cond: (ci.movie_id = t.id)
  ->  Seq Scan on cast_info ci  (cost=0.00..614943.12 rows=36225612 width=4) (actual time=0.013..34908.141 rows=36244344 loops=1)
  ->  Hash  (cost=73925.90..73925.90 rows=5207 width=4) (actual time=3667.824..3667.824 rows=1 loops=1)
        Buckets: 8192  Batches: 1  Memory Usage: 65kB
        ->  Seq Scan on title t  (cost=0.00..73925.90 rows=5207 width=4) (actual time=2272.429..3667.815 rows=1 loops=1)
              Filter: ((kind_id > 2) AND (production_year = 1922))
              Rows Removed by Filter: 2528311
Planning time: 11.432 ms
Execution time: 48122.834 ms
