Hash Join  (cost=159953.19..292251.28 rows=460574 width=0) (actual time=8167.795..16520.527 rows=1240008 loops=1)
  Hash Cond: (mk.movie_id = t.id)
  ->  Seq Scan on movie_keyword mk  (cost=0.00..81003.12 rows=3937927 width=4) (actual time=0.015..5386.008 rows=3933090 loops=1)
        Filter: (keyword_id > 429)
        Rows Removed by Filter: 590840
  ->  Hash  (cost=155100.53..155100.53 rows=295733 width=8) (actual time=8166.472..8166.472 rows=327063 loops=1)
        Buckets: 131072 (originally 131072)  Batches: 8 (originally 4)  Memory Usage: 3073kB
        ->  Hash Join  (cost=79303.65..155100.53 rows=295733 width=8) (actual time=4080.151..8025.972 rows=327063 loops=1)
              Hash Cond: (mc.movie_id = t.id)
              ->  Seq Scan on movie_companies mc  (cost=0.00..57926.93 rows=1048697 width=4) (actual time=0.046..3109.848 rows=778409 loops=1)
                    Filter: ((company_id < 71738) AND (company_type_id = 2))
                    Rows Removed by Filter: 1830720
              ->  Hash  (cost=67604.59..67604.59 rows=713045 width=4) (actual time=4078.888..4078.888 rows=707186 loops=1)
                    Buckets: 131072  Batches: 16  Memory Usage: 2578kB
                    ->  Seq Scan on title t  (cost=0.00..67604.59 rows=713045 width=4) (actual time=0.018..3781.424 rows=707186 loops=1)
                          Filter: (production_year < 1991)
                          Rows Removed by Filter: 1821126
Planning time: 1.209 ms
Execution time: 16696.741 ms
