Hash Join  (cost=263115.61..449447.48 rows=4026347 width=0) (actual time=13429.009..30208.777 rows=29813658 loops=1)
  Hash Cond: (mk.movie_id = t.id)
  ->  Seq Scan on movie_keyword mk  (cost=0.00..81003.12 rows=3901964 width=4) (actual time=0.024..5695.248 rows=3899918 loops=1)
        Filter: (keyword_id < 29329)
        Rows Removed by Filter: 624012
  ->  Hash  (cost=220309.49..220309.49 rows=2609129 width=8) (actual time=13427.452..13427.452 rows=2609129 loops=1)
        Buckets: 131072  Batches: 64  Memory Usage: 2691kB
        ->  Hash Join  (cost=102767.86..220309.49 rows=2609129 width=8) (actual time=5704.481..12461.739 rows=2609129 loops=1)
              Hash Cond: (mc.movie_id = t.id)
              ->  Seq Scan on movie_companies mc  (cost=0.00..44881.29 rows=2609129 width=4) (actual time=0.012..3424.595 rows=2609129 loops=1)
              ->  Hash  (cost=61283.27..61283.27 rows=2528527 width=4) (actual time=5699.612..5699.612 rows=2528312 loops=1)
                    Buckets: 131072  Batches: 64  Memory Usage: 2415kB
                    ->  Seq Scan on title t  (cost=0.00..61283.27 rows=2528527 width=4) (actual time=0.025..4503.387 rows=2528312 loops=1)
Planning time: 4.585 ms
Execution time: 34277.207 ms
