Nested Loop  (cost=0.43..709674.40 rows=18 width=0) (actual time=4407.019..10650.791 rows=2 loops=1)
  ->  Seq Scan on cast_info ci  (cost=0.00..705507.15 rows=500 width=4) (actual time=4406.715..10632.205 rows=712 loops=1)
        Filter: (person_id = 2945056)
        Rows Removed by Filter: 36243632
  ->  Index Scan using title_pkey on title t  (cost=0.43..8.32 rows=1 width=4) (actual time=0.026..0.026 rows=0 loops=712)
        Index Cond: (id = ci.movie_id)
        Filter: ((kind_id < 7) AND (production_year > 2011))
        Rows Removed by Filter: 1
Planning time: 0.770 ms
Execution time: 10651.060 ms
