Hash Join  (cost=190230.21..1392110.92 rows=15744137 width=0) (actual time=8914.155..86120.954 rows=32295382 loops=1)
  Hash Cond: (ci.movie_id = t.id)
  ->  Seq Scan on cast_info ci  (cost=0.00..705507.15 rows=28846715 width=4) (actual time=0.022..46593.313 rows=28921784 loops=1)
        Filter: (person_id > 707742)
        Rows Removed by Filter: 7322560
  ->  Hash  (cost=167588.78..167588.78 rows=1380035 width=8) (actual time=8912.912..8912.912 rows=1380035 loops=1)
        Buckets: 131072  Batches: 32  Memory Usage: 2708kB
        ->  Hash Join  (cost=102767.86..167588.78 rows=1380035 width=8) (actual time=5391.137..8462.706 rows=1380035 loops=1)
              Hash Cond: (mi_idx.movie_id = t.id)
              ->  Seq Scan on movie_info_idx mi_idx  (cost=0.00..21735.35 rows=1380035 width=4) (actual time=0.017..1325.945 rows=1380035 loops=1)
              ->  Hash  (cost=61283.27..61283.27 rows=2528527 width=4) (actual time=5389.812..5389.812 rows=2528312 loops=1)
                    Buckets: 131072  Batches: 64  Memory Usage: 2415kB
                    ->  Seq Scan on title t  (cost=0.00..61283.27 rows=2528527 width=4) (actual time=0.013..4272.948 rows=2528312 loops=1)
Planning time: 1.545 ms
Execution time: 90561.072 ms
