Hash Join  (cost=74334.23..829803.38 rows=467998 width=0) (actual time=3045.207..51776.473 rows=423140 loops=1)
  Hash Cond: (ci.movie_id = t.id)
  ->  Seq Scan on cast_info ci  (cost=0.00..614943.12 rows=36225612 width=4) (actual time=0.013..34608.462 rows=36244344 loops=1)
  ->  Hash  (cost=73925.90..73925.90 rows=32666 width=4) (actual time=3044.970..3044.970 rows=22974 loops=1)
        Buckets: 32768  Batches: 1  Memory Usage: 1064kB
        ->  Seq Scan on title t  (cost=0.00..73925.90 rows=32666 width=4) (actual time=0.023..3033.026 rows=22974 loops=1)
              Filter: ((kind_id < 4) AND (production_year = 2005))
              Rows Removed by Filter: 2505338
Planning time: 4.819 ms
Execution time: 51878.201 ms
