Seq Scan on movie_keyword mk  (cost=0.00..81003.12 rows=1753243 width=0) (actual time=0.023..2836.922 rows=1757026 loops=1)
  Filter: (keyword_id > 7892)
  Rows Removed by Filter: 2766904
Planning time: 0.316 ms
Execution time: 3058.639 ms
