Hash Join  (cost=433685.51..492553.91 rows=45446 width=0) (actual time=6555.816..7777.083 rows=7429 loops=1)
  Hash Cond: (mc.movie_id = t.id)
  ->  Seq Scan on movie_companies mc  (cost=0.00..51404.11 rows=1869287 width=4) (actual time=0.026..1120.711 rows=1874047 loops=1)
        Filter: (company_id > 1434)
        Rows Removed by Filter: 735082
  ->  Hash  (cost=432917.10..432917.10 rows=61473 width=8) (actual time=6282.841..6282.841 rows=8603 loops=1)
        Buckets: 65536  Batches: 1  Memory Usage: 849kB
        ->  Hash Join  (cost=79310.28..432917.10 rows=61473 width=8) (actual time=1739.828..6279.504 rows=8603 loops=1)
              Hash Cond: (mi.movie_id = t.id)
              ->  Seq Scan on movie_info mi  (cost=0.00..346232.03 rows=473617 width=4) (actual time=565.481..4867.555 rows=486554 loops=1)
                    Filter: (info_type_id = 5)
                    Rows Removed by Filter: 14349166
              ->  Hash  (cost=73925.90..73925.90 rows=328190 width=4) (actual time=1141.843..1141.843 rows=217611 loops=1)
                    Buckets: 131072  Batches: 8  Memory Usage: 1975kB
                    ->  Seq Scan on title t  (cost=0.00..73925.90 rows=328190 width=4) (actual time=0.035..1068.638 rows=217611 loops=1)
                          Filter: ((production_year < 1982) AND (kind_id = 7))
                          Rows Removed by Filter: 2310701
Planning time: 1.232 ms
Execution time: 7778.156 ms
