Hash Join  (cost=141141.46..1242408.23 rows=6567260 width=0) (actual time=7899.920..85409.312 rows=12590142 loops=1)
  Hash Cond: (ci.movie_id = t.id)
  ->  Seq Scan on cast_info ci  (cost=0.00..614943.12 rows=36225612 width=4) (actual time=0.018..48150.656 rows=36244344 loops=1)
  ->  Hash  (cost=133620.57..133620.57 rows=458391 width=8) (actual time=7899.110..7899.110 rows=390044 loops=1)
        Buckets: 131072  Batches: 8  Memory Usage: 2920kB
        ->  Hash Join  (cost=88295.76..133620.57 rows=458391 width=8) (actual time=4986.219..7746.937 rows=390044 loops=1)
              Hash Cond: (mi_idx.movie_id = t.id)
              ->  Seq Scan on movie_info_idx mi_idx  (cost=0.00..25185.44 rows=919057 width=4) (actual time=0.024..1734.266 rows=920110 loops=1)
                    Filter: (info_type_id > 99)
                    Rows Removed by Filter: 459925
              ->  Hash  (cost=67604.59..67604.59 rows=1261134 width=4) (actual time=4985.056..4985.056 rows=1260295 loops=1)
                    Buckets: 131072  Batches: 32  Memory Usage: 2413kB
                    ->  Seq Scan on title t  (cost=0.00..67604.59 rows=1261134 width=4) (actual time=0.018..4432.091 rows=1260295 loops=1)
                          Filter: (production_year > 2002)
                          Rows Removed by Filter: 1268017
Planning time: 1.061 ms
Execution time: 87249.150 ms
