Seq Scan on cast_info ci  (cost=0.00..705507.15 rows=500 width=0) (actual time=10352.436..31794.879 rows=388 loops=1)
  Filter: (person_id = 3514377)
  Rows Removed by Filter: 36243956
Planning time: 3.053 ms
Execution time: 31795.024 ms
