Hash Join  (cost=263115.61..1700811.26 rows=30556695 width=0) (actual time=10470.678..91940.194 rows=65595261 loops=1)
  Hash Cond: (ci.movie_id = t.id)
  ->  Seq Scan on cast_info ci  (cost=0.00..705507.15 rows=29612728 width=4) (actual time=0.021..43886.831 rows=29702212 loops=1)
        Filter: (person_id > 631571)
        Rows Removed by Filter: 6542132
  ->  Hash  (cost=220309.49..220309.49 rows=2609129 width=8) (actual time=10468.379..10468.379 rows=2609129 loops=1)
        Buckets: 131072  Batches: 64  Memory Usage: 2610kB
        ->  Hash Join  (cost=102767.86..220309.49 rows=2609129 width=8) (actual time=4269.018..9621.889 rows=2609129 loops=1)
              Hash Cond: (mc.movie_id = t.id)
              ->  Seq Scan on movie_companies mc  (cost=0.00..44881.29 rows=2609129 width=4) (actual time=0.027..2219.021 rows=2609129 loops=1)
              ->  Hash  (cost=61283.27..61283.27 rows=2528527 width=4) (actual time=4267.403..4267.403 rows=2528312 loops=1)
                    Buckets: 131072  Batches: 64  Memory Usage: 2415kB
                    ->  Seq Scan on title t  (cost=0.00..61283.27 rows=2528527 width=4) (actual time=0.029..2879.416 rows=2528312 loops=1)
Planning time: 1.037 ms
Execution time: 99642.742 ms
