Seq Scan on movie_keyword mk  (cost=0.00..81003.12 rows=246 width=0) (actual time=1.470..3502.176 rows=824 loops=1)
  Filter: (keyword_id = 6435)
  Rows Removed by Filter: 4523106
Planning time: 0.316 ms
Execution time: 3502.766 ms
