Nested Loop  (cost=51449.12..132574.68 rows=1 width=0) (actual time=2061.559..4668.643 rows=7 loops=1)
  ->  Hash Join  (cost=51448.69..132559.46 rows=2 width=8) (actual time=2061.493..4667.691 rows=22 loops=1)
        Hash Cond: (mk.movie_id = mc.movie_id)
        ->  Seq Scan on movie_keyword mk  (cost=0.00..81003.12 rows=246 width=4) (actual time=0.587..2761.761 rows=2365 loops=1)
              Filter: (keyword_id = 1884)
              Rows Removed by Filter: 4521565
        ->  Hash  (cost=51404.11..51404.11 rows=3566 width=4) (actual time=1904.367..1904.367 rows=3982 loops=1)
              Buckets: 4096  Batches: 1  Memory Usage: 172kB
              ->  Seq Scan on movie_companies mc  (cost=0.00..51404.11 rows=3566 width=4) (actual time=0.099..1902.380 rows=3982 loops=1)
                    Filter: (company_id = 312)
                    Rows Removed by Filter: 2605147
  ->  Index Scan using title_pkey on title t  (cost=0.43..7.60 rows=1 width=4) (actual time=0.038..0.038 rows=0 loops=22)
        Index Cond: (id = mc.movie_id)
        Filter: (kind_id = 7)
        Rows Removed by Filter: 1
Planning time: 4.397 ms
Execution time: 4668.758 ms
