Seq Scan on movie_companies mc  (cost=0.00..51404.11 rows=1213086 width=0) (actual time=0.024..3010.580 rows=1201642 loops=1)
  Filter: (company_id < 10973)
  Rows Removed by Filter: 1407487
Planning time: 0.388 ms
Execution time: 3222.933 ms
