Hash Join  (cost=151362.16..670020.72 rows=3641163 width=0) (actual time=6047.991..31749.501 rows=5396751 loops=1)
  Hash Cond: (mi.movie_id = t.id)
  ->  Seq Scan on movie_info mi  (cost=0.00..309384.22 rows=14739122 width=4) (actual time=0.011..16826.621 rows=14835720 loops=1)
  ->  Hash  (cost=141113.05..141113.05 rows=624649 width=8) (actual time=6047.000..6047.000 rows=532401 loops=1)
        Buckets: 131072  Batches: 16  Memory Usage: 2350kB
        ->  Hash Join  (cost=92703.08..141113.05 rows=624649 width=8) (actual time=4022.815..5894.814 rows=532401 loops=1)
              Hash Cond: (mi_idx.movie_id = t.id)
              ->  Seq Scan on movie_info_idx mi_idx  (cost=0.00..21735.35 rows=1380035 width=4) (actual time=0.024..922.420 rows=1380035 loops=1)
              ->  Hash  (cost=73925.90..73925.90 rows=1144494 width=4) (actual time=4021.936..4021.936 rows=1095581 loops=1)
                    Buckets: 131072  Batches: 16  Memory Usage: 3437kB
                    ->  Seq Scan on title t  (cost=0.00..73925.90 rows=1144494 width=4) (actual time=0.016..3634.318 rows=1095581 loops=1)
                          Filter: ((kind_id > 1) AND (production_year < 2007))
                          Rows Removed by Filter: 1432731
Planning time: 1.093 ms
Execution time: 32424.810 ms
