Seq Scan on movie_companies mc  (cost=0.00..51404.11 rows=270914 width=0) (actual time=1144.961..1833.759 rows=272761 loops=1)
  Filter: (company_id > 97039)
  Rows Removed by Filter: 2336368
Planning time: 0.227 ms
Execution time: 1880.865 ms
