Seq Scan on movie_keyword mk  (cost=0.00..81003.12 rows=956496 width=0) (actual time=0.021..3570.460 rows=968567 loops=1)
  Filter: (keyword_id > 19611)
  Rows Removed by Filter: 3555363
Planning time: 4.514 ms
Execution time: 3726.136 ms
