Seq Scan on cast_info ci  (cost=0.00..796071.18 rows=369 width=0) (actual time=4258.475..14364.977 rows=29 loops=1)
  Filter: ((role_id < 5) AND (person_id = 1004099))
  Rows Removed by Filter: 36244315
Planning time: 2.506 ms
Execution time: 14365.125 ms
