Hash Join  (cost=102767.86..213857.23 rows=839769 width=0) (actual time=4696.898..10029.112 rows=844305 loops=1)
  Hash Cond: (mk.movie_id = t.id)
  ->  Seq Scan on movie_keyword mk  (cost=0.00..81003.12 rows=839769 width=4) (actual time=0.025..3898.196 rows=844305 loops=1)
        Filter: (keyword_id > 21711)
        Rows Removed by Filter: 3679625
  ->  Hash  (cost=61283.27..61283.27 rows=2528527 width=4) (actual time=4695.882..4695.882 rows=2528312 loops=1)
        Buckets: 131072  Batches: 64  Memory Usage: 2425kB
        ->  Seq Scan on title t  (cost=0.00..61283.27 rows=2528527 width=4) (actual time=0.016..3620.976 rows=2528312 loops=1)
Planning time: 0.644 ms
Execution time: 10143.490 ms
