Seq Scan on movie_keyword mk  (cost=0.00..81003.12 rows=1530596 width=0) (actual time=0.018..2557.743 rows=1544437 loops=1)
  Filter: (keyword_id > 10233)
  Rows Removed by Filter: 2979493
Planning time: 9.371 ms
Execution time: 2794.896 ms
