Seq Scan on movie_keyword mk  (cost=0.00..81003.12 rows=246 width=0) (actual time=13.182..1216.710 rows=78 loops=1)
  Filter: (keyword_id = 37657)
  Rows Removed by Filter: 4523852
Planning time: 0.428 ms
Execution time: 1216.897 ms
