Hash Join  (cost=203103.28..247335.24 rows=381148 width=0) (actual time=11527.064..14073.815 rows=1227142 loops=1)
  Hash Cond: (mi_idx.movie_id = t.id)
  ->  Seq Scan on movie_info_idx mi_idx  (cost=0.00..21735.35 rows=1380035 width=4) (actual time=0.020..1382.150 rows=1380035 loops=1)
  ->  Hash  (cost=191645.94..191645.94 rows=698347 width=8) (actual time=11526.283..11526.283 rows=926007 loops=1)
        Buckets: 131072  Batches: 16  Memory Usage: 3285kB
        ->  Hash Join  (cost=107928.35..191645.94 rows=698347 width=8) (actual time=7050.645..11239.847 rows=926007 loops=1)
              Hash Cond: (mc.movie_id = t.id)
              ->  Seq Scan on movie_companies mc  (cost=0.00..57926.93 rows=718437 width=4) (actual time=691.357..3253.263 rows=939848 loops=1)
                    Filter: ((company_id > 10584) AND (company_type_id > 1))
                    Rows Removed by Filter: 1669281
              ->  Hash  (cost=67604.59..67604.59 rows=2457821 width=4) (actual time=6357.975..6357.975 rows=2456218 loops=1)
                    Buckets: 131072  Batches: 64  Memory Usage: 2375kB
                    ->  Seq Scan on title t  (cost=0.00..67604.59 rows=2457821 width=4) (actual time=0.031..4635.777 rows=2456218 loops=1)
                          Filter: (production_year > 0)
                          Rows Removed by Filter: 72094
Planning time: 1.046 ms
Execution time: 14219.943 ms
