Hash Join  (cost=77354.40..145428.91 rows=105720 width=0) (actual time=1310.207..2852.827 rows=111550 loops=1)
  Hash Cond: (mc.movie_id = t.id)
  ->  Seq Scan on movie_companies mc  (cost=0.00..51404.11 rows=1279517 width=4) (actual time=158.287..1119.249 rows=1274246 loops=1)
        Filter: (company_type_id = 1)
        Rows Removed by Filter: 1334883
  ->  Hash  (cost=73925.90..73925.90 rows=208920 width=4) (actual time=1151.083..1151.083 rows=183835 loops=1)
        Buckets: 131072  Batches: 4  Memory Usage: 2649kB
        ->  Seq Scan on title t  (cost=0.00..73925.90 rows=208920 width=4) (actual time=0.039..1089.041 rows=183835 loops=1)
              Filter: ((kind_id < 7) AND (production_year > 2009))
              Rows Removed by Filter: 2344477
Planning time: 0.804 ms
Execution time: 2867.800 ms
