Hash Join  (cost=195132.05..590888.50 rows=202982 width=0) (actual time=8516.735..29766.819 rows=805122 loops=1)
  Hash Cond: (mi.movie_id = t.id)
  ->  Seq Scan on movie_info mi  (cost=0.00..346232.03 rows=12665229 width=4) (actual time=0.018..17701.115 rows=12744652 loops=1)
        Filter: (info_type_id > 2)
        Rows Removed by Filter: 2091068
  ->  Hash  (cost=194625.50..194625.50 rows=40524 width=8) (actual time=8516.374..8516.374 rows=33199 loops=1)
        Buckets: 65536  Batches: 1  Memory Usage: 1809kB
        ->  Hash Join  (cost=102767.86..194625.50 rows=40524 width=8) (actual time=4825.491..8503.062 rows=33199 loops=1)
              Hash Cond: (mk.movie_id = t.id)
              ->  Seq Scan on movie_keyword mk  (cost=0.00..81003.12 rows=40524 width=4) (actual time=0.135..3231.634 rows=33199 loops=1)
                    Filter: (keyword_id < 41)
                    Rows Removed by Filter: 4490731
              ->  Hash  (cost=61283.27..61283.27 rows=2528527 width=4) (actual time=4816.528..4816.528 rows=2528312 loops=1)
                    Buckets: 131072  Batches: 64  Memory Usage: 2425kB
                    ->  Seq Scan on title t  (cost=0.00..61283.27 rows=2528527 width=4) (actual time=0.016..3782.179 rows=2528312 loops=1)
Planning time: 1.009 ms
Execution time: 29894.551 ms
