Hash Join  (cost=74651.84..171278.89 rows=90170 width=0) (actual time=1156.303..4282.396 rows=574179 loops=1)
  Hash Cond: (mk.movie_id = t.id)
  ->  Seq Scan on movie_keyword mk  (cost=0.00..81003.12 rows=3925926 width=4) (actual time=0.024..1570.831 rows=3920932 loops=1)
        Filter: (keyword_id > 446)
        Rows Removed by Filter: 602998
  ->  Hash  (cost=73925.90..73925.90 rows=58075 width=4) (actual time=1155.852..1155.852 rows=183177 loops=1)
        Buckets: 131072 (originally 65536)  Batches: 4 (originally 1)  Memory Usage: 3073kB
        ->  Seq Scan on title t  (cost=0.00..73925.90 rows=58075 width=4) (actual time=27.825..1081.598 rows=183177 loops=1)
              Filter: ((production_year < 1958) AND (kind_id = 1))
              Rows Removed by Filter: 2345135
Planning time: 0.712 ms
Execution time: 4355.891 ms
