Nested Loop  (cost=0.43..709671.90 rows=500 width=0) (actual time=680.690..10686.159 rows=55 loops=1)
  ->  Seq Scan on cast_info ci  (cost=0.00..705507.15 rows=500 width=4) (actual time=680.600..10684.608 rows=55 loops=1)
        Filter: (person_id = 2692581)
        Rows Removed by Filter: 36244289
  ->  Index Only Scan using title_pkey on title t  (cost=0.43..8.32 rows=1 width=4) (actual time=0.026..0.026 rows=1 loops=55)
        Index Cond: (id = ci.movie_id)
        Heap Fetches: 55
Planning time: 0.740 ms
Execution time: 10686.254 ms
