Hash Join  (cost=205837.14..1024286.12 rows=2515138 width=0) (actual time=14116.036..23408.665 rows=4315716 loops=1)
  Hash Cond: (ci.movie_id = t.id)
  ->  Seq Scan on cast_info ci  (cost=0.00..705507.15 rows=7298253 width=4) (actual time=9792.588..13741.650 rows=7451973 loops=1)
        Filter: (role_id = 2)
        Rows Removed by Filter: 28792371
  ->  Hash  (cost=191540.82..191540.82 rows=871386 width=8) (actual time=4322.274..4322.274 rows=688628 loops=1)
        Buckets: 131072  Batches: 16  Memory Usage: 2694kB
        ->  Hash Join  (cost=102767.86..191540.82 rows=871386 width=8) (actual time=2434.097..4153.755 rows=688628 loops=1)
              Hash Cond: (mc.movie_id = t.id)
              ->  Seq Scan on movie_companies mc  (cost=0.00..57926.93 rows=871386 width=4) (actual time=274.249..1129.688 rows=688628 loops=1)
                    Filter: ((company_id > 2021) AND (company_type_id = 1))
                    Rows Removed by Filter: 1920501
              ->  Hash  (cost=61283.27..61283.27 rows=2528527 width=4) (actual time=2158.354..2158.354 rows=2528312 loops=1)
                    Buckets: 131072  Batches: 64  Memory Usage: 2415kB
                    ->  Seq Scan on title t  (cost=0.00..61283.27 rows=2528527 width=4) (actual time=0.020..1303.334 rows=2528312 loops=1)
Planning time: 1.122 ms
Execution time: 23909.895 ms
