Seq Scan on cast_info ci  (cost=0.00..796071.18 rows=10144858 width=0) (actual time=0.021..14521.196 rows=7413226 loops=1)
  Filter: ((person_id > 704763) AND (role_id = 1))
  Rows Removed by Filter: 28831118
Planning time: 0.395 ms
Execution time: 15408.262 ms
