Hash Join  (cost=186667.17..691206.53 rows=2317943 width=0) (actual time=3711.957..16772.091 rows=1879648 loops=1)
  Hash Cond: (mi.movie_id = t.id)
  ->  Seq Scan on movie_info mi  (cost=0.00..309384.22 rows=14739122 width=4) (actual time=0.019..6163.513 rows=14835720 loops=1)
  ->  Hash  (cost=180142.57..180142.57 rows=397648 width=8) (actual time=3610.087..3610.087 rows=80133 loops=1)
        Buckets: 131072  Batches: 8  Memory Usage: 1435kB
        ->  Hash Join  (cost=102767.86..180142.57 rows=397648 width=8) (actual time=2626.253..3582.273 rows=80133 loops=1)
              Hash Cond: (mc.movie_id = t.id)
              ->  Seq Scan on movie_companies mc  (cost=0.00..57926.93 rows=397648 width=4) (actual time=421.343..871.951 rows=80133 loops=1)
                    Filter: ((company_id > 28339) AND (company_type_id = 1))
                    Rows Removed by Filter: 2528996
              ->  Hash  (cost=61283.27..61283.27 rows=2528527 width=4) (actual time=2204.095..2204.095 rows=2528312 loops=1)
                    Buckets: 131072  Batches: 64  Memory Usage: 2415kB
                    ->  Seq Scan on title t  (cost=0.00..61283.27 rows=2528527 width=4) (actual time=0.025..1083.726 rows=2528312 loops=1)
Planning time: 1.129 ms
Execution time: 16990.981 ms
