Nested Loop  (cost=0.43..52284.21 rows=3 width=0) (actual time=284.663..796.606 rows=1 loops=1)
  ->  Seq Scan on movie_companies mc  (cost=0.00..51404.11 rows=104 width=4) (actual time=11.875..796.286 rows=7 loops=1)
        Filter: (company_id = 3658)
        Rows Removed by Filter: 2609122
  ->  Index Scan using title_pkey on title t  (cost=0.43..8.45 rows=1 width=4) (actual time=0.041..0.041 rows=0 loops=7)
        Index Cond: (id = mc.movie_id)
        Filter: ((kind_id < 7) AND (production_year = 2011))
        Rows Removed by Filter: 1
Planning time: 0.733 ms
Execution time: 796.706 ms
