Hash Join  (cost=111771.77..206494.64 rows=74741 width=0) (actual time=2549.375..5473.519 rows=1133617 loops=1)
  Hash Cond: (mk.movie_id = t.id)
  ->  Seq Scan on movie_keyword mk  (cost=0.00..81003.12 rows=3459290 width=4) (actual time=0.024..1625.867 rows=3451782 loops=1)
        Filter: (keyword_id > 1074)
        Rows Removed by Filter: 1072148
  ->  Hash  (cost=111088.88..111088.88 rows=54631 width=8) (actual time=2548.961..2548.961 rows=130095 loops=1)
        Buckets: 131072 (originally 65536)  Batches: 2 (originally 1)  Memory Usage: 3570kB
        ->  Hash Join  (cost=78917.17..111088.88 rows=54631 width=8) (actual time=1314.007..2500.808 rows=130095 loops=1)
              Hash Cond: (mi_idx.movie_id = t.id)
              ->  Seq Scan on movie_info_idx mi_idx  (cost=0.00..25185.44 rows=454124 width=4) (actual time=0.019..526.742 rows=459925 loops=1)
                    Filter: (info_type_id = 100)
                    Rows Removed by Filter: 920110
              ->  Hash  (cost=73925.90..73925.90 rows=304181 width=4) (actual time=1312.773..1312.773 rows=422218 loops=1)
                    Buckets: 131072 (originally 131072)  Batches: 8 (originally 4)  Memory Usage: 3073kB
                    ->  Seq Scan on title t  (cost=0.00..73925.90 rows=304181 width=4) (actual time=0.015..1184.037 rows=422218 loops=1)
                          Filter: ((kind_id < 7) AND (production_year < 1994))
                          Rows Removed by Filter: 2106094
Planning time: 1.183 ms
Execution time: 5609.360 ms
