Seq Scan on movie_info mi  (cost=0.00..346232.03 rows=13905379 width=0) (actual time=0.024..6452.787 rows=13949798 loops=1)
  Filter: (info_type_id < 97)
  Rows Removed by Filter: 885922
Planning time: 0.326 ms
Execution time: 8210.341 ms
