Seq Scan on cast_info ci  (cost=0.00..796071.18 rows=324 width=0) (actual time=7176.390..12640.260 rows=2 loops=1)
  Filter: ((role_id > 1) AND (person_id = 2595866))
  Rows Removed by Filter: 36244342
Planning time: 0.428 ms
Execution time: 12640.403 ms
