Seq Scan on cast_info ci  (cost=0.00..796071.18 rows=4826483 width=42) (actual time=8068.972..13328.748 rows=2880385 loops=1)
  Filter: ((person_id < 1404176) AND (role_id > 3))
  Rows Removed by Filter: 33363959
Planning time: 0.494 ms
Execution time: 13475.094 ms
