Hash Join  (cost=83074.91..447743.08 rows=1226 width=0) (actual time=1427.803..8579.218 rows=21871 loops=1)
  Hash Cond: (mi.movie_id = t.id)
  ->  Seq Scan on movie_info mi  (cost=0.00..309384.22 rows=14739122 width=4) (actual time=0.021..4324.295 rows=14835720 loops=1)
  ->  Hash  (cost=83072.29..83072.29 rows=210 width=8) (actual time=1427.125..1427.125 rows=550 loops=1)
        Buckets: 1024  Batches: 1  Memory Usage: 30kB
        ->  Nested Loop  (cost=0.43..83072.29 rows=210 width=8) (actual time=2.907..1426.616 rows=550 loops=1)
              ->  Seq Scan on movie_keyword mk  (cost=0.00..81003.12 rows=246 width=4) (actual time=0.286..1392.537 rows=706 loops=1)
                    Filter: (keyword_id = 3509)
                    Rows Removed by Filter: 4523224
              ->  Index Scan using title_pkey on title t  (cost=0.43..8.40 rows=1 width=4) (actual time=0.046..0.047 rows=1 loops=706)
                    Index Cond: (id = mk.movie_id)
                    Filter: (production_year > 1964)
                    Rows Removed by Filter: 0
Planning time: 1.151 ms
Execution time: 8583.202 ms
