Seq Scan on movie_keyword mk  (cost=0.00..81003.12 rows=2356050 width=0) (actual time=0.020..1490.774 rows=2355233 loops=1)
  Filter: (keyword_id < 5292)
  Rows Removed by Filter: 2168697
Planning time: 8.405 ms
Execution time: 1799.758 ms
