Seq Scan on movie_companies mc  (cost=0.00..51404.11 rows=104 width=0) (actual time=45.533..785.423 rows=1010 loops=1)
  Filter: (company_id = 688)
  Rows Removed by Filter: 2608119
Planning time: 1.267 ms
Execution time: 785.652 ms
