Seq Scan on movie_companies mc  (cost=0.00..51404.11 rows=2130891 width=0) (actual time=0.015..1019.365 rows=2127838 loops=1)
  Filter: (company_id < 75175)
  Rows Removed by Filter: 481291
Planning time: 0.344 ms
Execution time: 1284.724 ms
