Hash Join  (cost=123622.35..1184794.57 rows=2664208 width=0) (actual time=2714.720..32155.426 rows=4749607 loops=1)
  Hash Cond: (ci.movie_id = t.id)
  ->  Seq Scan on cast_info ci  (cost=0.00..614943.12 rows=36225612 width=4) (actual time=0.019..13373.314 rows=36244344 loops=1)
  ->  Hash  (cost=120570.85..120570.85 rows=185960 width=8) (actual time=2713.891..2713.891 rows=143613 loops=1)
        Buckets: 131072  Batches: 4  Memory Usage: 2418kB
        ->  Hash Join  (cost=84197.31..120570.85 rows=185960 width=8) (actual time=1606.422..2660.577 rows=143613 loops=1)
              Hash Cond: (mi_idx.movie_id = t.id)
              ->  Seq Scan on movie_info_idx mi_idx  (cost=0.00..25185.44 rows=464934 width=4) (actual time=0.021..569.237 rows=460185 loops=1)
                    Filter: (info_type_id > 100)
                    Rows Removed by Filter: 919850
              ->  Hash  (cost=67604.59..67604.59 rows=1011338 width=4) (actual time=1605.442..1605.442 rows=1012920 loops=1)
                    Buckets: 131072  Batches: 16  Memory Usage: 3250kB
                    ->  Seq Scan on title t  (cost=0.00..67604.59 rows=1011338 width=4) (actual time=0.015..1292.150 rows=1012920 loops=1)
                          Filter: (production_year > 2005)
                          Rows Removed by Filter: 1515392
Planning time: 1.183 ms
Execution time: 32731.448 ms
