Seq Scan on title t  (cost=0.00..67604.59 rows=7437 width=0) (actual time=0.272..1025.409 rows=8007 loops=1)
  Filter: (production_year = 1955)
  Rows Removed by Filter: 2520305
Planning time: 0.322 ms
Execution time: 1027.496 ms
