Hash Join  (cost=134932.88..894594.89 rows=887285 width=0) (actual time=2605.931..21572.594 rows=2039718 loops=1)
  Hash Cond: (ci.movie_id = t.id)
  ->  Seq Scan on cast_info ci  (cost=0.00..614943.12 rows=36225612 width=4) (actual time=0.024..7951.627 rows=36244344 loops=1)
  ->  Hash  (cost=134158.73..134158.73 rows=61932 width=8) (actual time=2605.527..2605.527 rows=46959 loops=1)
        Buckets: 65536  Batches: 1  Memory Usage: 2347kB
        ->  Hash Join  (cost=70241.71..134158.73 rows=61932 width=8) (actual time=1103.662..2587.268 rows=46959 loops=1)
              Hash Cond: (mc.movie_id = t.id)
              ->  Seq Scan on movie_companies mc  (cost=0.00..51404.11 rows=974288 width=4) (actual time=0.023..999.510 rows=975597 loops=1)
                    Filter: (company_id < 4264)
                    Rows Removed by Filter: 1633532
              ->  Hash  (cost=67604.59..67604.59 rows=160730 width=4) (actual time=1102.781..1102.781 rows=160017 loops=1)
                    Buckets: 131072  Batches: 4  Memory Usage: 2436kB
                    ->  Seq Scan on title t  (cost=0.00..67604.59 rows=160730 width=4) (actual time=0.014..1040.446 rows=160017 loops=1)
                          Filter: (production_year = 2011)
                          Rows Removed by Filter: 2368295
Planning time: 1.126 ms
Execution time: 21834.567 ms
