Seq Scan on title t  (cost=0.00..73925.90 rows=2978 width=0) (actual time=67.466..968.341 rows=1136 loops=1)
  Filter: ((kind_id = 4) AND (production_year = 2013))
  Rows Removed by Filter: 2527176
Planning time: 0.354 ms
Execution time: 968.815 ms
