Hash Join  (cost=182644.18..260562.95 rows=208125 width=0) (actual time=3352.353..6014.569 rows=2840065 loops=1)
  Hash Cond: (mc.movie_id = t.id)
  ->  Seq Scan on movie_companies mc  (cost=0.00..44881.29 rows=2609129 width=4) (actual time=0.028..856.482 rows=2609129 loops=1)
  ->  Hash  (cost=179334.98..179334.98 rows=201696 width=8) (actual time=3350.921..3350.921 rows=381442 loops=1)
        Buckets: 131072 (originally 131072)  Batches: 8 (originally 4)  Memory Usage: 3073kB
        ->  Hash Join  (cost=84865.68..179334.98 rows=201696 width=8) (actual time=1302.530..3233.320 rows=381442 loops=1)
              Hash Cond: (mk.movie_id = t.id)
              ->  Seq Scan on movie_keyword mk  (cost=0.00..81003.12 rows=764857 width=4) (actual time=0.021..1366.148 rows=762742 loops=1)
                    Filter: (keyword_id < 720)
                    Rows Removed by Filter: 3761188
              ->  Hash  (cost=73925.90..73925.90 rows=666782 width=4) (actual time=1301.154..1301.154 rows=566088 loops=1)
                    Buckets: 131072  Batches: 16  Memory Usage: 2272kB
                    ->  Seq Scan on title t  (cost=0.00..73925.90 rows=666782 width=4) (actual time=1.389..1131.235 rows=566088 loops=1)
                          Filter: ((kind_id < 7) AND (production_year > 1992))
                          Rows Removed by Filter: 1962224
Planning time: 1.137 ms
Execution time: 6324.195 ms
