Hash Join  (cost=100963.43..192126.05 rows=22059 width=0) (actual time=1969.879..3876.434 rows=116518 loops=1)
  Hash Cond: (mk.movie_id = t.id)
  ->  Seq Scan on movie_keyword mk  (cost=0.00..81003.12 rows=2650374 width=4) (actual time=0.013..1439.035 rows=2642837 loops=1)
        Filter: (keyword_id > 3218)
        Rows Removed by Filter: 1881093
  ->  Hash  (cost=100700.37..100700.37 rows=21045 width=8) (actual time=1969.466..1969.466 rows=27850 loops=1)
        Buckets: 32768  Batches: 1  Memory Usage: 1344kB
        ->  Hash Join  (cost=69484.36..100700.37 rows=21045 width=8) (actual time=1470.952..1958.466 rows=27850 loops=1)
              Hash Cond: (mi_idx.movie_id = t.id)
              ->  Seq Scan on movie_info_idx mi_idx  (cost=0.00..25185.44 rows=464566 width=4) (actual time=0.022..505.958 rows=459925 loops=1)
                    Filter: (info_type_id = 101)
                    Rows Removed by Filter: 920110
              ->  Hash  (cost=67604.59..67604.59 rows=114542 width=4) (actual time=1236.787..1236.787 rows=118234 loops=1)
                    Buckets: 131072  Batches: 2  Memory Usage: 3101kB
                    ->  Seq Scan on title t  (cost=0.00..67604.59 rows=114542 width=4) (actual time=556.404..1193.989 rows=118234 loops=1)
                          Filter: (kind_id = 4)
                          Rows Removed by Filter: 2410078
Planning time: 1.118 ms
Execution time: 3891.970 ms
