Hash Join  (cost=69090.10..136698.26 rows=47600 width=0) (actual time=1076.040..2645.137 rows=98281 loops=1)
  Hash Cond: (mc.movie_id = t.id)
  ->  Seq Scan on movie_companies mc  (cost=0.00..51404.11 rows=1329612 width=4) (actual time=0.907..1035.884 rows=1334883 loops=1)
        Filter: (company_type_id = 2)
        Rows Removed by Filter: 1274246
  ->  Hash  (cost=67604.59..67604.59 rows=90521 width=4) (actual time=1074.384..1074.384 rows=90852 loops=1)
        Buckets: 131072  Batches: 2  Memory Usage: 2626kB
        ->  Seq Scan on title t  (cost=0.00..67604.59 rows=90521 width=4) (actual time=0.032..1038.573 rows=90852 loops=1)
              Filter: (kind_id = 2)
              Rows Removed by Filter: 2437460
Planning time: 0.725 ms
Execution time: 2658.291 ms
