Hash Join  (cost=223041.09..1387695.94 rows=8329764 width=0) (actual time=5079.011..48471.957 rows=58299231 loops=1)
  Hash Cond: (ci.movie_id = t.id)
  ->  Seq Scan on cast_info ci  (cost=0.00..614943.12 rows=36225612 width=4) (actual time=0.025..13426.305 rows=36244344 loops=1)
  ->  Hash  (cost=213501.43..213501.43 rows=581413 width=8) (actual time=5077.767..5077.767 rows=783626 loops=1)
        Buckets: 131072 (originally 131072)  Batches: 16 (originally 8)  Memory Usage: 3073kB
        ->  Hash Join  (cost=80110.18..213501.43 rows=581413 width=8) (actual time=1176.990..4837.251 rows=783626 loops=1)
              Hash Cond: (mk.movie_id = t.id)
              ->  Seq Scan on movie_keyword mk  (cost=0.00..81003.12 rows=3900531 width=4) (actual time=0.034..1795.797 rows=3903830 loops=1)
                    Filter: (keyword_id > 475)
                    Rows Removed by Filter: 620100
              ->  Hash  (cost=73925.90..73925.90 rows=376902 width=4) (actual time=1175.489..1175.489 rows=300122 loops=1)
                    Buckets: 131072  Batches: 8  Memory Usage: 2346kB
                    ->  Seq Scan on title t  (cost=0.00..73925.90 rows=376902 width=4) (actual time=0.023..1072.434 rows=300122 loops=1)
                          Filter: ((kind_id < 4) AND (production_year > 2004))
                          Rows Removed by Filter: 2228190
Planning time: 1.461 ms
Execution time: 54698.729 ms
