Hash Join  (cost=149390.61..1204697.89 rows=2093312 width=0) (actual time=2886.850..30093.143 rows=4407809 loops=1)
  Hash Cond: (ci.movie_id = t.id)
  ->  Seq Scan on cast_info ci  (cost=0.00..614943.12 rows=36225612 width=4) (actual time=0.019..12755.569 rows=36244344 loops=1)
  ->  Hash  (cost=146993.21..146993.21 rows=146112 width=8) (actual time=2886.144..2886.144 rows=114616 loops=1)
        Buckets: 131072  Batches: 2  Memory Usage: 3241kB
        ->  Hash Join  (cost=69928.56..146993.21 rows=146112 width=8) (actual time=1063.938..2847.969 rows=114616 loops=1)
              Hash Cond: (mc.movie_id = t.id)
              ->  Seq Scan on movie_companies mc  (cost=0.00..44881.29 rows=2609129 width=4) (actual time=0.013..809.705 rows=2609129 loops=1)
              ->  Hash  (cost=67604.59..67604.59 rows=141598 width=4) (actual time=1063.119..1063.119 rows=141703 loops=1)
                    Buckets: 131072  Batches: 2  Memory Usage: 3511kB
                    ->  Seq Scan on title t  (cost=0.00..67604.59 rows=141598 width=4) (actual time=0.028..1011.712 rows=141703 loops=1)
                          Filter: (production_year = 2010)
                          Rows Removed by Filter: 2386609
Planning time: 1.204 ms
Execution time: 30611.889 ms
