Hash Join  (cost=67697.55..96341.54 rows=2692 width=0) (actual time=1354.519..1531.353 rows=392 loops=1)
  Hash Cond: (mi_idx.movie_id = t.id)
  ->  Seq Scan on movie_info_idx mi_idx  (cost=0.00..25185.44 rows=915101 width=4) (actual time=0.030..269.923 rows=919850 loops=1)
        Filter: (info_type_id < 101)
        Rows Removed by Filter: 460185
  ->  Hash  (cost=67604.59..67604.59 rows=7437 width=4) (actual time=1160.633..1160.633 rows=4514 loops=1)
        Buckets: 8192  Batches: 1  Memory Usage: 223kB
        ->  Seq Scan on title t  (cost=0.00..67604.59 rows=7437 width=4) (actual time=256.710..1158.455 rows=4514 loops=1)
              Filter: (production_year = 1917)
              Rows Removed by Filter: 2523798
Planning time: 0.715 ms
Execution time: 1531.484 ms
