Hash Join  (cost=82606.92..460874.23 rows=459247 width=0) (actual time=2389.277..8411.650 rows=1258871 loops=1)
  Hash Cond: (mi.movie_id = t.id)
  ->  Seq Scan on movie_info mi  (cost=0.00..346232.03 rows=2194617 width=4) (actual time=1031.213..5623.514 rows=2233850 loops=1)
        Filter: (info_type_id > 16)
        Rows Removed by Filter: 12601870
  ->  Hash  (cost=73925.90..73925.90 rows=529121 width=4) (actual time=1357.229..1357.229 rows=594471 loops=1)
        Buckets: 131072  Batches: 8  Memory Usage: 3661kB
        ->  Seq Scan on title t  (cost=0.00..73925.90 rows=529121 width=4) (actual time=0.018..1164.454 rows=594471 loops=1)
              Filter: ((kind_id < 4) AND (production_year < 2007))
              Rows Removed by Filter: 1933841
Planning time: 0.598 ms
Execution time: 8567.447 ms
