Seq Scan on movie_keyword mk  (cost=0.00..81003.12 rows=1388553 width=0) (actual time=0.021..1276.093 rows=1402256 loops=1)
  Filter: (keyword_id < 1906)
  Rows Removed by Filter: 3121674
Planning time: 0.310 ms
Execution time: 1445.512 ms
