Seq Scan on title t  (cost=0.00..73925.90 rows=298293 width=0) (actual time=0.018..1160.608 rows=185884 loops=1)
  Filter: ((kind_id > 4) AND (production_year < 1978))
  Rows Removed by Filter: 2342428
Planning time: 0.361 ms
Execution time: 1185.308 ms
