Seq Scan on movie_companies mc  (cost=0.00..57926.93 rows=1178205 width=0) (actual time=0.029..1120.031 rows=1110454 loops=1)
  Filter: ((company_id > 67) AND (company_type_id < 2))
  Rows Removed by Filter: 1498675
Planning time: 0.355 ms
Execution time: 1253.483 ms
