Hash Join  (cost=137574.68..965649.95 rows=94841 width=0) (actual time=11511.221..17885.263 rows=47182 loops=1)
  Hash Cond: (ci.movie_id = t.id)
  ->  Seq Scan on cast_info ci  (cost=0.00..796071.18 rows=8281516 width=4) (actual time=8932.397..14314.623 rows=3565137 loops=1)
        Filter: ((person_id > 1242754) AND (role_id = 1))
        Rows Removed by Filter: 32679207
  ->  Hash  (cost=137212.72..137212.72 rows=28957 width=8) (actual time=2578.413..2578.413 rows=55122 loops=1)
        Buckets: 65536 (originally 32768)  Batches: 1 (originally 1)  Memory Usage: 2666kB
        ->  Hash Join  (cost=74730.49..137212.72 rows=28957 width=8) (actual time=1822.122..2558.961 rows=55122 loops=1)
              Hash Cond: (mc.movie_id = t.id)
              ->  Seq Scan on movie_companies mc  (cost=0.00..57926.93 rows=1137525 width=4) (actual time=0.030..1203.111 rows=1054657 loops=1)
                    Filter: ((company_id > 155) AND (company_type_id = 1))
                    Rows Removed by Filter: 1554472
              ->  Hash  (cost=73925.90..73925.90 rows=64367 width=4) (actual time=1088.534..1088.534 rows=68457 loops=1)
                    Buckets: 131072 (originally 65536)  Batches: 1 (originally 1)  Memory Usage: 3431kB
                    ->  Seq Scan on title t  (cost=0.00..73925.90 rows=64367 width=4) (actual time=0.080..1051.392 rows=68457 loops=1)
                          Filter: ((production_year > 1988) AND (kind_id = 2))
                          Rows Removed by Filter: 2459855
Planning time: 0.847 ms
Execution time: 17892.833 ms
