Seq Scan on cast_info ci  (cost=0.00..796071.18 rows=29323234 width=0) (actual time=0.023..17895.956 rows=31556147 loops=1)
  Filter: ((person_id < 3557144) AND (role_id < 10))
  Rows Removed by Filter: 4688197
Planning time: 0.369 ms
Execution time: 21763.794 ms
