Hash Join  (cost=130478.01..868371.13 rows=24026 width=0) (actual time=1595.754..16870.850 rows=134315 loops=1)
  Hash Cond: (ci.movie_id = t.id)
  ->  Seq Scan on cast_info ci  (cost=0.00..705507.15 rows=8572187 width=4) (actual time=0.012..13690.361 rows=8486314 loops=1)
        Filter: (role_id > 5)
        Rows Removed by Filter: 27758030
  ->  Hash  (cost=130389.43..130389.43 rows=7087 width=8) (actual time=1595.458..1595.458 rows=7495 loops=1)
        Buckets: 8192  Batches: 1  Memory Usage: 357kB
        ->  Nested Loop  (cost=0.43..130389.43 rows=7087 width=8) (actual time=0.159..1590.953 rows=7495 loops=1)
              ->  Seq Scan on movie_keyword mk  (cost=0.00..81003.12 rows=7087 width=4) (actual time=0.101..1359.581 rows=7495 loops=1)
                    Filter: (keyword_id = 889)
                    Rows Removed by Filter: 4516435
              ->  Index Only Scan using title_pkey on title t  (cost=0.43..6.96 rows=1 width=4) (actual time=0.030..0.030 rows=1 loops=7495)
                    Index Cond: (id = mk.movie_id)
                    Heap Fetches: 7495
Planning time: 1.211 ms
Execution time: 16890.470 ms
