Seq Scan on cast_info ci  (cost=0.00..796071.18 rows=5394836 width=0) (actual time=0.024..15143.253 rows=7450361 loops=1)
  Filter: ((person_id > 913870) AND (role_id = 2))
  Rows Removed by Filter: 28793983
Planning time: 0.402 ms
Execution time: 16082.054 ms
