Hash Join  (cost=74476.22..161921.93 rows=78768 width=0) (actual time=546.583..2211.967 rows=11471 loops=1)
  Hash Cond: (mk.movie_id = t.id)
  ->  Seq Scan on movie_keyword mk  (cost=0.00..69693.30 rows=4523930 width=4) (actual time=0.020..857.754 rows=4523930 loops=1)
  ->  Hash  (cost=73925.90..73925.90 rows=44025 width=4) (actual time=544.884..544.884 rows=41557 loops=1)
        Buckets: 65536  Batches: 1  Memory Usage: 1973kB
        ->  Seq Scan on title t  (cost=0.00..73925.90 rows=44025 width=4) (actual time=0.580..534.568 rows=41557 loops=1)
              Filter: ((kind_id > 3) AND (production_year > 2012))
              Rows Removed by Filter: 2486755
Planning time: 0.710 ms
Execution time: 2213.477 ms
