Seq Scan on title t  (cost=0.00..73925.90 rows=20265 width=0) (actual time=0.262..1191.019 rows=13840 loops=1)
  Filter: ((kind_id < 3) AND (production_year = 2003))
  Rows Removed by Filter: 2514472
Planning time: 0.386 ms
Execution time: 1194.168 ms
