Hash Join  (cost=318269.28..1895846.59 rows=44118112 width=0) (actual time=7062.560..75327.324 rows=146915829 loops=1)
  Hash Cond: (ci.movie_id = t.id)
  ->  Seq Scan on cast_info ci  (cost=0.00..614943.12 rows=36225612 width=4) (actual time=0.017..12843.078 rows=36244344 loops=1)
  ->  Hash  (cost=267747.54..267747.54 rows=3079419 width=8) (actual time=7059.816..7059.816 rows=3067137 loops=1)
        Buckets: 131072  Batches: 64  Memory Usage: 2916kB
        ->  Hash Join  (cost=102767.86..267747.54 rows=3079419 width=8) (actual time=1888.871..6201.505 rows=3067137 loops=1)
              Hash Cond: (mk.movie_id = t.id)
              ->  Seq Scan on movie_keyword mk  (cost=0.00..81003.12 rows=3079419 width=4) (actual time=0.024..1598.145 rows=3067137 loops=1)
                    Filter: (keyword_id < 11429)
                    Rows Removed by Filter: 1456793
              ->  Hash  (cost=61283.27..61283.27 rows=2528527 width=4) (actual time=1886.881..1886.881 rows=2528312 loops=1)
                    Buckets: 131072  Batches: 64  Memory Usage: 2425kB
                    ->  Seq Scan on title t  (cost=0.00..61283.27 rows=2528527 width=4) (actual time=0.023..1027.938 rows=2528312 loops=1)
Planning time: 1.026 ms
Execution time: 91714.378 ms
