Seq Scan on movie_companies mc  (cost=0.00..51404.11 rows=104 width=0) (actual time=85.806..930.361 rows=483 loops=1)
  Filter: (company_id = 4241)
  Rows Removed by Filter: 2608646
Planning time: 0.866 ms
Execution time: 930.588 ms
