Seq Scan on movie_keyword mk  (cost=0.00..81003.12 rows=1560351 width=0) (actual time=0.019..1357.394 rows=1566289 loops=1)
  Filter: (keyword_id < 2357)
  Rows Removed by Filter: 2957641
Planning time: 0.219 ms
Execution time: 1555.871 ms
