Hash Join  (cost=80874.21..167429.25 rows=834551 width=0) (actual time=1587.448..4308.547 rows=1181930 loops=1)
  Hash Cond: (mc.movie_id = t.id)
  ->  Seq Scan on movie_companies mc  (cost=0.00..44881.29 rows=2609129 width=4) (actual time=0.009..1007.564 rows=2609129 loops=1)
  ->  Hash  (cost=67604.59..67604.59 rows=808770 width=4) (actual time=1586.394..1586.394 rows=812704 loops=1)
        Buckets: 131072  Batches: 16  Memory Usage: 2812kB
        ->  Seq Scan on title t  (cost=0.00..67604.59 rows=808770 width=4) (actual time=0.014..1325.309 rows=812704 loops=1)
              Filter: (production_year < 1995)
              Rows Removed by Filter: 1715608
Planning time: 0.709 ms
Execution time: 4454.274 ms
