Seq Scan on cast_info ci  (cost=0.00..796071.18 rows=435 width=0) (actual time=4391.781..14432.704 rows=306 loops=1)
  Filter: ((role_id < 10) AND (person_id = 878497))
  Rows Removed by Filter: 36244038
Planning time: 0.376 ms
Execution time: 14432.915 ms
