Seq Scan on movie_keyword mk  (cost=0.00..81003.12 rows=1905472 width=0) (actual time=0.018..1432.286 rows=1915734 loops=1)
  Filter: (keyword_id > 7076)
  Rows Removed by Filter: 2608196
Planning time: 0.232 ms
Execution time: 1671.121 ms
