Seq Scan on title t  (cost=0.00..67604.59 rows=7437 width=0) (actual time=0.023..1114.334 rows=14442 loops=1)
  Filter: (production_year = 1971)
  Rows Removed by Filter: 2513870
Planning time: 4.831 ms
Execution time: 1117.690 ms
