Hash Join  (cost=90717.09..180325.42 rows=1056080 width=0) (actual time=1793.030..4247.911 rows=409164 loops=1)
  Hash Cond: (mc.movie_id = t.id)
  ->  Seq Scan on movie_companies mc  (cost=0.00..44881.29 rows=2609129 width=4) (actual time=0.018..966.308 rows=2609129 loops=1)
  ->  Hash  (cost=73925.90..73925.90 rows=1023455 width=4) (actual time=1640.611..1640.611 rows=1117981 loops=1)
        Buckets: 131072  Batches: 16  Memory Usage: 3489kB
        ->  Seq Scan on title t  (cost=0.00..73925.90 rows=1023455 width=4) (actual time=107.186..1307.919 rows=1117981 loops=1)
              Filter: ((kind_id > 6) AND (production_year > 1993))
              Rows Removed by Filter: 1410331
Planning time: 0.695 ms
Execution time: 4291.864 ms
