Seq Scan on movie_keyword mk  (cost=0.00..81003.12 rows=5730 width=0) (actual time=0.765..1215.923 rows=4517 loops=1)
  Filter: (keyword_id = 115)
  Rows Removed by Filter: 4519413
Planning time: 1.323 ms
Execution time: 1217.145 ms
