Hash Join  (cost=102767.86..165902.51 rows=76956 width=0) (actual time=2606.247..3226.344 rows=76396 loops=1)
  Hash Cond: (mc.movie_id = t.id)
  ->  Seq Scan on movie_companies mc  (cost=0.00..51404.11 rows=76956 width=4) (actual time=663.672..828.802 rows=76396 loops=1)
        Filter: (company_id > 172299)
        Rows Removed by Filter: 2532733
  ->  Hash  (cost=61283.27..61283.27 rows=2528527 width=4) (actual time=1941.459..1941.459 rows=2528312 loops=1)
        Buckets: 131072  Batches: 64  Memory Usage: 2415kB
        ->  Seq Scan on title t  (cost=0.00..61283.27 rows=2528527 width=4) (actual time=0.016..1103.523 rows=2528312 loops=1)
Planning time: 0.748 ms
Execution time: 3235.147 ms
