Hash Join  (cost=219874.45..817905.80 rows=9353352 width=0) (actual time=5367.674..32481.516 rows=50473548 loops=1)
  Hash Cond: (mi.movie_id = t.id)
  ->  Seq Scan on movie_info mi  (cost=0.00..309384.22 rows=14739122 width=4) (actual time=0.016..6444.702 rows=14835720 loops=1)
  ->  Hash  (cost=193549.12..193549.12 rows=1604587 width=8) (actual time=5366.326..5366.326 rows=1853708 loops=1)
        Buckets: 131072  Batches: 32  Memory Usage: 3333kB
        ->  Hash Join  (cost=93117.31..193549.12 rows=1604587 width=8) (actual time=1782.895..4789.637 rows=1853708 loops=1)
              Hash Cond: (mc.movie_id = t.id)
              ->  Seq Scan on movie_companies mc  (cost=0.00..44881.29 rows=2609129 width=4) (actual time=0.016..855.807 rows=2609129 loops=1)
              ->  Hash  (cost=67604.59..67604.59 rows=1555018 width=4) (actual time=1781.733..1781.733 rows=1551727 loops=1)
                    Buckets: 131072  Batches: 32  Memory Usage: 2728kB
                    ->  Seq Scan on title t  (cost=0.00..67604.59 rows=1555018 width=4) (actual time=0.028..1267.490 rows=1551727 loops=1)
                          Filter: (production_year < 2007)
                          Rows Removed by Filter: 976585
Planning time: 1.096 ms
Execution time: 38246.931 ms
