Hash Join  (cost=128786.93..476722.20 rows=1009 width=0) (actual time=3648.439..8230.315 rows=5143 loops=1)
  Hash Cond: (mi.movie_id = t.id)
  ->  Seq Scan on movie_info mi  (cost=0.00..346232.03 rows=451508 width=4) (actual time=1183.020..5672.845 rows=474443 loops=1)
        Filter: (info_type_id = 6)
        Rows Removed by Filter: 14361277
  ->  Hash  (cost=128716.33..128716.33 rows=5648 width=8) (actual time=2465.091..2465.091 rows=10041 loops=1)
        Buckets: 16384 (originally 8192)  Batches: 1 (originally 1)  Memory Usage: 521kB
        ->  Hash Join  (cost=73994.33..128716.33 rows=5648 width=8) (actual time=1181.749..2460.616 rows=10041 loops=1)
              Hash Cond: (mc.movie_id = t.id)
              ->  Seq Scan on movie_companies mc  (cost=0.00..44881.29 rows=2609129 width=4) (actual time=0.022..709.343 rows=2609129 loops=1)
              ->  Hash  (cost=73925.90..73925.90 rows=5474 width=4) (actual time=1181.244..1181.244 rows=10267 loops=1)
                    Buckets: 16384 (originally 8192)  Batches: 1 (originally 1)  Memory Usage: 489kB
                    ->  Seq Scan on title t  (cost=0.00..73925.90 rows=5474 width=4) (actual time=0.246..1175.658 rows=10267 loops=1)
                          Filter: ((kind_id > 1) AND (production_year = 1981))
                          Rows Removed by Filter: 2518045
Planning time: 1.151 ms
Execution time: 8231.367 ms
