Nested Loop  (cost=44377.22..431427.55 rows=5602 width=0) (actual time=900.438..6576.968 rows=19969 loops=1)
  Join Filter: (mi.movie_id = t.id)
  ->  Hash Join  (cost=44376.79..399813.99 rows=53320 width=8) (actual time=900.367..6335.739 rows=19969 loops=1)
        Hash Cond: (mi.movie_id = mi_idx.movie_id)
        ->  Seq Scan on movie_info mi  (cost=0.00..346232.03 rows=17937 width=4) (actual time=18.728..5113.863 rows=6527 loops=1)
              Filter: (info_type_id = 76)
              Rows Removed by Filter: 14829193
        ->  Hash  (cost=21735.35..21735.35 rows=1380035 width=4) (actual time=879.486..879.486 rows=1380035 loops=1)
              Buckets: 131072  Batches: 32  Memory Usage: 2557kB
              ->  Seq Scan on movie_info_idx mi_idx  (cost=0.00..21735.35 rows=1380035 width=4) (actual time=0.026..441.482 rows=1380035 loops=1)
  ->  Index Scan using title_pkey on title t  (cost=0.43..0.58 rows=1 width=4) (actual time=0.011..0.011 rows=1 loops=19969)
        Index Cond: (id = mi_idx.movie_id)
        Filter: (production_year < 2006)
Planning time: 4.742 ms
Execution time: 6580.376 ms
