Hash Join  (cost=75482.18..561186.41 rows=552730 width=0) (actual time=1326.586..14675.652 rows=2316838 loops=1)
  Hash Cond: (mi.movie_id = t.id)
  ->  Seq Scan on movie_info mi  (cost=0.00..309384.22 rows=14739122 width=4) (actual time=0.020..6367.885 rows=14835720 loops=1)
  ->  Hash  (cost=73925.90..73925.90 rows=94822 width=4) (actual time=1325.053..1325.053 rows=194973 loops=1)
        Buckets: 131072 (originally 131072)  Batches: 4 (originally 2)  Memory Usage: 3073kB
        ->  Seq Scan on title t  (cost=0.00..73925.90 rows=94822 width=4) (actual time=0.020..1246.782 rows=194973 loops=1)
              Filter: ((kind_id < 7) AND (production_year < 1960))
              Rows Removed by Filter: 2333339
Planning time: 0.819 ms
Execution time: 14960.762 ms
