Hash Join  (cost=427097.04..514566.32 rows=81124 width=0) (actual time=6207.087..8133.508 rows=140762 loops=1)
  Hash Cond: (mk.movie_id = t.id)
  ->  Seq Scan on movie_keyword mk  (cost=0.00..69693.30 rows=4523930 width=4) (actual time=0.012..999.332 rows=4523930 loops=1)
  ->  Hash  (cost=426530.27..426530.27 rows=45342 width=8) (actual time=6203.359..6203.359 rows=46895 loops=1)
        Buckets: 65536  Batches: 1  Memory Usage: 2344kB
        ->  Hash Join  (cost=69928.56..426530.27 rows=45342 width=8) (actual time=5169.721..6182.391 rows=46895 loops=1)
              Hash Cond: (mi.movie_id = t.id)
              ->  Seq Scan on movie_info mi  (cost=0.00..346232.03 rows=809669 width=4) (actual time=4135.844..4776.405 rows=802140 loops=1)
                    Filter: (info_type_id = 1)
                    Rows Removed by Filter: 14033580
              ->  Hash  (cost=67604.59..67604.59 rows=141598 width=4) (actual time=1033.070..1033.070 rows=141703 loops=1)
                    Buckets: 131072  Batches: 2  Memory Usage: 3517kB
                    ->  Seq Scan on title t  (cost=0.00..67604.59 rows=141598 width=4) (actual time=0.027..979.716 rows=141703 loops=1)
                          Filter: (production_year = 2010)
                          Rows Removed by Filter: 2386609
Planning time: 1.172 ms
Execution time: 8152.393 ms
