Seq Scan on cast_info ci  (cost=0.00..705507.15 rows=500 width=0) (actual time=3166.001..11122.289 rows=39 loops=1)
  Filter: (person_id = 1533237)
  Rows Removed by Filter: 36244305
Planning time: 0.316 ms
Execution time: 11122.385 ms
