Hash Join  (cost=94642.16..181324.46 rows=2426 width=0) (actual time=1645.738..3370.880 rows=42322 loops=1)
  Hash Cond: (mk.movie_id = t.id)
  ->  Seq Scan on movie_keyword mk  (cost=0.00..69693.30 rows=4523930 width=4) (actual time=0.015..937.123 rows=4523930 loops=1)
  ->  Hash  (cost=94625.21..94625.21 rows=1356 width=8) (actual time=1645.469..1645.469 rows=5654 loops=1)
        Buckets: 8192 (originally 2048)  Batches: 1 (originally 1)  Memory Usage: 285kB
        ->  Hash Join  (cost=67697.55..94625.21 rows=1356 width=8) (actual time=983.504..1642.860 rows=5654 loops=1)
              Hash Cond: (mi_idx.movie_id = t.id)
              ->  Seq Scan on movie_info_idx mi_idx  (cost=0.00..25185.44 rows=460978 width=4) (actual time=0.018..529.058 rows=459925 loops=1)
                    Filter: (info_type_id = 99)
                    Rows Removed by Filter: 920110
              ->  Hash  (cost=67604.59..67604.59 rows=7437 width=4) (actual time=983.156..983.156 rows=23040 loops=1)
                    Buckets: 32768 (originally 8192)  Batches: 1 (originally 1)  Memory Usage: 1066kB
                    ->  Seq Scan on title t  (cost=0.00..67604.59 rows=7437 width=4) (actual time=0.027..972.774 rows=23040 loops=1)
                          Filter: (production_year = 1990)
                          Rows Removed by Filter: 2505272
Planning time: 1.131 ms
Execution time: 3376.440 ms
