Seq Scan on movie_companies mc  (cost=0.00..57926.93 rows=53 width=0) (actual time=107.623..869.405 rows=45 loops=1)
  Filter: ((company_type_id > 1) AND (company_id = 70629))
  Rows Removed by Filter: 2609084
Planning time: 0.349 ms
Execution time: 869.522 ms
