Hash Join  (cost=58375.85..408951.28 rows=24 width=0) (actual time=3198.611..6198.434 rows=375 loops=1)
  Hash Cond: (mi.movie_id = t.id)
  ->  Seq Scan on movie_info mi  (cost=0.00..346232.03 rows=1158179 width=4) (actual time=2308.734..5248.989 rows=1204709 loops=1)
        Filter: (info_type_id > 18)
        Rows Removed by Filter: 13631011
  ->  Hash  (cost=58375.18..58375.18 rows=53 width=8) (actual time=772.912..772.912 rows=393 loops=1)
        Buckets: 1024  Batches: 1  Memory Usage: 24kB
        ->  Nested Loop  (cost=0.43..58375.18 rows=53 width=8) (actual time=90.173..772.640 rows=393 loops=1)
              ->  Seq Scan on movie_companies mc  (cost=0.00..57926.93 rows=53 width=4) (actual time=90.099..760.161 rows=393 loops=1)
                    Filter: ((company_id = 389) AND (company_type_id = 2))
                    Rows Removed by Filter: 2608736
              ->  Index Only Scan using title_pkey on title t  (cost=0.43..8.45 rows=1 width=4) (actual time=0.030..0.030 rows=1 loops=393)
                    Index Cond: (id = mc.movie_id)
                    Heap Fetches: 393
Planning time: 1.167 ms
Execution time: 6198.686 ms
