Hash Join  (cost=687972.23..2430661.50 rows=51375006 width=0) (actual time=19010.055..104859.398 rows=202180486 loops=1)
  Hash Cond: (ci.movie_id = t.id)
  ->  Seq Scan on cast_info ci  (cost=0.00..614943.12 rows=36225612 width=4) (actual time=0.016..13799.901 rows=36244344 loops=1)
  ->  Hash  (cost=629139.90..629139.90 rows=3585946 width=8) (actual time=19007.286..19007.286 rows=5494348 loops=1)
        Buckets: 131072 (originally 131072)  Batches: 128 (originally 64)  Memory Usage: 3073kB
        ->  Hash Join  (cost=84689.96..629139.90 rows=3585946 width=8) (actual time=1451.628..17106.806 rows=5494348 loops=1)
              Hash Cond: (mi.movie_id = t.id)
              ->  Seq Scan on movie_info mi  (cost=0.00..346232.03 rows=13820123 width=4) (actual time=0.027..7158.603 rows=13860081 loops=1)
                    Filter: (info_type_id < 92)
                    Rows Removed by Filter: 975639
              ->  Hash  (cost=73925.90..73925.90 rows=656084 width=4) (actual time=1450.741..1450.741 rows=555560 loops=1)
                    Buckets: 131072  Batches: 16  Memory Usage: 2249kB
                    ->  Seq Scan on title t  (cost=0.00..73925.90 rows=656084 width=4) (actual time=0.014..1275.057 rows=555560 loops=1)
                          Filter: ((kind_id < 7) AND (production_year > 1993))
                          Rows Removed by Filter: 1972752
Planning time: 1.094 ms
Execution time: 127157.905 ms
