Nested Loop  (cost=0.43..83072.90 rows=3 width=0) (actual time=863.451..1310.705 rows=2 loops=1)
  ->  Seq Scan on movie_keyword mk  (cost=0.00..81003.12 rows=246 width=4) (actual time=0.721..1216.938 rows=2326 loops=1)
        Filter: (keyword_id = 1324)
        Rows Removed by Filter: 4521604
  ->  Index Scan using title_pkey on title t  (cost=0.43..8.40 rows=1 width=4) (actual time=0.039..0.039 rows=0 loops=2326)
        Index Cond: (id = mk.movie_id)
        Filter: ((kind_id = 7) AND (production_year = 2000))
        Rows Removed by Filter: 1
Planning time: 3.809 ms
Execution time: 1310.807 ms
