Hash Join  (cost=102767.86..208620.38 rows=1852210 width=0) (actual time=1882.488..5008.146 rows=1846637 loops=1)
  Hash Cond: (mc.movie_id = t.id)
  ->  Seq Scan on movie_companies mc  (cost=0.00..51404.11 rows=1852210 width=4) (actual time=0.025..1106.134 rows=1846637 loops=1)
        Filter: (company_id < 35126)
        Rows Removed by Filter: 762492
  ->  Hash  (cost=61283.27..61283.27 rows=2528527 width=4) (actual time=1881.203..1881.203 rows=2528312 loops=1)
        Buckets: 131072  Batches: 64  Memory Usage: 2415kB
        ->  Seq Scan on title t  (cost=0.00..61283.27 rows=2528527 width=4) (actual time=0.020..1064.677 rows=2528312 loops=1)
Planning time: 0.676 ms
Execution time: 5221.524 ms
