Seq Scan on movie_companies mc  (cost=0.00..57926.93 rows=1061989 width=0) (actual time=135.712..1030.026 rows=805598 loops=1)
  Filter: ((company_id < 72780) AND (company_type_id = 2))
  Rows Removed by Filter: 1803531
Planning time: 0.503 ms
Execution time: 1124.208 ms
