Seq Scan on movie_keyword mk  (cost=0.00..81003.12 rows=618720 width=0) (actual time=0.023..1423.088 rows=618126 loops=1)
  Filter: (keyword_id > 29514)
  Rows Removed by Filter: 3905804
Planning time: 0.249 ms
Execution time: 1500.582 ms
