Hash Join  (cost=74859.90..162854.80 rows=133686 width=0) (actual time=1254.621..3772.064 rows=404388 loops=1)
  Hash Cond: (mk.movie_id = t.id)
  ->  Seq Scan on movie_keyword mk  (cost=0.00..69693.30 rows=4523930 width=4) (actual time=0.021..1081.241 rows=4523930 loops=1)
  ->  Hash  (cost=73925.90..73925.90 rows=74720 width=4) (actual time=1252.631..1252.631 rows=104033 loops=1)
        Buckets: 131072 (originally 131072)  Batches: 2 (originally 1)  Memory Usage: 3073kB
        ->  Seq Scan on title t  (cost=0.00..73925.90 rows=74720 width=4) (actual time=645.535..1208.241 rows=104033 loops=1)
              Filter: ((production_year > 1994) AND (kind_id = 4))
              Rows Removed by Filter: 2424279
Planning time: 0.754 ms
Execution time: 3817.753 ms
