Hash Join  (cost=281488.40..914719.68 rows=12652245 width=0) (actual time=6625.219..44393.688 rows=118933339 loops=1)
  Hash Cond: (mi.movie_id = t.id)
  ->  Seq Scan on movie_info mi  (cost=0.00..309384.22 rows=14739122 width=4) (actual time=0.021..6546.390 rows=14835720 loops=1)
  ->  Hash  (cost=245877.92..245877.92 rows=2170519 width=8) (actual time=6623.750..6623.750 rows=2170065 loops=1)
        Buckets: 131072  Batches: 32  Memory Usage: 3739kB
        ->  Hash Join  (cost=102767.86..245877.92 rows=2170519 width=8) (actual time=2174.342..5952.899 rows=2170065 loops=1)
              Hash Cond: (mk.movie_id = t.id)
              ->  Seq Scan on movie_keyword mk  (cost=0.00..81003.12 rows=2170519 width=4) (actual time=0.017..1650.730 rows=2170065 loops=1)
                    Filter: (keyword_id > 5274)
                    Rows Removed by Filter: 2353865
              ->  Hash  (cost=61283.27..61283.27 rows=2528527 width=4) (actual time=2172.882..2172.882 rows=2528312 loops=1)
                    Buckets: 131072  Batches: 64  Memory Usage: 2425kB
                    ->  Seq Scan on title t  (cost=0.00..61283.27 rows=2528527 width=4) (actual time=0.015..973.968 rows=2528312 loops=1)
Planning time: 1.090 ms
Execution time: 56511.848 ms
