Seq Scan on movie_keyword mk  (cost=0.00..81003.12 rows=4000726 width=0) (actual time=0.025..1364.053 rows=4010202 loops=1)
  Filter: (keyword_id < 35271)
  Rows Removed by Filter: 513728
Planning time: 0.355 ms
Execution time: 1864.430 ms
