Seq Scan on movie_companies mc  (cost=0.00..57926.93 rows=496497 width=0) (actual time=127.393..964.973 rows=290858 loops=1)
  Filter: ((company_id < 4264) AND (company_type_id = 2))
  Rows Removed by Filter: 2318271
Planning time: 0.381 ms
Execution time: 1000.800 ms
