Hash Join  (cost=157388.25..909136.74 rows=95928 width=0) (actual time=2904.232..20548.286 rows=1342434 loops=1)
  Hash Cond: (ci.movie_id = t.id)
  ->  Seq Scan on cast_info ci  (cost=0.00..614943.12 rows=36225612 width=4) (actual time=0.014..8879.188 rows=36244344 loops=1)
  ->  Hash  (cost=157304.55..157304.55 rows=6696 width=8) (actual time=2903.885..2903.885 rows=28380 loops=1)
        Buckets: 32768 (originally 8192)  Batches: 1 (originally 1)  Memory Usage: 1365kB
        ->  Hash Join  (cost=67697.55..157304.55 rows=6696 width=8) (actual time=1082.081..2893.818 rows=28380 loops=1)
              Hash Cond: (mk.movie_id = t.id)
              ->  Seq Scan on movie_keyword mk  (cost=0.00..81003.12 rows=2276511 width=4) (actual time=0.020..1423.458 rows=2273533 loops=1)
                    Filter: (keyword_id > 4636)
                    Rows Removed by Filter: 2250397
              ->  Hash  (cost=67604.59..67604.59 rows=7437 width=4) (actual time=1081.027..1081.027 rows=24917 loops=1)
                    Buckets: 32768 (originally 8192)  Batches: 1 (originally 1)  Memory Usage: 1132kB
                    ->  Seq Scan on title t  (cost=0.00..67604.59 rows=7437 width=4) (actual time=0.092..1070.109 rows=24917 loops=1)
                          Filter: (production_year = 1992)
                          Rows Removed by Filter: 2503395
Planning time: 0.734 ms
Execution time: 20727.345 ms
