Seq Scan on movie_keyword mk  (cost=0.00..81003.12 rows=4274938 width=0) (actual time=0.024..1621.858 rows=4276461 loops=1)
  Filter: (keyword_id < 60866)
  Rows Removed by Filter: 247469
Planning time: 0.521 ms
Execution time: 2159.364 ms
