Hash Join  (cost=102767.86..1327577.94 rows=17407194 width=0) (actual time=1947.684..38402.531 rows=20978436 loops=1)
  Hash Cond: (ci.movie_id = t.id)
  ->  Seq Scan on cast_info ci  (cost=0.00..796071.18 rows=17407194 width=4) (actual time=0.006..17877.413 rows=20978436 loops=1)
        Filter: ((person_id > 908801) AND (role_id > 1))
        Rows Removed by Filter: 15265908
  ->  Hash  (cost=61283.27..61283.27 rows=2528527 width=4) (actual time=1946.365..1946.365 rows=2528312 loops=1)
        Buckets: 131072  Batches: 64  Memory Usage: 2415kB
        ->  Seq Scan on title t  (cost=0.00..61283.27 rows=2528527 width=4) (actual time=0.016..1122.648 rows=2528312 loops=1)
Planning time: 0.490 ms
Execution time: 40868.423 ms
