Hash Join  (cost=135455.81..231778.46 rows=3969 width=0) (actual time=2176.534..4275.288 rows=1187 loops=1)
  Hash Cond: (mk.movie_id = t.id)
  ->  Seq Scan on movie_keyword mk  (cost=0.00..81003.12 rows=4074622 width=4) (actual time=0.023..1577.703 rows=4062203 loops=1)
        Filter: (keyword_id > 348)
        Rows Removed by Filter: 461727
  ->  Hash  (cost=135425.02..135425.02 rows=2463 width=8) (actual time=2117.411..2117.411 rows=360 loops=1)
        Buckets: 4096  Batches: 1  Memory Usage: 47kB
        ->  Hash Join  (cost=76405.93..135425.02 rows=2463 width=8) (actual time=1400.590..2117.137 rows=360 loops=1)
              Hash Cond: (mc.movie_id = t.id)
              ->  Seq Scan on movie_companies mc  (cost=0.00..57926.93 rows=41208 width=4) (actual time=55.398..726.457 rows=17551 loops=1)
                    Filter: ((company_id < 19) AND (company_type_id > 1))
                    Rows Removed by Filter: 2591578
              ->  Hash  (cost=73925.90..73925.90 rows=151122 width=4) (actual time=1340.503..1340.503 rows=251875 loops=1)
                    Buckets: 131072 (originally 131072)  Batches: 4 (originally 2)  Memory Usage: 3239kB
                    ->  Seq Scan on title t  (cost=0.00..73925.90 rows=151122 width=4) (actual time=0.024..1244.350 rows=251875 loops=1)
                          Filter: ((kind_id < 7) AND (production_year < 1971))
                          Rows Removed by Filter: 2276437
Planning time: 1.181 ms
Execution time: 4276.226 ms
