Hash Join  (cost=102767.86..174691.25 rows=442171 width=0) (actual time=1874.081..3639.520 rows=446671 loops=1)
  Hash Cond: (mc.movie_id = t.id)
  ->  Seq Scan on movie_companies mc  (cost=0.00..51404.11 rows=442171 width=4) (actual time=0.025..895.449 rows=446671 loops=1)
        Filter: (company_id > 77540)
        Rows Removed by Filter: 2162458
  ->  Hash  (cost=61283.27..61283.27 rows=2528527 width=4) (actual time=1872.728..1872.728 rows=2528312 loops=1)
        Buckets: 131072  Batches: 64  Memory Usage: 2415kB
        ->  Seq Scan on title t  (cost=0.00..61283.27 rows=2528527 width=4) (actual time=0.013..1013.807 rows=2528312 loops=1)
Planning time: 0.734 ms
Execution time: 3683.554 ms
