Hash Join  (cost=160737.19..957552.93 rows=74463 width=0) (actual time=3039.550..19587.041 rows=54389 loops=1)
  Hash Cond: (ci.movie_id = t.id)
  ->  Seq Scan on cast_info ci  (cost=0.00..614943.12 rows=36225612 width=4) (actual time=0.024..9000.238 rows=36244344 loops=1)
  ->  Hash  (cost=160672.23..160672.23 rows=5197 width=8) (actual time=3038.875..3038.875 rows=4156 loops=1)
        Buckets: 8192  Batches: 1  Memory Usage: 227kB
        ->  Hash Join  (cost=73962.22..160672.23 rows=5197 width=8) (actual time=1142.921..3037.041 rows=4156 loops=1)
              Hash Cond: (mk.movie_id = t.id)
              ->  Seq Scan on movie_keyword mk  (cost=0.00..69693.30 rows=4523930 width=4) (actual time=0.012..1066.007 rows=4523930 loops=1)
              ->  Hash  (cost=73925.90..73925.90 rows=2905 width=4) (actual time=1142.835..1142.835 rows=3781 loops=1)
                    Buckets: 4096  Batches: 1  Memory Usage: 165kB
                    ->  Seq Scan on title t  (cost=0.00..73925.90 rows=2905 width=4) (actual time=0.183..1140.989 rows=3781 loops=1)
                          Filter: ((kind_id < 7) AND (production_year = 1918))
                          Rows Removed by Filter: 2524531
Planning time: 1.190 ms
Execution time: 19596.028 ms
