Hash Join  (cost=108632.59..194591.68 rows=27565 width=0) (actual time=1921.712..3773.180 rows=194289 loops=1)
  Hash Cond: (mk.movie_id = t.id)
  ->  Seq Scan on movie_keyword mk  (cost=0.00..81003.12 rows=1248084 width=4) (actual time=0.031..1412.314 rows=1262230 loops=1)
        Filter: (keyword_id < 1613)
        Rows Removed by Filter: 3261700
  ->  Hash  (cost=107934.53..107934.53 rows=55845 width=8) (actual time=1921.250..1921.250 rows=111147 loops=1)
        Buckets: 131072 (originally 65536)  Batches: 2 (originally 1)  Memory Usage: 3195kB
        ->  Hash Join  (cost=69283.60..107934.53 rows=55845 width=8) (actual time=1012.390..1883.847 rows=111147 loops=1)
              Hash Cond: (mi_idx.movie_id = t.id)
              ->  Seq Scan on movie_info_idx mi_idx  (cost=0.00..21735.35 rows=1380035 width=4) (actual time=0.019..425.819 rows=1380035 loops=1)
              ->  Hash  (cost=67604.59..67604.59 rows=102321 width=4) (actual time=987.651..987.651 rows=100537 loops=1)
                    Buckets: 131072  Batches: 2  Memory Usage: 2797kB
                    ->  Seq Scan on title t  (cost=0.00..67604.59 rows=102321 width=4) (actual time=0.023..953.674 rows=100537 loops=1)
                          Filter: (kind_id = 3)
                          Rows Removed by Filter: 2427775
Planning time: 1.091 ms
Execution time: 3797.412 ms
