Hash Join  (cost=73962.22..422511.68 rows=708 width=0) (actual time=4445.337..6528.485 rows=3942 loops=1)
  Hash Cond: (mi.movie_id = t.id)
  ->  Seq Scan on movie_info mi  (cost=0.00..346232.03 rows=616095 width=4) (actual time=3252.681..5271.613 rows=598457 loops=1)
        Filter: (info_type_id = 15)
        Rows Removed by Filter: 14237263
  ->  Hash  (cost=73925.90..73925.90 rows=2905 width=4) (actual time=1153.674..1153.674 rows=7329 loops=1)
        Buckets: 8192 (originally 4096)  Batches: 1 (originally 1)  Memory Usage: 322kB
        ->  Seq Scan on title t  (cost=0.00..73925.90 rows=2905 width=4) (actual time=2.965..1149.885 rows=7329 loops=1)
              Filter: ((kind_id < 7) AND (production_year = 1984))
              Rows Removed by Filter: 2520983
Planning time: 2.164 ms
Execution time: 6529.265 ms
