Hash Join  (cost=156029.35..237032.00 rows=431811 width=0) (actual time=3613.939..6062.570 rows=1237170 loops=1)
  Hash Cond: (mc.movie_id = t.id)
  ->  Seq Scan on movie_companies mc  (cost=0.00..44881.29 rows=2609129 width=4) (actual time=0.028..898.547 rows=2609129 loops=1)
  ->  Hash  (cost=149163.45..149163.45 rows=418472 width=8) (actual time=3612.999..3612.999 rows=427108 loops=1)
        Buckets: 131072  Batches: 8  Memory Usage: 3116kB
        ->  Hash Join  (cost=104943.62..149163.45 rows=418472 width=8) (actual time=2159.221..3475.173 rows=427108 loops=1)
              Hash Cond: (mi_idx.movie_id = t.id)
              ->  Seq Scan on movie_info_idx mi_idx  (cost=0.00..25185.44 rows=464934 width=4) (actual time=0.018..470.850 rows=460185 loops=1)
                    Filter: (info_type_id > 100)
                    Rows Removed by Filter: 919850
              ->  Hash  (cost=67604.59..67604.59 rows=2275843 width=4) (actual time=2158.143..2158.143 rows=2268428 loops=1)
                    Buckets: 131072  Batches: 32  Memory Usage: 3520kB
                    ->  Seq Scan on title t  (cost=0.00..67604.59 rows=2275843 width=4) (actual time=0.015..1439.433 rows=2268428 loops=1)
                          Filter: (production_year > 1953)
                          Rows Removed by Filter: 259884
Planning time: 3.601 ms
Execution time: 6190.019 ms
