Hash Join  (cost=93038.76..241705.11 rows=1798198 width=0) (actual time=1786.004..5437.971 rows=452651 loops=1)
  Hash Cond: (mk.movie_id = t.id)
  ->  Seq Scan on movie_keyword mk  (cost=0.00..81003.12 rows=3903000 width=4) (actual time=0.017..1801.167 rows=3903339 loops=1)
        Filter: (keyword_id < 29388)
        Rows Removed by Filter: 620591
  ->  Hash  (cost=73925.90..73925.90 rows=1164948 width=4) (actual time=1677.004..1677.004 rows=1252934 loops=1)
        Buckets: 131072  Batches: 16  Memory Usage: 3794kB
        ->  Seq Scan on title t  (cost=0.00..73925.90 rows=1164948 width=4) (actual time=22.371..1281.820 rows=1252934 loops=1)
              Filter: ((production_year > 1982) AND (kind_id = 7))
              Rows Removed by Filter: 1275378
Planning time: 0.781 ms
Execution time: 5490.956 ms
