Hash Join  (cost=918039.25..1412171.89 rows=1342671 width=0) (actual time=15887.242..29641.667 rows=3030011 loops=1)
  Hash Cond: (mi.movie_id = t.id)
  ->  Seq Scan on movie_info mi  (cost=0.00..309384.22 rows=14739122 width=4) (actual time=0.014..5696.783 rows=14835720 loops=1)
  ->  Hash  (cost=914260.03..914260.03 rows=230338 width=8) (actual time=15886.435..15886.435 rows=267718 loops=1)
        Buckets: 131072  Batches: 4  Memory Usage: 3644kB
        ->  Hash Join  (cost=102767.86..914260.03 rows=230338 width=8) (actual time=13208.794..15798.806 rows=267718 loops=1)
              Hash Cond: (ci.movie_id = t.id)
              ->  Seq Scan on cast_info ci  (cost=0.00..796071.18 rows=230338 width=4) (actual time=11205.498..13147.743 rows=267718 loops=1)
                    Filter: ((person_id > 1213958) AND (role_id > 10))
                    Rows Removed by Filter: 35976626
              ->  Hash  (cost=61283.27..61283.27 rows=2528527 width=4) (actual time=2002.208..2002.208 rows=2528312 loops=1)
                    Buckets: 131072  Batches: 64  Memory Usage: 2415kB
                    ->  Seq Scan on title t  (cost=0.00..61283.27 rows=2528527 width=4) (actual time=0.016..1160.527 rows=2528312 loops=1)
Planning time: 1.232 ms
Execution time: 29999.239 ms
