Hash Join  (cost=217858.32..715183.96 rows=4560963 width=0) (actual time=5898.325..19345.456 rows=10066477 loops=1)
  Hash Cond: (mi.movie_id = t.id)
  ->  Seq Scan on movie_info mi  (cost=0.00..346232.03 rows=8673596 width=4) (actual time=913.526..6524.143 rows=8786582 loops=1)
        Filter: (info_type_id < 13)
        Rows Removed by Filter: 6049138
  ->  Hash  (cost=196044.17..196044.17 rows=1329612 width=8) (actual time=4983.893..4983.893 rows=1334883 loops=1)
        Buckets: 131072  Batches: 32  Memory Usage: 2657kB
        ->  Hash Join  (cost=102767.86..196044.17 rows=1329612 width=8) (actual time=2143.261..4605.330 rows=1334883 loops=1)
              Hash Cond: (mc.movie_id = t.id)
              ->  Seq Scan on movie_companies mc  (cost=0.00..51404.11 rows=1329612 width=4) (actual time=136.083..987.411 rows=1334883 loops=1)
                    Filter: (company_type_id > 1)
                    Rows Removed by Filter: 1274246
              ->  Hash  (cost=61283.27..61283.27 rows=2528527 width=4) (actual time=2005.880..2005.880 rows=2528312 loops=1)
                    Buckets: 131072  Batches: 64  Memory Usage: 2415kB
                    ->  Seq Scan on title t  (cost=0.00..61283.27 rows=2528527 width=4) (actual time=0.025..1123.762 rows=2528312 loops=1)
Planning time: 1.094 ms
Execution time: 20512.215 ms
