Hash Join  (cost=102767.86..257802.51 rows=2666063 width=0) (actual time=1962.004..5919.592 rows=2660929 loops=1)
  Hash Cond: (mk.movie_id = t.id)
  ->  Seq Scan on movie_keyword mk  (cost=0.00..81003.12 rows=2666063 width=4) (actual time=0.016..1663.029 rows=2660929 loops=1)
        Filter: (keyword_id < 7401)
        Rows Removed by Filter: 1863001
  ->  Hash  (cost=61283.27..61283.27 rows=2528527 width=4) (actual time=1958.688..1958.688 rows=2528312 loops=1)
        Buckets: 131072  Batches: 64  Memory Usage: 2425kB
        ->  Seq Scan on title t  (cost=0.00..61283.27 rows=2528527 width=4) (actual time=0.022..1046.159 rows=2528312 loops=1)
Planning time: 0.737 ms
Execution time: 6197.120 ms
