Hash Join  (cost=74142.85..801875.45 rows=39951 width=0) (actual time=4200.002..15012.921 rows=63104 loops=1)
  Hash Cond: (ci.movie_id = t.id)
  ->  Seq Scan on cast_info ci  (cost=0.00..705507.15 rows=5820248 width=4) (actual time=3104.563..12660.895 rows=5732694 loops=1)
        Filter: (role_id > 8)
        Rows Removed by Filter: 30511650
  ->  Hash  (cost=73925.90..73925.90 rows=17356 width=4) (actual time=1095.085..1095.085 rows=18804 loops=1)
        Buckets: 32768  Batches: 1  Memory Usage: 918kB
        ->  Seq Scan on title t  (cost=0.00..73925.90 rows=17356 width=4) (actual time=0.024..1087.304 rows=18804 loops=1)
              Filter: ((kind_id < 2) AND (production_year = 2013))
              Rows Removed by Filter: 2509508
Planning time: 0.773 ms
Execution time: 15023.517 ms
