Seq Scan on movie_companies mc  (cost=0.00..57926.93 rows=446973 width=0) (actual time=420.866..993.801 rows=131849 loops=1)
  Filter: ((company_id > 20148) AND (company_type_id < 2))
  Rows Removed by Filter: 2477280
Planning time: 0.339 ms
Execution time: 1011.889 ms
