Hash Join  (cost=217858.32..363828.32 rows=1868552 width=0) (actual time=4851.909..9912.447 rows=6719484 loops=1)
  Hash Cond: (mk.movie_id = t.id)
  ->  Seq Scan on movie_keyword mk  (cost=0.00..81003.12 rows=3553430 width=4) (actual time=0.024..1711.419 rows=3550164 loops=1)
        Filter: (keyword_id > 910)
        Rows Removed by Filter: 973766
  ->  Hash  (cost=196044.17..196044.17 rows=1329612 width=8) (actual time=4851.194..4851.194 rows=1334883 loops=1)
        Buckets: 131072  Batches: 32  Memory Usage: 2660kB
        ->  Hash Join  (cost=102767.86..196044.17 rows=1329612 width=8) (actual time=1866.285..4448.650 rows=1334883 loops=1)
              Hash Cond: (mc.movie_id = t.id)
              ->  Seq Scan on movie_companies mc  (cost=0.00..51404.11 rows=1329612 width=4) (actual time=26.978..1025.185 rows=1334883 loops=1)
                    Filter: (company_type_id = 2)
                    Rows Removed by Filter: 1274246
              ->  Hash  (cost=61283.27..61283.27 rows=2528527 width=4) (actual time=1837.920..1837.920 rows=2528312 loops=1)
                    Buckets: 131072  Batches: 64  Memory Usage: 2415kB
                    ->  Seq Scan on title t  (cost=0.00..61283.27 rows=2528527 width=4) (actual time=0.021..992.725 rows=2528312 loops=1)
Planning time: 1.096 ms
Execution time: 10669.658 ms
