Seq Scan on movie_keyword mk  (cost=0.00..81003.12 rows=246 width=0) (actual time=0.034..1224.493 rows=556 loops=1)
  Filter: (keyword_id = 517)
  Rows Removed by Filter: 4523374
Planning time: 0.583 ms
Execution time: 1224.851 ms
