Seq Scan on movie_keyword mk  (cost=0.00..81003.12 rows=1111356 width=0) (actual time=0.020..1336.449 rows=1119275 loops=1)
  Filter: (keyword_id < 1183)
  Rows Removed by Filter: 3404655
Planning time: 0.349 ms
Execution time: 1476.690 ms
