Seq Scan on movie_companies mc  (cost=0.00..51404.11 rows=817151 width=0) (actual time=0.028..826.163 rows=808788 loops=1)
  Filter: (company_id < 1854)
  Rows Removed by Filter: 1800341
Planning time: 7.062 ms
Execution time: 931.507 ms
