Hash Join  (cost=94973.51..185478.26 rows=1107448 width=0) (actual time=1875.523..4186.093 rows=628129 loops=1)
  Hash Cond: (mc.movie_id = t.id)
  ->  Seq Scan on movie_companies mc  (cost=0.00..51404.11 rows=1678630 width=4) (actual time=0.012..1043.700 rows=1670271 loops=1)
        Filter: (company_id < 19082)
        Rows Removed by Filter: 938858
  ->  Hash  (cost=67604.59..67604.59 rows=1668154 width=4) (actual time=1874.624..1874.624 rows=1674098 loops=1)
        Buckets: 131072  Batches: 32  Memory Usage: 2869kB
        ->  Seq Scan on title t  (cost=0.00..67604.59 rows=1668154 width=4) (actual time=0.016..1321.975 rows=1674098 loops=1)
              Filter: (kind_id > 3)
              Rows Removed by Filter: 854214
Planning time: 0.502 ms
Execution time: 4258.796 ms
