Seq Scan on movie_companies mc  (cost=0.00..57926.93 rows=870154 width=0) (actual time=463.449..986.748 rows=686273 loops=1)
  Filter: ((company_id > 2057) AND (company_type_id < 2))
  Rows Removed by Filter: 1922856
Planning time: 0.238 ms
Execution time: 1071.034 ms
