Hash Join  (cost=102431.42..194980.55 rows=41250 width=0) (actual time=1861.473..3928.804 rows=91571 loops=1)
  Hash Cond: (mk.movie_id = t.id)
  ->  Seq Scan on movie_keyword mk  (cost=0.00..81003.12 rows=2968935 width=4) (actual time=0.023..1581.120 rows=2951684 loops=1)
        Filter: (keyword_id < 9979)
        Rows Removed by Filter: 1572246
  ->  Hash  (cost=101992.28..101992.28 rows=35131 width=8) (actual time=1859.326..1859.326 rows=32067 loops=1)
        Buckets: 65536  Batches: 1  Memory Usage: 1765kB
        ->  Hash Join  (cost=74730.49..101992.28 rows=35131 width=8) (actual time=1145.131..1847.920 rows=32067 loops=1)
              Hash Cond: (mi_idx.movie_id = t.id)
              ->  Seq Scan on movie_info_idx mi_idx  (cost=0.00..21735.35 rows=1380035 width=4) (actual time=0.020..342.680 rows=1380035 loops=1)
              ->  Hash  (cost=73925.90..73925.90 rows=64367 width=4) (actual time=1144.665..1144.665 rows=53905 loops=1)
                    Buckets: 65536  Batches: 1  Memory Usage: 2408kB
                    ->  Seq Scan on title t  (cost=0.00..73925.90 rows=64367 width=4) (actual time=0.081..1122.820 rows=53905 loops=1)
                          Filter: ((kind_id < 7) AND (production_year = 2012))
                          Rows Removed by Filter: 2474407
Planning time: 1.204 ms
Execution time: 3940.676 ms
