Seq Scan on movie_keyword mk  (cost=0.00..81003.12 rows=246 width=0) (actual time=0.018..1252.672 rows=781 loops=1)
  Filter: (keyword_id = 371)
  Rows Removed by Filter: 4523149
Planning time: 0.281 ms
Execution time: 1253.074 ms
