Hash Join  (cost=102767.86..289126.92 rows=3967873 width=0) (actual time=2007.582..7133.558 rows=3970173 loops=1)
  Hash Cond: (mk.movie_id = t.id)
  ->  Seq Scan on movie_keyword mk  (cost=0.00..81003.12 rows=3967873 width=4) (actual time=0.025..1815.312 rows=3970173 loops=1)
        Filter: (keyword_id < 33284)
        Rows Removed by Filter: 553757
  ->  Hash  (cost=61283.27..61283.27 rows=2528527 width=4) (actual time=2002.366..2002.366 rows=2528312 loops=1)
        Buckets: 131072  Batches: 64  Memory Usage: 2425kB
        ->  Seq Scan on title t  (cost=0.00..61283.27 rows=2528527 width=4) (actual time=0.019..1138.926 rows=2528312 loops=1)
Planning time: 1.538 ms
Execution time: 7601.214 ms
