Hash Join  (cost=75628.47..199892.30 rows=185580 width=0) (actual time=1149.052..3954.761 rows=164339 loops=1)
  Hash Cond: (mk.movie_id = t.id)
  ->  Seq Scan on movie_keyword mk  (cost=0.00..69693.30 rows=4523930 width=4) (actual time=0.021..1451.708 rows=4523930 loops=1)
  ->  Hash  (cost=73925.90..73925.90 rows=103725 width=4) (actual time=1147.804..1147.804 rows=98992 loops=1)
        Buckets: 131072  Batches: 2  Memory Usage: 2766kB
        ->  Seq Scan on title t  (cost=0.00..73925.90 rows=103725 width=4) (actual time=0.026..1111.456 rows=98992 loops=1)
              Filter: ((production_year > 2010) AND (kind_id = 1))
              Rows Removed by Filter: 2429320
Planning time: 0.775 ms
Execution time: 3975.615 ms
