Hash Join  (cost=226717.82..1323525.12 rows=8477949 width=0) (actual time=4659.068..38547.492 rows=24189400 loops=1)
  Hash Cond: (ci.movie_id = t.id)
  ->  Seq Scan on cast_info ci  (cost=0.00..705507.15 rows=26233778 width=4) (actual time=0.014..15281.529 rows=26264633 loops=1)
        Filter: (person_id < 2716525)
        Rows Removed by Filter: 9979711
  ->  Hash  (cost=213311.54..213311.54 rows=817142 width=8) (actual time=4657.926..4657.926 rows=819631 loops=1)
        Buckets: 131072  Batches: 16  Memory Usage: 3051kB
        ->  Hash Join  (cost=102767.86..213311.54 rows=817142 width=8) (actual time=1942.624..4427.243 rows=819631 loops=1)
              Hash Cond: (mk.movie_id = t.id)
              ->  Seq Scan on movie_keyword mk  (cost=0.00..81003.12 rows=817142 width=4) (actual time=0.024..1400.069 rows=819631 loops=1)
                    Filter: (keyword_id < 786)
                    Rows Removed by Filter: 3704299
              ->  Hash  (cost=61283.27..61283.27 rows=2528527 width=4) (actual time=1941.293..1941.293 rows=2528312 loops=1)
                    Buckets: 131072  Batches: 64  Memory Usage: 2425kB
                    ->  Seq Scan on title t  (cost=0.00..61283.27 rows=2528527 width=4) (actual time=0.022..1079.204 rows=2528312 loops=1)
Planning time: 1.173 ms
Execution time: 41251.027 ms
