Seq Scan on movie_keyword mk  (cost=0.00..81003.12 rows=246 width=0) (actual time=4.688..1207.605 rows=167 loops=1)
  Filter: (keyword_id = 22887)
  Rows Removed by Filter: 4523763
Planning time: 0.385 ms
Execution time: 1207.808 ms
