Hash Join  (cost=709678.15..736591.36 rows=273 width=0) (actual time=10859.851..11377.786 rows=189 loops=1)
  Hash Cond: (mi_idx.movie_id = t.id)
  ->  Seq Scan on movie_info_idx mi_idx  (cost=0.00..21735.35 rows=1380035 width=4) (actual time=0.022..303.025 rows=1380035 loops=1)
  ->  Hash  (cost=709671.90..709671.90 rows=500 width=8) (actual time=10806.997..10806.997 rows=73 loops=1)
        Buckets: 1024  Batches: 1  Memory Usage: 11kB
        ->  Nested Loop  (cost=0.43..709671.90 rows=500 width=8) (actual time=934.890..10806.953 rows=73 loops=1)
              ->  Seq Scan on cast_info ci  (cost=0.00..705507.15 rows=500 width=4) (actual time=934.820..10804.933 rows=73 loops=1)
                    Filter: (person_id = 1283774)
                    Rows Removed by Filter: 36244271
              ->  Index Only Scan using title_pkey on title t  (cost=0.43..8.32 rows=1 width=4) (actual time=0.026..0.027 rows=1 loops=73)
                    Index Cond: (id = ci.movie_id)
                    Heap Fetches: 73
Planning time: 1.170 ms
Execution time: 11377.951 ms
