Seq Scan on movie_keyword mk  (cost=0.00..81003.12 rows=2693077 width=0) (actual time=0.051..1480.264 rows=2687190 loops=1)
  Filter: (keyword_id < 7587)
  Rows Removed by Filter: 1836740
Planning time: 0.365 ms
Execution time: 1817.815 ms
