Hash Join  (cost=88391.98..203436.15 rows=708865 width=0) (actual time=2118.328..4154.291 rows=140098 loops=1)
  Hash Cond: (mk.movie_id = t.id)
  ->  Seq Scan on movie_keyword mk  (cost=0.00..81003.12 rows=2032905 width=4) (actual time=0.023..1614.344 rows=2036196 loops=1)
        Filter: (keyword_id < 3639)
        Rows Removed by Filter: 2487734
  ->  Hash  (cost=73925.90..73925.90 rows=881686 width=4) (actual time=1484.902..1484.902 rows=801513 loops=1)
        Buckets: 131072  Batches: 16  Memory Usage: 2792kB
        ->  Seq Scan on title t  (cost=0.00..73925.90 rows=881686 width=4) (actual time=0.023..1227.183 rows=801513 loops=1)
              Filter: ((kind_id > 6) AND (production_year < 2006))
              Rows Removed by Filter: 1726799
Planning time: 0.723 ms
Execution time: 4171.942 ms
