Seq Scan on movie_companies mc  (cost=0.00..57926.93 rows=888361 width=0) (actual time=0.024..916.393 rows=567520 loops=1)
  Filter: ((company_id < 23435) AND (company_type_id = 2))
  Rows Removed by Filter: 2041609
Planning time: 0.387 ms
Execution time: 983.024 ms
