Hash Join  (cost=225255.37..638411.53 rows=2088716 width=0) (actual time=6646.996..13061.233 rows=1621121 loops=1)
  Hash Cond: (mi.movie_id = t.id)
  ->  Seq Scan on movie_info mi  (cost=0.00..346232.03 rows=3068194 width=4) (actual time=1290.535..5819.257 rows=3036719 loops=1)
        Filter: (info_type_id = 16)
        Rows Removed by Filter: 11799001
  ->  Hash  (cost=197014.75..197014.75 rows=1721330 width=8) (actual time=5354.978..5354.978 rows=906814 loops=1)
        Buckets: 131072  Batches: 32  Memory Usage: 2111kB
        ->  Hash Join  (cost=94973.51..197014.75 rows=1721330 width=8) (actual time=1742.314..5096.269 rows=906814 loops=1)
              Hash Cond: (mc.movie_id = t.id)
              ->  Seq Scan on movie_companies mc  (cost=0.00..44881.29 rows=2609129 width=4) (actual time=0.041..1014.507 rows=2609129 loops=1)
              ->  Hash  (cost=67604.59..67604.59 rows=1668154 width=4) (actual time=1740.635..1740.635 rows=1674098 loops=1)
                    Buckets: 131072  Batches: 32  Memory Usage: 2869kB
                    ->  Seq Scan on title t  (cost=0.00..67604.59 rows=1668154 width=4) (actual time=0.018..1218.149 rows=1674098 loops=1)
                          Filter: (kind_id > 3)
                          Rows Removed by Filter: 854214
Planning time: 1.112 ms
Execution time: 13241.022 ms
