Hash Join  (cost=102065.08..160558.51 rows=1572 width=0) (actual time=1787.858..2665.105 rows=20257 loops=1)
  Hash Cond: (mc.movie_id = t.id)
  ->  Seq Scan on movie_companies mc  (cost=0.00..57926.93 rows=146872 width=4) (actual time=0.033..803.173 rows=291651 loops=1)
        Filter: ((company_id > 94869) AND (company_type_id > 1))
        Rows Removed by Filter: 2317478
  ->  Hash  (cost=101726.81..101726.81 rows=27062 width=8) (actual time=1787.594..1787.594 rows=39613 loops=1)
        Buckets: 65536 (originally 32768)  Batches: 1 (originally 1)  Memory Usage: 2060kB
        ->  Hash Join  (cost=74545.71..101726.81 rows=27062 width=8) (actual time=1105.972..1773.556 rows=39613 loops=1)
              Hash Cond: (mi_idx.movie_id = t.id)
              ->  Seq Scan on movie_info_idx mi_idx  (cost=0.00..21735.35 rows=1380035 width=4) (actual time=0.020..328.798 rows=1380035 loops=1)
              ->  Hash  (cost=73925.90..73925.90 rows=49584 width=4) (actual time=1105.651..1105.651 rows=38752 loops=1)
                    Buckets: 65536  Batches: 1  Memory Usage: 1875kB
                    ->  Seq Scan on title t  (cost=0.00..73925.90 rows=49584 width=4) (actual time=0.050..1086.755 rows=38752 loops=1)
                          Filter: ((kind_id < 7) AND (production_year = 2008))
                          Rows Removed by Filter: 2489560
Planning time: 3.220 ms
Execution time: 2667.959 ms
