Hash Join  (cost=109821.31..218790.28 rows=152499 width=106) (actual time=816.718..1709.998 rows=183733 loops=1)
  Hash Cond: (mk.movie_id = t.id)
  ->  Seq Scan on movie_keyword mk  (cost=0.00..81003.12 rows=247970 width=12) (actual time=0.018..522.232 rows=246431 loops=1)
        Filter: (keyword_id > 60992)
        Rows Removed by Filter: 4277499
  ->  Hash  (cost=67604.59..67604.59 rows=1555018 width=94) (actual time=813.293..813.293 rows=1551727 loops=1)
        Buckets: 32768  Batches: 64  Memory Usage: 2980kB
        ->  Seq Scan on title t  (cost=0.00..67604.59 rows=1555018 width=94) (actual time=0.005..481.437 rows=1551727 loops=1)
              Filter: (production_year < 2007)
              Rows Removed by Filter: 976585
Planning time: 0.594 ms
Execution time: 1716.144 ms
