Seq Scan on cast_info ci  (cost=0.00..796071.18 rows=2885984 width=0) (actual time=1417.775..11536.968 rows=4489371 loops=1)
  Filter: ((person_id > 3242497) AND (role_id > 1))
  Rows Removed by Filter: 31754973
Planning time: 0.379 ms
Execution time: 12052.214 ms
