Hash Join  (cost=73982.55..825421.01 rows=64929 width=0) (actual time=12875.944..16959.852 rows=1 loops=1)
  Hash Cond: (ci.movie_id = t.id)
  ->  Seq Scan on cast_info ci  (cost=0.00..614943.12 rows=36225612 width=4) (actual time=0.036..8951.903 rows=36244344 loops=1)
  ->  Hash  (cost=73925.90..73925.90 rows=4532 width=4) (actual time=1183.594..1183.594 rows=1 loops=1)
        Buckets: 8192  Batches: 1  Memory Usage: 65kB
        ->  Seq Scan on title t  (cost=0.00..73925.90 rows=4532 width=4) (actual time=513.100..1183.586 rows=1 loops=1)
              Filter: ((kind_id = 7) AND (production_year = 1922))
              Rows Removed by Filter: 2528311
Planning time: 0.702 ms
Execution time: 16959.920 ms
