Seq Scan on movie_keyword mk  (cost=0.00..81003.12 rows=1311115 width=0) (actual time=0.013..1378.479 rows=1322187 loops=1)
  Filter: (keyword_id > 13092)
  Rows Removed by Filter: 3201743
Planning time: 0.324 ms
Execution time: 1540.119 ms
