Hash Join  (cost=164145.30..964824.30 rows=949940 width=0) (actual time=3433.522..20955.005 rows=531839 loops=1)
  Hash Cond: (ci.movie_id = t.id)
  ->  Seq Scan on cast_info ci  (cost=0.00..705507.15 rows=7298253 width=4) (actual time=0.026..13857.043 rows=7451973 loops=1)
        Filter: (role_id = 2)
        Rows Removed by Filter: 28792371
  ->  Hash  (cost=158745.38..158745.38 rows=329113 width=8) (actual time=3432.230..3432.230 rows=211859 loops=1)
        Buckets: 131072  Batches: 8  Memory Usage: 2059kB
        ->  Hash Join  (cost=79158.73..158745.38 rows=329113 width=8) (actual time=1469.011..3365.048 rows=211859 loops=1)
              Hash Cond: (mc.movie_id = t.id)
              ->  Seq Scan on movie_companies mc  (cost=0.00..44881.29 rows=2609129 width=4) (actual time=0.015..917.867 rows=2609129 loops=1)
              ->  Hash  (cost=73925.90..73925.90 rows=318946 width=4) (actual time=1248.029..1248.029 rows=209805 loops=1)
                    Buckets: 131072  Batches: 8  Memory Usage: 1936kB
                    ->  Seq Scan on title t  (cost=0.00..73925.90 rows=318946 width=4) (actual time=0.023..1171.533 rows=209805 loops=1)
                          Filter: ((production_year < 1981) AND (kind_id = 7))
                          Rows Removed by Filter: 2318507
Planning time: 1.250 ms
Execution time: 21021.478 ms
