Hash Join  (cost=139597.14..271015.29 rows=752078 width=0) (actual time=3132.664..8226.195 rows=7278079 loops=1)
  Hash Cond: (mk.movie_id = t.id)
  ->  Seq Scan on movie_keyword mk  (cost=0.00..81003.12 rows=3527532 width=4) (actual time=0.018..1844.859 rows=3518011 loops=1)
        Filter: (keyword_id < 18303)
        Rows Removed by Filter: 1005919
  ->  Hash  (cost=130752.54..130752.54 rows=539088 width=8) (actual time=3131.828..3131.828 rows=954317 loops=1)
        Buckets: 131072 (originally 131072)  Batches: 16 (originally 8)  Memory Usage: 3370kB
        ->  Hash Join  (cost=83810.17..130752.54 rows=539088 width=8) (actual time=1412.537..2862.715 rows=954317 loops=1)
              Hash Cond: (mi_idx.movie_id = t.id)
              ->  Seq Scan on movie_info_idx mi_idx  (cost=0.00..21735.35 rows=1380035 width=4) (actual time=0.009..425.465 rows=1380035 loops=1)
              ->  Hash  (cost=67604.59..67604.59 rows=987727 width=4) (actual time=1411.516..1411.516 rows=985048 loops=1)
                    Buckets: 131072  Batches: 16  Memory Usage: 3188kB
                    ->  Seq Scan on title t  (cost=0.00..67604.59 rows=987727 width=4) (actual time=0.014..1114.244 rows=985048 loops=1)
                          Filter: (kind_id < 7)
                          Rows Removed by Filter: 1543264
Planning time: 3.303 ms
Execution time: 8989.136 ms
