Hash Join  (cost=96651.52..235507.55 rows=1799967 width=0) (actual time=1886.249..5221.940 rows=849503 loops=1)
  Hash Cond: (mk.movie_id = t.id)
  ->  Seq Scan on movie_keyword mk  (cost=0.00..81003.12 rows=2570646 width=4) (actual time=0.024..1684.450 rows=2560171 loops=1)
        Filter: (keyword_id > 3430)
        Rows Removed by Filter: 1963759
  ->  Hash  (cost=67604.59..67604.59 rows=1770475 width=4) (actual time=1884.220..1884.220 rows=1774635 loops=1)
        Buckets: 131072  Batches: 32  Memory Usage: 2984kB
        ->  Seq Scan on title t  (cost=0.00..67604.59 rows=1770475 width=4) (actual time=0.025..1295.281 rows=1774635 loops=1)
              Filter: (kind_id > 2)
              Rows Removed by Filter: 753677
Planning time: 0.735 ms
Execution time: 5321.690 ms
