Hash Join  (cost=83072.40..140852.01 rows=6 width=0) (actual time=1452.440..2518.091 rows=123 loops=1)
  Hash Cond: (mc.movie_id = t.id)
  ->  Seq Scan on movie_companies mc  (cost=0.00..51404.11 rows=1700118 width=4) (actual time=0.032..979.357 rows=1700448 loops=1)
        Filter: (company_id > 2995)
        Rows Removed by Filter: 908681
  ->  Hash  (cost=83072.29..83072.29 rows=9 width=8) (actual time=1303.644..1303.644 rows=14 loops=1)
        Buckets: 1024  Batches: 1  Memory Usage: 9kB
        ->  Nested Loop  (cost=0.43..83072.29 rows=9 width=8) (actual time=13.153..1303.609 rows=14 loops=1)
              ->  Seq Scan on movie_keyword mk  (cost=0.00..81003.12 rows=246 width=4) (actual time=4.995..1280.654 rows=317 loops=1)
                    Filter: (keyword_id = 3155)
                    Rows Removed by Filter: 4523613
              ->  Index Scan using title_pkey on title t  (cost=0.43..8.40 rows=1 width=4) (actual time=0.070..0.070 rows=0 loops=317)
                    Index Cond: (id = mk.movie_id)
                    Filter: (production_year = 2005)
                    Rows Removed by Filter: 1
Planning time: 1.230 ms
Execution time: 2518.249 ms
