Hash Join  (cost=87731.24..228075.44 rows=1505516 width=0) (actual time=3049.169..5208.767 rows=377870 loops=1)
  Hash Cond: (mk.movie_id = t.id)
  ->  Seq Scan on movie_keyword mk  (cost=0.00..69693.30 rows=4523930 width=4) (actual time=0.014..1461.422 rows=4523930 loops=1)
  ->  Hash  (cost=73925.90..73925.90 rows=841467 width=4) (actual time=1670.537..1670.537 rows=921643 loops=1)
        Buckets: 131072  Batches: 16  Memory Usage: 3062kB
        ->  Seq Scan on title t  (cost=0.00..73925.90 rows=841467 width=4) (actual time=0.025..1371.236 rows=921643 loops=1)
              Filter: ((production_year > 2000) AND (kind_id = 7))
              Rows Removed by Filter: 1606669
Planning time: 0.742 ms
Execution time: 5250.409 ms
