Seq Scan on movie_keyword mk  (cost=0.00..81003.12 rows=1220967 width=0) (actual time=0.029..1421.464 rows=1230014 loops=1)
  Filter: (keyword_id > 14743)
  Rows Removed by Filter: 3293916
Planning time: 0.332 ms
Execution time: 1577.812 ms
