Hash Join  (cost=82871.49..1196920.92 rows=7811626 width=0) (actual time=1614.134..36807.438 rows=8691437 loops=1)
  Hash Cond: (ci.movie_id = t.id)
  ->  Seq Scan on cast_info ci  (cost=0.00..614943.12 rows=36225612 width=4) (actual time=0.020..13985.448 rows=36244344 loops=1)
  ->  Hash  (cost=73925.90..73925.90 rows=545247 width=4) (actual time=1390.354..1390.354 rows=557319 loops=1)
        Buckets: 131072  Batches: 8  Memory Usage: 3485kB
        ->  Seq Scan on title t  (cost=0.00..73925.90 rows=545247 width=4) (actual time=220.449..1222.903 rows=557319 loops=1)
              Filter: ((production_year < 2011) AND (kind_id = 1))
              Rows Removed by Filter: 1970993
Planning time: 0.803 ms
Execution time: 37838.281 ms
