Hash Join  (cost=82337.76..510719.12 rows=1195776 width=0) (actual time=1380.354..11114.770 rows=2081073 loops=1)
  Hash Cond: (mi.movie_id = t.id)
  ->  Seq Scan on movie_info mi  (cost=0.00..346232.03 rows=5897221 width=4) (actual time=0.014..5782.149 rows=5884963 loops=1)
        Filter: (info_type_id < 7)
        Rows Removed by Filter: 8950757
  ->  Hash  (cost=73925.90..73925.90 rows=512708 width=4) (actual time=1379.631..1379.631 rows=382109 loops=1)
        Buckets: 131072  Batches: 8  Memory Usage: 2718kB
        ->  Seq Scan on title t  (cost=0.00..73925.90 rows=512708 width=4) (actual time=181.260..1240.549 rows=382109 loops=1)
              Filter: ((production_year > 1980) AND (kind_id = 1))
              Rows Removed by Filter: 2146203
Planning time: 0.560 ms
Execution time: 11362.676 ms
