Hash Join  (cost=74730.49..875864.19 rows=32182 width=0) (actual time=8170.416..13861.201 rows=48445 loops=1)
  Hash Cond: (ci.movie_id = t.id)
  ->  Seq Scan on cast_info ci  (cost=0.00..796071.18 rows=1264187 width=4) (actual time=6865.990..11817.094 rows=2499359 loops=1)
        Filter: ((person_id < 333851) AND (role_id = 1))
        Rows Removed by Filter: 33744985
  ->  Hash  (cost=73925.90..73925.90 rows=64367 width=4) (actual time=1303.984..1303.984 rows=53905 loops=1)
        Buckets: 65536  Batches: 1  Memory Usage: 2408kB
        ->  Seq Scan on title t  (cost=0.00..73925.90 rows=64367 width=4) (actual time=0.070..1282.176 rows=53905 loops=1)
              Filter: ((kind_id < 7) AND (production_year = 2012))
              Rows Removed by Filter: 2474407
Planning time: 0.843 ms
Execution time: 13868.462 ms
