Seq Scan on cast_info ci  (cost=0.00..705507.15 rows=500 width=0) (actual time=10067.995..10298.800 rows=1 loops=1)
  Filter: (person_id = 2644190)
  Rows Removed by Filter: 36244343
Planning time: 0.374 ms
Execution time: 10298.882 ms
