Hash Join  (cost=83072.96..447729.18 rows=31 width=0) (actual time=1114.843..7387.876 rows=700 loops=1)
  Hash Cond: (mi.movie_id = t.id)
  ->  Seq Scan on movie_info mi  (cost=0.00..309384.22 rows=14739122 width=4) (actual time=0.016..3856.737 rows=14835720 loops=1)
  ->  Hash  (cost=83072.90..83072.90 rows=5 width=8) (actual time=1076.544..1076.544 rows=6 loops=1)
        Buckets: 1024  Batches: 1  Memory Usage: 9kB
        ->  Nested Loop  (cost=0.43..83072.90 rows=5 width=8) (actual time=465.454..1076.519 rows=6 loops=1)
              ->  Seq Scan on movie_keyword mk  (cost=0.00..81003.12 rows=246 width=4) (actual time=17.132..1061.244 rows=288 loops=1)
                    Filter: (keyword_id = 2140)
                    Rows Removed by Filter: 4523642
              ->  Index Scan using title_pkey on title t  (cost=0.43..8.40 rows=1 width=4) (actual time=0.051..0.051 rows=0 loops=288)
                    Index Cond: (id = mk.movie_id)
                    Filter: ((kind_id < 4) AND (production_year = 2011))
                    Rows Removed by Filter: 1
Planning time: 1.187 ms
Execution time: 7388.159 ms
