Hash Join  (cost=102767.86..1266783.29 rows=14880631 width=0) (actual time=1949.045..33489.162 rows=16606713 loops=1)
  Hash Cond: (ci.movie_id = t.id)
  ->  Seq Scan on cast_info ci  (cost=0.00..796071.18 rows=14880631 width=4) (actual time=11.809..16200.825 rows=16606713 loops=1)
        Filter: ((person_id < 1740185) AND (role_id < 9))
        Rows Removed by Filter: 19637631
  ->  Hash  (cost=61283.27..61283.27 rows=2528527 width=4) (actual time=1933.954..1933.954 rows=2528312 loops=1)
        Buckets: 131072  Batches: 64  Memory Usage: 2415kB
        ->  Seq Scan on title t  (cost=0.00..61283.27 rows=2528527 width=4) (actual time=0.015..1112.451 rows=2528312 loops=1)
Planning time: 0.674 ms
Execution time: 35293.638 ms
