Hash Join  (cost=83074.36..852109.08 rows=1112 width=0) (actual time=1392.060..16837.456 rows=737 loops=1)
  Hash Cond: (ci.movie_id = t.id)
  ->  Seq Scan on cast_info ci  (cost=0.00..705507.15 rows=16937721 width=4) (actual time=0.024..12692.146 rows=16806247 loops=1)
        Filter: (person_id < 1662573)
        Rows Removed by Filter: 19438097
  ->  Hash  (cost=83072.29..83072.29 rows=166 width=8) (actual time=1389.767..1389.767 rows=49 loops=1)
        Buckets: 1024  Batches: 1  Memory Usage: 10kB
        ->  Nested Loop  (cost=0.43..83072.29 rows=166 width=8) (actual time=142.420..1389.690 rows=49 loops=1)
              ->  Seq Scan on movie_keyword mk  (cost=0.00..81003.12 rows=246 width=4) (actual time=110.053..1384.518 rows=68 loops=1)
                    Filter: (keyword_id = 36469)
                    Rows Removed by Filter: 4523862
              ->  Index Scan using title_pkey on title t  (cost=0.43..8.40 rows=1 width=4) (actual time=0.072..0.072 rows=1 loops=68)
                    Index Cond: (id = mk.movie_id)
                    Filter: (production_year > 1992)
                    Rows Removed by Filter: 0
Planning time: 1.224 ms
Execution time: 16838.217 ms
