Seq Scan on cast_info ci  (cost=0.00..796071.18 rows=3549455 width=0) (actual time=7986.526..13071.313 rows=7123639 loops=1)
  Filter: ((person_id < 974653) AND (role_id < 2))
  Rows Removed by Filter: 29120705
Planning time: 4.553 ms
Execution time: 13964.694 ms
