Hash Join  (cost=83600.04..217259.91 rows=1221526 width=0) (actual time=1532.314..5371.525 rows=2611178 loops=1)
  Hash Cond: (mk.movie_id = t.id)
  ->  Seq Scan on movie_keyword mk  (cost=0.00..81003.12 rows=3168131 width=4) (actual time=0.019..1775.148 rows=3150848 loops=1)
        Filter: (keyword_id > 1808)
        Rows Removed by Filter: 1373082
  ->  Hash  (cost=67604.59..67604.59 rows=974916 width=4) (actual time=1531.219..1531.219 rows=972448 loops=1)
        Buckets: 131072  Batches: 16  Memory Usage: 3169kB
        ->  Seq Scan on title t  (cost=0.00..67604.59 rows=974916 width=4) (actual time=0.024..1227.891 rows=972448 loops=1)
              Filter: (kind_id < 6)
              Rows Removed by Filter: 1555864
Planning time: 0.699 ms
Execution time: 5637.098 ms
