Hash Join  (cost=709675.59..764343.12 rows=202 width=0) (actual time=10086.544..11067.447 rows=282 loops=1)
  Hash Cond: (mc.movie_id = t.id)
  ->  Seq Scan on movie_companies mc  (cost=0.00..44881.29 rows=2609129 width=4) (actual time=0.023..601.073 rows=2609129 loops=1)
  ->  Hash  (cost=709673.15..709673.15 rows=195 width=8) (actual time=10036.566..10036.566 rows=48 loops=1)
        Buckets: 1024  Batches: 1  Memory Usage: 10kB
        ->  Nested Loop  (cost=0.43..709673.15 rows=195 width=8) (actual time=2147.255..10036.510 rows=48 loops=1)
              ->  Seq Scan on cast_info ci  (cost=0.00..705507.15 rows=500 width=4) (actual time=2147.175..10013.029 rows=573 loops=1)
                    Filter: (person_id = 2570614)
                    Rows Removed by Filter: 36243771
              ->  Index Scan using title_pkey on title t  (cost=0.43..8.32 rows=1 width=4) (actual time=0.040..0.040 rows=0 loops=573)
                    Index Cond: (id = ci.movie_id)
                    Filter: (kind_id < 7)
                    Rows Removed by Filter: 1
Planning time: 1.200 ms
Execution time: 11067.724 ms
