Hash Join  (cost=74710.74..444456.04 rows=146029 width=0) (actual time=1458.955..8273.781 rows=162922 loops=1)
  Hash Cond: (mi.movie_id = t.id)
  ->  Seq Scan on movie_info mi  (cost=0.00..346232.03 rows=5880796 width=4) (actual time=313.226..5709.912 rows=5869026 loops=1)
        Filter: (info_type_id > 13)
        Rows Removed by Filter: 8966694
  ->  Hash  (cost=73925.90..73925.90 rows=62787 width=4) (actual time=1145.236..1145.236 rows=53770 loops=1)
        Buckets: 65536  Batches: 1  Memory Usage: 2403kB
        ->  Seq Scan on title t  (cost=0.00..73925.90 rows=62787 width=4) (actual time=0.034..1122.870 rows=53770 loops=1)
              Filter: ((kind_id < 7) AND (production_year = 2011))
              Rows Removed by Filter: 2474542
Planning time: 0.751 ms
Execution time: 8296.516 ms
