Hash Join  (cost=216532.50..580956.68 rows=258999 width=0) (actual time=7814.462..12221.977 rows=4990015 loops=1)
  Hash Cond: (mi.movie_id = t.id)
  ->  Seq Scan on movie_info mi  (cost=0.00..346232.03 rows=1158179 width=4) (actual time=3120.692..5830.724 rows=1204709 loops=1)
        Filter: (info_type_id > 18)
        Rows Removed by Filter: 13631011
  ->  Hash  (cost=207255.45..207255.45 rows=565444 width=8) (actual time=4692.930..4692.930 rows=566520 loops=1)
        Buckets: 131072  Batches: 8  Memory Usage: 3864kB
        ->  Hash Join  (cost=102767.86..207255.45 rows=565444 width=8) (actual time=1953.022..4522.874 rows=566520 loops=1)
              Hash Cond: (mk.movie_id = t.id)
              ->  Seq Scan on movie_keyword mk  (cost=0.00..81003.12 rows=565444 width=4) (actual time=0.020..1445.761 rows=566520 loops=1)
                    Filter: (keyword_id < 400)
                    Rows Removed by Filter: 3957410
              ->  Hash  (cost=61283.27..61283.27 rows=2528527 width=4) (actual time=1951.551..1951.551 rows=2528312 loops=1)
                    Buckets: 131072  Batches: 64  Memory Usage: 2425kB
                    ->  Seq Scan on title t  (cost=0.00..61283.27 rows=2528527 width=4) (actual time=0.019..1101.006 rows=2528312 loops=1)
Planning time: 1.109 ms
Execution time: 12762.181 ms
