Seq Scan on movie_companies mc  (cost=0.00..51404.11 rows=1096584 width=0) (actual time=0.022..1016.027 rows=1110276 loops=1)
  Filter: (company_id > 13981)
  Rows Removed by Filter: 1498853
Planning time: 1.615 ms
Execution time: 1156.516 ms
