Seq Scan on cast_info ci  (cost=0.00..796071.18 rows=8055006 width=0) (actual time=0.027..12703.756 rows=3422223 loops=1)
  Filter: ((person_id < 1216136) AND (role_id > 1))
  Rows Removed by Filter: 32822121
Planning time: 0.396 ms
Execution time: 13121.126 ms
