Seq Scan on cast_info ci  (cost=0.00..796071.18 rows=19810795 width=0) (actual time=0.017..14954.635 rows=18740600 loops=1)
  Filter: ((person_id > 1325281) AND (role_id < 10))
  Rows Removed by Filter: 17503744
Planning time: 0.336 ms
Execution time: 17165.548 ms
