Hash Join  (cost=102767.86..282720.97 rows=3701661 width=0) (actual time=2011.895..6764.033 rows=3700701 loops=1)
  Hash Cond: (mk.movie_id = t.id)
  ->  Seq Scan on movie_keyword mk  (cost=0.00..81003.12 rows=3701661 width=4) (actual time=0.014..1755.059 rows=3700701 loops=1)
        Filter: (keyword_id > 786)
        Rows Removed by Filter: 823229
  ->  Hash  (cost=61283.27..61283.27 rows=2528527 width=4) (actual time=2009.207..2009.207 rows=2528312 loops=1)
        Buckets: 131072  Batches: 64  Memory Usage: 2425kB
        ->  Seq Scan on title t  (cost=0.00..61283.27 rows=2528527 width=4) (actual time=0.016..1134.220 rows=2528312 loops=1)
Planning time: 0.749 ms
Execution time: 7180.686 ms
