Seq Scan on movie_keyword mk  (cost=0.00..81003.12 rows=664595 width=0) (actual time=0.022..1297.069 rows=671242 loops=1)
  Filter: (keyword_id > 27940)
  Rows Removed by Filter: 3852688
Planning time: 0.299 ms
Execution time: 1387.049 ms
