Hash Join  (cost=178709.62..572967.02 rows=949165 width=0) (actual time=4427.815..13989.100 rows=8964336 loops=1)
  Hash Cond: (mi.movie_id = t.id)
  ->  Seq Scan on movie_info mi  (cost=0.00..346232.03 rows=3068194 width=4) (actual time=0.011..5757.474 rows=3036719 loops=1)
        Filter: (info_type_id = 16)
        Rows Removed by Filter: 11799001
  ->  Hash  (cost=165875.92..165875.92 rows=782216 width=8) (actual time=4426.321..4426.321 rows=1501947 loops=1)
        Buckets: 131072 (originally 131072)  Batches: 32 (originally 16)  Memory Usage: 3073kB
        ->  Hash Join  (cost=80042.24..165875.92 rows=782216 width=8) (actual time=1401.756..4003.029 rows=1501947 loops=1)
              Hash Cond: (mc.movie_id = t.id)
              ->  Seq Scan on movie_companies mc  (cost=0.00..44881.29 rows=2609129 width=4) (actual time=0.016..845.654 rows=2609129 loops=1)
              ->  Hash  (cost=67604.59..67604.59 rows=758052 width=4) (actual time=1400.971..1400.971 rows=753677 loops=1)
                    Buckets: 131072  Batches: 16  Memory Usage: 2677kB
                    ->  Seq Scan on title t  (cost=0.00..67604.59 rows=758052 width=4) (actual time=0.031..1161.856 rows=753677 loops=1)
                          Filter: (kind_id < 3)
                          Rows Removed by Filter: 1774635
Planning time: 1.152 ms
Execution time: 15022.700 ms
