Hash Join  (cost=189632.99..311769.53 rows=960327 width=0) (actual time=5161.279..12289.810 rows=18276830 loops=1)
  Hash Cond: (mk.movie_id = t.id)
  ->  Seq Scan on movie_keyword mk  (cost=0.00..81003.12 rows=2382439 width=4) (actual time=0.015..1611.299 rows=2375251 loops=1)
        Filter: (keyword_id > 4032)
        Rows Removed by Filter: 2148679
  ->  Hash  (cost=172910.83..172910.83 rows=1019213 width=8) (actual time=5160.327..5160.327 rows=1891821 loops=1)
        Buckets: 131072 (originally 131072)  Batches: 32 (originally 16)  Memory Usage: 3402kB
        ->  Hash Join  (cost=83810.17..172910.83 rows=1019213 width=8) (actual time=1571.863..4597.820 rows=1891821 loops=1)
              Hash Cond: (mc.movie_id = t.id)
              ->  Seq Scan on movie_companies mc  (cost=0.00..44881.29 rows=2609129 width=4) (actual time=0.010..934.841 rows=2609129 loops=1)
              ->  Hash  (cost=67604.59..67604.59 rows=987727 width=4) (actual time=1570.764..1570.764 rows=985048 loops=1)
                    Buckets: 131072  Batches: 16  Memory Usage: 3188kB
                    ->  Seq Scan on title t  (cost=0.00..67604.59 rows=987727 width=4) (actual time=0.030..1268.600 rows=985048 loops=1)
                          Filter: (kind_id < 7)
                          Rows Removed by Filter: 1543264
Planning time: 10.623 ms
Execution time: 14394.662 ms
