Hash Join  (cost=193055.43..687193.91 rows=1343156 width=0) (actual time=3655.196..15428.263 rows=815385 loops=1)
  Hash Cond: (mi.movie_id = t.id)
  ->  Seq Scan on movie_info mi  (cost=0.00..309384.22 rows=14739122 width=4) (actual time=0.013..5890.280 rows=14835720 loops=1)
  ->  Hash  (cost=189274.17..189274.17 rows=230421 width=8) (actual time=3654.368..3654.368 rows=79303 loops=1)
        Buckets: 131072  Batches: 4  Memory Usage: 1811kB
        ->  Hash Join  (cost=94973.51..189274.17 rows=230421 width=8) (actual time=1805.962..3625.915 rows=79303 loops=1)
              Hash Cond: (mk.movie_id = t.id)
              ->  Seq Scan on movie_keyword mk  (cost=0.00..81003.12 rows=349264 width=4) (actual time=0.020..1311.462 rows=363692 loops=1)
                    Filter: (keyword_id < 335)
                    Rows Removed by Filter: 4160238
              ->  Hash  (cost=67604.59..67604.59 rows=1668154 width=4) (actual time=1792.205..1792.205 rows=1674098 loops=1)
                    Buckets: 131072  Batches: 32  Memory Usage: 2875kB
                    ->  Seq Scan on title t  (cost=0.00..67604.59 rows=1668154 width=4) (actual time=0.024..1252.731 rows=1674098 loops=1)
                          Filter: (kind_id > 3)
                          Rows Removed by Filter: 854214
Planning time: 5.821 ms
Execution time: 15523.330 ms
