Seq Scan on movie_companies mc  (cost=0.00..51404.11 rows=539907 width=0) (actual time=475.802..946.105 rows=544750 loops=1)
  Filter: (company_id > 72041)
  Rows Removed by Filter: 2064379
Planning time: 1.329 ms
Execution time: 1015.347 ms
