Hash Join  (cost=102767.86..1253139.49 rows=14313628 width=0) (actual time=2097.497..32144.709 rows=16494221 loops=1)
  Hash Cond: (ci.movie_id = t.id)
  ->  Seq Scan on cast_info ci  (cost=0.00..796071.18 rows=14313628 width=4) (actual time=19.477..16072.864 rows=16494221 loops=1)
        Filter: ((person_id < 1856795) AND (role_id < 6))
        Rows Removed by Filter: 19750123
  ->  Hash  (cost=61283.27..61283.27 rows=2528527 width=4) (actual time=2038.677..2038.677 rows=2528312 loops=1)
        Buckets: 131072  Batches: 64  Memory Usage: 2415kB
        ->  Seq Scan on title t  (cost=0.00..61283.27 rows=2528527 width=4) (actual time=0.031..962.730 rows=2528312 loops=1)
Planning time: 0.800 ms
Execution time: 34038.135 ms
