Hash Join  (cost=71408.55..463773.16 rows=332275 width=0) (actual time=1140.727..8764.248 rows=314366 loops=1)
  Hash Cond: (mi.movie_id = t.id)
  ->  Seq Scan on movie_info mi  (cost=0.00..346232.03 rows=3623957 width=4) (actual time=0.025..5585.778 rows=3624977 loops=1)
        Filter: (info_type_id < 4)
        Rows Removed by Filter: 11210743
  ->  Hash  (cost=67604.59..67604.59 rows=231837 width=4) (actual time=1139.888..1139.888 rows=231649 loops=1)
        Buckets: 131072  Batches: 4  Memory Usage: 3082kB
        ->  Seq Scan on title t  (cost=0.00..67604.59 rows=231837 width=4) (actual time=0.015..1056.195 rows=231649 loops=1)
              Filter: (production_year > 2011)
              Rows Removed by Filter: 2296663
Planning time: 0.728 ms
Execution time: 8798.532 ms
