Seq Scan on movie_keyword mk  (cost=0.00..81003.12 rows=2618980 width=0) (actual time=0.014..1492.177 rows=2609748 loops=1)
  Filter: (keyword_id > 3293)
  Rows Removed by Filter: 1914182
Planning time: 0.341 ms
Execution time: 1828.921 ms
