Hash Join  (cost=651300.45..2391903.62 rows=46763899 width=0) (actual time=17947.759..101275.794 rows=202486898 loops=1)
  Hash Cond: (ci.movie_id = t.id)
  ->  Seq Scan on cast_info ci  (cost=0.00..614943.12 rows=36225612 width=4) (actual time=0.023..13625.581 rows=36244344 loops=1)
  ->  Hash  (cost=597748.29..597748.29 rows=3264093 width=8) (actual time=17944.141..17944.141 rows=5216666 loops=1)
        Buckets: 131072 (originally 131072)  Batches: 128 (originally 64)  Memory Usage: 3073kB
        ->  Hash Join  (cost=83113.43..597748.29 rows=3264093 width=8) (actual time=1397.998..16168.333 rows=5216666 loops=1)
              Hash Cond: (mi.movie_id = t.id)
              ->  Seq Scan on movie_info mi  (cost=0.00..309384.22 rows=14739122 width=4) (actual time=0.028..5880.751 rows=14835720 loops=1)
              ->  Hash  (cost=73925.90..73925.90 rows=559962 width=4) (actual time=1396.722..1396.722 rows=477167 loops=1)
                    Buckets: 131072  Batches: 8  Memory Usage: 3125kB
                    ->  Seq Scan on title t  (cost=0.00..73925.90 rows=559962 width=4) (actual time=0.022..1241.993 rows=477167 loops=1)
                          Filter: ((kind_id < 7) AND (production_year > 1999))
                          Rows Removed by Filter: 2051145
Planning time: 1.134 ms
Execution time: 123899.942 ms
