Seq Scan on movie_keyword mk  (cost=0.00..81003.12 rows=3866636 width=0) (actual time=0.015..1554.631 rows=3858562 loops=1)
  Filter: (keyword_id < 28206)
  Rows Removed by Filter: 665368
Planning time: 0.334 ms
Execution time: 2051.122 ms
