Seq Scan on movie_keyword mk  (cost=0.00..81003.12 rows=246 width=0) (actual time=0.930..1306.366 rows=1980 loops=1)
  Filter: (keyword_id = 772)
  Rows Removed by Filter: 4521950
Planning time: 1.331 ms
Execution time: 1306.820 ms
