Seq Scan on cast_info ci  (cost=0.00..796071.18 rows=324 width=0) (actual time=4121.653..13402.717 rows=38 loops=1)
  Filter: ((role_id > 1) AND (person_id = 160950))
  Rows Removed by Filter: 36244306
Planning time: 0.371 ms
Execution time: 13402.869 ms
