Seq Scan on movie_keyword mk  (cost=0.00..81003.12 rows=2582283 width=0) (actual time=0.030..1640.669 rows=2574295 loops=1)
  Filter: (keyword_id < 6625)
  Rows Removed by Filter: 1949635
Planning time: 1.485 ms
Execution time: 1960.744 ms
