Hash Join  (cost=165239.72..293306.82 rows=497806 width=0) (actual time=3699.613..7833.023 rows=3792072 loops=1)
  Hash Cond: (mk.movie_id = t.id)
  ->  Seq Scan on movie_keyword mk  (cost=0.00..69693.30 rows=4523930 width=4) (actual time=0.023..1554.616 rows=4523930 loops=1)
  ->  Hash  (cost=160674.78..160674.78 rows=278235 width=8) (actual time=3698.372..3698.372 rows=401232 loops=1)
        Buckets: 131072 (originally 131072)  Batches: 8 (originally 4)  Memory Usage: 3073kB
        ->  Hash Join  (cost=82776.67..160674.78 rows=278235 width=8) (actual time=1409.259..3550.833 rows=401232 loops=1)
              Hash Cond: (mc.movie_id = t.id)
              ->  Seq Scan on movie_companies mc  (cost=0.00..57926.93 rows=1304222 width=4) (actual time=0.016..1284.581 rows=1286154 loops=1)
                    Filter: ((company_id < 192449) AND (company_type_id > 1))
                    Rows Removed by Filter: 1322975
              ->  Hash  (cost=73925.90..73925.90 rows=539421 width=4) (actual time=1408.338..1408.338 rows=459810 loops=1)
                    Buckets: 131072  Batches: 8  Memory Usage: 3041kB
                    ->  Seq Scan on title t  (cost=0.00..73925.90 rows=539421 width=4) (actual time=0.095..1260.858 rows=459810 loops=1)
                          Filter: ((kind_id < 7) AND (production_year > 2000))
                          Rows Removed by Filter: 2068502
Planning time: 1.139 ms
Execution time: 8216.434 ms
