Hash Join  (cost=183075.62..321204.28 rows=1323663 width=0) (actual time=4590.351..16124.546 rows=30801610 loops=1)
  Hash Cond: (mk.movie_id = t.id)
  ->  Seq Scan on movie_keyword mk  (cost=0.00..69693.30 rows=4523930 width=4) (actual time=0.013..1508.098 rows=4523930 loops=1)
  ->  Hash  (cost=170937.80..170937.80 rows=739825 width=8) (actual time=4589.271..4589.271 rows=1455772 loops=1)
        Buckets: 131072 (originally 131072)  Batches: 32 (originally 16)  Memory Usage: 3073kB
        ->  Hash Join  (cost=85689.03..170937.80 rows=739825 width=8) (actual time=1507.765..4166.059 rows=1455772 loops=1)
              Hash Cond: (mc.movie_id = t.id)
              ->  Seq Scan on movie_companies mc  (cost=0.00..44881.29 rows=2609129 width=4) (actual time=0.007..890.882 rows=2609129 loops=1)
              ->  Hash  (cost=73925.90..73925.90 rows=716970 width=4) (actual time=1506.937..1506.937 rows=722635 loops=1)
                    Buckets: 131072  Batches: 16  Memory Usage: 2610kB
                    ->  Seq Scan on title t  (cost=0.00..73925.90 rows=716970 width=4) (actual time=0.015..1265.433 rows=722635 loops=1)
                          Filter: ((kind_id < 3) AND (production_year < 2013))
                          Rows Removed by Filter: 1805677
Planning time: 1.054 ms
Execution time: 19556.690 ms
