Hash Join  (cost=68237.77..150545.08 rows=6614 width=0) (actual time=1065.847..2483.591 rows=6024 loops=1)
  Hash Cond: (mk.movie_id = t.id)
  ->  Seq Scan on movie_keyword mk  (cost=0.00..81003.12 rows=330145 width=4) (actual time=0.020..1351.449 rows=329390 loops=1)
        Filter: (keyword_id > 50114)
        Rows Removed by Filter: 4194540
  ->  Hash  (cost=67604.59..67604.59 rows=50655 width=4) (actual time=1052.230..1052.230 rows=50564 loops=1)
        Buckets: 65536  Batches: 1  Memory Usage: 2290kB
        ->  Seq Scan on title t  (cost=0.00..67604.59 rows=50655 width=4) (actual time=0.025..1031.236 rows=50564 loops=1)
              Filter: (production_year = 1999)
              Rows Removed by Filter: 2477748
Planning time: 0.700 ms
Execution time: 2484.761 ms
