Hash Join  (cost=76960.10..149057.55 rows=79982 width=0) (actual time=2266.035..3229.553 rows=42484 loops=1)
  Hash Cond: (mc.movie_id = t.id)
  ->  Seq Scan on movie_companies mc  (cost=0.00..57926.93 rows=1093785 width=4) (actual time=521.893..1110.560 rows=867312 loops=1)
        Filter: ((company_id < 76202) AND (company_type_id > 1))
        Rows Removed by Filter: 1741817
  ->  Hash  (cost=73925.90..73925.90 rows=184896 width=4) (actual time=1743.099..1743.099 rows=79092 loops=1)
        Buckets: 131072  Batches: 4  Memory Usage: 1718kB
        ->  Seq Scan on title t  (cost=0.00..73925.90 rows=184896 width=4) (actual time=0.041..1244.999 rows=79092 loops=1)
              Filter: ((production_year < 1965) AND (kind_id = 7))
              Rows Removed by Filter: 2449220
Planning time: 0.523 ms
Execution time: 3235.002 ms
