Seq Scan on cast_info ci  (cost=0.00..705507.15 rows=500 width=0) (actual time=882.029..10659.873 rows=423 loops=1)
  Filter: (person_id = 384867)
  Rows Removed by Filter: 36243921
Planning time: 0.465 ms
Execution time: 10660.026 ms
