Nested Loop  (cost=0.43..447802.20 rows=17937 width=0) (actual time=2330.044..4879.827 rows=18214 loops=1)
  ->  Seq Scan on movie_info mi  (cost=0.00..346232.03 rows=17937 width=4) (actual time=2329.862..4594.168 rows=18214 loops=1)
        Filter: (info_type_id = 108)
        Rows Removed by Filter: 14817506
  ->  Index Only Scan using title_pkey on title t  (cost=0.43..5.65 rows=1 width=4) (actual time=0.015..0.015 rows=1 loops=18214)
        Index Cond: (id = mi.movie_id)
        Heap Fetches: 18214
Planning time: 0.780 ms
Execution time: 4883.581 ms
