Hash Join  (cost=75915.84..512981.24 rows=359892 width=0) (actual time=1282.399..10255.324 rows=193382 loops=1)
  Hash Cond: (mi.movie_id = t.id)
  ->  Seq Scan on movie_info mi  (cost=0.00..346232.03 rows=7503588 width=4) (actual time=0.020..6119.004 rows=7548855 loops=1)
        Filter: (info_type_id > 7)
        Rows Removed by Filter: 7286865
  ->  Hash  (cost=73925.90..73925.90 rows=121275 width=4) (actual time=1280.289..1280.289 rows=124747 loops=1)
        Buckets: 131072  Batches: 2  Memory Usage: 3225kB
        ->  Seq Scan on title t  (cost=0.00..73925.90 rows=121275 width=4) (actual time=0.022..1231.948 rows=124747 loops=1)
              Filter: ((kind_id > 1) AND (production_year = 2012))
              Rows Removed by Filter: 2403565
Planning time: 0.835 ms
Execution time: 10282.550 ms
