Hash Join  (cost=75536.49..1123782.08 rows=1405842 width=0) (actual time=1257.157..28818.431 rows=2564635 loops=1)
  Hash Cond: (ci.movie_id = t.id)
  ->  Seq Scan on cast_info ci  (cost=0.00..614943.12 rows=36225612 width=4) (actual time=0.011..11567.585 rows=36244344 loops=1)
  ->  Hash  (cost=73925.90..73925.90 rows=98127 width=4) (actual time=1256.245..1256.245 rows=226456 loops=1)
        Buckets: 131072 (originally 131072)  Batches: 4 (originally 2)  Memory Usage: 3073kB
        ->  Seq Scan on title t  (cost=0.00..73925.90 rows=98127 width=4) (actual time=0.021..1175.665 rows=226456 loops=1)
              Filter: ((kind_id < 2) AND (production_year < 1970))
              Rows Removed by Filter: 2301856
Planning time: 0.734 ms
Execution time: 29126.234 ms
