Hash Join  (cost=156209.36..282396.40 rows=583617 width=0) (actual time=3706.473..7711.165 rows=2517260 loops=1)
  Hash Cond: (mk.movie_id = t.id)
  ->  Seq Scan on movie_keyword mk  (cost=0.00..81003.12 rows=3249533 width=4) (actual time=0.023..1813.178 rows=3237625 loops=1)
        Filter: (keyword_id > 1661)
        Rows Removed by Filter: 1286305
  ->  Hash  (cost=148758.81..148758.81 rows=454124 width=8) (actual time=3705.698..3705.698 rows=459925 loops=1)
        Buckets: 131072  Batches: 8  Memory Usage: 3284kB
        ->  Hash Join  (cost=102767.86..148758.81 rows=454124 width=8) (actual time=2300.032..3576.908 rows=459925 loops=1)
              Hash Cond: (mi_idx.movie_id = t.id)
              ->  Seq Scan on movie_info_idx mi_idx  (cost=0.00..25185.44 rows=454124 width=4) (actual time=0.018..518.117 rows=459925 loops=1)
                    Filter: (info_type_id = 100)
                    Rows Removed by Filter: 920110
              ->  Hash  (cost=61283.27..61283.27 rows=2528527 width=4) (actual time=2299.051..2299.051 rows=2528312 loops=1)
                    Buckets: 131072  Batches: 64  Memory Usage: 2415kB
                    ->  Seq Scan on title t  (cost=0.00..61283.27 rows=2528527 width=4) (actual time=0.013..1166.204 rows=2528312 loops=1)
Planning time: 1.116 ms
Execution time: 7972.161 ms
