Seq Scan on movie_keyword mk  (cost=0.00..81003.12 rows=1362080 width=0) (actual time=0.027..1229.857 rows=1376157 loops=1)
  Filter: (keyword_id > 12109)
  Rows Removed by Filter: 3147773
Planning time: 0.323 ms
Execution time: 1378.281 ms
