Seq Scan on cast_info ci  (cost=0.00..705507.15 rows=500 width=0) (actual time=3297.880..10321.264 rows=901 loops=1)
  Filter: (person_id = 40828)
  Rows Removed by Filter: 36243443
Planning time: 2.019 ms
Execution time: 10321.495 ms
