Hash Join  (cost=74528.17..441992.62 rows=280853 width=0) (actual time=1216.235..10049.300 rows=437723 loops=1)
  Hash Cond: (mi.movie_id = t.id)
  ->  Seq Scan on movie_info mi  (cost=0.00..309384.22 rows=14739122 width=4) (actual time=0.011..4724.119 rows=14835720 loops=1)
  ->  Hash  (cost=73925.90..73925.90 rows=48181 width=4) (actual time=1213.766..1213.766 rows=40899 loops=1)
        Buckets: 65536  Batches: 1  Memory Usage: 1950kB
        ->  Seq Scan on title t  (cost=0.00..73925.90 rows=48181 width=4) (actual time=0.023..1196.657 rows=40899 loops=1)
              Filter: ((kind_id < 4) AND (production_year = 2010))
              Rows Removed by Filter: 2487413
Planning time: 0.782 ms
Execution time: 10117.203 ms
