Seq Scan on cast_info ci  (cost=0.00..796071.18 rows=8550163 width=0) (actual time=0.032..13383.320 rows=11383066 loops=1)
  Filter: ((person_id > 1678079) AND (role_id > 2))
  Rows Removed by Filter: 24861278
Planning time: 0.349 ms
Execution time: 14676.561 ms
