Hash Join  (cost=80372.21..907905.82 rows=354537 width=0) (actual time=10238.157..14797.566 rows=59775 loops=1)
  Hash Cond: (ci.movie_id = t.id)
  ->  Seq Scan on cast_info ci  (cost=0.00..796071.18 rows=2281617 width=4) (actual time=9001.019..13177.103 rows=736214 loops=1)
        Filter: ((person_id < 1898682) AND (role_id = 10))
        Rows Removed by Filter: 35508130
  ->  Hash  (cost=73925.90..73925.90 rows=392904 width=4) (actual time=1233.474..1233.474 rows=277350 loops=1)
        Buckets: 131072  Batches: 8  Memory Usage: 2231kB
        ->  Seq Scan on title t  (cost=0.00..73925.90 rows=392904 width=4) (actual time=0.034..1142.045 rows=277350 loops=1)
              Filter: ((production_year < 1988) AND (kind_id = 7))
              Rows Removed by Filter: 2250962
Planning time: 0.952 ms
Execution time: 14804.928 ms
