Hash Join  (cost=97102.97..263952.08 rows=3216815 width=0) (actual time=2300.365..6658.435 rows=2849561 loops=1)
  Hash Cond: (mk.movie_id = t.id)
  ->  Seq Scan on movie_keyword mk  (cost=0.00..69693.30 rows=4523930 width=4) (actual time=0.014..1447.265 rows=4523930 loops=1)
  ->  Hash  (cost=67604.59..67604.59 rows=1797951 width=4) (actual time=2299.366..2299.366 rows=1793384 loops=1)
        Buckets: 131072  Batches: 32  Memory Usage: 3007kB
        ->  Seq Scan on title t  (cost=0.00..67604.59 rows=1797951 width=4) (actual time=0.016..1412.627 rows=1793384 loops=1)
              Filter: (production_year > 1988)
              Rows Removed by Filter: 734928
Planning time: 0.712 ms
Execution time: 6976.005 ms
