Seq Scan on movie_companies mc  (cost=0.00..51404.11 rows=11132 width=0) (actual time=0.026..795.134 rows=11817 loops=1)
  Filter: (company_id = 11203)
  Rows Removed by Filter: 2597312
Planning time: 1.040 ms
Execution time: 797.164 ms
