Hash Join  (cost=196423.66..1373315.79 rows=13929097 width=0) (actual time=4129.682..37580.753 rows=16024958 loops=1)
  Hash Cond: (ci.movie_id = t.id)
  ->  Seq Scan on cast_info ci  (cost=0.00..614943.12 rows=36225612 width=4) (actual time=0.016..13164.288 rows=36244344 loops=1)
  ->  Hash  (cost=180472.62..180472.62 rows=972243 width=8) (actual time=4128.638..4128.638 rows=519901 loops=1)
        Buckets: 131072  Batches: 16  Memory Usage: 2272kB
        ->  Hash Join  (cost=92883.59..180472.62 rows=972243 width=8) (actual time=1802.657..3973.253 rows=519901 loops=1)
              Hash Cond: (mc.movie_id = t.id)
              ->  Seq Scan on movie_companies mc  (cost=0.00..51404.11 rows=1595498 width=4) (actual time=0.014..998.700 rows=1586809 loops=1)
                    Filter: (company_id < 15877)
                    Rows Removed by Filter: 1022320
              ->  Hash  (cost=67604.59..67604.59 rows=1540800 width=4) (actual time=1801.642..1801.642 rows=1543264 loops=1)
                    Buckets: 131072  Batches: 32  Memory Usage: 2722kB
                    ->  Seq Scan on title t  (cost=0.00..67604.59 rows=1540800 width=4) (actual time=0.016..1321.248 rows=1543264 loops=1)
                          Filter: (kind_id = 7)
                          Rows Removed by Filter: 985048
Planning time: 1.164 ms
Execution time: 39336.114 ms
