Hash Join  (cost=1312002.04..2753480.79 rows=71134090 width=0) (actual time=30421.349..93309.387 rows=185481486 loops=1)
  Hash Cond: (mi.movie_id = t.id)
  ->  Seq Scan on movie_info mi  (cost=0.00..309384.22 rows=14739122 width=4) (actual time=0.017..6496.873 rows=14835720 loops=1)
  ->  Hash  (cost=1111793.02..1111793.02 rows=12203201 width=8) (actual time=30415.644..30415.644 rows=12113646 loops=1)
        Buckets: 131072  Batches: 256  Memory Usage: 2930kB
        ->  Hash Join  (cost=102767.86..1111793.02 rows=12203201 width=8) (actual time=1879.276..27138.954 rows=12113646 loops=1)
              Hash Cond: (ci.movie_id = t.id)
              ->  Seq Scan on cast_info ci  (cost=0.00..705507.15 rows=12203201 width=4) (actual time=0.028..14883.613 rows=12113646 loops=1)
                    Filter: (role_id > 3)
                    Rows Removed by Filter: 24130698
              ->  Hash  (cost=61283.27..61283.27 rows=2528527 width=4) (actual time=1877.721..1877.721 rows=2528312 loops=1)
                    Buckets: 131072  Batches: 64  Memory Usage: 2415kB
                    ->  Seq Scan on title t  (cost=0.00..61283.27 rows=2528527 width=4) (actual time=0.019..1011.945 rows=2528312 loops=1)
Planning time: 1.167 ms
Execution time: 112700.106 ms
