Seq Scan on cast_info ci  (cost=0.00..705507.15 rows=500 width=0) (actual time=4646.199..11322.293 rows=65 loops=1)
  Filter: (person_id = 2569676)
  Rows Removed by Filter: 36244279
Planning time: 0.373 ms
Execution time: 11322.378 ms
