Hash Join  (cost=161141.53..510682.12 rows=4875 width=0) (actual time=5974.468..8517.489 rows=131754 loops=1)
  Hash Cond: (mi.movie_id = t.id)
  ->  Seq Scan on movie_info mi  (cost=0.00..346232.03 rows=651960 width=4) (actual time=2878.316..5268.866 rows=660923 loops=1)
        Filter: (info_type_id = 18)
        Rows Removed by Filter: 14174797
  ->  Hash  (cost=160905.16..160905.16 rows=18910 width=8) (actual time=3095.282..3095.282 rows=54088 loops=1)
        Buckets: 65536 (originally 32768)  Batches: 1 (originally 1)  Memory Usage: 2625kB
        ->  Hash Join  (cost=74058.02..160905.16 rows=18910 width=8) (actual time=1127.156..3076.538 rows=54088 loops=1)
              Hash Cond: (mk.movie_id = t.id)
              ->  Seq Scan on movie_keyword mk  (cost=0.00..69693.30 rows=4523930 width=4) (actual time=0.054..1090.353 rows=4523930 loops=1)
              ->  Hash  (cost=73925.90..73925.90 rows=10569 width=4) (actual time=1126.933..1126.933 rows=10528 loops=1)
                    Buckets: 16384  Batches: 1  Memory Usage: 499kB
                    ->  Seq Scan on title t  (cost=0.00..73925.90 rows=10569 width=4) (actual time=1.125..1122.323 rows=10528 loops=1)
                          Filter: ((kind_id < 7) AND (production_year = 1993))
                          Rows Removed by Filter: 2517784
Planning time: 1.355 ms
Execution time: 8534.581 ms
