Hash Join  (cost=73962.22..903122.03 rows=10106 width=0) (actual time=2411.484..18959.311 rows=5807 loops=1)
  Hash Cond: (ci.movie_id = t.id)
  ->  Seq Scan on cast_info ci  (cost=0.00..796071.18 rows=8796685 width=4) (actual time=1167.163..16041.684 rows=9051878 loops=1)
        Filter: ((person_id > 243993) AND (role_id > 4))
        Rows Removed by Filter: 27192466
  ->  Hash  (cost=73925.90..73925.90 rows=2905 width=4) (actual time=1243.501..1243.501 rows=8125 loops=1)
        Buckets: 8192 (originally 4096)  Batches: 1 (originally 1)  Memory Usage: 350kB
        ->  Seq Scan on title t  (cost=0.00..73925.90 rows=2905 width=4) (actual time=626.755..1239.780 rows=8125 loops=1)
              Filter: ((kind_id < 7) AND (production_year = 1914))
              Rows Removed by Filter: 2520187
Planning time: 0.774 ms
Execution time: 18960.509 ms
