Hash Join  (cost=83074.74..447745.01 rows=1434 width=0) (actual time=1287.542..7744.226 rows=96743 loops=1)
  Hash Cond: (mi.movie_id = t.id)
  ->  Seq Scan on movie_info mi  (cost=0.00..309384.22 rows=14739122 width=4) (actual time=0.023..3660.615 rows=14835720 loops=1)
  ->  Hash  (cost=83071.67..83071.67 rows=246 width=8) (actual time=1287.397..1287.397 rows=2885 loops=1)
        Buckets: 4096 (originally 1024)  Batches: 1 (originally 1)  Memory Usage: 145kB
        ->  Nested Loop  (cost=0.43..83071.67 rows=246 width=8) (actual time=0.140..1285.384 rows=2885 loops=1)
              ->  Seq Scan on movie_keyword mk  (cost=0.00..81003.12 rows=246 width=4) (actual time=0.076..1211.104 rows=2885 loops=1)
                    Filter: (keyword_id = 2102)
                    Rows Removed by Filter: 4521045
              ->  Index Only Scan using title_pkey on title t  (cost=0.43..8.40 rows=1 width=4) (actual time=0.024..0.025 rows=1 loops=2885)
                    Index Cond: (id = mk.movie_id)
                    Heap Fetches: 2885
Planning time: 1.082 ms
Execution time: 7759.694 ms
