Seq Scan on movie_companies mc  (cost=0.00..57926.93 rows=226054 width=0) (actual time=0.039..840.184 rows=344294 loops=1)
  Filter: ((company_id < 391) AND (company_type_id = 1))
  Rows Removed by Filter: 2264835
Planning time: 0.424 ms
Execution time: 885.125 ms
