Seq Scan on cast_info ci  (cost=0.00..705507.15 rows=7875372 width=0) (actual time=1112.846..10523.981 rows=7857579 loops=1)
  Filter: (person_id > 2892165)
  Rows Removed by Filter: 28386765
Planning time: 0.328 ms
Execution time: 11500.437 ms
