Hash Join  (cost=82412.27..215689.35 rows=925404 width=0) (actual time=2465.180..4468.628 rows=199426 loops=1)
  Hash Cond: (mk.movie_id = t.id)
  ->  Seq Scan on movie_keyword mk  (cost=0.00..69693.30 rows=4523930 width=4) (actual time=0.022..1305.137 rows=4523930 loops=1)
  ->  Hash  (cost=73925.90..73925.90 rows=517229 width=4) (actual time=1225.379..1225.379 rows=403947 loops=1)
        Buckets: 131072  Batches: 8  Memory Usage: 2790kB
        ->  Seq Scan on title t  (cost=0.00..73925.90 rows=517229 width=4) (actual time=0.019..1092.180 rows=403947 loops=1)
              Filter: ((production_year < 1996) AND (kind_id = 7))
              Rows Removed by Filter: 2124365
Planning time: 0.761 ms
Execution time: 4493.920 ms
