Seq Scan on movie_companies mc  (cost=0.00..57926.93 rows=601172 width=0) (actual time=0.022..1028.394 rows=879823 loops=1)
  Filter: ((company_id > 12492) AND (company_type_id = 2))
  Rows Removed by Filter: 1729306
Planning time: 0.369 ms
Execution time: 1135.928 ms
