Seq Scan on cast_info ci  (cost=0.00..796071.18 rows=4654295 width=0) (actual time=0.022..13191.193 rows=9553288 loops=1)
  Filter: ((person_id < 1303840) AND (role_id = 1))
  Rows Removed by Filter: 26691056
Planning time: 0.696 ms
Execution time: 14364.792 ms
