Hash Join  (cost=92883.59..193287.56 rows=431296 width=0) (actual time=2881.889..3833.658 rows=114970 loops=1)
  Hash Cond: (mk.movie_id = t.id)
  ->  Seq Scan on movie_keyword mk  (cost=0.00..81003.12 rows=707777 width=4) (actual time=0.015..1383.222 rows=713976 loops=1)
        Filter: (keyword_id > 26436)
        Rows Removed by Filter: 3809954
  ->  Hash  (cost=67604.59..67604.59 rows=1540800 width=4) (actual time=1851.730..1851.730 rows=1543264 loops=1)
        Buckets: 131072  Batches: 32  Memory Usage: 2728kB
        ->  Seq Scan on title t  (cost=0.00..67604.59 rows=1540800 width=4) (actual time=0.245..1338.742 rows=1543264 loops=1)
              Filter: (kind_id = 7)
              Rows Removed by Filter: 985048
Planning time: 0.591 ms
Execution time: 3847.347 ms
