Hash Join  (cost=78556.72..143540.49 rows=82663 width=0) (actual time=1681.781..2752.424 rows=73662 loops=1)
  Hash Cond: (mc.movie_id = t.id)
  ->  Seq Scan on movie_companies mc  (cost=0.00..57926.93 rows=313119 width=4) (actual time=0.028..1000.051 rows=454362 loops=1)
        Filter: ((company_id < 846) AND (company_type_id = 1))
        Rows Removed by Filter: 2154767
  ->  Hash  (cost=67604.59..67604.59 rows=667531 width=4) (actual time=1404.774..1404.774 rows=662825 loops=1)
        Buckets: 131072  Batches: 16  Memory Usage: 2476kB
        ->  Seq Scan on title t  (cost=0.00..67604.59 rows=667531 width=4) (actual time=587.221..1206.889 rows=662825 loops=1)
              Filter: (kind_id = 1)
              Rows Removed by Filter: 1865487
Planning time: 1.199 ms
Execution time: 2761.113 ms
