Hash Join  (cost=143031.03..275795.26 rows=883319 width=0) (actual time=5132.421..6721.229 rows=695430 loops=1)
  Hash Cond: (mk.movie_id = t.id)
  ->  Seq Scan on movie_keyword mk  (cost=0.00..69693.30 rows=4523930 width=4) (actual time=0.020..1449.668 rows=4523930 loops=1)
  ->  Hash  (cost=134930.69..134930.69 rows=493707 width=8) (actual time=3241.006..3241.006 rows=248340 loops=1)
        Buckets: 131072  Batches: 8  Memory Usage: 2235kB
        ->  Hash Join  (cost=88767.14..134930.69 rows=493707 width=8) (actual time=2226.197..3160.722 rows=248340 loops=1)
              Hash Cond: (mi_idx.movie_id = t.id)
              ->  Seq Scan on movie_info_idx mi_idx  (cost=0.00..21735.35 rows=1380035 width=4) (actual time=0.027..471.529 rows=1380035 loops=1)
              ->  Hash  (cost=73925.90..73925.90 rows=904579 width=4) (actual time=1795.663..1795.663 rows=992072 loops=1)
                    Buckets: 131072  Batches: 16  Memory Usage: 3212kB
                    ->  Seq Scan on title t  (cost=0.00..73925.90 rows=904579 width=4) (actual time=161.843..1471.600 rows=992072 loops=1)
                          Filter: ((production_year > 1998) AND (kind_id = 7))
                          Rows Removed by Filter: 1536240
Planning time: 1.153 ms
Execution time: 6806.222 ms
