Nested Loop  (cost=0.43..83071.67 rows=246 width=0) (actual time=73.268..1338.299 rows=1 loops=1)
  ->  Seq Scan on movie_keyword mk  (cost=0.00..81003.12 rows=246 width=4) (actual time=73.189..1338.217 rows=1 loops=1)
        Filter: (keyword_id = 105668)
        Rows Removed by Filter: 4523929
  ->  Index Only Scan using title_pkey on title t  (cost=0.43..8.40 rows=1 width=4) (actual time=0.064..0.065 rows=1 loops=1)
        Index Cond: (id = mk.movie_id)
        Heap Fetches: 1
Planning time: 0.730 ms
Execution time: 1338.360 ms
