Hash Join  (cost=97835.13..642341.46 rows=6406144 width=0) (actual time=1990.187..16170.334 rows=3352455 loops=1)
  Hash Cond: (mi.movie_id = t.id)
  ->  Seq Scan on movie_info mi  (cost=0.00..346232.03 rows=11115165 width=4) (actual time=0.023..7220.978 rows=11210743 loops=1)
        Filter: (info_type_id > 3)
        Rows Removed by Filter: 3624977
  ->  Hash  (cost=73925.90..73925.90 rows=1457298 width=4) (actual time=1986.050..1986.050 rows=1438183 loops=1)
        Buckets: 131072  Batches: 32  Memory Usage: 2610kB
        ->  Seq Scan on title t  (cost=0.00..73925.90 rows=1457298 width=4) (actual time=0.022..1490.320 rows=1438183 loops=1)
              Filter: ((production_year < 2013) AND (kind_id = 7))
              Rows Removed by Filter: 1090129
Planning time: 0.780 ms
Execution time: 16575.408 ms
