Seq Scan on title t  (cost=0.00..73925.90 rows=922603 width=0) (actual time=0.009..1271.195 rows=879202 loops=1)
  Filter: ((kind_id < 7) AND (production_year > 1923))
  Rows Removed by Filter: 1649110
Planning time: 0.365 ms
Execution time: 1392.077 ms
