Seq Scan on movie_keyword mk  (cost=0.00..81003.12 rows=246 width=0) (actual time=0.319..1252.612 rows=2223 loops=1)
  Filter: (keyword_id = 11172)
  Rows Removed by Filter: 4521707
Planning time: 0.374 ms
Execution time: 1253.326 ms
