Hash Join  (cost=966565.51..4390069.86 rows=179731200 width=0) (actual time=23491.906..146239.011 rows=337328183 loops=1)
  Hash Cond: (ci.movie_id = t.id)
  ->  Seq Scan on cast_info ci  (cost=0.00..614943.12 rows=36225612 width=4) (actual time=0.182..13657.382 rows=36244344 loops=1)
  ->  Hash  (cost=760746.33..760746.33 rows=12545135 width=8) (actual time=23490.580..23490.580 rows=12601870 loops=1)
        Buckets: 131072  Batches: 256  Memory Usage: 2922kB
        ->  Hash Join  (cost=102767.86..760746.33 rows=12545135 width=8) (actual time=1903.653..19967.278 rows=12601870 loops=1)
              Hash Cond: (mi.movie_id = t.id)
              ->  Seq Scan on movie_info mi  (cost=0.00..346232.03 rows=12545135 width=4) (actual time=0.019..7424.221 rows=12601870 loops=1)
                    Filter: (info_type_id < 17)
                    Rows Removed by Filter: 2233850
              ->  Hash  (cost=61283.27..61283.27 rows=2528527 width=4) (actual time=1901.310..1901.310 rows=2528312 loops=1)
                    Buckets: 131072  Batches: 64  Memory Usage: 2425kB
                    ->  Seq Scan on title t  (cost=0.00..61283.27 rows=2528527 width=4) (actual time=0.021..1036.333 rows=2528312 loops=1)
Planning time: 3.942 ms
Execution time: 184331.035 ms
