Nested Loop  (cost=0.43..112570.69 rows=4222 width=0) (actual time=0.163..1413.034 rows=3351 loops=1)
  ->  Seq Scan on movie_keyword mk  (cost=0.00..81003.12 rows=4222 width=4) (actual time=0.103..1247.768 rows=3351 loops=1)
        Filter: (keyword_id = 571)
        Rows Removed by Filter: 4520579
  ->  Index Only Scan using title_pkey on title t  (cost=0.43..7.47 rows=1 width=4) (actual time=0.048..0.048 rows=1 loops=3351)
        Index Cond: (id = mk.movie_id)
        Heap Fetches: 3351
Planning time: 0.748 ms
Execution time: 1414.161 ms
