Hash Join  (cost=175027.18..1218313.82 rows=7992810 width=0) (actual time=3919.159..35460.024 rows=16617440 loops=1)
  Hash Cond: (ci.movie_id = t.id)
  ->  Seq Scan on cast_info ci  (cost=0.00..705507.15 rows=21989970 width=4) (actual time=0.011..14808.669 rows=21850143 loops=1)
        Filter: (person_id < 2222047)
        Rows Removed by Filter: 14394201
  ->  Hash  (cost=159947.97..159947.97 rows=919057 width=8) (actual time=3918.335..3918.335 rows=920110 loops=1)
        Buckets: 131072  Batches: 16  Memory Usage: 3269kB
        ->  Hash Join  (cost=102767.86..159947.97 rows=919057 width=8) (actual time=1950.127..3657.587 rows=920110 loops=1)
              Hash Cond: (mi_idx.movie_id = t.id)
              ->  Seq Scan on movie_info_idx mi_idx  (cost=0.00..25185.44 rows=919057 width=4) (actual time=0.011..553.107 rows=920110 loops=1)
                    Filter: (info_type_id > 99)
                    Rows Removed by Filter: 459925
              ->  Hash  (cost=61283.27..61283.27 rows=2528527 width=4) (actual time=1948.438..1948.438 rows=2528312 loops=1)
                    Buckets: 131072  Batches: 64  Memory Usage: 2415kB
                    ->  Seq Scan on title t  (cost=0.00..61283.27 rows=2528527 width=4) (actual time=0.009..1120.991 rows=2528312 loops=1)
Planning time: 2.016 ms
Execution time: 37425.191 ms
