Hash Join  (cost=112301.08..202988.12 rows=56303 width=0) (actual time=3537.225..4113.754 rows=35882 loops=1)
  Hash Cond: (mk.movie_id = t.id)
  ->  Seq Scan on movie_keyword mk  (cost=0.00..81003.12 rows=2432238 width=4) (actual time=0.024..1406.750 rows=2434975 loops=1)
        Filter: (keyword_id < 5776)
        Rows Removed by Filter: 2088955
  ->  Hash  (cost=111569.43..111569.43 rows=58532 width=8) (actual time=2298.949..2298.949 rows=25416 loops=1)
        Buckets: 65536  Batches: 1  Memory Usage: 1505kB
        ->  Hash Join  (cost=79273.71..111569.43 rows=58532 width=8) (actual time=1580.386..2288.749 rows=25416 loops=1)
              Hash Cond: (mi_idx.movie_id = t.id)
              ->  Seq Scan on movie_info_idx mi_idx  (cost=0.00..25185.44 rows=454124 width=4) (actual time=0.023..464.946 rows=459925 loops=1)
                    Filter: (info_type_id = 100)
                    Rows Removed by Filter: 920110
              ->  Hash  (cost=73925.90..73925.90 rows=325904 width=4) (actual time=1263.734..1263.734 rows=349534 loops=1)
                    Buckets: 131072  Batches: 8  Memory Usage: 2566kB
                    ->  Seq Scan on title t  (cost=0.00..73925.90 rows=325904 width=4) (actual time=0.016..1151.851 rows=349534 loops=1)
                          Filter: ((production_year > 2009) AND (kind_id = 7))
                          Rows Removed by Filter: 2178778
Planning time: 1.194 ms
Execution time: 4118.655 ms
