Seq Scan on movie_keyword mk  (cost=0.00..81003.12 rows=74708 width=0) (actual time=0.029..1330.657 rows=74313 loops=1)
  Filter: (keyword_id > 89634)
  Rows Removed by Filter: 4449617
Planning time: 0.326 ms
Execution time: 1341.851 ms
