Hash Join  (cost=1077218.41..1306945.29 rows=7449510 width=0) (actual time=18666.826..26314.258 rows=16004210 loops=1)
  Hash Cond: (mk.movie_id = t.id)
  ->  Seq Scan on movie_keyword mk  (cost=0.00..69693.30 rows=4523930 width=4) (actual time=0.013..1439.929 rows=4523930 loops=1)
  ->  Hash  (cost=1008907.16..1008907.16 rows=4163700 width=8) (actual time=18665.071..18665.071 rows=2564429 loops=1)
        Buckets: 131072  Batches: 64  Memory Usage: 2626kB
        ->  Hash Join  (cost=102767.86..1008907.16 rows=4163700 width=8) (actual time=5499.697..17883.407 rows=2564429 loops=1)
              Hash Cond: (ci.movie_id = t.id)
              ->  Seq Scan on cast_info ci  (cost=0.00..796071.18 rows=4163700 width=4) (actual time=3583.907..13170.348 rows=2564429 loops=1)
                    Filter: ((person_id < 901423) AND (role_id > 2))
                    Rows Removed by Filter: 33679915
              ->  Hash  (cost=61283.27..61283.27 rows=2528527 width=4) (actual time=1914.528..1914.528 rows=2528312 loops=1)
                    Buckets: 131072  Batches: 64  Memory Usage: 2415kB
                    ->  Seq Scan on title t  (cost=0.00..61283.27 rows=2528527 width=4) (actual time=0.034..1085.009 rows=2528312 loops=1)
Planning time: 0.952 ms
Execution time: 28135.609 ms
