Seq Scan on title t  (cost=0.00..73925.90 rows=337 width=0) (actual time=484.979..1122.888 rows=1 loops=1)
  Filter: ((kind_id = 4) AND (production_year = 1967))
  Rows Removed by Filter: 2528311
Planning time: 0.378 ms
Execution time: 1123.005 ms
