Hash Join  (cost=240034.22..791127.60 rows=6680945 width=0) (actual time=5156.894..32682.293 rows=60557722 loops=1)
  Hash Cond: (mi.movie_id = t.id)
  ->  Seq Scan on movie_info mi  (cost=0.00..309384.22 rows=14739122 width=4) (actual time=0.023..6430.251 rows=14835720 loops=1)
  ->  Hash  (cost=221229.60..221229.60 rows=1146130 width=8) (actual time=5155.814..5155.814 rows=1162508 loops=1)
        Buckets: 131072  Batches: 16  Memory Usage: 4002kB
        ->  Hash Join  (cost=102767.86..221229.60 rows=1146130 width=8) (actual time=1993.546..4807.124 rows=1162508 loops=1)
              Hash Cond: (mk.movie_id = t.id)
              ->  Seq Scan on movie_keyword mk  (cost=0.00..81003.12 rows=1146130 width=4) (actual time=0.029..1483.045 rows=1162508 loops=1)
                    Filter: (keyword_id > 16116)
                    Rows Removed by Filter: 3361422
              ->  Hash  (cost=61283.27..61283.27 rows=2528527 width=4) (actual time=1991.531..1991.531 rows=2528312 loops=1)
                    Buckets: 131072  Batches: 64  Memory Usage: 2425kB
                    ->  Seq Scan on title t  (cost=0.00..61283.27 rows=2528527 width=4) (actual time=0.009..1099.390 rows=2528312 loops=1)
Planning time: 1.147 ms
Execution time: 39485.134 ms
