Seq Scan on title t  (cost=0.00..73925.90 rows=631355 width=0) (actual time=0.096..1429.772 rows=634290 loops=1)
  Filter: ((production_year < 2013) AND (kind_id = 1))
  Rows Removed by Filter: 1894022
Planning time: 0.375 ms
Execution time: 1508.824 ms
