Hash Join  (cost=150492.46..1019808.98 rows=398899 width=0) (actual time=3844.213..19052.667 rows=377557 loops=1)
  Hash Cond: (ci.movie_id = t.id)
  ->  Seq Scan on cast_info ci  (cost=0.00..796071.18 rows=5932092 width=4) (actual time=672.583..14667.927 rows=2637385 loops=1)
        Filter: ((person_id < 2301878) AND (role_id > 4))
        Rows Removed by Filter: 33606959
  ->  Hash  (cost=147702.10..147702.10 rows=170029 width=8) (actual time=3163.395..3163.395 rows=114526 loops=1)
        Buckets: 131072  Batches: 4  Memory Usage: 2155kB
        ->  Hash Join  (cost=70308.29..147702.10 rows=170029 width=8) (actual time=1167.970..3125.118 rows=114526 loops=1)
              Hash Cond: (mc.movie_id = t.id)
              ->  Seq Scan on movie_companies mc  (cost=0.00..44881.29 rows=2609129 width=4) (actual time=0.024..842.483 rows=2609129 loops=1)
              ->  Hash  (cost=67604.59..67604.59 rows=164776 width=4) (actual time=1166.863..1166.863 rows=164307 loops=1)
                    Buckets: 131072  Batches: 4  Memory Usage: 2482kB
                    ->  Seq Scan on title t  (cost=0.00..67604.59 rows=164776 width=4) (actual time=0.026..1108.499 rows=164307 loops=1)
                          Filter: (production_year = 2012)
                          Rows Removed by Filter: 2364005
Planning time: 1.195 ms
Execution time: 19100.767 ms
