Hash Join  (cost=486635.27..1606088.04 rows=3929564 width=0) (actual time=9955.376..40086.037 rows=6247949 loops=1)
  Hash Cond: (ci.movie_id = t.id)
  ->  Seq Scan on cast_info ci  (cost=0.00..614943.12 rows=36225612 width=4) (actual time=0.025..13316.777 rows=36244344 loops=1)
  ->  Hash  (cost=482134.76..482134.76 rows=274281 width=8) (actual time=9954.498..9954.498 rows=265867 loops=1)
        Buckets: 131072  Batches: 4  Memory Usage: 3606kB
        ->  Hash Join  (cost=69694.50..482134.76 rows=274281 width=8) (actual time=4459.645..9670.066 rows=265867 loops=1)
              Hash Cond: (mi.movie_id = t.id)
              ->  Seq Scan on movie_info mi  (cost=0.00..346232.03 rows=5445713 width=4) (actual time=3060.166..6069.502 rows=5410520 loops=1)
                    Filter: (info_type_id < 6)
                    Rows Removed by Filter: 9425200
              ->  Hash  (cost=67604.59..67604.59 rows=127353 width=4) (actual time=1398.432..1398.432 rows=128696 loops=1)
                    Buckets: 131072  Batches: 2  Memory Usage: 3290kB
                    ->  Seq Scan on title t  (cost=0.00..67604.59 rows=127353 width=4) (actual time=0.035..1348.441 rows=128696 loops=1)
                          Filter: (production_year = 2009)
                          Rows Removed by Filter: 2399616
Planning time: 1.149 ms
Execution time: 40782.748 ms
