Seq Scan on movie_keyword mk  (cost=0.00..81003.12 rows=2629502 width=0) (actual time=0.013..1437.484 rows=2616859 loops=1)
  Filter: (keyword_id > 3270)
  Rows Removed by Filter: 1907071
Planning time: 0.229 ms
Execution time: 1756.504 ms
