Hash Join  (cost=102767.86..180077.30 rows=394985 width=0) (actual time=2234.491..3810.850 rows=228956 loops=1)
  Hash Cond: (mc.movie_id = t.id)
  ->  Seq Scan on movie_companies mc  (cost=0.00..57926.93 rows=394985 width=4) (actual time=283.420..959.675 rows=228956 loops=1)
        Filter: ((company_id < 1597) AND (company_type_id > 1))
        Rows Removed by Filter: 2380173
  ->  Hash  (cost=61283.27..61283.27 rows=2528527 width=4) (actual time=1949.717..1949.717 rows=2528312 loops=1)
        Buckets: 131072  Batches: 64  Memory Usage: 2415kB
        ->  Seq Scan on title t  (cost=0.00..61283.27 rows=2528527 width=4) (actual time=0.024..1072.665 rows=2528312 loops=1)
Planning time: 0.770 ms
Execution time: 3837.873 ms
