Hash Join  (cost=86252.72..596968.02 rows=3302841 width=0) (actual time=1366.630..15899.205 rows=6679162 loops=1)
  Hash Cond: (mi.movie_id = t.id)
  ->  Seq Scan on movie_info mi  (cost=0.00..346232.03 rows=11115165 width=4) (actual time=0.010..6965.972 rows=11210743 loops=1)
        Filter: (info_type_id > 3)
        Rows Removed by Filter: 3624977
  ->  Hash  (cost=73925.90..73925.90 rows=751345 width=4) (actual time=1365.983..1365.983 rows=793943 loops=1)
        Buckets: 131072  Batches: 16  Memory Usage: 2780kB
        ->  Seq Scan on title t  (cost=0.00..73925.90 rows=751345 width=4) (actual time=0.018..1129.726 rows=793943 loops=1)
              Filter: ((kind_id < 7) AND (production_year < 2010))
              Rows Removed by Filter: 1734369
Planning time: 0.734 ms
Execution time: 16669.162 ms
