Seq Scan on cast_info ci  (cost=0.00..705507.15 rows=500 width=0) (actual time=5424.709..11093.435 rows=1 loops=1)
  Filter: (person_id = 1770704)
  Rows Removed by Filter: 36244343
Planning time: 5.723 ms
Execution time: 11093.541 ms
