Nested Loop  (cost=0.43..52283.95 rows=41 width=0) (actual time=93.888..915.529 rows=47 loops=1)
  ->  Seq Scan on movie_companies mc  (cost=0.00..51404.11 rows=104 width=4) (actual time=93.810..898.790 rows=475 loops=1)
        Filter: (company_id = 47390)
        Rows Removed by Filter: 2608654
  ->  Index Scan using title_pkey on title t  (cost=0.43..8.45 rows=1 width=4) (actual time=0.035..0.035 rows=0 loops=475)
        Index Cond: (id = mc.movie_id)
        Filter: (kind_id < 7)
        Rows Removed by Filter: 1
Planning time: 0.787 ms
Execution time: 915.668 ms
