Hash Join  (cost=83073.74..456442.33 rows=332 width=0) (actual time=4762.015..11579.608 rows=5805 loops=1)
  Hash Cond: (mi.movie_id = t.id)
  ->  Seq Scan on movie_info mi  (cost=0.00..346232.03 rows=7235534 width=4) (actual time=0.019..5752.556 rows=7286865 loops=1)
        Filter: (info_type_id < 8)
        Rows Removed by Filter: 7548855
  ->  Hash  (cost=83072.29..83072.29 rows=116 width=8) (actual time=4753.300..4753.300 rows=391 loops=1)
        Buckets: 1024  Batches: 1  Memory Usage: 24kB
        ->  Nested Loop  (cost=0.43..83072.29 rows=116 width=8) (actual time=3.194..4752.947 rows=391 loops=1)
              ->  Seq Scan on movie_keyword mk  (cost=0.00..81003.12 rows=246 width=4) (actual time=0.380..1488.580 rows=1572 loops=1)
                    Filter: (keyword_id = 9980)
                    Rows Removed by Filter: 4522358
              ->  Index Scan using title_pkey on title t  (cost=0.43..8.40 rows=1 width=4) (actual time=2.075..2.076 rows=0 loops=1572)
                    Index Cond: (id = mk.movie_id)
                    Filter: (production_year > 2003)
                    Rows Removed by Filter: 1
Planning time: 1.214 ms
Execution time: 11580.861 ms
