Hash Join  (cost=183228.60..223849.69 rows=170661 width=0) (actual time=4153.465..5551.162 rows=843158 loops=1)
  Hash Cond: (mi_idx.movie_id = t.id)
  ->  Seq Scan on movie_info_idx mi_idx  (cost=0.00..21735.35 rows=1380035 width=4) (actual time=0.018..468.375 rows=1380035 loops=1)
  ->  Hash  (cost=178097.99..178097.99 rows=312689 width=8) (actual time=4152.640..4152.640 rows=608948 loops=1)
        Buckets: 131072  Batches: 8  Memory Usage: 4009kB
        ->  Hash Join  (cost=102767.86..178097.99 rows=312689 width=8) (actual time=2412.508..3973.008 rows=608948 loops=1)
              Hash Cond: (mc.movie_id = t.id)
              ->  Seq Scan on movie_companies mc  (cost=0.00..57926.93 rows=312689 width=4) (actual time=358.711..973.175 rows=608948 loops=1)
                    Filter: ((company_id > 62824) AND (company_type_id = 2))
                    Rows Removed by Filter: 2000181
              ->  Hash  (cost=61283.27..61283.27 rows=2528527 width=4) (actual time=2052.572..2052.572 rows=2528312 loops=1)
                    Buckets: 131072  Batches: 64  Memory Usage: 2415kB
                    ->  Seq Scan on title t  (cost=0.00..61283.27 rows=2528527 width=4) (actual time=0.019..1217.755 rows=2528312 loops=1)
Planning time: 1.232 ms
Execution time: 5651.883 ms
