Hash Join  (cost=93155.63..227157.24 rows=1385597 width=0) (actual time=1800.702..4859.589 rows=315181 loops=1)
  Hash Cond: (mk.movie_id = t.id)
  ->  Seq Scan on movie_keyword mk  (cost=0.00..81003.12 rows=2989203 width=4) (actual time=0.020..1612.929 rows=2973911 loops=1)
        Filter: (keyword_id < 10190)
        Rows Removed by Filter: 1550019
  ->  Hash  (cost=73925.90..73925.90 rows=1172058 width=4) (actual time=1799.325..1799.325 rows=1128906 loops=1)
        Buckets: 131072  Batches: 16  Memory Usage: 3509kB
        ->  Seq Scan on title t  (cost=0.00..73925.90 rows=1172058 width=4) (actual time=163.048..1436.037 rows=1128906 loops=1)
              Filter: ((production_year < 2010) AND (kind_id = 7))
              Rows Removed by Filter: 1399406
Planning time: 0.852 ms
Execution time: 4893.144 ms
