Seq Scan on cast_info ci  (cost=0.00..705507.15 rows=35875431 width=42) (actual time=0.018..14831.639 rows=35928226 loops=1)
  Filter: (role_id < 11)
  Rows Removed by Filter: 316118
Planning time: 0.427 ms
Execution time: 16821.811 ms
