Seq Scan on movie_companies mc  (cost=0.00..51404.11 rows=1676361 width=0) (actual time=0.024..808.072 rows=1668044 loops=1)
  Filter: (company_id < 18979)
  Rows Removed by Filter: 941085
Planning time: 0.349 ms
Execution time: 984.564 ms
