Hash Join  (cost=420413.93..483019.07 rows=7396 width=0) (actual time=6544.323..7951.224 rows=17516 loops=1)
  Hash Cond: (mc.movie_id = t.id)
  ->  Seq Scan on movie_companies mc  (cost=0.00..57926.93 rows=1227801 width=4) (actual time=96.426..1186.903 rows=1294571 loops=1)
        Filter: ((company_id > 56) AND (company_type_id > 1))
        Rows Removed by Filter: 1314558
  ->  Hash  (cost=420223.55..420223.55 rows=15230 width=8) (actual time=6447.181..6447.181 rows=15254 loops=1)
        Buckets: 16384  Batches: 1  Memory Usage: 724kB
        ->  Hash Join  (cost=69460.45..420223.55 rows=15230 width=8) (actual time=4646.538..6441.402 rows=15254 loops=1)
              Hash Cond: (mi.movie_id = t.id)
              ->  Seq Scan on movie_info mi  (cost=0.00..346232.03 rows=340474 width=4) (actual time=3612.882..5260.950 rows=328857 loops=1)
                    Filter: (info_type_id = 98)
                    Rows Removed by Filter: 14506863
              ->  Hash  (cost=67604.59..67604.59 rows=113109 width=4) (actual time=1032.674..1032.674 rows=119565 loops=1)
                    Buckets: 131072  Batches: 2  Memory Usage: 3121kB
                    ->  Seq Scan on title t  (cost=0.00..67604.59 rows=113109 width=4) (actual time=0.028..986.253 rows=119565 loops=1)
                          Filter: (production_year = 2007)
                          Rows Removed by Filter: 2408747
Planning time: 1.597 ms
Execution time: 7954.018 ms
