Hash Join  (cost=102767.86..1091982.17 rows=7616193 width=0) (actual time=5023.424..28365.215 rows=12670688 loops=1)
  Hash Cond: (ci.movie_id = t.id)
  ->  Seq Scan on cast_info ci  (cost=0.00..796071.18 rows=7616193 width=4) (actual time=3178.119..15926.591 rows=12670688 loops=1)
        Filter: ((person_id < 2184767) AND (role_id = 1))
        Rows Removed by Filter: 23573656
  ->  Hash  (cost=61283.27..61283.27 rows=2528527 width=4) (actual time=1843.075..1843.075 rows=2528312 loops=1)
        Buckets: 131072  Batches: 64  Memory Usage: 2415kB
        ->  Seq Scan on title t  (cost=0.00..61283.27 rows=2528527 width=4) (actual time=0.006..1002.645 rows=2528312 loops=1)
Planning time: 0.750 ms
Execution time: 29796.846 ms
