Seq Scan on movie_companies mc  (cost=0.00..51404.11 rows=819824 width=0) (actual time=0.043..930.810 rows=811232 loops=1)
  Filter: (company_id < 1878)
  Rows Removed by Filter: 1797897
Planning time: 0.330 ms
Execution time: 1029.507 ms
