Hash Join  (cost=80380.17..170886.28 rows=135861 width=0) (actual time=1752.126..3587.346 rows=188481 loops=1)
  Hash Cond: (mk.movie_id = t.id)
  ->  Seq Scan on movie_keyword mk  (cost=0.00..81003.12 rows=441165 width=4) (actual time=0.027..1408.207 rows=453330 loops=1)
        Filter: (keyword_id < 348)
        Rows Removed by Filter: 4070600
  ->  Hash  (cost=67604.59..67604.59 rows=778687 width=4) (actual time=1751.387..1751.387 rows=782677 loops=1)
        Buckets: 131072  Batches: 16  Memory Usage: 2751kB
        ->  Seq Scan on title t  (cost=0.00..67604.59 rows=778687 width=4) (actual time=0.022..1229.298 rows=782677 loops=1)
              Filter: (production_year < 1994)
              Rows Removed by Filter: 1745635
Planning time: 2.485 ms
Execution time: 3612.126 ms
