Seq Scan on movie_keyword mk  (cost=0.00..81003.12 rows=2315951 width=0) (actual time=0.013..1536.870 rows=2313153 loops=1)
  Filter: (keyword_id > 4460)
  Rows Removed by Filter: 2210777
Planning time: 0.244 ms
Execution time: 1834.530 ms
