Seq Scan on movie_keyword mk  (cost=0.00..81003.12 rows=69701 width=0) (actual time=0.030..1297.532 rows=68626 loops=1)
  Filter: (keyword_id > 91746)
  Rows Removed by Filter: 4455304
Planning time: 0.306 ms
Execution time: 1307.842 ms
