Hash Join  (cost=228870.05..759273.86 rows=3834994 width=0) (actual time=4981.080..18136.926 rows=2902640 loops=1)
  Hash Cond: (mi.movie_id = t.id)
  ->  Seq Scan on movie_info mi  (cost=0.00..346232.03 rows=11115165 width=4) (actual time=0.005..7036.005 rows=11210743 loops=1)
        Filter: (info_type_id > 3)
        Rows Removed by Filter: 3624977
  ->  Hash  (cost=214557.02..214557.02 rows=872402 width=8) (actual time=4974.572..4974.572 rows=304348 loops=1)
        Buckets: 131072  Batches: 16  Memory Usage: 1778kB
        ->  Hash Join  (cost=81925.97..214557.02 rows=872402 width=8) (actual time=1480.229..4882.394 rows=304348 loops=1)
              Hash Cond: (mk.movie_id = t.id)
              ->  Seq Scan on movie_keyword mk  (cost=0.00..69693.30 rows=4523930 width=4) (actual time=0.013..1429.738 rows=4523930 loops=1)
              ->  Hash  (cost=73925.90..73925.90 rows=487605 width=4) (actual time=1473.741..1473.741 rows=501779 loops=1)
                    Buckets: 131072  Batches: 8  Memory Usage: 3237kB
                    ->  Seq Scan on title t  (cost=0.00..73925.90 rows=487605 width=4) (actual time=0.016..1304.013 rows=501779 loops=1)
                          Filter: ((kind_id > 1) AND (production_year > 2008))
                          Rows Removed by Filter: 2026533
Planning time: 2.390 ms
Execution time: 18457.148 ms
