Seq Scan on cast_info ci  (cost=0.00..705507.15 rows=500 width=0) (actual time=11303.325..11325.817 rows=71 loops=1)
  Filter: (person_id = 2551224)
  Rows Removed by Filter: 36244273
Planning time: 0.415 ms
Execution time: 11325.933 ms
