Seq Scan on cast_info ci  (cost=0.00..796071.18 rows=80 width=0) (actual time=2613.251..13391.297 rows=162 loops=1)
  Filter: ((role_id > 8) AND (person_id = 3482764))
  Rows Removed by Filter: 36244182
Planning time: 0.284 ms
Execution time: 13391.411 ms
