Hash Join  (cost=101645.86..157938.39 rows=9022 width=0) (actual time=2117.002..2973.293 rows=58452 loops=1)
  Hash Cond: (mc.movie_id = t.id)
  ->  Seq Scan on movie_companies mc  (cost=0.00..51404.11 rows=1279517 width=4) (actual time=349.026..927.046 rows=1274246 loops=1)
        Filter: (company_type_id < 2)
        Rows Removed by Filter: 1334883
  ->  Hash  (cost=101423.00..101423.00 rows=17829 width=8) (actual time=1767.361..1767.361 rows=32274 loops=1)
        Buckets: 32768  Batches: 1  Memory Usage: 1517kB
        ->  Hash Join  (cost=74334.23..101423.00 rows=17829 width=8) (actual time=1084.441..1756.040 rows=32274 loops=1)
              Hash Cond: (mi_idx.movie_id = t.id)
              ->  Seq Scan on movie_info_idx mi_idx  (cost=0.00..21735.35 rows=1380035 width=4) (actual time=0.010..333.022 rows=1380035 loops=1)
              ->  Hash  (cost=73925.90..73925.90 rows=32666 width=4) (actual time=1083.872..1083.872 rows=22974 loops=1)
                    Buckets: 32768  Batches: 1  Memory Usage: 1064kB
                    ->  Seq Scan on title t  (cost=0.00..73925.90 rows=32666 width=4) (actual time=0.024..1073.131 rows=22974 loops=1)
                          Filter: ((kind_id < 4) AND (production_year = 2005))
                          Rows Removed by Filter: 2505338
Planning time: 1.185 ms
Execution time: 2981.107 ms
