Hash Join  (cost=106253.98..195826.02 rows=12413 width=0) (actual time=2031.084..3762.926 rows=14388 loops=1)
  Hash Cond: (mk.movie_id = t.id)
  ->  Seq Scan on movie_keyword mk  (cost=0.00..81003.12 rows=2251945 width=4) (actual time=0.865..1376.645 rows=2251077 loops=1)
        Filter: (keyword_id > 4783)
        Rows Removed by Filter: 2272853
  ->  Hash  (cost=106079.75..106079.75 rows=13938 width=8) (actual time=2028.326..2028.326 rows=6873 loops=1)
        Buckets: 16384  Batches: 1  Memory Usage: 397kB
        ->  Hash Join  (cost=75199.97..106079.75 rows=13938 width=8) (actual time=1346.565..2025.556 rows=6873 loops=1)
              Hash Cond: (mi_idx.movie_id = t.id)
              ->  Seq Scan on movie_info_idx mi_idx  (cost=0.00..25185.44 rows=454124 width=4) (actual time=0.026..485.284 rows=459925 loops=1)
                    Filter: (info_type_id = 100)
                    Rows Removed by Filter: 920110
              ->  Hash  (cost=73925.90..73925.90 rows=77605 width=4) (actual time=1345.547..1345.547 rows=84684 loops=1)
                    Buckets: 131072  Batches: 2  Memory Usage: 2512kB
                    ->  Seq Scan on title t  (cost=0.00..73925.90 rows=77605 width=4) (actual time=0.021..1313.159 rows=84684 loops=1)
                          Filter: ((kind_id = 7) AND (production_year = 2009))
                          Rows Removed by Filter: 2443628
Planning time: 1.205 ms
Execution time: 3764.942 ms
