Seq Scan on movie_keyword mk  (cost=0.00..81003.12 rows=87579 width=0) (actual time=0.044..1345.593 rows=85646 loops=1)
  Filter: (keyword_id > 86166)
  Rows Removed by Filter: 4438284
Planning time: 1.094 ms
Execution time: 1357.701 ms
