Hash Join  (cost=102767.86..255782.63 rows=2582132 width=0) (actual time=2047.273..6013.180 rows=2572807 loops=1)
  Hash Cond: (mk.movie_id = t.id)
  ->  Seq Scan on movie_keyword mk  (cost=0.00..81003.12 rows=2582132 width=4) (actual time=0.023..1632.921 rows=2572807 loops=1)
        Filter: (keyword_id < 6623)
        Rows Removed by Filter: 1951123
  ->  Hash  (cost=61283.27..61283.27 rows=2528527 width=4) (actual time=2045.635..2045.635 rows=2528312 loops=1)
        Buckets: 131072  Batches: 64  Memory Usage: 2425kB
        ->  Seq Scan on title t  (cost=0.00..61283.27 rows=2528527 width=4) (actual time=0.010..1162.952 rows=2528312 loops=1)
Planning time: 0.765 ms
Execution time: 6323.020 ms
