Seq Scan on movie_keyword mk  (cost=0.00..81003.12 rows=246 width=0) (actual time=37.466..1186.744 rows=58 loops=1)
  Filter: (keyword_id = 16170)
  Rows Removed by Filter: 4523872
Planning time: 0.494 ms
Execution time: 1186.883 ms
