Nested Loop  (cost=0.43..797556.58 rows=4 width=0) (actual time=8927.658..10794.728 rows=2 loops=1)
  ->  Seq Scan on cast_info ci  (cost=0.00..796071.18 rows=176 width=4) (actual time=8914.692..10730.562 rows=1635 loops=1)
        Filter: ((person_id = 234797) AND (role_id = 1))
        Rows Removed by Filter: 36242709
  ->  Index Scan using title_pkey on title t  (cost=0.43..8.43 rows=1 width=4) (actual time=0.039..0.039 rows=0 loops=1635)
        Index Cond: (id = ci.movie_id)
        Filter: ((kind_id < 7) AND (production_year = 2011))
        Rows Removed by Filter: 1
Planning time: 0.793 ms
Execution time: 10794.839 ms
