Hash Join  (cost=447618.24..1521422.98 rows=3893964 width=0) (actual time=7604.509..38739.377 rows=6776392 loops=1)
  Hash Cond: (ci.movie_id = t.id)
  ->  Seq Scan on cast_info ci  (cost=0.00..614943.12 rows=36225612 width=4) (actual time=0.053..12991.478 rows=36244344 loops=1)
  ->  Hash  (cost=443158.79..443158.79 rows=271796 width=8) (actual time=7603.485..7603.485 rows=331197 loops=1)
        Buckets: 131072 (originally 131072)  Batches: 8 (originally 4)  Memory Usage: 3073kB
        ->  Hash Join  (cost=81530.55..443158.79 rows=271796 width=8) (actual time=4648.207..7497.635 rows=331197 loops=1)
              Hash Cond: (mi.movie_id = t.id)
              ->  Seq Scan on movie_info mi  (cost=0.00..346232.03 rows=809669 width=4) (actual time=3162.976..5360.184 rows=802140 loops=1)
                    Filter: (info_type_id = 1)
                    Rows Removed by Filter: 14033580
              ->  Hash  (cost=67604.59..67604.59 rows=848797 width=4) (actual time=1484.073..1484.073 rows=849141 loops=1)
                    Buckets: 131072  Batches: 16  Memory Usage: 2900kB
                    ->  Seq Scan on title t  (cost=0.00..67604.59 rows=848797 width=4) (actual time=0.026..1207.597 rows=849141 loops=1)
                          Filter: (production_year < 1996)
                          Rows Removed by Filter: 1679171
Planning time: 1.489 ms
Execution time: 39562.539 ms
