Hash Join  (cost=95609.14..136481.38 rows=311191 width=0) (actual time=1902.136..2973.973 rows=291639 loops=1)
  Hash Cond: (mi_idx.movie_id = t.id)
  ->  Seq Scan on movie_info_idx mi_idx  (cost=0.00..25185.44 rows=460978 width=4) (actual time=0.014..465.047 rows=459925 loops=1)
        Filter: (info_type_id = 99)
        Rows Removed by Filter: 920110
  ->  Hash  (cost=67604.59..67604.59 rows=1706924 width=4) (actual time=1900.824..1900.824 rows=1700316 loops=1)
        Buckets: 131072  Batches: 32  Memory Usage: 2895kB
        ->  Seq Scan on title t  (cost=0.00..67604.59 rows=1706924 width=4) (actual time=0.014..1342.343 rows=1700316 loops=1)
              Filter: (production_year > 1992)
              Rows Removed by Filter: 827996
Planning time: 1.183 ms
Execution time: 3007.150 ms
