Hash Join  (cost=1033704.96..1680263.37 rows=10447877 width=0) (actual time=24816.836..56263.189 rows=69683968 loops=1)
  Hash Cond: (mi.movie_id = t.id)
  ->  Seq Scan on movie_info mi  (cost=0.00..309384.22 rows=14739122 width=4) (actual time=0.017..6153.623 rows=14835720 loops=1)
  ->  Hash  (cost=1004298.52..1004298.52 rows=1792355 width=8) (actual time=24815.524..24815.524 rows=2117878 loops=1)
        Buckets: 131072  Batches: 32  Memory Usage: 3646kB
        ->  Hash Join  (cost=82008.92..1004298.52 rows=1792355 width=8) (actual time=12215.237..23464.818 rows=2117878 loops=1)
              Hash Cond: (ci.movie_id = t.id)
              ->  Seq Scan on cast_info ci  (cost=0.00..796071.18 rows=9199434 width=4) (actual time=10844.967..16882.388 rows=9266115 loops=1)
                    Filter: ((person_id > 94584) AND (role_id > 4))
                    Rows Removed by Filter: 26978229
              ->  Hash  (cost=73925.90..73925.90 rows=492641 width=4) (actual time=1369.557..1369.557 rows=420285 loops=1)
                    Buckets: 131072  Batches: 8  Memory Usage: 2868kB
                    ->  Seq Scan on title t  (cost=0.00..73925.90 rows=492641 width=4) (actual time=0.021..1234.928 rows=420285 loops=1)
                          Filter: ((kind_id < 7) AND (production_year > 2002))
                          Rows Removed by Filter: 2108027
Planning time: 1.412 ms
Execution time: 63855.596 ms
