Hash Join  (cost=131173.43..938974.00 rows=81148 width=0) (actual time=13746.479..17400.623 rows=184796 loops=1)
  Hash Cond: (ci.movie_id = t.id)
  ->  Seq Scan on cast_info ci  (cost=0.00..796071.18 rows=863975 width=4) (actual time=11054.164..14179.503 rows=980598 loops=1)
        Filter: ((person_id > 872448) AND (role_id = 9))
        Rows Removed by Filter: 35263746
  ->  Hash  (cost=127276.83..127276.83 rows=237488 width=8) (actual time=2691.251..2691.251 rows=208831 loops=1)
        Buckets: 131072  Batches: 4  Memory Usage: 3059kB
        ->  Hash Join  (cost=89299.55..127276.83 rows=237488 width=8) (actual time=1695.278..2634.009 rows=208831 loops=1)
              Hash Cond: (mi_idx.movie_id = t.id)
              ->  Seq Scan on movie_info_idx mi_idx  (cost=0.00..25185.44 rows=454124 width=4) (actual time=0.035..467.975 rows=459925 loops=1)
                    Filter: (info_type_id = 100)
                    Rows Removed by Filter: 920110
              ->  Hash  (cost=67604.59..67604.59 rows=1322317 width=4) (actual time=1694.134..1694.134 rows=1322863 loops=1)
                    Buckets: 131072  Batches: 32  Memory Usage: 2481kB
                    ->  Seq Scan on title t  (cost=0.00..67604.59 rows=1322317 width=4) (actual time=0.019..1268.519 rows=1322863 loops=1)
                          Filter: (production_year > 2001)
                          Rows Removed by Filter: 1205449
Planning time: 1.179 ms
Execution time: 17425.459 ms
