Hash Join  (cost=73950.44..159744.55 rows=990 width=0) (actual time=1349.994..2957.665 rows=8167 loops=1)
  Hash Cond: (mk.movie_id = t.id)
  ->  Seq Scan on movie_keyword mk  (cost=0.00..81003.12 rows=1274955 width=4) (actual time=0.017..1442.617 rows=1281573 loops=1)
        Filter: (keyword_id > 13787)
        Rows Removed by Filter: 3242357
  ->  Hash  (cost=73925.90..73925.90 rows=1963 width=4) (actual time=1283.699..1283.699 rows=5461 loops=1)
        Buckets: 8192 (originally 2048)  Batches: 1 (originally 1)  Memory Usage: 256kB
        ->  Seq Scan on title t  (cost=0.00..73925.90 rows=1963 width=4) (actual time=452.389..1281.335 rows=5461 loops=1)
              Filter: ((kind_id = 1) AND (production_year = 1990))
              Rows Removed by Filter: 2522851
Planning time: 0.791 ms
Execution time: 2959.066 ms
