Hash Join  (cost=567370.11..1565155.77 rows=3739762 width=0) (actual time=12588.313..34464.566 rows=5463065 loops=1)
  Hash Cond: (ci.movie_id = t.id)
  ->  Seq Scan on cast_info ci  (cost=0.00..705507.15 rows=14162588 width=4) (actual time=0.040..13364.638 rows=14121938 loops=1)
        Filter: (person_id < 1390599)
        Rows Removed by Filter: 22122406
  ->  Hash  (cost=556415.10..556415.10 rows=667681 width=8) (actual time=12586.911..12586.911 rows=882915 loops=1)
        Buckets: 131072  Batches: 16  Memory Usage: 3190kB
        ->  Hash Join  (cost=69484.36..556415.10 rows=667681 width=8) (actual time=996.454..12299.731 rows=882915 loops=1)
              Hash Cond: (mi.movie_id = t.id)
              ->  Seq Scan on movie_info mi  (cost=0.00..309384.22 rows=14739122 width=4) (actual time=0.024..5735.847 rows=14835720 loops=1)
              ->  Hash  (cost=67604.59..67604.59 rows=114542 width=4) (actual time=995.545..995.545 rows=118234 loops=1)
                    Buckets: 131072  Batches: 2  Memory Usage: 3107kB
                    ->  Seq Scan on title t  (cost=0.00..67604.59 rows=114542 width=4) (actual time=0.023..952.676 rows=118234 loops=1)
                          Filter: (kind_id = 4)
                          Rows Removed by Filter: 2410078
Planning time: 1.502 ms
Execution time: 35126.834 ms
