Hash Join  (cost=101271.33..928502.12 rows=74856 width=0) (actual time=1667.398..18643.749 rows=205773 loops=1)
  Hash Cond: (ci.movie_id = t.id)
  ->  Seq Scan on cast_info ci  (cost=0.00..796071.18 rows=8109611 width=4) (actual time=0.018..14708.062 rows=9685868 loops=1)
        Filter: ((person_id > 1188499) AND (role_id > 3))
        Rows Removed by Filter: 26558476
  ->  Hash  (cost=100979.58..100979.58 rows=23340 width=8) (actual time=1666.894..1666.894 rows=19538 loops=1)
        Buckets: 32768  Batches: 1  Memory Usage: 1020kB
        ->  Hash Join  (cost=69687.24..100979.58 rows=23340 width=8) (actual time=989.757..1659.229 rows=19538 loops=1)
              Hash Cond: (mi_idx.movie_id = t.id)
              ->  Seq Scan on movie_info_idx mi_idx  (cost=0.00..25185.44 rows=464934 width=4) (actual time=0.022..463.810 rows=460185 loops=1)
                    Filter: (info_type_id > 100)
                    Rows Removed by Filter: 919850
              ->  Hash  (cost=67604.59..67604.59 rows=126932 width=4) (actual time=870.474..870.474 rows=122861 loops=1)
                    Buckets: 131072  Batches: 2  Memory Usage: 3191kB
                    ->  Seq Scan on title t  (cost=0.00..67604.59 rows=126932 width=4) (actual time=0.019..780.575 rows=122861 loops=1)
                          Filter: (production_year = 2008)
                          Rows Removed by Filter: 2405451
Planning time: 1.424 ms
Execution time: 18674.647 ms
