Hash Join  (cost=52284.99..79196.04 rows=57 width=0) (actual time=1199.254..1379.821 rows=21 loops=1)
  Hash Cond: (mi_idx.movie_id = t.id)
  ->  Seq Scan on movie_info_idx mi_idx  (cost=0.00..21735.35 rows=1380035 width=4) (actual time=0.022..309.214 rows=1380035 loops=1)
  ->  Hash  (cost=52283.69..52283.69 rows=104 width=8) (actual time=824.627..824.627 rows=82 loops=1)
        Buckets: 1024  Batches: 1  Memory Usage: 12kB
        ->  Nested Loop  (cost=0.43..52283.69 rows=104 width=8) (actual time=52.544..824.568 rows=82 loops=1)
              ->  Seq Scan on movie_companies mc  (cost=0.00..51404.11 rows=104 width=4) (actual time=48.919..819.479 rows=82 loops=1)
                    Filter: (company_id = 6354)
                    Rows Removed by Filter: 2609047
              ->  Index Only Scan using title_pkey on title t  (cost=0.43..8.45 rows=1 width=4) (actual time=0.060..0.060 rows=1 loops=82)
                    Index Cond: (id = mc.movie_id)
                    Heap Fetches: 82
Planning time: 1.125 ms
Execution time: 1379.942 ms
