Hash Join  (cost=139354.68..263174.55 rows=149183 width=0) (actual time=2683.161..5773.706 rows=534880 loops=1)
  Hash Cond: (mk.movie_id = t.id)
  ->  Seq Scan on movie_keyword mk  (cost=0.00..69693.30 rows=4523930 width=4) (actual time=0.007..1403.909 rows=4523930 loops=1)
  ->  Hash  (cost=137986.41..137986.41 rows=83382 width=8) (actual time=2680.936..2680.936 rows=45850 loops=1)
        Buckets: 131072  Batches: 2  Memory Usage: 1935kB
        ->  Hash Join  (cost=70308.29..137986.41 rows=83382 width=8) (actual time=1100.565..2663.109 rows=45850 loops=1)
              Hash Cond: (mc.movie_id = t.id)
              ->  Seq Scan on movie_companies mc  (cost=0.00..51404.11 rows=1279517 width=4) (actual time=0.010..1006.570 rows=1274246 loops=1)
                    Filter: (company_type_id < 2)
                    Rows Removed by Filter: 1334883
              ->  Hash  (cost=67604.59..67604.59 rows=164776 width=4) (actual time=1099.419..1099.419 rows=164307 loops=1)
                    Buckets: 131072  Batches: 4  Memory Usage: 2482kB
                    ->  Seq Scan on title t  (cost=0.00..67604.59 rows=164776 width=4) (actual time=0.020..1037.712 rows=164307 loops=1)
                          Filter: (production_year = 2012)
                          Rows Removed by Filter: 2364005
Planning time: 6.768 ms
Execution time: 5841.785 ms
