Hash Join  (cost=58375.85..144316.66 rows=28 width=0) (actual time=804.098..2325.613 rows=305 loops=1)
  Hash Cond: (mk.movie_id = t.id)
  ->  Seq Scan on movie_keyword mk  (cost=0.00..81003.12 rows=1316642 width=4) (actual time=0.020..1351.675 rows=1326455 loops=1)
        Filter: (keyword_id < 1733)
        Rows Removed by Filter: 3197475
  ->  Hash  (cost=58375.18..58375.18 rows=53 width=8) (actual time=793.233..793.233 rows=28 loops=1)
        Buckets: 1024  Batches: 1  Memory Usage: 10kB
        ->  Nested Loop  (cost=0.43..58375.18 rows=53 width=8) (actual time=59.932..793.195 rows=28 loops=1)
              ->  Seq Scan on movie_companies mc  (cost=0.00..57926.93 rows=53 width=4) (actual time=59.832..792.126 rows=28 loops=1)
                    Filter: ((company_id = 95712) AND (company_type_id = 2))
                    Rows Removed by Filter: 2609101
              ->  Index Only Scan using title_pkey on title t  (cost=0.43..8.45 rows=1 width=4) (actual time=0.034..0.035 rows=1 loops=28)
                    Index Cond: (id = mc.movie_id)
                    Heap Fetches: 28
Planning time: 0.805 ms
Execution time: 2325.744 ms
