Hash Join  (cost=195150.22..252717.76 rows=25556 width=0) (actual time=3674.159..5162.842 rows=101766 loops=1)
  Hash Cond: (mc.movie_id = t.id)
  ->  Seq Scan on movie_companies mc  (cost=0.00..51404.11 rows=1575432 width=4) (actual time=0.017..1083.404 rows=1565931 loops=1)
        Filter: (company_id < 15169)
        Rows Removed by Filter: 1043198
  ->  Hash  (cost=194637.51..194637.51 rows=41017 width=8) (actual time=3673.778..3673.778 rows=41840 loops=1)
        Buckets: 65536  Batches: 1  Memory Usage: 2147kB
        ->  Hash Join  (cost=102767.86..194637.51 rows=41017 width=8) (actual time=2022.140..3658.664 rows=41840 loops=1)
              Hash Cond: (mk.movie_id = t.id)
              ->  Seq Scan on movie_keyword mk  (cost=0.00..81003.12 rows=41017 width=4) (actual time=0.190..1253.871 rows=41840 loops=1)
                    Filter: (keyword_id = 117)
                    Rows Removed by Filter: 4482090
              ->  Hash  (cost=61283.27..61283.27 rows=2528527 width=4) (actual time=2020.664..2020.664 rows=2528312 loops=1)
                    Buckets: 131072  Batches: 64  Memory Usage: 2425kB
                    ->  Seq Scan on title t  (cost=0.00..61283.27 rows=2528527 width=4) (actual time=0.022..1156.192 rows=2528312 loops=1)
Planning time: 1.244 ms
Execution time: 5176.871 ms
