Seq Scan on title t  (cost=0.00..73925.90 rows=269649 width=0) (actual time=0.055..1320.697 rows=382611 loops=1)
  Filter: ((kind_id < 7) AND (production_year < 1990))
  Rows Removed by Filter: 2145701
Planning time: 0.362 ms
Execution time: 1367.078 ms
