Seq Scan on movie_keyword mk  (cost=0.00..81003.12 rows=246 width=0) (actual time=2.890..1451.756 rows=611 loops=1)
  Filter: (keyword_id = 4102)
  Rows Removed by Filter: 4523319
Planning time: 0.414 ms
Execution time: 1452.121 ms
