Seq Scan on movie_companies mc  (cost=0.00..57926.93 rows=103683 width=0) (actual time=0.023..833.100 rows=42016 loops=1)
  Filter: ((company_id < 67) AND (company_type_id > 1))
  Rows Removed by Filter: 2567113
Planning time: 0.288 ms
Execution time: 838.956 ms
