Hash Join  (cost=190230.21..269420.35 rows=718105 width=0) (actual time=4281.687..6634.186 rows=2176711 loops=1)
  Hash Cond: (mc.movie_id = t.id)
  ->  Seq Scan on movie_companies mc  (cost=0.00..51404.11 rows=1315726 width=4) (actual time=0.028..1003.170 rows=1306983 loops=1)
        Filter: (company_id < 11325)
        Rows Removed by Filter: 1302146
  ->  Hash  (cost=167588.78..167588.78 rows=1380035 width=8) (actual time=4280.839..4280.839 rows=1380035 loops=1)
        Buckets: 131072  Batches: 32  Memory Usage: 2708kB
        ->  Hash Join  (cost=102767.86..167588.78 rows=1380035 width=8) (actual time=1892.081..3860.859 rows=1380035 loops=1)
              Hash Cond: (mi_idx.movie_id = t.id)
              ->  Seq Scan on movie_info_idx mi_idx  (cost=0.00..21735.35 rows=1380035 width=4) (actual time=0.020..454.973 rows=1380035 loops=1)
              ->  Hash  (cost=61283.27..61283.27 rows=2528527 width=4) (actual time=1890.715..1890.715 rows=2528312 loops=1)
                    Buckets: 131072  Batches: 64  Memory Usage: 2415kB
                    ->  Seq Scan on title t  (cost=0.00..61283.27 rows=2528527 width=4) (actual time=0.018..1035.873 rows=2528312 loops=1)
Planning time: 1.179 ms
Execution time: 6875.031 ms
