Hash Join  (cost=333814.72..1967920.00 rows=49620808 width=0) (actual time=7583.819..76158.302 rows=164425528 loops=1)
  Hash Cond: (ci.movie_id = t.id)
  ->  Seq Scan on cast_info ci  (cost=0.00..614943.12 rows=36225612 width=4) (actual time=0.021..13881.098 rows=36244344 loops=1)
  ->  Hash  (cost=276990.92..276990.92 rows=3463504 width=8) (actual time=7581.693..7581.693 rows=3455780 loops=1)
        Buckets: 131072  Batches: 64  Memory Usage: 3155kB
        ->  Hash Join  (cost=102767.86..276990.92 rows=3463504 width=8) (actual time=1881.925..6410.435 rows=3455780 loops=1)
              Hash Cond: (mk.movie_id = t.id)
              ->  Seq Scan on movie_keyword mk  (cost=0.00..81003.12 rows=3463504 width=4) (actual time=0.023..1801.422 rows=3455780 loops=1)
                    Filter: (keyword_id < 16501)
                    Rows Removed by Filter: 1068150
              ->  Hash  (cost=61283.27..61283.27 rows=2528527 width=4) (actual time=1879.966..1879.966 rows=2528312 loops=1)
                    Buckets: 131072  Batches: 64  Memory Usage: 2425kB
                    ->  Seq Scan on title t  (cost=0.00..61283.27 rows=2528527 width=4) (actual time=0.015..995.339 rows=2528312 loops=1)
Planning time: 1.092 ms
Execution time: 93136.019 ms
