Hash Join  (cost=76725.80..1135642.02 rows=2444605 width=0) (actual time=1372.802..30890.002 rows=2404281 loops=1)
  Hash Cond: (ci.movie_id = t.id)
  ->  Seq Scan on cast_info ci  (cost=0.00..614943.12 rows=36225612 width=4) (actual time=0.018..13238.780 rows=36244344 loops=1)
  ->  Hash  (cost=73925.90..73925.90 rows=170632 width=4) (actual time=1371.981..1371.981 rows=170068 loops=1)
        Buckets: 131072  Batches: 4  Memory Usage: 2534kB
        ->  Seq Scan on title t  (cost=0.00..73925.90 rows=170632 width=4) (actual time=0.041..1313.364 rows=170068 loops=1)
              Filter: ((kind_id > 1) AND (production_year > 2011))
              Rows Removed by Filter: 2358244
Planning time: 9.942 ms
Execution time: 31210.872 ms
