Hash Join  (cost=220379.36..1394764.64 rows=9277004 width=0) (actual time=6199.117..56269.336 rows=80161528 loops=1)
  Hash Cond: (ci.movie_id = t.id)
  ->  Seq Scan on cast_info ci  (cost=0.00..614943.12 rows=36225612 width=4) (actual time=0.014..14039.557 rows=36244344 loops=1)
  ->  Hash  (cost=209755.23..209755.23 rows=647530 width=8) (actual time=6197.688..6197.688 rows=2009501 loops=1)
        Buckets: 131072 (originally 131072)  Batches: 32 (originally 16)  Memory Usage: 3446kB
        ->  Hash Join  (cost=79863.89..209755.23 rows=647530 width=8) (actual time=1403.367..5156.065 rows=2009501 loops=1)
              Hash Cond: (mk.movie_id = t.id)
              ->  Seq Scan on movie_keyword mk  (cost=0.00..69693.30 rows=4523930 width=4) (actual time=0.009..1391.072 rows=4523930 loops=1)
              ->  Hash  (cost=73925.90..73925.90 rows=361919 width=4) (actual time=1402.388..1402.388 rows=470371 loops=1)
                    Buckets: 131072  Batches: 8  Memory Usage: 3110kB
                    ->  Seq Scan on title t  (cost=0.00..73925.90 rows=361919 width=4) (actual time=0.012..1247.712 rows=470371 loops=1)
                          Filter: ((kind_id < 7) AND (production_year < 1998))
                          Rows Removed by Filter: 2057941
Planning time: 1.205 ms
Execution time: 65112.904 ms
