Hash Join  (cost=69484.36..872283.65 rows=23670 width=0) (actual time=5286.704..13665.854 rows=39736 loops=1)
  Hash Cond: (ci.movie_id = t.id)
  ->  Seq Scan on cast_info ci  (cost=0.00..796071.18 rows=522508 width=4) (actual time=4146.926..12161.626 rows=828035 loops=1)
        Filter: ((person_id > 2615630) AND (role_id = 8))
        Rows Removed by Filter: 35416309
  ->  Hash  (cost=67604.59..67604.59 rows=114542 width=4) (actual time=1138.671..1138.671 rows=118234 loops=1)
        Buckets: 131072  Batches: 2  Memory Usage: 3101kB
        ->  Seq Scan on title t  (cost=0.00..67604.59 rows=114542 width=4) (actual time=167.197..1090.921 rows=118234 loops=1)
              Filter: (kind_id = 4)
              Rows Removed by Filter: 2410078
Planning time: 0.795 ms
Execution time: 13671.961 ms
