Seq Scan on movie_keyword mk  (cost=0.00..81003.12 rows=2702638 width=0) (actual time=0.020..1582.653 rows=2701175 loops=1)
  Filter: (keyword_id < 7637)
  Rows Removed by Filter: 1822755
Planning time: 0.381 ms
Execution time: 1945.154 ms
