Seq Scan on movie_keyword mk  (cost=0.00..81003.12 rows=246 width=0) (actual time=4.617..1334.027 rows=903 loops=1)
  Filter: (keyword_id = 3661)
  Rows Removed by Filter: 4523027
Planning time: 0.581 ms
Execution time: 1334.423 ms
