Hash Join  (cost=782593.31..1149120.86 rows=187162 width=0) (actual time=14218.575..22776.982 rows=247173 loops=1)
  Hash Cond: (mi.movie_id = t.id)
  ->  Seq Scan on movie_info mi  (cost=0.00..309384.22 rows=14739122 width=4) (actual time=0.017..4492.733 rows=14835720 loops=1)
  ->  Hash  (cost=782191.96..782191.96 rows=32108 width=8) (actual time=14218.331..14218.331 rows=30038 loops=1)
        Buckets: 32768  Batches: 1  Memory Usage: 1430kB
        ->  Hash Join  (cost=71408.55..782191.96 rows=32108 width=8) (actual time=12648.007..14207.728 rows=30038 loops=1)
              Hash Cond: (ci.movie_id = t.id)
              ->  Seq Scan on cast_info ci  (cost=0.00..705507.15 rows=350181 width=4) (actual time=11490.199..12691.323 rows=316118 loops=1)
                    Filter: (role_id > 10)
                    Rows Removed by Filter: 35928226
              ->  Hash  (cost=67604.59..67604.59 rows=231837 width=4) (actual time=1156.862..1156.862 rows=231649 loops=1)
                    Buckets: 131072  Batches: 4  Memory Usage: 3076kB
                    ->  Seq Scan on title t  (cost=0.00..67604.59 rows=231837 width=4) (actual time=0.036..1077.438 rows=231649 loops=1)
                          Filter: (production_year > 2011)
                          Rows Removed by Filter: 2296663
Planning time: 1.186 ms
Execution time: 22815.579 ms
