Nested Loop  (cost=0.43..67321.97 rows=1152 width=0) (actual time=189.777..847.207 rows=39 loops=1)
  ->  Seq Scan on movie_companies mc  (cost=0.00..57926.93 rows=1152 width=4) (actual time=189.691..845.956 rows=39 loops=1)
        Filter: ((company_id = 3139) AND (company_type_id = 2))
        Rows Removed by Filter: 2609090
  ->  Index Only Scan using title_pkey on title t  (cost=0.43..8.15 rows=1 width=4) (actual time=0.029..0.029 rows=1 loops=39)
        Index Cond: (id = mc.movie_id)
        Heap Fetches: 39
Planning time: 0.828 ms
Execution time: 847.309 ms
