Hash Join  (cost=83074.74..447745.01 rows=1434 width=0) (actual time=1271.303..8470.064 rows=147466 loops=1)
  Hash Cond: (mi.movie_id = t.id)
  ->  Seq Scan on movie_info mi  (cost=0.00..309384.22 rows=14739122 width=4) (actual time=0.019..4237.947 rows=14835720 loops=1)
  ->  Hash  (cost=83071.67..83071.67 rows=246 width=8) (actual time=1271.154..1271.154 rows=3128 loops=1)
        Buckets: 4096 (originally 1024)  Batches: 1 (originally 1)  Memory Usage: 155kB
        ->  Nested Loop  (cost=0.43..83071.67 rows=246 width=8) (actual time=0.166..1269.233 rows=3128 loops=1)
              ->  Seq Scan on movie_keyword mk  (cost=0.00..81003.12 rows=246 width=4) (actual time=0.088..1178.630 rows=3128 loops=1)
                    Filter: (keyword_id = 4629)
                    Rows Removed by Filter: 4520802
              ->  Index Only Scan using title_pkey on title t  (cost=0.43..8.40 rows=1 width=4) (actual time=0.028..0.028 rows=1 loops=3128)
                    Index Cond: (id = mk.movie_id)
                    Heap Fetches: 3128
Planning time: 1.145 ms
Execution time: 8492.022 ms
