Hash Join  (cost=169461.59..1001059.27 rows=190026 width=0) (actual time=7805.725..17995.648 rows=191364 loops=1)
  Hash Cond: (ci.movie_id = t.id)
  ->  Seq Scan on cast_info ci  (cost=0.00..796071.18 rows=8966996 width=4) (actual time=4801.968..13370.830 rows=6267553 loops=1)
        Filter: ((person_id > 2639136) AND (role_id < 9))
        Rows Removed by Filter: 29976791
  ->  Hash  (cost=168791.79..168791.79 rows=53584 width=8) (actual time=3003.308..3003.308 rows=39528 loops=1)
        Buckets: 65536  Batches: 1  Memory Usage: 2057kB
        ->  Hash Join  (cost=76444.38..168791.79 rows=53584 width=8) (actual time=1236.800..2988.363 rows=39528 loops=1)
              Hash Cond: (mk.movie_id = t.id)
              ->  Seq Scan on movie_keyword mk  (cost=0.00..81003.12 rows=882785 width=4) (actual time=0.346..1383.746 rows=890226 loops=1)
                    Filter: (keyword_id < 843)
                    Rows Removed by Filter: 3633704
              ->  Hash  (cost=73925.90..73925.90 rows=153478 width=4) (actual time=1231.267..1231.267 rows=134760 loops=1)
                    Buckets: 131072  Batches: 4  Memory Usage: 2222kB
                    ->  Seq Scan on title t  (cost=0.00..73925.90 rows=153478 width=4) (actual time=0.023..1184.338 rows=134760 loops=1)
                          Filter: ((kind_id < 7) AND (production_year > 2010))
                          Rows Removed by Filter: 2393552
Planning time: 1.175 ms
Execution time: 18023.096 ms
