Hash Join  (cost=96729.52..959548.59 rows=2117232 width=0) (actual time=4825.180..15692.550 rows=934035 loops=1)
  Hash Cond: (ci.movie_id = t.id)
  ->  Seq Scan on cast_info ci  (cost=0.00..796071.18 rows=3015713 width=4) (actual time=2609.259..12021.508 rows=1262689 loops=1)
        Filter: ((person_id < 438746) AND (role_id > 1))
        Rows Removed by Filter: 34981655
  ->  Hash  (cost=67604.59..67604.59 rows=1775195 width=4) (actual time=2180.144..2180.144 rows=1772072 loops=1)
        Buckets: 131072  Batches: 32  Memory Usage: 2976kB
        ->  Seq Scan on title t  (cost=0.00..67604.59 rows=1775195 width=4) (actual time=0.015..1365.332 rows=1772072 loops=1)
              Filter: (production_year > 1989)
              Rows Removed by Filter: 756240
Planning time: 0.822 ms
Execution time: 15801.123 ms
