Seq Scan on movie_keyword mk  (cost=0.00..81003.12 rows=3862543 width=0) (actual time=0.015..1310.273 rows=3863115 loops=1)
  Filter: (keyword_id > 508)
  Rows Removed by Filter: 660815
Planning time: 0.349 ms
Execution time: 1738.774 ms
