Hash Join  (cost=77312.52..593919.98 rows=3448953 width=0) (actual time=1365.284..16007.971 rows=4902623 loops=1)
  Hash Cond: (mi.movie_id = t.id)
  ->  Seq Scan on movie_info mi  (cost=0.00..309384.22 rows=14739122 width=4) (actual time=0.019..5949.709 rows=14835720 loops=1)
  ->  Hash  (cost=67604.59..67604.59 rows=591675 width=4) (actual time=1364.132..1364.132 rows=585020 loops=1)
        Buckets: 131072  Batches: 8  Memory Usage: 3593kB
        ->  Seq Scan on title t  (cost=0.00..67604.59 rows=591675 width=4) (actual time=0.014..1166.724 rows=585020 loops=1)
              Filter: (production_year < 1985)
              Rows Removed by Filter: 1943292
Planning time: 4.388 ms
Execution time: 16561.590 ms
