Seq Scan on cast_info ci  (cost=0.00..796071.18 rows=224 width=0) (actual time=8448.053..13963.064 rows=926 loops=1)
  Filter: ((role_id > 2) AND (person_id = 6508))
  Rows Removed by Filter: 36243418
Planning time: 0.435 ms
Execution time: 13963.301 ms
