Seq Scan on movie_keyword mk  (cost=0.00..81003.12 rows=246 width=0) (actual time=788.131..1322.869 rows=6 loops=1)
  Filter: (keyword_id = 54650)
  Rows Removed by Filter: 4523924
Planning time: 0.369 ms
Execution time: 1322.943 ms
