Hash Join  (cost=138304.79..1233838.14 rows=6009116 width=0) (actual time=2826.716..34353.388 rows=8312091 loops=1)
  Hash Cond: (ci.movie_id = t.id)
  ->  Seq Scan on cast_info ci  (cost=0.00..614943.12 rows=36225612 width=4) (actual time=0.025..12694.944 rows=36244344 loops=1)
  ->  Hash  (cost=131422.88..131422.88 rows=419433 width=8) (actual time=2825.776..2825.776 rows=202476 loops=1)
        Buckets: 131072  Batches: 8  Memory Usage: 2004kB
        ->  Hash Join  (cost=86534.07..131422.88 rows=419433 width=8) (actual time=1498.228..2768.545 rows=202476 loops=1)
              Hash Cond: (mi_idx.movie_id = t.id)
              ->  Seq Scan on movie_info_idx mi_idx  (cost=0.00..21735.35 rows=1380035 width=4) (actual time=0.025..493.886 rows=1380035 loops=1)
              ->  Hash  (cost=73925.90..73925.90 rows=768493 width=4) (actual time=1497.339..1497.339 rows=840010 loops=1)
                    Buckets: 131072  Batches: 16  Memory Usage: 2877kB
                    ->  Seq Scan on title t  (cost=0.00..73925.90 rows=768493 width=4) (actual time=0.018..1222.102 rows=840010 loops=1)
                          Filter: ((production_year > 2002) AND (kind_id = 7))
                          Rows Removed by Filter: 1688302
Planning time: 1.228 ms
Execution time: 35300.867 ms
