Hash Join  (cost=83074.74..447956.97 rows=484 width=0) (actual time=4179.217..7889.464 rows=513 loops=1)
  Hash Cond: (mi.movie_id = t.id)
  ->  Seq Scan on movie_info mi  (cost=0.00..346232.03 rows=4972096 width=4) (actual time=2874.258..5886.103 rows=4923966 loops=1)
        Filter: (info_type_id < 5)
        Rows Removed by Filter: 9911754
  ->  Hash  (cost=83071.67..83071.67 rows=246 width=8) (actual time=1300.944..1300.944 rows=93 loops=1)
        Buckets: 1024  Batches: 1  Memory Usage: 12kB
        ->  Nested Loop  (cost=0.43..83071.67 rows=246 width=8) (actual time=54.152..1300.791 rows=93 loops=1)
              ->  Seq Scan on movie_keyword mk  (cost=0.00..81003.12 rows=246 width=4) (actual time=54.037..1296.197 rows=93 loops=1)
                    Filter: (keyword_id = 6137)
                    Rows Removed by Filter: 4523837
              ->  Index Only Scan using title_pkey on title t  (cost=0.43..8.40 rows=1 width=4) (actual time=0.044..0.045 rows=1 loops=93)
                    Index Cond: (id = mk.movie_id)
                    Heap Fetches: 93
Planning time: 1.256 ms
Execution time: 7889.806 ms
