Hash Join  (cost=94252.23..186925.74 rows=1278399 width=0) (actual time=2158.800..4171.935 rows=536063 loops=1)
  Hash Cond: (mc.movie_id = t.id)
  ->  Seq Scan on movie_companies mc  (cost=0.00..44881.29 rows=2609129 width=4) (actual time=0.013..848.505 rows=2609129 loops=1)
  ->  Hash  (cost=73925.90..73925.90 rows=1238906 width=4) (actual time=1920.336..1920.336 rows=1324576 loops=1)
        Buckets: 131072  Batches: 32  Memory Usage: 2484kB
        ->  Seq Scan on title t  (cost=0.00..73925.90 rows=1238906 width=4) (actual time=0.010..1361.854 rows=1324576 loops=1)
              Filter: ((production_year > 1973) AND (kind_id = 7))
              Rows Removed by Filter: 1203736
Planning time: 0.557 ms
Execution time: 4223.028 ms
