Hash Join  (cost=74071.18..160937.16 rows=20794 width=0) (actual time=1194.662..3083.271 rows=55637 loops=1)
  Hash Cond: (mk.movie_id = t.id)
  ->  Seq Scan on movie_keyword mk  (cost=0.00..69693.30 rows=4523930 width=4) (actual time=0.023..998.205 rows=4523930 loops=1)
  ->  Hash  (cost=73925.90..73925.90 rows=11622 width=4) (actual time=1194.278..1194.278 rows=11141 loops=1)
        Buckets: 16384  Batches: 1  Memory Usage: 520kB
        ->  Seq Scan on title t  (cost=0.00..73925.90 rows=11622 width=4) (actual time=0.025..1189.120 rows=11141 loops=1)
              Filter: ((kind_id < 7) AND (production_year = 1994))
              Rows Removed by Filter: 2517171
Planning time: 0.796 ms
Execution time: 3091.098 ms
