Hash Join  (cost=190230.21..1330500.23 rows=13768496 width=0) (actual time=4204.783..41029.443 rows=28256343 loops=1)
  Hash Cond: (ci.movie_id = t.id)
  ->  Seq Scan on cast_info ci  (cost=0.00..705507.15 rows=25226907 width=4) (actual time=0.024..15796.513 rows=25250160 loops=1)
        Filter: (person_id < 2605012)
        Rows Removed by Filter: 10994184
  ->  Hash  (cost=167588.78..167588.78 rows=1380035 width=8) (actual time=4203.456..4203.456 rows=1380035 loops=1)
        Buckets: 131072  Batches: 32  Memory Usage: 2708kB
        ->  Hash Join  (cost=102767.86..167588.78 rows=1380035 width=8) (actual time=1817.578..3795.866 rows=1380035 loops=1)
              Hash Cond: (mi_idx.movie_id = t.id)
              ->  Seq Scan on movie_info_idx mi_idx  (cost=0.00..21735.35 rows=1380035 width=4) (actual time=0.008..463.016 rows=1380035 loops=1)
              ->  Hash  (cost=61283.27..61283.27 rows=2528527 width=4) (actual time=1816.039..1816.039 rows=2528312 loops=1)
                    Buckets: 131072  Batches: 64  Memory Usage: 2415kB
                    ->  Seq Scan on title t  (cost=0.00..61283.27 rows=2528527 width=4) (actual time=0.008..991.315 rows=2528312 loops=1)
Planning time: 12.988 ms
Execution time: 44317.752 ms
