Hash Join  (cost=153463.75..641715.36 rows=791468 width=0) (actual time=3377.200..13118.438 rows=4656 loops=1)
  Hash Cond: (mi.movie_id = t.id)
  ->  Seq Scan on movie_info mi  (cost=0.00..309384.22 rows=14739122 width=4) (actual time=0.014..5884.731 rows=14835720 loops=1)
  ->  Hash  (cost=151235.53..151235.53 rows=135778 width=8) (actual time=2475.008..2475.008 rows=935 loops=1)
        Buckets: 131072  Batches: 2  Memory Usage: 1049kB
        ->  Hash Join  (cost=81821.64..151235.53 rows=135778 width=8) (actual time=2073.878..2473.551 rows=935 loops=1)
              Hash Cond: (mc.movie_id = t.id)
              ->  Seq Scan on movie_companies mc  (cost=0.00..57926.93 rows=713378 width=4) (actual time=0.025..914.555 rows=498473 loops=1)
                    Filter: ((company_id > 8985) AND (company_type_id < 2))
                    Rows Removed by Filter: 2110656
              ->  Hash  (cost=73925.90..73925.90 rows=481259 width=4) (actual time=1307.650..1307.650 rows=518327 loops=1)
                    Buckets: 131072  Batches: 8  Memory Usage: 3301kB
                    ->  Seq Scan on title t  (cost=0.00..73925.90 rows=481259 width=4) (actual time=1.786..1143.185 rows=518327 loops=1)
                          Filter: ((production_year > 2007) AND (kind_id = 7))
                          Rows Removed by Filter: 2009985
Planning time: 1.211 ms
Execution time: 13119.931 ms
