Seq Scan on movie_keyword mk  (cost=0.00..81003.12 rows=1762739 width=0) (actual time=0.020..1526.791 rows=1768362 loops=1)
  Filter: (keyword_id > 7844)
  Rows Removed by Filter: 2755568
Planning time: 0.330 ms
Execution time: 1740.837 ms
