Hash Join  (cost=168870.46..205534.35 rows=43083 width=0) (actual time=3523.541..4423.069 rows=115418 loops=1)
  Hash Cond: (mi_idx.movie_id = t.id)
  ->  Seq Scan on movie_info_idx mi_idx  (cost=0.00..25185.44 rows=915101 width=4) (actual time=0.024..556.388 rows=919850 loops=1)
        Filter: (info_type_id < 101)
        Rows Removed by Filter: 460185
  ->  Hash  (cost=166916.42..166916.42 rows=119043 width=8) (actual time=3522.732..3522.732 rows=118786 loops=1)
        Buckets: 131072  Batches: 2  Memory Usage: 3354kB
        ->  Hash Join  (cost=102767.86..166916.42 rows=119043 width=8) (actual time=2668.188..3485.717 rows=118786 loops=1)
              Hash Cond: (mc.movie_id = t.id)
              ->  Seq Scan on movie_companies mc  (cost=0.00..51404.11 rows=119043 width=4) (actual time=516.997..857.472 rows=118786 loops=1)
                    Filter: (company_id > 147009)
                    Rows Removed by Filter: 2490343
              ->  Hash  (cost=61283.27..61283.27 rows=2528527 width=4) (actual time=2150.258..2150.258 rows=2528312 loops=1)
                    Buckets: 131072  Batches: 64  Memory Usage: 2415kB
                    ->  Seq Scan on title t  (cost=0.00..61283.27 rows=2528527 width=4) (actual time=0.024..1023.144 rows=2528312 loops=1)
Planning time: 4.398 ms
Execution time: 4436.170 ms
