Hash Join  (cost=83075.09..109963.80 rows=31 width=0) (actual time=1224.942..1724.051 rows=70 loops=1)
  Hash Cond: (mi_idx.movie_id = t.id)
  ->  Seq Scan on movie_info_idx mi_idx  (cost=0.00..25185.44 rows=454124 width=4) (actual time=0.011..438.838 rows=459925 loops=1)
        Filter: (info_type_id = 100)
        Rows Removed by Filter: 920110
  ->  Hash  (cost=83072.90..83072.90 rows=175 width=8) (actual time=1219.160..1219.160 rows=250 loops=1)
        Buckets: 1024  Batches: 1  Memory Usage: 18kB
        ->  Nested Loop  (cost=0.43..83072.90 rows=175 width=8) (actual time=14.493..1218.912 rows=250 loops=1)
              ->  Seq Scan on movie_keyword mk  (cost=0.00..81003.12 rows=246 width=4) (actual time=14.429..1182.973 rows=495 loops=1)
                    Filter: (keyword_id = 764)
                    Rows Removed by Filter: 4523435
              ->  Index Scan using title_pkey on title t  (cost=0.43..8.40 rows=1 width=4) (actual time=0.071..0.071 rows=1 loops=495)
                    Index Cond: (id = mk.movie_id)
                    Filter: ((kind_id > 1) AND (production_year > 1905))
                    Rows Removed by Filter: 0
Planning time: 1.195 ms
Execution time: 1724.241 ms
