Seq Scan on movie_companies mc  (cost=0.00..57926.93 rows=53 width=0) (actual time=10.258..876.350 rows=182 loops=1)
  Filter: ((company_type_id > 1) AND (company_id = 5))
  Rows Removed by Filter: 2608947
Planning time: 0.496 ms
Execution time: 876.504 ms
