Seq Scan on movie_keyword mk  (cost=0.00..81003.12 rows=2782753 width=0) (actual time=0.015..1444.864 rows=2772676 loops=1)
  Filter: (keyword_id > 2857)
  Rows Removed by Filter: 1751254
Planning time: 0.346 ms
Execution time: 1783.603 ms
