Hash Join  (cost=96147.73..134484.85 rows=248856 width=0) (actual time=2606.055..3295.112 rows=137953 loops=1)
  Hash Cond: (mi_idx.movie_id = t.id)
  ->  Seq Scan on movie_info_idx mi_idx  (cost=0.00..25185.44 rows=464566 width=4) (actual time=0.021..529.502 rows=459925 loops=1)
        Filter: (info_type_id = 101)
        Rows Removed by Filter: 920110
  ->  Hash  (cost=73925.90..73925.90 rows=1354466 width=4) (actual time=1950.676..1950.676 rows=1432013 loops=1)
        Buckets: 131072  Batches: 32  Memory Usage: 2599kB
        ->  Seq Scan on title t  (cost=0.00..73925.90 rows=1354466 width=4) (actual time=0.030..1497.524 rows=1432013 loops=1)
              Filter: ((production_year > 1959) AND (kind_id = 7))
              Rows Removed by Filter: 1096299
Planning time: 0.932 ms
Execution time: 3312.438 ms
