Hash Join  (cost=307979.73..1827926.41 rows=36637274 width=0) (actual time=7368.600..72018.865 rows=138894029 loops=1)
  Hash Cond: (ci.movie_id = t.id)
  ->  Seq Scan on cast_info ci  (cost=0.00..705507.15 rows=31033246 width=4) (actual time=0.023..16583.337 rows=31153145 loops=1)
        Filter: (person_id > 492476)
        Rows Removed by Filter: 5091199
  ->  Hash  (cost=259004.58..259004.58 rows=2985132 width=8) (actual time=7366.710..7366.710 rows=3613802 loops=1)
        Buckets: 131072  Batches: 64  Memory Usage: 3229kB
        ->  Hash Join  (cost=94978.31..259004.58 rows=2985132 width=8) (actual time=1738.634..6387.842 rows=3613802 loops=1)
              Hash Cond: (mk.movie_id = t.id)
              ->  Seq Scan on movie_keyword mk  (cost=0.00..69693.30 rows=4523930 width=4) (actual time=0.014..1454.878 rows=4523930 loops=1)
              ->  Hash  (cost=67604.59..67604.59 rows=1668458 width=4) (actual time=1736.078..1736.078 rows=1671292 loops=1)
                    Buckets: 131072  Batches: 32  Memory Usage: 2866kB
                    ->  Seq Scan on title t  (cost=0.00..67604.59 rows=1668458 width=4) (actual time=0.019..1182.242 rows=1671292 loops=1)
                          Filter: (production_year < 2008)
                          Rows Removed by Filter: 857020
Planning time: 1.242 ms
Execution time: 86838.132 ms
