Seq Scan on movie_companies mc  (cost=0.00..57926.93 rows=51 width=0) (actual time=4.402..848.053 rows=791 loops=1)
  Filter: ((company_id = 2962) AND (company_type_id = 1))
  Rows Removed by Filter: 2608338
Planning time: 0.295 ms
Execution time: 848.351 ms
