Seq Scan on cast_info ci  (cost=0.00..705507.15 rows=500 width=0) (actual time=1095.678..10515.171 rows=889 loops=1)
  Filter: (person_id = 266332)
  Rows Removed by Filter: 36243455
Planning time: 0.444 ms
Execution time: 10515.409 ms
