Seq Scan on movie_companies mc  (cost=0.00..57926.93 rows=1072410 width=0) (actual time=0.017..1171.387 rows=1274246 loops=1)
  Filter: ((company_id < 79519) AND (company_type_id = 1))
  Rows Removed by Filter: 1334883
Planning time: 0.420 ms
Execution time: 1323.332 ms
