Hash Join  (cost=82776.67..216537.78 rows=965108 width=0) (actual time=1412.410..5271.091 rows=1592510 loops=1)
  Hash Cond: (mk.movie_id = t.id)
  ->  Seq Scan on movie_keyword mk  (cost=0.00..69693.30 rows=4523930 width=4) (actual time=0.022..1435.969 rows=4523930 loops=1)
  ->  Hash  (cost=73925.90..73925.90 rows=539421 width=4) (actual time=1411.396..1411.396 rows=459810 loops=1)
        Buckets: 131072  Batches: 8  Memory Usage: 3049kB
        ->  Seq Scan on title t  (cost=0.00..73925.90 rows=539421 width=4) (actual time=0.045..1255.405 rows=459810 loops=1)
              Filter: ((kind_id < 7) AND (production_year > 2000))
              Rows Removed by Filter: 2068502
Planning time: 0.775 ms
Execution time: 5474.826 ms
