Seq Scan on movie_companies mc  (cost=0.00..57926.93 rows=956452 width=0) (actual time=0.015..1105.119 rows=1250337 loops=1)
  Filter: ((company_id < 51763) AND (company_type_id = 1))
  Rows Removed by Filter: 1358792
Planning time: 0.397 ms
Execution time: 1258.627 ms
