Hash Join  (cost=263115.61..1617857.50 rows=27045826 width=0) (actual time=6461.667..54212.235 rows=55558235 loops=1)
  Hash Cond: (ci.movie_id = t.id)
  ->  Seq Scan on cast_info ci  (cost=0.00..705507.15 rows=26210318 width=4) (actual time=0.021..15242.614 rows=26230119 loops=1)
        Filter: (person_id < 2713723)
        Rows Removed by Filter: 10014225
  ->  Hash  (cost=220309.49..220309.49 rows=2609129 width=8) (actual time=6460.557..6460.557 rows=2609129 loops=1)
        Buckets: 131072  Batches: 64  Memory Usage: 2610kB
        ->  Hash Join  (cost=102767.86..220309.49 rows=2609129 width=8) (actual time=1954.683..5711.880 rows=2609129 loops=1)
              Hash Cond: (mc.movie_id = t.id)
              ->  Seq Scan on movie_companies mc  (cost=0.00..44881.29 rows=2609129 width=4) (actual time=0.028..960.384 rows=2609129 loops=1)
              ->  Hash  (cost=61283.27..61283.27 rows=2528527 width=4) (actual time=1953.406..1953.406 rows=2528312 loops=1)
                    Buckets: 131072  Batches: 64  Memory Usage: 2415kB
                    ->  Seq Scan on title t  (cost=0.00..61283.27 rows=2528527 width=4) (actual time=0.023..1087.449 rows=2528312 loops=1)
Planning time: 3.144 ms
Execution time: 60924.910 ms
