Hash Join  (cost=83073.96..833087.32 rows=631 width=0) (actual time=1370.687..15612.630 rows=7729 loops=1)
  Hash Cond: (ci.movie_id = t.id)
  ->  Seq Scan on cast_info ci  (cost=0.00..705507.15 rows=11866644 width=4) (actual time=0.014..12057.764 rows=11943522 loops=1)
        Filter: (person_id > 2495352)
        Rows Removed by Filter: 24300822
  ->  Hash  (cost=83072.29..83072.29 rows=134 width=8) (actual time=1370.372..1370.372 rows=742 loops=1)
        Buckets: 1024  Batches: 1  Memory Usage: 37kB
        ->  Nested Loop  (cost=0.43..83072.29 rows=134 width=8) (actual time=0.519..1369.780 rows=742 loops=1)
              ->  Seq Scan on movie_keyword mk  (cost=0.00..81003.12 rows=246 width=4) (actual time=0.495..1317.633 rows=1337 loops=1)
                    Filter: (keyword_id = 490)
                    Rows Removed by Filter: 4522593
              ->  Index Scan using title_pkey on title t  (cost=0.43..8.40 rows=1 width=4) (actual time=0.037..0.037 rows=1 loops=1337)
                    Index Cond: (id = mk.movie_id)
                    Filter: (production_year > 2000)
                    Rows Removed by Filter: 0
Planning time: 1.250 ms
Execution time: 15615.319 ms
