Hash Join  (cost=146136.19..228903.84 rows=559812 width=0) (actual time=3195.914..5883.648 rows=1015170 loops=1)
  Hash Cond: (mc.movie_id = t.id)
  ->  Seq Scan on movie_companies mc  (cost=0.00..44881.29 rows=2609129 width=4) (actual time=0.034..940.135 rows=2609129 loops=1)
  ->  Hash  (cost=137234.72..137234.72 rows=542518 width=8) (actual time=3192.331..3192.331 rows=456969 loops=1)
        Buckets: 131072  Batches: 8  Memory Usage: 3269kB
        ->  Hash Join  (cost=90234.05..137234.72 rows=542518 width=8) (actual time=1710.837..3056.223 rows=456969 loops=1)
              Hash Cond: (mi_idx.movie_id = t.id)
              ->  Seq Scan on movie_info_idx mi_idx  (cost=0.00..21735.35 rows=1380035 width=4) (actual time=0.026..424.921 rows=1380035 loops=1)
              ->  Hash  (cost=73925.90..73925.90 rows=994012 width=4) (actual time=1709.497..1709.497 rows=923721 loops=1)
                    Buckets: 131072  Batches: 16  Memory Usage: 3057kB
                    ->  Seq Scan on title t  (cost=0.00..73925.90 rows=994012 width=4) (actual time=0.034..1402.262 rows=923721 loops=1)
                          Filter: ((kind_id > 1) AND (production_year < 2005))
                          Rows Removed by Filter: 1604591
Planning time: 2.351 ms
Execution time: 6008.558 ms
