Hash Join  (cost=491650.71..600178.47 rows=528369 width=0) (actual time=8674.980..11521.935 rows=1640873 loops=1)
  Hash Cond: (mk.movie_id = t.id)
  ->  Seq Scan on movie_keyword mk  (cost=0.00..81003.12 rows=1649851 width=4) (actual time=0.026..1534.452 rows=1658776 loops=1)
        Filter: (keyword_id < 2546)
        Rows Removed by Filter: 2865154
  ->  Hash  (cost=478364.61..478364.61 rows=809768 width=8) (actual time=8674.086..8674.086 rows=802140 loops=1)
        Buckets: 131072  Batches: 16  Memory Usage: 2985kB
        ->  Hash Join  (cost=102767.86..478364.61 rows=809768 width=8) (actual time=4935.288..8441.302 rows=802140 loops=1)
              Hash Cond: (mi.movie_id = t.id)
              ->  Seq Scan on movie_info mi  (cost=0.00..346232.03 rows=809768 width=4) (actual time=3058.895..5421.354 rows=802140 loops=1)
                    Filter: (info_type_id < 2)
                    Rows Removed by Filter: 14033580
              ->  Hash  (cost=61283.27..61283.27 rows=2528527 width=4) (actual time=1875.279..1875.279 rows=2528312 loops=1)
                    Buckets: 131072  Batches: 64  Memory Usage: 2425kB
                    ->  Seq Scan on title t  (cost=0.00..61283.27 rows=2528527 width=4) (actual time=0.026..1008.188 rows=2528312 loops=1)
Planning time: 1.191 ms
Execution time: 11714.652 ms
