Seq Scan on movie_companies mc  (cost=0.00..57926.93 rows=372161 width=0) (actual time=97.850..924.393 rows=57660 loops=1)
  Filter: ((company_id > 34800) AND (company_type_id < 2))
  Rows Removed by Filter: 2551469
Planning time: 0.371 ms
Execution time: 932.326 ms
