Seq Scan on cast_info ci  (cost=0.00..796071.18 rows=765246 width=0) (actual time=7409.132..11814.404 rows=247698 loops=1)
  Filter: ((person_id < 609507) AND (role_id = 10))
  Rows Removed by Filter: 35996646
Planning time: 0.410 ms
Execution time: 11846.859 ms
