Hash Join  (cost=552047.07..1544926.00 rows=11536351 width=0) (actual time=10726.620..38240.437 rows=21923224 loops=1)
  Hash Cond: (ci.movie_id = t.id)
  ->  Seq Scan on cast_info ci  (cost=0.00..705507.15 rows=12726058 width=4) (actual time=0.015..14407.113 rows=12670688 loops=1)
        Filter: (role_id = 1)
        Rows Removed by Filter: 23573656
  ->  Hash  (cost=514441.26..514441.26 rows=2292145 width=8) (actual time=10725.809..10725.809 rows=2371686 loops=1)
        Buckets: 131072  Batches: 32  Memory Usage: 3918kB
        ->  Hash Join  (cost=98595.81..514441.26 rows=2292145 width=8) (actual time=1914.072..10050.959 rows=2371686 loops=1)
              Hash Cond: (mi.movie_id = t.id)
              ->  Seq Scan on movie_info mi  (cost=0.00..346232.03 rows=3068194 width=4) (actual time=0.016..5578.621 rows=3036719 loops=1)
                    Filter: (info_type_id = 16)
                    Rows Removed by Filter: 11799001
              ->  Hash  (cost=67604.59..67604.59 rows=1888978 width=4) (actual time=1913.048..1913.048 rows=1887769 loops=1)
                    Buckets: 131072  Batches: 32  Memory Usage: 3114kB
                    ->  Seq Scan on title t  (cost=0.00..67604.59 rows=1888978 width=4) (actual time=0.037..1314.103 rows=1887769 loops=1)
                          Filter: (production_year > 1983)
                          Rows Removed by Filter: 640543
Planning time: 12.950 ms
Execution time: 40699.280 ms
