Hash Join  (cost=83074.74..447745.01 rows=1434 width=0) (actual time=1194.419..8124.310 rows=5278 loops=1)
  Hash Cond: (mi.movie_id = t.id)
  ->  Seq Scan on movie_info mi  (cost=0.00..309384.22 rows=14739122 width=4) (actual time=0.015..4214.473 rows=14835720 loops=1)
  ->  Hash  (cost=83071.67..83071.67 rows=246 width=8) (actual time=1192.527..1192.527 rows=59 loops=1)
        Buckets: 1024  Batches: 1  Memory Usage: 11kB
        ->  Nested Loop  (cost=0.43..83071.67 rows=246 width=8) (actual time=10.636..1192.429 rows=59 loops=1)
              ->  Seq Scan on movie_keyword mk  (cost=0.00..81003.12 rows=246 width=4) (actual time=10.572..1188.392 rows=59 loops=1)
                    Filter: (keyword_id = 4079)
                    Rows Removed by Filter: 4523871
              ->  Index Only Scan using title_pkey on title t  (cost=0.43..8.40 rows=1 width=4) (actual time=0.062..0.063 rows=1 loops=59)
                    Index Cond: (id = mk.movie_id)
                    Heap Fetches: 59
Planning time: 1.176 ms
Execution time: 8125.595 ms
