Seq Scan on cast_info ci  (cost=0.00..796071.18 rows=13992163 width=0) (actual time=1.583..16411.634 rows=14790824 loops=1)
  Filter: ((person_id > 468037) AND (role_id > 2))
  Rows Removed by Filter: 21453520
Planning time: 0.327 ms
Execution time: 18247.604 ms
