Hash Join  (cost=234427.15..1648197.30 rows=26079180 width=0) (actual time=5322.329..49474.604 rows=29796536 loops=1)
  Hash Cond: (ci.movie_id = t.id)
  ->  Seq Scan on cast_info ci  (cost=0.00..705507.15 rows=34339040 width=4) (actual time=0.016..17059.907 rows=34314572 loops=1)
        Filter: (person_id < 3682708)
        Rows Removed by Filter: 1929772
  ->  Hash  (cost=202921.16..202921.16 rows=1920319 width=8) (actual time=5321.026..5321.026 rows=1301439 loops=1)
        Buckets: 131072  Batches: 32  Memory Usage: 2584kB
        ->  Hash Join  (cost=98137.04..202921.16 rows=1920319 width=8) (actual time=1984.144..4954.307 rows=1301439 loops=1)
              Hash Cond: (mc.movie_id = t.id)
              ->  Seq Scan on movie_companies mc  (cost=0.00..44881.29 rows=2609129 width=4) (actual time=0.025..917.384 rows=2609129 loops=1)
              ->  Hash  (cost=67604.59..67604.59 rows=1860996 width=4) (actual time=1982.752..1982.752 rows=1865487 loops=1)
                    Buckets: 131072  Batches: 32  Memory Usage: 3079kB
                    ->  Seq Scan on title t  (cost=0.00..67604.59 rows=1860996 width=4) (actual time=0.019..1298.061 rows=1865487 loops=1)
                          Filter: (kind_id > 1)
                          Rows Removed by Filter: 662825
Planning time: 1.159 ms
Execution time: 52831.176 ms
