Seq Scan on cast_info ci  (cost=0.00..705507.15 rows=24674111 width=0) (actual time=0.018..12968.524 rows=24668973 loops=1)
  Filter: (person_id < 2538293)
  Rows Removed by Filter: 11575371
Planning time: 0.311 ms
Execution time: 15990.267 ms
