Hash Join  (cost=306696.31..1348261.01 rows=10611246 width=0) (actual time=7425.607..40650.466 rows=44101008 loops=1)
  Hash Cond: (ci.movie_id = t.id)
  ->  Seq Scan on cast_info ci  (cost=0.00..796071.18 rows=9091692 width=4) (actual time=622.528..17023.539 rows=12670688 loops=1)
        Filter: ((person_id < 2675297) AND (role_id = 1))
        Rows Removed by Filter: 23573656
  ->  Hash  (cost=258279.11..258279.11 rows=2951136 width=8) (actual time=6800.877..6800.877 rows=2500886 loops=1)
        Buckets: 131072  Batches: 64  Memory Usage: 2534kB
        ->  Hash Join  (cost=94666.80..258279.11 rows=2951136 width=8) (actual time=1830.203..6142.087 rows=2500886 loops=1)
              Hash Cond: (mk.movie_id = t.id)
              ->  Seq Scan on movie_keyword mk  (cost=0.00..69693.30 rows=4523930 width=4) (actual time=0.026..1509.382 rows=4523930 loops=1)
              ->  Hash  (cost=67604.59..67604.59 rows=1649457 width=4) (actual time=1828.258..1828.258 rows=1643514 loops=1)
                    Buckets: 131072  Batches: 32  Memory Usage: 2839kB
                    ->  Seq Scan on title t  (cost=0.00..67604.59 rows=1649457 width=4) (actual time=0.026..1270.693 rows=1643514 loops=1)
                          Filter: (production_year > 1994)
                          Rows Removed by Filter: 884798
Planning time: 1.191 ms
Execution time: 45505.755 ms
