Seq Scan on movie_companies mc  (cost=0.00..51404.11 rows=1883195 width=0) (actual time=0.027..947.955 rows=1890927 loops=1)
  Filter: (company_id > 1389)
  Rows Removed by Filter: 718202
Planning time: 1.675 ms
Execution time: 1183.877 ms
