Hash Join  (cost=74401.58..101385.07 rows=6938 width=0) (actual time=1234.000..1836.557 rows=10073 loops=1)
  Hash Cond: (mi_idx.movie_id = t.id)
  ->  Seq Scan on movie_info_idx mi_idx  (cost=0.00..25185.44 rows=460978 width=4) (actual time=0.025..483.141 rows=459925 loops=1)
        Filter: (info_type_id < 100)
        Rows Removed by Filter: 920110
  ->  Hash  (cost=73925.90..73925.90 rows=38054 width=4) (actual time=1233.565..1233.565 rows=26139 loops=1)
        Buckets: 65536  Batches: 1  Memory Usage: 1431kB
        ->  Seq Scan on title t  (cost=0.00..73925.90 rows=38054 width=4) (actual time=0.135..1218.256 rows=26139 loops=1)
              Filter: ((kind_id < 3) AND (production_year = 2008))
              Rows Removed by Filter: 2502173
Planning time: 0.790 ms
Execution time: 1838.426 ms
