Hash Join  (cost=74228.76..156132.20 rows=2243 width=0) (actual time=1101.759..2406.226 rows=1251 loops=1)
  Hash Cond: (mk.movie_id = t.id)
  ->  Seq Scan on movie_keyword mk  (cost=0.00..81003.12 rows=234104 width=4) (actual time=0.025..1240.188 rows=246484 loops=1)
        Filter: (keyword_id < 213)
        Rows Removed by Filter: 4277446
  ->  Hash  (cost=73925.90..73925.90 rows=24228 width=4) (actual time=1100.851..1100.851 rows=21082 loops=1)
        Buckets: 32768  Batches: 1  Memory Usage: 998kB
        ->  Seq Scan on title t  (cost=0.00..73925.90 rows=24228 width=4) (actual time=183.276..1092.171 rows=21082 loops=1)
              Filter: ((production_year > 2009) AND (kind_id = 4))
              Rows Removed by Filter: 2507230
Planning time: 0.788 ms
Execution time: 2406.743 ms
