Seq Scan on cast_info ci  (cost=0.00..796071.18 rows=6479578 width=0) (actual time=7412.524..14494.749 rows=12670688 loops=1)
  Filter: ((person_id < 1823174) AND (role_id = 1))
  Rows Removed by Filter: 23573656
Planning time: 0.439 ms
Execution time: 16015.849 ms
