Hash Join  (cost=160865.33..544501.43 rows=55630 width=0) (actual time=3026.542..10746.025 rows=50333 loops=1)
  Hash Cond: (mi.movie_id = t.id)
  ->  Seq Scan on movie_info mi  (cost=0.00..309384.22 rows=14739122 width=4) (actual time=0.016..4717.832 rows=14835720 loops=1)
  ->  Hash  (cost=160746.05..160746.05 rows=9543 width=8) (actual time=3024.787..3024.787 rows=4174 loops=1)
        Buckets: 16384  Batches: 1  Memory Usage: 292kB
        ->  Hash Join  (cost=73992.58..160746.05 rows=9543 width=8) (actual time=1205.029..3022.771 rows=4174 loops=1)
              Hash Cond: (mk.movie_id = t.id)
              ->  Seq Scan on movie_keyword mk  (cost=0.00..69693.30 rows=4523930 width=4) (actual time=0.014..953.360 rows=4523930 loops=1)
              ->  Hash  (cost=73925.90..73925.90 rows=5334 width=4) (actual time=1204.471..1204.471 rows=13851 loops=1)
                    Buckets: 16384 (originally 8192)  Batches: 1 (originally 1)  Memory Usage: 615kB
                    ->  Seq Scan on title t  (cost=0.00..73925.90 rows=5334 width=4) (actual time=652.863..1198.698 rows=13851 loops=1)
                          Filter: ((kind_id < 7) AND (production_year < 1904))
                          Rows Removed by Filter: 2514461
Planning time: 1.511 ms
Execution time: 10754.026 ms
