Seq Scan on movie_companies mc  (cost=0.00..57926.93 rows=483495 width=0) (actual time=0.019..1027.821 rows=691685 loops=1)
  Filter: ((company_id < 4534) AND (company_type_id = 1))
  Rows Removed by Filter: 1917444
Planning time: 0.466 ms
Execution time: 1115.471 ms
