Seq Scan on movie_keyword mk  (cost=0.00..81003.12 rows=4193036 width=0) (actual time=0.016..1703.751 rows=4193588 loops=1)
  Filter: (keyword_id < 50029)
  Rows Removed by Filter: 330342
Planning time: 0.338 ms
Execution time: 2251.197 ms
