Nested Loop  (cost=0.43..799581.43 rows=140 width=0) (actual time=464.352..15088.985 rows=26 loops=1)
  ->  Seq Scan on cast_info ci  (cost=0.00..796071.18 rows=420 width=4) (actual time=464.296..15088.341 rows=26 loops=1)
        Filter: ((role_id < 9) AND (person_id = 3268897))
        Rows Removed by Filter: 36244318
  ->  Index Scan using title_pkey on title t  (cost=0.43..8.35 rows=1 width=4) (actual time=0.023..0.023 rows=1 loops=26)
        Index Cond: (id = ci.movie_id)
        Filter: ((kind_id < 7) AND (production_year > 1964))
Planning time: 0.814 ms
Execution time: 15089.107 ms
