Hash Join  (cost=58358.90..145017.85 rows=91 width=0) (actual time=968.577..2763.751 rows=20546 loops=1)
  Hash Cond: (mk.movie_id = t.id)
  ->  Seq Scan on movie_keyword mk  (cost=0.00..69693.30 rows=4523930 width=4) (actual time=0.012..1023.775 rows=4523930 loops=1)
  ->  Hash  (cost=58358.27..58358.27 rows=51 width=8) (actual time=947.039..947.039 rows=546 loops=1)
        Buckets: 1024  Batches: 1  Memory Usage: 30kB
        ->  Nested Loop  (cost=0.43..58358.27 rows=51 width=8) (actual time=333.450..946.655 rows=546 loops=1)
              ->  Seq Scan on movie_companies mc  (cost=0.00..57926.93 rows=51 width=4) (actual time=333.354..915.633 rows=546 loops=1)
                    Filter: ((company_type_id < 2) AND (company_id = 966))
                    Rows Removed by Filter: 2608583
              ->  Index Only Scan using title_pkey on title t  (cost=0.43..8.45 rows=1 width=4) (actual time=0.055..0.055 rows=1 loops=546)
                    Index Cond: (id = mc.movie_id)
                    Heap Fetches: 546
Planning time: 1.207 ms
Execution time: 2766.686 ms
