Hash Join  (cost=193467.53..236457.69 rows=308768 width=0) (actual time=4030.323..5252.462 rows=470024 loops=1)
  Hash Cond: (mi_idx.movie_id = t.id)
  ->  Seq Scan on movie_info_idx mi_idx  (cost=0.00..21735.35 rows=1380035 width=4) (actual time=0.027..481.786 rows=1380035 loops=1)
  ->  Hash  (cost=184185.91..184185.91 rows=565730 width=8) (actual time=4029.537..4029.537 rows=351143 loops=1)
        Buckets: 131072  Batches: 8  Memory Usage: 2740kB
        ->  Hash Join  (cost=102767.86..184185.91 rows=565730 width=8) (actual time=2312.318..3925.961 rows=351143 loops=1)
              Hash Cond: (mc.movie_id = t.id)
              ->  Seq Scan on movie_companies mc  (cost=0.00..57926.93 rows=565730 width=4) (actual time=24.895..950.772 rows=351143 loops=1)
                    Filter: ((company_id < 7641) AND (company_type_id > 1))
                    Rows Removed by Filter: 2257986
              ->  Hash  (cost=61283.27..61283.27 rows=2528527 width=4) (actual time=2286.162..2286.162 rows=2528312 loops=1)
                    Buckets: 131072  Batches: 64  Memory Usage: 2415kB
                    ->  Seq Scan on title t  (cost=0.00..61283.27 rows=2528527 width=4) (actual time=0.019..1187.146 rows=2528312 loops=1)
Planning time: 1.151 ms
Execution time: 5307.340 ms
