Seq Scan on movie_companies mc  (cost=0.00..57926.93 rows=1247600 width=0) (actual time=0.012..1182.323 rows=1214780 loops=1)
  Filter: ((company_id > 6) AND (company_type_id < 2))
  Rows Removed by Filter: 1394349
Planning time: 0.349 ms
Execution time: 1338.152 ms
