Seq Scan on movie_keyword mk  (cost=0.00..81003.12 rows=604183 width=0) (actual time=0.022..1457.583 rows=606321 loops=1)
  Filter: (keyword_id < 459)
  Rows Removed by Filter: 3917609
Planning time: 0.322 ms
Execution time: 1535.782 ms
