Seq Scan on cast_info ci  (cost=0.00..796071.18 rows=5299909 width=0) (actual time=3636.134..13459.966 rows=3164193 loops=1)
  Filter: ((person_id < 1542097) AND (role_id > 3))
  Rows Removed by Filter: 33080151
Planning time: 0.369 ms
Execution time: 13858.405 ms
