Hash Join  (cost=83198.94..166288.67 rows=583220 width=0) (actual time=1395.996..4010.540 rows=1316697 loops=1)
  Hash Cond: (mc.movie_id = t.id)
  ->  Seq Scan on movie_companies mc  (cost=0.00..44881.29 rows=2609129 width=4) (actual time=0.024..951.573 rows=2609129 loops=1)
  ->  Hash  (cost=73925.90..73925.90 rows=565203 width=4) (actual time=1395.164..1395.164 rows=641785 loops=1)
        Buckets: 131072  Batches: 8  Memory Usage: 3862kB
        ->  Seq Scan on title t  (cost=0.00..73925.90 rows=565203 width=4) (actual time=0.036..1195.771 rows=641785 loops=1)
              Filter: ((kind_id < 7) AND (production_year < 2006))
              Rows Removed by Filter: 1886527
Planning time: 0.804 ms
Execution time: 4154.425 ms
