Hash Join  (cost=83074.55..963629.30 rows=1613 width=0) (actual time=3969.868..19452.528 rows=43 loops=1)
  Hash Cond: (ci.movie_id = t.id)
  ->  Seq Scan on cast_info ci  (cost=0.00..796071.18 rows=22524654 width=4) (actual time=2539.237..15338.839 rows=21922312 loops=1)
        Filter: ((person_id > 743445) AND (role_id < 8))
        Rows Removed by Filter: 14322032
  ->  Hash  (cost=83072.29..83072.29 rows=181 width=8) (actual time=1308.469..1308.469 rows=5 loops=1)
        Buckets: 1024  Batches: 1  Memory Usage: 9kB
        ->  Nested Loop  (cost=0.43..83072.29 rows=181 width=8) (actual time=19.895..1308.451 rows=5 loops=1)
              ->  Seq Scan on movie_keyword mk  (cost=0.00..81003.12 rows=246 width=4) (actual time=17.110..1304.071 rows=27 loops=1)
                    Filter: (keyword_id = 31549)
                    Rows Removed by Filter: 4523903
              ->  Index Scan using title_pkey on title t  (cost=0.43..8.40 rows=1 width=4) (actual time=0.155..0.155 rows=0 loops=27)
                    Index Cond: (id = mk.movie_id)
                    Filter: (kind_id > 1)
                    Rows Removed by Filter: 1
Planning time: 1.211 ms
Execution time: 19452.752 ms
