Seq Scan on cast_info ci  (cost=0.00..796071.18 rows=1783308 width=0) (actual time=7884.753..13666.513 rows=1372784 loops=1)
  Filter: ((person_id < 2408757) AND (role_id = 4))
  Rows Removed by Filter: 34871560
Planning time: 0.490 ms
Execution time: 13856.469 ms
