Hash Join  (cost=102767.86..243781.27 rows=2083341 width=0) (actual time=1844.487..5561.905 rows=2081986 loops=1)
  Hash Cond: (mk.movie_id = t.id)
  ->  Seq Scan on movie_keyword mk  (cost=0.00..81003.12 rows=2083341 width=4) (actual time=0.023..1563.940 rows=2081986 loops=1)
        Filter: (keyword_id > 5810)
        Rows Removed by Filter: 2441944
  ->  Hash  (cost=61283.27..61283.27 rows=2528527 width=4) (actual time=1842.997..1842.997 rows=2528312 loops=1)
        Buckets: 131072  Batches: 64  Memory Usage: 2425kB
        ->  Seq Scan on title t  (cost=0.00..61283.27 rows=2528527 width=4) (actual time=0.013..980.324 rows=2528312 loops=1)
Planning time: 0.730 ms
Execution time: 5820.208 ms
