Seq Scan on title t  (cost=0.00..73925.90 rows=1269008 width=0) (actual time=0.033..1167.073 rows=1233025 loops=1)
  Filter: ((kind_id > 4) AND (production_year < 2011))
  Rows Removed by Filter: 1295287
Planning time: 0.397 ms
Execution time: 1314.820 ms
