Seq Scan on movie_companies mc  (cost=0.00..51404.11 rows=367870 width=0) (actual time=278.681..834.431 rows=370403 loops=1)
  Filter: (company_id > 85424)
  Rows Removed by Filter: 2238726
Planning time: 0.345 ms
Execution time: 876.051 ms
