Seq Scan on cast_info ci  (cost=0.00..796071.18 rows=3945455 width=0) (actual time=449.981..12473.534 rows=6156160 loops=1)
  Filter: ((person_id > 3034952) AND (role_id > 1))
  Rows Removed by Filter: 30088184
Planning time: 0.356 ms
Execution time: 13248.013 ms
