Hash Join  (cost=203929.95..1359041.34 rows=11808822 width=0) (actual time=5175.308..48106.631 rows=43433531 loops=1)
  Hash Cond: (ci.movie_id = t.id)
  ->  Seq Scan on cast_info ci  (cost=0.00..614943.12 rows=36225612 width=4) (actual time=0.019..13873.021 rows=36244344 loops=1)
  ->  Hash  (cost=190406.84..190406.84 rows=824249 width=8) (actual time=5174.499..5174.499 rows=1131811 loops=1)
        Buckets: 131072  Batches: 16  Memory Usage: 3761kB
        ->  Hash Join  (cost=102767.86..190406.84 rows=824249 width=8) (actual time=2349.630..4834.545 rows=1131811 loops=1)
              Hash Cond: (mc.movie_id = t.id)
              ->  Seq Scan on movie_companies mc  (cost=0.00..57926.93 rows=824249 width=4) (actual time=48.054..1128.585 rows=1131811 loops=1)
                    Filter: ((company_id < 19179) AND (company_type_id < 2))
                    Rows Removed by Filter: 1477318
              ->  Hash  (cost=61283.27..61283.27 rows=2528527 width=4) (actual time=2300.218..2300.218 rows=2528312 loops=1)
                    Buckets: 131072  Batches: 64  Memory Usage: 2415kB
                    ->  Seq Scan on title t  (cost=0.00..61283.27 rows=2528527 width=4) (actual time=0.018..909.671 rows=2528312 loops=1)
Planning time: 1.217 ms
Execution time: 52626.090 ms
