Hash Join  (cost=838190.69..1049525.89 rows=1298430 width=0) (actual time=22290.434..27096.969 rows=5487563 loops=1)
  Hash Cond: (mk.movie_id = t.id)
  ->  Seq Scan on movie_keyword mk  (cost=0.00..69693.30 rows=4523930 width=4) (actual time=0.013..1417.942 rows=4523930 loops=1)
  ->  Hash  (cost=826284.16..826284.16 rows=725722 width=8) (actual time=22289.100..22289.100 rows=703445 loops=1)
        Buckets: 131072  Batches: 16  Memory Usage: 2765kB
        ->  Hash Join  (cost=68237.77..826284.16 rows=725722 width=8) (actual time=892.763..21691.741 rows=703445 loops=1)
              Hash Cond: (ci.movie_id = t.id)
              ->  Seq Scan on cast_info ci  (cost=0.00..614943.12 rows=36225612 width=4) (actual time=0.011..8947.621 rows=36244344 loops=1)
              ->  Hash  (cost=67604.59..67604.59 rows=50655 width=4) (actual time=892.288..892.288 rows=50564 loops=1)
                    Buckets: 65536  Batches: 1  Memory Usage: 2290kB
                    ->  Seq Scan on title t  (cost=0.00..67604.59 rows=50655 width=4) (actual time=0.035..872.596 rows=50564 loops=1)
                          Filter: (production_year = 1999)
                          Rows Removed by Filter: 2477748
Planning time: 1.235 ms
Execution time: 27812.606 ms
