Hash Join  (cost=132841.07..499046.80 rows=10885 width=219) (actual time=6627.121..8117.138 rows=6237 loops=1)
  Hash Cond: (mi.movie_id = t.id)
  ->  Seq Scan on movie_info mi  (cost=0.00..346232.03 rows=651960 width=75) (actual time=3911.943..4834.633 rows=660923 loops=1)
        Filter: (info_type_id = 18)
        Rows Removed by Filter: 14174797
  ->  Hash  (cost=131447.39..131447.39 rows=42215 width=144) (actual time=2714.365..2714.365 rows=18987 loops=1)
        Buckets: 32768  Batches: 2  Memory Usage: 1587kB
        ->  Hash Join  (cost=76026.76..131447.39 rows=42215 width=144) (actual time=1667.016..2700.977 rows=18987 loops=1)
              Hash Cond: (mi_idx.movie_id = t.id)
              ->  Seq Scan on movie_info_idx mi_idx  (cost=0.00..21735.35 rows=1380035 width=50) (actual time=0.028..451.254 rows=1380035 loops=1)
              ->  Hash  (cost=73925.90..73925.90 rows=77348 width=94) (actual time=1666.157..1666.157 rows=84109 loops=1)
                    Buckets: 32768  Batches: 4  Memory Usage: 2635kB
                    ->  Seq Scan on title t  (cost=0.00..73925.90 rows=77348 width=94) (actual time=0.032..1629.595 rows=84109 loops=1)
                          Filter: ((kind_id = 7) AND (production_year = 2008))
                          Rows Removed by Filter: 2444203
Planning time: 1.476 ms
Execution time: 8118.310 ms
