Seq Scan on movie_keyword mk  (cost=0.00..81003.12 rows=246 width=0) (actual time=5.880..1251.346 rows=37 loops=1)
  Filter: (keyword_id = 6377)
  Rows Removed by Filter: 4523893
Planning time: 0.386 ms
Execution time: 1251.457 ms
