Seq Scan on cast_info ci  (cost=0.00..796071.18 rows=25736554 width=0) (actual time=0.025..17513.127 rows=25592365 loops=1)
  Filter: ((person_id > 238439) AND (role_id < 6))
  Rows Removed by Filter: 10651979
Planning time: 0.330 ms
Execution time: 20669.480 ms
