Seq Scan on movie_keyword mk  (cost=0.00..81003.12 rows=246 width=0) (actual time=5.953..1306.398 rows=4600 loops=1)
  Filter: (keyword_id = 110)
  Rows Removed by Filter: 4519330
Planning time: 0.256 ms
Execution time: 1307.715 ms
