Seq Scan on cast_info ci  (cost=0.00..705507.15 rows=500 width=0) (actual time=652.216..10367.748 rows=4 loops=1)
  Filter: (person_id = 2914845)
  Rows Removed by Filter: 36244340
Planning time: 0.414 ms
Execution time: 10367.833 ms
