Hash Join  (cost=74228.29..101186.50 rows=4410 width=0) (actual time=1430.152..1728.625 rows=2677 loops=1)
  Hash Cond: (mi_idx.movie_id = t.id)
  ->  Seq Scan on movie_info_idx mi_idx  (cost=0.00..25185.44 rows=460978 width=4) (actual time=0.013..445.539 rows=459925 loops=1)
        Filter: (info_type_id < 100)
        Rows Removed by Filter: 920110
  ->  Hash  (cost=73925.90..73925.90 rows=24191 width=4) (actual time=1155.226..1155.226 rows=24602 loops=1)
        Buckets: 32768  Batches: 1  Memory Usage: 1121kB
        ->  Seq Scan on title t  (cost=0.00..73925.90 rows=24191 width=4) (actual time=0.023..1144.308 rows=24602 loops=1)
              Filter: ((kind_id = 7) AND (production_year = 1995))
              Rows Removed by Filter: 2503710
Planning time: 0.830 ms
Execution time: 1729.210 ms
