Nested Loop  (cost=0.43..52284.21 rows=33 width=0) (actual time=0.311..906.561 rows=1256 loops=1)
  ->  Seq Scan on movie_companies mc  (cost=0.00..51404.11 rows=104 width=4) (actual time=0.274..865.538 rows=2050 loops=1)
        Filter: (company_id = 171)
        Rows Removed by Filter: 2607079
  ->  Index Scan using title_pkey on title t  (cost=0.43..8.45 rows=1 width=4) (actual time=0.019..0.019 rows=1 loops=2050)
        Index Cond: (id = mc.movie_id)
        Filter: ((kind_id < 7) AND (production_year > 1971))
        Rows Removed by Filter: 0
Planning time: 0.819 ms
Execution time: 907.060 ms
