Hash Join  (cost=123872.41..1091814.89 rows=1057430 width=0) (actual time=2646.862..29262.785 rows=3601547 loops=1)
  Hash Cond: (ci.movie_id = t.id)
  ->  Seq Scan on cast_info ci  (cost=0.00..796071.18 rows=13884800 width=4) (actual time=65.877..16468.393 rows=19467192 loops=1)
        Filter: ((person_id > 1451848) AND (role_id > 1))
        Rows Removed by Filter: 16777152
  ->  Hash  (cost=120712.33..120712.33 rows=192566 width=8) (actual time=2580.035..2580.035 rows=233750 loops=1)
        Buckets: 131072  Batches: 4  Memory Usage: 3296kB
        ->  Hash Join  (cost=79715.19..120712.33 rows=192566 width=8) (actual time=1294.890..2503.688 rows=233750 loops=1)
              Hash Cond: (mi_idx.movie_id = t.id)
              ->  Seq Scan on movie_info_idx mi_idx  (cost=0.00..21735.35 rows=1380035 width=4) (actual time=0.019..507.767 rows=1380035 loops=1)
              ->  Hash  (cost=73925.90..73925.90 rows=352823 width=4) (actual time=1293.887..1293.887 rows=302088 loops=1)
                    Buckets: 131072  Batches: 8  Memory Usage: 2342kB
                    ->  Seq Scan on title t  (cost=0.00..73925.90 rows=352823 width=4) (actual time=0.033..1195.767 rows=302088 loops=1)
                          Filter: ((kind_id < 7) AND (production_year > 2006))
                          Rows Removed by Filter: 2226224
Planning time: 1.204 ms
Execution time: 29685.658 ms
