Seq Scan on movie_keyword mk  (cost=0.00..81003.12 rows=2762079 width=0) (actual time=0.026..1385.413 rows=2754759 loops=1)
  Filter: (keyword_id > 2867)
  Rows Removed by Filter: 1769171
Planning time: 0.366 ms
Execution time: 1720.879 ms
