Hash Join  (cost=129203.33..156251.38 rows=13757 width=0) (actual time=2222.606..2809.983 rows=39834 loops=1)
  Hash Cond: (mi_idx.movie_id = t.id)
  ->  Seq Scan on movie_info_idx mi_idx  (cost=0.00..21735.35 rows=1380035 width=4) (actual time=0.019..271.611 rows=1380035 loops=1)
  ->  Hash  (cost=128888.27..128888.27 rows=25205 width=8) (actual time=2222.382..2222.382 rows=23454 loops=1)
        Buckets: 32768  Batches: 1  Memory Usage: 1173kB
        ->  Hash Join  (cost=69179.59..128888.27 rows=25205 width=8) (actual time=1007.080..2213.093 rows=23454 loops=1)
              Hash Cond: (mc.movie_id = t.id)
              ->  Seq Scan on movie_companies mc  (cost=0.00..51404.11 rows=663871 width=4) (actual time=0.013..935.088 rows=668923 loops=1)
                    Filter: (company_id > 50752)
                    Rows Removed by Filter: 1940206
              ->  Hash  (cost=67604.59..67604.59 rows=96000 width=4) (actual time=1006.205..1006.205 rows=95005 loops=1)
                    Buckets: 131072  Batches: 2  Memory Usage: 2716kB
                    ->  Seq Scan on title t  (cost=0.00..67604.59 rows=96000 width=4) (actual time=0.031..969.951 rows=95005 loops=1)
                          Filter: (production_year = 2005)
                          Rows Removed by Filter: 2433307
Planning time: 1.215 ms
Execution time: 2815.770 ms
