Seq Scan on movie_keyword mk  (cost=0.00..81003.12 rows=2601595 width=0) (actual time=0.010..1493.798 rows=2582361 loops=1)
  Filter: (keyword_id > 3338)
  Rows Removed by Filter: 1941569
Planning time: 0.357 ms
Execution time: 1815.834 ms
