Seq Scan on movie_companies mc  (cost=0.00..51404.11 rows=992097 width=0) (actual time=0.022..890.205 rows=1002272 loops=1)
  Filter: (company_id > 16637)
  Rows Removed by Filter: 1606857
Planning time: 0.265 ms
Execution time: 1018.178 ms
