Seq Scan on movie_keyword mk  (cost=0.00..81003.12 rows=2791815 width=0) (actual time=0.010..1598.889 rows=2781828 loops=1)
  Filter: (keyword_id > 2847)
  Rows Removed by Filter: 1742102
Planning time: 0.350 ms
Execution time: 1947.703 ms
