Seq Scan on movie_companies mc  (cost=0.00..57926.93 rows=1257348 width=0) (actual time=0.011..1208.778 rows=1274246 loops=1)
  Filter: ((company_id < 196039) AND (company_type_id < 2))
  Rows Removed by Filter: 1334883
Planning time: 0.364 ms
Execution time: 1370.283 ms
