Hash Join  (cost=174898.64..251169.45 rows=88529 width=0) (actual time=3195.135..5538.457 rows=1339650 loops=1)
  Hash Cond: (mc.movie_id = t.id)
  ->  Seq Scan on movie_companies mc  (cost=0.00..44881.29 rows=2609129 width=4) (actual time=0.029..881.687 rows=2609129 loops=1)
  ->  Hash  (cost=173490.21..173490.21 rows=85794 width=8) (actual time=3194.171..3194.171 rows=160602 loops=1)
        Buckets: 131072 (originally 131072)  Batches: 4 (originally 2)  Memory Usage: 3073kB
        ->  Hash Join  (cost=85303.03..173490.21 rows=85794 width=8) (actual time=1422.535..3137.282 rows=160602 loops=1)
              Hash Cond: (mk.movie_id = t.id)
              ->  Seq Scan on movie_keyword mk  (cost=0.00..81003.12 rows=312832 width=4) (actual time=0.027..1400.769 rows=334142 loops=1)
                    Filter: (keyword_id < 275)
                    Rows Removed by Filter: 4189788
              ->  Hash  (cost=73925.90..73925.90 rows=693450 width=4) (actual time=1421.050..1421.050 rows=595167 loops=1)
                    Buckets: 131072  Batches: 16  Memory Usage: 2338kB
                    ->  Seq Scan on title t  (cost=0.00..73925.90 rows=693450 width=4) (actual time=0.015..1208.097 rows=595167 loops=1)
                          Filter: ((kind_id < 7) AND (production_year > 1989))
                          Rows Removed by Filter: 1933145
Planning time: 1.208 ms
Execution time: 5707.108 ms
