Seq Scan on title t  (cost=0.00..73925.90 rows=1963 width=0) (actual time=283.245..1036.932 rows=3692 loops=1)
  Filter: ((kind_id = 1) AND (production_year = 1964))
  Rows Removed by Filter: 2524620
Planning time: 0.374 ms
Execution time: 1037.911 ms
