Hash Join  (cost=93360.65..158256.89 rows=67499 width=0) (actual time=1926.597..3135.627 rows=33615 loops=1)
  Hash Cond: (mc.movie_id = t.id)
  ->  Seq Scan on movie_companies mc  (cost=0.00..57926.93 rows=144083 width=4) (actual time=0.024..824.967 rows=284286 loops=1)
        Filter: ((company_id > 95345) AND (company_type_id = 2))
        Rows Removed by Filter: 2324843
  ->  Hash  (cost=73925.90..73925.90 rows=1184540 width=4) (actual time=1925.486..1925.486 rows=1297979 loops=1)
        Buckets: 131072  Batches: 16  Memory Usage: 3882kB
        ->  Seq Scan on title t  (cost=0.00..73925.90 rows=1184540 width=4) (actual time=0.019..1500.397 rows=1297979 loops=1)
              Filter: ((kind_id > 1) AND (production_year > 1995))
              Rows Removed by Filter: 1230333
Planning time: 0.858 ms
Execution time: 3140.191 ms
