Hash Join  (cost=189766.45..231900.32 rows=258839 width=0) (actual time=4787.684..6291.898 rows=1091205 loops=1)
  Hash Cond: (mi_idx.movie_id = t.id)
  ->  Seq Scan on movie_info_idx mi_idx  (cost=0.00..21735.35 rows=1380035 width=4) (actual time=0.023..441.956 rows=1380035 loops=1)
  ->  Hash  (cost=181985.34..181985.34 rows=474249 width=8) (actual time=4786.959..4786.959 rows=795443 loops=1)
        Buckets: 131072 (originally 131072)  Batches: 16 (originally 8)  Memory Usage: 3073kB
        ->  Hash Join  (cost=102767.86..181985.34 rows=474249 width=8) (actual time=2380.269..4541.218 rows=795443 loops=1)
              Hash Cond: (mc.movie_id = t.id)
              ->  Seq Scan on movie_companies mc  (cost=0.00..57926.93 rows=474249 width=4) (actual time=0.012..1084.111 rows=795443 loops=1)
                    Filter: ((company_id > 19076) AND (company_type_id = 2))
                    Rows Removed by Filter: 1813686
              ->  Hash  (cost=61283.27..61283.27 rows=2528527 width=4) (actual time=2378.689..2378.689 rows=2528312 loops=1)
                    Buckets: 131072  Batches: 64  Memory Usage: 2415kB
                    ->  Seq Scan on title t  (cost=0.00..61283.27 rows=2528527 width=4) (actual time=0.020..1234.904 rows=2528312 loops=1)
Planning time: 1.151 ms
Execution time: 6421.513 ms
