Hash Join  (cost=94580.47..139888.25 rows=457588 width=0) (actual time=2004.553..3226.844 rows=331506 loops=1)
  Hash Cond: (mi_idx.movie_id = t.id)
  ->  Seq Scan on movie_info_idx mi_idx  (cost=0.00..25185.44 rows=919057 width=4) (actual time=0.026..472.334 rows=920110 loops=1)
        Filter: (info_type_id > 99)
        Rows Removed by Filter: 459925
  ->  Hash  (cost=73925.90..73925.90 rows=1258925 width=4) (actual time=2003.339..2003.339 rows=1379242 loops=1)
        Buckets: 131072  Batches: 32  Memory Usage: 2548kB
        ->  Seq Scan on title t  (cost=0.00..73925.90 rows=1258925 width=4) (actual time=0.013..1550.226 rows=1379242 loops=1)
              Filter: ((kind_id > 2) AND (production_year > 1988))
              Rows Removed by Filter: 1149070
Planning time: 0.849 ms
Execution time: 3268.263 ms
