Seq Scan on title t  (cost=0.00..73925.90 rows=64083 width=0) (actual time=236.482..1194.600 rows=189170 loops=1)
  Filter: ((kind_id < 2) AND (production_year < 1960))
  Rows Removed by Filter: 2339142
Planning time: 0.252 ms
Execution time: 1220.152 ms
