Hash Join  (cost=199608.17..342914.60 rows=1748639 width=0) (actual time=4689.206..9752.381 rows=6418908 loops=1)
  Hash Cond: (mk.movie_id = t.id)
  ->  Seq Scan on movie_keyword mk  (cost=0.00..69693.30 rows=4523930 width=4) (actual time=0.024..1363.530 rows=4523930 loops=1)
  ->  Hash  (cost=183573.25..183573.25 rows=977354 width=8) (actual time=4688.174..4688.174 rows=852378 loops=1)
        Buckets: 131072  Batches: 16  Memory Usage: 3117kB
        ->  Hash Join  (cost=98098.54..183573.25 rows=977354 width=8) (actual time=2088.417..4423.254 rows=852378 loops=1)
              Hash Cond: (mc.movie_id = t.id)
              ->  Seq Scan on movie_companies mc  (cost=0.00..51404.11 rows=1329612 width=4) (actual time=0.018..1025.557 rows=1334883 loops=1)
                    Filter: (company_type_id = 2)
                    Rows Removed by Filter: 1274246
              ->  Hash  (cost=67604.59..67604.59 rows=1858636 width=4) (actual time=2087.031..2087.031 rows=1852807 loops=1)
                    Buckets: 131072  Batches: 32  Memory Usage: 3067kB
                    ->  Seq Scan on title t  (cost=0.00..67604.59 rows=1858636 width=4) (actual time=0.015..1459.668 rows=1852807 loops=1)
                          Filter: (production_year > 1985)
                          Rows Removed by Filter: 675505
Planning time: 1.161 ms
Execution time: 10482.788 ms
