Seq Scan on cast_info ci  (cost=0.00..796071.18 rows=110761 width=0) (actual time=12444.416..12588.202 rows=45082 loops=1)
  Filter: ((person_id < 1116746) AND (role_id > 10))
  Rows Removed by Filter: 36199262
Planning time: 0.359 ms
Execution time: 12593.657 ms
