Hash Join  (cost=102767.86..236157.79 rows=1766573 width=0) (actual time=2045.531..5479.725 rows=1773432 loops=1)
  Hash Cond: (mk.movie_id = t.id)
  ->  Seq Scan on movie_keyword mk  (cost=0.00..81003.12 rows=1766573 width=4) (actual time=0.008..1741.794 rows=1773432 loops=1)
        Filter: (keyword_id < 2879)
        Rows Removed by Filter: 2750498
  ->  Hash  (cost=61283.27..61283.27 rows=2528527 width=4) (actual time=2043.789..2043.789 rows=2528312 loops=1)
        Buckets: 131072  Batches: 64  Memory Usage: 2425kB
        ->  Seq Scan on title t  (cost=0.00..61283.27 rows=2528527 width=4) (actual time=0.009..1145.194 rows=2528312 loops=1)
Planning time: 0.798 ms
Execution time: 5670.628 ms
