Hash Join  (cost=100960.39..611608.19 rows=6033384 width=0) (actual time=2081.286..14385.093 rows=6120203 loops=1)
  Hash Cond: (mi.movie_id = t.id)
  ->  Seq Scan on movie_info mi  (cost=0.00..346232.03 rows=7503588 width=4) (actual time=0.019..6612.234 rows=7548855 loops=1)
        Filter: (info_type_id > 7)
        Rows Removed by Filter: 7286865
  ->  Hash  (cost=67604.59..67604.59 rows=2033104 width=4) (actual time=2080.236..2080.236 rows=2032439 loops=1)
        Buckets: 131072  Batches: 32  Memory Usage: 3270kB
        ->  Seq Scan on title t  (cost=0.00..67604.59 rows=2033104 width=4) (actual time=0.015..1400.532 rows=2032439 loops=1)
              Filter: (production_year > 1973)
              Rows Removed by Filter: 495873
Planning time: 0.831 ms
Execution time: 15052.274 ms
