Nested Loop  (cost=0.43..83072.29 rows=123 width=0) (actual time=24.701..1413.185 rows=134 loops=1)
  ->  Seq Scan on movie_keyword mk  (cost=0.00..81003.12 rows=246 width=4) (actual time=1.177..1387.947 rows=451 loops=1)
        Filter: (keyword_id = 1267)
        Rows Removed by Filter: 4523479
  ->  Index Scan using title_pkey on title t  (cost=0.43..8.40 rows=1 width=4) (actual time=0.054..0.054 rows=0 loops=451)
        Index Cond: (id = mk.movie_id)
        Filter: (production_year > 2002)
        Rows Removed by Filter: 1
Planning time: 0.690 ms
Execution time: 1413.405 ms
