Hash Join  (cost=83074.13..139464.80 rows=51 width=0) (actual time=2269.458..2529.784 rows=33 loops=1)
  Hash Cond: (mc.movie_id = t.id)
  ->  Seq Scan on movie_companies mc  (cost=0.00..51404.11 rows=1329612 width=4) (actual time=0.010..978.703 rows=1334883 loops=1)
        Filter: (company_type_id > 1)
        Rows Removed by Filter: 1274246
  ->  Hash  (cost=83072.90..83072.90 rows=98 width=8) (actual time=1374.286..1374.286 rows=37 loops=1)
        Buckets: 1024  Batches: 1  Memory Usage: 10kB
        ->  Nested Loop  (cost=0.43..83072.90 rows=98 width=8) (actual time=4.680..1374.237 rows=37 loops=1)
              ->  Seq Scan on movie_keyword mk  (cost=0.00..81003.12 rows=246 width=4) (actual time=3.533..1344.765 rows=494 loops=1)
                    Filter: (keyword_id = 14150)
                    Rows Removed by Filter: 4523436
              ->  Index Scan using title_pkey on title t  (cost=0.43..8.40 rows=1 width=4) (actual time=0.058..0.058 rows=0 loops=494)
                    Index Cond: (id = mk.movie_id)
                    Filter: ((production_year > 1994) AND (kind_id = 7))
                    Rows Removed by Filter: 1
Planning time: 1.166 ms
Execution time: 2529.944 ms
