Hash Join  (cost=128608.74..879469.54 rows=7163 width=0) (actual time=3281.580..19363.985 rows=4362 loops=1)
  Hash Cond: (ci.movie_id = t.id)
  ->  Seq Scan on cast_info ci  (cost=0.00..614943.12 rows=36225612 width=4) (actual time=0.019..10150.833 rows=36244344 loops=1)
  ->  Hash  (cost=128602.49..128602.49 rows=500 width=8) (actual time=2212.558..2212.558 rows=343 loops=1)
        Buckets: 1024  Batches: 1  Memory Usage: 22kB
        ->  Hash Join  (cost=73931.97..128602.49 rows=500 width=8) (actual time=1190.203..2212.232 rows=343 loops=1)
              Hash Cond: (mc.movie_id = t.id)
              ->  Seq Scan on movie_companies mc  (cost=0.00..44881.29 rows=2609129 width=4) (actual time=0.016..557.479 rows=2609129 loops=1)
              ->  Hash  (cost=73925.90..73925.90 rows=485 width=4) (actual time=1175.685..1175.685 rows=298 loops=1)
                    Buckets: 1024  Batches: 1  Memory Usage: 19kB
                    ->  Seq Scan on title t  (cost=0.00..73925.90 rows=485 width=4) (actual time=4.990..1175.347 rows=298 loops=1)
                          Filter: ((kind_id > 1) AND (production_year > 2013))
                          Rows Removed by Filter: 2528014
Planning time: 1.805 ms
Execution time: 19365.560 ms
