Hash Join  (cost=74383.28..101493.46 rows=19970 width=0) (actual time=1253.536..1896.333 rows=18969 loops=1)
  Hash Cond: (mi_idx.movie_id = t.id)
  ->  Seq Scan on movie_info_idx mi_idx  (cost=0.00..21735.35 rows=1380035 width=4) (actual time=0.012..296.375 rows=1380035 loops=1)
  ->  Hash  (cost=73925.90..73925.90 rows=36590 width=4) (actual time=1253.026..1253.026 rows=42576 loops=1)
        Buckets: 65536  Batches: 1  Memory Usage: 2009kB
        ->  Seq Scan on title t  (cost=0.00..73925.90 rows=36590 width=4) (actual time=0.026..1234.993 rows=42576 loops=1)
              Filter: ((kind_id > 2) AND (production_year = 2000))
              Rows Removed by Filter: 2485736
Planning time: 0.723 ms
Execution time: 1899.237 ms
