Seq Scan on cast_info ci  (cost=0.00..705507.15 rows=23305436 width=0) (actual time=0.340..13178.679 rows=23195887 loops=1)
  Filter: (person_id < 2372129)
  Rows Removed by Filter: 13048457
Planning time: 0.330 ms
Execution time: 16058.035 ms
