Hash Join  (cost=198078.64..274685.18 rows=112902 width=0) (actual time=3828.997..5942.653 rows=761702 loops=1)
  Hash Cond: (mc.movie_id = t.id)
  ->  Seq Scan on movie_companies mc  (cost=0.00..44881.29 rows=2609129 width=4) (actual time=0.018..970.641 rows=2609129 loops=1)
  ->  Hash  (cost=196282.96..196282.96 rows=109414 width=8) (actual time=3828.298..3828.298 rows=121921 loops=1)
        Buckets: 131072  Batches: 2  Memory Usage: 3430kB
        ->  Hash Join  (cost=102767.86..196282.96 rows=109414 width=8) (actual time=2010.384..3789.228 rows=121921 loops=1)
              Hash Cond: (mk.movie_id = t.id)
              ->  Seq Scan on movie_keyword mk  (cost=0.00..81003.12 rows=109414 width=4) (actual time=0.023..1274.193 rows=121921 loops=1)
                    Filter: (keyword_id < 117)
                    Rows Removed by Filter: 4402009
              ->  Hash  (cost=61283.27..61283.27 rows=2528527 width=4) (actual time=2008.759..2008.759 rows=2528312 loops=1)
                    Buckets: 131072  Batches: 64  Memory Usage: 2425kB
                    ->  Seq Scan on title t  (cost=0.00..61283.27 rows=2528527 width=4) (actual time=0.016..1145.785 rows=2528312 loops=1)
Planning time: 1.094 ms
Execution time: 6039.268 ms
