Nested Loop  (cost=0.43..83072.90 rows=37 width=0) (actual time=413.076..1260.006 rows=18 loops=1)
  ->  Seq Scan on movie_keyword mk  (cost=0.00..81003.12 rows=246 width=4) (actual time=31.709..1257.632 rows=55 loops=1)
        Filter: (keyword_id = 39525)
        Rows Removed by Filter: 4523875
  ->  Index Scan using title_pkey on title t  (cost=0.43..8.40 rows=1 width=4) (actual time=0.038..0.038 rows=0 loops=55)
        Index Cond: (id = mk.movie_id)
        Filter: ((production_year > 1999) AND (kind_id = 1))
        Rows Removed by Filter: 1
Planning time: 0.752 ms
Execution time: 1260.127 ms
