Hash Join  (cost=58375.85..793308.89 rows=164 width=0) (actual time=2996.916..15842.825 rows=9 loops=1)
  Hash Cond: (ci.movie_id = t.id)
  ->  Seq Scan on cast_info ci  (cost=0.00..705507.15 rows=7846468 width=4) (actual time=2053.745..13914.008 rows=7712640 loops=1)
        Filter: (role_id > 6)
        Rows Removed by Filter: 28531704
  ->  Hash  (cost=58375.18..58375.18 rows=53 width=8) (actual time=938.710..938.710 rows=1 loops=1)
        Buckets: 1024  Batches: 1  Memory Usage: 9kB
        ->  Nested Loop  (cost=0.43..58375.18 rows=53 width=8) (actual time=918.508..938.695 rows=1 loops=1)
              ->  Seq Scan on movie_companies mc  (cost=0.00..57926.93 rows=53 width=4) (actual time=918.388..938.573 rows=1 loops=1)
                    Filter: ((company_type_id > 1) AND (company_id = 108570))
                    Rows Removed by Filter: 2609128
              ->  Index Only Scan using title_pkey on title t  (cost=0.43..8.45 rows=1 width=4) (actual time=0.074..0.075 rows=1 loops=1)
                    Index Cond: (id = mc.movie_id)
                    Heap Fetches: 1
Planning time: 1.195 ms
Execution time: 15842.954 ms
