Seq Scan on movie_companies mc  (cost=0.00..57926.93 rows=53 width=0) (actual time=125.788..965.936 rows=97 loops=1)
  Filter: ((company_type_id > 1) AND (company_id = 63537))
  Rows Removed by Filter: 2609032
Planning time: 0.286 ms
Execution time: 966.024 ms
