Seq Scan on movie_keyword mk  (cost=0.00..81003.12 rows=3187383 width=0) (actual time=0.026..1568.570 rows=3175248 loops=1)
  Filter: (keyword_id < 12582)
  Rows Removed by Filter: 1348682
Planning time: 0.527 ms
Execution time: 1959.891 ms
