Hash Join  (cost=124684.46..477156.81 rows=42759 width=0) (actual time=5066.578..8141.873 rows=94212 loops=1)
  Hash Cond: (mi.movie_id = t.id)
  ->  Seq Scan on movie_info mi  (cost=0.00..346232.03 rows=1550064 width=4) (actual time=2669.420..5392.229 rows=1533909 loops=1)
        Filter: (info_type_id = 3)
        Rows Removed by Filter: 13301811
  ->  Hash  (cost=123812.57..123812.57 rows=69751 width=8) (actual time=2396.174..2396.174 rows=65578 loops=1)
        Buckets: 131072  Batches: 1  Memory Usage: 3586kB
        ->  Hash Join  (cost=68449.54..123812.57 rows=69751 width=8) (actual time=1096.511..2370.538 rows=65578 loops=1)
              Hash Cond: (mc.movie_id = t.id)
              ->  Seq Scan on movie_companies mc  (cost=0.00..44881.29 rows=2609129 width=4) (actual time=0.025..553.176 rows=2609129 loops=1)
              ->  Hash  (cost=67604.59..67604.59 rows=67596 width=4) (actual time=1095.778..1095.778 rows=67777 loops=1)
                    Buckets: 131072  Batches: 1  Memory Usage: 3407kB
                    ->  Seq Scan on title t  (cost=0.00..67604.59 rows=67596 width=4) (actual time=0.026..1065.124 rows=67777 loops=1)
                          Filter: (production_year = 2003)
                          Rows Removed by Filter: 2460535
Planning time: 1.179 ms
Execution time: 8153.846 ms
