Seq Scan on cast_info ci  (cost=0.00..705507.15 rows=18083965 width=0) (actual time=3018.277..12646.115 rows=18238243 loops=1)
  Filter: (person_id > 1786998)
  Rows Removed by Filter: 18006101
Planning time: 0.348 ms
Execution time: 14876.088 ms
