Seq Scan on movie_keyword mk  (cost=0.00..81003.12 rows=1388866 width=0) (actual time=0.023..1363.220 rows=1403060 loops=1)
  Filter: (keyword_id < 1907)
  Rows Removed by Filter: 3120870
Planning time: 0.336 ms
Execution time: 1532.454 ms
