Seq Scan on title t  (cost=0.00..73925.90 rows=41970 width=0) (actual time=0.037..1148.164 rows=20854 loops=1)
  Filter: ((production_year < 1998) AND (kind_id = 4))
  Rows Removed by Filter: 2507458
Planning time: 0.406 ms
Execution time: 1151.326 ms
