Seq Scan on movie_companies mc  (cost=0.00..57926.93 rows=489538 width=0) (actual time=6.822..1069.603 rows=286000 loops=1)
  Filter: ((company_id < 3932) AND (company_type_id > 1))
  Rows Removed by Filter: 2323129
Planning time: 0.333 ms
Execution time: 1108.278 ms
