Nested Loop  (cost=40199.63..131077.28 rows=1528 width=0) (actual time=824.251..2298.814 rows=6812 loops=1)
  ->  Hash Join  (cost=40199.20..125633.39 rows=8322 width=8) (actual time=824.182..2201.702 rows=6812 loops=1)
        Hash Cond: (mk.movie_id = mi_idx.movie_id)
        ->  Seq Scan on movie_keyword mk  (cost=0.00..81003.12 rows=4222 width=4) (actual time=0.083..1224.051 rows=4408 loops=1)
              Filter: (keyword_id = 2891)
              Rows Removed by Filter: 4519522
        ->  Hash  (cost=25185.44..25185.44 rows=915101 width=4) (actual time=816.131..816.131 rows=919850 loops=1)
              Buckets: 131072  Batches: 16  Memory Usage: 3057kB
              ->  Seq Scan on movie_info_idx mi_idx  (cost=0.00..25185.44 rows=915101 width=4) (actual time=0.021..533.941 rows=919850 loops=1)
                    Filter: (info_type_id < 101)
                    Rows Removed by Filter: 460185
  ->  Index Only Scan using title_pkey on title t  (cost=0.43..0.64 rows=1 width=4) (actual time=0.013..0.014 rows=1 loops=6812)
        Index Cond: (id = mi_idx.movie_id)
        Heap Fetches: 6812
Planning time: 1.212 ms
Execution time: 2300.276 ms
