Hash Join  (cost=709677.94..796341.04 rows=506 width=0) (actual time=10698.745..12434.676 rows=87 loops=1)
  Hash Cond: (mk.movie_id = t.id)
  ->  Seq Scan on movie_keyword mk  (cost=0.00..69693.30 rows=4523930 width=4) (actual time=0.015..969.074 rows=4523930 loops=1)
  ->  Hash  (cost=709674.40..709674.40 rows=283 width=8) (actual time=10684.471..10684.471 rows=451 loops=1)
        Buckets: 1024  Batches: 1  Memory Usage: 26kB
        ->  Nested Loop  (cost=0.43..709674.40 rows=283 width=8) (actual time=3586.100..10684.140 rows=451 loops=1)
              ->  Seq Scan on cast_info ci  (cost=0.00..705507.15 rows=500 width=4) (actual time=2563.872..10654.329 rows=601 loops=1)
                    Filter: (person_id = 903101)
                    Rows Removed by Filter: 36243743
              ->  Index Scan using title_pkey on title t  (cost=0.43..8.32 rows=1 width=4) (actual time=0.049..0.049 rows=1 loops=601)
                    Index Cond: (id = ci.movie_id)
                    Filter: ((production_year > 1927) AND (kind_id = 7))
                    Rows Removed by Filter: 0
Planning time: 2.009 ms
Execution time: 12434.841 ms
