Hash Join  (cost=150298.95..275916.38 rows=296739 width=0) (actual time=3241.380..6622.061 rows=1212461 loops=1)
  Hash Cond: (mk.movie_id = t.id)
  ->  Seq Scan on movie_keyword mk  (cost=0.00..69693.30 rows=4523930 width=4) (actual time=0.014..1414.753 rows=4523930 loops=1)
  ->  Hash  (cost=147577.78..147577.78 rows=165854 width=8) (actual time=3240.324..3240.324 rows=126472 loops=1)
        Buckets: 131072  Batches: 4  Memory Usage: 2259kB
        ->  Hash Join  (cost=70241.71..147577.78 rows=165854 width=8) (actual time=1125.463..3195.481 rows=126472 loops=1)
              Hash Cond: (mc.movie_id = t.id)
              ->  Seq Scan on movie_companies mc  (cost=0.00..44881.29 rows=2609129 width=4) (actual time=0.012..908.992 rows=2609129 loops=1)
              ->  Hash  (cost=67604.59..67604.59 rows=160730 width=4) (actual time=1124.671..1124.671 rows=160017 loops=1)
                    Buckets: 131072  Batches: 4  Memory Usage: 2436kB
                    ->  Seq Scan on title t  (cost=0.00..67604.59 rows=160730 width=4) (actual time=0.016..1066.989 rows=160017 loops=1)
                          Filter: (production_year = 2011)
                          Rows Removed by Filter: 2368295
Planning time: 0.727 ms
Execution time: 6774.239 ms
