Hash Join  (cost=190230.21..317492.67 rows=1310448 width=0) (actual time=4560.235..8662.863 rows=5612790 loops=1)
  Hash Cond: (mk.movie_id = t.id)
  ->  Seq Scan on movie_keyword mk  (cost=0.00..81003.12 rows=2401028 width=4) (actual time=0.016..1655.299 rows=2397127 loops=1)
        Filter: (keyword_id > 3919)
        Rows Removed by Filter: 2126803
  ->  Hash  (cost=167588.78..167588.78 rows=1380035 width=8) (actual time=4558.557..4558.557 rows=1380035 loops=1)
        Buckets: 131072  Batches: 32  Memory Usage: 2726kB
        ->  Hash Join  (cost=102767.86..167588.78 rows=1380035 width=8) (actual time=2201.212..4146.367 rows=1380035 loops=1)
              Hash Cond: (mi_idx.movie_id = t.id)
              ->  Seq Scan on movie_info_idx mi_idx  (cost=0.00..21735.35 rows=1380035 width=4) (actual time=0.020..431.293 rows=1380035 loops=1)
              ->  Hash  (cost=61283.27..61283.27 rows=2528527 width=4) (actual time=2199.790..2199.790 rows=2528312 loops=1)
                    Buckets: 131072  Batches: 64  Memory Usage: 2415kB
                    ->  Seq Scan on title t  (cost=0.00..61283.27 rows=2528527 width=4) (actual time=0.017..1131.309 rows=2528312 loops=1)
Planning time: 1.169 ms
Execution time: 9245.442 ms
