Seq Scan on movie_keyword mk  (cost=0.00..81003.12 rows=349264 width=0) (actual time=0.033..1378.342 rows=363692 loops=1)
  Filter: (keyword_id < 335)
  Rows Removed by Filter: 4160238
Planning time: 0.355 ms
Execution time: 1425.689 ms
