Seq Scan on movie_companies mc  (cost=0.00..57926.93 rows=53 width=0) (actual time=116.406..798.830 rows=14 loops=1)
  Filter: ((company_id = 78153) AND (company_type_id = 2))
  Rows Removed by Filter: 2609115
Planning time: 0.380 ms
Execution time: 798.901 ms
