Hash Join  (cost=94252.23..464392.18 rows=567475 width=0) (actual time=6891.883..8337.920 rows=122462 loops=1)
  Hash Cond: (mi.movie_id = t.id)
  ->  Seq Scan on movie_info mi  (cost=0.00..346232.03 rows=1158179 width=4) (actual time=0.024..5531.702 rows=1204709 loops=1)
        Filter: (info_type_id > 18)
        Rows Removed by Filter: 13631011
  ->  Hash  (cost=73925.90..73925.90 rows=1238906 width=4) (actual time=1835.968..1835.968 rows=1324576 loops=1)
        Buckets: 131072  Batches: 32  Memory Usage: 2490kB
        ->  Seq Scan on title t  (cost=0.00..73925.90 rows=1238906 width=4) (actual time=0.009..1403.044 rows=1324576 loops=1)
              Filter: ((production_year > 1973) AND (kind_id = 7))
              Rows Removed by Filter: 1203736
Planning time: 0.822 ms
Execution time: 8369.318 ms
