Hash Join  (cost=125590.39..1181975.68 rows=2198220 width=0) (actual time=2416.848..34410.288 rows=7331028 loops=1)
  Hash Cond: (ci.movie_id = t.id)
  ->  Seq Scan on cast_info ci  (cost=0.00..614943.12 rows=36225612 width=4) (actual time=0.008..12642.938 rows=36244344 loops=1)
  ->  Hash  (cost=123072.46..123072.46 rows=153434 width=8) (actual time=2416.090..2416.090 rows=268079 loops=1)
        Buckets: 131072  Batches: 4  Memory Usage: 3647kB
        ->  Hash Join  (cost=87734.02..123072.46 rows=153434 width=8) (actual time=1506.972..2346.764 rows=268079 loops=1)
              Hash Cond: (mi_idx.movie_id = t.id)
              ->  Seq Scan on movie_info_idx mi_idx  (cost=0.00..25185.44 rows=460978 width=4) (actual time=0.024..447.121 rows=459925 loops=1)
                    Filter: (info_type_id = 99)
                    Rows Removed by Filter: 920110
              ->  Hash  (cost=73925.90..73925.90 rows=841609 width=4) (actual time=1505.837..1505.837 rows=755160 loops=1)
                    Buckets: 131072  Batches: 16  Memory Usage: 2686kB
                    ->  Seq Scan on title t  (cost=0.00..73925.90 rows=841609 width=4) (actual time=0.014..1250.569 rows=755160 loops=1)
                          Filter: ((kind_id < 7) AND (production_year > 1965))
                          Rows Removed by Filter: 1773152
Planning time: 1.229 ms
Execution time: 35240.802 ms
