Hash Join  (cost=242690.86..1504040.57 rows=17742655 width=0) (actual time=5059.064..35926.329 rows=6811413 loops=1)
  Hash Cond: (ci.movie_id = t.id)
  ->  Seq Scan on cast_info ci  (cost=0.00..614943.12 rows=36225612 width=4) (actual time=0.016..13413.487 rows=36244344 loops=1)
  ->  Hash  (cost=222372.52..222372.52 rows=1238427 width=8) (actual time=5057.301..5057.301 rows=270466 loops=1)
        Buckets: 131072  Batches: 32  Memory Usage: 1332kB
        ->  Hash Join  (cost=85282.22..222372.52 rows=1238427 width=8) (actual time=3055.056..4983.710 rows=270466 loops=1)
              Hash Cond: (mk.movie_id = t.id)
              ->  Seq Scan on movie_keyword mk  (cost=0.00..69693.30 rows=4523930 width=4) (actual time=0.028..1561.710 rows=4523930 loops=1)
              ->  Hash  (cost=73925.90..73925.90 rows=692185 width=4) (actual time=1495.392..1495.392 rows=596495 loops=1)
                    Buckets: 131072  Batches: 16  Memory Usage: 2338kB
                    ->  Seq Scan on title t  (cost=0.00..73925.90 rows=692185 width=4) (actual time=0.016..1291.058 rows=596495 loops=1)
                          Filter: ((production_year < 2002) AND (kind_id = 7))
                          Rows Removed by Filter: 1931817
Planning time: 9.349 ms
Execution time: 36702.024 ms
