Hash Join  (cost=160737.19..537611.28 rows=12546 width=0) (actual time=2973.060..9779.702 rows=393730 loops=1)
  Hash Cond: (mi.movie_id = t.id)
  ->  Seq Scan on movie_info mi  (cost=0.00..346232.03 rows=6103325 width=4) (actual time=0.028..5739.652 rows=6083429 loops=1)
        Filter: (info_type_id > 9)
        Rows Removed by Filter: 8752291
  ->  Hash  (cost=160672.23..160672.23 rows=5197 width=8) (actual time=2972.783..2972.783 rows=17048 loops=1)
        Buckets: 32768 (originally 8192)  Batches: 1 (originally 1)  Memory Usage: 922kB
        ->  Hash Join  (cost=73962.22..160672.23 rows=5197 width=8) (actual time=1092.492..2966.405 rows=17048 loops=1)
              Hash Cond: (mk.movie_id = t.id)
              ->  Seq Scan on movie_keyword mk  (cost=0.00..69693.30 rows=4523930 width=4) (actual time=0.022..1042.266 rows=4523930 loops=1)
              ->  Hash  (cost=73925.90..73925.90 rows=2905 width=4) (actual time=1085.989..1085.989 rows=3646 loops=1)
                    Buckets: 4096  Batches: 1  Memory Usage: 161kB
                    ->  Seq Scan on title t  (cost=0.00..73925.90 rows=2905 width=4) (actual time=0.035..1084.028 rows=3646 loops=1)
                          Filter: ((kind_id < 7) AND (production_year = 1957))
                          Rows Removed by Filter: 2524666
Planning time: 1.253 ms
Execution time: 9826.420 ms
