Hash Join  (cost=152583.04..518099.18 rows=86020 width=0) (actual time=2801.113..9927.539 rows=27531 loops=1)
  Hash Cond: (mi.movie_id = t.id)
  ->  Seq Scan on movie_info mi  (cost=0.00..309384.22 rows=14739122 width=4) (actual time=0.019..4277.055 rows=14835720 loops=1)
  ->  Hash  (cost=152398.58..152398.58 rows=14757 width=8) (actual time=2800.947..2800.947 rows=2075 loops=1)
        Buckets: 16384  Batches: 1  Memory Usage: 210kB
        ->  Hash Join  (cost=68173.50..152398.58 rows=14757 width=8) (actual time=1131.129..2799.642 rows=2075 loops=1)
              Hash Cond: (mk.movie_id = t.id)
              ->  Seq Scan on movie_keyword mk  (cost=0.00..81003.12 rows=819835 width=4) (actual time=0.011..1510.398 rows=828971 loops=1)
                    Filter: (keyword_id > 22211)
                    Rows Removed by Filter: 3694959
              ->  Hash  (cost=67604.59..67604.59 rows=45513 width=4) (actual time=1129.380..1129.380 rows=42820 loops=1)
                    Buckets: 65536  Batches: 1  Memory Usage: 2018kB
                    ->  Seq Scan on title t  (cost=0.00..67604.59 rows=45513 width=4) (actual time=319.959..1112.796 rows=42820 loops=1)
                          Filter: (production_year < 1913)
                          Rows Removed by Filter: 2485492
Planning time: 1.156 ms
Execution time: 9932.464 ms
