Seq Scan on movie_keyword mk  (cost=0.00..81003.12 rows=4520556 width=0) (actual time=0.037..1634.635 rows=4521357 loops=1)
  Filter: (keyword_id < 131724)
  Rows Removed by Filter: 2573
Planning time: 0.301 ms
Execution time: 2209.993 ms
