Seq Scan on cast_info ci  (cost=0.00..796071.18 rows=6569800 width=0) (actual time=3042.405..12639.041 rows=10158232 loops=1)
  Filter: ((person_id > 2700305) AND (role_id > 1))
  Rows Removed by Filter: 26086112
Planning time: 0.355 ms
Execution time: 13918.157 ms
