Hash Join  (cost=138463.18..226315.41 rows=119419 width=0) (actual time=2662.400..4226.427 rows=432882 loops=1)
  Hash Cond: (mk.movie_id = t.id)
  ->  Seq Scan on movie_keyword mk  (cost=0.00..69693.30 rows=4523930 width=4) (actual time=0.012..750.648 rows=4523930 loops=1)
  ->  Hash  (cost=137628.85..137628.85 rows=66746 width=8) (actual time=2661.299..2661.299 rows=53697 loops=1)
        Buckets: 131072  Batches: 1  Memory Usage: 3122kB
        ->  Hash Join  (cost=69687.24..137628.85 rows=66746 width=8) (actual time=1045.201..2640.626 rows=53697 loops=1)
              Hash Cond: (mc.movie_id = t.id)
              ->  Seq Scan on movie_companies mc  (cost=0.00..51404.11 rows=1329612 width=4) (actual time=0.015..1048.107 rows=1334883 loops=1)
                    Filter: (company_type_id = 2)
                    Rows Removed by Filter: 1274246
              ->  Hash  (cost=67604.59..67604.59 rows=126932 width=4) (actual time=1044.277..1044.277 rows=122861 loops=1)
                    Buckets: 131072  Batches: 2  Memory Usage: 3191kB
                    ->  Seq Scan on title t  (cost=0.00..67604.59 rows=126932 width=4) (actual time=0.017..997.756 rows=122861 loops=1)
                          Filter: (production_year = 2008)
                          Rows Removed by Filter: 2405451
Planning time: 1.171 ms
Execution time: 4272.403 ms
