Seq Scan on movie_companies mc  (cost=0.00..51404.11 rows=104 width=0) (actual time=66.270..810.421 rows=2 loops=1)
  Filter: (company_id = 40130)
  Rows Removed by Filter: 2609127
Planning time: 3.146 ms
Execution time: 810.497 ms
