Hash Join  (cost=211660.68..1231982.51 rows=4136035 width=0) (actual time=5063.157..34473.949 rows=13622836 loops=1)
  Hash Cond: (ci.movie_id = t.id)
  ->  Seq Scan on cast_info ci  (cost=0.00..705507.15 rows=23499554 width=4) (actual time=992.081..15867.610 rows=23573656 loops=1)
        Filter: (role_id > 1)
        Rows Removed by Filter: 12670688
  ->  Hash  (cost=204358.77..204358.77 rows=445033 width=8) (actual time=4070.196..4070.196 rows=443521 loops=1)
        Buckets: 131072  Batches: 8  Memory Usage: 3218kB
        ->  Hash Join  (cost=102767.86..204358.77 rows=445033 width=8) (actual time=1836.474..3934.506 rows=443521 loops=1)
              Hash Cond: (mk.movie_id = t.id)
              ->  Seq Scan on movie_keyword mk  (cost=0.00..81003.12 rows=445033 width=4) (actual time=0.036..1371.822 rows=443521 loops=1)
                    Filter: (keyword_id > 39906)
                    Rows Removed by Filter: 4080409
              ->  Hash  (cost=61283.27..61283.27 rows=2528527 width=4) (actual time=1833.322..1833.322 rows=2528312 loops=1)
                    Buckets: 131072  Batches: 64  Memory Usage: 2425kB
                    ->  Seq Scan on title t  (cost=0.00..61283.27 rows=2528527 width=4) (actual time=0.011..984.529 rows=2528312 loops=1)
Planning time: 5.799 ms
Execution time: 35986.527 ms
