Hash Join  (cost=114432.54..201933.15 rows=84257 width=0) (actual time=2998.877..4171.709 rows=93024 loops=1)
  Hash Cond: (mk.movie_id = t.id)
  ->  Seq Scan on movie_keyword mk  (cost=0.00..69693.30 rows=4523930 width=4) (actual time=0.022..1011.530 rows=4523930 loops=1)
  ->  Hash  (cost=113843.88..113843.88 rows=47093 width=8) (actual time=2327.883..2327.883 rows=21303 loops=1)
        Buckets: 65536  Batches: 1  Memory Usage: 1345kB
        ->  Hash Join  (cost=75342.47..113843.88 rows=47093 width=8) (actual time=1776.625..2320.667 rows=21303 loops=1)
              Hash Cond: (mi_idx.movie_id = t.id)
              ->  Seq Scan on movie_info_idx mi_idx  (cost=0.00..21735.35 rows=1380035 width=4) (actual time=0.027..511.494 rows=1380035 loops=1)
              ->  Hash  (cost=73925.90..73925.90 rows=86285 width=4) (actual time=1335.873..1335.873 rows=92628 loops=1)
                    Buckets: 131072  Batches: 2  Memory Usage: 2653kB
                    ->  Seq Scan on title t  (cost=0.00..73925.90 rows=86285 width=4) (actual time=216.255..1301.065 rows=92628 loops=1)
                          Filter: ((kind_id = 7) AND (production_year = 2010))
                          Rows Removed by Filter: 2435684
Planning time: 1.213 ms
Execution time: 4183.333 ms
