Seq Scan on title t  (cost=0.00..67604.59 rows=7437 width=0) (actual time=0.030..1022.676 rows=4763 loops=1)
  Filter: (production_year = 1950)
  Rows Removed by Filter: 2523549
Planning time: 0.420 ms
Execution time: 1023.984 ms
