Hash Join  (cost=244247.11..851840.84 rows=7894989 width=0) (actual time=6020.117..39963.963 rows=83401630 loops=1)
  Hash Cond: (mi.movie_id = t.id)
  ->  Seq Scan on movie_info mi  (cost=0.00..346232.03 rows=13795764 width=4) (actual time=0.015..7281.842 rows=13838458 loops=1)
        Filter: (info_type_id < 90)
        Rows Removed by Filter: 997262
  ->  Hash  (cost=220506.41..220506.41 rows=1447016 width=8) (actual time=6018.996..6018.996 rows=1999086 loops=1)
        Buckets: 131072  Batches: 32  Memory Usage: 3506kB
        ->  Hash Join  (cost=80874.21..220506.41 rows=1447016 width=8) (actual time=1434.944..5442.850 rows=1999086 loops=1)
              Hash Cond: (mk.movie_id = t.id)
              ->  Seq Scan on movie_keyword mk  (cost=0.00..69693.30 rows=4523930 width=4) (actual time=0.012..1408.983 rows=4523930 loops=1)
              ->  Hash  (cost=67604.59..67604.59 rows=808770 width=4) (actual time=1433.103..1433.103 rows=812704 loops=1)
                    Buckets: 131072  Batches: 16  Memory Usage: 2819kB
                    ->  Seq Scan on title t  (cost=0.00..67604.59 rows=808770 width=4) (actual time=0.021..1163.338 rows=812704 loops=1)
                          Filter: (production_year < 1995)
                          Rows Removed by Filter: 1715608
Planning time: 1.240 ms
Execution time: 49819.653 ms
