Seq Scan on movie_companies mc  (cost=0.00..57926.93 rows=1138023 width=0) (actual time=243.766..1071.122 rows=955646 loops=1)
  Filter: ((company_id < 84378) AND (company_type_id > 1))
  Rows Removed by Filter: 1653483
Planning time: 0.366 ms
Execution time: 1187.528 ms
