Seq Scan on movie_keyword mk  (cost=0.00..81003.12 rows=3374755 width=0) (actual time=0.017..1617.755 rows=3358353 loops=1)
  Filter: (keyword_id < 16065)
  Rows Removed by Filter: 1165577
Planning time: 0.337 ms
Execution time: 2028.692 ms
