Nested Loop  (cost=0.43..83071.67 rows=246 width=0) (actual time=3.132..1289.650 rows=485 loops=1)
  ->  Seq Scan on movie_keyword mk  (cost=0.00..81003.12 rows=246 width=4) (actual time=3.062..1270.824 rows=485 loops=1)
        Filter: (keyword_id = 2364)
        Rows Removed by Filter: 4523445
  ->  Index Only Scan using title_pkey on title t  (cost=0.43..8.40 rows=1 width=4) (actual time=0.036..0.037 rows=1 loops=485)
        Index Cond: (id = mk.movie_id)
        Heap Fetches: 485
Planning time: 0.691 ms
Execution time: 1289.963 ms
