Hash Join  (cost=102767.86..180642.75 rows=689525 width=0) (actual time=1929.545..3916.864 rows=695475 loops=1)
  Hash Cond: (mc.movie_id = t.id)
  ->  Seq Scan on movie_companies mc  (cost=0.00..51404.11 rows=689525 width=4) (actual time=0.016..999.025 rows=695475 loops=1)
        Filter: (company_id > 46273)
        Rows Removed by Filter: 1913654
  ->  Hash  (cost=61283.27..61283.27 rows=2528527 width=4) (actual time=1927.340..1927.340 rows=2528312 loops=1)
        Buckets: 131072  Batches: 64  Memory Usage: 2415kB
        ->  Seq Scan on title t  (cost=0.00..61283.27 rows=2528527 width=4) (actual time=0.022..1084.849 rows=2528312 loops=1)
Planning time: 1.632 ms
Execution time: 3997.084 ms
