Hash Join  (cost=78724.21..119155.70 rows=159601 width=0) (actual time=1107.383..2213.360 rows=195628 loops=1)
  Hash Cond: (mi_idx.movie_id = t.id)
  ->  Seq Scan on movie_info_idx mi_idx  (cost=0.00..21735.35 rows=1380035 width=4) (actual time=0.032..444.453 rows=1380035 loops=1)
  ->  Hash  (cost=73925.90..73925.90 rows=292424 width=4) (actual time=1106.511..1106.511 rows=231739 loops=1)
        Buckets: 131072  Batches: 4  Memory Usage: 3067kB
        ->  Seq Scan on title t  (cost=0.00..73925.90 rows=292424 width=4) (actual time=179.468..1018.509 rows=231739 loops=1)
              Filter: ((production_year > 2004) AND (kind_id = 1))
              Rows Removed by Filter: 2296573
Planning time: 0.783 ms
Execution time: 2238.200 ms
