Hash Join  (cost=88238.62..134100.41 rows=476131 width=0) (actual time=1627.950..3261.618 rows=271770 loops=1)
  Hash Cond: (mi_idx.movie_id = t.id)
  ->  Seq Scan on movie_info_idx mi_idx  (cost=0.00..21735.35 rows=1380035 width=4) (actual time=0.027..505.210 rows=1380035 loops=1)
  ->  Hash  (cost=73925.90..73925.90 rows=872377 width=4) (actual time=1625.748..1625.748 rows=970133 loops=1)
        Buckets: 131072  Batches: 16  Memory Usage: 3166kB
        ->  Seq Scan on title t  (cost=0.00..73925.90 rows=872377 width=4) (actual time=0.024..1318.864 rows=970133 loops=1)
              Filter: ((kind_id > 3) AND (production_year > 2001))
              Rows Removed by Filter: 1558179
Planning time: 0.759 ms
Execution time: 3293.526 ms
