Hash Join  (cost=120983.35..1176446.35 rows=2108480 width=0) (actual time=2675.567..33950.117 rows=8691150 loops=1)
  Hash Cond: (ci.movie_id = t.id)
  ->  Seq Scan on cast_info ci  (cost=0.00..614943.12 rows=36225612 width=4) (actual time=0.018..13139.382 rows=36244344 loops=1)
  ->  Hash  (cost=118568.71..118568.71 rows=147171 width=8) (actual time=2674.653..2674.653 rows=341731 loops=1)
        Buckets: 131072 (originally 131072)  Batches: 8 (originally 2)  Memory Usage: 3073kB
        ->  Hash Join  (cost=78350.52..118568.71 rows=147171 width=8) (actual time=1336.057..2565.711 rows=341731 loops=1)
              Hash Cond: (mi_idx.movie_id = t.id)
              ->  Seq Scan on movie_info_idx mi_idx  (cost=0.00..21735.35 rows=1380035 width=4) (actual time=0.016..464.035 rows=1380035 loops=1)
              ->  Hash  (cost=73925.90..73925.90 rows=269649 width=4) (actual time=1334.616..1334.616 rows=382611 loops=1)
                    Buckets: 131072 (originally 131072)  Batches: 8 (originally 4)  Memory Usage: 3073kB
                    ->  Seq Scan on title t  (cost=0.00..73925.90 rows=269649 width=4) (actual time=0.022..1202.399 rows=382611 loops=1)
                          Filter: ((kind_id < 7) AND (production_year < 1990))
                          Rows Removed by Filter: 2145701
Planning time: 1.196 ms
Execution time: 34963.578 ms
