Hash Join  (cost=187178.89..692556.00 rows=2812522 width=0) (actual time=3943.065..16043.910 rows=935628 loops=1)
  Hash Cond: (mi.movie_id = t.id)
  ->  Seq Scan on movie_info mi  (cost=0.00..346232.03 rows=11115165 width=4) (actual time=0.020..6770.818 rows=11210743 loops=1)
        Filter: (info_type_id > 3)
        Rows Removed by Filter: 3624977
  ->  Hash  (cost=176681.32..176681.32 rows=639805 width=8) (actual time=3676.763..3676.763 rows=97197 loops=1)
        Buckets: 131072  Batches: 16  Memory Usage: 1257kB
        ->  Hash Join  (cost=92883.59..176681.32 rows=639805 width=8) (actual time=2081.533..3647.217 rows=97197 loops=1)
              Hash Cond: (mc.movie_id = t.id)
              ->  Seq Scan on movie_companies mc  (cost=0.00..57926.93 rows=1049950 width=4) (actual time=387.970..1249.907 rows=927840 loops=1)
                    Filter: ((company_id > 398) AND (company_type_id = 1))
                    Rows Removed by Filter: 1681289
              ->  Hash  (cost=67604.59..67604.59 rows=1540800 width=4) (actual time=1692.231..1692.231 rows=1543264 loops=1)
                    Buckets: 131072  Batches: 32  Memory Usage: 2722kB
                    ->  Seq Scan on title t  (cost=0.00..67604.59 rows=1540800 width=4) (actual time=0.029..1212.681 rows=1543264 loops=1)
                          Filter: (kind_id = 7)
                          Rows Removed by Filter: 985048
Planning time: 1.219 ms
Execution time: 16146.019 ms
