Hash Join  (cost=83074.74..447745.01 rows=1434 width=0) (actual time=1076.435..7527.500 rows=23609 loops=1)
  Hash Cond: (mi.movie_id = t.id)
  ->  Seq Scan on movie_info mi  (cost=0.00..309384.22 rows=14739122 width=4) (actual time=0.017..3676.930 rows=14835720 loops=1)
  ->  Hash  (cost=83071.67..83071.67 rows=246 width=8) (actual time=1075.794..1075.794 rows=221 loops=1)
        Buckets: 1024  Batches: 1  Memory Usage: 17kB
        ->  Nested Loop  (cost=0.43..83071.67 rows=246 width=8) (actual time=7.854..1075.573 rows=221 loops=1)
              ->  Seq Scan on movie_keyword mk  (cost=0.00..81003.12 rows=246 width=4) (actual time=7.774..1067.528 rows=221 loops=1)
                    Filter: (keyword_id = 2347)
                    Rows Removed by Filter: 4523709
              ->  Index Only Scan using title_pkey on title t  (cost=0.43..8.40 rows=1 width=4) (actual time=0.033..0.034 rows=1 loops=221)
                    Index Cond: (id = mk.movie_id)
                    Heap Fetches: 221
Planning time: 2.853 ms
Execution time: 7531.677 ms
