Hash Join  (cost=185091.09..1231321.48 rows=1209718 width=0) (actual time=3610.374..29964.947 rows=4677674 loops=1)
  Hash Cond: (ci.movie_id = t.id)
  ->  Seq Scan on cast_info ci  (cost=0.00..614943.12 rows=36225612 width=4) (actual time=0.027..12774.288 rows=36244344 loops=1)
  ->  Hash  (cost=183705.61..183705.61 rows=84438 width=8) (actual time=3609.590..3609.590 rows=113370 loops=1)
        Buckets: 131072  Batches: 2  Memory Usage: 3221kB
        ->  Hash Join  (cost=75483.59..183705.61 rows=84438 width=8) (actual time=1243.506..3571.559 rows=113370 loops=1)
              Hash Cond: (mk.movie_id = t.id)
              ->  Seq Scan on movie_keyword mk  (cost=0.00..81003.12 rows=2248937 width=4) (actual time=0.022..1592.581 rows=2247131 loops=1)
                    Filter: (keyword_id > 4801)
                    Rows Removed by Filter: 2276799
              ->  Hash  (cost=73925.90..73925.90 rows=94935 width=4) (actual time=1242.532..1242.532 rows=100455 loops=1)
                    Buckets: 131072  Batches: 2  Memory Usage: 2801kB
                    ->  Seq Scan on title t  (cost=0.00..73925.90 rows=94935 width=4) (actual time=534.006..1203.278 rows=100455 loops=1)
                          Filter: ((production_year > 1930) AND (kind_id = 3))
                          Rows Removed by Filter: 2427857
Planning time: 1.145 ms
Execution time: 30509.532 ms
