Seq Scan on movie_companies mc  (cost=0.00..51404.11 rows=1551440 width=0) (actual time=0.012..1034.675 rows=1554535 loops=1)
  Filter: (company_id > 6209)
  Rows Removed by Filter: 1054594
Planning time: 0.356 ms
Execution time: 1222.823 ms
