Seq Scan on cast_info ci  (cost=0.00..796071.18 rows=15062824 width=0) (actual time=0.025..14401.814 rows=16805500 loops=1)
  Filter: ((person_id < 1762867) AND (role_id < 9))
  Rows Removed by Filter: 19438844
Planning time: 0.386 ms
Execution time: 16441.885 ms
