Hash Join  (cost=83074.74..109989.30 rows=45 width=0) (actual time=1437.091..1997.650 rows=941 loops=1)
  Hash Cond: (mi_idx.movie_id = t.id)
  ->  Seq Scan on movie_info_idx mi_idx  (cost=0.00..25185.44 rows=460978 width=4) (actual time=0.012..486.593 rows=459925 loops=1)
        Filter: (info_type_id = 99)
        Rows Removed by Filter: 920110
  ->  Hash  (cost=83071.67..83071.67 rows=246 width=8) (actual time=1436.819..1436.819 rows=1361 loops=1)
        Buckets: 2048 (originally 1024)  Batches: 1 (originally 1)  Memory Usage: 70kB
        ->  Nested Loop  (cost=0.43..83071.67 rows=246 width=8) (actual time=0.546..1435.810 rows=1361 loops=1)
              ->  Seq Scan on movie_keyword mk  (cost=0.00..81003.12 rows=246 width=4) (actual time=0.506..1359.331 rows=1361 loops=1)
                    Filter: (keyword_id = 9079)
                    Rows Removed by Filter: 4522569
              ->  Index Only Scan using title_pkey on title t  (cost=0.43..8.40 rows=1 width=4) (actual time=0.055..0.055 rows=1 loops=1361)
                    Index Cond: (id = mk.movie_id)
                    Heap Fetches: 1361
Planning time: 0.842 ms
Execution time: 1997.951 ms
