Hash Join  (cost=102767.86..972038.99 rows=2631505 width=0) (actual time=7540.909..17543.957 rows=858734 loops=1)
  Hash Cond: (ci.movie_id = t.id)
  ->  Seq Scan on cast_info ci  (cost=0.00..796071.18 rows=2631505 width=4) (actual time=5608.087..14571.177 rows=858734 loops=1)
        Filter: ((person_id < 2041728) AND (role_id > 9))
        Rows Removed by Filter: 35385610
  ->  Hash  (cost=61283.27..61283.27 rows=2528527 width=4) (actual time=1931.757..1931.757 rows=2528312 loops=1)
        Buckets: 131072  Batches: 64  Memory Usage: 2415kB
        ->  Seq Scan on title t  (cost=0.00..61283.27 rows=2528527 width=4) (actual time=0.014..1100.095 rows=2528312 loops=1)
Planning time: 0.772 ms
Execution time: 17648.761 ms
