Seq Scan on movie_keyword mk  (cost=0.00..81003.12 rows=246 width=0) (actual time=0.380..1170.567 rows=1307 loops=1)
  Filter: (keyword_id = 128)
  Rows Removed by Filter: 4522623
Planning time: 0.338 ms
Execution time: 1171.087 ms
