Hash Join  (cost=75574.02..199765.53 rows=179647 width=0) (actual time=2979.260..4141.731 rows=30858 loops=1)
  Hash Cond: (mk.movie_id = t.id)
  ->  Seq Scan on movie_keyword mk  (cost=0.00..69693.30 rows=4523930 width=4) (actual time=0.012..1498.428 rows=4523930 loops=1)
  ->  Hash  (cost=73925.90..73925.90 rows=100409 width=4) (actual time=1292.274..1292.274 rows=110402 loops=1)
        Buckets: 131072  Batches: 2  Memory Usage: 2970kB
        ->  Seq Scan on title t  (cost=0.00..73925.90 rows=100409 width=4) (actual time=0.030..1250.181 rows=110402 loops=1)
              Filter: ((kind_id = 7) AND (production_year = 2012))
              Rows Removed by Filter: 2417910
Planning time: 0.734 ms
Execution time: 4145.839 ms
