Hash Join  (cost=195761.64..331330.67 rows=1113499 width=0) (actual time=4164.278..9096.683 rows=9300813 loops=1)
  Hash Cond: (mk.movie_id = t.id)
  ->  Seq Scan on movie_keyword mk  (cost=0.00..69693.30 rows=4523930 width=4) (actual time=0.018..1410.858 rows=4523930 loops=1)
  ->  Hash  (cost=185550.14..185550.14 rows=622360 width=8) (actual time=3692.278..3692.278 rows=379519 loops=1)
        Buckets: 131072  Batches: 16  Memory Usage: 1986kB
        ->  Hash Join  (cost=102767.86..185550.14 rows=622360 width=8) (actual time=2250.174..3584.299 rows=379519 loops=1)
              Hash Cond: (mc.movie_id = t.id)
              ->  Seq Scan on movie_companies mc  (cost=0.00..57926.93 rows=622360 width=4) (actual time=405.734..1044.651 rows=379519 loops=1)
                    Filter: ((company_id > 11387) AND (company_type_id = 1))
                    Rows Removed by Filter: 2229610
              ->  Hash  (cost=61283.27..61283.27 rows=2528527 width=4) (actual time=1843.005..1843.005 rows=2528312 loops=1)
                    Buckets: 131072  Batches: 64  Memory Usage: 2415kB
                    ->  Seq Scan on title t  (cost=0.00..61283.27 rows=2528527 width=4) (actual time=0.041..1006.277 rows=2528312 loops=1)
Planning time: 1.080 ms
Execution time: 10142.892 ms
