Hash Join  (cost=102767.86..1004467.82 rows=3979248 width=0) (actual time=6743.945..20253.870 rows=1932364 loops=1)
  Hash Cond: (ci.movie_id = t.id)
  ->  Seq Scan on cast_info ci  (cost=0.00..796071.18 rows=3979248 width=4) (actual time=4751.124..16080.455 rows=1932364 loops=1)
        Filter: ((person_id < 3516017) AND (role_id = 10))
        Rows Removed by Filter: 34311980
  ->  Hash  (cost=61283.27..61283.27 rows=2528527 width=4) (actual time=1990.918..1990.918 rows=2528312 loops=1)
        Buckets: 131072  Batches: 64  Memory Usage: 2415kB
        ->  Seq Scan on title t  (cost=0.00..61283.27 rows=2528527 width=4) (actual time=0.029..1171.074 rows=2528312 loops=1)
Planning time: 0.725 ms
Execution time: 20475.277 ms
