Hash Join  (cost=156545.30..521553.66 rows=35243 width=0) (actual time=2970.482..10869.120 rows=853069 loops=1)
  Hash Cond: (mi.movie_id = t.id)
  ->  Seq Scan on movie_info mi  (cost=0.00..309384.22 rows=14739122 width=4) (actual time=0.014..4597.658 rows=14835720 loops=1)
  ->  Hash  (cost=156469.73..156469.73 rows=6046 width=8) (actual time=2968.667..2968.667 rows=15135 loops=1)
        Buckets: 16384 (originally 8192)  Batches: 1 (originally 1)  Memory Usage: 720kB
        ->  Hash Join  (cost=67697.55..156469.73 rows=6046 width=8) (actual time=1047.779..2962.746 rows=15135 loops=1)
              Hash Cond: (mk.movie_id = t.id)
              ->  Seq Scan on movie_keyword mk  (cost=0.00..81003.12 rows=2055625 width=4) (actual time=0.018..1550.830 rows=2058366 loops=1)
                    Filter: (keyword_id > 5926)
                    Rows Removed by Filter: 2465564
              ->  Hash  (cost=67604.59..67604.59 rows=7437 width=4) (actual time=1046.839..1046.839 rows=14038 loops=1)
                    Buckets: 16384 (originally 8192)  Batches: 1 (originally 1)  Memory Usage: 622kB
                    ->  Seq Scan on title t  (cost=0.00..67604.59 rows=7437 width=4) (actual time=0.060..1040.091 rows=14038 loops=1)
                          Filter: (production_year = 1977)
                          Rows Removed by Filter: 2514274
Planning time: 1.139 ms
Execution time: 10976.195 ms
