Seq Scan on movie_companies mc  (cost=0.00..57926.93 rows=53 width=0) (actual time=99.510..933.391 rows=351 loops=1)
  Filter: ((company_type_id > 1) AND (company_id = 1153))
  Rows Removed by Filter: 2608778
Planning time: 0.408 ms
Execution time: 933.540 ms
