Seq Scan on movie_companies mc  (cost=0.00..57926.93 rows=53 width=0) (actual time=337.535..811.947 rows=1 loops=1)
  Filter: ((company_id = 141378) AND (company_type_id = 2))
  Rows Removed by Filter: 2609128
Planning time: 0.399 ms
Execution time: 812.018 ms
