Hash Join  (cost=102767.86..202548.70 rows=1328856 width=0) (actual time=1918.451..4558.806 rows=1334140 loops=1)
  Hash Cond: (mc.movie_id = t.id)
  ->  Seq Scan on movie_companies mc  (cost=0.00..57926.93 rows=1328856 width=4) (actual time=125.202..1207.982 rows=1334140 loops=1)
        Filter: ((company_id > 5) AND (company_type_id = 2))
        Rows Removed by Filter: 1274989
  ->  Hash  (cost=61283.27..61283.27 rows=2528527 width=4) (actual time=1792.035..1792.035 rows=2528312 loops=1)
        Buckets: 131072  Batches: 64  Memory Usage: 2415kB
        ->  Seq Scan on title t  (cost=0.00..61283.27 rows=2528527 width=4) (actual time=0.024..1006.674 rows=2528312 loops=1)
Planning time: 0.784 ms
Execution time: 4719.428 ms
