Hash Join  (cost=129092.12..891146.68 rows=84968 width=0) (actual time=2532.047..21385.158 rows=129534 loops=1)
  Hash Cond: (ci.movie_id = t.id)
  ->  Seq Scan on cast_info ci  (cost=0.00..705507.15 rows=14852730 width=4) (actual time=0.017..13054.882 rows=14758205 loops=1)
        Filter: (person_id < 1454990)
        Rows Removed by Filter: 21486139
  ->  Hash  (cost=128911.30..128911.30 rows=14465 width=8) (actual time=2529.441..2529.441 rows=100607 loops=1)
        Buckets: 131072 (originally 16384)  Batches: 2 (originally 1)  Memory Usage: 3073kB
        ->  Hash Join  (cost=74101.13..128911.30 rows=14465 width=8) (actual time=1023.313..2488.122 rows=100607 loops=1)
              Hash Cond: (mc.movie_id = t.id)
              ->  Seq Scan on movie_companies mc  (cost=0.00..44881.29 rows=2609129 width=4) (actual time=0.020..739.012 rows=2609129 loops=1)
              ->  Hash  (cost=73925.90..73925.90 rows=14018 width=4) (actual time=1018.237..1018.237 rows=51721 loops=1)
                    Buckets: 65536 (originally 16384)  Batches: 1 (originally 1)  Memory Usage: 2331kB
                    ->  Seq Scan on title t  (cost=0.00..73925.90 rows=14018 width=4) (actual time=131.193..998.923 rows=51721 loops=1)
                          Filter: ((production_year < 1914) AND (kind_id = 1))
                          Rows Removed by Filter: 2476591
Planning time: 3.196 ms
Execution time: 21402.325 ms
