Hash Join  (cost=162723.67..1219500.56 rows=2828677 width=0) (actual time=3793.811..35286.479 rows=11186892 loops=1)
  Hash Cond: (ci.movie_id = t.id)
  ->  Seq Scan on cast_info ci  (cost=0.00..705507.15 rows=27846658 width=4) (actual time=0.021..16022.518 rows=27967481 loops=1)
        Filter: (person_id > 810140)
        Rows Removed by Filter: 8276863
  ->  Hash  (cost=158509.06..158509.06 rows=256849 width=8) (actual time=3792.994..3792.994 rows=382579 loops=1)
        Buckets: 131072 (originally 131072)  Batches: 8 (originally 4)  Memory Usage: 3073kB
        ->  Hash Join  (cost=78988.28..158509.06 rows=256849 width=8) (actual time=1316.741..3652.613 rows=382579 loops=1)
              Hash Cond: (mc.movie_id = t.id)
              ->  Seq Scan on movie_companies mc  (cost=0.00..51404.11 rows=2105113 width=4) (actual time=0.017..1118.833 rows=2108413 loops=1)
                    Filter: (company_id > 448)
                    Rows Removed by Filter: 500716
              ->  Hash  (cost=73925.90..73925.90 rows=308510 width=4) (actual time=1315.775..1315.775 rows=266599 loops=1)
                    Buckets: 131072  Batches: 8  Memory Usage: 2191kB
                    ->  Seq Scan on title t  (cost=0.00..73925.90 rows=308510 width=4) (actual time=0.018..1230.232 rows=266599 loops=1)
                          Filter: ((kind_id < 7) AND (production_year > 2007))
                          Rows Removed by Filter: 2261713
Planning time: 1.405 ms
Execution time: 36599.895 ms
