Hash Join  (cost=100972.04..448902.56 rows=533 width=0) (actual time=3222.349..7077.830 rows=3 loops=1)
  Hash Cond: (mi.movie_id = t.id)
  ->  Seq Scan on movie_info mi  (cost=0.00..346232.03 rows=451508 width=4) (actual time=1226.560..5247.360 rows=474443 loops=1)
        Filter: (info_type_id = 6)
        Rows Removed by Filter: 14361277
  ->  Hash  (cost=100934.69..100934.69 rows=2988 width=8) (actual time=1764.244..1764.244 rows=3 loops=1)
        Buckets: 4096  Batches: 1  Memory Usage: 33kB
        ->  Hash Join  (cost=73994.33..100934.69 rows=2988 width=8) (actual time=1286.822..1764.200 rows=3 loops=1)
              Hash Cond: (mi_idx.movie_id = t.id)
              ->  Seq Scan on movie_info_idx mi_idx  (cost=0.00..21735.35 rows=1380035 width=4) (actual time=0.032..323.594 rows=1380035 loops=1)
              ->  Hash  (cost=73925.90..73925.90 rows=5474 width=4) (actual time=1192.728..1192.728 rows=1 loops=1)
                    Buckets: 8192  Batches: 1  Memory Usage: 65kB
                    ->  Seq Scan on title t  (cost=0.00..73925.90 rows=5474 width=4) (actual time=309.651..1192.674 rows=1 loops=1)
                          Filter: ((kind_id > 1) AND (production_year = 1928))
                          Rows Removed by Filter: 2528311
Planning time: 1.132 ms
Execution time: 7077.930 ms
