Hash Join  (cost=102767.86..262021.29 rows=2841373 width=0) (actual time=2320.382..6470.787 rows=2831289 loops=1)
  Hash Cond: (mk.movie_id = t.id)
  ->  Seq Scan on movie_keyword mk  (cost=0.00..81003.12 rows=2841373 width=4) (actual time=0.017..1651.850 rows=2831289 loops=1)
        Filter: (keyword_id < 8535)
        Rows Removed by Filter: 1692641
  ->  Hash  (cost=61283.27..61283.27 rows=2528527 width=4) (actual time=2318.392..2318.392 rows=2528312 loops=1)
        Buckets: 131072  Batches: 64  Memory Usage: 2425kB
        ->  Seq Scan on title t  (cost=0.00..61283.27 rows=2528527 width=4) (actual time=0.025..1180.501 rows=2528312 loops=1)
Planning time: 12.590 ms
Execution time: 6794.739 ms
