Hash Join  (cost=109031.43..196087.51 rows=37439 width=0) (actual time=1947.395..3897.686 rows=187725 loops=1)
  Hash Cond: (mk.movie_id = t.id)
  ->  Seq Scan on movie_keyword mk  (cost=0.00..81003.12 rows=1514284 width=4) (actual time=0.028..1445.670 rows=1527484 loops=1)
        Filter: (keyword_id < 2217)
        Rows Removed by Filter: 2996446
  ->  Hash  (cost=108249.99..108249.99 rows=62515 width=8) (actual time=1946.899..1946.899 rows=83550 loops=1)
        Buckets: 131072 (originally 65536)  Batches: 2 (originally 1)  Memory Usage: 3073kB
        ->  Hash Join  (cost=69484.36..108249.99 rows=62515 width=8) (actual time=1012.661..1916.899 rows=83550 loops=1)
              Hash Cond: (mi_idx.movie_id = t.id)
              ->  Seq Scan on movie_info_idx mi_idx  (cost=0.00..21735.35 rows=1380035 width=4) (actual time=0.013..434.882 rows=1380035 loops=1)
              ->  Hash  (cost=67604.59..67604.59 rows=114542 width=4) (actual time=1011.896..1011.896 rows=118234 loops=1)
                    Buckets: 131072  Batches: 2  Memory Usage: 3101kB
                    ->  Seq Scan on title t  (cost=0.00..67604.59 rows=114542 width=4) (actual time=317.141..972.291 rows=118234 loops=1)
                          Filter: (kind_id = 4)
                          Rows Removed by Filter: 2410078
Planning time: 3.522 ms
Execution time: 3921.692 ms
