Hash Join  (cost=194880.81..1177437.60 rows=4355604 width=0) (actual time=7417.755..26309.533 rows=6838152 loops=1)
  Hash Cond: (ci.movie_id = t.id)
  ->  Seq Scan on cast_info ci  (cost=0.00..796071.18 rows=12052685 width=4) (actual time=3148.094..15183.340 rows=9795309 loops=1)
        Filter: ((person_id > 1775348) AND (role_id < 4))
        Rows Removed by Filter: 26449035
  ->  Hash  (cost=179888.81..179888.81 rows=913760 width=8) (actual time=4268.342..4268.342 rows=716195 loops=1)
        Buckets: 131072  Batches: 16  Memory Usage: 2740kB
        ->  Hash Join  (cost=95159.82..179888.81 rows=913760 width=8) (actual time=1850.368..4052.644 rows=716195 loops=1)
              Hash Cond: (mc.movie_id = t.id)
              ->  Seq Scan on movie_companies mc  (cost=0.00..51404.11 rows=1375655 width=4) (actual time=0.040..1005.242 rows=1363605 loops=1)
                    Filter: (company_id < 11713)
                    Rows Removed by Filter: 1245524
              ->  Hash  (cost=67604.59..67604.59 rows=1679539 width=4) (actual time=1848.610..1848.610 rows=1673541 loops=1)
                    Buckets: 131072  Batches: 32  Memory Usage: 2866kB
                    ->  Seq Scan on title t  (cost=0.00..67604.59 rows=1679539 width=4) (actual time=0.023..1309.835 rows=1673541 loops=1)
                          Filter: (production_year > 1993)
                          Rows Removed by Filter: 854771
Planning time: 1.272 ms
Execution time: 27010.832 ms
