Hash Join  (cost=102767.86..667587.82 rows=8673596 width=0) (actual time=2237.802..16307.893 rows=8786582 loops=1)
  Hash Cond: (mi.movie_id = t.id)
  ->  Seq Scan on movie_info mi  (cost=0.00..346232.03 rows=8673596 width=4) (actual time=0.019..6869.617 rows=8786582 loops=1)
        Filter: (info_type_id < 13)
        Rows Removed by Filter: 6049138
  ->  Hash  (cost=61283.27..61283.27 rows=2528527 width=4) (actual time=2235.578..2235.578 rows=2528312 loops=1)
        Buckets: 131072  Batches: 64  Memory Usage: 2425kB
        ->  Seq Scan on title t  (cost=0.00..61283.27 rows=2528527 width=4) (actual time=0.016..1032.395 rows=2528312 loops=1)
Planning time: 0.721 ms
Execution time: 17276.609 ms
