Hash Join  (cost=87306.37..234182.02 rows=881762 width=106) (actual time=2582.105..5441.725 rows=189906 loops=1)
  Hash Cond: (mk.movie_id = t.id)
  ->  Seq Scan on movie_keyword mk  (cost=0.00..69693.30 rows=4523930 width=12) (actual time=0.018..1612.204 rows=4523930 loops=1)
  ->  Hash  (cost=73925.90..73925.90 rows=492837 width=94) (actual time=1887.629..1887.629 rows=379345 loops=1)
        Buckets: 32768  Batches: 32  Memory Usage: 1626kB
        ->  Seq Scan on title t  (cost=0.00..73925.90 rows=492837 width=94) (actual time=0.013..1712.824 rows=379345 loops=1)
              Filter: ((production_year < 1995) AND (kind_id = 7))
              Rows Removed by Filter: 2148967
Planning time: 0.947 ms
Execution time: 5451.281 ms
