Nested Loop  (cost=0.43..83072.90 rows=49 width=0) (actual time=0.670..1258.808 rows=33 loops=1)
  ->  Seq Scan on movie_keyword mk  (cost=0.00..81003.12 rows=246 width=4) (actual time=0.633..1256.461 rows=49 loops=1)
        Filter: (keyword_id = 18772)
        Rows Removed by Filter: 4523881
  ->  Index Scan using title_pkey on title t  (cost=0.43..8.40 rows=1 width=4) (actual time=0.042..0.042 rows=1 loops=49)
        Index Cond: (id = mk.movie_id)
        Filter: ((production_year < 2010) AND (kind_id = 1))
        Rows Removed by Filter: 0
Planning time: 0.759 ms
Execution time: 1258.920 ms
