Hash Join  (cost=102767.86..188707.04 rows=1024681 width=0) (actual time=2002.357..4113.242 rows=1025242 loops=1)
  Hash Cond: (mc.movie_id = t.id)
  ->  Seq Scan on movie_companies mc  (cost=0.00..51404.11 rows=1024681 width=4) (actual time=0.028..1026.336 rows=1025242 loops=1)
        Filter: (company_id < 5504)
        Rows Removed by Filter: 1583887
  ->  Hash  (cost=61283.27..61283.27 rows=2528527 width=4) (actual time=2000.210..2000.210 rows=2528312 loops=1)
        Buckets: 131072  Batches: 64  Memory Usage: 2415kB
        ->  Seq Scan on title t  (cost=0.00..61283.27 rows=2528527 width=4) (actual time=0.015..1166.905 rows=2528312 loops=1)
Planning time: 0.737 ms
Execution time: 4215.439 ms
