Seq Scan on movie_companies mc  (cost=0.00..51404.11 rows=1852271 width=0) (actual time=0.021..838.739 rows=1858175 loops=1)
  Filter: (company_id > 1461)
  Rows Removed by Filter: 750954
Planning time: 0.325 ms
Execution time: 1041.280 ms
