Hash Join  (cost=144743.13..623639.75 rows=2278630 width=0) (actual time=3297.758..17170.505 rows=8425933 loops=1)
  Hash Cond: (mi.movie_id = t.id)
  ->  Seq Scan on movie_info mi  (cost=0.00..346232.03 rows=9293409 width=4) (actual time=0.015..7046.106 rows=9425200 loops=1)
        Filter: (info_type_id > 5)
        Rows Removed by Filter: 5410520
  ->  Hash  (cost=134571.58..134571.58 rows=619964 width=8) (actual time=3296.169..3296.169 rows=753294 loops=1)
        Buckets: 131072  Batches: 16  Memory Usage: 2881kB
        ->  Hash Join  (cost=86241.46..134571.58 rows=619964 width=8) (actual time=1624.942..3091.459 rows=753294 loops=1)
              Hash Cond: (mi_idx.movie_id = t.id)
              ->  Seq Scan on movie_info_idx mi_idx  (cost=0.00..21735.35 rows=1380035 width=4) (actual time=0.021..438.781 rows=1380035 loops=1)
              ->  Hash  (cost=67604.59..67604.59 rows=1135910 width=4) (actual time=1623.623..1623.623 rows=1133355 loops=1)
                    Buckets: 131072  Batches: 16  Memory Usage: 3516kB
                    ->  Seq Scan on title t  (cost=0.00..67604.59 rows=1135910 width=4) (actual time=0.018..1263.198 rows=1133355 loops=1)
                          Filter: (production_year < 2002)
                          Rows Removed by Filter: 1394957
Planning time: 1.191 ms
Execution time: 18087.214 ms
