Seq Scan on movie_keyword mk  (cost=0.00..81003.12 rows=2382736 width=0) (actual time=0.021..1571.343 rows=2377076 loops=1)
  Filter: (keyword_id > 4030)
  Rows Removed by Filter: 2146854
Planning time: 0.352 ms
Execution time: 1874.740 ms
