Hash Join  (cost=868301.56..1426372.40 rows=1752392 width=0) (actual time=22003.472..33330.446 rows=1101594 loops=1)
  Hash Cond: (mi.movie_id = t.id)
  ->  Seq Scan on movie_info mi  (cost=0.00..346232.03 rows=9476311 width=4) (actual time=0.020..6867.624 rows=9565151 loops=1)
        Filter: (info_type_id < 16)
        Rows Removed by Filter: 5270569
  ->  Hash  (cost=860629.76..860629.76 rows=467584 width=8) (actual time=21974.959..21974.959 rows=479573 loops=1)
        Buckets: 131072  Batches: 8  Memory Usage: 3363kB
        ->  Hash Join  (cost=74657.14..860629.76 rows=467584 width=8) (actual time=2637.521..21316.984 rows=479573 loops=1)
              Hash Cond: (ci.movie_id = t.id)
              ->  Seq Scan on cast_info ci  (cost=0.00..705507.15 rows=20210568 width=4) (actual time=1414.865..13310.450 rows=20327459 loops=1)
                    Filter: (person_id > 1573720)
                    Rows Removed by Filter: 15916885
              ->  Hash  (cost=73925.90..73925.90 rows=58499 width=4) (actual time=1222.243..1222.243 rows=62752 loops=1)
                    Buckets: 65536  Batches: 1  Memory Usage: 2719kB
                    ->  Seq Scan on title t  (cost=0.00..73925.90 rows=58499 width=4) (actual time=0.037..1197.306 rows=62752 loops=1)
                          Filter: ((kind_id = 7) AND (production_year = 2005))
                          Rows Removed by Filter: 2465560
Planning time: 0.853 ms
Execution time: 33460.560 ms
