Hash Join  (cost=69928.56..421360.25 rows=21460 width=0) (actual time=2123.411..6841.325 rows=13057 loops=1)
  Hash Cond: (mi.movie_id = t.id)
  ->  Seq Scan on movie_info mi  (cost=0.00..346232.03 rows=383217 width=4) (actual time=947.789..5557.829 rows=368218 loops=1)
        Filter: (info_type_id = 17)
        Rows Removed by Filter: 14467502
  ->  Hash  (cost=67604.59..67604.59 rows=141598 width=4) (actual time=1136.806..1136.806 rows=141703 loops=1)
        Buckets: 131072  Batches: 2  Memory Usage: 3517kB
        ->  Seq Scan on title t  (cost=0.00..67604.59 rows=141598 width=4) (actual time=0.034..1082.014 rows=141703 loops=1)
              Filter: (production_year = 2010)
              Rows Removed by Filter: 2386609
Planning time: 0.828 ms
Execution time: 6843.354 ms
