Hash Join  (cost=136210.19..938769.36 rows=1115558 width=0) (actual time=4455.799..20095.173 rows=1252077 loops=1)
  Hash Cond: (ci.movie_id = t.id)
  ->  Seq Scan on cast_info ci  (cost=0.00..705507.15 rows=7298253 width=4) (actual time=1541.314..13400.948 rows=7451973 loops=1)
        Filter: (role_id = 2)
        Rows Removed by Filter: 28792371
  ->  Hash  (cost=129869.04..129869.04 rows=386492 width=8) (actual time=2913.589..2913.589 rows=215682 loops=1)
        Buckets: 131072  Batches: 8  Memory Usage: 2063kB
        ->  Hash Join  (cost=85544.64..129869.04 rows=386492 width=8) (actual time=1635.952..2850.618 rows=215682 loops=1)
              Hash Cond: (mi_idx.movie_id = t.id)
              ->  Seq Scan on movie_info_idx mi_idx  (cost=0.00..21735.35 rows=1380035 width=4) (actual time=0.031..416.267 rows=1380035 loops=1)
              ->  Hash  (cost=73925.90..73925.90 rows=708139 width=4) (actual time=1634.948..1634.948 rows=762719 loops=1)
                    Buckets: 131072  Batches: 16  Memory Usage: 2705kB
                    ->  Seq Scan on title t  (cost=0.00..73925.90 rows=708139 width=4) (actual time=0.021..1391.628 rows=762719 loops=1)
                          Filter: ((kind_id > 2) AND (production_year > 2005))
                          Rows Removed by Filter: 1765593
Planning time: 1.121 ms
Execution time: 20220.824 ms
