Hash Join  (cost=74545.71..134145.38 rows=8313 width=0) (actual time=1449.795..2075.509 rows=3549 loops=1)
  Hash Cond: (mc.movie_id = t.id)
  ->  Seq Scan on movie_companies mc  (cost=0.00..57926.93 rows=423896 width=4) (actual time=373.110..927.720 rows=240349 loops=1)
        Filter: ((company_id < 2015) AND (company_type_id = 2))
        Rows Removed by Filter: 2368780
  ->  Hash  (cost=73925.90..73925.90 rows=49584 width=4) (actual time=1076.006..1076.006 rows=38752 loops=1)
        Buckets: 65536  Batches: 1  Memory Usage: 1875kB
        ->  Seq Scan on title t  (cost=0.00..73925.90 rows=49584 width=4) (actual time=0.057..1059.660 rows=38752 loops=1)
              Filter: ((kind_id < 7) AND (production_year = 2008))
              Rows Removed by Filter: 2489560
Planning time: 0.629 ms
Execution time: 2076.367 ms
