Hash Join  (cost=94699.36..459591.89 rows=23660 width=0) (actual time=1602.001..9146.216 rows=256019 loops=1)
  Hash Cond: (mi.movie_id = t.id)
  ->  Seq Scan on movie_info mi  (cost=0.00..309384.22 rows=14739122 width=4) (actual time=0.018..4213.834 rows=14835720 loops=1)
  ->  Hash  (cost=94648.62..94648.62 rows=4059 width=8) (actual time=1601.587..1601.587 rows=17118 loops=1)
        Buckets: 32768 (originally 4096)  Batches: 1 (originally 1)  Memory Usage: 925kB
        ->  Hash Join  (cost=67697.55..94648.62 rows=4059 width=8) (actual time=1061.182..1595.556 rows=17118 loops=1)
              Hash Cond: (mi_idx.movie_id = t.id)
              ->  Seq Scan on movie_info_idx mi_idx  (cost=0.00..21735.35 rows=1380035 width=4) (actual time=0.011..242.603 rows=1380035 loops=1)
              ->  Hash  (cost=67604.59..67604.59 rows=7437 width=4) (actual time=1061.067..1061.067 rows=23799 loops=1)
                    Buckets: 32768 (originally 8192)  Batches: 1 (originally 1)  Memory Usage: 1093kB
                    ->  Seq Scan on title t  (cost=0.00..67604.59 rows=7437 width=4) (actual time=0.045..1049.066 rows=23799 loops=1)
                          Filter: (production_year = 1991)
                          Rows Removed by Filter: 2504513
Planning time: 8.891 ms
Execution time: 9182.161 ms
