Seq Scan on movie_keyword mk  (cost=0.00..81003.12 rows=246 width=0) (actual time=13.202..1235.339 rows=677 loops=1)
  Filter: (keyword_id = 12297)
  Rows Removed by Filter: 4523253
Planning time: 0.379 ms
Execution time: 1235.689 ms
