Hash Join  (cost=100904.85..465618.08 rows=5731 width=0) (actual time=1783.285..8675.829 rows=12985 loops=1)
  Hash Cond: (mi.movie_id = t.id)
  ->  Seq Scan on movie_info mi  (cost=0.00..309384.22 rows=14739122 width=4) (actual time=0.019..4026.284 rows=14835720 loops=1)
  ->  Hash  (cost=100892.56..100892.56 rows=983 width=8) (actual time=1782.953..1782.953 rows=1130 loops=1)
        Buckets: 2048 (originally 1024)  Batches: 1 (originally 1)  Memory Usage: 61kB
        ->  Hash Join  (cost=73994.33..100892.56 rows=983 width=8) (actual time=1222.375..1782.343 rows=1130 loops=1)
              Hash Cond: (mi_idx.movie_id = t.id)
              ->  Seq Scan on movie_info_idx mi_idx  (cost=0.00..25185.44 rows=454124 width=4) (actual time=0.027..465.207 rows=459925 loops=1)
                    Filter: (info_type_id = 100)
                    Rows Removed by Filter: 920110
              ->  Hash  (cost=73925.90..73925.90 rows=5474 width=4) (actual time=1221.255..1221.255 rows=10394 loops=1)
                    Buckets: 16384 (originally 8192)  Batches: 1 (originally 1)  Memory Usage: 494kB
                    ->  Seq Scan on title t  (cost=0.00..73925.90 rows=5474 width=4) (actual time=0.025..1215.940 rows=10394 loops=1)
                          Filter: ((kind_id > 1) AND (production_year = 1970))
                          Rows Removed by Filter: 2517918
Planning time: 2.046 ms
Execution time: 8678.714 ms
