Seq Scan on movie_keyword mk  (cost=0.00..81003.12 rows=1150668 width=0) (actual time=0.020..1293.273 rows=1166764 loops=1)
  Filter: (keyword_id > 16040)
  Rows Removed by Filter: 3357166
Planning time: 0.259 ms
Execution time: 1433.259 ms
