Seq Scan on movie_companies mc  (cost=0.00..57926.93 rows=1153631 width=0) (actual time=0.025..1025.579 rows=985526 loops=1)
  Filter: ((company_id < 88338) AND (company_type_id > 1))
  Rows Removed by Filter: 1623603
Planning time: 0.349 ms
Execution time: 1150.660 ms
