Seq Scan on movie_companies mc  (cost=0.00..51404.11 rows=801612 width=0) (actual time=139.445..870.562 rows=808252 loops=1)
  Filter: (company_id > 29485)
  Rows Removed by Filter: 1800877
Planning time: 14.469 ms
Execution time: 971.762 ms
