Hash Join  (cost=102767.86..274015.84 rows=3339868 width=0) (actual time=1901.573..6478.179 rows=3329314 loops=1)
  Hash Cond: (mk.movie_id = t.id)
  ->  Seq Scan on movie_keyword mk  (cost=0.00..81003.12 rows=3339868 width=4) (actual time=0.015..1692.003 rows=3329314 loops=1)
        Filter: (keyword_id < 15466)
        Rows Removed by Filter: 1194616
  ->  Hash  (cost=61283.27..61283.27 rows=2528527 width=4) (actual time=1898.757..1898.757 rows=2528312 loops=1)
        Buckets: 131072  Batches: 64  Memory Usage: 2425kB
        ->  Seq Scan on title t  (cost=0.00..61283.27 rows=2528527 width=4) (actual time=0.026..1028.180 rows=2528312 loops=1)
Planning time: 0.769 ms
Execution time: 6880.522 ms
