Hash Join  (cost=709676.59..765879.78 rows=89 width=0) (actual time=10501.554..11563.697 rows=33 loops=1)
  Hash Cond: (mc.movie_id = t.id)
  ->  Seq Scan on movie_companies mc  (cost=0.00..51404.11 rows=1279517 width=4) (actual time=0.024..895.976 rows=1274246 loops=1)
        Filter: (company_type_id < 2)
        Rows Removed by Filter: 1334883
  ->  Hash  (cost=709674.40..709674.40 rows=175 width=8) (actual time=10497.676..10497.676 rows=47 loops=1)
        Buckets: 1024  Batches: 1  Memory Usage: 10kB
        ->  Nested Loop  (cost=0.43..709674.40 rows=175 width=8) (actual time=1846.278..10497.618 rows=47 loops=1)
              ->  Seq Scan on cast_info ci  (cost=0.00..705507.15 rows=500 width=4) (actual time=1846.045..10490.651 rows=236 loops=1)
                    Filter: (person_id = 1889323)
                    Rows Removed by Filter: 36244108
              ->  Index Scan using title_pkey on title t  (cost=0.43..8.32 rows=1 width=4) (actual time=0.029..0.029 rows=0 loops=236)
                    Index Cond: (id = ci.movie_id)
                    Filter: ((kind_id > 2) AND (production_year < 2004))
                    Rows Removed by Filter: 1
Planning time: 1.249 ms
Execution time: 11563.867 ms
