Seq Scan on movie_keyword mk  (cost=0.00..81003.12 rows=1146130 width=0) (actual time=0.022..1413.036 rows=1162508 loops=1)
  Filter: (keyword_id > 16116)
  Rows Removed by Filter: 3361422
Planning time: 0.343 ms
Execution time: 1550.720 ms
