Hash Join  (cost=100586.94..152626.54 rows=727566 width=0) (actual time=2024.612..3608.533 rows=736296 loops=1)
  Hash Cond: (mi_idx.movie_id = t.id)
  ->  Seq Scan on movie_info_idx mi_idx  (cost=0.00..25185.44 rows=915101 width=4) (actual time=0.029..521.799 rows=919850 loops=1)
        Filter: (info_type_id < 101)
        Rows Removed by Filter: 460185
  ->  Hash  (cost=67604.59..67604.59 rows=2010348 width=4) (actual time=2023.664..2023.664 rows=2004649 loops=1)
        Buckets: 131072  Batches: 32  Memory Usage: 3233kB
        ->  Seq Scan on title t  (cost=0.00..67604.59 rows=2010348 width=4) (actual time=0.017..1385.634 rows=2004649 loops=1)
              Filter: (production_year > 1975)
              Rows Removed by Filter: 523663
Planning time: 0.713 ms
Execution time: 3700.986 ms
