Hash Join  (cost=900351.87..1484944.65 rows=6367204 width=0) (actual time=17966.116..37014.515 rows=24833669 loops=1)
  Hash Cond: (mi.movie_id = t.id)
  ->  Seq Scan on movie_info mi  (cost=0.00..309384.22 rows=14739122 width=4) (actual time=0.023..6066.827 rows=14835720 loops=1)
  ->  Hash  (cost=882431.04..882431.04 rows=1092307 width=8) (actual time=17921.132..17921.132 rows=809849 loops=1)
        Buckets: 131072  Batches: 16  Memory Usage: 3021kB
        ->  Hash Join  (cost=80135.37..882431.04 rows=1092307 width=8) (actual time=1552.032..17660.417 rows=809849 loops=1)
              Hash Cond: (ci.movie_id = t.id)
              ->  Seq Scan on cast_info ci  (cost=0.00..705507.15 rows=7298253 width=4) (actual time=0.018..12605.746 rows=7451973 loops=1)
                    Filter: (role_id = 2)
                    Rows Removed by Filter: 28792371
              ->  Hash  (cost=73925.90..73925.90 rows=378437 width=4) (actual time=1206.984..1206.984 rows=282115 loops=1)
                    Buckets: 131072  Batches: 8  Memory Usage: 2266kB
                    ->  Seq Scan on title t  (cost=0.00..73925.90 rows=378437 width=4) (actual time=28.800..1116.880 rows=282115 loops=1)
                          Filter: ((production_year > 1999) AND (kind_id = 1))
                          Rows Removed by Filter: 2246197
Planning time: 1.202 ms
Execution time: 39780.198 ms
