Nested Loop  (cost=0.43..58375.18 rows=53 width=0) (actual time=711.331..904.924 rows=1 loops=1)
  ->  Seq Scan on movie_companies mc  (cost=0.00..57926.93 rows=53 width=4) (actual time=711.238..904.829 rows=1 loops=1)
        Filter: ((company_id = 137114) AND (company_type_id = 2))
        Rows Removed by Filter: 2609128
  ->  Index Only Scan using title_pkey on title t  (cost=0.43..8.45 rows=1 width=4) (actual time=0.078..0.079 rows=1 loops=1)
        Index Cond: (id = mc.movie_id)
        Heap Fetches: 1
Planning time: 0.927 ms
Execution time: 905.000 ms
