Seq Scan on cast_info ci  (cost=0.00..796071.18 rows=11118803 width=0) (actual time=2951.782..15865.515 rows=9452378 loops=1)
  Filter: ((person_id > 430637) AND (role_id = 1))
  Rows Removed by Filter: 26791966
Planning time: 0.440 ms
Execution time: 17082.456 ms
