Hash Join  (cost=154297.45..537446.12 rows=6883 width=0) (actual time=2753.213..10064.583 rows=63503 loops=1)
  Hash Cond: (mi.movie_id = t.id)
  ->  Seq Scan on movie_info mi  (cost=0.00..309384.22 rows=14739122 width=4) (actual time=0.011..4409.736 rows=14835720 loops=1)
  ->  Hash  (cost=154282.68..154282.68 rows=1181 width=8) (actual time=2749.257..2749.257 rows=5598 loops=1)
        Buckets: 8192 (originally 2048)  Batches: 1 (originally 1)  Memory Usage: 283kB
        ->  Hash Join  (cost=67612.84..154282.68 rows=1181 width=8) (actual time=1014.477..2746.784 rows=5598 loops=1)
              Hash Cond: (mk.movie_id = t.id)
              ->  Seq Scan on movie_keyword mk  (cost=0.00..69693.30 rows=4523930 width=4) (actual time=0.023..914.361 rows=4523930 loops=1)
              ->  Hash  (cost=67604.59..67604.59 rows=660 width=4) (actual time=1013.559..1013.559 rows=3515 loops=1)
                    Buckets: 4096 (originally 1024)  Batches: 1 (originally 1)  Memory Usage: 156kB
                    ->  Seq Scan on title t  (cost=0.00..67604.59 rows=660 width=4) (actual time=0.491..1011.641 rows=3515 loops=1)
                          Filter: (production_year > 2013)
                          Rows Removed by Filter: 2524797
Planning time: 1.166 ms
Execution time: 10077.724 ms
