Hash Join  (cost=178518.91..672216.28 rows=1301842 width=0) (actual time=5511.705..25691.664 rows=27396657 loops=1)
  Hash Cond: (mi.movie_id = t.id)
  ->  Seq Scan on movie_info mi  (cost=0.00..309384.22 rows=14739122 width=4) (actual time=0.007..6281.802 rows=14835720 loops=1)
  ->  Hash  (cost=174854.24..174854.24 rows=223334 width=8) (actual time=5510.912..5510.912 rows=496500 loops=1)
        Buckets: 131072 (originally 131072)  Batches: 8 (originally 4)  Memory Usage: 3541kB
        ->  Hash Join  (cost=80042.24..174854.24 rows=223334 width=8) (actual time=1417.750..5346.930 rows=496500 loops=1)
              Hash Cond: (mk.movie_id = t.id)
              ->  Seq Scan on movie_keyword mk  (cost=0.00..81003.12 rows=744943 width=4) (actual time=0.018..1256.290 rows=750555 loops=1)
                    Filter: (keyword_id < 683)
                    Rows Removed by Filter: 3773375
              ->  Hash  (cost=67604.59..67604.59 rows=758052 width=4) (actual time=1416.906..1416.906 rows=753677 loops=1)
                    Buckets: 131072  Batches: 16  Memory Usage: 2686kB
                    ->  Seq Scan on title t  (cost=0.00..67604.59 rows=758052 width=4) (actual time=0.014..1172.281 rows=753677 loops=1)
                          Filter: (kind_id < 3)
                          Rows Removed by Filter: 1774635
Planning time: 1.134 ms
Execution time: 28989.359 ms
