Seq Scan on movie_keyword mk  (cost=0.00..81003.12 rows=1145235 width=0) (actual time=0.026..1292.886 rows=1157902 loops=1)
  Filter: (keyword_id > 16131)
  Rows Removed by Filter: 3366028
Planning time: 0.369 ms
Execution time: 1425.921 ms
