Hash Join  (cost=98137.04..162376.42 rows=203012 width=0) (actual time=2061.594..3115.834 rows=41702 loops=1)
  Hash Cond: (mc.movie_id = t.id)
  ->  Seq Scan on movie_companies mc  (cost=0.00..51404.11 rows=275831 width=4) (actual time=261.597..886.768 rows=277678 loops=1)
        Filter: (company_id > 96268)
        Rows Removed by Filter: 2331451
  ->  Hash  (cost=67604.59..67604.59 rows=1860996 width=4) (actual time=1798.814..1798.814 rows=1865487 loops=1)
        Buckets: 131072  Batches: 32  Memory Usage: 3079kB
        ->  Seq Scan on title t  (cost=0.00..67604.59 rows=1860996 width=4) (actual time=0.027..1238.334 rows=1865487 loops=1)
              Filter: (kind_id > 1)
              Rows Removed by Filter: 662825
Planning time: 0.751 ms
Execution time: 3120.828 ms
