Hash Join  (cost=192615.34..326489.92 rows=974455 width=0) (actual time=4294.510..11101.861 rows=14374582 loops=1)
  Hash Cond: (mk.movie_id = t.id)
  ->  Seq Scan on movie_keyword mk  (cost=0.00..69693.30 rows=4523930 width=4) (actual time=0.015..1298.054 rows=4523930 loops=1)
  ->  Hash  (cost=183679.27..183679.27 rows=544645 width=8) (actual time=4293.729..4293.729 rows=754386 loops=1)
        Buckets: 131072 (originally 131072)  Batches: 16 (originally 8)  Memory Usage: 3073kB
        ->  Hash Join  (cost=102767.86..183679.27 rows=544645 width=8) (actual time=1999.394..4072.610 rows=754386 loops=1)
              Hash Cond: (mc.movie_id = t.id)
              ->  Seq Scan on movie_companies mc  (cost=0.00..57926.93 rows=544645 width=4) (actual time=0.019..1067.707 rows=754386 loops=1)
                    Filter: ((company_id < 7657) AND (company_type_id = 1))
                    Rows Removed by Filter: 1854743
              ->  Hash  (cost=61283.27..61283.27 rows=2528527 width=4) (actual time=1997.630..1997.630 rows=2528312 loops=1)
                    Buckets: 131072  Batches: 64  Memory Usage: 2415kB
                    ->  Seq Scan on title t  (cost=0.00..61283.27 rows=2528527 width=4) (actual time=0.024..1137.782 rows=2528312 loops=1)
Planning time: 2.741 ms
Execution time: 12737.961 ms
