Hash Join  (cost=111020.24..472670.34 rows=44961 width=0) (actual time=5635.511..8250.398 rows=40680 loops=1)
  Hash Cond: (mi.movie_id = t.id)
  ->  Seq Scan on movie_info mi  (cost=0.00..346232.03 rows=1264125 width=4) (actual time=3393.667..5523.610 rows=1288928 loops=1)
        Filter: (info_type_id = 2)
        Rows Removed by Filter: 13546792
  ->  Hash  (cost=109544.09..109544.09 rows=89932 width=8) (actual time=2241.027..2241.027 rows=54660 loops=1)
        Buckets: 131072  Batches: 2  Memory Usage: 2097kB
        ->  Hash Join  (cost=70308.29..109544.09 rows=89932 width=8) (actual time=1148.813..2220.427 rows=54660 loops=1)
              Hash Cond: (mi_idx.movie_id = t.id)
              ->  Seq Scan on movie_info_idx mi_idx  (cost=0.00..21735.35 rows=1380035 width=4) (actual time=0.026..498.378 rows=1380035 loops=1)
              ->  Hash  (cost=67604.59..67604.59 rows=164776 width=4) (actual time=1147.773..1147.773 rows=164307 loops=1)
                    Buckets: 131072  Batches: 4  Memory Usage: 2482kB
                    ->  Seq Scan on title t  (cost=0.00..67604.59 rows=164776 width=4) (actual time=0.023..1091.603 rows=164307 loops=1)
                          Filter: (production_year = 2012)
                          Rows Removed by Filter: 2364005
Planning time: 1.252 ms
Execution time: 8256.782 ms
