Seq Scan on cast_info ci  (cost=0.00..796071.18 rows=131 width=0) (actual time=12388.172..13569.647 rows=60 loops=1)
  Filter: ((role_id > 4) AND (person_id = 3028421))
  Rows Removed by Filter: 36244284
Planning time: 0.432 ms
Execution time: 13569.773 ms
