Nested Loop  (cost=0.43..86928.87 rows=597 width=0) (actual time=149.511..1156.574 rows=14 loops=1)
  ->  Seq Scan on movie_companies mc  (cost=0.00..57926.93 rows=3839 width=4) (actual time=10.031..976.799 rows=4375 loops=1)
        Filter: ((company_type_id < 2) AND (company_id = 159))
        Rows Removed by Filter: 2604754
  ->  Index Scan using title_pkey on title t  (cost=0.43..7.54 rows=1 width=4) (actual time=0.041..0.041 rows=0 loops=4375)
        Index Cond: (id = mc.movie_id)
        Filter: (production_year > 2010)
        Rows Removed by Filter: 1
Planning time: 0.810 ms
Execution time: 1156.740 ms
