Hash Join  (cost=178310.88..304480.84 rows=342092 width=0) (actual time=4381.591..8235.475 rows=3015654 loops=1)
  Hash Cond: (mk.movie_id = t.id)
  ->  Seq Scan on movie_keyword mk  (cost=0.00..69693.30 rows=4523930 width=4) (actual time=0.022..1457.909 rows=4523930 loops=1)
  ->  Hash  (cost=175173.84..175173.84 rows=191203 width=8) (actual time=4100.853..4100.853 rows=378717 loops=1)
        Buckets: 131072 (originally 131072)  Batches: 8 (originally 4)  Memory Usage: 3073kB
        ->  Hash Join  (cost=102767.86..175173.84 rows=191203 width=8) (actual time=2328.720..3966.002 rows=378717 loops=1)
              Hash Cond: (mc.movie_id = t.id)
              ->  Seq Scan on movie_companies mc  (cost=0.00..57926.93 rows=191203 width=4) (actual time=78.367..916.650 rows=378717 loops=1)
                    Filter: ((company_id > 84476) AND (company_type_id = 2))
                    Rows Removed by Filter: 2230412
              ->  Hash  (cost=61283.27..61283.27 rows=2528527 width=4) (actual time=2249.423..2249.423 rows=2528312 loops=1)
                    Buckets: 131072  Batches: 64  Memory Usage: 2415kB
                    ->  Seq Scan on title t  (cost=0.00..61283.27 rows=2528527 width=4) (actual time=0.031..1159.225 rows=2528312 loops=1)
Planning time: 1.196 ms
Execution time: 8610.667 ms
