Hash Join  (cost=73994.33..825567.74 rows=78425 width=0) (actual time=1355.657..19581.247 rows=282450 loops=1)
  Hash Cond: (ci.movie_id = t.id)
  ->  Seq Scan on cast_info ci  (cost=0.00..614943.12 rows=36225612 width=4) (actual time=0.029..8953.136 rows=36244344 loops=1)
  ->  Hash  (cost=73925.90..73925.90 rows=5474 width=4) (actual time=1355.301..1355.301 rows=19727 loops=1)
        Buckets: 32768 (originally 8192)  Batches: 1 (originally 1)  Memory Usage: 950kB
        ->  Seq Scan on title t  (cost=0.00..73925.90 rows=5474 width=4) (actual time=0.073..1345.704 rows=19727 loops=1)
              Filter: ((kind_id > 1) AND (production_year = 1992))
              Rows Removed by Filter: 2508585
Planning time: 0.826 ms
Execution time: 19626.244 ms
