Hash Join  (cost=424329.52..511509.34 rows=52179 width=0) (actual time=6653.390..8708.999 rows=439073 loops=1)
  Hash Cond: (mk.movie_id = t.id)
  ->  Seq Scan on movie_keyword mk  (cost=0.00..69693.30 rows=4523930 width=4) (actual time=0.023..1057.401 rows=4523930 loops=1)
  ->  Hash  (cost=423964.97..423964.97 rows=29164 width=8) (actual time=6652.725..6652.725 rows=31347 loops=1)
        Buckets: 32768  Batches: 1  Memory Usage: 1481kB
        ->  Hash Join  (cost=69460.45..423964.97 rows=29164 width=8) (actual time=1927.035..6642.098 rows=31347 loops=1)
              Hash Cond: (mi.movie_id = t.id)
              ->  Seq Scan on movie_info mi  (cost=0.00..346232.03 rows=651960 width=4) (actual time=796.630..5243.279 rows=660923 loops=1)
                    Filter: (info_type_id = 18)
                    Rows Removed by Filter: 14174797
              ->  Hash  (cost=67604.59..67604.59 rows=113109 width=4) (actual time=1129.580..1129.580 rows=119565 loops=1)
                    Buckets: 131072  Batches: 2  Memory Usage: 3121kB
                    ->  Seq Scan on title t  (cost=0.00..67604.59 rows=113109 width=4) (actual time=0.043..1082.335 rows=119565 loops=1)
                          Filter: (production_year = 2007)
                          Rows Removed by Filter: 2408747
Planning time: 0.815 ms
Execution time: 8763.262 ms
