Hash Join  (cost=156487.41..252878.31 rows=185048 width=0) (actual time=3426.052..5658.407 rows=729291 loops=1)
  Hash Cond: (mk.movie_id = t.id)
  ->  Seq Scan on movie_keyword mk  (cost=0.00..81003.12 rows=1015012 width=4) (actual time=0.027..1533.712 rows=1016985 loops=1)
        Filter: (keyword_id < 992)
        Rows Removed by Filter: 3506945
  ->  Hash  (cost=148924.19..148924.19 rows=460978 width=8) (actual time=3425.217..3425.217 rows=459925 loops=1)
        Buckets: 131072  Batches: 8  Memory Usage: 3284kB
        ->  Hash Join  (cost=102767.86..148924.19 rows=460978 width=8) (actual time=1973.578..3282.101 rows=459925 loops=1)
              Hash Cond: (mi_idx.movie_id = t.id)
              ->  Seq Scan on movie_info_idx mi_idx  (cost=0.00..25185.44 rows=460978 width=4) (actual time=0.031..490.455 rows=459925 loops=1)
                    Filter: (info_type_id < 100)
                    Rows Removed by Filter: 920110
              ->  Hash  (cost=61283.27..61283.27 rows=2528527 width=4) (actual time=1971.914..1971.914 rows=2528312 loops=1)
                    Buckets: 131072  Batches: 64  Memory Usage: 2415kB
                    ->  Seq Scan on title t  (cost=0.00..61283.27 rows=2528527 width=4) (actual time=0.021..1144.639 rows=2528312 loops=1)
Planning time: 1.190 ms
Execution time: 5741.426 ms
