Seq Scan on movie_companies mc  (cost=0.00..51404.11 rows=1958369 width=0) (actual time=0.019..1028.085 rows=1966899 loops=1)
  Filter: (company_id > 846)
  Rows Removed by Filter: 642230
Planning time: 0.213 ms
Execution time: 1275.727 ms
