Hash Join  (cost=148649.84..274379.04 rows=305917 width=0) (actual time=3116.378..7111.330 rows=3199325 loops=1)
  Hash Cond: (mk.movie_id = t.id)
  ->  Seq Scan on movie_keyword mk  (cost=0.00..69693.30 rows=4523930 width=4) (actual time=0.016..1384.683 rows=4523930 loops=1)
  ->  Hash  (cost=145844.54..145844.54 rows=170984 width=8) (actual time=3115.536..3115.536 rows=373386 loops=1)
        Buckets: 131072 (originally 131072)  Batches: 8 (originally 4)  Memory Usage: 3073kB
        ->  Hash Join  (cost=83810.17..145844.54 rows=170984 width=8) (actual time=1685.863..2992.946 rows=373386 loops=1)
              Hash Cond: (mc.movie_id = t.id)
              ->  Seq Scan on movie_companies mc  (cost=0.00..51404.11 rows=437709 width=4) (actual time=82.018..866.330 rows=442626 loops=1)
                    Filter: (company_id > 77942)
                    Rows Removed by Filter: 2166503
              ->  Hash  (cost=67604.59..67604.59 rows=987727 width=4) (actual time=1602.713..1602.713 rows=985048 loops=1)
                    Buckets: 131072  Batches: 16  Memory Usage: 3188kB
                    ->  Seq Scan on title t  (cost=0.00..67604.59 rows=987727 width=4) (actual time=0.027..1308.059 rows=985048 loops=1)
                          Filter: (kind_id < 7)
                          Rows Removed by Filter: 1543264
Planning time: 0.753 ms
Execution time: 7494.295 ms
