Hash Join  (cost=123812.82..1114645.40 rows=1306111 width=0) (actual time=2262.833..26961.832 rows=1655771 loops=1)
  Hash Cond: (ci.movie_id = t.id)
  ->  Seq Scan on cast_info ci  (cost=0.00..705507.15 rows=23499554 width=4) (actual time=0.020..15574.675 rows=23573656 loops=1)
        Filter: (role_id > 1)
        Rows Removed by Filter: 12670688
  ->  Hash  (cost=121507.12..121507.12 rows=140536 width=8) (actual time=2261.792..2261.792 rows=78867 loops=1)
        Buckets: 131072  Batches: 2  Memory Usage: 2570kB
        ->  Hash Join  (cost=86573.65..121507.12 rows=140536 width=8) (actual time=1502.341..2233.972 rows=78867 loops=1)
              Hash Cond: (mi_idx.movie_id = t.id)
              ->  Seq Scan on movie_info_idx mi_idx  (cost=0.00..25185.44 rows=460978 width=4) (actual time=0.016..384.123 rows=459925 loops=1)
                    Filter: (info_type_id < 100)
                    Rows Removed by Filter: 920110
              ->  Hash  (cost=73925.90..73925.90 rows=770860 width=4) (actual time=1501.145..1501.145 rows=682281 loops=1)
                    Buckets: 131072  Batches: 16  Memory Usage: 2522kB
                    ->  Seq Scan on title t  (cost=0.00..73925.90 rows=770860 width=4) (actual time=272.278..1279.377 rows=682281 loops=1)
                          Filter: ((production_year < 2004) AND (kind_id = 7))
                          Rows Removed by Filter: 1846031
Planning time: 1.277 ms
Execution time: 27174.387 ms
