Hash Join  (cost=910066.51..1624702.37 rows=3014601 width=0) (actual time=24698.836..41157.295 rows=12625996 loops=1)
  Hash Cond: (mi.movie_id = t.id)
  ->  Seq Scan on movie_info mi  (cost=0.00..309384.22 rows=14739122 width=4) (actual time=0.017..6308.284 rows=14835720 loops=1)
  ->  Hash  (cost=901580.99..901580.99 rows=517161 width=8) (actual time=24698.019..24698.019 rows=481377 loops=1)
        Buckets: 131072  Batches: 8  Memory Usage: 3399kB
        ->  Hash Join  (cost=74452.28..901580.99 rows=517161 width=8) (actual time=1173.590..23850.364 rows=481377 loops=1)
              Hash Cond: (ci.movie_id = t.id)
              ->  Seq Scan on cast_info ci  (cost=0.00..705507.15 rows=31053321 width=4) (actual time=0.007..14113.964 rows=31012303 loops=1)
                    Filter: (person_id < 3139682)
                    Rows Removed by Filter: 5232041
              ->  Hash  (cost=73925.90..73925.90 rows=42110 width=4) (actual time=1171.971..1171.971 rows=33905 loops=1)
                    Buckets: 65536  Batches: 1  Memory Usage: 1704kB
                    ->  Seq Scan on title t  (cost=0.00..73925.90 rows=42110 width=4) (actual time=0.026..1158.266 rows=33905 loops=1)
                          Filter: ((kind_id < 7) AND (production_year = 2006))
                          Rows Removed by Filter: 2494407
Planning time: 0.933 ms
Execution time: 42594.423 ms
