Hash Join  (cost=85894.26..120590.26 rows=132990 width=0) (actual time=1353.934..2161.673 rows=74364 loops=1)
  Hash Cond: (mi_idx.movie_id = t.id)
  ->  Seq Scan on movie_info_idx mi_idx  (cost=0.00..25185.44 rows=460978 width=4) (actual time=0.017..467.719 rows=459925 loops=1)
        Filter: (info_type_id < 100)
        Rows Removed by Filter: 920110
  ->  Hash  (cost=73925.90..73925.90 rows=729468 width=4) (actual time=1352.784..1352.784 rows=638430 loops=1)
        Buckets: 131072  Batches: 16  Memory Usage: 2425kB
        ->  Seq Scan on title t  (cost=0.00..73925.90 rows=729468 width=4) (actual time=0.024..1137.118 rows=638430 loops=1)
              Filter: ((production_year < 2003) AND (kind_id = 7))
              Rows Removed by Filter: 1889882
Planning time: 0.849 ms
Execution time: 2170.656 ms
