Hash Join  (cost=280953.66..1347114.81 rows=14427751 width=0) (actual time=6026.532..31276.182 rows=9951486 loops=1)
  Hash Cond: (ci.movie_id = t.id)
  ->  Seq Scan on cast_info ci  (cost=0.00..705507.15 rows=16201301 width=4) (actual time=0.020..15276.319 rows=16121683 loops=1)
        Filter: (role_id > 2)
        Rows Removed by Filter: 20122661
  ->  Hash  (cost=244011.03..244011.03 rows=2251730 width=8) (actual time=6024.814..6024.814 rows=551117 loops=1)
        Buckets: 131072  Batches: 32  Memory Usage: 1684kB
        ->  Hash Join  (cost=94574.69..244011.03 rows=2251730 width=8) (actual time=4053.178..5844.854 rows=551117 loops=1)
              Hash Cond: (mk.movie_id = t.id)
              ->  Seq Scan on movie_keyword mk  (cost=0.00..69693.30 rows=4523930 width=4) (actual time=0.015..1536.847 rows=4523930 loops=1)
              ->  Hash  (cost=73925.90..73925.90 rows=1258543 width=4) (actual time=1863.769..1863.769 rows=1221534 loops=1)
                    Buckets: 131072  Batches: 32  Memory Usage: 2369kB
                    ->  Seq Scan on title t  (cost=0.00..73925.90 rows=1258543 width=4) (actual time=0.019..1458.051 rows=1221534 loops=1)
                          Filter: ((production_year < 2011) AND (kind_id = 7))
                          Rows Removed by Filter: 1306778
Planning time: 1.206 ms
Execution time: 32389.837 ms
