Hash Join  (cost=945984.99..1020443.00 rows=465971 width=0) (actual time=16531.514..19028.465 rows=1047430 loops=1)
  Hash Cond: (mc.movie_id = t.id)
  ->  Seq Scan on movie_companies mc  (cost=0.00..51404.11 rows=1279517 width=4) (actual time=1.116..1068.135 rows=1274246 loops=1)
        Filter: (company_type_id < 2)
        Rows Removed by Filter: 1334883
  ->  Hash  (cost=930876.57..930876.57 rows=920833 width=8) (actual time=16528.358..16528.358 rows=1345426 loops=1)
        Buckets: 131072 (originally 131072)  Batches: 32 (originally 16)  Memory Usage: 3073kB
        ->  Hash Join  (cost=102767.86..930876.57 rows=920833 width=8) (actual time=7974.330..16150.484 rows=1345426 loops=1)
              Hash Cond: (ci.movie_id = t.id)
              ->  Seq Scan on cast_info ci  (cost=0.00..796071.18 rows=920833 width=4) (actual time=6035.004..12750.372 rows=1345426 loops=1)
                    Filter: ((person_id > 2458665) AND (role_id = 4))
                    Rows Removed by Filter: 34898918
              ->  Hash  (cost=61283.27..61283.27 rows=2528527 width=4) (actual time=1936.904..1936.904 rows=2528312 loops=1)
                    Buckets: 131072  Batches: 64  Memory Usage: 2415kB
                    ->  Seq Scan on title t  (cost=0.00..61283.27 rows=2528527 width=4) (actual time=0.024..1114.923 rows=2528312 loops=1)
Planning time: 1.188 ms
Execution time: 19141.794 ms
