Hash Join  (cost=124795.51..613828.84 rows=864742 width=0) (actual time=2578.684..16236.158 rows=5417642 loops=1)
  Hash Cond: (mi.movie_id = t.id)
  ->  Seq Scan on movie_info mi  (cost=0.00..309384.22 rows=14739122 width=4) (actual time=0.017..5823.264 rows=14835720 loops=1)
  ->  Hash  (cost=122361.16..122361.16 rows=148348 width=8) (actual time=2577.844..2577.844 rows=292734 loops=1)
        Buckets: 131072 (originally 131072)  Batches: 4 (originally 2)  Memory Usage: 3895kB
        ->  Hash Join  (cost=87162.74..122361.16 rows=148348 width=8) (actual time=1526.555..2480.868 rows=292734 loops=1)
              Hash Cond: (mi_idx.movie_id = t.id)
              ->  Seq Scan on movie_info_idx mi_idx  (cost=0.00..25185.44 rows=464934 width=4) (actual time=0.011..468.042 rows=460185 loops=1)
                    Filter: (info_type_id > 100)
                    Rows Removed by Filter: 919850
              ->  Hash  (cost=73925.90..73925.90 rows=806787 width=4) (actual time=1525.456..1525.456 rows=843018 loops=1)
                    Buckets: 131072  Batches: 16  Memory Usage: 2879kB
                    ->  Seq Scan on title t  (cost=0.00..73925.90 rows=806787 width=4) (actual time=0.033..1268.374 rows=843018 loops=1)
                          Filter: ((kind_id < 7) AND (production_year < 2011))
                          Rows Removed by Filter: 1685294
Planning time: 1.220 ms
Execution time: 16842.613 ms
