Hash Join  (cost=28269.98..392941.12 rows=1523 width=0) (actual time=386.887..7175.962 rows=84936 loops=1)
  Hash Cond: (mi.movie_id = t.id)
  ->  Seq Scan on movie_info mi  (cost=0.00..309384.22 rows=14739122 width=4) (actual time=0.013..4077.134 rows=14835720 loops=1)
  ->  Hash  (cost=28266.72..28266.72 rows=261 width=8) (actual time=382.612..382.612 rows=233 loops=1)
        Buckets: 1024  Batches: 1  Memory Usage: 18kB
        ->  Nested Loop  (cost=0.43..28266.72 rows=261 width=8) (actual time=16.876..382.500 rows=233 loops=1)
              ->  Seq Scan on movie_info_idx mi_idx  (cost=0.00..25185.44 rows=368 width=4) (actual time=16.828..370.605 rows=260 loops=1)
                    Filter: (info_type_id > 101)
                    Rows Removed by Filter: 1379775
              ->  Index Scan using title_pkey on title t  (cost=0.43..8.36 rows=1 width=4) (actual time=0.045..0.045 rows=1 loops=260)
                    Index Cond: (id = mi_idx.movie_id)
                    Filter: (production_year < 2009)
                    Rows Removed by Filter: 0
Planning time: 1.303 ms
Execution time: 7187.807 ms
