Hash Join  (cost=162778.53..1297636.52 rows=5543003 width=0) (actual time=3701.416..44793.336 rows=31039085 loops=1)
  Hash Cond: (ci.movie_id = t.id)
  ->  Seq Scan on cast_info ci  (cost=0.00..705507.15 rows=32191948 width=4) (actual time=0.016..17148.170 rows=32329869 loops=1)
        Filter: (person_id > 374745)
        Rows Removed by Filter: 3914475
  ->  Hash  (cost=155635.32..155635.32 rows=435377 width=8) (actual time=3700.450..3700.450 rows=851136 loops=1)
        Buckets: 131072 (originally 131072)  Batches: 16 (originally 8)  Memory Usage: 3091kB
        ->  Hash Join  (cost=81720.25..155635.32 rows=435377 width=8) (actual time=1437.353..3467.264 rows=851136 loops=1)
              Hash Cond: (mc.movie_id = t.id)
              ->  Seq Scan on movie_companies mc  (cost=0.00..51404.11 rows=1279517 width=4) (actual time=0.010..1080.311 rows=1274246 loops=1)
                    Filter: (company_type_id = 1)
                    Rows Removed by Filter: 1334883
              ->  Hash  (cost=67604.59..67604.59 rows=860373 width=4) (actual time=1436.182..1436.182 rows=854214 loops=1)
                    Buckets: 131072  Batches: 16  Memory Usage: 2897kB
                    ->  Seq Scan on title t  (cost=0.00..67604.59 rows=860373 width=4) (actual time=0.023..1148.745 rows=854214 loops=1)
                          Filter: (kind_id < 4)
                          Rows Removed by Filter: 1674098
Planning time: 0.945 ms
Execution time: 48307.465 ms
