Seq Scan on cast_info ci  (cost=0.00..705507.15 rows=28662223 width=0) (actual time=0.015..13173.226 rows=28638237 loops=1)
  Filter: (person_id < 2914047)
  Rows Removed by Filter: 7606107
Planning time: 0.253 ms
Execution time: 16656.565 ms
