Seq Scan on movie_companies mc  (cost=0.00..57926.93 rows=53 width=0) (actual time=489.101..943.157 rows=137 loops=1)
  Filter: ((company_type_id > 1) AND (company_id = 75437))
  Rows Removed by Filter: 2608992
Planning time: 0.426 ms
Execution time: 943.280 ms
