Hash Join  (cost=190230.21..310754.29 rows=1094431 width=0) (actual time=4071.767..8080.037 rows=4587676 loops=1)
  Hash Cond: (mk.movie_id = t.id)
  ->  Seq Scan on movie_keyword mk  (cost=0.00..81003.12 rows=2005237 width=4) (actual time=0.018..1721.919 rows=2011561 loops=1)
        Filter: (keyword_id < 3580)
        Rows Removed by Filter: 2512369
  ->  Hash  (cost=167588.78..167588.78 rows=1380035 width=8) (actual time=4069.829..4069.829 rows=1380035 loops=1)
        Buckets: 131072  Batches: 32  Memory Usage: 2726kB
        ->  Hash Join  (cost=102767.86..167588.78 rows=1380035 width=8) (actual time=2067.600..3761.956 rows=1380035 loops=1)
              Hash Cond: (mi_idx.movie_id = t.id)
              ->  Seq Scan on movie_info_idx mi_idx  (cost=0.00..21735.35 rows=1380035 width=4) (actual time=0.019..467.753 rows=1380035 loops=1)
              ->  Hash  (cost=61283.27..61283.27 rows=2528527 width=4) (actual time=2066.223..2066.223 rows=2528312 loops=1)
                    Buckets: 131072  Batches: 64  Memory Usage: 2415kB
                    ->  Seq Scan on title t  (cost=0.00..61283.27 rows=2528527 width=4) (actual time=0.013..1076.540 rows=2528312 loops=1)
Planning time: 0.847 ms
Execution time: 8630.164 ms
