Hash Join  (cost=122252.06..487766.91 rows=85892 width=0) (actual time=2166.420..10190.227 rows=281477 loops=1)
  Hash Cond: (mi.movie_id = t.id)
  ->  Seq Scan on movie_info mi  (cost=0.00..309384.22 rows=14739122 width=4) (actual time=0.021..4533.014 rows=14835720 loops=1)
  ->  Hash  (cost=122067.87..122067.87 rows=14735 width=8) (actual time=2166.270..2166.270 rows=13463 loops=1)
        Buckets: 16384  Batches: 1  Memory Usage: 654kB
        ->  Hash Join  (cost=68449.54..122067.87 rows=14735 width=8) (actual time=1179.745..2160.676 rows=13463 loops=1)
              Hash Cond: (mc.movie_id = t.id)
              ->  Seq Scan on movie_companies mc  (cost=0.00..51404.11 rows=551166 width=4) (actual time=0.022..824.919 rows=555378 loops=1)
                    Filter: (company_id > 71740)
                    Rows Removed by Filter: 2053751
              ->  Hash  (cost=67604.59..67604.59 rows=67596 width=4) (actual time=1178.910..1178.910 rows=67777 loops=1)
                    Buckets: 131072  Batches: 1  Memory Usage: 3407kB
                    ->  Seq Scan on title t  (cost=0.00..67604.59 rows=67596 width=4) (actual time=0.028..1151.048 rows=67777 loops=1)
                          Filter: (production_year = 2003)
                          Rows Removed by Filter: 2460535
Planning time: 0.973 ms
Execution time: 10231.458 ms
