Seq Scan on title t  (cost=0.00..73925.90 rows=51362 width=0) (actual time=24.023..1120.136 rows=133108 loops=1)
  Filter: ((kind_id < 7) AND (production_year < 1937))
  Rows Removed by Filter: 2395204
Planning time: 0.349 ms
Execution time: 1137.963 ms
