Hash Join  (cost=73950.44..869728.13 rows=18650 width=0) (actual time=4216.778..18929.773 rows=52255 loops=1)
  Hash Cond: (ci.movie_id = t.id)
  ->  Seq Scan on cast_info ci  (cost=0.00..705507.15 rows=24022411 width=4) (actual time=3240.791..14097.391 rows=24130698 loops=1)
        Filter: (role_id < 4)
        Rows Removed by Filter: 12113646
  ->  Hash  (cost=73925.90..73925.90 rows=1963 width=4) (actual time=975.110..975.110 rows=4189 loops=1)
        Buckets: 8192 (originally 2048)  Batches: 1 (originally 1)  Memory Usage: 212kB
        ->  Seq Scan on title t  (cost=0.00..73925.90 rows=1963 width=4) (actual time=471.767..973.117 rows=4189 loops=1)
              Filter: ((kind_id = 1) AND (production_year = 1981))
              Rows Removed by Filter: 2524123
Planning time: 0.790 ms
Execution time: 18940.753 ms
