Nested Loop  (cost=0.43..83071.67 rows=246 width=0) (actual time=0.156..1300.154 rows=1593 loops=1)
  ->  Seq Scan on movie_keyword mk  (cost=0.00..81003.12 rows=246 width=4) (actual time=0.082..1250.492 rows=1593 loops=1)
        Filter: (keyword_id = 13751)
        Rows Removed by Filter: 4522337
  ->  Index Only Scan using title_pkey on title t  (cost=0.43..8.40 rows=1 width=4) (actual time=0.030..0.030 rows=1 loops=1593)
        Index Cond: (id = mk.movie_id)
        Heap Fetches: 1593
Planning time: 0.821 ms
Execution time: 1300.762 ms
