Hash Join  (cost=179974.31..701610.97 rows=3920273 width=0) (actual time=4526.916..28989.830 rows=48788770 loops=1)
  Hash Cond: (mi.movie_id = t.id)
  ->  Seq Scan on movie_info mi  (cost=0.00..309384.22 rows=14739122 width=4) (actual time=0.016..5968.115 rows=14835720 loops=1)
  ->  Hash  (cost=168939.68..168939.68 rows=672531 width=8) (actual time=4524.665..4524.665 rows=1460112 loops=1)
        Buckets: 131072 (originally 131072)  Batches: 32 (originally 16)  Memory Usage: 3073kB
        ->  Hash Join  (cost=84618.84..168939.68 rows=672531 width=8) (actual time=1470.955..4070.738 rows=1460112 loops=1)
              Hash Cond: (mc.movie_id = t.id)
              ->  Seq Scan on movie_companies mc  (cost=0.00..44881.29 rows=2609129 width=4) (actual time=0.011..802.386 rows=2609129 loops=1)
              ->  Hash  (cost=73925.90..73925.90 rows=651755 width=4) (actual time=1469.625..1469.625 rows=711179 loops=1)
                    Buckets: 131072  Batches: 16  Memory Usage: 2590kB
                    ->  Seq Scan on title t  (cost=0.00..73925.90 rows=651755 width=4) (actual time=0.022..1239.598 rows=711179 loops=1)
                          Filter: ((kind_id < 7) AND (production_year < 2008))
                          Rows Removed by Filter: 1817133
Planning time: 1.137 ms
Execution time: 34146.185 ms
