Hash Join  (cost=365418.15..1869132.75 rows=40532184 width=0) (actual time=10366.051..68503.890 rows=131578489 loops=1)
  Hash Cond: (ci.movie_id = t.id)
  ->  Seq Scan on cast_info ci  (cost=0.00..705507.15 rows=22654356 width=4) (actual time=1607.152..14814.379 rows=22719060 loops=1)
        Filter: (person_id > 1333287)
        Rows Removed by Filter: 13525284
  ->  Hash  (cost=291197.02..291197.02 rows=4523930 width=8) (actual time=8757.277..8757.277 rows=4523930 loops=1)
        Buckets: 131072  Batches: 64  Memory Usage: 3816kB
        ->  Hash Join  (cost=102767.86..291197.02 rows=4523930 width=8) (actual time=2230.421..7523.858 rows=4523930 loops=1)
              Hash Cond: (mk.movie_id = t.id)
              ->  Seq Scan on movie_keyword mk  (cost=0.00..69693.30 rows=4523930 width=4) (actual time=0.014..1576.521 rows=4523930 loops=1)
              ->  Hash  (cost=61283.27..61283.27 rows=2528527 width=4) (actual time=2229.119..2229.119 rows=2528312 loops=1)
                    Buckets: 131072  Batches: 64  Memory Usage: 2425kB
                    ->  Seq Scan on title t  (cost=0.00..61283.27 rows=2528527 width=4) (actual time=0.018..1152.058 rows=2528312 loops=1)
Planning time: 3.886 ms
Execution time: 83250.216 ms
