Seq Scan on movie_keyword mk  (cost=0.00..81003.12 rows=3496319 width=0) (actual time=0.025..1593.600 rows=3491609 loops=1)
  Filter: (keyword_id > 1013)
  Rows Removed by Filter: 1032321
Planning time: 0.318 ms
Execution time: 2018.304 ms
