Hash Join  (cost=102767.86..207591.88 rows=579378 width=0) (actual time=1854.303..4024.741 rows=577087 loops=1)
  Hash Cond: (mk.movie_id = t.id)
  ->  Seq Scan on movie_keyword mk  (cost=0.00..81003.12 rows=579378 width=4) (actual time=0.028..1266.371 rows=577087 loops=1)
        Filter: (keyword_id > 31798)
        Rows Removed by Filter: 3946843
  ->  Hash  (cost=61283.27..61283.27 rows=2528527 width=4) (actual time=1853.339..1853.339 rows=2528312 loops=1)
        Buckets: 131072  Batches: 64  Memory Usage: 2425kB
        ->  Seq Scan on title t  (cost=0.00..61283.27 rows=2528527 width=4) (actual time=0.025..996.528 rows=2528312 loops=1)
Planning time: 0.733 ms
Execution time: 4095.457 ms
