Hash Join  (cost=132256.65..218916.08 rows=140 width=0) (actual time=1908.264..3629.167 rows=13771 loops=1)
  Hash Cond: (mk.movie_id = t.id)
  ->  Seq Scan on movie_keyword mk  (cost=0.00..69693.30 rows=4523930 width=4) (actual time=0.018..910.922 rows=4523930 loops=1)
  ->  Hash  (cost=132255.67..132255.67 rows=78 width=8) (actual time=1906.423..1906.423 rows=1082 loops=1)
        Buckets: 2048 (originally 1024)  Batches: 1 (originally 1)  Memory Usage: 59kB
        ->  Hash Join  (cost=73950.44..132255.67 rows=78 width=8) (actual time=1457.248..1905.837 rows=1082 loops=1)
              Hash Cond: (mc.movie_id = t.id)
              ->  Seq Scan on movie_companies mc  (cost=0.00..57926.93 rows=100670 width=4) (actual time=425.121..833.947 rows=198915 loops=1)
                    Filter: ((company_id > 113810) AND (company_type_id = 2))
                    Rows Removed by Filter: 2410214
              ->  Hash  (cost=73925.90..73925.90 rows=1963 width=4) (actual time=1031.514..1031.514 rows=4142 loops=1)
                    Buckets: 8192 (originally 2048)  Batches: 1 (originally 1)  Memory Usage: 210kB
                    ->  Seq Scan on title t  (cost=0.00..73925.90 rows=1963 width=4) (actual time=217.336..1029.433 rows=4142 loops=1)
                          Filter: ((kind_id = 1) AND (production_year = 1973))
                          Rows Removed by Filter: 2524170
Planning time: 1.261 ms
Execution time: 3631.172 ms
