Hash Join  (cost=217564.77..364878.17 rows=2077536 width=0) (actual time=5058.472..15290.111 rows=26443187 loops=1)
  Hash Cond: (mk.movie_id = t.id)
  ->  Seq Scan on movie_keyword mk  (cost=0.00..69693.30 rows=4523930 width=4) (actual time=0.020..1395.761 rows=4523930 loops=1)
  ->  Hash  (cost=198514.00..198514.00 rows=1161182 width=8) (actual time=5057.396..5057.396 rows=1274246 loops=1)
        Buckets: 131072 (originally 131072)  Batches: 32 (originally 16)  Memory Usage: 3073kB
        ->  Hash Join  (cost=102767.86..198514.00 rows=1161182 width=8) (actual time=2403.077..4651.007 rows=1274246 loops=1)
              Hash Cond: (mc.movie_id = t.id)
              ->  Seq Scan on movie_companies mc  (cost=0.00..57926.93 rows=1161182 width=4) (actual time=443.401..1191.938 rows=1274246 loops=1)
                    Filter: ((company_id < 102263) AND (company_type_id = 1))
                    Rows Removed by Filter: 1334883
              ->  Hash  (cost=61283.27..61283.27 rows=2528527 width=4) (actual time=1958.384..1958.384 rows=2528312 loops=1)
                    Buckets: 131072  Batches: 64  Memory Usage: 2415kB
                    ->  Seq Scan on title t  (cost=0.00..61283.27 rows=2528527 width=4) (actual time=0.021..1110.567 rows=2528312 loops=1)
Planning time: 4.951 ms
Execution time: 18301.264 ms
