Seq Scan on movie_companies mc  (cost=0.00..51404.11 rows=104 width=0) (actual time=313.258..818.986 rows=2 loops=1)
  Filter: (company_id = 43161)
  Rows Removed by Filter: 2609127
Planning time: 0.325 ms
Execution time: 819.047 ms
