Seq Scan on cast_info ci  (cost=0.00..796071.18 rows=12261894 width=0) (actual time=6421.479..15594.105 rows=11781281 loops=1)
  Filter: ((person_id > 124797) AND (role_id = 1))
  Rows Removed by Filter: 24463063
Planning time: 0.416 ms
Execution time: 16879.058 ms
