Hash Join  (cost=28268.29..401635.05 rows=148 width=0) (actual time=373.543..7012.090 rows=8960 loops=1)
  Hash Cond: (mi.movie_id = t.id)
  ->  Seq Scan on movie_info mi  (cost=0.00..346232.03 rows=7235534 width=4) (actual time=0.016..5597.921 rows=7286865 loops=1)
        Filter: (info_type_id < 8)
        Rows Removed by Filter: 7548855
  ->  Hash  (cost=28267.64..28267.64 rows=52 width=8) (actual time=373.025..373.025 rows=211 loops=1)
        Buckets: 1024  Batches: 1  Memory Usage: 17kB
        ->  Nested Loop  (cost=0.43..28267.64 rows=52 width=8) (actual time=248.308..372.914 rows=211 loops=1)
              ->  Seq Scan on movie_info_idx mi_idx  (cost=0.00..25185.44 rows=368 width=4) (actual time=248.241..360.213 rows=260 loops=1)
                    Filter: (info_type_id > 101)
                    Rows Removed by Filter: 1379775
              ->  Index Scan using title_pkey on title t  (cost=0.43..8.37 rows=1 width=4) (actual time=0.048..0.048 rows=1 loops=260)
                    Index Cond: (id = mi_idx.movie_id)
                    Filter: ((production_year < 2005) AND (kind_id = 1))
                    Rows Removed by Filter: 0
Planning time: 1.149 ms
Execution time: 7013.593 ms
