Seq Scan on cast_info ci  (cost=0.00..796071.18 rows=2855840 width=0) (actual time=1592.914..14096.098 rows=1666918 loops=1)
  Filter: ((person_id < 2674795) AND (role_id = 3))
  Rows Removed by Filter: 34577426
Planning time: 0.424 ms
Execution time: 14302.905 ms
