Seq Scan on movie_keyword mk  (cost=0.00..81003.12 rows=246 width=0) (actual time=7.189..1290.477 rows=1674 loops=1)
  Filter: (keyword_id = 1775)
  Rows Removed by Filter: 4522256
Planning time: 0.336 ms
Execution time: 1291.060 ms
