Seq Scan on title t  (cost=0.00..73925.90 rows=474506 width=0) (actual time=225.330..1165.582 rows=360459 loops=1)
  Filter: ((production_year < 1994) AND (kind_id = 7))
  Rows Removed by Filter: 2167853
Planning time: 0.405 ms
Execution time: 1209.542 ms
