Seq Scan on movie_companies mc  (cost=0.00..57926.93 rows=839742 width=0) (actual time=195.849..1055.598 rows=1150964 loops=1)
  Filter: ((company_id < 21129) AND (company_type_id = 1))
  Rows Removed by Filter: 1458165
Planning time: 0.400 ms
Execution time: 1200.919 ms
