Seq Scan on movie_companies mc  (cost=0.00..51404.11 rows=2433287 width=0) (actual time=0.019..1037.575 rows=2433249 loops=1)
  Filter: (company_id < 121725)
  Rows Removed by Filter: 175880
Planning time: 0.367 ms
Execution time: 1336.710 ms
