Hash Join  (cost=73982.55..870612.05 rows=266 width=0) (actual time=1570.953..13887.069 rows=77 loops=1)
  Hash Cond: (ci.movie_id = t.id)
  ->  Seq Scan on cast_info ci  (cost=0.00..796071.18 rows=148174 width=4) (actual time=383.298..12692.908 rows=59153 loops=1)
        Filter: ((person_id < 1498683) AND (role_id > 10))
        Rows Removed by Filter: 36185191
  ->  Hash  (cost=73925.90..73925.90 rows=4532 width=4) (actual time=1179.896..1179.896 rows=6682 loops=1)
        Buckets: 8192  Batches: 1  Memory Usage: 299kB
        ->  Seq Scan on title t  (cost=0.00..73925.90 rows=4532 width=4) (actual time=0.418..1176.479 rows=6682 loops=1)
              Filter: ((kind_id = 7) AND (production_year = 1959))
              Rows Removed by Filter: 2521630
Planning time: 0.863 ms
Execution time: 13887.204 ms
