Hash Join  (cost=143902.06..238834.00 rows=72811 width=0) (actual time=2871.206..5404.037 rows=356068 loops=1)
  Hash Cond: (mk.movie_id = t.id)
  ->  Seq Scan on movie_keyword mk  (cost=0.00..81003.12 rows=3520188 width=4) (actual time=0.027..1528.245 rows=3512851 loops=1)
        Filter: (keyword_id < 18000)
        Rows Removed by Filter: 1011079
  ->  Hash  (cost=143248.31..143248.31 rows=52300 width=8) (actual time=2870.541..2870.541 rows=112210 loops=1)
        Buckets: 131072 (originally 65536)  Batches: 2 (originally 1)  Memory Usage: 3219kB
        ->  Hash Join  (cost=75558.15..143248.31 rows=52300 width=8) (actual time=1972.752..2829.508 rows=112210 loops=1)
              Hash Cond: (mc.movie_id = t.id)
              ->  Seq Scan on movie_companies mc  (cost=0.00..51404.11 rows=1329612 width=4) (actual time=306.621..971.669 rows=1334883 loops=1)
                    Filter: (company_type_id = 2)
                    Rows Removed by Filter: 1274246
              ->  Hash  (cost=73925.90..73925.90 rows=99460 width=4) (actual time=1330.680..1330.680 rows=100458 loops=1)
                    Buckets: 131072  Batches: 2  Memory Usage: 2795kB
                    ->  Seq Scan on title t  (cost=0.00..73925.90 rows=99460 width=4) (actual time=646.966..1292.837 rows=100458 loops=1)
                          Filter: ((production_year > 0) AND (kind_id = 3))
                          Rows Removed by Filter: 2427854
Planning time: 11.665 ms
Execution time: 5443.789 ms
