Hash Join  (cost=90601.07..234757.90 rows=1818379 width=0) (actual time=1708.932..5410.068 rows=917209 loops=1)
  Hash Cond: (mk.movie_id = t.id)
  ->  Seq Scan on movie_keyword mk  (cost=0.00..69693.30 rows=4523930 width=4) (actual time=0.021..1380.954 rows=4523930 loops=1)
  ->  Hash  (cost=73925.90..73925.90 rows=1016333 width=4) (actual time=1706.998..1706.998 rows=1107438 loops=1)
        Buckets: 131072  Batches: 16  Memory Usage: 3469kB
        ->  Seq Scan on title t  (cost=0.00..73925.90 rows=1016333 width=4) (actual time=0.022..1347.454 rows=1107438 loops=1)
              Filter: ((kind_id > 1) AND (production_year > 2000))
              Rows Removed by Filter: 1420874
Planning time: 0.767 ms
Execution time: 5513.978 ms
