Hash Join  (cost=83079.30..597584.33 rows=3251910 width=0) (actual time=1392.800..16565.902 rows=7244957 loops=1)
  Hash Cond: (mi.movie_id = t.id)
  ->  Seq Scan on movie_info mi  (cost=0.00..309384.22 rows=14739122 width=4) (actual time=0.020..5877.179 rows=14835720 loops=1)
  ->  Hash  (cost=73925.90..73925.90 rows=557872 width=4) (actual time=1391.901..1391.901 rows=632485 loops=1)
        Buckets: 131072  Batches: 8  Memory Usage: 3829kB
        ->  Seq Scan on title t  (cost=0.00..73925.90 rows=557872 width=4) (actual time=0.015..1187.657 rows=632485 loops=1)
              Filter: ((kind_id < 6) AND (production_year < 2006))
              Rows Removed by Filter: 1895827
Planning time: 0.806 ms
Execution time: 17432.442 ms
