Hash Join  (cost=879929.51..1263491.94 rows=179424 width=0) (actual time=16007.864..23825.473 rows=167106 loops=1)
  Hash Cond: (mi.movie_id = t.id)
  ->  Seq Scan on movie_info mi  (cost=0.00..346232.03 rows=9476311 width=4) (actual time=95.276..5903.400 rows=9565151 loops=1)
        Filter: (info_type_id < 16)
        Rows Removed by Filter: 5270569
  ->  Hash  (cost=879331.07..879331.07 rows=47875 width=8) (actual time=15912.150..15912.150 rows=32251 loops=1)
        Buckets: 65536  Batches: 1  Memory Usage: 1772kB
        ->  Hash Join  (cost=69374.09..879331.07 rows=47875 width=8) (actual time=2234.168..15898.263 rows=32251 loops=1)
              Hash Cond: (ci.movie_id = t.id)
              ->  Seq Scan on cast_info ci  (cost=0.00..796071.18 rows=1122948 width=4) (actual time=1007.729..14326.900 rows=850243 loops=1)
                    Filter: ((person_id < 2386449) AND (role_id = 8))
                    Rows Removed by Filter: 35394101
              ->  Hash  (cost=67604.59..67604.59 rows=107800 width=4) (actual time=1225.441..1225.441 rows=108429 loops=1)
                    Buckets: 131072  Batches: 2  Memory Usage: 2931kB
                    ->  Seq Scan on title t  (cost=0.00..67604.59 rows=107800 width=4) (actual time=0.037..1178.576 rows=108429 loops=1)
                          Filter: (production_year = 2006)
                          Rows Removed by Filter: 2419883
Planning time: 1.183 ms
Execution time: 23849.459 ms
