Seq Scan on cast_info ci  (cost=0.00..796071.18 rows=3410499 width=0) (actual time=2001.564..13930.395 rows=1130369 loops=1)
  Filter: ((person_id < 2127402) AND (role_id > 8))
  Rows Removed by Filter: 35113975
Planning time: 0.369 ms
Execution time: 14076.013 ms
