Hash Join  (cost=205355.04..1410082.53 rows=16638732 width=0) (actual time=5138.844..46327.301 rows=35677007 loops=1)
  Hash Cond: (ci.movie_id = t.id)
  ->  Seq Scan on cast_info ci  (cost=0.00..614943.12 rows=36225612 width=4) (actual time=0.022..13275.203 rows=36244344 loops=1)
  ->  Hash  (cost=186300.87..186300.87 rows=1161374 width=8) (actual time=5137.836..5137.836 rows=958183 loops=1)
        Buckets: 131072  Batches: 16  Memory Usage: 3335kB
        ->  Hash Join  (cost=92735.26..186300.87 rows=1161374 width=8) (actual time=1853.867..4838.674 rows=958183 loops=1)
              Hash Cond: (mc.movie_id = t.id)
              ->  Seq Scan on movie_companies mc  (cost=0.00..51404.11 rows=1917151 width=4) (actual time=0.007..1050.730 rows=1925901 loops=1)
                    Filter: (company_id > 1191)
                    Rows Removed by Filter: 683228
              ->  Hash  (cost=67604.59..67604.59 rows=1531734 width=4) (actual time=1852.604..1852.604 rows=1531613 loops=1)
                    Buckets: 131072  Batches: 32  Memory Usage: 2708kB
                    ->  Seq Scan on title t  (cost=0.00..67604.59 rows=1531734 width=4) (actual time=0.009..1340.444 rows=1531613 loops=1)
                          Filter: (production_year > 1997)
                          Rows Removed by Filter: 996699
Planning time: 1.190 ms
Execution time: 50569.969 ms
