Hash Join  (cost=74478.21..831597.51 rows=633014 width=0) (actual time=1152.532..20614.981 rows=578444 loops=1)
  Hash Cond: (ci.movie_id = t.id)
  ->  Seq Scan on cast_info ci  (cost=0.00..614943.12 rows=36225612 width=4) (actual time=0.016..8972.408 rows=36244344 loops=1)
  ->  Hash  (cost=73925.90..73925.90 rows=44184 width=4) (actual time=1152.139..1152.139 rows=35489 loops=1)
        Buckets: 65536  Batches: 1  Memory Usage: 1760kB
        ->  Seq Scan on title t  (cost=0.00..73925.90 rows=44184 width=4) (actual time=0.034..1137.821 rows=35489 loops=1)
              Filter: ((kind_id < 7) AND (production_year = 2007))
              Rows Removed by Filter: 2492823
Planning time: 0.747 ms
Execution time: 20704.447 ms
