Hash Join  (cost=117698.78..194116.78 rows=99249 width=0) (actual time=2624.098..4891.798 rows=709439 loops=1)
  Hash Cond: (mc.movie_id = t.id)
  ->  Seq Scan on movie_companies mc  (cost=0.00..44881.29 rows=2609129 width=4) (actual time=0.012..1037.646 rows=2609129 loops=1)
  ->  Hash  (cost=116120.51..116120.51 rows=96182 width=8) (actual time=2623.249..2623.249 rows=213102 loops=1)
        Buckets: 131072 (originally 131072)  Batches: 4 (originally 2)  Memory Usage: 3108kB
        ->  Hash Join  (cost=82581.58..116120.51 rows=96182 width=8) (actual time=1374.127..2552.058 rows=213102 loops=1)
              Hash Cond: (mi_idx.movie_id = t.id)
              ->  Seq Scan on movie_info_idx mi_idx  (cost=0.00..25185.44 rows=460978 width=4) (actual time=0.016..502.780 rows=459925 loops=1)
                    Filter: (info_type_id < 100)
                    Rows Removed by Filter: 920110
              ->  Hash  (cost=73925.90..73925.90 rows=527574 width=4) (actual time=1373.387..1373.387 rows=609532 loops=1)
                    Buckets: 131072  Batches: 8  Memory Usage: 3715kB
                    ->  Seq Scan on title t  (cost=0.00..73925.90 rows=527574 width=4) (actual time=0.020..1189.785 rows=609532 loops=1)
                          Filter: ((kind_id < 7) AND (production_year < 2005))
                          Rows Removed by Filter: 1918780
Planning time: 1.425 ms
Execution time: 4969.648 ms
