Hash Join  (cost=83074.80..904745.28 rows=542 width=0) (actual time=5506.262..14377.924 rows=128 loops=1)
  Hash Cond: (ci.movie_id = t.id)
  ->  Seq Scan on cast_info ci  (cost=0.00..796071.18 rows=6825033 width=4) (actual time=4219.864..11985.310 rows=8860659 loops=1)
        Filter: ((person_id < 1208332) AND (role_id < 3))
        Rows Removed by Filter: 27383685
  ->  Hash  (cost=83072.29..83072.29 rows=201 width=8) (actual time=1270.584..1270.584 rows=24 loops=1)
        Buckets: 1024  Batches: 1  Memory Usage: 9kB
        ->  Nested Loop  (cost=0.43..83072.29 rows=201 width=8) (actual time=66.525..1270.552 rows=24 loops=1)
              ->  Seq Scan on movie_keyword mk  (cost=0.00..81003.12 rows=246 width=4) (actual time=66.424..1262.889 rows=26 loops=1)
                    Filter: (keyword_id = 35914)
                    Rows Removed by Filter: 4523904
              ->  Index Scan using title_pkey on title t  (cost=0.43..8.40 rows=1 width=4) (actual time=0.288..0.289 rows=1 loops=26)
                    Index Cond: (id = mk.movie_id)
                    Filter: (production_year < 2011)
                    Rows Removed by Filter: 0
Planning time: 1.853 ms
Execution time: 14378.176 ms
