Seq Scan on movie_companies mc  (cost=0.00..51404.11 rows=1141342 width=0) (actual time=0.024..1006.752 rows=1137580 loops=1)
  Filter: (company_id < 8500)
  Rows Removed by Filter: 1471549
Planning time: 0.336 ms
Execution time: 1149.714 ms
