Hash Join  (cost=84417.00..906843.92 rows=580106 width=0) (actual time=7673.114..13908.819 rows=285 loops=1)
  Hash Cond: (ci.movie_id = t.id)
  ->  Seq Scan on cast_info ci  (cost=0.00..796071.18 rows=1431382 width=4) (actual time=5791.573..12170.493 rows=1361 loops=1)
        Filter: ((person_id < 680990) AND (role_id = 2))
        Rows Removed by Filter: 36242983
  ->  Hash  (cost=67604.59..67604.59 rows=1024753 width=4) (actual time=1553.392..1553.392 rows=1021752 loops=1)
        Buckets: 131072  Batches: 16  Memory Usage: 3274kB
        ->  Seq Scan on title t  (cost=0.00..67604.59 rows=1024753 width=4) (actual time=0.042..1224.122 rows=1021752 loops=1)
              Filter: (production_year < 2000)
              Rows Removed by Filter: 1506560
Planning time: 0.723 ms
Execution time: 13908.964 ms
