Hash Join  (cost=436930.42..1294293.12 rows=436883 width=0) (actual time=7459.907..25484.735 rows=483760 loops=1)
  Hash Cond: (ci.movie_id = t.id)
  ->  Seq Scan on cast_info ci  (cost=0.00..705507.15 rows=12726058 width=4) (actual time=0.015..13492.729 rows=12670688 loops=1)
        Filter: (role_id < 2)
        Rows Removed by Filter: 23573656
  ->  Hash  (cost=435505.37..435505.37 rows=86804 width=8) (actual time=7459.053..7459.053 rows=102923 loops=1)
        Buckets: 131072  Batches: 2  Memory Usage: 3026kB
        ->  Hash Join  (cost=69928.56..435505.37 rows=86804 width=8) (actual time=4499.861..7423.844 rows=102923 loops=1)
              Hash Cond: (mi.movie_id = t.id)
              ->  Seq Scan on movie_info mi  (cost=0.00..346232.03 rows=1550064 width=4) (actual time=3325.370..5654.979 rows=1533909 loops=1)
                    Filter: (info_type_id = 3)
                    Rows Removed by Filter: 13301811
              ->  Hash  (cost=67604.59..67604.59 rows=141598 width=4) (actual time=1173.684..1173.684 rows=141703 loops=1)
                    Buckets: 131072  Batches: 2  Memory Usage: 3517kB
                    ->  Seq Scan on title t  (cost=0.00..67604.59 rows=141598 width=4) (actual time=0.030..1115.606 rows=141703 loops=1)
                          Filter: (production_year = 2010)
                          Rows Removed by Filter: 2386609
Planning time: 1.203 ms
Execution time: 25540.221 ms
