Hash Join  (cost=166128.37..1172640.72 rows=4580059 width=0) (actual time=5708.280..32753.665 rows=10490421 loops=1)
  Hash Cond: (ci.movie_id = t.id)
  ->  Seq Scan on cast_info ci  (cost=0.00..796071.18 rows=13958826 width=4) (actual time=2007.016..17052.245 rows=19503825 loops=1)
        Filter: ((person_id > 1440340) AND (role_id > 1))
        Rows Removed by Filter: 16740519
  ->  Hash  (cost=152516.87..152516.87 rows=829640 width=8) (actual time=3700.316..3700.316 rows=671022 loops=1)
        Buckets: 131072  Batches: 16  Memory Usage: 2677kB
        ->  Hash Join  (cost=98864.94..152516.87 rows=829640 width=8) (actual time=1940.003..3502.096 rows=671022 loops=1)
              Hash Cond: (mi_idx.movie_id = t.id)
              ->  Seq Scan on movie_info_idx mi_idx  (cost=0.00..21735.35 rows=1380035 width=4) (actual time=0.025..447.115 rows=1380035 loops=1)
              ->  Hash  (cost=73925.90..73925.90 rows=1520083 width=4) (actual time=1938.626..1938.626 rows=1507233 loops=1)
                    Buckets: 131072  Batches: 32  Memory Usage: 2679kB
                    ->  Seq Scan on title t  (cost=0.00..73925.90 rows=1520083 width=4) (actual time=0.014..1457.387 rows=1507233 loops=1)
                          Filter: ((kind_id > 1) AND (production_year < 2011))
                          Rows Removed by Filter: 1021079
Planning time: 1.276 ms
Execution time: 33954.398 ms
