Hash Join  (cost=98137.04..1424266.50 rows=22378349 width=0) (actual time=3061.674..42554.128 rows=21625629 loops=1)
  Hash Cond: (ci.movie_id = t.id)
  ->  Seq Scan on cast_info ci  (cost=0.00..705507.15 rows=30405364 width=4) (actual time=1128.575..17345.423 rows=30511650 loops=1)
        Filter: (role_id < 9)
        Rows Removed by Filter: 5732694
  ->  Hash  (cost=67604.59..67604.59 rows=1860996 width=4) (actual time=1932.204..1932.204 rows=1865487 loops=1)
        Buckets: 131072  Batches: 32  Memory Usage: 3079kB
        ->  Seq Scan on title t  (cost=0.00..67604.59 rows=1860996 width=4) (actual time=0.030..1327.499 rows=1865487 loops=1)
              Filter: (kind_id > 1)
              Rows Removed by Filter: 662825
Planning time: 0.579 ms
Execution time: 44951.217 ms
