Seq Scan on movie_companies mc  (cost=0.00..57926.93 rows=1142423 width=0) (actual time=0.026..1121.796 rows=1250219 loops=1)
  Filter: ((company_id > 196) AND (company_type_id > 1))
  Rows Removed by Filter: 1358910
Planning time: 0.335 ms
Execution time: 1290.734 ms
