Hash Join  (cost=74747.02..889654.29 rows=708796 width=0) (actual time=1293.175..21430.240 rows=802206 loops=1)
  Hash Cond: (ci.movie_id = t.id)
  ->  Seq Scan on cast_info ci  (cost=0.00..705507.15 rows=27283244 width=4) (actual time=0.025..11793.192 rows=27282470 loops=1)
        Filter: (person_id < 2799927)
        Rows Removed by Filter: 8961874
  ->  Hash  (cost=73925.90..73925.90 rows=65689 width=4) (actual time=1292.110..1292.110 rows=74524 loops=1)
        Buckets: 131072  Batches: 1  Memory Usage: 3644kB
        ->  Seq Scan on title t  (cost=0.00..73925.90 rows=65689 width=4) (actual time=68.743..1262.438 rows=74524 loops=1)
              Filter: ((kind_id = 7) AND (production_year = 2006))
              Rows Removed by Filter: 2453788
Planning time: 0.822 ms
Execution time: 21532.897 ms
