Hash Join  (cost=143192.06..899808.35 rows=582713 width=0) (actual time=2680.473..20690.972 rows=510407 loops=1)
  Hash Cond: (ci.movie_id = t.id)
  ->  Seq Scan on cast_info ci  (cost=0.00..614943.12 rows=36225612 width=4) (actual time=0.019..8831.403 rows=36244344 loops=1)
  ->  Hash  (cost=142683.64..142683.64 rows=40673 width=8) (actual time=2680.078..2680.078 rows=15075 loops=1)
        Buckets: 65536  Batches: 1  Memory Usage: 1101kB
        ->  Hash Join  (cost=75195.76..142683.64 rows=40673 width=8) (actual time=1583.133..2674.455 rows=15075 loops=1)
              Hash Cond: (mc.movie_id = t.id)
              ->  Seq Scan on movie_companies mc  (cost=0.00..51404.11 rows=1329612 width=4) (actual time=393.946..1028.888 rows=1334883 loops=1)
                    Filter: (company_type_id > 1)
                    Rows Removed by Filter: 1274246
              ->  Hash  (cost=73925.90..73925.90 rows=77348 width=4) (actual time=1186.774..1186.774 rows=84109 loops=1)
                    Buckets: 131072  Batches: 2  Memory Usage: 2509kB
                    ->  Seq Scan on title t  (cost=0.00..73925.90 rows=77348 width=4) (actual time=54.032..1154.856 rows=84109 loops=1)
                          Filter: ((kind_id = 7) AND (production_year = 2008))
                          Rows Removed by Filter: 2444203
Planning time: 1.176 ms
Execution time: 20767.797 ms
