Hash Join  (cost=155234.09..523582.61 rows=191 width=0) (actual time=5171.790..9571.094 rows=8605 loops=1)
  Hash Cond: (mi.movie_id = t.id)
  ->  Seq Scan on movie_info mi  (cost=0.00..346232.03 rows=5897221 width=4) (actual time=2550.650..6219.843 rows=5884963 loops=1)
        Filter: (info_type_id < 7)
        Rows Removed by Filter: 8950757
  ->  Hash  (cost=155233.07..155233.07 rows=82 width=8) (actual time=2499.448..2499.448 rows=678 loops=1)
        Buckets: 1024  Batches: 1  Memory Usage: 35kB
        ->  Hash Join  (cost=73962.22..155233.07 rows=82 width=8) (actual time=1197.861..2498.987 rows=678 loops=1)
              Hash Cond: (mk.movie_id = t.id)
              ->  Seq Scan on movie_keyword mk  (cost=0.00..81003.12 rows=71175 width=4) (actual time=0.027..1296.439 rows=70496 loops=1)
                    Filter: (keyword_id > 91027)
                    Rows Removed by Filter: 4453434
              ->  Hash  (cost=73925.90..73925.90 rows=2905 width=4) (actual time=1185.201..1185.201 rows=10197 loops=1)
                    Buckets: 16384 (originally 4096)  Batches: 1 (originally 1)  Memory Usage: 487kB
                    ->  Seq Scan on title t  (cost=0.00..73925.90 rows=2905 width=4) (actual time=0.060..1180.399 rows=10197 loops=1)
                          Filter: ((kind_id < 7) AND (production_year = 1992))
                          Rows Removed by Filter: 2518115
Planning time: 3.072 ms
Execution time: 9572.735 ms
