Hash Join  (cost=83074.74..447745.01 rows=1434 width=0) (actual time=1188.915..8342.332 rows=4317 loops=1)
  Hash Cond: (mi.movie_id = t.id)
  ->  Seq Scan on movie_info mi  (cost=0.00..309384.22 rows=14739122 width=4) (actual time=0.019..4480.069 rows=14835720 loops=1)
  ->  Hash  (cost=83071.67..83071.67 rows=246 width=8) (actual time=1174.113..1174.113 rows=119 loops=1)
        Buckets: 1024  Batches: 1  Memory Usage: 13kB
        ->  Nested Loop  (cost=0.43..83071.67 rows=246 width=8) (actual time=3.355..1173.979 rows=119 loops=1)
              ->  Seq Scan on movie_keyword mk  (cost=0.00..81003.12 rows=246 width=4) (actual time=3.308..1169.732 rows=119 loops=1)
                    Filter: (keyword_id = 5540)
                    Rows Removed by Filter: 4523811
              ->  Index Only Scan using title_pkey on title t  (cost=0.43..8.40 rows=1 width=4) (actual time=0.031..0.032 rows=1 loops=119)
                    Index Cond: (id = mk.movie_id)
                    Heap Fetches: 119
Planning time: 1.127 ms
Execution time: 8343.451 ms
