Hash Join  (cost=173705.70..569226.57 rows=580301 width=0) (actual time=4821.229..11263.195 rows=161652 loops=1)
  Hash Cond: (mi.movie_id = t.id)
  ->  Seq Scan on movie_info mi  (cost=0.00..346232.03 rows=3623957 width=4) (actual time=1124.856..5915.008 rows=3624977 loops=1)
        Filter: (info_type_id < 4)
        Rows Removed by Filter: 11210743
  ->  Hash  (cost=167062.56..167062.56 rows=404891 width=8) (actual time=3695.242..3695.242 rows=134941 loops=1)
        Buckets: 131072  Batches: 8  Memory Usage: 1676kB
        ->  Hash Join  (cost=87731.24..167062.56 rows=404891 width=8) (actual time=2154.209..3648.670 rows=134941 loops=1)
              Hash Cond: (mc.movie_id = t.id)
              ->  Seq Scan on movie_companies mc  (cost=0.00..57926.93 rows=1216659 width=4) (actual time=574.786..1285.706 rows=1165662 loops=1)
                    Filter: ((company_id > 19) AND (company_type_id = 1))
                    Rows Removed by Filter: 1443467
              ->  Hash  (cost=73925.90..73925.90 rows=841467 width=4) (actual time=1578.102..1578.102 rows=921643 loops=1)
                    Buckets: 131072  Batches: 16  Memory Usage: 3057kB
                    ->  Seq Scan on title t  (cost=0.00..73925.90 rows=841467 width=4) (actual time=0.032..1281.659 rows=921643 loops=1)
                          Filter: ((production_year > 2000) AND (kind_id = 7))
                          Rows Removed by Filter: 1606669
Planning time: 1.292 ms
Execution time: 11284.035 ms
