Hash Join  (cost=1021590.29..1626151.81 rows=6511988 width=0) (actual time=24006.258..45280.363 rows=23599432 loops=1)
  Hash Cond: (mi.movie_id = t.id)
  ->  Seq Scan on movie_info mi  (cost=0.00..309384.22 rows=14739122 width=4) (actual time=0.021..6490.444 rows=14835720 loops=1)
  ->  Hash  (cost=1003261.98..1003261.98 rows=1117145 width=8) (actual time=23998.669..23998.669 rows=1278839 loops=1)
        Buckets: 131072 (originally 131072)  Batches: 32 (originally 16)  Memory Usage: 4079kB
        ->  Hash Join  (cost=71961.27..1003261.98 rows=1117145 width=8) (actual time=8987.954..23564.126 rows=1278839 loops=1)
              Hash Cond: (ci.movie_id = t.id)
              ->  Seq Scan on cast_info ci  (cost=0.00..796071.18 rows=10639487 width=4) (actual time=7794.521..16389.599 rows=12670688 loops=1)
                    Filter: ((person_id < 3047668) AND (role_id < 2))
                    Rows Removed by Filter: 23573656
              ->  Hash  (cost=67604.59..67604.59 rows=265495 width=4) (actual time=1192.446..1192.446 rows=263594 loops=1)
                    Buckets: 131072  Batches: 4  Memory Usage: 3340kB
                    ->  Seq Scan on title t  (cost=0.00..67604.59 rows=265495 width=4) (actual time=0.035..1102.417 rows=263594 loops=1)
                          Filter: (production_year < 1962)
                          Rows Removed by Filter: 2264718
Planning time: 1.216 ms
Execution time: 48014.070 ms
