Hash Join  (cost=74119.74..473441.11 rows=85426 width=169) (actual time=1582.834..12866.456 rows=125303 loops=1)
  Hash Cond: (mi.movie_id = t.id)
  ->  Seq Scan on movie_info mi  (cost=0.00..346232.03 rows=13929354 width=75) (actual time=0.018..8233.005 rows=14033580 loops=1)
        Filter: (info_type_id > 1)
        Rows Removed by Filter: 802140
  ->  Hash  (cost=73925.90..73925.90 rows=15507 width=94) (actual time=1582.669..1582.669 rows=11835 loops=1)
        Buckets: 16384  Batches: 1  Memory Usage: 1440kB
        ->  Seq Scan on title t  (cost=0.00..73925.90 rows=15507 width=94) (actual time=0.023..1575.417 rows=11835 loops=1)
              Filter: ((kind_id < 7) AND (production_year = 1995))
              Rows Removed by Filter: 2516477
Planning time: 0.971 ms
Execution time: 12874.726 ms
