Nested Loop  (cost=81006.63..432866.77 rows=2 width=0) (actual time=3512.267..6514.290 rows=2 loops=1)
  ->  Hash Join  (cost=81006.20..432798.82 rows=12 width=8) (actual time=3512.125..6514.092 rows=2 loops=1)
        Hash Cond: (mi.movie_id = mk.movie_id)
        ->  Seq Scan on movie_info mi  (cost=0.00..346232.03 rows=17937 width=4) (actual time=2149.913..5280.844 rows=121863 loops=1)
              Filter: (info_type_id = 105)
              Rows Removed by Filter: 14713857
        ->  Hash  (cost=81003.12..81003.12 rows=246 width=4) (actual time=1215.745..1215.745 rows=14 loops=1)
              Buckets: 1024  Batches: 1  Memory Usage: 9kB
              ->  Seq Scan on movie_keyword mk  (cost=0.00..81003.12 rows=246 width=4) (actual time=52.835..1215.691 rows=14 loops=1)
                    Filter: (keyword_id = 24522)
                    Rows Removed by Filter: 4523916
  ->  Index Only Scan using title_pkey on title t  (cost=0.43..5.65 rows=1 width=4) (actual time=0.066..0.067 rows=1 loops=2)
        Index Cond: (id = mi.movie_id)
        Heap Fetches: 2
Planning time: 1.150 ms
Execution time: 6514.401 ms
