Hash Join  (cost=168162.63..680273.56 rows=3027600 width=0) (actual time=4025.898..21291.870 rows=16464311 loops=1)
  Hash Cond: (mi.movie_id = t.id)
  ->  Seq Scan on movie_info mi  (cost=0.00..309384.22 rows=14739122 width=4) (actual time=0.019..5792.485 rows=14835720 loops=1)
  ->  Hash  (cost=159641.24..159641.24 rows=519391 width=8) (actual time=4024.792..4024.792 rows=934414 loops=1)
        Buckets: 131072 (originally 131072)  Batches: 16 (originally 8)  Memory Usage: 3330kB
        ->  Hash Join  (cost=83810.17..159641.24 rows=519391 width=8) (actual time=1439.492..3476.700 rows=934414 loops=1)
              Hash Cond: (mc.movie_id = t.id)
              ->  Seq Scan on movie_companies mc  (cost=0.00..51404.11 rows=1329612 width=4) (actual time=0.021..970.850 rows=1334883 loops=1)
                    Filter: (company_type_id > 1)
                    Rows Removed by Filter: 1274246
              ->  Hash  (cost=67604.59..67604.59 rows=987727 width=4) (actual time=1438.735..1438.735 rows=985048 loops=1)
                    Buckets: 131072  Batches: 16  Memory Usage: 3188kB
                    ->  Seq Scan on title t  (cost=0.00..67604.59 rows=987727 width=4) (actual time=0.020..1128.226 rows=985048 loops=1)
                          Filter: (kind_id < 7)
                          Rows Removed by Filter: 1543264
Planning time: 1.553 ms
Execution time: 23204.730 ms
