Hash Join  (cost=121630.33..617401.83 rows=1496260 width=0) (actual time=2575.294..16451.852 rows=4987156 loops=1)
  Hash Cond: (mi.movie_id = t.id)
  ->  Seq Scan on movie_info mi  (cost=0.00..309384.22 rows=14739122 width=4) (actual time=0.007..5991.322 rows=14835720 loops=1)
  ->  Hash  (cost=117418.75..117418.75 rows=256686 width=8) (actual time=2574.500..2574.500 rows=285455 loops=1)
        Buckets: 131072  Batches: 4  Memory Usage: 3828kB
        ->  Hash Join  (cost=75321.41..117418.75 rows=256686 width=8) (actual time=1300.057..2481.699 rows=285455 loops=1)
              Hash Cond: (mi_idx.movie_id = t.id)
              ->  Seq Scan on movie_info_idx mi_idx  (cost=0.00..21735.35 rows=1380035 width=4) (actual time=0.015..426.627 rows=1380035 loops=1)
              ->  Hash  (cost=67604.59..67604.59 rows=470306 width=4) (actual time=1298.904..1298.904 rows=465563 loops=1)
                    Buckets: 131072  Batches: 8  Memory Usage: 3063kB
                    ->  Seq Scan on title t  (cost=0.00..67604.59 rows=470306 width=4) (actual time=0.023..1146.496 rows=465563 loops=1)
                          Filter: (production_year < 1977)
                          Rows Removed by Filter: 2062749
Planning time: 1.186 ms
Execution time: 17045.760 ms
