Hash Join  (cost=116525.17..192672.33 rows=79563 width=0) (actual time=2290.251..3974.435 rows=64278 loops=1)
  Hash Cond: (mc.movie_id = t.id)
  ->  Seq Scan on movie_companies mc  (cost=0.00..44881.29 rows=2609129 width=4) (actual time=0.022..878.569 rows=2609129 loops=1)
  ->  Hash  (cost=115259.36..115259.36 rows=77105 width=8) (actual time=2223.811..2223.811 rows=30861 loops=1)
        Buckets: 131072  Batches: 2  Memory Usage: 1627kB
        ->  Hash Join  (cost=76243.83..115259.36 rows=77105 width=8) (actual time=1104.558..2213.192 rows=30861 loops=1)
              Hash Cond: (mi_idx.movie_id = t.id)
              ->  Seq Scan on movie_info_idx mi_idx  (cost=0.00..21735.35 rows=1380035 width=4) (actual time=0.020..415.059 rows=1380035 loops=1)
              ->  Hash  (cost=73925.90..73925.90 rows=141274 width=4) (actual time=1101.785..1101.785 rows=150659 loops=1)
                    Buckets: 131072  Batches: 2  Memory Usage: 3673kB
                    ->  Seq Scan on title t  (cost=0.00..73925.90 rows=141274 width=4) (actual time=0.022..1048.189 rows=150659 loops=1)
                          Filter: ((production_year > 2011) AND (kind_id = 7))
                          Rows Removed by Filter: 2377653
Planning time: 1.485 ms
Execution time: 3982.760 ms
