Seq Scan on title t  (cost=0.00..73925.90 rows=93559 width=0) (actual time=580.172..1258.628 rows=104574 loops=1)
  Filter: ((production_year < 2011) AND (kind_id = 4))
  Rows Removed by Filter: 2423738
Planning time: 0.413 ms
Execution time: 1271.951 ms
