Seq Scan on movie_companies mc  (cost=0.00..57926.93 rows=1247327 width=0) (actual time=62.395..943.768 rows=1274246 loops=1)
  Filter: ((company_id < 180465) AND (company_type_id = 1))
  Rows Removed by Filter: 1334883
Planning time: 0.371 ms
Execution time: 1084.019 ms
