Nested Loop  (cost=44377.22..859313.73 rows=3635 width=0) (actual time=8469.374..15462.045 rows=86826 loops=1)
  Join Filter: (ci.movie_id = t.id)
  ->  Hash Join  (cost=44376.79..848470.85 rows=18211 width=8) (actual time=8468.632..12630.941 rows=221680 loops=1)
        Hash Cond: (ci.movie_id = mi_idx.movie_id)
        ->  Seq Scan on cast_info ci  (cost=0.00..796071.18 rows=13393 width=4) (actual time=7649.748..11397.140 rows=169598 loops=1)
              Filter: ((person_id > 3789301) AND (role_id > 10))
              Rows Removed by Filter: 36074746
        ->  Hash  (cost=21735.35..21735.35 rows=1380035 width=4) (actual time=817.842..817.842 rows=1380035 loops=1)
              Buckets: 131072  Batches: 32  Memory Usage: 2540kB
              ->  Seq Scan on movie_info_idx mi_idx  (cost=0.00..21735.35 rows=1380035 width=4) (actual time=0.032..413.097 rows=1380035 loops=1)
  ->  Index Scan using title_pkey on title t  (cost=0.43..0.58 rows=1 width=4) (actual time=0.012..0.012 rows=0 loops=221680)
        Index Cond: (id = mi_idx.movie_id)
        Filter: ((production_year > 1971) AND (kind_id = 7))
        Rows Removed by Filter: 1
Planning time: 0.875 ms
Execution time: 15479.603 ms
