Seq Scan on title t  (cost=0.00..73925.90 rows=2905 width=0) (actual time=0.260..1119.847 rows=2788 loops=1)
  Filter: ((kind_id < 7) AND (production_year = 1937))
  Rows Removed by Filter: 2525524
Planning time: 0.407 ms
Execution time: 1120.788 ms
