Hash Join  (cost=73983.02..825426.77 rows=65459 width=0) (actual time=1195.371..19169.568 rows=87090 loops=1)
  Hash Cond: (ci.movie_id = t.id)
  ->  Seq Scan on cast_info ci  (cost=0.00..614943.12 rows=36225612 width=4) (actual time=0.023..9529.408 rows=36244344 loops=1)
  ->  Hash  (cost=73925.90..73925.90 rows=4569 width=4) (actual time=1194.745..1194.745 rows=7824 loops=1)
        Buckets: 8192  Batches: 1  Memory Usage: 340kB
        ->  Seq Scan on title t  (cost=0.00..73925.90 rows=4569 width=4) (actual time=0.186..1190.821 rows=7824 loops=1)
              Filter: ((kind_id > 4) AND (production_year = 1965))
              Rows Removed by Filter: 2520488
Planning time: 0.829 ms
Execution time: 19184.740 ms
