Hash Join  (cost=83810.17..160883.97 rows=550755 width=0) (actual time=1420.736..3591.009 rows=880464 loops=1)
  Hash Cond: (mc.movie_id = t.id)
  ->  Seq Scan on movie_companies mc  (cost=0.00..51404.11 rows=1409903 width=4) (actual time=0.015..1024.683 rows=1399256 loops=1)
        Filter: (company_id < 12193)
        Rows Removed by Filter: 1209873
  ->  Hash  (cost=67604.59..67604.59 rows=987727 width=4) (actual time=1419.679..1419.679 rows=985048 loops=1)
        Buckets: 131072  Batches: 16  Memory Usage: 3188kB
        ->  Seq Scan on title t  (cost=0.00..67604.59 rows=987727 width=4) (actual time=0.032..1116.534 rows=985048 loops=1)
              Filter: (kind_id < 7)
              Rows Removed by Filter: 1543264
Planning time: 0.820 ms
Execution time: 3695.359 ms
