Nested Loop  (cost=0.43..83072.90 rows=81 width=0) (actual time=17.262..1203.718 rows=28 loops=1)
  ->  Seq Scan on movie_keyword mk  (cost=0.00..81003.12 rows=246 width=4) (actual time=11.320..1181.858 rows=316 loops=1)
        Filter: (keyword_id = 5577)
        Rows Removed by Filter: 4523614
  ->  Index Scan using title_pkey on title t  (cost=0.43..8.40 rows=1 width=4) (actual time=0.067..0.067 rows=0 loops=316)
        Index Cond: (id = mk.movie_id)
        Filter: ((kind_id > 1) AND (production_year < 2002))
        Rows Removed by Filter: 1
Planning time: 0.723 ms
Execution time: 1203.838 ms
