Nested Loop  (cost=0.43..797957.66 rows=224 width=0) (actual time=11510.646..12164.180 rows=38 loops=1)
  ->  Seq Scan on cast_info ci  (cost=0.00..796071.18 rows=224 width=4) (actual time=11510.572..12163.523 rows=38 loops=1)
        Filter: ((role_id > 2) AND (person_id = 3539113))
        Rows Removed by Filter: 36244306
  ->  Index Only Scan using title_pkey on title t  (cost=0.43..8.41 rows=1 width=4) (actual time=0.016..0.016 rows=1 loops=38)
        Index Cond: (id = ci.movie_id)
        Heap Fetches: 38
Planning time: 0.772 ms
Execution time: 12164.262 ms
