Hash Join  (cost=92883.59..897681.45 rows=87210 width=0) (actual time=11015.610..11777.131 rows=92009 loops=1)
  Hash Cond: (ci.movie_id = t.id)
  ->  Seq Scan on cast_info ci  (cost=0.00..796071.18 rows=143116 width=4) (actual time=9272.275..9715.262 rows=136249 loops=1)
        Filter: ((person_id < 181191) AND (role_id = 4))
        Rows Removed by Filter: 36108095
  ->  Hash  (cost=67604.59..67604.59 rows=1540800 width=4) (actual time=1741.624..1741.624 rows=1543264 loops=1)
        Buckets: 131072  Batches: 32  Memory Usage: 2722kB
        ->  Seq Scan on title t  (cost=0.00..67604.59 rows=1540800 width=4) (actual time=5.643..1215.071 rows=1543264 loops=1)
              Filter: (kind_id = 7)
              Rows Removed by Filter: 985048
Planning time: 0.857 ms
Execution time: 11787.161 ms
