Hash Join  (cost=114360.79..466001.73 rows=39024 width=0) (actual time=5688.606..7763.862 rows=339845 loops=1)
  Hash Cond: (mi.movie_id = t.id)
  ->  Seq Scan on movie_info mi  (cost=0.00..346232.03 rows=1338312 width=4) (actual time=3148.234..4775.197 rows=1401902 loops=1)
        Filter: (info_type_id = 7)
        Rows Removed by Filter: 13433818
  ->  Hash  (cost=113439.17..113439.17 rows=73730 width=8) (actual time=2298.470..2298.470 rows=159354 loops=1)
        Buckets: 131072 (originally 131072)  Batches: 4 (originally 1)  Memory Usage: 3073kB
        ->  Hash Join  (cost=80661.47..113439.17 rows=73730 width=8) (actual time=1388.277..2235.244 rows=159354 loops=1)
              Hash Cond: (mi_idx.movie_id = t.id)
              ->  Seq Scan on movie_info_idx mi_idx  (cost=0.00..25185.44 rows=454124 width=4) (actual time=0.057..498.825 rows=459925 loops=1)
                    Filter: (info_type_id = 100)
                    Rows Removed by Filter: 920110
              ->  Hash  (cost=73925.90..73925.90 rows=410525 width=4) (actual time=1387.377..1387.377 rows=456146 loops=1)
                    Buckets: 131072  Batches: 8  Memory Usage: 3040kB
                    ->  Seq Scan on title t  (cost=0.00..73925.90 rows=410525 width=4) (actual time=101.135..1251.811 rows=456146 loops=1)
                          Filter: ((production_year < 2007) AND (kind_id = 1))
                          Rows Removed by Filter: 2072166
Planning time: 3.218 ms
Execution time: 7807.986 ms
