Hash Join  (cost=78556.72..453115.57 rows=478043 width=0) (actual time=2722.803..8068.053 rows=1297445 loops=1)
  Hash Cond: (mi.movie_id = t.id)
  ->  Seq Scan on movie_info mi  (cost=0.00..346232.03 rows=1810770 width=4) (actual time=1261.675..5451.774 rows=1865632 loops=1)
        Filter: (info_type_id > 17)
        Rows Removed by Filter: 12970088
  ->  Hash  (cost=67604.59..67604.59 rows=667531 width=4) (actual time=1295.068..1295.068 rows=662825 loops=1)
        Buckets: 131072  Batches: 16  Memory Usage: 2485kB
        ->  Seq Scan on title t  (cost=0.00..67604.59 rows=667531 width=4) (actual time=0.068..1076.345 rows=662825 loops=1)
              Filter: (kind_id = 1)
              Rows Removed by Filter: 1865487
Planning time: 0.756 ms
Execution time: 8211.600 ms
