Hash Join  (cost=114767.62..841653.78 rows=82945 width=0) (actual time=3712.320..15182.547 rows=82000 loops=1)
  Hash Cond: (ci.movie_id = t.id)
  ->  Seq Scan on cast_info ci  (cost=0.00..705507.15 rows=1736414 width=4) (actual time=1531.376..12054.268 rows=1703543 loops=1)
        Filter: (role_id = 8)
        Rows Removed by Filter: 34540801
  ->  Hash  (cost=112785.85..112785.85 rows=120782 width=8) (actual time=2180.108..2180.108 rows=84174 loops=1)
        Buckets: 131072  Batches: 2  Memory Usage: 2665kB
        ->  Hash Join  (cost=78473.92..112785.85 rows=120782 width=8) (actual time=1307.405..2151.785 rows=84174 loops=1)
              Hash Cond: (mi_idx.movie_id = t.id)
              ->  Seq Scan on movie_info_idx mi_idx  (cost=0.00..25185.44 rows=460978 width=4) (actual time=0.035..478.756 rows=459925 loops=1)
                    Filter: (info_type_id = 99)
                    Rows Removed by Filter: 920110
              ->  Hash  (cost=67604.59..67604.59 rows=662507 width=4) (actual time=1306.189..1306.189 rows=662065 loops=1)
                    Buckets: 131072  Batches: 16  Memory Usage: 2481kB
                    ->  Seq Scan on title t  (cost=0.00..67604.59 rows=662507 width=4) (actual time=0.016..1093.777 rows=662065 loops=1)
                          Filter: (production_year > 2008)
                          Rows Removed by Filter: 1866247
Planning time: 6.227 ms
Execution time: 15192.895 ms
