Seq Scan on movie_keyword mk  (cost=0.00..81003.12 rows=2442604 width=0) (actual time=0.011..1532.159 rows=2431641 loops=1)
  Filter: (keyword_id > 3743)
  Rows Removed by Filter: 2092289
Planning time: 0.348 ms
Execution time: 1841.479 ms
