Seq Scan on cast_info ci  (cost=0.00..796071.18 rows=324 width=0) (actual time=4804.437..14274.227 rows=101 loops=1)
  Filter: ((role_id > 1) AND (person_id = 530271))
  Rows Removed by Filter: 36244243
Planning time: 0.436 ms
Execution time: 14274.400 ms
