Seq Scan on movie_keyword mk  (cost=0.00..81003.12 rows=2472440 width=0) (actual time=0.029..1634.462 rows=2468276 loops=1)
  Filter: (keyword_id < 5946)
  Rows Removed by Filter: 2055654
Planning time: 0.314 ms
Execution time: 1937.752 ms
