Hash Join  (cost=132712.90..212479.44 rows=342101 width=0) (actual time=2966.021..5551.574 rows=2398260 loops=1)
  Hash Cond: (mc.movie_id = t.id)
  ->  Seq Scan on movie_companies mc  (cost=0.00..44881.29 rows=2609129 width=4) (actual time=0.023..889.167 rows=2609129 loops=1)
  ->  Hash  (cost=127272.74..127272.74 rows=331533 width=8) (actual time=2964.039..2964.039 rows=720537 loops=1)
        Buckets: 131072 (originally 131072)  Batches: 16 (originally 8)  Memory Usage: 3073kB
        ->  Hash Join  (cost=83891.93..127272.74 rows=331533 width=8) (actual time=1395.008..2762.999 rows=720537 loops=1)
              Hash Cond: (mi_idx.movie_id = t.id)
              ->  Seq Scan on movie_info_idx mi_idx  (cost=0.00..21735.35 rows=1380035 width=4) (actual time=0.033..457.657 rows=1380035 loops=1)
              ->  Hash  (cost=73925.90..73925.90 rows=607442 width=4) (actual time=1394.033..1394.033 rows=675690 loops=1)
                    Buckets: 131072  Batches: 8  Memory Usage: 4012kB
                    ->  Seq Scan on title t  (cost=0.00..73925.90 rows=607442 width=4) (actual time=0.025..1166.344 rows=675690 loops=1)
                          Filter: ((kind_id < 7) AND (production_year < 2007))
                          Rows Removed by Filter: 1852622
Planning time: 1.132 ms
Execution time: 5759.110 ms
