Seq Scan on movie_keyword mk  (cost=0.00..81003.12 rows=3421774 width=0) (actual time=0.016..1489.067 rows=3411871 loops=1)
  Filter: (keyword_id > 1138)
  Rows Removed by Filter: 1112059
Planning time: 0.351 ms
Execution time: 1908.351 ms
