Hash Join  (cost=110337.87..867432.39 rows=630542 width=0) (actual time=1967.235..20247.172 rows=773761 loops=1)
  Hash Cond: (ci.movie_id = t.id)
  ->  Seq Scan on cast_info ci  (cost=0.00..614943.12 rows=36225612 width=4) (actual time=0.017..8540.439 rows=36244344 loops=1)
  ->  Hash  (cost=109787.73..109787.73 rows=44011 width=8) (actual time=1966.789..1966.789 rows=18667 loops=1)
        Buckets: 65536  Batches: 1  Memory Usage: 1242kB
        ->  Hash Join  (cost=77887.52..109787.73 rows=44011 width=8) (actual time=1261.314..1959.330 rows=18667 loops=1)
              Hash Cond: (mi_idx.movie_id = t.id)
              ->  Seq Scan on movie_info_idx mi_idx  (cost=0.00..25185.44 rows=460978 width=4) (actual time=0.016..456.260 rows=459925 loops=1)
                    Filter: (info_type_id = 99)
                    Rows Removed by Filter: 920110
              ->  Hash  (cost=73925.90..73925.90 rows=241409 width=4) (actual time=1258.031..1258.031 rows=257849 loops=1)
                    Buckets: 131072  Batches: 4  Memory Usage: 3305kB
                    ->  Seq Scan on title t  (cost=0.00..73925.90 rows=241409 width=4) (actual time=0.015..1171.839 rows=257849 loops=1)
                          Filter: ((kind_id > 4) AND (production_year > 2010))
                          Rows Removed by Filter: 2270463
Planning time: 1.220 ms
Execution time: 20353.730 ms
