Hash Join  (cost=92508.29..168864.87 rows=573128 width=0) (actual time=1906.968..3484.531 rows=202987 loops=1)
  Hash Cond: (mc.movie_id = t.id)
  ->  Seq Scan on movie_companies mc  (cost=0.00..51404.11 rows=1279517 width=4) (actual time=191.209..938.331 rows=1274246 loops=1)
        Filter: (company_type_id < 2)
        Rows Removed by Filter: 1334883
  ->  Hash  (cost=73925.90..73925.90 rows=1132591 width=4) (actual time=1714.461..1714.461 rows=1224674 loops=1)
        Buckets: 131072  Batches: 16  Memory Usage: 3727kB
        ->  Seq Scan on title t  (cost=0.00..73925.90 rows=1132591 width=4) (actual time=0.041..1317.748 rows=1224674 loops=1)
              Filter: ((production_year > 1985) AND (kind_id = 7))
              Rows Removed by Filter: 1303638
Planning time: 0.808 ms
Execution time: 3505.614 ms
