Hash Join  (cost=237480.52..1588749.17 rows=26495847 width=0) (actual time=5411.940..45680.767 rows=32543690 loops=1)
  Hash Cond: (ci.movie_id = t.id)
  ->  Seq Scan on cast_info ci  (cost=0.00..614943.12 rows=36225612 width=4) (actual time=0.011..13074.532 rows=36244344 loops=1)
  ->  Hash  (cost=207138.08..207138.08 rows=1849395 width=8) (actual time=5410.954..5410.954 rows=1287264 loops=1)
        Buckets: 131072  Batches: 32  Memory Usage: 2568kB
        ->  Hash Join  (cost=103331.19..207138.08 rows=1849395 width=8) (actual time=2055.887..5033.663 rows=1287264 loops=1)
              Hash Cond: (mc.movie_id = t.id)
              ->  Seq Scan on movie_companies mc  (cost=0.00..44881.29 rows=2609129 width=4) (actual time=0.042..969.901 rows=2609129 loops=1)
              ->  Hash  (cost=73925.90..73925.90 rows=1792263 width=4) (actual time=2054.536..2054.536 rows=1799906 loops=1)
                    Buckets: 131072  Batches: 32  Memory Usage: 3007kB
                    ->  Seq Scan on title t  (cost=0.00..73925.90 rows=1792263 width=4) (actual time=0.024..1476.849 rows=1799906 loops=1)
                          Filter: ((kind_id > 1) AND (production_year > 1909))
                          Rows Removed by Filter: 728406
Planning time: 6.714 ms
Execution time: 49538.858 ms
