Hash Join  (cost=83954.38..1207716.17 rows=8757063 width=0) (actual time=1541.372..32678.245 rows=6186870 loops=1)
  Hash Cond: (ci.movie_id = t.id)
  ->  Seq Scan on cast_info ci  (cost=0.00..614943.12 rows=36225612 width=4) (actual time=0.028..12979.175 rows=36244344 loops=1)
  ->  Hash  (cost=73925.90..73925.90 rows=611238 width=4) (actual time=1540.381..1540.381 rows=481054 loops=1)
        Buckets: 131072  Batches: 8  Memory Usage: 3125kB
        ->  Seq Scan on title t  (cost=0.00..73925.90 rows=611238 width=4) (actual time=0.023..1382.846 rows=481054 loops=1)
              Filter: ((kind_id > 3) AND (production_year < 1998))
              Rows Removed by Filter: 2047258
Planning time: 0.757 ms
Execution time: 33376.543 ms
