Hash Join  (cost=140928.63..224679.24 rows=18402 width=0) (actual time=2586.364..4246.754 rows=218440 loops=1)
  Hash Cond: (mk.movie_id = t.id)
  ->  Seq Scan on movie_keyword mk  (cost=0.00..81003.12 rows=683593 width=4) (actual time=0.026..1328.345 rows=681653 loops=1)
        Filter: (keyword_id < 562)
        Rows Removed by Filter: 3842277
  ->  Hash  (cost=140077.78..140077.78 rows=68068 width=8) (actual time=2585.630..2585.630 rows=187320 loops=1)
        Buckets: 131072 (originally 131072)  Batches: 4 (originally 1)  Memory Usage: 3073kB
        ->  Hash Join  (cost=82033.88..140077.78 rows=68068 width=8) (actual time=1482.535..2513.374 rows=187320 loops=1)
              Hash Cond: (mc.movie_id = t.id)
              ->  Seq Scan on movie_companies mc  (cost=0.00..51404.11 rows=348294 width=4) (actual time=185.694..861.952 rows=353284 loops=1)
                    Filter: (company_id > 87955)
                    Rows Removed by Filter: 2255845
              ->  Hash  (cost=73925.90..73925.90 rows=494158 width=4) (actual time=1294.374..1294.374 rows=581419 loops=1)
                    Buckets: 131072  Batches: 8  Memory Usage: 3592kB
                    ->  Seq Scan on title t  (cost=0.00..73925.90 rows=494158 width=4) (actual time=0.022..1118.988 rows=581419 loops=1)
                          Filter: ((kind_id < 7) AND (production_year < 2004))
                          Rows Removed by Filter: 1946893
Planning time: 1.096 ms
Execution time: 4272.062 ms
