Seq Scan on movie_companies mc  (cost=0.00..57926.93 rows=469903 width=0) (actual time=0.022..1018.946 rows=792251 loops=1)
  Filter: ((company_id > 19491) AND (company_type_id = 2))
  Rows Removed by Filter: 1816878
Planning time: 0.391 ms
Execution time: 1117.367 ms
