Hash Join  (cost=52284.99..850441.72 rows=1016 width=0) (actual time=1018.167..17975.552 rows=262 loops=1)
  Hash Cond: (ci.movie_id = t.id)
  ->  Seq Scan on cast_info ci  (cost=0.00..705507.15 rows=24703845 width=4) (actual time=0.022..13241.762 rows=24810357 loops=1)
        Filter: (person_id > 1123540)
        Rows Removed by Filter: 11433987
  ->  Hash  (cost=52283.69..52283.69 rows=104 width=8) (actual time=744.477..744.477 rows=7 loops=1)
        Buckets: 1024  Batches: 1  Memory Usage: 9kB
        ->  Nested Loop  (cost=0.43..52283.69 rows=104 width=8) (actual time=15.712..744.465 rows=7 loops=1)
              ->  Seq Scan on movie_companies mc  (cost=0.00..51404.11 rows=104 width=4) (actual time=15.619..744.138 rows=7 loops=1)
                    Filter: (company_id = 76298)
                    Rows Removed by Filter: 2609122
              ->  Index Only Scan using title_pkey on title t  (cost=0.43..8.45 rows=1 width=4) (actual time=0.039..0.040 rows=1 loops=7)
                    Index Cond: (id = mc.movie_id)
                    Heap Fetches: 7
Planning time: 1.176 ms
Execution time: 17975.816 ms
