Hash Join  (cost=102767.86..1563012.70 rows=27191487 width=0) (actual time=1959.799..46353.716 rows=29276702 loops=1)
  Hash Cond: (ci.movie_id = t.id)
  ->  Seq Scan on cast_info ci  (cost=0.00..796071.18 rows=27191487 width=4) (actual time=0.011..20043.265 rows=29276702 loops=1)
        Filter: ((person_id < 3163478) AND (role_id < 10))
        Rows Removed by Filter: 6967642
  ->  Hash  (cost=61283.27..61283.27 rows=2528527 width=4) (actual time=1958.009..1958.009 rows=2528312 loops=1)
        Buckets: 131072  Batches: 64  Memory Usage: 2415kB
        ->  Seq Scan on title t  (cost=0.00..61283.27 rows=2528527 width=4) (actual time=0.012..1141.123 rows=2528312 loops=1)
Planning time: 2.373 ms
Execution time: 49581.846 ms
