Hash Join  (cost=100529.86..155380.89 rows=18551 width=0) (actual time=1969.634..3153.133 rows=15867 loops=1)
  Hash Cond: (mc.movie_id = t.id)
  ->  Seq Scan on movie_companies mc  (cost=0.00..44881.29 rows=2609129 width=4) (actual time=0.015..644.872 rows=2609129 loops=1)
  ->  Hash  (cost=100305.13..100305.13 rows=17978 width=8) (actual time=1969.271..1969.271 rows=6360 loops=1)
        Buckets: 32768  Batches: 1  Memory Usage: 505kB
        ->  Hash Join  (cost=69223.25..100305.13 rows=17978 width=8) (actual time=1262.215..1966.066 rows=6360 loops=1)
              Hash Cond: (mi_idx.movie_id = t.id)
              ->  Seq Scan on movie_info_idx mi_idx  (cost=0.00..25185.44 rows=460978 width=4) (actual time=0.028..512.113 rows=459925 loops=1)
                    Filter: (info_type_id < 100)
                    Rows Removed by Filter: 920110
              ->  Hash  (cost=67604.59..67604.59 rows=98613 width=4) (actual time=1260.709..1260.709 rows=98579 loops=1)
                    Buckets: 131072  Batches: 2  Memory Usage: 2754kB
                    ->  Seq Scan on title t  (cost=0.00..67604.59 rows=98613 width=4) (actual time=34.498..1223.697 rows=98579 loops=1)
                          Filter: (production_year < 1924)
                          Rows Removed by Filter: 2429733
Planning time: 1.243 ms
Execution time: 3156.032 ms
