Nested Loop  (cost=0.43..52284.21 rows=21 width=0) (actual time=42.373..755.287 rows=20 loops=1)
  ->  Seq Scan on movie_companies mc  (cost=0.00..51404.11 rows=104 width=4) (actual time=42.299..754.395 rows=22 loops=1)
        Filter: (company_id = 15780)
        Rows Removed by Filter: 2609107
  ->  Index Scan using title_pkey on title t  (cost=0.43..8.45 rows=1 width=4) (actual time=0.036..0.036 rows=1 loops=22)
        Index Cond: (id = mc.movie_id)
        Filter: ((kind_id < 7) AND (production_year > 2001))
        Rows Removed by Filter: 0
Planning time: 5.282 ms
Execution time: 755.410 ms
