Hash Join  (cost=170102.81..537640.68 rows=88442 width=0) (actual time=3546.426..9966.584 rows=21165 loops=1)
  Hash Cond: (mi.movie_id = t.id)
  ->  Seq Scan on movie_info mi  (cost=0.00..346232.03 rows=5445713 width=4) (actual time=0.023..5810.069 rows=5410520 loops=1)
        Filter: (info_type_id < 6)
        Rows Removed by Filter: 9425200
  ->  Hash  (cost=169589.50..169589.50 rows=41065 width=8) (actual time=3148.119..3148.119 rows=11418 loops=1)
        Buckets: 65536  Batches: 1  Memory Usage: 959kB
        ->  Hash Join  (cost=75533.21..169589.50 rows=41065 width=8) (actual time=1247.172..3143.846 rows=11418 loops=1)
              Hash Cond: (mk.movie_id = t.id)
              ->  Seq Scan on movie_keyword mk  (cost=0.00..81003.12 rows=1060139 width=4) (actual time=0.020..1536.926 rows=1063753 loops=1)
                    Filter: (keyword_id > 16505)
                    Rows Removed by Filter: 3460177
              ->  Hash  (cost=73925.90..73925.90 rows=97944 width=4) (actual time=1245.311..1245.311 rows=106247 loops=1)
                    Buckets: 131072  Batches: 2  Memory Usage: 2896kB
                    ->  Seq Scan on title t  (cost=0.00..73925.90 rows=97944 width=4) (actual time=269.998..1203.910 rows=106247 loops=1)
                          Filter: ((kind_id = 7) AND (production_year = 2011))
                          Rows Removed by Filter: 2422065
Planning time: 1.127 ms
Execution time: 9969.583 ms
