Nested Loop  (cost=0.43..106528.59 rows=4417 width=0) (actual time=0.160..1126.160 rows=3026 loops=1)
  ->  Seq Scan on movie_companies mc  (cost=0.00..51404.11 rows=8088 width=4) (actual time=0.109..874.288 rows=8235 loops=1)
        Filter: (company_id = 424)
        Rows Removed by Filter: 2600894
  ->  Index Scan using title_pkey on title t  (cost=0.43..6.81 rows=1 width=4) (actual time=0.030..0.030 rows=0 loops=8235)
        Index Cond: (id = mc.movie_id)
        Filter: (production_year > 2000)
        Rows Removed by Filter: 1
Planning time: 3.404 ms
Execution time: 1127.091 ms
