Hash Join  (cost=97151.21..192338.23 rows=1460750 width=0) (actual time=1912.182..4734.833 rows=1053378 loops=1)
  Hash Cond: (mc.movie_id = t.id)
  ->  Seq Scan on movie_companies mc  (cost=0.00..44881.29 rows=2609129 width=4) (actual time=0.028..1004.517 rows=2609129 loops=1)
  ->  Hash  (cost=73925.90..73925.90 rows=1415624 width=4) (actual time=1910.757..1910.757 rows=1398720 loops=1)
        Buckets: 131072  Batches: 32  Memory Usage: 2560kB
        ->  Seq Scan on title t  (cost=0.00..73925.90 rows=1415624 width=4) (actual time=0.013..1450.658 rows=1398720 loops=1)
              Filter: ((kind_id > 1) AND (production_year < 2010))
              Rows Removed by Filter: 1129592
Planning time: 0.739 ms
Execution time: 4861.368 ms
