Nested Loop  (cost=0.43..83071.67 rows=246 width=0) (actual time=14.852..3626.941 rows=253 loops=1)
  ->  Seq Scan on movie_keyword mk  (cost=0.00..81003.12 rows=246 width=4) (actual time=14.781..3542.958 rows=253 loops=1)
        Filter: (keyword_id = 3033)
        Rows Removed by Filter: 4523677
  ->  Index Only Scan using title_pkey on title t  (cost=0.43..8.40 rows=1 width=4) (actual time=0.328..0.329 rows=1 loops=253)
        Index Cond: (id = mk.movie_id)
        Heap Fetches: 253
Planning time: 0.756 ms
Execution time: 3627.195 ms
