Hash Join  (cost=131386.47..262326.95 rows=733644 width=0) (actual time=3408.038..7631.953 rows=4580423 loops=1)
  Hash Cond: (mk.movie_id = t.id)
  ->  Seq Scan on movie_keyword mk  (cost=0.00..69693.30 rows=4523930 width=4) (actual time=0.023..1409.191 rows=4523930 loops=1)
  ->  Hash  (cost=124658.84..124658.84 rows=410050 width=8) (actual time=3406.929..3406.929 rows=504823 loops=1)
        Buckets: 131072  Batches: 8  Memory Usage: 3508kB
        ->  Hash Join  (cost=79930.86..124658.84 rows=410050 width=8) (actual time=1363.921..3255.135 rows=504823 loops=1)
              Hash Cond: (mi_idx.movie_id = t.id)
              ->  Seq Scan on movie_info_idx mi_idx  (cost=0.00..21735.35 rows=1380035 width=4) (actual time=0.022..409.665 rows=1380035 loops=1)
              ->  Hash  (cost=67604.59..67604.59 rows=751302 width=4) (actual time=1362.177..1362.177 rows=755902 loops=1)
                    Buckets: 131072  Batches: 16  Memory Usage: 2685kB
                    ->  Seq Scan on title t  (cost=0.00..67604.59 rows=751302 width=4) (actual time=0.016..1125.654 rows=755902 loops=1)
                          Filter: (production_year < 1993)
                          Rows Removed by Filter: 1772410
Planning time: 1.089 ms
Execution time: 8126.219 ms
