Seq Scan on cast_info ci  (cost=0.00..796071.18 rows=5825520 width=0) (actual time=18857.703..40091.064 rows=8995704 loops=1)
  Filter: ((person_id > 2797003) AND (role_id > 1))
  Rows Removed by Filter: 27248640
Planning time: 1.170 ms
Execution time: 41645.240 ms
