Seq Scan on movie_keyword mk  (cost=0.00..81003.12 rows=3894022 width=0) (actual time=5.866..4647.055 rows=3883666 loops=1)
  Filter: (keyword_id < 29032)
  Rows Removed by Filter: 640264
Planning time: 7.538 ms
Execution time: 5290.833 ms
