Hash Join  (cost=122589.21..200164.61 rows=183188 width=0) (actual time=3109.989..5203.881 rows=651281 loops=1)
  Hash Cond: (mc.movie_id = t.id)
  ->  Seq Scan on movie_companies mc  (cost=0.00..44881.29 rows=2609129 width=4) (actual time=0.021..878.289 rows=2609129 loops=1)
  ->  Hash  (cost=119676.10..119676.10 rows=177529 width=8) (actual time=3109.202..3109.202 rows=216565 loops=1)
        Buckets: 131072  Batches: 4  Memory Usage: 3143kB
        ->  Hash Join  (cost=83580.70..119676.10 rows=177529 width=8) (actual time=1509.824..3043.877 rows=216565 loops=1)
              Hash Cond: (mi_idx.movie_id = t.id)
              ->  Seq Scan on movie_info_idx mi_idx  (cost=0.00..25185.44 rows=460978 width=4) (actual time=0.020..468.939 rows=459925 loops=1)
                    Filter: (info_type_id = 99)
                    Rows Removed by Filter: 920110
              ->  Hash  (cost=67604.59..67604.59 rows=973769 width=4) (actual time=1508.823..1508.823 rows=971188 loops=1)
                    Buckets: 131072  Batches: 16  Memory Usage: 3161kB
                    ->  Seq Scan on title t  (cost=0.00..67604.59 rows=973769 width=4) (actual time=0.020..1215.417 rows=971188 loops=1)
                          Filter: (production_year < 1999)
                          Rows Removed by Filter: 1557124
Planning time: 1.095 ms
Execution time: 5273.597 ms
