Hash Join  (cost=74050.79..194961.41 rows=454582 width=0) (actual time=1218.521..4439.070 rows=181512 loops=1)
  Hash Cond: (mk.movie_id = t.id)
  ->  Seq Scan on movie_keyword mk  (cost=0.00..81003.12 rows=2925513 width=4) (actual time=0.024..1651.159 rows=2912197 loops=1)
        Filter: (keyword_id < 9417)
        Rows Removed by Filter: 1611733
  ->  Hash  (cost=67604.59..67604.59 rows=392896 width=4) (actual time=1217.603..1217.603 rows=391666 loops=1)
        Buckets: 131072  Batches: 8  Memory Usage: 2759kB
        ->  Seq Scan on title t  (cost=0.00..67604.59 rows=392896 width=4) (actual time=0.021..1084.140 rows=391666 loops=1)
              Filter: (production_year > 2010)
              Rows Removed by Filter: 2136646
Planning time: 0.726 ms
Execution time: 4461.903 ms
