Seq Scan on cast_info ci  (cost=0.00..705507.15 rows=500 width=0) (actual time=1953.152..32551.453 rows=11 loops=1)
  Filter: (person_id = 1228980)
  Rows Removed by Filter: 36244333
Planning time: 0.450 ms
Execution time: 32551.570 ms
