Hash Join  (cost=73982.55..133204.80 rows=616 width=0) (actual time=4992.645..6288.084 rows=1401 loops=1)
  Hash Cond: (mc.movie_id = t.id)
  ->  Seq Scan on movie_companies mc  (cost=0.00..57926.93 rows=343773 width=4) (actual time=0.020..2485.292 rows=651981 loops=1)
        Filter: ((company_id > 48771) AND (company_type_id = 2))
        Rows Removed by Filter: 1957148
  ->  Hash  (cost=73925.90..73925.90 rows=4532 width=4) (actual time=3585.450..3585.450 rows=10614 loops=1)
        Buckets: 16384 (originally 8192)  Batches: 1 (originally 1)  Memory Usage: 502kB
        ->  Seq Scan on title t  (cost=0.00..73925.90 rows=4532 width=4) (actual time=58.266..3579.851 rows=10614 loops=1)
              Filter: ((kind_id = 7) AND (production_year = 1985))
              Rows Removed by Filter: 2517698
Planning time: 0.777 ms
Execution time: 6288.463 ms
