Seq Scan on cast_info ci  (cost=0.00..796071.18 rows=7151021 width=0) (actual time=16331.395..44263.011 rows=7451825 loops=1)
  Filter: ((person_id > 66309) AND (role_id = 2))
  Rows Removed by Filter: 28792519
Planning time: 0.359 ms
Execution time: 45657.378 ms
