Hash Join  (cost=253259.07..739557.39 rows=3881636 width=0) (actual time=14690.520..87098.027 rows=150830750 loops=1)
  Hash Cond: (mi.movie_id = t.id)
  ->  Seq Scan on movie_info mi  (cost=0.00..346232.03 rows=7503588 width=4) (actual time=787.462..21677.408 rows=7548855 loops=1)
        Filter: (info_type_id > 7)
        Rows Removed by Filter: 7286865
  ->  Hash  (cost=231798.86..231798.86 rows=1308017 width=8) (actual time=13898.655..13898.655 rows=3286345 loops=1)
        Buckets: 131072 (originally 131072)  Batches: 64 (originally 32)  Memory Usage: 3143kB
        ->  Hash Join  (cost=87162.74..231798.86 rows=1308017 width=8) (actual time=4313.180..12737.105 rows=3286345 loops=1)
              Hash Cond: (mk.movie_id = t.id)
              ->  Seq Scan on movie_keyword mk  (cost=0.00..81003.12 rows=4099418 width=4) (actual time=0.033..4822.684 rows=4087742 loops=1)
                    Filter: (keyword_id > 335)
                    Rows Removed by Filter: 436188
              ->  Hash  (cost=73925.90..73925.90 rows=806787 width=4) (actual time=4311.932..4311.932 rows=843018 loops=1)
                    Buckets: 131072  Batches: 16  Memory Usage: 2888kB
                    ->  Seq Scan on title t  (cost=0.00..73925.90 rows=806787 width=4) (actual time=0.018..3649.561 rows=843018 loops=1)
                          Filter: ((kind_id < 7) AND (production_year < 2011))
                          Rows Removed by Filter: 1685294
Planning time: 1.205 ms
Execution time: 107727.930 ms
