Hash Join  (cost=73983.02..795770.14 rows=7807 width=0) (actual time=3434.108..41472.933 rows=207 loops=1)
  Hash Cond: (ci.movie_id = t.id)
  ->  Seq Scan on cast_info ci  (cost=0.00..705507.15 rows=4320508 width=4) (actual time=0.029..37066.944 rows=4323018 loops=1)
        Filter: (role_id = 10)
        Rows Removed by Filter: 31921326
  ->  Hash  (cost=73925.90..73925.90 rows=4569 width=4) (actual time=3377.847..3377.847 rows=2915 loops=1)
        Buckets: 8192  Batches: 1  Memory Usage: 167kB
        ->  Seq Scan on title t  (cost=0.00..73925.90 rows=4569 width=4) (actual time=319.440..3376.046 rows=2915 loops=1)
              Filter: ((kind_id > 4) AND (production_year = 1951))
              Rows Removed by Filter: 2525397
Planning time: 0.797 ms
Execution time: 41473.108 ms
