Seq Scan on cast_info ci  (cost=0.00..796071.18 rows=10498898 width=0) (actual time=6728.142..43985.164 rows=8173354 loops=1)
  Filter: ((person_id > 601600) AND (role_id = 1))
  Rows Removed by Filter: 28070990
Planning time: 0.410 ms
Execution time: 45466.539 ms
