Hash Join  (cost=98864.94..691640.44 rows=8860767 width=0) (actual time=5761.522..40034.242 rows=5788204 loops=1)
  Hash Cond: (mi.movie_id = t.id)
  ->  Seq Scan on movie_info mi  (cost=0.00..309384.22 rows=14739122 width=4) (actual time=0.019..21237.490 rows=14835720 loops=1)
  ->  Hash  (cost=73925.90..73925.90 rows=1520083 width=4) (actual time=5760.062..5760.062 rows=1507233 loops=1)
        Buckets: 131072  Batches: 32  Memory Usage: 2686kB
        ->  Seq Scan on title t  (cost=0.00..73925.90 rows=1520083 width=4) (actual time=0.026..4694.116 rows=1507233 loops=1)
              Filter: ((kind_id > 1) AND (production_year < 2011))
              Rows Removed by Filter: 1021079
Planning time: 0.734 ms
Execution time: 40814.592 ms
