Hash Join  (cost=452627.88..579662.79 rows=413088 width=0) (actual time=28629.936..30804.543 rows=895868 loops=1)
  Hash Cond: (mk.movie_id = t.id)
  ->  Seq Scan on movie_keyword mk  (cost=0.00..69693.30 rows=4523930 width=4) (actual time=0.021..4627.200 rows=4523930 loops=1)
  ->  Hash  (cost=448839.83..448839.83 rows=230884 width=8) (actual time=23347.033..23347.033 rows=166649 loops=1)
        Buckets: 131072  Batches: 4  Memory Usage: 2621kB
        ->  Hash Join  (cost=89472.60..448839.83 rows=230884 width=8) (actual time=5491.914..23278.026 rows=166649 loops=1)
              Hash Cond: (mi.movie_id = t.id)
              ->  Seq Scan on movie_info mi  (cost=0.00..346232.03 rows=616095 width=4) (actual time=0.011..16706.822 rows=598457 loops=1)
                    Filter: (info_type_id = 15)
                    Rows Removed by Filter: 14237263
              ->  Hash  (cost=73925.90..73925.90 rows=947576 width=4) (actual time=5490.640..5490.640 rows=876037 loops=1)
                    Buckets: 131072  Batches: 16  Memory Usage: 2955kB
                    ->  Seq Scan on title t  (cost=0.00..73925.90 rows=947576 width=4) (actual time=81.203..4407.087 rows=876037 loops=1)
                          Filter: ((production_year < 2007) AND (kind_id = 7))
                          Rows Removed by Filter: 1652275
Planning time: 9.364 ms
Execution time: 30945.219 ms
