Seq Scan on movie_keyword mk  (cost=0.00..81003.12 rows=246 width=0) (actual time=13.213..2949.087 rows=86 loops=1)
  Filter: (keyword_id = 7793)
  Rows Removed by Filter: 4523844
Planning time: 0.369 ms
Execution time: 2949.241 ms
