Hash Join  (cost=190230.21..330155.91 rows=1716548 width=0) (actual time=10448.397..21343.461 rows=7287114 loops=1)
  Hash Cond: (mk.movie_id = t.id)
  ->  Seq Scan on movie_keyword mk  (cost=0.00..81003.12 rows=3145092 width=4) (actual time=0.027..5764.910 rows=3129446 loops=1)
        Filter: (keyword_id < 12015)
        Rows Removed by Filter: 1394484
  ->  Hash  (cost=167588.78..167588.78 rows=1380035 width=8) (actual time=10446.776..10446.776 rows=1380035 loops=1)
        Buckets: 131072  Batches: 32  Memory Usage: 2726kB
        ->  Hash Join  (cost=102767.86..167588.78 rows=1380035 width=8) (actual time=5889.905..9876.827 rows=1380035 loops=1)
              Hash Cond: (mi_idx.movie_id = t.id)
              ->  Seq Scan on movie_info_idx mi_idx  (cost=0.00..21735.35 rows=1380035 width=4) (actual time=0.009..1813.816 rows=1380035 loops=1)
              ->  Hash  (cost=61283.27..61283.27 rows=2528527 width=4) (actual time=5883.763..5883.763 rows=2528312 loops=1)
                    Buckets: 131072  Batches: 64  Memory Usage: 2415kB
                    ->  Seq Scan on title t  (cost=0.00..61283.27 rows=2528527 width=4) (actual time=0.007..4474.108 rows=2528312 loops=1)
Planning time: 1.147 ms
Execution time: 22606.366 ms
