Nested Loop  (cost=0.43..83071.67 rows=246 width=0) (actual time=13.914..3352.815 rows=42 loops=1)
  ->  Seq Scan on movie_keyword mk  (cost=0.00..81003.12 rows=246 width=4) (actual time=13.841..3336.435 rows=42 loops=1)
        Filter: (keyword_id = 53738)
        Rows Removed by Filter: 4523888
  ->  Index Only Scan using title_pkey on title t  (cost=0.43..8.40 rows=1 width=4) (actual time=0.384..0.384 rows=1 loops=42)
        Index Cond: (id = mk.movie_id)
        Heap Fetches: 42
Planning time: 0.773 ms
Execution time: 3352.951 ms
