Seq Scan on cast_info ci  (cost=0.00..705507.15 rows=17020708 width=0) (actual time=2822.966..39258.000 rows=17143980 loops=1)
  Filter: (person_id > 1907525)
  Rows Removed by Filter: 19100364
Planning time: 0.385 ms
Execution time: 42585.079 ms
