Hash Join  (cost=102767.86..213051.73 rows=806323 width=0) (actual time=5657.583..10718.449 rows=808312 loops=1)
  Hash Cond: (mk.movie_id = t.id)
  ->  Seq Scan on movie_keyword mk  (cost=0.00..81003.12 rows=806323 width=4) (actual time=0.021..3871.382 rows=808312 loops=1)
        Filter: (keyword_id < 783)
        Rows Removed by Filter: 3715618
  ->  Hash  (cost=61283.27..61283.27 rows=2528527 width=4) (actual time=5656.283..5656.283 rows=2528312 loops=1)
        Buckets: 131072  Batches: 64  Memory Usage: 2425kB
        ->  Seq Scan on title t  (cost=0.00..61283.27 rows=2528527 width=4) (actual time=0.011..4171.296 rows=2528312 loops=1)
Planning time: 0.736 ms
Execution time: 10826.835 ms
