Seq Scan on movie_keyword mk  (cost=0.00..81003.12 rows=1237074 width=0) (actual time=0.025..1447.684 rows=1249456 loops=1)
  Filter: (keyword_id > 14438)
  Rows Removed by Filter: 3274474
Planning time: 0.318 ms
Execution time: 1607.501 ms
