Seq Scan on title t  (cost=0.00..73925.90 rows=2905 width=0) (actual time=0.832..3805.755 rows=9474 loops=1)
  Filter: ((kind_id < 7) AND (production_year = 1991))
  Rows Removed by Filter: 2518838
Planning time: 0.390 ms
Execution time: 3808.089 ms
