Hash Join  (cost=114895.04..627152.49 rows=661573 width=0) (actual time=6773.290..42968.008 rows=3880268 loops=1)
  Hash Cond: (mi.movie_id = t.id)
  ->  Seq Scan on movie_info mi  (cost=0.00..346232.03 rows=13745523 width=4) (actual time=0.025..24911.201 rows=13782835 loops=1)
        Filter: (info_type_id < 78)
        Rows Removed by Filter: 1052885
  ->  Hash  (cost=112897.81..112897.81 rows=121698 width=8) (actual time=6086.203..6086.203 rows=209880 loops=1)
        Buckets: 131072 (originally 131072)  Batches: 4 (originally 2)  Memory Usage: 3083kB
        ->  Hash Join  (cost=78556.72..112897.81 rows=121698 width=8) (actual time=4004.842..5979.824 rows=209880 loops=1)
              Hash Cond: (mi_idx.movie_id = t.id)
              ->  Seq Scan on movie_info_idx mi_idx  (cost=0.00..25185.44 rows=460978 width=4) (actual time=0.011..1430.649 rows=459925 loops=1)
                    Filter: (info_type_id < 100)
                    Rows Removed by Filter: 920110
              ->  Hash  (cost=67604.59..67604.59 rows=667531 width=4) (actual time=4003.802..4003.802 rows=662825 loops=1)
                    Buckets: 131072  Batches: 16  Memory Usage: 2476kB
                    ->  Seq Scan on title t  (cost=0.00..67604.59 rows=667531 width=4) (actual time=977.406..3732.801 rows=662825 loops=1)
                          Filter: (kind_id = 1)
                          Rows Removed by Filter: 1865487
Planning time: 1.134 ms
Execution time: 43572.203 ms
