Seq Scan on movie_keyword mk  (cost=0.00..81003.12 rows=2520759 width=0) (actual time=0.014..4829.022 rows=2516619 loops=1)
  Filter: (keyword_id > 3573)
  Rows Removed by Filter: 2007311
Planning time: 0.300 ms
Execution time: 5337.440 ms
