Seq Scan on cast_info ci  (cost=0.00..796071.18 rows=21653727 width=0) (actual time=0.021..16238.830 rows=23850094 loops=1)
  Filter: ((person_id < 2563801) AND (role_id < 10))
  Rows Removed by Filter: 12394250
Planning time: 0.372 ms
Execution time: 19197.417 ms
