Hash Join  (cost=110567.29..475244.19 rows=2096 width=0) (actual time=4613.687..24496.301 rows=4811 loops=1)
  Hash Cond: (mi.movie_id = t.id)
  ->  Seq Scan on movie_info mi  (cost=0.00..309384.22 rows=14739122 width=4) (actual time=0.012..16655.031 rows=14835720 loops=1)
  ->  Hash  (cost=110562.79..110562.79 rows=360 width=8) (actual time=4350.308..4350.308 rows=76 loops=1)
        Buckets: 1024  Batches: 1  Memory Usage: 11kB
        ->  Nested Loop  (cost=0.43..110562.79 rows=360 width=8) (actual time=0.115..4350.156 rows=76 loops=1)
              ->  Seq Scan on movie_keyword mk  (cost=0.00..81003.12 rows=3921 width=4) (actual time=0.066..3769.116 rows=3426 loops=1)
                    Filter: (keyword_id = 562)
                    Rows Removed by Filter: 4520504
              ->  Index Scan using title_pkey on title t  (cost=0.43..7.53 rows=1 width=4) (actual time=0.169..0.169 rows=0 loops=3426)
                    Index Cond: (id = mk.movie_id)
                    Filter: (production_year > 2011)
                    Rows Removed by Filter: 1
Planning time: 1.154 ms
Execution time: 24497.595 ms
