Hash Join  (cost=120159.93..608315.48 rows=782461 width=0) (actual time=7544.754..39649.298 rows=5774799 loops=1)
  Hash Cond: (mi.movie_id = t.id)
  ->  Seq Scan on movie_info mi  (cost=0.00..309384.22 rows=14739122 width=4) (actual time=0.015..20940.195 rows=14835720 loops=1)
  ->  Hash  (cost=117957.02..117957.02 rows=134233 width=8) (actual time=7541.278..7541.278 rows=308181 loops=1)
        Buckets: 131072 (originally 131072)  Batches: 4 (originally 2)  Memory Usage: 4056kB
        ->  Hash Join  (cost=77961.21..117957.02 rows=134233 width=8) (actual time=4162.785..7430.152 rows=308181 loops=1)
              Hash Cond: (mi_idx.movie_id = t.id)
              ->  Seq Scan on movie_info_idx mi_idx  (cost=0.00..21735.35 rows=1380035 width=4) (actual time=0.021..1666.656 rows=1380035 loops=1)
              ->  Hash  (cost=73925.90..73925.90 rows=245944 width=4) (actual time=4161.976..4161.976 rows=357497 loops=1)
                    Buckets: 131072 (originally 131072)  Batches: 8 (originally 4)  Memory Usage: 3073kB
                    ->  Seq Scan on title t  (cost=0.00..73925.90 rows=245944 width=4) (actual time=0.071..3650.237 rows=357497 loops=1)
                          Filter: ((kind_id < 7) AND (production_year < 1987))
                          Rows Removed by Filter: 2170815
Planning time: 1.120 ms
Execution time: 40473.066 ms
