Seq Scan on movie_keyword mk  (cost=0.00..81003.12 rows=3121436 width=0) (actual time=0.016..4704.872 rows=3107225 loops=1)
  Filter: (keyword_id < 11792)
  Rows Removed by Filter: 1416705
Planning time: 0.311 ms
Execution time: 5397.559 ms
