Hash Join  (cost=78440.87..1210580.52 rows=3661110 width=0) (actual time=3813.523..78289.262 rows=5183586 loops=1)
  Hash Cond: (ci.movie_id = t.id)
  ->  Seq Scan on cast_info ci  (cost=0.00..705507.15 rows=33638506 width=4) (actual time=0.027..50265.827 rows=33706859 loops=1)
        Filter: (person_id > 245050)
        Rows Removed by Filter: 2537485
  ->  Hash  (cost=73925.90..73925.90 rows=275197 width=4) (actual time=3812.580..3812.580 rows=414389 loops=1)
        Buckets: 131072 (originally 131072)  Batches: 8 (originally 4)  Memory Usage: 3073kB
        ->  Seq Scan on title t  (cost=0.00..73925.90 rows=275197 width=4) (actual time=0.050..3600.275 rows=414389 loops=1)
              Filter: ((kind_id < 4) AND (production_year < 1995))
              Rows Removed by Filter: 2113923
Planning time: 0.736 ms
Execution time: 79013.776 ms
