Hash Join  (cost=452170.44..577076.82 rows=238334 width=0) (actual time=22867.825..31346.068 rows=3792762 loops=1)
  Hash Cond: (mk.movie_id = t.id)
  ->  Seq Scan on movie_keyword mk  (cost=0.00..69693.30 rows=4523930 width=4) (actual time=0.018..4663.610 rows=4523930 loops=1)
  ->  Hash  (cost=449984.32..449984.32 rows=133210 width=8) (actual time=22866.962..22866.962 rows=209094 loops=1)
        Buckets: 131072 (originally 131072)  Batches: 4 (originally 2)  Memory Usage: 3073kB
        ->  Hash Join  (cost=76444.38..449984.32 rows=133210 width=8) (actual time=4915.477..22783.336 rows=209094 loops=1)
              Hash Cond: (mi.movie_id = t.id)
              ->  Seq Scan on movie_info mi  (cost=0.00..346232.03 rows=2194617 width=4) (actual time=656.185..16750.425 rows=2233850 loops=1)
                    Filter: (info_type_id > 16)
                    Rows Removed by Filter: 12601870
              ->  Hash  (cost=73925.90..73925.90 rows=153478 width=4) (actual time=4082.799..4082.799 rows=134760 loops=1)
                    Buckets: 131072  Batches: 4  Memory Usage: 2222kB
                    ->  Seq Scan on title t  (cost=0.00..73925.90 rows=153478 width=4) (actual time=0.084..4016.681 rows=134760 loops=1)
                          Filter: ((kind_id < 7) AND (production_year > 2010))
                          Rows Removed by Filter: 2393552
Planning time: 4.995 ms
Execution time: 32055.366 ms
