Hash Join  (cost=513437.85..626673.54 rows=851009 width=0) (actual time=21422.185..28392.204 rows=1830791 loops=1)
  Hash Cond: (mk.movie_id = t.id)
  ->  Seq Scan on movie_keyword mk  (cost=0.00..81003.12 rows=1596127 width=4) (actual time=0.015..4567.931 rows=1603186 loops=1)
        Filter: (keyword_id < 2485)
        Rows Removed by Filter: 2920744
  ->  Hash  (cost=491319.12..491319.12 rows=1348138 width=8) (actual time=21421.064..21421.064 rows=1298989 loops=1)
        Buckets: 131072  Batches: 32  Memory Usage: 2610kB
        ->  Hash Join  (cost=102767.86..491319.12 rows=1348138 width=8) (actual time=9166.267..20992.229 rows=1298989 loops=1)
              Hash Cond: (mi.movie_id = t.id)
              ->  Seq Scan on movie_info mi  (cost=0.00..346232.03 rows=1348138 width=4) (actual time=4823.159..15005.093 rows=1298989 loops=1)
                    Filter: (info_type_id = 4)
                    Rows Removed by Filter: 13536731
              ->  Hash  (cost=61283.27..61283.27 rows=2528527 width=4) (actual time=4341.845..4341.845 rows=2528312 loops=1)
                    Buckets: 131072  Batches: 64  Memory Usage: 2425kB
                    ->  Seq Scan on title t  (cost=0.00..61283.27 rows=2528527 width=4) (actual time=0.014..3251.542 rows=2528312 loops=1)
Planning time: 1.082 ms
Execution time: 28641.618 ms
