Seq Scan on title t  (cost=0.00..67604.59 rows=1858636 width=0) (actual time=0.021..1134.168 rows=1852807 loops=1)
  Filter: (production_year > 1985)
  Rows Removed by Filter: 675505
Planning time: 0.334 ms
Execution time: 1362.259 ms
