Hash Join  (cost=159160.49..656756.38 rows=1667196 width=0) (actual time=9158.217..49450.603 rows=32805003 loops=1)
  Hash Cond: (mi.movie_id = t.id)
  ->  Seq Scan on movie_info mi  (cost=0.00..309384.22 rows=14739122 width=4) (actual time=0.010..20926.092 rows=14835720 loops=1)
  ->  Hash  (cost=154467.35..154467.35 rows=286011 width=8) (actual time=9157.268..9157.268 rows=694242 loops=1)
        Buckets: 131072 (originally 131072)  Batches: 8 (originally 4)  Memory Usage: 4503kB
        ->  Hash Join  (cost=83198.94..154467.35 rows=286011 width=8) (actual time=4829.811..8902.727 rows=694242 loops=1)
              Hash Cond: (mc.movie_id = t.id)
              ->  Seq Scan on movie_companies mc  (cost=0.00..51404.11 rows=1279517 width=4) (actual time=267.991..3127.944 rows=1274246 loops=1)
                    Filter: (company_type_id = 1)
                    Rows Removed by Filter: 1334883
              ->  Hash  (cost=73925.90..73925.90 rows=565203 width=4) (actual time=4560.697..4560.697 rows=641785 loops=1)
                    Buckets: 131072  Batches: 8  Memory Usage: 3862kB
                    ->  Seq Scan on title t  (cost=0.00..73925.90 rows=565203 width=4) (actual time=0.049..3579.965 rows=641785 loops=1)
                          Filter: ((kind_id < 7) AND (production_year < 2006))
                          Rows Removed by Filter: 1886527
Planning time: 1.294 ms
Execution time: 54097.089 ms
