Hash Join  (cost=94666.80..135279.62 rows=303055 width=0) (actual time=5549.697..7790.148 rows=277936 loops=1)
  Hash Cond: (mi_idx.movie_id = t.id)
  ->  Seq Scan on movie_info_idx mi_idx  (cost=0.00..25185.44 rows=464566 width=4) (actual time=0.026..1458.839 rows=459925 loops=1)
        Filter: (info_type_id = 101)
        Rows Removed by Filter: 920110
  ->  Hash  (cost=67604.59..67604.59 rows=1649457 width=4) (actual time=5548.788..5548.788 rows=1643514 loops=1)
        Buckets: 131072  Batches: 32  Memory Usage: 2831kB
        ->  Seq Scan on title t  (cost=0.00..67604.59 rows=1649457 width=4) (actual time=0.023..4722.799 rows=1643514 loops=1)
              Filter: (production_year > 1994)
              Rows Removed by Filter: 884798
Planning time: 0.695 ms
Execution time: 7831.477 ms
