Hash Join  (cost=100529.86..192769.90 rows=20909 width=0) (actual time=5418.197..11103.489 rows=12831 loops=1)
  Hash Cond: (mk.movie_id = t.id)
  ->  Seq Scan on movie_keyword mk  (cost=0.00..81003.12 rows=2940753 width=4) (actual time=0.015..5004.485 rows=2932928 loops=1)
        Filter: (keyword_id > 2439)
        Rows Removed by Filter: 1591002
  ->  Hash  (cost=100305.13..100305.13 rows=17978 width=8) (actual time=5417.696..5417.696 rows=6360 loops=1)
        Buckets: 32768  Batches: 1  Memory Usage: 505kB
        ->  Hash Join  (cost=69223.25..100305.13 rows=17978 width=8) (actual time=3733.538..5407.853 rows=6360 loops=1)
              Hash Cond: (mi_idx.movie_id = t.id)
              ->  Seq Scan on movie_info_idx mi_idx  (cost=0.00..25185.44 rows=460978 width=4) (actual time=0.019..1435.401 rows=459925 loops=1)
                    Filter: (info_type_id = 99)
                    Rows Removed by Filter: 920110
              ->  Hash  (cost=67604.59..67604.59 rows=98613 width=4) (actual time=3732.293..3732.293 rows=98579 loops=1)
                    Buckets: 131072  Batches: 2  Memory Usage: 2754kB
                    ->  Seq Scan on title t  (cost=0.00..67604.59 rows=98613 width=4) (actual time=131.657..3691.043 rows=98579 loops=1)
                          Filter: (production_year < 1924)
                          Rows Removed by Filter: 2429733
Planning time: 1.083 ms
Execution time: 11105.911 ms
