Seq Scan on title t  (cost=0.00..73925.90 rows=53158 width=0) (actual time=1525.115..3655.008 rows=2 loops=1)
  Filter: ((production_year < 1920) AND (kind_id = 7))
  Rows Removed by Filter: 2528310
Planning time: 0.320 ms
Execution time: 3655.127 ms
