Seq Scan on movie_keyword mk  (cost=0.00..81003.12 rows=246 width=0) (actual time=0.098..3877.362 rows=393 loops=1)
  Filter: (keyword_id = 71672)
  Rows Removed by Filter: 4523537
Planning time: 0.327 ms
Execution time: 3877.667 ms
