Hash Join  (cost=74456.32..882386.86 rows=50799 width=0) (actual time=2738.468..40146.227 rows=149653 loops=1)
  Hash Cond: (ci.movie_id = t.id)
  ->  Seq Scan on cast_info ci  (cost=0.00..796071.18 rows=3027034 width=4) (actual time=0.023..34788.699 rows=7273090 loops=1)
        Filter: ((person_id > 2796575) AND (role_id > 3))
        Rows Removed by Filter: 28971254
  ->  Hash  (cost=73925.90..73925.90 rows=42433 width=4) (actual time=2738.095..2738.095 rows=37411 loops=1)
        Buckets: 65536  Batches: 1  Memory Usage: 1828kB
        ->  Seq Scan on title t  (cost=0.00..73925.90 rows=42433 width=4) (actual time=0.011..2723.186 rows=37411 loops=1)
              Filter: ((kind_id = 1) AND (production_year = 2011))
              Rows Removed by Filter: 2490901
Planning time: 0.769 ms
Execution time: 40178.610 ms
