Seq Scan on movie_companies mc  (cost=0.00..57926.93 rows=53 width=0) (actual time=0.289..2570.207 rows=63 loops=1)
  Filter: ((company_id = 61262) AND (company_type_id = 2))
  Rows Removed by Filter: 2609066
Planning time: 12.467 ms
Execution time: 2570.357 ms
