Hash Join  (cost=74060.24..160910.56 rows=19228 width=0) (actual time=2786.727..7741.330 rows=45324 loops=1)
  Hash Cond: (mk.movie_id = t.id)
  ->  Seq Scan on movie_keyword mk  (cost=0.00..69693.30 rows=4523930 width=4) (actual time=0.014..3753.214 rows=4523930 loops=1)
  ->  Hash  (cost=73925.90..73925.90 rows=10747 width=4) (actual time=2786.010..2786.010 rows=6468 loops=1)
        Buckets: 16384  Batches: 1  Memory Usage: 356kB
        ->  Seq Scan on title t  (cost=0.00..73925.90 rows=10747 width=4) (actual time=1273.645..2782.781 rows=6468 loops=1)
              Filter: ((kind_id = 1) AND (production_year = 1997))
              Rows Removed by Filter: 2521844
Planning time: 0.797 ms
Execution time: 7751.828 ms
