Hash Join  (cost=93093.72..1440835.61 rows=20619494 width=0) (actual time=4890.149..82424.749 rows=19815172 loops=1)
  Hash Cond: (ci.movie_id = t.id)
  ->  Seq Scan on cast_info ci  (cost=0.00..705507.15 rows=33558560 width=4) (actual time=0.020..46182.606 rows=33536804 loops=1)
        Filter: (person_id < 3542798)
        Rows Removed by Filter: 2707540
  ->  Hash  (cost=67604.59..67604.59 rows=1553611 width=4) (actual time=4889.473..4889.473 rows=1555864 loops=1)
        Buckets: 131072  Batches: 32  Memory Usage: 2734kB
        ->  Seq Scan on title t  (cost=0.00..67604.59 rows=1553611 width=4) (actual time=0.172..4247.716 rows=1555864 loops=1)
              Filter: (kind_id > 4)
              Rows Removed by Filter: 972448
Planning time: 0.699 ms
Execution time: 85010.746 ms
