Hash Join  (cost=83074.74..833899.15 rows=3524 width=0) (actual time=4124.598..50375.790 rows=192246 loops=1)
  Hash Cond: (ci.movie_id = t.id)
  ->  Seq Scan on cast_info ci  (cost=0.00..614943.12 rows=36225612 width=4) (actual time=0.022..34947.455 rows=36244344 loops=1)
  ->  Hash  (cost=83071.67..83071.67 rows=246 width=8) (actual time=4124.443..4124.443 rows=3076 loops=1)
        Buckets: 4096 (originally 1024)  Batches: 1 (originally 1)  Memory Usage: 153kB
        ->  Nested Loop  (cost=0.43..83071.67 rows=246 width=8) (actual time=0.229..4122.036 rows=3076 loops=1)
              ->  Seq Scan on movie_keyword mk  (cost=0.00..81003.12 rows=246 width=4) (actual time=0.175..3599.953 rows=3076 loops=1)
                    Filter: (keyword_id = 2199)
                    Rows Removed by Filter: 4520854
              ->  Index Only Scan using title_pkey on title t  (cost=0.43..8.40 rows=1 width=4) (actual time=0.165..0.168 rows=1 loops=3076)
                    Index Cond: (id = mk.movie_id)
                    Heap Fetches: 3076
Planning time: 2.013 ms
Execution time: 50423.085 ms
