Hash Join  (cost=166726.65..193898.76 rows=26162 width=0) (actual time=8245.287..8674.543 rows=16932 loops=1)
  Hash Cond: (mi_idx.movie_id = t.id)
  ->  Seq Scan on movie_info_idx mi_idx  (cost=0.00..21735.35 rows=1380035 width=4) (actual time=0.013..974.721 rows=1380035 loops=1)
  ->  Hash  (cost=166127.48..166127.48 rows=47934 width=8) (actual time=7318.121..7318.121 rows=9069 loops=1)
        Buckets: 65536  Batches: 1  Memory Usage: 867kB
        ->  Hash Join  (cost=77854.63..166127.48 rows=47934 width=8) (actual time=4094.520..7314.493 rows=9069 loops=1)
              Hash Cond: (mk.movie_id = t.id)
              ->  Seq Scan on movie_keyword mk  (cost=0.00..81003.12 rows=506236 width=4) (actual time=0.017..3586.840 rows=498131 loops=1)
                    Filter: (keyword_id > 36217)
                    Rows Removed by Filter: 4025799
              ->  Hash  (cost=73925.90..73925.90 rows=239418 width=4) (actual time=3394.529..3394.529 rows=256906 loops=1)
                    Buckets: 131072  Batches: 4  Memory Usage: 3302kB
                    ->  Seq Scan on title t  (cost=0.00..73925.90 rows=239418 width=4) (actual time=209.243..3097.677 rows=256906 loops=1)
                          Filter: ((production_year > 2010) AND (kind_id = 7))
                          Rows Removed by Filter: 2271406
Planning time: 1.340 ms
Execution time: 8676.916 ms
