Hash Join  (cost=83810.17..924048.36 rows=1017868 width=0) (actual time=12389.293..48200.646 rows=1026488 loops=1)
  Hash Cond: (ci.movie_id = t.id)
  ->  Seq Scan on cast_info ci  (cost=0.00..796071.18 rows=2605686 width=4) (actual time=7620.919..41036.019 rows=3054217 loops=1)
        Filter: ((person_id > 1238670) AND (role_id = 3))
        Rows Removed by Filter: 33190127
  ->  Hash  (cost=67604.59..67604.59 rows=987727 width=4) (actual time=4767.276..4767.276 rows=985048 loops=1)
        Buckets: 131072  Batches: 16  Memory Usage: 3188kB
        ->  Seq Scan on title t  (cost=0.00..67604.59 rows=987727 width=4) (actual time=0.047..4371.887 rows=985048 loops=1)
              Filter: (kind_id < 7)
              Rows Removed by Filter: 1543264
Planning time: 12.395 ms
Execution time: 48325.634 ms
