Seq Scan on cast_info ci  (cost=0.00..796071.18 rows=324 width=0) (actual time=1989.878..12643.038 rows=71 loops=1)
  Filter: ((role_id > 1) AND (person_id = 3510999))
  Rows Removed by Filter: 36244273
Planning time: 0.462 ms
Execution time: 12643.160 ms
