Hash Join  (cost=160737.19..868002.44 rows=719 width=0) (actual time=9961.249..33069.458 rows=29 loops=1)
  Hash Cond: (ci.movie_id = t.id)
  ->  Seq Scan on cast_info ci  (cost=0.00..705507.15 rows=350181 width=4) (actual time=2062.836..25291.430 rows=316118 loops=1)
        Filter: (role_id > 10)
        Rows Removed by Filter: 35928226
  ->  Hash  (cost=160672.23..160672.23 rows=5197 width=8) (actual time=7733.222..7733.222 rows=380 loops=1)
        Buckets: 8192  Batches: 1  Memory Usage: 79kB
        ->  Hash Join  (cost=73962.22..160672.23 rows=5197 width=8) (actual time=3924.062..7732.829 rows=380 loops=1)
              Hash Cond: (mk.movie_id = t.id)
              ->  Seq Scan on movie_keyword mk  (cost=0.00..69693.30 rows=4523930 width=4) (actual time=0.025..3381.608 rows=4523930 loops=1)
              ->  Hash  (cost=73925.90..73925.90 rows=2905 width=4) (actual time=3363.646..3363.646 rows=1747 loops=1)
                    Buckets: 4096  Batches: 1  Memory Usage: 94kB
                    ->  Seq Scan on title t  (cost=0.00..73925.90 rows=2905 width=4) (actual time=0.082..3362.452 rows=1747 loops=1)
                          Filter: ((kind_id < 7) AND (production_year = 1901))
                          Rows Removed by Filter: 2526565
Planning time: 1.055 ms
Execution time: 33069.559 ms
