Hash Join  (cost=83074.74..109963.59 rows=44 width=0) (actual time=1209.123..1659.603 rows=790 loops=1)
  Hash Cond: (mi_idx.movie_id = t.id)
  ->  Seq Scan on movie_info_idx mi_idx  (cost=0.00..25185.44 rows=454124 width=4) (actual time=0.022..382.313 rows=459925 loops=1)
        Filter: (info_type_id = 100)
        Rows Removed by Filter: 920110
  ->  Hash  (cost=83071.67..83071.67 rows=246 width=8) (actual time=1206.865..1206.865 rows=1768 loops=1)
        Buckets: 2048 (originally 1024)  Batches: 1 (originally 1)  Memory Usage: 86kB
        ->  Nested Loop  (cost=0.43..83071.67 rows=246 width=8) (actual time=8.598..1205.561 rows=1768 loops=1)
              ->  Seq Scan on movie_keyword mk  (cost=0.00..81003.12 rows=246 width=4) (actual time=8.518..1158.832 rows=1768 loops=1)
                    Filter: (keyword_id = 16141)
                    Rows Removed by Filter: 4522162
              ->  Index Only Scan using title_pkey on title t  (cost=0.43..8.40 rows=1 width=4) (actual time=0.025..0.025 rows=1 loops=1768)
                    Index Cond: (id = mk.movie_id)
                    Heap Fetches: 1768
Planning time: 1.156 ms
Execution time: 1659.933 ms
