Hash Join  (cost=160232.35..244904.75 rows=697988 width=0) (actual time=7609.697..12313.637 rows=1163598 loops=1)
  Hash Cond: (mc.movie_id = t.id)
  ->  Seq Scan on movie_companies mc  (cost=0.00..44881.29 rows=2609129 width=4) (actual time=0.023..2897.158 rows=2609129 loops=1)
  ->  Hash  (cost=149134.02..149134.02 rows=676426 width=8) (actual time=7608.719..7608.719 rows=500090 loops=1)
        Buckets: 131072  Batches: 16  Memory Usage: 2253kB
        ->  Hash Join  (cost=98137.04..149134.02 rows=676426 width=8) (actual time=5253.724..7464.118 rows=500090 loops=1)
              Hash Cond: (mi_idx.movie_id = t.id)
              ->  Seq Scan on movie_info_idx mi_idx  (cost=0.00..25185.44 rows=919057 width=4) (actual time=0.013..1287.889 rows=920110 loops=1)
                    Filter: (info_type_id > 99)
                    Rows Removed by Filter: 459925
              ->  Hash  (cost=67604.59..67604.59 rows=1860996 width=4) (actual time=5252.874..5252.874 rows=1865487 loops=1)
                    Buckets: 131072  Batches: 32  Memory Usage: 3079kB
                    ->  Seq Scan on title t  (cost=0.00..67604.59 rows=1860996 width=4) (actual time=0.011..4487.673 rows=1865487 loops=1)
                          Filter: (kind_id > 1)
                          Rows Removed by Filter: 662825
Planning time: 0.971 ms
Execution time: 12460.455 ms
