Nested Loop  (cost=0.43..709673.15 rows=132 width=0) (actual time=1109.473..10571.044 rows=4 loops=1)
  ->  Seq Scan on cast_info ci  (cost=0.00..705507.15 rows=500 width=4) (actual time=1109.409..10570.759 rows=4 loops=1)
        Filter: (person_id = 3284192)
        Rows Removed by Filter: 36244340
  ->  Index Scan using title_pkey on title t  (cost=0.43..8.32 rows=1 width=4) (actual time=0.042..0.043 rows=1 loops=4)
        Index Cond: (id = ci.movie_id)
        Filter: (kind_id = 1)
Planning time: 0.727 ms
Execution time: 10571.151 ms
