Hash Join  (cost=85727.72..873309.92 rows=3891127 width=169) (actual time=1770.429..23137.835 rows=8301049 loops=1)
  Hash Cond: (mi.movie_id = t.id)
  ->  Seq Scan on movie_info mi  (cost=0.00..309384.22 rows=14739122 width=75) (actual time=0.013..7569.359 rows=14835720 loops=1)
  ->  Hash  (cost=67604.59..67604.59 rows=667531 width=94) (actual time=1617.850..1617.850 rows=662825 loops=1)
        Buckets: 32768  Batches: 32  Memory Usage: 2505kB
        ->  Seq Scan on title t  (cost=0.00..67604.59 rows=667531 width=94) (actual time=0.014..1372.387 rows=662825 loops=1)
              Filter: (kind_id = 1)
              Rows Removed by Filter: 1865487
Planning time: 0.757 ms
Execution time: 23574.015 ms
