Seq Scan on movie_companies mc  (cost=0.00..57926.93 rows=462671 width=0) (actual time=897.581..2128.730 rows=787352 loops=1)
  Filter: ((company_id > 20366) AND (company_type_id > 1))
  Rows Removed by Filter: 1821777
Planning time: 0.215 ms
Execution time: 2235.724 ms
