Hash Join  (cost=96018.85..465137.93 rows=77247 width=0) (actual time=8483.818..20520.833 rows=59052 loops=1)
  Hash Cond: (mi.movie_id = t.id)
  ->  Seq Scan on movie_info mi  (cost=0.00..346232.03 rows=5897221 width=4) (actual time=3516.189..14495.308 rows=5884963 loops=1)
        Filter: (info_type_id < 7)
        Rows Removed by Filter: 8950757
  ->  Hash  (cost=95604.84..95604.84 rows=33121 width=8) (actual time=4695.252..4695.252 rows=12906 loops=1)
        Buckets: 65536  Batches: 1  Memory Usage: 1017kB
        ->  Hash Join  (cost=68363.15..95604.84 rows=33121 width=8) (actual time=3684.427..4689.723 rows=12906 loops=1)
              Hash Cond: (mi_idx.movie_id = t.id)
              ->  Seq Scan on movie_info_idx mi_idx  (cost=0.00..21735.35 rows=1380035 width=4) (actual time=0.027..926.278 rows=1380035 loops=1)
              ->  Hash  (cost=67604.59..67604.59 rows=60685 width=4) (actual time=3328.679..3328.679 rows=59847 loops=1)
                    Buckets: 65536  Batches: 1  Memory Usage: 2616kB
                    ->  Seq Scan on title t  (cost=0.00..67604.59 rows=60685 width=4) (actual time=973.773..3293.655 rows=59847 loops=1)
                          Filter: (production_year < 1915)
                          Rows Removed by Filter: 2468465
Planning time: 10.056 ms
Execution time: 20530.012 ms
