Seq Scan on movie_keyword mk  (cost=0.00..81003.12 rows=3775829 width=0) (actual time=0.017..3422.423 rows=3769700 loops=1)
  Filter: (keyword_id < 24807)
  Rows Removed by Filter: 754230
Planning time: 0.327 ms
Execution time: 3945.670 ms
