Hash Join  (cost=915646.53..1278122.99 rows=86165 width=0) (actual time=49657.043..54464.014 rows=171318 loops=1)
  Hash Cond: (mi.movie_id = t.id)
  ->  Seq Scan on movie_info mi  (cost=0.00..346232.03 rows=1272478 width=4) (actual time=10809.874..14838.799 rows=1325361 loops=1)
        Filter: (info_type_id = 8)
        Rows Removed by Filter: 13510359
  ->  Hash  (cost=912837.31..912837.31 rows=171217 width=8) (actual time=38846.285..38846.285 rows=243433 loops=1)
        Buckets: 131072  Batches: 4  Memory Usage: 3408kB
        ->  Hash Join  (cost=102767.86..912837.31 rows=171217 width=8) (actual time=36064.215..38748.016 rows=243433 loops=1)
              Hash Cond: (ci.movie_id = t.id)
              ->  Seq Scan on cast_info ci  (cost=0.00..796071.18 rows=171217 width=4) (actual time=31134.705..32988.371 rows=243433 loops=1)
                    Filter: ((person_id > 1830937) AND (role_id > 10))
                    Rows Removed by Filter: 36000911
              ->  Hash  (cost=61283.27..61283.27 rows=2528527 width=4) (actual time=4924.180..4924.180 rows=2528312 loops=1)
                    Buckets: 131072  Batches: 64  Memory Usage: 2415kB
                    ->  Seq Scan on title t  (cost=0.00..61283.27 rows=2528527 width=4) (actual time=0.029..3897.027 rows=2528312 loops=1)
Planning time: 1.119 ms
Execution time: 54490.574 ms
