Hash Join  (cost=73989.96..160330.30 rows=2869 width=0) (actual time=2710.167..6315.513 rows=13488 loops=1)
  Hash Cond: (mk.movie_id = t.id)
  ->  Seq Scan on movie_keyword mk  (cost=0.00..81003.12 rows=1415609 width=4) (actual time=0.017..3345.241 rows=1429133 loops=1)
        Filter: (keyword_id > 11662)
        Rows Removed by Filter: 3094797
  ->  Hash  (cost=73925.90..73925.90 rows=5124 width=4) (actual time=2709.736..2709.736 rows=9091 loops=1)
        Buckets: 16384 (originally 8192)  Batches: 1 (originally 1)  Memory Usage: 448kB
        ->  Seq Scan on title t  (cost=0.00..73925.90 rows=5124 width=4) (actual time=0.077..2705.330 rows=9091 loops=1)
              Filter: ((kind_id = 4) AND (production_year = 2007))
              Rows Removed by Filter: 2519221
Planning time: 15.118 ms
Execution time: 6317.936 ms
