Hash Join  (cost=156487.41..1207962.71 rows=3454029 width=0) (actual time=7604.370..60361.138 rows=6639323 loops=1)
  Hash Cond: (ci.movie_id = t.id)
  ->  Seq Scan on cast_info ci  (cost=0.00..796071.18 rows=18945820 width=4) (actual time=0.027..39800.895 rows=18764106 loops=1)
        Filter: ((person_id > 186518) AND (role_id < 3))
        Rows Removed by Filter: 17480238
  ->  Hash  (cost=148924.19..148924.19 rows=460978 width=8) (actual time=7603.531..7603.531 rows=459925 loops=1)
        Buckets: 131072  Batches: 8  Memory Usage: 3275kB
        ->  Hash Join  (cost=102767.86..148924.19 rows=460978 width=8) (actual time=5303.474..7446.422 rows=459925 loops=1)
              Hash Cond: (mi_idx.movie_id = t.id)
              ->  Seq Scan on movie_info_idx mi_idx  (cost=0.00..25185.44 rows=460978 width=4) (actual time=0.022..1266.955 rows=459925 loops=1)
                    Filter: (info_type_id < 100)
                    Rows Removed by Filter: 920110
              ->  Hash  (cost=61283.27..61283.27 rows=2528527 width=4) (actual time=5301.901..5301.901 rows=2528312 loops=1)
                    Buckets: 131072  Batches: 64  Memory Usage: 2415kB
                    ->  Seq Scan on title t  (cost=0.00..61283.27 rows=2528527 width=4) (actual time=0.012..4260.616 rows=2528312 loops=1)
Planning time: 7.237 ms
Execution time: 61179.784 ms
