Seq Scan on movie_companies mc  (cost=0.00..57926.93 rows=53 width=0) (actual time=21.419..680.959 rows=1814 loops=1)
  Filter: ((company_type_id > 1) AND (company_id = 4226))
  Rows Removed by Filter: 2607315
Planning time: 3.861 ms
Execution time: 681.363 ms
