Seq Scan on cast_info ci  (cost=0.00..705507.15 rows=3566826 width=0) (actual time=4124.925..11433.455 rows=3564883 loops=1)
  Filter: (person_id > 3415056)
  Rows Removed by Filter: 32679461
Planning time: 0.354 ms
Execution time: 11889.544 ms
