Hash Join  (cost=337086.61..2028370.36 rows=50778854 width=0) (actual time=7997.321..82927.907 rows=174173802 loops=1)
  Hash Cond: (ci.movie_id = t.id)
  ->  Seq Scan on cast_info ci  (cost=0.00..614943.12 rows=36225612 width=4) (actual time=0.013..13768.193 rows=36244344 loops=1)
  ->  Hash  (cost=278936.43..278936.43 rows=3544335 width=8) (actual time=7995.346..7995.346 rows=3535122 loops=1)
        Buckets: 131072  Batches: 64  Memory Usage: 3203kB
        ->  Hash Join  (cost=102767.86..278936.43 rows=3544335 width=8) (actual time=2004.603..6743.839 rows=3535122 loops=1)
              Hash Cond: (mk.movie_id = t.id)
              ->  Seq Scan on movie_keyword mk  (cost=0.00..81003.12 rows=3544335 width=4) (actual time=0.016..1804.704 rows=3535122 loops=1)
                    Filter: (keyword_id > 927)
                    Rows Removed by Filter: 988808
              ->  Hash  (cost=61283.27..61283.27 rows=2528527 width=4) (actual time=1997.420..1997.420 rows=2528312 loops=1)
                    Buckets: 131072  Batches: 64  Memory Usage: 2425kB
                    ->  Seq Scan on title t  (cost=0.00..61283.27 rows=2528527 width=4) (actual time=0.020..1134.143 rows=2528312 loops=1)
Planning time: 0.691 ms
Execution time: 102423.540 ms
