Hash Join  (cost=102767.86..200298.13 rows=276255 width=0) (actual time=5205.826..8310.258 rows=297420 loops=1)
  Hash Cond: (mk.movie_id = t.id)
  ->  Seq Scan on movie_keyword mk  (cost=0.00..81003.12 rows=276255 width=4) (actual time=0.028..2449.807 rows=297420 loops=1)
        Filter: (keyword_id < 243)
        Rows Removed by Filter: 4226510
  ->  Hash  (cost=61283.27..61283.27 rows=2528527 width=4) (actual time=5196.991..5196.991 rows=2528312 loops=1)
        Buckets: 131072  Batches: 64  Memory Usage: 2425kB
        ->  Seq Scan on title t  (cost=0.00..61283.27 rows=2528527 width=4) (actual time=0.018..4129.051 rows=2528312 loops=1)
Planning time: 0.655 ms
Execution time: 8345.812 ms
