Hash Join  (cost=28266.73..392922.72 rows=6 width=0) (actual time=431.181..7515.202 rows=1019 loops=1)
  Hash Cond: (mi.movie_id = t.id)
  ->  Seq Scan on movie_info mi  (cost=0.00..309384.22 rows=14739122 width=4) (actual time=0.022..4453.954 rows=14835720 loops=1)
  ->  Hash  (cost=28266.72..28266.72 rows=1 width=8) (actual time=422.179..422.179 rows=6 loops=1)
        Buckets: 1024  Batches: 1  Memory Usage: 9kB
        ->  Nested Loop  (cost=0.43..28266.72 rows=1 width=8) (actual time=304.833..422.164 rows=6 loops=1)
              ->  Seq Scan on movie_info_idx mi_idx  (cost=0.00..25185.44 rows=368 width=4) (actual time=304.575..408.198 rows=260 loops=1)
                    Filter: (info_type_id > 101)
                    Rows Removed by Filter: 1379775
              ->  Index Scan using title_pkey on title t  (cost=0.43..8.36 rows=1 width=4) (actual time=0.053..0.053 rows=0 loops=260)
                    Index Cond: (id = mi_idx.movie_id)
                    Filter: (production_year = 1957)
                    Rows Removed by Filter: 1
Planning time: 1.614 ms
Execution time: 7515.608 ms
