Hash Join  (cost=161781.83..547229.75 rows=236806 width=0) (actual time=3284.511..11716.463 rows=863902 loops=1)
  Hash Cond: (mi.movie_id = t.id)
  ->  Seq Scan on movie_info mi  (cost=0.00..309384.22 rows=14739122 width=4) (actual time=0.018..4778.837 rows=14835720 loops=1)
  ->  Hash  (cost=161274.02..161274.02 rows=40625 width=8) (actual time=3219.699..3219.699 rows=32752 loops=1)
        Buckets: 65536  Batches: 1  Memory Usage: 1792kB
        ->  Hash Join  (cost=74209.73..161274.02 rows=40625 width=8) (actual time=1198.281..3207.707 rows=32752 loops=1)
              Hash Cond: (mk.movie_id = t.id)
              ->  Seq Scan on movie_keyword mk  (cost=0.00..69693.30 rows=4523930 width=4) (actual time=0.018..1133.638 rows=4523930 loops=1)
              ->  Hash  (cost=73925.90..73925.90 rows=22706 width=4) (actual time=1197.323..1197.323 rows=25785 loops=1)
                    Buckets: 32768  Batches: 1  Memory Usage: 1163kB
                    ->  Seq Scan on title t  (cost=0.00..73925.90 rows=22706 width=4) (actual time=0.032..1186.610 rows=25785 loops=1)
                          Filter: ((kind_id < 4) AND (production_year > 2012))
                          Rows Removed by Filter: 2502527
Planning time: 1.085 ms
Execution time: 11829.023 ms
