Seq Scan on movie_keyword mk  (cost=0.00..81003.12 rows=246 width=0) (actual time=2.651..1237.388 rows=170 loops=1)
  Filter: (keyword_id = 23948)
  Rows Removed by Filter: 4523760
Planning time: 0.358 ms
Execution time: 1237.562 ms
