Seq Scan on movie_keyword mk  (cost=0.00..81003.12 rows=4301888 width=0) (actual time=0.026..1545.888 rows=4299875 loops=1)
  Filter: (keyword_id < 64187)
  Rows Removed by Filter: 224055
Planning time: 0.285 ms
Execution time: 2073.925 ms
