Nested Loop  (cost=0.43..798788.22 rows=14 width=0) (actual time=2805.478..14089.335 rows=28 loops=1)
  ->  Seq Scan on cast_info ci  (cost=0.00..796071.18 rows=324 width=4) (actual time=579.473..14088.052 rows=101 loops=1)
        Filter: ((role_id > 1) AND (person_id = 2342842))
        Rows Removed by Filter: 36244243
  ->  Index Scan using title_pkey on title t  (cost=0.43..8.38 rows=1 width=4) (actual time=0.011..0.012 rows=0 loops=101)
        Index Cond: (id = ci.movie_id)
        Filter: (production_year = 2007)
        Rows Removed by Filter: 1
Planning time: 0.682 ms
Execution time: 14089.445 ms
