Hash Join  (cost=850388.18..1070815.91 rows=1602192 width=0) (actual time=23503.042..27506.974 rows=1324032 loops=1)
  Hash Cond: (mk.movie_id = t.id)
  ->  Seq Scan on movie_keyword mk  (cost=0.00..81003.12 rows=4304684 width=4) (actual time=0.017..1810.768 rows=4302919 loops=1)
        Filter: (keyword_id < 64555)
        Rows Removed by Filter: 221011
  ->  Hash  (cost=834947.29..834947.29 rows=941111 width=8) (actual time=23501.665..23501.665 rows=1084280 loops=1)
        Buckets: 131072  Batches: 16  Memory Usage: 3731kB
        ->  Hash Join  (cost=74747.02..834947.29 rows=941111 width=8) (actual time=1188.878..22755.826 rows=1084280 loops=1)
              Hash Cond: (ci.movie_id = t.id)
              ->  Seq Scan on cast_info ci  (cost=0.00..614943.12 rows=36225612 width=4) (actual time=0.013..9189.031 rows=36244344 loops=1)
              ->  Hash  (cost=73925.90..73925.90 rows=65689 width=4) (actual time=1188.319..1188.319 rows=74524 loops=1)
                    Buckets: 131072  Batches: 1  Memory Usage: 3644kB
                    ->  Seq Scan on title t  (cost=0.00..73925.90 rows=65689 width=4) (actual time=0.014..1158.987 rows=74524 loops=1)
                          Filter: ((kind_id = 7) AND (production_year = 2006))
                          Rows Removed by Filter: 2453788
Planning time: 0.917 ms
Execution time: 27648.484 ms
