Hash Join  (cost=87255.85..226968.36 rows=1453647 width=0) (actual time=1511.178..5200.001 rows=391840 loops=1)
  Hash Cond: (mk.movie_id = t.id)
  ->  Seq Scan on movie_keyword mk  (cost=0.00..69693.30 rows=4523930 width=4) (actual time=0.014..1483.199 rows=4523930 loops=1)
  ->  Hash  (cost=73925.90..73925.90 rows=812476 width=4) (actual time=1500.751..1500.751 rows=886818 loops=1)
        Buckets: 131072  Batches: 16  Memory Usage: 2987kB
        ->  Seq Scan on title t  (cost=0.00..73925.90 rows=812476 width=4) (actual time=0.009..1218.215 rows=886818 loops=1)
              Filter: ((kind_id > 4) AND (production_year > 2001))
              Rows Removed by Filter: 1641494
Planning time: 0.839 ms
Execution time: 5236.508 ms
