Hash Join  (cost=128661.55..493435.58 rows=11810 width=0) (actual time=2136.234..9854.318 rows=666556 loops=1)
  Hash Cond: (mi.movie_id = t.id)
  ->  Seq Scan on movie_info mi  (cost=0.00..309384.22 rows=14739122 width=4) (actual time=0.021..4388.475 rows=14835720 loops=1)
  ->  Hash  (cost=128636.23..128636.23 rows=2026 width=8) (actual time=2135.871..2135.871 rows=10723 loops=1)
        Buckets: 16384 (originally 2048)  Batches: 1 (originally 1)  Memory Usage: 547kB
        ->  Hash Join  (cost=73950.44..128636.23 rows=2026 width=8) (actual time=1080.704..2131.375 rows=10723 loops=1)
              Hash Cond: (mc.movie_id = t.id)
              ->  Seq Scan on movie_companies mc  (cost=0.00..44881.29 rows=2609129 width=4) (actual time=0.032..607.487 rows=2609129 loops=1)
              ->  Hash  (cost=73925.90..73925.90 rows=1963 width=4) (actual time=978.868..978.868 rows=5006 loops=1)
                    Buckets: 8192 (originally 2048)  Batches: 1 (originally 1)  Memory Usage: 240kB
                    ->  Seq Scan on title t  (cost=0.00..73925.90 rows=1963 width=4) (actual time=543.623..976.442 rows=5006 loops=1)
                          Filter: ((kind_id = 1) AND (production_year = 1991))
                          Rows Removed by Filter: 2523306
Planning time: 3.602 ms
Execution time: 9941.538 ms
