Seq Scan on title t  (cost=0.00..73925.90 rows=58499 width=0) (actual time=0.031..1196.839 rows=62752 loops=1)
  Filter: ((kind_id > 6) AND (production_year = 2005))
  Rows Removed by Filter: 2465560
Planning time: 6.214 ms
Execution time: 1206.767 ms
