Seq Scan on movie_keyword mk  (cost=0.00..81003.12 rows=2591055 width=0) (actual time=0.028..1444.074 rows=2581122 loops=1)
  Filter: (keyword_id < 6741)
  Rows Removed by Filter: 1942808
Planning time: 0.315 ms
Execution time: 1769.206 ms
