Hash Join  (cost=709678.15..1092555.83 rows=1931 width=0) (actual time=11181.950..18311.731 rows=36 loops=1)
  Hash Cond: (mi.movie_id = t.id)
  ->  Seq Scan on movie_info mi  (cost=0.00..346232.03 rows=9767026 width=4) (actual time=402.370..6282.621 rows=9911754 loops=1)
        Filter: (info_type_id > 4)
        Rows Removed by Filter: 4923966
  ->  Hash  (cost=709671.90..709671.90 rows=500 width=8) (actual time=10704.151..10704.151 rows=14 loops=1)
        Buckets: 1024  Batches: 1  Memory Usage: 9kB
        ->  Nested Loop  (cost=0.43..709671.90 rows=500 width=8) (actual time=421.992..10704.123 rows=14 loops=1)
              ->  Seq Scan on cast_info ci  (cost=0.00..705507.15 rows=500 width=4) (actual time=421.889..10703.804 rows=14 loops=1)
                    Filter: (person_id = 3629195)
                    Rows Removed by Filter: 36244330
              ->  Index Only Scan using title_pkey on title t  (cost=0.43..8.32 rows=1 width=4) (actual time=0.018..0.018 rows=1 loops=14)
                    Index Cond: (id = ci.movie_id)
                    Heap Fetches: 14
Planning time: 6.784 ms
Execution time: 18311.875 ms
