Hash Join  (cost=461741.11..1568700.62 rows=7121439 width=0) (actual time=7905.281..42950.647 rows=16671276 loops=1)
  Hash Cond: (ci.movie_id = t.id)
  ->  Seq Scan on cast_info ci  (cost=0.00..614943.12 rows=36225612 width=4) (actual time=0.368..12966.159 rows=36244344 loops=1)
  ->  Hash  (cost=453585.71..453585.71 rows=497072 width=8) (actual time=7904.028..7904.028 rows=1038977 loops=1)
        Buckets: 131072 (originally 131072)  Batches: 16 (originally 8)  Memory Usage: 3560kB
        ->  Hash Join  (cost=83810.17..453585.71 rows=497072 width=8) (actual time=3793.938..7618.186 rows=1038977 loops=1)
              Hash Cond: (mi.movie_id = t.id)
              ->  Seq Scan on movie_info mi  (cost=0.00..346232.03 rows=1272478 width=4) (actual time=2415.876..5147.972 rows=1325361 loops=1)
                    Filter: (info_type_id = 8)
                    Rows Removed by Filter: 13510359
              ->  Hash  (cost=67604.59..67604.59 rows=987727 width=4) (actual time=1377.085..1377.085 rows=985048 loops=1)
                    Buckets: 131072  Batches: 16  Memory Usage: 3197kB
                    ->  Seq Scan on title t  (cost=0.00..67604.59 rows=987727 width=4) (actual time=0.044..1052.675 rows=985048 loops=1)
                          Filter: (kind_id < 7)
                          Rows Removed by Filter: 1543264
Planning time: 1.086 ms
Execution time: 44820.626 ms
