Hash Join  (cost=130345.65..945095.81 rows=554266 width=0) (actual time=2994.835..22298.507 rows=405999 loops=1)
  Hash Cond: (ci.movie_id = t.id)
  ->  Seq Scan on cast_info ci  (cost=0.00..705507.15 rows=27653425 width=4) (actual time=369.528..13765.453 rows=27758030 loops=1)
        Filter: (role_id < 6)
        Rows Removed by Filter: 8486314
  ->  Hash  (cost=129712.15..129712.15 rows=50680 width=8) (actual time=2624.866..2624.866 rows=22540 loops=1)
        Buckets: 65536  Batches: 1  Memory Usage: 1393kB
        ->  Hash Join  (cost=74539.83..129712.15 rows=50680 width=8) (actual time=1240.123..2614.835 rows=22540 loops=1)
              Hash Cond: (mc.movie_id = t.id)
              ->  Seq Scan on movie_companies mc  (cost=0.00..44881.29 rows=2609129 width=4) (actual time=0.021..646.604 rows=2609129 loops=1)
              ->  Hash  (cost=73925.90..73925.90 rows=49114 width=4) (actual time=1239.388..1239.388 rows=45321 loops=1)
                    Buckets: 65536  Batches: 1  Memory Usage: 2106kB
                    ->  Seq Scan on title t  (cost=0.00..73925.90 rows=49114 width=4) (actual time=0.031..1219.853 rows=45321 loops=1)
                          Filter: ((kind_id > 1) AND (production_year > 2012))
                          Rows Removed by Filter: 2482991
Planning time: 4.620 ms
Execution time: 22351.465 ms
