Hash Join  (cost=102767.86..200470.56 rows=1242447 width=0) (actual time=2272.790..4467.705 rows=1274246 loops=1)
  Hash Cond: (mc.movie_id = t.id)
  ->  Seq Scan on movie_companies mc  (cost=0.00..57926.93 rows=1242447 width=4) (actual time=414.423..1177.840 rows=1274246 loops=1)
        Filter: ((company_id < 173284) AND (company_type_id = 1))
        Rows Removed by Filter: 1334883
  ->  Hash  (cost=61283.27..61283.27 rows=2528527 width=4) (actual time=1856.970..1856.970 rows=2528312 loops=1)
        Buckets: 131072  Batches: 64  Memory Usage: 2415kB
        ->  Seq Scan on title t  (cost=0.00..61283.27 rows=2528527 width=4) (actual time=0.024..1005.172 rows=2528312 loops=1)
Planning time: 0.748 ms
Execution time: 4614.083 ms
