Hash Join  (cost=218537.68..369888.11 rows=2408840 width=0) (actual time=4875.905..12299.397 rows=16491483 loops=1)
  Hash Cond: (mk.movie_id = t.id)
  ->  Seq Scan on movie_keyword mk  (cost=0.00..69693.30 rows=4523930 width=4) (actual time=0.025..1423.433 rows=4523930 loops=1)
  ->  Hash  (cost=196448.24..196448.24 rows=1346355 width=8) (actual time=4874.565..4874.565 rows=1352781 loops=1)
        Buckets: 131072  Batches: 32  Memory Usage: 2715kB
        ->  Hash Join  (cost=102767.86..196448.24 rows=1346355 width=8) (actual time=1914.270..4460.717 rows=1352781 loops=1)
              Hash Cond: (mc.movie_id = t.id)
              ->  Seq Scan on movie_companies mc  (cost=0.00..51404.11 rows=1346355 width=4) (actual time=0.020..950.612 rows=1352781 loops=1)
                    Filter: (company_id > 11156)
                    Rows Removed by Filter: 1256348
              ->  Hash  (cost=61283.27..61283.27 rows=2528527 width=4) (actual time=1912.503..1912.503 rows=2528312 loops=1)
                    Buckets: 131072  Batches: 64  Memory Usage: 2415kB
                    ->  Seq Scan on title t  (cost=0.00..61283.27 rows=2528527 width=4) (actual time=0.011..1041.979 rows=2528312 loops=1)
Planning time: 1.104 ms
Execution time: 14088.176 ms
