Hash Join  (cost=944176.50..1031690.22 rows=904120 width=0) (actual time=17216.793..20198.468 rows=2054949 loops=1)
  Hash Cond: (mc.movie_id = t.id)
  ->  Seq Scan on movie_companies mc  (cost=0.00..44881.29 rows=2609129 width=4) (actual time=0.008..812.479 rows=2609129 loops=1)
  ->  Hash  (cost=929801.12..929801.12 rows=876190 width=8) (actual time=17216.031..17216.031 rows=1328536 loops=1)
        Buckets: 131072 (originally 131072)  Batches: 32 (originally 16)  Memory Usage: 3073kB
        ->  Hash Join  (cost=102767.86..929801.12 rows=876190 width=8) (actual time=5460.043..16071.409 rows=1328536 loops=1)
              Hash Cond: (ci.movie_id = t.id)
              ->  Seq Scan on cast_info ci  (cost=0.00..796071.18 rows=876190 width=4) (actual time=3517.116..12250.767 rows=1328536 loops=1)
                    Filter: ((person_id > 2530388) AND (role_id = 4))
                    Rows Removed by Filter: 34915808
              ->  Hash  (cost=61283.27..61283.27 rows=2528527 width=4) (actual time=1940.854..1940.854 rows=2528312 loops=1)
                    Buckets: 131072  Batches: 64  Memory Usage: 2415kB
                    ->  Seq Scan on title t  (cost=0.00..61283.27 rows=2528527 width=4) (actual time=0.029..1112.743 rows=2528312 loops=1)
Planning time: 1.107 ms
Execution time: 20444.674 ms
