Seq Scan on movie_keyword mk  (cost=0.00..81003.12 rows=3781140 width=0) (actual time=0.015..1292.582 rows=3775753 loops=1)
  Filter: (keyword_id > 679)
  Rows Removed by Filter: 748177
Planning time: 0.337 ms
Execution time: 1712.989 ms
