Hash Join  (cost=156649.15..244423.39 rows=474074 width=0) (actual time=3401.567..6293.807 rows=1348904 loops=1)
  Hash Cond: (mc.movie_id = t.id)
  ->  Seq Scan on movie_companies mc  (cost=0.00..51404.11 rows=2578236 width=4) (actual time=0.026..1238.826 rows=2579540 loops=1)
        Filter: (company_id < 208054)
        Rows Removed by Filter: 29589
  ->  Hash  (cost=149020.47..149020.47 rows=464934 width=8) (actual time=3400.265..3400.265 rows=460185 loops=1)
        Buckets: 131072  Batches: 8  Memory Usage: 3276kB
        ->  Hash Join  (cost=102767.86..149020.47 rows=464934 width=8) (actual time=2003.860..3268.264 rows=460185 loops=1)
              Hash Cond: (mi_idx.movie_id = t.id)
              ->  Seq Scan on movie_info_idx mi_idx  (cost=0.00..25185.44 rows=464934 width=4) (actual time=0.031..450.485 rows=460185 loops=1)
                    Filter: (info_type_id > 100)
                    Rows Removed by Filter: 919850
              ->  Hash  (cost=61283.27..61283.27 rows=2528527 width=4) (actual time=2002.066..2002.066 rows=2528312 loops=1)
                    Buckets: 131072  Batches: 64  Memory Usage: 2415kB
                    ->  Seq Scan on title t  (cost=0.00..61283.27 rows=2528527 width=4) (actual time=0.016..1157.582 rows=2528312 loops=1)
Planning time: 1.102 ms
Execution time: 6452.006 ms
