Hash Join  (cost=797489.74..884149.59 rows=182 width=0) (actual time=13112.602..14221.626 rows=3 loops=1)
  Hash Cond: (mk.movie_id = t.id)
  ->  Seq Scan on movie_keyword mk  (cost=0.00..69693.30 rows=4523930 width=4) (actual time=0.013..956.282 rows=4523930 loops=1)
  ->  Hash  (cost=797488.46..797488.46 rows=102 width=8) (actual time=12484.590..12484.590 rows=265 loops=1)
        Buckets: 1024  Batches: 1  Memory Usage: 19kB
        ->  Nested Loop  (cost=0.43..797488.46 rows=102 width=8) (actual time=8909.059..12484.419 rows=265 loops=1)
              ->  Seq Scan on cast_info ci  (cost=0.00..796071.18 rows=168 width=4) (actual time=8908.892..12476.088 rows=265 loops=1)
                    Filter: ((role_id > 3) AND (person_id = 3297842))
                    Rows Removed by Filter: 36244079
              ->  Index Scan using title_pkey on title t  (cost=0.43..8.43 rows=1 width=4) (actual time=0.030..0.030 rows=1 loops=265)
                    Index Cond: (id = ci.movie_id)
                    Filter: (kind_id = 7)
Planning time: 1.192 ms
Execution time: 14221.772 ms
