Seq Scan on movie_companies mc  (cost=0.00..51404.11 rows=1137890 width=0) (actual time=0.012..1000.657 rows=1145035 loops=1)
  Filter: (company_id > 13187)
  Rows Removed by Filter: 1464094
Planning time: 0.324 ms
Execution time: 1149.389 ms
