Hash Join  (cost=164301.27..296540.95 rows=840265 width=0) (actual time=4014.335..9244.594 rows=7726615 loops=1)
  Hash Cond: (mk.movie_id = t.id)
  ->  Seq Scan on movie_keyword mk  (cost=0.00..69693.30 rows=4523930 width=4) (actual time=0.023..1476.807 rows=4523930 loops=1)
  ->  Hash  (cost=156595.73..156595.73 rows=469643 width=8) (actual time=4013.076..4013.076 rows=764485 loops=1)
        Buckets: 131072 (originally 131072)  Batches: 16 (originally 8)  Memory Usage: 3073kB
        ->  Hash Join  (cost=75071.77..156595.73 rows=469643 width=8) (actual time=1247.793..3769.455 rows=764485 loops=1)
              Hash Cond: (mc.movie_id = t.id)
              ->  Seq Scan on movie_companies mc  (cost=0.00..44881.29 rows=2609129 width=4) (actual time=0.016..960.752 rows=2609129 loops=1)
              ->  Hash  (cost=67604.59..67604.59 rows=455135 width=4) (actual time=1246.978..1246.978 rows=451569 loops=1)
                    Buckets: 131072  Batches: 8  Memory Usage: 3003kB
                    ->  Seq Scan on title t  (cost=0.00..67604.59 rows=455135 width=4) (actual time=0.020..1101.487 rows=451569 loops=1)
                          Filter: (production_year < 1976)
                          Rows Removed by Filter: 2076743
Planning time: 1.178 ms
Execution time: 10129.902 ms
