Hash Join  (cost=898670.04..1025372.48 rows=385740 width=0) (actual time=16668.354..23549.676 rows=15201833 loops=1)
  Hash Cond: (mk.movie_id = t.id)
  ->  Seq Scan on movie_keyword mk  (cost=0.00..69693.30 rows=4523930 width=4) (actual time=0.018..1500.167 rows=4523930 loops=1)
  ->  Hash  (cost=895132.06..895132.06 rows=215599 width=8) (actual time=16666.414..16666.414 rows=463104 loops=1)
        Buckets: 131072 (originally 131072)  Batches: 8 (originally 4)  Memory Usage: 3342kB
        ->  Hash Join  (cost=81598.21..895132.06 rows=215599 width=8) (actual time=11070.632..16507.373 rows=463104 loops=1)
              Hash Cond: (ci.movie_id = t.id)
              ->  Seq Scan on cast_info ci  (cost=0.00..796071.18 rows=1165782 width=4) (actual time=9325.923..13024.774 rows=3257199 loops=1)
                    Filter: ((person_id > 2735210) AND (role_id = 10))
                    Rows Removed by Filter: 32987145
              ->  Hash  (cost=73925.90..73925.90 rows=467624 width=4) (actual time=1743.826..1743.826 rows=557493 loops=1)
                    Buckets: 131072  Batches: 8  Memory Usage: 3486kB
                    ->  Seq Scan on title t  (cost=0.00..73925.90 rows=467624 width=4) (actual time=0.041..1304.863 rows=557493 loops=1)
                          Filter: ((kind_id < 7) AND (production_year < 2003))
                          Rows Removed by Filter: 1970819
Planning time: 1.169 ms
Execution time: 25322.863 ms
