Hash Join  (cost=798791.26..885452.47 rows=318 width=0) (actual time=15162.992..15760.104 rows=2 loops=1)
  Hash Cond: (mk.movie_id = t.id)
  ->  Seq Scan on movie_keyword mk  (cost=0.00..69693.30 rows=4523930 width=4) (actual time=0.010..959.199 rows=4523930 loops=1)
  ->  Hash  (cost=798789.03..798789.03 rows=178 width=8) (actual time=14036.996..14036.996 rows=10 loops=1)
        Buckets: 1024  Batches: 1  Memory Usage: 9kB
        ->  Nested Loop  (cost=0.43..798789.03 rows=178 width=8) (actual time=6776.301..14036.956 rows=10 loops=1)
              ->  Seq Scan on cast_info ci  (cost=0.00..796071.18 rows=324 width=4) (actual time=6776.126..14036.601 rows=11 loops=1)
                    Filter: ((role_id > 1) AND (person_id = 3624328))
                    Rows Removed by Filter: 36244333
              ->  Index Scan using title_pkey on title t  (cost=0.43..8.38 rows=1 width=4) (actual time=0.023..0.023 rows=1 loops=11)
                    Index Cond: (id = ci.movie_id)
                    Filter: ((production_year > 1952) AND (kind_id = 7))
                    Rows Removed by Filter: 0
Planning time: 1.582 ms
Execution time: 15760.250 ms
