Seq Scan on movie_keyword mk  (cost=0.00..81003.12 rows=246 width=0) (actual time=7.739..1231.515 rows=74 loops=1)
  Filter: (keyword_id = 5305)
  Rows Removed by Filter: 4523856
Planning time: 0.243 ms
Execution time: 1231.652 ms
