Hash Join  (cost=244379.23..822415.91 rows=7479385 width=0) (actual time=6582.097..58504.847 rows=163563281 loops=1)
  Hash Cond: (mi.movie_id = t.id)
  ->  Seq Scan on movie_info mi  (cost=0.00..309384.22 rows=14739122 width=4) (actual time=0.017..6336.102 rows=14835720 loops=1)
  ->  Hash  (cost=223327.43..223327.43 rows=1283104 width=8) (actual time=6580.497..6580.497 rows=2446076 loops=1)
        Buckets: 131072 (originally 131072)  Batches: 64 (originally 32)  Memory Usage: 4037kB
        ->  Hash Join  (cost=85692.35..223327.43 rows=1283104 width=8) (actual time=1524.313..5549.261 rows=2446076 loops=1)
              Hash Cond: (mk.movie_id = t.id)
              ->  Seq Scan on movie_keyword mk  (cost=0.00..69693.30 rows=4523930 width=4) (actual time=0.012..1423.460 rows=4523930 loops=1)
              ->  Hash  (cost=73925.90..73925.90 rows=717156 width=4) (actual time=1523.257..1523.257 rows=620281 loops=1)
                    Buckets: 131072  Batches: 16  Memory Usage: 2394kB
                    ->  Seq Scan on title t  (cost=0.00..73925.90 rows=717156 width=4) (actual time=0.018..1320.893 rows=620281 loops=1)
                          Filter: ((kind_id < 7) AND (production_year > 1986))
                          Rows Removed by Filter: 1908031
Planning time: 1.120 ms
Execution time: 76758.675 ms
