Seq Scan on title t  (cost=0.00..67604.59 rows=1706924 width=0) (actual time=0.028..1179.649 rows=1700316 loops=1)
  Filter: (production_year > 1992)
  Rows Removed by Filter: 827996
Planning time: 0.279 ms
Execution time: 1395.672 ms
