Hash Join  (cost=102767.86..943457.29 rows=1443708 width=0) (actual time=3895.478..15767.227 rows=984067 loops=1)
  Hash Cond: (ci.movie_id = t.id)
  ->  Seq Scan on cast_info ci  (cost=0.00..796071.18 rows=1443708 width=4) (actual time=1971.564..12620.485 rows=984067 loops=1)
        Filter: ((person_id < 1287989) AND (role_id = 3))
        Rows Removed by Filter: 35260277
  ->  Hash  (cost=61283.27..61283.27 rows=2528527 width=4) (actual time=1922.595..1922.595 rows=2528312 loops=1)
        Buckets: 131072  Batches: 64  Memory Usage: 2415kB
        ->  Seq Scan on title t  (cost=0.00..61283.27 rows=2528527 width=4) (actual time=0.025..1072.965 rows=2528312 loops=1)
Planning time: 9.853 ms
Execution time: 15884.780 ms
