Hash Join  (cost=92811.40..239905.06 rows=2059462 width=0) (actual time=3223.489..5548.234 rows=515460 loops=1)
  Hash Cond: (mk.movie_id = t.id)
  ->  Seq Scan on movie_keyword mk  (cost=0.00..69693.30 rows=4523930 width=4) (actual time=0.021..1397.161 rows=4523930 loops=1)
  ->  Hash  (cost=73925.90..73925.90 rows=1151080 width=4) (actual time=1797.372..1797.372 rows=1244530 loops=1)
        Buckets: 131072  Batches: 16  Memory Usage: 3777kB
        ->  Seq Scan on title t  (cost=0.00..73925.90 rows=1151080 width=4) (actual time=0.015..1392.607 rows=1244530 loops=1)
              Filter: ((production_year > 1983) AND (kind_id = 7))
              Rows Removed by Filter: 1283782
Planning time: 0.789 ms
Execution time: 5610.324 ms
