Seq Scan on movie_companies mc  (cost=0.00..57926.93 rows=1493 width=0) (actual time=120.890..920.098 rows=3042 loops=1)
  Filter: ((company_type_id < 2) AND (company_id = 531))
  Rows Removed by Filter: 2606087
Planning time: 0.322 ms
Execution time: 920.730 ms
