Hash Join  (cost=102767.86..186668.47 rows=668903 width=0) (actual time=1873.141..3679.398 rows=443036 loops=1)
  Hash Cond: (mc.movie_id = t.id)
  ->  Seq Scan on movie_companies mc  (cost=0.00..57926.93 rows=668903 width=4) (actual time=2.818..1048.068 rows=443036 loops=1)
        Filter: ((company_id > 11141) AND (company_type_id = 1))
        Rows Removed by Filter: 2166093
  ->  Hash  (cost=61283.27..61283.27 rows=2528527 width=4) (actual time=1869.357..1869.357 rows=2528312 loops=1)
        Buckets: 131072  Batches: 64  Memory Usage: 2415kB
        ->  Seq Scan on title t  (cost=0.00..61283.27 rows=2528527 width=4) (actual time=0.017..1066.433 rows=2528312 loops=1)
Planning time: 0.789 ms
Execution time: 3730.099 ms
