Hash Join  (cost=102556.25..197659.36 rows=346 width=0) (actual time=1693.789..3854.629 rows=3452 loops=1)
  Hash Cond: (mk.movie_id = t.id)
  ->  Seq Scan on movie_keyword mk  (cost=0.00..81003.12 rows=3759073 width=4) (actual time=0.012..1636.051 rows=3758910 loops=1)
        Filter: (keyword_id > 720)
        Rows Removed by Filter: 765020
  ->  Hash  (cost=102553.34..102553.34 rows=233 width=8) (actual time=1691.867..1691.867 rows=472 loops=1)
        Buckets: 1024  Batches: 1  Memory Usage: 27kB
        ->  Hash Join  (cost=73933.94..102553.34 rows=233 width=8) (actual time=1124.964..1691.620 rows=472 loops=1)
              Hash Cond: (mi_idx.movie_id = t.id)
              ->  Seq Scan on movie_info_idx mi_idx  (cost=0.00..25185.44 rows=915101 width=4) (actual time=0.022..496.044 rows=919850 loops=1)
                    Filter: (info_type_id < 101)
                    Rows Removed by Filter: 460185
              ->  Hash  (cost=73925.90..73925.90 rows=643 width=4) (actual time=1057.896..1057.896 rows=447 loops=1)
                    Buckets: 1024  Batches: 1  Memory Usage: 24kB
                    ->  Seq Scan on title t  (cost=0.00..73925.90 rows=643 width=4) (actual time=651.021..1057.564 rows=447 loops=1)
                          Filter: ((kind_id = 6) AND (production_year = 2008))
                          Rows Removed by Filter: 2527865
Planning time: 1.125 ms
Execution time: 3855.201 ms
