Seq Scan on movie_keyword mk  (cost=0.00..81003.12 rows=246 width=0) (actual time=17.569..1253.234 rows=61 loops=1)
  Filter: (keyword_id = 16322)
  Rows Removed by Filter: 4523869
Planning time: 0.226 ms
Execution time: 1253.347 ms
