Hash Join  (cost=159432.82..666357.13 rows=2541440 width=0) (actual time=3850.683..18855.671 rows=6894136 loops=1)
  Hash Cond: (mi.movie_id = t.id)
  ->  Seq Scan on movie_info mi  (cost=0.00..309384.22 rows=14739122 width=4) (actual time=0.011..6110.990 rows=14835720 loops=1)
  ->  Hash  (cost=152278.96..152278.96 rows=435989 width=8) (actual time=3849.638..3849.638 rows=456311 loops=1)
        Buckets: 131072  Batches: 8  Memory Usage: 3268kB
        ->  Hash Join  (cost=107432.01..152278.96 rows=435989 width=8) (actual time=2424.304..3710.610 rows=456311 loops=1)
              Hash Cond: (mi_idx.movie_id = t.id)
              ->  Seq Scan on movie_info_idx mi_idx  (cost=0.00..25185.44 rows=454124 width=4) (actual time=0.027..489.775 rows=459925 loops=1)
                    Filter: (info_type_id = 100)
                    Rows Removed by Filter: 920110
              ->  Hash  (cost=67604.59..67604.59 rows=2427554 width=4) (actual time=2422.943..2422.943 rows=2421168 loops=1)
                    Buckets: 131072  Batches: 32  Memory Usage: 3685kB
                    ->  Seq Scan on title t  (cost=0.00..67604.59 rows=2427554 width=4) (actual time=0.019..1653.149 rows=2421168 loops=1)
                          Filter: (production_year > 1911)
                          Rows Removed by Filter: 107144
Planning time: 1.090 ms
Execution time: 19697.990 ms
