Hash Join  (cost=75941.23..935256.92 rows=618182 width=0) (actual time=1254.676..19890.606 rows=16839 loops=1)
  Hash Cond: (ci.movie_id = t.id)
  ->  Seq Scan on cast_info ci  (cost=0.00..705507.15 rows=12726058 width=4) (actual time=0.022..14471.446 rows=12670688 loops=1)
        Filter: (role_id = 1)
        Rows Removed by Filter: 23573656
  ->  Hash  (cost=73925.90..73925.90 rows=122826 width=4) (actual time=1253.845..1253.845 rows=5119 loops=1)
        Buckets: 131072  Batches: 2  Memory Usage: 1114kB
        ->  Seq Scan on title t  (cost=0.00..73925.90 rows=122826 width=4) (actual time=0.047..1250.973 rows=5119 loops=1)
              Filter: ((kind_id > 1) AND (production_year < 1951))
              Rows Removed by Filter: 2523193
Planning time: 0.707 ms
Execution time: 19894.084 ms
