Hash Join  (cost=762539.04..3217648.73 rows=107502142 width=0) (actual time=17705.893..124842.401 rows=300498586 loops=1)
  Hash Cond: (ci.movie_id = t.id)
  ->  Seq Scan on cast_info ci  (cost=0.00..614943.12 rows=36225612 width=4) (actual time=0.027..13457.756 rows=36244344 loops=1)
  ->  Hash  (cost=639433.19..639433.19 rows=7503588 width=8) (actual time=17703.024..17703.024 rows=7548855 loops=1)
        Buckets: 131072  Batches: 128  Memory Usage: 3325kB
        ->  Hash Join  (cost=102767.86..639433.19 rows=7503588 width=8) (actual time=2230.246..15428.334 rows=7548855 loops=1)
              Hash Cond: (mi.movie_id = t.id)
              ->  Seq Scan on movie_info mi  (cost=0.00..346232.03 rows=7503588 width=4) (actual time=301.416..6195.800 rows=7548855 loops=1)
                    Filter: (info_type_id > 7)
                    Rows Removed by Filter: 7286865
              ->  Hash  (cost=61283.27..61283.27 rows=2528527 width=4) (actual time=1927.952..1927.952 rows=2528312 loops=1)
                    Buckets: 131072  Batches: 64  Memory Usage: 2425kB
                    ->  Seq Scan on title t  (cost=0.00..61283.27 rows=2528527 width=4) (actual time=0.028..990.509 rows=2528312 loops=1)
Planning time: 1.188 ms
Execution time: 156300.669 ms
