Seq Scan on movie_companies mc  (cost=0.00..57926.93 rows=211816 width=0) (actual time=197.956..862.426 rows=98374 loops=1)
  Filter: ((company_id < 291) AND (company_type_id = 2))
  Rows Removed by Filter: 2510755
Planning time: 0.334 ms
Execution time: 875.397 ms
