Seq Scan on movie_companies mc  (cost=0.00..57926.93 rows=898508 width=0) (actual time=383.044..1132.304 rows=735464 loops=1)
  Filter: ((company_id > 1610) AND (company_type_id < 2))
  Rows Removed by Filter: 1873665
Planning time: 3.214 ms
Execution time: 1225.698 ms
