Hash Join  (cost=75273.23..113734.83 rows=44812 width=0) (actual time=1133.502..2148.344 rows=140680 loops=1)
  Hash Cond: (mi_idx.movie_id = t.id)
  ->  Seq Scan on movie_info_idx mi_idx  (cost=0.00..21735.35 rows=1380035 width=4) (actual time=0.039..415.550 rows=1380035 loops=1)
  ->  Hash  (cost=73925.90..73925.90 rows=82106 width=4) (actual time=1132.624..1132.624 rows=209752 loops=1)
        Buckets: 131072 (originally 131072)  Batches: 4 (originally 2)  Memory Usage: 3073kB
        ->  Seq Scan on title t  (cost=0.00..73925.90 rows=82106 width=4) (actual time=0.025..1055.760 rows=209752 loops=1)
              Filter: ((production_year < 1966) AND (kind_id = 1))
              Rows Removed by Filter: 2318560
Planning time: 0.701 ms
Execution time: 2165.804 ms
