Hash Join  (cost=126566.86..233276.95 rows=184369 width=0) (actual time=2732.147..6148.555 rows=2719035 loops=1)
  Hash Cond: (mk.movie_id = t.id)
  ->  Seq Scan on movie_keyword mk  (cost=0.00..81003.12 rows=1984340 width=4) (actual time=0.031..1578.818 rows=1984712 loops=1)
        Filter: (keyword_id < 3511)
        Rows Removed by Filter: 2539218
  ->  Hash  (cost=122712.24..122712.24 rows=234930 width=8) (actual time=2731.020..2731.020 rows=547765 loops=1)
        Buckets: 131072 (originally 131072)  Batches: 8 (originally 4)  Memory Usage: 3726kB
        ->  Hash Join  (cost=80988.46..122712.24 rows=234930 width=8) (actual time=1278.020..2579.447 rows=547765 loops=1)
              Hash Cond: (mi_idx.movie_id = t.id)
              ->  Seq Scan on movie_info_idx mi_idx  (cost=0.00..21735.35 rows=1380035 width=4) (actual time=0.027..466.787 rows=1380035 loops=1)
              ->  Hash  (cost=73925.90..73925.90 rows=430444 width=4) (actual time=1276.062..1276.062 rows=527346 loops=1)
                    Buckets: 131072  Batches: 8  Memory Usage: 3354kB
                    ->  Seq Scan on title t  (cost=0.00..73925.90 rows=430444 width=4) (actual time=0.042..1111.220 rows=527346 loops=1)
                          Filter: ((kind_id < 4) AND (production_year < 2004))
                          Rows Removed by Filter: 2000966
Planning time: 1.126 ms
Execution time: 6461.945 ms
