Seq Scan on movie_companies mc  (cost=0.00..57926.93 rows=166546 width=0) (actual time=0.028..916.171 rows=265105 loops=1)
  Filter: ((company_id < 166) AND (company_type_id = 1))
  Rows Removed by Filter: 2344024
Planning time: 0.407 ms
Execution time: 948.125 ms
