Hash Join  (cost=76444.38..107756.43 rows=27565 width=0) (actual time=1110.181..1705.079 rows=25523 loops=1)
  Hash Cond: (mi_idx.movie_id = t.id)
  ->  Seq Scan on movie_info_idx mi_idx  (cost=0.00..25185.44 rows=454124 width=4) (actual time=0.028..398.938 rows=459925 loops=1)
        Filter: (info_type_id = 100)
        Rows Removed by Filter: 920110
  ->  Hash  (cost=73925.90..73925.90 rows=153478 width=4) (actual time=1109.400..1109.400 rows=134760 loops=1)
        Buckets: 131072  Batches: 4  Memory Usage: 2216kB
        ->  Seq Scan on title t  (cost=0.00..73925.90 rows=153478 width=4) (actual time=0.022..1065.092 rows=134760 loops=1)
              Filter: ((kind_id < 7) AND (production_year > 2010))
              Rows Removed by Filter: 2393552
Planning time: 0.667 ms
Execution time: 1709.039 ms
