Hash Join  (cost=221405.63..375736.06 rows=2653439 width=0) (actual time=5481.582..14110.032 rows=25780313 loops=1)
  Hash Cond: (mk.movie_id = t.id)
  ->  Seq Scan on movie_keyword mk  (cost=0.00..69693.30 rows=4523930 width=4) (actual time=0.029..1442.115 rows=4523930 loops=1)
  ->  Hash  (cost=197073.29..197073.29 rows=1483067 width=8) (actual time=5480.342..5480.342 rows=1636241 loops=1)
        Buckets: 131072  Batches: 32  Memory Usage: 3076kB
        ->  Hash Join  (cost=97066.09..197073.29 rows=1483067 width=8) (actual time=1935.382..5031.694 rows=1636241 loops=1)
              Hash Cond: (mc.movie_id = t.id)
              ->  Seq Scan on movie_companies mc  (cost=0.00..51404.11 rows=2088285 width=4) (actual time=0.041..1030.108 rows=2087321 loops=1)
                    Filter: (company_id > 475)
                    Rows Removed by Filter: 521808
              ->  Hash  (cost=67604.59..67604.59 rows=1795720 width=4) (actual time=1934.138..1934.138 rows=1794153 loops=1)
                    Buckets: 131072  Batches: 32  Memory Usage: 2992kB
                    ->  Seq Scan on title t  (cost=0.00..67604.59 rows=1795720 width=4) (actual time=0.017..1348.743 rows=1794153 loops=1)
                          Filter: (production_year < 2009)
                          Rows Removed by Filter: 734159
Planning time: 1.299 ms
Execution time: 16720.984 ms
