Hash Join  (cost=76697.17..154149.54 rows=174285 width=0) (actual time=1256.954..3373.952 rows=560425 loops=1)
  Hash Cond: (mc.movie_id = t.id)
  ->  Seq Scan on movie_companies mc  (cost=0.00..44881.29 rows=2609129 width=4) (actual time=0.027..780.797 rows=2609129 loops=1)
  ->  Hash  (cost=73925.90..73925.90 rows=168901 width=4) (actual time=1256.136..1256.136 rows=269915 loops=1)
        Buckets: 131072  Batches: 4  Memory Usage: 3401kB
        ->  Seq Scan on title t  (cost=0.00..73925.90 rows=168901 width=4) (actual time=0.026..1163.077 rows=269915 loops=1)
              Filter: ((kind_id < 7) AND (production_year < 1974))
              Rows Removed by Filter: 2258397
Planning time: 0.695 ms
Execution time: 3430.477 ms
