Seq Scan on movie_keyword mk  (cost=0.00..81003.12 rows=2547987 width=0) (actual time=0.015..1320.974 rows=2539013 loops=1)
  Filter: (keyword_id < 6356)
  Rows Removed by Filter: 1984917
Planning time: 0.326 ms
Execution time: 1621.287 ms
