Seq Scan on movie_companies mc  (cost=0.00..57926.93 rows=8554 width=0) (actual time=251.362..875.368 rows=8139 loops=1)
  Filter: ((company_type_id > 1) AND (company_id = 166))
  Rows Removed by Filter: 2600990
Planning time: 0.411 ms
Execution time: 876.556 ms
