Hash Join  (cost=83810.17..890653.89 rows=174570 width=0) (actual time=12285.574..14889.277 rows=168505 loops=1)
  Hash Cond: (ci.movie_id = t.id)
  ->  Seq Scan on cast_info ci  (cost=0.00..796071.18 rows=446889 width=4) (actual time=10809.325..13122.978 rows=240266 loops=1)
        Filter: ((person_id < 1777647) AND (role_id = 5))
        Rows Removed by Filter: 36004078
  ->  Hash  (cost=67604.59..67604.59 rows=987727 width=4) (actual time=1475.300..1475.300 rows=985048 loops=1)
        Buckets: 131072  Batches: 16  Memory Usage: 3188kB
        ->  Seq Scan on title t  (cost=0.00..67604.59 rows=987727 width=4) (actual time=0.023..1174.860 rows=985048 loops=1)
              Filter: (kind_id < 7)
              Rows Removed by Filter: 1543264
Planning time: 0.495 ms
Execution time: 14905.500 ms
