Seq Scan on movie_companies mc  (cost=0.00..51404.11 rows=104 width=0) (actual time=0.017..720.460 rows=1248 loops=1)
  Filter: (company_id = 1736)
  Rows Removed by Filter: 2607881
Planning time: 0.433 ms
Execution time: 720.833 ms
