Hash Join  (cost=106491.61..473431.56 rows=228401 width=0) (actual time=2008.882..10486.450 rows=600305 loops=1)
  Hash Cond: (mi.movie_id = t.id)
  ->  Seq Scan on movie_info mi  (cost=0.00..309384.22 rows=14739122 width=4) (actual time=0.014..4740.838 rows=14835720 loops=1)
  ->  Hash  (cost=106001.82..106001.82 rows=39183 width=8) (actual time=2008.484..2008.484 rows=41051 loops=1)
        Buckets: 65536  Batches: 1  Memory Usage: 2116kB
        ->  Hash Join  (cost=69374.09..106001.82 rows=39183 width=8) (actual time=1147.910..1994.248 rows=41051 loops=1)
              Hash Cond: (mi_idx.movie_id = t.id)
              ->  Seq Scan on movie_info_idx mi_idx  (cost=0.00..25185.44 rows=919057 width=4) (actual time=0.016..516.619 rows=920110 loops=1)
                    Filter: (info_type_id > 99)
                    Rows Removed by Filter: 459925
              ->  Hash  (cost=67604.59..67604.59 rows=107800 width=4) (actual time=1147.125..1147.125 rows=108429 loops=1)
                    Buckets: 131072  Batches: 2  Memory Usage: 2931kB
                    ->  Seq Scan on title t  (cost=0.00..67604.59 rows=107800 width=4) (actual time=0.031..1106.077 rows=108429 loops=1)
                          Filter: (production_year = 2006)
                          Rows Removed by Filter: 2419883
Planning time: 1.084 ms
Execution time: 10567.124 ms
