Hash Join  (cost=161137.99..545313.11 rows=109529 width=0) (actual time=2891.191..10363.776 rows=119895 loops=1)
  Hash Cond: (mi.movie_id = t.id)
  ->  Seq Scan on movie_info mi  (cost=0.00..309384.22 rows=14739122 width=4) (actual time=0.018..4353.291 rows=14835720 loops=1)
  ->  Hash  (cost=160903.12..160903.12 rows=18790 width=8) (actual time=2857.483..2857.483 rows=12273 loops=1)
        Buckets: 32768  Batches: 1  Memory Usage: 736kB
        ->  Hash Join  (cost=74057.18..160903.12 rows=18790 width=8) (actual time=1256.231..2852.804 rows=12273 loops=1)
              Hash Cond: (mk.movie_id = t.id)
              ->  Seq Scan on movie_keyword mk  (cost=0.00..69693.30 rows=4523930 width=4) (actual time=0.015..934.529 rows=4523930 loops=1)
              ->  Hash  (cost=73925.90..73925.90 rows=10502 width=4) (actual time=1094.888..1094.888 rows=6334 loops=1)
                    Buckets: 16384  Batches: 1  Memory Usage: 351kB
                    ->  Seq Scan on title t  (cost=0.00..73925.90 rows=10502 width=4) (actual time=56.188..1091.941 rows=6334 loops=1)
                          Filter: ((production_year > 2011) AND (kind_id = 4))
                          Rows Removed by Filter: 2521978
Planning time: 1.098 ms
Execution time: 10380.568 ms
