Hash Join  (cost=81821.64..432422.01 rows=35160 width=0) (actual time=4598.142..7054.392 rows=8482 loops=1)
  Hash Cond: (mi.movie_id = t.id)
  ->  Seq Scan on movie_info mi  (cost=0.00..346232.03 rows=184730 width=4) (actual time=3303.269..5622.692 rows=180112 loops=1)
        Filter: (info_type_id = 13)
        Rows Removed by Filter: 14655608
  ->  Hash  (cost=73925.90..73925.90 rows=481259 width=4) (actual time=1287.556..1287.556 rows=518327 loops=1)
        Buckets: 131072  Batches: 8  Memory Usage: 3307kB
        ->  Seq Scan on title t  (cost=0.00..73925.90 rows=481259 width=4) (actual time=19.645..1120.148 rows=518327 loops=1)
              Filter: ((production_year > 2007) AND (kind_id = 7))
              Rows Removed by Filter: 2009985
Planning time: 0.749 ms
Execution time: 7055.689 ms
