Seq Scan on cast_info ci  (cost=0.00..796071.18 rows=1765882 width=0) (actual time=5781.631..12427.430 rows=1038092 loops=1)
  Filter: ((person_id < 497598) AND (role_id > 3))
  Rows Removed by Filter: 35206252
Planning time: 0.341 ms
Execution time: 12556.134 ms
