Hash Join  (cost=270259.80..906644.68 rows=10428708 width=0) (actual time=6066.907..43609.885 rows=102210551 loops=1)
  Hash Cond: (mi.movie_id = t.id)
  ->  Seq Scan on movie_info mi  (cost=0.00..346232.03 rows=13929354 width=4) (actual time=0.019..7508.979 rows=14033580 loops=1)
        Filter: (info_type_id > 1)
        Rows Removed by Filter: 802140
  ->  Hash  (cost=239201.40..239201.40 rows=1893072 width=8) (actual time=6064.526..6064.526 rows=1899374 loops=1)
        Buckets: 131072  Batches: 32  Memory Usage: 3410kB
        ->  Hash Join  (cost=102767.86..239201.40 rows=1893072 width=8) (actual time=2009.268..5497.378 rows=1899374 loops=1)
              Hash Cond: (mk.movie_id = t.id)
              ->  Seq Scan on movie_keyword mk  (cost=0.00..81003.12 rows=1893072 width=4) (actual time=0.023..1600.448 rows=1899374 loops=1)
                    Filter: (keyword_id > 7119)
                    Rows Removed by Filter: 2624556
              ->  Hash  (cost=61283.27..61283.27 rows=2528527 width=4) (actual time=2008.236..2008.236 rows=2528312 loops=1)
                    Buckets: 131072  Batches: 64  Memory Usage: 2425kB
                    ->  Seq Scan on title t  (cost=0.00..61283.27 rows=2528527 width=4) (actual time=0.013..1150.028 rows=2528312 loops=1)
Planning time: 1.197 ms
Execution time: 55035.429 ms
