Seq Scan on cast_info ci  (cost=0.00..796071.18 rows=1219642 width=0) (actual time=9113.534..12601.026 rows=1447957 loops=1)
  Filter: ((person_id > 2002302) AND (role_id = 4))
  Rows Removed by Filter: 34796387
Planning time: 0.390 ms
Execution time: 12780.068 ms
