Hash Join  (cost=179761.11..670258.38 rows=1001933 width=0) (actual time=4105.884..25263.065 rows=38174234 loops=1)
  Hash Cond: (mi.movie_id = t.id)
  ->  Seq Scan on movie_info mi  (cost=0.00..309384.22 rows=14739122 width=4) (actual time=0.015..6467.946 rows=14835720 loops=1)
  ->  Hash  (cost=176940.56..176940.56 rows=171884 width=8) (actual time=4104.960..4104.960 rows=496255 loops=1)
        Buckets: 131072 (originally 131072)  Batches: 8 (originally 4)  Memory Usage: 3576kB
        ->  Hash Join  (cost=82871.49..176940.56 rows=171884 width=8) (actual time=1441.464..3948.248 rows=496255 loops=1)
              Hash Cond: (mk.movie_id = t.id)
              ->  Seq Scan on movie_keyword mk  (cost=0.00..81003.12 rows=797093 width=4) (actual time=0.022..1449.759 rows=799521 loops=1)
                    Filter: (keyword_id > 23118)
                    Rows Removed by Filter: 3724409
              ->  Hash  (cost=73925.90..73925.90 rows=545247 width=4) (actual time=1440.627..1440.627 rows=557319 loops=1)
                    Buckets: 131072  Batches: 8  Memory Usage: 3494kB
                    ->  Seq Scan on title t  (cost=0.00..73925.90 rows=545247 width=4) (actual time=0.023..1252.631 rows=557319 loops=1)
                          Filter: ((production_year < 2011) AND (kind_id = 1))
                          Rows Removed by Filter: 1970993
Planning time: 1.162 ms
Execution time: 29357.544 ms
