Seq Scan on cast_info ci  (cost=0.00..796071.18 rows=8531626 width=0) (actual time=129.324..12670.445 rows=3631930 loops=1)
  Filter: ((person_id < 1294346) AND (role_id > 1))
  Rows Removed by Filter: 32612414
Planning time: 0.335 ms
Execution time: 13110.201 ms
