Hash Join  (cost=102767.86..171527.19 rows=39655 width=0) (actual time=1928.075..3238.316 rows=66520 loops=1)
  Hash Cond: (mc.movie_id = t.id)
  ->  Seq Scan on movie_companies mc  (cost=0.00..57926.93 rows=39655 width=4) (actual time=0.049..898.480 rows=66520 loops=1)
        Filter: ((company_id < 19) AND (company_type_id = 1))
        Rows Removed by Filter: 2542609
  ->  Hash  (cost=61283.27..61283.27 rows=2528527 width=4) (actual time=1920.264..1920.264 rows=2528312 loops=1)
        Buckets: 131072  Batches: 64  Memory Usage: 2415kB
        ->  Seq Scan on title t  (cost=0.00..61283.27 rows=2528527 width=4) (actual time=0.021..1077.619 rows=2528312 loops=1)
Planning time: 0.715 ms
Execution time: 3246.056 ms
