Hash Join  (cost=154716.59..537487.31 rows=100252 width=0) (actual time=2620.931..10612.440 rows=827602 loops=1)
  Hash Cond: (mi.movie_id = t.id)
  ->  Seq Scan on movie_info mi  (cost=0.00..346232.03 rows=9476311 width=4) (actual time=0.016..5944.749 rows=9565151 loops=1)
        Filter: (info_type_id < 16)
        Rows Removed by Filter: 5270569
  ->  Hash  (cost=154382.21..154382.21 rows=26750 width=8) (actual time=2620.204..2620.204 rows=30580 loops=1)
        Buckets: 32768  Batches: 1  Memory Usage: 1451kB
        ->  Hash Join  (cost=68257.79..154382.21 rows=26750 width=8) (actual time=1001.090..2609.200 rows=30580 loops=1)
              Hash Cond: (mk.movie_id = t.id)
              ->  Seq Scan on movie_keyword mk  (cost=0.00..81003.12 rows=1294347 width=4) (actual time=0.024..1335.655 rows=1306296 loops=1)
                    Filter: (keyword_id > 13448)
                    Rows Removed by Filter: 3217634
              ->  Hash  (cost=67604.59..67604.59 rows=52256 width=4) (actual time=1000.227..1000.227 rows=53013 loops=1)
                    Buckets: 65536  Batches: 1  Memory Usage: 2376kB
                    ->  Seq Scan on title t  (cost=0.00..67604.59 rows=52256 width=4) (actual time=0.038..978.790 rows=53013 loops=1)
                          Filter: (production_year = 2000)
                          Rows Removed by Filter: 2475299
Planning time: 1.181 ms
Execution time: 10718.634 ms
