Nested Loop  (cost=0.43..65683.27 rows=945 width=0) (actual time=243.991..819.607 rows=743 loops=1)
  ->  Seq Scan on movie_companies mc  (cost=0.00..57926.93 rows=945 width=4) (actual time=243.918..804.472 rows=743 loops=1)
        Filter: ((company_id < 6) AND (company_type_id = 2))
        Rows Removed by Filter: 2608386
  ->  Index Only Scan using title_pkey on title t  (cost=0.43..8.20 rows=1 width=4) (actual time=0.019..0.019 rows=1 loops=743)
        Index Cond: (id = mc.movie_id)
        Heap Fetches: 743
Planning time: 0.800 ms
Execution time: 819.894 ms
