Hash Join  (cost=68191.41..155689.39 rows=83994 width=0) (actual time=1002.262..2916.240 rows=89863 loops=1)
  Hash Cond: (mk.movie_id = t.id)
  ->  Seq Scan on movie_keyword mk  (cost=0.00..69693.30 rows=4523930 width=4) (actual time=0.014..1015.333 rows=4523930 loops=1)
  ->  Hash  (cost=67604.59..67604.59 rows=46946 width=4) (actual time=1001.380..1001.380 rows=46583 loops=1)
        Buckets: 65536  Batches: 1  Memory Usage: 2150kB
        ->  Seq Scan on title t  (cost=0.00..67604.59 rows=46946 width=4) (actual time=0.035..981.711 rows=46583 loops=1)
              Filter: (production_year = 1998)
              Rows Removed by Filter: 2481729
Planning time: 0.750 ms
Execution time: 2928.726 ms
