Hash Join  (cost=102767.86..1236988.46 rows=13642426 width=0) (actual time=1964.783..30273.053 rows=14877044 loops=1)
  Hash Cond: (ci.movie_id = t.id)
  ->  Seq Scan on cast_info ci  (cost=0.00..796071.18 rows=13642426 width=4) (actual time=8.430..15489.156 rows=14877044 loops=1)
        Filter: ((person_id < 1533871) AND (role_id < 10))
        Rows Removed by Filter: 21367300
  ->  Hash  (cost=61283.27..61283.27 rows=2528527 width=4) (actual time=1900.724..1900.724 rows=2528312 loops=1)
        Buckets: 131072  Batches: 64  Memory Usage: 2415kB
        ->  Seq Scan on title t  (cost=0.00..61283.27 rows=2528527 width=4) (actual time=0.019..1037.510 rows=2528312 loops=1)
Planning time: 0.781 ms
Execution time: 31960.053 ms
