Hash Join  (cost=87150.54..173666.53 rows=831746 width=0) (actual time=1242.634..4502.364 rows=1343662 loops=1)
  Hash Cond: (mc.movie_id = t.id)
  ->  Seq Scan on movie_companies mc  (cost=0.00..44881.29 rows=2609129 width=4) (actual time=0.026..973.807 rows=2609129 loops=1)
  ->  Hash  (cost=73925.90..73925.90 rows=806051 width=4) (actual time=1241.815..1241.815 rows=719730 loops=1)
        Buckets: 131072  Batches: 16  Memory Usage: 2606kB
        ->  Seq Scan on title t  (cost=0.00..73925.90 rows=806051 width=4) (actual time=0.018..1014.623 rows=719730 loops=1)
              Filter: ((kind_id < 7) AND (production_year > 1971))
              Rows Removed by Filter: 1808582
Planning time: 0.737 ms
Execution time: 4654.692 ms
