Hash Join  (cost=133411.96..930287.03 rows=334 width=0) (actual time=3085.495..16119.525 rows=3509 loops=1)
  Hash Cond: (ci.movie_id = t.id)
  ->  Seq Scan on cast_info ci  (cost=0.00..796071.18 rows=213480 width=4) (actual time=938.050..13909.478 rows=262128 loops=1)
        Filter: ((person_id > 1388864) AND (role_id > 10))
        Rows Removed by Filter: 35982216
  ->  Hash  (cost=133362.46..133362.46 rows=3960 width=8) (actual time=2147.170..2147.170 rows=14750 loops=1)
        Buckets: 16384 (originally 4096)  Batches: 1 (originally 1)  Memory Usage: 705kB
        ->  Hash Join  (cost=74394.67..133362.46 rows=3960 width=8) (actual time=1369.890..2141.217 rows=14750 loops=1)
              Hash Cond: (mc.movie_id = t.id)
              ->  Seq Scan on movie_companies mc  (cost=0.00..57926.93 rows=267002 width=4) (actual time=207.984..842.744 rows=528417 loops=1)
                    Filter: ((company_id > 72841) AND (company_type_id > 1))
                    Rows Removed by Filter: 2080712
              ->  Hash  (cost=73925.90..73925.90 rows=37501 width=4) (actual time=1161.227..1161.227 rows=32253 loops=1)
                    Buckets: 65536  Batches: 1  Memory Usage: 1646kB
                    ->  Seq Scan on title t  (cost=0.00..73925.90 rows=37501 width=4) (actual time=0.241..1146.612 rows=32253 loops=1)
                          Filter: ((kind_id < 7) AND (production_year = 2005))
                          Rows Removed by Filter: 2496059
Planning time: 1.192 ms
Execution time: 16120.710 ms
