Seq Scan on cast_info ci  (cost=0.00..705507.15 rows=500 width=0) (actual time=2696.958..10338.135 rows=204 loops=1)
  Filter: (person_id = 1389070)
  Rows Removed by Filter: 36244140
Planning time: 0.369 ms
Execution time: 10338.251 ms
