Hash Join  (cost=74657.14..168603.65 rows=75214 width=0) (actual time=2061.548..3020.936 rows=21319 loops=1)
  Hash Cond: (mk.movie_id = t.id)
  ->  Seq Scan on movie_keyword mk  (cost=0.00..81003.12 rows=3250997 width=4) (actual time=0.019..1348.519 rows=3241573 loops=1)
        Filter: (keyword_id > 1657)
        Rows Removed by Filter: 1282357
  ->  Hash  (cost=73925.90..73925.90 rows=58499 width=4) (actual time=1170.609..1170.609 rows=62752 loops=1)
        Buckets: 65536  Batches: 1  Memory Usage: 2719kB
        ->  Seq Scan on title t  (cost=0.00..73925.90 rows=58499 width=4) (actual time=0.011..1145.148 rows=62752 loops=1)
              Filter: ((kind_id = 7) AND (production_year = 2005))
              Rows Removed by Filter: 2465560
Planning time: 0.732 ms
Execution time: 3023.637 ms
