Nested Loop  (cost=0.43..709673.15 rows=250 width=0) (actual time=1315.942..11307.639 rows=25 loops=1)
  ->  Seq Scan on cast_info ci  (cost=0.00..705507.15 rows=500 width=4) (actual time=1315.869..11306.916 rows=27 loops=1)
        Filter: (person_id = 887638)
        Rows Removed by Filter: 36244317
  ->  Index Scan using title_pkey on title t  (cost=0.43..8.32 rows=1 width=4) (actual time=0.026..0.026 rows=1 loops=27)
        Index Cond: (id = ci.movie_id)
        Filter: (production_year < 2004)
        Rows Removed by Filter: 0
Planning time: 0.836 ms
Execution time: 11307.774 ms
