Hash Join  (cost=79355.39..111679.12 rows=59433 width=0) (actual time=1327.697..2002.799 rows=26057 loops=1)
  Hash Cond: (mi_idx.movie_id = t.id)
  ->  Seq Scan on movie_info_idx mi_idx  (cost=0.00..25185.44 rows=454124 width=4) (actual time=0.026..499.750 rows=459925 loops=1)
        Filter: (info_type_id = 100)
        Rows Removed by Filter: 920110
  ->  Hash  (cost=73925.90..73925.90 rows=330919 width=4) (actual time=1267.757..1267.757 rows=218874 loops=1)
        Buckets: 131072  Batches: 8  Memory Usage: 1976kB
        ->  Seq Scan on title t  (cost=0.00..73925.90 rows=330919 width=4) (actual time=0.031..1194.893 rows=218874 loops=1)
              Filter: ((kind_id > 4) AND (production_year < 1982))
              Rows Removed by Filter: 2309438
Planning time: 0.773 ms
Execution time: 2006.400 ms
