Hash Join  (cost=170998.08..679774.65 rows=2715065 width=0) (actual time=3434.493..16990.886 rows=2895059 loops=1)
  Hash Cond: (mi.movie_id = t.id)
  ->  Seq Scan on movie_info mi  (cost=0.00..309384.22 rows=14739122 width=4) (actual time=0.014..6180.014 rows=14835720 loops=1)
  ->  Hash  (cost=163355.89..163355.89 rows=465775 width=8) (actual time=3433.606..3433.606 rows=327423 loops=1)
        Buckets: 131072  Batches: 8  Memory Usage: 2629kB
        ->  Hash Join  (cost=88458.98..163355.89 rows=465775 width=8) (actual time=1504.836..3340.825 rows=327423 loops=1)
              Hash Cond: (mc.movie_id = t.id)
              ->  Seq Scan on movie_companies mc  (cost=0.00..51404.11 rows=1329612 width=4) (actual time=0.030..1024.627 rows=1334883 loops=1)
                    Filter: (company_type_id = 2)
                    Rows Removed by Filter: 1274246
              ->  Hash  (cost=73925.90..73925.90 rows=885766 width=4) (actual time=1503.727..1503.727 rows=802336 loops=1)
                    Buckets: 131072  Batches: 16  Memory Usage: 2788kB
                    ->  Seq Scan on title t  (cost=0.00..73925.90 rows=885766 width=4) (actual time=0.008..1248.892 rows=802336 loops=1)
                          Filter: ((kind_id > 2) AND (production_year < 2004))
                          Rows Removed by Filter: 1725976
Planning time: 5.527 ms
Execution time: 17331.982 ms
