Hash Join  (cost=67697.55..871444.46 rows=5973 width=0) (actual time=3879.484..15277.792 rows=15695 loops=1)
  Hash Cond: (ci.movie_id = t.id)
  ->  Seq Scan on cast_info ci  (cost=0.00..796071.18 rows=2030934 width=4) (actual time=2829.906..13590.966 rows=2644849 loops=1)
        Filter: ((person_id > 1750092) AND (role_id = 3))
        Rows Removed by Filter: 33599495
  ->  Hash  (cost=67604.59..67604.59 rows=7437 width=4) (actual time=1049.283..1049.283 rows=20122 loops=1)
        Buckets: 32768 (originally 8192)  Batches: 1 (originally 1)  Memory Usage: 964kB
        ->  Seq Scan on title t  (cost=0.00..67604.59 rows=7437 width=4) (actual time=0.021..1039.283 rows=20122 loops=1)
              Filter: (production_year = 1987)
              Rows Removed by Filter: 2508190
Planning time: 4.744 ms
Execution time: 15280.647 ms
