Seq Scan on movie_companies mc  (cost=0.00..51404.11 rows=4349 width=0) (actual time=71.249..877.563 rows=4831 loops=1)
  Filter: (company_id = 11149)
  Rows Removed by Filter: 2604298
Planning time: 0.297 ms
Execution time: 878.564 ms
