Hash Join  (cost=102767.86..200096.11 rows=1226912 width=0) (actual time=2319.030..4509.873 rows=1274246 loops=1)
  Hash Cond: (mc.movie_id = t.id)
  ->  Seq Scan on movie_companies mc  (cost=0.00..57926.93 rows=1226912 width=4) (actual time=379.808..1204.618 rows=1274246 loops=1)
        Filter: ((company_id < 153179) AND (company_type_id = 1))
        Rows Removed by Filter: 1334883
  ->  Hash  (cost=61283.27..61283.27 rows=2528527 width=4) (actual time=1937.905..1937.905 rows=2528312 loops=1)
        Buckets: 131072  Batches: 64  Memory Usage: 2415kB
        ->  Seq Scan on title t  (cost=0.00..61283.27 rows=2528527 width=4) (actual time=0.010..1106.251 rows=2528312 loops=1)
Planning time: 1.163 ms
Execution time: 4656.099 ms
