Hash Join  (cost=92883.59..170460.17 rows=649564 width=0) (actual time=2249.576..3874.438 rows=477720 loops=1)
  Hash Cond: (mc.movie_id = t.id)
  ->  Seq Scan on movie_companies mc  (cost=0.00..51404.11 rows=1065966 width=4) (actual time=0.033..1032.518 rows=1061469 loops=1)
        Filter: (company_id < 6372)
        Rows Removed by Filter: 1547660
  ->  Hash  (cost=67604.59..67604.59 rows=1540800 width=4) (actual time=1865.309..1865.309 rows=1543264 loops=1)
        Buckets: 131072  Batches: 32  Memory Usage: 2722kB
        ->  Seq Scan on title t  (cost=0.00..67604.59 rows=1540800 width=4) (actual time=294.534..1351.848 rows=1543264 loops=1)
              Filter: (kind_id = 7)
              Rows Removed by Filter: 985048
Planning time: 0.802 ms
Execution time: 3932.636 ms
