Hash Join  (cost=116577.92..867858.07 rows=49103 width=0) (actual time=1484.511..17075.043 rows=138129 loops=1)
  Hash Cond: (ci.movie_id = t.id)
  ->  Seq Scan on cast_info ci  (cost=0.00..614943.12 rows=36225612 width=4) (actual time=0.024..8136.051 rows=36244344 loops=1)
  ->  Hash  (cost=116535.08..116535.08 rows=3427 width=8) (actual time=1483.820..1483.820 rows=3634 loops=1)
        Buckets: 4096  Batches: 1  Memory Usage: 174kB
        ->  Nested Loop  (cost=0.43..116535.08 rows=3427 width=8) (actual time=0.214..1481.441 rows=3634 loops=1)
              ->  Seq Scan on movie_keyword mk  (cost=0.00..81003.12 rows=4826 width=4) (actual time=0.162..1330.041 rows=4626 loops=1)
                    Filter: (keyword_id = 465)
                    Rows Removed by Filter: 4519304
              ->  Index Scan using title_pkey on title t  (cost=0.43..7.35 rows=1 width=4) (actual time=0.032..0.032 rows=1 loops=4626)
                    Index Cond: (id = mk.movie_id)
                    Filter: (production_year < 2009)
                    Rows Removed by Filter: 0
Planning time: 1.260 ms
Execution time: 17100.669 ms
