Merge Join  (cost=84308.23..208890.48 rows=460978 width=144) (actual time=1600.052..18286.228 rows=459925 loops=1)
  Merge Cond: (t.id = mi_idx.movie_id)
  ->  Index Scan using title_pkey on title t  (cost=0.43..110313.87 rows=2528527 width=94) (actual time=0.004..15687.981 rows=2525794 loops=1)
  ->  Materialize  (cost=84307.42..86612.31 rows=460978 width=50) (actual time=1600.010..1905.954 rows=459925 loops=1)
        ->  Sort  (cost=84307.42..85459.86 rows=460978 width=50) (actual time=1600.006..1830.090 rows=459925 loops=1)
              Sort Key: mi_idx.movie_id
              Sort Method: external merge  Disk: 14832kB
              ->  Seq Scan on movie_info_idx mi_idx  (cost=0.00..25185.44 rows=460978 width=50) (actual time=0.014..652.664 rows=459925 loops=1)
                    Filter: (info_type_id = 99)
                    Rows Removed by Filter: 920110
Planning time: 4.152 ms
Execution time: 18318.614 ms
