Seq Scan on movie_companies mc  (cost=0.00..57926.93 rows=41208 width=0) (actual time=0.531..812.088 rows=17551 loops=1)
  Filter: ((company_id < 19) AND (company_type_id > 1))
  Rows Removed by Filter: 2591578
Planning time: 0.326 ms
Execution time: 814.604 ms
