Seq Scan on cast_info ci  (cost=0.00..796071.18 rows=1490920 width=0) (actual time=8812.272..13431.609 rows=1274369 loops=1)
  Filter: ((person_id < 1967315) AND (role_id = 4))
  Rows Removed by Filter: 34969975
Planning time: 0.403 ms
Execution time: 13592.486 ms
