Hash Join  (cost=1290517.32..2504510.80 rows=54994233 width=0) (actual time=24169.610..59517.913 rows=75969785 loops=1)
  Hash Cond: (mi.movie_id = t.id)
  ->  Seq Scan on movie_info mi  (cost=0.00..309384.22 rows=14739122 width=4) (actual time=0.007..6394.922 rows=14835720 loops=1)
  ->  Hash  (cost=1135733.63..1135733.63 rows=9434375 width=8) (actual time=24167.464..24167.464 rows=5333186 loops=1)
        Buckets: 131072  Batches: 128  Memory Usage: 2715kB
        ->  Hash Join  (cost=102767.86..1135733.63 rows=9434375 width=8) (actual time=3086.118..21944.421 rows=5333186 loops=1)
              Hash Cond: (ci.movie_id = t.id)
              ->  Seq Scan on cast_info ci  (cost=0.00..796071.18 rows=9434375 width=4) (actual time=1066.857..14900.241 rows=5333186 loops=1)
                    Filter: ((person_id < 2114088) AND (role_id > 2))
                    Rows Removed by Filter: 30911158
              ->  Hash  (cost=61283.27..61283.27 rows=2528527 width=4) (actual time=2018.185..2018.185 rows=2528312 loops=1)
                    Buckets: 131072  Batches: 64  Memory Usage: 2415kB
                    ->  Seq Scan on title t  (cost=0.00..61283.27 rows=2528527 width=4) (actual time=0.023..1184.214 rows=2528312 loops=1)
Planning time: 1.207 ms
Execution time: 68097.935 ms
