Hash Join  (cost=74389.43..905365.63 rows=131369 width=0) (actual time=11744.642..19503.406 rows=92702 loops=1)
  Hash Cond: (ci.movie_id = t.id)
  ->  Seq Scan on cast_info ci  (cost=0.00..796071.18 rows=8957688 width=4) (actual time=10598.369..16304.030 rows=7393699 loops=1)
        Filter: ((person_id < 3670552) AND (role_id > 4))
        Rows Removed by Filter: 28850645
  ->  Hash  (cost=73925.90..73925.90 rows=37082 width=4) (actual time=1144.475..1144.475 rows=41935 loops=1)
        Buckets: 65536  Batches: 1  Memory Usage: 1987kB
        ->  Seq Scan on title t  (cost=0.00..73925.90 rows=37082 width=4) (actual time=0.061..1127.127 rows=41935 loops=1)
              Filter: ((kind_id = 7) AND (production_year = 2002))
              Rows Removed by Filter: 2486377
Planning time: 0.849 ms
Execution time: 19516.757 ms
