Hash Join  (cost=137413.28..1197939.49 rows=3102424 width=0) (actual time=2716.303..30972.236 rows=3909185 loops=1)
  Hash Cond: (ci.movie_id = t.id)
  ->  Seq Scan on cast_info ci  (cost=0.00..705507.15 rows=27926075 width=4) (actual time=0.012..15544.903 rows=28045409 loops=1)
        Filter: (person_id > 801072)
        Rows Removed by Filter: 8198935
  ->  Hash  (cost=132803.96..132803.96 rows=280905 width=8) (actual time=2715.371..2715.371 rows=141906 loops=1)
        Buckets: 131072  Batches: 4  Memory Usage: 2407kB
        ->  Hash Join  (cost=92883.59..132803.96 rows=280905 width=8) (actual time=2029.359..2669.101 rows=141906 loops=1)
              Hash Cond: (mi_idx.movie_id = t.id)
              ->  Seq Scan on movie_info_idx mi_idx  (cost=0.00..25185.44 rows=460978 width=4) (actual time=0.009..443.026 rows=459925 loops=1)
                    Filter: (info_type_id < 100)
                    Rows Removed by Filter: 920110
              ->  Hash  (cost=67604.59..67604.59 rows=1540800 width=4) (actual time=1694.236..1694.236 rows=1543264 loops=1)
                    Buckets: 131072  Batches: 32  Memory Usage: 2722kB
                    ->  Seq Scan on title t  (cost=0.00..67604.59 rows=1540800 width=4) (actual time=0.397..1199.756 rows=1543264 loops=1)
                          Filter: (kind_id = 7)
                          Rows Removed by Filter: 985048
Planning time: 1.231 ms
Execution time: 31441.447 ms
