Hash Join  (cost=81821.64..167692.95 rows=42225 width=0) (actual time=1788.281..2732.277 rows=3297 loops=1)
  Hash Cond: (mk.movie_id = t.id)
  ->  Seq Scan on movie_keyword mk  (cost=0.00..81003.12 rows=221848 width=4) (actual time=0.021..1256.572 rows=223080 loops=1)
        Filter: (keyword_id > 64211)
        Rows Removed by Filter: 4300850
  ->  Hash  (cost=73925.90..73925.90 rows=481259 width=4) (actual time=1290.776..1290.776 rows=518327 loops=1)
        Buckets: 131072  Batches: 8  Memory Usage: 3307kB
        ->  Seq Scan on title t  (cost=0.00..73925.90 rows=481259 width=4) (actual time=0.010..1124.682 rows=518327 loops=1)
              Filter: ((production_year > 2007) AND (kind_id = 7))
              Rows Removed by Filter: 2009985
Planning time: 0.723 ms
Execution time: 2732.841 ms
