Seq Scan on movie_keyword mk  (cost=0.00..81003.12 rows=2248937 width=0) (actual time=0.027..1396.766 rows=2247131 loops=1)
  Filter: (keyword_id > 4801)
  Rows Removed by Filter: 2276799
Planning time: 0.392 ms
Execution time: 1671.383 ms
