Seq Scan on cast_info ci  (cost=0.00..705507.15 rows=500 width=0) (actual time=1987.852..11312.099 rows=4 loops=1)
  Filter: (person_id = 3160267)
  Rows Removed by Filter: 36244340
Planning time: 0.380 ms
Execution time: 11312.201 ms
