Hash Join  (cost=149631.16..958363.02 rows=11923 width=0) (actual time=2444.652..21095.532 rows=24747 loops=1)
  Hash Cond: (ci.movie_id = t.id)
  ->  Seq Scan on cast_info ci  (cost=0.00..705507.15 rows=27494779 width=4) (actual time=0.013..13712.368 rows=27507397 loops=1)
        Filter: (person_id < 2817084)
        Rows Removed by Filter: 8736947
  ->  Hash  (cost=149617.45..149617.45 rows=1097 width=8) (actual time=2442.634..2442.634 rows=1217 loops=1)
        Buckets: 2048  Batches: 1  Memory Usage: 64kB
        ->  Hash Join  (cost=68449.54..149617.45 rows=1097 width=8) (actual time=1103.924..2441.804 rows=1217 loops=1)
              Hash Cond: (mk.movie_id = t.id)
              ->  Seq Scan on movie_keyword mk  (cost=0.00..81003.12 rows=41017 width=4) (actual time=0.034..1319.303 rows=41840 loops=1)
                    Filter: (keyword_id = 117)
                    Rows Removed by Filter: 4482090
              ->  Hash  (cost=67604.59..67604.59 rows=67596 width=4) (actual time=1103.267..1103.267 rows=67777 loops=1)
                    Buckets: 131072  Batches: 1  Memory Usage: 3407kB
                    ->  Seq Scan on title t  (cost=0.00..67604.59 rows=67596 width=4) (actual time=0.028..1075.106 rows=67777 loops=1)
                          Filter: (production_year = 2003)
                          Rows Removed by Filter: 2460535
Planning time: 1.176 ms
Execution time: 21102.937 ms
