Hash Join  (cost=129522.47..217705.79 rows=19807 width=0) (actual time=2617.939..4434.774 rows=58776 loops=1)
  Hash Cond: (mk.movie_id = t.id)
  ->  Seq Scan on movie_keyword mk  (cost=0.00..81003.12 rows=1861900 width=4) (actual time=0.024..1466.152 rows=1870898 loops=1)
        Filter: (keyword_id < 3168)
        Rows Removed by Filter: 2653032
  ->  Hash  (cost=129186.25..129186.25 rows=26898 width=8) (actual time=2617.509..2617.509 rows=40318 loops=1)
        Buckets: 65536 (originally 32768)  Batches: 1 (originally 1)  Memory Usage: 2087kB
        ->  Hash Join  (cost=74251.74..129186.25 rows=26898 width=8) (actual time=1208.230..2600.913 rows=40318 loops=1)
              Hash Cond: (mc.movie_id = t.id)
              ->  Seq Scan on movie_companies mc  (cost=0.00..44881.29 rows=2609129 width=4) (actual time=0.018..698.262 rows=2609129 loops=1)
              ->  Hash  (cost=73925.90..73925.90 rows=26067 width=4) (actual time=1207.925..1207.925 rows=27085 loops=1)
                    Buckets: 32768  Batches: 1  Memory Usage: 1209kB
                    ->  Seq Scan on title t  (cost=0.00..73925.90 rows=26067 width=4) (actual time=0.034..1196.698 rows=27085 loops=1)
                          Filter: ((kind_id < 7) AND (production_year > 2012))
                          Rows Removed by Filter: 2501227
Planning time: 1.109 ms
Execution time: 4442.904 ms
