Seq Scan on movie_keyword mk  (cost=0.00..81003.12 rows=976392 width=0) (actual time=0.025..1492.637 rows=980645 loops=1)
  Filter: (keyword_id > 18948)
  Rows Removed by Filter: 3543285
Planning time: 0.325 ms
Execution time: 1625.399 ms
