Hash Join  (cost=271087.80..888334.50 rows=11154187 width=0) (actual time=6022.947..40817.070 rows=93528359 loops=1)
  Hash Cond: (mi.movie_id = t.id)
  ->  Seq Scan on movie_info mi  (cost=0.00..309384.22 rows=14739122 width=4) (actual time=0.020..6559.559 rows=14835720 loops=1)
  ->  Hash  (cost=239693.75..239693.75 rows=1913524 width=8) (actual time=6021.463..6021.463 rows=1926902 loops=1)
        Buckets: 131072  Batches: 32  Memory Usage: 3443kB
        ->  Hash Join  (cost=102767.86..239693.75 rows=1913524 width=8) (actual time=2005.135..5458.017 rows=1926902 loops=1)
              Hash Cond: (mk.movie_id = t.id)
              ->  Seq Scan on movie_keyword mk  (cost=0.00..81003.12 rows=1913524 width=4) (actual time=0.041..1559.025 rows=1926902 loops=1)
                    Filter: (keyword_id < 3312)
                    Rows Removed by Filter: 2597028
              ->  Hash  (cost=61283.27..61283.27 rows=2528527 width=4) (actual time=2002.664..2002.664 rows=2528312 loops=1)
                    Buckets: 131072  Batches: 64  Memory Usage: 2425kB
                    ->  Seq Scan on title t  (cost=0.00..61283.27 rows=2528527 width=4) (actual time=0.014..1127.181 rows=2528312 loops=1)
Planning time: 1.090 ms
Execution time: 51047.374 ms
