Seq Scan on movie_keyword mk  (cost=0.00..81003.12 rows=246 width=0) (actual time=1.880..1273.825 rows=178 loops=1)
  Filter: (keyword_id = 7811)
  Rows Removed by Filter: 4523752
Planning time: 0.375 ms
Execution time: 1274.033 ms
