Hash Join  (cost=154787.75..273616.08 rows=154309 width=0) (actual time=3041.426..5433.464 rows=4473 loops=1)
  Hash Cond: (mk.movie_id = t.id)
  ->  Seq Scan on movie_keyword mk  (cost=0.00..81003.12 rows=3095232 width=4) (actual time=0.029..1609.034 rows=3083247 loops=1)
        Filter: (keyword_id < 11588)
        Rows Removed by Filter: 1440683
  ->  Hash  (cost=152719.04..152719.04 rows=126057 width=8) (actual time=3001.721..3001.721 rows=6768 loops=1)
        Buckets: 131072  Batches: 2  Memory Usage: 1163kB
        ->  Hash Join  (cost=75930.94..152719.04 rows=126057 width=8) (actual time=1229.502..2997.058 rows=6768 loops=1)
              Hash Cond: (mc.movie_id = t.id)
              ->  Seq Scan on movie_companies mc  (cost=0.00..44881.29 rows=2609129 width=4) (actual time=0.026..959.106 rows=2609129 loops=1)
              ->  Hash  (cost=73925.90..73925.90 rows=122163 width=4) (actual time=1221.080..1221.080 rows=7500 loops=1)
                    Buckets: 131072  Batches: 2  Memory Usage: 1158kB
                    ->  Seq Scan on title t  (cost=0.00..73925.90 rows=122163 width=4) (actual time=0.033..1213.121 rows=7500 loops=1)
                          Filter: ((kind_id > 2) AND (production_year < 1952))
                          Rows Removed by Filter: 2520812
Planning time: 11.128 ms
Execution time: 5434.428 ms
