Seq Scan on movie_keyword mk  (cost=0.00..81003.12 rows=144513 width=0) (actual time=0.042..1145.282 rows=143251 loops=1)
  Filter: (keyword_id > 74590)
  Rows Removed by Filter: 4380679
Planning time: 0.327 ms
Execution time: 1171.689 ms
