Seq Scan on cast_info ci  (cost=0.00..796071.18 rows=332 width=0) (actual time=237.883..13582.319 rows=57 loops=1)
  Filter: ((role_id < 4) AND (person_id = 2849128))
  Rows Removed by Filter: 36244287
Planning time: 0.284 ms
Execution time: 13582.431 ms
