Seq Scan on movie_keyword mk  (cost=0.00..81003.12 rows=246 width=0) (actual time=4.397..1369.917 rows=354 loops=1)
  Filter: (keyword_id = 1148)
  Rows Removed by Filter: 4523576
Planning time: 0.410 ms
Execution time: 1370.197 ms
