Seq Scan on movie_keyword mk  (cost=0.00..81003.12 rows=2078276 width=0) (actual time=0.036..1461.760 rows=2087382 loops=1)
  Filter: (keyword_id < 3733)
  Rows Removed by Filter: 2436548
Planning time: 0.330 ms
Execution time: 1722.910 ms
