Hash Join  (cost=83074.74..109986.57 rows=134 width=0) (actual time=1238.741..1510.892 rows=144 loops=1)
  Hash Cond: (mi_idx.movie_id = t.id)
  ->  Seq Scan on movie_info_idx mi_idx  (cost=0.00..21735.35 rows=1380035 width=4) (actual time=0.015..140.071 rows=1380035 loops=1)
  ->  Hash  (cost=83071.67..83071.67 rows=246 width=8) (actual time=1232.015..1232.015 rows=59 loops=1)
        Buckets: 1024  Batches: 1  Memory Usage: 11kB
        ->  Nested Loop  (cost=0.43..83071.67 rows=246 width=8) (actual time=13.710..1231.921 rows=59 loops=1)
              ->  Seq Scan on movie_keyword mk  (cost=0.00..81003.12 rows=246 width=4) (actual time=13.626..1229.606 rows=59 loops=1)
                    Filter: (keyword_id = 12107)
                    Rows Removed by Filter: 4523871
              ->  Index Only Scan using title_pkey on title t  (cost=0.43..8.40 rows=1 width=4) (actual time=0.033..0.034 rows=1 loops=59)
                    Index Cond: (id = mk.movie_id)
                    Heap Fetches: 59
Planning time: 0.767 ms
Execution time: 1511.019 ms
