Hash Join  (cost=83074.74..110002.76 rows=45 width=0) (actual time=1319.263..1855.086 rows=1529 loops=1)
  Hash Cond: (mi_idx.movie_id = t.id)
  ->  Seq Scan on movie_info_idx mi_idx  (cost=0.00..25185.44 rows=464566 width=4) (actual time=0.027..463.980 rows=459925 loops=1)
        Filter: (info_type_id = 101)
        Rows Removed by Filter: 920110
  ->  Hash  (cost=83071.67..83071.67 rows=246 width=8) (actual time=1317.913..1317.913 rows=1893 loops=1)
        Buckets: 2048 (originally 1024)  Batches: 1 (originally 1)  Memory Usage: 90kB
        ->  Nested Loop  (cost=0.43..83071.67 rows=246 width=8) (actual time=1.074..1316.452 rows=1893 loops=1)
              ->  Seq Scan on movie_keyword mk  (cost=0.00..81003.12 rows=246 width=4) (actual time=1.015..1244.707 rows=1893 loops=1)
                    Filter: (keyword_id = 2487)
                    Rows Removed by Filter: 4522037
              ->  Index Only Scan using title_pkey on title t  (cost=0.43..8.40 rows=1 width=4) (actual time=0.036..0.037 rows=1 loops=1893)
                    Index Cond: (id = mk.movie_id)
                    Heap Fetches: 1893
Planning time: 1.203 ms
Execution time: 1855.500 ms
