Hash Join  (cost=164747.11..929588.05 rows=607594 width=0) (actual time=9994.443..18569.649 rows=2506483 loops=1)
  Hash Cond: (ci.movie_id = t.id)
  ->  Seq Scan on cast_info ci  (cost=0.00..705507.15 rows=4490360 width=4) (actual time=5853.039..11538.244 rows=4523181 loops=1)
        Filter: (person_id > 3236216)
        Rows Removed by Filter: 31721163
  ->  Hash  (cost=159133.40..159133.40 rows=342137 width=8) (actual time=4140.326..4140.326 rows=903250 loops=1)
        Buckets: 131072 (originally 131072)  Batches: 16 (originally 8)  Memory Usage: 3249kB
        ->  Hash Join  (cost=79366.51..159133.40 rows=342137 width=8) (actual time=1326.493..3856.574 rows=903250 loops=1)
              Hash Cond: (mc.movie_id = t.id)
              ->  Seq Scan on movie_companies mc  (cost=0.00..44881.29 rows=2609129 width=4) (actual time=0.026..986.961 rows=2609129 loops=1)
              ->  Hash  (cost=73925.90..73925.90 rows=331568 width=4) (actual time=1325.555..1325.555 rows=445194 loops=1)
                    Buckets: 131072  Batches: 8  Memory Usage: 2992kB
                    ->  Seq Scan on title t  (cost=0.00..73925.90 rows=331568 width=4) (actual time=0.036..1187.593 rows=445194 loops=1)
                          Filter: ((kind_id < 7) AND (production_year < 1996))
                          Rows Removed by Filter: 2083118
Planning time: 1.114 ms
Execution time: 18868.386 ms
