Seq Scan on movie_keyword mk  (cost=0.00..81003.12 rows=2685522 width=0) (actual time=0.011..1539.099 rows=2676854 loops=1)
  Filter: (keyword_id > 3068)
  Rows Removed by Filter: 1847076
Planning time: 0.332 ms
Execution time: 1870.688 ms
