Seq Scan on movie_keyword mk  (cost=0.00..81003.12 rows=935670 width=0) (actual time=0.024..1409.401 rows=943648 loops=1)
  Filter: (keyword_id > 20099)
  Rows Removed by Filter: 3580282
Planning time: 0.310 ms
Execution time: 1525.291 ms
