Hash Join  (cost=250433.81..1123007.58 rows=2184159 width=0) (actual time=8114.996..26972.096 rows=20295870 loops=1)
  Hash Cond: (ci.movie_id = t.id)
  ->  Seq Scan on cast_info ci  (cost=0.00..796071.18 rows=3825999 width=4) (actual time=544.489..12822.396 rows=4076151 loops=1)
        Filter: ((person_id < 410658) AND (role_id < 10))
        Rows Removed by Filter: 32168193
  ->  Hash  (cost=226751.46..226751.46 rows=1443468 width=8) (actual time=7185.281..7185.281 rows=3649321 loops=1)
        Buckets: 131072 (originally 131072)  Batches: 64 (originally 32)  Memory Usage: 3287kB
        ->  Hash Join  (cost=87162.74..226751.46 rows=1443468 width=8) (actual time=1568.840..6017.804 rows=3649321 loops=1)
              Hash Cond: (mk.movie_id = t.id)
              ->  Seq Scan on movie_keyword mk  (cost=0.00..69693.30 rows=4523930 width=4) (actual time=0.024..1482.827 rows=4523930 loops=1)
              ->  Hash  (cost=73925.90..73925.90 rows=806787 width=4) (actual time=1567.910..1567.910 rows=843018 loops=1)
                    Buckets: 131072  Batches: 16  Memory Usage: 2888kB
                    ->  Seq Scan on title t  (cost=0.00..73925.90 rows=806787 width=4) (actual time=0.024..1312.388 rows=843018 loops=1)
                          Filter: ((kind_id < 7) AND (production_year < 2011))
                          Rows Removed by Filter: 1685294
Planning time: 6.341 ms
Execution time: 28933.733 ms
