Hash Join  (cost=78476.71..110627.83 rows=50956 width=0) (actual time=1134.205..1862.399 rows=19591 loops=1)
  Hash Cond: (mi_idx.movie_id = t.id)
  ->  Seq Scan on movie_info_idx mi_idx  (cost=0.00..25185.44 rows=464566 width=4) (actual time=0.027..508.350 rows=459925 loops=1)
        Filter: (info_type_id = 101)
        Rows Removed by Filter: 920110
  ->  Hash  (cost=73925.90..73925.90 rows=277344 width=4) (actual time=1133.426..1133.426 rows=169544 loops=1)
        Buckets: 131072  Batches: 4  Memory Usage: 2513kB
        ->  Seq Scan on title t  (cost=0.00..73925.90 rows=277344 width=4) (actual time=0.023..1077.139 rows=169544 loops=1)
              Filter: ((production_year < 1976) AND (kind_id = 7))
              Rows Removed by Filter: 2358768
Planning time: 0.800 ms
Execution time: 1865.077 ms
