Seq Scan on movie_companies mc  (cost=0.00..57926.93 rows=588100 width=0) (actual time=501.260..711.620 rows=325397 loops=1)
  Filter: ((company_id > 12193) AND (company_type_id = 1))
  Rows Removed by Filter: 2283732
Planning time: 0.370 ms
Execution time: 739.945 ms
