Seq Scan on cast_info ci  (cost=0.00..796071.18 rows=11710052 width=0) (actual time=5822.967..15991.555 rows=10628319 loops=1)
  Filter: ((person_id > 274544) AND (role_id = 1))
  Rows Removed by Filter: 25616025
Planning time: 0.462 ms
Execution time: 17213.424 ms
