Hash Join  (cost=102767.86..937863.14 rows=1211206 width=0) (actual time=5763.082..16819.425 rows=3323374 loops=1)
  Hash Cond: (ci.movie_id = t.id)
  ->  Seq Scan on cast_info ci  (cost=0.00..796071.18 rows=1211206 width=4) (actual time=3859.102..12081.386 rows=3323374 loops=1)
        Filter: ((person_id > 2696984) AND (role_id = 10))
        Rows Removed by Filter: 32920970
  ->  Hash  (cost=61283.27..61283.27 rows=2528527 width=4) (actual time=1901.896..1901.896 rows=2528312 loops=1)
        Buckets: 131072  Batches: 64  Memory Usage: 2415kB
        ->  Seq Scan on title t  (cost=0.00..61283.27 rows=2528527 width=4) (actual time=0.023..1081.564 rows=2528312 loops=1)
Planning time: 0.787 ms
Execution time: 17194.979 ms
