Hash Join  (cost=129716.90..936929.85 rows=36940 width=0) (actual time=7515.893..16801.455 rows=319445 loops=1)
  Hash Cond: (ci.movie_id = t.id)
  ->  Seq Scan on cast_info ci  (cost=0.00..796071.18 rows=2872631 width=4) (actual time=5067.321..12686.979 rows=5811624 loops=1)
        Filter: ((person_id < 787097) AND (role_id < 2))
        Rows Removed by Filter: 30432720
  ->  Hash  (cost=129310.47..129310.47 rows=32515 width=8) (actual time=2448.004..2448.004 rows=71520 loops=1)
        Buckets: 131072 (originally 32768)  Batches: 1 (originally 1)  Memory Usage: 3818kB
        ->  Hash Join  (cost=74319.79..129310.47 rows=32515 width=8) (actual time=1093.229..2419.775 rows=71520 loops=1)
              Hash Cond: (mc.movie_id = t.id)
              ->  Seq Scan on movie_companies mc  (cost=0.00..44881.29 rows=2609129 width=4) (actual time=0.014..664.767 rows=2609129 loops=1)
              ->  Hash  (cost=73925.90..73925.90 rows=31511 width=4) (actual time=1077.015..1077.015 rows=41357 loops=1)
                    Buckets: 65536 (originally 32768)  Batches: 1 (originally 1)  Memory Usage: 1966kB
                    ->  Seq Scan on title t  (cost=0.00..73925.90 rows=31511 width=4) (actual time=9.528..1060.020 rows=41357 loops=1)
                          Filter: ((production_year < 1994) AND (kind_id = 3))
                          Rows Removed by Filter: 2486955
Planning time: 2.751 ms
Execution time: 16842.773 ms
