Seq Scan on title t  (cost=0.00..73925.90 rows=1434588 width=0) (actual time=0.017..1376.582 rows=1478437 loops=1)
  Filter: ((production_year > 1926) AND (kind_id = 7))
  Rows Removed by Filter: 1049875
Planning time: 0.377 ms
Execution time: 1556.430 ms
