Seq Scan on movie_keyword mk  (cost=0.00..81003.12 rows=246 width=0) (actual time=10.125..1259.110 rows=96 loops=1)
  Filter: (keyword_id = 44623)
  Rows Removed by Filter: 4523834
Planning time: 0.282 ms
Execution time: 1259.254 ms
