Hash Join  (cost=206539.22..1026142.03 rows=179032 width=0) (actual time=16253.980..20711.724 rows=959420 loops=1)
  Hash Cond: (ci.movie_id = t.id)
  ->  Seq Scan on cast_info ci  (cost=0.00..796071.18 rows=1611065 width=4) (actual time=11164.350..13796.856 rows=3451198 loops=1)
        Filter: ((person_id > 2304402) AND (role_id = 10))
        Rows Removed by Filter: 32793146
  ->  Hash  (cost=201928.91..201928.91 rows=280985 width=8) (actual time=5068.001..5068.001 rows=930104 loops=1)
        Buckets: 131072 (originally 131072)  Batches: 16 (originally 4)  Memory Usage: 3373kB
        ->  Hash Join  (cost=76503.02..201928.91 rows=280985 width=8) (actual time=1543.483..4823.316 rows=930104 loops=1)
              Hash Cond: (mk.movie_id = t.id)
              ->  Seq Scan on movie_keyword mk  (cost=0.00..69693.30 rows=4523930 width=4) (actual time=0.020..1468.989 rows=4523930 loops=1)
              ->  Hash  (cost=73925.90..73925.90 rows=157049 width=4) (actual time=1542.737..1542.737 rows=258048 loops=1)
                    Buckets: 131072  Batches: 4  Memory Usage: 3301kB
                    ->  Seq Scan on title t  (cost=0.00..73925.90 rows=157049 width=4) (actual time=0.288..1241.833 rows=258048 loops=1)
                          Filter: ((kind_id < 7) AND (production_year < 1972))
                          Rows Removed by Filter: 2270264
Planning time: 2.967 ms
Execution time: 20824.395 ms
