Hash Join  (cost=844811.42..1624362.28 rows=5645120 width=0) (actual time=22684.351..40331.344 rows=16008977 loops=1)
  Hash Cond: (mi.movie_id = t.id)
  ->  Seq Scan on movie_info mi  (cost=0.00..309384.22 rows=14739122 width=4) (actual time=0.018..6129.358 rows=14835720 loops=1)
  ->  Hash  (cost=828923.02..828923.02 rows=968432 width=8) (actual time=22683.447..22683.447 rows=1016774 loops=1)
        Buckets: 131072  Batches: 16  Memory Usage: 3568kB
        ->  Hash Join  (cost=68449.54..828923.02 rows=968432 width=8) (actual time=1050.082..22233.306 rows=1016774 loops=1)
              Hash Cond: (ci.movie_id = t.id)
              ->  Seq Scan on cast_info ci  (cost=0.00..614943.12 rows=36225612 width=4) (actual time=0.007..9197.840 rows=36244344 loops=1)
              ->  Hash  (cost=67604.59..67604.59 rows=67596 width=4) (actual time=1049.360..1049.360 rows=67777 loops=1)
                    Buckets: 131072  Batches: 1  Memory Usage: 3407kB
                    ->  Seq Scan on title t  (cost=0.00..67604.59 rows=67596 width=4) (actual time=0.027..1021.021 rows=67777 loops=1)
                          Filter: (production_year = 2003)
                          Rows Removed by Filter: 2460535
Planning time: 1.090 ms
Execution time: 42169.241 ms
