Seq Scan on cast_info ci  (cost=0.00..705507.15 rows=22743052 width=0) (actual time=0.023..12531.586 rows=22804447 loops=1)
  Filter: (person_id > 1325290)
  Rows Removed by Filter: 13439897
Planning time: 0.335 ms
Execution time: 15359.955 ms
