Seq Scan on movie_info mi  (cost=0.00..346232.03 rows=8673596 width=0) (actual time=961.849..6148.115 rows=8786582 loops=1)
  Filter: (info_type_id < 13)
  Rows Removed by Filter: 6049138
Planning time: 0.357 ms
Execution time: 7225.946 ms
