Hash Join  (cost=161714.80..261598.18 rows=175306 width=0) (actual time=3324.601..5767.427 rows=1445226 loops=1)
  Hash Cond: (mk.movie_id = t.id)
  ->  Seq Scan on movie_keyword mk  (cost=0.00..81003.12 rows=1372052 width=4) (actual time=0.025..1425.435 rows=1387924 loops=1)
        Filter: (keyword_id > 12015)
        Rows Removed by Filter: 3136006
  ->  Hash  (cost=156414.46..156414.46 rows=323067 width=8) (actual time=3323.542..3323.542 rows=493041 loops=1)
        Buckets: 131072  Batches: 8  Memory Usage: 3444kB
        ->  Hash Join  (cost=84005.63..156414.46 rows=323067 width=8) (actual time=1359.625..3169.236 rows=493041 loops=1)
              Hash Cond: (mc.movie_id = t.id)
              ->  Seq Scan on movie_companies mc  (cost=0.00..51404.11 rows=1329612 width=4) (actual time=0.019..930.690 rows=1334883 loops=1)
                    Filter: (company_type_id = 2)
                    Rows Removed by Filter: 1274246
              ->  Hash  (cost=73925.90..73925.90 rows=614378 width=4) (actual time=1358.586..1358.586 rows=520376 loops=1)
                    Buckets: 131072  Batches: 16  Memory Usage: 2162kB
                    ->  Seq Scan on title t  (cost=0.00..73925.90 rows=614378 width=4) (actual time=0.015..1200.763 rows=520376 loops=1)
                          Filter: ((kind_id < 7) AND (production_year > 1996))
                          Rows Removed by Filter: 2007936
Planning time: 1.155 ms
Execution time: 5943.659 ms
