Hash Join  (cost=365418.15..1689044.11 rows=26477475 width=0) (actual time=8631.547..59010.948 rows=96111763 loops=1)
  Hash Cond: (ci.movie_id = t.id)
  ->  Seq Scan on cast_info ci  (cost=0.00..796071.18 rows=14798861 width=4) (actual time=0.010..17897.462 rows=15271879 loops=1)
        Filter: ((person_id > 295225) AND (role_id > 2))
        Rows Removed by Filter: 20972465
  ->  Hash  (cost=291197.02..291197.02 rows=4523930 width=8) (actual time=8629.833..8629.833 rows=4523930 loops=1)
        Buckets: 131072  Batches: 64  Memory Usage: 3816kB
        ->  Hash Join  (cost=102767.86..291197.02 rows=4523930 width=8) (actual time=1994.711..7403.389 rows=4523930 loops=1)
              Hash Cond: (mk.movie_id = t.id)
              ->  Seq Scan on movie_keyword mk  (cost=0.00..69693.30 rows=4523930 width=4) (actual time=0.013..1509.705 rows=4523930 loops=1)
              ->  Hash  (cost=61283.27..61283.27 rows=2528527 width=4) (actual time=1993.682..1993.682 rows=2528312 loops=1)
                    Buckets: 131072  Batches: 64  Memory Usage: 2425kB
                    ->  Seq Scan on title t  (cost=0.00..61283.27 rows=2528527 width=4) (actual time=0.022..1021.509 rows=2528312 loops=1)
Planning time: 1.150 ms
Execution time: 70049.109 ms
