Seq Scan on movie_companies mc  (cost=0.00..51404.11 rows=104 width=0) (actual time=153.082..681.382 rows=125 loops=1)
  Filter: (company_id = 71399)
  Rows Removed by Filter: 2609004
Planning time: 0.392 ms
Execution time: 681.479 ms
