Seq Scan on movie_keyword mk  (cost=0.00..81003.12 rows=3655712 width=0) (actual time=0.025..1604.837 rows=3647259 loops=1)
  Filter: (keyword_id < 21047)
  Rows Removed by Filter: 876671
Planning time: 0.328 ms
Execution time: 2074.624 ms
