Seq Scan on movie_keyword mk  (cost=0.00..81003.12 rows=705441 width=0) (actual time=0.019..1353.440 rows=711929 loops=1)
  Filter: (keyword_id > 26536)
  Rows Removed by Filter: 3812001
Planning time: 0.242 ms
Execution time: 1445.947 ms
