Nested Loop  (cost=87121.30..795019.31 rows=74 width=0) (actual time=9290.780..12813.911 rows=611 loops=1)
  Join Filter: (ci.movie_id = t.id)
  ->  Hash Join  (cost=87120.88..794845.86 rows=184 width=8) (actual time=9290.686..12794.777 rows=611 loops=1)
        Hash Cond: (ci.movie_id = mk.movie_id)
        ->  Seq Scan on cast_info ci  (cost=0.00..705507.15 rows=500 width=4) (actual time=4092.393..11234.834 rows=2570 loops=1)
              Filter: (person_id = 1751350)
              Rows Removed by Filter: 36241774
        ->  Hash  (cost=81003.12..81003.12 rows=372860 width=4) (actual time=1502.503..1502.503 rows=371053 loops=1)
              Buckets: 131072  Batches: 8  Memory Usage: 2679kB
              ->  Seq Scan on movie_keyword mk  (cost=0.00..81003.12 rows=372860 width=4) (actual time=0.040..1378.428 rows=371053 loops=1)
                    Filter: (keyword_id > 45581)
                    Rows Removed by Filter: 4152877
  ->  Index Only Scan using title_pkey on title t  (cost=0.43..0.93 rows=1 width=4) (actual time=0.030..0.031 rows=1 loops=611)
        Index Cond: (id = mk.movie_id)
        Heap Fetches: 611
Planning time: 0.776 ms
Execution time: 12814.569 ms
