Hash Join  (cost=91959.31..184759.07 rows=201961 width=0) (actual time=2375.364..4227.725 rows=160557 loops=1)
  Hash Cond: (mk.movie_id = t.id)
  ->  Seq Scan on movie_keyword mk  (cost=0.00..81003.12 rows=344007 width=4) (actual time=0.029..1394.749 rows=342241 loops=1)
        Filter: (keyword_id > 48541)
        Rows Removed by Filter: 4181689
  ->  Hash  (cost=67604.59..67604.59 rows=1484458 width=4) (actual time=2363.284..2363.284 rows=1485030 loops=1)
        Buckets: 131072  Batches: 32  Memory Usage: 2663kB
        ->  Seq Scan on title t  (cost=0.00..67604.59 rows=1484458 width=4) (actual time=0.012..1554.566 rows=1485030 loops=1)
              Filter: (production_year > 1998)
              Rows Removed by Filter: 1043282
Planning time: 0.736 ms
Execution time: 4247.577 ms
