Hash Join  (cost=102767.86..189273.46 rows=1048215 width=0) (actual time=1981.290..4123.032 rows=1058591 loops=1)
  Hash Cond: (mc.movie_id = t.id)
  ->  Seq Scan on movie_companies mc  (cost=0.00..51404.11 rows=1048215 width=4) (actual time=0.008..921.706 rows=1058591 loops=1)
        Filter: (company_id > 14778)
        Rows Removed by Filter: 1550538
  ->  Hash  (cost=61283.27..61283.27 rows=2528527 width=4) (actual time=1980.224..1980.224 rows=2528312 loops=1)
        Buckets: 131072  Batches: 64  Memory Usage: 2415kB
        ->  Seq Scan on title t  (cost=0.00..61283.27 rows=2528527 width=4) (actual time=0.008..1127.986 rows=2528312 loops=1)
Planning time: 0.684 ms
Execution time: 4244.321 ms
