Hash Join  (cost=206459.57..347791.40 rows=1586579 width=0) (actual time=4972.516..13866.442 rows=25514742 loops=1)
  Hash Cond: (mk.movie_id = t.id)
  ->  Seq Scan on movie_keyword mk  (cost=0.00..69693.30 rows=4523930 width=4) (actual time=0.013..1454.298 rows=4523930 loops=1)
  ->  Hash  (cost=191910.89..191910.89 rows=886775 width=8) (actual time=4971.093..4971.093 rows=1199241 loops=1)
        Buckets: 131072  Batches: 16  Memory Usage: 4001kB
        ->  Hash Join  (cost=102767.86..191910.89 rows=886775 width=8) (actual time=2027.958..4597.164 rows=1199241 loops=1)
              Hash Cond: (mc.movie_id = t.id)
              ->  Seq Scan on movie_companies mc  (cost=0.00..57926.93 rows=886775 width=4) (actual time=0.025..1162.058 rows=1199241 loops=1)
                    Filter: ((company_id < 29574) AND (company_type_id < 2))
                    Rows Removed by Filter: 1409888
              ->  Hash  (cost=61283.27..61283.27 rows=2528527 width=4) (actual time=2026.618..2026.618 rows=2528312 loops=1)
                    Buckets: 131072  Batches: 64  Memory Usage: 2415kB
                    ->  Seq Scan on title t  (cost=0.00..61283.27 rows=2528527 width=4) (actual time=0.011..1168.320 rows=2528312 loops=1)
Planning time: 1.101 ms
Execution time: 16594.817 ms
