Seq Scan on cast_info ci  (cost=0.00..796071.18 rows=7689071 width=0) (actual time=4441.238..14169.319 rows=12670688 loops=1)
  Filter: ((person_id < 2210909) AND (role_id = 1))
  Rows Removed by Filter: 23573656
Planning time: 0.459 ms
Execution time: 15756.345 ms
