Hash Join  (cost=125377.19..212630.45 rows=59522 width=0) (actual time=2145.617..3931.824 rows=78268 loops=1)
  Hash Cond: (mk.movie_id = t.id)
  ->  Seq Scan on movie_keyword mk  (cost=0.00..69693.30 rows=4523930 width=4) (actual time=0.017..948.716 rows=4523930 loops=1)
  ->  Hash  (cost=124961.34..124961.34 rows=33268 width=8) (actual time=2144.755..2144.755 rows=15892 loops=1)
        Buckets: 65536  Batches: 1  Memory Usage: 1133kB
        ->  Hash Join  (cost=68426.36..124961.34 rows=33268 width=8) (actual time=1338.693..2137.968 rows=15892 loops=1)
              Hash Cond: (mc.movie_id = t.id)
              ->  Seq Scan on movie_companies mc  (cost=0.00..51404.11 rows=1279517 width=4) (actual time=305.680..825.266 rows=1274246 loops=1)
                    Filter: (company_type_id = 1)
                    Rows Removed by Filter: 1334883
              ->  Hash  (cost=67604.59..67604.59 rows=65742 width=4) (actual time=1032.316..1032.316 rows=63827 loops=1)
                    Buckets: 131072  Batches: 1  Memory Usage: 3268kB
                    ->  Seq Scan on title t  (cost=0.00..67604.59 rows=65742 width=4) (actual time=0.038..1000.954 rows=63827 loops=1)
                          Filter: (production_year = 2013)
                          Rows Removed by Filter: 2464485
Planning time: 1.449 ms
Execution time: 3942.061 ms
