Hash Join  (cost=425037.70..1176153.65 rows=32675 width=0) (actual time=6981.117..23258.837 rows=39281 loops=1)
  Hash Cond: (ci.movie_id = t.id)
  ->  Seq Scan on cast_info ci  (cost=0.00..614943.12 rows=36225612 width=4) (actual time=0.021..9033.985 rows=36244344 loops=1)
  ->  Hash  (cost=425009.18..425009.18 rows=2281 width=8) (actual time=6977.641..6977.641 rows=1948 loops=1)
        Buckets: 4096  Batches: 1  Memory Usage: 109kB
        ->  Hash Join  (cost=73982.55..425009.18 rows=2281 width=8) (actual time=1802.861..6976.887 rows=1948 loops=1)
              Hash Cond: (mi.movie_id = t.id)
              ->  Seq Scan on movie_info mi  (cost=0.00..346232.03 rows=1272478 width=4) (actual time=637.111..5581.208 rows=1325361 loops=1)
                    Filter: (info_type_id = 8)
                    Rows Removed by Filter: 13510359
              ->  Hash  (cost=73925.90..73925.90 rows=4532 width=4) (actual time=1165.516..1165.516 rows=7895 loops=1)
                    Buckets: 8192  Batches: 1  Memory Usage: 342kB
                    ->  Seq Scan on title t  (cost=0.00..73925.90 rows=4532 width=4) (actual time=0.103..1161.587 rows=7895 loops=1)
                          Filter: ((kind_id = 7) AND (production_year = 1982))
                          Rows Removed by Filter: 2520417
Planning time: 1.251 ms
Execution time: 23266.472 ms
