Nested Loop  (cost=0.43..796612.62 rows=22 width=0) (actual time=927.664..12296.133 rows=21 loops=1)
  ->  Seq Scan on cast_info ci  (cost=0.00..796071.18 rows=64 width=4) (actual time=927.597..12295.391 rows=34 loops=1)
        Filter: ((role_id > 9) AND (person_id = 2924166))
        Rows Removed by Filter: 36244310
  ->  Index Scan using title_pkey on title t  (cost=0.43..8.45 rows=1 width=4) (actual time=0.021..0.021 rows=1 loops=34)
        Index Cond: (id = ci.movie_id)
        Filter: (kind_id < 4)
        Rows Removed by Filter: 0
Planning time: 0.781 ms
Execution time: 12296.246 ms
