Hash Join  (cost=237262.21..1155498.58 rows=6085847 width=0) (actual time=8021.830..24938.077 rows=2774896 loops=1)
  Hash Cond: (ci.movie_id = t.id)
  ->  Seq Scan on cast_info ci  (cost=0.00..705507.15 rows=12726058 width=4) (actual time=3306.448..14418.161 rows=12670688 loops=1)
        Filter: (role_id = 1)
        Rows Removed by Filter: 23573656
  ->  Hash  (cost=217423.32..217423.32 rows=1209191 width=8) (actual time=4713.899..4713.899 rows=264978 loops=1)
        Buckets: 131072  Batches: 16  Memory Usage: 1667kB
        ->  Hash Join  (cost=92883.59..217423.32 rows=1209191 width=8) (actual time=3328.926..4634.936 rows=264978 loops=1)
              Hash Cond: (mk.movie_id = t.id)
              ->  Seq Scan on movie_keyword mk  (cost=0.00..81003.12 rows=1984340 width=4) (actual time=0.033..1580.686 rows=1984712 loops=1)
                    Filter: (keyword_id < 3511)
                    Rows Removed by Filter: 2539218
              ->  Hash  (cost=67604.59..67604.59 rows=1540800 width=4) (actual time=1830.845..1830.845 rows=1543264 loops=1)
                    Buckets: 131072  Batches: 32  Memory Usage: 2728kB
                    ->  Seq Scan on title t  (cost=0.00..67604.59 rows=1540800 width=4) (actual time=0.021..1317.735 rows=1543264 loops=1)
                          Filter: (kind_id = 7)
                          Rows Removed by Filter: 985048
Planning time: 1.375 ms
Execution time: 25207.055 ms
