Hash Join  (cost=98137.04..207540.15 rows=770894 width=0) (actual time=1848.117..4209.075 rows=406702 loops=1)
  Hash Cond: (mk.movie_id = t.id)
  ->  Seq Scan on movie_keyword mk  (cost=0.00..81003.12 rows=1047410 width=4) (actual time=0.035..1416.893 rows=1050037 loops=1)
        Filter: (keyword_id < 1046)
        Rows Removed by Filter: 3473893
  ->  Hash  (cost=67604.59..67604.59 rows=1860996 width=4) (actual time=1846.301..1846.301 rows=1865487 loops=1)
        Buckets: 131072  Batches: 32  Memory Usage: 3085kB
        ->  Seq Scan on title t  (cost=0.00..67604.59 rows=1860996 width=4) (actual time=0.011..1236.224 rows=1865487 loops=1)
              Filter: (kind_id > 1)
              Rows Removed by Filter: 662825
Planning time: 0.759 ms
Execution time: 4260.450 ms
