Hash Join  (cost=491650.71..633433.46 rows=1249666 width=0) (actual time=8416.834..13340.911 rows=3912126 loops=1)
  Hash Cond: (mk.movie_id = t.id)
  ->  Seq Scan on movie_keyword mk  (cost=0.00..81003.12 rows=3902122 width=4) (actual time=0.015..1855.336 rows=3901855 loops=1)
        Filter: (keyword_id < 29338)
        Rows Removed by Filter: 622075
  ->  Hash  (cost=478364.61..478364.61 rows=809768 width=8) (actual time=8415.515..8415.515 rows=802140 loops=1)
        Buckets: 131072  Batches: 16  Memory Usage: 2985kB
        ->  Hash Join  (cost=102767.86..478364.61 rows=809768 width=8) (actual time=5248.843..8162.001 rows=802140 loops=1)
              Hash Cond: (mi.movie_id = t.id)
              ->  Seq Scan on movie_info mi  (cost=0.00..346232.03 rows=809768 width=4) (actual time=3325.627..4521.615 rows=802140 loops=1)
                    Filter: (info_type_id < 2)
                    Rows Removed by Filter: 14033580
              ->  Hash  (cost=61283.27..61283.27 rows=2528527 width=4) (actual time=1922.051..1922.051 rows=2528312 loops=1)
                    Buckets: 131072  Batches: 64  Memory Usage: 2425kB
                    ->  Seq Scan on title t  (cost=0.00..61283.27 rows=2528527 width=4) (actual time=0.024..1037.955 rows=2528312 loops=1)
Planning time: 1.152 ms
Execution time: 13797.046 ms
