Hash Join  (cost=71711.64..111748.35 rows=136623 width=0) (actual time=1168.235..2326.787 rows=139556 loops=1)
  Hash Cond: (mi_idx.movie_id = t.id)
  ->  Seq Scan on movie_info_idx mi_idx  (cost=0.00..21735.35 rows=1380035 width=4) (actual time=0.028..468.596 rows=1380035 loops=1)
  ->  Hash  (cost=67604.59..67604.59 rows=250324 width=4) (actual time=1166.419..1166.419 rows=252521 loops=1)
        Buckets: 131072  Batches: 4  Memory Usage: 3244kB
        ->  Seq Scan on title t  (cost=0.00..67604.59 rows=250324 width=4) (actual time=0.022..1076.337 rows=252521 loops=1)
              Filter: (production_year < 1961)
              Rows Removed by Filter: 2275791
Planning time: 0.794 ms
Execution time: 2345.799 ms
