Hash Join  (cost=419074.30..1249135.17 rows=14155 width=0) (actual time=11518.619..21147.865 rows=25968 loops=1)
  Hash Cond: (ci.movie_id = t.id)
  ->  Seq Scan on cast_info ci  (cost=0.00..796071.18 rows=9026172 width=4) (actual time=5299.471..14046.856 rows=5208008 loops=1)
        Filter: ((person_id > 1018284) AND (role_id = 1))
        Rows Removed by Filter: 31036336
  ->  Hash  (cost=419024.74..419024.74 rows=3965 width=8) (actual time=6218.865..6218.865 rows=8430 loops=1)
        Buckets: 16384 (originally 4096)  Batches: 1 (originally 1)  Memory Usage: 458kB
        ->  Hash Join  (cost=67697.55..419024.74 rows=3965 width=8) (actual time=4929.620..6215.093 rows=8430 loops=1)
              Hash Cond: (mi.movie_id = t.id)
              ->  Seq Scan on movie_info mi  (cost=0.00..346232.03 rows=1348138 width=4) (actual time=3884.884..4921.343 rows=1298989 loops=1)
                    Filter: (info_type_id = 4)
                    Rows Removed by Filter: 13536731
              ->  Hash  (cost=67604.59..67604.59 rows=7437 width=4) (actual time=1044.471..1044.471 rows=14349 loops=1)
                    Buckets: 16384 (originally 8192)  Batches: 1 (originally 1)  Memory Usage: 633kB
                    ->  Seq Scan on title t  (cost=0.00..67604.59 rows=7437 width=4) (actual time=0.032..1037.977 rows=14349 loops=1)
                          Filter: (production_year = 1969)
                          Rows Removed by Filter: 2513963
Planning time: 7.390 ms
Execution time: 21155.232 ms
