Hash Join  (cost=99161.12..497720.27 rows=1669404 width=0) (actual time=2948.158..10296.937 rows=1875206 loops=1)
  Hash Cond: (mi.movie_id = t.id)
  ->  Seq Scan on movie_info mi  (cost=0.00..346232.03 rows=2194617 width=4) (actual time=251.086..5678.249 rows=2233850 loops=1)
        Filter: (info_type_id > 16)
        Rows Removed by Filter: 12601870
  ->  Hash  (cost=67604.59..67604.59 rows=1923403 width=4) (actual time=2653.002..2653.002 rows=1922849 loops=1)
        Buckets: 131072  Batches: 32  Memory Usage: 3141kB
        ->  Seq Scan on title t  (cost=0.00..67604.59 rows=1923403 width=4) (actual time=0.023..1423.368 rows=1922849 loops=1)
              Filter: (production_year < 2010)
              Rows Removed by Filter: 605463
Planning time: 0.743 ms
Execution time: 10526.311 ms
