Seq Scan on movie_keyword mk  (cost=0.00..81003.12 rows=1615716 width=0) (actual time=0.018..1435.777 rows=1626068 loops=1)
  Filter: (keyword_id > 9192)
  Rows Removed by Filter: 2897862
Planning time: 0.345 ms
Execution time: 1643.708 ms
