Seq Scan on cast_info ci  (cost=0.00..705507.15 rows=12493731 width=0) (actual time=4558.420..11571.488 rows=12607849 loops=1)
  Filter: (person_id > 2421714)
  Rows Removed by Filter: 23636495
Planning time: 0.312 ms
Execution time: 13056.560 ms
