Hash Join  (cost=1331711.87..2627443.91 rows=60928099 width=0) (actual time=28004.084..68207.417 rows=101714109 loops=1)
  Hash Cond: (mi.movie_id = t.id)
  ->  Seq Scan on movie_info mi  (cost=0.00..309384.22 rows=14739122 width=4) (actual time=0.017..6394.472 rows=14835720 loops=1)
  ->  Hash  (cost=1160227.59..1160227.59 rows=10452342 width=8) (actual time=28001.339..28001.339 rows=8072143 loops=1)
        Buckets: 131072  Batches: 256  Memory Usage: 2335kB
        ->  Hash Join  (cost=102767.86..1160227.59 rows=10452342 width=8) (actual time=3109.116..25345.654 rows=8072143 loops=1)
              Hash Cond: (ci.movie_id = t.id)
              ->  Seq Scan on cast_info ci  (cost=0.00..796071.18 rows=10452342 width=4) (actual time=1073.575..16208.601 rows=8072143 loops=1)
                    Filter: ((person_id > 615794) AND (role_id = 1))
                    Rows Removed by Filter: 28172201
              ->  Hash  (cost=61283.27..61283.27 rows=2528527 width=4) (actual time=2033.709..2033.709 rows=2528312 loops=1)
                    Buckets: 131072  Batches: 64  Memory Usage: 2415kB
                    ->  Seq Scan on title t  (cost=0.00..61283.27 rows=2528527 width=4) (actual time=0.029..1179.750 rows=2528312 loops=1)
Planning time: 1.274 ms
Execution time: 79294.748 ms
