Hash Join  (cost=297020.20..980191.31 rows=15605937 width=0) (actual time=6973.318..25834.040 rows=22011253 loops=1)
  Hash Cond: (mi.movie_id = t.id)
  ->  Seq Scan on movie_info mi  (cost=0.00..309384.22 rows=14739122 width=4) (actual time=0.023..5980.060 rows=14835720 loops=1)
  ->  Hash  (cost=253096.82..253096.82 rows=2677231 width=8) (actual time=6970.962..6970.962 rows=1496723 loops=1)
        Buckets: 131072  Batches: 64  Memory Usage: 1948kB
        ->  Hash Join  (cost=98476.47..253096.82 rows=2677231 width=8) (actual time=2009.173..6523.694 rows=1496723 loops=1)
              Hash Cond: (mk.movie_id = t.id)
              ->  Seq Scan on movie_keyword mk  (cost=0.00..69693.30 rows=4523930 width=4) (actual time=0.025..1381.062 rows=4523930 loops=1)
              ->  Hash  (cost=73925.90..73925.90 rows=1496365 width=4) (actual time=2007.756..2007.756 rows=1620169 loops=1)
                    Buckets: 131072  Batches: 32  Memory Usage: 2817kB
                    ->  Seq Scan on title t  (cost=0.00..73925.90 rows=1496365 width=4) (actual time=0.013..1464.794 rows=1620169 loops=1)
                          Filter: ((kind_id > 1) AND (production_year > 1973))
                          Rows Removed by Filter: 908143
Planning time: 1.113 ms
Execution time: 28275.433 ms
