Hash Join  (cost=84309.71..848525.56 rows=1000683 width=0) (actual time=5188.552..16733.788 rows=905625 loops=1)
  Hash Cond: (ci.movie_id = t.id)
  ->  Seq Scan on cast_info ci  (cost=0.00..705507.15 rows=3998100 width=4) (actual time=3672.119..13033.428 rows=4008037 loops=1)
        Filter: (role_id = 3)
        Rows Removed by Filter: 32236307
  ->  Hash  (cost=73925.90..73925.90 rows=632864 width=4) (actual time=1515.322..1515.322 rows=588795 loops=1)
        Buckets: 131072  Batches: 16  Memory Usage: 2315kB
        ->  Seq Scan on title t  (cost=0.00..73925.90 rows=632864 width=4) (actual time=0.085..1334.027 rows=588795 loops=1)
              Filter: ((production_year > 1915) AND (kind_id = 1))
              Rows Removed by Filter: 1939517
Planning time: 1.229 ms
Execution time: 16851.648 ms
