Seq Scan on movie_companies mc  (cost=0.00..51404.11 rows=104 width=0) (actual time=151.774..838.652 rows=3 loops=1)
  Filter: (company_id = 39499)
  Rows Removed by Filter: 2609126
Planning time: 0.275 ms
Execution time: 838.714 ms
