Seq Scan on title t  (cost=0.00..73925.90 rows=917170 width=0) (actual time=0.031..1115.677 rows=862466 loops=1)
  Filter: ((kind_id < 7) AND (production_year > 1929))
  Rows Removed by Filter: 1665846
Planning time: 1.387 ms
Execution time: 1220.465 ms
