Seq Scan on cast_info ci  (cost=0.00..705507.15 rows=24460585 width=0) (actual time=0.013..13235.263 rows=24582006 loops=1)
  Filter: (person_id > 1146524)
  Rows Removed by Filter: 11662338
Planning time: 0.323 ms
Execution time: 16227.659 ms
