Hash Join  (cost=83810.17..1221882.10 rows=8539056 width=0) (actual time=6250.812..33200.198 rows=9104128 loops=1)
  Hash Cond: (ci.movie_id = t.id)
  ->  Seq Scan on cast_info ci  (cost=0.00..796071.18 rows=21859515 width=4) (actual time=4706.051..18630.384 rows=22872199 loops=1)
        Filter: ((person_id > 240077) AND (role_id > 1))
        Rows Removed by Filter: 13372145
  ->  Hash  (cost=67604.59..67604.59 rows=987727 width=4) (actual time=1542.421..1542.421 rows=985048 loops=1)
        Buckets: 131072  Batches: 16  Memory Usage: 3188kB
        ->  Seq Scan on title t  (cost=0.00..67604.59 rows=987727 width=4) (actual time=0.032..1229.020 rows=985048 loops=1)
              Filter: (kind_id < 7)
              Rows Removed by Filter: 1543264
Planning time: 0.808 ms
Execution time: 34069.578 ms
