Seq Scan on movie_keyword mk  (cost=0.00..81003.12 rows=2428861 width=0) (actual time=0.023..1506.517 rows=2418345 loops=1)
  Filter: (keyword_id > 3792)
  Rows Removed by Filter: 2105585
Planning time: 0.328 ms
Execution time: 1812.518 ms
