Seq Scan on cast_info ci  (cost=0.00..796071.18 rows=14459847 width=0) (actual time=4177.757..16323.117 rows=20122661 loops=1)
  Filter: ((person_id < 2707599) AND (role_id < 3))
  Rows Removed by Filter: 16121683
Planning time: 0.516 ms
Execution time: 18806.820 ms
