Hash Join  (cost=76192.15..209603.72 rows=936453 width=0) (actual time=1204.459..5359.685 rows=1306437 loops=1)
  Hash Cond: (mk.movie_id = t.id)
  ->  Seq Scan on movie_keyword mk  (cost=0.00..69693.30 rows=4523930 width=4) (actual time=0.019..1309.871 rows=4523930 loops=1)
  ->  Hash  (cost=67604.59..67604.59 rows=523405 width=4) (actual time=1203.579..1203.579 rows=523734 loops=1)
        Buckets: 131072  Batches: 8  Memory Usage: 3326kB
        ->  Seq Scan on title t  (cost=0.00..67604.59 rows=523405 width=4) (actual time=0.026..1034.684 rows=523734 loops=1)
              Filter: (production_year < 1981)
              Rows Removed by Filter: 2004578
Planning time: 0.926 ms
Execution time: 5514.085 ms
