Seq Scan on cast_info ci  (cost=0.00..705507.15 rows=500 width=0) (actual time=8105.976..11069.931 rows=3 loops=1)
  Filter: (person_id = 2462609)
  Rows Removed by Filter: 36244341
Planning time: 0.278 ms
Execution time: 11070.023 ms
