Hash Join  (cost=922492.27..1051913.81 rows=608950 width=0) (actual time=18430.756..21972.586 rows=1162983 loops=1)
  Hash Cond: (mk.movie_id = t.id)
  ->  Seq Scan on movie_keyword mk  (cost=0.00..69693.30 rows=4523930 width=4) (actual time=0.014..1485.892 rows=4523930 loops=1)
  ->  Hash  (cost=916907.82..916907.82 rows=340356 width=8) (actual time=18427.901..18427.901 rows=149485 loops=1)
        Buckets: 131072  Batches: 8  Memory Usage: 1762kB
        ->  Hash Join  (cost=102767.86..916907.82 rows=340356 width=8) (actual time=8546.658..18378.202 rows=149485 loops=1)
              Hash Cond: (ci.movie_id = t.id)
              ->  Seq Scan on cast_info ci  (cost=0.00..796071.18 rows=340356 width=4) (actual time=6566.031..15861.831 rows=149485 loops=1)
                    Filter: ((person_id < 3859779) AND (role_id > 10))
                    Rows Removed by Filter: 36094859
              ->  Hash  (cost=61283.27..61283.27 rows=2528527 width=4) (actual time=1979.489..1979.489 rows=2528312 loops=1)
                    Buckets: 131072  Batches: 64  Memory Usage: 2415kB
                    ->  Seq Scan on title t  (cost=0.00..61283.27 rows=2528527 width=4) (actual time=0.018..1119.647 rows=2528312 loops=1)
Planning time: 17.062 ms
Execution time: 22115.049 ms
