Seq Scan on movie_companies mc  (cost=0.00..57926.93 rows=551075 width=0) (actual time=0.018..987.419 rows=760952 loops=1)
  Filter: ((company_id < 7879) AND (company_type_id < 2))
  Rows Removed by Filter: 1848177
Planning time: 1.383 ms
Execution time: 1084.358 ms
