Hash Join  (cost=69274.78..163749.07 rows=3205 width=0) (actual time=929.937..3059.720 rows=21254 loops=1)
  Hash Cond: (mk.movie_id = t.id)
  ->  Seq Scan on movie_keyword mk  (cost=0.00..81003.12 rows=3583762 width=4) (actual time=0.024..1592.860 rows=3572654 loops=1)
        Filter: (keyword_id < 19968)
        Rows Removed by Filter: 951276
  ->  Hash  (cost=69246.52..69246.52 rows=2261 width=8) (actual time=929.543..929.543 rows=2106 loops=1)
        Buckets: 4096  Batches: 1  Memory Usage: 115kB
        ->  Nested Loop  (cost=0.43..69246.52 rows=2261 width=8) (actual time=0.282..928.306 rows=2106 loops=1)
              ->  Seq Scan on movie_companies mc  (cost=0.00..51404.11 rows=2261 width=4) (actual time=0.231..859.270 rows=2106 loops=1)
                    Filter: (company_id = 554)
                    Rows Removed by Filter: 2607023
              ->  Index Only Scan using title_pkey on title t  (cost=0.43..7.88 rows=1 width=4) (actual time=0.031..0.032 rows=1 loops=2106)
                    Index Cond: (id = mc.movie_id)
                    Heap Fetches: 2106
Planning time: 1.161 ms
Execution time: 3063.055 ms
