Hash Join  (cost=78556.72..428176.97 rows=14469 width=0) (actual time=1596.824..7065.216 rows=49959 loops=1)
  Hash Cond: (mi.movie_id = t.id)
  ->  Seq Scan on movie_info mi  (cost=0.00..346232.03 rows=54808 width=4) (actual time=115.226..5500.026 rows=50267 loops=1)
        Filter: (info_type_id > 107)
        Rows Removed by Filter: 14785453
  ->  Hash  (cost=67604.59..67604.59 rows=667531 width=4) (actual time=1412.789..1412.789 rows=662825 loops=1)
        Buckets: 131072  Batches: 16  Memory Usage: 2485kB
        ->  Seq Scan on title t  (cost=0.00..67604.59 rows=667531 width=4) (actual time=428.391..1197.478 rows=662825 loops=1)
              Filter: (kind_id = 1)
              Rows Removed by Filter: 1865487
Planning time: 6.191 ms
Execution time: 7072.207 ms
