Seq Scan on movie_keyword mk  (cost=0.00..81003.12 rows=246 width=0) (actual time=4.401..1179.813 rows=157 loops=1)
  Filter: (keyword_id = 16424)
  Rows Removed by Filter: 4523773
Planning time: 0.386 ms
Execution time: 1180.002 ms
