Hash Join  (cost=102767.86..287403.09 rows=3896253 width=0) (actual time=2034.674..6976.820 rows=3898499 loops=1)
  Hash Cond: (mk.movie_id = t.id)
  ->  Seq Scan on movie_keyword mk  (cost=0.00..81003.12 rows=3896253 width=4) (actual time=0.023..1819.146 rows=3898499 loops=1)
        Filter: (keyword_id > 484)
        Rows Removed by Filter: 625431
  ->  Hash  (cost=61283.27..61283.27 rows=2528527 width=4) (actual time=2033.505..2033.505 rows=2528312 loops=1)
        Buckets: 131072  Batches: 64  Memory Usage: 2425kB
        ->  Seq Scan on title t  (cost=0.00..61283.27 rows=2528527 width=4) (actual time=0.026..1188.409 rows=2528312 loops=1)
Planning time: 0.749 ms
Execution time: 7422.486 ms
