Hash Join  (cost=195238.23..562427.04 rows=253288 width=0) (actual time=3675.973..12227.437 rows=1088045 loops=1)
  Hash Cond: (mi.movie_id = t.id)
  ->  Seq Scan on movie_info mi  (cost=0.00..309384.22 rows=14739122 width=4) (actual time=0.011..4453.657 rows=14835720 loops=1)
  ->  Hash  (cost=194695.08..194695.08 rows=43452 width=8) (actual time=3674.735..3674.735 rows=38892 loops=1)
        Buckets: 65536  Batches: 1  Memory Usage: 2032kB
        ->  Hash Join  (cost=102767.86..194695.08 rows=43452 width=8) (actual time=1995.281..3661.076 rows=38892 loops=1)
              Hash Cond: (mk.movie_id = t.id)
              ->  Seq Scan on movie_keyword mk  (cost=0.00..81003.12 rows=43452 width=4) (actual time=0.027..1302.710 rows=38892 loops=1)
                    Filter: (keyword_id < 47)
                    Rows Removed by Filter: 4485038
              ->  Hash  (cost=61283.27..61283.27 rows=2528527 width=4) (actual time=1989.213..1989.213 rows=2528312 loops=1)
                    Buckets: 131072  Batches: 64  Memory Usage: 2425kB
                    ->  Seq Scan on title t  (cost=0.00..61283.27 rows=2528527 width=4) (actual time=0.047..1125.937 rows=2528312 loops=1)
Planning time: 4.830 ms
Execution time: 12385.072 ms
