Seq Scan on movie_companies mc  (cost=0.00..51404.11 rows=104 width=0) (actual time=503.419..803.186 rows=1 loops=1)
  Filter: (company_id = 231313)
  Rows Removed by Filter: 2609128
Planning time: 0.400 ms
Execution time: 803.259 ms
