Hash Join  (cost=156487.41..225161.62 rows=121831 width=0) (actual time=3373.863..4553.086 rows=182766 loops=1)
  Hash Cond: (mc.movie_id = t.id)
  ->  Seq Scan on movie_companies mc  (cost=0.00..57926.93 rows=668258 width=4) (actual time=51.911..901.177 rows=425866 loops=1)
        Filter: ((company_id < 11302) AND (company_type_id = 2))
        Rows Removed by Filter: 2183263
  ->  Hash  (cost=148924.19..148924.19 rows=460978 width=8) (actual time=3321.172..3321.172 rows=459925 loops=1)
        Buckets: 131072  Batches: 8  Memory Usage: 3275kB
        ->  Hash Join  (cost=102767.86..148924.19 rows=460978 width=8) (actual time=1950.035..3193.673 rows=459925 loops=1)
              Hash Cond: (mi_idx.movie_id = t.id)
              ->  Seq Scan on movie_info_idx mi_idx  (cost=0.00..25185.44 rows=460978 width=4) (actual time=0.031..451.393 rows=459925 loops=1)
                    Filter: (info_type_id = 99)
                    Rows Removed by Filter: 920110
              ->  Hash  (cost=61283.27..61283.27 rows=2528527 width=4) (actual time=1948.808..1948.808 rows=2528312 loops=1)
                    Buckets: 131072  Batches: 64  Memory Usage: 2415kB
                    ->  Seq Scan on title t  (cost=0.00..61283.27 rows=2528527 width=4) (actual time=0.018..1121.144 rows=2528312 loops=1)
Planning time: 0.826 ms
Execution time: 4575.830 ms
