Hash Join  (cost=190002.71..227422.19 rows=77358 width=0) (actual time=3957.300..4482.397 rows=48912 loops=1)
  Hash Cond: (mi_idx.movie_id = t.id)
  ->  Seq Scan on movie_info_idx mi_idx  (cost=0.00..25185.44 rows=919057 width=4) (actual time=0.016..587.727 rows=920110 loops=1)
        Filter: (info_type_id > 99)
        Rows Removed by Filter: 459925
  ->  Hash  (cost=186510.33..186510.33 rows=212830 width=8) (actual time=3524.925..3524.925 rows=52179 loops=1)
        Buckets: 131072  Batches: 4  Memory Usage: 1548kB
        ->  Hash Join  (cost=92883.59..186510.33 rows=212830 width=8) (actual time=1870.336..3507.679 rows=52179 loops=1)
              Hash Cond: (mk.movie_id = t.id)
              ->  Seq Scan on movie_keyword mk  (cost=0.00..81003.12 rows=349264 width=4) (actual time=0.023..1338.717 rows=363692 loops=1)
                    Filter: (keyword_id < 335)
                    Rows Removed by Filter: 4160238
              ->  Hash  (cost=67604.59..67604.59 rows=1540800 width=4) (actual time=1729.799..1729.799 rows=1543264 loops=1)
                    Buckets: 131072  Batches: 32  Memory Usage: 2728kB
                    ->  Seq Scan on title t  (cost=0.00..67604.59 rows=1540800 width=4) (actual time=0.022..1230.211 rows=1543264 loops=1)
                          Filter: (kind_id = 7)
                          Rows Removed by Filter: 985048
Planning time: 1.165 ms
Execution time: 4488.813 ms
