Hash Join  (cost=120116.39..206809.24 rows=3482 width=0) (actual time=1998.162..3731.240 rows=6992 loops=1)
  Hash Cond: (mk.movie_id = t.id)
  ->  Seq Scan on movie_keyword mk  (cost=0.00..69693.30 rows=4523930 width=4) (actual time=0.029..980.072 rows=4523930 loops=1)
  ->  Hash  (cost=120092.06..120092.06 rows=1946 width=8) (actual time=1955.927..1955.927 rows=1185 loops=1)
        Buckets: 2048  Batches: 1  Memory Usage: 63kB
        ->  Hash Join  (cost=68365.25..120092.06 rows=1946 width=8) (actual time=1150.624..1955.242 rows=1185 loops=1)
              Hash Cond: (mc.movie_id = t.id)
              ->  Seq Scan on movie_companies mc  (cost=0.00..51404.11 rows=80864 width=4) (actual time=0.069..780.587 rows=84071 loops=1)
                    Filter: (company_id < 19)
                    Rows Removed by Filter: 2525058
              ->  Hash  (cost=67604.59..67604.59 rows=60853 width=4) (actual time=1142.158..1142.158 rows=62568 loops=1)
                    Buckets: 65536  Batches: 1  Memory Usage: 2712kB
                    ->  Seq Scan on title t  (cost=0.00..67604.59 rows=60853 width=4) (actual time=0.031..1116.404 rows=62568 loops=1)
                          Filter: (production_year = 2002)
                          Rows Removed by Filter: 2465744
Planning time: 1.163 ms
Execution time: 3732.407 ms
