Seq Scan on cast_info ci  (cost=0.00..796071.18 rows=324 width=0) (actual time=7112.242..14256.736 rows=13 loops=1)
  Filter: ((role_id > 1) AND (person_id = 2174583))
  Rows Removed by Filter: 36244331
Planning time: 0.329 ms
Execution time: 14256.846 ms
