Hash Join  (cost=109633.08..949210.80 rows=170541 width=0) (actual time=2912.676..23329.990 rows=1064738 loops=1)
  Hash Cond: (ci.movie_id = t.id)
  ->  Seq Scan on cast_info ci  (cost=0.00..796071.18 rows=11146965 width=4) (actual time=918.359..15896.870 rows=12670688 loops=1)
        Filter: ((person_id < 3235514) AND (role_id = 1))
        Rows Removed by Filter: 23573656
  ->  Hash  (cost=109149.52..109149.52 rows=38685 width=8) (actual time=1993.766..1993.766 rows=87245 loops=1)
        Buckets: 131072 (originally 65536)  Batches: 2 (originally 1)  Memory Usage: 3073kB
        ->  Hash Join  (cost=77377.73..109149.52 rows=38685 width=8) (actual time=1182.277..1957.475 rows=87245 loops=1)
              Hash Cond: (mi_idx.movie_id = t.id)
              ->  Seq Scan on movie_info_idx mi_idx  (cost=0.00..25185.44 rows=464934 width=4) (actual time=0.049..467.149 rows=460185 loops=1)
                    Filter: (info_type_id > 100)
                    Rows Removed by Filter: 919850
              ->  Hash  (cost=73925.90..73925.90 rows=210386 width=4) (actual time=1181.421..1181.421 rows=320579 loops=1)
                    Buckets: 131072  Batches: 4  Memory Usage: 3842kB
                    ->  Seq Scan on title t  (cost=0.00..73925.90 rows=210386 width=4) (actual time=0.091..1076.968 rows=320579 loops=1)
                          Filter: ((kind_id < 7) AND (production_year < 1982))
                          Rows Removed by Filter: 2207733
Planning time: 1.209 ms
Execution time: 23463.545 ms
