Seq Scan on movie_keyword mk  (cost=0.00..81003.12 rows=1873556 width=0) (actual time=0.021..1424.674 rows=1879905 loops=1)
  Filter: (keyword_id < 3218)
  Rows Removed by Filter: 2644025
Planning time: 0.345 ms
Execution time: 1652.480 ms
