Hash Join  (cost=75458.68..165616.97 rows=27213 width=0) (actual time=1316.464..2965.972 rows=15732 loops=1)
  Hash Cond: (mk.movie_id = t.id)
  ->  Seq Scan on movie_keyword mk  (cost=0.00..81003.12 rows=736542 width=4) (actual time=0.032..1369.652 rows=739291 loops=1)
        Filter: (keyword_id < 664)
        Rows Removed by Filter: 3784639
  ->  Hash  (cost=73925.90..73925.90 rows=93422 width=4) (actual time=1314.443..1314.443 rows=100754 loops=1)
        Buckets: 131072  Batches: 2  Memory Usage: 2808kB
        ->  Seq Scan on title t  (cost=0.00..73925.90 rows=93422 width=4) (actual time=0.013..1274.538 rows=100754 loops=1)
              Filter: ((kind_id > 1) AND (production_year = 2008))
              Rows Removed by Filter: 2427558
Planning time: 3.870 ms
Execution time: 2968.502 ms
