Hash Join  (cost=174865.45..1072762.03 rows=2342165 width=0) (actual time=12803.061..24983.341 rows=4711088 loops=1)
  Hash Cond: (ci.movie_id = t.id)
  ->  Seq Scan on cast_info ci  (cost=0.00..796071.18 rows=6471666 width=4) (actual time=8978.675..16106.676 rows=7451973 loops=1)
        Filter: ((person_id < 3298883) AND (role_id = 2))
        Rows Removed by Filter: 28792371
  ->  Hash  (cost=159851.69..159851.69 rows=915101 width=8) (actual time=3823.283..3823.283 rows=919850 loops=1)
        Buckets: 131072  Batches: 16  Memory Usage: 3269kB
        ->  Hash Join  (cost=102767.86..159851.69 rows=915101 width=8) (actual time=1950.854..3574.133 rows=919850 loops=1)
              Hash Cond: (mi_idx.movie_id = t.id)
              ->  Seq Scan on movie_info_idx mi_idx  (cost=0.00..25185.44 rows=915101 width=4) (actual time=0.037..531.145 rows=919850 loops=1)
                    Filter: (info_type_id < 101)
                    Rows Removed by Filter: 460185
              ->  Hash  (cost=61283.27..61283.27 rows=2528527 width=4) (actual time=1949.538..1949.538 rows=2528312 loops=1)
                    Buckets: 131072  Batches: 64  Memory Usage: 2415kB
                    ->  Seq Scan on title t  (cost=0.00..61283.27 rows=2528527 width=4) (actual time=0.019..1106.485 rows=2528312 loops=1)
Planning time: 1.218 ms
Execution time: 25533.110 ms
