Seq Scan on movie_keyword mk  (cost=0.00..81003.12 rows=995742 width=0) (actual time=0.024..1367.437 rows=1001024 loops=1)
  Filter: (keyword_id < 957)
  Rows Removed by Filter: 3522906
Planning time: 0.361 ms
Execution time: 1494.652 ms
