Seq Scan on movie_keyword mk  (cost=0.00..81003.12 rows=3945371 width=0) (actual time=0.020..1551.063 rows=3938540 loops=1)
  Filter: (keyword_id > 414)
  Rows Removed by Filter: 585390
Planning time: 0.311 ms
Execution time: 2025.215 ms
