Hash Join  (cost=74469.67..958811.89 rows=387202 width=0) (actual time=2514.004..24390.621 rows=399905 loops=1)
  Hash Cond: (ci.movie_id = t.id)
  ->  Seq Scan on cast_info ci  (cost=0.00..796071.18 rows=22506405 width=4) (actual time=1460.617..16370.678 rows=25328781 loops=1)
        Filter: ((person_id < 2764034) AND (role_id < 9))
        Rows Removed by Filter: 10915563
  ->  Hash  (cost=73925.90..73925.90 rows=43501 width=4) (actual time=1052.671..1052.671 rows=39560 loops=1)
        Buckets: 65536  Batches: 1  Memory Usage: 1903kB
        ->  Seq Scan on title t  (cost=0.00..73925.90 rows=43501 width=4) (actual time=0.047..1037.531 rows=39560 loops=1)
              Filter: ((kind_id = 1) AND (production_year = 2012))
              Rows Removed by Filter: 2488752
Planning time: 0.875 ms
Execution time: 24452.915 ms
