Hash Join  (cost=101528.68..1649652.35 rows=14566051 width=136) (actual time=2205.314..48237.673 rows=12808953 loops=1)
  Hash Cond: (ci.movie_id = t.id)
  ->  Seq Scan on cast_info ci  (cost=0.00..614943.12 rows=36225612 width=42) (actual time=0.024..14576.283 rows=36244344 loops=1)
  ->  Hash  (cost=73925.90..73925.90 rows=1016702 width=94) (actual time=2203.725..2203.725 rows=960113 loops=1)
        Buckets: 32768  Batches: 64  Memory Usage: 1964kB
        ->  Seq Scan on title t  (cost=0.00..73925.90 rows=1016702 width=94) (actual time=0.016..1769.411 rows=960113 loops=1)
              Filter: ((production_year < 2008) AND (kind_id = 7))
              Rows Removed by Filter: 1568199
Planning time: 1.116 ms
Execution time: 48935.968 ms
