Seq Scan on movie_keyword mk  (cost=0.00..81003.12 rows=1232110 width=0) (actual time=0.008..1454.976 rows=1243862 loops=1)
  Filter: (keyword_id > 14532)
  Rows Removed by Filter: 3280068
Planning time: 0.225 ms
Execution time: 1608.155 ms
