Hash Join  (cost=95523.84..155834.67 rows=5458 width=0) (actual time=1767.818..2817.483 rows=11618 loops=1)
  Hash Cond: (mc.movie_id = t.id)
  ->  Seq Scan on movie_companies mc  (cost=0.00..57926.93 rows=621152 width=4) (actual time=78.672..1033.524 rows=399296 loops=1)
        Filter: ((company_id < 11137) AND (company_type_id > 1))
        Rows Removed by Filter: 2209833
  ->  Hash  (cost=95246.11..95246.11 rows=22218 width=8) (actual time=1688.626..1688.626 rows=26998 loops=1)
        Buckets: 32768  Batches: 1  Memory Usage: 1311kB
        ->  Hash Join  (cost=68113.45..95246.11 rows=22218 width=8) (actual time=976.711..1679.143 rows=26998 loops=1)
              Hash Cond: (mi_idx.movie_id = t.id)
              ->  Seq Scan on movie_info_idx mi_idx  (cost=0.00..21735.35 rows=1380035 width=4) (actual time=0.016..363.175 rows=1380035 loops=1)
              ->  Hash  (cost=67604.59..67604.59 rows=40709 width=4) (actual time=976.250..976.250 rows=38955 loops=1)
                    Buckets: 65536  Batches: 1  Memory Usage: 1882kB
                    ->  Seq Scan on title t  (cost=0.00..67604.59 rows=40709 width=4) (actual time=0.058..960.152 rows=38955 loops=1)
                          Filter: (production_year = 1997)
                          Rows Removed by Filter: 2489357
Planning time: 1.094 ms
Execution time: 2819.424 ms
