Hash Join  (cost=148427.33..640712.82 rows=1169557 width=0) (actual time=3396.849..17856.930 rows=6613146 loops=1)
  Hash Cond: (mi.movie_id = t.id)
  ->  Seq Scan on movie_info mi  (cost=0.00..309384.22 rows=14739122 width=4) (actual time=0.024..5726.737 rows=14835720 loops=1)
  ->  Hash  (cost=145135.33..145135.33 rows=200640 width=8) (actual time=3395.699..3395.699 rows=406319 loops=1)
        Buckets: 131072 (originally 131072)  Batches: 8 (originally 4)  Memory Usage: 3073kB
        ->  Hash Join  (cost=73205.47..145135.33 rows=200640 width=8) (actual time=1187.512..3236.519 rows=406319 loops=1)
              Hash Cond: (mc.movie_id = t.id)
              ->  Seq Scan on movie_companies mc  (cost=0.00..51404.11 rows=1486224 width=4) (actual time=0.014..942.821 rows=1488322 loops=1)
                    Filter: (company_id > 7851)
                    Rows Removed by Filter: 1120807
              ->  Hash  (cost=67604.59..67604.59 rows=341351 width=4) (actual time=1186.609..1186.609 rows=337846 loops=1)
                    Buckets: 131072  Batches: 8  Memory Usage: 2501kB
                    ->  Seq Scan on title t  (cost=0.00..67604.59 rows=341351 width=4) (actual time=0.023..1078.146 rows=337846 loops=1)
                          Filter: (production_year < 1968)
                          Rows Removed by Filter: 2190466
Planning time: 1.113 ms
Execution time: 18661.594 ms
