Hash Join  (cost=128714.60..215627.96 rows=25533 width=0) (actual time=2329.923..4244.598 rows=26355 loops=1)
  Hash Cond: (mk.movie_id = t.id)
  ->  Seq Scan on movie_keyword mk  (cost=0.00..69693.30 rows=4523930 width=4) (actual time=0.008..1054.150 rows=4523930 loops=1)
  ->  Hash  (cost=128536.21..128536.21 rows=14271 width=8) (actual time=2329.272..2329.272 rows=9587 loops=1)
        Buckets: 16384  Batches: 1  Memory Usage: 503kB
        ->  Hash Join  (cost=68438.72..128536.21 rows=14271 width=8) (actual time=1142.009..2324.906 rows=9587 loops=1)
              Hash Cond: (mc.movie_id = t.id)
              ->  Seq Scan on movie_companies mc  (cost=0.00..57926.93 rows=540757 width=4) (actual time=0.021..986.908 rows=749167 loops=1)
                    Filter: ((company_id < 7404) AND (company_type_id = 1))
                    Rows Removed by Filter: 1859962
              ->  Hash  (cost=67604.59..67604.59 rows=66731 width=4) (actual time=1141.304..1141.304 rows=67342 loops=1)
                    Buckets: 131072  Batches: 1  Memory Usage: 3392kB
                    ->  Seq Scan on title t  (cost=0.00..67604.59 rows=66731 width=4) (actual time=0.028..1113.645 rows=67342 loops=1)
                          Filter: (production_year > 2012)
                          Rows Removed by Filter: 2460970
Planning time: 1.176 ms
Execution time: 4248.648 ms
