Hash Join  (cost=91673.71..957003.43 rows=4202221 width=0) (actual time=2063.184..20982.275 rows=4211840 loops=1)
  Hash Cond: (ci.movie_id = t.id)
  ->  Seq Scan on cast_info ci  (cost=0.00..705507.15 rows=9822498 width=4) (actual time=334.681..12723.278 rows=9624656 loops=1)
        Filter: (person_id < 946365)
        Rows Removed by Filter: 26619688
  ->  Hash  (cost=73925.90..73925.90 rows=1081744 width=4) (actual time=1727.727..1727.727 rows=1176905 loops=1)
        Buckets: 131072  Batches: 16  Memory Usage: 3619kB
        ->  Seq Scan on title t  (cost=0.00..73925.90 rows=1081744 width=4) (actual time=0.030..1364.456 rows=1176905 loops=1)
              Filter: ((production_year > 1989) AND (kind_id = 7))
              Rows Removed by Filter: 1351407
Planning time: 0.840 ms
Execution time: 21429.924 ms
