Hash Join  (cost=58358.90..939873.87 rows=460 width=0) (actual time=866.741..22290.438 rows=3338 loops=1)
  Hash Cond: (ci.movie_id = t.id)
  ->  Seq Scan on cast_info ci  (cost=0.00..796071.18 rows=22783783 width=4) (actual time=0.020..17815.526 rows=25687980 loops=1)
        Filter: ((person_id < 2922825) AND (role_id < 8))
        Rows Removed by Filter: 10556364
  ->  Hash  (cost=58358.27..58358.27 rows=51 width=8) (actual time=860.122..860.122 rows=181 loops=1)
        Buckets: 1024  Batches: 1  Memory Usage: 16kB
        ->  Nested Loop  (cost=0.43..58358.27 rows=51 width=8) (actual time=427.813..859.997 rows=181 loops=1)
              ->  Seq Scan on movie_companies mc  (cost=0.00..57926.93 rows=51 width=4) (actual time=427.750..854.500 rows=181 loops=1)
                    Filter: ((company_id = 669) AND (company_type_id = 1))
                    Rows Removed by Filter: 2608948
              ->  Index Only Scan using title_pkey on title t  (cost=0.43..8.45 rows=1 width=4) (actual time=0.028..0.029 rows=1 loops=181)
                    Index Cond: (id = mc.movie_id)
                    Heap Fetches: 181
Planning time: 2.733 ms
Execution time: 22292.034 ms
