Hash Join  (cost=102767.86..244028.91 rows=2093657 width=0) (actual time=1881.997..5647.443 rows=2090352 loops=1)
  Hash Cond: (mk.movie_id = t.id)
  ->  Seq Scan on movie_keyword mk  (cost=0.00..81003.12 rows=2093657 width=4) (actual time=0.026..1695.242 rows=2090352 loops=1)
        Filter: (keyword_id > 5768)
        Rows Removed by Filter: 2433578
  ->  Hash  (cost=61283.27..61283.27 rows=2528527 width=4) (actual time=1880.745..1880.745 rows=2528312 loops=1)
        Buckets: 131072  Batches: 64  Memory Usage: 2425kB
        ->  Seq Scan on title t  (cost=0.00..61283.27 rows=2528527 width=4) (actual time=0.021..1044.475 rows=2528312 loops=1)
Planning time: 0.777 ms
Execution time: 5922.704 ms
