Hash Join  (cost=81928.94..223404.24 rows=837378 width=0) (actual time=1703.189..5664.205 rows=1251837 loops=1)
  Hash Cond: (mk.movie_id = t.id)
  ->  Seq Scan on movie_keyword mk  (cost=0.00..81003.12 rows=4340906 width=4) (actual time=0.023..1808.938 rows=4337968 loops=1)
        Filter: (keyword_id < 71480)
        Rows Removed by Filter: 185962
  ->  Hash  (cost=73925.90..73925.90 rows=487763 width=4) (actual time=1702.200..1702.200 rows=380204 loops=1)
        Buckets: 131072  Batches: 8  Memory Usage: 2701kB
        ->  Seq Scan on title t  (cost=0.00..73925.90 rows=487763 width=4) (actual time=0.017..1176.984 rows=380204 loops=1)
              Filter: ((kind_id < 4) AND (production_year > 1999))
              Rows Removed by Filter: 2148108
Planning time: 0.764 ms
Execution time: 5816.671 ms
