Hash Join  (cost=215914.96..747065.99 rows=3085321 width=0) (actual time=4627.430..17029.650 rows=1280101 loops=1)
  Hash Cond: (mi.movie_id = t.id)
  ->  Seq Scan on movie_info mi  (cost=0.00..309384.22 rows=14739122 width=4) (actual time=0.022..5784.774 rows=14835720 loops=1)
  ->  Hash  (cost=207230.80..207230.80 rows=529293 width=8) (actual time=4375.708..4375.708 rows=100524 loops=1)
        Buckets: 131072  Batches: 8  Memory Usage: 1476kB
        ->  Hash Join  (cost=78779.83..207230.80 rows=529293 width=8) (actual time=2080.405..4335.061 rows=100524 loops=1)
              Hash Cond: (mk.movie_id = t.id)
              ->  Seq Scan on movie_keyword mk  (cost=0.00..69693.30 rows=4523930 width=4) (actual time=0.008..1443.924 rows=4523930 loops=1)
              ->  Hash  (cost=73925.90..73925.90 rows=295834 width=4) (actual time=1172.965..1172.965 rows=185285 loops=1)
                    Buckets: 131072  Batches: 4  Memory Usage: 2654kB
                    ->  Seq Scan on title t  (cost=0.00..73925.90 rows=295834 width=4) (actual time=0.014..1090.780 rows=185285 loops=1)
                          Filter: ((production_year < 1978) AND (kind_id = 7))
                          Rows Removed by Filter: 2343027
Planning time: 1.158 ms
Execution time: 17188.603 ms
