Seq Scan on cast_info ci  (cost=0.00..705507.15 rows=23641980 width=0) (actual time=0.032..13325.746 rows=23714312 loops=1)
  Filter: (person_id > 1234911)
  Rows Removed by Filter: 12530032
Planning time: 4.817 ms
Execution time: 16311.512 ms
