Seq Scan on movie_companies mc  (cost=0.00..51404.11 rows=2196709 width=0) (actual time=0.036..965.785 rows=2195506 loops=1)
  Filter: (company_id > 276)
  Rows Removed by Filter: 413623
Planning time: 0.307 ms
Execution time: 1238.815 ms
