Hash Join  (cost=106094.70..284890.42 rows=4197377 width=0) (actual time=2245.071..7509.797 rows=4384883 loops=1)
  Hash Cond: (mk.movie_id = t.id)
  ->  Seq Scan on movie_keyword mk  (cost=0.00..69693.30 rows=4523930 width=4) (actual time=0.016..1517.101 rows=4523930 loops=1)
  ->  Hash  (cost=67604.59..67604.59 rows=2346009 width=4) (actual time=2243.881..2243.881 rows=2338360 loops=1)
        Buckets: 131072  Batches: 32  Memory Usage: 3606kB
        ->  Seq Scan on title t  (cost=0.00..67604.59 rows=2346009 width=4) (actual time=0.011..1471.804 rows=2338360 loops=1)
              Filter: (production_year > 1930)
              Rows Removed by Filter: 189952
Planning time: 0.740 ms
Execution time: 8013.828 ms
