Hash Join  (cost=52284.99..80902.44 rows=38 width=0) (actual time=868.173..1540.148 rows=1056 loops=1)
  Hash Cond: (mi_idx.movie_id = t.id)
  ->  Seq Scan on movie_info_idx mi_idx  (cost=0.00..25185.44 rows=915101 width=4) (actual time=0.025..532.352 rows=919850 loops=1)
        Filter: (info_type_id < 101)
        Rows Removed by Filter: 460185
  ->  Hash  (cost=52283.69..52283.69 rows=104 width=8) (actual time=866.413..866.413 rows=547 loops=1)
        Buckets: 1024  Batches: 1  Memory Usage: 30kB
        ->  Nested Loop  (cost=0.43..52283.69 rows=104 width=8) (actual time=406.099..866.047 rows=547 loops=1)
              ->  Seq Scan on movie_companies mc  (cost=0.00..51404.11 rows=104 width=4) (actual time=406.011..850.176 rows=547 loops=1)
                    Filter: (company_id = 966)
                    Rows Removed by Filter: 2608582
              ->  Index Only Scan using title_pkey on title t  (cost=0.43..8.45 rows=1 width=4) (actual time=0.027..0.028 rows=1 loops=547)
                    Index Cond: (id = mc.movie_id)
                    Heap Fetches: 547
Planning time: 1.161 ms
Execution time: 1540.465 ms
