Hash Join  (cost=58358.90..145017.85 rows=91 width=0) (actual time=829.216..2603.162 rows=1192 loops=1)
  Hash Cond: (mk.movie_id = t.id)
  ->  Seq Scan on movie_keyword mk  (cost=0.00..69693.30 rows=4523930 width=4) (actual time=0.014..1026.992 rows=4523930 loops=1)
  ->  Hash  (cost=58358.27..58358.27 rows=51 width=8) (actual time=824.347..824.347 rows=78 loops=1)
        Buckets: 1024  Batches: 1  Memory Usage: 12kB
        ->  Nested Loop  (cost=0.43..58358.27 rows=51 width=8) (actual time=454.544..824.271 rows=78 loops=1)
              ->  Seq Scan on movie_companies mc  (cost=0.00..57926.93 rows=51 width=4) (actual time=454.447..820.640 rows=78 loops=1)
                    Filter: ((company_id = 23133) AND (company_type_id = 1))
                    Rows Removed by Filter: 2609051
              ->  Index Only Scan using title_pkey on title t  (cost=0.43..8.45 rows=1 width=4) (actual time=0.043..0.044 rows=1 loops=78)
                    Index Cond: (id = mc.movie_id)
                    Heap Fetches: 78
Planning time: 1.135 ms
Execution time: 2603.474 ms
