Hash Join  (cost=75238.98..560021.57 rows=466366 width=0) (actual time=1230.484..14103.443 rows=2148332 loops=1)
  Hash Cond: (mi.movie_id = t.id)
  ->  Seq Scan on movie_info mi  (cost=0.00..309384.22 rows=14739122 width=4) (actual time=0.015..6085.578 rows=14835720 loops=1)
  ->  Hash  (cost=73925.90..73925.90 rows=80006 width=4) (actual time=1229.450..1229.450 rows=180389 loops=1)
        Buckets: 131072 (originally 131072)  Batches: 4 (originally 2)  Memory Usage: 3073kB
        ->  Seq Scan on title t  (cost=0.00..73925.90 rows=80006 width=4) (actual time=0.018..1158.955 rows=180389 loops=1)
              Filter: ((kind_id < 7) AND (production_year < 1956))
              Rows Removed by Filter: 2347923
Planning time: 0.678 ms
Execution time: 14348.389 ms
