Seq Scan on movie_keyword mk  (cost=0.00..81003.12 rows=246 width=0) (actual time=13.288..1272.678 rows=127 loops=1)
  Filter: (keyword_id = 6009)
  Rows Removed by Filter: 4523803
Planning time: 0.377 ms
Execution time: 1272.873 ms
