Hash Join  (cost=171455.96..537517.28 rows=140540 width=0) (actual time=3180.417..10316.274 rows=50182 loops=1)
  Hash Cond: (mi.movie_id = t.id)
  ->  Seq Scan on movie_info mi  (cost=0.00..309384.22 rows=14739122 width=4) (actual time=0.022..4266.284 rows=14835720 loops=1)
  ->  Hash  (cost=171154.58..171154.58 rows=24110 width=8) (actual time=3179.282..3179.282 rows=5188 loops=1)
        Buckets: 32768  Batches: 1  Memory Usage: 459kB
        ->  Hash Join  (cost=102767.86..171154.58 rows=24110 width=8) (actual time=1916.674..3176.870 rows=5188 loops=1)
              Hash Cond: (mc.movie_id = t.id)
              ->  Seq Scan on movie_companies mc  (cost=0.00..57926.93 rows=24110 width=4) (actual time=0.520..858.563 rows=5188 loops=1)
                    Filter: ((company_id = 19) AND (company_type_id = 2))
                    Rows Removed by Filter: 2603941
              ->  Hash  (cost=61283.27..61283.27 rows=2528527 width=4) (actual time=1911.706..1911.706 rows=2528312 loops=1)
                    Buckets: 131072  Batches: 64  Memory Usage: 2415kB
                    ->  Seq Scan on title t  (cost=0.00..61283.27 rows=2528527 width=4) (actual time=0.025..1085.329 rows=2528312 loops=1)
Planning time: 1.158 ms
Execution time: 10323.427 ms
