Hash Join  (cost=215346.54..1370116.83 rows=7367617 width=0) (actual time=5563.790..52188.375 rows=61154470 loops=1)
  Hash Cond: (ci.movie_id = t.id)
  ->  Seq Scan on cast_info ci  (cost=0.00..614943.12 rows=36225612 width=4) (actual time=0.013..13347.957 rows=36244344 loops=1)
  ->  Hash  (cost=206909.36..206909.36 rows=514255 width=8) (actual time=5562.643..5562.643 rows=1649085 loops=1)
        Buckets: 131072 (originally 131072)  Batches: 32 (originally 8)  Memory Usage: 3073kB
        ->  Hash Join  (cost=78641.77..206909.36 rows=514255 width=8) (actual time=1299.408..5021.601 rows=1649085 loops=1)
              Hash Cond: (mk.movie_id = t.id)
              ->  Seq Scan on movie_keyword mk  (cost=0.00..69693.30 rows=4523930 width=4) (actual time=0.017..1449.777 rows=4523930 loops=1)
              ->  Hash  (cost=73925.90..73925.90 rows=287429 width=4) (actual time=1298.235..1298.235 rows=401493 loops=1)
                    Buckets: 131072 (originally 131072)  Batches: 8 (originally 4)  Memory Usage: 3073kB
                    ->  Seq Scan on title t  (cost=0.00..73925.90 rows=287429 width=4) (actual time=0.058..1164.741 rows=401493 loops=1)
                          Filter: ((kind_id < 7) AND (production_year < 1992))
                          Rows Removed by Filter: 2126819
Planning time: 1.165 ms
Execution time: 59390.136 ms
