Seq Scan on movie_companies mc  (cost=0.00..57926.93 rows=53 width=0) (actual time=196.826..824.341 rows=3 loops=1)
  Filter: ((company_id = 78986) AND (company_type_id = 2))
  Rows Removed by Filter: 2609126
Planning time: 0.407 ms
Execution time: 824.420 ms
