Hash Join  (cost=96651.52..175316.19 rows=488409 width=0) (actual time=1803.824..3704.254 rows=445589 loops=1)
  Hash Cond: (mc.movie_id = t.id)
  ->  Seq Scan on movie_companies mc  (cost=0.00..57926.93 rows=697528 width=4) (actual time=0.023..1054.580 rows=959486 loops=1)
        Filter: ((company_id < 12384) AND (company_type_id < 2))
        Rows Removed by Filter: 1649643
  ->  Hash  (cost=67604.59..67604.59 rows=1770475 width=4) (actual time=1802.511..1802.511 rows=1774635 loops=1)
        Buckets: 131072  Batches: 32  Memory Usage: 2978kB
        ->  Seq Scan on title t  (cost=0.00..67604.59 rows=1770475 width=4) (actual time=0.013..1234.421 rows=1774635 loops=1)
              Filter: (kind_id > 2)
              Rows Removed by Filter: 753677
Planning time: 0.799 ms
Execution time: 3751.550 ms
