Hash Join  (cost=84497.07..128223.23 rows=351668 width=0) (actual time=1455.434..2745.963 rows=549636 loops=1)
  Hash Cond: (mi_idx.movie_id = t.id)
  ->  Seq Scan on movie_info_idx mi_idx  (cost=0.00..21735.35 rows=1380035 width=4) (actual time=0.026..455.329 rows=1380035 loops=1)
  ->  Hash  (cost=73925.90..73925.90 rows=644333 width=4) (actual time=1454.405..1454.405 rows=544419 loops=1)
        Buckets: 131072  Batches: 16  Memory Usage: 2215kB
        ->  Seq Scan on title t  (cost=0.00..73925.90 rows=644333 width=4) (actual time=0.034..1278.468 rows=544419 loops=1)
              Filter: ((kind_id < 7) AND (production_year > 1994))
              Rows Removed by Filter: 1983893
Planning time: 0.749 ms
Execution time: 2808.856 ms
