Hash Join  (cost=74698.31..205169.48 rows=615570 width=0) (actual time=1356.209..5177.567 rows=858655 loops=1)
  Hash Cond: (mk.movie_id = t.id)
  ->  Seq Scan on movie_keyword mk  (cost=0.00..81003.12 rows=3599824 width=4) (actual time=0.023..1688.120 rows=3589820 loops=1)
        Filter: (keyword_id > 872)
        Rows Removed by Filter: 934110
  ->  Hash  (cost=67604.59..67604.59 rows=432378 width=4) (actual time=1354.660..1354.660 rows=423779 loops=1)
        Buckets: 131072  Batches: 8  Memory Usage: 2891kB
        ->  Seq Scan on title t  (cost=0.00..67604.59 rows=432378 width=4) (actual time=0.010..1215.772 rows=423779 loops=1)
              Filter: (production_year < 1974)
              Rows Removed by Filter: 2104533
Planning time: 0.738 ms
Execution time: 5281.874 ms
