Hash Join  (cost=74452.28..129552.32 rows=43452 width=0) (actual time=1263.021..2496.942 rows=71217 loops=1)
  Hash Cond: (mc.movie_id = t.id)
  ->  Seq Scan on movie_companies mc  (cost=0.00..44881.29 rows=2609129 width=4) (actual time=0.026..575.425 rows=2609129 loops=1)
  ->  Hash  (cost=73925.90..73925.90 rows=42110 width=4) (actual time=1262.581..1262.581 rows=33905 loops=1)
        Buckets: 65536  Batches: 1  Memory Usage: 1704kB
        ->  Seq Scan on title t  (cost=0.00..73925.90 rows=42110 width=4) (actual time=3.582..1248.202 rows=33905 loops=1)
              Filter: ((kind_id < 7) AND (production_year = 2006))
              Rows Removed by Filter: 2494407
Planning time: 0.764 ms
Execution time: 2507.122 ms
