Hash Join  (cost=83072.43..109982.99 rows=7 width=0) (actual time=1372.300..1925.017 rows=15 loops=1)
  Hash Cond: (mi_idx.movie_id = t.id)
  ->  Seq Scan on movie_info_idx mi_idx  (cost=0.00..21735.35 rows=1380035 width=4) (actual time=0.021..333.778 rows=1380035 loops=1)
  ->  Hash  (cost=83072.29..83072.29 rows=12 width=8) (actual time=1320.314..1320.314 rows=5 loops=1)
        Buckets: 1024  Batches: 1  Memory Usage: 9kB
        ->  Nested Loop  (cost=0.43..83072.29 rows=12 width=8) (actual time=450.590..1320.291 rows=5 loops=1)
              ->  Seq Scan on movie_keyword mk  (cost=0.00..81003.12 rows=246 width=4) (actual time=48.318..1313.133 rows=73 loops=1)
                    Filter: (keyword_id = 5028)
                    Rows Removed by Filter: 4523857
              ->  Index Scan using title_pkey on title t  (cost=0.43..8.40 rows=1 width=4) (actual time=0.093..0.093 rows=0 loops=73)
                    Index Cond: (id = mk.movie_id)
                    Filter: (production_year = 2009)
                    Rows Removed by Filter: 1
Planning time: 1.199 ms
Execution time: 1925.150 ms
