Seq Scan on movie_keyword mk  (cost=0.00..81003.12 rows=256190 width=0) (actual time=0.028..1353.294 rows=254059 loops=1)
  Filter: (keyword_id > 59979)
  Rows Removed by Filter: 4269871
Planning time: 0.325 ms
Execution time: 1385.775 ms
