Seq Scan on movie_companies mc  (cost=0.00..57926.93 rows=53 width=0) (actual time=46.177..869.865 rows=10 loops=1)
  Filter: ((company_id = 2219) AND (company_type_id = 2))
  Rows Removed by Filter: 2609119
Planning time: 0.400 ms
Execution time: 869.947 ms
