Seq Scan on movie_keyword mk  (cost=0.00..81003.12 rows=3556997 width=0) (actual time=0.021..1607.168 rows=3550284 loops=1)
  Filter: (keyword_id < 19307)
  Rows Removed by Filter: 973646
Planning time: 0.308 ms
Execution time: 2057.448 ms
