Seq Scan on movie_keyword mk  (cost=0.00..81003.12 rows=136892 width=0) (actual time=32.989..1169.208 rows=133833 loops=1)
  Filter: (keyword_id > 75817)
  Rows Removed by Filter: 4390097
Planning time: 0.221 ms
Execution time: 1187.417 ms
