Hash Join  (cost=69687.24..146542.54 rows=130978 width=0) (actual time=1394.232..3147.764 rows=105763 loops=1)
  Hash Cond: (mc.movie_id = t.id)
  ->  Seq Scan on movie_companies mc  (cost=0.00..44881.29 rows=2609129 width=4) (actual time=0.025..788.829 rows=2609129 loops=1)
  ->  Hash  (cost=67604.59..67604.59 rows=126932 width=4) (actual time=1027.306..1027.306 rows=122861 loops=1)
        Buckets: 131072  Batches: 2  Memory Usage: 3191kB
        ->  Seq Scan on title t  (cost=0.00..67604.59 rows=126932 width=4) (actual time=0.026..836.435 rows=122861 loops=1)
              Filter: (production_year = 2008)
              Rows Removed by Filter: 2405451
Planning time: 0.805 ms
Execution time: 3166.255 ms
