Seq Scan on movie_keyword mk  (cost=0.00..81003.12 rows=2105041 width=0) (actual time=0.014..1567.235 rows=2103593 loops=1)
  Filter: (keyword_id > 5706)
  Rows Removed by Filter: 2420337
Planning time: 0.320 ms
Execution time: 1839.762 ms
