Seq Scan on movie_companies mc  (cost=0.00..57926.93 rows=51 width=0) (actual time=329.073..967.574 rows=1655 loops=1)
  Filter: ((company_type_id < 2) AND (company_id = 2017))
  Rows Removed by Filter: 2607474
Planning time: 1.061 ms
Execution time: 968.057 ms
