Seq Scan on movie_keyword mk  (cost=0.00..81003.12 rows=739795 width=0) (actual time=0.016..1366.020 rows=746351 loops=1)
  Filter: (keyword_id > 25090)
  Rows Removed by Filter: 3777579
Planning time: 0.329 ms
Execution time: 1459.985 ms
