Hash Join  (cost=67697.55..159771.64 rows=8616 width=0) (actual time=1056.405..2823.745 rows=22012 loops=1)
  Hash Cond: (mk.movie_id = t.id)
  ->  Seq Scan on movie_keyword mk  (cost=0.00..81003.12 rows=2929281 width=4) (actual time=0.014..1323.578 rows=2915732 loops=1)
        Filter: (keyword_id < 9466)
        Rows Removed by Filter: 1608198
  ->  Hash  (cost=67604.59..67604.59 rows=7437 width=4) (actual time=1056.070..1056.070 rows=13736 loops=1)
        Buckets: 16384 (originally 8192)  Batches: 1 (originally 1)  Memory Usage: 611kB
        ->  Seq Scan on title t  (cost=0.00..67604.59 rows=7437 width=4) (actual time=0.096..1049.543 rows=13736 loops=1)
              Filter: (production_year = 1974)
              Rows Removed by Filter: 2514576
Planning time: 0.706 ms
Execution time: 2826.645 ms
