Seq Scan on cast_info ci  (cost=0.00..705507.15 rows=25654065 width=0) (actual time=0.011..13263.845 rows=25835976 loops=1)
  Filter: (person_id > 1022088)
  Rows Removed by Filter: 10408368
Planning time: 0.358 ms
Execution time: 16405.376 ms
