Hash Join  (cost=195679.99..264376.79 rows=140850 width=0) (actual time=4069.606..5719.598 rows=209445 loops=1)
  Hash Cond: (mc.movie_id = t.id)
  ->  Seq Scan on movie_companies mc  (cost=0.00..51404.11 rows=1279517 width=4) (actual time=0.015..1069.113 rows=1274246 loops=1)
        Filter: (company_type_id = 1)
        Rows Removed by Filter: 1334883
  ->  Hash  (cost=191112.72..191112.72 rows=278342 width=8) (actual time=4068.510..4068.510 rows=165660 loops=1)
        Buckets: 131072  Batches: 4  Memory Usage: 2639kB
        ->  Hash Join  (cost=96021.49..191112.72 rows=278342 width=8) (actual time=1891.009..4023.307 rows=165660 loops=1)
              Hash Cond: (mk.movie_id = t.id)
              ->  Seq Scan on movie_keyword mk  (cost=0.00..81003.12 rows=522581 width=4) (actual time=0.026..1384.460 rows=520878 loops=1)
                    Filter: (keyword_id < 382)
                    Rows Removed by Filter: 4003052
              ->  Hash  (cost=73925.90..73925.90 rows=1346767 width=4) (actual time=1889.802..1889.802 rows=1325688 loops=1)
                    Buckets: 131072  Batches: 32  Memory Usage: 2485kB
                    ->  Seq Scan on title t  (cost=0.00..73925.90 rows=1346767 width=4) (actual time=0.029..1437.209 rows=1325688 loops=1)
                          Filter: ((kind_id > 2) AND (production_year < 2010))
                          Rows Removed by Filter: 1202624
Planning time: 1.171 ms
Execution time: 5747.380 ms
