Hash Join  (cost=83074.74..437538.72 rows=214 width=0) (actual time=1274.762..7456.101 rows=24986 loops=1)
  Hash Cond: (mi.movie_id = t.id)
  ->  Seq Scan on movie_info mi  (cost=0.00..346232.03 rows=2194617 width=4) (actual time=0.016..5883.829 rows=2233850 loops=1)
        Filter: (info_type_id > 16)
        Rows Removed by Filter: 12601870
  ->  Hash  (cost=83071.67..83071.67 rows=246 width=8) (actual time=1274.267..1274.267 rows=560 loops=1)
        Buckets: 1024  Batches: 1  Memory Usage: 30kB
        ->  Nested Loop  (cost=0.43..83071.67 rows=246 width=8) (actual time=0.454..1273.750 rows=560 loops=1)
              ->  Seq Scan on movie_keyword mk  (cost=0.00..81003.12 rows=246 width=4) (actual time=0.394..1236.008 rows=560 loops=1)
                    Filter: (keyword_id = 5364)
                    Rows Removed by Filter: 4523370
              ->  Index Only Scan using title_pkey on title t  (cost=0.43..8.40 rows=1 width=4) (actual time=0.065..0.065 rows=1 loops=560)
                    Index Cond: (id = mk.movie_id)
                    Heap Fetches: 560
Planning time: 1.135 ms
Execution time: 7459.985 ms
