Seq Scan on cast_info ci  (cost=0.00..796071.18 rows=377532 width=0) (actual time=5213.005..13173.175 rows=653226 loops=1)
  Filter: ((person_id > 2099731) AND (role_id = 5))
  Rows Removed by Filter: 35591118
Planning time: 0.288 ms
Execution time: 13248.508 ms
