Hash Join  (cost=146801.67..1089540.25 rows=1535578 width=0) (actual time=3255.617..22807.840 rows=2502151 loops=1)
  Hash Cond: (ci.movie_id = t.id)
  ->  Seq Scan on cast_info ci  (cost=0.00..796071.18 rows=11239894 width=4) (actual time=0.012..14376.788 rows=9360541 loops=1)
        Filter: ((person_id > 2374093) AND (role_id < 10))
        Rows Removed by Filter: 26883803
  ->  Hash  (cost=141133.62..141133.62 rows=345444 width=8) (actual time=3254.808..3254.808 rows=395802 loops=1)
        Buckets: 131072  Batches: 8  Memory Usage: 2963kB
        ->  Hash Join  (cost=99161.12..141133.62 rows=345444 width=8) (actual time=2081.573..3153.076 rows=395802 loops=1)
              Hash Cond: (mi_idx.movie_id = t.id)
              ->  Seq Scan on movie_info_idx mi_idx  (cost=0.00..25185.44 rows=454124 width=4) (actual time=0.025..418.451 rows=459925 loops=1)
                    Filter: (info_type_id = 100)
                    Rows Removed by Filter: 920110
              ->  Hash  (cost=67604.59..67604.59 rows=1923403 width=4) (actual time=2080.371..2080.371 rows=1922849 loops=1)
                    Buckets: 131072  Batches: 32  Memory Usage: 3132kB
                    ->  Seq Scan on title t  (cost=0.00..67604.59 rows=1923403 width=4) (actual time=0.011..1445.494 rows=1922849 loops=1)
                          Filter: (production_year < 2010)
                          Rows Removed by Filter: 605463
Planning time: 1.250 ms
Execution time: 23116.974 ms
