Hash Join  (cost=178092.06..1103690.62 rows=1359586 width=0) (actual time=5739.722..22922.395 rows=1508269 loops=1)
  Hash Cond: (ci.movie_id = t.id)
  ->  Seq Scan on cast_info ci  (cost=0.00..796071.18 rows=9909205 width=4) (actual time=2104.134..16181.403 rows=5810626 loops=1)
        Filter: ((person_id < 2974704) AND (role_id > 3))
        Rows Removed by Filter: 30433718
  ->  Hash  (cost=172399.50..172399.50 rows=346925 width=8) (actual time=3634.683..3634.683 rows=351405 loops=1)
        Buckets: 131072  Batches: 8  Memory Usage: 2752kB
        ->  Hash Join  (cost=102767.86..172399.50 rows=346925 width=8) (actual time=2139.409..3538.921 rows=351405 loops=1)
              Hash Cond: (mc.movie_id = t.id)
              ->  Seq Scan on movie_companies mc  (cost=0.00..51404.11 rows=346925 width=4) (actual time=165.623..923.422 rows=351405 loops=1)
                    Filter: (company_id > 88132)
                    Rows Removed by Filter: 2257724
              ->  Hash  (cost=61283.27..61283.27 rows=2528527 width=4) (actual time=1972.941..1972.941 rows=2528312 loops=1)
                    Buckets: 131072  Batches: 64  Memory Usage: 2415kB
                    ->  Seq Scan on title t  (cost=0.00..61283.27 rows=2528527 width=4) (actual time=0.020..1129.825 rows=2528312 loops=1)
Planning time: 1.175 ms
Execution time: 23110.652 ms
