Seq Scan on title t  (cost=0.00..73925.90 rows=117790 width=0) (actual time=0.025..1159.065 rows=112195 loops=1)
  Filter: ((kind_id < 3) AND (production_year > 2010))
  Rows Removed by Filter: 2416117
Planning time: 0.401 ms
Execution time: 1174.487 ms
