Hash Join  (cost=276310.30..901584.14 rows=11906501 width=0) (actual time=6618.344..41506.746 rows=99384988 loops=1)
  Hash Cond: (mi.movie_id = t.id)
  ->  Seq Scan on movie_info mi  (cost=0.00..309384.22 rows=14739122 width=4) (actual time=0.013..6019.484 rows=14835720 loops=1)
  ->  Hash  (cost=242798.99..242798.99 rows=2042585 width=8) (actual time=6617.020..6617.020 rows=2046795 loops=1)
        Buckets: 131072  Batches: 32  Memory Usage: 3589kB
        ->  Hash Join  (cost=102767.86..242798.99 rows=2042585 width=8) (actual time=2078.810..6091.976 rows=2046795 loops=1)
              Hash Cond: (mk.movie_id = t.id)
              ->  Seq Scan on movie_keyword mk  (cost=0.00..81003.12 rows=2042585 width=4) (actual time=0.006..1581.356 rows=2046795 loops=1)
                    Filter: (keyword_id < 3658)
                    Rows Removed by Filter: 2477135
              ->  Hash  (cost=61283.27..61283.27 rows=2528527 width=4) (actual time=2077.749..2077.749 rows=2528312 loops=1)
                    Buckets: 131072  Batches: 64  Memory Usage: 2425kB
                    ->  Seq Scan on title t  (cost=0.00..61283.27 rows=2528527 width=4) (actual time=0.011..1175.222 rows=2528312 loops=1)
Planning time: 0.683 ms
Execution time: 52281.951 ms
