Seq Scan on movie_keyword mk  (cost=0.00..81003.12 rows=2427817 width=0) (actual time=0.026..1357.296 rows=2427400 loops=1)
  Filter: (keyword_id < 5758)
  Rows Removed by Filter: 2096530
Planning time: 0.332 ms
Execution time: 1641.284 ms
