Seq Scan on movie_keyword mk  (cost=0.00..81003.12 rows=4211629 width=0) (actual time=0.024..1441.825 rows=4189788 loops=1)
  Filter: (keyword_id > 274)
  Rows Removed by Filter: 334142
Planning time: 0.343 ms
Execution time: 1911.403 ms
