Hash Join  (cost=83074.43..833888.24 rows=2468 width=0) (actual time=1365.611..17317.949 rows=2839 loops=1)
  Hash Cond: (ci.movie_id = t.id)
  ->  Seq Scan on cast_info ci  (cost=0.00..614943.12 rows=36225612 width=4) (actual time=0.019..9137.434 rows=36244344 loops=1)
  ->  Hash  (cost=83072.29..83072.29 rows=172 width=8) (actual time=1356.937..1356.937 rows=80 loops=1)
        Buckets: 1024  Batches: 1  Memory Usage: 12kB
        ->  Nested Loop  (cost=0.43..83072.29 rows=172 width=8) (actual time=81.287..1356.832 rows=80 loops=1)
              ->  Seq Scan on movie_keyword mk  (cost=0.00..81003.12 rows=246 width=4) (actual time=15.573..1344.363 rows=277 loops=1)
                    Filter: (keyword_id = 9506)
                    Rows Removed by Filter: 4523653
              ->  Index Scan using title_pkey on title t  (cost=0.43..8.40 rows=1 width=4) (actual time=0.042..0.042 rows=0 loops=277)
                    Index Cond: (id = mk.movie_id)
                    Filter: (kind_id > 2)
                    Rows Removed by Filter: 1
Planning time: 1.155 ms
Execution time: 17319.653 ms
