Hash Join  (cost=236242.47..816102.68 rows=6315029 width=0) (actual time=6508.675..32381.060 rows=55231409 loops=1)
  Hash Cond: (mi.movie_id = t.id)
  ->  Seq Scan on movie_info mi  (cost=0.00..346232.03 rows=12928982 width=4) (actual time=0.014..7121.048 rows=12970088 loops=1)
        Filter: (info_type_id < 18)
        Rows Removed by Filter: 1865632
  ->  Hash  (cost=215979.55..215979.55 rows=1235033 width=8) (actual time=6507.204..6507.204 rows=1703748 loops=1)
        Buckets: 131072  Batches: 32  Memory Usage: 3155kB
        ->  Hash Join  (cost=78930.19..215979.55 rows=1235033 width=8) (actual time=1631.236..5697.611 rows=1703748 loops=1)
              Hash Cond: (mk.movie_id = t.id)
              ->  Seq Scan on movie_keyword mk  (cost=0.00..69693.30 rows=4523930 width=4) (actual time=0.013..1499.954 rows=4523930 loops=1)
              ->  Hash  (cost=67604.59..67604.59 rows=690288 width=4) (actual time=1630.093..1630.093 rows=684146 loops=1)
                    Buckets: 131072  Batches: 16  Memory Usage: 2532kB
                    ->  Seq Scan on title t  (cost=0.00..67604.59 rows=690288 width=4) (actual time=0.025..1121.165 rows=684146 loops=1)
                          Filter: (production_year < 1990)
                          Rows Removed by Filter: 1844166
Planning time: 1.078 ms
Execution time: 38649.340 ms
