Seq Scan on movie_keyword mk  (cost=0.00..81003.12 rows=3054880 width=0) (actual time=0.023..1623.966 rows=3042962 loops=1)
  Filter: (keyword_id < 11069)
  Rows Removed by Filter: 1480968
Planning time: 3.313 ms
Execution time: 1996.602 ms
