Seq Scan on movie_companies mc  (cost=0.00..51404.11 rows=104 width=0) (actual time=0.708..833.375 rows=147 loops=1)
  Filter: (company_id = 4535)
  Rows Removed by Filter: 2608982
Planning time: 0.883 ms
Execution time: 833.516 ms
