Nested Loop  (cost=81006.63..432866.77 rows=2 width=0) (actual time=6112.204..6468.927 rows=238 loops=1)
  ->  Hash Join  (cost=81006.20..432798.82 rows=12 width=8) (actual time=6112.101..6463.375 rows=238 loops=1)
        Hash Cond: (mi.movie_id = mk.movie_id)
        ->  Seq Scan on movie_info mi  (cost=0.00..346232.03 rows=17937 width=4) (actual time=4800.903..5153.722 rows=6422 loops=1)
              Filter: (info_type_id = 86)
              Rows Removed by Filter: 14829298
        ->  Hash  (cost=81003.12..81003.12 rows=246 width=4) (actual time=1308.169..1308.169 rows=1256 loops=1)
              Buckets: 2048 (originally 1024)  Batches: 1 (originally 1)  Memory Usage: 61kB
              ->  Seq Scan on movie_keyword mk  (cost=0.00..81003.12 rows=246 width=4) (actual time=0.335..1307.352 rows=1256 loops=1)
                    Filter: (keyword_id = 10149)
                    Rows Removed by Filter: 4522674
  ->  Index Only Scan using title_pkey on title t  (cost=0.43..5.65 rows=1 width=4) (actual time=0.022..0.022 rows=1 loops=238)
        Index Cond: (id = mi.movie_id)
        Heap Fetches: 238
Planning time: 1.177 ms
Execution time: 6469.078 ms
