Hash Join  (cost=174741.64..213449.36 rows=59124 width=0) (actual time=3161.898..4330.357 rows=587042 loops=1)
  Hash Cond: (mi_idx.movie_id = t.id)
  ->  Seq Scan on movie_info_idx mi_idx  (cost=0.00..21735.35 rows=1380035 width=4) (actual time=0.011..423.276 rows=1380035 loops=1)
  ->  Hash  (cost=172963.52..172963.52 rows=108329 width=8) (actual time=3161.227..3161.227 rows=254998 loops=1)
        Buckets: 131072 (originally 131072)  Batches: 4 (originally 2)  Memory Usage: 3518kB
        ->  Hash Join  (cost=83810.17..172963.52 rows=108329 width=8) (actual time=1396.307..3079.549 rows=254998 loops=1)
              Hash Cond: (mk.movie_id = t.id)
              ->  Seq Scan on movie_keyword mk  (cost=0.00..81003.12 rows=277316 width=4) (actual time=0.025..1288.834 rows=297845 loops=1)
                    Filter: (keyword_id < 245)
                    Rows Removed by Filter: 4226085
              ->  Hash  (cost=67604.59..67604.59 rows=987727 width=4) (actual time=1394.974..1394.974 rows=985048 loops=1)
                    Buckets: 131072  Batches: 16  Memory Usage: 3197kB
                    ->  Seq Scan on title t  (cost=0.00..67604.59 rows=987727 width=4) (actual time=0.031..1070.275 rows=985048 loops=1)
                          Filter: (kind_id < 7)
                          Rows Removed by Filter: 1543264
Planning time: 1.151 ms
Execution time: 4403.235 ms
