Seq Scan on title t  (cost=0.00..73925.90 rows=77043 width=0) (actual time=1.046..1178.170 rows=177073 loops=1)
  Filter: ((kind_id < 7) AND (production_year < 1955))
  Rows Removed by Filter: 2351239
Planning time: 0.350 ms
Execution time: 1201.446 ms
