Hash Join  (cost=73953.78..431718.59 rows=2706 width=0) (actual time=3126.997..7230.285 rows=6424 loops=1)
  Hash Cond: (mi.movie_id = t.id)
  ->  Seq Scan on movie_info mi  (cost=0.00..346232.03 rows=3068194 width=4) (actual time=2025.682..5614.568 rows=3036719 loops=1)
        Filter: (info_type_id = 16)
        Rows Removed by Filter: 11799001
  ->  Hash  (cost=73925.90..73925.90 rows=2230 width=4) (actual time=1100.184..1100.184 rows=4808 loops=1)
        Buckets: 8192 (originally 4096)  Batches: 1 (originally 1)  Memory Usage: 234kB
        ->  Seq Scan on title t  (cost=0.00..73925.90 rows=2230 width=4) (actual time=0.497..1097.541 rows=4808 loops=1)
              Filter: ((kind_id < 3) AND (production_year = 1977))
              Rows Removed by Filter: 2523504
Planning time: 0.779 ms
Execution time: 7231.608 ms
