Seq Scan on cast_info ci  (cost=0.00..796071.18 rows=8686711 width=0) (actual time=0.038..15229.861 rows=10036872 loops=1)
  Filter: ((person_id > 1009327) AND (role_id > 3))
  Rows Removed by Filter: 26207472
Planning time: 0.358 ms
Execution time: 16459.440 ms
