Hash Join  (cost=121497.31..246883.68 rows=277733 width=0) (actual time=2614.363..7173.259 rows=4844695 loops=1)
  Hash Cond: (mk.movie_id = t.id)
  ->  Seq Scan on movie_keyword mk  (cost=0.00..69693.30 rows=4523930 width=4) (actual time=0.016..1457.537 rows=4523930 loops=1)
  ->  Hash  (cost=118949.92..118949.92 rows=155231 width=8) (actual time=2613.168..2613.168 rows=370107 loops=1)
        Buckets: 131072 (originally 131072)  Batches: 8 (originally 4)  Memory Usage: 3073kB
        ->  Hash Join  (cost=78593.13..118949.92 rows=155231 width=8) (actual time=1593.859..2503.554 rows=370107 loops=1)
              Hash Cond: (mi_idx.movie_id = t.id)
              ->  Seq Scan on movie_info_idx mi_idx  (cost=0.00..21735.35 rows=1380035 width=4) (actual time=0.025..419.537 rows=1380035 loops=1)
              ->  Hash  (cost=73925.90..73925.90 rows=284418 width=4) (actual time=1334.524..1334.524 rows=382296 loops=1)
                    Buckets: 131072 (originally 131072)  Batches: 8 (originally 4)  Memory Usage: 3073kB
                    ->  Seq Scan on title t  (cost=0.00..73925.90 rows=284418 width=4) (actual time=48.823..1206.759 rows=382296 loops=1)
                          Filter: ((production_year < 2001) AND (kind_id = 1))
                          Rows Removed by Filter: 2146016
Planning time: 1.895 ms
Execution time: 7772.764 ms
