Nested Loop  (cost=0.43..797556.58 rows=43 width=0) (actual time=7627.732..10212.989 rows=26 loops=1)
  ->  Seq Scan on cast_info ci  (cost=0.00..796071.18 rows=176 width=4) (actual time=7627.601..10211.485 rows=73 loops=1)
        Filter: ((person_id = 477693) AND (role_id = 1))
        Rows Removed by Filter: 36244271
  ->  Index Scan using title_pkey on title t  (cost=0.43..8.43 rows=1 width=4) (actual time=0.019..0.019 rows=0 loops=73)
        Index Cond: (id = ci.movie_id)
        Filter: ((kind_id < 7) AND (production_year > 1996))
        Rows Removed by Filter: 1
Planning time: 0.823 ms
Execution time: 10213.101 ms
