Seq Scan on movie_companies mc  (cost=0.00..51404.11 rows=705232 width=0) (actual time=0.022..817.966 rows=710402 loops=1)
  Filter: (company_id > 43863)
  Rows Removed by Filter: 1898727
Planning time: 0.381 ms
Execution time: 909.283 ms
