Seq Scan on movie_companies mc  (cost=0.00..51404.11 rows=5131 width=0) (actual time=56.535..733.695 rows=4542 loops=1)
  Filter: (company_id = 52)
  Rows Removed by Filter: 2604587
Planning time: 0.385 ms
Execution time: 734.539 ms
