Hash Join  (cost=107316.32..489900.81 rows=81630 width=0) (actual time=1850.643..9750.967 rows=40992 loops=1)
  Hash Cond: (mi.movie_id = t.id)
  ->  Seq Scan on movie_info mi  (cost=0.00..346232.03 rows=9476311 width=4) (actual time=0.013..6133.184 rows=9565151 loops=1)
        Filter: (info_type_id < 16)
        Rows Removed by Filter: 5270569
  ->  Hash  (cost=107044.05..107044.05 rows=21781 width=8) (actual time=1847.155..1847.155 rows=10755 loops=1)
        Buckets: 32768  Batches: 1  Memory Usage: 677kB
        ->  Hash Join  (cost=75915.84..107044.05 rows=21781 width=8) (actual time=1172.524..1842.685 rows=10755 loops=1)
              Hash Cond: (mi_idx.movie_id = t.id)
              ->  Seq Scan on movie_info_idx mi_idx  (cost=0.00..25185.44 rows=454124 width=4) (actual time=0.024..471.102 rows=459925 loops=1)
                    Filter: (info_type_id = 100)
                    Rows Removed by Filter: 920110
              ->  Hash  (cost=73925.90..73925.90 rows=121275 width=4) (actual time=1171.233..1171.233 rows=124747 loops=1)
                    Buckets: 131072  Batches: 2  Memory Usage: 3219kB
                    ->  Seq Scan on title t  (cost=0.00..73925.90 rows=121275 width=4) (actual time=0.014..1124.148 rows=124747 loops=1)
                          Filter: ((kind_id > 1) AND (production_year = 2012))
                          Rows Removed by Filter: 2403565
Planning time: 6.779 ms
Execution time: 9758.187 ms
