Hash Join  (cost=52284.81..805517.10 rows=242 width=0) (actual time=2905.053..16242.112 rows=1224 loops=1)
  Hash Cond: (ci.movie_id = t.id)
  ->  Seq Scan on cast_info ci  (cost=0.00..705507.15 rows=12726058 width=4) (actual time=2006.442..13607.715 rows=12670688 loops=1)
        Filter: (role_id < 2)
        Rows Removed by Filter: 23573656
  ->  Hash  (cost=52284.21..52284.21 rows=48 width=8) (actual time=849.643..849.643 rows=265 loops=1)
        Buckets: 1024  Batches: 1  Memory Usage: 19kB
        ->  Nested Loop  (cost=0.43..52284.21 rows=48 width=8) (actual time=470.915..849.529 rows=265 loops=1)
              ->  Seq Scan on movie_companies mc  (cost=0.00..51404.11 rows=104 width=4) (actual time=470.831..843.642 rows=291 loops=1)
                    Filter: (company_id = 2773)
                    Rows Removed by Filter: 2608838
              ->  Index Scan using title_pkey on title t  (cost=0.43..8.45 rows=1 width=4) (actual time=0.019..0.020 rows=1 loops=291)
                    Index Cond: (id = mc.movie_id)
                    Filter: ((production_year < 2010) AND (kind_id = 7))
                    Rows Removed by Filter: 0
Planning time: 1.111 ms
Execution time: 16242.741 ms
