Hash Join  (cost=439404.98..1271660.50 rows=165244 width=0) (actual time=11774.644..23157.296 rows=295052 loops=1)
  Hash Cond: (ci.movie_id = t.id)
  ->  Seq Scan on cast_info ci  (cost=0.00..705507.15 rows=12509589 width=4) (actual time=3639.170..11797.903 rows=12623060 loops=1)
        Filter: (person_id > 2419878)
        Rows Removed by Filter: 23621284
  ->  Hash  (cost=438987.47..438987.47 rows=33401 width=8) (actual time=8134.719..8134.719 rows=26012 loops=1)
        Buckets: 65536  Batches: 1  Memory Usage: 1529kB
        ->  Hash Join  (cost=73997.53..438987.47 rows=33401 width=8) (actual time=1052.878..8121.285 rows=26012 loops=1)
              Hash Cond: (mi.movie_id = t.id)
              ->  Seq Scan on movie_info mi  (cost=0.00..309384.22 rows=14739122 width=4) (actual time=0.026..4219.944 rows=14835720 loops=1)
              ->  Hash  (cost=73925.90..73925.90 rows=5730 width=4) (actual time=1051.740..1051.740 rows=3289 loops=1)
                    Buckets: 8192  Batches: 1  Memory Usage: 180kB
                    ->  Seq Scan on title t  (cost=0.00..73925.90 rows=5730 width=4) (actual time=138.187..1050.070 rows=3289 loops=1)
                          Filter: ((kind_id = 3) AND (production_year = 2010))
                          Rows Removed by Filter: 2525023
Planning time: 1.263 ms
Execution time: 23197.191 ms
