Seq Scan on movie_companies mc  (cost=0.00..57926.93 rows=1241317 width=0) (actual time=117.063..1154.982 rows=1210197 loops=1)
  Filter: ((company_id > 11) AND (company_type_id < 2))
  Rows Removed by Filter: 1398932
Planning time: 0.248 ms
Execution time: 1307.317 ms
