Seq Scan on movie_keyword mk  (cost=0.00..81003.12 rows=5429 width=0) (actual time=0.984..1318.365 rows=6326 loops=1)
  Filter: (keyword_id = 498)
  Rows Removed by Filter: 4517604
Planning time: 0.408 ms
Execution time: 1319.923 ms
