Hash Join  (cost=67697.55..852000.75 rows=61321 width=0) (actual time=1079.053..17608.846 rows=56926 loops=1)
  Hash Cond: (ci.movie_id = t.id)
  ->  Seq Scan on cast_info ci  (cost=0.00..705507.15 rows=20848757 width=4) (actual time=0.024..12262.649 rows=20729465 loops=1)
        Filter: (person_id < 2087678)
        Rows Removed by Filter: 15514879
  ->  Hash  (cost=67604.59..67604.59 rows=7437 width=4) (actual time=1078.925..1078.925 rows=6834 loops=1)
        Buckets: 8192  Batches: 1  Memory Usage: 305kB
        ->  Seq Scan on title t  (cost=0.00..67604.59 rows=7437 width=4) (actual time=0.024..1075.516 rows=6834 loops=1)
              Filter: (production_year = 1953)
              Rows Removed by Filter: 2521478
Planning time: 8.149 ms
Execution time: 17619.569 ms
