Seq Scan on cast_info ci  (cost=0.00..796071.18 rows=6347337 width=0) (actual time=0.024..14278.948 rows=8623361 loops=1)
  Filter: ((person_id > 1705817) AND (role_id > 3))
  Rows Removed by Filter: 27620983
Planning time: 0.366 ms
Execution time: 15316.054 ms
