Hash Join  (cost=807649.72..3408637.87 rows=121702787 width=0) (actual time=17584.267..76174.355 rows=88933474 loops=1)
  Hash Cond: (ci.movie_id = t.id)
  ->  Seq Scan on cast_info ci  (cost=0.00..614943.12 rows=36225612 width=4) (actual time=0.023..13571.248 rows=36244344 loops=1)
  ->  Hash  (cost=668281.91..668281.91 rows=8494785 width=8) (actual time=17582.917..17582.917 rows=3877130 loops=1)
        Buckets: 131072  Batches: 128  Memory Usage: 2168kB
        ->  Hash Join  (cost=97835.13..668281.91 rows=8494785 width=8) (actual time=2104.162..16440.027 rows=3877130 loops=1)
              Hash Cond: (mi.movie_id = t.id)
              ->  Seq Scan on movie_info mi  (cost=0.00..309384.22 rows=14739122 width=4) (actual time=0.012..5975.804 rows=14835720 loops=1)
              ->  Hash  (cost=73925.90..73925.90 rows=1457298 width=4) (actual time=2026.664..2026.664 rows=1438183 loops=1)
                    Buckets: 131072  Batches: 32  Memory Usage: 2610kB
                    ->  Seq Scan on title t  (cost=0.00..73925.90 rows=1457298 width=4) (actual time=0.016..1553.211 rows=1438183 loops=1)
                          Filter: ((production_year < 2013) AND (kind_id = 7))
                          Rows Removed by Filter: 1090129
Planning time: 1.144 ms
Execution time: 86079.969 ms
