Hash Join  (cost=89299.55..937777.44 rows=4291649 width=0) (actual time=1712.539..19729.727 rows=4140626 loops=1)
  Hash Cond: (ci.movie_id = t.id)
  ->  Seq Scan on cast_info ci  (cost=0.00..705507.15 rows=8206466 width=4) (actual time=0.020..12347.179 rows=8080425 loops=1)
        Filter: (person_id < 790445)
        Rows Removed by Filter: 28163919
  ->  Hash  (cost=67604.59..67604.59 rows=1322317 width=4) (actual time=1711.181..1711.181 rows=1322863 loops=1)
        Buckets: 131072  Batches: 32  Memory Usage: 2481kB
        ->  Seq Scan on title t  (cost=0.00..67604.59 rows=1322317 width=4) (actual time=0.026..1259.133 rows=1322863 loops=1)
              Filter: (production_year > 2001)
              Rows Removed by Filter: 1205449
Planning time: 3.054 ms
Execution time: 20198.573 ms
