Hash Join  (cost=624650.20..1697557.66 rows=16010387 width=0) (actual time=17546.882..49988.477 rows=42860197 loops=1)
  Hash Cond: (ci.movie_id = t.id)
  ->  Seq Scan on cast_info ci  (cost=0.00..705507.15 rows=12726058 width=4) (actual time=1803.078..14627.607 rows=12670688 loops=1)
        Filter: (role_id < 2)
        Rows Removed by Filter: 23573656
  ->  Hash  (cost=572459.61..572459.61 rows=3181087 width=8) (actual time=15741.175..15741.175 rows=4637731 loops=1)
        Buckets: 131072  Batches: 64  Memory Usage: 3852kB
        ->  Hash Join  (cost=81530.55..572459.61 rows=3181087 width=8) (actual time=1545.630..14400.187 rows=4637731 loops=1)
              Hash Cond: (mi.movie_id = t.id)
              ->  Seq Scan on movie_info mi  (cost=0.00..346232.03 rows=9476311 width=4) (actual time=0.026..6628.025 rows=9565151 loops=1)
                    Filter: (info_type_id < 16)
                    Rows Removed by Filter: 5270569
              ->  Hash  (cost=67604.59..67604.59 rows=848797 width=4) (actual time=1544.553..1544.553 rows=849141 loops=1)
                    Buckets: 131072  Batches: 16  Memory Usage: 2900kB
                    ->  Seq Scan on title t  (cost=0.00..67604.59 rows=848797 width=4) (actual time=0.016..1100.745 rows=849141 loops=1)
                          Filter: (production_year < 1996)
                          Rows Removed by Filter: 1679171
Planning time: 3.330 ms
Execution time: 54635.588 ms
