Hash Join  (cost=74205.53..440165.44 rows=130398 width=0) (actual time=1098.008..9137.024 rows=199209 loops=1)
  Hash Cond: (mi.movie_id = t.id)
  ->  Seq Scan on movie_info mi  (cost=0.00..309384.22 rows=14739122 width=4) (actual time=0.015..4426.651 rows=14835720 loops=1)
  ->  Hash  (cost=73925.90..73925.90 rows=22370 width=4) (actual time=1096.937..1096.937 rows=22427 loops=1)
        Buckets: 32768  Batches: 1  Memory Usage: 1045kB
        ->  Seq Scan on title t  (cost=0.00..73925.90 rows=22370 width=4) (actual time=0.028..1088.020 rows=22427 loops=1)
              Filter: ((kind_id < 4) AND (production_year = 2013))
              Rows Removed by Filter: 2505885
Planning time: 0.869 ms
Execution time: 9168.048 ms
