Seq Scan on cast_info ci  (cost=0.00..705507.15 rows=34694384 width=0) (actual time=0.020..13883.851 rows=34791378 loops=1)
  Filter: (person_id > 146109)
  Rows Removed by Filter: 1452966
Planning time: 0.351 ms
Execution time: 18059.741 ms
