Seq Scan on cast_info ci  (cost=0.00..705507.15 rows=31191737 width=0) (actual time=0.013..12869.561 rows=31335363 loops=1)
  Filter: (person_id > 477047)
  Rows Removed by Filter: 4908981
Planning time: 0.534 ms
Execution time: 16678.700 ms
