Seq Scan on cast_info ci  (cost=0.00..796071.18 rows=7756338 width=0) (actual time=0.018..15483.155 rows=12670688 loops=1)
  Filter: ((person_id < 2231503) AND (role_id = 1))
  Rows Removed by Filter: 23573656
Planning time: 0.426 ms
Execution time: 17052.239 ms
