Hash Join  (cost=192152.04..234837.79 rows=291027 width=0) (actual time=3640.828..4670.821 rows=418417 loops=1)
  Hash Cond: (mi_idx.movie_id = t.id)
  ->  Seq Scan on movie_info_idx mi_idx  (cost=0.00..21735.35 rows=1380035 width=4) (actual time=0.012..407.827 rows=1380035 loops=1)
  ->  Hash  (cost=183403.72..183403.72 rows=533226 width=8) (actual time=3574.119..3574.119 rows=251770 loops=1)
        Buckets: 131072  Batches: 8  Memory Usage: 2261kB
        ->  Hash Join  (cost=102767.86..183403.72 rows=533226 width=8) (actual time=1835.673..3500.947 rows=251770 loops=1)
              Hash Cond: (mc.movie_id = t.id)
              ->  Seq Scan on movie_companies mc  (cost=0.00..57926.93 rows=533226 width=4) (actual time=0.018..1070.349 rows=251770 loops=1)
                    Filter: ((company_id > 14051) AND (company_type_id < 2))
                    Rows Removed by Filter: 2357359
              ->  Hash  (cost=61283.27..61283.27 rows=2528527 width=4) (actual time=1834.858..1834.858 rows=2528312 loops=1)
                    Buckets: 131072  Batches: 64  Memory Usage: 2415kB
                    ->  Seq Scan on title t  (cost=0.00..61283.27 rows=2528527 width=4) (actual time=0.022..998.968 rows=2528312 loops=1)
Planning time: 1.205 ms
Execution time: 4721.120 ms
