Hash Join  (cost=709678.15..736591.36 rows=273 width=0) (actual time=11337.524..11939.098 rows=6 loops=1)
  Hash Cond: (mi_idx.movie_id = t.id)
  ->  Seq Scan on movie_info_idx mi_idx  (cost=0.00..21735.35 rows=1380035 width=4) (actual time=0.023..355.963 rows=1380035 loops=1)
  ->  Hash  (cost=709671.90..709671.90 rows=500 width=8) (actual time=11335.293..11335.293 rows=9 loops=1)
        Buckets: 1024  Batches: 1  Memory Usage: 9kB
        ->  Nested Loop  (cost=0.43..709671.90 rows=500 width=8) (actual time=3187.756..11335.260 rows=9 loops=1)
              ->  Seq Scan on cast_info ci  (cost=0.00..705507.15 rows=500 width=4) (actual time=3187.597..11334.837 rows=9 loops=1)
                    Filter: (person_id = 2393655)
                    Rows Removed by Filter: 36244335
              ->  Index Only Scan using title_pkey on title t  (cost=0.43..8.32 rows=1 width=4) (actual time=0.036..0.037 rows=1 loops=9)
                    Index Cond: (id = ci.movie_id)
                    Heap Fetches: 9
Planning time: 1.244 ms
Execution time: 11939.195 ms
