Hash Join  (cost=359549.25..1591820.55 rows=26266639 width=0) (actual time=14205.544..53329.475 rows=93659079 loops=1)
  Hash Cond: (ci.movie_id = t.id)
  ->  Seq Scan on cast_info ci  (cost=0.00..705507.15 rows=16201301 width=4) (actual time=6002.920..15408.526 rows=16121683 loops=1)
        Filter: (role_id > 2)
        Rows Removed by Filter: 20122661
  ->  Hash  (cost=292292.53..292292.53 rows=4099418 width=8) (actual time=8201.073..8201.073 rows=4087742 loops=1)
        Buckets: 131072  Batches: 64  Memory Usage: 3546kB
        ->  Hash Join  (cost=102767.86..292292.53 rows=4099418 width=8) (actual time=1980.721..7111.522 rows=4087742 loops=1)
              Hash Cond: (mk.movie_id = t.id)
              ->  Seq Scan on movie_keyword mk  (cost=0.00..81003.12 rows=4099418 width=4) (actual time=0.036..1834.078 rows=4087742 loops=1)
                    Filter: (keyword_id > 335)
                    Rows Removed by Filter: 436188
              ->  Hash  (cost=61283.27..61283.27 rows=2528527 width=4) (actual time=1979.812..1979.812 rows=2528312 loops=1)
                    Buckets: 131072  Batches: 64  Memory Usage: 2425kB
                    ->  Seq Scan on title t  (cost=0.00..61283.27 rows=2528527 width=4) (actual time=0.019..1087.078 rows=2528312 loops=1)
Planning time: 1.242 ms
Execution time: 63159.482 ms
