Seq Scan on movie_keyword mk  (cost=0.00..81003.12 rows=246 width=0) (actual time=106.005..1369.995 rows=1 loops=1)
  Filter: (keyword_id = 92299)
  Rows Removed by Filter: 4523929
Planning time: 1.305 ms
Execution time: 1370.093 ms
