Hash Join  (cost=74173.24..812794.17 rows=67689 width=0) (actual time=2840.568..15078.423 rows=62260 loops=1)
  Hash Cond: (ci.movie_id = t.id)
  ->  Seq Scan on cast_info ci  (cost=0.00..705507.15 rows=8649837 width=4) (actual time=1645.060..11925.680 rows=8530596 loops=1)
        Filter: (person_id < 838171)
        Rows Removed by Filter: 27713748
  ->  Hash  (cost=73925.90..73925.90 rows=19787 width=4) (actual time=1130.194..1130.194 rows=15791 loops=1)
        Buckets: 32768  Batches: 1  Memory Usage: 812kB
        ->  Seq Scan on title t  (cost=0.00..73925.90 rows=19787 width=4) (actual time=0.166..1123.315 rows=15791 loops=1)
              Filter: ((kind_id < 7) AND (production_year = 1999))
              Rows Removed by Filter: 2512521
Planning time: 0.849 ms
Execution time: 15090.252 ms
