Hash Join  (cost=163507.19..1243266.40 rows=4473604 width=0) (actual time=4076.802..37043.114 rows=9339117 loops=1)
  Hash Cond: (ci.movie_id = t.id)
  ->  Seq Scan on cast_info ci  (cost=0.00..614943.12 rows=36225612 width=4) (actual time=0.012..13637.832 rows=36244344 loops=1)
  ->  Hash  (cost=158384.01..158384.01 rows=312255 width=8) (actual time=4075.956..4075.956 rows=561190 loops=1)
        Buckets: 131072  Batches: 8  Memory Usage: 3757kB
        ->  Hash Join  (cost=72583.38..158384.01 rows=312255 width=8) (actual time=1252.552..3898.549 rows=561190 loops=1)
              Hash Cond: (mc.movie_id = t.id)
              ->  Seq Scan on movie_companies mc  (cost=0.00..51404.11 rows=2602125 width=4) (actual time=0.015..1259.061 rows=2602791 loops=1)
                    Filter: (company_id < 228873)
                    Rows Removed by Filter: 6338
              ->  Hash  (cost=67604.59..67604.59 rows=303423 width=4) (actual time=1251.749..1251.749 rows=296471 loops=1)
                    Buckets: 131072  Batches: 4  Memory Usage: 3625kB
                    ->  Seq Scan on title t  (cost=0.00..67604.59 rows=303423 width=4) (actual time=0.021..1153.351 rows=296471 loops=1)
                          Filter: (production_year < 1965)
                          Rows Removed by Filter: 2231841
Planning time: 1.171 ms
Execution time: 38157.032 ms
