Hash Join  (cost=566576.32..1752763.22 rows=5958721 width=0) (actual time=13593.163..42696.186 rows=4025491 loops=1)
  Hash Cond: (ci.movie_id = t.id)
  ->  Seq Scan on cast_info ci  (cost=0.00..705507.15 rows=23499554 width=4) (actual time=0.015..15754.147 rows=23573656 loops=1)
        Filter: (role_id > 1)
        Rows Removed by Filter: 12670688
  ->  Hash  (cost=556056.92..556056.92 rows=641152 width=8) (actual time=13592.098..13592.098 rows=1215994 loops=1)
        Buckets: 131072  Batches: 16  Memory Usage: 3961kB
        ->  Hash Join  (cost=69409.47..556056.92 rows=641152 width=8) (actual time=1043.611..12944.754 rows=1215994 loops=1)
              Hash Cond: (mi.movie_id = t.id)
              ->  Seq Scan on movie_info mi  (cost=0.00..309384.22 rows=14739122 width=4) (actual time=0.025..5894.966 rows=14835720 loops=1)
              ->  Hash  (cost=67604.59..67604.59 rows=109991 width=4) (actual time=1042.859..1042.859 rows=112515 loops=1)
                    Buckets: 131072  Batches: 2  Memory Usage: 3002kB
                    ->  Seq Scan on title t  (cost=0.00..67604.59 rows=109991 width=4) (actual time=2.206..1003.399 rows=112515 loops=1)
                          Filter: (production_year < 1929)
                          Rows Removed by Filter: 2415797
Planning time: 1.212 ms
Execution time: 43193.284 ms
