Hash Join  (cost=89338.33..177751.24 rows=969339 width=0) (actual time=1465.875..4460.125 rows=1763858 loops=1)
  Hash Cond: (mc.movie_id = t.id)
  ->  Seq Scan on movie_companies mc  (cost=0.00..44881.29 rows=2609129 width=4) (actual time=0.021..974.846 rows=2609129 loops=1)
  ->  Hash  (cost=73925.90..73925.90 rows=939394 width=4) (actual time=1464.991..1464.991 rows=917932 loops=1)
        Buckets: 131072  Batches: 16  Memory Usage: 3041kB
        ->  Seq Scan on title t  (cost=0.00..73925.90 rows=939394 width=4) (actual time=0.018..1174.896 rows=917932 loops=1)
              Filter: ((kind_id < 7) AND (production_year > 1914))
              Rows Removed by Filter: 1610380
Planning time: 0.680 ms
Execution time: 4696.904 ms
