Hash Join  (cost=161364.10..665925.16 rows=2320013 width=0) (actual time=3419.628..21491.435 rows=16804295 loops=1)
  Hash Cond: (mi.movie_id = t.id)
  ->  Seq Scan on movie_info mi  (cost=0.00..309384.22 rows=14739122 width=4) (actual time=0.013..6036.113 rows=14835720 loops=1)
  ->  Hash  (cost=154834.07..154834.07 rows=398003 width=8) (actual time=3418.615..3418.615 rows=830483 loops=1)
        Buckets: 131072 (originally 131072)  Batches: 16 (originally 8)  Memory Usage: 3084kB
        ->  Hash Join  (cost=83810.17..154834.07 rows=398003 width=8) (actual time=1334.650..3192.814 rows=830483 loops=1)
              Hash Cond: (mc.movie_id = t.id)
              ->  Seq Scan on movie_companies mc  (cost=0.00..51404.11 rows=1018866 width=4) (actual time=0.017..971.646 rows=1028025 loops=1)
                    Filter: (company_id > 15658)
                    Rows Removed by Filter: 1581104
              ->  Hash  (cost=67604.59..67604.59 rows=987727 width=4) (actual time=1333.743..1333.743 rows=985048 loops=1)
                    Buckets: 131072  Batches: 16  Memory Usage: 3188kB
                    ->  Seq Scan on title t  (cost=0.00..67604.59 rows=987727 width=4) (actual time=0.011..1022.917 rows=985048 loops=1)
                          Filter: (kind_id < 7)
                          Rows Removed by Filter: 1543264
Planning time: 3.794 ms
Execution time: 23501.568 ms
