Hash Join  (cost=190230.21..334757.20 rows=1864098 width=0) (actual time=4362.904..9553.567 rows=7978621 loops=1)
  Hash Cond: (mk.movie_id = t.id)
  ->  Seq Scan on movie_keyword mk  (cost=0.00..81003.12 rows=3415436 width=4) (actual time=0.023..1839.752 rows=3405854 loops=1)
        Filter: (keyword_id > 1169)
        Rows Removed by Filter: 1118076
  ->  Hash  (cost=167588.78..167588.78 rows=1380035 width=8) (actual time=4361.035..4361.035 rows=1380035 loops=1)
        Buckets: 131072  Batches: 32  Memory Usage: 2726kB
        ->  Hash Join  (cost=102767.86..167588.78 rows=1380035 width=8) (actual time=1984.389..3941.638 rows=1380035 loops=1)
              Hash Cond: (mi_idx.movie_id = t.id)
              ->  Seq Scan on movie_info_idx mi_idx  (cost=0.00..21735.35 rows=1380035 width=4) (actual time=0.008..447.843 rows=1380035 loops=1)
              ->  Hash  (cost=61283.27..61283.27 rows=2528527 width=4) (actual time=1982.901..1982.901 rows=2528312 loops=1)
                    Buckets: 131072  Batches: 64  Memory Usage: 2415kB
                    ->  Seq Scan on title t  (cost=0.00..61283.27 rows=2528527 width=4) (actual time=0.018..1143.725 rows=2528312 loops=1)
Planning time: 1.313 ms
Execution time: 10375.074 ms
