Hash Join  (cost=58375.38..418197.31 rows=7 width=0) (actual time=1001.924..6664.193 rows=4142 loops=1)
  Hash Cond: (mi.movie_id = t.id)
  ->  Seq Scan on movie_info mi  (cost=0.00..346232.03 rows=3623957 width=4) (actual time=0.010..5156.756 rows=3624977 loops=1)
        Filter: (info_type_id < 4)
        Rows Removed by Filter: 11210743
  ->  Hash  (cost=58375.31..58375.31 rows=5 width=8) (actual time=1001.851..1001.851 rows=1208 loops=1)
        Buckets: 2048 (originally 1024)  Batches: 1 (originally 1)  Memory Usage: 64kB
        ->  Nested Loop  (cost=0.43..58375.31 rows=5 width=8) (actual time=0.202..1001.128 rows=1208 loops=1)
              ->  Seq Scan on movie_companies mc  (cost=0.00..57926.93 rows=53 width=4) (actual time=0.172..919.427 rows=1208 loops=1)
                    Filter: ((company_type_id > 1) AND (company_id = 14328))
                    Rows Removed by Filter: 2607921
              ->  Index Scan using title_pkey on title t  (cost=0.43..8.45 rows=1 width=4) (actual time=0.066..0.067 rows=1 loops=1208)
                    Index Cond: (id = mc.movie_id)
                    Filter: (production_year < 1960)
Planning time: 1.324 ms
Execution time: 6665.021 ms
