Seq Scan on movie_keyword mk  (cost=0.00..81003.12 rows=2862201 width=0) (actual time=0.024..1547.697 rows=2854087 loops=1)
  Filter: (keyword_id < 8717)
  Rows Removed by Filter: 1669843
Planning time: 0.641 ms
Execution time: 1914.050 ms
