Seq Scan on movie_companies mc  (cost=0.00..57926.93 rows=1323490 width=0) (actual time=0.024..1178.115 rows=1323882 loops=1)
  Filter: ((company_id < 224519) AND (company_type_id = 2))
  Rows Removed by Filter: 1285247
Planning time: 0.425 ms
Execution time: 1340.258 ms
