Hash Join  (cost=145414.09..1257392.17 rows=7609987 width=0) (actual time=3002.879..35836.008 rows=12478110 loops=1)
  Hash Cond: (ci.movie_id = t.id)
  ->  Seq Scan on cast_info ci  (cost=0.00..614943.12 rows=36225612 width=4) (actual time=0.013..13131.770 rows=36244344 loops=1)
  ->  Hash  (cost=136699.43..136699.43 rows=531173 width=8) (actual time=3001.984..3001.984 rows=380133 loops=1)
        Buckets: 131072  Batches: 8  Memory Usage: 2878kB
        ->  Hash Join  (cost=89893.22..136699.43 rows=531173 width=8) (actual time=1572.437..2889.031 rows=380133 loops=1)
              Hash Cond: (mi_idx.movie_id = t.id)
              ->  Seq Scan on movie_info_idx mi_idx  (cost=0.00..21735.35 rows=1380035 width=4) (actual time=0.020..430.585 rows=1380035 loops=1)
              ->  Hash  (cost=73925.90..73925.90 rows=973225 width=4) (actual time=1571.711..1571.711 rows=1057588 loops=1)
                    Buckets: 131072  Batches: 16  Memory Usage: 3355kB
                    ->  Seq Scan on title t  (cost=0.00..73925.90 rows=973225 width=4) (actual time=0.024..1244.110 rows=1057588 loops=1)
                          Filter: ((kind_id > 1) AND (production_year > 2001))
                          Rows Removed by Filter: 1470724
Planning time: 5.329 ms
Execution time: 37325.865 ms
