Hash Join  (cost=102767.86..194960.40 rows=54487 width=0) (actual time=1922.340..3631.996 rows=51698 loops=1)
  Hash Cond: (mk.movie_id = t.id)
  ->  Seq Scan on movie_keyword mk  (cost=0.00..81003.12 rows=54487 width=4) (actual time=0.046..1269.045 rows=51698 loops=1)
        Filter: (keyword_id < 52)
        Rows Removed by Filter: 4472232
  ->  Hash  (cost=61283.27..61283.27 rows=2528527 width=4) (actual time=1915.032..1915.032 rows=2528312 loops=1)
        Buckets: 131072  Batches: 64  Memory Usage: 2425kB
        ->  Seq Scan on title t  (cost=0.00..61283.27 rows=2528527 width=4) (actual time=0.021..1051.436 rows=2528312 loops=1)
Planning time: 7.403 ms
Execution time: 3638.727 ms
