Hash Join  (cost=78593.13..877808.07 rows=820934 width=0) (actual time=7001.090..18824.837 rows=1057107 loops=1)
  Hash Cond: (ci.movie_id = t.id)
  ->  Seq Scan on cast_info ci  (cost=0.00..705507.15 rows=7298253 width=4) (actual time=5757.089..13589.923 rows=7451973 loops=1)
        Filter: (role_id = 2)
        Rows Removed by Filter: 28792371
  ->  Hash  (cost=73925.90..73925.90 rows=284418 width=4) (actual time=1242.903..1242.903 rows=382296 loops=1)
        Buckets: 131072 (originally 131072)  Batches: 8 (originally 4)  Memory Usage: 3073kB
        ->  Seq Scan on title t  (cost=0.00..73925.90 rows=284418 width=4) (actual time=424.841..1105.757 rows=382296 loops=1)
              Filter: ((kind_id < 2) AND (production_year < 2001))
              Rows Removed by Filter: 2146016
Planning time: 0.782 ms
Execution time: 18952.523 ms
