Hash Join  (cost=76817.76..113911.61 rows=63779 width=0) (actual time=1213.125..2209.515 rows=180042 loops=1)
  Hash Cond: (mi_idx.movie_id = t.id)
  ->  Seq Scan on movie_info_idx mi_idx  (cost=0.00..25185.44 rows=915101 width=4) (actual time=0.022..515.508 rows=919850 loops=1)
        Filter: (info_type_id < 101)
        Rows Removed by Filter: 460185
  ->  Hash  (cost=73925.90..73925.90 rows=176228 width=4) (actual time=1208.233..1208.233 rows=310626 loops=1)
        Buckets: 131072  Batches: 4  Memory Usage: 3757kB
        ->  Seq Scan on title t  (cost=0.00..73925.90 rows=176228 width=4) (actual time=274.980..1107.814 rows=310626 loops=1)
              Filter: ((production_year < 1989) AND (kind_id = 1))
              Rows Removed by Filter: 2217686
Planning time: 0.756 ms
Execution time: 2233.072 ms
