Nested Loop  (cost=60299.25..142103.48 rows=5 width=0) (actual time=1045.258..2176.244 rows=61 loops=1)
  ->  Hash Join  (cost=60298.82..141977.31 rows=74 width=8) (actual time=1045.195..2168.106 rows=79 loops=1)
        Hash Cond: (mk.movie_id = mc.movie_id)
        ->  Seq Scan on movie_keyword mk  (cost=0.00..81003.12 rows=246 width=4) (actual time=0.804..1238.193 rows=1257 loops=1)
              Filter: (keyword_id = 3323)
              Rows Removed by Filter: 4522673
        ->  Hash  (cost=57926.93..57926.93 rows=144551 width=4) (actual time=920.192..920.192 rows=64235 loops=1)
              Buckets: 131072  Batches: 2  Memory Usage: 2162kB
              ->  Seq Scan on movie_companies mc  (cost=0.00..57926.93 rows=144551 width=4) (actual time=0.025..896.044 rows=64235 loops=1)
                    Filter: ((company_id < 150) AND (company_type_id > 1))
                    Rows Removed by Filter: 2544894
  ->  Index Scan using title_pkey on title t  (cost=0.43..1.69 rows=1 width=4) (actual time=0.100..0.100 rows=1 loops=79)
        Index Cond: (id = mc.movie_id)
        Filter: (kind_id < 7)
        Rows Removed by Filter: 0
Planning time: 1.207 ms
Execution time: 2176.400 ms
