Seq Scan on cast_info ci  (cost=0.00..705507.15 rows=12168432 width=0) (actual time=618.277..11379.727 rows=12072727 loops=1)
  Filter: (person_id < 1189526)
  Rows Removed by Filter: 24171617
Planning time: 0.296 ms
Execution time: 12904.196 ms
