Hash Join  (cost=75411.94..180431.48 rows=71093 width=0) (actual time=1123.685..3183.343 rows=52304 loops=1)
  Hash Cond: (mk.movie_id = t.id)
  ->  Seq Scan on movie_keyword mk  (cost=0.00..81003.12 rows=1984929 width=4) (actual time=0.022..1415.467 rows=1991361 loops=1)
        Filter: (keyword_id > 6301)
        Rows Removed by Filter: 2532569
  ->  Hash  (cost=73925.90..73925.90 rows=90563 width=4) (actual time=1122.578..1122.578 rows=80990 loops=1)
        Buckets: 131072  Batches: 2  Memory Usage: 2456kB
        ->  Seq Scan on title t  (cost=0.00..73925.90 rows=90563 width=4) (actual time=0.021..1090.644 rows=80990 loops=1)
              Filter: ((kind_id < 7) AND (production_year > 2011))
              Rows Removed by Filter: 2447322
Planning time: 0.953 ms
Execution time: 3190.709 ms
