Seq Scan on movie_keyword mk  (cost=0.00..81003.12 rows=246 width=0) (actual time=0.250..1331.148 rows=2168 loops=1)
  Filter: (keyword_id = 667)
  Rows Removed by Filter: 4521762
Planning time: 0.378 ms
Execution time: 1331.857 ms
