Hash Join  (cost=69090.10..137581.50 rows=30662 width=0) (actual time=1660.641..2523.308 rows=95976 loops=1)
  Hash Cond: (mc.movie_id = t.id)
  ->  Seq Scan on movie_companies mc  (cost=0.00..57926.93 rows=856491 width=4) (actual time=0.022..1106.541 rows=1170329 loops=1)
        Filter: ((company_id < 23670) AND (company_type_id < 2))
        Rows Removed by Filter: 1438800
  ->  Hash  (cost=67604.59..67604.59 rows=90521 width=4) (actual time=980.730..980.730 rows=90852 loops=1)
        Buckets: 131072  Batches: 2  Memory Usage: 2626kB
        ->  Seq Scan on title t  (cost=0.00..67604.59 rows=90521 width=4) (actual time=0.024..946.544 rows=90852 loops=1)
              Filter: (kind_id = 2)
              Rows Removed by Filter: 2437460
Planning time: 2.658 ms
Execution time: 2535.055 ms
