Hash Join  (cost=74202.60..170316.64 rows=34472 width=0) (actual time=2056.087..2574.084 rows=9420 loops=1)
  Hash Cond: (mk.movie_id = t.id)
  ->  Seq Scan on movie_keyword mk  (cost=0.00..81003.12 rows=3937651 width=4) (actual time=0.016..988.873 rows=3938813 loops=1)
        Filter: (keyword_id < 31363)
        Rows Removed by Filter: 585117
  ->  Hash  (cost=73925.90..73925.90 rows=22136 width=4) (actual time=1102.041..1102.041 rows=24301 loops=1)
        Buckets: 32768  Batches: 1  Memory Usage: 1111kB
        ->  Seq Scan on title t  (cost=0.00..73925.90 rows=22136 width=4) (actual time=176.007..1091.841 rows=24301 loops=1)
              Filter: ((kind_id = 7) AND (production_year = 1996))
              Rows Removed by Filter: 2504011
Planning time: 2.981 ms
Execution time: 2574.856 ms
