Seq Scan on movie_keyword mk  (cost=0.00..81003.12 rows=246 width=0) (actual time=16.618..1246.464 rows=38 loops=1)
  Filter: (keyword_id = 14615)
  Rows Removed by Filter: 4523892
Planning time: 0.415 ms
Execution time: 1246.586 ms
