Seq Scan on movie_keyword mk  (cost=0.00..81003.12 rows=146202 width=12) (actual time=0.028..1720.270 rows=145378 loops=1)
  Filter: (keyword_id > 74318)
  Rows Removed by Filter: 4378552
Planning time: 0.328 ms
Execution time: 1729.246 ms
