Hash Join  (cost=107928.35..477644.52 rows=598867 width=0) (actual time=6986.773..8428.425 rows=595802 loops=1)
  Hash Cond: (mi.movie_id = t.id)
  ->  Seq Scan on movie_info mi  (cost=0.00..346232.03 rows=616095 width=4) (actual time=4563.477..5162.942 rows=598457 loops=1)
        Filter: (info_type_id = 15)
        Rows Removed by Filter: 14237263
  ->  Hash  (cost=67604.59..67604.59 rows=2457821 width=4) (actual time=2377.537..2377.537 rows=2456218 loops=1)
        Buckets: 131072  Batches: 64  Memory Usage: 2385kB
        ->  Seq Scan on title t  (cost=0.00..67604.59 rows=2457821 width=4) (actual time=0.019..1320.765 rows=2456218 loops=1)
              Filter: (production_year > 0)
              Rows Removed by Filter: 72094
Planning time: 0.741 ms
Execution time: 8507.603 ms
