Hash Join  (cost=233634.47..398771.64 rows=3076322 width=0) (actual time=5408.626..16668.406 rows=27872785 loops=1)
  Hash Cond: (mk.movie_id = t.id)
  ->  Seq Scan on movie_keyword mk  (cost=0.00..69693.30 rows=4523930 width=4) (actual time=0.021..1496.925 rows=4523930 loops=1)
  ->  Hash  (cost=205424.64..205424.64 rows=1719426 width=8) (actual time=5407.169..5407.169 rows=1713252 loops=1)
        Buckets: 131072  Batches: 32  Memory Usage: 3156kB
        ->  Hash Join  (cost=102767.86..205424.64 rows=1719426 width=8) (actual time=1926.293..4881.206 rows=1713252 loops=1)
              Hash Cond: (mc.movie_id = t.id)
              ->  Seq Scan on movie_companies mc  (cost=0.00..51404.11 rows=1719426 width=4) (actual time=0.018..1108.826 rows=1713252 loops=1)
                    Filter: (company_id < 21641)
                    Rows Removed by Filter: 895877
              ->  Hash  (cost=61283.27..61283.27 rows=2528527 width=4) (actual time=1925.281..1925.281 rows=2528312 loops=1)
                    Buckets: 131072  Batches: 64  Memory Usage: 2415kB
                    ->  Seq Scan on title t  (cost=0.00..61283.27 rows=2528527 width=4) (actual time=0.041..1081.376 rows=2528312 loops=1)
Planning time: 1.189 ms
Execution time: 20053.522 ms
