Hash Join  (cost=797489.30..1171861.77 rows=199 width=0) (actual time=13113.424..20152.860 rows=191 loops=1)
  Hash Cond: (mi.movie_id = t.id)
  ->  Seq Scan on movie_info mi  (cost=0.00..346232.03 rows=7503588 width=4) (actual time=0.010..6186.721 rows=7548855 loops=1)
        Filter: (info_type_id > 7)
        Rows Removed by Filter: 7286865
  ->  Hash  (cost=797488.46..797488.46 rows=67 width=8) (actual time=12914.268..12914.268 rows=13 loops=1)
        Buckets: 1024  Batches: 1  Memory Usage: 9kB
        ->  Nested Loop  (cost=0.43..797488.46 rows=67 width=8) (actual time=2024.151..12914.234 rows=13 loops=1)
              ->  Seq Scan on cast_info ci  (cost=0.00..796071.18 rows=168 width=4) (actual time=2024.027..12913.398 rows=39 loops=1)
                    Filter: ((role_id > 3) AND (person_id = 629682))
                    Rows Removed by Filter: 36244305
              ->  Index Scan using title_pkey on title t  (cost=0.43..8.43 rows=1 width=4) (actual time=0.019..0.019 rows=0 loops=39)
                    Index Cond: (id = ci.movie_id)
                    Filter: (production_year > 2005)
                    Rows Removed by Filter: 1
Planning time: 1.240 ms
Execution time: 20153.049 ms
