Hash Join  (cost=82257.13..593646.12 rows=2959906 width=0) (actual time=1707.203..16746.152 rows=6885849 loops=1)
  Hash Cond: (mi.movie_id = t.id)
  ->  Seq Scan on movie_info mi  (cost=0.00..309384.22 rows=14739122 width=4) (actual time=0.018..5759.690 rows=14835720 loops=1)
  ->  Hash  (cost=73925.90..73925.90 rows=507778 width=4) (actual time=1248.826..1248.826 rows=524129 loops=1)
        Buckets: 131072  Batches: 8  Memory Usage: 3348kB
        ->  Seq Scan on title t  (cost=0.00..73925.90 rows=507778 width=4) (actual time=40.777..1085.624 rows=524129 loops=1)
              Filter: ((production_year < 2010) AND (kind_id = 1))
              Rows Removed by Filter: 2004183
Planning time: 1.160 ms
Execution time: 17572.928 ms
