Hash Join  (cost=74789.33..130167.61 rows=71276 width=0) (actual time=1207.205..2553.629 rows=132027 loops=1)
  Hash Cond: (mc.movie_id = t.id)
  ->  Seq Scan on movie_companies mc  (cost=0.00..44881.29 rows=2609129 width=4) (actual time=0.023..627.605 rows=2609129 loops=1)
  ->  Hash  (cost=73925.90..73925.90 rows=69074 width=4) (actual time=1206.507..1206.507 rows=60698 loops=1)
        Buckets: 131072  Batches: 1  Memory Usage: 3158kB
        ->  Seq Scan on title t  (cost=0.00..73925.90 rows=69074 width=4) (actual time=96.077..1183.595 rows=60698 loops=1)
              Filter: ((production_year > 1992) AND (kind_id = 3))
              Rows Removed by Filter: 2467614
Planning time: 0.800 ms
Execution time: 2571.166 ms
