Seq Scan on movie_companies mc  (cost=0.00..51404.11 rows=2380397 width=0) (actual time=0.015..788.077 rows=2381694 loops=1)
  Filter: (company_id > 82)
  Rows Removed by Filter: 227435
Planning time: 0.370 ms
Execution time: 1032.394 ms
