Seq Scan on cast_info ci  (cost=0.00..796071.18 rows=369 width=0) (actual time=6399.039..14620.831 rows=4 loops=1)
  Filter: ((role_id < 5) AND (person_id = 502515))
  Rows Removed by Filter: 36244340
Planning time: 0.363 ms
Execution time: 14620.950 ms
