Hash Join  (cost=129292.53..930911.30 rows=201016 width=0) (actual time=2349.628..19566.149 rows=226056 loops=1)
  Hash Cond: (ci.movie_id = t.id)
  ->  Seq Scan on cast_info ci  (cost=0.00..705507.15 rows=25093723 width=4) (actual time=0.023..12118.560 rows=25190129 loops=1)
        Filter: (person_id > 1084838)
        Rows Removed by Filter: 11054215
  ->  Hash  (cost=129039.34..129039.34 rows=20255 width=8) (actual time=2348.503..2348.503 rows=10631 loops=1)
        Buckets: 32768  Batches: 1  Memory Usage: 672kB
        ->  Hash Join  (cost=74171.27..129039.34 rows=20255 width=8) (actual time=1119.616..2343.505 rows=10631 loops=1)
              Hash Cond: (mc.movie_id = t.id)
              ->  Seq Scan on movie_companies mc  (cost=0.00..44881.29 rows=2609129 width=4) (actual time=0.021..597.000 rows=2609129 loops=1)
              ->  Hash  (cost=73925.90..73925.90 rows=19629 width=4) (actual time=1118.678..1118.678 rows=21543 loops=1)
                    Buckets: 32768  Batches: 1  Memory Usage: 1014kB
                    ->  Seq Scan on title t  (cost=0.00..73925.90 rows=19629 width=4) (actual time=0.042..1108.789 rows=21543 loops=1)
                          Filter: ((kind_id > 3) AND (production_year = 1994))
                          Rows Removed by Filter: 2506769
Planning time: 1.185 ms
Execution time: 19596.713 ms
