Seq Scan on movie_companies mc  (cost=0.00..57926.93 rows=751932 width=0) (actual time=0.024..1093.599 rows=969830 loops=1)
  Filter: ((company_id > 8216) AND (company_type_id = 2))
  Rows Removed by Filter: 1639299
Planning time: 0.416 ms
Execution time: 1214.989 ms
