Seq Scan on movie_keyword mk  (cost=0.00..81003.12 rows=1645886 width=0) (actual time=0.029..1602.603 rows=1657391 loops=1)
  Filter: (keyword_id < 2533)
  Rows Removed by Filter: 2866539
Planning time: 0.422 ms
Execution time: 1810.227 ms
