Seq Scan on movie_keyword mk  (cost=0.00..81003.12 rows=1297031 width=0) (actual time=0.015..1307.541 rows=1311988 loops=1)
  Filter: (keyword_id > 13391)
  Rows Removed by Filter: 3211942
Planning time: 0.346 ms
Execution time: 1467.697 ms
