Hash Join  (cost=437212.54..1378810.90 rows=872866 width=0) (actual time=9733.999..30321.643 rows=2435327 loops=1)
  Hash Cond: (ci.movie_id = t.id)
  ->  Seq Scan on cast_info ci  (cost=0.00..705507.15 rows=12726058 width=4) (actual time=0.008..14379.560 rows=12670688 loops=1)
        Filter: (role_id = 1)
        Rows Removed by Filter: 23573656
  ->  Hash  (cost=434366.70..434366.70 rows=173428 width=8) (actual time=9732.718..9732.718 rows=178496 loops=1)
        Buckets: 131072  Batches: 4  Memory Usage: 2779kB
        ->  Hash Join  (cost=67976.49..434366.70 rows=173428 width=8) (actual time=1091.078..9655.521 rows=178496 loops=1)
              Hash Cond: (mi.movie_id = t.id)
              ->  Seq Scan on movie_info mi  (cost=0.00..309384.22 rows=14739122 width=4) (actual time=0.020..4479.224 rows=14835720 loops=1)
              ->  Hash  (cost=67604.59..67604.59 rows=29752 width=4) (actual time=1090.761..1090.761 rows=30027 loops=1)
                    Buckets: 32768  Batches: 1  Memory Usage: 1312kB
                    ->  Seq Scan on title t  (cost=0.00..67604.59 rows=29752 width=4) (actual time=0.101..1077.744 rows=30027 loops=1)
                          Filter: (production_year = 1994)
                          Rows Removed by Filter: 2498285
Planning time: 1.183 ms
Execution time: 30622.712 ms
