Seq Scan on movie_companies mc  (cost=0.00..57926.93 rows=274614 width=0) (actual time=0.015..893.058 rows=411829 loops=1)
  Filter: ((company_id < 583) AND (company_type_id = 1))
  Rows Removed by Filter: 2197300
Planning time: 0.468 ms
Execution time: 946.162 ms
