Hash Join  (cost=219954.84..715030.89 rows=3261268 width=0) (actual time=4347.050..16462.441 rows=1817615 loops=1)
  Hash Cond: (mi.movie_id = t.id)
  ->  Seq Scan on movie_info mi  (cost=0.00..346232.03 rows=9767026 width=4) (actual time=0.023..6695.965 rows=9911754 loops=1)
        Filter: (info_type_id > 4)
        Rows Removed by Filter: 4923966
  ->  Hash  (cost=206102.22..206102.22 rows=844290 width=8) (actual time=4220.002..4220.002 rows=219273 loops=1)
        Buckets: 131072  Batches: 16  Memory Usage: 1575kB
        ->  Hash Join  (cost=92883.59..206102.22 rows=844290 width=8) (actual time=3051.325..4150.774 rows=219273 loops=1)
              Hash Cond: (mk.movie_id = t.id)
              ->  Seq Scan on movie_keyword mk  (cost=0.00..81003.12 rows=1385521 width=4) (actual time=0.024..1393.745 rows=1401157 loops=1)
                    Filter: (keyword_id > 11952)
                    Rows Removed by Filter: 3122773
              ->  Hash  (cost=67604.59..67604.59 rows=1540800 width=4) (actual time=1836.485..1836.485 rows=1543264 loops=1)
                    Buckets: 131072  Batches: 32  Memory Usage: 2728kB
                    ->  Seq Scan on title t  (cost=0.00..67604.59 rows=1540800 width=4) (actual time=0.011..1307.164 rows=1543264 loops=1)
                          Filter: (kind_id = 7)
                          Rows Removed by Filter: 985048
Planning time: 1.156 ms
Execution time: 16662.655 ms
