Seq Scan on movie_companies mc  (cost=0.00..51404.11 rows=1887016 width=0) (actual time=0.022..991.327 rows=1899196 loops=1)
  Filter: (company_id > 1360)
  Rows Removed by Filter: 709933
Planning time: 4.309 ms
Execution time: 1244.012 ms
