Seq Scan on cast_info ci  (cost=0.00..796071.18 rows=421137 width=0) (actual time=9986.895..11502.824 rows=1624086 loops=1)
  Filter: ((person_id > 3740028) AND (role_id > 4))
  Rows Removed by Filter: 34620258
Planning time: 0.367 ms
Execution time: 11707.357 ms
