Seq Scan on movie_companies mc  (cost=0.00..51404.11 rows=104 width=0) (actual time=141.858..824.693 rows=61 loops=1)
  Filter: (company_id = 15661)
  Rows Removed by Filter: 2609068
Planning time: 0.400 ms
Execution time: 824.798 ms
