Seq Scan on movie_keyword mk  (cost=0.00..81003.12 rows=246 width=0) (actual time=0.868..1298.206 rows=1267 loops=1)
  Filter: (keyword_id = 7825)
  Rows Removed by Filter: 4522663
Planning time: 0.362 ms
Execution time: 1298.643 ms
