Seq Scan on movie_keyword mk  (cost=0.00..81003.12 rows=246 width=0) (actual time=127.507..1276.744 rows=63 loops=1)
  Filter: (keyword_id = 1467)
  Rows Removed by Filter: 4523867
Planning time: 0.397 ms
Execution time: 1276.887 ms
