Seq Scan on movie_keyword mk  (cost=0.00..81003.12 rows=4026471 width=0) (actual time=0.013..1562.731 rows=4032421 loops=1)
  Filter: (keyword_id < 36647)
  Rows Removed by Filter: 491509
Planning time: 0.320 ms
Execution time: 2065.143 ms
