Seq Scan on cast_info ci  (cost=0.00..796071.18 rows=168 width=0) (actual time=3939.273..13782.936 rows=352 loops=1)
  Filter: ((role_id > 3) AND (person_id = 2637343))
  Rows Removed by Filter: 36243992
Planning time: 0.307 ms
Execution time: 13783.100 ms
