Seq Scan on movie_keyword mk  (cost=0.00..81003.12 rows=246 width=0) (actual time=4.033..1215.196 rows=335 loops=1)
  Filter: (keyword_id = 6490)
  Rows Removed by Filter: 4523595
Planning time: 0.295 ms
Execution time: 1215.435 ms
