Hash Join  (cost=68113.45..422456.46 rows=33389 width=0) (actual time=2727.321..7361.341 rows=32145 loops=1)
  Hash Cond: (mi.movie_id = t.id)
  ->  Seq Scan on movie_info mi  (cost=0.00..346232.03 rows=2073893 width=4) (actual time=1537.822..5642.444 rows=2091068 loops=1)
        Filter: (info_type_id < 3)
        Rows Removed by Filter: 12744652
  ->  Hash  (cost=67604.59..67604.59 rows=40709 width=4) (actual time=1188.578..1188.578 rows=38955 loops=1)
        Buckets: 65536  Batches: 1  Memory Usage: 1882kB
        ->  Seq Scan on title t  (cost=0.00..67604.59 rows=40709 width=4) (actual time=0.036..1170.618 rows=38955 loops=1)
              Filter: (production_year = 1997)
              Rows Removed by Filter: 2489357
Planning time: 0.821 ms
Execution time: 7366.487 ms
