Hash Join  (cost=204672.68..1362480.86 rows=12071302 width=0) (actual time=4166.261..38502.171 rows=12462268 loops=1)
  Hash Cond: (ci.movie_id = t.id)
  ->  Seq Scan on cast_info ci  (cost=0.00..614943.12 rows=36225612 width=4) (actual time=0.019..13428.489 rows=36244344 loops=1)
  ->  Hash  (cost=190848.55..190848.55 rows=842570 width=8) (actual time=4165.222..4165.222 rows=530628 loops=1)
        Buckets: 131072  Batches: 16  Memory Usage: 2308kB
        ->  Hash Join  (cost=102767.86..190848.55 rows=842570 width=8) (actual time=2194.594..4007.572 rows=530628 loops=1)
              Hash Cond: (mc.movie_id = t.id)
              ->  Seq Scan on movie_companies mc  (cost=0.00..57926.93 rows=842570 width=4) (actual time=0.015..960.182 rows=530628 loops=1)
                    Filter: ((company_id < 17928) AND (company_type_id = 2))
                    Rows Removed by Filter: 2078501
              ->  Hash  (cost=61283.27..61283.27 rows=2528527 width=4) (actual time=2193.449..2193.449 rows=2528312 loops=1)
                    Buckets: 131072  Batches: 64  Memory Usage: 2415kB
                    ->  Seq Scan on title t  (cost=0.00..61283.27 rows=2528527 width=4) (actual time=0.007..1136.275 rows=2528312 loops=1)
Planning time: 1.503 ms
Execution time: 39885.830 ms
