Hash Join  (cost=82423.69..212348.12 rows=1071333 width=0) (actual time=1532.598..4638.593 rows=679519 loops=1)
  Hash Cond: (mk.movie_id = t.id)
  ->  Seq Scan on movie_keyword mk  (cost=0.00..81003.12 rows=2999193 width=4) (actual time=0.018..1586.224 rows=2983936 loops=1)
        Filter: (keyword_id < 10294)
        Rows Removed by Filter: 1539994
  ->  Hash  (cost=67604.59..67604.59 rows=903208 width=4) (actual time=1526.889..1526.889 rows=904491 loops=1)
        Buckets: 131072  Batches: 16  Memory Usage: 3017kB
        ->  Seq Scan on title t  (cost=0.00..67604.59 rows=903208 width=4) (actual time=0.013..1224.606 rows=904491 loops=1)
              Filter: (production_year > 2006)
              Rows Removed by Filter: 1623821
Planning time: 0.724 ms
Execution time: 4720.010 ms
