Seq Scan on movie_companies mc  (cost=0.00..51404.11 rows=104 width=0) (actual time=4.340..806.116 rows=169 loops=1)
  Filter: (company_id = 40713)
  Rows Removed by Filter: 2608960
Planning time: 0.401 ms
Execution time: 806.229 ms
