Hash Join  (cost=76242.82..1130826.37 rows=2022839 width=0) (actual time=1123.527..28779.192 rows=2216693 loops=1)
  Hash Cond: (ci.movie_id = t.id)
  ->  Seq Scan on cast_info ci  (cost=0.00..614943.12 rows=36225612 width=4) (actual time=0.017..13033.234 rows=36244344 loops=1)
  ->  Hash  (cost=73925.90..73925.90 rows=141193 width=4) (actual time=1122.725..1122.725 rows=132182 loops=1)
        Buckets: 131072  Batches: 2  Memory Usage: 3340kB
        ->  Seq Scan on title t  (cost=0.00..73925.90 rows=141193 width=4) (actual time=455.980..1076.263 rows=132182 loops=1)
              Filter: ((production_year > 2009) AND (kind_id = 1))
              Rows Removed by Filter: 2396130
Planning time: 0.793 ms
Execution time: 29066.663 ms
