Hash Join  (cost=67697.55..436217.60 rows=17345 width=0) (actual time=1036.633..7839.312 rows=37177 loops=1)
  Hash Cond: (mi.movie_id = t.id)
  ->  Seq Scan on movie_info mi  (cost=0.00..346232.03 rows=5897221 width=4) (actual time=0.010..5615.270 rows=5884963 loops=1)
        Filter: (info_type_id < 7)
        Rows Removed by Filter: 8950757
  ->  Hash  (cost=67604.59..67604.59 rows=7437 width=4) (actual time=1035.611..1035.611 rows=14284 loops=1)
        Buckets: 16384 (originally 8192)  Batches: 1 (originally 1)  Memory Usage: 631kB
        ->  Seq Scan on title t  (cost=0.00..67604.59 rows=7437 width=4) (actual time=0.091..1029.079 rows=14284 loops=1)
              Filter: (production_year = 1973)
              Rows Removed by Filter: 2514028
Planning time: 1.076 ms
Execution time: 7845.698 ms
