Seq Scan on cast_info ci  (cost=0.00..796071.18 rows=9604229 width=0) (actual time=7.432..14845.154 rows=6348912 loops=1)
  Filter: ((person_id > 862898) AND (role_id < 2))
  Rows Removed by Filter: 29895432
Planning time: 0.368 ms
Execution time: 15604.832 ms
