Seq Scan on movie_companies mc  (cost=0.00..57926.93 rows=672551 width=0) (actual time=0.021..1127.576 rows=916334 loops=1)
  Filter: ((company_id < 11662) AND (company_type_id < 2))
  Rows Removed by Filter: 1692795
Planning time: 0.350 ms
Execution time: 1241.431 ms
