Hash Join  (cost=98098.54..202849.31 rows=1917884 width=0) (actual time=2271.269..5153.575 rows=1625930 loops=1)
  Hash Cond: (mc.movie_id = t.id)
  ->  Seq Scan on movie_companies mc  (cost=0.00..44881.29 rows=2609129 width=4) (actual time=0.022..941.402 rows=2609129 loops=1)
  ->  Hash  (cost=67604.59..67604.59 rows=1858636 width=4) (actual time=2270.542..2270.542 rows=1852807 loops=1)
        Buckets: 131072  Batches: 32  Memory Usage: 3067kB
        ->  Seq Scan on title t  (cost=0.00..67604.59 rows=1858636 width=4) (actual time=0.014..1393.052 rows=1852807 loops=1)
              Filter: (production_year > 1985)
              Rows Removed by Filter: 675505
Planning time: 0.700 ms
Execution time: 5328.679 ms
