Hash Join  (cost=443843.33..1418453.51 rows=1180101 width=0) (actual time=7464.424..32808.418 rows=2438430 loops=1)
  Hash Cond: (ci.movie_id = t.id)
  ->  Seq Scan on cast_info ci  (cost=0.00..705507.15 rows=22207737 width=4) (actual time=0.018..14912.976 rows=22045861 loops=1)
        Filter: (person_id < 2245187)
        Rows Removed by Filter: 14198483
  ->  Hash  (cost=441638.78..441638.78 rows=134364 width=8) (actual time=7463.684..7463.684 rows=235528 loops=1)
        Buckets: 131072 (originally 131072)  Batches: 4 (originally 2)  Memory Usage: 3320kB
        ->  Hash Join  (cost=78306.32..441638.78 rows=134364 width=8) (actual time=5756.277..7389.778 rows=235528 loops=1)
              Hash Cond: (mi.movie_id = t.id)
              ->  Seq Scan on movie_info mi  (cost=0.00..346232.03 rows=1272478 width=4) (actual time=4410.394..5363.667 rows=1325361 loops=1)
                    Filter: (info_type_id = 8)
                    Rows Removed by Filter: 13510359
              ->  Hash  (cost=73925.90..73925.90 rows=266993 width=4) (actual time=1313.450..1313.450 rows=216282 loops=1)
                    Buckets: 131072  Batches: 4  Memory Usage: 2934kB
                    ->  Seq Scan on title t  (cost=0.00..73925.90 rows=266993 width=4) (actual time=0.037..1240.116 rows=216282 loops=1)
                          Filter: ((production_year > 2005) AND (kind_id = 1))
                          Rows Removed by Filter: 2312030
Planning time: 1.253 ms
Execution time: 33090.936 ms
