Seq Scan on movie_keyword mk  (cost=0.00..81003.12 rows=2881094 width=0) (actual time=0.012..1551.408 rows=2868889 loops=1)
  Filter: (keyword_id > 2523)
  Rows Removed by Filter: 1655041
Planning time: 0.259 ms
Execution time: 1903.560 ms
