Seq Scan on movie_keyword mk  (cost=0.00..81003.12 rows=246 width=0) (actual time=0.386..1270.400 rows=367 loops=1)
  Filter: (keyword_id = 9979)
  Rows Removed by Filter: 4523563
Planning time: 0.453 ms
Execution time: 1270.686 ms
