Seq Scan on cast_info ci  (cost=0.00..705507.15 rows=500 width=0) (actual time=7737.097..10831.895 rows=36 loops=1)
  Filter: (person_id = 16386)
  Rows Removed by Filter: 36244308
Planning time: 0.400 ms
Execution time: 10831.985 ms
