Hash Join  (cost=95920.39..141776.23 rows=485177 width=0) (actual time=1946.903..3297.193 rows=272124 loops=1)
  Hash Cond: (mi_idx.movie_id = t.id)
  ->  Seq Scan on movie_info_idx mi_idx  (cost=0.00..25185.44 rows=915101 width=4) (actual time=0.033..588.066 rows=919850 loops=1)
        Filter: (info_type_id < 101)
        Rows Removed by Filter: 460185
  ->  Hash  (cost=73925.90..73925.90 rows=1340599 width=4) (actual time=1945.962..1945.962 rows=1418280 loops=1)
        Buckets: 131072  Batches: 32  Memory Usage: 2584kB
        ->  Seq Scan on title t  (cost=0.00..73925.90 rows=1340599 width=4) (actual time=86.883..1504.955 rows=1418280 loops=1)
              Filter: ((production_year > 1961) AND (kind_id = 7))
              Rows Removed by Filter: 1110032
Planning time: 0.773 ms
Execution time: 3330.705 ms
