Hash Join  (cost=174768.92..691306.73 rows=1933610 width=0) (actual time=4056.074..16660.908 rows=1288294 loops=1)
  Hash Cond: (mi.movie_id = t.id)
  ->  Seq Scan on movie_info mi  (cost=0.00..346232.03 rows=12928982 width=4) (actual time=0.024..7368.115 rows=12970088 loops=1)
        Filter: (info_type_id < 18)
        Rows Removed by Filter: 1865632
  ->  Hash  (cost=168563.96..168563.96 rows=378157 width=8) (actual time=3208.155..3208.155 rows=201433 loops=1)
        Buckets: 131072  Batches: 8  Memory Usage: 2008kB
        ->  Hash Join  (cost=92883.59..168563.96 rows=378157 width=8) (actual time=2445.056..3151.282 rows=201433 loops=1)
              Hash Cond: (mc.movie_id = t.id)
              ->  Seq Scan on movie_companies mc  (cost=0.00..57926.93 rows=620574 width=4) (actual time=0.024..1001.447 rows=399058 loops=1)
                    Filter: ((company_id < 11105) AND (company_type_id > 1))
                    Rows Removed by Filter: 2210071
              ->  Hash  (cost=67604.59..67604.59 rows=1540800 width=4) (actual time=1655.113..1655.113 rows=1543264 loops=1)
                    Buckets: 131072  Batches: 32  Memory Usage: 2722kB
                    ->  Seq Scan on title t  (cost=0.00..67604.59 rows=1540800 width=4) (actual time=0.012..1171.143 rows=1543264 loops=1)
                          Filter: (kind_id = 7)
                          Rows Removed by Filter: 985048
Planning time: 10.241 ms
Execution time: 16801.116 ms
