Hash Join  (cost=102767.86..1306256.96 rows=20284797 width=0) (actual time=1987.176..34192.711 rows=20405396 loops=1)
  Hash Cond: (ci.movie_id = t.id)
  ->  Seq Scan on cast_info ci  (cost=0.00..705507.15 rows=20284797 width=4) (actual time=0.031..14540.918 rows=20405396 loops=1)
        Filter: (person_id > 1565481)
        Rows Removed by Filter: 15838948
  ->  Hash  (cost=61283.27..61283.27 rows=2528527 width=4) (actual time=1986.189..1986.189 rows=2528312 loops=1)
        Buckets: 131072  Batches: 64  Memory Usage: 2415kB
        ->  Seq Scan on title t  (cost=0.00..61283.27 rows=2528527 width=4) (actual time=0.009..1149.758 rows=2528312 loops=1)
Planning time: 0.847 ms
Execution time: 36603.277 ms
