Seq Scan on cast_info ci  (cost=0.00..796071.18 rows=168 width=0) (actual time=1514.143..13245.708 rows=81 loops=1)
  Filter: ((role_id > 3) AND (person_id = 4061487))
  Rows Removed by Filter: 36244263
Planning time: 0.434 ms
Execution time: 13245.824 ms
