Seq Scan on cast_info ci  (cost=0.00..705507.15 rows=15832889 width=0) (actual time=2240.306..12109.745 rows=15942601 loops=1)
  Filter: (person_id > 2039707)
  Rows Removed by Filter: 20301743
Planning time: 0.358 ms
Execution time: 14081.787 ms
