Nested Loop  (cost=0.43..83071.67 rows=246 width=0) (actual time=1.398..1324.428 rows=414 loops=1)
  ->  Seq Scan on movie_keyword mk  (cost=0.00..81003.12 rows=246 width=4) (actual time=1.356..1301.922 rows=414 loops=1)
        Filter: (keyword_id = 7687)
        Rows Removed by Filter: 4523516
  ->  Index Only Scan using title_pkey on title t  (cost=0.43..8.40 rows=1 width=4) (actual time=0.052..0.052 rows=1 loops=414)
        Index Cond: (id = mk.movie_id)
        Heap Fetches: 414
Planning time: 0.755 ms
Execution time: 1324.703 ms
