Seq Scan on movie_keyword mk  (cost=0.00..81003.12 rows=958343 width=0) (actual time=0.024..1384.545 rows=960985 loops=1)
  Filter: (keyword_id < 903)
  Rows Removed by Filter: 3562945
Planning time: 0.314 ms
Execution time: 1508.902 ms
