Hash Join  (cost=73930.93..128600.60 rows=415 width=0) (actual time=1247.075..2068.283 rows=10 loops=1)
  Hash Cond: (mc.movie_id = t.id)
  ->  Seq Scan on movie_companies mc  (cost=0.00..44881.29 rows=2609129 width=4) (actual time=0.025..602.657 rows=2609129 loops=1)
  ->  Hash  (cost=73925.90..73925.90 rows=402 width=4) (actual time=993.369..993.369 rows=137 loops=1)
        Buckets: 1024  Batches: 1  Memory Usage: 13kB
        ->  Seq Scan on title t  (cost=0.00..73925.90 rows=402 width=4) (actual time=280.544..993.198 rows=137 loops=1)
              Filter: ((production_year > 2013) AND (kind_id = 7))
              Rows Removed by Filter: 2528175
Planning time: 0.774 ms
Execution time: 2068.375 ms
