Hash Join  (cost=822514.14..950173.17 rows=464299 width=0) (actual time=14801.653..17944.773 rows=1533080 loops=1)
  Hash Cond: (mk.movie_id = t.id)
  ->  Seq Scan on movie_keyword mk  (cost=0.00..69693.30 rows=4523930 width=4) (actual time=0.023..1113.159 rows=4523930 loops=1)
  ->  Hash  (cost=818256.30..818256.30 rows=259507 width=8) (actual time=14800.979..14800.979 rows=242515 loops=1)
        Buckets: 131072  Batches: 4  Memory Usage: 3397kB
        ->  Hash Join  (cost=98347.17..818256.30 rows=259507 width=8) (actual time=4049.326..14735.406 rows=242515 loops=1)
              Hash Cond: (ci.movie_id = t.id)
              ->  Seq Scan on cast_info ci  (cost=0.00..705507.15 rows=350181 width=4) (actual time=2137.887..12331.566 rows=316118 loops=1)
                    Filter: (role_id > 10)
                    Rows Removed by Filter: 35928226
              ->  Hash  (cost=67604.59..67604.59 rows=1873807 width=4) (actual time=1910.048..1910.048 rows=1871198 loops=1)
                    Buckets: 131072  Batches: 32  Memory Usage: 3088kB
                    ->  Seq Scan on title t  (cost=0.00..67604.59 rows=1873807 width=4) (actual time=0.014..1300.290 rows=1871198 loops=1)
                          Filter: (production_year > 1984)
                          Rows Removed by Filter: 657114
Planning time: 4.437 ms
Execution time: 18115.777 ms
