Hash Join  (cost=58375.85..423034.86 rows=309 width=0) (actual time=974.604..7082.581 rows=2377 loops=1)
  Hash Cond: (mi.movie_id = t.id)
  ->  Seq Scan on movie_info mi  (cost=0.00..309384.22 rows=14739122 width=4) (actual time=0.019..3793.996 rows=14835720 loops=1)
  ->  Hash  (cost=58375.18..58375.18 rows=53 width=8) (actual time=894.553..894.553 rows=59 loops=1)
        Buckets: 1024  Batches: 1  Memory Usage: 11kB
        ->  Nested Loop  (cost=0.43..58375.18 rows=53 width=8) (actual time=19.495..894.474 rows=59 loops=1)
              ->  Seq Scan on movie_companies mc  (cost=0.00..57926.93 rows=53 width=4) (actual time=19.389..892.218 rows=59 loops=1)
                    Filter: ((company_type_id > 1) AND (company_id = 13224))
                    Rows Removed by Filter: 2609070
              ->  Index Only Scan using title_pkey on title t  (cost=0.43..8.45 rows=1 width=4) (actual time=0.034..0.035 rows=1 loops=59)
                    Index Cond: (id = mc.movie_id)
                    Heap Fetches: 59
Planning time: 1.168 ms
Execution time: 7083.321 ms
