Hash Join  (cost=152980.50..536084.43 rows=105417 width=0) (actual time=5610.350..10183.882 rows=264990 loops=1)
  Hash Cond: (mi.movie_id = t.id)
  ->  Seq Scan on movie_info mi  (cost=0.00..346232.03 rows=3068194 width=4) (actual time=2393.383..5613.819 rows=3036719 loops=1)
        Filter: (info_type_id = 16)
        Rows Removed by Filter: 11799001
  ->  Hash  (cost=151554.57..151554.57 rows=86875 width=8) (actual time=3215.576..3215.576 rows=193974 loops=1)
        Buckets: 131072 (originally 131072)  Batches: 4 (originally 2)  Memory Usage: 3073kB
        ->  Hash Join  (cost=75307.29..151554.57 rows=86875 width=8) (actual time=1329.118..3143.762 rows=193974 loops=1)
              Hash Cond: (mc.movie_id = t.id)
              ->  Seq Scan on movie_companies mc  (cost=0.00..44881.29 rows=2609129 width=4) (actual time=0.018..815.469 rows=2609129 loops=1)
              ->  Hash  (cost=73925.90..73925.90 rows=84191 width=4) (actual time=1290.474..1290.474 rows=90655 loops=1)
                    Buckets: 131072  Batches: 2  Memory Usage: 2622kB
                    ->  Seq Scan on title t  (cost=0.00..73925.90 rows=84191 width=4) (actual time=0.028..1254.774 rows=90655 loops=1)
                          Filter: ((production_year > 1927) AND (kind_id = 2))
                          Rows Removed by Filter: 2437657
Planning time: 1.313 ms
Execution time: 10218.069 ms
