Hash Join  (cost=196592.08..734303.95 rows=5426894 width=0) (actual time=4141.787..19492.021 rows=4918008 loops=1)
  Hash Cond: (mi.movie_id = t.id)
  ->  Seq Scan on movie_info mi  (cost=0.00..309384.22 rows=14739122 width=4) (actual time=0.019..5837.492 rows=14835720 loops=1)
  ->  Hash  (cost=181317.65..181317.65 rows=930995 width=8) (actual time=4140.336..4140.336 rows=595982 loops=1)
        Buckets: 131072  Batches: 16  Memory Usage: 2478kB
        ->  Hash Join  (cost=96651.52..181317.65 rows=930995 width=8) (actual time=1813.493..3950.928 rows=595982 loops=1)
              Hash Cond: (mc.movie_id = t.id)
              ->  Seq Scan on movie_companies mc  (cost=0.00..51404.11 rows=1329612 width=4) (actual time=0.015..944.394 rows=1334883 loops=1)
                    Filter: (company_type_id = 2)
                    Rows Removed by Filter: 1274246
              ->  Hash  (cost=67604.59..67604.59 rows=1770475 width=4) (actual time=1812.292..1812.292 rows=1774635 loops=1)
                    Buckets: 131072  Batches: 32  Memory Usage: 2978kB
                    ->  Seq Scan on title t  (cost=0.00..67604.59 rows=1770475 width=4) (actual time=0.020..1238.808 rows=1774635 loops=1)
                          Filter: (kind_id > 2)
                          Rows Removed by Filter: 753677
Planning time: 1.181 ms
Execution time: 20094.393 ms
