Seq Scan on movie_keyword mk  (cost=0.00..81003.12 rows=246 width=0) (actual time=2.231..1298.603 rows=151 loops=1)
  Filter: (keyword_id = 11375)
  Rows Removed by Filter: 4523779
Planning time: 0.379 ms
Execution time: 1298.765 ms
