Seq Scan on cast_info ci  (cost=0.00..705507.15 rows=500 width=0) (actual time=6385.894..10155.040 rows=1 loops=1)
  Filter: (person_id = 750823)
  Rows Removed by Filter: 36244343
Planning time: 0.353 ms
Execution time: 10155.137 ms
