Seq Scan on title t  (cost=0.00..73925.90 rows=189518 width=0) (actual time=135.752..1085.660 rows=86916 loops=1)
  Filter: ((production_year < 1966) AND (kind_id = 7))
  Rows Removed by Filter: 2441396
Planning time: 0.299 ms
Execution time: 1102.210 ms
