Hash Join  (cost=114767.62..471223.09 rows=38681 width=0) (actual time=3862.549..8250.089 rows=48426 loops=1)
  Hash Cond: (mi.movie_id = t.id)
  ->  Seq Scan on movie_info mi  (cost=0.00..346232.03 rows=809768 width=4) (actual time=1494.853..5549.445 rows=802140 loops=1)
        Filter: (info_type_id < 2)
        Rows Removed by Filter: 14033580
  ->  Hash  (cost=112785.85..112785.85 rows=120782 width=8) (actual time=2366.856..2366.856 rows=84174 loops=1)
        Buckets: 131072  Batches: 2  Memory Usage: 2671kB
        ->  Hash Join  (cost=78473.92..112785.85 rows=120782 width=8) (actual time=1469.041..2338.176 rows=84174 loops=1)
              Hash Cond: (mi_idx.movie_id = t.id)
              ->  Seq Scan on movie_info_idx mi_idx  (cost=0.00..25185.44 rows=460978 width=4) (actual time=0.027..509.190 rows=459925 loops=1)
                    Filter: (info_type_id < 100)
                    Rows Removed by Filter: 920110
              ->  Hash  (cost=67604.59..67604.59 rows=662507 width=4) (actual time=1467.948..1467.948 rows=662065 loops=1)
                    Buckets: 131072  Batches: 16  Memory Usage: 2481kB
                    ->  Seq Scan on title t  (cost=0.00..67604.59 rows=662507 width=4) (actual time=0.026..1249.907 rows=662065 loops=1)
                          Filter: (production_year > 2008)
                          Rows Removed by Filter: 1866247
Planning time: 1.185 ms
Execution time: 8259.695 ms
