Hash Join  (cost=129657.98..884861.66 rows=441451 width=0) (actual time=2355.003..19265.774 rows=2045333 loops=1)
  Hash Cond: (ci.movie_id = t.id)
  ->  Seq Scan on cast_info ci  (cost=0.00..614943.12 rows=36225612 width=4) (actual time=0.010..7609.759 rows=36244344 loops=1)
  ->  Hash  (cost=129272.82..129272.82 rows=30813 width=8) (actual time=2354.057..2354.057 rows=39710 loops=1)
        Buckets: 65536 (originally 32768)  Batches: 1 (originally 1)  Memory Usage: 2064kB
        ->  Hash Join  (cost=74299.17..129272.82 rows=30813 width=8) (actual time=1034.101..2338.599 rows=39710 loops=1)
              Hash Cond: (mc.movie_id = t.id)
              ->  Seq Scan on movie_companies mc  (cost=0.00..44881.29 rows=2609129 width=4) (actual time=0.021..663.786 rows=2609129 loops=1)
              ->  Hash  (cost=73925.90..73925.90 rows=29861 width=4) (actual time=1033.896..1033.896 rows=17772 loops=1)
                    Buckets: 32768  Batches: 1  Memory Usage: 881kB
                    ->  Seq Scan on title t  (cost=0.00..73925.90 rows=29861 width=4) (actual time=325.356..1026.480 rows=17772 loops=1)
                          Filter: ((kind_id = 1) AND (production_year = 2007))
                          Rows Removed by Filter: 2510540
Planning time: 1.278 ms
Execution time: 19497.781 ms
