Hash Join  (cost=286172.16..1346476.94 rows=10444541 width=0) (actual time=5849.433..26398.101 rows=3653792 loops=1)
  Hash Cond: (ci.movie_id = t.id)
  ->  Seq Scan on cast_info ci  (cost=0.00..796071.18 rows=11788033 width=4) (actual time=0.022..15095.792 rows=9451649 loops=1)
        Filter: ((person_id > 1459767) AND (role_id < 3))
        Rows Removed by Filter: 26792695
  ->  Hash  (cost=249415.80..249415.80 rows=2240349 width=8) (actual time=5846.937..5846.937 rows=541606 loops=1)
        Buckets: 131072  Batches: 32  Memory Usage: 1675kB
        ->  Hash Join  (cost=92883.59..249415.80 rows=2240349 width=8) (actual time=2363.184..5505.802 rows=541606 loops=1)
              Hash Cond: (mk.movie_id = t.id)
              ->  Seq Scan on movie_keyword mk  (cost=0.00..81003.12 rows=3676520 width=4) (actual time=0.012..1786.758 rows=3670771 loops=1)
                    Filter: (keyword_id > 813)
                    Rows Removed by Filter: 853159
              ->  Hash  (cost=67604.59..67604.59 rows=1540800 width=4) (actual time=1731.279..1731.279 rows=1543264 loops=1)
                    Buckets: 131072  Batches: 32  Memory Usage: 2728kB
                    ->  Seq Scan on title t  (cost=0.00..67604.59 rows=1540800 width=4) (actual time=0.027..1240.535 rows=1543264 loops=1)
                          Filter: (kind_id = 7)
                          Rows Removed by Filter: 985048
Planning time: 1.171 ms
Execution time: 26809.702 ms
