Hash Join  (cost=94699.36..895530.79 rows=2029 width=0) (actual time=11834.335..12925.227 rows=2243 loops=1)
  Hash Cond: (ci.movie_id = t.id)
  ->  Seq Scan on cast_info ci  (cost=0.00..796071.18 rows=1263990 width=4) (actual time=10578.474..11474.897 rows=1134894 loops=1)
        Filter: ((person_id > 3810042) AND (role_id < 11))
        Rows Removed by Filter: 35109450
  ->  Hash  (cost=94648.62..94648.62 rows=4059 width=8) (actual time=1254.992..1254.992 rows=9240 loops=1)
        Buckets: 16384 (originally 4096)  Batches: 1 (originally 1)  Memory Usage: 489kB
        ->  Hash Join  (cost=67697.55..94648.62 rows=4059 width=8) (actual time=735.591..1251.777 rows=9240 loops=1)
              Hash Cond: (mi_idx.movie_id = t.id)
              ->  Seq Scan on movie_info_idx mi_idx  (cost=0.00..21735.35 rows=1380035 width=4) (actual time=0.051..262.533 rows=1380035 loops=1)
              ->  Hash  (cost=67604.59..67604.59 rows=7437 width=4) (actual time=735.459..735.459 rows=14235 loops=1)
                    Buckets: 16384 (originally 8192)  Batches: 1 (originally 1)  Memory Usage: 629kB
                    ->  Seq Scan on title t  (cost=0.00..67604.59 rows=7437 width=4) (actual time=0.060..730.401 rows=14235 loops=1)
                          Filter: (production_year = 1968)
                          Rows Removed by Filter: 2514077
Planning time: 1.595 ms
Execution time: 12925.929 ms
