Hash Join  (cost=83072.43..447729.06 rows=72 width=0) (actual time=1551.929..8248.649 rows=50 loops=1)
  Hash Cond: (mi.movie_id = t.id)
  ->  Seq Scan on movie_info mi  (cost=0.00..309384.22 rows=14739122 width=4) (actual time=0.024..4479.865 rows=14835720 loops=1)
  ->  Hash  (cost=83072.29..83072.29 rows=12 width=8) (actual time=1227.877..1227.877 rows=7 loops=1)
        Buckets: 1024  Batches: 1  Memory Usage: 9kB
        ->  Nested Loop  (cost=0.43..83072.29 rows=12 width=8) (actual time=116.453..1227.848 rows=7 loops=1)
              ->  Seq Scan on movie_keyword mk  (cost=0.00..81003.12 rows=246 width=4) (actual time=55.587..1220.783 rows=51 loops=1)
                    Filter: (keyword_id = 3646)
                    Rows Removed by Filter: 4523879
              ->  Index Scan using title_pkey on title t  (cost=0.43..8.40 rows=1 width=4) (actual time=0.135..0.135 rows=0 loops=51)
                    Index Cond: (id = mk.movie_id)
                    Filter: (production_year = 2008)
                    Rows Removed by Filter: 1
Planning time: 1.218 ms
Execution time: 8248.830 ms
