Hash Join  (cost=205159.11..250854.80 rows=466421 width=0) (actual time=4683.387..6373.542 rows=1391863 loops=1)
  Hash Cond: (mi_idx.movie_id = t.id)
  ->  Seq Scan on movie_info_idx mi_idx  (cost=0.00..21735.35 rows=1380035 width=4) (actual time=0.016..506.649 rows=1380035 loops=1)
  ->  Hash  (cost=191137.80..191137.80 rows=854585 width=8) (actual time=4682.495..4682.495 rows=1061792 loops=1)
        Buckets: 131072  Batches: 16  Memory Usage: 3614kB
        ->  Hash Join  (cost=102767.86..191137.80 rows=854585 width=8) (actual time=2490.524..4380.451 rows=1061792 loops=1)
              Hash Cond: (mc.movie_id = t.id)
              ->  Seq Scan on movie_companies mc  (cost=0.00..57926.93 rows=854585 width=4) (actual time=518.147..1154.636 rows=1061792 loops=1)
                    Filter: ((company_id > 3342) AND (company_type_id = 2))
                    Rows Removed by Filter: 1547337
              ->  Hash  (cost=61283.27..61283.27 rows=2528527 width=4) (actual time=1971.102..1971.102 rows=2528312 loops=1)
                    Buckets: 131072  Batches: 64  Memory Usage: 2415kB
                    ->  Seq Scan on title t  (cost=0.00..61283.27 rows=2528527 width=4) (actual time=0.030..1120.033 rows=2528312 loops=1)
Planning time: 0.819 ms
Execution time: 6541.101 ms
