Hash Join  (cost=116525.17..231439.38 rows=86355 width=0) (actual time=3006.661..4389.247 rows=33111 loops=1)
  Hash Cond: (mk.movie_id = t.id)
  ->  Seq Scan on movie_keyword mk  (cost=0.00..81003.12 rows=2831876 width=4) (actual time=0.019..1647.800 rows=2821377 loops=1)
        Filter: (keyword_id < 8453)
        Rows Removed by Filter: 1702553
  ->  Hash  (cost=115259.36..115259.36 rows=77105 width=8) (actual time=1937.723..1937.723 rows=30861 loops=1)
        Buckets: 131072  Batches: 2  Memory Usage: 1633kB
        ->  Hash Join  (cost=76243.83..115259.36 rows=77105 width=8) (actual time=1323.386..1928.451 rows=30861 loops=1)
              Hash Cond: (mi_idx.movie_id = t.id)
              ->  Seq Scan on movie_info_idx mi_idx  (cost=0.00..21735.35 rows=1380035 width=4) (actual time=0.030..306.021 rows=1380035 loops=1)
              ->  Hash  (cost=73925.90..73925.90 rows=141274 width=4) (actual time=1212.900..1212.900 rows=150659 loops=1)
                    Buckets: 131072  Batches: 2  Memory Usage: 3673kB
                    ->  Seq Scan on title t  (cost=0.00..73925.90 rows=141274 width=4) (actual time=111.818..1157.903 rows=150659 loops=1)
                          Filter: ((production_year > 2011) AND (kind_id = 7))
                          Rows Removed by Filter: 2377653
Planning time: 1.197 ms
Execution time: 4393.002 ms
