Hash Join  (cost=190230.21..336887.39 rows=1932392 width=0) (actual time=4659.648..9926.879 rows=8281851 loops=1)
  Hash Cond: (mk.movie_id = t.id)
  ->  Seq Scan on movie_keyword mk  (cost=0.00..81003.12 rows=3540567 width=4) (actual time=0.017..1713.349 rows=3529869 loops=1)
        Filter: (keyword_id > 934)
        Rows Removed by Filter: 994061
  ->  Hash  (cost=167588.78..167588.78 rows=1380035 width=8) (actual time=4658.086..4658.086 rows=1380035 loops=1)
        Buckets: 131072  Batches: 32  Memory Usage: 2726kB
        ->  Hash Join  (cost=102767.86..167588.78 rows=1380035 width=8) (actual time=2275.691..4237.276 rows=1380035 loops=1)
              Hash Cond: (mi_idx.movie_id = t.id)
              ->  Seq Scan on movie_info_idx mi_idx  (cost=0.00..21735.35 rows=1380035 width=4) (actual time=0.021..438.707 rows=1380035 loops=1)
              ->  Hash  (cost=61283.27..61283.27 rows=2528527 width=4) (actual time=2274.804..2274.804 rows=2528312 loops=1)
                    Buckets: 131072  Batches: 64  Memory Usage: 2415kB
                    ->  Seq Scan on title t  (cost=0.00..61283.27 rows=2528527 width=4) (actual time=0.020..1119.554 rows=2528312 loops=1)
Planning time: 1.068 ms
Execution time: 10826.294 ms
