Hash Join  (cost=102767.86..297136.72 rows=4300784 width=0) (actual time=1987.506..7420.036 rows=4298816 loops=1)
  Hash Cond: (mk.movie_id = t.id)
  ->  Seq Scan on movie_keyword mk  (cost=0.00..81003.12 rows=4300784 width=4) (actual time=0.026..1927.214 rows=4298816 loops=1)
        Filter: (keyword_id < 64051)
        Rows Removed by Filter: 225114
  ->  Hash  (cost=61283.27..61283.27 rows=2528527 width=4) (actual time=1984.990..1984.990 rows=2528312 loops=1)
        Buckets: 131072  Batches: 64  Memory Usage: 2425kB
        ->  Seq Scan on title t  (cost=0.00..61283.27 rows=2528527 width=4) (actual time=0.018..1132.489 rows=2528312 loops=1)
Planning time: 0.713 ms
Execution time: 7929.121 ms
