Hash Join  (cost=798791.46..885455.30 rows=580 width=0) (actual time=14436.488..16286.269 rows=3 loops=1)
  Hash Cond: (mk.movie_id = t.id)
  ->  Seq Scan on movie_keyword mk  (cost=0.00..69693.30 rows=4523930 width=4) (actual time=0.019..1094.951 rows=4523930 loops=1)
  ->  Hash  (cost=798787.41..798787.41 rows=324 width=8) (actual time=14414.473..14414.473 rows=5 loops=1)
        Buckets: 1024  Batches: 1  Memory Usage: 9kB
        ->  Nested Loop  (cost=0.43..798787.41 rows=324 width=8) (actual time=198.166..14414.462 rows=5 loops=1)
              ->  Seq Scan on cast_info ci  (cost=0.00..796071.18 rows=324 width=4) (actual time=198.067..14414.241 rows=5 loops=1)
                    Filter: ((role_id > 1) AND (person_id = 505296))
                    Rows Removed by Filter: 36244339
              ->  Index Only Scan using title_pkey on title t  (cost=0.43..8.37 rows=1 width=4) (actual time=0.036..0.036 rows=1 loops=5)
                    Index Cond: (id = ci.movie_id)
                    Heap Fetches: 5
Planning time: 1.043 ms
Execution time: 16286.367 ms
