Hash Join  (cost=102767.86..262732.13 rows=2870963 width=0) (actual time=2537.054..6815.072 rows=2862735 loops=1)
  Hash Cond: (mk.movie_id = t.id)
  ->  Seq Scan on movie_keyword mk  (cost=0.00..81003.12 rows=2870963 width=4) (actual time=0.023..1652.333 rows=2862735 loops=1)
        Filter: (keyword_id < 8796)
        Rows Removed by Filter: 1661195
  ->  Hash  (cost=61283.27..61283.27 rows=2528527 width=4) (actual time=2536.071..2536.071 rows=2528312 loops=1)
        Buckets: 131072  Batches: 64  Memory Usage: 2425kB
        ->  Seq Scan on title t  (cost=0.00..61283.27 rows=2528527 width=4) (actual time=0.017..1143.289 rows=2528312 loops=1)
Planning time: 0.711 ms
Execution time: 7160.266 ms
