Hash Join  (cost=256337.17..1173607.44 rows=4034095 width=0) (actual time=17389.514..25179.629 rows=8561311 loops=1)
  Hash Cond: (ci.movie_id = t.id)
  ->  Seq Scan on cast_info ci  (cost=0.00..796071.18 rows=5772029 width=4) (actual time=9201.354..12734.716 rows=3021171 loops=1)
        Filter: ((person_id > 2934751) AND (role_id < 8))
        Rows Removed by Filter: 33223173
  ->  Hash  (cost=227343.19..227343.19 rows=1767198 width=8) (actual time=8186.965..8186.965 rows=3878469 loops=1)
        Buckets: 131072 (originally 131072)  Batches: 64 (originally 32)  Memory Usage: 3438kB
        ->  Hash Join  (cost=83810.17..227343.19 rows=1767198 width=8) (actual time=1569.574..6409.511 rows=3878469 loops=1)
              Hash Cond: (mk.movie_id = t.id)
              ->  Seq Scan on movie_keyword mk  (cost=0.00..69693.30 rows=4523930 width=4) (actual time=0.029..1546.418 rows=4523930 loops=1)
              ->  Hash  (cost=67604.59..67604.59 rows=987727 width=4) (actual time=1568.406..1568.406 rows=985048 loops=1)
                    Buckets: 131072  Batches: 16  Memory Usage: 3197kB
                    ->  Seq Scan on title t  (cost=0.00..67604.59 rows=987727 width=4) (actual time=0.027..1233.921 rows=985048 loops=1)
                          Filter: (kind_id < 7)
                          Rows Removed by Filter: 1543264
Planning time: 1.229 ms
Execution time: 26181.079 ms
