Seq Scan on movie_keyword mk  (cost=0.00..81003.12 rows=3072561 width=0) (actual time=0.019..1607.435 rows=3061233 loops=1)
  Filter: (keyword_id < 11341)
  Rows Removed by Filter: 1462697
Planning time: 0.239 ms
Execution time: 1999.713 ms
