Seq Scan on cast_info ci  (cost=0.00..796071.18 rows=63315 width=0) (actual time=4892.182..12311.381 rows=26110 loops=1)
  Filter: ((person_id < 624500) AND (role_id > 10))
  Rows Removed by Filter: 36218234
Planning time: 2.967 ms
Execution time: 12314.734 ms
