Hash Join  (cost=78820.57..152657.30 rows=136495 width=0) (actual time=1257.368..2938.583 rows=103367 loops=1)
  Hash Cond: (mc.movie_id = t.id)
  ->  Seq Scan on movie_companies mc  (cost=0.00..57926.93 rows=1157025 width=4) (actual time=0.426..1202.633 rows=993536 loops=1)
        Filter: ((company_id < 89187) AND (company_type_id = 2))
        Rows Removed by Filter: 1615593
  ->  Hash  (cost=73925.90..73925.90 rows=298293 width=4) (actual time=1255.955..1255.955 rows=185884 loops=1)
        Buckets: 131072  Batches: 4  Memory Usage: 2654kB
        ->  Seq Scan on title t  (cost=0.00..73925.90 rows=298293 width=4) (actual time=0.026..1190.420 rows=185884 loops=1)
              Filter: ((kind_id > 4) AND (production_year < 1978))
              Rows Removed by Filter: 2342428
Planning time: 0.758 ms
Execution time: 2952.362 ms
