Seq Scan on movie_keyword mk  (cost=0.00..81003.12 rows=1933026 width=0) (actual time=0.024..1416.354 rows=1942825 loops=1)
  Filter: (keyword_id > 6739)
  Rows Removed by Filter: 2581105
Planning time: 0.333 ms
Execution time: 1658.991 ms
