Hash Join  (cost=150320.67..273591.52 rows=582198 width=0) (actual time=4427.776..6531.439 rows=432976 loops=1)
  Hash Cond: (mk.movie_id = t.id)
  ->  Seq Scan on movie_keyword mk  (cost=0.00..81003.12 rows=2985265 width=4) (actual time=0.022..1714.866 rows=2970038 loops=1)
        Filter: (keyword_id < 10149)
        Rows Removed by Filter: 1553892
  ->  Hash  (cost=142229.64..142229.64 rows=493123 width=8) (actual time=3181.538..3181.538 rows=263138 loops=1)
        Buckets: 131072  Batches: 8  Memory Usage: 2314kB
        ->  Hash Join  (cost=96184.51..142229.64 rows=493123 width=8) (actual time=1915.310..3098.783 rows=263138 loops=1)
              Hash Cond: (mi_idx.movie_id = t.id)
              ->  Seq Scan on movie_info_idx mi_idx  (cost=0.00..25185.44 rows=919057 width=4) (actual time=0.035..504.446 rows=920110 loops=1)
                    Filter: (info_type_id > 99)
                    Rows Removed by Filter: 459925
              ->  Hash  (cost=73925.90..73925.90 rows=1356688 width=4) (actual time=1877.637..1877.637 rows=1327781 loops=1)
                    Buckets: 131072  Batches: 32  Memory Usage: 2479kB
                    ->  Seq Scan on title t  (cost=0.00..73925.90 rows=1356688 width=4) (actual time=0.023..1440.888 rows=1327781 loops=1)
                          Filter: ((production_year < 2012) AND (kind_id = 7))
                          Rows Removed by Filter: 1200531
Planning time: 1.199 ms
Execution time: 6585.168 ms
