Seq Scan on title t  (cost=0.00..67604.59 rows=2397212 width=0) (actual time=0.021..1263.837 rows=2388701 loops=1)
  Filter: (production_year > 1915)
  Rows Removed by Filter: 139611
Planning time: 0.372 ms
Execution time: 1562.428 ms
