Seq Scan on movie_keyword mk  (cost=0.00..81003.12 rows=2325237 width=0) (actual time=0.024..1492.882 rows=2324821 loops=1)
  Filter: (keyword_id > 4392)
  Rows Removed by Filter: 2199109
Planning time: 0.344 ms
Execution time: 1769.635 ms
