Hash Join  (cost=77134.53..1139720.55 rows=2801885 width=0) (actual time=1516.853..32580.313 rows=3601582 loops=1)
  Hash Cond: (ci.movie_id = t.id)
  ->  Seq Scan on cast_info ci  (cost=0.00..614943.12 rows=36225612 width=4) (actual time=0.010..13839.527 rows=36244344 loops=1)
  ->  Hash  (cost=73925.90..73925.90 rows=195570 width=4) (actual time=1516.161..1516.161 rows=300646 loops=1)
        Buckets: 131072  Batches: 4  Memory Usage: 3670kB
        ->  Seq Scan on title t  (cost=0.00..73925.90 rows=195570 width=4) (actual time=0.022..1154.554 rows=300646 loops=1)
              Filter: ((kind_id < 7) AND (production_year < 1979))
              Rows Removed by Filter: 2227666
Planning time: 0.728 ms
Execution time: 32961.390 ms
