Hash Join  (cost=955678.17..1401429.04 rows=2698886 width=0) (actual time=19422.438..28833.379 rows=3093753 loops=1)
  Hash Cond: (mi.movie_id = t.id)
  ->  Seq Scan on movie_info mi  (cost=0.00..346232.03 rows=5880796 width=4) (actual time=533.508..6073.526 rows=5869026 loops=1)
        Filter: (info_type_id > 13)
        Rows Removed by Filter: 8966694
  ->  Hash  (cost=936639.90..936639.90 rows=1160422 width=8) (actual time=18887.471..18887.471 rows=1168116 loops=1)
        Buckets: 131072  Batches: 16  Memory Usage: 3868kB
        ->  Hash Join  (cost=102767.86..936639.90 rows=1160422 width=8) (actual time=12769.270..18279.422 rows=1168116 loops=1)
              Hash Cond: (ci.movie_id = t.id)
              ->  Seq Scan on cast_info ci  (cost=0.00..796071.18 rows=1160422 width=4) (actual time=10848.643..15064.700 rows=1168116 loops=1)
                    Filter: ((person_id > 1173493) AND (role_id = 8))
                    Rows Removed by Filter: 35076228
              ->  Hash  (cost=61283.27..61283.27 rows=2528527 width=4) (actual time=1919.506..1919.506 rows=2528312 loops=1)
                    Buckets: 131072  Batches: 64  Memory Usage: 2415kB
                    ->  Seq Scan on title t  (cost=0.00..61283.27 rows=2528527 width=4) (actual time=0.017..1097.284 rows=2528312 loops=1)
Planning time: 0.945 ms
Execution time: 29184.629 ms
