Hash Join  (cost=147211.43..271534.23 rows=190477 width=0) (actual time=3013.831..8200.939 rows=7371321 loops=1)
  Hash Cond: (mk.movie_id = t.id)
  ->  Seq Scan on movie_keyword mk  (cost=0.00..69693.30 rows=4523930 width=4) (actual time=0.013..1461.354 rows=4523930 loops=1)
  ->  Hash  (cost=145464.65..145464.65 rows=106462 width=8) (actual time=3012.703..3012.703 rows=355198 loops=1)
        Buckets: 131072 (originally 131072)  Batches: 4 (originally 2)  Memory Usage: 4544kB
        ->  Hash Join  (cost=77377.73..145464.65 rows=106462 width=8) (actual time=1254.752..2905.276 rows=355198 loops=1)
              Hash Cond: (mc.movie_id = t.id)
              ->  Seq Scan on movie_companies mc  (cost=0.00..51404.11 rows=1279517 width=4) (actual time=0.023..931.458 rows=1274246 loops=1)
                    Filter: (company_type_id < 2)
                    Rows Removed by Filter: 1334883
              ->  Hash  (cost=73925.90..73925.90 rows=210386 width=4) (actual time=1253.914..1253.914 rows=320579 loops=1)
                    Buckets: 131072  Batches: 4  Memory Usage: 3842kB
                    ->  Seq Scan on title t  (cost=0.00..73925.90 rows=210386 width=4) (actual time=0.058..1152.576 rows=320579 loops=1)
                          Filter: ((kind_id < 7) AND (production_year < 1982))
                          Rows Removed by Filter: 2207733
Planning time: 1.197 ms
Execution time: 9073.651 ms
