Hash Join  (cost=74851.90..836254.34 rows=1061327 width=0) (actual time=1085.795..27600.769 rows=1673220 loops=1)
  Hash Cond: (ci.movie_id = t.id)
  ->  Seq Scan on cast_info ci  (cost=0.00..614943.12 rows=36225612 width=4) (actual time=0.012..9328.088 rows=36244344 loops=1)
  ->  Hash  (cost=73925.90..73925.90 rows=74080 width=4) (actual time=1085.060..1085.060 rows=173895 loops=1)
        Buckets: 131072 (originally 131072)  Batches: 2 (originally 1)  Memory Usage: 4084kB
        ->  Seq Scan on title t  (cost=0.00..73925.90 rows=74080 width=4) (actual time=0.013..1019.812 rows=173895 loops=1)
              Filter: ((kind_id < 7) AND (production_year < 1954))
              Rows Removed by Filter: 2354417
Planning time: 0.758 ms
Execution time: 27819.961 ms
