Seq Scan on movie_keyword mk  (cost=0.00..81003.12 rows=140774 width=0) (actual time=78.995..1407.773 rows=138681 loops=1)
  Filter: (keyword_id > 75192)
  Rows Removed by Filter: 4385249
Planning time: 0.389 ms
Execution time: 1426.569 ms
