Hash Join  (cost=849871.50..1626545.74 rows=5375458 width=0) (actual time=23227.110..40604.463 rows=15394782 loops=1)
  Hash Cond: (mi.movie_id = t.id)
  ->  Seq Scan on movie_info mi  (cost=0.00..309384.22 rows=14739122 width=4) (actual time=0.020..6152.380 rows=14835720 loops=1)
  ->  Hash  (cost=834741.37..834741.37 rows=922171 width=8) (actual time=23225.824..23225.824 rows=813766 loops=1)
        Buckets: 131072  Batches: 16  Memory Usage: 2937kB
        ->  Hash Join  (cost=74730.49..834741.37 rows=922171 width=8) (actual time=1190.273..22697.620 rows=813766 loops=1)
              Hash Cond: (ci.movie_id = t.id)
              ->  Seq Scan on cast_info ci  (cost=0.00..614943.12 rows=36225612 width=4) (actual time=0.023..9404.187 rows=36244344 loops=1)
              ->  Hash  (cost=73925.90..73925.90 rows=64367 width=4) (actual time=1189.818..1189.818 rows=53905 loops=1)
                    Buckets: 65536  Batches: 1  Memory Usage: 2408kB
                    ->  Seq Scan on title t  (cost=0.00..73925.90 rows=64367 width=4) (actual time=0.110..1166.342 rows=53905 loops=1)
                          Filter: ((kind_id < 7) AND (production_year = 2012))
                          Rows Removed by Filter: 2474407
Planning time: 1.276 ms
Execution time: 42314.769 ms
