Seq Scan on movie_companies mc  (cost=0.00..57926.93 rows=1596 width=0) (actual time=175.397..767.491 rows=1164 loops=1)
  Filter: ((company_id = 67) AND (company_type_id = 2))
  Rows Removed by Filter: 2607965
Planning time: 1.634 ms
Execution time: 767.776 ms
