Hash Join  (cost=85280.32..208122.95 rows=1013255 width=0) (actual time=1203.894..4781.687 rows=1327720 loops=1)
  Hash Cond: (mk.movie_id = t.id)
  ->  Seq Scan on movie_keyword mk  (cost=0.00..81003.12 rows=2378121 width=4) (actual time=0.025..1530.846 rows=2379263 loops=1)
        Filter: (keyword_id < 5450)
        Rows Removed by Filter: 2144667
  ->  Hash  (cost=67604.59..67604.59 rows=1077339 width=4) (actual time=1202.936..1202.936 rows=1074765 loops=1)
        Buckets: 131072  Batches: 16  Memory Usage: 3396kB
        ->  Seq Scan on title t  (cost=0.00..67604.59 rows=1077339 width=4) (actual time=0.024..878.783 rows=1074765 loops=1)
              Filter: (production_year < 2001)
              Rows Removed by Filter: 1453547
Planning time: 0.788 ms
Execution time: 4934.343 ms
