Hash Join  (cost=74642.22..101865.46 rows=31276 width=0) (actual time=1268.852..1913.570 rows=45738 loops=1)
  Hash Cond: (mi_idx.movie_id = t.id)
  ->  Seq Scan on movie_info_idx mi_idx  (cost=0.00..21735.35 rows=1380035 width=4) (actual time=0.025..307.024 rows=1380035 loops=1)
  ->  Hash  (cost=73925.90..73925.90 rows=57305 width=4) (actual time=1268.470..1268.470 rows=45651 loops=1)
        Buckets: 65536  Batches: 1  Memory Usage: 2117kB
        ->  Seq Scan on title t  (cost=0.00..73925.90 rows=57305 width=4) (actual time=328.804..1251.152 rows=45651 loops=1)
              Filter: ((production_year < 2004) AND (kind_id = 4))
              Rows Removed by Filter: 2482661
Planning time: 3.921 ms
Execution time: 1919.531 ms
