Hash Join  (cost=92883.59..923115.52 rows=906978 width=0) (actual time=5536.987..18000.381 rows=685085 loops=1)
  Hash Cond: (ci.movie_id = t.id)
  ->  Seq Scan on cast_info ci  (cost=0.00..796071.18 rows=1488395 width=4) (actual time=3851.170..15127.465 rows=1467431 loops=1)
        Filter: ((person_id > 490611) AND (role_id = 8))
        Rows Removed by Filter: 34776913
  ->  Hash  (cost=67604.59..67604.59 rows=1540800 width=4) (actual time=1684.398..1684.398 rows=1543264 loops=1)
        Buckets: 131072  Batches: 32  Memory Usage: 2722kB
        ->  Seq Scan on title t  (cost=0.00..67604.59 rows=1540800 width=4) (actual time=272.150..1229.403 rows=1543264 loops=1)
              Filter: (kind_id = 7)
              Rows Removed by Filter: 985048
Planning time: 0.843 ms
Execution time: 18083.038 ms
