Seq Scan on movie_companies mc  (cost=0.00..57926.93 rows=196513 width=0) (actual time=247.147..918.656 rows=91709 loops=1)
  Filter: ((company_id < 226) AND (company_type_id > 1))
  Rows Removed by Filter: 2517420
Planning time: 2.293 ms
Execution time: 931.141 ms
