Seq Scan on movie_keyword mk  (cost=0.00..81003.12 rows=246 width=0) (actual time=6.570..1285.067 rows=130 loops=1)
  Filter: (keyword_id = 11168)
  Rows Removed by Filter: 4523800
Planning time: 0.374 ms
Execution time: 1285.251 ms
