Hash Join  (cost=357724.09..1160410.65 rows=25080194 width=0) (actual time=8784.379..73901.134 rows=235035975 loops=1)
  Hash Cond: (mi.movie_id = t.id)
  ->  Seq Scan on movie_info mi  (cost=0.00..309384.22 rows=14739122 width=4) (actual time=0.018..6130.818 rows=14835720 loops=1)
  ->  Hash  (cost=287135.10..287135.10 rows=4302559 width=8) (actual time=8782.865..8782.865 rows=4482327 loops=1)
        Buckets: 131072  Batches: 64  Memory Usage: 3864kB
        ->  Hash Join  (cost=107058.56..287135.10 rows=4302559 width=8) (actual time=2206.904..7429.266 rows=4482327 loops=1)
              Hash Cond: (mk.movie_id = t.id)
              ->  Seq Scan on movie_keyword mk  (cost=0.00..69693.30 rows=4523930 width=4) (actual time=0.030..1452.411 rows=4523930 loops=1)
              ->  Hash  (cost=67604.59..67604.59 rows=2404798 width=4) (actual time=2205.711..2205.711 rows=2396371 loops=1)
                    Buckets: 131072  Batches: 32  Memory Usage: 3667kB
                    ->  Seq Scan on title t  (cost=0.00..67604.59 rows=2404798 width=4) (actual time=0.017..1412.798 rows=2396371 loops=1)
                          Filter: (production_year > 1914)
                          Rows Removed by Filter: 131941
Planning time: 1.179 ms
Execution time: 99447.428 ms
