Hash Join  (cost=174164.03..311068.21 rows=1223114 width=0) (actual time=4037.096..8867.099 rows=5553478 loops=1)
  Hash Cond: (mk.movie_id = t.id)
  ->  Seq Scan on movie_keyword mk  (cost=0.00..69693.30 rows=4523930 width=4) (actual time=0.013..1432.274 rows=4523930 loops=1)
  ->  Hash  (cost=162947.71..162947.71 rows=683626 width=8) (actual time=4034.887..4034.887 rows=524576 loops=1)
        Buckets: 131072  Batches: 16  Memory Usage: 2303kB
        ->  Hash Join  (cost=78473.92..162947.71 rows=683626 width=8) (actual time=1428.678..3862.031 rows=524576 loops=1)
              Hash Cond: (mc.movie_id = t.id)
              ->  Seq Scan on movie_companies mc  (cost=0.00..44881.29 rows=2609129 width=4) (actual time=0.019..844.781 rows=2609129 loops=1)
              ->  Hash  (cost=67604.59..67604.59 rows=662507 width=4) (actual time=1427.523..1427.523 rows=662065 loops=1)
                    Buckets: 131072  Batches: 16  Memory Usage: 2481kB
                    ->  Seq Scan on title t  (cost=0.00..67604.59 rows=662507 width=4) (actual time=0.021..1185.930 rows=662065 loops=1)
                          Filter: (production_year > 2008)
                          Rows Removed by Filter: 1866247
Planning time: 1.542 ms
Execution time: 9579.862 ms
