Hash Join  (cost=325203.63..857309.13 rows=8480402 width=0) (actual time=8457.279..51676.214 rows=155100816 loops=1)
  Hash Cond: (mi.movie_id = t.id)
  ->  Seq Scan on movie_info mi  (cost=0.00..346232.03 rows=6231111 width=4) (actual time=0.023..6358.060 rows=6223494 loops=1)
        Filter: (info_type_id > 8)
        Rows Removed by Filter: 8612226
  ->  Hash  (cost=268744.77..268744.77 rows=3441269 width=8) (actual time=8456.597..8456.597 rows=4024094 loops=1)
        Buckets: 131072  Batches: 64  Memory Usage: 3570kB
        ->  Hash Join  (cost=99161.12..268744.77 rows=3441269 width=8) (actual time=1970.947..6606.749 rows=4024094 loops=1)
              Hash Cond: (mk.movie_id = t.id)
              ->  Seq Scan on movie_keyword mk  (cost=0.00..69693.30 rows=4523930 width=4) (actual time=0.011..1410.888 rows=4523930 loops=1)
              ->  Hash  (cost=67604.59..67604.59 rows=1923403 width=4) (actual time=1969.970..1969.970 rows=1922849 loops=1)
                    Buckets: 131072  Batches: 32  Memory Usage: 3141kB
                    ->  Seq Scan on title t  (cost=0.00..67604.59 rows=1923403 width=4) (actual time=0.014..1345.593 rows=1922849 loops=1)
                          Filter: (production_year < 2010)
                          Rows Removed by Filter: 605463
Planning time: 1.218 ms
Execution time: 68148.737 ms
