Hash Join  (cost=87301.44..1241087.56 rows=11679795 width=0) (actual time=1934.038..37222.668 rows=13284337 loops=1)
  Hash Cond: (ci.movie_id = t.id)
  ->  Seq Scan on cast_info ci  (cost=0.00..614943.12 rows=36225612 width=4) (actual time=0.018..12794.845 rows=36244344 loops=1)
  ->  Hash  (cost=73925.90..73925.90 rows=815243 width=4) (actual time=1933.175..1933.175 rows=876186 loops=1)
        Buckets: 131072  Batches: 16  Memory Usage: 2955kB
        ->  Seq Scan on title t  (cost=0.00..73925.90 rows=815243 width=4) (actual time=0.014..1377.926 rows=876186 loops=1)
              Filter: ((kind_id > 1) AND (production_year > 2004))
              Rows Removed by Filter: 1652126
Planning time: 0.768 ms
Execution time: 38721.742 ms
