Hash Join  (cost=102767.86..167606.47 rows=147723 width=0) (actual time=1946.261..3356.020 rows=146305 loops=1)
  Hash Cond: (mc.movie_id = t.id)
  ->  Seq Scan on movie_companies mc  (cost=0.00..51404.11 rows=147723 width=4) (actual time=0.027..866.345 rows=146305 loops=1)
        Filter: (company_id > 133559)
        Rows Removed by Filter: 2462824
  ->  Hash  (cost=61283.27..61283.27 rows=2528527 width=4) (actual time=1945.256..1945.256 rows=2528312 loops=1)
        Buckets: 131072  Batches: 64  Memory Usage: 2415kB
        ->  Seq Scan on title t  (cost=0.00..61283.27 rows=2528527 width=4) (actual time=0.018..1102.657 rows=2528312 loops=1)
Planning time: 0.748 ms
Execution time: 3372.847 ms
