Seq Scan on movie_keyword mk  (cost=0.00..81003.12 rows=246 width=0) (actual time=615.334..1222.679 rows=3 loops=1)
  Filter: (keyword_id = 26)
  Rows Removed by Filter: 4523927
Planning time: 0.396 ms
Execution time: 1222.768 ms
