Hash Join  (cost=170448.73..294749.61 rows=570073 width=0) (actual time=3726.390..6701.763 rows=439350 loops=1)
  Hash Cond: (mk.movie_id = t.id)
  ->  Seq Scan on movie_keyword mk  (cost=0.00..81003.12 rows=3094138 width=4) (actual time=0.022..1640.866 rows=3081091 loops=1)
        Filter: (keyword_id < 11577)
        Rows Removed by Filter: 1442839
  ->  Hash  (cost=162805.45..162805.45 rows=465863 width=8) (actual time=3719.631..3719.631 rows=323098 loops=1)
        Buckets: 131072  Batches: 8  Memory Usage: 2616kB
        ->  Hash Join  (cost=81333.29..162805.45 rows=465863 width=8) (actual time=1428.265..3618.734 rows=323098 loops=1)
              Hash Cond: (mc.movie_id = t.id)
              ->  Seq Scan on movie_companies mc  (cost=0.00..44881.29 rows=2609129 width=4) (actual time=0.018..946.340 rows=2609129 loops=1)
              ->  Hash  (cost=73925.90..73925.90 rows=451471 width=4) (actual time=1427.195..1427.195 rows=316001 loops=1)
                    Buckets: 131072  Batches: 8  Memory Usage: 2402kB
                    ->  Seq Scan on title t  (cost=0.00..73925.90 rows=451471 width=4) (actual time=0.020..1319.186 rows=316001 loops=1)
                          Filter: ((kind_id > 2) AND (production_year < 1988))
                          Rows Removed by Filter: 2212311
Planning time: 1.179 ms
Execution time: 6749.700 ms
