Seq Scan on cast_info ci  (cost=0.00..796071.18 rows=7258994 width=0) (actual time=12530.651..13326.510 rows=1551817 loops=1)
  Filter: ((person_id > 1522392) AND (role_id < 2))
  Rows Removed by Filter: 34692527
Planning time: 12.307 ms
Execution time: 13510.370 ms
