Hash Join  (cost=75636.60..114305.89 rows=56880 width=0) (actual time=1284.501..2230.804 rows=34152 loops=1)
  Hash Cond: (mi_idx.movie_id = t.id)
  ->  Seq Scan on movie_info_idx mi_idx  (cost=0.00..21735.35 rows=1380035 width=4) (actual time=0.043..472.254 rows=1380035 loops=1)
  ->  Hash  (cost=73925.90..73925.90 rows=104216 width=4) (actual time=1283.459..1283.459 rows=108513 loops=1)
        Buckets: 131072  Batches: 2  Memory Usage: 2931kB
        ->  Seq Scan on title t  (cost=0.00..73925.90 rows=104216 width=4) (actual time=0.033..1239.999 rows=108513 loops=1)
              Filter: ((kind_id > 1) AND (production_year = 2010))
              Rows Removed by Filter: 2419799
Planning time: 0.756 ms
Execution time: 2235.857 ms
