Seq Scan on cast_info ci  (cost=0.00..796071.18 rows=10728800 width=0) (actual time=7492.602..14946.246 rows=12749277 loops=1)
  Filter: ((person_id > 1196010) AND (role_id > 2))
  Rows Removed by Filter: 23495067
Planning time: 0.389 ms
Execution time: 16451.399 ms
