Hash Join  (cost=58375.85..85286.62 rows=29 width=0) (actual time=1142.847..1573.490 rows=468 loops=1)
  Hash Cond: (mi_idx.movie_id = t.id)
  ->  Seq Scan on movie_info_idx mi_idx  (cost=0.00..21735.35 rows=1380035 width=4) (actual time=0.017..330.283 rows=1380035 loops=1)
  ->  Hash  (cost=58375.18..58375.18 rows=53 width=8) (actual time=995.062..995.062 rows=403 loops=1)
        Buckets: 1024  Batches: 1  Memory Usage: 24kB
        ->  Nested Loop  (cost=0.43..58375.18 rows=53 width=8) (actual time=140.710..994.843 rows=403 loops=1)
              ->  Seq Scan on movie_companies mc  (cost=0.00..57926.93 rows=53 width=4) (actual time=140.621..978.925 rows=403 loops=1)
                    Filter: ((company_type_id > 1) AND (company_id = 992))
                    Rows Removed by Filter: 2608726
              ->  Index Only Scan using title_pkey on title t  (cost=0.43..8.45 rows=1 width=4) (actual time=0.038..0.039 rows=1 loops=403)
                    Index Cond: (id = mc.movie_id)
                    Heap Fetches: 403
Planning time: 1.808 ms
Execution time: 1573.682 ms
