Hash Join  (cost=192263.67..1249284.17 rows=2260026 width=0) (actual time=3748.876..33647.889 rows=8374036 loops=1)
  Hash Cond: (ci.movie_id = t.id)
  ->  Seq Scan on cast_info ci  (cost=0.00..614943.12 rows=36225612 width=4) (actual time=0.023..13068.400 rows=36244344 loops=1)
  ->  Hash  (cost=189674.81..189674.81 rows=157749 width=8) (actual time=3747.904..3747.904 rows=125294 loops=1)
        Buckets: 131072  Batches: 4  Memory Usage: 2254kB
        ->  Hash Join  (cost=76444.38..189674.81 rows=157749 width=8) (actual time=1134.573..3709.030 rows=125294 loops=1)
              Hash Cond: (mk.movie_id = t.id)
              ->  Seq Scan on movie_keyword mk  (cost=0.00..81003.12 rows=2598884 width=4) (actual time=0.020..1594.112 rows=2579894 loops=1)
                    Filter: (keyword_id > 3346)
                    Rows Removed by Filter: 1944036
              ->  Hash  (cost=73925.90..73925.90 rows=153478 width=4) (actual time=1133.546..1133.546 rows=134760 loops=1)
                    Buckets: 131072  Batches: 4  Memory Usage: 2222kB
                    ->  Seq Scan on title t  (cost=0.00..73925.90 rows=153478 width=4) (actual time=0.030..1085.871 rows=134760 loops=1)
                          Filter: ((kind_id < 7) AND (production_year > 2010))
                          Rows Removed by Filter: 2393552
Planning time: 1.205 ms
Execution time: 34618.728 ms
