Hash Join  (cost=102767.86..928385.15 rows=817361 width=0) (actual time=1993.053..16650.004 rows=761632 loops=1)
  Hash Cond: (ci.movie_id = t.id)
  ->  Seq Scan on cast_info ci  (cost=0.00..796071.18 rows=817361 width=4) (actual time=0.048..13344.539 rows=761632 loops=1)
        Filter: ((person_id < 1673250) AND (role_id = 8))
        Rows Removed by Filter: 35482712
  ->  Hash  (cost=61283.27..61283.27 rows=2528527 width=4) (actual time=1992.053..1992.053 rows=2528312 loops=1)
        Buckets: 131072  Batches: 64  Memory Usage: 2415kB
        ->  Seq Scan on title t  (cost=0.00..61283.27 rows=2528527 width=4) (actual time=0.018..1114.164 rows=2528312 loops=1)
Planning time: 0.690 ms
Execution time: 16740.566 ms
