Hash Join  (cost=84097.84..127596.17 rows=338385 width=0) (actual time=1506.312..3035.486 rows=227433 loops=1)
  Hash Cond: (mi_idx.movie_id = t.id)
  ->  Seq Scan on movie_info_idx mi_idx  (cost=0.00..21735.35 rows=1380035 width=4) (actual time=0.028..463.919 rows=1380035 loops=1)
  ->  Hash  (cost=73925.90..73925.90 rows=619995 width=4) (actual time=1505.053..1505.053 rows=499560 loops=1)
        Buckets: 131072  Batches: 16  Memory Usage: 2121kB
        ->  Seq Scan on title t  (cost=0.00..73925.90 rows=619995 width=4) (actual time=0.014..1339.448 rows=499560 loops=1)
              Filter: ((kind_id > 2) AND (production_year < 1997))
              Rows Removed by Filter: 2028752
Planning time: 0.782 ms
Execution time: 3062.569 ms
