Hash Join  (cost=709678.15..764833.15 rows=198 width=0) (actual time=11135.715..12102.639 rows=98 loops=1)
  Hash Cond: (mc.movie_id = t.id)
  ->  Seq Scan on movie_companies mc  (cost=0.00..51404.11 rows=999709 width=4) (actual time=0.017..846.117 rows=1007911 loops=1)
        Filter: (company_id > 16409)
        Rows Removed by Filter: 1601218
  ->  Hash  (cost=709671.90..709671.90 rows=500 width=8) (actual time=11116.983..11116.983 rows=47 loops=1)
        Buckets: 1024  Batches: 1  Memory Usage: 10kB
        ->  Nested Loop  (cost=0.43..709671.90 rows=500 width=8) (actual time=8231.860..11116.918 rows=47 loops=1)
              ->  Seq Scan on cast_info ci  (cost=0.00..705507.15 rows=500 width=4) (actual time=8231.690..11115.778 rows=47 loops=1)
                    Filter: (person_id = 3418331)
                    Rows Removed by Filter: 36244297
              ->  Index Only Scan using title_pkey on title t  (cost=0.43..8.32 rows=1 width=4) (actual time=0.021..0.022 rows=1 loops=47)
                    Index Cond: (id = ci.movie_id)
                    Heap Fetches: 47
Planning time: 5.461 ms
Execution time: 12102.800 ms
