Hash Join  (cost=150492.46..640874.61 rows=991122 width=0) (actual time=3008.389..15770.784 rows=1941261 loops=1)
  Hash Cond: (mi.movie_id = t.id)
  ->  Seq Scan on movie_info mi  (cost=0.00..309384.22 rows=14739122 width=4) (actual time=0.017..6292.683 rows=14835720 loops=1)
  ->  Hash  (cost=147702.10..147702.10 rows=170029 width=8) (actual time=3007.152..3007.152 rows=114526 loops=1)
        Buckets: 131072  Batches: 4  Memory Usage: 2162kB
        ->  Hash Join  (cost=70308.29..147702.10 rows=170029 width=8) (actual time=1051.076..2966.042 rows=114526 loops=1)
              Hash Cond: (mc.movie_id = t.id)
              ->  Seq Scan on movie_companies mc  (cost=0.00..44881.29 rows=2609129 width=4) (actual time=0.019..817.125 rows=2609129 loops=1)
              ->  Hash  (cost=67604.59..67604.59 rows=164776 width=4) (actual time=1050.154..1050.154 rows=164307 loops=1)
                    Buckets: 131072  Batches: 4  Memory Usage: 2482kB
                    ->  Seq Scan on title t  (cost=0.00..67604.59 rows=164776 width=4) (actual time=0.025..993.150 rows=164307 loops=1)
                          Filter: (production_year = 2012)
                          Rows Removed by Filter: 2364005
Planning time: 1.125 ms
Execution time: 16003.077 ms
