Hash Join  (cost=67697.55..162881.32 rows=11036 width=0) (actual time=1124.019..3277.214 rows=17267 loops=1)
  Hash Cond: (mk.movie_id = t.id)
  ->  Seq Scan on movie_keyword mk  (cost=0.00..81003.12 rows=3752077 width=4) (actual time=0.012..1601.113 rows=3747292 loops=1)
        Filter: (keyword_id > 733)
        Rows Removed by Filter: 776638
  ->  Hash  (cost=67604.59..67604.59 rows=7437 width=4) (actual time=1119.494..1119.494 rows=9491 loops=1)
        Buckets: 16384 (originally 8192)  Batches: 1 (originally 1)  Memory Usage: 462kB
        ->  Seq Scan on title t  (cost=0.00..67604.59 rows=7437 width=4) (actual time=0.141..1114.715 rows=9491 loops=1)
              Filter: (production_year = 1957)
              Rows Removed by Filter: 2518821
Planning time: 0.783 ms
Execution time: 3280.125 ms
