Hash Join  (cost=74349.78..440982.37 rows=197666 width=0) (actual time=1186.147..9382.715 rows=300325 loops=1)
  Hash Cond: (mi.movie_id = t.id)
  ->  Seq Scan on movie_info mi  (cost=0.00..309384.22 rows=14739122 width=4) (actual time=0.027..4578.353 rows=14835720 loops=1)
  ->  Hash  (cost=73925.90..73925.90 rows=33910 width=4) (actual time=1185.746..1185.746 rows=21830 loops=1)
        Buckets: 65536  Batches: 1  Memory Usage: 1280kB
        ->  Seq Scan on title t  (cost=0.00..73925.90 rows=33910 width=4) (actual time=0.074..1175.979 rows=21830 loops=1)
              Filter: ((kind_id < 3) AND (production_year = 2007))
              Rows Removed by Filter: 2506482
Planning time: 0.774 ms
Execution time: 9425.922 ms
