Hash Join  (cost=138295.06..507127.73 rows=417675 width=0) (actual time=2532.721..11258.671 rows=1821633 loops=1)
  Hash Cond: (mi.movie_id = t.id)
  ->  Seq Scan on movie_info mi  (cost=0.00..309384.22 rows=14739122 width=4) (actual time=0.026..4500.460 rows=14835720 loops=1)
  ->  Hash  (cost=137399.39..137399.39 rows=71653 width=8) (actual time=2531.962..2531.962 rows=52132 loops=1)
        Buckets: 131072  Batches: 1  Memory Usage: 3061kB
        ->  Hash Join  (cost=69928.56..137399.39 rows=71653 width=8) (actual time=1128.837..2512.846 rows=52132 loops=1)
              Hash Cond: (mc.movie_id = t.id)
              ->  Seq Scan on movie_companies mc  (cost=0.00..51404.11 rows=1279517 width=4) (actual time=35.574..946.351 rows=1274246 loops=1)
                    Filter: (company_type_id = 1)
                    Rows Removed by Filter: 1334883
              ->  Hash  (cost=67604.59..67604.59 rows=141598 width=4) (actual time=1092.475..1092.475 rows=141703 loops=1)
                    Buckets: 131072  Batches: 2  Memory Usage: 3511kB
                    ->  Seq Scan on title t  (cost=0.00..67604.59 rows=141598 width=4) (actual time=0.024..1037.326 rows=141703 loops=1)
                          Filter: (production_year = 2010)
                          Rows Removed by Filter: 2386609
Planning time: 1.118 ms
Execution time: 11487.826 ms
