Hash Join  (cost=131228.52..482621.21 rows=10514 width=0) (actual time=5523.985..8463.485 rows=38050 loops=1)
  Hash Cond: (mi.movie_id = t.id)
  ->  Seq Scan on movie_info mi  (cost=0.00..346232.03 rows=1348138 width=4) (actual time=3405.468..6021.990 rows=1298989 loops=1)
        Filter: (info_type_id = 4)
        Rows Removed by Filter: 13536731
  ->  Hash  (cost=130982.02..130982.02 rows=19720 width=8) (actual time=2117.857..2117.857 rows=32476 loops=1)
        Buckets: 32768  Batches: 1  Memory Usage: 1525kB
        ->  Hash Join  (cost=74394.67..130982.02 rows=19720 width=8) (actual time=1124.727..2106.347 rows=32476 loops=1)
              Hash Cond: (mc.movie_id = t.id)
              ->  Seq Scan on movie_companies mc  (cost=0.00..51404.11 rows=1329612 width=4) (actual time=0.017..682.706 rows=1334883 loops=1)
                    Filter: (company_type_id = 2)
                    Rows Removed by Filter: 1274246
              ->  Hash  (cost=73925.90..73925.90 rows=37501 width=4) (actual time=1124.362..1124.362 rows=32253 loops=1)
                    Buckets: 65536  Batches: 1  Memory Usage: 1646kB
                    ->  Seq Scan on title t  (cost=0.00..73925.90 rows=37501 width=4) (actual time=0.046..1109.480 rows=32253 loops=1)
                          Filter: ((kind_id < 7) AND (production_year = 2005))
                          Rows Removed by Filter: 2496059
Planning time: 1.793 ms
Execution time: 8469.051 ms
