Seq Scan on cast_info ci  (cost=0.00..796071.18 rows=435 width=0) (actual time=12585.164..15306.692 rows=29 loops=1)
  Filter: ((role_id < 10) AND (person_id = 386768))
  Rows Removed by Filter: 36244315
Planning time: 0.400 ms
Execution time: 15306.808 ms
