Hash Join  (cost=74814.85..169438.36 rows=95027 width=0) (actual time=1378.116..4166.089 rows=433997 loops=1)
  Hash Cond: (mk.movie_id = t.id)
  ->  Seq Scan on movie_keyword mk  (cost=0.00..81003.12 rows=3378695 width=4) (actual time=0.019..1661.106 rows=3362793 loops=1)
        Filter: (keyword_id < 16131)
        Rows Removed by Filter: 1161137
  ->  Hash  (cost=73925.90..73925.90 rows=71116 width=4) (actual time=1249.394..1249.394 rows=170723 loops=1)
        Buckets: 131072 (originally 131072)  Batches: 2 (originally 1)  Memory Usage: 4028kB
        ->  Seq Scan on title t  (cost=0.00..73925.90 rows=71116 width=4) (actual time=0.510..1186.314 rows=170723 loops=1)
              Filter: ((kind_id < 7) AND (production_year < 1953))
              Rows Removed by Filter: 2357589
Planning time: 0.710 ms
Execution time: 4221.545 ms
