Hash Join  (cost=102544.35..469393.08 rows=219282 width=0) (actual time=2021.739..9602.761 rows=173418 loops=1)
  Hash Cond: (mi.movie_id = t.id)
  ->  Seq Scan on movie_info mi  (cost=0.00..309384.22 rows=14739122 width=4) (actual time=0.022..4353.093 rows=14835720 loops=1)
  ->  Hash  (cost=102074.13..102074.13 rows=37618 width=8) (actual time=1861.629..1861.629 rows=19569 loops=1)
        Buckets: 65536  Batches: 1  Memory Usage: 1277kB
        ->  Hash Join  (cost=74787.47..102074.13 rows=37618 width=8) (actual time=1290.980..1854.383 rows=19569 loops=1)
              Hash Cond: (mi_idx.movie_id = t.id)
              ->  Seq Scan on movie_info_idx mi_idx  (cost=0.00..21735.35 rows=1380035 width=4) (actual time=0.009..290.329 rows=1380035 loops=1)
              ->  Hash  (cost=73925.90..73925.90 rows=68925 width=4) (actual time=1213.503..1213.503 rows=84076 loops=1)
                    Buckets: 131072  Batches: 1  Memory Usage: 3980kB
                    ->  Seq Scan on title t  (cost=0.00..73925.90 rows=68925 width=4) (actual time=0.011..1179.317 rows=84076 loops=1)
                          Filter: ((kind_id = 7) AND (production_year = 2007))
                          Rows Removed by Filter: 2444236
Planning time: 3.819 ms
Execution time: 9626.329 ms
