Hash Join  (cost=205012.66..706173.22 rows=2001266 width=0) (actual time=4078.756..22255.812 rows=21841059 loops=1)
  Hash Cond: (mi.movie_id = t.id)
  ->  Seq Scan on movie_info mi  (cost=0.00..309384.22 rows=14739122 width=4) (actual time=0.020..6210.657 rows=14835720 loops=1)
  ->  Hash  (cost=199379.14..199379.14 rows=343321 width=8) (actual time=4077.834..4077.834 rows=378489 loops=1)
        Buckets: 131072  Batches: 8  Memory Usage: 2944kB
        ->  Hash Join  (cost=101489.21..199379.14 rows=343321 width=8) (actual time=1982.506..3948.265 rows=378489 loops=1)
              Hash Cond: (mk.movie_id = t.id)
              ->  Seq Scan on movie_keyword mk  (cost=0.00..81003.12 rows=420319 width=4) (actual time=31.041..1297.197 rows=413361 loops=1)
                    Filter: (keyword_id > 41995)
                    Rows Removed by Filter: 4110569
              ->  Hash  (cost=67604.59..67604.59 rows=2065330 width=4) (actual time=1950.332..1950.332 rows=2064552 loops=1)
                    Buckets: 131072  Batches: 32  Memory Usage: 3298kB
                    ->  Seq Scan on title t  (cost=0.00..67604.59 rows=2065330 width=4) (actual time=0.030..1280.036 rows=2064552 loops=1)
                          Filter: (production_year < 2011)
                          Rows Removed by Filter: 463760
Planning time: 1.150 ms
Execution time: 24697.473 ms
