Hash Join  (cost=83891.93..556220.27 rows=2128387 width=0) (actual time=1405.123..14422.201 rows=5144786 loops=1)
  Hash Cond: (mi.movie_id = t.id)
  ->  Seq Scan on movie_info mi  (cost=0.00..346232.03 rows=8859586 width=4) (actual time=0.023..6689.650 rows=8966694 loops=1)
        Filter: (info_type_id < 15)
        Rows Removed by Filter: 5869026
  ->  Hash  (cost=73925.90..73925.90 rows=607442 width=4) (actual time=1404.195..1404.195 rows=675690 loops=1)
        Buckets: 131072  Batches: 8  Memory Usage: 4021kB
        ->  Seq Scan on title t  (cost=0.00..73925.90 rows=607442 width=4) (actual time=0.017..1111.526 rows=675690 loops=1)
              Filter: ((kind_id < 7) AND (production_year < 2007))
              Rows Removed by Filter: 1852622
Planning time: 0.845 ms
Execution time: 15028.057 ms
