Seq Scan on cast_info ci  (cost=0.00..705507.15 rows=11956570 width=0) (actual time=74.904..12595.170 rows=11874431 loops=1)
  Filter: (person_id < 1166849)
  Rows Removed by Filter: 24369913
Planning time: 0.390 ms
Execution time: 14105.848 ms
