Hash Join  (cost=73962.22..168980.80 rows=4281 width=0) (actual time=1246.166..3187.073 rows=6118 loops=1)
  Hash Cond: (mk.movie_id = t.id)
  ->  Seq Scan on movie_keyword mk  (cost=0.00..81003.12 rows=3726040 width=4) (actual time=0.053..1406.451 rows=3722331 loops=1)
        Filter: (keyword_id < 23083)
        Rows Removed by Filter: 801599
  ->  Hash  (cost=73925.90..73925.90 rows=2905 width=4) (actual time=1245.881..1245.881 rows=2800 loops=1)
        Buckets: 4096  Batches: 1  Memory Usage: 131kB
        ->  Seq Scan on title t  (cost=0.00..73925.90 rows=2905 width=4) (actual time=69.821..1244.351 rows=2800 loops=1)
              Filter: ((kind_id < 7) AND (production_year = 1929))
              Rows Removed by Filter: 2525512
Planning time: 2.799 ms
Execution time: 3188.143 ms
