Nested Loop  (cost=0.43..83072.29 rows=150 width=0) (actual time=173.554..1347.408 rows=33 loops=1)
  ->  Seq Scan on movie_keyword mk  (cost=0.00..81003.12 rows=246 width=4) (actual time=173.494..1338.063 rows=38 loops=1)
        Filter: (keyword_id = 18881)
        Rows Removed by Filter: 4523892
  ->  Index Scan using title_pkey on title t  (cost=0.43..8.40 rows=1 width=4) (actual time=0.243..0.244 rows=1 loops=38)
        Index Cond: (id = mk.movie_id)
        Filter: (kind_id = 7)
        Rows Removed by Filter: 0
Planning time: 2.590 ms
Execution time: 1347.525 ms
