Seq Scan on movie_companies mc  (cost=0.00..51404.11 rows=1821823 width=0) (actual time=0.020..1047.012 rows=1833574 loops=1)
  Filter: (company_id > 1683)
  Rows Removed by Filter: 775555
Planning time: 1.324 ms
Execution time: 1295.948 ms
