Hash Join  (cost=83074.74..833899.15 rows=3524 width=0) (actual time=1267.341..16765.022 rows=3124 loops=1)
  Hash Cond: (ci.movie_id = t.id)
  ->  Seq Scan on cast_info ci  (cost=0.00..614943.12 rows=36225612 width=4) (actual time=0.011..8918.570 rows=36244344 loops=1)
  ->  Hash  (cost=83071.67..83071.67 rows=246 width=8) (actual time=1262.683..1262.683 rows=75 loops=1)
        Buckets: 1024  Batches: 1  Memory Usage: 11kB
        ->  Nested Loop  (cost=0.43..83071.67 rows=246 width=8) (actual time=12.446..1262.576 rows=75 loops=1)
              ->  Seq Scan on movie_keyword mk  (cost=0.00..81003.12 rows=246 width=4) (actual time=12.361..1254.728 rows=75 loops=1)
                    Filter: (keyword_id = 20875)
                    Rows Removed by Filter: 4523855
              ->  Index Only Scan using title_pkey on title t  (cost=0.43..8.40 rows=1 width=4) (actual time=0.099..0.099 rows=1 loops=75)
                    Index Cond: (id = mk.movie_id)
                    Heap Fetches: 75
Planning time: 1.198 ms
Execution time: 16767.039 ms
