Hash Join  (cost=102767.86..177160.76 rows=273721 width=0) (actual time=2106.808..3617.401 rows=410867 loops=1)
  Hash Cond: (mc.movie_id = t.id)
  ->  Seq Scan on movie_companies mc  (cost=0.00..57926.93 rows=273721 width=4) (actual time=166.670..931.614 rows=410867 loops=1)
        Filter: ((company_id < 576) AND (company_type_id = 1))
        Rows Removed by Filter: 2198262
  ->  Hash  (cost=61283.27..61283.27 rows=2528527 width=4) (actual time=1938.735..1938.735 rows=2528312 loops=1)
        Buckets: 131072  Batches: 64  Memory Usage: 2415kB
        ->  Seq Scan on title t  (cost=0.00..61283.27 rows=2528527 width=4) (actual time=0.018..1125.424 rows=2528312 loops=1)
Planning time: 0.802 ms
Execution time: 3666.602 ms
