Hash Join  (cost=510374.62..660114.28 rows=2276662 width=0) (actual time=9347.487..14260.404 rows=5076091 loops=1)
  Hash Cond: (mk.movie_id = t.id)
  ->  Seq Scan on movie_keyword mk  (cost=0.00..69693.30 rows=4523930 width=4) (actual time=0.019..1486.250 rows=4523930 loops=1)
  ->  Hash  (cost=489497.65..489497.65 rows=1272478 width=8) (actual time=9346.420..9346.420 rows=1325361 loops=1)
        Buckets: 131072  Batches: 32  Memory Usage: 2648kB
        ->  Hash Join  (cost=102767.86..489497.65 rows=1272478 width=8) (actual time=4548.631..8986.214 rows=1325361 loops=1)
              Hash Cond: (mi.movie_id = t.id)
              ->  Seq Scan on movie_info mi  (cost=0.00..346232.03 rows=1272478 width=4) (actual time=2634.197..5634.953 rows=1325361 loops=1)
                    Filter: (info_type_id = 8)
                    Rows Removed by Filter: 13510359
              ->  Hash  (cost=61283.27..61283.27 rows=2528527 width=4) (actual time=1913.035..1913.035 rows=2528312 loops=1)
                    Buckets: 131072  Batches: 64  Memory Usage: 2425kB
                    ->  Seq Scan on title t  (cost=0.00..61283.27 rows=2528527 width=4) (actual time=0.028..1067.877 rows=2528312 loops=1)
Planning time: 1.130 ms
Execution time: 14846.202 ms
