Nested Loop  (cost=0.43..52283.69 rows=104 width=0) (actual time=24.773..835.272 rows=57 loops=1)
  ->  Seq Scan on movie_companies mc  (cost=0.00..51404.11 rows=104 width=4) (actual time=24.671..834.027 rows=57 loops=1)
        Filter: (company_id = 71405)
        Rows Removed by Filter: 2609072
  ->  Index Only Scan using title_pkey on title t  (cost=0.43..8.45 rows=1 width=4) (actual time=0.020..0.020 rows=1 loops=57)
        Index Cond: (id = mc.movie_id)
        Heap Fetches: 57
Planning time: 0.775 ms
Execution time: 835.371 ms
