Seq Scan on movie_keyword mk  (cost=0.00..81003.12 rows=2592870 width=0) (actual time=0.022..1511.168 rows=2582408 loops=1)
  Filter: (keyword_id < 6765)
  Rows Removed by Filter: 1941522
Planning time: 0.328 ms
Execution time: 1838.234 ms
