Nested Loop  (cost=0.43..115569.31 rows=186 width=0) (actual time=2.242..1399.803 rows=357 loops=1)
  ->  Seq Scan on movie_keyword mk  (cost=0.00..81003.12 rows=4675 width=4) (actual time=0.290..1228.638 rows=5617 loops=1)
        Filter: (keyword_id = 1603)
        Rows Removed by Filter: 4518313
  ->  Index Scan using title_pkey on title t  (cost=0.43..7.38 rows=1 width=4) (actual time=0.030..0.030 rows=0 loops=5617)
        Index Cond: (id = mk.movie_id)
        Filter: ((production_year < 2012) AND (kind_id = 4))
        Rows Removed by Filter: 1
Planning time: 3.945 ms
Execution time: 1400.137 ms
