Hash Join  (cost=67612.84..94542.99 rows=121 width=0) (actual time=768.840..1114.123 rows=1 loops=1)
  Hash Cond: (mi_idx.movie_id = t.id)
  ->  Seq Scan on movie_info_idx mi_idx  (cost=0.00..25185.44 rows=464934 width=4) (actual time=0.025..430.692 rows=460185 loops=1)
        Filter: (info_type_id > 100)
        Rows Removed by Filter: 919850
  ->  Hash  (cost=67604.59..67604.59 rows=660 width=4) (actual time=608.851..608.851 rows=3515 loops=1)
        Buckets: 4096 (originally 1024)  Batches: 1 (originally 1)  Memory Usage: 156kB
        ->  Seq Scan on title t  (cost=0.00..67604.59 rows=660 width=4) (actual time=3.664..607.862 rows=3515 loops=1)
              Filter: (production_year > 2013)
              Rows Removed by Filter: 2524797
Planning time: 0.786 ms
Execution time: 1114.192 ms
