Hash Join  (cost=82634.05..516067.71 rows=1307896 width=0) (actual time=1365.807..11072.714 rows=2345865 loops=1)
  Hash Cond: (mi.movie_id = t.id)
  ->  Seq Scan on movie_info mi  (cost=0.00..346232.03 rows=6231111 width=4) (actual time=0.011..6283.976 rows=6223494 loops=1)
        Filter: (info_type_id > 8)
        Rows Removed by Filter: 8612226
  ->  Hash  (cost=73925.90..73925.90 rows=530732 width=4) (actual time=1365.029..1365.029 rows=403730 loops=1)
        Buckets: 131072  Batches: 8  Memory Usage: 2815kB
        ->  Seq Scan on title t  (cost=0.00..73925.90 rows=530732 width=4) (actual time=73.871..1217.999 rows=403730 loops=1)
              Filter: ((production_year > 1975) AND (kind_id = 1))
              Rows Removed by Filter: 2124582
Planning time: 0.448 ms
Execution time: 11335.964 ms
