Hash Join  (cost=162093.18..965497.37 rows=733304 width=0) (actual time=3210.062..20509.429 rows=346288 loops=1)
  Hash Cond: (ci.movie_id = t.id)
  ->  Seq Scan on cast_info ci  (cost=0.00..614943.12 rows=36225612 width=4) (actual time=0.011..9054.770 rows=36244344 loops=1)
  ->  Hash  (cost=161453.38..161453.38 rows=51184 width=8) (actual time=3209.580..3209.580 rows=11342 loops=1)
        Buckets: 65536  Batches: 1  Memory Usage: 956kB
        ->  Hash Join  (cost=74283.51..161453.38 rows=51184 width=8) (actual time=1414.850..3206.134 rows=11342 loops=1)
              Hash Cond: (mk.movie_id = t.id)
              ->  Seq Scan on movie_keyword mk  (cost=0.00..69693.30 rows=4523930 width=4) (actual time=0.024..1123.065 rows=4523930 loops=1)
              ->  Hash  (cost=73925.90..73925.90 rows=28608 width=4) (actual time=1218.273..1218.273 rows=32134 loops=1)
                    Buckets: 32768  Batches: 1  Memory Usage: 1386kB
                    ->  Seq Scan on title t  (cost=0.00..73925.90 rows=28608 width=4) (actual time=0.024..1204.882 rows=32134 loops=1)
                          Filter: ((kind_id = 7) AND (production_year = 1998))
                          Rows Removed by Filter: 2496178
Planning time: 1.143 ms
Execution time: 20555.962 ms
