Hash Join  (cost=87539.85..133003.03 rows=452869 width=0) (actual time=2100.282..3522.234 rows=792034 loops=1)
  Hash Cond: (mi_idx.movie_id = t.id)
  ->  Seq Scan on movie_info_idx mi_idx  (cost=0.00..21735.35 rows=1380035 width=4) (actual time=0.026..450.787 rows=1380035 loops=1)
  ->  Hash  (cost=73925.90..73925.90 rows=829756 width=4) (actual time=2099.352..2099.352 rows=744086 loops=1)
        Buckets: 131072  Batches: 16  Memory Usage: 2662kB
        ->  Seq Scan on title t  (cost=0.00..73925.90 rows=829756 width=4) (actual time=0.019..1191.386 rows=744086 loops=1)
              Filter: ((kind_id < 7) AND (production_year > 1967))
              Rows Removed by Filter: 1784226
Planning time: 0.658 ms
Execution time: 3616.338 ms
