Seq Scan on movie_keyword mk  (cost=0.00..81003.12 rows=212539 width=0) (actual time=0.025..1305.948 rows=226927 loops=1)
  Filter: (keyword_id < 186)
  Rows Removed by Filter: 4297003
Planning time: 0.331 ms
Execution time: 1336.493 ms
