Hash Join  (cost=263115.61..432523.17 rows=3310126 width=0) (actual time=6149.277..15231.095 rows=25652705 loops=1)
  Hash Cond: (mk.movie_id = t.id)
  ->  Seq Scan on movie_keyword mk  (cost=0.00..81003.12 rows=3207869 width=4) (actual time=0.026..1717.311 rows=3197475 loops=1)
        Filter: (keyword_id > 1732)
        Rows Removed by Filter: 1326455
  ->  Hash  (cost=220309.49..220309.49 rows=2609129 width=8) (actual time=6147.050..6147.050 rows=2609129 loops=1)
        Buckets: 131072  Batches: 64  Memory Usage: 2691kB
        ->  Hash Join  (cost=102767.86..220309.49 rows=2609129 width=8) (actual time=2053.120..5365.561 rows=2609129 loops=1)
              Hash Cond: (mc.movie_id = t.id)
              ->  Seq Scan on movie_companies mc  (cost=0.00..44881.29 rows=2609129 width=4) (actual time=0.021..796.138 rows=2609129 loops=1)
              ->  Hash  (cost=61283.27..61283.27 rows=2528527 width=4) (actual time=2051.139..2051.139 rows=2528312 loops=1)
                    Buckets: 131072  Batches: 64  Memory Usage: 2415kB
                    ->  Seq Scan on title t  (cost=0.00..61283.27 rows=2528527 width=4) (actual time=0.015..1208.866 rows=2528312 loops=1)
Planning time: 1.108 ms
Execution time: 18042.022 ms
