Hash Join  (cost=79601.51..580921.70 rows=2016227 width=0) (actual time=1342.429..16037.910 rows=5118222 loops=1)
  Hash Cond: (mi.movie_id = t.id)
  ->  Seq Scan on movie_info mi  (cost=0.00..309384.22 rows=14739122 width=4) (actual time=0.021..6033.997 rows=14835720 loops=1)
  ->  Hash  (cost=73925.90..73925.90 rows=345888 width=4) (actual time=1341.482..1341.482 rows=457402 loops=1)
        Buckets: 131072  Batches: 8  Memory Usage: 3055kB
        ->  Seq Scan on title t  (cost=0.00..73925.90 rows=345888 width=4) (actual time=0.025..1196.266 rows=457402 loops=1)
              Filter: ((kind_id < 7) AND (production_year < 1997))
              Rows Removed by Filter: 2070910
Planning time: 1.264 ms
Execution time: 16642.943 ms
