Hash Join  (cost=185288.08..716416.47 rows=4809846 width=0) (actual time=4702.746..33112.227 rows=55473310 loops=1)
  Hash Cond: (mi.movie_id = t.id)
  ->  Seq Scan on movie_info mi  (cost=0.00..309384.22 rows=14739122 width=4) (actual time=0.020..6353.293 rows=14835720 loops=1)
  ->  Hash  (cost=171749.84..171749.84 rows=825139 width=8) (actual time=4701.739..4701.739 rows=1690600 loops=1)
        Buckets: 131072 (originally 131072)  Batches: 32 (originally 16)  Memory Usage: 3160kB
        ->  Hash Join  (cost=83810.17..171749.84 rows=825139 width=8) (actual time=1444.136..4199.339 rows=1690600 loops=1)
              Hash Cond: (mc.movie_id = t.id)
              ->  Seq Scan on movie_companies mc  (cost=0.00..51404.11 rows=2112311 width=4) (actual time=0.023..1084.143 rows=2114217 loops=1)
                    Filter: (company_id > 436)
                    Rows Removed by Filter: 494912
              ->  Hash  (cost=67604.59..67604.59 rows=987727 width=4) (actual time=1442.930..1442.930 rows=985048 loops=1)
                    Buckets: 131072  Batches: 16  Memory Usage: 3188kB
                    ->  Seq Scan on title t  (cost=0.00..67604.59 rows=987727 width=4) (actual time=0.025..1131.552 rows=985048 loops=1)
                          Filter: (kind_id < 7)
                          Rows Removed by Filter: 1543264
Planning time: 4.247 ms
Execution time: 39740.706 ms
