Hash Join  (cost=106840.27..286626.81 rows=4278758 width=0) (actual time=2090.601..7390.012 rows=4455749 loops=1)
  Hash Cond: (mk.movie_id = t.id)
  ->  Seq Scan on movie_keyword mk  (cost=0.00..69693.30 rows=4523930 width=4) (actual time=0.024..1447.732 rows=4523930 loops=1)
  ->  Hash  (cost=67604.59..67604.59 rows=2391495 width=4) (actual time=2089.553..2089.553 rows=2388876 loops=1)
        Buckets: 131072  Batches: 32  Memory Usage: 3656kB
        ->  Seq Scan on title t  (cost=0.00..67604.59 rows=2391495 width=4) (actual time=0.014..1304.568 rows=2388876 loops=1)
              Filter: (production_year < 2013)
              Rows Removed by Filter: 139436
Planning time: 0.801 ms
Execution time: 7932.318 ms
