Seq Scan on cast_info ci  (cost=0.00..796071.18 rows=3867775 width=0) (actual time=0.206..12085.052 rows=8647456 loops=1)
  Filter: ((person_id > 2824211) AND (role_id > 2))
  Rows Removed by Filter: 27596888
Planning time: 0.354 ms
Execution time: 13171.646 ms
