Seq Scan on movie_keyword mk  (cost=0.00..81003.12 rows=2657068 width=0) (actual time=0.024..1432.192 rows=2649076 loops=1)
  Filter: (keyword_id < 7332)
  Rows Removed by Filter: 1874854
Planning time: 0.333 ms
Execution time: 1776.198 ms
