Hash Join  (cost=68173.50..905516.18 rows=189028 width=0) (actual time=11454.818..18321.906 rows=18288 loops=1)
  Hash Cond: (ci.movie_id = t.id)
  ->  Seq Scan on cast_info ci  (cost=0.00..796071.18 rows=10501660 width=4) (actual time=10420.298..15096.774 rows=8178520 loops=1)
        Filter: ((person_id > 600718) AND (role_id = 1))
        Rows Removed by Filter: 28065824
  ->  Hash  (cost=67604.59..67604.59 rows=45513 width=4) (actual time=1032.441..1032.441 rows=42820 loops=1)
        Buckets: 65536  Batches: 1  Memory Usage: 2018kB
        ->  Seq Scan on title t  (cost=0.00..67604.59 rows=45513 width=4) (actual time=0.023..1016.854 rows=42820 loops=1)
              Filter: (production_year < 1913)
              Rows Removed by Filter: 2485492
Planning time: 0.837 ms
Execution time: 18325.190 ms
