Hash Join  (cost=102767.86..188113.48 rows=728904 width=0) (actual time=1831.702..4043.956 rows=948169 loops=1)
  Hash Cond: (mc.movie_id = t.id)
  ->  Seq Scan on movie_companies mc  (cost=0.00..57926.93 rows=728904 width=4) (actual time=0.020..1050.157 rows=948169 loops=1)
        Filter: ((company_id > 9944) AND (company_type_id > 1))
        Rows Removed by Filter: 1660960
  ->  Hash  (cost=61283.27..61283.27 rows=2528527 width=4) (actual time=1830.292..1830.292 rows=2528312 loops=1)
        Buckets: 131072  Batches: 64  Memory Usage: 2415kB
        ->  Seq Scan on title t  (cost=0.00..61283.27 rows=2528527 width=4) (actual time=0.018..973.958 rows=2528312 loops=1)
Planning time: 0.751 ms
Execution time: 4156.277 ms
