Seq Scan on cast_info ci  (cost=0.00..796071.18 rows=6812692 width=0) (actual time=5952.066..14671.837 rows=12670688 loops=1)
  Filter: ((person_id < 1929823) AND (role_id = 1))
  Rows Removed by Filter: 23573656
Planning time: 0.469 ms
Execution time: 16196.492 ms
