Seq Scan on movie_companies mc  (cost=0.00..51404.11 rows=104 width=0) (actual time=19.377..739.335 rows=15 loops=1)
  Filter: (company_id = 38314)
  Rows Removed by Filter: 2609114
Planning time: 0.396 ms
Execution time: 739.423 ms
