Seq Scan on movie_keyword mk  (cost=0.00..81003.12 rows=1795324 width=0) (actual time=0.026..1421.137 rows=1803837 loops=1)
  Filter: (keyword_id < 2926)
  Rows Removed by Filter: 2720093
Planning time: 0.345 ms
Execution time: 1656.847 ms
