Hash Join  (cost=198211.27..567683.56 rows=446759 width=0) (actual time=8654.349..10844.968 rows=1471105 loops=1)
  Hash Cond: (mi.movie_id = t.id)
  ->  Seq Scan on movie_info mi  (cost=0.00..346232.03 rows=1338312 width=4) (actual time=4377.697..5429.273 rows=1401902 loops=1)
        Filter: (info_type_id = 7)
        Rows Removed by Filter: 13433818
  ->  Hash  (cost=184362.27..184362.27 rows=844080 width=8) (actual time=4275.870..4275.870 rows=838859 loops=1)
        Buckets: 131072  Batches: 16  Memory Usage: 3100kB
        ->  Hash Join  (cost=102767.86..184362.27 rows=844080 width=8) (actual time=1845.077..4019.749 rows=838859 loops=1)
              Hash Cond: (mc.movie_id = t.id)
              ->  Seq Scan on movie_companies mc  (cost=0.00..51404.11 rows=844080 width=4) (actual time=0.040..1059.450 rows=838859 loops=1)
                    Filter: (company_id < 2191)
                    Rows Removed by Filter: 1770270
              ->  Hash  (cost=61283.27..61283.27 rows=2528527 width=4) (actual time=1843.952..1843.952 rows=2528312 loops=1)
                    Buckets: 131072  Batches: 64  Memory Usage: 2415kB
                    ->  Seq Scan on title t  (cost=0.00..61283.27 rows=2528527 width=4) (actual time=0.019..1003.720 rows=2528312 loops=1)
Planning time: 1.208 ms
Execution time: 11020.996 ms
