Seq Scan on title t  (cost=0.00..73925.90 rows=23001 width=0) (actual time=0.054..1093.328 rows=17208 loops=1)
  Filter: ((kind_id < 4) AND (production_year = 2003))
  Rows Removed by Filter: 2511104
Planning time: 0.411 ms
Execution time: 1096.576 ms
