Seq Scan on cast_info ci  (cost=0.00..705507.15 rows=500 width=0) (actual time=5595.203..10929.045 rows=48 loops=1)
  Filter: (person_id = 1551620)
  Rows Removed by Filter: 36244296
Planning time: 0.390 ms
Execution time: 10929.164 ms
