Seq Scan on movie_keyword mk  (cost=0.00..81003.12 rows=1809881 width=0) (actual time=0.026..1456.534 rows=1809898 loops=1)
  Filter: (keyword_id > 7667)
  Rows Removed by Filter: 2714032
Planning time: 0.364 ms
Execution time: 1682.828 ms
