Hash Join  (cost=74690.97..129988.05 rows=63156 width=0) (actual time=932.082..1963.223 rows=76139 loops=1)
  Hash Cond: (mc.movie_id = t.id)
  ->  Seq Scan on movie_companies mc  (cost=0.00..44881.29 rows=2609129 width=4) (actual time=0.019..435.212 rows=2609129 loops=1)
  ->  Hash  (cost=73925.90..73925.90 rows=61205 width=4) (actual time=931.712..931.712 rows=61581 loops=1)
        Buckets: 65536  Batches: 1  Memory Usage: 2677kB
        ->  Seq Scan on title t  (cost=0.00..73925.90 rows=61205 width=4) (actual time=169.737..908.168 rows=61581 loops=1)
              Filter: ((production_year > 2011) AND (kind_id = 1))
              Rows Removed by Filter: 2466731
Planning time: 0.768 ms
Execution time: 1972.933 ms
