Hash Join  (cost=106187.82..150843.13 rows=432420 width=0) (actual time=2461.869..3809.615 rows=452272 loops=1)
  Hash Cond: (mi_idx.movie_id = t.id)
  ->  Seq Scan on movie_info_idx mi_idx  (cost=0.00..25185.44 rows=464934 width=4) (actual time=0.034..551.940 rows=460185 loops=1)
        Filter: (info_type_id > 100)
        Rows Removed by Filter: 919850
  ->  Hash  (cost=67604.59..67604.59 rows=2351699 width=4) (actual time=2460.826..2460.826 rows=2346476 loops=1)
        Buckets: 131072  Batches: 32  Memory Usage: 3606kB
        ->  Seq Scan on title t  (cost=0.00..67604.59 rows=2351699 width=4) (actual time=0.016..1426.391 rows=2346476 loops=1)
              Filter: (production_year > 1927)
              Rows Removed by Filter: 181836
Planning time: 0.862 ms
Execution time: 3860.626 ms
