Seq Scan on movie_keyword mk  (cost=0.00..81003.12 rows=701377 width=0) (actual time=0.028..1328.531 rows=706942 loops=1)
  Filter: (keyword_id > 26710)
  Rows Removed by Filter: 3816988
Planning time: 0.307 ms
Execution time: 1422.273 ms
