Hash Join  (cost=67764.72..94745.13 rows=6992 width=0) (actual time=1049.229..1626.765 rows=16662 loops=1)
  Hash Cond: (mi_idx.movie_id = t.id)
  ->  Seq Scan on movie_info_idx mi_idx  (cost=0.00..21735.35 rows=1380035 width=4) (actual time=0.018..275.368 rows=1380035 loops=1)
  ->  Hash  (cost=67604.59..67604.59 rows=12811 width=4) (actual time=1047.984..1047.984 rows=12600 loops=1)
        Buckets: 16384  Batches: 1  Memory Usage: 571kB
        ->  Seq Scan on title t  (cost=0.00..67604.59 rows=12811 width=4) (actual time=223.112..1042.452 rows=12600 loops=1)
              Filter: (kind_id = 6)
              Rows Removed by Filter: 2515712
Planning time: 0.578 ms
Execution time: 1629.369 ms
