Seq Scan on movie_keyword mk  (cost=0.00..81003.12 rows=1280451 width=0) (actual time=0.014..1370.578 rows=1290256 loops=1)
  Filter: (keyword_id > 13699)
  Rows Removed by Filter: 3233674
Planning time: 0.348 ms
Execution time: 1540.449 ms
