Hash Join  (cost=92883.59..1054434.64 rows=5139557 width=0) (actual time=4485.469..19496.672 rows=2221514 loops=1)
  Hash Cond: (ci.movie_id = t.id)
  ->  Seq Scan on cast_info ci  (cost=0.00..796071.18 rows=8434260 width=4) (actual time=2767.556..14337.589 rows=3915872 loops=1)
        Filter: ((person_id > 1193846) AND (role_id = 1))
        Rows Removed by Filter: 32328472
  ->  Hash  (cost=67604.59..67604.59 rows=1540800 width=4) (actual time=1716.546..1716.546 rows=1543264 loops=1)
        Buckets: 131072  Batches: 32  Memory Usage: 2722kB
        ->  Seq Scan on title t  (cost=0.00..67604.59 rows=1540800 width=4) (actual time=0.033..1221.606 rows=1543264 loops=1)
              Filter: (kind_id = 7)
              Rows Removed by Filter: 985048
Planning time: 0.897 ms
Execution time: 19753.085 ms
