Seq Scan on movie_keyword mk  (cost=0.00..81003.12 rows=2963901 width=0) (actual time=0.016..1515.198 rows=2948292 loops=1)
  Filter: (keyword_id < 9920)
  Rows Removed by Filter: 1575638
Planning time: 0.323 ms
Execution time: 1879.159 ms
