Seq Scan on movie_keyword mk  (cost=0.00..81003.12 rows=246 width=0) (actual time=13.996..1387.188 rows=196 loops=1)
  Filter: (keyword_id = 8583)
  Rows Removed by Filter: 4523734
Planning time: 0.400 ms
Execution time: 1387.409 ms
