Seq Scan on movie_companies mc  (cost=0.00..57926.93 rows=1209968 width=0) (actual time=422.119..1161.774 rows=1098276 loops=1)
  Filter: ((company_id < 103844) AND (company_type_id = 2))
  Rows Removed by Filter: 1510853
Planning time: 0.406 ms
Execution time: 1299.513 ms
