Hash Join  (cost=73962.22..443632.50 rows=7159 width=0) (actual time=1152.949..7425.813 rows=11742 loops=1)
  Hash Cond: (mi.movie_id = t.id)
  ->  Seq Scan on movie_info mi  (cost=0.00..346232.03 rows=6231111 width=4) (actual time=0.015..5290.492 rows=6223494 loops=1)
        Filter: (info_type_id > 8)
        Rows Removed by Filter: 8612226
  ->  Hash  (cost=73925.90..73925.90 rows=2905 width=4) (actual time=1152.562..1152.562 rows=2466 loops=1)
        Buckets: 4096  Batches: 1  Memory Usage: 119kB
        ->  Seq Scan on title t  (cost=0.00..73925.90 rows=2905 width=4) (actual time=335.641..1151.196 rows=2466 loops=1)
              Filter: ((kind_id < 7) AND (production_year = 1935))
              Rows Removed by Filter: 2525846
Planning time: 0.848 ms
Execution time: 7428.225 ms
