Hash Join  (cost=74050.79..1200583.72 rows=4969561 width=0) (actual time=1263.152..33720.877 rows=5338956 loops=1)
  Hash Cond: (ci.movie_id = t.id)
  ->  Seq Scan on cast_info ci  (cost=0.00..705507.15 rows=31982179 width=4) (actual time=0.026..16400.623 rows=32128416 loops=1)
        Filter: (person_id > 395501)
        Rows Removed by Filter: 4115928
  ->  Hash  (cost=67604.59..67604.59 rows=392896 width=4) (actual time=1262.242..1262.242 rows=391666 loops=1)
        Buckets: 131072  Batches: 8  Memory Usage: 2753kB
        ->  Seq Scan on title t  (cost=0.00..67604.59 rows=392896 width=4) (actual time=0.019..1135.521 rows=391666 loops=1)
              Filter: (production_year > 2010)
              Rows Removed by Filter: 2136646
Planning time: 0.829 ms
Execution time: 34380.459 ms
