Seq Scan on movie_keyword mk  (cost=0.00..81003.12 rows=4396794 width=0) (actual time=0.025..1553.681 rows=4400148 loops=1)
  Filter: (keyword_id < 77388)
  Rows Removed by Filter: 123782
Planning time: 0.357 ms
Execution time: 2108.367 ms
