Seq Scan on movie_companies mc  (cost=0.00..57926.93 rows=503654 width=0) (actual time=0.072..951.015 rows=296543 loops=1)
  Filter: ((company_id < 4589) AND (company_type_id > 1))
  Rows Removed by Filter: 2312586
Planning time: 9.320 ms
Execution time: 986.423 ms
