Hash Join  (cost=74710.12..130023.01 rows=64737 width=0) (actual time=1184.369..2560.984 rows=145257 loops=1)
  Hash Cond: (mc.movie_id = t.id)
  ->  Seq Scan on movie_companies mc  (cost=0.00..44881.29 rows=2609129 width=4) (actual time=0.023..612.839 rows=2609129 loops=1)
  ->  Hash  (cost=73925.90..73925.90 rows=62737 width=4) (actual time=1183.966..1183.966 rows=66157 loops=1)
        Buckets: 131072 (originally 65536)  Batches: 1 (originally 1)  Memory Usage: 3350kB
        ->  Seq Scan on title t  (cost=0.00..73925.90 rows=62737 width=4) (actual time=291.403..1151.093 rows=66157 loops=1)
              Filter: ((production_year > 1990) AND (kind_id = 2))
              Rows Removed by Filter: 2462155
Planning time: 0.852 ms
Execution time: 2579.749 ms
