Hash Join  (cost=77934.62..213661.24 rows=1126458 width=0) (actual time=1430.634..5156.739 rows=1552993 loops=1)
  Hash Cond: (mk.movie_id = t.id)
  ->  Seq Scan on movie_keyword mk  (cost=0.00..69693.30 rows=4523930 width=4) (actual time=0.023..1490.122 rows=4523930 loops=1)
  ->  Hash  (cost=67604.59..67604.59 rows=629603 width=4) (actual time=1429.484..1429.484 rows=622851 loops=1)
        Buckets: 131072  Batches: 16  Memory Usage: 2394kB
        ->  Seq Scan on title t  (cost=0.00..67604.59 rows=629603 width=4) (actual time=0.029..1208.886 rows=622851 loops=1)
              Filter: (production_year < 1987)
              Rows Removed by Filter: 1905461
Planning time: 0.732 ms
Execution time: 5312.001 ms
