Nested Loop  (cost=0.43..58358.52 rows=18 width=0) (actual time=1.603..877.112 rows=305 loops=1)
  ->  Seq Scan on movie_companies mc  (cost=0.00..57926.93 rows=51 width=4) (actual time=1.558..842.947 rows=674 loops=1)
        Filter: ((company_id = 7) AND (company_type_id = 1))
        Rows Removed by Filter: 2608455
  ->  Index Scan using title_pkey on title t  (cost=0.43..8.45 rows=1 width=4) (actual time=0.050..0.050 rows=0 loops=674)
        Index Cond: (id = mc.movie_id)
        Filter: ((kind_id < 7) AND (production_year > 1950))
        Rows Removed by Filter: 1
Planning time: 2.996 ms
Execution time: 877.368 ms
