Seq Scan on title t  (cost=0.00..73925.90 rows=2905 width=0) (actual time=560.089..1183.183 rows=7670 loops=1)
  Filter: ((kind_id < 7) AND (production_year = 1915))
  Rows Removed by Filter: 2520642
Planning time: 0.403 ms
Execution time: 1184.752 ms
