Hash Join  (cost=1002276.71..1570307.73 rows=3088339 width=0) (actual time=24143.236..41222.709 rows=6751558 loops=1)
  Hash Cond: (mi.movie_id = t.id)
  ->  Seq Scan on movie_info mi  (cost=0.00..309384.22 rows=14739122 width=4) (actual time=0.018..6665.124 rows=14835720 loops=1)
  ->  Hash  (cost=993584.07..993584.07 rows=529811 width=8) (actual time=24142.036..24142.036 rows=624529 loops=1)
        Buckets: 131072 (originally 131072)  Batches: 16 (originally 8)  Memory Usage: 3983kB
        ->  Hash Join  (cost=69687.24..993584.07 rows=529811 width=8) (actual time=4217.892..23903.804 rows=624529 loops=1)
              Hash Cond: (ci.movie_id = t.id)
              ->  Seq Scan on cast_info ci  (cost=0.00..796071.18 rows=10554011 width=4) (actual time=3194.424..17117.030 rows=12670688 loops=1)
                    Filter: ((person_id < 3026246) AND (role_id = 1))
                    Rows Removed by Filter: 23573656
              ->  Hash  (cost=67604.59..67604.59 rows=126932 width=4) (actual time=1022.554..1022.554 rows=122861 loops=1)
                    Buckets: 131072  Batches: 2  Memory Usage: 3191kB
                    ->  Seq Scan on title t  (cost=0.00..67604.59 rows=126932 width=4) (actual time=0.032..978.097 rows=122861 loops=1)
                          Filter: (production_year = 2008)
                          Rows Removed by Filter: 2405451
Planning time: 1.293 ms
Execution time: 41994.766 ms
