Hash Join  (cost=69803.74..101088.16 rows=24432 width=0) (actual time=1100.737..1800.902 rows=16214 loops=1)
  Hash Cond: (mi_idx.movie_id = t.id)
  ->  Seq Scan on movie_info_idx mi_idx  (cost=0.00..25185.44 rows=460978 width=4) (actual time=0.014..480.195 rows=459925 loops=1)
        Filter: (info_type_id = 99)
        Rows Removed by Filter: 920110
  ->  Hash  (cost=67604.59..67604.59 rows=134012 width=4) (actual time=1099.969..1099.969 rows=135918 loops=1)
        Buckets: 131072  Batches: 2  Memory Usage: 3410kB
        ->  Seq Scan on title t  (cost=0.00..67604.59 rows=134012 width=4) (actual time=0.018..1052.764 rows=135918 loops=1)
              Filter: (production_year < 1938)
              Rows Removed by Filter: 2392394
Planning time: 0.743 ms
Execution time: 1803.622 ms
