Seq Scan on movie_keyword mk  (cost=0.00..81003.12 rows=246 width=0) (actual time=2.885..1258.306 rows=2238 loops=1)
  Filter: (keyword_id = 748)
  Rows Removed by Filter: 4521692
Planning time: 0.432 ms
Execution time: 1259.067 ms
