Seq Scan on cast_info ci  (cost=0.00..705507.15 rows=23275199 width=0) (actual time=0.023..13387.981 rows=23161823 loops=1)
  Filter: (person_id < 2368547)
  Rows Removed by Filter: 13082521
Planning time: 0.330 ms
Execution time: 16284.791 ms
