Seq Scan on movie_keyword mk  (cost=0.00..81003.12 rows=246 width=0) (actual time=0.255..1223.440 rows=871 loops=1)
  Filter: (keyword_id = 7990)
  Rows Removed by Filter: 4523059
Planning time: 0.385 ms
Execution time: 1223.868 ms
