Hash Join  (cost=246941.60..1601163.05 rows=25832777 width=0) (actual time=6230.956..51956.181 rows=53326471 loops=1)
  Hash Cond: (ci.movie_id = t.id)
  ->  Seq Scan on cast_info ci  (cost=0.00..705507.15 rows=29800905 width=4) (actual time=0.018..15042.183 rows=29728866 loops=1)
        Filter: (person_id < 3005462)
        Rows Removed by Filter: 6515478
  ->  Hash  (cost=210981.58..210981.58 rows=2191842 width=8) (actual time=6229.756..6229.756 rows=1964836 loops=1)
        Buckets: 131072  Batches: 32  Memory Usage: 3382kB
        ->  Hash Join  (cost=102454.22..210981.58 rows=2191842 width=8) (actual time=2111.624..5641.715 rows=1964836 loops=1)
              Hash Cond: (mc.movie_id = t.id)
              ->  Seq Scan on movie_companies mc  (cost=0.00..44881.29 rows=2609129 width=4) (actual time=0.021..921.059 rows=2609129 loops=1)
              ->  Hash  (cost=67604.59..67604.59 rows=2124131 width=4) (actual time=2110.275..2110.275 rows=2118372 loops=1)
                    Buckets: 131072  Batches: 32  Memory Usage: 3356kB
                    ->  Seq Scan on title t  (cost=0.00..67604.59 rows=2124131 width=4) (actual time=0.013..1421.312 rows=2118372 loops=1)
                          Filter: (production_year > 1967)
                          Rows Removed by Filter: 409940
Planning time: 1.299 ms
Execution time: 58149.440 ms
