Hash Join  (cost=102767.86..277361.42 rows=3478919 width=0) (actual time=1952.654..7090.507 rows=3478135 loops=1)
  Hash Cond: (mk.movie_id = t.id)
  ->  Seq Scan on movie_keyword mk  (cost=0.00..81003.12 rows=3478919 width=4) (actual time=0.024..1851.742 rows=3478135 loops=1)
        Filter: (keyword_id > 1042)
        Rows Removed by Filter: 1045795
  ->  Hash  (cost=61283.27..61283.27 rows=2528527 width=4) (actual time=1951.469..1951.469 rows=2528312 loops=1)
        Buckets: 131072  Batches: 64  Memory Usage: 2425kB
        ->  Seq Scan on title t  (cost=0.00..61283.27 rows=2528527 width=4) (actual time=0.009..1093.037 rows=2528312 loops=1)
Planning time: 0.765 ms
Execution time: 7489.633 ms
