Hash Join  (cost=58375.85..880666.09 rows=653 width=0) (actual time=911.566..19537.047 rows=1074 loops=1)
  Hash Cond: (ci.movie_id = t.id)
  ->  Seq Scan on cast_info ci  (cost=0.00..705507.15 rows=31140416 width=4) (actual time=2.233..13518.037 rows=31270562 loops=1)
        Filter: (person_id > 481950)
        Rows Removed by Filter: 4973782
  ->  Hash  (cost=58375.18..58375.18 rows=53 width=8) (actual time=897.819..897.819 rows=52 loops=1)
        Buckets: 1024  Batches: 1  Memory Usage: 11kB
        ->  Nested Loop  (cost=0.43..58375.18 rows=53 width=8) (actual time=0.233..897.766 rows=52 loops=1)
              ->  Seq Scan on movie_companies mc  (cost=0.00..57926.93 rows=53 width=4) (actual time=0.183..895.924 rows=52 loops=1)
                    Filter: ((company_type_id > 1) AND (company_id = 77834))
                    Rows Removed by Filter: 2609077
              ->  Index Only Scan using title_pkey on title t  (cost=0.43..8.45 rows=1 width=4) (actual time=0.032..0.032 rows=1 loops=52)
                    Index Cond: (id = mc.movie_id)
                    Heap Fetches: 52
Planning time: 2.716 ms
Execution time: 19537.867 ms
