Hash Join  (cost=212872.37..294679.00 rows=490111 width=0) (actual time=4295.591..7458.424 rows=3859364 loops=1)
  Hash Cond: (mc.movie_id = t.id)
  ->  Seq Scan on movie_companies mc  (cost=0.00..44881.29 rows=2609129 width=4) (actual time=0.020..1006.450 rows=2609129 loops=1)
  ->  Hash  (cost=205079.24..205079.24 rows=474970 width=8) (actual time=4294.652..4294.652 rows=471060 loops=1)
        Buckets: 131072  Batches: 8  Memory Usage: 3351kB
        ->  Hash Join  (cost=102767.86..205079.24 rows=474970 width=8) (actual time=2039.203..4154.211 rows=471060 loops=1)
              Hash Cond: (mk.movie_id = t.id)
              ->  Seq Scan on movie_keyword mk  (cost=0.00..81003.12 rows=474970 width=4) (actual time=0.020..1321.403 rows=471060 loops=1)
                    Filter: (keyword_id > 37767)
                    Rows Removed by Filter: 4052870
              ->  Hash  (cost=61283.27..61283.27 rows=2528527 width=4) (actual time=2037.827..2037.827 rows=2528312 loops=1)
                    Buckets: 131072  Batches: 64  Memory Usage: 2425kB
                    ->  Seq Scan on title t  (cost=0.00..61283.27 rows=2528527 width=4) (actual time=0.017..1172.438 rows=2528312 loops=1)
Planning time: 1.174 ms
Execution time: 7911.237 ms
