Nested Loop  (cost=0.43..58358.39 rows=18 width=0) (actual time=343.288..784.627 rows=88 loops=1)
  ->  Seq Scan on movie_companies mc  (cost=0.00..57926.93 rows=51 width=4) (actual time=343.223..781.981 rows=90 loops=1)
        Filter: ((company_id = 13433) AND (company_type_id = 1))
        Rows Removed by Filter: 2609039
  ->  Index Scan using title_pkey on title t  (cost=0.43..8.45 rows=1 width=4) (actual time=0.026..0.027 rows=1 loops=90)
        Index Cond: (id = mc.movie_id)
        Filter: (production_year > 2006)
        Rows Removed by Filter: 0
Planning time: 0.755 ms
Execution time: 784.768 ms
