Hash Join  (cost=180257.54..555965.53 rows=705623 width=0) (actual time=9209.526..11625.365 rows=1327287 loops=1)
  Hash Cond: (mi.movie_id = t.id)
  ->  Seq Scan on movie_info mi  (cost=0.00..346232.03 rows=1550064 width=4) (actual time=4553.004..5693.127 rows=1533909 loops=1)
        Filter: (info_type_id = 3)
        Rows Removed by Filter: 13301811
  ->  Hash  (cost=161372.52..161372.52 rows=1151041 width=8) (actual time=4655.749..4655.749 rows=1170442 loops=1)
        Buckets: 131072  Batches: 16  Memory Usage: 3905kB
        ->  Hash Join  (cost=102205.59..161372.52 rows=1151041 width=8) (actual time=2476.877..4315.549 rows=1170442 loops=1)
              Hash Cond: (mi_idx.movie_id = t.id)
              ->  Seq Scan on movie_info_idx mi_idx  (cost=0.00..21735.35 rows=1380035 width=4) (actual time=0.017..491.632 rows=1380035 loops=1)
              ->  Hash  (cost=67604.59..67604.59 rows=2108960 width=4) (actual time=2475.962..2475.962 rows=2104137 loops=1)
                    Buckets: 131072  Batches: 32  Memory Usage: 3341kB
                    ->  Seq Scan on title t  (cost=0.00..67604.59 rows=2108960 width=4) (actual time=0.019..1517.251 rows=2104137 loops=1)
                          Filter: (production_year > 1968)
                          Rows Removed by Filter: 424175
Planning time: 1.226 ms
Execution time: 11790.729 ms
