Nested Loop  (cost=0.43..83072.29 rows=172 width=0) (actual time=47.598..1440.674 rows=30 loops=1)
  ->  Seq Scan on movie_keyword mk  (cost=0.00..81003.12 rows=246 width=4) (actual time=47.519..1436.453 rows=96 loops=1)
        Filter: (keyword_id = 1162)
        Rows Removed by Filter: 4523834
  ->  Index Scan using title_pkey on title t  (cost=0.43..8.40 rows=1 width=4) (actual time=0.040..0.040 rows=0 loops=96)
        Index Cond: (id = mk.movie_id)
        Filter: (kind_id > 2)
        Rows Removed by Filter: 1
Planning time: 4.254 ms
Execution time: 1440.804 ms
