Hash Join  (cost=668119.95..2146446.13 rows=30653281 width=0) (actual time=16477.634..52785.287 rows=22184085 loops=1)
  Hash Cond: (ci.movie_id = t.id)
  ->  Seq Scan on cast_info ci  (cost=0.00..796071.18 rows=20253921 width=4) (actual time=0.012..19111.228 rows=22222975 loops=1)
        Filter: ((person_id > 474125) AND (role_id > 1))
        Rows Removed by Filter: 14021369
  ->  Hash  (cost=605335.99..605335.99 rows=3826797 width=8) (actual time=16475.394..16475.394 rows=1957146 loops=1)
        Buckets: 131072  Batches: 64  Memory Usage: 2182kB
        ->  Hash Join  (cost=84697.09..605335.99 rows=3826797 width=8) (actual time=1463.153..15242.355 rows=1957146 loops=1)
              Hash Cond: (mi.movie_id = t.id)
              ->  Seq Scan on movie_info mi  (cost=0.00..309384.22 rows=14739122 width=4) (actual time=0.022..6453.559 rows=14835720 loops=1)
              ->  Hash  (cost=73925.90..73925.90 rows=656495 width=4) (actual time=1462.106..1462.106 rows=556797 loops=1)
                    Buckets: 131072  Batches: 16  Memory Usage: 2252kB
                    ->  Seq Scan on title t  (cost=0.00..73925.90 rows=656495 width=4) (actual time=0.022..1262.627 rows=556797 loops=1)
                          Filter: ((production_year < 2001) AND (kind_id = 7))
                          Rows Removed by Filter: 1971515
Planning time: 1.229 ms
Execution time: 55286.831 ms
