Seq Scan on cast_info ci  (cost=0.00..796071.18 rows=6640283 width=0) (actual time=12105.988..12733.570 rows=272111 loops=1)
  Filter: ((person_id > 1699736) AND (role_id = 1))
  Rows Removed by Filter: 35972233
Planning time: 0.413 ms
Execution time: 12768.794 ms
