Seq Scan on movie_keyword mk  (cost=0.00..81003.12 rows=2258616 width=0) (actual time=0.022..1524.830 rows=2261597 loops=1)
  Filter: (keyword_id < 4703)
  Rows Removed by Filter: 2262333
Planning time: 0.351 ms
Execution time: 1810.414 ms
