Hash Join  (cost=83074.74..464166.09 rows=904 width=0) (actual time=1258.628..8672.115 rows=81999 loops=1)
  Hash Cond: (mi.movie_id = t.id)
  ->  Seq Scan on movie_info mi  (cost=0.00..346232.03 rows=9293409 width=4) (actual time=0.016..5962.525 rows=9425200 loops=1)
        Filter: (info_type_id > 5)
        Rows Removed by Filter: 5410520
  ->  Hash  (cost=83071.67..83071.67 rows=246 width=8) (actual time=1258.130..1258.130 rows=1293 loops=1)
        Buckets: 2048 (originally 1024)  Batches: 1 (originally 1)  Memory Usage: 67kB
        ->  Nested Loop  (cost=0.43..83071.67 rows=246 width=8) (actual time=0.918..1257.001 rows=1293 loops=1)
              ->  Seq Scan on movie_keyword mk  (cost=0.00..81003.12 rows=246 width=4) (actual time=0.862..1198.888 rows=1293 loops=1)
                    Filter: (keyword_id = 212)
                    Rows Removed by Filter: 4522637
              ->  Index Only Scan using title_pkey on title t  (cost=0.43..8.40 rows=1 width=4) (actual time=0.043..0.044 rows=1 loops=1293)
                    Index Cond: (id = mk.movie_id)
                    Heap Fetches: 1293
Planning time: 1.170 ms
Execution time: 8684.709 ms
