Seq Scan on movie_companies mc  (cost=0.00..57926.93 rows=288081 width=0) (actual time=215.090..801.793 rows=1706 loops=1)
  Filter: ((company_id > 69271) AND (company_type_id = 1))
  Rows Removed by Filter: 2607423
Planning time: 0.391 ms
Execution time: 802.143 ms
