Hash Join  (cost=187854.32..326483.34 rows=1364699 width=0) (actual time=4120.700..10498.845 rows=13880733 loops=1)
  Hash Cond: (mk.movie_id = t.id)
  ->  Seq Scan on movie_keyword mk  (cost=0.00..69693.30 rows=4523930 width=4) (actual time=0.017..1410.551 rows=4523930 loops=1)
  ->  Hash  (cost=175339.80..175339.80 rows=762761 width=8) (actual time=4118.908..4118.908 rows=870536 loops=1)
        Buckets: 131072  Batches: 16  Memory Usage: 3181kB
        ->  Hash Join  (cost=94978.31..175339.80 rows=762761 width=8) (actual time=1951.824..3877.221 rows=870536 loops=1)
              Hash Cond: (mc.movie_id = t.id)
              ->  Seq Scan on movie_companies mc  (cost=0.00..51404.11 rows=1155954 width=4) (actual time=0.018..887.613 rows=1151886 loops=1)
                    Filter: (company_id < 9053)
                    Rows Removed by Filter: 1457243
              ->  Hash  (cost=67604.59..67604.59 rows=1668458 width=4) (actual time=1951.019..1951.019 rows=1671292 loops=1)
                    Buckets: 131072  Batches: 32  Memory Usage: 2858kB
                    ->  Seq Scan on title t  (cost=0.00..67604.59 rows=1668458 width=4) (actual time=0.031..1392.831 rows=1671292 loops=1)
                          Filter: (production_year < 2008)
                          Rows Removed by Filter: 857020
Planning time: 1.182 ms
Execution time: 11970.089 ms
