Hash Join  (cost=87053.47..1238614.66 rows=11463203 width=0) (actual time=1535.168..35381.829 rows=11748123 loops=1)
  Hash Cond: (ci.movie_id = t.id)
  ->  Seq Scan on cast_info ci  (cost=0.00..614943.12 rows=36225612 width=4) (actual time=0.018..12958.458 rows=36244344 loops=1)
  ->  Hash  (cost=73925.90..73925.90 rows=800125 width=4) (actual time=1534.155..1534.155 rows=713741 loops=1)
        Buckets: 131072  Batches: 16  Memory Usage: 2592kB
        ->  Seq Scan on title t  (cost=0.00..73925.90 rows=800125 width=4) (actual time=0.018..1308.373 rows=713741 loops=1)
              Filter: ((kind_id < 7) AND (production_year > 1972))
              Rows Removed by Filter: 1814571
Planning time: 0.591 ms
Execution time: 36766.336 ms
