Hash Join  (cost=798387.49..1186306.13 rows=475 width=0) (actual time=14573.156..22056.068 rows=767 loops=1)
  Hash Cond: (mi.movie_id = t.id)
  ->  Seq Scan on movie_info mi  (cost=0.00..346232.03 rows=11115165 width=4) (actual time=8.490..6124.245 rows=11210743 loops=1)
        Filter: (info_type_id > 3)
        Rows Removed by Filter: 3624977
  ->  Hash  (cost=798386.14..798386.14 rows=108 width=8) (actual time=14438.399..14438.399 rows=70 loops=1)
        Buckets: 1024  Batches: 1  Memory Usage: 11kB
        ->  Nested Loop  (cost=0.43..798386.14 rows=108 width=8) (actual time=8086.108..14438.336 rows=70 loops=1)
              ->  Seq Scan on cast_info ci  (cost=0.00..796071.18 rows=276 width=4) (actual time=8086.026..14433.736 rows=85 loops=1)
                    Filter: ((role_id < 3) AND (person_id = 1169980))
                    Rows Removed by Filter: 36244259
              ->  Index Scan using title_pkey on title t  (cost=0.43..8.38 rows=1 width=4) (actual time=0.053..0.053 rows=1 loops=85)
                    Index Cond: (id = ci.movie_id)
                    Filter: (kind_id < 7)
                    Rows Removed by Filter: 0
Planning time: 0.854 ms
Execution time: 22056.503 ms
