Hash Join  (cost=188692.67..323967.78 rows=1089407 width=0) (actual time=3951.454..8705.454 rows=5649438 loops=1)
  Hash Cond: (mk.movie_id = t.id)
  ->  Seq Scan on movie_keyword mk  (cost=0.00..69693.30 rows=4523930 width=4) (actual time=0.014..1449.791 rows=4523930 loops=1)
  ->  Hash  (cost=178702.50..178702.50 rows=608894 width=8) (actual time=3950.759..3950.759 rows=607408 loops=1)
        Buckets: 131072  Batches: 8  Memory Usage: 4009kB
        ->  Hash Join  (cost=102767.86..178702.50 rows=608894 width=8) (actual time=2006.868..3761.164 rows=607408 loops=1)
              Hash Cond: (mc.movie_id = t.id)
              ->  Seq Scan on movie_companies mc  (cost=0.00..51404.11 rows=608894 width=4) (actual time=0.028..831.243 rows=607408 loops=1)
                    Filter: (company_id < 708)
                    Rows Removed by Filter: 2001721
              ->  Hash  (cost=61283.27..61283.27 rows=2528527 width=4) (actual time=2005.213..2005.213 rows=2528312 loops=1)
                    Buckets: 131072  Batches: 64  Memory Usage: 2415kB
                    ->  Seq Scan on title t  (cost=0.00..61283.27 rows=2528527 width=4) (actual time=0.008..1166.533 rows=2528312 loops=1)
Planning time: 1.981 ms
Execution time: 9386.606 ms
