Seq Scan on movie_keyword mk  (cost=0.00..81003.12 rows=246 width=0) (actual time=71.446..1241.950 rows=25 loops=1)
  Filter: (keyword_id = 24110)
  Rows Removed by Filter: 4523905
Planning time: 0.421 ms
Execution time: 1242.067 ms
