Hash Join  (cost=114194.07..961515.59 rows=1007388 width=0) (actual time=2179.657..25053.406 rows=1344357 loops=1)
  Hash Cond: (ci.movie_id = t.id)
  ->  Seq Scan on cast_info ci  (cost=0.00..705507.15 rows=35130811 width=4) (actual time=0.024..13310.129 rows=35258435 loops=1)
        Filter: (person_id > 100798)
        Rows Removed by Filter: 985909
  ->  Hash  (cost=113287.74..113287.74 rows=72506 width=8) (actual time=2178.573..2178.573 rows=32289 loops=1)
        Buckets: 131072  Batches: 1  Memory Usage: 2286kB
        ->  Hash Join  (cost=80549.28..113287.74 rows=72506 width=8) (actual time=1429.519..2165.728 rows=32289 loops=1)
              Hash Cond: (mi_idx.movie_id = t.id)
              ->  Seq Scan on movie_info_idx mi_idx  (cost=0.00..25185.44 rows=454124 width=4) (actual time=0.017..505.502 rows=459925 loops=1)
                    Filter: (info_type_id = 100)
                    Rows Removed by Filter: 920110
              ->  Hash  (cost=73925.90..73925.90 rows=403710 width=4) (actual time=1360.706..1360.706 rows=434218 loops=1)
                    Buckets: 131072  Batches: 8  Memory Usage: 2935kB
                    ->  Seq Scan on title t  (cost=0.00..73925.90 rows=403710 width=4) (actual time=129.603..1221.268 rows=434218 loops=1)
                          Filter: ((production_year > 2008) AND (kind_id = 7))
                          Rows Removed by Filter: 2094094
Planning time: 1.291 ms
Execution time: 25227.542 ms
