Nested Loop  (cost=0.43..76076.56 rows=2303 width=0) (actual time=321.180..937.833 rows=3454 loops=1)
  ->  Seq Scan on movie_companies mc  (cost=0.00..57926.93 rows=2303 width=4) (actual time=321.106..873.829 rows=3454 loops=1)
        Filter: ((company_type_id < 2) AND (company_id = 475))
        Rows Removed by Filter: 2605675
  ->  Index Only Scan using title_pkey on title t  (cost=0.43..7.87 rows=1 width=4) (actual time=0.017..0.018 rows=1 loops=3454)
        Index Cond: (id = mc.movie_id)
        Heap Fetches: 3454
Planning time: 0.801 ms
Execution time: 938.832 ms
