Hash Join  (cost=864837.64..2919722.38 rows=45408848 width=211) (actual time=15917.895..63801.932 rows=20895495 loops=1)
  Hash Cond: (ci.movie_id = t.id)
  ->  Seq Scan on cast_info ci  (cost=0.00..614943.12 rows=36225612 width=42) (actual time=0.017..15289.319 rows=36244344 loops=1)
  ->  Hash  (cost=747837.73..747837.73 rows=3169512 width=169) (actual time=15915.415..15915.415 rows=722830 loops=1)
        Buckets: 32768  Batches: 256  Memory Usage: 635kB
        ->  Hash Join  (cost=98484.14..747837.73 rows=3169512 width=169) (actual time=3006.252..15444.198 rows=722830 loops=1)
              Hash Cond: (mi.movie_id = t.id)
              ->  Seq Scan on movie_info mi  (cost=0.00..346232.03 rows=8859586 width=75) (actual time=0.023..8192.859 rows=8966694 loops=1)
                    Filter: (info_type_id < 15)
                    Rows Removed by Filter: 5869026
              ->  Hash  (cost=73925.90..73925.90 rows=904579 width=94) (actual time=2033.022..2033.022 rows=992072 loops=1)
                    Buckets: 32768  Batches: 32  Memory Usage: 3789kB
                    ->  Seq Scan on title t  (cost=0.00..73925.90 rows=904579 width=94) (actual time=0.021..1647.063 rows=992072 loops=1)
                          Filter: ((production_year > 1998) AND (kind_id = 7))
                          Rows Removed by Filter: 1536240
Planning time: 1.379 ms
Execution time: 64952.803 ms
