Seq Scan on title t  (cost=0.00..67604.59 rows=7437 width=94) (actual time=0.007..923.904 rows=18391 loops=1)
  Filter: (production_year = 1985)
  Rows Removed by Filter: 2509921
Planning time: 0.718 ms
Execution time: 925.115 ms
