Seq Scan on cast_info ci  (cost=0.00..796071.18 rows=5863347 width=0) (actual time=0.025..14671.876 rows=7450612 loops=1)
  Filter: ((person_id > 682756) AND (role_id = 2))
  Rows Removed by Filter: 28793732
Planning time: 0.444 ms
Execution time: 15615.030 ms
