Seq Scan on title t  (cost=0.00..73925.90 rows=2905 width=0) (actual time=14.105..1120.745 rows=2651 loops=1)
  Filter: ((kind_id < 7) AND (production_year = 1949))
  Rows Removed by Filter: 2525661
Planning time: 0.424 ms
Execution time: 1121.648 ms
