Hash Join  (cost=74341.98..127885.84 rows=7257 width=0) (actual time=1294.137..2155.536 rows=12869 loops=1)
  Hash Cond: (mc.movie_id = t.id)
  ->  Seq Scan on movie_companies mc  (cost=0.00..51404.11 rows=551247 width=4) (actual time=223.724..935.767 rows=556036 loops=1)
        Filter: (company_id > 71738)
        Rows Removed by Filter: 2053093
  ->  Hash  (cost=73925.90..73925.90 rows=33286 width=4) (actual time=1069.994..1069.994 rows=28113 loops=1)
        Buckets: 65536  Batches: 1  Memory Usage: 1501kB
        ->  Seq Scan on title t  (cost=0.00..73925.90 rows=33286 width=4) (actual time=0.244..1058.623 rows=28113 loops=1)
              Filter: ((kind_id < 7) AND (production_year = 2004))
              Rows Removed by Filter: 2500199
Planning time: 0.774 ms
Execution time: 2157.851 ms
