Hash Join  (cost=77490.57..114892.89 rows=78626 width=0) (actual time=1070.606..1963.555 rows=27144 loops=1)
  Hash Cond: (mi_idx.movie_id = t.id)
  ->  Seq Scan on movie_info_idx mi_idx  (cost=0.00..25185.44 rows=915101 width=4) (actual time=0.012..514.229 rows=919850 loops=1)
        Filter: (info_type_id < 101)
        Rows Removed by Filter: 460185
  ->  Hash  (cost=73925.90..73925.90 rows=217253 width=4) (actual time=1067.138..1067.138 rows=112299 loops=1)
        Buckets: 131072  Batches: 4  Memory Usage: 2008kB
        ->  Seq Scan on title t  (cost=0.00..73925.90 rows=217253 width=4) (actual time=64.489..1029.316 rows=112299 loops=1)
              Filter: ((production_year < 1969) AND (kind_id = 7))
              Rows Removed by Filter: 2416013
Planning time: 0.814 ms
Execution time: 1966.763 ms
