Hash Join  (cost=58358.90..809155.38 rows=731 width=0) (actual time=876.950..16273.723 rows=17819 loops=1)
  Hash Cond: (ci.movie_id = t.id)
  ->  Seq Scan on cast_info ci  (cost=0.00..614943.12 rows=36225612 width=4) (actual time=0.018..8303.372 rows=36244344 loops=1)
  ->  Hash  (cost=58358.27..58358.27 rows=51 width=8) (actual time=876.825..876.825 rows=463 loops=1)
        Buckets: 1024  Batches: 1  Memory Usage: 27kB
        ->  Nested Loop  (cost=0.43..58358.27 rows=51 width=8) (actual time=0.225..876.493 rows=463 loops=1)
              ->  Seq Scan on movie_companies mc  (cost=0.00..57926.93 rows=51 width=4) (actual time=0.165..856.249 rows=463 loops=1)
                    Filter: ((company_id = 11427) AND (company_type_id = 1))
                    Rows Removed by Filter: 2608666
              ->  Index Only Scan using title_pkey on title t  (cost=0.43..8.45 rows=1 width=4) (actual time=0.042..0.042 rows=1 loops=463)
                    Index Cond: (id = mc.movie_id)
                    Heap Fetches: 463
Planning time: 1.164 ms
Execution time: 16278.730 ms
