Nested Loop  (cost=0.43..83071.67 rows=246 width=0) (actual time=0.359..1321.479 rows=1514 loops=1)
  ->  Seq Scan on movie_keyword mk  (cost=0.00..81003.12 rows=246 width=4) (actual time=0.305..1273.174 rows=1514 loops=1)
        Filter: (keyword_id = 7861)
        Rows Removed by Filter: 4522416
  ->  Index Only Scan using title_pkey on title t  (cost=0.43..8.40 rows=1 width=4) (actual time=0.030..0.031 rows=1 loops=1514)
        Index Cond: (id = mk.movie_id)
        Heap Fetches: 1514
Planning time: 0.732 ms
Execution time: 1322.080 ms
