Seq Scan on movie_keyword mk  (cost=0.00..81003.12 rows=12064 width=0) (actual time=1.486..1381.890 rows=13753 loops=1)
  Filter: (keyword_id = 121)
  Rows Removed by Filter: 4510177
Planning time: 0.361 ms
Execution time: 1384.671 ms
