Hash Join  (cost=75666.39..112280.72 rows=38543 width=0) (actual time=1243.938..2131.377 rows=17706 loops=1)
  Hash Cond: (mi_idx.movie_id = t.id)
  ->  Seq Scan on movie_info_idx mi_idx  (cost=0.00..25185.44 rows=919057 width=4) (actual time=0.021..568.614 rows=920110 loops=1)
        Filter: (info_type_id > 99)
        Rows Removed by Filter: 459925
  ->  Hash  (cost=73925.90..73925.90 rows=106039 width=4) (actual time=1242.944..1242.944 rows=113673 loops=1)
        Buckets: 131072  Batches: 2  Memory Usage: 3022kB
        ->  Seq Scan on title t  (cost=0.00..73925.90 rows=106039 width=4) (actual time=0.028..1197.649 rows=113673 loops=1)
              Filter: ((kind_id > 3) AND (production_year = 2011))
              Rows Removed by Filter: 2414639
Planning time: 0.797 ms
Execution time: 2133.992 ms
