Hash Join  (cost=71408.55..148279.06 rows=180442 width=0) (actual time=1235.975..3272.158 rows=106216 loops=1)
  Hash Cond: (mc.movie_id = t.id)
  ->  Seq Scan on movie_companies mc  (cost=0.00..51404.11 rows=1967993 width=4) (actual time=0.031..1114.462 rows=1962501 loops=1)
        Filter: (company_id < 55564)
        Rows Removed by Filter: 646628
  ->  Hash  (cost=67604.59..67604.59 rows=231837 width=4) (actual time=1235.056..1235.056 rows=231649 loops=1)
        Buckets: 131072  Batches: 4  Memory Usage: 3076kB
        ->  Seq Scan on title t  (cost=0.00..67604.59 rows=231837 width=4) (actual time=0.017..1154.197 rows=231649 loops=1)
              Filter: (production_year > 2011)
              Rows Removed by Filter: 2296663
Planning time: 2.463 ms
Execution time: 3286.390 ms
