Hash Join  (cost=102767.86..274497.16 rows=3359888 width=0) (actual time=1831.415..6341.458 rows=3344108 loops=1)
  Hash Cond: (mk.movie_id = t.id)
  ->  Seq Scan on movie_keyword mk  (cost=0.00..81003.12 rows=3359888 width=4) (actual time=0.025..1727.861 rows=3344108 loops=1)
        Filter: (keyword_id < 15816)
        Rows Removed by Filter: 1179822
  ->  Hash  (cost=61283.27..61283.27 rows=2528527 width=4) (actual time=1829.321..1829.321 rows=2528312 loops=1)
        Buckets: 131072  Batches: 64  Memory Usage: 2425kB
        ->  Seq Scan on title t  (cost=0.00..61283.27 rows=2528527 width=4) (actual time=0.011..986.757 rows=2528312 loops=1)
Planning time: 0.732 ms
Execution time: 6722.183 ms
