Hash Join  (cost=94967.85..189882.33 rows=7198 width=0) (actual time=1645.283..3024.006 rows=43325 loops=1)
  Hash Cond: (mk.movie_id = t.id)
  ->  Seq Scan on movie_keyword mk  (cost=0.00..81003.12 rows=3690500 width=4) (actual time=0.016..975.347 rows=3683921 loops=1)
        Filter: (keyword_id < 21870)
        Rows Removed by Filter: 840009
  ->  Hash  (cost=94906.20..94906.20 rows=4932 width=8) (actual time=1644.133..1644.133 rows=6559 loops=1)
        Buckets: 8192  Batches: 1  Memory Usage: 321kB
        ->  Hash Join  (cost=67942.77..94906.20 rows=4932 width=8) (actual time=1027.395..1641.074 rows=6559 loops=1)
              Hash Cond: (mi_idx.movie_id = t.id)
              ->  Seq Scan on movie_info_idx mi_idx  (cost=0.00..25185.44 rows=460978 width=4) (actual time=0.008..485.243 rows=459925 loops=1)
                    Filter: (info_type_id = 99)
                    Rows Removed by Filter: 920110
              ->  Hash  (cost=67604.59..67604.59 rows=27055 width=4) (actual time=1027.044..1027.044 rows=26775 loops=1)
                    Buckets: 32768  Batches: 1  Memory Usage: 1198kB
                    ->  Seq Scan on title t  (cost=0.00..67604.59 rows=27055 width=4) (actual time=0.017..1015.596 rows=26775 loops=1)
                          Filter: (production_year = 1993)
                          Rows Removed by Filter: 2501537
Planning time: 0.770 ms
Execution time: 3028.220 ms
