Seq Scan on movie_keyword mk  (cost=0.00..81003.12 rows=4153828 width=0) (actual time=0.023..1316.006 rows=4154910 loops=1)
  Filter: (keyword_id < 45768)
  Rows Removed by Filter: 369020
Planning time: 0.345 ms
Execution time: 1777.851 ms
