Hash Join  (cost=67612.84..122285.17 rows=681 width=0) (actual time=749.917..1966.825 rows=6325 loops=1)
  Hash Cond: (mc.movie_id = t.id)
  ->  Seq Scan on movie_companies mc  (cost=0.00..44881.29 rows=2609129 width=4) (actual time=0.012..675.382 rows=2609129 loops=1)
  ->  Hash  (cost=67604.59..67604.59 rows=660 width=4) (actual time=749.469..749.469 rows=3515 loops=1)
        Buckets: 4096 (originally 1024)  Batches: 1 (originally 1)  Memory Usage: 156kB
        ->  Seq Scan on title t  (cost=0.00..67604.59 rows=660 width=4) (actual time=0.017..747.775 rows=3515 loops=1)
              Filter: (production_year > 2013)
              Rows Removed by Filter: 2524797
Planning time: 0.795 ms
Execution time: 1968.223 ms
