Hash Join  (cost=101529.86..930070.65 rows=25384 width=0) (actual time=2493.296..17506.022 rows=43217 loops=1)
  Hash Cond: (ci.movie_id = t.id)
  ->  Seq Scan on cast_info ci  (cost=0.00..796071.18 rows=8590875 width=4) (actual time=802.374..13984.813 rows=11406521 loops=1)
        Filter: ((person_id > 1669724) AND (role_id > 2))
        Rows Removed by Filter: 24837823
  ->  Hash  (cost=101436.48..101436.48 rows=7471 width=8) (actual time=1689.296..1689.296 rows=2756 loops=1)
        Buckets: 8192  Batches: 1  Memory Usage: 172kB
        ->  Hash Join  (cost=74434.21..101436.48 rows=7471 width=8) (actual time=1084.399..1687.996 rows=2756 loops=1)
              Hash Cond: (mi_idx.movie_id = t.id)
              ->  Seq Scan on movie_info_idx mi_idx  (cost=0.00..25185.44 rows=464566 width=4) (actual time=0.030..470.507 rows=459925 loops=1)
                    Filter: (info_type_id = 101)
                    Rows Removed by Filter: 920110
              ->  Hash  (cost=73925.90..73925.90 rows=40664 width=4) (actual time=1083.984..1083.984 rows=40257 loops=1)
                    Buckets: 65536  Batches: 1  Memory Usage: 1928kB
                    ->  Seq Scan on title t  (cost=0.00..73925.90 rows=40664 width=4) (actual time=159.130..1066.686 rows=40257 loops=1)
                          Filter: ((production_year > 2012) AND (kind_id = 7))
                          Rows Removed by Filter: 2488055
Planning time: 1.220 ms
Execution time: 17513.865 ms
