Nested Loop  (cost=0.43..83071.67 rows=246 width=0) (actual time=2.321..1283.549 rows=447 loops=1)
  ->  Seq Scan on movie_keyword mk  (cost=0.00..81003.12 rows=246 width=4) (actual time=2.266..1265.171 rows=447 loops=1)
        Filter: (keyword_id = 16117)
        Rows Removed by Filter: 4523483
  ->  Index Only Scan using title_pkey on title t  (cost=0.43..8.40 rows=1 width=4) (actual time=0.039..0.039 rows=1 loops=447)
        Index Cond: (id = mk.movie_id)
        Heap Fetches: 447
Planning time: 0.588 ms
Execution time: 1283.816 ms
