Seq Scan on movie_companies mc  (cost=0.00..51404.11 rows=906920 width=0) (actual time=0.014..917.791 rows=915373 loops=1)
  Filter: (company_id > 20427)
  Rows Removed by Filter: 1693756
Planning time: 0.333 ms
Execution time: 1040.748 ms
