Hash Join  (cost=548504.09..1631443.34 rows=6748079 width=0) (actual time=12760.239..40072.627 rows=8692730 loops=1)
  Hash Cond: (ci.movie_id = t.id)
  ->  Seq Scan on cast_info ci  (cost=0.00..705507.15 rows=20024311 width=4) (actual time=0.011..15440.232 rows=20122661 loops=1)
        Filter: (role_id < 3)
        Rows Removed by Filter: 16121683
  ->  Hash  (cost=534523.85..534523.85 rows=852099 width=8) (actual time=12759.173..12759.173 rows=566417 loops=1)
        Buckets: 131072  Batches: 16  Memory Usage: 2364kB
        ->  Hash Join  (cost=71408.55..534523.85 rows=852099 width=8) (actual time=1444.316..12568.125 rows=566417 loops=1)
              Hash Cond: (mi.movie_id = t.id)
              ->  Seq Scan on movie_info mi  (cost=0.00..346232.03 rows=9293409 width=4) (actual time=69.817..6885.769 rows=9425200 loops=1)
                    Filter: (info_type_id > 5)
                    Rows Removed by Filter: 5410520
              ->  Hash  (cost=67604.59..67604.59 rows=231837 width=4) (actual time=1373.759..1373.759 rows=231649 loops=1)
                    Buckets: 131072  Batches: 4  Memory Usage: 3082kB
                    ->  Seq Scan on title t  (cost=0.00..67604.59 rows=231837 width=4) (actual time=0.014..1107.444 rows=231649 loops=1)
                          Filter: (production_year > 2011)
                          Rows Removed by Filter: 2296663
Planning time: 0.852 ms
Execution time: 41016.117 ms
