Hash Join  (cost=895383.56..1512309.65 rows=11124126 width=0) (actual time=15619.919..37540.828 rows=23697811 loops=1)
  Hash Cond: (mi.movie_id = t.id)
  ->  Seq Scan on movie_info mi  (cost=0.00..309384.22 rows=14739122 width=4) (actual time=0.012..6173.302 rows=14835720 loops=1)
  ->  Hash  (cost=864073.97..864073.97 rows=1908367 width=8) (actual time=15618.967..15618.967 rows=1849794 loops=1)
        Buckets: 131072  Batches: 32  Memory Usage: 3306kB
        ->  Hash Join  (cost=102767.86..864073.97 rows=1908367 width=8) (actual time=2561.873..15117.818 rows=1849794 loops=1)
              Hash Cond: (ci.movie_id = t.id)
              ->  Seq Scan on cast_info ci  (cost=0.00..705507.15 rows=1908367 width=4) (actual time=711.579..11405.357 rows=1849794 loops=1)
                    Filter: (person_id < 182419)
                    Rows Removed by Filter: 34394550
              ->  Hash  (cost=61283.27..61283.27 rows=2528527 width=4) (actual time=1848.919..1848.919 rows=2528312 loops=1)
                    Buckets: 131072  Batches: 64  Memory Usage: 2415kB
                    ->  Seq Scan on title t  (cost=0.00..61283.27 rows=2528527 width=4) (actual time=0.018..1006.870 rows=2528312 loops=1)
Planning time: 1.127 ms
Execution time: 40235.875 ms
