Seq Scan on cast_info ci  (cost=0.00..796071.18 rows=8042412 width=0) (actual time=3507.500..12827.258 rows=3417869 loops=1)
  Filter: ((person_id < 1213975) AND (role_id > 1))
  Rows Removed by Filter: 32826475
Planning time: 0.388 ms
Execution time: 13242.096 ms
