Hash Join  (cost=67697.55..123937.48 rows=3763 width=0) (actual time=1096.234..2238.849 rows=9189 loops=1)
  Hash Cond: (mc.movie_id = t.id)
  ->  Seq Scan on movie_companies mc  (cost=0.00..51404.11 rows=1279517 width=4) (actual time=0.023..888.464 rows=1274246 loops=1)
        Filter: (company_type_id < 2)
        Rows Removed by Filter: 1334883
  ->  Hash  (cost=67604.59..67604.59 rows=7437 width=4) (actual time=1095.818..1095.818 rows=14779 loops=1)
        Buckets: 16384 (originally 8192)  Batches: 1 (originally 1)  Memory Usage: 648kB
        ->  Seq Scan on title t  (cost=0.00..67604.59 rows=7437 width=4) (actual time=0.167..1088.461 rows=14779 loops=1)
              Filter: (production_year = 1980)
              Rows Removed by Filter: 2513533
Planning time: 3.439 ms
Execution time: 2240.542 ms
