Hash Join  (cost=204003.97..285108.29 rows=439179 width=0) (actual time=4141.594..7239.331 rows=3984506 loops=1)
  Hash Cond: (mc.movie_id = t.id)
  ->  Seq Scan on movie_companies mc  (cost=0.00..44881.29 rows=2609129 width=4) (actual time=0.010..955.676 rows=2609129 loops=1)
  ->  Hash  (cost=197020.82..197020.82 rows=425612 width=8) (actual time=4140.798..4140.798 rows=491790 loops=1)
        Buckets: 131072  Batches: 8  Memory Usage: 3470kB
        ->  Hash Join  (cost=97066.09..197020.82 rows=425612 width=8) (actual time=1919.514..4002.956 rows=491790 loops=1)
              Hash Cond: (mk.movie_id = t.id)
              ->  Seq Scan on movie_keyword mk  (cost=0.00..81003.12 rows=599298 width=4) (actual time=0.009..1340.710 rows=600663 loops=1)
                    Filter: (keyword_id > 30621)
                    Rows Removed by Filter: 3923267
              ->  Hash  (cost=67604.59..67604.59 rows=1795720 width=4) (actual time=1918.423..1918.423 rows=1794153 loops=1)
                    Buckets: 131072  Batches: 32  Memory Usage: 3001kB
                    ->  Seq Scan on title t  (cost=0.00..67604.59 rows=1795720 width=4) (actual time=0.022..1297.761 rows=1794153 loops=1)
                          Filter: (production_year < 2009)
                          Rows Removed by Filter: 734159
Planning time: 1.097 ms
Execution time: 7695.538 ms
