Hash Join  (cost=842372.82..2284996.33 rows=38692135 width=0) (actual time=21586.155..56298.238 rows=50989621 loops=1)
  Hash Cond: (ci.movie_id = t.id)
  ->  Seq Scan on cast_info ci  (cost=0.00..796071.18 rows=10324071 width=4) (actual time=0.016..15966.291 rows=6464453 loops=1)
        Filter: ((person_id < 3085592) AND (role_id > 3))
        Rows Removed by Filter: 29779891
  ->  Hash  (cost=686901.94..686901.94 rows=9476311 width=8) (actual time=21584.650..21584.650 rows=9565151 loops=1)
        Buckets: 131072  Batches: 128  Memory Usage: 3919kB
        ->  Hash Join  (cost=102767.86..686901.94 rows=9476311 width=8) (actual time=2676.951..18309.080 rows=9565151 loops=1)
              Hash Cond: (mi.movie_id = t.id)
              ->  Seq Scan on movie_info mi  (cost=0.00..346232.03 rows=9476311 width=4) (actual time=389.042..7003.270 rows=9565151 loops=1)
                    Filter: (info_type_id < 16)
                    Rows Removed by Filter: 5270569
              ->  Hash  (cost=61283.27..61283.27 rows=2528527 width=4) (actual time=2287.076..2287.076 rows=2528312 loops=1)
                    Buckets: 131072  Batches: 64  Memory Usage: 2425kB
                    ->  Seq Scan on title t  (cost=0.00..61283.27 rows=2528527 width=4) (actual time=0.030..1047.514 rows=2528312 loops=1)
Planning time: 1.248 ms
Execution time: 62101.265 ms
