Hash Join  (cost=83074.55..110003.82 rows=33 width=0) (actual time=1341.636..1864.352 rows=28 loops=1)
  Hash Cond: (mi_idx.movie_id = t.id)
  ->  Seq Scan on movie_info_idx mi_idx  (cost=0.00..25185.44 rows=464934 width=4) (actual time=0.024..481.190 rows=460185 loops=1)
        Filter: (info_type_id > 100)
        Rows Removed by Filter: 919850
  ->  Hash  (cost=83072.29..83072.29 rows=181 width=8) (actual time=1320.446..1320.446 rows=35 loops=1)
        Buckets: 1024  Batches: 1  Memory Usage: 10kB
        ->  Nested Loop  (cost=0.43..83072.29 rows=181 width=8) (actual time=9.395..1320.382 rows=35 loops=1)
              ->  Seq Scan on movie_keyword mk  (cost=0.00..81003.12 rows=246 width=4) (actual time=9.341..1291.740 rows=407 loops=1)
                    Filter: (keyword_id = 3994)
                    Rows Removed by Filter: 4523523
              ->  Index Scan using title_pkey on title t  (cost=0.43..8.40 rows=1 width=4) (actual time=0.068..0.068 rows=0 loops=407)
                    Index Cond: (id = mk.movie_id)
                    Filter: (kind_id > 1)
                    Rows Removed by Filter: 1
Planning time: 1.260 ms
Execution time: 1864.518 ms
