Hash Join  (cost=709677.75..806442.50 rows=611 width=0) (actual time=11712.795..13433.828 rows=26 loops=1)
  Hash Cond: (mk.movie_id = t.id)
  ->  Seq Scan on movie_keyword mk  (cost=0.00..81003.12 rows=4201471 width=4) (actual time=0.023..1536.620 rows=4180076 loops=1)
        Filter: (keyword_id > 283)
        Rows Removed by Filter: 343854
  ->  Hash  (cost=709673.15..709673.15 rows=368 width=8) (actual time=11312.465..11312.465 rows=94 loops=1)
        Buckets: 1024  Batches: 1  Memory Usage: 12kB
        ->  Nested Loop  (cost=0.43..709673.15 rows=368 width=8) (actual time=7026.558..11312.381 rows=94 loops=1)
              ->  Seq Scan on cast_info ci  (cost=0.00..705507.15 rows=500 width=4) (actual time=7026.411..11310.360 rows=95 loops=1)
                    Filter: (person_id = 1686554)
                    Rows Removed by Filter: 36244249
              ->  Index Scan using title_pkey on title t  (cost=0.43..8.32 rows=1 width=4) (actual time=0.019..0.020 rows=1 loops=95)
                    Index Cond: (id = ci.movie_id)
                    Filter: (kind_id > 1)
                    Rows Removed by Filter: 0
Planning time: 1.275 ms
Execution time: 13433.971 ms
