Hash Join  (cost=70716.09..1132429.53 rows=2716928 width=0) (actual time=1031.870..29839.987 rows=1769641 loops=1)
  Hash Cond: (ci.movie_id = t.id)
  ->  Seq Scan on cast_info ci  (cost=0.00..614943.12 rows=36225612 width=4) (actual time=0.015..13188.571 rows=36244344 loops=1)
  ->  Hash  (cost=67604.59..67604.59 rows=189640 width=4) (actual time=1030.884..1030.884 rows=187790 loops=1)
        Buckets: 131072  Batches: 4  Memory Usage: 2673kB
        ->  Seq Scan on title t  (cost=0.00..67604.59 rows=189640 width=4) (actual time=0.020..968.151 rows=187790 loops=1)
              Filter: (production_year < 1954)
              Rows Removed by Filter: 2340522
Planning time: 0.823 ms
Execution time: 30060.151 ms
