Hash Join  (cost=140019.00..254782.40 rows=96199 width=0) (actual time=2810.013..5460.769 rows=140584 loops=1)
  Hash Cond: (mk.movie_id = t.id)
  ->  Seq Scan on movie_keyword mk  (cost=0.00..81003.12 rows=2807276 width=4) (actual time=0.025..1625.693 rows=2801702 loops=1)
        Filter: (keyword_id > 2762)
        Rows Removed by Filter: 1722228
  ->  Hash  (cost=138596.91..138596.91 rows=86647 width=8) (actual time=2809.039..2809.039 rows=68676 loops=1)
        Buckets: 131072  Batches: 2  Memory Usage: 2368kB
        ->  Hash Join  (cost=70308.29..138596.91 rows=86647 width=8) (actual time=1199.536..2787.477 rows=68676 loops=1)
              Hash Cond: (mc.movie_id = t.id)
              ->  Seq Scan on movie_companies mc  (cost=0.00..51404.11 rows=1329612 width=4) (actual time=19.608..1067.699 rows=1334883 loops=1)
                    Filter: (company_type_id > 1)
                    Rows Removed by Filter: 1274246
              ->  Hash  (cost=67604.59..67604.59 rows=164776 width=4) (actual time=1179.060..1179.060 rows=164307 loops=1)
                    Buckets: 131072  Batches: 4  Memory Usage: 2482kB
                    ->  Seq Scan on title t  (cost=0.00..67604.59 rows=164776 width=4) (actual time=0.025..1122.325 rows=164307 loops=1)
                          Filter: (production_year = 2012)
                          Rows Removed by Filter: 2364005
Planning time: 1.162 ms
Execution time: 5481.963 ms
