Nested Loop  (cost=0.43..83071.67 rows=246 width=0) (actual time=0.649..1301.534 rows=2113 loops=1)
  ->  Seq Scan on movie_keyword mk  (cost=0.00..81003.12 rows=246 width=4) (actual time=0.591..1224.158 rows=2113 loops=1)
        Filter: (keyword_id = 2109)
        Rows Removed by Filter: 4521817
  ->  Index Only Scan using title_pkey on title t  (cost=0.43..8.40 rows=1 width=4) (actual time=0.035..0.036 rows=1 loops=2113)
        Index Cond: (id = mk.movie_id)
        Heap Fetches: 2113
Planning time: 0.679 ms
Execution time: 1302.285 ms
