Seq Scan on movie_keyword mk  (cost=0.00..81003.12 rows=3739181 width=0) (actual time=0.018..1618.295 rows=3732545 loops=1)
  Filter: (keyword_id < 23660)
  Rows Removed by Filter: 791385
Planning time: 0.780 ms
Execution time: 2064.646 ms
