Hash Join  (cost=87977.22..207051.94 rows=786728 width=0) (actual time=1493.125..4690.961 rows=1636259 loops=1)
  Hash Cond: (mk.movie_id = t.id)
  ->  Seq Scan on movie_keyword mk  (cost=0.00..81003.12 rows=2322751 width=4) (actual time=0.024..1642.846 rows=2324739 loops=1)
        Filter: (keyword_id < 5083)
        Rows Removed by Filter: 2199191
  ->  Hash  (cost=73925.90..73925.90 rows=856425 width=4) (actual time=1492.088..1492.088 rows=769954 loops=1)
        Buckets: 131072  Batches: 16  Memory Usage: 2727kB
        ->  Seq Scan on title t  (cost=0.00..73925.90 rows=856425 width=4) (actual time=0.014..1233.046 rows=769954 loops=1)
              Filter: ((kind_id < 7) AND (production_year > 1962))
              Rows Removed by Filter: 1758358
Planning time: 0.819 ms
Execution time: 4875.092 ms
