Hash Join  (cost=192678.76..326587.62 rows=977282 width=0) (actual time=4492.252..11290.188 rows=14483952 loops=1)
  Hash Cond: (mk.movie_id = t.id)
  ->  Seq Scan on movie_keyword mk  (cost=0.00..69693.30 rows=4523930 width=4) (actual time=0.023..1379.088 rows=4523930 loops=1)
  ->  Hash  (cost=183716.95..183716.95 rows=546225 width=8) (actual time=4491.146..4491.146 rows=756570 loops=1)
        Buckets: 131072 (originally 131072)  Batches: 16 (originally 8)  Memory Usage: 3073kB
        ->  Hash Join  (cost=102767.86..183716.95 rows=546225 width=8) (actual time=2183.032..4234.436 rows=756570 loops=1)
              Hash Cond: (mc.movie_id = t.id)
              ->  Seq Scan on movie_companies mc  (cost=0.00..57926.93 rows=546225 width=4) (actual time=61.224..1007.600 rows=756570 loops=1)
                    Filter: ((company_id < 7767) AND (company_type_id = 1))
                    Rows Removed by Filter: 1852559
              ->  Hash  (cost=61283.27..61283.27 rows=2528527 width=4) (actual time=2120.456..2120.456 rows=2528312 loops=1)
                    Buckets: 131072  Batches: 64  Memory Usage: 2415kB
                    ->  Seq Scan on title t  (cost=0.00..61283.27 rows=2528527 width=4) (actual time=0.022..1221.459 rows=2528312 loops=1)
Planning time: 5.901 ms
Execution time: 12896.705 ms
