Seq Scan on movie_keyword mk  (cost=0.00..81003.12 rows=3216007 width=0) (actual time=0.032..1508.963 rows=3207040 loops=1)
  Filter: (keyword_id > 1725)
  Rows Removed by Filter: 1316890
Planning time: 0.351 ms
Execution time: 1914.790 ms
