Seq Scan on movie_keyword mk  (cost=0.00..81003.12 rows=3925439 width=0) (actual time=0.025..1599.984 rows=3924969 loops=1)
  Filter: (keyword_id < 30667)
  Rows Removed by Filter: 598961
Planning time: 0.319 ms
Execution time: 2098.853 ms
