Seq Scan on cast_info ci  (cost=0.00..796071.18 rows=817091 width=0) (actual time=187.871..11507.015 rows=783367 loops=1)
  Filter: ((person_id < 85956) AND (role_id < 10))
  Rows Removed by Filter: 35460977
Planning time: 0.415 ms
Execution time: 11606.786 ms
