Seq Scan on movie_keyword mk  (cost=0.00..81003.12 rows=682412 width=0) (actual time=0.016..1343.630 rows=688480 loops=1)
  Filter: (keyword_id > 27349)
  Rows Removed by Filter: 3835450
Planning time: 0.270 ms
Execution time: 1430.804 ms
