Hash Join  (cost=103175.28..159432.51 rows=5492 width=0) (actual time=2508.655..3037.073 rows=31718 loops=1)
  Hash Cond: (mc.movie_id = t.id)
  ->  Seq Scan on movie_companies mc  (cost=0.00..51404.11 rows=1279517 width=4) (actual time=409.224..941.228 rows=1274246 loops=1)
        Filter: (company_type_id = 1)
        Rows Removed by Filter: 1334883
  ->  Hash  (cost=103039.61..103039.61 rows=10854 width=8) (actual time=1847.220..1847.220 rows=14669 loops=1)
        Buckets: 16384  Batches: 1  Memory Usage: 702kB
        ->  Hash Join  (cost=74299.17..103039.61 rows=10854 width=8) (actual time=1140.585..1841.690 rows=14669 loops=1)
              Hash Cond: (mi_idx.movie_id = t.id)
              ->  Seq Scan on movie_info_idx mi_idx  (cost=0.00..25185.44 rows=919057 width=4) (actual time=0.039..509.812 rows=920110 loops=1)
                    Filter: (info_type_id > 99)
                    Rows Removed by Filter: 459925
              ->  Hash  (cost=73925.90..73925.90 rows=29861 width=4) (actual time=1140.100..1140.100 rows=17772 loops=1)
                    Buckets: 32768  Batches: 1  Memory Usage: 881kB
                    ->  Seq Scan on title t  (cost=0.00..73925.90 rows=29861 width=4) (actual time=418.561..1132.821 rows=17772 loops=1)
                          Filter: ((kind_id < 2) AND (production_year = 2007))
                          Rows Removed by Filter: 2510540
Planning time: 1.214 ms
Execution time: 3041.537 ms
