Seq Scan on movie_companies mc  (cost=0.00..57926.93 rows=897463 width=0) (actual time=15.833..1031.232 rows=734070 loops=1)
  Filter: ((company_id > 1625) AND (company_type_id = 1))
  Rows Removed by Filter: 1875059
Planning time: 0.287 ms
Execution time: 1124.185 ms
