Hash Join  (cost=190230.21..312159.88 rows=1139455 width=0) (actual time=4351.886..8019.933 rows=4730403 loops=1)
  Hash Cond: (mk.movie_id = t.id)
  ->  Seq Scan on movie_keyword mk  (cost=0.00..81003.12 rows=2087731 width=4) (actual time=0.025..1655.970 rows=2095975 loops=1)
        Filter: (keyword_id < 3764)
        Rows Removed by Filter: 2427955
  ->  Hash  (cost=167588.78..167588.78 rows=1380035 width=8) (actual time=4349.924..4349.924 rows=1380035 loops=1)
        Buckets: 131072  Batches: 32  Memory Usage: 2726kB
        ->  Hash Join  (cost=102767.86..167588.78 rows=1380035 width=8) (actual time=1967.318..3935.204 rows=1380035 loops=1)
              Hash Cond: (mi_idx.movie_id = t.id)
              ->  Seq Scan on movie_info_idx mi_idx  (cost=0.00..21735.35 rows=1380035 width=4) (actual time=0.014..450.561 rows=1380035 loops=1)
              ->  Hash  (cost=61283.27..61283.27 rows=2528527 width=4) (actual time=1965.270..1965.270 rows=2528312 loops=1)
                    Buckets: 131072  Batches: 64  Memory Usage: 2415kB
                    ->  Seq Scan on title t  (cost=0.00..61283.27 rows=2528527 width=4) (actual time=0.013..1103.636 rows=2528312 loops=1)
Planning time: 0.972 ms
Execution time: 8465.513 ms
