Hash Join  (cost=217858.32..1051323.37 rows=3837746 width=0) (actual time=6494.644..24333.649 rows=5663443 loops=1)
  Hash Cond: (ci.movie_id = t.id)
  ->  Seq Scan on cast_info ci  (cost=0.00..705507.15 rows=7298253 width=4) (actual time=1362.379..13630.159 rows=7451973 loops=1)
        Filter: (role_id = 2)
        Rows Removed by Filter: 28792371
  ->  Hash  (cost=196044.17..196044.17 rows=1329612 width=8) (actual time=5131.160..5131.160 rows=1334883 loops=1)
        Buckets: 131072  Batches: 32  Memory Usage: 2639kB
        ->  Hash Join  (cost=102767.86..196044.17 rows=1329612 width=8) (actual time=1881.445..4763.716 rows=1334883 loops=1)
              Hash Cond: (mc.movie_id = t.id)
              ->  Seq Scan on movie_companies mc  (cost=0.00..51404.11 rows=1329612 width=4) (actual time=0.033..1075.389 rows=1334883 loops=1)
                    Filter: (company_type_id = 2)
                    Rows Removed by Filter: 1274246
              ->  Hash  (cost=61283.27..61283.27 rows=2528527 width=4) (actual time=1879.769..1879.769 rows=2528312 loops=1)
                    Buckets: 131072  Batches: 64  Memory Usage: 2415kB
                    ->  Seq Scan on title t  (cost=0.00..61283.27 rows=2528527 width=4) (actual time=0.018..1071.506 rows=2528312 loops=1)
Planning time: 1.174 ms
Execution time: 25015.016 ms
