Seq Scan on cast_info ci  (cost=0.00..705507.15 rows=22309623 width=0) (actual time=678.965..13083.542 rows=22347862 loops=1)
  Filter: (person_id > 1369086)
  Rows Removed by Filter: 13896482
Planning time: 0.367 ms
Execution time: 15878.948 ms
