Seq Scan on movie_keyword mk  (cost=0.00..81003.12 rows=246 width=0) (actual time=4.919..1270.370 rows=665 loops=1)
  Filter: (keyword_id = 10111)
  Rows Removed by Filter: 4523265
Planning time: 0.367 ms
Execution time: 1270.738 ms
