Nested Loop  (cost=0.43..86052.72 rows=3711 width=0) (actual time=3.694..547.116 rows=96 loops=1)
  ->  Seq Scan on movie_companies mc  (cost=0.00..57926.93 rows=3711 width=4) (actual time=3.617..544.720 rows=96 loops=1)
        Filter: ((company_type_id < 2) AND (company_id = 596))
        Rows Removed by Filter: 2609033
  ->  Index Only Scan using title_pkey on title t  (cost=0.43..7.57 rows=1 width=4) (actual time=0.023..0.024 rows=1 loops=96)
        Index Cond: (id = mc.movie_id)
        Heap Fetches: 96
Planning time: 0.840 ms
Execution time: 547.230 ms
