Hash Join  (cost=67697.55..148855.70 rows=121 width=0) (actual time=1120.763..2283.934 rows=450 loops=1)
  Hash Cond: (mk.movie_id = t.id)
  ->  Seq Scan on movie_keyword mk  (cost=0.00..81003.12 rows=41017 width=4) (actual time=0.289..1162.336 rows=41840 loops=1)
        Filter: (keyword_id = 117)
        Rows Removed by Filter: 4482090
  ->  Hash  (cost=67604.59..67604.59 rows=7437 width=4) (actual time=1106.202..1106.202 rows=19861 loops=1)
        Buckets: 32768 (originally 8192)  Batches: 1 (originally 1)  Memory Usage: 955kB
        ->  Seq Scan on title t  (cost=0.00..67604.59 rows=7437 width=4) (actual time=0.019..1093.774 rows=19861 loops=1)
              Filter: (production_year = 1988)
              Rows Removed by Filter: 2508451
Planning time: 2.174 ms
Execution time: 2284.349 ms
