Seq Scan on movie_companies mc  (cost=0.00..57926.93 rows=418067 width=0) (actual time=0.022..934.126 rows=234346 loops=1)
  Filter: ((company_id < 1886) AND (company_type_id > 1))
  Rows Removed by Filter: 2374783
Planning time: 0.387 ms
Execution time: 963.738 ms
