Hash Join  (cost=52284.46..902961.75 rows=236 width=0) (actual time=5989.040..18755.268 rows=89 loops=1)
  Hash Cond: (ci.movie_id = t.id)
  ->  Seq Scan on cast_info ci  (cost=0.00..796071.18 rows=14561000 width=4) (actual time=5309.798..16438.470 rows=12429311 loops=1)
        Filter: ((person_id < 3391005) AND (role_id > 2))
        Rows Removed by Filter: 23815033
  ->  Hash  (cost=52283.95..52283.95 rows=41 width=8) (actual time=637.386..637.386 rows=5 loops=1)
        Buckets: 1024  Batches: 1  Memory Usage: 9kB
        ->  Nested Loop  (cost=0.43..52283.95 rows=41 width=8) (actual time=399.672..637.367 rows=5 loops=1)
              ->  Seq Scan on movie_companies mc  (cost=0.00..51404.11 rows=104 width=4) (actual time=399.610..637.086 rows=5 loops=1)
                    Filter: (company_id = 18992)
                    Rows Removed by Filter: 2609124
              ->  Index Scan using title_pkey on title t  (cost=0.43..8.45 rows=1 width=4) (actual time=0.046..0.047 rows=1 loops=5)
                    Index Cond: (id = mc.movie_id)
                    Filter: (kind_id < 7)
Planning time: 1.261 ms
Execution time: 18755.507 ms
