Hash Join  (cost=134294.00..261961.38 rows=464934 width=0) (actual time=3008.574..6933.210 rows=2610974 loops=1)
  Hash Cond: (mk.movie_id = t.id)
  ->  Seq Scan on movie_keyword mk  (cost=0.00..69693.30 rows=4523930 width=4) (actual time=0.021..1429.250 rows=4523930 loops=1)
  ->  Hash  (cost=130029.72..130029.72 rows=259862 width=8) (actual time=3007.417..3007.417 rows=316298 loops=1)
        Buckets: 131072 (originally 131072)  Batches: 8 (originally 4)  Memory Usage: 3073kB
        ->  Hash Join  (cost=91342.70..130029.72 rows=259862 width=8) (actual time=1738.578..2895.586 rows=316298 loops=1)
              Hash Cond: (mi_idx.movie_id = t.id)
              ->  Seq Scan on movie_info_idx mi_idx  (cost=0.00..25185.44 rows=454124 width=4) (actual time=0.023..508.196 rows=459925 loops=1)
                    Filter: (info_type_id = 100)
                    Rows Removed by Filter: 920110
              ->  Hash  (cost=67604.59..67604.59 rows=1446889 width=4) (actual time=1737.438..1737.438 rows=1443298 loops=1)
                    Buckets: 131072  Batches: 32  Memory Usage: 2608kB
                    ->  Seq Scan on title t  (cost=0.00..67604.59 rows=1446889 width=4) (actual time=0.021..1277.658 rows=1443298 loops=1)
                          Filter: (production_year < 2006)
                          Rows Removed by Filter: 1085014
Planning time: 1.161 ms
Execution time: 7241.133 ms
