Hash Join  (cost=166469.72..253397.20 rows=861595 width=0) (actual time=3787.777..6478.310 rows=1586823 loops=1)
  Hash Cond: (mc.movie_id = t.id)
  ->  Seq Scan on movie_companies mc  (cost=0.00..44881.29 rows=2609129 width=4) (actual time=0.015..921.454 rows=2609129 loops=1)
  ->  Hash  (cost=152770.50..152770.50 rows=834978 width=8) (actual time=3786.399..3786.399 rows=688545 loops=1)
        Buckets: 131072  Batches: 16  Memory Usage: 2719kB
        ->  Hash Join  (cost=99026.19..152770.50 rows=834978 width=8) (actual time=2066.753..3596.902 rows=688545 loops=1)
              Hash Cond: (mi_idx.movie_id = t.id)
              ->  Seq Scan on movie_info_idx mi_idx  (cost=0.00..21735.35 rows=1380035 width=4) (actual time=0.028..411.944 rows=1380035 loops=1)
              ->  Hash  (cost=73925.90..73925.90 rows=1529863 width=4) (actual time=2065.671..2065.671 rows=1649539 loops=1)
                    Buckets: 131072  Batches: 32  Memory Usage: 2844kB
                    ->  Seq Scan on title t  (cost=0.00..73925.90 rows=1529863 width=4) (actual time=0.016..1531.242 rows=1649539 loops=1)
                          Filter: ((kind_id > 1) AND (production_year > 1970))
                          Rows Removed by Filter: 878773
Planning time: 1.186 ms
Execution time: 6686.553 ms
