Nested Loop  (cost=0.43..709673.15 rows=154 width=0) (actual time=1102.905..11023.392 rows=558 loops=1)
  ->  Seq Scan on cast_info ci  (cost=0.00..705507.15 rows=500 width=4) (actual time=1102.800..10984.719 rows=3229 loops=1)
        Filter: (person_id = 768549)
        Rows Removed by Filter: 36241115
  ->  Index Scan using title_pkey on title t  (cost=0.43..8.32 rows=1 width=4) (actual time=0.011..0.012 rows=0 loops=3229)
        Index Cond: (id = ci.movie_id)
        Filter: (production_year < 1994)
        Rows Removed by Filter: 1
Planning time: 0.616 ms
Execution time: 11023.599 ms
