Hash Join  (cost=76690.42..935433.52 rows=963523 width=0) (actual time=3176.320..19867.706 rows=1290109 loops=1)
  Hash Cond: (ci.movie_id = t.id)
  ->  Seq Scan on cast_info ci  (cost=0.00..796071.18 rows=4399650 width=4) (actual time=1903.868..14764.908 rows=7449340 loops=1)
        Filter: ((person_id > 1409765) AND (role_id = 2))
        Rows Removed by Filter: 28795004
  ->  Hash  (cost=67604.59..67604.59 rows=553747 width=4) (actual time=1271.584..1271.584 rows=552960 loops=1)
        Buckets: 131072  Batches: 8  Memory Usage: 3445kB
        ->  Seq Scan on title t  (cost=0.00..67604.59 rows=553747 width=4) (actual time=0.034..1087.219 rows=552960 loops=1)
              Filter: (production_year < 1983)
              Rows Removed by Filter: 1975352
Planning time: 1.342 ms
Execution time: 20020.791 ms
