Seq Scan on movie_companies mc  (cost=0.00..57926.93 rows=53 width=0) (actual time=151.678..868.963 rows=3 loops=1)
  Filter: ((company_type_id > 1) AND (company_id = 172496))
  Rows Removed by Filter: 2609126
Planning time: 0.452 ms
Execution time: 869.065 ms
