Nested Loop  (cost=25190.47..107415.87 rows=1 width=0) (actual time=348.290..1263.867 rows=40 loops=1)
  Join Filter: (mi_idx.movie_id = t.id)
  ->  Hash Join  (cost=25190.04..107380.76 rows=5 width=8) (actual time=348.235..1262.496 rows=40 loops=1)
        Hash Cond: (mk.movie_id = mi_idx.movie_id)
        ->  Seq Scan on movie_keyword mk  (cost=0.00..81003.12 rows=6786 width=4) (actual time=0.051..915.099 rows=5392 loops=1)
              Filter: (keyword_id = 460)
              Rows Removed by Filter: 4518538
        ->  Hash  (cost=25185.44..25185.44 rows=368 width=4) (actual time=345.633..345.633 rows=260 loops=1)
              Buckets: 1024  Batches: 1  Memory Usage: 18kB
              ->  Seq Scan on movie_info_idx mi_idx  (cost=0.00..25185.44 rows=368 width=4) (actual time=145.933..345.542 rows=260 loops=1)
                    Filter: (info_type_id > 101)
                    Rows Removed by Filter: 1379775
  ->  Index Scan using title_pkey on title t  (cost=0.43..7.01 rows=1 width=4) (actual time=0.029..0.030 rows=1 loops=40)
        Index Cond: (id = mk.movie_id)
        Filter: (kind_id < 7)
Planning time: 0.919 ms
Execution time: 1264.065 ms
