Hash Join  (cost=809862.66..3482356.39 rows=124255545 width=0) (actual time=18828.684..106786.603 rows=189934730 loops=1)
  Hash Cond: (ci.movie_id = t.id)
  ->  Seq Scan on cast_info ci  (cost=0.00..614943.12 rows=36225612 width=4) (actual time=0.025..13518.386 rows=36244344 loops=1)
  ->  Hash  (cost=667571.58..667571.58 rows=8672966 width=8) (actual time=18826.500..18826.500 rows=8770496 loops=1)
        Buckets: 131072  Batches: 128  Memory Usage: 3692kB
        ->  Hash Join  (cost=102767.86..667571.58 rows=8672966 width=8) (actual time=2194.786..16407.658 rows=8770496 loops=1)
              Hash Cond: (mi.movie_id = t.id)
              ->  Seq Scan on movie_info mi  (cost=0.00..346232.03 rows=8672966 width=4) (actual time=31.192..6668.883 rows=8770496 loops=1)
                    Filter: (info_type_id < 12)
                    Rows Removed by Filter: 6065224
              ->  Hash  (cost=61283.27..61283.27 rows=2528527 width=4) (actual time=2162.561..2162.561 rows=2528312 loops=1)
                    Buckets: 131072  Batches: 64  Memory Usage: 2425kB
                    ->  Seq Scan on title t  (cost=0.00..61283.27 rows=2528527 width=4) (actual time=0.017..1017.403 rows=2528312 loops=1)
Planning time: 1.148 ms
Execution time: 128340.403 ms
