Seq Scan on cast_info ci  (cost=0.00..796071.18 rows=1673222 width=0) (actual time=4728.346..13313.973 rows=2524331 loops=1)
  Filter: ((person_id > 2110867) AND (role_id = 3))
  Rows Removed by Filter: 33720013
Planning time: 0.445 ms
Execution time: 13625.079 ms
