Hash Join  (cost=334282.93..1067079.55 rows=20256788 width=0) (actual time=8294.757..65334.163 rows=189558088 loops=1)
  Hash Cond: (mi.movie_id = t.id)
  ->  Seq Scan on movie_info mi  (cost=0.00..309384.22 rows=14739122 width=4) (actual time=0.015..6397.656 rows=14835720 loops=1)
  ->  Hash  (cost=277269.26..277269.26 rows=3475094 width=8) (actual time=8293.395..8293.395 rows=3468321 loops=1)
        Buckets: 131072  Batches: 64  Memory Usage: 3245kB
        ->  Hash Join  (cost=102767.86..277269.26 rows=3475094 width=8) (actual time=1851.518..7196.092 rows=3468321 loops=1)
              Hash Cond: (mk.movie_id = t.id)
              ->  Seq Scan on movie_keyword mk  (cost=0.00..81003.12 rows=3475094 width=4) (actual time=0.010..1752.681 rows=3468321 loops=1)
                    Filter: (keyword_id > 1049)
                    Rows Removed by Filter: 1055609
              ->  Hash  (cost=61283.27..61283.27 rows=2528527 width=4) (actual time=1847.622..1847.622 rows=2528312 loops=1)
                    Buckets: 131072  Batches: 64  Memory Usage: 2425kB
                    ->  Seq Scan on title t  (cost=0.00..61283.27 rows=2528527 width=4) (actual time=0.014..983.812 rows=2528312 loops=1)
Planning time: 0.668 ms
Execution time: 86355.130 ms
