Hash Join  (cost=87247.62..160728.79 rows=410887 width=0) (actual time=1506.417..3979.385 rows=670505 loops=1)
  Hash Cond: (mc.movie_id = t.id)
  ->  Seq Scan on movie_companies mc  (cost=0.00..51404.11 rows=1279517 width=4) (actual time=0.020..1014.358 rows=1274246 loops=1)
        Filter: (company_type_id < 2)
        Rows Removed by Filter: 1334883
  ->  Hash  (cost=73925.90..73925.90 rows=811977 width=4) (actual time=1505.548..1505.548 rows=725903 loops=1)
        Buckets: 131072  Batches: 16  Memory Usage: 2621kB
        ->  Seq Scan on title t  (cost=0.00..73925.90 rows=811977 width=4) (actual time=0.023..1281.305 rows=725903 loops=1)
              Filter: ((kind_id < 7) AND (production_year > 1970))
              Rows Removed by Filter: 1802409
Planning time: 0.732 ms
Execution time: 4064.721 ms
