Hash Join  (cost=74745.21..127159.44 rows=6531 width=0) (actual time=1317.228..2031.732 rows=8797 loops=1)
  Hash Cond: (mc.movie_id = t.id)
  ->  Seq Scan on movie_companies mc  (cost=0.00..51404.11 rows=251949 width=4) (actual time=160.233..817.287 rows=255098 loops=1)
        Filter: (company_id > 100270)
        Rows Removed by Filter: 2354031
  ->  Hash  (cost=73925.90..73925.90 rows=65544 width=4) (actual time=1156.067..1156.067 rows=62209 loops=1)
        Buckets: 131072  Batches: 1  Memory Usage: 3212kB
        ->  Seq Scan on title t  (cost=0.00..73925.90 rows=65544 width=4) (actual time=0.037..1131.914 rows=62209 loops=1)
              Filter: ((production_year < 2006) AND (kind_id = 4))
              Rows Removed by Filter: 2466103
Planning time: 0.761 ms
Execution time: 2033.103 ms
