Hash Join  (cost=304276.38..1828907.73 rows=38964017 width=0) (actual time=6681.610..46008.716 rows=42028122 loops=1)
  Hash Cond: (ci.movie_id = t.id)
  ->  Seq Scan on cast_info ci  (cost=0.00..614943.12 rows=36225612 width=4) (actual time=0.010..13461.973 rows=36244344 loops=1)
  ->  Hash  (cost=259656.55..259656.55 rows=2719666 width=8) (actual time=6679.424..6679.424 rows=1486502 loops=1)
        Buckets: 131072  Batches: 64  Memory Usage: 1903kB
        ->  Hash Join  (cost=98864.94..259656.55 rows=2719666 width=8) (actual time=2036.733..6266.412 rows=1486502 loops=1)
              Hash Cond: (mk.movie_id = t.id)
              ->  Seq Scan on movie_keyword mk  (cost=0.00..69693.30 rows=4523930 width=4) (actual time=0.014..1441.859 rows=4523930 loops=1)
              ->  Hash  (cost=73925.90..73925.90 rows=1520083 width=4) (actual time=2034.763..2034.763 rows=1507233 loops=1)
                    Buckets: 131072  Batches: 32  Memory Usage: 2686kB
                    ->  Seq Scan on title t  (cost=0.00..73925.90 rows=1520083 width=4) (actual time=0.008..1529.300 rows=1507233 loops=1)
                          Filter: ((kind_id > 1) AND (production_year < 2011))
                          Rows Removed by Filter: 1021079
Planning time: 0.762 ms
Execution time: 50156.984 ms
