Hash Join  (cost=949579.99..1492185.82 rows=5885490 width=0) (actual time=17599.579..33178.631 rows=6946647 loops=1)
  Hash Cond: (mi.movie_id = t.id)
  ->  Seq Scan on movie_info mi  (cost=0.00..309384.22 rows=14739122 width=4) (actual time=0.019..6069.289 rows=14835720 loops=1)
  ->  Hash  (cost=933014.14..933014.14 rows=1009668 width=8) (actual time=17598.673..17598.673 rows=1024675 loops=1)
        Buckets: 131072  Batches: 16  Memory Usage: 3519kB
        ->  Hash Join  (cost=102767.86..933014.14 rows=1009668 width=8) (actual time=10284.985..17305.419 rows=1024675 loops=1)
              Hash Cond: (ci.movie_id = t.id)
              ->  Seq Scan on cast_info ci  (cost=0.00..796071.18 rows=1009668 width=4) (actual time=8258.738..14002.018 rows=1024675 loops=1)
                    Filter: ((person_id > 1483916) AND (role_id = 8))
                    Rows Removed by Filter: 35219669
              ->  Hash  (cost=61283.27..61283.27 rows=2528527 width=4) (actual time=2025.040..2025.040 rows=2528312 loops=1)
                    Buckets: 131072  Batches: 64  Memory Usage: 2415kB
                    ->  Seq Scan on title t  (cost=0.00..61283.27 rows=2528527 width=4) (actual time=0.023..1174.320 rows=2528312 loops=1)
Planning time: 0.906 ms
Execution time: 33973.951 ms
