Hash Join  (cost=95844.60..246968.34 rows=2390270 width=0) (actual time=2257.525..5779.954 rows=591652 loops=1)
  Hash Cond: (mk.movie_id = t.id)
  ->  Seq Scan on movie_keyword mk  (cost=0.00..69693.30 rows=4523930 width=4) (actual time=0.015..1436.430 rows=4523930 loops=1)
  ->  Hash  (cost=73925.90..73925.90 rows=1335976 width=4) (actual time=1965.551..1965.551 rows=1412362 loops=1)
        Buckets: 131072  Batches: 32  Memory Usage: 2584kB
        ->  Seq Scan on title t  (cost=0.00..73925.90 rows=1335976 width=4) (actual time=242.864..1500.886 rows=1412362 loops=1)
              Filter: ((production_year > 1962) AND (kind_id = 7))
              Rows Removed by Filter: 1115950
Planning time: 0.879 ms
Execution time: 5849.883 ms
