Seq Scan on movie_companies mc  (cost=0.00..51404.11 rows=1326846 width=0) (actual time=0.032..1032.285 rows=1316104 loops=1)
  Filter: (company_id < 11369)
  Rows Removed by Filter: 1293025
Planning time: 0.346 ms
Execution time: 1207.383 ms
