Hash Join  (cost=992399.17..1100124.85 rows=2133675 width=0) (actual time=17586.582..21514.719 rows=4916454 loops=1)
  Hash Cond: (mc.movie_id = t.id)
  ->  Seq Scan on movie_companies mc  (cost=0.00..44881.29 rows=2609129 width=4) (actual time=0.020..944.610 rows=2609129 loops=1)
  ->  Hash  (cost=958474.15..958474.15 rows=2067761 width=8) (actual time=17585.756..17585.756 rows=2307819 loops=1)
        Buckets: 131072  Batches: 32  Memory Usage: 3821kB
        ->  Hash Join  (cost=102767.86..958474.15 rows=2067761 width=8) (actual time=3507.784..16680.289 rows=2307819 loops=1)
              Hash Cond: (ci.movie_id = t.id)
              ->  Seq Scan on cast_info ci  (cost=0.00..796071.18 rows=2067761 width=4) (actual time=1627.287..12254.613 rows=2307819 loops=1)
                    Filter: ((person_id < 247668) AND (role_id < 8))
                    Rows Removed by Filter: 33936525
              ->  Hash  (cost=61283.27..61283.27 rows=2528527 width=4) (actual time=1852.703..1852.703 rows=2528312 loops=1)
                    Buckets: 131072  Batches: 64  Memory Usage: 2415kB
                    ->  Seq Scan on title t  (cost=0.00..61283.27 rows=2528527 width=4) (actual time=0.032..1028.576 rows=2528312 loops=1)
Planning time: 1.141 ms
Execution time: 22075.196 ms
