Hash Join  (cost=148170.67..510300.02 rows=71886 width=0) (actual time=4182.736..9477.047 rows=274892 loops=1)
  Hash Cond: (mi.movie_id = t.id)
  ->  Seq Scan on movie_info mi  (cost=0.00..346232.03 rows=1264125 width=4) (actual time=968.661..5604.242 rows=1288928 loops=1)
        Filter: (info_type_id = 2)
        Rows Removed by Filter: 13546792
  ->  Hash  (cost=145811.33..145811.33 rows=143787 width=8) (actual time=3212.858..3212.858 rows=281790 loops=1)
        Buckets: 131072 (originally 131072)  Batches: 4 (originally 2)  Memory Usage: 3789kB
        ->  Hash Join  (cost=76690.42..145811.33 rows=143787 width=8) (actual time=1388.802..3110.253 rows=281790 loops=1)
              Hash Cond: (mc.movie_id = t.id)
              ->  Seq Scan on movie_companies mc  (cost=0.00..57926.93 rows=656560 width=4) (actual time=0.020..1093.499 rows=906524 loops=1)
                    Filter: ((company_id > 11339) AND (company_type_id = 2))
                    Rows Removed by Filter: 1702605
              ->  Hash  (cost=67604.59..67604.59 rows=553747 width=4) (actual time=1387.794..1387.794 rows=552960 loops=1)
                    Buckets: 131072  Batches: 8  Memory Usage: 3445kB
                    ->  Seq Scan on title t  (cost=0.00..67604.59 rows=553747 width=4) (actual time=0.013..1204.241 rows=552960 loops=1)
                          Filter: (production_year < 1983)
                          Rows Removed by Filter: 1975352
Planning time: 0.749 ms
Execution time: 9504.369 ms
