Seq Scan on movie_keyword mk  (cost=0.00..81003.12 rows=3260217 width=0) (actual time=0.031..1534.297 rows=3249924 loops=1)
  Filter: (keyword_id < 13967)
  Rows Removed by Filter: 1274006
Planning time: 0.339 ms
Execution time: 1928.036 ms
