Hash Join  (cost=74242.71..440375.97 rows=147734 width=0) (actual time=1112.342..9175.332 rows=236338 loops=1)
  Hash Cond: (mi.movie_id = t.id)
  ->  Seq Scan on movie_info mi  (cost=0.00..309384.22 rows=14739122 width=4) (actual time=0.018..4584.786 rows=14835720 loops=1)
  ->  Hash  (cost=73925.90..73925.90 rows=25344 width=4) (actual time=1112.153..1112.153 rows=15457 loops=1)
        Buckets: 32768  Batches: 1  Memory Usage: 800kB
        ->  Seq Scan on title t  (cost=0.00..73925.90 rows=25344 width=4) (actual time=17.517..1106.047 rows=15457 loops=1)
              Filter: ((kind_id = 1) AND (production_year = 2005))
              Rows Removed by Filter: 2512855
Planning time: 0.591 ms
Execution time: 9209.935 ms
