Seq Scan on movie_keyword mk  (cost=0.00..81003.12 rows=4049842 width=0) (actual time=0.021..1606.349 rows=4053847 loops=1)
  Filter: (keyword_id < 37830)
  Rows Removed by Filter: 470083
Planning time: 0.350 ms
Execution time: 2110.848 ms
