Seq Scan on movie_companies mc  (cost=0.00..51404.11 rows=229400 width=0) (actual time=0.025..872.580 rows=227437 loops=1)
  Filter: (company_id < 84)
  Rows Removed by Filter: 2381692
Planning time: 0.234 ms
Execution time: 902.100 ms
