Hash Join  (cost=231396.41..1328124.22 rows=10031268 width=0) (actual time=4764.234..32211.026 rows=5535299 loops=1)
  Hash Cond: (ci.movie_id = t.id)
  ->  Seq Scan on cast_info ci  (cost=0.00..705507.15 rows=24814129 width=4) (actual time=0.023..15624.757 rows=24843103 loops=1)
        Filter: (person_id < 2558759)
        Rows Removed by Filter: 11401241
  ->  Hash  (cost=214626.24..214626.24 rows=1022173 width=8) (actual time=4762.916..4762.916 rows=238938 loops=1)
        Buckets: 131072  Batches: 16  Memory Usage: 1607kB
        ->  Hash Join  (cost=95693.05..214626.24 rows=1022173 width=8) (actual time=2117.587..4691.462 rows=238938 loops=1)
              Hash Cond: (mk.movie_id = t.id)
              ->  Seq Scan on movie_keyword mk  (cost=0.00..81003.12 rows=1948089 width=4) (actual time=0.013..1560.495 rows=1959365 loops=1)
                    Filter: (keyword_id < 3414)
                    Rows Removed by Filter: 2564565
              ->  Hash  (cost=73925.90..73925.90 rows=1326732 width=4) (actual time=1948.925..1948.925 rows=1405802 loops=1)
                    Buckets: 131072  Batches: 32  Memory Usage: 2576kB
                    ->  Seq Scan on title t  (cost=0.00..73925.90 rows=1326732 width=4) (actual time=232.241..1469.880 rows=1405802 loops=1)
                          Filter: ((production_year > 1963) AND (kind_id = 7))
                          Rows Removed by Filter: 1122510
Planning time: 1.229 ms
Execution time: 32779.335 ms
