Hash Join  (cost=58358.90..85269.67 rows=28 width=0) (actual time=873.427..1459.589 rows=475 loops=1)
  Hash Cond: (mi_idx.movie_id = t.id)
  ->  Seq Scan on movie_info_idx mi_idx  (cost=0.00..21735.35 rows=1380035 width=4) (actual time=0.020..349.820 rows=1380035 loops=1)
  ->  Hash  (cost=58358.27..58358.27 rows=51 width=8) (actual time=869.292..869.292 rows=165 loops=1)
        Buckets: 1024  Batches: 1  Memory Usage: 15kB
        ->  Nested Loop  (cost=0.43..58358.27 rows=51 width=8) (actual time=322.323..869.153 rows=165 loops=1)
              ->  Seq Scan on movie_companies mc  (cost=0.00..57926.93 rows=51 width=4) (actual time=322.227..860.034 rows=165 loops=1)
                    Filter: ((company_id = 11173) AND (company_type_id = 1))
                    Rows Removed by Filter: 2608964
              ->  Index Only Scan using title_pkey on title t  (cost=0.43..8.45 rows=1 width=4) (actual time=0.053..0.054 rows=1 loops=165)
                    Index Cond: (id = mc.movie_id)
                    Heap Fetches: 165
Planning time: 5.460 ms
Execution time: 1459.839 ms
