Hash Join  (cost=181821.45..571373.05 rows=593185 width=0) (actual time=3828.122..11042.728 rows=426717 loops=1)
  Hash Cond: (mi.movie_id = t.id)
  ->  Seq Scan on movie_info mi  (cost=0.00..346232.03 rows=3068194 width=4) (actual time=0.023..5712.819 rows=3036719 loops=1)
        Filter: (info_type_id = 16)
        Rows Removed by Filter: 11799001
  ->  Hash  (cost=173800.84..173800.84 rows=488849 width=8) (actual time=3827.053..3827.053 rows=287467 loops=1)
        Buckets: 131072  Batches: 8  Memory Usage: 2429kB
        ->  Hash Join  (cost=94973.51..173800.84 rows=488849 width=8) (actual time=1824.528..3740.777 rows=287467 loops=1)
              Hash Cond: (mc.movie_id = t.id)
              ->  Seq Scan on movie_companies mc  (cost=0.00..57926.93 rows=740980 width=4) (actual time=58.483..1143.035 rows=959876 loops=1)
                    Filter: ((company_id > 9014) AND (company_type_id > 1))
                    Rows Removed by Filter: 1649253
              ->  Hash  (cost=67604.59..67604.59 rows=1668154 width=4) (actual time=1764.828..1764.828 rows=1674098 loops=1)
                    Buckets: 131072  Batches: 32  Memory Usage: 2869kB
                    ->  Seq Scan on title t  (cost=0.00..67604.59 rows=1668154 width=4) (actual time=0.025..1241.473 rows=1674098 loops=1)
                          Filter: (kind_id > 3)
                          Rows Removed by Filter: 854214
Planning time: 1.208 ms
Execution time: 11097.772 ms
