Seq Scan on title t  (cost=0.00..73925.90 rows=2905 width=0) (actual time=0.285..1111.067 rows=4597 loops=1)
  Filter: ((kind_id < 7) AND (production_year = 1910))
  Rows Removed by Filter: 2523715
Planning time: 0.384 ms
Execution time: 1112.105 ms
