Seq Scan on title t  (cost=0.00..67604.59 rows=7437 width=0) (actual time=0.027..1025.366 rows=8902 loops=1)
  Filter: (production_year = 1913)
  Rows Removed by Filter: 2519410
Planning time: 0.357 ms
Execution time: 1026.967 ms
