Hash Join  (cost=102767.86..223210.42 rows=1228519 width=0) (actual time=6227.228..13079.839 rows=1239037 loops=1)
  Hash Cond: (mk.movie_id = t.id)
  ->  Seq Scan on movie_keyword mk  (cost=0.00..81003.12 rows=1228519 width=4) (actual time=0.012..4872.432 rows=1239037 loops=1)
        Filter: (keyword_id > 14600)
        Rows Removed by Filter: 3284893
  ->  Hash  (cost=61283.27..61283.27 rows=2528527 width=4) (actual time=6226.017..6226.017 rows=2528312 loops=1)
        Buckets: 131072  Batches: 64  Memory Usage: 2425kB
        ->  Seq Scan on title t  (cost=0.00..61283.27 rows=2528527 width=4) (actual time=0.012..4425.669 rows=2528312 loops=1)
Planning time: 0.699 ms
Execution time: 13242.236 ms
