Hash Join  (cost=140207.37..505070.06 rows=20676 width=0) (actual time=3419.716..10566.498 rows=37264 loops=1)
  Hash Cond: (mi.movie_id = t.id)
  ->  Seq Scan on movie_info mi  (cost=0.00..309384.22 rows=14739122 width=4) (actual time=0.023..4429.318 rows=14835720 loops=1)
  ->  Hash  (cost=140163.04..140163.04 rows=3547 width=8) (actual time=3419.560..3419.560 rows=450 loops=1)
        Buckets: 4096  Batches: 1  Memory Usage: 50kB
        ->  Nested Loop  (cost=0.43..140163.04 rows=3547 width=8) (actual time=3.306..3419.249 rows=450 loops=1)
              ->  Seq Scan on movie_companies mc  (cost=0.00..57926.93 rows=13435 width=4) (actual time=0.032..901.584 rows=12833 loops=1)
                    Filter: ((company_type_id = 1) AND (company_id = 27))
                    Rows Removed by Filter: 2596296
              ->  Index Scan using title_pkey on title t  (cost=0.43..6.11 rows=1 width=4) (actual time=0.196..0.196 rows=0 loops=12833)
                    Index Cond: (id = mc.movie_id)
                    Filter: (kind_id = 1)
                    Rows Removed by Filter: 1
Planning time: 1.225 ms
Execution time: 10572.362 ms
