Hash Join  (cost=784900.19..3273876.19 rows=110798880 width=0) (actual time=17235.659..74800.077 rows=85121996 loops=1)
  Hash Cond: (ci.movie_id = t.id)
  ->  Seq Scan on cast_info ci  (cost=0.00..614943.12 rows=36225612 width=4) (actual time=0.023..14131.003 rows=36244344 loops=1)
  ->  Hash  (cost=658018.96..658018.96 rows=7733698 width=8) (actual time=17233.531..17233.531 rows=3523036 loops=1)
        Buckets: 131072  Batches: 128  Memory Usage: 2066kB
        ->  Hash Join  (cost=95693.05..658018.96 rows=7733698 width=8) (actual time=2362.407..16290.363 rows=3523036 loops=1)
              Hash Cond: (mi.movie_id = t.id)
              ->  Seq Scan on movie_info mi  (cost=0.00..309384.22 rows=14739122 width=4) (actual time=0.029..5938.081 rows=14835720 loops=1)
              ->  Hash  (cost=73925.90..73925.90 rows=1326732 width=4) (actual time=1967.122..1967.122 rows=1405802 loops=1)
                    Buckets: 131072  Batches: 32  Memory Usage: 2576kB
                    ->  Seq Scan on title t  (cost=0.00..73925.90 rows=1326732 width=4) (actual time=0.020..1499.295 rows=1405802 loops=1)
                          Filter: ((production_year > 1963) AND (kind_id = 7))
                          Rows Removed by Filter: 1122510
Planning time: 1.252 ms
Execution time: 84325.663 ms
