Seq Scan on cast_info ci  (cost=0.00..705507.15 rows=500 width=0) (actual time=641.987..10815.774 rows=113 loops=1)
  Filter: (person_id = 2723172)
  Rows Removed by Filter: 36244231
Planning time: 0.615 ms
Execution time: 10815.872 ms
