Hash Join  (cost=199140.44..1336829.36 rows=10112776 width=0) (actual time=3905.636..54427.208 rows=16751068 loops=1)
  Hash Cond: (ci.movie_id = t.id)
  ->  Seq Scan on cast_info ci  (cost=0.00..614943.12 rows=36225612 width=4) (actual time=0.014..25031.005 rows=36244344 loops=1)
  ->  Hash  (cost=187559.12..187559.12 rows=705866 width=8) (actual time=3904.730..3904.730 rows=490082 loops=1)
        Buckets: 131072  Batches: 16  Memory Usage: 2220kB
        ->  Hash Join  (cost=102767.86..187559.12 rows=705866 width=8) (actual time=2278.788..3765.046 rows=490082 loops=1)
              Hash Cond: (mc.movie_id = t.id)
              ->  Seq Scan on movie_companies mc  (cost=0.00..57926.93 rows=705866 width=4) (actual time=281.566..977.573 rows=490082 loops=1)
                    Filter: ((company_id > 9674) AND (company_type_id < 2))
                    Rows Removed by Filter: 2119047
              ->  Hash  (cost=61283.27..61283.27 rows=2528527 width=4) (actual time=1992.856..1992.856 rows=2528312 loops=1)
                    Buckets: 131072  Batches: 64  Memory Usage: 2415kB
                    ->  Seq Scan on title t  (cost=0.00..61283.27 rows=2528527 width=4) (actual time=0.021..1164.748 rows=2528312 loops=1)
Planning time: 4.381 ms
Execution time: 56623.326 ms
