Hash Join  (cost=253897.62..664465.24 rows=1892863 width=0) (actual time=25067.463..33592.737 rows=753572 loops=1)
  Hash Cond: (mi.movie_id = t.id)
  ->  Seq Scan on movie_info mi  (cost=0.00..346232.03 rows=3068194 width=4) (actual time=12289.623..18536.258 rows=3036719 loops=1)
        Filter: (info_type_id = 16)
        Rows Removed by Filter: 11799001
  ->  Hash  (cost=228304.54..228304.54 rows=1559926 width=8) (actual time=12776.226..12776.226 rows=343633 loops=1)
        Buckets: 131072  Batches: 32  Memory Usage: 1441kB
        ->  Hash Join  (cost=92883.59..228304.54 rows=1559926 width=8) (actual time=6587.155..12598.101 rows=343633 loops=1)
              Hash Cond: (mk.movie_id = t.id)
              ->  Seq Scan on movie_keyword mk  (cost=0.00..81003.12 rows=2559914 width=4) (actual time=0.032..5214.450 rows=2554456 loops=1)
                    Filter: (keyword_id < 6429)
                    Rows Removed by Filter: 1969474
              ->  Hash  (cost=67604.59..67604.59 rows=1540800 width=4) (actual time=4987.292..4987.292 rows=1543264 loops=1)
                    Buckets: 131072  Batches: 32  Memory Usage: 2728kB
                    ->  Seq Scan on title t  (cost=0.00..67604.59 rows=1540800 width=4) (actual time=0.018..4347.648 rows=1543264 loops=1)
                          Filter: (kind_id = 7)
                          Rows Removed by Filter: 985048
Planning time: 1.218 ms
Execution time: 33688.365 ms
