Seq Scan on cast_info ci  (cost=0.00..796071.18 rows=6031922 width=0) (actual time=13212.192..37067.102 rows=7664244 loops=1)
  Filter: ((person_id > 1293889) AND (role_id > 4))
  Rows Removed by Filter: 28580100
Planning time: 0.325 ms
Execution time: 38337.496 ms
