Seq Scan on movie_companies mc  (cost=0.00..57926.93 rows=575575 width=0) (actual time=1168.358..2637.969 rows=363123 loops=1)
  Filter: ((company_id < 8075) AND (company_type_id = 2))
  Rows Removed by Filter: 2246006
Planning time: 0.421 ms
Execution time: 2705.176 ms
