Hash Join  (cost=74877.14..102202.96 rows=41534 width=0) (actual time=3529.472..5880.666 rows=131902 loops=1)
  Hash Cond: (mi_idx.movie_id = t.id)
  ->  Seq Scan on movie_info_idx mi_idx  (cost=0.00..21735.35 rows=1380035 width=4) (actual time=0.018..1366.377 rows=1380035 loops=1)
  ->  Hash  (cost=73925.90..73925.90 rows=76099 width=4) (actual time=3528.647..3528.647 rows=202307 loops=1)
        Buckets: 131072 (originally 131072)  Batches: 4 (originally 1)  Memory Usage: 3073kB
        ->  Seq Scan on title t  (cost=0.00..73925.90 rows=76099 width=4) (actual time=402.889..3423.906 rows=202307 loops=1)
              Filter: ((production_year < 1964) AND (kind_id = 1))
              Rows Removed by Filter: 2326005
Planning time: 0.721 ms
Execution time: 5898.059 ms
