Hash Join  (cost=879286.74..1245744.92 rows=180225 width=0) (actual time=40033.009..60838.035 rows=772321 loops=1)
  Hash Cond: (mi.movie_id = t.id)
  ->  Seq Scan on movie_info mi  (cost=0.00..309384.22 rows=14739122 width=4) (actual time=0.012..16033.015 rows=14835720 loops=1)
  ->  Hash  (cost=878900.26..878900.26 rows=30918 width=8) (actual time=40032.779..40032.779 rows=17841 loops=1)
        Buckets: 32768  Batches: 1  Memory Usage: 953kB
        ->  Hash Join  (cost=78556.72..878900.26 rows=30918 width=8) (actual time=5384.953..40025.955 rows=17841 loops=1)
              Hash Cond: (ci.movie_id = t.id)
              ->  Seq Scan on cast_info ci  (cost=0.00..796071.18 rows=117114 width=4) (actual time=1439.495..35929.439 rows=47304 loops=1)
                    Filter: ((person_id < 1184431) AND (role_id > 10))
                    Rows Removed by Filter: 36197040
              ->  Hash  (cost=67604.59..67604.59 rows=667531 width=4) (actual time=3944.533..3944.533 rows=662825 loops=1)
                    Buckets: 131072  Batches: 16  Memory Usage: 2476kB
                    ->  Seq Scan on title t  (cost=0.00..67604.59 rows=667531 width=4) (actual time=663.843..3660.015 rows=662825 loops=1)
                          Filter: (kind_id = 1)
                          Rows Removed by Filter: 1865487
Planning time: 1.193 ms
Execution time: 60959.752 ms
