Hash Join  (cost=316286.64..1886648.40 rows=43415657 width=0) (actual time=16014.772..132250.441 rows=143768202 loops=1)
  Hash Cond: (ci.movie_id = t.id)
  ->  Seq Scan on cast_info ci  (cost=0.00..614943.12 rows=36225612 width=4) (actual time=0.019..45436.176 rows=36244344 loops=1)
  ->  Hash  (cost=266568.79..266568.79 rows=3030388 width=8) (actual time=16000.728..16000.728 rows=3010722 loops=1)
        Buckets: 131072  Batches: 64  Memory Usage: 2882kB
        ->  Hash Join  (cost=102767.86..266568.79 rows=3030388 width=8) (actual time=5642.632..14746.632 rows=3010722 loops=1)
              Hash Cond: (mk.movie_id = t.id)
              ->  Seq Scan on movie_keyword mk  (cost=0.00..81003.12 rows=3030388 width=4) (actual time=0.051..4498.849 rows=3010722 loops=1)
                    Filter: (keyword_id < 10708)
                    Rows Removed by Filter: 1513208
              ->  Hash  (cost=61283.27..61283.27 rows=2528527 width=4) (actual time=5641.901..5641.901 rows=2528312 loops=1)
                    Buckets: 131072  Batches: 64  Memory Usage: 2425kB
                    ->  Seq Scan on title t  (cost=0.00..61283.27 rows=2528527 width=4) (actual time=0.016..4355.432 rows=2528312 loops=1)
Planning time: 1.085 ms
Execution time: 152665.059 ms
