Seq Scan on movie_keyword mk  (cost=0.00..81003.12 rows=246 width=0) (actual time=582.936..3545.185 rows=27 loops=1)
  Filter: (keyword_id = 2728)
  Rows Removed by Filter: 4523903
Planning time: 0.333 ms
Execution time: 3545.304 ms
