Seq Scan on movie_keyword mk  (cost=0.00..81003.12 rows=246 width=0) (actual time=139.693..1354.732 rows=130 loops=1)
  Filter: (keyword_id = 36635)
  Rows Removed by Filter: 4523800
Planning time: 0.455 ms
Execution time: 1354.910 ms
