Seq Scan on movie_companies mc  (cost=0.00..51404.11 rows=1447061 width=0) (actual time=0.013..2670.808 rows=1451893 loops=1)
  Filter: (company_id > 9328)
  Rows Removed by Filter: 1157236
Planning time: 0.319 ms
Execution time: 2919.720 ms
