Hash Join  (cost=86519.03..228007.89 rows=1195351 width=0) (actual time=4903.774..14062.170 rows=2354173 loops=1)
  Hash Cond: (mk.movie_id = t.id)
  ->  Seq Scan on movie_keyword mk  (cost=0.00..81003.12 rows=3937927 width=4) (actual time=0.020..5949.923 rows=3933090 loops=1)
        Filter: (keyword_id > 429)
        Rows Removed by Filter: 590840
  ->  Hash  (cost=73925.90..73925.90 rows=767530 width=4) (actual time=4902.770..4902.770 rows=677132 loops=1)
        Buckets: 131072  Batches: 16  Memory Usage: 2520kB
        ->  Seq Scan on title t  (cost=0.00..73925.90 rows=767530 width=4) (actual time=0.024..4230.418 rows=677132 loops=1)
              Filter: ((kind_id < 7) AND (production_year > 1978))
              Rows Removed by Filter: 1851180
Planning time: 0.801 ms
Execution time: 14439.880 ms
