Seq Scan on title t  (cost=0.00..73925.90 rows=63532 width=0) (actual time=0.070..3917.583 rows=53528 loops=1)
  Filter: ((kind_id < 6) AND (production_year = 2012))
  Rows Removed by Filter: 2474784
Planning time: 0.350 ms
Execution time: 3928.074 ms
