Hash Join  (cost=83074.74..141426.54 rows=180 width=0) (actual time=2870.367..5906.192 rows=4720 loops=1)
  Hash Cond: (mc.movie_id = t.id)
  ->  Seq Scan on movie_companies mc  (cost=0.00..51404.11 rows=1852235 width=4) (actual time=0.022..2655.279 rows=1846807 loops=1)
        Filter: (company_id < 35130)
        Rows Removed by Filter: 762322
  ->  Hash  (cost=83071.67..83071.67 rows=246 width=8) (actual time=2870.244..2870.244 rows=721 loops=1)
        Buckets: 1024  Batches: 1  Memory Usage: 37kB
        ->  Nested Loop  (cost=0.43..83071.67 rows=246 width=8) (actual time=0.534..2869.562 rows=721 loops=1)
              ->  Seq Scan on movie_keyword mk  (cost=0.00..81003.12 rows=246 width=4) (actual time=0.480..2776.604 rows=721 loops=1)
                    Filter: (keyword_id = 1529)
                    Rows Removed by Filter: 4523209
              ->  Index Only Scan using title_pkey on title t  (cost=0.43..8.40 rows=1 width=4) (actual time=0.126..0.127 rows=1 loops=721)
                    Index Cond: (id = mk.movie_id)
                    Heap Fetches: 721
Planning time: 9.428 ms
Execution time: 5907.154 ms
