Hash Join  (cost=119486.56..1169415.14 rows=1569743 width=0) (actual time=6632.591..72477.398 rows=2123220 loops=1)
  Hash Cond: (ci.movie_id = t.id)
  ->  Seq Scan on cast_info ci  (cost=0.00..614943.12 rows=36225612 width=4) (actual time=0.013..45799.977 rows=36244344 loops=1)
  ->  Hash  (cost=117688.98..117688.98 rows=109567 width=8) (actual time=6631.638..6631.638 rows=52749 loops=1)
        Buckets: 131072  Batches: 2  Memory Usage: 2056kB
        ->  Hash Join  (cost=83702.37..117688.98 rows=109567 width=8) (actual time=4498.502..6611.783 rows=52749 loops=1)
              Hash Cond: (mi_idx.movie_id = t.id)
              ->  Seq Scan on movie_info_idx mi_idx  (cost=0.00..25185.44 rows=464934 width=4) (actual time=0.029..1580.142 rows=460185 loops=1)
                    Filter: (info_type_id > 100)
                    Rows Removed by Filter: 919850
              ->  Hash  (cost=73925.90..73925.90 rows=595877 width=4) (actual time=4497.653..4497.653 rows=651538 loops=1)
                    Buckets: 131072  Batches: 8  Memory Usage: 3887kB
                    ->  Seq Scan on title t  (cost=0.00..73925.90 rows=595877 width=4) (actual time=0.018..4198.121 rows=651538 loops=1)
                          Filter: ((kind_id > 3) AND (production_year > 2006))
                          Rows Removed by Filter: 1876774
Planning time: 1.073 ms
Execution time: 72872.297 ms
