Seq Scan on movie_keyword mk  (cost=0.00..81003.12 rows=3242149 width=0) (actual time=0.020..4368.037 rows=3229703 loops=1)
  Filter: (keyword_id > 1680)
  Rows Removed by Filter: 1294227
Planning time: 0.306 ms
Execution time: 4983.248 ms
