Seq Scan on cast_info ci  (cost=0.00..796071.18 rows=15175069 width=0) (actual time=0.020..46945.290 rows=20122661 loops=1)
  Filter: ((person_id < 2813474) AND (role_id < 3))
  Rows Removed by Filter: 16121683
Planning time: 0.330 ms
Execution time: 50960.327 ms
