Hash Join  (cost=772813.95..3156997.09 rows=105005688 width=0) (actual time=41921.014..150089.725 rows=99585563 loops=1)
  Hash Cond: (ci.movie_id = t.id)
  ->  Seq Scan on cast_info ci  (cost=0.00..614943.12 rows=36225612 width=4) (actual time=0.022..46631.073 rows=36244344 loops=1)
  ->  Hash  (cost=652566.24..652566.24 rows=7329337 width=8) (actual time=41918.125..41918.125 rows=4522391 loops=1)
        Buckets: 131072  Batches: 128  Memory Usage: 2398kB
        ->  Hash Join  (cost=94554.94..652566.24 rows=7329337 width=8) (actual time=5506.225..39910.717 rows=4522391 loops=1)
              Hash Cond: (mi.movie_id = t.id)
              ->  Seq Scan on movie_info mi  (cost=0.00..309384.22 rows=14739122 width=4) (actual time=0.014..22546.101 rows=14835720 loops=1)
              ->  Hash  (cost=73925.90..73925.90 rows=1257363 width=4) (actual time=5504.819..5504.819 rows=1229210 loops=1)
                    Buckets: 131072  Batches: 32  Memory Usage: 2380kB
                    ->  Seq Scan on title t  (cost=0.00..73925.90 rows=1257363 width=4) (actual time=3.458..4558.231 rows=1229210 loops=1)
                          Filter: ((kind_id > 2) AND (production_year < 2009))
                          Rows Removed by Filter: 1299102
Planning time: 1.154 ms
Execution time: 165037.315 ms
