Hash Join  (cost=79601.51..454003.60 rows=283697 width=0) (actual time=5713.206..23450.088 rows=670297 loops=1)
  Hash Cond: (mi.movie_id = t.id)
  ->  Seq Scan on movie_info mi  (cost=0.00..346232.03 rows=2073893 width=4) (actual time=1830.495..17934.403 rows=2091068 loops=1)
        Filter: (info_type_id < 3)
        Rows Removed by Filter: 12744652
  ->  Hash  (cost=73925.90..73925.90 rows=345888 width=4) (actual time=3881.655..3881.655 rows=457402 loops=1)
        Buckets: 131072  Batches: 8  Memory Usage: 3055kB
        ->  Seq Scan on title t  (cost=0.00..73925.90 rows=345888 width=4) (actual time=0.091..3417.643 rows=457402 loops=1)
              Filter: ((kind_id < 7) AND (production_year < 1997))
              Rows Removed by Filter: 2070910
Planning time: 0.753 ms
Execution time: 23569.421 ms
