Seq Scan on movie_companies mc  (cost=0.00..57926.93 rows=205870 width=0) (actual time=0.026..2723.183 rows=94658 loops=1)
  Filter: ((company_id < 258) AND (company_type_id > 1))
  Rows Removed by Filter: 2514471
Planning time: 0.341 ms
Execution time: 2740.574 ms
