Hash Join  (cost=797960.46..824888.43 rows=41 width=186) (actual time=16712.167..17039.070 rows=1 loops=1)
  Hash Cond: (mi_idx.movie_id = t.id)
  ->  Seq Scan on movie_info_idx mi_idx  (cost=0.00..25185.44 rows=464566 width=50) (actual time=0.021..493.813 rows=459925 loops=1)
        Filter: (info_type_id = 101)
        Rows Removed by Filter: 920110
  ->  Hash  (cost=797957.66..797957.66 rows=224 width=136) (actual time=16484.494..16484.494 rows=29 loops=1)
        Buckets: 1024  Batches: 1  Memory Usage: 13kB
        ->  Nested Loop  (cost=0.43..797957.66 rows=224 width=136) (actual time=13645.812..16484.442 rows=29 loops=1)
              ->  Seq Scan on cast_info ci  (cost=0.00..796071.18 rows=224 width=42) (actual time=13645.746..16484.154 rows=29 loops=1)
                    Filter: ((role_id > 2) AND (person_id = 3856403))
                    Rows Removed by Filter: 36244315
              ->  Index Scan using title_pkey on title t  (cost=0.43..8.41 rows=1 width=94) (actual time=0.008..0.008 rows=1 loops=29)
                    Index Cond: (id = ci.movie_id)
Planning time: 1.225 ms
Execution time: 17039.193 ms
