Hash Join  (cost=128175.27..206412.20 rows=231141 width=0) (actual time=7440.929..12033.148 rows=242328 loops=1)
  Hash Cond: (mc.movie_id = t.id)
  ->  Seq Scan on movie_companies mc  (cost=0.00..44881.29 rows=2609129 width=4) (actual time=0.006..3203.600 rows=2609129 loops=1)
  ->  Hash  (cost=124499.25..124499.25 rows=224001 width=8) (actual time=7434.259..7434.259 rows=103758 loops=1)
        Buckets: 131072  Batches: 4  Memory Usage: 2027kB
        ->  Hash Join  (cost=84037.34..124499.25 rows=224001 width=8) (actual time=5201.123..7398.402 rows=103758 loops=1)
              Hash Cond: (mi_idx.movie_id = t.id)
              ->  Seq Scan on movie_info_idx mi_idx  (cost=0.00..25185.44 rows=919057 width=4) (actual time=0.028..1666.703 rows=920110 loops=1)
                    Filter: (info_type_id > 99)
                    Rows Removed by Filter: 459925
              ->  Hash  (cost=73925.90..73925.90 rows=616275 width=4) (actual time=5012.783..5012.783 rows=676927 loops=1)
                    Buckets: 131072  Batches: 16  Memory Usage: 2516kB
                    ->  Seq Scan on title t  (cost=0.00..73925.90 rows=616275 width=4) (actual time=0.015..4248.912 rows=676927 loops=1)
                          Filter: ((production_year > 2005) AND (kind_id = 7))
                          Rows Removed by Filter: 1851385
Planning time: 3.638 ms
Execution time: 12069.180 ms
