Seq Scan on cast_info ci  (cost=0.00..705507.15 rows=500 width=0) (actual time=28711.986..29957.287 rows=49 loops=1)
  Filter: (person_id = 2613774)
  Rows Removed by Filter: 36244295
Planning time: 0.418 ms
Execution time: 29957.405 ms
