Hash Join  (cost=102767.86..222561.73 rows=1201523 width=0) (actual time=2029.973..4847.799 rows=1210364 loops=1)
  Hash Cond: (mk.movie_id = t.id)
  ->  Seq Scan on movie_keyword mk  (cost=0.00..81003.12 rows=1201523 width=4) (actual time=0.015..1459.383 rows=1210364 loops=1)
        Filter: (keyword_id > 15122)
        Rows Removed by Filter: 3313566
  ->  Hash  (cost=61283.27..61283.27 rows=2528527 width=4) (actual time=2027.650..2027.650 rows=2528312 loops=1)
        Buckets: 131072  Batches: 64  Memory Usage: 2425kB
        ->  Seq Scan on title t  (cost=0.00..61283.27 rows=2528527 width=4) (actual time=0.018..1157.819 rows=2528312 loops=1)
Planning time: 0.760 ms
Execution time: 4990.925 ms
