Hash Join  (cost=79177.02..897346.23 rows=8481 width=0) (actual time=20410.576..43086.484 rows=12051 loops=1)
  Hash Cond: (ci.movie_id = t.id)
  ->  Seq Scan on cast_info ci  (cost=0.00..796071.18 rows=5870191 width=4) (actual time=17764.553..37894.808 rows=11955929 loops=1)
        Filter: ((person_id < 1640055) AND (role_id = 1))
        Rows Removed by Filter: 24288415
  ->  Hash  (cost=79131.36..79131.36 rows=3653 width=8) (actual time=2617.043..2617.043 rows=4181 loops=1)
        Buckets: 8192 (originally 4096)  Batches: 1 (originally 1)  Memory Usage: 228kB
        ->  Nested Loop  (cost=0.43..79131.36 rows=3653 width=8) (actual time=371.731..2614.386 rows=4181 loops=1)
              ->  Seq Scan on movie_companies mc  (cost=0.00..51404.11 rows=3653 width=4) (actual time=371.673..2278.225 rows=4181 loops=1)
                    Filter: (company_id = 11138)
                    Rows Removed by Filter: 2604948
              ->  Index Only Scan using title_pkey on title t  (cost=0.43..7.58 rows=1 width=4) (actual time=0.079..0.080 rows=1 loops=4181)
                    Index Cond: (id = mc.movie_id)
                    Heap Fetches: 4181
Planning time: 8.336 ms
Execution time: 43089.041 ms
