Seq Scan on movie_companies mc  (cost=0.00..57926.93 rows=505641 width=0) (actual time=0.025..2978.472 rows=819341 loops=1)
  Filter: ((company_id > 16633) AND (company_type_id > 1))
  Rows Removed by Filter: 1789788
Planning time: 15.797 ms
Execution time: 3098.886 ms
