Nested Loop  (cost=0.43..83072.29 rows=150 width=0) (actual time=3366.526..3969.536 rows=8 loops=1)
  ->  Seq Scan on movie_keyword mk  (cost=0.00..81003.12 rows=246 width=4) (actual time=15.111..3966.560 rows=20 loops=1)
        Filter: (keyword_id = 27031)
        Rows Removed by Filter: 4523910
  ->  Index Scan using title_pkey on title t  (cost=0.43..8.40 rows=1 width=4) (actual time=0.143..0.144 rows=0 loops=20)
        Index Cond: (id = mk.movie_id)
        Filter: (kind_id = 7)
        Rows Removed by Filter: 1
Planning time: 0.787 ms
Execution time: 3969.655 ms
