Seq Scan on cast_info ci  (cost=0.00..705507.15 rows=9736358 width=0) (actual time=3.536..35871.212 rows=9708015 loops=1)
  Filter: (person_id > 2738482)
  Rows Removed by Filter: 26536329
Planning time: 2.193 ms
Execution time: 37520.967 ms
