Hash Join  (cost=107619.25..288440.52 rows=4363632 width=0) (actual time=6205.562..15834.468 rows=4493882 loops=1)
  Hash Cond: (mk.movie_id = t.id)
  ->  Seq Scan on movie_keyword mk  (cost=0.00..69693.30 rows=4523930 width=4) (actual time=0.026..4779.445 rows=4523930 loops=1)
  ->  Hash  (cost=67604.59..67604.59 rows=2438933 width=4) (actual time=6204.329..6204.329 rows=2437839 loops=1)
        Buckets: 131072  Batches: 32  Memory Usage: 3711kB
        ->  Seq Scan on title t  (cost=0.00..67604.59 rows=2438933 width=4) (actual time=0.012..5061.845 rows=2437839 loops=1)
              Filter: (production_year > 1907)
              Rows Removed by Filter: 90473
Planning time: 0.747 ms
Execution time: 16438.335 ms
