Nested Loop  (cost=0.43..83071.67 rows=246 width=0) (actual time=4.036..3460.614 rows=65 loops=1)
  ->  Seq Scan on movie_keyword mk  (cost=0.00..81003.12 rows=246 width=4) (actual time=3.992..3443.280 rows=65 loops=1)
        Filter: (keyword_id = 41159)
        Rows Removed by Filter: 4523865
  ->  Index Only Scan using title_pkey on title t  (cost=0.43..8.40 rows=1 width=4) (actual time=0.260..0.261 rows=1 loops=65)
        Index Cond: (id = mk.movie_id)
        Heap Fetches: 65
Planning time: 0.749 ms
Execution time: 3460.734 ms
