Seq Scan on movie_companies mc  (cost=0.00..51404.11 rows=1363925 width=0) (actual time=0.031..2756.144 rows=1374985 loops=1)
  Filter: (company_id > 11143)
  Rows Removed by Filter: 1234144
Planning time: 3.288 ms
Execution time: 2972.988 ms
