Seq Scan on movie_keyword mk  (cost=0.00..81003.12 rows=246 width=0) (actual time=0.158..3104.962 rows=2451 loops=1)
  Filter: (keyword_id = 2987)
  Rows Removed by Filter: 4521479
Planning time: 0.410 ms
Execution time: 3109.875 ms
