Hash Join  (cost=102767.86..1046747.51 rows=5736275 width=0) (actual time=27365.559..60645.471 rows=7450541 loops=1)
  Hash Cond: (ci.movie_id = t.id)
  ->  Seq Scan on cast_info ci  (cost=0.00..796071.18 rows=5736275 width=4) (actual time=21363.089..45075.626 rows=7450541 loops=1)
        Filter: ((person_id > 742274) AND (role_id = 2))
        Rows Removed by Filter: 28793803
  ->  Hash  (cost=61283.27..61283.27 rows=2528527 width=4) (actual time=6000.884..6000.884 rows=2528312 loops=1)
        Buckets: 131072  Batches: 64  Memory Usage: 2415kB
        ->  Seq Scan on title t  (cost=0.00..61283.27 rows=2528527 width=4) (actual time=0.021..4562.023 rows=2528312 loops=1)
Planning time: 0.703 ms
Execution time: 61713.115 ms
