Hash Join  (cost=83810.17..951018.77 rows=3985983 width=0) (actual time=1407.705..20518.269 rows=4119874 loops=1)
  Hash Cond: (ci.movie_id = t.id)
  ->  Seq Scan on cast_info ci  (cost=0.00..705507.15 rows=10203898 width=4) (actual time=0.019..12620.268 rows=10229055 loops=1)
        Filter: (person_id > 2691197)
        Rows Removed by Filter: 26015289
  ->  Hash  (cost=67604.59..67604.59 rows=987727 width=4) (actual time=1406.493..1406.493 rows=985048 loops=1)
        Buckets: 131072  Batches: 16  Memory Usage: 3188kB
        ->  Seq Scan on title t  (cost=0.00..67604.59 rows=987727 width=4) (actual time=0.025..1111.099 rows=985048 loops=1)
              Filter: (kind_id < 7)
              Rows Removed by Filter: 1543264
Planning time: 2.505 ms
Execution time: 20988.488 ms
