Seq Scan on movie_keyword mk  (cost=0.00..81003.12 rows=1466861 width=0) (actual time=0.014..4204.766 rows=1482344 loops=1)
  Filter: (keyword_id < 2123)
  Rows Removed by Filter: 3041586
Planning time: 0.305 ms
Execution time: 4432.404 ms
