Nested Loop  (cost=54073.23..170500.43 rows=2289 width=0) (actual time=2588.920..6881.318 rows=12848 loops=1)
  ->  Hash Join  (cost=54072.80..151681.98 rows=12031 width=8) (actual time=2588.849..5983.584 rows=12848 loops=1)
        Hash Cond: (mk.movie_id = mc.movie_id)
        ->  Seq Scan on movie_keyword mk  (cost=0.00..81003.12 rows=35588 width=4) (actual time=0.030..3334.214 rows=34710 loops=1)
              Filter: (keyword_id = 2488)
              Rows Removed by Filter: 4489220
        ->  Hash  (cost=51404.11..51404.11 rows=162615 width=4) (actual time=2587.773..2587.773 rows=161085 loops=1)
              Buckets: 131072  Batches: 4  Memory Usage: 2451kB
              ->  Seq Scan on movie_companies mc  (cost=0.00..51404.11 rows=162615 width=4) (actual time=1391.607..2503.903 rows=161085 loops=1)
                    Filter: (company_id > 127344)
                    Rows Removed by Filter: 2448044
  ->  Index Only Scan using title_pkey on title t  (cost=0.43..1.55 rows=1 width=4) (actual time=0.069..0.069 rows=1 loops=12848)
        Index Cond: (id = mc.movie_id)
        Heap Fetches: 12848
Planning time: 1.118 ms
Execution time: 6884.449 ms
