Hash Join  (cost=102767.86..190376.79 rows=1094081 width=0) (actual time=5429.612..10218.485 rows=1086765 loops=1)
  Hash Cond: (mc.movie_id = t.id)
  ->  Seq Scan on movie_companies mc  (cost=0.00..51404.11 rows=1094081 width=4) (actual time=0.018..3164.777 rows=1086765 loops=1)
        Filter: (company_id < 7142)
        Rows Removed by Filter: 1522364
  ->  Hash  (cost=61283.27..61283.27 rows=2528527 width=4) (actual time=5428.759..5428.759 rows=2528312 loops=1)
        Buckets: 131072  Batches: 64  Memory Usage: 2415kB
        ->  Seq Scan on title t  (cost=0.00..61283.27 rows=2528527 width=4) (actual time=0.021..3969.611 rows=2528312 loops=1)
Planning time: 0.827 ms
Execution time: 10359.008 ms
