Seq Scan on movie_keyword mk  (cost=0.00..81003.12 rows=246 width=0) (actual time=1.335..3294.990 rows=2267 loops=1)
  Filter: (keyword_id = 1697)
  Rows Removed by Filter: 4521663
Planning time: 0.382 ms
Execution time: 3295.880 ms
