Hash Join  (cost=102767.86..972996.21 rows=2671334 width=0) (actual time=17300.273..51089.044 rows=5362166 loops=1)
  Hash Cond: (ci.movie_id = t.id)
  ->  Seq Scan on cast_info ci  (cost=0.00..796071.18 rows=2671334 width=4) (actual time=11780.342..39327.624 rows=5362166 loops=1)
        Filter: ((person_id > 2385558) AND (role_id > 7))
        Rows Removed by Filter: 30882178
  ->  Hash  (cost=61283.27..61283.27 rows=2528527 width=4) (actual time=5518.635..5518.635 rows=2528312 loops=1)
        Buckets: 131072  Batches: 64  Memory Usage: 2415kB
        ->  Seq Scan on title t  (cost=0.00..61283.27 rows=2528527 width=4) (actual time=0.014..4329.940 rows=2528312 loops=1)
Planning time: 0.654 ms
Execution time: 51811.780 ms
