Hash Join  (cost=119934.21..607868.13 rows=761699 width=0) (actual time=6963.578..29962.886 rows=336708 loops=1)
  Hash Cond: (mi.movie_id = t.id)
  ->  Seq Scan on movie_info mi  (cost=0.00..309384.22 rows=14739122 width=4) (actual time=0.025..18318.994 rows=14835720 loops=1)
  ->  Hash  (cost=117789.82..117789.82 rows=130671 width=8) (actual time=5999.469..5999.469 rows=54945 loops=1)
        Buckets: 131072  Batches: 2  Memory Usage: 2102kB
        ->  Hash Join  (cost=77854.63..117789.82 rows=130671 width=8) (actual time=4202.717..5979.649 rows=54945 loops=1)
              Hash Cond: (mi_idx.movie_id = t.id)
              ->  Seq Scan on movie_info_idx mi_idx  (cost=0.00..21735.35 rows=1380035 width=4) (actual time=0.023..1175.218 rows=1380035 loops=1)
              ->  Hash  (cost=73925.90..73925.90 rows=239418 width=4) (actual time=4131.736..4131.736 rows=256906 loops=1)
                    Buckets: 131072  Batches: 4  Memory Usage: 3296kB
                    ->  Seq Scan on title t  (cost=0.00..73925.90 rows=239418 width=4) (actual time=0.013..3606.867 rows=256906 loops=1)
                          Filter: ((production_year > 2010) AND (kind_id = 7))
                          Rows Removed by Filter: 2271406
Planning time: 1.047 ms
Execution time: 30013.608 ms
