Nested Loop  (cost=0.43..83072.29 rows=96 width=0) (actual time=2.170..3345.229 rows=2281 loops=1)
  ->  Seq Scan on movie_keyword mk  (cost=0.00..81003.12 rows=246 width=4) (actual time=1.733..3017.605 rows=2495 loops=1)
        Filter: (keyword_id = 3337)
        Rows Removed by Filter: 4521435
  ->  Index Scan using title_pkey on title t  (cost=0.43..8.40 rows=1 width=4) (actual time=0.128..0.130 rows=1 loops=2495)
        Index Cond: (id = mk.movie_id)
        Filter: (kind_id < 7)
        Rows Removed by Filter: 0
Planning time: 5.463 ms
Execution time: 3346.116 ms
