Seq Scan on movie_keyword mk  (cost=0.00..81003.12 rows=2110658 width=0) (actual time=0.023..4315.671 rows=2109837 loops=1)
  Filter: (keyword_id > 5673)
  Rows Removed by Filter: 2414093
Planning time: 3.955 ms
Execution time: 4689.516 ms
