Hash Join  (cost=174658.22..250852.97 rows=83021 width=0) (actual time=7354.378..10997.744 rows=1938815 loops=1)
  Hash Cond: (mc.movie_id = t.id)
  ->  Seq Scan on movie_companies mc  (cost=0.00..44881.29 rows=2609129 width=4) (actual time=0.015..2183.508 rows=2609129 loops=1)
  ->  Hash  (cost=173337.51..173337.51 rows=80457 width=8) (actual time=7165.559..7165.559 rows=223287 loops=1)
        Buckets: 131072 (originally 131072)  Batches: 4 (originally 2)  Memory Usage: 3222kB
        ->  Hash Join  (cost=85435.26..173337.51 rows=80457 width=8) (actual time=3264.538..7093.716 rows=223287 loops=1)
              Hash Cond: (mk.movie_id = t.id)
              ->  Seq Scan on movie_keyword mk  (cost=0.00..81003.12 rows=290016 width=4) (actual time=0.028..3496.367 rows=286310 loops=1)
                    Filter: (keyword_id > 55819)
                    Rows Removed by Filter: 4237620
              ->  Hash  (cost=73925.90..73925.90 rows=701468 width=4) (actual time=3263.392..3263.392 rows=749931 loops=1)
                    Buckets: 131072  Batches: 16  Memory Usage: 2682kB
                    ->  Seq Scan on title t  (cost=0.00..73925.90 rows=701468 width=4) (actual time=0.014..2982.970 rows=749931 loops=1)
                          Filter: ((kind_id < 7) AND (production_year < 2009))
                          Rows Removed by Filter: 1778381
Planning time: 1.112 ms
Execution time: 11234.933 ms
