Nested Loop  (cost=0.43..447847.04 rows=14651 width=0) (actual time=11406.407..16501.769 rows=54514 loops=1)
  ->  Seq Scan on movie_info mi  (cost=0.00..346232.03 rows=17937 width=4) (actual time=11406.316..12859.717 rows=61128 loops=1)
        Filter: (info_type_id = 103)
        Rows Removed by Filter: 14774592
  ->  Index Scan using title_pkey on title t  (cost=0.43..5.66 rows=1 width=4) (actual time=0.059..0.059 rows=1 loops=61128)
        Index Cond: (id = mi.movie_id)
        Filter: (production_year < 2011)
        Rows Removed by Filter: 0
Planning time: 5.181 ms
Execution time: 16514.424 ms
