Hash Join  (cost=102205.59..218527.62 rows=1067721 width=0) (actual time=5219.903..10416.527 rows=1028546 loops=1)
  Hash Cond: (mk.movie_id = t.id)
  ->  Seq Scan on movie_keyword mk  (cost=0.00..81003.12 rows=1280139 width=4) (actual time=0.021..3903.187 rows=1289664 loops=1)
        Filter: (keyword_id > 13704)
        Rows Removed by Filter: 3234266
  ->  Hash  (cost=67604.59..67604.59 rows=2108960 width=4) (actual time=5218.876..5218.876 rows=2104137 loops=1)
        Buckets: 131072  Batches: 32  Memory Usage: 3350kB
        ->  Seq Scan on title t  (cost=0.00..67604.59 rows=2108960 width=4) (actual time=0.018..4408.899 rows=2104137 loops=1)
              Filter: (production_year > 1968)
              Rows Removed by Filter: 424175
Planning time: 0.704 ms
Execution time: 10541.231 ms
