Hash Join  (cost=83743.23..117688.18 rows=109085 width=0) (actual time=4390.324..6406.806 rows=166846 loops=1)
  Hash Cond: (mi_idx.movie_id = t.id)
  ->  Seq Scan on movie_info_idx mi_idx  (cost=0.00..25185.44 rows=460978 width=4) (actual time=0.022..1612.706 rows=459925 loops=1)
        Filter: (info_type_id = 99)
        Rows Removed by Filter: 920110
  ->  Hash  (cost=73925.90..73925.90 rows=598346 width=4) (actual time=4389.454..4389.454 rows=507407 loops=1)
        Buckets: 131072  Batches: 8  Memory Usage: 3251kB
        ->  Seq Scan on title t  (cost=0.00..73925.90 rows=598346 width=4) (actual time=0.011..4137.453 rows=507407 loops=1)
              Filter: ((kind_id < 7) AND (production_year > 1997))
              Rows Removed by Filter: 2020905
Planning time: 0.715 ms
Execution time: 6428.345 ms
