Seq Scan on cast_info ci  (cost=0.00..796071.18 rows=10036962 width=0) (actual time=3258.683..15006.489 rows=5500625 loops=1)
  Filter: ((person_id < 2271796) AND (role_id > 2))
  Rows Removed by Filter: 30743719
Planning time: 0.402 ms
Execution time: 15681.536 ms
