Seq Scan on movie_companies mc  (cost=0.00..57926.93 rows=1068640 width=0) (actual time=0.035..2560.692 rows=1274246 loops=1)
  Filter: ((company_id < 78731) AND (company_type_id = 1))
  Rows Removed by Filter: 1334883
Planning time: 0.327 ms
Execution time: 2728.943 ms
