Hash Join  (cost=83074.74..109986.57 rows=134 width=0) (actual time=3340.208..4451.678 rows=288 loops=1)
  Hash Cond: (mi_idx.movie_id = t.id)
  ->  Seq Scan on movie_info_idx mi_idx  (cost=0.00..21735.35 rows=1380035 width=4) (actual time=0.016..848.746 rows=1380035 loops=1)
  ->  Hash  (cost=83071.67..83071.67 rows=246 width=8) (actual time=3334.934..3334.934 rows=102 loops=1)
        Buckets: 1024  Batches: 1  Memory Usage: 12kB
        ->  Nested Loop  (cost=0.43..83071.67 rows=246 width=8) (actual time=1.797..3334.771 rows=102 loops=1)
              ->  Seq Scan on movie_keyword mk  (cost=0.00..81003.12 rows=246 width=4) (actual time=1.753..3309.577 rows=102 loops=1)
                    Filter: (keyword_id = 14882)
                    Rows Removed by Filter: 4523828
              ->  Index Only Scan using title_pkey on title t  (cost=0.43..8.40 rows=1 width=4) (actual time=0.242..0.242 rows=1 loops=102)
                    Index Cond: (id = mk.movie_id)
                    Heap Fetches: 102
Planning time: 0.868 ms
Execution time: 4451.861 ms
