Hash Join  (cost=120769.39..197864.78 rows=148386 width=0) (actual time=5076.555..8085.883 rows=134313 loops=1)
  Hash Cond: (mc.movie_id = t.id)
  ->  Seq Scan on movie_companies mc  (cost=0.00..44881.29 rows=2609129 width=4) (actual time=0.024..2073.660 rows=2609129 loops=1)
  ->  Hash  (cost=118409.87..118409.87 rows=143802 width=8) (actual time=5075.680..5075.680 rows=52857 loops=1)
        Buckets: 131072  Batches: 2  Memory Usage: 2059kB
        ->  Hash Join  (cost=78249.37..118409.87 rows=143802 width=8) (actual time=3192.188..5058.214 rows=52857 loops=1)
              Hash Cond: (mi_idx.movie_id = t.id)
              ->  Seq Scan on movie_info_idx mi_idx  (cost=0.00..21735.35 rows=1380035 width=4) (actual time=0.015..1197.390 rows=1380035 loops=1)
              ->  Hash  (cost=73925.90..73925.90 rows=263477 width=4) (actual time=3190.721..3190.721 rows=153864 loops=1)
                    Buckets: 131072  Batches: 4  Memory Usage: 2376kB
                    ->  Seq Scan on title t  (cost=0.00..73925.90 rows=263477 width=4) (actual time=0.029..3131.043 rows=153864 loops=1)
                          Filter: ((production_year < 1974) AND (kind_id = 7))
                          Rows Removed by Filter: 2374448
Planning time: 1.046 ms
Execution time: 8103.330 ms
