Hash Join  (cost=709677.75..796340.58 rows=479 width=0) (actual time=12033.389..12875.221 rows=250 loops=1)
  Hash Cond: (mk.movie_id = t.id)
  ->  Seq Scan on movie_keyword mk  (cost=0.00..69693.30 rows=4523930 width=4) (actual time=0.014..1062.543 rows=4523930 loops=1)
  ->  Hash  (cost=709674.40..709674.40 rows=268 width=8) (actual time=11029.110..11029.110 rows=121 loops=1)
        Buckets: 1024  Batches: 1  Memory Usage: 13kB
        ->  Nested Loop  (cost=0.43..709674.40 rows=268 width=8) (actual time=1083.097..11029.038 rows=121 loops=1)
              ->  Seq Scan on cast_info ci  (cost=0.00..705507.15 rows=500 width=4) (actual time=1082.575..11023.000 rows=169 loops=1)
                    Filter: (person_id = 3825719)
                    Rows Removed by Filter: 36244175
              ->  Index Scan using title_pkey on title t  (cost=0.43..8.32 rows=1 width=4) (actual time=0.035..0.035 rows=1 loops=169)
                    Index Cond: (id = ci.movie_id)
                    Filter: ((production_year < 2012) AND (kind_id = 7))
                    Rows Removed by Filter: 0
Planning time: 1.743 ms
Execution time: 12875.384 ms
