Hash Join  (cost=102767.86..1154893.44 rows=13994365 width=0) (actual time=2465.479..28044.932 rows=13972684 loops=1)
  Hash Cond: (ci.movie_id = t.id)
  ->  Seq Scan on cast_info ci  (cost=0.00..705507.15 rows=13994365 width=4) (actual time=0.028..13681.891 rows=13972684 loops=1)
        Filter: (person_id < 1376756)
        Rows Removed by Filter: 22271660
  ->  Hash  (cost=61283.27..61283.27 rows=2528527 width=4) (actual time=2464.047..2464.047 rows=2528312 loops=1)
        Buckets: 131072  Batches: 64  Memory Usage: 2415kB
        ->  Seq Scan on title t  (cost=0.00..61283.27 rows=2528527 width=4) (actual time=0.027..1086.830 rows=2528312 loops=1)
Planning time: 0.770 ms
Execution time: 29597.654 ms
