Hash Join  (cost=683088.20..2321906.39 rows=45956791 width=0) (actual time=18061.438..81130.274 rows=115488691 loops=1)
  Hash Cond: (ci.movie_id = t.id)
  ->  Seq Scan on cast_info ci  (cost=0.00..705507.15 rows=25600611 width=4) (actual time=0.025..16194.718 rows=25618383 loops=1)
        Filter: (person_id < 2645377)
        Rows Removed by Filter: 10625961
  ->  Hash  (cost=608618.81..608618.81 rows=4539071 width=8) (actual time=18055.443..18055.443 rows=6147201 loops=1)
        Buckets: 131072 (originally 131072)  Batches: 128 (originally 64)  Memory Usage: 3073kB
        ->  Hash Join  (cost=80380.17..608618.81 rows=4539071 width=8) (actual time=1377.102..16145.437 rows=6147201 loops=1)
              Hash Cond: (mi.movie_id = t.id)
              ->  Seq Scan on movie_info mi  (cost=0.00..309384.22 rows=14739122 width=4) (actual time=0.017..6127.269 rows=14835720 loops=1)
              ->  Hash  (cost=67604.59..67604.59 rows=778687 width=4) (actual time=1375.902..1375.902 rows=782677 loops=1)
                    Buckets: 131072  Batches: 16  Memory Usage: 2751kB
                    ->  Seq Scan on title t  (cost=0.00..67604.59 rows=778687 width=4) (actual time=0.024..1114.627 rows=782677 loops=1)
                          Filter: (production_year < 1994)
                          Rows Removed by Filter: 1745635
Planning time: 1.158 ms
Execution time: 94634.228 ms
