Hash Join  (cost=78556.72..178921.05 rows=311396 width=0) (actual time=1450.875..3705.982 rows=732518 loops=1)
  Hash Cond: (mk.movie_id = t.id)
  ->  Seq Scan on movie_keyword mk  (cost=0.00..81003.12 rows=1179531 width=4) (actual time=0.022..1525.670 rows=1184191 loops=1)
        Filter: (keyword_id < 1411)
        Rows Removed by Filter: 3339739
  ->  Hash  (cost=67604.59..67604.59 rows=667531 width=4) (actual time=1330.531..1330.531 rows=662825 loops=1)
        Buckets: 131072  Batches: 16  Memory Usage: 2486kB
        ->  Seq Scan on title t  (cost=0.00..67604.59 rows=667531 width=4) (actual time=423.904..1121.981 rows=662825 loops=1)
              Filter: (kind_id = 1)
              Rows Removed by Filter: 1865487
Planning time: 0.781 ms
Execution time: 3793.203 ms
