Hash Join  (cost=140948.05..1242592.29 rows=6604004 width=0) (actual time=5337.263..72481.281 rows=22147660 loops=1)
  Hash Cond: (ci.movie_id = t.id)
  ->  Seq Scan on cast_info ci  (cost=0.00..614943.12 rows=36225612 width=4) (actual time=0.017..39448.215 rows=36244344 loops=1)
  ->  Hash  (cost=133385.10..133385.10 rows=460956 width=8) (actual time=5336.248..5336.248 rows=809945 loops=1)
        Buckets: 131072 (originally 131072)  Batches: 16 (originally 8)  Memory Usage: 3073kB
        ->  Hash Join  (cost=87783.05..133385.10 rows=460956 width=8) (actual time=3109.448..5096.608 rows=809945 loops=1)
              Hash Cond: (mi_idx.movie_id = t.id)
              ->  Seq Scan on movie_info_idx mi_idx  (cost=0.00..21735.35 rows=1380035 width=4) (actual time=0.022..968.226 rows=1380035 loops=1)
              ->  Hash  (cost=73925.90..73925.90 rows=844572 width=4) (actual time=3108.443..3108.443 rows=760399 loops=1)
                    Buckets: 131072  Batches: 16  Memory Usage: 2698kB
                    ->  Seq Scan on title t  (cost=0.00..73925.90 rows=844572 width=4) (actual time=0.025..2828.679 rows=760399 loops=1)
                          Filter: ((kind_id < 7) AND (production_year > 1964))
                          Rows Removed by Filter: 1767913
Planning time: 1.173 ms
Execution time: 75249.152 ms
