Hash Join  (cost=76796.18..116127.25 rows=95459 width=0) (actual time=4350.910..6665.969 rows=105012 loops=1)
  Hash Cond: (mi_idx.movie_id = t.id)
  ->  Seq Scan on movie_info_idx mi_idx  (cost=0.00..21735.35 rows=1380035 width=4) (actual time=0.026..1422.097 rows=1380035 loops=1)
  ->  Hash  (cost=73925.90..73925.90 rows=174902 width=4) (actual time=4168.215..4168.215 rows=160286 loops=1)
        Buckets: 131072  Batches: 4  Memory Usage: 2435kB
        ->  Seq Scan on title t  (cost=0.00..73925.90 rows=174902 width=4) (actual time=72.050..3393.609 rows=160286 loops=1)
              Filter: ((kind_id < 2) AND (production_year > 2008))
              Rows Removed by Filter: 2368026
Planning time: 0.686 ms
Execution time: 6678.959 ms
