Hash Join  (cost=169919.54..303926.96 rows=985338 width=0) (actual time=4242.591..11227.092 rows=16664781 loops=1)
  Hash Cond: (mk.movie_id = t.id)
  ->  Seq Scan on movie_keyword mk  (cost=0.00..69693.30 rows=4523930 width=4) (actual time=0.020..1415.639 rows=4523930 loops=1)
  ->  Hash  (cost=160883.44..160883.44 rows=550728 width=8) (actual time=4241.641..4241.641 rows=1217460 loops=1)
        Buckets: 131072 (originally 131072)  Batches: 16 (originally 8)  Memory Usage: 4051kB
        ->  Hash Join  (cost=83810.17..160883.44 rows=550728 width=8) (actual time=1584.272..3887.292 rows=1217460 loops=1)
              Hash Cond: (mc.movie_id = t.id)
              ->  Seq Scan on movie_companies mc  (cost=0.00..51404.11 rows=1409833 width=4) (actual time=0.016..1041.273 rows=1418210 loops=1)
                    Filter: (company_id > 10583)
                    Rows Removed by Filter: 1190919
              ->  Hash  (cost=67604.59..67604.59 rows=987727 width=4) (actual time=1583.264..1583.264 rows=985048 loops=1)
                    Buckets: 131072  Batches: 16  Memory Usage: 3188kB
                    ->  Seq Scan on title t  (cost=0.00..67604.59 rows=987727 width=4) (actual time=0.014..1271.576 rows=985048 loops=1)
                          Filter: (kind_id < 7)
                          Rows Removed by Filter: 1543264
Planning time: 1.101 ms
Execution time: 13011.803 ms
