Hash Join  (cost=169925.91..922402.66 rows=608053 width=0) (actual time=10312.646..19184.807 rows=4769747 loops=1)
  Hash Cond: (ci.movie_id = t.id)
  ->  Seq Scan on cast_info ci  (cost=0.00..705507.15 rows=3382687 width=4) (actual time=5865.238..11550.113 rows=3381556 loops=1)
        Filter: (person_id > 3441007)
        Rows Removed by Filter: 32862788
  ->  Hash  (cost=162468.48..162468.48 rows=454514 width=8) (actual time=4446.295..4446.295 rows=1025508 loops=1)
        Buckets: 131072 (originally 131072)  Batches: 16 (originally 8)  Memory Usage: 3530kB
        ->  Hash Join  (cost=81152.82..162468.48 rows=454514 width=8) (actual time=1463.688..4161.331 rows=1025508 loops=1)
              Hash Cond: (mc.movie_id = t.id)
              ->  Seq Scan on movie_companies mc  (cost=0.00..44881.29 rows=2609129 width=4) (actual time=0.036..1091.616 rows=2609129 loops=1)
              ->  Hash  (cost=73925.90..73925.90 rows=440473 width=4) (actual time=1462.843..1462.843 rows=473918 loops=1)
                    Buckets: 131072  Batches: 8  Memory Usage: 3117kB
                    ->  Seq Scan on title t  (cost=0.00..73925.90 rows=440473 width=4) (actual time=281.657..1324.406 rows=473918 loops=1)
                          Filter: ((production_year < 2008) AND (kind_id = 1))
                          Rows Removed by Filter: 2054394
Planning time: 1.202 ms
Execution time: 19732.487 ms
