Seq Scan on movie_keyword mk  (cost=0.00..81003.12 rows=246 width=0) (actual time=8.240..1257.537 rows=18 loops=1)
  Filter: (keyword_id = 14261)
  Rows Removed by Filter: 4523912
Planning time: 0.352 ms
Execution time: 1257.650 ms
