Seq Scan on movie_companies mc  (cost=0.00..57926.93 rows=828208 width=0) (actual time=0.027..935.037 rows=518793 loops=1)
  Filter: ((company_id < 16882) AND (company_type_id = 2))
  Rows Removed by Filter: 2090336
Planning time: 0.403 ms
Execution time: 998.587 ms
