Seq Scan on cast_info ci  (cost=0.00..796071.18 rows=18939112 width=0) (actual time=0.018..14594.470 rows=16470092 loops=1)
  Filter: ((person_id < 2956605) AND (role_id > 1))
  Rows Removed by Filter: 19774252
Planning time: 1.306 ms
Execution time: 16464.425 ms
