Hash Join  (cost=190230.21..1220214.90 rows=10232016 width=0) (actual time=4460.429..33909.048 rows=21737257 loops=1)
  Hash Cond: (ci.movie_id = t.id)
  ->  Seq Scan on cast_info ci  (cost=0.00..705507.15 rows=18747299 width=4) (actual time=0.026..14160.163 rows=18641317 loops=1)
        Filter: (person_id < 1856420)
        Rows Removed by Filter: 17603027
  ->  Hash  (cost=167588.78..167588.78 rows=1380035 width=8) (actual time=4459.608..4459.608 rows=1380035 loops=1)
        Buckets: 131072  Batches: 32  Memory Usage: 2708kB
        ->  Hash Join  (cost=102767.86..167588.78 rows=1380035 width=8) (actual time=2003.360..4043.393 rows=1380035 loops=1)
              Hash Cond: (mi_idx.movie_id = t.id)
              ->  Seq Scan on movie_info_idx mi_idx  (cost=0.00..21735.35 rows=1380035 width=4) (actual time=0.015..493.327 rows=1380035 loops=1)
              ->  Hash  (cost=61283.27..61283.27 rows=2528527 width=4) (actual time=2002.449..2002.449 rows=2528312 loops=1)
                    Buckets: 131072  Batches: 64  Memory Usage: 2415kB
                    ->  Seq Scan on title t  (cost=0.00..61283.27 rows=2528527 width=4) (actual time=0.026..1158.726 rows=2528312 loops=1)
Planning time: 2.008 ms
Execution time: 36323.071 ms
