Hash Join  (cost=74869.42..443925.23 rows=439989 width=0) (actual time=1303.926..12410.125 rows=284652 loops=1)
  Hash Cond: (mi.movie_id = t.id)
  ->  Seq Scan on movie_info mi  (cost=0.00..309384.22 rows=14739122 width=4) (actual time=0.022..5009.216 rows=14835720 loops=1)
  ->  Hash  (cost=73925.90..73925.90 rows=75481 width=4) (actual time=1303.112..1303.112 rows=88220 loops=1)
        Buckets: 131072 (originally 131072)  Batches: 2 (originally 1)  Memory Usage: 3073kB
        ->  Seq Scan on title t  (cost=0.00..73925.90 rows=75481 width=4) (actual time=0.050..1252.561 rows=88220 loops=1)
              Filter: ((kind_id > 2) AND (production_year = 2006))
              Rows Removed by Filter: 2440092
Planning time: 1.355 ms
Execution time: 12450.556 ms
