Seq Scan on cast_info ci  (cost=0.00..705507.15 rows=2823797 width=0) (actual time=0.018..11171.273 rows=2871212 loops=1)
  Filter: (person_id > 3521389)
  Rows Removed by Filter: 33373132
Planning time: 0.324 ms
Execution time: 11520.824 ms
