Hash Join  (cost=320987.28..1243832.36 rows=9880923 width=0) (actual time=6599.588..25454.643 rows=9496647 loops=1)
  Hash Cond: (ci.movie_id = t.id)
  ->  Seq Scan on cast_info ci  (cost=0.00..705507.15 rows=7503630 width=4) (actual time=204.667..12291.555 rows=7427543 loops=1)
        Filter: (person_id < 719032)
        Rows Removed by Filter: 28816801
  ->  Hash  (cost=266360.12..266360.12 rows=3329613 width=8) (actual time=6392.343..6392.343 rows=1637255 loops=1)
        Buckets: 131072  Batches: 64  Memory Usage: 2002kB
        ->  Hash Join  (cost=98137.04..266360.12 rows=3329613 width=8) (actual time=1820.569..5919.188 rows=1637255 loops=1)
              Hash Cond: (mk.movie_id = t.id)
              ->  Seq Scan on movie_keyword mk  (cost=0.00..69693.30 rows=4523930 width=4) (actual time=0.031..1385.009 rows=4523930 loops=1)
              ->  Hash  (cost=67604.59..67604.59 rows=1860996 width=4) (actual time=1819.375..1819.375 rows=1865487 loops=1)
                    Buckets: 131072  Batches: 32  Memory Usage: 3085kB
                    ->  Seq Scan on title t  (cost=0.00..67604.59 rows=1860996 width=4) (actual time=0.022..1204.598 rows=1865487 loops=1)
                          Filter: (kind_id > 1)
                          Rows Removed by Filter: 662825
Planning time: 1.104 ms
Execution time: 26553.556 ms
