Hash Join  (cost=185598.17..688493.59 rows=2163850 width=0) (actual time=4366.111..20112.845 rows=10460573 loops=1)
  Hash Cond: (mi.movie_id = t.id)
  ->  Seq Scan on movie_info mi  (cost=0.00..309384.22 rows=14739122 width=4) (actual time=0.021..6151.495 rows=14835720 loops=1)
  ->  Hash  (cost=179507.00..179507.00 rows=371213 width=8) (actual time=4365.095..4365.095 rows=688174 loops=1)
        Buckets: 131072 (originally 131072)  Batches: 16 (originally 8)  Memory Usage: 3073kB
        ->  Hash Join  (cost=102767.86..179507.00 rows=371213 width=8) (actual time=1904.485..4159.328 rows=688174 loops=1)
              Hash Cond: (mc.movie_id = t.id)
              ->  Seq Scan on movie_companies mc  (cost=0.00..57926.93 rows=371213 width=4) (actual time=0.022..1012.699 rows=688174 loops=1)
                    Filter: ((company_id > 40088) AND (company_type_id = 2))
                    Rows Removed by Filter: 1920955
              ->  Hash  (cost=61283.27..61283.27 rows=2528527 width=4) (actual time=1903.275..1903.275 rows=2528312 loops=1)
                    Buckets: 131072  Batches: 64  Memory Usage: 2415kB
                    ->  Seq Scan on title t  (cost=0.00..61283.27 rows=2528527 width=4) (actual time=0.021..1075.395 rows=2528312 loops=1)
Planning time: 3.823 ms
Execution time: 21239.199 ms
