Seq Scan on cast_info ci  (cost=0.00..796071.18 rows=3847470 width=0) (actual time=7849.477..13421.596 rows=1907604 loops=1)
  Filter: ((person_id < 1597764) AND (role_id > 5))
  Rows Removed by Filter: 34336740
Planning time: 0.368 ms
Execution time: 13663.691 ms
