Seq Scan on title t  (cost=0.00..67604.59 rows=1926906 width=0) (actual time=0.022..1218.766 rows=1918028 loops=1)
  Filter: (production_year > 1981)
  Rows Removed by Filter: 610284
Planning time: 0.326 ms
Execution time: 1459.637 ms
