Seq Scan on movie_keyword mk  (cost=0.00..81003.12 rows=2015596 width=0) (actual time=0.026..1465.875 rows=2020048 loops=1)
  Filter: (keyword_id > 6126)
  Rows Removed by Filter: 2503882
Planning time: 0.301 ms
Execution time: 1719.038 ms
