Hash Join  (cost=107998.09..195701.36 rows=104524 width=0) (actual time=2049.471..3863.092 rows=202503 loops=1)
  Hash Cond: (mk.movie_id = t.id)
  ->  Seq Scan on movie_keyword mk  (cost=0.00..69693.30 rows=4523930 width=4) (actual time=0.023..960.443 rows=4523930 loops=1)
  ->  Hash  (cost=107267.82..107267.82 rows=58421 width=8) (actual time=2048.976..2048.976 rows=41372 loops=1)
        Buckets: 65536  Batches: 1  Memory Usage: 2129kB
        ->  Hash Join  (cost=70241.71..107267.82 rows=58421 width=8) (actual time=1093.021..2036.350 rows=41372 loops=1)
              Hash Cond: (mi_idx.movie_id = t.id)
              ->  Seq Scan on movie_info_idx mi_idx  (cost=0.00..25185.44 rows=919057 width=4) (actual time=0.029..571.257 rows=920110 loops=1)
                    Filter: (info_type_id > 99)
                    Rows Removed by Filter: 459925
              ->  Hash  (cost=67604.59..67604.59 rows=160730 width=4) (actual time=1091.883..1091.883 rows=160017 loops=1)
                    Buckets: 131072  Batches: 4  Memory Usage: 2436kB
                    ->  Seq Scan on title t  (cost=0.00..67604.59 rows=160730 width=4) (actual time=0.029..1035.650 rows=160017 loops=1)
                          Filter: (production_year = 2011)
                          Rows Removed by Filter: 2368295
Planning time: 1.096 ms
Execution time: 3888.730 ms
