Seq Scan on cast_info ci  (cost=0.00..796071.18 rows=324 width=0) (actual time=3320.195..14240.947 rows=347 loops=1)
  Filter: ((role_id > 1) AND (person_id = 2612835))
  Rows Removed by Filter: 36243997
Planning time: 1.488 ms
Execution time: 14241.136 ms
