Hash Join  (cost=73982.55..438902.66 rows=26418 width=0) (actual time=1316.588..8635.851 rows=31937 loops=1)
  Hash Cond: (mi.movie_id = t.id)
  ->  Seq Scan on movie_info mi  (cost=0.00..309384.22 rows=14739122 width=4) (actual time=0.010..4249.909 rows=14835720 loops=1)
  ->  Hash  (cost=73925.90..73925.90 rows=4532 width=4) (actual time=1314.521..1314.521 rows=8488 loops=1)
        Buckets: 16384 (originally 8192)  Batches: 1 (originally 1)  Memory Usage: 427kB
        ->  Seq Scan on title t  (cost=0.00..73925.90 rows=4532 width=4) (actual time=14.496..1310.333 rows=8488 loops=1)
              Filter: ((kind_id = 7) AND (production_year = 1969))
              Rows Removed by Filter: 2519824
Planning time: 0.841 ms
Execution time: 8640.681 ms
