Hash Join  (cost=75636.60..134139.64 rows=575 width=0) (actual time=1378.442..2175.468 rows=658 loops=1)
  Hash Cond: (mc.movie_id = t.id)
  ->  Seq Scan on movie_companies mc  (cost=0.00..57926.93 rows=13961 width=4) (actual time=0.035..776.303 rows=14470 loops=1)
        Filter: ((company_id = 27) AND (company_type_id = 2))
        Rows Removed by Filter: 2594659
  ->  Hash  (cost=73925.90..73925.90 rows=104216 width=4) (actual time=1377.221..1377.221 rows=108513 loops=1)
        Buckets: 131072  Batches: 2  Memory Usage: 2931kB
        ->  Seq Scan on title t  (cost=0.00..73925.90 rows=104216 width=4) (actual time=0.024..1335.703 rows=108513 loops=1)
              Filter: ((kind_id > 1) AND (production_year = 2010))
              Rows Removed by Filter: 2419799
Planning time: 0.694 ms
Execution time: 2175.691 ms
