Seq Scan on cast_info ci  (cost=0.00..796071.18 rows=295614 width=0) (actual time=3113.748..12490.701 rows=158317 loops=1)
  Filter: ((person_id < 1166350) AND (role_id = 5))
  Rows Removed by Filter: 36086027
Planning time: 0.406 ms
Execution time: 12511.141 ms
