Hash Join  (cost=232771.99..1435018.13 rows=16397194 width=0) (actual time=5874.651..71603.234 rows=125356968 loops=1)
  Hash Cond: (ci.movie_id = t.id)
  ->  Seq Scan on cast_info ci  (cost=0.00..614943.12 rows=36225612 width=4) (actual time=1.702..13663.506 rows=36244344 loops=1)
  ->  Hash  (cost=213994.56..213994.56 rows=1144515 width=8) (actual time=5871.509..5871.509 rows=2523018 loops=1)
        Buckets: 131072 (originally 131072)  Batches: 64 (originally 16)  Memory Usage: 4092kB
        ->  Hash Join  (cost=83810.17..213994.56 rows=1144515 width=8) (actual time=1442.463..5151.377 rows=2523018 loops=1)
              Hash Cond: (mk.movie_id = t.id)
              ->  Seq Scan on movie_keyword mk  (cost=0.00..81003.12 rows=2929895 width=4) (actual time=0.030..1603.387 rows=2916364 loops=1)
                    Filter: (keyword_id < 9474)
                    Rows Removed by Filter: 1607566
              ->  Hash  (cost=67604.59..67604.59 rows=987727 width=4) (actual time=1441.634..1441.634 rows=985048 loops=1)
                    Buckets: 131072  Batches: 16  Memory Usage: 3197kB
                    ->  Seq Scan on title t  (cost=0.00..67604.59 rows=987727 width=4) (actual time=0.024..1129.992 rows=985048 loops=1)
                          Filter: (kind_id < 7)
                          Rows Removed by Filter: 1543264
Planning time: 0.729 ms
Execution time: 85501.353 ms
