Hash Join  (cost=709675.65..1074343.24 rows=1166 width=0) (actual time=10669.452..17730.298 rows=569 loops=1)
  Hash Cond: (mi.movie_id = t.id)
  ->  Seq Scan on movie_info mi  (cost=0.00..309384.22 rows=14739122 width=4) (actual time=0.016..4381.461 rows=14835720 loops=1)
  ->  Hash  (cost=709673.15..709673.15 rows=200 width=8) (actual time=10660.308..10660.308 rows=15 loops=1)
        Buckets: 1024  Batches: 1  Memory Usage: 9kB
        ->  Nested Loop  (cost=0.43..709673.15 rows=200 width=8) (actual time=3836.894..10660.284 rows=15 loops=1)
              ->  Seq Scan on cast_info ci  (cost=0.00..705507.15 rows=500 width=4) (actual time=3836.455..10657.349 rows=151 loops=1)
                    Filter: (person_id = 1386374)
                    Rows Removed by Filter: 36244193
              ->  Index Scan using title_pkey on title t  (cost=0.43..8.32 rows=1 width=4) (actual time=0.019..0.019 rows=0 loops=151)
                    Index Cond: (id = ci.movie_id)
                    Filter: (production_year > 2005)
                    Rows Removed by Filter: 1
Planning time: 1.152 ms
Execution time: 17730.610 ms
