Hash Join  (cost=102767.86..241385.51 rows=1983786 width=0) (actual time=1948.479..5415.044 rows=1989931 loops=1)
  Hash Cond: (mk.movie_id = t.id)
  ->  Seq Scan on movie_keyword mk  (cost=0.00..81003.12 rows=1983786 width=4) (actual time=0.009..1630.459 rows=1989931 loops=1)
        Filter: (keyword_id > 6308)
        Rows Removed by Filter: 2533999
  ->  Hash  (cost=61283.27..61283.27 rows=2528527 width=4) (actual time=1947.784..1947.784 rows=2528312 loops=1)
        Buckets: 131072  Batches: 64  Memory Usage: 2425kB
        ->  Seq Scan on title t  (cost=0.00..61283.27 rows=2528527 width=4) (actual time=0.018..1078.212 rows=2528312 loops=1)
Planning time: 0.725 ms
Execution time: 5640.680 ms
