Hash Join  (cost=67697.55..150020.68 rows=1027 width=0) (actual time=1154.573..2637.430 rows=1764 loops=1)
  Hash Cond: (mk.movie_id = t.id)
  ->  Seq Scan on movie_keyword mk  (cost=0.00..81003.12 rows=349264 width=4) (actual time=0.090..1398.397 rows=363692 loops=1)
        Filter: (keyword_id < 335)
        Rows Removed by Filter: 4160238
  ->  Hash  (cost=67604.59..67604.59 rows=7437 width=4) (actual time=1153.881..1153.881 rows=11073 loops=1)
        Buckets: 16384 (originally 8192)  Batches: 1 (originally 1)  Memory Usage: 518kB
        ->  Seq Scan on title t  (cost=0.00..67604.59 rows=7437 width=4) (actual time=0.017..1148.206 rows=11073 loops=1)
              Filter: (production_year = 1961)
              Rows Removed by Filter: 2517239
Planning time: 0.752 ms
Execution time: 2638.090 ms
