Seq Scan on cast_info ci  (cost=0.00..705507.15 rows=6914037 width=0) (actual time=38.835..11382.183 rows=6844831 loops=1)
  Filter: (person_id < 661877)
  Rows Removed by Filter: 29399513
Planning time: 0.325 ms
Execution time: 12258.651 ms
