Hash Join  (cost=110229.59..493617.49 rows=161969 width=0) (actual time=3165.221..12879.665 rows=1196845 loops=1)
  Hash Cond: (mi.movie_id = t.id)
  ->  Seq Scan on movie_info mi  (cost=0.00..346232.03 rows=9476311 width=4) (actual time=786.800..6344.423 rows=9565151 loops=1)
        Filter: (info_type_id < 16)
        Rows Removed by Filter: 5270569
  ->  Hash  (cost=109689.37..109689.37 rows=43218 width=8) (actual time=2376.152..2376.152 rows=99298 loops=1)
        Buckets: 131072 (originally 65536)  Batches: 2 (originally 1)  Memory Usage: 3073kB
        ->  Hash Join  (cost=77815.08..109689.37 rows=43218 width=8) (actual time=1508.392..2343.865 rows=99298 loops=1)
              Hash Cond: (mi_idx.movie_id = t.id)
              ->  Seq Scan on movie_info_idx mi_idx  (cost=0.00..25185.44 rows=460978 width=4) (actual time=0.030..503.548 rows=459925 loops=1)
                    Filter: (info_type_id < 100)
                    Rows Removed by Filter: 920110
              ->  Hash  (cost=73925.90..73925.90 rows=237054 width=4) (actual time=1507.227..1507.227 rows=349645 loops=1)
                    Buckets: 131072 (originally 131072)  Batches: 8 (originally 4)  Memory Usage: 3073kB
                    ->  Seq Scan on title t  (cost=0.00..73925.90 rows=237054 width=4) (actual time=0.030..1376.751 rows=349645 loops=1)
                          Filter: ((kind_id < 7) AND (production_year < 1986))
                          Rows Removed by Filter: 2178667
Planning time: 1.033 ms
Execution time: 13031.996 ms
