Seq Scan on cast_info ci  (cost=0.00..705507.15 rows=500 width=0) (actual time=8721.162..10676.759 rows=524 loops=1)
  Filter: (person_id = 470568)
  Rows Removed by Filter: 36243820
Planning time: 0.378 ms
Execution time: 10676.931 ms
