Seq Scan on movie_companies mc  (cost=0.00..57926.93 rows=144551 width=0) (actual time=0.023..818.865 rows=64235 loops=1)
  Filter: ((company_id < 150) AND (company_type_id > 1))
  Rows Removed by Filter: 2544894
Planning time: 0.318 ms
Execution time: 828.242 ms
