Hash Join  (cost=90260.67..154722.21 rows=36498 width=0) (actual time=1868.631..2782.137 rows=6049 loops=1)
  Hash Cond: (mc.movie_id = t.id)
  ->  Seq Scan on movie_companies mc  (cost=0.00..57926.93 rows=66831 width=4) (actual time=191.832..874.227 rows=23541 loops=1)
        Filter: ((company_id < 27) AND (company_type_id > 1))
        Rows Removed by Filter: 2585588
  ->  Hash  (cost=67604.59..67604.59 rows=1380887 width=4) (actual time=1675.911..1675.911 rows=1381453 loops=1)
        Buckets: 131072  Batches: 32  Memory Usage: 2543kB
        ->  Seq Scan on title t  (cost=0.00..67604.59 rows=1380887 width=4) (actual time=0.022..1206.970 rows=1381453 loops=1)
              Filter: (production_year > 2000)
              Rows Removed by Filter: 1146859
Planning time: 0.769 ms
Execution time: 2783.022 ms
