Seq Scan on movie_keyword mk  (cost=0.00..81003.12 rows=1921835 width=0) (actual time=0.023..1550.765 rows=1933210 loops=1)
  Filter: (keyword_id > 6887)
  Rows Removed by Filter: 2590720
Planning time: 0.359 ms
Execution time: 1801.223 ms
