Seq Scan on movie_keyword mk  (cost=0.00..81003.12 rows=1289966 width=0) (actual time=0.020..1439.641 rows=1301622 loops=1)
  Filter: (keyword_id > 13541)
  Rows Removed by Filter: 3222308
Planning time: 0.338 ms
Execution time: 1598.614 ms
