Hash Join  (cost=79111.30..150612.84 rows=183996 width=0) (actual time=1275.695..3100.995 rows=416416 loops=1)
  Hash Cond: (mc.movie_id = t.id)
  ->  Seq Scan on movie_companies mc  (cost=0.00..51404.11 rows=1472124 width=4) (actual time=0.025..963.571 rows=1464191 loops=1)
        Filter: (company_id < 13203)
        Rows Removed by Filter: 1144938
  ->  Hash  (cost=73925.90..73925.90 rows=316032 width=4) (actual time=1274.851..1274.851 rows=400740 loops=1)
        Buckets: 131072  Batches: 8  Memory Usage: 2793kB
        ->  Seq Scan on title t  (cost=0.00..73925.90 rows=316032 width=4) (actual time=19.626..1145.928 rows=400740 loops=1)
              Filter: ((production_year < 2003) AND (kind_id = 1))
              Rows Removed by Filter: 2127572
Planning time: 0.783 ms
Execution time: 3149.854 ms
