Seq Scan on movie_keyword mk  (cost=0.00..81003.12 rows=1585429 width=0) (actual time=0.027..1428.138 rows=1595730 loops=1)
  Filter: (keyword_id < 2447)
  Rows Removed by Filter: 2928200
Planning time: 0.314 ms
Execution time: 1631.266 ms
