Hash Join  (cost=94973.51..1290382.43 rows=16430045 width=0) (actual time=3144.415..35008.280 rows=16071292 loops=1)
  Hash Cond: (ci.movie_id = t.id)
  ->  Seq Scan on cast_info ci  (cost=0.00..705507.15 rows=24904063 width=4) (actual time=1400.142..15120.937 rows=25002918 loops=1)
        Filter: (person_id > 1103481)
        Rows Removed by Filter: 11241426
  ->  Hash  (cost=67604.59..67604.59 rows=1668154 width=4) (actual time=1741.508..1741.508 rows=1674098 loops=1)
        Buckets: 131072  Batches: 32  Memory Usage: 2869kB
        ->  Seq Scan on title t  (cost=0.00..67604.59 rows=1668154 width=4) (actual time=0.020..1203.972 rows=1674098 loops=1)
              Filter: (kind_id > 3)
              Rows Removed by Filter: 854214
Planning time: 0.455 ms
Execution time: 36843.092 ms
