Seq Scan on cast_info ci  (cost=0.00..796071.18 rows=435 width=0) (actual time=1202.020..14275.157 rows=28 loops=1)
  Filter: ((role_id < 10) AND (person_id = 3160632))
  Rows Removed by Filter: 36244316
Planning time: 0.411 ms
Execution time: 14275.271 ms
