Hash Join  (cost=75533.21..148455.70 rows=47360 width=0) (actual time=1653.602..2999.360 rows=26295 loops=1)
  Hash Cond: (mc.movie_id = t.id)
  ->  Seq Scan on movie_companies mc  (cost=0.00..57926.93 rows=1222657 width=4) (actual time=376.600..1243.448 rows=1289292 loops=1)
        Filter: ((company_id > 68) AND (company_type_id = 2))
        Rows Removed by Filter: 1319837
  ->  Hash  (cost=73925.90..73925.90 rows=97944 width=4) (actual time=1276.149..1276.149 rows=106247 loops=1)
        Buckets: 131072  Batches: 2  Memory Usage: 2890kB
        ->  Seq Scan on title t  (cost=0.00..73925.90 rows=97944 width=4) (actual time=372.195..1236.666 rows=106247 loops=1)
              Filter: ((kind_id = 7) AND (production_year = 2011))
              Rows Removed by Filter: 2422065
Planning time: 0.687 ms
Execution time: 3002.921 ms
