Seq Scan on cast_info ci  (cost=0.00..796071.18 rows=5966935 width=0) (actual time=0.021..16419.087 rows=7450650 loops=1)
  Filter: ((person_id > 631038) AND (role_id = 2))
  Rows Removed by Filter: 28793694
Planning time: 0.373 ms
Execution time: 17365.258 ms
