Seq Scan on cast_info ci  (cost=0.00..796071.18 rows=3470581 width=0) (actual time=1436.017..11984.082 rows=3854671 loops=1)
  Filter: ((person_id < 414707) AND (role_id < 7))
  Rows Removed by Filter: 32389673
Planning time: 2.639 ms
Execution time: 12455.887 ms
