Nested Loop  (cost=0.43..83071.67 rows=246 width=0) (actual time=0.972..1187.644 rows=844 loops=1)
  ->  Seq Scan on movie_keyword mk  (cost=0.00..81003.12 rows=246 width=4) (actual time=0.908..1142.496 rows=844 loops=1)
        Filter: (keyword_id = 2845)
        Rows Removed by Filter: 4523086
  ->  Index Only Scan using title_pkey on title t  (cost=0.43..8.40 rows=1 width=4) (actual time=0.052..0.052 rows=1 loops=844)
        Index Cond: (id = mk.movie_id)
        Heap Fetches: 844
Planning time: 0.706 ms
Execution time: 1188.016 ms
