Hash Join  (cost=74426.67..967847.80 rows=394627 width=0) (actual time=2474.666..25152.907 rows=355403 loops=1)
  Hash Cond: (ci.movie_id = t.id)
  ->  Seq Scan on cast_info ci  (cost=0.00..796071.18 rows=24907650 width=4) (actual time=1323.258..17484.049 rows=24698404 loops=1)
        Filter: ((person_id > 333695) AND (role_id < 6))
        Rows Removed by Filter: 11545940
  ->  Hash  (cost=73925.90..73925.90 rows=40061 width=4) (actual time=1150.945..1150.945 rows=40120 loops=1)
        Buckets: 65536  Batches: 1  Memory Usage: 1923kB
        ->  Seq Scan on title t  (cost=0.00..73925.90 rows=40061 width=4) (actual time=0.041..1134.157 rows=40120 loops=1)
              Filter: ((kind_id = 7) AND (production_year = 2013))
              Rows Removed by Filter: 2488192
Planning time: 0.723 ms
Execution time: 25203.933 ms
