Hash Join  (cost=757950.42..3068950.15 rows=97881642 width=0) (actual time=19854.452..73178.273 rows=73439142 loops=1)
  Hash Cond: (ci.movie_id = t.id)
  ->  Seq Scan on cast_info ci  (cost=0.00..614943.12 rows=36225612 width=4) (actual time=0.022..13508.538 rows=36244344 loops=1)
  ->  Hash  (cost=645861.39..645861.39 rows=6832083 width=8) (actual time=19851.415..19851.415 rows=3282219 loops=1)
        Buckets: 131072  Batches: 128  Memory Usage: 1992kB
        ->  Hash Join  (cost=93155.63..645861.39 rows=6832083 width=8) (actual time=2095.035..18494.541 rows=3282219 loops=1)
              Hash Cond: (mi.movie_id = t.id)
              ->  Seq Scan on movie_info mi  (cost=0.00..309384.22 rows=14739122 width=4) (actual time=0.019..6163.609 rows=14835720 loops=1)
              ->  Hash  (cost=73925.90..73925.90 rows=1172058 width=4) (actual time=2043.367..2043.367 rows=1128906 loops=1)
                    Buckets: 131072  Batches: 16  Memory Usage: 3509kB
                    ->  Seq Scan on title t  (cost=0.00..73925.90 rows=1172058 width=4) (actual time=315.058..1391.176 rows=1128906 loops=1)
                          Filter: ((production_year < 2010) AND (kind_id = 7))
                          Rows Removed by Filter: 1399406
Planning time: 1.093 ms
Execution time: 81380.092 ms
