Hash Join  (cost=93408.25..194092.27 rows=1622908 width=0) (actual time=1897.717..4807.199 rows=1335947 loops=1)
  Hash Cond: (mc.movie_id = t.id)
  ->  Seq Scan on movie_companies mc  (cost=0.00..44881.29 rows=2609129 width=4) (actual time=0.029..946.360 rows=2609129 loops=1)
  ->  Hash  (cost=67604.59..67604.59 rows=1572773 width=4) (actual time=1896.358..1896.358 rows=1570568 loops=1)
        Buckets: 131072  Batches: 32  Memory Usage: 2751kB
        ->  Seq Scan on title t  (cost=0.00..67604.59 rows=1572773 width=4) (actual time=0.021..1387.576 rows=1570568 loops=1)
              Filter: (production_year > 1996)
              Rows Removed by Filter: 957744
Planning time: 1.225 ms
Execution time: 4969.108 ms
