Seq Scan on movie_companies mc  (cost=0.00..51404.11 rows=702791 width=0) (actual time=0.026..977.065 rows=692726 loops=1)
  Filter: (company_id < 1284)
  Rows Removed by Filter: 1916403
Planning time: 0.327 ms
Execution time: 1066.364 ms
