Hash Join  (cost=106840.27..196083.71 rows=1210174 width=0) (actual time=2506.853..4747.064 rows=1252456 loops=1)
  Hash Cond: (mc.movie_id = t.id)
  ->  Seq Scan on movie_companies mc  (cost=0.00..51404.11 rows=1279517 width=4) (actual time=140.364..836.064 rows=1274246 loops=1)
        Filter: (company_type_id = 1)
        Rows Removed by Filter: 1334883
  ->  Hash  (cost=67604.59..67604.59 rows=2391495 width=4) (actual time=2365.577..2365.577 rows=2388876 loops=1)
        Buckets: 131072  Batches: 32  Memory Usage: 3646kB
        ->  Seq Scan on title t  (cost=0.00..67604.59 rows=2391495 width=4) (actual time=0.022..1334.390 rows=2388876 loops=1)
              Filter: (production_year < 2013)
              Rows Removed by Filter: 139436
Planning time: 0.753 ms
Execution time: 4904.157 ms
