Hash Join  (cost=103947.06..213768.71 rows=2285771 width=0) (actual time=1900.520..5182.690 rows=2090660 loops=1)
  Hash Cond: (mc.movie_id = t.id)
  ->  Seq Scan on movie_companies mc  (cost=0.00..44881.29 rows=2609129 width=4) (actual time=0.014..918.299 rows=2609129 loops=1)
  ->  Hash  (cost=67604.59..67604.59 rows=2215158 width=4) (actual time=1899.341..1899.341 rows=2203697 loops=1)
        Buckets: 131072  Batches: 32  Memory Usage: 3448kB
        ->  Seq Scan on title t  (cost=0.00..67604.59 rows=2215158 width=4) (actual time=0.018..1245.836 rows=2203697 loops=1)
              Filter: (production_year > 1960)
              Rows Removed by Filter: 324615
Planning time: 5.548 ms
Execution time: 5440.688 ms
