Hash Join  (cost=88359.31..475888.78 rows=1097963 width=0) (actual time=3390.926..8389.012 rows=1320169 loops=1)
  Hash Cond: (mi.movie_id = t.id)
  ->  Seq Scan on movie_info mi  (cost=0.00..346232.03 rows=2194617 width=4) (actual time=1691.949..5179.934 rows=2233850 loops=1)
        Filter: (info_type_id > 16)
        Rows Removed by Filter: 12601870
  ->  Hash  (cost=67604.59..67604.59 rows=1265018 width=4) (actual time=1697.340..1697.340 rows=1263700 loops=1)
        Buckets: 131072  Batches: 32  Memory Usage: 2419kB
        ->  Seq Scan on title t  (cost=0.00..67604.59 rows=1265018 width=4) (actual time=0.047..1268.867 rows=1263700 loops=1)
              Filter: (production_year < 2004)
              Rows Removed by Filter: 1264612
Planning time: 0.783 ms
Execution time: 8529.940 ms
