Hash Join  (cost=223248.30..1408813.91 rows=10365350 width=0) (actual time=5280.817..60544.382 rows=96218415 loops=1)
  Hash Cond: (ci.movie_id = t.id)
  ->  Seq Scan on cast_info ci  (cost=0.00..614943.12 rows=36225612 width=4) (actual time=0.011..13303.770 rows=36244344 loops=1)
  ->  Hash  (cost=211377.62..211377.62 rows=723495 width=8) (actual time=5279.704..5279.704 rows=1214500 loops=1)
        Buckets: 131072 (originally 131072)  Batches: 32 (originally 16)  Memory Usage: 4063kB
        ->  Hash Join  (cost=80560.63..211377.62 rows=723495 width=8) (actual time=1280.422..4918.011 rows=1214500 loops=1)
              Hash Cond: (mk.movie_id = t.id)
              ->  Seq Scan on movie_keyword mk  (cost=0.00..69693.30 rows=4523930 width=4) (actual time=0.013..1475.917 rows=4523930 loops=1)
              ->  Hash  (cost=73925.90..73925.90 rows=404378 width=4) (actual time=1279.219..1279.219 rows=296768 loops=1)
                    Buckets: 131072  Batches: 8  Memory Usage: 2340kB
                    ->  Seq Scan on title t  (cost=0.00..73925.90 rows=404378 width=4) (actual time=0.020..1187.641 rows=296768 loops=1)
                          Filter: ((production_year > 1997) AND (kind_id = 1))
                          Rows Removed by Filter: 2231544
Planning time: 1.173 ms
Execution time: 71488.691 ms
