Hash Join  (cost=28270.34..114933.57 rows=519 width=0) (actual time=433.830..2284.274 rows=25378 loops=1)
  Hash Cond: (mk.movie_id = t.id)
  ->  Seq Scan on movie_keyword mk  (cost=0.00..69693.30 rows=4523930 width=4) (actual time=0.014..1083.538 rows=4523930 loops=1)
  ->  Hash  (cost=28266.72..28266.72 rows=290 width=8) (actual time=404.807..404.807 rows=159 loops=1)
        Buckets: 1024  Batches: 1  Memory Usage: 15kB
        ->  Nested Loop  (cost=0.43..28266.72 rows=290 width=8) (actual time=50.046..404.722 rows=159 loops=1)
              ->  Seq Scan on movie_info_idx mi_idx  (cost=0.00..25185.44 rows=368 width=4) (actual time=49.975..387.642 rows=260 loops=1)
                    Filter: (info_type_id > 101)
                    Rows Removed by Filter: 1379775
              ->  Index Scan using title_pkey on title t  (cost=0.43..8.36 rows=1 width=4) (actual time=0.065..0.065 rows=1 loops=260)
                    Index Cond: (id = mi_idx.movie_id)
                    Filter: (production_year > 1976)
                    Rows Removed by Filter: 0
Planning time: 0.909 ms
Execution time: 2287.798 ms
