Hash Join  (cost=102767.86..187259.79 rows=964543 width=0) (actual time=2038.859..4139.537 rows=975124 loops=1)
  Hash Cond: (mc.movie_id = t.id)
  ->  Seq Scan on movie_companies mc  (cost=0.00..51404.11 rows=964543 width=4) (actual time=0.027..1045.074 rows=975124 loops=1)
        Filter: (company_id > 17530)
        Rows Removed by Filter: 1634005
  ->  Hash  (cost=61283.27..61283.27 rows=2528527 width=4) (actual time=2037.517..2037.517 rows=2528312 loops=1)
        Buckets: 131072  Batches: 64  Memory Usage: 2415kB
        ->  Seq Scan on title t  (cost=0.00..61283.27 rows=2528527 width=4) (actual time=0.010..1194.631 rows=2528312 loops=1)
Planning time: 0.765 ms
Execution time: 4230.169 ms
