Hash Join  (cost=178741.37..269826.50 rows=1163161 width=0) (actual time=4419.917..7673.144 rows=3703807 loops=1)
  Hash Cond: (mc.movie_id = t.id)
  ->  Seq Scan on movie_companies mc  (cost=0.00..44881.29 rows=2609129 width=4) (actual time=0.023..874.123 rows=2609129 loops=1)
  ->  Hash  (cost=160247.02..160247.02 rows=1127228 width=8) (actual time=4419.175..4419.175 rows=1248329 loops=1)
        Buckets: 131072 (originally 131072)  Batches: 32 (originally 16)  Memory Usage: 4076kB
        ->  Hash Join  (cost=101489.21..160247.02 rows=1127228 width=8) (actual time=1999.922..4046.920 rows=1248329 loops=1)
              Hash Cond: (mi_idx.movie_id = t.id)
              ->  Seq Scan on movie_info_idx mi_idx  (cost=0.00..21735.35 rows=1380035 width=4) (actual time=0.020..482.819 rows=1380035 loops=1)
              ->  Hash  (cost=67604.59..67604.59 rows=2065330 width=4) (actual time=1998.882..1998.882 rows=2064552 loops=1)
                    Buckets: 131072  Batches: 32  Memory Usage: 3289kB
                    ->  Seq Scan on title t  (cost=0.00..67604.59 rows=2065330 width=4) (actual time=0.017..1343.222 rows=2064552 loops=1)
                          Filter: (production_year < 2011)
                          Rows Removed by Filter: 463760
Planning time: 0.736 ms
Execution time: 8077.084 ms
