Seq Scan on title t  (cost=0.00..73925.90 rows=4532 width=0) (actual time=256.617..1221.304 rows=7806 loops=1)
  Filter: ((kind_id = 7) AND (production_year = 1981))
  Rows Removed by Filter: 2520506
Planning time: 0.262 ms
Execution time: 1223.240 ms
