Hash Join  (cost=74543.40..808844.86 rows=142586 width=0) (actual time=1188.184..16405.342 rows=98844 loops=1)
  Hash Cond: (ci.movie_id = t.id)
  ->  Seq Scan on cast_info ci  (cost=0.00..705507.15 rows=7298253 width=4) (actual time=0.025..13233.837 rows=7451973 loops=1)
        Filter: (role_id = 2)
        Rows Removed by Filter: 28792371
  ->  Hash  (cost=73925.90..73925.90 rows=49400 width=4) (actual time=1187.789..1187.789 rows=45100 loops=1)
        Buckets: 65536  Batches: 1  Memory Usage: 2098kB
        ->  Seq Scan on title t  (cost=0.00..73925.90 rows=49400 width=4) (actual time=0.042..1167.378 rows=45100 loops=1)
              Filter: ((kind_id < 3) AND (production_year = 2012))
              Rows Removed by Filter: 2483212
Planning time: 0.744 ms
Execution time: 16421.126 ms
