Hash Join  (cost=96390.27..151083.68 rows=2789 width=0) (actual time=1568.943..2563.993 rows=1634 loops=1)
  Hash Cond: (mc.movie_id = t.id)
  ->  Seq Scan on movie_companies mc  (cost=0.00..44881.29 rows=2609129 width=4) (actual time=0.017..531.913 rows=2609129 loops=1)
  ->  Hash  (cost=96356.48..96356.48 rows=2703 width=8) (actual time=1567.266..1567.266 rows=503 loops=1)
        Buckets: 4096  Batches: 1  Memory Usage: 52kB
        ->  Hash Join  (cost=67697.55..96356.48 rows=2703 width=8) (actual time=963.601..1566.915 rows=503 loops=1)
              Hash Cond: (mi_idx.movie_id = t.id)
              ->  Seq Scan on movie_info_idx mi_idx  (cost=0.00..25185.44 rows=919057 width=4) (actual time=0.011..460.881 rows=920110 loops=1)
                    Filter: (info_type_id > 99)
                    Rows Removed by Filter: 459925
              ->  Hash  (cost=67604.59..67604.59 rows=7437 width=4) (actual time=963.257..963.257 rows=3627 loops=1)
                    Buckets: 8192  Batches: 1  Memory Usage: 192kB
                    ->  Seq Scan on title t  (cost=0.00..67604.59 rows=7437 width=4) (actual time=0.057..961.480 rows=3627 loops=1)
                          Filter: (production_year = 1921)
                          Rows Removed by Filter: 2524685
Planning time: 0.791 ms
Execution time: 2564.363 ms
