Hash Join  (cost=100960.39..272934.75 rows=3637541 width=0) (actual time=2586.025..7451.514 rows=3423842 loops=1)
  Hash Cond: (mk.movie_id = t.id)
  ->  Seq Scan on movie_keyword mk  (cost=0.00..69693.30 rows=4523930 width=4) (actual time=0.023..1457.655 rows=4523930 loops=1)
  ->  Hash  (cost=67604.59..67604.59 rows=2033104 width=4) (actual time=2584.704..2584.704 rows=2032439 loops=1)
        Buckets: 131072  Batches: 32  Memory Usage: 3269kB
        ->  Seq Scan on title t  (cost=0.00..67604.59 rows=2033104 width=4) (actual time=0.029..1445.177 rows=2032439 loops=1)
              Filter: (production_year > 1973)
              Rows Removed by Filter: 495873
Planning time: 0.745 ms
Execution time: 7843.307 ms
