Hash Join  (cost=189632.99..1082337.49 rows=4736064 width=0) (actual time=4889.473..29256.606 rows=19627562 loops=1)
  Hash Cond: (ci.movie_id = t.id)
  ->  Seq Scan on cast_info ci  (cost=0.00..705507.15 rows=11749522 width=4) (actual time=0.022..12275.240 rows=11813708 loops=1)
        Filter: (person_id > 2509126)
        Rows Removed by Filter: 24430636
  ->  Hash  (cost=172910.83..172910.83 rows=1019213 width=8) (actual time=4887.755..4887.755 rows=1891821 loops=1)
        Buckets: 131072 (originally 131072)  Batches: 32 (originally 16)  Memory Usage: 3321kB
        ->  Hash Join  (cost=83810.17..172910.83 rows=1019213 width=8) (actual time=1465.505..4339.206 rows=1891821 loops=1)
              Hash Cond: (mc.movie_id = t.id)
              ->  Seq Scan on movie_companies mc  (cost=0.00..44881.29 rows=2609129 width=4) (actual time=0.024..855.313 rows=2609129 loops=1)
              ->  Hash  (cost=67604.59..67604.59 rows=987727 width=4) (actual time=1464.638..1464.638 rows=985048 loops=1)
                    Buckets: 131072  Batches: 16  Memory Usage: 3188kB
                    ->  Seq Scan on title t  (cost=0.00..67604.59 rows=987727 width=4) (actual time=0.032..1154.408 rows=985048 loops=1)
                          Filter: (kind_id < 7)
                          Rows Removed by Filter: 1543264
Planning time: 2.448 ms
Execution time: 31611.896 ms
