Seq Scan on movie_keyword mk  (cost=0.00..81003.12 rows=3131310 width=0) (actual time=0.022..1500.063 rows=3115542 loops=1)
  Filter: (keyword_id > 1919)
  Rows Removed by Filter: 1408388
Planning time: 0.303 ms
Execution time: 1887.865 ms
