Nested Loop  (cost=711252.84..833349.30 rows=298 width=0) (actual time=12669.353..14433.617 rows=3100 loops=1)
  ->  Hash Join  (cost=711252.41..830613.60 rows=2809 width=8) (actual time=12556.518..14354.864 rows=3463 loops=1)
        Hash Cond: (mk.movie_id = ci.movie_id)
        ->  Seq Scan on movie_keyword mk  (cost=0.00..81003.12 rows=8143 width=4) (actual time=0.087..1455.266 rows=8397 loops=1)
              Filter: (keyword_id = 348)
              Rows Removed by Filter: 4515533
        ->  Hash  (cost=705507.15..705507.15 rows=350181 width=4) (actual time=12546.441..12546.441 rows=316118 loops=1)
              Buckets: 131072  Batches: 8  Memory Usage: 2423kB
              ->  Seq Scan on cast_info ci  (cost=0.00..705507.15 rows=350181 width=4) (actual time=11361.218..12448.696 rows=316118 loops=1)
                    Filter: (role_id > 10)
                    Rows Removed by Filter: 35928226
  ->  Index Scan using title_pkey on title t  (cost=0.43..0.96 rows=1 width=4) (actual time=0.022..0.022 rows=1 loops=3463)
        Index Cond: (id = ci.movie_id)
        Filter: (kind_id = 1)
        Rows Removed by Filter: 0
Planning time: 1.263 ms
Execution time: 14434.836 ms
