Hash Join  (cost=164999.73..226079.77 rows=10490 width=0) (actual time=2887.309..3758.018 rows=131351 loops=1)
  Hash Cond: (mc.movie_id = t.id)
  ->  Seq Scan on movie_companies mc  (cost=0.00..57926.93 rows=812854 width=4) (actual time=316.945..1038.375 rows=603948 loops=1)
        Filter: ((company_id > 3729) AND (company_type_id < 2))
        Rows Removed by Filter: 2005181
  ->  Hash  (cost=164591.83..164591.83 rows=32632 width=8) (actual time=2556.933..2556.933 rows=32306 loops=1)
        Buckets: 32768  Batches: 1  Memory Usage: 1518kB
        ->  Hash Join  (cost=76444.38..164591.83 rows=32632 width=8) (actual time=1133.117..2546.239 rows=32306 loops=1)
              Hash Cond: (mk.movie_id = t.id)
              ->  Seq Scan on movie_keyword mk  (cost=0.00..81003.12 rows=537602 width=4) (actual time=75.487..1256.000 rows=529879 loops=1)
                    Filter: (keyword_id > 34413)
                    Rows Removed by Filter: 3994051
              ->  Hash  (cost=73925.90..73925.90 rows=153478 width=4) (actual time=1056.526..1056.526 rows=134760 loops=1)
                    Buckets: 131072  Batches: 4  Memory Usage: 2222kB
                    ->  Seq Scan on title t  (cost=0.00..73925.90 rows=153478 width=4) (actual time=0.032..1005.728 rows=134760 loops=1)
                          Filter: ((kind_id < 7) AND (production_year > 2010))
                          Rows Removed by Filter: 2393552
Planning time: 1.176 ms
Execution time: 3775.223 ms
