Hash Join  (cost=79147.78..132234.65 rows=4291 width=0) (actual time=1261.725..2197.236 rows=17795 loops=1)
  Hash Cond: (mc.movie_id = t.id)
  ->  Seq Scan on movie_companies mc  (cost=0.00..51404.11 rows=34093 width=4) (actual time=0.938..887.571 rows=36136 loops=1)
        Filter: (company_id = 160)
        Rows Removed by Filter: 2572993
  ->  Hash  (cost=73925.90..73925.90 rows=318230 width=4) (actual time=1255.354..1255.354 rows=179738 loops=1)
        Buckets: 131072  Batches: 8  Memory Usage: 1812kB
        ->  Seq Scan on title t  (cost=0.00..73925.90 rows=318230 width=4) (actual time=0.022..1189.610 rows=179738 loops=1)
              Filter: ((kind_id > 1) AND (production_year < 1974))
              Rows Removed by Filter: 2348574
Planning time: 0.737 ms
Execution time: 2200.012 ms
