Seq Scan on movie_companies mc  (cost=0.00..51404.11 rows=1605344 width=40) (actual time=0.079..1162.540 rows=1602754 loops=1)
  Filter: (company_id > 4834)
  Rows Removed by Filter: 1006375
Planning time: 0.449 ms
Execution time: 1254.567 ms
