Seq Scan on movie_keyword mk  (cost=0.00..81003.12 rows=3796538 width=0) (actual time=0.024..1531.981 rows=3802444 loops=1)
  Filter: (keyword_id > 641)
  Rows Removed by Filter: 721486
Planning time: 0.336 ms
Execution time: 2007.057 ms
