Seq Scan on movie_keyword mk  (cost=0.00..81003.12 rows=246 width=0) (actual time=3.514..1312.866 rows=361 loops=1)
  Filter: (keyword_id = 24736)
  Rows Removed by Filter: 4523569
Planning time: 0.575 ms
Execution time: 1313.397 ms
