Seq Scan on cast_info ci  (cost=0.00..705507.15 rows=13461569 width=0) (actual time=1965.436..12028.245 rows=13608133 loops=1)
  Filter: (person_id > 2309972)
  Rows Removed by Filter: 22636211
Planning time: 0.328 ms
Execution time: 13721.514 ms
