Hash Join  (cost=185411.26..583174.22 rows=756510 width=0) (actual time=4302.576..12297.946 rows=1519341 loops=1)
  Hash Cond: (mi.movie_id = t.id)
  ->  Seq Scan on movie_info mi  (cost=0.00..346232.03 rows=3623957 width=4) (actual time=380.879..5888.645 rows=3624977 loops=1)
        Filter: (info_type_id < 4)
        Rows Removed by Filter: 11210743
  ->  Hash  (cost=176751.30..176751.30 rows=527836 width=8) (actual time=3914.749..3914.749 rows=531689 loops=1)
        Buckets: 131072  Batches: 8  Memory Usage: 3641kB
        ->  Hash Join  (cost=102767.86..176751.30 rows=527836 width=8) (actual time=1964.118..3753.103 rows=531689 loops=1)
              Hash Cond: (mc.movie_id = t.id)
              ->  Seq Scan on movie_companies mc  (cost=0.00..51404.11 rows=527836 width=4) (actual time=0.036..946.597 rows=531689 loops=1)
                    Filter: (company_id > 72646)
                    Rows Removed by Filter: 2077440
              ->  Hash  (cost=61283.27..61283.27 rows=2528527 width=4) (actual time=1962.848..1962.848 rows=2528312 loops=1)
                    Buckets: 131072  Batches: 64  Memory Usage: 2415kB
                    ->  Seq Scan on title t  (cost=0.00..61283.27 rows=2528527 width=4) (actual time=0.016..1144.319 rows=2528312 loops=1)
Planning time: 1.146 ms
Execution time: 12486.500 ms
