Hash Join  (cost=100907.23..187578.47 rows=1320 width=0) (actual time=1603.410..3385.112 rows=6540 loops=1)
  Hash Cond: (mk.movie_id = t.id)
  ->  Seq Scan on movie_keyword mk  (cost=0.00..69693.30 rows=4523930 width=4) (actual time=0.017..998.315 rows=4523930 loops=1)
  ->  Hash  (cost=100898.00..100898.00 rows=738 width=8) (actual time=1602.889..1602.889 rows=1904 loops=1)
        Buckets: 2048 (originally 1024)  Batches: 1 (originally 1)  Memory Usage: 91kB
        ->  Hash Join  (cost=73976.52..100898.00 rows=738 width=8) (actual time=1203.083..1602.002 rows=1904 loops=1)
              Hash Cond: (mi_idx.movie_id = t.id)
              ->  Seq Scan on movie_info_idx mi_idx  (cost=0.00..25185.44 rows=460978 width=4) (actual time=0.021..467.303 rows=459925 loops=1)
                    Filter: (info_type_id = 99)
                    Rows Removed by Filter: 920110
              ->  Hash  (cost=73925.90..73925.90 rows=4049 width=4) (actual time=1047.548..1047.548 rows=4058 loops=1)
                    Buckets: 4096  Batches: 1  Memory Usage: 175kB
                    ->  Seq Scan on title t  (cost=0.00..73925.90 rows=4049 width=4) (actual time=0.019..1045.389 rows=4058 loops=1)
                          Filter: ((kind_id = 2) AND (production_year = 2007))
                          Rows Removed by Filter: 2524254
Planning time: 1.123 ms
Execution time: 3386.117 ms
