Nested Loop  (cost=0.43..798788.22 rows=177 width=0) (actual time=6011.446..14271.437 rows=9 loops=1)
  ->  Seq Scan on cast_info ci  (cost=0.00..796071.18 rows=324 width=4) (actual time=6011.318..14270.874 rows=18 loops=1)
        Filter: ((role_id > 1) AND (person_id = 173027))
        Rows Removed by Filter: 36244326
  ->  Index Scan using title_pkey on title t  (cost=0.43..8.38 rows=1 width=4) (actual time=0.022..0.022 rows=0 loops=18)
        Index Cond: (id = ci.movie_id)
        Filter: (production_year > 2000)
        Rows Removed by Filter: 0
Planning time: 1.362 ms
Execution time: 14271.554 ms
