Hash Join  (cost=102767.86..177964.13 rows=578225 width=0) (actual time=1887.833..3656.132 rows=582086 loops=1)
  Hash Cond: (mc.movie_id = t.id)
  ->  Seq Scan on movie_companies mc  (cost=0.00..51404.11 rows=578225 width=4) (actual time=0.022..870.931 rows=582086 loops=1)
        Filter: (company_id > 71001)
        Rows Removed by Filter: 2027043
  ->  Hash  (cost=61283.27..61283.27 rows=2528527 width=4) (actual time=1886.411..1886.411 rows=2528312 loops=1)
        Buckets: 131072  Batches: 64  Memory Usage: 2415kB
        ->  Seq Scan on title t  (cost=0.00..61283.27 rows=2528527 width=4) (actual time=0.011..1033.754 rows=2528312 loops=1)
Planning time: 0.733 ms
Execution time: 3727.269 ms
