Hash Join  (cost=1117136.90..1990963.65 rows=30020721 width=0) (actual time=27711.251..63138.634 rows=75868214 loops=1)
  Hash Cond: (mi.movie_id = t.id)
  ->  Seq Scan on movie_info mi  (cost=0.00..309384.22 rows=14739122 width=4) (actual time=0.017..5998.105 rows=14835720 loops=1)
  ->  Hash  (cost=1032642.44..1032642.44 rows=5150117 width=8) (actual time=27709.569..27709.569 rows=7450189 loops=1)
        Buckets: 131072  Batches: 128  Memory Usage: 3316kB
        ->  Hash Join  (cost=102767.86..1032642.44 rows=5150117 width=8) (actual time=8407.932..25332.079 rows=7450189 loops=1)
              Hash Cond: (ci.movie_id = t.id)
              ->  Seq Scan on cast_info ci  (cost=0.00..796071.18 rows=5150117 width=4) (actual time=6413.339..15333.170 rows=7450189 loops=1)
                    Filter: ((person_id > 1029903) AND (role_id = 2))
                    Rows Removed by Filter: 28794155
              ->  Hash  (cost=61283.27..61283.27 rows=2528527 width=4) (actual time=1993.251..1993.251 rows=2528312 loops=1)
                    Buckets: 131072  Batches: 64  Memory Usage: 2415kB
                    ->  Seq Scan on title t  (cost=0.00..61283.27 rows=2528527 width=4) (actual time=0.021..1125.270 rows=2528312 loops=1)
Planning time: 0.851 ms
Execution time: 71975.524 ms
