Seq Scan on movie_companies mc  (cost=0.00..51404.11 rows=1768856 width=0) (actual time=0.023..1096.755 rows=1759227 loops=1)
  Filter: (company_id < 25248)
  Rows Removed by Filter: 849902
Planning time: 0.329 ms
Execution time: 1320.725 ms
