Hash Join  (cost=101879.88..467875.52 rows=133971 width=0) (actual time=1643.354..9795.260 rows=723938 loops=1)
  Hash Cond: (mi.movie_id = t.id)
  ->  Seq Scan on movie_info mi  (cost=0.00..309384.22 rows=14739122 width=4) (actual time=0.022..4367.617 rows=14835720 loops=1)
  ->  Hash  (cost=101592.59..101592.59 rows=22983 width=8) (actual time=1643.005..1643.005 rows=41360 loops=1)
        Buckets: 65536 (originally 32768)  Batches: 1 (originally 1)  Memory Usage: 2128kB
        ->  Hash Join  (cost=74452.28..101592.59 rows=22983 width=8) (actual time=954.352..1627.532 rows=41360 loops=1)
              Hash Cond: (mi_idx.movie_id = t.id)
              ->  Seq Scan on movie_info_idx mi_idx  (cost=0.00..21735.35 rows=1380035 width=4) (actual time=0.016..338.593 rows=1380035 loops=1)
              ->  Hash  (cost=73925.90..73925.90 rows=42110 width=4) (actual time=954.001..954.001 rows=33905 loops=1)
                    Buckets: 65536  Batches: 1  Memory Usage: 1704kB
                    ->  Seq Scan on title t  (cost=0.00..73925.90 rows=42110 width=4) (actual time=0.018..941.911 rows=33905 loops=1)
                          Filter: ((kind_id < 7) AND (production_year = 2006))
                          Rows Removed by Filter: 2494407
Planning time: 1.242 ms
Execution time: 9893.067 ms
