Seq Scan on movie_companies mc  (cost=0.00..57926.93 rows=138677 width=0) (actual time=0.016..889.290 rows=213604 loops=1)
  Filter: ((company_id < 147) AND (company_type_id = 1))
  Rows Removed by Filter: 2395525
Planning time: 2.149 ms
Execution time: 916.988 ms
