Seq Scan on cast_info ci  (cost=0.00..796071.18 rows=9208382 width=0) (actual time=6442.840..15740.582 rows=8361747 loops=1)
  Filter: ((person_id < 3864177) AND (role_id > 4))
  Rows Removed by Filter: 27882597
Planning time: 0.371 ms
Execution time: 16802.239 ms
