Seq Scan on title t  (cost=0.00..73925.90 rows=226498 width=0) (actual time=0.018..1066.619 rows=120787 loops=1)
  Filter: ((production_year < 1970) AND (kind_id = 7))
  Rows Removed by Filter: 2407525
Planning time: 0.378 ms
Execution time: 1083.009 ms
