Seq Scan on movie_keyword mk  (cost=0.00..81003.12 rows=1915896 width=0) (actual time=0.027..1095.115 rows=1932133 loops=1)
  Filter: (keyword_id < 3319)
  Rows Removed by Filter: 2591797
Planning time: 0.339 ms
Execution time: 1285.316 ms
