Seq Scan on cast_info ci  (cost=0.00..796071.18 rows=1171644 width=0) (actual time=440.352..11236.947 rows=556696 loops=1)
  Filter: ((person_id < 514821) AND (role_id > 6))
  Rows Removed by Filter: 35687648
Planning time: 0.270 ms
Execution time: 11309.765 ms
