Seq Scan on cast_info ci  (cost=0.00..705507.15 rows=500 width=0) (actual time=986.382..10976.455 rows=3 loops=1)
  Filter: (person_id = 2334115)
  Rows Removed by Filter: 36244341
Planning time: 0.405 ms
Execution time: 10976.554 ms
