Hash Join  (cost=92883.59..179832.73 rows=741391 width=0) (actual time=1664.160..3743.210 rows=224985 loops=1)
  Hash Cond: (mc.movie_id = t.id)
  ->  Seq Scan on movie_companies mc  (cost=0.00..57926.93 rows=1216659 width=4) (actual time=0.028..1189.652 rows=1165662 loops=1)
        Filter: ((company_id > 19) AND (company_type_id = 1))
        Rows Removed by Filter: 1443467
  ->  Hash  (cost=67604.59..67604.59 rows=1540800 width=4) (actual time=1662.174..1662.174 rows=1543264 loops=1)
        Buckets: 131072  Batches: 32  Memory Usage: 2722kB
        ->  Seq Scan on title t  (cost=0.00..67604.59 rows=1540800 width=4) (actual time=164.456..1187.498 rows=1543264 loops=1)
              Filter: (kind_id = 7)
              Rows Removed by Filter: 985048
Planning time: 0.752 ms
Execution time: 3771.534 ms
