Hash Join  (cost=101272.94..160078.49 rows=882 width=0) (actual time=2043.259..2538.171 rows=177 loops=1)
  Hash Cond: (mc.movie_id = t.id)
  ->  Seq Scan on movie_companies mc  (cost=0.00..57926.93 rows=231946 width=4) (actual time=196.796..853.082 rows=109242 loops=1)
        Filter: ((company_id < 371) AND (company_type_id = 2))
        Rows Removed by Filter: 2499887
  ->  Hash  (cost=101152.75..101152.75 rows=9615 width=8) (actual time=1662.779..1662.779 rows=4464 loops=1)
        Buckets: 16384  Batches: 1  Memory Usage: 303kB
        ->  Hash Join  (cost=74146.12..101152.75 rows=9615 width=8) (actual time=1017.170..1660.780 rows=4464 loops=1)
              Hash Cond: (mi_idx.movie_id = t.id)
              ->  Seq Scan on movie_info_idx mi_idx  (cost=0.00..21735.35 rows=1380035 width=4) (actual time=0.010..335.147 rows=1380035 loops=1)
              ->  Hash  (cost=73925.90..73925.90 rows=17617 width=4) (actual time=1016.444..1016.444 rows=22021 loops=1)
                    Buckets: 32768  Batches: 1  Memory Usage: 1031kB
                    ->  Seq Scan on title t  (cost=0.00..73925.90 rows=17617 width=4) (actual time=525.727..1008.049 rows=22021 loops=1)
                          Filter: ((production_year > 2012) AND (kind_id = 1))
                          Rows Removed by Filter: 2506291
Planning time: 1.096 ms
Execution time: 2538.410 ms
