Hash Join  (cost=74223.04..136326.77 rows=10215 width=0) (actual time=1235.273..2418.187 rows=13836 loops=1)
  Hash Cond: (mc.movie_id = t.id)
  ->  Seq Scan on movie_companies mc  (cost=0.00..57926.93 rows=1086570 width=4) (actual time=108.046..1092.362 rows=854813 loops=1)
        Filter: ((company_id < 75262) AND (company_type_id > 1))
        Rows Removed by Filter: 1754316
  ->  Hash  (cost=73925.90..73925.90 rows=23771 width=4) (actual time=1126.931..1126.931 rows=20633 loops=1)
        Buckets: 32768  Batches: 1  Memory Usage: 982kB
        ->  Seq Scan on title t  (cost=0.00..73925.90 rows=23771 width=4) (actual time=0.065..1117.628 rows=20633 loops=1)
              Filter: ((kind_id < 7) AND (production_year = 2002))
              Rows Removed by Filter: 2507679
Planning time: 0.585 ms
Execution time: 2420.476 ms
