Hash Join  (cost=115016.88..183582.88 rows=43118 width=0) (actual time=2219.262..4011.399 rows=312737 loops=1)
  Hash Cond: (mc.movie_id = t.id)
  ->  Seq Scan on movie_companies mc  (cost=0.00..51404.11 rows=1420988 width=4) (actual time=0.015..1100.661 rows=1426050 loops=1)
        Filter: (company_id > 10278)
        Rows Removed by Filter: 1183079
  ->  Hash  (cost=113757.82..113757.82 rows=76725 width=8) (actual time=2218.473..2218.473 rows=172376 loops=1)
        Buckets: 131072 (originally 131072)  Batches: 4 (originally 2)  Memory Usage: 3073kB
        ->  Hash Join  (cost=80830.47..113757.82 rows=76725 width=8) (actual time=1379.185..2172.732 rows=172376 loops=1)
              Hash Cond: (mi_idx.movie_id = t.id)
              ->  Seq Scan on movie_info_idx mi_idx  (cost=0.00..25185.44 rows=460978 width=4) (actual time=0.024..476.277 rows=459925 loops=1)
                    Filter: (info_type_id < 100)
                    Rows Removed by Filter: 920110
              ->  Hash  (cost=73925.90..73925.90 rows=420845 width=4) (actual time=1378.325..1378.325 rows=517968 loops=1)
                    Buckets: 131072  Batches: 8  Memory Usage: 3313kB
                    ->  Seq Scan on title t  (cost=0.00..73925.90 rows=420845 width=4) (actual time=0.027..1210.958 rows=517968 loops=1)
                          Filter: ((kind_id < 7) AND (production_year < 2001))
                          Rows Removed by Filter: 2010344
Planning time: 2.106 ms
Execution time: 4048.349 ms
