Hash Join  (cost=78364.59..136452.48 rows=47654 width=0) (actual time=1337.808..2559.899 rows=152260 loops=1)
  Hash Cond: (mc.movie_id = t.id)
  ->  Seq Scan on movie_companies mc  (cost=0.00..51404.11 rows=445396 width=4) (actual time=0.025..876.685 rows=450254 loops=1)
        Filter: (company_id > 77331)
        Rows Removed by Filter: 2158875
  ->  Hash  (cost=73925.90..73925.90 rows=270535 width=4) (actual time=1337.016..1337.016 rows=374196 loops=1)
        Buckets: 131072 (originally 131072)  Batches: 8 (originally 4)  Memory Usage: 3073kB
        ->  Seq Scan on title t  (cost=0.00..73925.90 rows=270535 width=4) (actual time=419.948..1206.365 rows=374196 loops=1)
              Filter: ((production_year < 2000) AND (kind_id = 1))
              Rows Removed by Filter: 2154116
Planning time: 1.386 ms
Execution time: 2577.033 ms
