Hash Join  (cost=93408.25..995988.64 rows=3280063 width=0) (actual time=1915.950..18835.299 rows=1978244 loops=1)
  Hash Cond: (ci.movie_id = t.id)
  ->  Seq Scan on cast_info ci  (cost=0.00..796071.18 rows=5273316 width=4) (actual time=0.021..14129.267 rows=3148638 loops=1)
        Filter: ((person_id < 1532978) AND (role_id > 3))
        Rows Removed by Filter: 33095706
  ->  Hash  (cost=67604.59..67604.59 rows=1572773 width=4) (actual time=1915.131..1915.131 rows=1570568 loops=1)
        Buckets: 131072  Batches: 32  Memory Usage: 2751kB
        ->  Seq Scan on title t  (cost=0.00..67604.59 rows=1572773 width=4) (actual time=0.022..1418.385 rows=1570568 loops=1)
              Filter: (production_year > 1996)
              Rows Removed by Filter: 957744
Planning time: 0.788 ms
Execution time: 19067.135 ms
