Hash Join  (cost=102767.86..1058416.59 rows=9984959 width=0) (actual time=2512.439..23870.592 rows=9973872 loops=1)
  Hash Cond: (ci.movie_id = t.id)
  ->  Seq Scan on cast_info ci  (cost=0.00..705507.15 rows=9984959 width=4) (actual time=0.022..12940.514 rows=9973872 loops=1)
        Filter: (person_id > 2717203)
        Rows Removed by Filter: 26270472
  ->  Hash  (cost=61283.27..61283.27 rows=2528527 width=4) (actual time=2510.827..2510.827 rows=2528312 loops=1)
        Buckets: 131072  Batches: 64  Memory Usage: 2415kB
        ->  Seq Scan on title t  (cost=0.00..61283.27 rows=2528527 width=4) (actual time=0.022..1105.759 rows=2528312 loops=1)
Planning time: 0.765 ms
Execution time: 24887.645 ms
