Hash Join  (cost=1156645.07..2019726.81 rows=29013720 width=0) (actual time=24162.190..41748.920 rows=15193147 loops=1)
  Hash Cond: (mi.movie_id = t.id)
  ->  Seq Scan on movie_info mi  (cost=0.00..309384.22 rows=14739122 width=4) (actual time=0.010..6808.791 rows=14835720 loops=1)
  ->  Hash  (cost=1074985.02..1074985.02 rows=4977364 width=8) (actual time=22777.485..22777.485 rows=3655334 loops=1)
        Buckets: 131072  Batches: 128  Memory Usage: 2131kB
        ->  Hash Join  (cost=91879.05..1074985.02 rows=4977364 width=8) (actual time=2726.563..21660.818 rows=3655334 loops=1)
              Hash Cond: (ci.movie_id = t.id)
              ->  Seq Scan on cast_info ci  (cost=0.00..796071.18 rows=11501372 width=4) (actual time=1026.963..14138.251 rows=9006240 loops=1)
                    Filter: ((person_id > 1871414) AND (role_id < 4))
                    Rows Removed by Filter: 27238104
              ->  Hash  (cost=73925.90..73925.90 rows=1094252 width=4) (actual time=1698.395..1698.395 rows=1044222 loops=1)
                    Buckets: 131072  Batches: 16  Memory Usage: 3319kB
                    ->  Seq Scan on title t  (cost=0.00..73925.90 rows=1094252 width=4) (actual time=0.018..1360.677 rows=1044222 loops=1)
                          Filter: ((production_year < 2009) AND (kind_id = 7))
                          Rows Removed by Filter: 1484090
Planning time: 1.235 ms
Execution time: 43468.334 ms
