Hash Join  (cost=73982.55..128694.84 rows=4676 width=0) (actual time=1277.396..2365.243 rows=6488 loops=1)
  Hash Cond: (mc.movie_id = t.id)
  ->  Seq Scan on movie_companies mc  (cost=0.00..44881.29 rows=2609129 width=4) (actual time=0.020..647.929 rows=2609129 loops=1)
  ->  Hash  (cost=73925.90..73925.90 rows=4532 width=4) (actual time=1150.964..1150.964 rows=7895 loops=1)
        Buckets: 8192  Batches: 1  Memory Usage: 342kB
        ->  Seq Scan on title t  (cost=0.00..73925.90 rows=4532 width=4) (actual time=0.083..1147.116 rows=7895 loops=1)
              Filter: ((kind_id = 7) AND (production_year = 1982))
              Rows Removed by Filter: 2520417
Planning time: 0.776 ms
Execution time: 2366.270 ms
