Hash Join  (cost=102767.86..1105657.13 rows=8184498 width=0) (actual time=6369.369..27805.867 rows=12670688 loops=1)
  Hash Cond: (ci.movie_id = t.id)
  ->  Seq Scan on cast_info ci  (cost=0.00..796071.18 rows=8184498 width=4) (actual time=4324.994..15001.810 rows=12670688 loops=1)
        Filter: ((person_id < 2371218) AND (role_id < 2))
        Rows Removed by Filter: 23573656
  ->  Hash  (cost=61283.27..61283.27 rows=2528527 width=4) (actual time=2043.119..2043.119 rows=2528312 loops=1)
        Buckets: 131072  Batches: 64  Memory Usage: 2415kB
        ->  Seq Scan on title t  (cost=0.00..61283.27 rows=2528527 width=4) (actual time=0.016..1187.632 rows=2528312 loops=1)
Planning time: 2.802 ms
Execution time: 29247.627 ms
