Hash Join  (cost=189176.45..1005842.44 rows=2358039 width=0) (actual time=11544.677..21261.771 rows=1765484 loops=1)
  Hash Cond: (ci.movie_id = t.id)
  ->  Seq Scan on cast_info ci  (cost=0.00..705507.15 rows=7298253 width=4) (actual time=7742.116..13860.343 rows=7451973 loops=1)
        Filter: (role_id = 2)
        Rows Removed by Filter: 28792371
  ->  Hash  (cost=175772.48..175772.48 rows=816958 width=8) (actual time=3801.506..3801.506 rows=413740 loops=1)
        Buckets: 131072  Batches: 16  Memory Usage: 2022kB
        ->  Hash Join  (cost=93093.72..175772.48 rows=816958 width=8) (actual time=1827.975..3684.173 rows=413740 loops=1)
              Hash Cond: (mc.movie_id = t.id)
              ->  Seq Scan on movie_companies mc  (cost=0.00..51404.11 rows=1329612 width=4) (actual time=124.478..1004.288 rows=1334883 loops=1)
                    Filter: (company_type_id > 1)
                    Rows Removed by Filter: 1274246
              ->  Hash  (cost=67604.59..67604.59 rows=1553611 width=4) (actual time=1702.411..1702.411 rows=1555864 loops=1)
                    Buckets: 131072  Batches: 32  Memory Usage: 2734kB
                    ->  Seq Scan on title t  (cost=0.00..67604.59 rows=1553611 width=4) (actual time=0.293..1220.639 rows=1555864 loops=1)
                          Filter: (kind_id > 4)
                          Rows Removed by Filter: 972448
Planning time: 1.194 ms
Execution time: 21448.315 ms
