Hash Join  (cost=418020.47..1227802.00 rows=26445 width=0) (actual time=7400.090..22265.285 rows=40930 loops=1)
  Hash Cond: (ci.movie_id = t.id)
  ->  Seq Scan on cast_info ci  (cost=0.00..796071.18 rows=3585573 width=4) (actual time=852.705..14856.547 rows=4008037 loops=1)
        Filter: ((person_id < 3374280) AND (role_id = 3))
        Rows Removed by Filter: 32236307
  ->  Hash  (cost=417787.36..417787.36 rows=18649 width=8) (actual time=6546.978..6546.978 rows=16492 loops=1)
        Buckets: 32768  Batches: 1  Memory Usage: 901kB
        ->  Hash Join  (cost=68332.59..417787.36 rows=18649 width=8) (actual time=4715.448..6540.563 rows=16492 loops=1)
              Hash Cond: (mi.movie_id = t.id)
              ->  Seq Scan on movie_info mi  (cost=0.00..346232.03 rows=809669 width=4) (actual time=3624.598..5226.685 rows=802140 loops=1)
                    Filter: (info_type_id = 1)
                    Rows Removed by Filter: 14033580
              ->  Hash  (cost=67604.59..67604.59 rows=58240 width=4) (actual time=1090.409..1090.409 rows=58590 loops=1)
                    Buckets: 65536  Batches: 1  Memory Usage: 2572kB
                    ->  Seq Scan on title t  (cost=0.00..67604.59 rows=58240 width=4) (actual time=0.040..1066.393 rows=58590 loops=1)
                          Filter: (production_year = 2001)
                          Rows Removed by Filter: 2469722
Planning time: 2.348 ms
Execution time: 22272.285 ms
