Hash Join  (cost=69441.17..533365.45 rows=432190 width=0) (actual time=1214.923..12050.764 rows=861041 loops=1)
  Hash Cond: (mi.movie_id = t.id)
  ->  Seq Scan on movie_info mi  (cost=0.00..346232.03 rows=9767026 width=4) (actual time=0.019..6971.857 rows=9911754 loops=1)
        Filter: (info_type_id > 4)
        Rows Removed by Filter: 4923966
  ->  Hash  (cost=67604.59..67604.59 rows=111887 width=4) (actual time=1210.905..1210.905 rows=115315 loops=1)
        Buckets: 131072  Batches: 2  Memory Usage: 3052kB
        ->  Seq Scan on title t  (cost=0.00..67604.59 rows=111887 width=4) (actual time=174.700..1168.835 rows=115315 loops=1)
              Filter: (production_year < 1930)
              Rows Removed by Filter: 2412997
Planning time: 0.705 ms
Execution time: 12160.916 ms
