Hash Join  (cost=100908.38..155590.28 rows=1636 width=0) (actual time=1836.536..2937.222 rows=1095 loops=1)
  Hash Cond: (mc.movie_id = t.id)
  ->  Seq Scan on movie_companies mc  (cost=0.00..44881.29 rows=2609129 width=4) (actual time=0.031..617.558 rows=2609129 loops=1)
  ->  Hash  (cost=100888.56..100888.56 rows=1586 width=8) (actual time=1835.547..1835.547 rows=504 loops=1)
        Buckets: 2048  Batches: 1  Memory Usage: 36kB
        ->  Hash Join  (cost=73962.22..100888.56 rows=1586 width=8) (actual time=1275.277..1835.271 rows=504 loops=1)
              Hash Cond: (mi_idx.movie_id = t.id)
              ->  Seq Scan on movie_info_idx mi_idx  (cost=0.00..21735.35 rows=1380035 width=4) (actual time=0.014..291.032 rows=1380035 loops=1)
              ->  Hash  (cost=73925.90..73925.90 rows=2905 width=4) (actual time=1275.206..1275.206 rows=1787 loops=1)
                    Buckets: 4096  Batches: 1  Memory Usage: 95kB
                    ->  Seq Scan on title t  (cost=0.00..73925.90 rows=2905 width=4) (actual time=603.615..1274.191 rows=1787 loops=1)
                          Filter: ((kind_id < 7) AND (production_year = 1899))
                          Rows Removed by Filter: 2526525
Planning time: 1.280 ms
Execution time: 2937.597 ms
