Hash Join  (cost=125637.39..241944.49 rows=241375 width=0) (actual time=2588.374..5229.209 rows=216213 loops=1)
  Hash Cond: (mk.movie_id = t.id)
  ->  Seq Scan on movie_keyword mk  (cost=0.00..81003.12 rows=2769928 width=4) (actual time=0.026..1658.999 rows=2762187 loops=1)
        Filter: (keyword_id > 2862)
        Rows Removed by Filter: 1761743
  ->  Hash  (cost=122022.15..122022.15 rows=220339 width=8) (actual time=2554.054..2554.054 rows=96867 loops=1)
        Buckets: 131072  Batches: 4  Memory Usage: 1967kB
        ->  Hash Join  (cost=80549.28..122022.15 rows=220339 width=8) (actual time=1881.389..2522.158 rows=96867 loops=1)
              Hash Cond: (mi_idx.movie_id = t.id)
              ->  Seq Scan on movie_info_idx mi_idx  (cost=0.00..21735.35 rows=1380035 width=4) (actual time=0.017..449.188 rows=1380035 loops=1)
              ->  Hash  (cost=73925.90..73925.90 rows=403710 width=4) (actual time=1389.550..1389.550 rows=434218 loops=1)
                    Buckets: 131072  Batches: 8  Memory Usage: 2935kB
                    ->  Seq Scan on title t  (cost=0.00..73925.90 rows=403710 width=4) (actual time=204.903..1248.978 rows=434218 loops=1)
                          Filter: ((production_year > 2008) AND (kind_id = 7))
                          Rows Removed by Filter: 2094094
Planning time: 2.518 ms
Execution time: 5254.255 ms
