Hash Join  (cost=103435.62..884603.34 rows=121150 width=0) (actual time=1777.167..18706.754 rows=317389 loops=1)
  Hash Cond: (ci.movie_id = t.id)
  ->  Seq Scan on cast_info ci  (cost=0.00..705507.15 rows=19853083 width=4) (actual time=0.043..12285.302 rows=20003699 loops=1)
        Filter: (person_id > 1607451)
        Rows Removed by Filter: 16240645
  ->  Hash  (cost=103242.74..103242.74 rows=15430 width=8) (actual time=1776.972..1776.972 rows=21430 loops=1)
        Buckets: 32768 (originally 16384)  Batches: 1 (originally 1)  Memory Usage: 1094kB
        ->  Hash Join  (cost=74456.54..103242.74 rows=15430 width=8) (actual time=1090.317..1768.473 rows=21430 loops=1)
              Hash Cond: (mi_idx.movie_id = t.id)
              ->  Seq Scan on movie_info_idx mi_idx  (cost=0.00..25185.44 rows=919057 width=4) (actual time=0.011..462.638 rows=920110 loops=1)
                    Filter: (info_type_id > 99)
                    Rows Removed by Filter: 459925
              ->  Hash  (cost=73925.90..73925.90 rows=42451 width=4) (actual time=1090.003..1090.003 rows=37610 loops=1)
                    Buckets: 65536  Batches: 1  Memory Usage: 1835kB
                    ->  Seq Scan on title t  (cost=0.00..73925.90 rows=42451 width=4) (actual time=0.073..1074.100 rows=37610 loops=1)
                          Filter: ((kind_id < 3) AND (production_year = 2010))
                          Rows Removed by Filter: 2490702
Planning time: 1.111 ms
Execution time: 18753.848 ms
