Hash Join  (cost=483811.61..1631216.10 rows=7649426 width=0) (actual time=8334.830..48094.478 rows=37772758 loops=1)
  Hash Cond: (ci.movie_id = t.id)
  ->  Seq Scan on cast_info ci  (cost=0.00..705507.15 rows=31394154 width=4) (actual time=0.027..16525.325 rows=31526636 loops=1)
        Filter: (person_id > 457709)
        Rows Removed by Filter: 4717708
  ->  Hash  (cost=473703.43..473703.43 rows=616095 width=8) (actual time=8333.520..8333.520 rows=598457 loops=1)
        Buckets: 131072  Batches: 16  Memory Usage: 2474kB
        ->  Hash Join  (cost=102767.86..473703.43 rows=616095 width=8) (actual time=5426.557..8162.677 rows=598457 loops=1)
              Hash Cond: (mi.movie_id = t.id)
              ->  Seq Scan on movie_info mi  (cost=0.00..346232.03 rows=616095 width=4) (actual time=3266.161..5141.785 rows=598457 loops=1)
                    Filter: (info_type_id = 15)
                    Rows Removed by Filter: 14237263
              ->  Hash  (cost=61283.27..61283.27 rows=2528527 width=4) (actual time=2130.657..2130.657 rows=2528312 loops=1)
                    Buckets: 131072  Batches: 64  Memory Usage: 2425kB
                    ->  Seq Scan on title t  (cost=0.00..61283.27 rows=2528527 width=4) (actual time=0.019..1260.287 rows=2528312 loops=1)
Planning time: 1.197 ms
Execution time: 52128.587 ms
