Seq Scan on title t  (cost=0.00..73925.90 rows=2905 width=0) (actual time=0.184..1053.197 rows=2720 loops=1)
  Filter: ((kind_id < 7) AND (production_year = 1950))
  Rows Removed by Filter: 2525592
Planning time: 0.545 ms
Execution time: 1054.143 ms
