Hash Join  (cost=86678.77..218281.70 rows=998906 width=0) (actual time=1481.706..4642.326 rows=285252 loops=1)
  Hash Cond: (mk.movie_id = t.id)
  ->  Seq Scan on movie_keyword mk  (cost=0.00..81003.12 rows=3249533 width=4) (actual time=0.013..1618.170 rows=3237625 loops=1)
        Filter: (keyword_id > 1661)
        Rows Removed by Filter: 1286305
  ->  Hash  (cost=73925.90..73925.90 rows=777269 width=4) (actual time=1477.086..1477.086 rows=690703 loops=1)
        Buckets: 131072  Batches: 16  Memory Usage: 2547kB
        ->  Seq Scan on title t  (cost=0.00..73925.90 rows=777269 width=4) (actual time=0.020..1246.931 rows=690703 loops=1)
              Filter: ((kind_id > 4) AND (production_year < 2004))
              Rows Removed by Filter: 1837609
Planning time: 0.744 ms
Execution time: 4676.892 ms
