Hash Join  (cost=83072.91..447728.90 rows=3 width=0) (actual time=1759.870..8588.141 rows=33 loops=1)
  Hash Cond: (mi.movie_id = t.id)
  ->  Seq Scan on movie_info mi  (cost=0.00..309384.22 rows=14739122 width=4) (actual time=0.009..4695.796 rows=14835720 loops=1)
  ->  Hash  (cost=83072.90..83072.90 rows=1 width=8) (actual time=1252.859..1252.859 rows=3 loops=1)
        Buckets: 1024  Batches: 1  Memory Usage: 9kB
        ->  Nested Loop  (cost=0.43..83072.90 rows=1 width=8) (actual time=645.701..1252.843 rows=3 loops=1)
              ->  Seq Scan on movie_keyword mk  (cost=0.00..81003.12 rows=246 width=4) (actual time=2.901..1196.057 rows=1343 loops=1)
                    Filter: (keyword_id = 2053)
                    Rows Removed by Filter: 4522587
              ->  Index Scan using title_pkey on title t  (cost=0.43..8.40 rows=1 width=4) (actual time=0.041..0.041 rows=0 loops=1343)
                    Index Cond: (id = mk.movie_id)
                    Filter: ((kind_id = 7) AND (production_year = 1986))
                    Rows Removed by Filter: 1
Planning time: 2.926 ms
Execution time: 8588.337 ms
