Hash Join  (cost=58358.75..809150.49 rows=258 width=0) (actual time=854.841..16654.353 rows=5625 loops=1)
  Hash Cond: (ci.movie_id = t.id)
  ->  Seq Scan on cast_info ci  (cost=0.00..614943.12 rows=36225612 width=4) (actual time=0.016..9127.806 rows=36244344 loops=1)
  ->  Hash  (cost=58358.52..58358.52 rows=18 width=8) (actual time=846.129..846.129 rows=86 loops=1)
        Buckets: 1024  Batches: 1  Memory Usage: 12kB
        ->  Nested Loop  (cost=0.43..58358.52 rows=18 width=8) (actual time=377.495..846.046 rows=86 loops=1)
              ->  Seq Scan on movie_companies mc  (cost=0.00..57926.93 rows=51 width=4) (actual time=376.821..842.687 rows=86 loops=1)
                    Filter: ((company_id = 11606) AND (company_type_id = 1))
                    Rows Removed by Filter: 2609043
              ->  Index Scan using title_pkey on title t  (cost=0.43..8.45 rows=1 width=4) (actual time=0.036..0.037 rows=1 loops=86)
                    Index Cond: (id = mc.movie_id)
                    Filter: ((kind_id < 7) AND (production_year > 1953))
Planning time: 1.246 ms
Execution time: 16657.024 ms
