Seq Scan on cast_info ci  (cost=0.00..705507.15 rows=30298710 width=0) (actual time=0.018..13402.546 rows=30274000 loops=1)
  Filter: (person_id < 3048883)
  Rows Removed by Filter: 5970344
Planning time: 0.304 ms
Execution time: 17143.606 ms
