Hash Join  (cost=83074.74..891831.49 rows=329 width=0) (actual time=5153.108..14188.835 rows=73 loops=1)
  Hash Cond: (ci.movie_id = t.id)
  ->  Seq Scan on cast_info ci  (cost=0.00..796071.18 rows=3381941 width=4) (actual time=3843.573..12600.116 rows=1992827 loops=1)
        Filter: ((person_id < 967426) AND (role_id > 3))
        Rows Removed by Filter: 34251517
  ->  Hash  (cost=83071.67..83071.67 rows=246 width=8) (actual time=1297.558..1297.558 rows=29 loops=1)
        Buckets: 1024  Batches: 1  Memory Usage: 10kB
        ->  Nested Loop  (cost=0.43..83071.67 rows=246 width=8) (actual time=16.380..1297.499 rows=29 loops=1)
              ->  Seq Scan on movie_keyword mk  (cost=0.00..81003.12 rows=246 width=4) (actual time=16.233..1296.085 rows=29 loops=1)
                    Filter: (keyword_id = 19871)
                    Rows Removed by Filter: 4523901
              ->  Index Only Scan using title_pkey on title t  (cost=0.43..8.40 rows=1 width=4) (actual time=0.039..0.040 rows=1 loops=29)
                    Index Cond: (id = mk.movie_id)
                    Heap Fetches: 29
Planning time: 1.297 ms
Execution time: 14189.019 ms
