Hash Join  (cost=208403.14..1111755.41 rows=4704640 width=0) (actual time=4778.416..31131.032 rows=16092629 loops=1)
  Hash Cond: (ci.movie_id = t.id)
  ->  Seq Scan on cast_info ci  (cost=0.00..705507.15 rows=12726058 width=4) (actual time=0.015..14480.100 rows=12670688 loops=1)
        Filter: (role_id < 2)
        Rows Removed by Filter: 23573656
  ->  Hash  (cost=193066.64..193066.64 rows=934760 width=8) (actual time=4777.552..4777.552 rows=1237810 loops=1)
        Buckets: 131072  Batches: 16  Memory Usage: 4021kB
        ->  Hash Join  (cost=102767.86..193066.64 rows=934760 width=8) (actual time=1857.966..4429.089 rows=1237810 loops=1)
              Hash Cond: (mc.movie_id = t.id)
              ->  Seq Scan on movie_companies mc  (cost=0.00..57926.93 rows=934760 width=4) (actual time=0.019..1183.207 rows=1237810 loops=1)
                    Filter: ((company_id < 44201) AND (company_type_id = 1))
                    Rows Removed by Filter: 1371319
              ->  Hash  (cost=61283.27..61283.27 rows=2528527 width=4) (actual time=1856.741..1856.741 rows=2528312 loops=1)
                    Buckets: 131072  Batches: 64  Memory Usage: 2415kB
                    ->  Seq Scan on title t  (cost=0.00..61283.27 rows=2528527 width=4) (actual time=0.021..1021.774 rows=2528312 loops=1)
Planning time: 1.211 ms
Execution time: 33104.498 ms
