Hash Join  (cost=80380.17..608618.81 rows=4539071 width=0) (actual time=1415.015..16574.575 rows=6147201 loops=1)
  Hash Cond: (mi.movie_id = t.id)
  ->  Seq Scan on movie_info mi  (cost=0.00..309384.22 rows=14739122 width=4) (actual time=0.009..6036.940 rows=14835720 loops=1)
  ->  Hash  (cost=67604.59..67604.59 rows=778687 width=4) (actual time=1414.216..1414.216 rows=782677 loops=1)
        Buckets: 131072  Batches: 16  Memory Usage: 2751kB
        ->  Seq Scan on title t  (cost=0.00..67604.59 rows=778687 width=4) (actual time=0.019..1162.897 rows=782677 loops=1)
              Filter: (production_year < 1994)
              Rows Removed by Filter: 1745635
Planning time: 2.682 ms
Execution time: 17288.083 ms
