Hash Join  (cost=185706.12..698792.76 rows=3118971 width=0) (actual time=3853.274..19660.705 rows=10118636 loops=1)
  Hash Cond: (mi.movie_id = t.id)
  ->  Seq Scan on movie_info mi  (cost=0.00..309384.22 rows=14739122 width=4) (actual time=0.011..5922.673 rows=14835720 loops=1)
  ->  Hash  (cost=176926.79..176926.79 rows=535066 width=8) (actual time=3852.332..3852.332 rows=533412 loops=1)
        Buckets: 131072  Batches: 8  Memory Usage: 3650kB
        ->  Hash Join  (cost=102767.86..176926.79 rows=535066 width=8) (actual time=2008.423..3682.384 rows=533412 loops=1)
              Hash Cond: (mc.movie_id = t.id)
              ->  Seq Scan on movie_companies mc  (cost=0.00..51404.11 rows=535066 width=4) (actual time=0.016..790.813 rows=533412 loops=1)
                    Filter: (company_id < 521)
                    Rows Removed by Filter: 2075717
              ->  Hash  (cost=61283.27..61283.27 rows=2528527 width=4) (actual time=2006.765..2006.765 rows=2528312 loops=1)
                    Buckets: 131072  Batches: 64  Memory Usage: 2415kB
                    ->  Seq Scan on title t  (cost=0.00..61283.27 rows=2528527 width=4) (actual time=0.004..1159.869 rows=2528312 loops=1)
Planning time: 1.188 ms
Execution time: 20829.800 ms
