Nested Loop  (cost=0.43..709674.40 rows=206 width=0) (actual time=6317.173..10049.335 rows=21 loops=1)
  ->  Seq Scan on cast_info ci  (cost=0.00..705507.15 rows=500 width=4) (actual time=6316.993..10047.912 rows=88 loops=1)
        Filter: (person_id = 2783401)
        Rows Removed by Filter: 36244256
  ->  Index Scan using title_pkey on title t  (cost=0.43..8.32 rows=1 width=4) (actual time=0.014..0.014 rows=0 loops=88)
        Index Cond: (id = ci.movie_id)
        Filter: ((production_year > 1992) AND (kind_id = 7))
        Rows Removed by Filter: 1
Planning time: 0.742 ms
Execution time: 10049.460 ms
