Hash Join  (cost=128766.65..838106.36 rows=2035 width=0) (actual time=4005.876..13378.987 rows=4864 loops=1)
  Hash Cond: (ci.movie_id = t.id)
  ->  Seq Scan on cast_info ci  (cost=0.00..705507.15 rows=1016589 width=4) (actual time=2218.982..11403.725 rows=1042926 loops=1)
        Filter: (person_id > 3859736)
        Rows Removed by Filter: 35201418
  ->  Hash  (cost=128703.37..128703.37 rows=5062 width=8) (actual time=1785.927..1785.927 rows=8713 loops=1)
        Buckets: 16384 (originally 8192)  Batches: 1 (originally 1)  Memory Usage: 469kB
        ->  Hash Join  (cost=73987.23..128703.37 rows=5062 width=8) (actual time=1117.336..1782.934 rows=8713 loops=1)
              Hash Cond: (mc.movie_id = t.id)
              ->  Seq Scan on movie_companies mc  (cost=0.00..44881.29 rows=2609129 width=4) (actual time=0.015..309.862 rows=2609129 loops=1)
              ->  Hash  (cost=73925.90..73925.90 rows=4906 width=4) (actual time=1117.215..1117.215 rows=12658 loops=1)
                    Buckets: 16384 (originally 8192)  Batches: 1 (originally 1)  Memory Usage: 574kB
                    ->  Seq Scan on title t  (cost=0.00..73925.90 rows=4906 width=4) (actual time=0.039..1111.222 rows=12658 loops=1)
                          Filter: ((kind_id > 3) AND (production_year = 1986))
                          Rows Removed by Filter: 2515654
Planning time: 1.169 ms
Execution time: 13379.881 ms
