Seq Scan on movie_keyword mk  (cost=0.00..81003.12 rows=246 width=0) (actual time=0.171..1125.114 rows=946 loops=1)
  Filter: (keyword_id = 413)
  Rows Removed by Filter: 4522984
Planning time: 0.279 ms
Execution time: 1125.482 ms
