Hash Join  (cost=87642.27..133163.68 rows=456293 width=0) (actual time=1595.488..2829.632 rows=369825 loops=1)
  Hash Cond: (mi_idx.movie_id = t.id)
  ->  Seq Scan on movie_info_idx mi_idx  (cost=0.00..21735.35 rows=1380035 width=4) (actual time=0.014..483.407 rows=1380035 loops=1)
  ->  Hash  (cost=73925.90..73925.90 rows=836029 width=4) (actual time=1594.342..1594.342 rows=742319 loops=1)
        Buckets: 131072  Batches: 16  Memory Usage: 2657kB
        ->  Seq Scan on title t  (cost=0.00..73925.90 rows=836029 width=4) (actual time=0.025..1351.995 rows=742319 loops=1)
              Filter: ((kind_id > 1) AND (production_year < 2002))
              Rows Removed by Filter: 1785993
Planning time: 0.779 ms
Execution time: 2862.518 ms
