Hash Join  (cost=68173.50..916771.43 rows=240578 width=0) (actual time=975.774..20107.704 rows=38335 loops=1)
  Hash Cond: (ci.movie_id = t.id)
  ->  Seq Scan on cast_info ci  (cost=0.00..796071.18 rows=13365591 width=4) (actual time=0.022..14687.849 rows=16266493 loops=1)
        Filter: ((person_id < 2011614) AND (role_id < 4))
        Rows Removed by Filter: 19977851
  ->  Hash  (cost=67604.59..67604.59 rows=45513 width=4) (actual time=974.070..974.070 rows=42820 loops=1)
        Buckets: 65536  Batches: 1  Memory Usage: 2018kB
        ->  Seq Scan on title t  (cost=0.00..67604.59 rows=45513 width=4) (actual time=47.474..957.823 rows=42820 loops=1)
              Filter: (production_year < 1913)
              Rows Removed by Filter: 2485492
Planning time: 2.316 ms
Execution time: 20114.145 ms
