Hash Join  (cost=80549.28..178779.47 rows=189866 width=0) (actual time=1501.522..3550.470 rows=38165 loops=1)
  Hash Cond: (mk.movie_id = t.id)
  ->  Seq Scan on movie_keyword mk  (cost=0.00..81003.12 rows=1189175 width=4) (actual time=0.024..1372.269 rows=1194024 loops=1)
        Filter: (keyword_id < 1450)
        Rows Removed by Filter: 3329906
  ->  Hash  (cost=73925.90..73925.90 rows=403710 width=4) (actual time=1328.828..1328.828 rows=434218 loops=1)
        Buckets: 131072  Batches: 8  Memory Usage: 2941kB
        ->  Seq Scan on title t  (cost=0.00..73925.90 rows=403710 width=4) (actual time=61.564..1184.012 rows=434218 loops=1)
              Filter: ((production_year > 2008) AND (kind_id = 7))
              Rows Removed by Filter: 2094094
Planning time: 0.750 ms
Execution time: 3555.887 ms
