Hash Join  (cost=81598.21..987902.91 rows=2743626 width=0) (actual time=2998.610..23313.118 rows=2884161 loops=1)
  Hash Cond: (ci.movie_id = t.id)
  ->  Seq Scan on cast_info ci  (cost=0.00..705507.15 rows=14835279 width=4) (actual time=1557.238..13695.574 rows=14998820 loops=1)
        Filter: (person_id > 2148072)
        Rows Removed by Filter: 21245524
  ->  Hash  (cost=73925.90..73925.90 rows=467624 width=4) (actual time=1440.332..1440.332 rows=557493 loops=1)
        Buckets: 131072  Batches: 8  Memory Usage: 3486kB
        ->  Seq Scan on title t  (cost=0.00..73925.90 rows=467624 width=4) (actual time=0.026..1262.311 rows=557493 loops=1)
              Filter: ((kind_id < 7) AND (production_year < 2003))
              Rows Removed by Filter: 1970819
Planning time: 0.760 ms
Execution time: 23666.903 ms
