Hash Join  (cost=295134.53..1806169.95 rows=37640517 width=0) (actual time=6224.783..50003.866 rows=43965995 loops=1)
  Hash Cond: (ci.movie_id = t.id)
  ->  Seq Scan on cast_info ci  (cost=0.00..614943.12 rows=36225612 width=4) (actual time=0.014..13557.178 rows=36244344 loops=1)
  ->  Hash  (cost=252030.44..252030.44 rows=2627287 width=8) (actual time=6223.108..6223.108 rows=1471842 loops=1)
        Buckets: 131072  Batches: 64  Memory Usage: 1905kB
        ->  Hash Join  (cost=98018.53..252030.44 rows=2627287 width=8) (actual time=2037.416..5844.023 rows=1471842 loops=1)
              Hash Cond: (mk.movie_id = t.id)
              ->  Seq Scan on movie_keyword mk  (cost=0.00..69693.30 rows=4523930 width=4) (actual time=0.021..1356.050 rows=4523930 loops=1)
              ->  Hash  (cost=73925.90..73925.90 rows=1468450 width=4) (actual time=2034.801..2034.801 rows=1591292 loops=1)
                    Buckets: 131072  Batches: 32  Memory Usage: 2788kB
                    ->  Seq Scan on title t  (cost=0.00..73925.90 rows=1468450 width=4) (actual time=0.029..1489.260 rows=1591292 loops=1)
                          Filter: ((kind_id > 1) AND (production_year > 1976))
                          Rows Removed by Filter: 937020
Planning time: 1.201 ms
Execution time: 55095.984 ms
