Seq Scan on movie_keyword mk  (cost=0.00..81003.12 rows=246 width=0) (actual time=7.571..1230.815 rows=21 loops=1)
  Filter: (keyword_id = 45481)
  Rows Removed by Filter: 4523909
Planning time: 0.306 ms
Execution time: 1230.914 ms
