Hash Join  (cost=280953.66..1691434.90 rows=32260009 width=0) (actual time=5796.623..41106.803 rows=18200996 loops=1)
  Hash Cond: (ci.movie_id = t.id)
  ->  Seq Scan on cast_info ci  (cost=0.00..614943.12 rows=36225612 width=4) (actual time=0.022..13517.030 rows=36244344 loops=1)
  ->  Hash  (cost=244011.03..244011.03 rows=2251730 width=8) (actual time=5795.025..5795.025 rows=551117 loops=1)
        Buckets: 131072  Batches: 32  Memory Usage: 1684kB
        ->  Hash Join  (cost=94574.69..244011.03 rows=2251730 width=8) (actual time=3577.265..5637.769 rows=551117 loops=1)
              Hash Cond: (mk.movie_id = t.id)
              ->  Seq Scan on movie_keyword mk  (cost=0.00..69693.30 rows=4523930 width=4) (actual time=0.013..1520.641 rows=4523930 loops=1)
              ->  Hash  (cost=73925.90..73925.90 rows=1258543 width=4) (actual time=1800.070..1800.070 rows=1221534 loops=1)
                    Buckets: 131072  Batches: 32  Memory Usage: 2369kB
                    ->  Seq Scan on title t  (cost=0.00..73925.90 rows=1258543 width=4) (actual time=0.019..1392.256 rows=1221534 loops=1)
                          Filter: ((production_year < 2011) AND (kind_id = 7))
                          Rows Removed by Filter: 1306778
Planning time: 1.243 ms
Execution time: 43209.457 ms
