Hash Join  (cost=433992.06..521920.12 rows=127003 width=0) (actual time=7393.228..9211.892 rows=78390 loops=1)
  Hash Cond: (mk.movie_id = t.id)
  ->  Seq Scan on movie_keyword mk  (cost=0.00..69693.30 rows=4523930 width=4) (actual time=0.029..1016.466 rows=4523930 loops=1)
  ->  Hash  (cost=433104.74..433104.74 rows=70985 width=8) (actual time=7297.474..7297.474 rows=73393 loops=1)
        Buckets: 131072  Batches: 1  Memory Usage: 3891kB
        ->  Hash Join  (cost=74657.14..433104.74 rows=70985 width=8) (actual time=1097.843..7268.280 rows=73393 loops=1)
              Hash Cond: (mi.movie_id = t.id)
              ->  Seq Scan on movie_info mi  (cost=0.00..346232.03 rows=3068194 width=4) (actual time=0.023..5449.682 rows=3036719 loops=1)
                    Filter: (info_type_id = 16)
                    Rows Removed by Filter: 11799001
              ->  Hash  (cost=73925.90..73925.90 rows=58499 width=4) (actual time=1097.487..1097.487 rows=62752 loops=1)
                    Buckets: 65536  Batches: 1  Memory Usage: 2719kB
                    ->  Seq Scan on title t  (cost=0.00..73925.90 rows=58499 width=4) (actual time=0.021..1073.444 rows=62752 loops=1)
                          Filter: ((kind_id = 7) AND (production_year = 2005))
                          Rows Removed by Filter: 2465560
Planning time: 1.265 ms
Execution time: 9222.396 ms
