Hash Join  (cost=263115.61..416781.26 rows=2643877 width=0) (actual time=6170.667..13938.535 rows=19171534 loops=1)
  Hash Cond: (mk.movie_id = t.id)
  ->  Seq Scan on movie_keyword mk  (cost=0.00..81003.12 rows=2562202 width=4) (actual time=0.017..1731.916 rows=2557962 loops=1)
        Filter: (keyword_id < 6443)
        Rows Removed by Filter: 1965968
  ->  Hash  (cost=220309.49..220309.49 rows=2609129 width=8) (actual time=6168.398..6168.398 rows=2609129 loops=1)
        Buckets: 131072  Batches: 64  Memory Usage: 2691kB
        ->  Hash Join  (cost=102767.86..220309.49 rows=2609129 width=8) (actual time=1968.689..5449.028 rows=2609129 loops=1)
              Hash Cond: (mc.movie_id = t.id)
              ->  Seq Scan on movie_companies mc  (cost=0.00..44881.29 rows=2609129 width=4) (actual time=0.020..908.769 rows=2609129 loops=1)
              ->  Hash  (cost=61283.27..61283.27 rows=2528527 width=4) (actual time=1966.940..1966.940 rows=2528312 loops=1)
                    Buckets: 131072  Batches: 64  Memory Usage: 2415kB
                    ->  Seq Scan on title t  (cost=0.00..61283.27 rows=2528527 width=4) (actual time=0.012..1153.911 rows=2528312 loops=1)
Planning time: 1.231 ms
Execution time: 16172.338 ms
