Hash Join  (cost=177197.39..312546.37 rows=1095495 width=0) (actual time=3856.382..7091.218 rows=480709 loops=1)
  Hash Cond: (mk.movie_id = t.id)
  ->  Seq Scan on movie_keyword mk  (cost=0.00..69693.30 rows=4523930 width=4) (actual time=0.009..1425.995 rows=4523930 loops=1)
  ->  Hash  (cost=167151.67..167151.67 rows=612297 width=8) (actual time=3855.610..3855.610 rows=341035 loops=1)
        Buckets: 131072  Batches: 8  Memory Usage: 2690kB
        ->  Hash Join  (cost=83661.18..167151.67 rows=612297 width=8) (actual time=1447.455..3741.812 rows=341035 loops=1)
              Hash Cond: (mc.movie_id = t.id)
              ->  Seq Scan on movie_companies mc  (cost=0.00..44881.29 rows=2609129 width=4) (actual time=0.026..911.294 rows=2609129 loops=1)
              ->  Hash  (cost=73925.90..73925.90 rows=593382 width=4) (actual time=1446.298..1446.298 rows=486368 loops=1)
                    Buckets: 131072  Batches: 8  Memory Usage: 3147kB
                    ->  Seq Scan on title t  (cost=0.00..73925.90 rows=593382 width=4) (actual time=0.018..1289.837 rows=486368 loops=1)
                          Filter: ((production_year < 1999) AND (kind_id = 7))
                          Rows Removed by Filter: 2041944
Planning time: 4.218 ms
Execution time: 7138.387 ms
