Seq Scan on movie_companies mc  (cost=0.00..57926.93 rows=969131 width=0) (actual time=0.035..1100.212 rows=822590 loops=1)
  Filter: ((company_id > 814) AND (company_type_id = 1))
  Rows Removed by Filter: 1786539
Planning time: 3.953 ms
Execution time: 1201.910 ms
