Hash Join  (cost=102767.86..296144.17 rows=4259519 width=0) (actual time=2051.971..7259.974 rows=4258254 loops=1)
  Hash Cond: (mk.movie_id = t.id)
  ->  Seq Scan on movie_keyword mk  (cost=0.00..81003.12 rows=4259519 width=4) (actual time=0.009..1808.973 rows=4258254 loops=1)
        Filter: (keyword_id < 58968)
        Rows Removed by Filter: 265676
  ->  Hash  (cost=61283.27..61283.27 rows=2528527 width=4) (actual time=2049.771..2049.771 rows=2528312 loops=1)
        Buckets: 131072  Batches: 64  Memory Usage: 2425kB
        ->  Seq Scan on title t  (cost=0.00..61283.27 rows=2528527 width=4) (actual time=0.008..1190.559 rows=2528312 loops=1)
Planning time: 0.546 ms
Execution time: 7739.493 ms
