Hash Join  (cost=77280.64..580995.50 rows=1024122 width=0) (actual time=1406.039..15628.709 rows=3102739 loops=1)
  Hash Cond: (mi.movie_id = t.id)
  ->  Seq Scan on movie_info mi  (cost=0.00..346232.03 rows=12665229 width=4) (actual time=0.024..7462.639 rows=12744652 loops=1)
        Filter: (info_type_id > 2)
        Rows Removed by Filter: 2091068
  ->  Hash  (cost=73925.90..73925.90 rows=204459 width=4) (actual time=1405.197..1405.197 rows=313929 loops=1)
        Buckets: 131072  Batches: 4  Memory Usage: 3792kB
        ->  Seq Scan on title t  (cost=0.00..73925.90 rows=204459 width=4) (actual time=0.020..1296.739 rows=313929 loops=1)
              Filter: ((kind_id < 7) AND (production_year < 1981))
              Rows Removed by Filter: 2214383
Planning time: 0.808 ms
Execution time: 15969.685 ms
