Hash Join  (cost=365418.15..1855643.47 rows=35128812 width=0) (actual time=13823.100..60614.918 rows=91347247 loops=1)
  Hash Cond: (ci.movie_id = t.id)
  ->  Seq Scan on cast_info ci  (cost=0.00..796071.18 rows=19634289 width=4) (actual time=4283.309..17995.302 rows=17557876 loops=1)
        Filter: ((person_id < 3045854) AND (role_id > 1))
        Rows Removed by Filter: 18686468
  ->  Hash  (cost=291197.02..291197.02 rows=4523930 width=8) (actual time=9538.463..9538.463 rows=4523930 loops=1)
        Buckets: 131072  Batches: 64  Memory Usage: 3816kB
        ->  Hash Join  (cost=102767.86..291197.02 rows=4523930 width=8) (actual time=2662.555..8327.973 rows=4523930 loops=1)
              Hash Cond: (mk.movie_id = t.id)
              ->  Seq Scan on movie_keyword mk  (cost=0.00..69693.30 rows=4523930 width=4) (actual time=0.033..1478.908 rows=4523930 loops=1)
              ->  Hash  (cost=61283.27..61283.27 rows=2528527 width=4) (actual time=2661.284..2661.284 rows=2528312 loops=1)
                    Buckets: 131072  Batches: 64  Memory Usage: 2425kB
                    ->  Seq Scan on title t  (cost=0.00..61283.27 rows=2528527 width=4) (actual time=0.021..1152.745 rows=2528312 loops=1)
Planning time: 1.190 ms
Execution time: 70652.045 ms
