Hash Join  (cost=97066.09..1505157.59 rows=24805327 width=0) (actual time=1877.894..44231.801 rows=24529317 loops=1)
  Hash Cond: (ci.movie_id = t.id)
  ->  Seq Scan on cast_info ci  (cost=0.00..705507.15 rows=34928017 width=4) (actual time=0.007..17197.841 rows=35037553 loops=1)
        Filter: (person_id > 122162)
        Rows Removed by Filter: 1206791
  ->  Hash  (cost=67604.59..67604.59 rows=1795720 width=4) (actual time=1876.867..1876.867 rows=1794153 loops=1)
        Buckets: 131072  Batches: 32  Memory Usage: 2992kB
        ->  Seq Scan on title t  (cost=0.00..67604.59 rows=1795720 width=4) (actual time=0.014..1295.712 rows=1794153 loops=1)
              Filter: (production_year < 2009)
              Rows Removed by Filter: 734159
Planning time: 0.797 ms
Execution time: 46788.284 ms
