Seq Scan on movie_keyword mk  (cost=0.00..81003.12 rows=246 width=0) (actual time=3.693..1235.184 rows=248 loops=1)
  Filter: (keyword_id = 15816)
  Rows Removed by Filter: 4523682
Planning time: 0.373 ms
Execution time: 1235.438 ms
