Seq Scan on cast_info ci  (cost=0.00..796071.18 rows=324 width=0) (actual time=1782.768..14812.278 rows=162 loops=1)
  Filter: ((role_id > 1) AND (person_id = 2516064))
  Rows Removed by Filter: 36244182
Planning time: 0.415 ms
Execution time: 14812.445 ms
