Hash Join  (cost=78556.72..155913.18 rows=312649 width=0) (actual time=1399.090..3638.128 rows=395942 loops=1)
  Hash Cond: (mc.movie_id = t.id)
  ->  Seq Scan on movie_companies mc  (cost=0.00..57926.93 rows=1184275 width=4) (actual time=0.016..1255.412 rows=1047290 loops=1)
        Filter: ((company_id < 95131) AND (company_type_id > 1))
        Rows Removed by Filter: 1561839
  ->  Hash  (cost=67604.59..67604.59 rows=667531 width=4) (actual time=1398.255..1398.255 rows=662825 loops=1)
        Buckets: 131072  Batches: 16  Memory Usage: 2476kB
        ->  Seq Scan on title t  (cost=0.00..67604.59 rows=667531 width=4) (actual time=338.603..1187.558 rows=662825 loops=1)
              Filter: (kind_id = 1)
              Rows Removed by Filter: 1865487
Planning time: 0.801 ms
Execution time: 3677.627 ms
