Hash Join  (cost=142708.74..228613.10 rows=539206 width=0) (actual time=3649.767..6356.116 rows=1914217 loops=1)
  Hash Cond: (mc.movie_id = t.id)
  ->  Seq Scan on movie_companies mc  (cost=0.00..51404.11 rows=2318716 width=4) (actual time=0.015..1183.009 rows=2323812 loops=1)
        Filter: (company_id > 158)
        Rows Removed by Filter: 285317
  ->  Hash  (cost=133061.78..133061.78 rows=587997 width=8) (actual time=3646.774..3646.774 rows=715839 loops=1)
        Buckets: 131072 (originally 131072)  Batches: 16 (originally 8)  Memory Usage: 3073kB
        ->  Hash Join  (cost=85280.32..133061.78 rows=587997 width=8) (actual time=1732.016..3457.272 rows=715839 loops=1)
              Hash Cond: (mi_idx.movie_id = t.id)
              ->  Seq Scan on movie_info_idx mi_idx  (cost=0.00..21735.35 rows=1380035 width=4) (actual time=0.020..468.604 rows=1380035 loops=1)
              ->  Hash  (cost=67604.59..67604.59 rows=1077339 width=4) (actual time=1730.957..1730.957 rows=1074765 loops=1)
                    Buckets: 131072  Batches: 16  Memory Usage: 3388kB
                    ->  Seq Scan on title t  (cost=0.00..67604.59 rows=1077339 width=4) (actual time=0.012..1406.821 rows=1074765 loops=1)
                          Filter: (production_year < 2001)
                          Rows Removed by Filter: 1453547
Planning time: 1.211 ms
Execution time: 6551.777 ms
