Seq Scan on movie_companies mc  (cost=0.00..51404.11 rows=2389683 width=0) (actual time=0.024..822.770 rows=2388237 loops=1)
  Filter: (company_id < 107714)
  Rows Removed by Filter: 220892
Planning time: 0.329 ms
Execution time: 1102.290 ms
