Seq Scan on movie_keyword mk  (cost=0.00..81003.12 rows=246 width=0) (actual time=0.407..1335.830 rows=2960 loops=1)
  Filter: (keyword_id = 1827)
  Rows Removed by Filter: 4520970
Planning time: 0.380 ms
Execution time: 1336.763 ms
