Hash Join  (cost=67697.55..154488.65 rows=13306 width=0) (actual time=883.889..2813.953 rows=30877 loops=1)
  Hash Cond: (mk.movie_id = t.id)
  ->  Seq Scan on movie_keyword mk  (cost=0.00..69693.30 rows=4523930 width=4) (actual time=0.012..1112.556 rows=4523930 loops=1)
  ->  Hash  (cost=67604.59..67604.59 rows=7437 width=4) (actual time=883.581..883.581 rows=14926 loops=1)
        Buckets: 16384 (originally 8192)  Batches: 1 (originally 1)  Memory Usage: 653kB
        ->  Seq Scan on title t  (cost=0.00..67604.59 rows=7437 width=4) (actual time=0.012..877.728 rows=14926 loops=1)
              Filter: (production_year = 1979)
              Rows Removed by Filter: 2513386
Planning time: 0.531 ms
Execution time: 2818.209 ms
