Seq Scan on movie_companies mc  (cost=0.00..57926.93 rows=53920 width=0) (actual time=199.360..739.395 rows=106300 loops=1)
  Filter: ((company_id > 153944) AND (company_type_id = 2))
  Rows Removed by Filter: 2502829
Planning time: 0.395 ms
Execution time: 753.224 ms
