Seq Scan on title t  (cost=0.00..67604.59 rows=356522 width=0) (actual time=0.012..1159.305 rows=352081 loops=1)
  Filter: (production_year < 1969)
  Rows Removed by Filter: 2176231
Planning time: 0.335 ms
Execution time: 1206.534 ms
