Seq Scan on movie_keyword mk  (cost=0.00..81003.12 rows=3779146 width=0) (actual time=0.028..1467.010 rows=3773718 loops=1)
  Filter: (keyword_id < 24920)
  Rows Removed by Filter: 750212
Planning time: 0.322 ms
Execution time: 1925.961 ms
