Nested Loop  (cost=0.43..797556.58 rows=38 width=0) (actual time=9205.445..13305.902 rows=17 loops=1)
  ->  Seq Scan on cast_info ci  (cost=0.00..796071.18 rows=176 width=4) (actual time=9205.367..13301.409 rows=360 loops=1)
        Filter: ((role_id < 2) AND (person_id = 482273))
        Rows Removed by Filter: 36243984
  ->  Index Scan using title_pkey on title t  (cost=0.43..8.43 rows=1 width=4) (actual time=0.012..0.012 rows=0 loops=360)
        Index Cond: (id = ci.movie_id)
        Filter: ((kind_id < 3) AND (production_year > 1987))
        Rows Removed by Filter: 1
Planning time: 0.838 ms
Execution time: 13306.009 ms
