Seq Scan on movie_companies mc  (cost=0.00..51404.11 rows=1725609 width=0) (actual time=0.029..952.254 rows=1729270 loops=1)
  Filter: (company_id > 2609)
  Rows Removed by Filter: 879859
Planning time: 0.328 ms
Execution time: 1165.490 ms
