Seq Scan on movie_companies mc  (cost=0.00..57926.93 rows=576292 width=0) (actual time=67.879..923.152 rows=364069 loops=1)
  Filter: ((company_id < 8123) AND (company_type_id = 2))
  Rows Removed by Filter: 2245060
Planning time: 0.409 ms
Execution time: 969.316 ms
