Nested Loop  (cost=0.43..797556.14 rows=69 width=0) (actual time=768.335..11004.227 rows=1 loops=1)
  ->  Seq Scan on cast_info ci  (cost=0.00..796071.18 rows=176 width=4) (actual time=768.261..11004.094 rows=2 loops=1)
        Filter: ((person_id = 549657) AND (role_id = 1))
        Rows Removed by Filter: 36244342
  ->  Index Scan using title_pkey on title t  (cost=0.43..8.43 rows=1 width=4) (actual time=0.053..0.054 rows=0 loops=2)
        Index Cond: (id = ci.movie_id)
        Filter: (kind_id < 7)
        Rows Removed by Filter: 0
Planning time: 0.817 ms
Execution time: 11004.350 ms
