Seq Scan on cast_info ci  (cost=0.00..705507.15 rows=1774596 width=0) (actual time=433.914..10193.662 rows=1703779 loops=1)
  Filter: (person_id < 169417)
  Rows Removed by Filter: 34540565
Planning time: 0.303 ms
Execution time: 10408.135 ms
