Hash Join  (cost=74255.97..440451.07 rows=153918 width=0) (actual time=1124.438..8759.554 rows=291536 loops=1)
  Hash Cond: (mi.movie_id = t.id)
  ->  Seq Scan on movie_info mi  (cost=0.00..309384.22 rows=14739122 width=4) (actual time=0.019..3964.071 rows=14835720 loops=1)
  ->  Hash  (cost=73925.90..73925.90 rows=26405 width=4) (actual time=1124.191..1124.191 rows=23926 loops=1)
        Buckets: 32768  Batches: 1  Memory Usage: 1098kB
        ->  Seq Scan on title t  (cost=0.00..73925.90 rows=26405 width=4) (actual time=0.291..1112.830 rows=23926 loops=1)
              Filter: ((kind_id < 7) AND (production_year = 2003))
              Rows Removed by Filter: 2504386
Planning time: 1.692 ms
Execution time: 8802.487 ms
