Hash Join  (cost=175027.18..279963.34 rows=486489 width=0) (actual time=3963.889..6706.720 rows=2026083 loops=1)
  Hash Cond: (mk.movie_id = t.id)
  ->  Seq Scan on movie_keyword mk  (cost=0.00..81003.12 rows=1338437 width=4) (actual time=0.021..1547.911 rows=1349814 loops=1)
        Filter: (keyword_id > 12547)
        Rows Removed by Filter: 3174116
  ->  Hash  (cost=159947.97..159947.97 rows=919057 width=8) (actual time=3962.544..3962.544 rows=920110 loops=1)
        Buckets: 131072  Batches: 16  Memory Usage: 3283kB
        ->  Hash Join  (cost=102767.86..159947.97 rows=919057 width=8) (actual time=1881.848..3681.017 rows=920110 loops=1)
              Hash Cond: (mi_idx.movie_id = t.id)
              ->  Seq Scan on movie_info_idx mi_idx  (cost=0.00..25185.44 rows=919057 width=4) (actual time=0.026..589.948 rows=920110 loops=1)
                    Filter: (info_type_id > 99)
                    Rows Removed by Filter: 459925
              ->  Hash  (cost=61283.27..61283.27 rows=2528527 width=4) (actual time=1880.792..1880.792 rows=2528312 loops=1)
                    Buckets: 131072  Batches: 64  Memory Usage: 2415kB
                    ->  Seq Scan on title t  (cost=0.00..61283.27 rows=2528527 width=4) (actual time=0.021..1058.327 rows=2528312 loops=1)
Planning time: 2.617 ms
Execution time: 6918.871 ms
