Seq Scan on movie_keyword mk  (cost=0.00..81003.12 rows=3845980 width=0) (actual time=0.025..1599.611 rows=3839091 loops=1)
  Filter: (keyword_id < 27497)
  Rows Removed by Filter: 684839
Planning time: 0.324 ms
Execution time: 2098.641 ms
