Nested Loop  (cost=0.43..83072.90 rows=78 width=0) (actual time=1.194..1308.677 rows=1559 loops=1)
  ->  Seq Scan on movie_keyword mk  (cost=0.00..81003.12 rows=246 width=4) (actual time=1.040..1238.556 rows=1783 loops=1)
        Filter: (keyword_id = 3295)
        Rows Removed by Filter: 4522147
  ->  Index Scan using title_pkey on title t  (cost=0.43..8.40 rows=1 width=4) (actual time=0.038..0.038 rows=1 loops=1783)
        Index Cond: (id = mk.movie_id)
        Filter: ((kind_id < 7) AND (production_year < 2011))
        Rows Removed by Filter: 0
Planning time: 0.738 ms
Execution time: 1309.330 ms
