Hash Join  (cost=168501.82..708409.73 rows=5632696 width=0) (actual time=3600.317..17890.054 rows=5930889 loops=1)
  Hash Cond: (mi.movie_id = t.id)
  ->  Seq Scan on movie_info mi  (cost=0.00..309384.22 rows=14739122 width=4) (actual time=0.021..6283.379 rows=14835720 loops=1)
  ->  Hash  (cost=152648.06..152648.06 rows=966301 width=8) (actual time=3599.501..3599.501 rows=637077 loops=1)
        Buckets: 131072  Batches: 16  Memory Usage: 2594kB
        ->  Hash Join  (cost=96651.52..152648.06 rows=966301 width=8) (actual time=1976.337..3423.717 rows=637077 loops=1)
              Hash Cond: (mi_idx.movie_id = t.id)
              ->  Seq Scan on movie_info_idx mi_idx  (cost=0.00..21735.35 rows=1380035 width=4) (actual time=0.020..394.695 rows=1380035 loops=1)
              ->  Hash  (cost=67604.59..67604.59 rows=1770475 width=4) (actual time=1974.756..1974.756 rows=1774635 loops=1)
                    Buckets: 131072  Batches: 32  Memory Usage: 2978kB
                    ->  Seq Scan on title t  (cost=0.00..67604.59 rows=1770475 width=4) (actual time=0.016..1400.284 rows=1774635 loops=1)
                          Filter: (kind_id > 2)
                          Rows Removed by Filter: 753677
Planning time: 3.405 ms
Execution time: 18527.063 ms
