Hash Join  (cost=128567.70..254385.44 rows=313170 width=0) (actual time=2895.035..7252.492 rows=3092617 loops=1)
  Hash Cond: (mk.movie_id = t.id)
  ->  Seq Scan on movie_keyword mk  (cost=0.00..69693.30 rows=4523930 width=4) (actual time=0.024..1420.017 rows=4523930 loops=1)
  ->  Hash  (cost=125695.73..125695.73 rows=175038 width=8) (actual time=2893.642..2893.642 rows=318009 loops=1)
        Buckets: 131072 (originally 131072)  Batches: 8 (originally 4)  Memory Usage: 3073kB
        ->  Hash Join  (cost=89678.24..125695.73 rows=175038 width=8) (actual time=1761.343..2783.947 rows=318009 loops=1)
              Hash Cond: (mi_idx.movie_id = t.id)
              ->  Seq Scan on movie_info_idx mi_idx  (cost=0.00..25185.44 rows=460978 width=4) (actual time=0.017..497.310 rows=459925 loops=1)
                    Filter: (info_type_id < 100)
                    Rows Removed by Filter: 920110
              ->  Hash  (cost=73925.90..73925.90 rows=960107 width=4) (actual time=1760.270..1760.270 rows=977778 loops=1)
                    Buckets: 131072  Batches: 16  Memory Usage: 3172kB
                    ->  Seq Scan on title t  (cost=0.00..73925.90 rows=960107 width=4) (actual time=0.037..1442.045 rows=977778 loops=1)
                          Filter: ((kind_id < 7) AND (production_year > 0))
                          Rows Removed by Filter: 1550534
Planning time: 1.087 ms
Execution time: 7633.615 ms
