Seq Scan on cast_info ci  (cost=0.00..705507.15 rows=895980 width=0) (actual time=2689.740..13135.604 rows=898389 loops=1)
  Filter: (role_id = 5)
  Rows Removed by Filter: 35345955
Planning time: 0.411 ms
Execution time: 13251.593 ms
