Hash Join  (cost=69460.45..191934.73 rows=152820 width=0) (actual time=1088.923..3751.385 rows=137049 loops=1)
  Hash Cond: (mk.movie_id = t.id)
  ->  Seq Scan on movie_keyword mk  (cost=0.00..81003.12 rows=3416254 width=4) (actual time=0.024..1626.123 rows=3406473 loops=1)
        Filter: (keyword_id > 1165)
        Rows Removed by Filter: 1117457
  ->  Hash  (cost=67604.59..67604.59 rows=113109 width=4) (actual time=1086.948..1086.948 rows=119565 loops=1)
        Buckets: 131072  Batches: 2  Memory Usage: 3121kB
        ->  Seq Scan on title t  (cost=0.00..67604.59 rows=113109 width=4) (actual time=0.052..1039.854 rows=119565 loops=1)
              Filter: (production_year = 2007)
              Rows Removed by Filter: 2408747
Planning time: 0.811 ms
Execution time: 3768.650 ms
