Seq Scan on movie_keyword mk  (cost=0.00..81003.12 rows=1821966 width=12) (actual time=0.029..1687.986 rows=1823955 loops=1)
  Filter: (keyword_id > 7634)
  Rows Removed by Filter: 2699975
Planning time: 0.373 ms
Execution time: 1791.550 ms
