Seq Scan on title t  (cost=0.00..67604.59 rows=553747 width=0) (actual time=0.022..1132.382 rows=552960 loops=1)
  Filter: (production_year < 1983)
  Rows Removed by Filter: 1975352
Planning time: 0.316 ms
Execution time: 1204.745 ms
