Hash Join  (cost=1057075.29..1286222.95 rows=6508356 width=0) (actual time=16031.222..20820.084 rows=1928056 loops=1)
  Hash Cond: (mk.movie_id = t.id)
  ->  Seq Scan on movie_keyword mk  (cost=0.00..81003.12 rows=4489063 width=4) (actual time=0.019..1994.714 rows=4491736 loops=1)
        Filter: (keyword_id < 109132)
        Rows Removed by Filter: 32194
  ->  Hash  (cost=996930.27..996930.27 rows=3665922 width=8) (actual time=16027.774..16027.774 rows=430060 loops=1)
        Buckets: 131072  Batches: 64  Memory Usage: 1299kB
        ->  Hash Join  (cost=102767.86..996930.27 rows=3665922 width=8) (actual time=12437.120..15897.209 rows=430060 loops=1)
              Hash Cond: (ci.movie_id = t.id)
              ->  Seq Scan on cast_info ci  (cost=0.00..796071.18 rows=3665922 width=4) (actual time=10592.179..13294.272 rows=430060 loops=1)
                    Filter: ((person_id < 1793025) AND (role_id = 2))
                    Rows Removed by Filter: 35814284
              ->  Hash  (cost=61283.27..61283.27 rows=2528527 width=4) (actual time=1843.530..1843.530 rows=2528312 loops=1)
                    Buckets: 131072  Batches: 64  Memory Usage: 2415kB
                    ->  Seq Scan on title t  (cost=0.00..61283.27 rows=2528527 width=4) (actual time=0.020..1031.130 rows=2528312 loops=1)
Planning time: 0.814 ms
Execution time: 21046.983 ms
