Seq Scan on movie_companies mc  (cost=0.00..57926.93 rows=502833 width=0) (actual time=344.101..902.621 rows=816414 loops=1)
  Filter: ((company_id > 16798) AND (company_type_id > 1))
  Rows Removed by Filter: 1792715
Planning time: 0.338 ms
Execution time: 1003.585 ms
