Hash Join  (cost=304993.58..809073.70 rows=6416847 width=0) (actual time=6837.100..23008.417 rows=29361142 loops=1)
  Hash Cond: (mi.movie_id = t.id)
  ->  Seq Scan on movie_info mi  (cost=0.00..346232.03 rows=5897221 width=4) (actual time=0.021..6155.729 rows=5884963 loops=1)
        Filter: (info_type_id < 7)
        Rows Removed by Filter: 8950757
  ->  Hash  (cost=259854.01..259854.01 rows=2751325 width=8) (actual time=6834.550..6834.550 rows=2743825 loops=1)
        Buckets: 131072  Batches: 64  Memory Usage: 2803kB
        ->  Hash Join  (cost=102767.86..259854.01 rows=2751325 width=8) (actual time=1899.342..6024.134 rows=2743825 loops=1)
              Hash Cond: (mk.movie_id = t.id)
              ->  Seq Scan on movie_keyword mk  (cost=0.00..81003.12 rows=2751325 width=4) (actual time=0.018..1659.546 rows=2743825 loops=1)
                    Filter: (keyword_id > 2879)
                    Rows Removed by Filter: 1780105
              ->  Hash  (cost=61283.27..61283.27 rows=2528527 width=4) (actual time=1896.139..1896.139 rows=2528312 loops=1)
                    Buckets: 131072  Batches: 64  Memory Usage: 2425kB
                    ->  Seq Scan on title t  (cost=0.00..61283.27 rows=2528527 width=4) (actual time=0.004..1048.699 rows=2528312 loops=1)
Planning time: 1.180 ms
Execution time: 26268.206 ms
