Seq Scan on movie_keyword mk  (cost=0.00..81003.12 rows=2863610 width=0) (actual time=0.024..1506.825 rows=2848883 loops=1)
  Filter: (keyword_id > 2565)
  Rows Removed by Filter: 1675047
Planning time: 0.320 ms
Execution time: 1870.144 ms
