Hash Join  (cost=160599.83..956748.23 rows=7715 width=0) (actual time=2770.728..18755.624 rows=100389 loops=1)
  Hash Cond: (ci.movie_id = t.id)
  ->  Seq Scan on cast_info ci  (cost=0.00..614943.12 rows=36225612 width=4) (actual time=0.019..8826.829 rows=36244344 loops=1)
  ->  Hash  (cost=160593.10..160593.10 rows=539 width=8) (actual time=2770.205..2770.205 rows=3454 loops=1)
        Buckets: 4096 (originally 1024)  Batches: 1 (originally 1)  Memory Usage: 167kB
        ->  Hash Join  (cost=73929.67..160593.10 rows=539 width=8) (actual time=1278.948..2768.698 rows=3454 loops=1)
              Hash Cond: (mk.movie_id = t.id)
              ->  Seq Scan on movie_keyword mk  (cost=0.00..69693.30 rows=4523930 width=4) (actual time=0.006..1029.529 rows=4523930 loops=1)
              ->  Hash  (cost=73925.90..73925.90 rows=301 width=4) (actual time=963.349..963.349 rows=1244 loops=1)
                    Buckets: 2048 (originally 1024)  Batches: 1 (originally 1)  Memory Usage: 60kB
                    ->  Seq Scan on title t  (cost=0.00..73925.90 rows=301 width=4) (actual time=51.570..962.654 rows=1244 loops=1)
                          Filter: ((kind_id = 3) AND (production_year = 1979))
                          Rows Removed by Filter: 2527068
Planning time: 1.156 ms
Execution time: 18770.528 ms
