Hash Join  (cost=102767.86..195064.66 rows=58811 width=0) (actual time=1931.412..3651.841 rows=58448 loops=1)
  Hash Cond: (mk.movie_id = t.id)
  ->  Seq Scan on movie_keyword mk  (cost=0.00..81003.12 rows=58811 width=4) (actual time=0.037..1288.522 rows=58448 loops=1)
        Filter: (keyword_id = 16264)
        Rows Removed by Filter: 4465482
  ->  Hash  (cost=61283.27..61283.27 rows=2528527 width=4) (actual time=1930.428..1930.428 rows=2528312 loops=1)
        Buckets: 131072  Batches: 64  Memory Usage: 2425kB
        ->  Seq Scan on title t  (cost=0.00..61283.27 rows=2528527 width=4) (actual time=0.018..1084.404 rows=2528312 loops=1)
Planning time: 0.678 ms
Execution time: 3658.752 ms
