Hash Join  (cost=245497.88..420250.14 rows=3865531 width=0) (actual time=5714.473..16606.121 rows=28613878 loops=1)
  Hash Cond: (mk.movie_id = t.id)
  ->  Seq Scan on movie_keyword mk  (cost=0.00..69693.30 rows=4523930 width=4) (actual time=0.017..1470.810 rows=4523930 loops=1)
  ->  Hash  (cost=210051.21..210051.21 rows=2160533 width=8) (actual time=5713.377..5713.377 rows=1927360 loops=1)
        Buckets: 131072  Batches: 32  Memory Usage: 3421kB
        ->  Hash Join  (cost=101955.95..210051.21 rows=2160533 width=8) (actual time=1972.774..5178.691 rows=1927360 loops=1)
              Hash Cond: (mc.movie_id = t.id)
              ->  Seq Scan on movie_companies mc  (cost=0.00..44881.29 rows=2609129 width=4) (actual time=0.021..956.585 rows=2609129 loops=1)
              ->  Hash  (cost=67604.59..67604.59 rows=2093789 width=4) (actual time=1971.359..1971.359 rows=2089788 loops=1)
                    Buckets: 131072  Batches: 32  Memory Usage: 3324kB
                    ->  Seq Scan on title t  (cost=0.00..67604.59 rows=2093789 width=4) (actual time=0.018..1325.965 rows=2089788 loops=1)
                          Filter: (production_year > 1969)
                          Rows Removed by Filter: 438524
Planning time: 13.674 ms
Execution time: 19862.688 ms
