Hash Join  (cost=206482.54..1086671.82 rows=659331 width=0) (actual time=7750.369..21936.253 rows=4702180 loops=1)
  Hash Cond: (ci.movie_id = t.id)
  ->  Seq Scan on cast_info ci  (cost=0.00..796071.18 rows=5965356 width=4) (actual time=2722.605..13713.784 rows=3543897 loops=1)
        Filter: ((person_id < 1738017) AND (role_id > 3))
        Rows Removed by Filter: 32700447
  ->  Hash  (cost=201897.17..201897.17 rows=279470 width=8) (actual time=5025.409..5025.409 rows=1225342 loops=1)
        Buckets: 131072 (originally 131072)  Batches: 32 (originally 4)  Memory Usage: 3073kB
        ->  Hash Join  (cost=76489.43..201897.17 rows=279470 width=8) (actual time=1349.021..4659.455 rows=1225342 loops=1)
              Hash Cond: (mk.movie_id = t.id)
              ->  Seq Scan on movie_keyword mk  (cost=0.00..69693.30 rows=4523930 width=4) (actual time=0.039..1340.994 rows=4523930 loops=1)
              ->  Hash  (cost=73925.90..73925.90 rows=156202 width=4) (actual time=1348.137..1348.137 rows=291648 loops=1)
                    Buckets: 131072  Batches: 4  Memory Usage: 3596kB
                    ->  Seq Scan on title t  (cost=0.00..73925.90 rows=156202 width=4) (actual time=458.012..1248.469 rows=291648 loops=1)
                          Filter: ((production_year < 1985) AND (kind_id = 1))
                          Rows Removed by Filter: 2236664
Planning time: 1.327 ms
Execution time: 22471.040 ms
