Hash Join  (cost=102767.86..212621.47 rows=788461 width=0) (actual time=2156.390..4691.842 rows=793771 loops=1)
  Hash Cond: (mk.movie_id = t.id)
  ->  Seq Scan on movie_keyword mk  (cost=0.00..81003.12 rows=788461 width=4) (actual time=0.027..1422.108 rows=793771 loops=1)
        Filter: (keyword_id > 23497)
        Rows Removed by Filter: 3730159
  ->  Hash  (cost=61283.27..61283.27 rows=2528527 width=4) (actual time=2154.517..2154.517 rows=2528312 loops=1)
        Buckets: 131072  Batches: 64  Memory Usage: 2425kB
        ->  Seq Scan on title t  (cost=0.00..61283.27 rows=2528527 width=4) (actual time=0.012..1090.312 rows=2528312 loops=1)
Planning time: 0.740 ms
Execution time: 4775.366 ms
