Hash Join  (cost=166361.78..534703.34 rows=368564 width=0) (actual time=3292.220..12626.289 rows=689600 loops=1)
  Hash Cond: (mi.movie_id = t.id)
  ->  Seq Scan on movie_info mi  (cost=0.00..309384.22 rows=14739122 width=4) (actual time=0.011..4667.761 rows=14835720 loops=1)
  ->  Hash  (cost=165571.43..165571.43 rows=63228 width=8) (actual time=3291.459..3291.459 rows=62075 loops=1)
        Buckets: 65536  Batches: 1  Memory Usage: 2937kB
        ->  Hash Join  (cost=102767.86..165571.43 rows=63228 width=8) (actual time=1972.712..3267.404 rows=62075 loops=1)
              Hash Cond: (mc.movie_id = t.id)
              ->  Seq Scan on movie_companies mc  (cost=0.00..51404.11 rows=63228 width=4) (actual time=0.857..790.739 rows=62075 loops=1)
                    Filter: (company_id = 6)
                    Rows Removed by Filter: 2547054
              ->  Hash  (cost=61283.27..61283.27 rows=2528527 width=4) (actual time=1963.414..1963.414 rows=2528312 loops=1)
                    Buckets: 131072  Batches: 64  Memory Usage: 2415kB
                    ->  Seq Scan on title t  (cost=0.00..61283.27 rows=2528527 width=4) (actual time=0.019..1053.044 rows=2528312 loops=1)
Planning time: 1.184 ms
Execution time: 12733.673 ms
