Hash Join  (cost=156487.41..283783.03 rows=605952 width=0) (actual time=3359.376..7318.802 rows=2570695 loops=1)
  Hash Cond: (mk.movie_id = t.id)
  ->  Seq Scan on movie_keyword mk  (cost=0.00..81003.12 rows=3323727 width=4) (actual time=0.016..1709.617 rows=3314594 loops=1)
        Filter: (keyword_id < 15148)
        Rows Removed by Filter: 1209336
  ->  Hash  (cost=148924.19..148924.19 rows=460978 width=8) (actual time=3358.384..3358.384 rows=459925 loops=1)
        Buckets: 131072  Batches: 8  Memory Usage: 3284kB
        ->  Hash Join  (cost=102767.86..148924.19 rows=460978 width=8) (actual time=1974.618..3213.885 rows=459925 loops=1)
              Hash Cond: (mi_idx.movie_id = t.id)
              ->  Seq Scan on movie_info_idx mi_idx  (cost=0.00..25185.44 rows=460978 width=4) (actual time=0.019..423.224 rows=459925 loops=1)
                    Filter: (info_type_id < 100)
                    Rows Removed by Filter: 920110
              ->  Hash  (cost=61283.27..61283.27 rows=2528527 width=4) (actual time=1973.713..1973.713 rows=2528312 loops=1)
                    Buckets: 131072  Batches: 64  Memory Usage: 2415kB
                    ->  Seq Scan on title t  (cost=0.00..61283.27 rows=2528527 width=4) (actual time=0.028..1089.624 rows=2528312 loops=1)
Planning time: 1.177 ms
Execution time: 7553.516 ms
