Hash Join  (cost=73994.33..100934.69 rows=2988 width=0) (actual time=1153.162..1712.082 rows=291 loops=1)
  Hash Cond: (mi_idx.movie_id = t.id)
  ->  Seq Scan on movie_info_idx mi_idx  (cost=0.00..21735.35 rows=1380035 width=4) (actual time=0.019..318.817 rows=1380035 loops=1)
  ->  Hash  (cost=73925.90..73925.90 rows=5474 width=4) (actual time=1136.917..1136.917 rows=1425 loops=1)
        Buckets: 8192  Batches: 1  Memory Usage: 115kB
        ->  Seq Scan on title t  (cost=0.00..73925.90 rows=5474 width=4) (actual time=0.285..1136.062 rows=1425 loops=1)
              Filter: ((kind_id > 1) AND (production_year = 1949))
              Rows Removed by Filter: 2526887
Planning time: 0.807 ms
Execution time: 1712.232 ms
