Seq Scan on movie_keyword mk  (cost=0.00..81003.12 rows=246 width=0) (actual time=45.097..1254.294 rows=55 loops=1)
  Filter: (keyword_id = 17672)
  Rows Removed by Filter: 4523875
Planning time: 0.373 ms
Execution time: 1254.434 ms
