Hash Join  (cost=204130.62..709089.92 rows=2357338 width=0) (actual time=4391.895..17560.788 rows=2575079 loops=1)
  Hash Cond: (mi.movie_id = t.id)
  ->  Seq Scan on movie_info mi  (cost=0.00..309384.22 rows=14739122 width=4) (actual time=0.023..5896.012 rows=14835720 loops=1)
  ->  Hash  (cost=197495.55..197495.55 rows=404406 width=8) (actual time=4389.862..4389.862 rows=167463 loops=1)
        Buckets: 131072  Batches: 8  Memory Usage: 1851kB
        ->  Hash Join  (cost=98137.04..197495.55 rows=404406 width=8) (actual time=2091.516..4338.062 rows=167463 loops=1)
              Hash Cond: (mk.movie_id = t.id)
              ->  Seq Scan on movie_keyword mk  (cost=0.00..81003.12 rows=549465 width=4) (actual time=26.136..1379.391 rows=545593 loops=1)
                    Filter: (keyword_id > 33704)
                    Rows Removed by Filter: 3978337
              ->  Hash  (cost=67604.59..67604.59 rows=1860996 width=4) (actual time=2064.096..2064.096 rows=1865487 loops=1)
                    Buckets: 131072  Batches: 32  Memory Usage: 3085kB
                    ->  Seq Scan on title t  (cost=0.00..67604.59 rows=1860996 width=4) (actual time=0.021..1425.144 rows=1865487 loops=1)
                          Filter: (kind_id > 1)
                          Rows Removed by Filter: 662825
Planning time: 1.205 ms
Execution time: 17874.453 ms
