Seq Scan on movie_keyword mk  (cost=0.00..81003.12 rows=246 width=0) (actual time=3.325..1235.301 rows=99 loops=1)
  Filter: (keyword_id = 2741)
  Rows Removed by Filter: 4523831
Planning time: 0.370 ms
Execution time: 1235.458 ms
