Seq Scan on movie_keyword mk  (cost=0.00..81003.12 rows=246 width=0) (actual time=0.192..1291.712 rows=3179 loops=1)
  Filter: (keyword_id = 3921)
  Rows Removed by Filter: 4520751
Planning time: 0.471 ms
Execution time: 1292.670 ms
