Hash Join  (cost=325438.42..857722.36 rows=8495848 width=0) (actual time=7769.441..49851.802 rows=134454713 loops=1)
  Hash Cond: (mi.movie_id = t.id)
  ->  Seq Scan on movie_info mi  (cost=0.00..346232.03 rows=6231111 width=4) (actual time=0.011..6955.290 rows=6223494 loops=1)
        Filter: (info_type_id > 8)
        Rows Removed by Filter: 8612226
  ->  Hash  (cost=268877.22..268877.22 rows=3447536 width=8) (actual time=7762.048..7762.048 rows=3156005 loops=1)
        Buckets: 131072  Batches: 64  Memory Usage: 3014kB
        ->  Hash Join  (cost=99217.91..268877.22 rows=3447536 width=8) (actual time=2011.992..6862.714 rows=3156005 loops=1)
              Hash Cond: (mk.movie_id = t.id)
              ->  Seq Scan on movie_keyword mk  (cost=0.00..69693.30 rows=4523930 width=4) (actual time=0.014..1406.103 rows=4523930 loops=1)
              ->  Hash  (cost=67604.59..67604.59 rows=1926906 width=4) (actual time=2010.608..2010.608 rows=1918028 loops=1)
                    Buckets: 131072  Batches: 32  Memory Usage: 3147kB
                    ->  Seq Scan on title t  (cost=0.00..67604.59 rows=1926906 width=4) (actual time=0.021..1361.540 rows=1918028 loops=1)
                          Filter: (production_year > 1981)
                          Rows Removed by Filter: 610284
Planning time: 1.210 ms
Execution time: 65567.663 ms
