Hash Join  (cost=83568.99..150020.29 rows=104253 width=0) (actual time=1544.213..2993.573 rows=176413 loops=1)
  Hash Cond: (mc.movie_id = t.id)
  ->  Seq Scan on movie_companies mc  (cost=0.00..57926.93 rows=448489 width=4) (actual time=0.029..1043.480 rows=648351 loops=1)
        Filter: ((company_id < 3099) AND (company_type_id < 2))
        Rows Removed by Filter: 1960778
  ->  Hash  (cost=73925.90..73925.90 rows=587767 width=4) (actual time=1543.443..1543.443 rows=594730 loops=1)
        Buckets: 131072  Batches: 8  Memory Usage: 3648kB
        ->  Seq Scan on title t  (cost=0.00..73925.90 rows=587767 width=4) (actual time=0.022..1358.416 rows=594730 loops=1)
              Filter: ((production_year < 2012) AND (kind_id = 1))
              Rows Removed by Filter: 1933582
Planning time: 0.824 ms
Execution time: 3013.601 ms
