Hash Join  (cost=102767.86..183401.18 rows=804136 width=0) (actual time=1827.940..4087.461 rows=798498 loops=1)
  Hash Cond: (mc.movie_id = t.id)
  ->  Seq Scan on movie_companies mc  (cost=0.00..51404.11 rows=804136 width=4) (actual time=0.025..900.418 rows=798498 loops=1)
        Filter: (company_id < 1739)
        Rows Removed by Filter: 1810631
  ->  Hash  (cost=61283.27..61283.27 rows=2528527 width=4) (actual time=1826.598..1826.598 rows=2528312 loops=1)
        Buckets: 131072  Batches: 64  Memory Usage: 2415kB
        ->  Seq Scan on title t  (cost=0.00..61283.27 rows=2528527 width=4) (actual time=0.022..985.364 rows=2528312 loops=1)
Planning time: 0.712 ms
Execution time: 4182.929 ms
