Hash Join  (cost=472656.51..552549.30 rows=351327 width=0) (actual time=8318.052..11069.593 rows=1167824 loops=1)
  Hash Cond: (mc.movie_id = t.id)
  ->  Seq Scan on movie_companies mc  (cost=0.00..44881.29 rows=2609129 width=4) (actual time=0.016..1024.428 rows=2609129 loops=1)
  ->  Hash  (cost=467070.59..467070.59 rows=340474 width=8) (actual time=8314.361..8314.361 rows=328857 loops=1)
        Buckets: 131072  Batches: 8  Memory Usage: 2634kB
        ->  Hash Join  (cost=102767.86..467070.59 rows=340474 width=8) (actual time=2502.220..8211.357 rows=328857 loops=1)
              Hash Cond: (mi.movie_id = t.id)
              ->  Seq Scan on movie_info mi  (cost=0.00..346232.03 rows=340474 width=4) (actual time=498.220..5485.393 rows=328857 loops=1)
                    Filter: (info_type_id = 98)
                    Rows Removed by Filter: 14506863
              ->  Hash  (cost=61283.27..61283.27 rows=2528527 width=4) (actual time=2002.928..2002.928 rows=2528312 loops=1)
                    Buckets: 131072  Batches: 64  Memory Usage: 2425kB
                    ->  Seq Scan on title t  (cost=0.00..61283.27 rows=2528527 width=4) (actual time=0.027..1152.882 rows=2528312 loops=1)
Planning time: 1.152 ms
Execution time: 11175.615 ms
