Nested Loop  (cost=0.43..66986.30 rows=1109 width=0) (actual time=2.626..1016.546 rows=1448 loops=1)
  ->  Seq Scan on movie_companies mc  (cost=0.00..57926.93 rows=1109 width=4) (actual time=2.550..963.871 rows=1448 loops=1)
        Filter: ((company_type_id < 2) AND (company_id = 554))
        Rows Removed by Filter: 2607681
  ->  Index Only Scan using title_pkey on title t  (cost=0.43..8.16 rows=1 width=4) (actual time=0.035..0.035 rows=1 loops=1448)
        Index Cond: (id = mc.movie_id)
        Heap Fetches: 1448
Planning time: 10.140 ms
Execution time: 1017.068 ms
