Hash Join  (cost=91123.00..129852.49 rows=261338 width=0) (actual time=1909.309..2929.296 rows=232828 loops=1)
  Hash Cond: (mi_idx.movie_id = t.id)
  ->  Seq Scan on movie_info_idx mi_idx  (cost=0.00..25185.44 rows=460978 width=4) (actual time=0.010..502.949 rows=459925 loops=1)
        Filter: (info_type_id = 99)
        Rows Removed by Filter: 920110
  ->  Hash  (cost=67604.59..67604.59 rows=1433473 width=4) (actual time=1908.367..1908.367 rows=1434466 loops=1)
        Buckets: 131072  Batches: 32  Memory Usage: 2600kB
        ->  Seq Scan on title t  (cost=0.00..67604.59 rows=1433473 width=4) (actual time=0.017..1445.694 rows=1434466 loops=1)
              Filter: (production_year > 1999)
              Rows Removed by Filter: 1093846
Planning time: 0.789 ms
Execution time: 2955.442 ms
