Hash Join  (cost=181536.06..318936.40 rows=1263830 width=0) (actual time=4199.352..12620.514 rows=21374770 loops=1)
  Hash Cond: (mk.movie_id = t.id)
  ->  Seq Scan on movie_keyword mk  (cost=0.00..69693.30 rows=4523930 width=4) (actual time=0.016..1538.393 rows=4523930 loops=1)
  ->  Hash  (cost=169946.27..169946.27 rows=706383 width=8) (actual time=4198.531..4198.531 rows=1079531 loops=1)
        Buckets: 131072  Batches: 16  Memory Usage: 3715kB
        ->  Hash Join  (cost=85157.92..169946.27 rows=706383 width=8) (actual time=1319.264..3879.688 rows=1079531 loops=1)
              Hash Cond: (mc.movie_id = t.id)
              ->  Seq Scan on movie_companies mc  (cost=0.00..44881.29 rows=2609129 width=4) (actual time=0.014..958.798 rows=2609129 loops=1)
              ->  Hash  (cost=73925.90..73925.90 rows=684561 width=4) (actual time=1318.439..1318.439 rows=585759 loops=1)
                    Buckets: 131072  Batches: 16  Memory Usage: 2308kB
                    ->  Seq Scan on title t  (cost=0.00..73925.90 rows=684561 width=4) (actual time=0.011..1132.680 rows=585759 loops=1)
                          Filter: ((kind_id < 7) AND (production_year > 1990))
                          Rows Removed by Filter: 1942553
Planning time: 1.234 ms
Execution time: 15065.095 ms
