Hash Join  (cost=442930.74..1498701.18 rows=2138325 width=0) (actual time=7664.629..39142.385 rows=5146241 loops=1)
  Hash Cond: (ci.movie_id = t.id)
  ->  Seq Scan on cast_info ci  (cost=0.00..614943.12 rows=36225612 width=4) (actual time=0.018..13608.331 rows=36244344 loops=1)
  ->  Hash  (cost=440481.07..440481.07 rows=149254 width=8) (actual time=7663.674..7663.674 rows=291697 loops=1)
        Buckets: 131072 (originally 131072)  Batches: 4 (originally 2)  Memory Usage: 3885kB
        ->  Hash Join  (cost=81573.24..440481.07 rows=149254 width=8) (actual time=1587.938..7567.816 rows=291697 loops=1)
              Hash Cond: (mi.movie_id = t.id)
              ->  Seq Scan on movie_info mi  (cost=0.00..346232.03 rows=809669 width=4) (actual time=161.217..5622.259 rows=802140 loops=1)
                    Filter: (info_type_id = 1)
                    Rows Removed by Filter: 14033580
              ->  Hash  (cost=73925.90..73925.90 rows=466107 width=4) (actual time=1425.889..1425.889 rows=396359 loops=1)
                    Buckets: 131072  Batches: 8  Memory Usage: 2769kB
                    ->  Seq Scan on title t  (cost=0.00..73925.90 rows=466107 width=4) (actual time=0.033..1292.339 rows=396359 loops=1)
                          Filter: ((kind_id < 7) AND (production_year > 2003))
                          Rows Removed by Filter: 2131953
Planning time: 1.261 ms
Execution time: 39791.413 ms
