Hash Join  (cost=105067.44..282498.49 rows=4085410 width=0) (actual time=2453.258..7435.727 rows=3919212 loops=1)
  Hash Cond: (mk.movie_id = t.id)
  ->  Seq Scan on movie_keyword mk  (cost=0.00..69693.30 rows=4523930 width=4) (actual time=0.011..1503.505 rows=4523930 loops=1)
  ->  Hash  (cost=67604.59..67604.59 rows=2283428 width=4) (actual time=2451.824..2451.824 rows=2275262 loops=1)
        Buckets: 131072  Batches: 32  Memory Usage: 3536kB
        ->  Seq Scan on title t  (cost=0.00..67604.59 rows=2283428 width=4) (actual time=0.024..1445.527 rows=2275262 loops=1)
              Filter: (production_year > 1952)
              Rows Removed by Filter: 253050
Planning time: 0.732 ms
Execution time: 7872.272 ms
