Seq Scan on cast_info ci  (cost=0.00..796071.18 rows=6964606 width=0) (actual time=5952.977..16555.860 rows=7451973 loops=1)
  Filter: ((person_id < 3729978) AND (role_id = 2))
  Rows Removed by Filter: 28792371
Planning time: 0.396 ms
Execution time: 17444.567 ms
