Hash Join  (cost=83074.74..456447.06 rows=704 width=0) (actual time=2692.072..8592.658 rows=7710 loops=1)
  Hash Cond: (mi.movie_id = t.id)
  ->  Seq Scan on movie_info mi  (cost=0.00..346232.03 rows=7235534 width=4) (actual time=1124.379..5961.081 rows=7286865 loops=1)
        Filter: (info_type_id < 8)
        Rows Removed by Filter: 7548855
  ->  Hash  (cost=83071.67..83071.67 rows=246 width=8) (actual time=1559.969..1559.969 rows=485 loops=1)
        Buckets: 1024  Batches: 1  Memory Usage: 27kB
        ->  Nested Loop  (cost=0.43..83071.67 rows=246 width=8) (actual time=0.792..1559.463 rows=485 loops=1)
              ->  Seq Scan on movie_keyword mk  (cost=0.00..81003.12 rows=246 width=4) (actual time=0.710..1519.362 rows=485 loops=1)
                    Filter: (keyword_id = 2007)
                    Rows Removed by Filter: 4523445
              ->  Index Only Scan using title_pkey on title t  (cost=0.43..8.40 rows=1 width=4) (actual time=0.080..0.080 rows=1 loops=485)
                    Index Cond: (id = mk.movie_id)
                    Heap Fetches: 485
Planning time: 1.146 ms
Execution time: 8594.345 ms
