Hash Join  (cost=977294.03..1079710.16 rows=1748520 width=0) (actual time=14943.474..18285.579 rows=2432139 loops=1)
  Hash Cond: (mc.movie_id = t.id)
  ->  Seq Scan on movie_companies mc  (cost=0.00..44881.29 rows=2609129 width=4) (actual time=0.014..1007.782 rows=2609129 loops=1)
  ->  Hash  (cost=949492.73..949492.73 rows=1694504 width=8) (actual time=14941.959..14941.959 rows=1025642 loops=1)
        Buckets: 131072  Batches: 32  Memory Usage: 2261kB
        ->  Hash Join  (cost=102767.86..949492.73 rows=1694504 width=8) (actual time=7153.851..14629.501 rows=1025642 loops=1)
              Hash Cond: (ci.movie_id = t.id)
              ->  Seq Scan on cast_info ci  (cost=0.00..796071.18 rows=1694504 width=4) (actual time=5058.212..11185.317 rows=1025642 loops=1)
                    Filter: ((person_id < 351351) AND (role_id > 2))
                    Rows Removed by Filter: 35218702
              ->  Hash  (cost=61283.27..61283.27 rows=2528527 width=4) (actual time=2094.562..2094.562 rows=2528312 loops=1)
                    Buckets: 131072  Batches: 64  Memory Usage: 2415kB
                    ->  Seq Scan on title t  (cost=0.00..61283.27 rows=2528527 width=4) (actual time=0.017..1223.634 rows=2528312 loops=1)
Planning time: 1.187 ms
Execution time: 18578.207 ms
