Hash Join  (cost=99467.55..180938.49 rows=598007 width=0) (actual time=2073.887..4341.179 rows=690490 loops=1)
  Hash Cond: (mc.movie_id = t.id)
  ->  Seq Scan on movie_companies mc  (cost=0.00..57926.93 rows=778587 width=4) (actual time=29.861..1178.236 rows=1072891 loops=1)
        Filter: ((company_id < 15549) AND (company_type_id < 2))
        Rows Removed by Filter: 1536238
  ->  Hash  (cost=67604.59..67604.59 rows=1942077 width=4) (actual time=2043.181..2043.181 rows=1932484 loops=1)
        Buckets: 131072  Batches: 32  Memory Usage: 3155kB
        ->  Seq Scan on title t  (cost=0.00..67604.59 rows=1942077 width=4) (actual time=0.022..1401.050 rows=1932484 loops=1)
              Filter: (production_year > 1980)
              Rows Removed by Filter: 595828
Planning time: 14.955 ms
Execution time: 4429.791 ms
