Seq Scan on movie_companies mc  (cost=0.00..51404.11 rows=104 width=0) (actual time=1.377..761.216 rows=1923 loops=1)
  Filter: (company_id = 1434)
  Rows Removed by Filter: 2607206
Planning time: 0.294 ms
Execution time: 761.714 ms
