Hash Join  (cost=128800.10..511567.71 rows=99942 width=0) (actual time=2328.925..10737.634 rows=269600 loops=1)
  Hash Cond: (mi.movie_id = t.id)
  ->  Seq Scan on movie_info mi  (cost=0.00..346232.03 rows=9476311 width=4) (actual time=0.016..6460.726 rows=9565151 loops=1)
        Filter: (info_type_id < 16)
        Rows Removed by Filter: 5270569
  ->  Hash  (cost=128466.76..128466.76 rows=26667 width=8) (actual time=2328.551..2328.551 rows=23704 loops=1)
        Buckets: 32768  Batches: 1  Memory Usage: 1182kB
        ->  Hash Join  (cost=69460.45..128466.76 rows=26667 width=8) (actual time=1122.264..2319.211 rows=23704 loops=1)
              Hash Cond: (mc.movie_id = t.id)
              ->  Seq Scan on movie_companies mc  (cost=0.00..51404.11 rows=596140 width=4) (actual time=0.014..939.367 rows=593466 loops=1)
                    Filter: (company_id < 686)
                    Rows Removed by Filter: 2015663
              ->  Hash  (cost=67604.59..67604.59 rows=113109 width=4) (actual time=1121.524..1121.524 rows=119565 loops=1)
                    Buckets: 131072  Batches: 2  Memory Usage: 3115kB
                    ->  Seq Scan on title t  (cost=0.00..67604.59 rows=113109 width=4) (actual time=0.027..1070.251 rows=119565 loops=1)
                          Filter: (production_year = 2007)
                          Rows Removed by Filter: 2408747
Planning time: 1.264 ms
Execution time: 10773.844 ms
