Seq Scan on cast_info ci  (cost=0.00..796071.18 rows=2166861 width=0) (actual time=1055.696..11675.220 rows=901538 loops=1)
  Filter: ((person_id < 311613) AND (role_id > 1))
  Rows Removed by Filter: 35342806
Planning time: 0.353 ms
Execution time: 11784.535 ms
