Hash Join  (cost=189738.54..1414880.82 rows=18626012 width=0) (actual time=4582.726..47543.114 rows=40814430 loops=1)
  Hash Cond: (ci.movie_id = t.id)
  ->  Seq Scan on cast_info ci  (cost=0.00..614943.12 rows=36225612 width=4) (actual time=0.014..13589.447 rows=36244344 loops=1)
  ->  Hash  (cost=168408.47..168408.47 rows=1300085 width=8) (actual time=4581.777..4581.777 rows=1364894 loops=1)
        Buckets: 131072  Batches: 32  Memory Usage: 2690kB
        ->  Hash Join  (cost=106685.10..168408.47 rows=1300085 width=8) (actual time=2309.990..4214.268 rows=1364894 loops=1)
              Hash Cond: (mi_idx.movie_id = t.id)
              ->  Seq Scan on movie_info_idx mi_idx  (cost=0.00..21735.35 rows=1380035 width=4) (actual time=0.020..443.386 rows=1380035 loops=1)
              ->  Hash  (cost=67604.59..67604.59 rows=2382041 width=4) (actual time=2308.760..2308.760 rows=2378352 loops=1)
                    Buckets: 131072  Batches: 32  Memory Usage: 3639kB
                    ->  Seq Scan on title t  (cost=0.00..67604.59 rows=2382041 width=4) (actual time=0.017..1541.460 rows=2378352 loops=1)
                          Filter: (production_year > 1917)
                          Rows Removed by Filter: 149960
Planning time: 1.163 ms
Execution time: 52276.981 ms
