Hash Join  (cost=79202.88..579012.19 rows=1874638 width=0) (actual time=1429.346..14240.775 rows=946165 loops=1)
  Hash Cond: (mi.movie_id = t.id)
  ->  Seq Scan on movie_info mi  (cost=0.00..309384.22 rows=14739122 width=4) (actual time=0.013..5878.706 rows=14835720 loops=1)
  ->  Hash  (cost=73925.90..73925.90 rows=321598 width=4) (actual time=1428.464..1428.464 rows=210850 loops=1)
        Buckets: 131072  Batches: 8  Memory Usage: 1947kB
        ->  Seq Scan on title t  (cost=0.00..73925.90 rows=321598 width=4) (actual time=0.021..1352.366 rows=210850 loops=1)
              Filter: ((kind_id > 4) AND (production_year < 1981))
              Rows Removed by Filter: 2317462
Planning time: 0.793 ms
Execution time: 14343.393 ms
