Seq Scan on movie_keyword mk  (cost=0.00..81003.12 rows=3788663 width=0) (actual time=0.022..1455.333 rows=3780661 loops=1)
  Filter: (keyword_id < 25259)
  Rows Removed by Filter: 743269
Planning time: 0.317 ms
Execution time: 1899.475 ms
