Seq Scan on movie_companies mc  (cost=0.00..57926.93 rows=143379 width=0) (actual time=0.016..896.078 rows=283274 loops=1)
  Filter: ((company_id > 95465) AND (company_type_id > 1))
  Rows Removed by Filter: 2325855
Planning time: 0.237 ms
Execution time: 932.332 ms
