Hash Join  (cost=122940.92..217562.38 rows=74922 width=0) (actual time=2806.317..4885.790 rows=712837 loops=1)
  Hash Cond: (mk.movie_id = t.id)
  ->  Seq Scan on movie_keyword mk  (cost=0.00..81003.12 rows=1052030 width=4) (actual time=0.014..1479.320 rows=1059426 loops=1)
        Filter: (keyword_id > 16618)
        Rows Removed by Filter: 3464504
  ->  Hash  (cost=119986.01..119986.01 rows=180073 width=8) (actual time=2805.515..2805.515 rows=318019 loops=1)
        Buckets: 131072 (originally 131072)  Batches: 8 (originally 4)  Memory Usage: 3073kB
        ->  Hash Join  (cost=83810.17..119986.01 rows=180073 width=8) (actual time=1584.190..2697.940 rows=318019 loops=1)
              Hash Cond: (mi_idx.movie_id = t.id)
              ->  Seq Scan on movie_info_idx mi_idx  (cost=0.00..25185.44 rows=460978 width=4) (actual time=0.020..484.064 rows=459925 loops=1)
                    Filter: (info_type_id = 99)
                    Rows Removed by Filter: 920110
              ->  Hash  (cost=67604.59..67604.59 rows=987727 width=4) (actual time=1583.351..1583.351 rows=985048 loops=1)
                    Buckets: 131072  Batches: 16  Memory Usage: 3188kB
                    ->  Seq Scan on title t  (cost=0.00..67604.59 rows=987727 width=4) (actual time=0.021..1272.271 rows=985048 loops=1)
                          Filter: (kind_id < 7)
                          Rows Removed by Filter: 1543264
Planning time: 3.549 ms
Execution time: 4953.751 ms
