Seq Scan on title t  (cost=0.00..73925.90 rows=2905 width=0) (actual time=552.233..976.023 rows=2493 loops=1)
  Filter: ((kind_id < 7) AND (production_year = 1934))
  Rows Removed by Filter: 2525819
Planning time: 0.364 ms
Execution time: 976.795 ms
