Hash Join  (cost=445437.15..1394117.32 rows=767639 width=0) (actual time=9900.830..27266.089 rows=567582 loops=1)
  Hash Cond: (ci.movie_id = t.id)
  ->  Seq Scan on cast_info ci  (cost=0.00..796071.18 rows=8083859 width=4) (actual time=194.319..13711.555 rows=8738612 loops=1)
        Filter: ((person_id < 899306) AND (role_id < 10))
        Rows Removed by Filter: 27505732
  ->  Hash  (cost=441497.80..441497.80 rows=240108 width=8) (actual time=9701.836..9701.836 rows=103678 loops=1)
        Buckets: 131072  Batches: 4  Memory Usage: 2060kB
        ->  Hash Join  (cost=74440.79..441497.80 rows=240108 width=8) (actual time=1377.622..9354.570 rows=103678 loops=1)
              Hash Cond: (mi.movie_id = t.id)
              ->  Seq Scan on movie_info mi  (cost=0.00..309384.22 rows=14739122 width=4) (actual time=0.024..4179.358 rows=14835720 loops=1)
              ->  Hash  (cost=73925.90..73925.90 rows=41191 width=4) (actual time=1136.630..1136.630 rows=43851 loops=1)
                    Buckets: 65536  Batches: 1  Memory Usage: 2054kB
                    ->  Seq Scan on title t  (cost=0.00..73925.90 rows=41191 width=4) (actual time=0.017..1118.719 rows=43851 loops=1)
                          Filter: ((kind_id = 7) AND (production_year = 2003))
                          Rows Removed by Filter: 2484461
Planning time: 1.214 ms
Execution time: 27334.225 ms
