Hash Join  (cost=162362.80..528882.07 rows=186336 width=0) (actual time=2825.072..12177.070 rows=4149352 loops=1)
  Hash Cond: (mi.movie_id = t.id)
  ->  Seq Scan on movie_info mi  (cost=0.00..309384.22 rows=14739122 width=4) (actual time=0.012..4594.660 rows=14835720 loops=1)
  ->  Hash  (cost=161963.22..161963.22 rows=31966 width=8) (actual time=2824.852..2824.852 rows=62616 loops=1)
        Buckets: 65536 (originally 32768)  Batches: 1 (originally 1)  Memory Usage: 2958kB
        ->  Hash Join  (cost=74547.77..161963.22 rows=31966 width=8) (actual time=1074.155..2802.590 rows=62616 loops=1)
              Hash Cond: (mk.movie_id = t.id)
              ->  Seq Scan on movie_keyword mk  (cost=0.00..81003.12 rows=1624712 width=4) (actual time=0.025..1425.633 rows=1635981 loops=1)
                    Filter: (keyword_id > 9075)
                    Rows Removed by Filter: 2887949
              ->  Hash  (cost=73925.90..73925.90 rows=49749 width=4) (actual time=1073.789..1073.789 rows=44012 loops=1)
                    Buckets: 65536  Batches: 1  Memory Usage: 2060kB
                    ->  Seq Scan on title t  (cost=0.00..73925.90 rows=49749 width=4) (actual time=0.350..1056.930 rows=44012 loops=1)
                          Filter: ((kind_id < 7) AND (production_year = 2009))
                          Rows Removed by Filter: 2484300
Planning time: 1.232 ms
Execution time: 12705.507 ms
