Nested Loop  (cost=0.43..52284.21 rows=26 width=0) (actual time=496.520..797.800 rows=8 loops=1)
  ->  Seq Scan on movie_companies mc  (cost=0.00..51404.11 rows=104 width=4) (actual time=349.841..797.265 rows=10 loops=1)
        Filter: (company_id = 70607)
        Rows Removed by Filter: 2609119
  ->  Index Scan using title_pkey on title t  (cost=0.43..8.45 rows=1 width=4) (actual time=0.046..0.047 rows=1 loops=10)
        Index Cond: (id = mc.movie_id)
        Filter: ((production_year > 1928) AND (kind_id = 1))
        Rows Removed by Filter: 0
Planning time: 5.737 ms
Execution time: 797.913 ms
