Seq Scan on movie_keyword mk  (cost=0.00..81003.12 rows=3205231 width=0) (actual time=0.020..1535.176 rows=3191240 loops=1)
  Filter: (keyword_id < 12931)
  Rows Removed by Filter: 1332690
Planning time: 0.254 ms
Execution time: 1934.207 ms
