Seq Scan on movie_keyword mk  (cost=0.00..81003.12 rows=3921 width=0) (actual time=0.375..1310.430 rows=4185 loops=1)
  Filter: (keyword_id = 230)
  Rows Removed by Filter: 4519745
Planning time: 0.431 ms
Execution time: 1311.622 ms
