Seq Scan on title t  (cost=0.00..73925.90 rows=67517 width=0) (actual time=0.019..1036.164 rows=81635 loops=1)
  Filter: ((production_year < 2008) AND (kind_id = 3))
  Rows Removed by Filter: 2446677
Planning time: 0.382 ms
Execution time: 1046.437 ms
