Hash Join  (cost=106387.98..193301.33 rows=25531 width=0) (actual time=1777.800..3585.128 rows=26236 loops=1)
  Hash Cond: (mk.movie_id = t.id)
  ->  Seq Scan on movie_keyword mk  (cost=0.00..69693.30 rows=4523930 width=4) (actual time=0.019..998.540 rows=4523930 loops=1)
  ->  Hash  (cost=106209.61..106209.61 rows=14270 width=8) (actual time=1756.386..1756.386 rows=6873 loops=1)
        Buckets: 16384  Batches: 1  Memory Usage: 397kB
        ->  Hash Join  (cost=75199.97..106209.61 rows=14270 width=8) (actual time=1137.688..1753.579 rows=6873 loops=1)
              Hash Cond: (mi_idx.movie_id = t.id)
              ->  Seq Scan on movie_info_idx mi_idx  (cost=0.00..25185.44 rows=464934 width=4) (actual time=0.012..431.849 rows=460185 loops=1)
                    Filter: (info_type_id > 100)
                    Rows Removed by Filter: 919850
              ->  Hash  (cost=73925.90..73925.90 rows=77605 width=4) (actual time=1136.892..1136.892 rows=84684 loops=1)
                    Buckets: 131072  Batches: 2  Memory Usage: 2512kB
                    ->  Seq Scan on title t  (cost=0.00..73925.90 rows=77605 width=4) (actual time=24.968..1105.135 rows=84684 loops=1)
                          Filter: ((kind_id = 7) AND (production_year = 2009))
                          Rows Removed by Filter: 2443628
Planning time: 1.306 ms
Execution time: 3588.691 ms
