Seq Scan on movie_keyword mk  (cost=0.00..81003.12 rows=2448204 width=0) (actual time=0.018..1607.202 rows=2449180 loops=1)
  Filter: (keyword_id < 5841)
  Rows Removed by Filter: 2074750
Planning time: 0.346 ms
Execution time: 1921.156 ms
