Hash Join  (cost=102767.86..171010.32 rows=289252 width=0) (actual time=2253.438..3798.439 rows=283400 loops=1)
  Hash Cond: (mc.movie_id = t.id)
  ->  Seq Scan on movie_companies mc  (cost=0.00..51404.11 rows=289252 width=4) (actual time=0.019..951.219 rows=283400 loops=1)
        Filter: (company_id < 154)
        Rows Removed by Filter: 2325729
  ->  Hash  (cost=61283.27..61283.27 rows=2528527 width=4) (actual time=2251.239..2251.239 rows=2528312 loops=1)
        Buckets: 131072  Batches: 64  Memory Usage: 2415kB
        ->  Seq Scan on title t  (cost=0.00..61283.27 rows=2528527 width=4) (actual time=0.013..1124.358 rows=2528312 loops=1)
Planning time: 0.461 ms
Execution time: 3831.371 ms
