Hash Join  (cost=124684.46..214224.38 rows=58495 width=0) (actual time=2026.619..4008.853 rows=590501 loops=1)
  Hash Cond: (mk.movie_id = t.id)
  ->  Seq Scan on movie_keyword mk  (cost=0.00..81003.12 rows=2120491 width=4) (actual time=0.016..1469.179 rows=2122683 loops=1)
        Filter: (keyword_id < 3908)
        Rows Removed by Filter: 2401247
  ->  Hash  (cost=123812.57..123812.57 rows=69751 width=8) (actual time=2025.804..2025.804 rows=65578 loops=1)
        Buckets: 131072  Batches: 1  Memory Usage: 3586kB
        ->  Hash Join  (cost=68449.54..123812.57 rows=69751 width=8) (actual time=1114.498..2006.764 rows=65578 loops=1)
              Hash Cond: (mc.movie_id = t.id)
              ->  Seq Scan on movie_companies mc  (cost=0.00..44881.29 rows=2609129 width=4) (actual time=0.017..361.306 rows=2609129 loops=1)
              ->  Hash  (cost=67604.59..67604.59 rows=67596 width=4) (actual time=1113.684..1113.684 rows=67777 loops=1)
                    Buckets: 131072  Batches: 1  Memory Usage: 3407kB
                    ->  Seq Scan on title t  (cost=0.00..67604.59 rows=67596 width=4) (actual time=0.006..1085.655 rows=67777 loops=1)
                          Filter: (production_year = 2003)
                          Rows Removed by Filter: 2460535
Planning time: 1.232 ms
Execution time: 4083.421 ms
