Seq Scan on movie_companies mc  (cost=0.00..51404.11 rows=1077370 width=0) (actual time=0.024..991.897 rows=1072756 loops=1)
  Filter: (company_id < 6709)
  Rows Removed by Filter: 1536373
Planning time: 0.760 ms
Execution time: 1128.619 ms
