Seq Scan on movie_keyword mk  (cost=0.00..81003.12 rows=3524959 width=0) (actual time=0.022..1501.652 rows=3517646 loops=1)
  Filter: (keyword_id > 963)
  Rows Removed by Filter: 1006284
Planning time: 0.323 ms
Execution time: 1951.151 ms
