Hash Join  (cost=225266.29..753665.08 rows=4554086 width=0) (actual time=4427.796..23978.562 rows=32248753 loops=1)
  Hash Cond: (mi.movie_id = t.id)
  ->  Seq Scan on movie_info mi  (cost=0.00..309384.22 rows=14739122 width=4) (actual time=0.008..5718.774 rows=14835720 loops=1)
  ->  Hash  (cost=212448.51..212448.51 rows=781263 width=8) (actual time=4426.829..4426.829 rows=784468 loops=1)
        Buckets: 131072  Batches: 16  Memory Usage: 3024kB
        ->  Hash Join  (cost=102767.86..212448.51 rows=781263 width=8) (actual time=1832.881..4198.144 rows=784468 loops=1)
              Hash Cond: (mk.movie_id = t.id)
              ->  Seq Scan on movie_keyword mk  (cost=0.00..81003.12 rows=781263 width=4) (actual time=0.012..1344.964 rows=784468 loops=1)
                    Filter: (keyword_id < 750)
                    Rows Removed by Filter: 3739462
              ->  Hash  (cost=61283.27..61283.27 rows=2528527 width=4) (actual time=1831.065..1831.065 rows=2528312 loops=1)
                    Buckets: 131072  Batches: 64  Memory Usage: 2425kB
                    ->  Seq Scan on title t  (cost=0.00..61283.27 rows=2528527 width=4) (actual time=0.017..981.258 rows=2528312 loops=1)
Planning time: 1.247 ms
Execution time: 27325.940 ms
