Hash Join  (cost=93873.33..649299.52 rows=7087026 width=0) (actual time=2376.070..16004.231 rows=3108820 loops=1)
  Hash Cond: (mi.movie_id = t.id)
  ->  Seq Scan on movie_info mi  (cost=0.00..309384.22 rows=14739122 width=4) (actual time=0.016..5910.126 rows=14835720 loops=1)
  ->  Hash  (cost=73925.90..73925.90 rows=1215794 width=4) (actual time=1796.556..1796.556 rows=1301100 loops=1)
        Buckets: 131072  Batches: 16  Memory Usage: 3898kB
        ->  Seq Scan on title t  (cost=0.00..73925.90 rows=1215794 width=4) (actual time=0.030..1377.734 rows=1301100 loops=1)
              Filter: ((production_year > 1976) AND (kind_id = 7))
              Rows Removed by Filter: 1227212
Planning time: 0.612 ms
Execution time: 16356.485 ms
