Hash Join  (cost=74545.71..156349.09 rows=3977 width=0) (actual time=1172.243..2481.482 rows=5727 loops=1)
  Hash Cond: (mk.movie_id = t.id)
  ->  Seq Scan on movie_keyword mk  (cost=0.00..81003.12 rows=202796 width=4) (actual time=0.019..1246.236 rows=219176 loops=1)
        Filter: (keyword_id < 165)
        Rows Removed by Filter: 4304754
  ->  Hash  (cost=73925.90..73925.90 rows=49584 width=4) (actual time=1171.929..1171.929 rows=38752 loops=1)
        Buckets: 65536  Batches: 1  Memory Usage: 1875kB
        ->  Seq Scan on title t  (cost=0.00..73925.90 rows=49584 width=4) (actual time=0.018..1156.266 rows=38752 loops=1)
              Filter: ((kind_id < 7) AND (production_year = 2008))
              Rows Removed by Filter: 2489560
Planning time: 0.540 ms
Execution time: 2482.761 ms
