Hash Join  (cost=186765.80..321003.03 rows=1004219 width=0) (actual time=3954.905..8473.878 rows=5036969 loops=1)
  Hash Cond: (mk.movie_id = t.id)
  ->  Seq Scan on movie_keyword mk  (cost=0.00..69693.30 rows=4523930 width=4) (actual time=0.021..1487.983 rows=4523930 loops=1)
  ->  Hash  (cost=177556.79..177556.79 rows=561281 width=8) (actual time=3953.581..3953.581 rows=556582 loops=1)
        Buckets: 131072  Batches: 8  Memory Usage: 3759kB
        ->  Hash Join  (cost=102767.86..177556.79 rows=561281 width=8) (actual time=1947.687..3778.886 rows=556582 loops=1)
              Hash Cond: (mc.movie_id = t.id)
              ->  Seq Scan on movie_companies mc  (cost=0.00..51404.11 rows=561281 width=4) (actual time=0.013..901.573 rows=556582 loops=1)
                    Filter: (company_id < 588)
                    Rows Removed by Filter: 2052547
              ->  Hash  (cost=61283.27..61283.27 rows=2528527 width=4) (actual time=1946.843..1946.843 rows=2528312 loops=1)
                    Buckets: 131072  Batches: 64  Memory Usage: 2415kB
                    ->  Seq Scan on title t  (cost=0.00..61283.27 rows=2528527 width=4) (actual time=0.025..1107.815 rows=2528312 loops=1)
Planning time: 1.210 ms
Execution time: 9020.365 ms
