Seq Scan on movie_companies mc  (cost=0.00..57926.93 rows=53 width=0) (actual time=16.194..840.590 rows=209 loops=1)
  Filter: ((company_id = 5941) AND (company_type_id = 2))
  Rows Removed by Filter: 2608920
Planning time: 0.418 ms
Execution time: 840.739 ms
