Hash Join  (cost=102767.86..183620.14 rows=813303 width=0) (actual time=1998.855..4001.859 rows=804818 loops=1)
  Hash Cond: (mc.movie_id = t.id)
  ->  Seq Scan on movie_companies mc  (cost=0.00..51404.11 rows=813303 width=4) (actual time=0.019..940.650 rows=804818 loops=1)
        Filter: (company_id < 1820)
        Rows Removed by Filter: 1804311
  ->  Hash  (cost=61283.27..61283.27 rows=2528527 width=4) (actual time=1997.811..1997.811 rows=2528312 loops=1)
        Buckets: 131072  Batches: 64  Memory Usage: 2415kB
        ->  Seq Scan on title t  (cost=0.00..61283.27 rows=2528527 width=4) (actual time=0.019..1135.002 rows=2528312 loops=1)
Planning time: 0.718 ms
Execution time: 4095.596 ms
