Hash Join  (cost=323131.41..763834.29 rows=3882365 width=0) (actual time=8234.247..20205.359 rows=26712795 loops=1)
  Hash Cond: (mi.movie_id = t.id)
  ->  Seq Scan on movie_info mi  (cost=0.00..346232.03 rows=3068194 width=4) (actual time=985.938..5598.156 rows=3036719 loops=1)
        Filter: (info_type_id = 16)
        Rows Removed by Filter: 11799001
  ->  Hash  (cost=270638.74..270638.74 rows=3199493 width=8) (actual time=7239.672..7239.672 rows=3179096 loops=1)
        Buckets: 131072  Batches: 64  Memory Usage: 3065kB
        ->  Hash Join  (cost=102767.86..270638.74 rows=3199493 width=8) (actual time=1890.922..6317.283 rows=3179096 loops=1)
              Hash Cond: (mk.movie_id = t.id)
              ->  Seq Scan on movie_keyword mk  (cost=0.00..81003.12 rows=3199493 width=4) (actual time=0.035..1652.547 rows=3179096 loops=1)
                    Filter: (keyword_id > 1749)
                    Rows Removed by Filter: 1344834
              ->  Hash  (cost=61283.27..61283.27 rows=2528527 width=4) (actual time=1888.282..1888.282 rows=2528312 loops=1)
                    Buckets: 131072  Batches: 64  Memory Usage: 2425kB
                    ->  Seq Scan on title t  (cost=0.00..61283.27 rows=2528527 width=4) (actual time=0.017..1015.230 rows=2528312 loops=1)
Planning time: 1.150 ms
Execution time: 23026.567 ms
