Hash Join  (cost=76489.43..460705.58 rows=189540 width=0) (actual time=3610.597..8665.227 rows=384233 loops=1)
  Hash Cond: (mi.movie_id = t.id)
  ->  Seq Scan on movie_info mi  (cost=0.00..346232.03 rows=3068194 width=4) (actual time=723.168..5651.404 rows=3036719 loops=1)
        Filter: (info_type_id = 16)
        Rows Removed by Filter: 11799001
  ->  Hash  (cost=73925.90..73925.90 rows=156202 width=4) (actual time=1209.220..1209.220 rows=291648 loops=1)
        Buckets: 131072  Batches: 4  Memory Usage: 3596kB
        ->  Seq Scan on title t  (cost=0.00..73925.90 rows=156202 width=4) (actual time=514.332..1110.082 rows=291648 loops=1)
              Filter: ((kind_id < 2) AND (production_year < 1985))
              Rows Removed by Filter: 2236664
Planning time: 0.808 ms
Execution time: 8708.930 ms
