Hash Join  (cost=131843.76..219092.51 rows=59071 width=0) (actual time=2482.054..4540.101 rows=270389 loops=1)
  Hash Cond: (mk.movie_id = t.id)
  ->  Seq Scan on movie_keyword mk  (cost=0.00..69693.30 rows=4523930 width=4) (actual time=0.007..1127.765 rows=4523930 loops=1)
  ->  Hash  (cost=131431.06..131431.06 rows=33016 width=8) (actual time=2481.431..2481.431 rows=43901 loops=1)
        Buckets: 65536  Batches: 1  Memory Usage: 2227kB
        ->  Hash Join  (cost=74710.74..131431.06 rows=33016 width=8) (actual time=1154.437..2465.294 rows=43901 loops=1)
              Hash Cond: (mc.movie_id = t.id)
              ->  Seq Scan on movie_companies mc  (cost=0.00..51404.11 rows=1329612 width=4) (actual time=0.012..962.128 rows=1334883 loops=1)
                    Filter: (company_type_id > 1)
                    Rows Removed by Filter: 1274246
              ->  Hash  (cost=73925.90..73925.90 rows=62787 width=4) (actual time=1154.086..1154.086 rows=53770 loops=1)
                    Buckets: 65536  Batches: 1  Memory Usage: 2403kB
                    ->  Seq Scan on title t  (cost=0.00..73925.90 rows=62787 width=4) (actual time=0.019..1132.928 rows=53770 loops=1)
                          Filter: ((kind_id < 7) AND (production_year = 2011))
                          Rows Removed by Filter: 2474542
Planning time: 1.117 ms
Execution time: 4577.062 ms
