Seq Scan on movie_keyword mk  (cost=0.00..81003.12 rows=4165241 width=0) (actual time=0.019..1594.548 rows=4167796 loops=1)
  Filter: (keyword_id < 46875)
  Rows Removed by Filter: 356134
Planning time: 0.339 ms
Execution time: 2106.715 ms
