Seq Scan on movie_info mi  (cost=0.00..346232.03 rows=13677014 width=0) (actual time=0.015..6576.459 rows=13713748 loops=1)
  Filter: (info_type_id < 63)
  Rows Removed by Filter: 1121972
Planning time: 0.350 ms
Execution time: 8274.731 ms
