Seq Scan on movie_companies mc  (cost=0.00..57926.93 rows=950514 width=0) (actual time=0.028..1158.008 rows=1246911 loops=1)
  Filter: ((company_id < 49456) AND (company_type_id = 1))
  Rows Removed by Filter: 1362218
Planning time: 0.393 ms
Execution time: 1320.165 ms
