Seq Scan on cast_info ci  (cost=0.00..705507.15 rows=17236664 width=0) (actual time=0.018..11718.844 rows=17113377 loops=1)
  Filter: (person_id < 1690938)
  Rows Removed by Filter: 19130967
Planning time: 0.331 ms
Execution time: 13748.838 ms
