Hash Join  (cost=215738.80..263882.44 rows=609116 width=0) (actual time=4504.799..6074.109 rows=1170630 loops=1)
  Hash Cond: (mi_idx.movie_id = t.id)
  ->  Seq Scan on movie_info_idx mi_idx  (cost=0.00..21735.35 rows=1380035 width=4) (actual time=0.014..459.394 rows=1380035 loops=1)
  ->  Hash  (cost=197428.36..197428.36 rows=1116035 width=8) (actual time=4503.797..4503.797 rows=911593 loops=1)
        Buckets: 131072  Batches: 16  Memory Usage: 3234kB
        ->  Hash Join  (cost=102767.86..197428.36 rows=1116035 width=8) (actual time=2128.254..4247.828 rows=911593 loops=1)
              Hash Cond: (mc.movie_id = t.id)
              ->  Seq Scan on movie_companies mc  (cost=0.00..57926.93 rows=1116035 width=4) (actual time=217.924..1189.943 rows=911593 loops=1)
                    Filter: ((company_id < 79838) AND (company_type_id = 2))
                    Rows Removed by Filter: 1697536
              ->  Hash  (cost=61283.27..61283.27 rows=2528527 width=4) (actual time=1908.916..1908.916 rows=2528312 loops=1)
                    Buckets: 131072  Batches: 64  Memory Usage: 2415kB
                    ->  Seq Scan on title t  (cost=0.00..61283.27 rows=2528527 width=4) (actual time=0.021..1063.035 rows=2528312 loops=1)
Planning time: 1.050 ms
Execution time: 6217.014 ms
