Seq Scan on title t  (cost=0.00..73925.90 rows=695943 width=0) (actual time=0.024..1064.615 rows=606166 loops=1)
  Filter: ((kind_id < 3) AND (production_year > 1939))
  Rows Removed by Filter: 1922146
Planning time: 0.390 ms
Execution time: 1138.671 ms
