Seq Scan on cast_info ci  (cost=0.00..705507.15 rows=25753059 width=0) (actual time=0.077..12804.170 rows=25760449 loops=1)
  Filter: (person_id < 2661648)
  Rows Removed by Filter: 10483895
Planning time: 0.353 ms
Execution time: 15929.397 ms
