Nested Loop  (cost=0.43..709673.15 rows=305 width=0) (actual time=3093.543..11267.706 rows=80 loops=1)
  ->  Seq Scan on cast_info ci  (cost=0.00..705507.15 rows=500 width=4) (actual time=3093.448..11266.168 rows=91 loops=1)
        Filter: (person_id = 941702)
        Rows Removed by Filter: 36244253
  ->  Index Scan using title_pkey on title t  (cost=0.43..8.32 rows=1 width=4) (actual time=0.016..0.016 rows=1 loops=91)
        Index Cond: (id = ci.movie_id)
        Filter: (kind_id = 7)
        Rows Removed by Filter: 0
Planning time: 0.515 ms
Execution time: 11267.800 ms
