Hash Join  (cost=81206.46..1180314.91 rows=6357129 width=0) (actual time=1287.773..34025.665 rows=7617123 loops=1)
  Hash Cond: (ci.movie_id = t.id)
  ->  Seq Scan on cast_info ci  (cost=0.00..614943.12 rows=36225612 width=4) (actual time=0.019..13354.439 rows=36244344 loops=1)
  ->  Hash  (cost=73925.90..73925.90 rows=443724 width=4) (actual time=1286.903..1286.903 rows=536860 loops=1)
        Buckets: 131072  Batches: 8  Memory Usage: 3395kB
        ->  Seq Scan on title t  (cost=0.00..73925.90 rows=443724 width=4) (actual time=3.542..1122.493 rows=536860 loops=1)
              Filter: ((kind_id < 7) AND (production_year < 2002))
              Rows Removed by Filter: 1991452
Planning time: 0.786 ms
Execution time: 34923.873 ms
