Hash Join  (cost=196891.72..611376.85 rows=379262 width=0) (actual time=5520.662..12362.388 rows=902724 loops=1)
  Hash Cond: (mi.movie_id = t.id)
  ->  Seq Scan on movie_info mi  (cost=0.00..346232.03 rows=4972096 width=4) (actual time=1527.985..6104.691 rows=4923966 loops=1)
        Filter: (info_type_id < 5)
        Rows Removed by Filter: 9911754
  ->  Hash  (cost=193726.84..193726.84 rows=192871 width=8) (actual time=3991.628..3991.628 rows=183641 loops=1)
        Buckets: 131072  Batches: 4  Memory Usage: 2838kB
        ->  Hash Join  (cost=69374.09..193726.84 rows=192871 width=8) (actual time=1118.115..3932.119 rows=183641 loops=1)
              Hash Cond: (mk.movie_id = t.id)
              ->  Seq Scan on movie_keyword mk  (cost=0.00..69693.30 rows=4523930 width=4) (actual time=0.016..1451.578 rows=4523930 loops=1)
              ->  Hash  (cost=67604.59..67604.59 rows=107800 width=4) (actual time=1116.879..1116.879 rows=108429 loops=1)
                    Buckets: 131072  Batches: 2  Memory Usage: 2938kB
                    ->  Seq Scan on title t  (cost=0.00..67604.59 rows=107800 width=4) (actual time=0.036..1073.757 rows=108429 loops=1)
                          Filter: (production_year = 2006)
                          Rows Removed by Filter: 2419883
Planning time: 1.168 ms
Execution time: 12478.432 ms
