Hash Join  (cost=96451.85..570997.10 rows=3928797 width=0) (actual time=5370.115..12640.181 rows=1266272 loops=1)
  Hash Cond: (mi.movie_id = t.id)
  ->  Seq Scan on movie_info mi  (cost=0.00..346232.03 rows=7235534 width=4) (actual time=0.025..6617.989 rows=7286865 loops=1)
        Filter: (info_type_id < 8)
        Rows Removed by Filter: 7548855
  ->  Hash  (cost=73925.90..73925.90 rows=1372956 width=4) (actual time=1995.210..1995.210 rows=1450632 loops=1)
        Buckets: 131072  Batches: 32  Memory Usage: 2626kB
        ->  Seq Scan on title t  (cost=0.00..73925.90 rows=1372956 width=4) (actual time=351.895..1496.226 rows=1450632 loops=1)
              Filter: ((production_year > 1956) AND (kind_id = 7))
              Rows Removed by Filter: 1077680
Planning time: 0.822 ms
Execution time: 12783.043 ms
