Hash Join  (cost=941640.91..1478937.57 rows=5387973 width=0) (actual time=16631.044..31710.800 rows=5065736 loops=1)
  Hash Cond: (mi.movie_id = t.id)
  ->  Seq Scan on movie_info mi  (cost=0.00..309384.22 rows=14739122 width=4) (actual time=0.017..6374.222 rows=14835720 loops=1)
  ->  Hash  (cost=926475.94..926475.94 rows=924318 width=8) (actual time=16629.541..16629.541 rows=1055553 loops=1)
        Buckets: 131072  Batches: 16  Memory Usage: 3614kB
        ->  Hash Join  (cost=90601.07..926475.94 rows=924318 width=8) (actual time=2686.956..16299.370 rows=1055553 loops=1)
              Hash Cond: (ci.movie_id = t.id)
              ->  Seq Scan on cast_info ci  (cost=0.00..796071.18 rows=2299603 width=4) (actual time=526.802..12334.390 rows=2553163 loops=1)
                    Filter: ((person_id < 259015) AND (role_id < 9))
                    Rows Removed by Filter: 33691181
              ->  Hash  (cost=73925.90..73925.90 rows=1016333 width=4) (actual time=2159.243..2159.243 rows=1107438 loops=1)
                    Buckets: 131072  Batches: 16  Memory Usage: 3463kB
                    ->  Seq Scan on title t  (cost=0.00..73925.90 rows=1016333 width=4) (actual time=0.030..1496.614 rows=1107438 loops=1)
                          Filter: ((kind_id > 1) AND (production_year > 2000))
                          Rows Removed by Filter: 1420874
Planning time: 1.239 ms
Execution time: 32220.293 ms
