Seq Scan on movie_keyword mk  (cost=0.00..81003.12 rows=1273019 width=0) (actual time=0.026..1372.587 rows=1279928 loops=1)
  Filter: (keyword_id > 13818)
  Rows Removed by Filter: 3244002
Planning time: 0.346 ms
Execution time: 1535.818 ms
