Hash Join  (cost=236948.69..1586521.61 rows=26330774 width=0) (actual time=5723.277..45839.364 rows=32543690 loops=1)
  Hash Cond: (ci.movie_id = t.id)
  ->  Seq Scan on cast_info ci  (cost=0.00..614943.12 rows=36225612 width=4) (actual time=0.025..13494.937 rows=36244344 loops=1)
  ->  Hash  (cost=206795.28..206795.28 rows=1837873 width=8) (actual time=5721.006..5721.006 rows=1287264 loops=1)
        Buckets: 131072  Batches: 32  Memory Usage: 2568kB
        ->  Hash Join  (cost=103147.62..206795.28 rows=1837873 width=8) (actual time=2597.934..5344.715 rows=1287264 loops=1)
              Hash Cond: (mc.movie_id = t.id)
              ->  Seq Scan on movie_companies mc  (cost=0.00..44881.29 rows=2609129 width=4) (actual time=0.019..806.092 rows=2609129 loops=1)
              ->  Hash  (cost=73925.90..73925.90 rows=1781097 width=4) (actual time=2596.978..2596.978 rows=1799906 loops=1)
                    Buckets: 131072  Batches: 32  Memory Usage: 3007kB
                    ->  Seq Scan on title t  (cost=0.00..73925.90 rows=1781097 width=4) (actual time=0.034..1511.615 rows=1799906 loops=1)
                          Filter: ((kind_id > 1) AND (production_year > 1912))
                          Rows Removed by Filter: 728406
Planning time: 1.195 ms
Execution time: 49474.902 ms
