Hash Join  (cost=80166.74..593380.72 rows=1905334 width=0) (actual time=1758.200..15973.850 rows=4726178 loops=1)
  Hash Cond: (mi.movie_id = t.id)
  ->  Seq Scan on movie_info mi  (cost=0.00..346232.03 rows=12665229 width=4) (actual time=349.160..7431.682 rows=12744652 loops=1)
        Filter: (info_type_id > 2)
        Rows Removed by Filter: 2091068
  ->  Hash  (cost=73925.90..73925.90 rows=380387 width=4) (actual time=1408.034..1408.034 rows=484820 loops=1)
        Buckets: 131072  Batches: 8  Memory Usage: 3174kB
        ->  Seq Scan on title t  (cost=0.00..73925.90 rows=380387 width=4) (actual time=0.037..1252.719 rows=484820 loops=1)
              Filter: ((kind_id < 7) AND (production_year < 1999))
              Rows Removed by Filter: 2043492
Planning time: 0.794 ms
Execution time: 16476.752 ms
