Hash Join  (cost=56690.98..147492.38 rows=21 width=0) (actual time=1663.033..2047.150 rows=3 loops=1)
  Hash Cond: (mk.movie_id = t.id)
  ->  Seq Scan on movie_keyword mk  (cost=0.00..81003.12 rows=2612819 width=4) (actual time=0.024..992.735 rows=2603330 loops=1)
        Filter: (keyword_id < 7021)
        Rows Removed by Filter: 1920600
  ->  Hash  (cost=56690.73..56690.73 rows=20 width=8) (actual time=802.235..802.235 rows=11 loops=1)
        Buckets: 1024  Batches: 1  Memory Usage: 9kB
        ->  Nested Loop  (cost=0.43..56690.73 rows=20 width=8) (actual time=251.434..802.220 rows=11 loops=1)
              ->  Seq Scan on movie_companies mc  (cost=0.00..51404.11 rows=637 width=4) (actual time=250.691..797.200 rows=608 loops=1)
                    Filter: (company_id > 234406)
                    Rows Removed by Filter: 2608521
              ->  Index Scan using title_pkey on title t  (cost=0.43..8.29 rows=1 width=4) (actual time=0.008..0.008 rows=0 loops=608)
                    Index Cond: (id = mc.movie_id)
                    Filter: ((kind_id > 1) AND (production_year = 2006))
                    Rows Removed by Filter: 1
Planning time: 1.280 ms
Execution time: 2047.284 ms
