Hash Join  (cost=114895.04..575734.18 rows=456096 width=0) (actual time=2553.598..13843.025 rows=2590864 loops=1)
  Hash Cond: (mi.movie_id = t.id)
  ->  Seq Scan on movie_info mi  (cost=0.00..346232.03 rows=9476311 width=4) (actual time=88.920..6840.828 rows=9565151 loops=1)
        Filter: (info_type_id < 16)
        Rows Removed by Filter: 5270569
  ->  Hash  (cost=112897.81..112897.81 rows=121698 width=8) (actual time=2364.547..2364.547 rows=209880 loops=1)
        Buckets: 131072 (originally 131072)  Batches: 4 (originally 2)  Memory Usage: 3083kB
        ->  Hash Join  (cost=78556.72..112897.81 rows=121698 width=8) (actual time=1649.927..2310.291 rows=209880 loops=1)
              Hash Cond: (mi_idx.movie_id = t.id)
              ->  Seq Scan on movie_info_idx mi_idx  (cost=0.00..25185.44 rows=460978 width=4) (actual time=0.024..531.662 rows=459925 loops=1)
                    Filter: (info_type_id = 99)
                    Rows Removed by Filter: 920110
              ->  Hash  (cost=67604.59..67604.59 rows=667531 width=4) (actual time=1423.442..1423.442 rows=662825 loops=1)
                    Buckets: 131072  Batches: 16  Memory Usage: 2476kB
                    ->  Seq Scan on title t  (cost=0.00..67604.59 rows=667531 width=4) (actual time=0.024..1212.027 rows=662825 loops=1)
                          Filter: (kind_id < 2)
                          Rows Removed by Filter: 1865487
Planning time: 1.164 ms
Execution time: 14126.778 ms
