Hash Join  (cost=433671.01..460844.97 rows=26348 width=0) (actual time=7507.412..8067.030 rows=5211 loops=1)
  Hash Cond: (mi_idx.movie_id = t.id)
  ->  Seq Scan on movie_info_idx mi_idx  (cost=0.00..21735.35 rows=1380035 width=4) (actual time=0.025..293.709 rows=1380035 loops=1)
  ->  Hash  (cost=433067.57..433067.57 rows=48275 width=8) (actual time=7495.370..7495.370 rows=10743 loops=1)
        Buckets: 65536  Batches: 1  Memory Usage: 932kB
        ->  Hash Join  (cost=76399.17..433067.57 rows=48275 width=8) (actual time=4557.299..7490.527 rows=10743 loops=1)
              Hash Cond: (mi.movie_id = t.id)
              ->  Seq Scan on movie_info mi  (cost=0.00..346232.03 rows=809768 width=4) (actual time=3275.855..5935.702 rows=802140 loops=1)
                    Filter: (info_type_id < 2)
                    Rows Removed by Filter: 14033580
              ->  Hash  (cost=73925.90..73925.90 rows=150741 width=4) (actual time=1280.239..1280.239 rows=25797 loops=1)
                    Buckets: 131072  Batches: 2  Memory Usage: 1485kB
                    ->  Seq Scan on title t  (cost=0.00..73925.90 rows=150741 width=4) (actual time=4.895..1268.441 rows=25797 loops=1)
                          Filter: ((kind_id > 1) AND (production_year < 1956))
                          Rows Removed by Filter: 2502515
Planning time: 1.233 ms
Execution time: 8067.999 ms
