Hash Join  (cost=429971.12..517396.85 rows=76769 width=0) (actual time=6744.387..7633.853 rows=593927 loops=1)
  Hash Cond: (mk.movie_id = t.id)
  ->  Seq Scan on movie_keyword mk  (cost=0.00..69693.30 rows=4523930 width=4) (actual time=0.016..890.607 rows=4523930 loops=1)
  ->  Hash  (cost=429434.77..429434.77 rows=42908 width=8) (actual time=5756.148..5756.148 rows=62320 loops=1)
        Buckets: 65536  Batches: 1  Memory Usage: 2947kB
        ->  Hash Join  (cost=74543.85..429434.77 rows=42908 width=8) (actual time=2757.043..5736.856 rows=62320 loops=1)
              Hash Cond: (mi.movie_id = t.id)
              ->  Seq Scan on movie_info mi  (cost=0.00..346232.03 rows=2194617 width=4) (actual time=0.037..4173.628 rows=2233850 loops=1)
                    Filter: (info_type_id > 16)
                    Rows Removed by Filter: 12601870
              ->  Hash  (cost=73925.90..73925.90 rows=49436 width=4) (actual time=1112.544..1112.544 rows=49193 loops=1)
                    Buckets: 65536  Batches: 1  Memory Usage: 2242kB
                    ->  Seq Scan on title t  (cost=0.00..73925.90 rows=49436 width=4) (actual time=0.065..1092.557 rows=49193 loops=1)
                          Filter: ((production_year > 2000) AND (kind_id = 2))
                          Rows Removed by Filter: 2479119
Planning time: 1.306 ms
Execution time: 7706.390 ms
