Hash Join  (cost=70308.29..988738.67 rows=1132573 width=0) (actual time=3143.151..24275.955 rows=1345411 loops=1)
  Hash Cond: (ci.movie_id = t.id)
  ->  Seq Scan on cast_info ci  (cost=0.00..705507.15 rows=17379602 width=4) (actual time=1987.337..14509.341 rows=17506995 loops=1)
        Filter: (person_id > 1867438)
        Rows Removed by Filter: 18737349
  ->  Hash  (cost=67604.59..67604.59 rows=164776 width=4) (actual time=1154.740..1154.740 rows=164307 loops=1)
        Buckets: 131072  Batches: 4  Memory Usage: 2482kB
        ->  Seq Scan on title t  (cost=0.00..67604.59 rows=164776 width=4) (actual time=0.028..1097.122 rows=164307 loops=1)
              Filter: (production_year = 2012)
              Rows Removed by Filter: 2364005
Planning time: 0.805 ms
Execution time: 24455.465 ms
