Seq Scan on cast_info ci  (cost=0.00..705507.15 rows=29743579 width=0) (actual time=0.014..12793.990 rows=29668477 loops=1)
  Filter: (person_id < 3000901)
  Rows Removed by Filter: 6575867
Planning time: 0.386 ms
Execution time: 16383.309 ms
