Hash Join  (cost=83073.10..137739.29 rows=67 width=0) (actual time=1329.479..2083.073 rows=17 loops=1)
  Hash Cond: (mc.movie_id = t.id)
  ->  Seq Scan on movie_companies mc  (cost=0.00..44881.29 rows=2609129 width=4) (actual time=0.013..407.715 rows=2609129 loops=1)
  ->  Hash  (cost=83072.29..83072.29 rows=65 width=8) (actual time=1309.995..1309.995 rows=6 loops=1)
        Buckets: 1024  Batches: 1  Memory Usage: 9kB
        ->  Nested Loop  (cost=0.43..83072.29 rows=65 width=8) (actual time=529.717..1309.973 rows=6 loops=1)
              ->  Seq Scan on movie_keyword mk  (cost=0.00..81003.12 rows=246 width=4) (actual time=529.658..1309.646 rows=6 loops=1)
                    Filter: (keyword_id = 112897)
                    Rows Removed by Filter: 4523924
              ->  Index Scan using title_pkey on title t  (cost=0.43..8.40 rows=1 width=4) (actual time=0.045..0.046 rows=1 loops=6)
                    Index Cond: (id = mk.movie_id)
                    Filter: (kind_id = 1)
Planning time: 1.254 ms
Execution time: 2083.230 ms
