Seq Scan on movie_keyword mk  (cost=0.00..81003.12 rows=1102156 width=0) (actual time=0.038..1305.613 rows=1109647 loops=1)
  Filter: (keyword_id < 1138)
  Rows Removed by Filter: 3414283
Planning time: 0.439 ms
Execution time: 1447.156 ms
