Seq Scan on cast_info ci  (cost=0.00..796071.18 rows=324 width=0) (actual time=402.846..13495.313 rows=151 loops=1)
  Filter: ((role_id > 1) AND (person_id = 3568811))
  Rows Removed by Filter: 36244193
Planning time: 0.395 ms
Execution time: 13495.449 ms
