Hash Join  (cost=136098.81..1203382.79 rows=3259179 width=0) (actual time=3305.634..33949.881 rows=4727139 loops=1)
  Hash Cond: (ci.movie_id = t.id)
  ->  Seq Scan on cast_info ci  (cost=0.00..614943.12 rows=36225612 width=4) (actual time=0.021..13110.943 rows=36244344 loops=1)
  ->  Hash  (cost=132366.20..132366.20 rows=227489 width=8) (actual time=3304.830..3304.830 rows=126646 loops=1)
        Buckets: 131072  Batches: 4  Memory Usage: 2258kB
        ->  Hash Join  (cost=94706.90..132366.20 rows=227489 width=8) (actual time=2668.236..3266.393 rows=126646 loops=1)
              Hash Cond: (mi_idx.movie_id = t.id)
              ->  Seq Scan on movie_info_idx mi_idx  (cost=0.00..25185.44 rows=454124 width=4) (actual time=0.016..493.962 rows=459925 loops=1)
                    Filter: (info_type_id = 100)
                    Rows Removed by Filter: 920110
              ->  Hash  (cost=73925.90..73925.90 rows=1266640 width=4) (actual time=2243.097..2243.097 rows=1348885 loops=1)
                    Buckets: 131072  Batches: 32  Memory Usage: 2511kB
                    ->  Seq Scan on title t  (cost=0.00..73925.90 rows=1266640 width=4) (actual time=0.010..1521.137 rows=1348885 loops=1)
                          Filter: ((production_year > 1970) AND (kind_id = 7))
                          Rows Removed by Filter: 1179427
Planning time: 2.614 ms
Execution time: 34578.082 ms
