Hash Join  (cost=68879.41..455048.59 rows=24848 width=169) (actual time=4925.126..9242.990 rows=9968 loops=1)
  Hash Cond: (mi.movie_id = t.id)
  ->  Seq Scan on movie_info mi  (cost=0.00..346232.03 rows=1338312 width=75) (actual time=3452.775..7285.265 rows=1401902 loops=1)
        Filter: (info_type_id = 7)
        Rows Removed by Filter: 13433818
  ->  Hash  (cost=67604.59..67604.59 rows=46946 width=94) (actual time=1471.736..1471.736 rows=46583 loops=1)
        Buckets: 32768  Batches: 2  Memory Usage: 2873kB
        ->  Seq Scan on title t  (cost=0.00..67604.59 rows=46946 width=94) (actual time=0.041..1446.096 rows=46583 loops=1)
              Filter: (production_year = 1998)
              Rows Removed by Filter: 2481729
Planning time: 2.921 ms
Execution time: 9244.109 ms
