Hash Join  (cost=448313.81..526147.98 rows=201965 width=0) (actual time=7571.324..9371.072 rows=560919 loops=1)
  Hash Cond: (mc.movie_id = t.id)
  ->  Seq Scan on movie_companies mc  (cost=0.00..44881.29 rows=2609129 width=4) (actual time=0.018..903.155 rows=2609129 loops=1)
  ->  Hash  (cost=445102.25..445102.25 rows=195725 width=8) (actual time=7232.119..7232.119 rows=232770 loops=1)
        Buckets: 131072  Batches: 4  Memory Usage: 3300kB
        ->  Hash Join  (cost=79993.30..445102.25 rows=195725 width=8) (actual time=3158.708..7173.191 rows=232770 loops=1)
              Hash Cond: (mi.movie_id = t.id)
              ->  Seq Scan on movie_info mi  (cost=0.00..346232.03 rows=1338312 width=4) (actual time=1919.755..5331.557 rows=1401902 loops=1)
                    Filter: (info_type_id = 7)
                    Rows Removed by Filter: 13433818
              ->  Hash  (cost=73925.90..73925.90 rows=369792 width=4) (actual time=1237.900..1237.900 rows=253766 loops=1)
                    Buckets: 131072  Batches: 8  Memory Usage: 2133kB
                    ->  Seq Scan on title t  (cost=0.00..73925.90 rows=369792 width=4) (actual time=281.467..1151.107 rows=253766 loops=1)
                          Filter: ((production_year < 1986) AND (kind_id = 7))
                          Rows Removed by Filter: 2274546
Planning time: 1.256 ms
Execution time: 9441.687 ms
