Seq Scan on movie_keyword mk  (cost=0.00..81003.12 rows=2483399 width=0) (actual time=0.016..1342.338 rows=2478251 loops=1)
  Filter: (keyword_id < 5999)
  Rows Removed by Filter: 2045679
Planning time: 0.357 ms
Execution time: 1637.511 ms
