Seq Scan on cast_info ci  (cost=0.00..705507.15 rows=22303687 width=0) (actual time=0.020..12129.515 rows=22143130 loops=1)
  Filter: (person_id < 2255417)
  Rows Removed by Filter: 14101214
Planning time: 0.424 ms
Execution time: 14825.829 ms
