Hash Join  (cost=483811.61..556236.47 rows=323970 width=0) (actual time=7872.143..10122.872 rows=1260550 loops=1)
  Hash Cond: (mc.movie_id = t.id)
  ->  Seq Scan on movie_companies mc  (cost=0.00..51404.11 rows=1329612 width=4) (actual time=31.576..1037.793 rows=1334883 loops=1)
        Filter: (company_type_id > 1)
        Rows Removed by Filter: 1274246
  ->  Hash  (cost=473703.43..473703.43 rows=616095 width=8) (actual time=7839.478..7839.478 rows=598457 loops=1)
        Buckets: 131072  Batches: 16  Memory Usage: 2474kB
        ->  Hash Join  (cost=102767.86..473703.43 rows=616095 width=8) (actual time=5507.195..7681.246 rows=598457 loops=1)
              Hash Cond: (mi.movie_id = t.id)
              ->  Seq Scan on movie_info mi  (cost=0.00..346232.03 rows=616095 width=4) (actual time=3440.916..4806.430 rows=598457 loops=1)
                    Filter: (info_type_id = 15)
                    Rows Removed by Filter: 14237263
              ->  Hash  (cost=61283.27..61283.27 rows=2528527 width=4) (actual time=2030.193..2030.193 rows=2528312 loops=1)
                    Buckets: 131072  Batches: 64  Memory Usage: 2425kB
                    ->  Seq Scan on title t  (cost=0.00..61283.27 rows=2528527 width=4) (actual time=0.036..991.755 rows=2528312 loops=1)
Planning time: 0.844 ms
Execution time: 10257.571 ms
