Seq Scan on movie_keyword mk  (cost=0.00..81003.12 rows=246 width=0) (actual time=1.367..1309.255 rows=85 loops=1)
  Filter: (keyword_id = 17822)
  Rows Removed by Filter: 4523845
Planning time: 0.420 ms
Execution time: 1309.415 ms
