Hash Join  (cost=83074.74..447745.01 rows=1434 width=0) (actual time=1337.733..8993.247 rows=104316 loops=1)
  Hash Cond: (mi.movie_id = t.id)
  ->  Seq Scan on movie_info mi  (cost=0.00..309384.22 rows=14739122 width=4) (actual time=0.021..4625.142 rows=14835720 loops=1)
  ->  Hash  (cost=83071.67..83071.67 rows=246 width=8) (actual time=1337.225..1337.225 rows=2672 loops=1)
        Buckets: 4096 (originally 1024)  Batches: 1 (originally 1)  Memory Usage: 137kB
        ->  Nested Loop  (cost=0.43..83071.67 rows=246 width=8) (actual time=0.411..1335.302 rows=2672 loops=1)
              ->  Seq Scan on movie_keyword mk  (cost=0.00..81003.12 rows=246 width=4) (actual time=0.334..1203.061 rows=2672 loops=1)
                    Filter: (keyword_id = 851)
                    Rows Removed by Filter: 4521258
              ->  Index Only Scan using title_pkey on title t  (cost=0.43..8.40 rows=1 width=4) (actual time=0.048..0.048 rows=1 loops=2672)
                    Index Cond: (id = mk.movie_id)
                    Heap Fetches: 2672
Planning time: 1.200 ms
Execution time: 9009.770 ms
