Hash Join  (cost=116755.80..192954.36 rows=83304 width=0) (actual time=2053.814..3627.124 rows=27333 loops=1)
  Hash Cond: (mc.movie_id = t.id)
  ->  Seq Scan on movie_companies mc  (cost=0.00..44881.29 rows=2609129 width=4) (actual time=0.021..820.337 rows=2609129 loops=1)
  ->  Hash  (cost=115430.66..115430.66 rows=80731 width=8) (actual time=2010.532..2010.532 rows=11709 loops=1)
        Buckets: 131072  Batches: 2  Memory Usage: 1257kB
        ->  Hash Join  (cost=76352.87..115430.66 rows=80731 width=8) (actual time=1224.478..2005.552 rows=11709 loops=1)
              Hash Cond: (mi_idx.movie_id = t.id)
              ->  Seq Scan on movie_info_idx mi_idx  (cost=0.00..21735.35 rows=1380035 width=4) (actual time=0.022..435.731 rows=1380035 loops=1)
              ->  Hash  (cost=73925.90..73925.90 rows=147917 width=4) (actual time=1136.176..1136.176 rows=46427 loops=1)
                    Buckets: 131072  Batches: 2  Memory Usage: 1840kB
                    ->  Seq Scan on title t  (cost=0.00..73925.90 rows=147917 width=4) (actual time=0.024..1116.591 rows=46427 loops=1)
                          Filter: ((production_year < 1960) AND (kind_id = 7))
                          Rows Removed by Filter: 2481885
Planning time: 1.231 ms
Execution time: 3630.438 ms
