Seq Scan on movie_keyword mk  (cost=0.00..81003.12 rows=2957954 width=0) (actual time=0.009..1622.136 rows=2941812 loops=1)
  Filter: (keyword_id < 9842)
  Rows Removed by Filter: 1582118
Planning time: 0.350 ms
Execution time: 1992.279 ms
