Hash Join  (cost=73962.22..428449.27 rows=2521 width=0) (actual time=1279.413..6755.741 rows=9235 loops=1)
  Hash Cond: (mi.movie_id = t.id)
  ->  Seq Scan on movie_info mi  (cost=0.00..346232.03 rows=2194617 width=4) (actual time=203.770..5311.789 rows=2233850 loops=1)
        Filter: (info_type_id > 16)
        Rows Removed by Filter: 12601870
  ->  Hash  (cost=73925.90..73925.90 rows=2905 width=4) (actual time=1067.650..1067.650 rows=5861 loops=1)
        Buckets: 8192 (originally 4096)  Batches: 1 (originally 1)  Memory Usage: 271kB
        ->  Seq Scan on title t  (cost=0.00..73925.90 rows=2905 width=4) (actual time=0.254..1064.726 rows=5861 loops=1)
              Filter: ((kind_id < 7) AND (production_year = 1969))
              Rows Removed by Filter: 2522451
Planning time: 0.774 ms
Execution time: 6757.490 ms
