Seq Scan on cast_info ci  (cost=0.00..796071.18 rows=332 width=0) (actual time=1689.676..13968.616 rows=1 loops=1)
  Filter: ((role_id < 4) AND (person_id = 655741))
  Rows Removed by Filter: 36244343
Planning time: 0.388 ms
Execution time: 13968.730 ms
