Hash Join  (cost=207785.32..709315.32 rows=2035907 width=0) (actual time=4070.066..21444.628 rows=16000651 loops=1)
  Hash Cond: (mi.movie_id = t.id)
  ->  Seq Scan on movie_info mi  (cost=0.00..309384.22 rows=14739122 width=4) (actual time=0.355..6199.368 rows=14835720 loops=1)
  ->  Hash  (cost=202054.52..202054.52 rows=349264 width=8) (actual time=4068.920..4068.920 rows=363692 loops=1)
        Buckets: 131072  Batches: 8  Memory Usage: 2859kB
        ->  Hash Join  (cost=102767.86..202054.52 rows=349264 width=8) (actual time=1916.909..3950.200 rows=363692 loops=1)
              Hash Cond: (mk.movie_id = t.id)
              ->  Seq Scan on movie_keyword mk  (cost=0.00..81003.12 rows=349264 width=4) (actual time=0.010..1274.596 rows=363692 loops=1)
                    Filter: (keyword_id < 335)
                    Rows Removed by Filter: 4160238
              ->  Hash  (cost=61283.27..61283.27 rows=2528527 width=4) (actual time=1916.025..1916.025 rows=2528312 loops=1)
                    Buckets: 131072  Batches: 64  Memory Usage: 2425kB
                    ->  Seq Scan on title t  (cost=0.00..61283.27 rows=2528527 width=4) (actual time=0.019..1049.670 rows=2528312 loops=1)
Planning time: 5.311 ms
Execution time: 23281.849 ms
