Nested Loop  (cost=58330.13..139510.00 rows=3 width=0) (actual time=1425.551..2011.098 rows=2 loops=1)
  ->  Hash Join  (cost=58329.70..139440.61 rows=16 width=8) (actual time=1425.463..2010.965 rows=2 loops=1)
        Hash Cond: (mk.movie_id = mc.movie_id)
        ->  Seq Scan on movie_keyword mk  (cost=0.00..81003.12 rows=246 width=4) (actual time=0.967..1184.886 rows=1269 loops=1)
              Filter: (keyword_id = 3521)
              Rows Removed by Filter: 4522661
        ->  Hash  (cost=57926.93..57926.93 rows=32221 width=4) (actual time=824.438..824.438 rows=6578 loops=1)
              Buckets: 32768  Batches: 1  Memory Usage: 488kB
              ->  Seq Scan on movie_companies mc  (cost=0.00..57926.93 rows=32221 width=4) (actual time=347.777..821.689 rows=6578 loops=1)
                    Filter: ((company_id = 6) AND (company_type_id = 2))
                    Rows Removed by Filter: 2602551
  ->  Index Only Scan using title_pkey on title t  (cost=0.43..4.33 rows=1 width=4) (actual time=0.049..0.051 rows=1 loops=2)
        Index Cond: (id = mc.movie_id)
        Heap Fetches: 2
Planning time: 1.138 ms
Execution time: 2011.242 ms
