Hash Join  (cost=122535.74..474627.54 rows=4704 width=0) (actual time=2277.852..7607.629 rows=12597 loops=1)
  Hash Cond: (mi.movie_id = t.id)
  ->  Seq Scan on movie_info mi  (cost=0.00..346232.03 rows=1550064 width=4) (actual time=49.784..5186.363 rows=1533909 loops=1)
        Filter: (info_type_id = 3)
        Rows Removed by Filter: 13301811
  ->  Hash  (cost=122439.81..122439.81 rows=7674 width=8) (actual time=2144.805..2144.805 rows=8117 loops=1)
        Buckets: 8192  Batches: 1  Memory Usage: 382kB
        ->  Hash Join  (cost=67697.55..122439.81 rows=7674 width=8) (actual time=1067.322..2141.164 rows=8117 loops=1)
              Hash Cond: (mc.movie_id = t.id)
              ->  Seq Scan on movie_companies mc  (cost=0.00..44881.29 rows=2609129 width=4) (actual time=0.028..544.519 rows=2609129 loops=1)
              ->  Hash  (cost=67604.59..67604.59 rows=7437 width=4) (actual time=1067.033..1067.033 rows=4514 loops=1)
                    Buckets: 8192  Batches: 1  Memory Usage: 223kB
                    ->  Seq Scan on title t  (cost=0.00..67604.59 rows=7437 width=4) (actual time=410.648..1064.934 rows=4514 loops=1)
                          Filter: (production_year = 1917)
                          Rows Removed by Filter: 2523798
Planning time: 2.594 ms
Execution time: 7609.670 ms
