Hash Join  (cost=150964.76..253882.92 rows=318231 width=0) (actual time=3449.801..6043.061 rows=1672664 loops=1)
  Hash Cond: (mk.movie_id = t.id)
  ->  Seq Scan on movie_keyword mk  (cost=0.00..81003.12 rows=1429792 width=4) (actual time=0.024..1372.215 rows=1441976 loops=1)
        Filter: (keyword_id > 11577)
        Rows Removed by Filter: 3081954
  ->  Hash  (cost=141731.04..141731.04 rows=562778 width=8) (actual time=3448.858..3448.858 rows=673642 loops=1)
        Buckets: 131072 (originally 131072)  Batches: 16 (originally 8)  Memory Usage: 3073kB
        ->  Hash Join  (cost=93117.31..141731.04 rows=562778 width=8) (actual time=1794.442..3253.088 rows=673642 loops=1)
              Hash Cond: (mi_idx.movie_id = t.id)
              ->  Seq Scan on movie_info_idx mi_idx  (cost=0.00..25185.44 rows=915101 width=4) (actual time=0.016..546.505 rows=919850 loops=1)
                    Filter: (info_type_id < 101)
                    Rows Removed by Filter: 460185
              ->  Hash  (cost=67604.59..67604.59 rows=1555018 width=4) (actual time=1793.523..1793.523 rows=1551727 loops=1)
                    Buckets: 131072  Batches: 32  Memory Usage: 2728kB
                    ->  Seq Scan on title t  (cost=0.00..67604.59 rows=1555018 width=4) (actual time=0.020..1290.043 rows=1551727 loops=1)
                          Filter: (production_year < 2007)
                          Rows Removed by Filter: 976585
Planning time: 1.192 ms
Execution time: 6258.436 ms
