Hash Join  (cost=104131.46..913132.01 rows=172361 width=0) (actual time=7827.313..12792.421 rows=527704 loops=1)
  Hash Cond: (ci.movie_id = t.id)
  ->  Seq Scan on cast_info ci  (cost=0.00..796071.18 rows=195752 width=4) (actual time=5146.774..9390.021 rows=603413 loops=1)
        Filter: ((person_id > 3944789) AND (role_id > 3))
        Rows Removed by Filter: 35640931
  ->  Hash  (cost=67604.59..67604.59 rows=2226390 width=4) (actual time=2678.977..2678.977 rows=2224569 loops=1)
        Buckets: 131072  Batches: 32  Memory Usage: 3463kB
        ->  Seq Scan on title t  (cost=0.00..67604.59 rows=2226390 width=4) (actual time=0.027..1422.696 rows=2224569 loops=1)
              Filter: (production_year < 2012)
              Rows Removed by Filter: 303743
Planning time: 0.560 ms
Execution time: 12843.341 ms
