Hash Join  (cost=76503.02..576195.19 rows=779189 width=0) (actual time=1151.069..14107.372 rows=2623893 loops=1)
  Hash Cond: (mi.movie_id = t.id)
  ->  Seq Scan on movie_info mi  (cost=0.00..346232.03 rows=12545135 width=4) (actual time=0.016..6711.669 rows=12601870 loops=1)
        Filter: (info_type_id < 17)
        Rows Removed by Filter: 2233850
  ->  Hash  (cost=73925.90..73925.90 rows=157049 width=4) (actual time=1149.862..1149.862 rows=258048 loops=1)
        Buckets: 131072  Batches: 4  Memory Usage: 3301kB
        ->  Seq Scan on title t  (cost=0.00..73925.90 rows=157049 width=4) (actual time=0.221..1070.232 rows=258048 loops=1)
              Filter: ((kind_id < 7) AND (production_year < 1972))
              Rows Removed by Filter: 2270264
Planning time: 0.771 ms
Execution time: 14407.291 ms
