Hash Join  (cost=111950.79..199122.56 rows=51374 width=0) (actual time=1969.096..3851.907 rows=103262 loops=1)
  Hash Cond: (mk.movie_id = t.id)
  ->  Seq Scan on movie_keyword mk  (cost=0.00..69693.30 rows=4523930 width=4) (actual time=0.019..1040.364 rows=4523930 loops=1)
  ->  Hash  (cost=111591.86..111591.86 rows=28714 width=8) (actual time=1968.025..1968.025 rows=26048 loops=1)
        Buckets: 32768  Batches: 1  Memory Usage: 1274kB
        ->  Hash Join  (cost=75227.65..111591.86 rows=28714 width=8) (actual time=1161.431..1959.707 rows=26048 loops=1)
              Hash Cond: (mi_idx.movie_id = t.id)
              ->  Seq Scan on movie_info_idx mi_idx  (cost=0.00..25185.44 rows=915101 width=4) (actual time=0.016..501.967 rows=919850 loops=1)
                    Filter: (info_type_id < 101)
                    Rows Removed by Filter: 460185
              ->  Hash  (cost=73925.90..73925.90 rows=79340 width=4) (actual time=1160.671..1160.671 rows=92312 loops=1)
                    Buckets: 131072  Batches: 2  Memory Usage: 2648kB
                    ->  Seq Scan on title t  (cost=0.00..73925.90 rows=79340 width=4) (actual time=0.015..1120.959 rows=92312 loops=1)
                          Filter: ((kind_id > 1) AND (production_year = 2006))
                          Rows Removed by Filter: 2436000
Planning time: 1.125 ms
Execution time: 3866.550 ms
