Seq Scan on cast_info ci  (cost=0.00..796071.18 rows=8886675 width=0) (actual time=7744.081..15135.000 rows=10159144 loops=1)
  Filter: ((person_id > 948394) AND (role_id > 3))
  Rows Removed by Filter: 26085200
Planning time: 0.380 ms
Execution time: 16393.269 ms
