Seq Scan on cast_info ci  (cost=0.00..705507.15 rows=23736251 width=0) (actual time=8.872..12409.620 rows=23641022 loops=1)
  Filter: (person_id < 2422220)
  Rows Removed by Filter: 12603322
Planning time: 0.365 ms
Execution time: 15229.298 ms
