Hash Join  (cost=87245.25..183057.52 rows=294302 width=0) (actual time=1659.396..3698.481 rows=375156 loops=1)
  Hash Cond: (mk.movie_id = t.id)
  ->  Seq Scan on movie_keyword mk  (cost=0.00..81003.12 rows=621632 width=4) (actual time=0.015..1412.775 rows=621482 loops=1)
        Filter: (keyword_id > 29348)
        Rows Removed by Filter: 3902448
  ->  Hash  (cost=67604.59..67604.59 rows=1197093 width=4) (actual time=1658.391..1658.391 rows=1195923 loops=1)
        Buckets: 131072  Batches: 16  Memory Usage: 3661kB
        ->  Seq Scan on title t  (cost=0.00..67604.59 rows=1197093 width=4) (actual time=0.013..1277.471 rows=1195923 loops=1)
              Filter: (production_year < 2003)
              Rows Removed by Filter: 1332389
Planning time: 0.575 ms
Execution time: 3746.118 ms
