Seq Scan on cast_info ci  (cost=0.00..796071.18 rows=12347560 width=0) (actual time=0.022..14221.470 rows=13756409 loops=1)
  Filter: ((person_id > 835173) AND (role_id > 2))
  Rows Removed by Filter: 22487935
Planning time: 0.379 ms
Execution time: 15741.954 ms
