Seq Scan on movie_keyword mk  (cost=0.00..81003.12 rows=246 width=0) (actual time=8.132..1252.808 rows=1517 loops=1)
  Filter: (keyword_id = 991)
  Rows Removed by Filter: 4522413
Planning time: 0.374 ms
Execution time: 1253.367 ms
