Seq Scan on movie_companies mc  (cost=0.00..51404.11 rows=925607 width=0) (actual time=0.016..914.136 rows=925593 loops=1)
  Filter: (company_id < 3239)
  Rows Removed by Filter: 1683536
Planning time: 0.361 ms
Execution time: 1039.692 ms
