Seq Scan on movie_companies mc  (cost=0.00..51404.11 rows=1727714 width=0) (actual time=0.019..688.904 rows=1733128 loops=1)
  Filter: (company_id > 2580)
  Rows Removed by Filter: 876001
Planning time: 0.359 ms
Execution time: 879.462 ms
