Seq Scan on title t  (cost=0.00..73925.90 rows=254469 width=0) (actual time=0.037..1153.495 rows=378527 loops=1)
  Filter: ((kind_id < 3) AND (production_year < 1996))
  Rows Removed by Filter: 2149785
Planning time: 0.362 ms
Execution time: 1202.886 ms
