Seq Scan on movie_companies mc  (cost=0.00..51404.11 rows=104 width=0) (actual time=39.611..762.215 rows=209 loops=1)
  Filter: (company_id = 47506)
  Rows Removed by Filter: 2608920
Planning time: 0.421 ms
Execution time: 762.336 ms
