Hash Join  (cost=128303.11..258187.51 rows=646936 width=0) (actual time=2819.463..6721.484 rows=1346759 loops=1)
  Hash Cond: (mk.movie_id = t.id)
  ->  Seq Scan on movie_keyword mk  (cost=0.00..69693.30 rows=4523930 width=4) (actual time=0.012..1479.558 rows=4523930 loops=1)
  ->  Hash  (cost=122370.28..122370.28 rows=361587 width=8) (actual time=2818.033..2818.033 rows=252549 loops=1)
        Buckets: 131072  Batches: 8  Memory Usage: 2251kB
        ->  Hash Join  (cost=78473.92..122370.28 rows=361587 width=8) (actual time=1498.151..2749.660 rows=252549 loops=1)
              Hash Cond: (mi_idx.movie_id = t.id)
              ->  Seq Scan on movie_info_idx mi_idx  (cost=0.00..21735.35 rows=1380035 width=4) (actual time=0.014..507.772 rows=1380035 loops=1)
              ->  Hash  (cost=67604.59..67604.59 rows=662507 width=4) (actual time=1497.080..1497.080 rows=662065 loops=1)
                    Buckets: 131072  Batches: 16  Memory Usage: 2481kB
                    ->  Seq Scan on title t  (cost=0.00..67604.59 rows=662507 width=4) (actual time=0.015..1281.553 rows=662065 loops=1)
                          Filter: (production_year > 2008)
                          Rows Removed by Filter: 1866247
Planning time: 1.194 ms
Execution time: 6881.817 ms
