Seq Scan on cast_info ci  (cost=0.00..796071.18 rows=16993481 width=0) (actual time=0.015..15872.589 rows=13537371 loops=1)
  Filter: ((person_id < 2712038) AND (role_id > 1))
  Rows Removed by Filter: 22706973
Planning time: 0.361 ms
Execution time: 17528.491 ms
