Seq Scan on movie_info mi  (cost=0.00..346232.03 rows=17937 width=0) (actual time=5183.092..5283.467 rows=3130 loops=1)
  Filter: (info_type_id = 89)
  Rows Removed by Filter: 14832590
Planning time: 0.378 ms
Execution time: 5284.139 ms
