Hash Join  (cost=102767.86..283946.98 rows=3752615 width=0) (actual time=1973.239..6990.342 rows=3748850 loops=1)
  Hash Cond: (mk.movie_id = t.id)
  ->  Seq Scan on movie_keyword mk  (cost=0.00..81003.12 rows=3752615 width=4) (actual time=0.024..1890.594 rows=3748850 loops=1)
        Filter: (keyword_id > 732)
        Rows Removed by Filter: 775080
  ->  Hash  (cost=61283.27..61283.27 rows=2528527 width=4) (actual time=1970.216..1970.216 rows=2528312 loops=1)
        Buckets: 131072  Batches: 64  Memory Usage: 2425kB
        ->  Seq Scan on title t  (cost=0.00..61283.27 rows=2528527 width=4) (actual time=0.011..1095.471 rows=2528312 loops=1)
Planning time: 0.791 ms
Execution time: 7427.611 ms
