Hash Join  (cost=133758.01..498464.89 rows=5095 width=0) (actual time=2238.661..9479.884 rows=16061 loops=1)
  Hash Cond: (mi.movie_id = t.id)
  ->  Seq Scan on movie_info mi  (cost=0.00..309384.22 rows=14739122 width=4) (actual time=0.019..4289.135 rows=14835720 loops=1)
  ->  Hash  (cost=133747.08..133747.08 rows=874 width=8) (actual time=2215.246..2215.246 rows=1636 loops=1)
        Buckets: 2048 (originally 1024)  Batches: 1 (originally 1)  Memory Usage: 80kB
        ->  Hash Join  (cost=73982.55..133747.08 rows=874 width=8) (actual time=1726.199..2214.555 rows=1636 loops=1)
              Hash Cond: (mc.movie_id = t.id)
              ->  Seq Scan on movie_companies mc  (cost=0.00..57926.93 rows=487694 width=4) (actual time=0.032..907.144 rows=282310 loops=1)
                    Filter: ((company_id < 3845) AND (company_type_id > 1))
                    Rows Removed by Filter: 2326819
              ->  Hash  (cost=73925.90..73925.90 rows=4532 width=4) (actual time=1247.145..1247.145 rows=6999 loops=1)
                    Buckets: 8192  Batches: 1  Memory Usage: 311kB
                    ->  Seq Scan on title t  (cost=0.00..73925.90 rows=4532 width=4) (actual time=0.229..1243.838 rows=6999 loops=1)
                          Filter: ((kind_id = 7) AND (production_year = 1960))
                          Rows Removed by Filter: 2521313
Planning time: 1.272 ms
Execution time: 9482.480 ms
