Hash Join  (cost=873423.38..1514323.16 rows=1284164 width=0) (actual time=20515.979..35051.752 rows=8884401 loops=1)
  Hash Cond: (mi.movie_id = t.id)
  ->  Seq Scan on movie_info mi  (cost=0.00..309384.22 rows=14739122 width=4) (actual time=0.024..6159.182 rows=14835720 loops=1)
  ->  Hash  (cost=869808.61..869808.61 rows=220301 width=8) (actual time=20514.776..20514.776 rows=242770 loops=1)
        Buckets: 131072  Batches: 4  Memory Usage: 3507kB
        ->  Hash Join  (cost=74223.04..869808.61 rows=220301 width=8) (actual time=2400.269..19791.593 rows=242770 loops=1)
              Hash Cond: (ci.movie_id = t.id)
              ->  Seq Scan on cast_info ci  (cost=0.00..705507.15 rows=23433443 width=4) (actual time=1700.031..12966.881 rows=23487573 loops=1)
                    Filter: (person_id > 1258105)
                    Rows Removed by Filter: 12756771
              ->  Hash  (cost=73925.90..73925.90 rows=23771 width=4) (actual time=700.012..700.012 rows=20633 loops=1)
                    Buckets: 32768  Batches: 1  Memory Usage: 982kB
                    ->  Seq Scan on title t  (cost=0.00..73925.90 rows=23771 width=4) (actual time=0.781..693.099 rows=20633 loops=1)
                          Filter: ((kind_id < 7) AND (production_year = 2002))
                          Rows Removed by Filter: 2507679
Planning time: 1.240 ms
Execution time: 36097.815 ms
