Nested Loop  (cost=0.43..83072.29 rows=150 width=0) (actual time=1044.805..1362.310 rows=390 loops=1)
  ->  Seq Scan on movie_keyword mk  (cost=0.00..81003.12 rows=246 width=4) (actual time=2.566..1188.760 rows=1617 loops=1)
        Filter: (keyword_id = 1613)
        Rows Removed by Filter: 4522313
  ->  Index Scan using title_pkey on title t  (cost=0.43..8.40 rows=1 width=4) (actual time=0.106..0.106 rows=0 loops=1617)
        Index Cond: (id = mk.movie_id)
        Filter: (kind_id = 7)
        Rows Removed by Filter: 1
Planning time: 1.150 ms
Execution time: 1362.527 ms
