Seq Scan on cast_info ci  (cost=0.00..705507.15 rows=10877098 width=0) (actual time=158.983..12165.234 rows=10758949 loops=1)
  Filter: (person_id < 1055917)
  Rows Removed by Filter: 25485395
Planning time: 0.362 ms
Execution time: 13483.825 ms
