Hash Join  (cost=175027.18..1352991.73 rows=11213939 width=0) (actual time=3996.769..43224.685 rows=23172589 loops=1)
  Hash Cond: (ci.movie_id = t.id)
  ->  Seq Scan on cast_info ci  (cost=0.00..705507.15 rows=30852001 width=4) (actual time=0.019..16604.912 rows=30958215 loops=1)
        Filter: (person_id > 511149)
        Rows Removed by Filter: 5286129
  ->  Hash  (cost=159947.97..159947.97 rows=919057 width=8) (actual time=3995.899..3995.899 rows=920110 loops=1)
        Buckets: 131072  Batches: 16  Memory Usage: 3269kB
        ->  Hash Join  (cost=102767.86..159947.97 rows=919057 width=8) (actual time=1902.614..3512.542 rows=920110 loops=1)
              Hash Cond: (mi_idx.movie_id = t.id)
              ->  Seq Scan on movie_info_idx mi_idx  (cost=0.00..25185.44 rows=919057 width=4) (actual time=0.017..466.674 rows=920110 loops=1)
                    Filter: (info_type_id > 99)
                    Rows Removed by Filter: 459925
              ->  Hash  (cost=61283.27..61283.27 rows=2528527 width=4) (actual time=1901.083..1901.083 rows=2528312 loops=1)
                    Buckets: 131072  Batches: 64  Memory Usage: 2415kB
                    ->  Seq Scan on title t  (cost=0.00..61283.27 rows=2528527 width=4) (actual time=0.018..1075.309 rows=2528312 loops=1)
Planning time: 1.957 ms
Execution time: 46002.676 ms
