Hash Join  (cost=102767.86..301578.05 rows=4485358 width=0) (actual time=2367.435..7818.574 rows=4492070 loops=1)
  Hash Cond: (mk.movie_id = t.id)
  ->  Seq Scan on movie_keyword mk  (cost=0.00..81003.12 rows=4485358 width=4) (actual time=0.008..1911.401 rows=4492070 loops=1)
        Filter: (keyword_id > 37)
        Rows Removed by Filter: 31860
  ->  Hash  (cost=61283.27..61283.27 rows=2528527 width=4) (actual time=2366.240..2366.240 rows=2528312 loops=1)
        Buckets: 131072  Batches: 64  Memory Usage: 2425kB
        ->  Seq Scan on title t  (cost=0.00..61283.27 rows=2528527 width=4) (actual time=0.009..1204.393 rows=2528312 loops=1)
Planning time: 0.707 ms
Execution time: 8330.734 ms
