Hash Join  (cost=98498.33..918471.44 rows=611411 width=0) (actual time=1853.773..13976.479 rows=247905 loops=1)
  Hash Cond: (ci.movie_id = t.id)
  ->  Seq Scan on cast_info ci  (cost=0.00..796071.18 rows=1032220 width=4) (actual time=18.510..11374.765 rows=424509 loops=1)
        Filter: ((person_id < 152000) AND (role_id > 1))
        Rows Removed by Filter: 35819835
  ->  Hash  (cost=73925.90..73925.90 rows=1497714 width=4) (actual time=1833.095..1833.095 rows=1478440 loops=1)
        Buckets: 131072  Batches: 32  Memory Usage: 2651kB
        ->  Seq Scan on title t  (cost=0.00..73925.90 rows=1497714 width=4) (actual time=0.028..1384.929 rows=1478440 loops=1)
              Filter: ((production_year > 0) AND (kind_id = 7))
              Rows Removed by Filter: 1049872
Planning time: 0.683 ms
Execution time: 14002.438 ms
