Hash Join  (cost=195694.40..696202.54 rows=1940121 width=0) (actual time=4037.723..16119.993 rows=731315 loops=1)
  Hash Cond: (mi.movie_id = t.id)
  ->  Seq Scan on movie_info mi  (cost=0.00..309384.22 rows=14739122 width=4) (actual time=0.029..6221.782 rows=14835720 loops=1)
  ->  Hash  (cost=190233.00..190233.00 rows=332832 width=8) (actual time=3651.438..3651.438 rows=69949 loops=1)
        Buckets: 131072  Batches: 8  Memory Usage: 1376kB
        ->  Hash Join  (cost=92883.59..190233.00 rows=332832 width=8) (actual time=1850.793..3628.346 rows=69949 loops=1)
              Hash Cond: (mk.movie_id = t.id)
              ->  Seq Scan on movie_keyword mk  (cost=0.00..81003.12 rows=546193 width=4) (actual time=0.029..1318.245 rows=541514 loops=1)
                    Filter: (keyword_id > 33901)
                    Rows Removed by Filter: 3982416
              ->  Hash  (cost=67604.59..67604.59 rows=1540800 width=4) (actual time=1794.873..1794.873 rows=1543264 loops=1)
                    Buckets: 131072  Batches: 32  Memory Usage: 2728kB
                    ->  Seq Scan on title t  (cost=0.00..67604.59 rows=1540800 width=4) (actual time=322.670..1309.962 rows=1543264 loops=1)
                          Filter: (kind_id = 7)
                          Rows Removed by Filter: 985048
Planning time: 1.176 ms
Execution time: 16206.205 ms
