Seq Scan on cast_info ci  (cost=0.00..705507.15 rows=30845789 width=0) (actual time=0.013..13521.814 rows=30949496 loops=1)
  Filter: (person_id > 511789)
  Rows Removed by Filter: 5294848
Planning time: 0.350 ms
Execution time: 17303.487 ms
