Hash Join  (cost=69994.12..195170.94 rows=260578 width=0) (actual time=1040.431..3906.786 rows=384499 loops=1)
  Hash Cond: (mk.movie_id = t.id)
  ->  Seq Scan on movie_keyword mk  (cost=0.00..69693.30 rows=4523930 width=4) (actual time=0.017..1376.437 rows=4523930 loops=1)
  ->  Hash  (cost=67604.59..67604.59 rows=145643 width=4) (actual time=1039.598..1039.598 rows=147720 loops=1)
        Buckets: 131072  Batches: 2  Memory Usage: 3624kB
        ->  Seq Scan on title t  (cost=0.00..67604.59 rows=145643 width=4) (actual time=0.014..986.756 rows=147720 loops=1)
              Filter: (production_year < 1943)
              Rows Removed by Filter: 2380592
Planning time: 0.592 ms
Execution time: 3956.664 ms
