Hash Join  (cost=75291.94..208828.82 rows=144462 width=0) (actual time=2836.727..4062.598 rows=4 loops=1)
  Hash Cond: (mk.movie_id = t.id)
  ->  Seq Scan on movie_keyword mk  (cost=0.00..81003.12 rows=4390168 width=4) (actual time=0.028..1823.286 rows=4393327 loops=1)
        Filter: (keyword_id < 76321)
        Rows Removed by Filter: 130603
  ->  Hash  (cost=73925.90..73925.90 rows=83203 width=4) (actual time=1007.026..1007.026 rows=28 loops=1)
        Buckets: 131072  Batches: 2  Memory Usage: 1031kB
        ->  Seq Scan on title t  (cost=0.00..73925.90 rows=83203 width=4) (actual time=15.190..1006.886 rows=28 loops=1)
              Filter: ((production_year < 1939) AND (kind_id = 7))
              Rows Removed by Filter: 2528284
Planning time: 0.820 ms
Execution time: 4062.686 ms
