Hash Join  (cost=974885.03..1574809.71 rows=9530785 width=0) (actual time=20528.160..55999.822 rows=85309734 loops=1)
  Hash Cond: (mi.movie_id = t.id)
  ->  Seq Scan on movie_info mi  (cost=0.00..309384.22 rows=14739122 width=4) (actual time=0.012..6654.887 rows=14835720 loops=1)
  ->  Hash  (cost=948060.21..948060.21 rows=1635026 width=8) (actual time=20526.687..20526.687 rows=3458443 loops=1)
        Buckets: 131072 (originally 131072)  Batches: 64 (originally 32)  Memory Usage: 3177kB
        ->  Hash Join  (cost=102767.86..948060.21 rows=1635026 width=8) (actual time=12406.029..19236.032 rows=3458443 loops=1)
              Hash Cond: (ci.movie_id = t.id)
              ->  Seq Scan on cast_info ci  (cost=0.00..796071.18 rows=1635026 width=4) (actual time=10625.939..14188.865 rows=3458443 loops=1)
                    Filter: ((person_id > 2280571) AND (role_id = 10))
                    Rows Removed by Filter: 32785901
              ->  Hash  (cost=61283.27..61283.27 rows=2528527 width=4) (actual time=1778.115..1778.115 rows=2528312 loops=1)
                    Buckets: 131072  Batches: 64  Memory Usage: 2415kB
                    ->  Seq Scan on title t  (cost=0.00..61283.27 rows=2528527 width=4) (actual time=0.021..994.266 rows=2528312 loops=1)
Planning time: 1.269 ms
Execution time: 65673.771 ms
