Seq Scan on cast_info ci  (cost=0.00..705507.15 rows=500 width=0) (actual time=2114.176..10525.310 rows=16 loops=1)
  Filter: (person_id = 3422191)
  Rows Removed by Filter: 36244328
Planning time: 0.368 ms
Execution time: 10525.432 ms
