Hash Join  (cost=75822.40..114597.60 rows=63071 width=0) (actual time=1093.629..1844.925 rows=2451 loops=1)
  Hash Cond: (mi_idx.movie_id = t.id)
  ->  Seq Scan on movie_info_idx mi_idx  (cost=0.00..21735.35 rows=1380035 width=4) (actual time=0.013..406.353 rows=1380035 loops=1)
  ->  Hash  (cost=73925.90..73925.90 rows=115560 width=4) (actual time=1027.251..1027.251 rows=13895 loops=1)
        Buckets: 131072  Batches: 2  Memory Usage: 1270kB
        ->  Seq Scan on title t  (cost=0.00..73925.90 rows=115560 width=4) (actual time=103.917..1020.874 rows=13895 loops=1)
              Filter: ((production_year < 1954) AND (kind_id = 7))
              Rows Removed by Filter: 2514417
Planning time: 0.774 ms
Execution time: 1845.376 ms
