Seq Scan on movie_keyword mk  (cost=0.00..81003.12 rows=2642311 width=0) (actual time=0.026..1527.632 rows=2629485 loops=1)
  Filter: (keyword_id > 3242)
  Rows Removed by Filter: 1894445
Planning time: 0.318 ms
Execution time: 1858.588 ms
