Hash Join  (cost=1040247.76..1682188.39 rows=10015099 width=0) (actual time=26198.521..51235.196 rows=41973283 loops=1)
  Hash Cond: (mi.movie_id = t.id)
  ->  Seq Scan on movie_info mi  (cost=0.00..309384.22 rows=14739122 width=4) (actual time=0.021..6038.165 rows=14835720 loops=1)
  ->  Hash  (cost=1012059.38..1012059.38 rows=1718111 width=8) (actual time=26196.760..26196.760 rows=1856036 loops=1)
        Buckets: 131072  Batches: 32  Memory Usage: 3347kB
        ->  Hash Join  (cost=81025.55..1012059.38 rows=1718111 width=8) (actual time=4749.840..25553.736 rows=1856036 loops=1)
              Hash Cond: (ci.movie_id = t.id)
              ->  Seq Scan on cast_info ci  (cost=0.00..796071.18 rows=10040142 width=4) (actual time=3373.126..16610.806 rows=12670688 loops=1)
                    Filter: ((person_id < 2908386) AND (role_id = 1))
                    Rows Removed by Filter: 23573656
              ->  Hash  (cost=73925.90..73925.90 rows=432692 width=4) (actual time=1375.870..1375.870 rows=368246 loops=1)
                    Buckets: 131072  Batches: 8  Memory Usage: 2639kB
                    ->  Seq Scan on title t  (cost=0.00..73925.90 rows=432692 width=4) (actual time=0.037..1249.639 rows=368246 loops=1)
                          Filter: ((kind_id < 7) AND (production_year > 2004))
                          Rows Removed by Filter: 2160066
Planning time: 1.197 ms
Execution time: 56076.732 ms
