Hash Join  (cost=94072.72..143264.37 rows=670217 width=0) (actual time=1834.425..3338.434 rows=568425 loops=1)
  Hash Cond: (mi_idx.movie_id = t.id)
  ->  Seq Scan on movie_info_idx mi_idx  (cost=0.00..21735.35 rows=1380035 width=4) (actual time=0.022..470.923 rows=1380035 loops=1)
  ->  Hash  (cost=73925.90..73925.90 rows=1227985 width=4) (actual time=1833.169..1833.169 rows=1197374 loops=1)
        Buckets: 131072  Batches: 32  Memory Usage: 2340kB
        ->  Seq Scan on title t  (cost=0.00..73925.90 rows=1227985 width=4) (actual time=0.007..1449.871 rows=1197374 loops=1)
              Filter: ((kind_id > 1) AND (production_year < 2008))
              Rows Removed by Filter: 1330938
Planning time: 0.772 ms
Execution time: 3408.383 ms
