Seq Scan on movie_keyword mk  (cost=0.00..81003.12 rows=43452 width=0) (actual time=0.046..1264.041 rows=38892 loops=1)
  Filter: (keyword_id < 47)
  Rows Removed by Filter: 4485038
Planning time: 0.260 ms
Execution time: 1270.618 ms
