Seq Scan on movie_companies mc  (cost=0.00..51404.11 rows=104 width=0) (actual time=14.182..737.328 rows=2221 loops=1)
  Filter: (company_id = 3929)
  Rows Removed by Filter: 2606908
Planning time: 0.421 ms
Execution time: 737.905 ms
