Hash Join  (cost=247167.99..341029.78 rows=1364626 width=0) (actual time=5436.218..10428.133 rows=9348997 loops=1)
  Hash Cond: (mc.movie_id = t.id)
  ->  Seq Scan on movie_companies mc  (cost=0.00..44881.29 rows=2609129 width=4) (actual time=0.007..1001.583 rows=2609129 loops=1)
  ->  Hash  (cost=225471.12..225471.12 rows=1322470 width=8) (actual time=5435.322..5435.322 rows=1339169 loops=1)
        Buckets: 131072  Batches: 32  Memory Usage: 2654kB
        ->  Hash Join  (cost=102767.86..225471.12 rows=1322470 width=8) (actual time=2269.004..5052.188 rows=1339169 loops=1)
              Hash Cond: (mk.movie_id = t.id)
              ->  Seq Scan on movie_keyword mk  (cost=0.00..81003.12 rows=1322470 width=4) (actual time=0.022..1361.898 rows=1339169 loops=1)
                    Filter: (keyword_id < 1744)
                    Rows Removed by Filter: 3184761
              ->  Hash  (cost=61283.27..61283.27 rows=2528527 width=4) (actual time=2266.518..2266.518 rows=2528312 loops=1)
                    Buckets: 131072  Batches: 64  Memory Usage: 2425kB
                    ->  Seq Scan on title t  (cost=0.00..61283.27 rows=2528527 width=4) (actual time=0.014..1128.632 rows=2528312 loops=1)
Planning time: 1.379 ms
Execution time: 11593.116 ms
