Hash Join  (cost=156649.15..1088472.58 rows=1837692 width=0) (actual time=12591.068..22877.986 rows=2705246 loops=1)
  Hash Cond: (ci.movie_id = t.id)
  ->  Seq Scan on cast_info ci  (cost=0.00..796071.18 rows=9994223 width=4) (actual time=9061.670..15182.113 rows=7130746 loops=1)
        Filter: ((person_id > 744804) AND (role_id < 2))
        Rows Removed by Filter: 29113598
  ->  Hash  (cost=149020.47..149020.47 rows=464934 width=8) (actual time=3528.400..3528.400 rows=460185 loops=1)
        Buckets: 131072  Batches: 8  Memory Usage: 3276kB
        ->  Hash Join  (cost=102767.86..149020.47 rows=464934 width=8) (actual time=2057.397..3385.639 rows=460185 loops=1)
              Hash Cond: (mi_idx.movie_id = t.id)
              ->  Seq Scan on movie_info_idx mi_idx  (cost=0.00..25185.44 rows=464934 width=4) (actual time=0.038..528.585 rows=460185 loops=1)
                    Filter: (info_type_id > 100)
                    Rows Removed by Filter: 919850
              ->  Hash  (cost=61283.27..61283.27 rows=2528527 width=4) (actual time=2055.303..2055.303 rows=2528312 loops=1)
                    Buckets: 131072  Batches: 64  Memory Usage: 2415kB
                    ->  Seq Scan on title t  (cost=0.00..61283.27 rows=2528527 width=4) (actual time=0.020..1200.920 rows=2528312 loops=1)
Planning time: 1.664 ms
Execution time: 23178.215 ms
