Hash Join  (cost=102767.86..207636.30 rows=581250 width=0) (actual time=1939.158..4174.553 rows=585831 loops=1)
  Hash Cond: (mk.movie_id = t.id)
  ->  Seq Scan on movie_keyword mk  (cost=0.00..81003.12 rows=581250 width=4) (actual time=0.015..1345.644 rows=585831 loops=1)
        Filter: (keyword_id < 419)
        Rows Removed by Filter: 3938099
  ->  Hash  (cost=61283.27..61283.27 rows=2528527 width=4) (actual time=1937.094..1937.094 rows=2528312 loops=1)
        Buckets: 131072  Batches: 64  Memory Usage: 2425kB
        ->  Seq Scan on title t  (cost=0.00..61283.27 rows=2528527 width=4) (actual time=0.009..1070.788 rows=2528312 loops=1)
Planning time: 0.788 ms
Execution time: 4243.771 ms
