Hash Join  (cost=143816.92..628672.52 rows=473168 width=0) (actual time=2467.411..14009.483 rows=1751897 loops=1)
  Hash Cond: (mi.movie_id = t.id)
  ->  Seq Scan on movie_info mi  (cost=0.00..309384.22 rows=14739122 width=4) (actual time=0.011..5761.830 rows=14835720 loops=1)
  ->  Hash  (cost=142484.25..142484.25 rows=81173 width=8) (actual time=2466.638..2466.638 rows=56403 loops=1)
        Buckets: 131072  Batches: 2  Memory Usage: 2130kB
        ->  Hash Join  (cost=84005.63..142484.25 rows=81173 width=8) (actual time=1358.040..2444.624 rows=56403 loops=1)
              Hash Cond: (mc.movie_id = t.id)
              ->  Seq Scan on movie_companies mc  (cost=0.00..51404.11 rows=334075 width=4) (actual time=0.019..823.224 rows=329920 loops=1)
                    Filter: (company_id < 164)
                    Rows Removed by Filter: 2279209
              ->  Hash  (cost=73925.90..73925.90 rows=614378 width=4) (actual time=1356.825..1356.825 rows=520376 loops=1)
                    Buckets: 131072  Batches: 16  Memory Usage: 2162kB
                    ->  Seq Scan on title t  (cost=0.00..73925.90 rows=614378 width=4) (actual time=0.028..1188.223 rows=520376 loops=1)
                          Filter: ((kind_id < 7) AND (production_year > 1996))
                          Rows Removed by Filter: 2007936
Planning time: 1.173 ms
Execution time: 14232.090 ms
