Hash Join  (cost=74101.73..160145.17 rows=7368 width=0) (actual time=1673.817..2651.794 rows=5511 loops=1)
  Hash Cond: (mk.movie_id = t.id)
  ->  Seq Scan on movie_keyword mk  (cost=0.00..81003.12 rows=1324437 width=4) (actual time=0.017..1344.919 rows=1340785 loops=1)
        Filter: (keyword_id < 1749)
        Rows Removed by Filter: 3183145
  ->  Hash  (cost=73925.90..73925.90 rows=14066 width=4) (actual time=1058.603..1058.603 rows=13203 loops=1)
        Buckets: 16384  Batches: 1  Memory Usage: 593kB
        ->  Seq Scan on title t  (cost=0.00..73925.90 rows=14066 width=4) (actual time=0.335..1052.391 rows=13203 loops=1)
              Filter: ((production_year > 2010) AND (kind_id = 2))
              Rows Removed by Filter: 2515109
Planning time: 0.750 ms
Execution time: 2652.708 ms
