Hash Join  (cost=82863.28..158774.89 rows=249020 width=0) (actual time=1318.268..3325.277 rows=391723 loops=1)
  Hash Cond: (mc.movie_id = t.id)
  ->  Seq Scan on movie_companies mc  (cost=0.00..57926.93 rows=1155859 width=4) (actual time=0.028..1259.446 rows=1274246 loops=1)
        Filter: ((company_id < 100231) AND (company_type_id = 1))
        Rows Removed by Filter: 1334883
  ->  Hash  (cost=73925.90..73925.90 rows=544750 width=4) (actual time=1317.260..1317.260 rows=420664 loops=1)
        Buckets: 131072  Batches: 8  Memory Usage: 2882kB
        ->  Seq Scan on title t  (cost=0.00..73925.90 rows=544750 width=4) (actual time=0.013..1187.085 rows=420664 loops=1)
              Filter: ((production_year > 1971) AND (kind_id = 1))
              Rows Removed by Filter: 2107648
Planning time: 2.205 ms
Execution time: 3370.473 ms
