Hash Join  (cost=73983.02..160722.80 rows=8175 width=0) (actual time=1134.923..2843.154 rows=5399 loops=1)
  Hash Cond: (mk.movie_id = t.id)
  ->  Seq Scan on movie_keyword mk  (cost=0.00..69693.30 rows=4523930 width=4) (actual time=0.007..860.721 rows=4523930 loops=1)
  ->  Hash  (cost=73925.90..73925.90 rows=4569 width=4) (actual time=1134.596..1134.596 rows=8124 loops=1)
        Buckets: 8192  Batches: 1  Memory Usage: 350kB
        ->  Seq Scan on title t  (cost=0.00..73925.90 rows=4569 width=4) (actual time=0.021..1130.655 rows=8124 loops=1)
              Filter: ((kind_id > 4) AND (production_year = 1977))
              Rows Removed by Filter: 2520188
Planning time: 0.785 ms
Execution time: 2844.029 ms
