Hash Join  (cost=425044.41..1176065.66 rows=23211 width=0) (actual time=6477.512..22835.086 rows=46126 loops=1)
  Hash Cond: (ci.movie_id = t.id)
  ->  Seq Scan on cast_info ci  (cost=0.00..614943.12 rows=36225612 width=4) (actual time=0.012..8761.611 rows=36244344 loops=1)
  ->  Hash  (cost=425024.16..425024.16 rows=1620 width=8) (actual time=6475.474..6475.474 rows=2409 loops=1)
        Buckets: 4096 (originally 2048)  Batches: 1 (originally 1)  Memory Usage: 127kB
        ->  Hash Join  (cost=77673.67..425024.16 rows=1620 width=8) (actual time=1252.954..6474.514 rows=2409 loops=1)
              Hash Cond: (mi.movie_id = t.id)
              ->  Seq Scan on movie_info mi  (cost=0.00..346232.03 rows=17937 width=4) (actual time=0.021..5180.094 rows=61128 loops=1)
                    Filter: (info_type_id = 103)
                    Rows Removed by Filter: 14774592
              ->  Hash  (cost=73925.90..73925.90 rows=228381 width=4) (actual time=1251.153..1251.153 rows=120792 loops=1)
                    Buckets: 131072  Batches: 4  Memory Usage: 2089kB
                    ->  Seq Scan on title t  (cost=0.00..73925.90 rows=228381 width=4) (actual time=0.020..1206.452 rows=120792 loops=1)
                          Filter: ((kind_id > 4) AND (production_year < 1970))
                          Rows Removed by Filter: 2407520
Planning time: 1.152 ms
Execution time: 22843.702 ms
