Hash Join  (cost=73982.55..100919.82 rows=833 width=0) (actual time=1529.569..1851.489 rows=1105 loops=1)
  Hash Cond: (mi_idx.movie_id = t.id)
  ->  Seq Scan on movie_info_idx mi_idx  (cost=0.00..25185.44 rows=464934 width=4) (actual time=0.018..474.899 rows=460185 loops=1)
        Filter: (info_type_id > 100)
        Rows Removed by Filter: 919850
  ->  Hash  (cost=73925.90..73925.90 rows=4532 width=4) (actual time=1268.493..1268.493 rows=7945 loops=1)
        Buckets: 8192  Batches: 1  Memory Usage: 344kB
        ->  Seq Scan on title t  (cost=0.00..73925.90 rows=4532 width=4) (actual time=0.320..1264.619 rows=7945 loops=1)
              Filter: ((kind_id = 7) AND (production_year = 1977))
              Rows Removed by Filter: 2520367
Planning time: 0.797 ms
Execution time: 1851.766 ms
