Hash Join  (cost=102069.22..856748.53 rows=389021 width=0) (actual time=1897.830..20165.508 rows=880452 loops=1)
  Hash Cond: (ci.movie_id = t.id)
  ->  Seq Scan on cast_info ci  (cost=0.00..614943.12 rows=36225612 width=4) (actual time=0.016..8530.906 rows=36244344 loops=1)
  ->  Hash  (cost=101729.80..101729.80 rows=27153 width=8) (actual time=1896.995..1896.995 rows=29040 loops=1)
        Buckets: 32768  Batches: 1  Memory Usage: 1391kB
        ->  Hash Join  (cost=74547.79..101729.80 rows=27153 width=8) (actual time=1258.201..1886.632 rows=29040 loops=1)
              Hash Cond: (mi_idx.movie_id = t.id)
              ->  Seq Scan on movie_info_idx mi_idx  (cost=0.00..21735.35 rows=1380035 width=4) (actual time=0.011..270.980 rows=1380035 loops=1)
              ->  Hash  (cost=73925.90..73925.90 rows=49751 width=4) (actual time=1257.722..1257.722 rows=56995 loops=1)
                    Buckets: 65536  Batches: 1  Memory Usage: 2516kB
                    ->  Seq Scan on title t  (cost=0.00..73925.90 rows=49751 width=4) (actual time=0.028..1233.525 rows=56995 loops=1)
                          Filter: ((kind_id > 1) AND (production_year = 2003))
                          Rows Removed by Filter: 2471317
Planning time: 1.358 ms
Execution time: 20283.766 ms
