Hash Join  (cost=442285.45..539666.78 rows=76917 width=0) (actual time=6910.218..10395.785 rows=4187030 loops=1)
  Hash Cond: (mk.movie_id = t.id)
  ->  Seq Scan on movie_keyword mk  (cost=0.00..81003.12 rows=1299209 width=4) (actual time=0.017..1450.047 rows=1304267 loops=1)
        Filter: (keyword_id < 1710)
        Rows Removed by Filter: 3219663
  ->  Hash  (cost=439829.23..439829.23 rows=149697 width=8) (actual time=6909.138..6909.138 rows=310737 loops=1)
        Buckets: 131072 (originally 131072)  Batches: 8 (originally 2)  Memory Usage: 3073kB
        ->  Hash Join  (cost=83810.17..439829.23 rows=149697 width=8) (actual time=5408.690..6805.757 rows=310737 loops=1)
              Hash Cond: (mi.movie_id = t.id)
              ->  Seq Scan on movie_info mi  (cost=0.00..346232.03 rows=383217 width=4) (actual time=4035.246..5031.803 rows=368218 loops=1)
                    Filter: (info_type_id = 17)
                    Rows Removed by Filter: 14467502
              ->  Hash  (cost=67604.59..67604.59 rows=987727 width=4) (actual time=1334.020..1334.020 rows=985048 loops=1)
                    Buckets: 131072  Batches: 16  Memory Usage: 3197kB
                    ->  Seq Scan on title t  (cost=0.00..67604.59 rows=987727 width=4) (actual time=0.034..1020.879 rows=985048 loops=1)
                          Filter: (kind_id < 7)
                          Rows Removed by Filter: 1543264
Planning time: 1.209 ms
Execution time: 10862.866 ms
