Hash Join  (cost=160793.57..246838.33 rows=797524 width=0) (actual time=3650.989..6086.374 rows=890517 loops=1)
  Hash Cond: (mc.movie_id = t.id)
  ->  Seq Scan on movie_companies mc  (cost=0.00..44881.29 rows=2609129 width=4) (actual time=0.027..973.954 rows=2609129 loops=1)
  ->  Hash  (cost=148112.48..148112.48 rows=772887 width=8) (actual time=3444.034..3444.034 rows=425568 loops=1)
        Buckets: 131072  Batches: 16  Memory Usage: 2062kB
        ->  Hash Join  (cost=97159.13..148112.48 rows=772887 width=8) (actual time=2153.807..3316.389 rows=425568 loops=1)
              Hash Cond: (mi_idx.movie_id = t.id)
              ->  Seq Scan on movie_info_idx mi_idx  (cost=0.00..21735.35 rows=1380035 width=4) (actual time=0.013..449.545 rows=1380035 loops=1)
              ->  Hash  (cost=73925.90..73925.90 rows=1416098 width=4) (actual time=1843.784..1843.784 rows=1478412 loops=1)
                    Buckets: 131072  Batches: 32  Memory Usage: 2650kB
                    ->  Seq Scan on title t  (cost=0.00..73925.90 rows=1416098 width=4) (actual time=0.008..1385.367 rows=1478412 loops=1)
                          Filter: ((production_year > 1938) AND (kind_id = 7))
                          Rows Removed by Filter: 1049900
Planning time: 1.185 ms
Execution time: 6183.680 ms
