Seq Scan on movie_keyword mk  (cost=0.00..81003.12 rows=246 width=0) (actual time=0.890..1234.652 rows=2223 loops=1)
  Filter: (keyword_id = 2048)
  Rows Removed by Filter: 4521707
Planning time: 0.373 ms
Execution time: 1235.368 ms
