Seq Scan on cast_info ci  (cost=0.00..796071.18 rows=6849247 width=0) (actual time=476.412..13775.658 rows=10809174 loops=1)
  Filter: ((person_id > 2094284) AND (role_id > 2))
  Rows Removed by Filter: 25435170
Planning time: 0.364 ms
Execution time: 15048.266 ms
