Seq Scan on movie_keyword mk  (cost=0.00..81003.12 rows=246 width=0) (actual time=0.086..1257.140 rows=5916 loops=1)
  Filter: (keyword_id = 807)
  Rows Removed by Filter: 4518014
Planning time: 0.390 ms
Execution time: 1258.598 ms
