Seq Scan on cast_info ci  (cost=0.00..796071.18 rows=332 width=0) (actual time=2799.744..14784.543 rows=121 loops=1)
  Filter: ((role_id < 4) AND (person_id = 1560543))
  Rows Removed by Filter: 36244223
Planning time: 0.393 ms
Execution time: 14784.702 ms
