Seq Scan on title t  (cost=0.00..67604.59 rows=2260672 width=0) (actual time=0.012..1297.084 rows=2253222 loops=1)
  Filter: (production_year > 1955)
  Rows Removed by Filter: 275090
Planning time: 0.227 ms
Execution time: 1577.246 ms
