Seq Scan on movie_companies mc  (cost=0.00..51404.11 rows=935910 width=0) (actual time=0.022..923.681 rows=934942 loops=1)
  Filter: (company_id < 3401)
  Rows Removed by Filter: 1674187
Planning time: 0.357 ms
Execution time: 1038.904 ms
