Hash Join  (cost=207962.94..609171.35 rows=1474966 width=0) (actual time=5165.036..12250.916 rows=1074578 loops=1)
  Hash Cond: (mi.movie_id = t.id)
  ->  Seq Scan on movie_info mi  (cost=0.00..346232.03 rows=3068194 width=4) (actual time=504.145..5911.544 rows=3036719 loops=1)
        Filter: (info_type_id = 16)
        Rows Removed by Filter: 11799001
  ->  Hash  (cost=188019.77..188019.77 rows=1215533 width=8) (actual time=4659.695..4659.695 rows=545651 loops=1)
        Buckets: 131072  Batches: 16  Memory Usage: 2339kB
        ->  Hash Join  (cost=92883.59..188019.77 rows=1215533 width=8) (actual time=1746.584..4510.717 rows=545651 loops=1)
              Hash Cond: (mc.movie_id = t.id)
              ->  Seq Scan on movie_companies mc  (cost=0.00..51404.11 rows=1994749 width=4) (actual time=0.029..1165.639 rows=1990426 loops=1)
                    Filter: (company_id < 62637)
                    Rows Removed by Filter: 618703
              ->  Hash  (cost=67604.59..67604.59 rows=1540800 width=4) (actual time=1745.883..1745.883 rows=1543264 loops=1)
                    Buckets: 131072  Batches: 32  Memory Usage: 2722kB
                    ->  Seq Scan on title t  (cost=0.00..67604.59 rows=1540800 width=4) (actual time=108.382..1260.056 rows=1543264 loops=1)
                          Filter: (kind_id = 7)
                          Rows Removed by Filter: 985048
Planning time: 0.798 ms
Execution time: 12368.145 ms
