Hash Join  (cost=263115.61..1355742.15 rows=15952458 width=0) (actual time=6052.858..37497.535 rows=34256024 loops=1)
  Hash Cond: (ci.movie_id = t.id)
  ->  Seq Scan on cast_info ci  (cost=0.00..705507.15 rows=15459650 width=4) (actual time=32.439..13273.790 rows=15333103 loops=1)
        Filter: (person_id < 1510525)
        Rows Removed by Filter: 20911241
  ->  Hash  (cost=220309.49..220309.49 rows=2609129 width=8) (actual time=6019.405..6019.405 rows=2609129 loops=1)
        Buckets: 131072  Batches: 64  Memory Usage: 2610kB
        ->  Hash Join  (cost=102767.86..220309.49 rows=2609129 width=8) (actual time=1824.031..5282.692 rows=2609129 loops=1)
              Hash Cond: (mc.movie_id = t.id)
              ->  Seq Scan on movie_companies mc  (cost=0.00..44881.29 rows=2609129 width=4) (actual time=0.030..930.675 rows=2609129 loops=1)
              ->  Hash  (cost=61283.27..61283.27 rows=2528527 width=4) (actual time=1822.275..1822.275 rows=2528312 loops=1)
                    Buckets: 131072  Batches: 64  Memory Usage: 2415kB
                    ->  Seq Scan on title t  (cost=0.00..61283.27 rows=2528527 width=4) (actual time=0.017..1004.350 rows=2528312 loops=1)
Planning time: 1.978 ms
Execution time: 41337.000 ms
