Hash Join  (cost=102767.86..1116885.15 rows=8651084 width=0) (actual time=2159.319..26800.646 rows=11454007 loops=1)
  Hash Cond: (ci.movie_id = t.id)
  ->  Seq Scan on cast_info ci  (cost=0.00..796071.18 rows=8651084 width=4) (actual time=0.027..15354.135 rows=11454007 loops=1)
        Filter: ((person_id > 1657032) AND (role_id > 2))
        Rows Removed by Filter: 24790337
  ->  Hash  (cost=61283.27..61283.27 rows=2528527 width=4) (actual time=2158.096..2158.096 rows=2528312 loops=1)
        Buckets: 131072  Batches: 64  Memory Usage: 2415kB
        ->  Seq Scan on title t  (cost=0.00..61283.27 rows=2528527 width=4) (actual time=0.016..1060.425 rows=2528312 loops=1)
Planning time: 0.568 ms
Execution time: 28071.731 ms
