Hash Join  (cost=73682.66..160361.24 rows=2054 width=0) (actual time=1013.589..2826.811 rows=7055 loops=1)
  Hash Cond: (mk.movie_id = t.id)
  ->  Seq Scan on movie_keyword mk  (cost=0.00..69693.30 rows=4523930 width=4) (actual time=0.019..1019.508 rows=4523930 loops=1)
  ->  Hash  (cost=73668.31..73668.31 rows=1148 width=8) (actual time=1001.544..1001.544 rows=1565 loops=1)
        Buckets: 2048  Batches: 1  Memory Usage: 78kB
        ->  Nested Loop  (cost=0.43..73668.31 rows=1148 width=8) (actual time=0.092..1000.535 rows=1565 loops=1)
              ->  Seq Scan on movie_companies mc  (cost=0.00..51404.11 rows=2870 width=4) (actual time=0.069..876.426 rows=3722 loops=1)
                    Filter: (company_id = 139)
                    Rows Removed by Filter: 2605407
              ->  Index Scan using title_pkey on title t  (cost=0.43..7.75 rows=1 width=4) (actual time=0.032..0.033 rows=0 loops=3722)
                    Index Cond: (id = mc.movie_id)
                    Filter: (production_year > 2005)
                    Rows Removed by Filter: 1
Planning time: 1.576 ms
Execution time: 2827.930 ms
