Hash Join  (cost=167338.71..194525.45 rows=27626 width=0) (actual time=3113.034..4164.123 rows=459325 loops=1)
  Hash Cond: (mi_idx.movie_id = t.id)
  ->  Seq Scan on movie_info_idx mi_idx  (cost=0.00..21735.35 rows=1380035 width=4) (actual time=0.022..427.576 rows=1380035 loops=1)
  ->  Hash  (cost=166706.00..166706.00 rows=50617 width=8) (actual time=3112.523..3112.523 rows=192790 loops=1)
        Buckets: 131072 (originally 65536)  Batches: 4 (originally 1)  Memory Usage: 3073kB
        ->  Hash Join  (cost=77429.84..166706.00 rows=50617 width=8) (actual time=1516.768..3049.788 rows=192790 loops=1)
              Hash Cond: (mk.movie_id = t.id)
              ->  Seq Scan on movie_keyword mk  (cost=0.00..81003.12 rows=599430 width=4) (actual time=0.021..1425.506 rows=603050 loops=1)
                    Filter: (keyword_id < 449)
                    Rows Removed by Filter: 3920880
              ->  Hash  (cost=73925.90..73925.90 rows=213515 width=4) (actual time=1254.014..1254.014 rows=341626 loops=1)
                    Buckets: 131072  Batches: 4  Memory Usage: 4038kB
                    ->  Seq Scan on title t  (cost=0.00..73925.90 rows=213515 width=4) (actual time=216.137..1145.251 rows=341626 loops=1)
                          Filter: ((production_year < 1995) AND (kind_id = 1))
                          Rows Removed by Filter: 2186686
Planning time: 6.263 ms
Execution time: 4205.905 ms
