Hash Join  (cost=81573.24..114760.11 rows=84976 width=0) (actual time=1364.859..2148.858 rows=116901 loops=1)
  Hash Cond: (mi_idx.movie_id = t.id)
  ->  Seq Scan on movie_info_idx mi_idx  (cost=0.00..25185.44 rows=460978 width=4) (actual time=0.020..469.006 rows=459925 loops=1)
        Filter: (info_type_id < 100)
        Rows Removed by Filter: 920110
  ->  Hash  (cost=73925.90..73925.90 rows=466107 width=4) (actual time=1363.614..1363.614 rows=396359 loops=1)
        Buckets: 131072  Batches: 8  Memory Usage: 2762kB
        ->  Seq Scan on title t  (cost=0.00..73925.90 rows=466107 width=4) (actual time=0.027..1237.598 rows=396359 loops=1)
              Filter: ((kind_id < 7) AND (production_year > 2003))
              Rows Removed by Filter: 2131953
Planning time: 0.771 ms
Execution time: 2163.833 ms
