Hash Join  (cost=190230.21..1097284.80 rows=3385988 width=0) (actual time=4725.002..21873.882 rows=4910702 loops=1)
  Hash Cond: (ci.movie_id = t.id)
  ->  Seq Scan on cast_info ci  (cost=0.00..796071.18 rows=6203874 width=4) (actual time=0.025..13099.326 rows=3842994 loops=1)
        Filter: ((person_id < 1364901) AND (role_id > 2))
        Rows Removed by Filter: 32401350
  ->  Hash  (cost=167588.78..167588.78 rows=1380035 width=8) (actual time=4723.987..4723.987 rows=1380035 loops=1)
        Buckets: 131072  Batches: 32  Memory Usage: 2708kB
        ->  Hash Join  (cost=102767.86..167588.78 rows=1380035 width=8) (actual time=1915.570..4296.489 rows=1380035 loops=1)
              Hash Cond: (mi_idx.movie_id = t.id)
              ->  Seq Scan on movie_info_idx mi_idx  (cost=0.00..21735.35 rows=1380035 width=4) (actual time=0.014..434.976 rows=1380035 loops=1)
              ->  Hash  (cost=61283.27..61283.27 rows=2528527 width=4) (actual time=1913.769..1913.769 rows=2528312 loops=1)
                    Buckets: 131072  Batches: 64  Memory Usage: 2415kB
                    ->  Seq Scan on title t  (cost=0.00..61283.27 rows=2528527 width=4) (actual time=0.008..1074.058 rows=2528312 loops=1)
Planning time: 1.224 ms
Execution time: 22425.293 ms
