Hash Join  (cost=102767.86..188244.65 rows=734391 width=0) (actual time=2015.354..4210.696 rows=1012096 loops=1)
  Hash Cond: (mc.movie_id = t.id)
  ->  Seq Scan on movie_companies mc  (cost=0.00..57926.93 rows=734391 width=4) (actual time=0.014..1150.671 rows=1012096 loops=1)
        Filter: ((company_id < 13682) AND (company_type_id < 2))
        Rows Removed by Filter: 1597033
  ->  Hash  (cost=61283.27..61283.27 rows=2528527 width=4) (actual time=2013.491..2013.491 rows=2528312 loops=1)
        Buckets: 131072  Batches: 64  Memory Usage: 2415kB
        ->  Seq Scan on title t  (cost=0.00..61283.27 rows=2528527 width=4) (actual time=0.026..1186.537 rows=2528312 loops=1)
Planning time: 0.595 ms
Execution time: 4311.103 ms
