Hash Join  (cost=174605.00..633433.55 rows=913808 width=0) (actual time=3655.698..14143.083 rows=2070298 loops=1)
  Hash Cond: (mi.movie_id = t.id)
  ->  Seq Scan on movie_info mi  (cost=0.00..346232.03 rows=8859586 width=4) (actual time=187.187..6716.873 rows=8966694 loops=1)
        Filter: (info_type_id < 15)
        Rows Removed by Filter: 5869026
  ->  Hash  (cost=170325.99..170325.99 rows=260801 width=8) (actual time=3467.638..3467.638 rows=257045 loops=1)
        Buckets: 131072  Batches: 4  Memory Usage: 3549kB
        ->  Hash Join  (cost=102767.86..170325.99 rows=260801 width=8) (actual time=1994.538..3403.978 rows=257045 loops=1)
              Hash Cond: (mc.movie_id = t.id)
              ->  Seq Scan on movie_companies mc  (cost=0.00..51404.11 rows=260801 width=4) (actual time=0.026..864.564 rows=257045 loops=1)
                    Filter: (company_id < 127)
                    Rows Removed by Filter: 2352084
              ->  Hash  (cost=61283.27..61283.27 rows=2528527 width=4) (actual time=1993.386..1993.386 rows=2528312 loops=1)
                    Buckets: 131072  Batches: 64  Memory Usage: 2415kB
                    ->  Seq Scan on title t  (cost=0.00..61283.27 rows=2528527 width=4) (actual time=0.013..1154.218 rows=2528312 loops=1)
Planning time: 6.170 ms
Execution time: 14336.441 ms
