Seq Scan on cast_info ci  (cost=0.00..796071.18 rows=2472465 width=0) (actual time=5592.046..13466.063 rows=5307579 loops=1)
  Filter: ((person_id > 2496905) AND (role_id > 7))
  Rows Removed by Filter: 30936765
Planning time: 0.359 ms
Execution time: 14111.844 ms
