Hash Join  (cost=97725.07..1447004.32 rows=26302207 width=0) (actual time=2255.410..41251.525 rows=28103282 loops=1)
  Hash Cond: (ci.movie_id = t.id)
  ->  Seq Scan on cast_info ci  (cost=0.00..614943.12 rows=36225612 width=4) (actual time=0.022..13014.274 rows=36244344 loops=1)
  ->  Hash  (cost=67604.59..67604.59 rows=1835879 width=4) (actual time=2254.580..2254.580 rows=1833367 loops=1)
        Buckets: 131072  Batches: 32  Memory Usage: 3045kB
        ->  Seq Scan on title t  (cost=0.00..67604.59 rows=1835879 width=4) (actual time=0.022..1369.810 rows=1833367 loops=1)
              Filter: (production_year > 1986)
              Rows Removed by Filter: 694945
Planning time: 0.810 ms
Execution time: 44403.821 ms
