Hash Join  (cost=190198.47..1069151.96 rows=2440463 width=0) (actual time=4149.807..27806.323 rows=8828567 loops=1)
  Hash Cond: (ci.movie_id = t.id)
  ->  Seq Scan on cast_info ci  (cost=0.00..705507.15 rows=12726058 width=4) (actual time=0.013..14817.910 rows=12670688 loops=1)
        Filter: (role_id = 1)
        Rows Removed by Filter: 23573656
  ->  Hash  (cost=182242.30..182242.30 rows=484893 width=8) (actual time=4148.847..4148.847 rows=693854 loops=1)
        Buckets: 131072 (originally 131072)  Batches: 16 (originally 8)  Memory Usage: 3073kB
        ->  Hash Join  (cost=102767.86..182242.30 rows=484893 width=8) (actual time=2052.450..3957.460 rows=693854 loops=1)
              Hash Cond: (mc.movie_id = t.id)
              ->  Seq Scan on movie_companies mc  (cost=0.00..57926.93 rows=484893 width=4) (actual time=0.027..980.870 rows=693854 loops=1)
                    Filter: ((company_id < 4599) AND (company_type_id < 2))
                    Rows Removed by Filter: 1915275
              ->  Hash  (cost=61283.27..61283.27 rows=2528527 width=4) (actual time=2047.909..2047.909 rows=2528312 loops=1)
                    Buckets: 131072  Batches: 64  Memory Usage: 2415kB
                    ->  Seq Scan on title t  (cost=0.00..61283.27 rows=2528527 width=4) (actual time=0.018..1044.301 rows=2528312 loops=1)
Planning time: 1.215 ms
Execution time: 28826.375 ms
