Hash Join  (cost=86138.21..1315208.06 rows=10565718 width=0) (actual time=1715.266..40628.165 rows=12059541 loops=1)
  Hash Cond: (ci.movie_id = t.id)
  ->  Seq Scan on cast_info ci  (cost=0.00..705507.15 rows=35891607 width=4) (actual time=0.012..17047.357 rows=35881038 loops=1)
        Filter: (person_id < 3995162)
        Rows Removed by Filter: 363306
  ->  Hash  (cost=73925.90..73925.90 rows=744344 width=4) (actual time=1714.353..1714.353 rows=796638 loops=1)
        Buckets: 131072  Batches: 16  Memory Usage: 2779kB
        ->  Seq Scan on title t  (cost=0.00..73925.90 rows=744344 width=4) (actual time=0.020..1458.873 rows=796638 loops=1)
              Filter: ((kind_id > 1) AND (production_year > 2005))
              Rows Removed by Filter: 1731674
Planning time: 0.624 ms
Execution time: 42023.670 ms
