Hash Join  (cost=102767.86..175868.49 rows=220043 width=0) (actual time=2030.684..3519.636 rows=436761 loops=1)
  Hash Cond: (mc.movie_id = t.id)
  ->  Seq Scan on movie_companies mc  (cost=0.00..57926.93 rows=220043 width=4) (actual time=208.012..950.531 rows=436761 loops=1)
        Filter: ((company_id > 78548) AND (company_type_id > 1))
        Rows Removed by Filter: 2172368
  ->  Hash  (cost=61283.27..61283.27 rows=2528527 width=4) (actual time=1821.615..1821.615 rows=2528312 loops=1)
        Buckets: 131072  Batches: 64  Memory Usage: 2415kB
        ->  Seq Scan on title t  (cost=0.00..61283.27 rows=2528527 width=4) (actual time=0.034..1007.919 rows=2528312 loops=1)
Planning time: 0.789 ms
Execution time: 3569.185 ms
