Seq Scan on movie_keyword mk  (cost=0.00..81003.12 rows=3112500 width=0) (actual time=0.023..1469.707 rows=3095115 loops=1)
  Filter: (keyword_id > 1962)
  Rows Removed by Filter: 1428815
Planning time: 4.066 ms
Execution time: 1847.506 ms
