Hash Join  (cost=123028.54..188967.77 rows=42700 width=0) (actual time=2780.100..3915.115 rows=103087 loops=1)
  Hash Cond: (mc.movie_id = t.id)
  ->  Seq Scan on movie_companies mc  (cost=0.00..57926.93 rows=594479 width=4) (actual time=175.103..1026.208 rows=378824 loops=1)
        Filter: ((company_id < 9530) AND (company_type_id > 1))
        Rows Removed by Filter: 2230305
  ->  Hash  (cost=120048.30..120048.30 rows=181619 width=8) (actual time=2604.188..2604.188 rows=318279 loops=1)
        Buckets: 131072 (originally 131072)  Batches: 8 (originally 4)  Memory Usage: 3073kB
        ->  Hash Join  (cost=83810.17..120048.30 rows=181619 width=8) (actual time=1512.606..2523.511 rows=318279 loops=1)
              Hash Cond: (mi_idx.movie_id = t.id)
              ->  Seq Scan on movie_info_idx mi_idx  (cost=0.00..25185.44 rows=464934 width=4) (actual time=0.021..456.906 rows=460185 loops=1)
                    Filter: (info_type_id > 100)
                    Rows Removed by Filter: 919850
              ->  Hash  (cost=67604.59..67604.59 rows=987727 width=4) (actual time=1511.789..1511.789 rows=985048 loops=1)
                    Buckets: 131072  Batches: 16  Memory Usage: 3188kB
                    ->  Seq Scan on title t  (cost=0.00..67604.59 rows=987727 width=4) (actual time=0.025..1207.507 rows=985048 loops=1)
                          Filter: (kind_id < 7)
                          Rows Removed by Filter: 1543264
Planning time: 1.137 ms
Execution time: 3928.388 ms
