Hash Join  (cost=284966.72..1351448.85 rows=14457948 width=0) (actual time=6230.192..41693.628 rows=49084142 loops=1)
  Hash Cond: (ci.movie_id = t.id)
  ->  Seq Scan on cast_info ci  (cost=0.00..705507.15 rows=16201301 width=4) (actual time=0.028..14602.880 rows=16121683 loops=1)
        Filter: (role_id > 2)
        Rows Removed by Filter: 20122661
  ->  Hash  (cost=247946.18..247946.18 rows=2256443 width=8) (actual time=6228.539..6228.539 rows=2260320 loops=1)
        Buckets: 131072  Batches: 32  Memory Usage: 3769kB
        ->  Hash Join  (cost=102767.86..247946.18 rows=2256443 width=8) (actual time=1970.169..5629.359 rows=2260320 loops=1)
              Hash Cond: (mk.movie_id = t.id)
              ->  Seq Scan on movie_keyword mk  (cost=0.00..81003.12 rows=2256443 width=4) (actual time=0.020..1622.437 rows=2260320 loops=1)
                    Filter: (keyword_id < 4690)
                    Rows Removed by Filter: 2263610
              ->  Hash  (cost=61283.27..61283.27 rows=2528527 width=4) (actual time=1968.940..1968.940 rows=2528312 loops=1)
                    Buckets: 131072  Batches: 64  Memory Usage: 2425kB
                    ->  Seq Scan on title t  (cost=0.00..61283.27 rows=2528527 width=4) (actual time=0.019..1120.682 rows=2528312 loops=1)
Planning time: 1.178 ms
Execution time: 47199.736 ms
