Seq Scan on cast_info ci  (cost=0.00..796071.18 rows=3945055 width=0) (actual time=3922.997..11126.358 rows=1887239 loops=1)
  Filter: ((person_id > 3230367) AND (role_id < 10))
  Rows Removed by Filter: 34357105
Planning time: 0.367 ms
Execution time: 11356.853 ms
