Hash Join  (cost=87642.27..455936.45 rows=417969 width=0) (actual time=4247.076..7537.354 rows=341529 loops=1)
  Hash Cond: (mi.movie_id = t.id)
  ->  Seq Scan on movie_info mi  (cost=0.00..346232.03 rows=1264125 width=4) (actual time=2774.801..4963.604 rows=1288928 loops=1)
        Filter: (info_type_id = 2)
        Rows Removed by Filter: 13546792
  ->  Hash  (cost=73925.90..73925.90 rows=836029 width=4) (actual time=1471.030..1471.030 rows=742319 loops=1)
        Buckets: 131072  Batches: 16  Memory Usage: 2663kB
        ->  Seq Scan on title t  (cost=0.00..73925.90 rows=836029 width=4) (actual time=0.023..1223.709 rows=742319 loops=1)
              Filter: ((kind_id > 1) AND (production_year < 2002))
              Rows Removed by Filter: 1785993
Planning time: 0.832 ms
Execution time: 7583.426 ms
