Hash Join  (cost=106809.92..1344828.34 rows=22208649 width=0) (actual time=2112.604..39161.376 rows=23130906 loops=1)
  Hash Cond: (ci.movie_id = t.id)
  ->  Seq Scan on cast_info ci  (cost=0.00..705507.15 rows=23499554 width=4) (actual time=0.014..16013.709 rows=23573656 loops=1)
        Filter: (role_id > 1)
        Rows Removed by Filter: 12670688
  ->  Hash  (cost=67604.59..67604.59 rows=2389627 width=4) (actual time=2111.541..2111.541 rows=2382866 loops=1)
        Buckets: 131072  Batches: 32  Memory Usage: 3644kB
        ->  Seq Scan on title t  (cost=0.00..67604.59 rows=2389627 width=4) (actual time=0.012..1360.386 rows=2382866 loops=1)
              Filter: (production_year > 1916)
              Rows Removed by Filter: 145446
Planning time: 0.767 ms
Execution time: 41854.816 ms
