Hash Join  (cost=227955.98..1198704.30 rows=5434668 width=0) (actual time=6547.326..47337.683 rows=62740045 loops=1)
  Hash Cond: (ci.movie_id = t.id)
  ->  Seq Scan on cast_info ci  (cost=0.00..705507.15 rows=16201301 width=4) (actual time=0.023..14697.881 rows=16121683 loops=1)
        Filter: (role_id > 2)
        Rows Removed by Filter: 20122661
  ->  Hash  (cost=214039.67..214039.67 rows=848185 width=8) (actual time=6545.774..6545.774 rows=2498581 loops=1)
        Buckets: 131072 (originally 131072)  Batches: 64 (originally 16)  Memory Usage: 4060kB
        ->  Hash Join  (cost=81703.78..214039.67 rows=848185 width=8) (actual time=1472.087..5596.618 rows=2498581 loops=1)
              Hash Cond: (mk.movie_id = t.id)
              ->  Seq Scan on movie_keyword mk  (cost=0.00..69693.30 rows=4523930 width=4) (actual time=0.026..1400.873 rows=4523930 loops=1)
              ->  Hash  (cost=73925.90..73925.90 rows=474070 width=4) (actual time=1471.219..1471.219 rows=496025 loops=1)
                    Buckets: 131072  Batches: 8  Memory Usage: 3223kB
                    ->  Seq Scan on title t  (cost=0.00..73925.90 rows=474070 width=4) (actual time=620.652..1311.237 rows=496025 loops=1)
                          Filter: ((production_year < 2009) AND (kind_id = 1))
                          Rows Removed by Filter: 2032287
Planning time: 1.204 ms
Execution time: 54701.853 ms
