Seq Scan on movie_keyword mk  (cost=0.00..81003.12 rows=3135064 width=0) (actual time=0.029..1626.122 rows=3118955 loops=1)
  Filter: (keyword_id > 1907)
  Rows Removed by Filter: 1404975
Planning time: 0.345 ms
Execution time: 2006.269 ms
