Hash Join  (cost=123631.56..233055.27 rows=167907 width=0) (actual time=3260.027..6559.373 rows=2458028 loops=1)
  Hash Cond: (mk.movie_id = t.id)
  ->  Seq Scan on movie_keyword mk  (cost=0.00..81003.12 rows=2248937 width=4) (actual time=0.021..1320.730 rows=2247131 loops=1)
        Filter: (keyword_id > 4801)
        Rows Removed by Filter: 2276799
  ->  Hash  (cost=120533.80..120533.80 rows=188781 width=8) (actual time=3258.884..3258.884 rows=436221 loops=1)
        Buckets: 131072 (originally 131072)  Batches: 8 (originally 4)  Memory Usage: 3173kB
        ->  Hash Join  (cost=79601.51..120533.80 rows=188781 width=8) (actual time=1940.690..3128.607 rows=436221 loops=1)
              Hash Cond: (mi_idx.movie_id = t.id)
              ->  Seq Scan on movie_info_idx mi_idx  (cost=0.00..21735.35 rows=1380035 width=4) (actual time=0.018..404.756 rows=1380035 loops=1)
              ->  Hash  (cost=73925.90..73925.90 rows=345888 width=4) (actual time=1939.861..1939.861 rows=457402 loops=1)
                    Buckets: 131072  Batches: 8  Memory Usage: 3047kB
                    ->  Seq Scan on title t  (cost=0.00..73925.90 rows=345888 width=4) (actual time=0.021..1208.692 rows=457402 loops=1)
                          Filter: ((kind_id < 7) AND (production_year < 1997))
                          Rows Removed by Filter: 2070910
Planning time: 1.192 ms
Execution time: 6843.716 ms
