Hash Join  (cost=129928.86..303192.81 rows=2122574 width=106) (actual time=2667.342..7082.604 rows=2118705 loops=1)
  Hash Cond: (mk.movie_id = t.id)
  ->  Seq Scan on movie_keyword mk  (cost=0.00..81003.12 rows=2122574 width=12) (actual time=0.015..1921.230 rows=2118705 loops=1)
        Filter: (keyword_id > 5603)
        Rows Removed by Filter: 2405225
  ->  Hash  (cost=61283.27..61283.27 rows=2528527 width=94) (actual time=2665.549..2665.549 rows=2528312 loops=1)
        Buckets: 32768  Batches: 128  Memory Usage: 2470kB
        ->  Seq Scan on title t  (cost=0.00..61283.27 rows=2528527 width=94) (actual time=0.007..1351.972 rows=2528312 loops=1)
Planning time: 2.382 ms
Execution time: 7198.073 ms
