Seq Scan on movie_companies mc  (cost=0.00..57926.93 rows=2133 width=0) (actual time=241.911..779.493 rows=4134 loops=1)
  Filter: ((company_id = 258) AND (company_type_id = 1))
  Rows Removed by Filter: 2604995
Planning time: 0.411 ms
Execution time: 780.353 ms
