Hash Join  (cost=78556.72..218772.81 rows=1052156 width=0) (actual time=1301.399..5514.759 rows=2517117 loops=1)
  Hash Cond: (mk.movie_id = t.id)
  ->  Seq Scan on movie_keyword mk  (cost=0.00..81003.12 rows=3985439 width=4) (actual time=0.023..1669.105 rows=3992604 loops=1)
        Filter: (keyword_id < 34360)
        Rows Removed by Filter: 531326
  ->  Hash  (cost=67604.59..67604.59 rows=667531 width=4) (actual time=1300.073..1300.073 rows=662825 loops=1)
        Buckets: 131072  Batches: 16  Memory Usage: 2486kB
        ->  Seq Scan on title t  (cost=0.00..67604.59 rows=667531 width=4) (actual time=0.010..1071.532 rows=662825 loops=1)
              Filter: (kind_id = 1)
              Rows Removed by Filter: 1865487
Planning time: 0.729 ms
Execution time: 5828.597 ms
