Seq Scan on movie_companies mc  (cost=0.00..51404.11 rows=104 width=0) (actual time=0.242..754.294 rows=208 loops=1)
  Filter: (company_id = 11213)
  Rows Removed by Filter: 2608921
Planning time: 0.375 ms
Execution time: 754.445 ms
