Hash Join  (cost=828074.43..979612.84 rows=567672 width=0) (actual time=19161.055..22427.821 rows=677442 loops=1)
  Hash Cond: (mk.movie_id = t.id)
  ->  Seq Scan on movie_keyword mk  (cost=0.00..69693.30 rows=4523930 width=4) (actual time=0.016..1226.986 rows=4523930 loops=1)
  ->  Hash  (cost=822868.37..822868.37 rows=317285 width=8) (actual time=19158.247..19158.247 rows=313066 loops=1)
        Buckets: 131072  Batches: 8  Memory Usage: 2529kB
        ->  Hash Join  (cost=68426.36..822868.37 rows=317285 width=8) (actual time=3993.768..18757.747 rows=313066 loops=1)
              Hash Cond: (ci.movie_id = t.id)
              ->  Seq Scan on cast_info ci  (cost=0.00..705507.15 rows=12203201 width=4) (actual time=2882.579..14254.251 rows=12113646 loops=1)
                    Filter: (role_id > 3)
                    Rows Removed by Filter: 24130698
              ->  Hash  (cost=67604.59..67604.59 rows=65742 width=4) (actual time=1110.505..1110.505 rows=63827 loops=1)
                    Buckets: 131072  Batches: 1  Memory Usage: 3268kB
                    ->  Seq Scan on title t  (cost=0.00..67604.59 rows=65742 width=4) (actual time=0.028..1082.803 rows=63827 loops=1)
                          Filter: (production_year = 2013)
                          Rows Removed by Filter: 2464485
Planning time: 1.178 ms
Execution time: 22506.140 ms
