Hash Join  (cost=94746.51..244411.08 rows=2270454 width=0) (actual time=1910.129..5765.543 rows=633296 loops=1)
  Hash Cond: (mk.movie_id = t.id)
  ->  Seq Scan on movie_keyword mk  (cost=0.00..69693.30 rows=4523930 width=4) (actual time=0.017..1363.093 rows=4523930 loops=1)
  ->  Hash  (cost=73925.90..73925.90 rows=1269008 width=4) (actual time=1869.084..1869.084 rows=1233025 loops=1)
        Buckets: 131072  Batches: 32  Memory Usage: 2381kB
        ->  Seq Scan on title t  (cost=0.00..73925.90 rows=1269008 width=4) (actual time=0.027..1432.422 rows=1233025 loops=1)
              Filter: ((kind_id > 4) AND (production_year < 2011))
              Rows Removed by Filter: 1295287
Planning time: 0.783 ms
Execution time: 5834.799 ms
