Seq Scan on movie_companies mc  (cost=0.00..51404.11 rows=2569975 width=0) (actual time=0.018..934.785 rows=2570848 loops=1)
  Filter: (company_id < 200831)
  Rows Removed by Filter: 38281
Planning time: 0.283 ms
Execution time: 1230.712 ms
