Seq Scan on movie_keyword mk  (cost=0.00..81003.12 rows=1344780 width=0) (actual time=0.024..1337.982 rows=1364075 loops=1)
  Filter: (keyword_id < 1780)
  Rows Removed by Filter: 3159855
Planning time: 0.329 ms
Execution time: 1505.973 ms
