Hash Join  (cost=67697.55..122439.81 rows=7674 width=0) (actual time=1033.266..2213.843 rows=20576 loops=1)
  Hash Cond: (mc.movie_id = t.id)
  ->  Seq Scan on movie_companies mc  (cost=0.00..44881.29 rows=2609129 width=4) (actual time=0.011..596.081 rows=2609129 loops=1)
  ->  Hash  (cost=67604.59..67604.59 rows=7437 width=4) (actual time=1033.100..1033.100 rows=16571 loops=1)
        Buckets: 32768 (originally 8192)  Batches: 1 (originally 1)  Memory Usage: 839kB
        ->  Seq Scan on title t  (cost=0.00..67604.59 rows=7437 width=4) (actual time=0.065..1025.413 rows=16571 loops=1)
              Filter: (production_year = 1984)
              Rows Removed by Filter: 2511741
Planning time: 0.775 ms
Execution time: 2217.261 ms
