Seq Scan on title t  (cost=0.00..73925.90 rows=4532 width=0) (actual time=0.021..1133.007 rows=6092 loops=1)
  Filter: ((kind_id = 7) AND (production_year = 1958))
  Rows Removed by Filter: 2522220
Planning time: 0.456 ms
Execution time: 1134.558 ms
