Hash Join  (cost=215833.08..335652.77 rows=1029463 width=0) (actual time=4889.579..9950.977 rows=11191213 loops=1)
  Hash Cond: (mk.movie_id = t.id)
  ->  Seq Scan on movie_keyword mk  (cost=0.00..81003.12 rows=2034381 width=4) (actual time=0.026..1573.220 rows=2039123 loops=1)
        Filter: (keyword_id < 3644)
        Rows Removed by Filter: 2484807
  ->  Hash  (cost=194840.12..194840.12 rows=1279517 width=8) (actual time=4887.830..4887.830 rows=1274246 loops=1)
        Buckets: 131072  Batches: 32  Memory Usage: 2633kB
        ->  Hash Join  (cost=102767.86..194840.12 rows=1279517 width=8) (actual time=2395.533..4500.989 rows=1274246 loops=1)
              Hash Cond: (mc.movie_id = t.id)
              ->  Seq Scan on movie_companies mc  (cost=0.00..51404.11 rows=1279517 width=4) (actual time=364.622..1026.682 rows=1274246 loops=1)
                    Filter: (company_type_id < 2)
                    Rows Removed by Filter: 1334883
              ->  Hash  (cost=61283.27..61283.27 rows=2528527 width=4) (actual time=2029.577..2029.577 rows=2528312 loops=1)
                    Buckets: 131072  Batches: 64  Memory Usage: 2415kB
                    ->  Seq Scan on title t  (cost=0.00..61283.27 rows=2528527 width=4) (actual time=0.026..1193.349 rows=2528312 loops=1)
Planning time: 1.139 ms
Execution time: 11029.359 ms
