Hash Join  (cost=81575.34..959514.77 rows=2346356 width=0) (actual time=3239.635..22918.185 rows=2982970 loops=1)
  Hash Cond: (ci.movie_id = t.id)
  ->  Seq Scan on cast_info ci  (cost=0.00..705507.15 rows=12726058 width=4) (actual time=1968.799..14514.843 rows=12670688 loops=1)
        Filter: (role_id = 1)
        Rows Removed by Filter: 23573656
  ->  Hash  (cost=73925.90..73925.90 rows=466195 width=4) (actual time=1269.920..1269.920 rows=516974 loops=1)
        Buckets: 131072  Batches: 8  Memory Usage: 3310kB
        ->  Seq Scan on title t  (cost=0.00..73925.90 rows=466195 width=4) (actual time=0.056..1106.637 rows=516974 loops=1)
              Filter: ((kind_id < 3) AND (production_year < 2007))
              Rows Removed by Filter: 2011338
Planning time: 1.872 ms
Execution time: 23288.842 ms
