Seq Scan on movie_companies mc  (cost=0.00..57926.93 rows=1017805 width=0) (actual time=0.032..1101.140 rows=727340 loops=1)
  Filter: ((company_id < 63237) AND (company_type_id = 2))
  Rows Removed by Filter: 1881789
Planning time: 0.454 ms
Execution time: 1191.591 ms
