Hash Join  (cost=338225.87..1095504.31 rows=20824481 width=0) (actual time=7897.621..66244.313 rows=194549180 loops=1)
  Hash Cond: (mi.movie_id = t.id)
  ->  Seq Scan on movie_info mi  (cost=0.00..309384.22 rows=14739122 width=4) (actual time=0.011..6316.774 rows=14835720 loops=1)
  ->  Hash  (cost=279613.83..279613.83 rows=3572483 width=8) (actual time=7895.561..7895.561 rows=3569414 loops=1)
        Buckets: 131072  Batches: 64  Memory Usage: 3300kB
        ->  Hash Join  (cost=102767.86..279613.83 rows=3572483 width=8) (actual time=1974.523..6860.402 rows=3569414 loops=1)
              Hash Cond: (mk.movie_id = t.id)
              ->  Seq Scan on movie_keyword mk  (cost=0.00..81003.12 rows=3572483 width=4) (actual time=0.031..1810.860 rows=3569414 loops=1)
                    Filter: (keyword_id > 890)
                    Rows Removed by Filter: 954516
              ->  Hash  (cost=61283.27..61283.27 rows=2528527 width=4) (actual time=1973.642..1973.642 rows=2528312 loops=1)
                    Buckets: 131072  Batches: 64  Memory Usage: 2425kB
                    ->  Seq Scan on title t  (cost=0.00..61283.27 rows=2528527 width=4) (actual time=0.019..1086.374 rows=2528312 loops=1)
Planning time: 1.203 ms
Execution time: 87953.818 ms
