Seq Scan on title t  (cost=0.00..73925.90 rows=514711 width=0) (actual time=286.462..1374.208 rows=386575 loops=1)
  Filter: ((production_year > 1979) AND (kind_id = 1))
  Rows Removed by Filter: 2141737
Planning time: 0.423 ms
Execution time: 1420.572 ms
