Hash Join  (cost=1191800.83..2322869.08 rows=48949200 width=0) (actual time=28019.511..76876.534 rows=125790032 loops=1)
  Hash Cond: (mi.movie_id = t.id)
  ->  Seq Scan on movie_info mi  (cost=0.00..309384.22 rows=14739122 width=4) (actual time=0.010..6343.247 rows=14835720 loops=1)
  ->  Hash  (cost=1054031.12..1054031.12 rows=8397337 width=8) (actual time=28015.320..28015.320 rows=8824474 loops=1)
        Buckets: 131072  Batches: 128  Memory Usage: 3756kB
        ->  Hash Join  (cost=94978.31..1054031.12 rows=8397337 width=8) (actual time=8048.241..25376.702 rows=8824474 loops=1)
              Hash Cond: (ci.movie_id = t.id)
              ->  Seq Scan on cast_info ci  (cost=0.00..705507.15 rows=12726058 width=4) (actual time=6188.914..14474.319 rows=12670688 loops=1)
                    Filter: (role_id = 1)
                    Rows Removed by Filter: 23573656
              ->  Hash  (cost=67604.59..67604.59 rows=1668458 width=4) (actual time=1858.307..1858.307 rows=1671292 loops=1)
                    Buckets: 131072  Batches: 32  Memory Usage: 2858kB
                    ->  Seq Scan on title t  (cost=0.00..67604.59 rows=1668458 width=4) (actual time=0.034..1324.989 rows=1671292 loops=1)
                          Filter: (production_year < 2008)
                          Rows Removed by Filter: 857020
Planning time: 1.153 ms
Execution time: 90713.480 ms
