Hash Join  (cost=602428.75..2137498.64 rows=35572166 width=0) (actual time=13818.304..57501.272 rows=49257909 loops=1)
  Hash Cond: (ci.movie_id = t.id)
  ->  Seq Scan on cast_info ci  (cost=0.00..614943.12 rows=36225612 width=4) (actual time=0.013..13790.114 rows=36244344 loops=1)
  ->  Hash  (cost=561693.29..561693.29 rows=2482917 width=8) (actual time=13816.428..13816.428 rows=1878555 loops=1)
        Buckets: 131072  Batches: 64  Memory Usage: 2161kB
        ->  Hash Join  (cost=78473.92..561693.29 rows=2482917 width=8) (actual time=2199.652..13262.018 rows=1878555 loops=1)
              Hash Cond: (mi.movie_id = t.id)
              ->  Seq Scan on movie_info mi  (cost=0.00..346232.03 rows=9476311 width=4) (actual time=811.527..6732.293 rows=9565151 loops=1)
                    Filter: (info_type_id < 16)
                    Rows Removed by Filter: 5270569
              ->  Hash  (cost=67604.59..67604.59 rows=662507 width=4) (actual time=1386.990..1386.990 rows=662065 loops=1)
                    Buckets: 131072  Batches: 16  Memory Usage: 2487kB
                    ->  Seq Scan on title t  (cost=0.00..67604.59 rows=662507 width=4) (actual time=0.027..1160.480 rows=662065 loops=1)
                          Filter: (production_year > 2008)
                          Rows Removed by Filter: 1866247
Planning time: 1.202 ms
Execution time: 62859.777 ms
