Hash Join  (cost=74050.79..1052180.71 rows=2138592 width=0) (actual time=1724.359..28918.092 rows=3500676 loops=1)
  Hash Cond: (ci.movie_id = t.id)
  ->  Seq Scan on cast_info ci  (cost=0.00..796071.18 rows=13763153 width=4) (actual time=0.026..17012.332 rows=19411652 loops=1)
        Filter: ((person_id > 1470759) AND (role_id > 1))
        Rows Removed by Filter: 16832692
  ->  Hash  (cost=67604.59..67604.59 rows=392896 width=4) (actual time=1723.422..1723.422 rows=391666 loops=1)
        Buckets: 131072  Batches: 8  Memory Usage: 2753kB
        ->  Seq Scan on title t  (cost=0.00..67604.59 rows=392896 width=4) (actual time=0.029..1243.559 rows=391666 loops=1)
              Filter: (production_year > 2010)
              Rows Removed by Filter: 2136646
Planning time: 7.280 ms
Execution time: 29345.655 ms
