Hash Join  (cost=275954.55..906001.78 rows=12353842 width=0) (actual time=6553.435..23462.490 rows=16160405 loops=1)
  Hash Cond: (mi.movie_id = t.id)
  ->  Seq Scan on movie_info mi  (cost=0.00..309384.22 rows=14739122 width=4) (actual time=0.013..6277.836 rows=14835720 loops=1)
  ->  Hash  (cost=241183.96..241183.96 rows=2119327 width=8) (actual time=6550.523..6550.523 rows=1126015 loops=1)
        Buckets: 131072  Batches: 32  Memory Usage: 2446kB
        ->  Hash Join  (cost=93360.65..241183.96 rows=2119327 width=8) (actual time=2111.810..6210.595 rows=1126015 loops=1)
              Hash Cond: (mk.movie_id = t.id)
              ->  Seq Scan on movie_keyword mk  (cost=0.00..69693.30 rows=4523930 width=4) (actual time=0.019..1606.472 rows=4523930 loops=1)
              ->  Hash  (cost=73925.90..73925.90 rows=1184540 width=4) (actual time=2110.707..2110.707 rows=1297979 loops=1)
                    Buckets: 131072  Batches: 16  Memory Usage: 3888kB
                    ->  Seq Scan on title t  (cost=0.00..73925.90 rows=1184540 width=4) (actual time=0.014..1427.170 rows=1297979 loops=1)
                          Filter: ((kind_id > 1) AND (production_year > 1995))
                          Rows Removed by Filter: 1230333
Planning time: 1.176 ms
Execution time: 25179.550 ms
