Hash Join  (cost=70241.71..560044.81 rows=936917 width=0) (actual time=1271.459..13524.986 rows=741934 loops=1)
  Hash Cond: (mi.movie_id = t.id)
  ->  Seq Scan on movie_info mi  (cost=0.00..309384.22 rows=14739122 width=4) (actual time=0.008..6153.565 rows=14835720 loops=1)
  ->  Hash  (cost=67604.59..67604.59 rows=160730 width=4) (actual time=1270.014..1270.014 rows=160017 loops=1)
        Buckets: 131072  Batches: 4  Memory Usage: 2442kB
        ->  Seq Scan on title t  (cost=0.00..67604.59 rows=160730 width=4) (actual time=0.030..1211.514 rows=160017 loops=1)
              Filter: (production_year = 2011)
              Rows Removed by Filter: 2368295
Planning time: 3.633 ms
Execution time: 13620.446 ms
