Seq Scan on movie_keyword mk  (cost=0.00..81003.12 rows=637652 width=0) (actual time=0.027..1384.286 rows=650081 loops=1)
  Filter: (keyword_id > 28930)
  Rows Removed by Filter: 3873849
Planning time: 0.458 ms
Execution time: 1468.714 ms
