Hash Join  (cost=448004.46..538783.18 rows=12813 width=0) (actual time=5235.398..7315.154 rows=409440 loops=1)
  Hash Cond: (mk.movie_id = t.id)
  ->  Seq Scan on movie_keyword mk  (cost=0.00..81003.12 rows=2572658 width=4) (actual time=0.016..1546.050 rows=2564436 loops=1)
        Filter: (keyword_id < 6507)
        Rows Removed by Filter: 1959494
  ->  Hash  (cost=447847.04..447847.04 rows=12593 width=8) (actual time=5233.729..5233.729 rows=13348 loops=1)
        Buckets: 16384  Batches: 1  Memory Usage: 650kB
        ->  Nested Loop  (cost=0.43..447847.04 rows=12593 width=8) (actual time=1057.299..5227.801 rows=13348 loops=1)
              ->  Seq Scan on movie_info mi  (cost=0.00..346232.03 rows=17937 width=4) (actual time=1057.247..5015.637 rows=13698 loops=1)
                    Filter: (info_type_id = 97)
                    Rows Removed by Filter: 14822022
              ->  Index Scan using title_pkey on title t  (cost=0.43..5.66 rows=1 width=4) (actual time=0.015..0.015 rows=1 loops=13698)
                    Index Cond: (id = mi.movie_id)
                    Filter: (production_year > 1989)
                    Rows Removed by Filter: 0
Planning time: 1.208 ms
Execution time: 7367.267 ms
