Hash Join  (cost=70308.29..432624.57 rows=82379 width=0) (actual time=2154.846..7118.642 rows=61251 loops=1)
  Hash Cond: (mi.movie_id = t.id)
  ->  Seq Scan on movie_info mi  (cost=0.00..346232.03 rows=1264125 width=4) (actual time=1028.227..5381.644 rows=1288928 loops=1)
        Filter: (info_type_id = 2)
        Rows Removed by Filter: 13546792
  ->  Hash  (cost=67604.59..67604.59 rows=164776 width=4) (actual time=1125.500..1125.500 rows=164307 loops=1)
        Buckets: 131072  Batches: 4  Memory Usage: 2488kB
        ->  Seq Scan on title t  (cost=0.00..67604.59 rows=164776 width=4) (actual time=0.034..1063.209 rows=164307 loops=1)
              Filter: (production_year = 2012)
              Rows Removed by Filter: 2364005
Planning time: 0.733 ms
Execution time: 7127.013 ms
