Hash Join  (cost=102767.86..948090.30 rows=1636262 width=0) (actual time=10927.232..18594.967 rows=3459705 loops=1)
  Hash Cond: (ci.movie_id = t.id)
  ->  Seq Scan on cast_info ci  (cost=0.00..796071.18 rows=1636262 width=4) (actual time=8802.444..13469.703 rows=3459705 loops=1)
        Filter: ((person_id > 2279346) AND (role_id = 10))
        Rows Removed by Filter: 32784639
  ->  Hash  (cost=61283.27..61283.27 rows=2528527 width=4) (actual time=2122.739..2122.739 rows=2528312 loops=1)
        Buckets: 131072  Batches: 64  Memory Usage: 2415kB
        ->  Seq Scan on title t  (cost=0.00..61283.27 rows=2528527 width=4) (actual time=0.020..1271.004 rows=2528312 loops=1)
Planning time: 0.765 ms
Execution time: 18988.720 ms
