Hash Join  (cost=139597.14..251993.23 rows=455943 width=0) (actual time=3478.283..7279.872 rows=4377090 loops=1)
  Hash Cond: (mk.movie_id = t.id)
  ->  Seq Scan on movie_keyword mk  (cost=0.00..81003.12 rows=2138545 width=4) (actual time=0.014..1701.893 rows=2138347 loops=1)
        Filter: (keyword_id > 5502)
        Rows Removed by Filter: 2385583
  ->  Hash  (cost=130752.54..130752.54 rows=539088 width=8) (actual time=3477.356..3477.356 rows=954317 loops=1)
        Buckets: 131072 (originally 131072)  Batches: 16 (originally 8)  Memory Usage: 3370kB
        ->  Hash Join  (cost=83810.17..130752.54 rows=539088 width=8) (actual time=1496.932..3235.966 rows=954317 loops=1)
              Hash Cond: (mi_idx.movie_id = t.id)
              ->  Seq Scan on movie_info_idx mi_idx  (cost=0.00..21735.35 rows=1380035 width=4) (actual time=0.021..435.927 rows=1380035 loops=1)
              ->  Hash  (cost=67604.59..67604.59 rows=987727 width=4) (actual time=1495.794..1495.794 rows=985048 loops=1)
                    Buckets: 131072  Batches: 16  Memory Usage: 3188kB
                    ->  Seq Scan on title t  (cost=0.00..67604.59 rows=987727 width=4) (actual time=0.044..1182.191 rows=985048 loops=1)
                          Filter: (kind_id < 7)
                          Rows Removed by Filter: 1543264
Planning time: 1.218 ms
Execution time: 7791.451 ms
