Seq Scan on cast_info ci  (cost=0.00..796071.18 rows=2957483 width=0) (actual time=1792.471..12986.180 rows=1010538 loops=1)
  Filter: ((person_id < 1819005) AND (role_id > 8))
  Rows Removed by Filter: 35233806
Planning time: 0.344 ms
Execution time: 13117.953 ms
