Hash Join  (cost=203393.80..702794.08 rows=1836334 width=0) (actual time=5210.918..30377.484 rows=55357891 loops=1)
  Hash Cond: (mi.movie_id = t.id)
  ->  Seq Scan on movie_info mi  (cost=0.00..309384.22 rows=14739122 width=4) (actual time=0.014..6377.634 rows=14835720 loops=1)
  ->  Hash  (cost=198224.96..198224.96 rows=315027 width=8) (actual time=5209.901..5209.901 rows=1125354 loops=1)
        Buckets: 131072 (originally 131072)  Batches: 16 (originally 8)  Memory Usage: 3895kB
        ->  Hash Join  (cost=78273.92..198224.96 rows=315027 width=8) (actual time=1531.497..4866.935 rows=1125354 loops=1)
              Hash Cond: (mk.movie_id = t.id)
              ->  Seq Scan on movie_keyword mk  (cost=0.00..81003.12 rows=3006307 width=4) (actual time=0.011..1708.596 rows=2989017 loops=1)
                    Filter: (keyword_id < 10379)
                    Rows Removed by Filter: 1534913
              ->  Hash  (cost=73925.90..73925.90 rows=264961 width=4) (actual time=1530.560..1530.560 rows=405905 loops=1)
                    Buckets: 131072 (originally 131072)  Batches: 8 (originally 4)  Memory Usage: 3073kB
                    ->  Seq Scan on title t  (cost=0.00..73925.90 rows=264961 width=4) (actual time=0.014..1389.112 rows=405905 loops=1)
                          Filter: ((kind_id < 4) AND (production_year < 1994))
                          Rows Removed by Filter: 2122407
Planning time: 4.620 ms
Execution time: 36152.128 ms
