Hash Join  (cost=74580.37..780260.34 rows=904 width=0) (actual time=2756.521..12066.287 rows=707 loops=1)
  Hash Cond: (ci.movie_id = t.id)
  ->  Seq Scan on cast_info ci  (cost=0.00..705507.15 rows=43675 width=4) (actual time=1504.964..10806.769 rows=34956 loops=1)
        Filter: (person_id < 4724)
        Rows Removed by Filter: 36209388
  ->  Hash  (cost=73925.90..73925.90 rows=52357 width=4) (actual time=1244.834..1244.834 rows=56910 loops=1)
        Buckets: 65536  Batches: 1  Memory Usage: 2513kB
        ->  Seq Scan on title t  (cost=0.00..73925.90 rows=52357 width=4) (actual time=0.969..1221.672 rows=56910 loops=1)
              Filter: ((kind_id > 4) AND (production_year = 2004))
              Rows Removed by Filter: 2471402
Planning time: 0.677 ms
Execution time: 12066.625 ms
