Hash Join  (cost=800197.09..886858.30 rows=317 width=0) (actual time=15749.587..16878.851 rows=5 loops=1)
  Hash Cond: (mk.movie_id = t.id)
  ->  Seq Scan on movie_keyword mk  (cost=0.00..69693.30 rows=4523930 width=4) (actual time=0.021..1175.354 rows=4523930 loops=1)
  ->  Hash  (cost=800194.88..800194.88 rows=177 width=8) (actual time=14935.943..14935.943 rows=173 loops=1)
        Buckets: 1024  Batches: 1  Memory Usage: 15kB
        ->  Nested Loop  (cost=0.43..800194.88 rows=177 width=8) (actual time=4406.837..14935.860 rows=173 loops=1)
              ->  Seq Scan on cast_info ci  (cost=0.00..796071.18 rows=495 width=4) (actual time=4406.720..14933.373 rows=247 loops=1)
                    Filter: ((role_id < 11) AND (person_id = 942919))
                    Rows Removed by Filter: 36244097
              ->  Index Scan using title_pkey on title t  (cost=0.43..8.32 rows=1 width=4) (actual time=0.009..0.009 rows=1 loops=247)
                    Index Cond: (id = ci.movie_id)
                    Filter: (production_year > 2006)
                    Rows Removed by Filter: 0
Planning time: 0.923 ms
Execution time: 16878.957 ms
