Hash Join  (cost=102767.86..469742.89 rows=451508 width=0) (actual time=6025.507..8018.683 rows=474443 loops=1)
  Hash Cond: (mi.movie_id = t.id)
  ->  Seq Scan on movie_info mi  (cost=0.00..346232.03 rows=451508 width=4) (actual time=4037.564..5295.123 rows=474443 loops=1)
        Filter: (info_type_id = 6)
        Rows Removed by Filter: 14361277
  ->  Hash  (cost=61283.27..61283.27 rows=2528527 width=4) (actual time=1986.211..1986.211 rows=2528312 loops=1)
        Buckets: 131072  Batches: 64  Memory Usage: 2425kB
        ->  Seq Scan on title t  (cost=0.00..61283.27 rows=2528527 width=4) (actual time=0.027..1133.040 rows=2528312 loops=1)
Planning time: 0.797 ms
Execution time: 8068.210 ms
