Hash Join  (cost=84979.53..221667.65 rows=1205408 width=0) (actual time=1414.238..5228.588 rows=2204993 loops=1)
  Hash Cond: (mk.movie_id = t.id)
  ->  Seq Scan on movie_keyword mk  (cost=0.00..69693.30 rows=4523930 width=4) (actual time=0.025..1317.329 rows=4523930 loops=1)
  ->  Hash  (cost=73925.90..73925.90 rows=673730 width=4) (actual time=1412.772..1412.772 rows=553777 loops=1)
        Buckets: 131072  Batches: 16  Memory Usage: 2246kB
        ->  Seq Scan on title t  (cost=0.00..73925.90 rows=673730 width=4) (actual time=0.037..1237.171 rows=553777 loops=1)
              Filter: ((kind_id < 4) AND (production_year > 1977))
              Rows Removed by Filter: 1974535
Planning time: 0.741 ms
Execution time: 5487.649 ms
