Hash Join  (cost=78988.28..577983.67 rows=1798346 width=0) (actual time=1337.303..14335.008 rows=2711157 loops=1)
  Hash Cond: (mi.movie_id = t.id)
  ->  Seq Scan on movie_info mi  (cost=0.00..309384.22 rows=14739122 width=4) (actual time=0.021..5880.502 rows=14835720 loops=1)
  ->  Hash  (cost=73925.90..73925.90 rows=308510 width=4) (actual time=1336.530..1336.530 rows=266599 loops=1)
        Buckets: 131072  Batches: 8  Memory Usage: 2197kB
        ->  Seq Scan on title t  (cost=0.00..73925.90 rows=308510 width=4) (actual time=0.020..1242.959 rows=266599 loops=1)
              Filter: ((kind_id < 7) AND (production_year > 2007))
              Rows Removed by Filter: 2261713
Planning time: 0.777 ms
Execution time: 14643.530 ms
