Hash Join  (cost=457193.26..1525441.78 rows=3353035 width=0) (actual time=9289.213..46587.874 rows=27148463 loops=1)
  Hash Cond: (ci.movie_id = t.id)
  ->  Seq Scan on cast_info ci  (cost=0.00..614943.12 rows=36225612 width=4) (actual time=0.019..13402.700 rows=36244344 loops=1)
  ->  Hash  (cost=453352.76..453352.76 rows=234040 width=8) (actual time=9288.321..9288.321 rows=601289 loops=1)
        Buckets: 131072 (originally 131072)  Batches: 8 (originally 4)  Memory Usage: 3936kB
        ->  Hash Join  (cost=78350.52..453352.76 rows=234040 width=8) (actual time=3108.542..9101.433 rows=601289 loops=1)
              Hash Cond: (mi.movie_id = t.id)
              ->  Seq Scan on movie_info mi  (cost=0.00..346232.03 rows=2194617 width=4) (actual time=1333.551..6129.004 rows=2233850 loops=1)
                    Filter: (info_type_id > 16)
                    Rows Removed by Filter: 12601870
              ->  Hash  (cost=73925.90..73925.90 rows=269649 width=4) (actual time=1685.168..1685.168 rows=382611 loops=1)
                    Buckets: 131072 (originally 131072)  Batches: 8 (originally 4)  Memory Usage: 3073kB
                    ->  Seq Scan on title t  (cost=0.00..73925.90 rows=269649 width=4) (actual time=0.021..1275.682 rows=382611 loops=1)
                          Filter: ((kind_id < 7) AND (production_year < 1990))
                          Rows Removed by Filter: 2145701
Planning time: 1.225 ms
Execution time: 49585.556 ms
