Hash Join  (cost=203467.45..281968.20 rows=250323 width=0) (actual time=4304.027..6774.494 rows=1576366 loops=1)
  Hash Cond: (mc.movie_id = t.id)
  ->  Seq Scan on movie_companies mc  (cost=0.00..44881.29 rows=2609129 width=4) (actual time=0.023..917.436 rows=2609129 loops=1)
  ->  Hash  (cost=199487.07..199487.07 rows=242590 width=8) (actual time=4303.178..4303.178 rows=260933 loops=1)
        Buckets: 131072  Batches: 4  Memory Usage: 3590kB
        ->  Hash Join  (cost=102767.86..199487.07 rows=242590 width=8) (actual time=2201.388..4222.497 rows=260933 loops=1)
              Hash Cond: (mk.movie_id = t.id)
              ->  Seq Scan on movie_keyword mk  (cost=0.00..81003.12 rows=242590 width=4) (actual time=0.016..1380.853 rows=260933 loops=1)
                    Filter: (keyword_id < 229)
                    Rows Removed by Filter: 4262997
              ->  Hash  (cost=61283.27..61283.27 rows=2528527 width=4) (actual time=2199.791..2199.791 rows=2528312 loops=1)
                    Buckets: 131072  Batches: 64  Memory Usage: 2425kB
                    ->  Seq Scan on title t  (cost=0.00..61283.27 rows=2528527 width=4) (actual time=0.026..1083.067 rows=2528312 loops=1)
Planning time: 1.134 ms
Execution time: 6984.156 ms
