Hash Join  (cost=202605.25..691059.06 rows=3596865 width=0) (actual time=4571.127..20567.566 rows=22228701 loops=1)
  Hash Cond: (mi.movie_id = t.id)
  ->  Seq Scan on movie_info mi  (cost=0.00..346232.03 rows=8841901 width=4) (actual time=0.022..6615.012 rows=8950757 loops=1)
        Filter: (info_type_id > 6)
        Rows Removed by Filter: 5884963
  ->  Hash  (cost=185729.77..185729.77 rows=1028599 width=8) (actual time=4570.199..4570.199 rows=854827 loops=1)
        Buckets: 131072  Batches: 16  Memory Usage: 3130kB
        ->  Hash Join  (cost=99217.91..185729.77 rows=1028599 width=8) (actual time=1975.948..4308.436 rows=854827 loops=1)
              Hash Cond: (mc.movie_id = t.id)
              ->  Seq Scan on movie_companies mc  (cost=0.00..51404.11 rows=1349750 width=4) (actual time=0.023..1030.544 rows=1338399 loops=1)
                    Filter: (company_id < 11434)
                    Rows Removed by Filter: 1270730
              ->  Hash  (cost=67604.59..67604.59 rows=1926906 width=4) (actual time=1974.390..1974.390 rows=1918028 loops=1)
                    Buckets: 131072  Batches: 32  Memory Usage: 3139kB
                    ->  Seq Scan on title t  (cost=0.00..67604.59 rows=1926906 width=4) (actual time=0.021..1366.980 rows=1918028 loops=1)
                          Filter: (production_year > 1981)
                          Rows Removed by Filter: 610284
Planning time: 1.286 ms
Execution time: 23122.105 ms
