Seq Scan on movie_companies mc  (cost=0.00..57926.93 rows=971267 width=0) (actual time=0.013..1090.434 rows=824212 loops=1)
  Filter: ((company_id > 789) AND (company_type_id = 1))
  Rows Removed by Filter: 1784917
Planning time: 0.376 ms
Execution time: 1193.360 ms
