Hash Join  (cost=83073.48..137739.47 rows=48 width=0) (actual time=1467.695..2506.399 rows=85 loops=1)
  Hash Cond: (mc.movie_id = t.id)
  ->  Seq Scan on movie_companies mc  (cost=0.00..44881.29 rows=2609129 width=4) (actual time=0.016..598.093 rows=2609129 loops=1)
  ->  Hash  (cost=83072.90..83072.90 rows=46 width=8) (actual time=1442.932..1442.932 rows=67 loops=1)
        Buckets: 1024  Batches: 1  Memory Usage: 11kB
        ->  Nested Loop  (cost=0.43..83072.90 rows=46 width=8) (actual time=85.554..1442.843 rows=67 loops=1)
              ->  Seq Scan on movie_keyword mk  (cost=0.00..81003.12 rows=246 width=4) (actual time=0.394..1350.927 rows=2111 loops=1)
                    Filter: (keyword_id = 2489)
                    Rows Removed by Filter: 4521819
              ->  Index Scan using title_pkey on title t  (cost=0.43..8.40 rows=1 width=4) (actual time=0.043..0.043 rows=0 loops=2111)
                    Index Cond: (id = mk.movie_id)
                    Filter: ((kind_id > 1) AND (production_year < 1988))
                    Rows Removed by Filter: 1
Planning time: 1.249 ms
Execution time: 2506.567 ms
