Hash Join  (cost=77045.50..103969.26 rows=1327 width=0) (actual time=890.149..1518.012 rows=9144 loops=1)
  Hash Cond: (mi_idx.movie_id = t.id)
  ->  Seq Scan on movie_info_idx mi_idx  (cost=0.00..21735.35 rows=1380035 width=4) (actual time=0.013..337.715 rows=1380035 loops=1)
  ->  Hash  (cost=77015.12..77015.12 rows=2431 width=8) (actual time=889.991..889.991 rows=3707 loops=1)
        Buckets: 4096  Batches: 1  Memory Usage: 177kB
        ->  Nested Loop  (cost=0.43..77015.12 rows=2431 width=8) (actual time=278.198..888.120 rows=3707 loops=1)
              ->  Seq Scan on movie_companies mc  (cost=0.00..57926.93 rows=2431 width=4) (actual time=278.116..822.524 rows=3707 loops=1)
                    Filter: ((company_id = 164) AND (company_type_id = 1))
                    Rows Removed by Filter: 2605422
              ->  Index Only Scan using title_pkey on title t  (cost=0.43..7.84 rows=1 width=4) (actual time=0.017..0.017 rows=1 loops=3707)
                    Index Cond: (id = mc.movie_id)
                    Heap Fetches: 3707
Planning time: 1.191 ms
Execution time: 1519.380 ms
