Seq Scan on movie_keyword mk  (cost=0.00..81003.12 rows=1820240 width=0) (actual time=0.020..1336.267 rows=1825728 loops=1)
  Filter: (keyword_id < 2999)
  Rows Removed by Filter: 2698202
Planning time: 0.354 ms
Execution time: 1562.340 ms
