Seq Scan on movie_keyword mk  (cost=0.00..81003.12 rows=1660841 width=0) (actual time=0.031..1392.273 rows=1666667 loops=1)
  Filter: (keyword_id > 8725)
  Rows Removed by Filter: 2857263
Planning time: 0.446 ms
Execution time: 1597.328 ms
