Seq Scan on cast_info ci  (cost=0.00..705507.15 rows=500 width=0) (actual time=3251.901..11004.509 rows=27 loops=1)
  Filter: (person_id = 2594088)
  Rows Removed by Filter: 36244317
Planning time: 0.355 ms
Execution time: 11004.626 ms
