Seq Scan on cast_info ci  (cost=0.00..705507.15 rows=8055223 width=0) (actual time=0.027..11465.749 rows=8025152 loops=1)
  Filter: (person_id > 2877956)
  Rows Removed by Filter: 28219192
Planning time: 0.316 ms
Execution time: 12466.101 ms
