Hash Join  (cost=178232.44..550737.42 rows=155186 width=0) (actual time=6273.683..10372.563 rows=643979 loops=1)
  Hash Cond: (mi.movie_id = t.id)
  ->  Seq Scan on movie_info mi  (cost=0.00..346232.03 rows=2073893 width=4) (actual time=2572.698..5574.276 rows=2091068 loops=1)
        Filter: (info_type_id < 3)
        Rows Removed by Filter: 12744652
  ->  Hash  (cost=175127.37..175127.37 rows=189205 width=8) (actual time=3519.428..3519.428 rows=374914 loops=1)
        Buckets: 131072 (originally 131072)  Batches: 8 (originally 4)  Memory Usage: 3073kB
        ->  Hash Join  (cost=102767.86..175127.37 rows=189205 width=8) (actual time=1909.736..3415.023 rows=374914 loops=1)
              Hash Cond: (mc.movie_id = t.id)
              ->  Seq Scan on movie_companies mc  (cost=0.00..57926.93 rows=189205 width=4) (actual time=60.105..921.269 rows=374914 loops=1)
                    Filter: ((company_id > 84983) AND (company_type_id = 2))
                    Rows Removed by Filter: 2234215
              ->  Hash  (cost=61283.27..61283.27 rows=2528527 width=4) (actual time=1848.592..1848.592 rows=2528312 loops=1)
                    Buckets: 131072  Batches: 64  Memory Usage: 2415kB
                    ->  Seq Scan on title t  (cost=0.00..61283.27 rows=2528527 width=4) (actual time=0.019..1033.803 rows=2528312 loops=1)
Planning time: 1.082 ms
Execution time: 10451.439 ms
