Seq Scan on title t  (cost=0.00..73925.90 rows=287429 width=0) (actual time=0.036..1153.926 rows=401493 loops=1)
  Filter: ((kind_id < 7) AND (production_year < 1992))
  Rows Removed by Filter: 2126819
Planning time: 0.334 ms
Execution time: 1208.485 ms
