Hash Join  (cost=98498.33..671459.01 rows=8730375 width=0) (actual time=1767.085..16605.087 rows=3937344 loops=1)
  Hash Cond: (mi.movie_id = t.id)
  ->  Seq Scan on movie_info mi  (cost=0.00..309384.22 rows=14739122 width=4) (actual time=0.023..6060.916 rows=14835720 loops=1)
  ->  Hash  (cost=73925.90..73925.90 rows=1497714 width=4) (actual time=1766.024..1766.024 rows=1478440 loops=1)
        Buckets: 131072  Batches: 32  Memory Usage: 2656kB
        ->  Seq Scan on title t  (cost=0.00..73925.90 rows=1497714 width=4) (actual time=348.259..1287.822 rows=1478440 loops=1)
              Filter: ((production_year > 0) AND (kind_id = 7))
              Rows Removed by Filter: 1049872
Planning time: 0.773 ms
Execution time: 17044.682 ms
