Hash Join  (cost=83810.17..158010.27 rows=313481 width=0) (actual time=1851.028..3203.080 rows=579530 loops=1)
  Hash Cond: (mc.movie_id = t.id)
  ->  Seq Scan on movie_companies mc  (cost=0.00..57926.93 rows=802493 width=4) (actual time=378.457..1040.158 rows=591269 loops=1)
        Filter: ((company_id > 4226) AND (company_type_id = 1))
        Rows Removed by Filter: 2017860
  ->  Hash  (cost=67604.59..67604.59 rows=987727 width=4) (actual time=1471.669..1471.669 rows=985048 loops=1)
        Buckets: 131072  Batches: 16  Memory Usage: 3188kB
        ->  Seq Scan on title t  (cost=0.00..67604.59 rows=987727 width=4) (actual time=0.032..1158.926 rows=985048 loops=1)
              Filter: (kind_id < 7)
              Rows Removed by Filter: 1543264
Planning time: 3.857 ms
Execution time: 3274.877 ms
