Hash Join  (cost=696866.77..2822579.83 rows=84252782 width=0) (actual time=14856.517..112926.353 rows=251335962 loops=1)
  Hash Cond: (ci.movie_id = t.id)
  ->  Seq Scan on cast_info ci  (cost=0.00..614943.12 rows=36225612 width=4) (actual time=0.016..13926.760 rows=36244344 loops=1)
  ->  Hash  (cost=600384.82..600384.82 rows=5880796 width=8) (actual time=14853.768..14853.768 rows=5869026 loops=1)
        Buckets: 131072  Batches: 128  Memory Usage: 2815kB
        ->  Hash Join  (cost=102767.86..600384.82 rows=5880796 width=8) (actual time=2989.947..13346.948 rows=5869026 loops=1)
              Hash Cond: (mi.movie_id = t.id)
              ->  Seq Scan on movie_info mi  (cost=0.00..346232.03 rows=5880796 width=4) (actual time=1087.530..6311.593 rows=5869026 loops=1)
                    Filter: (info_type_id > 13)
                    Rows Removed by Filter: 8966694
              ->  Hash  (cost=61283.27..61283.27 rows=2528527 width=4) (actual time=1901.520..1901.520 rows=2528312 loops=1)
                    Buckets: 131072  Batches: 64  Memory Usage: 2425kB
                    ->  Seq Scan on title t  (cost=0.00..61283.27 rows=2528527 width=4) (actual time=0.020..1035.950 rows=2528312 loops=1)
Planning time: 1.185 ms
Execution time: 140897.305 ms
