Seq Scan on movie_companies mc  (cost=0.00..51404.11 rows=104 width=0) (actual time=2.089..855.612 rows=113 loops=1)
  Filter: (company_id = 52454)
  Rows Removed by Filter: 2609016
Planning time: 0.355 ms
Execution time: 855.742 ms
