Hash Join  (cost=314870.74..1166263.64 rows=6290216 width=0) (actual time=11613.078..23087.154 rows=7536569 loops=1)
  Hash Cond: (ci.movie_id = t.id)
  ->  Seq Scan on cast_info ci  (cost=0.00..705507.15 rows=5021056 width=4) (actual time=5222.471..12036.751 rows=5072759 loops=1)
        Filter: (person_id > 3161762)
        Rows Removed by Filter: 31171585
  ->  Hash  (cost=262901.04..262901.04 rows=3167656 width=8) (actual time=6386.266..6386.266 rows=1454126 loops=1)
        Buckets: 131072  Batches: 64  Memory Usage: 1904kB
        ->  Hash Join  (cost=96651.52..262901.04 rows=3167656 width=8) (actual time=1917.140..5986.080 rows=1454126 loops=1)
              Hash Cond: (mk.movie_id = t.id)
              ->  Seq Scan on movie_keyword mk  (cost=0.00..69693.30 rows=4523930 width=4) (actual time=0.042..1478.448 rows=4523930 loops=1)
              ->  Hash  (cost=67604.59..67604.59 rows=1770475 width=4) (actual time=1915.477..1915.477 rows=1774635 loops=1)
                    Buckets: 131072  Batches: 32  Memory Usage: 2984kB
                    ->  Seq Scan on title t  (cost=0.00..67604.59 rows=1770475 width=4) (actual time=0.029..1325.677 rows=1774635 loops=1)
                          Filter: (kind_id > 2)
                          Rows Removed by Filter: 753677
Planning time: 1.159 ms
Execution time: 23988.461 ms
