Seq Scan on movie_companies mc  (cost=0.00..51404.11 rows=548112 width=0) (actual time=0.022..872.964 rows=552871 loops=1)
  Filter: (company_id > 71815)
  Rows Removed by Filter: 2056258
Planning time: 0.345 ms
Execution time: 942.318 ms
