Nested Loop  (cost=0.43..83072.29 rows=181 width=0) (actual time=365.412..1250.226 rows=14 loops=1)
  ->  Seq Scan on movie_keyword mk  (cost=0.00..81003.12 rows=246 width=4) (actual time=21.435..1246.049 rows=97 loops=1)
        Filter: (keyword_id = 46185)
        Rows Removed by Filter: 4523833
  ->  Index Scan using title_pkey on title t  (cost=0.43..8.40 rows=1 width=4) (actual time=0.039..0.039 rows=0 loops=97)
        Index Cond: (id = mk.movie_id)
        Filter: (kind_id > 1)
        Rows Removed by Filter: 1
Planning time: 0.798 ms
Execution time: 1250.336 ms
