Hash Join  (cost=147961.93..983872.18 rows=225250 width=0) (actual time=3204.342..22453.839 rows=2231348 loops=1)
  Hash Cond: (ci.movie_id = t.id)
  ->  Seq Scan on cast_info ci  (cost=0.00..796071.18 rows=10023085 width=4) (actual time=0.013..15394.415 rows=7190485 loops=1)
        Filter: ((person_id > 736281) AND (role_id = 1))
        Rows Removed by Filter: 29053859
  ->  Hash  (cost=147251.64..147251.64 rows=56824 width=8) (actual time=3203.879..3203.879 rows=317299 loops=1)
        Buckets: 131072 (originally 65536)  Batches: 2 (originally 1)  Memory Usage: 7264kB
        ->  Hash Join  (cost=76193.14..147251.64 rows=56824 width=8) (actual time=1637.357..3119.544 rows=317299 loops=1)
              Hash Cond: (mc.movie_id = t.id)
              ->  Seq Scan on movie_companies mc  (cost=0.00..57926.93 rows=1039818 width=4) (actual time=2.164..1193.359 rows=1274246 loops=1)
                    Filter: ((company_id < 74635) AND (company_type_id < 2))
                    Rows Removed by Filter: 1334883
              ->  Hash  (cost=73925.90..73925.90 rows=138179 width=4) (actual time=1274.276..1274.276 rows=274202 loops=1)
                    Buckets: 131072 (originally 131072)  Batches: 4 (originally 2)  Memory Usage: 3435kB
                    ->  Seq Scan on title t  (cost=0.00..73925.90 rows=138179 width=4) (actual time=0.016..1170.521 rows=274202 loops=1)
                          Filter: ((production_year < 1981) AND (kind_id = 1))
                          Rows Removed by Filter: 2254110
Planning time: 1.492 ms
Execution time: 22726.299 ms
