Seq Scan on movie_keyword mk  (cost=0.00..81003.12 rows=246 width=0) (actual time=8.936..1260.745 rows=469 loops=1)
  Filter: (keyword_id = 9529)
  Rows Removed by Filter: 4523461
Planning time: 0.374 ms
Execution time: 1261.060 ms
