Seq Scan on title t  (cost=0.00..73925.90 rows=1095 width=0) (actual time=0.787..949.803 rows=1597 loops=1)
  Filter: ((kind_id = 3) AND (production_year = 1993))
  Rows Removed by Filter: 2526715
Planning time: 0.410 ms
Execution time: 950.353 ms
