Seq Scan on movie_companies mc  (cost=0.00..57926.93 rows=61351 width=0) (actual time=464.511..816.431 rows=120026 loops=1)
  Filter: ((company_id > 146311) AND (company_type_id = 2))
  Rows Removed by Filter: 2489103
Planning time: 0.406 ms
Execution time: 831.833 ms
