Seq Scan on cast_info ci  (cost=0.00..796071.18 rows=2447826 width=0) (actual time=4274.920..12992.430 rows=4971494 loops=1)
  Filter: ((person_id < 667224) AND (role_id = 1))
  Rows Removed by Filter: 31272850
Planning time: 0.437 ms
Execution time: 13625.697 ms
