Hash Join  (cost=120369.99..251023.19 rows=256496 width=0) (actual time=2478.236..6085.792 rows=1551404 loops=1)
  Hash Cond: (mk.movie_id = t.id)
  ->  Seq Scan on movie_keyword mk  (cost=0.00..81003.12 rows=4017632 width=4) (actual time=0.024..1759.208 rows=4025638 loops=1)
        Filter: (keyword_id < 36214)
        Rows Removed by Filter: 498292
  ->  Hash  (cost=117721.14..117721.14 rows=161428 width=8) (actual time=2477.378..2477.378 rows=197974 loops=1)
        Buckets: 131072  Batches: 4  Memory Usage: 2972kB
        ->  Hash Join  (cost=82131.75..117721.14 rows=161428 width=8) (actual time=1526.440..2415.992 rows=197974 loops=1)
              Hash Cond: (mi_idx.movie_id = t.id)
              ->  Seq Scan on movie_info_idx mi_idx  (cost=0.00..25185.44 rows=460978 width=4) (actual time=0.014..467.176 rows=459925 loops=1)
                    Filter: (info_type_id = 99)
                    Rows Removed by Filter: 920110
              ->  Hash  (cost=67604.59..67604.59 rows=885453 width=4) (actual time=1525.478..1525.478 rows=885650 loops=1)
                    Buckets: 131072  Batches: 16  Memory Usage: 2972kB
                    ->  Seq Scan on title t  (cost=0.00..67604.59 rows=885453 width=4) (actual time=0.005..1245.955 rows=885650 loops=1)
                          Filter: (production_year < 1997)
                          Rows Removed by Filter: 1642662
Planning time: 1.207 ms
Execution time: 6269.437 ms
