Hash Join  (cost=81987.19..124281.13 rows=268146 width=0) (actual time=1300.073..2403.549 rows=165081 loops=1)
  Hash Cond: (mi_idx.movie_id = t.id)
  ->  Seq Scan on movie_info_idx mi_idx  (cost=0.00..21735.35 rows=1380035 width=4) (actual time=0.020..436.519 rows=1380035 loops=1)
  ->  Hash  (cost=73925.90..73925.90 rows=491303 width=4) (actual time=1298.701..1298.701 rows=352208 loops=1)
        Buckets: 131072  Batches: 8  Memory Usage: 2561kB
        ->  Seq Scan on title t  (cost=0.00..73925.90 rows=491303 width=4) (actual time=0.019..1180.220 rows=352208 loops=1)
              Filter: ((kind_id > 1) AND (production_year < 1989))
              Rows Removed by Filter: 2176104
Planning time: 0.772 ms
Execution time: 2423.876 ms
