Hash Join  (cost=102767.86..1187295.85 rows=11577281 width=0) (actual time=1945.085..28157.414 rows=10400810 loops=1)
  Hash Cond: (ci.movie_id = t.id)
  ->  Seq Scan on cast_info ci  (cost=0.00..796071.18 rows=11577281 width=4) (actual time=0.023..16947.691 rows=10400810 loops=1)
        Filter: ((person_id > 305630) AND (role_id < 2))
        Rows Removed by Filter: 25843534
  ->  Hash  (cost=61283.27..61283.27 rows=2528527 width=4) (actual time=1944.272..1944.272 rows=2528312 loops=1)
        Buckets: 131072  Batches: 64  Memory Usage: 2415kB
        ->  Seq Scan on title t  (cost=0.00..61283.27 rows=2528527 width=4) (actual time=0.025..1098.388 rows=2528312 loops=1)
Planning time: 0.842 ms
Execution time: 29275.727 ms
