Hash Join  (cost=191258.76..728122.76 rows=5347408 width=0) (actual time=5160.800..33157.260 rows=54220442 loops=1)
  Hash Cond: (mi.movie_id = t.id)
  ->  Seq Scan on movie_info mi  (cost=0.00..309384.22 rows=14739122 width=4) (actual time=0.009..6491.838 rows=14835720 loops=1)
  ->  Hash  (cost=176207.77..176207.77 rows=917359 width=8) (actual time=5160.015..5160.015 rows=1507702 loops=1)
        Buckets: 131072 (originally 131072)  Batches: 32 (originally 16)  Memory Usage: 3073kB
        ->  Hash Join  (cost=88511.65..176207.77 rows=917359 width=8) (actual time=1535.426..4701.134 rows=1507702 loops=1)
              Hash Cond: (mc.movie_id = t.id)
              ->  Seq Scan on movie_companies mc  (cost=0.00..44881.29 rows=2609129 width=4) (actual time=0.015..842.859 rows=2609129 loops=1)
              ->  Hash  (cost=73925.90..73925.90 rows=889020 width=4) (actual time=1534.347..1534.347 rows=803883 loops=1)
                    Buckets: 131072  Batches: 16  Memory Usage: 2792kB
                    ->  Seq Scan on title t  (cost=0.00..73925.90 rows=889020 width=4) (actual time=0.028..1275.912 rows=803883 loops=1)
                          Filter: ((kind_id < 7) AND (production_year > 1953))
                          Rows Removed by Filter: 1724429
Planning time: 1.290 ms
Execution time: 39416.043 ms
