Seq Scan on cast_info ci  (cost=0.00..796071.18 rows=337984 width=0) (actual time=4797.967..11617.072 rows=165317 loops=1)
  Filter: ((person_id < 68865) AND (role_id > 2))
  Rows Removed by Filter: 36079027
Planning time: 0.392 ms
Execution time: 11641.400 ms
