Seq Scan on movie_keyword mk  (cost=0.00..81003.12 rows=246 width=0) (actual time=1.601..1366.846 rows=1713 loops=1)
  Filter: (keyword_id = 824)
  Rows Removed by Filter: 4522217
Planning time: 0.402 ms
Execution time: 1367.464 ms
