Seq Scan on title t  (cost=0.00..73925.90 rows=4532 width=0) (actual time=49.487..1090.193 rows=8406 loops=1)
  Filter: ((kind_id = 7) AND (production_year = 1973))
  Rows Removed by Filter: 2519906
Planning time: 0.440 ms
Execution time: 1092.268 ms
