Seq Scan on movie_companies mc  (cost=0.00..51404.11 rows=104 width=0) (actual time=58.918..849.515 rows=18 loops=1)
  Filter: (company_id = 76354)
  Rows Removed by Filter: 2609111
Planning time: 0.398 ms
Execution time: 849.599 ms
