Hash Join  (cost=190230.21..284134.65 rows=1189943 width=0) (actual time=4553.942..7920.593 rows=3443085 loops=1)
  Hash Cond: (mc.movie_id = t.id)
  ->  Seq Scan on movie_companies mc  (cost=0.00..51404.11 rows=2180237 width=4) (actual time=0.015..1045.052 rows=2180408 loops=1)
        Filter: (company_id > 302)
        Rows Removed by Filter: 428721
  ->  Hash  (cost=167588.78..167588.78 rows=1380035 width=8) (actual time=4552.094..4552.094 rows=1380035 loops=1)
        Buckets: 131072  Batches: 32  Memory Usage: 2708kB
        ->  Hash Join  (cost=102767.86..167588.78 rows=1380035 width=8) (actual time=1914.726..4165.244 rows=1380035 loops=1)
              Hash Cond: (mi_idx.movie_id = t.id)
              ->  Seq Scan on movie_info_idx mi_idx  (cost=0.00..21735.35 rows=1380035 width=4) (actual time=0.015..473.466 rows=1380035 loops=1)
              ->  Hash  (cost=61283.27..61283.27 rows=2528527 width=4) (actual time=1913.909..1913.909 rows=2528312 loops=1)
                    Buckets: 131072  Batches: 64  Memory Usage: 2415kB
                    ->  Seq Scan on title t  (cost=0.00..61283.27 rows=2528527 width=4) (actual time=0.027..1090.235 rows=2528312 loops=1)
Planning time: 1.155 ms
Execution time: 8295.673 ms
