Nested Loop  (cost=32636.42..119443.88 rows=704 width=0) (actual time=652.539..2143.803 rows=3753 loops=1)
  ->  Hash Join  (cost=32635.99..116169.64 rows=3835 width=8) (actual time=652.461..2025.735 rows=3753 loops=1)
        Hash Cond: (mk.movie_id = mi_idx.movie_id)
        ->  Seq Scan on movie_keyword mk  (cost=0.00..81003.12 rows=3921 width=4) (actual time=2.081..1292.697 rows=4185 loops=1)
              Filter: (keyword_id = 230)
              Rows Removed by Filter: 4519745
        ->  Hash  (cost=25185.44..25185.44 rows=454124 width=4) (actual time=649.702..649.702 rows=459925 loops=1)
              Buckets: 131072  Batches: 8  Memory Usage: 3059kB
              ->  Seq Scan on movie_info_idx mi_idx  (cost=0.00..25185.44 rows=454124 width=4) (actual time=0.024..502.092 rows=459925 loops=1)
                    Filter: (info_type_id = 100)
                    Rows Removed by Filter: 920110
  ->  Index Only Scan using title_pkey on title t  (cost=0.43..0.84 rows=1 width=4) (actual time=0.030..0.031 rows=1 loops=3753)
        Index Cond: (id = mi_idx.movie_id)
        Heap Fetches: 3753
Planning time: 1.251 ms
Execution time: 2145.027 ms
