Hash Join  (cost=70965.72..462838.00 rows=293541 width=0) (actual time=4145.137..8963.388 rows=544724 loops=1)
  Hash Cond: (mi.movie_id = t.id)
  ->  Seq Scan on movie_info mi  (cost=0.00..346232.03 rows=3623957 width=4) (actual time=2843.677..5980.126 rows=3624977 loops=1)
        Filter: (info_type_id < 4)
        Rows Removed by Filter: 11210743
  ->  Hash  (cost=67604.59..67604.59 rows=204811 width=4) (actual time=1299.671..1299.671 rows=202996 loops=1)
        Buckets: 131072  Batches: 4  Memory Usage: 2814kB
        ->  Seq Scan on title t  (cost=0.00..67604.59 rows=204811 width=4) (actual time=0.036..1224.536 rows=202996 loops=1)
              Filter: (production_year < 1956)
              Rows Removed by Filter: 2325316
Planning time: 0.801 ms
Execution time: 9023.798 ms
