Seq Scan on movie_keyword mk  (cost=0.00..81003.12 rows=3070156 width=0) (actual time=0.023..1590.936 rows=3059515 loops=1)
  Filter: (keyword_id < 11304)
  Rows Removed by Filter: 1464415
Planning time: 0.360 ms
Execution time: 1979.935 ms
