Seq Scan on cast_info ci  (cost=0.00..796071.18 rows=12908989 width=0) (actual time=0.022..14943.993 rows=14090289 loops=1)
  Filter: ((person_id < 1451664) AND (role_id < 10))
  Rows Removed by Filter: 22154055
Planning time: 0.367 ms
Execution time: 16694.164 ms
