Seq Scan on movie_companies mc  (cost=0.00..57926.93 rows=781530 width=0) (actual time=0.010..1127.081 rows=1077394 loops=1)
  Filter: ((company_id < 15800) AND (company_type_id = 1))
  Rows Removed by Filter: 1531735
Planning time: 0.455 ms
Execution time: 1261.995 ms
