Seq Scan on cast_info ci  (cost=0.00..705507.15 rows=27062091 width=0) (actual time=0.022..13590.461 rows=27073498 loops=1)
  Filter: (person_id < 2782879)
  Rows Removed by Filter: 9170846
Planning time: 0.306 ms
Execution time: 16928.476 ms
