Hash Join  (cost=102767.86..632983.31 rows=7235534 width=0) (actual time=1976.175..15386.818 rows=7286865 loops=1)
  Hash Cond: (mi.movie_id = t.id)
  ->  Seq Scan on movie_info mi  (cost=0.00..346232.03 rows=7235534 width=4) (actual time=0.021..6383.538 rows=7286865 loops=1)
        Filter: (info_type_id < 8)
        Rows Removed by Filter: 7548855
  ->  Hash  (cost=61283.27..61283.27 rows=2528527 width=4) (actual time=1974.120..1974.120 rows=2528312 loops=1)
        Buckets: 131072  Batches: 64  Memory Usage: 2425kB
        ->  Seq Scan on title t  (cost=0.00..61283.27 rows=2528527 width=4) (actual time=0.016..1136.286 rows=2528312 loops=1)
Planning time: 5.098 ms
Execution time: 16303.622 ms
