Hash Join  (cost=118143.19..248349.36 rows=160512 width=0) (actual time=2430.500..6408.361 rows=2144908 loops=1)
  Hash Cond: (mk.movie_id = t.id)
  ->  Seq Scan on movie_keyword mk  (cost=0.00..81003.12 rows=4082913 width=4) (actual time=0.019..1889.431 rows=4086492 loops=1)
        Filter: (keyword_id < 40193)
        Rows Removed by Filter: 437438
  ->  Hash  (cost=116511.64..116511.64 rows=99404 width=8) (actual time=2429.513..2429.513 rows=192353 loops=1)
        Buckets: 131072 (originally 131072)  Batches: 4 (originally 2)  Memory Usage: 3073kB
        ->  Hash Join  (cost=82871.49..116511.64 rows=99404 width=8) (actual time=1645.291..2360.061 rows=192353 loops=1)
              Hash Cond: (mi_idx.movie_id = t.id)
              ->  Seq Scan on movie_info_idx mi_idx  (cost=0.00..25185.44 rows=460978 width=4) (actual time=0.026..492.594 rows=459925 loops=1)
                    Filter: (info_type_id = 99)
                    Rows Removed by Filter: 920110
              ->  Hash  (cost=73925.90..73925.90 rows=545247 width=4) (actual time=1478.737..1478.737 rows=557319 loops=1)
                    Buckets: 131072  Batches: 8  Memory Usage: 3485kB
                    ->  Seq Scan on title t  (cost=0.00..73925.90 rows=545247 width=4) (actual time=0.021..1312.977 rows=557319 loops=1)
                          Filter: ((production_year < 2011) AND (kind_id = 1))
                          Rows Removed by Filter: 1970993
Planning time: 1.293 ms
Execution time: 6668.514 ms
