Hash Join  (cost=83075.11..137742.96 rows=233 width=0) (actual time=1369.646..2490.522 rows=2298 loops=1)
  Hash Cond: (mc.movie_id = t.id)
  ->  Seq Scan on movie_companies mc  (cost=0.00..44881.29 rows=2609129 width=4) (actual time=0.007..672.240 rows=2609129 loops=1)
  ->  Hash  (cost=83072.29..83072.29 rows=226 width=8) (actual time=1367.594..1367.594 rows=394 loops=1)
        Buckets: 1024  Batches: 1  Memory Usage: 24kB
        ->  Nested Loop  (cost=0.43..83072.29 rows=226 width=8) (actual time=13.651..1367.209 rows=394 loops=1)
              ->  Seq Scan on movie_keyword mk  (cost=0.00..81003.12 rows=246 width=4) (actual time=0.096..1332.064 rows=407 loops=1)
                    Filter: (keyword_id = 334)
                    Rows Removed by Filter: 4523523
              ->  Index Scan using title_pkey on title t  (cost=0.43..8.40 rows=1 width=4) (actual time=0.083..0.084 rows=1 loops=407)
                    Index Cond: (id = mk.movie_id)
                    Filter: (production_year > 1940)
                    Rows Removed by Filter: 0
Planning time: 1.057 ms
Execution time: 2491.059 ms
