Hash Join  (cost=75570.05..585572.08 rows=2829910 width=0) (actual time=1411.088..16222.459 rows=4204382 loops=1)
  Hash Cond: (mi.movie_id = t.id)
  ->  Seq Scan on movie_info mi  (cost=0.00..309384.22 rows=14739122 width=4) (actual time=0.011..6101.797 rows=14835720 loops=1)
  ->  Hash  (cost=67604.59..67604.59 rows=485477 width=4) (actual time=1410.337..1410.337 rows=479601 loops=1)
        Buckets: 131072  Batches: 8  Memory Usage: 3131kB
        ->  Seq Scan on title t  (cost=0.00..67604.59 rows=485477 width=4) (actual time=0.014..1247.920 rows=479601 loops=1)
              Filter: (production_year < 1978)
              Rows Removed by Filter: 2048711
Planning time: 0.792 ms
Execution time: 16740.693 ms
