Hash Join  (cost=847522.46..969844.88 rows=765308 width=0) (actual time=15801.115..19187.760 rows=2065237 loops=1)
  Hash Cond: (mk.movie_id = t.id)
  ->  Seq Scan on movie_keyword mk  (cost=0.00..81003.12 rows=2666459 width=4) (actual time=0.024..1588.060 rows=2659185 loops=1)
        Filter: (keyword_id > 3149)
        Rows Removed by Filter: 1864745
  ->  Hash  (cost=835615.96..835615.96 rows=725720 width=8) (actual time=15799.964..15799.964 rows=773674 loops=1)
        Buckets: 131072  Batches: 16  Memory Usage: 2910kB
        ->  Hash Join  (cost=102767.86..835615.96 rows=725720 width=8) (actual time=8167.471..15581.557 rows=773674 loops=1)
              Hash Cond: (ci.movie_id = t.id)
              ->  Seq Scan on cast_info ci  (cost=0.00..705507.15 rows=725720 width=4) (actual time=5986.996..12400.781 rows=773674 loops=1)
                    Filter: (role_id = 6)
                    Rows Removed by Filter: 35470670
              ->  Hash  (cost=61283.27..61283.27 rows=2528527 width=4) (actual time=2178.711..2178.711 rows=2528312 loops=1)
                    Buckets: 131072  Batches: 64  Memory Usage: 2415kB
                    ->  Seq Scan on title t  (cost=0.00..61283.27 rows=2528527 width=4) (actual time=0.017..1037.350 rows=2528312 loops=1)
Planning time: 1.172 ms
Execution time: 19436.591 ms
