Nested Loop  (cost=25190.47..106244.59 rows=1 width=0) (actual time=1640.155..1724.610 rows=1 loops=1)
  ->  Hash Join  (cost=25190.04..106236.22 rows=1 width=8) (actual time=1640.049..1724.501 rows=1 loops=1)
        Hash Cond: (mk.movie_id = mi_idx.movie_id)
        ->  Seq Scan on movie_keyword mk  (cost=0.00..81003.12 rows=246 width=4) (actual time=12.632..1290.183 rows=43 loops=1)
              Filter: (keyword_id = 20934)
              Rows Removed by Filter: 4523887
        ->  Hash  (cost=25185.44..25185.44 rows=368 width=4) (actual time=434.116..434.116 rows=260 loops=1)
              Buckets: 1024  Batches: 1  Memory Usage: 18kB
              ->  Seq Scan on movie_info_idx mi_idx  (cost=0.00..25185.44 rows=368 width=4) (actual time=70.915..434.021 rows=260 loops=1)
                    Filter: (info_type_id > 101)
                    Rows Removed by Filter: 1379775
  ->  Index Only Scan using title_pkey on title t  (cost=0.43..8.36 rows=1 width=4) (actual time=0.077..0.079 rows=1 loops=1)
        Index Cond: (id = mi_idx.movie_id)
        Heap Fetches: 1
Planning time: 1.196 ms
Execution time: 1724.717 ms
