Seq Scan on movie_companies mc  (cost=0.00..51404.11 rows=598194 width=0) (actual time=1.157..895.615 rows=603737 loops=1)
  Filter: (company_id > 66543)
  Rows Removed by Filter: 2005392
Planning time: 0.372 ms
Execution time: 972.940 ms
