Hash Join  (cost=156487.41..1126750.32 rows=3581400 width=0) (actual time=6414.972..28746.887 rows=7199763 loops=1)
  Hash Cond: (ci.movie_id = t.id)
  ->  Seq Scan on cast_info ci  (cost=0.00..705507.15 rows=19644468 width=4) (actual time=2868.734..14139.120 rows=19808163 loops=1)
        Filter: (person_id > 1627356)
        Rows Removed by Filter: 16436181
  ->  Hash  (cost=148924.19..148924.19 rows=460978 width=8) (actual time=3545.258..3545.258 rows=459925 loops=1)
        Buckets: 131072  Batches: 8  Memory Usage: 3275kB
        ->  Hash Join  (cost=102767.86..148924.19 rows=460978 width=8) (actual time=2014.957..3409.036 rows=459925 loops=1)
              Hash Cond: (mi_idx.movie_id = t.id)
              ->  Seq Scan on movie_info_idx mi_idx  (cost=0.00..25185.44 rows=460978 width=4) (actual time=0.039..517.654 rows=459925 loops=1)
                    Filter: (info_type_id = 99)
                    Rows Removed by Filter: 920110
              ->  Hash  (cost=61283.27..61283.27 rows=2528527 width=4) (actual time=2012.420..2012.420 rows=2528312 loops=1)
                    Buckets: 131072  Batches: 64  Memory Usage: 2415kB
                    ->  Seq Scan on title t  (cost=0.00..61283.27 rows=2528527 width=4) (actual time=0.019..1164.284 rows=2528312 loops=1)
Planning time: 1.147 ms
Execution time: 29539.323 ms
