Hash Join  (cost=74730.49..127331.25 rows=7607 width=0) (actual time=1118.095..2174.135 rows=2950 loops=1)
  Hash Cond: (mc.movie_id = t.id)
  ->  Seq Scan on movie_companies mc  (cost=0.00..51404.11 rows=298821 width=4) (actual time=0.030..958.606 rows=292877 loops=1)
        Filter: (company_id < 160)
        Rows Removed by Filter: 2316252
  ->  Hash  (cost=73925.90..73925.90 rows=64367 width=4) (actual time=1117.667..1117.667 rows=53905 loops=1)
        Buckets: 65536  Batches: 1  Memory Usage: 2408kB
        ->  Seq Scan on title t  (cost=0.00..73925.90 rows=64367 width=4) (actual time=0.063..1096.867 rows=53905 loops=1)
              Filter: ((kind_id < 7) AND (production_year = 2012))
              Rows Removed by Filter: 2474407
Planning time: 0.798 ms
Execution time: 2174.980 ms
