Hash Join  (cost=209109.36..726982.92 rows=3567664 width=0) (actual time=4281.797..26619.964 rows=34019816 loops=1)
  Hash Cond: (mi.movie_id = t.id)
  ->  Seq Scan on movie_info mi  (cost=0.00..309384.22 rows=14739122 width=4) (actual time=0.013..6073.225 rows=14835720 loops=1)
  ->  Hash  (cost=199067.86..199067.86 rows=612040 width=8) (actual time=4279.881..4279.881 rows=771281 loops=1)
        Buckets: 131072 (originally 131072)  Batches: 16 (originally 8)  Memory Usage: 3073kB
        ->  Hash Join  (cost=93117.31..199067.86 rows=612040 width=8) (actual time=1681.565..4042.665 rows=771281 loops=1)
              Hash Cond: (mk.movie_id = t.id)
              ->  Seq Scan on movie_keyword mk  (cost=0.00..81003.12 rows=995204 width=4) (actual time=0.019..1381.226 rows=999842 loops=1)
                    Filter: (keyword_id < 956)
                    Rows Removed by Filter: 3524088
              ->  Hash  (cost=67604.59..67604.59 rows=1555018 width=4) (actual time=1680.350..1680.350 rows=1551727 loops=1)
                    Buckets: 131072  Batches: 32  Memory Usage: 2736kB
                    ->  Seq Scan on title t  (cost=0.00..67604.59 rows=1555018 width=4) (actual time=0.018..1161.581 rows=1551727 loops=1)
                          Filter: (production_year < 2007)
                          Rows Removed by Filter: 976585
Planning time: 1.183 ms
Execution time: 30486.822 ms
