Seq Scan on movie_companies mc  (cost=0.00..51404.11 rows=830890 width=0) (actual time=0.024..843.147 rows=839836 loops=1)
  Filter: (company_id > 26263)
  Rows Removed by Filter: 1769293
Planning time: 0.355 ms
Execution time: 948.622 ms
