Seq Scan on movie_companies mc  (cost=0.00..57926.93 rows=51 width=0) (actual time=33.675..780.388 rows=805 loops=1)
  Filter: ((company_id = 533) AND (company_type_id = 1))
  Rows Removed by Filter: 2608324
Planning time: 1.673 ms
Execution time: 780.575 ms
