Hash Join  (cost=74330.09..161566.65 rows=57852 width=0) (actual time=1788.507..3017.231 rows=43183 loops=1)
  Hash Cond: (mk.movie_id = t.id)
  ->  Seq Scan on movie_keyword mk  (cost=0.00..69693.30 rows=4523930 width=4) (actual time=0.025..1063.585 rows=4523930 loops=1)
  ->  Hash  (cost=73925.90..73925.90 rows=32335 width=4) (actual time=1061.555..1061.555 rows=29827 loops=1)
        Buckets: 32768  Batches: 1  Memory Usage: 1305kB
        ->  Seq Scan on title t  (cost=0.00..73925.90 rows=32335 width=4) (actual time=264.575..1049.198 rows=29827 loops=1)
              Filter: ((production_year > 2006) AND (kind_id = 2))
              Rows Removed by Filter: 2498485
Planning time: 0.827 ms
Execution time: 3022.801 ms
