Seq Scan on movie_keyword mk  (cost=0.00..81003.12 rows=487743 width=0) (actual time=0.011..1385.396 rows=482563 loops=1)
  Filter: (keyword_id > 37123)
  Rows Removed by Filter: 4041367
Planning time: 0.599 ms
Execution time: 1447.236 ms
