Hash Join  (cost=162269.98..966533.20 rows=819199 width=0) (actual time=2784.073..21089.088 rows=1416752 loops=1)
  Hash Cond: (ci.movie_id = t.id)
  ->  Seq Scan on cast_info ci  (cost=0.00..614943.12 rows=36225612 width=4) (actual time=0.016..8942.966 rows=36244344 loops=1)
  ->  Hash  (cost=161555.23..161555.23 rows=57180 width=8) (actual time=2783.679..2783.679 rows=32202 loops=1)
        Buckets: 65536  Batches: 1  Memory Usage: 1770kB
        ->  Hash Join  (cost=74325.39..161555.23 rows=57180 width=8) (actual time=1019.328..2771.961 rows=32202 loops=1)
              Hash Cond: (mk.movie_id = t.id)
              ->  Seq Scan on movie_keyword mk  (cost=0.00..69693.30 rows=4523930 width=4) (actual time=0.019..863.918 rows=4523930 loops=1)
              ->  Hash  (cost=73925.90..73925.90 rows=31959 width=4) (actual time=1019.123..1019.123 rows=18823 loops=1)
                    Buckets: 32768  Batches: 1  Memory Usage: 918kB
                    ->  Seq Scan on title t  (cost=0.00..73925.90 rows=31959 width=4) (actual time=220.828..1011.600 rows=18823 loops=1)
                          Filter: ((production_year > 2007) AND (kind_id = 3))
                          Rows Removed by Filter: 2509489
Planning time: 1.218 ms
Execution time: 21278.841 ms
