Hash Join  (cost=330052.08..1087156.26 rows=20808153 width=0) (actual time=7288.816..65192.638 rows=188828648 loops=1)
  Hash Cond: (mi.movie_id = t.id)
  ->  Seq Scan on movie_info mi  (cost=0.00..309384.22 rows=14739122 width=4) (actual time=0.026..6287.599 rows=14835720 loops=1)
  ->  Hash  (cost=271486.06..271486.06 rows=3569682 width=8) (actual time=7285.869..7285.869 rows=3322338 loops=1)
        Buckets: 131072  Batches: 64  Memory Usage: 3118kB
        ->  Hash Join  (cost=100338.29..271486.06 rows=3569682 width=8) (actual time=1945.130..6378.364 rows=3322338 loops=1)
              Hash Cond: (mk.movie_id = t.id)
              ->  Seq Scan on movie_keyword mk  (cost=0.00..69693.30 rows=4523930 width=4) (actual time=0.021..1371.909 rows=4523930 loops=1)
              ->  Hash  (cost=67604.59..67604.59 rows=1995176 width=4) (actual time=1944.071..1944.071 rows=1990655 loops=1)
                    Buckets: 131072  Batches: 32  Memory Usage: 3227kB
                    ->  Seq Scan on title t  (cost=0.00..67604.59 rows=1995176 width=4) (actual time=0.016..1306.761 rows=1990655 loops=1)
                          Filter: (production_year > 1976)
                          Rows Removed by Filter: 537657
Planning time: 4.762 ms
Execution time: 86357.137 ms
