Hash Join  (cost=854412.43..900495.04 rows=489013 width=0) (actual time=16804.489..18321.359 rows=1008218 loops=1)
  Hash Cond: (mi_idx.movie_id = t.id)
  ->  Seq Scan on movie_info_idx mi_idx  (cost=0.00..21735.35 rows=1380035 width=4) (actual time=0.015..438.022 rows=1380035 loops=1)
  ->  Hash  (cost=839712.68..839712.68 rows=895980 width=8) (actual time=16803.549..16803.549 rows=898389 loops=1)
        Buckets: 131072  Batches: 16  Memory Usage: 3213kB
        ->  Hash Join  (cost=102767.86..839712.68 rows=895980 width=8) (actual time=3805.620..16539.715 rows=898389 loops=1)
              Hash Cond: (ci.movie_id = t.id)
              ->  Seq Scan on cast_info ci  (cost=0.00..705507.15 rows=895980 width=4) (actual time=1772.573..13291.964 rows=898389 loops=1)
                    Filter: (role_id = 5)
                    Rows Removed by Filter: 35345955
              ->  Hash  (cost=61283.27..61283.27 rows=2528527 width=4) (actual time=1824.172..1824.172 rows=2528312 loops=1)
                    Buckets: 131072  Batches: 64  Memory Usage: 2415kB
                    ->  Seq Scan on title t  (cost=0.00..61283.27 rows=2528527 width=4) (actual time=0.028..988.133 rows=2528312 loops=1)
Planning time: 1.187 ms
Execution time: 18441.993 ms
