Seq Scan on cast_info ci  (cost=0.00..796071.18 rows=2388380 width=0) (actual time=967.326..11684.368 rows=4843637 loops=1)
  Filter: ((person_id < 650428) AND (role_id < 2))
  Rows Removed by Filter: 31400707
Planning time: 4.562 ms
Execution time: 12290.243 ms
