Hash Join  (cost=83810.17..156349.94 rows=271525 width=0) (actual time=1503.641..3139.548 rows=638623 loops=1)
  Hash Cond: (mc.movie_id = t.id)
  ->  Seq Scan on movie_companies mc  (cost=0.00..57926.93 rows=695088 width=4) (actual time=83.952..1051.197 rows=955462 loops=1)
        Filter: ((company_id < 12308) AND (company_type_id = 1))
        Rows Removed by Filter: 1653667
  ->  Hash  (cost=67604.59..67604.59 rows=987727 width=4) (actual time=1418.815..1418.815 rows=985048 loops=1)
        Buckets: 131072  Batches: 16  Memory Usage: 3188kB
        ->  Seq Scan on title t  (cost=0.00..67604.59 rows=987727 width=4) (actual time=0.036..1102.543 rows=985048 loops=1)
              Filter: (kind_id < 7)
              Rows Removed by Filter: 1543264
Planning time: 4.169 ms
Execution time: 3199.478 ms
