Hash Join  (cost=102767.86..171348.38 rows=32221 width=0) (actual time=2178.390..3190.258 rows=6578 loops=1)
  Hash Cond: (mc.movie_id = t.id)
  ->  Seq Scan on movie_companies mc  (cost=0.00..57926.93 rows=32221 width=4) (actual time=361.215..929.098 rows=6578 loops=1)
        Filter: ((company_type_id > 1) AND (company_id = 6))
        Rows Removed by Filter: 2602551
  ->  Hash  (cost=61283.27..61283.27 rows=2528527 width=4) (actual time=1812.953..1812.953 rows=2528312 loops=1)
        Buckets: 131072  Batches: 64  Memory Usage: 2415kB
        ->  Seq Scan on title t  (cost=0.00..61283.27 rows=2528527 width=4) (actual time=0.011..955.629 rows=2528312 loops=1)
Planning time: 0.627 ms
Execution time: 3191.214 ms
