Seq Scan on movie_keyword mk  (cost=0.00..81003.12 rows=2210742 width=0) (actual time=0.016..1470.576 rows=2212215 loops=1)
  Filter: (keyword_id < 4472)
  Rows Removed by Filter: 2311715
Planning time: 0.331 ms
Execution time: 1744.794 ms
