Hash Join  (cost=102767.86..281809.16 rows=3663765 width=0) (actual time=1855.662..6771.541 rows=3656252 loops=1)
  Hash Cond: (mk.movie_id = t.id)
  ->  Seq Scan on movie_keyword mk  (cost=0.00..81003.12 rows=3663765 width=4) (actual time=0.020..1739.866 rows=3656252 loops=1)
        Filter: (keyword_id < 21225)
        Rows Removed by Filter: 867678
  ->  Hash  (cost=61283.27..61283.27 rows=2528527 width=4) (actual time=1853.179..1853.179 rows=2528312 loops=1)
        Buckets: 131072  Batches: 64  Memory Usage: 2425kB
        ->  Seq Scan on title t  (cost=0.00..61283.27 rows=2528527 width=4) (actual time=0.010..994.253 rows=2528312 loops=1)
Planning time: 1.036 ms
Execution time: 7214.900 ms
