Hash Join  (cost=94973.51..230863.16 rows=1643997 width=0) (actual time=2710.629..6547.642 rows=700755 loops=1)
  Hash Cond: (mk.movie_id = t.id)
  ->  Seq Scan on movie_keyword mk  (cost=0.00..81003.12 rows=2491910 width=4) (actual time=0.032..1529.410 rows=2487830 loops=1)
        Filter: (keyword_id > 3636)
        Rows Removed by Filter: 2036100
  ->  Hash  (cost=67604.59..67604.59 rows=1668154 width=4) (actual time=2707.244..2707.244 rows=1674098 loops=1)
        Buckets: 131072  Batches: 32  Memory Usage: 2875kB
        ->  Seq Scan on title t  (cost=0.00..67604.59 rows=1668154 width=4) (actual time=0.014..1233.126 rows=1674098 loops=1)
              Filter: (kind_id > 3)
              Rows Removed by Filter: 854214
Planning time: 0.720 ms
Execution time: 6641.537 ms
