Hash Join  (cost=85377.17..453504.96 rows=369410 width=0) (actual time=2087.968..7440.099 rows=276681 loops=1)
  Hash Cond: (mi.movie_id = t.id)
  ->  Seq Scan on movie_info mi  (cost=0.00..346232.03 rows=1338312 width=4) (actual time=576.211..5126.029 rows=1401902 loops=1)
        Filter: (info_type_id = 7)
        Rows Removed by Filter: 13433818
  ->  Hash  (cost=73925.90..73925.90 rows=697941 width=4) (actual time=1510.585..1510.585 rows=604056 loops=1)
        Buckets: 131072  Batches: 16  Memory Usage: 2355kB
        ->  Seq Scan on title t  (cost=0.00..73925.90 rows=697941 width=4) (actual time=0.139..1304.566 rows=604056 loops=1)
              Filter: ((kind_id > 4) AND (production_year < 2002))
              Rows Removed by Filter: 1924256
Planning time: 0.637 ms
Execution time: 7474.394 ms
