Hash Join  (cost=102767.86..1668441.29 rows=35336633 width=0) (actual time=1783.758..50178.761 rows=35483277 loops=1)
  Hash Cond: (ci.movie_id = t.id)
  ->  Seq Scan on cast_info ci  (cost=0.00..705507.15 rows=35336633 width=4) (actual time=0.019..17397.603 rows=35483277 loops=1)
        Filter: (person_id > 80924)
        Rows Removed by Filter: 761067
  ->  Hash  (cost=61283.27..61283.27 rows=2528527 width=4) (actual time=1782.658..1782.658 rows=2528312 loops=1)
        Buckets: 131072  Batches: 64  Memory Usage: 2415kB
        ->  Seq Scan on title t  (cost=0.00..61283.27 rows=2528527 width=4) (actual time=0.019..957.413 rows=2528312 loops=1)
Planning time: 0.874 ms
Execution time: 54182.923 ms
