Hash Join  (cost=1023501.64..1716569.07 rows=16533370 width=0) (actual time=16755.573..38294.199 rows=24853635 loops=1)
  Hash Cond: (mi.movie_id = t.id)
  ->  Seq Scan on movie_info mi  (cost=0.00..309384.22 rows=14739122 width=4) (actual time=0.006..6381.486 rows=14835720 loops=1)
  ->  Hash  (cost=976967.46..976967.46 rows=2836334 width=8) (actual time=16753.015..16753.015 rows=1747233 loops=1)
        Buckets: 131072  Batches: 64  Memory Usage: 2116kB
        ->  Hash Join  (cost=102767.86..976967.46 rows=2836334 width=8) (actual time=2718.615..16220.732 rows=1747233 loops=1)
              Hash Cond: (ci.movie_id = t.id)
              ->  Seq Scan on cast_info ci  (cost=0.00..796071.18 rows=2836334 width=4) (actual time=800.613..12391.458 rows=1747233 loops=1)
                    Filter: ((person_id < 601846) AND (role_id > 2))
                    Rows Removed by Filter: 34497111
              ->  Hash  (cost=61283.27..61283.27 rows=2528527 width=4) (actual time=1916.013..1916.013 rows=2528312 loops=1)
                    Buckets: 131072  Batches: 64  Memory Usage: 2415kB
                    ->  Seq Scan on title t  (cost=0.00..61283.27 rows=2528527 width=4) (actual time=0.027..1098.807 rows=2528312 loops=1)
Planning time: 1.186 ms
Execution time: 41039.779 ms
