Hash Join  (cost=101634.47..466809.48 rows=51910 width=0) (actual time=1839.911..9384.252 rows=234776 loops=1)
  Hash Cond: (mi.movie_id = t.id)
  ->  Seq Scan on movie_info mi  (cost=0.00..309384.22 rows=14739122 width=4) (actual time=0.014..4040.361 rows=14835720 loops=1)
  ->  Hash  (cost=101523.16..101523.16 rows=8905 width=8) (actual time=1834.975..1834.975 rows=13202 loops=1)
        Buckets: 16384  Batches: 1  Memory Usage: 644kB
        ->  Hash Join  (cost=74545.71..101523.16 rows=8905 width=8) (actual time=1190.142..1829.241 rows=13202 loops=1)
              Hash Cond: (mi_idx.movie_id = t.id)
              ->  Seq Scan on movie_info_idx mi_idx  (cost=0.00..25185.44 rows=454124 width=4) (actual time=0.028..498.198 rows=459925 loops=1)
                    Filter: (info_type_id = 100)
                    Rows Removed by Filter: 920110
              ->  Hash  (cost=73925.90..73925.90 rows=49584 width=4) (actual time=1189.749..1189.749 rows=38752 loops=1)
                    Buckets: 65536  Batches: 1  Memory Usage: 1875kB
                    ->  Seq Scan on title t  (cost=0.00..73925.90 rows=49584 width=4) (actual time=0.170..1172.721 rows=38752 loops=1)
                          Filter: ((kind_id < 7) AND (production_year = 2008))
                          Rows Removed by Filter: 2489560
Planning time: 1.190 ms
Execution time: 9420.032 ms
