Seq Scan on movie_keyword mk  (cost=0.00..81003.12 rows=554236 width=0) (actual time=0.027..1209.606 rows=552985 loops=1)
  Filter: (keyword_id > 33400)
  Rows Removed by Filter: 3970945
Planning time: 0.323 ms
Execution time: 1278.338 ms
