Seq Scan on movie_keyword mk  (cost=0.00..81003.12 rows=640386 width=0) (actual time=0.014..1369.431 rows=641726 loops=1)
  Filter: (keyword_id < 498)
  Rows Removed by Filter: 3882204
Planning time: 0.236 ms
Execution time: 1452.687 ms
