Hash Join  (cost=73955.49..160655.88 rows=4235 width=0) (actual time=1335.247..2769.727 rows=19993 loops=1)
  Hash Cond: (mk.movie_id = t.id)
  ->  Seq Scan on movie_keyword mk  (cost=0.00..69693.30 rows=4523930 width=4) (actual time=0.020..917.481 rows=4523930 loops=1)
  ->  Hash  (cost=73925.90..73925.90 rows=2367 width=4) (actual time=1048.135..1048.135 rows=3811 loops=1)
        Buckets: 4096  Batches: 1  Memory Usage: 166kB
        ->  Seq Scan on title t  (cost=0.00..73925.90 rows=2367 width=4) (actual time=0.013..1046.353 rows=3811 loops=1)
              Filter: ((kind_id = 4) AND (production_year = 2000))
              Rows Removed by Filter: 2524501
Planning time: 1.181 ms
Execution time: 2772.514 ms
