Hash Join  (cost=156632.57..215249.87 rows=73994 width=0) (actual time=3343.176..4568.011 rows=194695 loops=1)
  Hash Cond: (mc.movie_id = t.id)
  ->  Seq Scan on movie_companies mc  (cost=0.00..51404.11 rows=402732 width=4) (actual time=0.023..889.512 rows=401412 loops=1)
        Filter: (company_id < 253)
        Rows Removed by Filter: 2207717
  ->  Hash  (cost=149010.49..149010.49 rows=464566 width=8) (actual time=3342.459..3342.459 rows=459925 loops=1)
        Buckets: 131072  Batches: 8  Memory Usage: 3275kB
        ->  Hash Join  (cost=102767.86..149010.49 rows=464566 width=8) (actual time=1848.969..3200.990 rows=459925 loops=1)
              Hash Cond: (mi_idx.movie_id = t.id)
              ->  Seq Scan on movie_info_idx mi_idx  (cost=0.00..25185.44 rows=464566 width=4) (actual time=0.010..501.697 rows=459925 loops=1)
                    Filter: (info_type_id = 101)
                    Rows Removed by Filter: 920110
              ->  Hash  (cost=61283.27..61283.27 rows=2528527 width=4) (actual time=1846.689..1846.689 rows=2528312 loops=1)
                    Buckets: 131072  Batches: 64  Memory Usage: 2415kB
                    ->  Seq Scan on title t  (cost=0.00..61283.27 rows=2528527 width=4) (actual time=0.016..1036.638 rows=2528312 loops=1)
Planning time: 2.055 ms
Execution time: 4593.745 ms
