Hash Join  (cost=87069.22..128924.79 rows=291167 width=0) (actual time=1502.768..2826.440 rows=554624 loops=1)
  Hash Cond: (mi_idx.movie_id = t.id)
  ->  Seq Scan on movie_info_idx mi_idx  (cost=0.00..25185.44 rows=919057 width=4) (actual time=0.024..542.053 rows=920110 loops=1)
        Filter: (info_type_id > 99)
        Rows Removed by Filter: 459925
  ->  Hash  (cost=73925.90..73925.90 rows=801065 width=4) (actual time=1501.623..1501.623 rows=740600 loops=1)
        Buckets: 131072  Batches: 16  Memory Usage: 2650kB
        ->  Seq Scan on title t  (cost=0.00..73925.90 rows=801065 width=4) (actual time=0.022..1262.815 rows=740600 loops=1)
              Filter: ((kind_id < 4) AND (production_year > 1926))
              Rows Removed by Filter: 1787712
Planning time: 6.973 ms
Execution time: 2896.839 ms
