Hash Join  (cost=74710.74..101963.90 rows=34268 width=0) (actual time=1153.924..1829.007 rows=37971 loops=1)
  Hash Cond: (mi_idx.movie_id = t.id)
  ->  Seq Scan on movie_info_idx mi_idx  (cost=0.00..21735.35 rows=1380035 width=4) (actual time=0.027..329.842 rows=1380035 loops=1)
  ->  Hash  (cost=73925.90..73925.90 rows=62787 width=4) (actual time=1153.491..1153.491 rows=53770 loops=1)
        Buckets: 65536  Batches: 1  Memory Usage: 2403kB
        ->  Seq Scan on title t  (cost=0.00..73925.90 rows=62787 width=4) (actual time=0.033..1131.337 rows=53770 loops=1)
              Filter: ((kind_id < 7) AND (production_year = 2011))
              Rows Removed by Filter: 2474542
Planning time: 0.740 ms
Execution time: 1834.454 ms
