Hash Join  (cost=130451.85..495197.96 rows=9018 width=0) (actual time=2218.598..9767.231 rows=187756 loops=1)
  Hash Cond: (mi.movie_id = t.id)
  ->  Seq Scan on movie_info mi  (cost=0.00..309384.22 rows=14739122 width=4) (actual time=0.007..4435.975 rows=14835720 loops=1)
  ->  Hash  (cost=130432.52..130432.52 rows=1547 width=8) (actual time=2218.491..2218.491 rows=5811 loops=1)
        Buckets: 8192 (originally 2048)  Batches: 1 (originally 1)  Memory Usage: 291kB
        ->  Hash Join  (cost=73962.22..130432.52 rows=1547 width=8) (actual time=1129.918..2216.066 rows=5811 loops=1)
              Hash Cond: (mc.movie_id = t.id)
              ->  Seq Scan on movie_companies mc  (cost=0.00..51404.11 rows=1346858 width=4) (actual time=0.014..863.168 rows=1335343 loops=1)
                    Filter: (company_id < 11420)
                    Rows Removed by Filter: 1273786
              ->  Hash  (cost=73925.90..73925.90 rows=2905 width=4) (actual time=1128.935..1128.935 rows=5989 loops=1)
                    Buckets: 8192 (originally 4096)  Batches: 1 (originally 1)  Memory Usage: 275kB
                    ->  Seq Scan on title t  (cost=0.00..73925.90 rows=2905 width=4) (actual time=4.534..1125.740 rows=5989 loops=1)
                          Filter: ((kind_id < 7) AND (production_year = 1972))
                          Rows Removed by Filter: 2522323
Planning time: 1.284 ms
Execution time: 9797.944 ms
