Hash Join  (cost=75227.65..166086.55 rows=25216 width=0) (actual time=1353.629..3297.954 rows=14441 loops=1)
  Hash Cond: (mk.movie_id = t.id)
  ->  Seq Scan on movie_keyword mk  (cost=0.00..81003.12 rows=803629 width=4) (actual time=0.021..1398.300 rows=809701 loops=1)
        Filter: (keyword_id > 22831)
        Rows Removed by Filter: 3714229
  ->  Hash  (cost=73925.90..73925.90 rows=79340 width=4) (actual time=1350.273..1350.273 rows=92312 loops=1)
        Buckets: 131072  Batches: 2  Memory Usage: 2654kB
        ->  Seq Scan on title t  (cost=0.00..73925.90 rows=79340 width=4) (actual time=0.014..1311.502 rows=92312 loops=1)
              Filter: ((kind_id > 1) AND (production_year = 2006))
              Rows Removed by Filter: 2436000
Planning time: 0.772 ms
Execution time: 3300.254 ms
