Seq Scan on title t  (cost=0.00..73925.90 rows=702340 width=0) (actual time=0.024..1215.566 rows=603836 loops=1)
  Filter: ((kind_id < 7) AND (production_year > 1988))
  Rows Removed by Filter: 1924476
Planning time: 0.391 ms
Execution time: 1292.445 ms
