Seq Scan on movie_keyword mk  (cost=0.00..81003.12 rows=246 width=0) (actual time=0.097..1219.707 rows=4326 loops=1)
  Filter: (keyword_id = 585)
  Rows Removed by Filter: 4519604
Planning time: 0.310 ms
Execution time: 1220.869 ms
