Hash Join  (cost=78556.72..155826.39 rows=311046 width=0) (actual time=1361.942..3380.128 rows=651028 loops=1)
  Hash Cond: (mc.movie_id = t.id)
  ->  Seq Scan on movie_companies mc  (cost=0.00..57926.93 rows=1178205 width=4) (actual time=0.033..1177.209 rows=1110454 loops=1)
        Filter: ((company_id > 67) AND (company_type_id = 1))
        Rows Removed by Filter: 1498675
  ->  Hash  (cost=67604.59..67604.59 rows=667531 width=4) (actual time=1360.989..1360.989 rows=662825 loops=1)
        Buckets: 131072  Batches: 16  Memory Usage: 2476kB
        ->  Seq Scan on title t  (cost=0.00..67604.59 rows=667531 width=4) (actual time=320.422..1170.647 rows=662825 loops=1)
              Filter: (kind_id = 1)
              Rows Removed by Filter: 1865487
Planning time: 0.776 ms
Execution time: 3463.106 ms
