Seq Scan on movie_keyword mk  (cost=0.00..81003.12 rows=1122806 width=0) (actual time=0.016..1316.511 rows=1131662 loops=1)
  Filter: (keyword_id < 1239)
  Rows Removed by Filter: 3392268
Planning time: 0.287 ms
Execution time: 1460.640 ms
