Seq Scan on movie_keyword mk  (cost=0.00..81003.12 rows=246 width=0) (actual time=0.044..1197.558 rows=1535 loops=1)
  Filter: (keyword_id = 2193)
  Rows Removed by Filter: 4522395
Planning time: 0.321 ms
Execution time: 1198.155 ms
