Seq Scan on cast_info ci  (cost=0.00..796071.18 rows=3935445 width=0) (actual time=7583.530..14143.718 rows=5903194 loops=1)
  Filter: ((person_id > 1776135) AND (role_id > 6))
  Rows Removed by Filter: 30341150
Planning time: 0.321 ms
Execution time: 14863.832 ms
