Hash Join  (cost=155768.42..649980.79 rows=1350144 width=0) (actual time=3667.543..19975.897 rows=10145468 loops=1)
  Hash Cond: (mi.movie_id = t.id)
  ->  Seq Scan on movie_info mi  (cost=0.00..309384.22 rows=14739122 width=4) (actual time=0.018..6177.668 rows=14835720 loops=1)
  ->  Hash  (cost=151968.17..151968.17 rows=231620 width=8) (actual time=3666.749..3666.749 rows=475783 loops=1)
        Buckets: 131072 (originally 131072)  Batches: 8 (originally 4)  Memory Usage: 3370kB
        ->  Hash Join  (cost=81152.82..151968.17 rows=231620 width=8) (actual time=2312.241..3524.234 rows=475783 loops=1)
              Hash Cond: (mc.movie_id = t.id)
              ->  Seq Scan on movie_companies mc  (cost=0.00..51404.11 rows=1329612 width=4) (actual time=254.222..985.600 rows=1334883 loops=1)
                    Filter: (company_type_id > 1)
                    Rows Removed by Filter: 1274246
              ->  Hash  (cost=73925.90..73925.90 rows=440473 width=4) (actual time=1678.284..1678.284 rows=473918 loops=1)
                    Buckets: 131072  Batches: 8  Memory Usage: 3117kB
                    ->  Seq Scan on title t  (cost=0.00..73925.90 rows=440473 width=4) (actual time=450.140..1526.749 rows=473918 loops=1)
                          Filter: ((production_year < 2008) AND (kind_id = 1))
                          Rows Removed by Filter: 2054394
Planning time: 2.221 ms
Execution time: 21277.772 ms
