Hash Join  (cost=74547.77..160734.09 rows=25839 width=0) (actual time=1111.841..2806.882 rows=50546 loops=1)
  Hash Cond: (mk.movie_id = t.id)
  ->  Seq Scan on movie_keyword mk  (cost=0.00..81003.12 rows=1313282 width=4) (actual time=0.024..1438.106 rows=1324970 loops=1)
        Filter: (keyword_id > 13046)
        Rows Removed by Filter: 3198960
  ->  Hash  (cost=73925.90..73925.90 rows=49749 width=4) (actual time=1111.398..1111.398 rows=44012 loops=1)
        Buckets: 65536  Batches: 1  Memory Usage: 2060kB
        ->  Seq Scan on title t  (cost=0.00..73925.90 rows=49749 width=4) (actual time=0.269..1094.111 rows=44012 loops=1)
              Filter: ((kind_id < 7) AND (production_year = 2009))
              Rows Removed by Filter: 2484300
Planning time: 0.794 ms
Execution time: 2814.038 ms
