Hash Join  (cost=287362.04..928893.77 rows=13430190 width=0) (actual time=8367.791..47305.032 rows=117628834 loops=1)
  Hash Cond: (mi.movie_id = t.id)
  ->  Seq Scan on movie_info mi  (cost=0.00..309384.22 rows=14739122 width=4) (actual time=0.007..6322.393 rows=14835720 loops=1)
  ->  Hash  (cost=249562.32..249562.32 rows=2303977 width=8) (actual time=8366.478..8366.478 rows=2059185 loops=1)
        Buckets: 131072  Batches: 32  Memory Usage: 3580kB
        ->  Hash Join  (cost=98098.54..249562.32 rows=2303977 width=8) (actual time=2707.429..7737.740 rows=2059185 loops=1)
              Hash Cond: (mk.movie_id = t.id)
              ->  Seq Scan on movie_keyword mk  (cost=0.00..81003.12 rows=3134378 width=4) (actual time=0.016..1861.823 rows=3118788 loops=1)
                    Filter: (keyword_id < 11914)
                    Rows Removed by Filter: 1405142
              ->  Hash  (cost=67604.59..67604.59 rows=1858636 width=4) (actual time=2706.500..2706.500 rows=1852807 loops=1)
                    Buckets: 131072  Batches: 32  Memory Usage: 3075kB
                    ->  Seq Scan on title t  (cost=0.00..67604.59 rows=1858636 width=4) (actual time=0.153..1336.293 rows=1852807 loops=1)
                          Filter: (production_year > 1985)
                          Rows Removed by Filter: 675505
Planning time: 0.994 ms
Execution time: 60132.216 ms
