Seq Scan on cast_info ci  (cost=0.00..705507.15 rows=29327151 width=0) (actual time=0.014..13773.607 rows=29264711 loops=1)
  Filter: (person_id < 2967421)
  Rows Removed by Filter: 6979633
Planning time: 0.338 ms
Execution time: 17401.029 ms
