Seq Scan on cast_info ci  (cost=0.00..705507.15 rows=500 width=0) (actual time=10858.516..10955.150 rows=3 loops=1)
  Filter: (person_id = 2057109)
  Rows Removed by Filter: 36244341
Planning time: 2.242 ms
Execution time: 10955.227 ms
