Hash Join  (cost=75752.64..114487.79 rows=60767 width=0) (actual time=1338.330..2233.078 rows=83541 loops=1)
  Hash Cond: (mi_idx.movie_id = t.id)
  ->  Seq Scan on movie_info_idx mi_idx  (cost=0.00..21735.35 rows=1380035 width=4) (actual time=0.023..420.351 rows=1380035 loops=1)
  ->  Hash  (cost=73925.90..73925.90 rows=111339 width=4) (actual time=1337.552..1337.552 rows=117920 loops=1)
        Buckets: 131072  Batches: 2  Memory Usage: 3095kB
        ->  Seq Scan on title t  (cost=0.00..73925.90 rows=111339 width=4) (actual time=0.016..1295.017 rows=117920 loops=1)
              Filter: ((production_year > 0) AND (kind_id = 4))
              Rows Removed by Filter: 2410392
Planning time: 0.682 ms
Execution time: 2244.099 ms
