Seq Scan on cast_info ci  (cost=0.00..705507.15 rows=34723913 width=0) (actual time=0.016..14162.467 rows=34735359 loops=1)
  Filter: (person_id < 3764608)
  Rows Removed by Filter: 1508985
Planning time: 1.380 ms
Execution time: 18471.641 ms
