Seq Scan on cast_info ci  (cost=0.00..796071.18 rows=3248026 width=0) (actual time=4666.476..13077.075 rows=6108393 loops=1)
  Filter: ((person_id > 2278563) AND (role_id > 5))
  Rows Removed by Filter: 30135951
Planning time: 0.356 ms
Execution time: 13832.901 ms
