Hash Join  (cost=69928.56..188282.06 rows=169980 width=0) (actual time=1113.468..3701.603 rows=122026 loops=1)
  Hash Cond: (mk.movie_id = t.id)
  ->  Seq Scan on movie_keyword mk  (cost=0.00..81003.12 rows=3035352 width=4) (actual time=0.014..1684.325 rows=3023311 loops=1)
        Filter: (keyword_id > 2158)
        Rows Removed by Filter: 1500619
  ->  Hash  (cost=67604.59..67604.59 rows=141598 width=4) (actual time=1112.623..1112.623 rows=141703 loops=1)
        Buckets: 131072  Batches: 2  Memory Usage: 3517kB
        ->  Seq Scan on title t  (cost=0.00..67604.59 rows=141598 width=4) (actual time=0.023..1058.015 rows=141703 loops=1)
              Filter: (production_year = 2010)
              Rows Removed by Filter: 2386609
Planning time: 0.790 ms
Execution time: 3716.678 ms
