Seq Scan on title t  (cost=0.00..73925.90 rows=44184 width=0) (actual time=0.020..1109.458 rows=35489 loops=1)
  Filter: ((kind_id < 7) AND (production_year = 2007))
  Rows Removed by Filter: 2492823
Planning time: 0.376 ms
Execution time: 1115.254 ms
