Hash Join  (cost=84571.72..452247.76 rows=343435 width=0) (actual time=5537.781..8249.256 rows=992276 loops=1)
  Hash Cond: (mi.movie_id = t.id)
  ->  Seq Scan on movie_info mi  (cost=0.00..346232.03 rows=1338312 width=4) (actual time=3751.860..5742.117 rows=1401902 loops=1)
        Filter: (info_type_id = 7)
        Rows Removed by Filter: 13433818
  ->  Hash  (cost=73925.90..73925.90 rows=648865 width=4) (actual time=1547.026..1547.026 rows=656311 loops=1)
        Buckets: 131072  Batches: 16  Memory Usage: 2471kB
        ->  Seq Scan on title t  (cost=0.00..73925.90 rows=648865 width=4) (actual time=0.025..1341.842 rows=656311 loops=1)
              Filter: ((production_year > 0) AND (kind_id = 1))
              Rows Removed by Filter: 1872001
Planning time: 0.964 ms
Execution time: 8360.329 ms
