Hash Join  (cost=74007.21..128739.84 rows=6711 width=0) (actual time=944.119..2053.321 rows=8099 loops=1)
  Hash Cond: (mc.movie_id = t.id)
  ->  Seq Scan on movie_companies mc  (cost=0.00..44881.29 rows=2609129 width=4) (actual time=0.031..607.315 rows=2609129 loops=1)
  ->  Hash  (cost=73925.90..73925.90 rows=6504 width=4) (actual time=943.879..943.879 rows=3580 loops=1)
        Buckets: 8192  Batches: 1  Memory Usage: 190kB
        ->  Seq Scan on title t  (cost=0.00..73925.90 rows=6504 width=4) (actual time=445.025..942.145 rows=3580 loops=1)
              Filter: ((kind_id = 3) AND (production_year = 2011))
              Rows Removed by Filter: 2524732
Planning time: 0.800 ms
Execution time: 2054.776 ms
