Hash Join  (cost=83073.61..109984.40 rows=31 width=0) (actual time=1238.262..1773.772 rows=51 loops=1)
  Hash Cond: (mi_idx.movie_id = t.id)
  ->  Seq Scan on movie_info_idx mi_idx  (cost=0.00..21735.35 rows=1380035 width=4) (actual time=0.017..300.710 rows=1380035 loops=1)
  ->  Hash  (cost=83072.90..83072.90 rows=57 width=8) (actual time=1232.868..1232.868 rows=23 loops=1)
        Buckets: 1024  Batches: 1  Memory Usage: 9kB
        ->  Nested Loop  (cost=0.43..83072.90 rows=57 width=8) (actual time=77.252..1232.838 rows=23 loops=1)
              ->  Seq Scan on movie_keyword mk  (cost=0.00..81003.12 rows=246 width=4) (actual time=0.367..1186.511 rows=555 loops=1)
                    Filter: (keyword_id = 3225)
                    Rows Removed by Filter: 4523375
              ->  Index Scan using title_pkey on title t  (cost=0.43..8.40 rows=1 width=4) (actual time=0.082..0.082 rows=0 loops=555)
                    Index Cond: (id = mk.movie_id)
                    Filter: ((kind_id > 1) AND (production_year > 2007))
                    Rows Removed by Filter: 1
Planning time: 1.279 ms
Execution time: 1773.958 ms
