Hash Join  (cost=52284.86..803557.54 rows=352 width=0) (actual time=2562.896..15884.265 rows=1255 loops=1)
  Hash Cond: (ci.movie_id = t.id)
  ->  Seq Scan on cast_info ci  (cost=0.00..705507.15 rows=12203201 width=4) (actual time=1694.637..13362.789 rows=12113646 loops=1)
        Filter: (role_id > 3)
        Rows Removed by Filter: 24130698
  ->  Hash  (cost=52283.95..52283.95 rows=73 width=8) (actual time=866.690..866.690 rows=195 loops=1)
        Buckets: 1024  Batches: 1  Memory Usage: 16kB
        ->  Nested Loop  (cost=0.43..52283.95 rows=73 width=8) (actual time=1.208..866.507 rows=195 loops=1)
              ->  Seq Scan on movie_companies mc  (cost=0.00..51404.11 rows=104 width=4) (actual time=0.208..808.388 rows=1140 loops=1)
                    Filter: (company_id = 6012)
                    Rows Removed by Filter: 2607989
              ->  Index Scan using title_pkey on title t  (cost=0.43..8.45 rows=1 width=4) (actual time=0.050..0.050 rows=0 loops=1140)
                    Index Cond: (id = mc.movie_id)
                    Filter: (kind_id > 2)
                    Rows Removed by Filter: 1
Planning time: 1.476 ms
Execution time: 15885.155 ms
