Hash Join  (cost=85435.26..129697.26 rows=382852 width=0) (actual time=1476.870..2912.093 rows=798605 loops=1)
  Hash Cond: (mi_idx.movie_id = t.id)
  ->  Seq Scan on movie_info_idx mi_idx  (cost=0.00..21735.35 rows=1380035 width=4) (actual time=0.020..434.873 rows=1380035 loops=1)
  ->  Hash  (cost=73925.90..73925.90 rows=701468 width=4) (actual time=1474.836..1474.836 rows=749931 loops=1)
        Buckets: 131072  Batches: 16  Memory Usage: 2673kB
        ->  Seq Scan on title t  (cost=0.00..73925.90 rows=701468 width=4) (actual time=0.017..1236.496 rows=749931 loops=1)
              Filter: ((kind_id < 7) AND (production_year < 2009))
              Rows Removed by Filter: 1778381
Planning time: 0.874 ms
Execution time: 3007.372 ms
