Hash Join  (cost=156179.10..543047.58 rows=378863 width=0) (actual time=2887.961..11942.142 rows=4559091 loops=1)
  Hash Cond: (mi.movie_id = t.id)
  ->  Seq Scan on movie_info mi  (cost=0.00..309384.22 rows=14739122 width=4) (actual time=0.022..4265.513 rows=14835720 loops=1)
  ->  Hash  (cost=155366.66..155366.66 rows=64995 width=8) (actual time=2887.493..2887.493 rows=76522 loops=1)
        Buckets: 131072 (originally 65536)  Batches: 1 (originally 1)  Memory Usage: 4014kB
        ->  Hash Join  (cost=68058.67..155366.66 rows=64995 width=8) (actual time=1030.042..2861.720 rows=76522 loops=1)
              Hash Cond: (mk.movie_id = t.id)
              ->  Seq Scan on movie_keyword mk  (cost=0.00..69693.30 rows=4523930 width=4) (actual time=0.023..958.609 rows=4523930 loops=1)
              ->  Hash  (cost=67604.59..67604.59 rows=36327 width=4) (actual time=1029.080..1029.080 rows=36509 loops=1)
                    Buckets: 65536  Batches: 1  Memory Usage: 1796kB
                    ->  Seq Scan on title t  (cost=0.00..67604.59 rows=36327 width=4) (actual time=0.026..1013.321 rows=36509 loops=1)
                          Filter: (production_year = 1996)
                          Rows Removed by Filter: 2491803
Planning time: 1.453 ms
Execution time: 12490.535 ms
