Hash Join  (cost=73962.22..474260.90 rows=16514 width=0) (actual time=1035.716..8941.012 rows=70363 loops=1)
  Hash Cond: (mi.movie_id = t.id)
  ->  Seq Scan on movie_info mi  (cost=0.00..346232.03 rows=14373737 width=4) (actual time=0.021..5532.238 rows=14407069 loops=1)
        Filter: (info_type_id < 105)
        Rows Removed by Filter: 428651
  ->  Hash  (cost=73925.90..73925.90 rows=2905 width=4) (actual time=1035.354..1035.354 rows=6875 loops=1)
        Buckets: 8192 (originally 4096)  Batches: 1 (originally 1)  Memory Usage: 306kB
        ->  Seq Scan on title t  (cost=0.00..73925.90 rows=2905 width=4) (actual time=0.191..1031.819 rows=6875 loops=1)
              Filter: ((kind_id < 7) AND (production_year = 1982))
              Rows Removed by Filter: 2521437
Planning time: 0.818 ms
Execution time: 8953.355 ms
