Hash Join  (cost=77624.77..204541.09 rows=403328 width=0) (actual time=1311.954..4381.822 rows=431079 loops=1)
  Hash Cond: (mk.movie_id = t.id)
  ->  Seq Scan on movie_keyword mk  (cost=0.00..69693.30 rows=4523930 width=4) (actual time=0.025..1500.543 rows=4523930 loops=1)
  ->  Hash  (cost=73925.90..73925.90 rows=225429 width=4) (actual time=1311.137..1311.137 rows=197206 loops=1)
        Buckets: 131072  Batches: 4  Memory Usage: 2768kB
        ->  Seq Scan on title t  (cost=0.00..73925.90 rows=225429 width=4) (actual time=0.023..1242.904 rows=197206 loops=1)
              Filter: ((kind_id < 4) AND (production_year > 2008))
              Rows Removed by Filter: 2331106
Planning time: 0.726 ms
Execution time: 4421.939 ms
