Hash Join  (cost=455884.17..1343573.40 rows=105398 width=0) (actual time=8342.963..25505.132 rows=917309 loops=1)
  Hash Cond: (ci.movie_id = t.id)
  ->  Seq Scan on cast_info ci  (cost=0.00..614943.12 rows=36225612 width=4) (actual time=0.017..7940.315 rows=36244344 loops=1)
  ->  Hash  (cost=455792.20..455792.20 rows=7357 width=8) (actual time=8342.766..8342.766 rows=34511 loops=1)
        Buckets: 65536 (originally 8192)  Batches: 1 (originally 1)  Memory Usage: 1861kB
        ->  Hash Join  (cost=73950.44..455792.20 rows=7357 width=8) (actual time=839.258..8326.649 rows=34511 loops=1)
              Hash Cond: (mi.movie_id = t.id)
              ->  Seq Scan on movie_info mi  (cost=0.00..346232.03 rows=9476311 width=4) (actual time=0.016..5942.771 rows=9565151 loops=1)
                    Filter: (info_type_id < 16)
                    Rows Removed by Filter: 5270569
              ->  Hash  (cost=73925.90..73925.90 rows=1963 width=4) (actual time=838.929..838.929 rows=4169 loops=1)
                    Buckets: 8192 (originally 2048)  Batches: 1 (originally 1)  Memory Usage: 211kB
                    ->  Seq Scan on title t  (cost=0.00..73925.90 rows=1963 width=4) (actual time=327.093..837.242 rows=4169 loops=1)
                          Filter: ((kind_id = 1) AND (production_year = 1974))
                          Rows Removed by Filter: 2524143
Planning time: 1.230 ms
Execution time: 25613.954 ms
