Hash Join  (cost=182812.88..1261122.61 rows=4332457 width=0) (actual time=3172.486..29960.165 rows=238967 loops=1)
  Hash Cond: (ci.movie_id = t.id)
  ->  Seq Scan on cast_info ci  (cost=0.00..614943.12 rows=36225612 width=4) (actual time=0.024..12817.139 rows=36244344 loops=1)
  ->  Hash  (cost=177850.84..177850.84 rows=302403 width=8) (actual time=3171.423..3171.423 rows=9973 loops=1)
        Buckets: 131072  Batches: 4  Memory Usage: 1122kB
        ->  Hash Join  (cost=102767.86..177850.84 rows=302403 width=8) (actual time=2032.974..3166.796 rows=9973 loops=1)
              Hash Cond: (mc.movie_id = t.id)
              ->  Seq Scan on movie_companies mc  (cost=0.00..57926.93 rows=302403 width=4) (actual time=40.574..796.129 rows=9973 loops=1)
                    Filter: ((company_id > 62096) AND (company_type_id = 1))
                    Rows Removed by Filter: 2599156
              ->  Hash  (cost=61283.27..61283.27 rows=2528527 width=4) (actual time=1988.225..1988.225 rows=2528312 loops=1)
                    Buckets: 131072  Batches: 64  Memory Usage: 2415kB
                    ->  Seq Scan on title t  (cost=0.00..61283.27 rows=2528527 width=4) (actual time=0.024..1117.224 rows=2528312 loops=1)
Planning time: 1.164 ms
Execution time: 29998.503 ms
