Hash Join  (cost=129145.29..882226.88 rows=229243 width=0) (actual time=2274.406..20619.701 rows=1001101 loops=1)
  Hash Cond: (ci.movie_id = t.id)
  ->  Seq Scan on cast_info ci  (cost=0.00..614943.12 rows=36225612 width=4) (actual time=0.019..9015.541 rows=36244344 loops=1)
  ->  Hash  (cost=128945.28..128945.28 rows=16001 width=8) (actual time=2274.130..2274.130 rows=24107 loops=1)
        Buckets: 32768 (originally 16384)  Batches: 1 (originally 1)  Memory Usage: 1198kB
        ->  Hash Join  (cost=74119.74..128945.28 rows=16001 width=8) (actual time=1088.941..2264.187 rows=24107 loops=1)
              Hash Cond: (mc.movie_id = t.id)
              ->  Seq Scan on movie_companies mc  (cost=0.00..44881.29 rows=2609129 width=4) (actual time=0.013..596.445 rows=2609129 loops=1)
              ->  Hash  (cost=73925.90..73925.90 rows=15507 width=4) (actual time=1088.563..1088.563 rows=11835 loops=1)
                    Buckets: 16384  Batches: 1  Memory Usage: 545kB
                    ->  Seq Scan on title t  (cost=0.00..73925.90 rows=15507 width=4) (actual time=0.071..1083.243 rows=11835 loops=1)
                          Filter: ((kind_id < 7) AND (production_year = 1995))
                          Rows Removed by Filter: 2516477
Planning time: 1.215 ms
Execution time: 20752.438 ms
