Hash Join  (cost=261179.93..1057075.09 rows=2851247 width=0) (actual time=6362.012..27585.134 rows=21858951 loops=1)
  Hash Cond: (ci.movie_id = t.id)
  ->  Seq Scan on cast_info ci  (cost=0.00..705507.15 rows=4320508 width=4) (actual time=0.019..13508.529 rows=4323018 loops=1)
        Filter: (role_id = 10)
        Rows Removed by Filter: 31921326
  ->  Hash  (cost=233802.69..233802.69 rows=1668659 width=8) (actual time=6360.705..6360.705 rows=1679458 loops=1)
        Buckets: 131072  Batches: 32  Memory Usage: 3063kB
        ->  Hash Join  (cost=102767.86..233802.69 rows=1668659 width=8) (actual time=2581.351..5848.932 rows=1679458 loops=1)
              Hash Cond: (mk.movie_id = t.id)
              ->  Seq Scan on movie_keyword mk  (cost=0.00..81003.12 rows=1668659 width=4) (actual time=0.031..1504.127 rows=1679458 loops=1)
                    Filter: (keyword_id > 8655)
                    Rows Removed by Filter: 2844472
              ->  Hash  (cost=61283.27..61283.27 rows=2528527 width=4) (actual time=2579.555..2579.555 rows=2528312 loops=1)
                    Buckets: 131072  Batches: 64  Memory Usage: 2425kB
                    ->  Seq Scan on title t  (cost=0.00..61283.27 rows=2528527 width=4) (actual time=0.018..1104.478 rows=2528312 loops=1)
Planning time: 1.178 ms
Execution time: 30012.169 ms
