Hash Join  (cost=143833.18..628557.26 rows=460915 width=0) (actual time=2996.975..13959.716 rows=1932697 loops=1)
  Hash Cond: (mi.movie_id = t.id)
  ->  Seq Scan on movie_info mi  (cost=0.00..309384.22 rows=14739122 width=4) (actual time=0.019..5514.771 rows=14835720 loops=1)
  ->  Hash  (cost=142535.79..142535.79 rows=79071 width=8) (actual time=2987.634..2987.634 rows=68138 loops=1)
        Buckets: 131072  Batches: 2  Memory Usage: 2367kB
        ->  Hash Join  (cost=69460.45..142535.79 rows=79071 width=8) (actual time=1225.190..2960.021 rows=68138 loops=1)
              Hash Cond: (mc.movie_id = t.id)
              ->  Seq Scan on movie_companies mc  (cost=0.00..51404.11 rows=1767605 width=4) (actual time=0.024..1008.929 rows=1773433 loops=1)
                    Filter: (company_id > 2154)
                    Rows Removed by Filter: 835696
              ->  Hash  (cost=67604.59..67604.59 rows=113109 width=4) (actual time=1224.380..1224.380 rows=119565 loops=1)
                    Buckets: 131072  Batches: 2  Memory Usage: 3115kB
                    ->  Seq Scan on title t  (cost=0.00..67604.59 rows=113109 width=4) (actual time=0.022..1175.516 rows=119565 loops=1)
                          Filter: (production_year = 2007)
                          Rows Removed by Filter: 2408747
Planning time: 0.843 ms
Execution time: 14199.669 ms
