Hash Join  (cost=83074.74..109986.57 rows=134 width=0) (actual time=1176.311..1717.792 rows=700 loops=1)
  Hash Cond: (mi_idx.movie_id = t.id)
  ->  Seq Scan on movie_info_idx mi_idx  (cost=0.00..21735.35 rows=1380035 width=4) (actual time=0.017..283.942 rows=1380035 loops=1)
  ->  Hash  (cost=83071.67..83071.67 rows=246 width=8) (actual time=1174.342..1174.342 rows=237 loops=1)
        Buckets: 1024  Batches: 1  Memory Usage: 18kB
        ->  Nested Loop  (cost=0.43..83071.67 rows=246 width=8) (actual time=27.566..1174.066 rows=237 loops=1)
              ->  Seq Scan on movie_keyword mk  (cost=0.00..81003.12 rows=246 width=4) (actual time=27.463..1166.421 rows=237 loops=1)
                    Filter: (keyword_id = 24894)
                    Rows Removed by Filter: 4523693
              ->  Index Only Scan using title_pkey on title t  (cost=0.43..8.40 rows=1 width=4) (actual time=0.029..0.029 rows=1 loops=237)
                    Index Cond: (id = mk.movie_id)
                    Heap Fetches: 237
Planning time: 1.117 ms
Execution time: 1718.030 ms
