Seq Scan on movie_keyword mk  (cost=0.00..81003.12 rows=2254117 width=0) (actual time=0.014..1433.188 rows=2253020 loops=1)
  Filter: (keyword_id > 4770)
  Rows Removed by Filter: 2270910
Planning time: 0.316 ms
Execution time: 1716.646 ms
