Hash Join  (cost=102767.86..1254727.18 rows=18143272 width=0) (actual time=3527.136..31533.589 rows=18298353 loops=1)
  Hash Cond: (ci.movie_id = t.id)
  ->  Seq Scan on cast_info ci  (cost=0.00..705507.15 rows=18143272 width=4) (actual time=1604.102..14564.724 rows=18298353 loops=1)
        Filter: (person_id > 1779438)
        Rows Removed by Filter: 17945991
  ->  Hash  (cost=61283.27..61283.27 rows=2528527 width=4) (actual time=1921.445..1921.445 rows=2528312 loops=1)
        Buckets: 131072  Batches: 64  Memory Usage: 2415kB
        ->  Seq Scan on title t  (cost=0.00..61283.27 rows=2528527 width=4) (actual time=0.040..1078.873 rows=2528312 loops=1)
Planning time: 0.762 ms
Execution time: 33551.135 ms
