Seq Scan on movie_companies mc  (cost=0.00..57926.93 rows=199938 width=0) (actual time=580.390..994.370 rows=398112 loops=1)
  Filter: ((company_id > 82507) AND (company_type_id > 1))
  Rows Removed by Filter: 2211017
Planning time: 0.324 ms
Execution time: 1042.841 ms
