Hash Join  (cost=993760.90..1622696.41 rows=12249668 width=0) (actual time=21650.213..59903.307 rows=94354751 loops=1)
  Hash Cond: (mi.movie_id = t.id)
  ->  Seq Scan on movie_info mi  (cost=0.00..309384.22 rows=14739122 width=4) (actual time=0.026..5934.420 rows=14835720 loops=1)
  ->  Hash  (cost=959283.70..959283.70 rows=2101456 width=8) (actual time=21649.173..21649.173 rows=4516633 loops=1)
        Buckets: 131072 (originally 131072)  Batches: 64 (originally 32)  Memory Usage: 3811kB
        ->  Hash Join  (cost=102767.86..959283.70 rows=2101456 width=8) (actual time=5871.972..20322.749 rows=4516633 loops=1)
              Hash Cond: (ci.movie_id = t.id)
              ->  Seq Scan on cast_info ci  (cost=0.00..796071.18 rows=2101456 width=4) (actual time=3882.618..13747.753 rows=4516633 loops=1)
                    Filter: ((person_id > 2354244) AND (role_id > 8))
                    Rows Removed by Filter: 31727711
              ->  Hash  (cost=61283.27..61283.27 rows=2528527 width=4) (actual time=1987.416..1987.416 rows=2528312 loops=1)
                    Buckets: 131072  Batches: 64  Memory Usage: 2415kB
                    ->  Seq Scan on title t  (cost=0.00..61283.27 rows=2528527 width=4) (actual time=0.017..1127.059 rows=2528312 loops=1)
Planning time: 1.187 ms
Execution time: 70365.755 ms
