Hash Join  (cost=73962.22..160672.23 rows=5197 width=0) (actual time=1076.690..2930.538 rows=20953 loops=1)
  Hash Cond: (mk.movie_id = t.id)
  ->  Seq Scan on movie_keyword mk  (cost=0.00..69693.30 rows=4523930 width=4) (actual time=0.019..1051.314 rows=4523930 loops=1)
  ->  Hash  (cost=73925.90..73925.90 rows=2905 width=4) (actual time=1076.265..1076.265 rows=2352 loops=1)
        Buckets: 4096  Batches: 1  Memory Usage: 115kB
        ->  Seq Scan on title t  (cost=0.00..73925.90 rows=2905 width=4) (actual time=0.147..1074.926 rows=2352 loops=1)
              Filter: ((kind_id < 7) AND (production_year = 1948))
              Rows Removed by Filter: 2525960
Planning time: 0.754 ms
Execution time: 2933.387 ms
