Seq Scan on movie_keyword mk  (cost=0.00..81003.12 rows=246 width=0) (actual time=2.052..1272.970 rows=750 loops=1)
  Filter: (keyword_id = 17534)
  Rows Removed by Filter: 4523180
Planning time: 0.425 ms
Execution time: 1273.355 ms
