Hash Join  (cost=208236.76..938341.80 rows=377647 width=0) (actual time=9832.368..16467.298 rows=263227 loops=1)
  Hash Cond: (ci.movie_id = t.id)
  ->  Seq Scan on cast_info ci  (cost=0.00..705507.15 rows=1598781 width=4) (actual time=5592.905..11453.007 rows=1610589 loops=1)
        Filter: (person_id > 3742833)
        Rows Removed by Filter: 34633755
  ->  Hash  (cost=198436.99..198436.99 rows=597261 width=8) (actual time=4238.328..4238.328 rows=123263 loops=1)
        Buckets: 131072  Batches: 8  Memory Usage: 1630kB
        ->  Hash Join  (cost=92883.59..198436.99 rows=597261 width=8) (actual time=3535.455..4206.353 rows=123263 loops=1)
              Hash Cond: (mk.movie_id = t.id)
              ->  Seq Scan on movie_keyword mk  (cost=0.00..81003.12 rows=980134 width=4) (actual time=0.034..1446.292 rows=988808 loops=1)
                    Filter: (keyword_id < 928)
                    Rows Removed by Filter: 3535122
              ->  Hash  (cost=67604.59..67604.59 rows=1540800 width=4) (actual time=1711.829..1711.829 rows=1543264 loops=1)
                    Buckets: 131072  Batches: 32  Memory Usage: 2728kB
                    ->  Seq Scan on title t  (cost=0.00..67604.59 rows=1540800 width=4) (actual time=44.733..1195.645 rows=1543264 loops=1)
                          Filter: (kind_id = 7)
                          Rows Removed by Filter: 985048
Planning time: 1.187 ms
Execution time: 16501.270 ms
