Hash Join  (cost=74426.67..830955.28 rows=573945 width=0) (actual time=1151.602..21561.518 rows=511772 loops=1)
  Hash Cond: (ci.movie_id = t.id)
  ->  Seq Scan on cast_info ci  (cost=0.00..614943.12 rows=36225612 width=4) (actual time=0.022..9563.754 rows=36244344 loops=1)
  ->  Hash  (cost=73925.90..73925.90 rows=40061 width=4) (actual time=1150.992..1150.992 rows=40120 loops=1)
        Buckets: 65536  Batches: 1  Memory Usage: 1923kB
        ->  Seq Scan on title t  (cost=0.00..73925.90 rows=40061 width=4) (actual time=187.346..1134.493 rows=40120 loops=1)
              Filter: ((kind_id = 7) AND (production_year = 2013))
              Rows Removed by Filter: 2488192
Planning time: 0.778 ms
Execution time: 21635.577 ms
