Hash Join  (cost=83810.17..145312.57 rows=157516 width=0) (actual time=1772.089..3117.851 rows=149403 loops=1)
  Hash Cond: (mc.movie_id = t.id)
  ->  Seq Scan on movie_companies mc  (cost=0.00..51404.11 rows=403233 width=4) (actual time=0.015..892.813 rows=403385 loops=1)
        Filter: (company_id < 255)
        Rows Removed by Filter: 2205744
  ->  Hash  (cost=67604.59..67604.59 rows=987727 width=4) (actual time=1771.097..1771.097 rows=985048 loops=1)
        Buckets: 131072  Batches: 16  Memory Usage: 3188kB
        ->  Seq Scan on title t  (cost=0.00..67604.59 rows=987727 width=4) (actual time=0.022..1210.359 rows=985048 loops=1)
              Filter: (kind_id < 7)
              Rows Removed by Filter: 1543264
Planning time: 0.499 ms
Execution time: 3136.982 ms
