Hash Join  (cost=160609.54..947178.81 rows=5561 width=0) (actual time=2875.954..19184.261 rows=839 loops=1)
  Hash Cond: (ci.movie_id = t.id)
  ->  Seq Scan on cast_info ci  (cost=0.00..705507.15 rows=16201301 width=4) (actual time=0.018..14120.579 rows=16121683 loops=1)
        Filter: (role_id > 2)
        Rows Removed by Filter: 20122661
  ->  Hash  (cost=160598.68..160598.68 rows=868 width=8) (actual time=2870.932..2870.932 rows=145 loops=1)
        Buckets: 1024  Batches: 1  Memory Usage: 14kB
        ->  Hash Join  (cost=73931.97..160598.68 rows=868 width=8) (actual time=1262.766..2870.790 rows=145 loops=1)
              Hash Cond: (mk.movie_id = t.id)
              ->  Seq Scan on movie_keyword mk  (cost=0.00..69693.30 rows=4523930 width=4) (actual time=0.025..910.059 rows=4523930 loops=1)
              ->  Hash  (cost=73925.90..73925.90 rows=485 width=4) (actual time=1184.885..1184.885 rows=298 loops=1)
                    Buckets: 1024  Batches: 1  Memory Usage: 19kB
                    ->  Seq Scan on title t  (cost=0.00..73925.90 rows=485 width=4) (actual time=10.533..1184.555 rows=298 loops=1)
                          Filter: ((kind_id > 1) AND (production_year > 2013))
                          Rows Removed by Filter: 2528014
Planning time: 2.639 ms
Execution time: 19184.760 ms
