Hash Join  (cost=215833.08..1101330.72 rows=5327073 width=0) (actual time=4590.592..26793.766 rows=14002262 loops=1)
  Hash Cond: (ci.movie_id = t.id)
  ->  Seq Scan on cast_info ci  (cost=0.00..705507.15 rows=10527135 width=4) (actual time=0.030..12287.210 rows=10362129 loops=1)
        Filter: (person_id < 1017818)
        Rows Removed by Filter: 25882215
  ->  Hash  (cost=194840.12..194840.12 rows=1279517 width=8) (actual time=4588.232..4588.232 rows=1274246 loops=1)
        Buckets: 131072  Batches: 32  Memory Usage: 2553kB
        ->  Hash Join  (cost=102767.86..194840.12 rows=1279517 width=8) (actual time=1892.200..4264.971 rows=1274246 loops=1)
              Hash Cond: (mc.movie_id = t.id)
              ->  Seq Scan on movie_companies mc  (cost=0.00..51404.11 rows=1279517 width=4) (actual time=15.643..1048.391 rows=1274246 loops=1)
                    Filter: (company_type_id < 2)
                    Rows Removed by Filter: 1334883
              ->  Hash  (cost=61283.27..61283.27 rows=2528527 width=4) (actual time=1875.207..1875.207 rows=2528312 loops=1)
                    Buckets: 131072  Batches: 64  Memory Usage: 2415kB
                    ->  Seq Scan on title t  (cost=0.00..61283.27 rows=2528527 width=4) (actual time=0.019..1029.582 rows=2528312 loops=1)
Planning time: 1.176 ms
Execution time: 28365.735 ms
