Hash Join  (cost=161959.14..547757.55 rows=271859 width=0) (actual time=3199.440..11272.061 rows=887753 loops=1)
  Hash Cond: (mi.movie_id = t.id)
  ->  Seq Scan on movie_info mi  (cost=0.00..309384.22 rows=14739122 width=4) (actual time=0.021..4430.421 rows=14835720 loops=1)
  ->  Hash  (cost=161376.16..161376.16 rows=46638 width=8) (actual time=3198.751..3198.751 rows=35418 loops=1)
        Buckets: 65536  Batches: 1  Memory Usage: 1896kB
        ->  Hash Join  (cost=74251.74..161376.16 rows=46638 width=8) (actual time=1249.979..3185.939 rows=35418 loops=1)
              Hash Cond: (mk.movie_id = t.id)
              ->  Seq Scan on movie_keyword mk  (cost=0.00..69693.30 rows=4523930 width=4) (actual time=0.024..1054.332 rows=4523930 loops=1)
              ->  Hash  (cost=73925.90..73925.90 rows=26067 width=4) (actual time=1249.788..1249.788 rows=27085 loops=1)
                    Buckets: 32768  Batches: 1  Memory Usage: 1209kB
                    ->  Seq Scan on title t  (cost=0.00..73925.90 rows=26067 width=4) (actual time=0.286..1238.313 rows=27085 loops=1)
                          Filter: ((kind_id < 7) AND (production_year > 2012))
                          Rows Removed by Filter: 2501227
Planning time: 1.120 ms
Execution time: 11396.564 ms
