Hash Join  (cost=90016.07..136892.25 rows=535270 width=0) (actual time=1969.054..3064.555 rows=276246 loops=1)
  Hash Cond: (mi_idx.movie_id = t.id)
  ->  Seq Scan on movie_info_idx mi_idx  (cost=0.00..21735.35 rows=1380035 width=4) (actual time=0.022..523.314 rows=1380035 loops=1)
  ->  Hash  (cost=73925.90..73925.90 rows=980733 width=4) (actual time=1690.996..1690.996 rows=1074493 loops=1)
        Buckets: 131072  Batches: 16  Memory Usage: 3394kB
        ->  Seq Scan on title t  (cost=0.00..73925.90 rows=980733 width=4) (actual time=0.026..1352.040 rows=1074493 loops=1)
              Filter: ((production_year > 1995) AND (kind_id = 7))
              Rows Removed by Filter: 1453819
Planning time: 1.767 ms
Execution time: 3097.080 ms
