Nested Loop  (cost=0.43..133046.37 rows=2041 width=0) (actual time=0.064..1429.261 rows=5653 loops=1)
  ->  Seq Scan on movie_keyword mk  (cost=0.00..81003.12 rows=7540 width=4) (actual time=0.022..1249.916 rows=7692 loops=1)
        Filter: (keyword_id = 186)
        Rows Removed by Filter: 4516238
  ->  Index Scan using title_pkey on title t  (cost=0.43..6.89 rows=1 width=4) (actual time=0.022..0.023 rows=1 loops=7692)
        Index Cond: (id = mk.movie_id)
        Filter: ((kind_id < 7) AND (production_year > 1990))
        Rows Removed by Filter: 0
Planning time: 0.761 ms
Execution time: 1430.796 ms
