Hash Join  (cost=108661.68..195881.07 rows=56135 width=0) (actual time=1967.628..3783.272 rows=30220 loops=1)
  Hash Cond: (mk.movie_id = t.id)
  ->  Seq Scan on movie_keyword mk  (cost=0.00..69693.30 rows=4523930 width=4) (actual time=0.016..980.669 rows=4523930 loops=1)
  ->  Hash  (cost=108269.49..108269.49 rows=31375 width=8) (actual time=1966.152..1966.152 rows=14204 loops=1)
        Buckets: 32768  Batches: 1  Memory Usage: 811kB
        ->  Hash Join  (cost=76725.80..108269.49 rows=31375 width=8) (actual time=1244.008..1961.495 rows=14204 loops=1)
              Hash Cond: (mi_idx.movie_id = t.id)
              ->  Seq Scan on movie_info_idx mi_idx  (cost=0.00..25185.44 rows=464934 width=4) (actual time=0.019..523.943 rows=460185 loops=1)
                    Filter: (info_type_id > 100)
                    Rows Removed by Filter: 919850
              ->  Hash  (cost=73925.90..73925.90 rows=170632 width=4) (actual time=1243.041..1243.041 rows=170068 loops=1)
                    Buckets: 131072  Batches: 4  Memory Usage: 2534kB
                    ->  Seq Scan on title t  (cost=0.00..73925.90 rows=170632 width=4) (actual time=0.039..1185.598 rows=170068 loops=1)
                          Filter: ((kind_id > 1) AND (production_year > 2011))
                          Rows Removed by Filter: 2358244
Planning time: 1.269 ms
Execution time: 3787.720 ms
