Seq Scan on title t  (cost=0.00..73925.90 rows=494507 width=0) (actual time=0.024..1109.543 rows=375630 loops=1)
  Filter: ((kind_id < 3) AND (production_year > 1994))
  Rows Removed by Filter: 2152682
Planning time: 0.335 ms
Execution time: 1158.464 ms
