Hash Join  (cost=192265.90..1365846.80 rows=13606773 width=0) (actual time=5177.535..51827.986 rows=57147855 loops=1)
  Hash Cond: (ci.movie_id = t.id)
  ->  Seq Scan on cast_info ci  (cost=0.00..614943.12 rows=36225612 width=4) (actual time=0.024..13723.873 rows=36244344 loops=1)
  ->  Hash  (cost=176684.09..176684.09 rows=949745 width=8) (actual time=5175.925..5175.925 rows=1845157 loops=1)
        Buckets: 131072 (originally 131072)  Batches: 32 (originally 16)  Memory Usage: 3266kB
        ->  Hash Join  (cost=83810.17..176684.09 rows=949745 width=8) (actual time=1541.042..4607.833 rows=1845157 loops=1)
              Hash Cond: (mc.movie_id = t.id)
              ->  Seq Scan on movie_companies mc  (cost=0.00..51404.11 rows=2431294 width=4) (actual time=0.029..1148.728 rows=2428527 loops=1)
                    Filter: (company_id > 34)
                    Rows Removed by Filter: 180602
              ->  Hash  (cost=67604.59..67604.59 rows=987727 width=4) (actual time=1540.186..1540.186 rows=985048 loops=1)
                    Buckets: 131072  Batches: 16  Memory Usage: 3188kB
                    ->  Seq Scan on title t  (cost=0.00..67604.59 rows=987727 width=4) (actual time=0.031..1231.342 rows=985048 loops=1)
                          Filter: (kind_id < 7)
                          Rows Removed by Filter: 1543264
Planning time: 6.658 ms
Execution time: 58067.624 ms
