Hash Join  (cost=167085.93..666403.91 rows=3646559 width=0) (actual time=4331.890..31267.135 rows=9654752 loops=1)
  Hash Cond: (mi.movie_id = t.id)
  ->  Seq Scan on movie_info mi  (cost=0.00..346232.03 rows=9767026 width=4) (actual time=0.015..17557.270 rows=9911754 loops=1)
        Filter: (info_type_id > 4)
        Rows Removed by Filter: 4923966
  ->  Hash  (cost=151597.48..151597.48 rows=944036 width=8) (actual time=4331.064..4331.064 rows=893460 loops=1)
        Buckets: 131072  Batches: 16  Memory Usage: 3220kB
        ->  Hash Join  (cost=95982.60..151597.48 rows=944036 width=8) (actual time=2261.282..4040.779 rows=893460 loops=1)
              Hash Cond: (mi_idx.movie_id = t.id)
              ->  Seq Scan on movie_info_idx mi_idx  (cost=0.00..21735.35 rows=1380035 width=4) (actual time=0.016..479.107 rows=1380035 loops=1)
              ->  Hash  (cost=67604.59..67604.59 rows=1729681 width=4) (actual time=2259.782..2259.782 rows=1725233 loops=1)
                    Buckets: 131072  Batches: 32  Memory Usage: 2923kB
                    ->  Seq Scan on title t  (cost=0.00..67604.59 rows=1729681 width=4) (actual time=0.024..1439.424 rows=1725233 loops=1)
                          Filter: (production_year > 1991)
                          Rows Removed by Filter: 803079
Planning time: 1.139 ms
Execution time: 32577.533 ms
