Hash Join  (cost=89299.55..240125.91 rows=2365832 width=0) (actual time=1801.168..5928.361 rows=1855908 loops=1)
  Hash Cond: (mk.movie_id = t.id)
  ->  Seq Scan on movie_keyword mk  (cost=0.00..69693.30 rows=4523930 width=4) (actual time=0.023..1447.551 rows=4523930 loops=1)
  ->  Hash  (cost=67604.59..67604.59 rows=1322317 width=4) (actual time=1799.791..1799.791 rows=1322863 loops=1)
        Buckets: 131072  Batches: 32  Memory Usage: 2489kB
        ->  Seq Scan on title t  (cost=0.00..67604.59 rows=1322317 width=4) (actual time=0.028..1362.217 rows=1322863 loops=1)
              Filter: (production_year > 2001)
              Rows Removed by Filter: 1205449
Planning time: 0.774 ms
Execution time: 6151.234 ms
