Seq Scan on movie_companies mc  (cost=0.00..51404.11 rows=796163 width=0) (actual time=104.099..2146.448 rows=802684 loops=1)
  Filter: (company_id > 30109)
  Rows Removed by Filter: 1806445
Planning time: 0.365 ms
Execution time: 2278.876 ms
