Hash Join  (cost=75461.39..933190.08 rows=470882 width=0) (actual time=4497.515..51885.979 rows=450875 loops=1)
  Hash Cond: (ci.movie_id = t.id)
  ->  Seq Scan on cast_info ci  (cost=0.00..705507.15 rows=12726058 width=4) (actual time=739.458..40798.507 rows=12670688 loops=1)
        Filter: (role_id = 1)
        Rows Removed by Filter: 23573656
  ->  Hash  (cost=73925.90..73925.90 rows=93559 width=4) (actual time=3757.177..3757.177 rows=104574 loops=1)
        Buckets: 131072  Batches: 2  Memory Usage: 2857kB
        ->  Seq Scan on title t  (cost=0.00..73925.90 rows=93559 width=4) (actual time=390.977..3712.529 rows=104574 loops=1)
              Filter: ((production_year < 2011) AND (kind_id = 4))
              Rows Removed by Filter: 2423738
Planning time: 0.735 ms
Execution time: 51965.601 ms
