Nested Loop  (cost=44377.22..860581.28 rows=133 width=0) (actual time=13969.406..34163.142 rows=528 loops=1)
  Join Filter: (ci.movie_id = t.id)
  ->  Hash Join  (cost=44376.79..848718.48 rows=19924 width=8) (actual time=3581.009..33089.732 rows=14587 loops=1)
        Hash Cond: (ci.movie_id = mi_idx.movie_id)
        ->  Seq Scan on cast_info ci  (cost=0.00..796071.18 rows=14653 width=4) (actual time=1159.331..30305.485 rows=14168 loops=1)
              Filter: ((person_id < 2126) AND (role_id < 9))
              Rows Removed by Filter: 36230176
        ->  Hash  (cost=21735.35..21735.35 rows=1380035 width=4) (actual time=2420.300..2420.300 rows=1380035 loops=1)
              Buckets: 131072  Batches: 32  Memory Usage: 2540kB
              ->  Seq Scan on movie_info_idx mi_idx  (cost=0.00..21735.35 rows=1380035 width=4) (actual time=0.033..1781.161 rows=1380035 loops=1)
  ->  Index Scan using title_pkey on title t  (cost=0.43..0.58 rows=1 width=4) (actual time=0.073..0.073 rows=0 loops=14587)
        Index Cond: (id = mi_idx.movie_id)
        Filter: ((kind_id < 7) AND (production_year = 2006))
        Rows Removed by Filter: 1
Planning time: 3.654 ms
Execution time: 34163.457 ms
