Hash Join  (cost=102767.86..941142.38 rows=1347529 width=0) (actual time=33343.847..44184.790 rows=1225551 loops=1)
  Hash Cond: (ci.movie_id = t.id)
  ->  Seq Scan on cast_info ci  (cost=0.00..796071.18 rows=1347529 width=4) (actual time=27903.993..36700.365 rows=1225551 loops=1)
        Filter: ((person_id < 1752615) AND (role_id = 4))
        Rows Removed by Filter: 35018793
  ->  Hash  (cost=61283.27..61283.27 rows=2528527 width=4) (actual time=5435.968..5435.968 rows=2528312 loops=1)
        Buckets: 131072  Batches: 64  Memory Usage: 2415kB
        ->  Seq Scan on title t  (cost=0.00..61283.27 rows=2528527 width=4) (actual time=0.014..4251.025 rows=2528312 loops=1)
Planning time: 10.450 ms
Execution time: 44371.207 ms
