Seq Scan on cast_info ci  (cost=0.00..796071.18 rows=55 width=0) (actual time=14667.895..31016.632 rows=2 loops=1)
  Filter: ((person_id = 80801) AND (role_id = 3))
  Rows Removed by Filter: 36244342
Planning time: 0.384 ms
Execution time: 31016.739 ms
