Seq Scan on movie_companies mc  (cost=0.00..51404.11 rows=2064681 width=0) (actual time=0.023..2775.403 rows=2060259 loops=1)
  Filter: (company_id < 71905)
  Rows Removed by Filter: 548870
Planning time: 0.318 ms
Execution time: 3150.007 ms
