Hash Join  (cost=493902.32..642913.77 rows=1739610 width=0) (actual time=10532.478..25807.392 rows=52456839 loops=1)
  Hash Cond: (mk.movie_id = t.id)
  ->  Seq Scan on movie_keyword mk  (cost=0.00..81003.12 rows=4006193 width=4) (actual time=0.016..1714.924 rows=4007025 loops=1)
        Filter: (keyword_id > 373)
        Rows Removed by Filter: 516905
  ->  Hash  (cost=475888.78..475888.78 rows=1097963 width=8) (actual time=10531.897..10531.897 rows=1320169 loops=1)
        Buckets: 131072 (originally 131072)  Batches: 32 (originally 16)  Memory Usage: 3073kB
        ->  Hash Join  (cost=88359.31..475888.78 rows=1097963 width=8) (actual time=3240.671..10144.764 rows=1320169 loops=1)
              Hash Cond: (mi.movie_id = t.id)
              ->  Seq Scan on movie_info mi  (cost=0.00..346232.03 rows=2194617 width=4) (actual time=1172.214..5830.954 rows=2233850 loops=1)
                    Filter: (info_type_id > 16)
                    Rows Removed by Filter: 12601870
              ->  Hash  (cost=67604.59..67604.59 rows=1265018 width=4) (actual time=2067.099..2067.099 rows=1263700 loops=1)
                    Buckets: 131072  Batches: 32  Memory Usage: 2419kB
                    ->  Seq Scan on title t  (cost=0.00..67604.59 rows=1265018 width=4) (actual time=0.024..1271.765 rows=1263700 loops=1)
                          Filter: (production_year < 2004)
                          Rows Removed by Filter: 1264612
Planning time: 0.791 ms
Execution time: 31625.186 ms
