Seq Scan on cast_info ci  (cost=0.00..705507.15 rows=500 width=0) (actual time=15924.481..32772.411 rows=214 loops=1)
  Filter: (person_id = 3365372)
  Rows Removed by Filter: 36244130
Planning time: 0.487 ms
Execution time: 32772.529 ms
