Hash Join  (cost=214072.19..597300.34 rows=881603 width=0) (actual time=19372.065..31284.722 rows=2276802 loops=1)
  Hash Cond: (mi.movie_id = t.id)
  ->  Seq Scan on movie_info mi  (cost=0.00..346232.03 rows=2073893 width=4) (actual time=7464.220..16845.790 rows=2091068 loops=1)
        Filter: (info_type_id < 3)
        Rows Removed by Filter: 12744652
  ->  Hash  (cost=196437.37..196437.37 rows=1074866 width=8) (actual time=11906.930..11906.930 rows=1274246 loops=1)
        Buckets: 131072 (originally 131072)  Batches: 32 (originally 16)  Memory Usage: 3073kB
        ->  Hash Join  (cost=102767.86..196437.37 rows=1074866 width=8) (actual time=5777.806..11454.717 rows=1274246 loops=1)
              Hash Cond: (mc.movie_id = t.id)
              ->  Seq Scan on movie_companies mc  (cost=0.00..57926.93 rows=1074866 width=4) (actual time=5.842..3570.199 rows=1274246 loops=1)
                    Filter: ((company_id < 80010) AND (company_type_id < 2))
                    Rows Removed by Filter: 1334883
              ->  Hash  (cost=61283.27..61283.27 rows=2528527 width=4) (actual time=5770.651..5770.651 rows=2528312 loops=1)
                    Buckets: 131072  Batches: 64  Memory Usage: 2415kB
                    ->  Seq Scan on title t  (cost=0.00..61283.27 rows=2528527 width=4) (actual time=0.018..4226.715 rows=2528312 loops=1)
Planning time: 1.204 ms
Execution time: 31610.314 ms
