Hash Join  (cost=151814.97..670916.26 rows=3682735 width=0) (actual time=8379.260..41851.651 rows=4401714 loops=1)
  Hash Cond: (mi.movie_id = t.id)
  ->  Seq Scan on movie_info mi  (cost=0.00..309384.22 rows=14739122 width=4) (actual time=0.007..22268.491 rows=14835720 loops=1)
  ->  Hash  (cost=141449.71..141449.71 rows=631781 width=8) (actual time=8378.012..8378.012 rows=482982 loops=1)
        Buckets: 131072  Batches: 16  Memory Usage: 2215kB
        ->  Hash Join  (cost=92917.42..141449.71 rows=631781 width=8) (actual time=5557.123..8214.023 rows=482982 loops=1)
              Hash Cond: (mi_idx.movie_id = t.id)
              ->  Seq Scan on movie_info_idx mi_idx  (cost=0.00..21735.35 rows=1380035 width=4) (actual time=0.017..1429.723 rows=1380035 loops=1)
              ->  Hash  (cost=73925.90..73925.90 rows=1157561 width=4) (actual time=5556.395..5556.395 rows=1267332 loops=1)
                    Buckets: 131072  Batches: 16  Memory Usage: 3815kB
                    ->  Seq Scan on title t  (cost=0.00..73925.90 rows=1157561 width=4) (actual time=0.013..5010.774 rows=1267332 loops=1)
                          Filter: ((kind_id > 1) AND (production_year > 1996))
                          Rows Removed by Filter: 1260980
Planning time: 1.080 ms
Execution time: 42496.755 ms
