Hash Join  (cost=206888.38..1445795.07 rows=19965952 width=0) (actual time=11416.255..95974.581 rows=45582112 loops=1)
  Hash Cond: (ci.movie_id = t.id)
  ->  Seq Scan on cast_info ci  (cost=0.00..614943.12 rows=36225612 width=4) (actual time=0.011..44890.079 rows=36244344 loops=1)
  ->  Hash  (cost=184024.23..184024.23 rows=1393612 width=8) (actual time=11415.356..11415.356 rows=1667421 loops=1)
        Buckets: 131072  Batches: 32  Memory Usage: 3029kB
        ->  Hash Join  (cost=89762.59..184024.23 rows=1393612 width=8) (actual time=4537.713..10806.647 rows=1667421 loops=1)
              Hash Cond: (mc.movie_id = t.id)
              ->  Seq Scan on movie_companies mc  (cost=0.00..44881.29 rows=2609129 width=4) (actual time=0.029..3208.420 rows=2609129 loops=1)
              ->  Hash  (cost=67604.59..67604.59 rows=1350560 width=4) (actual time=4536.352..4536.352 rows=1348293 loops=1)
                    Buckets: 131072  Batches: 32  Memory Usage: 2505kB
                    ->  Seq Scan on title t  (cost=0.00..67604.59 rows=1350560 width=4) (actual time=0.013..3952.643 rows=1348293 loops=1)
                          Filter: (production_year < 2005)
                          Rows Removed by Filter: 1180019
Planning time: 2.780 ms
Execution time: 102404.404 ms
