Seq Scan on movie_keyword mk  (cost=0.00..81003.12 rows=3527112 width=0) (actual time=0.025..4019.600 rows=3518756 loops=1)
  Filter: (keyword_id > 959)
  Rows Removed by Filter: 1005174
Planning time: 0.325 ms
Execution time: 4613.536 ms
