Hash Join  (cost=441025.37..496236.70 rows=54582 width=0) (actual time=19513.382..22288.603 rows=755 loops=1)
  Hash Cond: (mc.movie_id = t.id)
  ->  Seq Scan on movie_companies mc  (cost=0.00..44881.29 rows=2609129 width=4) (actual time=0.014..2395.845 rows=2609129 loops=1)
  ->  Hash  (cost=440364.18..440364.18 rows=52895 width=8) (actual time=19231.177..19231.177 rows=383 loops=1)
        Buckets: 65536  Batches: 1  Memory Usage: 527kB
        ->  Hash Join  (cost=75342.47..440364.18 rows=52895 width=8) (actual time=3889.874..19230.820 rows=383 loops=1)
              Hash Cond: (mi.movie_id = t.id)
              ->  Seq Scan on movie_info mi  (cost=0.00..346232.03 rows=1550064 width=4) (actual time=136.299..14777.473 rows=1533909 loops=1)
                    Filter: (info_type_id = 3)
                    Rows Removed by Filter: 13301811
              ->  Hash  (cost=73925.90..73925.90 rows=86285 width=4) (actual time=3752.198..3752.198 rows=92628 loops=1)
                    Buckets: 131072  Batches: 2  Memory Usage: 2659kB
                    ->  Seq Scan on title t  (cost=0.00..73925.90 rows=86285 width=4) (actual time=0.037..3630.437 rows=92628 loops=1)
                          Filter: ((kind_id = 7) AND (production_year = 2010))
                          Rows Removed by Filter: 2435684
Planning time: 1.197 ms
Execution time: 22289.068 ms
