Hash Join  (cost=130405.80..220947.13 rows=5879 width=0) (actual time=6245.338..11295.765 rows=205854 loops=1)
  Hash Cond: (mk.movie_id = t.id)
  ->  Seq Scan on movie_keyword mk  (cost=0.00..81003.12 rows=2527843 width=4) (actual time=0.027..4373.770 rows=2520827 loops=1)
        Filter: (keyword_id > 3549)
        Rows Removed by Filter: 2003103
  ->  Hash  (cost=130332.29..130332.29 rows=5881 width=8) (actual time=6245.101..6245.101 rows=10972 loops=1)
        Buckets: 16384 (originally 8192)  Batches: 1 (originally 1)  Memory Usage: 557kB
        ->  Hash Join  (cost=74071.18..130332.29 rows=5881 width=8) (actual time=4240.714..6240.392 rows=10972 loops=1)
              Hash Cond: (mc.movie_id = t.id)
              ->  Seq Scan on movie_companies mc  (cost=0.00..51404.11 rows=1279517 width=4) (actual time=918.130..2546.954 rows=1274246 loops=1)
                    Filter: (company_type_id = 1)
                    Rows Removed by Filter: 1334883
              ->  Hash  (cost=73925.90..73925.90 rows=11622 width=4) (actual time=3311.222..3311.222 rows=11141 loops=1)
                    Buckets: 16384  Batches: 1  Memory Usage: 520kB
                    ->  Seq Scan on title t  (cost=0.00..73925.90 rows=11622 width=4) (actual time=3.197..3305.440 rows=11141 loops=1)
                          Filter: ((kind_id < 7) AND (production_year = 1994))
                          Rows Removed by Filter: 2517171
Planning time: 1.199 ms
Execution time: 11338.452 ms
