Seq Scan on cast_info ci  (cost=0.00..705507.15 rows=500 width=0) (actual time=20994.304..28638.293 rows=7 loops=1)
  Filter: (person_id = 742056)
  Rows Removed by Filter: 36244337
Planning time: 0.337 ms
Execution time: 28638.398 ms
