Seq Scan on cast_info ci  (cost=0.00..705507.15 rows=17662178 width=0) (actual time=0.020..35252.643 rows=17783153 loops=1)
  Filter: (person_id > 1836566)
  Rows Removed by Filter: 18461191
Planning time: 0.319 ms
Execution time: 38274.323 ms
