Hash Join  (cost=122333.31..612612.34 rows=981512 width=0) (actual time=6183.230..36066.478 rows=3204914 loops=1)
  Hash Cond: (mi.movie_id = t.id)
  ->  Seq Scan on movie_info mi  (cost=0.00..309384.22 rows=14739122 width=4) (actual time=0.017..20851.535 rows=14835720 loops=1)
  ->  Hash  (cost=119570.56..119570.56 rows=168380 width=8) (actual time=6182.201..6182.201 rows=195295 loops=1)
        Buckets: 131072  Batches: 4  Memory Usage: 2927kB
        ->  Hash Join  (cost=78988.28..119570.56 rows=168380 width=8) (actual time=3553.829..6107.839 rows=195295 loops=1)
              Hash Cond: (mi_idx.movie_id = t.id)
              ->  Seq Scan on movie_info_idx mi_idx  (cost=0.00..21735.35 rows=1380035 width=4) (actual time=0.018..1443.456 rows=1380035 loops=1)
              ->  Hash  (cost=73925.90..73925.90 rows=308510 width=4) (actual time=3552.864..3552.864 rows=266599 loops=1)
                    Buckets: 131072  Batches: 8  Memory Usage: 2191kB
                    ->  Seq Scan on title t  (cost=0.00..73925.90 rows=308510 width=4) (actual time=0.020..3449.214 rows=266599 loops=1)
                          Filter: ((kind_id < 7) AND (production_year > 2007))
                          Rows Removed by Filter: 2261713
Planning time: 1.191 ms
Execution time: 36553.369 ms
