Hash Join  (cost=107609.88..195530.42 rows=126250 width=0) (actual time=5553.239..10478.044 rows=179616 loops=1)
  Hash Cond: (mk.movie_id = t.id)
  ->  Seq Scan on movie_keyword mk  (cost=0.00..69693.30 rows=4523930 width=4) (actual time=0.025..3711.804 rows=4523930 loops=1)
  ->  Hash  (cost=106727.83..106727.83 rows=70564 width=8) (actual time=5551.942..5551.942 rows=43838 loops=1)
        Buckets: 131072  Batches: 1  Memory Usage: 2737kB
        ->  Hash Join  (cost=74050.79..106727.83 rows=70564 width=8) (actual time=3695.671..5523.080 rows=43838 loops=1)
              Hash Cond: (mi_idx.movie_id = t.id)
              ->  Seq Scan on movie_info_idx mi_idx  (cost=0.00..25185.44 rows=454124 width=4) (actual time=0.015..1413.796 rows=459925 loops=1)
                    Filter: (info_type_id = 100)
                    Rows Removed by Filter: 920110
              ->  Hash  (cost=67604.59..67604.59 rows=392896 width=4) (actual time=3694.797..3694.797 rows=391666 loops=1)
                    Buckets: 131072  Batches: 8  Memory Usage: 2753kB
                    ->  Seq Scan on title t  (cost=0.00..67604.59 rows=392896 width=4) (actual time=0.010..3541.379 rows=391666 loops=1)
                          Filter: (production_year > 2010)
                          Rows Removed by Filter: 2136646
Planning time: 1.850 ms
Execution time: 10504.945 ms
