Hash Join  (cost=125035.25..1187315.28 rows=2772090 width=0) (actual time=2956.781..34746.960 rows=6527282 loops=1)
  Hash Cond: (ci.movie_id = t.id)
  ->  Seq Scan on cast_info ci  (cost=0.00..614943.12 rows=36225612 width=4) (actual time=0.020..13303.699 rows=36244344 loops=1)
  ->  Hash  (cost=121860.63..121860.63 rows=193490 width=8) (actual time=2955.961..2955.961 rows=238551 loops=1)
        Buckets: 131072  Batches: 4  Memory Usage: 3360kB
        ->  Hash Join  (cost=85280.32..121860.63 rows=193490 width=8) (actual time=1890.986..2882.653 rows=238551 loops=1)
              Hash Cond: (mi_idx.movie_id = t.id)
              ->  Seq Scan on movie_info_idx mi_idx  (cost=0.00..25185.44 rows=454124 width=4) (actual time=0.021..501.663 rows=459925 loops=1)
                    Filter: (info_type_id = 100)
                    Rows Removed by Filter: 920110
              ->  Hash  (cost=67604.59..67604.59 rows=1077339 width=4) (actual time=1890.069..1890.069 rows=1074765 loops=1)
                    Buckets: 131072  Batches: 16  Memory Usage: 3388kB
                    ->  Seq Scan on title t  (cost=0.00..67604.59 rows=1077339 width=4) (actual time=0.022..1190.910 rows=1074765 loops=1)
                          Filter: (production_year < 2001)
                          Rows Removed by Filter: 1453547
Planning time: 1.245 ms
Execution time: 35579.265 ms
