Hash Join  (cost=157440.67..244364.51 rows=26580 width=0) (actual time=2074.263..6357.063 rows=3194 loops=1)
  Hash Cond: (mk.movie_id = t.id)
  ->  Seq Scan on movie_keyword mk  (cost=0.00..69693.30 rows=4523930 width=4) (actual time=0.017..3249.266 rows=4523930 loops=1)
  ->  Hash  (cost=157254.97..157254.97 rows=14856 width=8) (actual time=2012.958..2012.958 rows=450 loops=1)
        Buckets: 16384  Batches: 1  Memory Usage: 146kB
        ->  Nested Loop  (cost=0.43..157254.97 rows=14856 width=8) (actual time=979.314..2012.613 rows=450 loops=1)
              ->  Seq Scan on movie_companies mc  (cost=0.00..57926.93 rows=17374 width=4) (actual time=979.267..1919.502 rows=619 loops=1)
                    Filter: ((company_type_id > 1) AND (company_id = 160))
                    Rows Removed by Filter: 2608510
              ->  Index Scan using title_pkey on title t  (cost=0.43..5.71 rows=1 width=4) (actual time=0.149..0.149 rows=1 loops=619)
                    Index Cond: (id = mc.movie_id)
                    Filter: (production_year > 1964)
                    Rows Removed by Filter: 0
Planning time: 1.232 ms
Execution time: 6357.772 ms
