Hash Join  (cost=226433.61..820540.55 rows=8985511 width=0) (actual time=12064.198..62427.240 rows=47409211 loops=1)
  Hash Cond: (mi.movie_id = t.id)
  ->  Seq Scan on movie_info mi  (cost=0.00..309384.22 rows=14739122 width=4) (actual time=0.015..24522.551 rows=14835720 loops=1)
  ->  Hash  (cost=201143.07..201143.07 rows=1541483 width=8) (actual time=12062.639..12062.639 rows=1529708 loops=1)
        Buckets: 131072  Batches: 32  Memory Usage: 2930kB
        ->  Hash Join  (cost=102767.86..201143.07 rows=1541483 width=8) (actual time=5573.789..11495.198 rows=1529708 loops=1)
              Hash Cond: (mc.movie_id = t.id)
              ->  Seq Scan on movie_companies mc  (cost=0.00..51404.11 rows=1541483 width=4) (actual time=0.021..3390.152 rows=1529708 loops=1)
                    Filter: (company_id < 14384)
                    Rows Removed by Filter: 1079421
              ->  Hash  (cost=61283.27..61283.27 rows=2528527 width=4) (actual time=5572.415..5572.415 rows=2528312 loops=1)
                    Buckets: 131072  Batches: 64  Memory Usage: 2415kB
                    ->  Seq Scan on title t  (cost=0.00..61283.27 rows=2528527 width=4) (actual time=0.011..3989.439 rows=2528312 loops=1)
Planning time: 1.260 ms
Execution time: 69128.296 ms
