Hash Join  (cost=892541.50..997000.40 rows=1896697 width=0) (actual time=43152.492..49785.933 rows=3890201 loops=1)
  Hash Cond: (mc.movie_id = t.id)
  ->  Seq Scan on movie_companies mc  (cost=0.00..44881.29 rows=2609129 width=4) (actual time=0.010..3147.318 rows=2609129 loops=1)
  ->  Hash  (cost=862384.20..862384.20 rows=1838104 width=8) (actual time=43151.219..43151.219 rows=1767325 loops=1)
        Buckets: 131072  Batches: 32  Memory Usage: 3178kB
        ->  Hash Join  (cost=102767.86..862384.20 rows=1838104 width=8) (actual time=8627.091..42517.920 rows=1767325 loops=1)
              Hash Cond: (ci.movie_id = t.id)
              ->  Seq Scan on cast_info ci  (cost=0.00..705507.15 rows=1838104 width=4) (actual time=3001.007..34576.999 rows=1767325 loops=1)
                    Filter: (person_id < 175654)
                    Rows Removed by Filter: 34477019
              ->  Hash  (cost=61283.27..61283.27 rows=2528527 width=4) (actual time=5623.838..5623.838 rows=2528312 loops=1)
                    Buckets: 131072  Batches: 64  Memory Usage: 2415kB
                    ->  Seq Scan on title t  (cost=0.00..61283.27 rows=2528527 width=4) (actual time=0.034..4314.571 rows=2528312 loops=1)
Planning time: 1.154 ms
Execution time: 50360.206 ms
