Hash Join  (cost=110878.98..1156851.50 rows=990820 width=0) (actual time=5662.596..66919.970 rows=1504315 loops=1)
  Hash Cond: (ci.movie_id = t.id)
  ->  Seq Scan on cast_info ci  (cost=0.00..705507.15 rows=28558985 width=4) (actual time=0.026..46597.623 rows=28547517 loops=1)
        Filter: (person_id < 2906942)
        Rows Removed by Filter: 7696827
  ->  Hash  (cost=109439.43..109439.43 rows=87724 width=8) (actual time=5661.795..5661.795 rows=62055 loops=1)
        Buckets: 131072  Batches: 2  Memory Usage: 2230kB
        ->  Hash Join  (cost=70241.71..109439.43 rows=87724 width=8) (actual time=3275.360..5636.325 rows=62055 loops=1)
              Hash Cond: (mi_idx.movie_id = t.id)
              ->  Seq Scan on movie_info_idx mi_idx  (cost=0.00..21735.35 rows=1380035 width=4) (actual time=0.013..1600.614 rows=1380035 loops=1)
              ->  Hash  (cost=67604.59..67604.59 rows=160730 width=4) (actual time=3274.570..3274.570 rows=160017 loops=1)
                    Buckets: 131072  Batches: 4  Memory Usage: 2436kB
                    ->  Seq Scan on title t  (cost=0.00..67604.59 rows=160730 width=4) (actual time=0.031..3160.310 rows=160017 loops=1)
                          Filter: (production_year = 2011)
                          Rows Removed by Filter: 2368295
Planning time: 1.329 ms
Execution time: 67191.412 ms
