Hash Join  (cost=83661.18..117626.96 rows=109022 width=0) (actual time=4348.123..6755.872 rows=59076 loops=1)
  Hash Cond: (mi_idx.movie_id = t.id)
  ->  Seq Scan on movie_info_idx mi_idx  (cost=0.00..25185.44 rows=464566 width=4) (actual time=0.026..1452.705 rows=459925 loops=1)
        Filter: (info_type_id = 101)
        Rows Removed by Filter: 920110
  ->  Hash  (cost=73925.90..73925.90 rows=593382 width=4) (actual time=4316.278..4316.278 rows=486368 loops=1)
        Buckets: 131072  Batches: 8  Memory Usage: 3147kB
        ->  Seq Scan on title t  (cost=0.00..73925.90 rows=593382 width=4) (actual time=435.128..4128.949 rows=486368 loops=1)
              Filter: ((production_year < 1999) AND (kind_id = 7))
              Rows Removed by Filter: 2041944
Planning time: 0.697 ms
Execution time: 6764.558 ms
