Seq Scan on movie_keyword mk  (cost=0.00..81003.12 rows=4469443 width=0) (actual time=0.016..4792.695 rows=4469443 loops=1)
  Filter: (keyword_id > 52)
  Rows Removed by Filter: 54487
Planning time: 0.325 ms
Execution time: 5614.020 ms
