Hash Join  (cost=531819.17..1414947.39 rows=2861833 width=0) (actual time=50472.069..87655.992 rows=36151639 loops=1)
  Hash Cond: (ci.movie_id = t.id)
  ->  Seq Scan on cast_info ci  (cost=0.00..796071.18 rows=4010940 width=4) (actual time=21487.306..45867.234 rows=4224470 loops=1)
        Filter: ((person_id > 245915) AND (role_id = 10))
        Rows Removed by Filter: 32019874
  ->  Hash  (cost=502219.64..502219.64 rows=1804122 width=8) (actual time=28983.385..28983.385 rows=1815959 loops=1)
        Buckets: 131072  Batches: 32  Memory Usage: 3104kB
        ->  Hash Join  (cost=101707.31..502219.64 rows=1804122 width=8) (actual time=9629.937..28053.231 rows=1815959 loops=1)
              Hash Cond: (mi.movie_id = t.id)
              ->  Seq Scan on movie_info mi  (cost=0.00..346232.03 rows=2194617 width=4) (actual time=2776.325..18474.655 rows=2233850 loops=1)
                    Filter: (info_type_id > 16)
                    Rows Removed by Filter: 12601870
              ->  Hash  (cost=67604.59..67604.59 rows=2078618 width=4) (actual time=6730.651..6730.651 rows=2074788 loops=1)
                    Buckets: 131072  Batches: 32  Memory Usage: 3318kB
                    ->  Seq Scan on title t  (cost=0.00..67604.59 rows=2078618 width=4) (actual time=0.020..5365.467 rows=2074788 loops=1)
                          Filter: (production_year > 1970)
                          Rows Removed by Filter: 453524
Planning time: 7.945 ms
Execution time: 92135.912 ms
