Hash Join  (cost=137505.17..224640.20 rows=47699 width=0) (actual time=2498.808..4118.849 rows=33607 loops=1)
  Hash Cond: (mk.movie_id = t.id)
  ->  Seq Scan on movie_keyword mk  (cost=0.00..69693.30 rows=4523930 width=4) (actual time=0.015..1053.894 rows=4523930 loops=1)
  ->  Hash  (cost=137171.92..137171.92 rows=26660 width=8) (actual time=2253.605..2253.605 rows=6590 loops=1)
        Buckets: 32768  Batches: 1  Memory Usage: 514kB
        ->  Hash Join  (cost=74657.14..137171.92 rows=26660 width=8) (actual time=1129.277..2250.825 rows=6590 loops=1)
              Hash Cond: (mc.movie_id = t.id)
              ->  Seq Scan on movie_companies mc  (cost=0.00..57926.93 rows=1152332 width=4) (actual time=274.530..1116.664 rows=1078467 loops=1)
                    Filter: ((company_id > 122) AND (company_type_id = 1))
                    Rows Removed by Filter: 1530662
              ->  Hash  (cost=73925.90..73925.90 rows=58499 width=4) (actual time=854.389..854.389 rows=62752 loops=1)
                    Buckets: 65536  Batches: 1  Memory Usage: 2719kB
                    ->  Seq Scan on title t  (cost=0.00..73925.90 rows=58499 width=4) (actual time=0.033..834.682 rows=62752 loops=1)
                          Filter: ((kind_id = 7) AND (production_year = 2005))
                          Rows Removed by Filter: 2465560
Planning time: 1.243 ms
Execution time: 4123.337 ms
