Hash Join  (cost=73962.22..442376.57 rows=6775 width=0) (actual time=3339.852..23310.442 rows=39442 loops=1)
  Hash Cond: (mi.movie_id = t.id)
  ->  Seq Scan on movie_info mi  (cost=0.00..346232.03 rows=5897221 width=4) (actual time=97.735..18618.097 rows=5884963 loops=1)
        Filter: (info_type_id < 7)
        Rows Removed by Filter: 8950757
  ->  Hash  (cost=73925.90..73925.90 rows=2905 width=4) (actual time=3160.950..3160.950 rows=8319 loops=1)
        Buckets: 16384 (originally 4096)  Batches: 1 (originally 1)  Memory Usage: 421kB
        ->  Seq Scan on title t  (cost=0.00..73925.90 rows=2905 width=4) (actual time=5.645..3156.556 rows=8319 loops=1)
              Filter: ((kind_id < 7) AND (production_year = 1988))
              Rows Removed by Filter: 2519993
Planning time: 4.943 ms
Execution time: 23320.168 ms
