Seq Scan on movie_keyword mk  (cost=0.00..81003.12 rows=246 width=0) (actual time=125.124..3844.462 rows=17 loops=1)
  Filter: (keyword_id = 45000)
  Rows Removed by Filter: 4523913
Planning time: 0.413 ms
Execution time: 3844.583 ms
