Hash Join  (cost=83073.18..447730.38 rows=128 width=181) (actual time=1507.927..9523.874 rows=2846 loops=1)
  Hash Cond: (mi.movie_id = t.id)
  ->  Seq Scan on movie_info mi  (cost=0.00..309384.22 rows=14739122 width=75) (actual time=0.008..5576.366 rows=14835720 loops=1)
  ->  Hash  (cost=83072.90..83072.90 rows=22 width=106) (actual time=1506.513..1506.513 rows=77 loops=1)
        Buckets: 1024  Batches: 1  Memory Usage: 18kB
        ->  Nested Loop  (cost=0.43..83072.90 rows=22 width=106) (actual time=0.767..1506.306 rows=77 loops=1)
              ->  Seq Scan on movie_keyword mk  (cost=0.00..81003.12 rows=246 width=12) (actual time=0.216..1465.845 rows=706 loops=1)
                    Filter: (keyword_id = 3509)
                    Rows Removed by Filter: 4523224
              ->  Index Scan using title_pkey on title t  (cost=0.43..8.40 rows=1 width=94) (actual time=0.055..0.055 rows=0 loops=706)
                    Index Cond: (id = mk.movie_id)
                    Filter: ((kind_id < 4) AND (production_year > 2008))
                    Rows Removed by Filter: 1
Planning time: 1.420 ms
Execution time: 9524.321 ms
