Hash Join  (cost=28270.40..114664.56 rows=209 width=0) (actual time=1259.572..5929.109 rows=14111 loops=1)
  Hash Cond: (mk.movie_id = t.id)
  ->  Seq Scan on movie_keyword mk  (cost=0.00..81003.12 rows=1437052 width=4) (actual time=0.018..4405.076 rows=1452375 loops=1)
        Filter: (keyword_id > 11504)
        Rows Removed by Filter: 3071555
  ->  Hash  (cost=28265.80..28265.80 rows=368 width=8) (actual time=1237.089..1237.089 rows=260 loops=1)
        Buckets: 1024  Batches: 1  Memory Usage: 19kB
        ->  Nested Loop  (cost=0.43..28265.80 rows=368 width=8) (actual time=156.641..1236.963 rows=260 loops=1)
              ->  Seq Scan on movie_info_idx mi_idx  (cost=0.00..25185.44 rows=368 width=4) (actual time=156.544..1219.283 rows=260 loops=1)
                    Filter: (info_type_id > 101)
                    Rows Removed by Filter: 1379775
              ->  Index Only Scan using title_pkey on title t  (cost=0.43..8.36 rows=1 width=4) (actual time=0.067..0.067 rows=1 loops=260)
                    Index Cond: (id = mi_idx.movie_id)
                    Heap Fetches: 260
Planning time: 1.152 ms
Execution time: 5931.267 ms
