Seq Scan on title t  (cost=0.00..73925.90 rows=81475 width=0) (actual time=59.819..3041.787 rows=89354 loops=1)
  Filter: ((production_year > 1953) AND (kind_id = 2))
  Rows Removed by Filter: 2438958
Planning time: 0.764 ms
Execution time: 3055.470 ms
