Hash Join  (cost=77339.01..116979.77 rows=113528 width=0) (actual time=1131.345..2133.514 rows=37920 loops=1)
  Hash Cond: (mi_idx.movie_id = t.id)
  ->  Seq Scan on movie_info_idx mi_idx  (cost=0.00..21735.35 rows=1380035 width=4) (actual time=0.014..439.304 rows=1380035 loops=1)
  ->  Hash  (cost=73925.90..73925.90 rows=208008 width=4) (actual time=1126.777..1126.777 rows=104154 loops=1)
        Buckets: 131072  Batches: 4  Memory Usage: 1936kB
        ->  Seq Scan on title t  (cost=0.00..73925.90 rows=208008 width=4) (actual time=243.838..1090.385 rows=104154 loops=1)
              Filter: ((production_year < 1968) AND (kind_id = 7))
              Rows Removed by Filter: 2424158
Planning time: 0.825 ms
Execution time: 2138.644 ms
