Hash Join  (cost=75628.47..448542.58 rows=90027 width=0) (actual time=6046.855..21881.083 rows=176100 loops=1)
  Hash Cond: (mi.movie_id = t.id)
  ->  Seq Scan on movie_info mi  (cost=0.00..346232.03 rows=2194617 width=4) (actual time=2109.723..17198.535 rows=2233850 loops=1)
        Filter: (info_type_id > 16)
        Rows Removed by Filter: 12601870
  ->  Hash  (cost=73925.90..73925.90 rows=103725 width=4) (actual time=3440.082..3440.082 rows=98992 loops=1)
        Buckets: 131072  Batches: 2  Memory Usage: 2766kB
        ->  Seq Scan on title t  (cost=0.00..73925.90 rows=103725 width=4) (actual time=0.037..3391.355 rows=98992 loops=1)
              Filter: ((production_year > 2010) AND (kind_id = 1))
              Rows Removed by Filter: 2429320
Planning time: 0.806 ms
Execution time: 21922.863 ms
