Hash Join  (cost=81635.28..120938.86 rows=170051 width=0) (actual time=3504.986..5590.976 rows=250420 loops=1)
  Hash Cond: (mi_idx.movie_id = t.id)
  ->  Seq Scan on movie_info_idx mi_idx  (cost=0.00..25185.44 rows=915101 width=4) (actual time=0.027..1404.955 rows=919850 loops=1)
        Filter: (info_type_id < 101)
        Rows Removed by Filter: 460185
  ->  Hash  (cost=73925.90..73925.90 rows=469870 width=4) (actual time=3503.851..3503.851 rows=367087 loops=1)
        Buckets: 131072  Batches: 8  Memory Usage: 2634kB
        ->  Seq Scan on title t  (cost=0.00..73925.90 rows=469870 width=4) (actual time=0.029..3089.080 rows=367087 loops=1)
              Filter: ((kind_id < 4) AND (production_year > 2000))
              Rows Removed by Filter: 2161225
Planning time: 0.841 ms
Execution time: 5625.816 ms
