Seq Scan on movie_keyword mk  (cost=0.00..81003.12 rows=246 width=0) (actual time=4.188..3652.772 rows=72 loops=1)
  Filter: (keyword_id = 28077)
  Rows Removed by Filter: 4523858
Planning time: 13.461 ms
Execution time: 3652.914 ms
