Hash Join  (cost=202894.30..307393.18 rows=437162 width=0) (actual time=11613.028..18898.603 rows=7256473 loops=1)
  Hash Cond: (mk.movie_id = t.id)
  ->  Seq Scan on movie_keyword mk  (cost=0.00..81003.12 rows=1384036 width=4) (actual time=0.016..4264.054 rows=1399555 loops=1)
        Filter: (keyword_id > 11966)
        Rows Removed by Filter: 3124375
  ->  Hash  (cost=189791.03..189791.03 rows=798661 width=8) (actual time=11611.885..11611.885 rows=1096880 loops=1)
        Buckets: 131072  Batches: 16  Memory Usage: 3748kB
        ->  Hash Join  (cost=102767.86..189791.03 rows=798661 width=8) (actual time=5772.083..11270.427 rows=1096880 loops=1)
              Hash Cond: (mc.movie_id = t.id)
              ->  Seq Scan on movie_companies mc  (cost=0.00..57926.93 rows=798661 width=4) (actual time=0.015..3418.893 rows=1096880 loops=1)
                    Filter: ((company_id < 16995) AND (company_type_id < 2))
                    Rows Removed by Filter: 1512249
              ->  Hash  (cost=61283.27..61283.27 rows=2528527 width=4) (actual time=5770.713..5770.713 rows=2528312 loops=1)
                    Buckets: 131072  Batches: 64  Memory Usage: 2415kB
                    ->  Seq Scan on title t  (cost=0.00..61283.27 rows=2528527 width=4) (actual time=0.013..3949.571 rows=2528312 loops=1)
Planning time: 15.572 ms
Execution time: 19892.108 ms
