Seq Scan on movie_companies mc  (cost=0.00..51404.11 rows=104 width=0) (actual time=147.180..2222.629 rows=122 loops=1)
  Filter: (company_id = 15296)
  Rows Removed by Filter: 2609007
Planning time: 0.836 ms
Execution time: 2222.777 ms
