Hash Join  (cost=83074.74..447745.01 rows=1434 width=0) (actual time=3832.488..24619.015 rows=3144 loops=1)
  Hash Cond: (mi.movie_id = t.id)
  ->  Seq Scan on movie_info mi  (cost=0.00..309384.22 rows=14739122 width=4) (actual time=0.013..17162.396 rows=14835720 loops=1)
  ->  Hash  (cost=83071.67..83071.67 rows=246 width=8) (actual time=3732.084..3732.084 rows=51 loops=1)
        Buckets: 1024  Batches: 1  Memory Usage: 10kB
        ->  Nested Loop  (cost=0.43..83071.67 rows=246 width=8) (actual time=23.134..3731.966 rows=51 loops=1)
              ->  Seq Scan on movie_keyword mk  (cost=0.00..81003.12 rows=246 width=4) (actual time=23.034..3695.622 rows=51 loops=1)
                    Filter: (keyword_id = 14503)
                    Rows Removed by Filter: 4523879
              ->  Index Only Scan using title_pkey on title t  (cost=0.43..8.40 rows=1 width=4) (actual time=0.704..0.705 rows=1 loops=51)
                    Index Cond: (id = mk.movie_id)
                    Heap Fetches: 51
Planning time: 29.014 ms
Execution time: 24620.002 ms
