Hash Join  (cost=79366.51..212560.86 rows=518409 width=0) (actual time=3848.107..12879.182 rows=1628776 loops=1)
  Hash Cond: (mk.movie_id = t.id)
  ->  Seq Scan on movie_keyword mk  (cost=0.00..81003.12 rows=3953372 width=4) (actual time=0.026..5729.124 rows=3956592 loops=1)
        Filter: (keyword_id < 32360)
        Rows Removed by Filter: 567338
  ->  Hash  (cost=73925.90..73925.90 rows=331568 width=4) (actual time=3847.115..3847.115 rows=445194 loops=1)
        Buckets: 131072  Batches: 8  Memory Usage: 2999kB
        ->  Seq Scan on title t  (cost=0.00..73925.90 rows=331568 width=4) (actual time=0.022..3657.599 rows=445194 loops=1)
              Filter: ((kind_id < 7) AND (production_year < 1996))
              Rows Removed by Filter: 2083118
Planning time: 5.160 ms
Execution time: 13116.671 ms
