Hash Join  (cost=81615.04..1184391.74 rows=6714253 width=0) (actual time=4097.041..70678.966 rows=6226742 loops=1)
  Hash Cond: (ci.movie_id = t.id)
  ->  Seq Scan on cast_info ci  (cost=0.00..614943.12 rows=36225612 width=4) (actual time=0.013..41446.856 rows=36244344 loops=1)
  ->  Hash  (cost=73925.90..73925.90 rows=468651 width=4) (actual time=4096.193..4096.193 rows=340746 loops=1)
        Buckets: 131072  Batches: 8  Memory Usage: 2526kB
        ->  Seq Scan on title t  (cost=0.00..73925.90 rows=468651 width=4) (actual time=1960.790..3959.785 rows=340746 loops=1)
              Filter: ((production_year > 1989) AND (kind_id = 1))
              Rows Removed by Filter: 2187566
Planning time: 0.685 ms
Execution time: 71623.705 ms
