Seq Scan on movie_companies mc  (cost=0.00..51404.11 rows=1263716 width=0) (actual time=260.520..3019.281 rows=1274694 loops=1)
  Filter: (company_id > 11413)
  Rows Removed by Filter: 1334435
Planning time: 0.358 ms
Execution time: 3215.057 ms
