Hash Join  (cost=469969.47..1575678.83 rows=3420537 width=0) (actual time=22613.509..105874.762 rows=30541593 loops=1)
  Hash Cond: (ci.movie_id = t.id)
  ->  Seq Scan on cast_info ci  (cost=0.00..705507.15 rows=31561024 width=4) (actual time=0.020..51839.183 rows=31682862 loops=1)
        Filter: (person_id > 440477)
        Rows Removed by Filter: 4561482
  ->  Hash  (cost=465473.00..465473.00 rows=274038 width=8) (actual time=22612.453..22612.453 rows=306788 loops=1)
        Buckets: 131072 (originally 131072)  Batches: 8 (originally 4)  Memory Usage: 3891kB
        ->  Hash Join  (cost=102767.86..465473.00 rows=274038 width=8) (actual time=12486.353..22490.591 rows=306788 loops=1)
              Hash Cond: (mi.movie_id = t.id)
              ->  Seq Scan on movie_info mi  (cost=0.00..346232.03 rows=274038 width=4) (actual time=6894.726..16171.725 rows=306788 loops=1)
                    Filter: (info_type_id > 105)
                    Rows Removed by Filter: 14528932
              ->  Hash  (cost=61283.27..61283.27 rows=2528527 width=4) (actual time=5456.913..5456.913 rows=2528312 loops=1)
                    Buckets: 131072  Batches: 64  Memory Usage: 2425kB
                    ->  Seq Scan on title t  (cost=0.00..61283.27 rows=2528527 width=4) (actual time=0.023..3933.203 rows=2528312 loops=1)
Planning time: 1.076 ms
Execution time: 110460.156 ms
