Hash Join  (cost=74323.94..129318.05 rows=32858 width=0) (actual time=3906.219..7381.405 rows=10256 loops=1)
  Hash Cond: (mc.movie_id = t.id)
  ->  Seq Scan on movie_companies mc  (cost=0.00..44881.29 rows=2609129 width=4) (actual time=0.022..2787.927 rows=2609129 loops=1)
  ->  Hash  (cost=73925.90..73925.90 rows=31843 width=4) (actual time=3751.577..3751.577 rows=35656 loops=1)
        Buckets: 65536 (originally 32768)  Batches: 1 (originally 1)  Memory Usage: 1766kB
        ->  Seq Scan on title t  (cost=0.00..73925.90 rows=31843 width=4) (actual time=0.018..3735.708 rows=35656 loops=1)
              Filter: ((kind_id = 7) AND (production_year = 2000))
              Rows Removed by Filter: 2492656
Planning time: 0.782 ms
Execution time: 7383.103 ms
