Seq Scan on cast_info ci  (cost=0.00..705507.15 rows=11126944 width=0) (actual time=93.303..36832.375 rows=11046984 loops=1)
  Filter: (person_id < 1084352)
  Rows Removed by Filter: 25197360
Planning time: 0.281 ms
Execution time: 38761.225 ms
