Seq Scan on movie_companies mc  (cost=0.00..57926.93 rows=51 width=0) (actual time=10.129..2147.295 rows=1457 loops=1)
  Filter: ((company_id = 265) AND (company_type_id = 1))
  Rows Removed by Filter: 2607672
Planning time: 0.409 ms
Execution time: 2147.633 ms
