Hash Join  (cost=90547.80..915638.95 rows=644961 width=0) (actual time=24750.507..41204.383 rows=533897 loops=1)
  Hash Cond: (ci.movie_id = t.id)
  ->  Seq Scan on cast_info ci  (cost=0.00..796071.18 rows=1609695 width=4) (actual time=20526.534..35012.210 rows=1314120 loops=1)
        Filter: ((person_id < 2139200) AND (role_id = 4))
        Rows Removed by Filter: 34930224
  ->  Hash  (cost=73925.90..73925.90 rows=1013112 width=4) (actual time=4222.736..4222.736 rows=946533 loops=1)
        Buckets: 131072  Batches: 16  Memory Usage: 3108kB
        ->  Seq Scan on title t  (cost=0.00..73925.90 rows=1013112 width=4) (actual time=5.270..3861.514 rows=946533 loops=1)
              Filter: ((kind_id > 2) AND (production_year < 2006))
              Rows Removed by Filter: 1581779
Planning time: 0.761 ms
Execution time: 41292.670 ms
