Hash Join  (cost=854138.88..3728768.13 rows=133974373 width=0) (actual time=42090.929..214074.435 rows=356765923 loops=1)
  Hash Cond: (ci.movie_id = t.id)
  ->  Seq Scan on cast_info ci  (cost=0.00..705507.15 rows=34683825 width=4) (actual time=0.015..46634.303 rows=34782074 loops=1)
        Filter: (person_id > 147146)
        Rows Removed by Filter: 1462270
  ->  Hash  (cost=693898.06..693898.06 rows=9767026 width=8) (actual time=42089.986..42089.986 rows=9911754 loops=1)
        Buckets: 131072 (originally 131072)  Batches: 256 (originally 128)  Memory Usage: 4036kB
        ->  Hash Join  (cost=102767.86..693898.06 rows=9767026 width=8) (actual time=6166.040..38725.854 rows=9911754 loops=1)
              Hash Cond: (mi.movie_id = t.id)
              ->  Seq Scan on movie_info mi  (cost=0.00..346232.03 rows=9767026 width=4) (actual time=0.014..22260.642 rows=9911754 loops=1)
                    Filter: (info_type_id > 4)
                    Rows Removed by Filter: 4923966
              ->  Hash  (cost=61283.27..61283.27 rows=2528527 width=4) (actual time=6164.864..6164.864 rows=2528312 loops=1)
                    Buckets: 131072  Batches: 64  Memory Usage: 2425kB
                    ->  Seq Scan on title t  (cost=0.00..61283.27 rows=2528527 width=4) (actual time=0.011..4415.070 rows=2528312 loops=1)
Planning time: 1.213 ms
Execution time: 256396.576 ms
