Hash Join  (cost=89299.55..224667.94 rows=1532216 width=0) (actual time=1818.502..5197.365 rows=1173791 loops=1)
  Hash Cond: (mk.movie_id = t.id)
  ->  Seq Scan on movie_keyword mk  (cost=0.00..81003.12 rows=2929895 width=4) (actual time=0.018..1585.026 rows=2916364 loops=1)
        Filter: (keyword_id < 9474)
        Rows Removed by Filter: 1607566
  ->  Hash  (cost=67604.59..67604.59 rows=1322317 width=4) (actual time=1816.645..1816.645 rows=1322863 loops=1)
        Buckets: 131072  Batches: 32  Memory Usage: 2489kB
        ->  Seq Scan on title t  (cost=0.00..67604.59 rows=1322317 width=4) (actual time=0.022..1359.850 rows=1322863 loops=1)
              Filter: (production_year > 2001)
              Rows Removed by Filter: 1205449
Planning time: 0.726 ms
Execution time: 5337.432 ms
