Hash Join  (cost=68332.59..129186.57 rows=16938 width=0) (actual time=1298.991..1766.138 rows=9480 loops=1)
  Hash Cond: (mc.movie_id = t.id)
  ->  Seq Scan on movie_companies mc  (cost=0.00..57926.93 rows=735378 width=4) (actual time=328.055..683.671 rows=458759 loops=1)
        Filter: ((company_id < 12727) AND (company_type_id > 1))
        Rows Removed by Filter: 2150370
  ->  Hash  (cost=67604.59..67604.59 rows=58240 width=4) (actual time=970.317..970.317 rows=58590 loops=1)
        Buckets: 65536  Batches: 1  Memory Usage: 2572kB
        ->  Seq Scan on title t  (cost=0.00..67604.59 rows=58240 width=4) (actual time=0.034..946.739 rows=58590 loops=1)
              Filter: (production_year = 2001)
              Rows Removed by Filter: 2469722
Planning time: 0.769 ms
Execution time: 1767.648 ms
