Hash Join  (cost=79677.10..217718.77 rows=1316463 width=0) (actual time=1438.111..5182.439 rows=1812636 loops=1)
  Hash Cond: (mk.movie_id = t.id)
  ->  Seq Scan on movie_keyword mk  (cost=0.00..69693.30 rows=4523930 width=4) (actual time=0.016..1359.296 rows=4523930 loops=1)
  ->  Hash  (cost=67604.59..67604.59 rows=735801 width=4) (actual time=1436.606..1436.606 rows=730985 loops=1)
        Buckets: 131072  Batches: 16  Memory Usage: 2638kB
        ->  Seq Scan on title t  (cost=0.00..67604.59 rows=735801 width=4) (actual time=0.025..1189.177 rows=730985 loops=1)
              Filter: (production_year < 1992)
              Rows Removed by Filter: 1797327
Planning time: 0.754 ms
Execution time: 5392.555 ms
