Hash Join  (cost=74214.80..828315.17 rows=331120 width=0) (actual time=6984.284..17182.628 rows=1 loops=1)
  Hash Cond: (ci.movie_id = t.id)
  ->  Seq Scan on cast_info ci  (cost=0.00..614943.12 rows=36225612 width=4) (actual time=0.015..8815.781 rows=36244344 loops=1)
  ->  Hash  (cost=73925.90..73925.90 rows=23112 width=4) (actual time=1105.543..1105.543 rows=1 loops=1)
        Buckets: 32768  Batches: 1  Memory Usage: 257kB
        ->  Seq Scan on title t  (cost=0.00..73925.90 rows=23112 width=4) (actual time=802.062..1105.531 rows=1 loops=1)
              Filter: ((production_year < 1912) AND (kind_id = 7))
              Rows Removed by Filter: 2528311
Planning time: 0.742 ms
Execution time: 17182.758 ms
