Hash Join  (cost=138217.09..1214220.97 rows=4107965 width=0) (actual time=3393.484..35276.537 rows=8349426 loops=1)
  Hash Cond: (ci.movie_id = t.id)
  ->  Seq Scan on cast_info ci  (cost=0.00..614943.12 rows=36225612 width=4) (actual time=0.011..13361.989 rows=36244344 loops=1)
  ->  Hash  (cost=133511.92..133511.92 rows=286734 width=8) (actual time=3392.680..3392.680 rows=261891 loops=1)
        Buckets: 131072  Batches: 4  Memory Usage: 3574kB
        ->  Hash Join  (cost=93408.25..133511.92 rows=286734 width=8) (actual time=1951.196..3306.779 rows=261891 loops=1)
              Hash Cond: (mi_idx.movie_id = t.id)
              ->  Seq Scan on movie_info_idx mi_idx  (cost=0.00..25185.44 rows=460978 width=4) (actual time=0.017..472.374 rows=459925 loops=1)
                    Filter: (info_type_id = 99)
                    Rows Removed by Filter: 920110
              ->  Hash  (cost=67604.59..67604.59 rows=1572773 width=4) (actual time=1950.064..1950.064 rows=1570568 loops=1)
                    Buckets: 131072  Batches: 32  Memory Usage: 2751kB
                    ->  Seq Scan on title t  (cost=0.00..67604.59 rows=1572773 width=4) (actual time=0.011..1431.892 rows=1570568 loops=1)
                          Filter: (production_year > 1996)
                          Rows Removed by Filter: 957744
Planning time: 3.415 ms
Execution time: 36275.505 ms
