Hash Join  (cost=472656.51..1355711.46 rows=893431 width=0) (actual time=10339.503..22572.914 rows=61353 loops=1)
  Hash Cond: (ci.movie_id = t.id)
  ->  Seq Scan on cast_info ci  (cost=0.00..796071.18 rows=6635057 width=4) (actual time=1962.912..14026.742 rows=257261 loops=1)
        Filter: ((person_id > 1701250) AND (role_id < 2))
        Rows Removed by Filter: 35987083
  ->  Hash  (cost=467070.59..467070.59 rows=340474 width=8) (actual time=8375.600..8375.600 rows=328857 loops=1)
        Buckets: 131072  Batches: 8  Memory Usage: 2634kB
        ->  Hash Join  (cost=102767.86..467070.59 rows=340474 width=8) (actual time=2772.933..8270.320 rows=328857 loops=1)
              Hash Cond: (mi.movie_id = t.id)
              ->  Seq Scan on movie_info mi  (cost=0.00..346232.03 rows=340474 width=4) (actual time=804.063..5591.630 rows=328857 loops=1)
                    Filter: (info_type_id = 98)
                    Rows Removed by Filter: 14506863
              ->  Hash  (cost=61283.27..61283.27 rows=2528527 width=4) (actual time=1967.913..1967.913 rows=2528312 loops=1)
                    Buckets: 131072  Batches: 64  Memory Usage: 2425kB
                    ->  Seq Scan on title t  (cost=0.00..61283.27 rows=2528527 width=4) (actual time=0.024..1100.273 rows=2528312 loops=1)
Planning time: 1.207 ms
Execution time: 22580.474 ms
