Hash Join  (cost=102767.86..1362576.22 rows=18861611 width=0) (actual time=1931.394..32723.804 rows=16359965 loops=1)
  Hash Cond: (ci.movie_id = t.id)
  ->  Seq Scan on cast_info ci  (cost=0.00..796071.18 rows=18861611 width=4) (actual time=0.025..17500.506 rows=16359965 loops=1)
        Filter: ((person_id < 2946751) AND (role_id > 1))
        Rows Removed by Filter: 19884379
  ->  Hash  (cost=61283.27..61283.27 rows=2528527 width=4) (actual time=1930.451..1930.451 rows=2528312 loops=1)
        Buckets: 131072  Batches: 64  Memory Usage: 2415kB
        ->  Seq Scan on title t  (cost=0.00..61283.27 rows=2528527 width=4) (actual time=0.028..1076.853 rows=2528312 loops=1)
Planning time: 0.783 ms
Execution time: 34599.716 ms
