Hash Join  (cost=607263.82..2131041.35 rows=25656833 width=0) (actual time=18039.007..96268.734 rows=153618907 loops=1)
  Hash Cond: (ci.movie_id = t.id)
  ->  Seq Scan on cast_info ci  (cost=0.00..614943.12 rows=36225612 width=4) (actual time=0.022..13646.061 rows=36244344 loops=1)
  ->  Hash  (cost=577882.42..577882.42 rows=1790832 width=8) (actual time=18037.066..18037.066 rows=4971937 loops=1)
        Buckets: 131072 (originally 131072)  Batches: 128 (originally 32)  Memory Usage: 4064kB
        ->  Hash Join  (cost=78967.17..577882.42 rows=1790832 width=8) (actual time=1316.846..16112.929 rows=4971937 loops=1)
              Hash Cond: (mi.movie_id = t.id)
              ->  Seq Scan on movie_info mi  (cost=0.00..309384.22 rows=14739122 width=4) (actual time=0.022..6153.266 rows=14835720 loops=1)
              ->  Hash  (cost=73925.90..73925.90 rows=307221 width=4) (actual time=1315.430..1315.430 rows=413321 loops=1)
                    Buckets: 131072  Batches: 8  Memory Usage: 2856kB
                    ->  Seq Scan on title t  (cost=0.00..73925.90 rows=307221 width=4) (actual time=0.023..1174.076 rows=413321 loops=1)
                          Filter: ((kind_id < 3) AND (production_year < 2000))
                          Rows Removed by Filter: 2114991
Planning time: 1.161 ms
Execution time: 114253.161 ms
