Nested Loop  (cost=0.43..709673.15 rows=195 width=0) (actual time=3395.355..11188.662 rows=63 loops=1)
  ->  Seq Scan on cast_info ci  (cost=0.00..705507.15 rows=500 width=4) (actual time=3395.193..11186.874 rows=69 loops=1)
        Filter: (person_id = 614963)
        Rows Removed by Filter: 36244275
  ->  Index Scan using title_pkey on title t  (cost=0.43..8.32 rows=1 width=4) (actual time=0.024..0.024 rows=1 loops=69)
        Index Cond: (id = ci.movie_id)
        Filter: (kind_id < 7)
        Rows Removed by Filter: 0
Planning time: 0.732 ms
Execution time: 11188.803 ms
