Seq Scan on cast_info ci  (cost=0.00..796071.18 rows=3852095 width=0) (actual time=2433.166..12618.065 rows=4440233 loops=1)
  Filter: ((person_id < 494825) AND (role_id < 5))
  Rows Removed by Filter: 31804111
Planning time: 0.253 ms
Execution time: 13175.695 ms
