Hash Join  (cost=94973.51..1471454.82 rows=19506382 width=0) (actual time=6077.790..95364.991 rows=19774990 loops=1)
  Hash Cond: (ci.movie_id = t.id)
  ->  Seq Scan on cast_info ci  (cost=0.00..796071.18 rows=29567062 width=4) (actual time=0.020..59365.379 rows=31605208 loops=1)
        Filter: ((person_id < 3608162) AND (role_id < 10))
        Rows Removed by Filter: 4639136
  ->  Hash  (cost=67604.59..67604.59 rows=1668154 width=4) (actual time=6076.443..6076.443 rows=1674098 loops=1)
        Buckets: 131072  Batches: 32  Memory Usage: 2869kB
        ->  Seq Scan on title t  (cost=0.00..67604.59 rows=1668154 width=4) (actual time=0.025..4922.342 rows=1674098 loops=1)
              Filter: (kind_id > 3)
              Rows Removed by Filter: 854214
Planning time: 0.752 ms
Execution time: 98111.346 ms
