Seq Scan on movie_companies mc  (cost=0.00..51404.11 rows=104 width=0) (actual time=52.443..2231.437 rows=32 loops=1)
  Filter: (company_id = 16663)
  Rows Removed by Filter: 2609097
Planning time: 0.346 ms
Execution time: 2231.526 ms
