Hash Join  (cost=102767.86..288579.13 rows=3945117 width=0) (actual time=5433.876..15613.313 rows=3947618 loops=1)
  Hash Cond: (mk.movie_id = t.id)
  ->  Seq Scan on movie_keyword mk  (cost=0.00..81003.12 rows=3945117 width=4) (actual time=0.014..5796.876 rows=3947618 loops=1)
        Filter: (keyword_id < 31834)
        Rows Removed by Filter: 576312
  ->  Hash  (cost=61283.27..61283.27 rows=2528527 width=4) (actual time=5432.773..5432.773 rows=2528312 loops=1)
        Buckets: 131072  Batches: 64  Memory Usage: 2425kB
        ->  Seq Scan on title t  (cost=0.00..61283.27 rows=2528527 width=4) (actual time=0.010..4197.708 rows=2528312 loops=1)
Planning time: 3.126 ms
Execution time: 16132.557 ms
