Hash Join  (cost=270481.47..901925.87 rows=12484759 width=0) (actual time=14684.748..88703.840 rows=141204185 loops=1)
  Hash Cond: (mi.movie_id = t.id)
  ->  Seq Scan on movie_info mi  (cost=0.00..309384.22 rows=14739122 width=4) (actual time=0.015..22753.922 rows=14835720 loops=1)
  ->  Hash  (cost=235342.15..235342.15 rows=2141786 width=8) (actual time=14680.117..14680.117 rows=2772247 loops=1)
        Buckets: 131072 (originally 131072)  Batches: 64 (originally 32)  Memory Usage: 3073kB
        ->  Hash Join  (cost=87245.25..235342.15 rows=2141786 width=8) (actual time=4850.491..13641.748 rows=2772247 loops=1)
              Hash Cond: (mk.movie_id = t.id)
              ->  Seq Scan on movie_keyword mk  (cost=0.00..69693.30 rows=4523930 width=4) (actual time=0.026..4946.726 rows=4523930 loops=1)
              ->  Hash  (cost=67604.59..67604.59 rows=1197093 width=4) (actual time=4845.276..4845.276 rows=1195923 loops=1)
                    Buckets: 131072  Batches: 16  Memory Usage: 3661kB
                    ->  Seq Scan on title t  (cost=0.00..67604.59 rows=1197093 width=4) (actual time=0.018..4316.087 rows=1195923 loops=1)
                          Filter: (production_year < 2003)
                          Rows Removed by Filter: 1332389
Planning time: 1.182 ms
Execution time: 108458.373 ms
