Hash Join  (cost=607487.99..2132371.03 rows=25764480 width=0) (actual time=28517.664..131764.671 rows=89392916 loops=1)
  Hash Cond: (ci.movie_id = t.id)
  ->  Seq Scan on cast_info ci  (cost=0.00..614943.12 rows=36225612 width=4) (actual time=0.019..48216.995 rows=36244344 loops=1)
  ->  Hash  (cost=577983.67..577983.67 rows=1798346 width=8) (actual time=28516.047..28516.047 rows=2711157 loops=1)
        Buckets: 131072 (originally 131072)  Batches: 64 (originally 32)  Memory Usage: 3073kB
        ->  Hash Join  (cost=78988.28..577983.67 rows=1798346 width=8) (actual time=1235.493..26854.944 rows=2711157 loops=1)
              Hash Cond: (mi.movie_id = t.id)
              ->  Seq Scan on movie_info mi  (cost=0.00..309384.22 rows=14739122 width=4) (actual time=0.025..15841.081 rows=14835720 loops=1)
              ->  Hash  (cost=73925.90..73925.90 rows=308510 width=4) (actual time=1234.674..1234.674 rows=266599 loops=1)
                    Buckets: 131072  Batches: 8  Memory Usage: 2197kB
                    ->  Seq Scan on title t  (cost=0.00..73925.90 rows=308510 width=4) (actual time=0.024..1147.035 rows=266599 loops=1)
                          Filter: ((kind_id < 7) AND (production_year > 2007))
                          Rows Removed by Filter: 2261713
Planning time: 1.209 ms
Execution time: 144876.777 ms
