Hash Join  (cost=1001597.98..1179283.12 rows=4106219 width=0) (actual time=40676.988..50536.926 rows=8459953 loops=1)
  Hash Cond: (mk.movie_id = t.id)
  ->  Seq Scan on movie_keyword mk  (cost=0.00..69693.30 rows=4523930 width=4) (actual time=0.031..4404.952 rows=4523930 loops=1)
  ->  Hash  (cost=963943.75..963943.75 rows=2295059 width=8) (actual time=40674.908..40674.908 rows=1386250 loops=1)
        Buckets: 131072  Batches: 32  Memory Usage: 2712kB
        ->  Hash Join  (cost=102767.86..963943.75 rows=2295059 width=8) (actual time=9753.664..40188.455 rows=1386250 loops=1)
              Hash Cond: (ci.movie_id = t.id)
              ->  Seq Scan on cast_info ci  (cost=0.00..796071.18 rows=2295059 width=4) (actual time=4303.761..32799.346 rows=1386250 loops=1)
                    Filter: ((person_id < 486391) AND (role_id > 2))
                    Rows Removed by Filter: 34858094
              ->  Hash  (cost=61283.27..61283.27 rows=2528527 width=4) (actual time=5448.824..5448.824 rows=2528312 loops=1)
                    Buckets: 131072  Batches: 64  Memory Usage: 2415kB
                    ->  Seq Scan on title t  (cost=0.00..61283.27 rows=2528527 width=4) (actual time=0.022..4338.395 rows=2528312 loops=1)
Planning time: 1.136 ms
Execution time: 51716.365 ms
