Hash Join  (cost=102767.86..1080604.26 rows=10907031 width=0) (actual time=7500.002..24250.656 rows=10913625 loops=1)
  Hash Cond: (ci.movie_id = t.id)
  ->  Seq Scan on cast_info ci  (cost=0.00..705507.15 rows=10907031 width=4) (actual time=5494.819..12876.110 rows=10913625 loops=1)
        Filter: (person_id > 2614947)
        Rows Removed by Filter: 25330719
  ->  Hash  (cost=61283.27..61283.27 rows=2528527 width=4) (actual time=2003.194..2003.194 rows=2528312 loops=1)
        Buckets: 131072  Batches: 64  Memory Usage: 2415kB
        ->  Seq Scan on title t  (cost=0.00..61283.27 rows=2528527 width=4) (actual time=0.019..1160.077 rows=2528312 loops=1)
Planning time: 4.578 ms
Execution time: 25563.469 ms
