Seq Scan on cast_info ci  (cost=0.00..705507.15 rows=15841065 width=0) (actual time=0.014..37650.571 rows=15952829 loops=1)
  Filter: (person_id > 2038740)
  Rows Removed by Filter: 20291515
Planning time: 4.392 ms
Execution time: 40376.422 ms
