Seq Scan on movie_keyword mk  (cost=0.00..81003.12 rows=246 width=0) (actual time=114.029..3913.942 rows=41 loops=1)
  Filter: (keyword_id = 17136)
  Rows Removed by Filter: 4523889
Planning time: 0.279 ms
Execution time: 3914.049 ms
