Seq Scan on movie_keyword mk  (cost=0.00..81003.12 rows=1951762 width=0) (actual time=0.027..3871.696 rows=1959596 loops=1)
  Filter: (keyword_id > 6504)
  Rows Removed by Filter: 2564334
Planning time: 0.987 ms
Execution time: 4223.277 ms
