Hash Join  (cost=83074.20..833878.27 rows=1484 width=0) (actual time=3816.018..43642.157 rows=374 loops=1)
  Hash Cond: (ci.movie_id = t.id)
  ->  Seq Scan on cast_info ci  (cost=0.00..614943.12 rows=36225612 width=4) (actual time=0.021..30945.702 rows=36244344 loops=1)
  ->  Hash  (cost=83072.90..83072.90 rows=104 width=8) (actual time=3772.716..3772.716 rows=17 loops=1)
        Buckets: 1024  Batches: 1  Memory Usage: 9kB
        ->  Nested Loop  (cost=0.43..83072.90 rows=104 width=8) (actual time=410.571..3772.679 rows=17 loops=1)
              ->  Seq Scan on movie_keyword mk  (cost=0.00..81003.12 rows=246 width=4) (actual time=32.213..3739.951 rows=111 loops=1)
                    Filter: (keyword_id = 35267)
                    Rows Removed by Filter: 4523819
              ->  Index Scan using title_pkey on title t  (cost=0.43..8.40 rows=1 width=4) (actual time=0.291..0.291 rows=0 loops=111)
                    Index Cond: (id = mk.movie_id)
                    Filter: ((kind_id > 1) AND (production_year < 2006))
                    Rows Removed by Filter: 1
Planning time: 1.093 ms
Execution time: 43642.614 ms
