Hash Join  (cost=709678.40..766070.77 rows=221 width=0) (actual time=29036.327..31855.347 rows=142 loops=1)
  Hash Cond: (mc.movie_id = t.id)
  ->  Seq Scan on movie_companies mc  (cost=0.00..51404.11 rows=1329612 width=4) (actual time=138.883..2749.861 rows=1334883 loops=1)
        Filter: (company_type_id = 2)
        Rows Removed by Filter: 1274246
  ->  Hash  (cost=709673.15..709673.15 rows=420 width=8) (actual time=28825.923..28825.923 rows=183 loops=1)
        Buckets: 1024  Batches: 1  Memory Usage: 16kB
        ->  Nested Loop  (cost=0.43..709673.15 rows=420 width=8) (actual time=6430.632..28825.802 rows=183 loops=1)
              ->  Seq Scan on cast_info ci  (cost=0.00..705507.15 rows=500 width=4) (actual time=6430.553..28811.920 rows=183 loops=1)
                    Filter: (person_id = 2659337)
                    Rows Removed by Filter: 36244161
              ->  Index Scan using title_pkey on title t  (cost=0.43..8.32 rows=1 width=4) (actual time=0.075..0.075 rows=1 loops=183)
                    Index Cond: (id = ci.movie_id)
                    Filter: (production_year > 1967)
Planning time: 15.545 ms
Execution time: 31855.546 ms
