Hash Join  (cost=132518.56..219836.89 rows=66029 width=0) (actual time=6170.026..11394.093 rows=677330 loops=1)
  Hash Cond: (mk.movie_id = t.id)
  ->  Seq Scan on movie_keyword mk  (cost=0.00..69693.30 rows=4523930 width=4) (actual time=0.018..3740.194 rows=4523930 loops=1)
  ->  Hash  (cost=132057.24..132057.24 rows=36905 width=8) (actual time=6169.118..6169.118 rows=55752 loops=1)
        Buckets: 65536  Batches: 1  Memory Usage: 2690kB
        ->  Hash Join  (cost=74710.74..132057.24 rows=36905 width=8) (actual time=2874.478..6146.374 rows=55752 loops=1)
              Hash Cond: (mc.movie_id = t.id)
              ->  Seq Scan on movie_companies mc  (cost=0.00..51404.11 rows=1486224 width=4) (actual time=0.012..2738.828 rows=1488322 loops=1)
                    Filter: (company_id > 7851)
                    Rows Removed by Filter: 1120807
              ->  Hash  (cost=73925.90..73925.90 rows=62787 width=4) (actual time=2874.125..2874.125 rows=53770 loops=1)
                    Buckets: 65536  Batches: 1  Memory Usage: 2403kB
                    ->  Seq Scan on title t  (cost=0.00..73925.90 rows=62787 width=4) (actual time=0.093..2851.492 rows=53770 loops=1)
                          Filter: ((kind_id < 7) AND (production_year = 2011))
                          Rows Removed by Filter: 2474542
Planning time: 1.067 ms
Execution time: 11519.257 ms
