Seq Scan on movie_companies mc  (cost=0.00..57926.93 rows=528061 width=0) (actual time=812.874..2900.525 rows=316368 loops=1)
  Filter: ((company_id < 5806) AND (company_type_id > 1))
  Rows Removed by Filter: 2292761
Planning time: 8.982 ms
Execution time: 2952.657 ms
