Seq Scan on movie_companies mc  (cost=0.00..57926.93 rows=53 width=0) (actual time=1207.046..2161.191 rows=55 loops=1)
  Filter: ((company_id = 22767) AND (company_type_id = 2))
  Rows Removed by Filter: 2609074
Planning time: 17.071 ms
Execution time: 2161.325 ms
