Hash Join  (cost=164860.74..539247.35 rows=282649 width=0) (actual time=14235.807..27911.317 rows=1664364 loops=1)
  Hash Cond: (mi.movie_id = t.id)
  ->  Seq Scan on movie_info mi  (cost=0.00..346232.03 rows=2073893 width=4) (actual time=4249.000..16288.256 rows=2091068 loops=1)
        Filter: (info_type_id < 3)
        Rows Removed by Filter: 12744652
  ->  Hash  (cost=159206.10..159206.10 rows=344611 width=8) (actual time=9325.448..9325.448 rows=883871 loops=1)
        Buckets: 131072 (originally 131072)  Batches: 16 (originally 8)  Memory Usage: 3247kB
        ->  Hash Join  (cost=79405.47..159206.10 rows=344611 width=8) (actual time=3925.059..9004.514 rows=883871 loops=1)
              Hash Cond: (mc.movie_id = t.id)
              ->  Seq Scan on movie_companies mc  (cost=0.00..44881.29 rows=2609129 width=4) (actual time=0.034..3265.414 rows=2609129 loops=1)
              ->  Hash  (cost=73925.90..73925.90 rows=333965 width=4) (actual time=3803.686..3803.686 rows=411522 loops=1)
                    Buckets: 131072  Batches: 8  Memory Usage: 2841kB
                    ->  Seq Scan on title t  (cost=0.00..73925.90 rows=333965 width=4) (actual time=0.021..3615.620 rows=411522 loops=1)
                          Filter: ((production_year < 2004) AND (kind_id = 1))
                          Rows Removed by Filter: 2116790
Planning time: 1.179 ms
Execution time: 28130.261 ms
