Seq Scan on cast_info ci  (cost=0.00..705507.15 rows=26558370 width=0) (actual time=0.023..38094.197 rows=26610679 loops=1)
  Filter: (person_id < 2744398)
  Rows Removed by Filter: 9633665
Planning time: 0.394 ms
Execution time: 42767.463 ms
