Seq Scan on movie_keyword mk  (cost=0.00..81003.12 rows=246 width=0) (actual time=19.239..3516.980 rows=121 loops=1)
  Filter: (keyword_id = 329)
  Rows Removed by Filter: 4523809
Planning time: 0.311 ms
Execution time: 3517.162 ms
