Seq Scan on movie_keyword mk  (cost=0.00..81003.12 rows=246 width=0) (actual time=0.348..3428.202 rows=1446 loops=1)
  Filter: (keyword_id = 3575)
  Rows Removed by Filter: 4522484
Planning time: 0.346 ms
Execution time: 3428.916 ms
