Seq Scan on cast_info ci  (cost=0.00..705507.15 rows=500 width=0) (actual time=9696.561..27599.984 rows=49 loops=1)
  Filter: (person_id = 1905171)
  Rows Removed by Filter: 36244295
Planning time: 0.279 ms
Execution time: 27600.114 ms
