Nested Loop  (cost=0.43..709671.90 rows=500 width=0) (actual time=16039.051..26176.988 rows=201 loops=1)
  ->  Seq Scan on cast_info ci  (cost=0.00..705507.15 rows=500 width=4) (actual time=16038.881..26156.310 rows=201 loops=1)
        Filter: (person_id = 138386)
        Rows Removed by Filter: 36244143
  ->  Index Only Scan using title_pkey on title t  (cost=0.43..8.32 rows=1 width=4) (actual time=0.101..0.102 rows=1 loops=201)
        Index Cond: (id = ci.movie_id)
        Heap Fetches: 201
Planning time: 0.650 ms
Execution time: 26177.139 ms
