Nested Loop  (cost=0.43..83071.67 rows=246 width=0) (actual time=0.186..3541.085 rows=1145 loops=1)
  ->  Seq Scan on movie_keyword mk  (cost=0.00..81003.12 rows=246 width=4) (actual time=0.128..3324.903 rows=1145 loops=1)
        Filter: (keyword_id = 16270)
        Rows Removed by Filter: 4522785
  ->  Index Only Scan using title_pkey on title t  (cost=0.43..8.40 rows=1 width=4) (actual time=0.186..0.187 rows=1 loops=1145)
        Index Cond: (id = mk.movie_id)
        Heap Fetches: 1145
Planning time: 0.687 ms
Execution time: 3541.726 ms
