Hash Join  (cost=102767.86..193983.70 rows=972856 width=0) (actual time=4742.754..9951.717 rows=1261545 loops=1)
  Hash Cond: (mc.movie_id = t.id)
  ->  Seq Scan on movie_companies mc  (cost=0.00..57926.93 rows=972856 width=4) (actual time=0.024..3362.921 rows=1261545 loops=1)
        Filter: ((company_id < 59874) AND (company_type_id = 1))
        Rows Removed by Filter: 1347584
  ->  Hash  (cost=61283.27..61283.27 rows=2528527 width=4) (actual time=4741.643..4741.643 rows=2528312 loops=1)
        Buckets: 131072  Batches: 64  Memory Usage: 2415kB
        ->  Seq Scan on title t  (cost=0.00..61283.27 rows=2528527 width=4) (actual time=0.013..3713.946 rows=2528312 loops=1)
Planning time: 0.755 ms
Execution time: 10109.092 ms
