Hash Join  (cost=202769.17..712265.95 rows=1055897 width=0) (actual time=9471.648..36256.140 rows=243134 loops=1)
  Hash Cond: (mi.movie_id = t.id)
  ->  Seq Scan on movie_info mi  (cost=0.00..309384.22 rows=14739122 width=4) (actual time=0.013..19423.250 rows=14835720 loops=1)
  ->  Hash  (cost=199796.90..199796.90 rows=181141 width=8) (actual time=9380.536..9380.536 rows=31744 loops=1)
        Buckets: 131072  Batches: 4  Memory Usage: 1329kB
        ->  Hash Join  (cost=75587.46..199796.90 rows=181141 width=8) (actual time=3420.270..9368.013 rows=31744 loops=1)
              Hash Cond: (mk.movie_id = t.id)
              ->  Seq Scan on movie_keyword mk  (cost=0.00..69693.30 rows=4523930 width=4) (actual time=0.020..4217.541 rows=4523930 loops=1)
              ->  Hash  (cost=73925.90..73925.90 rows=101244 width=4) (actual time=3419.334..3419.334 rows=110779 loops=1)
                    Buckets: 131072  Batches: 2  Memory Usage: 2976kB
                    ->  Seq Scan on title t  (cost=0.00..73925.90 rows=101244 width=4) (actual time=0.033..3360.585 rows=110779 loops=1)
                          Filter: ((kind_id > 4) AND (production_year = 2012))
                          Rows Removed by Filter: 2417533
Planning time: 1.020 ms
Execution time: 36288.523 ms
