Hash Join  (cost=74148.14..462843.59 rows=78155 width=0) (actual time=2524.238..21590.641 rows=331702 loops=1)
  Hash Cond: (mi.movie_id = t.id)
  ->  Seq Scan on movie_info mi  (cost=0.00..346232.03 rows=11115165 width=4) (actual time=0.022..16140.679 rows=11210743 loops=1)
        Filter: (info_type_id > 3)
        Rows Removed by Filter: 3624977
  ->  Hash  (cost=73925.90..73925.90 rows=17779 width=4) (actual time=2524.013..2524.013 rows=42819 loops=1)
        Buckets: 65536 (originally 32768)  Batches: 1 (originally 1)  Memory Usage: 2018kB
        ->  Seq Scan on title t  (cost=0.00..73925.90 rows=17779 width=4) (actual time=1464.128..2505.628 rows=42819 loops=1)
              Filter: ((kind_id < 7) AND (production_year < 1913))
              Rows Removed by Filter: 2485493
Planning time: 0.540 ms
Execution time: 21642.205 ms
