Seq Scan on movie_keyword mk  (cost=0.00..81003.12 rows=246 width=0) (actual time=2.213..2182.228 rows=354 loops=1)
  Filter: (keyword_id = 16006)
  Rows Removed by Filter: 4523576
Planning time: 0.326 ms
Execution time: 2182.552 ms
