Hash Join  (cost=183926.76..317215.93 rows=724375 width=0) (actual time=4089.092..8498.528 rows=2812062 loops=1)
  Hash Cond: (mk.movie_id = t.id)
  ->  Seq Scan on movie_keyword mk  (cost=0.00..81003.12 rows=3729413 width=4) (actual time=0.023..1801.996 rows=3729118 loops=1)
        Filter: (keyword_id > 763)
        Rows Removed by Filter: 794812
  ->  Hash  (cost=175868.72..175868.72 rows=491123 width=8) (actual time=4088.288..4088.288 rows=487355 loops=1)
        Buckets: 131072  Batches: 8  Memory Usage: 3422kB
        ->  Hash Join  (cost=102767.86..175868.72 rows=491123 width=8) (actual time=2236.158..3950.206 rows=487355 loops=1)
              Hash Cond: (mc.movie_id = t.id)
              ->  Seq Scan on movie_companies mc  (cost=0.00..51404.11 rows=491123 width=4) (actual time=0.016..954.355 rows=487355 loops=1)
                    Filter: (company_id < 426)
                    Rows Removed by Filter: 2121774
              ->  Hash  (cost=61283.27..61283.27 rows=2528527 width=4) (actual time=2234.772..2234.772 rows=2528312 loops=1)
                    Buckets: 131072  Batches: 64  Memory Usage: 2415kB
                    ->  Seq Scan on title t  (cost=0.00..61283.27 rows=2528527 width=4) (actual time=0.012..1254.175 rows=2528312 loops=1)
Planning time: 1.099 ms
Execution time: 8855.253 ms
