Hash Join  (cost=73951.97..825039.84 rows=29871 width=0) (actual time=2823.962..37570.526 rows=34333 loops=1)
  Hash Cond: (ci.movie_id = t.id)
  ->  Seq Scan on cast_info ci  (cost=0.00..614943.12 rows=36225612 width=4) (actual time=0.019..25689.083 rows=36244344 loops=1)
  ->  Hash  (cost=73925.90..73925.90 rows=2085 width=4) (actual time=2821.092..2821.092 rows=2622 loops=1)
        Buckets: 4096  Batches: 1  Memory Usage: 125kB
        ->  Seq Scan on title t  (cost=0.00..73925.90 rows=2085 width=4) (actual time=0.342..2819.239 rows=2622 loops=1)
              Filter: ((kind_id = 2) AND (production_year = 2001))
              Rows Removed by Filter: 2525690
Planning time: 11.332 ms
Execution time: 37581.297 ms
