Hash Join  (cost=71463.00..936864.79 rows=1183477 width=0) (actual time=4150.200..18800.626 rows=576377 loops=1)
  Hash Cond: (ci.movie_id = t.id)
  ->  Seq Scan on cast_info ci  (cost=0.00..705507.15 rows=12725565 width=4) (actual time=3107.914..12480.676 rows=12843971 loops=1)
        Filter: (person_id > 2394872)
        Rows Removed by Filter: 23400373
  ->  Hash  (cost=67604.59..67604.59 rows=235153 width=4) (actual time=1040.311..1040.311 rows=230883 loops=1)
        Buckets: 131072  Batches: 4  Memory Usage: 3052kB
        ->  Seq Scan on title t  (cost=0.00..67604.59 rows=235153 width=4) (actual time=0.040..962.712 rows=230883 loops=1)
              Filter: (production_year < 1959)
              Rows Removed by Filter: 2297429
Planning time: 12.059 ms
Execution time: 18862.649 ms
