Hash Join  (cost=164506.46..567652.27 rows=219014 width=0) (actual time=2992.744..12188.265 rows=31877 loops=1)
  Hash Cond: (mi.movie_id = t.id)
  ->  Seq Scan on movie_info mi  (cost=0.00..346232.03 rows=14592968 width=4) (actual time=0.015..6584.268 rows=14637966 loops=1)
        Filter: (info_type_id < 107)
        Rows Removed by Filter: 197754
  ->  Hash  (cost=164032.10..164032.10 rows=37949 width=8) (actual time=2986.589..2986.589 rows=4940 loops=1)
        Buckets: 65536  Batches: 1  Memory Usage: 705kB
        ->  Hash Join  (cost=74476.22..164032.10 rows=37949 width=8) (actual time=1209.772..2983.941 rows=4940 loops=1)
              Hash Cond: (mk.movie_id = t.id)
              ->  Seq Scan on movie_keyword mk  (cost=0.00..81003.12 rows=2179537 width=4) (actual time=0.025..1395.321 rows=2179069 loops=1)
                    Filter: (keyword_id < 4297)
                    Rows Removed by Filter: 2344861
              ->  Hash  (cost=73925.90..73925.90 rows=44025 width=4) (actual time=1209.342..1209.342 rows=41557 loops=1)
                    Buckets: 65536  Batches: 1  Memory Usage: 1973kB
                    ->  Seq Scan on title t  (cost=0.00..73925.90 rows=44025 width=4) (actual time=0.028..1191.930 rows=41557 loops=1)
                          Filter: ((kind_id > 3) AND (production_year > 2012))
                          Rows Removed by Filter: 2486755
Planning time: 1.992 ms
Execution time: 12193.673 ms
