Hash Join  (cost=230121.00..394563.03 rows=2751259 width=0) (actual time=5165.515..9697.925 rows=3324008 loops=1)
  Hash Cond: (mk.movie_id = t.id)
  ->  Seq Scan on movie_keyword mk  (cost=0.00..81003.12 rows=3807862 width=4) (actual time=0.030..1836.593 rows=3805065 loops=1)
        Filter: (keyword_id < 26081)
        Rows Removed by Filter: 718865
  ->  Hash  (cost=200147.59..200147.59 rows=1826913 width=8) (actual time=5164.517..5164.517 rows=1107182 loops=1)
        Buckets: 131072  Batches: 32  Memory Usage: 2352kB
        ->  Hash Join  (cost=96651.52..200147.59 rows=1826913 width=8) (actual time=1970.698..4832.638 rows=1107182 loops=1)
              Hash Cond: (mc.movie_id = t.id)
              ->  Seq Scan on movie_companies mc  (cost=0.00..44881.29 rows=2609129 width=4) (actual time=0.012..934.228 rows=2609129 loops=1)
              ->  Hash  (cost=67604.59..67604.59 rows=1770475 width=4) (actual time=1969.320..1969.320 rows=1774635 loops=1)
                    Buckets: 131072  Batches: 32  Memory Usage: 2978kB
                    ->  Seq Scan on title t  (cost=0.00..67604.59 rows=1770475 width=4) (actual time=0.024..1330.071 rows=1774635 loops=1)
                          Filter: (kind_id > 2)
                          Rows Removed by Filter: 753677
Planning time: 1.162 ms
Execution time: 10103.643 ms
