Seq Scan on cast_info ci  (cost=0.00..705507.15 rows=3186539 width=0) (actual time=1061.669..11645.822 rows=3082423 loops=1)
  Filter: (person_id < 298787)
  Rows Removed by Filter: 33161921
Planning time: 0.352 ms
Execution time: 12038.340 ms
