Hash Join  (cost=102767.86..230181.81 rows=1518205 width=0) (actual time=4904.957..10456.272 rows=1531879 loops=1)
  Hash Cond: (mk.movie_id = t.id)
  ->  Seq Scan on movie_keyword mk  (cost=0.00..81003.12 rows=1518205 width=4) (actual time=0.016..3776.819 rows=1531879 loops=1)
        Filter: (keyword_id < 2226)
        Rows Removed by Filter: 2992051
  ->  Hash  (cost=61283.27..61283.27 rows=2528527 width=4) (actual time=4900.205..4900.205 rows=2528312 loops=1)
        Buckets: 131072  Batches: 64  Memory Usage: 2425kB
        ->  Seq Scan on title t  (cost=0.00..61283.27 rows=2528527 width=4) (actual time=0.015..3784.738 rows=2528312 loops=1)
Planning time: 0.832 ms
Execution time: 10659.907 ms
