Seq Scan on movie_keyword mk  (cost=0.00..81003.12 rows=1280253 width=0) (actual time=0.016..3504.632 rows=1291409 loops=1)
  Filter: (keyword_id < 1677)
  Rows Removed by Filter: 3232521
Planning time: 0.310 ms
Execution time: 3710.894 ms
