Hash Join  (cost=165344.40..284690.41 rows=829725 width=0) (actual time=4007.839..7143.218 rows=2895701 loops=1)
  Hash Cond: (mk.movie_id = t.id)
  ->  Seq Scan on movie_keyword mk  (cost=0.00..81003.12 rows=2288702 width=4) (actual time=0.019..1571.689 rows=2289540 loops=1)
        Filter: (keyword_id < 4882)
        Rows Removed by Filter: 2234390
  ->  Hash  (cost=150305.04..150305.04 rows=916669 width=8) (actual time=4006.961..4006.961 rows=855351 loops=1)
        Buckets: 131072  Batches: 16  Memory Usage: 3129kB
        ->  Hash Join  (cost=95159.82..150305.04 rows=916669 width=8) (actual time=1867.503..3697.830 rows=855351 loops=1)
              Hash Cond: (mi_idx.movie_id = t.id)
              ->  Seq Scan on movie_info_idx mi_idx  (cost=0.00..21735.35 rows=1380035 width=4) (actual time=0.036..444.054 rows=1380035 loops=1)
              ->  Hash  (cost=67604.59..67604.59 rows=1679539 width=4) (actual time=1866.531..1866.531 rows=1673541 loops=1)
                    Buckets: 131072  Batches: 32  Memory Usage: 2866kB
                    ->  Seq Scan on title t  (cost=0.00..67604.59 rows=1679539 width=4) (actual time=0.009..1301.383 rows=1673541 loops=1)
                          Filter: (production_year > 1993)
                          Rows Removed by Filter: 854771
Planning time: 1.130 ms
Execution time: 7405.509 ms
