Hash Join  (cost=226941.48..1381814.33 rows=11785569 width=0) (actual time=4514.881..43440.404 rows=40476131 loops=1)
  Hash Cond: (ci.movie_id = t.id)
  ->  Seq Scan on cast_info ci  (cost=0.00..614943.12 rows=36225612 width=4) (actual time=0.021..13266.026 rows=36244344 loops=1)
  ->  Hash  (cost=213444.66..213444.66 rows=822626 width=8) (actual time=4513.777..4513.777 rows=831425 loops=1)
        Buckets: 131072  Batches: 16  Memory Usage: 3094kB
        ->  Hash Join  (cost=102767.86..213444.66 rows=822626 width=8) (actual time=1918.580..4282.679 rows=831425 loops=1)
              Hash Cond: (mk.movie_id = t.id)
              ->  Seq Scan on movie_keyword mk  (cost=0.00..81003.12 rows=822626 width=4) (actual time=0.027..1333.379 rows=831425 loops=1)
                    Filter: (keyword_id > 22141)
                    Rows Removed by Filter: 3692505
              ->  Hash  (cost=61283.27..61283.27 rows=2528527 width=4) (actual time=1917.497..1917.497 rows=2528312 loops=1)
                    Buckets: 131072  Batches: 64  Memory Usage: 2425kB
                    ->  Seq Scan on title t  (cost=0.00..61283.27 rows=2528527 width=4) (actual time=0.016..1040.405 rows=2528312 loops=1)
Planning time: 1.091 ms
Execution time: 47413.918 ms
