Hash Join  (cost=148256.38..1266806.49 rows=8249696 width=0) (actual time=3274.935..36492.216 rows=13866645 loops=1)
  Hash Cond: (ci.movie_id = t.id)
  ->  Seq Scan on cast_info ci  (cost=0.00..614943.12 rows=36225612 width=4) (actual time=0.019..13370.776 rows=36244344 loops=1)
  ->  Hash  (cost=138808.58..138808.58 rows=575824 width=8) (actual time=3274.082..3274.082 rows=426168 loops=1)
        Buckets: 131072  Batches: 8  Memory Usage: 3102kB
        ->  Hash Join  (cost=91235.85..138808.58 rows=575824 width=8) (actual time=1780.383..3159.132 rows=426168 loops=1)
              Hash Cond: (mi_idx.movie_id = t.id)
              ->  Seq Scan on movie_info_idx mi_idx  (cost=0.00..21735.35 rows=1380035 width=4) (actual time=0.028..473.223 rows=1380035 loops=1)
              ->  Hash  (cost=73925.90..73925.90 rows=1055036 width=4) (actual time=1778.725..1778.725 rows=1152351 loops=1)
                    Buckets: 131072  Batches: 16  Memory Usage: 3561kB
                    ->  Seq Scan on title t  (cost=0.00..73925.90 rows=1055036 width=4) (actual time=0.018..1422.161 rows=1152351 loops=1)
                          Filter: ((kind_id > 1) AND (production_year > 1999))
                          Rows Removed by Filter: 1375961
Planning time: 1.146 ms
Execution time: 37966.070 ms
