Seq Scan on movie_keyword mk  (cost=0.00..81003.12 rows=1875887 width=0) (actual time=0.018..1526.246 rows=1888129 loops=1)
  Filter: (keyword_id < 3228)
  Rows Removed by Filter: 2635801
Planning time: 0.207 ms
Execution time: 1766.603 ms
