Seq Scan on movie_companies mc  (cost=0.00..51404.11 rows=2338815 width=0) (actual time=0.027..1068.300 rows=2343124 loops=1)
  Filter: (company_id > 137)
  Rows Removed by Filter: 266005
Planning time: 0.328 ms
Execution time: 1356.273 ms
