Hash Join  (cost=156209.36..254620.37 rows=210167 width=0) (actual time=3364.274..5727.518 rows=870564 loops=1)
  Hash Cond: (mk.movie_id = t.id)
  ->  Seq Scan on movie_keyword mk  (cost=0.00..81003.12 rows=1170191 width=4) (actual time=0.023..1521.743 rows=1183943 loops=1)
        Filter: (keyword_id > 15713)
        Rows Removed by Filter: 3339987
  ->  Hash  (cost=148758.81..148758.81 rows=454124 width=8) (actual time=3363.269..3363.269 rows=459925 loops=1)
        Buckets: 131072  Batches: 8  Memory Usage: 3284kB
        ->  Hash Join  (cost=102767.86..148758.81 rows=454124 width=8) (actual time=1944.887..3223.087 rows=459925 loops=1)
              Hash Cond: (mi_idx.movie_id = t.id)
              ->  Seq Scan on movie_info_idx mi_idx  (cost=0.00..25185.44 rows=454124 width=4) (actual time=0.021..453.123 rows=459925 loops=1)
                    Filter: (info_type_id = 100)
                    Rows Removed by Filter: 920110
              ->  Hash  (cost=61283.27..61283.27 rows=2528527 width=4) (actual time=1943.320..1943.320 rows=2528312 loops=1)
                    Buckets: 131072  Batches: 64  Memory Usage: 2415kB
                    ->  Seq Scan on title t  (cost=0.00..61283.27 rows=2528527 width=4) (actual time=0.021..1106.188 rows=2528312 loops=1)
Planning time: 1.067 ms
Execution time: 5836.515 ms
