Seq Scan on movie_keyword mk  (cost=0.00..81003.12 rows=246 width=0) (actual time=4.183..1232.479 rows=684 loops=1)
  Filter: (keyword_id = 612)
  Rows Removed by Filter: 4523246
Planning time: 0.377 ms
Execution time: 1232.844 ms
