Hash Join  (cost=195442.53..560512.59 rows=236957 width=0) (actual time=9107.143..10606.485 rows=644022 loops=1)
  Hash Cond: (mi.movie_id = t.id)
  ->  Seq Scan on movie_info mi  (cost=0.00..346232.03 rows=1264125 width=4) (actual time=4828.126..5510.980 rows=1288928 loops=1)
        Filter: (info_type_id = 2)
        Rows Removed by Filter: 13546792
  ->  Hash  (cost=187665.96..187665.96 rows=473965 width=8) (actual time=4277.977..4277.977 rows=648575 loops=1)
        Buckets: 131072 (originally 131072)  Batches: 16 (originally 8)  Memory Usage: 3073kB
        ->  Hash Join  (cost=78556.72..187665.96 rows=473965 width=8) (actual time=1366.245..4067.363 rows=648575 loops=1)
              Hash Cond: (mk.movie_id = t.id)
              ->  Seq Scan on movie_keyword mk  (cost=0.00..81003.12 rows=1795324 width=4) (actual time=0.036..1577.618 rows=1803837 loops=1)
                    Filter: (keyword_id < 2926)
                    Rows Removed by Filter: 2720093
              ->  Hash  (cost=67604.59..67604.59 rows=667531 width=4) (actual time=1364.525..1364.525 rows=662834 loops=1)
                    Buckets: 131072  Batches: 16  Memory Usage: 2485kB
                    ->  Seq Scan on title t  (cost=0.00..67604.59 rows=667531 width=4) (actual time=0.020..1142.205 rows=662834 loops=1)
                          Filter: (production_year < 1989)
                          Rows Removed by Filter: 1865478
Planning time: 1.171 ms
Execution time: 10681.182 ms
