Hash Join  (cost=152674.81..578985.02 rows=693052 width=0) (actual time=3099.860..12877.228 rows=1421625 loops=1)
  Hash Cond: (mi.movie_id = t.id)
  ->  Seq Scan on movie_info mi  (cost=0.00..346232.03 rows=6231111 width=4) (actual time=0.012..6599.128 rows=6223494 loops=1)
        Filter: (info_type_id > 8)
        Rows Removed by Filter: 8612226
  ->  Hash  (cost=148060.39..148060.39 rows=281234 width=8) (actual time=3099.095..3099.095 rows=238681 loops=1)
        Buckets: 131072  Batches: 4  Memory Usage: 3361kB
        ->  Hash Join  (cost=76379.89..148060.39 rows=281234 width=8) (actual time=1340.891..3033.128 rows=238681 loops=1)
              Hash Cond: (mc.movie_id = t.id)
              ->  Seq Scan on movie_companies mc  (cost=0.00..51404.11 rows=1329612 width=4) (actual time=0.024..970.036 rows=1334883 loops=1)
                    Filter: (company_type_id = 2)
                    Rows Removed by Filter: 1274246
              ->  Hash  (cost=67604.59..67604.59 rows=534824 width=4) (actual time=1340.050..1340.050 rows=533369 loops=1)
                    Buckets: 131072  Batches: 8  Memory Usage: 3369kB
                    ->  Seq Scan on title t  (cost=0.00..67604.59 rows=534824 width=4) (actual time=0.018..1163.218 rows=533369 loops=1)
                          Filter: (production_year > 2009)
                          Rows Removed by Filter: 1994943
Planning time: 1.116 ms
Execution time: 13035.744 ms
