Hash Join  (cost=207456.80..724675.22 rows=1779561 width=0) (actual time=4149.348..15617.917 rows=558070 loops=1)
  Hash Cond: (mi.movie_id = t.id)
  ->  Seq Scan on movie_info mi  (cost=0.00..309384.22 rows=14739122 width=4) (actual time=0.019..5693.690 rows=14835720 loops=1)
  ->  Hash  (cost=202447.71..202447.71 rows=305287 width=8) (actual time=4148.582..4148.582 rows=65472 loops=1)
        Buckets: 131072  Batches: 4  Memory Usage: 1668kB
        ->  Hash Join  (cost=76725.80..202447.71 rows=305287 width=8) (actual time=1138.142..4127.545 rows=65472 loops=1)
              Hash Cond: (mk.movie_id = t.id)
              ->  Seq Scan on movie_keyword mk  (cost=0.00..69693.30 rows=4523930 width=4) (actual time=0.014..1350.017 rows=4523930 loops=1)
              ->  Hash  (cost=73925.90..73925.90 rows=170632 width=4) (actual time=1137.217..1137.217 rows=170068 loops=1)
                    Buckets: 131072  Batches: 4  Memory Usage: 2540kB
                    ->  Seq Scan on title t  (cost=0.00..73925.90 rows=170632 width=4) (actual time=0.017..1075.492 rows=170068 loops=1)
                          Filter: ((kind_id > 1) AND (production_year > 2011))
                          Rows Removed by Filter: 2358244
Planning time: 1.074 ms
Execution time: 15675.738 ms
