Hash Join  (cost=75411.94..896716.60 rows=74747 width=0) (actual time=5352.712..17079.786 rows=73330 loops=1)
  Hash Cond: (ci.movie_id = t.id)
  ->  Seq Scan on cast_info ci  (cost=0.00..796071.18 rows=2086936 width=4) (actual time=4102.269..14999.100 rows=2137909 loops=1)
        Filter: ((person_id > 831527) AND (role_id = 4))
        Rows Removed by Filter: 34106435
  ->  Hash  (cost=73925.90..73925.90 rows=90563 width=4) (actual time=1249.517..1249.517 rows=80990 loops=1)
        Buckets: 131072  Batches: 2  Memory Usage: 2450kB
        ->  Seq Scan on title t  (cost=0.00..73925.90 rows=90563 width=4) (actual time=0.041..1218.774 rows=80990 loops=1)
              Filter: ((kind_id < 7) AND (production_year > 2011))
              Rows Removed by Filter: 2447322
Planning time: 0.799 ms
Execution time: 17090.311 ms
