Hash Join  (cost=78988.28..207716.05 rows=551973 width=0) (actual time=1306.218..5077.151 rows=667415 loops=1)
  Hash Cond: (mk.movie_id = t.id)
  ->  Seq Scan on movie_keyword mk  (cost=0.00..69693.30 rows=4523930 width=4) (actual time=0.013..1380.087 rows=4523930 loops=1)
  ->  Hash  (cost=73925.90..73925.90 rows=308510 width=4) (actual time=1305.423..1305.423 rows=266599 loops=1)
        Buckets: 131072  Batches: 8  Memory Usage: 2198kB
        ->  Seq Scan on title t  (cost=0.00..73925.90 rows=308510 width=4) (actual time=0.048..1216.196 rows=266599 loops=1)
              Filter: ((kind_id < 7) AND (production_year > 2007))
              Rows Removed by Filter: 2261713
Planning time: 1.313 ms
Execution time: 5154.868 ms
