Hash Join  (cost=245415.15..338379.96 rows=1299528 width=0) (actual time=5510.916..9989.465 rows=10797230 loops=1)
  Hash Cond: (mc.movie_id = t.id)
  ->  Seq Scan on movie_companies mc  (cost=0.00..44881.29 rows=2609129 width=4) (actual time=0.024..961.658 rows=2609129 loops=1)
  ->  Hash  (cost=224752.87..224752.87 rows=1259383 width=8) (actual time=5509.540..5509.540 rows=1382622 loops=1)
        Buckets: 131072  Batches: 32  Memory Usage: 2706kB
        ->  Hash Join  (cost=104131.46..224752.87 rows=1259383 width=8) (actual time=2148.169..5123.214 rows=1382622 loops=1)
              Hash Cond: (mk.movie_id = t.id)
              ->  Seq Scan on movie_keyword mk  (cost=0.00..81003.12 rows=1430290 width=4) (actual time=0.021..1567.196 rows=1444081 loops=1)
                    Filter: (keyword_id > 11572)
                    Rows Removed by Filter: 3079849
              ->  Hash  (cost=67604.59..67604.59 rows=2226390 width=4) (actual time=2146.598..2146.598 rows=2224569 loops=1)
                    Buckets: 131072  Batches: 32  Memory Usage: 3472kB
                    ->  Seq Scan on title t  (cost=0.00..67604.59 rows=2226390 width=4) (actual time=0.013..1419.083 rows=2224569 loops=1)
                          Filter: (production_year < 2012)
                          Rows Removed by Filter: 303743
Planning time: 1.197 ms
Execution time: 11060.339 ms
