Seq Scan on movie_companies mc  (cost=0.00..51404.11 rows=104 width=0) (actual time=0.225..852.954 rows=1228 loops=1)
  Filter: (company_id = 63)
  Rows Removed by Filter: 2607901
Planning time: 0.414 ms
Execution time: 853.320 ms
