Seq Scan on movie_info mi  (cost=0.00..346232.03 rows=17937 width=0) (actual time=739.429..4762.769 rows=6346 loops=1)
  Filter: (info_type_id = 70)
  Rows Removed by Filter: 14829374
Planning time: 0.370 ms
Execution time: 4763.867 ms
