Seq Scan on movie_companies mc  (cost=0.00..57926.93 rows=429547 width=0) (actual time=39.424..912.740 rows=244994 loops=1)
  Filter: ((company_id < 2174) AND (company_type_id = 2))
  Rows Removed by Filter: 2364135
Planning time: 0.408 ms
Execution time: 941.956 ms
