Hash Join  (cost=102655.97..189349.45 rows=3544 width=0) (actual time=1615.621..3449.154 rows=11662 loops=1)
  Hash Cond: (mk.movie_id = t.id)
  ->  Seq Scan on movie_keyword mk  (cost=0.00..69693.30 rows=4523930 width=4) (actual time=0.013..1036.194 rows=4523930 loops=1)
  ->  Hash  (cost=102631.21..102631.21 rows=1981 width=8) (actual time=1615.070..1615.070 rows=3800 loops=1)
        Buckets: 4096 (originally 2048)  Batches: 1 (originally 1)  Memory Usage: 181kB
        ->  Hash Join  (cost=73994.33..102631.21 rows=1981 width=8) (actual time=1154.512..1613.798 rows=3800 loops=1)
              Hash Cond: (mi_idx.movie_id = t.id)
              ->  Seq Scan on movie_info_idx mi_idx  (cost=0.00..25185.44 rows=915101 width=4) (actual time=0.020..329.183 rows=919850 loops=1)
                    Filter: (info_type_id < 101)
                    Rows Removed by Filter: 460185
              ->  Hash  (cost=73925.90..73925.90 rows=5474 width=4) (actual time=1151.804..1151.804 rows=10544 loops=1)
                    Buckets: 16384 (originally 8192)  Batches: 1 (originally 1)  Memory Usage: 499kB
                    ->  Seq Scan on title t  (cost=0.00..73925.90 rows=5474 width=4) (actual time=0.903..1146.364 rows=10544 loops=1)
                          Filter: ((kind_id > 1) AND (production_year = 1979))
                          Rows Removed by Filter: 2517768
Planning time: 1.163 ms
Execution time: 3451.046 ms
