Hash Join  (cost=179238.54..313033.74 rows=967916 width=0) (actual time=4137.845..11434.988 rows=15691598 loops=1)
  Hash Cond: (mk.movie_id = t.id)
  ->  Seq Scan on movie_keyword mk  (cost=0.00..69693.30 rows=4523930 width=4) (actual time=0.022..1469.407 rows=4523930 loops=1)
  ->  Hash  (cost=170362.16..170362.16 rows=540990 width=8) (actual time=4136.498..4136.498 rows=764850 loops=1)
        Buckets: 131072 (originally 131072)  Batches: 16 (originally 8)  Memory Usage: 3073kB
        ->  Hash Join  (cost=83113.43..170362.16 rows=540990 width=8) (actual time=1446.374..3919.578 rows=764850 loops=1)
              Hash Cond: (mc.movie_id = t.id)
              ->  Seq Scan on movie_companies mc  (cost=0.00..51404.11 rows=2442859 width=4) (actual time=0.023..1119.196 rows=2444154 loops=1)
                    Filter: (company_id < 125791)
                    Rows Removed by Filter: 164975
              ->  Hash  (cost=73925.90..73925.90 rows=559962 width=4) (actual time=1445.415..1445.415 rows=477167 loops=1)
                    Buckets: 131072  Batches: 8  Memory Usage: 3118kB
                    ->  Seq Scan on title t  (cost=0.00..73925.90 rows=559962 width=4) (actual time=0.040..1289.419 rows=477167 loops=1)
                          Filter: ((kind_id < 7) AND (production_year > 1999))
                          Rows Removed by Filter: 2051145
Planning time: 1.128 ms
Execution time: 13261.477 ms
