Seq Scan on movie_keyword mk  (cost=0.00..81003.12 rows=246 width=0) (actual time=0.838..1152.370 rows=1085 loops=1)
  Filter: (keyword_id = 1398)
  Rows Removed by Filter: 4522845
Planning time: 0.357 ms
Execution time: 1152.850 ms
