Seq Scan on cast_info ci  (cost=0.00..796071.18 rows=101 width=0) (actual time=6683.891..10682.685 rows=170 loops=1)
  Filter: ((person_id = 1978381) AND (role_id = 2))
  Rows Removed by Filter: 36244174
Planning time: 0.402 ms
Execution time: 10682.833 ms
