Seq Scan on movie_companies mc  (cost=0.00..51404.11 rows=2383120 width=0) (actual time=0.018..1069.759 rows=2381559 loops=1)
  Filter: (company_id < 106049)
  Rows Removed by Filter: 227570
Planning time: 0.336 ms
Execution time: 1369.509 ms
