Hash Join  (cost=102069.17..468307.83 rows=158275 width=0) (actual time=2019.292..10574.126 rows=692049 loops=1)
  Hash Cond: (mi.movie_id = t.id)
  ->  Seq Scan on movie_info mi  (cost=0.00..309384.22 rows=14739122 width=4) (actual time=0.017..4725.550 rows=14835720 loops=1)
  ->  Hash  (cost=101729.77..101729.77 rows=27152 width=8) (actual time=2019.059..2019.059 rows=39721 loops=1)
        Buckets: 65536 (originally 32768)  Batches: 1 (originally 1)  Memory Usage: 2064kB
        ->  Hash Join  (cost=74547.77..101729.77 rows=27152 width=8) (actual time=1282.559..2004.130 rows=39721 loops=1)
              Hash Cond: (mi_idx.movie_id = t.id)
              ->  Seq Scan on movie_info_idx mi_idx  (cost=0.00..21735.35 rows=1380035 width=4) (actual time=0.013..371.272 rows=1380035 loops=1)
              ->  Hash  (cost=73925.90..73925.90 rows=49749 width=4) (actual time=1282.198..1282.198 rows=44012 loops=1)
                    Buckets: 65536  Batches: 1  Memory Usage: 2060kB
                    ->  Seq Scan on title t  (cost=0.00..73925.90 rows=49749 width=4) (actual time=0.044..1262.737 rows=44012 loops=1)
                          Filter: ((kind_id < 7) AND (production_year = 2009))
                          Rows Removed by Filter: 2484300
Planning time: 1.253 ms
Execution time: 10666.241 ms
