Nested Loop  (cost=0.43..128657.65 rows=2334 width=0) (actual time=0.454..1508.396 rows=4772 loops=1)
  ->  Seq Scan on movie_keyword mk  (cost=0.00..81003.12 rows=6786 width=4) (actual time=0.405..1273.872 rows=5733 loops=1)
        Filter: (keyword_id = 249)
        Rows Removed by Filter: 4518197
  ->  Index Scan using title_pkey on title t  (cost=0.43..7.01 rows=1 width=4) (actual time=0.040..0.040 rows=1 loops=5733)
        Index Cond: (id = mk.movie_id)
        Filter: ((kind_id < 7) AND (production_year < 2012))
        Rows Removed by Filter: 0
Planning time: 0.715 ms
Execution time: 1509.962 ms
