Hash Join  (cost=190230.21..1018110.08 rows=847124 width=0) (actual time=9464.971..20046.631 rows=1271201 loops=1)
  Hash Cond: (ci.movie_id = t.id)
  ->  Seq Scan on cast_info ci  (cost=0.00..796071.18 rows=1552118 width=4) (actual time=5135.252..14469.343 rows=1476467 loops=1)
        Filter: ((person_id < 3348742) AND (role_id = 8))
        Rows Removed by Filter: 34767877
  ->  Hash  (cost=167588.78..167588.78 rows=1380035 width=8) (actual time=4328.331..4328.331 rows=1380035 loops=1)
        Buckets: 131072  Batches: 32  Memory Usage: 2708kB
        ->  Hash Join  (cost=102767.86..167588.78 rows=1380035 width=8) (actual time=1898.866..3923.548 rows=1380035 loops=1)
              Hash Cond: (mi_idx.movie_id = t.id)
              ->  Seq Scan on movie_info_idx mi_idx  (cost=0.00..21735.35 rows=1380035 width=4) (actual time=0.022..465.354 rows=1380035 loops=1)
              ->  Hash  (cost=61283.27..61283.27 rows=2528527 width=4) (actual time=1897.342..1897.342 rows=2528312 loops=1)
                    Buckets: 131072  Batches: 64  Memory Usage: 2415kB
                    ->  Seq Scan on title t  (cost=0.00..61283.27 rows=2528527 width=4) (actual time=0.018..1059.885 rows=2528312 loops=1)
Planning time: 1.188 ms
Execution time: 20195.215 ms
