Hash Join  (cost=213806.20..300319.20 rows=831547 width=0) (actual time=5209.510..11365.858 rows=15735063 loops=1)
  Hash Cond: (mc.movie_id = t.id)
  ->  Seq Scan on movie_companies mc  (cost=0.00..44881.29 rows=2609129 width=4) (actual time=0.018..902.292 rows=2609129 loops=1)
  ->  Hash  (cost=200584.97..200584.97 rows=805859 width=8) (actual time=5208.147..5208.147 rows=1749144 loops=1)
        Buckets: 131072 (originally 131072)  Batches: 32 (originally 16)  Memory Usage: 3148kB
        ->  Hash Join  (cost=83810.17..200584.97 rows=805859 width=8) (actual time=1542.726..4658.359 rows=1749144 loops=1)
              Hash Cond: (mk.movie_id = t.id)
              ->  Seq Scan on movie_keyword mk  (cost=0.00..81003.12 rows=2062954 width=4) (actual time=0.019..1455.874 rows=2064111 loops=1)
                    Filter: (keyword_id > 5893)
                    Rows Removed by Filter: 2459819
              ->  Hash  (cost=67604.59..67604.59 rows=987727 width=4) (actual time=1541.888..1541.888 rows=985048 loops=1)
                    Buckets: 131072  Batches: 16  Memory Usage: 3197kB
                    ->  Seq Scan on title t  (cost=0.00..67604.59 rows=987727 width=4) (actual time=0.036..1223.766 rows=985048 loops=1)
                          Filter: (kind_id < 7)
                          Rows Removed by Filter: 1543264
Planning time: 1.095 ms
Execution time: 13179.138 ms
