Hash Join  (cost=77339.01..440144.62 rows=104680 width=0) (actual time=2099.601..7098.021 rows=14024 loops=1)
  Hash Cond: (mi.movie_id = t.id)
  ->  Seq Scan on movie_info mi  (cost=0.00..346232.03 rows=1272478 width=4) (actual time=1037.937..5486.804 rows=1325361 loops=1)
        Filter: (info_type_id = 8)
        Rows Removed by Filter: 13510359
  ->  Hash  (cost=73925.90..73925.90 rows=208008 width=4) (actual time=1060.013..1060.013 rows=104154 loops=1)
        Buckets: 131072  Batches: 4  Memory Usage: 1942kB
        ->  Seq Scan on title t  (cost=0.00..73925.90 rows=208008 width=4) (actual time=0.027..1021.493 rows=104154 loops=1)
              Filter: ((production_year < 1968) AND (kind_id = 7))
              Rows Removed by Filter: 2424158
Planning time: 0.725 ms
Execution time: 7100.050 ms
