Hash Join  (cost=92883.59..179836.35 rows=741480 width=0) (actual time=1795.022..3792.834 rows=370299 loops=1)
  Hash Cond: (mc.movie_id = t.id)
  ->  Seq Scan on movie_companies mc  (cost=0.00..57926.93 rows=1216805 width=4) (actual time=91.227..1128.025 rows=1284226 loops=1)
        Filter: ((company_id > 74) AND (company_type_id > 1))
        Rows Removed by Filter: 1324903
  ->  Hash  (cost=67604.59..67604.59 rows=1540800 width=4) (actual time=1702.478..1702.478 rows=1543264 loops=1)
        Buckets: 131072  Batches: 32  Memory Usage: 2722kB
        ->  Seq Scan on title t  (cost=0.00..67604.59 rows=1540800 width=4) (actual time=0.022..1207.901 rows=1543264 loops=1)
              Filter: (kind_id = 7)
              Rows Removed by Filter: 985048
Planning time: 0.714 ms
Execution time: 3837.952 ms
