Hash Join  (cost=307256.17..998515.77 rows=16363987 width=0) (actual time=7380.391..52923.971 rows=152829203 loops=1)
  Hash Cond: (mi.movie_id = t.id)
  ->  Seq Scan on movie_info mi  (cost=0.00..309384.22 rows=14739122 width=4) (actual time=0.027..6288.305 rows=14835720 loops=1)
  ->  Hash  (cost=261199.22..261199.22 rows=2807276 width=8) (actual time=7378.066..7378.066 rows=2801702 loops=1)
        Buckets: 131072  Batches: 64  Memory Usage: 2839kB
        ->  Hash Join  (cost=102767.86..261199.22 rows=2807276 width=8) (actual time=2075.905..6562.213 rows=2801702 loops=1)
              Hash Cond: (mk.movie_id = t.id)
              ->  Seq Scan on movie_keyword mk  (cost=0.00..81003.12 rows=2807276 width=4) (actual time=0.021..1741.845 rows=2801702 loops=1)
                    Filter: (keyword_id > 2762)
                    Rows Removed by Filter: 1722228
              ->  Hash  (cost=61283.27..61283.27 rows=2528527 width=4) (actual time=2075.027..2075.027 rows=2528312 loops=1)
                    Buckets: 131072  Batches: 64  Memory Usage: 2425kB
                    ->  Seq Scan on title t  (cost=0.00..61283.27 rows=2528527 width=4) (actual time=0.016..1221.812 rows=2528312 loops=1)
Planning time: 1.136 ms
Execution time: 68735.721 ms
