Hash Join  (cost=300220.87..1358691.71 rows=11036328 width=0) (actual time=6097.703..32827.967 rows=11698473 loops=1)
  Hash Cond: (ci.movie_id = t.id)
  ->  Seq Scan on cast_info ci  (cost=0.00..796071.18 rows=10039259 width=4) (actual time=0.024..16134.573 rows=15599530 loops=1)
        Filter: ((person_id > 2078207) AND (role_id > 1))
        Rows Removed by Filter: 20644814
  ->  Hash  (cost=254616.21..254616.21 rows=2779653 width=8) (actual time=6095.571..6095.571 rows=730679 loops=1)
        Buckets: 131072  Batches: 64  Memory Usage: 1439kB
        ->  Hash Join  (cost=93093.72..254616.21 rows=2779653 width=8) (actual time=1847.872..5553.138 rows=730679 loops=1)
              Hash Cond: (mk.movie_id = t.id)
              ->  Seq Scan on movie_keyword mk  (cost=0.00..69693.30 rows=4523930 width=4) (actual time=0.026..1339.369 rows=4523930 loops=1)
              ->  Hash  (cost=67604.59..67604.59 rows=1553611 width=4) (actual time=1834.646..1834.646 rows=1555864 loops=1)
                    Buckets: 131072  Batches: 32  Memory Usage: 2740kB
                    ->  Seq Scan on title t  (cost=0.00..67604.59 rows=1553611 width=4) (actual time=0.061..1324.046 rows=1555864 loops=1)
                          Filter: (kind_id > 4)
                          Rows Removed by Filter: 972448
Planning time: 1.207 ms
Execution time: 34220.583 ms
