Seq Scan on movie_keyword mk  (cost=0.00..81003.12 rows=1384990 width=0) (actual time=0.027..1461.823 rows=1400107 loops=1)
  Filter: (keyword_id > 11957)
  Rows Removed by Filter: 3123823
Planning time: 0.292 ms
Execution time: 1636.633 ms
