Seq Scan on title t  (cost=0.00..73925.90 rows=1340599 width=0) (actual time=0.021..1325.855 rows=1418280 loops=1)
  Filter: ((production_year > 1961) AND (kind_id = 7))
  Rows Removed by Filter: 1110032
Planning time: 0.368 ms
Execution time: 1504.536 ms
