Seq Scan on movie_keyword mk  (cost=0.00..81003.12 rows=915261 width=0) (actual time=0.027..1312.672 rows=904751 loops=1)
  Filter: (keyword_id > 20378)
  Rows Removed by Filter: 3619179
Planning time: 0.321 ms
Execution time: 1427.402 ms
