Hash Join  (cost=86252.72..195308.37 rows=513507 width=0) (actual time=1481.641..4310.570 rows=1383143 loops=1)
  Hash Cond: (mk.movie_id = t.id)
  ->  Seq Scan on movie_keyword mk  (cost=0.00..81003.12 rows=1728123 width=4) (actual time=0.021..1604.452 rows=1732726 loops=1)
        Filter: (keyword_id < 2830)
        Rows Removed by Filter: 2791204
  ->  Hash  (cost=73925.90..73925.90 rows=751345 width=4) (actual time=1480.453..1480.453 rows=793943 loops=1)
        Buckets: 131072  Batches: 16  Memory Usage: 2779kB
        ->  Seq Scan on title t  (cost=0.00..73925.90 rows=751345 width=4) (actual time=0.011..1224.562 rows=793943 loops=1)
              Filter: ((kind_id < 7) AND (production_year < 2010))
              Rows Removed by Filter: 1734369
Planning time: 0.713 ms
Execution time: 4466.281 ms
