Hash Join  (cost=228124.92..612527.06 rows=882330 width=0) (actual time=5328.340..11515.049 rows=377561 loops=1)
  Hash Cond: (mi.movie_id = t.id)
  ->  Seq Scan on movie_info mi  (cost=0.00..346232.03 rows=2194617 width=4) (actual time=913.920..5992.576 rows=2233850 loops=1)
        Filter: (info_type_id > 16)
        Rows Removed by Filter: 12601870
  ->  Hash  (cost=211446.72..211446.72 rows=1016576 width=8) (actual time=4382.963..4382.963 rows=210714 loops=1)
        Buckets: 131072  Batches: 16  Memory Usage: 1539kB
        ->  Hash Join  (cost=92883.59..211446.72 rows=1016576 width=8) (actual time=1811.508..4316.817 rows=210714 loops=1)
              Hash Cond: (mk.movie_id = t.id)
              ->  Seq Scan on movie_keyword mk  (cost=0.00..81003.12 rows=1668250 width=4) (actual time=0.030..1550.263 rows=1679469 loops=1)
                    Filter: (keyword_id < 2591)
                    Rows Removed by Filter: 2844461
              ->  Hash  (cost=67604.59..67604.59 rows=1540800 width=4) (actual time=1677.157..1677.157 rows=1543264 loops=1)
                    Buckets: 131072  Batches: 32  Memory Usage: 2728kB
                    ->  Seq Scan on title t  (cost=0.00..67604.59 rows=1540800 width=4) (actual time=72.884..1179.917 rows=1543264 loops=1)
                          Filter: (kind_id = 7)
                          Rows Removed by Filter: 985048
Planning time: 1.079 ms
Execution time: 11559.947 ms
