Seq Scan on movie_companies mc  (cost=0.00..51404.11 rows=1826239 width=0) (actual time=0.022..1011.579 rows=1818098 loops=1)
  Filter: (company_id < 31621)
  Rows Removed by Filter: 791031
Planning time: 0.332 ms
Execution time: 1247.186 ms
