Hash Join  (cost=107316.32..861225.99 rows=312051 width=0) (actual time=1981.903..18979.763 rows=368411 loops=1)
  Hash Cond: (ci.movie_id = t.id)
  ->  Seq Scan on cast_info ci  (cost=0.00..614943.12 rows=36225612 width=4) (actual time=0.024..8718.261 rows=36244344 loops=1)
  ->  Hash  (cost=107044.05..107044.05 rows=21781 width=8) (actual time=1981.595..1981.595 rows=10755 loops=1)
        Buckets: 32768  Batches: 1  Memory Usage: 677kB
        ->  Hash Join  (cost=75915.84..107044.05 rows=21781 width=8) (actual time=1241.840..1976.956 rows=10755 loops=1)
              Hash Cond: (mi_idx.movie_id = t.id)
              ->  Seq Scan on movie_info_idx mi_idx  (cost=0.00..25185.44 rows=454124 width=4) (actual time=0.028..535.146 rows=459925 loops=1)
                    Filter: (info_type_id = 100)
                    Rows Removed by Filter: 920110
              ->  Hash  (cost=73925.90..73925.90 rows=121275 width=4) (actual time=1239.985..1239.985 rows=124747 loops=1)
                    Buckets: 131072  Batches: 2  Memory Usage: 3219kB
                    ->  Seq Scan on title t  (cost=0.00..73925.90 rows=121275 width=4) (actual time=0.032..1194.214 rows=124747 loops=1)
                          Filter: ((kind_id > 1) AND (production_year = 2012))
                          Rows Removed by Filter: 2403565
Planning time: 1.088 ms
Execution time: 19036.088 ms
