Hash Join  (cost=709678.15..796345.14 rows=895 width=0) (actual time=12647.134..13122.865 rows=1273 loops=1)
  Hash Cond: (mk.movie_id = t.id)
  ->  Seq Scan on movie_keyword mk  (cost=0.00..69693.30 rows=4523930 width=4) (actual time=0.014..1024.814 rows=4523930 loops=1)
  ->  Hash  (cost=709671.90..709671.90 rows=500 width=8) (actual time=11320.333..11320.333 rows=440 loops=1)
        Buckets: 1024  Batches: 1  Memory Usage: 26kB
        ->  Nested Loop  (cost=0.43..709671.90 rows=500 width=8) (actual time=3273.420..11320.140 rows=440 loops=1)
              ->  Seq Scan on cast_info ci  (cost=0.00..705507.15 rows=500 width=4) (actual time=3273.272..11312.835 rows=440 loops=1)
                    Filter: (person_id = 583584)
                    Rows Removed by Filter: 36243904
              ->  Index Only Scan using title_pkey on title t  (cost=0.43..8.32 rows=1 width=4) (actual time=0.016..0.016 rows=1 loops=440)
                    Index Cond: (id = ci.movie_id)
                    Heap Fetches: 440
Planning time: 1.081 ms
Execution time: 13123.121 ms
