Hash Join  (cost=74730.49..130060.21 rows=66419 width=0) (actual time=1176.995..2615.242 rows=68954 loops=1)
  Hash Cond: (mc.movie_id = t.id)
  ->  Seq Scan on movie_companies mc  (cost=0.00..44881.29 rows=2609129 width=4) (actual time=0.018..694.687 rows=2609129 loops=1)
  ->  Hash  (cost=73925.90..73925.90 rows=64367 width=4) (actual time=1176.628..1176.628 rows=53905 loops=1)
        Buckets: 65536  Batches: 1  Memory Usage: 2408kB
        ->  Seq Scan on title t  (cost=0.00..73925.90 rows=64367 width=4) (actual time=0.019..1152.357 rows=53905 loops=1)
              Filter: ((kind_id < 7) AND (production_year = 2012))
              Rows Removed by Filter: 2474407
Planning time: 0.674 ms
Execution time: 2624.898 ms
