Hash Join  (cost=156209.36..270142.88 rows=418864 width=0) (actual time=3398.107..6529.401 rows=1806052 loops=1)
  Hash Cond: (mk.movie_id = t.id)
  ->  Seq Scan on movie_keyword mk  (cost=0.00..81003.12 rows=2332201 width=4) (actual time=0.018..1701.001 rows=2331079 loops=1)
        Filter: (keyword_id > 4341)
        Rows Removed by Filter: 2192851
  ->  Hash  (cost=148758.81..148758.81 rows=454124 width=8) (actual time=3397.250..3397.250 rows=459925 loops=1)
        Buckets: 131072  Batches: 8  Memory Usage: 3284kB
        ->  Hash Join  (cost=102767.86..148758.81 rows=454124 width=8) (actual time=1969.600..3252.474 rows=459925 loops=1)
              Hash Cond: (mi_idx.movie_id = t.id)
              ->  Seq Scan on movie_info_idx mi_idx  (cost=0.00..25185.44 rows=454124 width=4) (actual time=0.011..456.635 rows=459925 loops=1)
                    Filter: (info_type_id = 100)
                    Rows Removed by Filter: 920110
              ->  Hash  (cost=61283.27..61283.27 rows=2528527 width=4) (actual time=1968.559..1968.559 rows=2528312 loops=1)
                    Buckets: 131072  Batches: 64  Memory Usage: 2415kB
                    ->  Seq Scan on title t  (cost=0.00..61283.27 rows=2528527 width=4) (actual time=0.012..1126.156 rows=2528312 loops=1)
Planning time: 0.750 ms
Execution time: 6726.390 ms
