Hash Join  (cost=183379.60..1025961.72 rows=2499034 width=0) (actual time=9584.267..21606.847 rows=1503852 loops=1)
  Hash Cond: (ci.movie_id = t.id)
  ->  Seq Scan on cast_info ci  (cost=0.00..705507.15 rows=9468168 width=4) (actual time=5859.157..13625.950 rows=9384703 loops=1)
        Filter: (role_id > 4)
        Rows Removed by Filter: 26859641
  ->  Hash  (cost=172430.34..172430.34 rows=667381 width=8) (actual time=3723.763..3723.763 rows=219115 loops=1)
        Buckets: 131072  Batches: 16  Memory Usage: 1551kB
        ->  Hash Join  (cost=87428.23..172430.34 rows=667381 width=8) (actual time=1528.398..3659.985 rows=219115 loops=1)
              Hash Cond: (mc.movie_id = t.id)
              ->  Seq Scan on movie_companies mc  (cost=0.00..51404.11 rows=2050450 width=4) (actual time=1.430..1043.647 rows=2053086 loops=1)
                    Filter: (company_id > 578)
                    Rows Removed by Filter: 556043
              ->  Hash  (cost=73925.90..73925.90 rows=822986 width=4) (actual time=1525.577..1525.577 rows=738761 loops=1)
                    Buckets: 131072  Batches: 16  Memory Usage: 2648kB
                    ->  Seq Scan on title t  (cost=0.00..73925.90 rows=822986 width=4) (actual time=92.619..1290.840 rows=738761 loops=1)
                          Filter: ((production_year < 2005) AND (kind_id = 7))
                          Rows Removed by Filter: 1789551
Planning time: 1.225 ms
Execution time: 21772.051 ms
