Seq Scan on cast_info ci  (cost=0.00..796071.18 rows=176 width=0) (actual time=9631.100..13019.189 rows=262 loops=1)
  Filter: ((role_id < 2) AND (person_id = 1216474))
  Rows Removed by Filter: 36244082
Planning time: 0.346 ms
Execution time: 13019.315 ms
