Seq Scan on movie_companies mc  (cost=0.00..51404.11 rows=2540668 width=0) (actual time=0.031..1056.411 rows=2541492 loops=1)
  Filter: (company_id < 178429)
  Rows Removed by Filter: 67637
Planning time: 0.328 ms
Execution time: 1369.255 ms
