Hash Join  (cost=83742.85..1231110.22 rows=7466725 width=0) (actual time=1355.587..37662.666 rows=5692748 loops=1)
  Hash Cond: (ci.movie_id = t.id)
  ->  Seq Scan on cast_info ci  (cost=0.00..705507.15 rows=31554923 width=4) (actual time=0.014..17064.527 rows=31605208 loops=1)
        Filter: (role_id < 10)
        Rows Removed by Filter: 4639136
  ->  Hash  (cost=73925.90..73925.90 rows=598316 width=4) (actual time=1354.772..1354.772 rows=492663 loops=1)
        Buckets: 131072  Batches: 8  Memory Usage: 3175kB
        ->  Seq Scan on title t  (cost=0.00..73925.90 rows=598316 width=4) (actual time=0.042..1189.997 rows=492663 loops=1)
              Filter: ((kind_id > 4) AND (production_year < 1999))
              Rows Removed by Filter: 2035649
Planning time: 0.843 ms
Execution time: 38278.106 ms
