Seq Scan on cast_info ci  (cost=0.00..796071.18 rows=332 width=0) (actual time=7125.166..14039.231 rows=29 loops=1)
  Filter: ((role_id < 4) AND (person_id = 2672843))
  Rows Removed by Filter: 36244315
Planning time: 0.411 ms
Execution time: 14039.353 ms
