Seq Scan on movie_keyword mk  (cost=0.00..81003.12 rows=246 width=0) (actual time=9.484..1199.148 rows=62 loops=1)
  Filter: (keyword_id = 7976)
  Rows Removed by Filter: 4523868
Planning time: 0.334 ms
Execution time: 1199.288 ms
