Seq Scan on movie_companies mc  (cost=0.00..57926.93 rows=707741 width=0) (actual time=519.559..1049.252 rows=445246 loops=1)
  Filter: ((company_id < 11872) AND (company_type_id > 1))
  Rows Removed by Filter: 2163883
Planning time: 0.369 ms
Execution time: 1105.348 ms
