Hash Join  (cost=112660.30..479514.80 rows=219857 width=0) (actual time=1708.061..9248.112 rows=204398 loops=1)
  Hash Cond: (mi.movie_id = t.id)
  ->  Seq Scan on movie_info mi  (cost=0.00..309384.22 rows=14739122 width=4) (actual time=0.009..4071.079 rows=14835720 loops=1)
  ->  Hash  (cost=112188.84..112188.84 rows=37717 width=8) (actual time=1707.532..1707.532 rows=22768 loops=1)
        Buckets: 65536  Batches: 1  Memory Usage: 1402kB
        ->  Hash Join  (cost=75636.60..112188.84 rows=37717 width=8) (actual time=1162.812..1700.695 rows=22768 loops=1)
              Hash Cond: (mi_idx.movie_id = t.id)
              ->  Seq Scan on movie_info_idx mi_idx  (cost=0.00..25185.44 rows=915101 width=4) (actual time=0.042..285.068 rows=919850 loops=1)
                    Filter: (info_type_id < 101)
                    Rows Removed by Filter: 460185
              ->  Hash  (cost=73925.90..73925.90 rows=104216 width=4) (actual time=1161.957..1161.957 rows=108513 loops=1)
                    Buckets: 131072  Batches: 2  Memory Usage: 2931kB
                    ->  Seq Scan on title t  (cost=0.00..73925.90 rows=104216 width=4) (actual time=0.034..1120.258 rows=108513 loops=1)
                          Filter: ((kind_id > 1) AND (production_year = 2010))
                          Rows Removed by Filter: 2419799
Planning time: 1.062 ms
Execution time: 9277.364 ms
