Hash Join  (cost=102767.86..1299778.10 rows=16251881 width=0) (actual time=2023.440..35939.445 rows=20469021 loops=1)
  Hash Cond: (ci.movie_id = t.id)
  ->  Seq Scan on cast_info ci  (cost=0.00..796071.18 rows=16251881 width=4) (actual time=0.014..17812.043 rows=20469021 loops=1)
        Filter: ((person_id > 1088841) AND (role_id > 1))
        Rows Removed by Filter: 15775323
  ->  Hash  (cost=61283.27..61283.27 rows=2528527 width=4) (actual time=2021.567..2021.567 rows=2528312 loops=1)
        Buckets: 131072  Batches: 64  Memory Usage: 2415kB
        ->  Seq Scan on title t  (cost=0.00..61283.27 rows=2528527 width=4) (actual time=0.011..1181.447 rows=2528312 loops=1)
Planning time: 0.701 ms
Execution time: 38219.952 ms
