Hash Join  (cost=68257.79..158587.44 rows=48715 width=0) (actual time=1097.060..2802.871 rows=58833 loops=1)
  Hash Cond: (mk.movie_id = t.id)
  ->  Seq Scan on movie_keyword mk  (cost=0.00..81003.12 rows=2357168 width=4) (actual time=0.016..1313.468 rows=2358130 loops=1)
        Filter: (keyword_id < 5300)
        Rows Removed by Filter: 2165800
  ->  Hash  (cost=67604.59..67604.59 rows=52256 width=4) (actual time=1096.204..1096.204 rows=53013 loops=1)
        Buckets: 65536  Batches: 1  Memory Usage: 2376kB
        ->  Seq Scan on title t  (cost=0.00..67604.59 rows=52256 width=4) (actual time=0.020..1068.936 rows=53013 loops=1)
              Filter: (production_year = 2000)
              Rows Removed by Filter: 2475299
Planning time: 0.691 ms
Execution time: 2810.307 ms
