Hash Join  (cost=73962.22..160672.23 rows=5197 width=0) (actual time=1172.095..2968.167 rows=21138 loops=1)
  Hash Cond: (mk.movie_id = t.id)
  ->  Seq Scan on movie_keyword mk  (cost=0.00..69693.30 rows=4523930 width=4) (actual time=0.017..963.953 rows=4523930 loops=1)
  ->  Hash  (cost=73925.90..73925.90 rows=2905 width=4) (actual time=1171.818..1171.818 rows=5783 loops=1)
        Buckets: 8192 (originally 4096)  Batches: 1 (originally 1)  Memory Usage: 268kB
        ->  Seq Scan on title t  (cost=0.00..73925.90 rows=2905 width=4) (actual time=0.130..1168.900 rows=5783 loops=1)
              Filter: ((kind_id < 7) AND (production_year = 1967))
              Rows Removed by Filter: 2522529
Planning time: 0.705 ms
Execution time: 2971.352 ms
