Hash Join  (cost=178679.11..1175646.29 rows=835197 width=0) (actual time=3895.951..27784.944 rows=516762 loops=1)
  Hash Cond: (ci.movie_id = t.id)
  ->  Seq Scan on cast_info ci  (cost=0.00..796071.18 rows=16609333 width=4) (actual time=386.958..17090.798 rows=20646417 loops=1)
        Filter: ((person_id > 1025970) AND (role_id > 1))
        Rows Removed by Filter: 15597927
  ->  Hash  (cost=176592.77..176592.77 rows=127147 width=8) (actual time=3508.161..3508.161 rows=20492 loops=1)
        Buckets: 131072  Batches: 2  Memory Usage: 1432kB
        ->  Hash Join  (cost=77854.63..176592.77 rows=127147 width=8) (actual time=2144.732..3500.608 rows=20492 loops=1)
              Hash Cond: (mk.movie_id = t.id)
              ->  Seq Scan on movie_keyword mk  (cost=0.00..81003.12 rows=1342812 width=4) (actual time=0.041..1504.944 rows=1361887 loops=1)
                    Filter: (keyword_id < 1775)
                    Rows Removed by Filter: 3162043
              ->  Hash  (cost=73925.90..73925.90 rows=239418 width=4) (actual time=1138.396..1138.396 rows=256906 loops=1)
                    Buckets: 131072  Batches: 4  Memory Usage: 3302kB
                    ->  Seq Scan on title t  (cost=0.00..73925.90 rows=239418 width=4) (actual time=21.541..1047.689 rows=256906 loops=1)
                          Filter: ((production_year > 2010) AND (kind_id = 7))
                          Rows Removed by Filter: 2271406
Planning time: 1.191 ms
Execution time: 27854.953 ms
