Hash Join  (cost=118204.80..192044.56 rows=53025 width=0) (actual time=3148.792..4461.035 rows=255115 loops=1)
  Hash Cond: (mc.movie_id = t.id)
  ->  Seq Scan on movie_companies mc  (cost=0.00..57926.93 rows=1295354 width=4) (actual time=583.494..1292.919 rows=1268711 loops=1)
        Filter: ((company_id < 179320) AND (company_type_id = 2))
        Rows Removed by Filter: 1340418
  ->  Hash  (cost=116505.99..116505.99 rows=103505 width=8) (actual time=2564.263..2564.263 rows=230638 loops=1)
        Buckets: 131072 (originally 131072)  Batches: 4 (originally 2)  Memory Usage: 3284kB
        ->  Hash Join  (cost=77037.46..116505.99 rows=103505 width=8) (actual time=1384.818..2470.977 rows=230638 loops=1)
              Hash Cond: (mi_idx.movie_id = t.id)
              ->  Seq Scan on movie_info_idx mi_idx  (cost=0.00..21735.35 rows=1380035 width=4) (actual time=0.023..404.747 rows=1380035 loops=1)
              ->  Hash  (cost=73925.90..73925.90 rows=189644 width=4) (actual time=1383.885..1383.885 rows=294316 loops=1)
                    Buckets: 131072  Batches: 4  Memory Usage: 3615kB
                    ->  Seq Scan on title t  (cost=0.00..73925.90 rows=189644 width=4) (actual time=0.119..1286.044 rows=294316 loops=1)
                          Filter: ((kind_id < 7) AND (production_year < 1978))
                          Rows Removed by Filter: 2233996
Planning time: 1.172 ms
Execution time: 4493.801 ms
