Hash Join  (cost=73951.97..128639.00 rows=2151 width=0) (actual time=1091.200..2170.456 rows=5752 loops=1)
  Hash Cond: (mc.movie_id = t.id)
  ->  Seq Scan on movie_companies mc  (cost=0.00..44881.29 rows=2609129 width=4) (actual time=0.012..650.558 rows=2609129 loops=1)
  ->  Hash  (cost=73925.90..73925.90 rows=2085 width=4) (actual time=1024.887..1024.887 rows=2622 loops=1)
        Buckets: 4096  Batches: 1  Memory Usage: 125kB
        ->  Seq Scan on title t  (cost=0.00..73925.90 rows=2085 width=4) (actual time=1.578..1023.390 rows=2622 loops=1)
              Filter: ((kind_id = 2) AND (production_year = 2001))
              Rows Removed by Filter: 2525690
Planning time: 0.839 ms
Execution time: 2171.467 ms
