Hash Join  (cost=179098.22..613322.61 rows=381013 width=0) (actual time=3436.902..12376.410 rows=438895 loops=1)
  Hash Cond: (mi.movie_id = t.id)
  ->  Seq Scan on movie_info mi  (cost=0.00..346232.03 rows=7235534 width=4) (actual time=0.024..6236.301 rows=7286865 loops=1)
        Filter: (info_type_id < 8)
        Rows Removed by Filter: 7548855
  ->  Hash  (cost=176912.87..176912.87 rows=133148 width=8) (actual time=3435.560..3435.560 rows=45865 loops=1)
        Buckets: 131072  Batches: 2  Memory Usage: 1899kB
        ->  Hash Join  (cost=70308.29..176912.87 rows=133148 width=8) (actual time=1108.492..3418.133 rows=45865 loops=1)
              Hash Cond: (mk.movie_id = t.id)
              ->  Seq Scan on movie_keyword mk  (cost=0.00..81003.12 rows=2043195 width=4) (actual time=0.022..1503.288 rows=2051093 loops=1)
                    Filter: (keyword_id < 3660)
                    Rows Removed by Filter: 2472837
              ->  Hash  (cost=67604.59..67604.59 rows=164776 width=4) (actual time=1107.438..1107.438 rows=164307 loops=1)
                    Buckets: 131072  Batches: 4  Memory Usage: 2488kB
                    ->  Seq Scan on title t  (cost=0.00..67604.59 rows=164776 width=4) (actual time=0.034..1048.370 rows=164307 loops=1)
                          Filter: (production_year = 2012)
                          Rows Removed by Filter: 2364005
Planning time: 1.156 ms
Execution time: 12434.839 ms
