Hash Join  (cost=102767.86..238288.47 rows=1855107 width=0) (actual time=1953.976..5317.427 rows=1860116 loops=1)
  Hash Cond: (mk.movie_id = t.id)
  ->  Seq Scan on movie_keyword mk  (cost=0.00..81003.12 rows=1855107 width=4) (actual time=0.025..1615.845 rows=1860116 loops=1)
        Filter: (keyword_id > 7420)
        Rows Removed by Filter: 2663814
  ->  Hash  (cost=61283.27..61283.27 rows=2528527 width=4) (actual time=1952.613..1952.613 rows=2528312 loops=1)
        Buckets: 131072  Batches: 64  Memory Usage: 2425kB
        ->  Seq Scan on title t  (cost=0.00..61283.27 rows=2528527 width=4) (actual time=0.010..1090.034 rows=2528312 loops=1)
Planning time: 0.732 ms
Execution time: 5520.562 ms
