Nested Loop  (cost=44377.22..117833.45 rows=1130 width=0) (actual time=893.687..2235.843 rows=1534 loops=1)
  Join Filter: (mc.movie_id = t.id)
  ->  Hash Join  (cost=44376.79..108829.04 rows=15187 width=8) (actual time=893.646..2159.087 rows=3835 loops=1)
        Hash Cond: (mc.movie_id = mi_idx.movie_id)
        ->  Seq Scan on movie_companies mc  (cost=0.00..57926.93 rows=5374 width=4) (actual time=20.519..1082.149 rows=2411 loops=1)
              Filter: ((company_type_id < 2) AND (company_id = 11))
              Rows Removed by Filter: 2606718
        ->  Hash  (cost=21735.35..21735.35 rows=1380035 width=4) (actual time=870.751..870.751 rows=1380035 loops=1)
              Buckets: 131072  Batches: 32  Memory Usage: 2540kB
              ->  Seq Scan on movie_info_idx mi_idx  (cost=0.00..21735.35 rows=1380035 width=4) (actual time=0.018..463.386 rows=1380035 loops=1)
  ->  Index Scan using title_pkey on title t  (cost=0.43..0.58 rows=1 width=4) (actual time=0.019..0.020 rows=0 loops=3835)
        Index Cond: (id = mi_idx.movie_id)
        Filter: (production_year < 1999)
        Rows Removed by Filter: 1
Planning time: 1.153 ms
Execution time: 2236.305 ms
