Seq Scan on movie_keyword mk  (cost=0.00..81003.12 rows=246 width=0) (actual time=10.042..1390.690 rows=320 loops=1)
  Filter: (keyword_id = 22334)
  Rows Removed by Filter: 4523610
Planning time: 0.364 ms
Execution time: 1390.977 ms
