Nested Loop  (cost=0.43..709671.90 rows=500 width=0) (actual time=1450.231..10679.351 rows=875 loops=1)
  ->  Seq Scan on cast_info ci  (cost=0.00..705507.15 rows=500 width=4) (actual time=1450.054..10665.804 rows=875 loops=1)
        Filter: (person_id = 1298619)
        Rows Removed by Filter: 36243469
  ->  Index Only Scan using title_pkey on title t  (cost=0.43..8.32 rows=1 width=4) (actual time=0.014..0.015 rows=1 loops=875)
        Index Cond: (id = ci.movie_id)
        Heap Fetches: 875
Planning time: 1.307 ms
Execution time: 10679.654 ms
