Hash Join  (cost=261250.55..861997.03 rows=9607764 width=0) (actual time=5904.689..22673.945 rows=14059934 loops=1)
  Hash Cond: (mi.movie_id = t.id)
  ->  Seq Scan on movie_info mi  (cost=0.00..309384.22 rows=14739122 width=4) (actual time=0.022..5879.229 rows=14835720 loops=1)
  ->  Hash  (cost=234208.65..234208.65 rows=1648232 width=8) (actual time=5903.012..5903.012 rows=894276 loops=1)
        Buckets: 131072  Batches: 32  Memory Usage: 2103kB
        ->  Hash Join  (cost=97151.21..234208.65 rows=1648232 width=8) (actual time=2052.033..5624.893 rows=894276 loops=1)
              Hash Cond: (mk.movie_id = t.id)
              ->  Seq Scan on movie_keyword mk  (cost=0.00..81003.12 rows=2944001 width=4) (actual time=0.021..1744.719 rows=2928909 loops=1)
                    Filter: (keyword_id < 9659)
                    Rows Removed by Filter: 1595021
              ->  Hash  (cost=73925.90..73925.90 rows=1415624 width=4) (actual time=2051.094..2051.094 rows=1398720 loops=1)
                    Buckets: 131072  Batches: 32  Memory Usage: 2566kB
                    ->  Seq Scan on title t  (cost=0.00..73925.90 rows=1415624 width=4) (actual time=0.028..1578.531 rows=1398720 loops=1)
                          Filter: ((kind_id > 1) AND (production_year < 2010))
                          Rows Removed by Filter: 1129592
Planning time: 1.171 ms
Execution time: 24258.808 ms
