Seq Scan on movie_keyword mk  (cost=0.00..81003.12 rows=1066541 width=0) (actual time=0.014..1363.020 rows=1073410 loops=1)
  Filter: (keyword_id < 1078)
  Rows Removed by Filter: 3450520
Planning time: 0.319 ms
Execution time: 1499.062 ms
