Hash Join  (cost=73994.33..128716.33 rows=5648 width=0) (actual time=1218.710..2314.646 rows=11552 loops=1)
  Hash Cond: (mc.movie_id = t.id)
  ->  Seq Scan on movie_companies mc  (cost=0.00..44881.29 rows=2609129 width=4) (actual time=0.022..530.424 rows=2609129 loops=1)
  ->  Hash  (cost=73925.90..73925.90 rows=5474 width=4) (actual time=1218.471..1218.471 rows=11034 loops=1)
        Buckets: 16384 (originally 8192)  Batches: 1 (originally 1)  Memory Usage: 516kB
        ->  Seq Scan on title t  (cost=0.00..73925.90 rows=5474 width=4) (actual time=0.057..1212.781 rows=11034 loops=1)
              Filter: ((kind_id > 1) AND (production_year = 1983))
              Rows Removed by Filter: 2517278
Planning time: 0.741 ms
Execution time: 2322.217 ms
