Seq Scan on movie_keyword mk  (cost=0.00..81003.12 rows=246 width=0) (actual time=146.064..1190.881 rows=10 loops=1)
  Filter: (keyword_id = 22361)
  Rows Removed by Filter: 4523920
Planning time: 0.394 ms
Execution time: 1191.014 ms
