Seq Scan on cast_info ci  (cost=0.00..796071.18 rows=26904870 width=0) (actual time=0.029..17615.284 rows=26864253 loops=1)
  Filter: ((person_id > 212033) AND (role_id < 8))
  Rows Removed by Filter: 9380091
Planning time: 0.405 ms
Execution time: 21006.226 ms
