Seq Scan on movie_keyword mk  (cost=0.00..81003.12 rows=1125260 width=0) (actual time=0.018..1262.507 rows=1134031 loops=1)
  Filter: (keyword_id < 1251)
  Rows Removed by Filter: 3389899
Planning time: 0.325 ms
Execution time: 1406.698 ms
