Hash Join  (cost=102767.86..1568850.41 rows=31197748 width=0) (actual time=1886.770..43119.642 rows=31163299 loops=1)
  Hash Cond: (ci.movie_id = t.id)
  ->  Seq Scan on cast_info ci  (cost=0.00..705507.15 rows=31197748 width=4) (actual time=0.019..16291.743 rows=31163299 loops=1)
        Filter: (person_id < 3160768)
        Rows Removed by Filter: 5081045
  ->  Hash  (cost=61283.27..61283.27 rows=2528527 width=4) (actual time=1885.831..1885.831 rows=2528312 loops=1)
        Buckets: 131072  Batches: 64  Memory Usage: 2415kB
        ->  Seq Scan on title t  (cost=0.00..61283.27 rows=2528527 width=4) (actual time=0.029..1080.114 rows=2528312 loops=1)
Planning time: 0.801 ms
Execution time: 46580.133 ms
