Nested Loop  (cost=446418.49..452905.69 rows=562 width=0) (actual time=6677.748..6865.402 rows=4712 loops=1)
  ->  Merge Join  (cost=446418.06..447418.06 rows=3833 width=8) (actual time=6677.580..6757.396 rows=4712 loops=1)
        Merge Cond: (mi.movie_id = mk.movie_id)
        ->  Sort  (cost=364918.34..365380.16 rows=184730 width=4) (actual time=5515.142..5566.185 rows=180105 loops=1)
              Sort Key: mi.movie_id
              Sort Method: external merge  Disk: 2464kB
              ->  Seq Scan on movie_info mi  (cost=0.00..346232.03 rows=184730 width=4) (actual time=3103.360..5322.837 rows=180112 loops=1)
                    Filter: (info_type_id = 13)
                    Rows Removed by Filter: 14655608
        ->  Sort  (cost=81499.54..81518.77 rows=7691 width=4) (actual time=1162.401..1164.170 rows=10776 loops=1)
              Sort Key: mk.movie_id
              Sort Method: quicksort  Memory: 497kB
              ->  Seq Scan on movie_keyword mk  (cost=0.00..81003.12 rows=7691 width=4) (actual time=0.231..1158.782 rows=6501 loops=1)
                    Filter: (keyword_id = 355)
                    Rows Removed by Filter: 4517429
  ->  Index Only Scan using title_pkey on title t  (cost=0.43..1.42 rows=1 width=4) (actual time=0.022..0.022 rows=1 loops=4712)
        Index Cond: (id = mi.movie_id)
        Heap Fetches: 4712
Planning time: 1.180 ms
Execution time: 6867.436 ms
