Seq Scan on movie_keyword mk  (cost=0.00..81003.12 rows=246 width=0) (actual time=45.005..1247.144 rows=362 loops=1)
  Filter: (keyword_id = 280)
  Rows Removed by Filter: 4523568
Planning time: 0.377 ms
Execution time: 1247.428 ms
