Seq Scan on title t  (cost=0.00..73925.90 rows=1798 width=0) (actual time=0.451..940.042 rows=2400 loops=1)
  Filter: ((kind_id = 4) AND (production_year = 1995))
  Rows Removed by Filter: 2525912
Planning time: 0.426 ms
Execution time: 940.599 ms
