Hash Join  (cost=213491.01..769280.73 rows=7121080 width=0) (actual time=4767.360..24533.022 rows=26719329 loops=1)
  Hash Cond: (mi.movie_id = t.id)
  ->  Seq Scan on movie_info mi  (cost=0.00..309384.22 rows=14739122 width=4) (actual time=0.018..6067.202 rows=14835720 loops=1)
  ->  Hash  (cost=193447.55..193447.55 rows=1221636 width=8) (actual time=4766.591..4766.591 rows=1233169 loops=1)
        Buckets: 131072  Batches: 16  Memory Usage: 4070kB
        ->  Hash Join  (cost=102767.86..193447.55 rows=1221636 width=8) (actual time=1936.840..4414.493 rows=1233169 loops=1)
              Hash Cond: (mc.movie_id = t.id)
              ->  Seq Scan on movie_companies mc  (cost=0.00..51404.11 rows=1221636 width=4) (actual time=0.023..1010.025 rows=1233169 loops=1)
                    Filter: (company_id > 11856)
                    Rows Removed by Filter: 1375960
              ->  Hash  (cost=61283.27..61283.27 rows=2528527 width=4) (actual time=1934.662..1934.662 rows=2528312 loops=1)
                    Buckets: 131072  Batches: 64  Memory Usage: 2415kB
                    ->  Seq Scan on title t  (cost=0.00..61283.27 rows=2528527 width=4) (actual time=0.014..1094.605 rows=2528312 loops=1)
Planning time: 1.200 ms
Execution time: 27425.932 ms
