Seq Scan on movie_companies mc  (cost=0.00..51404.11 rows=932603 width=0) (actual time=0.026..976.102 rows=931746 loops=1)
  Filter: (company_id < 3349)
  Rows Removed by Filter: 1677383
Planning time: 0.333 ms
Execution time: 1092.863 ms
