Seq Scan on cast_info ci  (cost=0.00..796071.18 rows=6300285 width=0) (actual time=0.019..15700.099 rows=7450695 loops=1)
  Filter: ((person_id > 469370) AND (role_id = 2))
  Rows Removed by Filter: 28793649
Planning time: 0.362 ms
Execution time: 16646.158 ms
