Hash Join  (cost=200198.40..1341736.49 rows=10487493 width=0) (actual time=4465.703..46667.857 rows=39289382 loops=1)
  Hash Cond: (ci.movie_id = t.id)
  ->  Seq Scan on cast_info ci  (cost=0.00..614943.12 rows=36225612 width=4) (actual time=0.016..13396.692 rows=36244344 loops=1)
  ->  Hash  (cost=188188.13..188188.13 rows=732021 width=8) (actual time=4464.682..4464.682 rows=1007322 loops=1)
        Buckets: 131072  Batches: 16  Memory Usage: 3459kB
        ->  Hash Join  (cost=102767.86..188188.13 rows=732021 width=8) (actual time=1908.957..4186.149 rows=1007322 loops=1)
              Hash Cond: (mc.movie_id = t.id)
              ->  Seq Scan on movie_companies mc  (cost=0.00..57926.93 rows=732021 width=4) (actual time=0.027..1075.007 rows=1007322 loops=1)
                    Filter: ((company_id < 13579) AND (company_type_id = 1))
                    Rows Removed by Filter: 1601807
              ->  Hash  (cost=61283.27..61283.27 rows=2528527 width=4) (actual time=1906.503..1906.503 rows=2528312 loops=1)
                    Buckets: 131072  Batches: 64  Memory Usage: 2415kB
                    ->  Seq Scan on title t  (cost=0.00..61283.27 rows=2528527 width=4) (actual time=0.026..1044.615 rows=2528312 loops=1)
Planning time: 2.916 ms
Execution time: 50988.005 ms
