Hash Join  (cost=82131.75..1027650.91 rows=3393611 width=0) (actual time=1781.017..25814.318 rows=4946311 loops=1)
  Hash Cond: (ci.movie_id = t.id)
  ->  Seq Scan on cast_info ci  (cost=0.00..796071.18 rows=9690900 width=4) (actual time=351.443..16532.809 rows=12670688 loops=1)
        Filter: ((person_id < 2824939) AND (role_id = 1))
        Rows Removed by Filter: 23573656
  ->  Hash  (cost=67604.59..67604.59 rows=885453 width=4) (actual time=1428.346..1428.346 rows=885650 loops=1)
        Buckets: 131072  Batches: 16  Memory Usage: 2972kB
        ->  Seq Scan on title t  (cost=0.00..67604.59 rows=885453 width=4) (actual time=0.026..1149.590 rows=885650 loops=1)
              Filter: (production_year < 1997)
              Rows Removed by Filter: 1642662
Planning time: 0.792 ms
Execution time: 26380.477 ms
