Seq Scan on cast_info ci  (cost=0.00..796071.18 rows=1205006 width=0) (actual time=2237.308..11394.606 rows=595438 loops=1)
  Filter: ((person_id < 434515) AND (role_id > 4))
  Rows Removed by Filter: 35648906
Planning time: 0.401 ms
Execution time: 11472.401 ms
