Hash Join  (cost=74698.31..989198.55 rows=1504050 width=0) (actual time=1219.763..21944.134 rows=1986376 loops=1)
  Hash Cond: (ci.movie_id = t.id)
  ->  Seq Scan on cast_info ci  (cost=0.00..796071.18 rows=8795615 width=4) (actual time=0.017..14395.896 rows=11393526 loops=1)
        Filter: ((person_id < 1562281) AND (role_id < 3))
        Rows Removed by Filter: 24850818
  ->  Hash  (cost=67604.59..67604.59 rows=432378 width=4) (actual time=1218.762..1218.762 rows=423779 loops=1)
        Buckets: 131072  Batches: 8  Memory Usage: 2885kB
        ->  Seq Scan on title t  (cost=0.00..67604.59 rows=432378 width=4) (actual time=0.027..1083.051 rows=423779 loops=1)
              Filter: (production_year < 1974)
              Rows Removed by Filter: 2104533
Planning time: 4.668 ms
Execution time: 22182.543 ms
