Seq Scan on movie_companies mc  (cost=0.00..57926.93 rows=410283 width=0) (actual time=0.013..821.545 rows=735069 loops=1)
  Filter: ((company_id > 29052) AND (company_type_id = 2))
  Rows Removed by Filter: 1874060
Planning time: 0.432 ms
Execution time: 909.606 ms
