Hash Join  (cost=1018504.83..3029782.86 rows=83292177 width=0) (actual time=24076.420..98307.135 rows=185577866 loops=1)
  Hash Cond: (ci.movie_id = t.id)
  ->  Seq Scan on cast_info ci  (cost=0.00..705507.15 rows=14288946 width=4) (actual time=0.019..14106.615 rows=14229311 loops=1)
        Filter: (person_id < 1400997)
        Rows Removed by Filter: 22015033
  ->  Hash  (cost=776690.81..776690.81 rows=14739122 width=8) (actual time=24070.467..24070.467 rows=14835720 loops=1)
        Buckets: 131072  Batches: 256  Memory Usage: 3268kB
        ->  Hash Join  (cost=102767.86..776690.81 rows=14739122 width=8) (actual time=2026.128..20392.715 rows=14835720 loops=1)
              Hash Cond: (mi.movie_id = t.id)
              ->  Seq Scan on movie_info mi  (cost=0.00..309384.22 rows=14739122 width=4) (actual time=0.011..6479.674 rows=14835720 loops=1)
              ->  Hash  (cost=61283.27..61283.27 rows=2528527 width=4) (actual time=2024.728..2024.728 rows=2528312 loops=1)
                    Buckets: 131072  Batches: 64  Memory Usage: 2425kB
                    ->  Seq Scan on title t  (cost=0.00..61283.27 rows=2528527 width=4) (actual time=0.017..1170.293 rows=2528312 loops=1)
Planning time: 0.817 ms
Execution time: 118489.763 ms
