Hash Join  (cost=212227.22..596789.51 rows=893345 width=0) (actual time=5648.057..15108.347 rows=16525350 loops=1)
  Hash Cond: (mi.movie_id = t.id)
  ->  Seq Scan on movie_info mi  (cost=0.00..346232.03 rows=2194617 width=4) (actual time=589.800..5452.305 rows=2233850 loops=1)
        Filter: (info_type_id > 16)
        Rows Removed by Filter: 12601870
  ->  Hash  (cost=195340.38..195340.38 rows=1029267 width=8) (actual time=5030.425..5030.425 rows=1274246 loops=1)
        Buckets: 131072 (originally 131072)  Batches: 32 (originally 16)  Memory Usage: 3073kB
        ->  Hash Join  (cost=102767.86..195340.38 rows=1029267 width=8) (actual time=2091.074..4632.125 rows=1274246 loops=1)
              Hash Cond: (mc.movie_id = t.id)
              ->  Seq Scan on movie_companies mc  (cost=0.00..57926.93 rows=1029267 width=4) (actual time=95.339..1088.627 rows=1274246 loops=1)
                    Filter: ((company_id < 73565) AND (company_type_id < 2))
                    Rows Removed by Filter: 1334883
              ->  Hash  (cost=61283.27..61283.27 rows=2528527 width=4) (actual time=1994.517..1994.517 rows=2528312 loops=1)
                    Buckets: 131072  Batches: 64  Memory Usage: 2415kB
                    ->  Seq Scan on title t  (cost=0.00..61283.27 rows=2528527 width=4) (actual time=0.021..1085.514 rows=2528312 loops=1)
Planning time: 2.305 ms
Execution time: 16783.514 ms
