Hash Join  (cost=102767.86..186446.93 rows=659701 width=0) (actual time=1966.066..4299.632 rows=908378 loops=1)
  Hash Cond: (mc.movie_id = t.id)
  ->  Seq Scan on movie_companies mc  (cost=0.00..57926.93 rows=659701 width=4) (actual time=0.023..1189.851 rows=908378 loops=1)
        Filter: ((company_id > 11319) AND (company_type_id > 1))
        Rows Removed by Filter: 1700751
  ->  Hash  (cost=61283.27..61283.27 rows=2528527 width=4) (actual time=1964.745..1964.745 rows=2528312 loops=1)
        Buckets: 131072  Batches: 64  Memory Usage: 2415kB
        ->  Seq Scan on title t  (cost=0.00..61283.27 rows=2528527 width=4) (actual time=0.018..1128.825 rows=2528312 loops=1)
Planning time: 0.731 ms
Execution time: 4407.969 ms
