Seq Scan on movie_keyword mk  (cost=0.00..81003.12 rows=246 width=0) (actual time=0.092..1360.943 rows=100 loops=1)
  Filter: (keyword_id = 949)
  Rows Removed by Filter: 4523830
Planning time: 0.388 ms
Execution time: 1361.088 ms
