Seq Scan on title t  (cost=0.00..73925.90 rows=157049 width=0) (actual time=0.025..1089.020 rows=258048 loops=1)
  Filter: ((kind_id < 7) AND (production_year < 1972))
  Rows Removed by Filter: 2270264
Planning time: 3.560 ms
Execution time: 1118.771 ms
