Nested Loop  (cost=0.43..166857.47 rows=14239 width=0) (actual time=0.099..1524.278 rows=14373 loops=1)
  ->  Seq Scan on movie_keyword mk  (cost=0.00..81003.12 rows=14239 width=4) (actual time=0.055..1207.848 rows=14373 loops=1)
        Filter: (keyword_id < 3)
        Rows Removed by Filter: 4509557
  ->  Index Only Scan using title_pkey on title t  (cost=0.43..6.02 rows=1 width=4) (actual time=0.021..0.021 rows=1 loops=14373)
        Index Cond: (id = mk.movie_id)
        Heap Fetches: 14373
Planning time: 0.767 ms
Execution time: 1529.177 ms
