Hash Join  (cost=125508.83..544109.55 rows=358012 width=0) (actual time=2595.623..11119.980 rows=257712 loops=1)
  Hash Cond: (mi.movie_id = t.id)
  ->  Seq Scan on movie_info mi  (cost=0.00..346232.03 rows=5897221 width=4) (actual time=0.024..6171.357 rows=5884963 loops=1)
        Filter: (info_type_id < 7)
        Rows Removed by Filter: 8950757
  ->  Hash  (cost=122990.04..122990.04 rows=153503 width=8) (actual time=2594.501..2594.501 rows=91172 loops=1)
        Buckets: 131072  Batches: 4  Memory Usage: 1909kB
        ->  Hash Join  (cost=87633.46..122990.04 rows=153503 width=8) (actual time=1708.521..2564.060 rows=91172 loops=1)
              Hash Cond: (mi_idx.movie_id = t.id)
              ->  Seq Scan on movie_info_idx mi_idx  (cost=0.00..25185.44 rows=464566 width=4) (actual time=0.011..448.180 rows=459925 loops=1)
                    Filter: (info_type_id = 101)
                    Rows Removed by Filter: 920110
              ->  Hash  (cost=73925.90..73925.90 rows=835484 width=4) (actual time=1705.881..1705.881 rows=906916 loops=1)
                    Buckets: 131072  Batches: 16  Memory Usage: 3024kB
                    ->  Seq Scan on title t  (cost=0.00..73925.90 rows=835484 width=4) (actual time=0.024..1421.845 rows=906916 loops=1)
                          Filter: ((kind_id > 2) AND (production_year > 2003))
                          Rows Removed by Filter: 1621396
Planning time: 1.438 ms
Execution time: 11153.574 ms
