Seq Scan on movie_companies mc  (cost=0.00..57926.93 rows=56581 width=0) (actual time=101.763..851.350 rows=111217 loops=1)
  Filter: ((company_id > 151208) AND (company_type_id = 2))
  Rows Removed by Filter: 2497912
Planning time: 3.809 ms
Execution time: 865.595 ms
