Hash Join  (cost=154654.97..954826.03 rows=4271 width=0) (actual time=5637.902..14520.293 rows=5584 loops=1)
  Hash Cond: (ci.movie_id = t.id)
  ->  Seq Scan on cast_info ci  (cost=0.00..796071.18 rows=811435 width=4) (actual time=2769.614..11481.478 rows=867585 loops=1)
        Filter: ((person_id > 2929851) AND (role_id = 3))
        Rows Removed by Filter: 35376759
  ->  Hash  (cost=154488.65..154488.65 rows=13306 width=8) (actual time=2867.163..2867.163 rows=21542 loops=1)
        Buckets: 32768 (originally 16384)  Batches: 1 (originally 1)  Memory Usage: 1098kB
        ->  Hash Join  (cost=67697.55..154488.65 rows=13306 width=8) (actual time=1012.088..2859.390 rows=21542 loops=1)
              Hash Cond: (mk.movie_id = t.id)
              ->  Seq Scan on movie_keyword mk  (cost=0.00..69693.30 rows=4523930 width=4) (actual time=0.018..1018.940 rows=4523930 loops=1)
              ->  Hash  (cost=67604.59..67604.59 rows=7437 width=4) (actual time=1011.287..1011.287 rows=13063 loops=1)
                    Buckets: 16384 (originally 8192)  Batches: 1 (originally 1)  Memory Usage: 588kB
                    ->  Seq Scan on title t  (cost=0.00..67604.59 rows=7437 width=4) (actual time=0.096..1005.024 rows=13063 loops=1)
                          Filter: (production_year = 1965)
                          Rows Removed by Filter: 2515249
Planning time: 1.179 ms
Execution time: 14521.455 ms
