Seq Scan on cast_info ci  (cost=0.00..796071.18 rows=8387538 width=0) (actual time=59.757..13294.907 rows=3572425 loops=1)
  Filter: ((person_id < 1273159) AND (role_id > 1))
  Rows Removed by Filter: 32671919
Planning time: 0.342 ms
Execution time: 13744.152 ms
