Hash Join  (cost=86534.07..189696.67 rows=398752 width=0) (actual time=2573.249..3809.606 rows=91749 loops=1)
  Hash Cond: (mk.movie_id = t.id)
  ->  Seq Scan on movie_keyword mk  (cost=0.00..81003.12 rows=1311989 width=4) (actual time=0.022..1425.678 rows=1320444 loops=1)
        Filter: (keyword_id < 1732)
        Rows Removed by Filter: 3203486
  ->  Hash  (cost=73925.90..73925.90 rows=768493 width=4) (actual time=1666.301..1666.301 rows=840010 loops=1)
        Buckets: 131072  Batches: 16  Memory Usage: 2883kB
        ->  Seq Scan on title t  (cost=0.00..73925.90 rows=768493 width=4) (actual time=0.028..1399.824 rows=840010 loops=1)
              Filter: ((production_year > 2002) AND (kind_id = 7))
              Rows Removed by Filter: 1688302
Planning time: 6.904 ms
Execution time: 3819.886 ms
