Seq Scan on movie_keyword mk  (cost=0.00..81003.12 rows=3075369 width=0) (actual time=0.024..840.075 rows=3059194 loops=1)
  Filter: (keyword_id > 2084)
  Rows Removed by Filter: 1464736
Planning time: 0.326 ms
Execution time: 1073.748 ms
