Nested Loop  (cost=0.43..83071.67 rows=246 width=0) (actual time=4.279..1295.084 rows=58 loops=1)
  ->  Seq Scan on movie_keyword mk  (cost=0.00..81003.12 rows=246 width=4) (actual time=4.220..1291.921 rows=58 loops=1)
        Filter: (keyword_id = 8071)
        Rows Removed by Filter: 4523872
  ->  Index Only Scan using title_pkey on title t  (cost=0.43..8.40 rows=1 width=4) (actual time=0.048..0.049 rows=1 loops=58)
        Index Cond: (id = mk.movie_id)
        Heap Fetches: 58
Planning time: 0.773 ms
Execution time: 1295.229 ms
