Seq Scan on cast_info ci  (cost=0.00..705507.15 rows=26144249 width=0) (actual time=0.027..13136.945 rows=26141753 loops=1)
  Filter: (person_id < 2705832)
  Rows Removed by Filter: 10102591
Planning time: 0.250 ms
Execution time: 16394.740 ms
