Hash Join  (cost=81071.12..554895.19 rows=1631988 width=0) (actual time=1360.226..13556.859 rows=2608254 loops=1)
  Hash Cond: (mi.movie_id = t.id)
  ->  Seq Scan on movie_info mi  (cost=0.00..346232.03 rows=9476311 width=4) (actual time=0.011..6887.016 rows=9565151 loops=1)
        Filter: (info_type_id < 16)
        Rows Removed by Filter: 5270569
  ->  Hash  (cost=73925.90..73925.90 rows=435457 width=4) (actual time=1359.514..1359.514 rows=314685 loops=1)
        Buckets: 131072  Batches: 8  Memory Usage: 2418kB
        ->  Seq Scan on title t  (cost=0.00..73925.90 rows=435457 width=4) (actual time=548.778..1259.323 rows=314685 loops=1)
              Filter: ((production_year > 1994) AND (kind_id = 1))
              Rows Removed by Filter: 2213627
Planning time: 0.553 ms
Execution time: 13873.352 ms
