Hash Join  (cost=163384.91..985507.88 rows=7020 width=0) (actual time=5366.002..18633.532 rows=50778 loops=1)
  Hash Cond: (ci.movie_id = t.id)
  ->  Seq Scan on cast_info ci  (cost=0.00..796071.18 rows=6928424 width=4) (actual time=2592.373..14340.895 rows=8964278 loops=1)
        Filter: ((person_id > 1533479) AND (role_id > 3))
        Rows Removed by Filter: 27280066
  ->  Hash  (cost=163352.89..163352.89 rows=2562 width=8) (actual time=2772.899..2772.899 rows=9883 loops=1)
        Buckets: 16384 (originally 4096)  Batches: 1 (originally 1)  Memory Usage: 515kB
        ->  Hash Join  (cost=73962.22..163352.89 rows=2562 width=8) (actual time=1013.522..2769.086 rows=9883 loops=1)
              Hash Cond: (mk.movie_id = t.id)
              ->  Seq Scan on movie_keyword mk  (cost=0.00..81003.12 rows=2229847 width=4) (actual time=0.030..1413.923 rows=2223316 loops=1)
                    Filter: (keyword_id < 4555)
                    Rows Removed by Filter: 2300614
              ->  Hash  (cost=73925.90..73925.90 rows=2905 width=4) (actual time=1013.108..1013.108 rows=2493 loops=1)
                    Buckets: 4096  Batches: 1  Memory Usage: 120kB
                    ->  Seq Scan on title t  (cost=0.00..73925.90 rows=2905 width=4) (actual time=388.206..1011.840 rows=2493 loops=1)
                          Filter: ((kind_id < 7) AND (production_year = 1934))
                          Rows Removed by Filter: 2525819
Planning time: 1.251 ms
Execution time: 18640.806 ms
