Seq Scan on cast_info ci  (cost=0.00..705507.15 rows=500 width=0) (actual time=512.185..9828.665 rows=1365 loops=1)
  Filter: (person_id = 1488557)
  Rows Removed by Filter: 36242979
Planning time: 0.389 ms
Execution time: 9828.910 ms
