Hash Join  (cost=1018504.83..3387027.44 rows=101087852 width=0) (actual time=26276.928..98292.271 rows=168527979 loops=1)
  Hash Cond: (ci.movie_id = t.id)
  ->  Seq Scan on cast_info ci  (cost=0.00..796071.18 rows=17341831 width=4) (actual time=0.027..16897.587 rows=14093903 loops=1)
        Filter: ((person_id < 2757902) AND (role_id > 1))
        Rows Removed by Filter: 22150441
  ->  Hash  (cost=776690.81..776690.81 rows=14739122 width=8) (actual time=26274.156..26274.156 rows=14835720 loops=1)
        Buckets: 131072  Batches: 256  Memory Usage: 3268kB
        ->  Hash Join  (cost=102767.86..776690.81 rows=14739122 width=8) (actual time=1931.938..21718.038 rows=14835720 loops=1)
              Hash Cond: (mi.movie_id = t.id)
              ->  Seq Scan on movie_info mi  (cost=0.00..309384.22 rows=14739122 width=4) (actual time=0.015..6198.268 rows=14835720 loops=1)
              ->  Hash  (cost=61283.27..61283.27 rows=2528527 width=4) (actual time=1930.653..1930.653 rows=2528312 loops=1)
                    Buckets: 131072  Batches: 64  Memory Usage: 2425kB
                    ->  Seq Scan on title t  (cost=0.00..61283.27 rows=2528527 width=4) (actual time=0.009..1090.638 rows=2528312 loops=1)
Planning time: 5.431 ms
Execution time: 117757.892 ms
