Hash Join  (cost=233111.07..792588.84 rows=5740093 width=0) (actual time=4987.656..17928.176 rows=2522907 loops=1)
  Hash Cond: (mi.movie_id = t.id)
  ->  Seq Scan on movie_info mi  (cost=0.00..309384.22 rows=14739122 width=4) (actual time=0.011..5838.661 rows=14835720 loops=1)
  ->  Hash  (cost=216955.01..216955.01 rows=984725 width=8) (actual time=4986.053..4986.053 rows=247643 loops=1)
        Buckets: 131072  Batches: 16  Memory Usage: 1652kB
        ->  Hash Join  (cost=82955.72..216955.01 rows=984725 width=8) (actual time=3298.244..4911.441 rows=247643 loops=1)
              Hash Cond: (mk.movie_id = t.id)
              ->  Seq Scan on movie_keyword mk  (cost=0.00..69693.30 rows=4523930 width=4) (actual time=0.028..1550.651 rows=4523930 loops=1)
              ->  Hash  (cost=73925.90..73925.90 rows=550385 width=4) (actual time=1437.098..1437.098 rows=602403 loops=1)
                    Buckets: 131072  Batches: 8  Memory Usage: 3678kB
                    ->  Seq Scan on title t  (cost=0.00..73925.90 rows=550385 width=4) (actual time=213.175..1244.162 rows=602403 loops=1)
                          Filter: ((production_year > 2006) AND (kind_id = 7))
                          Rows Removed by Filter: 1925909
Planning time: 1.174 ms
Execution time: 18208.822 ms
