Hash Join  (cost=115593.56..866794.62 rows=41191 width=0) (actual time=1458.805..17904.293 rows=80996 loops=1)
  Hash Cond: (ci.movie_id = t.id)
  ->  Seq Scan on cast_info ci  (cost=0.00..614943.12 rows=36225612 width=4) (actual time=0.007..9219.546 rows=36244344 loops=1)
  ->  Hash  (cost=115557.62..115557.62 rows=2875 width=8) (actual time=1458.328..1458.328 rows=2077 loops=1)
        Buckets: 4096  Batches: 1  Memory Usage: 114kB
        ->  Nested Loop  (cost=0.43..115557.62 rows=2875 width=8) (actual time=0.304..1456.974 rows=2077 loops=1)
              ->  Seq Scan on movie_keyword mk  (cost=0.00..81003.12 rows=4675 width=4) (actual time=0.274..1298.038 rows=4057 loops=1)
                    Filter: (keyword_id = 2862)
                    Rows Removed by Filter: 4519873
              ->  Index Scan using title_pkey on title t  (cost=0.43..7.38 rows=1 width=4) (actual time=0.038..0.038 rows=1 loops=4057)
                    Index Cond: (id = mk.movie_id)
                    Filter: (production_year < 2007)
                    Rows Removed by Filter: 0
Planning time: 0.719 ms
Execution time: 17920.896 ms
