Seq Scan on cast_info ci  (cost=0.00..705507.15 rows=25688731 width=0) (actual time=2110.423..12590.236 rows=25873040 loops=1)
  Filter: (person_id > 1018755)
  Rows Removed by Filter: 10371304
Planning time: 4.719 ms
Execution time: 15637.312 ms
