Seq Scan on title t  (cost=0.00..73925.90 rows=518716 width=0) (actual time=586.487..1391.774 rows=390957 loops=1)
  Filter: ((production_year > 1978) AND (kind_id = 1))
  Rows Removed by Filter: 2137355
Planning time: 0.368 ms
Execution time: 1441.211 ms
