Hash Join  (cost=58375.85..809172.60 rows=759 width=0) (actual time=1038.447..16657.483 rows=390 loops=1)
  Hash Cond: (ci.movie_id = t.id)
  ->  Seq Scan on cast_info ci  (cost=0.00..614943.12 rows=36225612 width=4) (actual time=0.013..8806.551 rows=36244344 loops=1)
  ->  Hash  (cost=58375.18..58375.18 rows=53 width=8) (actual time=924.446..924.446 rows=16 loops=1)
        Buckets: 1024  Batches: 1  Memory Usage: 9kB
        ->  Nested Loop  (cost=0.43..58375.18 rows=53 width=8) (actual time=473.002..924.423 rows=16 loops=1)
              ->  Seq Scan on movie_companies mc  (cost=0.00..57926.93 rows=53 width=4) (actual time=472.903..923.765 rows=16 loops=1)
                    Filter: ((company_type_id > 1) AND (company_id = 28444))
                    Rows Removed by Filter: 2609113
              ->  Index Only Scan using title_pkey on title t  (cost=0.43..8.45 rows=1 width=4) (actual time=0.036..0.037 rows=1 loops=16)
                    Index Cond: (id = mc.movie_id)
                    Heap Fetches: 16
Planning time: 1.193 ms
Execution time: 16657.924 ms
