Nested Loop  (cost=0.43..709673.15 rows=378 width=0) (actual time=2416.997..10631.097 rows=3892 loops=1)
  ->  Seq Scan on cast_info ci  (cost=0.00..705507.15 rows=500 width=4) (actual time=2416.822..10554.518 rows=3895 loops=1)
        Filter: (person_id = 3005042)
        Rows Removed by Filter: 36240449
  ->  Index Scan using title_pkey on title t  (cost=0.43..8.32 rows=1 width=4) (actual time=0.019..0.019 rows=1 loops=3895)
        Index Cond: (id = ci.movie_id)
        Filter: (production_year > 1982)
        Rows Removed by Filter: 0
Planning time: 0.832 ms
Execution time: 10631.998 ms
