Seq Scan on cast_info ci  (cost=0.00..705507.15 rows=14311963 width=0) (actual time=0.011..11875.251 rows=14464755 loops=1)
  Filter: (person_id > 2214207)
  Rows Removed by Filter: 21779589
Planning time: 0.336 ms
Execution time: 13692.860 ms
