Hash Join  (cost=235601.55..1447061.59 rows=13137603 width=0) (actual time=4998.748..47072.853 rows=38777666 loops=1)
  Hash Cond: (ci.movie_id = t.id)
  ->  Seq Scan on cast_info ci  (cost=0.00..705507.15 rows=32045563 width=4) (actual time=0.019..16533.049 rows=32193045 loops=1)
        Filter: (person_id > 388718)
        Rows Removed by Filter: 4051299
  ->  Hash  (cost=218593.91..218593.91 rows=1036611 width=8) (actual time=4997.127..4997.127 rows=1037190 loops=1)
        Buckets: 131072  Batches: 16  Memory Usage: 3585kB
        ->  Hash Join  (cost=102767.86..218593.91 rows=1036611 width=8) (actual time=1964.964..4702.077 rows=1037190 loops=1)
              Hash Cond: (mk.movie_id = t.id)
              ->  Seq Scan on movie_keyword mk  (cost=0.00..81003.12 rows=1036611 width=4) (actual time=0.017..1472.974 rows=1037190 loops=1)
                    Filter: (keyword_id < 1028)
                    Rows Removed by Filter: 3486740
              ->  Hash  (cost=61283.27..61283.27 rows=2528527 width=4) (actual time=1963.499..1963.499 rows=2528312 loops=1)
                    Buckets: 131072  Batches: 64  Memory Usage: 2425kB
                    ->  Seq Scan on title t  (cost=0.00..61283.27 rows=2528527 width=4) (actual time=0.020..1079.988 rows=2528312 loops=1)
Planning time: 1.667 ms
Execution time: 51392.486 ms
