Seq Scan on cast_info ci  (cost=0.00..705507.15 rows=9153828 width=0) (actual time=0.012..12161.217 rows=9018841 loops=1)
  Filter: (person_id < 887369)
  Rows Removed by Filter: 27225503
Planning time: 0.325 ms
Execution time: 13318.156 ms
