Hash Join  (cost=798791.46..885455.30 rows=580 width=0) (actual time=14030.460..15277.233 rows=1 loops=1)
  Hash Cond: (mk.movie_id = t.id)
  ->  Seq Scan on movie_keyword mk  (cost=0.00..69693.30 rows=4523930 width=4) (actual time=0.027..968.980 rows=4523930 loops=1)
  ->  Hash  (cost=798787.41..798787.41 rows=324 width=8) (actual time=13529.871..13529.871 rows=42 loops=1)
        Buckets: 1024  Batches: 1  Memory Usage: 10kB
        ->  Nested Loop  (cost=0.43..798787.41 rows=324 width=8) (actual time=8147.370..13529.844 rows=42 loops=1)
              ->  Seq Scan on cast_info ci  (cost=0.00..796071.18 rows=324 width=4) (actual time=8147.216..13529.087 rows=42 loops=1)
                    Filter: ((role_id > 1) AND (person_id = 2662616))
                    Rows Removed by Filter: 36244302
              ->  Index Only Scan using title_pkey on title t  (cost=0.43..8.37 rows=1 width=4) (actual time=0.016..0.016 rows=1 loops=42)
                    Index Cond: (id = ci.movie_id)
                    Heap Fetches: 42
Planning time: 1.274 ms
Execution time: 15277.358 ms
