Seq Scan on movie_keyword mk  (cost=0.00..81003.12 rows=246 width=0) (actual time=6.659..1208.133 rows=261 loops=1)
  Filter: (keyword_id = 16327)
  Rows Removed by Filter: 4523669
Planning time: 0.393 ms
Execution time: 1208.402 ms
