Seq Scan on movie_keyword mk  (cost=0.00..81003.12 rows=4151807 width=0) (actual time=0.013..1658.744 rows=4153659 loops=1)
  Filter: (keyword_id < 45631)
  Rows Removed by Filter: 370271
Planning time: 0.316 ms
Execution time: 2165.924 ms
