Seq Scan on movie_keyword mk  (cost=0.00..81003.12 rows=1838671 width=0) (actual time=0.015..1467.197 rows=1847076 loops=1)
  Filter: (keyword_id < 3069)
  Rows Removed by Filter: 2676854
Planning time: 0.365 ms
Execution time: 1704.379 ms
