Seq Scan on movie_keyword mk  (cost=0.00..81003.12 rows=246 width=12) (actual time=159.600..1533.174 rows=39 loops=1)
  Filter: (keyword_id = 14698)
  Rows Removed by Filter: 4523891
Planning time: 0.290 ms
Execution time: 1533.208 ms
