Seq Scan on cast_info ci  (cost=0.00..796071.18 rows=27737308 width=0) (actual time=264.551..16374.010 rows=27541627 loops=1)
  Filter: ((person_id > 409628) AND (role_id < 10))
  Rows Removed by Filter: 8702717
Planning time: 0.341 ms
Execution time: 19582.906 ms
