Seq Scan on movie_companies mc  (cost=0.00..51404.11 rows=153248 width=0) (actual time=316.558..892.916 rows=151895 loops=1)
  Filter: (company_id > 131261)
  Rows Removed by Filter: 2457234
Planning time: 0.305 ms
Execution time: 911.650 ms
