Hash Join  (cost=74440.79..161835.80 rows=73697 width=0) (actual time=1837.979..2574.378 rows=20743 loops=1)
  Hash Cond: (mk.movie_id = t.id)
  ->  Seq Scan on movie_keyword mk  (cost=0.00..69693.30 rows=4523930 width=4) (actual time=0.019..847.556 rows=4523930 loops=1)
  ->  Hash  (cost=73925.90..73925.90 rows=41191 width=4) (actual time=853.211..853.211 rows=43851 loops=1)
        Buckets: 65536  Batches: 1  Memory Usage: 2054kB
        ->  Seq Scan on title t  (cost=0.00..73925.90 rows=41191 width=4) (actual time=0.021..833.030 rows=43851 loops=1)
              Filter: ((kind_id > 6) AND (production_year = 2003))
              Rows Removed by Filter: 2484461
Planning time: 0.808 ms
Execution time: 2577.148 ms
