Hash Join  (cost=78556.72..112897.81 rows=121698 width=0) (actual time=1430.187..2309.361 rows=145048 loops=1)
  Hash Cond: (mi_idx.movie_id = t.id)
  ->  Seq Scan on movie_info_idx mi_idx  (cost=0.00..25185.44 rows=460978 width=4) (actual time=0.014..515.386 rows=459925 loops=1)
        Filter: (info_type_id = 99)
        Rows Removed by Filter: 920110
  ->  Hash  (cost=67604.59..67604.59 rows=667531 width=4) (actual time=1429.132..1429.132 rows=662834 loops=1)
        Buckets: 131072  Batches: 16  Memory Usage: 2478kB
        ->  Seq Scan on title t  (cost=0.00..67604.59 rows=667531 width=4) (actual time=0.010..1213.692 rows=662834 loops=1)
              Filter: (production_year < 1989)
              Rows Removed by Filter: 1865478
Planning time: 0.869 ms
Execution time: 2326.598 ms
