Seq Scan on movie_keyword mk  (cost=0.00..81003.12 rows=2754465 width=0) (actual time=0.031..1580.067 rows=2749292 loops=1)
  Filter: (keyword_id < 7810)
  Rows Removed by Filter: 1774638
Planning time: 0.311 ms
Execution time: 1928.422 ms
