Hash Join  (cost=156487.41..1221437.52 rows=4871036 width=0) (actual time=3519.796..35910.280 rows=9930884 loops=1)
  Hash Cond: (ci.movie_id = t.id)
  ->  Seq Scan on cast_info ci  (cost=0.00..705507.15 rows=26718293 width=4) (actual time=0.028..16079.030 rows=26917309 loops=1)
        Filter: (person_id > 918697)
        Rows Removed by Filter: 9327035
  ->  Hash  (cost=148924.19..148924.19 rows=460978 width=8) (actual time=3518.980..3518.980 rows=459925 loops=1)
        Buckets: 131072  Batches: 8  Memory Usage: 3275kB
        ->  Hash Join  (cost=102767.86..148924.19 rows=460978 width=8) (actual time=1849.744..3384.695 rows=459925 loops=1)
              Hash Cond: (mi_idx.movie_id = t.id)
              ->  Seq Scan on movie_info_idx mi_idx  (cost=0.00..25185.44 rows=460978 width=4) (actual time=0.016..463.573 rows=459925 loops=1)
                    Filter: (info_type_id = 99)
                    Rows Removed by Filter: 920110
              ->  Hash  (cost=61283.27..61283.27 rows=2528527 width=4) (actual time=1848.005..1848.005 rows=2528312 loops=1)
                    Buckets: 131072  Batches: 64  Memory Usage: 2415kB
                    ->  Seq Scan on title t  (cost=0.00..61283.27 rows=2528527 width=4) (actual time=0.023..994.741 rows=2528312 loops=1)
Planning time: 1.008 ms
Execution time: 37076.380 ms
