Seq Scan on movie_keyword mk  (cost=0.00..81003.12 rows=2676230 width=0) (actual time=0.026..1485.109 rows=2671866 loops=1)
  Filter: (keyword_id < 7471)
  Rows Removed by Filter: 1852064
Planning time: 1.391 ms
Execution time: 1814.132 ms
