Seq Scan on title t  (cost=0.00..73925.90 rows=80104 width=0) (actual time=321.395..1058.060 rows=205999 loops=1)
  Filter: ((production_year < 1965) AND (kind_id = 1))
  Rows Removed by Filter: 2322313
Planning time: 0.448 ms
Execution time: 1084.756 ms
