Hash Join  (cost=174865.45..269330.64 rows=941282 width=0) (actual time=4013.722..7131.593 rows=2702838 loops=1)
  Hash Cond: (mc.movie_id = t.id)
  ->  Seq Scan on movie_companies mc  (cost=0.00..51404.11 rows=2600868 width=4) (actual time=0.018..1195.420 rows=2601643 loops=1)
        Filter: (company_id < 227781)
        Rows Removed by Filter: 7486
  ->  Hash  (cost=159851.69..159851.69 rows=915101 width=8) (actual time=4012.787..4012.787 rows=919850 loops=1)
        Buckets: 131072  Batches: 16  Memory Usage: 3269kB
        ->  Hash Join  (cost=102767.86..159851.69 rows=915101 width=8) (actual time=2074.935..3752.012 rows=919850 loops=1)
              Hash Cond: (mi_idx.movie_id = t.id)
              ->  Seq Scan on movie_info_idx mi_idx  (cost=0.00..25185.44 rows=915101 width=4) (actual time=0.014..534.200 rows=919850 loops=1)
                    Filter: (info_type_id < 101)
                    Rows Removed by Filter: 460185
              ->  Hash  (cost=61283.27..61283.27 rows=2528527 width=4) (actual time=2073.853..2073.853 rows=2528312 loops=1)
                    Buckets: 131072  Batches: 64  Memory Usage: 2415kB
                    ->  Seq Scan on title t  (cost=0.00..61283.27 rows=2528527 width=4) (actual time=0.013..1226.069 rows=2528312 loops=1)
Planning time: 1.182 ms
Execution time: 7403.229 ms
