Hash Join  (cost=87539.85..457027.42 rows=442402 width=0) (actual time=1751.989..7588.033 rows=750474 loops=1)
  Hash Cond: (mi.movie_id = t.id)
  ->  Seq Scan on movie_info mi  (cost=0.00..346232.03 rows=1348138 width=4) (actual time=208.486..5083.712 rows=1298989 loops=1)
        Filter: (info_type_id = 4)
        Rows Removed by Filter: 13536731
  ->  Hash  (cost=73925.90..73925.90 rows=829756 width=4) (actual time=1542.605..1542.605 rows=744086 loops=1)
        Buckets: 131072  Batches: 16  Memory Usage: 2671kB
        ->  Seq Scan on title t  (cost=0.00..73925.90 rows=829756 width=4) (actual time=0.039..1297.837 rows=744086 loops=1)
              Filter: ((kind_id < 7) AND (production_year > 1967))
              Rows Removed by Filter: 1784226
Planning time: 0.808 ms
Execution time: 7676.496 ms
