Hash Join  (cost=156487.41..1055734.88 rows=1380710 width=0) (actual time=8449.730..26483.115 rows=4798120 loops=1)
  Hash Cond: (ci.movie_id = t.id)
  ->  Seq Scan on cast_info ci  (cost=0.00..796071.18 rows=7573383 width=4) (actual time=5122.636..15788.508 rows=12670688 loops=1)
        Filter: ((person_id < 2169385) AND (role_id = 1))
        Rows Removed by Filter: 23573656
  ->  Hash  (cost=148924.19..148924.19 rows=460978 width=8) (actual time=3326.069..3326.069 rows=459925 loops=1)
        Buckets: 131072  Batches: 8  Memory Usage: 3275kB
        ->  Hash Join  (cost=102767.86..148924.19 rows=460978 width=8) (actual time=1999.022..3212.123 rows=459925 loops=1)
              Hash Cond: (mi_idx.movie_id = t.id)
              ->  Seq Scan on movie_info_idx mi_idx  (cost=0.00..25185.44 rows=460978 width=4) (actual time=0.037..522.852 rows=459925 loops=1)
                    Filter: (info_type_id < 100)
                    Rows Removed by Filter: 920110
              ->  Hash  (cost=61283.27..61283.27 rows=2528527 width=4) (actual time=1996.920..1996.920 rows=2528312 loops=1)
                    Buckets: 131072  Batches: 64  Memory Usage: 2415kB
                    ->  Seq Scan on title t  (cost=0.00..61283.27 rows=2528527 width=4) (actual time=0.021..1155.676 rows=2528312 loops=1)
Planning time: 1.148 ms
Execution time: 26991.976 ms
