Hash Join  (cost=77854.63..159208.17 rows=219607 width=0) (actual time=1619.952..3487.374 rows=92693 loops=1)
  Hash Cond: (mc.movie_id = t.id)
  ->  Seq Scan on movie_companies mc  (cost=0.00..51404.11 rows=2319296 width=4) (actual time=0.031..1160.145 rows=2324804 loops=1)
        Filter: (company_id > 156)
        Rows Removed by Filter: 284325
  ->  Hash  (cost=73925.90..73925.90 rows=239418 width=4) (actual time=1252.882..1252.882 rows=256906 loops=1)
        Buckets: 131072  Batches: 4  Memory Usage: 3296kB
        ->  Seq Scan on title t  (cost=0.00..73925.90 rows=239418 width=4) (actual time=305.182..1166.461 rows=256906 loops=1)
              Filter: ((production_year > 2010) AND (kind_id = 7))
              Rows Removed by Filter: 2271406
Planning time: 0.788 ms
Execution time: 3500.097 ms
