Seq Scan on title t  (cost=0.00..73925.90 rows=656084 width=0) (actual time=0.034..1252.253 rows=555560 loops=1)
  Filter: ((kind_id < 7) AND (production_year > 1993))
  Rows Removed by Filter: 1972752
Planning time: 0.353 ms
Execution time: 1322.543 ms
