Hash Join  (cost=94973.51..258890.15 rows=2596677 width=0) (actual time=1889.800..5961.968 rows=1065408 loops=1)
  Hash Cond: (mk.movie_id = t.id)
  ->  Seq Scan on movie_keyword mk  (cost=0.00..81003.12 rows=3935949 width=4) (actual time=0.017..1869.179 rows=3937069 loops=1)
        Filter: (keyword_id < 31266)
        Rows Removed by Filter: 586861
  ->  Hash  (cost=67604.59..67604.59 rows=1668154 width=4) (actual time=1887.055..1887.055 rows=1674098 loops=1)
        Buckets: 131072  Batches: 32  Memory Usage: 2875kB
        ->  Seq Scan on title t  (cost=0.00..67604.59 rows=1668154 width=4) (actual time=0.019..1315.827 rows=1674098 loops=1)
              Filter: (kind_id > 3)
              Rows Removed by Filter: 854214
Planning time: 0.747 ms
Execution time: 6081.598 ms
