Hash Join  (cost=83198.94..171281.79 rows=558433 width=0) (actual time=1654.348..4467.089 rows=1256558 loops=1)
  Hash Cond: (mc.movie_id = t.id)
  ->  Seq Scan on movie_companies mc  (cost=0.00..51404.11 rows=2498242 width=4) (actual time=0.026..1107.157 rows=2498046 loops=1)
        Filter: (company_id < 151283)
        Rows Removed by Filter: 111083
  ->  Hash  (cost=73925.90..73925.90 rows=565203 width=4) (actual time=1653.425..1653.425 rows=641785 loops=1)
        Buckets: 131072  Batches: 8  Memory Usage: 3862kB
        ->  Seq Scan on title t  (cost=0.00..73925.90 rows=565203 width=4) (actual time=0.022..1179.285 rows=641785 loops=1)
              Filter: ((kind_id < 7) AND (production_year < 2006))
              Rows Removed by Filter: 1886527
Planning time: 0.943 ms
Execution time: 4623.996 ms
