Hash Join  (cost=92883.59..164490.81 rows=246923 width=0) (actual time=1690.537..2995.644 rows=119693 loops=1)
  Hash Cond: (mc.movie_id = t.id)
  ->  Seq Scan on movie_companies mc  (cost=0.00..57926.93 rows=405212 width=4) (actual time=0.132..941.541 rows=230392 loops=1)
        Filter: ((company_id < 1705) AND (company_type_id > 1))
        Rows Removed by Filter: 2378737
  ->  Hash  (cost=67604.59..67604.59 rows=1540800 width=4) (actual time=1689.428..1689.428 rows=1543264 loops=1)
        Buckets: 131072  Batches: 32  Memory Usage: 2722kB
        ->  Seq Scan on title t  (cost=0.00..67604.59 rows=1540800 width=4) (actual time=0.011..1195.894 rows=1543264 loops=1)
              Filter: (kind_id = 7)
              Rows Removed by Filter: 985048
Planning time: 1.200 ms
Execution time: 3009.766 ms
