Hash Join  (cost=317331.16..1891489.08 rows=43785173 width=0) (actual time=7159.556..73336.761 rows=145699966 loops=1)
  Hash Cond: (ci.movie_id = t.id)
  ->  Seq Scan on cast_info ci  (cost=0.00..614943.12 rows=36225612 width=4) (actual time=0.047..13406.377 rows=36244344 loops=1)
  ->  Hash  (cost=267189.91..267189.91 rows=3056180 width=8) (actual time=7158.000..7158.000 rows=3044796 loops=1)
        Buckets: 131072  Batches: 64  Memory Usage: 2902kB
        ->  Hash Join  (cost=102767.86..267189.91 rows=3056180 width=8) (actual time=1987.554..6332.588 rows=3044796 loops=1)
              Hash Cond: (mk.movie_id = t.id)
              ->  Seq Scan on movie_keyword mk  (cost=0.00..81003.12 rows=3056180 width=4) (actual time=0.030..1707.782 rows=3044796 loops=1)
                    Filter: (keyword_id < 11089)
                    Rows Removed by Filter: 1479134
              ->  Hash  (cost=61283.27..61283.27 rows=2528527 width=4) (actual time=1985.790..1985.790 rows=2528312 loops=1)
                    Buckets: 131072  Batches: 64  Memory Usage: 2425kB
                    ->  Seq Scan on title t  (cost=0.00..61283.27 rows=2528527 width=4) (actual time=0.023..1165.180 rows=2528312 loops=1)
Planning time: 1.158 ms
Execution time: 89205.807 ms
