Hash Join  (cost=133714.48..1198775.25 rows=3042757 width=0) (actual time=2669.290..33666.079 rows=4409692 loops=1)
  Hash Cond: (ci.movie_id = t.id)
  ->  Seq Scan on cast_info ci  (cost=0.00..614943.12 rows=36225612 width=4) (actual time=0.022..13220.108 rows=36244344 loops=1)
  ->  Hash  (cost=130229.69..130229.69 rows=212383 width=8) (actual time=2668.603..2668.603 rows=114773 loops=1)
        Buckets: 131072  Batches: 4  Memory Usage: 2143kB
        ->  Hash Join  (cost=93038.76..130229.69 rows=212383 width=8) (actual time=1872.864..2632.290 rows=114773 loops=1)
              Hash Cond: (mi_idx.movie_id = t.id)
              ->  Seq Scan on movie_info_idx mi_idx  (cost=0.00..25185.44 rows=460978 width=4) (actual time=0.018..492.279 rows=459925 loops=1)
                    Filter: (info_type_id = 99)
                    Rows Removed by Filter: 920110
              ->  Hash  (cost=73925.90..73925.90 rows=1164948 width=4) (actual time=1656.836..1656.836 rows=1252934 loops=1)
                    Buckets: 131072  Batches: 16  Memory Usage: 3788kB
                    ->  Seq Scan on title t  (cost=0.00..73925.90 rows=1164948 width=4) (actual time=266.468..1268.161 rows=1252934 loops=1)
                          Filter: ((production_year > 1982) AND (kind_id = 7))
                          Rows Removed by Filter: 1275378
Planning time: 3.968 ms
Execution time: 34207.380 ms
