Seq Scan on movie_keyword mk  (cost=0.00..81003.12 rows=1444511 width=0) (actual time=0.018..1422.784 rows=1456389 loops=1)
  Filter: (keyword_id > 11429)
  Rows Removed by Filter: 3067541
Planning time: 0.386 ms
Execution time: 1603.660 ms
