Hash Join  (cost=156048.22..255358.17 rows=120098 width=0) (actual time=3993.019..7035.145 rows=1620095 loops=1)
  Hash Cond: (mk.movie_id = t.id)
  ->  Seq Scan on movie_keyword mk  (cost=0.00..81003.12 rows=1406359 width=4) (actual time=0.017..1579.517 rows=1419996 loops=1)
        Filter: (keyword_id > 11755)
        Rows Removed by Filter: 3103934
  ->  Hash  (cost=152505.13..152505.13 rows=215927 width=8) (actual time=3992.309..3992.309 rows=625051 loops=1)
        Buckets: 131072 (originally 131072)  Batches: 16 (originally 4)  Memory Usage: 3073kB
        ->  Hash Join  (cost=81720.25..152505.13 rows=215927 width=8) (actual time=2191.672..3794.307 rows=625051 loops=1)
              Hash Cond: (mc.movie_id = t.id)
              ->  Seq Scan on movie_companies mc  (cost=0.00..57926.93 rows=634581 width=4) (actual time=291.430..1105.638 rows=895100 loops=1)
                    Filter: ((company_id > 11579) AND (company_type_id > 1))
                    Rows Removed by Filter: 1714029
              ->  Hash  (cost=67604.59..67604.59 rows=860373 width=4) (actual time=1899.408..1899.408 rows=854214 loops=1)
                    Buckets: 131072  Batches: 16  Memory Usage: 2897kB
                    ->  Seq Scan on title t  (cost=0.00..67604.59 rows=860373 width=4) (actual time=0.029..1247.636 rows=854214 loops=1)
                          Filter: (kind_id < 4)
                          Rows Removed by Filter: 1674098
Planning time: 2.832 ms
Execution time: 7238.481 ms
