Seq Scan on movie_companies mc  (cost=0.00..51404.11 rows=1634841 width=0) (actual time=0.028..953.291 rows=1633120 loops=1)
  Filter: (company_id > 4264)
  Rows Removed by Filter: 976009
Planning time: 0.301 ms
Execution time: 1164.035 ms
