Seq Scan on movie_companies mc  (cost=0.00..51404.11 rows=2059714 width=0) (actual time=0.025..962.084 rows=2055544 loops=1)
  Filter: (company_id < 71783)
  Rows Removed by Filter: 553585
Planning time: 0.333 ms
Execution time: 1216.087 ms
