Hash Join  (cost=164617.93..531048.01 rows=177417 width=0) (actual time=3106.673..12633.101 rows=5330712 loops=1)
  Hash Cond: (mi.movie_id = t.id)
  ->  Seq Scan on movie_info mi  (cost=0.00..309384.22 rows=14739122 width=4) (actual time=0.014..4691.381 rows=14835720 loops=1)
  ->  Hash  (cost=164237.48..164237.48 rows=30436 width=8) (actual time=3106.446..3106.446 rows=62646 loops=1)
        Buckets: 65536 (originally 32768)  Batches: 1 (originally 1)  Memory Usage: 2960kB
        ->  Hash Join  (cost=74346.17..164237.48 rows=30436 width=8) (actual time=1214.467..3084.698 rows=62646 loops=1)
              Hash Cond: (mk.movie_id = t.id)
              ->  Seq Scan on movie_keyword mk  (cost=0.00..81003.12 rows=2289020 width=4) (actual time=0.025..1468.186 rows=2295916 loops=1)
                    Filter: (keyword_id > 4577)
                    Rows Removed by Filter: 2228014
              ->  Hash  (cost=73925.90..73925.90 rows=33621 width=4) (actual time=1214.090..1214.090 rows=28104 loops=1)
                    Buckets: 65536  Batches: 1  Memory Usage: 1501kB
                    ->  Seq Scan on title t  (cost=0.00..73925.90 rows=33621 width=4) (actual time=0.017..1202.580 rows=28104 loops=1)
                          Filter: ((kind_id = 1) AND (production_year = 2009))
                          Rows Removed by Filter: 2500208
Planning time: 1.034 ms
Execution time: 13285.745 ms
