Seq Scan on movie_keyword mk  (cost=0.00..81003.12 rows=1754628 width=0) (actual time=0.025..1470.351 rows=1757332 loops=1)
  Filter: (keyword_id > 7885)
  Rows Removed by Filter: 2766598
Planning time: 0.310 ms
Execution time: 1689.161 ms
