Hash Join  (cost=448442.85..479561.28 rows=17749 width=0) (actual time=7649.650..8402.535 rows=147669 loops=1)
  Hash Cond: (mi_idx.movie_id = t.id)
  ->  Seq Scan on movie_info_idx mi_idx  (cost=0.00..25185.44 rows=464934 width=4) (actual time=0.021..534.752 rows=460185 loops=1)
        Filter: (info_type_id > 100)
        Rows Removed by Filter: 919850
  ->  Hash  (cost=446858.22..446858.22 rows=96530 width=8) (actual time=7648.884..7648.884 rows=142735 loops=1)
        Buckets: 131072  Batches: 2  Memory Usage: 3765kB
        ->  Hash Join  (cost=91959.31..446858.22 rows=96530 width=8) (actual time=2064.526..7611.342 rows=142735 loops=1)
              Hash Cond: (mi.movie_id = t.id)
              ->  Seq Scan on movie_info mi  (cost=0.00..346232.03 rows=164423 width=4) (actual time=97.372..5428.668 rows=197754 loops=1)
                    Filter: (info_type_id > 106)
                    Rows Removed by Filter: 14637966
              ->  Hash  (cost=67604.59..67604.59 rows=1484458 width=4) (actual time=1833.708..1833.708 rows=1485030 loops=1)
                    Buckets: 131072  Batches: 32  Memory Usage: 2663kB
                    ->  Seq Scan on title t  (cost=0.00..67604.59 rows=1484458 width=4) (actual time=0.036..1316.533 rows=1485030 loops=1)
                          Filter: (production_year > 1998)
                          Rows Removed by Filter: 1043282
Planning time: 1.532 ms
Execution time: 8421.185 ms
