Hash Join  (cost=74281.64..163556.39 rows=24103 width=0) (actual time=1143.879..3006.185 rows=43823 loops=1)
  Hash Cond: (mk.movie_id = t.id)
  ->  Seq Scan on movie_keyword mk  (cost=0.00..81003.12 rows=2141491 width=4) (actual time=0.016..1501.634 rows=2146974 loops=1)
        Filter: (keyword_id < 4032)
        Rows Removed by Filter: 2376956
  ->  Hash  (cost=73925.90..73925.90 rows=28459 width=4) (actual time=1143.565..1143.565 rows=16117 loops=1)
        Buckets: 32768  Batches: 1  Memory Usage: 823kB
        ->  Seq Scan on title t  (cost=0.00..73925.90 rows=28459 width=4) (actual time=0.039..1136.595 rows=16117 loops=1)
              Filter: ((kind_id = 1) AND (production_year = 2006))
              Rows Removed by Filter: 2512195
Planning time: 0.789 ms
Execution time: 3012.038 ms
