Hash Join  (cost=204955.20..576276.59 rows=553169 width=0) (actual time=6691.590..11695.838 rows=3022775 loops=1)
  Hash Cond: (mi.movie_id = t.id)
  ->  Seq Scan on movie_info mi  (cost=0.00..346232.03 rows=1338312 width=4) (actual time=2013.695..5462.502 rows=1401902 loops=1)
        Filter: (info_type_id = 7)
        Rows Removed by Filter: 13433818
  ->  Hash  (cost=187808.15..187808.15 rows=1045124 width=8) (actual time=4677.094..4677.094 rows=1151325 loops=1)
        Buckets: 131072  Batches: 16  Memory Usage: 3901kB
        ->  Hash Join  (cost=101489.21..187808.15 rows=1045124 width=8) (actual time=2072.466..4331.709 rows=1151325 loops=1)
              Hash Cond: (mc.movie_id = t.id)
              ->  Seq Scan on movie_companies mc  (cost=0.00..51404.11 rows=1279517 width=4) (actual time=38.798..959.895 rows=1274246 loops=1)
                    Filter: (company_type_id = 1)
                    Rows Removed by Filter: 1334883
              ->  Hash  (cost=67604.59..67604.59 rows=2065330 width=4) (actual time=2032.862..2032.862 rows=2064552 loops=1)
                    Buckets: 131072  Batches: 32  Memory Usage: 3289kB
                    ->  Seq Scan on title t  (cost=0.00..67604.59 rows=2065330 width=4) (actual time=0.033..1368.323 rows=2064552 loops=1)
                          Filter: (production_year < 2011)
                          Rows Removed by Filter: 463760
Planning time: 1.231 ms
Execution time: 12039.897 ms
