Seq Scan on cast_info ci  (cost=0.00..705507.15 rows=23339723 width=0) (actual time=0.015..13013.620 rows=23386363 loops=1)
  Filter: (person_id > 1268857)
  Rows Removed by Filter: 12857981
Planning time: 0.363 ms
Execution time: 15878.568 ms
