Hash Join  (cost=94782.46..144379.21 rows=693827 width=0) (actual time=1797.965..3253.715 rows=447288 loops=1)
  Hash Cond: (mi_idx.movie_id = t.id)
  ->  Seq Scan on movie_info_idx mi_idx  (cost=0.00..21735.35 rows=1380035 width=4) (actual time=0.032..440.694 rows=1380035 loops=1)
  ->  Hash  (cost=73925.90..73925.90 rows=1271244 width=4) (actual time=1795.994..1795.994 rows=1389666 loops=1)
        Buckets: 131072  Batches: 32  Memory Usage: 2563kB
        ->  Seq Scan on title t  (cost=0.00..73925.90 rows=1271244 width=4) (actual time=0.013..1361.146 rows=1389666 loops=1)
              Filter: ((kind_id > 3) AND (production_year > 1981))
              Rows Removed by Filter: 1138646
Planning time: 0.783 ms
Execution time: 3311.996 ms
