Hash Join  (cost=133133.37..497958.64 rows=16934 width=0) (actual time=2076.959..9301.510 rows=3760 loops=1)
  Hash Cond: (mi.movie_id = t.id)
  ->  Seq Scan on movie_info mi  (cost=0.00..309384.22 rows=14739122 width=4) (actual time=0.021..4532.419 rows=14835720 loops=1)
  ->  Hash  (cost=133097.06..133097.06 rows=2905 width=8) (actual time=2070.725..2070.725 rows=186 loops=1)
        Buckets: 4096  Batches: 1  Memory Usage: 40kB
        ->  Hash Join  (cost=74690.97..133097.06 rows=2905 width=8) (actual time=1167.608..2070.472 rows=186 loops=1)
              Hash Cond: (mc.movie_id = t.id)
              ->  Seq Scan on movie_companies mc  (cost=0.00..57926.93 rows=120029 width=4) (actual time=0.037..882.861 rows=54390 loops=1)
                    Filter: ((company_id < 93) AND (company_type_id > 1))
                    Rows Removed by Filter: 2554739
              ->  Hash  (cost=73925.90..73925.90 rows=61205 width=4) (actual time=1166.728..1166.728 rows=61581 loops=1)
                    Buckets: 65536  Batches: 1  Memory Usage: 2677kB
                    ->  Seq Scan on title t  (cost=0.00..73925.90 rows=61205 width=4) (actual time=47.752..1144.012 rows=61581 loops=1)
                          Filter: ((production_year > 2011) AND (kind_id = 1))
                          Rows Removed by Filter: 2466731
Planning time: 1.189 ms
Execution time: 9302.726 ms
