Hash Join  (cost=359837.20..2133858.73 rows=58833032 width=0) (actual time=8576.246..87967.191 rows=195859409 loops=1)
  Hash Cond: (ci.movie_id = t.id)
  ->  Seq Scan on cast_info ci  (cost=0.00..614943.12 rows=36225612 width=4) (actual time=0.018..13763.629 rows=36244344 loops=1)
  ->  Hash  (cost=292463.80..292463.80 rows=4106512 width=8) (actual time=8574.374..8574.374 rows=4114047 loops=1)
        Buckets: 131072  Batches: 64  Memory Usage: 3555kB
        ->  Hash Join  (cost=102767.86..292463.80 rows=4106512 width=8) (actual time=1979.155..7348.277 rows=4114047 loops=1)
              Hash Cond: (mk.movie_id = t.id)
              ->  Seq Scan on movie_keyword mk  (cost=0.00..81003.12 rows=4106512 width=4) (actual time=0.023..1810.494 rows=4114047 loops=1)
                    Filter: (keyword_id < 42252)
                    Rows Removed by Filter: 409883
              ->  Hash  (cost=61283.27..61283.27 rows=2528527 width=4) (actual time=1976.943..1976.943 rows=2528312 loops=1)
                    Buckets: 131072  Batches: 64  Memory Usage: 2425kB
                    ->  Seq Scan on title t  (cost=0.00..61283.27 rows=2528527 width=4) (actual time=0.021..1108.565 rows=2528312 loops=1)
Planning time: 1.097 ms
Execution time: 110025.944 ms
