Hash Join  (cost=365418.15..1566373.15 rows=20107340 width=0) (actual time=10053.285..46163.377 rows=60255077 loops=1)
  Hash Cond: (ci.movie_id = t.id)
  ->  Seq Scan on cast_info ci  (cost=0.00..796071.18 rows=11238448 width=4) (actual time=1033.827..15845.209 rows=9707804 loops=1)
        Filter: ((person_id > 394554) AND (role_id < 2))
        Rows Removed by Filter: 26536540
  ->  Hash  (cost=291197.02..291197.02 rows=4523930 width=8) (actual time=9018.025..9018.025 rows=4523930 loops=1)
        Buckets: 131072  Batches: 64  Memory Usage: 3816kB
        ->  Hash Join  (cost=102767.86..291197.02 rows=4523930 width=8) (actual time=1962.817..7648.730 rows=4523930 loops=1)
              Hash Cond: (mk.movie_id = t.id)
              ->  Seq Scan on movie_keyword mk  (cost=0.00..69693.30 rows=4523930 width=4) (actual time=0.026..1504.049 rows=4523930 loops=1)
              ->  Hash  (cost=61283.27..61283.27 rows=2528527 width=4) (actual time=1961.249..1961.249 rows=2528312 loops=1)
                    Buckets: 131072  Batches: 64  Memory Usage: 2425kB
                    ->  Seq Scan on title t  (cost=0.00..61283.27 rows=2528527 width=4) (actual time=0.014..1083.993 rows=2528312 loops=1)
Planning time: 1.154 ms
Execution time: 53162.114 ms
