Hash Join  (cost=83810.17..171911.85 rows=829221 width=0) (actual time=1523.630..4420.032 rows=1501891 loops=1)
  Hash Cond: (mc.movie_id = t.id)
  ->  Seq Scan on movie_companies mc  (cost=0.00..51404.11 rows=2122760 width=4) (actual time=0.023..1179.468 rows=2118836 loops=1)
        Filter: (company_id < 74747)
        Rows Removed by Filter: 490293
  ->  Hash  (cost=67604.59..67604.59 rows=987727 width=4) (actual time=1522.693..1522.693 rows=985048 loops=1)
        Buckets: 131072  Batches: 16  Memory Usage: 3188kB
        ->  Seq Scan on title t  (cost=0.00..67604.59 rows=987727 width=4) (actual time=0.017..1209.923 rows=985048 loops=1)
              Filter: (kind_id < 7)
              Rows Removed by Filter: 1543264
Planning time: 0.786 ms
Execution time: 4597.730 ms
