Hash Join  (cost=130567.05..931614.48 rows=542445 width=0) (actual time=2625.185..23114.870 rows=1654386 loops=1)
  Hash Cond: (ci.movie_id = t.id)
  ->  Seq Scan on cast_info ci  (cost=0.00..705507.15 rows=24030888 width=4) (actual time=0.032..13043.961 rows=23965388 loops=1)
        Filter: (person_id < 2458881)
        Rows Removed by Filter: 12278956
  ->  Hash  (cost=129853.60..129853.60 rows=57076 width=8) (actual time=2624.694..2624.694 rows=75154 loops=1)
        Buckets: 131072 (originally 65536)  Batches: 1 (originally 1)  Memory Usage: 3960kB
        ->  Hash Join  (cost=74617.32..129853.60 rows=57076 width=8) (actual time=1213.660..2594.616 rows=75154 loops=1)
              Hash Cond: (mc.movie_id = t.id)
              ->  Seq Scan on movie_companies mc  (cost=0.00..44881.29 rows=2609129 width=4) (actual time=0.032..653.314 rows=2609129 loops=1)
              ->  Hash  (cost=73925.90..73925.90 rows=55313 width=4) (actual time=1213.218..1213.218 rows=49075 loops=1)
                    Buckets: 65536  Batches: 1  Memory Usage: 2238kB
                    ->  Seq Scan on title t  (cost=0.00..73925.90 rows=55313 width=4) (actual time=0.123..1194.254 rows=49075 loops=1)
                          Filter: ((kind_id < 7) AND (production_year = 2010))
                          Rows Removed by Filter: 2479237
Planning time: 2.302 ms
Execution time: 23334.444 ms
