Hash Join  (cost=137413.28..241247.75 rows=190500 width=0) (actual time=2808.264..4971.262 rows=158964 loops=1)
  Hash Cond: (mk.movie_id = t.id)
  ->  Seq Scan on movie_keyword mk  (cost=0.00..81003.12 rows=1714759 width=4) (actual time=0.026..1511.972 rows=1721303 loops=1)
        Filter: (keyword_id > 8234)
        Rows Removed by Filter: 2802627
  ->  Hash  (cost=132803.96..132803.96 rows=280905 width=8) (actual time=2804.732..2804.732 rows=141906 loops=1)
        Buckets: 131072  Batches: 4  Memory Usage: 2413kB
        ->  Hash Join  (cost=92883.59..132803.96 rows=280905 width=8) (actual time=1763.173..2760.461 rows=141906 loops=1)
              Hash Cond: (mi_idx.movie_id = t.id)
              ->  Seq Scan on movie_info_idx mi_idx  (cost=0.00..25185.44 rows=460978 width=4) (actual time=0.020..486.613 rows=459925 loops=1)
                    Filter: (info_type_id < 100)
                    Rows Removed by Filter: 920110
              ->  Hash  (cost=67604.59..67604.59 rows=1540800 width=4) (actual time=1761.821..1761.821 rows=1543264 loops=1)
                    Buckets: 131072  Batches: 32  Memory Usage: 2722kB
                    ->  Seq Scan on title t  (cost=0.00..67604.59 rows=1540800 width=4) (actual time=293.354..1262.608 rows=1543264 loops=1)
                          Filter: (kind_id = 7)
                          Rows Removed by Filter: 985048
Planning time: 1.308 ms
Execution time: 4999.934 ms
