Seq Scan on cast_info ci  (cost=0.00..705507.15 rows=17602178 width=0) (actual time=0.021..12339.511 rows=17468654 loops=1)
  Filter: (person_id < 1728092)
  Rows Removed by Filter: 18775690
Planning time: 0.390 ms
Execution time: 14442.769 ms
