Seq Scan on cast_info ci  (cost=0.00..705507.15 rows=500 width=0) (actual time=8902.166..11055.996 rows=316 loops=1)
  Filter: (person_id = 3581387)
  Rows Removed by Filter: 36244028
Planning time: 0.380 ms
Execution time: 11056.089 ms
