Hash Join  (cost=583046.46..1700691.57 rows=18534872 width=0) (actual time=11586.743..43987.877 rows=37058698 loops=1)
  Hash Cond: (ci.movie_id = t.id)
  ->  Seq Scan on cast_info ci  (cost=0.00..705507.15 rows=15274759 width=4) (actual time=301.818..13571.555 rows=15415725 loops=1)
        Filter: (person_id > 2098582)
        Rows Removed by Filter: 20828619
  ->  Hash  (cost=532708.04..532708.04 rows=3068194 width=8) (actual time=11283.249..11283.249 rows=3036719 loops=1)
        Buckets: 131072  Batches: 64  Memory Usage: 2881kB
        ->  Hash Join  (cost=102767.86..532708.04 rows=3068194 width=8) (actual time=4567.171..10507.209 rows=3036719 loops=1)
              Hash Cond: (mi.movie_id = t.id)
              ->  Seq Scan on movie_info mi  (cost=0.00..346232.03 rows=3068194 width=4) (actual time=2627.038..5762.952 rows=3036719 loops=1)
                    Filter: (info_type_id = 16)
                    Rows Removed by Filter: 11799001
              ->  Hash  (cost=61283.27..61283.27 rows=2528527 width=4) (actual time=1938.163..1938.163 rows=2528312 loops=1)
                    Buckets: 131072  Batches: 64  Memory Usage: 2425kB
                    ->  Seq Scan on title t  (cost=0.00..61283.27 rows=2528527 width=4) (actual time=0.024..1041.813 rows=2528312 loops=1)
Planning time: 1.109 ms
Execution time: 47893.861 ms
