Seq Scan on cast_info ci  (cost=0.00..705507.15 rows=17069028 width=0) (actual time=0.027..12766.823 rows=17198276 loops=1)
  Filter: (person_id > 1901791)
  Rows Removed by Filter: 19046068
Planning time: 0.309 ms
Execution time: 14921.318 ms
