Hash Join  (cost=58375.85..811608.38 rows=267 width=0) (actual time=1666.095..15602.128 rows=14 loops=1)
  Hash Cond: (ci.movie_id = t.id)
  ->  Seq Scan on cast_info ci  (cost=0.00..705507.15 rows=12726058 width=4) (actual time=532.731..13207.985 rows=12670688 loops=1)
        Filter: (role_id = 1)
        Rows Removed by Filter: 23573656
  ->  Hash  (cost=58375.18..58375.18 rows=53 width=8) (actual time=844.202..844.202 rows=2 loops=1)
        Buckets: 1024  Batches: 1  Memory Usage: 9kB
        ->  Nested Loop  (cost=0.43..58375.18 rows=53 width=8) (actual time=47.446..844.195 rows=2 loops=1)
              ->  Seq Scan on movie_companies mc  (cost=0.00..57926.93 rows=53 width=4) (actual time=47.370..844.077 rows=2 loops=1)
                    Filter: ((company_id = 222085) AND (company_type_id = 2))
                    Rows Removed by Filter: 2609127
              ->  Index Only Scan using title_pkey on title t  (cost=0.43..8.45 rows=1 width=4) (actual time=0.048..0.048 rows=1 loops=2)
                    Index Cond: (id = mc.movie_id)
                    Heap Fetches: 2
Planning time: 1.153 ms
Execution time: 15602.251 ms
