Seq Scan on cast_info ci  (cost=0.00..796071.18 rows=4374265 width=0) (actual time=2193.086..13261.593 rows=2603811 loops=1)
  Filter: ((person_id < 1278590) AND (role_id > 3))
  Rows Removed by Filter: 33640533
Planning time: 0.343 ms
Execution time: 13589.402 ms
