Seq Scan on cast_info ci  (cost=0.00..796071.18 rows=2532356 width=0) (actual time=6705.282..12213.794 rows=1497664 loops=1)
  Filter: ((person_id < 720277) AND (role_id > 3))
  Rows Removed by Filter: 34746680
Planning time: 0.354 ms
Execution time: 12402.720 ms
