Hash Join  (cost=287467.30..1251723.43 rows=6637404 width=0) (actual time=17797.974..28391.332 rows=14908560 loops=1)
  Hash Cond: (ci.movie_id = t.id)
  ->  Seq Scan on cast_info ci  (cost=0.00..796071.18 rows=7239381 width=4) (actual time=11117.046..15336.697 rows=3441355 loops=1)
        Filter: ((person_id < 2835083) AND (role_id > 4))
        Rows Removed by Filter: 32802989
  ->  Hash  (cost=249432.90..249432.90 rows=2318272 width=8) (actual time=6679.517..6679.517 rows=2318878 loops=1)
        Buckets: 131072  Batches: 32  Memory Usage: 3837kB
        ->  Hash Join  (cost=102767.86..249432.90 rows=2318272 width=8) (actual time=1836.020..5985.575 rows=2318878 loops=1)
              Hash Cond: (mk.movie_id = t.id)
              ->  Seq Scan on movie_keyword mk  (cost=0.00..81003.12 rows=2318272 width=4) (actual time=0.042..1703.294 rows=2318878 loops=1)
                    Filter: (keyword_id > 4443)
                    Rows Removed by Filter: 2205052
              ->  Hash  (cost=61283.27..61283.27 rows=2528527 width=4) (actual time=1834.205..1834.205 rows=2528312 loops=1)
                    Buckets: 131072  Batches: 64  Memory Usage: 2425kB
                    ->  Seq Scan on title t  (cost=0.00..61283.27 rows=2528527 width=4) (actual time=0.019..960.626 rows=2528312 loops=1)
Planning time: 1.124 ms
Execution time: 30174.501 ms
