Seq Scan on cast_info ci  (cost=0.00..705507.15 rows=31018367 width=0) (actual time=0.023..14026.610 rows=31136773 loops=1)
  Filter: (person_id > 494009)
  Rows Removed by Filter: 5107571
Planning time: 0.388 ms
Execution time: 17955.762 ms
