Hash Join  (cost=69283.60..145788.95 rows=105583 width=0) (actual time=1095.922..2860.728 rows=200368 loops=1)
  Hash Cond: (mc.movie_id = t.id)
  ->  Seq Scan on movie_companies mc  (cost=0.00..44881.29 rows=2609129 width=4) (actual time=0.015..843.412 rows=2609129 loops=1)
  ->  Hash  (cost=67604.59..67604.59 rows=102321 width=4) (actual time=1095.250..1095.250 rows=100537 loops=1)
        Buckets: 131072  Batches: 2  Memory Usage: 2797kB
        ->  Seq Scan on title t  (cost=0.00..67604.59 rows=102321 width=4) (actual time=385.723..1060.463 rows=100537 loops=1)
              Filter: (kind_id = 3)
              Rows Removed by Filter: 2427775
Planning time: 0.524 ms
Execution time: 2882.033 ms
