Seq Scan on movie_keyword mk  (cost=0.00..81003.12 rows=246 width=0) (actual time=26.754..1334.617 rows=65 loops=1)
  Filter: (keyword_id = 757)
  Rows Removed by Filter: 4523865
Planning time: 0.266 ms
Execution time: 1334.758 ms
