Hash Join  (cost=184169.09..547037.16 rows=113358 width=0) (actual time=5622.975..9713.570 rows=674276 loops=1)
  Hash Cond: (mi.movie_id = t.id)
  ->  Seq Scan on movie_info mi  (cost=0.00..346232.03 rows=1264125 width=4) (actual time=1948.750..5135.456 rows=1288928 loops=1)
        Filter: (info_type_id = 2)
        Rows Removed by Filter: 13546792
  ->  Hash  (cost=180448.82..180448.82 rows=226741 width=8) (actual time=3673.151..3673.151 rows=663600 loops=1)
        Buckets: 131072 (originally 131072)  Batches: 16 (originally 4)  Memory Usage: 3073kB
        ->  Hash Join  (cost=83891.93..180448.82 rows=226741 width=8) (actual time=1354.115..3481.282 rows=663600 loops=1)
              Hash Cond: (mk.movie_id = t.id)
              ->  Seq Scan on movie_keyword mk  (cost=0.00..81003.12 rows=943829 width=4) (actual time=0.028..1420.722 rows=946324 loops=1)
                    Filter: (keyword_id < 889)
                    Rows Removed by Filter: 3577606
              ->  Hash  (cost=73925.90..73925.90 rows=607442 width=4) (actual time=1353.322..1353.322 rows=675690 loops=1)
                    Buckets: 131072  Batches: 8  Memory Usage: 4020kB
                    ->  Seq Scan on title t  (cost=0.00..73925.90 rows=607442 width=4) (actual time=0.101..1150.736 rows=675690 loops=1)
                          Filter: ((kind_id < 7) AND (production_year < 2007))
                          Rows Removed by Filter: 1852622
Planning time: 1.191 ms
Execution time: 9791.711 ms
