Seq Scan on cast_info ci  (cost=0.00..796071.18 rows=3603504 width=0) (actual time=0.015..13263.470 rows=8027127 loops=1)
  Filter: ((person_id > 2877790) AND (role_id > 2))
  Rows Removed by Filter: 28217217
Planning time: 0.352 ms
Execution time: 14246.103 ms
