Seq Scan on title t  (cost=0.00..73925.90 rows=38181 width=0) (actual time=0.021..1093.293 rows=32218 loops=1)
  Filter: ((kind_id < 3) AND (production_year = 2009))
  Rows Removed by Filter: 2496094
Planning time: 0.366 ms
Execution time: 1098.451 ms
