Hash Join  (cost=102767.86..1140972.90 rows=9652176 width=0) (actual time=7455.027..28214.619 rows=12501017 loops=1)
  Hash Cond: (ci.movie_id = t.id)
  ->  Seq Scan on cast_info ci  (cost=0.00..796071.18 rows=9652176 width=4) (actual time=5537.478..15370.527 rows=12501017 loops=1)
        Filter: ((person_id < 1713781) AND (role_id < 3))
        Rows Removed by Filter: 23743327
  ->  Hash  (cost=61283.27..61283.27 rows=2528527 width=4) (actual time=1916.228..1916.228 rows=2528312 loops=1)
        Buckets: 131072  Batches: 64  Memory Usage: 2415kB
        ->  Seq Scan on title t  (cost=0.00..61283.27 rows=2528527 width=4) (actual time=0.019..1092.904 rows=2528312 loops=1)
Planning time: 0.729 ms
Execution time: 29655.943 ms
