Seq Scan on cast_info ci  (cost=0.00..705507.15 rows=500 width=0) (actual time=221.574..11449.977 rows=378 loops=1)
  Filter: (person_id = 168583)
  Rows Removed by Filter: 36243966
Planning time: 0.410 ms
Execution time: 11450.118 ms
