Hash Join  (cost=83074.74..447745.01 rows=1434 width=0) (actual time=1380.254..8679.729 rows=33824 loops=1)
  Hash Cond: (mi.movie_id = t.id)
  ->  Seq Scan on movie_info mi  (cost=0.00..309384.22 rows=14739122 width=4) (actual time=0.015..4393.507 rows=14835720 loops=1)
  ->  Hash  (cost=83071.67..83071.67 rows=246 width=8) (actual time=1379.914..1379.914 rows=1442 loops=1)
        Buckets: 2048 (originally 1024)  Batches: 1 (originally 1)  Memory Usage: 73kB
        ->  Nested Loop  (cost=0.43..83071.67 rows=246 width=8) (actual time=0.354..1378.816 rows=1442 loops=1)
              ->  Seq Scan on movie_keyword mk  (cost=0.00..81003.12 rows=246 width=4) (actual time=0.264..1312.331 rows=1442 loops=1)
                    Filter: (keyword_id = 837)
                    Rows Removed by Filter: 4522488
              ->  Index Only Scan using title_pkey on title t  (cost=0.43..8.40 rows=1 width=4) (actual time=0.044..0.045 rows=1 loops=1442)
                    Index Cond: (id = mk.movie_id)
                    Heap Fetches: 1442
Planning time: 1.104 ms
Execution time: 8685.835 ms
