Hash Join  (cost=199404.20..348245.12 rows=2202888 width=0) (actual time=4651.704..11212.116 rows=13188315 loops=1)
  Hash Cond: (mk.movie_id = t.id)
  ->  Seq Scan on movie_keyword mk  (cost=0.00..69693.30 rows=4523930 width=4) (actual time=0.028..1508.537 rows=4523930 loops=1)
  ->  Hash  (cost=179203.65..179203.65 rows=1231244 width=8) (actual time=4648.662..4648.662 rows=992855 loops=1)
        Buckets: 131072  Batches: 32  Memory Usage: 2280kB
        ->  Hash Join  (cost=87180.69..179203.65 rows=1231244 width=8) (actual time=1647.243..4332.685 rows=992855 loops=1)
              Hash Cond: (mc.movie_id = t.id)
              ->  Seq Scan on movie_companies mc  (cost=0.00..44881.29 rows=2609129 width=4) (actual time=0.024..814.777 rows=2609129 loops=1)
              ->  Hash  (cost=67604.59..67604.59 rows=1193208 width=4) (actual time=1646.207..1646.207 rows=1192518 loops=1)
                    Buckets: 131072  Batches: 16  Memory Usage: 3646kB
                    ->  Seq Scan on title t  (cost=0.00..67604.59 rows=1193208 width=4) (actual time=0.026..1270.058 rows=1192518 loops=1)
                          Filter: (production_year > 2003)
                          Rows Removed by Filter: 1335794
Planning time: 1.211 ms
Execution time: 12733.925 ms
