Hash Join  (cost=73987.23..102636.96 rows=1783 width=0) (actual time=1252.515..1958.958 rows=1776 loops=1)
  Hash Cond: (mi_idx.movie_id = t.id)
  ->  Seq Scan on movie_info_idx mi_idx  (cost=0.00..25185.44 rows=919057 width=4) (actual time=0.018..564.925 rows=920110 loops=1)
        Filter: (info_type_id > 99)
        Rows Removed by Filter: 459925
  ->  Hash  (cost=73925.90..73925.90 rows=4906 width=4) (actual time=1225.633..1225.633 rows=6560 loops=1)
        Buckets: 8192  Batches: 1  Memory Usage: 295kB
        ->  Seq Scan on title t  (cost=0.00..73925.90 rows=4906 width=4) (actual time=0.025..1222.312 rows=6560 loops=1)
              Filter: ((kind_id > 3) AND (production_year = 1963))
              Rows Removed by Filter: 2521752
Planning time: 0.965 ms
Execution time: 1959.346 ms
