Hash Join  (cost=192399.19..737593.95 rows=3065823 width=0) (actual time=4360.617..22421.653 rows=11958308 loops=1)
  Hash Cond: (mi.movie_id = t.id)
  ->  Seq Scan on movie_info mi  (cost=0.00..346232.03 rows=14373737 width=4) (actual time=0.018..7460.163 rows=14407069 loops=1)
        Filter: (info_type_id < 105)
        Rows Removed by Filter: 428651
  ->  Hash  (cost=183550.71..183550.71 rows=539318 width=8) (actual time=4359.709..4359.709 rows=839875 loops=1)
        Buckets: 131072 (originally 131072)  Batches: 16 (originally 8)  Memory Usage: 3092kB
        ->  Hash Join  (cost=102767.86..183550.71 rows=539318 width=8) (actual time=1982.675..4108.587 rows=839875 loops=1)
              Hash Cond: (mc.movie_id = t.id)
              ->  Seq Scan on movie_companies mc  (cost=0.00..57926.93 rows=539318 width=4) (actual time=0.025..1039.759 rows=839875 loops=1)
                    Filter: ((company_id > 14540) AND (company_type_id > 1))
                    Rows Removed by Filter: 1769254
              ->  Hash  (cost=61283.27..61283.27 rows=2528527 width=4) (actual time=1981.898..1981.898 rows=2528312 loops=1)
                    Buckets: 131072  Batches: 64  Memory Usage: 2415kB
                    ->  Seq Scan on title t  (cost=0.00..61283.27 rows=2528527 width=4) (actual time=0.025..1143.177 rows=2528312 loops=1)
Planning time: 2.583 ms
Execution time: 23843.978 ms
