Hash Join  (cost=241528.94..814871.49 rows=7039471 width=0) (actual time=5247.357..18150.072 rows=3191965 loops=1)
  Hash Cond: (mi.movie_id = t.id)
  ->  Seq Scan on movie_info mi  (cost=0.00..309384.22 rows=14739122 width=4) (actual time=0.022..5873.020 rows=14835720 loops=1)
  ->  Hash  (cost=221715.49..221715.49 rows=1207636 width=8) (actual time=5166.381..5166.381 rows=309184 loops=1)
        Buckets: 131072  Batches: 16  Memory Usage: 1811kB
        ->  Hash Join  (cost=85000.09..221715.49 rows=1207636 width=8) (actual time=2793.763..5072.434 rows=309184 loops=1)
              Hash Cond: (mk.movie_id = t.id)
              ->  Seq Scan on movie_keyword mk  (cost=0.00..69693.30 rows=4523930 width=4) (actual time=0.018..1517.212 rows=4523930 loops=1)
              ->  Hash  (cost=73925.90..73925.90 rows=674975 width=4) (actual time=1510.130..1510.130 rows=739679 loops=1)
                    Buckets: 131072  Batches: 16  Memory Usage: 2660kB
                    ->  Seq Scan on title t  (cost=0.00..73925.90 rows=674975 width=4) (actual time=147.006..1270.675 rows=739679 loops=1)
                          Filter: ((production_year > 2004) AND (kind_id = 7))
                          Rows Removed by Filter: 1788633
Planning time: 1.169 ms
Execution time: 18507.283 ms
