Hash Join  (cost=102767.86..294675.96 rows=4198460 width=0) (actual time=1966.095..7100.840 rows=4201359 loops=1)
  Hash Cond: (mk.movie_id = t.id)
  ->  Seq Scan on movie_keyword mk  (cost=0.00..81003.12 rows=4198460 width=4) (actual time=0.021..1824.651 rows=4201359 loops=1)
        Filter: (keyword_id < 50765)
        Rows Removed by Filter: 322571
  ->  Hash  (cost=61283.27..61283.27 rows=2528527 width=4) (actual time=1963.087..1963.087 rows=2528312 loops=1)
        Buckets: 131072  Batches: 64  Memory Usage: 2425kB
        ->  Seq Scan on title t  (cost=0.00..61283.27 rows=2528527 width=4) (actual time=0.013..1068.413 rows=2528312 loops=1)
Planning time: 0.725 ms
Execution time: 7564.394 ms
