Hash Join  (cost=168469.26..230594.44 rows=25428 width=0) (actual time=3057.732..4311.848 rows=102461 loops=1)
  Hash Cond: (mc.movie_id = t.id)
  ->  Seq Scan on movie_companies mc  (cost=0.00..57926.93 rows=1051726 width=4) (actual time=127.331..1134.413 rows=784487 loops=1)
        Filter: ((company_id < 71884) AND (company_type_id > 1))
        Rows Removed by Filter: 1824642
  ->  Hash  (cost=167705.11..167705.11 rows=61132 width=8) (actual time=2874.382..2874.382 rows=80237 loops=1)
        Buckets: 131072 (originally 65536)  Batches: 2 (originally 1)  Memory Usage: 3073kB
        ->  Hash Join  (cost=78171.87..167705.11 rows=61132 width=8) (actual time=1273.161..2849.555 rows=80237 loops=1)
              Hash Cond: (mk.movie_id = t.id)
              ->  Seq Scan on movie_keyword mk  (cost=0.00..81003.12 rows=597280 width=4) (actual time=0.034..1308.738 rows=597398 loops=1)
                    Filter: (keyword_id > 30736)
                    Rows Removed by Filter: 3926532
              ->  Hash  (cost=73925.90..73925.90 rows=258797 width=4) (actual time=1271.452..1271.452 rows=227847 loops=1)
                    Buckets: 131072  Batches: 4  Memory Usage: 3038kB
                    ->  Seq Scan on title t  (cost=0.00..73925.90 rows=258797 width=4) (actual time=0.029..1189.581 rows=227847 loops=1)
                          Filter: ((kind_id < 7) AND (production_year > 2008))
                          Rows Removed by Filter: 2300465
Planning time: 1.253 ms
Execution time: 4325.694 ms
