Hash Join  (cost=263115.61..1468454.23 rows=20722742 width=0) (actual time=5990.313..42039.978 rows=44442698 loops=1)
  Hash Cond: (ci.movie_id = t.id)
  ->  Seq Scan on cast_info ci  (cost=0.00..705507.15 rows=20082569 width=4) (actual time=0.023..14233.425 rows=20212134 loops=1)
        Filter: (person_id > 1586319)
        Rows Removed by Filter: 16032210
  ->  Hash  (cost=220309.49..220309.49 rows=2609129 width=8) (actual time=5988.771..5988.771 rows=2609129 loops=1)
        Buckets: 131072  Batches: 64  Memory Usage: 2610kB
        ->  Hash Join  (cost=102767.86..220309.49 rows=2609129 width=8) (actual time=2008.457..5316.277 rows=2609129 loops=1)
              Hash Cond: (mc.movie_id = t.id)
              ->  Seq Scan on movie_companies mc  (cost=0.00..44881.29 rows=2609129 width=4) (actual time=0.014..902.183 rows=2609129 loops=1)
              ->  Hash  (cost=61283.27..61283.27 rows=2528527 width=4) (actual time=2007.481..2007.481 rows=2528312 loops=1)
                    Buckets: 131072  Batches: 64  Memory Usage: 2415kB
                    ->  Seq Scan on title t  (cost=0.00..61283.27 rows=2528527 width=4) (actual time=0.034..1152.079 rows=2528312 loops=1)
Planning time: 1.379 ms
Execution time: 46588.244 ms
