Hash Join  (cost=217858.32..1074249.29 rows=1723258 width=0) (actual time=6280.757..23429.255 rows=3258933 loops=1)
  Hash Cond: (ci.movie_id = t.id)
  ->  Seq Scan on cast_info ci  (cost=0.00..796071.18 rows=3277125 width=4) (actual time=1347.765..15473.269 rows=3510343 loops=1)
        Filter: ((person_id > 622555) AND (role_id = 3))
        Rows Removed by Filter: 32734001
  ->  Hash  (cost=196044.17..196044.17 rows=1329612 width=8) (actual time=4932.064..4932.064 rows=1334883 loops=1)
        Buckets: 131072  Batches: 32  Memory Usage: 2639kB
        ->  Hash Join  (cost=102767.86..196044.17 rows=1329612 width=8) (actual time=1911.420..4545.580 rows=1334883 loops=1)
              Hash Cond: (mc.movie_id = t.id)
              ->  Seq Scan on movie_companies mc  (cost=0.00..51404.11 rows=1329612 width=4) (actual time=0.032..1074.306 rows=1334883 loops=1)
                    Filter: (company_type_id > 1)
                    Rows Removed by Filter: 1274246
              ->  Hash  (cost=61283.27..61283.27 rows=2528527 width=4) (actual time=1910.619..1910.619 rows=2528312 loops=1)
                    Buckets: 131072  Batches: 64  Memory Usage: 2415kB
                    ->  Seq Scan on title t  (cost=0.00..61283.27 rows=2528527 width=4) (actual time=0.017..1088.963 rows=2528312 loops=1)
Planning time: 1.128 ms
Execution time: 23845.196 ms
