Seq Scan on cast_info ci  (cost=0.00..796071.18 rows=435 width=0) (actual time=952.942..14915.385 rows=33 loops=1)
  Filter: ((role_id < 10) AND (person_id = 588412))
  Rows Removed by Filter: 36244311
Planning time: 0.377 ms
Execution time: 14915.489 ms
