Nested Loop  (cost=0.43..52283.95 rows=56 width=0) (actual time=187.087..353.387 rows=2 loops=1)
  ->  Seq Scan on movie_companies mc  (cost=0.00..51404.11 rows=104 width=4) (actual time=108.667..352.871 rows=15 loops=1)
        Filter: (company_id = 99796)
        Rows Removed by Filter: 2609114
  ->  Index Scan using title_pkey on title t  (cost=0.43..8.45 rows=1 width=4) (actual time=0.033..0.033 rows=0 loops=15)
        Index Cond: (id = mc.movie_id)
        Filter: (production_year < 2005)
        Rows Removed by Filter: 1
Planning time: 0.759 ms
Execution time: 353.476 ms
