Seq Scan on cast_info ci  (cost=0.00..796071.18 rows=11185961 width=0) (actual time=0.024..16102.259 rows=12670688 loops=1)
  Filter: ((person_id < 3252320) AND (role_id < 2))
  Rows Removed by Filter: 23573656
Planning time: 0.380 ms
Execution time: 17620.066 ms
