Seq Scan on movie_companies mc  (cost=0.00..51404.11 rows=1522763 width=0) (actual time=0.030..967.576 rows=1510302 loops=1)
  Filter: (company_id < 14070)
  Rows Removed by Filter: 1098827
Planning time: 3.748 ms
Execution time: 1155.845 ms
