Hash Join  (cost=67697.55..948646.01 rows=66054 width=0) (actual time=1069.165..23347.904 rows=84901 loops=1)
  Hash Cond: (ci.movie_id = t.id)
  ->  Seq Scan on cast_info ci  (cost=0.00..796071.18 rows=22457797 width=4) (actual time=0.011..17365.632 rows=23142741 loops=1)
        Filter: ((person_id > 153444) AND (role_id > 1))
        Rows Removed by Filter: 13101603
  ->  Hash  (cost=67604.59..67604.59 rows=7437 width=4) (actual time=1068.163..1068.163 rows=13063 loops=1)
        Buckets: 16384 (originally 8192)  Batches: 1 (originally 1)  Memory Usage: 588kB
        ->  Seq Scan on title t  (cost=0.00..67604.59 rows=7437 width=4) (actual time=0.024..1061.793 rows=13063 loops=1)
              Filter: (production_year = 1965)
              Rows Removed by Filter: 2515249
Planning time: 0.536 ms
Execution time: 23363.156 ms
