Seq Scan on movie_keyword mk  (cost=0.00..81003.12 rows=4267740 width=0) (actual time=0.363..1511.067 rows=4268935 loops=1)
  Filter: (keyword_id < 59979)
  Rows Removed by Filter: 254995
Planning time: 0.335 ms
Execution time: 2037.928 ms
