Hash Join  (cost=101272.94..480998.31 rows=33623 width=0) (actual time=1793.938..8855.312 rows=47646 loops=1)
  Hash Cond: (mi.movie_id = t.id)
  ->  Seq Scan on movie_info mi  (cost=0.00..346232.03 rows=8841901 width=4) (actual time=0.011..5827.661 rows=8950757 loops=1)
        Filter: (info_type_id > 6)
        Rows Removed by Filter: 5884963
  ->  Hash  (cost=101152.75..101152.75 rows=9615 width=8) (actual time=1649.991..1649.991 rows=4464 loops=1)
        Buckets: 16384  Batches: 1  Memory Usage: 303kB
        ->  Hash Join  (cost=74146.12..101152.75 rows=9615 width=8) (actual time=953.415..1648.159 rows=4464 loops=1)
              Hash Cond: (mi_idx.movie_id = t.id)
              ->  Seq Scan on movie_info_idx mi_idx  (cost=0.00..21735.35 rows=1380035 width=4) (actual time=0.023..379.104 rows=1380035 loops=1)
              ->  Hash  (cost=73925.90..73925.90 rows=17617 width=4) (actual time=952.822..952.822 rows=22021 loops=1)
                    Buckets: 32768  Batches: 1  Memory Usage: 1031kB
                    ->  Seq Scan on title t  (cost=0.00..73925.90 rows=17617 width=4) (actual time=0.019..943.731 rows=22021 loops=1)
                          Filter: ((production_year > 2012) AND (kind_id = 1))
                          Rows Removed by Filter: 2506291
Planning time: 1.258 ms
Execution time: 8862.513 ms
