Hash Join  (cost=161150.91..545351.57 rows=112083 width=0) (actual time=2976.934..11342.244 rows=4626607 loops=1)
  Hash Cond: (mi.movie_id = t.id)
  ->  Seq Scan on movie_info mi  (cost=0.00..309384.22 rows=14739122 width=4) (actual time=0.014..4146.052 rows=14835720 loops=1)
  ->  Hash  (cost=160910.56..160910.56 rows=19228 width=8) (actual time=2955.843..2955.843 rows=45324 loops=1)
        Buckets: 65536 (originally 32768)  Batches: 1 (originally 1)  Memory Usage: 2283kB
        ->  Hash Join  (cost=74060.24..160910.56 rows=19228 width=8) (actual time=1449.634..2940.178 rows=45324 loops=1)
              Hash Cond: (mk.movie_id = t.id)
              ->  Seq Scan on movie_keyword mk  (cost=0.00..69693.30 rows=4523930 width=4) (actual time=0.019..987.677 rows=4523930 loops=1)
              ->  Hash  (cost=73925.90..73925.90 rows=10747 width=4) (actual time=1111.849..1111.849 rows=6468 loops=1)
                    Buckets: 16384  Batches: 1  Memory Usage: 356kB
                    ->  Seq Scan on title t  (cost=0.00..73925.90 rows=10747 width=4) (actual time=0.034..1108.741 rows=6468 loops=1)
                          Filter: ((kind_id = 1) AND (production_year = 1997))
                          Rows Removed by Filter: 2521844
Planning time: 1.246 ms
Execution time: 11884.444 ms
