Hash Join  (cost=191581.36..335589.03 rows=1337679 width=0) (actual time=3921.260..7792.014 rows=1542691 loops=1)
  Hash Cond: (mk.movie_id = t.id)
  ->  Seq Scan on movie_keyword mk  (cost=0.00..81003.12 rows=4006868 width=4) (actual time=0.027..1815.881 rows=4014109 loops=1)
        Filter: (keyword_id < 35637)
        Rows Removed by Filter: 509821
  ->  Hash  (cost=177731.61..177731.61 rows=844140 width=8) (actual time=3919.988..3919.988 rows=423110 loops=1)
        Buckets: 131072  Batches: 16  Memory Usage: 2053kB
        ->  Hash Join  (cost=94973.51..177731.61 rows=844140 width=8) (actual time=1727.318..3797.096 rows=423110 loops=1)
              Hash Cond: (mc.movie_id = t.id)
              ->  Seq Scan on movie_companies mc  (cost=0.00..51404.11 rows=1279517 width=4) (actual time=0.012..1067.477 rows=1274246 loops=1)
                    Filter: (company_type_id < 2)
                    Rows Removed by Filter: 1334883
              ->  Hash  (cost=67604.59..67604.59 rows=1668154 width=4) (actual time=1725.558..1725.558 rows=1674098 loops=1)
                    Buckets: 131072  Batches: 32  Memory Usage: 2869kB
                    ->  Seq Scan on title t  (cost=0.00..67604.59 rows=1668154 width=4) (actual time=0.009..1191.538 rows=1674098 loops=1)
                          Filter: (kind_id > 3)
                          Rows Removed by Filter: 854214
Planning time: 1.213 ms
Execution time: 7965.379 ms
