Seq Scan on movie_companies mc  (cost=0.00..51404.11 rows=1579919 width=0) (actual time=0.032..975.783 rows=1571217 loops=1)
  Filter: (company_id < 15296)
  Rows Removed by Filter: 1037912
Planning time: 0.363 ms
Execution time: 1174.569 ms
