Seq Scan on movie_keyword mk  (cost=0.00..81003.12 rows=246 width=0) (actual time=27.069..1242.902 rows=14 loops=1)
  Filter: (keyword_id = 50255)
  Rows Removed by Filter: 4523916
Planning time: 9.929 ms
Execution time: 1243.026 ms
