Hash Join  (cost=131053.24..483534.00 rows=43600 width=0) (actual time=3797.029..7569.217 rows=724 loops=1)
  Hash Cond: (mi.movie_id = t.id)
  ->  Seq Scan on movie_info mi  (cost=0.00..346232.03 rows=1550064 width=4) (actual time=1164.195..4627.149 rows=1533909 loops=1)
        Filter: (info_type_id = 3)
        Rows Removed by Filter: 13301811
  ->  Hash  (cost=130164.21..130164.21 rows=71122 width=8) (actual time=2631.891..2631.891 rows=28308 loops=1)
        Buckets: 131072  Batches: 1  Memory Usage: 2130kB
        ->  Hash Join  (cost=74787.47..130164.21 rows=71122 width=8) (actual time=1176.154..2620.083 rows=28308 loops=1)
              Hash Cond: (mc.movie_id = t.id)
              ->  Seq Scan on movie_companies mc  (cost=0.00..44881.29 rows=2609129 width=4) (actual time=0.025..659.545 rows=2609129 loops=1)
              ->  Hash  (cost=73925.90..73925.90 rows=68925 width=4) (actual time=1175.206..1175.206 rows=84076 loops=1)
                    Buckets: 131072  Batches: 1  Memory Usage: 3980kB
                    ->  Seq Scan on title t  (cost=0.00..73925.90 rows=68925 width=4) (actual time=73.722..1141.803 rows=84076 loops=1)
                          Filter: ((kind_id = 7) AND (production_year = 2007))
                          Rows Removed by Filter: 2444236
Planning time: 4.131 ms
Execution time: 7570.085 ms
