Hash Join  (cost=102767.86..240013.91 rows=1926826 width=0) (actual time=1829.603..5143.761 rows=1939047 loops=1)
  Hash Cond: (mk.movie_id = t.id)
  ->  Seq Scan on movie_keyword mk  (cost=0.00..81003.12 rows=1926826 width=4) (actual time=0.014..1501.715 rows=1939047 loops=1)
        Filter: (keyword_id > 6821)
        Rows Removed by Filter: 2584883
  ->  Hash  (cost=61283.27..61283.27 rows=2528527 width=4) (actual time=1825.456..1825.456 rows=2528312 loops=1)
        Buckets: 131072  Batches: 64  Memory Usage: 2425kB
        ->  Seq Scan on title t  (cost=0.00..61283.27 rows=2528527 width=4) (actual time=0.010..949.129 rows=2528312 loops=1)
Planning time: 1.045 ms
Execution time: 5359.024 ms
