Hash Join  (cost=120605.43..609196.89 rows=823352 width=0) (actual time=2289.316..14119.413 rows=2498183 loops=1)
  Hash Cond: (mi.movie_id = t.id)
  ->  Seq Scan on movie_info mi  (cost=0.00..309384.22 rows=14739122 width=4) (actual time=0.027..5930.184 rows=14835720 loops=1)
  ->  Hash  (cost=118287.83..118287.83 rows=141248 width=8) (actual time=2288.527..2288.527 rows=155682 loops=1)
        Buckets: 131072  Batches: 2  Memory Usage: 4059kB
        ->  Hash Join  (cost=78171.87..118287.83 rows=141248 width=8) (actual time=1224.049..2244.277 rows=155682 loops=1)
              Hash Cond: (mi_idx.movie_id = t.id)
              ->  Seq Scan on movie_info_idx mi_idx  (cost=0.00..21735.35 rows=1380035 width=4) (actual time=0.022..425.140 rows=1380035 loops=1)
              ->  Hash  (cost=73925.90..73925.90 rows=258797 width=4) (actual time=1223.231..1223.231 rows=227847 loops=1)
                    Buckets: 131072  Batches: 4  Memory Usage: 3032kB
                    ->  Seq Scan on title t  (cost=0.00..73925.90 rows=258797 width=4) (actual time=0.021..1145.871 rows=227847 loops=1)
                          Filter: ((kind_id < 7) AND (production_year > 2008))
                          Rows Removed by Filter: 2300465
Planning time: 1.079 ms
Execution time: 14421.413 ms
