Hash Join  (cost=1018504.83..3745028.56 rows=131020628 width=0) (actual time=25793.109..126768.788 rows=281720821 loops=1)
  Hash Cond: (ci.movie_id = t.id)
  ->  Seq Scan on cast_info ci  (cost=0.00..705507.15 rows=22476861 width=4) (actual time=0.021..15024.509 rows=22328870 loops=1)
        Filter: (person_id < 2275874)
        Rows Removed by Filter: 13915474
  ->  Hash  (cost=776690.81..776690.81 rows=14739122 width=8) (actual time=25790.212..25790.212 rows=14835720 loops=1)
        Buckets: 131072  Batches: 256  Memory Usage: 3268kB
        ->  Hash Join  (cost=102767.86..776690.81 rows=14739122 width=8) (actual time=1933.634..21464.816 rows=14835720 loops=1)
              Hash Cond: (mi.movie_id = t.id)
              ->  Seq Scan on movie_info mi  (cost=0.00..309384.22 rows=14739122 width=4) (actual time=0.020..6125.308 rows=14835720 loops=1)
              ->  Hash  (cost=61283.27..61283.27 rows=2528527 width=4) (actual time=1931.936..1931.936 rows=2528312 loops=1)
                    Buckets: 131072  Batches: 64  Memory Usage: 2425kB
                    ->  Seq Scan on title t  (cost=0.00..61283.27 rows=2528527 width=4) (actual time=0.016..1078.229 rows=2528312 loops=1)
Planning time: 1.209 ms
Execution time: 157347.741 ms
