Hash Join  (cost=83074.16..434078.73 rows=75 width=0) (actual time=4181.651..6737.915 rows=19 loops=1)
  Hash Cond: (mi.movie_id = t.id)
  ->  Seq Scan on movie_info mi  (cost=0.00..346232.03 rows=1272478 width=4) (actual time=2875.466..5262.468 rows=1325361 loops=1)
        Filter: (info_type_id = 8)
        Rows Removed by Filter: 13510359
  ->  Hash  (cost=83072.29..83072.29 rows=150 width=8) (actual time=1298.398..1298.398 rows=35 loops=1)
        Buckets: 1024  Batches: 1  Memory Usage: 10kB
        ->  Nested Loop  (cost=0.43..83072.29 rows=150 width=8) (actual time=1001.751..1298.342 rows=35 loops=1)
              ->  Seq Scan on movie_keyword mk  (cost=0.00..81003.12 rows=246 width=4) (actual time=3.185..1270.065 rows=921 loops=1)
                    Filter: (keyword_id = 5558)
                    Rows Removed by Filter: 4523009
              ->  Index Scan using title_pkey on title t  (cost=0.43..8.40 rows=1 width=4) (actual time=0.029..0.029 rows=0 loops=921)
                    Index Cond: (id = mk.movie_id)
                    Filter: (kind_id = 7)
                    Rows Removed by Filter: 1
Planning time: 1.190 ms
Execution time: 6738.039 ms
