Hash Join  (cost=83198.94..171913.95 rows=568672 width=0) (actual time=1467.386..4335.230 rows=1309901 loops=1)
  Hash Cond: (mc.movie_id = t.id)
  ->  Seq Scan on movie_companies mc  (cost=0.00..51404.11 rows=2544046 width=4) (actual time=0.029..1156.281 rows=2542342 loops=1)
        Filter: (company_id > 6)
        Rows Removed by Filter: 66787
  ->  Hash  (cost=73925.90..73925.90 rows=565203 width=4) (actual time=1466.562..1466.562 rows=641785 loops=1)
        Buckets: 131072  Batches: 8  Memory Usage: 3862kB
        ->  Seq Scan on title t  (cost=0.00..73925.90 rows=565203 width=4) (actual time=0.022..1267.773 rows=641785 loops=1)
              Filter: ((kind_id < 7) AND (production_year < 2006))
              Rows Removed by Filter: 1886527
Planning time: 1.002 ms
Execution time: 4475.671 ms
