Seq Scan on movie_keyword mk  (cost=0.00..81003.12 rows=1698035 width=0) (actual time=0.019..1082.873 rows=1706183 loops=1)
  Filter: (keyword_id < 2682)
  Rows Removed by Filter: 2817747
Planning time: 0.368 ms
Execution time: 1269.339 ms
