Seq Scan on title t  (cost=0.00..73925.90 rows=1207260 width=0) (actual time=0.009..1258.302 rows=1296749 loops=1)
  Filter: ((kind_id > 4) AND (production_year > 1978))
  Rows Removed by Filter: 1231563
Planning time: 0.242 ms
Execution time: 1414.369 ms
