Hash Join  (cost=709678.15..796345.14 rows=895 width=0) (actual time=10592.131..12093.562 rows=304 loops=1)
  Hash Cond: (mk.movie_id = t.id)
  ->  Seq Scan on movie_keyword mk  (cost=0.00..69693.30 rows=4523930 width=4) (actual time=0.016..1018.190 rows=4523930 loops=1)
  ->  Hash  (cost=709671.90..709671.90 rows=500 width=8) (actual time=10301.895..10301.895 rows=191 loops=1)
        Buckets: 1024  Batches: 1  Memory Usage: 16kB
        ->  Nested Loop  (cost=0.43..709671.90 rows=500 width=8) (actual time=6538.459..10301.812 rows=191 loops=1)
              ->  Seq Scan on cast_info ci  (cost=0.00..705507.15 rows=500 width=4) (actual time=6538.281..10299.647 rows=191 loops=1)
                    Filter: (person_id = 3551012)
                    Rows Removed by Filter: 36244153
              ->  Index Only Scan using title_pkey on title t  (cost=0.43..8.32 rows=1 width=4) (actual time=0.010..0.010 rows=1 loops=191)
                    Index Cond: (id = ci.movie_id)
                    Heap Fetches: 191
Planning time: 1.216 ms
Execution time: 12093.712 ms
