Hash Join  (cost=559550.21..1928718.21 rows=23830275 width=0) (actual time=12108.196..44701.589 rows=13108841 loops=1)
  Hash Cond: (ci.movie_id = t.id)
  ->  Seq Scan on cast_info ci  (cost=0.00..614943.12 rows=36225612 width=4) (actual time=0.023..13128.335 rows=36244344 loops=1)
  ->  Hash  (cost=532260.46..532260.46 rows=1663340 width=8) (actual time=12107.101..12107.101 rows=609207 loops=1)
        Buckets: 131072  Batches: 32  Memory Usage: 1764kB
        ->  Hash Join  (cost=83462.78..532260.46 rows=1663340 width=8) (actual time=1564.300..11726.568 rows=609207 loops=1)
              Hash Cond: (mi.movie_id = t.id)
              ->  Seq Scan on movie_info mi  (cost=0.00..346232.03 rows=7235534 width=4) (actual time=0.014..6441.192 rows=7286865 loops=1)
                    Filter: (info_type_id < 8)
                    Rows Removed by Filter: 7548855
              ->  Hash  (cost=73925.90..73925.90 rows=581270 width=4) (actual time=1563.404..1563.404 rows=602533 loops=1)
                    Buckets: 131072  Batches: 8  Memory Usage: 3675kB
                    ->  Seq Scan on title t  (cost=0.00..73925.90 rows=581270 width=4) (actual time=0.010..1355.564 rows=602533 loops=1)
                          Filter: ((kind_id > 1) AND (production_year > 2007))
                          Rows Removed by Filter: 1925779
Planning time: 1.222 ms
Execution time: 46098.864 ms
