Hash Join  (cost=153164.31..967607.18 rows=201314 width=0) (actual time=14672.547..19130.556 rows=283709 loops=1)
  Hash Cond: (ci.movie_id = t.id)
  ->  Seq Scan on cast_info ci  (cost=0.00..796071.18 rows=1280414 width=4) (actual time=10643.198..14358.270 rows=1280485 loops=1)
        Filter: ((person_id > 919229) AND (role_id = 8))
        Rows Removed by Filter: 34963859
  ->  Hash  (cost=146641.93..146641.93 rows=397550 width=8) (actual time=4028.155..4028.155 rows=403360 loops=1)
        Buckets: 131072  Batches: 8  Memory Usage: 3000kB
        ->  Hash Join  (cost=103076.32..146641.93 rows=397550 width=8) (actual time=2114.297..3906.183 rows=403360 loops=1)
              Hash Cond: (mi_idx.movie_id = t.id)
              ->  Seq Scan on movie_info_idx mi_idx  (cost=0.00..25185.44 rows=464934 width=4) (actual time=0.028..462.489 rows=460185 loops=1)
                    Filter: (info_type_id > 100)
                    Rows Removed by Filter: 919850
              ->  Hash  (cost=67604.59..67604.59 rows=2162059 width=4) (actual time=2113.329..2113.329 rows=2159747 loops=1)
                    Buckets: 131072  Batches: 32  Memory Usage: 3400kB
                    ->  Seq Scan on title t  (cost=0.00..67604.59 rows=2162059 width=4) (actual time=0.027..1431.127 rows=2159747 loops=1)
                          Filter: (production_year > 1964)
                          Rows Removed by Filter: 368565
Planning time: 1.280 ms
Execution time: 19165.424 ms
