Hash Join  (cost=67697.55..130223.08 rows=3579 width=0) (actual time=1115.552..2563.239 rows=6509 loops=1)
  Hash Cond: (mc.movie_id = t.id)
  ->  Seq Scan on movie_companies mc  (cost=0.00..57926.93 rows=1216747 width=4) (actual time=0.024..1228.306 rows=1274246 loops=1)
        Filter: ((company_id < 142616) AND (company_type_id = 1))
        Rows Removed by Filter: 1334883
  ->  Hash  (cost=67604.59..67604.59 rows=7437 width=4) (actual time=1094.578..1094.578 rows=7199 loops=1)
        Buckets: 8192  Batches: 1  Memory Usage: 318kB
        ->  Seq Scan on title t  (cost=0.00..67604.59 rows=7437 width=4) (actual time=0.048..1090.948 rows=7199 loops=1)
              Filter: (production_year = 1954)
              Rows Removed by Filter: 2521113
Planning time: 0.910 ms
Execution time: 2564.369 ms
