Nested Loop  (cost=0.43..83072.90 rows=53 width=0) (actual time=1.263..1282.915 rows=240 loops=1)
  ->  Seq Scan on movie_keyword mk  (cost=0.00..81003.12 rows=246 width=4) (actual time=1.222..1269.162 rows=342 loops=1)
        Filter: (keyword_id = 7679)
        Rows Removed by Filter: 4523588
  ->  Index Scan using title_pkey on title t  (cost=0.43..8.40 rows=1 width=4) (actual time=0.038..0.038 rows=1 loops=342)
        Index Cond: (id = mk.movie_id)
        Filter: ((production_year < 2011) AND (kind_id = 1))
        Rows Removed by Filter: 0
Planning time: 0.664 ms
Execution time: 1283.131 ms
