Seq Scan on movie_keyword mk  (cost=0.00..81003.12 rows=3589461 width=0) (actual time=0.014..1521.140 rows=3582046 loops=1)
  Filter: (keyword_id < 20134)
  Rows Removed by Filter: 941884
Planning time: 0.356 ms
Execution time: 1964.667 ms
