Hash Join  (cost=222284.33..271942.65 rows=697383 width=0) (actual time=4946.146..6666.187 rows=1604831 loops=1)
  Hash Cond: (mi_idx.movie_id = t.id)
  ->  Seq Scan on movie_info_idx mi_idx  (cost=0.00..21735.35 rows=1380035 width=4) (actual time=0.020..450.573 rows=1380035 loops=1)
  ->  Hash  (cost=201320.36..201320.36 rows=1277758 width=8) (actual time=4944.518..4944.518 rows=1232356 loops=1)
        Buckets: 131072  Batches: 32  Memory Usage: 2514kB
        ->  Hash Join  (cost=102767.86..201320.36 rows=1277758 width=8) (actual time=2000.224..4579.824 rows=1232356 loops=1)
              Hash Cond: (mc.movie_id = t.id)
              ->  Seq Scan on movie_companies mc  (cost=0.00..57926.93 rows=1277758 width=4) (actual time=101.952..1265.223 rows=1232356 loops=1)
                    Filter: ((company_id < 156069) AND (company_type_id = 2))
                    Rows Removed by Filter: 1376773
              ->  Hash  (cost=61283.27..61283.27 rows=2528527 width=4) (actual time=1896.879..1896.879 rows=2528312 loops=1)
                    Buckets: 131072  Batches: 64  Memory Usage: 2415kB
                    ->  Seq Scan on title t  (cost=0.00..61283.27 rows=2528527 width=4) (actual time=0.021..1068.764 rows=2528312 loops=1)
Planning time: 1.188 ms
Execution time: 6862.655 ms
