Hash Join  (cost=102767.86..242120.40 rows=2014364 width=0) (actual time=2189.470..5982.796 rows=2019382 loops=1)
  Hash Cond: (mk.movie_id = t.id)
  ->  Seq Scan on movie_keyword mk  (cost=0.00..81003.12 rows=2014364 width=4) (actual time=0.020..1678.971 rows=2019382 loops=1)
        Filter: (keyword_id > 6133)
        Rows Removed by Filter: 2504548
  ->  Hash  (cost=61283.27..61283.27 rows=2528527 width=4) (actual time=2187.605..2187.605 rows=2528312 loops=1)
        Buckets: 131072  Batches: 64  Memory Usage: 2425kB
        ->  Seq Scan on title t  (cost=0.00..61283.27 rows=2528527 width=4) (actual time=0.012..1315.882 rows=2528312 loops=1)
Planning time: 0.906 ms
Execution time: 6210.704 ms
