Hash Join  (cost=354824.17..2110616.28 rows=57058490 width=0) (actual time=8362.706..83959.112 rows=194893403 loops=1)
  Hash Cond: (ci.movie_id = t.id)
  ->  Seq Scan on cast_info ci  (cost=0.00..614943.12 rows=36225612 width=4) (actual time=0.021..14010.198 rows=36244344 loops=1)
  ->  Hash  (cost=289483.05..289483.05 rows=3982650 width=8) (actual time=8361.412..8361.412 rows=3982530 loops=1)
        Buckets: 131072  Batches: 64  Memory Usage: 3479kB
        ->  Hash Join  (cost=102767.86..289483.05 rows=3982650 width=8) (actual time=2070.910..7202.532 rows=3982530 loops=1)
              Hash Cond: (mk.movie_id = t.id)
              ->  Seq Scan on movie_keyword mk  (cost=0.00..81003.12 rows=3982650 width=4) (actual time=0.023..1786.446 rows=3982530 loops=1)
                    Filter: (keyword_id > 382)
                    Rows Removed by Filter: 541400
              ->  Hash  (cost=61283.27..61283.27 rows=2528527 width=4) (actual time=2068.726..2068.726 rows=2528312 loops=1)
                    Buckets: 131072  Batches: 64  Memory Usage: 2425kB
                    ->  Seq Scan on title t  (cost=0.00..61283.27 rows=2528527 width=4) (actual time=0.010..1235.343 rows=2528312 loops=1)
Planning time: 1.194 ms
Execution time: 104370.783 ms
