Hash Join  (cost=283635.21..1191629.65 rows=1703844 width=186) (actual time=14718.971..30251.921 rows=3791245 loops=1)
  Hash Cond: (ci.movie_id = t.id)
  ->  Seq Scan on cast_info ci  (cost=0.00..796071.18 rows=3121817 width=42) (actual time=8086.342..18224.527 rows=3409212 loops=1)
        Filter: ((person_id > 761742) AND (role_id = 3))
        Rows Removed by Filter: 32835132
  ->  Hash  (cost=238082.78..238082.78 rows=1380035 width=144) (actual time=6628.623..6628.623 rows=1380035 loops=1)
        Buckets: 32768  Batches: 64  Memory Usage: 3094kB
        ->  Hash Join  (cost=129928.86..238082.78 rows=1380035 width=144) (actual time=2983.180..5770.069 rows=1380035 loops=1)
              Hash Cond: (mi_idx.movie_id = t.id)
              ->  Seq Scan on movie_info_idx mi_idx  (cost=0.00..21735.35 rows=1380035 width=50) (actual time=0.028..517.542 rows=1380035 loops=1)
              ->  Hash  (cost=61283.27..61283.27 rows=2528527 width=94) (actual time=2981.057..2981.057 rows=2528312 loops=1)
                    Buckets: 32768  Batches: 128  Memory Usage: 2453kB
                    ->  Seq Scan on title t  (cost=0.00..61283.27 rows=2528527 width=94) (actual time=0.011..1478.535 rows=2528312 loops=1)
Planning time: 1.349 ms
Execution time: 30477.662 ms
