Hash Join  (cost=83810.17..900474.91 rows=422584 width=0) (actual time=1903.556..13631.914 rows=274088 loops=1)
  Hash Cond: (ci.movie_id = t.id)
  ->  Seq Scan on cast_info ci  (cost=0.00..796071.18 rows=1081791 width=4) (actual time=83.968..11188.749 rows=637322 loops=1)
        Filter: ((person_id < 300818) AND (role_id > 3))
        Rows Removed by Filter: 35607022
  ->  Hash  (cost=67604.59..67604.59 rows=987727 width=4) (actual time=1818.345..1818.345 rows=985048 loops=1)
        Buckets: 131072  Batches: 16  Memory Usage: 3188kB
        ->  Seq Scan on title t  (cost=0.00..67604.59 rows=987727 width=4) (actual time=0.030..1211.962 rows=985048 loops=1)
              Filter: (kind_id < 7)
              Rows Removed by Filter: 1543264
Planning time: 0.555 ms
Execution time: 13664.869 ms
