Hash Join  (cost=169228.09..1220899.10 rows=1739282 width=0) (actual time=3156.017..32537.133 rows=4935912 loops=1)
  Hash Cond: (ci.movie_id = t.id)
  ->  Seq Scan on cast_info ci  (cost=0.00..614943.12 rows=36225612 width=4) (actual time=0.021..12415.900 rows=36244344 loops=1)
  ->  Hash  (cost=167235.58..167235.58 rows=121401 width=8) (actual time=3155.119..3155.119 rows=168602 loops=1)
        Buckets: 131072 (originally 131072)  Batches: 4 (originally 2)  Memory Usage: 3073kB
        ->  Hash Join  (cost=76192.15..167235.58 rows=121401 width=8) (actual time=1333.357..3097.666 rows=168602 loops=1)
              Hash Cond: (mk.movie_id = t.id)
              ->  Seq Scan on movie_keyword mk  (cost=0.00..81003.12 rows=586478 width=4) (actual time=0.032..1351.822 rows=590840 loops=1)
                    Filter: (keyword_id < 430)
                    Rows Removed by Filter: 3933090
              ->  Hash  (cost=67604.59..67604.59 rows=523405 width=4) (actual time=1331.723..1331.723 rows=523734 loops=1)
                    Buckets: 131072  Batches: 8  Memory Usage: 3326kB
                    ->  Seq Scan on title t  (cost=0.00..67604.59 rows=523405 width=4) (actual time=0.028..1154.814 rows=523734 loops=1)
                          Filter: (production_year < 1981)
                          Rows Removed by Filter: 2004578
Planning time: 3.644 ms
Execution time: 33131.024 ms
