Seq Scan on cast_info ci  (cost=0.00..705507.15 rows=500 width=0) (actual time=8318.613..11017.254 rows=69 loops=1)
  Filter: (person_id = 2637864)
  Rows Removed by Filter: 36244275
Planning time: 1.884 ms
Execution time: 11017.357 ms
