Hash Join  (cost=72956.84..152647.14 rows=336578 width=0) (actual time=1209.542..3199.482 rows=599333 loops=1)
  Hash Cond: (mc.movie_id = t.id)
  ->  Seq Scan on movie_companies mc  (cost=0.00..44881.29 rows=2609129 width=4) (actual time=0.023..769.375 rows=2609129 loops=1)
  ->  Hash  (cost=67604.59..67604.59 rows=326180 width=4) (actual time=1208.488..1208.488 rows=323245 loops=1)
        Buckets: 131072  Batches: 8  Memory Usage: 2437kB
        ->  Seq Scan on title t  (cost=0.00..67604.59 rows=326180 width=4) (actual time=0.035..1099.479 rows=323245 loops=1)
              Filter: (production_year < 1967)
              Rows Removed by Filter: 2205067
Planning time: 0.754 ms
Execution time: 3256.896 ms
