Seq Scan on cast_info ci  (cost=0.00..796071.18 rows=105450 width=0) (actual time=4667.282..12502.225 rows=42793 loops=1)
  Filter: ((person_id < 1060042) AND (role_id > 10))
  Rows Removed by Filter: 36201551
Planning time: 0.353 ms
Execution time: 12507.949 ms
