Hash Join  (cost=215833.08..369129.57 rows=2048544 width=0) (actual time=5346.508..14551.455 rows=23500218 loops=1)
  Hash Cond: (mk.movie_id = t.id)
  ->  Seq Scan on movie_keyword mk  (cost=0.00..81003.12 rows=4048246 width=4) (actual time=0.015..1818.117 rows=4051824 loops=1)
        Filter: (keyword_id < 37716)
        Rows Removed by Filter: 472106
  ->  Hash  (cost=194840.12..194840.12 rows=1279517 width=8) (actual time=5345.353..5345.353 rows=1274246 loops=1)
        Buckets: 131072  Batches: 32  Memory Usage: 2633kB
        ->  Hash Join  (cost=102767.86..194840.12 rows=1279517 width=8) (actual time=2783.331..4974.829 rows=1274246 loops=1)
              Hash Cond: (mc.movie_id = t.id)
              ->  Seq Scan on movie_companies mc  (cost=0.00..51404.11 rows=1279517 width=4) (actual time=293.956..1010.986 rows=1274246 loops=1)
                    Filter: (company_type_id = 1)
                    Rows Removed by Filter: 1334883
              ->  Hash  (cost=61283.27..61283.27 rows=2528527 width=4) (actual time=2487.993..2487.993 rows=2528312 loops=1)
                    Buckets: 131072  Batches: 64  Memory Usage: 2415kB
                    ->  Seq Scan on title t  (cost=0.00..61283.27 rows=2528527 width=4) (actual time=0.022..1332.370 rows=2528312 loops=1)
Planning time: 1.284 ms
Execution time: 17166.295 ms
