Hash Join  (cost=219045.39..367156.23 rows=2142980 width=0) (actual time=4928.668..14267.412 rows=26443187 loops=1)
  Hash Cond: (mk.movie_id = t.id)
  ->  Seq Scan on movie_keyword mk  (cost=0.00..69693.30 rows=4523930 width=4) (actual time=0.024..1410.110 rows=4523930 loops=1)
  ->  Hash  (cost=199394.39..199394.39 rows=1197760 width=8) (actual time=4925.261..4925.261 rows=1274246 loops=1)
        Buckets: 131072 (originally 131072)  Batches: 32 (originally 16)  Memory Usage: 3073kB
        ->  Hash Join  (cost=102767.86..199394.39 rows=1197760 width=8) (actual time=1844.923..4522.347 rows=1274246 loops=1)
              Hash Cond: (mc.movie_id = t.id)
              ->  Seq Scan on movie_companies mc  (cost=0.00..57926.93 rows=1197760 width=4) (actual time=47.126..1213.746 rows=1274246 loops=1)
                    Filter: ((company_id < 125602) AND (company_type_id = 1))
                    Rows Removed by Filter: 1334883
              ->  Hash  (cost=61283.27..61283.27 rows=2528527 width=4) (actual time=1796.495..1796.495 rows=2528312 loops=1)
                    Buckets: 131072  Batches: 64  Memory Usage: 2415kB
                    ->  Seq Scan on title t  (cost=0.00..61283.27 rows=2528527 width=4) (actual time=0.021..929.852 rows=2528312 loops=1)
Planning time: 1.108 ms
Execution time: 17198.230 ms
