Hash Join  (cost=799705.40..1151750.68 rows=51 width=0) (actual time=16158.585..20575.200 rows=10 loops=1)
  Hash Cond: (mi.movie_id = t.id)
  ->  Seq Scan on movie_info mi  (cost=0.00..346232.03 rows=1550064 width=4) (actual time=1040.149..5375.799 rows=1533909 loops=1)
        Filter: (info_type_id = 3)
        Rows Removed by Filter: 13301811
  ->  Hash  (cost=799704.37..799704.37 rows=83 width=8) (actual time=14995.789..14995.789 rows=25 loops=1)
        Buckets: 1024  Batches: 1  Memory Usage: 9kB
        ->  Nested Loop  (cost=0.43..799704.37 rows=83 width=8) (actual time=2173.800..14995.714 rows=25 loops=1)
              ->  Seq Scan on cast_info ci  (cost=0.00..796071.18 rows=435 width=4) (actual time=2173.638..14988.619 rows=274 loops=1)
                    Filter: ((role_id < 10) AND (person_id = 367190))
                    Rows Removed by Filter: 36244070
              ->  Index Scan using title_pkey on title t  (cost=0.43..8.34 rows=1 width=4) (actual time=0.025..0.025 rows=0 loops=274)
                    Index Cond: (id = ci.movie_id)
                    Filter: ((kind_id > 4) AND (production_year > 2007))
                    Rows Removed by Filter: 1
Planning time: 1.292 ms
Execution time: 20578.535 ms
