Hash Join  (cost=129165.22..924336.33 rows=154063 width=0) (actual time=2189.074..22001.332 rows=951239 loops=1)
  Hash Cond: (ci.movie_id = t.id)
  ->  Seq Scan on cast_info ci  (cost=0.00..705507.15 rows=23499554 width=4) (actual time=0.014..14519.550 rows=23573656 loops=1)
        Filter: (role_id > 1)
        Rows Removed by Filter: 12670688
  ->  Hash  (cost=128958.01..128958.01 rows=16577 width=8) (actual time=2188.433..2188.433 rows=24216 loops=1)
        Buckets: 32768  Batches: 1  Memory Usage: 1202kB
        ->  Hash Join  (cost=74126.72..128958.01 rows=16577 width=8) (actual time=929.721..2179.646 rows=24216 loops=1)
              Hash Cond: (mc.movie_id = t.id)
              ->  Seq Scan on movie_companies mc  (cost=0.00..44881.29 rows=2609129 width=4) (actual time=0.012..679.158 rows=2609129 loops=1)
              ->  Hash  (cost=73925.90..73925.90 rows=16065 width=4) (actual time=929.610..929.610 rows=9704 loops=1)
                    Buckets: 16384  Batches: 1  Memory Usage: 470kB
                    ->  Seq Scan on title t  (cost=0.00..73925.90 rows=16065 width=4) (actual time=0.033..925.415 rows=9704 loops=1)
                          Filter: ((kind_id < 2) AND (production_year = 2002))
                          Rows Removed by Filter: 2518608
Planning time: 2.551 ms
Execution time: 22143.523 ms
