Hash Join  (cost=102767.86..983375.25 rows=3102659 width=0) (actual time=9074.753..19871.562 rows=4709497 loops=1)
  Hash Cond: (ci.movie_id = t.id)
  ->  Seq Scan on cast_info ci  (cost=0.00..796071.18 rows=3102659 width=4) (actual time=7059.198..13536.296 rows=4709497 loops=1)
        Filter: ((person_id > 2085255) AND (role_id = 2))
        Rows Removed by Filter: 31534847
  ->  Hash  (cost=61283.27..61283.27 rows=2528527 width=4) (actual time=2009.444..2009.444 rows=2528312 loops=1)
        Buckets: 131072  Batches: 64  Memory Usage: 2415kB
        ->  Seq Scan on title t  (cost=0.00..61283.27 rows=2528527 width=4) (actual time=0.026..1158.089 rows=2528312 loops=1)
Planning time: 0.785 ms
Execution time: 20437.273 ms
