Hash Join  (cost=73950.44..100871.63 rows=1071 width=0) (actual time=920.295..1447.351 rows=5464 loops=1)
  Hash Cond: (mi_idx.movie_id = t.id)
  ->  Seq Scan on movie_info_idx mi_idx  (cost=0.00..21735.35 rows=1380035 width=4) (actual time=0.019..272.720 rows=1380035 loops=1)
  ->  Hash  (cost=73925.90..73925.90 rows=1963 width=4) (actual time=920.174..920.174 rows=4367 loops=1)
        Buckets: 8192 (originally 2048)  Batches: 1 (originally 1)  Memory Usage: 218kB
        ->  Seq Scan on title t  (cost=0.00..73925.90 rows=1963 width=4) (actual time=175.856..918.112 rows=4367 loops=1)
              Filter: ((kind_id = 1) AND (production_year = 1976))
              Rows Removed by Filter: 2523945
Planning time: 0.615 ms
Execution time: 1448.290 ms
