Nested Loop  (cost=0.43..709671.90 rows=500 width=0) (actual time=7002.088..10472.494 rows=263 loops=1)
  ->  Seq Scan on cast_info ci  (cost=0.00..705507.15 rows=500 width=4) (actual time=7001.966..10466.890 rows=263 loops=1)
        Filter: (person_id = 2498641)
        Rows Removed by Filter: 36244081
  ->  Index Only Scan using title_pkey on title t  (cost=0.43..8.32 rows=1 width=4) (actual time=0.020..0.020 rows=1 loops=263)
        Index Cond: (id = ci.movie_id)
        Heap Fetches: 263
Planning time: 1.135 ms
Execution time: 10472.624 ms
