Nested Loop  (cost=0.43..126861.97 rows=1816 width=0) (actual time=12.311..1384.554 rows=533 loops=1)
  ->  Seq Scan on movie_keyword mk  (cost=0.00..81003.12 rows=6484 width=4) (actual time=0.020..1229.436 rows=6780 loops=1)
        Filter: (keyword_id = 1135)
        Rows Removed by Filter: 4517150
  ->  Index Scan using title_pkey on title t  (cost=0.43..7.06 rows=1 width=4) (actual time=0.022..0.022 rows=0 loops=6780)
        Index Cond: (id = mk.movie_id)
        Filter: ((kind_id > 2) AND (production_year > 2005))
        Rows Removed by Filter: 1
Planning time: 0.831 ms
Execution time: 1384.875 ms
