Seq Scan on movie_keyword mk  (cost=0.00..81003.12 rows=246 width=0) (actual time=1.217..1139.120 rows=3894 loops=1)
  Filter: (keyword_id = 1725)
  Rows Removed by Filter: 4520036
Planning time: 0.383 ms
Execution time: 1140.231 ms
