Seq Scan on movie_keyword mk  (cost=0.00..81003.12 rows=974213 width=0) (actual time=0.016..1323.846 rows=975999 loops=1)
  Filter: (keyword_id < 917)
  Rows Removed by Filter: 3547931
Planning time: 0.348 ms
Execution time: 1448.841 ms
