Seq Scan on movie_keyword mk  (cost=0.00..81003.12 rows=2005827 width=0) (actual time=0.020..1392.458 rows=2011968 loops=1)
  Filter: (keyword_id < 3582)
  Rows Removed by Filter: 2511962
Planning time: 0.336 ms
Execution time: 1643.212 ms
