Hash Join  (cost=67697.55..876744.40 rows=10098 width=0) (actual time=6638.030..14020.116 rows=5932 loops=1)
  Hash Cond: (ci.movie_id = t.id)
  ->  Seq Scan on cast_info ci  (cost=0.00..796071.18 rows=3433252 width=4) (actual time=5775.948..12344.465 rows=5367603 loops=1)
        Filter: ((person_id > 3122130) AND (role_id > 1))
        Rows Removed by Filter: 30876741
  ->  Hash  (cost=67604.59..67604.59 rows=7437 width=4) (actual time=861.201..861.201 rows=2483 loops=1)
        Buckets: 8192  Batches: 1  Memory Usage: 152kB
        ->  Seq Scan on title t  (cost=0.00..67604.59 rows=7437 width=4) (actual time=0.028..859.982 rows=2483 loops=1)
              Filter: (production_year = 1939)
              Rows Removed by Filter: 2525829
Planning time: 0.752 ms
Execution time: 14021.650 ms
