Hash Join  (cost=129404.03..513169.22 rows=90682 width=0) (actual time=2769.383..11372.174 rows=1769975 loops=1)
  Hash Cond: (mi.movie_id = t.id)
  ->  Seq Scan on movie_info mi  (cost=0.00..346232.03 rows=9767026 width=4) (actual time=314.889..6321.867 rows=9911754 loops=1)
        Filter: (info_type_id > 4)
        Rows Removed by Filter: 4923966
  ->  Hash  (cost=129110.58..129110.58 rows=23476 width=8) (actual time=2454.222..2454.222 rows=41463 loops=1)
        Buckets: 65536 (originally 32768)  Batches: 1 (originally 1)  Memory Usage: 2132kB
        ->  Hash Join  (cost=74210.29..129110.58 rows=23476 width=8) (actual time=1178.443..2437.623 rows=41463 loops=1)
              Hash Cond: (mc.movie_id = t.id)
              ->  Seq Scan on movie_companies mc  (cost=0.00..44881.29 rows=2609129 width=4) (actual time=0.034..634.047 rows=2609129 loops=1)
              ->  Hash  (cost=73925.90..73925.90 rows=22751 width=4) (actual time=1176.806..1176.806 rows=18892 loops=1)
                    Buckets: 32768  Batches: 1  Memory Usage: 921kB
                    ->  Seq Scan on title t  (cost=0.00..73925.90 rows=22751 width=4) (actual time=0.155..1167.908 rows=18892 loops=1)
                          Filter: ((kind_id < 7) AND (production_year = 2001))
                          Rows Removed by Filter: 2509420
Planning time: 2.902 ms
Execution time: 11597.267 ms
