Seq Scan on movie_keyword mk  (cost=0.00..81003.12 rows=2124957 width=0) (actual time=0.023..1368.119 rows=2123744 loops=1)
  Filter: (keyword_id > 5589)
  Rows Removed by Filter: 2400186
Planning time: 0.333 ms
Execution time: 1631.687 ms
