Hash Join  (cost=100889.27..187681.05 rows=497 width=0) (actual time=2626.647..3324.155 rows=807 loops=1)
  Hash Cond: (mk.movie_id = t.id)
  ->  Seq Scan on movie_keyword mk  (cost=0.00..81003.12 rows=1542316 width=4) (actual time=0.020..1366.934 rows=1556524 loops=1)
        Filter: (keyword_id > 10111)
        Rows Removed by Filter: 2967406
  ->  Hash  (cost=100879.10..100879.10 rows=814 width=8) (actual time=1716.025..1716.025 rows=1377 loops=1)
        Buckets: 2048 (originally 1024)  Batches: 1 (originally 1)  Memory Usage: 70kB
        ->  Hash Join  (cost=73982.55..100879.10 rows=814 width=8) (actual time=1207.130..1715.379 rows=1377 loops=1)
              Hash Cond: (mi_idx.movie_id = t.id)
              ->  Seq Scan on movie_info_idx mi_idx  (cost=0.00..25185.44 rows=454124 width=4) (actual time=0.016..450.977 rows=459925 loops=1)
                    Filter: (info_type_id = 100)
                    Rows Removed by Filter: 920110
              ->  Hash  (cost=73925.90..73925.90 rows=4532 width=4) (actual time=1160.967..1160.967 rows=11588 loops=1)
                    Buckets: 16384 (originally 8192)  Batches: 1 (originally 1)  Memory Usage: 536kB
                    ->  Seq Scan on title t  (cost=0.00..73925.90 rows=4532 width=4) (actual time=98.619..1155.191 rows=11588 loops=1)
                          Filter: ((kind_id = 7) AND (production_year = 1986))
                          Rows Removed by Filter: 2516724
Planning time: 1.205 ms
Execution time: 3324.411 ms
