Hash Join  (cost=112673.29..189371.99 rows=119618 width=0) (actual time=2245.741..4188.767 rows=425592 loops=1)
  Hash Cond: (mc.movie_id = t.id)
  ->  Seq Scan on movie_companies mc  (cost=0.00..44881.29 rows=2609129 width=4) (actual time=0.016..875.737 rows=2609129 loops=1)
  ->  Hash  (cost=110771.25..110771.25 rows=115923 width=8) (actual time=2244.979..2244.979 rows=114067 loops=1)
        Buckets: 131072  Batches: 2  Memory Usage: 3243kB
        ->  Hash Join  (cost=71089.54..110771.25 rows=115923 width=8) (actual time=1003.954..2215.087 rows=114067 loops=1)
              Hash Cond: (mi_idx.movie_id = t.id)
              ->  Seq Scan on movie_info_idx mi_idx  (cost=0.00..21735.35 rows=1380035 width=4) (actual time=0.014..463.573 rows=1380035 loops=1)
              ->  Hash  (cost=67604.59..67604.59 rows=212396 width=4) (actual time=1001.479..1001.479 rows=211624 loops=1)
                    Buckets: 131072  Batches: 4  Memory Usage: 2883kB
                    ->  Seq Scan on title t  (cost=0.00..67604.59 rows=212396 width=4) (actual time=0.026..934.679 rows=211624 loops=1)
                          Filter: (production_year < 1957)
                          Rows Removed by Filter: 2316688
Planning time: 1.122 ms
Execution time: 4242.650 ms
