Hash Join  (cost=82995.40..116728.55 rows=101559 width=0) (actual time=1695.452..2335.964 rows=156321 loops=1)
  Hash Cond: (mi_idx.movie_id = t.id)
  ->  Seq Scan on movie_info_idx mi_idx  (cost=0.00..25185.44 rows=464566 width=4) (actual time=0.022..436.095 rows=459925 loops=1)
        Filter: (info_type_id = 101)
        Rows Removed by Filter: 920110
  ->  Hash  (cost=73925.90..73925.90 rows=552760 width=4) (actual time=1544.538..1544.538 rows=429855 loops=1)
        Buckets: 131072  Batches: 8  Memory Usage: 2925kB
        ->  Seq Scan on title t  (cost=0.00..73925.90 rows=552760 width=4) (actual time=0.023..1424.482 rows=429855 loops=1)
              Filter: ((production_year > 1969) AND (kind_id = 1))
              Rows Removed by Filter: 2098457
Planning time: 0.789 ms
Execution time: 2354.883 ms
