Hash Join  (cost=102767.86..925001.85 rows=4440421 width=0) (actual time=4627.856..18010.006 rows=4314885 loops=1)
  Hash Cond: (ci.movie_id = t.id)
  ->  Seq Scan on cast_info ci  (cost=0.00..705507.15 rows=4440421 width=4) (actual time=2666.938..11387.400 rows=4314885 loops=1)
        Filter: (person_id < 415811)
        Rows Removed by Filter: 31929459
  ->  Hash  (cost=61283.27..61283.27 rows=2528527 width=4) (actual time=1923.188..1923.188 rows=2528312 loops=1)
        Buckets: 131072  Batches: 64  Memory Usage: 2415kB
        ->  Seq Scan on title t  (cost=0.00..61283.27 rows=2528527 width=4) (actual time=0.028..1074.678 rows=2528312 loops=1)
Planning time: 0.744 ms
Execution time: 18510.862 ms
