Hash Join  (cost=114149.46..481274.38 rows=246897 width=0) (actual time=2463.036..10011.519 rows=187764 loops=1)
  Hash Cond: (mi.movie_id = t.id)
  ->  Seq Scan on movie_info mi  (cost=0.00..309384.22 rows=14739122 width=4) (actual time=0.024..4459.956 rows=14835720 loops=1)
  ->  Hash  (cost=113620.01..113620.01 rows=42356 width=8) (actual time=2065.903..2065.903 rows=20619 loops=1)
        Buckets: 65536  Batches: 1  Memory Usage: 1318kB
        ->  Hash Join  (cost=75199.97..113620.01 rows=42356 width=8) (actual time=1186.374..2059.177 rows=20619 loops=1)
              Hash Cond: (mi_idx.movie_id = t.id)
              ->  Seq Scan on movie_info_idx mi_idx  (cost=0.00..21735.35 rows=1380035 width=4) (actual time=0.025..423.040 rows=1380035 loops=1)
              ->  Hash  (cost=73925.90..73925.90 rows=77605 width=4) (actual time=1185.469..1185.469 rows=84684 loops=1)
                    Buckets: 131072  Batches: 2  Memory Usage: 2512kB
                    ->  Seq Scan on title t  (cost=0.00..73925.90 rows=77605 width=4) (actual time=0.025..1150.414 rows=84684 loops=1)
                          Filter: ((kind_id = 7) AND (production_year = 2009))
                          Rows Removed by Filter: 2443628
Planning time: 1.170 ms
Execution time: 10036.630 ms
