Hash Join  (cost=74341.98..157692.17 rows=7960 width=0) (actual time=1164.401..2693.773 rows=20074 loops=1)
  Hash Cond: (mk.movie_id = t.id)
  ->  Seq Scan on movie_keyword mk  (cost=0.00..81003.12 rows=604658 width=4) (actual time=0.019..1381.107 rows=606746 loops=1)
        Filter: (keyword_id < 460)
        Rows Removed by Filter: 3917184
  ->  Hash  (cost=73925.90..73925.90 rows=33286 width=4) (actual time=1164.018..1164.018 rows=28113 loops=1)
        Buckets: 65536  Batches: 1  Memory Usage: 1501kB
        ->  Seq Scan on title t  (cost=0.00..73925.90 rows=33286 width=4) (actual time=0.022..1152.318 rows=28113 loops=1)
              Filter: ((kind_id < 7) AND (production_year = 2004))
              Rows Removed by Filter: 2500199
Planning time: 5.370 ms
Execution time: 2697.197 ms
