Hash Join  (cost=84618.08..118868.30 rows=118811 width=0) (actual time=1434.882..2261.660 rows=88992 loops=1)
  Hash Cond: (mi_idx.movie_id = t.id)
  ->  Seq Scan on movie_info_idx mi_idx  (cost=0.00..25185.44 rows=460978 width=4) (actual time=0.017..486.377 rows=459925 loops=1)
        Filter: (info_type_id = 99)
        Rows Removed by Filter: 920110
  ->  Hash  (cost=73925.90..73925.90 rows=651694 width=4) (actual time=1433.737..1433.737 rows=532575 loops=1)
        Buckets: 131072  Batches: 16  Memory Usage: 2197kB
        ->  Seq Scan on title t  (cost=0.00..73925.90 rows=651694 width=4) (actual time=0.012..1258.265 rows=532575 loops=1)
              Filter: ((kind_id > 1) AND (production_year < 1997))
              Rows Removed by Filter: 1995737
Planning time: 0.556 ms
Execution time: 2272.702 ms
