Hash Join  (cost=85435.26..608871.69 rows=4088951 width=0) (actual time=1430.982..16860.117 rows=8576516 loops=1)
  Hash Cond: (mi.movie_id = t.id)
  ->  Seq Scan on movie_info mi  (cost=0.00..309384.22 rows=14739122 width=4) (actual time=0.028..6019.432 rows=14835720 loops=1)
  ->  Hash  (cost=73925.90..73925.90 rows=701468 width=4) (actual time=1430.232..1430.232 rows=749931 loops=1)
        Buckets: 131072  Batches: 16  Memory Usage: 2682kB
        ->  Seq Scan on title t  (cost=0.00..73925.90 rows=701468 width=4) (actual time=0.021..1192.639 rows=749931 loops=1)
              Filter: ((kind_id < 7) AND (production_year < 2009))
              Rows Removed by Filter: 1778381
Planning time: 0.747 ms
Execution time: 17694.635 ms
