Hash Join  (cost=88767.14..624836.19 rows=5272912 width=0) (actual time=1615.603..14773.871 rows=2164808 loops=1)
  Hash Cond: (mi.movie_id = t.id)
  ->  Seq Scan on movie_info mi  (cost=0.00..309384.22 rows=14739122 width=4) (actual time=0.015..5887.159 rows=14835720 loops=1)
  ->  Hash  (cost=73925.90..73925.90 rows=904579 width=4) (actual time=1576.054..1576.054 rows=992072 loops=1)
        Buckets: 131072  Batches: 16  Memory Usage: 3217kB
        ->  Seq Scan on title t  (cost=0.00..73925.90 rows=904579 width=4) (actual time=289.812..1255.215 rows=992072 loops=1)
              Filter: ((production_year > 1998) AND (kind_id = 7))
              Rows Removed by Filter: 1536240
Planning time: 0.794 ms
Execution time: 14981.309 ms
