Hash Join  (cost=92883.59..158768.53 rows=62455 width=0) (actual time=2568.455..3286.544 rows=28101 loops=1)
  Hash Cond: (mc.movie_id = t.id)
  ->  Seq Scan on movie_companies mc  (cost=0.00..57926.93 rows=102492 width=4) (actual time=0.030..813.850 rows=40367 loops=1)
        Filter: ((company_id < 60) AND (company_type_id = 2))
        Rows Removed by Filter: 2568762
  ->  Hash  (cost=67604.59..67604.59 rows=1540800 width=4) (actual time=2165.076..2165.076 rows=1543264 loops=1)
        Buckets: 131072  Batches: 32  Memory Usage: 2722kB
        ->  Seq Scan on title t  (cost=0.00..67604.59 rows=1540800 width=4) (actual time=0.014..1248.582 rows=1543264 loops=1)
              Filter: (kind_id = 7)
              Rows Removed by Filter: 985048
Planning time: 6.224 ms
Execution time: 3289.774 ms
