Hash Join  (cost=100944.53..465659.09 rows=5863 width=0) (actual time=1655.911..8250.566 rows=3434 loops=1)
  Hash Cond: (mi.movie_id = t.id)
  ->  Seq Scan on movie_info mi  (cost=0.00..309384.22 rows=14739122 width=4) (actual time=0.019..3970.971 rows=14835720 loops=1)
  ->  Hash  (cost=100931.95..100931.95 rows=1006 width=8) (actual time=1634.721..1634.721 rows=341 loops=1)
        Buckets: 1024  Batches: 1  Memory Usage: 22kB
        ->  Hash Join  (cost=73994.33..100931.95 rows=1006 width=8) (actual time=1183.537..1634.459 rows=341 loops=1)
              Hash Cond: (mi_idx.movie_id = t.id)
              ->  Seq Scan on movie_info_idx mi_idx  (cost=0.00..25185.44 rows=464566 width=4) (actual time=0.031..387.640 rows=459925 loops=1)
                    Filter: (info_type_id = 101)
                    Rows Removed by Filter: 920110
              ->  Hash  (cost=73925.90..73925.90 rows=5474 width=4) (actual time=1168.322..1168.322 rows=4098 loops=1)
                    Buckets: 8192  Batches: 1  Memory Usage: 209kB
                    ->  Seq Scan on title t  (cost=0.00..73925.90 rows=5474 width=4) (actual time=20.549..1165.937 rows=4098 loops=1)
                          Filter: ((kind_id > 1) AND (production_year = 1953))
                          Rows Removed by Filter: 2524214
Planning time: 1.203 ms
Execution time: 8251.505 ms
