Seq Scan on movie_companies mc  (cost=0.00..51404.11 rows=1350682 width=0) (actual time=0.019..1034.751 rows=1357836 loops=1)
  Filter: (company_id > 11151)
  Rows Removed by Filter: 1251293
Planning time: 0.365 ms
Execution time: 1204.243 ms
