Hash Join  (cost=156632.57..297803.83 rows=800093 width=0) (actual time=3383.894..7950.992 rows=3330457 loops=1)
  Hash Cond: (mk.movie_id = t.id)
  ->  Seq Scan on movie_keyword mk  (cost=0.00..81003.12 rows=4354722 width=4) (actual time=0.015..1927.299 rows=4360079 loops=1)
        Filter: (keyword_id < 72541)
        Rows Removed by Filter: 163851
  ->  Hash  (cost=149010.49..149010.49 rows=464566 width=8) (actual time=3382.992..3382.992 rows=459925 loops=1)
        Buckets: 131072  Batches: 8  Memory Usage: 3284kB
        ->  Hash Join  (cost=102767.86..149010.49 rows=464566 width=8) (actual time=1930.288..3238.722 rows=459925 loops=1)
              Hash Cond: (mi_idx.movie_id = t.id)
              ->  Seq Scan on movie_info_idx mi_idx  (cost=0.00..25185.44 rows=464566 width=4) (actual time=0.021..471.803 rows=459925 loops=1)
                    Filter: (info_type_id = 101)
                    Rows Removed by Filter: 920110
              ->  Hash  (cost=61283.27..61283.27 rows=2528527 width=4) (actual time=1929.059..1929.059 rows=2528312 loops=1)
                    Buckets: 131072  Batches: 64  Memory Usage: 2415kB
                    ->  Seq Scan on title t  (cost=0.00..61283.27 rows=2528527 width=4) (actual time=0.022..1080.668 rows=2528312 loops=1)
Planning time: 0.970 ms
Execution time: 8354.811 ms
