Hash Join  (cost=1017222.39..1208978.39 rows=4797014 width=0) (actual time=20621.163..26290.330 rows=8716019 loops=1)
  Hash Cond: (mk.movie_id = t.id)
  ->  Seq Scan on movie_keyword mk  (cost=0.00..69693.30 rows=4523930 width=4) (actual time=0.022..1515.601 rows=4523930 loops=1)
  ->  Hash  (cost=973233.89..973233.89 rows=2681160 width=8) (actual time=20620.083..20620.083 rows=2691455 loops=1)
        Buckets: 131072  Batches: 64  Memory Usage: 2670kB
        ->  Hash Join  (cost=102767.86..973233.89 rows=2681160 width=8) (actual time=5831.728..19844.658 rows=2691455 loops=1)
              Hash Cond: (ci.movie_id = t.id)
              ->  Seq Scan on cast_info ci  (cost=0.00..796071.18 rows=2681160 width=4) (actual time=3767.132..15153.831 rows=2691455 loops=1)
                    Filter: ((person_id > 64771) AND (role_id = 4))
                    Rows Removed by Filter: 33552889
              ->  Hash  (cost=61283.27..61283.27 rows=2528527 width=4) (actual time=2062.899..2062.899 rows=2528312 loops=1)
                    Buckets: 131072  Batches: 64  Memory Usage: 2415kB
                    ->  Seq Scan on title t  (cost=0.00..61283.27 rows=2528527 width=4) (actual time=0.019..1207.968 rows=2528312 loops=1)
Planning time: 1.189 ms
Execution time: 27165.071 ms
