Hash Join  (cost=239365.95..1116785.74 rows=2826405 width=0) (actual time=14595.621..26045.433 rows=6515953 loops=1)
  Hash Cond: (ci.movie_id = t.id)
  ->  Seq Scan on cast_info ci  (cost=0.00..796071.18 rows=3524911 width=4) (actual time=9127.232..16295.592 rows=3693834 loops=1)
        Filter: ((person_id > 399434) AND (role_id = 3))
        Rows Removed by Filter: 32550510
  ->  Hash  (cost=206102.62..206102.62 rows=2027467 width=8) (actual time=5467.340..5467.340 rows=1763897 loops=1)
        Buckets: 131072  Batches: 32  Memory Usage: 3144kB
        ->  Hash Join  (cost=99841.01..206102.62 rows=2027467 width=8) (actual time=2089.020..5001.438 rows=1763897 loops=1)
              Hash Cond: (mc.movie_id = t.id)
              ->  Seq Scan on movie_companies mc  (cost=0.00..44881.29 rows=2609129 width=4) (actual time=0.028..853.084 rows=2609129 loops=1)
              ->  Hash  (cost=67604.59..67604.59 rows=1964834 width=4) (actual time=2087.799..2087.799 rows=1962189 loops=1)
                    Buckets: 131072  Batches: 32  Memory Usage: 3187kB
                    ->  Seq Scan on title t  (cost=0.00..67604.59 rows=1964834 width=4) (actual time=0.022..1444.286 rows=1962189 loops=1)
                          Filter: (production_year > 1978)
                          Rows Removed by Filter: 566123
Planning time: 1.265 ms
Execution time: 26803.415 ms
