Hash Join  (cost=184723.45..224455.35 rows=118842 width=0) (actual time=4153.873..5608.898 rows=1086976 loops=1)
  Hash Cond: (mi_idx.movie_id = t.id)
  ->  Seq Scan on movie_info_idx mi_idx  (cost=0.00..21735.35 rows=1380035 width=4) (actual time=0.013..434.859 rows=1380035 loops=1)
  ->  Hash  (cost=181150.65..181150.65 rows=217744 width=8) (actual time=4153.173..4153.173 rows=435371 loops=1)
        Buckets: 131072 (originally 131072)  Batches: 8 (originally 4)  Memory Usage: 3201kB
        ->  Hash Join  (cost=86786.13..181150.65 rows=217744 width=8) (actual time=1529.499..4037.042 rows=435371 loops=1)
              Hash Cond: (mk.movie_id = t.id)
              ->  Seq Scan on movie_keyword mk  (cost=0.00..81003.12 rows=702388 width=4) (actual time=0.018..1514.291 rows=704957 loops=1)
                    Filter: (keyword_id < 588)
                    Rows Removed by Filter: 3818973
              ->  Hash  (cost=73925.90..73925.90 rows=783858 width=4) (actual time=1528.863..1528.863 rows=687864 loops=1)
                    Buckets: 131072  Batches: 16  Memory Usage: 2542kB
                    ->  Seq Scan on title t  (cost=0.00..73925.90 rows=783858 width=4) (actual time=0.016..1304.935 rows=687864 loops=1)
                          Filter: ((kind_id < 4) AND (production_year > 1948))
                          Rows Removed by Filter: 1840448
Planning time: 0.783 ms
Execution time: 5748.380 ms
