Seq Scan on cast_info ci  (cost=0.00..705507.15 rows=6460482 width=0) (actual time=190.933..11167.086 rows=6363863 loops=1)
  Filter: (person_id < 614469)
  Rows Removed by Filter: 29880481
Planning time: 0.244 ms
Execution time: 11913.246 ms
