Seq Scan on movie_companies mc  (cost=0.00..57926.93 rows=1173841 width=0) (actual time=342.289..1206.096 rows=1028564 loops=1)
  Filter: ((company_id < 93184) AND (company_type_id > 1))
  Rows Removed by Filter: 1580565
Planning time: 0.258 ms
Execution time: 1333.121 ms
