Nested Loop  (cost=0.43..797488.04 rows=168 width=0) (actual time=8734.046..13403.023 rows=59 loops=1)
  ->  Seq Scan on cast_info ci  (cost=0.00..796071.18 rows=168 width=4) (actual time=8722.250..13390.264 rows=59 loops=1)
        Filter: ((role_id > 3) AND (person_id = 1662223))
        Rows Removed by Filter: 36244285
  ->  Index Only Scan using title_pkey on title t  (cost=0.43..8.42 rows=1 width=4) (actual time=0.214..0.214 rows=1 loops=59)
        Index Cond: (id = ci.movie_id)
        Heap Fetches: 59
Planning time: 0.984 ms
Execution time: 13403.145 ms
