Hash Join  (cost=685730.37..2089333.46 rows=29222881 width=0) (actual time=24317.503..81894.279 rows=131998140 loops=1)
  Hash Cond: (ci.movie_id = t.id)
  ->  Seq Scan on cast_info ci  (cost=0.00..796071.18 rows=16732705 width=4) (actual time=3992.116..18024.626 rows=15880186 loops=1)
        Filter: ((person_id > 567625) AND (role_id < 3))
        Rows Removed by Filter: 20364158
  ->  Hash  (cost=613280.95..613280.95 rows=4415954 width=8) (actual time=20321.250..20321.250 rows=9155603 loops=1)
        Buckets: 131072 (originally 131072)  Batches: 256 (originally 64)  Memory Usage: 3813kB
        ->  Hash Join  (cost=86355.48..613280.95 rows=4415954 width=8) (actual time=1646.194..17744.785 rows=9155603 loops=1)
              Hash Cond: (mi.movie_id = t.id)
              ->  Seq Scan on movie_info mi  (cost=0.00..309384.22 rows=14739122 width=4) (actual time=0.029..6194.302 rows=14835720 loops=1)
              ->  Hash  (cost=73925.90..73925.90 rows=757566 width=4) (actual time=1645.178..1645.178 rows=773297 loops=1)
                    Buckets: 131072  Batches: 16  Memory Usage: 2732kB
                    ->  Seq Scan on title t  (cost=0.00..73925.90 rows=757566 width=4) (actual time=0.026..1398.817 rows=773297 loops=1)
                          Filter: ((kind_id < 4) AND (production_year < 2012))
                          Rows Removed by Filter: 1755015
Planning time: 1.552 ms
Execution time: 96421.538 ms
