Hash Join  (cost=79405.47..980362.29 rows=1061901 width=0) (actual time=1471.435..21488.891 rows=1542638 loops=1)
  Hash Cond: (ci.movie_id = t.id)
  ->  Seq Scan on cast_info ci  (cost=0.00..796071.18 rows=8039902 width=4) (actual time=0.019..15389.850 rows=9645440 loops=1)
        Filter: ((person_id > 1209651) AND (role_id > 3))
        Rows Removed by Filter: 26598904
  ->  Hash  (cost=73925.90..73925.90 rows=333965 width=4) (actual time=1470.589..1470.589 rows=411522 loops=1)
        Buckets: 131072  Batches: 8  Memory Usage: 2841kB
        ->  Seq Scan on title t  (cost=0.00..73925.90 rows=333965 width=4) (actual time=50.571..1335.490 rows=411522 loops=1)
              Filter: ((production_year < 2004) AND (kind_id = 1))
              Rows Removed by Filter: 2116790
Planning time: 0.555 ms
Execution time: 21665.874 ms
