Hash Join  (cost=83074.74..140532.93 rows=157 width=0) (actual time=1417.081..2597.900 rows=8165 loops=1)
  Hash Cond: (mc.movie_id = t.id)
  ->  Seq Scan on movie_companies mc  (cost=0.00..51404.11 rows=1614002 width=4) (actual time=0.027..924.405 rows=1610688 loops=1)
        Filter: (company_id > 4625)
        Rows Removed by Filter: 998441
  ->  Hash  (cost=83071.67..83071.67 rows=246 width=8) (actual time=1416.797..1416.797 rows=2183 loops=1)
        Buckets: 4096 (originally 1024)  Batches: 1 (originally 1)  Memory Usage: 118kB
        ->  Nested Loop  (cost=0.43..83071.67 rows=246 width=8) (actual time=0.172..1415.280 rows=2183 loops=1)
              ->  Seq Scan on movie_keyword mk  (cost=0.00..81003.12 rows=246 width=4) (actual time=0.125..1303.337 rows=2183 loops=1)
                    Filter: (keyword_id = 957)
                    Rows Removed by Filter: 4521747
              ->  Index Only Scan using title_pkey on title t  (cost=0.43..8.40 rows=1 width=4) (actual time=0.050..0.050 rows=1 loops=2183)
                    Index Cond: (id = mk.movie_id)
                    Heap Fetches: 2183
Planning time: 1.133 ms
Execution time: 2599.306 ms
