Seq Scan on cast_info ci  (cost=0.00..705507.15 rows=16189555 width=0) (actual time=0.022..12782.404 rows=16071623 loops=1)
  Filter: (person_id < 1591179)
  Rows Removed by Filter: 20172721
Planning time: 0.402 ms
Execution time: 14777.128 ms
