Hash Join  (cost=156888.34..680948.44 rows=4147415 width=0) (actual time=3368.883..16426.383 rows=3242037 loops=1)
  Hash Cond: (mi.movie_id = t.id)
  ->  Seq Scan on movie_info mi  (cost=0.00..309384.22 rows=14739122 width=4) (actual time=0.013..6020.091 rows=14835720 loops=1)
  ->  Hash  (cost=145214.62..145214.62 rows=711498 width=8) (actual time=3330.471..3330.471 rows=391776 loops=1)
        Buckets: 131072  Batches: 16  Memory Usage: 1988kB
        ->  Hash Join  (cost=95314.15..145214.62 rows=711498 width=8) (actual time=1888.022..3215.550 rows=391776 loops=1)
              Hash Cond: (mi_idx.movie_id = t.id)
              ->  Seq Scan on movie_info_idx mi_idx  (cost=0.00..21735.35 rows=1380035 width=4) (actual time=0.014..452.735 rows=1380035 loops=1)
              ->  Hash  (cost=73925.90..73925.90 rows=1303620 width=4) (actual time=1801.899..1801.899 rows=1383104 loops=1)
                    Buckets: 131072  Batches: 32  Memory Usage: 2546kB
                    ->  Seq Scan on title t  (cost=0.00..73925.90 rows=1303620 width=4) (actual time=281.971..1366.245 rows=1383104 loops=1)
                          Filter: ((production_year > 1966) AND (kind_id = 7))
                          Rows Removed by Filter: 1145208
Planning time: 1.193 ms
Execution time: 16722.308 ms
