Hash Join  (cost=172270.98..540516.02 rows=358914 width=0) (actual time=3171.646..17176.664 rows=8360752 loops=1)
  Hash Cond: (mi.movie_id = t.id)
  ->  Seq Scan on movie_info mi  (cost=0.00..309384.22 rows=14739122 width=4) (actual time=0.009..5092.604 rows=14835720 loops=1)
  ->  Hash  (cost=171501.33..171501.33 rows=61572 width=8) (actual time=3171.257..3171.257 rows=143741 loops=1)
        Buckets: 131072 (originally 65536)  Batches: 2 (originally 1)  Memory Usage: 3849kB
        ->  Hash Join  (cost=84571.72..171501.33 rows=61572 width=8) (actual time=1523.424..3125.078 rows=143741 loops=1)
              Hash Cond: (mk.movie_id = t.id)
              ->  Seq Scan on movie_keyword mk  (cost=0.00..81003.12 rows=239938 width=4) (actual time=0.019..1326.078 rows=254471 loops=1)
                    Filter: (keyword_id < 224)
                    Rows Removed by Filter: 4269459
              ->  Hash  (cost=73925.90..73925.90 rows=648865 width=4) (actual time=1522.724..1522.724 rows=656311 loops=1)
                    Buckets: 131072  Batches: 16  Memory Usage: 2471kB
                    ->  Seq Scan on title t  (cost=0.00..73925.90 rows=648865 width=4) (actual time=525.084..1307.760 rows=656311 loops=1)
                          Filter: ((production_year > 0) AND (kind_id = 1))
                          Rows Removed by Filter: 1872001
Planning time: 1.167 ms
Execution time: 18214.057 ms
