Hash Join  (cost=157091.93..1232923.40 rows=2099636 width=0) (actual time=3335.119..32335.662 rows=2002294 loops=1)
  Hash Cond: (ci.movie_id = t.id)
  ->  Seq Scan on cast_info ci  (cost=0.00..705507.15 rows=30152524 width=4) (actual time=0.015..15815.853 rows=30098077 loops=1)
        Filter: (person_id < 3035730)
        Rows Removed by Filter: 6146267
  ->  Hash  (cost=154203.04..154203.04 rows=176071 width=8) (actual time=3334.230..3334.230 rows=92024 loops=1)
        Buckets: 131072  Batches: 4  Memory Usage: 1941kB
        ->  Hash Join  (cost=76725.80..154203.04 rows=176071 width=8) (actual time=1310.851..3303.125 rows=92024 loops=1)
              Hash Cond: (mc.movie_id = t.id)
              ->  Seq Scan on movie_companies mc  (cost=0.00..44881.29 rows=2609129 width=4) (actual time=0.018..863.916 rows=2609129 loops=1)
              ->  Hash  (cost=73925.90..73925.90 rows=170632 width=4) (actual time=1310.046..1310.046 rows=170068 loops=1)
                    Buckets: 131072  Batches: 4  Memory Usage: 2534kB
                    ->  Seq Scan on title t  (cost=0.00..73925.90 rows=170632 width=4) (actual time=0.036..1161.602 rows=170068 loops=1)
                          Filter: ((kind_id > 1) AND (production_year > 2011))
                          Rows Removed by Filter: 2358244
Planning time: 1.427 ms
Execution time: 32593.371 ms
