Seq Scan on movie_keyword mk  (cost=0.00..81003.12 rows=246 width=0) (actual time=1.627..1274.404 rows=1097 loops=1)
  Filter: (keyword_id = 3757)
  Rows Removed by Filter: 4522833
Planning time: 0.389 ms
Execution time: 1274.868 ms
