Hash Join  (cost=102767.86..200231.26 rows=1503587 width=0) (actual time=1858.896..5007.538 rows=1512507 loops=1)
  Hash Cond: (mc.movie_id = t.id)
  ->  Seq Scan on movie_companies mc  (cost=0.00..51404.11 rows=1503587 width=4) (actual time=0.015..1052.486 rows=1512507 loops=1)
        Filter: (company_id > 7491)
        Rows Removed by Filter: 1096622
  ->  Hash  (cost=61283.27..61283.27 rows=2528527 width=4) (actual time=1857.931..1857.931 rows=2528312 loops=1)
        Buckets: 131072  Batches: 64  Memory Usage: 2415kB
        ->  Seq Scan on title t  (cost=0.00..61283.27 rows=2528527 width=4) (actual time=0.034..1061.174 rows=2528312 loops=1)
Planning time: 0.760 ms
Execution time: 5173.351 ms
