Hash Join  (cost=263115.61..1292010.29 rows=9422322 width=0) (actual time=6357.567..25606.462 rows=9390776 loops=1)
  Hash Cond: (ci.movie_id = t.id)
  ->  Seq Scan on cast_info ci  (cost=0.00..796071.18 rows=9131245 width=4) (actual time=358.110..13435.007 rows=3892673 loops=1)
        Filter: ((person_id < 1383492) AND (role_id > 1))
        Rows Removed by Filter: 32351671
  ->  Hash  (cost=220309.49..220309.49 rows=2609129 width=8) (actual time=5998.305..5998.305 rows=2609129 loops=1)
        Buckets: 131072  Batches: 64  Memory Usage: 2610kB
        ->  Hash Join  (cost=102767.86..220309.49 rows=2609129 width=8) (actual time=1918.278..5306.702 rows=2609129 loops=1)
              Hash Cond: (mc.movie_id = t.id)
              ->  Seq Scan on movie_companies mc  (cost=0.00..44881.29 rows=2609129 width=4) (actual time=0.036..917.778 rows=2609129 loops=1)
              ->  Hash  (cost=61283.27..61283.27 rows=2528527 width=4) (actual time=1916.729..1916.729 rows=2528312 loops=1)
                    Buckets: 131072  Batches: 64  Memory Usage: 2415kB
                    ->  Seq Scan on title t  (cost=0.00..61283.27 rows=2528527 width=4) (actual time=0.020..1065.906 rows=2528312 loops=1)
Planning time: 1.153 ms
Execution time: 26712.222 ms
