Hash Join  (cost=122328.13..190508.65 rows=80437 width=0) (actual time=3042.522..4467.048 rows=436080 loops=1)
  Hash Cond: (mc.movie_id = t.id)
  ->  Seq Scan on movie_companies mc  (cost=0.00..51404.11 rows=1329612 width=4) (actual time=318.440..1006.302 rows=1334883 loops=1)
        Filter: (company_type_id = 2)
        Rows Removed by Filter: 1274246
  ->  Hash  (cost=119818.04..119818.04 rows=152967 width=8) (actual time=2723.203..2723.203 rows=344938 loops=1)
        Buckets: 131072 (originally 131072)  Batches: 8 (originally 2)  Memory Usage: 3073kB
        ->  Hash Join  (cost=80830.47..119818.04 rows=152967 width=8) (actual time=1541.638..2607.660 rows=344938 loops=1)
              Hash Cond: (mi_idx.movie_id = t.id)
              ->  Seq Scan on movie_info_idx mi_idx  (cost=0.00..25185.44 rows=919057 width=4) (actual time=0.029..478.024 rows=920110 loops=1)
                    Filter: (info_type_id > 99)
                    Rows Removed by Filter: 459925
              ->  Hash  (cost=73925.90..73925.90 rows=420845 width=4) (actual time=1540.725..1540.725 rows=517968 loops=1)
                    Buckets: 131072  Batches: 8  Memory Usage: 3313kB
                    ->  Seq Scan on title t  (cost=0.00..73925.90 rows=420845 width=4) (actual time=0.029..1157.518 rows=517968 loops=1)
                          Filter: ((kind_id < 7) AND (production_year < 2001))
                          Rows Removed by Filter: 2010344
Planning time: 1.300 ms
Execution time: 4521.255 ms
