Hash Join  (cost=94699.36..833454.60 rows=14172 width=0) (actual time=2852.419..15007.693 rows=133968 loops=1)
  Hash Cond: (ci.movie_id = t.id)
  ->  Seq Scan on cast_info ci  (cost=0.00..705507.15 rows=8828365 width=4) (actual time=840.065..11306.896 rows=8711999 loops=1)
        Filter: (person_id < 857898)
        Rows Removed by Filter: 27532345
  ->  Hash  (cost=94648.62..94648.62 rows=4059 width=8) (actual time=1722.499..1722.499 rows=17118 loops=1)
        Buckets: 32768 (originally 4096)  Batches: 1 (originally 1)  Memory Usage: 925kB
        ->  Hash Join  (cost=67697.55..94648.62 rows=4059 width=8) (actual time=1073.421..1715.964 rows=17118 loops=1)
              Hash Cond: (mi_idx.movie_id = t.id)
              ->  Seq Scan on movie_info_idx mi_idx  (cost=0.00..21735.35 rows=1380035 width=4) (actual time=0.016..314.753 rows=1380035 loops=1)
              ->  Hash  (cost=67604.59..67604.59 rows=7437 width=4) (actual time=1073.278..1073.278 rows=23799 loops=1)
                    Buckets: 32768 (originally 8192)  Batches: 1 (originally 1)  Memory Usage: 1093kB
                    ->  Seq Scan on title t  (cost=0.00..67604.59 rows=7437 width=4) (actual time=0.158..1062.404 rows=23799 loops=1)
                          Filter: (production_year = 1991)
                          Rows Removed by Filter: 2504513
Planning time: 1.158 ms
Execution time: 15027.509 ms
