Hash Join  (cost=452515.80..1209390.14 rows=412032 width=0) (actual time=8450.830..23920.258 rows=1044807 loops=1)
  Hash Cond: (ci.movie_id = t.id)
  ->  Seq Scan on cast_info ci  (cost=0.00..705507.15 rows=3998100 width=4) (actual time=0.021..13331.937 rows=4008037 loops=1)
        Filter: (role_id = 3)
        Rows Removed by Filter: 32236307
  ->  Hash  (cost=448240.52..448240.52 rows=260582 width=8) (actual time=8449.898..8449.898 rows=907420 loops=1)
        Buckets: 131072 (originally 131072)  Batches: 16 (originally 4)  Memory Usage: 3234kB
        ->  Hash Join  (cost=82004.01..448240.52 rows=260582 width=8) (actual time=6028.577..7910.284 rows=907420 loops=1)
              Hash Cond: (mi.movie_id = t.id)
              ->  Seq Scan on movie_info mi  (cost=0.00..346232.03 rows=1338312 width=4) (actual time=4591.375..5466.098 rows=1401902 loops=1)
                    Filter: (info_type_id = 7)
                    Rows Removed by Filter: 13433818
              ->  Hash  (cost=73925.90..73925.90 rows=492328 width=4) (actual time=1436.249..1436.249 rows=570276 loops=1)
                    Buckets: 131072  Batches: 8  Memory Usage: 3554kB
                    ->  Seq Scan on title t  (cost=0.00..73925.90 rows=492328 width=4) (actual time=0.070..1245.381 rows=570276 loops=1)
                          Filter: ((kind_id < 4) AND (production_year < 2006))
                          Rows Removed by Filter: 1958036
Planning time: 1.199 ms
Execution time: 24040.199 ms
