Hash Join  (cost=136537.42..852302.32 rows=137 width=0) (actual time=2381.397..15680.610 rows=2700 loops=1)
  Hash Cond: (ci.movie_id = t.id)
  ->  Seq Scan on cast_info ci  (cost=0.00..705507.15 rows=2735034 width=4) (actual time=0.017..12880.399 rows=2728943 loops=1)
        Filter: (role_id = 4)
        Rows Removed by Filter: 33515401
  ->  Hash  (cost=136535.83..136535.83 rows=127 width=8) (actual time=2381.308..2381.308 rows=1411 loops=1)
        Buckets: 2048 (originally 1024)  Batches: 1 (originally 1)  Memory Usage: 72kB
        ->  Hash Join  (cost=73929.13..136535.83 rows=127 width=8) (actual time=1048.088..2380.471 rows=1411 loops=1)
              Hash Cond: (mc.movie_id = t.id)
              ->  Seq Scan on movie_companies mc  (cost=0.00..57926.93 rows=1247600 width=4) (actual time=0.026..1140.018 rows=1214780 loops=1)
                    Filter: ((company_id > 6) AND (company_type_id < 2))
                    Rows Removed by Filter: 1394349
              ->  Hash  (cost=73925.90..73925.90 rows=258 width=4) (actual time=1047.306..1047.306 rows=3378 loops=1)
                    Buckets: 4096 (originally 1024)  Batches: 1 (originally 1)  Memory Usage: 151kB
                    ->  Seq Scan on title t  (cost=0.00..73925.90 rows=258 width=4) (actual time=8.299..1045.667 rows=3378 loops=1)
                          Filter: ((kind_id < 7) AND (production_year > 2013))
                          Rows Removed by Filter: 2524934
Planning time: 1.177 ms
Execution time: 15681.309 ms
