Hash Join  (cost=170299.84..1266136.75 rows=6038674 width=0) (actual time=3713.288..33930.914 rows=5088297 loops=1)
  Hash Cond: (ci.movie_id = t.id)
  ->  Seq Scan on cast_info ci  (cost=0.00..614943.12 rows=36225612 width=4) (actual time=0.011..13019.893 rows=36244344 loops=1)
  ->  Hash  (cost=163384.14..163384.14 rows=421496 width=8) (actual time=3711.402..3711.402 rows=180619 loops=1)
        Buckets: 131072  Batches: 8  Memory Usage: 1906kB
        ->  Hash Join  (cost=92883.59..163384.14 rows=421496 width=8) (actual time=2593.263..3654.753 rows=180619 loops=1)
              Hash Cond: (mc.movie_id = t.id)
              ->  Seq Scan on movie_companies mc  (cost=0.00..51404.11 rows=691696 width=4) (actual time=0.013..899.541 rows=697223 loops=1)
                    Filter: (company_id > 45939)
                    Rows Removed by Filter: 1911906
              ->  Hash  (cost=67604.59..67604.59 rows=1540800 width=4) (actual time=2083.718..2083.718 rows=1543264 loops=1)
                    Buckets: 131072  Batches: 32  Memory Usage: 2722kB
                    ->  Seq Scan on title t  (cost=0.00..67604.59 rows=1540800 width=4) (actual time=0.012..1320.502 rows=1543264 loops=1)
                          Filter: (kind_id = 7)
                          Rows Removed by Filter: 985048
Planning time: 6.456 ms
Execution time: 34537.385 ms
