Hash Join  (cost=118644.52..242893.15 rows=184360 width=0) (actual time=2748.849..6371.374 rows=2403971 loops=1)
  Hash Cond: (mk.movie_id = t.id)
  ->  Seq Scan on movie_keyword mk  (cost=0.00..69693.30 rows=4523930 width=4) (actual time=0.013..1313.830 rows=4523930 loops=1)
  ->  Hash  (cost=116953.48..116953.48 rows=103043 width=8) (actual time=2748.111..2748.111 rows=226321 loops=1)
        Buckets: 131072 (originally 131072)  Batches: 4 (originally 2)  Memory Usage: 3248kB
        ->  Hash Join  (cost=83198.94..116953.48 rows=103043 width=8) (actual time=1782.583..2666.284 rows=226321 loops=1)
              Hash Cond: (mi_idx.movie_id = t.id)
              ->  Seq Scan on movie_info_idx mi_idx  (cost=0.00..25185.44 rows=460978 width=4) (actual time=0.022..465.992 rows=459925 loops=1)
                    Filter: (info_type_id = 99)
                    Rows Removed by Filter: 920110
              ->  Hash  (cost=73925.90..73925.90 rows=565203 width=4) (actual time=1781.679..1781.679 rows=641785 loops=1)
                    Buckets: 131072  Batches: 8  Memory Usage: 3862kB
                    ->  Seq Scan on title t  (cost=0.00..73925.90 rows=565203 width=4) (actual time=0.032..1217.000 rows=641785 loops=1)
                          Filter: ((kind_id < 7) AND (production_year < 2006))
                          Rows Removed by Filter: 1886527
Planning time: 1.175 ms
Execution time: 6664.772 ms
