Seq Scan on cast_info ci  (cost=0.00..796071.18 rows=176 width=0) (actual time=3945.131..13253.137 rows=7 loops=1)
  Filter: ((role_id < 2) AND (person_id = 1695026))
  Rows Removed by Filter: 36244337
Planning time: 0.430 ms
Execution time: 13253.269 ms
