Hash Join  (cost=83980.38..124415.79 rows=222751 width=0) (actual time=1462.927..2619.904 rows=383469 loops=1)
  Hash Cond: (mi_idx.movie_id = t.id)
  ->  Seq Scan on movie_info_idx mi_idx  (cost=0.00..25185.44 rows=919057 width=4) (actual time=0.030..546.452 rows=920110 loops=1)
        Filter: (info_type_id > 99)
        Rows Removed by Filter: 459925
  ->  Hash  (cost=73925.90..73925.90 rows=612838 width=4) (actual time=1461.912..1461.912 rows=515527 loops=1)
        Buckets: 131072  Batches: 16  Memory Usage: 2155kB
        ->  Seq Scan on title t  (cost=0.00..73925.90 rows=612838 width=4) (actual time=30.940..1296.667 rows=515527 loops=1)
              Filter: ((production_year > 1939) AND (kind_id = 1))
              Rows Removed by Filter: 2012785
Planning time: 0.803 ms
Execution time: 2665.445 ms
