Hash Join  (cost=834571.64..1253066.12 rows=1232310 width=0) (actual time=13669.495..22591.569 rows=3229619 loops=1)
  Hash Cond: (mi.movie_id = t.id)
  ->  Seq Scan on movie_info mi  (cost=0.00..346232.03 rows=4972096 width=4) (actual time=54.462..5658.648 rows=4923966 loops=1)
        Filter: (info_type_id < 5)
        Rows Removed by Filter: 9911754
  ->  Hash  (cost=824290.10..824290.10 rows=626683 width=8) (actual time=13613.870..13613.870 rows=592755 loops=1)
        Buckets: 131072  Batches: 16  Memory Usage: 2552kB
        ->  Hash Join  (cost=89253.38..824290.10 rows=626683 width=8) (actual time=7598.796..13435.423 rows=592755 loops=1)
              Hash Cond: (ci.movie_id = t.id)
              ->  Seq Scan on cast_info ci  (cost=0.00..705507.15 rows=1696197 width=4) (actual time=6075.799..10751.064 rows=1720570 loops=1)
                    Filter: (person_id > 3720983)
                    Rows Removed by Filter: 34523774
              ->  Hash  (cost=73925.90..73925.90 rows=934198 width=4) (actual time=1521.844..1521.844 rows=950693 loops=1)
                    Buckets: 131072  Batches: 16  Memory Usage: 3114kB
                    ->  Seq Scan on title t  (cost=0.00..73925.90 rows=934198 width=4) (actual time=0.024..1229.372 rows=950693 loops=1)
                          Filter: ((kind_id < 7) AND (production_year < 2013))
                          Rows Removed by Filter: 1577619
Planning time: 1.166 ms
Execution time: 22970.393 ms
