Hash Join  (cost=201964.90..233658.58 rows=37457 width=0) (actual time=3920.445..4619.783 rows=160438 loops=1)
  Hash Cond: (mi_idx.movie_id = t.id)
  ->  Seq Scan on movie_info_idx mi_idx  (cost=0.00..25185.44 rows=460978 width=4) (actual time=0.021..492.441 rows=459925 loops=1)
        Filter: (info_type_id = 99)
        Rows Removed by Filter: 920110
  ->  Hash  (cost=198593.68..198593.68 rows=205458 width=8) (actual time=3825.521..3825.521 rows=206965 loops=1)
        Buckets: 131072  Batches: 4  Memory Usage: 3054kB
        ->  Hash Join  (cost=102767.86..198593.68 rows=205458 width=8) (actual time=1915.412..3768.029 rows=206965 loops=1)
              Hash Cond: (mk.movie_id = t.id)
              ->  Seq Scan on movie_keyword mk  (cost=0.00..81003.12 rows=205458 width=4) (actual time=0.017..1316.573 rows=206965 loops=1)
                    Filter: (keyword_id > 67191)
                    Rows Removed by Filter: 4316965
              ->  Hash  (cost=61283.27..61283.27 rows=2528527 width=4) (actual time=1913.354..1913.354 rows=2528312 loops=1)
                    Buckets: 131072  Batches: 64  Memory Usage: 2425kB
                    ->  Seq Scan on title t  (cost=0.00..61283.27 rows=2528527 width=4) (actual time=0.025..1059.974 rows=2528312 loops=1)
Planning time: 1.184 ms
Execution time: 4640.612 ms
