Hash Join  (cost=166361.78..912735.99 rows=255475 width=0) (actual time=3639.078..18290.481 rows=336127 loops=1)
  Hash Cond: (ci.movie_id = t.id)
  ->  Seq Scan on cast_info ci  (cost=0.00..705507.15 rows=10216616 width=4) (actual time=0.346..10935.187 rows=10238303 loops=1)
        Filter: (person_id > 2689678)
        Rows Removed by Filter: 26006041
  ->  Hash  (cost=165571.43..165571.43 rows=63228 width=8) (actual time=3638.330..3638.330 rows=62075 loops=1)
        Buckets: 65536  Batches: 1  Memory Usage: 2937kB
        ->  Hash Join  (cost=102767.86..165571.43 rows=63228 width=8) (actual time=2441.002..3615.070 rows=62075 loops=1)
              Hash Cond: (mc.movie_id = t.id)
              ->  Seq Scan on movie_companies mc  (cost=0.00..51404.11 rows=63228 width=4) (actual time=0.232..717.974 rows=62075 loops=1)
                    Filter: (company_id = 6)
                    Rows Removed by Filter: 2547054
              ->  Hash  (cost=61283.27..61283.27 rows=2528527 width=4) (actual time=2440.021..2440.021 rows=2528312 loops=1)
                    Buckets: 131072  Batches: 64  Memory Usage: 2415kB
                    ->  Seq Scan on title t  (cost=0.00..61283.27 rows=2528527 width=4) (actual time=0.012..1099.008 rows=2528312 loops=1)
Planning time: 1.232 ms
Execution time: 18337.219 ms
