Nested Loop  (cost=0.43..798386.14 rows=182 width=0) (actual time=7771.965..13887.823 rows=184 loops=1)
  ->  Seq Scan on cast_info ci  (cost=0.00..796071.18 rows=276 width=4) (actual time=7771.911..13881.885 rows=184 loops=1)
        Filter: ((role_id < 3) AND (person_id = 2054196))
        Rows Removed by Filter: 36244160
  ->  Index Scan using title_pkey on title t  (cost=0.43..8.38 rows=1 width=4) (actual time=0.031..0.032 rows=1 loops=184)
        Index Cond: (id = ci.movie_id)
        Filter: (production_year < 2008)
Planning time: 0.805 ms
Execution time: 13887.966 ms
