Hash Join  (cost=73952.40..973511.11 rows=2250016 width=0) (actual time=1321.457..21690.220 rows=2118200 loops=1)
  Hash Cond: (ci.movie_id = t.id)
  ->  Seq Scan on cast_info ci  (cost=0.00..705507.15 rows=14705974 width=4) (actual time=69.534..13359.120 rows=14611754 loops=1)
        Filter: (person_id < 1440193)
        Rows Removed by Filter: 21632590
  ->  Hash  (cost=67604.59..67604.59 rows=386865 width=4) (actual time=1250.143..1250.143 rows=381430 loops=1)
        Buckets: 131072  Batches: 8  Memory Usage: 2693kB
        ->  Seq Scan on title t  (cost=0.00..67604.59 rows=386865 width=4) (actual time=0.021..1128.528 rows=381430 loops=1)
              Filter: (production_year < 1971)
              Rows Removed by Filter: 2146882
Planning time: 0.768 ms
Execution time: 21929.663 ms
