Seq Scan on cast_info ci  (cost=0.00..796071.18 rows=1352176 width=0) (actual time=3107.578..12447.657 rows=4097864 loops=1)
  Filter: ((person_id > 3000892) AND (role_id > 7))
  Rows Removed by Filter: 32146480
Planning time: 0.354 ms
Execution time: 12967.688 ms
