Hash Join  (cost=83198.94..217521.35 rows=1011237 width=0) (actual time=1400.029..5408.835 rows=2891650 loops=1)
  Hash Cond: (mk.movie_id = t.id)
  ->  Seq Scan on movie_keyword mk  (cost=0.00..69693.30 rows=4523930 width=4) (actual time=0.009..1485.033 rows=4523930 loops=1)
  ->  Hash  (cost=73925.90..73925.90 rows=565203 width=4) (actual time=1398.945..1398.945 rows=641785 loops=1)
        Buckets: 131072  Batches: 8  Memory Usage: 3870kB
        ->  Seq Scan on title t  (cost=0.00..73925.90 rows=565203 width=4) (actual time=0.016..1189.590 rows=641785 loops=1)
              Filter: ((kind_id < 7) AND (production_year < 2006))
              Rows Removed by Filter: 1886527
Planning time: 0.839 ms
Execution time: 5717.771 ms
