Seq Scan on movie_keyword mk  (cost=0.00..81003.12 rows=2678263 width=0) (actual time=0.029..1515.020 rows=2674922 loops=1)
  Filter: (keyword_id < 7485)
  Rows Removed by Filter: 1849008
Planning time: 0.434 ms
Execution time: 1856.104 ms
