Seq Scan on movie_companies mc  (cost=0.00..57926.93 rows=13435 width=0) (actual time=0.078..835.016 rows=12833 loops=1)
  Filter: ((company_type_id < 2) AND (company_id = 27))
  Rows Removed by Filter: 2596296
Planning time: 0.430 ms
Execution time: 837.209 ms
