Hash Join  (cost=69090.10..154764.95 rows=12965 width=0) (actual time=1735.891..2437.057 rows=5572 loops=1)
  Hash Cond: (mk.movie_id = t.id)
  ->  Seq Scan on movie_keyword mk  (cost=0.00..81003.12 rows=362152 width=4) (actual time=0.026..1316.008 rows=359185 loops=1)
        Filter: (keyword_id > 46482)
        Rows Removed by Filter: 4164745
  ->  Hash  (cost=67604.59..67604.59 rows=90521 width=4) (actual time=984.646..984.646 rows=90852 loops=1)
        Buckets: 131072  Batches: 2  Memory Usage: 2632kB
        ->  Seq Scan on title t  (cost=0.00..67604.59 rows=90521 width=4) (actual time=89.385..949.831 rows=90852 loops=1)
              Filter: (kind_id = 2)
              Rows Removed by Filter: 2437460
Planning time: 0.777 ms
Execution time: 2437.982 ms
