Hash Join  (cost=297056.52..727424.16 rows=3100540 width=0) (actual time=8791.767..21872.118 rows=21474956 loops=1)
  Hash Cond: (mi.movie_id = t.id)
  ->  Seq Scan on movie_info mi  (cost=0.00..346232.03 rows=3068194 width=4) (actual time=704.888..5711.534 rows=3036719 loops=1)
        Filter: (info_type_id = 16)
        Rows Removed by Filter: 11799001
  ->  Hash  (cost=255134.72..255134.72 rows=2555184 width=8) (actual time=8055.076..8055.076 rows=2549507 loops=1)
        Buckets: 131072  Batches: 64  Memory Usage: 2681kB
        ->  Hash Join  (cost=102767.86..255134.72 rows=2555184 width=8) (actual time=2529.935..7237.827 rows=2549507 loops=1)
              Hash Cond: (mk.movie_id = t.id)
              ->  Seq Scan on movie_keyword mk  (cost=0.00..81003.12 rows=2555184 width=4) (actual time=0.030..1619.645 rows=2549507 loops=1)
                    Filter: (keyword_id > 3462)
                    Rows Removed by Filter: 1974423
              ->  Hash  (cost=61283.27..61283.27 rows=2528527 width=4) (actual time=2529.065..2529.065 rows=2528312 loops=1)
                    Buckets: 131072  Batches: 64  Memory Usage: 2425kB
                    ->  Seq Scan on title t  (cost=0.00..61283.27 rows=2528527 width=4) (actual time=0.018..1083.798 rows=2528312 loops=1)
Planning time: 1.200 ms
Execution time: 24570.810 ms
