Hash Join  (cost=168073.71..534490.88 rows=138140 width=0) (actual time=6863.192..9658.998 rows=73327 loops=1)
  Hash Cond: (mi.movie_id = t.id)
  ->  Seq Scan on movie_info mi  (cost=0.00..346232.03 rows=1550064 width=4) (actual time=3740.014..5643.481 rows=1533909 loops=1)
        Filter: (info_type_id = 3)
        Rows Removed by Filter: 13301811
  ->  Hash  (cost=164375.96..164375.96 rows=225340 width=8) (actual time=3122.135..3122.135 rows=100629 loops=1)
        Buckets: 131072  Batches: 4  Memory Usage: 2013kB
        ->  Hash Join  (cost=93408.25..164375.96 rows=225340 width=8) (actual time=1811.465..3090.690 rows=100629 loops=1)
              Hash Cond: (mc.movie_id = t.id)
              ->  Seq Scan on movie_companies mc  (cost=0.00..57926.93 rows=362276 width=4) (actual time=0.035..900.541 rows=204891 loops=1)
                    Filter: ((company_id < 1302) AND (company_type_id = 2))
                    Rows Removed by Filter: 2404238
              ->  Hash  (cost=67604.59..67604.59 rows=1572773 width=4) (actual time=1809.941..1809.941 rows=1570568 loops=1)
                    Buckets: 131072  Batches: 32  Memory Usage: 2751kB
                    ->  Seq Scan on title t  (cost=0.00..67604.59 rows=1572773 width=4) (actual time=0.022..1288.100 rows=1570568 loops=1)
                          Filter: (production_year > 1996)
                          Rows Removed by Filter: 957744
Planning time: 1.246 ms
Execution time: 9668.743 ms
