Hash Join  (cost=87180.69..164894.27 rows=627442 width=0) (actual time=2091.457..3604.402 rows=531102 loops=1)
  Hash Cond: (mc.movie_id = t.id)
  ->  Seq Scan on movie_companies mc  (cost=0.00..51404.11 rows=1329612 width=4) (actual time=447.198..1015.605 rows=1334883 loops=1)
        Filter: (company_type_id = 2)
        Rows Removed by Filter: 1274246
  ->  Hash  (cost=67604.59..67604.59 rows=1193208 width=4) (actual time=1643.439..1643.439 rows=1192518 loops=1)
        Buckets: 131072  Batches: 16  Memory Usage: 3646kB
        ->  Seq Scan on title t  (cost=0.00..67604.59 rows=1193208 width=4) (actual time=0.032..1256.124 rows=1192518 loops=1)
              Filter: (production_year > 2003)
              Rows Removed by Filter: 1335794
Planning time: 0.796 ms
Execution time: 3658.313 ms
