Hash Join  (cost=905430.69..1049011.20 rows=2164155 width=0) (actual time=16478.319..21329.255 rows=7021815 loops=1)
  Hash Cond: (mk.movie_id = t.id)
  ->  Seq Scan on movie_keyword mk  (cost=0.00..81003.12 rows=2537367 width=4) (actual time=0.025..1607.680 rows=2530566 loops=1)
        Filter: (keyword_id < 6291)
        Rows Removed by Filter: 1993364
  ->  Hash  (cost=870048.00..870048.00 rows=2156615 width=8) (actual time=16476.970..16476.970 rows=2096550 loops=1)
        Buckets: 131072  Batches: 32  Memory Usage: 3608kB
        ->  Hash Join  (cost=102767.86..870048.00 rows=2156615 width=8) (actual time=3701.628..15883.270 rows=2096550 loops=1)
              Hash Cond: (ci.movie_id = t.id)
              ->  Seq Scan on cast_info ci  (cost=0.00..705507.15 rows=2156615 width=4) (actual time=1745.564..11710.578 rows=2096550 loops=1)
                    Filter: (person_id < 205664)
                    Rows Removed by Filter: 34147794
              ->  Hash  (cost=61283.27..61283.27 rows=2528527 width=4) (actual time=1954.894..1954.894 rows=2528312 loops=1)
                    Buckets: 131072  Batches: 64  Memory Usage: 2415kB
                    ->  Seq Scan on title t  (cost=0.00..61283.27 rows=2528527 width=4) (actual time=0.022..1096.164 rows=2528312 loops=1)
Planning time: 4.454 ms
Execution time: 22162.236 ms
