Seq Scan on movie_companies mc  (cost=0.00..51404.11 rows=1811359 width=0) (actual time=0.023..868.878 rows=1804559 loops=1)
  Filter: (company_id < 29926)
  Rows Removed by Filter: 804570
Planning time: 0.357 ms
Execution time: 1071.472 ms
