Hash Join  (cost=190230.21..308260.41 rows=1014418 width=0) (actual time=4888.655..8641.472 rows=4230670 loops=1)
  Hash Cond: (mk.movie_id = t.id)
  ->  Seq Scan on movie_keyword mk  (cost=0.00..81003.12 rows=1858637 width=4) (actual time=0.015..1470.101 rows=1865772 loops=1)
        Filter: (keyword_id < 3154)
        Rows Removed by Filter: 2658158
  ->  Hash  (cost=167588.78..167588.78 rows=1380035 width=8) (actual time=4886.865..4886.865 rows=1380035 loops=1)
        Buckets: 131072  Batches: 32  Memory Usage: 2726kB
        ->  Hash Join  (cost=102767.86..167588.78 rows=1380035 width=8) (actual time=2424.050..4453.437 rows=1380035 loops=1)
              Hash Cond: (mi_idx.movie_id = t.id)
              ->  Seq Scan on movie_info_idx mi_idx  (cost=0.00..21735.35 rows=1380035 width=4) (actual time=0.017..469.532 rows=1380035 loops=1)
              ->  Hash  (cost=61283.27..61283.27 rows=2528527 width=4) (actual time=2423.328..2423.328 rows=2528312 loops=1)
                    Buckets: 131072  Batches: 64  Memory Usage: 2415kB
                    ->  Seq Scan on title t  (cost=0.00..61283.27 rows=2528527 width=4) (actual time=0.017..1014.182 rows=2528312 loops=1)
Planning time: 1.055 ms
Execution time: 9189.942 ms
