Hash Join  (cost=709678.05..1074356.83 rows=2285 width=0) (actual time=11481.401..18058.752 rows=767 loops=1)
  Hash Cond: (mi.movie_id = t.id)
  ->  Seq Scan on movie_info mi  (cost=0.00..309384.22 rows=14739122 width=4) (actual time=0.021..4396.399 rows=14835720 loops=1)
  ->  Hash  (cost=709673.15..709673.15 rows=392 width=8) (actual time=10920.549..10920.549 rows=201 loops=1)
        Buckets: 1024  Batches: 1  Memory Usage: 16kB
        ->  Nested Loop  (cost=0.43..709673.15 rows=392 width=8) (actual time=4268.176..10920.409 rows=201 loops=1)
              ->  Seq Scan on cast_info ci  (cost=0.00..705507.15 rows=500 width=4) (actual time=4268.048..10913.881 rows=203 loops=1)
                    Filter: (person_id = 1069298)
                    Rows Removed by Filter: 36244141
              ->  Index Scan using title_pkey on title t  (cost=0.43..8.32 rows=1 width=4) (actual time=0.031..0.031 rows=1 loops=203)
                    Index Cond: (id = ci.movie_id)
                    Filter: (production_year > 1977)
                    Rows Removed by Filter: 0
Planning time: 1.196 ms
Execution time: 18059.030 ms
