Hash Join  (cost=123236.43..519379.61 rows=142747 width=0) (actual time=2794.930..11688.106 rows=626274 loops=1)
  Hash Cond: (mi.movie_id = t.id)
  ->  Seq Scan on movie_info mi  (cost=0.00..346232.03 rows=12928982 width=4) (actual time=278.046..6284.509 rows=12970088 loops=1)
        Filter: (info_type_id < 18)
        Rows Removed by Filter: 1865632
  ->  Hash  (cost=122887.47..122887.47 rows=27917 width=8) (actual time=2516.520..2516.520 rows=26749 loops=1)
        Buckets: 32768  Batches: 1  Memory Usage: 1301kB
        ->  Hash Join  (cost=67942.77..122887.47 rows=27917 width=8) (actual time=1170.623..2505.913 rows=26749 loops=1)
              Hash Cond: (mc.movie_id = t.id)
              ->  Seq Scan on movie_companies mc  (cost=0.00..44881.29 rows=2609129 width=4) (actual time=0.017..659.896 rows=2609129 loops=1)
              ->  Hash  (cost=67604.59..67604.59 rows=27055 width=4) (actual time=1170.400..1170.400 rows=26775 loops=1)
                    Buckets: 32768  Batches: 1  Memory Usage: 1198kB
                    ->  Seq Scan on title t  (cost=0.00..67604.59 rows=27055 width=4) (actual time=0.077..1158.883 rows=26775 loops=1)
                          Filter: (production_year = 1993)
                          Rows Removed by Filter: 2501537
Planning time: 6.162 ms
Execution time: 11768.478 ms
