Hash Join  (cost=141358.76..650237.52 rows=2724682 width=0) (actual time=3123.180..19753.199 rows=14564265 loops=1)
  Hash Cond: (mi.movie_id = t.id)
  ->  Seq Scan on movie_info mi  (cost=0.00..309384.22 rows=14739122 width=4) (actual time=0.023..6276.329 rows=14835720 loops=1)
  ->  Hash  (cost=133689.95..133689.95 rows=467425 width=8) (actual time=3122.407..3122.407 rows=819918 loops=1)
        Buckets: 131072 (originally 131072)  Batches: 16 (originally 8)  Memory Usage: 3073kB
        ->  Hash Join  (cost=87977.22..133689.95 rows=467425 width=8) (actual time=1469.103..2894.659 rows=819918 loops=1)
              Hash Cond: (mi_idx.movie_id = t.id)
              ->  Seq Scan on movie_info_idx mi_idx  (cost=0.00..21735.35 rows=1380035 width=4) (actual time=0.022..480.449 rows=1380035 loops=1)
              ->  Hash  (cost=73925.90..73925.90 rows=856425 width=4) (actual time=1468.079..1468.079 rows=769954 loops=1)
                    Buckets: 131072  Batches: 16  Memory Usage: 2718kB
                    ->  Seq Scan on title t  (cost=0.00..73925.90 rows=856425 width=4) (actual time=0.029..1233.339 rows=769954 loops=1)
                          Filter: ((kind_id < 7) AND (production_year > 1962))
                          Rows Removed by Filter: 1758358
Planning time: 1.190 ms
Execution time: 21333.721 ms
