Seq Scan on movie_keyword mk  (cost=0.00..81003.12 rows=246 width=0) (actual time=0.143..1404.804 rows=426 loops=1)
  Filter: (keyword_id = 20095)
  Rows Removed by Filter: 4523504
Planning time: 0.386 ms
Execution time: 1405.075 ms
