Hash Join  (cost=94978.31..264872.97 rows=2800154 width=0) (actual time=1885.526..6918.711 rows=3395489 loops=1)
  Hash Cond: (mk.movie_id = t.id)
  ->  Seq Scan on movie_keyword mk  (cost=0.00..81003.12 rows=4243598 width=4) (actual time=0.024..1900.327 rows=4244558 loops=1)
        Filter: (keyword_id < 57010)
        Rows Removed by Filter: 279372
  ->  Hash  (cost=67604.59..67604.59 rows=1668458 width=4) (actual time=1882.848..1882.848 rows=1671292 loops=1)
        Buckets: 131072  Batches: 32  Memory Usage: 2866kB
        ->  Seq Scan on title t  (cost=0.00..67604.59 rows=1668458 width=4) (actual time=0.018..1352.026 rows=1671292 loops=1)
              Filter: (production_year < 2008)
              Rows Removed by Filter: 857020
Planning time: 0.798 ms
Execution time: 7270.845 ms
