Hash Join  (cost=74223.04..157473.93 rows=5497 width=0) (actual time=1224.504..2761.373 rows=13048 loops=1)
  Hash Cond: (mk.movie_id = t.id)
  ->  Seq Scan on movie_keyword mk  (cost=0.00..81003.12 rows=584746 width=4) (actual time=0.019..1417.683 rows=582786 loops=1)
        Filter: (keyword_id > 31456)
        Rows Removed by Filter: 3941144
  ->  Hash  (cost=73925.90..73925.90 rows=23771 width=4) (actual time=1223.872..1223.872 rows=20633 loops=1)
        Buckets: 32768  Batches: 1  Memory Usage: 982kB
        ->  Seq Scan on title t  (cost=0.00..73925.90 rows=23771 width=4) (actual time=0.178..1214.735 rows=20633 loops=1)
              Filter: ((kind_id < 7) AND (production_year = 2002))
              Rows Removed by Filter: 2507679
Planning time: 0.796 ms
Execution time: 2763.531 ms
