Seq Scan on movie_keyword mk  (cost=0.00..81003.12 rows=224696 width=0) (actual time=0.024..1200.333 rows=226289 loops=1)
  Filter: (keyword_id > 63860)
  Rows Removed by Filter: 4297641
Planning time: 0.339 ms
Execution time: 1228.161 ms
