Seq Scan on movie_keyword mk  (cost=0.00..81003.12 rows=585718 width=0) (actual time=0.029..1345.063 rows=584640 loops=1)
  Filter: (keyword_id > 31395)
  Rows Removed by Filter: 3939290
Planning time: 0.316 ms
Execution time: 1419.084 ms
