Seq Scan on cast_info ci  (cost=0.00..796071.18 rows=21923523 width=0) (actual time=0.015..16694.210 rows=21106326 loops=1)
  Filter: ((person_id > 1078072) AND (role_id < 10))
  Rows Removed by Filter: 15138018
Planning time: 0.374 ms
Execution time: 19337.842 ms
