Hash Join  (cost=83074.74..447745.01 rows=1434 width=0) (actual time=1363.284..8466.873 rows=40644 loops=1)
  Hash Cond: (mi.movie_id = t.id)
  ->  Seq Scan on movie_info mi  (cost=0.00..309384.22 rows=14739122 width=4) (actual time=0.019..4257.626 rows=14835720 loops=1)
  ->  Hash  (cost=83071.67..83071.67 rows=246 width=8) (actual time=1363.140..1363.140 rows=953 loops=1)
        Buckets: 1024  Batches: 1  Memory Usage: 46kB
        ->  Nested Loop  (cost=0.43..83071.67 rows=246 width=8) (actual time=7.037..1362.410 rows=953 loops=1)
              ->  Seq Scan on movie_keyword mk  (cost=0.00..81003.12 rows=246 width=4) (actual time=0.907..1324.482 rows=953 loops=1)
                    Filter: (keyword_id = 5706)
                    Rows Removed by Filter: 4522977
              ->  Index Only Scan using title_pkey on title t  (cost=0.43..8.40 rows=1 width=4) (actual time=0.038..0.038 rows=1 loops=953)
                    Index Cond: (id = mk.movie_id)
                    Heap Fetches: 953
Planning time: 1.139 ms
Execution time: 8479.700 ms
