Hash Join  (cost=489208.28..1549421.10 rows=5920471 width=0) (actual time=8635.630..36353.600 rows=178656 loops=1)
  Hash Cond: (ci.movie_id = t.id)
  ->  Seq Scan on cast_info ci  (cost=0.00..796071.18 rows=17434109 width=4) (actual time=0.014..18186.149 rows=20986638 loops=1)
        Filter: ((person_id > 905056) AND (role_id > 1))
        Rows Removed by Filter: 15257706
  ->  Hash  (cost=475119.95..475119.95 rows=858666 width=8) (actual time=8625.492..8625.492 rows=13970 loops=1)
        Buckets: 131072  Batches: 16  Memory Usage: 1058kB
        ->  Hash Join  (cost=96906.53..475119.95 rows=858666 width=8) (actual time=3266.158..8619.143 rows=13970 loops=1)
              Hash Cond: (mi.movie_id = t.id)
              ->  Seq Scan on movie_info mi  (cost=0.00..346232.03 rows=1550064 width=4) (actual time=1345.968..5791.061 rows=1533909 loops=1)
                    Filter: (info_type_id = 3)
                    Rows Removed by Filter: 13301811
              ->  Hash  (cost=73925.90..73925.90 rows=1400690 width=4) (actual time=1917.132..1917.132 rows=1474425 loops=1)
                    Buckets: 131072  Batches: 32  Memory Usage: 2652kB
                    ->  Seq Scan on title t  (cost=0.00..73925.90 rows=1400690 width=4) (actual time=0.019..1428.628 rows=1474425 loops=1)
                          Filter: ((production_year > 1950) AND (kind_id = 7))
                          Rows Removed by Filter: 1053887
Planning time: 1.251 ms
Execution time: 36380.380 ms
