Hash Join  (cost=73960.09..100885.50 rows=1493 width=0) (actual time=982.455..1556.161 rows=4725 loops=1)
  Hash Cond: (mi_idx.movie_id = t.id)
  ->  Seq Scan on movie_info_idx mi_idx  (cost=0.00..21735.35 rows=1380035 width=4) (actual time=0.023..313.988 rows=1380035 loops=1)
  ->  Hash  (cost=73925.90..73925.90 rows=2735 width=4) (actual time=982.368..982.368 rows=3368 loops=1)
        Buckets: 4096  Batches: 1  Memory Usage: 151kB
        ->  Seq Scan on title t  (cost=0.00..73925.90 rows=2735 width=4) (actual time=112.616..980.743 rows=3368 loops=1)
              Filter: ((kind_id = 3) AND (production_year = 2003))
              Rows Removed by Filter: 2524944
Planning time: 0.809 ms
Execution time: 1556.957 ms
