Seq Scan on movie_keyword mk  (cost=0.00..81003.12 rows=4289826 width=0) (actual time=0.025..1510.137 rows=4274183 loops=1)
  Filter: (keyword_id > 213)
  Rows Removed by Filter: 249747
Planning time: 0.341 ms
Execution time: 2064.579 ms
