Hash Join  (cost=102767.86..1337810.09 rows=21596128 width=0) (actual time=5232.603..35311.482 rows=21696647 loops=1)
  Hash Cond: (ci.movie_id = t.id)
  ->  Seq Scan on cast_info ci  (cost=0.00..705507.15 rows=21596128 width=4) (actual time=3253.011..15472.778 rows=21696647 loops=1)
        Filter: (person_id > 1433423)
        Rows Removed by Filter: 14547697
  ->  Hash  (cost=61283.27..61283.27 rows=2528527 width=4) (actual time=1974.094..1974.094 rows=2528312 loops=1)
        Buckets: 131072  Batches: 64  Memory Usage: 2415kB
        ->  Seq Scan on title t  (cost=0.00..61283.27 rows=2528527 width=4) (actual time=0.035..1139.863 rows=2528312 loops=1)
Planning time: 1.213 ms
Execution time: 37758.509 ms
