Seq Scan on cast_info ci  (cost=0.00..796071.18 rows=8307538 width=0) (actual time=11147.872..14176.873 rows=3616993 loops=1)
  Filter: ((person_id > 1234219) AND (role_id < 2))
  Rows Removed by Filter: 32627351
Planning time: 0.398 ms
Execution time: 14629.994 ms
