Hash Join  (cost=365418.15..2287682.46 rows=62266989 width=0) (actual time=8164.017..89226.145 rows=207738545 loops=1)
  Hash Cond: (ci.movie_id = t.id)
  ->  Seq Scan on cast_info ci  (cost=0.00..705507.15 rows=34802431 width=4) (actual time=0.024..17512.127 rows=34893963 loops=1)
        Filter: (person_id > 134660)
        Rows Removed by Filter: 1350381
  ->  Hash  (cost=291197.02..291197.02 rows=4523930 width=8) (actual time=8162.708..8162.708 rows=4523930 loops=1)
        Buckets: 131072  Batches: 64  Memory Usage: 3816kB
        ->  Hash Join  (cost=102767.86..291197.02 rows=4523930 width=8) (actual time=1894.438..7022.065 rows=4523930 loops=1)
              Hash Cond: (mk.movie_id = t.id)
              ->  Seq Scan on movie_keyword mk  (cost=0.00..69693.30 rows=4523930 width=4) (actual time=0.014..1401.188 rows=4523930 loops=1)
              ->  Hash  (cost=61283.27..61283.27 rows=2528527 width=4) (actual time=1892.081..1892.081 rows=2528312 loops=1)
                    Buckets: 131072  Batches: 64  Memory Usage: 2425kB
                    ->  Seq Scan on title t  (cost=0.00..61283.27 rows=2528527 width=4) (actual time=0.014..1033.997 rows=2528312 loops=1)
Planning time: 1.131 ms
Execution time: 110418.117 ms
