Seq Scan on cast_info ci  (cost=0.00..705507.15 rows=500 width=0) (actual time=3312.025..11308.757 rows=138 loops=1)
  Filter: (person_id = 942720)
  Rows Removed by Filter: 36244206
Planning time: 0.431 ms
Execution time: 11308.893 ms
