Hash Join  (cost=998604.74..1800119.16 rows=24970278 width=0) (actual time=20894.199..44106.607 rows=29520687 loops=1)
  Hash Cond: (mi.movie_id = t.id)
  ->  Seq Scan on movie_info mi  (cost=0.00..309384.22 rows=14739122 width=4) (actual time=0.026..6193.635 rows=14835720 loops=1)
  ->  Hash  (cost=928324.46..928324.46 rows=4283703 width=8) (actual time=20892.918..20892.918 rows=4221920 loops=1)
        Buckets: 131072  Batches: 64  Memory Usage: 3568kB
        ->  Hash Join  (cost=98137.04..928324.46 rows=4283703 width=8) (actual time=1866.167..19672.189 rows=4221920 loops=1)
              Hash Cond: (ci.movie_id = t.id)
              ->  Seq Scan on cast_info ci  (cost=0.00..705507.15 rows=5820248 width=4) (actual time=0.013..13213.972 rows=5732694 loops=1)
                    Filter: (role_id > 8)
                    Rows Removed by Filter: 30511650
              ->  Hash  (cost=67604.59..67604.59 rows=1860996 width=4) (actual time=1865.234..1865.234 rows=1865487 loops=1)
                    Buckets: 131072  Batches: 32  Memory Usage: 3079kB
                    ->  Seq Scan on title t  (cost=0.00..67604.59 rows=1860996 width=4) (actual time=0.028..1254.890 rows=1865487 loops=1)
                          Filter: (kind_id > 1)
                          Rows Removed by Filter: 662825
Planning time: 2.552 ms
Execution time: 47557.455 ms
