Seq Scan on movie_companies mc  (cost=0.00..57926.93 rows=492032 width=0) (actual time=2.392..972.513 rows=287021 loops=1)
  Filter: ((company_id < 4051) AND (company_type_id > 1))
  Rows Removed by Filter: 2322108
Planning time: 0.302 ms
Execution time: 1006.055 ms
