Hash Join  (cost=69390.36..124577.65 rows=35881 width=144) (actual time=1610.990..2758.414 rows=14808 loops=1)
  Hash Cond: (mi_idx.movie_id = t.id)
  ->  Seq Scan on movie_info_idx mi_idx  (cost=0.00..21735.35 rows=1380035 width=50) (actual time=0.019..537.296 rows=1380035 loops=1)
  ->  Hash  (cost=67604.59..67604.59 rows=65742 width=94) (actual time=1610.265..1610.265 rows=63827 loops=1)
        Buckets: 32768  Batches: 4  Memory Usage: 2042kB
        ->  Seq Scan on title t  (cost=0.00..67604.59 rows=65742 width=94) (actual time=0.033..1578.629 rows=63827 loops=1)
              Filter: (production_year = 2013)
              Rows Removed by Filter: 2464485
Planning time: 1.000 ms
Execution time: 2759.652 ms
