Hash Join  (cost=74651.84..442693.04 rows=338527 width=0) (actual time=1147.273..13928.870 rows=2197458 loops=1)
  Hash Cond: (mi.movie_id = t.id)
  ->  Seq Scan on movie_info mi  (cost=0.00..309384.22 rows=14739122 width=4) (actual time=0.020..5087.299 rows=14835720 loops=1)
  ->  Hash  (cost=73925.90..73925.90 rows=58075 width=4) (actual time=1135.055..1135.055 rows=183177 loops=1)
        Buckets: 131072 (originally 65536)  Batches: 4 (originally 1)  Memory Usage: 3073kB
        ->  Seq Scan on title t  (cost=0.00..73925.90 rows=58075 width=4) (actual time=496.280..1062.860 rows=183177 loops=1)
              Filter: ((production_year < 1958) AND (kind_id = 1))
              Rows Removed by Filter: 2345135
Planning time: 0.759 ms
Execution time: 14168.727 ms
