Hash Join  (cost=76049.74..200873.43 rows=231565 width=0) (actual time=3737.011..4554.778 rows=18252 loops=1)
  Hash Cond: (mk.movie_id = t.id)
  ->  Seq Scan on movie_keyword mk  (cost=0.00..69693.30 rows=4523930 width=4) (actual time=0.019..1365.620 rows=4523930 loops=1)
  ->  Hash  (cost=73925.90..73925.90 rows=129427 width=4) (actual time=1108.366..1108.366 rows=27808 loops=1)
        Buckets: 131072  Batches: 2  Memory Usage: 1519kB
        ->  Seq Scan on title t  (cost=0.00..73925.90 rows=129427 width=4) (actual time=0.031..1096.348 rows=27808 loops=1)
              Filter: ((production_year < 1957) AND (kind_id = 7))
              Rows Removed by Filter: 2500504
Planning time: 0.785 ms
Execution time: 4557.225 ms
