Hash Join  (cost=356568.50..1065698.27 rows=17697000 width=0) (actual time=9812.208..69265.401 rows=200433745 loops=1)
  Hash Cond: (mi.movie_id = t.id)
  ->  Seq Scan on movie_info mi  (cost=0.00..346232.03 rows=11115165 width=4) (actual time=0.021..7035.234 rows=11210743 loops=1)
        Filter: (info_type_id > 3)
        Rows Removed by Filter: 3624977
  ->  Hash  (cost=290520.10..290520.10 rows=4025792 width=8) (actual time=9810.511..9810.511 rows=4021945 loops=1)
        Buckets: 131072  Batches: 64  Memory Usage: 3583kB
        ->  Hash Join  (cost=102767.86..290520.10 rows=4025792 width=8) (actual time=2583.665..8590.410 rows=4021945 loops=1)
              Hash Cond: (mk.movie_id = t.id)
              ->  Seq Scan on movie_keyword mk  (cost=0.00..81003.12 rows=4025792 width=4) (actual time=0.016..1917.640 rows=4021945 loops=1)
                    Filter: (keyword_id > 359)
                    Rows Removed by Filter: 501985
              ->  Hash  (cost=61283.27..61283.27 rows=2528527 width=4) (actual time=2581.354..2581.354 rows=2528312 loops=1)
                    Buckets: 131072  Batches: 64  Memory Usage: 2425kB
                    ->  Seq Scan on title t  (cost=0.00..61283.27 rows=2528527 width=4) (actual time=0.027..1029.389 rows=2528312 loops=1)
Planning time: 1.194 ms
Execution time: 92678.029 ms
