Nested Loop  (cost=0.43..709671.90 rows=500 width=0) (actual time=4956.974..10651.881 rows=273 loops=1)
  ->  Seq Scan on cast_info ci  (cost=0.00..705507.15 rows=500 width=4) (actual time=4956.777..10647.452 rows=273 loops=1)
        Filter: (person_id = 2025243)
        Rows Removed by Filter: 36244071
  ->  Index Only Scan using title_pkey on title t  (cost=0.43..8.32 rows=1 width=4) (actual time=0.015..0.015 rows=1 loops=273)
        Index Cond: (id = ci.movie_id)
        Heap Fetches: 273
Planning time: 0.906 ms
Execution time: 10652.023 ms
