Nested Loop  (cost=44377.22..431427.55 rows=9516 width=0) (actual time=3167.588..6431.662 rows=20199 loops=1)
  Join Filter: (mi.movie_id = t.id)
  ->  Hash Join  (cost=44376.79..399813.99 rows=53320 width=8) (actual time=3167.517..6204.238 rows=20199 loops=1)
        Hash Cond: (mi.movie_id = mi_idx.movie_id)
        ->  Seq Scan on movie_info mi  (cost=0.00..346232.03 rows=17937 width=4) (actual time=2260.018..5078.215 rows=6616 loops=1)
              Filter: (info_type_id = 61)
              Rows Removed by Filter: 14829104
        ->  Hash  (cost=21735.35..21735.35 rows=1380035 width=4) (actual time=905.521..905.521 rows=1380035 loops=1)
              Buckets: 131072  Batches: 32  Memory Usage: 2557kB
              ->  Seq Scan on movie_info_idx mi_idx  (cost=0.00..21735.35 rows=1380035 width=4) (actual time=0.024..475.498 rows=1380035 loops=1)
  ->  Index Scan using title_pkey on title t  (cost=0.43..0.58 rows=1 width=4) (actual time=0.010..0.011 rows=1 loops=20199)
        Index Cond: (id = mi_idx.movie_id)
        Filter: (production_year > 0)
Planning time: 1.275 ms
Execution time: 6435.229 ms
