Hash Join  (cost=95162.59..192021.17 rows=1239643 width=0) (actual time=2082.344..4550.196 rows=574307 loops=1)
  Hash Cond: (mc.movie_id = t.id)
  ->  Seq Scan on movie_companies mc  (cost=0.00..51404.11 rows=2421609 width=4) (actual time=0.024..1079.490 rows=2420954 loops=1)
        Filter: (company_id < 117311)
        Rows Removed by Filter: 188175
  ->  Hash  (cost=73925.90..73925.90 rows=1294375 width=4) (actual time=1875.466..1875.466 rows=1374286 loops=1)
        Buckets: 131072  Batches: 32  Memory Usage: 2537kB
        ->  Seq Scan on title t  (cost=0.00..73925.90 rows=1294375 width=4) (actual time=0.013..1417.929 rows=1374286 loops=1)
              Filter: ((production_year > 1967) AND (kind_id = 7))
              Rows Removed by Filter: 1154026
Planning time: 3.278 ms
Execution time: 4623.900 ms
