Seq Scan on title t  (cost=0.00..73925.90 rows=1215794 width=0) (actual time=0.010..1161.869 rows=1301100 loops=1)
  Filter: ((production_year > 1976) AND (kind_id = 7))
  Rows Removed by Filter: 1227212
Planning time: 0.385 ms
Execution time: 1326.208 ms
