Seq Scan on movie_keyword mk  (cost=0.00..81003.12 rows=94601 width=0) (actual time=296.396..1301.918 rows=92680 loops=1)
  Filter: (keyword_id > 84274)
  Rows Removed by Filter: 4431250
Planning time: 0.335 ms
Execution time: 1315.173 ms
