Hash Join  (cost=81635.28..1104362.41 rows=4366865 width=0) (actual time=1387.396..29416.180 rows=4343381 loops=1)
  Hash Cond: (ci.movie_id = t.id)
  ->  Seq Scan on cast_info ci  (cost=0.00..705507.15 rows=23499554 width=4) (actual time=0.023..16137.285 rows=23573656 loops=1)
        Filter: (role_id > 1)
        Rows Removed by Filter: 12670688
  ->  Hash  (cost=73925.90..73925.90 rows=469870 width=4) (actual time=1386.185..1386.185 rows=367087 loops=1)
        Buckets: 131072  Batches: 8  Memory Usage: 2634kB
        ->  Seq Scan on title t  (cost=0.00..73925.90 rows=469870 width=4) (actual time=0.019..1263.139 rows=367087 loops=1)
              Filter: ((kind_id < 4) AND (production_year > 2000))
              Rows Removed by Filter: 2161225
Planning time: 4.142 ms
Execution time: 29920.424 ms
