Hash Join  (cost=102767.86..169622.07 rows=231514 width=0) (actual time=2175.490..3529.764 rows=233210 loops=1)
  Hash Cond: (mc.movie_id = t.id)
  ->  Seq Scan on movie_companies mc  (cost=0.00..51404.11 rows=231514 width=4) (actual time=170.014..929.833 rows=233210 loops=1)
        Filter: (company_id > 104665)
        Rows Removed by Filter: 2375919
  ->  Hash  (cost=61283.27..61283.27 rows=2528527 width=4) (actual time=2003.978..2003.978 rows=2528312 loops=1)
        Buckets: 131072  Batches: 64  Memory Usage: 2415kB
        ->  Seq Scan on title t  (cost=0.00..61283.27 rows=2528527 width=4) (actual time=0.023..1159.848 rows=2528312 loops=1)
Planning time: 0.800 ms
Execution time: 3557.342 ms
