Hash Join  (cost=94699.36..181430.02 rows=7262 width=0) (actual time=1769.050..3647.453 rows=93990 loops=1)
  Hash Cond: (mk.movie_id = t.id)
  ->  Seq Scan on movie_keyword mk  (cost=0.00..69693.30 rows=4523930 width=4) (actual time=0.027..1041.648 rows=4523930 loops=1)
  ->  Hash  (cost=94648.62..94648.62 rows=4059 width=8) (actual time=1765.774..1765.774 rows=12385 loops=1)
        Buckets: 16384 (originally 4096)  Batches: 1 (originally 1)  Memory Usage: 612kB
        ->  Hash Join  (cost=67697.55..94648.62 rows=4059 width=8) (actual time=1140.406..1760.844 rows=12385 loops=1)
              Hash Cond: (mi_idx.movie_id = t.id)
              ->  Seq Scan on movie_info_idx mi_idx  (cost=0.00..21735.35 rows=1380035 width=4) (actual time=0.013..322.110 rows=1380035 loops=1)
              ->  Hash  (cost=67604.59..67604.59 rows=7437 width=4) (actual time=1139.899..1139.899 rows=16571 loops=1)
                    Buckets: 32768 (originally 8192)  Batches: 1 (originally 1)  Memory Usage: 839kB
                    ->  Seq Scan on title t  (cost=0.00..67604.59 rows=7437 width=4) (actual time=0.030..1131.518 rows=16571 loops=1)
                          Filter: (production_year = 1984)
                          Rows Removed by Filter: 2511741
Planning time: 1.176 ms
Execution time: 3659.464 ms
