Nested Loop  (cost=0.43..52284.21 rows=39 width=0) (actual time=42.037..764.321 rows=289 loops=1)
  ->  Seq Scan on movie_companies mc  (cost=0.00..51404.11 rows=104 width=4) (actual time=41.946..754.768 rows=370 loops=1)
        Filter: (company_id = 2741)
        Rows Removed by Filter: 2608759
  ->  Index Scan using title_pkey on title t  (cost=0.43..8.45 rows=1 width=4) (actual time=0.023..0.024 rows=1 loops=370)
        Index Cond: (id = mc.movie_id)
        Filter: ((kind_id < 7) AND (production_year > 1903))
        Rows Removed by Filter: 0
Planning time: 0.848 ms
Execution time: 764.519 ms
