Nested Loop  (cost=32807.94..94647.59 rows=196 width=0) (actual time=662.270..1470.126 rows=721 loops=1)
  Join Filter: (mc.movie_id = t.id)
  ->  Hash Join  (cost=32807.51..92953.08 rows=1988 width=8) (actual time=637.309..1448.602 rows=859 loops=1)
        Hash Cond: (mc.movie_id = mi_idx.movie_id)
        ->  Seq Scan on movie_companies mc  (cost=0.00..57926.93 rows=2090 width=4) (actual time=0.133..758.539 rows=1768 loops=1)
              Filter: ((company_id = 329) AND (company_type_id = 1))
              Rows Removed by Filter: 2607361
        ->  Hash  (cost=25185.44..25185.44 rows=464566 width=4) (actual time=616.478..616.478 rows=459925 loops=1)
              Buckets: 131072  Batches: 8  Memory Usage: 3050kB
              ->  Seq Scan on movie_info_idx mi_idx  (cost=0.00..25185.44 rows=464566 width=4) (actual time=0.019..466.819 rows=459925 loops=1)
                    Filter: (info_type_id = 101)
                    Rows Removed by Filter: 920110
  ->  Index Scan using title_pkey on title t  (cost=0.43..0.84 rows=1 width=4) (actual time=0.024..0.024 rows=1 loops=859)
        Index Cond: (id = mi_idx.movie_id)
        Filter: ((kind_id > 1) AND (production_year > 1990))
        Rows Removed by Filter: 0
Planning time: 1.256 ms
Execution time: 1470.485 ms
