Hash Join  (cost=125637.39..619148.17 rows=1284388 width=0) (actual time=2602.991..14548.104 rows=706611 loops=1)
  Hash Cond: (mi.movie_id = t.id)
  ->  Seq Scan on movie_info mi  (cost=0.00..309384.22 rows=14739122 width=4) (actual time=0.010..5963.523 rows=14835720 loops=1)
  ->  Hash  (cost=122022.15..122022.15 rows=220339 width=8) (actual time=2602.283..2602.283 rows=96867 loops=1)
        Buckets: 131072  Batches: 4  Memory Usage: 1967kB
        ->  Hash Join  (cost=80549.28..122022.15 rows=220339 width=8) (actual time=1944.739..2570.253 rows=96867 loops=1)
              Hash Cond: (mi_idx.movie_id = t.id)
              ->  Seq Scan on movie_info_idx mi_idx  (cost=0.00..21735.35 rows=1380035 width=4) (actual time=0.024..444.619 rows=1380035 loops=1)
              ->  Hash  (cost=73925.90..73925.90 rows=403710 width=4) (actual time=1443.176..1443.176 rows=434218 loops=1)
                    Buckets: 131072  Batches: 8  Memory Usage: 2935kB
                    ->  Seq Scan on title t  (cost=0.00..73925.90 rows=403710 width=4) (actual time=0.019..1301.051 rows=434218 loops=1)
                          Filter: ((production_year > 2008) AND (kind_id = 7))
                          Rows Removed by Filter: 2094094
Planning time: 1.905 ms
Execution time: 14626.782 ms
