Hash Join  (cost=102767.86..286305.53 rows=3850618 width=0) (actual time=1939.641..7296.580 rows=3850155 loops=1)
  Hash Cond: (mk.movie_id = t.id)
  ->  Seq Scan on movie_keyword mk  (cost=0.00..81003.12 rows=3850618 width=4) (actual time=0.016..1725.422 rows=3850155 loops=1)
        Filter: (keyword_id > 537)
        Rows Removed by Filter: 673775
  ->  Hash  (cost=61283.27..61283.27 rows=2528527 width=4) (actual time=1936.697..1936.697 rows=2528312 loops=1)
        Buckets: 131072  Batches: 64  Memory Usage: 2425kB
        ->  Seq Scan on title t  (cost=0.00..61283.27 rows=2528527 width=4) (actual time=0.018..1060.517 rows=2528312 loops=1)
Planning time: 0.753 ms
Execution time: 7770.118 ms
