Hash Join  (cost=78988.28..1158196.95 rows=4419950 width=0) (actual time=1176.341..31388.482 rows=4210397 loops=1)
  Hash Cond: (ci.movie_id = t.id)
  ->  Seq Scan on cast_info ci  (cost=0.00..614943.12 rows=36225612 width=4) (actual time=0.020..12977.912 rows=36244344 loops=1)
  ->  Hash  (cost=73925.90..73925.90 rows=308510 width=4) (actual time=1175.494..1175.494 rows=266599 loops=1)
        Buckets: 131072  Batches: 8  Memory Usage: 2191kB
        ->  Seq Scan on title t  (cost=0.00..73925.90 rows=308510 width=4) (actual time=0.008..1094.820 rows=266599 loops=1)
              Filter: ((kind_id < 7) AND (production_year > 2007))
              Rows Removed by Filter: 2261713
Planning time: 0.531 ms
Execution time: 31901.885 ms
