Seq Scan on movie_keyword mk  (cost=0.00..81003.12 rows=447888 width=0) (actual time=0.847..1366.776 rows=446526 loops=1)
  Filter: (keyword_id > 39702)
  Rows Removed by Filter: 4077404
Planning time: 0.354 ms
Execution time: 1424.618 ms
