Seq Scan on movie_keyword mk  (cost=0.00..81003.12 rows=6183 width=0) (actual time=0.043..1335.458 rows=6790 loops=1)
  Filter: (keyword_id = 495)
  Rows Removed by Filter: 4517140
Planning time: 0.385 ms
Execution time: 1337.187 ms
