Hash Join  (cost=225992.76..784156.95 rows=5616935 width=0) (actual time=5284.296..29762.283 rows=55239860 loops=1)
  Hash Cond: (mi.movie_id = t.id)
  ->  Seq Scan on movie_info mi  (cost=0.00..309384.22 rows=14739122 width=4) (actual time=0.023..6193.624 rows=14835720 loops=1)
  ->  Hash  (cost=210182.79..210182.79 rows=963597 width=8) (actual time=5282.902..5282.902 rows=1343967 loops=1)
        Buckets: 131072 (originally 131072)  Batches: 32 (originally 16)  Memory Usage: 3073kB
        ->  Hash Join  (cost=76440.79..210182.79 rows=963597 width=8) (actual time=1342.098..4888.345 rows=1343967 loops=1)
              Hash Cond: (mk.movie_id = t.id)
              ->  Seq Scan on movie_keyword mk  (cost=0.00..69693.30 rows=4523930 width=4) (actual time=0.018..1359.023 rows=4523930 loops=1)
              ->  Hash  (cost=67604.59..67604.59 rows=538576 width=4) (actual time=1340.151..1340.151 rows=538190 loops=1)
                    Buckets: 131072  Batches: 8  Memory Usage: 3387kB
                    ->  Seq Scan on title t  (cost=0.00..67604.59 rows=538576 width=4) (actual time=0.021..1168.003 rows=538190 loops=1)
                          Filter: (production_year < 1982)
                          Rows Removed by Filter: 1990122
Planning time: 1.147 ms
Execution time: 35409.466 ms
