Seq Scan on movie_keyword mk  (cost=0.00..81003.12 rows=1036506 width=0) (actual time=0.015..1330.518 rows=1043514 loops=1)
  Filter: (keyword_id > 16986)
  Rows Removed by Filter: 3480416
Planning time: 0.321 ms
Execution time: 1462.163 ms
