Hash Join  (cost=474404.93..604770.14 rows=686417 width=0) (actual time=8410.409..18474.662 rows=29503309 loops=1)
  Hash Cond: (mk.movie_id = t.id)
  ->  Seq Scan on movie_keyword mk  (cost=0.00..69693.30 rows=4523930 width=4) (actual time=0.025..1487.174 rows=4523930 loops=1)
  ->  Hash  (cost=468110.26..468110.26 rows=383654 width=8) (actual time=8406.522..8406.522 rows=428651 loops=1)
        Buckets: 131072  Batches: 8  Memory Usage: 3186kB
        ->  Hash Join  (cost=102767.86..468110.26 rows=383654 width=8) (actual time=3210.325..8289.703 rows=428651 loops=1)
              Hash Cond: (mi.movie_id = t.id)
              ->  Seq Scan on movie_info mi  (cost=0.00..346232.03 rows=383654 width=4) (actual time=1049.915..5456.485 rows=428651 loops=1)
                    Filter: (info_type_id > 104)
                    Rows Removed by Filter: 14407069
              ->  Hash  (cost=61283.27..61283.27 rows=2528527 width=4) (actual time=2155.978..2155.978 rows=2528312 loops=1)
                    Buckets: 131072  Batches: 64  Memory Usage: 2425kB
                    ->  Seq Scan on title t  (cost=0.00..61283.27 rows=2528527 width=4) (actual time=0.014..1261.343 rows=2528312 loops=1)
Planning time: 1.158 ms
Execution time: 21969.548 ms
