Hash Join  (cost=152397.40..1130654.02 rows=1833148 width=0) (actual time=3485.627..29584.251 rows=4787022 loops=1)
  Hash Cond: (ci.movie_id = t.id)
  ->  Seq Scan on cast_info ci  (cost=0.00..705507.15 rows=21932265 width=4) (actual time=0.025..15285.269 rows=21802240 loops=1)
        Filter: (person_id < 2216553)
        Rows Removed by Filter: 14442104
  ->  Hash  (cost=148929.65..148929.65 rows=211340 width=8) (actual time=3484.677..3484.677 rows=413724 loops=1)
        Buckets: 131072 (originally 131072)  Batches: 8 (originally 4)  Memory Usage: 3073kB
        ->  Hash Join  (cost=70965.72..148929.65 rows=211340 width=8) (actual time=1186.475..3348.623 rows=413724 loops=1)
              Hash Cond: (mc.movie_id = t.id)
              ->  Seq Scan on movie_companies mc  (cost=0.00..44881.29 rows=2609129 width=4) (actual time=0.024..906.403 rows=2609129 loops=1)
              ->  Hash  (cost=67604.59..67604.59 rows=204811 width=4) (actual time=1185.787..1185.787 rows=202996 loops=1)
                    Buckets: 131072  Batches: 4  Memory Usage: 2808kB
                    ->  Seq Scan on title t  (cost=0.00..67604.59 rows=204811 width=4) (actual time=0.021..1114.628 rows=202996 loops=1)
                          Filter: (production_year < 1956)
                          Rows Removed by Filter: 2325316
Planning time: 1.189 ms
Execution time: 30094.880 ms
