Seq Scan on movie_keyword mk  (cost=0.00..81003.12 rows=449824 width=0) (actual time=0.017..1101.864 rows=461727 loops=1)
  Filter: (keyword_id < 349)
  Rows Removed by Filter: 4062203
Planning time: 0.310 ms
Execution time: 1154.221 ms
