Seq Scan on cast_info ci  (cost=0.00..796071.18 rows=1610011 width=0) (actual time=7573.897..13482.905 rows=524011 loops=1)
  Filter: ((person_id < 1326905) AND (role_id = 10))
  Rows Removed by Filter: 35720333
Planning time: 0.354 ms
Execution time: 13551.273 ms
