Hash Join  (cost=144059.98..277176.43 rows=912241 width=0) (actual time=3409.992..9867.945 rows=9292810 loops=1)
  Hash Cond: (mk.movie_id = t.id)
  ->  Seq Scan on movie_keyword mk  (cost=0.00..69693.30 rows=4523930 width=4) (actual time=0.028..1614.202 rows=4523930 loops=1)
  ->  Hash  (cost=135694.58..135694.58 rows=509872 width=8) (actual time=3408.159..3408.159 rows=947744 loops=1)
        Buckets: 131072 (originally 131072)  Batches: 16 (originally 8)  Memory Usage: 3357kB
        ->  Hash Join  (cost=89253.38..135694.58 rows=509872 width=8) (actual time=1561.511..3114.806 rows=947744 loops=1)
              Hash Cond: (mi_idx.movie_id = t.id)
              ->  Seq Scan on movie_info_idx mi_idx  (cost=0.00..21735.35 rows=1380035 width=4) (actual time=0.022..479.824 rows=1380035 loops=1)
              ->  Hash  (cost=73925.90..73925.90 rows=934198 width=4) (actual time=1560.552..1560.552 rows=950693 loops=1)
                    Buckets: 131072  Batches: 16  Memory Usage: 3114kB
                    ->  Seq Scan on title t  (cost=0.00..73925.90 rows=934198 width=4) (actual time=0.028..1265.911 rows=950693 loops=1)
                          Filter: ((kind_id < 7) AND (production_year < 2013))
                          Rows Removed by Filter: 1577619
Planning time: 1.636 ms
Execution time: 10954.704 ms
