Hash Join  (cost=699450.09..2677134.98 rows=69842862 width=0) (actual time=45244.005..234712.117 rows=351267177 loops=1)
  Hash Cond: (ci.movie_id = t.id)
  ->  Seq Scan on cast_info ci  (cost=0.00..614943.12 rows=36225612 width=4) (actual time=0.019..47837.432 rows=36244344 loops=1)
  ->  Hash  (cost=619469.69..619469.69 rows=4874992 width=8) (actual time=45224.397..45224.397 rows=9846340 loops=1)
        Buckets: 131072 (originally 131072)  Batches: 256 (originally 64)  Memory Usage: 4017kB
        ->  Hash Join  (cost=87646.84..619469.69 rows=4874992 width=8) (actual time=5388.723..40727.383 rows=9846340 loops=1)
              Hash Cond: (mi.movie_id = t.id)
              ->  Seq Scan on movie_info mi  (cost=0.00..309384.22 rows=14739122 width=4) (actual time=0.012..22075.475 rows=14835720 loops=1)
              ->  Hash  (cost=73925.90..73925.90 rows=836315 width=4) (actual time=5387.910..5387.910 rows=847424 loops=1)
                    Buckets: 131072  Batches: 16  Memory Usage: 2891kB
                    ->  Seq Scan on title t  (cost=0.00..73925.90 rows=836315 width=4) (actual time=0.018..4333.201 rows=847424 loops=1)
                          Filter: ((kind_id < 4) AND (production_year > 0))
                          Rows Removed by Filter: 1680888
Planning time: 1.112 ms
Execution time: 284215.968 ms
