Hash Join  (cost=73927.52..824735.16 rows=1848 width=0) (actual time=1188.032..17459.474 rows=3099 loops=1)
  Hash Cond: (ci.movie_id = t.id)
  ->  Seq Scan on cast_info ci  (cost=0.00..614943.12 rows=36225612 width=4) (actual time=0.019..9202.876 rows=36244344 loops=1)
  ->  Hash  (cost=73925.90..73925.90 rows=129 width=4) (actual time=1185.284..1185.284 rows=438 loops=1)
        Buckets: 1024  Batches: 1  Memory Usage: 24kB
        ->  Seq Scan on title t  (cost=0.00..73925.90 rows=129 width=4) (actual time=8.259..1184.956 rows=438 loops=1)
              Filter: ((kind_id < 7) AND (production_year > 2014))
              Rows Removed by Filter: 2527874
Planning time: 0.833 ms
Execution time: 17461.111 ms
