Hash Join  (cost=365418.15..1822103.60 rows=38090025 width=0) (actual time=8948.887..64867.019 rows=123609097 loops=1)
  Hash Cond: (ci.movie_id = t.id)
  ->  Seq Scan on cast_info ci  (cost=0.00..705507.15 rows=21289378 width=4) (actual time=0.019..15143.463 rows=21412211 loops=1)
        Filter: (person_id > 1463411)
        Rows Removed by Filter: 14832133
  ->  Hash  (cost=291197.02..291197.02 rows=4523930 width=8) (actual time=8946.904..8946.904 rows=4523930 loops=1)
        Buckets: 131072  Batches: 64  Memory Usage: 3816kB
        ->  Hash Join  (cost=102767.86..291197.02 rows=4523930 width=8) (actual time=2305.908..7639.888 rows=4523930 loops=1)
              Hash Cond: (mk.movie_id = t.id)
              ->  Seq Scan on movie_keyword mk  (cost=0.00..69693.30 rows=4523930 width=4) (actual time=0.014..1571.560 rows=4523930 loops=1)
              ->  Hash  (cost=61283.27..61283.27 rows=2528527 width=4) (actual time=2304.246..2304.246 rows=2528312 loops=1)
                    Buckets: 131072  Batches: 64  Memory Usage: 2425kB
                    ->  Seq Scan on title t  (cost=0.00..61283.27 rows=2528527 width=4) (actual time=0.022..1163.333 rows=2528312 loops=1)
Planning time: 1.156 ms
Execution time: 78340.517 ms
