Hash Join  (cost=83074.74..109986.57 rows=134 width=0) (actual time=1458.626..2037.811 rows=4775 loops=1)
  Hash Cond: (mi_idx.movie_id = t.id)
  ->  Seq Scan on movie_info_idx mi_idx  (cost=0.00..21735.35 rows=1380035 width=4) (actual time=0.016..318.128 rows=1380035 loops=1)
  ->  Hash  (cost=83071.67..83071.67 rows=246 width=8) (actual time=1458.512..1458.512 rows=1820 loops=1)
        Buckets: 2048 (originally 1024)  Batches: 1 (originally 1)  Memory Usage: 88kB
        ->  Nested Loop  (cost=0.43..83071.67 rows=246 width=8) (actual time=0.921..1457.128 rows=1820 loops=1)
              ->  Seq Scan on movie_keyword mk  (cost=0.00..81003.12 rows=246 width=4) (actual time=0.851..1372.580 rows=1820 loops=1)
                    Filter: (keyword_id = 323)
                    Rows Removed by Filter: 4522110
              ->  Index Only Scan using title_pkey on title t  (cost=0.43..8.40 rows=1 width=4) (actual time=0.045..0.045 rows=1 loops=1820)
                    Index Cond: (id = mk.movie_id)
                    Heap Fetches: 1820
Planning time: 1.202 ms
Execution time: 2038.705 ms
