Nested Loop  (cost=0.43..71798.77 rows=831 width=0) (actual time=26.494..889.571 rows=167 loops=1)
  ->  Seq Scan on movie_companies mc  (cost=0.00..51404.11 rows=2609 width=4) (actual time=0.876..815.649 rows=2323 loops=1)
        Filter: (company_id = 2805)
        Rows Removed by Filter: 2606806
  ->  Index Scan using title_pkey on title t  (cost=0.43..7.81 rows=1 width=4) (actual time=0.031..0.031 rows=0 loops=2323)
        Index Cond: (id = mc.movie_id)
        Filter: ((production_year > 2001) AND (kind_id = 7))
        Rows Removed by Filter: 1
Planning time: 5.816 ms
Execution time: 889.706 ms
