Hash Join  (cost=164892.17..1090589.04 rows=1403162 width=0) (actual time=3771.420..21324.678 rows=971982 loops=1)
  Hash Cond: (ci.movie_id = t.id)
  ->  Seq Scan on cast_info ci  (cost=0.00..796071.18 rows=9875751 width=4) (actual time=0.016..14986.483 rows=5459035 loops=1)
        Filter: ((person_id < 2231813) AND (role_id > 2))
        Rows Removed by Filter: 30785309
  ->  Hash  (cost=158997.46..158997.46 rows=359257 width=8) (actual time=3770.595..3770.595 rows=243861 loops=1)
        Buckets: 131072  Batches: 8  Memory Usage: 2213kB
        ->  Hash Join  (cost=83189.08..158997.46 rows=359257 width=8) (actual time=1777.738..3699.380 rows=243861 loops=1)
              Hash Cond: (mc.movie_id = t.id)
              ->  Seq Scan on movie_companies mc  (cost=0.00..51404.11 rows=1608986 width=4) (actual time=0.020..1047.609 rows=1600263 loops=1)
                    Filter: (company_id < 16396)
                    Rows Removed by Filter: 1008866
              ->  Hash  (cost=73925.90..73925.90 rows=564574 width=4) (actual time=1411.622..1411.622 rows=454234 loops=1)
                    Buckets: 131072  Batches: 8  Memory Usage: 3004kB
                    ->  Seq Scan on title t  (cost=0.00..73925.90 rows=564574 width=4) (actual time=0.013..1263.260 rows=454234 loops=1)
                          Filter: ((production_year < 1998) AND (kind_id = 7))
                          Rows Removed by Filter: 2074078
Planning time: 1.228 ms
Execution time: 21432.068 ms
