Hash Join  (cost=128252.65..254020.51 rows=309082 width=0) (actual time=4229.132..6011.310 rows=227509 loops=1)
  Hash Cond: (mk.movie_id = t.id)
  ->  Seq Scan on movie_keyword mk  (cost=0.00..69693.30 rows=4523930 width=4) (actual time=0.024..1472.302 rows=4523930 loops=1)
  ->  Hash  (cost=125418.24..125418.24 rows=172753 width=8) (actual time=2556.560..2556.560 rows=96715 loops=1)
        Buckets: 131072  Batches: 4  Memory Usage: 1976kB
        ->  Hash Join  (cost=89472.60..125418.24 rows=172753 width=8) (actual time=1963.164..2522.269 rows=96715 loops=1)
              Hash Cond: (mi_idx.movie_id = t.id)
              ->  Seq Scan on movie_info_idx mi_idx  (cost=0.00..25185.44 rows=460978 width=4) (actual time=0.017..502.913 rows=459925 loops=1)
                    Filter: (info_type_id < 100)
                    Rows Removed by Filter: 920110
              ->  Hash  (cost=73925.90..73925.90 rows=947576 width=4) (actual time=1626.973..1626.973 rows=876037 loops=1)
                    Buckets: 131072  Batches: 16  Memory Usage: 2949kB
                    ->  Seq Scan on title t  (cost=0.00..73925.90 rows=947576 width=4) (actual time=290.568..1325.608 rows=876037 loops=1)
                          Filter: ((production_year < 2007) AND (kind_id = 7))
                          Rows Removed by Filter: 1652275
Planning time: 1.145 ms
Execution time: 6040.761 ms
