Hash Join  (cost=127696.89..879350.82 rows=86476 width=0) (actual time=2133.845..18740.478 rows=107439 loops=1)
  Hash Cond: (ci.movie_id = t.id)
  ->  Seq Scan on cast_info ci  (cost=0.00..614943.12 rows=36225612 width=4) (actual time=0.015..9016.280 rows=36244344 loops=1)
  ->  Hash  (cost=127621.44..127621.44 rows=6036 width=8) (actual time=2133.088..2133.088 rows=3900 loops=1)
        Buckets: 8192  Batches: 1  Memory Usage: 217kB
        ->  Hash Join  (cost=68058.67..127621.44 rows=6036 width=8) (actual time=1262.290..2131.208 rows=3900 loops=1)
              Hash Cond: (mc.movie_id = t.id)
              ->  Seq Scan on movie_companies mc  (cost=0.00..57926.93 rows=420126 width=4) (actual time=195.836..998.325 rows=237265 loops=1)
                    Filter: ((company_id < 1909) AND (company_type_id > 1))
                    Rows Removed by Filter: 2371864
              ->  Hash  (cost=67604.59..67604.59 rows=36327 width=4) (actual time=1064.377..1064.377 rows=36509 loops=1)
                    Buckets: 65536  Batches: 1  Memory Usage: 1796kB
                    ->  Seq Scan on title t  (cost=0.00..67604.59 rows=36327 width=4) (actual time=0.029..1048.958 rows=36509 loops=1)
                          Filter: (production_year = 1996)
                          Rows Removed by Filter: 2491803
Planning time: 0.800 ms
Execution time: 18761.109 ms
