Hash Join  (cost=74528.17..162048.23 rows=86203 width=0) (actual time=1225.209..3102.132 rows=107381 loops=1)
  Hash Cond: (mk.movie_id = t.id)
  ->  Seq Scan on movie_keyword mk  (cost=0.00..69693.30 rows=4523930 width=4) (actual time=0.014..991.210 rows=4523930 loops=1)
  ->  Hash  (cost=73925.90..73925.90 rows=48181 width=4) (actual time=1224.882..1224.882 rows=40899 loops=1)
        Buckets: 65536  Batches: 1  Memory Usage: 1950kB
        ->  Seq Scan on title t  (cost=0.00..73925.90 rows=48181 width=4) (actual time=0.022..1209.101 rows=40899 loops=1)
              Filter: ((kind_id < 4) AND (production_year = 2010))
              Rows Removed by Filter: 2487413
Planning time: 0.569 ms
Execution time: 3116.518 ms
