Seq Scan on cast_info ci  (cost=0.00..796071.18 rows=2229219 width=0) (actual time=9819.280..12810.208 rows=4501960 loops=1)
  Filter: ((person_id < 602258) AND (role_id = 1))
  Rows Removed by Filter: 31742384
Planning time: 0.410 ms
Execution time: 13387.746 ms
