Seq Scan on movie_companies mc  (cost=0.00..57926.93 rows=507291 width=0) (actual time=389.189..932.690 rows=819729 loops=1)
  Filter: ((company_id > 16536) AND (company_type_id > 1))
  Rows Removed by Filter: 1789400
Planning time: 0.334 ms
Execution time: 1031.930 ms
