Seq Scan on movie_keyword mk  (cost=0.00..81003.12 rows=2742772 width=0) (actual time=0.019..1403.517 rows=2738476 loops=1)
  Filter: (keyword_id < 7773)
  Rows Removed by Filter: 1785454
Planning time: 0.254 ms
Execution time: 1705.264 ms
