Hash Join  (cost=206801.23..1305519.73 rows=11659502 width=0) (actual time=4416.576..36846.451 rows=13913746 loops=1)
  Hash Cond: (ci.movie_id = t.id)
  ->  Seq Scan on cast_info ci  (cost=0.00..705507.15 rows=23499554 width=4) (actual time=0.017..16212.238 rows=23573656 loops=1)
        Filter: (role_id > 1)
        Rows Removed by Filter: 12670688
  ->  Hash  (cost=186218.35..186218.35 rows=1254550 width=8) (actual time=4415.233..4415.233 rows=517719 loops=1)
        Buckets: 131072  Batches: 32  Memory Usage: 1643kB
        ->  Hash Join  (cost=93873.33..186218.35 rows=1254550 width=8) (actual time=1677.544..4262.761 rows=517719 loops=1)
              Hash Cond: (mc.movie_id = t.id)
              ->  Seq Scan on movie_companies mc  (cost=0.00..44881.29 rows=2609129 width=4) (actual time=0.024..1007.700 rows=2609129 loops=1)
              ->  Hash  (cost=73925.90..73925.90 rows=1215794 width=4) (actual time=1676.460..1676.460 rows=1301100 loops=1)
                    Buckets: 131072  Batches: 16  Memory Usage: 3892kB
                    ->  Seq Scan on title t  (cost=0.00..73925.90 rows=1215794 width=4) (actual time=0.021..1255.602 rows=1301100 loops=1)
                          Filter: ((production_year > 1976) AND (kind_id = 7))
                          Rows Removed by Filter: 1227212
Planning time: 1.164 ms
Execution time: 38447.322 ms
