Hash Join  (cost=73999.64..472791.72 rows=32497 width=0) (actual time=1003.898..9752.320 rows=37113 loops=1)
  Hash Cond: (mi.movie_id = t.id)
  ->  Seq Scan on movie_info mi  (cost=0.00..346232.03 rows=13929354 width=4) (actual time=0.019..6398.154 rows=14033580 loops=1)
        Filter: (info_type_id > 1)
        Rows Removed by Filter: 802140
  ->  Hash  (cost=73925.90..73925.90 rows=5899 width=4) (actual time=984.061..984.061 rows=5540 loops=1)
        Buckets: 8192  Batches: 1  Memory Usage: 259kB
        ->  Seq Scan on title t  (cost=0.00..73925.90 rows=5899 width=4) (actual time=320.181..981.195 rows=5540 loops=1)
              Filter: ((kind_id = 2) AND (production_year = 2012))
              Rows Removed by Filter: 2522772
Planning time: 0.832 ms
Execution time: 9758.435 ms
