Hash Join  (cost=123984.52..488859.80 rows=21935 width=0) (actual time=2190.667..9299.865 rows=287999 loops=1)
  Hash Cond: (mi.movie_id = t.id)
  ->  Seq Scan on movie_info mi  (cost=0.00..309384.22 rows=14739122 width=4) (actual time=0.016..3897.448 rows=14835720 loops=1)
  ->  Hash  (cost=123937.48..123937.48 rows=3763 width=8) (actual time=2189.833..2189.833 rows=9036 loops=1)
        Buckets: 16384 (originally 4096)  Batches: 1 (originally 1)  Memory Usage: 481kB
        ->  Hash Join  (cost=67697.55..123937.48 rows=3763 width=8) (actual time=1152.056..2186.040 rows=9036 loops=1)
              Hash Cond: (mc.movie_id = t.id)
              ->  Seq Scan on movie_companies mc  (cost=0.00..51404.11 rows=1279517 width=4) (actual time=58.527..847.682 rows=1274246 loops=1)
                    Filter: (company_type_id < 2)
                    Rows Removed by Filter: 1334883
              ->  Hash  (cost=67604.59..67604.59 rows=7437 width=4) (actual time=1092.782..1092.782 rows=14235 loops=1)
                    Buckets: 16384 (originally 8192)  Batches: 1 (originally 1)  Memory Usage: 629kB
                    ->  Seq Scan on title t  (cost=0.00..67604.59 rows=7437 width=4) (actual time=0.037..1085.541 rows=14235 loops=1)
                          Filter: (production_year = 1968)
                          Rows Removed by Filter: 2514077
Planning time: 1.133 ms
Execution time: 9338.409 ms
