Seq Scan on movie_keyword mk  (cost=0.00..81003.12 rows=246 width=0) (actual time=0.737..1173.795 rows=1118 loops=1)
  Filter: (keyword_id = 3086)
  Rows Removed by Filter: 4522812
Planning time: 0.362 ms
Execution time: 1174.216 ms
