Hash Join  (cost=101490.70..163197.46 rows=5659 width=0) (actual time=1854.046..3040.134 rows=22216 loops=1)
  Hash Cond: (mc.movie_id = t.id)
  ->  Seq Scan on movie_companies mc  (cost=0.00..57926.93 rows=992863 width=4) (actual time=0.012..1014.401 rows=693469 loops=1)
        Filter: ((company_id < 51325) AND (company_type_id > 1))
        Rows Removed by Filter: 1915660
  ->  Hash  (cost=101310.56..101310.56 rows=14411 width=8) (actual time=1853.862..1853.862 rows=31800 loops=1)
        Buckets: 32768 (originally 16384)  Batches: 1 (originally 1)  Memory Usage: 1499kB
        ->  Hash Join  (cost=74255.97..101310.56 rows=14411 width=8) (actual time=1187.377..1841.967 rows=31800 loops=1)
              Hash Cond: (mi_idx.movie_id = t.id)
              ->  Seq Scan on movie_info_idx mi_idx  (cost=0.00..21735.35 rows=1380035 width=4) (actual time=0.022..314.087 rows=1380035 loops=1)
              ->  Hash  (cost=73925.90..73925.90 rows=26405 width=4) (actual time=1186.999..1186.999 rows=23926 loops=1)
                    Buckets: 32768  Batches: 1  Memory Usage: 1098kB
                    ->  Seq Scan on title t  (cost=0.00..73925.90 rows=26405 width=4) (actual time=0.123..1176.652 rows=23926 loops=1)
                          Filter: ((kind_id < 7) AND (production_year = 2003))
                          Rows Removed by Filter: 2504386
Planning time: 0.922 ms
Execution time: 3043.342 ms
