Hash Join  (cost=102767.86..214964.74 rows=885770 width=0) (actual time=1944.461..4423.742 rows=891535 loops=1)
  Hash Cond: (mk.movie_id = t.id)
  ->  Seq Scan on movie_keyword mk  (cost=0.00..81003.12 rows=885770 width=4) (actual time=0.031..1380.564 rows=891535 loops=1)
        Filter: (keyword_id > 20659)
        Rows Removed by Filter: 3632395
  ->  Hash  (cost=61283.27..61283.27 rows=2528527 width=4) (actual time=1941.490..1941.490 rows=2528312 loops=1)
        Buckets: 131072  Batches: 64  Memory Usage: 2425kB
        ->  Seq Scan on title t  (cost=0.00..61283.27 rows=2528527 width=4) (actual time=0.023..1086.963 rows=2528312 loops=1)
Planning time: 0.858 ms
Execution time: 4526.798 ms
