Hash Join  (cost=140417.21..221343.82 rows=434593 width=0) (actual time=3119.366..5419.115 rows=963592 loops=1)
  Hash Cond: (mc.movie_id = t.id)
  ->  Seq Scan on movie_companies mc  (cost=0.00..51404.11 rows=1990817 width=4) (actual time=0.030..1060.019 rows=1987000 loops=1)
        Filter: (company_id < 61698)
        Rows Removed by Filter: 622129
  ->  Hash  (cost=131360.53..131360.53 rows=551974 width=8) (actual time=3118.381..3118.381 rows=430747 loops=1)
        Buckets: 131072  Batches: 8  Memory Usage: 3114kB
        ->  Hash Join  (cost=84197.31..131360.53 rows=551974 width=8) (actual time=1611.082..2987.617 rows=430747 loops=1)
              Hash Cond: (mi_idx.movie_id = t.id)
              ->  Seq Scan on movie_info_idx mi_idx  (cost=0.00..21735.35 rows=1380035 width=4) (actual time=0.017..447.231 rows=1380035 loops=1)
              ->  Hash  (cost=67604.59..67604.59 rows=1011338 width=4) (actual time=1610.291..1610.291 rows=1012920 loops=1)
                    Buckets: 131072  Batches: 16  Memory Usage: 3250kB
                    ->  Seq Scan on title t  (cost=0.00..67604.59 rows=1011338 width=4) (actual time=0.025..1293.352 rows=1012920 loops=1)
                          Filter: (production_year > 2005)
                          Rows Removed by Filter: 1515392
Planning time: 1.140 ms
Execution time: 5543.092 ms
