Hash Join  (cost=125794.91..203675.22 rows=205279 width=0) (actual time=6491.850..11078.476 rows=482208 loops=1)
  Hash Cond: (mc.movie_id = t.id)
  ->  Seq Scan on movie_companies mc  (cost=0.00..44881.29 rows=2609129 width=4) (actual time=0.020..3010.248 rows=2609129 loops=1)
  ->  Hash  (cost=122530.20..122530.20 rows=198937 width=8) (actual time=6491.102..6491.102 rows=162856 loops=1)
        Buckets: 131072  Batches: 4  Memory Usage: 2610kB
        ->  Hash Join  (cost=85777.42..122530.20 rows=198937 width=8) (actual time=4377.812..6434.017 rows=162856 loops=1)
              Hash Cond: (mi_idx.movie_id = t.id)
              ->  Seq Scan on movie_info_idx mi_idx  (cost=0.00..25185.44 rows=454124 width=4) (actual time=0.016..1503.106 rows=459925 loops=1)
                    Filter: (info_type_id = 100)
                    Rows Removed by Filter: 920110
              ->  Hash  (cost=67604.59..67604.59 rows=1107667 width=4) (actual time=4376.795..4376.795 rows=1107925 loops=1)
                    Buckets: 131072  Batches: 16  Memory Usage: 3460kB
                    ->  Seq Scan on title t  (cost=0.00..67604.59 rows=1107667 width=4) (actual time=0.032..3867.699 rows=1107925 loops=1)
                          Filter: (production_year > 2004)
                          Rows Removed by Filter: 1420387
Planning time: 1.243 ms
Execution time: 11156.626 ms
