Hash Join  (cost=102767.86..925474.95 rows=696364 width=0) (actual time=12242.537..15335.127 rows=1378572 loops=1)
  Hash Cond: (ci.movie_id = t.id)
  ->  Seq Scan on cast_info ci  (cost=0.00..796071.18 rows=696364 width=4) (actual time=10289.900..11894.319 rows=1378572 loops=1)
        Filter: ((person_id < 188930) AND (role_id < 2))
        Rows Removed by Filter: 34865772
  ->  Hash  (cost=61283.27..61283.27 rows=2528527 width=4) (actual time=1951.362..1951.362 rows=2528312 loops=1)
        Buckets: 131072  Batches: 64  Memory Usage: 2415kB
        ->  Seq Scan on title t  (cost=0.00..61283.27 rows=2528527 width=4) (actual time=0.027..1083.215 rows=2528312 loops=1)
Planning time: 0.811 ms
Execution time: 15484.762 ms
