Hash Join  (cost=163692.17..282835.77 rows=366969 width=0) (actual time=3843.374..10364.176 rows=15417347 loops=1)
  Hash Cond: (mk.movie_id = t.id)
  ->  Seq Scan on movie_keyword mk  (cost=0.00..81003.12 rows=2871945 width=4) (actual time=0.015..1663.074 rows=2858355 loops=1)
        Filter: (keyword_id > 2553)
        Rows Removed by Filter: 1665575
  ->  Hash  (cost=158390.57..158390.57 rows=323088 width=8) (actual time=3840.769..3840.769 rows=818632 loops=1)
        Buckets: 131072 (originally 131072)  Batches: 16 (originally 8)  Memory Usage: 3085kB
        ->  Hash Join  (cost=83810.17..158390.57 rows=323088 width=8) (actual time=1443.886..3573.262 rows=818632 loops=1)
              Hash Cond: (mc.movie_id = t.id)
              ->  Seq Scan on movie_companies mc  (cost=0.00..57926.93 rows=827087 width=4) (actual time=0.014..1094.726 rows=1135471 loops=1)
                    Filter: ((company_id < 19462) AND (company_type_id < 2))
                    Rows Removed by Filter: 1473658
              ->  Hash  (cost=67604.59..67604.59 rows=987727 width=4) (actual time=1442.878..1442.878 rows=985048 loops=1)
                    Buckets: 131072  Batches: 16  Memory Usage: 3188kB
                    ->  Seq Scan on title t  (cost=0.00..67604.59 rows=987727 width=4) (actual time=0.015..1138.501 rows=985048 loops=1)
                          Filter: (kind_id < 7)
                          Rows Removed by Filter: 1543264
Planning time: 1.227 ms
Execution time: 12104.816 ms
