Hash Join  (cost=78058.28..1003828.97 rows=1020929 width=0) (actual time=1239.766..24129.496 rows=2095043 loops=1)
  Hash Cond: (ci.movie_id = t.id)
  ->  Seq Scan on cast_info ci  (cost=0.00..796071.18 rows=10249126 width=4) (actual time=0.022..16275.789 rows=12670688 loops=1)
        Filter: ((person_id < 2954910) AND (role_id < 2))
        Rows Removed by Filter: 23573656
  ->  Hash  (cost=73925.90..73925.90 rows=251870 width=4) (actual time=1238.920..1238.920 rows=365623 loops=1)
        Buckets: 131072 (originally 131072)  Batches: 8 (originally 4)  Memory Usage: 3073kB
        ->  Seq Scan on title t  (cost=0.00..73925.90 rows=251870 width=4) (actual time=0.015..1116.558 rows=365623 loops=1)
              Filter: ((kind_id < 7) AND (production_year < 1988))
              Rows Removed by Filter: 2162689
Planning time: 0.839 ms
Execution time: 24383.627 ms
