Seq Scan on cast_info ci  (cost=0.00..796071.18 rows=3597315 width=0) (actual time=0.052..33496.077 rows=2198598 loops=1)
  Filter: ((person_id < 772996) AND (role_id > 2))
  Rows Removed by Filter: 34045746
Planning time: 0.331 ms
Execution time: 33871.118 ms
