Hash Join  (cost=263115.61..421979.53 rows=2863861 width=0) (actual time=6908.015..15740.102 rows=22140189 loops=1)
  Hash Cond: (mk.movie_id = t.id)
  ->  Seq Scan on movie_keyword mk  (cost=0.00..81003.12 rows=2775390 width=4) (actual time=0.013..1673.228 rows=2766259 loops=1)
        Filter: (keyword_id > 2860)
        Rows Removed by Filter: 1757671
  ->  Hash  (cost=220309.49..220309.49 rows=2609129 width=8) (actual time=6906.681..6906.681 rows=2609129 loops=1)
        Buckets: 131072  Batches: 64  Memory Usage: 2691kB
        ->  Hash Join  (cost=102767.86..220309.49 rows=2609129 width=8) (actual time=2308.356..5701.531 rows=2609129 loops=1)
              Hash Cond: (mc.movie_id = t.id)
              ->  Seq Scan on movie_companies mc  (cost=0.00..44881.29 rows=2609129 width=4) (actual time=0.025..872.562 rows=2609129 loops=1)
              ->  Hash  (cost=61283.27..61283.27 rows=2528527 width=4) (actual time=2306.456..2306.456 rows=2528312 loops=1)
                    Buckets: 131072  Batches: 64  Memory Usage: 2415kB
                    ->  Seq Scan on title t  (cost=0.00..61283.27 rows=2528527 width=4) (actual time=0.006..1063.708 rows=2528312 loops=1)
Planning time: 1.086 ms
Execution time: 18401.709 ms
