Hash Join  (cost=58375.85..85286.62 rows=29 width=0) (actual time=928.649..1493.793 rows=4986 loops=1)
  Hash Cond: (mi_idx.movie_id = t.id)
  ->  Seq Scan on movie_info_idx mi_idx  (cost=0.00..21735.35 rows=1380035 width=4) (actual time=0.022..310.655 rows=1380035 loops=1)
  ->  Hash  (cost=58375.18..58375.18 rows=53 width=8) (actual time=924.942..924.942 rows=1747 loops=1)
        Buckets: 2048 (originally 1024)  Batches: 1 (originally 1)  Memory Usage: 85kB
        ->  Nested Loop  (cost=0.43..58375.18 rows=53 width=8) (actual time=479.574..924.017 rows=1747 loops=1)
              ->  Seq Scan on movie_companies mc  (cost=0.00..57926.93 rows=53 width=4) (actual time=479.501..888.277 rows=1747 loops=1)
                    Filter: ((company_id = 2042) AND (company_type_id = 2))
                    Rows Removed by Filter: 2607382
              ->  Index Only Scan using title_pkey on title t  (cost=0.43..8.45 rows=1 width=4) (actual time=0.019..0.020 rows=1 loops=1747)
                    Index Cond: (id = mc.movie_id)
                    Heap Fetches: 1747
Planning time: 2.649 ms
Execution time: 1494.617 ms
