Seq Scan on movie_companies mc  (cost=0.00..57926.93 rows=1147548 width=0) (actual time=0.021..1116.709 rows=1256947 loops=1)
  Filter: ((company_id > 169) AND (company_type_id = 2))
  Rows Removed by Filter: 1352182
Planning time: 0.405 ms
Execution time: 1265.702 ms
