Seq Scan on movie_keyword mk  (cost=0.00..81003.12 rows=2820836 width=0) (actual time=0.016..1485.562 rows=2813926 loops=1)
  Filter: (keyword_id > 2712)
  Rows Removed by Filter: 1710004
Planning time: 0.353 ms
Execution time: 1841.346 ms
