Seq Scan on movie_companies mc  (cost=0.00..57926.93 rows=324745 width=0) (actual time=288.864..846.289 rows=24964 loops=1)
  Filter: ((company_id > 51060) AND (company_type_id < 2))
  Rows Removed by Filter: 2584165
Planning time: 0.355 ms
Execution time: 849.924 ms
