Hash Join  (cost=102767.86..219519.98 rows=1075138 width=0) (actual time=1951.124..4633.131 rows=1085027 loops=1)
  Hash Cond: (mk.movie_id = t.id)
  ->  Seq Scan on movie_keyword mk  (cost=0.00..81003.12 rows=1075138 width=4) (actual time=0.017..1509.795 rows=1085027 loops=1)
        Filter: (keyword_id > 16296)
        Rows Removed by Filter: 3438903
  ->  Hash  (cost=61283.27..61283.27 rows=2528527 width=4) (actual time=1949.604..1949.604 rows=2528312 loops=1)
        Buckets: 131072  Batches: 64  Memory Usage: 2425kB
        ->  Seq Scan on title t  (cost=0.00..61283.27 rows=2528527 width=4) (actual time=0.013..1093.833 rows=2528312 loops=1)
Planning time: 1.604 ms
Execution time: 4752.953 ms
