Hash Join  (cost=74341.98..440938.20 rows=194029 width=0) (actual time=1068.230..8375.094 rows=340363 loops=1)
  Hash Cond: (mi.movie_id = t.id)
  ->  Seq Scan on movie_info mi  (cost=0.00..309384.22 rows=14739122 width=4) (actual time=0.019..3811.342 rows=14835720 loops=1)
  ->  Hash  (cost=73925.90..73925.90 rows=33286 width=4) (actual time=1067.860..1067.860 rows=28113 loops=1)
        Buckets: 65536  Batches: 1  Memory Usage: 1501kB
        ->  Seq Scan on title t  (cost=0.00..73925.90 rows=33286 width=4) (actual time=0.032..1056.507 rows=28113 loops=1)
              Filter: ((kind_id < 7) AND (production_year = 2004))
              Rows Removed by Filter: 2500199
Planning time: 0.749 ms
Execution time: 8419.421 ms
