Hash Join  (cost=67697.55..422223.94 rows=6455 width=0) (actual time=2049.894..7009.099 rows=13319 loops=1)
  Hash Cond: (mi.movie_id = t.id)
  ->  Seq Scan on movie_info mi  (cost=0.00..346232.03 rows=2194617 width=4) (actual time=975.931..5556.591 rows=2233850 loops=1)
        Filter: (info_type_id > 16)
        Rows Removed by Filter: 12601870
  ->  Hash  (cost=67604.59..67604.59 rows=7437 width=4) (actual time=1010.947..1010.947 rows=14235 loops=1)
        Buckets: 16384 (originally 8192)  Batches: 1 (originally 1)  Memory Usage: 629kB
        ->  Seq Scan on title t  (cost=0.00..67604.59 rows=7437 width=4) (actual time=0.102..1003.807 rows=14235 loops=1)
              Filter: (production_year = 1968)
              Rows Removed by Filter: 2514077
Planning time: 0.637 ms
Execution time: 7011.416 ms
