Hash Join  (cost=900436.92..3848693.26 rows=146691807 width=0) (actual time=22909.606..145158.704 rows=341992538 loops=1)
  Hash Cond: (ci.movie_id = t.id)
  ->  Seq Scan on cast_info ci  (cost=0.00..614943.12 rows=36225612 width=4) (actual time=0.020..13480.823 rows=36244344 loops=1)
  ->  Hash  (cost=732452.37..732452.37 rows=10239004 width=8) (actual time=22906.206..22906.206 rows=9205082 loops=1)
        Buckets: 131072  Batches: 256  Memory Usage: 2391kB
        ->  Hash Join  (cost=98098.54..732452.37 rows=10239004 width=8) (actual time=1919.291..19886.117 rows=9205082 loops=1)
              Hash Cond: (mi.movie_id = t.id)
              ->  Seq Scan on movie_info mi  (cost=0.00..346232.03 rows=13929354 width=4) (actual time=0.015..7529.616 rows=14033580 loops=1)
                    Filter: (info_type_id > 1)
                    Rows Removed by Filter: 802140
              ->  Hash  (cost=67604.59..67604.59 rows=1858636 width=4) (actual time=1917.659..1917.659 rows=1852807 loops=1)
                    Buckets: 131072  Batches: 32  Memory Usage: 3075kB
                    ->  Seq Scan on title t  (cost=0.00..67604.59 rows=1858636 width=4) (actual time=0.018..1304.555 rows=1852807 loops=1)
                          Filter: (production_year > 1985)
                          Rows Removed by Filter: 675505
Planning time: 1.171 ms
Execution time: 183484.800 ms
