Hash Join  (cost=102767.86..883965.31 rows=2735034 width=0) (actual time=34854.511..41749.944 rows=2728943 loops=1)
  Hash Cond: (ci.movie_id = t.id)
  ->  Seq Scan on cast_info ci  (cost=0.00..705507.15 rows=2735034 width=4) (actual time=30064.963..33864.531 rows=2728943 loops=1)
        Filter: (role_id = 4)
        Rows Removed by Filter: 33515401
  ->  Hash  (cost=61283.27..61283.27 rows=2528527 width=4) (actual time=4782.056..4782.056 rows=2528312 loops=1)
        Buckets: 131072  Batches: 64  Memory Usage: 2415kB
        ->  Seq Scan on title t  (cost=0.00..61283.27 rows=2528527 width=4) (actual time=0.019..3654.228 rows=2528312 loops=1)
Planning time: 0.703 ms
Execution time: 42122.392 ms
