Hash Join  (cost=662605.56..2458878.87 rows=52183198 width=0) (actual time=19217.870..127913.716 rows=314982752 loops=1)
  Hash Cond: (ci.movie_id = t.id)
  ->  Seq Scan on cast_info ci  (cost=0.00..614943.12 rows=36225612 width=4) (actual time=0.018..14625.838 rows=36244344 loops=1)
  ->  Hash  (cost=602848.09..602848.09 rows=3642358 width=8) (actual time=19118.699..19118.699 rows=7269534 loops=1)
        Buckets: 131072 (originally 131072)  Batches: 128 (originally 64)  Memory Usage: 3241kB
        ->  Hash Join  (cost=84177.58..602848.09 rows=3642358 width=8) (actual time=1817.248..16850.145 rows=7269534 loops=1)
              Hash Cond: (mi.movie_id = t.id)
              ->  Seq Scan on movie_info mi  (cost=0.00..309384.22 rows=14739122 width=4) (actual time=0.021..6008.707 rows=14835720 loops=1)
              ->  Hash  (cost=73925.90..73925.90 rows=624854 width=4) (actual time=1439.198..1439.198 rows=563414 loops=1)
                    Buckets: 131072  Batches: 16  Memory Usage: 2268kB
                    ->  Seq Scan on title t  (cost=0.00..73925.90 rows=624854 width=4) (actual time=0.016..1263.705 rows=563414 loops=1)
                          Filter: ((production_year > 1921) AND (kind_id = 1))
                          Rows Removed by Filter: 1964898
Planning time: 0.844 ms
Execution time: 161277.529 ms
