Hash Join  (cost=120115.59..196772.24 rows=116513 width=0) (actual time=2539.799..4658.413 rows=585323 loops=1)
  Hash Cond: (mc.movie_id = t.id)
  ->  Seq Scan on movie_companies mc  (cost=0.00..44881.29 rows=2609129 width=4) (actual time=0.026..883.032 rows=2609129 loops=1)
  ->  Hash  (cost=118262.16..118262.16 rows=112914 width=8) (actual time=2538.955..2538.955 rows=178038 loops=1)
        Buckets: 131072 (originally 131072)  Batches: 4 (originally 2)  Memory Usage: 3073kB
        ->  Hash Join  (cost=84240.62..118262.16 rows=112914 width=8) (actual time=1385.692..2477.525 rows=178038 loops=1)
              Hash Cond: (mi_idx.movie_id = t.id)
              ->  Seq Scan on movie_info_idx mi_idx  (cost=0.00..25185.44 rows=454124 width=4) (actual time=0.012..464.959 rows=459925 loops=1)
                    Filter: (info_type_id = 100)
                    Rows Removed by Filter: 920110
              ->  Hash  (cost=73925.90..73925.90 rows=628697 width=4) (actual time=1384.774..1384.774 rows=532584 loops=1)
                    Buckets: 131072  Batches: 16  Memory Usage: 2188kB
                    ->  Seq Scan on title t  (cost=0.00..73925.90 rows=628697 width=4) (actual time=0.028..1219.047 rows=532584 loops=1)
                          Filter: ((kind_id < 7) AND (production_year > 1995))
                          Rows Removed by Filter: 1995728
Planning time: 17.960 ms
Execution time: 4730.554 ms
