Hash Join  (cost=101220.01..952713.95 rows=132039 width=0) (actual time=1914.549..18867.588 rows=163267 loops=1)
  Hash Cond: (ci.movie_id = t.id)
  ->  Seq Scan on cast_info ci  (cost=0.00..796071.18 rows=14427300 width=4) (actual time=1.780..14729.687 rows=9405632 loops=1)
        Filter: ((person_id < 2248650) AND (role_id > 1))
        Rows Removed by Filter: 26838712
  ->  Hash  (cost=100930.75..100930.75 rows=23141 width=8) (actual time=1911.761..1911.761 rows=19531 loops=1)
        Buckets: 32768  Batches: 1  Memory Usage: 1019kB
        ->  Hash Join  (cost=69687.24..100930.75 rows=23141 width=8) (actual time=1185.154..1903.363 rows=19531 loops=1)
              Hash Cond: (mi_idx.movie_id = t.id)
              ->  Seq Scan on movie_info_idx mi_idx  (cost=0.00..25185.44 rows=460978 width=4) (actual time=0.017..500.587 rows=459925 loops=1)
                    Filter: (info_type_id < 100)
                    Rows Removed by Filter: 920110
              ->  Hash  (cost=67604.59..67604.59 rows=126932 width=4) (actual time=1183.864..1183.864 rows=122861 loops=1)
                    Buckets: 131072  Batches: 2  Memory Usage: 3191kB
                    ->  Seq Scan on title t  (cost=0.00..67604.59 rows=126932 width=4) (actual time=0.026..1137.987 rows=122861 loops=1)
                          Filter: (production_year = 2008)
                          Rows Removed by Filter: 2405451
Planning time: 3.594 ms
Execution time: 18893.109 ms
