Seq Scan on movie_keyword mk  (cost=0.00..81003.12 rows=3714698 width=0) (actual time=0.020..1600.285 rows=3711536 loops=1)
  Filter: (keyword_id < 22585)
  Rows Removed by Filter: 812394
Planning time: 0.247 ms
Execution time: 2060.404 ms
