Hash Join  (cost=161838.01..546850.08 rows=126211 width=0) (actual time=2347.952..13034.985 rows=7154110 loops=1)
  Hash Cond: (mi.movie_id = t.id)
  ->  Seq Scan on movie_info mi  (cost=0.00..346232.03 rows=7503588 width=4) (actual time=0.018..5794.256 rows=7548855 loops=1)
        Filter: (info_type_id > 7)
        Rows Removed by Filter: 7286865
  ->  Hash  (cost=161306.38..161306.38 rows=42530 width=8) (actual time=2347.220..2347.220 rows=112579 loops=1)
        Buckets: 131072 (originally 65536)  Batches: 2 (originally 1)  Memory Usage: 3318kB
        ->  Hash Join  (cost=74223.04..161306.38 rows=42530 width=8) (actual time=1102.640..2318.160 rows=112579 loops=1)
              Hash Cond: (mk.movie_id = t.id)
              ->  Seq Scan on movie_keyword mk  (cost=0.00..69693.30 rows=4523930 width=4) (actual time=0.014..584.351 rows=4523930 loops=1)
              ->  Hash  (cost=73925.90..73925.90 rows=23771 width=4) (actual time=1102.193..1102.193 rows=20633 loops=1)
                    Buckets: 32768  Batches: 1  Memory Usage: 982kB
                    ->  Seq Scan on title t  (cost=0.00..73925.90 rows=23771 width=4) (actual time=0.029..1093.071 rows=20633 loops=1)
                          Filter: ((kind_id < 7) AND (production_year = 2002))
                          Rows Removed by Filter: 2507679
Planning time: 1.206 ms
Execution time: 13882.689 ms
