Hash Join  (cost=249991.85..708019.96 rows=3430842 width=0) (actual time=6092.952..28022.579 rows=54233472 loops=1)
  Hash Cond: (mi.movie_id = t.id)
  ->  Seq Scan on movie_info mi  (cost=0.00..346232.03 rows=6231111 width=4) (actual time=478.923..6739.777 rows=6223494 loops=1)
        Filter: (info_type_id > 8)
        Rows Removed by Filter: 8612226
  ->  Hash  (cost=227150.30..227150.30 rows=1392204 width=8) (actual time=5548.744..5548.744 rows=1407418 loops=1)
        Buckets: 131072  Batches: 32  Memory Usage: 2812kB
        ->  Hash Join  (cost=102767.86..227150.30 rows=1392204 width=8) (actual time=2192.746..5174.553 rows=1407418 loops=1)
              Hash Cond: (mk.movie_id = t.id)
              ->  Seq Scan on movie_keyword mk  (cost=0.00..81003.12 rows=1392204 width=4) (actual time=0.038..1570.408 rows=1407418 loops=1)
                    Filter: (keyword_id > 11889)
                    Rows Removed by Filter: 3116512
              ->  Hash  (cost=61283.27..61283.27 rows=2528527 width=4) (actual time=2191.084..2191.084 rows=2528312 loops=1)
                    Buckets: 131072  Batches: 64  Memory Usage: 2425kB
                    ->  Seq Scan on title t  (cost=0.00..61283.27 rows=2528527 width=4) (actual time=0.017..1179.855 rows=2528312 loops=1)
Planning time: 1.182 ms
Execution time: 34237.514 ms
