Hash Join  (cost=323543.77..1923274.73 rows=46274676 width=0) (actual time=6471.755..49369.511 rows=46730565 loops=1)
  Hash Cond: (ci.movie_id = t.id)
  ->  Seq Scan on cast_info ci  (cost=0.00..614943.12 rows=36225612 width=4) (actual time=0.012..13178.453 rows=36244344 loops=1)
  ->  Hash  (cost=270552.44..270552.44 rows=3229946 width=8) (actual time=6469.686..6469.686 rows=1621697 loops=1)
        Buckets: 131072  Batches: 64  Memory Usage: 1989kB
        ->  Hash Join  (cost=103544.03..270552.44 rows=3229946 width=8) (actual time=1927.742..6029.709 rows=1621697 loops=1)
              Hash Cond: (mk.movie_id = t.id)
              ->  Seq Scan on movie_keyword mk  (cost=0.00..69693.30 rows=4523930 width=4) (actual time=1.634..1436.620 rows=4523930 loops=1)
              ->  Hash  (cost=73925.90..73925.90 rows=1805290 width=4) (actual time=1924.698..1924.698 rows=1799907 loops=1)
                    Buckets: 131072  Batches: 32  Memory Usage: 3013kB
                    ->  Seq Scan on title t  (cost=0.00..73925.90 rows=1805290 width=4) (actual time=0.021..1348.306 rows=1799907 loops=1)
                          Filter: ((kind_id > 1) AND (production_year > 1897))
                          Rows Removed by Filter: 728405
Planning time: 0.895 ms
Execution time: 54467.558 ms
