Hash Join  (cost=139597.14..969784.56 rows=498324 width=0) (actual time=14097.591..20036.180 rows=3108889 loops=1)
  Hash Cond: (ci.movie_id = t.id)
  ->  Seq Scan on cast_info ci  (cost=0.00..796071.18 rows=2337331 width=4) (actual time=10928.912..13999.570 rows=3870596 loops=1)
        Filter: ((person_id > 1781358) AND (role_id > 9))
        Rows Removed by Filter: 32373748
  ->  Hash  (cost=130752.54..130752.54 rows=539088 width=8) (actual time=3167.541..3167.541 rows=954317 loops=1)
        Buckets: 131072 (originally 131072)  Batches: 16 (originally 8)  Memory Usage: 3354kB
        ->  Hash Join  (cost=83810.17..130752.54 rows=539088 width=8) (actual time=1424.209..2905.543 rows=954317 loops=1)
              Hash Cond: (mi_idx.movie_id = t.id)
              ->  Seq Scan on movie_info_idx mi_idx  (cost=0.00..21735.35 rows=1380035 width=4) (actual time=0.023..448.022 rows=1380035 loops=1)
              ->  Hash  (cost=67604.59..67604.59 rows=987727 width=4) (actual time=1423.053..1423.053 rows=985048 loops=1)
                    Buckets: 131072  Batches: 16  Memory Usage: 3188kB
                    ->  Seq Scan on title t  (cost=0.00..67604.59 rows=987727 width=4) (actual time=0.038..1109.368 rows=985048 loops=1)
                          Filter: (kind_id < 7)
                          Rows Removed by Filter: 1543264
Planning time: 1.185 ms
Execution time: 20361.231 ms
