Hash Join  (cost=93155.63..130387.53 rows=213679 width=0) (actual time=2119.631..2702.662 rows=116440 loops=1)
  Hash Cond: (mi_idx.movie_id = t.id)
  ->  Seq Scan on movie_info_idx mi_idx  (cost=0.00..25185.44 rows=460978 width=4) (actual time=0.010..471.463 rows=459925 loops=1)
        Filter: (info_type_id = 99)
        Rows Removed by Filter: 920110
  ->  Hash  (cost=73925.90..73925.90 rows=1172058 width=4) (actual time=1778.997..1778.997 rows=1128906 loops=1)
        Buckets: 131072  Batches: 16  Memory Usage: 3503kB
        ->  Seq Scan on title t  (cost=0.00..73925.90 rows=1172058 width=4) (actual time=0.011..1440.558 rows=1128906 loops=1)
              Filter: ((production_year < 2010) AND (kind_id = 7))
              Rows Removed by Filter: 1399406
Planning time: 0.766 ms
Execution time: 2717.295 ms
