Seq Scan on cast_info ci  (cost=0.00..796071.18 rows=176 width=0) (actual time=7144.929..10824.453 rows=4 loops=1)
  Filter: ((person_id = 853736) AND (role_id = 1))
  Rows Removed by Filter: 36244340
Planning time: 0.420 ms
Execution time: 10824.570 ms
