Hash Join  (cost=101742.00..188756.90 rows=35687 width=0) (actual time=1977.681..3666.217 rows=51749 loops=1)
  Hash Cond: (mk.movie_id = t.id)
  ->  Seq Scan on movie_keyword mk  (cost=0.00..69693.30 rows=4523930 width=4) (actual time=0.021..868.930 rows=4523930 loops=1)
  ->  Hash  (cost=101492.67..101492.67 rows=19946 width=8) (actual time=1976.859..1976.859 rows=17608 loops=1)
        Buckets: 32768  Batches: 1  Memory Usage: 944kB
        ->  Hash Join  (cost=74382.73..101492.67 rows=19946 width=8) (actual time=1166.811..1970.124 rows=17608 loops=1)
              Hash Cond: (mi_idx.movie_id = t.id)
              ->  Seq Scan on movie_info_idx mi_idx  (cost=0.00..21735.35 rows=1380035 width=4) (actual time=0.011..295.207 rows=1380035 loops=1)
              ->  Hash  (cost=73925.90..73925.90 rows=36546 width=4) (actual time=1166.370..1166.370 rows=92897 loops=1)
                    Buckets: 131072 (originally 65536)  Batches: 2 (originally 1)  Memory Usage: 3073kB
                    ->  Seq Scan on title t  (cost=0.00..73925.90 rows=36546 width=4) (actual time=65.906..1127.093 rows=92897 loops=1)
                          Filter: ((kind_id < 7) AND (production_year < 1922))
                          Rows Removed by Filter: 2435415
Planning time: 1.192 ms
Execution time: 3673.237 ms
