Nested Loop  (cost=64098.48..177509.32 rows=5721 width=0) (actual time=3232.410..8621.131 rows=22329 loops=1)
  ->  Hash Join  (cost=64098.05..156753.75 rows=30076 width=8) (actual time=3231.148..7026.312 rows=22329 loops=1)
        Hash Cond: (mk.movie_id = mc.movie_id)
        ->  Seq Scan on movie_keyword mk  (cost=0.00..81003.12 rows=18699 width=4) (actual time=0.033..3501.217 rows=20522 loops=1)
              Filter: (keyword_id = 382)
              Rows Removed by Filter: 4503408
        ->  Hash  (cost=51404.11..51404.11 rows=773675 width=4) (actual time=3229.796..3229.796 rows=778344 loops=1)
              Buckets: 131072  Batches: 16  Memory Usage: 2759kB
              ->  Seq Scan on movie_companies mc  (cost=0.00..51404.11 rows=773675 width=4) (actual time=0.018..2876.917 rows=778344 loops=1)
                    Filter: (company_id > 32794)
                    Rows Removed by Filter: 1830785
  ->  Index Only Scan using title_pkey on title t  (cost=0.43..0.68 rows=1 width=4) (actual time=0.071..0.071 rows=1 loops=22329)
        Index Cond: (id = mc.movie_id)
        Heap Fetches: 22329
Planning time: 1.138 ms
Execution time: 8626.012 ms
