Seq Scan on movie_companies mc  (cost=0.00..51404.11 rows=2136599 width=0) (actual time=0.020..994.149 rows=2132562 loops=1)
  Filter: (company_id < 75554)
  Rows Removed by Filter: 476567
Planning time: 0.330 ms
Execution time: 1268.086 ms
