Hash Join  (cost=84197.31..991702.75 rows=5090057 width=0) (actual time=6123.656..23547.714 rows=4864041 loops=1)
  Hash Cond: (ci.movie_id = t.id)
  ->  Seq Scan on cast_info ci  (cost=0.00..705507.15 rows=12726058 width=4) (actual time=4711.268..14306.022 rows=12670688 loops=1)
        Filter: (role_id = 1)
        Rows Removed by Filter: 23573656
  ->  Hash  (cost=67604.59..67604.59 rows=1011338 width=4) (actual time=1411.373..1411.373 rows=1012920 loops=1)
        Buckets: 131072  Batches: 16  Memory Usage: 3250kB
        ->  Seq Scan on title t  (cost=0.00..67604.59 rows=1011338 width=4) (actual time=0.034..1083.797 rows=1012920 loops=1)
              Filter: (production_year > 2005)
              Rows Removed by Filter: 1515392
Planning time: 0.889 ms
Execution time: 24106.887 ms
