Hash Join  (cost=83113.43..116894.00 rows=102963 width=0) (actual time=1370.921..2236.306 rows=153600 loops=1)
  Hash Cond: (mi_idx.movie_id = t.id)
  ->  Seq Scan on movie_info_idx mi_idx  (cost=0.00..25185.44 rows=464934 width=4) (actual time=0.010..493.161 rows=460185 loops=1)
        Filter: (info_type_id > 100)
        Rows Removed by Filter: 919850
  ->  Hash  (cost=73925.90..73925.90 rows=559962 width=4) (actual time=1370.076..1370.076 rows=477167 loops=1)
        Buckets: 131072  Batches: 8  Memory Usage: 3118kB
        ->  Seq Scan on title t  (cost=0.00..73925.90 rows=559962 width=4) (actual time=0.048..1218.766 rows=477167 loops=1)
              Filter: ((kind_id < 7) AND (production_year > 1999))
              Rows Removed by Filter: 2051145
Planning time: 0.799 ms
Execution time: 2256.055 ms
