Hash Join  (cost=102767.86..242402.41 rows=2026057 width=0) (actual time=1907.692..5277.608 rows=2030563 loops=1)
  Hash Cond: (mk.movie_id = t.id)
  ->  Seq Scan on movie_keyword mk  (cost=0.00..81003.12 rows=2026057 width=4) (actual time=0.019..1468.864 rows=2030563 loops=1)
        Filter: (keyword_id > 6069)
        Rows Removed by Filter: 2493367
  ->  Hash  (cost=61283.27..61283.27 rows=2528527 width=4) (actual time=1905.197..1905.197 rows=2528312 loops=1)
        Buckets: 131072  Batches: 64  Memory Usage: 2425kB
        ->  Seq Scan on title t  (cost=0.00..61283.27 rows=2528527 width=4) (actual time=0.015..1056.787 rows=2528312 loops=1)
Planning time: 0.743 ms
Execution time: 5505.470 ms
