Hash Join  (cost=198483.83..1295731.38 rows=6176032 width=0) (actual time=4019.917..33853.853 rows=2903798 loops=1)
  Hash Cond: (ci.movie_id = t.id)
  ->  Seq Scan on cast_info ci  (cost=0.00..614943.12 rows=36225612 width=4) (actual time=0.018..13427.711 rows=36244344 loops=1)
  ->  Hash  (cost=191411.28..191411.28 rows=431084 width=8) (actual time=4019.143..4019.143 rows=139996 loops=1)
        Buckets: 131072  Batches: 8  Memory Usage: 1700kB
        ->  Hash Join  (cost=85587.37..191411.28 rows=431084 width=8) (actual time=1567.463..3973.983 rows=139996 loops=1)
              Hash Cond: (mk.movie_id = t.id)
              ->  Seq Scan on movie_keyword mk  (cost=0.00..81003.12 rows=1533585 width=4) (actual time=0.010..1564.111 rows=1544143 loops=1)
                    Filter: (keyword_id < 2276)
                    Rows Removed by Filter: 2979787
              ->  Hash  (cost=73925.90..73925.90 rows=710757 width=4) (actual time=1566.388..1566.388 rows=594428 loops=1)
                    Buckets: 131072  Batches: 16  Memory Usage: 2336kB
                    ->  Seq Scan on title t  (cost=0.00..73925.90 rows=710757 width=4) (actual time=0.018..1353.319 rows=594428 loops=1)
                          Filter: ((kind_id > 3) AND (production_year < 2001))
                          Rows Removed by Filter: 1933884
Planning time: 2.302 ms
Execution time: 34216.698 ms
