Hash Join  (cost=242690.86..817948.26 rows=7218958 width=0) (actual time=11731.603..41872.516 rows=2910718 loops=1)
  Hash Cond: (mi.movie_id = t.id)
  ->  Seq Scan on movie_info mi  (cost=0.00..309384.22 rows=14739122 width=4) (actual time=0.009..20250.694 rows=14835720 loops=1)
  ->  Hash  (cost=222372.52..222372.52 rows=1238427 width=8) (actual time=11730.113..11730.113 rows=270466 loops=1)
        Buckets: 131072  Batches: 32  Memory Usage: 1338kB
        ->  Hash Join  (cost=85282.22..222372.52 rows=1238427 width=8) (actual time=9384.283..11622.831 rows=270466 loops=1)
              Hash Cond: (mk.movie_id = t.id)
              ->  Seq Scan on movie_keyword mk  (cost=0.00..69693.30 rows=4523930 width=4) (actual time=0.023..4726.620 rows=4523930 loops=1)
              ->  Hash  (cost=73925.90..73925.90 rows=692185 width=4) (actual time=3982.719..3982.719 rows=596495 loops=1)
                    Buckets: 131072  Batches: 16  Memory Usage: 2338kB
                    ->  Seq Scan on title t  (cost=0.00..73925.90 rows=692185 width=4) (actual time=0.027..3750.738 rows=596495 loops=1)
                          Filter: ((production_year < 2002) AND (kind_id = 7))
                          Rows Removed by Filter: 1931817
Planning time: 1.943 ms
Execution time: 42313.148 ms
