Hash Join  (cost=184768.05..581134.67 rows=1108687 width=0) (actual time=6662.736..15091.880 rows=3354197 loops=1)
  Hash Cond: (mi.movie_id = t.id)
  ->  Seq Scan on movie_info mi  (cost=0.00..346232.03 rows=3068194 width=4) (actual time=1963.339..5915.484 rows=3036719 loops=1)
        Filter: (info_type_id = 16)
        Rows Removed by Filter: 11799001
  ->  Hash  (cost=169777.06..169777.06 rows=913679 width=8) (actual time=4697.768..4697.768 rows=1248606 loops=1)
        Buckets: 131072 (originally 131072)  Batches: 32 (originally 16)  Memory Usage: 4124kB
        ->  Hash Join  (cost=82131.75..169777.06 rows=913679 width=8) (actual time=1505.423..4300.382 rows=1248606 loops=1)
              Hash Cond: (mc.movie_id = t.id)
              ->  Seq Scan on movie_companies mc  (cost=0.00..44881.29 rows=2609129 width=4) (actual time=0.026..904.615 rows=2609129 loops=1)
              ->  Hash  (cost=67604.59..67604.59 rows=885453 width=4) (actual time=1504.501..1504.501 rows=885650 loops=1)
                    Buckets: 131072  Batches: 16  Memory Usage: 2972kB
                    ->  Seq Scan on title t  (cost=0.00..67604.59 rows=885453 width=4) (actual time=0.027..1210.136 rows=885650 loops=1)
                          Filter: (production_year < 1997)
                          Rows Removed by Filter: 1642662
Planning time: 1.208 ms
Execution time: 15513.389 ms
