Hash Join  (cost=897940.52..1022222.19 rows=187063 width=0) (actual time=13939.429..16591.942 rows=160774 loops=1)
  Hash Cond: (mk.movie_id = t.id)
  ->  Seq Scan on movie_keyword mk  (cost=0.00..69693.30 rows=4523930 width=4) (actual time=0.025..1385.900 rows=4523930 loops=1)
  ->  Hash  (cost=896224.60..896224.60 rows=104554 width=8) (actual time=13938.431..13938.431 rows=119572 loops=1)
        Buckets: 131072  Batches: 2  Memory Usage: 3367kB
        ->  Hash Join  (cost=91342.70..896224.60 rows=104554 width=8) (actual time=1743.675..13894.161 rows=119572 loops=1)
              Hash Cond: (ci.movie_id = t.id)
              ->  Seq Scan on cast_info ci  (cost=0.00..796071.18 rows=182714 width=4) (actual time=0.026..11745.586 rows=226927 loops=1)
                    Filter: ((person_id > 3356616) AND (role_id = 8))
                    Rows Removed by Filter: 36017417
              ->  Hash  (cost=67604.59..67604.59 rows=1446889 width=4) (actual time=1742.105..1742.105 rows=1443298 loops=1)
                    Buckets: 131072  Batches: 32  Memory Usage: 2608kB
                    ->  Seq Scan on title t  (cost=0.00..67604.59 rows=1446889 width=4) (actual time=0.023..1292.004 rows=1443298 loops=1)
                          Filter: (production_year < 2006)
                          Rows Removed by Filter: 1085014
Planning time: 1.282 ms
Execution time: 16609.498 ms
