Seq Scan on movie_keyword mk  (cost=0.00..81003.12 rows=1577947 width=0) (actual time=0.015..1323.790 rows=1593251 loops=1)
  Filter: (keyword_id > 9685)
  Rows Removed by Filter: 2930679
Planning time: 3.263 ms
Execution time: 1524.389 ms
