Hash Join  (cost=70241.71..803247.43 rows=140022 width=0) (actual time=6265.122..12591.031 rows=212175 loops=1)
  Hash Cond: (ci.movie_id = t.id)
  ->  Seq Scan on cast_info ci  (cost=0.00..705507.15 rows=2202758 width=4) (actual time=4993.455..10425.038 rows=2241234 loops=1)
        Filter: (person_id > 3623891)
        Rows Removed by Filter: 34003110
  ->  Hash  (cost=67604.59..67604.59 rows=160730 width=4) (actual time=1270.705..1270.705 rows=160017 loops=1)
        Buckets: 131072  Batches: 4  Memory Usage: 2436kB
        ->  Seq Scan on title t  (cost=0.00..67604.59 rows=160730 width=4) (actual time=0.355..1212.465 rows=160017 loops=1)
              Filter: (production_year = 2011)
              Rows Removed by Filter: 2368295
Planning time: 1.956 ms
Execution time: 12611.364 ms
