Seq Scan on movie_companies mc  (cost=0.00..51404.11 rows=676779 width=0) (actual time=0.020..857.367 rows=669078 loops=1)
  Filter: (company_id < 1052)
  Rows Removed by Filter: 1940051
Planning time: 0.372 ms
Execution time: 941.411 ms
