Hash Join  (cost=28270.40..813293.39 rows=3085 width=0) (actual time=448.856..16931.799 rows=17753 loops=1)
  Hash Cond: (ci.movie_id = t.id)
  ->  Seq Scan on cast_info ci  (cost=0.00..705507.15 rows=21195998 width=4) (actual time=0.015..12900.194 rows=21323876 loops=1)
        Filter: (person_id > 1472828)
        Rows Removed by Filter: 14920468
  ->  Hash  (cost=28265.80..28265.80 rows=368 width=8) (actual time=445.778..445.778 rows=260 loops=1)
        Buckets: 1024  Batches: 1  Memory Usage: 19kB
        ->  Nested Loop  (cost=0.43..28265.80 rows=368 width=8) (actual time=135.084..445.691 rows=260 loops=1)
              ->  Seq Scan on movie_info_idx mi_idx  (cost=0.00..25185.44 rows=368 width=4) (actual time=135.018..441.008 rows=260 loops=1)
                    Filter: (info_type_id > 101)
                    Rows Removed by Filter: 1379775
              ->  Index Only Scan using title_pkey on title t  (cost=0.43..8.36 rows=1 width=4) (actual time=0.017..0.017 rows=1 loops=260)
                    Index Cond: (id = mi_idx.movie_id)
                    Heap Fetches: 260
Planning time: 0.770 ms
Execution time: 16936.404 ms
