Hash Join  (cost=832324.71..904340.46 rows=205830 width=0) (actual time=14821.213..16630.823 rows=399129 loops=1)
  Hash Cond: (mc.movie_id = t.id)
  ->  Seq Scan on movie_companies mc  (cost=0.00..51404.11 rows=1486224 width=4) (actual time=82.125..1029.617 rows=1488322 loops=1)
        Filter: (company_id > 7851)
        Rows Removed by Filter: 1120807
  ->  Hash  (cost=826579.45..826579.45 rows=350181 width=8) (actual time=14737.358..14737.358 rows=316118 loops=1)
        Buckets: 131072  Batches: 8  Memory Usage: 2568kB
        ->  Hash Join  (cost=102767.86..826579.45 rows=350181 width=8) (actual time=4777.938..14646.050 rows=316118 loops=1)
              Hash Cond: (ci.movie_id = t.id)
              ->  Seq Scan on cast_info ci  (cost=0.00..705507.15 rows=350181 width=4) (actual time=2785.551..12020.674 rows=316118 loops=1)
                    Filter: (role_id > 10)
                    Rows Removed by Filter: 35928226
              ->  Hash  (cost=61283.27..61283.27 rows=2528527 width=4) (actual time=1991.268..1991.268 rows=2528312 loops=1)
                    Buckets: 131072  Batches: 64  Memory Usage: 2415kB
                    ->  Seq Scan on title t  (cost=0.00..61283.27 rows=2528527 width=4) (actual time=0.031..1149.895 rows=2528312 loops=1)
Planning time: 1.117 ms
Execution time: 16680.226 ms
