Hash Join  (cost=160095.70..524022.09 rows=127670 width=0) (actual time=6259.357..10481.687 rows=2503712 loops=1)
  Hash Cond: (mi.movie_id = t.id)
  ->  Seq Scan on movie_info mi  (cost=0.00..346232.03 rows=1338312 width=4) (actual time=2420.142..5203.639 rows=1401902 loops=1)
        Filter: (info_type_id = 7)
        Rows Removed by Filter: 13433818
  ->  Hash  (cost=156137.55..156137.55 rows=241212 width=8) (actual time=3606.520..3606.520 rows=742999 loops=1)
        Buckets: 131072 (originally 131072)  Batches: 8 (originally 4)  Memory Usage: 4704kB
        ->  Hash Join  (cost=77761.90..156137.55 rows=241212 width=8) (actual time=1303.076..3388.699 rows=742999 loops=1)
              Hash Cond: (mc.movie_id = t.id)
              ->  Seq Scan on movie_companies mc  (cost=0.00..44881.29 rows=2609129 width=4) (actual time=0.027..820.879 rows=2609129 loops=1)
              ->  Hash  (cost=73925.90..73925.90 rows=233760 width=4) (actual time=1207.039..1207.039 rows=353075 loops=1)
                    Buckets: 131072 (originally 131072)  Batches: 8 (originally 4)  Memory Usage: 3073kB
                    ->  Seq Scan on title t  (cost=0.00..73925.90 rows=233760 width=4) (actual time=0.025..1092.794 rows=353075 loops=1)
                          Filter: ((production_year < 1997) AND (kind_id = 1))
                          Rows Removed by Filter: 2175237
Planning time: 2.339 ms
Execution time: 10795.645 ms
