Hash Join  (cost=68973.60..145210.13 rows=86101 width=0) (actual time=3425.679..7894.710 rows=156901 loops=1)
  Hash Cond: (mc.movie_id = t.id)
  ->  Seq Scan on movie_companies mc  (cost=0.00..44881.29 rows=2609129 width=4) (actual time=0.021..2930.494 rows=2609129 loops=1)
  ->  Hash  (cost=67604.59..67604.59 rows=83441 width=4) (actual time=3424.897..3424.897 rows=81647 loops=1)
        Buckets: 131072  Batches: 2  Memory Usage: 2455kB
        ->  Seq Scan on title t  (cost=0.00..67604.59 rows=83441 width=4) (actual time=0.023..3391.713 rows=81647 loops=1)
              Filter: (production_year < 1919)
              Rows Removed by Filter: 2446665
Planning time: 8.556 ms
Execution time: 7921.206 ms
