Nested Loop  (cost=0.43..709671.90 rows=500 width=0) (actual time=135.547..11399.566 rows=1596 loops=1)
  ->  Seq Scan on cast_info ci  (cost=0.00..705507.15 rows=500 width=4) (actual time=135.455..11373.018 rows=1596 loops=1)
        Filter: (person_id = 1325281)
        Rows Removed by Filter: 36242748
  ->  Index Only Scan using title_pkey on title t  (cost=0.43..8.32 rows=1 width=4) (actual time=0.016..0.016 rows=1 loops=1596)
        Index Cond: (id = ci.movie_id)
        Heap Fetches: 1596
Planning time: 0.832 ms
Execution time: 11400.023 ms
