Hash Join  (cost=128946.43..262185.96 rows=111849 width=156) (actual time=2733.713..5972.063 rows=573531 loops=1)
  Hash Cond: (mk.movie_id = t.id)
  ->  Seq Scan on movie_keyword mk  (cost=0.00..69693.30 rows=4523930 width=12) (actual time=0.015..1426.052 rows=4523930 loops=1)
  ->  Hash  (cost=126881.99..126881.99 rows=62515 width=144) (actual time=2732.438..2732.438 rows=83550 loops=1)
        Buckets: 32768  Batches: 4  Memory Usage: 3039kB
        ->  Hash Join  (cost=70714.36..126881.99 rows=62515 width=144) (actual time=1825.805..2676.573 rows=83550 loops=1)
              Hash Cond: (mi_idx.movie_id = t.id)
              ->  Seq Scan on movie_info_idx mi_idx  (cost=0.00..21735.35 rows=1380035 width=50) (actual time=0.013..481.714 rows=1380035 loops=1)
              ->  Hash  (cost=67604.59..67604.59 rows=114542 width=94) (actual time=1512.613..1512.613 rows=118234 loops=1)
                    Buckets: 32768  Batches: 4  Memory Usage: 3561kB
                    ->  Seq Scan on title t  (cost=0.00..67604.59 rows=114542 width=94) (actual time=0.024..1350.538 rows=118234 loops=1)
                          Filter: (kind_id = 4)
                          Rows Removed by Filter: 2410078
Planning time: 1.426 ms
Execution time: 6000.444 ms
