Hash Join  (cost=709678.15..1103429.82 rows=2504 width=0) (actual time=33617.730..55573.879 rows=957 loops=1)
  Hash Cond: (mi.movie_id = t.id)
  ->  Seq Scan on movie_info mi  (cost=0.00..346232.03 rows=12665229 width=4) (actual time=0.012..19552.342 rows=12744652 loops=1)
        Filter: (info_type_id > 2)
        Rows Removed by Filter: 2091068
  ->  Hash  (cost=709671.90..709671.90 rows=500 width=8) (actual time=33409.466..33409.466 rows=18 loops=1)
        Buckets: 1024  Batches: 1  Memory Usage: 9kB
        ->  Nested Loop  (cost=0.43..709671.90 rows=500 width=8) (actual time=8936.058..33409.434 rows=18 loops=1)
              ->  Seq Scan on cast_info ci  (cost=0.00..705507.15 rows=500 width=4) (actual time=8935.892..33404.127 rows=18 loops=1)
                    Filter: (person_id = 1299479)
                    Rows Removed by Filter: 36244326
              ->  Index Only Scan using title_pkey on title t  (cost=0.43..8.32 rows=1 width=4) (actual time=0.289..0.290 rows=1 loops=18)
                    Index Cond: (id = ci.movie_id)
                    Heap Fetches: 18
Planning time: 4.119 ms
Execution time: 55574.222 ms
