Seq Scan on movie_keyword mk  (cost=0.00..81003.12 rows=2102998 width=0) (actual time=0.022..1593.663 rows=2101334 loops=1)
  Filter: (keyword_id > 5718)
  Rows Removed by Filter: 2422596
Planning time: 0.332 ms
Execution time: 1862.897 ms
