Seq Scan on title t  (cost=0.00..73925.90 rows=2905 width=0) (actual time=0.878..994.050 rows=3646 loops=1)
  Filter: ((kind_id < 7) AND (production_year = 1957))
  Rows Removed by Filter: 2524666
Planning time: 0.418 ms
Execution time: 995.125 ms
