Seq Scan on movie_companies mc  (cost=0.00..57926.93 rows=51 width=0) (actual time=694.516..854.587 rows=2 loops=1)
  Filter: ((company_type_id < 2) AND (company_id = 7676))
  Rows Removed by Filter: 2609127
Planning time: 0.405 ms
Execution time: 854.676 ms
