Hash Join  (cost=102767.86..178380.08 rows=324387 width=0) (actual time=2289.445..3960.889 rows=470418 loops=1)
  Hash Cond: (mc.movie_id = t.id)
  ->  Seq Scan on movie_companies mc  (cost=0.00..57926.93 rows=324387 width=4) (actual time=0.032..921.848 rows=470418 loops=1)
        Filter: ((company_id < 916) AND (company_type_id < 2))
        Rows Removed by Filter: 2138711
  ->  Hash  (cost=61283.27..61283.27 rows=2528527 width=4) (actual time=2286.483..2286.483 rows=2528312 loops=1)
        Buckets: 131072  Batches: 64  Memory Usage: 2415kB
        ->  Seq Scan on title t  (cost=0.00..61283.27 rows=2528527 width=4) (actual time=0.015..1080.541 rows=2528312 loops=1)
Planning time: 0.763 ms
Execution time: 4013.302 ms
