Hash Join  (cost=222860.45..580795.53 rows=175870 width=0) (actual time=5527.061..11918.324 rows=4820054 loops=1)
  Hash Cond: (mi.movie_id = t.id)
  ->  Seq Scan on movie_info mi  (cost=0.00..346232.03 rows=616095 width=4) (actual time=561.822..5639.513 rows=598457 loops=1)
        Filter: (info_type_id = 15)
        Rows Removed by Filter: 14237263
  ->  Hash  (cost=211018.07..211018.07 rows=721790 width=8) (actual time=4853.661..4853.661 rows=726039 loops=1)
        Buckets: 131072  Batches: 16  Memory Usage: 2907kB
        ->  Hash Join  (cost=102767.86..211018.07 rows=721790 width=8) (actual time=2129.078..4628.576 rows=726039 loops=1)
              Hash Cond: (mk.movie_id = t.id)
              ->  Seq Scan on movie_keyword mk  (cost=0.00..81003.12 rows=721790 width=4) (actual time=0.039..1469.539 rows=726039 loops=1)
                    Filter: (keyword_id > 25836)
                    Rows Removed by Filter: 3797891
              ->  Hash  (cost=61283.27..61283.27 rows=2528527 width=4) (actual time=2127.305..2127.305 rows=2528312 loops=1)
                    Buckets: 131072  Batches: 64  Memory Usage: 2425kB
                    ->  Seq Scan on title t  (cost=0.00..61283.27 rows=2528527 width=4) (actual time=0.015..1111.146 rows=2528312 loops=1)
Planning time: 1.171 ms
Execution time: 12458.702 ms
