Hash Join  (cost=142270.23..271200.10 rows=568583 width=0) (actual time=3364.493..7143.134 rows=1988713 loops=1)
  Hash Cond: (mk.movie_id = t.id)
  ->  Seq Scan on movie_keyword mk  (cost=0.00..69693.30 rows=4523930 width=4) (actual time=0.019..1528.630 rows=4523930 loops=1)
  ->  Hash  (cost=137055.81..137055.81 rows=317794 width=8) (actual time=3363.654..3363.654 rows=297781 loops=1)
        Buckets: 131072  Batches: 8  Memory Usage: 2489kB
        ->  Hash Join  (cost=95982.60..137055.81 rows=317794 width=8) (actual time=2237.333..3277.181 rows=297781 loops=1)
              Hash Cond: (mi_idx.movie_id = t.id)
              ->  Seq Scan on movie_info_idx mi_idx  (cost=0.00..25185.44 rows=464566 width=4) (actual time=0.017..434.719 rows=459925 loops=1)
                    Filter: (info_type_id = 101)
                    Rows Removed by Filter: 920110
              ->  Hash  (cost=67604.59..67604.59 rows=1729681 width=4) (actual time=2236.163..2236.163 rows=1725233 loops=1)
                    Buckets: 131072  Batches: 32  Memory Usage: 2923kB
                    ->  Seq Scan on title t  (cost=0.00..67604.59 rows=1729681 width=4) (actual time=0.028..1408.120 rows=1725233 loops=1)
                          Filter: (production_year > 1991)
                          Rows Removed by Filter: 803079
Planning time: 1.204 ms
Execution time: 7354.306 ms
