Seq Scan on cast_info ci  (cost=0.00..796071.18 rows=176 width=0) (actual time=8163.703..13887.417 rows=6 loops=1)
  Filter: ((role_id < 2) AND (person_id = 1119762))
  Rows Removed by Filter: 36244338
Planning time: 0.890 ms
Execution time: 13887.558 ms
