Hash Join  (cost=68191.41..95205.22 rows=8625 width=0) (actual time=1072.243..1711.319 rows=9593 loops=1)
  Hash Cond: (mi_idx.movie_id = t.id)
  ->  Seq Scan on movie_info_idx mi_idx  (cost=0.00..25185.44 rows=464566 width=4) (actual time=0.010..501.038 rows=459925 loops=1)
        Filter: (info_type_id = 101)
        Rows Removed by Filter: 920110
  ->  Hash  (cost=67604.59..67604.59 rows=46946 width=4) (actual time=1071.917..1071.917 rows=46583 loops=1)
        Buckets: 65536  Batches: 1  Memory Usage: 2150kB
        ->  Seq Scan on title t  (cost=0.00..67604.59 rows=46946 width=4) (actual time=0.015..1052.267 rows=46583 loops=1)
              Filter: (production_year = 1998)
              Rows Removed by Filter: 2481729
Planning time: 0.553 ms
Execution time: 1713.130 ms
