Seq Scan on title t  (cost=0.00..73925.90 rows=722478 width=0) (actual time=0.019..1166.337 rows=625641 loops=1)
  Filter: ((kind_id < 6) AND (production_year > 1984))
  Rows Removed by Filter: 1902671
Planning time: 0.375 ms
Execution time: 1246.778 ms
