Hash Join  (cost=102951.51..191136.86 rows=1132918 width=0) (actual time=2198.459..4833.881 rows=1040814 loops=1)
  Hash Cond: (mc.movie_id = t.id)
  ->  Seq Scan on movie_companies mc  (cost=0.00..51404.11 rows=1329612 width=4) (actual time=0.021..1012.521 rows=1334883 loops=1)
        Filter: (company_type_id = 2)
        Rows Removed by Filter: 1274246
  ->  Hash  (cost=67604.59..67604.59 rows=2154474 width=4) (actual time=2197.155..2197.155 rows=2146684 loops=1)
        Buckets: 131072  Batches: 32  Memory Usage: 3385kB
        ->  Seq Scan on title t  (cost=0.00..67604.59 rows=2154474 width=4) (actual time=0.019..1466.663 rows=2146684 loops=1)
              Filter: (production_year > 1965)
              Rows Removed by Filter: 381628
Planning time: 0.830 ms
Execution time: 4956.204 ms
