Hash Join  (cost=74698.31..1118135.93 rows=4332045 width=0) (actual time=1356.887..29129.597 rows=3724531 loops=1)
  Hash Cond: (ci.movie_id = t.id)
  ->  Seq Scan on cast_info ci  (cost=0.00..705507.15 rows=25333604 width=4) (actual time=0.015..15739.198 rows=25343648 loops=1)
        Filter: (person_id < 2616575)
        Rows Removed by Filter: 10900696
  ->  Hash  (cost=67604.59..67604.59 rows=432378 width=4) (actual time=1355.734..1355.734 rows=423779 loops=1)
        Buckets: 131072  Batches: 8  Memory Usage: 2885kB
        ->  Seq Scan on title t  (cost=0.00..67604.59 rows=432378 width=4) (actual time=0.009..1221.029 rows=423779 loops=1)
              Filter: (production_year < 1974)
              Rows Removed by Filter: 2104533
Planning time: 0.874 ms
Execution time: 29531.736 ms
