Seq Scan on cast_info ci  (cost=0.00..796071.18 rows=10689124 width=0) (actual time=0.020..42972.043 rows=5689787 loops=1)
  Filter: ((person_id < 2442655) AND (role_id > 2))
  Rows Removed by Filter: 30554557
Planning time: 0.361 ms
Execution time: 43997.169 ms
