Hash Join  (cost=74222.22..156084.10 rows=2095 width=0) (actual time=1127.983..2403.016 rows=1379 loops=1)
  Hash Cond: (mk.movie_id = t.id)
  ->  Seq Scan on movie_keyword mk  (cost=0.00..81003.12 rows=223414 width=4) (actual time=0.035..1211.439 rows=225329 loops=1)
        Filter: (keyword_id > 64018)
        Rows Removed by Filter: 4298601
  ->  Hash  (cost=73925.90..73925.90 rows=23705 width=4) (actual time=1127.198..1127.198 rows=59846 loops=1)
        Buckets: 65536 (originally 32768)  Batches: 1 (originally 1)  Memory Usage: 2616kB
        ->  Seq Scan on title t  (cost=0.00..73925.90 rows=23705 width=4) (actual time=52.374..1102.564 rows=59846 loops=1)
              Filter: ((kind_id < 7) AND (production_year < 1915))
              Rows Removed by Filter: 2468466
Planning time: 0.861 ms
Execution time: 2403.515 ms
