Hash Join  (cost=74547.77..846840.99 rows=332938 width=0) (actual time=1080.137..17779.915 rows=358657 loops=1)
  Hash Cond: (ci.movie_id = t.id)
  ->  Seq Scan on cast_info ci  (cost=0.00..705507.15 rows=16921786 width=4) (actual time=0.086..12053.105 rows=17039610 loops=1)
        Filter: (person_id > 1919264)
        Rows Removed by Filter: 19204734
  ->  Hash  (cost=73925.90..73925.90 rows=49749 width=4) (actual time=1079.663..1079.663 rows=44012 loops=1)
        Buckets: 65536  Batches: 1  Memory Usage: 2060kB
        ->  Seq Scan on title t  (cost=0.00..73925.90 rows=49749 width=4) (actual time=0.020..1062.595 rows=44012 loops=1)
              Filter: ((kind_id < 7) AND (production_year = 2009))
              Rows Removed by Filter: 2484300
Planning time: 0.826 ms
Execution time: 17831.246 ms
