Seq Scan on cast_info ci  (cost=0.00..705507.15 rows=500 width=0) (actual time=3648.093..11064.998 rows=85 loops=1)
  Filter: (person_id = 70452)
  Rows Removed by Filter: 36244259
Planning time: 0.414 ms
Execution time: 11065.100 ms
