Hash Join  (cost=83074.74..833899.15 rows=3524 width=0) (actual time=1282.302..17801.727 rows=11518 loops=1)
  Hash Cond: (ci.movie_id = t.id)
  ->  Seq Scan on cast_info ci  (cost=0.00..614943.12 rows=36225612 width=4) (actual time=0.017..9489.708 rows=36244344 loops=1)
  ->  Hash  (cost=83071.67..83071.67 rows=246 width=8) (actual time=1282.052..1282.052 rows=281 loops=1)
        Buckets: 1024  Batches: 1  Memory Usage: 19kB
        ->  Nested Loop  (cost=0.43..83071.67 rows=246 width=8) (actual time=8.693..1281.778 rows=281 loops=1)
              ->  Seq Scan on movie_keyword mk  (cost=0.00..81003.12 rows=246 width=4) (actual time=8.607..1270.408 rows=281 loops=1)
                    Filter: (keyword_id = 8107)
                    Rows Removed by Filter: 4523649
              ->  Index Only Scan using title_pkey on title t  (cost=0.43..8.40 rows=1 width=4) (actual time=0.037..0.038 rows=1 loops=281)
                    Index Cond: (id = mk.movie_id)
                    Heap Fetches: 281
Planning time: 1.659 ms
Execution time: 17805.676 ms
