Hash Join  (cost=156487.41..228150.39 rows=162550 width=0) (actual time=3374.181..5286.003 rows=476126 loops=1)
  Hash Cond: (mc.movie_id = t.id)
  ->  Seq Scan on movie_companies mc  (cost=0.00..57926.93 rows=891611 width=4) (actual time=0.021..1174.319 rows=1084665 loops=1)
        Filter: ((company_id > 2415) AND (company_type_id = 2))
        Rows Removed by Filter: 1524464
  ->  Hash  (cost=148924.19..148924.19 rows=460978 width=8) (actual time=3373.300..3373.300 rows=459925 loops=1)
        Buckets: 131072  Batches: 8  Memory Usage: 3275kB
        ->  Hash Join  (cost=102767.86..148924.19 rows=460978 width=8) (actual time=1916.300..3234.255 rows=459925 loops=1)
              Hash Cond: (mi_idx.movie_id = t.id)
              ->  Seq Scan on movie_info_idx mi_idx  (cost=0.00..25185.44 rows=460978 width=4) (actual time=0.008..526.760 rows=459925 loops=1)
                    Filter: (info_type_id = 99)
                    Rows Removed by Filter: 920110
              ->  Hash  (cost=61283.27..61283.27 rows=2528527 width=4) (actual time=1915.108..1915.108 rows=2528312 loops=1)
                    Buckets: 131072  Batches: 64  Memory Usage: 2415kB
                    ->  Seq Scan on title t  (cost=0.00..61283.27 rows=2528527 width=4) (actual time=0.019..1086.116 rows=2528312 loops=1)
Planning time: 2.887 ms
Execution time: 5344.498 ms
