Seq Scan on cast_info ci  (cost=0.00..705507.15 rows=500 width=0) (actual time=5679.469..11034.129 rows=1 loops=1)
  Filter: (person_id = 2844071)
  Rows Removed by Filter: 36244343
Planning time: 0.445 ms
Execution time: 11034.232 ms
