Seq Scan on movie_keyword mk  (cost=0.00..81003.12 rows=4013285 width=0) (actual time=0.020..1570.483 rows=4021588 loops=1)
  Filter: (keyword_id < 36001)
  Rows Removed by Filter: 502342
Planning time: 0.349 ms
Execution time: 2055.951 ms
