Hash Join  (cost=489937.46..632529.10 rows=1689960 width=0) (actual time=9048.756..12487.063 rows=60150 loops=1)
  Hash Cond: (mk.movie_id = t.id)
  ->  Seq Scan on movie_keyword mk  (cost=0.00..69693.30 rows=4523930 width=4) (actual time=0.021..1537.011 rows=4523930 loops=1)
  ->  Hash  (cost=474440.50..474440.50 rows=944557 width=8) (actual time=9035.459..9035.459 rows=14340 loops=1)
        Buckets: 131072  Batches: 16  Memory Usage: 1065kB
        ->  Hash Join  (cost=92883.59..474440.50 rows=944557 width=8) (actual time=3931.937..9028.576 rows=14340 loops=1)
              Hash Cond: (mi.movie_id = t.id)
              ->  Seq Scan on movie_info mi  (cost=0.00..346232.03 rows=1550064 width=4) (actual time=2210.124..5809.844 rows=1533909 loops=1)
                    Filter: (info_type_id = 3)
                    Rows Removed by Filter: 13301811
              ->  Hash  (cost=67604.59..67604.59 rows=1540800 width=4) (actual time=1716.949..1716.949 rows=1543264 loops=1)
                    Buckets: 131072  Batches: 32  Memory Usage: 2728kB
                    ->  Seq Scan on title t  (cost=0.00..67604.59 rows=1540800 width=4) (actual time=0.040..1202.578 rows=1543264 loops=1)
                          Filter: (kind_id = 7)
                          Rows Removed by Filter: 985048
Planning time: 1.299 ms
Execution time: 12494.581 ms
