Hash Join  (cost=107047.93..474402.16 rows=269829 width=0) (actual time=2010.338..10317.394 rows=587329 loops=1)
  Hash Cond: (mi.movie_id = t.id)
  ->  Seq Scan on movie_info mi  (cost=0.00..309384.22 rows=14739122 width=4) (actual time=0.023..4430.290 rows=14835720 loops=1)
  ->  Hash  (cost=106469.30..106469.30 rows=46290 width=8) (actual time=2009.833..2009.833 rows=40229 loops=1)
        Buckets: 65536  Batches: 1  Memory Usage: 2084kB
        ->  Hash Join  (cost=69694.50..106469.30 rows=46290 width=8) (actual time=1134.062..1994.820 rows=40229 loops=1)
              Hash Cond: (mi_idx.movie_id = t.id)
              ->  Seq Scan on movie_info_idx mi_idx  (cost=0.00..25185.44 rows=919057 width=4) (actual time=0.020..505.674 rows=920110 loops=1)
                    Filter: (info_type_id > 99)
                    Rows Removed by Filter: 459925
              ->  Hash  (cost=67604.59..67604.59 rows=127353 width=4) (actual time=1133.019..1133.019 rows=128696 loops=1)
                    Buckets: 131072  Batches: 2  Memory Usage: 3284kB
                    ->  Seq Scan on title t  (cost=0.00..67604.59 rows=127353 width=4) (actual time=0.021..1082.301 rows=128696 loops=1)
                          Filter: (production_year = 2009)
                          Rows Removed by Filter: 2399616
Planning time: 1.545 ms
Execution time: 10395.373 ms
