Seq Scan on title t  (cost=0.00..73925.90 rows=491303 width=0) (actual time=0.024..1312.104 rows=352208 loops=1)
  Filter: ((kind_id > 1) AND (production_year < 1989))
  Rows Removed by Filter: 2176104
Planning time: 0.380 ms
Execution time: 1360.429 ms
