Hash Join  (cost=85692.35..478906.31 rows=870220 width=0) (actual time=1408.049..8856.077 rows=947645 loops=1)
  Hash Cond: (mi.movie_id = t.id)
  ->  Seq Scan on movie_info mi  (cost=0.00..346232.03 rows=3068194 width=4) (actual time=0.032..5730.819 rows=3036719 loops=1)
        Filter: (info_type_id = 16)
        Rows Removed by Filter: 11799001
  ->  Hash  (cost=73925.90..73925.90 rows=717156 width=4) (actual time=1407.301..1407.301 rows=620281 loops=1)
        Buckets: 131072  Batches: 16  Memory Usage: 2394kB
        ->  Seq Scan on title t  (cost=0.00..73925.90 rows=717156 width=4) (actual time=0.024..1200.949 rows=620281 loops=1)
              Filter: ((kind_id < 7) AND (production_year > 1986))
              Rows Removed by Filter: 1908031
Planning time: 0.761 ms
Execution time: 8964.378 ms
