Hash Join  (cost=70241.71..167682.64 rows=82382 width=0) (actual time=1172.671..3169.799 rows=46339 loops=1)
  Hash Cond: (mk.movie_id = t.id)
  ->  Seq Scan on movie_keyword mk  (cost=0.00..81003.12 rows=1295995 width=4) (actual time=0.026..1468.710 rows=1310465 loops=1)
        Filter: (keyword_id > 13413)
        Rows Removed by Filter: 3213465
  ->  Hash  (cost=67604.59..67604.59 rows=160730 width=4) (actual time=1168.366..1168.366 rows=160017 loops=1)
        Buckets: 131072  Batches: 4  Memory Usage: 2442kB
        ->  Seq Scan on title t  (cost=0.00..67604.59 rows=160730 width=4) (actual time=0.026..1109.764 rows=160017 loops=1)
              Filter: (production_year = 2011)
              Rows Removed by Filter: 2368295
Planning time: 0.811 ms
Execution time: 3176.430 ms
