Hash Join  (cost=202668.98..275896.73 rows=102188 width=0) (actual time=4283.899..6196.341 rows=1014670 loops=1)
  Hash Cond: (mc.movie_id = t.id)
  ->  Seq Scan on movie_companies mc  (cost=0.00..57926.93 rows=1159450 width=4) (actual time=200.384..1278.098 rows=1274246 loops=1)
        Filter: ((company_id < 101602) AND (company_type_id = 1))
        Rows Removed by Filter: 1334883
  ->  Hash  (cost=199012.33..199012.33 rows=222852 width=8) (actual time=4082.703..4082.703 rows=235890 loops=1)
        Buckets: 131072  Batches: 4  Memory Usage: 3342kB
        ->  Hash Join  (cost=102767.86..199012.33 rows=222852 width=8) (actual time=2091.847..4007.046 rows=235890 loops=1)
              Hash Cond: (mk.movie_id = t.id)
              ->  Seq Scan on movie_keyword mk  (cost=0.00..81003.12 rows=222852 width=4) (actual time=0.018..1298.253 rows=235890 loops=1)
                    Filter: (keyword_id < 196)
                    Rows Removed by Filter: 4288040
              ->  Hash  (cost=61283.27..61283.27 rows=2528527 width=4) (actual time=2090.200..2090.200 rows=2528312 loops=1)
                    Buckets: 131072  Batches: 64  Memory Usage: 2425kB
                    ->  Seq Scan on title t  (cost=0.00..61283.27 rows=2528527 width=4) (actual time=0.023..1201.755 rows=2528312 loops=1)
Planning time: 1.174 ms
Execution time: 6324.390 ms
