Hash Join  (cost=135391.94..523095.36 rows=453367 width=0) (actual time=15744.878..28014.945 rows=1790082 loops=1)
  Hash Cond: (mi.movie_id = t.id)
  ->  Seq Scan on movie_info mi  (cost=0.00..346232.03 rows=3068194 width=4) (actual time=8590.248..17942.304 rows=3036719 loops=1)
        Filter: (info_type_id = 16)
        Rows Removed by Filter: 11799001
  ->  Hash  (cost=129261.64..129261.64 rows=373624 width=8) (actual time=7153.375..7153.375 rows=601098 loops=1)
        Buckets: 131072  Batches: 8  Memory Usage: 3987kB
        ->  Hash Join  (cost=85157.92..129261.64 rows=373624 width=8) (actual time=3986.614..6886.842 rows=601098 loops=1)
              Hash Cond: (mi_idx.movie_id = t.id)
              ->  Seq Scan on movie_info_idx mi_idx  (cost=0.00..21735.35 rows=1380035 width=4) (actual time=0.029..1491.256 rows=1380035 loops=1)
              ->  Hash  (cost=73925.90..73925.90 rows=684561 width=4) (actual time=3985.353..3985.353 rows=585759 loops=1)
                    Buckets: 131072  Batches: 16  Memory Usage: 2308kB
                    ->  Seq Scan on title t  (cost=0.00..73925.90 rows=684561 width=4) (actual time=0.031..3741.817 rows=585759 loops=1)
                          Filter: ((kind_id < 7) AND (production_year > 1990))
                          Rows Removed by Filter: 1942553
Planning time: 9.147 ms
Execution time: 28268.353 ms
