Hash Join  (cost=78930.19..1214326.29 rows=9889594 width=0) (actual time=1373.102..33666.882 rows=8700901 loops=1)
  Hash Cond: (ci.movie_id = t.id)
  ->  Seq Scan on cast_info ci  (cost=0.00..614943.12 rows=36225612 width=4) (actual time=0.026..13082.624 rows=36244344 loops=1)
  ->  Hash  (cost=67604.59..67604.59 rows=690288 width=4) (actual time=1372.013..1372.013 rows=684146 loops=1)
        Buckets: 131072  Batches: 16  Memory Usage: 2525kB
        ->  Seq Scan on title t  (cost=0.00..67604.59 rows=690288 width=4) (actual time=0.020..1152.029 rows=684146 loops=1)
              Filter: (production_year < 1990)
              Rows Removed by Filter: 1844166
Planning time: 0.794 ms
Execution time: 34619.096 ms
