Seq Scan on movie_keyword mk  (cost=0.00..81003.12 rows=246 width=0) (actual time=0.725..3636.235 rows=1158 loops=1)
  Filter: (keyword_id = 3069)
  Rows Removed by Filter: 4522772
Planning time: 0.448 ms
Execution time: 3644.188 ms
