Hash Join  (cost=102767.86..205349.46 rows=1716276 width=0) (actual time=1945.013..4788.482 rows=1719629 loops=1)
  Hash Cond: (mc.movie_id = t.id)
  ->  Seq Scan on movie_companies mc  (cost=0.00..51404.11 rows=1716276 width=4) (actual time=0.014..1112.763 rows=1719629 loops=1)
        Filter: (company_id > 2740)
        Rows Removed by Filter: 889500
  ->  Hash  (cost=61283.27..61283.27 rows=2528527 width=4) (actual time=1943.460..1943.460 rows=2528312 loops=1)
        Buckets: 131072  Batches: 64  Memory Usage: 2415kB
        ->  Seq Scan on title t  (cost=0.00..61283.27 rows=2528527 width=4) (actual time=0.012..1081.068 rows=2528312 loops=1)
Planning time: 0.779 ms
Execution time: 4979.043 ms
