Hash Join  (cost=448026.41..537376.20 rows=15496 width=0) (actual time=5217.987..7137.077 rows=353440 loops=1)
  Hash Cond: (mk.movie_id = t.id)
  ->  Seq Scan on movie_keyword mk  (cost=0.00..81003.12 rows=2184453 width=4) (actual time=0.022..1469.854 rows=2184258 loops=1)
        Filter: (keyword_id < 4333)
        Rows Removed by Filter: 2339672
  ->  Hash  (cost=447802.20..447802.20 rows=17937 width=8) (actual time=5217.352..5217.352 rows=13698 loops=1)
        Buckets: 32768  Batches: 1  Memory Usage: 792kB
        ->  Nested Loop  (cost=0.43..447802.20 rows=17937 width=8) (actual time=4608.629..5210.806 rows=13698 loops=1)
              ->  Seq Scan on movie_info mi  (cost=0.00..346232.03 rows=17937 width=4) (actual time=4608.483..4955.169 rows=13698 loops=1)
                    Filter: (info_type_id = 97)
                    Rows Removed by Filter: 14822022
              ->  Index Only Scan using title_pkey on title t  (cost=0.43..5.65 rows=1 width=4) (actual time=0.018..0.018 rows=1 loops=13698)
                    Index Cond: (id = mi.movie_id)
                    Heap Fetches: 13698
Planning time: 1.261 ms
Execution time: 7183.064 ms
