Seq Scan on movie_companies mc  (cost=0.00..51404.11 rows=2395348 width=0) (actual time=0.024..1070.389 rows=2394784 loops=1)
  Filter: (company_id > 69)
  Rows Removed by Filter: 214345
Planning time: 0.372 ms
Execution time: 1371.473 ms
