Nested Loop  (cost=0.43..83072.90 rows=1 width=0) (actual time=705.045..1274.715 rows=2 loops=1)
  ->  Seq Scan on movie_keyword mk  (cost=0.00..81003.12 rows=246 width=4) (actual time=2.699..1265.622 rows=181 loops=1)
        Filter: (keyword_id = 5566)
        Rows Removed by Filter: 4523749
  ->  Index Scan using title_pkey on title t  (cost=0.43..8.40 rows=1 width=4) (actual time=0.048..0.048 rows=0 loops=181)
        Index Cond: (id = mk.movie_id)
        Filter: ((kind_id < 7) AND (production_year = 1985))
        Rows Removed by Filter: 1
Planning time: 0.717 ms
Execution time: 1274.814 ms
