Hash Join  (cost=83810.17..208979.44 rows=1017824 width=0) (actual time=1476.675..5123.082 rows=2243994 loops=1)
  Hash Cond: (mk.movie_id = t.id)
  ->  Seq Scan on movie_keyword mk  (cost=0.00..81003.12 rows=2605573 width=4) (actual time=0.024..1609.443 rows=2594864 loops=1)
        Filter: (keyword_id < 6933)
        Rows Removed by Filter: 1929066
  ->  Hash  (cost=67604.59..67604.59 rows=987727 width=4) (actual time=1475.784..1475.784 rows=985048 loops=1)
        Buckets: 131072  Batches: 16  Memory Usage: 3197kB
        ->  Seq Scan on title t  (cost=0.00..67604.59 rows=987727 width=4) (actual time=0.025..1163.123 rows=985048 loops=1)
              Filter: (kind_id < 7)
              Rows Removed by Filter: 1543264
Planning time: 0.726 ms
Execution time: 5359.694 ms
