Hash Join  (cost=69179.59..200688.72 rows=159372 width=0) (actual time=984.147..3830.525 rows=164084 loops=1)
  Hash Cond: (mk.movie_id = t.id)
  ->  Seq Scan on movie_keyword mk  (cost=0.00..81003.12 rows=4197677 width=4) (actual time=0.023..1660.484 rows=4200318 loops=1)
        Filter: (keyword_id < 50652)
        Rows Removed by Filter: 323612
  ->  Hash  (cost=67604.59..67604.59 rows=96000 width=4) (actual time=982.250..982.250 rows=95005 loops=1)
        Buckets: 131072  Batches: 2  Memory Usage: 2722kB
        ->  Seq Scan on title t  (cost=0.00..67604.59 rows=96000 width=4) (actual time=0.032..944.764 rows=95005 loops=1)
              Filter: (production_year = 2005)
              Rows Removed by Filter: 2433307
Planning time: 13.959 ms
Execution time: 3849.569 ms
