Hash Join  (cost=83074.74..447745.01 rows=1434 width=0) (actual time=1302.942..8839.053 rows=52443 loops=1)
  Hash Cond: (mi.movie_id = t.id)
  ->  Seq Scan on movie_info mi  (cost=0.00..309384.22 rows=14739122 width=4) (actual time=0.023..4736.099 rows=14835720 loops=1)
  ->  Hash  (cost=83071.67..83071.67 rows=246 width=8) (actual time=1301.075..1301.075 rows=368 loops=1)
        Buckets: 1024  Batches: 1  Memory Usage: 23kB
        ->  Nested Loop  (cost=0.43..83071.67 rows=246 width=8) (actual time=3.985..1300.702 rows=368 loops=1)
              ->  Seq Scan on movie_keyword mk  (cost=0.00..81003.12 rows=246 width=4) (actual time=1.880..1280.408 rows=368 loops=1)
                    Filter: (keyword_id = 11582)
                    Rows Removed by Filter: 4523562
              ->  Index Only Scan using title_pkey on title t  (cost=0.43..8.40 rows=1 width=4) (actual time=0.048..0.053 rows=1 loops=368)
                    Index Cond: (id = mk.movie_id)
                    Heap Fetches: 368
Planning time: 1.133 ms
Execution time: 8846.903 ms
