Seq Scan on movie_companies mc  (cost=0.00..57926.93 rows=355640 width=0) (actual time=62.772..816.472 rows=43553 loops=1)
  Filter: ((company_id > 40688) AND (company_type_id = 1))
  Rows Removed by Filter: 2565576
Planning time: 0.460 ms
Execution time: 822.748 ms
