Hash Join  (cost=709678.25..803758.20 rows=562 width=0) (actual time=12094.005..13156.351 rows=158 loops=1)
  Hash Cond: (mk.movie_id = t.id)
  ->  Seq Scan on movie_keyword mk  (cost=0.00..81003.12 rows=3485656 width=4) (actual time=0.014..1578.813 rows=3475486 loops=1)
        Filter: (keyword_id < 16936)
        Rows Removed by Filter: 1048444
  ->  Hash  (cost=709673.15..709673.15 rows=408 width=8) (actual time=11120.595..11120.595 rows=38 loops=1)
        Buckets: 1024  Batches: 1  Memory Usage: 10kB
        ->  Nested Loop  (cost=0.43..709673.15 rows=408 width=8) (actual time=9189.971..11120.563 rows=38 loops=1)
              ->  Seq Scan on cast_info ci  (cost=0.00..705507.15 rows=500 width=4) (actual time=9189.872..11119.967 rows=38 loops=1)
                    Filter: (person_id = 2145890)
                    Rows Removed by Filter: 36244306
              ->  Index Scan using title_pkey on title t  (cost=0.43..8.32 rows=1 width=4) (actual time=0.014..0.014 rows=1 loops=38)
                    Index Cond: (id = ci.movie_id)
                    Filter: (production_year < 2011)
Planning time: 1.256 ms
Execution time: 13156.505 ms
