Seq Scan on movie_companies mc  (cost=0.00..57926.93 rows=53 width=0) (actual time=594.590..919.961 rows=310 loops=1)
  Filter: ((company_type_id > 1) AND (company_id = 11662))
  Rows Removed by Filter: 2608819
Planning time: 0.297 ms
Execution time: 920.115 ms
