Hash Join  (cost=68191.41..156396.17 rows=33974 width=0) (actual time=3091.975..7671.642 rows=34405 loops=1)
  Hash Cond: (mk.movie_id = t.id)
  ->  Seq Scan on movie_keyword mk  (cost=0.00..81003.12 rows=1829837 width=4) (actual time=0.016..4145.364 rows=1835712 loops=1)
        Filter: (keyword_id > 7594)
        Rows Removed by Filter: 2688218
  ->  Hash  (cost=67604.59..67604.59 rows=46946 width=4) (actual time=3090.786..3090.786 rows=46583 loops=1)
        Buckets: 65536  Batches: 1  Memory Usage: 2150kB
        ->  Seq Scan on title t  (cost=0.00..67604.59 rows=46946 width=4) (actual time=0.082..3064.154 rows=46583 loops=1)
              Filter: (production_year = 1998)
              Rows Removed by Filter: 2481729
Planning time: 20.692 ms
Execution time: 7677.417 ms
