Hash Join  (cost=73994.33..438969.35 rows=31909 width=0) (actual time=1155.507..7712.871 rows=48721 loops=1)
  Hash Cond: (mi.movie_id = t.id)
  ->  Seq Scan on movie_info mi  (cost=0.00..309384.22 rows=14739122 width=4) (actual time=0.005..3658.329 rows=14835720 loops=1)
  ->  Hash  (cost=73925.90..73925.90 rows=5474 width=4) (actual time=1155.341..1155.341 rows=7744 loops=1)
        Buckets: 8192  Batches: 1  Memory Usage: 337kB
        ->  Seq Scan on title t  (cost=0.00..73925.90 rows=5474 width=4) (actual time=1.079..1151.276 rows=7744 loops=1)
              Filter: ((kind_id > 1) AND (production_year = 1961))
              Rows Removed by Filter: 2520568
Planning time: 0.774 ms
Execution time: 7719.634 ms
