Hash Join  (cost=148712.82..636692.98 rows=766024 width=0) (actual time=3019.547..14944.493 rows=3171901 loops=1)
  Hash Cond: (mi.movie_id = t.id)
  ->  Seq Scan on movie_info mi  (cost=0.00..309384.22 rows=14739122 width=4) (actual time=0.014..5730.575 rows=14835720 loops=1)
  ->  Hash  (cost=146556.15..146556.15 rows=131413 width=8) (actual time=3018.717..3018.717 rows=115325 loops=1)
        Buckets: 131072  Batches: 2  Memory Usage: 3277kB
        ->  Hash Join  (cost=69694.50..146556.15 rows=131413 width=8) (actual time=985.849..2955.574 rows=115325 loops=1)
              Hash Cond: (mc.movie_id = t.id)
              ->  Seq Scan on movie_companies mc  (cost=0.00..44881.29 rows=2609129 width=4) (actual time=0.016..795.234 rows=2609129 loops=1)
              ->  Hash  (cost=67604.59..67604.59 rows=127353 width=4) (actual time=985.110..985.110 rows=128696 loops=1)
                    Buckets: 131072  Batches: 2  Memory Usage: 3284kB
                    ->  Seq Scan on title t  (cost=0.00..67604.59 rows=127353 width=4) (actual time=0.028..937.198 rows=128696 loops=1)
                          Filter: (production_year = 2009)
                          Rows Removed by Filter: 2399616
Planning time: 1.265 ms
Execution time: 15335.676 ms
