Hash Join  (cost=102767.86..189658.78 rows=793107 width=0) (actual time=2274.352..3942.263 rows=579954 loops=1)
  Hash Cond: (mc.movie_id = t.id)
  ->  Seq Scan on movie_companies mc  (cost=0.00..57926.93 rows=793107 width=4) (actual time=240.469..1049.463 rows=579954 loops=1)
        Filter: ((company_id > 4616) AND (company_type_id < 2))
        Rows Removed by Filter: 2029175
  ->  Hash  (cost=61283.27..61283.27 rows=2528527 width=4) (actual time=2030.292..2030.292 rows=2528312 loops=1)
        Buckets: 131072  Batches: 64  Memory Usage: 2415kB
        ->  Seq Scan on title t  (cost=0.00..61283.27 rows=2528527 width=4) (actual time=0.021..1174.538 rows=2528312 loops=1)
Planning time: 0.776 ms
Execution time: 4011.092 ms
