Seq Scan on cast_info ci  (cost=0.00..705507.15 rows=35982992 width=0) (actual time=0.010..13042.309 rows=36040758 loops=1)
  Filter: (person_id > 23840)
  Rows Removed by Filter: 203586
Planning time: 0.281 ms
Execution time: 17286.135 ms
