Seq Scan on movie_keyword mk  (cost=0.00..81003.12 rows=662584 width=0) (actual time=0.026..1272.393 rows=668746 loops=1)
  Filter: (keyword_id > 28011)
  Rows Removed by Filter: 3855184
Planning time: 0.359 ms
Execution time: 1356.867 ms
