Seq Scan on movie_keyword mk  (cost=0.00..81003.12 rows=3669318 width=0) (actual time=0.021..1473.275 rows=3664519 loops=1)
  Filter: (keyword_id > 816)
  Rows Removed by Filter: 859411
Planning time: 0.315 ms
Execution time: 1956.212 ms
