Seq Scan on movie_companies mc  (cost=0.00..57926.93 rows=937944 width=0) (actual time=0.024..667.545 rows=1239720 loops=1)
  Filter: ((company_id < 45197) AND (company_type_id < 2))
  Rows Removed by Filter: 1369409
Planning time: 0.364 ms
Execution time: 801.686 ms
