Hash Join  (cost=521607.22..1682946.63 rows=14555757 width=0) (actual time=10877.945..42179.324 rows=16707296 loops=1)
  Hash Cond: (ci.movie_id = t.id)
  ->  Seq Scan on cast_info ci  (cost=0.00..705507.15 rows=23743938 width=4) (actual time=1199.072..14664.158 rows=23838199 loops=1)
        Filter: (person_id > 1223318)
        Rows Removed by Filter: 12406145
  ->  Hash  (cost=496176.42..496176.42 rows=1550064 width=8) (actual time=9677.832..9677.832 rows=1533909 loops=1)
        Buckets: 131072  Batches: 32  Memory Usage: 2883kB
        ->  Hash Join  (cost=102767.86..496176.42 rows=1550064 width=8) (actual time=6726.491..9266.915 rows=1533909 loops=1)
              Hash Cond: (mi.movie_id = t.id)
              ->  Seq Scan on movie_info mi  (cost=0.00..346232.03 rows=1550064 width=4) (actual time=4753.205..5445.734 rows=1533909 loops=1)
                    Filter: (info_type_id = 3)
                    Rows Removed by Filter: 13301811
              ->  Hash  (cost=61283.27..61283.27 rows=2528527 width=4) (actual time=1972.198..1972.198 rows=2528312 loops=1)
                    Buckets: 131072  Batches: 64  Memory Usage: 2425kB
                    ->  Seq Scan on title t  (cost=0.00..61283.27 rows=2528527 width=4) (actual time=0.025..1096.387 rows=2528312 loops=1)
Planning time: 1.145 ms
Execution time: 44023.588 ms
