Seq Scan on movie_keyword mk  (cost=0.00..81003.12 rows=4130211 width=0) (actual time=0.028..1561.985 rows=4134611 loops=1)
  Filter: (keyword_id < 44167)
  Rows Removed by Filter: 389319
Planning time: 0.304 ms
Execution time: 2078.940 ms
