Seq Scan on cast_info ci  (cost=0.00..796071.18 rows=11759993 width=0) (actual time=0.025..13831.199 rows=5321272 loops=1)
  Filter: ((person_id < 1785329) AND (role_id > 1))
  Rows Removed by Filter: 30923072
Planning time: 0.354 ms
Execution time: 14505.739 ms
