Hash Join  (cost=76911.69..154550.06 rows=187784 width=0) (actual time=1105.636..3120.106 rows=236838 loops=1)
  Hash Cond: (mc.movie_id = t.id)
  ->  Seq Scan on movie_companies mc  (cost=0.00..44881.29 rows=2609129 width=4) (actual time=0.024..866.193 rows=2609129 loops=1)
  ->  Hash  (cost=73925.90..73925.90 rows=181983 width=4) (actual time=1101.430..1101.430 rows=161370 loops=1)
        Buckets: 131072  Batches: 4  Memory Usage: 2449kB
        ->  Seq Scan on title t  (cost=0.00..73925.90 rows=181983 width=4) (actual time=0.023..1047.307 rows=161370 loops=1)
              Filter: ((kind_id < 4) AND (production_year > 2009))
              Rows Removed by Filter: 2366942
Planning time: 1.211 ms
Execution time: 3148.238 ms
