Seq Scan on movie_keyword mk  (cost=0.00..81003.12 rows=867610 width=0) (actual time=0.025..1359.720 rows=869017 loops=1)
  Filter: (keyword_id < 826)
  Rows Removed by Filter: 3654913
Planning time: 0.341 ms
Execution time: 1468.072 ms
