Seq Scan on movie_keyword mk  (cost=0.00..81003.12 rows=672072 width=0) (actual time=0.029..1371.826 rows=676540 loops=1)
  Filter: (keyword_id > 27692)
  Rows Removed by Filter: 3847390
Planning time: 0.295 ms
Execution time: 1458.318 ms
